<?xml version="1.0" encoding="UTF-8"?>
<TestRun id="a45fb1a9-bcbd-4323-b8af-da3714edc3bd" name="bacemi@ICSWS068 2016-08-04 09:49:17" runUser="ICORE\bacemi" xmlns="http://microsoft.com/schemas/VisualStudio/TeamTest/2010">
  <Times creation="2016-08-04T09:49:17.8150848+02:00" queuing="2016-08-04T09:49:17.8150848+02:00" start="2016-08-04T09:49:16.9707725+02:00" finish="2016-08-04T09:49:18.8429148+02:00" />
  <TestSettings name="default" id="7842c283-2203-48ed-9cf4-2e41f87d9ed8">
    <Execution>
      <TestTypeSpecific />
    </Execution>
    <Deployment runDeploymentRoot="bacemi_ICSWS068 2016-08-04 09_49_17" />
    <Properties />
  </TestSettings>
  <Results>
    <UnitTestResult executionId="2213ee10-e1d9-4d24-a102-d13d262dccd2" testId="1007556d-36ef-d305-0307-ac3fcb7603ae" testName="Send_NoMDN_ReturnsExpectedHttpResponseCode" computerName="ICSWS068" duration="00:00:00.3833097" startTime="2016-08-04T09:49:16.9707725+02:00" endTime="2016-08-04T09:49:17.6607924+02:00" testType="13cdc9d9-ddb5-4fa4-a97d-d965ccfc6d4b" outcome="Passed" testListId="8c84fa94-04c1-424b-9868-57a2d4851a1d" relativeResultsDirectory="2213ee10-e1d9-4d24-a102-d13d262dccd2">
      <Output>
        <StdOut>Debug Trace:
System.Threading.ThreadAbortException: Thread was being aborted.
   at System.Net.UnsafeNclNativeMethods.HttpApi.HttpReceiveHttpRequest(CriticalHandle requestQueueHandle, UInt64 requestId, UInt32 flags, HTTP_REQUEST* pRequestBuffer, UInt32 requestBufferLength, UInt32* pBytesReturned, NativeOverlapped* pOverlapped)
   at System.Net.HttpListener.GetContext()
   at Testing.IntgTests.Servers.HttpServer.SimpleTestHTTPServer.Listen() in F:\ETWork\Main\Testing\Assemblies\Testing.IntgTests.Servers\HttpServer\SimpleTestHTTPServer.cs:line 178</StdOut>
      </Output>
    </UnitTestResult>
    <UnitTestResult executionId="b83587b6-bc68-4aaf-802d-8ec8fc2ccbf4" testId="2bc487a8-07be-a33b-b837-fc02e81b9cdd" testName="Send_UrlNotFound_ReturnsExpectedHttpResponseCode" computerName="ICSWS068" duration="00:00:00.0082540" startTime="2016-08-04T09:49:17.6642950+02:00" endTime="2016-08-04T09:49:17.6743230+02:00" testType="13cdc9d9-ddb5-4fa4-a97d-d965ccfc6d4b" outcome="Passed" testListId="8c84fa94-04c1-424b-9868-57a2d4851a1d" relativeResultsDirectory="b83587b6-bc68-4aaf-802d-8ec8fc2ccbf4" />
    <UnitTestResult executionId="dfc728f4-5d4a-4504-a71f-f63d580daede" testId="5bc6179b-a285-c163-1be6-587028f60c30" testName="Send_MDNIsExpectedButNotReturned_ReturnsExpectedHttpResponseCode" computerName="ICSWS068" duration="00:00:00.0085549" startTime="2016-08-04T09:49:17.6778250+02:00" endTime="2016-08-04T09:49:17.6878488+02:00" testType="13cdc9d9-ddb5-4fa4-a97d-d965ccfc6d4b" outcome="Passed" testListId="8c84fa94-04c1-424b-9868-57a2d4851a1d" relativeResultsDirectory="dfc728f4-5d4a-4504-a71f-f63d580daede" />
    <UnitTestResult executionId="f7ff7267-84d2-4b0c-9825-c1e80caa32d9" testId="ecfdbd1b-b458-9021-d693-4c23781da162" testName="Send_UrlArgIsNull_Throws" computerName="ICSWS068" duration="00:00:00.0054330" startTime="2016-08-04T09:49:17.6917373+02:00" endTime="2016-08-04T09:49:17.6982572+02:00" testType="13cdc9d9-ddb5-4fa4-a97d-d965ccfc6d4b" outcome="Passed" testListId="8c84fa94-04c1-424b-9868-57a2d4851a1d" relativeResultsDirectory="f7ff7267-84d2-4b0c-9825-c1e80caa32d9" />
    <UnitTestResult executionId="2b9d331d-b743-4f12-bc14-e3d715b5bd54" testId="9e8102ee-0af6-6381-1471-73724e3d76fc" testName="Send_UrlArgIsEmpty_Throws" computerName="ICSWS068" duration="00:00:00.0053045" startTime="2016-08-04T09:49:17.7015586+02:00" endTime="2016-08-04T09:49:17.7085626+02:00" testType="13cdc9d9-ddb5-4fa4-a97d-d965ccfc6d4b" outcome="Passed" testListId="8c84fa94-04c1-424b-9868-57a2d4851a1d" relativeResultsDirectory="2b9d331d-b743-4f12-bc14-e3d715b5bd54" />
    <UnitTestResult executionId="ec8daa4a-094a-4bef-8874-cdaa0bc5d37e" testId="a702798b-623b-b359-1385-df051eba416f" testName="Send_MessageArgIsNull_Throws" computerName="ICSWS068" duration="00:00:00.0010715" startTime="2016-08-04T09:49:17.7115646+02:00" endTime="2016-08-04T09:49:17.7135675+02:00" testType="13cdc9d9-ddb5-4fa4-a97d-d965ccfc6d4b" outcome="Passed" testListId="8c84fa94-04c1-424b-9868-57a2d4851a1d" relativeResultsDirectory="ec8daa4a-094a-4bef-8874-cdaa0bc5d37e" />
    <UnitTestResult executionId="c0f3bea9-0ac0-4248-aee2-3b12c1fe00d5" testId="f0c6f059-848c-523f-ea3d-054851dffde5" testName="Send_MDNIsReturned_ReturnsExpectedHttpResponseCode" computerName="ICSWS068" duration="00:00:00.0356985" startTime="2016-08-04T09:49:17.7160692+02:00" endTime="2016-08-04T09:49:17.7535439+02:00" testType="13cdc9d9-ddb5-4fa4-a97d-d965ccfc6d4b" outcome="Passed" testListId="8c84fa94-04c1-424b-9868-57a2d4851a1d" relativeResultsDirectory="c0f3bea9-0ac0-4248-aee2-3b12c1fe00d5" />
    <UnitTestResult executionId="bf1ae231-009f-464e-9dde-5111d013f240" testId="d4d7afdc-a995-e295-0e9e-cb3d636ebefe" testName="Send_OutputMessageReturned_ReturnsNonEmptyStream" computerName="ICSWS068" duration="00:00:00.0112448" startTime="2016-08-04T09:49:17.7560453+02:00" endTime="2016-08-04T09:49:17.7686583+02:00" testType="13cdc9d9-ddb5-4fa4-a97d-d965ccfc6d4b" outcome="Passed" testListId="8c84fa94-04c1-424b-9868-57a2d4851a1d" relativeResultsDirectory="bf1ae231-009f-464e-9dde-5111d013f240" />
    <UnitTestResult executionId="4ad83595-04bb-48b8-8b1b-6eb18bc7abfc" testId="96e7b401-3590-17e6-0661-51a3287854b9" testName="Send_ObjectIsDisposed_Throws" computerName="ICSWS068" duration="00:00:00.0050990" startTime="2016-08-04T09:49:17.7716597+02:00" endTime="2016-08-04T09:49:17.7786667+02:00" testType="13cdc9d9-ddb5-4fa4-a97d-d965ccfc6d4b" outcome="Passed" testListId="8c84fa94-04c1-424b-9868-57a2d4851a1d" relativeResultsDirectory="4ad83595-04bb-48b8-8b1b-6eb18bc7abfc" />
    <UnitTestResult executionId="881b6ce4-dd58-4e96-8840-66e17d1191e9" testId="49b5b1c0-4491-4002-0838-18d02a44c602" testName="SendMDN_UrlNotFound_ReturnsExpectedHttpResponseCode" computerName="ICSWS068" duration="00:00:00.0206490" startTime="2016-08-04T09:49:17.7811719+02:00" endTime="2016-08-04T09:49:17.8035744+02:00" testType="13cdc9d9-ddb5-4fa4-a97d-d965ccfc6d4b" outcome="Passed" testListId="8c84fa94-04c1-424b-9868-57a2d4851a1d" relativeResultsDirectory="881b6ce4-dd58-4e96-8840-66e17d1191e9" />
    <UnitTestResult executionId="90acaaf4-0161-4ba2-bcd7-a39d8225cdad" testId="152fc2ec-4897-5430-d0ee-d3b15d57b5ed" testName="SendMDN_UrlArgIsNull_Throws" computerName="ICSWS068" duration="00:00:00.0029509" startTime="2016-08-04T09:49:17.8065764+02:00" endTime="2016-08-04T09:49:17.8115819+02:00" testType="13cdc9d9-ddb5-4fa4-a97d-d965ccfc6d4b" outcome="Passed" testListId="8c84fa94-04c1-424b-9868-57a2d4851a1d" relativeResultsDirectory="90acaaf4-0161-4ba2-bcd7-a39d8225cdad" />
    <UnitTestResult executionId="18b669bf-aef3-4498-8c14-f2e00c5d57de" testId="012b650b-d0f0-4171-ee8b-210978bb455c" testName="SendMDN_UrlArgIsEmpty_Throws" computerName="ICSWS068" duration="00:00:00.0023430" startTime="2016-08-04T09:49:17.8140839+02:00" endTime="2016-08-04T09:49:17.8176038+02:00" testType="13cdc9d9-ddb5-4fa4-a97d-d965ccfc6d4b" outcome="Passed" testListId="8c84fa94-04c1-424b-9868-57a2d4851a1d" relativeResultsDirectory="18b669bf-aef3-4498-8c14-f2e00c5d57de" />
    <UnitTestResult executionId="f09f13d6-c6dd-45a6-829d-968e57f88192" testId="f7d5ca35-429f-a9c3-320d-ade6fab51023" testName="SendMDN_MDNArgIsNull_Throws" computerName="ICSWS068" duration="00:00:00.0010442" startTime="2016-08-04T09:49:17.8208920+02:00" endTime="2016-08-04T09:49:17.8228955+02:00" testType="13cdc9d9-ddb5-4fa4-a97d-d965ccfc6d4b" outcome="Passed" testListId="8c84fa94-04c1-424b-9868-57a2d4851a1d" relativeResultsDirectory="f09f13d6-c6dd-45a6-829d-968e57f88192" />
    <UnitTestResult executionId="64bec280-9933-4903-ad05-41ad9b0f60b3" testId="e65b2004-1bc6-c668-33b2-754c5e9fc662" testName="SendMDN_ObjectIsDisposed_Throws" computerName="ICSWS068" duration="00:00:00.0018284" startTime="2016-08-04T09:49:17.8258981+02:00" endTime="2016-08-04T09:49:17.8294007+02:00" testType="13cdc9d9-ddb5-4fa4-a97d-d965ccfc6d4b" outcome="Passed" testListId="8c84fa94-04c1-424b-9868-57a2d4851a1d" relativeResultsDirectory="64bec280-9933-4903-ad05-41ad9b0f60b3" />
    <UnitTestResult executionId="f198395e-ec1c-402b-9526-755dd33a8cfa" testId="cd62facd-4336-d881-c0d1-f2b66d781dfe" testName="SendMDN_ValidMdn_ReturnsExpectedHttpResponseCode" computerName="ICSWS068" duration="00:00:00.0029638" startTime="2016-08-04T09:49:17.8329027+02:00" endTime="2016-08-04T09:49:17.8379076+02:00" testType="13cdc9d9-ddb5-4fa4-a97d-d965ccfc6d4b" outcome="Passed" testListId="8c84fa94-04c1-424b-9868-57a2d4851a1d" relativeResultsDirectory="f198395e-ec1c-402b-9526-755dd33a8cfa" />
    <UnitTestResult executionId="484736a2-5979-4488-9736-e07f4c483ac8" testId="1630c94b-b7ce-0eda-7163-399630eb8dd3" testName="CompressionEnabled_NothingSet_DefaultsToFalse" computerName="ICSWS068" duration="00:00:00.0008454" startTime="2016-08-04T09:49:17.8414275+02:00" endTime="2016-08-04T09:49:17.8439309+02:00" testType="13cdc9d9-ddb5-4fa4-a97d-d965ccfc6d4b" outcome="Passed" testListId="8c84fa94-04c1-424b-9868-57a2d4851a1d" relativeResultsDirectory="484736a2-5979-4488-9736-e07f4c483ac8" />
    <UnitTestResult executionId="3f051645-ffc9-4921-9a0b-6438b90bb6bf" testId="c4593f9d-d2bd-d4ad-e7cc-647468f8d215" testName="CompressionEncoding_NothingSet_DefaultsToBinary" computerName="ICSWS068" duration="00:00:00.0005659" startTime="2016-08-04T09:49:17.8459482+02:00" endTime="2016-08-04T09:49:17.8484326+02:00" testType="13cdc9d9-ddb5-4fa4-a97d-d965ccfc6d4b" outcome="Passed" testListId="8c84fa94-04c1-424b-9868-57a2d4851a1d" relativeResultsDirectory="3f051645-ffc9-4921-9a0b-6438b90bb6bf" />
    <UnitTestResult executionId="1597f55a-cfcb-4833-8193-74ce594dcf0c" testId="d54ee68c-7edd-21e3-2189-d41e99cbee17" testName="CompressionLevel_NothingSet_DefaultsTo6" computerName="ICSWS068" duration="00:00:00.0002058" startTime="2016-08-04T09:49:17.8514346+02:00" endTime="2016-08-04T09:49:17.8534361+02:00" testType="13cdc9d9-ddb5-4fa4-a97d-d965ccfc6d4b" outcome="Passed" testListId="8c84fa94-04c1-424b-9868-57a2d4851a1d" relativeResultsDirectory="1597f55a-cfcb-4833-8193-74ce594dcf0c" />
    <UnitTestResult executionId="dd9877c4-bc69-426d-aee5-2cfbfa98c5df" testId="efd5a301-9b5d-f91f-3a13-2e8ac18a311c" testName="Charset_NothingSet_DefaultsToUTF8" computerName="ICSWS068" duration="00:00:00.0001947" startTime="2016-08-04T09:49:17.8569386+02:00" endTime="2016-08-04T09:49:17.8589415+02:00" testType="13cdc9d9-ddb5-4fa4-a97d-d965ccfc6d4b" outcome="Passed" testListId="8c84fa94-04c1-424b-9868-57a2d4851a1d" relativeResultsDirectory="dd9877c4-bc69-426d-aee5-2cfbfa98c5df" />
    <UnitTestResult executionId="bd6f9349-c6d9-4632-b21f-8cf7e28e9825" testId="b50a4669-2311-d725-c6df-44ed1e5a3dc8" testName="HeaderEncoding_NothingSet_DefaultsToAuto" computerName="ICSWS068" duration="00:00:00.0005979" startTime="2016-08-04T09:49:17.8619424+02:00" endTime="2016-08-04T09:49:17.8639435+02:00" testType="13cdc9d9-ddb5-4fa4-a97d-d965ccfc6d4b" outcome="Passed" testListId="8c84fa94-04c1-424b-9868-57a2d4851a1d" relativeResultsDirectory="bd6f9349-c6d9-4632-b21f-8cf7e28e9825" />
    <UnitTestResult executionId="84e82145-aff7-4aa4-85ab-4f3edc538ba4" testId="1822d723-7a3e-c854-a7d7-2774a7488346" testName="EncryptionEnabled_NothingSet_DefaultsToFalse" computerName="ICSWS068" duration="00:00:00.0001680" startTime="2016-08-04T09:49:17.8679467+02:00" endTime="2016-08-04T09:49:17.8694663+02:00" testType="13cdc9d9-ddb5-4fa4-a97d-d965ccfc6d4b" outcome="Passed" testListId="8c84fa94-04c1-424b-9868-57a2d4851a1d" relativeResultsDirectory="84e82145-aff7-4aa4-85ab-4f3edc538ba4" />
    <UnitTestResult executionId="c1e97eca-254f-4014-8243-4cf294a01c03" testId="76874e48-c274-429e-548e-6bd4ddeea6ba" testName="EncryptionAlgorithm_NothingSet_DefaultsToFalse" computerName="ICSWS068" duration="00:00:00.0006037" startTime="2016-08-04T09:49:17.8719698+02:00" endTime="2016-08-04T09:49:17.8734706+02:00" testType="13cdc9d9-ddb5-4fa4-a97d-d965ccfc6d4b" outcome="Passed" testListId="8c84fa94-04c1-424b-9868-57a2d4851a1d" relativeResultsDirectory="c1e97eca-254f-4014-8243-4cf294a01c03" />
    <UnitTestResult executionId="1d1d8611-5a92-49ba-b2c0-ddcf7219d5c8" testId="c6446c43-ddd9-ed92-1626-71ca98acd1a2" testName="EncryptionKeySize_NothingSet_DefaultsTo192" computerName="ICSWS068" duration="00:00:00.0001730" startTime="2016-08-04T09:49:17.8764747+02:00" endTime="2016-08-04T09:49:17.8779896+02:00" testType="13cdc9d9-ddb5-4fa4-a97d-d965ccfc6d4b" outcome="Passed" testListId="8c84fa94-04c1-424b-9868-57a2d4851a1d" relativeResultsDirectory="1d1d8611-5a92-49ba-b2c0-ddcf7219d5c8" />
    <UnitTestResult executionId="ac1c2fed-1c14-477a-ba9f-0426e108c01c" testId="02130b37-25c6-8b4d-acfc-1a5196f8c67a" testName="EncryptionEncoding_NothingSet_DefaultsToBinary" computerName="ICSWS068" duration="00:00:00.0006205" startTime="2016-08-04T09:49:17.8804769+02:00" endTime="2016-08-04T09:49:17.8824927+02:00" testType="13cdc9d9-ddb5-4fa4-a97d-d965ccfc6d4b" outcome="Passed" testListId="8c84fa94-04c1-424b-9868-57a2d4851a1d" relativeResultsDirectory="ac1c2fed-1c14-477a-ba9f-0426e108c01c" />
    <UnitTestResult executionId="4f0c70cc-8dc4-48c9-9d9f-7ed36ba45c68" testId="fadad2de-7eec-daa9-69db-f20462e10430" testName="MDNEnabled_NothingSet_DefaultsToFalse" computerName="ICSWS068" duration="00:00:00.0001680" startTime="2016-08-04T09:49:17.8854792+02:00" endTime="2016-08-04T09:49:17.8869804+02:00" testType="13cdc9d9-ddb5-4fa4-a97d-d965ccfc6d4b" outcome="Passed" testListId="8c84fa94-04c1-424b-9868-57a2d4851a1d" relativeResultsDirectory="4f0c70cc-8dc4-48c9-9d9f-7ed36ba45c68" />
    <UnitTestResult executionId="9a9efd5a-a41d-4150-9ae5-406dc1b0233c" testId="5a95b1f7-6607-3f6b-ca46-33d5395ba4ae" testName="MDNDigestAlgorithm_NothingSet_DefaultsToSHA1" computerName="ICSWS068" duration="00:00:00.0006492" startTime="2016-08-04T09:49:17.8889833+02:00" endTime="2016-08-04T09:49:17.8913140+02:00" testType="13cdc9d9-ddb5-4fa4-a97d-d965ccfc6d4b" outcome="Passed" testListId="8c84fa94-04c1-424b-9868-57a2d4851a1d" relativeResultsDirectory="9a9efd5a-a41d-4150-9ae5-406dc1b0233c" />
    <UnitTestResult executionId="327a5f7e-e0cf-4a41-a901-8ee14be478ec" testId="f13d0f88-c2a2-2bbc-8171-847fd05d1115" testName="MDNAsyncronous_NothingSet_DefaultsToFalse" computerName="ICSWS068" duration="00:00:00.0001387" startTime="2016-08-04T09:49:17.8938319+02:00" endTime="2016-08-04T09:49:17.8953324+02:00" testType="13cdc9d9-ddb5-4fa4-a97d-d965ccfc6d4b" outcome="Passed" testListId="8c84fa94-04c1-424b-9868-57a2d4851a1d" relativeResultsDirectory="327a5f7e-e0cf-4a41-a901-8ee14be478ec" />
    <UnitTestResult executionId="f56c543d-14e8-4b04-8789-bc9e5884a9b0" testId="ee8fd7c4-67e0-3007-040e-4f062e130612" testName="MDNSigned_NothingSet_DefaultsToFalse" computerName="ICSWS068" duration="00:00:00.0001618" startTime="2016-08-04T09:49:17.8973330+02:00" endTime="2016-08-04T09:49:17.8988183+02:00" testType="13cdc9d9-ddb5-4fa4-a97d-d965ccfc6d4b" outcome="Passed" testListId="8c84fa94-04c1-424b-9868-57a2d4851a1d" relativeResultsDirectory="f56c543d-14e8-4b04-8789-bc9e5884a9b0" />
    <UnitTestResult executionId="9b232092-a43a-46ee-b35b-4ca78b1020a3" testId="1df9f895-f835-10a8-2a79-b7347badfdb6" testName="MDNDigestAlgorithmRequired_NothingSet_DefaultsToFalse" computerName="ICSWS068" duration="00:00:00.0001630" startTime="2016-08-04T09:49:17.9018200+02:00" endTime="2016-08-04T09:49:17.9033217+02:00" testType="13cdc9d9-ddb5-4fa4-a97d-d965ccfc6d4b" outcome="Passed" testListId="8c84fa94-04c1-424b-9868-57a2d4851a1d" relativeResultsDirectory="9b232092-a43a-46ee-b35b-4ca78b1020a3" />
    <UnitTestResult executionId="dcda2d74-2cc0-467e-920e-b22693dc0da7" testId="b2c4404b-0083-5cc3-17d8-76fad8a5a888" testName="MDNDigestAlgortihmOnly_NothingSet_DefaultsToFalse" computerName="ICSWS068" duration="00:00:00.0001304" startTime="2016-08-04T09:49:17.9058243+02:00" endTime="2016-08-04T09:49:17.9068255+02:00" testType="13cdc9d9-ddb5-4fa4-a97d-d965ccfc6d4b" outcome="Passed" testListId="8c84fa94-04c1-424b-9868-57a2d4851a1d" relativeResultsDirectory="dcda2d74-2cc0-467e-920e-b22693dc0da7" />
    <UnitTestResult executionId="24d67931-5729-44ec-9a4c-ac6af0598869" testId="b1ce4951-b22b-3a82-a5bd-c9af58746fe4" testName="MDNSignatureProtocolRequired_NothingSet_DefaultsToFalse" computerName="ICSWS068" duration="00:00:00.0001381" startTime="2016-08-04T09:49:17.9088424+02:00" endTime="2016-08-04T09:49:17.9102946+02:00" testType="13cdc9d9-ddb5-4fa4-a97d-d965ccfc6d4b" outcome="Passed" testListId="8c84fa94-04c1-424b-9868-57a2d4851a1d" relativeResultsDirectory="24d67931-5729-44ec-9a4c-ac6af0598869" />
    <UnitTestResult executionId="801213a0-88d2-47e1-b395-75ffabc98408" testId="bddd4dd4-e1a0-fd8e-657e-26b2931732ad" testName="MDNSignatureProtocol_NothingSet_DefaultsToPKCS7" computerName="ICSWS068" duration="00:00:00.0006413" startTime="2016-08-04T09:49:17.9123136+02:00" endTime="2016-08-04T09:49:17.9143148+02:00" testType="13cdc9d9-ddb5-4fa4-a97d-d965ccfc6d4b" outcome="Passed" testListId="8c84fa94-04c1-424b-9868-57a2d4851a1d" relativeResultsDirectory="801213a0-88d2-47e1-b395-75ffabc98408" />
    <UnitTestResult executionId="360d6977-d9fa-41d6-9499-74a21eb88880" testId="4b4d93dc-08bd-a551-86dd-866604681b68" testName="SigningEnabled_NothingSet_DefaultsToFalse" computerName="ICSWS068" duration="00:00:00.0001580" startTime="2016-08-04T09:49:17.9168010+02:00" endTime="2016-08-04T09:49:17.9178182+02:00" testType="13cdc9d9-ddb5-4fa4-a97d-d965ccfc6d4b" outcome="Passed" testListId="8c84fa94-04c1-424b-9868-57a2d4851a1d" relativeResultsDirectory="360d6977-d9fa-41d6-9499-74a21eb88880" />
    <UnitTestResult executionId="4bd007a4-b1fa-439b-8ce7-74cc74b19551" testId="3d3f5e7b-d8e6-7891-8e84-642002cbc840" testName="SigningDigestAlgorithm_NothingSet_DefaultsToSHA1" computerName="ICSWS068" duration="00:00:00.0001724" startTime="2016-08-04T09:49:17.9208088+02:00" endTime="2016-08-04T09:49:17.9223264+02:00" testType="13cdc9d9-ddb5-4fa4-a97d-d965ccfc6d4b" outcome="Passed" testListId="8c84fa94-04c1-424b-9868-57a2d4851a1d" relativeResultsDirectory="4bd007a4-b1fa-439b-8ce7-74cc74b19551" />
    <UnitTestResult executionId="43ec9186-8fc6-41ca-afe3-4dc8ab43e8db" testId="bc10fcf2-5a95-a6f0-5403-6d4b8b0377b2" testName="SigningEncoding_NothingSet_DefaultsToBinary" computerName="ICSWS068" duration="00:00:00.0005923" startTime="2016-08-04T09:49:17.9243117+02:00" endTime="2016-08-04T09:49:17.9263272+02:00" testType="13cdc9d9-ddb5-4fa4-a97d-d965ccfc6d4b" outcome="Passed" testListId="8c84fa94-04c1-424b-9868-57a2d4851a1d" relativeResultsDirectory="43ec9186-8fc6-41ca-afe3-4dc8ab43e8db" />
    <UnitTestResult executionId="0dcae106-f24d-40d0-b719-0a0274f303e1" testId="f80f48f4-4ea1-2bfb-8655-5e42a22612ee" testName="SigningIncludeCertificateChain_NothingSet_DefaultsToFalse" computerName="ICSWS068" duration="00:00:00.0001489" startTime="2016-08-04T09:49:17.9283131+02:00" endTime="2016-08-04T09:49:17.9298339+02:00" testType="13cdc9d9-ddb5-4fa4-a97d-d965ccfc6d4b" outcome="Passed" testListId="8c84fa94-04c1-424b-9868-57a2d4851a1d" relativeResultsDirectory="0dcae106-f24d-40d0-b719-0a0274f303e1" />
    <UnitTestResult executionId="67f3a2cf-30cf-44b6-999d-c8cb3a46a6df" testId="0a583153-d829-a2fd-4e92-394a679f393c" testName="Constructor_MDNRequest_PopulatedFromConfig" computerName="ICSWS068" duration="00:00:00.0004369" startTime="2016-08-04T09:49:17.9323186+02:00" endTime="2016-08-04T09:49:17.9373229+02:00" testType="13cdc9d9-ddb5-4fa4-a97d-d965ccfc6d4b" outcome="Passed" testListId="8c84fa94-04c1-424b-9868-57a2d4851a1d" relativeResultsDirectory="67f3a2cf-30cf-44b6-999d-c8cb3a46a6df" />
    <UnitTestResult executionId="b61a0556-b34b-4031-9213-1d2d3a3acbd7" testId="f73080f5-0db2-b907-4313-6efbaba51061" testName="Save_SignedMessage_ExpectedOutputProduced" computerName="ICSWS068" duration="00:00:00.2342511" startTime="2016-08-04T09:49:17.9408290+02:00" endTime="2016-08-04T09:49:18.1759828+02:00" testType="13cdc9d9-ddb5-4fa4-a97d-d965ccfc6d4b" outcome="Passed" testListId="8c84fa94-04c1-424b-9868-57a2d4851a1d" relativeResultsDirectory="b61a0556-b34b-4031-9213-1d2d3a3acbd7" />
    <UnitTestResult executionId="3ad55c44-94ac-43b0-8c10-b3d1a8688945" testId="bfd2796b-8ba6-17c0-4d70-84854e664cbd" testName="Save_Encrypted_ExpectedOutputProduced" computerName="ICSWS068" duration="00:00:00.1234284" startTime="2016-08-04T09:49:18.1784845+02:00" endTime="2016-08-04T09:49:18.3029114+02:00" testType="13cdc9d9-ddb5-4fa4-a97d-d965ccfc6d4b" outcome="Passed" testListId="8c84fa94-04c1-424b-9868-57a2d4851a1d" relativeResultsDirectory="3ad55c44-94ac-43b0-8c10-b3d1a8688945" />
    <UnitTestResult executionId="97bd1034-c4dd-4155-8f1c-b0ce0aea4b09" testId="e418d59b-6af3-edd1-559e-87523d8d08b9" testName="Save_SignedEncryptedAndRequestingMDN_ExpectedOutputProduced" computerName="ICSWS068" duration="00:00:00.0539219" startTime="2016-08-04T09:49:18.3059152+02:00" endTime="2016-08-04T09:49:18.3610591+02:00" testType="13cdc9d9-ddb5-4fa4-a97d-d965ccfc6d4b" outcome="Passed" testListId="8c84fa94-04c1-424b-9868-57a2d4851a1d" relativeResultsDirectory="97bd1034-c4dd-4155-8f1c-b0ce0aea4b09" />
    <UnitTestResult executionId="2e0ee720-acb4-42c2-98ea-fa6b3f63757c" testId="b30d9440-6440-5ad6-f91a-26ad3dbc6048" testName="Errors_NewMessage_IsEmpty" computerName="ICSWS068" duration="00:00:00.0008284" startTime="2016-08-04T09:49:18.3635617+02:00" endTime="2016-08-04T09:49:18.3660778+02:00" testType="13cdc9d9-ddb5-4fa4-a97d-d965ccfc6d4b" outcome="Passed" testListId="8c84fa94-04c1-424b-9868-57a2d4851a1d" relativeResultsDirectory="2e0ee720-acb4-42c2-98ea-fa6b3f63757c" />
    <UnitTestResult executionId="54d87906-d703-41aa-ac5e-41787440fade" testId="d2eb1e12-3e21-3833-b68c-1e5e9ea2561f" testName="Errors_LoadedMessageWithNoAS2From_OneErrorExpected" computerName="ICSWS068" duration="00:00:00.0080898" startTime="2016-08-04T09:49:18.3690651+02:00" endTime="2016-08-04T09:49:18.3785916+02:00" testType="13cdc9d9-ddb5-4fa4-a97d-d965ccfc6d4b" outcome="Passed" testListId="8c84fa94-04c1-424b-9868-57a2d4851a1d" relativeResultsDirectory="54d87906-d703-41aa-ac5e-41787440fade" />
    <UnitTestResult executionId="bd78d1ff-53e5-44eb-bd35-f19781a9561c" testId="a09e2e7b-0264-3e9e-5d81-78f594dfbd34" testName="Load_ValidMDN_PropertiesPopulated" computerName="ICSWS068" duration="00:00:00.0068778" startTime="2016-08-04T09:49:18.3810919+02:00" endTime="2016-08-04T09:49:18.3926002+02:00" testType="13cdc9d9-ddb5-4fa4-a97d-d965ccfc6d4b" outcome="Passed" testListId="8c84fa94-04c1-424b-9868-57a2d4851a1d" relativeResultsDirectory="bd78d1ff-53e5-44eb-bd35-f19781a9561c" />
    <UnitTestResult executionId="5381a0aa-3d52-48f5-94b3-3603da263a45" testId="32b6011f-ee84-1026-3add-58a6dcb66b09" testName="Load_ValidMDNWithError_PropertiesPopulated" computerName="ICSWS068" duration="00:00:00.0020354" startTime="2016-08-04T09:49:18.3951028+02:00" endTime="2016-08-04T09:49:18.3981318+02:00" testType="13cdc9d9-ddb5-4fa4-a97d-d965ccfc6d4b" outcome="Passed" testListId="8c84fa94-04c1-424b-9868-57a2d4851a1d" relativeResultsDirectory="5381a0aa-3d52-48f5-94b3-3603da263a45" />
    <UnitTestResult executionId="aaab6cf1-1d9f-4f7b-87b2-d7c2c341d625" testId="d78a0737-2b35-f959-c89b-353d3b942302" testName="Load_ValidMDNWithCertificateAndCertificateNotAddedToSut_DoesNotThrow" computerName="ICSWS068" duration="00:00:00.0253231" startTime="2016-08-04T09:49:18.4006355+02:00" endTime="2016-08-04T09:49:18.4277149+02:00" testType="13cdc9d9-ddb5-4fa4-a97d-d965ccfc6d4b" outcome="Passed" testListId="8c84fa94-04c1-424b-9868-57a2d4851a1d" relativeResultsDirectory="aaab6cf1-1d9f-4f7b-87b2-d7c2c341d625" />
    <UnitTestResult executionId="139d6477-dc65-4847-9d80-ddba70aa3116" testId="110ce167-6ba0-120b-331f-c8fbf5448f60" testName="Load_MDNSignedNoCertProvided_IsSignatureVerifiedIsFalse" computerName="ICSWS068" duration="00:00:00.0024629" startTime="2016-08-04T09:49:18.4302004+02:00" endTime="2016-08-04T09:49:18.4342183+02:00" testType="13cdc9d9-ddb5-4fa4-a97d-d965ccfc6d4b" outcome="Passed" testListId="8c84fa94-04c1-424b-9868-57a2d4851a1d" relativeResultsDirectory="139d6477-dc65-4847-9d80-ddba70aa3116" />
    <UnitTestResult executionId="e5453b5e-ab62-40e0-8fae-6c57274103c6" testId="73050b1b-586d-55e7-16b1-7666f6586c8a" testName="Load_MDNSignedWrongCertProvided_IsSignatureVerifiedIsFalse" computerName="ICSWS068" duration="00:00:00.0143166" startTime="2016-08-04T09:49:18.4367041+02:00" endTime="2016-08-04T09:49:18.4522226+02:00" testType="13cdc9d9-ddb5-4fa4-a97d-d965ccfc6d4b" outcome="Passed" testListId="8c84fa94-04c1-424b-9868-57a2d4851a1d" relativeResultsDirectory="e5453b5e-ab62-40e0-8fae-6c57274103c6" />
    <UnitTestResult executionId="4be25c5a-7ebd-4c0e-8135-dc9cfde3009d" testId="5c72dcdf-fb30-341c-0ce7-843de0037b88" testName="Load_MDNSignedCorrectCertIncluded_IsSignatureVerifiedIsTrue" computerName="ICSWS068" duration="00:00:00.0087695" startTime="2016-08-04T09:49:18.4547411+02:00" endTime="2016-08-04T09:49:18.4647491+02:00" testType="13cdc9d9-ddb5-4fa4-a97d-d965ccfc6d4b" outcome="Passed" testListId="8c84fa94-04c1-424b-9868-57a2d4851a1d" relativeResultsDirectory="4be25c5a-7ebd-4c0e-8135-dc9cfde3009d" />
    <UnitTestResult executionId="b4a0b55a-e080-408b-9b15-414df2f4dd20" testId="79f5ea01-d9dd-49b6-4ca8-6acd5aa7f433" testName="Load_MDNSignedCorrectCertProvided_IsSignatureVerifiedIsTrue" computerName="ICSWS068" duration="00:00:00.0036515" startTime="2016-08-04T09:49:18.4682370+02:00" endTime="2016-08-04T09:49:18.4731068+02:00" testType="13cdc9d9-ddb5-4fa4-a97d-d965ccfc6d4b" outcome="Passed" testListId="8c84fa94-04c1-424b-9868-57a2d4851a1d" relativeResultsDirectory="b4a0b55a-e080-408b-9b15-414df2f4dd20" />
    <UnitTestResult executionId="3cbfa2d1-8cb4-450f-a169-6e8fbda5776b" testId="d942c94e-0a7b-e10f-96cf-fc57098c3d9f" testName="Save_ValidMDN_FileContentContainsExpectedValues" computerName="ICSWS068" duration="00:00:00.0105023" startTime="2016-08-04T09:49:18.4756076+02:00" endTime="2016-08-04T09:49:18.4876003+02:00" testType="13cdc9d9-ddb5-4fa4-a97d-d965ccfc6d4b" outcome="Passed" testListId="8c84fa94-04c1-424b-9868-57a2d4851a1d" relativeResultsDirectory="3cbfa2d1-8cb4-450f-a169-6e8fbda5776b" />
    <UnitTestResult executionId="b6a731bb-adcc-41dc-9f46-7b51c5fe0e13" testId="c721494b-97da-cabd-e8a3-d8afdb534ec5" testName="Save_ValidMDNWithSigning_FileContentContainsExpectedValues" computerName="ICSWS068" duration="00:00:00.0274418" startTime="2016-08-04T09:49:18.4896018+02:00" endTime="2016-08-04T09:49:18.5183620+02:00" testType="13cdc9d9-ddb5-4fa4-a97d-d965ccfc6d4b" outcome="Passed" testListId="8c84fa94-04c1-424b-9868-57a2d4851a1d" relativeResultsDirectory="b6a731bb-adcc-41dc-9f46-7b51c5fe0e13" />
    <UnitTestResult executionId="b47873bc-a7f3-49f2-92c8-13953b6d09f3" testId="4d94eec7-e84f-cd9d-dc6d-d1d65e05e031" testName="LoadAS2Message_UnencryptedMessageWithNoSignatureValidArgs_ReturnValueIsNotNull" computerName="ICSWS068" duration="00:00:00.0066444" startTime="2016-08-04T09:49:18.5208678+02:00" endTime="2016-08-04T09:49:18.5324128+02:00" testType="13cdc9d9-ddb5-4fa4-a97d-d965ccfc6d4b" outcome="Passed" testListId="8c84fa94-04c1-424b-9868-57a2d4851a1d" relativeResultsDirectory="b47873bc-a7f3-49f2-92c8-13953b6d09f3" />
    <UnitTestResult executionId="285fb7b6-a4c5-4e23-abd8-b7548b7bd468" testId="d3afcb52-d232-ff30-9a5c-5299422eec1f" testName="LoadAS2Message_SourceIsEmpty_ReturnValueIsNotNull" computerName="ICSWS068" duration="00:00:00.0030189" startTime="2016-08-04T09:49:18.5348975+02:00" endTime="2016-08-04T09:49:18.5394171+02:00" testType="13cdc9d9-ddb5-4fa4-a97d-d965ccfc6d4b" outcome="Passed" testListId="8c84fa94-04c1-424b-9868-57a2d4851a1d" relativeResultsDirectory="285fb7b6-a4c5-4e23-abd8-b7548b7bd468" />
    <UnitTestResult executionId="52e116cd-8922-4a8f-8108-7e0201d5de87" testId="a2e8082a-4a9e-3780-0a14-8219b03100ef" testName="LoadAS2Message_SourceIsEmpty_ReturnValueHasErrors" computerName="ICSWS068" duration="00:00:00.0028706" startTime="2016-08-04T09:49:18.5422859+02:00" endTime="2016-08-04T09:49:18.5463043+02:00" testType="13cdc9d9-ddb5-4fa4-a97d-d965ccfc6d4b" outcome="Passed" testListId="8c84fa94-04c1-424b-9868-57a2d4851a1d" relativeResultsDirectory="52e116cd-8922-4a8f-8108-7e0201d5de87" />
    <UnitTestResult executionId="a37ae75b-f6ff-42b3-af1c-c37edfea0ebe" testId="44fe9ca7-2300-7ced-6896-60b152aa9b46" testName="LoadAS2Message_SourceIsEmpty_ReturnValueHasErrorsOfTypeError" computerName="ICSWS068" duration="00:00:00.0032820" startTime="2016-08-04T09:49:18.5487914+02:00" endTime="2016-08-04T09:49:18.5532939+02:00" testType="13cdc9d9-ddb5-4fa4-a97d-d965ccfc6d4b" outcome="Passed" testListId="8c84fa94-04c1-424b-9868-57a2d4851a1d" relativeResultsDirectory="a37ae75b-f6ff-42b3-af1c-c37edfea0ebe" />
    <UnitTestResult executionId="766708dd-04b2-4800-8d09-6183575e9d1a" testId="28f31692-b416-3b44-2aa7-293d7d7c4eeb" testName="LoadAS2Message_SourceIsEmpty_ReturnValueHasErrorsOfTypeWarning" computerName="ICSWS068" duration="00:00:00.0029961" startTime="2016-08-04T09:49:18.5558121+02:00" endTime="2016-08-04T09:49:18.5593147+02:00" testType="13cdc9d9-ddb5-4fa4-a97d-d965ccfc6d4b" outcome="Passed" testListId="8c84fa94-04c1-424b-9868-57a2d4851a1d" relativeResultsDirectory="766708dd-04b2-4800-8d09-6183575e9d1a" />
    <UnitTestResult executionId="f22c7b5b-bed9-4421-8bef-f830f59eaa14" testId="fa7ab5d4-a786-d406-53f7-485971a89fbd" testName="LoadAS2Message_SourceIsEmpty_ReturnValueHasNoErrorsOfTypeFailure" computerName="ICSWS068" duration="00:00:00.0039872" startTime="2016-08-04T09:49:18.5626375+02:00" endTime="2016-08-04T09:49:18.5681397+02:00" testType="13cdc9d9-ddb5-4fa4-a97d-d965ccfc6d4b" outcome="Passed" testListId="8c84fa94-04c1-424b-9868-57a2d4851a1d" relativeResultsDirectory="f22c7b5b-bed9-4421-8bef-f830f59eaa14" />
    <UnitTestResult executionId="1f5ed6e7-c7c0-47a0-9b39-33c66d06e4c7" testId="b73acaa3-b9c0-8aa8-fcf0-a4f3ad929cfe" testName="LoadAS2Message_EncryptedMessageNoCertificate_ReturnValueHasErrorsOfTypeError" computerName="ICSWS068" duration="00:00:00.0060849" startTime="2016-08-04T09:49:18.5708743+02:00" endTime="2016-08-04T09:49:18.5783821+02:00" testType="13cdc9d9-ddb5-4fa4-a97d-d965ccfc6d4b" outcome="Passed" testListId="8c84fa94-04c1-424b-9868-57a2d4851a1d" relativeResultsDirectory="1f5ed6e7-c7c0-47a0-9b39-33c66d06e4c7" />
    <UnitTestResult executionId="545136b5-15bf-44ab-9e89-06de9a8e8157" testId="5bfba165-8d2c-3613-aa55-46392540e69c" testName="LoadAS2Message_SignedMessageNoCertificate_ReturnValueHasErrorsOfTypeError" computerName="ICSWS068" duration="00:00:00.0049796" startTime="2016-08-04T09:49:18.5808850+02:00" endTime="2016-08-04T09:49:18.5873893+02:00" testType="13cdc9d9-ddb5-4fa4-a97d-d965ccfc6d4b" outcome="Passed" testListId="8c84fa94-04c1-424b-9868-57a2d4851a1d" relativeResultsDirectory="545136b5-15bf-44ab-9e89-06de9a8e8157" />
    <UnitTestResult executionId="b7b14d65-7248-4894-b686-8f264c84d59e" testId="61b6b6b5-7f2a-2054-276e-3d4f433dce49" testName="LoadAS2Message_EncryptedMessageCertificate_ReturnValueHasNoErrors" computerName="ICSWS068" duration="00:00:00.0278448" startTime="2016-08-04T09:49:18.5898913+02:00" endTime="2016-08-04T09:49:18.6193216+02:00" testType="13cdc9d9-ddb5-4fa4-a97d-d965ccfc6d4b" outcome="Passed" testListId="8c84fa94-04c1-424b-9868-57a2d4851a1d" relativeResultsDirectory="b7b14d65-7248-4894-b686-8f264c84d59e" />
    <UnitTestResult executionId="c90d599e-5f7e-4660-859e-8b2e8a31e6e6" testId="f280a115-0ea0-dfad-a70b-10725ef470aa" testName="LoadAS2Message_SignedMessageCertificate_ReturnValueHasNoErrors" computerName="ICSWS068" duration="00:00:00.0127920" startTime="2016-08-04T09:49:18.6233441+02:00" endTime="2016-08-04T09:49:18.6373453+02:00" testType="13cdc9d9-ddb5-4fa4-a97d-d965ccfc6d4b" outcome="Passed" testListId="8c84fa94-04c1-424b-9868-57a2d4851a1d" relativeResultsDirectory="c90d599e-5f7e-4660-859e-8b2e8a31e6e6" />
    <UnitTestResult executionId="749c0b06-d7e2-499d-be9d-077d2bfecd92" testId="3db263e9-1841-a92d-3834-55830f31849f" testName="LoadAS2Message_SignedMessageWithEmbeddedCertificate_ReturnValueHasNoErrors" computerName="ICSWS068" duration="00:00:00.0056690" startTime="2016-08-04T09:49:18.6398467+02:00" endTime="2016-08-04T09:49:18.6472812+02:00" testType="13cdc9d9-ddb5-4fa4-a97d-d965ccfc6d4b" outcome="Passed" testListId="8c84fa94-04c1-424b-9868-57a2d4851a1d" relativeResultsDirectory="749c0b06-d7e2-499d-be9d-077d2bfecd92" />
    <UnitTestResult executionId="7893cdee-9eb7-4cc1-96db-43ed4bcbce1c" testId="447e871a-287a-0a22-b17c-bd7f16f08143" testName="CreateAS2Signature_NoInput_NotNull" computerName="ICSWS068" duration="00:00:00.0002214" startTime="2016-08-04T09:49:18.6497841+02:00" endTime="2016-08-04T09:49:18.6512858+02:00" testType="13cdc9d9-ddb5-4fa4-a97d-d965ccfc6d4b" outcome="Passed" testListId="8c84fa94-04c1-424b-9868-57a2d4851a1d" relativeResultsDirectory="7893cdee-9eb7-4cc1-96db-43ed4bcbce1c" />
  </Results>
  <TestDefinitions>
    <UnitTest name="Send_NoMDN_ReturnsExpectedHttpResponseCode" storage="f:\etwork\bin\tests\intgtests.icore.runtime.as2.dll" id="1007556d-36ef-d305-0307-ac3fcb7603ae">
      <TestCategory>
        <TestCategoryItem TestCategory="AS2" />
      </TestCategory>
      <Execution id="2213ee10-e1d9-4d24-a102-d13d262dccd2" />
      <TestMethod codeBase="F:\ETWork\bin\Tests\IntgTests.iCore.Runtime.AS2.dll" adapterTypeName="Microsoft.VisualStudio.TestTools.TestTypes.Unit.UnitTestAdapter" className="IntgTests.iCore.Runtime.AS2.AS2ClientTests" name="Send_NoMDN_ReturnsExpectedHttpResponseCode" />
    </UnitTest>
    <UnitTest name="Send_UrlNotFound_ReturnsExpectedHttpResponseCode" storage="f:\etwork\bin\tests\intgtests.icore.runtime.as2.dll" id="2bc487a8-07be-a33b-b837-fc02e81b9cdd">
      <TestCategory>
        <TestCategoryItem TestCategory="AS2" />
      </TestCategory>
      <Execution id="b83587b6-bc68-4aaf-802d-8ec8fc2ccbf4" />
      <TestMethod codeBase="F:\ETWork\bin\Tests\IntgTests.iCore.Runtime.AS2.dll" adapterTypeName="Microsoft.VisualStudio.TestTools.TestTypes.Unit.UnitTestAdapter" className="IntgTests.iCore.Runtime.AS2.AS2ClientTests" name="Send_UrlNotFound_ReturnsExpectedHttpResponseCode" />
    </UnitTest>
    <UnitTest name="Send_MDNIsExpectedButNotReturned_ReturnsExpectedHttpResponseCode" storage="f:\etwork\bin\tests\intgtests.icore.runtime.as2.dll" id="5bc6179b-a285-c163-1be6-587028f60c30">
      <TestCategory>
        <TestCategoryItem TestCategory="AS2" />
      </TestCategory>
      <Execution id="dfc728f4-5d4a-4504-a71f-f63d580daede" />
      <TestMethod codeBase="F:\ETWork\bin\Tests\IntgTests.iCore.Runtime.AS2.dll" adapterTypeName="Microsoft.VisualStudio.TestTools.TestTypes.Unit.UnitTestAdapter" className="IntgTests.iCore.Runtime.AS2.AS2ClientTests" name="Send_MDNIsExpectedButNotReturned_ReturnsExpectedHttpResponseCode" />
    </UnitTest>
    <UnitTest name="Send_UrlArgIsNull_Throws" storage="f:\etwork\bin\tests\intgtests.icore.runtime.as2.dll" id="ecfdbd1b-b458-9021-d693-4c23781da162">
      <TestCategory>
        <TestCategoryItem TestCategory="AS2" />
      </TestCategory>
      <Execution id="f7ff7267-84d2-4b0c-9825-c1e80caa32d9" />
      <TestMethod codeBase="F:\ETWork\bin\Tests\IntgTests.iCore.Runtime.AS2.dll" adapterTypeName="Microsoft.VisualStudio.TestTools.TestTypes.Unit.UnitTestAdapter" className="IntgTests.iCore.Runtime.AS2.AS2ClientTests" name="Send_UrlArgIsNull_Throws" />
    </UnitTest>
    <UnitTest name="Send_UrlArgIsEmpty_Throws" storage="f:\etwork\bin\tests\intgtests.icore.runtime.as2.dll" id="9e8102ee-0af6-6381-1471-73724e3d76fc">
      <TestCategory>
        <TestCategoryItem TestCategory="AS2" />
      </TestCategory>
      <Execution id="2b9d331d-b743-4f12-bc14-e3d715b5bd54" />
      <TestMethod codeBase="F:\ETWork\bin\Tests\IntgTests.iCore.Runtime.AS2.dll" adapterTypeName="Microsoft.VisualStudio.TestTools.TestTypes.Unit.UnitTestAdapter" className="IntgTests.iCore.Runtime.AS2.AS2ClientTests" name="Send_UrlArgIsEmpty_Throws" />
    </UnitTest>
    <UnitTest name="Send_MessageArgIsNull_Throws" storage="f:\etwork\bin\tests\intgtests.icore.runtime.as2.dll" id="a702798b-623b-b359-1385-df051eba416f">
      <TestCategory>
        <TestCategoryItem TestCategory="AS2" />
      </TestCategory>
      <Execution id="ec8daa4a-094a-4bef-8874-cdaa0bc5d37e" />
      <TestMethod codeBase="F:\ETWork\bin\Tests\IntgTests.iCore.Runtime.AS2.dll" adapterTypeName="Microsoft.VisualStudio.TestTools.TestTypes.Unit.UnitTestAdapter" className="IntgTests.iCore.Runtime.AS2.AS2ClientTests" name="Send_MessageArgIsNull_Throws" />
    </UnitTest>
    <UnitTest name="Send_MDNIsReturned_ReturnsExpectedHttpResponseCode" storage="f:\etwork\bin\tests\intgtests.icore.runtime.as2.dll" id="f0c6f059-848c-523f-ea3d-054851dffde5">
      <TestCategory>
        <TestCategoryItem TestCategory="AS2" />
      </TestCategory>
      <Execution id="c0f3bea9-0ac0-4248-aee2-3b12c1fe00d5" />
      <TestMethod codeBase="F:\ETWork\bin\Tests\IntgTests.iCore.Runtime.AS2.dll" adapterTypeName="Microsoft.VisualStudio.TestTools.TestTypes.Unit.UnitTestAdapter" className="IntgTests.iCore.Runtime.AS2.AS2ClientTests" name="Send_MDNIsReturned_ReturnsExpectedHttpResponseCode" />
    </UnitTest>
    <UnitTest name="Send_OutputMessageReturned_ReturnsNonEmptyStream" storage="f:\etwork\bin\tests\intgtests.icore.runtime.as2.dll" id="d4d7afdc-a995-e295-0e9e-cb3d636ebefe">
      <TestCategory>
        <TestCategoryItem TestCategory="AS2" />
      </TestCategory>
      <Execution id="bf1ae231-009f-464e-9dde-5111d013f240" />
      <TestMethod codeBase="F:\ETWork\bin\Tests\IntgTests.iCore.Runtime.AS2.dll" adapterTypeName="Microsoft.VisualStudio.TestTools.TestTypes.Unit.UnitTestAdapter" className="IntgTests.iCore.Runtime.AS2.AS2ClientTests" name="Send_OutputMessageReturned_ReturnsNonEmptyStream" />
    </UnitTest>
    <UnitTest name="Send_ObjectIsDisposed_Throws" storage="f:\etwork\bin\tests\intgtests.icore.runtime.as2.dll" id="96e7b401-3590-17e6-0661-51a3287854b9">
      <TestCategory>
        <TestCategoryItem TestCategory="AS2" />
      </TestCategory>
      <Execution id="4ad83595-04bb-48b8-8b1b-6eb18bc7abfc" />
      <TestMethod codeBase="F:\ETWork\bin\Tests\IntgTests.iCore.Runtime.AS2.dll" adapterTypeName="Microsoft.VisualStudio.TestTools.TestTypes.Unit.UnitTestAdapter" className="IntgTests.iCore.Runtime.AS2.AS2ClientTests" name="Send_ObjectIsDisposed_Throws" />
    </UnitTest>
    <UnitTest name="SendMDN_UrlNotFound_ReturnsExpectedHttpResponseCode" storage="f:\etwork\bin\tests\intgtests.icore.runtime.as2.dll" id="49b5b1c0-4491-4002-0838-18d02a44c602">
      <TestCategory>
        <TestCategoryItem TestCategory="AS2" />
      </TestCategory>
      <Execution id="881b6ce4-dd58-4e96-8840-66e17d1191e9" />
      <TestMethod codeBase="F:\ETWork\bin\Tests\IntgTests.iCore.Runtime.AS2.dll" adapterTypeName="Microsoft.VisualStudio.TestTools.TestTypes.Unit.UnitTestAdapter" className="IntgTests.iCore.Runtime.AS2.AS2ClientTests" name="SendMDN_UrlNotFound_ReturnsExpectedHttpResponseCode" />
    </UnitTest>
    <UnitTest name="SendMDN_UrlArgIsNull_Throws" storage="f:\etwork\bin\tests\intgtests.icore.runtime.as2.dll" id="152fc2ec-4897-5430-d0ee-d3b15d57b5ed">
      <TestCategory>
        <TestCategoryItem TestCategory="AS2" />
      </TestCategory>
      <Execution id="90acaaf4-0161-4ba2-bcd7-a39d8225cdad" />
      <TestMethod codeBase="F:\ETWork\bin\Tests\IntgTests.iCore.Runtime.AS2.dll" adapterTypeName="Microsoft.VisualStudio.TestTools.TestTypes.Unit.UnitTestAdapter" className="IntgTests.iCore.Runtime.AS2.AS2ClientTests" name="SendMDN_UrlArgIsNull_Throws" />
    </UnitTest>
    <UnitTest name="SendMDN_UrlArgIsEmpty_Throws" storage="f:\etwork\bin\tests\intgtests.icore.runtime.as2.dll" id="012b650b-d0f0-4171-ee8b-210978bb455c">
      <TestCategory>
        <TestCategoryItem TestCategory="AS2" />
      </TestCategory>
      <Execution id="18b669bf-aef3-4498-8c14-f2e00c5d57de" />
      <TestMethod codeBase="F:\ETWork\bin\Tests\IntgTests.iCore.Runtime.AS2.dll" adapterTypeName="Microsoft.VisualStudio.TestTools.TestTypes.Unit.UnitTestAdapter" className="IntgTests.iCore.Runtime.AS2.AS2ClientTests" name="SendMDN_UrlArgIsEmpty_Throws" />
    </UnitTest>
    <UnitTest name="SendMDN_MDNArgIsNull_Throws" storage="f:\etwork\bin\tests\intgtests.icore.runtime.as2.dll" id="f7d5ca35-429f-a9c3-320d-ade6fab51023">
      <TestCategory>
        <TestCategoryItem TestCategory="AS2" />
      </TestCategory>
      <Execution id="f09f13d6-c6dd-45a6-829d-968e57f88192" />
      <TestMethod codeBase="F:\ETWork\bin\Tests\IntgTests.iCore.Runtime.AS2.dll" adapterTypeName="Microsoft.VisualStudio.TestTools.TestTypes.Unit.UnitTestAdapter" className="IntgTests.iCore.Runtime.AS2.AS2ClientTests" name="SendMDN_MDNArgIsNull_Throws" />
    </UnitTest>
    <UnitTest name="SendMDN_ObjectIsDisposed_Throws" storage="f:\etwork\bin\tests\intgtests.icore.runtime.as2.dll" id="e65b2004-1bc6-c668-33b2-754c5e9fc662">
      <TestCategory>
        <TestCategoryItem TestCategory="AS2" />
      </TestCategory>
      <Execution id="64bec280-9933-4903-ad05-41ad9b0f60b3" />
      <TestMethod codeBase="F:\ETWork\bin\Tests\IntgTests.iCore.Runtime.AS2.dll" adapterTypeName="Microsoft.VisualStudio.TestTools.TestTypes.Unit.UnitTestAdapter" className="IntgTests.iCore.Runtime.AS2.AS2ClientTests" name="SendMDN_ObjectIsDisposed_Throws" />
    </UnitTest>
    <UnitTest name="SendMDN_ValidMdn_ReturnsExpectedHttpResponseCode" storage="f:\etwork\bin\tests\intgtests.icore.runtime.as2.dll" id="cd62facd-4336-d881-c0d1-f2b66d781dfe">
      <TestCategory>
        <TestCategoryItem TestCategory="AS2" />
      </TestCategory>
      <Execution id="f198395e-ec1c-402b-9526-755dd33a8cfa" />
      <TestMethod codeBase="F:\ETWork\bin\Tests\IntgTests.iCore.Runtime.AS2.dll" adapterTypeName="Microsoft.VisualStudio.TestTools.TestTypes.Unit.UnitTestAdapter" className="IntgTests.iCore.Runtime.AS2.AS2ClientTests" name="SendMDN_ValidMdn_ReturnsExpectedHttpResponseCode" />
    </UnitTest>
    <UnitTest name="CompressionEnabled_NothingSet_DefaultsToFalse" storage="f:\etwork\bin\tests\intgtests.icore.runtime.as2.dll" id="1630c94b-b7ce-0eda-7163-399630eb8dd3">
      <TestCategory>
        <TestCategoryItem TestCategory="AS2" />
      </TestCategory>
      <Execution id="484736a2-5979-4488-9736-e07f4c483ac8" />
      <TestMethod codeBase="F:\ETWork\bin\Tests\IntgTests.iCore.Runtime.AS2.dll" adapterTypeName="Microsoft.VisualStudio.TestTools.TestTypes.Unit.UnitTestAdapter" className="IntgTests.iCore.Runtime.AS2.AS2MessageConfigurationTests" name="CompressionEnabled_NothingSet_DefaultsToFalse" />
    </UnitTest>
    <UnitTest name="CompressionEncoding_NothingSet_DefaultsToBinary" storage="f:\etwork\bin\tests\intgtests.icore.runtime.as2.dll" id="c4593f9d-d2bd-d4ad-e7cc-647468f8d215">
      <TestCategory>
        <TestCategoryItem TestCategory="AS2" />
      </TestCategory>
      <Execution id="3f051645-ffc9-4921-9a0b-6438b90bb6bf" />
      <TestMethod codeBase="F:\ETWork\bin\Tests\IntgTests.iCore.Runtime.AS2.dll" adapterTypeName="Microsoft.VisualStudio.TestTools.TestTypes.Unit.UnitTestAdapter" className="IntgTests.iCore.Runtime.AS2.AS2MessageConfigurationTests" name="CompressionEncoding_NothingSet_DefaultsToBinary" />
    </UnitTest>
    <UnitTest name="CompressionLevel_NothingSet_DefaultsTo6" storage="f:\etwork\bin\tests\intgtests.icore.runtime.as2.dll" id="d54ee68c-7edd-21e3-2189-d41e99cbee17">
      <TestCategory>
        <TestCategoryItem TestCategory="AS2" />
      </TestCategory>
      <Execution id="1597f55a-cfcb-4833-8193-74ce594dcf0c" />
      <TestMethod codeBase="F:\ETWork\bin\Tests\IntgTests.iCore.Runtime.AS2.dll" adapterTypeName="Microsoft.VisualStudio.TestTools.TestTypes.Unit.UnitTestAdapter" className="IntgTests.iCore.Runtime.AS2.AS2MessageConfigurationTests" name="CompressionLevel_NothingSet_DefaultsTo6" />
    </UnitTest>
    <UnitTest name="Charset_NothingSet_DefaultsToUTF8" storage="f:\etwork\bin\tests\intgtests.icore.runtime.as2.dll" id="efd5a301-9b5d-f91f-3a13-2e8ac18a311c">
      <TestCategory>
        <TestCategoryItem TestCategory="AS2" />
      </TestCategory>
      <Execution id="dd9877c4-bc69-426d-aee5-2cfbfa98c5df" />
      <TestMethod codeBase="F:\ETWork\bin\Tests\IntgTests.iCore.Runtime.AS2.dll" adapterTypeName="Microsoft.VisualStudio.TestTools.TestTypes.Unit.UnitTestAdapter" className="IntgTests.iCore.Runtime.AS2.AS2MessageConfigurationTests" name="Charset_NothingSet_DefaultsToUTF8" />
    </UnitTest>
    <UnitTest name="HeaderEncoding_NothingSet_DefaultsToAuto" storage="f:\etwork\bin\tests\intgtests.icore.runtime.as2.dll" id="b50a4669-2311-d725-c6df-44ed1e5a3dc8">
      <TestCategory>
        <TestCategoryItem TestCategory="AS2" />
      </TestCategory>
      <Execution id="bd6f9349-c6d9-4632-b21f-8cf7e28e9825" />
      <TestMethod codeBase="F:\ETWork\bin\Tests\IntgTests.iCore.Runtime.AS2.dll" adapterTypeName="Microsoft.VisualStudio.TestTools.TestTypes.Unit.UnitTestAdapter" className="IntgTests.iCore.Runtime.AS2.AS2MessageConfigurationTests" name="HeaderEncoding_NothingSet_DefaultsToAuto" />
    </UnitTest>
    <UnitTest name="EncryptionEnabled_NothingSet_DefaultsToFalse" storage="f:\etwork\bin\tests\intgtests.icore.runtime.as2.dll" id="1822d723-7a3e-c854-a7d7-2774a7488346">
      <TestCategory>
        <TestCategoryItem TestCategory="AS2" />
      </TestCategory>
      <Execution id="84e82145-aff7-4aa4-85ab-4f3edc538ba4" />
      <TestMethod codeBase="F:\ETWork\bin\Tests\IntgTests.iCore.Runtime.AS2.dll" adapterTypeName="Microsoft.VisualStudio.TestTools.TestTypes.Unit.UnitTestAdapter" className="IntgTests.iCore.Runtime.AS2.AS2MessageConfigurationTests" name="EncryptionEnabled_NothingSet_DefaultsToFalse" />
    </UnitTest>
    <UnitTest name="EncryptionAlgorithm_NothingSet_DefaultsToFalse" storage="f:\etwork\bin\tests\intgtests.icore.runtime.as2.dll" id="76874e48-c274-429e-548e-6bd4ddeea6ba">
      <TestCategory>
        <TestCategoryItem TestCategory="AS2" />
      </TestCategory>
      <Execution id="c1e97eca-254f-4014-8243-4cf294a01c03" />
      <TestMethod codeBase="F:\ETWork\bin\Tests\IntgTests.iCore.Runtime.AS2.dll" adapterTypeName="Microsoft.VisualStudio.TestTools.TestTypes.Unit.UnitTestAdapter" className="IntgTests.iCore.Runtime.AS2.AS2MessageConfigurationTests" name="EncryptionAlgorithm_NothingSet_DefaultsToFalse" />
    </UnitTest>
    <UnitTest name="EncryptionKeySize_NothingSet_DefaultsTo192" storage="f:\etwork\bin\tests\intgtests.icore.runtime.as2.dll" id="c6446c43-ddd9-ed92-1626-71ca98acd1a2">
      <TestCategory>
        <TestCategoryItem TestCategory="AS2" />
      </TestCategory>
      <Execution id="1d1d8611-5a92-49ba-b2c0-ddcf7219d5c8" />
      <TestMethod codeBase="F:\ETWork\bin\Tests\IntgTests.iCore.Runtime.AS2.dll" adapterTypeName="Microsoft.VisualStudio.TestTools.TestTypes.Unit.UnitTestAdapter" className="IntgTests.iCore.Runtime.AS2.AS2MessageConfigurationTests" name="EncryptionKeySize_NothingSet_DefaultsTo192" />
    </UnitTest>
    <UnitTest name="EncryptionEncoding_NothingSet_DefaultsToBinary" storage="f:\etwork\bin\tests\intgtests.icore.runtime.as2.dll" id="02130b37-25c6-8b4d-acfc-1a5196f8c67a">
      <TestCategory>
        <TestCategoryItem TestCategory="AS2" />
      </TestCategory>
      <Execution id="ac1c2fed-1c14-477a-ba9f-0426e108c01c" />
      <TestMethod codeBase="F:\ETWork\bin\Tests\IntgTests.iCore.Runtime.AS2.dll" adapterTypeName="Microsoft.VisualStudio.TestTools.TestTypes.Unit.UnitTestAdapter" className="IntgTests.iCore.Runtime.AS2.AS2MessageConfigurationTests" name="EncryptionEncoding_NothingSet_DefaultsToBinary" />
    </UnitTest>
    <UnitTest name="MDNEnabled_NothingSet_DefaultsToFalse" storage="f:\etwork\bin\tests\intgtests.icore.runtime.as2.dll" id="fadad2de-7eec-daa9-69db-f20462e10430">
      <TestCategory>
        <TestCategoryItem TestCategory="AS2" />
      </TestCategory>
      <Execution id="4f0c70cc-8dc4-48c9-9d9f-7ed36ba45c68" />
      <TestMethod codeBase="F:\ETWork\bin\Tests\IntgTests.iCore.Runtime.AS2.dll" adapterTypeName="Microsoft.VisualStudio.TestTools.TestTypes.Unit.UnitTestAdapter" className="IntgTests.iCore.Runtime.AS2.AS2MessageConfigurationTests" name="MDNEnabled_NothingSet_DefaultsToFalse" />
    </UnitTest>
    <UnitTest name="MDNDigestAlgorithm_NothingSet_DefaultsToSHA1" storage="f:\etwork\bin\tests\intgtests.icore.runtime.as2.dll" id="5a95b1f7-6607-3f6b-ca46-33d5395ba4ae">
      <TestCategory>
        <TestCategoryItem TestCategory="AS2" />
      </TestCategory>
      <Execution id="9a9efd5a-a41d-4150-9ae5-406dc1b0233c" />
      <TestMethod codeBase="F:\ETWork\bin\Tests\IntgTests.iCore.Runtime.AS2.dll" adapterTypeName="Microsoft.VisualStudio.TestTools.TestTypes.Unit.UnitTestAdapter" className="IntgTests.iCore.Runtime.AS2.AS2MessageConfigurationTests" name="MDNDigestAlgorithm_NothingSet_DefaultsToSHA1" />
    </UnitTest>
    <UnitTest name="MDNAsyncronous_NothingSet_DefaultsToFalse" storage="f:\etwork\bin\tests\intgtests.icore.runtime.as2.dll" id="f13d0f88-c2a2-2bbc-8171-847fd05d1115">
      <TestCategory>
        <TestCategoryItem TestCategory="AS2" />
      </TestCategory>
      <Execution id="327a5f7e-e0cf-4a41-a901-8ee14be478ec" />
      <TestMethod codeBase="F:\ETWork\bin\Tests\IntgTests.iCore.Runtime.AS2.dll" adapterTypeName="Microsoft.VisualStudio.TestTools.TestTypes.Unit.UnitTestAdapter" className="IntgTests.iCore.Runtime.AS2.AS2MessageConfigurationTests" name="MDNAsyncronous_NothingSet_DefaultsToFalse" />
    </UnitTest>
    <UnitTest name="MDNSigned_NothingSet_DefaultsToFalse" storage="f:\etwork\bin\tests\intgtests.icore.runtime.as2.dll" id="ee8fd7c4-67e0-3007-040e-4f062e130612">
      <TestCategory>
        <TestCategoryItem TestCategory="AS2" />
      </TestCategory>
      <Execution id="f56c543d-14e8-4b04-8789-bc9e5884a9b0" />
      <TestMethod codeBase="F:\ETWork\bin\Tests\IntgTests.iCore.Runtime.AS2.dll" adapterTypeName="Microsoft.VisualStudio.TestTools.TestTypes.Unit.UnitTestAdapter" className="IntgTests.iCore.Runtime.AS2.AS2MessageConfigurationTests" name="MDNSigned_NothingSet_DefaultsToFalse" />
    </UnitTest>
    <UnitTest name="MDNDigestAlgorithmRequired_NothingSet_DefaultsToFalse" storage="f:\etwork\bin\tests\intgtests.icore.runtime.as2.dll" id="1df9f895-f835-10a8-2a79-b7347badfdb6">
      <TestCategory>
        <TestCategoryItem TestCategory="AS2" />
      </TestCategory>
      <Execution id="9b232092-a43a-46ee-b35b-4ca78b1020a3" />
      <TestMethod codeBase="F:\ETWork\bin\Tests\IntgTests.iCore.Runtime.AS2.dll" adapterTypeName="Microsoft.VisualStudio.TestTools.TestTypes.Unit.UnitTestAdapter" className="IntgTests.iCore.Runtime.AS2.AS2MessageConfigurationTests" name="MDNDigestAlgorithmRequired_NothingSet_DefaultsToFalse" />
    </UnitTest>
    <UnitTest name="MDNDigestAlgortihmOnly_NothingSet_DefaultsToFalse" storage="f:\etwork\bin\tests\intgtests.icore.runtime.as2.dll" id="b2c4404b-0083-5cc3-17d8-76fad8a5a888">
      <TestCategory>
        <TestCategoryItem TestCategory="AS2" />
      </TestCategory>
      <Execution id="dcda2d74-2cc0-467e-920e-b22693dc0da7" />
      <TestMethod codeBase="F:\ETWork\bin\Tests\IntgTests.iCore.Runtime.AS2.dll" adapterTypeName="Microsoft.VisualStudio.TestTools.TestTypes.Unit.UnitTestAdapter" className="IntgTests.iCore.Runtime.AS2.AS2MessageConfigurationTests" name="MDNDigestAlgortihmOnly_NothingSet_DefaultsToFalse" />
    </UnitTest>
    <UnitTest name="MDNSignatureProtocolRequired_NothingSet_DefaultsToFalse" storage="f:\etwork\bin\tests\intgtests.icore.runtime.as2.dll" id="b1ce4951-b22b-3a82-a5bd-c9af58746fe4">
      <TestCategory>
        <TestCategoryItem TestCategory="AS2" />
      </TestCategory>
      <Execution id="24d67931-5729-44ec-9a4c-ac6af0598869" />
      <TestMethod codeBase="F:\ETWork\bin\Tests\IntgTests.iCore.Runtime.AS2.dll" adapterTypeName="Microsoft.VisualStudio.TestTools.TestTypes.Unit.UnitTestAdapter" className="IntgTests.iCore.Runtime.AS2.AS2MessageConfigurationTests" name="MDNSignatureProtocolRequired_NothingSet_DefaultsToFalse" />
    </UnitTest>
    <UnitTest name="MDNSignatureProtocol_NothingSet_DefaultsToPKCS7" storage="f:\etwork\bin\tests\intgtests.icore.runtime.as2.dll" id="bddd4dd4-e1a0-fd8e-657e-26b2931732ad">
      <TestCategory>
        <TestCategoryItem TestCategory="AS2" />
      </TestCategory>
      <Execution id="801213a0-88d2-47e1-b395-75ffabc98408" />
      <TestMethod codeBase="F:\ETWork\bin\Tests\IntgTests.iCore.Runtime.AS2.dll" adapterTypeName="Microsoft.VisualStudio.TestTools.TestTypes.Unit.UnitTestAdapter" className="IntgTests.iCore.Runtime.AS2.AS2MessageConfigurationTests" name="MDNSignatureProtocol_NothingSet_DefaultsToPKCS7" />
    </UnitTest>
    <UnitTest name="SigningEnabled_NothingSet_DefaultsToFalse" storage="f:\etwork\bin\tests\intgtests.icore.runtime.as2.dll" id="4b4d93dc-08bd-a551-86dd-866604681b68">
      <TestCategory>
        <TestCategoryItem TestCategory="AS2" />
      </TestCategory>
      <Execution id="360d6977-d9fa-41d6-9499-74a21eb88880" />
      <TestMethod codeBase="F:\ETWork\bin\Tests\IntgTests.iCore.Runtime.AS2.dll" adapterTypeName="Microsoft.VisualStudio.TestTools.TestTypes.Unit.UnitTestAdapter" className="IntgTests.iCore.Runtime.AS2.AS2MessageConfigurationTests" name="SigningEnabled_NothingSet_DefaultsToFalse" />
    </UnitTest>
    <UnitTest name="SigningDigestAlgorithm_NothingSet_DefaultsToSHA1" storage="f:\etwork\bin\tests\intgtests.icore.runtime.as2.dll" id="3d3f5e7b-d8e6-7891-8e84-642002cbc840">
      <TestCategory>
        <TestCategoryItem TestCategory="AS2" />
      </TestCategory>
      <Execution id="4bd007a4-b1fa-439b-8ce7-74cc74b19551" />
      <TestMethod codeBase="F:\ETWork\bin\Tests\IntgTests.iCore.Runtime.AS2.dll" adapterTypeName="Microsoft.VisualStudio.TestTools.TestTypes.Unit.UnitTestAdapter" className="IntgTests.iCore.Runtime.AS2.AS2MessageConfigurationTests" name="SigningDigestAlgorithm_NothingSet_DefaultsToSHA1" />
    </UnitTest>
    <UnitTest name="SigningEncoding_NothingSet_DefaultsToBinary" storage="f:\etwork\bin\tests\intgtests.icore.runtime.as2.dll" id="bc10fcf2-5a95-a6f0-5403-6d4b8b0377b2">
      <TestCategory>
        <TestCategoryItem TestCategory="AS2" />
      </TestCategory>
      <Execution id="43ec9186-8fc6-41ca-afe3-4dc8ab43e8db" />
      <TestMethod codeBase="F:\ETWork\bin\Tests\IntgTests.iCore.Runtime.AS2.dll" adapterTypeName="Microsoft.VisualStudio.TestTools.TestTypes.Unit.UnitTestAdapter" className="IntgTests.iCore.Runtime.AS2.AS2MessageConfigurationTests" name="SigningEncoding_NothingSet_DefaultsToBinary" />
    </UnitTest>
    <UnitTest name="SigningIncludeCertificateChain_NothingSet_DefaultsToFalse" storage="f:\etwork\bin\tests\intgtests.icore.runtime.as2.dll" id="f80f48f4-4ea1-2bfb-8655-5e42a22612ee">
      <TestCategory>
        <TestCategoryItem TestCategory="AS2" />
      </TestCategory>
      <Execution id="0dcae106-f24d-40d0-b719-0a0274f303e1" />
      <TestMethod codeBase="F:\ETWork\bin\Tests\IntgTests.iCore.Runtime.AS2.dll" adapterTypeName="Microsoft.VisualStudio.TestTools.TestTypes.Unit.UnitTestAdapter" className="IntgTests.iCore.Runtime.AS2.AS2MessageConfigurationTests" name="SigningIncludeCertificateChain_NothingSet_DefaultsToFalse" />
    </UnitTest>
    <UnitTest name="Constructor_MDNRequest_PopulatedFromConfig" storage="f:\etwork\bin\tests\intgtests.icore.runtime.as2.dll" id="0a583153-d829-a2fd-4e92-394a679f393c">
      <TestCategory>
        <TestCategoryItem TestCategory="AS2" />
      </TestCategory>
      <Execution id="67f3a2cf-30cf-44b6-999d-c8cb3a46a6df" />
      <TestMethod codeBase="F:\ETWork\bin\Tests\IntgTests.iCore.Runtime.AS2.dll" adapterTypeName="Microsoft.VisualStudio.TestTools.TestTypes.Unit.UnitTestAdapter" className="IntgTests.iCore.Runtime.AS2.AS2MessageTests" name="Constructor_MDNRequest_PopulatedFromConfig" />
    </UnitTest>
    <UnitTest name="Save_SignedMessage_ExpectedOutputProduced" storage="f:\etwork\bin\tests\intgtests.icore.runtime.as2.dll" id="f73080f5-0db2-b907-4313-6efbaba51061">
      <TestCategory>
        <TestCategoryItem TestCategory="AS2" />
      </TestCategory>
      <Execution id="b61a0556-b34b-4031-9213-1d2d3a3acbd7" />
      <TestMethod codeBase="F:\ETWork\bin\Tests\IntgTests.iCore.Runtime.AS2.dll" adapterTypeName="Microsoft.VisualStudio.TestTools.TestTypes.Unit.UnitTestAdapter" className="IntgTests.iCore.Runtime.AS2.AS2MessageTests" name="Save_SignedMessage_ExpectedOutputProduced" />
    </UnitTest>
    <UnitTest name="Save_Encrypted_ExpectedOutputProduced" storage="f:\etwork\bin\tests\intgtests.icore.runtime.as2.dll" id="bfd2796b-8ba6-17c0-4d70-84854e664cbd">
      <TestCategory>
        <TestCategoryItem TestCategory="AS2" />
      </TestCategory>
      <Execution id="3ad55c44-94ac-43b0-8c10-b3d1a8688945" />
      <TestMethod codeBase="F:\ETWork\bin\Tests\IntgTests.iCore.Runtime.AS2.dll" adapterTypeName="Microsoft.VisualStudio.TestTools.TestTypes.Unit.UnitTestAdapter" className="IntgTests.iCore.Runtime.AS2.AS2MessageTests" name="Save_Encrypted_ExpectedOutputProduced" />
    </UnitTest>
    <UnitTest name="Save_SignedEncryptedAndRequestingMDN_ExpectedOutputProduced" storage="f:\etwork\bin\tests\intgtests.icore.runtime.as2.dll" id="e418d59b-6af3-edd1-559e-87523d8d08b9">
      <TestCategory>
        <TestCategoryItem TestCategory="AS2" />
      </TestCategory>
      <Execution id="97bd1034-c4dd-4155-8f1c-b0ce0aea4b09" />
      <TestMethod codeBase="F:\ETWork\bin\Tests\IntgTests.iCore.Runtime.AS2.dll" adapterTypeName="Microsoft.VisualStudio.TestTools.TestTypes.Unit.UnitTestAdapter" className="IntgTests.iCore.Runtime.AS2.AS2MessageTests" name="Save_SignedEncryptedAndRequestingMDN_ExpectedOutputProduced" />
    </UnitTest>
    <UnitTest name="Errors_NewMessage_IsEmpty" storage="f:\etwork\bin\tests\intgtests.icore.runtime.as2.dll" id="b30d9440-6440-5ad6-f91a-26ad3dbc6048">
      <TestCategory>
        <TestCategoryItem TestCategory="AS2" />
      </TestCategory>
      <Execution id="2e0ee720-acb4-42c2-98ea-fa6b3f63757c" />
      <TestMethod codeBase="F:\ETWork\bin\Tests\IntgTests.iCore.Runtime.AS2.dll" adapterTypeName="Microsoft.VisualStudio.TestTools.TestTypes.Unit.UnitTestAdapter" className="IntgTests.iCore.Runtime.AS2.AS2MessageTests" name="Errors_NewMessage_IsEmpty" />
    </UnitTest>
    <UnitTest name="Errors_LoadedMessageWithNoAS2From_OneErrorExpected" storage="f:\etwork\bin\tests\intgtests.icore.runtime.as2.dll" id="d2eb1e12-3e21-3833-b68c-1e5e9ea2561f">
      <TestCategory>
        <TestCategoryItem TestCategory="AS2" />
      </TestCategory>
      <Execution id="54d87906-d703-41aa-ac5e-41787440fade" />
      <TestMethod codeBase="F:\ETWork\bin\Tests\IntgTests.iCore.Runtime.AS2.dll" adapterTypeName="Microsoft.VisualStudio.TestTools.TestTypes.Unit.UnitTestAdapter" className="IntgTests.iCore.Runtime.AS2.AS2MessageTests" name="Errors_LoadedMessageWithNoAS2From_OneErrorExpected" />
    </UnitTest>
    <UnitTest name="Load_ValidMDN_PropertiesPopulated" storage="f:\etwork\bin\tests\intgtests.icore.runtime.as2.dll" id="a09e2e7b-0264-3e9e-5d81-78f594dfbd34">
      <TestCategory>
        <TestCategoryItem TestCategory="AS2" />
      </TestCategory>
      <Execution id="bd78d1ff-53e5-44eb-bd35-f19781a9561c" />
      <TestMethod codeBase="F:\ETWork\bin\Tests\IntgTests.iCore.Runtime.AS2.dll" adapterTypeName="Microsoft.VisualStudio.TestTools.TestTypes.Unit.UnitTestAdapter" className="IntgTests.iCore.Runtime.AS2.AS2MDNTests" name="Load_ValidMDN_PropertiesPopulated" />
    </UnitTest>
    <UnitTest name="Load_ValidMDNWithError_PropertiesPopulated" storage="f:\etwork\bin\tests\intgtests.icore.runtime.as2.dll" id="32b6011f-ee84-1026-3add-58a6dcb66b09">
      <TestCategory>
        <TestCategoryItem TestCategory="AS2" />
      </TestCategory>
      <Execution id="5381a0aa-3d52-48f5-94b3-3603da263a45" />
      <TestMethod codeBase="F:\ETWork\bin\Tests\IntgTests.iCore.Runtime.AS2.dll" adapterTypeName="Microsoft.VisualStudio.TestTools.TestTypes.Unit.UnitTestAdapter" className="IntgTests.iCore.Runtime.AS2.AS2MDNTests" name="Load_ValidMDNWithError_PropertiesPopulated" />
    </UnitTest>
    <UnitTest name="Load_ValidMDNWithCertificateAndCertificateNotAddedToSut_DoesNotThrow" storage="f:\etwork\bin\tests\intgtests.icore.runtime.as2.dll" id="d78a0737-2b35-f959-c89b-353d3b942302">
      <TestCategory>
        <TestCategoryItem TestCategory="AS2" />
      </TestCategory>
      <Execution id="aaab6cf1-1d9f-4f7b-87b2-d7c2c341d625" />
      <TestMethod codeBase="F:\ETWork\bin\Tests\IntgTests.iCore.Runtime.AS2.dll" adapterTypeName="Microsoft.VisualStudio.TestTools.TestTypes.Unit.UnitTestAdapter" className="IntgTests.iCore.Runtime.AS2.AS2MDNTests" name="Load_ValidMDNWithCertificateAndCertificateNotAddedToSut_DoesNotThrow" />
    </UnitTest>
    <UnitTest name="Load_MDNSignedNoCertProvided_IsSignatureVerifiedIsFalse" storage="f:\etwork\bin\tests\intgtests.icore.runtime.as2.dll" id="110ce167-6ba0-120b-331f-c8fbf5448f60">
      <TestCategory>
        <TestCategoryItem TestCategory="AS2" />
      </TestCategory>
      <Execution id="139d6477-dc65-4847-9d80-ddba70aa3116" />
      <TestMethod codeBase="F:\ETWork\bin\Tests\IntgTests.iCore.Runtime.AS2.dll" adapterTypeName="Microsoft.VisualStudio.TestTools.TestTypes.Unit.UnitTestAdapter" className="IntgTests.iCore.Runtime.AS2.AS2MDNTests" name="Load_MDNSignedNoCertProvided_IsSignatureVerifiedIsFalse" />
    </UnitTest>
    <UnitTest name="Load_MDNSignedWrongCertProvided_IsSignatureVerifiedIsFalse" storage="f:\etwork\bin\tests\intgtests.icore.runtime.as2.dll" id="73050b1b-586d-55e7-16b1-7666f6586c8a">
      <TestCategory>
        <TestCategoryItem TestCategory="AS2" />
      </TestCategory>
      <Execution id="e5453b5e-ab62-40e0-8fae-6c57274103c6" />
      <TestMethod codeBase="F:\ETWork\bin\Tests\IntgTests.iCore.Runtime.AS2.dll" adapterTypeName="Microsoft.VisualStudio.TestTools.TestTypes.Unit.UnitTestAdapter" className="IntgTests.iCore.Runtime.AS2.AS2MDNTests" name="Load_MDNSignedWrongCertProvided_IsSignatureVerifiedIsFalse" />
    </UnitTest>
    <UnitTest name="Load_MDNSignedCorrectCertIncluded_IsSignatureVerifiedIsTrue" storage="f:\etwork\bin\tests\intgtests.icore.runtime.as2.dll" id="5c72dcdf-fb30-341c-0ce7-843de0037b88">
      <TestCategory>
        <TestCategoryItem TestCategory="AS2" />
      </TestCategory>
      <Execution id="4be25c5a-7ebd-4c0e-8135-dc9cfde3009d" />
      <TestMethod codeBase="F:\ETWork\bin\Tests\IntgTests.iCore.Runtime.AS2.dll" adapterTypeName="Microsoft.VisualStudio.TestTools.TestTypes.Unit.UnitTestAdapter" className="IntgTests.iCore.Runtime.AS2.AS2MDNTests" name="Load_MDNSignedCorrectCertIncluded_IsSignatureVerifiedIsTrue" />
    </UnitTest>
    <UnitTest name="Load_MDNSignedCorrectCertProvided_IsSignatureVerifiedIsTrue" storage="f:\etwork\bin\tests\intgtests.icore.runtime.as2.dll" id="79f5ea01-d9dd-49b6-4ca8-6acd5aa7f433">
      <TestCategory>
        <TestCategoryItem TestCategory="AS2" />
      </TestCategory>
      <Execution id="b4a0b55a-e080-408b-9b15-414df2f4dd20" />
      <TestMethod codeBase="F:\ETWork\bin\Tests\IntgTests.iCore.Runtime.AS2.dll" adapterTypeName="Microsoft.VisualStudio.TestTools.TestTypes.Unit.UnitTestAdapter" className="IntgTests.iCore.Runtime.AS2.AS2MDNTests" name="Load_MDNSignedCorrectCertProvided_IsSignatureVerifiedIsTrue" />
    </UnitTest>
    <UnitTest name="Save_ValidMDN_FileContentContainsExpectedValues" storage="f:\etwork\bin\tests\intgtests.icore.runtime.as2.dll" id="d942c94e-0a7b-e10f-96cf-fc57098c3d9f">
      <TestCategory>
        <TestCategoryItem TestCategory="AS2" />
      </TestCategory>
      <Execution id="3cbfa2d1-8cb4-450f-a169-6e8fbda5776b" />
      <TestMethod codeBase="F:\ETWork\bin\Tests\IntgTests.iCore.Runtime.AS2.dll" adapterTypeName="Microsoft.VisualStudio.TestTools.TestTypes.Unit.UnitTestAdapter" className="IntgTests.iCore.Runtime.AS2.AS2MDNTests" name="Save_ValidMDN_FileContentContainsExpectedValues" />
    </UnitTest>
    <UnitTest name="Save_ValidMDNWithSigning_FileContentContainsExpectedValues" storage="f:\etwork\bin\tests\intgtests.icore.runtime.as2.dll" id="c721494b-97da-cabd-e8a3-d8afdb534ec5">
      <TestCategory>
        <TestCategoryItem TestCategory="AS2" />
      </TestCategory>
      <Execution id="b6a731bb-adcc-41dc-9f46-7b51c5fe0e13" />
      <TestMethod codeBase="F:\ETWork\bin\Tests\IntgTests.iCore.Runtime.AS2.dll" adapterTypeName="Microsoft.VisualStudio.TestTools.TestTypes.Unit.UnitTestAdapter" className="IntgTests.iCore.Runtime.AS2.AS2MDNTests" name="Save_ValidMDNWithSigning_FileContentContainsExpectedValues" />
    </UnitTest>
    <UnitTest name="LoadAS2Message_UnencryptedMessageWithNoSignatureValidArgs_ReturnValueIsNotNull" storage="f:\etwork\bin\tests\intgtests.icore.runtime.as2.dll" id="4d94eec7-e84f-cd9d-dc6d-d1d65e05e031">
      <TestCategory>
        <TestCategoryItem TestCategory="AS2" />
      </TestCategory>
      <Execution id="b47873bc-a7f3-49f2-92c8-13953b6d09f3" />
      <TestMethod codeBase="F:\ETWork\bin\Tests\IntgTests.iCore.Runtime.AS2.dll" adapterTypeName="Microsoft.VisualStudio.TestTools.TestTypes.Unit.UnitTestAdapter" className="IntgTests.iCore.Runtime.AS2.SecureBlackboxAS2ObjectFactoryTests" name="LoadAS2Message_UnencryptedMessageWithNoSignatureValidArgs_ReturnValueIsNotNull" />
    </UnitTest>
    <UnitTest name="LoadAS2Message_SourceIsEmpty_ReturnValueIsNotNull" storage="f:\etwork\bin\tests\intgtests.icore.runtime.as2.dll" id="d3afcb52-d232-ff30-9a5c-5299422eec1f">
      <TestCategory>
        <TestCategoryItem TestCategory="AS2" />
      </TestCategory>
      <Execution id="285fb7b6-a4c5-4e23-abd8-b7548b7bd468" />
      <TestMethod codeBase="F:\ETWork\bin\Tests\IntgTests.iCore.Runtime.AS2.dll" adapterTypeName="Microsoft.VisualStudio.TestTools.TestTypes.Unit.UnitTestAdapter" className="IntgTests.iCore.Runtime.AS2.SecureBlackboxAS2ObjectFactoryTests" name="LoadAS2Message_SourceIsEmpty_ReturnValueIsNotNull" />
    </UnitTest>
    <UnitTest name="LoadAS2Message_SourceIsEmpty_ReturnValueHasErrors" storage="f:\etwork\bin\tests\intgtests.icore.runtime.as2.dll" id="a2e8082a-4a9e-3780-0a14-8219b03100ef">
      <TestCategory>
        <TestCategoryItem TestCategory="AS2" />
      </TestCategory>
      <Execution id="52e116cd-8922-4a8f-8108-7e0201d5de87" />
      <TestMethod codeBase="F:\ETWork\bin\Tests\IntgTests.iCore.Runtime.AS2.dll" adapterTypeName="Microsoft.VisualStudio.TestTools.TestTypes.Unit.UnitTestAdapter" className="IntgTests.iCore.Runtime.AS2.SecureBlackboxAS2ObjectFactoryTests" name="LoadAS2Message_SourceIsEmpty_ReturnValueHasErrors" />
    </UnitTest>
    <UnitTest name="LoadAS2Message_SourceIsEmpty_ReturnValueHasErrorsOfTypeError" storage="f:\etwork\bin\tests\intgtests.icore.runtime.as2.dll" id="44fe9ca7-2300-7ced-6896-60b152aa9b46">
      <TestCategory>
        <TestCategoryItem TestCategory="AS2" />
      </TestCategory>
      <Execution id="a37ae75b-f6ff-42b3-af1c-c37edfea0ebe" />
      <TestMethod codeBase="F:\ETWork\bin\Tests\IntgTests.iCore.Runtime.AS2.dll" adapterTypeName="Microsoft.VisualStudio.TestTools.TestTypes.Unit.UnitTestAdapter" className="IntgTests.iCore.Runtime.AS2.SecureBlackboxAS2ObjectFactoryTests" name="LoadAS2Message_SourceIsEmpty_ReturnValueHasErrorsOfTypeError" />
    </UnitTest>
    <UnitTest name="LoadAS2Message_SourceIsEmpty_ReturnValueHasErrorsOfTypeWarning" storage="f:\etwork\bin\tests\intgtests.icore.runtime.as2.dll" id="28f31692-b416-3b44-2aa7-293d7d7c4eeb">
      <TestCategory>
        <TestCategoryItem TestCategory="AS2" />
      </TestCategory>
      <Execution id="766708dd-04b2-4800-8d09-6183575e9d1a" />
      <TestMethod codeBase="F:\ETWork\bin\Tests\IntgTests.iCore.Runtime.AS2.dll" adapterTypeName="Microsoft.VisualStudio.TestTools.TestTypes.Unit.UnitTestAdapter" className="IntgTests.iCore.Runtime.AS2.SecureBlackboxAS2ObjectFactoryTests" name="LoadAS2Message_SourceIsEmpty_ReturnValueHasErrorsOfTypeWarning" />
    </UnitTest>
    <UnitTest name="LoadAS2Message_SourceIsEmpty_ReturnValueHasNoErrorsOfTypeFailure" storage="f:\etwork\bin\tests\intgtests.icore.runtime.as2.dll" id="fa7ab5d4-a786-d406-53f7-485971a89fbd">
      <TestCategory>
        <TestCategoryItem TestCategory="AS2" />
      </TestCategory>
      <Execution id="f22c7b5b-bed9-4421-8bef-f830f59eaa14" />
      <TestMethod codeBase="F:\ETWork\bin\Tests\IntgTests.iCore.Runtime.AS2.dll" adapterTypeName="Microsoft.VisualStudio.TestTools.TestTypes.Unit.UnitTestAdapter" className="IntgTests.iCore.Runtime.AS2.SecureBlackboxAS2ObjectFactoryTests" name="LoadAS2Message_SourceIsEmpty_ReturnValueHasNoErrorsOfTypeFailure" />
    </UnitTest>
    <UnitTest name="LoadAS2Message_EncryptedMessageNoCertificate_ReturnValueHasErrorsOfTypeError" storage="f:\etwork\bin\tests\intgtests.icore.runtime.as2.dll" id="b73acaa3-b9c0-8aa8-fcf0-a4f3ad929cfe">
      <TestCategory>
        <TestCategoryItem TestCategory="AS2" />
      </TestCategory>
      <Execution id="1f5ed6e7-c7c0-47a0-9b39-33c66d06e4c7" />
      <TestMethod codeBase="F:\ETWork\bin\Tests\IntgTests.iCore.Runtime.AS2.dll" adapterTypeName="Microsoft.VisualStudio.TestTools.TestTypes.Unit.UnitTestAdapter" className="IntgTests.iCore.Runtime.AS2.SecureBlackboxAS2ObjectFactoryTests" name="LoadAS2Message_EncryptedMessageNoCertificate_ReturnValueHasErrorsOfTypeError" />
    </UnitTest>
    <UnitTest name="LoadAS2Message_SignedMessageNoCertificate_ReturnValueHasErrorsOfTypeError" storage="f:\etwork\bin\tests\intgtests.icore.runtime.as2.dll" id="5bfba165-8d2c-3613-aa55-46392540e69c">
      <TestCategory>
        <TestCategoryItem TestCategory="AS2" />
      </TestCategory>
      <Execution id="545136b5-15bf-44ab-9e89-06de9a8e8157" />
      <TestMethod codeBase="F:\ETWork\bin\Tests\IntgTests.iCore.Runtime.AS2.dll" adapterTypeName="Microsoft.VisualStudio.TestTools.TestTypes.Unit.UnitTestAdapter" className="IntgTests.iCore.Runtime.AS2.SecureBlackboxAS2ObjectFactoryTests" name="LoadAS2Message_SignedMessageNoCertificate_ReturnValueHasErrorsOfTypeError" />
    </UnitTest>
    <UnitTest name="LoadAS2Message_EncryptedMessageCertificate_ReturnValueHasNoErrors" storage="f:\etwork\bin\tests\intgtests.icore.runtime.as2.dll" id="61b6b6b5-7f2a-2054-276e-3d4f433dce49">
      <TestCategory>
        <TestCategoryItem TestCategory="AS2" />
      </TestCategory>
      <Execution id="b7b14d65-7248-4894-b686-8f264c84d59e" />
      <TestMethod codeBase="F:\ETWork\bin\Tests\IntgTests.iCore.Runtime.AS2.dll" adapterTypeName="Microsoft.VisualStudio.TestTools.TestTypes.Unit.UnitTestAdapter" className="IntgTests.iCore.Runtime.AS2.SecureBlackboxAS2ObjectFactoryTests" name="LoadAS2Message_EncryptedMessageCertificate_ReturnValueHasNoErrors" />
    </UnitTest>
    <UnitTest name="LoadAS2Message_SignedMessageCertificate_ReturnValueHasNoErrors" storage="f:\etwork\bin\tests\intgtests.icore.runtime.as2.dll" id="f280a115-0ea0-dfad-a70b-10725ef470aa">
      <TestCategory>
        <TestCategoryItem TestCategory="AS2" />
      </TestCategory>
      <Execution id="c90d599e-5f7e-4660-859e-8b2e8a31e6e6" />
      <TestMethod codeBase="F:\ETWork\bin\Tests\IntgTests.iCore.Runtime.AS2.dll" adapterTypeName="Microsoft.VisualStudio.TestTools.TestTypes.Unit.UnitTestAdapter" className="IntgTests.iCore.Runtime.AS2.SecureBlackboxAS2ObjectFactoryTests" name="LoadAS2Message_SignedMessageCertificate_ReturnValueHasNoErrors" />
    </UnitTest>
    <UnitTest name="LoadAS2Message_SignedMessageWithEmbeddedCertificate_ReturnValueHasNoErrors" storage="f:\etwork\bin\tests\intgtests.icore.runtime.as2.dll" id="3db263e9-1841-a92d-3834-55830f31849f">
      <TestCategory>
        <TestCategoryItem TestCategory="AS2" />
      </TestCategory>
      <Execution id="749c0b06-d7e2-499d-be9d-077d2bfecd92" />
      <TestMethod codeBase="F:\ETWork\bin\Tests\IntgTests.iCore.Runtime.AS2.dll" adapterTypeName="Microsoft.VisualStudio.TestTools.TestTypes.Unit.UnitTestAdapter" className="IntgTests.iCore.Runtime.AS2.SecureBlackboxAS2ObjectFactoryTests" name="LoadAS2Message_SignedMessageWithEmbeddedCertificate_ReturnValueHasNoErrors" />
    </UnitTest>
    <UnitTest name="CreateAS2Signature_NoInput_NotNull" storage="f:\etwork\bin\tests\intgtests.icore.runtime.as2.dll" id="447e871a-287a-0a22-b17c-bd7f16f08143">
      <TestCategory>
        <TestCategoryItem TestCategory="AS2" />
      </TestCategory>
      <Execution id="7893cdee-9eb7-4cc1-96db-43ed4bcbce1c" />
      <TestMethod codeBase="F:\ETWork\bin\Tests\IntgTests.iCore.Runtime.AS2.dll" adapterTypeName="Microsoft.VisualStudio.TestTools.TestTypes.Unit.UnitTestAdapter" className="IntgTests.iCore.Runtime.AS2.SecureBlackboxAS2ObjectFactoryTests" name="CreateAS2Signature_NoInput_NotNull" />
    </UnitTest>
  </TestDefinitions>
  <TestEntries>
    <TestEntry testId="1007556d-36ef-d305-0307-ac3fcb7603ae" executionId="2213ee10-e1d9-4d24-a102-d13d262dccd2" testListId="8c84fa94-04c1-424b-9868-57a2d4851a1d" />
    <TestEntry testId="2bc487a8-07be-a33b-b837-fc02e81b9cdd" executionId="b83587b6-bc68-4aaf-802d-8ec8fc2ccbf4" testListId="8c84fa94-04c1-424b-9868-57a2d4851a1d" />
    <TestEntry testId="5bc6179b-a285-c163-1be6-587028f60c30" executionId="dfc728f4-5d4a-4504-a71f-f63d580daede" testListId="8c84fa94-04c1-424b-9868-57a2d4851a1d" />
    <TestEntry testId="ecfdbd1b-b458-9021-d693-4c23781da162" executionId="f7ff7267-84d2-4b0c-9825-c1e80caa32d9" testListId="8c84fa94-04c1-424b-9868-57a2d4851a1d" />
    <TestEntry testId="9e8102ee-0af6-6381-1471-73724e3d76fc" executionId="2b9d331d-b743-4f12-bc14-e3d715b5bd54" testListId="8c84fa94-04c1-424b-9868-57a2d4851a1d" />
    <TestEntry testId="a702798b-623b-b359-1385-df051eba416f" executionId="ec8daa4a-094a-4bef-8874-cdaa0bc5d37e" testListId="8c84fa94-04c1-424b-9868-57a2d4851a1d" />
    <TestEntry testId="f0c6f059-848c-523f-ea3d-054851dffde5" executionId="c0f3bea9-0ac0-4248-aee2-3b12c1fe00d5" testListId="8c84fa94-04c1-424b-9868-57a2d4851a1d" />
    <TestEntry testId="d4d7afdc-a995-e295-0e9e-cb3d636ebefe" executionId="bf1ae231-009f-464e-9dde-5111d013f240" testListId="8c84fa94-04c1-424b-9868-57a2d4851a1d" />
    <TestEntry testId="96e7b401-3590-17e6-0661-51a3287854b9" executionId="4ad83595-04bb-48b8-8b1b-6eb18bc7abfc" testListId="8c84fa94-04c1-424b-9868-57a2d4851a1d" />
    <TestEntry testId="49b5b1c0-4491-4002-0838-18d02a44c602" executionId="881b6ce4-dd58-4e96-8840-66e17d1191e9" testListId="8c84fa94-04c1-424b-9868-57a2d4851a1d" />
    <TestEntry testId="152fc2ec-4897-5430-d0ee-d3b15d57b5ed" executionId="90acaaf4-0161-4ba2-bcd7-a39d8225cdad" testListId="8c84fa94-04c1-424b-9868-57a2d4851a1d" />
    <TestEntry testId="012b650b-d0f0-4171-ee8b-210978bb455c" executionId="18b669bf-aef3-4498-8c14-f2e00c5d57de" testListId="8c84fa94-04c1-424b-9868-57a2d4851a1d" />
    <TestEntry testId="f7d5ca35-429f-a9c3-320d-ade6fab51023" executionId="f09f13d6-c6dd-45a6-829d-968e57f88192" testListId="8c84fa94-04c1-424b-9868-57a2d4851a1d" />
    <TestEntry testId="e65b2004-1bc6-c668-33b2-754c5e9fc662" executionId="64bec280-9933-4903-ad05-41ad9b0f60b3" testListId="8c84fa94-04c1-424b-9868-57a2d4851a1d" />
    <TestEntry testId="cd62facd-4336-d881-c0d1-f2b66d781dfe" executionId="f198395e-ec1c-402b-9526-755dd33a8cfa" testListId="8c84fa94-04c1-424b-9868-57a2d4851a1d" />
    <TestEntry testId="1630c94b-b7ce-0eda-7163-399630eb8dd3" executionId="484736a2-5979-4488-9736-e07f4c483ac8" testListId="8c84fa94-04c1-424b-9868-57a2d4851a1d" />
    <TestEntry testId="c4593f9d-d2bd-d4ad-e7cc-647468f8d215" executionId="3f051645-ffc9-4921-9a0b-6438b90bb6bf" testListId="8c84fa94-04c1-424b-9868-57a2d4851a1d" />
    <TestEntry testId="d54ee68c-7edd-21e3-2189-d41e99cbee17" executionId="1597f55a-cfcb-4833-8193-74ce594dcf0c" testListId="8c84fa94-04c1-424b-9868-57a2d4851a1d" />
    <TestEntry testId="efd5a301-9b5d-f91f-3a13-2e8ac18a311c" executionId="dd9877c4-bc69-426d-aee5-2cfbfa98c5df" testListId="8c84fa94-04c1-424b-9868-57a2d4851a1d" />
    <TestEntry testId="b50a4669-2311-d725-c6df-44ed1e5a3dc8" executionId="bd6f9349-c6d9-4632-b21f-8cf7e28e9825" testListId="8c84fa94-04c1-424b-9868-57a2d4851a1d" />
    <TestEntry testId="1822d723-7a3e-c854-a7d7-2774a7488346" executionId="84e82145-aff7-4aa4-85ab-4f3edc538ba4" testListId="8c84fa94-04c1-424b-9868-57a2d4851a1d" />
    <TestEntry testId="76874e48-c274-429e-548e-6bd4ddeea6ba" executionId="c1e97eca-254f-4014-8243-4cf294a01c03" testListId="8c84fa94-04c1-424b-9868-57a2d4851a1d" />
    <TestEntry testId="c6446c43-ddd9-ed92-1626-71ca98acd1a2" executionId="1d1d8611-5a92-49ba-b2c0-ddcf7219d5c8" testListId="8c84fa94-04c1-424b-9868-57a2d4851a1d" />
    <TestEntry testId="02130b37-25c6-8b4d-acfc-1a5196f8c67a" executionId="ac1c2fed-1c14-477a-ba9f-0426e108c01c" testListId="8c84fa94-04c1-424b-9868-57a2d4851a1d" />
    <TestEntry testId="fadad2de-7eec-daa9-69db-f20462e10430" executionId="4f0c70cc-8dc4-48c9-9d9f-7ed36ba45c68" testListId="8c84fa94-04c1-424b-9868-57a2d4851a1d" />
    <TestEntry testId="5a95b1f7-6607-3f6b-ca46-33d5395ba4ae" executionId="9a9efd5a-a41d-4150-9ae5-406dc1b0233c" testListId="8c84fa94-04c1-424b-9868-57a2d4851a1d" />
    <TestEntry testId="f13d0f88-c2a2-2bbc-8171-847fd05d1115" executionId="327a5f7e-e0cf-4a41-a901-8ee14be478ec" testListId="8c84fa94-04c1-424b-9868-57a2d4851a1d" />
    <TestEntry testId="ee8fd7c4-67e0-3007-040e-4f062e130612" executionId="f56c543d-14e8-4b04-8789-bc9e5884a9b0" testListId="8c84fa94-04c1-424b-9868-57a2d4851a1d" />
    <TestEntry testId="1df9f895-f835-10a8-2a79-b7347badfdb6" executionId="9b232092-a43a-46ee-b35b-4ca78b1020a3" testListId="8c84fa94-04c1-424b-9868-57a2d4851a1d" />
    <TestEntry testId="b2c4404b-0083-5cc3-17d8-76fad8a5a888" executionId="dcda2d74-2cc0-467e-920e-b22693dc0da7" testListId="8c84fa94-04c1-424b-9868-57a2d4851a1d" />
    <TestEntry testId="b1ce4951-b22b-3a82-a5bd-c9af58746fe4" executionId="24d67931-5729-44ec-9a4c-ac6af0598869" testListId="8c84fa94-04c1-424b-9868-57a2d4851a1d" />
    <TestEntry testId="bddd4dd4-e1a0-fd8e-657e-26b2931732ad" executionId="801213a0-88d2-47e1-b395-75ffabc98408" testListId="8c84fa94-04c1-424b-9868-57a2d4851a1d" />
    <TestEntry testId="4b4d93dc-08bd-a551-86dd-866604681b68" executionId="360d6977-d9fa-41d6-9499-74a21eb88880" testListId="8c84fa94-04c1-424b-9868-57a2d4851a1d" />
    <TestEntry testId="3d3f5e7b-d8e6-7891-8e84-642002cbc840" executionId="4bd007a4-b1fa-439b-8ce7-74cc74b19551" testListId="8c84fa94-04c1-424b-9868-57a2d4851a1d" />
    <TestEntry testId="bc10fcf2-5a95-a6f0-5403-6d4b8b0377b2" executionId="43ec9186-8fc6-41ca-afe3-4dc8ab43e8db" testListId="8c84fa94-04c1-424b-9868-57a2d4851a1d" />
    <TestEntry testId="f80f48f4-4ea1-2bfb-8655-5e42a22612ee" executionId="0dcae106-f24d-40d0-b719-0a0274f303e1" testListId="8c84fa94-04c1-424b-9868-57a2d4851a1d" />
    <TestEntry testId="0a583153-d829-a2fd-4e92-394a679f393c" executionId="67f3a2cf-30cf-44b6-999d-c8cb3a46a6df" testListId="8c84fa94-04c1-424b-9868-57a2d4851a1d" />
    <TestEntry testId="f73080f5-0db2-b907-4313-6efbaba51061" executionId="b61a0556-b34b-4031-9213-1d2d3a3acbd7" testListId="8c84fa94-04c1-424b-9868-57a2d4851a1d" />
    <TestEntry testId="bfd2796b-8ba6-17c0-4d70-84854e664cbd" executionId="3ad55c44-94ac-43b0-8c10-b3d1a8688945" testListId="8c84fa94-04c1-424b-9868-57a2d4851a1d" />
    <TestEntry testId="e418d59b-6af3-edd1-559e-87523d8d08b9" executionId="97bd1034-c4dd-4155-8f1c-b0ce0aea4b09" testListId="8c84fa94-04c1-424b-9868-57a2d4851a1d" />
    <TestEntry testId="b30d9440-6440-5ad6-f91a-26ad3dbc6048" executionId="2e0ee720-acb4-42c2-98ea-fa6b3f63757c" testListId="8c84fa94-04c1-424b-9868-57a2d4851a1d" />
    <TestEntry testId="d2eb1e12-3e21-3833-b68c-1e5e9ea2561f" executionId="54d87906-d703-41aa-ac5e-41787440fade" testListId="8c84fa94-04c1-424b-9868-57a2d4851a1d" />
    <TestEntry testId="a09e2e7b-0264-3e9e-5d81-78f594dfbd34" executionId="bd78d1ff-53e5-44eb-bd35-f19781a9561c" testListId="8c84fa94-04c1-424b-9868-57a2d4851a1d" />
    <TestEntry testId="32b6011f-ee84-1026-3add-58a6dcb66b09" executionId="5381a0aa-3d52-48f5-94b3-3603da263a45" testListId="8c84fa94-04c1-424b-9868-57a2d4851a1d" />
    <TestEntry testId="d78a0737-2b35-f959-c89b-353d3b942302" executionId="aaab6cf1-1d9f-4f7b-87b2-d7c2c341d625" testListId="8c84fa94-04c1-424b-9868-57a2d4851a1d" />
    <TestEntry testId="110ce167-6ba0-120b-331f-c8fbf5448f60" executionId="139d6477-dc65-4847-9d80-ddba70aa3116" testListId="8c84fa94-04c1-424b-9868-57a2d4851a1d" />
    <TestEntry testId="73050b1b-586d-55e7-16b1-7666f6586c8a" executionId="e5453b5e-ab62-40e0-8fae-6c57274103c6" testListId="8c84fa94-04c1-424b-9868-57a2d4851a1d" />
    <TestEntry testId="5c72dcdf-fb30-341c-0ce7-843de0037b88" executionId="4be25c5a-7ebd-4c0e-8135-dc9cfde3009d" testListId="8c84fa94-04c1-424b-9868-57a2d4851a1d" />
    <TestEntry testId="79f5ea01-d9dd-49b6-4ca8-6acd5aa7f433" executionId="b4a0b55a-e080-408b-9b15-414df2f4dd20" testListId="8c84fa94-04c1-424b-9868-57a2d4851a1d" />
    <TestEntry testId="d942c94e-0a7b-e10f-96cf-fc57098c3d9f" executionId="3cbfa2d1-8cb4-450f-a169-6e8fbda5776b" testListId="8c84fa94-04c1-424b-9868-57a2d4851a1d" />
    <TestEntry testId="c721494b-97da-cabd-e8a3-d8afdb534ec5" executionId="b6a731bb-adcc-41dc-9f46-7b51c5fe0e13" testListId="8c84fa94-04c1-424b-9868-57a2d4851a1d" />
    <TestEntry testId="4d94eec7-e84f-cd9d-dc6d-d1d65e05e031" executionId="b47873bc-a7f3-49f2-92c8-13953b6d09f3" testListId="8c84fa94-04c1-424b-9868-57a2d4851a1d" />
    <TestEntry testId="d3afcb52-d232-ff30-9a5c-5299422eec1f" executionId="285fb7b6-a4c5-4e23-abd8-b7548b7bd468" testListId="8c84fa94-04c1-424b-9868-57a2d4851a1d" />
    <TestEntry testId="a2e8082a-4a9e-3780-0a14-8219b03100ef" executionId="52e116cd-8922-4a8f-8108-7e0201d5de87" testListId="8c84fa94-04c1-424b-9868-57a2d4851a1d" />
    <TestEntry testId="44fe9ca7-2300-7ced-6896-60b152aa9b46" executionId="a37ae75b-f6ff-42b3-af1c-c37edfea0ebe" testListId="8c84fa94-04c1-424b-9868-57a2d4851a1d" />
    <TestEntry testId="28f31692-b416-3b44-2aa7-293d7d7c4eeb" executionId="766708dd-04b2-4800-8d09-6183575e9d1a" testListId="8c84fa94-04c1-424b-9868-57a2d4851a1d" />
    <TestEntry testId="fa7ab5d4-a786-d406-53f7-485971a89fbd" executionId="f22c7b5b-bed9-4421-8bef-f830f59eaa14" testListId="8c84fa94-04c1-424b-9868-57a2d4851a1d" />
    <TestEntry testId="b73acaa3-b9c0-8aa8-fcf0-a4f3ad929cfe" executionId="1f5ed6e7-c7c0-47a0-9b39-33c66d06e4c7" testListId="8c84fa94-04c1-424b-9868-57a2d4851a1d" />
    <TestEntry testId="5bfba165-8d2c-3613-aa55-46392540e69c" executionId="545136b5-15bf-44ab-9e89-06de9a8e8157" testListId="8c84fa94-04c1-424b-9868-57a2d4851a1d" />
    <TestEntry testId="61b6b6b5-7f2a-2054-276e-3d4f433dce49" executionId="b7b14d65-7248-4894-b686-8f264c84d59e" testListId="8c84fa94-04c1-424b-9868-57a2d4851a1d" />
    <TestEntry testId="f280a115-0ea0-dfad-a70b-10725ef470aa" executionId="c90d599e-5f7e-4660-859e-8b2e8a31e6e6" testListId="8c84fa94-04c1-424b-9868-57a2d4851a1d" />
    <TestEntry testId="3db263e9-1841-a92d-3834-55830f31849f" executionId="749c0b06-d7e2-499d-be9d-077d2bfecd92" testListId="8c84fa94-04c1-424b-9868-57a2d4851a1d" />
    <TestEntry testId="447e871a-287a-0a22-b17c-bd7f16f08143" executionId="7893cdee-9eb7-4cc1-96db-43ed4bcbce1c" testListId="8c84fa94-04c1-424b-9868-57a2d4851a1d" />
  </TestEntries>
  <TestLists>
    <TestList name="Results Not in a List" id="8c84fa94-04c1-424b-9868-57a2d4851a1d" />
    <TestList name="All Loaded Results" id="19431567-8539-422a-85d7-44ee4e166bda" />
  </TestLists>
  <ResultSummary outcome="Completed">
    <Counters total="63" executed="63" passed="63" failed="0" error="0" timeout="0" aborted="0" inconclusive="0" passedButRunAborted="0" notRunnable="0" notExecuted="0" disconnected="0" warning="0" completed="0" inProgress="0" pending="0" />
  </ResultSummary>
</TestRun>