<?xml version="1.0" encoding="UTF-8"?>
<TestRun id="ecca74a3-60f3-4ceb-93e7-d78e339cc2cf" name="bacemi@ICSWS068 2016-08-04 09:52:10" runUser="ICORE\bacemi" xmlns="http://microsoft.com/schemas/VisualStudio/TeamTest/2010">
  <Times creation="2016-08-04T09:52:10.5782331+02:00" queuing="2016-08-04T09:52:10.5782331+02:00" start="2016-08-04T09:52:08.7262136+02:00" finish="2016-08-04T09:52:41.9490136+02:00" />
  <TestSettings name="default" id="4766e5e3-af92-49cd-92e3-7b7ff2ee2200">
    <Execution>
      <TestTypeSpecific />
    </Execution>
    <Deployment runDeploymentRoot="bacemi_ICSWS068 2016-08-04 09_52_10" />
    <Properties />
  </TestSettings>
  <Results>
    <UnitTestResult executionId="6086de34-46cc-4f5b-afe1-bb2b95456a0e" testId="1b954d41-d313-60d5-1980-a62ef2df0854" testName="DownloadFile_SessionClosedWhileDownloading_ResumesDownload" computerName="ICSWS068" duration="00:00:01.4389729" startTime="2016-08-04T09:52:08.7262136+02:00" endTime="2016-08-04T09:52:10.5106803+02:00" testType="13cdc9d9-ddb5-4fa4-a97d-d965ccfc6d4b" outcome="Passed" testListId="8c84fa94-04c1-424b-9868-57a2d4851a1d" relativeResultsDirectory="6086de34-46cc-4f5b-afe1-bb2b95456a0e">
      <Output>
        <StdOut>Debug Trace:
[2016-08-04 09:52:09.414]	[   14]	Starting SSH server listener...
[2016-08-04 09:52:09.416]	[   14]	SSH server listener started.
[2016-08-04 09:52:09.467]	[   18]	ServerListener.Listen : New connection available
[2016-08-04 09:52:09.496]	[   18]	Connection accepted. Active connections 1 from 20
[2016-08-04 09:52:09.844]	[   19]	Subsystem sftp opened
[2016-08-04 09:52:09.905]	[   19]	SFTP server started
[2016-08-04 09:52:09.919]	[   20]	=============================================================
[2016-08-04 09:52:09.919]	[   20]	SFTPOperations.OnOpen ENTER (1)
[2016-08-04 09:52:09.919]	[   20]	SFTP connection established
[2016-08-04 09:52:09.920]	[   20]	SFTPOperations.OnOpen EXIT
[2016-08-04 09:52:09.920]	[   20]	=============================================================
[2016-08-04 09:52:09.931]	[   20]	=============================================================
[2016-08-04 09:52:09.931]	[   20]	SFTPOperations.OnRequestAbsolutePath ENTER 
[2016-08-04 09:52:09.932]	[   20]	SFTPOperations.OnRequestAbsolutePath EXIT
[2016-08-04 09:52:09.932]	[   20]	=============================================================
[2016-08-04 09:52:09.948]	[   20]	=============================================================
[2016-08-04 09:52:09.948]	[   20]	SFTPOperations.OnCreateDirectory ENTER 
[2016-08-04 09:52:09.949]	[   20]	SFTPOperations.OnCreateDirectory EXIT
[2016-08-04 09:52:09.949]	[   20]	=============================================================
[2016-08-04 09:52:09.959]	[   19]	Closing the socket
[2016-08-04 09:52:09.959]	[   19]	ServerListener.OnSessionClosed()
[2016-08-04 09:52:10.050]	[   18]	ServerListener.Listen : New connection available
[2016-08-04 09:52:10.051]	[   18]	Connection accepted. Active connections 1 from 20
[2016-08-04 09:52:10.143]	[   21]	Subsystem sftp opened
[2016-08-04 09:52:10.144]	[   21]	SFTP server started
[2016-08-04 09:52:10.144]	[   22]	=============================================================
[2016-08-04 09:52:10.144]	[   22]	SFTPOperations.OnOpen ENTER (1)
[2016-08-04 09:52:10.145]	[   22]	              [in][sender]=SBSftpServer.TElSFTPServer
[2016-08-04 09:52:10.145]	[   22]	SFTP connection established
[2016-08-04 09:52:10.145]	[   22]	SFTPOperations.OnOpen EXIT
[2016-08-04 09:52:10.145]	[   22]	=============================================================
[2016-08-04 09:52:10.145]	[   22]	=============================================================
[2016-08-04 09:52:10.145]	[   22]	SFTPOperations.OnRequestAbsolutePath ENTER 
[2016-08-04 09:52:10.145]	[   22]	              [in][sender]=SBSftpServer.TElSFTPServer
[2016-08-04 09:52:10.145]	[   22]	              [in][path]=.
[2016-08-04 09:52:10.145]	[   22]	              [in][absolutePath]=
[2016-08-04 09:52:10.145]	[   22]	              [in][control]=rcNoCheck
[2016-08-04 09:52:10.145]	[   22]	              [in][composePath]=SBStringList.TElStringList
[2016-08-04 09:52:10.145]	[   22]	              [in][errorCode]=0
[2016-08-04 09:52:10.145]	[   22]	              [in][comment]=
[2016-08-04 09:52:10.146]	[   22]	              [out][absolutePath]=
[2016-08-04 09:52:10.146]	[   22]	              [out][errorCode]=0
[2016-08-04 09:52:10.146]	[   22]	              [out][comment]=
[2016-08-04 09:52:10.146]	[   22]	SFTPOperations.OnRequestAbsolutePath EXIT
[2016-08-04 09:52:10.146]	[   22]	=============================================================
[2016-08-04 09:52:10.147]	[   22]	=============================================================
[2016-08-04 09:52:10.147]	[   22]	SFTPOperations.OnRequestAbsolutePath ENTER 
[2016-08-04 09:52:10.147]	[   22]	              [in][sender]=SBSftpServer.TElSFTPServer
[2016-08-04 09:52:10.147]	[   22]	              [in][path]=.
[2016-08-04 09:52:10.147]	[   22]	              [in][absolutePath]=
[2016-08-04 09:52:10.147]	[   22]	              [in][control]=rcNoCheck
[2016-08-04 09:52:10.147]	[   22]	              [in][composePath]=SBStringList.TElStringList
[2016-08-04 09:52:10.147]	[   22]	              [in][errorCode]=0
[2016-08-04 09:52:10.147]	[   22]	              [in][comment]=
[2016-08-04 09:52:10.147]	[   22]	              [out][absolutePath]=
[2016-08-04 09:52:10.147]	[   22]	              [out][errorCode]=0
[2016-08-04 09:52:10.147]	[   22]	              [out][comment]=
[2016-08-04 09:52:10.147]	[   22]	SFTPOperations.OnRequestAbsolutePath EXIT
[2016-08-04 09:52:10.147]	[   22]	=============================================================
[2016-08-04 09:52:10.155]	[   22]	=============================================================
[2016-08-04 09:52:10.155]	[   22]	SFTPOperations.OnRequestAttributes ENTER 
[2016-08-04 09:52:10.155]	[   22]	              [in][sender]=SBSftpServer.TElSFTPServer
[2016-08-04 09:52:10.155]	[   22]	              [in][path]=\\TestSession_514184cd-212a-4f11-ac6f-bcdf1472cb74
[2016-08-04 09:52:10.155]	[   22]	              [in][followSymLinks]=True
[2016-08-04 09:52:10.155]	[   22]	              [in][attributes]=SBSftpCommon.TElSftpFileAttributes
[2016-08-04 09:52:10.155]	[   22]	              [in][errorCode]=0
[2016-08-04 09:52:10.155]	[   22]	              [in][comment]=
[2016-08-04 09:52:10.157]	[   22]	              [out][errorCode]=0
[2016-08-04 09:52:10.157]	[   22]	              [out][comment]=
[2016-08-04 09:52:10.157]	[   22]	SFTPOperations.OnRequestAttributes EXIT
[2016-08-04 09:52:10.157]	[   22]	=============================================================
[2016-08-04 09:52:10.164]	[   22]	=============================================================
[2016-08-04 09:52:10.164]	[   22]	SFTPOperations.OnOpenFile ENTER (1)
[2016-08-04 09:52:10.164]	[   22]	              [in][sender]=SBSftpServer.TElSFTPServer
[2016-08-04 09:52:10.164]	[   22]	              [in][path]=\\TestSession_514184cd-212a-4f11-ac6f-bcdf1472cb74\471a066b-e560-49e3-bf30-c3e5c3b5c563.txt
[2016-08-04 09:52:10.164]	[   22]	              [in][modes]=26
[2016-08-04 09:52:10.164]	[   22]	              [in][Access]=0
[2016-08-04 09:52:10.164]	[   22]	              [in][desiredAccess]=2
[2016-08-04 09:52:10.164]	[   22]	              [in][attributes]=SBSftpCommon.TElSftpFileAttributes
[2016-08-04 09:52:10.164]	[   22]	              [in][data]=
[2016-08-04 09:52:10.164]	[   22]	              [in][errorCode]=0
[2016-08-04 09:52:10.164]	[   22]	              [in][comment]=
[2016-08-04 09:52:10.166]	[   22]	              [out][data]=
[2016-08-04 09:52:10.166]	[   22]	              [out][errorCode]=0
[2016-08-04 09:52:10.166]	[   22]	              [out][comment]=
[2016-08-04 09:52:10.166]	[   22]	SFTPOperations.OnOpenFile EXIT
[2016-08-04 09:52:10.166]	[   22]	=============================================================
[2016-08-04 09:52:10.174]	[   22]	=============================================================
[2016-08-04 09:52:10.174]	[   22]	SFTPOperations.OnWriteFile ENTER (1)
[2016-08-04 09:52:10.174]	[   22]	              [in][sender]=SBSftpServer.TElSFTPServer
[2016-08-04 09:52:10.174]	[   22]	              [in][data]=System.IO.FileStream
[2016-08-04 09:52:10.174]	[   22]	              [in][offset]=0
[2016-08-04 09:52:10.174]	[   22]	              [in][buffer]=System.Byte[]
[2016-08-04 09:52:10.174]	[   22]	              [in][bufferOffset]=25
[2016-08-04 09:52:10.175]	[   22]	              [in][count]=15
[2016-08-04 09:52:10.175]	[   22]	              [in][errorCode]=0
[2016-08-04 09:52:10.175]	[   22]	              [in][comment]=
[2016-08-04 09:52:10.179]	[   22]	              [out][errorCode]=0
[2016-08-04 09:52:10.179]	[   22]	              [out][comment]=
[2016-08-04 09:52:10.179]	[   22]	SFTPOperations.OnWriteFile EXIT
[2016-08-04 09:52:10.179]	[   22]	=============================================================
[2016-08-04 09:52:10.184]	[   22]	=============================================================
[2016-08-04 09:52:10.184]	[   22]	SFTPOperations.OnCloseHandle ENTER (1)
[2016-08-04 09:52:10.184]	[   22]	              [in][sender]=SBSftpServer.TElSFTPServer
[2016-08-04 09:52:10.184]	[   22]	              [in][data]=System.IO.FileStream
[2016-08-04 09:52:10.184]	[   22]	              [in][errorCode]=0
[2016-08-04 09:52:10.184]	[   22]	              [in][comment]=
[2016-08-04 09:52:10.186]	[   22]	              [out][errorCode]=0
[2016-08-04 09:52:10.186]	[   22]	              [out][comment]=
[2016-08-04 09:52:10.186]	[   22]	SFTPOperations.OnCloseHandle EXIT
[2016-08-04 09:52:10.187]	[   22]	=============================================================
[2016-08-04 09:52:10.188]	[   22]	=============================================================
[2016-08-04 09:52:10.188]	[   22]	SFTPOperations.OnRequestAbsolutePath ENTER 
[2016-08-04 09:52:10.188]	[   22]	              [in][sender]=SBSftpServer.TElSFTPServer
[2016-08-04 09:52:10.188]	[   22]	              [in][path]=.
[2016-08-04 09:52:10.188]	[   22]	              [in][absolutePath]=
[2016-08-04 09:52:10.188]	[   22]	              [in][control]=rcNoCheck
[2016-08-04 09:52:10.188]	[   22]	              [in][composePath]=SBStringList.TElStringList
[2016-08-04 09:52:10.188]	[   22]	              [in][errorCode]=0
[2016-08-04 09:52:10.188]	[   22]	              [in][comment]=
[2016-08-04 09:52:10.188]	[   22]	              [out][absolutePath]=
[2016-08-04 09:52:10.188]	[   22]	              [out][errorCode]=0
[2016-08-04 09:52:10.188]	[   22]	              [out][comment]=
[2016-08-04 09:52:10.188]	[   22]	SFTPOperations.OnRequestAbsolutePath EXIT
[2016-08-04 09:52:10.188]	[   22]	=============================================================
[2016-08-04 09:52:10.191]	[   22]	=============================================================
[2016-08-04 09:52:10.191]	[   22]	SFTPOperations.OnRequestAttributes ENTER 
[2016-08-04 09:52:10.191]	[   22]	              [in][sender]=SBSftpServer.TElSFTPServer
[2016-08-04 09:52:10.191]	[   22]	              [in][path]=\\TestSession_514184cd-212a-4f11-ac6f-bcdf1472cb74\471a066b-e560-49e3-bf30-c3e5c3b5c563.txt
[2016-08-04 09:52:10.191]	[   22]	              [in][followSymLinks]=True
[2016-08-04 09:52:10.191]	[   22]	              [in][attributes]=SBSftpCommon.TElSftpFileAttributes
[2016-08-04 09:52:10.191]	[   22]	              [in][errorCode]=0
[2016-08-04 09:52:10.191]	[   22]	              [in][comment]=
[2016-08-04 09:52:10.191]	[   22]	              [out][errorCode]=0
[2016-08-04 09:52:10.191]	[   22]	              [out][comment]=
[2016-08-04 09:52:10.191]	[   22]	SFTPOperations.OnRequestAttributes EXIT
[2016-08-04 09:52:10.191]	[   22]	=============================================================
[2016-08-04 09:52:10.192]	[   22]	=============================================================
[2016-08-04 09:52:10.192]	[   22]	SFTPOperations.OnOpenFile ENTER (2)
[2016-08-04 09:52:10.192]	[   22]	              [in][sender]=SBSftpServer.TElSFTPServer
[2016-08-04 09:52:10.192]	[   22]	              [in][path]=\\TestSession_514184cd-212a-4f11-ac6f-bcdf1472cb74\471a066b-e560-49e3-bf30-c3e5c3b5c563.txt
[2016-08-04 09:52:10.192]	[   22]	              [in][modes]=1
[2016-08-04 09:52:10.192]	[   22]	              [in][Access]=0
[2016-08-04 09:52:10.192]	[   22]	              [in][desiredAccess]=1
[2016-08-04 09:52:10.192]	[   22]	              [in][attributes]=SBSftpCommon.TElSftpFileAttributes
[2016-08-04 09:52:10.192]	[   22]	              [in][data]=
[2016-08-04 09:52:10.192]	[   22]	              [in][errorCode]=0
[2016-08-04 09:52:10.192]	[   22]	              [in][comment]=
[2016-08-04 09:52:10.192]	[   22]	              [out][data]=
[2016-08-04 09:52:10.192]	[   22]	              [out][errorCode]=0
[2016-08-04 09:52:10.192]	[   22]	              [out][comment]=
[2016-08-04 09:52:10.192]	[   22]	SFTPOperations.OnOpenFile EXIT
[2016-08-04 09:52:10.192]	[   22]	=============================================================
[2016-08-04 09:52:10.195]	[   22]	=============================================================
[2016-08-04 09:52:10.195]	[   22]	SFTPOperations.OnReadFile ENTER (1)
[2016-08-04 09:52:10.195]	[   22]	              [in][sender]=SBSftpServer.TElSFTPServer
[2016-08-04 09:52:10.195]	[   22]	              [in][data]=System.IO.FileStream
[2016-08-04 09:52:10.195]	[   22]	              [in][offset]=0
[2016-08-04 09:52:10.195]	[   22]	              [in][buffer]=System.Byte[]
[2016-08-04 09:52:10.195]	[   22]	              [in][bufferOffset]=13
[2016-08-04 09:52:10.195]	[   22]	              [in][count]=1
[2016-08-04 09:52:10.195]	[   22]	              [in][read]=0
[2016-08-04 09:52:10.195]	[   22]	              [in][errorCode]=0
[2016-08-04 09:52:10.195]	[   22]	              [in][comment]=
[2016-08-04 09:52:10.197]	[   22]	              [out][buffer]=System.Byte[]
[2016-08-04 09:52:10.197]	[   22]	              [out][read]=0
[2016-08-04 09:52:10.197]	[   22]	              [out][errorCode]=0
[2016-08-04 09:52:10.197]	[   22]	              [out][comment]=
[2016-08-04 09:52:10.197]	[   22]	SFTPOperations.OnReadFile EXIT
[2016-08-04 09:52:10.197]	[   22]	=============================================================
[2016-08-04 09:52:10.200]	[   22]	=============================================================
[2016-08-04 09:52:10.200]	[   22]	SFTPOperations.OnReadFile ENTER (2)
[2016-08-04 09:52:10.200]	[   22]	              [in][sender]=SBSftpServer.TElSFTPServer
[2016-08-04 09:52:10.200]	[   22]	              [in][data]=System.IO.FileStream
[2016-08-04 09:52:10.200]	[   22]	              [in][offset]=1
[2016-08-04 09:52:10.200]	[   22]	              [in][buffer]=System.Byte[]
[2016-08-04 09:52:10.200]	[   22]	              [in][bufferOffset]=13
[2016-08-04 09:52:10.200]	[   22]	              [in][count]=1
[2016-08-04 09:52:10.200]	[   22]	              [in][read]=0
[2016-08-04 09:52:10.200]	[   22]	              [in][errorCode]=0
[2016-08-04 09:52:10.200]	[   22]	              [in][comment]=
[2016-08-04 09:52:10.200]	[   22]	              [out][buffer]=System.Byte[]
[2016-08-04 09:52:10.200]	[   22]	              [out][read]=0
[2016-08-04 09:52:10.200]	[   22]	              [out][errorCode]=0
[2016-08-04 09:52:10.200]	[   22]	              [out][comment]=
[2016-08-04 09:52:10.200]	[   22]	SFTPOperations.OnReadFile EXIT
[2016-08-04 09:52:10.200]	[   22]	=============================================================
[2016-08-04 09:52:10.200]	[   22]	=============================================================
[2016-08-04 09:52:10.200]	[   22]	SFTPOperations.OnReadFile ENTER (3)
[2016-08-04 09:52:10.200]	[   22]	              [in][sender]=SBSftpServer.TElSFTPServer
[2016-08-04 09:52:10.200]	[   22]	              [in][data]=System.IO.FileStream
[2016-08-04 09:52:10.200]	[   22]	              [in][offset]=2
[2016-08-04 09:52:10.200]	[   22]	              [in][buffer]=System.Byte[]
[2016-08-04 09:52:10.200]	[   22]	              [in][bufferOffset]=13
[2016-08-04 09:52:10.200]	[   22]	              [in][count]=1
[2016-08-04 09:52:10.200]	[   22]	              [in][read]=0
[2016-08-04 09:52:10.200]	[   22]	              [in][errorCode]=0
[2016-08-04 09:52:10.200]	[   22]	              [in][comment]=
[2016-08-04 09:52:10.200]	[   22]	              [out][buffer]=System.Byte[]
[2016-08-04 09:52:10.201]	[   22]	              [out][read]=0
[2016-08-04 09:52:10.201]	[   22]	              [out][errorCode]=0
[2016-08-04 09:52:10.201]	[   22]	              [out][comment]=
[2016-08-04 09:52:10.201]	[   22]	SFTPOperations.OnReadFile EXIT
[2016-08-04 09:52:10.201]	[   22]	=============================================================
[2016-08-04 09:52:10.201]	[   22]	=============================================================
[2016-08-04 09:52:10.201]	[   22]	SFTPOperations.OnReadFile ENTER (4)
[2016-08-04 09:52:10.201]	[   22]	              [in][sender]=SBSftpServer.TElSFTPServer
[2016-08-04 09:52:10.201]	[   22]	              [in][data]=System.IO.FileStream
[2016-08-04 09:52:10.201]	[   22]	              [in][offset]=3
[2016-08-04 09:52:10.201]	[   22]	              [in][buffer]=System.Byte[]
[2016-08-04 09:52:10.201]	[   22]	              [in][bufferOffset]=13
[2016-08-04 09:52:10.201]	[   22]	              [in][count]=1
[2016-08-04 09:52:10.201]	[   22]	              [in][read]=0
[2016-08-04 09:52:10.201]	[   22]	              [in][errorCode]=0
[2016-08-04 09:52:10.201]	[   22]	              [in][comment]=
[2016-08-04 09:52:10.201]	[   22]	              [out][buffer]=System.Byte[]
[2016-08-04 09:52:10.201]	[   22]	              [out][read]=0
[2016-08-04 09:52:10.201]	[   22]	              [out][errorCode]=0
[2016-08-04 09:52:10.201]	[   22]	              [out][comment]=
[2016-08-04 09:52:10.201]	[   22]	SFTPOperations.OnReadFile EXIT
[2016-08-04 09:52:10.201]	[   22]	=============================================================
[2016-08-04 09:52:10.201]	[   22]	=============================================================
[2016-08-04 09:52:10.201]	[   22]	SFTPOperations.OnReadFile ENTER (5)
[2016-08-04 09:52:10.202]	[   22]	              [in][sender]=SBSftpServer.TElSFTPServer
[2016-08-04 09:52:10.202]	[   22]	              [in][data]=System.IO.FileStream
[2016-08-04 09:52:10.202]	[   22]	              [in][offset]=4
[2016-08-04 09:52:10.202]	[   22]	              [in][buffer]=System.Byte[]
[2016-08-04 09:52:10.202]	[   22]	              [in][bufferOffset]=13
[2016-08-04 09:52:10.202]	[   22]	              [in][count]=1
[2016-08-04 09:52:10.202]	[   22]	              [in][read]=0
[2016-08-04 09:52:10.202]	[   22]	              [in][errorCode]=0
[2016-08-04 09:52:10.202]	[   22]	              [in][comment]=
[2016-08-04 09:52:10.202]	[   22]	              [out][buffer]=System.Byte[]
[2016-08-04 09:52:10.202]	[   22]	              [out][read]=0
[2016-08-04 09:52:10.202]	[   22]	              [out][errorCode]=0
[2016-08-04 09:52:10.202]	[   22]	              [out][comment]=
[2016-08-04 09:52:10.202]	[   22]	SFTPOperations.OnReadFile EXIT
[2016-08-04 09:52:10.202]	[   22]	=============================================================
[2016-08-04 09:52:10.202]	[   21]	Socket receive operation failed: Cannot access a disposed object.
Object name: 'System.Net.Sockets.Socket'.
[2016-08-04 09:52:10.203]	[   21]	Closing the socket
[2016-08-04 09:52:10.203]	[   21]	DoSocketShutdown : Cannot access a disposed object.
Object name: 'System.Net.Sockets.Socket'.
[2016-08-04 09:52:10.203]	[   21]	ServerListener.OnSessionClosed()
[2016-08-04 09:52:10.352]	[   18]	ServerListener.Listen : New connection available
[2016-08-04 09:52:10.353]	[   18]	Connection accepted. Active connections 1 from 20
[2016-08-04 09:52:10.456]	[   23]	Subsystem sftp opened
[2016-08-04 09:52:10.457]	[   23]	SFTP server started
[2016-08-04 09:52:10.457]	[   24]	=============================================================
[2016-08-04 09:52:10.457]	[   24]	SFTPOperations.OnOpen ENTER (2)
[2016-08-04 09:52:10.457]	[   24]	              [in][sender]=SBSftpServer.TElSFTPServer
[2016-08-04 09:52:10.457]	[   24]	SFTP connection established
[2016-08-04 09:52:10.457]	[   24]	SFTPOperations.OnOpen EXIT
[2016-08-04 09:52:10.457]	[   24]	=============================================================
[2016-08-04 09:52:10.457]	[   24]	=============================================================
[2016-08-04 09:52:10.457]	[   24]	SFTPOperations.OnRequestAbsolutePath ENTER 
[2016-08-04 09:52:10.457]	[   24]	              [in][sender]=SBSftpServer.TElSFTPServer
[2016-08-04 09:52:10.457]	[   24]	              [in][path]=.
[2016-08-04 09:52:10.457]	[   24]	              [in][absolutePath]=
[2016-08-04 09:52:10.457]	[   24]	              [in][control]=rcNoCheck
[2016-08-04 09:52:10.457]	[   24]	              [in][composePath]=SBStringList.TElStringList
[2016-08-04 09:52:10.457]	[   24]	              [in][errorCode]=0
[2016-08-04 09:52:10.457]	[   24]	              [in][comment]=
[2016-08-04 09:52:10.457]	[   24]	              [out][absolutePath]=
[2016-08-04 09:52:10.457]	[   24]	              [out][errorCode]=0
[2016-08-04 09:52:10.457]	[   24]	              [out][comment]=
[2016-08-04 09:52:10.457]	[   24]	SFTPOperations.OnRequestAbsolutePath EXIT
[2016-08-04 09:52:10.457]	[   24]	=============================================================
[2016-08-04 09:52:10.458]	[   24]	=============================================================
[2016-08-04 09:52:10.458]	[   24]	SFTPOperations.OnRequestAttributes ENTER 
[2016-08-04 09:52:10.458]	[   24]	              [in][sender]=SBSftpServer.TElSFTPServer
[2016-08-04 09:52:10.458]	[   24]	              [in][path]=\\TestSession_514184cd-212a-4f11-ac6f-bcdf1472cb74\471a066b-e560-49e3-bf30-c3e5c3b5c563.txt
[2016-08-04 09:52:10.458]	[   24]	              [in][followSymLinks]=True
[2016-08-04 09:52:10.458]	[   24]	              [in][attributes]=SBSftpCommon.TElSftpFileAttributes
[2016-08-04 09:52:10.458]	[   24]	              [in][errorCode]=0
[2016-08-04 09:52:10.458]	[   24]	              [in][comment]=
[2016-08-04 09:52:10.458]	[   24]	              [out][errorCode]=0
[2016-08-04 09:52:10.458]	[   24]	              [out][comment]=
[2016-08-04 09:52:10.458]	[   24]	SFTPOperations.OnRequestAttributes EXIT
[2016-08-04 09:52:10.458]	[   24]	=============================================================
[2016-08-04 09:52:10.459]	[   24]	=============================================================
[2016-08-04 09:52:10.459]	[   24]	SFTPOperations.OnOpenFile ENTER (3)
[2016-08-04 09:52:10.459]	[   24]	              [in][sender]=SBSftpServer.TElSFTPServer
[2016-08-04 09:52:10.459]	[   24]	              [in][path]=\\TestSession_514184cd-212a-4f11-ac6f-bcdf1472cb74\471a066b-e560-49e3-bf30-c3e5c3b5c563.txt
[2016-08-04 09:52:10.459]	[   24]	              [in][modes]=1
[2016-08-04 09:52:10.459]	[   24]	              [in][Access]=0
[2016-08-04 09:52:10.459]	[   24]	              [in][desiredAccess]=1
[2016-08-04 09:52:10.459]	[   24]	              [in][attributes]=SBSftpCommon.TElSftpFileAttributes
[2016-08-04 09:52:10.459]	[   24]	              [in][data]=
[2016-08-04 09:52:10.459]	[   24]	              [in][errorCode]=0
[2016-08-04 09:52:10.459]	[   24]	              [in][comment]=
[2016-08-04 09:52:10.459]	[   24]	              [out][data]=
[2016-08-04 09:52:10.459]	[   24]	              [out][errorCode]=0
[2016-08-04 09:52:10.459]	[   24]	              [out][comment]=
[2016-08-04 09:52:10.459]	[   24]	SFTPOperations.OnOpenFile EXIT
[2016-08-04 09:52:10.459]	[   24]	=============================================================
[2016-08-04 09:52:10.459]	[   24]	=============================================================
[2016-08-04 09:52:10.459]	[   24]	SFTPOperations.OnReadFile ENTER (6)
[2016-08-04 09:52:10.459]	[   24]	              [in][sender]=SBSftpServer.TElSFTPServer
[2016-08-04 09:52:10.459]	[   24]	              [in][data]=System.IO.FileStream
[2016-08-04 09:52:10.459]	[   24]	              [in][offset]=4
[2016-08-04 09:52:10.459]	[   24]	              [in][buffer]=System.Byte[]
[2016-08-04 09:52:10.459]	[   24]	              [in][bufferOffset]=13
[2016-08-04 09:52:10.460]	[   24]	              [in][count]=1
[2016-08-04 09:52:10.460]	[   24]	              [in][read]=0
[2016-08-04 09:52:10.460]	[   24]	              [in][errorCode]=0
[2016-08-04 09:52:10.460]	[   24]	              [in][comment]=
[2016-08-04 09:52:10.460]	[   24]	              [out][buffer]=System.Byte[]
[2016-08-04 09:52:10.460]	[   24]	              [out][read]=0
[2016-08-04 09:52:10.460]	[   24]	              [out][errorCode]=0
[2016-08-04 09:52:10.460]	[   24]	              [out][comment]=
[2016-08-04 09:52:10.460]	[   24]	SFTPOperations.OnReadFile EXIT
[2016-08-04 09:52:10.460]	[   24]	=============================================================
[2016-08-04 09:52:10.460]	[   24]	=============================================================
[2016-08-04 09:52:10.460]	[   24]	SFTPOperations.OnReadFile ENTER (7)
[2016-08-04 09:52:10.460]	[   24]	              [in][sender]=SBSftpServer.TElSFTPServer
[2016-08-04 09:52:10.460]	[   24]	              [in][data]=System.IO.FileStream
[2016-08-04 09:52:10.460]	[   24]	              [in][offset]=5
[2016-08-04 09:52:10.460]	[   24]	              [in][buffer]=System.Byte[]
[2016-08-04 09:52:10.460]	[   24]	              [in][bufferOffset]=13
[2016-08-04 09:52:10.460]	[   24]	              [in][count]=1
[2016-08-04 09:52:10.460]	[   24]	              [in][read]=0
[2016-08-04 09:52:10.460]	[   24]	              [in][errorCode]=0
[2016-08-04 09:52:10.460]	[   24]	              [in][comment]=
[2016-08-04 09:52:10.460]	[   24]	              [out][buffer]=System.Byte[]
[2016-08-04 09:52:10.460]	[   24]	              [out][read]=0
[2016-08-04 09:52:10.460]	[   24]	              [out][errorCode]=0
[2016-08-04 09:52:10.460]	[   24]	              [out][comment]=
[2016-08-04 09:52:10.460]	[   24]	SFTPOperations.OnReadFile EXIT
[2016-08-04 09:52:10.460]	[   24]	=============================================================
[2016-08-04 09:52:10.461]	[   24]	=============================================================
[2016-08-04 09:52:10.461]	[   24]	SFTPOperations.OnReadFile ENTER (8)
[2016-08-04 09:52:10.461]	[   24]	              [in][sender]=SBSftpServer.TElSFTPServer
[2016-08-04 09:52:10.461]	[   24]	              [in][data]=System.IO.FileStream
[2016-08-04 09:52:10.461]	[   24]	              [in][offset]=6
[2016-08-04 09:52:10.461]	[   24]	              [in][buffer]=System.Byte[]
[2016-08-04 09:52:10.461]	[   24]	              [in][bufferOffset]=13
[2016-08-04 09:52:10.461]	[   24]	              [in][count]=1
[2016-08-04 09:52:10.461]	[   24]	              [in][read]=0
[2016-08-04 09:52:10.461]	[   24]	              [in][errorCode]=0
[2016-08-04 09:52:10.461]	[   24]	              [in][comment]=
[2016-08-04 09:52:10.461]	[   24]	              [out][buffer]=System.Byte[]
[2016-08-04 09:52:10.461]	[   24]	              [out][read]=0
[2016-08-04 09:52:10.461]	[   24]	              [out][errorCode]=0
[2016-08-04 09:52:10.461]	[   24]	              [out][comment]=
[2016-08-04 09:52:10.461]	[   24]	SFTPOperations.OnReadFile EXIT
[2016-08-04 09:52:10.461]	[   24]	=============================================================
[2016-08-04 09:52:10.461]	[   24]	=============================================================
[2016-08-04 09:52:10.461]	[   24]	SFTPOperations.OnReadFile ENTER (9)
[2016-08-04 09:52:10.461]	[   24]	              [in][sender]=SBSftpServer.TElSFTPServer
[2016-08-04 09:52:10.461]	[   24]	              [in][data]=System.IO.FileStream
[2016-08-04 09:52:10.461]	[   24]	              [in][offset]=7
[2016-08-04 09:52:10.461]	[   24]	              [in][buffer]=System.Byte[]
[2016-08-04 09:52:10.461]	[   24]	              [in][bufferOffset]=13
[2016-08-04 09:52:10.461]	[   24]	              [in][count]=1
[2016-08-04 09:52:10.461]	[   24]	              [in][read]=0
[2016-08-04 09:52:10.461]	[   24]	              [in][errorCode]=0
[2016-08-04 09:52:10.461]	[   24]	              [in][comment]=
[2016-08-04 09:52:10.461]	[   24]	              [out][buffer]=System.Byte[]
[2016-08-04 09:52:10.461]	[   24]	              [out][read]=0
[2016-08-04 09:52:10.462]	[   24]	              [out][errorCode]=0
[2016-08-04 09:52:10.462]	[   24]	              [out][comment]=
[2016-08-04 09:52:10.462]	[   24]	SFTPOperations.OnReadFile EXIT
[2016-08-04 09:52:10.462]	[   24]	=============================================================
[2016-08-04 09:52:10.462]	[   24]	=============================================================
[2016-08-04 09:52:10.462]	[   24]	SFTPOperations.OnReadFile ENTER (10)
[2016-08-04 09:52:10.462]	[   24]	              [in][sender]=SBSftpServer.TElSFTPServer
[2016-08-04 09:52:10.462]	[   24]	              [in][data]=System.IO.FileStream
[2016-08-04 09:52:10.462]	[   24]	              [in][offset]=8
[2016-08-04 09:52:10.462]	[   24]	              [in][buffer]=System.Byte[]
[2016-08-04 09:52:10.462]	[   24]	              [in][bufferOffset]=13
[2016-08-04 09:52:10.462]	[   24]	              [in][count]=1
[2016-08-04 09:52:10.462]	[   24]	              [in][read]=0
[2016-08-04 09:52:10.462]	[   24]	              [in][errorCode]=0
[2016-08-04 09:52:10.462]	[   24]	              [in][comment]=
[2016-08-04 09:52:10.462]	[   24]	              [out][buffer]=System.Byte[]
[2016-08-04 09:52:10.462]	[   24]	              [out][read]=0
[2016-08-04 09:52:10.462]	[   24]	              [out][errorCode]=0
[2016-08-04 09:52:10.462]	[   24]	              [out][comment]=
[2016-08-04 09:52:10.462]	[   24]	SFTPOperations.OnReadFile EXIT
[2016-08-04 09:52:10.462]	[   24]	=============================================================
[2016-08-04 09:52:10.462]	[   24]	=============================================================
[2016-08-04 09:52:10.462]	[   24]	SFTPOperations.OnReadFile ENTER (11)
[2016-08-04 09:52:10.462]	[   24]	              [in][sender]=SBSftpServer.TElSFTPServer
[2016-08-04 09:52:10.462]	[   24]	              [in][data]=System.IO.FileStream
[2016-08-04 09:52:10.462]	[   24]	              [in][offset]=9
[2016-08-04 09:52:10.463]	[   24]	              [in][buffer]=System.Byte[]
[2016-08-04 09:52:10.463]	[   24]	              [in][bufferOffset]=13
[2016-08-04 09:52:10.463]	[   24]	              [in][count]=1
[2016-08-04 09:52:10.463]	[   24]	              [in][read]=0
[2016-08-04 09:52:10.463]	[   24]	              [in][errorCode]=0
[2016-08-04 09:52:10.463]	[   24]	              [in][comment]=
[2016-08-04 09:52:10.463]	[   24]	              [out][buffer]=System.Byte[]
[2016-08-04 09:52:10.463]	[   24]	              [out][read]=0
[2016-08-04 09:52:10.463]	[   24]	              [out][errorCode]=0
[2016-08-04 09:52:10.463]	[   24]	              [out][comment]=
[2016-08-04 09:52:10.463]	[   24]	SFTPOperations.OnReadFile EXIT
[2016-08-04 09:52:10.463]	[   24]	=============================================================
[2016-08-04 09:52:10.463]	[   24]	=============================================================
[2016-08-04 09:52:10.463]	[   24]	SFTPOperations.OnReadFile ENTER (12)
[2016-08-04 09:52:10.463]	[   24]	              [in][sender]=SBSftpServer.TElSFTPServer
[2016-08-04 09:52:10.463]	[   24]	              [in][data]=System.IO.FileStream
[2016-08-04 09:52:10.463]	[   24]	              [in][offset]=10
[2016-08-04 09:52:10.463]	[   24]	              [in][buffer]=System.Byte[]
[2016-08-04 09:52:10.463]	[   24]	              [in][bufferOffset]=13
[2016-08-04 09:52:10.463]	[   24]	              [in][count]=1
[2016-08-04 09:52:10.463]	[   24]	              [in][read]=0
[2016-08-04 09:52:10.463]	[   24]	              [in][errorCode]=0
[2016-08-04 09:52:10.463]	[   24]	              [in][comment]=
[2016-08-04 09:52:10.463]	[   24]	              [out][buffer]=System.Byte[]
[2016-08-04 09:52:10.463]	[   24]	              [out][read]=0
[2016-08-04 09:52:10.463]	[   24]	              [out][errorCode]=0
[2016-08-04 09:52:10.463]	[   24]	              [out][comment]=
[2016-08-04 09:52:10.463]	[   24]	SFTPOperations.OnReadFile EXIT
[2016-08-04 09:52:10.463]	[   24]	=============================================================
[2016-08-04 09:52:10.464]	[   24]	=============================================================
[2016-08-04 09:52:10.464]	[   24]	SFTPOperations.OnReadFile ENTER (13)
[2016-08-04 09:52:10.464]	[   24]	              [in][sender]=SBSftpServer.TElSFTPServer
[2016-08-04 09:52:10.464]	[   24]	              [in][data]=System.IO.FileStream
[2016-08-04 09:52:10.464]	[   24]	              [in][offset]=11
[2016-08-04 09:52:10.464]	[   24]	              [in][buffer]=System.Byte[]
[2016-08-04 09:52:10.464]	[   24]	              [in][bufferOffset]=13
[2016-08-04 09:52:10.464]	[   24]	              [in][count]=1
[2016-08-04 09:52:10.464]	[   24]	              [in][read]=0
[2016-08-04 09:52:10.464]	[   24]	              [in][errorCode]=0
[2016-08-04 09:52:10.464]	[   24]	              [in][comment]=
[2016-08-04 09:52:10.464]	[   24]	              [out][buffer]=System.Byte[]
[2016-08-04 09:52:10.464]	[   24]	              [out][read]=0
[2016-08-04 09:52:10.464]	[   24]	              [out][errorCode]=0
[2016-08-04 09:52:10.464]	[   24]	              [out][comment]=
[2016-08-04 09:52:10.464]	[   24]	SFTPOperations.OnReadFile EXIT
[2016-08-04 09:52:10.464]	[   24]	=============================================================
[2016-08-04 09:52:10.464]	[   24]	=============================================================
[2016-08-04 09:52:10.464]	[   24]	SFTPOperations.OnReadFile ENTER (14)
[2016-08-04 09:52:10.465]	[   24]	              [in][sender]=SBSftpServer.TElSFTPServer
[2016-08-04 09:52:10.465]	[   24]	              [in][data]=System.IO.FileStream
[2016-08-04 09:52:10.465]	[   24]	              [in][offset]=12
[2016-08-04 09:52:10.465]	[   24]	              [in][buffer]=System.Byte[]
[2016-08-04 09:52:10.465]	[   24]	              [in][bufferOffset]=13
[2016-08-04 09:52:10.465]	[   24]	              [in][count]=1
[2016-08-04 09:52:10.465]	[   24]	              [in][read]=0
[2016-08-04 09:52:10.465]	[   24]	              [in][errorCode]=0
[2016-08-04 09:52:10.465]	[   24]	              [in][comment]=
[2016-08-04 09:52:10.465]	[   24]	              [out][buffer]=System.Byte[]
[2016-08-04 09:52:10.465]	[   24]	              [out][read]=0
[2016-08-04 09:52:10.465]	[   24]	              [out][errorCode]=0
[2016-08-04 09:52:10.465]	[   24]	              [out][comment]=
[2016-08-04 09:52:10.465]	[   24]	SFTPOperations.OnReadFile EXIT
[2016-08-04 09:52:10.465]	[   24]	=============================================================
[2016-08-04 09:52:10.465]	[   24]	=============================================================
[2016-08-04 09:52:10.465]	[   24]	SFTPOperations.OnReadFile ENTER (15)
[2016-08-04 09:52:10.465]	[   24]	              [in][sender]=SBSftpServer.TElSFTPServer
[2016-08-04 09:52:10.465]	[   24]	              [in][data]=System.IO.FileStream
[2016-08-04 09:52:10.465]	[   24]	              [in][offset]=13
[2016-08-04 09:52:10.465]	[   24]	              [in][buffer]=System.Byte[]
[2016-08-04 09:52:10.465]	[   24]	              [in][bufferOffset]=13
[2016-08-04 09:52:10.465]	[   24]	              [in][count]=1
[2016-08-04 09:52:10.465]	[   24]	              [in][read]=0
[2016-08-04 09:52:10.465]	[   24]	              [in][errorCode]=0
[2016-08-04 09:52:10.465]	[   24]	              [in][comment]=
[2016-08-04 09:52:10.465]	[   24]	              [out][buffer]=System.Byte[]
[2016-08-04 09:52:10.465]	[   24]	              [out][read]=0
[2016-08-04 09:52:10.465]	[   24]	              [out][errorCode]=0
[2016-08-04 09:52:10.465]	[   24]	              [out][comment]=
[2016-08-04 09:52:10.465]	[   24]	SFTPOperations.OnReadFile EXIT
[2016-08-04 09:52:10.465]	[   24]	=============================================================
[2016-08-04 09:52:10.466]	[   24]	=============================================================
[2016-08-04 09:52:10.466]	[   24]	SFTPOperations.OnReadFile ENTER (16)
[2016-08-04 09:52:10.466]	[   24]	              [in][sender]=SBSftpServer.TElSFTPServer
[2016-08-04 09:52:10.466]	[   24]	              [in][data]=System.IO.FileStream
[2016-08-04 09:52:10.466]	[   24]	              [in][offset]=14
[2016-08-04 09:52:10.466]	[   24]	              [in][buffer]=System.Byte[]
[2016-08-04 09:52:10.466]	[   24]	              [in][bufferOffset]=13
[2016-08-04 09:52:10.466]	[   24]	              [in][count]=1
[2016-08-04 09:52:10.466]	[   24]	              [in][read]=0
[2016-08-04 09:52:10.466]	[   24]	              [in][errorCode]=0
[2016-08-04 09:52:10.466]	[   24]	              [in][comment]=
[2016-08-04 09:52:10.466]	[   24]	              [out][buffer]=System.Byte[]
[2016-08-04 09:52:10.466]	[   24]	              [out][read]=0
[2016-08-04 09:52:10.466]	[   24]	              [out][errorCode]=0
[2016-08-04 09:52:10.466]	[   24]	              [out][comment]=
[2016-08-04 09:52:10.466]	[   24]	SFTPOperations.OnReadFile EXIT
[2016-08-04 09:52:10.466]	[   24]	=============================================================
[2016-08-04 09:52:10.466]	[   24]	=============================================================
[2016-08-04 09:52:10.466]	[   24]	SFTPOperations.OnReadFile ENTER (17)
[2016-08-04 09:52:10.466]	[   24]	              [in][sender]=SBSftpServer.TElSFTPServer
[2016-08-04 09:52:10.466]	[   24]	              [in][data]=System.IO.FileStream
[2016-08-04 09:52:10.466]	[   24]	              [in][offset]=15
[2016-08-04 09:52:10.466]	[   24]	              [in][buffer]=System.Byte[]
[2016-08-04 09:52:10.466]	[   24]	              [in][bufferOffset]=13
[2016-08-04 09:52:10.466]	[   24]	              [in][count]=1
[2016-08-04 09:52:10.467]	[   24]	              [in][read]=0
[2016-08-04 09:52:10.467]	[   24]	              [in][errorCode]=0
[2016-08-04 09:52:10.467]	[   24]	              [in][comment]=
[2016-08-04 09:52:10.467]	[   24]	              [out][buffer]=System.Byte[]
[2016-08-04 09:52:10.467]	[   24]	              [out][read]=0
[2016-08-04 09:52:10.467]	[   24]	              [out][errorCode]=0
[2016-08-04 09:52:10.467]	[   24]	              [out][comment]=
[2016-08-04 09:52:10.467]	[   24]	SFTPOperations.OnReadFile EXIT
[2016-08-04 09:52:10.467]	[   24]	=============================================================
[2016-08-04 09:52:10.467]	[   24]	=============================================================
[2016-08-04 09:52:10.467]	[   24]	SFTPOperations.OnCloseHandle ENTER (2)
[2016-08-04 09:52:10.467]	[   24]	              [in][sender]=SBSftpServer.TElSFTPServer
[2016-08-04 09:52:10.467]	[   24]	              [in][data]=System.IO.FileStream
[2016-08-04 09:52:10.467]	[   24]	              [in][errorCode]=1
[2016-08-04 09:52:10.467]	[   24]	              [in][comment]=
[2016-08-04 09:52:10.467]	[   24]	              [out][errorCode]=1
[2016-08-04 09:52:10.467]	[   24]	              [out][comment]=
[2016-08-04 09:52:10.467]	[   24]	SFTPOperations.OnCloseHandle EXIT
[2016-08-04 09:52:10.467]	[   24]	=============================================================
[2016-08-04 09:52:10.471]	[   24]	=============================================================
[2016-08-04 09:52:10.471]	[   24]	SFTPOperations.OnRequestAbsolutePath ENTER 
[2016-08-04 09:52:10.471]	[   24]	              [in][sender]=SBSftpServer.TElSFTPServer
[2016-08-04 09:52:10.471]	[   24]	              [in][path]=.
[2016-08-04 09:52:10.471]	[   24]	              [in][absolutePath]=
[2016-08-04 09:52:10.472]	[   24]	              [in][control]=rcNoCheck
[2016-08-04 09:52:10.472]	[   24]	              [in][composePath]=SBStringList.TElStringList
[2016-08-04 09:52:10.472]	[   24]	              [in][errorCode]=0
[2016-08-04 09:52:10.472]	[   24]	              [in][comment]=
[2016-08-04 09:52:10.472]	[   24]	              [out][absolutePath]=
[2016-08-04 09:52:10.472]	[   24]	              [out][errorCode]=0
[2016-08-04 09:52:10.472]	[   24]	              [out][comment]=
[2016-08-04 09:52:10.472]	[   24]	SFTPOperations.OnRequestAbsolutePath EXIT
[2016-08-04 09:52:10.472]	[   24]	=============================================================
[2016-08-04 09:52:10.472]	[   23]	Socket receive operation failed: An established connection was aborted by the software in your host machine
[2016-08-04 09:52:10.472]	[   23]	Closing the socket
[2016-08-04 09:52:10.472]	[   23]	ServerListener.OnSessionClosed()
[2016-08-04 09:52:10.475]	[   14]	Stopping socket listener
[2016-08-04 09:52:10.475]	[   14]	Socket listener stopped</StdOut>
      </Output>
    </UnitTestResult>
    <UnitTestResult executionId="4ac9d598-5d94-4882-bc98-0d502e94b333" testId="06b96953-a8d2-0954-da6f-60c5d8c91575" testName="DownloadFile_SessionClosedWhileDownloadingNoRetries_OnlyPartBeforeCloseDownloaded" computerName="ICSWS068" duration="00:00:00.4752724" startTime="2016-08-04T09:52:10.5141826+02:00" endTime="2016-08-04T09:52:10.9926225+02:00" testType="13cdc9d9-ddb5-4fa4-a97d-d965ccfc6d4b" outcome="Passed" testListId="8c84fa94-04c1-424b-9868-57a2d4851a1d" relativeResultsDirectory="4ac9d598-5d94-4882-bc98-0d502e94b333">
      <Output>
        <StdOut>Debug Trace:
[2016-08-04 09:52:10.520]	[   20]	Starting SSH server listener...
[2016-08-04 09:52:10.520]	[   20]	SSH server listener started.
[2016-08-04 09:52:10.571]	[   22]	ServerListener.Listen : New connection available
[2016-08-04 09:52:10.571]	[   22]	Connection accepted. Active connections 1 from 20
[2016-08-04 09:52:10.677]	[   19]	Subsystem sftp opened
[2016-08-04 09:52:10.678]	[   19]	SFTP server started
[2016-08-04 09:52:10.678]	[   25]	=============================================================
[2016-08-04 09:52:10.678]	[   25]	SFTPOperations.OnOpen ENTER (3)
[2016-08-04 09:52:10.678]	[   25]	              [in][sender]=SBSftpServer.TElSFTPServer
[2016-08-04 09:52:10.678]	[   25]	SFTP connection established
[2016-08-04 09:52:10.678]	[   25]	SFTPOperations.OnOpen EXIT
[2016-08-04 09:52:10.678]	[   25]	=============================================================
[2016-08-04 09:52:10.678]	[   25]	=============================================================
[2016-08-04 09:52:10.678]	[   25]	SFTPOperations.OnRequestAbsolutePath ENTER 
[2016-08-04 09:52:10.678]	[   25]	              [in][sender]=SBSftpServer.TElSFTPServer
[2016-08-04 09:52:10.678]	[   25]	              [in][path]=.
[2016-08-04 09:52:10.679]	[   25]	              [in][absolutePath]=
[2016-08-04 09:52:10.679]	[   25]	              [in][control]=rcNoCheck
[2016-08-04 09:52:10.679]	[   25]	              [in][composePath]=SBStringList.TElStringList
[2016-08-04 09:52:10.679]	[   25]	              [in][errorCode]=0
[2016-08-04 09:52:10.679]	[   25]	              [in][comment]=
[2016-08-04 09:52:10.679]	[   25]	              [out][absolutePath]=
[2016-08-04 09:52:10.679]	[   25]	              [out][errorCode]=0
[2016-08-04 09:52:10.679]	[   25]	              [out][comment]=
[2016-08-04 09:52:10.679]	[   25]	SFTPOperations.OnRequestAbsolutePath EXIT
[2016-08-04 09:52:10.679]	[   25]	=============================================================
[2016-08-04 09:52:10.679]	[   25]	=============================================================
[2016-08-04 09:52:10.679]	[   25]	SFTPOperations.OnCreateDirectory ENTER 
[2016-08-04 09:52:10.679]	[   25]	              [in][sender]=SBSftpServer.TElSFTPServer
[2016-08-04 09:52:10.679]	[   25]	              [in][path]=\\TestSession_e6976bee-4d24-4fda-8a18-77c5798fd8d9
[2016-08-04 09:52:10.679]	[   25]	              [in][attributes]=
[2016-08-04 09:52:10.679]	[   25]	              [in][errorCode]=0
[2016-08-04 09:52:10.679]	[   25]	              [in][comment]=
[2016-08-04 09:52:10.679]	[   25]	              [out][errorCode]=0
[2016-08-04 09:52:10.679]	[   25]	              [out][comment]=
[2016-08-04 09:52:10.679]	[   25]	SFTPOperations.OnCreateDirectory EXIT
[2016-08-04 09:52:10.679]	[   25]	=============================================================
[2016-08-04 09:52:10.680]	[   19]	Socket receive operation failed: An established connection was aborted by the software in your host machine
[2016-08-04 09:52:10.680]	[   19]	Closing the socket
[2016-08-04 09:52:10.680]	[   19]	ServerListener.OnSessionClosed()
[2016-08-04 09:52:10.722]	[   22]	ServerListener.Listen : New connection available
[2016-08-04 09:52:10.723]	[   22]	Connection accepted. Active connections 1 from 20
[2016-08-04 09:52:10.824]	[   26]	Subsystem sftp opened
[2016-08-04 09:52:10.825]	[   26]	SFTP server started
[2016-08-04 09:52:10.825]	[   27]	=============================================================
[2016-08-04 09:52:10.825]	[   27]	SFTPOperations.OnOpen ENTER (1)
[2016-08-04 09:52:10.825]	[   27]	              [in][sender]=SBSftpServer.TElSFTPServer
[2016-08-04 09:52:10.825]	[   27]	SFTP connection established
[2016-08-04 09:52:10.825]	[   27]	SFTPOperations.OnOpen EXIT
[2016-08-04 09:52:10.826]	[   27]	=============================================================
[2016-08-04 09:52:10.826]	[   27]	=============================================================
[2016-08-04 09:52:10.826]	[   27]	SFTPOperations.OnRequestAbsolutePath ENTER 
[2016-08-04 09:52:10.826]	[   27]	              [in][sender]=SBSftpServer.TElSFTPServer
[2016-08-04 09:52:10.826]	[   27]	              [in][path]=.
[2016-08-04 09:52:10.826]	[   27]	              [in][absolutePath]=
[2016-08-04 09:52:10.826]	[   27]	              [in][control]=rcNoCheck
[2016-08-04 09:52:10.826]	[   27]	              [in][composePath]=SBStringList.TElStringList
[2016-08-04 09:52:10.826]	[   27]	              [in][errorCode]=0
[2016-08-04 09:52:10.826]	[   27]	              [in][comment]=
[2016-08-04 09:52:10.826]	[   27]	              [out][absolutePath]=
[2016-08-04 09:52:10.826]	[   27]	              [out][errorCode]=0
[2016-08-04 09:52:10.826]	[   27]	              [out][comment]=
[2016-08-04 09:52:10.826]	[   27]	SFTPOperations.OnRequestAbsolutePath EXIT
[2016-08-04 09:52:10.826]	[   27]	=============================================================
[2016-08-04 09:52:10.826]	[   27]	=============================================================
[2016-08-04 09:52:10.826]	[   27]	SFTPOperations.OnRequestAbsolutePath ENTER 
[2016-08-04 09:52:10.826]	[   27]	              [in][sender]=SBSftpServer.TElSFTPServer
[2016-08-04 09:52:10.826]	[   27]	              [in][path]=.
[2016-08-04 09:52:10.826]	[   27]	              [in][absolutePath]=
[2016-08-04 09:52:10.826]	[   27]	              [in][control]=rcNoCheck
[2016-08-04 09:52:10.826]	[   27]	              [in][composePath]=SBStringList.TElStringList
[2016-08-04 09:52:10.826]	[   27]	              [in][errorCode]=0
[2016-08-04 09:52:10.826]	[   27]	              [in][comment]=
[2016-08-04 09:52:10.826]	[   27]	              [out][absolutePath]=
[2016-08-04 09:52:10.826]	[   27]	              [out][errorCode]=0
[2016-08-04 09:52:10.827]	[   27]	              [out][comment]=
[2016-08-04 09:52:10.827]	[   27]	SFTPOperations.OnRequestAbsolutePath EXIT
[2016-08-04 09:52:10.827]	[   27]	=============================================================
[2016-08-04 09:52:10.827]	[   27]	=============================================================
[2016-08-04 09:52:10.827]	[   27]	SFTPOperations.OnRequestAttributes ENTER 
[2016-08-04 09:52:10.827]	[   27]	              [in][sender]=SBSftpServer.TElSFTPServer
[2016-08-04 09:52:10.827]	[   27]	              [in][path]=\\TestSession_e6976bee-4d24-4fda-8a18-77c5798fd8d9
[2016-08-04 09:52:10.827]	[   27]	              [in][followSymLinks]=True
[2016-08-04 09:52:10.827]	[   27]	              [in][attributes]=SBSftpCommon.TElSftpFileAttributes
[2016-08-04 09:52:10.827]	[   27]	              [in][errorCode]=0
[2016-08-04 09:52:10.827]	[   27]	              [in][comment]=
[2016-08-04 09:52:10.827]	[   27]	              [out][errorCode]=0
[2016-08-04 09:52:10.827]	[   27]	              [out][comment]=
[2016-08-04 09:52:10.827]	[   27]	SFTPOperations.OnRequestAttributes EXIT
[2016-08-04 09:52:10.827]	[   27]	=============================================================
[2016-08-04 09:52:10.828]	[   27]	=============================================================
[2016-08-04 09:52:10.828]	[   27]	SFTPOperations.OnOpenFile ENTER (1)
[2016-08-04 09:52:10.828]	[   27]	              [in][sender]=SBSftpServer.TElSFTPServer
[2016-08-04 09:52:10.828]	[   27]	              [in][path]=\\TestSession_e6976bee-4d24-4fda-8a18-77c5798fd8d9\309af9c6-3fe4-4179-ad7b-4a427e965156.txt
[2016-08-04 09:52:10.828]	[   27]	              [in][modes]=26
[2016-08-04 09:52:10.828]	[   27]	              [in][Access]=0
[2016-08-04 09:52:10.828]	[   27]	              [in][desiredAccess]=2
[2016-08-04 09:52:10.828]	[   27]	              [in][attributes]=SBSftpCommon.TElSftpFileAttributes
[2016-08-04 09:52:10.828]	[   27]	              [in][data]=
[2016-08-04 09:52:10.828]	[   27]	              [in][errorCode]=0
[2016-08-04 09:52:10.828]	[   27]	              [in][comment]=
[2016-08-04 09:52:10.828]	[   27]	              [out][data]=
[2016-08-04 09:52:10.828]	[   27]	              [out][errorCode]=0
[2016-08-04 09:52:10.828]	[   27]	              [out][comment]=
[2016-08-04 09:52:10.828]	[   27]	SFTPOperations.OnOpenFile EXIT
[2016-08-04 09:52:10.828]	[   27]	=============================================================
[2016-08-04 09:52:10.829]	[   27]	=============================================================
[2016-08-04 09:52:10.829]	[   27]	SFTPOperations.OnWriteFile ENTER (1)
[2016-08-04 09:52:10.829]	[   27]	              [in][sender]=SBSftpServer.TElSFTPServer
[2016-08-04 09:52:10.829]	[   27]	              [in][data]=System.IO.FileStream
[2016-08-04 09:52:10.829]	[   27]	              [in][offset]=0
[2016-08-04 09:52:10.829]	[   27]	              [in][buffer]=System.Byte[]
[2016-08-04 09:52:10.829]	[   27]	              [in][bufferOffset]=25
[2016-08-04 09:52:10.829]	[   27]	              [in][count]=20
[2016-08-04 09:52:10.829]	[   27]	              [in][errorCode]=0
[2016-08-04 09:52:10.829]	[   27]	              [in][comment]=
[2016-08-04 09:52:10.829]	[   27]	              [out][errorCode]=0
[2016-08-04 09:52:10.829]	[   27]	              [out][comment]=
[2016-08-04 09:52:10.829]	[   27]	SFTPOperations.OnWriteFile EXIT
[2016-08-04 09:52:10.829]	[   27]	=============================================================
[2016-08-04 09:52:10.829]	[   27]	=============================================================
[2016-08-04 09:52:10.829]	[   27]	SFTPOperations.OnCloseHandle ENTER (1)
[2016-08-04 09:52:10.829]	[   27]	              [in][sender]=SBSftpServer.TElSFTPServer
[2016-08-04 09:52:10.829]	[   27]	              [in][data]=System.IO.FileStream
[2016-08-04 09:52:10.829]	[   27]	              [in][errorCode]=0
[2016-08-04 09:52:10.829]	[   27]	              [in][comment]=
[2016-08-04 09:52:10.833]	[   27]	              [out][errorCode]=0
[2016-08-04 09:52:10.833]	[   27]	              [out][comment]=
[2016-08-04 09:52:10.833]	[   27]	SFTPOperations.OnCloseHandle EXIT
[2016-08-04 09:52:10.833]	[   27]	=============================================================
[2016-08-04 09:52:10.834]	[   27]	=============================================================
[2016-08-04 09:52:10.834]	[   27]	SFTPOperations.OnRequestAbsolutePath ENTER 
[2016-08-04 09:52:10.834]	[   27]	              [in][sender]=SBSftpServer.TElSFTPServer
[2016-08-04 09:52:10.834]	[   27]	              [in][path]=.
[2016-08-04 09:52:10.834]	[   27]	              [in][absolutePath]=
[2016-08-04 09:52:10.834]	[   27]	              [in][control]=rcNoCheck
[2016-08-04 09:52:10.834]	[   27]	              [in][composePath]=SBStringList.TElStringList
[2016-08-04 09:52:10.834]	[   27]	              [in][errorCode]=0
[2016-08-04 09:52:10.834]	[   27]	              [in][comment]=
[2016-08-04 09:52:10.834]	[   27]	              [out][absolutePath]=
[2016-08-04 09:52:10.834]	[   27]	              [out][errorCode]=0
[2016-08-04 09:52:10.834]	[   27]	              [out][comment]=
[2016-08-04 09:52:10.834]	[   27]	SFTPOperations.OnRequestAbsolutePath EXIT
[2016-08-04 09:52:10.834]	[   27]	=============================================================
[2016-08-04 09:52:10.834]	[   27]	=============================================================
[2016-08-04 09:52:10.834]	[   27]	SFTPOperations.OnRequestAttributes ENTER 
[2016-08-04 09:52:10.834]	[   27]	              [in][sender]=SBSftpServer.TElSFTPServer
[2016-08-04 09:52:10.834]	[   27]	              [in][path]=\\TestSession_e6976bee-4d24-4fda-8a18-77c5798fd8d9\309af9c6-3fe4-4179-ad7b-4a427e965156.txt
[2016-08-04 09:52:10.834]	[   27]	              [in][followSymLinks]=True
[2016-08-04 09:52:10.834]	[   27]	              [in][attributes]=SBSftpCommon.TElSftpFileAttributes
[2016-08-04 09:52:10.834]	[   27]	              [in][errorCode]=0
[2016-08-04 09:52:10.834]	[   27]	              [in][comment]=
[2016-08-04 09:52:10.835]	[   27]	              [out][errorCode]=0
[2016-08-04 09:52:10.835]	[   27]	              [out][comment]=
[2016-08-04 09:52:10.835]	[   27]	SFTPOperations.OnRequestAttributes EXIT
[2016-08-04 09:52:10.835]	[   27]	=============================================================
[2016-08-04 09:52:10.835]	[   27]	=============================================================
[2016-08-04 09:52:10.835]	[   27]	SFTPOperations.OnOpenFile ENTER (2)
[2016-08-04 09:52:10.835]	[   27]	              [in][sender]=SBSftpServer.TElSFTPServer
[2016-08-04 09:52:10.835]	[   27]	              [in][path]=\\TestSession_e6976bee-4d24-4fda-8a18-77c5798fd8d9\309af9c6-3fe4-4179-ad7b-4a427e965156.txt
[2016-08-04 09:52:10.835]	[   27]	              [in][modes]=1
[2016-08-04 09:52:10.835]	[   27]	              [in][Access]=0
[2016-08-04 09:52:10.835]	[   27]	              [in][desiredAccess]=1
[2016-08-04 09:52:10.835]	[   27]	              [in][attributes]=SBSftpCommon.TElSftpFileAttributes
[2016-08-04 09:52:10.835]	[   27]	              [in][data]=
[2016-08-04 09:52:10.835]	[   27]	              [in][errorCode]=0
[2016-08-04 09:52:10.835]	[   27]	              [in][comment]=
[2016-08-04 09:52:10.835]	[   27]	              [out][data]=
[2016-08-04 09:52:10.835]	[   27]	              [out][errorCode]=0
[2016-08-04 09:52:10.835]	[   27]	              [out][comment]=
[2016-08-04 09:52:10.835]	[   27]	SFTPOperations.OnOpenFile EXIT
[2016-08-04 09:52:10.835]	[   27]	=============================================================
[2016-08-04 09:52:10.836]	[   27]	=============================================================
[2016-08-04 09:52:10.836]	[   27]	SFTPOperations.OnReadFile ENTER (1)
[2016-08-04 09:52:10.836]	[   27]	              [in][sender]=SBSftpServer.TElSFTPServer
[2016-08-04 09:52:10.836]	[   27]	              [in][data]=System.IO.FileStream
[2016-08-04 09:52:10.836]	[   27]	              [in][offset]=0
[2016-08-04 09:52:10.836]	[   27]	              [in][buffer]=System.Byte[]
[2016-08-04 09:52:10.836]	[   27]	              [in][bufferOffset]=13
[2016-08-04 09:52:10.836]	[   27]	              [in][count]=1
[2016-08-04 09:52:10.836]	[   27]	              [in][read]=0
[2016-08-04 09:52:10.836]	[   27]	              [in][errorCode]=0
[2016-08-04 09:52:10.836]	[   27]	              [in][comment]=
[2016-08-04 09:52:10.836]	[   27]	              [out][buffer]=System.Byte[]
[2016-08-04 09:52:10.836]	[   27]	              [out][read]=0
[2016-08-04 09:52:10.836]	[   27]	              [out][errorCode]=0
[2016-08-04 09:52:10.836]	[   27]	              [out][comment]=
[2016-08-04 09:52:10.836]	[   27]	SFTPOperations.OnReadFile EXIT
[2016-08-04 09:52:10.836]	[   27]	=============================================================
[2016-08-04 09:52:10.836]	[   27]	=============================================================
[2016-08-04 09:52:10.836]	[   27]	SFTPOperations.OnReadFile ENTER (2)
[2016-08-04 09:52:10.836]	[   27]	              [in][sender]=SBSftpServer.TElSFTPServer
[2016-08-04 09:52:10.836]	[   27]	              [in][data]=System.IO.FileStream
[2016-08-04 09:52:10.836]	[   27]	              [in][offset]=1
[2016-08-04 09:52:10.836]	[   27]	              [in][buffer]=System.Byte[]
[2016-08-04 09:52:10.836]	[   27]	              [in][bufferOffset]=13
[2016-08-04 09:52:10.836]	[   27]	              [in][count]=1
[2016-08-04 09:52:10.836]	[   27]	              [in][read]=0
[2016-08-04 09:52:10.836]	[   27]	              [in][errorCode]=0
[2016-08-04 09:52:10.836]	[   27]	              [in][comment]=
[2016-08-04 09:52:10.836]	[   27]	              [out][buffer]=System.Byte[]
[2016-08-04 09:52:10.836]	[   27]	              [out][read]=0
[2016-08-04 09:52:10.836]	[   27]	              [out][errorCode]=0
[2016-08-04 09:52:10.836]	[   27]	              [out][comment]=
[2016-08-04 09:52:10.836]	[   27]	SFTPOperations.OnReadFile EXIT
[2016-08-04 09:52:10.836]	[   27]	=============================================================
[2016-08-04 09:52:10.837]	[   27]	=============================================================
[2016-08-04 09:52:10.837]	[   27]	SFTPOperations.OnReadFile ENTER (3)
[2016-08-04 09:52:10.837]	[   27]	              [in][sender]=SBSftpServer.TElSFTPServer
[2016-08-04 09:52:10.837]	[   27]	              [in][data]=System.IO.FileStream
[2016-08-04 09:52:10.837]	[   27]	              [in][offset]=2
[2016-08-04 09:52:10.837]	[   27]	              [in][buffer]=System.Byte[]
[2016-08-04 09:52:10.837]	[   27]	              [in][bufferOffset]=13
[2016-08-04 09:52:10.837]	[   27]	              [in][count]=1
[2016-08-04 09:52:10.837]	[   27]	              [in][read]=0
[2016-08-04 09:52:10.837]	[   27]	              [in][errorCode]=0
[2016-08-04 09:52:10.837]	[   27]	              [in][comment]=
[2016-08-04 09:52:10.837]	[   27]	              [out][buffer]=System.Byte[]
[2016-08-04 09:52:10.837]	[   27]	              [out][read]=0
[2016-08-04 09:52:10.837]	[   27]	              [out][errorCode]=0
[2016-08-04 09:52:10.837]	[   27]	              [out][comment]=
[2016-08-04 09:52:10.837]	[   27]	SFTPOperations.OnReadFile EXIT
[2016-08-04 09:52:10.837]	[   27]	=============================================================
[2016-08-04 09:52:10.837]	[   27]	=============================================================
[2016-08-04 09:52:10.837]	[   27]	SFTPOperations.OnReadFile ENTER (4)
[2016-08-04 09:52:10.837]	[   27]	              [in][sender]=SBSftpServer.TElSFTPServer
[2016-08-04 09:52:10.837]	[   27]	              [in][data]=System.IO.FileStream
[2016-08-04 09:52:10.838]	[   27]	              [in][offset]=3
[2016-08-04 09:52:10.838]	[   27]	              [in][buffer]=System.Byte[]
[2016-08-04 09:52:10.838]	[   27]	              [in][bufferOffset]=13
[2016-08-04 09:52:10.838]	[   27]	              [in][count]=1
[2016-08-04 09:52:10.838]	[   27]	              [in][read]=0
[2016-08-04 09:52:10.838]	[   27]	              [in][errorCode]=0
[2016-08-04 09:52:10.838]	[   27]	              [in][comment]=
[2016-08-04 09:52:10.838]	[   27]	              [out][buffer]=System.Byte[]
[2016-08-04 09:52:10.838]	[   27]	              [out][read]=0
[2016-08-04 09:52:10.838]	[   27]	              [out][errorCode]=0
[2016-08-04 09:52:10.838]	[   27]	              [out][comment]=
[2016-08-04 09:52:10.838]	[   27]	SFTPOperations.OnReadFile EXIT
[2016-08-04 09:52:10.838]	[   27]	=============================================================
[2016-08-04 09:52:10.838]	[   27]	=============================================================
[2016-08-04 09:52:10.838]	[   27]	SFTPOperations.OnReadFile ENTER (5)
[2016-08-04 09:52:10.838]	[   27]	              [in][sender]=SBSftpServer.TElSFTPServer
[2016-08-04 09:52:10.838]	[   27]	              [in][data]=System.IO.FileStream
[2016-08-04 09:52:10.838]	[   27]	              [in][offset]=4
[2016-08-04 09:52:10.838]	[   27]	              [in][buffer]=System.Byte[]
[2016-08-04 09:52:10.838]	[   27]	              [in][bufferOffset]=13
[2016-08-04 09:52:10.838]	[   27]	              [in][count]=1
[2016-08-04 09:52:10.838]	[   27]	              [in][read]=0
[2016-08-04 09:52:10.838]	[   27]	              [in][errorCode]=0
[2016-08-04 09:52:10.838]	[   27]	              [in][comment]=
[2016-08-04 09:52:10.838]	[   27]	              [out][buffer]=System.Byte[]
[2016-08-04 09:52:10.838]	[   27]	              [out][read]=0
[2016-08-04 09:52:10.838]	[   27]	              [out][errorCode]=0
[2016-08-04 09:52:10.838]	[   26]	Socket receive operation failed: Cannot access a disposed object.
Object name: 'System.Net.Sockets.Socket'.
[2016-08-04 09:52:10.838]	[   27]	              [out][comment]=
[2016-08-04 09:52:10.839]	[   27]	SFTPOperations.OnReadFile EXIT
[2016-08-04 09:52:10.839]	[   27]	=============================================================
[2016-08-04 09:52:10.839]	[   26]	Closing the socket
[2016-08-04 09:52:10.839]	[   26]	DoSocketShutdown : Cannot access a disposed object.
Object name: 'System.Net.Sockets.Socket'.
[2016-08-04 09:52:10.839]	[   26]	ServerListener.OnSessionClosed()
Operation DownloadFile failed; Unknown error code: FFFFFFFF
[2016-08-04 09:52:10.874]	[   22]	ServerListener.Listen : New connection available
[2016-08-04 09:52:10.874]	[   22]	Connection accepted. Active connections 1 from 20
[2016-08-04 09:52:10.980]	[   28]	Subsystem sftp opened
[2016-08-04 09:52:10.980]	[   28]	SFTP server started
[2016-08-04 09:52:10.981]	[   29]	=============================================================
[2016-08-04 09:52:10.981]	[   29]	SFTPOperations.OnOpen ENTER (2)
[2016-08-04 09:52:10.981]	[   29]	              [in][sender]=SBSftpServer.TElSFTPServer
[2016-08-04 09:52:10.981]	[   29]	SFTP connection established
[2016-08-04 09:52:10.981]	[   29]	SFTPOperations.OnOpen EXIT
[2016-08-04 09:52:10.981]	[   29]	=============================================================
[2016-08-04 09:52:10.981]	[   29]	=============================================================
[2016-08-04 09:52:10.981]	[   29]	SFTPOperations.OnRequestAbsolutePath ENTER 
[2016-08-04 09:52:10.981]	[   29]	              [in][sender]=SBSftpServer.TElSFTPServer
[2016-08-04 09:52:10.982]	[   29]	              [in][path]=.
[2016-08-04 09:52:10.982]	[   29]	              [in][absolutePath]=
[2016-08-04 09:52:10.982]	[   29]	              [in][control]=rcNoCheck
[2016-08-04 09:52:10.982]	[   29]	              [in][composePath]=SBStringList.TElStringList
[2016-08-04 09:52:10.982]	[   29]	              [in][errorCode]=0
[2016-08-04 09:52:10.982]	[   29]	              [in][comment]=
[2016-08-04 09:52:10.982]	[   29]	              [out][absolutePath]=
[2016-08-04 09:52:10.982]	[   29]	              [out][errorCode]=0
[2016-08-04 09:52:10.982]	[   29]	              [out][comment]=
[2016-08-04 09:52:10.982]	[   29]	SFTPOperations.OnRequestAbsolutePath EXIT
[2016-08-04 09:52:10.982]	[   29]	=============================================================
[2016-08-04 09:52:10.982]	[   20]	Stopping socket listener
[2016-08-04 09:52:10.982]	[   20]	Socket listener stopped
[2016-08-04 09:52:10.982]	[   28]	Socket receive operation failed: An established connection was aborted by the software in your host machine
[2016-08-04 09:52:10.983]	[   28]	Closing the socket
[2016-08-04 09:52:10.983]	[   28]	ServerListener.OnSessionClosed()</StdOut>
      </Output>
    </UnitTestResult>
    <UnitTestResult executionId="a93c5d87-cda0-402d-a48f-9d0134190f42" testId="632e8ab1-2dc1-dd65-c607-71f44c6db4b4" testName="UploadFile_SessionClosedWhileUploadingWithRetry_ResumesUpload" computerName="ICSWS068" duration="00:00:01.4969373" startTime="2016-08-04T09:52:10.9966254+02:00" endTime="2016-08-04T09:52:12.4950908+02:00" testType="13cdc9d9-ddb5-4fa4-a97d-d965ccfc6d4b" outcome="Passed" testListId="8c84fa94-04c1-424b-9868-57a2d4851a1d" relativeResultsDirectory="a93c5d87-cda0-402d-a48f-9d0134190f42">
      <Output>
        <StdOut>Debug Trace:
[2016-08-04 09:52:11.001]	[   32]	Starting SSH server listener...
[2016-08-04 09:52:11.001]	[   32]	SSH server listener started.
[2016-08-04 09:52:11.052]	[   30]	ServerListener.Listen : New connection available
[2016-08-04 09:52:11.052]	[   30]	Connection accepted. Active connections 1 from 20
[2016-08-04 09:52:11.155]	[   33]	Subsystem sftp opened
[2016-08-04 09:52:11.156]	[   33]	SFTP server started
[2016-08-04 09:52:11.156]	[   34]	=============================================================
[2016-08-04 09:52:11.156]	[   34]	SFTPOperations.OnOpen ENTER (3)
[2016-08-04 09:52:11.156]	[   34]	              [in][sender]=SBSftpServer.TElSFTPServer
[2016-08-04 09:52:11.156]	[   34]	SFTP connection established
[2016-08-04 09:52:11.156]	[   34]	SFTPOperations.OnOpen EXIT
[2016-08-04 09:52:11.156]	[   34]	=============================================================
[2016-08-04 09:52:11.157]	[   34]	=============================================================
[2016-08-04 09:52:11.157]	[   34]	SFTPOperations.OnRequestAbsolutePath ENTER 
[2016-08-04 09:52:11.157]	[   34]	              [in][sender]=SBSftpServer.TElSFTPServer
[2016-08-04 09:52:11.157]	[   34]	              [in][path]=.
[2016-08-04 09:52:11.157]	[   34]	              [in][absolutePath]=
[2016-08-04 09:52:11.157]	[   34]	              [in][control]=rcNoCheck
[2016-08-04 09:52:11.157]	[   34]	              [in][composePath]=SBStringList.TElStringList
[2016-08-04 09:52:11.157]	[   34]	              [in][errorCode]=0
[2016-08-04 09:52:11.157]	[   34]	              [in][comment]=
[2016-08-04 09:52:11.157]	[   34]	              [out][absolutePath]=
[2016-08-04 09:52:11.157]	[   34]	              [out][errorCode]=0
[2016-08-04 09:52:11.157]	[   34]	              [out][comment]=
[2016-08-04 09:52:11.157]	[   34]	SFTPOperations.OnRequestAbsolutePath EXIT
[2016-08-04 09:52:11.157]	[   34]	=============================================================
[2016-08-04 09:52:11.157]	[   34]	=============================================================
[2016-08-04 09:52:11.157]	[   34]	SFTPOperations.OnCreateDirectory ENTER 
[2016-08-04 09:52:11.157]	[   34]	              [in][sender]=SBSftpServer.TElSFTPServer
[2016-08-04 09:52:11.157]	[   34]	              [in][path]=\\TestSession_a63a73f3-949a-4201-81ca-8bf4a921f2d2
[2016-08-04 09:52:11.157]	[   34]	              [in][attributes]=
[2016-08-04 09:52:11.157]	[   34]	              [in][errorCode]=0
[2016-08-04 09:52:11.157]	[   34]	              [in][comment]=
[2016-08-04 09:52:11.158]	[   34]	              [out][errorCode]=0
[2016-08-04 09:52:11.158]	[   34]	              [out][comment]=
[2016-08-04 09:52:11.158]	[   34]	SFTPOperations.OnCreateDirectory EXIT
[2016-08-04 09:52:11.158]	[   34]	=============================================================
[2016-08-04 09:52:11.158]	[   33]	Socket receive operation failed: An established connection was aborted by the software in your host machine
[2016-08-04 09:52:11.158]	[   33]	Closing the socket
[2016-08-04 09:52:11.158]	[   33]	ServerListener.OnSessionClosed()
[2016-08-04 09:52:11.203]	[   30]	ServerListener.Listen : New connection available
[2016-08-04 09:52:11.203]	[   30]	Connection accepted. Active connections 1 from 20
[2016-08-04 09:52:11.307]	[   35]	Subsystem sftp opened
[2016-08-04 09:52:11.308]	[   35]	SFTP server started
[2016-08-04 09:52:11.308]	[   36]	=============================================================
[2016-08-04 09:52:11.308]	[   36]	SFTPOperations.OnOpen ENTER (1)
[2016-08-04 09:52:11.308]	[   36]	              [in][sender]=SBSftpServer.TElSFTPServer
[2016-08-04 09:52:11.308]	[   36]	SFTP connection established
[2016-08-04 09:52:11.308]	[   36]	SFTPOperations.OnOpen EXIT
[2016-08-04 09:52:11.308]	[   36]	=============================================================
[2016-08-04 09:52:11.308]	[   36]	=============================================================
[2016-08-04 09:52:11.308]	[   36]	SFTPOperations.OnRequestAbsolutePath ENTER 
[2016-08-04 09:52:11.308]	[   36]	              [in][sender]=SBSftpServer.TElSFTPServer
[2016-08-04 09:52:11.308]	[   36]	              [in][path]=.
[2016-08-04 09:52:11.308]	[   36]	              [in][absolutePath]=
[2016-08-04 09:52:11.308]	[   36]	              [in][control]=rcNoCheck
[2016-08-04 09:52:11.309]	[   36]	              [in][composePath]=SBStringList.TElStringList
[2016-08-04 09:52:11.309]	[   36]	              [in][errorCode]=0
[2016-08-04 09:52:11.309]	[   36]	              [in][comment]=
[2016-08-04 09:52:11.309]	[   36]	              [out][absolutePath]=
[2016-08-04 09:52:11.309]	[   36]	              [out][errorCode]=0
[2016-08-04 09:52:11.309]	[   36]	              [out][comment]=
[2016-08-04 09:52:11.309]	[   36]	SFTPOperations.OnRequestAbsolutePath EXIT
[2016-08-04 09:52:11.309]	[   36]	=============================================================
[2016-08-04 09:52:11.309]	[   36]	=============================================================
[2016-08-04 09:52:11.309]	[   36]	SFTPOperations.OnRequestAbsolutePath ENTER 
[2016-08-04 09:52:11.309]	[   36]	              [in][sender]=SBSftpServer.TElSFTPServer
[2016-08-04 09:52:11.309]	[   36]	              [in][path]=.
[2016-08-04 09:52:11.309]	[   36]	              [in][absolutePath]=
[2016-08-04 09:52:11.309]	[   36]	              [in][control]=rcNoCheck
[2016-08-04 09:52:11.309]	[   36]	              [in][composePath]=SBStringList.TElStringList
[2016-08-04 09:52:11.309]	[   36]	              [in][errorCode]=0
[2016-08-04 09:52:11.309]	[   36]	              [in][comment]=
[2016-08-04 09:52:11.310]	[   36]	              [out][absolutePath]=
[2016-08-04 09:52:11.310]	[   36]	              [out][errorCode]=0
[2016-08-04 09:52:11.310]	[   36]	              [out][comment]=
[2016-08-04 09:52:11.310]	[   36]	SFTPOperations.OnRequestAbsolutePath EXIT
[2016-08-04 09:52:11.310]	[   36]	=============================================================
[2016-08-04 09:52:11.310]	[   36]	=============================================================
[2016-08-04 09:52:11.310]	[   36]	SFTPOperations.OnRequestAttributes ENTER 
[2016-08-04 09:52:11.310]	[   36]	              [in][sender]=SBSftpServer.TElSFTPServer
[2016-08-04 09:52:11.310]	[   36]	              [in][path]=\\TestSession_a63a73f3-949a-4201-81ca-8bf4a921f2d2\1ef1bbf9-f67f-4bdc-90c0-9ca113e2413f.txt
[2016-08-04 09:52:11.310]	[   36]	              [in][followSymLinks]=True
[2016-08-04 09:52:11.310]	[   36]	              [in][attributes]=SBSftpCommon.TElSftpFileAttributes
[2016-08-04 09:52:11.310]	[   36]	              [in][errorCode]=0
[2016-08-04 09:52:11.310]	[   36]	              [in][comment]=
[2016-08-04 09:52:11.310]	[   36]	              [out][errorCode]=0
[2016-08-04 09:52:11.310]	[   36]	              [out][comment]=
[2016-08-04 09:52:11.310]	[   36]	SFTPOperations.OnRequestAttributes EXIT
[2016-08-04 09:52:11.310]	[   36]	=============================================================
[2016-08-04 09:52:11.311]	[   36]	=============================================================
[2016-08-04 09:52:11.311]	[   36]	SFTPOperations.OnRequestAttributes ENTER 
[2016-08-04 09:52:11.311]	[   36]	              [in][sender]=SBSftpServer.TElSFTPServer
[2016-08-04 09:52:11.311]	[   36]	              [in][path]=\\TestSession_a63a73f3-949a-4201-81ca-8bf4a921f2d2
[2016-08-04 09:52:11.311]	[   36]	              [in][followSymLinks]=True
[2016-08-04 09:52:11.311]	[   36]	              [in][attributes]=SBSftpCommon.TElSftpFileAttributes
[2016-08-04 09:52:11.311]	[   36]	              [in][errorCode]=2
[2016-08-04 09:52:11.311]	[   36]	              [in][comment]=No such file
[2016-08-04 09:52:11.311]	[   36]	              [out][errorCode]=2
[2016-08-04 09:52:11.311]	[   36]	              [out][comment]=No such file
[2016-08-04 09:52:11.311]	[   36]	SFTPOperations.OnRequestAttributes EXIT
[2016-08-04 09:52:11.311]	[   36]	=============================================================
[2016-08-04 09:52:11.311]	[   36]	=============================================================
[2016-08-04 09:52:11.311]	[   36]	SFTPOperations.OnOpenFile ENTER (1)
[2016-08-04 09:52:11.311]	[   36]	              [in][sender]=SBSftpServer.TElSFTPServer
[2016-08-04 09:52:11.311]	[   36]	              [in][path]=\\TestSession_a63a73f3-949a-4201-81ca-8bf4a921f2d2\1ef1bbf9-f67f-4bdc-90c0-9ca113e2413f.txt
[2016-08-04 09:52:11.311]	[   36]	              [in][modes]=26
[2016-08-04 09:52:11.311]	[   36]	              [in][Access]=0
[2016-08-04 09:52:11.311]	[   36]	              [in][desiredAccess]=2
[2016-08-04 09:52:11.311]	[   36]	              [in][attributes]=SBSftpCommon.TElSftpFileAttributes
[2016-08-04 09:52:11.311]	[   36]	              [in][data]=
[2016-08-04 09:52:11.311]	[   36]	              [in][errorCode]=0
[2016-08-04 09:52:11.312]	[   36]	              [in][comment]=No such file
[2016-08-04 09:52:11.312]	[   36]	              [out][data]=
[2016-08-04 09:52:11.312]	[   36]	              [out][errorCode]=0
[2016-08-04 09:52:11.312]	[   36]	              [out][comment]=No such file
[2016-08-04 09:52:11.312]	[   36]	SFTPOperations.OnOpenFile EXIT
[2016-08-04 09:52:11.312]	[   36]	=============================================================
[2016-08-04 09:52:11.312]	[   36]	=============================================================
[2016-08-04 09:52:11.312]	[   36]	SFTPOperations.OnWriteFile ENTER (1)
[2016-08-04 09:52:11.312]	[   36]	              [in][sender]=SBSftpServer.TElSFTPServer
[2016-08-04 09:52:11.312]	[   36]	              [in][data]=System.IO.FileStream
[2016-08-04 09:52:11.312]	[   36]	              [in][offset]=0
[2016-08-04 09:52:11.312]	[   36]	              [in][buffer]=System.Byte[]
[2016-08-04 09:52:11.312]	[   36]	              [in][bufferOffset]=25
[2016-08-04 09:52:11.312]	[   36]	              [in][count]=1
[2016-08-04 09:52:11.312]	[   36]	              [in][errorCode]=0
[2016-08-04 09:52:11.312]	[   36]	              [in][comment]=No such file
[2016-08-04 09:52:11.312]	[   36]	              [out][errorCode]=0
[2016-08-04 09:52:11.312]	[   36]	              [out][comment]=No such file
[2016-08-04 09:52:11.312]	[   36]	SFTPOperations.OnWriteFile EXIT
[2016-08-04 09:52:11.312]	[   36]	=============================================================
[2016-08-04 09:52:11.313]	[   36]	=============================================================
[2016-08-04 09:52:11.313]	[   36]	SFTPOperations.OnWriteFile ENTER (2)
[2016-08-04 09:52:11.313]	[   36]	              [in][sender]=SBSftpServer.TElSFTPServer
[2016-08-04 09:52:11.313]	[   36]	              [in][data]=System.IO.FileStream
[2016-08-04 09:52:11.313]	[   36]	              [in][offset]=1
[2016-08-04 09:52:11.313]	[   36]	              [in][buffer]=System.Byte[]
[2016-08-04 09:52:11.313]	[   36]	              [in][bufferOffset]=25
[2016-08-04 09:52:11.313]	[   36]	              [in][count]=1
[2016-08-04 09:52:11.313]	[   36]	              [in][errorCode]=0
[2016-08-04 09:52:11.313]	[   36]	              [in][comment]=No such file
[2016-08-04 09:52:11.313]	[   36]	              [out][errorCode]=0
[2016-08-04 09:52:11.313]	[   36]	              [out][comment]=No such file
[2016-08-04 09:52:11.313]	[   36]	SFTPOperations.OnWriteFile EXIT
[2016-08-04 09:52:11.313]	[   36]	=============================================================
[2016-08-04 09:52:11.313]	[   36]	=============================================================
[2016-08-04 09:52:11.314]	[   36]	SFTPOperations.OnWriteFile ENTER (3)
[2016-08-04 09:52:11.314]	[   36]	              [in][sender]=SBSftpServer.TElSFTPServer
[2016-08-04 09:52:11.314]	[   36]	              [in][data]=System.IO.FileStream
[2016-08-04 09:52:11.314]	[   36]	              [in][offset]=2
[2016-08-04 09:52:11.314]	[   36]	              [in][buffer]=System.Byte[]
[2016-08-04 09:52:11.314]	[   36]	              [in][bufferOffset]=25
[2016-08-04 09:52:11.314]	[   36]	              [in][count]=1
[2016-08-04 09:52:11.314]	[   36]	              [in][errorCode]=0
[2016-08-04 09:52:11.314]	[   36]	              [in][comment]=No such file
[2016-08-04 09:52:11.314]	[   36]	              [out][errorCode]=0
[2016-08-04 09:52:11.314]	[   36]	              [out][comment]=No such file
[2016-08-04 09:52:11.314]	[   36]	SFTPOperations.OnWriteFile EXIT
[2016-08-04 09:52:11.314]	[   36]	=============================================================
[2016-08-04 09:52:11.314]	[   36]	=============================================================
[2016-08-04 09:52:11.315]	[   36]	SFTPOperations.OnWriteFile ENTER (4)
[2016-08-04 09:52:11.315]	[   36]	              [in][sender]=SBSftpServer.TElSFTPServer
[2016-08-04 09:52:11.315]	[   36]	              [in][data]=System.IO.FileStream
[2016-08-04 09:52:11.315]	[   36]	              [in][offset]=3
[2016-08-04 09:52:11.315]	[   36]	              [in][buffer]=System.Byte[]
[2016-08-04 09:52:11.315]	[   36]	              [in][bufferOffset]=25
[2016-08-04 09:52:11.315]	[   36]	              [in][count]=1
[2016-08-04 09:52:11.315]	[   36]	              [in][errorCode]=0
[2016-08-04 09:52:11.315]	[   36]	              [in][comment]=No such file
[2016-08-04 09:52:11.315]	[   36]	              [out][errorCode]=0
[2016-08-04 09:52:11.315]	[   36]	              [out][comment]=No such file
[2016-08-04 09:52:11.315]	[   36]	SFTPOperations.OnWriteFile EXIT
[2016-08-04 09:52:11.315]	[   36]	=============================================================
[2016-08-04 09:52:11.316]	[   36]	=============================================================
[2016-08-04 09:52:11.316]	[   36]	SFTPOperations.OnWriteFile ENTER (5)
[2016-08-04 09:52:11.316]	[   36]	              [in][sender]=SBSftpServer.TElSFTPServer
[2016-08-04 09:52:11.316]	[   36]	              [in][data]=System.IO.FileStream
[2016-08-04 09:52:11.316]	[   36]	              [in][offset]=4
[2016-08-04 09:52:11.316]	[   36]	              [in][buffer]=System.Byte[]
[2016-08-04 09:52:11.316]	[   36]	              [in][bufferOffset]=25
[2016-08-04 09:52:11.316]	[   36]	              [in][count]=1
[2016-08-04 09:52:11.316]	[   36]	              [in][errorCode]=0
[2016-08-04 09:52:11.316]	[   36]	              [in][comment]=No such file
[2016-08-04 09:52:11.316]	[   35]	Socket receive operation failed: Cannot access a disposed object.
Object name: 'System.Net.Sockets.Socket'.
[2016-08-04 09:52:11.317]	[   35]	Closing the socket
[2016-08-04 09:52:11.317]	[   35]	DoSocketShutdown : Cannot access a disposed object.
Object name: 'System.Net.Sockets.Socket'.
[2016-08-04 09:52:11.317]	[   35]	ServerListener.OnSessionClosed()
[2016-08-04 09:52:11.320]	[   36]	              [out][errorCode]=0
[2016-08-04 09:52:11.320]	[   36]	              [out][comment]=No such file
[2016-08-04 09:52:11.320]	[   36]	SFTPOperations.OnWriteFile EXIT
[2016-08-04 09:52:11.320]	[   36]	=============================================================
[2016-08-04 09:52:12.358]	[   30]	ServerListener.Listen : New connection available
[2016-08-04 09:52:12.358]	[   30]	Connection accepted. Active connections 1 from 20
[2016-08-04 09:52:12.459]	[   37]	Subsystem sftp opened
[2016-08-04 09:52:12.460]	[   37]	SFTP server started
[2016-08-04 09:52:12.461]	[   38]	=============================================================
[2016-08-04 09:52:12.461]	[   38]	SFTPOperations.OnOpen ENTER (2)
[2016-08-04 09:52:12.461]	[   38]	              [in][sender]=SBSftpServer.TElSFTPServer
[2016-08-04 09:52:12.461]	[   38]	SFTP connection established
[2016-08-04 09:52:12.461]	[   38]	SFTPOperations.OnOpen EXIT
[2016-08-04 09:52:12.461]	[   38]	=============================================================
[2016-08-04 09:52:12.461]	[   38]	=============================================================
[2016-08-04 09:52:12.461]	[   38]	SFTPOperations.OnRequestAbsolutePath ENTER 
[2016-08-04 09:52:12.461]	[   38]	              [in][sender]=SBSftpServer.TElSFTPServer
[2016-08-04 09:52:12.461]	[   38]	              [in][path]=.
[2016-08-04 09:52:12.461]	[   38]	              [in][absolutePath]=
[2016-08-04 09:52:12.461]	[   38]	              [in][control]=rcNoCheck
[2016-08-04 09:52:12.461]	[   38]	              [in][composePath]=SBStringList.TElStringList
[2016-08-04 09:52:12.461]	[   38]	              [in][errorCode]=0
[2016-08-04 09:52:12.461]	[   38]	              [in][comment]=
[2016-08-04 09:52:12.461]	[   38]	              [out][absolutePath]=
[2016-08-04 09:52:12.461]	[   38]	              [out][errorCode]=0
[2016-08-04 09:52:12.461]	[   38]	              [out][comment]=
[2016-08-04 09:52:12.461]	[   38]	SFTPOperations.OnRequestAbsolutePath EXIT
[2016-08-04 09:52:12.461]	[   38]	=============================================================
[2016-08-04 09:52:12.462]	[   38]	=============================================================
[2016-08-04 09:52:12.462]	[   38]	SFTPOperations.OnRequestAttributes ENTER 
[2016-08-04 09:52:12.462]	[   38]	              [in][sender]=SBSftpServer.TElSFTPServer
[2016-08-04 09:52:12.462]	[   38]	              [in][path]=\\TestSession_a63a73f3-949a-4201-81ca-8bf4a921f2d2\1ef1bbf9-f67f-4bdc-90c0-9ca113e2413f.txt
[2016-08-04 09:52:12.462]	[   38]	              [in][followSymLinks]=True
[2016-08-04 09:52:12.462]	[   38]	              [in][attributes]=SBSftpCommon.TElSftpFileAttributes
[2016-08-04 09:52:12.462]	[   38]	              [in][errorCode]=0
[2016-08-04 09:52:12.462]	[   38]	              [in][comment]=
[2016-08-04 09:52:12.462]	[   38]	              [out][errorCode]=0
[2016-08-04 09:52:12.462]	[   38]	              [out][comment]=
[2016-08-04 09:52:12.462]	[   38]	SFTPOperations.OnRequestAttributes EXIT
[2016-08-04 09:52:12.462]	[   38]	=============================================================
[2016-08-04 09:52:12.463]	[   38]	=============================================================
[2016-08-04 09:52:12.463]	[   38]	SFTPOperations.OnRequestAttributes ENTER 
[2016-08-04 09:52:12.463]	[   38]	              [in][sender]=SBSftpServer.TElSFTPServer
[2016-08-04 09:52:12.463]	[   38]	              [in][path]=\\TestSession_a63a73f3-949a-4201-81ca-8bf4a921f2d2\1ef1bbf9-f67f-4bdc-90c0-9ca113e2413f.txt
[2016-08-04 09:52:12.463]	[   38]	              [in][followSymLinks]=True
[2016-08-04 09:52:12.463]	[   38]	              [in][attributes]=SBSftpCommon.TElSftpFileAttributes
[2016-08-04 09:52:12.463]	[   38]	              [in][errorCode]=0
[2016-08-04 09:52:12.463]	[   38]	              [in][comment]=
[2016-08-04 09:52:12.463]	[   38]	              [out][errorCode]=0
[2016-08-04 09:52:12.463]	[   38]	              [out][comment]=
[2016-08-04 09:52:12.463]	[   38]	SFTPOperations.OnRequestAttributes EXIT
[2016-08-04 09:52:12.463]	[   38]	=============================================================
[2016-08-04 09:52:12.464]	[   38]	=============================================================
[2016-08-04 09:52:12.464]	[   38]	SFTPOperations.OnRequestAttributes ENTER 
[2016-08-04 09:52:12.464]	[   38]	              [in][sender]=SBSftpServer.TElSFTPServer
[2016-08-04 09:52:12.464]	[   38]	              [in][path]=\\TestSession_a63a73f3-949a-4201-81ca-8bf4a921f2d2
[2016-08-04 09:52:12.464]	[   38]	              [in][followSymLinks]=True
[2016-08-04 09:52:12.464]	[   38]	              [in][attributes]=SBSftpCommon.TElSftpFileAttributes
[2016-08-04 09:52:12.464]	[   38]	              [in][errorCode]=0
[2016-08-04 09:52:12.464]	[   38]	              [in][comment]=
[2016-08-04 09:52:12.464]	[   38]	              [out][errorCode]=0
[2016-08-04 09:52:12.464]	[   38]	              [out][comment]=
[2016-08-04 09:52:12.464]	[   38]	SFTPOperations.OnRequestAttributes EXIT
[2016-08-04 09:52:12.464]	[   38]	=============================================================
[2016-08-04 09:52:12.464]	[   38]	=============================================================
[2016-08-04 09:52:12.465]	[   38]	SFTPOperations.OnOpenFile ENTER (2)
[2016-08-04 09:52:12.465]	[   38]	              [in][sender]=SBSftpServer.TElSFTPServer
[2016-08-04 09:52:12.465]	[   38]	              [in][path]=\\TestSession_a63a73f3-949a-4201-81ca-8bf4a921f2d2\1ef1bbf9-f67f-4bdc-90c0-9ca113e2413f.txt
[2016-08-04 09:52:12.465]	[   38]	              [in][modes]=130
[2016-08-04 09:52:12.465]	[   38]	              [in][Access]=0
[2016-08-04 09:52:12.465]	[   38]	              [in][desiredAccess]=2
[2016-08-04 09:52:12.465]	[   38]	              [in][attributes]=SBSftpCommon.TElSftpFileAttributes
[2016-08-04 09:52:12.465]	[   38]	              [in][data]=
[2016-08-04 09:52:12.465]	[   38]	              [in][errorCode]=0
[2016-08-04 09:52:12.465]	[   38]	              [in][comment]=
[2016-08-04 09:52:12.465]	[   38]	              [out][data]=
[2016-08-04 09:52:12.465]	[   38]	              [out][errorCode]=0
[2016-08-04 09:52:12.465]	[   38]	              [out][comment]=
[2016-08-04 09:52:12.465]	[   38]	SFTPOperations.OnOpenFile EXIT
[2016-08-04 09:52:12.465]	[   38]	=============================================================
[2016-08-04 09:52:12.466]	[   38]	=============================================================
[2016-08-04 09:52:12.466]	[   38]	SFTPOperations.OnWriteFile ENTER (6)
[2016-08-04 09:52:12.466]	[   38]	              [in][sender]=SBSftpServer.TElSFTPServer
[2016-08-04 09:52:12.466]	[   38]	              [in][data]=System.IO.FileStream
[2016-08-04 09:52:12.466]	[   38]	              [in][offset]=5
[2016-08-04 09:52:12.466]	[   38]	              [in][buffer]=System.Byte[]
[2016-08-04 09:52:12.466]	[   38]	              [in][bufferOffset]=25
[2016-08-04 09:52:12.466]	[   38]	              [in][count]=1
[2016-08-04 09:52:12.466]	[   38]	              [in][errorCode]=0
[2016-08-04 09:52:12.466]	[   38]	              [in][comment]=
[2016-08-04 09:52:12.466]	[   38]	              [out][errorCode]=0
[2016-08-04 09:52:12.466]	[   38]	              [out][comment]=
[2016-08-04 09:52:12.466]	[   38]	SFTPOperations.OnWriteFile EXIT
[2016-08-04 09:52:12.466]	[   38]	=============================================================
[2016-08-04 09:52:12.466]	[   38]	=============================================================
[2016-08-04 09:52:12.467]	[   38]	SFTPOperations.OnWriteFile ENTER (7)
[2016-08-04 09:52:12.467]	[   38]	              [in][sender]=SBSftpServer.TElSFTPServer
[2016-08-04 09:52:12.467]	[   38]	              [in][data]=System.IO.FileStream
[2016-08-04 09:52:12.467]	[   38]	              [in][offset]=6
[2016-08-04 09:52:12.467]	[   38]	              [in][buffer]=System.Byte[]
[2016-08-04 09:52:12.467]	[   38]	              [in][bufferOffset]=25
[2016-08-04 09:52:12.467]	[   38]	              [in][count]=1
[2016-08-04 09:52:12.467]	[   38]	              [in][errorCode]=0
[2016-08-04 09:52:12.467]	[   38]	              [in][comment]=
[2016-08-04 09:52:12.467]	[   38]	              [out][errorCode]=0
[2016-08-04 09:52:12.467]	[   38]	              [out][comment]=
[2016-08-04 09:52:12.467]	[   38]	SFTPOperations.OnWriteFile EXIT
[2016-08-04 09:52:12.467]	[   38]	=============================================================
[2016-08-04 09:52:12.467]	[   38]	=============================================================
[2016-08-04 09:52:12.467]	[   38]	SFTPOperations.OnWriteFile ENTER (8)
[2016-08-04 09:52:12.467]	[   38]	              [in][sender]=SBSftpServer.TElSFTPServer
[2016-08-04 09:52:12.467]	[   38]	              [in][data]=System.IO.FileStream
[2016-08-04 09:52:12.467]	[   38]	              [in][offset]=7
[2016-08-04 09:52:12.467]	[   38]	              [in][buffer]=System.Byte[]
[2016-08-04 09:52:12.468]	[   38]	              [in][bufferOffset]=25
[2016-08-04 09:52:12.468]	[   38]	              [in][count]=1
[2016-08-04 09:52:12.468]	[   38]	              [in][errorCode]=0
[2016-08-04 09:52:12.468]	[   38]	              [in][comment]=
[2016-08-04 09:52:12.468]	[   38]	              [out][errorCode]=0
[2016-08-04 09:52:12.468]	[   38]	              [out][comment]=
[2016-08-04 09:52:12.468]	[   38]	SFTPOperations.OnWriteFile EXIT
[2016-08-04 09:52:12.468]	[   38]	=============================================================
[2016-08-04 09:52:12.468]	[   38]	=============================================================
[2016-08-04 09:52:12.468]	[   38]	SFTPOperations.OnWriteFile ENTER (9)
[2016-08-04 09:52:12.468]	[   38]	              [in][sender]=SBSftpServer.TElSFTPServer
[2016-08-04 09:52:12.468]	[   38]	              [in][data]=System.IO.FileStream
[2016-08-04 09:52:12.468]	[   38]	              [in][offset]=8
[2016-08-04 09:52:12.468]	[   38]	              [in][buffer]=System.Byte[]
[2016-08-04 09:52:12.468]	[   38]	              [in][bufferOffset]=25
[2016-08-04 09:52:12.468]	[   38]	              [in][count]=1
[2016-08-04 09:52:12.468]	[   38]	              [in][errorCode]=0
[2016-08-04 09:52:12.468]	[   38]	              [in][comment]=
[2016-08-04 09:52:12.468]	[   38]	              [out][errorCode]=0
[2016-08-04 09:52:12.468]	[   38]	              [out][comment]=
[2016-08-04 09:52:12.468]	[   38]	SFTPOperations.OnWriteFile EXIT
[2016-08-04 09:52:12.468]	[   38]	=============================================================
[2016-08-04 09:52:12.469]	[   38]	=============================================================
[2016-08-04 09:52:12.469]	[   38]	SFTPOperations.OnWriteFile ENTER (10)
[2016-08-04 09:52:12.469]	[   38]	              [in][sender]=SBSftpServer.TElSFTPServer
[2016-08-04 09:52:12.469]	[   38]	              [in][data]=System.IO.FileStream
[2016-08-04 09:52:12.469]	[   38]	              [in][offset]=9
[2016-08-04 09:52:12.469]	[   38]	              [in][buffer]=System.Byte[]
[2016-08-04 09:52:12.469]	[   38]	              [in][bufferOffset]=25
[2016-08-04 09:52:12.469]	[   38]	              [in][count]=1
[2016-08-04 09:52:12.469]	[   38]	              [in][errorCode]=0
[2016-08-04 09:52:12.469]	[   38]	              [in][comment]=
[2016-08-04 09:52:12.469]	[   38]	              [out][errorCode]=0
[2016-08-04 09:52:12.469]	[   38]	              [out][comment]=
[2016-08-04 09:52:12.469]	[   38]	SFTPOperations.OnWriteFile EXIT
[2016-08-04 09:52:12.469]	[   38]	=============================================================
[2016-08-04 09:52:12.469]	[   38]	=============================================================
[2016-08-04 09:52:12.469]	[   38]	SFTPOperations.OnWriteFile ENTER (11)
[2016-08-04 09:52:12.469]	[   38]	              [in][sender]=SBSftpServer.TElSFTPServer
[2016-08-04 09:52:12.469]	[   38]	              [in][data]=System.IO.FileStream
[2016-08-04 09:52:12.469]	[   38]	              [in][offset]=10
[2016-08-04 09:52:12.469]	[   38]	              [in][buffer]=System.Byte[]
[2016-08-04 09:52:12.469]	[   38]	              [in][bufferOffset]=25
[2016-08-04 09:52:12.469]	[   38]	              [in][count]=1
[2016-08-04 09:52:12.469]	[   38]	              [in][errorCode]=0
[2016-08-04 09:52:12.469]	[   38]	              [in][comment]=
[2016-08-04 09:52:12.469]	[   38]	              [out][errorCode]=0
[2016-08-04 09:52:12.469]	[   38]	              [out][comment]=
[2016-08-04 09:52:12.470]	[   38]	SFTPOperations.OnWriteFile EXIT
[2016-08-04 09:52:12.470]	[   38]	=============================================================
[2016-08-04 09:52:12.470]	[   38]	=============================================================
[2016-08-04 09:52:12.470]	[   38]	SFTPOperations.OnWriteFile ENTER (12)
[2016-08-04 09:52:12.470]	[   38]	              [in][sender]=SBSftpServer.TElSFTPServer
[2016-08-04 09:52:12.470]	[   38]	              [in][data]=System.IO.FileStream
[2016-08-04 09:52:12.470]	[   38]	              [in][offset]=11
[2016-08-04 09:52:12.470]	[   38]	              [in][buffer]=System.Byte[]
[2016-08-04 09:52:12.470]	[   38]	              [in][bufferOffset]=25
[2016-08-04 09:52:12.470]	[   38]	              [in][count]=1
[2016-08-04 09:52:12.470]	[   38]	              [in][errorCode]=0
[2016-08-04 09:52:12.470]	[   38]	              [in][comment]=
[2016-08-04 09:52:12.470]	[   38]	              [out][errorCode]=0
[2016-08-04 09:52:12.470]	[   38]	              [out][comment]=
[2016-08-04 09:52:12.470]	[   38]	SFTPOperations.OnWriteFile EXIT
[2016-08-04 09:52:12.470]	[   38]	=============================================================
[2016-08-04 09:52:12.470]	[   38]	=============================================================
[2016-08-04 09:52:12.471]	[   38]	SFTPOperations.OnWriteFile ENTER (13)
[2016-08-04 09:52:12.471]	[   38]	              [in][sender]=SBSftpServer.TElSFTPServer
[2016-08-04 09:52:12.471]	[   38]	              [in][data]=System.IO.FileStream
[2016-08-04 09:52:12.471]	[   38]	              [in][offset]=12
[2016-08-04 09:52:12.471]	[   38]	              [in][buffer]=System.Byte[]
[2016-08-04 09:52:12.471]	[   38]	              [in][bufferOffset]=25
[2016-08-04 09:52:12.471]	[   38]	              [in][count]=1
[2016-08-04 09:52:12.471]	[   38]	              [in][errorCode]=0
[2016-08-04 09:52:12.471]	[   38]	              [in][comment]=
[2016-08-04 09:52:12.471]	[   38]	              [out][errorCode]=0
[2016-08-04 09:52:12.471]	[   38]	              [out][comment]=
[2016-08-04 09:52:12.471]	[   38]	SFTPOperations.OnWriteFile EXIT
[2016-08-04 09:52:12.471]	[   38]	=============================================================
[2016-08-04 09:52:12.471]	[   38]	=============================================================
[2016-08-04 09:52:12.471]	[   38]	SFTPOperations.OnWriteFile ENTER (14)
[2016-08-04 09:52:12.471]	[   38]	              [in][sender]=SBSftpServer.TElSFTPServer
[2016-08-04 09:52:12.471]	[   38]	              [in][data]=System.IO.FileStream
[2016-08-04 09:52:12.471]	[   38]	              [in][offset]=13
[2016-08-04 09:52:12.471]	[   38]	              [in][buffer]=System.Byte[]
[2016-08-04 09:52:12.471]	[   38]	              [in][bufferOffset]=25
[2016-08-04 09:52:12.471]	[   38]	              [in][count]=1
[2016-08-04 09:52:12.471]	[   38]	              [in][errorCode]=0
[2016-08-04 09:52:12.471]	[   38]	              [in][comment]=
[2016-08-04 09:52:12.471]	[   38]	              [out][errorCode]=0
[2016-08-04 09:52:12.471]	[   38]	              [out][comment]=
[2016-08-04 09:52:12.471]	[   38]	SFTPOperations.OnWriteFile EXIT
[2016-08-04 09:52:12.471]	[   38]	=============================================================
[2016-08-04 09:52:12.472]	[   38]	=============================================================
[2016-08-04 09:52:12.472]	[   38]	SFTPOperations.OnWriteFile ENTER (15)
[2016-08-04 09:52:12.472]	[   38]	              [in][sender]=SBSftpServer.TElSFTPServer
[2016-08-04 09:52:12.472]	[   38]	              [in][data]=System.IO.FileStream
[2016-08-04 09:52:12.472]	[   38]	              [in][offset]=14
[2016-08-04 09:52:12.472]	[   38]	              [in][buffer]=System.Byte[]
[2016-08-04 09:52:12.472]	[   38]	              [in][bufferOffset]=25
[2016-08-04 09:52:12.472]	[   38]	              [in][count]=1
[2016-08-04 09:52:12.472]	[   38]	              [in][errorCode]=0
[2016-08-04 09:52:12.472]	[   38]	              [in][comment]=
[2016-08-04 09:52:12.472]	[   38]	              [out][errorCode]=0
[2016-08-04 09:52:12.472]	[   38]	              [out][comment]=
[2016-08-04 09:52:12.472]	[   38]	SFTPOperations.OnWriteFile EXIT
[2016-08-04 09:52:12.472]	[   38]	=============================================================
[2016-08-04 09:52:12.472]	[   38]	=============================================================
[2016-08-04 09:52:12.472]	[   38]	SFTPOperations.OnWriteFile ENTER (16)
[2016-08-04 09:52:12.472]	[   38]	              [in][sender]=SBSftpServer.TElSFTPServer
[2016-08-04 09:52:12.472]	[   38]	              [in][data]=System.IO.FileStream
[2016-08-04 09:52:12.472]	[   38]	              [in][offset]=15
[2016-08-04 09:52:12.472]	[   38]	              [in][buffer]=System.Byte[]
[2016-08-04 09:52:12.473]	[   38]	              [in][bufferOffset]=25
[2016-08-04 09:52:12.473]	[   38]	              [in][count]=1
[2016-08-04 09:52:12.473]	[   38]	              [in][errorCode]=0
[2016-08-04 09:52:12.473]	[   38]	              [in][comment]=
[2016-08-04 09:52:12.473]	[   38]	              [out][errorCode]=0
[2016-08-04 09:52:12.473]	[   38]	              [out][comment]=
[2016-08-04 09:52:12.473]	[   38]	SFTPOperations.OnWriteFile EXIT
[2016-08-04 09:52:12.473]	[   38]	=============================================================
[2016-08-04 09:52:12.476]	[   38]	=============================================================
[2016-08-04 09:52:12.476]	[   38]	SFTPOperations.OnWriteFile ENTER (17)
[2016-08-04 09:52:12.476]	[   38]	              [in][sender]=SBSftpServer.TElSFTPServer
[2016-08-04 09:52:12.476]	[   38]	              [in][data]=System.IO.FileStream
[2016-08-04 09:52:12.476]	[   38]	              [in][offset]=16
[2016-08-04 09:52:12.476]	[   38]	              [in][buffer]=System.Byte[]
[2016-08-04 09:52:12.476]	[   38]	              [in][bufferOffset]=25
[2016-08-04 09:52:12.476]	[   38]	              [in][count]=1
[2016-08-04 09:52:12.476]	[   38]	              [in][errorCode]=0
[2016-08-04 09:52:12.476]	[   38]	              [in][comment]=
[2016-08-04 09:52:12.476]	[   38]	              [out][errorCode]=0
[2016-08-04 09:52:12.476]	[   38]	              [out][comment]=
[2016-08-04 09:52:12.476]	[   38]	SFTPOperations.OnWriteFile EXIT
[2016-08-04 09:52:12.476]	[   38]	=============================================================
[2016-08-04 09:52:12.477]	[   38]	=============================================================
[2016-08-04 09:52:12.477]	[   38]	SFTPOperations.OnWriteFile ENTER (18)
[2016-08-04 09:52:12.477]	[   38]	              [in][sender]=SBSftpServer.TElSFTPServer
[2016-08-04 09:52:12.477]	[   38]	              [in][data]=System.IO.FileStream
[2016-08-04 09:52:12.477]	[   38]	              [in][offset]=17
[2016-08-04 09:52:12.477]	[   38]	              [in][buffer]=System.Byte[]
[2016-08-04 09:52:12.477]	[   38]	              [in][bufferOffset]=25
[2016-08-04 09:52:12.477]	[   38]	              [in][count]=1
[2016-08-04 09:52:12.477]	[   38]	              [in][errorCode]=0
[2016-08-04 09:52:12.477]	[   38]	              [in][comment]=
[2016-08-04 09:52:12.477]	[   38]	              [out][errorCode]=0
[2016-08-04 09:52:12.477]	[   38]	              [out][comment]=
[2016-08-04 09:52:12.477]	[   38]	SFTPOperations.OnWriteFile EXIT
[2016-08-04 09:52:12.477]	[   38]	=============================================================
[2016-08-04 09:52:12.478]	[   38]	=============================================================
[2016-08-04 09:52:12.478]	[   38]	SFTPOperations.OnWriteFile ENTER (19)
[2016-08-04 09:52:12.478]	[   38]	              [in][sender]=SBSftpServer.TElSFTPServer
[2016-08-04 09:52:12.478]	[   38]	              [in][data]=System.IO.FileStream
[2016-08-04 09:52:12.478]	[   38]	              [in][offset]=18
[2016-08-04 09:52:12.478]	[   38]	              [in][buffer]=System.Byte[]
[2016-08-04 09:52:12.478]	[   38]	              [in][bufferOffset]=25
[2016-08-04 09:52:12.478]	[   38]	              [in][count]=1
[2016-08-04 09:52:12.478]	[   38]	              [in][errorCode]=0
[2016-08-04 09:52:12.478]	[   38]	              [in][comment]=
[2016-08-04 09:52:12.478]	[   38]	              [out][errorCode]=0
[2016-08-04 09:52:12.478]	[   38]	              [out][comment]=
[2016-08-04 09:52:12.478]	[   38]	SFTPOperations.OnWriteFile EXIT
[2016-08-04 09:52:12.478]	[   38]	=============================================================
[2016-08-04 09:52:12.479]	[   38]	=============================================================
[2016-08-04 09:52:12.479]	[   38]	SFTPOperations.OnWriteFile ENTER (20)
[2016-08-04 09:52:12.479]	[   38]	              [in][sender]=SBSftpServer.TElSFTPServer
[2016-08-04 09:52:12.479]	[   38]	              [in][data]=System.IO.FileStream
[2016-08-04 09:52:12.479]	[   38]	              [in][offset]=19
[2016-08-04 09:52:12.479]	[   38]	              [in][buffer]=System.Byte[]
[2016-08-04 09:52:12.479]	[   38]	              [in][bufferOffset]=25
[2016-08-04 09:52:12.479]	[   38]	              [in][count]=1
[2016-08-04 09:52:12.479]	[   38]	              [in][errorCode]=0
[2016-08-04 09:52:12.479]	[   38]	              [in][comment]=
[2016-08-04 09:52:12.479]	[   38]	              [out][errorCode]=0
[2016-08-04 09:52:12.479]	[   38]	              [out][comment]=
[2016-08-04 09:52:12.479]	[   38]	SFTPOperations.OnWriteFile EXIT
[2016-08-04 09:52:12.479]	[   38]	=============================================================
[2016-08-04 09:52:12.479]	[   38]	=============================================================
[2016-08-04 09:52:12.479]	[   38]	SFTPOperations.OnCloseHandle ENTER (1)
[2016-08-04 09:52:12.479]	[   38]	              [in][sender]=SBSftpServer.TElSFTPServer
[2016-08-04 09:52:12.479]	[   38]	              [in][data]=System.IO.FileStream
[2016-08-04 09:52:12.479]	[   38]	              [in][errorCode]=0
[2016-08-04 09:52:12.479]	[   38]	              [in][comment]=
[2016-08-04 09:52:12.480]	[   38]	              [out][errorCode]=0
[2016-08-04 09:52:12.480]	[   38]	              [out][comment]=
[2016-08-04 09:52:12.480]	[   38]	SFTPOperations.OnCloseHandle EXIT
[2016-08-04 09:52:12.480]	[   38]	=============================================================
[2016-08-04 09:52:12.481]	[   38]	=============================================================
[2016-08-04 09:52:12.481]	[   38]	SFTPOperations.OnRequestAbsolutePath ENTER 
[2016-08-04 09:52:12.481]	[   38]	              [in][sender]=SBSftpServer.TElSFTPServer
[2016-08-04 09:52:12.481]	[   38]	              [in][path]=.
[2016-08-04 09:52:12.481]	[   38]	              [in][absolutePath]=
[2016-08-04 09:52:12.481]	[   38]	              [in][control]=rcNoCheck
[2016-08-04 09:52:12.481]	[   38]	              [in][composePath]=SBStringList.TElStringList
[2016-08-04 09:52:12.481]	[   38]	              [in][errorCode]=0
[2016-08-04 09:52:12.481]	[   38]	              [in][comment]=
[2016-08-04 09:52:12.481]	[   38]	              [out][absolutePath]=
[2016-08-04 09:52:12.481]	[   38]	              [out][errorCode]=0
[2016-08-04 09:52:12.481]	[   38]	              [out][comment]=
[2016-08-04 09:52:12.481]	[   38]	SFTPOperations.OnRequestAbsolutePath EXIT
[2016-08-04 09:52:12.481]	[   38]	=============================================================
[2016-08-04 09:52:12.481]	[   38]	=============================================================
[2016-08-04 09:52:12.481]	[   38]	SFTPOperations.OnRequestAttributes ENTER 
[2016-08-04 09:52:12.481]	[   38]	              [in][sender]=SBSftpServer.TElSFTPServer
[2016-08-04 09:52:12.481]	[   38]	              [in][path]=\\TestSession_a63a73f3-949a-4201-81ca-8bf4a921f2d2\1ef1bbf9-f67f-4bdc-90c0-9ca113e2413f.txt
[2016-08-04 09:52:12.481]	[   38]	              [in][followSymLinks]=True
[2016-08-04 09:52:12.482]	[   38]	              [in][attributes]=SBSftpCommon.TElSftpFileAttributes
[2016-08-04 09:52:12.482]	[   38]	              [in][errorCode]=0
[2016-08-04 09:52:12.482]	[   38]	              [in][comment]=
[2016-08-04 09:52:12.482]	[   38]	              [out][errorCode]=0
[2016-08-04 09:52:12.482]	[   38]	              [out][comment]=
[2016-08-04 09:52:12.482]	[   38]	SFTPOperations.OnRequestAttributes EXIT
[2016-08-04 09:52:12.482]	[   38]	=============================================================
[2016-08-04 09:52:12.482]	[   38]	=============================================================
[2016-08-04 09:52:12.482]	[   38]	SFTPOperations.OnOpenFile ENTER (3)
[2016-08-04 09:52:12.482]	[   38]	              [in][sender]=SBSftpServer.TElSFTPServer
[2016-08-04 09:52:12.482]	[   38]	              [in][path]=\\TestSession_a63a73f3-949a-4201-81ca-8bf4a921f2d2\1ef1bbf9-f67f-4bdc-90c0-9ca113e2413f.txt
[2016-08-04 09:52:12.482]	[   38]	              [in][modes]=1
[2016-08-04 09:52:12.482]	[   38]	              [in][Access]=0
[2016-08-04 09:52:12.482]	[   38]	              [in][desiredAccess]=1
[2016-08-04 09:52:12.482]	[   38]	              [in][attributes]=SBSftpCommon.TElSftpFileAttributes
[2016-08-04 09:52:12.482]	[   38]	              [in][data]=
[2016-08-04 09:52:12.482]	[   38]	              [in][errorCode]=0
[2016-08-04 09:52:12.482]	[   38]	              [in][comment]=
[2016-08-04 09:52:12.482]	[   38]	              [out][data]=
[2016-08-04 09:52:12.482]	[   38]	              [out][errorCode]=0
[2016-08-04 09:52:12.482]	[   38]	              [out][comment]=
[2016-08-04 09:52:12.482]	[   38]	SFTPOperations.OnOpenFile EXIT
[2016-08-04 09:52:12.482]	[   38]	=============================================================
[2016-08-04 09:52:12.483]	[   38]	=============================================================
[2016-08-04 09:52:12.483]	[   38]	SFTPOperations.OnReadFile ENTER (1)
[2016-08-04 09:52:12.483]	[   38]	              [in][sender]=SBSftpServer.TElSFTPServer
[2016-08-04 09:52:12.483]	[   38]	              [in][data]=System.IO.FileStream
[2016-08-04 09:52:12.483]	[   38]	              [in][offset]=0
[2016-08-04 09:52:12.483]	[   38]	              [in][buffer]=System.Byte[]
[2016-08-04 09:52:12.483]	[   38]	              [in][bufferOffset]=13
[2016-08-04 09:52:12.483]	[   38]	              [in][count]=20
[2016-08-04 09:52:12.483]	[   38]	              [in][read]=0
[2016-08-04 09:52:12.483]	[   38]	              [in][errorCode]=0
[2016-08-04 09:52:12.483]	[   38]	              [in][comment]=
[2016-08-04 09:52:12.483]	[   38]	              [out][buffer]=System.Byte[]
[2016-08-04 09:52:12.483]	[   38]	              [out][read]=0
[2016-08-04 09:52:12.483]	[   38]	              [out][errorCode]=0
[2016-08-04 09:52:12.483]	[   38]	              [out][comment]=
[2016-08-04 09:52:12.483]	[   38]	SFTPOperations.OnReadFile EXIT
[2016-08-04 09:52:12.483]	[   38]	=============================================================
[2016-08-04 09:52:12.483]	[   38]	=============================================================
[2016-08-04 09:52:12.483]	[   38]	SFTPOperations.OnCloseHandle ENTER (2)
[2016-08-04 09:52:12.483]	[   38]	              [in][sender]=SBSftpServer.TElSFTPServer
[2016-08-04 09:52:12.483]	[   38]	              [in][data]=System.IO.FileStream
[2016-08-04 09:52:12.483]	[   38]	              [in][errorCode]=0
[2016-08-04 09:52:12.483]	[   38]	              [in][comment]=
[2016-08-04 09:52:12.484]	[   38]	              [out][errorCode]=0
[2016-08-04 09:52:12.484]	[   38]	              [out][comment]=
[2016-08-04 09:52:12.484]	[   38]	SFTPOperations.OnCloseHandle EXIT
[2016-08-04 09:52:12.484]	[   38]	=============================================================
[2016-08-04 09:52:12.484]	[   38]	=============================================================
[2016-08-04 09:52:12.484]	[   38]	SFTPOperations.OnRequestAbsolutePath ENTER 
[2016-08-04 09:52:12.484]	[   38]	              [in][sender]=SBSftpServer.TElSFTPServer
[2016-08-04 09:52:12.484]	[   38]	              [in][path]=.
[2016-08-04 09:52:12.484]	[   38]	              [in][absolutePath]=
[2016-08-04 09:52:12.484]	[   38]	              [in][control]=rcNoCheck
[2016-08-04 09:52:12.484]	[   38]	              [in][composePath]=SBStringList.TElStringList
[2016-08-04 09:52:12.484]	[   38]	              [in][errorCode]=0
[2016-08-04 09:52:12.484]	[   38]	              [in][comment]=
[2016-08-04 09:52:12.484]	[   38]	              [out][absolutePath]=
[2016-08-04 09:52:12.484]	[   38]	              [out][errorCode]=0
[2016-08-04 09:52:12.484]	[   38]	              [out][comment]=
[2016-08-04 09:52:12.484]	[   38]	SFTPOperations.OnRequestAbsolutePath EXIT
[2016-08-04 09:52:12.484]	[   38]	=============================================================
[2016-08-04 09:52:12.484]	[   32]	Stopping socket listener
[2016-08-04 09:52:12.484]	[   32]	Socket listener stopped
[2016-08-04 09:52:12.484]	[   37]	Socket receive operation failed: An established connection was aborted by the software in your host machine
[2016-08-04 09:52:12.485]	[   37]	Closing the socket
[2016-08-04 09:52:12.485]	[   37]	ServerListener.OnSessionClosed()</StdOut>
      </Output>
    </UnitTestResult>
    <UnitTestResult executionId="8049f3df-bd94-4937-a54b-24dc3f9ae1e0" testId="18bd5b2c-3e72-463c-f6f4-e1e38c14e8e2" testName="UploadFile_SessionClosedWhileUploadingWithNoRetry_OnlyPartBeforeCloseUploaded" computerName="ICSWS068" duration="00:00:00.4198106" startTime="2016-08-04T09:52:12.4985937+02:00" endTime="2016-08-04T09:52:12.9200904+02:00" testType="13cdc9d9-ddb5-4fa4-a97d-d965ccfc6d4b" outcome="Passed" testListId="8c84fa94-04c1-424b-9868-57a2d4851a1d" relativeResultsDirectory="8049f3df-bd94-4937-a54b-24dc3f9ae1e0">
      <Output>
        <StdOut>Debug Trace:
[2016-08-04 09:52:12.503]	[   34]	Starting SSH server listener...
[2016-08-04 09:52:12.503]	[   34]	SSH server listener started.
[2016-08-04 09:52:12.554]	[   36]	ServerListener.Listen : New connection available
[2016-08-04 09:52:12.554]	[   36]	Connection accepted. Active connections 1 from 20
[2016-08-04 09:52:12.650]	[   33]	Subsystem sftp opened
[2016-08-04 09:52:12.650]	[   33]	SFTP server started
[2016-08-04 09:52:12.651]	[   29]	=============================================================
[2016-08-04 09:52:12.651]	[   29]	SFTPOperations.OnOpen ENTER (3)
[2016-08-04 09:52:12.651]	[   29]	              [in][sender]=SBSftpServer.TElSFTPServer
[2016-08-04 09:52:12.651]	[   29]	SFTP connection established
[2016-08-04 09:52:12.651]	[   29]	SFTPOperations.OnOpen EXIT
[2016-08-04 09:52:12.651]	[   29]	=============================================================
[2016-08-04 09:52:12.651]	[   29]	=============================================================
[2016-08-04 09:52:12.651]	[   29]	SFTPOperations.OnRequestAbsolutePath ENTER 
[2016-08-04 09:52:12.651]	[   29]	              [in][sender]=SBSftpServer.TElSFTPServer
[2016-08-04 09:52:12.651]	[   29]	              [in][path]=.
[2016-08-04 09:52:12.651]	[   29]	              [in][absolutePath]=
[2016-08-04 09:52:12.651]	[   29]	              [in][control]=rcNoCheck
[2016-08-04 09:52:12.651]	[   29]	              [in][composePath]=SBStringList.TElStringList
[2016-08-04 09:52:12.651]	[   29]	              [in][errorCode]=0
[2016-08-04 09:52:12.651]	[   29]	              [in][comment]=
[2016-08-04 09:52:12.651]	[   29]	              [out][absolutePath]=
[2016-08-04 09:52:12.651]	[   29]	              [out][errorCode]=0
[2016-08-04 09:52:12.651]	[   29]	              [out][comment]=
[2016-08-04 09:52:12.651]	[   29]	SFTPOperations.OnRequestAbsolutePath EXIT
[2016-08-04 09:52:12.651]	[   29]	=============================================================
[2016-08-04 09:52:12.651]	[   29]	=============================================================
[2016-08-04 09:52:12.652]	[   29]	SFTPOperations.OnCreateDirectory ENTER 
[2016-08-04 09:52:12.652]	[   29]	              [in][sender]=SBSftpServer.TElSFTPServer
[2016-08-04 09:52:12.652]	[   29]	              [in][path]=\\TestSession_3cb622e0-a3d8-4db1-8edb-a1c33efbfef7
[2016-08-04 09:52:12.652]	[   29]	              [in][attributes]=
[2016-08-04 09:52:12.652]	[   29]	              [in][errorCode]=0
[2016-08-04 09:52:12.652]	[   29]	              [in][comment]=
[2016-08-04 09:52:12.652]	[   29]	              [out][errorCode]=0
[2016-08-04 09:52:12.652]	[   29]	              [out][comment]=
[2016-08-04 09:52:12.652]	[   29]	SFTPOperations.OnCreateDirectory EXIT
[2016-08-04 09:52:12.652]	[   29]	=============================================================
[2016-08-04 09:52:12.652]	[   33]	Socket receive operation failed: An established connection was aborted by the software in your host machine
[2016-08-04 09:52:12.652]	[   33]	Closing the socket
[2016-08-04 09:52:12.652]	[   33]	ServerListener.OnSessionClosed()
[2016-08-04 09:52:12.705]	[   36]	ServerListener.Listen : New connection available
[2016-08-04 09:52:12.705]	[   36]	Connection accepted. Active connections 1 from 20
[2016-08-04 09:52:12.795]	[   28]	Subsystem sftp opened
[2016-08-04 09:52:12.796]	[   28]	SFTP server started
[2016-08-04 09:52:12.796]	[   27]	=============================================================
[2016-08-04 09:52:12.796]	[   27]	SFTPOperations.OnOpen ENTER (1)
[2016-08-04 09:52:12.796]	[   27]	              [in][sender]=SBSftpServer.TElSFTPServer
[2016-08-04 09:52:12.796]	[   27]	SFTP connection established
[2016-08-04 09:52:12.796]	[   27]	SFTPOperations.OnOpen EXIT
[2016-08-04 09:52:12.796]	[   27]	=============================================================
[2016-08-04 09:52:12.796]	[   27]	=============================================================
[2016-08-04 09:52:12.796]	[   27]	SFTPOperations.OnRequestAbsolutePath ENTER 
[2016-08-04 09:52:12.796]	[   27]	              [in][sender]=SBSftpServer.TElSFTPServer
[2016-08-04 09:52:12.796]	[   27]	              [in][path]=.
[2016-08-04 09:52:12.796]	[   27]	              [in][absolutePath]=
[2016-08-04 09:52:12.796]	[   27]	              [in][control]=rcNoCheck
[2016-08-04 09:52:12.796]	[   27]	              [in][composePath]=SBStringList.TElStringList
[2016-08-04 09:52:12.796]	[   27]	              [in][errorCode]=0
[2016-08-04 09:52:12.796]	[   27]	              [in][comment]=
[2016-08-04 09:52:12.796]	[   27]	              [out][absolutePath]=
[2016-08-04 09:52:12.796]	[   27]	              [out][errorCode]=0
[2016-08-04 09:52:12.796]	[   27]	              [out][comment]=
[2016-08-04 09:52:12.796]	[   27]	SFTPOperations.OnRequestAbsolutePath EXIT
[2016-08-04 09:52:12.796]	[   27]	=============================================================
[2016-08-04 09:52:12.797]	[   27]	=============================================================
[2016-08-04 09:52:12.797]	[   27]	SFTPOperations.OnRequestAbsolutePath ENTER 
[2016-08-04 09:52:12.797]	[   27]	              [in][sender]=SBSftpServer.TElSFTPServer
[2016-08-04 09:52:12.797]	[   27]	              [in][path]=.
[2016-08-04 09:52:12.797]	[   27]	              [in][absolutePath]=
[2016-08-04 09:52:12.797]	[   27]	              [in][control]=rcNoCheck
[2016-08-04 09:52:12.797]	[   27]	              [in][composePath]=SBStringList.TElStringList
[2016-08-04 09:52:12.797]	[   27]	              [in][errorCode]=0
[2016-08-04 09:52:12.797]	[   27]	              [in][comment]=
[2016-08-04 09:52:12.797]	[   27]	              [out][absolutePath]=
[2016-08-04 09:52:12.797]	[   27]	              [out][errorCode]=0
[2016-08-04 09:52:12.797]	[   27]	              [out][comment]=
[2016-08-04 09:52:12.797]	[   27]	SFTPOperations.OnRequestAbsolutePath EXIT
[2016-08-04 09:52:12.797]	[   27]	=============================================================
[2016-08-04 09:52:12.797]	[   27]	=============================================================
[2016-08-04 09:52:12.797]	[   27]	SFTPOperations.OnRequestAttributes ENTER 
[2016-08-04 09:52:12.797]	[   27]	              [in][sender]=SBSftpServer.TElSFTPServer
[2016-08-04 09:52:12.797]	[   27]	              [in][path]=\\TestSession_3cb622e0-a3d8-4db1-8edb-a1c33efbfef7
[2016-08-04 09:52:12.797]	[   27]	              [in][followSymLinks]=True
[2016-08-04 09:52:12.798]	[   27]	              [in][attributes]=SBSftpCommon.TElSftpFileAttributes
[2016-08-04 09:52:12.798]	[   27]	              [in][errorCode]=0
[2016-08-04 09:52:12.798]	[   27]	              [in][comment]=
[2016-08-04 09:52:12.798]	[   27]	              [out][errorCode]=0
[2016-08-04 09:52:12.798]	[   27]	              [out][comment]=
[2016-08-04 09:52:12.798]	[   27]	SFTPOperations.OnRequestAttributes EXIT
[2016-08-04 09:52:12.798]	[   27]	=============================================================
[2016-08-04 09:52:12.798]	[   27]	=============================================================
[2016-08-04 09:52:12.798]	[   27]	SFTPOperations.OnOpenFile ENTER (1)
[2016-08-04 09:52:12.798]	[   27]	              [in][sender]=SBSftpServer.TElSFTPServer
[2016-08-04 09:52:12.798]	[   27]	              [in][path]=\\TestSession_3cb622e0-a3d8-4db1-8edb-a1c33efbfef7\8589ea16-58f0-4969-842f-24b8c2d63684.txt
[2016-08-04 09:52:12.798]	[   27]	              [in][modes]=26
[2016-08-04 09:52:12.798]	[   27]	              [in][Access]=0
[2016-08-04 09:52:12.798]	[   27]	              [in][desiredAccess]=2
[2016-08-04 09:52:12.798]	[   27]	              [in][attributes]=SBSftpCommon.TElSftpFileAttributes
[2016-08-04 09:52:12.798]	[   27]	              [in][data]=
[2016-08-04 09:52:12.798]	[   27]	              [in][errorCode]=0
[2016-08-04 09:52:12.798]	[   27]	              [in][comment]=
[2016-08-04 09:52:12.798]	[   27]	              [out][data]=
[2016-08-04 09:52:12.799]	[   27]	              [out][errorCode]=0
[2016-08-04 09:52:12.799]	[   27]	              [out][comment]=
[2016-08-04 09:52:12.799]	[   27]	SFTPOperations.OnOpenFile EXIT
[2016-08-04 09:52:12.799]	[   27]	=============================================================
[2016-08-04 09:52:12.799]	[   27]	=============================================================
[2016-08-04 09:52:12.799]	[   27]	SFTPOperations.OnWriteFile ENTER (1)
[2016-08-04 09:52:12.799]	[   27]	              [in][sender]=SBSftpServer.TElSFTPServer
[2016-08-04 09:52:12.799]	[   27]	              [in][data]=System.IO.FileStream
[2016-08-04 09:52:12.799]	[   27]	              [in][offset]=0
[2016-08-04 09:52:12.799]	[   27]	              [in][buffer]=System.Byte[]
[2016-08-04 09:52:12.799]	[   27]	              [in][bufferOffset]=25
[2016-08-04 09:52:12.799]	[   27]	              [in][count]=1
[2016-08-04 09:52:12.799]	[   27]	              [in][errorCode]=0
[2016-08-04 09:52:12.799]	[   27]	              [in][comment]=
[2016-08-04 09:52:12.799]	[   27]	              [out][errorCode]=0
[2016-08-04 09:52:12.799]	[   27]	              [out][comment]=
[2016-08-04 09:52:12.799]	[   27]	SFTPOperations.OnWriteFile EXIT
[2016-08-04 09:52:12.799]	[   27]	=============================================================
[2016-08-04 09:52:12.800]	[   27]	=============================================================
[2016-08-04 09:52:12.800]	[   27]	SFTPOperations.OnWriteFile ENTER (2)
[2016-08-04 09:52:12.800]	[   27]	              [in][sender]=SBSftpServer.TElSFTPServer
[2016-08-04 09:52:12.800]	[   27]	              [in][data]=System.IO.FileStream
[2016-08-04 09:52:12.800]	[   27]	              [in][offset]=1
[2016-08-04 09:52:12.800]	[   27]	              [in][buffer]=System.Byte[]
[2016-08-04 09:52:12.800]	[   27]	              [in][bufferOffset]=25
[2016-08-04 09:52:12.800]	[   27]	              [in][count]=1
[2016-08-04 09:52:12.800]	[   27]	              [in][errorCode]=0
[2016-08-04 09:52:12.800]	[   27]	              [in][comment]=
[2016-08-04 09:52:12.800]	[   27]	              [out][errorCode]=0
[2016-08-04 09:52:12.800]	[   27]	              [out][comment]=
[2016-08-04 09:52:12.800]	[   27]	SFTPOperations.OnWriteFile EXIT
[2016-08-04 09:52:12.800]	[   27]	=============================================================
[2016-08-04 09:52:12.800]	[   27]	=============================================================
[2016-08-04 09:52:12.800]	[   27]	SFTPOperations.OnWriteFile ENTER (3)
[2016-08-04 09:52:12.800]	[   27]	              [in][sender]=SBSftpServer.TElSFTPServer
[2016-08-04 09:52:12.800]	[   27]	              [in][data]=System.IO.FileStream
[2016-08-04 09:52:12.800]	[   27]	              [in][offset]=2
[2016-08-04 09:52:12.800]	[   27]	              [in][buffer]=System.Byte[]
[2016-08-04 09:52:12.800]	[   27]	              [in][bufferOffset]=25
[2016-08-04 09:52:12.800]	[   27]	              [in][count]=1
[2016-08-04 09:52:12.800]	[   27]	              [in][errorCode]=0
[2016-08-04 09:52:12.800]	[   27]	              [in][comment]=
[2016-08-04 09:52:12.800]	[   27]	              [out][errorCode]=0
[2016-08-04 09:52:12.800]	[   27]	              [out][comment]=
[2016-08-04 09:52:12.800]	[   27]	SFTPOperations.OnWriteFile EXIT
[2016-08-04 09:52:12.800]	[   27]	=============================================================
[2016-08-04 09:52:12.801]	[   27]	=============================================================
[2016-08-04 09:52:12.801]	[   27]	SFTPOperations.OnWriteFile ENTER (4)
[2016-08-04 09:52:12.801]	[   27]	              [in][sender]=SBSftpServer.TElSFTPServer
[2016-08-04 09:52:12.801]	[   27]	              [in][data]=System.IO.FileStream
[2016-08-04 09:52:12.801]	[   27]	              [in][offset]=3
[2016-08-04 09:52:12.801]	[   27]	              [in][buffer]=System.Byte[]
[2016-08-04 09:52:12.801]	[   27]	              [in][bufferOffset]=25
[2016-08-04 09:52:12.801]	[   27]	              [in][count]=1
[2016-08-04 09:52:12.801]	[   27]	              [in][errorCode]=0
[2016-08-04 09:52:12.801]	[   27]	              [in][comment]=
[2016-08-04 09:52:12.801]	[   27]	              [out][errorCode]=0
[2016-08-04 09:52:12.801]	[   27]	              [out][comment]=
[2016-08-04 09:52:12.801]	[   27]	SFTPOperations.OnWriteFile EXIT
[2016-08-04 09:52:12.801]	[   27]	=============================================================
[2016-08-04 09:52:12.801]	[   27]	=============================================================
[2016-08-04 09:52:12.801]	[   27]	SFTPOperations.OnWriteFile ENTER (5)
[2016-08-04 09:52:12.801]	[   27]	              [in][sender]=SBSftpServer.TElSFTPServer
[2016-08-04 09:52:12.801]	[   27]	              [in][data]=System.IO.FileStream
[2016-08-04 09:52:12.802]	[   27]	              [in][offset]=4
[2016-08-04 09:52:12.802]	[   27]	              [in][buffer]=System.Byte[]
[2016-08-04 09:52:12.802]	[   27]	              [in][bufferOffset]=25
[2016-08-04 09:52:12.802]	[   27]	              [in][count]=1
[2016-08-04 09:52:12.802]	[   27]	              [in][errorCode]=0
[2016-08-04 09:52:12.802]	[   27]	              [in][comment]=
[2016-08-04 09:52:12.802]	[   28]	Socket receive operation failed: Cannot access a disposed object.
Object name: 'System.Net.Sockets.Socket'.
[2016-08-04 09:52:12.802]	[   28]	Closing the socket
[2016-08-04 09:52:12.802]	[   28]	DoSocketShutdown : Cannot access a disposed object.
Object name: 'System.Net.Sockets.Socket'.
[2016-08-04 09:52:12.802]	[   28]	ServerListener.OnSessionClosed()
Operation UploadFile failed; Unknown error code: FFFFFFFF
[2016-08-04 09:52:12.802]	[   27]	              [out][errorCode]=0
[2016-08-04 09:52:12.802]	[   27]	              [out][comment]=
[2016-08-04 09:52:12.802]	[   27]	SFTPOperations.OnWriteFile EXIT
[2016-08-04 09:52:12.802]	[   27]	=============================================================
[2016-08-04 09:52:12.806]	[   36]	ServerListener.Listen : New connection available
[2016-08-04 09:52:12.806]	[   36]	Connection accepted. Active connections 1 from 20
[2016-08-04 09:52:12.905]	[   26]	Subsystem sftp opened
[2016-08-04 09:52:12.905]	[   26]	SFTP server started
[2016-08-04 09:52:12.906]	[   25]	=============================================================
[2016-08-04 09:52:12.906]	[   25]	SFTPOperations.OnOpen ENTER (2)
[2016-08-04 09:52:12.906]	[   25]	              [in][sender]=SBSftpServer.TElSFTPServer
[2016-08-04 09:52:12.906]	[   25]	SFTP connection established
[2016-08-04 09:52:12.906]	[   25]	SFTPOperations.OnOpen EXIT
[2016-08-04 09:52:12.906]	[   25]	=============================================================
[2016-08-04 09:52:12.906]	[   25]	=============================================================
[2016-08-04 09:52:12.906]	[   25]	SFTPOperations.OnRequestAbsolutePath ENTER 
[2016-08-04 09:52:12.906]	[   25]	              [in][sender]=SBSftpServer.TElSFTPServer
[2016-08-04 09:52:12.906]	[   25]	              [in][path]=.
[2016-08-04 09:52:12.906]	[   25]	              [in][absolutePath]=
[2016-08-04 09:52:12.906]	[   25]	              [in][control]=rcNoCheck
[2016-08-04 09:52:12.906]	[   25]	              [in][composePath]=SBStringList.TElStringList
[2016-08-04 09:52:12.906]	[   25]	              [in][errorCode]=0
[2016-08-04 09:52:12.906]	[   25]	              [in][comment]=
[2016-08-04 09:52:12.906]	[   25]	              [out][absolutePath]=
[2016-08-04 09:52:12.906]	[   25]	              [out][errorCode]=0
[2016-08-04 09:52:12.906]	[   25]	              [out][comment]=
[2016-08-04 09:52:12.906]	[   25]	SFTPOperations.OnRequestAbsolutePath EXIT
[2016-08-04 09:52:12.906]	[   25]	=============================================================
[2016-08-04 09:52:12.906]	[   25]	=============================================================
[2016-08-04 09:52:12.906]	[   25]	SFTPOperations.OnRequestAttributes ENTER 
[2016-08-04 09:52:12.907]	[   25]	              [in][sender]=SBSftpServer.TElSFTPServer
[2016-08-04 09:52:12.907]	[   25]	              [in][path]=\\TestSession_3cb622e0-a3d8-4db1-8edb-a1c33efbfef7\8589ea16-58f0-4969-842f-24b8c2d63684.txt
[2016-08-04 09:52:12.907]	[   25]	              [in][followSymLinks]=True
[2016-08-04 09:52:12.907]	[   25]	              [in][attributes]=SBSftpCommon.TElSftpFileAttributes
[2016-08-04 09:52:12.907]	[   25]	              [in][errorCode]=0
[2016-08-04 09:52:12.907]	[   25]	              [in][comment]=
[2016-08-04 09:52:12.907]	[   25]	              [out][errorCode]=0
[2016-08-04 09:52:12.907]	[   25]	              [out][comment]=
[2016-08-04 09:52:12.907]	[   25]	SFTPOperations.OnRequestAttributes EXIT
[2016-08-04 09:52:12.907]	[   25]	=============================================================
[2016-08-04 09:52:12.907]	[   25]	=============================================================
[2016-08-04 09:52:12.907]	[   25]	SFTPOperations.OnOpenFile ENTER (2)
[2016-08-04 09:52:12.907]	[   25]	              [in][sender]=SBSftpServer.TElSFTPServer
[2016-08-04 09:52:12.907]	[   25]	              [in][path]=\\TestSession_3cb622e0-a3d8-4db1-8edb-a1c33efbfef7\8589ea16-58f0-4969-842f-24b8c2d63684.txt
[2016-08-04 09:52:12.907]	[   25]	              [in][modes]=1
[2016-08-04 09:52:12.907]	[   25]	              [in][Access]=0
[2016-08-04 09:52:12.907]	[   25]	              [in][desiredAccess]=1
[2016-08-04 09:52:12.907]	[   25]	              [in][attributes]=SBSftpCommon.TElSftpFileAttributes
[2016-08-04 09:52:12.907]	[   25]	              [in][data]=
[2016-08-04 09:52:12.907]	[   25]	              [in][errorCode]=0
[2016-08-04 09:52:12.907]	[   25]	              [in][comment]=
[2016-08-04 09:52:12.907]	[   25]	              [out][data]=
[2016-08-04 09:52:12.907]	[   25]	              [out][errorCode]=0
[2016-08-04 09:52:12.907]	[   25]	              [out][comment]=
[2016-08-04 09:52:12.907]	[   25]	SFTPOperations.OnOpenFile EXIT
[2016-08-04 09:52:12.907]	[   25]	=============================================================
[2016-08-04 09:52:12.908]	[   25]	=============================================================
[2016-08-04 09:52:12.908]	[   25]	SFTPOperations.OnReadFile ENTER (1)
[2016-08-04 09:52:12.908]	[   25]	              [in][sender]=SBSftpServer.TElSFTPServer
[2016-08-04 09:52:12.908]	[   25]	              [in][data]=System.IO.FileStream
[2016-08-04 09:52:12.908]	[   25]	              [in][offset]=0
[2016-08-04 09:52:12.908]	[   25]	              [in][buffer]=System.Byte[]
[2016-08-04 09:52:12.908]	[   25]	              [in][bufferOffset]=13
[2016-08-04 09:52:12.908]	[   25]	              [in][count]=5
[2016-08-04 09:52:12.908]	[   25]	              [in][read]=0
[2016-08-04 09:52:12.908]	[   25]	              [in][errorCode]=0
[2016-08-04 09:52:12.908]	[   25]	              [in][comment]=
[2016-08-04 09:52:12.908]	[   25]	              [out][buffer]=System.Byte[]
[2016-08-04 09:52:12.908]	[   25]	              [out][read]=0
[2016-08-04 09:52:12.908]	[   25]	              [out][errorCode]=0
[2016-08-04 09:52:12.908]	[   25]	              [out][comment]=
[2016-08-04 09:52:12.908]	[   25]	SFTPOperations.OnReadFile EXIT
[2016-08-04 09:52:12.908]	[   25]	=============================================================
[2016-08-04 09:52:12.908]	[   25]	=============================================================
[2016-08-04 09:52:12.908]	[   25]	SFTPOperations.OnCloseHandle ENTER (1)
[2016-08-04 09:52:12.908]	[   25]	              [in][sender]=SBSftpServer.TElSFTPServer
[2016-08-04 09:52:12.908]	[   25]	              [in][data]=System.IO.FileStream
[2016-08-04 09:52:12.908]	[   25]	              [in][errorCode]=0
[2016-08-04 09:52:12.909]	[   25]	              [in][comment]=
[2016-08-04 09:52:12.909]	[   25]	              [out][errorCode]=0
[2016-08-04 09:52:12.909]	[   25]	              [out][comment]=
[2016-08-04 09:52:12.909]	[   25]	SFTPOperations.OnCloseHandle EXIT
[2016-08-04 09:52:12.909]	[   25]	=============================================================
[2016-08-04 09:52:12.909]	[   25]	=============================================================
[2016-08-04 09:52:12.909]	[   25]	SFTPOperations.OnRequestAbsolutePath ENTER 
[2016-08-04 09:52:12.909]	[   25]	              [in][sender]=SBSftpServer.TElSFTPServer
[2016-08-04 09:52:12.909]	[   25]	              [in][path]=.
[2016-08-04 09:52:12.909]	[   25]	              [in][absolutePath]=
[2016-08-04 09:52:12.909]	[   25]	              [in][control]=rcNoCheck
[2016-08-04 09:52:12.909]	[   25]	              [in][composePath]=SBStringList.TElStringList
[2016-08-04 09:52:12.909]	[   25]	              [in][errorCode]=0
[2016-08-04 09:52:12.909]	[   25]	              [in][comment]=
[2016-08-04 09:52:12.909]	[   25]	              [out][absolutePath]=
[2016-08-04 09:52:12.909]	[   25]	              [out][errorCode]=0
[2016-08-04 09:52:12.909]	[   25]	              [out][comment]=
[2016-08-04 09:52:12.909]	[   25]	SFTPOperations.OnRequestAbsolutePath EXIT
[2016-08-04 09:52:12.909]	[   25]	=============================================================
[2016-08-04 09:52:12.909]	[   34]	Stopping socket listener
[2016-08-04 09:52:12.909]	[   34]	Socket listener stopped
[2016-08-04 09:52:12.909]	[   26]	Socket receive operation failed: An established connection was aborted by the software in your host machine
[2016-08-04 09:52:12.910]	[   26]	Closing the socket
[2016-08-04 09:52:12.910]	[   26]	ServerListener.OnSessionClosed()</StdOut>
      </Output>
    </UnitTestResult>
    <UnitTestResult executionId="03d7a54f-eb1e-4802-b1fc-48ff7997770d" testId="9d7ebb67-6e32-ab94-bd7c-f715f035ce3a" testName="Login_WithCorrectPassword_Success" computerName="ICSWS068" duration="00:00:00.3781579" startTime="2016-08-04T09:52:12.9240929+02:00" endTime="2016-08-04T09:52:13.3033434+02:00" testType="13cdc9d9-ddb5-4fa4-a97d-d965ccfc6d4b" outcome="Passed" testListId="8c84fa94-04c1-424b-9868-57a2d4851a1d" relativeResultsDirectory="03d7a54f-eb1e-4802-b1fc-48ff7997770d">
      <Output>
        <StdOut>Debug Trace:
[2016-08-04 09:52:12.928]	[   21]	Starting SSH server listener...
[2016-08-04 09:52:12.928]	[   21]	SSH server listener started.
[2016-08-04 09:52:12.978]	[   19]	ServerListener.Listen : New connection available
[2016-08-04 09:52:12.979]	[   19]	Connection accepted. Active connections 1 from 20
[2016-08-04 09:52:13.068]	[   22]	Subsystem sftp opened
[2016-08-04 09:52:13.068]	[   22]	SFTP server started
[2016-08-04 09:52:13.069]	[   24]	=============================================================
[2016-08-04 09:52:13.069]	[   24]	SFTPOperations.OnOpen ENTER (3)
[2016-08-04 09:52:13.069]	[   24]	              [in][sender]=SBSftpServer.TElSFTPServer
[2016-08-04 09:52:13.069]	[   24]	SFTP connection established
[2016-08-04 09:52:13.069]	[   24]	SFTPOperations.OnOpen EXIT
[2016-08-04 09:52:13.069]	[   24]	=============================================================
[2016-08-04 09:52:13.069]	[   24]	=============================================================
[2016-08-04 09:52:13.069]	[   24]	SFTPOperations.OnRequestAbsolutePath ENTER 
[2016-08-04 09:52:13.069]	[   24]	              [in][sender]=SBSftpServer.TElSFTPServer
[2016-08-04 09:52:13.069]	[   24]	              [in][path]=.
[2016-08-04 09:52:13.069]	[   24]	              [in][absolutePath]=
[2016-08-04 09:52:13.069]	[   24]	              [in][control]=rcNoCheck
[2016-08-04 09:52:13.069]	[   24]	              [in][composePath]=SBStringList.TElStringList
[2016-08-04 09:52:13.069]	[   24]	              [in][errorCode]=0
[2016-08-04 09:52:13.069]	[   24]	              [in][comment]=
[2016-08-04 09:52:13.069]	[   24]	              [out][absolutePath]=
[2016-08-04 09:52:13.069]	[   24]	              [out][errorCode]=0
[2016-08-04 09:52:13.069]	[   24]	              [out][comment]=
[2016-08-04 09:52:13.069]	[   24]	SFTPOperations.OnRequestAbsolutePath EXIT
[2016-08-04 09:52:13.069]	[   24]	=============================================================
[2016-08-04 09:52:13.069]	[   24]	=============================================================
[2016-08-04 09:52:13.069]	[   24]	SFTPOperations.OnCreateDirectory ENTER 
[2016-08-04 09:52:13.069]	[   24]	              [in][sender]=SBSftpServer.TElSFTPServer
[2016-08-04 09:52:13.069]	[   24]	              [in][path]=\\TestSession_cb381d5a-914f-4aed-8618-5cba32a076b8
[2016-08-04 09:52:13.069]	[   24]	              [in][attributes]=
[2016-08-04 09:52:13.070]	[   24]	              [in][errorCode]=0
[2016-08-04 09:52:13.070]	[   24]	              [in][comment]=
[2016-08-04 09:52:13.070]	[   24]	              [out][errorCode]=0
[2016-08-04 09:52:13.070]	[   24]	              [out][comment]=
[2016-08-04 09:52:13.070]	[   24]	SFTPOperations.OnCreateDirectory EXIT
[2016-08-04 09:52:13.070]	[   24]	=============================================================
[2016-08-04 09:52:13.070]	[   22]	Socket receive operation failed: An established connection was aborted by the software in your host machine
[2016-08-04 09:52:13.070]	[   22]	Closing the socket
[2016-08-04 09:52:13.070]	[   22]	ServerListener.OnSessionClosed()
[2016-08-04 09:52:13.079]	[   19]	ServerListener.Listen : New connection available
[2016-08-04 09:52:13.080]	[   19]	Connection accepted. Active connections 1 from 20
[2016-08-04 09:52:13.167]	[   23]	Subsystem sftp opened
[2016-08-04 09:52:13.168]	[   23]	SFTP server started
[2016-08-04 09:52:13.168]	[   18]	=============================================================
[2016-08-04 09:52:13.168]	[   18]	SFTPOperations.OnOpen ENTER (1)
[2016-08-04 09:52:13.168]	[   18]	              [in][sender]=SBSftpServer.TElSFTPServer
[2016-08-04 09:52:13.168]	[   18]	SFTP connection established
[2016-08-04 09:52:13.168]	[   18]	SFTPOperations.OnOpen EXIT
[2016-08-04 09:52:13.168]	[   18]	=============================================================
[2016-08-04 09:52:13.168]	[   18]	=============================================================
[2016-08-04 09:52:13.168]	[   18]	SFTPOperations.OnRequestAbsolutePath ENTER 
[2016-08-04 09:52:13.168]	[   18]	              [in][sender]=SBSftpServer.TElSFTPServer
[2016-08-04 09:52:13.168]	[   18]	              [in][path]=.
[2016-08-04 09:52:13.169]	[   18]	              [in][absolutePath]=
[2016-08-04 09:52:13.169]	[   18]	              [in][control]=rcNoCheck
[2016-08-04 09:52:13.169]	[   18]	              [in][composePath]=SBStringList.TElStringList
[2016-08-04 09:52:13.169]	[   18]	              [in][errorCode]=0
[2016-08-04 09:52:13.169]	[   18]	              [in][comment]=
[2016-08-04 09:52:13.169]	[   18]	              [out][absolutePath]=
[2016-08-04 09:52:13.169]	[   18]	              [out][errorCode]=0
[2016-08-04 09:52:13.169]	[   18]	              [out][comment]=
[2016-08-04 09:52:13.169]	[   18]	SFTPOperations.OnRequestAbsolutePath EXIT
[2016-08-04 09:52:13.169]	[   18]	=============================================================
[2016-08-04 09:52:13.169]	[   23]	Socket receive operation failed: An established connection was aborted by the software in your host machine
[2016-08-04 09:52:13.169]	[   23]	Closing the socket
[2016-08-04 09:52:13.169]	[   23]	ServerListener.OnSessionClosed()
[2016-08-04 09:52:13.180]	[   19]	ServerListener.Listen : New connection available
[2016-08-04 09:52:13.180]	[   19]	Connection accepted. Active connections 1 from 20
[2016-08-04 09:52:13.268]	[   14]	Subsystem sftp opened
[2016-08-04 09:52:13.269]	[   14]	SFTP server started
[2016-08-04 09:52:13.269]	[   13]	=============================================================
[2016-08-04 09:52:13.269]	[   13]	SFTPOperations.OnOpen ENTER (2)
[2016-08-04 09:52:13.269]	[   13]	              [in][sender]=SBSftpServer.TElSFTPServer
[2016-08-04 09:52:13.269]	[   13]	SFTP connection established
[2016-08-04 09:52:13.269]	[   13]	SFTPOperations.OnOpen EXIT
[2016-08-04 09:52:13.269]	[   13]	=============================================================
[2016-08-04 09:52:13.269]	[   13]	=============================================================
[2016-08-04 09:52:13.269]	[   13]	SFTPOperations.OnRequestAbsolutePath ENTER 
[2016-08-04 09:52:13.269]	[   13]	              [in][sender]=SBSftpServer.TElSFTPServer
[2016-08-04 09:52:13.269]	[   13]	              [in][path]=.
[2016-08-04 09:52:13.269]	[   13]	              [in][absolutePath]=
[2016-08-04 09:52:13.269]	[   13]	              [in][control]=rcNoCheck
[2016-08-04 09:52:13.269]	[   13]	              [in][composePath]=SBStringList.TElStringList
[2016-08-04 09:52:13.269]	[   13]	              [in][errorCode]=0
[2016-08-04 09:52:13.269]	[   13]	              [in][comment]=
[2016-08-04 09:52:13.269]	[   13]	              [out][absolutePath]=
[2016-08-04 09:52:13.269]	[   13]	              [out][errorCode]=0
[2016-08-04 09:52:13.269]	[   13]	              [out][comment]=
[2016-08-04 09:52:13.269]	[   13]	SFTPOperations.OnRequestAbsolutePath EXIT
[2016-08-04 09:52:13.269]	[   13]	=============================================================
[2016-08-04 09:52:13.275]	[   13]	=============================================================
[2016-08-04 09:52:13.275]	[   13]	SFTPOperations.OnFindFirst ENTER 
[2016-08-04 09:52:13.275]	[   13]	              [in][sender]=SBSftpServer.TElSFTPServer
[2016-08-04 09:52:13.275]	[   13]	              [in][path]=\\TestSession_cb381d5a-914f-4aed-8618-5cba32a076b8/
[2016-08-04 09:52:13.275]	[   13]	              [in][data]=
[2016-08-04 09:52:13.275]	[   13]	              [in][info]=SBSftpCommon.TElSftpFileInfo
[2016-08-04 09:52:13.275]	[   13]	              [in][errorCode]=0
[2016-08-04 09:52:13.275]	[   13]	              [in][comment]=
[2016-08-04 09:52:13.278]	[   13]	              [out][data]=
[2016-08-04 09:52:13.278]	[   13]	              [out][errorCode]=0
[2016-08-04 09:52:13.278]	[   13]	              [out][comment]=
[2016-08-04 09:52:13.278]	[   13]	SFTPOperations.OnFindFirst EXIT
[2016-08-04 09:52:13.278]	[   13]	=============================================================
[2016-08-04 09:52:13.280]	[   13]	=============================================================
[2016-08-04 09:52:13.280]	[   13]	SFTPOperations.OnFindNext ENTER 
[2016-08-04 09:52:13.280]	[   13]	              [in][sender]=SBSftpServer.TElSFTPServer
[2016-08-04 09:52:13.280]	[   13]	              [in][data]=
[2016-08-04 09:52:13.281]	[   13]	              [in][info]=SBSftpCommon.TElSftpFileInfo
[2016-08-04 09:52:13.281]	[   13]	              [in][errorCode]=0
[2016-08-04 09:52:13.281]	[   13]	              [in][comment]=
[2016-08-04 09:52:13.281]	[   13]	              [out][errorCode]=0
[2016-08-04 09:52:13.281]	[   13]	              [out][comment]=
[2016-08-04 09:52:13.281]	[   13]	SFTPOperations.OnFindNext EXIT
[2016-08-04 09:52:13.281]	[   13]	=============================================================
[2016-08-04 09:52:13.281]	[   13]	=============================================================
[2016-08-04 09:52:13.281]	[   13]	SFTPOperations.OnFindNext ENTER 
[2016-08-04 09:52:13.281]	[   13]	              [in][sender]=SBSftpServer.TElSFTPServer
[2016-08-04 09:52:13.281]	[   13]	              [in][data]=
[2016-08-04 09:52:13.281]	[   13]	              [in][info]=SBSftpCommon.TElSftpFileInfo
[2016-08-04 09:52:13.281]	[   13]	              [in][errorCode]=0
[2016-08-04 09:52:13.281]	[   13]	              [in][comment]=
[2016-08-04 09:52:13.281]	[   13]	              [out][errorCode]=0
[2016-08-04 09:52:13.281]	[   13]	              [out][comment]=
[2016-08-04 09:52:13.281]	[   13]	SFTPOperations.OnFindNext EXIT
[2016-08-04 09:52:13.281]	[   13]	=============================================================
[2016-08-04 09:52:13.283]	[   13]	=============================================================
[2016-08-04 09:52:13.283]	[   13]	SFTPOperations.OnFindClose ENTER 
[2016-08-04 09:52:13.283]	[   13]	              [in][sender]=SBSftpServer.TElSFTPServer
[2016-08-04 09:52:13.283]	[   13]	              [in][searchRec]=
[2016-08-04 09:52:13.283]	[   13]	              [in][errorCode]=1
[2016-08-04 09:52:13.283]	[   13]	              [in][comment]=
[2016-08-04 09:52:13.284]	[   13]	              [out][errorCode]=1
[2016-08-04 09:52:13.284]	[   13]	              [out][comment]=
[2016-08-04 09:52:13.284]	[   13]	SFTPOperations.OnFindClose EXIT
[2016-08-04 09:52:13.284]	[   13]	=============================================================
[2016-08-04 09:52:13.288]	[   13]	=============================================================
[2016-08-04 09:52:13.288]	[   13]	SFTPOperations.OnFindFirst ENTER 
[2016-08-04 09:52:13.288]	[   13]	              [in][sender]=SBSftpServer.TElSFTPServer
[2016-08-04 09:52:13.288]	[   13]	              [in][path]=\\TestSession_cb381d5a-914f-4aed-8618-5cba32a076b8/
[2016-08-04 09:52:13.288]	[   13]	              [in][data]=
[2016-08-04 09:52:13.288]	[   13]	              [in][info]=SBSftpCommon.TElSftpFileInfo
[2016-08-04 09:52:13.288]	[   13]	              [in][errorCode]=0
[2016-08-04 09:52:13.288]	[   13]	              [in][comment]=
[2016-08-04 09:52:13.288]	[   13]	              [out][data]=
[2016-08-04 09:52:13.288]	[   13]	              [out][errorCode]=0
[2016-08-04 09:52:13.288]	[   13]	              [out][comment]=
[2016-08-04 09:52:13.288]	[   13]	SFTPOperations.OnFindFirst EXIT
[2016-08-04 09:52:13.288]	[   13]	=============================================================
[2016-08-04 09:52:13.289]	[   13]	=============================================================
[2016-08-04 09:52:13.289]	[   13]	SFTPOperations.OnFindNext ENTER 
[2016-08-04 09:52:13.289]	[   13]	              [in][sender]=SBSftpServer.TElSFTPServer
[2016-08-04 09:52:13.289]	[   13]	              [in][data]=
[2016-08-04 09:52:13.289]	[   13]	              [in][info]=SBSftpCommon.TElSftpFileInfo
[2016-08-04 09:52:13.289]	[   13]	              [in][errorCode]=0
[2016-08-04 09:52:13.289]	[   13]	              [in][comment]=
[2016-08-04 09:52:13.289]	[   13]	              [out][errorCode]=0
[2016-08-04 09:52:13.289]	[   13]	              [out][comment]=
[2016-08-04 09:52:13.289]	[   13]	SFTPOperations.OnFindNext EXIT
[2016-08-04 09:52:13.289]	[   13]	=============================================================
[2016-08-04 09:52:13.289]	[   13]	=============================================================
[2016-08-04 09:52:13.289]	[   13]	SFTPOperations.OnFindNext ENTER 
[2016-08-04 09:52:13.289]	[   13]	              [in][sender]=SBSftpServer.TElSFTPServer
[2016-08-04 09:52:13.289]	[   13]	              [in][data]=
[2016-08-04 09:52:13.289]	[   13]	              [in][info]=SBSftpCommon.TElSftpFileInfo
[2016-08-04 09:52:13.289]	[   13]	              [in][errorCode]=0
[2016-08-04 09:52:13.289]	[   13]	              [in][comment]=
[2016-08-04 09:52:13.289]	[   13]	              [out][errorCode]=0
[2016-08-04 09:52:13.289]	[   13]	              [out][comment]=
[2016-08-04 09:52:13.289]	[   13]	SFTPOperations.OnFindNext EXIT
[2016-08-04 09:52:13.289]	[   13]	=============================================================
[2016-08-04 09:52:13.290]	[   13]	=============================================================
[2016-08-04 09:52:13.290]	[   13]	SFTPOperations.OnFindClose ENTER 
[2016-08-04 09:52:13.290]	[   13]	              [in][sender]=SBSftpServer.TElSFTPServer
[2016-08-04 09:52:13.290]	[   13]	              [in][searchRec]=
[2016-08-04 09:52:13.290]	[   13]	              [in][errorCode]=1
[2016-08-04 09:52:13.290]	[   13]	              [in][comment]=
[2016-08-04 09:52:13.290]	[   13]	              [out][errorCode]=1
[2016-08-04 09:52:13.290]	[   13]	              [out][comment]=
[2016-08-04 09:52:13.290]	[   13]	SFTPOperations.OnFindClose EXIT
[2016-08-04 09:52:13.290]	[   13]	=============================================================
[2016-08-04 09:52:13.292]	[   13]	=============================================================
[2016-08-04 09:52:13.292]	[   13]	SFTPOperations.OnRemove ENTER 
[2016-08-04 09:52:13.292]	[   13]	              [in][sender]=SBSftpServer.TElSFTPServer
[2016-08-04 09:52:13.292]	[   13]	              [in][path]=\\TestSession_cb381d5a-914f-4aed-8618-5cba32a076b8/
[2016-08-04 09:52:13.292]	[   13]	              [in][errorCode]=0
[2016-08-04 09:52:13.292]	[   13]	              [in][comment]=
[2016-08-04 09:52:13.292]	[   13]	              [out][errorCode]=0
[2016-08-04 09:52:13.292]	[   13]	              [out][comment]=
[2016-08-04 09:52:13.292]	[   13]	SFTPOperations.OnRemove EXIT
[2016-08-04 09:52:13.292]	[   13]	=============================================================
[2016-08-04 09:52:13.293]	[   21]	Stopping socket listener
[2016-08-04 09:52:13.293]	[   21]	Socket listener stopped
[2016-08-04 09:52:13.293]	[   14]	Socket receive operation failed: An established connection was aborted by the software in your host machine
[2016-08-04 09:52:13.293]	[   14]	Closing the socket
[2016-08-04 09:52:13.293]	[   14]	ServerListener.OnSessionClosed()</StdOut>
      </Output>
    </UnitTestResult>
    <UnitTestResult executionId="461f4a2f-0532-4d6c-bd7f-c01910d2d892" testId="4ac742ba-d235-1787-c89f-d451e57e86a9" testName="Login_WithIncorrectPassword_ThrowsFtpException" computerName="ICSWS068" duration="00:00:00.3787283" startTime="2016-08-04T09:52:13.3073465+02:00" endTime="2016-08-04T09:52:13.6873603+02:00" testType="13cdc9d9-ddb5-4fa4-a97d-d965ccfc6d4b" outcome="Passed" testListId="8c84fa94-04c1-424b-9868-57a2d4851a1d" relativeResultsDirectory="461f4a2f-0532-4d6c-bd7f-c01910d2d892">
      <Output>
        <StdOut>Debug Trace:
[2016-08-04 09:52:13.311]	[   41]	Starting SSH server listener...
[2016-08-04 09:52:13.311]	[   41]	SSH server listener started.
[2016-08-04 09:52:13.361]	[   39]	ServerListener.Listen : New connection available
[2016-08-04 09:52:13.362]	[   39]	Connection accepted. Active connections 1 from 20
[2016-08-04 09:52:13.452]	[   14]	Subsystem sftp opened
[2016-08-04 09:52:13.452]	[   14]	SFTP server started
[2016-08-04 09:52:13.453]	[   18]	=============================================================
[2016-08-04 09:52:13.453]	[   18]	SFTPOperations.OnOpen ENTER (3)
[2016-08-04 09:52:13.453]	[   18]	              [in][sender]=SBSftpServer.TElSFTPServer
[2016-08-04 09:52:13.453]	[   18]	SFTP connection established
[2016-08-04 09:52:13.453]	[   18]	SFTPOperations.OnOpen EXIT
[2016-08-04 09:52:13.453]	[   18]	=============================================================
[2016-08-04 09:52:13.453]	[   18]	=============================================================
[2016-08-04 09:52:13.453]	[   18]	SFTPOperations.OnRequestAbsolutePath ENTER 
[2016-08-04 09:52:13.453]	[   18]	              [in][sender]=SBSftpServer.TElSFTPServer
[2016-08-04 09:52:13.453]	[   18]	              [in][path]=.
[2016-08-04 09:52:13.453]	[   18]	              [in][absolutePath]=
[2016-08-04 09:52:13.453]	[   18]	              [in][control]=rcNoCheck
[2016-08-04 09:52:13.453]	[   18]	              [in][composePath]=SBStringList.TElStringList
[2016-08-04 09:52:13.453]	[   18]	              [in][errorCode]=0
[2016-08-04 09:52:13.453]	[   18]	              [in][comment]=
[2016-08-04 09:52:13.453]	[   18]	              [out][absolutePath]=
[2016-08-04 09:52:13.453]	[   18]	              [out][errorCode]=0
[2016-08-04 09:52:13.453]	[   18]	              [out][comment]=
[2016-08-04 09:52:13.453]	[   18]	SFTPOperations.OnRequestAbsolutePath EXIT
[2016-08-04 09:52:13.453]	[   18]	=============================================================
[2016-08-04 09:52:13.453]	[   18]	=============================================================
[2016-08-04 09:52:13.454]	[   18]	SFTPOperations.OnCreateDirectory ENTER 
[2016-08-04 09:52:13.454]	[   18]	              [in][sender]=SBSftpServer.TElSFTPServer
[2016-08-04 09:52:13.454]	[   18]	              [in][path]=\\TestSession_41cbcfd6-24b8-4d2c-8767-2697e8e3499c
[2016-08-04 09:52:13.454]	[   18]	              [in][attributes]=
[2016-08-04 09:52:13.454]	[   18]	              [in][errorCode]=0
[2016-08-04 09:52:13.454]	[   18]	              [in][comment]=
[2016-08-04 09:52:13.454]	[   18]	              [out][errorCode]=0
[2016-08-04 09:52:13.454]	[   18]	              [out][comment]=
[2016-08-04 09:52:13.454]	[   18]	SFTPOperations.OnCreateDirectory EXIT
[2016-08-04 09:52:13.454]	[   18]	=============================================================
[2016-08-04 09:52:13.454]	[   14]	Socket receive operation failed: An established connection was aborted by the software in your host machine
[2016-08-04 09:52:13.454]	[   14]	Closing the socket
[2016-08-04 09:52:13.454]	[   14]	ServerListener.OnSessionClosed()
[2016-08-04 09:52:13.462]	[   39]	ServerListener.Listen : New connection available
[2016-08-04 09:52:13.463]	[   39]	Connection accepted. Active connections 1 from 20
[2016-08-04 09:52:13.553]	[   23]	Closing the socket
[2016-08-04 09:52:13.553]	[   23]	ServerListener.OnSessionClosed()
[2016-08-04 09:52:13.564]	[   39]	ServerListener.Listen : New connection available
[2016-08-04 09:52:13.564]	[   39]	Connection accepted. Active connections 1 from 20
[2016-08-04 09:52:13.659]	[   24]	Subsystem sftp opened
[2016-08-04 09:52:13.659]	[   24]	SFTP server started
[2016-08-04 09:52:13.660]	[   22]	=============================================================
[2016-08-04 09:52:13.660]	[   22]	SFTPOperations.OnOpen ENTER (1)
[2016-08-04 09:52:13.660]	[   22]	              [in][sender]=SBSftpServer.TElSFTPServer
[2016-08-04 09:52:13.660]	[   22]	SFTP connection established
[2016-08-04 09:52:13.660]	[   22]	SFTPOperations.OnOpen EXIT
[2016-08-04 09:52:13.660]	[   22]	=============================================================
[2016-08-04 09:52:13.660]	[   22]	=============================================================
[2016-08-04 09:52:13.660]	[   22]	SFTPOperations.OnRequestAbsolutePath ENTER 
[2016-08-04 09:52:13.660]	[   22]	              [in][sender]=SBSftpServer.TElSFTPServer
[2016-08-04 09:52:13.660]	[   22]	              [in][path]=.
[2016-08-04 09:52:13.660]	[   22]	              [in][absolutePath]=
[2016-08-04 09:52:13.660]	[   22]	              [in][control]=rcNoCheck
[2016-08-04 09:52:13.660]	[   22]	              [in][composePath]=SBStringList.TElStringList
[2016-08-04 09:52:13.660]	[   22]	              [in][errorCode]=0
[2016-08-04 09:52:13.660]	[   22]	              [in][comment]=
[2016-08-04 09:52:13.660]	[   22]	              [out][absolutePath]=
[2016-08-04 09:52:13.660]	[   22]	              [out][errorCode]=0
[2016-08-04 09:52:13.660]	[   22]	              [out][comment]=
[2016-08-04 09:52:13.660]	[   22]	SFTPOperations.OnRequestAbsolutePath EXIT
[2016-08-04 09:52:13.660]	[   22]	=============================================================
[2016-08-04 09:52:13.661]	[   22]	=============================================================
[2016-08-04 09:52:13.661]	[   22]	SFTPOperations.OnFindFirst ENTER 
[2016-08-04 09:52:13.661]	[   22]	              [in][sender]=SBSftpServer.TElSFTPServer
[2016-08-04 09:52:13.661]	[   22]	              [in][path]=\\TestSession_41cbcfd6-24b8-4d2c-8767-2697e8e3499c/
[2016-08-04 09:52:13.661]	[   22]	              [in][data]=
[2016-08-04 09:52:13.661]	[   22]	              [in][info]=SBSftpCommon.TElSftpFileInfo
[2016-08-04 09:52:13.661]	[   22]	              [in][errorCode]=0
[2016-08-04 09:52:13.661]	[   22]	              [in][comment]=
[2016-08-04 09:52:13.661]	[   22]	              [out][data]=
[2016-08-04 09:52:13.661]	[   22]	              [out][errorCode]=0
[2016-08-04 09:52:13.661]	[   22]	              [out][comment]=
[2016-08-04 09:52:13.661]	[   22]	SFTPOperations.OnFindFirst EXIT
[2016-08-04 09:52:13.661]	[   22]	=============================================================
[2016-08-04 09:52:13.662]	[   22]	=============================================================
[2016-08-04 09:52:13.662]	[   22]	SFTPOperations.OnFindNext ENTER 
[2016-08-04 09:52:13.662]	[   22]	              [in][sender]=SBSftpServer.TElSFTPServer
[2016-08-04 09:52:13.662]	[   22]	              [in][data]=
[2016-08-04 09:52:13.662]	[   22]	              [in][info]=SBSftpCommon.TElSftpFileInfo
[2016-08-04 09:52:13.662]	[   22]	              [in][errorCode]=0
[2016-08-04 09:52:13.662]	[   22]	              [in][comment]=
[2016-08-04 09:52:13.662]	[   22]	              [out][errorCode]=0
[2016-08-04 09:52:13.662]	[   22]	              [out][comment]=
[2016-08-04 09:52:13.662]	[   22]	SFTPOperations.OnFindNext EXIT
[2016-08-04 09:52:13.662]	[   22]	=============================================================
[2016-08-04 09:52:13.662]	[   22]	=============================================================
[2016-08-04 09:52:13.662]	[   22]	SFTPOperations.OnFindNext ENTER 
[2016-08-04 09:52:13.662]	[   22]	              [in][sender]=SBSftpServer.TElSFTPServer
[2016-08-04 09:52:13.662]	[   22]	              [in][data]=
[2016-08-04 09:52:13.662]	[   22]	              [in][info]=SBSftpCommon.TElSftpFileInfo
[2016-08-04 09:52:13.662]	[   22]	              [in][errorCode]=0
[2016-08-04 09:52:13.662]	[   22]	              [in][comment]=
[2016-08-04 09:52:13.662]	[   22]	              [out][errorCode]=0
[2016-08-04 09:52:13.662]	[   22]	              [out][comment]=
[2016-08-04 09:52:13.662]	[   22]	SFTPOperations.OnFindNext EXIT
[2016-08-04 09:52:13.662]	[   22]	=============================================================
[2016-08-04 09:52:13.663]	[   22]	=============================================================
[2016-08-04 09:52:13.663]	[   22]	SFTPOperations.OnFindClose ENTER 
[2016-08-04 09:52:13.663]	[   22]	              [in][sender]=SBSftpServer.TElSFTPServer
[2016-08-04 09:52:13.663]	[   22]	              [in][searchRec]=
[2016-08-04 09:52:13.663]	[   22]	              [in][errorCode]=1
[2016-08-04 09:52:13.663]	[   22]	              [in][comment]=
[2016-08-04 09:52:13.663]	[   22]	              [out][errorCode]=1
[2016-08-04 09:52:13.663]	[   22]	              [out][comment]=
[2016-08-04 09:52:13.663]	[   22]	SFTPOperations.OnFindClose EXIT
[2016-08-04 09:52:13.663]	[   22]	=============================================================
[2016-08-04 09:52:13.663]	[   22]	=============================================================
[2016-08-04 09:52:13.663]	[   22]	SFTPOperations.OnFindFirst ENTER 
[2016-08-04 09:52:13.663]	[   22]	              [in][sender]=SBSftpServer.TElSFTPServer
[2016-08-04 09:52:13.663]	[   22]	              [in][path]=\\TestSession_41cbcfd6-24b8-4d2c-8767-2697e8e3499c/
[2016-08-04 09:52:13.663]	[   22]	              [in][data]=
[2016-08-04 09:52:13.663]	[   22]	              [in][info]=SBSftpCommon.TElSftpFileInfo
[2016-08-04 09:52:13.663]	[   22]	              [in][errorCode]=0
[2016-08-04 09:52:13.663]	[   22]	              [in][comment]=
[2016-08-04 09:52:13.664]	[   22]	              [out][data]=
[2016-08-04 09:52:13.664]	[   22]	              [out][errorCode]=0
[2016-08-04 09:52:13.664]	[   22]	              [out][comment]=
[2016-08-04 09:52:13.664]	[   22]	SFTPOperations.OnFindFirst EXIT
[2016-08-04 09:52:13.664]	[   22]	=============================================================
[2016-08-04 09:52:13.664]	[   22]	=============================================================
[2016-08-04 09:52:13.664]	[   22]	SFTPOperations.OnFindNext ENTER 
[2016-08-04 09:52:13.664]	[   22]	              [in][sender]=SBSftpServer.TElSFTPServer
[2016-08-04 09:52:13.664]	[   22]	              [in][data]=
[2016-08-04 09:52:13.664]	[   22]	              [in][info]=SBSftpCommon.TElSftpFileInfo
[2016-08-04 09:52:13.664]	[   22]	              [in][errorCode]=0
[2016-08-04 09:52:13.664]	[   22]	              [in][comment]=
[2016-08-04 09:52:13.664]	[   22]	              [out][errorCode]=0
[2016-08-04 09:52:13.664]	[   22]	              [out][comment]=
[2016-08-04 09:52:13.664]	[   22]	SFTPOperations.OnFindNext EXIT
[2016-08-04 09:52:13.664]	[   22]	=============================================================
[2016-08-04 09:52:13.664]	[   22]	=============================================================
[2016-08-04 09:52:13.664]	[   22]	SFTPOperations.OnFindNext ENTER 
[2016-08-04 09:52:13.664]	[   22]	              [in][sender]=SBSftpServer.TElSFTPServer
[2016-08-04 09:52:13.664]	[   22]	              [in][data]=
[2016-08-04 09:52:13.664]	[   22]	              [in][info]=SBSftpCommon.TElSftpFileInfo
[2016-08-04 09:52:13.664]	[   22]	              [in][errorCode]=0
[2016-08-04 09:52:13.664]	[   22]	              [in][comment]=
[2016-08-04 09:52:13.664]	[   22]	              [out][errorCode]=0
[2016-08-04 09:52:13.664]	[   22]	              [out][comment]=
[2016-08-04 09:52:13.664]	[   22]	SFTPOperations.OnFindNext EXIT
[2016-08-04 09:52:13.664]	[   22]	=============================================================
[2016-08-04 09:52:13.665]	[   22]	=============================================================
[2016-08-04 09:52:13.665]	[   22]	SFTPOperations.OnFindClose ENTER 
[2016-08-04 09:52:13.665]	[   22]	              [in][sender]=SBSftpServer.TElSFTPServer
[2016-08-04 09:52:13.665]	[   22]	              [in][searchRec]=
[2016-08-04 09:52:13.665]	[   22]	              [in][errorCode]=1
[2016-08-04 09:52:13.665]	[   22]	              [in][comment]=
[2016-08-04 09:52:13.665]	[   22]	              [out][errorCode]=1
[2016-08-04 09:52:13.665]	[   22]	              [out][comment]=
[2016-08-04 09:52:13.665]	[   22]	SFTPOperations.OnFindClose EXIT
[2016-08-04 09:52:13.665]	[   22]	=============================================================
[2016-08-04 09:52:13.665]	[   22]	=============================================================
[2016-08-04 09:52:13.666]	[   22]	SFTPOperations.OnRemove ENTER 
[2016-08-04 09:52:13.666]	[   22]	              [in][sender]=SBSftpServer.TElSFTPServer
[2016-08-04 09:52:13.666]	[   22]	              [in][path]=\\TestSession_41cbcfd6-24b8-4d2c-8767-2697e8e3499c/
[2016-08-04 09:52:13.666]	[   22]	              [in][errorCode]=0
[2016-08-04 09:52:13.666]	[   22]	              [in][comment]=
[2016-08-04 09:52:13.666]	[   22]	              [out][errorCode]=0
[2016-08-04 09:52:13.666]	[   22]	              [out][comment]=
[2016-08-04 09:52:13.666]	[   22]	SFTPOperations.OnRemove EXIT
[2016-08-04 09:52:13.666]	[   22]	=============================================================
[2016-08-04 09:52:13.666]	[   41]	Stopping socket listener
[2016-08-04 09:52:13.666]	[   41]	Socket listener stopped
[2016-08-04 09:52:13.666]	[   24]	Socket receive operation failed: An established connection was aborted by the software in your host machine
[2016-08-04 09:52:13.666]	[   24]	Closing the socket
[2016-08-04 09:52:13.666]	[   24]	ServerListener.OnSessionClosed()</StdOut>
      </Output>
    </UnitTestResult>
    <UnitTestResult executionId="1315d62a-2f3e-4e5d-bdb9-8d0b6ce757af" testId="d6238039-8602-1c35-7caf-46b1686d8334" testName="Login_WithPublicKey_Success" computerName="ICSWS068" duration="00:00:00.5240135" startTime="2016-08-04T09:52:13.6903626+02:00" endTime="2016-08-04T09:52:14.2158718+02:00" testType="13cdc9d9-ddb5-4fa4-a97d-d965ccfc6d4b" outcome="Passed" testListId="8c84fa94-04c1-424b-9868-57a2d4851a1d" relativeResultsDirectory="1315d62a-2f3e-4e5d-bdb9-8d0b6ce757af">
      <Output>
        <StdOut>Debug Trace:
[2016-08-04 09:52:13.694]	[   25]	Starting SSH server listener...
[2016-08-04 09:52:13.694]	[   25]	SSH server listener started.
[2016-08-04 09:52:13.744]	[   21]	ServerListener.Listen : New connection available
[2016-08-04 09:52:13.745]	[   21]	Connection accepted. Active connections 1 from 20
[2016-08-04 09:52:13.836]	[   26]	Subsystem sftp opened
[2016-08-04 09:52:13.837]	[   26]	SFTP server started
[2016-08-04 09:52:13.837]	[   27]	=============================================================
[2016-08-04 09:52:13.837]	[   27]	SFTPOperations.OnOpen ENTER (2)
[2016-08-04 09:52:13.837]	[   27]	              [in][sender]=SBSftpServer.TElSFTPServer
[2016-08-04 09:52:13.837]	[   27]	SFTP connection established
[2016-08-04 09:52:13.837]	[   27]	SFTPOperations.OnOpen EXIT
[2016-08-04 09:52:13.837]	[   27]	=============================================================
[2016-08-04 09:52:13.837]	[   27]	=============================================================
[2016-08-04 09:52:13.837]	[   27]	SFTPOperations.OnRequestAbsolutePath ENTER 
[2016-08-04 09:52:13.837]	[   27]	              [in][sender]=SBSftpServer.TElSFTPServer
[2016-08-04 09:52:13.837]	[   27]	              [in][path]=.
[2016-08-04 09:52:13.837]	[   27]	              [in][absolutePath]=
[2016-08-04 09:52:13.837]	[   27]	              [in][control]=rcNoCheck
[2016-08-04 09:52:13.837]	[   27]	              [in][composePath]=SBStringList.TElStringList
[2016-08-04 09:52:13.837]	[   27]	              [in][errorCode]=0
[2016-08-04 09:52:13.837]	[   27]	              [in][comment]=
[2016-08-04 09:52:13.837]	[   27]	              [out][absolutePath]=
[2016-08-04 09:52:13.837]	[   27]	              [out][errorCode]=0
[2016-08-04 09:52:13.838]	[   27]	              [out][comment]=
[2016-08-04 09:52:13.838]	[   27]	SFTPOperations.OnRequestAbsolutePath EXIT
[2016-08-04 09:52:13.838]	[   27]	=============================================================
[2016-08-04 09:52:13.838]	[   27]	=============================================================
[2016-08-04 09:52:13.838]	[   27]	SFTPOperations.OnCreateDirectory ENTER 
[2016-08-04 09:52:13.838]	[   27]	              [in][sender]=SBSftpServer.TElSFTPServer
[2016-08-04 09:52:13.838]	[   27]	              [in][path]=\\TestSession_390e7bf9-bd38-4e34-8d96-88063208a6db
[2016-08-04 09:52:13.838]	[   27]	              [in][attributes]=
[2016-08-04 09:52:13.838]	[   27]	              [in][errorCode]=0
[2016-08-04 09:52:13.838]	[   27]	              [in][comment]=
[2016-08-04 09:52:13.838]	[   27]	              [out][errorCode]=0
[2016-08-04 09:52:13.838]	[   27]	              [out][comment]=
[2016-08-04 09:52:13.838]	[   27]	SFTPOperations.OnCreateDirectory EXIT
[2016-08-04 09:52:13.838]	[   27]	=============================================================
[2016-08-04 09:52:13.839]	[   26]	Socket receive operation failed: An established connection was aborted by the software in your host machine
[2016-08-04 09:52:13.839]	[   26]	Closing the socket
[2016-08-04 09:52:13.839]	[   26]	ServerListener.OnSessionClosed()
[2016-08-04 09:52:13.896]	[   21]	ServerListener.Listen : New connection available
[2016-08-04 09:52:13.896]	[   21]	Connection accepted. Active connections 1 from 20
[2016-08-04 09:52:14.051]	[   28]	Subsystem sftp opened
[2016-08-04 09:52:14.052]	[   28]	SFTP server started
[2016-08-04 09:52:14.052]	[   29]	=============================================================
[2016-08-04 09:52:14.052]	[   29]	SFTPOperations.OnOpen ENTER (1)
[2016-08-04 09:52:14.052]	[   29]	              [in][sender]=SBSftpServer.TElSFTPServer
[2016-08-04 09:52:14.052]	[   29]	SFTP connection established
[2016-08-04 09:52:14.052]	[   29]	SFTPOperations.OnOpen EXIT
[2016-08-04 09:52:14.052]	[   29]	=============================================================
[2016-08-04 09:52:14.052]	[   29]	=============================================================
[2016-08-04 09:52:14.052]	[   29]	SFTPOperations.OnRequestAbsolutePath ENTER 
[2016-08-04 09:52:14.052]	[   29]	              [in][sender]=SBSftpServer.TElSFTPServer
[2016-08-04 09:52:14.052]	[   29]	              [in][path]=.
[2016-08-04 09:52:14.052]	[   29]	              [in][absolutePath]=
[2016-08-04 09:52:14.052]	[   29]	              [in][control]=rcNoCheck
[2016-08-04 09:52:14.052]	[   29]	              [in][composePath]=SBStringList.TElStringList
[2016-08-04 09:52:14.052]	[   29]	              [in][errorCode]=0
[2016-08-04 09:52:14.052]	[   29]	              [in][comment]=
[2016-08-04 09:52:14.052]	[   29]	              [out][absolutePath]=
[2016-08-04 09:52:14.052]	[   29]	              [out][errorCode]=0
[2016-08-04 09:52:14.052]	[   29]	              [out][comment]=
[2016-08-04 09:52:14.052]	[   29]	SFTPOperations.OnRequestAbsolutePath EXIT
[2016-08-04 09:52:14.052]	[   29]	=============================================================
[2016-08-04 09:52:14.053]	[   28]	Socket receive operation failed: An established connection was aborted by the software in your host machine
[2016-08-04 09:52:14.053]	[   28]	Closing the socket
[2016-08-04 09:52:14.053]	[   28]	ServerListener.OnSessionClosed()
[2016-08-04 09:52:14.098]	[   21]	ServerListener.Listen : New connection available
[2016-08-04 09:52:14.098]	[   21]	Connection accepted. Active connections 1 from 20
[2016-08-04 09:52:14.189]	[   33]	Subsystem sftp opened
[2016-08-04 09:52:14.189]	[   33]	SFTP server started
[2016-08-04 09:52:14.190]	[   34]	=============================================================
[2016-08-04 09:52:14.190]	[   34]	SFTPOperations.OnOpen ENTER (2)
[2016-08-04 09:52:14.190]	[   34]	              [in][sender]=SBSftpServer.TElSFTPServer
[2016-08-04 09:52:14.190]	[   34]	SFTP connection established
[2016-08-04 09:52:14.190]	[   34]	SFTPOperations.OnOpen EXIT
[2016-08-04 09:52:14.190]	[   34]	=============================================================
[2016-08-04 09:52:14.190]	[   34]	=============================================================
[2016-08-04 09:52:14.190]	[   34]	SFTPOperations.OnRequestAbsolutePath ENTER 
[2016-08-04 09:52:14.190]	[   34]	              [in][sender]=SBSftpServer.TElSFTPServer
[2016-08-04 09:52:14.190]	[   34]	              [in][path]=.
[2016-08-04 09:52:14.190]	[   34]	              [in][absolutePath]=
[2016-08-04 09:52:14.190]	[   34]	              [in][control]=rcNoCheck
[2016-08-04 09:52:14.190]	[   34]	              [in][composePath]=SBStringList.TElStringList
[2016-08-04 09:52:14.190]	[   34]	              [in][errorCode]=0
[2016-08-04 09:52:14.190]	[   34]	              [in][comment]=
[2016-08-04 09:52:14.190]	[   34]	              [out][absolutePath]=
[2016-08-04 09:52:14.190]	[   34]	              [out][errorCode]=0
[2016-08-04 09:52:14.190]	[   34]	              [out][comment]=
[2016-08-04 09:52:14.190]	[   34]	SFTPOperations.OnRequestAbsolutePath EXIT
[2016-08-04 09:52:14.190]	[   34]	=============================================================
[2016-08-04 09:52:14.190]	[   34]	=============================================================
[2016-08-04 09:52:14.190]	[   34]	SFTPOperations.OnFindFirst ENTER 
[2016-08-04 09:52:14.190]	[   34]	              [in][sender]=SBSftpServer.TElSFTPServer
[2016-08-04 09:52:14.190]	[   34]	              [in][path]=\\TestSession_390e7bf9-bd38-4e34-8d96-88063208a6db/
[2016-08-04 09:52:14.191]	[   34]	              [in][data]=
[2016-08-04 09:52:14.191]	[   34]	              [in][info]=SBSftpCommon.TElSftpFileInfo
[2016-08-04 09:52:14.191]	[   34]	              [in][errorCode]=0
[2016-08-04 09:52:14.191]	[   34]	              [in][comment]=
[2016-08-04 09:52:14.191]	[   34]	              [out][data]=
[2016-08-04 09:52:14.191]	[   34]	              [out][errorCode]=0
[2016-08-04 09:52:14.191]	[   34]	              [out][comment]=
[2016-08-04 09:52:14.191]	[   34]	SFTPOperations.OnFindFirst EXIT
[2016-08-04 09:52:14.191]	[   34]	=============================================================
[2016-08-04 09:52:14.191]	[   34]	=============================================================
[2016-08-04 09:52:14.191]	[   34]	SFTPOperations.OnFindNext ENTER 
[2016-08-04 09:52:14.191]	[   34]	              [in][sender]=SBSftpServer.TElSFTPServer
[2016-08-04 09:52:14.191]	[   34]	              [in][data]=
[2016-08-04 09:52:14.191]	[   34]	              [in][info]=SBSftpCommon.TElSftpFileInfo
[2016-08-04 09:52:14.191]	[   34]	              [in][errorCode]=0
[2016-08-04 09:52:14.191]	[   34]	              [in][comment]=
[2016-08-04 09:52:14.191]	[   34]	              [out][errorCode]=0
[2016-08-04 09:52:14.191]	[   34]	              [out][comment]=
[2016-08-04 09:52:14.191]	[   34]	SFTPOperations.OnFindNext EXIT
[2016-08-04 09:52:14.191]	[   34]	=============================================================
[2016-08-04 09:52:14.191]	[   34]	=============================================================
[2016-08-04 09:52:14.191]	[   34]	SFTPOperations.OnFindNext ENTER 
[2016-08-04 09:52:14.191]	[   34]	              [in][sender]=SBSftpServer.TElSFTPServer
[2016-08-04 09:52:14.191]	[   34]	              [in][data]=
[2016-08-04 09:52:14.191]	[   34]	              [in][info]=SBSftpCommon.TElSftpFileInfo
[2016-08-04 09:52:14.191]	[   34]	              [in][errorCode]=0
[2016-08-04 09:52:14.192]	[   34]	              [in][comment]=
[2016-08-04 09:52:14.192]	[   34]	              [out][errorCode]=0
[2016-08-04 09:52:14.192]	[   34]	              [out][comment]=
[2016-08-04 09:52:14.192]	[   34]	SFTPOperations.OnFindNext EXIT
[2016-08-04 09:52:14.192]	[   34]	=============================================================
[2016-08-04 09:52:14.192]	[   34]	=============================================================
[2016-08-04 09:52:14.192]	[   34]	SFTPOperations.OnFindClose ENTER 
[2016-08-04 09:52:14.192]	[   34]	              [in][sender]=SBSftpServer.TElSFTPServer
[2016-08-04 09:52:14.192]	[   34]	              [in][searchRec]=
[2016-08-04 09:52:14.192]	[   34]	              [in][errorCode]=1
[2016-08-04 09:52:14.192]	[   34]	              [in][comment]=
[2016-08-04 09:52:14.192]	[   34]	              [out][errorCode]=1
[2016-08-04 09:52:14.192]	[   34]	              [out][comment]=
[2016-08-04 09:52:14.192]	[   34]	SFTPOperations.OnFindClose EXIT
[2016-08-04 09:52:14.192]	[   34]	=============================================================
[2016-08-04 09:52:14.192]	[   34]	=============================================================
[2016-08-04 09:52:14.192]	[   34]	SFTPOperations.OnFindFirst ENTER 
[2016-08-04 09:52:14.192]	[   34]	              [in][sender]=SBSftpServer.TElSFTPServer
[2016-08-04 09:52:14.192]	[   34]	              [in][path]=\\TestSession_390e7bf9-bd38-4e34-8d96-88063208a6db/
[2016-08-04 09:52:14.192]	[   34]	              [in][data]=
[2016-08-04 09:52:14.193]	[   34]	              [in][info]=SBSftpCommon.TElSftpFileInfo
[2016-08-04 09:52:14.193]	[   34]	              [in][errorCode]=0
[2016-08-04 09:52:14.193]	[   34]	              [in][comment]=
[2016-08-04 09:52:14.193]	[   34]	              [out][data]=
[2016-08-04 09:52:14.193]	[   34]	              [out][errorCode]=0
[2016-08-04 09:52:14.193]	[   34]	              [out][comment]=
[2016-08-04 09:52:14.193]	[   34]	SFTPOperations.OnFindFirst EXIT
[2016-08-04 09:52:14.193]	[   34]	=============================================================
[2016-08-04 09:52:14.193]	[   34]	=============================================================
[2016-08-04 09:52:14.193]	[   34]	SFTPOperations.OnFindNext ENTER 
[2016-08-04 09:52:14.193]	[   34]	              [in][sender]=SBSftpServer.TElSFTPServer
[2016-08-04 09:52:14.193]	[   34]	              [in][data]=
[2016-08-04 09:52:14.193]	[   34]	              [in][info]=SBSftpCommon.TElSftpFileInfo
[2016-08-04 09:52:14.193]	[   34]	              [in][errorCode]=0
[2016-08-04 09:52:14.193]	[   34]	              [in][comment]=
[2016-08-04 09:52:14.193]	[   34]	              [out][errorCode]=0
[2016-08-04 09:52:14.193]	[   34]	              [out][comment]=
[2016-08-04 09:52:14.193]	[   34]	SFTPOperations.OnFindNext EXIT
[2016-08-04 09:52:14.193]	[   34]	=============================================================
[2016-08-04 09:52:14.193]	[   34]	=============================================================
[2016-08-04 09:52:14.193]	[   34]	SFTPOperations.OnFindNext ENTER 
[2016-08-04 09:52:14.193]	[   34]	              [in][sender]=SBSftpServer.TElSFTPServer
[2016-08-04 09:52:14.193]	[   34]	              [in][data]=
[2016-08-04 09:52:14.193]	[   34]	              [in][info]=SBSftpCommon.TElSftpFileInfo
[2016-08-04 09:52:14.193]	[   34]	              [in][errorCode]=0
[2016-08-04 09:52:14.193]	[   34]	              [in][comment]=
[2016-08-04 09:52:14.193]	[   34]	              [out][errorCode]=0
[2016-08-04 09:52:14.193]	[   34]	              [out][comment]=
[2016-08-04 09:52:14.194]	[   34]	SFTPOperations.OnFindNext EXIT
[2016-08-04 09:52:14.194]	[   34]	=============================================================
[2016-08-04 09:52:14.194]	[   34]	=============================================================
[2016-08-04 09:52:14.194]	[   34]	SFTPOperations.OnFindClose ENTER 
[2016-08-04 09:52:14.194]	[   34]	              [in][sender]=SBSftpServer.TElSFTPServer
[2016-08-04 09:52:14.194]	[   34]	              [in][searchRec]=
[2016-08-04 09:52:14.194]	[   34]	              [in][errorCode]=1
[2016-08-04 09:52:14.194]	[   34]	              [in][comment]=
[2016-08-04 09:52:14.194]	[   34]	              [out][errorCode]=1
[2016-08-04 09:52:14.194]	[   34]	              [out][comment]=
[2016-08-04 09:52:14.194]	[   34]	SFTPOperations.OnFindClose EXIT
[2016-08-04 09:52:14.194]	[   34]	=============================================================
[2016-08-04 09:52:14.194]	[   34]	=============================================================
[2016-08-04 09:52:14.194]	[   34]	SFTPOperations.OnRemove ENTER 
[2016-08-04 09:52:14.194]	[   34]	              [in][sender]=SBSftpServer.TElSFTPServer
[2016-08-04 09:52:14.195]	[   34]	              [in][path]=\\TestSession_390e7bf9-bd38-4e34-8d96-88063208a6db/
[2016-08-04 09:52:14.195]	[   34]	              [in][errorCode]=0
[2016-08-04 09:52:14.195]	[   34]	              [in][comment]=
[2016-08-04 09:52:14.195]	[   34]	              [out][errorCode]=0
[2016-08-04 09:52:14.195]	[   34]	              [out][comment]=
[2016-08-04 09:52:14.195]	[   34]	SFTPOperations.OnRemove EXIT
[2016-08-04 09:52:14.195]	[   34]	=============================================================
[2016-08-04 09:52:14.195]	[   25]	Stopping socket listener
[2016-08-04 09:52:14.195]	[   25]	Socket listener stopped
[2016-08-04 09:52:14.195]	[   33]	Socket receive operation failed: An established connection was aborted by the software in your host machine
[2016-08-04 09:52:14.195]	[   33]	Closing the socket
[2016-08-04 09:52:14.195]	[   33]	ServerListener.OnSessionClosed()</StdOut>
      </Output>
    </UnitTestResult>
    <UnitTestResult executionId="aaa32cb1-5aa6-4bd9-8af2-0257bf7e1365" testId="0543ed8c-300a-8f85-50d8-84325874f1cb" testName="Login_WithPublicKey_WrongPassword_ThrowsFtpException" computerName="ICSWS068" duration="00:00:00.2628516" startTime="2016-08-04T09:52:14.2193741+02:00" endTime="2016-08-04T09:52:14.4838171+02:00" testType="13cdc9d9-ddb5-4fa4-a97d-d965ccfc6d4b" outcome="Passed" testListId="8c84fa94-04c1-424b-9868-57a2d4851a1d" relativeResultsDirectory="aaa32cb1-5aa6-4bd9-8af2-0257bf7e1365">
      <Output>
        <StdOut>Debug Trace:
[2016-08-04 09:52:14.223]	[   38]	Starting SSH server listener...
[2016-08-04 09:52:14.223]	[   38]	SSH server listener started.
[2016-08-04 09:52:14.274]	[   35]	ServerListener.Listen : New connection available
[2016-08-04 09:52:14.275]	[   35]	Connection accepted. Active connections 1 from 20
[2016-08-04 09:52:14.361]	[   37]	Subsystem sftp opened
[2016-08-04 09:52:14.362]	[   37]	SFTP server started
[2016-08-04 09:52:14.362]	[   32]	=============================================================
[2016-08-04 09:52:14.362]	[   32]	SFTPOperations.OnOpen ENTER (3)
[2016-08-04 09:52:14.362]	[   32]	              [in][sender]=SBSftpServer.TElSFTPServer
[2016-08-04 09:52:14.362]	[   32]	SFTP connection established
[2016-08-04 09:52:14.362]	[   32]	SFTPOperations.OnOpen EXIT
[2016-08-04 09:52:14.362]	[   32]	=============================================================
[2016-08-04 09:52:14.362]	[   32]	=============================================================
[2016-08-04 09:52:14.362]	[   32]	SFTPOperations.OnRequestAbsolutePath ENTER 
[2016-08-04 09:52:14.362]	[   32]	              [in][sender]=SBSftpServer.TElSFTPServer
[2016-08-04 09:52:14.362]	[   32]	              [in][path]=.
[2016-08-04 09:52:14.362]	[   32]	              [in][absolutePath]=
[2016-08-04 09:52:14.362]	[   32]	              [in][control]=rcNoCheck
[2016-08-04 09:52:14.362]	[   32]	              [in][composePath]=SBStringList.TElStringList
[2016-08-04 09:52:14.362]	[   32]	              [in][errorCode]=0
[2016-08-04 09:52:14.362]	[   32]	              [in][comment]=
[2016-08-04 09:52:14.362]	[   32]	              [out][absolutePath]=
[2016-08-04 09:52:14.362]	[   32]	              [out][errorCode]=0
[2016-08-04 09:52:14.362]	[   32]	              [out][comment]=
[2016-08-04 09:52:14.362]	[   32]	SFTPOperations.OnRequestAbsolutePath EXIT
[2016-08-04 09:52:14.362]	[   32]	=============================================================
[2016-08-04 09:52:14.363]	[   32]	=============================================================
[2016-08-04 09:52:14.363]	[   32]	SFTPOperations.OnCreateDirectory ENTER 
[2016-08-04 09:52:14.363]	[   32]	              [in][sender]=SBSftpServer.TElSFTPServer
[2016-08-04 09:52:14.363]	[   32]	              [in][path]=\\TestSession_528afc68-c561-4c24-8e3d-8ffbc39524a0
[2016-08-04 09:52:14.363]	[   32]	              [in][attributes]=
[2016-08-04 09:52:14.363]	[   32]	              [in][errorCode]=0
[2016-08-04 09:52:14.363]	[   32]	              [in][comment]=
[2016-08-04 09:52:14.363]	[   32]	              [out][errorCode]=0
[2016-08-04 09:52:14.363]	[   32]	              [out][comment]=
[2016-08-04 09:52:14.363]	[   32]	SFTPOperations.OnCreateDirectory EXIT
[2016-08-04 09:52:14.363]	[   32]	=============================================================
[2016-08-04 09:52:14.364]	[   37]	Socket receive operation failed: An established connection was aborted by the software in your host machine
[2016-08-04 09:52:14.364]	[   37]	Closing the socket
[2016-08-04 09:52:14.364]	[   37]	ServerListener.OnSessionClosed()
[2016-08-04 09:52:14.375]	[   35]	ServerListener.Listen : New connection available
[2016-08-04 09:52:14.375]	[   35]	Connection accepted. Active connections 1 from 20
[2016-08-04 09:52:14.462]	[   31]	Subsystem sftp opened
[2016-08-04 09:52:14.463]	[   31]	SFTP server started
[2016-08-04 09:52:14.467]	[   30]	=============================================================
[2016-08-04 09:52:14.467]	[   30]	SFTPOperations.OnOpen ENTER (1)
[2016-08-04 09:52:14.467]	[   30]	              [in][sender]=SBSftpServer.TElSFTPServer
[2016-08-04 09:52:14.467]	[   30]	SFTP connection established
[2016-08-04 09:52:14.467]	[   30]	SFTPOperations.OnOpen EXIT
[2016-08-04 09:52:14.467]	[   30]	=============================================================
[2016-08-04 09:52:14.467]	[   30]	=============================================================
[2016-08-04 09:52:14.467]	[   30]	SFTPOperations.OnRequestAbsolutePath ENTER 
[2016-08-04 09:52:14.467]	[   30]	              [in][sender]=SBSftpServer.TElSFTPServer
[2016-08-04 09:52:14.467]	[   30]	              [in][path]=.
[2016-08-04 09:52:14.467]	[   30]	              [in][absolutePath]=
[2016-08-04 09:52:14.467]	[   30]	              [in][control]=rcNoCheck
[2016-08-04 09:52:14.468]	[   30]	              [in][composePath]=SBStringList.TElStringList
[2016-08-04 09:52:14.468]	[   30]	              [in][errorCode]=0
[2016-08-04 09:52:14.468]	[   30]	              [in][comment]=
[2016-08-04 09:52:14.468]	[   30]	              [out][absolutePath]=
[2016-08-04 09:52:14.468]	[   30]	              [out][errorCode]=0
[2016-08-04 09:52:14.468]	[   30]	              [out][comment]=
[2016-08-04 09:52:14.468]	[   30]	SFTPOperations.OnRequestAbsolutePath EXIT
[2016-08-04 09:52:14.468]	[   30]	=============================================================
[2016-08-04 09:52:14.468]	[   30]	=============================================================
[2016-08-04 09:52:14.468]	[   30]	SFTPOperations.OnFindFirst ENTER 
[2016-08-04 09:52:14.468]	[   30]	              [in][sender]=SBSftpServer.TElSFTPServer
[2016-08-04 09:52:14.468]	[   30]	              [in][path]=\\TestSession_528afc68-c561-4c24-8e3d-8ffbc39524a0/
[2016-08-04 09:52:14.468]	[   30]	              [in][data]=
[2016-08-04 09:52:14.468]	[   30]	              [in][info]=SBSftpCommon.TElSftpFileInfo
[2016-08-04 09:52:14.468]	[   30]	              [in][errorCode]=0
[2016-08-04 09:52:14.468]	[   30]	              [in][comment]=
[2016-08-04 09:52:14.468]	[   30]	              [out][data]=
[2016-08-04 09:52:14.468]	[   30]	              [out][errorCode]=0
[2016-08-04 09:52:14.468]	[   30]	              [out][comment]=
[2016-08-04 09:52:14.468]	[   30]	SFTPOperations.OnFindFirst EXIT
[2016-08-04 09:52:14.468]	[   30]	=============================================================
[2016-08-04 09:52:14.469]	[   30]	=============================================================
[2016-08-04 09:52:14.469]	[   30]	SFTPOperations.OnFindNext ENTER 
[2016-08-04 09:52:14.469]	[   30]	              [in][sender]=SBSftpServer.TElSFTPServer
[2016-08-04 09:52:14.469]	[   30]	              [in][data]=
[2016-08-04 09:52:14.469]	[   30]	              [in][info]=SBSftpCommon.TElSftpFileInfo
[2016-08-04 09:52:14.469]	[   30]	              [in][errorCode]=0
[2016-08-04 09:52:14.469]	[   30]	              [in][comment]=
[2016-08-04 09:52:14.469]	[   30]	              [out][errorCode]=0
[2016-08-04 09:52:14.469]	[   30]	              [out][comment]=
[2016-08-04 09:52:14.469]	[   30]	SFTPOperations.OnFindNext EXIT
[2016-08-04 09:52:14.469]	[   30]	=============================================================
[2016-08-04 09:52:14.469]	[   30]	=============================================================
[2016-08-04 09:52:14.469]	[   30]	SFTPOperations.OnFindNext ENTER 
[2016-08-04 09:52:14.469]	[   30]	              [in][sender]=SBSftpServer.TElSFTPServer
[2016-08-04 09:52:14.469]	[   30]	              [in][data]=
[2016-08-04 09:52:14.469]	[   30]	              [in][info]=SBSftpCommon.TElSftpFileInfo
[2016-08-04 09:52:14.469]	[   30]	              [in][errorCode]=0
[2016-08-04 09:52:14.469]	[   30]	              [in][comment]=
[2016-08-04 09:52:14.469]	[   30]	              [out][errorCode]=0
[2016-08-04 09:52:14.469]	[   30]	              [out][comment]=
[2016-08-04 09:52:14.469]	[   30]	SFTPOperations.OnFindNext EXIT
[2016-08-04 09:52:14.469]	[   30]	=============================================================
[2016-08-04 09:52:14.470]	[   30]	=============================================================
[2016-08-04 09:52:14.470]	[   30]	SFTPOperations.OnFindClose ENTER 
[2016-08-04 09:52:14.470]	[   30]	              [in][sender]=SBSftpServer.TElSFTPServer
[2016-08-04 09:52:14.470]	[   30]	              [in][searchRec]=
[2016-08-04 09:52:14.470]	[   30]	              [in][errorCode]=1
[2016-08-04 09:52:14.470]	[   30]	              [in][comment]=
[2016-08-04 09:52:14.470]	[   30]	              [out][errorCode]=1
[2016-08-04 09:52:14.470]	[   30]	              [out][comment]=
[2016-08-04 09:52:14.470]	[   30]	SFTPOperations.OnFindClose EXIT
[2016-08-04 09:52:14.470]	[   30]	=============================================================
[2016-08-04 09:52:14.470]	[   30]	=============================================================
[2016-08-04 09:52:14.470]	[   30]	SFTPOperations.OnFindFirst ENTER 
[2016-08-04 09:52:14.470]	[   30]	              [in][sender]=SBSftpServer.TElSFTPServer
[2016-08-04 09:52:14.470]	[   30]	              [in][path]=\\TestSession_528afc68-c561-4c24-8e3d-8ffbc39524a0/
[2016-08-04 09:52:14.470]	[   30]	              [in][data]=
[2016-08-04 09:52:14.470]	[   30]	              [in][info]=SBSftpCommon.TElSftpFileInfo
[2016-08-04 09:52:14.470]	[   30]	              [in][errorCode]=0
[2016-08-04 09:52:14.470]	[   30]	              [in][comment]=
[2016-08-04 09:52:14.470]	[   30]	              [out][data]=
[2016-08-04 09:52:14.471]	[   30]	              [out][errorCode]=0
[2016-08-04 09:52:14.471]	[   30]	              [out][comment]=
[2016-08-04 09:52:14.471]	[   30]	SFTPOperations.OnFindFirst EXIT
[2016-08-04 09:52:14.471]	[   30]	=============================================================
[2016-08-04 09:52:14.471]	[   30]	=============================================================
[2016-08-04 09:52:14.471]	[   30]	SFTPOperations.OnFindNext ENTER 
[2016-08-04 09:52:14.471]	[   30]	              [in][sender]=SBSftpServer.TElSFTPServer
[2016-08-04 09:52:14.471]	[   30]	              [in][data]=
[2016-08-04 09:52:14.471]	[   30]	              [in][info]=SBSftpCommon.TElSftpFileInfo
[2016-08-04 09:52:14.471]	[   30]	              [in][errorCode]=0
[2016-08-04 09:52:14.471]	[   30]	              [in][comment]=
[2016-08-04 09:52:14.471]	[   30]	              [out][errorCode]=0
[2016-08-04 09:52:14.471]	[   30]	              [out][comment]=
[2016-08-04 09:52:14.471]	[   30]	SFTPOperations.OnFindNext EXIT
[2016-08-04 09:52:14.471]	[   30]	=============================================================
[2016-08-04 09:52:14.471]	[   30]	=============================================================
[2016-08-04 09:52:14.471]	[   30]	SFTPOperations.OnFindNext ENTER 
[2016-08-04 09:52:14.471]	[   30]	              [in][sender]=SBSftpServer.TElSFTPServer
[2016-08-04 09:52:14.471]	[   30]	              [in][data]=
[2016-08-04 09:52:14.471]	[   30]	              [in][info]=SBSftpCommon.TElSftpFileInfo
[2016-08-04 09:52:14.471]	[   30]	              [in][errorCode]=0
[2016-08-04 09:52:14.471]	[   30]	              [in][comment]=
[2016-08-04 09:52:14.471]	[   30]	              [out][errorCode]=0
[2016-08-04 09:52:14.471]	[   30]	              [out][comment]=
[2016-08-04 09:52:14.471]	[   30]	SFTPOperations.OnFindNext EXIT
[2016-08-04 09:52:14.471]	[   30]	=============================================================
[2016-08-04 09:52:14.472]	[   30]	=============================================================
[2016-08-04 09:52:14.472]	[   30]	SFTPOperations.OnFindClose ENTER 
[2016-08-04 09:52:14.472]	[   30]	              [in][sender]=SBSftpServer.TElSFTPServer
[2016-08-04 09:52:14.472]	[   30]	              [in][searchRec]=
[2016-08-04 09:52:14.472]	[   30]	              [in][errorCode]=1
[2016-08-04 09:52:14.472]	[   30]	              [in][comment]=
[2016-08-04 09:52:14.472]	[   30]	              [out][errorCode]=1
[2016-08-04 09:52:14.472]	[   30]	              [out][comment]=
[2016-08-04 09:52:14.472]	[   30]	SFTPOperations.OnFindClose EXIT
[2016-08-04 09:52:14.472]	[   30]	=============================================================
[2016-08-04 09:52:14.472]	[   30]	=============================================================
[2016-08-04 09:52:14.472]	[   30]	SFTPOperations.OnRemove ENTER 
[2016-08-04 09:52:14.472]	[   30]	              [in][sender]=SBSftpServer.TElSFTPServer
[2016-08-04 09:52:14.472]	[   30]	              [in][path]=\\TestSession_528afc68-c561-4c24-8e3d-8ffbc39524a0/
[2016-08-04 09:52:14.472]	[   30]	              [in][errorCode]=0
[2016-08-04 09:52:14.472]	[   30]	              [in][comment]=
[2016-08-04 09:52:14.473]	[   30]	              [out][errorCode]=0
[2016-08-04 09:52:14.473]	[   30]	              [out][comment]=
[2016-08-04 09:52:14.473]	[   30]	SFTPOperations.OnRemove EXIT
[2016-08-04 09:52:14.473]	[   30]	=============================================================
[2016-08-04 09:52:14.473]	[   38]	Stopping socket listener
[2016-08-04 09:52:14.473]	[   38]	Socket listener stopped
[2016-08-04 09:52:14.473]	[   31]	Socket receive operation failed: An established connection was aborted by the software in your host machine
[2016-08-04 09:52:14.473]	[   31]	Closing the socket
[2016-08-04 09:52:14.473]	[   31]	ServerListener.OnSessionClosed()</StdOut>
      </Output>
    </UnitTestResult>
    <UnitTestResult executionId="c0970cc9-6451-47a8-b8c3-d744e5f43846" testId="e7f7fb24-629c-ad10-448d-9254a991e06a" testName="Login_WithInteractive_Success" computerName="ICSWS068" duration="00:00:00.4257771" startTime="2016-08-04T09:52:14.4878206+02:00" endTime="2016-08-04T09:52:14.9153705+02:00" testType="13cdc9d9-ddb5-4fa4-a97d-d965ccfc6d4b" outcome="Passed" testListId="8c84fa94-04c1-424b-9868-57a2d4851a1d" relativeResultsDirectory="c0970cc9-6451-47a8-b8c3-d744e5f43846">
      <Output>
        <StdOut>Debug Trace:
[2016-08-04 09:52:14.493]	[   33]	Starting SSH server listener...
[2016-08-04 09:52:14.493]	[   33]	SSH server listener started.
[2016-08-04 09:52:14.544]	[   37]	ServerListener.Listen : New connection available
[2016-08-04 09:52:14.544]	[   37]	Connection accepted. Active connections 1 from 20
[2016-08-04 09:52:14.635]	[   29]	Subsystem sftp opened
[2016-08-04 09:52:14.636]	[   29]	SFTP server started
[2016-08-04 09:52:14.636]	[   28]	=============================================================
[2016-08-04 09:52:14.637]	[   28]	SFTPOperations.OnOpen ENTER (2)
[2016-08-04 09:52:14.637]	[   28]	              [in][sender]=SBSftpServer.TElSFTPServer
[2016-08-04 09:52:14.637]	[   28]	SFTP connection established
[2016-08-04 09:52:14.637]	[   28]	SFTPOperations.OnOpen EXIT
[2016-08-04 09:52:14.637]	[   28]	=============================================================
[2016-08-04 09:52:14.637]	[   28]	=============================================================
[2016-08-04 09:52:14.637]	[   28]	SFTPOperations.OnRequestAbsolutePath ENTER 
[2016-08-04 09:52:14.637]	[   28]	              [in][sender]=SBSftpServer.TElSFTPServer
[2016-08-04 09:52:14.637]	[   28]	              [in][path]=.
[2016-08-04 09:52:14.637]	[   28]	              [in][absolutePath]=
[2016-08-04 09:52:14.637]	[   28]	              [in][control]=rcNoCheck
[2016-08-04 09:52:14.637]	[   28]	              [in][composePath]=SBStringList.TElStringList
[2016-08-04 09:52:14.637]	[   28]	              [in][errorCode]=0
[2016-08-04 09:52:14.637]	[   28]	              [in][comment]=
[2016-08-04 09:52:14.637]	[   28]	              [out][absolutePath]=
[2016-08-04 09:52:14.637]	[   28]	              [out][errorCode]=0
[2016-08-04 09:52:14.637]	[   28]	              [out][comment]=
[2016-08-04 09:52:14.637]	[   28]	SFTPOperations.OnRequestAbsolutePath EXIT
[2016-08-04 09:52:14.637]	[   28]	=============================================================
[2016-08-04 09:52:14.638]	[   28]	=============================================================
[2016-08-04 09:52:14.638]	[   28]	SFTPOperations.OnCreateDirectory ENTER 
[2016-08-04 09:52:14.638]	[   28]	              [in][sender]=SBSftpServer.TElSFTPServer
[2016-08-04 09:52:14.638]	[   28]	              [in][path]=\\TestSession_b39023e6-80e2-4c08-89ad-f425e576d2ea
[2016-08-04 09:52:14.638]	[   28]	              [in][attributes]=
[2016-08-04 09:52:14.638]	[   28]	              [in][errorCode]=0
[2016-08-04 09:52:14.638]	[   28]	              [in][comment]=
[2016-08-04 09:52:14.638]	[   28]	              [out][errorCode]=0
[2016-08-04 09:52:14.638]	[   28]	              [out][comment]=
[2016-08-04 09:52:14.638]	[   28]	SFTPOperations.OnCreateDirectory EXIT
[2016-08-04 09:52:14.638]	[   28]	=============================================================
[2016-08-04 09:52:14.638]	[   29]	Socket receive operation failed: An established connection was aborted by the software in your host machine
[2016-08-04 09:52:14.638]	[   29]	Closing the socket
[2016-08-04 09:52:14.638]	[   29]	ServerListener.OnSessionClosed()
[2016-08-04 09:52:14.645]	[   37]	ServerListener.Listen : New connection available
[2016-08-04 09:52:14.645]	[   37]	Connection accepted. Active connections 1 from 20
[2016-08-04 09:52:14.749]	[   27]	Subsystem sftp opened
[2016-08-04 09:52:14.749]	[   27]	SFTP server started
[2016-08-04 09:52:14.750]	[   26]	=============================================================
[2016-08-04 09:52:14.750]	[   26]	SFTPOperations.OnOpen ENTER (1)
[2016-08-04 09:52:14.750]	[   26]	              [in][sender]=SBSftpServer.TElSFTPServer
[2016-08-04 09:52:14.750]	[   26]	SFTP connection established
[2016-08-04 09:52:14.750]	[   26]	SFTPOperations.OnOpen EXIT
[2016-08-04 09:52:14.750]	[   26]	=============================================================
[2016-08-04 09:52:14.750]	[   26]	=============================================================
[2016-08-04 09:52:14.750]	[   26]	SFTPOperations.OnRequestAbsolutePath ENTER 
[2016-08-04 09:52:14.750]	[   26]	              [in][sender]=SBSftpServer.TElSFTPServer
[2016-08-04 09:52:14.750]	[   26]	              [in][path]=.
[2016-08-04 09:52:14.750]	[   26]	              [in][absolutePath]=
[2016-08-04 09:52:14.750]	[   26]	              [in][control]=rcNoCheck
[2016-08-04 09:52:14.750]	[   26]	              [in][composePath]=SBStringList.TElStringList
[2016-08-04 09:52:14.750]	[   26]	              [in][errorCode]=0
[2016-08-04 09:52:14.750]	[   26]	              [in][comment]=
[2016-08-04 09:52:14.750]	[   26]	              [out][absolutePath]=
[2016-08-04 09:52:14.750]	[   26]	              [out][errorCode]=0
[2016-08-04 09:52:14.750]	[   26]	              [out][comment]=
[2016-08-04 09:52:14.750]	[   26]	SFTPOperations.OnRequestAbsolutePath EXIT
[2016-08-04 09:52:14.750]	[   26]	=============================================================
[2016-08-04 09:52:14.751]	[   27]	Closing the socket
[2016-08-04 09:52:14.751]	[   27]	ServerListener.OnSessionClosed()
[2016-08-04 09:52:14.797]	[   37]	ServerListener.Listen : New connection available
[2016-08-04 09:52:14.797]	[   37]	Connection accepted. Active connections 1 from 20
[2016-08-04 09:52:14.897]	[   25]	Subsystem sftp opened
[2016-08-04 09:52:14.898]	[   25]	SFTP server started
[2016-08-04 09:52:14.898]	[   21]	=============================================================
[2016-08-04 09:52:14.898]	[   21]	SFTPOperations.OnOpen ENTER (2)
[2016-08-04 09:52:14.898]	[   21]	              [in][sender]=SBSftpServer.TElSFTPServer
[2016-08-04 09:52:14.898]	[   21]	SFTP connection established
[2016-08-04 09:52:14.898]	[   21]	SFTPOperations.OnOpen EXIT
[2016-08-04 09:52:14.898]	[   21]	=============================================================
[2016-08-04 09:52:14.898]	[   21]	=============================================================
[2016-08-04 09:52:14.898]	[   21]	SFTPOperations.OnRequestAbsolutePath ENTER 
[2016-08-04 09:52:14.898]	[   21]	              [in][sender]=SBSftpServer.TElSFTPServer
[2016-08-04 09:52:14.898]	[   21]	              [in][path]=.
[2016-08-04 09:52:14.898]	[   21]	              [in][absolutePath]=
[2016-08-04 09:52:14.898]	[   21]	              [in][control]=rcNoCheck
[2016-08-04 09:52:14.898]	[   21]	              [in][composePath]=SBStringList.TElStringList
[2016-08-04 09:52:14.898]	[   21]	              [in][errorCode]=0
[2016-08-04 09:52:14.898]	[   21]	              [in][comment]=
[2016-08-04 09:52:14.898]	[   21]	              [out][absolutePath]=
[2016-08-04 09:52:14.898]	[   21]	              [out][errorCode]=0
[2016-08-04 09:52:14.898]	[   21]	              [out][comment]=
[2016-08-04 09:52:14.898]	[   21]	SFTPOperations.OnRequestAbsolutePath EXIT
[2016-08-04 09:52:14.898]	[   21]	=============================================================
[2016-08-04 09:52:14.899]	[   21]	=============================================================
[2016-08-04 09:52:14.899]	[   21]	SFTPOperations.OnFindFirst ENTER 
[2016-08-04 09:52:14.899]	[   21]	              [in][sender]=SBSftpServer.TElSFTPServer
[2016-08-04 09:52:14.899]	[   21]	              [in][path]=\\TestSession_b39023e6-80e2-4c08-89ad-f425e576d2ea/
[2016-08-04 09:52:14.899]	[   21]	              [in][data]=
[2016-08-04 09:52:14.899]	[   21]	              [in][info]=SBSftpCommon.TElSftpFileInfo
[2016-08-04 09:52:14.899]	[   21]	              [in][errorCode]=0
[2016-08-04 09:52:14.899]	[   21]	              [in][comment]=
[2016-08-04 09:52:14.899]	[   21]	              [out][data]=
[2016-08-04 09:52:14.899]	[   21]	              [out][errorCode]=0
[2016-08-04 09:52:14.899]	[   21]	              [out][comment]=
[2016-08-04 09:52:14.899]	[   21]	SFTPOperations.OnFindFirst EXIT
[2016-08-04 09:52:14.899]	[   21]	=============================================================
[2016-08-04 09:52:14.899]	[   21]	=============================================================
[2016-08-04 09:52:14.900]	[   21]	SFTPOperations.OnFindNext ENTER 
[2016-08-04 09:52:14.900]	[   21]	              [in][sender]=SBSftpServer.TElSFTPServer
[2016-08-04 09:52:14.900]	[   21]	              [in][data]=
[2016-08-04 09:52:14.900]	[   21]	              [in][info]=SBSftpCommon.TElSftpFileInfo
[2016-08-04 09:52:14.900]	[   21]	              [in][errorCode]=0
[2016-08-04 09:52:14.900]	[   21]	              [in][comment]=
[2016-08-04 09:52:14.900]	[   21]	              [out][errorCode]=0
[2016-08-04 09:52:14.900]	[   21]	              [out][comment]=
[2016-08-04 09:52:14.900]	[   21]	SFTPOperations.OnFindNext EXIT
[2016-08-04 09:52:14.900]	[   21]	=============================================================
[2016-08-04 09:52:14.900]	[   21]	=============================================================
[2016-08-04 09:52:14.900]	[   21]	SFTPOperations.OnFindNext ENTER 
[2016-08-04 09:52:14.900]	[   21]	              [in][sender]=SBSftpServer.TElSFTPServer
[2016-08-04 09:52:14.900]	[   21]	              [in][data]=
[2016-08-04 09:52:14.900]	[   21]	              [in][info]=SBSftpCommon.TElSftpFileInfo
[2016-08-04 09:52:14.900]	[   21]	              [in][errorCode]=0
[2016-08-04 09:52:14.900]	[   21]	              [in][comment]=
[2016-08-04 09:52:14.900]	[   21]	              [out][errorCode]=0
[2016-08-04 09:52:14.900]	[   21]	              [out][comment]=
[2016-08-04 09:52:14.900]	[   21]	SFTPOperations.OnFindNext EXIT
[2016-08-04 09:52:14.900]	[   21]	=============================================================
[2016-08-04 09:52:14.901]	[   21]	=============================================================
[2016-08-04 09:52:14.901]	[   21]	SFTPOperations.OnFindClose ENTER 
[2016-08-04 09:52:14.901]	[   21]	              [in][sender]=SBSftpServer.TElSFTPServer
[2016-08-04 09:52:14.901]	[   21]	              [in][searchRec]=
[2016-08-04 09:52:14.901]	[   21]	              [in][errorCode]=1
[2016-08-04 09:52:14.901]	[   21]	              [in][comment]=
[2016-08-04 09:52:14.901]	[   21]	              [out][errorCode]=1
[2016-08-04 09:52:14.901]	[   21]	              [out][comment]=
[2016-08-04 09:52:14.901]	[   21]	SFTPOperations.OnFindClose EXIT
[2016-08-04 09:52:14.901]	[   21]	=============================================================
[2016-08-04 09:52:14.901]	[   21]	=============================================================
[2016-08-04 09:52:14.901]	[   21]	SFTPOperations.OnFindFirst ENTER 
[2016-08-04 09:52:14.901]	[   21]	              [in][sender]=SBSftpServer.TElSFTPServer
[2016-08-04 09:52:14.901]	[   21]	              [in][path]=\\TestSession_b39023e6-80e2-4c08-89ad-f425e576d2ea/
[2016-08-04 09:52:14.901]	[   21]	              [in][data]=
[2016-08-04 09:52:14.901]	[   21]	              [in][info]=SBSftpCommon.TElSftpFileInfo
[2016-08-04 09:52:14.901]	[   21]	              [in][errorCode]=0
[2016-08-04 09:52:14.901]	[   21]	              [in][comment]=
[2016-08-04 09:52:14.902]	[   21]	              [out][data]=
[2016-08-04 09:52:14.902]	[   21]	              [out][errorCode]=0
[2016-08-04 09:52:14.902]	[   21]	              [out][comment]=
[2016-08-04 09:52:14.902]	[   21]	SFTPOperations.OnFindFirst EXIT
[2016-08-04 09:52:14.902]	[   21]	=============================================================
[2016-08-04 09:52:14.902]	[   21]	=============================================================
[2016-08-04 09:52:14.902]	[   21]	SFTPOperations.OnFindNext ENTER 
[2016-08-04 09:52:14.902]	[   21]	              [in][sender]=SBSftpServer.TElSFTPServer
[2016-08-04 09:52:14.902]	[   21]	              [in][data]=
[2016-08-04 09:52:14.902]	[   21]	              [in][info]=SBSftpCommon.TElSftpFileInfo
[2016-08-04 09:52:14.902]	[   21]	              [in][errorCode]=0
[2016-08-04 09:52:14.902]	[   21]	              [in][comment]=
[2016-08-04 09:52:14.902]	[   21]	              [out][errorCode]=0
[2016-08-04 09:52:14.902]	[   21]	              [out][comment]=
[2016-08-04 09:52:14.902]	[   21]	SFTPOperations.OnFindNext EXIT
[2016-08-04 09:52:14.902]	[   21]	=============================================================
[2016-08-04 09:52:14.902]	[   21]	=============================================================
[2016-08-04 09:52:14.902]	[   21]	SFTPOperations.OnFindNext ENTER 
[2016-08-04 09:52:14.902]	[   21]	              [in][sender]=SBSftpServer.TElSFTPServer
[2016-08-04 09:52:14.902]	[   21]	              [in][data]=
[2016-08-04 09:52:14.902]	[   21]	              [in][info]=SBSftpCommon.TElSftpFileInfo
[2016-08-04 09:52:14.902]	[   21]	              [in][errorCode]=0
[2016-08-04 09:52:14.902]	[   21]	              [in][comment]=
[2016-08-04 09:52:14.902]	[   21]	              [out][errorCode]=0
[2016-08-04 09:52:14.902]	[   21]	              [out][comment]=
[2016-08-04 09:52:14.902]	[   21]	SFTPOperations.OnFindNext EXIT
[2016-08-04 09:52:14.902]	[   21]	=============================================================
[2016-08-04 09:52:14.903]	[   21]	=============================================================
[2016-08-04 09:52:14.903]	[   21]	SFTPOperations.OnFindClose ENTER 
[2016-08-04 09:52:14.903]	[   21]	              [in][sender]=SBSftpServer.TElSFTPServer
[2016-08-04 09:52:14.903]	[   21]	              [in][searchRec]=
[2016-08-04 09:52:14.903]	[   21]	              [in][errorCode]=1
[2016-08-04 09:52:14.903]	[   21]	              [in][comment]=
[2016-08-04 09:52:14.903]	[   21]	              [out][errorCode]=1
[2016-08-04 09:52:14.903]	[   21]	              [out][comment]=
[2016-08-04 09:52:14.903]	[   21]	SFTPOperations.OnFindClose EXIT
[2016-08-04 09:52:14.903]	[   21]	=============================================================
[2016-08-04 09:52:14.903]	[   21]	=============================================================
[2016-08-04 09:52:14.903]	[   21]	SFTPOperations.OnRemove ENTER 
[2016-08-04 09:52:14.903]	[   21]	              [in][sender]=SBSftpServer.TElSFTPServer
[2016-08-04 09:52:14.903]	[   21]	              [in][path]=\\TestSession_b39023e6-80e2-4c08-89ad-f425e576d2ea/
[2016-08-04 09:52:14.903]	[   21]	              [in][errorCode]=0
[2016-08-04 09:52:14.903]	[   21]	              [in][comment]=
[2016-08-04 09:52:14.904]	[   21]	              [out][errorCode]=0
[2016-08-04 09:52:14.904]	[   21]	              [out][comment]=
[2016-08-04 09:52:14.904]	[   21]	SFTPOperations.OnRemove EXIT
[2016-08-04 09:52:14.904]	[   21]	=============================================================
[2016-08-04 09:52:14.904]	[   33]	Stopping socket listener
[2016-08-04 09:52:14.904]	[   33]	Socket listener stopped
[2016-08-04 09:52:14.904]	[   25]	Socket receive operation failed: An established connection was aborted by the software in your host machine
[2016-08-04 09:52:14.904]	[   25]	Closing the socket
[2016-08-04 09:52:14.904]	[   25]	ServerListener.OnSessionClosed()</StdOut>
      </Output>
    </UnitTestResult>
    <UnitTestResult executionId="10e8fac5-f84f-4312-a8f5-bd5562d55a55" testId="080a46d0-fd2c-338e-9eaa-7d0bbb4ab687" testName="ListDirectory_NoFilter_ExpectedFiles" computerName="ICSWS068" duration="00:00:00.4859220" startTime="2016-08-04T09:52:14.9188566+02:00" endTime="2016-08-04T09:52:15.4063510+02:00" testType="13cdc9d9-ddb5-4fa4-a97d-d965ccfc6d4b" outcome="Passed" testListId="8c84fa94-04c1-424b-9868-57a2d4851a1d" relativeResultsDirectory="10e8fac5-f84f-4312-a8f5-bd5562d55a55">
      <Output>
        <StdOut>Debug Trace:
[2016-08-04 09:52:14.924]	[   23]	Starting SSH server listener...
[2016-08-04 09:52:14.925]	[   23]	SSH server listener started.
[2016-08-04 09:52:14.975]	[   22]	ServerListener.Listen : New connection available
[2016-08-04 09:52:14.976]	[   22]	Connection accepted. Active connections 1 from 20
[2016-08-04 09:52:15.074]	[   18]	Subsystem sftp opened
[2016-08-04 09:52:15.075]	[   18]	SFTP server started
[2016-08-04 09:52:15.075]	[   14]	=============================================================
[2016-08-04 09:52:15.075]	[   14]	SFTPOperations.OnOpen ENTER (3)
[2016-08-04 09:52:15.075]	[   14]	              [in][sender]=SBSftpServer.TElSFTPServer
[2016-08-04 09:52:15.075]	[   14]	SFTP connection established
[2016-08-04 09:52:15.075]	[   14]	SFTPOperations.OnOpen EXIT
[2016-08-04 09:52:15.075]	[   14]	=============================================================
[2016-08-04 09:52:15.075]	[   14]	=============================================================
[2016-08-04 09:52:15.075]	[   14]	SFTPOperations.OnRequestAbsolutePath ENTER 
[2016-08-04 09:52:15.076]	[   14]	              [in][sender]=SBSftpServer.TElSFTPServer
[2016-08-04 09:52:15.076]	[   14]	              [in][path]=.
[2016-08-04 09:52:15.076]	[   14]	              [in][absolutePath]=
[2016-08-04 09:52:15.076]	[   14]	              [in][control]=rcNoCheck
[2016-08-04 09:52:15.076]	[   14]	              [in][composePath]=SBStringList.TElStringList
[2016-08-04 09:52:15.076]	[   14]	              [in][errorCode]=0
[2016-08-04 09:52:15.076]	[   14]	              [in][comment]=
[2016-08-04 09:52:15.076]	[   14]	              [out][absolutePath]=
[2016-08-04 09:52:15.076]	[   14]	              [out][errorCode]=0
[2016-08-04 09:52:15.076]	[   14]	              [out][comment]=
[2016-08-04 09:52:15.076]	[   14]	SFTPOperations.OnRequestAbsolutePath EXIT
[2016-08-04 09:52:15.076]	[   14]	=============================================================
[2016-08-04 09:52:15.076]	[   14]	=============================================================
[2016-08-04 09:52:15.076]	[   14]	SFTPOperations.OnCreateDirectory ENTER 
[2016-08-04 09:52:15.076]	[   14]	              [in][sender]=SBSftpServer.TElSFTPServer
[2016-08-04 09:52:15.076]	[   14]	              [in][path]=\\TestSession_7f5b9cfc-3e54-4b28-b99e-8368df43b3f7
[2016-08-04 09:52:15.076]	[   14]	              [in][attributes]=
[2016-08-04 09:52:15.076]	[   14]	              [in][errorCode]=0
[2016-08-04 09:52:15.076]	[   14]	              [in][comment]=
[2016-08-04 09:52:15.076]	[   14]	              [out][errorCode]=0
[2016-08-04 09:52:15.076]	[   14]	              [out][comment]=
[2016-08-04 09:52:15.076]	[   14]	SFTPOperations.OnCreateDirectory EXIT
[2016-08-04 09:52:15.076]	[   14]	=============================================================
[2016-08-04 09:52:15.077]	[   18]	Socket receive operation failed: An established connection was aborted by the software in your host machine
[2016-08-04 09:52:15.077]	[   18]	Closing the socket
[2016-08-04 09:52:15.077]	[   18]	ServerListener.OnSessionClosed()
[2016-08-04 09:52:15.126]	[   22]	ServerListener.Listen : New connection available
[2016-08-04 09:52:15.127]	[   22]	Connection accepted. Active connections 1 from 20
[2016-08-04 09:52:15.227]	[   40]	Subsystem sftp opened
[2016-08-04 09:52:15.227]	[   40]	SFTP server started
[2016-08-04 09:52:15.228]	[   39]	=============================================================
[2016-08-04 09:52:15.228]	[   39]	SFTPOperations.OnOpen ENTER (1)
[2016-08-04 09:52:15.228]	[   39]	              [in][sender]=SBSftpServer.TElSFTPServer
[2016-08-04 09:52:15.228]	[   39]	SFTP connection established
[2016-08-04 09:52:15.228]	[   39]	SFTPOperations.OnOpen EXIT
[2016-08-04 09:52:15.228]	[   39]	=============================================================
[2016-08-04 09:52:15.228]	[   39]	=============================================================
[2016-08-04 09:52:15.228]	[   39]	SFTPOperations.OnRequestAbsolutePath ENTER 
[2016-08-04 09:52:15.228]	[   39]	              [in][sender]=SBSftpServer.TElSFTPServer
[2016-08-04 09:52:15.228]	[   39]	              [in][path]=.
[2016-08-04 09:52:15.228]	[   39]	              [in][absolutePath]=
[2016-08-04 09:52:15.228]	[   39]	              [in][control]=rcNoCheck
[2016-08-04 09:52:15.228]	[   39]	              [in][composePath]=SBStringList.TElStringList
[2016-08-04 09:52:15.228]	[   39]	              [in][errorCode]=0
[2016-08-04 09:52:15.228]	[   39]	              [in][comment]=
[2016-08-04 09:52:15.228]	[   39]	              [out][absolutePath]=
[2016-08-04 09:52:15.228]	[   39]	              [out][errorCode]=0
[2016-08-04 09:52:15.228]	[   39]	              [out][comment]=
[2016-08-04 09:52:15.228]	[   39]	SFTPOperations.OnRequestAbsolutePath EXIT
[2016-08-04 09:52:15.228]	[   39]	=============================================================
[2016-08-04 09:52:15.228]	[   39]	=============================================================
[2016-08-04 09:52:15.229]	[   39]	SFTPOperations.OnCreateDirectory ENTER 
[2016-08-04 09:52:15.229]	[   39]	              [in][sender]=SBSftpServer.TElSFTPServer
[2016-08-04 09:52:15.229]	[   39]	              [in][path]=\\TestSession_7f5b9cfc-3e54-4b28-b99e-8368df43b3f7\9735271a-3dbe-4f3f-ace1-240c79aba48f
[2016-08-04 09:52:15.229]	[   39]	              [in][attributes]=
[2016-08-04 09:52:15.229]	[   39]	              [in][errorCode]=0
[2016-08-04 09:52:15.229]	[   39]	              [in][comment]=
[2016-08-04 09:52:15.229]	[   39]	              [out][errorCode]=0
[2016-08-04 09:52:15.229]	[   39]	              [out][comment]=
[2016-08-04 09:52:15.229]	[   39]	SFTPOperations.OnCreateDirectory EXIT
[2016-08-04 09:52:15.229]	[   39]	=============================================================
[2016-08-04 09:52:15.229]	[   39]	=============================================================
[2016-08-04 09:52:15.229]	[   39]	SFTPOperations.OnRequestAttributes ENTER 
[2016-08-04 09:52:15.230]	[   39]	              [in][sender]=SBSftpServer.TElSFTPServer
[2016-08-04 09:52:15.230]	[   39]	              [in][path]=\\TestSession_7f5b9cfc-3e54-4b28-b99e-8368df43b3f7\9735271a-3dbe-4f3f-ace1-240c79aba48f
[2016-08-04 09:52:15.230]	[   39]	              [in][followSymLinks]=True
[2016-08-04 09:52:15.230]	[   39]	              [in][attributes]=SBSftpCommon.TElSftpFileAttributes
[2016-08-04 09:52:15.230]	[   39]	              [in][errorCode]=0
[2016-08-04 09:52:15.230]	[   39]	              [in][comment]=
[2016-08-04 09:52:15.230]	[   39]	              [out][errorCode]=0
[2016-08-04 09:52:15.230]	[   39]	              [out][comment]=
[2016-08-04 09:52:15.230]	[   39]	SFTPOperations.OnRequestAttributes EXIT
[2016-08-04 09:52:15.230]	[   39]	=============================================================
[2016-08-04 09:52:15.230]	[   39]	=============================================================
[2016-08-04 09:52:15.230]	[   39]	SFTPOperations.OnOpenFile ENTER (1)
[2016-08-04 09:52:15.230]	[   39]	              [in][sender]=SBSftpServer.TElSFTPServer
[2016-08-04 09:52:15.230]	[   39]	              [in][path]=\\TestSession_7f5b9cfc-3e54-4b28-b99e-8368df43b3f7\9735271a-3dbe-4f3f-ace1-240c79aba48f\fdf28c75-c770-49b3-9966-cf60ee871fdd.jnk
[2016-08-04 09:52:15.230]	[   39]	              [in][modes]=26
[2016-08-04 09:52:15.230]	[   39]	              [in][Access]=0
[2016-08-04 09:52:15.230]	[   39]	              [in][desiredAccess]=2
[2016-08-04 09:52:15.230]	[   39]	              [in][attributes]=SBSftpCommon.TElSftpFileAttributes
[2016-08-04 09:52:15.230]	[   39]	              [in][data]=
[2016-08-04 09:52:15.230]	[   39]	              [in][errorCode]=0
[2016-08-04 09:52:15.230]	[   39]	              [in][comment]=
[2016-08-04 09:52:15.230]	[   39]	              [out][data]=
[2016-08-04 09:52:15.231]	[   39]	              [out][errorCode]=0
[2016-08-04 09:52:15.231]	[   39]	              [out][comment]=
[2016-08-04 09:52:15.231]	[   39]	SFTPOperations.OnOpenFile EXIT
[2016-08-04 09:52:15.231]	[   39]	=============================================================
[2016-08-04 09:52:15.231]	[   39]	=============================================================
[2016-08-04 09:52:15.231]	[   39]	SFTPOperations.OnWriteFile ENTER (1)
[2016-08-04 09:52:15.231]	[   39]	              [in][sender]=SBSftpServer.TElSFTPServer
[2016-08-04 09:52:15.231]	[   39]	              [in][data]=System.IO.FileStream
[2016-08-04 09:52:15.231]	[   39]	              [in][offset]=0
[2016-08-04 09:52:15.231]	[   39]	              [in][buffer]=System.Byte[]
[2016-08-04 09:52:15.231]	[   39]	              [in][bufferOffset]=25
[2016-08-04 09:52:15.231]	[   39]	              [in][count]=100
[2016-08-04 09:52:15.231]	[   39]	              [in][errorCode]=0
[2016-08-04 09:52:15.231]	[   39]	              [in][comment]=
[2016-08-04 09:52:15.231]	[   39]	              [out][errorCode]=0
[2016-08-04 09:52:15.231]	[   39]	              [out][comment]=
[2016-08-04 09:52:15.231]	[   39]	SFTPOperations.OnWriteFile EXIT
[2016-08-04 09:52:15.231]	[   39]	=============================================================
[2016-08-04 09:52:15.231]	[   39]	=============================================================
[2016-08-04 09:52:15.231]	[   39]	SFTPOperations.OnCloseHandle ENTER (1)
[2016-08-04 09:52:15.231]	[   39]	              [in][sender]=SBSftpServer.TElSFTPServer
[2016-08-04 09:52:15.232]	[   39]	              [in][data]=System.IO.FileStream
[2016-08-04 09:52:15.232]	[   39]	              [in][errorCode]=0
[2016-08-04 09:52:15.232]	[   39]	              [in][comment]=
[2016-08-04 09:52:15.234]	[   39]	              [out][errorCode]=0
[2016-08-04 09:52:15.235]	[   39]	              [out][comment]=
[2016-08-04 09:52:15.235]	[   39]	SFTPOperations.OnCloseHandle EXIT
[2016-08-04 09:52:15.235]	[   39]	=============================================================
[2016-08-04 09:52:15.235]	[   39]	=============================================================
[2016-08-04 09:52:15.235]	[   39]	SFTPOperations.OnRequestAttributes ENTER 
[2016-08-04 09:52:15.235]	[   39]	              [in][sender]=SBSftpServer.TElSFTPServer
[2016-08-04 09:52:15.235]	[   39]	              [in][path]=\\TestSession_7f5b9cfc-3e54-4b28-b99e-8368df43b3f7\9735271a-3dbe-4f3f-ace1-240c79aba48f
[2016-08-04 09:52:15.235]	[   39]	              [in][followSymLinks]=True
[2016-08-04 09:52:15.235]	[   39]	              [in][attributes]=SBSftpCommon.TElSftpFileAttributes
[2016-08-04 09:52:15.235]	[   39]	              [in][errorCode]=0
[2016-08-04 09:52:15.235]	[   39]	              [in][comment]=
[2016-08-04 09:52:15.235]	[   39]	              [out][errorCode]=0
[2016-08-04 09:52:15.235]	[   39]	              [out][comment]=
[2016-08-04 09:52:15.235]	[   39]	SFTPOperations.OnRequestAttributes EXIT
[2016-08-04 09:52:15.235]	[   39]	=============================================================
[2016-08-04 09:52:15.236]	[   39]	=============================================================
[2016-08-04 09:52:15.236]	[   39]	SFTPOperations.OnOpenFile ENTER (2)
[2016-08-04 09:52:15.236]	[   39]	              [in][sender]=SBSftpServer.TElSFTPServer
[2016-08-04 09:52:15.236]	[   39]	              [in][path]=\\TestSession_7f5b9cfc-3e54-4b28-b99e-8368df43b3f7\9735271a-3dbe-4f3f-ace1-240c79aba48f\fc755838-c519-40ae-b692-331b62b0a173.dat
[2016-08-04 09:52:15.236]	[   39]	              [in][modes]=26
[2016-08-04 09:52:15.236]	[   39]	              [in][Access]=0
[2016-08-04 09:52:15.236]	[   39]	              [in][desiredAccess]=2
[2016-08-04 09:52:15.236]	[   39]	              [in][attributes]=SBSftpCommon.TElSftpFileAttributes
[2016-08-04 09:52:15.236]	[   39]	              [in][data]=
[2016-08-04 09:52:15.236]	[   39]	              [in][errorCode]=0
[2016-08-04 09:52:15.236]	[   39]	              [in][comment]=
[2016-08-04 09:52:15.236]	[   39]	              [out][data]=
[2016-08-04 09:52:15.236]	[   39]	              [out][errorCode]=0
[2016-08-04 09:52:15.236]	[   39]	              [out][comment]=
[2016-08-04 09:52:15.236]	[   39]	SFTPOperations.OnOpenFile EXIT
[2016-08-04 09:52:15.236]	[   39]	=============================================================
[2016-08-04 09:52:15.237]	[   39]	=============================================================
[2016-08-04 09:52:15.237]	[   39]	SFTPOperations.OnWriteFile ENTER (2)
[2016-08-04 09:52:15.237]	[   39]	              [in][sender]=SBSftpServer.TElSFTPServer
[2016-08-04 09:52:15.237]	[   39]	              [in][data]=System.IO.FileStream
[2016-08-04 09:52:15.237]	[   39]	              [in][offset]=0
[2016-08-04 09:52:15.237]	[   39]	              [in][buffer]=System.Byte[]
[2016-08-04 09:52:15.237]	[   39]	              [in][bufferOffset]=25
[2016-08-04 09:52:15.237]	[   39]	              [in][count]=100
[2016-08-04 09:52:15.237]	[   39]	              [in][errorCode]=0
[2016-08-04 09:52:15.237]	[   39]	              [in][comment]=
[2016-08-04 09:52:15.237]	[   39]	              [out][errorCode]=0
[2016-08-04 09:52:15.237]	[   39]	              [out][comment]=
[2016-08-04 09:52:15.237]	[   39]	SFTPOperations.OnWriteFile EXIT
[2016-08-04 09:52:15.237]	[   39]	=============================================================
[2016-08-04 09:52:15.237]	[   39]	=============================================================
[2016-08-04 09:52:15.237]	[   39]	SFTPOperations.OnCloseHandle ENTER (2)
[2016-08-04 09:52:15.237]	[   39]	              [in][sender]=SBSftpServer.TElSFTPServer
[2016-08-04 09:52:15.237]	[   39]	              [in][data]=System.IO.FileStream
[2016-08-04 09:52:15.237]	[   39]	              [in][errorCode]=0
[2016-08-04 09:52:15.237]	[   39]	              [in][comment]=
[2016-08-04 09:52:15.238]	[   39]	              [out][errorCode]=0
[2016-08-04 09:52:15.238]	[   39]	              [out][comment]=
[2016-08-04 09:52:15.238]	[   39]	SFTPOperations.OnCloseHandle EXIT
[2016-08-04 09:52:15.238]	[   39]	=============================================================
[2016-08-04 09:52:15.239]	[   39]	=============================================================
[2016-08-04 09:52:15.239]	[   39]	SFTPOperations.OnFindFirst ENTER 
[2016-08-04 09:52:15.239]	[   39]	              [in][sender]=SBSftpServer.TElSFTPServer
[2016-08-04 09:52:15.240]	[   39]	              [in][path]=\\TestSession_7f5b9cfc-3e54-4b28-b99e-8368df43b3f7\9735271a-3dbe-4f3f-ace1-240c79aba48f
[2016-08-04 09:52:15.240]	[   39]	              [in][data]=
[2016-08-04 09:52:15.240]	[   39]	              [in][info]=SBSftpCommon.TElSftpFileInfo
[2016-08-04 09:52:15.240]	[   39]	              [in][errorCode]=0
[2016-08-04 09:52:15.240]	[   39]	              [in][comment]=
[2016-08-04 09:52:15.240]	[   39]	              [out][data]=
[2016-08-04 09:52:15.240]	[   39]	              [out][errorCode]=0
[2016-08-04 09:52:15.240]	[   39]	              [out][comment]=
[2016-08-04 09:52:15.240]	[   39]	SFTPOperations.OnFindFirst EXIT
[2016-08-04 09:52:15.240]	[   39]	=============================================================
[2016-08-04 09:52:15.242]	[   39]	=============================================================
[2016-08-04 09:52:15.242]	[   39]	SFTPOperations.OnFindNext ENTER 
[2016-08-04 09:52:15.242]	[   39]	              [in][sender]=SBSftpServer.TElSFTPServer
[2016-08-04 09:52:15.242]	[   39]	              [in][data]=
[2016-08-04 09:52:15.242]	[   39]	              [in][info]=SBSftpCommon.TElSftpFileInfo
[2016-08-04 09:52:15.242]	[   39]	              [in][errorCode]=0
[2016-08-04 09:52:15.242]	[   39]	              [in][comment]=
[2016-08-04 09:52:15.242]	[   39]	              [out][errorCode]=0
[2016-08-04 09:52:15.242]	[   39]	              [out][comment]=
[2016-08-04 09:52:15.242]	[   39]	SFTPOperations.OnFindNext EXIT
[2016-08-04 09:52:15.242]	[   39]	=============================================================
[2016-08-04 09:52:15.242]	[   39]	=============================================================
[2016-08-04 09:52:15.242]	[   39]	SFTPOperations.OnFindNext ENTER 
[2016-08-04 09:52:15.242]	[   39]	              [in][sender]=SBSftpServer.TElSFTPServer
[2016-08-04 09:52:15.242]	[   39]	              [in][data]=
[2016-08-04 09:52:15.242]	[   39]	              [in][info]=SBSftpCommon.TElSftpFileInfo
[2016-08-04 09:52:15.242]	[   39]	              [in][errorCode]=0
[2016-08-04 09:52:15.242]	[   39]	              [in][comment]=
[2016-08-04 09:52:15.243]	[   39]	              [out][errorCode]=0
[2016-08-04 09:52:15.243]	[   39]	              [out][comment]=
[2016-08-04 09:52:15.243]	[   39]	SFTPOperations.OnFindNext EXIT
[2016-08-04 09:52:15.243]	[   39]	=============================================================
[2016-08-04 09:52:15.243]	[   39]	=============================================================
[2016-08-04 09:52:15.243]	[   39]	SFTPOperations.OnFindNext ENTER 
[2016-08-04 09:52:15.243]	[   39]	              [in][sender]=SBSftpServer.TElSFTPServer
[2016-08-04 09:52:15.243]	[   39]	              [in][data]=
[2016-08-04 09:52:15.243]	[   39]	              [in][info]=SBSftpCommon.TElSftpFileInfo
[2016-08-04 09:52:15.243]	[   39]	              [in][errorCode]=0
[2016-08-04 09:52:15.243]	[   39]	              [in][comment]=
[2016-08-04 09:52:15.243]	[   39]	              [out][errorCode]=0
[2016-08-04 09:52:15.243]	[   39]	              [out][comment]=
[2016-08-04 09:52:15.243]	[   39]	SFTPOperations.OnFindNext EXIT
[2016-08-04 09:52:15.243]	[   39]	=============================================================
[2016-08-04 09:52:15.243]	[   39]	=============================================================
[2016-08-04 09:52:15.243]	[   39]	SFTPOperations.OnFindNext ENTER 
[2016-08-04 09:52:15.243]	[   39]	              [in][sender]=SBSftpServer.TElSFTPServer
[2016-08-04 09:52:15.243]	[   39]	              [in][data]=
[2016-08-04 09:52:15.243]	[   39]	              [in][info]=SBSftpCommon.TElSftpFileInfo
[2016-08-04 09:52:15.243]	[   39]	              [in][errorCode]=0
[2016-08-04 09:52:15.243]	[   39]	              [in][comment]=
[2016-08-04 09:52:15.243]	[   39]	              [out][errorCode]=0
[2016-08-04 09:52:15.243]	[   39]	              [out][comment]=
[2016-08-04 09:52:15.243]	[   39]	SFTPOperations.OnFindNext EXIT
[2016-08-04 09:52:15.243]	[   39]	=============================================================
[2016-08-04 09:52:15.245]	[   39]	=============================================================
[2016-08-04 09:52:15.245]	[   39]	SFTPOperations.OnFindClose ENTER 
[2016-08-04 09:52:15.245]	[   39]	              [in][sender]=SBSftpServer.TElSFTPServer
[2016-08-04 09:52:15.245]	[   39]	              [in][searchRec]=
[2016-08-04 09:52:15.245]	[   39]	              [in][errorCode]=1
[2016-08-04 09:52:15.245]	[   39]	              [in][comment]=
[2016-08-04 09:52:15.245]	[   39]	              [out][errorCode]=1
[2016-08-04 09:52:15.245]	[   39]	              [out][comment]=
[2016-08-04 09:52:15.245]	[   39]	SFTPOperations.OnFindClose EXIT
[2016-08-04 09:52:15.245]	[   39]	=============================================================
[2016-08-04 09:52:15.246]	[   40]	Socket receive operation failed: An established connection was aborted by the software in your host machine
[2016-08-04 09:52:15.246]	[   40]	Closing the socket
[2016-08-04 09:52:15.246]	[   40]	ServerListener.OnSessionClosed()
[2016-08-04 09:52:15.278]	[   22]	ServerListener.Listen : New connection available
[2016-08-04 09:52:15.279]	[   22]	Connection accepted. Active connections 1 from 20
[2016-08-04 09:52:15.366]	[   13]	Subsystem sftp opened
[2016-08-04 09:52:15.366]	[   13]	SFTP server started
[2016-08-04 09:52:15.367]	[   20]	=============================================================
[2016-08-04 09:52:15.367]	[   20]	SFTPOperations.OnOpen ENTER (2)
[2016-08-04 09:52:15.367]	[   20]	              [in][sender]=SBSftpServer.TElSFTPServer
[2016-08-04 09:52:15.367]	[   20]	SFTP connection established
[2016-08-04 09:52:15.367]	[   20]	SFTPOperations.OnOpen EXIT
[2016-08-04 09:52:15.367]	[   20]	=============================================================
[2016-08-04 09:52:15.367]	[   20]	=============================================================
[2016-08-04 09:52:15.367]	[   20]	SFTPOperations.OnRequestAbsolutePath ENTER 
[2016-08-04 09:52:15.367]	[   20]	              [in][sender]=SBSftpServer.TElSFTPServer
[2016-08-04 09:52:15.367]	[   20]	              [in][path]=.
[2016-08-04 09:52:15.367]	[   20]	              [in][absolutePath]=
[2016-08-04 09:52:15.367]	[   20]	              [in][control]=rcNoCheck
[2016-08-04 09:52:15.367]	[   20]	              [in][composePath]=SBStringList.TElStringList
[2016-08-04 09:52:15.367]	[   20]	              [in][errorCode]=0
[2016-08-04 09:52:15.367]	[   20]	              [in][comment]=
[2016-08-04 09:52:15.367]	[   20]	              [out][absolutePath]=
[2016-08-04 09:52:15.367]	[   20]	              [out][errorCode]=0
[2016-08-04 09:52:15.368]	[   20]	              [out][comment]=
[2016-08-04 09:52:15.368]	[   20]	SFTPOperations.OnRequestAbsolutePath EXIT
[2016-08-04 09:52:15.368]	[   20]	=============================================================
[2016-08-04 09:52:15.368]	[   20]	=============================================================
[2016-08-04 09:52:15.368]	[   20]	SFTPOperations.OnFindFirst ENTER 
[2016-08-04 09:52:15.368]	[   20]	              [in][sender]=SBSftpServer.TElSFTPServer
[2016-08-04 09:52:15.368]	[   20]	              [in][path]=\\TestSession_7f5b9cfc-3e54-4b28-b99e-8368df43b3f7/
[2016-08-04 09:52:15.368]	[   20]	              [in][data]=
[2016-08-04 09:52:15.368]	[   20]	              [in][info]=SBSftpCommon.TElSftpFileInfo
[2016-08-04 09:52:15.368]	[   20]	              [in][errorCode]=0
[2016-08-04 09:52:15.368]	[   20]	              [in][comment]=
[2016-08-04 09:52:15.368]	[   20]	              [out][data]=
[2016-08-04 09:52:15.369]	[   20]	              [out][errorCode]=0
[2016-08-04 09:52:15.369]	[   20]	              [out][comment]=
[2016-08-04 09:52:15.369]	[   20]	SFTPOperations.OnFindFirst EXIT
[2016-08-04 09:52:15.369]	[   20]	=============================================================
[2016-08-04 09:52:15.369]	[   20]	=============================================================
[2016-08-04 09:52:15.369]	[   20]	SFTPOperations.OnFindNext ENTER 
[2016-08-04 09:52:15.369]	[   20]	              [in][sender]=SBSftpServer.TElSFTPServer
[2016-08-04 09:52:15.369]	[   20]	              [in][data]=
[2016-08-04 09:52:15.369]	[   20]	              [in][info]=SBSftpCommon.TElSftpFileInfo
[2016-08-04 09:52:15.369]	[   20]	              [in][errorCode]=0
[2016-08-04 09:52:15.369]	[   20]	              [in][comment]=
[2016-08-04 09:52:15.369]	[   20]	              [out][errorCode]=0
[2016-08-04 09:52:15.369]	[   20]	              [out][comment]=
[2016-08-04 09:52:15.369]	[   20]	SFTPOperations.OnFindNext EXIT
[2016-08-04 09:52:15.369]	[   20]	=============================================================
[2016-08-04 09:52:15.369]	[   20]	=============================================================
[2016-08-04 09:52:15.369]	[   20]	SFTPOperations.OnFindNext ENTER 
[2016-08-04 09:52:15.369]	[   20]	              [in][sender]=SBSftpServer.TElSFTPServer
[2016-08-04 09:52:15.369]	[   20]	              [in][data]=
[2016-08-04 09:52:15.370]	[   20]	              [in][info]=SBSftpCommon.TElSftpFileInfo
[2016-08-04 09:52:15.370]	[   20]	              [in][errorCode]=0
[2016-08-04 09:52:15.370]	[   20]	              [in][comment]=
[2016-08-04 09:52:15.370]	[   20]	              [out][errorCode]=0
[2016-08-04 09:52:15.370]	[   20]	              [out][comment]=
[2016-08-04 09:52:15.370]	[   20]	SFTPOperations.OnFindNext EXIT
[2016-08-04 09:52:15.370]	[   20]	=============================================================
[2016-08-04 09:52:15.370]	[   20]	=============================================================
[2016-08-04 09:52:15.370]	[   20]	SFTPOperations.OnFindNext ENTER 
[2016-08-04 09:52:15.370]	[   20]	              [in][sender]=SBSftpServer.TElSFTPServer
[2016-08-04 09:52:15.370]	[   20]	              [in][data]=
[2016-08-04 09:52:15.370]	[   20]	              [in][info]=SBSftpCommon.TElSftpFileInfo
[2016-08-04 09:52:15.370]	[   20]	              [in][errorCode]=0
[2016-08-04 09:52:15.370]	[   20]	              [in][comment]=
[2016-08-04 09:52:15.370]	[   20]	              [out][errorCode]=0
[2016-08-04 09:52:15.370]	[   20]	              [out][comment]=
[2016-08-04 09:52:15.370]	[   20]	SFTPOperations.OnFindNext EXIT
[2016-08-04 09:52:15.370]	[   20]	=============================================================
[2016-08-04 09:52:15.371]	[   20]	=============================================================
[2016-08-04 09:52:15.371]	[   20]	SFTPOperations.OnFindFirst ENTER 
[2016-08-04 09:52:15.371]	[   20]	              [in][sender]=SBSftpServer.TElSFTPServer
[2016-08-04 09:52:15.371]	[   20]	              [in][path]=\\TestSession_7f5b9cfc-3e54-4b28-b99e-8368df43b3f7/9735271a-3dbe-4f3f-ace1-240c79aba48f/
[2016-08-04 09:52:15.371]	[   20]	              [in][data]=
[2016-08-04 09:52:15.371]	[   20]	              [in][info]=SBSftpCommon.TElSftpFileInfo
[2016-08-04 09:52:15.371]	[   20]	              [in][errorCode]=1
[2016-08-04 09:52:15.371]	[   20]	              [in][comment]=
[2016-08-04 09:52:15.371]	[   20]	              [out][data]=
[2016-08-04 09:52:15.371]	[   20]	              [out][errorCode]=1
[2016-08-04 09:52:15.371]	[   20]	              [out][comment]=
[2016-08-04 09:52:15.371]	[   20]	SFTPOperations.OnFindFirst EXIT
[2016-08-04 09:52:15.371]	[   20]	=============================================================
[2016-08-04 09:52:15.371]	[   20]	=============================================================
[2016-08-04 09:52:15.371]	[   20]	SFTPOperations.OnFindNext ENTER 
[2016-08-04 09:52:15.371]	[   20]	              [in][sender]=SBSftpServer.TElSFTPServer
[2016-08-04 09:52:15.371]	[   20]	              [in][data]=
[2016-08-04 09:52:15.371]	[   20]	              [in][info]=SBSftpCommon.TElSftpFileInfo
[2016-08-04 09:52:15.371]	[   20]	              [in][errorCode]=0
[2016-08-04 09:52:15.371]	[   20]	              [in][comment]=
[2016-08-04 09:52:15.372]	[   20]	              [out][errorCode]=0
[2016-08-04 09:52:15.372]	[   20]	              [out][comment]=
[2016-08-04 09:52:15.372]	[   20]	SFTPOperations.OnFindNext EXIT
[2016-08-04 09:52:15.372]	[   20]	=============================================================
[2016-08-04 09:52:15.372]	[   20]	=============================================================
[2016-08-04 09:52:15.372]	[   20]	SFTPOperations.OnFindNext ENTER 
[2016-08-04 09:52:15.372]	[   20]	              [in][sender]=SBSftpServer.TElSFTPServer
[2016-08-04 09:52:15.372]	[   20]	              [in][data]=
[2016-08-04 09:52:15.372]	[   20]	              [in][info]=SBSftpCommon.TElSftpFileInfo
[2016-08-04 09:52:15.372]	[   20]	              [in][errorCode]=0
[2016-08-04 09:52:15.372]	[   20]	              [in][comment]=
[2016-08-04 09:52:15.372]	[   20]	              [out][errorCode]=0
[2016-08-04 09:52:15.372]	[   20]	              [out][comment]=
[2016-08-04 09:52:15.372]	[   20]	SFTPOperations.OnFindNext EXIT
[2016-08-04 09:52:15.372]	[   20]	=============================================================
[2016-08-04 09:52:15.372]	[   20]	=============================================================
[2016-08-04 09:52:15.372]	[   20]	SFTPOperations.OnFindNext ENTER 
[2016-08-04 09:52:15.372]	[   20]	              [in][sender]=SBSftpServer.TElSFTPServer
[2016-08-04 09:52:15.372]	[   20]	              [in][data]=
[2016-08-04 09:52:15.372]	[   20]	              [in][info]=SBSftpCommon.TElSftpFileInfo
[2016-08-04 09:52:15.372]	[   20]	              [in][errorCode]=0
[2016-08-04 09:52:15.372]	[   20]	              [in][comment]=
[2016-08-04 09:52:15.372]	[   20]	              [out][errorCode]=0
[2016-08-04 09:52:15.372]	[   20]	              [out][comment]=
[2016-08-04 09:52:15.372]	[   20]	SFTPOperations.OnFindNext EXIT
[2016-08-04 09:52:15.372]	[   20]	=============================================================
[2016-08-04 09:52:15.372]	[   20]	=============================================================
[2016-08-04 09:52:15.372]	[   20]	SFTPOperations.OnFindNext ENTER 
[2016-08-04 09:52:15.372]	[   20]	              [in][sender]=SBSftpServer.TElSFTPServer
[2016-08-04 09:52:15.372]	[   20]	              [in][data]=
[2016-08-04 09:52:15.372]	[   20]	              [in][info]=SBSftpCommon.TElSftpFileInfo
[2016-08-04 09:52:15.372]	[   20]	              [in][errorCode]=0
[2016-08-04 09:52:15.372]	[   20]	              [in][comment]=
[2016-08-04 09:52:15.372]	[   20]	              [out][errorCode]=0
[2016-08-04 09:52:15.372]	[   20]	              [out][comment]=
[2016-08-04 09:52:15.372]	[   20]	SFTPOperations.OnFindNext EXIT
[2016-08-04 09:52:15.372]	[   20]	=============================================================
[2016-08-04 09:52:15.373]	[   20]	=============================================================
[2016-08-04 09:52:15.373]	[   20]	SFTPOperations.OnFindClose ENTER 
[2016-08-04 09:52:15.373]	[   20]	              [in][sender]=SBSftpServer.TElSFTPServer
[2016-08-04 09:52:15.373]	[   20]	              [in][searchRec]=
[2016-08-04 09:52:15.373]	[   20]	              [in][errorCode]=1
[2016-08-04 09:52:15.373]	[   20]	              [in][comment]=
[2016-08-04 09:52:15.373]	[   20]	              [out][errorCode]=1
[2016-08-04 09:52:15.373]	[   20]	              [out][comment]=
[2016-08-04 09:52:15.373]	[   20]	SFTPOperations.OnFindClose EXIT
[2016-08-04 09:52:15.373]	[   20]	=============================================================
[2016-08-04 09:52:15.373]	[   20]	=============================================================
[2016-08-04 09:52:15.373]	[   20]	SFTPOperations.OnFindClose ENTER 
[2016-08-04 09:52:15.373]	[   20]	              [in][sender]=SBSftpServer.TElSFTPServer
[2016-08-04 09:52:15.373]	[   20]	              [in][searchRec]=
[2016-08-04 09:52:15.373]	[   20]	              [in][errorCode]=0
[2016-08-04 09:52:15.374]	[   20]	              [in][comment]=
[2016-08-04 09:52:15.374]	[   20]	              [out][errorCode]=0
[2016-08-04 09:52:15.374]	[   20]	              [out][comment]=
[2016-08-04 09:52:15.374]	[   20]	SFTPOperations.OnFindClose EXIT
[2016-08-04 09:52:15.374]	[   20]	=============================================================
[2016-08-04 09:52:15.375]	[   20]	=============================================================
[2016-08-04 09:52:15.375]	[   20]	SFTPOperations.OnRemove ENTER 
[2016-08-04 09:52:15.375]	[   20]	              [in][sender]=SBSftpServer.TElSFTPServer
[2016-08-04 09:52:15.375]	[   20]	              [in][path]=\\TestSession_7f5b9cfc-3e54-4b28-b99e-8368df43b3f7/9735271a-3dbe-4f3f-ace1-240c79aba48f/fc755838-c519-40ae-b692-331b62b0a173.dat
[2016-08-04 09:52:15.375]	[   20]	              [in][errorCode]=0
[2016-08-04 09:52:15.375]	[   20]	              [in][comment]=
[2016-08-04 09:52:15.375]	[   20]	              [out][errorCode]=0
[2016-08-04 09:52:15.375]	[   20]	              [out][comment]=
[2016-08-04 09:52:15.375]	[   20]	SFTPOperations.OnRemove EXIT
[2016-08-04 09:52:15.375]	[   20]	=============================================================
[2016-08-04 09:52:15.375]	[   20]	=============================================================
[2016-08-04 09:52:15.375]	[   20]	SFTPOperations.OnRemove ENTER 
[2016-08-04 09:52:15.375]	[   20]	              [in][sender]=SBSftpServer.TElSFTPServer
[2016-08-04 09:52:15.375]	[   20]	              [in][path]=\\TestSession_7f5b9cfc-3e54-4b28-b99e-8368df43b3f7/9735271a-3dbe-4f3f-ace1-240c79aba48f/fdf28c75-c770-49b3-9966-cf60ee871fdd.jnk
[2016-08-04 09:52:15.375]	[   20]	              [in][errorCode]=0
[2016-08-04 09:52:15.375]	[   20]	              [in][comment]=
[2016-08-04 09:52:15.375]	[   20]	              [out][errorCode]=0
[2016-08-04 09:52:15.375]	[   20]	              [out][comment]=
[2016-08-04 09:52:15.375]	[   20]	SFTPOperations.OnRemove EXIT
[2016-08-04 09:52:15.375]	[   20]	=============================================================
[2016-08-04 09:52:15.379]	[   20]	=============================================================
[2016-08-04 09:52:15.379]	[   20]	SFTPOperations.OnFindFirst ENTER 
[2016-08-04 09:52:15.379]	[   20]	              [in][sender]=SBSftpServer.TElSFTPServer
[2016-08-04 09:52:15.379]	[   20]	              [in][path]=\\TestSession_7f5b9cfc-3e54-4b28-b99e-8368df43b3f7/
[2016-08-04 09:52:15.379]	[   20]	              [in][data]=
[2016-08-04 09:52:15.379]	[   20]	              [in][info]=SBSftpCommon.TElSftpFileInfo
[2016-08-04 09:52:15.379]	[   20]	              [in][errorCode]=0
[2016-08-04 09:52:15.379]	[   20]	              [in][comment]=
[2016-08-04 09:52:15.379]	[   20]	              [out][data]=
[2016-08-04 09:52:15.379]	[   20]	              [out][errorCode]=0
[2016-08-04 09:52:15.379]	[   20]	              [out][comment]=
[2016-08-04 09:52:15.379]	[   20]	SFTPOperations.OnFindFirst EXIT
[2016-08-04 09:52:15.379]	[   20]	=============================================================
[2016-08-04 09:52:15.379]	[   20]	=============================================================
[2016-08-04 09:52:15.379]	[   20]	SFTPOperations.OnFindNext ENTER 
[2016-08-04 09:52:15.380]	[   20]	              [in][sender]=SBSftpServer.TElSFTPServer
[2016-08-04 09:52:15.380]	[   20]	              [in][data]=
[2016-08-04 09:52:15.380]	[   20]	              [in][info]=SBSftpCommon.TElSftpFileInfo
[2016-08-04 09:52:15.380]	[   20]	              [in][errorCode]=0
[2016-08-04 09:52:15.380]	[   20]	              [in][comment]=
[2016-08-04 09:52:15.380]	[   20]	              [out][errorCode]=0
[2016-08-04 09:52:15.380]	[   20]	              [out][comment]=
[2016-08-04 09:52:15.380]	[   20]	SFTPOperations.OnFindNext EXIT
[2016-08-04 09:52:15.380]	[   20]	=============================================================
[2016-08-04 09:52:15.380]	[   20]	=============================================================
[2016-08-04 09:52:15.380]	[   20]	SFTPOperations.OnFindNext ENTER 
[2016-08-04 09:52:15.380]	[   20]	              [in][sender]=SBSftpServer.TElSFTPServer
[2016-08-04 09:52:15.380]	[   20]	              [in][data]=
[2016-08-04 09:52:15.380]	[   20]	              [in][info]=SBSftpCommon.TElSftpFileInfo
[2016-08-04 09:52:15.380]	[   20]	              [in][errorCode]=0
[2016-08-04 09:52:15.380]	[   20]	              [in][comment]=
[2016-08-04 09:52:15.380]	[   20]	              [out][errorCode]=0
[2016-08-04 09:52:15.380]	[   20]	              [out][comment]=
[2016-08-04 09:52:15.380]	[   20]	SFTPOperations.OnFindNext EXIT
[2016-08-04 09:52:15.380]	[   20]	=============================================================
[2016-08-04 09:52:15.380]	[   20]	=============================================================
[2016-08-04 09:52:15.380]	[   20]	SFTPOperations.OnFindNext ENTER 
[2016-08-04 09:52:15.380]	[   20]	              [in][sender]=SBSftpServer.TElSFTPServer
[2016-08-04 09:52:15.380]	[   20]	              [in][data]=
[2016-08-04 09:52:15.380]	[   20]	              [in][info]=SBSftpCommon.TElSftpFileInfo
[2016-08-04 09:52:15.380]	[   20]	              [in][errorCode]=0
[2016-08-04 09:52:15.380]	[   20]	              [in][comment]=
[2016-08-04 09:52:15.380]	[   20]	              [out][errorCode]=0
[2016-08-04 09:52:15.380]	[   20]	              [out][comment]=
[2016-08-04 09:52:15.380]	[   20]	SFTPOperations.OnFindNext EXIT
[2016-08-04 09:52:15.380]	[   20]	=============================================================
[2016-08-04 09:52:15.381]	[   20]	=============================================================
[2016-08-04 09:52:15.381]	[   20]	SFTPOperations.OnFindFirst ENTER 
[2016-08-04 09:52:15.381]	[   20]	              [in][sender]=SBSftpServer.TElSFTPServer
[2016-08-04 09:52:15.381]	[   20]	              [in][path]=\\TestSession_7f5b9cfc-3e54-4b28-b99e-8368df43b3f7/9735271a-3dbe-4f3f-ace1-240c79aba48f/
[2016-08-04 09:52:15.381]	[   20]	              [in][data]=
[2016-08-04 09:52:15.381]	[   20]	              [in][info]=SBSftpCommon.TElSftpFileInfo
[2016-08-04 09:52:15.381]	[   20]	              [in][errorCode]=1
[2016-08-04 09:52:15.381]	[   20]	              [in][comment]=
[2016-08-04 09:52:15.381]	[   20]	              [out][data]=
[2016-08-04 09:52:15.381]	[   20]	              [out][errorCode]=1
[2016-08-04 09:52:15.381]	[   20]	              [out][comment]=
[2016-08-04 09:52:15.381]	[   20]	SFTPOperations.OnFindFirst EXIT
[2016-08-04 09:52:15.381]	[   20]	=============================================================
[2016-08-04 09:52:15.381]	[   20]	=============================================================
[2016-08-04 09:52:15.381]	[   20]	SFTPOperations.OnFindNext ENTER 
[2016-08-04 09:52:15.381]	[   20]	              [in][sender]=SBSftpServer.TElSFTPServer
[2016-08-04 09:52:15.381]	[   20]	              [in][data]=
[2016-08-04 09:52:15.381]	[   20]	              [in][info]=SBSftpCommon.TElSftpFileInfo
[2016-08-04 09:52:15.381]	[   20]	              [in][errorCode]=0
[2016-08-04 09:52:15.381]	[   20]	              [in][comment]=
[2016-08-04 09:52:15.382]	[   20]	              [out][errorCode]=0
[2016-08-04 09:52:15.382]	[   20]	              [out][comment]=
[2016-08-04 09:52:15.382]	[   20]	SFTPOperations.OnFindNext EXIT
[2016-08-04 09:52:15.382]	[   20]	=============================================================
[2016-08-04 09:52:15.382]	[   20]	=============================================================
[2016-08-04 09:52:15.382]	[   20]	SFTPOperations.OnFindNext ENTER 
[2016-08-04 09:52:15.382]	[   20]	              [in][sender]=SBSftpServer.TElSFTPServer
[2016-08-04 09:52:15.382]	[   20]	              [in][data]=
[2016-08-04 09:52:15.382]	[   20]	              [in][info]=SBSftpCommon.TElSftpFileInfo
[2016-08-04 09:52:15.382]	[   20]	              [in][errorCode]=0
[2016-08-04 09:52:15.382]	[   20]	              [in][comment]=
[2016-08-04 09:52:15.382]	[   20]	              [out][errorCode]=0
[2016-08-04 09:52:15.382]	[   20]	              [out][comment]=
[2016-08-04 09:52:15.382]	[   20]	SFTPOperations.OnFindNext EXIT
[2016-08-04 09:52:15.382]	[   20]	=============================================================
[2016-08-04 09:52:15.382]	[   20]	=============================================================
[2016-08-04 09:52:15.382]	[   20]	SFTPOperations.OnFindClose ENTER 
[2016-08-04 09:52:15.382]	[   20]	              [in][sender]=SBSftpServer.TElSFTPServer
[2016-08-04 09:52:15.382]	[   20]	              [in][searchRec]=
[2016-08-04 09:52:15.382]	[   20]	              [in][errorCode]=1
[2016-08-04 09:52:15.382]	[   20]	              [in][comment]=
[2016-08-04 09:52:15.382]	[   20]	              [out][errorCode]=1
[2016-08-04 09:52:15.382]	[   20]	              [out][comment]=
[2016-08-04 09:52:15.383]	[   20]	SFTPOperations.OnFindClose EXIT
[2016-08-04 09:52:15.383]	[   20]	=============================================================
[2016-08-04 09:52:15.383]	[   20]	=============================================================
[2016-08-04 09:52:15.383]	[   20]	SFTPOperations.OnRemove ENTER 
[2016-08-04 09:52:15.383]	[   20]	              [in][sender]=SBSftpServer.TElSFTPServer
[2016-08-04 09:52:15.383]	[   20]	              [in][path]=\\TestSession_7f5b9cfc-3e54-4b28-b99e-8368df43b3f7/9735271a-3dbe-4f3f-ace1-240c79aba48f/
[2016-08-04 09:52:15.383]	[   20]	              [in][errorCode]=0
[2016-08-04 09:52:15.383]	[   20]	              [in][comment]=
[2016-08-04 09:52:15.384]	[   20]	              [out][errorCode]=0
[2016-08-04 09:52:15.384]	[   20]	              [out][comment]=
[2016-08-04 09:52:15.384]	[   20]	SFTPOperations.OnRemove EXIT
[2016-08-04 09:52:15.384]	[   20]	=============================================================
[2016-08-04 09:52:15.384]	[   20]	=============================================================
[2016-08-04 09:52:15.384]	[   20]	SFTPOperations.OnFindClose ENTER 
[2016-08-04 09:52:15.384]	[   20]	              [in][sender]=SBSftpServer.TElSFTPServer
[2016-08-04 09:52:15.384]	[   20]	              [in][searchRec]=
[2016-08-04 09:52:15.384]	[   20]	              [in][errorCode]=0
[2016-08-04 09:52:15.384]	[   20]	              [in][comment]=
[2016-08-04 09:52:15.384]	[   20]	              [out][errorCode]=0
[2016-08-04 09:52:15.384]	[   20]	              [out][comment]=
[2016-08-04 09:52:15.384]	[   20]	SFTPOperations.OnFindClose EXIT
[2016-08-04 09:52:15.384]	[   20]	=============================================================
[2016-08-04 09:52:15.385]	[   20]	=============================================================
[2016-08-04 09:52:15.385]	[   20]	SFTPOperations.OnRemove ENTER 
[2016-08-04 09:52:15.385]	[   20]	              [in][sender]=SBSftpServer.TElSFTPServer
[2016-08-04 09:52:15.385]	[   20]	              [in][path]=\\TestSession_7f5b9cfc-3e54-4b28-b99e-8368df43b3f7/
[2016-08-04 09:52:15.385]	[   20]	              [in][errorCode]=0
[2016-08-04 09:52:15.385]	[   20]	              [in][comment]=
[2016-08-04 09:52:15.385]	[   20]	              [out][errorCode]=0
[2016-08-04 09:52:15.385]	[   20]	              [out][comment]=
[2016-08-04 09:52:15.385]	[   20]	SFTPOperations.OnRemove EXIT
[2016-08-04 09:52:15.385]	[   20]	=============================================================
[2016-08-04 09:52:15.385]	[   23]	Stopping socket listener
[2016-08-04 09:52:15.385]	[   23]	Socket listener stopped
[2016-08-04 09:52:15.385]	[   13]	Socket receive operation failed: An established connection was aborted by the software in your host machine
[2016-08-04 09:52:15.386]	[   13]	Closing the socket
[2016-08-04 09:52:15.386]	[   13]	ServerListener.OnSessionClosed()</StdOut>
      </Output>
    </UnitTestResult>
    <UnitTestResult executionId="fe6e94c2-8143-40ba-9a1b-d6eb270c4a8f" testId="903257e6-3677-2e8a-6ba5-d7966e8925b5" testName="ListDirectory_InvalidCommand_ThrowsFTPException" computerName="ICSWS068" duration="00:00:00.3809280" startTime="2016-08-04T09:52:15.4103559+02:00" endTime="2016-08-04T09:52:15.7937297+02:00" testType="13cdc9d9-ddb5-4fa4-a97d-d965ccfc6d4b" outcome="Passed" testListId="8c84fa94-04c1-424b-9868-57a2d4851a1d" relativeResultsDirectory="fe6e94c2-8143-40ba-9a1b-d6eb270c4a8f">
      <Output>
        <StdOut>Debug Trace:
[2016-08-04 09:52:15.416]	[   21]	Starting SSH server listener...
[2016-08-04 09:52:15.417]	[   21]	SSH server listener started.
[2016-08-04 09:52:15.467]	[   14]	ServerListener.Listen : New connection available
[2016-08-04 09:52:15.468]	[   14]	Connection accepted. Active connections 1 from 20
[2016-08-04 09:52:15.554]	[   25]	Subsystem sftp opened
[2016-08-04 09:52:15.555]	[   25]	SFTP server started
[2016-08-04 09:52:15.555]	[   26]	=============================================================
[2016-08-04 09:52:15.555]	[   26]	SFTPOperations.OnOpen ENTER (3)
[2016-08-04 09:52:15.555]	[   26]	              [in][sender]=SBSftpServer.TElSFTPServer
[2016-08-04 09:52:15.555]	[   26]	SFTP connection established
[2016-08-04 09:52:15.555]	[   26]	SFTPOperations.OnOpen EXIT
[2016-08-04 09:52:15.555]	[   26]	=============================================================
[2016-08-04 09:52:15.556]	[   26]	=============================================================
[2016-08-04 09:52:15.556]	[   26]	SFTPOperations.OnRequestAbsolutePath ENTER 
[2016-08-04 09:52:15.556]	[   26]	              [in][sender]=SBSftpServer.TElSFTPServer
[2016-08-04 09:52:15.556]	[   26]	              [in][path]=.
[2016-08-04 09:52:15.556]	[   26]	              [in][absolutePath]=
[2016-08-04 09:52:15.556]	[   26]	              [in][control]=rcNoCheck
[2016-08-04 09:52:15.556]	[   26]	              [in][composePath]=SBStringList.TElStringList
[2016-08-04 09:52:15.556]	[   26]	              [in][errorCode]=0
[2016-08-04 09:52:15.556]	[   26]	              [in][comment]=
[2016-08-04 09:52:15.556]	[   26]	              [out][absolutePath]=
[2016-08-04 09:52:15.556]	[   26]	              [out][errorCode]=0
[2016-08-04 09:52:15.556]	[   26]	              [out][comment]=
[2016-08-04 09:52:15.556]	[   26]	SFTPOperations.OnRequestAbsolutePath EXIT
[2016-08-04 09:52:15.556]	[   26]	=============================================================
[2016-08-04 09:52:15.556]	[   26]	=============================================================
[2016-08-04 09:52:15.556]	[   26]	SFTPOperations.OnCreateDirectory ENTER 
[2016-08-04 09:52:15.556]	[   26]	              [in][sender]=SBSftpServer.TElSFTPServer
[2016-08-04 09:52:15.556]	[   26]	              [in][path]=\\TestSession_641b3a04-6fb9-4ce3-ac39-27a7cf823aff
[2016-08-04 09:52:15.556]	[   26]	              [in][attributes]=
[2016-08-04 09:52:15.556]	[   26]	              [in][errorCode]=0
[2016-08-04 09:52:15.556]	[   26]	              [in][comment]=
[2016-08-04 09:52:15.556]	[   26]	              [out][errorCode]=0
[2016-08-04 09:52:15.556]	[   26]	              [out][comment]=
[2016-08-04 09:52:15.556]	[   26]	SFTPOperations.OnCreateDirectory EXIT
[2016-08-04 09:52:15.556]	[   26]	=============================================================
[2016-08-04 09:52:15.557]	[   25]	Socket receive operation failed: An established connection was aborted by the software in your host machine
[2016-08-04 09:52:15.557]	[   25]	Closing the socket
[2016-08-04 09:52:15.557]	[   25]	ServerListener.OnSessionClosed()
[2016-08-04 09:52:15.569]	[   14]	ServerListener.Listen : New connection available
[2016-08-04 09:52:15.569]	[   14]	Connection accepted. Active connections 1 from 20
[2016-08-04 09:52:15.656]	[   27]	Subsystem sftp opened
[2016-08-04 09:52:15.656]	[   27]	SFTP server started
[2016-08-04 09:52:15.657]	[   28]	=============================================================
[2016-08-04 09:52:15.657]	[   28]	SFTPOperations.OnOpen ENTER (1)
[2016-08-04 09:52:15.657]	[   28]	              [in][sender]=SBSftpServer.TElSFTPServer
[2016-08-04 09:52:15.657]	[   28]	SFTP connection established
[2016-08-04 09:52:15.657]	[   28]	SFTPOperations.OnOpen EXIT
[2016-08-04 09:52:15.657]	[   28]	=============================================================
[2016-08-04 09:52:15.657]	[   28]	=============================================================
[2016-08-04 09:52:15.657]	[   28]	SFTPOperations.OnRequestAbsolutePath ENTER 
[2016-08-04 09:52:15.657]	[   28]	              [in][sender]=SBSftpServer.TElSFTPServer
[2016-08-04 09:52:15.657]	[   28]	              [in][path]=.
[2016-08-04 09:52:15.657]	[   28]	              [in][absolutePath]=
[2016-08-04 09:52:15.657]	[   28]	              [in][control]=rcNoCheck
[2016-08-04 09:52:15.657]	[   28]	              [in][composePath]=SBStringList.TElStringList
[2016-08-04 09:52:15.657]	[   28]	              [in][errorCode]=0
[2016-08-04 09:52:15.657]	[   28]	              [in][comment]=
[2016-08-04 09:52:15.657]	[   28]	              [out][absolutePath]=
[2016-08-04 09:52:15.657]	[   28]	              [out][errorCode]=0
[2016-08-04 09:52:15.657]	[   28]	              [out][comment]=
[2016-08-04 09:52:15.657]	[   28]	SFTPOperations.OnRequestAbsolutePath EXIT
[2016-08-04 09:52:15.657]	[   28]	=============================================================
[2016-08-04 09:52:15.658]	[   28]	=============================================================
[2016-08-04 09:52:15.658]	[   28]	SFTPOperations.OnFindFirst ENTER 
[2016-08-04 09:52:15.658]	[   28]	              [in][sender]=SBSftpServer.TElSFTPServer
[2016-08-04 09:52:15.658]	[   28]	              [in][path]=/invalid
[2016-08-04 09:52:15.658]	[   28]	              [in][data]=
[2016-08-04 09:52:15.658]	[   28]	              [in][info]=SBSftpCommon.TElSftpFileInfo
[2016-08-04 09:52:15.658]	[   28]	              [in][errorCode]=0
[2016-08-04 09:52:15.658]	[   28]	              [in][comment]=
[2016-08-04 09:52:15.658]	[   28]	              [out][data]=
[2016-08-04 09:52:15.658]	[   28]	              [out][errorCode]=0
[2016-08-04 09:52:15.658]	[   28]	              [out][comment]=
[2016-08-04 09:52:15.658]	[   28]	SFTPOperations.OnFindFirst EXIT
[2016-08-04 09:52:15.658]	[   28]	=============================================================
[2016-08-04 09:52:15.659]	[   27]	Socket receive operation failed: An established connection was aborted by the software in your host machine
[2016-08-04 09:52:15.659]	[   27]	Closing the socket
[2016-08-04 09:52:15.659]	[   27]	ServerListener.OnSessionClosed()
[2016-08-04 09:52:15.670]	[   14]	ServerListener.Listen : New connection available
[2016-08-04 09:52:15.671]	[   14]	Connection accepted. Active connections 1 from 20
[2016-08-04 09:52:15.759]	[   29]	Subsystem sftp opened
[2016-08-04 09:52:15.759]	[   29]	SFTP server started
[2016-08-04 09:52:15.760]	[   33]	=============================================================
[2016-08-04 09:52:15.760]	[   33]	SFTPOperations.OnOpen ENTER (2)
[2016-08-04 09:52:15.760]	[   33]	              [in][sender]=SBSftpServer.TElSFTPServer
[2016-08-04 09:52:15.760]	[   33]	SFTP connection established
[2016-08-04 09:52:15.760]	[   33]	SFTPOperations.OnOpen EXIT
[2016-08-04 09:52:15.760]	[   33]	=============================================================
[2016-08-04 09:52:15.760]	[   33]	=============================================================
[2016-08-04 09:52:15.760]	[   33]	SFTPOperations.OnRequestAbsolutePath ENTER 
[2016-08-04 09:52:15.760]	[   33]	              [in][sender]=SBSftpServer.TElSFTPServer
[2016-08-04 09:52:15.760]	[   33]	              [in][path]=.
[2016-08-04 09:52:15.760]	[   33]	              [in][absolutePath]=
[2016-08-04 09:52:15.760]	[   33]	              [in][control]=rcNoCheck
[2016-08-04 09:52:15.760]	[   33]	              [in][composePath]=SBStringList.TElStringList
[2016-08-04 09:52:15.760]	[   33]	              [in][errorCode]=0
[2016-08-04 09:52:15.760]	[   33]	              [in][comment]=
[2016-08-04 09:52:15.760]	[   33]	              [out][absolutePath]=
[2016-08-04 09:52:15.760]	[   33]	              [out][errorCode]=0
[2016-08-04 09:52:15.760]	[   33]	              [out][comment]=
[2016-08-04 09:52:15.760]	[   33]	SFTPOperations.OnRequestAbsolutePath EXIT
[2016-08-04 09:52:15.760]	[   33]	=============================================================
[2016-08-04 09:52:15.760]	[   33]	=============================================================
[2016-08-04 09:52:15.760]	[   33]	SFTPOperations.OnFindFirst ENTER 
[2016-08-04 09:52:15.760]	[   33]	              [in][sender]=SBSftpServer.TElSFTPServer
[2016-08-04 09:52:15.761]	[   33]	              [in][path]=\\TestSession_641b3a04-6fb9-4ce3-ac39-27a7cf823aff/
[2016-08-04 09:52:15.761]	[   33]	              [in][data]=
[2016-08-04 09:52:15.761]	[   33]	              [in][info]=SBSftpCommon.TElSftpFileInfo
[2016-08-04 09:52:15.761]	[   33]	              [in][errorCode]=0
[2016-08-04 09:52:15.761]	[   33]	              [in][comment]=
[2016-08-04 09:52:15.761]	[   33]	              [out][data]=
[2016-08-04 09:52:15.761]	[   33]	              [out][errorCode]=0
[2016-08-04 09:52:15.761]	[   33]	              [out][comment]=
[2016-08-04 09:52:15.761]	[   33]	SFTPOperations.OnFindFirst EXIT
[2016-08-04 09:52:15.761]	[   33]	=============================================================
[2016-08-04 09:52:15.761]	[   33]	=============================================================
[2016-08-04 09:52:15.761]	[   33]	SFTPOperations.OnFindNext ENTER 
[2016-08-04 09:52:15.761]	[   33]	              [in][sender]=SBSftpServer.TElSFTPServer
[2016-08-04 09:52:15.761]	[   33]	              [in][data]=
[2016-08-04 09:52:15.761]	[   33]	              [in][info]=SBSftpCommon.TElSftpFileInfo
[2016-08-04 09:52:15.761]	[   33]	              [in][errorCode]=0
[2016-08-04 09:52:15.761]	[   33]	              [in][comment]=
[2016-08-04 09:52:15.761]	[   33]	              [out][errorCode]=0
[2016-08-04 09:52:15.761]	[   33]	              [out][comment]=
[2016-08-04 09:52:15.761]	[   33]	SFTPOperations.OnFindNext EXIT
[2016-08-04 09:52:15.761]	[   33]	=============================================================
[2016-08-04 09:52:15.761]	[   33]	=============================================================
[2016-08-04 09:52:15.761]	[   33]	SFTPOperations.OnFindNext ENTER 
[2016-08-04 09:52:15.761]	[   33]	              [in][sender]=SBSftpServer.TElSFTPServer
[2016-08-04 09:52:15.762]	[   33]	              [in][data]=
[2016-08-04 09:52:15.762]	[   33]	              [in][info]=SBSftpCommon.TElSftpFileInfo
[2016-08-04 09:52:15.762]	[   33]	              [in][errorCode]=0
[2016-08-04 09:52:15.762]	[   33]	              [in][comment]=
[2016-08-04 09:52:15.762]	[   33]	              [out][errorCode]=0
[2016-08-04 09:52:15.762]	[   33]	              [out][comment]=
[2016-08-04 09:52:15.762]	[   33]	SFTPOperations.OnFindNext EXIT
[2016-08-04 09:52:15.762]	[   33]	=============================================================
[2016-08-04 09:52:15.762]	[   33]	=============================================================
[2016-08-04 09:52:15.762]	[   33]	SFTPOperations.OnFindClose ENTER 
[2016-08-04 09:52:15.762]	[   33]	              [in][sender]=SBSftpServer.TElSFTPServer
[2016-08-04 09:52:15.762]	[   33]	              [in][searchRec]=
[2016-08-04 09:52:15.762]	[   33]	              [in][errorCode]=1
[2016-08-04 09:52:15.762]	[   33]	              [in][comment]=
[2016-08-04 09:52:15.762]	[   33]	              [out][errorCode]=1
[2016-08-04 09:52:15.762]	[   33]	              [out][comment]=
[2016-08-04 09:52:15.762]	[   33]	SFTPOperations.OnFindClose EXIT
[2016-08-04 09:52:15.762]	[   33]	=============================================================
[2016-08-04 09:52:15.770]	[   33]	=============================================================
[2016-08-04 09:52:15.770]	[   33]	SFTPOperations.OnFindFirst ENTER 
[2016-08-04 09:52:15.770]	[   33]	              [in][sender]=SBSftpServer.TElSFTPServer
[2016-08-04 09:52:15.770]	[   33]	              [in][path]=\\TestSession_641b3a04-6fb9-4ce3-ac39-27a7cf823aff/
[2016-08-04 09:52:15.770]	[   33]	              [in][data]=
[2016-08-04 09:52:15.770]	[   33]	              [in][info]=SBSftpCommon.TElSftpFileInfo
[2016-08-04 09:52:15.770]	[   33]	              [in][errorCode]=0
[2016-08-04 09:52:15.770]	[   33]	              [in][comment]=
[2016-08-04 09:52:15.770]	[   33]	              [out][data]=
[2016-08-04 09:52:15.770]	[   33]	              [out][errorCode]=0
[2016-08-04 09:52:15.770]	[   33]	              [out][comment]=
[2016-08-04 09:52:15.770]	[   33]	SFTPOperations.OnFindFirst EXIT
[2016-08-04 09:52:15.770]	[   33]	=============================================================
[2016-08-04 09:52:15.771]	[   33]	=============================================================
[2016-08-04 09:52:15.771]	[   33]	SFTPOperations.OnFindNext ENTER 
[2016-08-04 09:52:15.771]	[   33]	              [in][sender]=SBSftpServer.TElSFTPServer
[2016-08-04 09:52:15.771]	[   33]	              [in][data]=
[2016-08-04 09:52:15.771]	[   33]	              [in][info]=SBSftpCommon.TElSftpFileInfo
[2016-08-04 09:52:15.771]	[   33]	              [in][errorCode]=0
[2016-08-04 09:52:15.771]	[   33]	              [in][comment]=
[2016-08-04 09:52:15.771]	[   33]	              [out][errorCode]=0
[2016-08-04 09:52:15.771]	[   33]	              [out][comment]=
[2016-08-04 09:52:15.771]	[   33]	SFTPOperations.OnFindNext EXIT
[2016-08-04 09:52:15.771]	[   33]	=============================================================
[2016-08-04 09:52:15.771]	[   33]	=============================================================
[2016-08-04 09:52:15.771]	[   33]	SFTPOperations.OnFindNext ENTER 
[2016-08-04 09:52:15.771]	[   33]	              [in][sender]=SBSftpServer.TElSFTPServer
[2016-08-04 09:52:15.771]	[   33]	              [in][data]=
[2016-08-04 09:52:15.771]	[   33]	              [in][info]=SBSftpCommon.TElSftpFileInfo
[2016-08-04 09:52:15.771]	[   33]	              [in][errorCode]=0
[2016-08-04 09:52:15.771]	[   33]	              [in][comment]=
[2016-08-04 09:52:15.771]	[   33]	              [out][errorCode]=0
[2016-08-04 09:52:15.771]	[   33]	              [out][comment]=
[2016-08-04 09:52:15.771]	[   33]	SFTPOperations.OnFindNext EXIT
[2016-08-04 09:52:15.771]	[   33]	=============================================================
[2016-08-04 09:52:15.771]	[   33]	=============================================================
[2016-08-04 09:52:15.771]	[   33]	SFTPOperations.OnFindClose ENTER 
[2016-08-04 09:52:15.772]	[   33]	              [in][sender]=SBSftpServer.TElSFTPServer
[2016-08-04 09:52:15.772]	[   33]	              [in][searchRec]=
[2016-08-04 09:52:15.772]	[   33]	              [in][errorCode]=1
[2016-08-04 09:52:15.772]	[   33]	              [in][comment]=
[2016-08-04 09:52:15.772]	[   33]	              [out][errorCode]=1
[2016-08-04 09:52:15.772]	[   33]	              [out][comment]=
[2016-08-04 09:52:15.772]	[   33]	SFTPOperations.OnFindClose EXIT
[2016-08-04 09:52:15.772]	[   33]	=============================================================
[2016-08-04 09:52:15.772]	[   33]	=============================================================
[2016-08-04 09:52:15.772]	[   33]	SFTPOperations.OnRemove ENTER 
[2016-08-04 09:52:15.772]	[   33]	              [in][sender]=SBSftpServer.TElSFTPServer
[2016-08-04 09:52:15.772]	[   33]	              [in][path]=\\TestSession_641b3a04-6fb9-4ce3-ac39-27a7cf823aff/
[2016-08-04 09:52:15.772]	[   33]	              [in][errorCode]=0
[2016-08-04 09:52:15.772]	[   33]	              [in][comment]=
[2016-08-04 09:52:15.772]	[   33]	              [out][errorCode]=0
[2016-08-04 09:52:15.772]	[   33]	              [out][comment]=
[2016-08-04 09:52:15.772]	[   33]	SFTPOperations.OnRemove EXIT
[2016-08-04 09:52:15.772]	[   33]	=============================================================
[2016-08-04 09:52:15.773]	[   21]	Stopping socket listener
[2016-08-04 09:52:15.773]	[   21]	Socket listener stopped
[2016-08-04 09:52:15.773]	[   29]	Socket receive operation failed: An established connection was aborted by the software in your host machine
[2016-08-04 09:52:15.773]	[   29]	Closing the socket
[2016-08-04 09:52:15.773]	[   29]	ServerListener.OnSessionClosed()</StdOut>
      </Output>
    </UnitTestResult>
    <UnitTestResult executionId="d4752109-8276-4341-bbd9-a77031a0f58b" testId="eef83b2a-b9b9-f3a3-d307-8aaf68da65eb" testName="ListDirectory_FilterOnExtensionCaseInsesitive_ExpectedFiles" computerName="ICSWS068" duration="00:00:00.4207432" startTime="2016-08-04T09:52:15.7967317+02:00" endTime="2016-08-04T09:52:16.2188090+02:00" testType="13cdc9d9-ddb5-4fa4-a97d-d965ccfc6d4b" outcome="Passed" testListId="8c84fa94-04c1-424b-9868-57a2d4851a1d" relativeResultsDirectory="d4752109-8276-4341-bbd9-a77031a0f58b">
      <Output>
        <StdOut>Debug Trace:
[2016-08-04 09:52:15.800]	[   26]	Starting SSH server listener...
[2016-08-04 09:52:15.800]	[   26]	SSH server listener started.
[2016-08-04 09:52:15.852]	[   28]	ServerListener.Listen : New connection available
[2016-08-04 09:52:15.852]	[   28]	Connection accepted. Active connections 1 from 20
[2016-08-04 09:52:15.940]	[   25]	Subsystem sftp opened
[2016-08-04 09:52:15.941]	[   25]	SFTP server started
[2016-08-04 09:52:15.941]	[   20]	=============================================================
[2016-08-04 09:52:15.941]	[   20]	SFTPOperations.OnOpen ENTER (3)
[2016-08-04 09:52:15.941]	[   20]	              [in][sender]=SBSftpServer.TElSFTPServer
[2016-08-04 09:52:15.941]	[   20]	SFTP connection established
[2016-08-04 09:52:15.941]	[   20]	SFTPOperations.OnOpen EXIT
[2016-08-04 09:52:15.941]	[   20]	=============================================================
[2016-08-04 09:52:15.941]	[   20]	=============================================================
[2016-08-04 09:52:15.941]	[   20]	SFTPOperations.OnRequestAbsolutePath ENTER 
[2016-08-04 09:52:15.941]	[   20]	              [in][sender]=SBSftpServer.TElSFTPServer
[2016-08-04 09:52:15.941]	[   20]	              [in][path]=.
[2016-08-04 09:52:15.941]	[   20]	              [in][absolutePath]=
[2016-08-04 09:52:15.941]	[   20]	              [in][control]=rcNoCheck
[2016-08-04 09:52:15.942]	[   20]	              [in][composePath]=SBStringList.TElStringList
[2016-08-04 09:52:15.942]	[   20]	              [in][errorCode]=0
[2016-08-04 09:52:15.942]	[   20]	              [in][comment]=
[2016-08-04 09:52:15.942]	[   20]	              [out][absolutePath]=
[2016-08-04 09:52:15.942]	[   20]	              [out][errorCode]=0
[2016-08-04 09:52:15.942]	[   20]	              [out][comment]=
[2016-08-04 09:52:15.942]	[   20]	SFTPOperations.OnRequestAbsolutePath EXIT
[2016-08-04 09:52:15.942]	[   20]	=============================================================
[2016-08-04 09:52:15.942]	[   20]	=============================================================
[2016-08-04 09:52:15.942]	[   20]	SFTPOperations.OnCreateDirectory ENTER 
[2016-08-04 09:52:15.942]	[   20]	              [in][sender]=SBSftpServer.TElSFTPServer
[2016-08-04 09:52:15.942]	[   20]	              [in][path]=\\TestSession_e580d585-5b6f-4bf3-9c04-e0697a3d5c73
[2016-08-04 09:52:15.942]	[   20]	              [in][attributes]=
[2016-08-04 09:52:15.942]	[   20]	              [in][errorCode]=0
[2016-08-04 09:52:15.942]	[   20]	              [in][comment]=
[2016-08-04 09:52:15.942]	[   20]	              [out][errorCode]=0
[2016-08-04 09:52:15.942]	[   20]	              [out][comment]=
[2016-08-04 09:52:15.942]	[   20]	SFTPOperations.OnCreateDirectory EXIT
[2016-08-04 09:52:15.942]	[   20]	=============================================================
[2016-08-04 09:52:15.943]	[   25]	Socket receive operation failed: An established connection was aborted by the software in your host machine
[2016-08-04 09:52:15.943]	[   25]	Closing the socket
[2016-08-04 09:52:15.943]	[   25]	ServerListener.OnSessionClosed()
[2016-08-04 09:52:15.953]	[   28]	ServerListener.Listen : New connection available
[2016-08-04 09:52:15.953]	[   28]	Connection accepted. Active connections 1 from 20
[2016-08-04 09:52:16.041]	[   13]	Subsystem sftp opened
[2016-08-04 09:52:16.041]	[   13]	SFTP server started
[2016-08-04 09:52:16.042]	[   23]	=============================================================
[2016-08-04 09:52:16.042]	[   23]	SFTPOperations.OnOpen ENTER (1)
[2016-08-04 09:52:16.042]	[   23]	              [in][sender]=SBSftpServer.TElSFTPServer
[2016-08-04 09:52:16.042]	[   23]	SFTP connection established
[2016-08-04 09:52:16.042]	[   23]	SFTPOperations.OnOpen EXIT
[2016-08-04 09:52:16.042]	[   23]	=============================================================
[2016-08-04 09:52:16.042]	[   23]	=============================================================
[2016-08-04 09:52:16.042]	[   23]	SFTPOperations.OnRequestAbsolutePath ENTER 
[2016-08-04 09:52:16.042]	[   23]	              [in][sender]=SBSftpServer.TElSFTPServer
[2016-08-04 09:52:16.042]	[   23]	              [in][path]=.
[2016-08-04 09:52:16.042]	[   23]	              [in][absolutePath]=
[2016-08-04 09:52:16.042]	[   23]	              [in][control]=rcNoCheck
[2016-08-04 09:52:16.042]	[   23]	              [in][composePath]=SBStringList.TElStringList
[2016-08-04 09:52:16.042]	[   23]	              [in][errorCode]=0
[2016-08-04 09:52:16.042]	[   23]	              [in][comment]=
[2016-08-04 09:52:16.042]	[   23]	              [out][absolutePath]=
[2016-08-04 09:52:16.042]	[   23]	              [out][errorCode]=0
[2016-08-04 09:52:16.042]	[   23]	              [out][comment]=
[2016-08-04 09:52:16.042]	[   23]	SFTPOperations.OnRequestAbsolutePath EXIT
[2016-08-04 09:52:16.042]	[   23]	=============================================================
[2016-08-04 09:52:16.043]	[   23]	=============================================================
[2016-08-04 09:52:16.043]	[   23]	SFTPOperations.OnCreateDirectory ENTER 
[2016-08-04 09:52:16.043]	[   23]	              [in][sender]=SBSftpServer.TElSFTPServer
[2016-08-04 09:52:16.043]	[   23]	              [in][path]=\\TestSession_e580d585-5b6f-4bf3-9c04-e0697a3d5c73\03f0170b-d692-4ad1-b11f-3c553c7164a3
[2016-08-04 09:52:16.043]	[   23]	              [in][attributes]=
[2016-08-04 09:52:16.043]	[   23]	              [in][errorCode]=0
[2016-08-04 09:52:16.043]	[   23]	              [in][comment]=
[2016-08-04 09:52:16.043]	[   23]	              [out][errorCode]=0
[2016-08-04 09:52:16.043]	[   23]	              [out][comment]=
[2016-08-04 09:52:16.043]	[   23]	SFTPOperations.OnCreateDirectory EXIT
[2016-08-04 09:52:16.043]	[   23]	=============================================================
[2016-08-04 09:52:16.043]	[   23]	=============================================================
[2016-08-04 09:52:16.043]	[   23]	SFTPOperations.OnRequestAttributes ENTER 
[2016-08-04 09:52:16.043]	[   23]	              [in][sender]=SBSftpServer.TElSFTPServer
[2016-08-04 09:52:16.043]	[   23]	              [in][path]=\\TestSession_e580d585-5b6f-4bf3-9c04-e0697a3d5c73\03f0170b-d692-4ad1-b11f-3c553c7164a3
[2016-08-04 09:52:16.043]	[   23]	              [in][followSymLinks]=True
[2016-08-04 09:52:16.043]	[   23]	              [in][attributes]=SBSftpCommon.TElSftpFileAttributes
[2016-08-04 09:52:16.043]	[   23]	              [in][errorCode]=0
[2016-08-04 09:52:16.044]	[   23]	              [in][comment]=
[2016-08-04 09:52:16.044]	[   23]	              [out][errorCode]=0
[2016-08-04 09:52:16.044]	[   23]	              [out][comment]=
[2016-08-04 09:52:16.044]	[   23]	SFTPOperations.OnRequestAttributes EXIT
[2016-08-04 09:52:16.044]	[   23]	=============================================================
[2016-08-04 09:52:16.044]	[   23]	=============================================================
[2016-08-04 09:52:16.044]	[   23]	SFTPOperations.OnOpenFile ENTER (1)
[2016-08-04 09:52:16.044]	[   23]	              [in][sender]=SBSftpServer.TElSFTPServer
[2016-08-04 09:52:16.044]	[   23]	              [in][path]=\\TestSession_e580d585-5b6f-4bf3-9c04-e0697a3d5c73\03f0170b-d692-4ad1-b11f-3c553c7164a3\36a1a201-8616-40db-8812-6869efa8062e.jnk
[2016-08-04 09:52:16.044]	[   23]	              [in][modes]=26
[2016-08-04 09:52:16.044]	[   23]	              [in][Access]=0
[2016-08-04 09:52:16.044]	[   23]	              [in][desiredAccess]=2
[2016-08-04 09:52:16.044]	[   23]	              [in][attributes]=SBSftpCommon.TElSftpFileAttributes
[2016-08-04 09:52:16.044]	[   23]	              [in][data]=
[2016-08-04 09:52:16.044]	[   23]	              [in][errorCode]=0
[2016-08-04 09:52:16.044]	[   23]	              [in][comment]=
[2016-08-04 09:52:16.044]	[   23]	              [out][data]=
[2016-08-04 09:52:16.044]	[   23]	              [out][errorCode]=0
[2016-08-04 09:52:16.044]	[   23]	              [out][comment]=
[2016-08-04 09:52:16.044]	[   23]	SFTPOperations.OnOpenFile EXIT
[2016-08-04 09:52:16.044]	[   23]	=============================================================
[2016-08-04 09:52:16.045]	[   23]	=============================================================
[2016-08-04 09:52:16.045]	[   23]	SFTPOperations.OnWriteFile ENTER (1)
[2016-08-04 09:52:16.045]	[   23]	              [in][sender]=SBSftpServer.TElSFTPServer
[2016-08-04 09:52:16.045]	[   23]	              [in][data]=System.IO.FileStream
[2016-08-04 09:52:16.045]	[   23]	              [in][offset]=0
[2016-08-04 09:52:16.045]	[   23]	              [in][buffer]=System.Byte[]
[2016-08-04 09:52:16.045]	[   23]	              [in][bufferOffset]=25
[2016-08-04 09:52:16.045]	[   23]	              [in][count]=100
[2016-08-04 09:52:16.045]	[   23]	              [in][errorCode]=0
[2016-08-04 09:52:16.045]	[   23]	              [in][comment]=
[2016-08-04 09:52:16.045]	[   23]	              [out][errorCode]=0
[2016-08-04 09:52:16.045]	[   23]	              [out][comment]=
[2016-08-04 09:52:16.045]	[   23]	SFTPOperations.OnWriteFile EXIT
[2016-08-04 09:52:16.045]	[   23]	=============================================================
[2016-08-04 09:52:16.045]	[   23]	=============================================================
[2016-08-04 09:52:16.045]	[   23]	SFTPOperations.OnCloseHandle ENTER (1)
[2016-08-04 09:52:16.045]	[   23]	              [in][sender]=SBSftpServer.TElSFTPServer
[2016-08-04 09:52:16.045]	[   23]	              [in][data]=System.IO.FileStream
[2016-08-04 09:52:16.045]	[   23]	              [in][errorCode]=0
[2016-08-04 09:52:16.045]	[   23]	              [in][comment]=
[2016-08-04 09:52:16.048]	[   23]	              [out][errorCode]=0
[2016-08-04 09:52:16.048]	[   23]	              [out][comment]=
[2016-08-04 09:52:16.048]	[   23]	SFTPOperations.OnCloseHandle EXIT
[2016-08-04 09:52:16.048]	[   23]	=============================================================
[2016-08-04 09:52:16.048]	[   23]	=============================================================
[2016-08-04 09:52:16.048]	[   23]	SFTPOperations.OnRequestAttributes ENTER 
[2016-08-04 09:52:16.048]	[   23]	              [in][sender]=SBSftpServer.TElSFTPServer
[2016-08-04 09:52:16.048]	[   23]	              [in][path]=\\TestSession_e580d585-5b6f-4bf3-9c04-e0697a3d5c73\03f0170b-d692-4ad1-b11f-3c553c7164a3
[2016-08-04 09:52:16.048]	[   23]	              [in][followSymLinks]=True
[2016-08-04 09:52:16.048]	[   23]	              [in][attributes]=SBSftpCommon.TElSftpFileAttributes
[2016-08-04 09:52:16.048]	[   23]	              [in][errorCode]=0
[2016-08-04 09:52:16.048]	[   23]	              [in][comment]=
[2016-08-04 09:52:16.048]	[   23]	              [out][errorCode]=0
[2016-08-04 09:52:16.048]	[   23]	              [out][comment]=
[2016-08-04 09:52:16.048]	[   23]	SFTPOperations.OnRequestAttributes EXIT
[2016-08-04 09:52:16.048]	[   23]	=============================================================
[2016-08-04 09:52:16.049]	[   23]	=============================================================
[2016-08-04 09:52:16.049]	[   23]	SFTPOperations.OnOpenFile ENTER (2)
[2016-08-04 09:52:16.049]	[   23]	              [in][sender]=SBSftpServer.TElSFTPServer
[2016-08-04 09:52:16.049]	[   23]	              [in][path]=\\TestSession_e580d585-5b6f-4bf3-9c04-e0697a3d5c73\03f0170b-d692-4ad1-b11f-3c553c7164a3\959c8270-5781-4f4c-adf3-1f1d880db709.dat
[2016-08-04 09:52:16.049]	[   23]	              [in][modes]=26
[2016-08-04 09:52:16.049]	[   23]	              [in][Access]=0
[2016-08-04 09:52:16.049]	[   23]	              [in][desiredAccess]=2
[2016-08-04 09:52:16.049]	[   23]	              [in][attributes]=SBSftpCommon.TElSftpFileAttributes
[2016-08-04 09:52:16.049]	[   23]	              [in][data]=
[2016-08-04 09:52:16.049]	[   23]	              [in][errorCode]=0
[2016-08-04 09:52:16.049]	[   23]	              [in][comment]=
[2016-08-04 09:52:16.049]	[   23]	              [out][data]=
[2016-08-04 09:52:16.049]	[   23]	              [out][errorCode]=0
[2016-08-04 09:52:16.049]	[   23]	              [out][comment]=
[2016-08-04 09:52:16.049]	[   23]	SFTPOperations.OnOpenFile EXIT
[2016-08-04 09:52:16.049]	[   23]	=============================================================
[2016-08-04 09:52:16.049]	[   23]	=============================================================
[2016-08-04 09:52:16.050]	[   23]	SFTPOperations.OnWriteFile ENTER (2)
[2016-08-04 09:52:16.050]	[   23]	              [in][sender]=SBSftpServer.TElSFTPServer
[2016-08-04 09:52:16.050]	[   23]	              [in][data]=System.IO.FileStream
[2016-08-04 09:52:16.050]	[   23]	              [in][offset]=0
[2016-08-04 09:52:16.050]	[   23]	              [in][buffer]=System.Byte[]
[2016-08-04 09:52:16.050]	[   23]	              [in][bufferOffset]=25
[2016-08-04 09:52:16.050]	[   23]	              [in][count]=100
[2016-08-04 09:52:16.050]	[   23]	              [in][errorCode]=0
[2016-08-04 09:52:16.050]	[   23]	              [in][comment]=
[2016-08-04 09:52:16.050]	[   23]	              [out][errorCode]=0
[2016-08-04 09:52:16.050]	[   23]	              [out][comment]=
[2016-08-04 09:52:16.050]	[   23]	SFTPOperations.OnWriteFile EXIT
[2016-08-04 09:52:16.050]	[   23]	=============================================================
[2016-08-04 09:52:16.050]	[   23]	=============================================================
[2016-08-04 09:52:16.050]	[   23]	SFTPOperations.OnCloseHandle ENTER (2)
[2016-08-04 09:52:16.050]	[   23]	              [in][sender]=SBSftpServer.TElSFTPServer
[2016-08-04 09:52:16.050]	[   23]	              [in][data]=System.IO.FileStream
[2016-08-04 09:52:16.050]	[   23]	              [in][errorCode]=0
[2016-08-04 09:52:16.050]	[   23]	              [in][comment]=
[2016-08-04 09:52:16.051]	[   23]	              [out][errorCode]=0
[2016-08-04 09:52:16.051]	[   23]	              [out][comment]=
[2016-08-04 09:52:16.051]	[   23]	SFTPOperations.OnCloseHandle EXIT
[2016-08-04 09:52:16.051]	[   23]	=============================================================
[2016-08-04 09:52:16.051]	[   23]	=============================================================
[2016-08-04 09:52:16.051]	[   23]	SFTPOperations.OnFindFirst ENTER 
[2016-08-04 09:52:16.051]	[   23]	              [in][sender]=SBSftpServer.TElSFTPServer
[2016-08-04 09:52:16.051]	[   23]	              [in][path]=\\TestSession_e580d585-5b6f-4bf3-9c04-e0697a3d5c73\03f0170b-d692-4ad1-b11f-3c553c7164a3
[2016-08-04 09:52:16.051]	[   23]	              [in][data]=
[2016-08-04 09:52:16.051]	[   23]	              [in][info]=SBSftpCommon.TElSftpFileInfo
[2016-08-04 09:52:16.051]	[   23]	              [in][errorCode]=0
[2016-08-04 09:52:16.051]	[   23]	              [in][comment]=
[2016-08-04 09:52:16.052]	[   23]	              [out][data]=
[2016-08-04 09:52:16.052]	[   23]	              [out][errorCode]=0
[2016-08-04 09:52:16.052]	[   23]	              [out][comment]=
[2016-08-04 09:52:16.052]	[   23]	SFTPOperations.OnFindFirst EXIT
[2016-08-04 09:52:16.052]	[   23]	=============================================================
[2016-08-04 09:52:16.052]	[   23]	=============================================================
[2016-08-04 09:52:16.052]	[   23]	SFTPOperations.OnFindNext ENTER 
[2016-08-04 09:52:16.052]	[   23]	              [in][sender]=SBSftpServer.TElSFTPServer
[2016-08-04 09:52:16.052]	[   23]	              [in][data]=
[2016-08-04 09:52:16.052]	[   23]	              [in][info]=SBSftpCommon.TElSftpFileInfo
[2016-08-04 09:52:16.052]	[   23]	              [in][errorCode]=0
[2016-08-04 09:52:16.052]	[   23]	              [in][comment]=
[2016-08-04 09:52:16.052]	[   23]	              [out][errorCode]=0
[2016-08-04 09:52:16.052]	[   23]	              [out][comment]=
[2016-08-04 09:52:16.052]	[   23]	SFTPOperations.OnFindNext EXIT
[2016-08-04 09:52:16.052]	[   23]	=============================================================
[2016-08-04 09:52:16.052]	[   23]	=============================================================
[2016-08-04 09:52:16.052]	[   23]	SFTPOperations.OnFindNext ENTER 
[2016-08-04 09:52:16.052]	[   23]	              [in][sender]=SBSftpServer.TElSFTPServer
[2016-08-04 09:52:16.052]	[   23]	              [in][data]=
[2016-08-04 09:52:16.052]	[   23]	              [in][info]=SBSftpCommon.TElSftpFileInfo
[2016-08-04 09:52:16.052]	[   23]	              [in][errorCode]=0
[2016-08-04 09:52:16.052]	[   23]	              [in][comment]=
[2016-08-04 09:52:16.052]	[   23]	              [out][errorCode]=0
[2016-08-04 09:52:16.052]	[   23]	              [out][comment]=
[2016-08-04 09:52:16.052]	[   23]	SFTPOperations.OnFindNext EXIT
[2016-08-04 09:52:16.053]	[   23]	=============================================================
[2016-08-04 09:52:16.053]	[   23]	=============================================================
[2016-08-04 09:52:16.053]	[   23]	SFTPOperations.OnFindNext ENTER 
[2016-08-04 09:52:16.053]	[   23]	              [in][sender]=SBSftpServer.TElSFTPServer
[2016-08-04 09:52:16.053]	[   23]	              [in][data]=
[2016-08-04 09:52:16.053]	[   23]	              [in][info]=SBSftpCommon.TElSftpFileInfo
[2016-08-04 09:52:16.053]	[   23]	              [in][errorCode]=0
[2016-08-04 09:52:16.053]	[   23]	              [in][comment]=
[2016-08-04 09:52:16.053]	[   23]	              [out][errorCode]=0
[2016-08-04 09:52:16.053]	[   23]	              [out][comment]=
[2016-08-04 09:52:16.053]	[   23]	SFTPOperations.OnFindNext EXIT
[2016-08-04 09:52:16.053]	[   23]	=============================================================
[2016-08-04 09:52:16.053]	[   23]	=============================================================
[2016-08-04 09:52:16.053]	[   23]	SFTPOperations.OnFindNext ENTER 
[2016-08-04 09:52:16.053]	[   23]	              [in][sender]=SBSftpServer.TElSFTPServer
[2016-08-04 09:52:16.053]	[   23]	              [in][data]=
[2016-08-04 09:52:16.053]	[   23]	              [in][info]=SBSftpCommon.TElSftpFileInfo
[2016-08-04 09:52:16.053]	[   23]	              [in][errorCode]=0
[2016-08-04 09:52:16.053]	[   23]	              [in][comment]=
[2016-08-04 09:52:16.053]	[   23]	              [out][errorCode]=0
[2016-08-04 09:52:16.053]	[   23]	              [out][comment]=
[2016-08-04 09:52:16.053]	[   23]	SFTPOperations.OnFindNext EXIT
[2016-08-04 09:52:16.053]	[   23]	=============================================================
[2016-08-04 09:52:16.053]	[   23]	=============================================================
[2016-08-04 09:52:16.054]	[   23]	SFTPOperations.OnFindClose ENTER 
[2016-08-04 09:52:16.054]	[   23]	              [in][sender]=SBSftpServer.TElSFTPServer
[2016-08-04 09:52:16.054]	[   23]	              [in][searchRec]=
[2016-08-04 09:52:16.054]	[   23]	              [in][errorCode]=1
[2016-08-04 09:52:16.054]	[   23]	              [in][comment]=
[2016-08-04 09:52:16.054]	[   23]	              [out][errorCode]=1
[2016-08-04 09:52:16.054]	[   23]	              [out][comment]=
[2016-08-04 09:52:16.054]	[   23]	SFTPOperations.OnFindClose EXIT
[2016-08-04 09:52:16.054]	[   23]	=============================================================
[2016-08-04 09:52:16.054]	[   23]	=============================================================
[2016-08-04 09:52:16.054]	[   23]	SFTPOperations.OnFindFirst ENTER 
[2016-08-04 09:52:16.054]	[   23]	              [in][sender]=SBSftpServer.TElSFTPServer
[2016-08-04 09:52:16.054]	[   23]	              [in][path]=\\TestSession_e580d585-5b6f-4bf3-9c04-e0697a3d5c73\03f0170b-d692-4ad1-b11f-3c553c7164a3
[2016-08-04 09:52:16.054]	[   23]	              [in][data]=
[2016-08-04 09:52:16.054]	[   23]	              [in][info]=SBSftpCommon.TElSftpFileInfo
[2016-08-04 09:52:16.054]	[   23]	              [in][errorCode]=0
[2016-08-04 09:52:16.054]	[   23]	              [in][comment]=
[2016-08-04 09:52:16.054]	[   23]	              [out][data]=
[2016-08-04 09:52:16.054]	[   23]	              [out][errorCode]=0
[2016-08-04 09:52:16.054]	[   23]	              [out][comment]=
[2016-08-04 09:52:16.055]	[   23]	SFTPOperations.OnFindFirst EXIT
[2016-08-04 09:52:16.055]	[   23]	=============================================================
[2016-08-04 09:52:16.055]	[   23]	=============================================================
[2016-08-04 09:52:16.055]	[   23]	SFTPOperations.OnFindNext ENTER 
[2016-08-04 09:52:16.055]	[   23]	              [in][sender]=SBSftpServer.TElSFTPServer
[2016-08-04 09:52:16.055]	[   23]	              [in][data]=
[2016-08-04 09:52:16.055]	[   23]	              [in][info]=SBSftpCommon.TElSftpFileInfo
[2016-08-04 09:52:16.055]	[   23]	              [in][errorCode]=0
[2016-08-04 09:52:16.055]	[   23]	              [in][comment]=
[2016-08-04 09:52:16.055]	[   23]	              [out][errorCode]=0
[2016-08-04 09:52:16.055]	[   23]	              [out][comment]=
[2016-08-04 09:52:16.055]	[   23]	SFTPOperations.OnFindNext EXIT
[2016-08-04 09:52:16.055]	[   23]	=============================================================
[2016-08-04 09:52:16.055]	[   23]	=============================================================
[2016-08-04 09:52:16.055]	[   23]	SFTPOperations.OnFindNext ENTER 
[2016-08-04 09:52:16.055]	[   23]	              [in][sender]=SBSftpServer.TElSFTPServer
[2016-08-04 09:52:16.055]	[   23]	              [in][data]=
[2016-08-04 09:52:16.055]	[   23]	              [in][info]=SBSftpCommon.TElSftpFileInfo
[2016-08-04 09:52:16.055]	[   23]	              [in][errorCode]=0
[2016-08-04 09:52:16.055]	[   23]	              [in][comment]=
[2016-08-04 09:52:16.055]	[   23]	              [out][errorCode]=0
[2016-08-04 09:52:16.055]	[   23]	              [out][comment]=
[2016-08-04 09:52:16.055]	[   23]	SFTPOperations.OnFindNext EXIT
[2016-08-04 09:52:16.055]	[   23]	=============================================================
[2016-08-04 09:52:16.055]	[   23]	=============================================================
[2016-08-04 09:52:16.055]	[   23]	SFTPOperations.OnFindNext ENTER 
[2016-08-04 09:52:16.055]	[   23]	              [in][sender]=SBSftpServer.TElSFTPServer
[2016-08-04 09:52:16.055]	[   23]	              [in][data]=
[2016-08-04 09:52:16.055]	[   23]	              [in][info]=SBSftpCommon.TElSftpFileInfo
[2016-08-04 09:52:16.055]	[   23]	              [in][errorCode]=0
[2016-08-04 09:52:16.055]	[   23]	              [in][comment]=
[2016-08-04 09:52:16.056]	[   23]	              [out][errorCode]=0
[2016-08-04 09:52:16.056]	[   23]	              [out][comment]=
[2016-08-04 09:52:16.056]	[   23]	SFTPOperations.OnFindNext EXIT
[2016-08-04 09:52:16.056]	[   23]	=============================================================
[2016-08-04 09:52:16.056]	[   23]	=============================================================
[2016-08-04 09:52:16.056]	[   23]	SFTPOperations.OnFindNext ENTER 
[2016-08-04 09:52:16.056]	[   23]	              [in][sender]=SBSftpServer.TElSFTPServer
[2016-08-04 09:52:16.056]	[   23]	              [in][data]=
[2016-08-04 09:52:16.056]	[   23]	              [in][info]=SBSftpCommon.TElSftpFileInfo
[2016-08-04 09:52:16.056]	[   23]	              [in][errorCode]=0
[2016-08-04 09:52:16.056]	[   23]	              [in][comment]=
[2016-08-04 09:52:16.056]	[   23]	              [out][errorCode]=0
[2016-08-04 09:52:16.056]	[   23]	              [out][comment]=
[2016-08-04 09:52:16.056]	[   23]	SFTPOperations.OnFindNext EXIT
[2016-08-04 09:52:16.056]	[   23]	=============================================================
[2016-08-04 09:52:16.056]	[   23]	=============================================================
[2016-08-04 09:52:16.056]	[   23]	SFTPOperations.OnFindClose ENTER 
[2016-08-04 09:52:16.056]	[   23]	              [in][sender]=SBSftpServer.TElSFTPServer
[2016-08-04 09:52:16.057]	[   23]	              [in][searchRec]=
[2016-08-04 09:52:16.057]	[   23]	              [in][errorCode]=1
[2016-08-04 09:52:16.057]	[   23]	              [in][comment]=
[2016-08-04 09:52:16.057]	[   23]	              [out][errorCode]=1
[2016-08-04 09:52:16.057]	[   23]	              [out][comment]=
[2016-08-04 09:52:16.057]	[   23]	SFTPOperations.OnFindClose EXIT
[2016-08-04 09:52:16.057]	[   23]	=============================================================
[2016-08-04 09:52:16.057]	[   13]	Socket receive operation failed: An established connection was aborted by the software in your host machine
[2016-08-04 09:52:16.057]	[   13]	Closing the socket
[2016-08-04 09:52:16.057]	[   13]	ServerListener.OnSessionClosed()
[2016-08-04 09:52:16.104]	[   28]	ServerListener.Listen : New connection available
[2016-08-04 09:52:16.105]	[   28]	Connection accepted. Active connections 1 from 20
[2016-08-04 09:52:16.191]	[   24]	Subsystem sftp opened
[2016-08-04 09:52:16.192]	[   24]	SFTP server started
[2016-08-04 09:52:16.192]	[   22]	=============================================================
[2016-08-04 09:52:16.192]	[   22]	SFTPOperations.OnOpen ENTER (2)
[2016-08-04 09:52:16.192]	[   22]	              [in][sender]=SBSftpServer.TElSFTPServer
[2016-08-04 09:52:16.192]	[   22]	SFTP connection established
[2016-08-04 09:52:16.192]	[   22]	SFTPOperations.OnOpen EXIT
[2016-08-04 09:52:16.192]	[   22]	=============================================================
[2016-08-04 09:52:16.193]	[   22]	=============================================================
[2016-08-04 09:52:16.193]	[   22]	SFTPOperations.OnRequestAbsolutePath ENTER 
[2016-08-04 09:52:16.193]	[   22]	              [in][sender]=SBSftpServer.TElSFTPServer
[2016-08-04 09:52:16.193]	[   22]	              [in][path]=.
[2016-08-04 09:52:16.193]	[   22]	              [in][absolutePath]=
[2016-08-04 09:52:16.193]	[   22]	              [in][control]=rcNoCheck
[2016-08-04 09:52:16.193]	[   22]	              [in][composePath]=SBStringList.TElStringList
[2016-08-04 09:52:16.193]	[   22]	              [in][errorCode]=0
[2016-08-04 09:52:16.193]	[   22]	              [in][comment]=
[2016-08-04 09:52:16.193]	[   22]	              [out][absolutePath]=
[2016-08-04 09:52:16.193]	[   22]	              [out][errorCode]=0
[2016-08-04 09:52:16.193]	[   22]	              [out][comment]=
[2016-08-04 09:52:16.193]	[   22]	SFTPOperations.OnRequestAbsolutePath EXIT
[2016-08-04 09:52:16.193]	[   22]	=============================================================
[2016-08-04 09:52:16.193]	[   22]	=============================================================
[2016-08-04 09:52:16.193]	[   22]	SFTPOperations.OnFindFirst ENTER 
[2016-08-04 09:52:16.193]	[   22]	              [in][sender]=SBSftpServer.TElSFTPServer
[2016-08-04 09:52:16.193]	[   22]	              [in][path]=\\TestSession_e580d585-5b6f-4bf3-9c04-e0697a3d5c73/
[2016-08-04 09:52:16.193]	[   22]	              [in][data]=
[2016-08-04 09:52:16.193]	[   22]	              [in][info]=SBSftpCommon.TElSftpFileInfo
[2016-08-04 09:52:16.193]	[   22]	              [in][errorCode]=0
[2016-08-04 09:52:16.193]	[   22]	              [in][comment]=
[2016-08-04 09:52:16.193]	[   22]	              [out][data]=
[2016-08-04 09:52:16.193]	[   22]	              [out][errorCode]=0
[2016-08-04 09:52:16.194]	[   22]	              [out][comment]=
[2016-08-04 09:52:16.194]	[   22]	SFTPOperations.OnFindFirst EXIT
[2016-08-04 09:52:16.194]	[   22]	=============================================================
[2016-08-04 09:52:16.196]	[   22]	=============================================================
[2016-08-04 09:52:16.196]	[   22]	SFTPOperations.OnFindNext ENTER 
[2016-08-04 09:52:16.196]	[   22]	              [in][sender]=SBSftpServer.TElSFTPServer
[2016-08-04 09:52:16.196]	[   22]	              [in][data]=
[2016-08-04 09:52:16.196]	[   22]	              [in][info]=SBSftpCommon.TElSftpFileInfo
[2016-08-04 09:52:16.196]	[   22]	              [in][errorCode]=0
[2016-08-04 09:52:16.196]	[   22]	              [in][comment]=
[2016-08-04 09:52:16.197]	[   22]	              [out][errorCode]=0
[2016-08-04 09:52:16.197]	[   22]	              [out][comment]=
[2016-08-04 09:52:16.197]	[   22]	SFTPOperations.OnFindNext EXIT
[2016-08-04 09:52:16.197]	[   22]	=============================================================
[2016-08-04 09:52:16.197]	[   22]	=============================================================
[2016-08-04 09:52:16.197]	[   22]	SFTPOperations.OnFindNext ENTER 
[2016-08-04 09:52:16.197]	[   22]	              [in][sender]=SBSftpServer.TElSFTPServer
[2016-08-04 09:52:16.197]	[   22]	              [in][data]=
[2016-08-04 09:52:16.197]	[   22]	              [in][info]=SBSftpCommon.TElSftpFileInfo
[2016-08-04 09:52:16.197]	[   22]	              [in][errorCode]=0
[2016-08-04 09:52:16.197]	[   22]	              [in][comment]=
[2016-08-04 09:52:16.197]	[   22]	              [out][errorCode]=0
[2016-08-04 09:52:16.197]	[   22]	              [out][comment]=
[2016-08-04 09:52:16.197]	[   22]	SFTPOperations.OnFindNext EXIT
[2016-08-04 09:52:16.197]	[   22]	=============================================================
[2016-08-04 09:52:16.197]	[   22]	=============================================================
[2016-08-04 09:52:16.197]	[   22]	SFTPOperations.OnFindNext ENTER 
[2016-08-04 09:52:16.197]	[   22]	              [in][sender]=SBSftpServer.TElSFTPServer
[2016-08-04 09:52:16.197]	[   22]	              [in][data]=
[2016-08-04 09:52:16.197]	[   22]	              [in][info]=SBSftpCommon.TElSftpFileInfo
[2016-08-04 09:52:16.197]	[   22]	              [in][errorCode]=0
[2016-08-04 09:52:16.197]	[   22]	              [in][comment]=
[2016-08-04 09:52:16.197]	[   22]	              [out][errorCode]=0
[2016-08-04 09:52:16.197]	[   22]	              [out][comment]=
[2016-08-04 09:52:16.197]	[   22]	SFTPOperations.OnFindNext EXIT
[2016-08-04 09:52:16.197]	[   22]	=============================================================
[2016-08-04 09:52:16.198]	[   22]	=============================================================
[2016-08-04 09:52:16.198]	[   22]	SFTPOperations.OnFindFirst ENTER 
[2016-08-04 09:52:16.198]	[   22]	              [in][sender]=SBSftpServer.TElSFTPServer
[2016-08-04 09:52:16.198]	[   22]	              [in][path]=\\TestSession_e580d585-5b6f-4bf3-9c04-e0697a3d5c73/03f0170b-d692-4ad1-b11f-3c553c7164a3/
[2016-08-04 09:52:16.198]	[   22]	              [in][data]=
[2016-08-04 09:52:16.198]	[   22]	              [in][info]=SBSftpCommon.TElSftpFileInfo
[2016-08-04 09:52:16.198]	[   22]	              [in][errorCode]=1
[2016-08-04 09:52:16.198]	[   22]	              [in][comment]=
[2016-08-04 09:52:16.198]	[   22]	              [out][data]=
[2016-08-04 09:52:16.198]	[   22]	              [out][errorCode]=1
[2016-08-04 09:52:16.198]	[   22]	              [out][comment]=
[2016-08-04 09:52:16.198]	[   22]	SFTPOperations.OnFindFirst EXIT
[2016-08-04 09:52:16.198]	[   22]	=============================================================
[2016-08-04 09:52:16.198]	[   22]	=============================================================
[2016-08-04 09:52:16.198]	[   22]	SFTPOperations.OnFindNext ENTER 
[2016-08-04 09:52:16.198]	[   22]	              [in][sender]=SBSftpServer.TElSFTPServer
[2016-08-04 09:52:16.198]	[   22]	              [in][data]=
[2016-08-04 09:52:16.198]	[   22]	              [in][info]=SBSftpCommon.TElSftpFileInfo
[2016-08-04 09:52:16.198]	[   22]	              [in][errorCode]=0
[2016-08-04 09:52:16.198]	[   22]	              [in][comment]=
[2016-08-04 09:52:16.199]	[   22]	              [out][errorCode]=0
[2016-08-04 09:52:16.199]	[   22]	              [out][comment]=
[2016-08-04 09:52:16.199]	[   22]	SFTPOperations.OnFindNext EXIT
[2016-08-04 09:52:16.199]	[   22]	=============================================================
[2016-08-04 09:52:16.199]	[   22]	=============================================================
[2016-08-04 09:52:16.199]	[   22]	SFTPOperations.OnFindNext ENTER 
[2016-08-04 09:52:16.199]	[   22]	              [in][sender]=SBSftpServer.TElSFTPServer
[2016-08-04 09:52:16.199]	[   22]	              [in][data]=
[2016-08-04 09:52:16.199]	[   22]	              [in][info]=SBSftpCommon.TElSftpFileInfo
[2016-08-04 09:52:16.199]	[   22]	              [in][errorCode]=0
[2016-08-04 09:52:16.199]	[   22]	              [in][comment]=
[2016-08-04 09:52:16.199]	[   22]	              [out][errorCode]=0
[2016-08-04 09:52:16.199]	[   22]	              [out][comment]=
[2016-08-04 09:52:16.199]	[   22]	SFTPOperations.OnFindNext EXIT
[2016-08-04 09:52:16.199]	[   22]	=============================================================
[2016-08-04 09:52:16.199]	[   22]	=============================================================
[2016-08-04 09:52:16.199]	[   22]	SFTPOperations.OnFindNext ENTER 
[2016-08-04 09:52:16.199]	[   22]	              [in][sender]=SBSftpServer.TElSFTPServer
[2016-08-04 09:52:16.199]	[   22]	              [in][data]=
[2016-08-04 09:52:16.199]	[   22]	              [in][info]=SBSftpCommon.TElSftpFileInfo
[2016-08-04 09:52:16.199]	[   22]	              [in][errorCode]=0
[2016-08-04 09:52:16.199]	[   22]	              [in][comment]=
[2016-08-04 09:52:16.199]	[   22]	              [out][errorCode]=0
[2016-08-04 09:52:16.199]	[   22]	              [out][comment]=
[2016-08-04 09:52:16.199]	[   22]	SFTPOperations.OnFindNext EXIT
[2016-08-04 09:52:16.199]	[   22]	=============================================================
[2016-08-04 09:52:16.199]	[   22]	=============================================================
[2016-08-04 09:52:16.199]	[   22]	SFTPOperations.OnFindNext ENTER 
[2016-08-04 09:52:16.199]	[   22]	              [in][sender]=SBSftpServer.TElSFTPServer
[2016-08-04 09:52:16.199]	[   22]	              [in][data]=
[2016-08-04 09:52:16.199]	[   22]	              [in][info]=SBSftpCommon.TElSftpFileInfo
[2016-08-04 09:52:16.199]	[   22]	              [in][errorCode]=0
[2016-08-04 09:52:16.199]	[   22]	              [in][comment]=
[2016-08-04 09:52:16.199]	[   22]	              [out][errorCode]=0
[2016-08-04 09:52:16.199]	[   22]	              [out][comment]=
[2016-08-04 09:52:16.199]	[   22]	SFTPOperations.OnFindNext EXIT
[2016-08-04 09:52:16.199]	[   22]	=============================================================
[2016-08-04 09:52:16.200]	[   22]	=============================================================
[2016-08-04 09:52:16.200]	[   22]	SFTPOperations.OnFindClose ENTER 
[2016-08-04 09:52:16.200]	[   22]	              [in][sender]=SBSftpServer.TElSFTPServer
[2016-08-04 09:52:16.200]	[   22]	              [in][searchRec]=
[2016-08-04 09:52:16.200]	[   22]	              [in][errorCode]=1
[2016-08-04 09:52:16.200]	[   22]	              [in][comment]=
[2016-08-04 09:52:16.200]	[   22]	              [out][errorCode]=1
[2016-08-04 09:52:16.200]	[   22]	              [out][comment]=
[2016-08-04 09:52:16.200]	[   22]	SFTPOperations.OnFindClose EXIT
[2016-08-04 09:52:16.200]	[   22]	=============================================================
[2016-08-04 09:52:16.201]	[   22]	=============================================================
[2016-08-04 09:52:16.201]	[   22]	SFTPOperations.OnFindClose ENTER 
[2016-08-04 09:52:16.201]	[   22]	              [in][sender]=SBSftpServer.TElSFTPServer
[2016-08-04 09:52:16.201]	[   22]	              [in][searchRec]=
[2016-08-04 09:52:16.201]	[   22]	              [in][errorCode]=0
[2016-08-04 09:52:16.201]	[   22]	              [in][comment]=
[2016-08-04 09:52:16.201]	[   22]	              [out][errorCode]=0
[2016-08-04 09:52:16.201]	[   22]	              [out][comment]=
[2016-08-04 09:52:16.201]	[   22]	SFTPOperations.OnFindClose EXIT
[2016-08-04 09:52:16.201]	[   22]	=============================================================
[2016-08-04 09:52:16.201]	[   22]	=============================================================
[2016-08-04 09:52:16.201]	[   22]	SFTPOperations.OnRemove ENTER 
[2016-08-04 09:52:16.201]	[   22]	              [in][sender]=SBSftpServer.TElSFTPServer
[2016-08-04 09:52:16.201]	[   22]	              [in][path]=\\TestSession_e580d585-5b6f-4bf3-9c04-e0697a3d5c73/03f0170b-d692-4ad1-b11f-3c553c7164a3/36a1a201-8616-40db-8812-6869efa8062e.jnk
[2016-08-04 09:52:16.201]	[   22]	              [in][errorCode]=0
[2016-08-04 09:52:16.201]	[   22]	              [in][comment]=
[2016-08-04 09:52:16.201]	[   22]	              [out][errorCode]=0
[2016-08-04 09:52:16.201]	[   22]	              [out][comment]=
[2016-08-04 09:52:16.201]	[   22]	SFTPOperations.OnRemove EXIT
[2016-08-04 09:52:16.201]	[   22]	=============================================================
[2016-08-04 09:52:16.202]	[   22]	=============================================================
[2016-08-04 09:52:16.202]	[   22]	SFTPOperations.OnRemove ENTER 
[2016-08-04 09:52:16.202]	[   22]	              [in][sender]=SBSftpServer.TElSFTPServer
[2016-08-04 09:52:16.202]	[   22]	              [in][path]=\\TestSession_e580d585-5b6f-4bf3-9c04-e0697a3d5c73/03f0170b-d692-4ad1-b11f-3c553c7164a3/959c8270-5781-4f4c-adf3-1f1d880db709.dat
[2016-08-04 09:52:16.202]	[   22]	              [in][errorCode]=0
[2016-08-04 09:52:16.202]	[   22]	              [in][comment]=
[2016-08-04 09:52:16.202]	[   22]	              [out][errorCode]=0
[2016-08-04 09:52:16.202]	[   22]	              [out][comment]=
[2016-08-04 09:52:16.202]	[   22]	SFTPOperations.OnRemove EXIT
[2016-08-04 09:52:16.202]	[   22]	=============================================================
[2016-08-04 09:52:16.202]	[   22]	=============================================================
[2016-08-04 09:52:16.202]	[   22]	SFTPOperations.OnFindFirst ENTER 
[2016-08-04 09:52:16.202]	[   22]	              [in][sender]=SBSftpServer.TElSFTPServer
[2016-08-04 09:52:16.202]	[   22]	              [in][path]=\\TestSession_e580d585-5b6f-4bf3-9c04-e0697a3d5c73/
[2016-08-04 09:52:16.202]	[   22]	              [in][data]=
[2016-08-04 09:52:16.202]	[   22]	              [in][info]=SBSftpCommon.TElSftpFileInfo
[2016-08-04 09:52:16.202]	[   22]	              [in][errorCode]=0
[2016-08-04 09:52:16.202]	[   22]	              [in][comment]=
[2016-08-04 09:52:16.202]	[   22]	              [out][data]=
[2016-08-04 09:52:16.203]	[   22]	              [out][errorCode]=0
[2016-08-04 09:52:16.203]	[   22]	              [out][comment]=
[2016-08-04 09:52:16.203]	[   22]	SFTPOperations.OnFindFirst EXIT
[2016-08-04 09:52:16.203]	[   22]	=============================================================
[2016-08-04 09:52:16.203]	[   22]	=============================================================
[2016-08-04 09:52:16.203]	[   22]	SFTPOperations.OnFindNext ENTER 
[2016-08-04 09:52:16.203]	[   22]	              [in][sender]=SBSftpServer.TElSFTPServer
[2016-08-04 09:52:16.203]	[   22]	              [in][data]=
[2016-08-04 09:52:16.203]	[   22]	              [in][info]=SBSftpCommon.TElSftpFileInfo
[2016-08-04 09:52:16.203]	[   22]	              [in][errorCode]=0
[2016-08-04 09:52:16.203]	[   22]	              [in][comment]=
[2016-08-04 09:52:16.203]	[   22]	              [out][errorCode]=0
[2016-08-04 09:52:16.203]	[   22]	              [out][comment]=
[2016-08-04 09:52:16.203]	[   22]	SFTPOperations.OnFindNext EXIT
[2016-08-04 09:52:16.203]	[   22]	=============================================================
[2016-08-04 09:52:16.203]	[   22]	=============================================================
[2016-08-04 09:52:16.203]	[   22]	SFTPOperations.OnFindNext ENTER 
[2016-08-04 09:52:16.203]	[   22]	              [in][sender]=SBSftpServer.TElSFTPServer
[2016-08-04 09:52:16.203]	[   22]	              [in][data]=
[2016-08-04 09:52:16.203]	[   22]	              [in][info]=SBSftpCommon.TElSftpFileInfo
[2016-08-04 09:52:16.203]	[   22]	              [in][errorCode]=0
[2016-08-04 09:52:16.203]	[   22]	              [in][comment]=
[2016-08-04 09:52:16.203]	[   22]	              [out][errorCode]=0
[2016-08-04 09:52:16.203]	[   22]	              [out][comment]=
[2016-08-04 09:52:16.203]	[   22]	SFTPOperations.OnFindNext EXIT
[2016-08-04 09:52:16.203]	[   22]	=============================================================
[2016-08-04 09:52:16.203]	[   22]	=============================================================
[2016-08-04 09:52:16.203]	[   22]	SFTPOperations.OnFindNext ENTER 
[2016-08-04 09:52:16.203]	[   22]	              [in][sender]=SBSftpServer.TElSFTPServer
[2016-08-04 09:52:16.203]	[   22]	              [in][data]=
[2016-08-04 09:52:16.203]	[   22]	              [in][info]=SBSftpCommon.TElSftpFileInfo
[2016-08-04 09:52:16.203]	[   22]	              [in][errorCode]=0
[2016-08-04 09:52:16.204]	[   22]	              [in][comment]=
[2016-08-04 09:52:16.204]	[   22]	              [out][errorCode]=0
[2016-08-04 09:52:16.204]	[   22]	              [out][comment]=
[2016-08-04 09:52:16.204]	[   22]	SFTPOperations.OnFindNext EXIT
[2016-08-04 09:52:16.204]	[   22]	=============================================================
[2016-08-04 09:52:16.204]	[   22]	=============================================================
[2016-08-04 09:52:16.204]	[   22]	SFTPOperations.OnFindFirst ENTER 
[2016-08-04 09:52:16.204]	[   22]	              [in][sender]=SBSftpServer.TElSFTPServer
[2016-08-04 09:52:16.204]	[   22]	              [in][path]=\\TestSession_e580d585-5b6f-4bf3-9c04-e0697a3d5c73/03f0170b-d692-4ad1-b11f-3c553c7164a3/
[2016-08-04 09:52:16.204]	[   22]	              [in][data]=
[2016-08-04 09:52:16.204]	[   22]	              [in][info]=SBSftpCommon.TElSftpFileInfo
[2016-08-04 09:52:16.204]	[   22]	              [in][errorCode]=1
[2016-08-04 09:52:16.204]	[   22]	              [in][comment]=
[2016-08-04 09:52:16.204]	[   22]	              [out][data]=
[2016-08-04 09:52:16.205]	[   22]	              [out][errorCode]=1
[2016-08-04 09:52:16.205]	[   22]	              [out][comment]=
[2016-08-04 09:52:16.205]	[   22]	SFTPOperations.OnFindFirst EXIT
[2016-08-04 09:52:16.205]	[   22]	=============================================================
[2016-08-04 09:52:16.205]	[   22]	=============================================================
[2016-08-04 09:52:16.205]	[   22]	SFTPOperations.OnFindNext ENTER 
[2016-08-04 09:52:16.205]	[   22]	              [in][sender]=SBSftpServer.TElSFTPServer
[2016-08-04 09:52:16.205]	[   22]	              [in][data]=
[2016-08-04 09:52:16.205]	[   22]	              [in][info]=SBSftpCommon.TElSftpFileInfo
[2016-08-04 09:52:16.205]	[   22]	              [in][errorCode]=0
[2016-08-04 09:52:16.205]	[   22]	              [in][comment]=
[2016-08-04 09:52:16.205]	[   22]	              [out][errorCode]=0
[2016-08-04 09:52:16.205]	[   22]	              [out][comment]=
[2016-08-04 09:52:16.205]	[   22]	SFTPOperations.OnFindNext EXIT
[2016-08-04 09:52:16.205]	[   22]	=============================================================
[2016-08-04 09:52:16.205]	[   22]	=============================================================
[2016-08-04 09:52:16.205]	[   22]	SFTPOperations.OnFindNext ENTER 
[2016-08-04 09:52:16.205]	[   22]	              [in][sender]=SBSftpServer.TElSFTPServer
[2016-08-04 09:52:16.205]	[   22]	              [in][data]=
[2016-08-04 09:52:16.205]	[   22]	              [in][info]=SBSftpCommon.TElSftpFileInfo
[2016-08-04 09:52:16.205]	[   22]	              [in][errorCode]=0
[2016-08-04 09:52:16.205]	[   22]	              [in][comment]=
[2016-08-04 09:52:16.205]	[   22]	              [out][errorCode]=0
[2016-08-04 09:52:16.205]	[   22]	              [out][comment]=
[2016-08-04 09:52:16.205]	[   22]	SFTPOperations.OnFindNext EXIT
[2016-08-04 09:52:16.205]	[   22]	=============================================================
[2016-08-04 09:52:16.206]	[   22]	=============================================================
[2016-08-04 09:52:16.206]	[   22]	SFTPOperations.OnFindClose ENTER 
[2016-08-04 09:52:16.206]	[   22]	              [in][sender]=SBSftpServer.TElSFTPServer
[2016-08-04 09:52:16.206]	[   22]	              [in][searchRec]=
[2016-08-04 09:52:16.206]	[   22]	              [in][errorCode]=1
[2016-08-04 09:52:16.206]	[   22]	              [in][comment]=
[2016-08-04 09:52:16.206]	[   22]	              [out][errorCode]=1
[2016-08-04 09:52:16.206]	[   22]	              [out][comment]=
[2016-08-04 09:52:16.206]	[   22]	SFTPOperations.OnFindClose EXIT
[2016-08-04 09:52:16.206]	[   22]	=============================================================
[2016-08-04 09:52:16.206]	[   22]	=============================================================
[2016-08-04 09:52:16.206]	[   22]	SFTPOperations.OnRemove ENTER 
[2016-08-04 09:52:16.206]	[   22]	              [in][sender]=SBSftpServer.TElSFTPServer
[2016-08-04 09:52:16.206]	[   22]	              [in][path]=\\TestSession_e580d585-5b6f-4bf3-9c04-e0697a3d5c73/03f0170b-d692-4ad1-b11f-3c553c7164a3/
[2016-08-04 09:52:16.206]	[   22]	              [in][errorCode]=0
[2016-08-04 09:52:16.206]	[   22]	              [in][comment]=
[2016-08-04 09:52:16.206]	[   22]	              [out][errorCode]=0
[2016-08-04 09:52:16.206]	[   22]	              [out][comment]=
[2016-08-04 09:52:16.206]	[   22]	SFTPOperations.OnRemove EXIT
[2016-08-04 09:52:16.206]	[   22]	=============================================================
[2016-08-04 09:52:16.207]	[   22]	=============================================================
[2016-08-04 09:52:16.207]	[   22]	SFTPOperations.OnFindClose ENTER 
[2016-08-04 09:52:16.207]	[   22]	              [in][sender]=SBSftpServer.TElSFTPServer
[2016-08-04 09:52:16.207]	[   22]	              [in][searchRec]=
[2016-08-04 09:52:16.207]	[   22]	              [in][errorCode]=0
[2016-08-04 09:52:16.207]	[   22]	              [in][comment]=
[2016-08-04 09:52:16.207]	[   22]	              [out][errorCode]=0
[2016-08-04 09:52:16.207]	[   22]	              [out][comment]=
[2016-08-04 09:52:16.207]	[   22]	SFTPOperations.OnFindClose EXIT
[2016-08-04 09:52:16.207]	[   22]	=============================================================
[2016-08-04 09:52:16.207]	[   22]	=============================================================
[2016-08-04 09:52:16.207]	[   22]	SFTPOperations.OnRemove ENTER 
[2016-08-04 09:52:16.207]	[   22]	              [in][sender]=SBSftpServer.TElSFTPServer
[2016-08-04 09:52:16.207]	[   22]	              [in][path]=\\TestSession_e580d585-5b6f-4bf3-9c04-e0697a3d5c73/
[2016-08-04 09:52:16.207]	[   22]	              [in][errorCode]=0
[2016-08-04 09:52:16.207]	[   22]	              [in][comment]=
[2016-08-04 09:52:16.208]	[   22]	              [out][errorCode]=0
[2016-08-04 09:52:16.208]	[   22]	              [out][comment]=
[2016-08-04 09:52:16.208]	[   22]	SFTPOperations.OnRemove EXIT
[2016-08-04 09:52:16.208]	[   22]	=============================================================
[2016-08-04 09:52:16.208]	[   26]	Stopping socket listener
[2016-08-04 09:52:16.208]	[   26]	Socket listener stopped
[2016-08-04 09:52:16.208]	[   24]	Socket receive operation failed: An established connection was aborted by the software in your host machine
[2016-08-04 09:52:16.208]	[   24]	Closing the socket
[2016-08-04 09:52:16.208]	[   24]	ServerListener.OnSessionClosed()</StdOut>
      </Output>
    </UnitTestResult>
    <UnitTestResult executionId="e1e00183-97c8-422c-8aa0-224ea5631211" testId="19bf2674-b646-7a0d-9d90-ef520d76f78b" testName="ListDirectory_FilterOnExtensionCaseSensitive_ExpectedFiles" computerName="ICSWS068" duration="00:00:00.5345689" startTime="2016-08-04T09:52:16.2218110+02:00" endTime="2016-08-04T09:52:16.7578732+02:00" testType="13cdc9d9-ddb5-4fa4-a97d-d965ccfc6d4b" outcome="Passed" testListId="8c84fa94-04c1-424b-9868-57a2d4851a1d" relativeResultsDirectory="e1e00183-97c8-422c-8aa0-224ea5631211">
      <Output>
        <StdOut>Debug Trace:
[2016-08-04 09:52:16.225]	[   20]	Starting SSH server listener...
[2016-08-04 09:52:16.226]	[   20]	SSH server listener started.
[2016-08-04 09:52:16.276]	[   23]	ServerListener.Listen : New connection available
[2016-08-04 09:52:16.277]	[   23]	Connection accepted. Active connections 1 from 20
[2016-08-04 09:52:16.374]	[   25]	Subsystem sftp opened
[2016-08-04 09:52:16.375]	[   25]	SFTP server started
[2016-08-04 09:52:16.375]	[   33]	=============================================================
[2016-08-04 09:52:16.375]	[   33]	SFTPOperations.OnOpen ENTER (3)
[2016-08-04 09:52:16.375]	[   33]	              [in][sender]=SBSftpServer.TElSFTPServer
[2016-08-04 09:52:16.376]	[   33]	SFTP connection established
[2016-08-04 09:52:16.376]	[   33]	SFTPOperations.OnOpen EXIT
[2016-08-04 09:52:16.376]	[   33]	=============================================================
[2016-08-04 09:52:16.376]	[   33]	=============================================================
[2016-08-04 09:52:16.376]	[   33]	SFTPOperations.OnRequestAbsolutePath ENTER 
[2016-08-04 09:52:16.376]	[   33]	              [in][sender]=SBSftpServer.TElSFTPServer
[2016-08-04 09:52:16.376]	[   33]	              [in][path]=.
[2016-08-04 09:52:16.376]	[   33]	              [in][absolutePath]=
[2016-08-04 09:52:16.376]	[   33]	              [in][control]=rcNoCheck
[2016-08-04 09:52:16.376]	[   33]	              [in][composePath]=SBStringList.TElStringList
[2016-08-04 09:52:16.376]	[   33]	              [in][errorCode]=0
[2016-08-04 09:52:16.376]	[   33]	              [in][comment]=
[2016-08-04 09:52:16.376]	[   33]	              [out][absolutePath]=
[2016-08-04 09:52:16.376]	[   33]	              [out][errorCode]=0
[2016-08-04 09:52:16.376]	[   33]	              [out][comment]=
[2016-08-04 09:52:16.376]	[   33]	SFTPOperations.OnRequestAbsolutePath EXIT
[2016-08-04 09:52:16.376]	[   33]	=============================================================
[2016-08-04 09:52:16.376]	[   33]	=============================================================
[2016-08-04 09:52:16.376]	[   33]	SFTPOperations.OnCreateDirectory ENTER 
[2016-08-04 09:52:16.376]	[   33]	              [in][sender]=SBSftpServer.TElSFTPServer
[2016-08-04 09:52:16.376]	[   33]	              [in][path]=\\TestSession_2db04770-0d32-4396-b4a3-03ac522a6976
[2016-08-04 09:52:16.376]	[   33]	              [in][attributes]=
[2016-08-04 09:52:16.376]	[   33]	              [in][errorCode]=0
[2016-08-04 09:52:16.376]	[   33]	              [in][comment]=
[2016-08-04 09:52:16.377]	[   33]	              [out][errorCode]=0
[2016-08-04 09:52:16.377]	[   33]	              [out][comment]=
[2016-08-04 09:52:16.377]	[   33]	SFTPOperations.OnCreateDirectory EXIT
[2016-08-04 09:52:16.377]	[   33]	=============================================================
[2016-08-04 09:52:16.377]	[   25]	Socket receive operation failed: An established connection was aborted by the software in your host machine
[2016-08-04 09:52:16.377]	[   25]	Closing the socket
[2016-08-04 09:52:16.377]	[   25]	ServerListener.OnSessionClosed()
[2016-08-04 09:52:16.427]	[   23]	ServerListener.Listen : New connection available
[2016-08-04 09:52:16.428]	[   23]	Connection accepted. Active connections 1 from 20
[2016-08-04 09:52:16.513]	[   29]	Subsystem sftp opened
[2016-08-04 09:52:16.514]	[   29]	SFTP server started
[2016-08-04 09:52:16.514]	[   21]	=============================================================
[2016-08-04 09:52:16.514]	[   21]	SFTPOperations.OnOpen ENTER (1)
[2016-08-04 09:52:16.514]	[   21]	              [in][sender]=SBSftpServer.TElSFTPServer
[2016-08-04 09:52:16.514]	[   21]	SFTP connection established
[2016-08-04 09:52:16.515]	[   21]	SFTPOperations.OnOpen EXIT
[2016-08-04 09:52:16.515]	[   21]	=============================================================
[2016-08-04 09:52:16.515]	[   21]	=============================================================
[2016-08-04 09:52:16.515]	[   21]	SFTPOperations.OnRequestAbsolutePath ENTER 
[2016-08-04 09:52:16.515]	[   21]	              [in][sender]=SBSftpServer.TElSFTPServer
[2016-08-04 09:52:16.515]	[   21]	              [in][path]=.
[2016-08-04 09:52:16.515]	[   21]	              [in][absolutePath]=
[2016-08-04 09:52:16.515]	[   21]	              [in][control]=rcNoCheck
[2016-08-04 09:52:16.515]	[   21]	              [in][composePath]=SBStringList.TElStringList
[2016-08-04 09:52:16.515]	[   21]	              [in][errorCode]=0
[2016-08-04 09:52:16.515]	[   21]	              [in][comment]=
[2016-08-04 09:52:16.515]	[   21]	              [out][absolutePath]=
[2016-08-04 09:52:16.515]	[   21]	              [out][errorCode]=0
[2016-08-04 09:52:16.515]	[   21]	              [out][comment]=
[2016-08-04 09:52:16.515]	[   21]	SFTPOperations.OnRequestAbsolutePath EXIT
[2016-08-04 09:52:16.515]	[   21]	=============================================================
[2016-08-04 09:52:16.515]	[   21]	=============================================================
[2016-08-04 09:52:16.515]	[   21]	SFTPOperations.OnCreateDirectory ENTER 
[2016-08-04 09:52:16.515]	[   21]	              [in][sender]=SBSftpServer.TElSFTPServer
[2016-08-04 09:52:16.515]	[   21]	              [in][path]=\\TestSession_2db04770-0d32-4396-b4a3-03ac522a6976\3103ecf8-0d25-440f-9c22-3d276c349812
[2016-08-04 09:52:16.515]	[   21]	              [in][attributes]=
[2016-08-04 09:52:16.515]	[   21]	              [in][errorCode]=0
[2016-08-04 09:52:16.515]	[   21]	              [in][comment]=
[2016-08-04 09:52:16.515]	[   21]	              [out][errorCode]=0
[2016-08-04 09:52:16.515]	[   21]	              [out][comment]=
[2016-08-04 09:52:16.515]	[   21]	SFTPOperations.OnCreateDirectory EXIT
[2016-08-04 09:52:16.515]	[   21]	=============================================================
[2016-08-04 09:52:16.516]	[   21]	=============================================================
[2016-08-04 09:52:16.516]	[   21]	SFTPOperations.OnRequestAttributes ENTER 
[2016-08-04 09:52:16.516]	[   21]	              [in][sender]=SBSftpServer.TElSFTPServer
[2016-08-04 09:52:16.516]	[   21]	              [in][path]=\\TestSession_2db04770-0d32-4396-b4a3-03ac522a6976\3103ecf8-0d25-440f-9c22-3d276c349812
[2016-08-04 09:52:16.516]	[   21]	              [in][followSymLinks]=True
[2016-08-04 09:52:16.516]	[   21]	              [in][attributes]=SBSftpCommon.TElSftpFileAttributes
[2016-08-04 09:52:16.516]	[   21]	              [in][errorCode]=0
[2016-08-04 09:52:16.516]	[   21]	              [in][comment]=
[2016-08-04 09:52:16.516]	[   21]	              [out][errorCode]=0
[2016-08-04 09:52:16.516]	[   21]	              [out][comment]=
[2016-08-04 09:52:16.516]	[   21]	SFTPOperations.OnRequestAttributes EXIT
[2016-08-04 09:52:16.516]	[   21]	=============================================================
[2016-08-04 09:52:16.516]	[   21]	=============================================================
[2016-08-04 09:52:16.516]	[   21]	SFTPOperations.OnOpenFile ENTER (1)
[2016-08-04 09:52:16.516]	[   21]	              [in][sender]=SBSftpServer.TElSFTPServer
[2016-08-04 09:52:16.516]	[   21]	              [in][path]=\\TestSession_2db04770-0d32-4396-b4a3-03ac522a6976\3103ecf8-0d25-440f-9c22-3d276c349812\a561a79c-3df4-43ba-b27d-7c3db2a4a4dc.jnk
[2016-08-04 09:52:16.516]	[   21]	              [in][modes]=26
[2016-08-04 09:52:16.516]	[   21]	              [in][Access]=0
[2016-08-04 09:52:16.516]	[   21]	              [in][desiredAccess]=2
[2016-08-04 09:52:16.516]	[   21]	              [in][attributes]=SBSftpCommon.TElSftpFileAttributes
[2016-08-04 09:52:16.516]	[   21]	              [in][data]=
[2016-08-04 09:52:16.516]	[   21]	              [in][errorCode]=0
[2016-08-04 09:52:16.516]	[   21]	              [in][comment]=
[2016-08-04 09:52:16.517]	[   21]	              [out][data]=
[2016-08-04 09:52:16.517]	[   21]	              [out][errorCode]=0
[2016-08-04 09:52:16.517]	[   21]	              [out][comment]=
[2016-08-04 09:52:16.517]	[   21]	SFTPOperations.OnOpenFile EXIT
[2016-08-04 09:52:16.517]	[   21]	=============================================================
[2016-08-04 09:52:16.517]	[   21]	=============================================================
[2016-08-04 09:52:16.517]	[   21]	SFTPOperations.OnWriteFile ENTER (1)
[2016-08-04 09:52:16.517]	[   21]	              [in][sender]=SBSftpServer.TElSFTPServer
[2016-08-04 09:52:16.517]	[   21]	              [in][data]=System.IO.FileStream
[2016-08-04 09:52:16.517]	[   21]	              [in][offset]=0
[2016-08-04 09:52:16.517]	[   21]	              [in][buffer]=System.Byte[]
[2016-08-04 09:52:16.517]	[   21]	              [in][bufferOffset]=25
[2016-08-04 09:52:16.517]	[   21]	              [in][count]=100
[2016-08-04 09:52:16.517]	[   21]	              [in][errorCode]=0
[2016-08-04 09:52:16.517]	[   21]	              [in][comment]=
[2016-08-04 09:52:16.517]	[   21]	              [out][errorCode]=0
[2016-08-04 09:52:16.517]	[   21]	              [out][comment]=
[2016-08-04 09:52:16.517]	[   21]	SFTPOperations.OnWriteFile EXIT
[2016-08-04 09:52:16.517]	[   21]	=============================================================
[2016-08-04 09:52:16.518]	[   21]	=============================================================
[2016-08-04 09:52:16.518]	[   21]	SFTPOperations.OnCloseHandle ENTER (1)
[2016-08-04 09:52:16.518]	[   21]	              [in][sender]=SBSftpServer.TElSFTPServer
[2016-08-04 09:52:16.518]	[   21]	              [in][data]=System.IO.FileStream
[2016-08-04 09:52:16.518]	[   21]	              [in][errorCode]=0
[2016-08-04 09:52:16.518]	[   21]	              [in][comment]=
[2016-08-04 09:52:16.520]	[   21]	              [out][errorCode]=0
[2016-08-04 09:52:16.520]	[   21]	              [out][comment]=
[2016-08-04 09:52:16.520]	[   21]	SFTPOperations.OnCloseHandle EXIT
[2016-08-04 09:52:16.520]	[   21]	=============================================================
[2016-08-04 09:52:16.520]	[   21]	=============================================================
[2016-08-04 09:52:16.520]	[   21]	SFTPOperations.OnRequestAttributes ENTER 
[2016-08-04 09:52:16.520]	[   21]	              [in][sender]=SBSftpServer.TElSFTPServer
[2016-08-04 09:52:16.520]	[   21]	              [in][path]=\\TestSession_2db04770-0d32-4396-b4a3-03ac522a6976\3103ecf8-0d25-440f-9c22-3d276c349812
[2016-08-04 09:52:16.520]	[   21]	              [in][followSymLinks]=True
[2016-08-04 09:52:16.520]	[   21]	              [in][attributes]=SBSftpCommon.TElSftpFileAttributes
[2016-08-04 09:52:16.520]	[   21]	              [in][errorCode]=0
[2016-08-04 09:52:16.520]	[   21]	              [in][comment]=
[2016-08-04 09:52:16.520]	[   21]	              [out][errorCode]=0
[2016-08-04 09:52:16.520]	[   21]	              [out][comment]=
[2016-08-04 09:52:16.520]	[   21]	SFTPOperations.OnRequestAttributes EXIT
[2016-08-04 09:52:16.520]	[   21]	=============================================================
[2016-08-04 09:52:16.521]	[   21]	=============================================================
[2016-08-04 09:52:16.521]	[   21]	SFTPOperations.OnOpenFile ENTER (2)
[2016-08-04 09:52:16.521]	[   21]	              [in][sender]=SBSftpServer.TElSFTPServer
[2016-08-04 09:52:16.521]	[   21]	              [in][path]=\\TestSession_2db04770-0d32-4396-b4a3-03ac522a6976\3103ecf8-0d25-440f-9c22-3d276c349812\877c2771-f15e-455e-9fca-ee87e99495ba.dat
[2016-08-04 09:52:16.521]	[   21]	              [in][modes]=26
[2016-08-04 09:52:16.521]	[   21]	              [in][Access]=0
[2016-08-04 09:52:16.521]	[   21]	              [in][desiredAccess]=2
[2016-08-04 09:52:16.521]	[   21]	              [in][attributes]=SBSftpCommon.TElSftpFileAttributes
[2016-08-04 09:52:16.521]	[   21]	              [in][data]=
[2016-08-04 09:52:16.521]	[   21]	              [in][errorCode]=0
[2016-08-04 09:52:16.521]	[   21]	              [in][comment]=
[2016-08-04 09:52:16.522]	[   21]	              [out][data]=
[2016-08-04 09:52:16.522]	[   21]	              [out][errorCode]=0
[2016-08-04 09:52:16.522]	[   21]	              [out][comment]=
[2016-08-04 09:52:16.522]	[   21]	SFTPOperations.OnOpenFile EXIT
[2016-08-04 09:52:16.522]	[   21]	=============================================================
[2016-08-04 09:52:16.522]	[   21]	=============================================================
[2016-08-04 09:52:16.522]	[   21]	SFTPOperations.OnWriteFile ENTER (2)
[2016-08-04 09:52:16.522]	[   21]	              [in][sender]=SBSftpServer.TElSFTPServer
[2016-08-04 09:52:16.522]	[   21]	              [in][data]=System.IO.FileStream
[2016-08-04 09:52:16.522]	[   21]	              [in][offset]=0
[2016-08-04 09:52:16.522]	[   21]	              [in][buffer]=System.Byte[]
[2016-08-04 09:52:16.522]	[   21]	              [in][bufferOffset]=25
[2016-08-04 09:52:16.522]	[   21]	              [in][count]=100
[2016-08-04 09:52:16.522]	[   21]	              [in][errorCode]=0
[2016-08-04 09:52:16.522]	[   21]	              [in][comment]=
[2016-08-04 09:52:16.522]	[   21]	              [out][errorCode]=0
[2016-08-04 09:52:16.522]	[   21]	              [out][comment]=
[2016-08-04 09:52:16.522]	[   21]	SFTPOperations.OnWriteFile EXIT
[2016-08-04 09:52:16.522]	[   21]	=============================================================
[2016-08-04 09:52:16.523]	[   21]	=============================================================
[2016-08-04 09:52:16.523]	[   21]	SFTPOperations.OnCloseHandle ENTER (2)
[2016-08-04 09:52:16.523]	[   21]	              [in][sender]=SBSftpServer.TElSFTPServer
[2016-08-04 09:52:16.523]	[   21]	              [in][data]=System.IO.FileStream
[2016-08-04 09:52:16.523]	[   21]	              [in][errorCode]=0
[2016-08-04 09:52:16.523]	[   21]	              [in][comment]=
[2016-08-04 09:52:16.523]	[   21]	              [out][errorCode]=0
[2016-08-04 09:52:16.523]	[   21]	              [out][comment]=
[2016-08-04 09:52:16.523]	[   21]	SFTPOperations.OnCloseHandle EXIT
[2016-08-04 09:52:16.523]	[   21]	=============================================================
[2016-08-04 09:52:16.524]	[   21]	=============================================================
[2016-08-04 09:52:16.524]	[   21]	SFTPOperations.OnFindFirst ENTER 
[2016-08-04 09:52:16.524]	[   21]	              [in][sender]=SBSftpServer.TElSFTPServer
[2016-08-04 09:52:16.524]	[   21]	              [in][path]=\\TestSession_2db04770-0d32-4396-b4a3-03ac522a6976\3103ecf8-0d25-440f-9c22-3d276c349812
[2016-08-04 09:52:16.524]	[   21]	              [in][data]=
[2016-08-04 09:52:16.524]	[   21]	              [in][info]=SBSftpCommon.TElSftpFileInfo
[2016-08-04 09:52:16.524]	[   21]	              [in][errorCode]=0
[2016-08-04 09:52:16.524]	[   21]	              [in][comment]=
[2016-08-04 09:52:16.524]	[   21]	              [out][data]=
[2016-08-04 09:52:16.524]	[   21]	              [out][errorCode]=0
[2016-08-04 09:52:16.524]	[   21]	              [out][comment]=
[2016-08-04 09:52:16.524]	[   21]	SFTPOperations.OnFindFirst EXIT
[2016-08-04 09:52:16.524]	[   21]	=============================================================
[2016-08-04 09:52:16.524]	[   21]	=============================================================
[2016-08-04 09:52:16.525]	[   21]	SFTPOperations.OnFindNext ENTER 
[2016-08-04 09:52:16.525]	[   21]	              [in][sender]=SBSftpServer.TElSFTPServer
[2016-08-04 09:52:16.525]	[   21]	              [in][data]=
[2016-08-04 09:52:16.525]	[   21]	              [in][info]=SBSftpCommon.TElSftpFileInfo
[2016-08-04 09:52:16.525]	[   21]	              [in][errorCode]=0
[2016-08-04 09:52:16.525]	[   21]	              [in][comment]=
[2016-08-04 09:52:16.525]	[   21]	              [out][errorCode]=0
[2016-08-04 09:52:16.525]	[   21]	              [out][comment]=
[2016-08-04 09:52:16.525]	[   21]	SFTPOperations.OnFindNext EXIT
[2016-08-04 09:52:16.525]	[   21]	=============================================================
[2016-08-04 09:52:16.525]	[   21]	=============================================================
[2016-08-04 09:52:16.525]	[   21]	SFTPOperations.OnFindNext ENTER 
[2016-08-04 09:52:16.525]	[   21]	              [in][sender]=SBSftpServer.TElSFTPServer
[2016-08-04 09:52:16.525]	[   21]	              [in][data]=
[2016-08-04 09:52:16.525]	[   21]	              [in][info]=SBSftpCommon.TElSftpFileInfo
[2016-08-04 09:52:16.525]	[   21]	              [in][errorCode]=0
[2016-08-04 09:52:16.525]	[   21]	              [in][comment]=
[2016-08-04 09:52:16.525]	[   21]	              [out][errorCode]=0
[2016-08-04 09:52:16.525]	[   21]	              [out][comment]=
[2016-08-04 09:52:16.525]	[   21]	SFTPOperations.OnFindNext EXIT
[2016-08-04 09:52:16.525]	[   21]	=============================================================
[2016-08-04 09:52:16.525]	[   21]	=============================================================
[2016-08-04 09:52:16.525]	[   21]	SFTPOperations.OnFindNext ENTER 
[2016-08-04 09:52:16.525]	[   21]	              [in][sender]=SBSftpServer.TElSFTPServer
[2016-08-04 09:52:16.525]	[   21]	              [in][data]=
[2016-08-04 09:52:16.525]	[   21]	              [in][info]=SBSftpCommon.TElSftpFileInfo
[2016-08-04 09:52:16.525]	[   21]	              [in][errorCode]=0
[2016-08-04 09:52:16.525]	[   21]	              [in][comment]=
[2016-08-04 09:52:16.525]	[   21]	              [out][errorCode]=0
[2016-08-04 09:52:16.525]	[   21]	              [out][comment]=
[2016-08-04 09:52:16.525]	[   21]	SFTPOperations.OnFindNext EXIT
[2016-08-04 09:52:16.525]	[   21]	=============================================================
[2016-08-04 09:52:16.525]	[   21]	=============================================================
[2016-08-04 09:52:16.525]	[   21]	SFTPOperations.OnFindNext ENTER 
[2016-08-04 09:52:16.525]	[   21]	              [in][sender]=SBSftpServer.TElSFTPServer
[2016-08-04 09:52:16.525]	[   21]	              [in][data]=
[2016-08-04 09:52:16.525]	[   21]	              [in][info]=SBSftpCommon.TElSftpFileInfo
[2016-08-04 09:52:16.525]	[   21]	              [in][errorCode]=0
[2016-08-04 09:52:16.525]	[   21]	              [in][comment]=
[2016-08-04 09:52:16.525]	[   21]	              [out][errorCode]=0
[2016-08-04 09:52:16.525]	[   21]	              [out][comment]=
[2016-08-04 09:52:16.525]	[   21]	SFTPOperations.OnFindNext EXIT
[2016-08-04 09:52:16.525]	[   21]	=============================================================
[2016-08-04 09:52:16.526]	[   21]	=============================================================
[2016-08-04 09:52:16.526]	[   21]	SFTPOperations.OnFindClose ENTER 
[2016-08-04 09:52:16.526]	[   21]	              [in][sender]=SBSftpServer.TElSFTPServer
[2016-08-04 09:52:16.526]	[   21]	              [in][searchRec]=
[2016-08-04 09:52:16.526]	[   21]	              [in][errorCode]=1
[2016-08-04 09:52:16.526]	[   21]	              [in][comment]=
[2016-08-04 09:52:16.526]	[   21]	              [out][errorCode]=1
[2016-08-04 09:52:16.526]	[   21]	              [out][comment]=
[2016-08-04 09:52:16.526]	[   21]	SFTPOperations.OnFindClose EXIT
[2016-08-04 09:52:16.526]	[   21]	=============================================================
[2016-08-04 09:52:16.526]	[   21]	=============================================================
[2016-08-04 09:52:16.526]	[   21]	SFTPOperations.OnFindFirst ENTER 
[2016-08-04 09:52:16.526]	[   21]	              [in][sender]=SBSftpServer.TElSFTPServer
[2016-08-04 09:52:16.526]	[   21]	              [in][path]=\\TestSession_2db04770-0d32-4396-b4a3-03ac522a6976\3103ecf8-0d25-440f-9c22-3d276c349812
[2016-08-04 09:52:16.526]	[   21]	              [in][data]=
[2016-08-04 09:52:16.526]	[   21]	              [in][info]=SBSftpCommon.TElSftpFileInfo
[2016-08-04 09:52:16.526]	[   21]	              [in][errorCode]=0
[2016-08-04 09:52:16.526]	[   21]	              [in][comment]=
[2016-08-04 09:52:16.527]	[   21]	              [out][data]=
[2016-08-04 09:52:16.527]	[   21]	              [out][errorCode]=0
[2016-08-04 09:52:16.527]	[   21]	              [out][comment]=
[2016-08-04 09:52:16.527]	[   21]	SFTPOperations.OnFindFirst EXIT
[2016-08-04 09:52:16.527]	[   21]	=============================================================
[2016-08-04 09:52:16.527]	[   21]	=============================================================
[2016-08-04 09:52:16.527]	[   21]	SFTPOperations.OnFindNext ENTER 
[2016-08-04 09:52:16.527]	[   21]	              [in][sender]=SBSftpServer.TElSFTPServer
[2016-08-04 09:52:16.527]	[   21]	              [in][data]=
[2016-08-04 09:52:16.527]	[   21]	              [in][info]=SBSftpCommon.TElSftpFileInfo
[2016-08-04 09:52:16.527]	[   21]	              [in][errorCode]=0
[2016-08-04 09:52:16.527]	[   21]	              [in][comment]=
[2016-08-04 09:52:16.527]	[   21]	              [out][errorCode]=0
[2016-08-04 09:52:16.527]	[   21]	              [out][comment]=
[2016-08-04 09:52:16.527]	[   21]	SFTPOperations.OnFindNext EXIT
[2016-08-04 09:52:16.527]	[   21]	=============================================================
[2016-08-04 09:52:16.527]	[   21]	=============================================================
[2016-08-04 09:52:16.527]	[   21]	SFTPOperations.OnFindNext ENTER 
[2016-08-04 09:52:16.527]	[   21]	              [in][sender]=SBSftpServer.TElSFTPServer
[2016-08-04 09:52:16.527]	[   21]	              [in][data]=
[2016-08-04 09:52:16.527]	[   21]	              [in][info]=SBSftpCommon.TElSftpFileInfo
[2016-08-04 09:52:16.527]	[   21]	              [in][errorCode]=0
[2016-08-04 09:52:16.527]	[   21]	              [in][comment]=
[2016-08-04 09:52:16.527]	[   21]	              [out][errorCode]=0
[2016-08-04 09:52:16.527]	[   21]	              [out][comment]=
[2016-08-04 09:52:16.527]	[   21]	SFTPOperations.OnFindNext EXIT
[2016-08-04 09:52:16.528]	[   21]	=============================================================
[2016-08-04 09:52:16.528]	[   21]	=============================================================
[2016-08-04 09:52:16.528]	[   21]	SFTPOperations.OnFindNext ENTER 
[2016-08-04 09:52:16.528]	[   21]	              [in][sender]=SBSftpServer.TElSFTPServer
[2016-08-04 09:52:16.528]	[   21]	              [in][data]=
[2016-08-04 09:52:16.528]	[   21]	              [in][info]=SBSftpCommon.TElSftpFileInfo
[2016-08-04 09:52:16.528]	[   21]	              [in][errorCode]=0
[2016-08-04 09:52:16.528]	[   21]	              [in][comment]=
[2016-08-04 09:52:16.528]	[   21]	              [out][errorCode]=0
[2016-08-04 09:52:16.528]	[   21]	              [out][comment]=
[2016-08-04 09:52:16.528]	[   21]	SFTPOperations.OnFindNext EXIT
[2016-08-04 09:52:16.528]	[   21]	=============================================================
[2016-08-04 09:52:16.528]	[   21]	=============================================================
[2016-08-04 09:52:16.528]	[   21]	SFTPOperations.OnFindNext ENTER 
[2016-08-04 09:52:16.528]	[   21]	              [in][sender]=SBSftpServer.TElSFTPServer
[2016-08-04 09:52:16.528]	[   21]	              [in][data]=
[2016-08-04 09:52:16.528]	[   21]	              [in][info]=SBSftpCommon.TElSftpFileInfo
[2016-08-04 09:52:16.528]	[   21]	              [in][errorCode]=0
[2016-08-04 09:52:16.528]	[   21]	              [in][comment]=
[2016-08-04 09:52:16.528]	[   21]	              [out][errorCode]=0
[2016-08-04 09:52:16.528]	[   21]	              [out][comment]=
[2016-08-04 09:52:16.528]	[   21]	SFTPOperations.OnFindNext EXIT
[2016-08-04 09:52:16.528]	[   21]	=============================================================
[2016-08-04 09:52:16.582]	[   21]	=============================================================
[2016-08-04 09:52:16.582]	[   21]	SFTPOperations.OnFindClose ENTER 
[2016-08-04 09:52:16.582]	[   21]	              [in][sender]=SBSftpServer.TElSFTPServer
[2016-08-04 09:52:16.582]	[   21]	              [in][searchRec]=
[2016-08-04 09:52:16.582]	[   21]	              [in][errorCode]=1
[2016-08-04 09:52:16.582]	[   21]	              [in][comment]=
[2016-08-04 09:52:16.582]	[   21]	              [out][errorCode]=1
[2016-08-04 09:52:16.582]	[   21]	              [out][comment]=
[2016-08-04 09:52:16.582]	[   21]	SFTPOperations.OnFindClose EXIT
[2016-08-04 09:52:16.582]	[   21]	=============================================================
[2016-08-04 09:52:16.582]	[   29]	Socket receive operation failed: An established connection was aborted by the software in your host machine
[2016-08-04 09:52:16.582]	[   29]	Closing the socket
[2016-08-04 09:52:16.583]	[   29]	ServerListener.OnSessionClosed()
[2016-08-04 09:52:16.632]	[   23]	ServerListener.Listen : New connection available
[2016-08-04 09:52:16.632]	[   23]	Connection accepted. Active connections 1 from 20
[2016-08-04 09:52:16.731]	[   33]	Subsystem sftp opened
[2016-08-04 09:52:16.732]	[   33]	SFTP server started
[2016-08-04 09:52:16.732]	[   25]	=============================================================
[2016-08-04 09:52:16.732]	[   25]	SFTPOperations.OnOpen ENTER (2)
[2016-08-04 09:52:16.732]	[   25]	              [in][sender]=SBSftpServer.TElSFTPServer
[2016-08-04 09:52:16.732]	[   25]	SFTP connection established
[2016-08-04 09:52:16.732]	[   25]	SFTPOperations.OnOpen EXIT
[2016-08-04 09:52:16.732]	[   25]	=============================================================
[2016-08-04 09:52:16.732]	[   25]	=============================================================
[2016-08-04 09:52:16.732]	[   25]	SFTPOperations.OnRequestAbsolutePath ENTER 
[2016-08-04 09:52:16.732]	[   25]	              [in][sender]=SBSftpServer.TElSFTPServer
[2016-08-04 09:52:16.732]	[   25]	              [in][path]=.
[2016-08-04 09:52:16.732]	[   25]	              [in][absolutePath]=
[2016-08-04 09:52:16.732]	[   25]	              [in][control]=rcNoCheck
[2016-08-04 09:52:16.732]	[   25]	              [in][composePath]=SBStringList.TElStringList
[2016-08-04 09:52:16.732]	[   25]	              [in][errorCode]=0
[2016-08-04 09:52:16.732]	[   25]	              [in][comment]=
[2016-08-04 09:52:16.732]	[   25]	              [out][absolutePath]=
[2016-08-04 09:52:16.733]	[   25]	              [out][errorCode]=0
[2016-08-04 09:52:16.733]	[   25]	              [out][comment]=
[2016-08-04 09:52:16.733]	[   25]	SFTPOperations.OnRequestAbsolutePath EXIT
[2016-08-04 09:52:16.733]	[   25]	=============================================================
[2016-08-04 09:52:16.733]	[   25]	=============================================================
[2016-08-04 09:52:16.733]	[   25]	SFTPOperations.OnFindFirst ENTER 
[2016-08-04 09:52:16.733]	[   25]	              [in][sender]=SBSftpServer.TElSFTPServer
[2016-08-04 09:52:16.733]	[   25]	              [in][path]=\\TestSession_2db04770-0d32-4396-b4a3-03ac522a6976/
[2016-08-04 09:52:16.733]	[   25]	              [in][data]=
[2016-08-04 09:52:16.733]	[   25]	              [in][info]=SBSftpCommon.TElSftpFileInfo
[2016-08-04 09:52:16.733]	[   25]	              [in][errorCode]=0
[2016-08-04 09:52:16.733]	[   25]	              [in][comment]=
[2016-08-04 09:52:16.733]	[   25]	              [out][data]=
[2016-08-04 09:52:16.733]	[   25]	              [out][errorCode]=0
[2016-08-04 09:52:16.733]	[   25]	              [out][comment]=
[2016-08-04 09:52:16.733]	[   25]	SFTPOperations.OnFindFirst EXIT
[2016-08-04 09:52:16.733]	[   25]	=============================================================
[2016-08-04 09:52:16.734]	[   25]	=============================================================
[2016-08-04 09:52:16.734]	[   25]	SFTPOperations.OnFindNext ENTER 
[2016-08-04 09:52:16.734]	[   25]	              [in][sender]=SBSftpServer.TElSFTPServer
[2016-08-04 09:52:16.734]	[   25]	              [in][data]=
[2016-08-04 09:52:16.734]	[   25]	              [in][info]=SBSftpCommon.TElSftpFileInfo
[2016-08-04 09:52:16.734]	[   25]	              [in][errorCode]=0
[2016-08-04 09:52:16.734]	[   25]	              [in][comment]=
[2016-08-04 09:52:16.734]	[   25]	              [out][errorCode]=0
[2016-08-04 09:52:16.734]	[   25]	              [out][comment]=
[2016-08-04 09:52:16.734]	[   25]	SFTPOperations.OnFindNext EXIT
[2016-08-04 09:52:16.734]	[   25]	=============================================================
[2016-08-04 09:52:16.734]	[   25]	=============================================================
[2016-08-04 09:52:16.734]	[   25]	SFTPOperations.OnFindNext ENTER 
[2016-08-04 09:52:16.734]	[   25]	              [in][sender]=SBSftpServer.TElSFTPServer
[2016-08-04 09:52:16.734]	[   25]	              [in][data]=
[2016-08-04 09:52:16.734]	[   25]	              [in][info]=SBSftpCommon.TElSftpFileInfo
[2016-08-04 09:52:16.734]	[   25]	              [in][errorCode]=0
[2016-08-04 09:52:16.734]	[   25]	              [in][comment]=
[2016-08-04 09:52:16.734]	[   25]	              [out][errorCode]=0
[2016-08-04 09:52:16.734]	[   25]	              [out][comment]=
[2016-08-04 09:52:16.734]	[   25]	SFTPOperations.OnFindNext EXIT
[2016-08-04 09:52:16.735]	[   25]	=============================================================
[2016-08-04 09:52:16.735]	[   25]	=============================================================
[2016-08-04 09:52:16.735]	[   25]	SFTPOperations.OnFindNext ENTER 
[2016-08-04 09:52:16.735]	[   25]	              [in][sender]=SBSftpServer.TElSFTPServer
[2016-08-04 09:52:16.735]	[   25]	              [in][data]=
[2016-08-04 09:52:16.735]	[   25]	              [in][info]=SBSftpCommon.TElSftpFileInfo
[2016-08-04 09:52:16.735]	[   25]	              [in][errorCode]=0
[2016-08-04 09:52:16.735]	[   25]	              [in][comment]=
[2016-08-04 09:52:16.735]	[   25]	              [out][errorCode]=0
[2016-08-04 09:52:16.735]	[   25]	              [out][comment]=
[2016-08-04 09:52:16.735]	[   25]	SFTPOperations.OnFindNext EXIT
[2016-08-04 09:52:16.735]	[   25]	=============================================================
[2016-08-04 09:52:16.736]	[   25]	=============================================================
[2016-08-04 09:52:16.736]	[   25]	SFTPOperations.OnFindFirst ENTER 
[2016-08-04 09:52:16.736]	[   25]	              [in][sender]=SBSftpServer.TElSFTPServer
[2016-08-04 09:52:16.736]	[   25]	              [in][path]=\\TestSession_2db04770-0d32-4396-b4a3-03ac522a6976/3103ecf8-0d25-440f-9c22-3d276c349812/
[2016-08-04 09:52:16.736]	[   25]	              [in][data]=
[2016-08-04 09:52:16.736]	[   25]	              [in][info]=SBSftpCommon.TElSftpFileInfo
[2016-08-04 09:52:16.736]	[   25]	              [in][errorCode]=1
[2016-08-04 09:52:16.736]	[   25]	              [in][comment]=
[2016-08-04 09:52:16.736]	[   25]	              [out][data]=
[2016-08-04 09:52:16.736]	[   25]	              [out][errorCode]=1
[2016-08-04 09:52:16.736]	[   25]	              [out][comment]=
[2016-08-04 09:52:16.736]	[   25]	SFTPOperations.OnFindFirst EXIT
[2016-08-04 09:52:16.736]	[   25]	=============================================================
[2016-08-04 09:52:16.736]	[   25]	=============================================================
[2016-08-04 09:52:16.737]	[   25]	SFTPOperations.OnFindNext ENTER 
[2016-08-04 09:52:16.737]	[   25]	              [in][sender]=SBSftpServer.TElSFTPServer
[2016-08-04 09:52:16.737]	[   25]	              [in][data]=
[2016-08-04 09:52:16.737]	[   25]	              [in][info]=SBSftpCommon.TElSftpFileInfo
[2016-08-04 09:52:16.737]	[   25]	              [in][errorCode]=0
[2016-08-04 09:52:16.737]	[   25]	              [in][comment]=
[2016-08-04 09:52:16.737]	[   25]	              [out][errorCode]=0
[2016-08-04 09:52:16.737]	[   25]	              [out][comment]=
[2016-08-04 09:52:16.737]	[   25]	SFTPOperations.OnFindNext EXIT
[2016-08-04 09:52:16.737]	[   25]	=============================================================
[2016-08-04 09:52:16.737]	[   25]	=============================================================
[2016-08-04 09:52:16.737]	[   25]	SFTPOperations.OnFindNext ENTER 
[2016-08-04 09:52:16.737]	[   25]	              [in][sender]=SBSftpServer.TElSFTPServer
[2016-08-04 09:52:16.737]	[   25]	              [in][data]=
[2016-08-04 09:52:16.737]	[   25]	              [in][info]=SBSftpCommon.TElSftpFileInfo
[2016-08-04 09:52:16.737]	[   25]	              [in][errorCode]=0
[2016-08-04 09:52:16.737]	[   25]	              [in][comment]=
[2016-08-04 09:52:16.737]	[   25]	              [out][errorCode]=0
[2016-08-04 09:52:16.737]	[   25]	              [out][comment]=
[2016-08-04 09:52:16.737]	[   25]	SFTPOperations.OnFindNext EXIT
[2016-08-04 09:52:16.737]	[   25]	=============================================================
[2016-08-04 09:52:16.737]	[   25]	=============================================================
[2016-08-04 09:52:16.738]	[   25]	SFTPOperations.OnFindNext ENTER 
[2016-08-04 09:52:16.738]	[   25]	              [in][sender]=SBSftpServer.TElSFTPServer
[2016-08-04 09:52:16.738]	[   25]	              [in][data]=
[2016-08-04 09:52:16.738]	[   25]	              [in][info]=SBSftpCommon.TElSftpFileInfo
[2016-08-04 09:52:16.738]	[   25]	              [in][errorCode]=0
[2016-08-04 09:52:16.738]	[   25]	              [in][comment]=
[2016-08-04 09:52:16.738]	[   25]	              [out][errorCode]=0
[2016-08-04 09:52:16.738]	[   25]	              [out][comment]=
[2016-08-04 09:52:16.738]	[   25]	SFTPOperations.OnFindNext EXIT
[2016-08-04 09:52:16.738]	[   25]	=============================================================
[2016-08-04 09:52:16.738]	[   25]	=============================================================
[2016-08-04 09:52:16.738]	[   25]	SFTPOperations.OnFindNext ENTER 
[2016-08-04 09:52:16.738]	[   25]	              [in][sender]=SBSftpServer.TElSFTPServer
[2016-08-04 09:52:16.738]	[   25]	              [in][data]=
[2016-08-04 09:52:16.738]	[   25]	              [in][info]=SBSftpCommon.TElSftpFileInfo
[2016-08-04 09:52:16.738]	[   25]	              [in][errorCode]=0
[2016-08-04 09:52:16.738]	[   25]	              [in][comment]=
[2016-08-04 09:52:16.738]	[   25]	              [out][errorCode]=0
[2016-08-04 09:52:16.738]	[   25]	              [out][comment]=
[2016-08-04 09:52:16.738]	[   25]	SFTPOperations.OnFindNext EXIT
[2016-08-04 09:52:16.738]	[   25]	=============================================================
[2016-08-04 09:52:16.739]	[   25]	=============================================================
[2016-08-04 09:52:16.739]	[   25]	SFTPOperations.OnFindClose ENTER 
[2016-08-04 09:52:16.739]	[   25]	              [in][sender]=SBSftpServer.TElSFTPServer
[2016-08-04 09:52:16.739]	[   25]	              [in][searchRec]=
[2016-08-04 09:52:16.739]	[   25]	              [in][errorCode]=1
[2016-08-04 09:52:16.739]	[   25]	              [in][comment]=
[2016-08-04 09:52:16.739]	[   25]	              [out][errorCode]=1
[2016-08-04 09:52:16.739]	[   25]	              [out][comment]=
[2016-08-04 09:52:16.739]	[   25]	SFTPOperations.OnFindClose EXIT
[2016-08-04 09:52:16.739]	[   25]	=============================================================
[2016-08-04 09:52:16.739]	[   25]	=============================================================
[2016-08-04 09:52:16.739]	[   25]	SFTPOperations.OnFindClose ENTER 
[2016-08-04 09:52:16.740]	[   25]	              [in][sender]=SBSftpServer.TElSFTPServer
[2016-08-04 09:52:16.740]	[   25]	              [in][searchRec]=
[2016-08-04 09:52:16.740]	[   25]	              [in][errorCode]=0
[2016-08-04 09:52:16.740]	[   25]	              [in][comment]=
[2016-08-04 09:52:16.740]	[   25]	              [out][errorCode]=0
[2016-08-04 09:52:16.740]	[   25]	              [out][comment]=
[2016-08-04 09:52:16.740]	[   25]	SFTPOperations.OnFindClose EXIT
[2016-08-04 09:52:16.740]	[   25]	=============================================================
[2016-08-04 09:52:16.740]	[   25]	=============================================================
[2016-08-04 09:52:16.740]	[   25]	SFTPOperations.OnRemove ENTER 
[2016-08-04 09:52:16.740]	[   25]	              [in][sender]=SBSftpServer.TElSFTPServer
[2016-08-04 09:52:16.740]	[   25]	              [in][path]=\\TestSession_2db04770-0d32-4396-b4a3-03ac522a6976/3103ecf8-0d25-440f-9c22-3d276c349812/877c2771-f15e-455e-9fca-ee87e99495ba.dat
[2016-08-04 09:52:16.740]	[   25]	              [in][errorCode]=0
[2016-08-04 09:52:16.740]	[   25]	              [in][comment]=
[2016-08-04 09:52:16.740]	[   25]	              [out][errorCode]=0
[2016-08-04 09:52:16.740]	[   25]	              [out][comment]=
[2016-08-04 09:52:16.740]	[   25]	SFTPOperations.OnRemove EXIT
[2016-08-04 09:52:16.740]	[   25]	=============================================================
[2016-08-04 09:52:16.741]	[   25]	=============================================================
[2016-08-04 09:52:16.741]	[   25]	SFTPOperations.OnRemove ENTER 
[2016-08-04 09:52:16.741]	[   25]	              [in][sender]=SBSftpServer.TElSFTPServer
[2016-08-04 09:52:16.741]	[   25]	              [in][path]=\\TestSession_2db04770-0d32-4396-b4a3-03ac522a6976/3103ecf8-0d25-440f-9c22-3d276c349812/a561a79c-3df4-43ba-b27d-7c3db2a4a4dc.jnk
[2016-08-04 09:52:16.741]	[   25]	              [in][errorCode]=0
[2016-08-04 09:52:16.741]	[   25]	              [in][comment]=
[2016-08-04 09:52:16.741]	[   25]	              [out][errorCode]=0
[2016-08-04 09:52:16.741]	[   25]	              [out][comment]=
[2016-08-04 09:52:16.741]	[   25]	SFTPOperations.OnRemove EXIT
[2016-08-04 09:52:16.741]	[   25]	=============================================================
[2016-08-04 09:52:16.741]	[   25]	=============================================================
[2016-08-04 09:52:16.741]	[   25]	SFTPOperations.OnFindFirst ENTER 
[2016-08-04 09:52:16.741]	[   25]	              [in][sender]=SBSftpServer.TElSFTPServer
[2016-08-04 09:52:16.741]	[   25]	              [in][path]=\\TestSession_2db04770-0d32-4396-b4a3-03ac522a6976/
[2016-08-04 09:52:16.741]	[   25]	              [in][data]=
[2016-08-04 09:52:16.741]	[   25]	              [in][info]=SBSftpCommon.TElSftpFileInfo
[2016-08-04 09:52:16.741]	[   25]	              [in][errorCode]=0
[2016-08-04 09:52:16.742]	[   25]	              [in][comment]=
[2016-08-04 09:52:16.742]	[   25]	              [out][data]=
[2016-08-04 09:52:16.742]	[   25]	              [out][errorCode]=0
[2016-08-04 09:52:16.742]	[   25]	              [out][comment]=
[2016-08-04 09:52:16.742]	[   25]	SFTPOperations.OnFindFirst EXIT
[2016-08-04 09:52:16.742]	[   25]	=============================================================
[2016-08-04 09:52:16.742]	[   25]	=============================================================
[2016-08-04 09:52:16.742]	[   25]	SFTPOperations.OnFindNext ENTER 
[2016-08-04 09:52:16.742]	[   25]	              [in][sender]=SBSftpServer.TElSFTPServer
[2016-08-04 09:52:16.742]	[   25]	              [in][data]=
[2016-08-04 09:52:16.742]	[   25]	              [in][info]=SBSftpCommon.TElSftpFileInfo
[2016-08-04 09:52:16.742]	[   25]	              [in][errorCode]=0
[2016-08-04 09:52:16.742]	[   25]	              [in][comment]=
[2016-08-04 09:52:16.742]	[   25]	              [out][errorCode]=0
[2016-08-04 09:52:16.742]	[   25]	              [out][comment]=
[2016-08-04 09:52:16.742]	[   25]	SFTPOperations.OnFindNext EXIT
[2016-08-04 09:52:16.742]	[   25]	=============================================================
[2016-08-04 09:52:16.742]	[   25]	=============================================================
[2016-08-04 09:52:16.742]	[   25]	SFTPOperations.OnFindNext ENTER 
[2016-08-04 09:52:16.742]	[   25]	              [in][sender]=SBSftpServer.TElSFTPServer
[2016-08-04 09:52:16.742]	[   25]	              [in][data]=
[2016-08-04 09:52:16.743]	[   25]	              [in][info]=SBSftpCommon.TElSftpFileInfo
[2016-08-04 09:52:16.743]	[   25]	              [in][errorCode]=0
[2016-08-04 09:52:16.743]	[   25]	              [in][comment]=
[2016-08-04 09:52:16.743]	[   25]	              [out][errorCode]=0
[2016-08-04 09:52:16.743]	[   25]	              [out][comment]=
[2016-08-04 09:52:16.743]	[   25]	SFTPOperations.OnFindNext EXIT
[2016-08-04 09:52:16.743]	[   25]	=============================================================
[2016-08-04 09:52:16.743]	[   25]	=============================================================
[2016-08-04 09:52:16.743]	[   25]	SFTPOperations.OnFindNext ENTER 
[2016-08-04 09:52:16.743]	[   25]	              [in][sender]=SBSftpServer.TElSFTPServer
[2016-08-04 09:52:16.743]	[   25]	              [in][data]=
[2016-08-04 09:52:16.743]	[   25]	              [in][info]=SBSftpCommon.TElSftpFileInfo
[2016-08-04 09:52:16.743]	[   25]	              [in][errorCode]=0
[2016-08-04 09:52:16.743]	[   25]	              [in][comment]=
[2016-08-04 09:52:16.743]	[   25]	              [out][errorCode]=0
[2016-08-04 09:52:16.743]	[   25]	              [out][comment]=
[2016-08-04 09:52:16.743]	[   25]	SFTPOperations.OnFindNext EXIT
[2016-08-04 09:52:16.743]	[   25]	=============================================================
[2016-08-04 09:52:16.743]	[   25]	=============================================================
[2016-08-04 09:52:16.743]	[   25]	SFTPOperations.OnFindFirst ENTER 
[2016-08-04 09:52:16.743]	[   25]	              [in][sender]=SBSftpServer.TElSFTPServer
[2016-08-04 09:52:16.743]	[   25]	              [in][path]=\\TestSession_2db04770-0d32-4396-b4a3-03ac522a6976/3103ecf8-0d25-440f-9c22-3d276c349812/
[2016-08-04 09:52:16.744]	[   25]	              [in][data]=
[2016-08-04 09:52:16.744]	[   25]	              [in][info]=SBSftpCommon.TElSftpFileInfo
[2016-08-04 09:52:16.744]	[   25]	              [in][errorCode]=1
[2016-08-04 09:52:16.744]	[   25]	              [in][comment]=
[2016-08-04 09:52:16.744]	[   25]	              [out][data]=
[2016-08-04 09:52:16.744]	[   25]	              [out][errorCode]=1
[2016-08-04 09:52:16.744]	[   25]	              [out][comment]=
[2016-08-04 09:52:16.744]	[   25]	SFTPOperations.OnFindFirst EXIT
[2016-08-04 09:52:16.744]	[   25]	=============================================================
[2016-08-04 09:52:16.744]	[   25]	=============================================================
[2016-08-04 09:52:16.744]	[   25]	SFTPOperations.OnFindNext ENTER 
[2016-08-04 09:52:16.744]	[   25]	              [in][sender]=SBSftpServer.TElSFTPServer
[2016-08-04 09:52:16.744]	[   25]	              [in][data]=
[2016-08-04 09:52:16.744]	[   25]	              [in][info]=SBSftpCommon.TElSftpFileInfo
[2016-08-04 09:52:16.744]	[   25]	              [in][errorCode]=0
[2016-08-04 09:52:16.744]	[   25]	              [in][comment]=
[2016-08-04 09:52:16.744]	[   25]	              [out][errorCode]=0
[2016-08-04 09:52:16.744]	[   25]	              [out][comment]=
[2016-08-04 09:52:16.744]	[   25]	SFTPOperations.OnFindNext EXIT
[2016-08-04 09:52:16.744]	[   25]	=============================================================
[2016-08-04 09:52:16.744]	[   25]	=============================================================
[2016-08-04 09:52:16.744]	[   25]	SFTPOperations.OnFindNext ENTER 
[2016-08-04 09:52:16.744]	[   25]	              [in][sender]=SBSftpServer.TElSFTPServer
[2016-08-04 09:52:16.744]	[   25]	              [in][data]=
[2016-08-04 09:52:16.744]	[   25]	              [in][info]=SBSftpCommon.TElSftpFileInfo
[2016-08-04 09:52:16.745]	[   25]	              [in][errorCode]=0
[2016-08-04 09:52:16.745]	[   25]	              [in][comment]=
[2016-08-04 09:52:16.745]	[   25]	              [out][errorCode]=0
[2016-08-04 09:52:16.745]	[   25]	              [out][comment]=
[2016-08-04 09:52:16.745]	[   25]	SFTPOperations.OnFindNext EXIT
[2016-08-04 09:52:16.745]	[   25]	=============================================================
[2016-08-04 09:52:16.745]	[   25]	=============================================================
[2016-08-04 09:52:16.745]	[   25]	SFTPOperations.OnFindClose ENTER 
[2016-08-04 09:52:16.745]	[   25]	              [in][sender]=SBSftpServer.TElSFTPServer
[2016-08-04 09:52:16.745]	[   25]	              [in][searchRec]=
[2016-08-04 09:52:16.745]	[   25]	              [in][errorCode]=1
[2016-08-04 09:52:16.745]	[   25]	              [in][comment]=
[2016-08-04 09:52:16.745]	[   25]	              [out][errorCode]=1
[2016-08-04 09:52:16.745]	[   25]	              [out][comment]=
[2016-08-04 09:52:16.745]	[   25]	SFTPOperations.OnFindClose EXIT
[2016-08-04 09:52:16.745]	[   25]	=============================================================
[2016-08-04 09:52:16.746]	[   25]	=============================================================
[2016-08-04 09:52:16.746]	[   25]	SFTPOperations.OnRemove ENTER 
[2016-08-04 09:52:16.746]	[   25]	              [in][sender]=SBSftpServer.TElSFTPServer
[2016-08-04 09:52:16.746]	[   25]	              [in][path]=\\TestSession_2db04770-0d32-4396-b4a3-03ac522a6976/3103ecf8-0d25-440f-9c22-3d276c349812/
[2016-08-04 09:52:16.746]	[   25]	              [in][errorCode]=0
[2016-08-04 09:52:16.746]	[   25]	              [in][comment]=
[2016-08-04 09:52:16.746]	[   25]	              [out][errorCode]=0
[2016-08-04 09:52:16.746]	[   25]	              [out][comment]=
[2016-08-04 09:52:16.746]	[   25]	SFTPOperations.OnRemove EXIT
[2016-08-04 09:52:16.746]	[   25]	=============================================================
[2016-08-04 09:52:16.746]	[   25]	=============================================================
[2016-08-04 09:52:16.746]	[   25]	SFTPOperations.OnFindClose ENTER 
[2016-08-04 09:52:16.746]	[   25]	              [in][sender]=SBSftpServer.TElSFTPServer
[2016-08-04 09:52:16.746]	[   25]	              [in][searchRec]=
[2016-08-04 09:52:16.746]	[   25]	              [in][errorCode]=0
[2016-08-04 09:52:16.746]	[   25]	              [in][comment]=
[2016-08-04 09:52:16.746]	[   25]	              [out][errorCode]=0
[2016-08-04 09:52:16.746]	[   25]	              [out][comment]=
[2016-08-04 09:52:16.746]	[   25]	SFTPOperations.OnFindClose EXIT
[2016-08-04 09:52:16.746]	[   25]	=============================================================
[2016-08-04 09:52:16.747]	[   25]	=============================================================
[2016-08-04 09:52:16.747]	[   25]	SFTPOperations.OnRemove ENTER 
[2016-08-04 09:52:16.747]	[   25]	              [in][sender]=SBSftpServer.TElSFTPServer
[2016-08-04 09:52:16.747]	[   25]	              [in][path]=\\TestSession_2db04770-0d32-4396-b4a3-03ac522a6976/
[2016-08-04 09:52:16.747]	[   25]	              [in][errorCode]=0
[2016-08-04 09:52:16.747]	[   25]	              [in][comment]=
[2016-08-04 09:52:16.747]	[   25]	              [out][errorCode]=0
[2016-08-04 09:52:16.747]	[   25]	              [out][comment]=
[2016-08-04 09:52:16.747]	[   25]	SFTPOperations.OnRemove EXIT
[2016-08-04 09:52:16.747]	[   25]	=============================================================
[2016-08-04 09:52:16.747]	[   20]	Stopping socket listener
[2016-08-04 09:52:16.747]	[   20]	Socket listener stopped
[2016-08-04 09:52:16.747]	[   33]	Socket receive operation failed: An established connection was aborted by the software in your host machine
[2016-08-04 09:52:16.747]	[   33]	Closing the socket
[2016-08-04 09:52:16.747]	[   33]	ServerListener.OnSessionClosed()</StdOut>
      </Output>
    </UnitTestResult>
    <UnitTestResult executionId="1adae354-9572-443d-90ee-f5cc223898cb" testId="4da4af11-e124-27d6-3388-5afbad389687" testName="ListDirectory_MultiFilter_ExpectedFiles" computerName="ICSWS068" duration="00:00:00.4937793" startTime="2016-08-04T09:52:16.7603772+02:00" endTime="2016-08-04T09:52:17.2565025+02:00" testType="13cdc9d9-ddb5-4fa4-a97d-d965ccfc6d4b" outcome="Passed" testListId="8c84fa94-04c1-424b-9868-57a2d4851a1d" relativeResultsDirectory="1adae354-9572-443d-90ee-f5cc223898cb">
      <Output>
        <StdOut>Debug Trace:
[2016-08-04 09:52:16.765]	[   26]	Starting SSH server listener...
[2016-08-04 09:52:16.765]	[   26]	SSH server listener started.
[2016-08-04 09:52:16.815]	[   22]	ServerListener.Listen : New connection available
[2016-08-04 09:52:16.816]	[   22]	Connection accepted. Active connections 1 from 20
[2016-08-04 09:52:16.908]	[   27]	Subsystem sftp opened
[2016-08-04 09:52:16.908]	[   27]	SFTP server started
[2016-08-04 09:52:16.909]	[   28]	=============================================================
[2016-08-04 09:52:16.909]	[   28]	SFTPOperations.OnOpen ENTER (3)
[2016-08-04 09:52:16.909]	[   28]	              [in][sender]=SBSftpServer.TElSFTPServer
[2016-08-04 09:52:16.909]	[   28]	SFTP connection established
[2016-08-04 09:52:16.909]	[   28]	SFTPOperations.OnOpen EXIT
[2016-08-04 09:52:16.909]	[   28]	=============================================================
[2016-08-04 09:52:16.909]	[   28]	=============================================================
[2016-08-04 09:52:16.909]	[   28]	SFTPOperations.OnRequestAbsolutePath ENTER 
[2016-08-04 09:52:16.909]	[   28]	              [in][sender]=SBSftpServer.TElSFTPServer
[2016-08-04 09:52:16.909]	[   28]	              [in][path]=.
[2016-08-04 09:52:16.909]	[   28]	              [in][absolutePath]=
[2016-08-04 09:52:16.909]	[   28]	              [in][control]=rcNoCheck
[2016-08-04 09:52:16.909]	[   28]	              [in][composePath]=SBStringList.TElStringList
[2016-08-04 09:52:16.909]	[   28]	              [in][errorCode]=0
[2016-08-04 09:52:16.909]	[   28]	              [in][comment]=
[2016-08-04 09:52:16.909]	[   28]	              [out][absolutePath]=
[2016-08-04 09:52:16.909]	[   28]	              [out][errorCode]=0
[2016-08-04 09:52:16.909]	[   28]	              [out][comment]=
[2016-08-04 09:52:16.909]	[   28]	SFTPOperations.OnRequestAbsolutePath EXIT
[2016-08-04 09:52:16.909]	[   28]	=============================================================
[2016-08-04 09:52:16.909]	[   28]	=============================================================
[2016-08-04 09:52:16.909]	[   28]	SFTPOperations.OnCreateDirectory ENTER 
[2016-08-04 09:52:16.909]	[   28]	              [in][sender]=SBSftpServer.TElSFTPServer
[2016-08-04 09:52:16.910]	[   28]	              [in][path]=\\TestSession_fcb51efc-61e3-49c4-a63d-b81e41b5fc85
[2016-08-04 09:52:16.910]	[   28]	              [in][attributes]=
[2016-08-04 09:52:16.910]	[   28]	              [in][errorCode]=0
[2016-08-04 09:52:16.910]	[   28]	              [in][comment]=
[2016-08-04 09:52:16.910]	[   28]	              [out][errorCode]=0
[2016-08-04 09:52:16.910]	[   28]	              [out][comment]=
[2016-08-04 09:52:16.910]	[   28]	SFTPOperations.OnCreateDirectory EXIT
[2016-08-04 09:52:16.910]	[   28]	=============================================================
[2016-08-04 09:52:16.910]	[   27]	Socket receive operation failed: An established connection was aborted by the software in your host machine
[2016-08-04 09:52:16.910]	[   27]	Closing the socket
[2016-08-04 09:52:16.911]	[   27]	ServerListener.OnSessionClosed()
[2016-08-04 09:52:16.917]	[   22]	ServerListener.Listen : New connection available
[2016-08-04 09:52:16.917]	[   22]	Connection accepted. Active connections 1 from 20
[2016-08-04 09:52:17.017]	[   18]	Subsystem sftp opened
[2016-08-04 09:52:17.017]	[   18]	SFTP server started
[2016-08-04 09:52:17.018]	[   14]	=============================================================
[2016-08-04 09:52:17.018]	[   14]	SFTPOperations.OnOpen ENTER (1)
[2016-08-04 09:52:17.018]	[   14]	              [in][sender]=SBSftpServer.TElSFTPServer
[2016-08-04 09:52:17.018]	[   14]	SFTP connection established
[2016-08-04 09:52:17.018]	[   14]	SFTPOperations.OnOpen EXIT
[2016-08-04 09:52:17.018]	[   14]	=============================================================
[2016-08-04 09:52:17.018]	[   14]	=============================================================
[2016-08-04 09:52:17.018]	[   14]	SFTPOperations.OnRequestAbsolutePath ENTER 
[2016-08-04 09:52:17.018]	[   14]	              [in][sender]=SBSftpServer.TElSFTPServer
[2016-08-04 09:52:17.018]	[   14]	              [in][path]=.
[2016-08-04 09:52:17.018]	[   14]	              [in][absolutePath]=
[2016-08-04 09:52:17.018]	[   14]	              [in][control]=rcNoCheck
[2016-08-04 09:52:17.018]	[   14]	              [in][composePath]=SBStringList.TElStringList
[2016-08-04 09:52:17.018]	[   14]	              [in][errorCode]=0
[2016-08-04 09:52:17.018]	[   14]	              [in][comment]=
[2016-08-04 09:52:17.018]	[   14]	              [out][absolutePath]=
[2016-08-04 09:52:17.018]	[   14]	              [out][errorCode]=0
[2016-08-04 09:52:17.018]	[   14]	              [out][comment]=
[2016-08-04 09:52:17.018]	[   14]	SFTPOperations.OnRequestAbsolutePath EXIT
[2016-08-04 09:52:17.018]	[   14]	=============================================================
[2016-08-04 09:52:17.019]	[   14]	=============================================================
[2016-08-04 09:52:17.019]	[   14]	SFTPOperations.OnCreateDirectory ENTER 
[2016-08-04 09:52:17.019]	[   14]	              [in][sender]=SBSftpServer.TElSFTPServer
[2016-08-04 09:52:17.019]	[   14]	              [in][path]=\\TestSession_fcb51efc-61e3-49c4-a63d-b81e41b5fc85\98b97998-fbb6-4c49-88e6-742dded77867
[2016-08-04 09:52:17.019]	[   14]	              [in][attributes]=
[2016-08-04 09:52:17.019]	[   14]	              [in][errorCode]=0
[2016-08-04 09:52:17.019]	[   14]	              [in][comment]=
[2016-08-04 09:52:17.019]	[   14]	              [out][errorCode]=0
[2016-08-04 09:52:17.019]	[   14]	              [out][comment]=
[2016-08-04 09:52:17.019]	[   14]	SFTPOperations.OnCreateDirectory EXIT
[2016-08-04 09:52:17.019]	[   14]	=============================================================
[2016-08-04 09:52:17.020]	[   14]	=============================================================
[2016-08-04 09:52:17.020]	[   14]	SFTPOperations.OnRequestAttributes ENTER 
[2016-08-04 09:52:17.020]	[   14]	              [in][sender]=SBSftpServer.TElSFTPServer
[2016-08-04 09:52:17.020]	[   14]	              [in][path]=\\TestSession_fcb51efc-61e3-49c4-a63d-b81e41b5fc85\98b97998-fbb6-4c49-88e6-742dded77867
[2016-08-04 09:52:17.020]	[   14]	              [in][followSymLinks]=True
[2016-08-04 09:52:17.020]	[   14]	              [in][attributes]=SBSftpCommon.TElSftpFileAttributes
[2016-08-04 09:52:17.020]	[   14]	              [in][errorCode]=0
[2016-08-04 09:52:17.020]	[   14]	              [in][comment]=
[2016-08-04 09:52:17.020]	[   14]	              [out][errorCode]=0
[2016-08-04 09:52:17.020]	[   14]	              [out][comment]=
[2016-08-04 09:52:17.020]	[   14]	SFTPOperations.OnRequestAttributes EXIT
[2016-08-04 09:52:17.021]	[   14]	=============================================================
[2016-08-04 09:52:17.021]	[   14]	=============================================================
[2016-08-04 09:52:17.021]	[   14]	SFTPOperations.OnOpenFile ENTER (1)
[2016-08-04 09:52:17.021]	[   14]	              [in][sender]=SBSftpServer.TElSFTPServer
[2016-08-04 09:52:17.021]	[   14]	              [in][path]=\\TestSession_fcb51efc-61e3-49c4-a63d-b81e41b5fc85\98b97998-fbb6-4c49-88e6-742dded77867\f507b142-1890-4fe2-80cb-3eee30132fd1.jnk
[2016-08-04 09:52:17.021]	[   14]	              [in][modes]=26
[2016-08-04 09:52:17.021]	[   14]	              [in][Access]=0
[2016-08-04 09:52:17.021]	[   14]	              [in][desiredAccess]=2
[2016-08-04 09:52:17.021]	[   14]	              [in][attributes]=SBSftpCommon.TElSftpFileAttributes
[2016-08-04 09:52:17.021]	[   14]	              [in][data]=
[2016-08-04 09:52:17.021]	[   14]	              [in][errorCode]=0
[2016-08-04 09:52:17.021]	[   14]	              [in][comment]=
[2016-08-04 09:52:17.021]	[   14]	              [out][data]=
[2016-08-04 09:52:17.021]	[   14]	              [out][errorCode]=0
[2016-08-04 09:52:17.021]	[   14]	              [out][comment]=
[2016-08-04 09:52:17.021]	[   14]	SFTPOperations.OnOpenFile EXIT
[2016-08-04 09:52:17.021]	[   14]	=============================================================
[2016-08-04 09:52:17.022]	[   14]	=============================================================
[2016-08-04 09:52:17.022]	[   14]	SFTPOperations.OnWriteFile ENTER (1)
[2016-08-04 09:52:17.022]	[   14]	              [in][sender]=SBSftpServer.TElSFTPServer
[2016-08-04 09:52:17.022]	[   14]	              [in][data]=System.IO.FileStream
[2016-08-04 09:52:17.022]	[   14]	              [in][offset]=0
[2016-08-04 09:52:17.022]	[   14]	              [in][buffer]=System.Byte[]
[2016-08-04 09:52:17.022]	[   14]	              [in][bufferOffset]=25
[2016-08-04 09:52:17.022]	[   14]	              [in][count]=100
[2016-08-04 09:52:17.022]	[   14]	              [in][errorCode]=0
[2016-08-04 09:52:17.022]	[   14]	              [in][comment]=
[2016-08-04 09:52:17.022]	[   14]	              [out][errorCode]=0
[2016-08-04 09:52:17.022]	[   14]	              [out][comment]=
[2016-08-04 09:52:17.022]	[   14]	SFTPOperations.OnWriteFile EXIT
[2016-08-04 09:52:17.022]	[   14]	=============================================================
[2016-08-04 09:52:17.022]	[   14]	=============================================================
[2016-08-04 09:52:17.022]	[   14]	SFTPOperations.OnCloseHandle ENTER (1)
[2016-08-04 09:52:17.022]	[   14]	              [in][sender]=SBSftpServer.TElSFTPServer
[2016-08-04 09:52:17.022]	[   14]	              [in][data]=System.IO.FileStream
[2016-08-04 09:52:17.022]	[   14]	              [in][errorCode]=0
[2016-08-04 09:52:17.022]	[   14]	              [in][comment]=
[2016-08-04 09:52:17.025]	[   14]	              [out][errorCode]=0
[2016-08-04 09:52:17.025]	[   14]	              [out][comment]=
[2016-08-04 09:52:17.025]	[   14]	SFTPOperations.OnCloseHandle EXIT
[2016-08-04 09:52:17.025]	[   14]	=============================================================
[2016-08-04 09:52:17.026]	[   14]	=============================================================
[2016-08-04 09:52:17.026]	[   14]	SFTPOperations.OnRequestAttributes ENTER 
[2016-08-04 09:52:17.026]	[   14]	              [in][sender]=SBSftpServer.TElSFTPServer
[2016-08-04 09:52:17.026]	[   14]	              [in][path]=\\TestSession_fcb51efc-61e3-49c4-a63d-b81e41b5fc85\98b97998-fbb6-4c49-88e6-742dded77867
[2016-08-04 09:52:17.026]	[   14]	              [in][followSymLinks]=True
[2016-08-04 09:52:17.026]	[   14]	              [in][attributes]=SBSftpCommon.TElSftpFileAttributes
[2016-08-04 09:52:17.026]	[   14]	              [in][errorCode]=0
[2016-08-04 09:52:17.026]	[   14]	              [in][comment]=
[2016-08-04 09:52:17.026]	[   14]	              [out][errorCode]=0
[2016-08-04 09:52:17.026]	[   14]	              [out][comment]=
[2016-08-04 09:52:17.026]	[   14]	SFTPOperations.OnRequestAttributes EXIT
[2016-08-04 09:52:17.026]	[   14]	=============================================================
[2016-08-04 09:52:17.026]	[   14]	=============================================================
[2016-08-04 09:52:17.026]	[   14]	SFTPOperations.OnOpenFile ENTER (2)
[2016-08-04 09:52:17.026]	[   14]	              [in][sender]=SBSftpServer.TElSFTPServer
[2016-08-04 09:52:17.026]	[   14]	              [in][path]=\\TestSession_fcb51efc-61e3-49c4-a63d-b81e41b5fc85\98b97998-fbb6-4c49-88e6-742dded77867\60331b4d-8559-4514-8a85-fe1ed996eb24.dat
[2016-08-04 09:52:17.026]	[   14]	              [in][modes]=26
[2016-08-04 09:52:17.026]	[   14]	              [in][Access]=0
[2016-08-04 09:52:17.026]	[   14]	              [in][desiredAccess]=2
[2016-08-04 09:52:17.026]	[   14]	              [in][attributes]=SBSftpCommon.TElSftpFileAttributes
[2016-08-04 09:52:17.026]	[   14]	              [in][data]=
[2016-08-04 09:52:17.026]	[   14]	              [in][errorCode]=0
[2016-08-04 09:52:17.026]	[   14]	              [in][comment]=
[2016-08-04 09:52:17.027]	[   14]	              [out][data]=
[2016-08-04 09:52:17.027]	[   14]	              [out][errorCode]=0
[2016-08-04 09:52:17.027]	[   14]	              [out][comment]=
[2016-08-04 09:52:17.027]	[   14]	SFTPOperations.OnOpenFile EXIT
[2016-08-04 09:52:17.027]	[   14]	=============================================================
[2016-08-04 09:52:17.027]	[   14]	=============================================================
[2016-08-04 09:52:17.027]	[   14]	SFTPOperations.OnWriteFile ENTER (2)
[2016-08-04 09:52:17.027]	[   14]	              [in][sender]=SBSftpServer.TElSFTPServer
[2016-08-04 09:52:17.027]	[   14]	              [in][data]=System.IO.FileStream
[2016-08-04 09:52:17.027]	[   14]	              [in][offset]=0
[2016-08-04 09:52:17.027]	[   14]	              [in][buffer]=System.Byte[]
[2016-08-04 09:52:17.027]	[   14]	              [in][bufferOffset]=25
[2016-08-04 09:52:17.027]	[   14]	              [in][count]=100
[2016-08-04 09:52:17.027]	[   14]	              [in][errorCode]=0
[2016-08-04 09:52:17.027]	[   14]	              [in][comment]=
[2016-08-04 09:52:17.027]	[   14]	              [out][errorCode]=0
[2016-08-04 09:52:17.027]	[   14]	              [out][comment]=
[2016-08-04 09:52:17.027]	[   14]	SFTPOperations.OnWriteFile EXIT
[2016-08-04 09:52:17.027]	[   14]	=============================================================
[2016-08-04 09:52:17.028]	[   14]	=============================================================
[2016-08-04 09:52:17.028]	[   14]	SFTPOperations.OnCloseHandle ENTER (2)
[2016-08-04 09:52:17.028]	[   14]	              [in][sender]=SBSftpServer.TElSFTPServer
[2016-08-04 09:52:17.028]	[   14]	              [in][data]=System.IO.FileStream
[2016-08-04 09:52:17.028]	[   14]	              [in][errorCode]=0
[2016-08-04 09:52:17.028]	[   14]	              [in][comment]=
[2016-08-04 09:52:17.035]	[   14]	              [out][errorCode]=0
[2016-08-04 09:52:17.035]	[   14]	              [out][comment]=
[2016-08-04 09:52:17.035]	[   14]	SFTPOperations.OnCloseHandle EXIT
[2016-08-04 09:52:17.035]	[   14]	=============================================================
[2016-08-04 09:52:17.036]	[   14]	=============================================================
[2016-08-04 09:52:17.036]	[   14]	SFTPOperations.OnFindFirst ENTER 
[2016-08-04 09:52:17.036]	[   14]	              [in][sender]=SBSftpServer.TElSFTPServer
[2016-08-04 09:52:17.036]	[   14]	              [in][path]=\\TestSession_fcb51efc-61e3-49c4-a63d-b81e41b5fc85\98b97998-fbb6-4c49-88e6-742dded77867
[2016-08-04 09:52:17.036]	[   14]	              [in][data]=
[2016-08-04 09:52:17.036]	[   14]	              [in][info]=SBSftpCommon.TElSftpFileInfo
[2016-08-04 09:52:17.036]	[   14]	              [in][errorCode]=0
[2016-08-04 09:52:17.036]	[   14]	              [in][comment]=
[2016-08-04 09:52:17.037]	[   14]	              [out][data]=
[2016-08-04 09:52:17.037]	[   14]	              [out][errorCode]=0
[2016-08-04 09:52:17.037]	[   14]	              [out][comment]=
[2016-08-04 09:52:17.037]	[   14]	SFTPOperations.OnFindFirst EXIT
[2016-08-04 09:52:17.037]	[   14]	=============================================================
[2016-08-04 09:52:17.037]	[   14]	=============================================================
[2016-08-04 09:52:17.037]	[   14]	SFTPOperations.OnFindNext ENTER 
[2016-08-04 09:52:17.037]	[   14]	              [in][sender]=SBSftpServer.TElSFTPServer
[2016-08-04 09:52:17.037]	[   14]	              [in][data]=
[2016-08-04 09:52:17.037]	[   14]	              [in][info]=SBSftpCommon.TElSftpFileInfo
[2016-08-04 09:52:17.037]	[   14]	              [in][errorCode]=0
[2016-08-04 09:52:17.037]	[   14]	              [in][comment]=
[2016-08-04 09:52:17.037]	[   14]	              [out][errorCode]=0
[2016-08-04 09:52:17.037]	[   14]	              [out][comment]=
[2016-08-04 09:52:17.037]	[   14]	SFTPOperations.OnFindNext EXIT
[2016-08-04 09:52:17.037]	[   14]	=============================================================
[2016-08-04 09:52:17.037]	[   14]	=============================================================
[2016-08-04 09:52:17.037]	[   14]	SFTPOperations.OnFindNext ENTER 
[2016-08-04 09:52:17.037]	[   14]	              [in][sender]=SBSftpServer.TElSFTPServer
[2016-08-04 09:52:17.038]	[   14]	              [in][data]=
[2016-08-04 09:52:17.038]	[   14]	              [in][info]=SBSftpCommon.TElSftpFileInfo
[2016-08-04 09:52:17.038]	[   14]	              [in][errorCode]=0
[2016-08-04 09:52:17.038]	[   14]	              [in][comment]=
[2016-08-04 09:52:17.038]	[   14]	              [out][errorCode]=0
[2016-08-04 09:52:17.038]	[   14]	              [out][comment]=
[2016-08-04 09:52:17.038]	[   14]	SFTPOperations.OnFindNext EXIT
[2016-08-04 09:52:17.038]	[   14]	=============================================================
[2016-08-04 09:52:17.038]	[   14]	=============================================================
[2016-08-04 09:52:17.038]	[   14]	SFTPOperations.OnFindNext ENTER 
[2016-08-04 09:52:17.038]	[   14]	              [in][sender]=SBSftpServer.TElSFTPServer
[2016-08-04 09:52:17.038]	[   14]	              [in][data]=
[2016-08-04 09:52:17.038]	[   14]	              [in][info]=SBSftpCommon.TElSftpFileInfo
[2016-08-04 09:52:17.038]	[   14]	              [in][errorCode]=0
[2016-08-04 09:52:17.038]	[   14]	              [in][comment]=
[2016-08-04 09:52:17.038]	[   14]	              [out][errorCode]=0
[2016-08-04 09:52:17.038]	[   14]	              [out][comment]=
[2016-08-04 09:52:17.038]	[   14]	SFTPOperations.OnFindNext EXIT
[2016-08-04 09:52:17.038]	[   14]	=============================================================
[2016-08-04 09:52:17.038]	[   14]	=============================================================
[2016-08-04 09:52:17.038]	[   14]	SFTPOperations.OnFindNext ENTER 
[2016-08-04 09:52:17.038]	[   14]	              [in][sender]=SBSftpServer.TElSFTPServer
[2016-08-04 09:52:17.038]	[   14]	              [in][data]=
[2016-08-04 09:52:17.038]	[   14]	              [in][info]=SBSftpCommon.TElSftpFileInfo
[2016-08-04 09:52:17.038]	[   14]	              [in][errorCode]=0
[2016-08-04 09:52:17.038]	[   14]	              [in][comment]=
[2016-08-04 09:52:17.038]	[   14]	              [out][errorCode]=0
[2016-08-04 09:52:17.038]	[   14]	              [out][comment]=
[2016-08-04 09:52:17.038]	[   14]	SFTPOperations.OnFindNext EXIT
[2016-08-04 09:52:17.038]	[   14]	=============================================================
[2016-08-04 09:52:17.039]	[   14]	=============================================================
[2016-08-04 09:52:17.039]	[   14]	SFTPOperations.OnFindClose ENTER 
[2016-08-04 09:52:17.039]	[   14]	              [in][sender]=SBSftpServer.TElSFTPServer
[2016-08-04 09:52:17.039]	[   14]	              [in][searchRec]=
[2016-08-04 09:52:17.039]	[   14]	              [in][errorCode]=1
[2016-08-04 09:52:17.039]	[   14]	              [in][comment]=
[2016-08-04 09:52:17.039]	[   14]	              [out][errorCode]=1
[2016-08-04 09:52:17.039]	[   14]	              [out][comment]=
[2016-08-04 09:52:17.039]	[   14]	SFTPOperations.OnFindClose EXIT
[2016-08-04 09:52:17.039]	[   14]	=============================================================
[2016-08-04 09:52:17.039]	[   18]	Socket receive operation failed: An established connection was aborted by the software in your host machine
[2016-08-04 09:52:17.087]	[   18]	Closing the socket
[2016-08-04 09:52:17.087]	[   18]	ServerListener.OnSessionClosed()
[2016-08-04 09:52:17.138]	[   22]	ServerListener.Listen : New connection available
[2016-08-04 09:52:17.138]	[   22]	Connection accepted. Active connections 1 from 20
[2016-08-04 09:52:17.232]	[   28]	Subsystem sftp opened
[2016-08-04 09:52:17.232]	[   28]	SFTP server started
[2016-08-04 09:52:17.233]	[   27]	=============================================================
[2016-08-04 09:52:17.233]	[   27]	SFTPOperations.OnOpen ENTER (2)
[2016-08-04 09:52:17.233]	[   27]	              [in][sender]=SBSftpServer.TElSFTPServer
[2016-08-04 09:52:17.233]	[   27]	SFTP connection established
[2016-08-04 09:52:17.233]	[   27]	SFTPOperations.OnOpen EXIT
[2016-08-04 09:52:17.233]	[   27]	=============================================================
[2016-08-04 09:52:17.233]	[   27]	=============================================================
[2016-08-04 09:52:17.233]	[   27]	SFTPOperations.OnRequestAbsolutePath ENTER 
[2016-08-04 09:52:17.233]	[   27]	              [in][sender]=SBSftpServer.TElSFTPServer
[2016-08-04 09:52:17.233]	[   27]	              [in][path]=.
[2016-08-04 09:52:17.233]	[   27]	              [in][absolutePath]=
[2016-08-04 09:52:17.233]	[   27]	              [in][control]=rcNoCheck
[2016-08-04 09:52:17.233]	[   27]	              [in][composePath]=SBStringList.TElStringList
[2016-08-04 09:52:17.233]	[   27]	              [in][errorCode]=0
[2016-08-04 09:52:17.233]	[   27]	              [in][comment]=
[2016-08-04 09:52:17.233]	[   27]	              [out][absolutePath]=
[2016-08-04 09:52:17.233]	[   27]	              [out][errorCode]=0
[2016-08-04 09:52:17.233]	[   27]	              [out][comment]=
[2016-08-04 09:52:17.233]	[   27]	SFTPOperations.OnRequestAbsolutePath EXIT
[2016-08-04 09:52:17.233]	[   27]	=============================================================
[2016-08-04 09:52:17.233]	[   27]	=============================================================
[2016-08-04 09:52:17.233]	[   27]	SFTPOperations.OnFindFirst ENTER 
[2016-08-04 09:52:17.233]	[   27]	              [in][sender]=SBSftpServer.TElSFTPServer
[2016-08-04 09:52:17.233]	[   27]	              [in][path]=\\TestSession_fcb51efc-61e3-49c4-a63d-b81e41b5fc85/
[2016-08-04 09:52:17.233]	[   27]	              [in][data]=
[2016-08-04 09:52:17.233]	[   27]	              [in][info]=SBSftpCommon.TElSftpFileInfo
[2016-08-04 09:52:17.233]	[   27]	              [in][errorCode]=0
[2016-08-04 09:52:17.234]	[   27]	              [in][comment]=
[2016-08-04 09:52:17.234]	[   27]	              [out][data]=
[2016-08-04 09:52:17.234]	[   27]	              [out][errorCode]=0
[2016-08-04 09:52:17.234]	[   27]	              [out][comment]=
[2016-08-04 09:52:17.234]	[   27]	SFTPOperations.OnFindFirst EXIT
[2016-08-04 09:52:17.234]	[   27]	=============================================================
[2016-08-04 09:52:17.234]	[   27]	=============================================================
[2016-08-04 09:52:17.234]	[   27]	SFTPOperations.OnFindNext ENTER 
[2016-08-04 09:52:17.234]	[   27]	              [in][sender]=SBSftpServer.TElSFTPServer
[2016-08-04 09:52:17.234]	[   27]	              [in][data]=
[2016-08-04 09:52:17.234]	[   27]	              [in][info]=SBSftpCommon.TElSftpFileInfo
[2016-08-04 09:52:17.234]	[   27]	              [in][errorCode]=0
[2016-08-04 09:52:17.234]	[   27]	              [in][comment]=
[2016-08-04 09:52:17.234]	[   27]	              [out][errorCode]=0
[2016-08-04 09:52:17.234]	[   27]	              [out][comment]=
[2016-08-04 09:52:17.234]	[   27]	SFTPOperations.OnFindNext EXIT
[2016-08-04 09:52:17.234]	[   27]	=============================================================
[2016-08-04 09:52:17.234]	[   27]	=============================================================
[2016-08-04 09:52:17.234]	[   27]	SFTPOperations.OnFindNext ENTER 
[2016-08-04 09:52:17.234]	[   27]	              [in][sender]=SBSftpServer.TElSFTPServer
[2016-08-04 09:52:17.234]	[   27]	              [in][data]=
[2016-08-04 09:52:17.234]	[   27]	              [in][info]=SBSftpCommon.TElSftpFileInfo
[2016-08-04 09:52:17.234]	[   27]	              [in][errorCode]=0
[2016-08-04 09:52:17.234]	[   27]	              [in][comment]=
[2016-08-04 09:52:17.235]	[   27]	              [out][errorCode]=0
[2016-08-04 09:52:17.235]	[   27]	              [out][comment]=
[2016-08-04 09:52:17.235]	[   27]	SFTPOperations.OnFindNext EXIT
[2016-08-04 09:52:17.235]	[   27]	=============================================================
[2016-08-04 09:52:17.235]	[   27]	=============================================================
[2016-08-04 09:52:17.235]	[   27]	SFTPOperations.OnFindNext ENTER 
[2016-08-04 09:52:17.235]	[   27]	              [in][sender]=SBSftpServer.TElSFTPServer
[2016-08-04 09:52:17.235]	[   27]	              [in][data]=
[2016-08-04 09:52:17.235]	[   27]	              [in][info]=SBSftpCommon.TElSftpFileInfo
[2016-08-04 09:52:17.235]	[   27]	              [in][errorCode]=0
[2016-08-04 09:52:17.235]	[   27]	              [in][comment]=
[2016-08-04 09:52:17.235]	[   27]	              [out][errorCode]=0
[2016-08-04 09:52:17.235]	[   27]	              [out][comment]=
[2016-08-04 09:52:17.235]	[   27]	SFTPOperations.OnFindNext EXIT
[2016-08-04 09:52:17.235]	[   27]	=============================================================
[2016-08-04 09:52:17.236]	[   27]	=============================================================
[2016-08-04 09:52:17.236]	[   27]	SFTPOperations.OnFindFirst ENTER 
[2016-08-04 09:52:17.236]	[   27]	              [in][sender]=SBSftpServer.TElSFTPServer
[2016-08-04 09:52:17.236]	[   27]	              [in][path]=\\TestSession_fcb51efc-61e3-49c4-a63d-b81e41b5fc85/98b97998-fbb6-4c49-88e6-742dded77867/
[2016-08-04 09:52:17.236]	[   27]	              [in][data]=
[2016-08-04 09:52:17.236]	[   27]	              [in][info]=SBSftpCommon.TElSftpFileInfo
[2016-08-04 09:52:17.236]	[   27]	              [in][errorCode]=1
[2016-08-04 09:52:17.236]	[   27]	              [in][comment]=
[2016-08-04 09:52:17.236]	[   27]	              [out][data]=
[2016-08-04 09:52:17.236]	[   27]	              [out][errorCode]=1
[2016-08-04 09:52:17.236]	[   27]	              [out][comment]=
[2016-08-04 09:52:17.236]	[   27]	SFTPOperations.OnFindFirst EXIT
[2016-08-04 09:52:17.236]	[   27]	=============================================================
[2016-08-04 09:52:17.236]	[   27]	=============================================================
[2016-08-04 09:52:17.236]	[   27]	SFTPOperations.OnFindNext ENTER 
[2016-08-04 09:52:17.236]	[   27]	              [in][sender]=SBSftpServer.TElSFTPServer
[2016-08-04 09:52:17.237]	[   27]	              [in][data]=
[2016-08-04 09:52:17.237]	[   27]	              [in][info]=SBSftpCommon.TElSftpFileInfo
[2016-08-04 09:52:17.237]	[   27]	              [in][errorCode]=0
[2016-08-04 09:52:17.237]	[   27]	              [in][comment]=
[2016-08-04 09:52:17.237]	[   27]	              [out][errorCode]=0
[2016-08-04 09:52:17.237]	[   27]	              [out][comment]=
[2016-08-04 09:52:17.237]	[   27]	SFTPOperations.OnFindNext EXIT
[2016-08-04 09:52:17.237]	[   27]	=============================================================
[2016-08-04 09:52:17.237]	[   27]	=============================================================
[2016-08-04 09:52:17.237]	[   27]	SFTPOperations.OnFindNext ENTER 
[2016-08-04 09:52:17.237]	[   27]	              [in][sender]=SBSftpServer.TElSFTPServer
[2016-08-04 09:52:17.237]	[   27]	              [in][data]=
[2016-08-04 09:52:17.237]	[   27]	              [in][info]=SBSftpCommon.TElSftpFileInfo
[2016-08-04 09:52:17.237]	[   27]	              [in][errorCode]=0
[2016-08-04 09:52:17.237]	[   27]	              [in][comment]=
[2016-08-04 09:52:17.237]	[   27]	              [out][errorCode]=0
[2016-08-04 09:52:17.237]	[   27]	              [out][comment]=
[2016-08-04 09:52:17.237]	[   27]	SFTPOperations.OnFindNext EXIT
[2016-08-04 09:52:17.237]	[   27]	=============================================================
[2016-08-04 09:52:17.237]	[   27]	=============================================================
[2016-08-04 09:52:17.237]	[   27]	SFTPOperations.OnFindNext ENTER 
[2016-08-04 09:52:17.237]	[   27]	              [in][sender]=SBSftpServer.TElSFTPServer
[2016-08-04 09:52:17.237]	[   27]	              [in][data]=
[2016-08-04 09:52:17.237]	[   27]	              [in][info]=SBSftpCommon.TElSftpFileInfo
[2016-08-04 09:52:17.237]	[   27]	              [in][errorCode]=0
[2016-08-04 09:52:17.237]	[   27]	              [in][comment]=
[2016-08-04 09:52:17.237]	[   27]	              [out][errorCode]=0
[2016-08-04 09:52:17.237]	[   27]	              [out][comment]=
[2016-08-04 09:52:17.237]	[   27]	SFTPOperations.OnFindNext EXIT
[2016-08-04 09:52:17.237]	[   27]	=============================================================
[2016-08-04 09:52:17.237]	[   27]	=============================================================
[2016-08-04 09:52:17.237]	[   27]	SFTPOperations.OnFindNext ENTER 
[2016-08-04 09:52:17.237]	[   27]	              [in][sender]=SBSftpServer.TElSFTPServer
[2016-08-04 09:52:17.237]	[   27]	              [in][data]=
[2016-08-04 09:52:17.237]	[   27]	              [in][info]=SBSftpCommon.TElSftpFileInfo
[2016-08-04 09:52:17.237]	[   27]	              [in][errorCode]=0
[2016-08-04 09:52:17.237]	[   27]	              [in][comment]=
[2016-08-04 09:52:17.237]	[   27]	              [out][errorCode]=0
[2016-08-04 09:52:17.237]	[   27]	              [out][comment]=
[2016-08-04 09:52:17.237]	[   27]	SFTPOperations.OnFindNext EXIT
[2016-08-04 09:52:17.237]	[   27]	=============================================================
[2016-08-04 09:52:17.238]	[   27]	=============================================================
[2016-08-04 09:52:17.238]	[   27]	SFTPOperations.OnFindClose ENTER 
[2016-08-04 09:52:17.238]	[   27]	              [in][sender]=SBSftpServer.TElSFTPServer
[2016-08-04 09:52:17.238]	[   27]	              [in][searchRec]=
[2016-08-04 09:52:17.238]	[   27]	              [in][errorCode]=1
[2016-08-04 09:52:17.238]	[   27]	              [in][comment]=
[2016-08-04 09:52:17.238]	[   27]	              [out][errorCode]=1
[2016-08-04 09:52:17.238]	[   27]	              [out][comment]=
[2016-08-04 09:52:17.238]	[   27]	SFTPOperations.OnFindClose EXIT
[2016-08-04 09:52:17.238]	[   27]	=============================================================
[2016-08-04 09:52:17.238]	[   27]	=============================================================
[2016-08-04 09:52:17.238]	[   27]	SFTPOperations.OnFindClose ENTER 
[2016-08-04 09:52:17.238]	[   27]	              [in][sender]=SBSftpServer.TElSFTPServer
[2016-08-04 09:52:17.238]	[   27]	              [in][searchRec]=
[2016-08-04 09:52:17.238]	[   27]	              [in][errorCode]=0
[2016-08-04 09:52:17.238]	[   27]	              [in][comment]=
[2016-08-04 09:52:17.239]	[   27]	              [out][errorCode]=0
[2016-08-04 09:52:17.239]	[   27]	              [out][comment]=
[2016-08-04 09:52:17.239]	[   27]	SFTPOperations.OnFindClose EXIT
[2016-08-04 09:52:17.239]	[   27]	=============================================================
[2016-08-04 09:52:17.239]	[   27]	=============================================================
[2016-08-04 09:52:17.239]	[   27]	SFTPOperations.OnRemove ENTER 
[2016-08-04 09:52:17.239]	[   27]	              [in][sender]=SBSftpServer.TElSFTPServer
[2016-08-04 09:52:17.239]	[   27]	              [in][path]=\\TestSession_fcb51efc-61e3-49c4-a63d-b81e41b5fc85/98b97998-fbb6-4c49-88e6-742dded77867/60331b4d-8559-4514-8a85-fe1ed996eb24.dat
[2016-08-04 09:52:17.239]	[   27]	              [in][errorCode]=0
[2016-08-04 09:52:17.239]	[   27]	              [in][comment]=
[2016-08-04 09:52:17.239]	[   27]	              [out][errorCode]=0
[2016-08-04 09:52:17.239]	[   27]	              [out][comment]=
[2016-08-04 09:52:17.239]	[   27]	SFTPOperations.OnRemove EXIT
[2016-08-04 09:52:17.239]	[   27]	=============================================================
[2016-08-04 09:52:17.239]	[   27]	=============================================================
[2016-08-04 09:52:17.239]	[   27]	SFTPOperations.OnRemove ENTER 
[2016-08-04 09:52:17.239]	[   27]	              [in][sender]=SBSftpServer.TElSFTPServer
[2016-08-04 09:52:17.239]	[   27]	              [in][path]=\\TestSession_fcb51efc-61e3-49c4-a63d-b81e41b5fc85/98b97998-fbb6-4c49-88e6-742dded77867/f507b142-1890-4fe2-80cb-3eee30132fd1.jnk
[2016-08-04 09:52:17.239]	[   27]	              [in][errorCode]=0
[2016-08-04 09:52:17.239]	[   27]	              [in][comment]=
[2016-08-04 09:52:17.240]	[   27]	              [out][errorCode]=0
[2016-08-04 09:52:17.240]	[   27]	              [out][comment]=
[2016-08-04 09:52:17.240]	[   27]	SFTPOperations.OnRemove EXIT
[2016-08-04 09:52:17.240]	[   27]	=============================================================
[2016-08-04 09:52:17.240]	[   27]	=============================================================
[2016-08-04 09:52:17.240]	[   27]	SFTPOperations.OnFindFirst ENTER 
[2016-08-04 09:52:17.240]	[   27]	              [in][sender]=SBSftpServer.TElSFTPServer
[2016-08-04 09:52:17.240]	[   27]	              [in][path]=\\TestSession_fcb51efc-61e3-49c4-a63d-b81e41b5fc85/
[2016-08-04 09:52:17.240]	[   27]	              [in][data]=
[2016-08-04 09:52:17.240]	[   27]	              [in][info]=SBSftpCommon.TElSftpFileInfo
[2016-08-04 09:52:17.240]	[   27]	              [in][errorCode]=0
[2016-08-04 09:52:17.240]	[   27]	              [in][comment]=
[2016-08-04 09:52:17.240]	[   27]	              [out][data]=
[2016-08-04 09:52:17.240]	[   27]	              [out][errorCode]=0
[2016-08-04 09:52:17.240]	[   27]	              [out][comment]=
[2016-08-04 09:52:17.240]	[   27]	SFTPOperations.OnFindFirst EXIT
[2016-08-04 09:52:17.240]	[   27]	=============================================================
[2016-08-04 09:52:17.241]	[   27]	=============================================================
[2016-08-04 09:52:17.241]	[   27]	SFTPOperations.OnFindNext ENTER 
[2016-08-04 09:52:17.241]	[   27]	              [in][sender]=SBSftpServer.TElSFTPServer
[2016-08-04 09:52:17.241]	[   27]	              [in][data]=
[2016-08-04 09:52:17.241]	[   27]	              [in][info]=SBSftpCommon.TElSftpFileInfo
[2016-08-04 09:52:17.241]	[   27]	              [in][errorCode]=0
[2016-08-04 09:52:17.241]	[   27]	              [in][comment]=
[2016-08-04 09:52:17.241]	[   27]	              [out][errorCode]=0
[2016-08-04 09:52:17.241]	[   27]	              [out][comment]=
[2016-08-04 09:52:17.241]	[   27]	SFTPOperations.OnFindNext EXIT
[2016-08-04 09:52:17.241]	[   27]	=============================================================
[2016-08-04 09:52:17.241]	[   27]	=============================================================
[2016-08-04 09:52:17.241]	[   27]	SFTPOperations.OnFindNext ENTER 
[2016-08-04 09:52:17.241]	[   27]	              [in][sender]=SBSftpServer.TElSFTPServer
[2016-08-04 09:52:17.241]	[   27]	              [in][data]=
[2016-08-04 09:52:17.241]	[   27]	              [in][info]=SBSftpCommon.TElSftpFileInfo
[2016-08-04 09:52:17.241]	[   27]	              [in][errorCode]=0
[2016-08-04 09:52:17.241]	[   27]	              [in][comment]=
[2016-08-04 09:52:17.241]	[   27]	              [out][errorCode]=0
[2016-08-04 09:52:17.241]	[   27]	              [out][comment]=
[2016-08-04 09:52:17.241]	[   27]	SFTPOperations.OnFindNext EXIT
[2016-08-04 09:52:17.241]	[   27]	=============================================================
[2016-08-04 09:52:17.241]	[   27]	=============================================================
[2016-08-04 09:52:17.241]	[   27]	SFTPOperations.OnFindNext ENTER 
[2016-08-04 09:52:17.241]	[   27]	              [in][sender]=SBSftpServer.TElSFTPServer
[2016-08-04 09:52:17.241]	[   27]	              [in][data]=
[2016-08-04 09:52:17.241]	[   27]	              [in][info]=SBSftpCommon.TElSftpFileInfo
[2016-08-04 09:52:17.241]	[   27]	              [in][errorCode]=0
[2016-08-04 09:52:17.241]	[   27]	              [in][comment]=
[2016-08-04 09:52:17.241]	[   27]	              [out][errorCode]=0
[2016-08-04 09:52:17.241]	[   27]	              [out][comment]=
[2016-08-04 09:52:17.241]	[   27]	SFTPOperations.OnFindNext EXIT
[2016-08-04 09:52:17.241]	[   27]	=============================================================
[2016-08-04 09:52:17.242]	[   27]	=============================================================
[2016-08-04 09:52:17.242]	[   27]	SFTPOperations.OnFindFirst ENTER 
[2016-08-04 09:52:17.242]	[   27]	              [in][sender]=SBSftpServer.TElSFTPServer
[2016-08-04 09:52:17.242]	[   27]	              [in][path]=\\TestSession_fcb51efc-61e3-49c4-a63d-b81e41b5fc85/98b97998-fbb6-4c49-88e6-742dded77867/
[2016-08-04 09:52:17.242]	[   27]	              [in][data]=
[2016-08-04 09:52:17.242]	[   27]	              [in][info]=SBSftpCommon.TElSftpFileInfo
[2016-08-04 09:52:17.242]	[   27]	              [in][errorCode]=1
[2016-08-04 09:52:17.242]	[   27]	              [in][comment]=
[2016-08-04 09:52:17.242]	[   27]	              [out][data]=
[2016-08-04 09:52:17.242]	[   27]	              [out][errorCode]=1
[2016-08-04 09:52:17.242]	[   27]	              [out][comment]=
[2016-08-04 09:52:17.242]	[   27]	SFTPOperations.OnFindFirst EXIT
[2016-08-04 09:52:17.242]	[   27]	=============================================================
[2016-08-04 09:52:17.243]	[   27]	=============================================================
[2016-08-04 09:52:17.243]	[   27]	SFTPOperations.OnFindNext ENTER 
[2016-08-04 09:52:17.243]	[   27]	              [in][sender]=SBSftpServer.TElSFTPServer
[2016-08-04 09:52:17.243]	[   27]	              [in][data]=
[2016-08-04 09:52:17.243]	[   27]	              [in][info]=SBSftpCommon.TElSftpFileInfo
[2016-08-04 09:52:17.243]	[   27]	              [in][errorCode]=0
[2016-08-04 09:52:17.243]	[   27]	              [in][comment]=
[2016-08-04 09:52:17.243]	[   27]	              [out][errorCode]=0
[2016-08-04 09:52:17.243]	[   27]	              [out][comment]=
[2016-08-04 09:52:17.243]	[   27]	SFTPOperations.OnFindNext EXIT
[2016-08-04 09:52:17.243]	[   27]	=============================================================
[2016-08-04 09:52:17.243]	[   27]	=============================================================
[2016-08-04 09:52:17.243]	[   27]	SFTPOperations.OnFindNext ENTER 
[2016-08-04 09:52:17.243]	[   27]	              [in][sender]=SBSftpServer.TElSFTPServer
[2016-08-04 09:52:17.243]	[   27]	              [in][data]=
[2016-08-04 09:52:17.243]	[   27]	              [in][info]=SBSftpCommon.TElSftpFileInfo
[2016-08-04 09:52:17.243]	[   27]	              [in][errorCode]=0
[2016-08-04 09:52:17.243]	[   27]	              [in][comment]=
[2016-08-04 09:52:17.243]	[   27]	              [out][errorCode]=0
[2016-08-04 09:52:17.243]	[   27]	              [out][comment]=
[2016-08-04 09:52:17.243]	[   27]	SFTPOperations.OnFindNext EXIT
[2016-08-04 09:52:17.243]	[   27]	=============================================================
[2016-08-04 09:52:17.243]	[   27]	=============================================================
[2016-08-04 09:52:17.244]	[   27]	SFTPOperations.OnFindClose ENTER 
[2016-08-04 09:52:17.244]	[   27]	              [in][sender]=SBSftpServer.TElSFTPServer
[2016-08-04 09:52:17.244]	[   27]	              [in][searchRec]=
[2016-08-04 09:52:17.244]	[   27]	              [in][errorCode]=1
[2016-08-04 09:52:17.244]	[   27]	              [in][comment]=
[2016-08-04 09:52:17.244]	[   27]	              [out][errorCode]=1
[2016-08-04 09:52:17.244]	[   27]	              [out][comment]=
[2016-08-04 09:52:17.244]	[   27]	SFTPOperations.OnFindClose EXIT
[2016-08-04 09:52:17.244]	[   27]	=============================================================
[2016-08-04 09:52:17.244]	[   27]	=============================================================
[2016-08-04 09:52:17.244]	[   27]	SFTPOperations.OnRemove ENTER 
[2016-08-04 09:52:17.244]	[   27]	              [in][sender]=SBSftpServer.TElSFTPServer
[2016-08-04 09:52:17.244]	[   27]	              [in][path]=\\TestSession_fcb51efc-61e3-49c4-a63d-b81e41b5fc85/98b97998-fbb6-4c49-88e6-742dded77867/
[2016-08-04 09:52:17.244]	[   27]	              [in][errorCode]=0
[2016-08-04 09:52:17.244]	[   27]	              [in][comment]=
[2016-08-04 09:52:17.244]	[   27]	              [out][errorCode]=0
[2016-08-04 09:52:17.244]	[   27]	              [out][comment]=
[2016-08-04 09:52:17.244]	[   27]	SFTPOperations.OnRemove EXIT
[2016-08-04 09:52:17.244]	[   27]	=============================================================
[2016-08-04 09:52:17.244]	[   27]	=============================================================
[2016-08-04 09:52:17.245]	[   27]	SFTPOperations.OnFindClose ENTER 
[2016-08-04 09:52:17.245]	[   27]	              [in][sender]=SBSftpServer.TElSFTPServer
[2016-08-04 09:52:17.245]	[   27]	              [in][searchRec]=
[2016-08-04 09:52:17.245]	[   27]	              [in][errorCode]=0
[2016-08-04 09:52:17.245]	[   27]	              [in][comment]=
[2016-08-04 09:52:17.245]	[   27]	              [out][errorCode]=0
[2016-08-04 09:52:17.245]	[   27]	              [out][comment]=
[2016-08-04 09:52:17.245]	[   27]	SFTPOperations.OnFindClose EXIT
[2016-08-04 09:52:17.245]	[   27]	=============================================================
[2016-08-04 09:52:17.245]	[   27]	=============================================================
[2016-08-04 09:52:17.245]	[   27]	SFTPOperations.OnRemove ENTER 
[2016-08-04 09:52:17.245]	[   27]	              [in][sender]=SBSftpServer.TElSFTPServer
[2016-08-04 09:52:17.245]	[   27]	              [in][path]=\\TestSession_fcb51efc-61e3-49c4-a63d-b81e41b5fc85/
[2016-08-04 09:52:17.245]	[   27]	              [in][errorCode]=0
[2016-08-04 09:52:17.245]	[   27]	              [in][comment]=
[2016-08-04 09:52:17.245]	[   27]	              [out][errorCode]=0
[2016-08-04 09:52:17.245]	[   27]	              [out][comment]=
[2016-08-04 09:52:17.245]	[   27]	SFTPOperations.OnRemove EXIT
[2016-08-04 09:52:17.245]	[   27]	=============================================================
[2016-08-04 09:52:17.245]	[   26]	Stopping socket listener
[2016-08-04 09:52:17.246]	[   26]	Socket listener stopped
[2016-08-04 09:52:17.246]	[   28]	Socket receive operation failed: An established connection was aborted by the software in your host machine
[2016-08-04 09:52:17.246]	[   28]	Closing the socket
[2016-08-04 09:52:17.246]	[   28]	ServerListener.OnSessionClosed()</StdOut>
      </Output>
    </UnitTestResult>
    <UnitTestResult executionId="78aae954-7d98-44c9-baeb-766046d2055a" testId="0fed73d1-71aa-5739-e471-8cb3716efb3b" testName="ListDirectory_ListsDirectoriesAsWellAsFiles_ExpectedFilesAndDirectories" computerName="ICSWS068" duration="00:00:00.4264049" startTime="2016-08-04T09:52:17.2600054+02:00" endTime="2016-08-04T09:52:17.6881802+02:00" testType="13cdc9d9-ddb5-4fa4-a97d-d965ccfc6d4b" outcome="Passed" testListId="8c84fa94-04c1-424b-9868-57a2d4851a1d" relativeResultsDirectory="78aae954-7d98-44c9-baeb-766046d2055a">
      <Output>
        <StdOut>Debug Trace:
[2016-08-04 09:52:17.264]	[   21]	Starting SSH server listener...
[2016-08-04 09:52:17.264]	[   21]	SSH server listener started.
[2016-08-04 09:52:17.315]	[   25]	ServerListener.Listen : New connection available
[2016-08-04 09:52:17.315]	[   25]	Connection accepted. Active connections 1 from 20
[2016-08-04 09:52:17.403]	[   29]	Subsystem sftp opened
[2016-08-04 09:52:17.404]	[   29]	SFTP server started
[2016-08-04 09:52:17.404]	[   20]	=============================================================
[2016-08-04 09:52:17.404]	[   20]	SFTPOperations.OnOpen ENTER (3)
[2016-08-04 09:52:17.404]	[   20]	              [in][sender]=SBSftpServer.TElSFTPServer
[2016-08-04 09:52:17.404]	[   20]	SFTP connection established
[2016-08-04 09:52:17.404]	[   20]	SFTPOperations.OnOpen EXIT
[2016-08-04 09:52:17.404]	[   20]	=============================================================
[2016-08-04 09:52:17.404]	[   20]	=============================================================
[2016-08-04 09:52:17.404]	[   20]	SFTPOperations.OnRequestAbsolutePath ENTER 
[2016-08-04 09:52:17.404]	[   20]	              [in][sender]=SBSftpServer.TElSFTPServer
[2016-08-04 09:52:17.404]	[   20]	              [in][path]=.
[2016-08-04 09:52:17.404]	[   20]	              [in][absolutePath]=
[2016-08-04 09:52:17.404]	[   20]	              [in][control]=rcNoCheck
[2016-08-04 09:52:17.404]	[   20]	              [in][composePath]=SBStringList.TElStringList
[2016-08-04 09:52:17.404]	[   20]	              [in][errorCode]=0
[2016-08-04 09:52:17.404]	[   20]	              [in][comment]=
[2016-08-04 09:52:17.404]	[   20]	              [out][absolutePath]=
[2016-08-04 09:52:17.404]	[   20]	              [out][errorCode]=0
[2016-08-04 09:52:17.405]	[   20]	              [out][comment]=
[2016-08-04 09:52:17.405]	[   20]	SFTPOperations.OnRequestAbsolutePath EXIT
[2016-08-04 09:52:17.405]	[   20]	=============================================================
[2016-08-04 09:52:17.405]	[   20]	=============================================================
[2016-08-04 09:52:17.405]	[   20]	SFTPOperations.OnCreateDirectory ENTER 
[2016-08-04 09:52:17.405]	[   20]	              [in][sender]=SBSftpServer.TElSFTPServer
[2016-08-04 09:52:17.405]	[   20]	              [in][path]=\\TestSession_eec53fb2-5083-4403-ba9e-099a830449d3
[2016-08-04 09:52:17.405]	[   20]	              [in][attributes]=
[2016-08-04 09:52:17.405]	[   20]	              [in][errorCode]=0
[2016-08-04 09:52:17.405]	[   20]	              [in][comment]=
[2016-08-04 09:52:17.405]	[   20]	              [out][errorCode]=0
[2016-08-04 09:52:17.405]	[   20]	              [out][comment]=
[2016-08-04 09:52:17.405]	[   20]	SFTPOperations.OnCreateDirectory EXIT
[2016-08-04 09:52:17.405]	[   20]	=============================================================
[2016-08-04 09:52:17.406]	[   29]	Socket receive operation failed: An established connection was aborted by the software in your host machine
[2016-08-04 09:52:17.406]	[   29]	Closing the socket
[2016-08-04 09:52:17.406]	[   29]	ServerListener.OnSessionClosed()
[2016-08-04 09:52:17.416]	[   25]	ServerListener.Listen : New connection available
[2016-08-04 09:52:17.416]	[   25]	Connection accepted. Active connections 1 from 20
[2016-08-04 09:52:17.505]	[   23]	Subsystem sftp opened
[2016-08-04 09:52:17.505]	[   23]	SFTP server started
[2016-08-04 09:52:17.505]	[   34]	=============================================================
[2016-08-04 09:52:17.506]	[   34]	SFTPOperations.OnOpen ENTER (1)
[2016-08-04 09:52:17.506]	[   34]	              [in][sender]=SBSftpServer.TElSFTPServer
[2016-08-04 09:52:17.506]	[   34]	SFTP connection established
[2016-08-04 09:52:17.506]	[   34]	SFTPOperations.OnOpen EXIT
[2016-08-04 09:52:17.506]	[   34]	=============================================================
[2016-08-04 09:52:17.506]	[   34]	=============================================================
[2016-08-04 09:52:17.506]	[   34]	SFTPOperations.OnRequestAbsolutePath ENTER 
[2016-08-04 09:52:17.506]	[   34]	              [in][sender]=SBSftpServer.TElSFTPServer
[2016-08-04 09:52:17.506]	[   34]	              [in][path]=.
[2016-08-04 09:52:17.506]	[   34]	              [in][absolutePath]=
[2016-08-04 09:52:17.506]	[   34]	              [in][control]=rcNoCheck
[2016-08-04 09:52:17.506]	[   34]	              [in][composePath]=SBStringList.TElStringList
[2016-08-04 09:52:17.506]	[   34]	              [in][errorCode]=0
[2016-08-04 09:52:17.506]	[   34]	              [in][comment]=
[2016-08-04 09:52:17.506]	[   34]	              [out][absolutePath]=
[2016-08-04 09:52:17.506]	[   34]	              [out][errorCode]=0
[2016-08-04 09:52:17.506]	[   34]	              [out][comment]=
[2016-08-04 09:52:17.506]	[   34]	SFTPOperations.OnRequestAbsolutePath EXIT
[2016-08-04 09:52:17.506]	[   34]	=============================================================
[2016-08-04 09:52:17.506]	[   34]	=============================================================
[2016-08-04 09:52:17.506]	[   34]	SFTPOperations.OnCreateDirectory ENTER 
[2016-08-04 09:52:17.506]	[   34]	              [in][sender]=SBSftpServer.TElSFTPServer
[2016-08-04 09:52:17.506]	[   34]	              [in][path]=\\TestSession_eec53fb2-5083-4403-ba9e-099a830449d3\14d62919-7e41-4081-ab88-315fc51fcc39
[2016-08-04 09:52:17.506]	[   34]	              [in][attributes]=
[2016-08-04 09:52:17.506]	[   34]	              [in][errorCode]=0
[2016-08-04 09:52:17.506]	[   34]	              [in][comment]=
[2016-08-04 09:52:17.507]	[   34]	              [out][errorCode]=0
[2016-08-04 09:52:17.507]	[   34]	              [out][comment]=
[2016-08-04 09:52:17.507]	[   34]	SFTPOperations.OnCreateDirectory EXIT
[2016-08-04 09:52:17.507]	[   34]	=============================================================
[2016-08-04 09:52:17.507]	[   34]	=============================================================
[2016-08-04 09:52:17.507]	[   34]	SFTPOperations.OnCreateDirectory ENTER 
[2016-08-04 09:52:17.507]	[   34]	              [in][sender]=SBSftpServer.TElSFTPServer
[2016-08-04 09:52:17.507]	[   34]	              [in][path]=\\TestSession_eec53fb2-5083-4403-ba9e-099a830449d3\14d62919-7e41-4081-ab88-315fc51fcc39\dir
[2016-08-04 09:52:17.507]	[   34]	              [in][attributes]=
[2016-08-04 09:52:17.507]	[   34]	              [in][errorCode]=0
[2016-08-04 09:52:17.507]	[   34]	              [in][comment]=
[2016-08-04 09:52:17.507]	[   34]	              [out][errorCode]=0
[2016-08-04 09:52:17.507]	[   34]	              [out][comment]=
[2016-08-04 09:52:17.508]	[   34]	SFTPOperations.OnCreateDirectory EXIT
[2016-08-04 09:52:17.508]	[   34]	=============================================================
[2016-08-04 09:52:17.510]	[   34]	=============================================================
[2016-08-04 09:52:17.510]	[   34]	SFTPOperations.OnRequestAttributes ENTER 
[2016-08-04 09:52:17.510]	[   34]	              [in][sender]=SBSftpServer.TElSFTPServer
[2016-08-04 09:52:17.510]	[   34]	              [in][path]=\\TestSession_eec53fb2-5083-4403-ba9e-099a830449d3\14d62919-7e41-4081-ab88-315fc51fcc39
[2016-08-04 09:52:17.510]	[   34]	              [in][followSymLinks]=True
[2016-08-04 09:52:17.510]	[   34]	              [in][attributes]=SBSftpCommon.TElSftpFileAttributes
[2016-08-04 09:52:17.510]	[   34]	              [in][errorCode]=0
[2016-08-04 09:52:17.510]	[   34]	              [in][comment]=
[2016-08-04 09:52:17.510]	[   34]	              [out][errorCode]=0
[2016-08-04 09:52:17.510]	[   34]	              [out][comment]=
[2016-08-04 09:52:17.510]	[   34]	SFTPOperations.OnRequestAttributes EXIT
[2016-08-04 09:52:17.510]	[   34]	=============================================================
[2016-08-04 09:52:17.510]	[   34]	=============================================================
[2016-08-04 09:52:17.511]	[   34]	SFTPOperations.OnOpenFile ENTER (1)
[2016-08-04 09:52:17.511]	[   34]	              [in][sender]=SBSftpServer.TElSFTPServer
[2016-08-04 09:52:17.511]	[   34]	              [in][path]=\\TestSession_eec53fb2-5083-4403-ba9e-099a830449d3\14d62919-7e41-4081-ab88-315fc51fcc39\c22a3f18-46bc-4420-843a-dfe39235f621.jnk
[2016-08-04 09:52:17.511]	[   34]	              [in][modes]=26
[2016-08-04 09:52:17.511]	[   34]	              [in][Access]=0
[2016-08-04 09:52:17.511]	[   34]	              [in][desiredAccess]=2
[2016-08-04 09:52:17.511]	[   34]	              [in][attributes]=SBSftpCommon.TElSftpFileAttributes
[2016-08-04 09:52:17.511]	[   34]	              [in][data]=
[2016-08-04 09:52:17.511]	[   34]	              [in][errorCode]=0
[2016-08-04 09:52:17.511]	[   34]	              [in][comment]=
[2016-08-04 09:52:17.511]	[   34]	              [out][data]=
[2016-08-04 09:52:17.511]	[   34]	              [out][errorCode]=0
[2016-08-04 09:52:17.511]	[   34]	              [out][comment]=
[2016-08-04 09:52:17.511]	[   34]	SFTPOperations.OnOpenFile EXIT
[2016-08-04 09:52:17.511]	[   34]	=============================================================
[2016-08-04 09:52:17.511]	[   34]	=============================================================
[2016-08-04 09:52:17.511]	[   34]	SFTPOperations.OnWriteFile ENTER (1)
[2016-08-04 09:52:17.511]	[   34]	              [in][sender]=SBSftpServer.TElSFTPServer
[2016-08-04 09:52:17.511]	[   34]	              [in][data]=System.IO.FileStream
[2016-08-04 09:52:17.511]	[   34]	              [in][offset]=0
[2016-08-04 09:52:17.511]	[   34]	              [in][buffer]=System.Byte[]
[2016-08-04 09:52:17.511]	[   34]	              [in][bufferOffset]=25
[2016-08-04 09:52:17.511]	[   34]	              [in][count]=100
[2016-08-04 09:52:17.512]	[   34]	              [in][errorCode]=0
[2016-08-04 09:52:17.512]	[   34]	              [in][comment]=
[2016-08-04 09:52:17.512]	[   34]	              [out][errorCode]=0
[2016-08-04 09:52:17.512]	[   34]	              [out][comment]=
[2016-08-04 09:52:17.512]	[   34]	SFTPOperations.OnWriteFile EXIT
[2016-08-04 09:52:17.512]	[   34]	=============================================================
[2016-08-04 09:52:17.512]	[   34]	=============================================================
[2016-08-04 09:52:17.512]	[   34]	SFTPOperations.OnCloseHandle ENTER (1)
[2016-08-04 09:52:17.512]	[   34]	              [in][sender]=SBSftpServer.TElSFTPServer
[2016-08-04 09:52:17.512]	[   34]	              [in][data]=System.IO.FileStream
[2016-08-04 09:52:17.512]	[   34]	              [in][errorCode]=0
[2016-08-04 09:52:17.512]	[   34]	              [in][comment]=
[2016-08-04 09:52:17.514]	[   34]	              [out][errorCode]=0
[2016-08-04 09:52:17.514]	[   34]	              [out][comment]=
[2016-08-04 09:52:17.514]	[   34]	SFTPOperations.OnCloseHandle EXIT
[2016-08-04 09:52:17.514]	[   34]	=============================================================
[2016-08-04 09:52:17.515]	[   34]	=============================================================
[2016-08-04 09:52:17.515]	[   34]	SFTPOperations.OnRequestAttributes ENTER 
[2016-08-04 09:52:17.515]	[   34]	              [in][sender]=SBSftpServer.TElSFTPServer
[2016-08-04 09:52:17.515]	[   34]	              [in][path]=\\TestSession_eec53fb2-5083-4403-ba9e-099a830449d3\14d62919-7e41-4081-ab88-315fc51fcc39
[2016-08-04 09:52:17.515]	[   34]	              [in][followSymLinks]=True
[2016-08-04 09:52:17.515]	[   34]	              [in][attributes]=SBSftpCommon.TElSftpFileAttributes
[2016-08-04 09:52:17.515]	[   34]	              [in][errorCode]=0
[2016-08-04 09:52:17.515]	[   34]	              [in][comment]=
[2016-08-04 09:52:17.515]	[   34]	              [out][errorCode]=0
[2016-08-04 09:52:17.515]	[   34]	              [out][comment]=
[2016-08-04 09:52:17.515]	[   34]	SFTPOperations.OnRequestAttributes EXIT
[2016-08-04 09:52:17.515]	[   34]	=============================================================
[2016-08-04 09:52:17.515]	[   34]	=============================================================
[2016-08-04 09:52:17.515]	[   34]	SFTPOperations.OnOpenFile ENTER (2)
[2016-08-04 09:52:17.515]	[   34]	              [in][sender]=SBSftpServer.TElSFTPServer
[2016-08-04 09:52:17.515]	[   34]	              [in][path]=\\TestSession_eec53fb2-5083-4403-ba9e-099a830449d3\14d62919-7e41-4081-ab88-315fc51fcc39\ddafd6ee-ba6c-4282-813a-be7559983286.dat
[2016-08-04 09:52:17.515]	[   34]	              [in][modes]=26
[2016-08-04 09:52:17.515]	[   34]	              [in][Access]=0
[2016-08-04 09:52:17.515]	[   34]	              [in][desiredAccess]=2
[2016-08-04 09:52:17.515]	[   34]	              [in][attributes]=SBSftpCommon.TElSftpFileAttributes
[2016-08-04 09:52:17.515]	[   34]	              [in][data]=
[2016-08-04 09:52:17.515]	[   34]	              [in][errorCode]=0
[2016-08-04 09:52:17.515]	[   34]	              [in][comment]=
[2016-08-04 09:52:17.516]	[   34]	              [out][data]=
[2016-08-04 09:52:17.516]	[   34]	              [out][errorCode]=0
[2016-08-04 09:52:17.516]	[   34]	              [out][comment]=
[2016-08-04 09:52:17.516]	[   34]	SFTPOperations.OnOpenFile EXIT
[2016-08-04 09:52:17.516]	[   34]	=============================================================
[2016-08-04 09:52:17.516]	[   34]	=============================================================
[2016-08-04 09:52:17.516]	[   34]	SFTPOperations.OnWriteFile ENTER (2)
[2016-08-04 09:52:17.516]	[   34]	              [in][sender]=SBSftpServer.TElSFTPServer
[2016-08-04 09:52:17.516]	[   34]	              [in][data]=System.IO.FileStream
[2016-08-04 09:52:17.516]	[   34]	              [in][offset]=0
[2016-08-04 09:52:17.516]	[   34]	              [in][buffer]=System.Byte[]
[2016-08-04 09:52:17.516]	[   34]	              [in][bufferOffset]=25
[2016-08-04 09:52:17.516]	[   34]	              [in][count]=100
[2016-08-04 09:52:17.516]	[   34]	              [in][errorCode]=0
[2016-08-04 09:52:17.516]	[   34]	              [in][comment]=
[2016-08-04 09:52:17.516]	[   34]	              [out][errorCode]=0
[2016-08-04 09:52:17.516]	[   34]	              [out][comment]=
[2016-08-04 09:52:17.516]	[   34]	SFTPOperations.OnWriteFile EXIT
[2016-08-04 09:52:17.516]	[   34]	=============================================================
[2016-08-04 09:52:17.516]	[   34]	=============================================================
[2016-08-04 09:52:17.517]	[   34]	SFTPOperations.OnCloseHandle ENTER (2)
[2016-08-04 09:52:17.517]	[   34]	              [in][sender]=SBSftpServer.TElSFTPServer
[2016-08-04 09:52:17.517]	[   34]	              [in][data]=System.IO.FileStream
[2016-08-04 09:52:17.517]	[   34]	              [in][errorCode]=0
[2016-08-04 09:52:17.517]	[   34]	              [in][comment]=
[2016-08-04 09:52:17.517]	[   34]	              [out][errorCode]=0
[2016-08-04 09:52:17.517]	[   34]	              [out][comment]=
[2016-08-04 09:52:17.517]	[   34]	SFTPOperations.OnCloseHandle EXIT
[2016-08-04 09:52:17.517]	[   34]	=============================================================
[2016-08-04 09:52:17.517]	[   34]	=============================================================
[2016-08-04 09:52:17.517]	[   34]	SFTPOperations.OnFindFirst ENTER 
[2016-08-04 09:52:17.517]	[   34]	              [in][sender]=SBSftpServer.TElSFTPServer
[2016-08-04 09:52:17.518]	[   34]	              [in][path]=\\TestSession_eec53fb2-5083-4403-ba9e-099a830449d3\14d62919-7e41-4081-ab88-315fc51fcc39
[2016-08-04 09:52:17.518]	[   34]	              [in][data]=
[2016-08-04 09:52:17.518]	[   34]	              [in][info]=SBSftpCommon.TElSftpFileInfo
[2016-08-04 09:52:17.518]	[   34]	              [in][errorCode]=0
[2016-08-04 09:52:17.518]	[   34]	              [in][comment]=
[2016-08-04 09:52:17.518]	[   34]	              [out][data]=
[2016-08-04 09:52:17.518]	[   34]	              [out][errorCode]=0
[2016-08-04 09:52:17.518]	[   34]	              [out][comment]=
[2016-08-04 09:52:17.518]	[   34]	SFTPOperations.OnFindFirst EXIT
[2016-08-04 09:52:17.518]	[   34]	=============================================================
[2016-08-04 09:52:17.518]	[   34]	=============================================================
[2016-08-04 09:52:17.518]	[   34]	SFTPOperations.OnFindNext ENTER 
[2016-08-04 09:52:17.518]	[   34]	              [in][sender]=SBSftpServer.TElSFTPServer
[2016-08-04 09:52:17.518]	[   34]	              [in][data]=
[2016-08-04 09:52:17.518]	[   34]	              [in][info]=SBSftpCommon.TElSftpFileInfo
[2016-08-04 09:52:17.518]	[   34]	              [in][errorCode]=0
[2016-08-04 09:52:17.518]	[   34]	              [in][comment]=
[2016-08-04 09:52:17.518]	[   34]	              [out][errorCode]=0
[2016-08-04 09:52:17.518]	[   34]	              [out][comment]=
[2016-08-04 09:52:17.518]	[   34]	SFTPOperations.OnFindNext EXIT
[2016-08-04 09:52:17.518]	[   34]	=============================================================
[2016-08-04 09:52:17.518]	[   34]	=============================================================
[2016-08-04 09:52:17.519]	[   34]	SFTPOperations.OnFindNext ENTER 
[2016-08-04 09:52:17.519]	[   34]	              [in][sender]=SBSftpServer.TElSFTPServer
[2016-08-04 09:52:17.519]	[   34]	              [in][data]=
[2016-08-04 09:52:17.519]	[   34]	              [in][info]=SBSftpCommon.TElSftpFileInfo
[2016-08-04 09:52:17.519]	[   34]	              [in][errorCode]=0
[2016-08-04 09:52:17.519]	[   34]	              [in][comment]=
[2016-08-04 09:52:17.519]	[   34]	              [out][errorCode]=0
[2016-08-04 09:52:17.519]	[   34]	              [out][comment]=
[2016-08-04 09:52:17.519]	[   34]	SFTPOperations.OnFindNext EXIT
[2016-08-04 09:52:17.519]	[   34]	=============================================================
[2016-08-04 09:52:17.519]	[   34]	=============================================================
[2016-08-04 09:52:17.519]	[   34]	SFTPOperations.OnFindNext ENTER 
[2016-08-04 09:52:17.519]	[   34]	              [in][sender]=SBSftpServer.TElSFTPServer
[2016-08-04 09:52:17.519]	[   34]	              [in][data]=
[2016-08-04 09:52:17.519]	[   34]	              [in][info]=SBSftpCommon.TElSftpFileInfo
[2016-08-04 09:52:17.519]	[   34]	              [in][errorCode]=0
[2016-08-04 09:52:17.519]	[   34]	              [in][comment]=
[2016-08-04 09:52:17.519]	[   34]	              [out][errorCode]=0
[2016-08-04 09:52:17.519]	[   34]	              [out][comment]=
[2016-08-04 09:52:17.519]	[   34]	SFTPOperations.OnFindNext EXIT
[2016-08-04 09:52:17.519]	[   34]	=============================================================
[2016-08-04 09:52:17.519]	[   34]	=============================================================
[2016-08-04 09:52:17.519]	[   34]	SFTPOperations.OnFindNext ENTER 
[2016-08-04 09:52:17.519]	[   34]	              [in][sender]=SBSftpServer.TElSFTPServer
[2016-08-04 09:52:17.519]	[   34]	              [in][data]=
[2016-08-04 09:52:17.519]	[   34]	              [in][info]=SBSftpCommon.TElSftpFileInfo
[2016-08-04 09:52:17.519]	[   34]	              [in][errorCode]=0
[2016-08-04 09:52:17.519]	[   34]	              [in][comment]=
[2016-08-04 09:52:17.519]	[   34]	              [out][errorCode]=0
[2016-08-04 09:52:17.519]	[   34]	              [out][comment]=
[2016-08-04 09:52:17.519]	[   34]	SFTPOperations.OnFindNext EXIT
[2016-08-04 09:52:17.519]	[   34]	=============================================================
[2016-08-04 09:52:17.519]	[   34]	=============================================================
[2016-08-04 09:52:17.519]	[   34]	SFTPOperations.OnFindNext ENTER 
[2016-08-04 09:52:17.519]	[   34]	              [in][sender]=SBSftpServer.TElSFTPServer
[2016-08-04 09:52:17.519]	[   34]	              [in][data]=
[2016-08-04 09:52:17.519]	[   34]	              [in][info]=SBSftpCommon.TElSftpFileInfo
[2016-08-04 09:52:17.519]	[   34]	              [in][errorCode]=0
[2016-08-04 09:52:17.519]	[   34]	              [in][comment]=
[2016-08-04 09:52:17.519]	[   34]	              [out][errorCode]=0
[2016-08-04 09:52:17.519]	[   34]	              [out][comment]=
[2016-08-04 09:52:17.519]	[   34]	SFTPOperations.OnFindNext EXIT
[2016-08-04 09:52:17.519]	[   34]	=============================================================
[2016-08-04 09:52:17.521]	[   34]	=============================================================
[2016-08-04 09:52:17.521]	[   34]	SFTPOperations.OnFindClose ENTER 
[2016-08-04 09:52:17.521]	[   34]	              [in][sender]=SBSftpServer.TElSFTPServer
[2016-08-04 09:52:17.521]	[   34]	              [in][searchRec]=
[2016-08-04 09:52:17.521]	[   34]	              [in][errorCode]=1
[2016-08-04 09:52:17.521]	[   34]	              [in][comment]=
[2016-08-04 09:52:17.521]	[   34]	              [out][errorCode]=1
[2016-08-04 09:52:17.521]	[   34]	              [out][comment]=
[2016-08-04 09:52:17.521]	[   34]	SFTPOperations.OnFindClose EXIT
[2016-08-04 09:52:17.521]	[   34]	=============================================================
[2016-08-04 09:52:17.522]	[   23]	Socket receive operation failed: An established connection was aborted by the software in your host machine
[2016-08-04 09:52:17.522]	[   23]	Closing the socket
[2016-08-04 09:52:17.522]	[   23]	ServerListener.OnSessionClosed()
[2016-08-04 09:52:17.567]	[   25]	ServerListener.Listen : New connection available
[2016-08-04 09:52:17.568]	[   25]	Connection accepted. Active connections 1 from 20
[2016-08-04 09:52:17.656]	[   20]	Subsystem sftp opened
[2016-08-04 09:52:17.657]	[   20]	SFTP server started
[2016-08-04 09:52:17.657]	[   29]	=============================================================
[2016-08-04 09:52:17.657]	[   29]	SFTPOperations.OnOpen ENTER (2)
[2016-08-04 09:52:17.657]	[   29]	              [in][sender]=SBSftpServer.TElSFTPServer
[2016-08-04 09:52:17.657]	[   29]	SFTP connection established
[2016-08-04 09:52:17.657]	[   29]	SFTPOperations.OnOpen EXIT
[2016-08-04 09:52:17.657]	[   29]	=============================================================
[2016-08-04 09:52:17.657]	[   29]	=============================================================
[2016-08-04 09:52:17.657]	[   29]	SFTPOperations.OnRequestAbsolutePath ENTER 
[2016-08-04 09:52:17.657]	[   29]	              [in][sender]=SBSftpServer.TElSFTPServer
[2016-08-04 09:52:17.658]	[   29]	              [in][path]=.
[2016-08-04 09:52:17.658]	[   29]	              [in][absolutePath]=
[2016-08-04 09:52:17.658]	[   29]	              [in][control]=rcNoCheck
[2016-08-04 09:52:17.658]	[   29]	              [in][composePath]=SBStringList.TElStringList
[2016-08-04 09:52:17.658]	[   29]	              [in][errorCode]=0
[2016-08-04 09:52:17.658]	[   29]	              [in][comment]=
[2016-08-04 09:52:17.658]	[   29]	              [out][absolutePath]=
[2016-08-04 09:52:17.658]	[   29]	              [out][errorCode]=0
[2016-08-04 09:52:17.658]	[   29]	              [out][comment]=
[2016-08-04 09:52:17.658]	[   29]	SFTPOperations.OnRequestAbsolutePath EXIT
[2016-08-04 09:52:17.658]	[   29]	=============================================================
[2016-08-04 09:52:17.658]	[   29]	=============================================================
[2016-08-04 09:52:17.658]	[   29]	SFTPOperations.OnFindFirst ENTER 
[2016-08-04 09:52:17.658]	[   29]	              [in][sender]=SBSftpServer.TElSFTPServer
[2016-08-04 09:52:17.658]	[   29]	              [in][path]=\\TestSession_eec53fb2-5083-4403-ba9e-099a830449d3/
[2016-08-04 09:52:17.658]	[   29]	              [in][data]=
[2016-08-04 09:52:17.658]	[   29]	              [in][info]=SBSftpCommon.TElSftpFileInfo
[2016-08-04 09:52:17.658]	[   29]	              [in][errorCode]=0
[2016-08-04 09:52:17.658]	[   29]	              [in][comment]=
[2016-08-04 09:52:17.658]	[   29]	              [out][data]=
[2016-08-04 09:52:17.658]	[   29]	              [out][errorCode]=0
[2016-08-04 09:52:17.658]	[   29]	              [out][comment]=
[2016-08-04 09:52:17.658]	[   29]	SFTPOperations.OnFindFirst EXIT
[2016-08-04 09:52:17.658]	[   29]	=============================================================
[2016-08-04 09:52:17.659]	[   29]	=============================================================
[2016-08-04 09:52:17.659]	[   29]	SFTPOperations.OnFindNext ENTER 
[2016-08-04 09:52:17.659]	[   29]	              [in][sender]=SBSftpServer.TElSFTPServer
[2016-08-04 09:52:17.659]	[   29]	              [in][data]=
[2016-08-04 09:52:17.659]	[   29]	              [in][info]=SBSftpCommon.TElSftpFileInfo
[2016-08-04 09:52:17.659]	[   29]	              [in][errorCode]=0
[2016-08-04 09:52:17.659]	[   29]	              [in][comment]=
[2016-08-04 09:52:17.659]	[   29]	              [out][errorCode]=0
[2016-08-04 09:52:17.659]	[   29]	              [out][comment]=
[2016-08-04 09:52:17.659]	[   29]	SFTPOperations.OnFindNext EXIT
[2016-08-04 09:52:17.659]	[   29]	=============================================================
[2016-08-04 09:52:17.659]	[   29]	=============================================================
[2016-08-04 09:52:17.659]	[   29]	SFTPOperations.OnFindNext ENTER 
[2016-08-04 09:52:17.659]	[   29]	              [in][sender]=SBSftpServer.TElSFTPServer
[2016-08-04 09:52:17.659]	[   29]	              [in][data]=
[2016-08-04 09:52:17.659]	[   29]	              [in][info]=SBSftpCommon.TElSftpFileInfo
[2016-08-04 09:52:17.659]	[   29]	              [in][errorCode]=0
[2016-08-04 09:52:17.659]	[   29]	              [in][comment]=
[2016-08-04 09:52:17.659]	[   29]	              [out][errorCode]=0
[2016-08-04 09:52:17.659]	[   29]	              [out][comment]=
[2016-08-04 09:52:17.659]	[   29]	SFTPOperations.OnFindNext EXIT
[2016-08-04 09:52:17.659]	[   29]	=============================================================
[2016-08-04 09:52:17.659]	[   29]	=============================================================
[2016-08-04 09:52:17.659]	[   29]	SFTPOperations.OnFindNext ENTER 
[2016-08-04 09:52:17.659]	[   29]	              [in][sender]=SBSftpServer.TElSFTPServer
[2016-08-04 09:52:17.659]	[   29]	              [in][data]=
[2016-08-04 09:52:17.659]	[   29]	              [in][info]=SBSftpCommon.TElSftpFileInfo
[2016-08-04 09:52:17.659]	[   29]	              [in][errorCode]=0
[2016-08-04 09:52:17.659]	[   29]	              [in][comment]=
[2016-08-04 09:52:17.659]	[   29]	              [out][errorCode]=0
[2016-08-04 09:52:17.659]	[   29]	              [out][comment]=
[2016-08-04 09:52:17.660]	[   29]	SFTPOperations.OnFindNext EXIT
[2016-08-04 09:52:17.660]	[   29]	=============================================================
[2016-08-04 09:52:17.660]	[   29]	=============================================================
[2016-08-04 09:52:17.660]	[   29]	SFTPOperations.OnFindFirst ENTER 
[2016-08-04 09:52:17.660]	[   29]	              [in][sender]=SBSftpServer.TElSFTPServer
[2016-08-04 09:52:17.660]	[   29]	              [in][path]=\\TestSession_eec53fb2-5083-4403-ba9e-099a830449d3/14d62919-7e41-4081-ab88-315fc51fcc39/
[2016-08-04 09:52:17.660]	[   29]	              [in][data]=
[2016-08-04 09:52:17.660]	[   29]	              [in][info]=SBSftpCommon.TElSftpFileInfo
[2016-08-04 09:52:17.660]	[   29]	              [in][errorCode]=1
[2016-08-04 09:52:17.660]	[   29]	              [in][comment]=
[2016-08-04 09:52:17.660]	[   29]	              [out][data]=
[2016-08-04 09:52:17.661]	[   29]	              [out][errorCode]=1
[2016-08-04 09:52:17.661]	[   29]	              [out][comment]=
[2016-08-04 09:52:17.661]	[   29]	SFTPOperations.OnFindFirst EXIT
[2016-08-04 09:52:17.661]	[   29]	=============================================================
[2016-08-04 09:52:17.661]	[   29]	=============================================================
[2016-08-04 09:52:17.661]	[   29]	SFTPOperations.OnFindNext ENTER 
[2016-08-04 09:52:17.661]	[   29]	              [in][sender]=SBSftpServer.TElSFTPServer
[2016-08-04 09:52:17.661]	[   29]	              [in][data]=
[2016-08-04 09:52:17.661]	[   29]	              [in][info]=SBSftpCommon.TElSftpFileInfo
[2016-08-04 09:52:17.661]	[   29]	              [in][errorCode]=0
[2016-08-04 09:52:17.661]	[   29]	              [in][comment]=
[2016-08-04 09:52:17.661]	[   29]	              [out][errorCode]=0
[2016-08-04 09:52:17.661]	[   29]	              [out][comment]=
[2016-08-04 09:52:17.661]	[   29]	SFTPOperations.OnFindNext EXIT
[2016-08-04 09:52:17.661]	[   29]	=============================================================
[2016-08-04 09:52:17.661]	[   29]	=============================================================
[2016-08-04 09:52:17.661]	[   29]	SFTPOperations.OnFindNext ENTER 
[2016-08-04 09:52:17.661]	[   29]	              [in][sender]=SBSftpServer.TElSFTPServer
[2016-08-04 09:52:17.661]	[   29]	              [in][data]=
[2016-08-04 09:52:17.661]	[   29]	              [in][info]=SBSftpCommon.TElSftpFileInfo
[2016-08-04 09:52:17.661]	[   29]	              [in][errorCode]=0
[2016-08-04 09:52:17.661]	[   29]	              [in][comment]=
[2016-08-04 09:52:17.661]	[   29]	              [out][errorCode]=0
[2016-08-04 09:52:17.661]	[   29]	              [out][comment]=
[2016-08-04 09:52:17.661]	[   29]	SFTPOperations.OnFindNext EXIT
[2016-08-04 09:52:17.661]	[   29]	=============================================================
[2016-08-04 09:52:17.661]	[   29]	=============================================================
[2016-08-04 09:52:17.661]	[   29]	SFTPOperations.OnFindNext ENTER 
[2016-08-04 09:52:17.661]	[   29]	              [in][sender]=SBSftpServer.TElSFTPServer
[2016-08-04 09:52:17.661]	[   29]	              [in][data]=
[2016-08-04 09:52:17.661]	[   29]	              [in][info]=SBSftpCommon.TElSftpFileInfo
[2016-08-04 09:52:17.661]	[   29]	              [in][errorCode]=0
[2016-08-04 09:52:17.662]	[   29]	              [in][comment]=
[2016-08-04 09:52:17.662]	[   29]	              [out][errorCode]=0
[2016-08-04 09:52:17.662]	[   29]	              [out][comment]=
[2016-08-04 09:52:17.662]	[   29]	SFTPOperations.OnFindNext EXIT
[2016-08-04 09:52:17.662]	[   29]	=============================================================
[2016-08-04 09:52:17.662]	[   29]	=============================================================
[2016-08-04 09:52:17.662]	[   29]	SFTPOperations.OnFindNext ENTER 
[2016-08-04 09:52:17.662]	[   29]	              [in][sender]=SBSftpServer.TElSFTPServer
[2016-08-04 09:52:17.662]	[   29]	              [in][data]=
[2016-08-04 09:52:17.662]	[   29]	              [in][info]=SBSftpCommon.TElSftpFileInfo
[2016-08-04 09:52:17.662]	[   29]	              [in][errorCode]=0
[2016-08-04 09:52:17.662]	[   29]	              [in][comment]=
[2016-08-04 09:52:17.662]	[   29]	              [out][errorCode]=0
[2016-08-04 09:52:17.662]	[   29]	              [out][comment]=
[2016-08-04 09:52:17.662]	[   29]	SFTPOperations.OnFindNext EXIT
[2016-08-04 09:52:17.662]	[   29]	=============================================================
[2016-08-04 09:52:17.662]	[   29]	=============================================================
[2016-08-04 09:52:17.662]	[   29]	SFTPOperations.OnFindNext ENTER 
[2016-08-04 09:52:17.662]	[   29]	              [in][sender]=SBSftpServer.TElSFTPServer
[2016-08-04 09:52:17.662]	[   29]	              [in][data]=
[2016-08-04 09:52:17.662]	[   29]	              [in][info]=SBSftpCommon.TElSftpFileInfo
[2016-08-04 09:52:17.662]	[   29]	              [in][errorCode]=0
[2016-08-04 09:52:17.662]	[   29]	              [in][comment]=
[2016-08-04 09:52:17.662]	[   29]	              [out][errorCode]=0
[2016-08-04 09:52:17.662]	[   29]	              [out][comment]=
[2016-08-04 09:52:17.662]	[   29]	SFTPOperations.OnFindNext EXIT
[2016-08-04 09:52:17.662]	[   29]	=============================================================
[2016-08-04 09:52:17.663]	[   29]	=============================================================
[2016-08-04 09:52:17.663]	[   29]	SFTPOperations.OnFindFirst ENTER 
[2016-08-04 09:52:17.663]	[   29]	              [in][sender]=SBSftpServer.TElSFTPServer
[2016-08-04 09:52:17.663]	[   29]	              [in][path]=\\TestSession_eec53fb2-5083-4403-ba9e-099a830449d3/14d62919-7e41-4081-ab88-315fc51fcc39/dir/
[2016-08-04 09:52:17.663]	[   29]	              [in][data]=
[2016-08-04 09:52:17.663]	[   29]	              [in][info]=SBSftpCommon.TElSftpFileInfo
[2016-08-04 09:52:17.663]	[   29]	              [in][errorCode]=1
[2016-08-04 09:52:17.663]	[   29]	              [in][comment]=
[2016-08-04 09:52:17.663]	[   29]	              [out][data]=
[2016-08-04 09:52:17.663]	[   29]	              [out][errorCode]=1
[2016-08-04 09:52:17.663]	[   29]	              [out][comment]=
[2016-08-04 09:52:17.663]	[   29]	SFTPOperations.OnFindFirst EXIT
[2016-08-04 09:52:17.663]	[   29]	=============================================================
[2016-08-04 09:52:17.663]	[   29]	=============================================================
[2016-08-04 09:52:17.663]	[   29]	SFTPOperations.OnFindNext ENTER 
[2016-08-04 09:52:17.663]	[   29]	              [in][sender]=SBSftpServer.TElSFTPServer
[2016-08-04 09:52:17.663]	[   29]	              [in][data]=
[2016-08-04 09:52:17.663]	[   29]	              [in][info]=SBSftpCommon.TElSftpFileInfo
[2016-08-04 09:52:17.663]	[   29]	              [in][errorCode]=0
[2016-08-04 09:52:17.663]	[   29]	              [in][comment]=
[2016-08-04 09:52:17.663]	[   29]	              [out][errorCode]=0
[2016-08-04 09:52:17.663]	[   29]	              [out][comment]=
[2016-08-04 09:52:17.663]	[   29]	SFTPOperations.OnFindNext EXIT
[2016-08-04 09:52:17.664]	[   29]	=============================================================
[2016-08-04 09:52:17.664]	[   29]	=============================================================
[2016-08-04 09:52:17.664]	[   29]	SFTPOperations.OnFindNext ENTER 
[2016-08-04 09:52:17.664]	[   29]	              [in][sender]=SBSftpServer.TElSFTPServer
[2016-08-04 09:52:17.664]	[   29]	              [in][data]=
[2016-08-04 09:52:17.664]	[   29]	              [in][info]=SBSftpCommon.TElSftpFileInfo
[2016-08-04 09:52:17.664]	[   29]	              [in][errorCode]=0
[2016-08-04 09:52:17.664]	[   29]	              [in][comment]=
[2016-08-04 09:52:17.664]	[   29]	              [out][errorCode]=0
[2016-08-04 09:52:17.664]	[   29]	              [out][comment]=
[2016-08-04 09:52:17.664]	[   29]	SFTPOperations.OnFindNext EXIT
[2016-08-04 09:52:17.664]	[   29]	=============================================================
[2016-08-04 09:52:17.664]	[   29]	=============================================================
[2016-08-04 09:52:17.664]	[   29]	SFTPOperations.OnFindClose ENTER 
[2016-08-04 09:52:17.664]	[   29]	              [in][sender]=SBSftpServer.TElSFTPServer
[2016-08-04 09:52:17.664]	[   29]	              [in][searchRec]=
[2016-08-04 09:52:17.664]	[   29]	              [in][errorCode]=1
[2016-08-04 09:52:17.664]	[   29]	              [in][comment]=
[2016-08-04 09:52:17.664]	[   29]	              [out][errorCode]=1
[2016-08-04 09:52:17.664]	[   29]	              [out][comment]=
[2016-08-04 09:52:17.664]	[   29]	SFTPOperations.OnFindClose EXIT
[2016-08-04 09:52:17.665]	[   29]	=============================================================
[2016-08-04 09:52:17.665]	[   29]	=============================================================
[2016-08-04 09:52:17.665]	[   29]	SFTPOperations.OnFindClose ENTER 
[2016-08-04 09:52:17.665]	[   29]	              [in][sender]=SBSftpServer.TElSFTPServer
[2016-08-04 09:52:17.665]	[   29]	              [in][searchRec]=
[2016-08-04 09:52:17.665]	[   29]	              [in][errorCode]=0
[2016-08-04 09:52:17.665]	[   29]	              [in][comment]=
[2016-08-04 09:52:17.665]	[   29]	              [out][errorCode]=0
[2016-08-04 09:52:17.665]	[   29]	              [out][comment]=
[2016-08-04 09:52:17.665]	[   29]	SFTPOperations.OnFindClose EXIT
[2016-08-04 09:52:17.665]	[   29]	=============================================================
[2016-08-04 09:52:17.665]	[   29]	=============================================================
[2016-08-04 09:52:17.665]	[   29]	SFTPOperations.OnFindClose ENTER 
[2016-08-04 09:52:17.665]	[   29]	              [in][sender]=SBSftpServer.TElSFTPServer
[2016-08-04 09:52:17.665]	[   29]	              [in][searchRec]=
[2016-08-04 09:52:17.665]	[   29]	              [in][errorCode]=0
[2016-08-04 09:52:17.665]	[   29]	              [in][comment]=
[2016-08-04 09:52:17.665]	[   29]	              [out][errorCode]=0
[2016-08-04 09:52:17.665]	[   29]	              [out][comment]=
[2016-08-04 09:52:17.665]	[   29]	SFTPOperations.OnFindClose EXIT
[2016-08-04 09:52:17.665]	[   29]	=============================================================
[2016-08-04 09:52:17.666]	[   29]	=============================================================
[2016-08-04 09:52:17.666]	[   29]	SFTPOperations.OnRemove ENTER 
[2016-08-04 09:52:17.666]	[   29]	              [in][sender]=SBSftpServer.TElSFTPServer
[2016-08-04 09:52:17.666]	[   29]	              [in][path]=\\TestSession_eec53fb2-5083-4403-ba9e-099a830449d3/14d62919-7e41-4081-ab88-315fc51fcc39/c22a3f18-46bc-4420-843a-dfe39235f621.jnk
[2016-08-04 09:52:17.666]	[   29]	              [in][errorCode]=0
[2016-08-04 09:52:17.666]	[   29]	              [in][comment]=
[2016-08-04 09:52:17.666]	[   29]	              [out][errorCode]=0
[2016-08-04 09:52:17.666]	[   29]	              [out][comment]=
[2016-08-04 09:52:17.666]	[   29]	SFTPOperations.OnRemove EXIT
[2016-08-04 09:52:17.666]	[   29]	=============================================================
[2016-08-04 09:52:17.666]	[   29]	=============================================================
[2016-08-04 09:52:17.666]	[   29]	SFTPOperations.OnRemove ENTER 
[2016-08-04 09:52:17.666]	[   29]	              [in][sender]=SBSftpServer.TElSFTPServer
[2016-08-04 09:52:17.666]	[   29]	              [in][path]=\\TestSession_eec53fb2-5083-4403-ba9e-099a830449d3/14d62919-7e41-4081-ab88-315fc51fcc39/ddafd6ee-ba6c-4282-813a-be7559983286.dat
[2016-08-04 09:52:17.666]	[   29]	              [in][errorCode]=0
[2016-08-04 09:52:17.666]	[   29]	              [in][comment]=
[2016-08-04 09:52:17.666]	[   29]	              [out][errorCode]=0
[2016-08-04 09:52:17.666]	[   29]	              [out][comment]=
[2016-08-04 09:52:17.666]	[   29]	SFTPOperations.OnRemove EXIT
[2016-08-04 09:52:17.666]	[   29]	=============================================================
[2016-08-04 09:52:17.667]	[   29]	=============================================================
[2016-08-04 09:52:17.667]	[   29]	SFTPOperations.OnFindFirst ENTER 
[2016-08-04 09:52:17.667]	[   29]	              [in][sender]=SBSftpServer.TElSFTPServer
[2016-08-04 09:52:17.667]	[   29]	              [in][path]=\\TestSession_eec53fb2-5083-4403-ba9e-099a830449d3/
[2016-08-04 09:52:17.667]	[   29]	              [in][data]=
[2016-08-04 09:52:17.667]	[   29]	              [in][info]=SBSftpCommon.TElSftpFileInfo
[2016-08-04 09:52:17.667]	[   29]	              [in][errorCode]=0
[2016-08-04 09:52:17.667]	[   29]	              [in][comment]=
[2016-08-04 09:52:17.667]	[   29]	              [out][data]=
[2016-08-04 09:52:17.667]	[   29]	              [out][errorCode]=0
[2016-08-04 09:52:17.667]	[   29]	              [out][comment]=
[2016-08-04 09:52:17.667]	[   29]	SFTPOperations.OnFindFirst EXIT
[2016-08-04 09:52:17.667]	[   29]	=============================================================
[2016-08-04 09:52:17.667]	[   29]	=============================================================
[2016-08-04 09:52:17.667]	[   29]	SFTPOperations.OnFindNext ENTER 
[2016-08-04 09:52:17.667]	[   29]	              [in][sender]=SBSftpServer.TElSFTPServer
[2016-08-04 09:52:17.667]	[   29]	              [in][data]=
[2016-08-04 09:52:17.667]	[   29]	              [in][info]=SBSftpCommon.TElSftpFileInfo
[2016-08-04 09:52:17.667]	[   29]	              [in][errorCode]=0
[2016-08-04 09:52:17.667]	[   29]	              [in][comment]=
[2016-08-04 09:52:17.668]	[   29]	              [out][errorCode]=0
[2016-08-04 09:52:17.668]	[   29]	              [out][comment]=
[2016-08-04 09:52:17.668]	[   29]	SFTPOperations.OnFindNext EXIT
[2016-08-04 09:52:17.668]	[   29]	=============================================================
[2016-08-04 09:52:17.668]	[   29]	=============================================================
[2016-08-04 09:52:17.668]	[   29]	SFTPOperations.OnFindNext ENTER 
[2016-08-04 09:52:17.668]	[   29]	              [in][sender]=SBSftpServer.TElSFTPServer
[2016-08-04 09:52:17.668]	[   29]	              [in][data]=
[2016-08-04 09:52:17.668]	[   29]	              [in][info]=SBSftpCommon.TElSftpFileInfo
[2016-08-04 09:52:17.668]	[   29]	              [in][errorCode]=0
[2016-08-04 09:52:17.668]	[   29]	              [in][comment]=
[2016-08-04 09:52:17.668]	[   29]	              [out][errorCode]=0
[2016-08-04 09:52:17.668]	[   29]	              [out][comment]=
[2016-08-04 09:52:17.668]	[   29]	SFTPOperations.OnFindNext EXIT
[2016-08-04 09:52:17.668]	[   29]	=============================================================
[2016-08-04 09:52:17.668]	[   29]	=============================================================
[2016-08-04 09:52:17.668]	[   29]	SFTPOperations.OnFindNext ENTER 
[2016-08-04 09:52:17.668]	[   29]	              [in][sender]=SBSftpServer.TElSFTPServer
[2016-08-04 09:52:17.668]	[   29]	              [in][data]=
[2016-08-04 09:52:17.668]	[   29]	              [in][info]=SBSftpCommon.TElSftpFileInfo
[2016-08-04 09:52:17.668]	[   29]	              [in][errorCode]=0
[2016-08-04 09:52:17.668]	[   29]	              [in][comment]=
[2016-08-04 09:52:17.668]	[   29]	              [out][errorCode]=0
[2016-08-04 09:52:17.668]	[   29]	              [out][comment]=
[2016-08-04 09:52:17.668]	[   29]	SFTPOperations.OnFindNext EXIT
[2016-08-04 09:52:17.668]	[   29]	=============================================================
[2016-08-04 09:52:17.669]	[   29]	=============================================================
[2016-08-04 09:52:17.669]	[   29]	SFTPOperations.OnFindFirst ENTER 
[2016-08-04 09:52:17.669]	[   29]	              [in][sender]=SBSftpServer.TElSFTPServer
[2016-08-04 09:52:17.669]	[   29]	              [in][path]=\\TestSession_eec53fb2-5083-4403-ba9e-099a830449d3/14d62919-7e41-4081-ab88-315fc51fcc39/
[2016-08-04 09:52:17.669]	[   29]	              [in][data]=
[2016-08-04 09:52:17.669]	[   29]	              [in][info]=SBSftpCommon.TElSftpFileInfo
[2016-08-04 09:52:17.669]	[   29]	              [in][errorCode]=1
[2016-08-04 09:52:17.669]	[   29]	              [in][comment]=
[2016-08-04 09:52:17.669]	[   29]	              [out][data]=
[2016-08-04 09:52:17.669]	[   29]	              [out][errorCode]=1
[2016-08-04 09:52:17.669]	[   29]	              [out][comment]=
[2016-08-04 09:52:17.669]	[   29]	SFTPOperations.OnFindFirst EXIT
[2016-08-04 09:52:17.669]	[   29]	=============================================================
[2016-08-04 09:52:17.670]	[   29]	=============================================================
[2016-08-04 09:52:17.670]	[   29]	SFTPOperations.OnFindNext ENTER 
[2016-08-04 09:52:17.670]	[   29]	              [in][sender]=SBSftpServer.TElSFTPServer
[2016-08-04 09:52:17.670]	[   29]	              [in][data]=
[2016-08-04 09:52:17.670]	[   29]	              [in][info]=SBSftpCommon.TElSftpFileInfo
[2016-08-04 09:52:17.670]	[   29]	              [in][errorCode]=0
[2016-08-04 09:52:17.670]	[   29]	              [in][comment]=
[2016-08-04 09:52:17.670]	[   29]	              [out][errorCode]=0
[2016-08-04 09:52:17.670]	[   29]	              [out][comment]=
[2016-08-04 09:52:17.670]	[   29]	SFTPOperations.OnFindNext EXIT
[2016-08-04 09:52:17.670]	[   29]	=============================================================
[2016-08-04 09:52:17.670]	[   29]	=============================================================
[2016-08-04 09:52:17.670]	[   29]	SFTPOperations.OnFindNext ENTER 
[2016-08-04 09:52:17.670]	[   29]	              [in][sender]=SBSftpServer.TElSFTPServer
[2016-08-04 09:52:17.670]	[   29]	              [in][data]=
[2016-08-04 09:52:17.670]	[   29]	              [in][info]=SBSftpCommon.TElSftpFileInfo
[2016-08-04 09:52:17.670]	[   29]	              [in][errorCode]=0
[2016-08-04 09:52:17.670]	[   29]	              [in][comment]=
[2016-08-04 09:52:17.670]	[   29]	              [out][errorCode]=0
[2016-08-04 09:52:17.670]	[   29]	              [out][comment]=
[2016-08-04 09:52:17.670]	[   29]	SFTPOperations.OnFindNext EXIT
[2016-08-04 09:52:17.670]	[   29]	=============================================================
[2016-08-04 09:52:17.670]	[   29]	=============================================================
[2016-08-04 09:52:17.670]	[   29]	SFTPOperations.OnFindNext ENTER 
[2016-08-04 09:52:17.670]	[   29]	              [in][sender]=SBSftpServer.TElSFTPServer
[2016-08-04 09:52:17.670]	[   29]	              [in][data]=
[2016-08-04 09:52:17.670]	[   29]	              [in][info]=SBSftpCommon.TElSftpFileInfo
[2016-08-04 09:52:17.670]	[   29]	              [in][errorCode]=0
[2016-08-04 09:52:17.670]	[   29]	              [in][comment]=
[2016-08-04 09:52:17.670]	[   29]	              [out][errorCode]=0
[2016-08-04 09:52:17.670]	[   29]	              [out][comment]=
[2016-08-04 09:52:17.670]	[   29]	SFTPOperations.OnFindNext EXIT
[2016-08-04 09:52:17.670]	[   29]	=============================================================
[2016-08-04 09:52:17.673]	[   29]	=============================================================
[2016-08-04 09:52:17.673]	[   29]	SFTPOperations.OnFindFirst ENTER 
[2016-08-04 09:52:17.673]	[   29]	              [in][sender]=SBSftpServer.TElSFTPServer
[2016-08-04 09:52:17.673]	[   29]	              [in][path]=\\TestSession_eec53fb2-5083-4403-ba9e-099a830449d3/14d62919-7e41-4081-ab88-315fc51fcc39/dir/
[2016-08-04 09:52:17.673]	[   29]	              [in][data]=
[2016-08-04 09:52:17.673]	[   29]	              [in][info]=SBSftpCommon.TElSftpFileInfo
[2016-08-04 09:52:17.673]	[   29]	              [in][errorCode]=1
[2016-08-04 09:52:17.673]	[   29]	              [in][comment]=
[2016-08-04 09:52:17.673]	[   29]	              [out][data]=
[2016-08-04 09:52:17.673]	[   29]	              [out][errorCode]=1
[2016-08-04 09:52:17.673]	[   29]	              [out][comment]=
[2016-08-04 09:52:17.673]	[   29]	SFTPOperations.OnFindFirst EXIT
[2016-08-04 09:52:17.673]	[   29]	=============================================================
[2016-08-04 09:52:17.673]	[   29]	=============================================================
[2016-08-04 09:52:17.673]	[   29]	SFTPOperations.OnFindNext ENTER 
[2016-08-04 09:52:17.673]	[   29]	              [in][sender]=SBSftpServer.TElSFTPServer
[2016-08-04 09:52:17.673]	[   29]	              [in][data]=
[2016-08-04 09:52:17.673]	[   29]	              [in][info]=SBSftpCommon.TElSftpFileInfo
[2016-08-04 09:52:17.673]	[   29]	              [in][errorCode]=0
[2016-08-04 09:52:17.673]	[   29]	              [in][comment]=
[2016-08-04 09:52:17.674]	[   29]	              [out][errorCode]=0
[2016-08-04 09:52:17.674]	[   29]	              [out][comment]=
[2016-08-04 09:52:17.674]	[   29]	SFTPOperations.OnFindNext EXIT
[2016-08-04 09:52:17.674]	[   29]	=============================================================
[2016-08-04 09:52:17.674]	[   29]	=============================================================
[2016-08-04 09:52:17.674]	[   29]	SFTPOperations.OnFindNext ENTER 
[2016-08-04 09:52:17.674]	[   29]	              [in][sender]=SBSftpServer.TElSFTPServer
[2016-08-04 09:52:17.674]	[   29]	              [in][data]=
[2016-08-04 09:52:17.674]	[   29]	              [in][info]=SBSftpCommon.TElSftpFileInfo
[2016-08-04 09:52:17.674]	[   29]	              [in][errorCode]=0
[2016-08-04 09:52:17.674]	[   29]	              [in][comment]=
[2016-08-04 09:52:17.674]	[   29]	              [out][errorCode]=0
[2016-08-04 09:52:17.674]	[   29]	              [out][comment]=
[2016-08-04 09:52:17.674]	[   29]	SFTPOperations.OnFindNext EXIT
[2016-08-04 09:52:17.674]	[   29]	=============================================================
[2016-08-04 09:52:17.674]	[   29]	=============================================================
[2016-08-04 09:52:17.674]	[   29]	SFTPOperations.OnFindClose ENTER 
[2016-08-04 09:52:17.674]	[   29]	              [in][sender]=SBSftpServer.TElSFTPServer
[2016-08-04 09:52:17.674]	[   29]	              [in][searchRec]=
[2016-08-04 09:52:17.674]	[   29]	              [in][errorCode]=1
[2016-08-04 09:52:17.674]	[   29]	              [in][comment]=
[2016-08-04 09:52:17.674]	[   29]	              [out][errorCode]=1
[2016-08-04 09:52:17.674]	[   29]	              [out][comment]=
[2016-08-04 09:52:17.674]	[   29]	SFTPOperations.OnFindClose EXIT
[2016-08-04 09:52:17.674]	[   29]	=============================================================
[2016-08-04 09:52:17.675]	[   29]	=============================================================
[2016-08-04 09:52:17.675]	[   29]	SFTPOperations.OnRemove ENTER 
[2016-08-04 09:52:17.675]	[   29]	              [in][sender]=SBSftpServer.TElSFTPServer
[2016-08-04 09:52:17.675]	[   29]	              [in][path]=\\TestSession_eec53fb2-5083-4403-ba9e-099a830449d3/14d62919-7e41-4081-ab88-315fc51fcc39/dir/
[2016-08-04 09:52:17.675]	[   29]	              [in][errorCode]=0
[2016-08-04 09:52:17.675]	[   29]	              [in][comment]=
[2016-08-04 09:52:17.675]	[   29]	              [out][errorCode]=0
[2016-08-04 09:52:17.675]	[   29]	              [out][comment]=
[2016-08-04 09:52:17.675]	[   29]	SFTPOperations.OnRemove EXIT
[2016-08-04 09:52:17.675]	[   29]	=============================================================
[2016-08-04 09:52:17.675]	[   29]	=============================================================
[2016-08-04 09:52:17.675]	[   29]	SFTPOperations.OnFindClose ENTER 
[2016-08-04 09:52:17.675]	[   29]	              [in][sender]=SBSftpServer.TElSFTPServer
[2016-08-04 09:52:17.675]	[   29]	              [in][searchRec]=
[2016-08-04 09:52:17.675]	[   29]	              [in][errorCode]=0
[2016-08-04 09:52:17.675]	[   29]	              [in][comment]=
[2016-08-04 09:52:17.675]	[   29]	              [out][errorCode]=0
[2016-08-04 09:52:17.675]	[   29]	              [out][comment]=
[2016-08-04 09:52:17.675]	[   29]	SFTPOperations.OnFindClose EXIT
[2016-08-04 09:52:17.675]	[   29]	=============================================================
[2016-08-04 09:52:17.676]	[   29]	=============================================================
[2016-08-04 09:52:17.676]	[   29]	SFTPOperations.OnRemove ENTER 
[2016-08-04 09:52:17.676]	[   29]	              [in][sender]=SBSftpServer.TElSFTPServer
[2016-08-04 09:52:17.676]	[   29]	              [in][path]=\\TestSession_eec53fb2-5083-4403-ba9e-099a830449d3/14d62919-7e41-4081-ab88-315fc51fcc39/
[2016-08-04 09:52:17.676]	[   29]	              [in][errorCode]=0
[2016-08-04 09:52:17.676]	[   29]	              [in][comment]=
[2016-08-04 09:52:17.676]	[   29]	              [out][errorCode]=0
[2016-08-04 09:52:17.676]	[   29]	              [out][comment]=
[2016-08-04 09:52:17.676]	[   29]	SFTPOperations.OnRemove EXIT
[2016-08-04 09:52:17.676]	[   29]	=============================================================
[2016-08-04 09:52:17.676]	[   29]	=============================================================
[2016-08-04 09:52:17.676]	[   29]	SFTPOperations.OnFindClose ENTER 
[2016-08-04 09:52:17.676]	[   29]	              [in][sender]=SBSftpServer.TElSFTPServer
[2016-08-04 09:52:17.676]	[   29]	              [in][searchRec]=
[2016-08-04 09:52:17.676]	[   29]	              [in][errorCode]=0
[2016-08-04 09:52:17.676]	[   29]	              [in][comment]=
[2016-08-04 09:52:17.676]	[   29]	              [out][errorCode]=0
[2016-08-04 09:52:17.676]	[   29]	              [out][comment]=
[2016-08-04 09:52:17.676]	[   29]	SFTPOperations.OnFindClose EXIT
[2016-08-04 09:52:17.676]	[   29]	=============================================================
[2016-08-04 09:52:17.677]	[   29]	=============================================================
[2016-08-04 09:52:17.677]	[   29]	SFTPOperations.OnRemove ENTER 
[2016-08-04 09:52:17.677]	[   29]	              [in][sender]=SBSftpServer.TElSFTPServer
[2016-08-04 09:52:17.677]	[   29]	              [in][path]=\\TestSession_eec53fb2-5083-4403-ba9e-099a830449d3/
[2016-08-04 09:52:17.677]	[   29]	              [in][errorCode]=0
[2016-08-04 09:52:17.677]	[   29]	              [in][comment]=
[2016-08-04 09:52:17.677]	[   29]	              [out][errorCode]=0
[2016-08-04 09:52:17.677]	[   29]	              [out][comment]=
[2016-08-04 09:52:17.677]	[   29]	SFTPOperations.OnRemove EXIT
[2016-08-04 09:52:17.677]	[   29]	=============================================================
[2016-08-04 09:52:17.677]	[   21]	Stopping socket listener
[2016-08-04 09:52:17.677]	[   21]	Socket listener stopped
[2016-08-04 09:52:17.677]	[   20]	Socket receive operation failed: An established connection was aborted by the software in your host machine
[2016-08-04 09:52:17.677]	[   20]	Closing the socket
[2016-08-04 09:52:17.678]	[   20]	ServerListener.OnSessionClosed()</StdOut>
      </Output>
    </UnitTestResult>
    <UnitTestResult executionId="47b8d084-0366-4dcf-854e-edc3da296d4c" testId="45791d55-26c4-62ff-1e7e-0fe5471dc0bc" testName="DeleteFile_FileDeletedAtServer" computerName="ICSWS068" duration="00:00:00.5532735" startTime="2016-08-04T09:52:17.6911640+02:00" endTime="2016-08-04T09:52:18.2459872+02:00" testType="13cdc9d9-ddb5-4fa4-a97d-d965ccfc6d4b" outcome="Passed" testListId="8c84fa94-04c1-424b-9868-57a2d4851a1d" relativeResultsDirectory="47b8d084-0366-4dcf-854e-edc3da296d4c">
      <Output>
        <StdOut>Debug Trace:
[2016-08-04 09:52:17.695]	[   27]	Starting SSH server listener...
[2016-08-04 09:52:17.695]	[   27]	SSH server listener started.
[2016-08-04 09:52:17.746]	[   34]	ServerListener.Listen : New connection available
[2016-08-04 09:52:17.746]	[   34]	Connection accepted. Active connections 1 from 20
[2016-08-04 09:52:17.835]	[   28]	Subsystem sftp opened
[2016-08-04 09:52:17.835]	[   28]	SFTP server started
[2016-08-04 09:52:17.836]	[   14]	=============================================================
[2016-08-04 09:52:17.836]	[   14]	SFTPOperations.OnOpen ENTER (3)
[2016-08-04 09:52:17.836]	[   14]	              [in][sender]=SBSftpServer.TElSFTPServer
[2016-08-04 09:52:17.836]	[   14]	SFTP connection established
[2016-08-04 09:52:17.836]	[   14]	SFTPOperations.OnOpen EXIT
[2016-08-04 09:52:17.836]	[   14]	=============================================================
[2016-08-04 09:52:17.836]	[   14]	=============================================================
[2016-08-04 09:52:17.836]	[   14]	SFTPOperations.OnRequestAbsolutePath ENTER 
[2016-08-04 09:52:17.836]	[   14]	              [in][sender]=SBSftpServer.TElSFTPServer
[2016-08-04 09:52:17.836]	[   14]	              [in][path]=.
[2016-08-04 09:52:17.836]	[   14]	              [in][absolutePath]=
[2016-08-04 09:52:17.836]	[   14]	              [in][control]=rcNoCheck
[2016-08-04 09:52:17.836]	[   14]	              [in][composePath]=SBStringList.TElStringList
[2016-08-04 09:52:17.836]	[   14]	              [in][errorCode]=0
[2016-08-04 09:52:17.836]	[   14]	              [in][comment]=
[2016-08-04 09:52:17.836]	[   14]	              [out][absolutePath]=
[2016-08-04 09:52:17.836]	[   14]	              [out][errorCode]=0
[2016-08-04 09:52:17.836]	[   14]	              [out][comment]=
[2016-08-04 09:52:17.836]	[   14]	SFTPOperations.OnRequestAbsolutePath EXIT
[2016-08-04 09:52:17.836]	[   14]	=============================================================
[2016-08-04 09:52:17.837]	[   14]	=============================================================
[2016-08-04 09:52:17.837]	[   14]	SFTPOperations.OnCreateDirectory ENTER 
[2016-08-04 09:52:17.837]	[   14]	              [in][sender]=SBSftpServer.TElSFTPServer
[2016-08-04 09:52:17.837]	[   14]	              [in][path]=\\TestSession_9ad9f4a7-b96c-4547-88a5-c7656dc2b5c1
[2016-08-04 09:52:17.837]	[   14]	              [in][attributes]=
[2016-08-04 09:52:17.837]	[   14]	              [in][errorCode]=0
[2016-08-04 09:52:17.837]	[   14]	              [in][comment]=
[2016-08-04 09:52:17.837]	[   14]	              [out][errorCode]=0
[2016-08-04 09:52:17.837]	[   14]	              [out][comment]=
[2016-08-04 09:52:17.837]	[   14]	SFTPOperations.OnCreateDirectory EXIT
[2016-08-04 09:52:17.837]	[   14]	=============================================================
[2016-08-04 09:52:17.837]	[   28]	Socket receive operation failed: An established connection was aborted by the software in your host machine
[2016-08-04 09:52:17.838]	[   28]	Closing the socket
[2016-08-04 09:52:17.838]	[   28]	ServerListener.OnSessionClosed()
[2016-08-04 09:52:17.847]	[   34]	ServerListener.Listen : New connection available
[2016-08-04 09:52:17.848]	[   34]	Connection accepted. Active connections 1 from 20
[2016-08-04 09:52:17.951]	[   18]	Subsystem sftp opened
[2016-08-04 09:52:17.952]	[   18]	SFTP server started
[2016-08-04 09:52:17.955]	[   26]	=============================================================
[2016-08-04 09:52:17.955]	[   26]	SFTPOperations.OnOpen ENTER (1)
[2016-08-04 09:52:17.955]	[   26]	              [in][sender]=SBSftpServer.TElSFTPServer
[2016-08-04 09:52:17.955]	[   26]	SFTP connection established
[2016-08-04 09:52:17.955]	[   26]	SFTPOperations.OnOpen EXIT
[2016-08-04 09:52:17.955]	[   26]	=============================================================
[2016-08-04 09:52:17.957]	[   26]	=============================================================
[2016-08-04 09:52:17.957]	[   26]	SFTPOperations.OnRequestAbsolutePath ENTER 
[2016-08-04 09:52:17.957]	[   26]	              [in][sender]=SBSftpServer.TElSFTPServer
[2016-08-04 09:52:17.957]	[   26]	              [in][path]=.
[2016-08-04 09:52:17.957]	[   26]	              [in][absolutePath]=
[2016-08-04 09:52:17.957]	[   26]	              [in][control]=rcNoCheck
[2016-08-04 09:52:17.957]	[   26]	              [in][composePath]=SBStringList.TElStringList
[2016-08-04 09:52:17.957]	[   26]	              [in][errorCode]=0
[2016-08-04 09:52:17.957]	[   26]	              [in][comment]=
[2016-08-04 09:52:17.957]	[   26]	              [out][absolutePath]=
[2016-08-04 09:52:17.957]	[   26]	              [out][errorCode]=0
[2016-08-04 09:52:17.957]	[   26]	              [out][comment]=
[2016-08-04 09:52:17.957]	[   26]	SFTPOperations.OnRequestAbsolutePath EXIT
[2016-08-04 09:52:17.957]	[   26]	=============================================================
[2016-08-04 09:52:17.959]	[   26]	=============================================================
[2016-08-04 09:52:17.959]	[   26]	SFTPOperations.OnRequestAttributes ENTER 
[2016-08-04 09:52:17.959]	[   26]	              [in][sender]=SBSftpServer.TElSFTPServer
[2016-08-04 09:52:17.959]	[   26]	              [in][path]=\\TestSession_9ad9f4a7-b96c-4547-88a5-c7656dc2b5c1
[2016-08-04 09:52:17.959]	[   26]	              [in][followSymLinks]=True
[2016-08-04 09:52:17.959]	[   26]	              [in][attributes]=SBSftpCommon.TElSftpFileAttributes
[2016-08-04 09:52:17.959]	[   26]	              [in][errorCode]=0
[2016-08-04 09:52:17.959]	[   26]	              [in][comment]=
[2016-08-04 09:52:17.960]	[   26]	              [out][errorCode]=0
[2016-08-04 09:52:17.960]	[   26]	              [out][comment]=
[2016-08-04 09:52:17.960]	[   26]	SFTPOperations.OnRequestAttributes EXIT
[2016-08-04 09:52:17.960]	[   26]	=============================================================
[2016-08-04 09:52:17.962]	[   26]	=============================================================
[2016-08-04 09:52:17.962]	[   26]	SFTPOperations.OnOpenFile ENTER (1)
[2016-08-04 09:52:17.962]	[   26]	              [in][sender]=SBSftpServer.TElSFTPServer
[2016-08-04 09:52:17.962]	[   26]	              [in][path]=\\TestSession_9ad9f4a7-b96c-4547-88a5-c7656dc2b5c1\725efa4c-5ebb-4b4d-ae9d-55873b0c47d7.txt
[2016-08-04 09:52:17.962]	[   26]	              [in][modes]=26
[2016-08-04 09:52:17.962]	[   26]	              [in][Access]=0
[2016-08-04 09:52:17.962]	[   26]	              [in][desiredAccess]=2
[2016-08-04 09:52:17.962]	[   26]	              [in][attributes]=SBSftpCommon.TElSftpFileAttributes
[2016-08-04 09:52:17.962]	[   26]	              [in][data]=
[2016-08-04 09:52:17.962]	[   26]	              [in][errorCode]=0
[2016-08-04 09:52:17.962]	[   26]	              [in][comment]=
[2016-08-04 09:52:17.962]	[   26]	              [out][data]=
[2016-08-04 09:52:17.962]	[   26]	              [out][errorCode]=0
[2016-08-04 09:52:17.962]	[   26]	              [out][comment]=
[2016-08-04 09:52:17.962]	[   26]	SFTPOperations.OnOpenFile EXIT
[2016-08-04 09:52:17.962]	[   26]	=============================================================
[2016-08-04 09:52:17.963]	[   26]	=============================================================
[2016-08-04 09:52:17.965]	[   26]	SFTPOperations.OnWriteFile ENTER (1)
[2016-08-04 09:52:17.965]	[   26]	              [in][sender]=SBSftpServer.TElSFTPServer
[2016-08-04 09:52:17.965]	[   26]	              [in][data]=System.IO.FileStream
[2016-08-04 09:52:17.965]	[   26]	              [in][offset]=0
[2016-08-04 09:52:17.965]	[   26]	              [in][buffer]=System.Byte[]
[2016-08-04 09:52:17.965]	[   26]	              [in][bufferOffset]=25
[2016-08-04 09:52:17.965]	[   26]	              [in][count]=1
[2016-08-04 09:52:17.965]	[   26]	              [in][errorCode]=0
[2016-08-04 09:52:17.965]	[   26]	              [in][comment]=
[2016-08-04 09:52:17.965]	[   26]	              [out][errorCode]=0
[2016-08-04 09:52:17.966]	[   26]	              [out][comment]=
[2016-08-04 09:52:17.966]	[   26]	SFTPOperations.OnWriteFile EXIT
[2016-08-04 09:52:17.966]	[   26]	=============================================================
[2016-08-04 09:52:17.966]	[   26]	=============================================================
[2016-08-04 09:52:17.966]	[   26]	SFTPOperations.OnCloseHandle ENTER (1)
[2016-08-04 09:52:17.966]	[   26]	              [in][sender]=SBSftpServer.TElSFTPServer
[2016-08-04 09:52:17.966]	[   26]	              [in][data]=System.IO.FileStream
[2016-08-04 09:52:17.966]	[   26]	              [in][errorCode]=0
[2016-08-04 09:52:17.966]	[   26]	              [in][comment]=
[2016-08-04 09:52:17.967]	[   26]	              [out][errorCode]=0
[2016-08-04 09:52:17.967]	[   26]	              [out][comment]=
[2016-08-04 09:52:17.967]	[   26]	SFTPOperations.OnCloseHandle EXIT
[2016-08-04 09:52:17.967]	[   26]	=============================================================
[2016-08-04 09:52:17.967]	[   26]	=============================================================
[2016-08-04 09:52:17.967]	[   26]	SFTPOperations.OnFindFirst ENTER 
[2016-08-04 09:52:17.967]	[   26]	              [in][sender]=SBSftpServer.TElSFTPServer
[2016-08-04 09:52:17.967]	[   26]	              [in][path]=\\TestSession_9ad9f4a7-b96c-4547-88a5-c7656dc2b5c1
[2016-08-04 09:52:17.967]	[   26]	              [in][data]=
[2016-08-04 09:52:17.967]	[   26]	              [in][info]=SBSftpCommon.TElSftpFileInfo
[2016-08-04 09:52:17.967]	[   26]	              [in][errorCode]=0
[2016-08-04 09:52:17.967]	[   26]	              [in][comment]=
[2016-08-04 09:52:17.968]	[   26]	              [out][data]=
[2016-08-04 09:52:17.968]	[   26]	              [out][errorCode]=0
[2016-08-04 09:52:17.968]	[   26]	              [out][comment]=
[2016-08-04 09:52:17.968]	[   26]	SFTPOperations.OnFindFirst EXIT
[2016-08-04 09:52:17.968]	[   26]	=============================================================
[2016-08-04 09:52:17.970]	[   26]	=============================================================
[2016-08-04 09:52:17.970]	[   26]	SFTPOperations.OnFindNext ENTER 
[2016-08-04 09:52:17.970]	[   26]	              [in][sender]=SBSftpServer.TElSFTPServer
[2016-08-04 09:52:17.970]	[   26]	              [in][data]=
[2016-08-04 09:52:17.970]	[   26]	              [in][info]=SBSftpCommon.TElSftpFileInfo
[2016-08-04 09:52:17.970]	[   26]	              [in][errorCode]=0
[2016-08-04 09:52:17.970]	[   26]	              [in][comment]=
[2016-08-04 09:52:17.971]	[   26]	              [out][errorCode]=0
[2016-08-04 09:52:17.971]	[   26]	              [out][comment]=
[2016-08-04 09:52:17.971]	[   26]	SFTPOperations.OnFindNext EXIT
[2016-08-04 09:52:17.971]	[   26]	=============================================================
[2016-08-04 09:52:17.971]	[   26]	=============================================================
[2016-08-04 09:52:17.971]	[   26]	SFTPOperations.OnFindNext ENTER 
[2016-08-04 09:52:17.971]	[   26]	              [in][sender]=SBSftpServer.TElSFTPServer
[2016-08-04 09:52:17.971]	[   26]	              [in][data]=
[2016-08-04 09:52:17.971]	[   26]	              [in][info]=SBSftpCommon.TElSftpFileInfo
[2016-08-04 09:52:17.971]	[   26]	              [in][errorCode]=0
[2016-08-04 09:52:17.971]	[   26]	              [in][comment]=
[2016-08-04 09:52:17.971]	[   26]	              [out][errorCode]=0
[2016-08-04 09:52:17.972]	[   26]	              [out][comment]=
[2016-08-04 09:52:17.972]	[   26]	SFTPOperations.OnFindNext EXIT
[2016-08-04 09:52:17.972]	[   26]	=============================================================
[2016-08-04 09:52:17.972]	[   26]	=============================================================
[2016-08-04 09:52:17.972]	[   26]	SFTPOperations.OnFindNext ENTER 
[2016-08-04 09:52:17.972]	[   26]	              [in][sender]=SBSftpServer.TElSFTPServer
[2016-08-04 09:52:17.972]	[   26]	              [in][data]=
[2016-08-04 09:52:17.972]	[   26]	              [in][info]=SBSftpCommon.TElSftpFileInfo
[2016-08-04 09:52:17.972]	[   26]	              [in][errorCode]=0
[2016-08-04 09:52:17.972]	[   26]	              [in][comment]=
[2016-08-04 09:52:17.972]	[   26]	              [out][errorCode]=0
[2016-08-04 09:52:17.972]	[   26]	              [out][comment]=
[2016-08-04 09:52:17.972]	[   26]	SFTPOperations.OnFindNext EXIT
[2016-08-04 09:52:17.972]	[   26]	=============================================================
[2016-08-04 09:52:17.976]	[   26]	=============================================================
[2016-08-04 09:52:17.976]	[   26]	SFTPOperations.OnFindClose ENTER 
[2016-08-04 09:52:17.976]	[   26]	              [in][sender]=SBSftpServer.TElSFTPServer
[2016-08-04 09:52:17.976]	[   26]	              [in][searchRec]=
[2016-08-04 09:52:17.976]	[   26]	              [in][errorCode]=1
[2016-08-04 09:52:17.976]	[   26]	              [in][comment]=
[2016-08-04 09:52:17.976]	[   26]	              [out][errorCode]=1
[2016-08-04 09:52:17.976]	[   26]	              [out][comment]=
[2016-08-04 09:52:17.976]	[   26]	SFTPOperations.OnFindClose EXIT
[2016-08-04 09:52:17.976]	[   26]	=============================================================
[2016-08-04 09:52:17.978]	[   26]	=============================================================
[2016-08-04 09:52:17.978]	[   26]	SFTPOperations.OnRemove ENTER 
[2016-08-04 09:52:17.978]	[   26]	              [in][sender]=SBSftpServer.TElSFTPServer
[2016-08-04 09:52:17.978]	[   26]	              [in][path]=\\TestSession_9ad9f4a7-b96c-4547-88a5-c7656dc2b5c1\725efa4c-5ebb-4b4d-ae9d-55873b0c47d7.txt
[2016-08-04 09:52:17.978]	[   26]	              [in][errorCode]=0
[2016-08-04 09:52:17.978]	[   26]	              [in][comment]=
[2016-08-04 09:52:17.978]	[   26]	              [out][errorCode]=0
[2016-08-04 09:52:17.978]	[   26]	              [out][comment]=
[2016-08-04 09:52:17.978]	[   26]	SFTPOperations.OnRemove EXIT
[2016-08-04 09:52:17.978]	[   26]	=============================================================
[2016-08-04 09:52:17.979]	[   26]	=============================================================
[2016-08-04 09:52:17.979]	[   26]	SFTPOperations.OnFindFirst ENTER 
[2016-08-04 09:52:17.979]	[   26]	              [in][sender]=SBSftpServer.TElSFTPServer
[2016-08-04 09:52:17.979]	[   26]	              [in][path]=\\TestSession_9ad9f4a7-b96c-4547-88a5-c7656dc2b5c1
[2016-08-04 09:52:17.980]	[   26]	              [in][data]=
[2016-08-04 09:52:17.980]	[   26]	              [in][info]=SBSftpCommon.TElSftpFileInfo
[2016-08-04 09:52:17.980]	[   26]	              [in][errorCode]=0
[2016-08-04 09:52:17.980]	[   26]	              [in][comment]=
[2016-08-04 09:52:17.980]	[   26]	              [out][data]=
[2016-08-04 09:52:17.980]	[   26]	              [out][errorCode]=0
[2016-08-04 09:52:17.980]	[   26]	              [out][comment]=
[2016-08-04 09:52:17.980]	[   26]	SFTPOperations.OnFindFirst EXIT
[2016-08-04 09:52:17.980]	[   26]	=============================================================
[2016-08-04 09:52:17.981]	[   26]	=============================================================
[2016-08-04 09:52:17.981]	[   26]	SFTPOperations.OnFindNext ENTER 
[2016-08-04 09:52:17.981]	[   26]	              [in][sender]=SBSftpServer.TElSFTPServer
[2016-08-04 09:52:17.981]	[   26]	              [in][data]=
[2016-08-04 09:52:17.981]	[   26]	              [in][info]=SBSftpCommon.TElSftpFileInfo
[2016-08-04 09:52:17.981]	[   26]	              [in][errorCode]=0
[2016-08-04 09:52:17.981]	[   26]	              [in][comment]=
[2016-08-04 09:52:17.981]	[   26]	              [out][errorCode]=0
[2016-08-04 09:52:17.981]	[   26]	              [out][comment]=
[2016-08-04 09:52:17.981]	[   26]	SFTPOperations.OnFindNext EXIT
[2016-08-04 09:52:17.981]	[   26]	=============================================================
[2016-08-04 09:52:17.981]	[   26]	=============================================================
[2016-08-04 09:52:17.981]	[   26]	SFTPOperations.OnFindNext ENTER 
[2016-08-04 09:52:17.981]	[   26]	              [in][sender]=SBSftpServer.TElSFTPServer
[2016-08-04 09:52:17.981]	[   26]	              [in][data]=
[2016-08-04 09:52:17.981]	[   26]	              [in][info]=SBSftpCommon.TElSftpFileInfo
[2016-08-04 09:52:17.981]	[   26]	              [in][errorCode]=0
[2016-08-04 09:52:17.981]	[   26]	              [in][comment]=
[2016-08-04 09:52:17.981]	[   26]	              [out][errorCode]=0
[2016-08-04 09:52:17.981]	[   26]	              [out][comment]=
[2016-08-04 09:52:17.981]	[   26]	SFTPOperations.OnFindNext EXIT
[2016-08-04 09:52:17.981]	[   26]	=============================================================
[2016-08-04 09:52:17.982]	[   26]	=============================================================
[2016-08-04 09:52:17.982]	[   26]	SFTPOperations.OnFindClose ENTER 
[2016-08-04 09:52:17.982]	[   26]	              [in][sender]=SBSftpServer.TElSFTPServer
[2016-08-04 09:52:17.982]	[   26]	              [in][searchRec]=
[2016-08-04 09:52:17.982]	[   26]	              [in][errorCode]=1
[2016-08-04 09:52:17.982]	[   26]	              [in][comment]=
[2016-08-04 09:52:17.982]	[   26]	              [out][errorCode]=1
[2016-08-04 09:52:17.982]	[   26]	              [out][comment]=
[2016-08-04 09:52:17.982]	[   26]	SFTPOperations.OnFindClose EXIT
[2016-08-04 09:52:17.982]	[   26]	=============================================================
[2016-08-04 09:52:17.983]	[   18]	Socket receive operation failed: An established connection was aborted by the software in your host machine
[2016-08-04 09:52:17.983]	[   18]	Closing the socket
[2016-08-04 09:52:17.983]	[   18]	ServerListener.OnSessionClosed()
[2016-08-04 09:52:17.999]	[   34]	ServerListener.Listen : New connection available
[2016-08-04 09:52:18.000]	[   34]	Connection accepted. Active connections 1 from 20
[2016-08-04 09:52:18.145]	[   24]	Subsystem sftp opened
[2016-08-04 09:52:18.146]	[   24]	SFTP server started
[2016-08-04 09:52:18.146]	[   22]	=============================================================
[2016-08-04 09:52:18.146]	[   22]	SFTPOperations.OnOpen ENTER (2)
[2016-08-04 09:52:18.146]	[   22]	              [in][sender]=SBSftpServer.TElSFTPServer
[2016-08-04 09:52:18.146]	[   22]	SFTP connection established
[2016-08-04 09:52:18.146]	[   22]	SFTPOperations.OnOpen EXIT
[2016-08-04 09:52:18.146]	[   22]	=============================================================
[2016-08-04 09:52:18.147]	[   22]	=============================================================
[2016-08-04 09:52:18.147]	[   22]	SFTPOperations.OnRequestAbsolutePath ENTER 
[2016-08-04 09:52:18.147]	[   22]	              [in][sender]=SBSftpServer.TElSFTPServer
[2016-08-04 09:52:18.147]	[   22]	              [in][path]=.
[2016-08-04 09:52:18.147]	[   22]	              [in][absolutePath]=
[2016-08-04 09:52:18.147]	[   22]	              [in][control]=rcNoCheck
[2016-08-04 09:52:18.147]	[   22]	              [in][composePath]=SBStringList.TElStringList
[2016-08-04 09:52:18.147]	[   22]	              [in][errorCode]=0
[2016-08-04 09:52:18.147]	[   22]	              [in][comment]=
[2016-08-04 09:52:18.147]	[   22]	              [out][absolutePath]=
[2016-08-04 09:52:18.147]	[   22]	              [out][errorCode]=0
[2016-08-04 09:52:18.147]	[   22]	              [out][comment]=
[2016-08-04 09:52:18.147]	[   22]	SFTPOperations.OnRequestAbsolutePath EXIT
[2016-08-04 09:52:18.147]	[   22]	=============================================================
[2016-08-04 09:52:18.148]	[   22]	=============================================================
[2016-08-04 09:52:18.148]	[   22]	SFTPOperations.OnFindFirst ENTER 
[2016-08-04 09:52:18.148]	[   22]	              [in][sender]=SBSftpServer.TElSFTPServer
[2016-08-04 09:52:18.148]	[   22]	              [in][path]=\\TestSession_9ad9f4a7-b96c-4547-88a5-c7656dc2b5c1/
[2016-08-04 09:52:18.148]	[   22]	              [in][data]=
[2016-08-04 09:52:18.148]	[   22]	              [in][info]=SBSftpCommon.TElSftpFileInfo
[2016-08-04 09:52:18.148]	[   22]	              [in][errorCode]=0
[2016-08-04 09:52:18.148]	[   22]	              [in][comment]=
[2016-08-04 09:52:18.148]	[   22]	              [out][data]=
[2016-08-04 09:52:18.148]	[   22]	              [out][errorCode]=0
[2016-08-04 09:52:18.148]	[   22]	              [out][comment]=
[2016-08-04 09:52:18.148]	[   22]	SFTPOperations.OnFindFirst EXIT
[2016-08-04 09:52:18.148]	[   22]	=============================================================
[2016-08-04 09:52:18.149]	[   22]	=============================================================
[2016-08-04 09:52:18.149]	[   22]	SFTPOperations.OnFindNext ENTER 
[2016-08-04 09:52:18.149]	[   22]	              [in][sender]=SBSftpServer.TElSFTPServer
[2016-08-04 09:52:18.149]	[   22]	              [in][data]=
[2016-08-04 09:52:18.149]	[   22]	              [in][info]=SBSftpCommon.TElSftpFileInfo
[2016-08-04 09:52:18.149]	[   22]	              [in][errorCode]=0
[2016-08-04 09:52:18.149]	[   22]	              [in][comment]=
[2016-08-04 09:52:18.149]	[   22]	              [out][errorCode]=0
[2016-08-04 09:52:18.149]	[   22]	              [out][comment]=
[2016-08-04 09:52:18.149]	[   22]	SFTPOperations.OnFindNext EXIT
[2016-08-04 09:52:18.149]	[   22]	=============================================================
[2016-08-04 09:52:18.149]	[   22]	=============================================================
[2016-08-04 09:52:18.149]	[   22]	SFTPOperations.OnFindNext ENTER 
[2016-08-04 09:52:18.149]	[   22]	              [in][sender]=SBSftpServer.TElSFTPServer
[2016-08-04 09:52:18.149]	[   22]	              [in][data]=
[2016-08-04 09:52:18.149]	[   22]	              [in][info]=SBSftpCommon.TElSftpFileInfo
[2016-08-04 09:52:18.149]	[   22]	              [in][errorCode]=0
[2016-08-04 09:52:18.149]	[   22]	              [in][comment]=
[2016-08-04 09:52:18.149]	[   22]	              [out][errorCode]=0
[2016-08-04 09:52:18.150]	[   22]	              [out][comment]=
[2016-08-04 09:52:18.150]	[   22]	SFTPOperations.OnFindNext EXIT
[2016-08-04 09:52:18.150]	[   22]	=============================================================
[2016-08-04 09:52:18.150]	[   22]	=============================================================
[2016-08-04 09:52:18.150]	[   22]	SFTPOperations.OnFindClose ENTER 
[2016-08-04 09:52:18.150]	[   22]	              [in][sender]=SBSftpServer.TElSFTPServer
[2016-08-04 09:52:18.151]	[   22]	              [in][searchRec]=
[2016-08-04 09:52:18.151]	[   22]	              [in][errorCode]=1
[2016-08-04 09:52:18.151]	[   22]	              [in][comment]=
[2016-08-04 09:52:18.151]	[   22]	              [out][errorCode]=1
[2016-08-04 09:52:18.151]	[   22]	              [out][comment]=
[2016-08-04 09:52:18.151]	[   22]	SFTPOperations.OnFindClose EXIT
[2016-08-04 09:52:18.151]	[   22]	=============================================================
[2016-08-04 09:52:18.151]	[   22]	=============================================================
[2016-08-04 09:52:18.151]	[   22]	SFTPOperations.OnFindFirst ENTER 
[2016-08-04 09:52:18.151]	[   22]	              [in][sender]=SBSftpServer.TElSFTPServer
[2016-08-04 09:52:18.151]	[   22]	              [in][path]=\\TestSession_9ad9f4a7-b96c-4547-88a5-c7656dc2b5c1/
[2016-08-04 09:52:18.151]	[   22]	              [in][data]=
[2016-08-04 09:52:18.151]	[   22]	              [in][info]=SBSftpCommon.TElSftpFileInfo
[2016-08-04 09:52:18.151]	[   22]	              [in][errorCode]=0
[2016-08-04 09:52:18.151]	[   22]	              [in][comment]=
[2016-08-04 09:52:18.152]	[   22]	              [out][data]=
[2016-08-04 09:52:18.152]	[   22]	              [out][errorCode]=0
[2016-08-04 09:52:18.152]	[   22]	              [out][comment]=
[2016-08-04 09:52:18.152]	[   22]	SFTPOperations.OnFindFirst EXIT
[2016-08-04 09:52:18.152]	[   22]	=============================================================
[2016-08-04 09:52:18.232]	[   22]	=============================================================
[2016-08-04 09:52:18.232]	[   22]	SFTPOperations.OnFindNext ENTER 
[2016-08-04 09:52:18.232]	[   22]	              [in][sender]=SBSftpServer.TElSFTPServer
[2016-08-04 09:52:18.232]	[   22]	              [in][data]=
[2016-08-04 09:52:18.232]	[   22]	              [in][info]=SBSftpCommon.TElSftpFileInfo
[2016-08-04 09:52:18.232]	[   22]	              [in][errorCode]=0
[2016-08-04 09:52:18.232]	[   22]	              [in][comment]=
[2016-08-04 09:52:18.232]	[   22]	              [out][errorCode]=0
[2016-08-04 09:52:18.232]	[   22]	              [out][comment]=
[2016-08-04 09:52:18.232]	[   22]	SFTPOperations.OnFindNext EXIT
[2016-08-04 09:52:18.232]	[   22]	=============================================================
[2016-08-04 09:52:18.232]	[   22]	=============================================================
[2016-08-04 09:52:18.233]	[   22]	SFTPOperations.OnFindNext ENTER 
[2016-08-04 09:52:18.233]	[   22]	              [in][sender]=SBSftpServer.TElSFTPServer
[2016-08-04 09:52:18.233]	[   22]	              [in][data]=
[2016-08-04 09:52:18.233]	[   22]	              [in][info]=SBSftpCommon.TElSftpFileInfo
[2016-08-04 09:52:18.233]	[   22]	              [in][errorCode]=0
[2016-08-04 09:52:18.233]	[   22]	              [in][comment]=
[2016-08-04 09:52:18.233]	[   22]	              [out][errorCode]=0
[2016-08-04 09:52:18.233]	[   22]	              [out][comment]=
[2016-08-04 09:52:18.233]	[   22]	SFTPOperations.OnFindNext EXIT
[2016-08-04 09:52:18.233]	[   22]	=============================================================
[2016-08-04 09:52:18.234]	[   22]	=============================================================
[2016-08-04 09:52:18.234]	[   22]	SFTPOperations.OnFindClose ENTER 
[2016-08-04 09:52:18.234]	[   22]	              [in][sender]=SBSftpServer.TElSFTPServer
[2016-08-04 09:52:18.234]	[   22]	              [in][searchRec]=
[2016-08-04 09:52:18.234]	[   22]	              [in][errorCode]=1
[2016-08-04 09:52:18.234]	[   22]	              [in][comment]=
[2016-08-04 09:52:18.234]	[   22]	              [out][errorCode]=1
[2016-08-04 09:52:18.234]	[   22]	              [out][comment]=
[2016-08-04 09:52:18.234]	[   22]	SFTPOperations.OnFindClose EXIT
[2016-08-04 09:52:18.234]	[   22]	=============================================================
[2016-08-04 09:52:18.234]	[   22]	=============================================================
[2016-08-04 09:52:18.234]	[   22]	SFTPOperations.OnRemove ENTER 
[2016-08-04 09:52:18.234]	[   22]	              [in][sender]=SBSftpServer.TElSFTPServer
[2016-08-04 09:52:18.234]	[   22]	              [in][path]=\\TestSession_9ad9f4a7-b96c-4547-88a5-c7656dc2b5c1/
[2016-08-04 09:52:18.234]	[   22]	              [in][errorCode]=0
[2016-08-04 09:52:18.235]	[   22]	              [in][comment]=
[2016-08-04 09:52:18.235]	[   22]	              [out][errorCode]=0
[2016-08-04 09:52:18.235]	[   22]	              [out][comment]=
[2016-08-04 09:52:18.235]	[   22]	SFTPOperations.OnRemove EXIT
[2016-08-04 09:52:18.235]	[   22]	=============================================================
[2016-08-04 09:52:18.235]	[   24]	Closing the socket
[2016-08-04 09:52:18.235]	[   27]	Stopping socket listener
[2016-08-04 09:52:18.235]	[   24]	ServerListener.OnSessionClosed()
[2016-08-04 09:52:18.235]	[   27]	Socket listener stopped</StdOut>
      </Output>
    </UnitTestResult>
    <UnitTestResult executionId="63fa1468-eff1-4d8e-9048-a29fa4863af9" testId="e5e40439-d6ac-d68c-03e0-6d7150bbbfe9" testName="DeleteFile_NotExistingFile_ThrowsFtpException" computerName="ICSWS068" duration="00:00:00.5425148" startTime="2016-08-04T09:52:18.2499900+02:00" endTime="2016-08-04T09:52:18.7943796+02:00" testType="13cdc9d9-ddb5-4fa4-a97d-d965ccfc6d4b" outcome="Passed" testListId="8c84fa94-04c1-424b-9868-57a2d4851a1d" relativeResultsDirectory="63fa1468-eff1-4d8e-9048-a29fa4863af9">
      <Output>
        <StdOut>Debug Trace:
[2016-08-04 09:52:18.254]	[   14]	Starting SSH server listener...
[2016-08-04 09:52:18.255]	[   14]	SSH server listener started.
[2016-08-04 09:52:18.306]	[   26]	ServerListener.Listen : New connection available
[2016-08-04 09:52:18.306]	[   26]	Connection accepted. Active connections 1 from 20
[2016-08-04 09:52:18.414]	[   28]	Subsystem sftp opened
[2016-08-04 09:52:18.415]	[   28]	SFTP server started
[2016-08-04 09:52:18.416]	[   29]	=============================================================
[2016-08-04 09:52:18.416]	[   29]	SFTPOperations.OnOpen ENTER (3)
[2016-08-04 09:52:18.416]	[   29]	              [in][sender]=SBSftpServer.TElSFTPServer
[2016-08-04 09:52:18.416]	[   29]	SFTP connection established
[2016-08-04 09:52:18.416]	[   29]	SFTPOperations.OnOpen EXIT
[2016-08-04 09:52:18.416]	[   29]	=============================================================
[2016-08-04 09:52:18.416]	[   29]	=============================================================
[2016-08-04 09:52:18.416]	[   29]	SFTPOperations.OnRequestAbsolutePath ENTER 
[2016-08-04 09:52:18.416]	[   29]	              [in][sender]=SBSftpServer.TElSFTPServer
[2016-08-04 09:52:18.416]	[   29]	              [in][path]=.
[2016-08-04 09:52:18.416]	[   29]	              [in][absolutePath]=
[2016-08-04 09:52:18.416]	[   29]	              [in][control]=rcNoCheck
[2016-08-04 09:52:18.416]	[   29]	              [in][composePath]=SBStringList.TElStringList
[2016-08-04 09:52:18.416]	[   29]	              [in][errorCode]=0
[2016-08-04 09:52:18.416]	[   29]	              [in][comment]=
[2016-08-04 09:52:18.416]	[   29]	              [out][absolutePath]=
[2016-08-04 09:52:18.416]	[   29]	              [out][errorCode]=0
[2016-08-04 09:52:18.416]	[   29]	              [out][comment]=
[2016-08-04 09:52:18.416]	[   29]	SFTPOperations.OnRequestAbsolutePath EXIT
[2016-08-04 09:52:18.416]	[   29]	=============================================================
[2016-08-04 09:52:18.417]	[   29]	=============================================================
[2016-08-04 09:52:18.417]	[   29]	SFTPOperations.OnCreateDirectory ENTER 
[2016-08-04 09:52:18.417]	[   29]	              [in][sender]=SBSftpServer.TElSFTPServer
[2016-08-04 09:52:18.417]	[   29]	              [in][path]=\\TestSession_3d583c99-0ebe-4530-874c-52121e375d24
[2016-08-04 09:52:18.417]	[   29]	              [in][attributes]=
[2016-08-04 09:52:18.417]	[   29]	              [in][errorCode]=0
[2016-08-04 09:52:18.417]	[   29]	              [in][comment]=
[2016-08-04 09:52:18.417]	[   29]	              [out][errorCode]=0
[2016-08-04 09:52:18.417]	[   29]	              [out][comment]=
[2016-08-04 09:52:18.417]	[   29]	SFTPOperations.OnCreateDirectory EXIT
[2016-08-04 09:52:18.417]	[   29]	=============================================================
[2016-08-04 09:52:18.418]	[   28]	Socket receive operation failed: An established connection was aborted by the software in your host machine
[2016-08-04 09:52:18.418]	[   28]	Closing the socket
[2016-08-04 09:52:18.418]	[   28]	ServerListener.OnSessionClosed()
[2016-08-04 09:52:18.457]	[   26]	ServerListener.Listen : New connection available
[2016-08-04 09:52:18.457]	[   26]	Connection accepted. Active connections 1 from 20
[2016-08-04 09:52:18.583]	[   20]	Subsystem sftp opened
[2016-08-04 09:52:18.584]	[   20]	SFTP server started
[2016-08-04 09:52:18.585]	[   21]	=============================================================
[2016-08-04 09:52:18.585]	[   21]	SFTPOperations.OnOpen ENTER (1)
[2016-08-04 09:52:18.585]	[   21]	              [in][sender]=SBSftpServer.TElSFTPServer
[2016-08-04 09:52:18.585]	[   21]	SFTP connection established
[2016-08-04 09:52:18.585]	[   21]	SFTPOperations.OnOpen EXIT
[2016-08-04 09:52:18.585]	[   21]	=============================================================
[2016-08-04 09:52:18.585]	[   21]	=============================================================
[2016-08-04 09:52:18.585]	[   21]	SFTPOperations.OnRequestAbsolutePath ENTER 
[2016-08-04 09:52:18.585]	[   21]	              [in][sender]=SBSftpServer.TElSFTPServer
[2016-08-04 09:52:18.585]	[   21]	              [in][path]=.
[2016-08-04 09:52:18.585]	[   21]	              [in][absolutePath]=
[2016-08-04 09:52:18.585]	[   21]	              [in][control]=rcNoCheck
[2016-08-04 09:52:18.585]	[   21]	              [in][composePath]=SBStringList.TElStringList
[2016-08-04 09:52:18.585]	[   21]	              [in][errorCode]=0
[2016-08-04 09:52:18.585]	[   21]	              [in][comment]=
[2016-08-04 09:52:18.585]	[   21]	              [out][absolutePath]=
[2016-08-04 09:52:18.585]	[   21]	              [out][errorCode]=0
[2016-08-04 09:52:18.585]	[   21]	              [out][comment]=
[2016-08-04 09:52:18.585]	[   21]	SFTPOperations.OnRequestAbsolutePath EXIT
[2016-08-04 09:52:18.585]	[   21]	=============================================================
[2016-08-04 09:52:18.586]	[   21]	=============================================================
[2016-08-04 09:52:18.586]	[   21]	SFTPOperations.OnRemove ENTER 
[2016-08-04 09:52:18.586]	[   21]	              [in][sender]=SBSftpServer.TElSFTPServer
[2016-08-04 09:52:18.586]	[   21]	              [in][path]=\5da2b7f5-1b13-41dd-a815-b73ef9247753.txt
[2016-08-04 09:52:18.586]	[   21]	              [in][errorCode]=0
[2016-08-04 09:52:18.586]	[   21]	              [in][comment]=
[2016-08-04 09:52:18.586]	[   21]	              [out][errorCode]=0
[2016-08-04 09:52:18.586]	[   21]	              [out][comment]=
[2016-08-04 09:52:18.586]	[   21]	SFTPOperations.OnRemove EXIT
[2016-08-04 09:52:18.586]	[   21]	=============================================================
[2016-08-04 09:52:18.588]	[   20]	Socket receive operation failed: An established connection was aborted by the software in your host machine
[2016-08-04 09:52:18.588]	[   20]	Closing the socket
[2016-08-04 09:52:18.588]	[   20]	ServerListener.OnSessionClosed()
[2016-08-04 09:52:18.608]	[   26]	ServerListener.Listen : New connection available
[2016-08-04 09:52:18.610]	[   26]	Connection accepted. Active connections 1 from 20
[2016-08-04 09:52:18.761]	[   33]	Subsystem sftp opened
[2016-08-04 09:52:18.762]	[   33]	SFTP server started
[2016-08-04 09:52:18.763]	[   25]	=============================================================
[2016-08-04 09:52:18.764]	[   25]	SFTPOperations.OnOpen ENTER (2)
[2016-08-04 09:52:18.764]	[   25]	              [in][sender]=SBSftpServer.TElSFTPServer
[2016-08-04 09:52:18.764]	[   25]	SFTP connection established
[2016-08-04 09:52:18.764]	[   25]	SFTPOperations.OnOpen EXIT
[2016-08-04 09:52:18.764]	[   25]	=============================================================
[2016-08-04 09:52:18.764]	[   25]	=============================================================
[2016-08-04 09:52:18.764]	[   25]	SFTPOperations.OnRequestAbsolutePath ENTER 
[2016-08-04 09:52:18.764]	[   25]	              [in][sender]=SBSftpServer.TElSFTPServer
[2016-08-04 09:52:18.764]	[   25]	              [in][path]=.
[2016-08-04 09:52:18.764]	[   25]	              [in][absolutePath]=
[2016-08-04 09:52:18.764]	[   25]	              [in][control]=rcNoCheck
[2016-08-04 09:52:18.764]	[   25]	              [in][composePath]=SBStringList.TElStringList
[2016-08-04 09:52:18.764]	[   25]	              [in][errorCode]=0
[2016-08-04 09:52:18.764]	[   25]	              [in][comment]=
[2016-08-04 09:52:18.764]	[   25]	              [out][absolutePath]=
[2016-08-04 09:52:18.764]	[   25]	              [out][errorCode]=0
[2016-08-04 09:52:18.764]	[   25]	              [out][comment]=
[2016-08-04 09:52:18.764]	[   25]	SFTPOperations.OnRequestAbsolutePath EXIT
[2016-08-04 09:52:18.764]	[   25]	=============================================================
[2016-08-04 09:52:18.765]	[   25]	=============================================================
[2016-08-04 09:52:18.765]	[   25]	SFTPOperations.OnFindFirst ENTER 
[2016-08-04 09:52:18.765]	[   25]	              [in][sender]=SBSftpServer.TElSFTPServer
[2016-08-04 09:52:18.765]	[   25]	              [in][path]=\\TestSession_3d583c99-0ebe-4530-874c-52121e375d24/
[2016-08-04 09:52:18.765]	[   25]	              [in][data]=
[2016-08-04 09:52:18.765]	[   25]	              [in][info]=SBSftpCommon.TElSftpFileInfo
[2016-08-04 09:52:18.765]	[   25]	              [in][errorCode]=0
[2016-08-04 09:52:18.765]	[   25]	              [in][comment]=
[2016-08-04 09:52:18.765]	[   25]	              [out][data]=
[2016-08-04 09:52:18.765]	[   25]	              [out][errorCode]=0
[2016-08-04 09:52:18.765]	[   25]	              [out][comment]=
[2016-08-04 09:52:18.765]	[   25]	SFTPOperations.OnFindFirst EXIT
[2016-08-04 09:52:18.765]	[   25]	=============================================================
[2016-08-04 09:52:18.766]	[   25]	=============================================================
[2016-08-04 09:52:18.766]	[   25]	SFTPOperations.OnFindNext ENTER 
[2016-08-04 09:52:18.766]	[   25]	              [in][sender]=SBSftpServer.TElSFTPServer
[2016-08-04 09:52:18.766]	[   25]	              [in][data]=
[2016-08-04 09:52:18.766]	[   25]	              [in][info]=SBSftpCommon.TElSftpFileInfo
[2016-08-04 09:52:18.766]	[   25]	              [in][errorCode]=0
[2016-08-04 09:52:18.766]	[   25]	              [in][comment]=
[2016-08-04 09:52:18.766]	[   25]	              [out][errorCode]=0
[2016-08-04 09:52:18.766]	[   25]	              [out][comment]=
[2016-08-04 09:52:18.766]	[   25]	SFTPOperations.OnFindNext EXIT
[2016-08-04 09:52:18.766]	[   25]	=============================================================
[2016-08-04 09:52:18.766]	[   25]	=============================================================
[2016-08-04 09:52:18.766]	[   25]	SFTPOperations.OnFindNext ENTER 
[2016-08-04 09:52:18.766]	[   25]	              [in][sender]=SBSftpServer.TElSFTPServer
[2016-08-04 09:52:18.766]	[   25]	              [in][data]=
[2016-08-04 09:52:18.766]	[   25]	              [in][info]=SBSftpCommon.TElSftpFileInfo
[2016-08-04 09:52:18.766]	[   25]	              [in][errorCode]=0
[2016-08-04 09:52:18.766]	[   25]	              [in][comment]=
[2016-08-04 09:52:18.766]	[   25]	              [out][errorCode]=0
[2016-08-04 09:52:18.766]	[   25]	              [out][comment]=
[2016-08-04 09:52:18.766]	[   25]	SFTPOperations.OnFindNext EXIT
[2016-08-04 09:52:18.766]	[   25]	=============================================================
[2016-08-04 09:52:18.767]	[   25]	=============================================================
[2016-08-04 09:52:18.767]	[   25]	SFTPOperations.OnFindClose ENTER 
[2016-08-04 09:52:18.767]	[   25]	              [in][sender]=SBSftpServer.TElSFTPServer
[2016-08-04 09:52:18.767]	[   25]	              [in][searchRec]=
[2016-08-04 09:52:18.767]	[   25]	              [in][errorCode]=1
[2016-08-04 09:52:18.767]	[   25]	              [in][comment]=
[2016-08-04 09:52:18.767]	[   25]	              [out][errorCode]=1
[2016-08-04 09:52:18.767]	[   25]	              [out][comment]=
[2016-08-04 09:52:18.767]	[   25]	SFTPOperations.OnFindClose EXIT
[2016-08-04 09:52:18.767]	[   25]	=============================================================
[2016-08-04 09:52:18.768]	[   25]	=============================================================
[2016-08-04 09:52:18.768]	[   25]	SFTPOperations.OnFindFirst ENTER 
[2016-08-04 09:52:18.768]	[   25]	              [in][sender]=SBSftpServer.TElSFTPServer
[2016-08-04 09:52:18.768]	[   25]	              [in][path]=\\TestSession_3d583c99-0ebe-4530-874c-52121e375d24/
[2016-08-04 09:52:18.768]	[   25]	              [in][data]=
[2016-08-04 09:52:18.768]	[   25]	              [in][info]=SBSftpCommon.TElSftpFileInfo
[2016-08-04 09:52:18.768]	[   25]	              [in][errorCode]=0
[2016-08-04 09:52:18.768]	[   25]	              [in][comment]=
[2016-08-04 09:52:18.768]	[   25]	              [out][data]=
[2016-08-04 09:52:18.768]	[   25]	              [out][errorCode]=0
[2016-08-04 09:52:18.768]	[   25]	              [out][comment]=
[2016-08-04 09:52:18.768]	[   25]	SFTPOperations.OnFindFirst EXIT
[2016-08-04 09:52:18.768]	[   25]	=============================================================
[2016-08-04 09:52:18.768]	[   25]	=============================================================
[2016-08-04 09:52:18.769]	[   25]	SFTPOperations.OnFindNext ENTER 
[2016-08-04 09:52:18.769]	[   25]	              [in][sender]=SBSftpServer.TElSFTPServer
[2016-08-04 09:52:18.769]	[   25]	              [in][data]=
[2016-08-04 09:52:18.769]	[   25]	              [in][info]=SBSftpCommon.TElSftpFileInfo
[2016-08-04 09:52:18.769]	[   25]	              [in][errorCode]=0
[2016-08-04 09:52:18.769]	[   25]	              [in][comment]=
[2016-08-04 09:52:18.769]	[   25]	              [out][errorCode]=0
[2016-08-04 09:52:18.769]	[   25]	              [out][comment]=
[2016-08-04 09:52:18.769]	[   25]	SFTPOperations.OnFindNext EXIT
[2016-08-04 09:52:18.769]	[   25]	=============================================================
[2016-08-04 09:52:18.769]	[   25]	=============================================================
[2016-08-04 09:52:18.769]	[   25]	SFTPOperations.OnFindNext ENTER 
[2016-08-04 09:52:18.769]	[   25]	              [in][sender]=SBSftpServer.TElSFTPServer
[2016-08-04 09:52:18.769]	[   25]	              [in][data]=
[2016-08-04 09:52:18.769]	[   25]	              [in][info]=SBSftpCommon.TElSftpFileInfo
[2016-08-04 09:52:18.769]	[   25]	              [in][errorCode]=0
[2016-08-04 09:52:18.769]	[   25]	              [in][comment]=
[2016-08-04 09:52:18.769]	[   25]	              [out][errorCode]=0
[2016-08-04 09:52:18.769]	[   25]	              [out][comment]=
[2016-08-04 09:52:18.769]	[   25]	SFTPOperations.OnFindNext EXIT
[2016-08-04 09:52:18.769]	[   25]	=============================================================
[2016-08-04 09:52:18.772]	[   25]	=============================================================
[2016-08-04 09:52:18.772]	[   25]	SFTPOperations.OnFindClose ENTER 
[2016-08-04 09:52:18.772]	[   25]	              [in][sender]=SBSftpServer.TElSFTPServer
[2016-08-04 09:52:18.772]	[   25]	              [in][searchRec]=
[2016-08-04 09:52:18.772]	[   25]	              [in][errorCode]=1
[2016-08-04 09:52:18.772]	[   25]	              [in][comment]=
[2016-08-04 09:52:18.772]	[   25]	              [out][errorCode]=1
[2016-08-04 09:52:18.772]	[   25]	              [out][comment]=
[2016-08-04 09:52:18.772]	[   25]	SFTPOperations.OnFindClose EXIT
[2016-08-04 09:52:18.772]	[   25]	=============================================================
[2016-08-04 09:52:18.773]	[   25]	=============================================================
[2016-08-04 09:52:18.773]	[   25]	SFTPOperations.OnRemove ENTER 
[2016-08-04 09:52:18.773]	[   25]	              [in][sender]=SBSftpServer.TElSFTPServer
[2016-08-04 09:52:18.773]	[   25]	              [in][path]=\\TestSession_3d583c99-0ebe-4530-874c-52121e375d24/
[2016-08-04 09:52:18.773]	[   25]	              [in][errorCode]=0
[2016-08-04 09:52:18.773]	[   25]	              [in][comment]=
[2016-08-04 09:52:18.773]	[   25]	              [out][errorCode]=0
[2016-08-04 09:52:18.773]	[   25]	              [out][comment]=
[2016-08-04 09:52:18.773]	[   25]	SFTPOperations.OnRemove EXIT
[2016-08-04 09:52:18.773]	[   25]	=============================================================
[2016-08-04 09:52:18.774]	[   14]	Stopping socket listener
[2016-08-04 09:52:18.774]	[   14]	Socket listener stopped
[2016-08-04 09:52:18.774]	[   33]	Socket receive operation failed: An established connection was aborted by the software in your host machine
[2016-08-04 09:52:18.774]	[   33]	Closing the socket
[2016-08-04 09:52:18.774]	[   33]	ServerListener.OnSessionClosed()</StdOut>
      </Output>
    </UnitTestResult>
    <UnitTestResult executionId="8f52e178-1384-4ddc-afc5-1ce3f560693f" testId="ee084dee-8492-2c38-b0ae-66a3b540a03d" testName="DeleteFile_NotLoggedin_ThrowsFtpException" computerName="ICSWS068" duration="00:00:00.3841760" startTime="2016-08-04T09:52:18.7978822+02:00" endTime="2016-08-04T09:52:19.1836583+02:00" testType="13cdc9d9-ddb5-4fa4-a97d-d965ccfc6d4b" outcome="Passed" testListId="8c84fa94-04c1-424b-9868-57a2d4851a1d" relativeResultsDirectory="8f52e178-1384-4ddc-afc5-1ce3f560693f">
      <Output>
        <StdOut>Debug Trace:
[2016-08-04 09:52:18.806]	[   30]	Starting SSH server listener...
[2016-08-04 09:52:18.807]	[   30]	SSH server listener started.
[2016-08-04 09:52:18.857]	[   13]	ServerListener.Listen : New connection available
[2016-08-04 09:52:18.867]	[   13]	Connection accepted. Active connections 1 from 20
[2016-08-04 09:52:18.994]	[   31]	Subsystem sftp opened
[2016-08-04 09:52:18.994]	[   31]	SFTP server started
[2016-08-04 09:52:18.995]	[   32]	=============================================================
[2016-08-04 09:52:18.995]	[   32]	SFTPOperations.OnOpen ENTER (3)
[2016-08-04 09:52:18.995]	[   32]	              [in][sender]=SBSftpServer.TElSFTPServer
[2016-08-04 09:52:18.995]	[   32]	SFTP connection established
[2016-08-04 09:52:18.995]	[   32]	SFTPOperations.OnOpen EXIT
[2016-08-04 09:52:18.995]	[   32]	=============================================================
[2016-08-04 09:52:18.995]	[   32]	=============================================================
[2016-08-04 09:52:18.995]	[   32]	SFTPOperations.OnRequestAbsolutePath ENTER 
[2016-08-04 09:52:18.995]	[   32]	              [in][sender]=SBSftpServer.TElSFTPServer
[2016-08-04 09:52:18.995]	[   32]	              [in][path]=.
[2016-08-04 09:52:18.995]	[   32]	              [in][absolutePath]=
[2016-08-04 09:52:18.995]	[   32]	              [in][control]=rcNoCheck
[2016-08-04 09:52:18.995]	[   32]	              [in][composePath]=SBStringList.TElStringList
[2016-08-04 09:52:18.995]	[   32]	              [in][errorCode]=0
[2016-08-04 09:52:18.995]	[   32]	              [in][comment]=
[2016-08-04 09:52:18.995]	[   32]	              [out][absolutePath]=
[2016-08-04 09:52:18.995]	[   32]	              [out][errorCode]=0
[2016-08-04 09:52:18.995]	[   32]	              [out][comment]=
[2016-08-04 09:52:18.995]	[   32]	SFTPOperations.OnRequestAbsolutePath EXIT
[2016-08-04 09:52:18.995]	[   32]	=============================================================
[2016-08-04 09:52:18.996]	[   32]	=============================================================
[2016-08-04 09:52:18.996]	[   32]	SFTPOperations.OnCreateDirectory ENTER 
[2016-08-04 09:52:18.996]	[   32]	              [in][sender]=SBSftpServer.TElSFTPServer
[2016-08-04 09:52:18.996]	[   32]	              [in][path]=\\TestSession_d3453a1b-dd07-4c19-8c3e-dab01250e2a8
[2016-08-04 09:52:18.996]	[   32]	              [in][attributes]=
[2016-08-04 09:52:18.996]	[   32]	              [in][errorCode]=0
[2016-08-04 09:52:18.996]	[   32]	              [in][comment]=
[2016-08-04 09:52:18.996]	[   32]	              [out][errorCode]=0
[2016-08-04 09:52:18.996]	[   32]	              [out][comment]=
[2016-08-04 09:52:18.996]	[   32]	SFTPOperations.OnCreateDirectory EXIT
[2016-08-04 09:52:18.996]	[   32]	=============================================================
[2016-08-04 09:52:18.996]	[   31]	Socket receive operation failed: An established connection was aborted by the software in your host machine
[2016-08-04 09:52:18.996]	[   31]	Closing the socket
[2016-08-04 09:52:18.996]	[   31]	ServerListener.OnSessionClosed()
[2016-08-04 09:52:19.019]	[   13]	ServerListener.Listen : New connection available
[2016-08-04 09:52:19.019]	[   13]	Connection accepted. Active connections 1 from 20
[2016-08-04 09:52:19.150]	[   38]	Subsystem sftp opened
[2016-08-04 09:52:19.151]	[   38]	SFTP server started
[2016-08-04 09:52:19.152]	[   36]	=============================================================
[2016-08-04 09:52:19.152]	[   36]	SFTPOperations.OnOpen ENTER (1)
[2016-08-04 09:52:19.152]	[   36]	              [in][sender]=SBSftpServer.TElSFTPServer
[2016-08-04 09:52:19.152]	[   36]	SFTP connection established
[2016-08-04 09:52:19.152]	[   36]	SFTPOperations.OnOpen EXIT
[2016-08-04 09:52:19.152]	[   36]	=============================================================
[2016-08-04 09:52:19.152]	[   36]	=============================================================
[2016-08-04 09:52:19.152]	[   36]	SFTPOperations.OnRequestAbsolutePath ENTER 
[2016-08-04 09:52:19.152]	[   36]	              [in][sender]=SBSftpServer.TElSFTPServer
[2016-08-04 09:52:19.152]	[   36]	              [in][path]=.
[2016-08-04 09:52:19.152]	[   36]	              [in][absolutePath]=
[2016-08-04 09:52:19.152]	[   36]	              [in][control]=rcNoCheck
[2016-08-04 09:52:19.152]	[   36]	              [in][composePath]=SBStringList.TElStringList
[2016-08-04 09:52:19.152]	[   36]	              [in][errorCode]=0
[2016-08-04 09:52:19.152]	[   36]	              [in][comment]=
[2016-08-04 09:52:19.152]	[   36]	              [out][absolutePath]=
[2016-08-04 09:52:19.152]	[   36]	              [out][errorCode]=0
[2016-08-04 09:52:19.152]	[   36]	              [out][comment]=
[2016-08-04 09:52:19.152]	[   36]	SFTPOperations.OnRequestAbsolutePath EXIT
[2016-08-04 09:52:19.152]	[   36]	=============================================================
[2016-08-04 09:52:19.153]	[   36]	=============================================================
[2016-08-04 09:52:19.153]	[   36]	SFTPOperations.OnFindFirst ENTER 
[2016-08-04 09:52:19.153]	[   36]	              [in][sender]=SBSftpServer.TElSFTPServer
[2016-08-04 09:52:19.153]	[   36]	              [in][path]=\\TestSession_d3453a1b-dd07-4c19-8c3e-dab01250e2a8/
[2016-08-04 09:52:19.153]	[   36]	              [in][data]=
[2016-08-04 09:52:19.153]	[   36]	              [in][info]=SBSftpCommon.TElSftpFileInfo
[2016-08-04 09:52:19.153]	[   36]	              [in][errorCode]=0
[2016-08-04 09:52:19.153]	[   36]	              [in][comment]=
[2016-08-04 09:52:19.154]	[   36]	              [out][data]=
[2016-08-04 09:52:19.154]	[   36]	              [out][errorCode]=0
[2016-08-04 09:52:19.154]	[   36]	              [out][comment]=
[2016-08-04 09:52:19.154]	[   36]	SFTPOperations.OnFindFirst EXIT
[2016-08-04 09:52:19.154]	[   36]	=============================================================
[2016-08-04 09:52:19.154]	[   36]	=============================================================
[2016-08-04 09:52:19.154]	[   36]	SFTPOperations.OnFindNext ENTER 
[2016-08-04 09:52:19.155]	[   36]	              [in][sender]=SBSftpServer.TElSFTPServer
[2016-08-04 09:52:19.155]	[   36]	              [in][data]=
[2016-08-04 09:52:19.155]	[   36]	              [in][info]=SBSftpCommon.TElSftpFileInfo
[2016-08-04 09:52:19.155]	[   36]	              [in][errorCode]=0
[2016-08-04 09:52:19.155]	[   36]	              [in][comment]=
[2016-08-04 09:52:19.155]	[   36]	              [out][errorCode]=0
[2016-08-04 09:52:19.155]	[   36]	              [out][comment]=
[2016-08-04 09:52:19.155]	[   36]	SFTPOperations.OnFindNext EXIT
[2016-08-04 09:52:19.155]	[   36]	=============================================================
[2016-08-04 09:52:19.155]	[   36]	=============================================================
[2016-08-04 09:52:19.155]	[   36]	SFTPOperations.OnFindNext ENTER 
[2016-08-04 09:52:19.155]	[   36]	              [in][sender]=SBSftpServer.TElSFTPServer
[2016-08-04 09:52:19.155]	[   36]	              [in][data]=
[2016-08-04 09:52:19.155]	[   36]	              [in][info]=SBSftpCommon.TElSftpFileInfo
[2016-08-04 09:52:19.155]	[   36]	              [in][errorCode]=0
[2016-08-04 09:52:19.155]	[   36]	              [in][comment]=
[2016-08-04 09:52:19.155]	[   36]	              [out][errorCode]=0
[2016-08-04 09:52:19.155]	[   36]	              [out][comment]=
[2016-08-04 09:52:19.155]	[   36]	SFTPOperations.OnFindNext EXIT
[2016-08-04 09:52:19.155]	[   36]	=============================================================
[2016-08-04 09:52:19.156]	[   36]	=============================================================
[2016-08-04 09:52:19.156]	[   36]	SFTPOperations.OnFindClose ENTER 
[2016-08-04 09:52:19.156]	[   36]	              [in][sender]=SBSftpServer.TElSFTPServer
[2016-08-04 09:52:19.156]	[   36]	              [in][searchRec]=
[2016-08-04 09:52:19.156]	[   36]	              [in][errorCode]=1
[2016-08-04 09:52:19.156]	[   36]	              [in][comment]=
[2016-08-04 09:52:19.156]	[   36]	              [out][errorCode]=1
[2016-08-04 09:52:19.156]	[   36]	              [out][comment]=
[2016-08-04 09:52:19.156]	[   36]	SFTPOperations.OnFindClose EXIT
[2016-08-04 09:52:19.156]	[   36]	=============================================================
[2016-08-04 09:52:19.157]	[   36]	=============================================================
[2016-08-04 09:52:19.157]	[   36]	SFTPOperations.OnFindFirst ENTER 
[2016-08-04 09:52:19.157]	[   36]	              [in][sender]=SBSftpServer.TElSFTPServer
[2016-08-04 09:52:19.157]	[   36]	              [in][path]=\\TestSession_d3453a1b-dd07-4c19-8c3e-dab01250e2a8/
[2016-08-04 09:52:19.157]	[   36]	              [in][data]=
[2016-08-04 09:52:19.157]	[   36]	              [in][info]=SBSftpCommon.TElSftpFileInfo
[2016-08-04 09:52:19.157]	[   36]	              [in][errorCode]=0
[2016-08-04 09:52:19.157]	[   36]	              [in][comment]=
[2016-08-04 09:52:19.157]	[   36]	              [out][data]=
[2016-08-04 09:52:19.157]	[   36]	              [out][errorCode]=0
[2016-08-04 09:52:19.157]	[   36]	              [out][comment]=
[2016-08-04 09:52:19.157]	[   36]	SFTPOperations.OnFindFirst EXIT
[2016-08-04 09:52:19.157]	[   36]	=============================================================
[2016-08-04 09:52:19.158]	[   36]	=============================================================
[2016-08-04 09:52:19.158]	[   36]	SFTPOperations.OnFindNext ENTER 
[2016-08-04 09:52:19.158]	[   36]	              [in][sender]=SBSftpServer.TElSFTPServer
[2016-08-04 09:52:19.158]	[   36]	              [in][data]=
[2016-08-04 09:52:19.158]	[   36]	              [in][info]=SBSftpCommon.TElSftpFileInfo
[2016-08-04 09:52:19.158]	[   36]	              [in][errorCode]=0
[2016-08-04 09:52:19.158]	[   36]	              [in][comment]=
[2016-08-04 09:52:19.158]	[   36]	              [out][errorCode]=0
[2016-08-04 09:52:19.158]	[   36]	              [out][comment]=
[2016-08-04 09:52:19.158]	[   36]	SFTPOperations.OnFindNext EXIT
[2016-08-04 09:52:19.158]	[   36]	=============================================================
[2016-08-04 09:52:19.158]	[   36]	=============================================================
[2016-08-04 09:52:19.158]	[   36]	SFTPOperations.OnFindNext ENTER 
[2016-08-04 09:52:19.158]	[   36]	              [in][sender]=SBSftpServer.TElSFTPServer
[2016-08-04 09:52:19.158]	[   36]	              [in][data]=
[2016-08-04 09:52:19.158]	[   36]	              [in][info]=SBSftpCommon.TElSftpFileInfo
[2016-08-04 09:52:19.158]	[   36]	              [in][errorCode]=0
[2016-08-04 09:52:19.158]	[   36]	              [in][comment]=
[2016-08-04 09:52:19.159]	[   36]	              [out][errorCode]=0
[2016-08-04 09:52:19.159]	[   36]	              [out][comment]=
[2016-08-04 09:52:19.159]	[   36]	SFTPOperations.OnFindNext EXIT
[2016-08-04 09:52:19.159]	[   36]	=============================================================
[2016-08-04 09:52:19.160]	[   36]	=============================================================
[2016-08-04 09:52:19.160]	[   36]	SFTPOperations.OnFindClose ENTER 
[2016-08-04 09:52:19.161]	[   36]	              [in][sender]=SBSftpServer.TElSFTPServer
[2016-08-04 09:52:19.161]	[   36]	              [in][searchRec]=
[2016-08-04 09:52:19.161]	[   36]	              [in][errorCode]=1
[2016-08-04 09:52:19.161]	[   36]	              [in][comment]=
[2016-08-04 09:52:19.161]	[   36]	              [out][errorCode]=1
[2016-08-04 09:52:19.161]	[   36]	              [out][comment]=
[2016-08-04 09:52:19.161]	[   36]	SFTPOperations.OnFindClose EXIT
[2016-08-04 09:52:19.161]	[   36]	=============================================================
[2016-08-04 09:52:19.162]	[   36]	=============================================================
[2016-08-04 09:52:19.162]	[   36]	SFTPOperations.OnRemove ENTER 
[2016-08-04 09:52:19.162]	[   36]	              [in][sender]=SBSftpServer.TElSFTPServer
[2016-08-04 09:52:19.162]	[   36]	              [in][path]=\\TestSession_d3453a1b-dd07-4c19-8c3e-dab01250e2a8/
[2016-08-04 09:52:19.162]	[   36]	              [in][errorCode]=0
[2016-08-04 09:52:19.162]	[   36]	              [in][comment]=
[2016-08-04 09:52:19.162]	[   36]	              [out][errorCode]=0
[2016-08-04 09:52:19.162]	[   36]	              [out][comment]=
[2016-08-04 09:52:19.162]	[   36]	SFTPOperations.OnRemove EXIT
[2016-08-04 09:52:19.162]	[   36]	=============================================================
[2016-08-04 09:52:19.163]	[   30]	Stopping socket listener
[2016-08-04 09:52:19.163]	[   30]	Socket listener stopped
[2016-08-04 09:52:19.163]	[   38]	Socket receive operation failed: An established connection was aborted by the software in your host machine
[2016-08-04 09:52:19.163]	[   38]	Closing the socket
[2016-08-04 09:52:19.163]	[   38]	ServerListener.OnSessionClosed()</StdOut>
      </Output>
    </UnitTestResult>
    <UnitTestResult executionId="e06f3cd0-0722-42d5-844b-4dfab3c6e557" testId="b939b3f5-f329-1306-7a5a-bb9c491828cc" testName="DownloadFile_ExistingFile_Success" computerName="ICSWS068" duration="00:00:00.6515163" startTime="2016-08-04T09:52:19.1906632+02:00" endTime="2016-08-04T09:52:19.8456321+02:00" testType="13cdc9d9-ddb5-4fa4-a97d-d965ccfc6d4b" outcome="Passed" testListId="8c84fa94-04c1-424b-9868-57a2d4851a1d" relativeResultsDirectory="e06f3cd0-0722-42d5-844b-4dfab3c6e557">
      <Output>
        <StdOut>Debug Trace:
[2016-08-04 09:52:19.198]	[   39]	Starting SSH server listener...
[2016-08-04 09:52:19.199]	[   39]	SSH server listener started.
[2016-08-04 09:52:19.249]	[   35]	ServerListener.Listen : New connection available
[2016-08-04 09:52:19.250]	[   35]	Connection accepted. Active connections 1 from 20
[2016-08-04 09:52:19.390]	[   40]	Subsystem sftp opened
[2016-08-04 09:52:19.391]	[   40]	SFTP server started
[2016-08-04 09:52:19.391]	[   41]	=============================================================
[2016-08-04 09:52:19.392]	[   41]	SFTPOperations.OnOpen ENTER (2)
[2016-08-04 09:52:19.392]	[   41]	              [in][sender]=SBSftpServer.TElSFTPServer
[2016-08-04 09:52:19.392]	[   41]	SFTP connection established
[2016-08-04 09:52:19.392]	[   41]	SFTPOperations.OnOpen EXIT
[2016-08-04 09:52:19.392]	[   41]	=============================================================
[2016-08-04 09:52:19.392]	[   41]	=============================================================
[2016-08-04 09:52:19.392]	[   41]	SFTPOperations.OnRequestAbsolutePath ENTER 
[2016-08-04 09:52:19.392]	[   41]	              [in][sender]=SBSftpServer.TElSFTPServer
[2016-08-04 09:52:19.392]	[   41]	              [in][path]=.
[2016-08-04 09:52:19.392]	[   41]	              [in][absolutePath]=
[2016-08-04 09:52:19.392]	[   41]	              [in][control]=rcNoCheck
[2016-08-04 09:52:19.392]	[   41]	              [in][composePath]=SBStringList.TElStringList
[2016-08-04 09:52:19.392]	[   41]	              [in][errorCode]=0
[2016-08-04 09:52:19.392]	[   41]	              [in][comment]=
[2016-08-04 09:52:19.392]	[   41]	              [out][absolutePath]=
[2016-08-04 09:52:19.392]	[   41]	              [out][errorCode]=0
[2016-08-04 09:52:19.392]	[   41]	              [out][comment]=
[2016-08-04 09:52:19.392]	[   41]	SFTPOperations.OnRequestAbsolutePath EXIT
[2016-08-04 09:52:19.392]	[   41]	=============================================================
[2016-08-04 09:52:19.393]	[   41]	=============================================================
[2016-08-04 09:52:19.393]	[   41]	SFTPOperations.OnCreateDirectory ENTER 
[2016-08-04 09:52:19.393]	[   41]	              [in][sender]=SBSftpServer.TElSFTPServer
[2016-08-04 09:52:19.393]	[   41]	              [in][path]=\\TestSession_53894359-797e-4e70-a2a5-60faa2fcb5ff
[2016-08-04 09:52:19.393]	[   41]	              [in][attributes]=
[2016-08-04 09:52:19.393]	[   41]	              [in][errorCode]=0
[2016-08-04 09:52:19.393]	[   41]	              [in][comment]=
[2016-08-04 09:52:19.393]	[   41]	              [out][errorCode]=0
[2016-08-04 09:52:19.393]	[   41]	              [out][comment]=
[2016-08-04 09:52:19.393]	[   41]	SFTPOperations.OnCreateDirectory EXIT
[2016-08-04 09:52:19.393]	[   41]	=============================================================
[2016-08-04 09:52:19.395]	[   40]	Socket receive operation failed: An established connection was aborted by the software in your host machine
[2016-08-04 09:52:19.395]	[   40]	Closing the socket
[2016-08-04 09:52:19.395]	[   40]	ServerListener.OnSessionClosed()
[2016-08-04 09:52:19.401]	[   35]	ServerListener.Listen : New connection available
[2016-08-04 09:52:19.402]	[   35]	Connection accepted. Active connections 1 from 20
[2016-08-04 09:52:19.552]	[   42]	Subsystem sftp opened
[2016-08-04 09:52:19.554]	[   42]	SFTP server started
[2016-08-04 09:52:19.563]	[   43]	=============================================================
[2016-08-04 09:52:19.563]	[   43]	SFTPOperations.OnOpen ENTER (1)
[2016-08-04 09:52:19.563]	[   43]	              [in][sender]=SBSftpServer.TElSFTPServer
[2016-08-04 09:52:19.563]	[   43]	SFTP connection established
[2016-08-04 09:52:19.563]	[   43]	SFTPOperations.OnOpen EXIT
[2016-08-04 09:52:19.563]	[   43]	=============================================================
[2016-08-04 09:52:19.564]	[   43]	=============================================================
[2016-08-04 09:52:19.564]	[   43]	SFTPOperations.OnRequestAbsolutePath ENTER 
[2016-08-04 09:52:19.564]	[   43]	              [in][sender]=SBSftpServer.TElSFTPServer
[2016-08-04 09:52:19.564]	[   43]	              [in][path]=.
[2016-08-04 09:52:19.564]	[   43]	              [in][absolutePath]=
[2016-08-04 09:52:19.564]	[   43]	              [in][control]=rcNoCheck
[2016-08-04 09:52:19.564]	[   43]	              [in][composePath]=SBStringList.TElStringList
[2016-08-04 09:52:19.564]	[   43]	              [in][errorCode]=0
[2016-08-04 09:52:19.564]	[   43]	              [in][comment]=
[2016-08-04 09:52:19.564]	[   43]	              [out][absolutePath]=
[2016-08-04 09:52:19.564]	[   43]	              [out][errorCode]=0
[2016-08-04 09:52:19.564]	[   43]	              [out][comment]=
[2016-08-04 09:52:19.564]	[   43]	SFTPOperations.OnRequestAbsolutePath EXIT
[2016-08-04 09:52:19.564]	[   43]	=============================================================
[2016-08-04 09:52:19.564]	[   43]	=============================================================
[2016-08-04 09:52:19.564]	[   43]	SFTPOperations.OnRequestAttributes ENTER 
[2016-08-04 09:52:19.564]	[   43]	              [in][sender]=SBSftpServer.TElSFTPServer
[2016-08-04 09:52:19.564]	[   43]	              [in][path]=\\TestSession_53894359-797e-4e70-a2a5-60faa2fcb5ff
[2016-08-04 09:52:19.564]	[   43]	              [in][followSymLinks]=True
[2016-08-04 09:52:19.564]	[   43]	              [in][attributes]=SBSftpCommon.TElSftpFileAttributes
[2016-08-04 09:52:19.564]	[   43]	              [in][errorCode]=0
[2016-08-04 09:52:19.564]	[   43]	              [in][comment]=
[2016-08-04 09:52:19.564]	[   43]	              [out][errorCode]=0
[2016-08-04 09:52:19.564]	[   43]	              [out][comment]=
[2016-08-04 09:52:19.564]	[   43]	SFTPOperations.OnRequestAttributes EXIT
[2016-08-04 09:52:19.564]	[   43]	=============================================================
[2016-08-04 09:52:19.565]	[   43]	=============================================================
[2016-08-04 09:52:19.565]	[   43]	SFTPOperations.OnOpenFile ENTER (1)
[2016-08-04 09:52:19.565]	[   43]	              [in][sender]=SBSftpServer.TElSFTPServer
[2016-08-04 09:52:19.565]	[   43]	              [in][path]=\\TestSession_53894359-797e-4e70-a2a5-60faa2fcb5ff\ee23b979-b335-49c7-8d7c-e0fb3bd7ec4b.txt
[2016-08-04 09:52:19.565]	[   43]	              [in][modes]=26
[2016-08-04 09:52:19.565]	[   43]	              [in][Access]=0
[2016-08-04 09:52:19.565]	[   43]	              [in][desiredAccess]=2
[2016-08-04 09:52:19.565]	[   43]	              [in][attributes]=SBSftpCommon.TElSftpFileAttributes
[2016-08-04 09:52:19.565]	[   43]	              [in][data]=
[2016-08-04 09:52:19.565]	[   43]	              [in][errorCode]=0
[2016-08-04 09:52:19.565]	[   43]	              [in][comment]=
[2016-08-04 09:52:19.565]	[   43]	              [out][data]=
[2016-08-04 09:52:19.565]	[   43]	              [out][errorCode]=0
[2016-08-04 09:52:19.565]	[   43]	              [out][comment]=
[2016-08-04 09:52:19.565]	[   43]	SFTPOperations.OnOpenFile EXIT
[2016-08-04 09:52:19.565]	[   43]	=============================================================
[2016-08-04 09:52:19.565]	[   43]	=============================================================
[2016-08-04 09:52:19.566]	[   43]	SFTPOperations.OnWriteFile ENTER (1)
[2016-08-04 09:52:19.566]	[   43]	              [in][sender]=SBSftpServer.TElSFTPServer
[2016-08-04 09:52:19.566]	[   43]	              [in][data]=System.IO.FileStream
[2016-08-04 09:52:19.566]	[   43]	              [in][offset]=0
[2016-08-04 09:52:19.566]	[   43]	              [in][buffer]=System.Byte[]
[2016-08-04 09:52:19.566]	[   43]	              [in][bufferOffset]=25
[2016-08-04 09:52:19.566]	[   43]	              [in][count]=12
[2016-08-04 09:52:19.566]	[   43]	              [in][errorCode]=0
[2016-08-04 09:52:19.566]	[   43]	              [in][comment]=
[2016-08-04 09:52:19.566]	[   43]	              [out][errorCode]=0
[2016-08-04 09:52:19.566]	[   43]	              [out][comment]=
[2016-08-04 09:52:19.566]	[   43]	SFTPOperations.OnWriteFile EXIT
[2016-08-04 09:52:19.566]	[   43]	=============================================================
[2016-08-04 09:52:19.566]	[   43]	=============================================================
[2016-08-04 09:52:19.566]	[   43]	SFTPOperations.OnCloseHandle ENTER (1)
[2016-08-04 09:52:19.566]	[   43]	              [in][sender]=SBSftpServer.TElSFTPServer
[2016-08-04 09:52:19.566]	[   43]	              [in][data]=System.IO.FileStream
[2016-08-04 09:52:19.566]	[   43]	              [in][errorCode]=0
[2016-08-04 09:52:19.566]	[   43]	              [in][comment]=
[2016-08-04 09:52:19.569]	[   43]	              [out][errorCode]=0
[2016-08-04 09:52:19.569]	[   43]	              [out][comment]=
[2016-08-04 09:52:19.569]	[   43]	SFTPOperations.OnCloseHandle EXIT
[2016-08-04 09:52:19.569]	[   43]	=============================================================
[2016-08-04 09:52:19.574]	[   43]	=============================================================
[2016-08-04 09:52:19.574]	[   43]	SFTPOperations.OnRequestAttributes ENTER 
[2016-08-04 09:52:19.574]	[   43]	              [in][sender]=SBSftpServer.TElSFTPServer
[2016-08-04 09:52:19.574]	[   43]	              [in][path]=\\TestSession_53894359-797e-4e70-a2a5-60faa2fcb5ff\ee23b979-b335-49c7-8d7c-e0fb3bd7ec4b.txt
[2016-08-04 09:52:19.574]	[   43]	              [in][followSymLinks]=True
[2016-08-04 09:52:19.574]	[   43]	              [in][attributes]=SBSftpCommon.TElSftpFileAttributes
[2016-08-04 09:52:19.574]	[   43]	              [in][errorCode]=0
[2016-08-04 09:52:19.574]	[   43]	              [in][comment]=
[2016-08-04 09:52:19.574]	[   43]	              [out][errorCode]=0
[2016-08-04 09:52:19.574]	[   43]	              [out][comment]=
[2016-08-04 09:52:19.574]	[   43]	SFTPOperations.OnRequestAttributes EXIT
[2016-08-04 09:52:19.574]	[   43]	=============================================================
[2016-08-04 09:52:19.578]	[   43]	=============================================================
[2016-08-04 09:52:19.578]	[   43]	SFTPOperations.OnOpenFile ENTER (2)
[2016-08-04 09:52:19.578]	[   43]	              [in][sender]=SBSftpServer.TElSFTPServer
[2016-08-04 09:52:19.578]	[   43]	              [in][path]=\\TestSession_53894359-797e-4e70-a2a5-60faa2fcb5ff\ee23b979-b335-49c7-8d7c-e0fb3bd7ec4b.txt
[2016-08-04 09:52:19.578]	[   43]	              [in][modes]=1
[2016-08-04 09:52:19.578]	[   43]	              [in][Access]=0
[2016-08-04 09:52:19.578]	[   43]	              [in][desiredAccess]=1
[2016-08-04 09:52:19.578]	[   43]	              [in][attributes]=SBSftpCommon.TElSftpFileAttributes
[2016-08-04 09:52:19.578]	[   43]	              [in][data]=
[2016-08-04 09:52:19.578]	[   43]	              [in][errorCode]=0
[2016-08-04 09:52:19.578]	[   43]	              [in][comment]=
[2016-08-04 09:52:19.578]	[   43]	              [out][data]=
[2016-08-04 09:52:19.578]	[   43]	              [out][errorCode]=0
[2016-08-04 09:52:19.578]	[   43]	              [out][comment]=
[2016-08-04 09:52:19.578]	[   43]	SFTPOperations.OnOpenFile EXIT
[2016-08-04 09:52:19.578]	[   43]	=============================================================
[2016-08-04 09:52:19.593]	[   43]	=============================================================
[2016-08-04 09:52:19.593]	[   43]	SFTPOperations.OnReadFile ENTER (1)
[2016-08-04 09:52:19.593]	[   43]	              [in][sender]=SBSftpServer.TElSFTPServer
[2016-08-04 09:52:19.594]	[   43]	              [in][data]=System.IO.FileStream
[2016-08-04 09:52:19.594]	[   43]	              [in][offset]=0
[2016-08-04 09:52:19.594]	[   43]	              [in][buffer]=System.Byte[]
[2016-08-04 09:52:19.594]	[   43]	              [in][bufferOffset]=13
[2016-08-04 09:52:19.594]	[   43]	              [in][count]=12
[2016-08-04 09:52:19.594]	[   43]	              [in][read]=0
[2016-08-04 09:52:19.594]	[   43]	              [in][errorCode]=0
[2016-08-04 09:52:19.594]	[   43]	              [in][comment]=
[2016-08-04 09:52:19.594]	[   43]	              [out][buffer]=System.Byte[]
[2016-08-04 09:52:19.594]	[   43]	              [out][read]=0
[2016-08-04 09:52:19.594]	[   43]	              [out][errorCode]=0
[2016-08-04 09:52:19.594]	[   43]	              [out][comment]=
[2016-08-04 09:52:19.594]	[   43]	SFTPOperations.OnReadFile EXIT
[2016-08-04 09:52:19.594]	[   43]	=============================================================
[2016-08-04 09:52:19.597]	[   43]	=============================================================
[2016-08-04 09:52:19.597]	[   43]	SFTPOperations.OnCloseHandle ENTER (2)
[2016-08-04 09:52:19.597]	[   43]	              [in][sender]=SBSftpServer.TElSFTPServer
[2016-08-04 09:52:19.597]	[   43]	              [in][data]=System.IO.FileStream
[2016-08-04 09:52:19.598]	[   43]	              [in][errorCode]=0
[2016-08-04 09:52:19.598]	[   43]	              [in][comment]=
[2016-08-04 09:52:19.598]	[   43]	              [out][errorCode]=0
[2016-08-04 09:52:19.598]	[   43]	              [out][comment]=
[2016-08-04 09:52:19.598]	[   43]	SFTPOperations.OnCloseHandle EXIT
[2016-08-04 09:52:19.598]	[   43]	=============================================================
[2016-08-04 09:52:19.598]	[   42]	Socket receive operation failed: An established connection was aborted by the software in your host machine
[2016-08-04 09:52:19.598]	[   42]	Closing the socket
[2016-08-04 09:52:19.598]	[   42]	ServerListener.OnSessionClosed()
[2016-08-04 09:52:19.613]	[   35]	ServerListener.Listen : New connection available
[2016-08-04 09:52:19.615]	[   35]	Connection accepted. Active connections 1 from 20
[2016-08-04 09:52:19.785]	[   41]	Subsystem sftp opened
[2016-08-04 09:52:19.786]	[   41]	SFTP server started
[2016-08-04 09:52:19.805]	[   40]	=============================================================
[2016-08-04 09:52:19.806]	[   40]	SFTPOperations.OnOpen ENTER (2)
[2016-08-04 09:52:19.806]	[   40]	              [in][sender]=SBSftpServer.TElSFTPServer
[2016-08-04 09:52:19.806]	[   40]	SFTP connection established
[2016-08-04 09:52:19.806]	[   40]	SFTPOperations.OnOpen EXIT
[2016-08-04 09:52:19.806]	[   40]	=============================================================
[2016-08-04 09:52:19.806]	[   40]	=============================================================
[2016-08-04 09:52:19.806]	[   40]	SFTPOperations.OnRequestAbsolutePath ENTER 
[2016-08-04 09:52:19.806]	[   40]	              [in][sender]=SBSftpServer.TElSFTPServer
[2016-08-04 09:52:19.806]	[   40]	              [in][path]=.
[2016-08-04 09:52:19.806]	[   40]	              [in][absolutePath]=
[2016-08-04 09:52:19.806]	[   40]	              [in][control]=rcNoCheck
[2016-08-04 09:52:19.806]	[   40]	              [in][composePath]=SBStringList.TElStringList
[2016-08-04 09:52:19.806]	[   40]	              [in][errorCode]=0
[2016-08-04 09:52:19.806]	[   40]	              [in][comment]=
[2016-08-04 09:52:19.806]	[   40]	              [out][absolutePath]=
[2016-08-04 09:52:19.806]	[   40]	              [out][errorCode]=0
[2016-08-04 09:52:19.806]	[   40]	              [out][comment]=
[2016-08-04 09:52:19.806]	[   40]	SFTPOperations.OnRequestAbsolutePath EXIT
[2016-08-04 09:52:19.806]	[   40]	=============================================================
[2016-08-04 09:52:19.807]	[   40]	=============================================================
[2016-08-04 09:52:19.807]	[   40]	SFTPOperations.OnFindFirst ENTER 
[2016-08-04 09:52:19.807]	[   40]	              [in][sender]=SBSftpServer.TElSFTPServer
[2016-08-04 09:52:19.807]	[   40]	              [in][path]=\\TestSession_53894359-797e-4e70-a2a5-60faa2fcb5ff/
[2016-08-04 09:52:19.807]	[   40]	              [in][data]=
[2016-08-04 09:52:19.807]	[   40]	              [in][info]=SBSftpCommon.TElSftpFileInfo
[2016-08-04 09:52:19.807]	[   40]	              [in][errorCode]=0
[2016-08-04 09:52:19.807]	[   40]	              [in][comment]=
[2016-08-04 09:52:19.807]	[   40]	              [out][data]=
[2016-08-04 09:52:19.807]	[   40]	              [out][errorCode]=0
[2016-08-04 09:52:19.807]	[   40]	              [out][comment]=
[2016-08-04 09:52:19.807]	[   40]	SFTPOperations.OnFindFirst EXIT
[2016-08-04 09:52:19.807]	[   40]	=============================================================
[2016-08-04 09:52:19.807]	[   40]	=============================================================
[2016-08-04 09:52:19.807]	[   40]	SFTPOperations.OnFindNext ENTER 
[2016-08-04 09:52:19.807]	[   40]	              [in][sender]=SBSftpServer.TElSFTPServer
[2016-08-04 09:52:19.807]	[   40]	              [in][data]=
[2016-08-04 09:52:19.807]	[   40]	              [in][info]=SBSftpCommon.TElSftpFileInfo
[2016-08-04 09:52:19.807]	[   40]	              [in][errorCode]=0
[2016-08-04 09:52:19.807]	[   40]	              [in][comment]=
[2016-08-04 09:52:19.807]	[   40]	              [out][errorCode]=0
[2016-08-04 09:52:19.808]	[   40]	              [out][comment]=
[2016-08-04 09:52:19.808]	[   40]	SFTPOperations.OnFindNext EXIT
[2016-08-04 09:52:19.808]	[   40]	=============================================================
[2016-08-04 09:52:19.808]	[   40]	=============================================================
[2016-08-04 09:52:19.808]	[   40]	SFTPOperations.OnFindNext ENTER 
[2016-08-04 09:52:19.808]	[   40]	              [in][sender]=SBSftpServer.TElSFTPServer
[2016-08-04 09:52:19.808]	[   40]	              [in][data]=
[2016-08-04 09:52:19.808]	[   40]	              [in][info]=SBSftpCommon.TElSftpFileInfo
[2016-08-04 09:52:19.808]	[   40]	              [in][errorCode]=0
[2016-08-04 09:52:19.808]	[   40]	              [in][comment]=
[2016-08-04 09:52:19.808]	[   40]	              [out][errorCode]=0
[2016-08-04 09:52:19.808]	[   40]	              [out][comment]=
[2016-08-04 09:52:19.808]	[   40]	SFTPOperations.OnFindNext EXIT
[2016-08-04 09:52:19.808]	[   40]	=============================================================
[2016-08-04 09:52:19.808]	[   40]	=============================================================
[2016-08-04 09:52:19.808]	[   40]	SFTPOperations.OnFindNext ENTER 
[2016-08-04 09:52:19.808]	[   40]	              [in][sender]=SBSftpServer.TElSFTPServer
[2016-08-04 09:52:19.808]	[   40]	              [in][data]=
[2016-08-04 09:52:19.808]	[   40]	              [in][info]=SBSftpCommon.TElSftpFileInfo
[2016-08-04 09:52:19.808]	[   40]	              [in][errorCode]=0
[2016-08-04 09:52:19.808]	[   40]	              [in][comment]=
[2016-08-04 09:52:19.808]	[   40]	              [out][errorCode]=0
[2016-08-04 09:52:19.808]	[   40]	              [out][comment]=
[2016-08-04 09:52:19.808]	[   40]	SFTPOperations.OnFindNext EXIT
[2016-08-04 09:52:19.808]	[   40]	=============================================================
[2016-08-04 09:52:19.826]	[   40]	=============================================================
[2016-08-04 09:52:19.826]	[   40]	SFTPOperations.OnFindClose ENTER 
[2016-08-04 09:52:19.826]	[   40]	              [in][sender]=SBSftpServer.TElSFTPServer
[2016-08-04 09:52:19.826]	[   40]	              [in][searchRec]=
[2016-08-04 09:52:19.826]	[   40]	              [in][errorCode]=1
[2016-08-04 09:52:19.826]	[   40]	              [in][comment]=
[2016-08-04 09:52:19.826]	[   40]	              [out][errorCode]=1
[2016-08-04 09:52:19.826]	[   40]	              [out][comment]=
[2016-08-04 09:52:19.826]	[   40]	SFTPOperations.OnFindClose EXIT
[2016-08-04 09:52:19.826]	[   40]	=============================================================
[2016-08-04 09:52:19.827]	[   40]	=============================================================
[2016-08-04 09:52:19.827]	[   40]	SFTPOperations.OnRemove ENTER 
[2016-08-04 09:52:19.827]	[   40]	              [in][sender]=SBSftpServer.TElSFTPServer
[2016-08-04 09:52:19.827]	[   40]	              [in][path]=\\TestSession_53894359-797e-4e70-a2a5-60faa2fcb5ff/ee23b979-b335-49c7-8d7c-e0fb3bd7ec4b.txt
[2016-08-04 09:52:19.827]	[   40]	              [in][errorCode]=0
[2016-08-04 09:52:19.827]	[   40]	              [in][comment]=
[2016-08-04 09:52:19.827]	[   40]	              [out][errorCode]=0
[2016-08-04 09:52:19.827]	[   40]	              [out][comment]=
[2016-08-04 09:52:19.827]	[   40]	SFTPOperations.OnRemove EXIT
[2016-08-04 09:52:19.827]	[   40]	=============================================================
[2016-08-04 09:52:19.828]	[   40]	=============================================================
[2016-08-04 09:52:19.828]	[   40]	SFTPOperations.OnFindFirst ENTER 
[2016-08-04 09:52:19.828]	[   40]	              [in][sender]=SBSftpServer.TElSFTPServer
[2016-08-04 09:52:19.828]	[   40]	              [in][path]=\\TestSession_53894359-797e-4e70-a2a5-60faa2fcb5ff/
[2016-08-04 09:52:19.828]	[   40]	              [in][data]=
[2016-08-04 09:52:19.828]	[   40]	              [in][info]=SBSftpCommon.TElSftpFileInfo
[2016-08-04 09:52:19.828]	[   40]	              [in][errorCode]=0
[2016-08-04 09:52:19.828]	[   40]	              [in][comment]=
[2016-08-04 09:52:19.828]	[   40]	              [out][data]=
[2016-08-04 09:52:19.828]	[   40]	              [out][errorCode]=0
[2016-08-04 09:52:19.828]	[   40]	              [out][comment]=
[2016-08-04 09:52:19.828]	[   40]	SFTPOperations.OnFindFirst EXIT
[2016-08-04 09:52:19.828]	[   40]	=============================================================
[2016-08-04 09:52:19.829]	[   40]	=============================================================
[2016-08-04 09:52:19.829]	[   40]	SFTPOperations.OnFindNext ENTER 
[2016-08-04 09:52:19.829]	[   40]	              [in][sender]=SBSftpServer.TElSFTPServer
[2016-08-04 09:52:19.829]	[   40]	              [in][data]=
[2016-08-04 09:52:19.829]	[   40]	              [in][info]=SBSftpCommon.TElSftpFileInfo
[2016-08-04 09:52:19.829]	[   40]	              [in][errorCode]=0
[2016-08-04 09:52:19.829]	[   40]	              [in][comment]=
[2016-08-04 09:52:19.829]	[   40]	              [out][errorCode]=0
[2016-08-04 09:52:19.829]	[   40]	              [out][comment]=
[2016-08-04 09:52:19.829]	[   40]	SFTPOperations.OnFindNext EXIT
[2016-08-04 09:52:19.829]	[   40]	=============================================================
[2016-08-04 09:52:19.829]	[   40]	=============================================================
[2016-08-04 09:52:19.829]	[   40]	SFTPOperations.OnFindNext ENTER 
[2016-08-04 09:52:19.829]	[   40]	              [in][sender]=SBSftpServer.TElSFTPServer
[2016-08-04 09:52:19.829]	[   40]	              [in][data]=
[2016-08-04 09:52:19.829]	[   40]	              [in][info]=SBSftpCommon.TElSftpFileInfo
[2016-08-04 09:52:19.829]	[   40]	              [in][errorCode]=0
[2016-08-04 09:52:19.829]	[   40]	              [in][comment]=
[2016-08-04 09:52:19.829]	[   40]	              [out][errorCode]=0
[2016-08-04 09:52:19.829]	[   40]	              [out][comment]=
[2016-08-04 09:52:19.829]	[   40]	SFTPOperations.OnFindNext EXIT
[2016-08-04 09:52:19.829]	[   40]	=============================================================
[2016-08-04 09:52:19.830]	[   40]	=============================================================
[2016-08-04 09:52:19.830]	[   40]	SFTPOperations.OnFindClose ENTER 
[2016-08-04 09:52:19.830]	[   40]	              [in][sender]=SBSftpServer.TElSFTPServer
[2016-08-04 09:52:19.830]	[   40]	              [in][searchRec]=
[2016-08-04 09:52:19.830]	[   40]	              [in][errorCode]=1
[2016-08-04 09:52:19.830]	[   40]	              [in][comment]=
[2016-08-04 09:52:19.830]	[   40]	              [out][errorCode]=1
[2016-08-04 09:52:19.830]	[   40]	              [out][comment]=
[2016-08-04 09:52:19.830]	[   40]	SFTPOperations.OnFindClose EXIT
[2016-08-04 09:52:19.830]	[   40]	=============================================================
[2016-08-04 09:52:19.830]	[   40]	=============================================================
[2016-08-04 09:52:19.830]	[   40]	SFTPOperations.OnRemove ENTER 
[2016-08-04 09:52:19.830]	[   40]	              [in][sender]=SBSftpServer.TElSFTPServer
[2016-08-04 09:52:19.830]	[   40]	              [in][path]=\\TestSession_53894359-797e-4e70-a2a5-60faa2fcb5ff/
[2016-08-04 09:52:19.830]	[   40]	              [in][errorCode]=0
[2016-08-04 09:52:19.830]	[   40]	              [in][comment]=
[2016-08-04 09:52:19.830]	[   40]	              [out][errorCode]=0
[2016-08-04 09:52:19.830]	[   40]	              [out][comment]=
[2016-08-04 09:52:19.830]	[   40]	SFTPOperations.OnRemove EXIT
[2016-08-04 09:52:19.831]	[   40]	=============================================================
[2016-08-04 09:52:19.832]	[   39]	Stopping socket listener
[2016-08-04 09:52:19.832]	[   39]	Socket listener stopped
[2016-08-04 09:52:19.843]	[   39]	Socket send operation failed: An established connection was aborted by the software in your host machine
[2016-08-04 09:52:19.843]	[   39]	Closing the socket</StdOut>
      </Output>
    </UnitTestResult>
    <UnitTestResult executionId="eca7f683-c9fd-4067-a482-17f6a5075052" testId="8c66e0eb-ef8c-a298-b98c-718619cf32d7" testName="DownloadFile_ResumeDownload_Success" computerName="ICSWS068" duration="00:00:00.6514776" startTime="2016-08-04T09:52:19.8521364+02:00" endTime="2016-08-04T09:52:20.5096102+02:00" testType="13cdc9d9-ddb5-4fa4-a97d-d965ccfc6d4b" outcome="Passed" testListId="8c84fa94-04c1-424b-9868-57a2d4851a1d" relativeResultsDirectory="eca7f683-c9fd-4067-a482-17f6a5075052">
      <Output>
        <StdOut>Debug Trace:
[2016-08-04 09:52:19.861]	[   32]	Starting SSH server listener...
[2016-08-04 09:52:19.862]	[   32]	SSH server listener started.
[2016-08-04 09:52:19.912]	[   36]	ServerListener.Listen : New connection available
[2016-08-04 09:52:19.913]	[   36]	Connection accepted. Active connections 1 from 20
[2016-08-04 09:52:20.064]	[   31]	Subsystem sftp opened
[2016-08-04 09:52:20.065]	[   31]	SFTP server started
[2016-08-04 09:52:20.065]	[   30]	=============================================================
[2016-08-04 09:52:20.065]	[   30]	SFTPOperations.OnOpen ENTER (3)
[2016-08-04 09:52:20.065]	[   30]	              [in][sender]=SBSftpServer.TElSFTPServer
[2016-08-04 09:52:20.065]	[   30]	SFTP connection established
[2016-08-04 09:52:20.065]	[   30]	SFTPOperations.OnOpen EXIT
[2016-08-04 09:52:20.065]	[   30]	=============================================================
[2016-08-04 09:52:20.066]	[   30]	=============================================================
[2016-08-04 09:52:20.066]	[   30]	SFTPOperations.OnRequestAbsolutePath ENTER 
[2016-08-04 09:52:20.066]	[   30]	              [in][sender]=SBSftpServer.TElSFTPServer
[2016-08-04 09:52:20.066]	[   30]	              [in][path]=.
[2016-08-04 09:52:20.066]	[   30]	              [in][absolutePath]=
[2016-08-04 09:52:20.066]	[   30]	              [in][control]=rcNoCheck
[2016-08-04 09:52:20.066]	[   30]	              [in][composePath]=SBStringList.TElStringList
[2016-08-04 09:52:20.066]	[   30]	              [in][errorCode]=0
[2016-08-04 09:52:20.066]	[   30]	              [in][comment]=
[2016-08-04 09:52:20.066]	[   30]	              [out][absolutePath]=
[2016-08-04 09:52:20.066]	[   30]	              [out][errorCode]=0
[2016-08-04 09:52:20.066]	[   30]	              [out][comment]=
[2016-08-04 09:52:20.066]	[   30]	SFTPOperations.OnRequestAbsolutePath EXIT
[2016-08-04 09:52:20.066]	[   30]	=============================================================
[2016-08-04 09:52:20.066]	[   30]	=============================================================
[2016-08-04 09:52:20.066]	[   30]	SFTPOperations.OnCreateDirectory ENTER 
[2016-08-04 09:52:20.066]	[   30]	              [in][sender]=SBSftpServer.TElSFTPServer
[2016-08-04 09:52:20.066]	[   30]	              [in][path]=\\TestSession_f3e4b103-9bc3-4f14-b344-3a5b02acff46
[2016-08-04 09:52:20.066]	[   30]	              [in][attributes]=
[2016-08-04 09:52:20.066]	[   30]	              [in][errorCode]=0
[2016-08-04 09:52:20.066]	[   30]	              [in][comment]=
[2016-08-04 09:52:20.066]	[   30]	              [out][errorCode]=0
[2016-08-04 09:52:20.067]	[   30]	              [out][comment]=
[2016-08-04 09:52:20.067]	[   30]	SFTPOperations.OnCreateDirectory EXIT
[2016-08-04 09:52:20.067]	[   30]	=============================================================
[2016-08-04 09:52:20.067]	[   31]	Socket receive operation failed: An established connection was aborted by the software in your host machine
[2016-08-04 09:52:20.067]	[   31]	Closing the socket
[2016-08-04 09:52:20.067]	[   31]	ServerListener.OnSessionClosed()
[2016-08-04 09:52:20.116]	[   36]	ServerListener.Listen : New connection available
[2016-08-04 09:52:20.116]	[   36]	Connection accepted. Active connections 1 from 20
[2016-08-04 09:52:20.262]	[   37]	Subsystem sftp opened
[2016-08-04 09:52:20.263]	[   37]	SFTP server started
[2016-08-04 09:52:20.264]	[   13]	=============================================================
[2016-08-04 09:52:20.264]	[   13]	SFTPOperations.OnOpen ENTER (1)
[2016-08-04 09:52:20.264]	[   13]	              [in][sender]=SBSftpServer.TElSFTPServer
[2016-08-04 09:52:20.264]	[   13]	SFTP connection established
[2016-08-04 09:52:20.264]	[   13]	SFTPOperations.OnOpen EXIT
[2016-08-04 09:52:20.264]	[   13]	=============================================================
[2016-08-04 09:52:20.264]	[   13]	=============================================================
[2016-08-04 09:52:20.264]	[   13]	SFTPOperations.OnRequestAbsolutePath ENTER 
[2016-08-04 09:52:20.264]	[   13]	              [in][sender]=SBSftpServer.TElSFTPServer
[2016-08-04 09:52:20.265]	[   13]	              [in][path]=.
[2016-08-04 09:52:20.265]	[   13]	              [in][absolutePath]=
[2016-08-04 09:52:20.265]	[   13]	              [in][control]=rcNoCheck
[2016-08-04 09:52:20.265]	[   13]	              [in][composePath]=SBStringList.TElStringList
[2016-08-04 09:52:20.265]	[   13]	              [in][errorCode]=0
[2016-08-04 09:52:20.265]	[   13]	              [in][comment]=
[2016-08-04 09:52:20.265]	[   13]	              [out][absolutePath]=
[2016-08-04 09:52:20.265]	[   13]	              [out][errorCode]=0
[2016-08-04 09:52:20.265]	[   13]	              [out][comment]=
[2016-08-04 09:52:20.265]	[   13]	SFTPOperations.OnRequestAbsolutePath EXIT
[2016-08-04 09:52:20.265]	[   13]	=============================================================
[2016-08-04 09:52:20.267]	[   13]	=============================================================
[2016-08-04 09:52:20.267]	[   13]	SFTPOperations.OnRequestAttributes ENTER 
[2016-08-04 09:52:20.267]	[   13]	              [in][sender]=SBSftpServer.TElSFTPServer
[2016-08-04 09:52:20.267]	[   13]	              [in][path]=\\TestSession_f3e4b103-9bc3-4f14-b344-3a5b02acff46\85790d0b-f856-4d69-a285-010843485d56.txt
[2016-08-04 09:52:20.267]	[   13]	              [in][followSymLinks]=True
[2016-08-04 09:52:20.267]	[   13]	              [in][attributes]=SBSftpCommon.TElSftpFileAttributes
[2016-08-04 09:52:20.267]	[   13]	              [in][errorCode]=0
[2016-08-04 09:52:20.267]	[   13]	              [in][comment]=
[2016-08-04 09:52:20.267]	[   13]	              [out][errorCode]=0
[2016-08-04 09:52:20.267]	[   13]	              [out][comment]=
[2016-08-04 09:52:20.267]	[   13]	SFTPOperations.OnRequestAttributes EXIT
[2016-08-04 09:52:20.267]	[   13]	=============================================================
[2016-08-04 09:52:20.268]	[   13]	=============================================================
[2016-08-04 09:52:20.268]	[   13]	SFTPOperations.OnOpenFile ENTER (1)
[2016-08-04 09:52:20.268]	[   13]	              [in][sender]=SBSftpServer.TElSFTPServer
[2016-08-04 09:52:20.268]	[   13]	              [in][path]=\\TestSession_f3e4b103-9bc3-4f14-b344-3a5b02acff46\85790d0b-f856-4d69-a285-010843485d56.txt
[2016-08-04 09:52:20.268]	[   13]	              [in][modes]=1
[2016-08-04 09:52:20.268]	[   13]	              [in][Access]=0
[2016-08-04 09:52:20.268]	[   13]	              [in][desiredAccess]=1
[2016-08-04 09:52:20.268]	[   13]	              [in][attributes]=SBSftpCommon.TElSftpFileAttributes
[2016-08-04 09:52:20.268]	[   13]	              [in][data]=
[2016-08-04 09:52:20.268]	[   13]	              [in][errorCode]=0
[2016-08-04 09:52:20.268]	[   13]	              [in][comment]=
[2016-08-04 09:52:20.268]	[   13]	              [out][data]=
[2016-08-04 09:52:20.268]	[   13]	              [out][errorCode]=0
[2016-08-04 09:52:20.268]	[   13]	              [out][comment]=
[2016-08-04 09:52:20.268]	[   13]	SFTPOperations.OnOpenFile EXIT
[2016-08-04 09:52:20.268]	[   13]	=============================================================
[2016-08-04 09:52:20.269]	[   13]	=============================================================
[2016-08-04 09:52:20.269]	[   13]	SFTPOperations.OnReadFile ENTER (1)
[2016-08-04 09:52:20.269]	[   13]	              [in][sender]=SBSftpServer.TElSFTPServer
[2016-08-04 09:52:20.269]	[   13]	              [in][data]=System.IO.FileStream
[2016-08-04 09:52:20.269]	[   13]	              [in][offset]=0
[2016-08-04 09:52:20.269]	[   13]	              [in][buffer]=System.Byte[]
[2016-08-04 09:52:20.269]	[   13]	              [in][bufferOffset]=13
[2016-08-04 09:52:20.269]	[   13]	              [in][count]=5
[2016-08-04 09:52:20.269]	[   13]	              [in][read]=0
[2016-08-04 09:52:20.269]	[   13]	              [in][errorCode]=0
[2016-08-04 09:52:20.269]	[   13]	              [in][comment]=
[2016-08-04 09:52:20.269]	[   13]	              [out][buffer]=System.Byte[]
[2016-08-04 09:52:20.270]	[   13]	              [out][read]=0
[2016-08-04 09:52:20.270]	[   13]	              [out][errorCode]=0
[2016-08-04 09:52:20.270]	[   13]	              [out][comment]=
[2016-08-04 09:52:20.270]	[   13]	SFTPOperations.OnReadFile EXIT
[2016-08-04 09:52:20.270]	[   13]	=============================================================
[2016-08-04 09:52:20.271]	[   13]	=============================================================
[2016-08-04 09:52:20.271]	[   13]	SFTPOperations.OnCloseHandle ENTER (1)
[2016-08-04 09:52:20.271]	[   13]	              [in][sender]=SBSftpServer.TElSFTPServer
[2016-08-04 09:52:20.271]	[   13]	              [in][data]=System.IO.FileStream
[2016-08-04 09:52:20.271]	[   13]	              [in][errorCode]=0
[2016-08-04 09:52:20.271]	[   13]	              [in][comment]=
[2016-08-04 09:52:20.271]	[   13]	              [out][errorCode]=0
[2016-08-04 09:52:20.271]	[   13]	              [out][comment]=
[2016-08-04 09:52:20.271]	[   13]	SFTPOperations.OnCloseHandle EXIT
[2016-08-04 09:52:20.271]	[   13]	=============================================================
[2016-08-04 09:52:20.275]	[   13]	=============================================================
[2016-08-04 09:52:20.276]	[   13]	SFTPOperations.OnRequestAttributes ENTER 
[2016-08-04 09:52:20.276]	[   13]	              [in][sender]=SBSftpServer.TElSFTPServer
[2016-08-04 09:52:20.276]	[   13]	              [in][path]=\\TestSession_f3e4b103-9bc3-4f14-b344-3a5b02acff46\85790d0b-f856-4d69-a285-010843485d56.txt
[2016-08-04 09:52:20.276]	[   13]	              [in][followSymLinks]=True
[2016-08-04 09:52:20.276]	[   13]	              [in][attributes]=SBSftpCommon.TElSftpFileAttributes
[2016-08-04 09:52:20.276]	[   13]	              [in][errorCode]=0
[2016-08-04 09:52:20.276]	[   13]	              [in][comment]=
[2016-08-04 09:52:20.276]	[   13]	              [out][errorCode]=0
[2016-08-04 09:52:20.276]	[   13]	              [out][comment]=
[2016-08-04 09:52:20.276]	[   13]	SFTPOperations.OnRequestAttributes EXIT
[2016-08-04 09:52:20.276]	[   13]	=============================================================
[2016-08-04 09:52:20.276]	[   13]	=============================================================
[2016-08-04 09:52:20.276]	[   13]	SFTPOperations.OnOpenFile ENTER (2)
[2016-08-04 09:52:20.277]	[   13]	              [in][sender]=SBSftpServer.TElSFTPServer
[2016-08-04 09:52:20.277]	[   13]	              [in][path]=\\TestSession_f3e4b103-9bc3-4f14-b344-3a5b02acff46\85790d0b-f856-4d69-a285-010843485d56.txt
[2016-08-04 09:52:20.277]	[   13]	              [in][modes]=1
[2016-08-04 09:52:20.277]	[   13]	              [in][Access]=0
[2016-08-04 09:52:20.277]	[   13]	              [in][desiredAccess]=1
[2016-08-04 09:52:20.277]	[   13]	              [in][attributes]=SBSftpCommon.TElSftpFileAttributes
[2016-08-04 09:52:20.277]	[   13]	              [in][data]=
[2016-08-04 09:52:20.277]	[   13]	              [in][errorCode]=0
[2016-08-04 09:52:20.277]	[   13]	              [in][comment]=
[2016-08-04 09:52:20.277]	[   13]	              [out][data]=
[2016-08-04 09:52:20.277]	[   13]	              [out][errorCode]=0
[2016-08-04 09:52:20.277]	[   13]	              [out][comment]=
[2016-08-04 09:52:20.277]	[   13]	SFTPOperations.OnOpenFile EXIT
[2016-08-04 09:52:20.277]	[   13]	=============================================================
[2016-08-04 09:52:20.277]	[   13]	=============================================================
[2016-08-04 09:52:20.278]	[   13]	SFTPOperations.OnReadFile ENTER (2)
[2016-08-04 09:52:20.278]	[   13]	              [in][sender]=SBSftpServer.TElSFTPServer
[2016-08-04 09:52:20.278]	[   13]	              [in][data]=System.IO.FileStream
[2016-08-04 09:52:20.278]	[   13]	              [in][offset]=5
[2016-08-04 09:52:20.278]	[   13]	              [in][buffer]=System.Byte[]
[2016-08-04 09:52:20.278]	[   13]	              [in][bufferOffset]=13
[2016-08-04 09:52:20.278]	[   13]	              [in][count]=10
[2016-08-04 09:52:20.278]	[   13]	              [in][read]=0
[2016-08-04 09:52:20.278]	[   13]	              [in][errorCode]=0
[2016-08-04 09:52:20.278]	[   13]	              [in][comment]=
[2016-08-04 09:52:20.278]	[   13]	              [out][buffer]=System.Byte[]
[2016-08-04 09:52:20.278]	[   13]	              [out][read]=0
[2016-08-04 09:52:20.278]	[   13]	              [out][errorCode]=0
[2016-08-04 09:52:20.278]	[   13]	              [out][comment]=
[2016-08-04 09:52:20.278]	[   13]	SFTPOperations.OnReadFile EXIT
[2016-08-04 09:52:20.278]	[   13]	=============================================================
[2016-08-04 09:52:20.278]	[   13]	=============================================================
[2016-08-04 09:52:20.278]	[   13]	SFTPOperations.OnReadFile ENTER (3)
[2016-08-04 09:52:20.279]	[   13]	              [in][sender]=SBSftpServer.TElSFTPServer
[2016-08-04 09:52:20.279]	[   13]	              [in][data]=System.IO.FileStream
[2016-08-04 09:52:20.279]	[   13]	              [in][offset]=10
[2016-08-04 09:52:20.279]	[   13]	              [in][buffer]=System.Byte[]
[2016-08-04 09:52:20.279]	[   13]	              [in][bufferOffset]=13
[2016-08-04 09:52:20.279]	[   13]	              [in][count]=5
[2016-08-04 09:52:20.279]	[   13]	              [in][read]=0
[2016-08-04 09:52:20.279]	[   13]	              [in][errorCode]=0
[2016-08-04 09:52:20.279]	[   13]	              [in][comment]=
[2016-08-04 09:52:20.279]	[   13]	              [out][buffer]=System.Byte[]
[2016-08-04 09:52:20.279]	[   13]	              [out][read]=0
[2016-08-04 09:52:20.279]	[   13]	              [out][errorCode]=0
[2016-08-04 09:52:20.279]	[   13]	              [out][comment]=
[2016-08-04 09:52:20.279]	[   13]	SFTPOperations.OnReadFile EXIT
[2016-08-04 09:52:20.279]	[   13]	=============================================================
[2016-08-04 09:52:20.279]	[   13]	=============================================================
[2016-08-04 09:52:20.279]	[   13]	SFTPOperations.OnCloseHandle ENTER (2)
[2016-08-04 09:52:20.279]	[   13]	              [in][sender]=SBSftpServer.TElSFTPServer
[2016-08-04 09:52:20.279]	[   13]	              [in][data]=System.IO.FileStream
[2016-08-04 09:52:20.280]	[   13]	              [in][errorCode]=1
[2016-08-04 09:52:20.280]	[   13]	              [in][comment]=
[2016-08-04 09:52:20.280]	[   13]	              [out][errorCode]=1
[2016-08-04 09:52:20.280]	[   13]	              [out][comment]=
[2016-08-04 09:52:20.280]	[   13]	SFTPOperations.OnCloseHandle EXIT
[2016-08-04 09:52:20.280]	[   13]	=============================================================
[2016-08-04 09:52:20.281]	[   37]	Socket receive operation failed: An established connection was aborted by the software in your host machine
[2016-08-04 09:52:20.281]	[   37]	Closing the socket
[2016-08-04 09:52:20.281]	[   37]	ServerListener.OnSessionClosed()
[2016-08-04 09:52:20.323]	[   36]	ServerListener.Listen : New connection available
[2016-08-04 09:52:20.327]	[   36]	Connection accepted. Active connections 1 from 20
[2016-08-04 09:52:20.466]	[   37]	Subsystem sftp opened
[2016-08-04 09:52:20.467]	[   37]	SFTP server started
[2016-08-04 09:52:20.471]	[   30]	=============================================================
[2016-08-04 09:52:20.471]	[   30]	SFTPOperations.OnOpen ENTER (2)
[2016-08-04 09:52:20.471]	[   30]	              [in][sender]=SBSftpServer.TElSFTPServer
[2016-08-04 09:52:20.471]	[   30]	SFTP connection established
[2016-08-04 09:52:20.471]	[   30]	SFTPOperations.OnOpen EXIT
[2016-08-04 09:52:20.471]	[   30]	=============================================================
[2016-08-04 09:52:20.471]	[   30]	=============================================================
[2016-08-04 09:52:20.471]	[   30]	SFTPOperations.OnRequestAbsolutePath ENTER 
[2016-08-04 09:52:20.471]	[   30]	              [in][sender]=SBSftpServer.TElSFTPServer
[2016-08-04 09:52:20.471]	[   30]	              [in][path]=.
[2016-08-04 09:52:20.471]	[   30]	              [in][absolutePath]=
[2016-08-04 09:52:20.471]	[   30]	              [in][control]=rcNoCheck
[2016-08-04 09:52:20.471]	[   30]	              [in][composePath]=SBStringList.TElStringList
[2016-08-04 09:52:20.471]	[   30]	              [in][errorCode]=0
[2016-08-04 09:52:20.471]	[   30]	              [in][comment]=
[2016-08-04 09:52:20.472]	[   30]	              [out][absolutePath]=
[2016-08-04 09:52:20.472]	[   30]	              [out][errorCode]=0
[2016-08-04 09:52:20.472]	[   30]	              [out][comment]=
[2016-08-04 09:52:20.472]	[   30]	SFTPOperations.OnRequestAbsolutePath EXIT
[2016-08-04 09:52:20.472]	[   30]	=============================================================
[2016-08-04 09:52:20.472]	[   30]	=============================================================
[2016-08-04 09:52:20.472]	[   30]	SFTPOperations.OnFindFirst ENTER 
[2016-08-04 09:52:20.472]	[   30]	              [in][sender]=SBSftpServer.TElSFTPServer
[2016-08-04 09:52:20.472]	[   30]	              [in][path]=\\TestSession_f3e4b103-9bc3-4f14-b344-3a5b02acff46/
[2016-08-04 09:52:20.472]	[   30]	              [in][data]=
[2016-08-04 09:52:20.472]	[   30]	              [in][info]=SBSftpCommon.TElSftpFileInfo
[2016-08-04 09:52:20.472]	[   30]	              [in][errorCode]=0
[2016-08-04 09:52:20.472]	[   30]	              [in][comment]=
[2016-08-04 09:52:20.472]	[   30]	              [out][data]=
[2016-08-04 09:52:20.472]	[   30]	              [out][errorCode]=0
[2016-08-04 09:52:20.472]	[   30]	              [out][comment]=
[2016-08-04 09:52:20.472]	[   30]	SFTPOperations.OnFindFirst EXIT
[2016-08-04 09:52:20.472]	[   30]	=============================================================
[2016-08-04 09:52:20.473]	[   30]	=============================================================
[2016-08-04 09:52:20.473]	[   30]	SFTPOperations.OnFindNext ENTER 
[2016-08-04 09:52:20.473]	[   30]	              [in][sender]=SBSftpServer.TElSFTPServer
[2016-08-04 09:52:20.473]	[   30]	              [in][data]=
[2016-08-04 09:52:20.473]	[   30]	              [in][info]=SBSftpCommon.TElSftpFileInfo
[2016-08-04 09:52:20.473]	[   30]	              [in][errorCode]=0
[2016-08-04 09:52:20.473]	[   30]	              [in][comment]=
[2016-08-04 09:52:20.473]	[   30]	              [out][errorCode]=0
[2016-08-04 09:52:20.473]	[   30]	              [out][comment]=
[2016-08-04 09:52:20.473]	[   30]	SFTPOperations.OnFindNext EXIT
[2016-08-04 09:52:20.473]	[   30]	=============================================================
[2016-08-04 09:52:20.473]	[   30]	=============================================================
[2016-08-04 09:52:20.473]	[   30]	SFTPOperations.OnFindNext ENTER 
[2016-08-04 09:52:20.473]	[   30]	              [in][sender]=SBSftpServer.TElSFTPServer
[2016-08-04 09:52:20.473]	[   30]	              [in][data]=
[2016-08-04 09:52:20.473]	[   30]	              [in][info]=SBSftpCommon.TElSftpFileInfo
[2016-08-04 09:52:20.473]	[   30]	              [in][errorCode]=0
[2016-08-04 09:52:20.473]	[   30]	              [in][comment]=
[2016-08-04 09:52:20.473]	[   30]	              [out][errorCode]=0
[2016-08-04 09:52:20.473]	[   30]	              [out][comment]=
[2016-08-04 09:52:20.473]	[   30]	SFTPOperations.OnFindNext EXIT
[2016-08-04 09:52:20.473]	[   30]	=============================================================
[2016-08-04 09:52:20.473]	[   30]	=============================================================
[2016-08-04 09:52:20.473]	[   30]	SFTPOperations.OnFindNext ENTER 
[2016-08-04 09:52:20.473]	[   30]	              [in][sender]=SBSftpServer.TElSFTPServer
[2016-08-04 09:52:20.473]	[   30]	              [in][data]=
[2016-08-04 09:52:20.473]	[   30]	              [in][info]=SBSftpCommon.TElSftpFileInfo
[2016-08-04 09:52:20.473]	[   30]	              [in][errorCode]=0
[2016-08-04 09:52:20.473]	[   30]	              [in][comment]=
[2016-08-04 09:52:20.473]	[   30]	              [out][errorCode]=0
[2016-08-04 09:52:20.474]	[   30]	              [out][comment]=
[2016-08-04 09:52:20.474]	[   30]	SFTPOperations.OnFindNext EXIT
[2016-08-04 09:52:20.474]	[   30]	=============================================================
[2016-08-04 09:52:20.479]	[   30]	=============================================================
[2016-08-04 09:52:20.479]	[   30]	SFTPOperations.OnFindClose ENTER 
[2016-08-04 09:52:20.479]	[   30]	              [in][sender]=SBSftpServer.TElSFTPServer
[2016-08-04 09:52:20.479]	[   30]	              [in][searchRec]=
[2016-08-04 09:52:20.479]	[   30]	              [in][errorCode]=1
[2016-08-04 09:52:20.479]	[   30]	              [in][comment]=
[2016-08-04 09:52:20.479]	[   30]	              [out][errorCode]=1
[2016-08-04 09:52:20.479]	[   30]	              [out][comment]=
[2016-08-04 09:52:20.479]	[   30]	SFTPOperations.OnFindClose EXIT
[2016-08-04 09:52:20.479]	[   30]	=============================================================
[2016-08-04 09:52:20.480]	[   30]	=============================================================
[2016-08-04 09:52:20.480]	[   30]	SFTPOperations.OnRemove ENTER 
[2016-08-04 09:52:20.480]	[   30]	              [in][sender]=SBSftpServer.TElSFTPServer
[2016-08-04 09:52:20.480]	[   30]	              [in][path]=\\TestSession_f3e4b103-9bc3-4f14-b344-3a5b02acff46/85790d0b-f856-4d69-a285-010843485d56.txt
[2016-08-04 09:52:20.480]	[   30]	              [in][errorCode]=0
[2016-08-04 09:52:20.480]	[   30]	              [in][comment]=
[2016-08-04 09:52:20.480]	[   30]	              [out][errorCode]=0
[2016-08-04 09:52:20.481]	[   30]	              [out][comment]=
[2016-08-04 09:52:20.481]	[   30]	SFTPOperations.OnRemove EXIT
[2016-08-04 09:52:20.481]	[   30]	=============================================================
[2016-08-04 09:52:20.481]	[   30]	=============================================================
[2016-08-04 09:52:20.481]	[   30]	SFTPOperations.OnFindFirst ENTER 
[2016-08-04 09:52:20.481]	[   30]	              [in][sender]=SBSftpServer.TElSFTPServer
[2016-08-04 09:52:20.481]	[   30]	              [in][path]=\\TestSession_f3e4b103-9bc3-4f14-b344-3a5b02acff46/
[2016-08-04 09:52:20.481]	[   30]	              [in][data]=
[2016-08-04 09:52:20.481]	[   30]	              [in][info]=SBSftpCommon.TElSftpFileInfo
[2016-08-04 09:52:20.482]	[   30]	              [in][errorCode]=0
[2016-08-04 09:52:20.482]	[   30]	              [in][comment]=
[2016-08-04 09:52:20.482]	[   30]	              [out][data]=
[2016-08-04 09:52:20.482]	[   30]	              [out][errorCode]=0
[2016-08-04 09:52:20.482]	[   30]	              [out][comment]=
[2016-08-04 09:52:20.482]	[   30]	SFTPOperations.OnFindFirst EXIT
[2016-08-04 09:52:20.482]	[   30]	=============================================================
[2016-08-04 09:52:20.483]	[   30]	=============================================================
[2016-08-04 09:52:20.483]	[   30]	SFTPOperations.OnFindNext ENTER 
[2016-08-04 09:52:20.483]	[   30]	              [in][sender]=SBSftpServer.TElSFTPServer
[2016-08-04 09:52:20.483]	[   30]	              [in][data]=
[2016-08-04 09:52:20.483]	[   30]	              [in][info]=SBSftpCommon.TElSftpFileInfo
[2016-08-04 09:52:20.483]	[   30]	              [in][errorCode]=0
[2016-08-04 09:52:20.483]	[   30]	              [in][comment]=
[2016-08-04 09:52:20.484]	[   30]	              [out][errorCode]=0
[2016-08-04 09:52:20.484]	[   30]	              [out][comment]=
[2016-08-04 09:52:20.484]	[   30]	SFTPOperations.OnFindNext EXIT
[2016-08-04 09:52:20.484]	[   30]	=============================================================
[2016-08-04 09:52:20.484]	[   30]	=============================================================
[2016-08-04 09:52:20.484]	[   30]	SFTPOperations.OnFindNext ENTER 
[2016-08-04 09:52:20.484]	[   30]	              [in][sender]=SBSftpServer.TElSFTPServer
[2016-08-04 09:52:20.484]	[   30]	              [in][data]=
[2016-08-04 09:52:20.484]	[   30]	              [in][info]=SBSftpCommon.TElSftpFileInfo
[2016-08-04 09:52:20.484]	[   30]	              [in][errorCode]=0
[2016-08-04 09:52:20.484]	[   30]	              [in][comment]=
[2016-08-04 09:52:20.484]	[   30]	              [out][errorCode]=0
[2016-08-04 09:52:20.484]	[   30]	              [out][comment]=
[2016-08-04 09:52:20.484]	[   30]	SFTPOperations.OnFindNext EXIT
[2016-08-04 09:52:20.484]	[   30]	=============================================================
[2016-08-04 09:52:20.486]	[   30]	=============================================================
[2016-08-04 09:52:20.486]	[   30]	SFTPOperations.OnFindClose ENTER 
[2016-08-04 09:52:20.486]	[   30]	              [in][sender]=SBSftpServer.TElSFTPServer
[2016-08-04 09:52:20.486]	[   30]	              [in][searchRec]=
[2016-08-04 09:52:20.486]	[   30]	              [in][errorCode]=1
[2016-08-04 09:52:20.486]	[   30]	              [in][comment]=
[2016-08-04 09:52:20.486]	[   30]	              [out][errorCode]=1
[2016-08-04 09:52:20.486]	[   30]	              [out][comment]=
[2016-08-04 09:52:20.486]	[   30]	SFTPOperations.OnFindClose EXIT
[2016-08-04 09:52:20.486]	[   30]	=============================================================
[2016-08-04 09:52:20.496]	[   30]	=============================================================
[2016-08-04 09:52:20.496]	[   30]	SFTPOperations.OnRemove ENTER 
[2016-08-04 09:52:20.496]	[   30]	              [in][sender]=SBSftpServer.TElSFTPServer
[2016-08-04 09:52:20.496]	[   30]	              [in][path]=\\TestSession_f3e4b103-9bc3-4f14-b344-3a5b02acff46/
[2016-08-04 09:52:20.496]	[   30]	              [in][errorCode]=0
[2016-08-04 09:52:20.496]	[   30]	              [in][comment]=
[2016-08-04 09:52:20.496]	[   30]	              [out][errorCode]=0
[2016-08-04 09:52:20.496]	[   30]	              [out][comment]=
[2016-08-04 09:52:20.496]	[   30]	SFTPOperations.OnRemove EXIT
[2016-08-04 09:52:20.496]	[   30]	=============================================================
[2016-08-04 09:52:20.496]	[   32]	Stopping socket listener
[2016-08-04 09:52:20.497]	[   32]	Socket listener stopped
[2016-08-04 09:52:20.497]	[   37]	Socket receive operation failed: An established connection was aborted by the software in your host machine
[2016-08-04 09:52:20.497]	[   37]	Closing the socket
[2016-08-04 09:52:20.497]	[   37]	ServerListener.OnSessionClosed()</StdOut>
      </Output>
    </UnitTestResult>
    <UnitTestResult executionId="707593c4-956d-4550-8873-5412543c0758" testId="37f3b63f-109b-0155-56d4-ebb51174515b" testName="DownloadFile_PartialDownload_OutOfRange_ThrowsFtpException" computerName="ICSWS068" duration="00:00:00.6237997" startTime="2016-08-04T09:52:20.5216194+02:00" endTime="2016-08-04T09:52:21.1495689+02:00" testType="13cdc9d9-ddb5-4fa4-a97d-d965ccfc6d4b" outcome="Passed" testListId="8c84fa94-04c1-424b-9868-57a2d4851a1d" relativeResultsDirectory="707593c4-956d-4550-8873-5412543c0758">
      <Output>
        <StdOut>Debug Trace:
[2016-08-04 09:52:20.530]	[   41]	Starting SSH server listener...
[2016-08-04 09:52:20.531]	[   41]	SSH server listener started.
[2016-08-04 09:52:20.581]	[   31]	ServerListener.Listen : New connection available
[2016-08-04 09:52:20.582]	[   31]	Connection accepted. Active connections 1 from 20
[2016-08-04 09:52:20.730]	[   42]	Subsystem sftp opened
[2016-08-04 09:52:20.730]	[   42]	SFTP server started
[2016-08-04 09:52:20.731]	[   39]	=============================================================
[2016-08-04 09:52:20.731]	[   39]	SFTPOperations.OnOpen ENTER (3)
[2016-08-04 09:52:20.731]	[   39]	              [in][sender]=SBSftpServer.TElSFTPServer
[2016-08-04 09:52:20.731]	[   39]	SFTP connection established
[2016-08-04 09:52:20.731]	[   39]	SFTPOperations.OnOpen EXIT
[2016-08-04 09:52:20.731]	[   39]	=============================================================
[2016-08-04 09:52:20.731]	[   39]	=============================================================
[2016-08-04 09:52:20.731]	[   39]	SFTPOperations.OnRequestAbsolutePath ENTER 
[2016-08-04 09:52:20.731]	[   39]	              [in][sender]=SBSftpServer.TElSFTPServer
[2016-08-04 09:52:20.732]	[   39]	              [in][path]=.
[2016-08-04 09:52:20.732]	[   39]	              [in][absolutePath]=
[2016-08-04 09:52:20.732]	[   39]	              [in][control]=rcNoCheck
[2016-08-04 09:52:20.732]	[   39]	              [in][composePath]=SBStringList.TElStringList
[2016-08-04 09:52:20.732]	[   39]	              [in][errorCode]=0
[2016-08-04 09:52:20.732]	[   39]	              [in][comment]=
[2016-08-04 09:52:20.732]	[   39]	              [out][absolutePath]=
[2016-08-04 09:52:20.732]	[   39]	              [out][errorCode]=0
[2016-08-04 09:52:20.732]	[   39]	              [out][comment]=
[2016-08-04 09:52:20.732]	[   39]	SFTPOperations.OnRequestAbsolutePath EXIT
[2016-08-04 09:52:20.732]	[   39]	=============================================================
[2016-08-04 09:52:20.732]	[   39]	=============================================================
[2016-08-04 09:52:20.732]	[   39]	SFTPOperations.OnCreateDirectory ENTER 
[2016-08-04 09:52:20.732]	[   39]	              [in][sender]=SBSftpServer.TElSFTPServer
[2016-08-04 09:52:20.732]	[   39]	              [in][path]=\\TestSession_71b57ad1-92de-4488-a336-75b19c6f5111
[2016-08-04 09:52:20.732]	[   39]	              [in][attributes]=
[2016-08-04 09:52:20.732]	[   39]	              [in][errorCode]=0
[2016-08-04 09:52:20.733]	[   39]	              [in][comment]=
[2016-08-04 09:52:20.733]	[   39]	              [out][errorCode]=0
[2016-08-04 09:52:20.733]	[   39]	              [out][comment]=
[2016-08-04 09:52:20.733]	[   39]	SFTPOperations.OnCreateDirectory EXIT
[2016-08-04 09:52:20.733]	[   39]	=============================================================
[2016-08-04 09:52:20.734]	[   42]	Socket receive operation failed: An established connection was aborted by the software in your host machine
[2016-08-04 09:52:20.735]	[   42]	Closing the socket
[2016-08-04 09:52:20.735]	[   42]	ServerListener.OnSessionClosed()
[2016-08-04 09:52:20.736]	[   31]	ServerListener.Listen : New connection available
[2016-08-04 09:52:20.736]	[   31]	Connection accepted. Active connections 1 from 20
[2016-08-04 09:52:20.886]	[   19]	Subsystem sftp opened
[2016-08-04 09:52:20.887]	[   19]	SFTP server started
[2016-08-04 09:52:20.893]	[   35]	=============================================================
[2016-08-04 09:52:20.893]	[   35]	SFTPOperations.OnOpen ENTER (1)
[2016-08-04 09:52:20.893]	[   35]	              [in][sender]=SBSftpServer.TElSFTPServer
[2016-08-04 09:52:20.893]	[   35]	SFTP connection established
[2016-08-04 09:52:20.893]	[   35]	SFTPOperations.OnOpen EXIT
[2016-08-04 09:52:20.893]	[   35]	=============================================================
[2016-08-04 09:52:20.894]	[   35]	=============================================================
[2016-08-04 09:52:20.894]	[   35]	SFTPOperations.OnRequestAbsolutePath ENTER 
[2016-08-04 09:52:20.894]	[   35]	              [in][sender]=SBSftpServer.TElSFTPServer
[2016-08-04 09:52:20.894]	[   35]	              [in][path]=.
[2016-08-04 09:52:20.894]	[   35]	              [in][absolutePath]=
[2016-08-04 09:52:20.894]	[   35]	              [in][control]=rcNoCheck
[2016-08-04 09:52:20.894]	[   35]	              [in][composePath]=SBStringList.TElStringList
[2016-08-04 09:52:20.894]	[   35]	              [in][errorCode]=0
[2016-08-04 09:52:20.894]	[   35]	              [in][comment]=
[2016-08-04 09:52:20.894]	[   35]	              [out][absolutePath]=
[2016-08-04 09:52:20.894]	[   35]	              [out][errorCode]=0
[2016-08-04 09:52:20.894]	[   35]	              [out][comment]=
[2016-08-04 09:52:20.894]	[   35]	SFTPOperations.OnRequestAbsolutePath EXIT
[2016-08-04 09:52:20.894]	[   35]	=============================================================
[2016-08-04 09:52:20.895]	[   35]	=============================================================
[2016-08-04 09:52:20.895]	[   35]	SFTPOperations.OnRequestAttributes ENTER 
[2016-08-04 09:52:20.895]	[   35]	              [in][sender]=SBSftpServer.TElSFTPServer
[2016-08-04 09:52:20.895]	[   35]	              [in][path]=\\TestSession_71b57ad1-92de-4488-a336-75b19c6f5111
[2016-08-04 09:52:20.895]	[   35]	              [in][followSymLinks]=True
[2016-08-04 09:52:20.895]	[   35]	              [in][attributes]=SBSftpCommon.TElSftpFileAttributes
[2016-08-04 09:52:20.895]	[   35]	              [in][errorCode]=0
[2016-08-04 09:52:20.895]	[   35]	              [in][comment]=
[2016-08-04 09:52:20.895]	[   35]	              [out][errorCode]=0
[2016-08-04 09:52:20.895]	[   35]	              [out][comment]=
[2016-08-04 09:52:20.895]	[   35]	SFTPOperations.OnRequestAttributes EXIT
[2016-08-04 09:52:20.895]	[   35]	=============================================================
[2016-08-04 09:52:20.896]	[   35]	=============================================================
[2016-08-04 09:52:20.896]	[   35]	SFTPOperations.OnOpenFile ENTER (1)
[2016-08-04 09:52:20.896]	[   35]	              [in][sender]=SBSftpServer.TElSFTPServer
[2016-08-04 09:52:20.896]	[   35]	              [in][path]=\\TestSession_71b57ad1-92de-4488-a336-75b19c6f5111\4a7e45ef-2a0b-4bc0-820e-cbfd04c7f108.txt
[2016-08-04 09:52:20.896]	[   35]	              [in][modes]=26
[2016-08-04 09:52:20.896]	[   35]	              [in][Access]=0
[2016-08-04 09:52:20.896]	[   35]	              [in][desiredAccess]=2
[2016-08-04 09:52:20.896]	[   35]	              [in][attributes]=SBSftpCommon.TElSftpFileAttributes
[2016-08-04 09:52:20.896]	[   35]	              [in][data]=
[2016-08-04 09:52:20.896]	[   35]	              [in][errorCode]=0
[2016-08-04 09:52:20.896]	[   35]	              [in][comment]=
[2016-08-04 09:52:20.896]	[   35]	              [out][data]=
[2016-08-04 09:52:20.896]	[   35]	              [out][errorCode]=0
[2016-08-04 09:52:20.896]	[   35]	              [out][comment]=
[2016-08-04 09:52:20.896]	[   35]	SFTPOperations.OnOpenFile EXIT
[2016-08-04 09:52:20.896]	[   35]	=============================================================
[2016-08-04 09:52:20.897]	[   35]	=============================================================
[2016-08-04 09:52:20.897]	[   35]	SFTPOperations.OnWriteFile ENTER (1)
[2016-08-04 09:52:20.897]	[   35]	              [in][sender]=SBSftpServer.TElSFTPServer
[2016-08-04 09:52:20.897]	[   35]	              [in][data]=System.IO.FileStream
[2016-08-04 09:52:20.897]	[   35]	              [in][offset]=0
[2016-08-04 09:52:20.897]	[   35]	              [in][buffer]=System.Byte[]
[2016-08-04 09:52:20.897]	[   35]	              [in][bufferOffset]=25
[2016-08-04 09:52:20.897]	[   35]	              [in][count]=3
[2016-08-04 09:52:20.897]	[   35]	              [in][errorCode]=0
[2016-08-04 09:52:20.897]	[   35]	              [in][comment]=
[2016-08-04 09:52:20.897]	[   35]	              [out][errorCode]=0
[2016-08-04 09:52:20.897]	[   35]	              [out][comment]=
[2016-08-04 09:52:20.898]	[   35]	SFTPOperations.OnWriteFile EXIT
[2016-08-04 09:52:20.898]	[   35]	=============================================================
[2016-08-04 09:52:20.898]	[   35]	=============================================================
[2016-08-04 09:52:20.898]	[   35]	SFTPOperations.OnCloseHandle ENTER (1)
[2016-08-04 09:52:20.898]	[   35]	              [in][sender]=SBSftpServer.TElSFTPServer
[2016-08-04 09:52:20.898]	[   35]	              [in][data]=System.IO.FileStream
[2016-08-04 09:52:20.899]	[   35]	              [in][errorCode]=0
[2016-08-04 09:52:20.899]	[   35]	              [in][comment]=
[2016-08-04 09:52:20.899]	[   35]	              [out][errorCode]=0
[2016-08-04 09:52:20.899]	[   35]	              [out][comment]=
[2016-08-04 09:52:20.899]	[   35]	SFTPOperations.OnCloseHandle EXIT
[2016-08-04 09:52:20.899]	[   35]	=============================================================
[2016-08-04 09:52:20.899]	[   35]	=============================================================
[2016-08-04 09:52:20.899]	[   35]	SFTPOperations.OnRequestAttributes ENTER 
[2016-08-04 09:52:20.899]	[   35]	              [in][sender]=SBSftpServer.TElSFTPServer
[2016-08-04 09:52:20.899]	[   35]	              [in][path]=\\TestSession_71b57ad1-92de-4488-a336-75b19c6f5111\4a7e45ef-2a0b-4bc0-820e-cbfd04c7f108.txt
[2016-08-04 09:52:20.900]	[   35]	              [in][followSymLinks]=True
[2016-08-04 09:52:20.900]	[   35]	              [in][attributes]=SBSftpCommon.TElSftpFileAttributes
[2016-08-04 09:52:20.900]	[   35]	              [in][errorCode]=0
[2016-08-04 09:52:20.900]	[   35]	              [in][comment]=
[2016-08-04 09:52:20.900]	[   35]	              [out][errorCode]=0
[2016-08-04 09:52:20.900]	[   35]	              [out][comment]=
[2016-08-04 09:52:20.900]	[   35]	SFTPOperations.OnRequestAttributes EXIT
[2016-08-04 09:52:20.900]	[   35]	=============================================================
[2016-08-04 09:52:20.901]	[   19]	Socket receive operation failed: An established connection was aborted by the software in your host machine
[2016-08-04 09:52:20.901]	[   19]	Closing the socket
[2016-08-04 09:52:20.901]	[   19]	ServerListener.OnSessionClosed()
[2016-08-04 09:52:20.949]	[   31]	ServerListener.Listen : New connection available
[2016-08-04 09:52:20.951]	[   31]	Connection accepted. Active connections 1 from 20
[2016-08-04 09:52:21.087]	[   25]	Subsystem sftp opened
[2016-08-04 09:52:21.088]	[   25]	SFTP server started
[2016-08-04 09:52:21.088]	[   33]	=============================================================
[2016-08-04 09:52:21.089]	[   33]	SFTPOperations.OnOpen ENTER (2)
[2016-08-04 09:52:21.089]	[   33]	              [in][sender]=SBSftpServer.TElSFTPServer
[2016-08-04 09:52:21.089]	[   33]	SFTP connection established
[2016-08-04 09:52:21.089]	[   33]	SFTPOperations.OnOpen EXIT
[2016-08-04 09:52:21.089]	[   33]	=============================================================
[2016-08-04 09:52:21.089]	[   33]	=============================================================
[2016-08-04 09:52:21.089]	[   33]	SFTPOperations.OnRequestAbsolutePath ENTER 
[2016-08-04 09:52:21.089]	[   33]	              [in][sender]=SBSftpServer.TElSFTPServer
[2016-08-04 09:52:21.089]	[   33]	              [in][path]=.
[2016-08-04 09:52:21.089]	[   33]	              [in][absolutePath]=
[2016-08-04 09:52:21.089]	[   33]	              [in][control]=rcNoCheck
[2016-08-04 09:52:21.089]	[   33]	              [in][composePath]=SBStringList.TElStringList
[2016-08-04 09:52:21.089]	[   33]	              [in][errorCode]=0
[2016-08-04 09:52:21.089]	[   33]	              [in][comment]=
[2016-08-04 09:52:21.089]	[   33]	              [out][absolutePath]=
[2016-08-04 09:52:21.089]	[   33]	              [out][errorCode]=0
[2016-08-04 09:52:21.089]	[   33]	              [out][comment]=
[2016-08-04 09:52:21.089]	[   33]	SFTPOperations.OnRequestAbsolutePath EXIT
[2016-08-04 09:52:21.089]	[   33]	=============================================================
[2016-08-04 09:52:21.090]	[   33]	=============================================================
[2016-08-04 09:52:21.090]	[   33]	SFTPOperations.OnFindFirst ENTER 
[2016-08-04 09:52:21.090]	[   33]	              [in][sender]=SBSftpServer.TElSFTPServer
[2016-08-04 09:52:21.090]	[   33]	              [in][path]=\\TestSession_71b57ad1-92de-4488-a336-75b19c6f5111/
[2016-08-04 09:52:21.090]	[   33]	              [in][data]=
[2016-08-04 09:52:21.090]	[   33]	              [in][info]=SBSftpCommon.TElSftpFileInfo
[2016-08-04 09:52:21.090]	[   33]	              [in][errorCode]=0
[2016-08-04 09:52:21.090]	[   33]	              [in][comment]=
[2016-08-04 09:52:21.090]	[   33]	              [out][data]=
[2016-08-04 09:52:21.090]	[   33]	              [out][errorCode]=0
[2016-08-04 09:52:21.091]	[   33]	              [out][comment]=
[2016-08-04 09:52:21.091]	[   33]	SFTPOperations.OnFindFirst EXIT
[2016-08-04 09:52:21.091]	[   33]	=============================================================
[2016-08-04 09:52:21.091]	[   33]	=============================================================
[2016-08-04 09:52:21.091]	[   33]	SFTPOperations.OnFindNext ENTER 
[2016-08-04 09:52:21.091]	[   33]	              [in][sender]=SBSftpServer.TElSFTPServer
[2016-08-04 09:52:21.091]	[   33]	              [in][data]=
[2016-08-04 09:52:21.091]	[   33]	              [in][info]=SBSftpCommon.TElSftpFileInfo
[2016-08-04 09:52:21.091]	[   33]	              [in][errorCode]=0
[2016-08-04 09:52:21.091]	[   33]	              [in][comment]=
[2016-08-04 09:52:21.091]	[   33]	              [out][errorCode]=0
[2016-08-04 09:52:21.091]	[   33]	              [out][comment]=
[2016-08-04 09:52:21.091]	[   33]	SFTPOperations.OnFindNext EXIT
[2016-08-04 09:52:21.091]	[   33]	=============================================================
[2016-08-04 09:52:21.092]	[   33]	=============================================================
[2016-08-04 09:52:21.092]	[   33]	SFTPOperations.OnFindNext ENTER 
[2016-08-04 09:52:21.092]	[   33]	              [in][sender]=SBSftpServer.TElSFTPServer
[2016-08-04 09:52:21.092]	[   33]	              [in][data]=
[2016-08-04 09:52:21.092]	[   33]	              [in][info]=SBSftpCommon.TElSftpFileInfo
[2016-08-04 09:52:21.092]	[   33]	              [in][errorCode]=0
[2016-08-04 09:52:21.092]	[   33]	              [in][comment]=
[2016-08-04 09:52:21.092]	[   33]	              [out][errorCode]=0
[2016-08-04 09:52:21.092]	[   33]	              [out][comment]=
[2016-08-04 09:52:21.092]	[   33]	SFTPOperations.OnFindNext EXIT
[2016-08-04 09:52:21.092]	[   33]	=============================================================
[2016-08-04 09:52:21.092]	[   33]	=============================================================
[2016-08-04 09:52:21.092]	[   33]	SFTPOperations.OnFindNext ENTER 
[2016-08-04 09:52:21.092]	[   33]	              [in][sender]=SBSftpServer.TElSFTPServer
[2016-08-04 09:52:21.092]	[   33]	              [in][data]=
[2016-08-04 09:52:21.092]	[   33]	              [in][info]=SBSftpCommon.TElSftpFileInfo
[2016-08-04 09:52:21.092]	[   33]	              [in][errorCode]=0
[2016-08-04 09:52:21.092]	[   33]	              [in][comment]=
[2016-08-04 09:52:21.092]	[   33]	              [out][errorCode]=0
[2016-08-04 09:52:21.092]	[   33]	              [out][comment]=
[2016-08-04 09:52:21.092]	[   33]	SFTPOperations.OnFindNext EXIT
[2016-08-04 09:52:21.092]	[   33]	=============================================================
[2016-08-04 09:52:21.093]	[   33]	=============================================================
[2016-08-04 09:52:21.093]	[   33]	SFTPOperations.OnFindClose ENTER 
[2016-08-04 09:52:21.093]	[   33]	              [in][sender]=SBSftpServer.TElSFTPServer
[2016-08-04 09:52:21.093]	[   33]	              [in][searchRec]=
[2016-08-04 09:52:21.093]	[   33]	              [in][errorCode]=1
[2016-08-04 09:52:21.093]	[   33]	              [in][comment]=
[2016-08-04 09:52:21.093]	[   33]	              [out][errorCode]=1
[2016-08-04 09:52:21.093]	[   33]	              [out][comment]=
[2016-08-04 09:52:21.093]	[   33]	SFTPOperations.OnFindClose EXIT
[2016-08-04 09:52:21.093]	[   33]	=============================================================
[2016-08-04 09:52:21.094]	[   33]	=============================================================
[2016-08-04 09:52:21.094]	[   33]	SFTPOperations.OnRemove ENTER 
[2016-08-04 09:52:21.094]	[   33]	              [in][sender]=SBSftpServer.TElSFTPServer
[2016-08-04 09:52:21.094]	[   33]	              [in][path]=\\TestSession_71b57ad1-92de-4488-a336-75b19c6f5111/4a7e45ef-2a0b-4bc0-820e-cbfd04c7f108.txt
[2016-08-04 09:52:21.094]	[   33]	              [in][errorCode]=0
[2016-08-04 09:52:21.094]	[   33]	              [in][comment]=
[2016-08-04 09:52:21.094]	[   33]	              [out][errorCode]=0
[2016-08-04 09:52:21.094]	[   33]	              [out][comment]=
[2016-08-04 09:52:21.094]	[   33]	SFTPOperations.OnRemove EXIT
[2016-08-04 09:52:21.094]	[   33]	=============================================================
[2016-08-04 09:52:21.136]	[   33]	=============================================================
[2016-08-04 09:52:21.136]	[   33]	SFTPOperations.OnFindFirst ENTER 
[2016-08-04 09:52:21.136]	[   33]	              [in][sender]=SBSftpServer.TElSFTPServer
[2016-08-04 09:52:21.136]	[   33]	              [in][path]=\\TestSession_71b57ad1-92de-4488-a336-75b19c6f5111/
[2016-08-04 09:52:21.136]	[   33]	              [in][data]=
[2016-08-04 09:52:21.136]	[   33]	              [in][info]=SBSftpCommon.TElSftpFileInfo
[2016-08-04 09:52:21.136]	[   33]	              [in][errorCode]=0
[2016-08-04 09:52:21.136]	[   33]	              [in][comment]=
[2016-08-04 09:52:21.136]	[   33]	              [out][data]=
[2016-08-04 09:52:21.136]	[   33]	              [out][errorCode]=0
[2016-08-04 09:52:21.137]	[   33]	              [out][comment]=
[2016-08-04 09:52:21.137]	[   33]	SFTPOperations.OnFindFirst EXIT
[2016-08-04 09:52:21.137]	[   33]	=============================================================
[2016-08-04 09:52:21.137]	[   33]	=============================================================
[2016-08-04 09:52:21.137]	[   33]	SFTPOperations.OnFindNext ENTER 
[2016-08-04 09:52:21.137]	[   33]	              [in][sender]=SBSftpServer.TElSFTPServer
[2016-08-04 09:52:21.137]	[   33]	              [in][data]=
[2016-08-04 09:52:21.137]	[   33]	              [in][info]=SBSftpCommon.TElSftpFileInfo
[2016-08-04 09:52:21.137]	[   33]	              [in][errorCode]=0
[2016-08-04 09:52:21.137]	[   33]	              [in][comment]=
[2016-08-04 09:52:21.137]	[   33]	              [out][errorCode]=0
[2016-08-04 09:52:21.137]	[   33]	              [out][comment]=
[2016-08-04 09:52:21.137]	[   33]	SFTPOperations.OnFindNext EXIT
[2016-08-04 09:52:21.137]	[   33]	=============================================================
[2016-08-04 09:52:21.137]	[   33]	=============================================================
[2016-08-04 09:52:21.137]	[   33]	SFTPOperations.OnFindNext ENTER 
[2016-08-04 09:52:21.137]	[   33]	              [in][sender]=SBSftpServer.TElSFTPServer
[2016-08-04 09:52:21.137]	[   33]	              [in][data]=
[2016-08-04 09:52:21.137]	[   33]	              [in][info]=SBSftpCommon.TElSftpFileInfo
[2016-08-04 09:52:21.137]	[   33]	              [in][errorCode]=0
[2016-08-04 09:52:21.137]	[   33]	              [in][comment]=
[2016-08-04 09:52:21.137]	[   33]	              [out][errorCode]=0
[2016-08-04 09:52:21.137]	[   33]	              [out][comment]=
[2016-08-04 09:52:21.137]	[   33]	SFTPOperations.OnFindNext EXIT
[2016-08-04 09:52:21.137]	[   33]	=============================================================
[2016-08-04 09:52:21.138]	[   33]	=============================================================
[2016-08-04 09:52:21.138]	[   33]	SFTPOperations.OnFindClose ENTER 
[2016-08-04 09:52:21.138]	[   33]	              [in][sender]=SBSftpServer.TElSFTPServer
[2016-08-04 09:52:21.138]	[   33]	              [in][searchRec]=
[2016-08-04 09:52:21.138]	[   33]	              [in][errorCode]=1
[2016-08-04 09:52:21.138]	[   33]	              [in][comment]=
[2016-08-04 09:52:21.138]	[   33]	              [out][errorCode]=1
[2016-08-04 09:52:21.138]	[   33]	              [out][comment]=
[2016-08-04 09:52:21.138]	[   33]	SFTPOperations.OnFindClose EXIT
[2016-08-04 09:52:21.138]	[   33]	=============================================================
[2016-08-04 09:52:21.138]	[   33]	=============================================================
[2016-08-04 09:52:21.138]	[   33]	SFTPOperations.OnRemove ENTER 
[2016-08-04 09:52:21.138]	[   33]	              [in][sender]=SBSftpServer.TElSFTPServer
[2016-08-04 09:52:21.138]	[   33]	              [in][path]=\\TestSession_71b57ad1-92de-4488-a336-75b19c6f5111/
[2016-08-04 09:52:21.139]	[   33]	              [in][errorCode]=0
[2016-08-04 09:52:21.139]	[   33]	              [in][comment]=
[2016-08-04 09:52:21.139]	[   33]	              [out][errorCode]=0
[2016-08-04 09:52:21.139]	[   33]	              [out][comment]=
[2016-08-04 09:52:21.139]	[   33]	SFTPOperations.OnRemove EXIT
[2016-08-04 09:52:21.139]	[   33]	=============================================================
[2016-08-04 09:52:21.139]	[   41]	Stopping socket listener
[2016-08-04 09:52:21.139]	[   41]	Socket listener stopped
[2016-08-04 09:52:21.139]	[   25]	Socket receive operation failed: An established connection was aborted by the software in your host machine
[2016-08-04 09:52:21.140]	[   25]	Closing the socket
[2016-08-04 09:52:21.140]	[   25]	ServerListener.OnSessionClosed()</StdOut>
      </Output>
    </UnitTestResult>
    <UnitTestResult executionId="7d049a3d-85ef-4441-9e12-605503961e89" testId="510bae4f-fd22-9fcb-4acf-345f240e5a71" testName="DownloadFile_NotExistingFile_ThrowsFtpException" computerName="ICSWS068" duration="00:00:00.6594428" startTime="2016-08-04T09:52:21.1605766+02:00" endTime="2016-08-04T09:52:21.8255524+02:00" testType="13cdc9d9-ddb5-4fa4-a97d-d965ccfc6d4b" outcome="Passed" testListId="8c84fa94-04c1-424b-9868-57a2d4851a1d" relativeResultsDirectory="7d049a3d-85ef-4441-9e12-605503961e89">
      <Output>
        <StdOut>Debug Trace:
[2016-08-04 09:52:21.168]	[   39]	Starting SSH server listener...
[2016-08-04 09:52:21.168]	[   39]	SSH server listener started.
[2016-08-04 09:52:21.220]	[   35]	ServerListener.Listen : New connection available
[2016-08-04 09:52:21.222]	[   35]	Connection accepted. Active connections 1 from 20
[2016-08-04 09:52:21.382]	[   30]	Subsystem sftp opened
[2016-08-04 09:52:21.382]	[   30]	SFTP server started
[2016-08-04 09:52:21.385]	[   37]	=============================================================
[2016-08-04 09:52:21.385]	[   37]	SFTPOperations.OnOpen ENTER (3)
[2016-08-04 09:52:21.385]	[   37]	              [in][sender]=SBSftpServer.TElSFTPServer
[2016-08-04 09:52:21.385]	[   37]	SFTP connection established
[2016-08-04 09:52:21.385]	[   37]	SFTPOperations.OnOpen EXIT
[2016-08-04 09:52:21.385]	[   37]	=============================================================
[2016-08-04 09:52:21.385]	[   37]	=============================================================
[2016-08-04 09:52:21.385]	[   37]	SFTPOperations.OnRequestAbsolutePath ENTER 
[2016-08-04 09:52:21.385]	[   37]	              [in][sender]=SBSftpServer.TElSFTPServer
[2016-08-04 09:52:21.386]	[   37]	              [in][path]=.
[2016-08-04 09:52:21.386]	[   37]	              [in][absolutePath]=
[2016-08-04 09:52:21.386]	[   37]	              [in][control]=rcNoCheck
[2016-08-04 09:52:21.386]	[   37]	              [in][composePath]=SBStringList.TElStringList
[2016-08-04 09:52:21.386]	[   37]	              [in][errorCode]=0
[2016-08-04 09:52:21.386]	[   37]	              [in][comment]=
[2016-08-04 09:52:21.386]	[   37]	              [out][absolutePath]=
[2016-08-04 09:52:21.386]	[   37]	              [out][errorCode]=0
[2016-08-04 09:52:21.386]	[   37]	              [out][comment]=
[2016-08-04 09:52:21.386]	[   37]	SFTPOperations.OnRequestAbsolutePath EXIT
[2016-08-04 09:52:21.386]	[   37]	=============================================================
[2016-08-04 09:52:21.386]	[   37]	=============================================================
[2016-08-04 09:52:21.386]	[   37]	SFTPOperations.OnCreateDirectory ENTER 
[2016-08-04 09:52:21.386]	[   37]	              [in][sender]=SBSftpServer.TElSFTPServer
[2016-08-04 09:52:21.386]	[   37]	              [in][path]=\\TestSession_c9ccb060-adef-4d4d-a984-b96584d8c90d
[2016-08-04 09:52:21.386]	[   37]	              [in][attributes]=
[2016-08-04 09:52:21.386]	[   37]	              [in][errorCode]=0
[2016-08-04 09:52:21.386]	[   37]	              [in][comment]=
[2016-08-04 09:52:21.387]	[   37]	              [out][errorCode]=0
[2016-08-04 09:52:21.387]	[   37]	              [out][comment]=
[2016-08-04 09:52:21.387]	[   37]	SFTPOperations.OnCreateDirectory EXIT
[2016-08-04 09:52:21.387]	[   37]	=============================================================
[2016-08-04 09:52:21.387]	[   30]	Socket receive operation failed: An established connection was aborted by the software in your host machine
[2016-08-04 09:52:21.388]	[   30]	Closing the socket
[2016-08-04 09:52:21.388]	[   30]	ServerListener.OnSessionClosed()
[2016-08-04 09:52:21.437]	[   35]	ServerListener.Listen : New connection available
[2016-08-04 09:52:21.438]	[   35]	Connection accepted. Active connections 1 from 20
[2016-08-04 09:52:21.595]	[   13]	Subsystem sftp opened
[2016-08-04 09:52:21.595]	[   13]	SFTP server started
[2016-08-04 09:52:21.596]	[   32]	=============================================================
[2016-08-04 09:52:21.596]	[   32]	SFTPOperations.OnOpen ENTER (1)
[2016-08-04 09:52:21.596]	[   32]	              [in][sender]=SBSftpServer.TElSFTPServer
[2016-08-04 09:52:21.596]	[   32]	SFTP connection established
[2016-08-04 09:52:21.596]	[   32]	SFTPOperations.OnOpen EXIT
[2016-08-04 09:52:21.596]	[   32]	=============================================================
[2016-08-04 09:52:21.596]	[   32]	=============================================================
[2016-08-04 09:52:21.597]	[   32]	SFTPOperations.OnRequestAbsolutePath ENTER 
[2016-08-04 09:52:21.597]	[   32]	              [in][sender]=SBSftpServer.TElSFTPServer
[2016-08-04 09:52:21.597]	[   32]	              [in][path]=.
[2016-08-04 09:52:21.597]	[   32]	              [in][absolutePath]=
[2016-08-04 09:52:21.597]	[   32]	              [in][control]=rcNoCheck
[2016-08-04 09:52:21.597]	[   32]	              [in][composePath]=SBStringList.TElStringList
[2016-08-04 09:52:21.597]	[   32]	              [in][errorCode]=0
[2016-08-04 09:52:21.597]	[   32]	              [in][comment]=
[2016-08-04 09:52:21.597]	[   32]	              [out][absolutePath]=
[2016-08-04 09:52:21.597]	[   32]	              [out][errorCode]=0
[2016-08-04 09:52:21.597]	[   32]	              [out][comment]=
[2016-08-04 09:52:21.597]	[   32]	SFTPOperations.OnRequestAbsolutePath EXIT
[2016-08-04 09:52:21.597]	[   32]	=============================================================
[2016-08-04 09:52:21.597]	[   32]	=============================================================
[2016-08-04 09:52:21.597]	[   32]	SFTPOperations.OnRequestAttributes ENTER 
[2016-08-04 09:52:21.597]	[   32]	              [in][sender]=SBSftpServer.TElSFTPServer
[2016-08-04 09:52:21.597]	[   32]	              [in][path]=/file.txt
[2016-08-04 09:52:21.598]	[   32]	              [in][followSymLinks]=True
[2016-08-04 09:52:21.598]	[   32]	              [in][attributes]=SBSftpCommon.TElSftpFileAttributes
[2016-08-04 09:52:21.598]	[   32]	              [in][errorCode]=0
[2016-08-04 09:52:21.598]	[   32]	              [in][comment]=
[2016-08-04 09:52:21.598]	[   32]	              [out][errorCode]=0
[2016-08-04 09:52:21.598]	[   32]	              [out][comment]=
[2016-08-04 09:52:21.598]	[   32]	SFTPOperations.OnRequestAttributes EXIT
[2016-08-04 09:52:21.598]	[   32]	=============================================================
[2016-08-04 09:52:21.599]	[   32]	=============================================================
[2016-08-04 09:52:21.599]	[   32]	SFTPOperations.OnOpenFile ENTER (1)
[2016-08-04 09:52:21.599]	[   32]	              [in][sender]=SBSftpServer.TElSFTPServer
[2016-08-04 09:52:21.599]	[   32]	              [in][path]=/file.txt
[2016-08-04 09:52:21.599]	[   32]	              [in][modes]=1
[2016-08-04 09:52:21.599]	[   32]	              [in][Access]=0
[2016-08-04 09:52:21.599]	[   32]	              [in][desiredAccess]=1
[2016-08-04 09:52:21.599]	[   32]	              [in][attributes]=SBSftpCommon.TElSftpFileAttributes
[2016-08-04 09:52:21.599]	[   32]	              [in][data]=
[2016-08-04 09:52:21.599]	[   32]	              [in][errorCode]=2
[2016-08-04 09:52:21.599]	[   32]	              [in][comment]=No such file
[2016-08-04 09:52:21.599]	[   32]	              [out][data]=
[2016-08-04 09:52:21.599]	[   32]	              [out][errorCode]=2
[2016-08-04 09:52:21.599]	[   32]	              [out][comment]=No such file
[2016-08-04 09:52:21.599]	[   32]	SFTPOperations.OnOpenFile EXIT
[2016-08-04 09:52:21.599]	[   32]	=============================================================
[2016-08-04 09:52:21.600]	[   13]	Socket receive operation failed: An established connection was aborted by the software in your host machine
[2016-08-04 09:52:21.600]	[   13]	Closing the socket
[2016-08-04 09:52:21.600]	[   13]	ServerListener.OnSessionClosed()
[2016-08-04 09:52:21.643]	[   35]	ServerListener.Listen : New connection available
[2016-08-04 09:52:21.644]	[   35]	Connection accepted. Active connections 1 from 20
[2016-08-04 09:52:21.793]	[   38]	Subsystem sftp opened
[2016-08-04 09:52:21.794]	[   38]	SFTP server started
[2016-08-04 09:52:21.795]	[   36]	=============================================================
[2016-08-04 09:52:21.795]	[   36]	SFTPOperations.OnOpen ENTER (2)
[2016-08-04 09:52:21.795]	[   36]	              [in][sender]=SBSftpServer.TElSFTPServer
[2016-08-04 09:52:21.795]	[   36]	SFTP connection established
[2016-08-04 09:52:21.795]	[   36]	SFTPOperations.OnOpen EXIT
[2016-08-04 09:52:21.795]	[   36]	=============================================================
[2016-08-04 09:52:21.795]	[   36]	=============================================================
[2016-08-04 09:52:21.795]	[   36]	SFTPOperations.OnRequestAbsolutePath ENTER 
[2016-08-04 09:52:21.795]	[   36]	              [in][sender]=SBSftpServer.TElSFTPServer
[2016-08-04 09:52:21.795]	[   36]	              [in][path]=.
[2016-08-04 09:52:21.795]	[   36]	              [in][absolutePath]=
[2016-08-04 09:52:21.795]	[   36]	              [in][control]=rcNoCheck
[2016-08-04 09:52:21.795]	[   36]	              [in][composePath]=SBStringList.TElStringList
[2016-08-04 09:52:21.795]	[   36]	              [in][errorCode]=0
[2016-08-04 09:52:21.795]	[   36]	              [in][comment]=
[2016-08-04 09:52:21.796]	[   36]	              [out][absolutePath]=
[2016-08-04 09:52:21.796]	[   36]	              [out][errorCode]=0
[2016-08-04 09:52:21.796]	[   36]	              [out][comment]=
[2016-08-04 09:52:21.796]	[   36]	SFTPOperations.OnRequestAbsolutePath EXIT
[2016-08-04 09:52:21.796]	[   36]	=============================================================
[2016-08-04 09:52:21.796]	[   36]	=============================================================
[2016-08-04 09:52:21.796]	[   36]	SFTPOperations.OnFindFirst ENTER 
[2016-08-04 09:52:21.796]	[   36]	              [in][sender]=SBSftpServer.TElSFTPServer
[2016-08-04 09:52:21.796]	[   36]	              [in][path]=\\TestSession_c9ccb060-adef-4d4d-a984-b96584d8c90d/
[2016-08-04 09:52:21.796]	[   36]	              [in][data]=
[2016-08-04 09:52:21.796]	[   36]	              [in][info]=SBSftpCommon.TElSftpFileInfo
[2016-08-04 09:52:21.796]	[   36]	              [in][errorCode]=0
[2016-08-04 09:52:21.796]	[   36]	              [in][comment]=
[2016-08-04 09:52:21.797]	[   36]	              [out][data]=
[2016-08-04 09:52:21.797]	[   36]	              [out][errorCode]=0
[2016-08-04 09:52:21.797]	[   36]	              [out][comment]=
[2016-08-04 09:52:21.797]	[   36]	SFTPOperations.OnFindFirst EXIT
[2016-08-04 09:52:21.797]	[   36]	=============================================================
[2016-08-04 09:52:21.797]	[   36]	=============================================================
[2016-08-04 09:52:21.797]	[   36]	SFTPOperations.OnFindNext ENTER 
[2016-08-04 09:52:21.797]	[   36]	              [in][sender]=SBSftpServer.TElSFTPServer
[2016-08-04 09:52:21.797]	[   36]	              [in][data]=
[2016-08-04 09:52:21.797]	[   36]	              [in][info]=SBSftpCommon.TElSftpFileInfo
[2016-08-04 09:52:21.797]	[   36]	              [in][errorCode]=0
[2016-08-04 09:52:21.798]	[   36]	              [in][comment]=
[2016-08-04 09:52:21.798]	[   36]	              [out][errorCode]=0
[2016-08-04 09:52:21.798]	[   36]	              [out][comment]=
[2016-08-04 09:52:21.798]	[   36]	SFTPOperations.OnFindNext EXIT
[2016-08-04 09:52:21.798]	[   36]	=============================================================
[2016-08-04 09:52:21.798]	[   36]	=============================================================
[2016-08-04 09:52:21.798]	[   36]	SFTPOperations.OnFindNext ENTER 
[2016-08-04 09:52:21.798]	[   36]	              [in][sender]=SBSftpServer.TElSFTPServer
[2016-08-04 09:52:21.798]	[   36]	              [in][data]=
[2016-08-04 09:52:21.798]	[   36]	              [in][info]=SBSftpCommon.TElSftpFileInfo
[2016-08-04 09:52:21.798]	[   36]	              [in][errorCode]=0
[2016-08-04 09:52:21.798]	[   36]	              [in][comment]=
[2016-08-04 09:52:21.798]	[   36]	              [out][errorCode]=0
[2016-08-04 09:52:21.798]	[   36]	              [out][comment]=
[2016-08-04 09:52:21.798]	[   36]	SFTPOperations.OnFindNext EXIT
[2016-08-04 09:52:21.798]	[   36]	=============================================================
[2016-08-04 09:52:21.801]	[   36]	=============================================================
[2016-08-04 09:52:21.801]	[   36]	SFTPOperations.OnFindClose ENTER 
[2016-08-04 09:52:21.802]	[   36]	              [in][sender]=SBSftpServer.TElSFTPServer
[2016-08-04 09:52:21.802]	[   36]	              [in][searchRec]=
[2016-08-04 09:52:21.802]	[   36]	              [in][errorCode]=1
[2016-08-04 09:52:21.802]	[   36]	              [in][comment]=
[2016-08-04 09:52:21.802]	[   36]	              [out][errorCode]=1
[2016-08-04 09:52:21.802]	[   36]	              [out][comment]=
[2016-08-04 09:52:21.802]	[   36]	SFTPOperations.OnFindClose EXIT
[2016-08-04 09:52:21.802]	[   36]	=============================================================
[2016-08-04 09:52:21.803]	[   36]	=============================================================
[2016-08-04 09:52:21.803]	[   36]	SFTPOperations.OnFindFirst ENTER 
[2016-08-04 09:52:21.803]	[   36]	              [in][sender]=SBSftpServer.TElSFTPServer
[2016-08-04 09:52:21.803]	[   36]	              [in][path]=\\TestSession_c9ccb060-adef-4d4d-a984-b96584d8c90d/
[2016-08-04 09:52:21.803]	[   36]	              [in][data]=
[2016-08-04 09:52:21.803]	[   36]	              [in][info]=SBSftpCommon.TElSftpFileInfo
[2016-08-04 09:52:21.803]	[   36]	              [in][errorCode]=0
[2016-08-04 09:52:21.803]	[   36]	              [in][comment]=
[2016-08-04 09:52:21.803]	[   36]	              [out][data]=
[2016-08-04 09:52:21.803]	[   36]	              [out][errorCode]=0
[2016-08-04 09:52:21.803]	[   36]	              [out][comment]=
[2016-08-04 09:52:21.803]	[   36]	SFTPOperations.OnFindFirst EXIT
[2016-08-04 09:52:21.803]	[   36]	=============================================================
[2016-08-04 09:52:21.804]	[   36]	=============================================================
[2016-08-04 09:52:21.804]	[   36]	SFTPOperations.OnFindNext ENTER 
[2016-08-04 09:52:21.804]	[   36]	              [in][sender]=SBSftpServer.TElSFTPServer
[2016-08-04 09:52:21.804]	[   36]	              [in][data]=
[2016-08-04 09:52:21.804]	[   36]	              [in][info]=SBSftpCommon.TElSftpFileInfo
[2016-08-04 09:52:21.804]	[   36]	              [in][errorCode]=0
[2016-08-04 09:52:21.805]	[   36]	              [in][comment]=
[2016-08-04 09:52:21.805]	[   36]	              [out][errorCode]=0
[2016-08-04 09:52:21.805]	[   36]	              [out][comment]=
[2016-08-04 09:52:21.805]	[   36]	SFTPOperations.OnFindNext EXIT
[2016-08-04 09:52:21.805]	[   36]	=============================================================
[2016-08-04 09:52:21.805]	[   36]	=============================================================
[2016-08-04 09:52:21.805]	[   36]	SFTPOperations.OnFindNext ENTER 
[2016-08-04 09:52:21.805]	[   36]	              [in][sender]=SBSftpServer.TElSFTPServer
[2016-08-04 09:52:21.805]	[   36]	              [in][data]=
[2016-08-04 09:52:21.805]	[   36]	              [in][info]=SBSftpCommon.TElSftpFileInfo
[2016-08-04 09:52:21.805]	[   36]	              [in][errorCode]=0
[2016-08-04 09:52:21.805]	[   36]	              [in][comment]=
[2016-08-04 09:52:21.805]	[   36]	              [out][errorCode]=0
[2016-08-04 09:52:21.805]	[   36]	              [out][comment]=
[2016-08-04 09:52:21.805]	[   36]	SFTPOperations.OnFindNext EXIT
[2016-08-04 09:52:21.805]	[   36]	=============================================================
[2016-08-04 09:52:21.809]	[   36]	=============================================================
[2016-08-04 09:52:21.809]	[   36]	SFTPOperations.OnFindClose ENTER 
[2016-08-04 09:52:21.809]	[   36]	              [in][sender]=SBSftpServer.TElSFTPServer
[2016-08-04 09:52:21.809]	[   36]	              [in][searchRec]=
[2016-08-04 09:52:21.809]	[   36]	              [in][errorCode]=1
[2016-08-04 09:52:21.809]	[   36]	              [in][comment]=
[2016-08-04 09:52:21.809]	[   36]	              [out][errorCode]=1
[2016-08-04 09:52:21.809]	[   36]	              [out][comment]=
[2016-08-04 09:52:21.809]	[   36]	SFTPOperations.OnFindClose EXIT
[2016-08-04 09:52:21.809]	[   36]	=============================================================
[2016-08-04 09:52:21.812]	[   36]	=============================================================
[2016-08-04 09:52:21.812]	[   36]	SFTPOperations.OnRemove ENTER 
[2016-08-04 09:52:21.812]	[   36]	              [in][sender]=SBSftpServer.TElSFTPServer
[2016-08-04 09:52:21.812]	[   36]	              [in][path]=\\TestSession_c9ccb060-adef-4d4d-a984-b96584d8c90d/
[2016-08-04 09:52:21.812]	[   36]	              [in][errorCode]=0
[2016-08-04 09:52:21.812]	[   36]	              [in][comment]=
[2016-08-04 09:52:21.813]	[   36]	              [out][errorCode]=0
[2016-08-04 09:52:21.813]	[   36]	              [out][comment]=
[2016-08-04 09:52:21.813]	[   36]	SFTPOperations.OnRemove EXIT
[2016-08-04 09:52:21.813]	[   36]	=============================================================
[2016-08-04 09:52:21.813]	[   39]	Stopping socket listener
[2016-08-04 09:52:21.813]	[   39]	Socket listener stopped
[2016-08-04 09:52:21.813]	[   38]	Socket receive operation failed: An established connection was aborted by the software in your host machine
[2016-08-04 09:52:21.813]	[   38]	Closing the socket
[2016-08-04 09:52:21.813]	[   38]	ServerListener.OnSessionClosed()</StdOut>
      </Output>
    </UnitTestResult>
    <UnitTestResult executionId="6bae14b1-4f1b-445e-bb06-033a7c675e06" testId="0d4c4e75-1d31-047f-02a5-46fc3e8607ed" testName="DownloadFile_NotLoggedin_ThrowsFtpException" computerName="ICSWS068" duration="00:00:00.4155717" startTime="2016-08-04T09:52:21.8390621+02:00" endTime="2016-08-04T09:52:22.2578620+02:00" testType="13cdc9d9-ddb5-4fa4-a97d-d965ccfc6d4b" outcome="Passed" testListId="8c84fa94-04c1-424b-9868-57a2d4851a1d" relativeResultsDirectory="6bae14b1-4f1b-445e-bb06-033a7c675e06">
      <Output>
        <StdOut>Debug Trace:
[2016-08-04 09:52:21.846]	[   29]	Starting SSH server listener...
[2016-08-04 09:52:21.846]	[   29]	SSH server listener started.
[2016-08-04 09:52:21.897]	[   21]	ServerListener.Listen : New connection available
[2016-08-04 09:52:21.899]	[   21]	Connection accepted. Active connections 1 from 20
[2016-08-04 09:52:22.035]	[   28]	Subsystem sftp opened
[2016-08-04 09:52:22.035]	[   28]	SFTP server started
[2016-08-04 09:52:22.036]	[   14]	=============================================================
[2016-08-04 09:52:22.036]	[   14]	SFTPOperations.OnOpen ENTER (3)
[2016-08-04 09:52:22.036]	[   14]	              [in][sender]=SBSftpServer.TElSFTPServer
[2016-08-04 09:52:22.036]	[   14]	SFTP connection established
[2016-08-04 09:52:22.036]	[   14]	SFTPOperations.OnOpen EXIT
[2016-08-04 09:52:22.036]	[   14]	=============================================================
[2016-08-04 09:52:22.036]	[   14]	=============================================================
[2016-08-04 09:52:22.036]	[   14]	SFTPOperations.OnRequestAbsolutePath ENTER 
[2016-08-04 09:52:22.036]	[   14]	              [in][sender]=SBSftpServer.TElSFTPServer
[2016-08-04 09:52:22.036]	[   14]	              [in][path]=.
[2016-08-04 09:52:22.036]	[   14]	              [in][absolutePath]=
[2016-08-04 09:52:22.036]	[   14]	              [in][control]=rcNoCheck
[2016-08-04 09:52:22.036]	[   14]	              [in][composePath]=SBStringList.TElStringList
[2016-08-04 09:52:22.036]	[   14]	              [in][errorCode]=0
[2016-08-04 09:52:22.036]	[   14]	              [in][comment]=
[2016-08-04 09:52:22.036]	[   14]	              [out][absolutePath]=
[2016-08-04 09:52:22.036]	[   14]	              [out][errorCode]=0
[2016-08-04 09:52:22.036]	[   14]	              [out][comment]=
[2016-08-04 09:52:22.036]	[   14]	SFTPOperations.OnRequestAbsolutePath EXIT
[2016-08-04 09:52:22.036]	[   14]	=============================================================
[2016-08-04 09:52:22.037]	[   14]	=============================================================
[2016-08-04 09:52:22.037]	[   14]	SFTPOperations.OnCreateDirectory ENTER 
[2016-08-04 09:52:22.037]	[   14]	              [in][sender]=SBSftpServer.TElSFTPServer
[2016-08-04 09:52:22.037]	[   14]	              [in][path]=\\TestSession_2ada5d8b-b562-4cba-ba35-6979c069d1f4
[2016-08-04 09:52:22.037]	[   14]	              [in][attributes]=
[2016-08-04 09:52:22.037]	[   14]	              [in][errorCode]=0
[2016-08-04 09:52:22.037]	[   14]	              [in][comment]=
[2016-08-04 09:52:22.037]	[   14]	              [out][errorCode]=0
[2016-08-04 09:52:22.037]	[   14]	              [out][comment]=
[2016-08-04 09:52:22.037]	[   14]	SFTPOperations.OnCreateDirectory EXIT
[2016-08-04 09:52:22.037]	[   14]	=============================================================
[2016-08-04 09:52:22.037]	[   28]	Socket receive operation failed: An established connection was aborted by the software in your host machine
[2016-08-04 09:52:22.038]	[   28]	Closing the socket
[2016-08-04 09:52:22.038]	[   28]	ServerListener.OnSessionClosed()
[2016-08-04 09:52:22.051]	[   21]	ServerListener.Listen : New connection available
[2016-08-04 09:52:22.063]	[   21]	Connection accepted. Active connections 1 from 20
[2016-08-04 09:52:22.209]	[   18]	Subsystem sftp opened
[2016-08-04 09:52:22.210]	[   18]	SFTP server started
[2016-08-04 09:52:22.213]	[   26]	=============================================================
[2016-08-04 09:52:22.213]	[   26]	SFTPOperations.OnOpen ENTER (1)
[2016-08-04 09:52:22.213]	[   26]	              [in][sender]=SBSftpServer.TElSFTPServer
[2016-08-04 09:52:22.213]	[   26]	SFTP connection established
[2016-08-04 09:52:22.214]	[   26]	SFTPOperations.OnOpen EXIT
[2016-08-04 09:52:22.214]	[   26]	=============================================================
[2016-08-04 09:52:22.214]	[   26]	=============================================================
[2016-08-04 09:52:22.214]	[   26]	SFTPOperations.OnRequestAbsolutePath ENTER 
[2016-08-04 09:52:22.214]	[   26]	              [in][sender]=SBSftpServer.TElSFTPServer
[2016-08-04 09:52:22.214]	[   26]	              [in][path]=.
[2016-08-04 09:52:22.214]	[   26]	              [in][absolutePath]=
[2016-08-04 09:52:22.214]	[   26]	              [in][control]=rcNoCheck
[2016-08-04 09:52:22.214]	[   26]	              [in][composePath]=SBStringList.TElStringList
[2016-08-04 09:52:22.214]	[   26]	              [in][errorCode]=0
[2016-08-04 09:52:22.214]	[   26]	              [in][comment]=
[2016-08-04 09:52:22.214]	[   26]	              [out][absolutePath]=
[2016-08-04 09:52:22.214]	[   26]	              [out][errorCode]=0
[2016-08-04 09:52:22.214]	[   26]	              [out][comment]=
[2016-08-04 09:52:22.214]	[   26]	SFTPOperations.OnRequestAbsolutePath EXIT
[2016-08-04 09:52:22.214]	[   26]	=============================================================
[2016-08-04 09:52:22.215]	[   26]	=============================================================
[2016-08-04 09:52:22.215]	[   26]	SFTPOperations.OnFindFirst ENTER 
[2016-08-04 09:52:22.215]	[   26]	              [in][sender]=SBSftpServer.TElSFTPServer
[2016-08-04 09:52:22.215]	[   26]	              [in][path]=\\TestSession_2ada5d8b-b562-4cba-ba35-6979c069d1f4/
[2016-08-04 09:52:22.215]	[   26]	              [in][data]=
[2016-08-04 09:52:22.215]	[   26]	              [in][info]=SBSftpCommon.TElSftpFileInfo
[2016-08-04 09:52:22.215]	[   26]	              [in][errorCode]=0
[2016-08-04 09:52:22.216]	[   26]	              [in][comment]=
[2016-08-04 09:52:22.216]	[   26]	              [out][data]=
[2016-08-04 09:52:22.216]	[   26]	              [out][errorCode]=0
[2016-08-04 09:52:22.216]	[   26]	              [out][comment]=
[2016-08-04 09:52:22.216]	[   26]	SFTPOperations.OnFindFirst EXIT
[2016-08-04 09:52:22.216]	[   26]	=============================================================
[2016-08-04 09:52:22.217]	[   26]	=============================================================
[2016-08-04 09:52:22.217]	[   26]	SFTPOperations.OnFindNext ENTER 
[2016-08-04 09:52:22.218]	[   26]	              [in][sender]=SBSftpServer.TElSFTPServer
[2016-08-04 09:52:22.218]	[   26]	              [in][data]=
[2016-08-04 09:52:22.218]	[   26]	              [in][info]=SBSftpCommon.TElSftpFileInfo
[2016-08-04 09:52:22.218]	[   26]	              [in][errorCode]=0
[2016-08-04 09:52:22.218]	[   26]	              [in][comment]=
[2016-08-04 09:52:22.218]	[   26]	              [out][errorCode]=0
[2016-08-04 09:52:22.218]	[   26]	              [out][comment]=
[2016-08-04 09:52:22.218]	[   26]	SFTPOperations.OnFindNext EXIT
[2016-08-04 09:52:22.218]	[   26]	=============================================================
[2016-08-04 09:52:22.218]	[   26]	=============================================================
[2016-08-04 09:52:22.218]	[   26]	SFTPOperations.OnFindNext ENTER 
[2016-08-04 09:52:22.218]	[   26]	              [in][sender]=SBSftpServer.TElSFTPServer
[2016-08-04 09:52:22.218]	[   26]	              [in][data]=
[2016-08-04 09:52:22.218]	[   26]	              [in][info]=SBSftpCommon.TElSftpFileInfo
[2016-08-04 09:52:22.218]	[   26]	              [in][errorCode]=0
[2016-08-04 09:52:22.218]	[   26]	              [in][comment]=
[2016-08-04 09:52:22.219]	[   26]	              [out][errorCode]=0
[2016-08-04 09:52:22.219]	[   26]	              [out][comment]=
[2016-08-04 09:52:22.219]	[   26]	SFTPOperations.OnFindNext EXIT
[2016-08-04 09:52:22.219]	[   26]	=============================================================
[2016-08-04 09:52:22.234]	[   26]	=============================================================
[2016-08-04 09:52:22.234]	[   26]	SFTPOperations.OnFindClose ENTER 
[2016-08-04 09:52:22.234]	[   26]	              [in][sender]=SBSftpServer.TElSFTPServer
[2016-08-04 09:52:22.234]	[   26]	              [in][searchRec]=
[2016-08-04 09:52:22.234]	[   26]	              [in][errorCode]=1
[2016-08-04 09:52:22.234]	[   26]	              [in][comment]=
[2016-08-04 09:52:22.234]	[   26]	              [out][errorCode]=1
[2016-08-04 09:52:22.234]	[   26]	              [out][comment]=
[2016-08-04 09:52:22.234]	[   26]	SFTPOperations.OnFindClose EXIT
[2016-08-04 09:52:22.234]	[   26]	=============================================================
[2016-08-04 09:52:22.236]	[   26]	=============================================================
[2016-08-04 09:52:22.236]	[   26]	SFTPOperations.OnFindFirst ENTER 
[2016-08-04 09:52:22.236]	[   26]	              [in][sender]=SBSftpServer.TElSFTPServer
[2016-08-04 09:52:22.236]	[   26]	              [in][path]=\\TestSession_2ada5d8b-b562-4cba-ba35-6979c069d1f4/
[2016-08-04 09:52:22.236]	[   26]	              [in][data]=
[2016-08-04 09:52:22.236]	[   26]	              [in][info]=SBSftpCommon.TElSftpFileInfo
[2016-08-04 09:52:22.236]	[   26]	              [in][errorCode]=0
[2016-08-04 09:52:22.236]	[   26]	              [in][comment]=
[2016-08-04 09:52:22.237]	[   26]	              [out][data]=
[2016-08-04 09:52:22.237]	[   26]	              [out][errorCode]=0
[2016-08-04 09:52:22.237]	[   26]	              [out][comment]=
[2016-08-04 09:52:22.237]	[   26]	SFTPOperations.OnFindFirst EXIT
[2016-08-04 09:52:22.237]	[   26]	=============================================================
[2016-08-04 09:52:22.237]	[   26]	=============================================================
[2016-08-04 09:52:22.237]	[   26]	SFTPOperations.OnFindNext ENTER 
[2016-08-04 09:52:22.237]	[   26]	              [in][sender]=SBSftpServer.TElSFTPServer
[2016-08-04 09:52:22.237]	[   26]	              [in][data]=
[2016-08-04 09:52:22.237]	[   26]	              [in][info]=SBSftpCommon.TElSftpFileInfo
[2016-08-04 09:52:22.237]	[   26]	              [in][errorCode]=0
[2016-08-04 09:52:22.237]	[   26]	              [in][comment]=
[2016-08-04 09:52:22.237]	[   26]	              [out][errorCode]=0
[2016-08-04 09:52:22.237]	[   26]	              [out][comment]=
[2016-08-04 09:52:22.237]	[   26]	SFTPOperations.OnFindNext EXIT
[2016-08-04 09:52:22.237]	[   26]	=============================================================
[2016-08-04 09:52:22.237]	[   26]	=============================================================
[2016-08-04 09:52:22.237]	[   26]	SFTPOperations.OnFindNext ENTER 
[2016-08-04 09:52:22.237]	[   26]	              [in][sender]=SBSftpServer.TElSFTPServer
[2016-08-04 09:52:22.237]	[   26]	              [in][data]=
[2016-08-04 09:52:22.237]	[   26]	              [in][info]=SBSftpCommon.TElSftpFileInfo
[2016-08-04 09:52:22.237]	[   26]	              [in][errorCode]=0
[2016-08-04 09:52:22.237]	[   26]	              [in][comment]=
[2016-08-04 09:52:22.237]	[   26]	              [out][errorCode]=0
[2016-08-04 09:52:22.237]	[   26]	              [out][comment]=
[2016-08-04 09:52:22.238]	[   26]	SFTPOperations.OnFindNext EXIT
[2016-08-04 09:52:22.238]	[   26]	=============================================================
[2016-08-04 09:52:22.243]	[   26]	=============================================================
[2016-08-04 09:52:22.243]	[   26]	SFTPOperations.OnFindClose ENTER 
[2016-08-04 09:52:22.243]	[   26]	              [in][sender]=SBSftpServer.TElSFTPServer
[2016-08-04 09:52:22.243]	[   26]	              [in][searchRec]=
[2016-08-04 09:52:22.243]	[   26]	              [in][errorCode]=1
[2016-08-04 09:52:22.243]	[   26]	              [in][comment]=
[2016-08-04 09:52:22.243]	[   26]	              [out][errorCode]=1
[2016-08-04 09:52:22.243]	[   26]	              [out][comment]=
[2016-08-04 09:52:22.243]	[   26]	SFTPOperations.OnFindClose EXIT
[2016-08-04 09:52:22.243]	[   26]	=============================================================
[2016-08-04 09:52:22.245]	[   26]	=============================================================
[2016-08-04 09:52:22.245]	[   26]	SFTPOperations.OnRemove ENTER 
[2016-08-04 09:52:22.245]	[   26]	              [in][sender]=SBSftpServer.TElSFTPServer
[2016-08-04 09:52:22.245]	[   26]	              [in][path]=\\TestSession_2ada5d8b-b562-4cba-ba35-6979c069d1f4/
[2016-08-04 09:52:22.245]	[   26]	              [in][errorCode]=0
[2016-08-04 09:52:22.245]	[   26]	              [in][comment]=
[2016-08-04 09:52:22.246]	[   26]	              [out][errorCode]=0
[2016-08-04 09:52:22.246]	[   26]	              [out][comment]=
[2016-08-04 09:52:22.246]	[   26]	SFTPOperations.OnRemove EXIT
[2016-08-04 09:52:22.246]	[   26]	=============================================================
[2016-08-04 09:52:22.246]	[   29]	Stopping socket listener
[2016-08-04 09:52:22.246]	[   29]	Socket listener stopped
[2016-08-04 09:52:22.247]	[   18]	Socket receive operation failed: An established connection was aborted by the software in your host machine
[2016-08-04 09:52:22.247]	[   18]	Closing the socket
[2016-08-04 09:52:22.247]	[   18]	ServerListener.OnSessionClosed()</StdOut>
      </Output>
    </UnitTestResult>
    <UnitTestResult executionId="61ad830c-95be-4b70-a346-5136e15d3b49" testId="96f67eb4-a20a-9570-45bd-c8513789dedb" testName="DownloadFile_DestinationStreamDoesNotHaveWriteAccess_ThrowsNotSupportedException" computerName="ICSWS068" duration="00:00:00.6864085" startTime="2016-08-04T09:52:22.2633657+02:00" endTime="2016-08-04T09:52:22.9511769+02:00" testType="13cdc9d9-ddb5-4fa4-a97d-d965ccfc6d4b" outcome="Passed" testListId="8c84fa94-04c1-424b-9868-57a2d4851a1d" relativeResultsDirectory="61ad830c-95be-4b70-a346-5136e15d3b49">
      <Output>
        <StdOut>Debug Trace:
[2016-08-04 09:52:22.269]	[   36]	Starting SSH server listener...
[2016-08-04 09:52:22.276]	[   36]	SSH server listener started.
[2016-08-04 09:52:22.327]	[   14]	ServerListener.Listen : New connection available
[2016-08-04 09:52:22.327]	[   14]	Connection accepted. Active connections 1 from 20
[2016-08-04 09:52:22.478]	[   38]	Subsystem sftp opened
[2016-08-04 09:52:22.479]	[   38]	SFTP server started
[2016-08-04 09:52:22.483]	[   32]	=============================================================
[2016-08-04 09:52:22.483]	[   32]	SFTPOperations.OnOpen ENTER (2)
[2016-08-04 09:52:22.483]	[   32]	              [in][sender]=SBSftpServer.TElSFTPServer
[2016-08-04 09:52:22.483]	[   32]	SFTP connection established
[2016-08-04 09:52:22.483]	[   32]	SFTPOperations.OnOpen EXIT
[2016-08-04 09:52:22.484]	[   32]	=============================================================
[2016-08-04 09:52:22.484]	[   32]	=============================================================
[2016-08-04 09:52:22.484]	[   32]	SFTPOperations.OnRequestAbsolutePath ENTER 
[2016-08-04 09:52:22.484]	[   32]	              [in][sender]=SBSftpServer.TElSFTPServer
[2016-08-04 09:52:22.484]	[   32]	              [in][path]=.
[2016-08-04 09:52:22.484]	[   32]	              [in][absolutePath]=
[2016-08-04 09:52:22.484]	[   32]	              [in][control]=rcNoCheck
[2016-08-04 09:52:22.484]	[   32]	              [in][composePath]=SBStringList.TElStringList
[2016-08-04 09:52:22.484]	[   32]	              [in][errorCode]=0
[2016-08-04 09:52:22.484]	[   32]	              [in][comment]=
[2016-08-04 09:52:22.484]	[   32]	              [out][absolutePath]=
[2016-08-04 09:52:22.484]	[   32]	              [out][errorCode]=0
[2016-08-04 09:52:22.484]	[   32]	              [out][comment]=
[2016-08-04 09:52:22.484]	[   32]	SFTPOperations.OnRequestAbsolutePath EXIT
[2016-08-04 09:52:22.484]	[   32]	=============================================================
[2016-08-04 09:52:22.485]	[   32]	=============================================================
[2016-08-04 09:52:22.485]	[   32]	SFTPOperations.OnCreateDirectory ENTER 
[2016-08-04 09:52:22.485]	[   32]	              [in][sender]=SBSftpServer.TElSFTPServer
[2016-08-04 09:52:22.485]	[   32]	              [in][path]=\\TestSession_efcae247-44a6-474f-ab9d-3839029c8ad2
[2016-08-04 09:52:22.485]	[   32]	              [in][attributes]=
[2016-08-04 09:52:22.485]	[   32]	              [in][errorCode]=0
[2016-08-04 09:52:22.485]	[   32]	              [in][comment]=
[2016-08-04 09:52:22.485]	[   32]	              [out][errorCode]=0
[2016-08-04 09:52:22.485]	[   32]	              [out][comment]=
[2016-08-04 09:52:22.485]	[   32]	SFTPOperations.OnCreateDirectory EXIT
[2016-08-04 09:52:22.485]	[   32]	=============================================================
[2016-08-04 09:52:22.486]	[   38]	Socket receive operation failed: An established connection was aborted by the software in your host machine
[2016-08-04 09:52:22.486]	[   38]	Closing the socket
[2016-08-04 09:52:22.486]	[   38]	ServerListener.OnSessionClosed()
[2016-08-04 09:52:22.586]	[   14]	ServerListener.Listen : New connection available
[2016-08-04 09:52:22.587]	[   14]	Connection accepted. Active connections 1 from 20
[2016-08-04 09:52:22.696]	[   13]	Subsystem sftp opened
[2016-08-04 09:52:22.697]	[   13]	SFTP server started
[2016-08-04 09:52:22.697]	[   37]	=============================================================
[2016-08-04 09:52:22.697]	[   37]	SFTPOperations.OnOpen ENTER (1)
[2016-08-04 09:52:22.698]	[   37]	              [in][sender]=SBSftpServer.TElSFTPServer
[2016-08-04 09:52:22.698]	[   37]	SFTP connection established
[2016-08-04 09:52:22.698]	[   37]	SFTPOperations.OnOpen EXIT
[2016-08-04 09:52:22.698]	[   37]	=============================================================
[2016-08-04 09:52:22.698]	[   37]	=============================================================
[2016-08-04 09:52:22.698]	[   37]	SFTPOperations.OnRequestAbsolutePath ENTER 
[2016-08-04 09:52:22.698]	[   37]	              [in][sender]=SBSftpServer.TElSFTPServer
[2016-08-04 09:52:22.698]	[   37]	              [in][path]=.
[2016-08-04 09:52:22.698]	[   37]	              [in][absolutePath]=
[2016-08-04 09:52:22.698]	[   37]	              [in][control]=rcNoCheck
[2016-08-04 09:52:22.698]	[   37]	              [in][composePath]=SBStringList.TElStringList
[2016-08-04 09:52:22.698]	[   37]	              [in][errorCode]=0
[2016-08-04 09:52:22.698]	[   37]	              [in][comment]=
[2016-08-04 09:52:22.698]	[   37]	              [out][absolutePath]=
[2016-08-04 09:52:22.698]	[   37]	              [out][errorCode]=0
[2016-08-04 09:52:22.698]	[   37]	              [out][comment]=
[2016-08-04 09:52:22.698]	[   37]	SFTPOperations.OnRequestAbsolutePath EXIT
[2016-08-04 09:52:22.698]	[   37]	=============================================================
[2016-08-04 09:52:22.809]	[   13]	Socket receive operation failed: An established connection was aborted by the software in your host machine
[2016-08-04 09:52:22.809]	[   13]	Closing the socket
[2016-08-04 09:52:22.809]	[   13]	ServerListener.OnSessionClosed()
[2016-08-04 09:52:22.837]	[   14]	ServerListener.Listen : New connection available
[2016-08-04 09:52:22.838]	[   14]	Connection accepted. Active connections 1 from 20
[2016-08-04 09:52:22.934]	[   30]	Subsystem sftp opened
[2016-08-04 09:52:22.934]	[   30]	SFTP server started
[2016-08-04 09:52:22.935]	[   39]	=============================================================
[2016-08-04 09:52:22.935]	[   39]	SFTPOperations.OnOpen ENTER (2)
[2016-08-04 09:52:22.935]	[   39]	              [in][sender]=SBSftpServer.TElSFTPServer
[2016-08-04 09:52:22.935]	[   39]	SFTP connection established
[2016-08-04 09:52:22.935]	[   39]	SFTPOperations.OnOpen EXIT
[2016-08-04 09:52:22.935]	[   39]	=============================================================
[2016-08-04 09:52:22.935]	[   39]	=============================================================
[2016-08-04 09:52:22.935]	[   39]	SFTPOperations.OnRequestAbsolutePath ENTER 
[2016-08-04 09:52:22.935]	[   39]	              [in][sender]=SBSftpServer.TElSFTPServer
[2016-08-04 09:52:22.935]	[   39]	              [in][path]=.
[2016-08-04 09:52:22.935]	[   39]	              [in][absolutePath]=
[2016-08-04 09:52:22.935]	[   39]	              [in][control]=rcNoCheck
[2016-08-04 09:52:22.935]	[   39]	              [in][composePath]=SBStringList.TElStringList
[2016-08-04 09:52:22.935]	[   39]	              [in][errorCode]=0
[2016-08-04 09:52:22.935]	[   39]	              [in][comment]=
[2016-08-04 09:52:22.935]	[   39]	              [out][absolutePath]=
[2016-08-04 09:52:22.935]	[   39]	              [out][errorCode]=0
[2016-08-04 09:52:22.935]	[   39]	              [out][comment]=
[2016-08-04 09:52:22.935]	[   39]	SFTPOperations.OnRequestAbsolutePath EXIT
[2016-08-04 09:52:22.935]	[   39]	=============================================================
[2016-08-04 09:52:22.936]	[   39]	=============================================================
[2016-08-04 09:52:22.936]	[   39]	SFTPOperations.OnFindFirst ENTER 
[2016-08-04 09:52:22.936]	[   39]	              [in][sender]=SBSftpServer.TElSFTPServer
[2016-08-04 09:52:22.936]	[   39]	              [in][path]=\\TestSession_efcae247-44a6-474f-ab9d-3839029c8ad2/
[2016-08-04 09:52:22.936]	[   39]	              [in][data]=
[2016-08-04 09:52:22.936]	[   39]	              [in][info]=SBSftpCommon.TElSftpFileInfo
[2016-08-04 09:52:22.936]	[   39]	              [in][errorCode]=0
[2016-08-04 09:52:22.936]	[   39]	              [in][comment]=
[2016-08-04 09:52:22.936]	[   39]	              [out][data]=
[2016-08-04 09:52:22.936]	[   39]	              [out][errorCode]=0
[2016-08-04 09:52:22.936]	[   39]	              [out][comment]=
[2016-08-04 09:52:22.936]	[   39]	SFTPOperations.OnFindFirst EXIT
[2016-08-04 09:52:22.936]	[   39]	=============================================================
[2016-08-04 09:52:22.936]	[   39]	=============================================================
[2016-08-04 09:52:22.936]	[   39]	SFTPOperations.OnFindNext ENTER 
[2016-08-04 09:52:22.936]	[   39]	              [in][sender]=SBSftpServer.TElSFTPServer
[2016-08-04 09:52:22.936]	[   39]	              [in][data]=
[2016-08-04 09:52:22.936]	[   39]	              [in][info]=SBSftpCommon.TElSftpFileInfo
[2016-08-04 09:52:22.936]	[   39]	              [in][errorCode]=0
[2016-08-04 09:52:22.936]	[   39]	              [in][comment]=
[2016-08-04 09:52:22.937]	[   39]	              [out][errorCode]=0
[2016-08-04 09:52:22.937]	[   39]	              [out][comment]=
[2016-08-04 09:52:22.937]	[   39]	SFTPOperations.OnFindNext EXIT
[2016-08-04 09:52:22.937]	[   39]	=============================================================
[2016-08-04 09:52:22.937]	[   39]	=============================================================
[2016-08-04 09:52:22.937]	[   39]	SFTPOperations.OnFindNext ENTER 
[2016-08-04 09:52:22.937]	[   39]	              [in][sender]=SBSftpServer.TElSFTPServer
[2016-08-04 09:52:22.937]	[   39]	              [in][data]=
[2016-08-04 09:52:22.937]	[   39]	              [in][info]=SBSftpCommon.TElSftpFileInfo
[2016-08-04 09:52:22.937]	[   39]	              [in][errorCode]=0
[2016-08-04 09:52:22.937]	[   39]	              [in][comment]=
[2016-08-04 09:52:22.937]	[   39]	              [out][errorCode]=0
[2016-08-04 09:52:22.937]	[   39]	              [out][comment]=
[2016-08-04 09:52:22.937]	[   39]	SFTPOperations.OnFindNext EXIT
[2016-08-04 09:52:22.937]	[   39]	=============================================================
[2016-08-04 09:52:22.937]	[   39]	=============================================================
[2016-08-04 09:52:22.937]	[   39]	SFTPOperations.OnFindClose ENTER 
[2016-08-04 09:52:22.937]	[   39]	              [in][sender]=SBSftpServer.TElSFTPServer
[2016-08-04 09:52:22.937]	[   39]	              [in][searchRec]=
[2016-08-04 09:52:22.937]	[   39]	              [in][errorCode]=1
[2016-08-04 09:52:22.937]	[   39]	              [in][comment]=
[2016-08-04 09:52:22.937]	[   39]	              [out][errorCode]=1
[2016-08-04 09:52:22.937]	[   39]	              [out][comment]=
[2016-08-04 09:52:22.937]	[   39]	SFTPOperations.OnFindClose EXIT
[2016-08-04 09:52:22.937]	[   39]	=============================================================
[2016-08-04 09:52:22.938]	[   39]	=============================================================
[2016-08-04 09:52:22.938]	[   39]	SFTPOperations.OnFindFirst ENTER 
[2016-08-04 09:52:22.938]	[   39]	              [in][sender]=SBSftpServer.TElSFTPServer
[2016-08-04 09:52:22.938]	[   39]	              [in][path]=\\TestSession_efcae247-44a6-474f-ab9d-3839029c8ad2/
[2016-08-04 09:52:22.938]	[   39]	              [in][data]=
[2016-08-04 09:52:22.938]	[   39]	              [in][info]=SBSftpCommon.TElSftpFileInfo
[2016-08-04 09:52:22.938]	[   39]	              [in][errorCode]=0
[2016-08-04 09:52:22.938]	[   39]	              [in][comment]=
[2016-08-04 09:52:22.938]	[   39]	              [out][data]=
[2016-08-04 09:52:22.938]	[   39]	              [out][errorCode]=0
[2016-08-04 09:52:22.938]	[   39]	              [out][comment]=
[2016-08-04 09:52:22.938]	[   39]	SFTPOperations.OnFindFirst EXIT
[2016-08-04 09:52:22.938]	[   39]	=============================================================
[2016-08-04 09:52:22.938]	[   39]	=============================================================
[2016-08-04 09:52:22.938]	[   39]	SFTPOperations.OnFindNext ENTER 
[2016-08-04 09:52:22.938]	[   39]	              [in][sender]=SBSftpServer.TElSFTPServer
[2016-08-04 09:52:22.938]	[   39]	              [in][data]=
[2016-08-04 09:52:22.938]	[   39]	              [in][info]=SBSftpCommon.TElSftpFileInfo
[2016-08-04 09:52:22.939]	[   39]	              [in][errorCode]=0
[2016-08-04 09:52:22.939]	[   39]	              [in][comment]=
[2016-08-04 09:52:22.939]	[   39]	              [out][errorCode]=0
[2016-08-04 09:52:22.939]	[   39]	              [out][comment]=
[2016-08-04 09:52:22.939]	[   39]	SFTPOperations.OnFindNext EXIT
[2016-08-04 09:52:22.939]	[   39]	=============================================================
[2016-08-04 09:52:22.939]	[   39]	=============================================================
[2016-08-04 09:52:22.939]	[   39]	SFTPOperations.OnFindNext ENTER 
[2016-08-04 09:52:22.939]	[   39]	              [in][sender]=SBSftpServer.TElSFTPServer
[2016-08-04 09:52:22.939]	[   39]	              [in][data]=
[2016-08-04 09:52:22.939]	[   39]	              [in][info]=SBSftpCommon.TElSftpFileInfo
[2016-08-04 09:52:22.939]	[   39]	              [in][errorCode]=0
[2016-08-04 09:52:22.939]	[   39]	              [in][comment]=
[2016-08-04 09:52:22.939]	[   39]	              [out][errorCode]=0
[2016-08-04 09:52:22.939]	[   39]	              [out][comment]=
[2016-08-04 09:52:22.939]	[   39]	SFTPOperations.OnFindNext EXIT
[2016-08-04 09:52:22.939]	[   39]	=============================================================
[2016-08-04 09:52:22.939]	[   39]	=============================================================
[2016-08-04 09:52:22.939]	[   39]	SFTPOperations.OnFindClose ENTER 
[2016-08-04 09:52:22.939]	[   39]	              [in][sender]=SBSftpServer.TElSFTPServer
[2016-08-04 09:52:22.939]	[   39]	              [in][searchRec]=
[2016-08-04 09:52:22.939]	[   39]	              [in][errorCode]=1
[2016-08-04 09:52:22.939]	[   39]	              [in][comment]=
[2016-08-04 09:52:22.939]	[   39]	              [out][errorCode]=1
[2016-08-04 09:52:22.939]	[   39]	              [out][comment]=
[2016-08-04 09:52:22.939]	[   39]	SFTPOperations.OnFindClose EXIT
[2016-08-04 09:52:22.939]	[   39]	=============================================================
[2016-08-04 09:52:22.939]	[   39]	=============================================================
[2016-08-04 09:52:22.939]	[   39]	SFTPOperations.OnRemove ENTER 
[2016-08-04 09:52:22.939]	[   39]	              [in][sender]=SBSftpServer.TElSFTPServer
[2016-08-04 09:52:22.939]	[   39]	              [in][path]=\\TestSession_efcae247-44a6-474f-ab9d-3839029c8ad2/
[2016-08-04 09:52:22.939]	[   39]	              [in][errorCode]=0
[2016-08-04 09:52:22.939]	[   39]	              [in][comment]=
[2016-08-04 09:52:22.939]	[   39]	              [out][errorCode]=0
[2016-08-04 09:52:22.939]	[   39]	              [out][comment]=
[2016-08-04 09:52:22.939]	[   39]	SFTPOperations.OnRemove EXIT
[2016-08-04 09:52:22.939]	[   39]	=============================================================
[2016-08-04 09:52:22.941]	[   36]	Stopping socket listener
[2016-08-04 09:52:22.941]	[   36]	Socket listener stopped
[2016-08-04 09:52:22.941]	[   30]	Socket receive operation failed: An established connection was aborted by the software in your host machine
[2016-08-04 09:52:22.941]	[   30]	Closing the socket
[2016-08-04 09:52:22.941]	[   30]	ServerListener.OnSessionClosed()</StdOut>
      </Output>
    </UnitTestResult>
    <UnitTestResult executionId="9e861a5d-2748-4ebc-afd0-5ec7f6fc2d11" testId="6946173e-2938-6729-a8e5-0846ab672f27" testName="RenameFile_ExistingFile_Success" computerName="ICSWS068" duration="00:00:00.4136161" startTime="2016-08-04T09:52:22.9541628+02:00" endTime="2016-08-04T09:52:23.3688508+02:00" testType="13cdc9d9-ddb5-4fa4-a97d-d965ccfc6d4b" outcome="Passed" testListId="8c84fa94-04c1-424b-9868-57a2d4851a1d" relativeResultsDirectory="9e861a5d-2748-4ebc-afd0-5ec7f6fc2d11">
      <Output>
        <StdOut>Debug Trace:
[2016-08-04 09:52:22.957]	[   33]	Starting SSH server listener...
[2016-08-04 09:52:22.958]	[   33]	SSH server listener started.
[2016-08-04 09:52:23.008]	[   19]	ServerListener.Listen : New connection available
[2016-08-04 09:52:23.008]	[   19]	Connection accepted. Active connections 1 from 20
[2016-08-04 09:52:23.097]	[   25]	Subsystem sftp opened
[2016-08-04 09:52:23.098]	[   25]	SFTP server started
[2016-08-04 09:52:23.099]	[   40]	=============================================================
[2016-08-04 09:52:23.099]	[   40]	SFTPOperations.OnOpen ENTER (3)
[2016-08-04 09:52:23.099]	[   40]	              [in][sender]=SBSftpServer.TElSFTPServer
[2016-08-04 09:52:23.099]	[   40]	SFTP connection established
[2016-08-04 09:52:23.099]	[   40]	SFTPOperations.OnOpen EXIT
[2016-08-04 09:52:23.099]	[   40]	=============================================================
[2016-08-04 09:52:23.099]	[   40]	=============================================================
[2016-08-04 09:52:23.099]	[   40]	SFTPOperations.OnRequestAbsolutePath ENTER 
[2016-08-04 09:52:23.099]	[   40]	              [in][sender]=SBSftpServer.TElSFTPServer
[2016-08-04 09:52:23.099]	[   40]	              [in][path]=.
[2016-08-04 09:52:23.099]	[   40]	              [in][absolutePath]=
[2016-08-04 09:52:23.099]	[   40]	              [in][control]=rcNoCheck
[2016-08-04 09:52:23.099]	[   40]	              [in][composePath]=SBStringList.TElStringList
[2016-08-04 09:52:23.099]	[   40]	              [in][errorCode]=0
[2016-08-04 09:52:23.099]	[   40]	              [in][comment]=
[2016-08-04 09:52:23.099]	[   40]	              [out][absolutePath]=
[2016-08-04 09:52:23.099]	[   40]	              [out][errorCode]=0
[2016-08-04 09:52:23.099]	[   40]	              [out][comment]=
[2016-08-04 09:52:23.099]	[   40]	SFTPOperations.OnRequestAbsolutePath EXIT
[2016-08-04 09:52:23.099]	[   40]	=============================================================
[2016-08-04 09:52:23.099]	[   40]	=============================================================
[2016-08-04 09:52:23.099]	[   40]	SFTPOperations.OnCreateDirectory ENTER 
[2016-08-04 09:52:23.099]	[   40]	              [in][sender]=SBSftpServer.TElSFTPServer
[2016-08-04 09:52:23.099]	[   40]	              [in][path]=\\TestSession_ba4e1b19-50e1-4238-a505-b422290cbad2
[2016-08-04 09:52:23.099]	[   40]	              [in][attributes]=
[2016-08-04 09:52:23.099]	[   40]	              [in][errorCode]=0
[2016-08-04 09:52:23.099]	[   40]	              [in][comment]=
[2016-08-04 09:52:23.100]	[   40]	              [out][errorCode]=0
[2016-08-04 09:52:23.100]	[   40]	              [out][comment]=
[2016-08-04 09:52:23.100]	[   40]	SFTPOperations.OnCreateDirectory EXIT
[2016-08-04 09:52:23.100]	[   40]	=============================================================
[2016-08-04 09:52:23.100]	[   25]	Socket receive operation failed: An established connection was aborted by the software in your host machine
[2016-08-04 09:52:23.101]	[   25]	Closing the socket
[2016-08-04 09:52:23.101]	[   25]	ServerListener.OnSessionClosed()
[2016-08-04 09:52:23.109]	[   19]	ServerListener.Listen : New connection available
[2016-08-04 09:52:23.109]	[   19]	Connection accepted. Active connections 1 from 20
[2016-08-04 09:52:23.201]	[   31]	Subsystem sftp opened
[2016-08-04 09:52:23.202]	[   31]	SFTP server started
[2016-08-04 09:52:23.202]	[   22]	=============================================================
[2016-08-04 09:52:23.202]	[   22]	SFTPOperations.OnOpen ENTER (1)
[2016-08-04 09:52:23.202]	[   22]	              [in][sender]=SBSftpServer.TElSFTPServer
[2016-08-04 09:52:23.202]	[   22]	SFTP connection established
[2016-08-04 09:52:23.202]	[   22]	SFTPOperations.OnOpen EXIT
[2016-08-04 09:52:23.202]	[   22]	=============================================================
[2016-08-04 09:52:23.202]	[   22]	=============================================================
[2016-08-04 09:52:23.203]	[   22]	SFTPOperations.OnRequestAbsolutePath ENTER 
[2016-08-04 09:52:23.203]	[   22]	              [in][sender]=SBSftpServer.TElSFTPServer
[2016-08-04 09:52:23.203]	[   22]	              [in][path]=.
[2016-08-04 09:52:23.203]	[   22]	              [in][absolutePath]=
[2016-08-04 09:52:23.203]	[   22]	              [in][control]=rcNoCheck
[2016-08-04 09:52:23.203]	[   22]	              [in][composePath]=SBStringList.TElStringList
[2016-08-04 09:52:23.203]	[   22]	              [in][errorCode]=0
[2016-08-04 09:52:23.203]	[   22]	              [in][comment]=
[2016-08-04 09:52:23.203]	[   22]	              [out][absolutePath]=
[2016-08-04 09:52:23.203]	[   22]	              [out][errorCode]=0
[2016-08-04 09:52:23.203]	[   22]	              [out][comment]=
[2016-08-04 09:52:23.203]	[   22]	SFTPOperations.OnRequestAbsolutePath EXIT
[2016-08-04 09:52:23.203]	[   22]	=============================================================
[2016-08-04 09:52:23.203]	[   22]	=============================================================
[2016-08-04 09:52:23.203]	[   22]	SFTPOperations.OnRequestAttributes ENTER 
[2016-08-04 09:52:23.203]	[   22]	              [in][sender]=SBSftpServer.TElSFTPServer
[2016-08-04 09:52:23.203]	[   22]	              [in][path]=\\TestSession_ba4e1b19-50e1-4238-a505-b422290cbad2
[2016-08-04 09:52:23.203]	[   22]	              [in][followSymLinks]=True
[2016-08-04 09:52:23.203]	[   22]	              [in][attributes]=SBSftpCommon.TElSftpFileAttributes
[2016-08-04 09:52:23.203]	[   22]	              [in][errorCode]=0
[2016-08-04 09:52:23.203]	[   22]	              [in][comment]=
[2016-08-04 09:52:23.203]	[   22]	              [out][errorCode]=0
[2016-08-04 09:52:23.203]	[   22]	              [out][comment]=
[2016-08-04 09:52:23.203]	[   22]	SFTPOperations.OnRequestAttributes EXIT
[2016-08-04 09:52:23.203]	[   22]	=============================================================
[2016-08-04 09:52:23.204]	[   22]	=============================================================
[2016-08-04 09:52:23.204]	[   22]	SFTPOperations.OnOpenFile ENTER (1)
[2016-08-04 09:52:23.204]	[   22]	              [in][sender]=SBSftpServer.TElSFTPServer
[2016-08-04 09:52:23.204]	[   22]	              [in][path]=\\TestSession_ba4e1b19-50e1-4238-a505-b422290cbad2\4739eff2-789b-4c51-ad61-789698cc1158.txt
[2016-08-04 09:52:23.204]	[   22]	              [in][modes]=26
[2016-08-04 09:52:23.204]	[   22]	              [in][Access]=0
[2016-08-04 09:52:23.204]	[   22]	              [in][desiredAccess]=2
[2016-08-04 09:52:23.204]	[   22]	              [in][attributes]=SBSftpCommon.TElSftpFileAttributes
[2016-08-04 09:52:23.204]	[   22]	              [in][data]=
[2016-08-04 09:52:23.204]	[   22]	              [in][errorCode]=0
[2016-08-04 09:52:23.204]	[   22]	              [in][comment]=
[2016-08-04 09:52:23.204]	[   22]	              [out][data]=
[2016-08-04 09:52:23.204]	[   22]	              [out][errorCode]=0
[2016-08-04 09:52:23.204]	[   22]	              [out][comment]=
[2016-08-04 09:52:23.204]	[   22]	SFTPOperations.OnOpenFile EXIT
[2016-08-04 09:52:23.204]	[   22]	=============================================================
[2016-08-04 09:52:23.205]	[   22]	=============================================================
[2016-08-04 09:52:23.205]	[   22]	SFTPOperations.OnWriteFile ENTER (1)
[2016-08-04 09:52:23.205]	[   22]	              [in][sender]=SBSftpServer.TElSFTPServer
[2016-08-04 09:52:23.205]	[   22]	              [in][data]=System.IO.FileStream
[2016-08-04 09:52:23.205]	[   22]	              [in][offset]=0
[2016-08-04 09:52:23.205]	[   22]	              [in][buffer]=System.Byte[]
[2016-08-04 09:52:23.205]	[   22]	              [in][bufferOffset]=25
[2016-08-04 09:52:23.205]	[   22]	              [in][count]=1
[2016-08-04 09:52:23.205]	[   22]	              [in][errorCode]=0
[2016-08-04 09:52:23.205]	[   22]	              [in][comment]=
[2016-08-04 09:52:23.205]	[   22]	              [out][errorCode]=0
[2016-08-04 09:52:23.205]	[   22]	              [out][comment]=
[2016-08-04 09:52:23.205]	[   22]	SFTPOperations.OnWriteFile EXIT
[2016-08-04 09:52:23.205]	[   22]	=============================================================
[2016-08-04 09:52:23.205]	[   22]	=============================================================
[2016-08-04 09:52:23.205]	[   22]	SFTPOperations.OnCloseHandle ENTER (1)
[2016-08-04 09:52:23.205]	[   22]	              [in][sender]=SBSftpServer.TElSFTPServer
[2016-08-04 09:52:23.205]	[   22]	              [in][data]=System.IO.FileStream
[2016-08-04 09:52:23.205]	[   22]	              [in][errorCode]=0
[2016-08-04 09:52:23.205]	[   22]	              [in][comment]=
[2016-08-04 09:52:23.205]	[   22]	              [out][errorCode]=0
[2016-08-04 09:52:23.205]	[   22]	              [out][comment]=
[2016-08-04 09:52:23.206]	[   22]	SFTPOperations.OnCloseHandle EXIT
[2016-08-04 09:52:23.206]	[   22]	=============================================================
[2016-08-04 09:52:23.209]	[   22]	=============================================================
[2016-08-04 09:52:23.209]	[   22]	SFTPOperations.OnRenameFile ENTER 
[2016-08-04 09:52:23.209]	[   22]	              [in][sender]=SBSftpServer.TElSFTPServer
[2016-08-04 09:52:23.209]	[   22]	              [in][oldPath]=\\TestSession_ba4e1b19-50e1-4238-a505-b422290cbad2\4739eff2-789b-4c51-ad61-789698cc1158.txt
[2016-08-04 09:52:23.209]	[   22]	              [in][newPath]=\\TestSession_ba4e1b19-50e1-4238-a505-b422290cbad2\9ce85639-1b60-4664-9953-09664ef6fa65.txt
[2016-08-04 09:52:23.209]	[   22]	              [in][flags]=0
[2016-08-04 09:52:23.209]	[   22]	              [in][errorCode]=0
[2016-08-04 09:52:23.209]	[   22]	              [in][comment]=
[2016-08-04 09:52:23.210]	[   22]	              [out][errorCode]=0
[2016-08-04 09:52:23.210]	[   22]	              [out][comment]=
[2016-08-04 09:52:23.210]	[   22]	SFTPOperations.OnRenameFile EXIT
[2016-08-04 09:52:23.210]	[   22]	=============================================================
[2016-08-04 09:52:23.211]	[   22]	=============================================================
[2016-08-04 09:52:23.211]	[   22]	SFTPOperations.OnFindFirst ENTER 
[2016-08-04 09:52:23.211]	[   22]	              [in][sender]=SBSftpServer.TElSFTPServer
[2016-08-04 09:52:23.211]	[   22]	              [in][path]=\\TestSession_ba4e1b19-50e1-4238-a505-b422290cbad2
[2016-08-04 09:52:23.211]	[   22]	              [in][data]=
[2016-08-04 09:52:23.211]	[   22]	              [in][info]=SBSftpCommon.TElSftpFileInfo
[2016-08-04 09:52:23.211]	[   22]	              [in][errorCode]=0
[2016-08-04 09:52:23.211]	[   22]	              [in][comment]=
[2016-08-04 09:52:23.211]	[   22]	              [out][data]=
[2016-08-04 09:52:23.211]	[   22]	              [out][errorCode]=0
[2016-08-04 09:52:23.211]	[   22]	              [out][comment]=
[2016-08-04 09:52:23.211]	[   22]	SFTPOperations.OnFindFirst EXIT
[2016-08-04 09:52:23.211]	[   22]	=============================================================
[2016-08-04 09:52:23.212]	[   22]	=============================================================
[2016-08-04 09:52:23.212]	[   22]	SFTPOperations.OnFindNext ENTER 
[2016-08-04 09:52:23.212]	[   22]	              [in][sender]=SBSftpServer.TElSFTPServer
[2016-08-04 09:52:23.212]	[   22]	              [in][data]=
[2016-08-04 09:52:23.212]	[   22]	              [in][info]=SBSftpCommon.TElSftpFileInfo
[2016-08-04 09:52:23.212]	[   22]	              [in][errorCode]=0
[2016-08-04 09:52:23.212]	[   22]	              [in][comment]=
[2016-08-04 09:52:23.212]	[   22]	              [out][errorCode]=0
[2016-08-04 09:52:23.212]	[   22]	              [out][comment]=
[2016-08-04 09:52:23.212]	[   22]	SFTPOperations.OnFindNext EXIT
[2016-08-04 09:52:23.212]	[   22]	=============================================================
[2016-08-04 09:52:23.212]	[   22]	=============================================================
[2016-08-04 09:52:23.212]	[   22]	SFTPOperations.OnFindNext ENTER 
[2016-08-04 09:52:23.212]	[   22]	              [in][sender]=SBSftpServer.TElSFTPServer
[2016-08-04 09:52:23.212]	[   22]	              [in][data]=
[2016-08-04 09:52:23.212]	[   22]	              [in][info]=SBSftpCommon.TElSftpFileInfo
[2016-08-04 09:52:23.212]	[   22]	              [in][errorCode]=0
[2016-08-04 09:52:23.212]	[   22]	              [in][comment]=
[2016-08-04 09:52:23.212]	[   22]	              [out][errorCode]=0
[2016-08-04 09:52:23.212]	[   22]	              [out][comment]=
[2016-08-04 09:52:23.212]	[   22]	SFTPOperations.OnFindNext EXIT
[2016-08-04 09:52:23.212]	[   22]	=============================================================
[2016-08-04 09:52:23.212]	[   22]	=============================================================
[2016-08-04 09:52:23.212]	[   22]	SFTPOperations.OnFindNext ENTER 
[2016-08-04 09:52:23.212]	[   22]	              [in][sender]=SBSftpServer.TElSFTPServer
[2016-08-04 09:52:23.212]	[   22]	              [in][data]=
[2016-08-04 09:52:23.212]	[   22]	              [in][info]=SBSftpCommon.TElSftpFileInfo
[2016-08-04 09:52:23.212]	[   22]	              [in][errorCode]=0
[2016-08-04 09:52:23.212]	[   22]	              [in][comment]=
[2016-08-04 09:52:23.212]	[   22]	              [out][errorCode]=0
[2016-08-04 09:52:23.212]	[   22]	              [out][comment]=
[2016-08-04 09:52:23.212]	[   22]	SFTPOperations.OnFindNext EXIT
[2016-08-04 09:52:23.212]	[   22]	=============================================================
[2016-08-04 09:52:23.213]	[   22]	=============================================================
[2016-08-04 09:52:23.213]	[   22]	SFTPOperations.OnFindClose ENTER 
[2016-08-04 09:52:23.213]	[   22]	              [in][sender]=SBSftpServer.TElSFTPServer
[2016-08-04 09:52:23.213]	[   22]	              [in][searchRec]=
[2016-08-04 09:52:23.213]	[   22]	              [in][errorCode]=1
[2016-08-04 09:52:23.213]	[   22]	              [in][comment]=
[2016-08-04 09:52:23.213]	[   22]	              [out][errorCode]=1
[2016-08-04 09:52:23.213]	[   22]	              [out][comment]=
[2016-08-04 09:52:23.213]	[   22]	SFTPOperations.OnFindClose EXIT
[2016-08-04 09:52:23.213]	[   22]	=============================================================
[2016-08-04 09:52:23.214]	[   31]	Closing the socket
[2016-08-04 09:52:23.214]	[   31]	ServerListener.OnSessionClosed()
[2016-08-04 09:52:23.261]	[   19]	ServerListener.Listen : New connection available
[2016-08-04 09:52:23.261]	[   19]	Connection accepted. Active connections 1 from 20
[2016-08-04 09:52:23.350]	[   24]	Subsystem sftp opened
[2016-08-04 09:52:23.351]	[   24]	SFTP server started
[2016-08-04 09:52:23.351]	[   27]	=============================================================
[2016-08-04 09:52:23.351]	[   27]	SFTPOperations.OnOpen ENTER (2)
[2016-08-04 09:52:23.351]	[   27]	              [in][sender]=SBSftpServer.TElSFTPServer
[2016-08-04 09:52:23.351]	[   27]	SFTP connection established
[2016-08-04 09:52:23.351]	[   27]	SFTPOperations.OnOpen EXIT
[2016-08-04 09:52:23.351]	[   27]	=============================================================
[2016-08-04 09:52:23.351]	[   27]	=============================================================
[2016-08-04 09:52:23.351]	[   27]	SFTPOperations.OnRequestAbsolutePath ENTER 
[2016-08-04 09:52:23.351]	[   27]	              [in][sender]=SBSftpServer.TElSFTPServer
[2016-08-04 09:52:23.351]	[   27]	              [in][path]=.
[2016-08-04 09:52:23.351]	[   27]	              [in][absolutePath]=
[2016-08-04 09:52:23.351]	[   27]	              [in][control]=rcNoCheck
[2016-08-04 09:52:23.351]	[   27]	              [in][composePath]=SBStringList.TElStringList
[2016-08-04 09:52:23.351]	[   27]	              [in][errorCode]=0
[2016-08-04 09:52:23.352]	[   27]	              [in][comment]=
[2016-08-04 09:52:23.352]	[   27]	              [out][absolutePath]=
[2016-08-04 09:52:23.352]	[   27]	              [out][errorCode]=0
[2016-08-04 09:52:23.352]	[   27]	              [out][comment]=
[2016-08-04 09:52:23.352]	[   27]	SFTPOperations.OnRequestAbsolutePath EXIT
[2016-08-04 09:52:23.352]	[   27]	=============================================================
[2016-08-04 09:52:23.352]	[   27]	=============================================================
[2016-08-04 09:52:23.352]	[   27]	SFTPOperations.OnFindFirst ENTER 
[2016-08-04 09:52:23.352]	[   27]	              [in][sender]=SBSftpServer.TElSFTPServer
[2016-08-04 09:52:23.352]	[   27]	              [in][path]=\\TestSession_ba4e1b19-50e1-4238-a505-b422290cbad2/
[2016-08-04 09:52:23.352]	[   27]	              [in][data]=
[2016-08-04 09:52:23.352]	[   27]	              [in][info]=SBSftpCommon.TElSftpFileInfo
[2016-08-04 09:52:23.352]	[   27]	              [in][errorCode]=0
[2016-08-04 09:52:23.352]	[   27]	              [in][comment]=
[2016-08-04 09:52:23.352]	[   27]	              [out][data]=
[2016-08-04 09:52:23.352]	[   27]	              [out][errorCode]=0
[2016-08-04 09:52:23.352]	[   27]	              [out][comment]=
[2016-08-04 09:52:23.352]	[   27]	SFTPOperations.OnFindFirst EXIT
[2016-08-04 09:52:23.352]	[   27]	=============================================================
[2016-08-04 09:52:23.353]	[   27]	=============================================================
[2016-08-04 09:52:23.353]	[   27]	SFTPOperations.OnFindNext ENTER 
[2016-08-04 09:52:23.353]	[   27]	              [in][sender]=SBSftpServer.TElSFTPServer
[2016-08-04 09:52:23.353]	[   27]	              [in][data]=
[2016-08-04 09:52:23.353]	[   27]	              [in][info]=SBSftpCommon.TElSftpFileInfo
[2016-08-04 09:52:23.353]	[   27]	              [in][errorCode]=0
[2016-08-04 09:52:23.353]	[   27]	              [in][comment]=
[2016-08-04 09:52:23.353]	[   27]	              [out][errorCode]=0
[2016-08-04 09:52:23.353]	[   27]	              [out][comment]=
[2016-08-04 09:52:23.353]	[   27]	SFTPOperations.OnFindNext EXIT
[2016-08-04 09:52:23.353]	[   27]	=============================================================
[2016-08-04 09:52:23.353]	[   27]	=============================================================
[2016-08-04 09:52:23.353]	[   27]	SFTPOperations.OnFindNext ENTER 
[2016-08-04 09:52:23.353]	[   27]	              [in][sender]=SBSftpServer.TElSFTPServer
[2016-08-04 09:52:23.353]	[   27]	              [in][data]=
[2016-08-04 09:52:23.353]	[   27]	              [in][info]=SBSftpCommon.TElSftpFileInfo
[2016-08-04 09:52:23.353]	[   27]	              [in][errorCode]=0
[2016-08-04 09:52:23.353]	[   27]	              [in][comment]=
[2016-08-04 09:52:23.353]	[   27]	              [out][errorCode]=0
[2016-08-04 09:52:23.353]	[   27]	              [out][comment]=
[2016-08-04 09:52:23.353]	[   27]	SFTPOperations.OnFindNext EXIT
[2016-08-04 09:52:23.353]	[   27]	=============================================================
[2016-08-04 09:52:23.353]	[   27]	=============================================================
[2016-08-04 09:52:23.353]	[   27]	SFTPOperations.OnFindNext ENTER 
[2016-08-04 09:52:23.353]	[   27]	              [in][sender]=SBSftpServer.TElSFTPServer
[2016-08-04 09:52:23.353]	[   27]	              [in][data]=
[2016-08-04 09:52:23.353]	[   27]	              [in][info]=SBSftpCommon.TElSftpFileInfo
[2016-08-04 09:52:23.353]	[   27]	              [in][errorCode]=0
[2016-08-04 09:52:23.353]	[   27]	              [in][comment]=
[2016-08-04 09:52:23.353]	[   27]	              [out][errorCode]=0
[2016-08-04 09:52:23.353]	[   27]	              [out][comment]=
[2016-08-04 09:52:23.353]	[   27]	SFTPOperations.OnFindNext EXIT
[2016-08-04 09:52:23.353]	[   27]	=============================================================
[2016-08-04 09:52:23.354]	[   27]	=============================================================
[2016-08-04 09:52:23.354]	[   27]	SFTPOperations.OnFindClose ENTER 
[2016-08-04 09:52:23.354]	[   27]	              [in][sender]=SBSftpServer.TElSFTPServer
[2016-08-04 09:52:23.354]	[   27]	              [in][searchRec]=
[2016-08-04 09:52:23.354]	[   27]	              [in][errorCode]=1
[2016-08-04 09:52:23.354]	[   27]	              [in][comment]=
[2016-08-04 09:52:23.354]	[   27]	              [out][errorCode]=1
[2016-08-04 09:52:23.354]	[   27]	              [out][comment]=
[2016-08-04 09:52:23.354]	[   27]	SFTPOperations.OnFindClose EXIT
[2016-08-04 09:52:23.354]	[   27]	=============================================================
[2016-08-04 09:52:23.354]	[   27]	=============================================================
[2016-08-04 09:52:23.354]	[   27]	SFTPOperations.OnRemove ENTER 
[2016-08-04 09:52:23.354]	[   27]	              [in][sender]=SBSftpServer.TElSFTPServer
[2016-08-04 09:52:23.354]	[   27]	              [in][path]=\\TestSession_ba4e1b19-50e1-4238-a505-b422290cbad2/9ce85639-1b60-4664-9953-09664ef6fa65.txt
[2016-08-04 09:52:23.354]	[   27]	              [in][errorCode]=0
[2016-08-04 09:52:23.354]	[   27]	              [in][comment]=
[2016-08-04 09:52:23.355]	[   27]	              [out][errorCode]=0
[2016-08-04 09:52:23.355]	[   27]	              [out][comment]=
[2016-08-04 09:52:23.355]	[   27]	SFTPOperations.OnRemove EXIT
[2016-08-04 09:52:23.355]	[   27]	=============================================================
[2016-08-04 09:52:23.355]	[   27]	=============================================================
[2016-08-04 09:52:23.355]	[   27]	SFTPOperations.OnFindFirst ENTER 
[2016-08-04 09:52:23.355]	[   27]	              [in][sender]=SBSftpServer.TElSFTPServer
[2016-08-04 09:52:23.355]	[   27]	              [in][path]=\\TestSession_ba4e1b19-50e1-4238-a505-b422290cbad2/
[2016-08-04 09:52:23.355]	[   27]	              [in][data]=
[2016-08-04 09:52:23.355]	[   27]	              [in][info]=SBSftpCommon.TElSftpFileInfo
[2016-08-04 09:52:23.355]	[   27]	              [in][errorCode]=0
[2016-08-04 09:52:23.355]	[   27]	              [in][comment]=
[2016-08-04 09:52:23.355]	[   27]	              [out][data]=
[2016-08-04 09:52:23.355]	[   27]	              [out][errorCode]=0
[2016-08-04 09:52:23.355]	[   27]	              [out][comment]=
[2016-08-04 09:52:23.355]	[   27]	SFTPOperations.OnFindFirst EXIT
[2016-08-04 09:52:23.355]	[   27]	=============================================================
[2016-08-04 09:52:23.356]	[   27]	=============================================================
[2016-08-04 09:52:23.356]	[   27]	SFTPOperations.OnFindNext ENTER 
[2016-08-04 09:52:23.356]	[   27]	              [in][sender]=SBSftpServer.TElSFTPServer
[2016-08-04 09:52:23.356]	[   27]	              [in][data]=
[2016-08-04 09:52:23.356]	[   27]	              [in][info]=SBSftpCommon.TElSftpFileInfo
[2016-08-04 09:52:23.356]	[   27]	              [in][errorCode]=0
[2016-08-04 09:52:23.356]	[   27]	              [in][comment]=
[2016-08-04 09:52:23.356]	[   27]	              [out][errorCode]=0
[2016-08-04 09:52:23.356]	[   27]	              [out][comment]=
[2016-08-04 09:52:23.356]	[   27]	SFTPOperations.OnFindNext EXIT
[2016-08-04 09:52:23.356]	[   27]	=============================================================
[2016-08-04 09:52:23.356]	[   27]	=============================================================
[2016-08-04 09:52:23.356]	[   27]	SFTPOperations.OnFindNext ENTER 
[2016-08-04 09:52:23.356]	[   27]	              [in][sender]=SBSftpServer.TElSFTPServer
[2016-08-04 09:52:23.356]	[   27]	              [in][data]=
[2016-08-04 09:52:23.356]	[   27]	              [in][info]=SBSftpCommon.TElSftpFileInfo
[2016-08-04 09:52:23.356]	[   27]	              [in][errorCode]=0
[2016-08-04 09:52:23.356]	[   27]	              [in][comment]=
[2016-08-04 09:52:23.356]	[   27]	              [out][errorCode]=0
[2016-08-04 09:52:23.356]	[   27]	              [out][comment]=
[2016-08-04 09:52:23.356]	[   27]	SFTPOperations.OnFindNext EXIT
[2016-08-04 09:52:23.356]	[   27]	=============================================================
[2016-08-04 09:52:23.357]	[   27]	=============================================================
[2016-08-04 09:52:23.357]	[   27]	SFTPOperations.OnFindClose ENTER 
[2016-08-04 09:52:23.357]	[   27]	              [in][sender]=SBSftpServer.TElSFTPServer
[2016-08-04 09:52:23.357]	[   27]	              [in][searchRec]=
[2016-08-04 09:52:23.357]	[   27]	              [in][errorCode]=1
[2016-08-04 09:52:23.357]	[   27]	              [in][comment]=
[2016-08-04 09:52:23.357]	[   27]	              [out][errorCode]=1
[2016-08-04 09:52:23.357]	[   27]	              [out][comment]=
[2016-08-04 09:52:23.357]	[   27]	SFTPOperations.OnFindClose EXIT
[2016-08-04 09:52:23.357]	[   27]	=============================================================
[2016-08-04 09:52:23.357]	[   27]	=============================================================
[2016-08-04 09:52:23.357]	[   27]	SFTPOperations.OnRemove ENTER 
[2016-08-04 09:52:23.357]	[   27]	              [in][sender]=SBSftpServer.TElSFTPServer
[2016-08-04 09:52:23.357]	[   27]	              [in][path]=\\TestSession_ba4e1b19-50e1-4238-a505-b422290cbad2/
[2016-08-04 09:52:23.357]	[   27]	              [in][errorCode]=0
[2016-08-04 09:52:23.357]	[   27]	              [in][comment]=
[2016-08-04 09:52:23.358]	[   27]	              [out][errorCode]=0
[2016-08-04 09:52:23.358]	[   27]	              [out][comment]=
[2016-08-04 09:52:23.358]	[   27]	SFTPOperations.OnRemove EXIT
[2016-08-04 09:52:23.358]	[   27]	=============================================================
[2016-08-04 09:52:23.358]	[   33]	Stopping socket listener
[2016-08-04 09:52:23.358]	[   33]	Socket listener stopped
[2016-08-04 09:52:23.358]	[   24]	Socket receive operation failed: An established connection was aborted by the software in your host machine
[2016-08-04 09:52:23.358]	[   24]	Closing the socket
[2016-08-04 09:52:23.358]	[   24]	ServerListener.OnSessionClosed()</StdOut>
      </Output>
    </UnitTestResult>
    <UnitTestResult executionId="cbf80a69-73aa-4977-8afb-c24a75aa6c81" testId="1a1ad273-3644-9ed7-baba-79ba2348ba48" testName="RenameFile_NotExistingFile_ThrowsFtpException" computerName="ICSWS068" duration="00:00:00.4210291" startTime="2016-08-04T09:52:23.3723539+02:00" endTime="2016-08-04T09:52:23.7947549+02:00" testType="13cdc9d9-ddb5-4fa4-a97d-d965ccfc6d4b" outcome="Passed" testListId="8c84fa94-04c1-424b-9868-57a2d4851a1d" relativeResultsDirectory="cbf80a69-73aa-4977-8afb-c24a75aa6c81">
      <Output>
        <StdOut>Debug Trace:
[2016-08-04 09:52:23.376]	[   41]	Starting SSH server listener...
[2016-08-04 09:52:23.376]	[   41]	SSH server listener started.
[2016-08-04 09:52:23.427]	[   23]	ServerListener.Listen : New connection available
[2016-08-04 09:52:23.427]	[   23]	Connection accepted. Active connections 1 from 20
[2016-08-04 09:52:23.517]	[    9]	Subsystem sftp opened
[2016-08-04 09:52:23.517]	[    9]	SFTP server started
[2016-08-04 09:52:23.517]	[   42]	=============================================================
[2016-08-04 09:52:23.517]	[   42]	SFTPOperations.OnOpen ENTER (3)
[2016-08-04 09:52:23.518]	[   42]	              [in][sender]=SBSftpServer.TElSFTPServer
[2016-08-04 09:52:23.518]	[   42]	SFTP connection established
[2016-08-04 09:52:23.518]	[   42]	SFTPOperations.OnOpen EXIT
[2016-08-04 09:52:23.518]	[   42]	=============================================================
[2016-08-04 09:52:23.518]	[   42]	=============================================================
[2016-08-04 09:52:23.518]	[   42]	SFTPOperations.OnRequestAbsolutePath ENTER 
[2016-08-04 09:52:23.518]	[   42]	              [in][sender]=SBSftpServer.TElSFTPServer
[2016-08-04 09:52:23.518]	[   42]	              [in][path]=.
[2016-08-04 09:52:23.518]	[   42]	              [in][absolutePath]=
[2016-08-04 09:52:23.518]	[   42]	              [in][control]=rcNoCheck
[2016-08-04 09:52:23.518]	[   42]	              [in][composePath]=SBStringList.TElStringList
[2016-08-04 09:52:23.518]	[   42]	              [in][errorCode]=0
[2016-08-04 09:52:23.518]	[   42]	              [in][comment]=
[2016-08-04 09:52:23.518]	[   42]	              [out][absolutePath]=
[2016-08-04 09:52:23.518]	[   42]	              [out][errorCode]=0
[2016-08-04 09:52:23.518]	[   42]	              [out][comment]=
[2016-08-04 09:52:23.518]	[   42]	SFTPOperations.OnRequestAbsolutePath EXIT
[2016-08-04 09:52:23.518]	[   42]	=============================================================
[2016-08-04 09:52:23.518]	[   42]	=============================================================
[2016-08-04 09:52:23.518]	[   42]	SFTPOperations.OnCreateDirectory ENTER 
[2016-08-04 09:52:23.518]	[   42]	              [in][sender]=SBSftpServer.TElSFTPServer
[2016-08-04 09:52:23.518]	[   42]	              [in][path]=\\TestSession_8556b6ba-2200-4309-8d8a-4e83ddd63f9e
[2016-08-04 09:52:23.518]	[   42]	              [in][attributes]=
[2016-08-04 09:52:23.518]	[   42]	              [in][errorCode]=0
[2016-08-04 09:52:23.518]	[   42]	              [in][comment]=
[2016-08-04 09:52:23.518]	[   42]	              [out][errorCode]=0
[2016-08-04 09:52:23.518]	[   42]	              [out][comment]=
[2016-08-04 09:52:23.519]	[   42]	SFTPOperations.OnCreateDirectory EXIT
[2016-08-04 09:52:23.519]	[   42]	=============================================================
[2016-08-04 09:52:23.519]	[    9]	Socket receive operation failed: An established connection was aborted by the software in your host machine
[2016-08-04 09:52:23.519]	[    9]	Closing the socket
[2016-08-04 09:52:23.519]	[    9]	ServerListener.OnSessionClosed()
[2016-08-04 09:52:23.528]	[   23]	ServerListener.Listen : New connection available
[2016-08-04 09:52:23.528]	[   23]	Connection accepted. Active connections 1 from 20
[2016-08-04 09:52:23.634]	[   44]	Subsystem sftp opened
[2016-08-04 09:52:23.635]	[   44]	SFTP server started
[2016-08-04 09:52:23.635]	[   45]	=============================================================
[2016-08-04 09:52:23.635]	[   45]	SFTPOperations.OnOpen ENTER (1)
[2016-08-04 09:52:23.635]	[   45]	              [in][sender]=SBSftpServer.TElSFTPServer
[2016-08-04 09:52:23.635]	[   45]	SFTP connection established
[2016-08-04 09:52:23.635]	[   45]	SFTPOperations.OnOpen EXIT
[2016-08-04 09:52:23.636]	[   45]	=============================================================
[2016-08-04 09:52:23.636]	[   45]	=============================================================
[2016-08-04 09:52:23.636]	[   45]	SFTPOperations.OnRequestAbsolutePath ENTER 
[2016-08-04 09:52:23.636]	[   45]	              [in][sender]=SBSftpServer.TElSFTPServer
[2016-08-04 09:52:23.636]	[   45]	              [in][path]=.
[2016-08-04 09:52:23.636]	[   45]	              [in][absolutePath]=
[2016-08-04 09:52:23.636]	[   45]	              [in][control]=rcNoCheck
[2016-08-04 09:52:23.636]	[   45]	              [in][composePath]=SBStringList.TElStringList
[2016-08-04 09:52:23.636]	[   45]	              [in][errorCode]=0
[2016-08-04 09:52:23.636]	[   45]	              [in][comment]=
[2016-08-04 09:52:23.636]	[   45]	              [out][absolutePath]=
[2016-08-04 09:52:23.636]	[   45]	              [out][errorCode]=0
[2016-08-04 09:52:23.636]	[   45]	              [out][comment]=
[2016-08-04 09:52:23.636]	[   45]	SFTPOperations.OnRequestAbsolutePath EXIT
[2016-08-04 09:52:23.636]	[   45]	=============================================================
[2016-08-04 09:52:23.636]	[   45]	=============================================================
[2016-08-04 09:52:23.636]	[   45]	SFTPOperations.OnRenameFile ENTER 
[2016-08-04 09:52:23.636]	[   45]	              [in][sender]=SBSftpServer.TElSFTPServer
[2016-08-04 09:52:23.636]	[   45]	              [in][oldPath]=/file.txt
[2016-08-04 09:52:23.636]	[   45]	              [in][newPath]=/newFilename
[2016-08-04 09:52:23.636]	[   45]	              [in][flags]=0
[2016-08-04 09:52:23.636]	[   45]	              [in][errorCode]=0
[2016-08-04 09:52:23.636]	[   45]	              [in][comment]=
[2016-08-04 09:52:23.636]	[   45]	              [out][errorCode]=0
[2016-08-04 09:52:23.636]	[   45]	              [out][comment]=
[2016-08-04 09:52:23.637]	[   45]	SFTPOperations.OnRenameFile EXIT
[2016-08-04 09:52:23.637]	[   45]	=============================================================
[2016-08-04 09:52:23.637]	[   44]	Socket receive operation failed: An established connection was aborted by the software in your host machine
[2016-08-04 09:52:23.637]	[   44]	Closing the socket
[2016-08-04 09:52:23.637]	[   44]	ServerListener.OnSessionClosed()
[2016-08-04 09:52:23.679]	[   23]	ServerListener.Listen : New connection available
[2016-08-04 09:52:23.679]	[   23]	Connection accepted. Active connections 1 from 20
[2016-08-04 09:52:23.772]	[   46]	Subsystem sftp opened
[2016-08-04 09:52:23.777]	[   46]	SFTP server started
[2016-08-04 09:52:23.778]	[   47]	=============================================================
[2016-08-04 09:52:23.778]	[   47]	SFTPOperations.OnOpen ENTER (2)
[2016-08-04 09:52:23.778]	[   47]	              [in][sender]=SBSftpServer.TElSFTPServer
[2016-08-04 09:52:23.778]	[   47]	SFTP connection established
[2016-08-04 09:52:23.778]	[   47]	SFTPOperations.OnOpen EXIT
[2016-08-04 09:52:23.778]	[   47]	=============================================================
[2016-08-04 09:52:23.778]	[   47]	=============================================================
[2016-08-04 09:52:23.778]	[   47]	SFTPOperations.OnRequestAbsolutePath ENTER 
[2016-08-04 09:52:23.778]	[   47]	              [in][sender]=SBSftpServer.TElSFTPServer
[2016-08-04 09:52:23.778]	[   47]	              [in][path]=.
[2016-08-04 09:52:23.778]	[   47]	              [in][absolutePath]=
[2016-08-04 09:52:23.778]	[   47]	              [in][control]=rcNoCheck
[2016-08-04 09:52:23.778]	[   47]	              [in][composePath]=SBStringList.TElStringList
[2016-08-04 09:52:23.778]	[   47]	              [in][errorCode]=0
[2016-08-04 09:52:23.778]	[   47]	              [in][comment]=
[2016-08-04 09:52:23.778]	[   47]	              [out][absolutePath]=
[2016-08-04 09:52:23.778]	[   47]	              [out][errorCode]=0
[2016-08-04 09:52:23.778]	[   47]	              [out][comment]=
[2016-08-04 09:52:23.778]	[   47]	SFTPOperations.OnRequestAbsolutePath EXIT
[2016-08-04 09:52:23.778]	[   47]	=============================================================
[2016-08-04 09:52:23.779]	[   47]	=============================================================
[2016-08-04 09:52:23.779]	[   47]	SFTPOperations.OnFindFirst ENTER 
[2016-08-04 09:52:23.779]	[   47]	              [in][sender]=SBSftpServer.TElSFTPServer
[2016-08-04 09:52:23.779]	[   47]	              [in][path]=\\TestSession_8556b6ba-2200-4309-8d8a-4e83ddd63f9e/
[2016-08-04 09:52:23.779]	[   47]	              [in][data]=
[2016-08-04 09:52:23.779]	[   47]	              [in][info]=SBSftpCommon.TElSftpFileInfo
[2016-08-04 09:52:23.779]	[   47]	              [in][errorCode]=0
[2016-08-04 09:52:23.779]	[   47]	              [in][comment]=
[2016-08-04 09:52:23.779]	[   47]	              [out][data]=
[2016-08-04 09:52:23.779]	[   47]	              [out][errorCode]=0
[2016-08-04 09:52:23.779]	[   47]	              [out][comment]=
[2016-08-04 09:52:23.779]	[   47]	SFTPOperations.OnFindFirst EXIT
[2016-08-04 09:52:23.779]	[   47]	=============================================================
[2016-08-04 09:52:23.779]	[   47]	=============================================================
[2016-08-04 09:52:23.779]	[   47]	SFTPOperations.OnFindNext ENTER 
[2016-08-04 09:52:23.779]	[   47]	              [in][sender]=SBSftpServer.TElSFTPServer
[2016-08-04 09:52:23.779]	[   47]	              [in][data]=
[2016-08-04 09:52:23.779]	[   47]	              [in][info]=SBSftpCommon.TElSftpFileInfo
[2016-08-04 09:52:23.779]	[   47]	              [in][errorCode]=0
[2016-08-04 09:52:23.779]	[   47]	              [in][comment]=
[2016-08-04 09:52:23.779]	[   47]	              [out][errorCode]=0
[2016-08-04 09:52:23.779]	[   47]	              [out][comment]=
[2016-08-04 09:52:23.779]	[   47]	SFTPOperations.OnFindNext EXIT
[2016-08-04 09:52:23.779]	[   47]	=============================================================
[2016-08-04 09:52:23.779]	[   47]	=============================================================
[2016-08-04 09:52:23.779]	[   47]	SFTPOperations.OnFindNext ENTER 
[2016-08-04 09:52:23.779]	[   47]	              [in][sender]=SBSftpServer.TElSFTPServer
[2016-08-04 09:52:23.779]	[   47]	              [in][data]=
[2016-08-04 09:52:23.779]	[   47]	              [in][info]=SBSftpCommon.TElSftpFileInfo
[2016-08-04 09:52:23.779]	[   47]	              [in][errorCode]=0
[2016-08-04 09:52:23.779]	[   47]	              [in][comment]=
[2016-08-04 09:52:23.779]	[   47]	              [out][errorCode]=0
[2016-08-04 09:52:23.779]	[   47]	              [out][comment]=
[2016-08-04 09:52:23.779]	[   47]	SFTPOperations.OnFindNext EXIT
[2016-08-04 09:52:23.779]	[   47]	=============================================================
[2016-08-04 09:52:23.781]	[   47]	=============================================================
[2016-08-04 09:52:23.781]	[   47]	SFTPOperations.OnFindClose ENTER 
[2016-08-04 09:52:23.781]	[   47]	              [in][sender]=SBSftpServer.TElSFTPServer
[2016-08-04 09:52:23.781]	[   47]	              [in][searchRec]=
[2016-08-04 09:52:23.781]	[   47]	              [in][errorCode]=1
[2016-08-04 09:52:23.781]	[   47]	              [in][comment]=
[2016-08-04 09:52:23.781]	[   47]	              [out][errorCode]=1
[2016-08-04 09:52:23.781]	[   47]	              [out][comment]=
[2016-08-04 09:52:23.781]	[   47]	SFTPOperations.OnFindClose EXIT
[2016-08-04 09:52:23.781]	[   47]	=============================================================
[2016-08-04 09:52:23.781]	[   47]	=============================================================
[2016-08-04 09:52:23.781]	[   47]	SFTPOperations.OnFindFirst ENTER 
[2016-08-04 09:52:23.781]	[   47]	              [in][sender]=SBSftpServer.TElSFTPServer
[2016-08-04 09:52:23.781]	[   47]	              [in][path]=\\TestSession_8556b6ba-2200-4309-8d8a-4e83ddd63f9e/
[2016-08-04 09:52:23.781]	[   47]	              [in][data]=
[2016-08-04 09:52:23.781]	[   47]	              [in][info]=SBSftpCommon.TElSftpFileInfo
[2016-08-04 09:52:23.781]	[   47]	              [in][errorCode]=0
[2016-08-04 09:52:23.781]	[   47]	              [in][comment]=
[2016-08-04 09:52:23.782]	[   47]	              [out][data]=
[2016-08-04 09:52:23.782]	[   47]	              [out][errorCode]=0
[2016-08-04 09:52:23.782]	[   47]	              [out][comment]=
[2016-08-04 09:52:23.782]	[   47]	SFTPOperations.OnFindFirst EXIT
[2016-08-04 09:52:23.782]	[   47]	=============================================================
[2016-08-04 09:52:23.782]	[   47]	=============================================================
[2016-08-04 09:52:23.782]	[   47]	SFTPOperations.OnFindNext ENTER 
[2016-08-04 09:52:23.782]	[   47]	              [in][sender]=SBSftpServer.TElSFTPServer
[2016-08-04 09:52:23.782]	[   47]	              [in][data]=
[2016-08-04 09:52:23.782]	[   47]	              [in][info]=SBSftpCommon.TElSftpFileInfo
[2016-08-04 09:52:23.782]	[   47]	              [in][errorCode]=0
[2016-08-04 09:52:23.782]	[   47]	              [in][comment]=
[2016-08-04 09:52:23.782]	[   47]	              [out][errorCode]=0
[2016-08-04 09:52:23.782]	[   47]	              [out][comment]=
[2016-08-04 09:52:23.782]	[   47]	SFTPOperations.OnFindNext EXIT
[2016-08-04 09:52:23.782]	[   47]	=============================================================
[2016-08-04 09:52:23.782]	[   47]	=============================================================
[2016-08-04 09:52:23.782]	[   47]	SFTPOperations.OnFindNext ENTER 
[2016-08-04 09:52:23.782]	[   47]	              [in][sender]=SBSftpServer.TElSFTPServer
[2016-08-04 09:52:23.782]	[   47]	              [in][data]=
[2016-08-04 09:52:23.782]	[   47]	              [in][info]=SBSftpCommon.TElSftpFileInfo
[2016-08-04 09:52:23.782]	[   47]	              [in][errorCode]=0
[2016-08-04 09:52:23.782]	[   47]	              [in][comment]=
[2016-08-04 09:52:23.782]	[   47]	              [out][errorCode]=0
[2016-08-04 09:52:23.782]	[   47]	              [out][comment]=
[2016-08-04 09:52:23.782]	[   47]	SFTPOperations.OnFindNext EXIT
[2016-08-04 09:52:23.782]	[   47]	=============================================================
[2016-08-04 09:52:23.783]	[   47]	=============================================================
[2016-08-04 09:52:23.783]	[   47]	SFTPOperations.OnFindClose ENTER 
[2016-08-04 09:52:23.783]	[   47]	              [in][sender]=SBSftpServer.TElSFTPServer
[2016-08-04 09:52:23.783]	[   47]	              [in][searchRec]=
[2016-08-04 09:52:23.783]	[   47]	              [in][errorCode]=1
[2016-08-04 09:52:23.783]	[   47]	              [in][comment]=
[2016-08-04 09:52:23.783]	[   47]	              [out][errorCode]=1
[2016-08-04 09:52:23.783]	[   47]	              [out][comment]=
[2016-08-04 09:52:23.783]	[   47]	SFTPOperations.OnFindClose EXIT
[2016-08-04 09:52:23.783]	[   47]	=============================================================
[2016-08-04 09:52:23.783]	[   47]	=============================================================
[2016-08-04 09:52:23.783]	[   47]	SFTPOperations.OnRemove ENTER 
[2016-08-04 09:52:23.783]	[   47]	              [in][sender]=SBSftpServer.TElSFTPServer
[2016-08-04 09:52:23.783]	[   47]	              [in][path]=\\TestSession_8556b6ba-2200-4309-8d8a-4e83ddd63f9e/
[2016-08-04 09:52:23.783]	[   47]	              [in][errorCode]=0
[2016-08-04 09:52:23.783]	[   47]	              [in][comment]=
[2016-08-04 09:52:23.784]	[   47]	              [out][errorCode]=0
[2016-08-04 09:52:23.784]	[   47]	              [out][comment]=
[2016-08-04 09:52:23.784]	[   47]	SFTPOperations.OnRemove EXIT
[2016-08-04 09:52:23.784]	[   47]	=============================================================
[2016-08-04 09:52:23.784]	[   41]	Stopping socket listener
[2016-08-04 09:52:23.784]	[   41]	Socket listener stopped
[2016-08-04 09:52:23.784]	[   46]	Socket receive operation failed: An established connection was aborted by the software in your host machine
[2016-08-04 09:52:23.784]	[   46]	Closing the socket
[2016-08-04 09:52:23.784]	[   46]	ServerListener.OnSessionClosed()</StdOut>
      </Output>
    </UnitTestResult>
    <UnitTestResult executionId="3094f04c-26e2-478f-9cb7-943b8566aacf" testId="099002d1-d293-4ea6-bac7-c860e9edaa5c" testName="RenameFile_NotLoggedin_ThrowsFtpException" computerName="ICSWS068" duration="00:00:00.2625149" startTime="2016-08-04T09:52:23.7977414+02:00" endTime="2016-08-04T09:52:24.0625287+02:00" testType="13cdc9d9-ddb5-4fa4-a97d-d965ccfc6d4b" outcome="Passed" testListId="8c84fa94-04c1-424b-9868-57a2d4851a1d" relativeResultsDirectory="3094f04c-26e2-478f-9cb7-943b8566aacf">
      <Output>
        <StdOut>Debug Trace:
[2016-08-04 09:52:23.804]	[   42]	Starting SSH server listener...
[2016-08-04 09:52:23.804]	[   42]	SSH server listener started.
[2016-08-04 09:52:23.855]	[   45]	ServerListener.Listen : New connection available
[2016-08-04 09:52:23.855]	[   45]	Connection accepted. Active connections 1 from 20
[2016-08-04 09:52:23.946]	[    9]	Subsystem sftp opened
[2016-08-04 09:52:23.947]	[    9]	SFTP server started
[2016-08-04 09:52:23.947]	[   27]	=============================================================
[2016-08-04 09:52:23.947]	[   27]	SFTPOperations.OnOpen ENTER (3)
[2016-08-04 09:52:23.947]	[   27]	              [in][sender]=SBSftpServer.TElSFTPServer
[2016-08-04 09:52:23.947]	[   27]	SFTP connection established
[2016-08-04 09:52:23.947]	[   27]	SFTPOperations.OnOpen EXIT
[2016-08-04 09:52:23.947]	[   27]	=============================================================
[2016-08-04 09:52:23.947]	[   27]	=============================================================
[2016-08-04 09:52:23.947]	[   27]	SFTPOperations.OnRequestAbsolutePath ENTER 
[2016-08-04 09:52:23.947]	[   27]	              [in][sender]=SBSftpServer.TElSFTPServer
[2016-08-04 09:52:23.947]	[   27]	              [in][path]=.
[2016-08-04 09:52:23.947]	[   27]	              [in][absolutePath]=
[2016-08-04 09:52:23.947]	[   27]	              [in][control]=rcNoCheck
[2016-08-04 09:52:23.947]	[   27]	              [in][composePath]=SBStringList.TElStringList
[2016-08-04 09:52:23.948]	[   27]	              [in][errorCode]=0
[2016-08-04 09:52:23.948]	[   27]	              [in][comment]=
[2016-08-04 09:52:23.948]	[   27]	              [out][absolutePath]=
[2016-08-04 09:52:23.948]	[   27]	              [out][errorCode]=0
[2016-08-04 09:52:23.948]	[   27]	              [out][comment]=
[2016-08-04 09:52:23.948]	[   27]	SFTPOperations.OnRequestAbsolutePath EXIT
[2016-08-04 09:52:23.948]	[   27]	=============================================================
[2016-08-04 09:52:23.948]	[   27]	=============================================================
[2016-08-04 09:52:23.948]	[   27]	SFTPOperations.OnCreateDirectory ENTER 
[2016-08-04 09:52:23.948]	[   27]	              [in][sender]=SBSftpServer.TElSFTPServer
[2016-08-04 09:52:23.948]	[   27]	              [in][path]=\\TestSession_3626e95c-5d79-4d4f-9fb2-794404b40a83
[2016-08-04 09:52:23.948]	[   27]	              [in][attributes]=
[2016-08-04 09:52:23.948]	[   27]	              [in][errorCode]=0
[2016-08-04 09:52:23.948]	[   27]	              [in][comment]=
[2016-08-04 09:52:23.948]	[   27]	              [out][errorCode]=0
[2016-08-04 09:52:23.948]	[   27]	              [out][comment]=
[2016-08-04 09:52:23.948]	[   27]	SFTPOperations.OnCreateDirectory EXIT
[2016-08-04 09:52:23.948]	[   27]	=============================================================
[2016-08-04 09:52:23.949]	[    9]	Socket receive operation failed: An established connection was aborted by the software in your host machine
[2016-08-04 09:52:23.949]	[    9]	Closing the socket
[2016-08-04 09:52:23.949]	[    9]	ServerListener.OnSessionClosed()
[2016-08-04 09:52:23.956]	[   45]	ServerListener.Listen : New connection available
[2016-08-04 09:52:23.956]	[   45]	Connection accepted. Active connections 1 from 20
[2016-08-04 09:52:24.045]	[   24]	Subsystem sftp opened
[2016-08-04 09:52:24.046]	[   24]	SFTP server started
[2016-08-04 09:52:24.046]	[   22]	=============================================================
[2016-08-04 09:52:24.046]	[   22]	SFTPOperations.OnOpen ENTER (1)
[2016-08-04 09:52:24.046]	[   22]	              [in][sender]=SBSftpServer.TElSFTPServer
[2016-08-04 09:52:24.046]	[   22]	SFTP connection established
[2016-08-04 09:52:24.046]	[   22]	SFTPOperations.OnOpen EXIT
[2016-08-04 09:52:24.046]	[   22]	=============================================================
[2016-08-04 09:52:24.046]	[   22]	=============================================================
[2016-08-04 09:52:24.047]	[   22]	SFTPOperations.OnRequestAbsolutePath ENTER 
[2016-08-04 09:52:24.047]	[   22]	              [in][sender]=SBSftpServer.TElSFTPServer
[2016-08-04 09:52:24.047]	[   22]	              [in][path]=.
[2016-08-04 09:52:24.047]	[   22]	              [in][absolutePath]=
[2016-08-04 09:52:24.047]	[   22]	              [in][control]=rcNoCheck
[2016-08-04 09:52:24.047]	[   22]	              [in][composePath]=SBStringList.TElStringList
[2016-08-04 09:52:24.047]	[   22]	              [in][errorCode]=0
[2016-08-04 09:52:24.047]	[   22]	              [in][comment]=
[2016-08-04 09:52:24.047]	[   22]	              [out][absolutePath]=
[2016-08-04 09:52:24.047]	[   22]	              [out][errorCode]=0
[2016-08-04 09:52:24.047]	[   22]	              [out][comment]=
[2016-08-04 09:52:24.047]	[   22]	SFTPOperations.OnRequestAbsolutePath EXIT
[2016-08-04 09:52:24.047]	[   22]	=============================================================
[2016-08-04 09:52:24.047]	[   22]	=============================================================
[2016-08-04 09:52:24.047]	[   22]	SFTPOperations.OnFindFirst ENTER 
[2016-08-04 09:52:24.047]	[   22]	              [in][sender]=SBSftpServer.TElSFTPServer
[2016-08-04 09:52:24.047]	[   22]	              [in][path]=\\TestSession_3626e95c-5d79-4d4f-9fb2-794404b40a83/
[2016-08-04 09:52:24.047]	[   22]	              [in][data]=
[2016-08-04 09:52:24.047]	[   22]	              [in][info]=SBSftpCommon.TElSftpFileInfo
[2016-08-04 09:52:24.047]	[   22]	              [in][errorCode]=0
[2016-08-04 09:52:24.047]	[   22]	              [in][comment]=
[2016-08-04 09:52:24.047]	[   22]	              [out][data]=
[2016-08-04 09:52:24.047]	[   22]	              [out][errorCode]=0
[2016-08-04 09:52:24.047]	[   22]	              [out][comment]=
[2016-08-04 09:52:24.047]	[   22]	SFTPOperations.OnFindFirst EXIT
[2016-08-04 09:52:24.047]	[   22]	=============================================================
[2016-08-04 09:52:24.048]	[   22]	=============================================================
[2016-08-04 09:52:24.048]	[   22]	SFTPOperations.OnFindNext ENTER 
[2016-08-04 09:52:24.048]	[   22]	              [in][sender]=SBSftpServer.TElSFTPServer
[2016-08-04 09:52:24.048]	[   22]	              [in][data]=
[2016-08-04 09:52:24.048]	[   22]	              [in][info]=SBSftpCommon.TElSftpFileInfo
[2016-08-04 09:52:24.048]	[   22]	              [in][errorCode]=0
[2016-08-04 09:52:24.048]	[   22]	              [in][comment]=
[2016-08-04 09:52:24.048]	[   22]	              [out][errorCode]=0
[2016-08-04 09:52:24.048]	[   22]	              [out][comment]=
[2016-08-04 09:52:24.048]	[   22]	SFTPOperations.OnFindNext EXIT
[2016-08-04 09:52:24.048]	[   22]	=============================================================
[2016-08-04 09:52:24.048]	[   22]	=============================================================
[2016-08-04 09:52:24.048]	[   22]	SFTPOperations.OnFindNext ENTER 
[2016-08-04 09:52:24.048]	[   22]	              [in][sender]=SBSftpServer.TElSFTPServer
[2016-08-04 09:52:24.049]	[   22]	              [in][data]=
[2016-08-04 09:52:24.049]	[   22]	              [in][info]=SBSftpCommon.TElSftpFileInfo
[2016-08-04 09:52:24.049]	[   22]	              [in][errorCode]=0
[2016-08-04 09:52:24.049]	[   22]	              [in][comment]=
[2016-08-04 09:52:24.049]	[   22]	              [out][errorCode]=0
[2016-08-04 09:52:24.049]	[   22]	              [out][comment]=
[2016-08-04 09:52:24.049]	[   22]	SFTPOperations.OnFindNext EXIT
[2016-08-04 09:52:24.049]	[   22]	=============================================================
[2016-08-04 09:52:24.049]	[   22]	=============================================================
[2016-08-04 09:52:24.049]	[   22]	SFTPOperations.OnFindClose ENTER 
[2016-08-04 09:52:24.049]	[   22]	              [in][sender]=SBSftpServer.TElSFTPServer
[2016-08-04 09:52:24.049]	[   22]	              [in][searchRec]=
[2016-08-04 09:52:24.049]	[   22]	              [in][errorCode]=1
[2016-08-04 09:52:24.049]	[   22]	              [in][comment]=
[2016-08-04 09:52:24.049]	[   22]	              [out][errorCode]=1
[2016-08-04 09:52:24.049]	[   22]	              [out][comment]=
[2016-08-04 09:52:24.049]	[   22]	SFTPOperations.OnFindClose EXIT
[2016-08-04 09:52:24.049]	[   22]	=============================================================
[2016-08-04 09:52:24.049]	[   22]	=============================================================
[2016-08-04 09:52:24.049]	[   22]	SFTPOperations.OnFindFirst ENTER 
[2016-08-04 09:52:24.049]	[   22]	              [in][sender]=SBSftpServer.TElSFTPServer
[2016-08-04 09:52:24.049]	[   22]	              [in][path]=\\TestSession_3626e95c-5d79-4d4f-9fb2-794404b40a83/
[2016-08-04 09:52:24.049]	[   22]	              [in][data]=
[2016-08-04 09:52:24.049]	[   22]	              [in][info]=SBSftpCommon.TElSftpFileInfo
[2016-08-04 09:52:24.049]	[   22]	              [in][errorCode]=0
[2016-08-04 09:52:24.049]	[   22]	              [in][comment]=
[2016-08-04 09:52:24.049]	[   22]	              [out][data]=
[2016-08-04 09:52:24.049]	[   22]	              [out][errorCode]=0
[2016-08-04 09:52:24.049]	[   22]	              [out][comment]=
[2016-08-04 09:52:24.050]	[   22]	SFTPOperations.OnFindFirst EXIT
[2016-08-04 09:52:24.050]	[   22]	=============================================================
[2016-08-04 09:52:24.050]	[   22]	=============================================================
[2016-08-04 09:52:24.050]	[   22]	SFTPOperations.OnFindNext ENTER 
[2016-08-04 09:52:24.050]	[   22]	              [in][sender]=SBSftpServer.TElSFTPServer
[2016-08-04 09:52:24.050]	[   22]	              [in][data]=
[2016-08-04 09:52:24.050]	[   22]	              [in][info]=SBSftpCommon.TElSftpFileInfo
[2016-08-04 09:52:24.050]	[   22]	              [in][errorCode]=0
[2016-08-04 09:52:24.050]	[   22]	              [in][comment]=
[2016-08-04 09:52:24.050]	[   22]	              [out][errorCode]=0
[2016-08-04 09:52:24.050]	[   22]	              [out][comment]=
[2016-08-04 09:52:24.051]	[   22]	SFTPOperations.OnFindNext EXIT
[2016-08-04 09:52:24.051]	[   22]	=============================================================
[2016-08-04 09:52:24.051]	[   22]	=============================================================
[2016-08-04 09:52:24.051]	[   22]	SFTPOperations.OnFindNext ENTER 
[2016-08-04 09:52:24.051]	[   22]	              [in][sender]=SBSftpServer.TElSFTPServer
[2016-08-04 09:52:24.051]	[   22]	              [in][data]=
[2016-08-04 09:52:24.051]	[   22]	              [in][info]=SBSftpCommon.TElSftpFileInfo
[2016-08-04 09:52:24.051]	[   22]	              [in][errorCode]=0
[2016-08-04 09:52:24.051]	[   22]	              [in][comment]=
[2016-08-04 09:52:24.051]	[   22]	              [out][errorCode]=0
[2016-08-04 09:52:24.051]	[   22]	              [out][comment]=
[2016-08-04 09:52:24.051]	[   22]	SFTPOperations.OnFindNext EXIT
[2016-08-04 09:52:24.051]	[   22]	=============================================================
[2016-08-04 09:52:24.051]	[   22]	=============================================================
[2016-08-04 09:52:24.051]	[   22]	SFTPOperations.OnFindClose ENTER 
[2016-08-04 09:52:24.051]	[   22]	              [in][sender]=SBSftpServer.TElSFTPServer
[2016-08-04 09:52:24.051]	[   22]	              [in][searchRec]=
[2016-08-04 09:52:24.051]	[   22]	              [in][errorCode]=1
[2016-08-04 09:52:24.051]	[   22]	              [in][comment]=
[2016-08-04 09:52:24.051]	[   22]	              [out][errorCode]=1
[2016-08-04 09:52:24.051]	[   22]	              [out][comment]=
[2016-08-04 09:52:24.051]	[   22]	SFTPOperations.OnFindClose EXIT
[2016-08-04 09:52:24.051]	[   22]	=============================================================
[2016-08-04 09:52:24.052]	[   22]	=============================================================
[2016-08-04 09:52:24.052]	[   22]	SFTPOperations.OnRemove ENTER 
[2016-08-04 09:52:24.052]	[   22]	              [in][sender]=SBSftpServer.TElSFTPServer
[2016-08-04 09:52:24.052]	[   22]	              [in][path]=\\TestSession_3626e95c-5d79-4d4f-9fb2-794404b40a83/
[2016-08-04 09:52:24.052]	[   22]	              [in][errorCode]=0
[2016-08-04 09:52:24.052]	[   22]	              [in][comment]=
[2016-08-04 09:52:24.052]	[   22]	              [out][errorCode]=0
[2016-08-04 09:52:24.052]	[   22]	              [out][comment]=
[2016-08-04 09:52:24.052]	[   22]	SFTPOperations.OnRemove EXIT
[2016-08-04 09:52:24.052]	[   22]	=============================================================
[2016-08-04 09:52:24.052]	[   42]	Stopping socket listener
[2016-08-04 09:52:24.052]	[   42]	Socket listener stopped
[2016-08-04 09:52:24.052]	[   24]	Socket receive operation failed: An established connection was aborted by the software in your host machine
[2016-08-04 09:52:24.052]	[   24]	Closing the socket
[2016-08-04 09:52:24.053]	[   24]	ServerListener.OnSessionClosed()</StdOut>
      </Output>
    </UnitTestResult>
    <UnitTestResult executionId="f4da353e-a1d1-437e-a1ee-2f9bf1a42423" testId="1b917860-94a4-03a2-9ec7-497bcd14b80b" testName="UploadFile_FileDoesNotExistOnServer_Success" computerName="ICSWS068" duration="00:00:00.4289638" startTime="2016-08-04T09:52:24.0655140+02:00" endTime="2016-08-04T09:52:24.4956844+02:00" testType="13cdc9d9-ddb5-4fa4-a97d-d965ccfc6d4b" outcome="Passed" testListId="8c84fa94-04c1-424b-9868-57a2d4851a1d" relativeResultsDirectory="f4da353e-a1d1-437e-a1ee-2f9bf1a42423">
      <Output>
        <StdOut>Debug Trace:
[2016-08-04 09:52:24.069]	[   25]	Starting SSH server listener...
[2016-08-04 09:52:24.069]	[   25]	SSH server listener started.
[2016-08-04 09:52:24.120]	[   31]	ServerListener.Listen : New connection available
[2016-08-04 09:52:24.120]	[   31]	Connection accepted. Active connections 1 from 20
[2016-08-04 09:52:24.214]	[   33]	Subsystem sftp opened
[2016-08-04 09:52:24.214]	[   33]	SFTP server started
[2016-08-04 09:52:24.215]	[   35]	=============================================================
[2016-08-04 09:52:24.215]	[   35]	SFTPOperations.OnOpen ENTER (2)
[2016-08-04 09:52:24.215]	[   35]	              [in][sender]=SBSftpServer.TElSFTPServer
[2016-08-04 09:52:24.215]	[   35]	SFTP connection established
[2016-08-04 09:52:24.215]	[   35]	SFTPOperations.OnOpen EXIT
[2016-08-04 09:52:24.215]	[   35]	=============================================================
[2016-08-04 09:52:24.215]	[   35]	=============================================================
[2016-08-04 09:52:24.215]	[   35]	SFTPOperations.OnRequestAbsolutePath ENTER 
[2016-08-04 09:52:24.215]	[   35]	              [in][sender]=SBSftpServer.TElSFTPServer
[2016-08-04 09:52:24.215]	[   35]	              [in][path]=.
[2016-08-04 09:52:24.215]	[   35]	              [in][absolutePath]=
[2016-08-04 09:52:24.215]	[   35]	              [in][control]=rcNoCheck
[2016-08-04 09:52:24.215]	[   35]	              [in][composePath]=SBStringList.TElStringList
[2016-08-04 09:52:24.215]	[   35]	              [in][errorCode]=0
[2016-08-04 09:52:24.215]	[   35]	              [in][comment]=
[2016-08-04 09:52:24.215]	[   35]	              [out][absolutePath]=
[2016-08-04 09:52:24.215]	[   35]	              [out][errorCode]=0
[2016-08-04 09:52:24.215]	[   35]	              [out][comment]=
[2016-08-04 09:52:24.216]	[   35]	SFTPOperations.OnRequestAbsolutePath EXIT
[2016-08-04 09:52:24.216]	[   35]	=============================================================
[2016-08-04 09:52:24.216]	[   35]	=============================================================
[2016-08-04 09:52:24.216]	[   35]	SFTPOperations.OnCreateDirectory ENTER 
[2016-08-04 09:52:24.216]	[   35]	              [in][sender]=SBSftpServer.TElSFTPServer
[2016-08-04 09:52:24.216]	[   35]	              [in][path]=\\TestSession_c199d7a3-06d6-43a2-ac0b-e0dc04da0315
[2016-08-04 09:52:24.216]	[   35]	              [in][attributes]=
[2016-08-04 09:52:24.216]	[   35]	              [in][errorCode]=0
[2016-08-04 09:52:24.216]	[   35]	              [in][comment]=
[2016-08-04 09:52:24.216]	[   35]	              [out][errorCode]=0
[2016-08-04 09:52:24.216]	[   35]	              [out][comment]=
[2016-08-04 09:52:24.216]	[   35]	SFTPOperations.OnCreateDirectory EXIT
[2016-08-04 09:52:24.216]	[   35]	=============================================================
[2016-08-04 09:52:24.217]	[   33]	Socket receive operation failed: An existing connection was forcibly closed by the remote host
[2016-08-04 09:52:24.217]	[   33]	Closing the socket
[2016-08-04 09:52:24.217]	[   33]	ServerListener.OnSessionClosed()
[2016-08-04 09:52:24.221]	[   31]	ServerListener.Listen : New connection available
[2016-08-04 09:52:24.221]	[   31]	Connection accepted. Active connections 1 from 20
[2016-08-04 09:52:24.318]	[   19]	Subsystem sftp opened
[2016-08-04 09:52:24.319]	[   19]	SFTP server started
[2016-08-04 09:52:24.319]	[   39]	=============================================================
[2016-08-04 09:52:24.319]	[   39]	SFTPOperations.OnOpen ENTER (1)
[2016-08-04 09:52:24.319]	[   39]	              [in][sender]=SBSftpServer.TElSFTPServer
[2016-08-04 09:52:24.319]	[   39]	SFTP connection established
[2016-08-04 09:52:24.319]	[   39]	SFTPOperations.OnOpen EXIT
[2016-08-04 09:52:24.319]	[   39]	=============================================================
[2016-08-04 09:52:24.319]	[   39]	=============================================================
[2016-08-04 09:52:24.320]	[   39]	SFTPOperations.OnRequestAbsolutePath ENTER 
[2016-08-04 09:52:24.320]	[   39]	              [in][sender]=SBSftpServer.TElSFTPServer
[2016-08-04 09:52:24.320]	[   39]	              [in][path]=.
[2016-08-04 09:52:24.320]	[   39]	              [in][absolutePath]=
[2016-08-04 09:52:24.320]	[   39]	              [in][control]=rcNoCheck
[2016-08-04 09:52:24.320]	[   39]	              [in][composePath]=SBStringList.TElStringList
[2016-08-04 09:52:24.320]	[   39]	              [in][errorCode]=0
[2016-08-04 09:52:24.320]	[   39]	              [in][comment]=
[2016-08-04 09:52:24.320]	[   39]	              [out][absolutePath]=
[2016-08-04 09:52:24.320]	[   39]	              [out][errorCode]=0
[2016-08-04 09:52:24.320]	[   39]	              [out][comment]=
[2016-08-04 09:52:24.320]	[   39]	SFTPOperations.OnRequestAbsolutePath EXIT
[2016-08-04 09:52:24.320]	[   39]	=============================================================
[2016-08-04 09:52:24.320]	[   39]	=============================================================
[2016-08-04 09:52:24.320]	[   39]	SFTPOperations.OnRequestAttributes ENTER 
[2016-08-04 09:52:24.320]	[   39]	              [in][sender]=SBSftpServer.TElSFTPServer
[2016-08-04 09:52:24.320]	[   39]	              [in][path]=\\TestSession_c199d7a3-06d6-43a2-ac0b-e0dc04da0315
[2016-08-04 09:52:24.321]	[   39]	              [in][followSymLinks]=True
[2016-08-04 09:52:24.321]	[   39]	              [in][attributes]=SBSftpCommon.TElSftpFileAttributes
[2016-08-04 09:52:24.321]	[   39]	              [in][errorCode]=0
[2016-08-04 09:52:24.321]	[   39]	              [in][comment]=
[2016-08-04 09:52:24.321]	[   39]	              [out][errorCode]=0
[2016-08-04 09:52:24.321]	[   39]	              [out][comment]=
[2016-08-04 09:52:24.321]	[   39]	SFTPOperations.OnRequestAttributes EXIT
[2016-08-04 09:52:24.321]	[   39]	=============================================================
[2016-08-04 09:52:24.321]	[   39]	=============================================================
[2016-08-04 09:52:24.321]	[   39]	SFTPOperations.OnOpenFile ENTER (1)
[2016-08-04 09:52:24.321]	[   39]	              [in][sender]=SBSftpServer.TElSFTPServer
[2016-08-04 09:52:24.321]	[   39]	              [in][path]=\\TestSession_c199d7a3-06d6-43a2-ac0b-e0dc04da0315\349dd0d4-1306-4791-9e28-086cc7b94f66.txt
[2016-08-04 09:52:24.321]	[   39]	              [in][modes]=26
[2016-08-04 09:52:24.321]	[   39]	              [in][Access]=0
[2016-08-04 09:52:24.321]	[   39]	              [in][desiredAccess]=2
[2016-08-04 09:52:24.321]	[   39]	              [in][attributes]=SBSftpCommon.TElSftpFileAttributes
[2016-08-04 09:52:24.321]	[   39]	              [in][data]=
[2016-08-04 09:52:24.321]	[   39]	              [in][errorCode]=0
[2016-08-04 09:52:24.321]	[   39]	              [in][comment]=
[2016-08-04 09:52:24.321]	[   39]	              [out][data]=
[2016-08-04 09:52:24.322]	[   39]	              [out][errorCode]=0
[2016-08-04 09:52:24.322]	[   39]	              [out][comment]=
[2016-08-04 09:52:24.322]	[   39]	SFTPOperations.OnOpenFile EXIT
[2016-08-04 09:52:24.322]	[   39]	=============================================================
[2016-08-04 09:52:24.322]	[   39]	=============================================================
[2016-08-04 09:52:24.322]	[   39]	SFTPOperations.OnWriteFile ENTER (1)
[2016-08-04 09:52:24.322]	[   39]	              [in][sender]=SBSftpServer.TElSFTPServer
[2016-08-04 09:52:24.322]	[   39]	              [in][data]=System.IO.FileStream
[2016-08-04 09:52:24.322]	[   39]	              [in][offset]=0
[2016-08-04 09:52:24.322]	[   39]	              [in][buffer]=System.Byte[]
[2016-08-04 09:52:24.322]	[   39]	              [in][bufferOffset]=25
[2016-08-04 09:52:24.322]	[   39]	              [in][count]=1
[2016-08-04 09:52:24.322]	[   39]	              [in][errorCode]=0
[2016-08-04 09:52:24.322]	[   39]	              [in][comment]=
[2016-08-04 09:52:24.322]	[   39]	              [out][errorCode]=0
[2016-08-04 09:52:24.322]	[   39]	              [out][comment]=
[2016-08-04 09:52:24.322]	[   39]	SFTPOperations.OnWriteFile EXIT
[2016-08-04 09:52:24.322]	[   39]	=============================================================
[2016-08-04 09:52:24.323]	[   39]	=============================================================
[2016-08-04 09:52:24.323]	[   39]	SFTPOperations.OnCloseHandle ENTER (1)
[2016-08-04 09:52:24.323]	[   39]	              [in][sender]=SBSftpServer.TElSFTPServer
[2016-08-04 09:52:24.323]	[   39]	              [in][data]=System.IO.FileStream
[2016-08-04 09:52:24.323]	[   39]	              [in][errorCode]=0
[2016-08-04 09:52:24.323]	[   39]	              [in][comment]=
[2016-08-04 09:52:24.323]	[   39]	              [out][errorCode]=0
[2016-08-04 09:52:24.323]	[   39]	              [out][comment]=
[2016-08-04 09:52:24.323]	[   39]	SFTPOperations.OnCloseHandle EXIT
[2016-08-04 09:52:24.323]	[   39]	=============================================================
[2016-08-04 09:52:24.323]	[   39]	=============================================================
[2016-08-04 09:52:24.323]	[   39]	SFTPOperations.OnFindFirst ENTER 
[2016-08-04 09:52:24.323]	[   39]	              [in][sender]=SBSftpServer.TElSFTPServer
[2016-08-04 09:52:24.323]	[   39]	              [in][path]=\\TestSession_c199d7a3-06d6-43a2-ac0b-e0dc04da0315
[2016-08-04 09:52:24.323]	[   39]	              [in][data]=
[2016-08-04 09:52:24.323]	[   39]	              [in][info]=SBSftpCommon.TElSftpFileInfo
[2016-08-04 09:52:24.324]	[   39]	              [in][errorCode]=0
[2016-08-04 09:52:24.324]	[   39]	              [in][comment]=
[2016-08-04 09:52:24.324]	[   39]	              [out][data]=
[2016-08-04 09:52:24.324]	[   39]	              [out][errorCode]=0
[2016-08-04 09:52:24.324]	[   39]	              [out][comment]=
[2016-08-04 09:52:24.324]	[   39]	SFTPOperations.OnFindFirst EXIT
[2016-08-04 09:52:24.324]	[   39]	=============================================================
[2016-08-04 09:52:24.324]	[   39]	=============================================================
[2016-08-04 09:52:24.324]	[   39]	SFTPOperations.OnFindNext ENTER 
[2016-08-04 09:52:24.324]	[   39]	              [in][sender]=SBSftpServer.TElSFTPServer
[2016-08-04 09:52:24.324]	[   39]	              [in][data]=
[2016-08-04 09:52:24.324]	[   39]	              [in][info]=SBSftpCommon.TElSftpFileInfo
[2016-08-04 09:52:24.324]	[   39]	              [in][errorCode]=0
[2016-08-04 09:52:24.325]	[   39]	              [in][comment]=
[2016-08-04 09:52:24.325]	[   39]	              [out][errorCode]=0
[2016-08-04 09:52:24.325]	[   39]	              [out][comment]=
[2016-08-04 09:52:24.325]	[   39]	SFTPOperations.OnFindNext EXIT
[2016-08-04 09:52:24.325]	[   39]	=============================================================
[2016-08-04 09:52:24.325]	[   39]	=============================================================
[2016-08-04 09:52:24.325]	[   39]	SFTPOperations.OnFindNext ENTER 
[2016-08-04 09:52:24.325]	[   39]	              [in][sender]=SBSftpServer.TElSFTPServer
[2016-08-04 09:52:24.325]	[   39]	              [in][data]=
[2016-08-04 09:52:24.325]	[   39]	              [in][info]=SBSftpCommon.TElSftpFileInfo
[2016-08-04 09:52:24.325]	[   39]	              [in][errorCode]=0
[2016-08-04 09:52:24.325]	[   39]	              [in][comment]=
[2016-08-04 09:52:24.325]	[   39]	              [out][errorCode]=0
[2016-08-04 09:52:24.325]	[   39]	              [out][comment]=
[2016-08-04 09:52:24.325]	[   39]	SFTPOperations.OnFindNext EXIT
[2016-08-04 09:52:24.325]	[   39]	=============================================================
[2016-08-04 09:52:24.325]	[   39]	=============================================================
[2016-08-04 09:52:24.325]	[   39]	SFTPOperations.OnFindNext ENTER 
[2016-08-04 09:52:24.325]	[   39]	              [in][sender]=SBSftpServer.TElSFTPServer
[2016-08-04 09:52:24.325]	[   39]	              [in][data]=
[2016-08-04 09:52:24.325]	[   39]	              [in][info]=SBSftpCommon.TElSftpFileInfo
[2016-08-04 09:52:24.325]	[   39]	              [in][errorCode]=0
[2016-08-04 09:52:24.325]	[   39]	              [in][comment]=
[2016-08-04 09:52:24.325]	[   39]	              [out][errorCode]=0
[2016-08-04 09:52:24.325]	[   39]	              [out][comment]=
[2016-08-04 09:52:24.325]	[   39]	SFTPOperations.OnFindNext EXIT
[2016-08-04 09:52:24.325]	[   39]	=============================================================
[2016-08-04 09:52:24.326]	[   39]	=============================================================
[2016-08-04 09:52:24.326]	[   39]	SFTPOperations.OnFindClose ENTER 
[2016-08-04 09:52:24.326]	[   39]	              [in][sender]=SBSftpServer.TElSFTPServer
[2016-08-04 09:52:24.326]	[   39]	              [in][searchRec]=
[2016-08-04 09:52:24.326]	[   39]	              [in][errorCode]=1
[2016-08-04 09:52:24.326]	[   39]	              [in][comment]=
[2016-08-04 09:52:24.326]	[   39]	              [out][errorCode]=1
[2016-08-04 09:52:24.326]	[   39]	              [out][comment]=
[2016-08-04 09:52:24.326]	[   39]	SFTPOperations.OnFindClose EXIT
[2016-08-04 09:52:24.326]	[   39]	=============================================================
[2016-08-04 09:52:24.326]	[   19]	Socket receive operation failed: An established connection was aborted by the software in your host machine
[2016-08-04 09:52:24.327]	[   19]	Closing the socket
[2016-08-04 09:52:24.327]	[   19]	ServerListener.OnSessionClosed()
[2016-08-04 09:52:24.372]	[   31]	ServerListener.Listen : New connection available
[2016-08-04 09:52:24.373]	[   31]	Connection accepted. Active connections 1 from 20
[2016-08-04 09:52:24.477]	[   30]	Subsystem sftp opened
[2016-08-04 09:52:24.477]	[   30]	SFTP server started
[2016-08-04 09:52:24.478]	[   37]	=============================================================
[2016-08-04 09:52:24.478]	[   37]	SFTPOperations.OnOpen ENTER (2)
[2016-08-04 09:52:24.478]	[   37]	              [in][sender]=SBSftpServer.TElSFTPServer
[2016-08-04 09:52:24.478]	[   37]	SFTP connection established
[2016-08-04 09:52:24.478]	[   37]	SFTPOperations.OnOpen EXIT
[2016-08-04 09:52:24.478]	[   37]	=============================================================
[2016-08-04 09:52:24.478]	[   37]	=============================================================
[2016-08-04 09:52:24.478]	[   37]	SFTPOperations.OnRequestAbsolutePath ENTER 
[2016-08-04 09:52:24.478]	[   37]	              [in][sender]=SBSftpServer.TElSFTPServer
[2016-08-04 09:52:24.478]	[   37]	              [in][path]=.
[2016-08-04 09:52:24.478]	[   37]	              [in][absolutePath]=
[2016-08-04 09:52:24.478]	[   37]	              [in][control]=rcNoCheck
[2016-08-04 09:52:24.478]	[   37]	              [in][composePath]=SBStringList.TElStringList
[2016-08-04 09:52:24.478]	[   37]	              [in][errorCode]=0
[2016-08-04 09:52:24.478]	[   37]	              [in][comment]=
[2016-08-04 09:52:24.478]	[   37]	              [out][absolutePath]=
[2016-08-04 09:52:24.478]	[   37]	              [out][errorCode]=0
[2016-08-04 09:52:24.478]	[   37]	              [out][comment]=
[2016-08-04 09:52:24.478]	[   37]	SFTPOperations.OnRequestAbsolutePath EXIT
[2016-08-04 09:52:24.478]	[   37]	=============================================================
[2016-08-04 09:52:24.478]	[   37]	=============================================================
[2016-08-04 09:52:24.479]	[   37]	SFTPOperations.OnFindFirst ENTER 
[2016-08-04 09:52:24.479]	[   37]	              [in][sender]=SBSftpServer.TElSFTPServer
[2016-08-04 09:52:24.479]	[   37]	              [in][path]=\\TestSession_c199d7a3-06d6-43a2-ac0b-e0dc04da0315/
[2016-08-04 09:52:24.479]	[   37]	              [in][data]=
[2016-08-04 09:52:24.479]	[   37]	              [in][info]=SBSftpCommon.TElSftpFileInfo
[2016-08-04 09:52:24.479]	[   37]	              [in][errorCode]=0
[2016-08-04 09:52:24.479]	[   37]	              [in][comment]=
[2016-08-04 09:52:24.479]	[   37]	              [out][data]=
[2016-08-04 09:52:24.479]	[   37]	              [out][errorCode]=0
[2016-08-04 09:52:24.479]	[   37]	              [out][comment]=
[2016-08-04 09:52:24.479]	[   37]	SFTPOperations.OnFindFirst EXIT
[2016-08-04 09:52:24.479]	[   37]	=============================================================
[2016-08-04 09:52:24.479]	[   37]	=============================================================
[2016-08-04 09:52:24.479]	[   37]	SFTPOperations.OnFindNext ENTER 
[2016-08-04 09:52:24.479]	[   37]	              [in][sender]=SBSftpServer.TElSFTPServer
[2016-08-04 09:52:24.479]	[   37]	              [in][data]=
[2016-08-04 09:52:24.479]	[   37]	              [in][info]=SBSftpCommon.TElSftpFileInfo
[2016-08-04 09:52:24.479]	[   37]	              [in][errorCode]=0
[2016-08-04 09:52:24.479]	[   37]	              [in][comment]=
[2016-08-04 09:52:24.479]	[   37]	              [out][errorCode]=0
[2016-08-04 09:52:24.479]	[   37]	              [out][comment]=
[2016-08-04 09:52:24.479]	[   37]	SFTPOperations.OnFindNext EXIT
[2016-08-04 09:52:24.479]	[   37]	=============================================================
[2016-08-04 09:52:24.479]	[   37]	=============================================================
[2016-08-04 09:52:24.479]	[   37]	SFTPOperations.OnFindNext ENTER 
[2016-08-04 09:52:24.479]	[   37]	              [in][sender]=SBSftpServer.TElSFTPServer
[2016-08-04 09:52:24.479]	[   37]	              [in][data]=
[2016-08-04 09:52:24.479]	[   37]	              [in][info]=SBSftpCommon.TElSftpFileInfo
[2016-08-04 09:52:24.479]	[   37]	              [in][errorCode]=0
[2016-08-04 09:52:24.479]	[   37]	              [in][comment]=
[2016-08-04 09:52:24.479]	[   37]	              [out][errorCode]=0
[2016-08-04 09:52:24.479]	[   37]	              [out][comment]=
[2016-08-04 09:52:24.479]	[   37]	SFTPOperations.OnFindNext EXIT
[2016-08-04 09:52:24.479]	[   37]	=============================================================
[2016-08-04 09:52:24.479]	[   37]	=============================================================
[2016-08-04 09:52:24.479]	[   37]	SFTPOperations.OnFindNext ENTER 
[2016-08-04 09:52:24.479]	[   37]	              [in][sender]=SBSftpServer.TElSFTPServer
[2016-08-04 09:52:24.479]	[   37]	              [in][data]=
[2016-08-04 09:52:24.479]	[   37]	              [in][info]=SBSftpCommon.TElSftpFileInfo
[2016-08-04 09:52:24.479]	[   37]	              [in][errorCode]=0
[2016-08-04 09:52:24.479]	[   37]	              [in][comment]=
[2016-08-04 09:52:24.479]	[   37]	              [out][errorCode]=0
[2016-08-04 09:52:24.481]	[   37]	              [out][comment]=
[2016-08-04 09:52:24.481]	[   37]	SFTPOperations.OnFindNext EXIT
[2016-08-04 09:52:24.481]	[   37]	=============================================================
[2016-08-04 09:52:24.481]	[   37]	=============================================================
[2016-08-04 09:52:24.481]	[   37]	SFTPOperations.OnFindClose ENTER 
[2016-08-04 09:52:24.481]	[   37]	              [in][sender]=SBSftpServer.TElSFTPServer
[2016-08-04 09:52:24.481]	[   37]	              [in][searchRec]=
[2016-08-04 09:52:24.481]	[   37]	              [in][errorCode]=1
[2016-08-04 09:52:24.481]	[   37]	              [in][comment]=
[2016-08-04 09:52:24.481]	[   37]	              [out][errorCode]=1
[2016-08-04 09:52:24.481]	[   37]	              [out][comment]=
[2016-08-04 09:52:24.481]	[   37]	SFTPOperations.OnFindClose EXIT
[2016-08-04 09:52:24.481]	[   37]	=============================================================
[2016-08-04 09:52:24.482]	[   37]	=============================================================
[2016-08-04 09:52:24.482]	[   37]	SFTPOperations.OnRemove ENTER 
[2016-08-04 09:52:24.482]	[   37]	              [in][sender]=SBSftpServer.TElSFTPServer
[2016-08-04 09:52:24.482]	[   37]	              [in][path]=\\TestSession_c199d7a3-06d6-43a2-ac0b-e0dc04da0315/349dd0d4-1306-4791-9e28-086cc7b94f66.txt
[2016-08-04 09:52:24.482]	[   37]	              [in][errorCode]=0
[2016-08-04 09:52:24.482]	[   37]	              [in][comment]=
[2016-08-04 09:52:24.482]	[   37]	              [out][errorCode]=0
[2016-08-04 09:52:24.482]	[   37]	              [out][comment]=
[2016-08-04 09:52:24.482]	[   37]	SFTPOperations.OnRemove EXIT
[2016-08-04 09:52:24.482]	[   37]	=============================================================
[2016-08-04 09:52:24.482]	[   37]	=============================================================
[2016-08-04 09:52:24.483]	[   37]	SFTPOperations.OnFindFirst ENTER 
[2016-08-04 09:52:24.483]	[   37]	              [in][sender]=SBSftpServer.TElSFTPServer
[2016-08-04 09:52:24.483]	[   37]	              [in][path]=\\TestSession_c199d7a3-06d6-43a2-ac0b-e0dc04da0315/
[2016-08-04 09:52:24.483]	[   37]	              [in][data]=
[2016-08-04 09:52:24.483]	[   37]	              [in][info]=SBSftpCommon.TElSftpFileInfo
[2016-08-04 09:52:24.483]	[   37]	              [in][errorCode]=0
[2016-08-04 09:52:24.483]	[   37]	              [in][comment]=
[2016-08-04 09:52:24.483]	[   37]	              [out][data]=
[2016-08-04 09:52:24.483]	[   37]	              [out][errorCode]=0
[2016-08-04 09:52:24.483]	[   37]	              [out][comment]=
[2016-08-04 09:52:24.483]	[   37]	SFTPOperations.OnFindFirst EXIT
[2016-08-04 09:52:24.483]	[   37]	=============================================================
[2016-08-04 09:52:24.483]	[   37]	=============================================================
[2016-08-04 09:52:24.483]	[   37]	SFTPOperations.OnFindNext ENTER 
[2016-08-04 09:52:24.483]	[   37]	              [in][sender]=SBSftpServer.TElSFTPServer
[2016-08-04 09:52:24.483]	[   37]	              [in][data]=
[2016-08-04 09:52:24.483]	[   37]	              [in][info]=SBSftpCommon.TElSftpFileInfo
[2016-08-04 09:52:24.483]	[   37]	              [in][errorCode]=0
[2016-08-04 09:52:24.483]	[   37]	              [in][comment]=
[2016-08-04 09:52:24.483]	[   37]	              [out][errorCode]=0
[2016-08-04 09:52:24.483]	[   37]	              [out][comment]=
[2016-08-04 09:52:24.483]	[   37]	SFTPOperations.OnFindNext EXIT
[2016-08-04 09:52:24.483]	[   37]	=============================================================
[2016-08-04 09:52:24.483]	[   37]	=============================================================
[2016-08-04 09:52:24.483]	[   37]	SFTPOperations.OnFindNext ENTER 
[2016-08-04 09:52:24.484]	[   37]	              [in][sender]=SBSftpServer.TElSFTPServer
[2016-08-04 09:52:24.484]	[   37]	              [in][data]=
[2016-08-04 09:52:24.484]	[   37]	              [in][info]=SBSftpCommon.TElSftpFileInfo
[2016-08-04 09:52:24.484]	[   37]	              [in][errorCode]=0
[2016-08-04 09:52:24.484]	[   37]	              [in][comment]=
[2016-08-04 09:52:24.484]	[   37]	              [out][errorCode]=0
[2016-08-04 09:52:24.484]	[   37]	              [out][comment]=
[2016-08-04 09:52:24.484]	[   37]	SFTPOperations.OnFindNext EXIT
[2016-08-04 09:52:24.484]	[   37]	=============================================================
[2016-08-04 09:52:24.484]	[   37]	=============================================================
[2016-08-04 09:52:24.484]	[   37]	SFTPOperations.OnFindClose ENTER 
[2016-08-04 09:52:24.484]	[   37]	              [in][sender]=SBSftpServer.TElSFTPServer
[2016-08-04 09:52:24.484]	[   37]	              [in][searchRec]=
[2016-08-04 09:52:24.484]	[   37]	              [in][errorCode]=1
[2016-08-04 09:52:24.484]	[   37]	              [in][comment]=
[2016-08-04 09:52:24.484]	[   37]	              [out][errorCode]=1
[2016-08-04 09:52:24.484]	[   37]	              [out][comment]=
[2016-08-04 09:52:24.484]	[   37]	SFTPOperations.OnFindClose EXIT
[2016-08-04 09:52:24.484]	[   37]	=============================================================
[2016-08-04 09:52:24.485]	[   37]	=============================================================
[2016-08-04 09:52:24.485]	[   37]	SFTPOperations.OnRemove ENTER 
[2016-08-04 09:52:24.485]	[   37]	              [in][sender]=SBSftpServer.TElSFTPServer
[2016-08-04 09:52:24.485]	[   37]	              [in][path]=\\TestSession_c199d7a3-06d6-43a2-ac0b-e0dc04da0315/
[2016-08-04 09:52:24.485]	[   37]	              [in][errorCode]=0
[2016-08-04 09:52:24.485]	[   37]	              [in][comment]=
[2016-08-04 09:52:24.485]	[   37]	              [out][errorCode]=0
[2016-08-04 09:52:24.485]	[   37]	              [out][comment]=
[2016-08-04 09:52:24.485]	[   37]	SFTPOperations.OnRemove EXIT
[2016-08-04 09:52:24.485]	[   37]	=============================================================
[2016-08-04 09:52:24.485]	[   25]	Stopping socket listener
[2016-08-04 09:52:24.485]	[   25]	Socket listener stopped
[2016-08-04 09:52:24.485]	[   30]	Socket receive operation failed: An established connection was aborted by the software in your host machine
[2016-08-04 09:52:24.485]	[   30]	Closing the socket
[2016-08-04 09:52:24.485]	[   30]	ServerListener.OnSessionClosed()</StdOut>
      </Output>
    </UnitTestResult>
    <UnitTestResult executionId="ee163312-d6aa-4b88-b87b-3c2871139832" testId="939303fb-87c4-c61f-244e-3bb393d01621" testName="UploadFile_FileExistOnServer_Append_Success" computerName="ICSWS068" duration="00:00:00.4318625" startTime="2016-08-04T09:52:24.4996717+02:00" endTime="2016-08-04T09:52:24.9336130+02:00" testType="13cdc9d9-ddb5-4fa4-a97d-d965ccfc6d4b" outcome="Passed" testListId="8c84fa94-04c1-424b-9868-57a2d4851a1d" relativeResultsDirectory="ee163312-d6aa-4b88-b87b-3c2871139832">
      <Output>
        <StdOut>Debug Trace:
[2016-08-04 09:52:24.504]	[   38]	Starting SSH server listener...
[2016-08-04 09:52:24.504]	[   38]	SSH server listener started.
[2016-08-04 09:52:24.555]	[   13]	ServerListener.Listen : New connection available
[2016-08-04 09:52:24.555]	[   13]	Connection accepted. Active connections 1 from 20
[2016-08-04 09:52:24.651]	[   30]	Subsystem sftp opened
[2016-08-04 09:52:24.652]	[   30]	SFTP server started
[2016-08-04 09:52:24.653]	[   39]	=============================================================
[2016-08-04 09:52:24.653]	[   39]	SFTPOperations.OnOpen ENTER (3)
[2016-08-04 09:52:24.653]	[   39]	              [in][sender]=SBSftpServer.TElSFTPServer
[2016-08-04 09:52:24.653]	[   39]	SFTP connection established
[2016-08-04 09:52:24.653]	[   39]	SFTPOperations.OnOpen EXIT
[2016-08-04 09:52:24.653]	[   39]	=============================================================
[2016-08-04 09:52:24.653]	[   39]	=============================================================
[2016-08-04 09:52:24.653]	[   39]	SFTPOperations.OnRequestAbsolutePath ENTER 
[2016-08-04 09:52:24.653]	[   39]	              [in][sender]=SBSftpServer.TElSFTPServer
[2016-08-04 09:52:24.653]	[   39]	              [in][path]=.
[2016-08-04 09:52:24.653]	[   39]	              [in][absolutePath]=
[2016-08-04 09:52:24.653]	[   39]	              [in][control]=rcNoCheck
[2016-08-04 09:52:24.653]	[   39]	              [in][composePath]=SBStringList.TElStringList
[2016-08-04 09:52:24.653]	[   39]	              [in][errorCode]=0
[2016-08-04 09:52:24.653]	[   39]	              [in][comment]=
[2016-08-04 09:52:24.653]	[   39]	              [out][absolutePath]=
[2016-08-04 09:52:24.653]	[   39]	              [out][errorCode]=0
[2016-08-04 09:52:24.653]	[   39]	              [out][comment]=
[2016-08-04 09:52:24.654]	[   39]	SFTPOperations.OnRequestAbsolutePath EXIT
[2016-08-04 09:52:24.654]	[   39]	=============================================================
[2016-08-04 09:52:24.654]	[   39]	=============================================================
[2016-08-04 09:52:24.654]	[   39]	SFTPOperations.OnCreateDirectory ENTER 
[2016-08-04 09:52:24.654]	[   39]	              [in][sender]=SBSftpServer.TElSFTPServer
[2016-08-04 09:52:24.654]	[   39]	              [in][path]=\\TestSession_c9639ad2-076c-4b8a-98f7-973114746b68
[2016-08-04 09:52:24.654]	[   39]	              [in][attributes]=
[2016-08-04 09:52:24.654]	[   39]	              [in][errorCode]=0
[2016-08-04 09:52:24.654]	[   39]	              [in][comment]=
[2016-08-04 09:52:24.654]	[   39]	              [out][errorCode]=0
[2016-08-04 09:52:24.654]	[   39]	              [out][comment]=
[2016-08-04 09:52:24.654]	[   39]	SFTPOperations.OnCreateDirectory EXIT
[2016-08-04 09:52:24.655]	[   39]	=============================================================
[2016-08-04 09:52:24.655]	[   30]	Socket receive operation failed: An established connection was aborted by the software in your host machine
[2016-08-04 09:52:24.656]	[   30]	Closing the socket
[2016-08-04 09:52:24.656]	[   30]	ServerListener.OnSessionClosed()
[2016-08-04 09:52:24.658]	[   13]	ServerListener.Listen : New connection available
[2016-08-04 09:52:24.660]	[   13]	Connection accepted. Active connections 1 from 20
[2016-08-04 09:52:24.764]	[   19]	Subsystem sftp opened
[2016-08-04 09:52:24.764]	[   19]	SFTP server started
[2016-08-04 09:52:24.765]	[   35]	=============================================================
[2016-08-04 09:52:24.765]	[   35]	SFTPOperations.OnOpen ENTER (1)
[2016-08-04 09:52:24.765]	[   35]	              [in][sender]=SBSftpServer.TElSFTPServer
[2016-08-04 09:52:24.765]	[   35]	SFTP connection established
[2016-08-04 09:52:24.765]	[   35]	SFTPOperations.OnOpen EXIT
[2016-08-04 09:52:24.765]	[   35]	=============================================================
[2016-08-04 09:52:24.765]	[   35]	=============================================================
[2016-08-04 09:52:24.765]	[   35]	SFTPOperations.OnRequestAbsolutePath ENTER 
[2016-08-04 09:52:24.765]	[   35]	              [in][sender]=SBSftpServer.TElSFTPServer
[2016-08-04 09:52:24.765]	[   35]	              [in][path]=.
[2016-08-04 09:52:24.765]	[   35]	              [in][absolutePath]=
[2016-08-04 09:52:24.765]	[   35]	              [in][control]=rcNoCheck
[2016-08-04 09:52:24.765]	[   35]	              [in][composePath]=SBStringList.TElStringList
[2016-08-04 09:52:24.765]	[   35]	              [in][errorCode]=0
[2016-08-04 09:52:24.765]	[   35]	              [in][comment]=
[2016-08-04 09:52:24.765]	[   35]	              [out][absolutePath]=
[2016-08-04 09:52:24.765]	[   35]	              [out][errorCode]=0
[2016-08-04 09:52:24.765]	[   35]	              [out][comment]=
[2016-08-04 09:52:24.765]	[   35]	SFTPOperations.OnRequestAbsolutePath EXIT
[2016-08-04 09:52:24.765]	[   35]	=============================================================
[2016-08-04 09:52:24.766]	[   35]	=============================================================
[2016-08-04 09:52:24.766]	[   35]	SFTPOperations.OnRequestAttributes ENTER 
[2016-08-04 09:52:24.766]	[   35]	              [in][sender]=SBSftpServer.TElSFTPServer
[2016-08-04 09:52:24.766]	[   35]	              [in][path]=\\TestSession_c9639ad2-076c-4b8a-98f7-973114746b68
[2016-08-04 09:52:24.766]	[   35]	              [in][followSymLinks]=True
[2016-08-04 09:52:24.766]	[   35]	              [in][attributes]=SBSftpCommon.TElSftpFileAttributes
[2016-08-04 09:52:24.766]	[   35]	              [in][errorCode]=0
[2016-08-04 09:52:24.766]	[   35]	              [in][comment]=
[2016-08-04 09:52:24.766]	[   35]	              [out][errorCode]=0
[2016-08-04 09:52:24.766]	[   35]	              [out][comment]=
[2016-08-04 09:52:24.766]	[   35]	SFTPOperations.OnRequestAttributes EXIT
[2016-08-04 09:52:24.766]	[   35]	=============================================================
[2016-08-04 09:52:24.766]	[   35]	=============================================================
[2016-08-04 09:52:24.766]	[   35]	SFTPOperations.OnOpenFile ENTER (1)
[2016-08-04 09:52:24.766]	[   35]	              [in][sender]=SBSftpServer.TElSFTPServer
[2016-08-04 09:52:24.766]	[   35]	              [in][path]=\\TestSession_c9639ad2-076c-4b8a-98f7-973114746b68\eae662de-111f-4bb8-950d-ba52a4d518da.txt
[2016-08-04 09:52:24.766]	[   35]	              [in][modes]=26
[2016-08-04 09:52:24.766]	[   35]	              [in][Access]=0
[2016-08-04 09:52:24.766]	[   35]	              [in][desiredAccess]=2
[2016-08-04 09:52:24.766]	[   35]	              [in][attributes]=SBSftpCommon.TElSftpFileAttributes
[2016-08-04 09:52:24.766]	[   35]	              [in][data]=
[2016-08-04 09:52:24.766]	[   35]	              [in][errorCode]=0
[2016-08-04 09:52:24.766]	[   35]	              [in][comment]=
[2016-08-04 09:52:24.767]	[   35]	              [out][data]=
[2016-08-04 09:52:24.767]	[   35]	              [out][errorCode]=0
[2016-08-04 09:52:24.767]	[   35]	              [out][comment]=
[2016-08-04 09:52:24.767]	[   35]	SFTPOperations.OnOpenFile EXIT
[2016-08-04 09:52:24.767]	[   35]	=============================================================
[2016-08-04 09:52:24.767]	[   35]	=============================================================
[2016-08-04 09:52:24.767]	[   35]	SFTPOperations.OnWriteFile ENTER (1)
[2016-08-04 09:52:24.767]	[   35]	              [in][sender]=SBSftpServer.TElSFTPServer
[2016-08-04 09:52:24.767]	[   35]	              [in][data]=System.IO.FileStream
[2016-08-04 09:52:24.767]	[   35]	              [in][offset]=0
[2016-08-04 09:52:24.767]	[   35]	              [in][buffer]=System.Byte[]
[2016-08-04 09:52:24.767]	[   35]	              [in][bufferOffset]=25
[2016-08-04 09:52:24.767]	[   35]	              [in][count]=1
[2016-08-04 09:52:24.767]	[   35]	              [in][errorCode]=0
[2016-08-04 09:52:24.767]	[   35]	              [in][comment]=
[2016-08-04 09:52:24.767]	[   35]	              [out][errorCode]=0
[2016-08-04 09:52:24.767]	[   35]	              [out][comment]=
[2016-08-04 09:52:24.767]	[   35]	SFTPOperations.OnWriteFile EXIT
[2016-08-04 09:52:24.767]	[   35]	=============================================================
[2016-08-04 09:52:24.768]	[   35]	=============================================================
[2016-08-04 09:52:24.768]	[   35]	SFTPOperations.OnCloseHandle ENTER (1)
[2016-08-04 09:52:24.768]	[   35]	              [in][sender]=SBSftpServer.TElSFTPServer
[2016-08-04 09:52:24.768]	[   35]	              [in][data]=System.IO.FileStream
[2016-08-04 09:52:24.768]	[   35]	              [in][errorCode]=0
[2016-08-04 09:52:24.768]	[   35]	              [in][comment]=
[2016-08-04 09:52:24.768]	[   35]	              [out][errorCode]=0
[2016-08-04 09:52:24.768]	[   35]	              [out][comment]=
[2016-08-04 09:52:24.768]	[   35]	SFTPOperations.OnCloseHandle EXIT
[2016-08-04 09:52:24.768]	[   35]	=============================================================
[2016-08-04 09:52:24.768]	[   35]	=============================================================
[2016-08-04 09:52:24.768]	[   35]	SFTPOperations.OnRequestAttributes ENTER 
[2016-08-04 09:52:24.768]	[   35]	              [in][sender]=SBSftpServer.TElSFTPServer
[2016-08-04 09:52:24.768]	[   35]	              [in][path]=\\TestSession_c9639ad2-076c-4b8a-98f7-973114746b68\eae662de-111f-4bb8-950d-ba52a4d518da.txt
[2016-08-04 09:52:24.768]	[   35]	              [in][followSymLinks]=True
[2016-08-04 09:52:24.768]	[   35]	              [in][attributes]=SBSftpCommon.TElSftpFileAttributes
[2016-08-04 09:52:24.768]	[   35]	              [in][errorCode]=0
[2016-08-04 09:52:24.768]	[   35]	              [in][comment]=
[2016-08-04 09:52:24.768]	[   35]	              [out][errorCode]=0
[2016-08-04 09:52:24.768]	[   35]	              [out][comment]=
[2016-08-04 09:52:24.768]	[   35]	SFTPOperations.OnRequestAttributes EXIT
[2016-08-04 09:52:24.769]	[   35]	=============================================================
[2016-08-04 09:52:24.769]	[   35]	=============================================================
[2016-08-04 09:52:24.769]	[   35]	SFTPOperations.OnRequestAttributes ENTER 
[2016-08-04 09:52:24.769]	[   35]	              [in][sender]=SBSftpServer.TElSFTPServer
[2016-08-04 09:52:24.769]	[   35]	              [in][path]=\\TestSession_c9639ad2-076c-4b8a-98f7-973114746b68
[2016-08-04 09:52:24.769]	[   35]	              [in][followSymLinks]=True
[2016-08-04 09:52:24.769]	[   35]	              [in][attributes]=SBSftpCommon.TElSftpFileAttributes
[2016-08-04 09:52:24.769]	[   35]	              [in][errorCode]=0
[2016-08-04 09:52:24.769]	[   35]	              [in][comment]=
[2016-08-04 09:52:24.769]	[   35]	              [out][errorCode]=0
[2016-08-04 09:52:24.769]	[   35]	              [out][comment]=
[2016-08-04 09:52:24.769]	[   35]	SFTPOperations.OnRequestAttributes EXIT
[2016-08-04 09:52:24.769]	[   35]	=============================================================
[2016-08-04 09:52:24.769]	[   35]	=============================================================
[2016-08-04 09:52:24.769]	[   35]	SFTPOperations.OnOpenFile ENTER (2)
[2016-08-04 09:52:24.769]	[   35]	              [in][sender]=SBSftpServer.TElSFTPServer
[2016-08-04 09:52:24.769]	[   35]	              [in][path]=\\TestSession_c9639ad2-076c-4b8a-98f7-973114746b68\eae662de-111f-4bb8-950d-ba52a4d518da.txt
[2016-08-04 09:52:24.769]	[   35]	              [in][modes]=134
[2016-08-04 09:52:24.770]	[   35]	              [in][Access]=0
[2016-08-04 09:52:24.770]	[   35]	              [in][desiredAccess]=6
[2016-08-04 09:52:24.770]	[   35]	              [in][attributes]=SBSftpCommon.TElSftpFileAttributes
[2016-08-04 09:52:24.770]	[   35]	              [in][data]=
[2016-08-04 09:52:24.770]	[   35]	              [in][errorCode]=0
[2016-08-04 09:52:24.770]	[   35]	              [in][comment]=
[2016-08-04 09:52:24.770]	[   35]	              [out][data]=
[2016-08-04 09:52:24.770]	[   35]	              [out][errorCode]=0
[2016-08-04 09:52:24.770]	[   35]	              [out][comment]=
[2016-08-04 09:52:24.770]	[   35]	SFTPOperations.OnOpenFile EXIT
[2016-08-04 09:52:24.770]	[   35]	=============================================================
[2016-08-04 09:52:24.770]	[   35]	=============================================================
[2016-08-04 09:52:24.770]	[   35]	SFTPOperations.OnWriteFile ENTER (2)
[2016-08-04 09:52:24.770]	[   35]	              [in][sender]=SBSftpServer.TElSFTPServer
[2016-08-04 09:52:24.770]	[   35]	              [in][data]=System.IO.FileStream
[2016-08-04 09:52:24.770]	[   35]	              [in][offset]=1
[2016-08-04 09:52:24.770]	[   35]	              [in][buffer]=System.Byte[]
[2016-08-04 09:52:24.770]	[   35]	              [in][bufferOffset]=25
[2016-08-04 09:52:24.770]	[   35]	              [in][count]=1
[2016-08-04 09:52:24.770]	[   35]	              [in][errorCode]=0
[2016-08-04 09:52:24.770]	[   35]	              [in][comment]=
[2016-08-04 09:52:24.770]	[   35]	              [out][errorCode]=0
[2016-08-04 09:52:24.770]	[   35]	              [out][comment]=
[2016-08-04 09:52:24.771]	[   35]	SFTPOperations.OnWriteFile EXIT
[2016-08-04 09:52:24.771]	[   35]	=============================================================
[2016-08-04 09:52:24.771]	[   35]	=============================================================
[2016-08-04 09:52:24.771]	[   35]	SFTPOperations.OnCloseHandle ENTER (2)
[2016-08-04 09:52:24.771]	[   35]	              [in][sender]=SBSftpServer.TElSFTPServer
[2016-08-04 09:52:24.771]	[   35]	              [in][data]=System.IO.FileStream
[2016-08-04 09:52:24.771]	[   35]	              [in][errorCode]=0
[2016-08-04 09:52:24.771]	[   35]	              [in][comment]=
[2016-08-04 09:52:24.771]	[   35]	              [out][errorCode]=0
[2016-08-04 09:52:24.771]	[   35]	              [out][comment]=
[2016-08-04 09:52:24.771]	[   35]	SFTPOperations.OnCloseHandle EXIT
[2016-08-04 09:52:24.771]	[   35]	=============================================================
[2016-08-04 09:52:24.771]	[   35]	=============================================================
[2016-08-04 09:52:24.771]	[   35]	SFTPOperations.OnFindFirst ENTER 
[2016-08-04 09:52:24.771]	[   35]	              [in][sender]=SBSftpServer.TElSFTPServer
[2016-08-04 09:52:24.771]	[   35]	              [in][path]=\\TestSession_c9639ad2-076c-4b8a-98f7-973114746b68
[2016-08-04 09:52:24.771]	[   35]	              [in][data]=
[2016-08-04 09:52:24.771]	[   35]	              [in][info]=SBSftpCommon.TElSftpFileInfo
[2016-08-04 09:52:24.771]	[   35]	              [in][errorCode]=0
[2016-08-04 09:52:24.772]	[   35]	              [in][comment]=
[2016-08-04 09:52:24.772]	[   35]	              [out][data]=
[2016-08-04 09:52:24.772]	[   35]	              [out][errorCode]=0
[2016-08-04 09:52:24.772]	[   35]	              [out][comment]=
[2016-08-04 09:52:24.772]	[   35]	SFTPOperations.OnFindFirst EXIT
[2016-08-04 09:52:24.772]	[   35]	=============================================================
[2016-08-04 09:52:24.772]	[   35]	=============================================================
[2016-08-04 09:52:24.772]	[   35]	SFTPOperations.OnFindNext ENTER 
[2016-08-04 09:52:24.772]	[   35]	              [in][sender]=SBSftpServer.TElSFTPServer
[2016-08-04 09:52:24.772]	[   35]	              [in][data]=
[2016-08-04 09:52:24.772]	[   35]	              [in][info]=SBSftpCommon.TElSftpFileInfo
[2016-08-04 09:52:24.772]	[   35]	              [in][errorCode]=0
[2016-08-04 09:52:24.772]	[   35]	              [in][comment]=
[2016-08-04 09:52:24.772]	[   35]	              [out][errorCode]=0
[2016-08-04 09:52:24.772]	[   35]	              [out][comment]=
[2016-08-04 09:52:24.772]	[   35]	SFTPOperations.OnFindNext EXIT
[2016-08-04 09:52:24.772]	[   35]	=============================================================
[2016-08-04 09:52:24.772]	[   35]	=============================================================
[2016-08-04 09:52:24.772]	[   35]	SFTPOperations.OnFindNext ENTER 
[2016-08-04 09:52:24.772]	[   35]	              [in][sender]=SBSftpServer.TElSFTPServer
[2016-08-04 09:52:24.773]	[   35]	              [in][data]=
[2016-08-04 09:52:24.773]	[   35]	              [in][info]=SBSftpCommon.TElSftpFileInfo
[2016-08-04 09:52:24.773]	[   35]	              [in][errorCode]=0
[2016-08-04 09:52:24.773]	[   35]	              [in][comment]=
[2016-08-04 09:52:24.773]	[   35]	              [out][errorCode]=0
[2016-08-04 09:52:24.773]	[   35]	              [out][comment]=
[2016-08-04 09:52:24.773]	[   35]	SFTPOperations.OnFindNext EXIT
[2016-08-04 09:52:24.773]	[   35]	=============================================================
[2016-08-04 09:52:24.773]	[   35]	=============================================================
[2016-08-04 09:52:24.773]	[   35]	SFTPOperations.OnFindNext ENTER 
[2016-08-04 09:52:24.773]	[   35]	              [in][sender]=SBSftpServer.TElSFTPServer
[2016-08-04 09:52:24.773]	[   35]	              [in][data]=
[2016-08-04 09:52:24.773]	[   35]	              [in][info]=SBSftpCommon.TElSftpFileInfo
[2016-08-04 09:52:24.773]	[   35]	              [in][errorCode]=0
[2016-08-04 09:52:24.773]	[   35]	              [in][comment]=
[2016-08-04 09:52:24.773]	[   35]	              [out][errorCode]=0
[2016-08-04 09:52:24.773]	[   35]	              [out][comment]=
[2016-08-04 09:52:24.773]	[   35]	SFTPOperations.OnFindNext EXIT
[2016-08-04 09:52:24.773]	[   35]	=============================================================
[2016-08-04 09:52:24.773]	[   35]	=============================================================
[2016-08-04 09:52:24.774]	[   35]	SFTPOperations.OnFindClose ENTER 
[2016-08-04 09:52:24.774]	[   35]	              [in][sender]=SBSftpServer.TElSFTPServer
[2016-08-04 09:52:24.774]	[   35]	              [in][searchRec]=
[2016-08-04 09:52:24.774]	[   35]	              [in][errorCode]=1
[2016-08-04 09:52:24.774]	[   35]	              [in][comment]=
[2016-08-04 09:52:24.774]	[   35]	              [out][errorCode]=1
[2016-08-04 09:52:24.774]	[   35]	              [out][comment]=
[2016-08-04 09:52:24.774]	[   35]	SFTPOperations.OnFindClose EXIT
[2016-08-04 09:52:24.774]	[   35]	=============================================================
[2016-08-04 09:52:24.775]	[   19]	Socket receive operation failed: An established connection was aborted by the software in your host machine
[2016-08-04 09:52:24.775]	[   19]	Closing the socket
[2016-08-04 09:52:24.775]	[   19]	ServerListener.OnSessionClosed()
[2016-08-04 09:52:24.811]	[   13]	ServerListener.Listen : New connection available
[2016-08-04 09:52:24.811]	[   13]	Connection accepted. Active connections 1 from 20
[2016-08-04 09:52:24.904]	[   33]	Subsystem sftp opened
[2016-08-04 09:52:24.905]	[   33]	SFTP server started
[2016-08-04 09:52:24.905]	[   25]	=============================================================
[2016-08-04 09:52:24.905]	[   25]	SFTPOperations.OnOpen ENTER (2)
[2016-08-04 09:52:24.905]	[   25]	              [in][sender]=SBSftpServer.TElSFTPServer
[2016-08-04 09:52:24.905]	[   25]	SFTP connection established
[2016-08-04 09:52:24.905]	[   25]	SFTPOperations.OnOpen EXIT
[2016-08-04 09:52:24.905]	[   25]	=============================================================
[2016-08-04 09:52:24.905]	[   25]	=============================================================
[2016-08-04 09:52:24.905]	[   25]	SFTPOperations.OnRequestAbsolutePath ENTER 
[2016-08-04 09:52:24.905]	[   25]	              [in][sender]=SBSftpServer.TElSFTPServer
[2016-08-04 09:52:24.905]	[   25]	              [in][path]=.
[2016-08-04 09:52:24.905]	[   25]	              [in][absolutePath]=
[2016-08-04 09:52:24.905]	[   25]	              [in][control]=rcNoCheck
[2016-08-04 09:52:24.905]	[   25]	              [in][composePath]=SBStringList.TElStringList
[2016-08-04 09:52:24.905]	[   25]	              [in][errorCode]=0
[2016-08-04 09:52:24.905]	[   25]	              [in][comment]=
[2016-08-04 09:52:24.905]	[   25]	              [out][absolutePath]=
[2016-08-04 09:52:24.905]	[   25]	              [out][errorCode]=0
[2016-08-04 09:52:24.905]	[   25]	              [out][comment]=
[2016-08-04 09:52:24.905]	[   25]	SFTPOperations.OnRequestAbsolutePath EXIT
[2016-08-04 09:52:24.905]	[   25]	=============================================================
[2016-08-04 09:52:24.906]	[   25]	=============================================================
[2016-08-04 09:52:24.906]	[   25]	SFTPOperations.OnFindFirst ENTER 
[2016-08-04 09:52:24.906]	[   25]	              [in][sender]=SBSftpServer.TElSFTPServer
[2016-08-04 09:52:24.906]	[   25]	              [in][path]=\\TestSession_c9639ad2-076c-4b8a-98f7-973114746b68/
[2016-08-04 09:52:24.906]	[   25]	              [in][data]=
[2016-08-04 09:52:24.906]	[   25]	              [in][info]=SBSftpCommon.TElSftpFileInfo
[2016-08-04 09:52:24.906]	[   25]	              [in][errorCode]=0
[2016-08-04 09:52:24.906]	[   25]	              [in][comment]=
[2016-08-04 09:52:24.906]	[   25]	              [out][data]=
[2016-08-04 09:52:24.906]	[   25]	              [out][errorCode]=0
[2016-08-04 09:52:24.906]	[   25]	              [out][comment]=
[2016-08-04 09:52:24.906]	[   25]	SFTPOperations.OnFindFirst EXIT
[2016-08-04 09:52:24.906]	[   25]	=============================================================
[2016-08-04 09:52:24.906]	[   25]	=============================================================
[2016-08-04 09:52:24.906]	[   25]	SFTPOperations.OnFindNext ENTER 
[2016-08-04 09:52:24.906]	[   25]	              [in][sender]=SBSftpServer.TElSFTPServer
[2016-08-04 09:52:24.906]	[   25]	              [in][data]=
[2016-08-04 09:52:24.906]	[   25]	              [in][info]=SBSftpCommon.TElSftpFileInfo
[2016-08-04 09:52:24.907]	[   25]	              [in][errorCode]=0
[2016-08-04 09:52:24.907]	[   25]	              [in][comment]=
[2016-08-04 09:52:24.907]	[   25]	              [out][errorCode]=0
[2016-08-04 09:52:24.907]	[   25]	              [out][comment]=
[2016-08-04 09:52:24.907]	[   25]	SFTPOperations.OnFindNext EXIT
[2016-08-04 09:52:24.907]	[   25]	=============================================================
[2016-08-04 09:52:24.907]	[   25]	=============================================================
[2016-08-04 09:52:24.907]	[   25]	SFTPOperations.OnFindNext ENTER 
[2016-08-04 09:52:24.907]	[   25]	              [in][sender]=SBSftpServer.TElSFTPServer
[2016-08-04 09:52:24.907]	[   25]	              [in][data]=
[2016-08-04 09:52:24.907]	[   25]	              [in][info]=SBSftpCommon.TElSftpFileInfo
[2016-08-04 09:52:24.907]	[   25]	              [in][errorCode]=0
[2016-08-04 09:52:24.907]	[   25]	              [in][comment]=
[2016-08-04 09:52:24.907]	[   25]	              [out][errorCode]=0
[2016-08-04 09:52:24.907]	[   25]	              [out][comment]=
[2016-08-04 09:52:24.907]	[   25]	SFTPOperations.OnFindNext EXIT
[2016-08-04 09:52:24.907]	[   25]	=============================================================
[2016-08-04 09:52:24.907]	[   25]	=============================================================
[2016-08-04 09:52:24.907]	[   25]	SFTPOperations.OnFindNext ENTER 
[2016-08-04 09:52:24.907]	[   25]	              [in][sender]=SBSftpServer.TElSFTPServer
[2016-08-04 09:52:24.907]	[   25]	              [in][data]=
[2016-08-04 09:52:24.907]	[   25]	              [in][info]=SBSftpCommon.TElSftpFileInfo
[2016-08-04 09:52:24.908]	[   25]	              [in][errorCode]=0
[2016-08-04 09:52:24.908]	[   25]	              [in][comment]=
[2016-08-04 09:52:24.908]	[   25]	              [out][errorCode]=0
[2016-08-04 09:52:24.908]	[   25]	              [out][comment]=
[2016-08-04 09:52:24.908]	[   25]	SFTPOperations.OnFindNext EXIT
[2016-08-04 09:52:24.908]	[   25]	=============================================================
[2016-08-04 09:52:24.908]	[   25]	=============================================================
[2016-08-04 09:52:24.908]	[   25]	SFTPOperations.OnFindClose ENTER 
[2016-08-04 09:52:24.908]	[   25]	              [in][sender]=SBSftpServer.TElSFTPServer
[2016-08-04 09:52:24.909]	[   25]	              [in][searchRec]=
[2016-08-04 09:52:24.909]	[   25]	              [in][errorCode]=1
[2016-08-04 09:52:24.909]	[   25]	              [in][comment]=
[2016-08-04 09:52:24.909]	[   25]	              [out][errorCode]=1
[2016-08-04 09:52:24.909]	[   25]	              [out][comment]=
[2016-08-04 09:52:24.909]	[   25]	SFTPOperations.OnFindClose EXIT
[2016-08-04 09:52:24.909]	[   25]	=============================================================
[2016-08-04 09:52:24.909]	[   25]	=============================================================
[2016-08-04 09:52:24.909]	[   25]	SFTPOperations.OnRemove ENTER 
[2016-08-04 09:52:24.909]	[   25]	              [in][sender]=SBSftpServer.TElSFTPServer
[2016-08-04 09:52:24.909]	[   25]	              [in][path]=\\TestSession_c9639ad2-076c-4b8a-98f7-973114746b68/eae662de-111f-4bb8-950d-ba52a4d518da.txt
[2016-08-04 09:52:24.909]	[   25]	              [in][errorCode]=0
[2016-08-04 09:52:24.909]	[   25]	              [in][comment]=
[2016-08-04 09:52:24.909]	[   25]	              [out][errorCode]=0
[2016-08-04 09:52:24.909]	[   25]	              [out][comment]=
[2016-08-04 09:52:24.909]	[   25]	SFTPOperations.OnRemove EXIT
[2016-08-04 09:52:24.909]	[   25]	=============================================================
[2016-08-04 09:52:24.910]	[   25]	=============================================================
[2016-08-04 09:52:24.910]	[   25]	SFTPOperations.OnFindFirst ENTER 
[2016-08-04 09:52:24.910]	[   25]	              [in][sender]=SBSftpServer.TElSFTPServer
[2016-08-04 09:52:24.910]	[   25]	              [in][path]=\\TestSession_c9639ad2-076c-4b8a-98f7-973114746b68/
[2016-08-04 09:52:24.910]	[   25]	              [in][data]=
[2016-08-04 09:52:24.910]	[   25]	              [in][info]=SBSftpCommon.TElSftpFileInfo
[2016-08-04 09:52:24.910]	[   25]	              [in][errorCode]=0
[2016-08-04 09:52:24.910]	[   25]	              [in][comment]=
[2016-08-04 09:52:24.910]	[   25]	              [out][data]=
[2016-08-04 09:52:24.910]	[   25]	              [out][errorCode]=0
[2016-08-04 09:52:24.910]	[   25]	              [out][comment]=
[2016-08-04 09:52:24.910]	[   25]	SFTPOperations.OnFindFirst EXIT
[2016-08-04 09:52:24.910]	[   25]	=============================================================
[2016-08-04 09:52:24.910]	[   25]	=============================================================
[2016-08-04 09:52:24.910]	[   25]	SFTPOperations.OnFindNext ENTER 
[2016-08-04 09:52:24.911]	[   25]	              [in][sender]=SBSftpServer.TElSFTPServer
[2016-08-04 09:52:24.911]	[   25]	              [in][data]=
[2016-08-04 09:52:24.911]	[   25]	              [in][info]=SBSftpCommon.TElSftpFileInfo
[2016-08-04 09:52:24.911]	[   25]	              [in][errorCode]=0
[2016-08-04 09:52:24.911]	[   25]	              [in][comment]=
[2016-08-04 09:52:24.911]	[   25]	              [out][errorCode]=0
[2016-08-04 09:52:24.911]	[   25]	              [out][comment]=
[2016-08-04 09:52:24.911]	[   25]	SFTPOperations.OnFindNext EXIT
[2016-08-04 09:52:24.911]	[   25]	=============================================================
[2016-08-04 09:52:24.911]	[   25]	=============================================================
[2016-08-04 09:52:24.911]	[   25]	SFTPOperations.OnFindNext ENTER 
[2016-08-04 09:52:24.911]	[   25]	              [in][sender]=SBSftpServer.TElSFTPServer
[2016-08-04 09:52:24.911]	[   25]	              [in][data]=
[2016-08-04 09:52:24.911]	[   25]	              [in][info]=SBSftpCommon.TElSftpFileInfo
[2016-08-04 09:52:24.911]	[   25]	              [in][errorCode]=0
[2016-08-04 09:52:24.911]	[   25]	              [in][comment]=
[2016-08-04 09:52:24.911]	[   25]	              [out][errorCode]=0
[2016-08-04 09:52:24.911]	[   25]	              [out][comment]=
[2016-08-04 09:52:24.911]	[   25]	SFTPOperations.OnFindNext EXIT
[2016-08-04 09:52:24.911]	[   25]	=============================================================
[2016-08-04 09:52:24.911]	[   25]	=============================================================
[2016-08-04 09:52:24.911]	[   25]	SFTPOperations.OnFindClose ENTER 
[2016-08-04 09:52:24.912]	[   25]	              [in][sender]=SBSftpServer.TElSFTPServer
[2016-08-04 09:52:24.912]	[   25]	              [in][searchRec]=
[2016-08-04 09:52:24.912]	[   25]	              [in][errorCode]=1
[2016-08-04 09:52:24.912]	[   25]	              [in][comment]=
[2016-08-04 09:52:24.912]	[   25]	              [out][errorCode]=1
[2016-08-04 09:52:24.912]	[   25]	              [out][comment]=
[2016-08-04 09:52:24.912]	[   25]	SFTPOperations.OnFindClose EXIT
[2016-08-04 09:52:24.912]	[   25]	=============================================================
[2016-08-04 09:52:24.912]	[   25]	=============================================================
[2016-08-04 09:52:24.912]	[   25]	SFTPOperations.OnRemove ENTER 
[2016-08-04 09:52:24.912]	[   25]	              [in][sender]=SBSftpServer.TElSFTPServer
[2016-08-04 09:52:24.912]	[   25]	              [in][path]=\\TestSession_c9639ad2-076c-4b8a-98f7-973114746b68/
[2016-08-04 09:52:24.912]	[   25]	              [in][errorCode]=0
[2016-08-04 09:52:24.912]	[   25]	              [in][comment]=
[2016-08-04 09:52:24.912]	[   25]	              [out][errorCode]=0
[2016-08-04 09:52:24.912]	[   25]	              [out][comment]=
[2016-08-04 09:52:24.912]	[   25]	SFTPOperations.OnRemove EXIT
[2016-08-04 09:52:24.912]	[   25]	=============================================================
[2016-08-04 09:52:24.913]	[   38]	Stopping socket listener
[2016-08-04 09:52:24.913]	[   38]	Socket listener stopped
[2016-08-04 09:52:24.913]	[   33]	Socket receive operation failed: An established connection was aborted by the software in your host machine
[2016-08-04 09:52:24.913]	[   33]	Closing the socket
[2016-08-04 09:52:24.913]	[   33]	ServerListener.OnSessionClosed()</StdOut>
      </Output>
    </UnitTestResult>
    <UnitTestResult executionId="c0a290c3-2bec-429a-9131-ad4768fd5041" testId="ea254220-860e-fe8d-bd90-42cc6c5f8d77" testName="UploadFile_FileExistOnServer_Overwrite_Success" computerName="ICSWS068" duration="00:00:00.4335833" startTime="2016-08-04T09:52:24.9371153+02:00" endTime="2016-08-04T09:52:25.3723780+02:00" testType="13cdc9d9-ddb5-4fa4-a97d-d965ccfc6d4b" outcome="Passed" testListId="8c84fa94-04c1-424b-9868-57a2d4851a1d" relativeResultsDirectory="c0a290c3-2bec-429a-9131-ad4768fd5041">
      <Output>
        <StdOut>Debug Trace:
[2016-08-04 09:52:24.940]	[   24]	Starting SSH server listener...
[2016-08-04 09:52:24.941]	[   24]	SSH server listener started.
[2016-08-04 09:52:24.992]	[   31]	ServerListener.Listen : New connection available
[2016-08-04 09:52:24.992]	[   31]	Connection accepted. Active connections 1 from 20
[2016-08-04 09:52:25.099]	[   27]	Subsystem sftp opened
[2016-08-04 09:52:25.099]	[   27]	SFTP server started
[2016-08-04 09:52:25.100]	[    9]	=============================================================
[2016-08-04 09:52:25.100]	[    9]	SFTPOperations.OnOpen ENTER (3)
[2016-08-04 09:52:25.100]	[    9]	              [in][sender]=SBSftpServer.TElSFTPServer
[2016-08-04 09:52:25.100]	[    9]	SFTP connection established
[2016-08-04 09:52:25.100]	[    9]	SFTPOperations.OnOpen EXIT
[2016-08-04 09:52:25.100]	[    9]	=============================================================
[2016-08-04 09:52:25.100]	[    9]	=============================================================
[2016-08-04 09:52:25.100]	[    9]	SFTPOperations.OnRequestAbsolutePath ENTER 
[2016-08-04 09:52:25.100]	[    9]	              [in][sender]=SBSftpServer.TElSFTPServer
[2016-08-04 09:52:25.100]	[    9]	              [in][path]=.
[2016-08-04 09:52:25.100]	[    9]	              [in][absolutePath]=
[2016-08-04 09:52:25.100]	[    9]	              [in][control]=rcNoCheck
[2016-08-04 09:52:25.100]	[    9]	              [in][composePath]=SBStringList.TElStringList
[2016-08-04 09:52:25.100]	[    9]	              [in][errorCode]=0
[2016-08-04 09:52:25.100]	[    9]	              [in][comment]=
[2016-08-04 09:52:25.100]	[    9]	              [out][absolutePath]=
[2016-08-04 09:52:25.100]	[    9]	              [out][errorCode]=0
[2016-08-04 09:52:25.100]	[    9]	              [out][comment]=
[2016-08-04 09:52:25.100]	[    9]	SFTPOperations.OnRequestAbsolutePath EXIT
[2016-08-04 09:52:25.100]	[    9]	=============================================================
[2016-08-04 09:52:25.101]	[    9]	=============================================================
[2016-08-04 09:52:25.101]	[    9]	SFTPOperations.OnCreateDirectory ENTER 
[2016-08-04 09:52:25.101]	[    9]	              [in][sender]=SBSftpServer.TElSFTPServer
[2016-08-04 09:52:25.101]	[    9]	              [in][path]=\\TestSession_eb6c6f91-cc19-42b3-8842-7932b9af2430
[2016-08-04 09:52:25.101]	[    9]	              [in][attributes]=
[2016-08-04 09:52:25.101]	[    9]	              [in][errorCode]=0
[2016-08-04 09:52:25.101]	[    9]	              [in][comment]=
[2016-08-04 09:52:25.101]	[    9]	              [out][errorCode]=0
[2016-08-04 09:52:25.101]	[    9]	              [out][comment]=
[2016-08-04 09:52:25.101]	[    9]	SFTPOperations.OnCreateDirectory EXIT
[2016-08-04 09:52:25.101]	[    9]	=============================================================
[2016-08-04 09:52:25.101]	[   27]	Socket receive operation failed: An established connection was aborted by the software in your host machine
[2016-08-04 09:52:25.101]	[   27]	Closing the socket
[2016-08-04 09:52:25.102]	[   27]	ServerListener.OnSessionClosed()
[2016-08-04 09:52:25.143]	[   31]	ServerListener.Listen : New connection available
[2016-08-04 09:52:25.144]	[   31]	Connection accepted. Active connections 1 from 20
[2016-08-04 09:52:25.233]	[   42]	Subsystem sftp opened
[2016-08-04 09:52:25.234]	[   42]	SFTP server started
[2016-08-04 09:52:25.234]	[   44]	=============================================================
[2016-08-04 09:52:25.234]	[   44]	SFTPOperations.OnOpen ENTER (1)
[2016-08-04 09:52:25.234]	[   44]	              [in][sender]=SBSftpServer.TElSFTPServer
[2016-08-04 09:52:25.234]	[   44]	SFTP connection established
[2016-08-04 09:52:25.234]	[   44]	SFTPOperations.OnOpen EXIT
[2016-08-04 09:52:25.234]	[   44]	=============================================================
[2016-08-04 09:52:25.234]	[   44]	=============================================================
[2016-08-04 09:52:25.234]	[   44]	SFTPOperations.OnRequestAbsolutePath ENTER 
[2016-08-04 09:52:25.234]	[   44]	              [in][sender]=SBSftpServer.TElSFTPServer
[2016-08-04 09:52:25.234]	[   44]	              [in][path]=.
[2016-08-04 09:52:25.234]	[   44]	              [in][absolutePath]=
[2016-08-04 09:52:25.234]	[   44]	              [in][control]=rcNoCheck
[2016-08-04 09:52:25.234]	[   44]	              [in][composePath]=SBStringList.TElStringList
[2016-08-04 09:52:25.234]	[   44]	              [in][errorCode]=0
[2016-08-04 09:52:25.234]	[   44]	              [in][comment]=
[2016-08-04 09:52:25.234]	[   44]	              [out][absolutePath]=
[2016-08-04 09:52:25.234]	[   44]	              [out][errorCode]=0
[2016-08-04 09:52:25.234]	[   44]	              [out][comment]=
[2016-08-04 09:52:25.234]	[   44]	SFTPOperations.OnRequestAbsolutePath EXIT
[2016-08-04 09:52:25.234]	[   44]	=============================================================
[2016-08-04 09:52:25.235]	[   44]	=============================================================
[2016-08-04 09:52:25.235]	[   44]	SFTPOperations.OnRequestAttributes ENTER 
[2016-08-04 09:52:25.235]	[   44]	              [in][sender]=SBSftpServer.TElSFTPServer
[2016-08-04 09:52:25.235]	[   44]	              [in][path]=\\TestSession_eb6c6f91-cc19-42b3-8842-7932b9af2430
[2016-08-04 09:52:25.235]	[   44]	              [in][followSymLinks]=True
[2016-08-04 09:52:25.235]	[   44]	              [in][attributes]=SBSftpCommon.TElSftpFileAttributes
[2016-08-04 09:52:25.235]	[   44]	              [in][errorCode]=0
[2016-08-04 09:52:25.235]	[   44]	              [in][comment]=
[2016-08-04 09:52:25.235]	[   44]	              [out][errorCode]=0
[2016-08-04 09:52:25.235]	[   44]	              [out][comment]=
[2016-08-04 09:52:25.235]	[   44]	SFTPOperations.OnRequestAttributes EXIT
[2016-08-04 09:52:25.235]	[   44]	=============================================================
[2016-08-04 09:52:25.235]	[   44]	=============================================================
[2016-08-04 09:52:25.235]	[   44]	SFTPOperations.OnOpenFile ENTER (1)
[2016-08-04 09:52:25.235]	[   44]	              [in][sender]=SBSftpServer.TElSFTPServer
[2016-08-04 09:52:25.235]	[   44]	              [in][path]=\\TestSession_eb6c6f91-cc19-42b3-8842-7932b9af2430\c5abb0f5-3d64-496a-9edd-e6dc6412c6b5.txt
[2016-08-04 09:52:25.235]	[   44]	              [in][modes]=26
[2016-08-04 09:52:25.235]	[   44]	              [in][Access]=0
[2016-08-04 09:52:25.235]	[   44]	              [in][desiredAccess]=2
[2016-08-04 09:52:25.235]	[   44]	              [in][attributes]=SBSftpCommon.TElSftpFileAttributes
[2016-08-04 09:52:25.235]	[   44]	              [in][data]=
[2016-08-04 09:52:25.235]	[   44]	              [in][errorCode]=0
[2016-08-04 09:52:25.235]	[   44]	              [in][comment]=
[2016-08-04 09:52:25.236]	[   44]	              [out][data]=
[2016-08-04 09:52:25.236]	[   44]	              [out][errorCode]=0
[2016-08-04 09:52:25.236]	[   44]	              [out][comment]=
[2016-08-04 09:52:25.236]	[   44]	SFTPOperations.OnOpenFile EXIT
[2016-08-04 09:52:25.236]	[   44]	=============================================================
[2016-08-04 09:52:25.236]	[   44]	=============================================================
[2016-08-04 09:52:25.236]	[   44]	SFTPOperations.OnWriteFile ENTER (1)
[2016-08-04 09:52:25.236]	[   44]	              [in][sender]=SBSftpServer.TElSFTPServer
[2016-08-04 09:52:25.236]	[   44]	              [in][data]=System.IO.FileStream
[2016-08-04 09:52:25.236]	[   44]	              [in][offset]=0
[2016-08-04 09:52:25.236]	[   44]	              [in][buffer]=System.Byte[]
[2016-08-04 09:52:25.236]	[   44]	              [in][bufferOffset]=25
[2016-08-04 09:52:25.236]	[   44]	              [in][count]=1
[2016-08-04 09:52:25.236]	[   44]	              [in][errorCode]=0
[2016-08-04 09:52:25.236]	[   44]	              [in][comment]=
[2016-08-04 09:52:25.236]	[   44]	              [out][errorCode]=0
[2016-08-04 09:52:25.236]	[   44]	              [out][comment]=
[2016-08-04 09:52:25.236]	[   44]	SFTPOperations.OnWriteFile EXIT
[2016-08-04 09:52:25.236]	[   44]	=============================================================
[2016-08-04 09:52:25.237]	[   44]	=============================================================
[2016-08-04 09:52:25.237]	[   44]	SFTPOperations.OnCloseHandle ENTER (1)
[2016-08-04 09:52:25.237]	[   44]	              [in][sender]=SBSftpServer.TElSFTPServer
[2016-08-04 09:52:25.237]	[   44]	              [in][data]=System.IO.FileStream
[2016-08-04 09:52:25.237]	[   44]	              [in][errorCode]=0
[2016-08-04 09:52:25.237]	[   44]	              [in][comment]=
[2016-08-04 09:52:25.237]	[   44]	              [out][errorCode]=0
[2016-08-04 09:52:25.237]	[   44]	              [out][comment]=
[2016-08-04 09:52:25.237]	[   44]	SFTPOperations.OnCloseHandle EXIT
[2016-08-04 09:52:25.237]	[   44]	=============================================================
[2016-08-04 09:52:25.237]	[   44]	=============================================================
[2016-08-04 09:52:25.237]	[   44]	SFTPOperations.OnRequestAttributes ENTER 
[2016-08-04 09:52:25.237]	[   44]	              [in][sender]=SBSftpServer.TElSFTPServer
[2016-08-04 09:52:25.237]	[   44]	              [in][path]=\\TestSession_eb6c6f91-cc19-42b3-8842-7932b9af2430
[2016-08-04 09:52:25.237]	[   44]	              [in][followSymLinks]=True
[2016-08-04 09:52:25.237]	[   44]	              [in][attributes]=SBSftpCommon.TElSftpFileAttributes
[2016-08-04 09:52:25.237]	[   44]	              [in][errorCode]=0
[2016-08-04 09:52:25.237]	[   44]	              [in][comment]=
[2016-08-04 09:52:25.237]	[   44]	              [out][errorCode]=0
[2016-08-04 09:52:25.237]	[   44]	              [out][comment]=
[2016-08-04 09:52:25.237]	[   44]	SFTPOperations.OnRequestAttributes EXIT
[2016-08-04 09:52:25.237]	[   44]	=============================================================
[2016-08-04 09:52:25.238]	[   44]	=============================================================
[2016-08-04 09:52:25.238]	[   44]	SFTPOperations.OnOpenFile ENTER (2)
[2016-08-04 09:52:25.238]	[   44]	              [in][sender]=SBSftpServer.TElSFTPServer
[2016-08-04 09:52:25.238]	[   44]	              [in][path]=\\TestSession_eb6c6f91-cc19-42b3-8842-7932b9af2430\c5abb0f5-3d64-496a-9edd-e6dc6412c6b5.txt
[2016-08-04 09:52:25.238]	[   44]	              [in][modes]=26
[2016-08-04 09:52:25.238]	[   44]	              [in][Access]=0
[2016-08-04 09:52:25.238]	[   44]	              [in][desiredAccess]=2
[2016-08-04 09:52:25.238]	[   44]	              [in][attributes]=SBSftpCommon.TElSftpFileAttributes
[2016-08-04 09:52:25.238]	[   44]	              [in][data]=
[2016-08-04 09:52:25.238]	[   44]	              [in][errorCode]=0
[2016-08-04 09:52:25.238]	[   44]	              [in][comment]=
[2016-08-04 09:52:25.238]	[   44]	              [out][data]=
[2016-08-04 09:52:25.238]	[   44]	              [out][errorCode]=0
[2016-08-04 09:52:25.238]	[   44]	              [out][comment]=
[2016-08-04 09:52:25.238]	[   44]	SFTPOperations.OnOpenFile EXIT
[2016-08-04 09:52:25.238]	[   44]	=============================================================
[2016-08-04 09:52:25.238]	[   44]	=============================================================
[2016-08-04 09:52:25.238]	[   44]	SFTPOperations.OnWriteFile ENTER (2)
[2016-08-04 09:52:25.238]	[   44]	              [in][sender]=SBSftpServer.TElSFTPServer
[2016-08-04 09:52:25.238]	[   44]	              [in][data]=System.IO.FileStream
[2016-08-04 09:52:25.239]	[   44]	              [in][offset]=0
[2016-08-04 09:52:25.239]	[   44]	              [in][buffer]=System.Byte[]
[2016-08-04 09:52:25.239]	[   44]	              [in][bufferOffset]=25
[2016-08-04 09:52:25.239]	[   44]	              [in][count]=1
[2016-08-04 09:52:25.239]	[   44]	              [in][errorCode]=0
[2016-08-04 09:52:25.239]	[   44]	              [in][comment]=
[2016-08-04 09:52:25.239]	[   44]	              [out][errorCode]=0
[2016-08-04 09:52:25.239]	[   44]	              [out][comment]=
[2016-08-04 09:52:25.239]	[   44]	SFTPOperations.OnWriteFile EXIT
[2016-08-04 09:52:25.239]	[   44]	=============================================================
[2016-08-04 09:52:25.239]	[   44]	=============================================================
[2016-08-04 09:52:25.239]	[   44]	SFTPOperations.OnCloseHandle ENTER (2)
[2016-08-04 09:52:25.239]	[   44]	              [in][sender]=SBSftpServer.TElSFTPServer
[2016-08-04 09:52:25.239]	[   44]	              [in][data]=System.IO.FileStream
[2016-08-04 09:52:25.239]	[   44]	              [in][errorCode]=0
[2016-08-04 09:52:25.239]	[   44]	              [in][comment]=
[2016-08-04 09:52:25.239]	[   44]	              [out][errorCode]=0
[2016-08-04 09:52:25.239]	[   44]	              [out][comment]=
[2016-08-04 09:52:25.239]	[   44]	SFTPOperations.OnCloseHandle EXIT
[2016-08-04 09:52:25.239]	[   44]	=============================================================
[2016-08-04 09:52:25.239]	[   44]	=============================================================
[2016-08-04 09:52:25.240]	[   44]	SFTPOperations.OnFindFirst ENTER 
[2016-08-04 09:52:25.240]	[   44]	              [in][sender]=SBSftpServer.TElSFTPServer
[2016-08-04 09:52:25.240]	[   44]	              [in][path]=\\TestSession_eb6c6f91-cc19-42b3-8842-7932b9af2430
[2016-08-04 09:52:25.240]	[   44]	              [in][data]=
[2016-08-04 09:52:25.240]	[   44]	              [in][info]=SBSftpCommon.TElSftpFileInfo
[2016-08-04 09:52:25.240]	[   44]	              [in][errorCode]=0
[2016-08-04 09:52:25.240]	[   44]	              [in][comment]=
[2016-08-04 09:52:25.240]	[   44]	              [out][data]=
[2016-08-04 09:52:25.240]	[   44]	              [out][errorCode]=0
[2016-08-04 09:52:25.240]	[   44]	              [out][comment]=
[2016-08-04 09:52:25.240]	[   44]	SFTPOperations.OnFindFirst EXIT
[2016-08-04 09:52:25.240]	[   44]	=============================================================
[2016-08-04 09:52:25.240]	[   44]	=============================================================
[2016-08-04 09:52:25.240]	[   44]	SFTPOperations.OnFindNext ENTER 
[2016-08-04 09:52:25.240]	[   44]	              [in][sender]=SBSftpServer.TElSFTPServer
[2016-08-04 09:52:25.240]	[   44]	              [in][data]=
[2016-08-04 09:52:25.240]	[   44]	              [in][info]=SBSftpCommon.TElSftpFileInfo
[2016-08-04 09:52:25.240]	[   44]	              [in][errorCode]=0
[2016-08-04 09:52:25.240]	[   44]	              [in][comment]=
[2016-08-04 09:52:25.240]	[   44]	              [out][errorCode]=0
[2016-08-04 09:52:25.240]	[   44]	              [out][comment]=
[2016-08-04 09:52:25.240]	[   44]	SFTPOperations.OnFindNext EXIT
[2016-08-04 09:52:25.240]	[   44]	=============================================================
[2016-08-04 09:52:25.240]	[   44]	=============================================================
[2016-08-04 09:52:25.241]	[   44]	SFTPOperations.OnFindNext ENTER 
[2016-08-04 09:52:25.241]	[   44]	              [in][sender]=SBSftpServer.TElSFTPServer
[2016-08-04 09:52:25.241]	[   44]	              [in][data]=
[2016-08-04 09:52:25.241]	[   44]	              [in][info]=SBSftpCommon.TElSftpFileInfo
[2016-08-04 09:52:25.241]	[   44]	              [in][errorCode]=0
[2016-08-04 09:52:25.241]	[   44]	              [in][comment]=
[2016-08-04 09:52:25.241]	[   44]	              [out][errorCode]=0
[2016-08-04 09:52:25.241]	[   44]	              [out][comment]=
[2016-08-04 09:52:25.241]	[   44]	SFTPOperations.OnFindNext EXIT
[2016-08-04 09:52:25.241]	[   44]	=============================================================
[2016-08-04 09:52:25.241]	[   44]	=============================================================
[2016-08-04 09:52:25.241]	[   44]	SFTPOperations.OnFindNext ENTER 
[2016-08-04 09:52:25.241]	[   44]	              [in][sender]=SBSftpServer.TElSFTPServer
[2016-08-04 09:52:25.241]	[   44]	              [in][data]=
[2016-08-04 09:52:25.241]	[   44]	              [in][info]=SBSftpCommon.TElSftpFileInfo
[2016-08-04 09:52:25.241]	[   44]	              [in][errorCode]=0
[2016-08-04 09:52:25.241]	[   44]	              [in][comment]=
[2016-08-04 09:52:25.241]	[   44]	              [out][errorCode]=0
[2016-08-04 09:52:25.241]	[   44]	              [out][comment]=
[2016-08-04 09:52:25.241]	[   44]	SFTPOperations.OnFindNext EXIT
[2016-08-04 09:52:25.241]	[   44]	=============================================================
[2016-08-04 09:52:25.242]	[   44]	=============================================================
[2016-08-04 09:52:25.242]	[   44]	SFTPOperations.OnFindClose ENTER 
[2016-08-04 09:52:25.242]	[   44]	              [in][sender]=SBSftpServer.TElSFTPServer
[2016-08-04 09:52:25.242]	[   44]	              [in][searchRec]=
[2016-08-04 09:52:25.242]	[   44]	              [in][errorCode]=1
[2016-08-04 09:52:25.242]	[   44]	              [in][comment]=
[2016-08-04 09:52:25.242]	[   44]	              [out][errorCode]=1
[2016-08-04 09:52:25.242]	[   44]	              [out][comment]=
[2016-08-04 09:52:25.242]	[   44]	SFTPOperations.OnFindClose EXIT
[2016-08-04 09:52:25.242]	[   44]	=============================================================
[2016-08-04 09:52:25.243]	[   42]	Socket receive operation failed: An established connection was aborted by the software in your host machine
[2016-08-04 09:52:25.243]	[   42]	Closing the socket
[2016-08-04 09:52:25.243]	[   42]	ServerListener.OnSessionClosed()
[2016-08-04 09:52:25.244]	[   31]	ServerListener.Listen : New connection available
[2016-08-04 09:52:25.245]	[   31]	Connection accepted. Active connections 1 from 20
[2016-08-04 09:52:25.340]	[   45]	Subsystem sftp opened
[2016-08-04 09:52:25.341]	[   45]	SFTP server started
[2016-08-04 09:52:25.345]	[   46]	=============================================================
[2016-08-04 09:52:25.345]	[   46]	SFTPOperations.OnOpen ENTER (2)
[2016-08-04 09:52:25.345]	[   46]	              [in][sender]=SBSftpServer.TElSFTPServer
[2016-08-04 09:52:25.345]	[   46]	SFTP connection established
[2016-08-04 09:52:25.345]	[   46]	SFTPOperations.OnOpen EXIT
[2016-08-04 09:52:25.345]	[   46]	=============================================================
[2016-08-04 09:52:25.345]	[   46]	=============================================================
[2016-08-04 09:52:25.345]	[   46]	SFTPOperations.OnRequestAbsolutePath ENTER 
[2016-08-04 09:52:25.345]	[   46]	              [in][sender]=SBSftpServer.TElSFTPServer
[2016-08-04 09:52:25.345]	[   46]	              [in][path]=.
[2016-08-04 09:52:25.345]	[   46]	              [in][absolutePath]=
[2016-08-04 09:52:25.345]	[   46]	              [in][control]=rcNoCheck
[2016-08-04 09:52:25.345]	[   46]	              [in][composePath]=SBStringList.TElStringList
[2016-08-04 09:52:25.345]	[   46]	              [in][errorCode]=0
[2016-08-04 09:52:25.345]	[   46]	              [in][comment]=
[2016-08-04 09:52:25.345]	[   46]	              [out][absolutePath]=
[2016-08-04 09:52:25.345]	[   46]	              [out][errorCode]=0
[2016-08-04 09:52:25.345]	[   46]	              [out][comment]=
[2016-08-04 09:52:25.345]	[   46]	SFTPOperations.OnRequestAbsolutePath EXIT
[2016-08-04 09:52:25.345]	[   46]	=============================================================
[2016-08-04 09:52:25.346]	[   46]	=============================================================
[2016-08-04 09:52:25.346]	[   46]	SFTPOperations.OnFindFirst ENTER 
[2016-08-04 09:52:25.346]	[   46]	              [in][sender]=SBSftpServer.TElSFTPServer
[2016-08-04 09:52:25.346]	[   46]	              [in][path]=\\TestSession_eb6c6f91-cc19-42b3-8842-7932b9af2430/
[2016-08-04 09:52:25.346]	[   46]	              [in][data]=
[2016-08-04 09:52:25.346]	[   46]	              [in][info]=SBSftpCommon.TElSftpFileInfo
[2016-08-04 09:52:25.346]	[   46]	              [in][errorCode]=0
[2016-08-04 09:52:25.346]	[   46]	              [in][comment]=
[2016-08-04 09:52:25.346]	[   46]	              [out][data]=
[2016-08-04 09:52:25.346]	[   46]	              [out][errorCode]=0
[2016-08-04 09:52:25.346]	[   46]	              [out][comment]=
[2016-08-04 09:52:25.346]	[   46]	SFTPOperations.OnFindFirst EXIT
[2016-08-04 09:52:25.346]	[   46]	=============================================================
[2016-08-04 09:52:25.346]	[   46]	=============================================================
[2016-08-04 09:52:25.346]	[   46]	SFTPOperations.OnFindNext ENTER 
[2016-08-04 09:52:25.346]	[   46]	              [in][sender]=SBSftpServer.TElSFTPServer
[2016-08-04 09:52:25.346]	[   46]	              [in][data]=
[2016-08-04 09:52:25.346]	[   46]	              [in][info]=SBSftpCommon.TElSftpFileInfo
[2016-08-04 09:52:25.346]	[   46]	              [in][errorCode]=0
[2016-08-04 09:52:25.346]	[   46]	              [in][comment]=
[2016-08-04 09:52:25.347]	[   46]	              [out][errorCode]=0
[2016-08-04 09:52:25.347]	[   46]	              [out][comment]=
[2016-08-04 09:52:25.347]	[   46]	SFTPOperations.OnFindNext EXIT
[2016-08-04 09:52:25.347]	[   46]	=============================================================
[2016-08-04 09:52:25.347]	[   46]	=============================================================
[2016-08-04 09:52:25.347]	[   46]	SFTPOperations.OnFindNext ENTER 
[2016-08-04 09:52:25.347]	[   46]	              [in][sender]=SBSftpServer.TElSFTPServer
[2016-08-04 09:52:25.347]	[   46]	              [in][data]=
[2016-08-04 09:52:25.347]	[   46]	              [in][info]=SBSftpCommon.TElSftpFileInfo
[2016-08-04 09:52:25.347]	[   46]	              [in][errorCode]=0
[2016-08-04 09:52:25.347]	[   46]	              [in][comment]=
[2016-08-04 09:52:25.347]	[   46]	              [out][errorCode]=0
[2016-08-04 09:52:25.347]	[   46]	              [out][comment]=
[2016-08-04 09:52:25.347]	[   46]	SFTPOperations.OnFindNext EXIT
[2016-08-04 09:52:25.347]	[   46]	=============================================================
[2016-08-04 09:52:25.347]	[   46]	=============================================================
[2016-08-04 09:52:25.347]	[   46]	SFTPOperations.OnFindNext ENTER 
[2016-08-04 09:52:25.347]	[   46]	              [in][sender]=SBSftpServer.TElSFTPServer
[2016-08-04 09:52:25.347]	[   46]	              [in][data]=
[2016-08-04 09:52:25.347]	[   46]	              [in][info]=SBSftpCommon.TElSftpFileInfo
[2016-08-04 09:52:25.347]	[   46]	              [in][errorCode]=0
[2016-08-04 09:52:25.347]	[   46]	              [in][comment]=
[2016-08-04 09:52:25.347]	[   46]	              [out][errorCode]=0
[2016-08-04 09:52:25.347]	[   46]	              [out][comment]=
[2016-08-04 09:52:25.347]	[   46]	SFTPOperations.OnFindNext EXIT
[2016-08-04 09:52:25.347]	[   46]	=============================================================
[2016-08-04 09:52:25.348]	[   46]	=============================================================
[2016-08-04 09:52:25.348]	[   46]	SFTPOperations.OnFindClose ENTER 
[2016-08-04 09:52:25.348]	[   46]	              [in][sender]=SBSftpServer.TElSFTPServer
[2016-08-04 09:52:25.348]	[   46]	              [in][searchRec]=
[2016-08-04 09:52:25.348]	[   46]	              [in][errorCode]=1
[2016-08-04 09:52:25.348]	[   46]	              [in][comment]=
[2016-08-04 09:52:25.348]	[   46]	              [out][errorCode]=1
[2016-08-04 09:52:25.348]	[   46]	              [out][comment]=
[2016-08-04 09:52:25.348]	[   46]	SFTPOperations.OnFindClose EXIT
[2016-08-04 09:52:25.348]	[   46]	=============================================================
[2016-08-04 09:52:25.348]	[   46]	=============================================================
[2016-08-04 09:52:25.348]	[   46]	SFTPOperations.OnRemove ENTER 
[2016-08-04 09:52:25.348]	[   46]	              [in][sender]=SBSftpServer.TElSFTPServer
[2016-08-04 09:52:25.348]	[   46]	              [in][path]=\\TestSession_eb6c6f91-cc19-42b3-8842-7932b9af2430/c5abb0f5-3d64-496a-9edd-e6dc6412c6b5.txt
[2016-08-04 09:52:25.348]	[   46]	              [in][errorCode]=0
[2016-08-04 09:52:25.348]	[   46]	              [in][comment]=
[2016-08-04 09:52:25.348]	[   46]	              [out][errorCode]=0
[2016-08-04 09:52:25.348]	[   46]	              [out][comment]=
[2016-08-04 09:52:25.348]	[   46]	SFTPOperations.OnRemove EXIT
[2016-08-04 09:52:25.348]	[   46]	=============================================================
[2016-08-04 09:52:25.349]	[   46]	=============================================================
[2016-08-04 09:52:25.349]	[   46]	SFTPOperations.OnFindFirst ENTER 
[2016-08-04 09:52:25.349]	[   46]	              [in][sender]=SBSftpServer.TElSFTPServer
[2016-08-04 09:52:25.349]	[   46]	              [in][path]=\\TestSession_eb6c6f91-cc19-42b3-8842-7932b9af2430/
[2016-08-04 09:52:25.349]	[   46]	              [in][data]=
[2016-08-04 09:52:25.349]	[   46]	              [in][info]=SBSftpCommon.TElSftpFileInfo
[2016-08-04 09:52:25.349]	[   46]	              [in][errorCode]=0
[2016-08-04 09:52:25.349]	[   46]	              [in][comment]=
[2016-08-04 09:52:25.349]	[   46]	              [out][data]=
[2016-08-04 09:52:25.349]	[   46]	              [out][errorCode]=0
[2016-08-04 09:52:25.349]	[   46]	              [out][comment]=
[2016-08-04 09:52:25.349]	[   46]	SFTPOperations.OnFindFirst EXIT
[2016-08-04 09:52:25.349]	[   46]	=============================================================
[2016-08-04 09:52:25.349]	[   46]	=============================================================
[2016-08-04 09:52:25.349]	[   46]	SFTPOperations.OnFindNext ENTER 
[2016-08-04 09:52:25.349]	[   46]	              [in][sender]=SBSftpServer.TElSFTPServer
[2016-08-04 09:52:25.349]	[   46]	              [in][data]=
[2016-08-04 09:52:25.349]	[   46]	              [in][info]=SBSftpCommon.TElSftpFileInfo
[2016-08-04 09:52:25.349]	[   46]	              [in][errorCode]=0
[2016-08-04 09:52:25.349]	[   46]	              [in][comment]=
[2016-08-04 09:52:25.350]	[   46]	              [out][errorCode]=0
[2016-08-04 09:52:25.350]	[   46]	              [out][comment]=
[2016-08-04 09:52:25.350]	[   46]	SFTPOperations.OnFindNext EXIT
[2016-08-04 09:52:25.350]	[   46]	=============================================================
[2016-08-04 09:52:25.350]	[   46]	=============================================================
[2016-08-04 09:52:25.350]	[   46]	SFTPOperations.OnFindNext ENTER 
[2016-08-04 09:52:25.350]	[   46]	              [in][sender]=SBSftpServer.TElSFTPServer
[2016-08-04 09:52:25.350]	[   46]	              [in][data]=
[2016-08-04 09:52:25.350]	[   46]	              [in][info]=SBSftpCommon.TElSftpFileInfo
[2016-08-04 09:52:25.350]	[   46]	              [in][errorCode]=0
[2016-08-04 09:52:25.350]	[   46]	              [in][comment]=
[2016-08-04 09:52:25.350]	[   46]	              [out][errorCode]=0
[2016-08-04 09:52:25.350]	[   46]	              [out][comment]=
[2016-08-04 09:52:25.350]	[   46]	SFTPOperations.OnFindNext EXIT
[2016-08-04 09:52:25.350]	[   46]	=============================================================
[2016-08-04 09:52:25.351]	[   46]	=============================================================
[2016-08-04 09:52:25.351]	[   46]	SFTPOperations.OnFindClose ENTER 
[2016-08-04 09:52:25.351]	[   46]	              [in][sender]=SBSftpServer.TElSFTPServer
[2016-08-04 09:52:25.351]	[   46]	              [in][searchRec]=
[2016-08-04 09:52:25.351]	[   46]	              [in][errorCode]=1
[2016-08-04 09:52:25.351]	[   46]	              [in][comment]=
[2016-08-04 09:52:25.351]	[   46]	              [out][errorCode]=1
[2016-08-04 09:52:25.351]	[   46]	              [out][comment]=
[2016-08-04 09:52:25.351]	[   46]	SFTPOperations.OnFindClose EXIT
[2016-08-04 09:52:25.351]	[   46]	=============================================================
[2016-08-04 09:52:25.351]	[   46]	=============================================================
[2016-08-04 09:52:25.351]	[   46]	SFTPOperations.OnRemove ENTER 
[2016-08-04 09:52:25.351]	[   46]	              [in][sender]=SBSftpServer.TElSFTPServer
[2016-08-04 09:52:25.351]	[   46]	              [in][path]=\\TestSession_eb6c6f91-cc19-42b3-8842-7932b9af2430/
[2016-08-04 09:52:25.351]	[   46]	              [in][errorCode]=0
[2016-08-04 09:52:25.351]	[   46]	              [in][comment]=
[2016-08-04 09:52:25.351]	[   46]	              [out][errorCode]=0
[2016-08-04 09:52:25.351]	[   46]	              [out][comment]=
[2016-08-04 09:52:25.351]	[   46]	SFTPOperations.OnRemove EXIT
[2016-08-04 09:52:25.351]	[   46]	=============================================================
[2016-08-04 09:52:25.352]	[   24]	Stopping socket listener
[2016-08-04 09:52:25.352]	[   24]	Socket listener stopped
[2016-08-04 09:52:25.352]	[   45]	Socket receive operation failed: An established connection was aborted by the software in your host machine
[2016-08-04 09:52:25.352]	[   45]	Closing the socket
[2016-08-04 09:52:25.352]	[   45]	ServerListener.OnSessionClosed()</StdOut>
      </Output>
    </UnitTestResult>
    <UnitTestResult executionId="a61bf5a3-3820-417c-8928-65eece162e08" testId="d1e9c229-9e04-7fc4-a926-8847fc132375" testName="UploadFile_FileExistOnServer_Skip_Success" computerName="ICSWS068" duration="00:00:00.4194710" startTime="2016-08-04T09:52:25.3758794+02:00" endTime="2016-08-04T09:52:25.7973171+02:00" testType="13cdc9d9-ddb5-4fa4-a97d-d965ccfc6d4b" outcome="Passed" testListId="8c84fa94-04c1-424b-9868-57a2d4851a1d" relativeResultsDirectory="a61bf5a3-3820-417c-8928-65eece162e08">
      <Output>
        <StdOut>Debug Trace:
[2016-08-04 09:52:25.380]	[   27]	Starting SSH server listener...
[2016-08-04 09:52:25.380]	[   27]	SSH server listener started.
[2016-08-04 09:52:25.430]	[   42]	ServerListener.Listen : New connection available
[2016-08-04 09:52:25.431]	[   42]	Connection accepted. Active connections 1 from 20
[2016-08-04 09:52:25.520]	[   25]	Subsystem sftp opened
[2016-08-04 09:52:25.521]	[   25]	SFTP server started
[2016-08-04 09:52:25.521]	[   33]	=============================================================
[2016-08-04 09:52:25.521]	[   33]	SFTPOperations.OnOpen ENTER (3)
[2016-08-04 09:52:25.521]	[   33]	              [in][sender]=SBSftpServer.TElSFTPServer
[2016-08-04 09:52:25.521]	[   33]	SFTP connection established
[2016-08-04 09:52:25.521]	[   33]	SFTPOperations.OnOpen EXIT
[2016-08-04 09:52:25.521]	[   33]	=============================================================
[2016-08-04 09:52:25.521]	[   33]	=============================================================
[2016-08-04 09:52:25.521]	[   33]	SFTPOperations.OnRequestAbsolutePath ENTER 
[2016-08-04 09:52:25.521]	[   33]	              [in][sender]=SBSftpServer.TElSFTPServer
[2016-08-04 09:52:25.521]	[   33]	              [in][path]=.
[2016-08-04 09:52:25.521]	[   33]	              [in][absolutePath]=
[2016-08-04 09:52:25.521]	[   33]	              [in][control]=rcNoCheck
[2016-08-04 09:52:25.521]	[   33]	              [in][composePath]=SBStringList.TElStringList
[2016-08-04 09:52:25.521]	[   33]	              [in][errorCode]=0
[2016-08-04 09:52:25.521]	[   33]	              [in][comment]=
[2016-08-04 09:52:25.521]	[   33]	              [out][absolutePath]=
[2016-08-04 09:52:25.521]	[   33]	              [out][errorCode]=0
[2016-08-04 09:52:25.521]	[   33]	              [out][comment]=
[2016-08-04 09:52:25.521]	[   33]	SFTPOperations.OnRequestAbsolutePath EXIT
[2016-08-04 09:52:25.521]	[   33]	=============================================================
[2016-08-04 09:52:25.522]	[   33]	=============================================================
[2016-08-04 09:52:25.522]	[   33]	SFTPOperations.OnCreateDirectory ENTER 
[2016-08-04 09:52:25.522]	[   33]	              [in][sender]=SBSftpServer.TElSFTPServer
[2016-08-04 09:52:25.522]	[   33]	              [in][path]=\\TestSession_8e016a11-5fad-449f-be61-03e0b21fba7c
[2016-08-04 09:52:25.522]	[   33]	              [in][attributes]=
[2016-08-04 09:52:25.522]	[   33]	              [in][errorCode]=0
[2016-08-04 09:52:25.522]	[   33]	              [in][comment]=
[2016-08-04 09:52:25.522]	[   33]	              [out][errorCode]=0
[2016-08-04 09:52:25.522]	[   33]	              [out][comment]=
[2016-08-04 09:52:25.522]	[   33]	SFTPOperations.OnCreateDirectory EXIT
[2016-08-04 09:52:25.522]	[   33]	=============================================================
[2016-08-04 09:52:25.522]	[   25]	Socket receive operation failed: An established connection was aborted by the software in your host machine
[2016-08-04 09:52:25.523]	[   25]	Closing the socket
[2016-08-04 09:52:25.523]	[   25]	ServerListener.OnSessionClosed()
[2016-08-04 09:52:25.532]	[   42]	ServerListener.Listen : New connection available
[2016-08-04 09:52:25.532]	[   42]	Connection accepted. Active connections 1 from 20
[2016-08-04 09:52:25.623]	[   35]	Subsystem sftp opened
[2016-08-04 09:52:25.623]	[   35]	SFTP server started
[2016-08-04 09:52:25.624]	[   19]	=============================================================
[2016-08-04 09:52:25.624]	[   19]	SFTPOperations.OnOpen ENTER (1)
[2016-08-04 09:52:25.624]	[   19]	              [in][sender]=SBSftpServer.TElSFTPServer
[2016-08-04 09:52:25.624]	[   19]	SFTP connection established
[2016-08-04 09:52:25.624]	[   19]	SFTPOperations.OnOpen EXIT
[2016-08-04 09:52:25.624]	[   19]	=============================================================
[2016-08-04 09:52:25.624]	[   19]	=============================================================
[2016-08-04 09:52:25.624]	[   19]	SFTPOperations.OnRequestAbsolutePath ENTER 
[2016-08-04 09:52:25.624]	[   19]	              [in][sender]=SBSftpServer.TElSFTPServer
[2016-08-04 09:52:25.624]	[   19]	              [in][path]=.
[2016-08-04 09:52:25.624]	[   19]	              [in][absolutePath]=
[2016-08-04 09:52:25.624]	[   19]	              [in][control]=rcNoCheck
[2016-08-04 09:52:25.624]	[   19]	              [in][composePath]=SBStringList.TElStringList
[2016-08-04 09:52:25.624]	[   19]	              [in][errorCode]=0
[2016-08-04 09:52:25.624]	[   19]	              [in][comment]=
[2016-08-04 09:52:25.624]	[   19]	              [out][absolutePath]=
[2016-08-04 09:52:25.624]	[   19]	              [out][errorCode]=0
[2016-08-04 09:52:25.624]	[   19]	              [out][comment]=
[2016-08-04 09:52:25.624]	[   19]	SFTPOperations.OnRequestAbsolutePath EXIT
[2016-08-04 09:52:25.624]	[   19]	=============================================================
[2016-08-04 09:52:25.624]	[   19]	=============================================================
[2016-08-04 09:52:25.624]	[   19]	SFTPOperations.OnRequestAttributes ENTER 
[2016-08-04 09:52:25.625]	[   19]	              [in][sender]=SBSftpServer.TElSFTPServer
[2016-08-04 09:52:25.625]	[   19]	              [in][path]=\\TestSession_8e016a11-5fad-449f-be61-03e0b21fba7c
[2016-08-04 09:52:25.625]	[   19]	              [in][followSymLinks]=True
[2016-08-04 09:52:25.625]	[   19]	              [in][attributes]=SBSftpCommon.TElSftpFileAttributes
[2016-08-04 09:52:25.625]	[   19]	              [in][errorCode]=0
[2016-08-04 09:52:25.625]	[   19]	              [in][comment]=
[2016-08-04 09:52:25.625]	[   19]	              [out][errorCode]=0
[2016-08-04 09:52:25.625]	[   19]	              [out][comment]=
[2016-08-04 09:52:25.625]	[   19]	SFTPOperations.OnRequestAttributes EXIT
[2016-08-04 09:52:25.625]	[   19]	=============================================================
[2016-08-04 09:52:25.626]	[   19]	=============================================================
[2016-08-04 09:52:25.626]	[   19]	SFTPOperations.OnOpenFile ENTER (1)
[2016-08-04 09:52:25.626]	[   19]	              [in][sender]=SBSftpServer.TElSFTPServer
[2016-08-04 09:52:25.626]	[   19]	              [in][path]=\\TestSession_8e016a11-5fad-449f-be61-03e0b21fba7c\a34d2c13-cdfc-4fd9-bc42-669e5bacd52c.txt
[2016-08-04 09:52:25.626]	[   19]	              [in][modes]=26
[2016-08-04 09:52:25.626]	[   19]	              [in][Access]=0
[2016-08-04 09:52:25.626]	[   19]	              [in][desiredAccess]=2
[2016-08-04 09:52:25.626]	[   19]	              [in][attributes]=SBSftpCommon.TElSftpFileAttributes
[2016-08-04 09:52:25.626]	[   19]	              [in][data]=
[2016-08-04 09:52:25.626]	[   19]	              [in][errorCode]=0
[2016-08-04 09:52:25.626]	[   19]	              [in][comment]=
[2016-08-04 09:52:25.626]	[   19]	              [out][data]=
[2016-08-04 09:52:25.626]	[   19]	              [out][errorCode]=0
[2016-08-04 09:52:25.626]	[   19]	              [out][comment]=
[2016-08-04 09:52:25.626]	[   19]	SFTPOperations.OnOpenFile EXIT
[2016-08-04 09:52:25.626]	[   19]	=============================================================
[2016-08-04 09:52:25.627]	[   19]	=============================================================
[2016-08-04 09:52:25.627]	[   19]	SFTPOperations.OnWriteFile ENTER (1)
[2016-08-04 09:52:25.627]	[   19]	              [in][sender]=SBSftpServer.TElSFTPServer
[2016-08-04 09:52:25.627]	[   19]	              [in][data]=System.IO.FileStream
[2016-08-04 09:52:25.627]	[   19]	              [in][offset]=0
[2016-08-04 09:52:25.627]	[   19]	              [in][buffer]=System.Byte[]
[2016-08-04 09:52:25.627]	[   19]	              [in][bufferOffset]=25
[2016-08-04 09:52:25.627]	[   19]	              [in][count]=1
[2016-08-04 09:52:25.627]	[   19]	              [in][errorCode]=0
[2016-08-04 09:52:25.627]	[   19]	              [in][comment]=
[2016-08-04 09:52:25.627]	[   19]	              [out][errorCode]=0
[2016-08-04 09:52:25.627]	[   19]	              [out][comment]=
[2016-08-04 09:52:25.627]	[   19]	SFTPOperations.OnWriteFile EXIT
[2016-08-04 09:52:25.627]	[   19]	=============================================================
[2016-08-04 09:52:25.628]	[   19]	=============================================================
[2016-08-04 09:52:25.628]	[   19]	SFTPOperations.OnCloseHandle ENTER (1)
[2016-08-04 09:52:25.628]	[   19]	              [in][sender]=SBSftpServer.TElSFTPServer
[2016-08-04 09:52:25.628]	[   19]	              [in][data]=System.IO.FileStream
[2016-08-04 09:52:25.628]	[   19]	              [in][errorCode]=0
[2016-08-04 09:52:25.628]	[   19]	              [in][comment]=
[2016-08-04 09:52:25.628]	[   19]	              [out][errorCode]=0
[2016-08-04 09:52:25.628]	[   19]	              [out][comment]=
[2016-08-04 09:52:25.628]	[   19]	SFTPOperations.OnCloseHandle EXIT
[2016-08-04 09:52:25.628]	[   19]	=============================================================
[2016-08-04 09:52:25.628]	[   19]	=============================================================
[2016-08-04 09:52:25.628]	[   19]	SFTPOperations.OnRequestAttributes ENTER 
[2016-08-04 09:52:25.628]	[   19]	              [in][sender]=SBSftpServer.TElSFTPServer
[2016-08-04 09:52:25.628]	[   19]	              [in][path]=\\TestSession_8e016a11-5fad-449f-be61-03e0b21fba7c\a34d2c13-cdfc-4fd9-bc42-669e5bacd52c.txt
[2016-08-04 09:52:25.628]	[   19]	              [in][followSymLinks]=True
[2016-08-04 09:52:25.628]	[   19]	              [in][attributes]=SBSftpCommon.TElSftpFileAttributes
[2016-08-04 09:52:25.629]	[   19]	              [in][errorCode]=0
[2016-08-04 09:52:25.629]	[   19]	              [in][comment]=
[2016-08-04 09:52:25.629]	[   19]	              [out][errorCode]=0
[2016-08-04 09:52:25.629]	[   19]	              [out][comment]=
[2016-08-04 09:52:25.629]	[   19]	SFTPOperations.OnRequestAttributes EXIT
[2016-08-04 09:52:25.629]	[   19]	=============================================================
[2016-08-04 09:52:25.629]	[   19]	=============================================================
[2016-08-04 09:52:25.629]	[   19]	SFTPOperations.OnFindFirst ENTER 
[2016-08-04 09:52:25.629]	[   19]	              [in][sender]=SBSftpServer.TElSFTPServer
[2016-08-04 09:52:25.629]	[   19]	              [in][path]=\\TestSession_8e016a11-5fad-449f-be61-03e0b21fba7c
[2016-08-04 09:52:25.629]	[   19]	              [in][data]=
[2016-08-04 09:52:25.629]	[   19]	              [in][info]=SBSftpCommon.TElSftpFileInfo
[2016-08-04 09:52:25.629]	[   19]	              [in][errorCode]=0
[2016-08-04 09:52:25.629]	[   19]	              [in][comment]=
[2016-08-04 09:52:25.629]	[   19]	              [out][data]=
[2016-08-04 09:52:25.629]	[   19]	              [out][errorCode]=0
[2016-08-04 09:52:25.629]	[   19]	              [out][comment]=
[2016-08-04 09:52:25.629]	[   19]	SFTPOperations.OnFindFirst EXIT
[2016-08-04 09:52:25.629]	[   19]	=============================================================
[2016-08-04 09:52:25.630]	[   19]	=============================================================
[2016-08-04 09:52:25.630]	[   19]	SFTPOperations.OnFindNext ENTER 
[2016-08-04 09:52:25.630]	[   19]	              [in][sender]=SBSftpServer.TElSFTPServer
[2016-08-04 09:52:25.630]	[   19]	              [in][data]=
[2016-08-04 09:52:25.630]	[   19]	              [in][info]=SBSftpCommon.TElSftpFileInfo
[2016-08-04 09:52:25.630]	[   19]	              [in][errorCode]=0
[2016-08-04 09:52:25.630]	[   19]	              [in][comment]=
[2016-08-04 09:52:25.630]	[   19]	              [out][errorCode]=0
[2016-08-04 09:52:25.630]	[   19]	              [out][comment]=
[2016-08-04 09:52:25.630]	[   19]	SFTPOperations.OnFindNext EXIT
[2016-08-04 09:52:25.630]	[   19]	=============================================================
[2016-08-04 09:52:25.630]	[   19]	=============================================================
[2016-08-04 09:52:25.630]	[   19]	SFTPOperations.OnFindNext ENTER 
[2016-08-04 09:52:25.630]	[   19]	              [in][sender]=SBSftpServer.TElSFTPServer
[2016-08-04 09:52:25.630]	[   19]	              [in][data]=
[2016-08-04 09:52:25.630]	[   19]	              [in][info]=SBSftpCommon.TElSftpFileInfo
[2016-08-04 09:52:25.630]	[   19]	              [in][errorCode]=0
[2016-08-04 09:52:25.630]	[   19]	              [in][comment]=
[2016-08-04 09:52:25.630]	[   19]	              [out][errorCode]=0
[2016-08-04 09:52:25.630]	[   19]	              [out][comment]=
[2016-08-04 09:52:25.630]	[   19]	SFTPOperations.OnFindNext EXIT
[2016-08-04 09:52:25.630]	[   19]	=============================================================
[2016-08-04 09:52:25.630]	[   19]	=============================================================
[2016-08-04 09:52:25.630]	[   19]	SFTPOperations.OnFindNext ENTER 
[2016-08-04 09:52:25.630]	[   19]	              [in][sender]=SBSftpServer.TElSFTPServer
[2016-08-04 09:52:25.630]	[   19]	              [in][data]=
[2016-08-04 09:52:25.630]	[   19]	              [in][info]=SBSftpCommon.TElSftpFileInfo
[2016-08-04 09:52:25.630]	[   19]	              [in][errorCode]=0
[2016-08-04 09:52:25.630]	[   19]	              [in][comment]=
[2016-08-04 09:52:25.631]	[   19]	              [out][errorCode]=0
[2016-08-04 09:52:25.631]	[   19]	              [out][comment]=
[2016-08-04 09:52:25.631]	[   19]	SFTPOperations.OnFindNext EXIT
[2016-08-04 09:52:25.631]	[   19]	=============================================================
[2016-08-04 09:52:25.631]	[   19]	=============================================================
[2016-08-04 09:52:25.631]	[   19]	SFTPOperations.OnFindClose ENTER 
[2016-08-04 09:52:25.631]	[   19]	              [in][sender]=SBSftpServer.TElSFTPServer
[2016-08-04 09:52:25.631]	[   19]	              [in][searchRec]=
[2016-08-04 09:52:25.631]	[   19]	              [in][errorCode]=1
[2016-08-04 09:52:25.631]	[   19]	              [in][comment]=
[2016-08-04 09:52:25.631]	[   19]	              [out][errorCode]=1
[2016-08-04 09:52:25.631]	[   19]	              [out][comment]=
[2016-08-04 09:52:25.631]	[   19]	SFTPOperations.OnFindClose EXIT
[2016-08-04 09:52:25.631]	[   19]	=============================================================
[2016-08-04 09:52:25.632]	[   35]	Socket receive operation failed: An established connection was aborted by the software in your host machine
[2016-08-04 09:52:25.632]	[   35]	Closing the socket
[2016-08-04 09:52:25.632]	[   35]	ServerListener.OnSessionClosed()
[2016-08-04 09:52:25.683]	[   42]	ServerListener.Listen : New connection available
[2016-08-04 09:52:25.683]	[   42]	Connection accepted. Active connections 1 from 20
[2016-08-04 09:52:25.779]	[   39]	Subsystem sftp opened
[2016-08-04 09:52:25.780]	[   39]	SFTP server started
[2016-08-04 09:52:25.780]	[   30]	=============================================================
[2016-08-04 09:52:25.780]	[   30]	SFTPOperations.OnOpen ENTER (2)
[2016-08-04 09:52:25.780]	[   30]	              [in][sender]=SBSftpServer.TElSFTPServer
[2016-08-04 09:52:25.780]	[   30]	SFTP connection established
[2016-08-04 09:52:25.780]	[   30]	SFTPOperations.OnOpen EXIT
[2016-08-04 09:52:25.780]	[   30]	=============================================================
[2016-08-04 09:52:25.780]	[   30]	=============================================================
[2016-08-04 09:52:25.780]	[   30]	SFTPOperations.OnRequestAbsolutePath ENTER 
[2016-08-04 09:52:25.780]	[   30]	              [in][sender]=SBSftpServer.TElSFTPServer
[2016-08-04 09:52:25.780]	[   30]	              [in][path]=.
[2016-08-04 09:52:25.780]	[   30]	              [in][absolutePath]=
[2016-08-04 09:52:25.781]	[   30]	              [in][control]=rcNoCheck
[2016-08-04 09:52:25.781]	[   30]	              [in][composePath]=SBStringList.TElStringList
[2016-08-04 09:52:25.781]	[   30]	              [in][errorCode]=0
[2016-08-04 09:52:25.781]	[   30]	              [in][comment]=
[2016-08-04 09:52:25.781]	[   30]	              [out][absolutePath]=
[2016-08-04 09:52:25.781]	[   30]	              [out][errorCode]=0
[2016-08-04 09:52:25.781]	[   30]	              [out][comment]=
[2016-08-04 09:52:25.781]	[   30]	SFTPOperations.OnRequestAbsolutePath EXIT
[2016-08-04 09:52:25.781]	[   30]	=============================================================
[2016-08-04 09:52:25.781]	[   30]	=============================================================
[2016-08-04 09:52:25.781]	[   30]	SFTPOperations.OnFindFirst ENTER 
[2016-08-04 09:52:25.781]	[   30]	              [in][sender]=SBSftpServer.TElSFTPServer
[2016-08-04 09:52:25.781]	[   30]	              [in][path]=\\TestSession_8e016a11-5fad-449f-be61-03e0b21fba7c/
[2016-08-04 09:52:25.781]	[   30]	              [in][data]=
[2016-08-04 09:52:25.781]	[   30]	              [in][info]=SBSftpCommon.TElSftpFileInfo
[2016-08-04 09:52:25.781]	[   30]	              [in][errorCode]=0
[2016-08-04 09:52:25.781]	[   30]	              [in][comment]=
[2016-08-04 09:52:25.781]	[   30]	              [out][data]=
[2016-08-04 09:52:25.781]	[   30]	              [out][errorCode]=0
[2016-08-04 09:52:25.781]	[   30]	              [out][comment]=
[2016-08-04 09:52:25.781]	[   30]	SFTPOperations.OnFindFirst EXIT
[2016-08-04 09:52:25.781]	[   30]	=============================================================
[2016-08-04 09:52:25.782]	[   30]	=============================================================
[2016-08-04 09:52:25.782]	[   30]	SFTPOperations.OnFindNext ENTER 
[2016-08-04 09:52:25.782]	[   30]	              [in][sender]=SBSftpServer.TElSFTPServer
[2016-08-04 09:52:25.782]	[   30]	              [in][data]=
[2016-08-04 09:52:25.782]	[   30]	              [in][info]=SBSftpCommon.TElSftpFileInfo
[2016-08-04 09:52:25.782]	[   30]	              [in][errorCode]=0
[2016-08-04 09:52:25.782]	[   30]	              [in][comment]=
[2016-08-04 09:52:25.782]	[   30]	              [out][errorCode]=0
[2016-08-04 09:52:25.782]	[   30]	              [out][comment]=
[2016-08-04 09:52:25.782]	[   30]	SFTPOperations.OnFindNext EXIT
[2016-08-04 09:52:25.782]	[   30]	=============================================================
[2016-08-04 09:52:25.782]	[   30]	=============================================================
[2016-08-04 09:52:25.782]	[   30]	SFTPOperations.OnFindNext ENTER 
[2016-08-04 09:52:25.782]	[   30]	              [in][sender]=SBSftpServer.TElSFTPServer
[2016-08-04 09:52:25.782]	[   30]	              [in][data]=
[2016-08-04 09:52:25.782]	[   30]	              [in][info]=SBSftpCommon.TElSftpFileInfo
[2016-08-04 09:52:25.782]	[   30]	              [in][errorCode]=0
[2016-08-04 09:52:25.782]	[   30]	              [in][comment]=
[2016-08-04 09:52:25.782]	[   30]	              [out][errorCode]=0
[2016-08-04 09:52:25.782]	[   30]	              [out][comment]=
[2016-08-04 09:52:25.782]	[   30]	SFTPOperations.OnFindNext EXIT
[2016-08-04 09:52:25.782]	[   30]	=============================================================
[2016-08-04 09:52:25.782]	[   30]	=============================================================
[2016-08-04 09:52:25.782]	[   30]	SFTPOperations.OnFindNext ENTER 
[2016-08-04 09:52:25.782]	[   30]	              [in][sender]=SBSftpServer.TElSFTPServer
[2016-08-04 09:52:25.782]	[   30]	              [in][data]=
[2016-08-04 09:52:25.782]	[   30]	              [in][info]=SBSftpCommon.TElSftpFileInfo
[2016-08-04 09:52:25.782]	[   30]	              [in][errorCode]=0
[2016-08-04 09:52:25.782]	[   30]	              [in][comment]=
[2016-08-04 09:52:25.782]	[   30]	              [out][errorCode]=0
[2016-08-04 09:52:25.782]	[   30]	              [out][comment]=
[2016-08-04 09:52:25.782]	[   30]	SFTPOperations.OnFindNext EXIT
[2016-08-04 09:52:25.782]	[   30]	=============================================================
[2016-08-04 09:52:25.783]	[   30]	=============================================================
[2016-08-04 09:52:25.783]	[   30]	SFTPOperations.OnFindClose ENTER 
[2016-08-04 09:52:25.783]	[   30]	              [in][sender]=SBSftpServer.TElSFTPServer
[2016-08-04 09:52:25.783]	[   30]	              [in][searchRec]=
[2016-08-04 09:52:25.783]	[   30]	              [in][errorCode]=1
[2016-08-04 09:52:25.783]	[   30]	              [in][comment]=
[2016-08-04 09:52:25.783]	[   30]	              [out][errorCode]=1
[2016-08-04 09:52:25.783]	[   30]	              [out][comment]=
[2016-08-04 09:52:25.783]	[   30]	SFTPOperations.OnFindClose EXIT
[2016-08-04 09:52:25.783]	[   30]	=============================================================
[2016-08-04 09:52:25.783]	[   30]	=============================================================
[2016-08-04 09:52:25.783]	[   30]	SFTPOperations.OnRemove ENTER 
[2016-08-04 09:52:25.783]	[   30]	              [in][sender]=SBSftpServer.TElSFTPServer
[2016-08-04 09:52:25.783]	[   30]	              [in][path]=\\TestSession_8e016a11-5fad-449f-be61-03e0b21fba7c/a34d2c13-cdfc-4fd9-bc42-669e5bacd52c.txt
[2016-08-04 09:52:25.783]	[   30]	              [in][errorCode]=0
[2016-08-04 09:52:25.784]	[   30]	              [in][comment]=
[2016-08-04 09:52:25.784]	[   30]	              [out][errorCode]=0
[2016-08-04 09:52:25.784]	[   30]	              [out][comment]=
[2016-08-04 09:52:25.784]	[   30]	SFTPOperations.OnRemove EXIT
[2016-08-04 09:52:25.784]	[   30]	=============================================================
[2016-08-04 09:52:25.784]	[   30]	=============================================================
[2016-08-04 09:52:25.784]	[   30]	SFTPOperations.OnFindFirst ENTER 
[2016-08-04 09:52:25.784]	[   30]	              [in][sender]=SBSftpServer.TElSFTPServer
[2016-08-04 09:52:25.784]	[   30]	              [in][path]=\\TestSession_8e016a11-5fad-449f-be61-03e0b21fba7c/
[2016-08-04 09:52:25.784]	[   30]	              [in][data]=
[2016-08-04 09:52:25.784]	[   30]	              [in][info]=SBSftpCommon.TElSftpFileInfo
[2016-08-04 09:52:25.784]	[   30]	              [in][errorCode]=0
[2016-08-04 09:52:25.784]	[   30]	              [in][comment]=
[2016-08-04 09:52:25.784]	[   30]	              [out][data]=
[2016-08-04 09:52:25.784]	[   30]	              [out][errorCode]=0
[2016-08-04 09:52:25.784]	[   30]	              [out][comment]=
[2016-08-04 09:52:25.784]	[   30]	SFTPOperations.OnFindFirst EXIT
[2016-08-04 09:52:25.785]	[   30]	=============================================================
[2016-08-04 09:52:25.785]	[   30]	=============================================================
[2016-08-04 09:52:25.785]	[   30]	SFTPOperations.OnFindNext ENTER 
[2016-08-04 09:52:25.785]	[   30]	              [in][sender]=SBSftpServer.TElSFTPServer
[2016-08-04 09:52:25.785]	[   30]	              [in][data]=
[2016-08-04 09:52:25.785]	[   30]	              [in][info]=SBSftpCommon.TElSftpFileInfo
[2016-08-04 09:52:25.785]	[   30]	              [in][errorCode]=0
[2016-08-04 09:52:25.785]	[   30]	              [in][comment]=
[2016-08-04 09:52:25.785]	[   30]	              [out][errorCode]=0
[2016-08-04 09:52:25.785]	[   30]	              [out][comment]=
[2016-08-04 09:52:25.785]	[   30]	SFTPOperations.OnFindNext EXIT
[2016-08-04 09:52:25.785]	[   30]	=============================================================
[2016-08-04 09:52:25.785]	[   30]	=============================================================
[2016-08-04 09:52:25.785]	[   30]	SFTPOperations.OnFindNext ENTER 
[2016-08-04 09:52:25.785]	[   30]	              [in][sender]=SBSftpServer.TElSFTPServer
[2016-08-04 09:52:25.785]	[   30]	              [in][data]=
[2016-08-04 09:52:25.785]	[   30]	              [in][info]=SBSftpCommon.TElSftpFileInfo
[2016-08-04 09:52:25.785]	[   30]	              [in][errorCode]=0
[2016-08-04 09:52:25.785]	[   30]	              [in][comment]=
[2016-08-04 09:52:25.785]	[   30]	              [out][errorCode]=0
[2016-08-04 09:52:25.785]	[   30]	              [out][comment]=
[2016-08-04 09:52:25.785]	[   30]	SFTPOperations.OnFindNext EXIT
[2016-08-04 09:52:25.785]	[   30]	=============================================================
[2016-08-04 09:52:25.786]	[   30]	=============================================================
[2016-08-04 09:52:25.786]	[   30]	SFTPOperations.OnFindClose ENTER 
[2016-08-04 09:52:25.786]	[   30]	              [in][sender]=SBSftpServer.TElSFTPServer
[2016-08-04 09:52:25.786]	[   30]	              [in][searchRec]=
[2016-08-04 09:52:25.786]	[   30]	              [in][errorCode]=1
[2016-08-04 09:52:25.786]	[   30]	              [in][comment]=
[2016-08-04 09:52:25.786]	[   30]	              [out][errorCode]=1
[2016-08-04 09:52:25.786]	[   30]	              [out][comment]=
[2016-08-04 09:52:25.786]	[   30]	SFTPOperations.OnFindClose EXIT
[2016-08-04 09:52:25.786]	[   30]	=============================================================
[2016-08-04 09:52:25.786]	[   30]	=============================================================
[2016-08-04 09:52:25.786]	[   30]	SFTPOperations.OnRemove ENTER 
[2016-08-04 09:52:25.786]	[   30]	              [in][sender]=SBSftpServer.TElSFTPServer
[2016-08-04 09:52:25.786]	[   30]	              [in][path]=\\TestSession_8e016a11-5fad-449f-be61-03e0b21fba7c/
[2016-08-04 09:52:25.786]	[   30]	              [in][errorCode]=0
[2016-08-04 09:52:25.786]	[   30]	              [in][comment]=
[2016-08-04 09:52:25.786]	[   30]	              [out][errorCode]=0
[2016-08-04 09:52:25.786]	[   30]	              [out][comment]=
[2016-08-04 09:52:25.787]	[   30]	SFTPOperations.OnRemove EXIT
[2016-08-04 09:52:25.787]	[   30]	=============================================================
[2016-08-04 09:52:25.787]	[   27]	Stopping socket listener
[2016-08-04 09:52:25.787]	[   27]	Socket listener stopped
[2016-08-04 09:52:25.787]	[   39]	Socket receive operation failed: An established connection was aborted by the software in your host machine
[2016-08-04 09:52:25.787]	[   39]	Closing the socket
[2016-08-04 09:52:25.787]	[   39]	ServerListener.OnSessionClosed()</StdOut>
      </Output>
    </UnitTestResult>
    <UnitTestResult executionId="60f7e33d-1436-441c-84f6-c7507617780a" testId="a7afbe30-eaf5-159f-c644-e4974453b459" testName="UploadFile_FileExistOnServer_RestartFrom_Success" computerName="ICSWS068" duration="00:00:00.4162134" startTime="2016-08-04T09:52:25.8021079+02:00" endTime="2016-08-04T09:52:26.2194653+02:00" testType="13cdc9d9-ddb5-4fa4-a97d-d965ccfc6d4b" outcome="Passed" testListId="8c84fa94-04c1-424b-9868-57a2d4851a1d" relativeResultsDirectory="60f7e33d-1436-441c-84f6-c7507617780a">
      <Output>
        <StdOut>Debug Trace:
[2016-08-04 09:52:25.807]	[   13]	Starting SSH server listener...
[2016-08-04 09:52:25.807]	[   13]	SSH server listener started.
[2016-08-04 09:52:25.857]	[   38]	ServerListener.Listen : New connection available
[2016-08-04 09:52:25.858]	[   38]	Connection accepted. Active connections 1 from 20
[2016-08-04 09:52:25.947]	[   37]	Subsystem sftp opened
[2016-08-04 09:52:25.947]	[   37]	SFTP server started
[2016-08-04 09:52:25.948]	[   40]	=============================================================
[2016-08-04 09:52:25.948]	[   40]	SFTPOperations.OnOpen ENTER (3)
[2016-08-04 09:52:25.948]	[   40]	              [in][sender]=SBSftpServer.TElSFTPServer
[2016-08-04 09:52:25.948]	[   40]	SFTP connection established
[2016-08-04 09:52:25.948]	[   40]	SFTPOperations.OnOpen EXIT
[2016-08-04 09:52:25.948]	[   40]	=============================================================
[2016-08-04 09:52:25.948]	[   40]	=============================================================
[2016-08-04 09:52:25.948]	[   40]	SFTPOperations.OnRequestAbsolutePath ENTER 
[2016-08-04 09:52:25.948]	[   40]	              [in][sender]=SBSftpServer.TElSFTPServer
[2016-08-04 09:52:25.948]	[   40]	              [in][path]=.
[2016-08-04 09:52:25.948]	[   40]	              [in][absolutePath]=
[2016-08-04 09:52:25.948]	[   40]	              [in][control]=rcNoCheck
[2016-08-04 09:52:25.948]	[   40]	              [in][composePath]=SBStringList.TElStringList
[2016-08-04 09:52:25.948]	[   40]	              [in][errorCode]=0
[2016-08-04 09:52:25.948]	[   40]	              [in][comment]=
[2016-08-04 09:52:25.948]	[   40]	              [out][absolutePath]=
[2016-08-04 09:52:25.948]	[   40]	              [out][errorCode]=0
[2016-08-04 09:52:25.948]	[   40]	              [out][comment]=
[2016-08-04 09:52:25.948]	[   40]	SFTPOperations.OnRequestAbsolutePath EXIT
[2016-08-04 09:52:25.948]	[   40]	=============================================================
[2016-08-04 09:52:25.948]	[   40]	=============================================================
[2016-08-04 09:52:25.948]	[   40]	SFTPOperations.OnCreateDirectory ENTER 
[2016-08-04 09:52:25.948]	[   40]	              [in][sender]=SBSftpServer.TElSFTPServer
[2016-08-04 09:52:25.948]	[   40]	              [in][path]=\\TestSession_9d4476b5-8e06-419e-bd22-51ff3c3e71e3
[2016-08-04 09:52:25.948]	[   40]	              [in][attributes]=
[2016-08-04 09:52:25.948]	[   40]	              [in][errorCode]=0
[2016-08-04 09:52:25.948]	[   40]	              [in][comment]=
[2016-08-04 09:52:25.949]	[   40]	              [out][errorCode]=0
[2016-08-04 09:52:25.949]	[   40]	              [out][comment]=
[2016-08-04 09:52:25.949]	[   40]	SFTPOperations.OnCreateDirectory EXIT
[2016-08-04 09:52:25.949]	[   40]	=============================================================
[2016-08-04 09:52:25.949]	[   37]	Socket receive operation failed: An established connection was aborted by the software in your host machine
[2016-08-04 09:52:25.949]	[   37]	Closing the socket
[2016-08-04 09:52:25.949]	[   37]	ServerListener.OnSessionClosed()
[2016-08-04 09:52:25.958]	[   38]	ServerListener.Listen : New connection available
[2016-08-04 09:52:25.959]	[   38]	Connection accepted. Active connections 1 from 20
[2016-08-04 09:52:26.048]	[   41]	Subsystem sftp opened
[2016-08-04 09:52:26.049]	[   41]	SFTP server started
[2016-08-04 09:52:26.049]	[   34]	=============================================================
[2016-08-04 09:52:26.049]	[   34]	SFTPOperations.OnOpen ENTER (1)
[2016-08-04 09:52:26.049]	[   34]	              [in][sender]=SBSftpServer.TElSFTPServer
[2016-08-04 09:52:26.049]	[   34]	SFTP connection established
[2016-08-04 09:52:26.049]	[   34]	SFTPOperations.OnOpen EXIT
[2016-08-04 09:52:26.049]	[   34]	=============================================================
[2016-08-04 09:52:26.049]	[   34]	=============================================================
[2016-08-04 09:52:26.049]	[   34]	SFTPOperations.OnRequestAbsolutePath ENTER 
[2016-08-04 09:52:26.049]	[   34]	              [in][sender]=SBSftpServer.TElSFTPServer
[2016-08-04 09:52:26.049]	[   34]	              [in][path]=.
[2016-08-04 09:52:26.049]	[   34]	              [in][absolutePath]=
[2016-08-04 09:52:26.049]	[   34]	              [in][control]=rcNoCheck
[2016-08-04 09:52:26.049]	[   34]	              [in][composePath]=SBStringList.TElStringList
[2016-08-04 09:52:26.049]	[   34]	              [in][errorCode]=0
[2016-08-04 09:52:26.049]	[   34]	              [in][comment]=
[2016-08-04 09:52:26.049]	[   34]	              [out][absolutePath]=
[2016-08-04 09:52:26.049]	[   34]	              [out][errorCode]=0
[2016-08-04 09:52:26.049]	[   34]	              [out][comment]=
[2016-08-04 09:52:26.049]	[   34]	SFTPOperations.OnRequestAbsolutePath EXIT
[2016-08-04 09:52:26.050]	[   34]	=============================================================
[2016-08-04 09:52:26.050]	[   34]	=============================================================
[2016-08-04 09:52:26.050]	[   34]	SFTPOperations.OnRequestAttributes ENTER 
[2016-08-04 09:52:26.050]	[   34]	              [in][sender]=SBSftpServer.TElSFTPServer
[2016-08-04 09:52:26.050]	[   34]	              [in][path]=\\TestSession_9d4476b5-8e06-419e-bd22-51ff3c3e71e3\c596486e-e6e7-489b-b58f-8b395fd47f48.txt
[2016-08-04 09:52:26.050]	[   34]	              [in][followSymLinks]=True
[2016-08-04 09:52:26.050]	[   34]	              [in][attributes]=SBSftpCommon.TElSftpFileAttributes
[2016-08-04 09:52:26.050]	[   34]	              [in][errorCode]=0
[2016-08-04 09:52:26.050]	[   34]	              [in][comment]=
[2016-08-04 09:52:26.050]	[   34]	              [out][errorCode]=0
[2016-08-04 09:52:26.050]	[   34]	              [out][comment]=
[2016-08-04 09:52:26.050]	[   34]	SFTPOperations.OnRequestAttributes EXIT
[2016-08-04 09:52:26.050]	[   34]	=============================================================
[2016-08-04 09:52:26.050]	[   34]	=============================================================
[2016-08-04 09:52:26.050]	[   34]	SFTPOperations.OnRequestAttributes ENTER 
[2016-08-04 09:52:26.050]	[   34]	              [in][sender]=SBSftpServer.TElSFTPServer
[2016-08-04 09:52:26.050]	[   34]	              [in][path]=\\TestSession_9d4476b5-8e06-419e-bd22-51ff3c3e71e3
[2016-08-04 09:52:26.050]	[   34]	              [in][followSymLinks]=True
[2016-08-04 09:52:26.050]	[   34]	              [in][attributes]=SBSftpCommon.TElSftpFileAttributes
[2016-08-04 09:52:26.050]	[   34]	              [in][errorCode]=2
[2016-08-04 09:52:26.050]	[   34]	              [in][comment]=No such file
[2016-08-04 09:52:26.050]	[   34]	              [out][errorCode]=2
[2016-08-04 09:52:26.050]	[   34]	              [out][comment]=No such file
[2016-08-04 09:52:26.050]	[   34]	SFTPOperations.OnRequestAttributes EXIT
[2016-08-04 09:52:26.050]	[   34]	=============================================================
[2016-08-04 09:52:26.050]	[   34]	=============================================================
[2016-08-04 09:52:26.050]	[   34]	SFTPOperations.OnOpenFile ENTER (1)
[2016-08-04 09:52:26.050]	[   34]	              [in][sender]=SBSftpServer.TElSFTPServer
[2016-08-04 09:52:26.050]	[   34]	              [in][path]=\\TestSession_9d4476b5-8e06-419e-bd22-51ff3c3e71e3\c596486e-e6e7-489b-b58f-8b395fd47f48.txt
[2016-08-04 09:52:26.050]	[   34]	              [in][modes]=26
[2016-08-04 09:52:26.050]	[   34]	              [in][Access]=0
[2016-08-04 09:52:26.050]	[   34]	              [in][desiredAccess]=2
[2016-08-04 09:52:26.050]	[   34]	              [in][attributes]=SBSftpCommon.TElSftpFileAttributes
[2016-08-04 09:52:26.050]	[   34]	              [in][data]=
[2016-08-04 09:52:26.050]	[   34]	              [in][errorCode]=0
[2016-08-04 09:52:26.050]	[   34]	              [in][comment]=No such file
[2016-08-04 09:52:26.052]	[   34]	              [out][data]=
[2016-08-04 09:52:26.052]	[   34]	              [out][errorCode]=0
[2016-08-04 09:52:26.052]	[   34]	              [out][comment]=No such file
[2016-08-04 09:52:26.052]	[   34]	SFTPOperations.OnOpenFile EXIT
[2016-08-04 09:52:26.052]	[   34]	=============================================================
[2016-08-04 09:52:26.052]	[   34]	=============================================================
[2016-08-04 09:52:26.052]	[   34]	SFTPOperations.OnWriteFile ENTER (1)
[2016-08-04 09:52:26.052]	[   34]	              [in][sender]=SBSftpServer.TElSFTPServer
[2016-08-04 09:52:26.052]	[   34]	              [in][data]=System.IO.FileStream
[2016-08-04 09:52:26.052]	[   34]	              [in][offset]=0
[2016-08-04 09:52:26.052]	[   34]	              [in][buffer]=System.Byte[]
[2016-08-04 09:52:26.052]	[   34]	              [in][bufferOffset]=25
[2016-08-04 09:52:26.052]	[   34]	              [in][count]=1
[2016-08-04 09:52:26.052]	[   34]	              [in][errorCode]=0
[2016-08-04 09:52:26.052]	[   34]	              [in][comment]=No such file
[2016-08-04 09:52:26.052]	[   34]	              [out][errorCode]=0
[2016-08-04 09:52:26.052]	[   34]	              [out][comment]=No such file
[2016-08-04 09:52:26.052]	[   34]	SFTPOperations.OnWriteFile EXIT
[2016-08-04 09:52:26.052]	[   34]	=============================================================
[2016-08-04 09:52:26.052]	[   34]	=============================================================
[2016-08-04 09:52:26.053]	[   34]	SFTPOperations.OnCloseHandle ENTER (1)
[2016-08-04 09:52:26.053]	[   34]	              [in][sender]=SBSftpServer.TElSFTPServer
[2016-08-04 09:52:26.053]	[   34]	              [in][data]=System.IO.FileStream
[2016-08-04 09:52:26.053]	[   34]	              [in][errorCode]=0
[2016-08-04 09:52:26.053]	[   34]	              [in][comment]=No such file
[2016-08-04 09:52:26.053]	[   34]	              [out][errorCode]=0
[2016-08-04 09:52:26.053]	[   34]	              [out][comment]=No such file
[2016-08-04 09:52:26.053]	[   34]	SFTPOperations.OnCloseHandle EXIT
[2016-08-04 09:52:26.053]	[   34]	=============================================================
[2016-08-04 09:52:26.056]	[   34]	=============================================================
[2016-08-04 09:52:26.056]	[   34]	SFTPOperations.OnRequestAttributes ENTER 
[2016-08-04 09:52:26.056]	[   34]	              [in][sender]=SBSftpServer.TElSFTPServer
[2016-08-04 09:52:26.056]	[   34]	              [in][path]=\\TestSession_9d4476b5-8e06-419e-bd22-51ff3c3e71e3\c596486e-e6e7-489b-b58f-8b395fd47f48.txt
[2016-08-04 09:52:26.056]	[   34]	              [in][followSymLinks]=True
[2016-08-04 09:52:26.056]	[   34]	              [in][attributes]=SBSftpCommon.TElSftpFileAttributes
[2016-08-04 09:52:26.056]	[   34]	              [in][errorCode]=0
[2016-08-04 09:52:26.056]	[   34]	              [in][comment]=No such file
[2016-08-04 09:52:26.056]	[   34]	              [out][errorCode]=0
[2016-08-04 09:52:26.056]	[   34]	              [out][comment]=No such file
[2016-08-04 09:52:26.056]	[   34]	SFTPOperations.OnRequestAttributes EXIT
[2016-08-04 09:52:26.056]	[   34]	=============================================================
[2016-08-04 09:52:26.056]	[   34]	=============================================================
[2016-08-04 09:52:26.056]	[   34]	SFTPOperations.OnRequestAttributes ENTER 
[2016-08-04 09:52:26.056]	[   34]	              [in][sender]=SBSftpServer.TElSFTPServer
[2016-08-04 09:52:26.056]	[   34]	              [in][path]=\\TestSession_9d4476b5-8e06-419e-bd22-51ff3c3e71e3
[2016-08-04 09:52:26.056]	[   34]	              [in][followSymLinks]=True
[2016-08-04 09:52:26.056]	[   34]	              [in][attributes]=SBSftpCommon.TElSftpFileAttributes
[2016-08-04 09:52:26.056]	[   34]	              [in][errorCode]=0
[2016-08-04 09:52:26.056]	[   34]	              [in][comment]=No such file
[2016-08-04 09:52:26.057]	[   34]	              [out][errorCode]=0
[2016-08-04 09:52:26.057]	[   34]	              [out][comment]=No such file
[2016-08-04 09:52:26.057]	[   34]	SFTPOperations.OnRequestAttributes EXIT
[2016-08-04 09:52:26.057]	[   34]	=============================================================
[2016-08-04 09:52:26.057]	[   34]	=============================================================
[2016-08-04 09:52:26.057]	[   34]	SFTPOperations.OnOpenFile ENTER (2)
[2016-08-04 09:52:26.057]	[   34]	              [in][sender]=SBSftpServer.TElSFTPServer
[2016-08-04 09:52:26.057]	[   34]	              [in][path]=\\TestSession_9d4476b5-8e06-419e-bd22-51ff3c3e71e3\c596486e-e6e7-489b-b58f-8b395fd47f48.txt
[2016-08-04 09:52:26.057]	[   34]	              [in][modes]=130
[2016-08-04 09:52:26.057]	[   34]	              [in][Access]=0
[2016-08-04 09:52:26.057]	[   34]	              [in][desiredAccess]=2
[2016-08-04 09:52:26.057]	[   34]	              [in][attributes]=SBSftpCommon.TElSftpFileAttributes
[2016-08-04 09:52:26.057]	[   34]	              [in][data]=
[2016-08-04 09:52:26.057]	[   34]	              [in][errorCode]=0
[2016-08-04 09:52:26.057]	[   34]	              [in][comment]=No such file
[2016-08-04 09:52:26.057]	[   34]	              [out][data]=
[2016-08-04 09:52:26.057]	[   34]	              [out][errorCode]=0
[2016-08-04 09:52:26.057]	[   34]	              [out][comment]=No such file
[2016-08-04 09:52:26.057]	[   34]	SFTPOperations.OnOpenFile EXIT
[2016-08-04 09:52:26.057]	[   34]	=============================================================
[2016-08-04 09:52:26.058]	[   34]	=============================================================
[2016-08-04 09:52:26.058]	[   34]	SFTPOperations.OnWriteFile ENTER (2)
[2016-08-04 09:52:26.058]	[   34]	              [in][sender]=SBSftpServer.TElSFTPServer
[2016-08-04 09:52:26.058]	[   34]	              [in][data]=System.IO.FileStream
[2016-08-04 09:52:26.058]	[   34]	              [in][offset]=1
[2016-08-04 09:52:26.058]	[   34]	              [in][buffer]=System.Byte[]
[2016-08-04 09:52:26.058]	[   34]	              [in][bufferOffset]=25
[2016-08-04 09:52:26.058]	[   34]	              [in][count]=2
[2016-08-04 09:52:26.058]	[   34]	              [in][errorCode]=0
[2016-08-04 09:52:26.058]	[   34]	              [in][comment]=No such file
[2016-08-04 09:52:26.058]	[   34]	              [out][errorCode]=0
[2016-08-04 09:52:26.058]	[   34]	              [out][comment]=No such file
[2016-08-04 09:52:26.058]	[   34]	SFTPOperations.OnWriteFile EXIT
[2016-08-04 09:52:26.058]	[   34]	=============================================================
[2016-08-04 09:52:26.058]	[   34]	=============================================================
[2016-08-04 09:52:26.058]	[   34]	SFTPOperations.OnCloseHandle ENTER (2)
[2016-08-04 09:52:26.058]	[   34]	              [in][sender]=SBSftpServer.TElSFTPServer
[2016-08-04 09:52:26.058]	[   34]	              [in][data]=System.IO.FileStream
[2016-08-04 09:52:26.058]	[   34]	              [in][errorCode]=0
[2016-08-04 09:52:26.058]	[   34]	              [in][comment]=No such file
[2016-08-04 09:52:26.059]	[   34]	              [out][errorCode]=0
[2016-08-04 09:52:26.059]	[   34]	              [out][comment]=No such file
[2016-08-04 09:52:26.059]	[   34]	SFTPOperations.OnCloseHandle EXIT
[2016-08-04 09:52:26.059]	[   34]	=============================================================
[2016-08-04 09:52:26.059]	[   34]	=============================================================
[2016-08-04 09:52:26.059]	[   34]	SFTPOperations.OnFindFirst ENTER 
[2016-08-04 09:52:26.059]	[   34]	              [in][sender]=SBSftpServer.TElSFTPServer
[2016-08-04 09:52:26.059]	[   34]	              [in][path]=\\TestSession_9d4476b5-8e06-419e-bd22-51ff3c3e71e3
[2016-08-04 09:52:26.059]	[   34]	              [in][data]=
[2016-08-04 09:52:26.059]	[   34]	              [in][info]=SBSftpCommon.TElSftpFileInfo
[2016-08-04 09:52:26.059]	[   34]	              [in][errorCode]=0
[2016-08-04 09:52:26.059]	[   34]	              [in][comment]=No such file
[2016-08-04 09:52:26.059]	[   34]	              [out][data]=
[2016-08-04 09:52:26.059]	[   34]	              [out][errorCode]=0
[2016-08-04 09:52:26.059]	[   34]	              [out][comment]=No such file
[2016-08-04 09:52:26.059]	[   34]	SFTPOperations.OnFindFirst EXIT
[2016-08-04 09:52:26.059]	[   34]	=============================================================
[2016-08-04 09:52:26.060]	[   34]	=============================================================
[2016-08-04 09:52:26.060]	[   34]	SFTPOperations.OnFindNext ENTER 
[2016-08-04 09:52:26.060]	[   34]	              [in][sender]=SBSftpServer.TElSFTPServer
[2016-08-04 09:52:26.060]	[   34]	              [in][data]=
[2016-08-04 09:52:26.060]	[   34]	              [in][info]=SBSftpCommon.TElSftpFileInfo
[2016-08-04 09:52:26.060]	[   34]	              [in][errorCode]=0
[2016-08-04 09:52:26.060]	[   34]	              [in][comment]=
[2016-08-04 09:52:26.060]	[   34]	              [out][errorCode]=0
[2016-08-04 09:52:26.060]	[   34]	              [out][comment]=
[2016-08-04 09:52:26.060]	[   34]	SFTPOperations.OnFindNext EXIT
[2016-08-04 09:52:26.060]	[   34]	=============================================================
[2016-08-04 09:52:26.060]	[   34]	=============================================================
[2016-08-04 09:52:26.060]	[   34]	SFTPOperations.OnFindNext ENTER 
[2016-08-04 09:52:26.060]	[   34]	              [in][sender]=SBSftpServer.TElSFTPServer
[2016-08-04 09:52:26.060]	[   34]	              [in][data]=
[2016-08-04 09:52:26.060]	[   34]	              [in][info]=SBSftpCommon.TElSftpFileInfo
[2016-08-04 09:52:26.060]	[   34]	              [in][errorCode]=0
[2016-08-04 09:52:26.060]	[   34]	              [in][comment]=
[2016-08-04 09:52:26.060]	[   34]	              [out][errorCode]=0
[2016-08-04 09:52:26.060]	[   34]	              [out][comment]=
[2016-08-04 09:52:26.060]	[   34]	SFTPOperations.OnFindNext EXIT
[2016-08-04 09:52:26.060]	[   34]	=============================================================
[2016-08-04 09:52:26.060]	[   34]	=============================================================
[2016-08-04 09:52:26.060]	[   34]	SFTPOperations.OnFindNext ENTER 
[2016-08-04 09:52:26.060]	[   34]	              [in][sender]=SBSftpServer.TElSFTPServer
[2016-08-04 09:52:26.061]	[   34]	              [in][data]=
[2016-08-04 09:52:26.061]	[   34]	              [in][info]=SBSftpCommon.TElSftpFileInfo
[2016-08-04 09:52:26.061]	[   34]	              [in][errorCode]=0
[2016-08-04 09:52:26.061]	[   34]	              [in][comment]=
[2016-08-04 09:52:26.061]	[   34]	              [out][errorCode]=0
[2016-08-04 09:52:26.061]	[   34]	              [out][comment]=
[2016-08-04 09:52:26.061]	[   34]	SFTPOperations.OnFindNext EXIT
[2016-08-04 09:52:26.061]	[   34]	=============================================================
[2016-08-04 09:52:26.061]	[   34]	=============================================================
[2016-08-04 09:52:26.061]	[   34]	SFTPOperations.OnFindClose ENTER 
[2016-08-04 09:52:26.061]	[   34]	              [in][sender]=SBSftpServer.TElSFTPServer
[2016-08-04 09:52:26.061]	[   34]	              [in][searchRec]=
[2016-08-04 09:52:26.061]	[   34]	              [in][errorCode]=1
[2016-08-04 09:52:26.061]	[   34]	              [in][comment]=
[2016-08-04 09:52:26.061]	[   34]	              [out][errorCode]=1
[2016-08-04 09:52:26.061]	[   34]	              [out][comment]=
[2016-08-04 09:52:26.061]	[   34]	SFTPOperations.OnFindClose EXIT
[2016-08-04 09:52:26.061]	[   34]	=============================================================
[2016-08-04 09:52:26.062]	[   34]	=============================================================
[2016-08-04 09:52:26.062]	[   34]	SFTPOperations.OnRequestAttributes ENTER 
[2016-08-04 09:52:26.062]	[   34]	              [in][sender]=SBSftpServer.TElSFTPServer
[2016-08-04 09:52:26.062]	[   34]	              [in][path]=\\TestSession_9d4476b5-8e06-419e-bd22-51ff3c3e71e3\c596486e-e6e7-489b-b58f-8b395fd47f48.txt
[2016-08-04 09:52:26.062]	[   34]	              [in][followSymLinks]=True
[2016-08-04 09:52:26.062]	[   34]	              [in][attributes]=SBSftpCommon.TElSftpFileAttributes
[2016-08-04 09:52:26.062]	[   34]	              [in][errorCode]=0
[2016-08-04 09:52:26.062]	[   34]	              [in][comment]=
[2016-08-04 09:52:26.062]	[   34]	              [out][errorCode]=0
[2016-08-04 09:52:26.062]	[   34]	              [out][comment]=
[2016-08-04 09:52:26.062]	[   34]	SFTPOperations.OnRequestAttributes EXIT
[2016-08-04 09:52:26.062]	[   34]	=============================================================
[2016-08-04 09:52:26.062]	[   34]	=============================================================
[2016-08-04 09:52:26.063]	[   34]	SFTPOperations.OnOpenFile ENTER (3)
[2016-08-04 09:52:26.063]	[   34]	              [in][sender]=SBSftpServer.TElSFTPServer
[2016-08-04 09:52:26.063]	[   34]	              [in][path]=\\TestSession_9d4476b5-8e06-419e-bd22-51ff3c3e71e3\c596486e-e6e7-489b-b58f-8b395fd47f48.txt
[2016-08-04 09:52:26.063]	[   34]	              [in][modes]=1
[2016-08-04 09:52:26.063]	[   34]	              [in][Access]=0
[2016-08-04 09:52:26.063]	[   34]	              [in][desiredAccess]=1
[2016-08-04 09:52:26.063]	[   34]	              [in][attributes]=SBSftpCommon.TElSftpFileAttributes
[2016-08-04 09:52:26.063]	[   34]	              [in][data]=
[2016-08-04 09:52:26.063]	[   34]	              [in][errorCode]=0
[2016-08-04 09:52:26.063]	[   34]	              [in][comment]=
[2016-08-04 09:52:26.063]	[   34]	              [out][data]=
[2016-08-04 09:52:26.063]	[   34]	              [out][errorCode]=0
[2016-08-04 09:52:26.063]	[   34]	              [out][comment]=
[2016-08-04 09:52:26.063]	[   34]	SFTPOperations.OnOpenFile EXIT
[2016-08-04 09:52:26.063]	[   34]	=============================================================
[2016-08-04 09:52:26.063]	[   34]	=============================================================
[2016-08-04 09:52:26.063]	[   34]	SFTPOperations.OnReadFile ENTER (1)
[2016-08-04 09:52:26.063]	[   34]	              [in][sender]=SBSftpServer.TElSFTPServer
[2016-08-04 09:52:26.063]	[   34]	              [in][data]=System.IO.FileStream
[2016-08-04 09:52:26.063]	[   34]	              [in][offset]=0
[2016-08-04 09:52:26.063]	[   34]	              [in][buffer]=System.Byte[]
[2016-08-04 09:52:26.063]	[   34]	              [in][bufferOffset]=13
[2016-08-04 09:52:26.063]	[   34]	              [in][count]=3
[2016-08-04 09:52:26.063]	[   34]	              [in][read]=0
[2016-08-04 09:52:26.063]	[   34]	              [in][errorCode]=0
[2016-08-04 09:52:26.063]	[   34]	              [in][comment]=
[2016-08-04 09:52:26.063]	[   34]	              [out][buffer]=System.Byte[]
[2016-08-04 09:52:26.063]	[   34]	              [out][read]=0
[2016-08-04 09:52:26.063]	[   34]	              [out][errorCode]=0
[2016-08-04 09:52:26.063]	[   34]	              [out][comment]=
[2016-08-04 09:52:26.063]	[   34]	SFTPOperations.OnReadFile EXIT
[2016-08-04 09:52:26.063]	[   34]	=============================================================
[2016-08-04 09:52:26.064]	[   34]	=============================================================
[2016-08-04 09:52:26.064]	[   34]	SFTPOperations.OnCloseHandle ENTER (3)
[2016-08-04 09:52:26.064]	[   34]	              [in][sender]=SBSftpServer.TElSFTPServer
[2016-08-04 09:52:26.064]	[   34]	              [in][data]=System.IO.FileStream
[2016-08-04 09:52:26.064]	[   34]	              [in][errorCode]=0
[2016-08-04 09:52:26.064]	[   34]	              [in][comment]=
[2016-08-04 09:52:26.064]	[   34]	              [out][errorCode]=0
[2016-08-04 09:52:26.064]	[   34]	              [out][comment]=
[2016-08-04 09:52:26.064]	[   34]	SFTPOperations.OnCloseHandle EXIT
[2016-08-04 09:52:26.064]	[   34]	=============================================================
[2016-08-04 09:52:26.064]	[   41]	Socket receive operation failed: An established connection was aborted by the software in your host machine
[2016-08-04 09:52:26.064]	[   41]	Closing the socket
[2016-08-04 09:52:26.065]	[   41]	ServerListener.OnSessionClosed()
[2016-08-04 09:52:26.110]	[   38]	ServerListener.Listen : New connection available
[2016-08-04 09:52:26.110]	[   38]	Connection accepted. Active connections 1 from 20
[2016-08-04 09:52:26.201]	[   40]	Subsystem sftp opened
[2016-08-04 09:52:26.202]	[   40]	SFTP server started
[2016-08-04 09:52:26.202]	[   37]	=============================================================
[2016-08-04 09:52:26.202]	[   37]	SFTPOperations.OnOpen ENTER (2)
[2016-08-04 09:52:26.202]	[   37]	              [in][sender]=SBSftpServer.TElSFTPServer
[2016-08-04 09:52:26.202]	[   37]	SFTP connection established
[2016-08-04 09:52:26.202]	[   37]	SFTPOperations.OnOpen EXIT
[2016-08-04 09:52:26.202]	[   37]	=============================================================
[2016-08-04 09:52:26.202]	[   37]	=============================================================
[2016-08-04 09:52:26.202]	[   37]	SFTPOperations.OnRequestAbsolutePath ENTER 
[2016-08-04 09:52:26.202]	[   37]	              [in][sender]=SBSftpServer.TElSFTPServer
[2016-08-04 09:52:26.202]	[   37]	              [in][path]=.
[2016-08-04 09:52:26.202]	[   37]	              [in][absolutePath]=
[2016-08-04 09:52:26.202]	[   37]	              [in][control]=rcNoCheck
[2016-08-04 09:52:26.202]	[   37]	              [in][composePath]=SBStringList.TElStringList
[2016-08-04 09:52:26.202]	[   37]	              [in][errorCode]=0
[2016-08-04 09:52:26.202]	[   37]	              [in][comment]=
[2016-08-04 09:52:26.202]	[   37]	              [out][absolutePath]=
[2016-08-04 09:52:26.202]	[   37]	              [out][errorCode]=0
[2016-08-04 09:52:26.202]	[   37]	              [out][comment]=
[2016-08-04 09:52:26.202]	[   37]	SFTPOperations.OnRequestAbsolutePath EXIT
[2016-08-04 09:52:26.202]	[   37]	=============================================================
[2016-08-04 09:52:26.203]	[   37]	=============================================================
[2016-08-04 09:52:26.203]	[   37]	SFTPOperations.OnFindFirst ENTER 
[2016-08-04 09:52:26.203]	[   37]	              [in][sender]=SBSftpServer.TElSFTPServer
[2016-08-04 09:52:26.203]	[   37]	              [in][path]=\\TestSession_9d4476b5-8e06-419e-bd22-51ff3c3e71e3/
[2016-08-04 09:52:26.203]	[   37]	              [in][data]=
[2016-08-04 09:52:26.203]	[   37]	              [in][info]=SBSftpCommon.TElSftpFileInfo
[2016-08-04 09:52:26.203]	[   37]	              [in][errorCode]=0
[2016-08-04 09:52:26.203]	[   37]	              [in][comment]=
[2016-08-04 09:52:26.203]	[   37]	              [out][data]=
[2016-08-04 09:52:26.203]	[   37]	              [out][errorCode]=0
[2016-08-04 09:52:26.203]	[   37]	              [out][comment]=
[2016-08-04 09:52:26.203]	[   37]	SFTPOperations.OnFindFirst EXIT
[2016-08-04 09:52:26.203]	[   37]	=============================================================
[2016-08-04 09:52:26.203]	[   37]	=============================================================
[2016-08-04 09:52:26.203]	[   37]	SFTPOperations.OnFindNext ENTER 
[2016-08-04 09:52:26.204]	[   37]	              [in][sender]=SBSftpServer.TElSFTPServer
[2016-08-04 09:52:26.204]	[   37]	              [in][data]=
[2016-08-04 09:52:26.204]	[   37]	              [in][info]=SBSftpCommon.TElSftpFileInfo
[2016-08-04 09:52:26.204]	[   37]	              [in][errorCode]=0
[2016-08-04 09:52:26.204]	[   37]	              [in][comment]=
[2016-08-04 09:52:26.204]	[   37]	              [out][errorCode]=0
[2016-08-04 09:52:26.204]	[   37]	              [out][comment]=
[2016-08-04 09:52:26.204]	[   37]	SFTPOperations.OnFindNext EXIT
[2016-08-04 09:52:26.204]	[   37]	=============================================================
[2016-08-04 09:52:26.204]	[   37]	=============================================================
[2016-08-04 09:52:26.204]	[   37]	SFTPOperations.OnFindNext ENTER 
[2016-08-04 09:52:26.204]	[   37]	              [in][sender]=SBSftpServer.TElSFTPServer
[2016-08-04 09:52:26.204]	[   37]	              [in][data]=
[2016-08-04 09:52:26.204]	[   37]	              [in][info]=SBSftpCommon.TElSftpFileInfo
[2016-08-04 09:52:26.204]	[   37]	              [in][errorCode]=0
[2016-08-04 09:52:26.204]	[   37]	              [in][comment]=
[2016-08-04 09:52:26.204]	[   37]	              [out][errorCode]=0
[2016-08-04 09:52:26.204]	[   37]	              [out][comment]=
[2016-08-04 09:52:26.204]	[   37]	SFTPOperations.OnFindNext EXIT
[2016-08-04 09:52:26.204]	[   37]	=============================================================
[2016-08-04 09:52:26.204]	[   37]	=============================================================
[2016-08-04 09:52:26.204]	[   37]	SFTPOperations.OnFindNext ENTER 
[2016-08-04 09:52:26.204]	[   37]	              [in][sender]=SBSftpServer.TElSFTPServer
[2016-08-04 09:52:26.204]	[   37]	              [in][data]=
[2016-08-04 09:52:26.204]	[   37]	              [in][info]=SBSftpCommon.TElSftpFileInfo
[2016-08-04 09:52:26.204]	[   37]	              [in][errorCode]=0
[2016-08-04 09:52:26.204]	[   37]	              [in][comment]=
[2016-08-04 09:52:26.204]	[   37]	              [out][errorCode]=0
[2016-08-04 09:52:26.204]	[   37]	              [out][comment]=
[2016-08-04 09:52:26.204]	[   37]	SFTPOperations.OnFindNext EXIT
[2016-08-04 09:52:26.204]	[   37]	=============================================================
[2016-08-04 09:52:26.205]	[   37]	=============================================================
[2016-08-04 09:52:26.205]	[   37]	SFTPOperations.OnFindClose ENTER 
[2016-08-04 09:52:26.205]	[   37]	              [in][sender]=SBSftpServer.TElSFTPServer
[2016-08-04 09:52:26.205]	[   37]	              [in][searchRec]=
[2016-08-04 09:52:26.205]	[   37]	              [in][errorCode]=1
[2016-08-04 09:52:26.205]	[   37]	              [in][comment]=
[2016-08-04 09:52:26.205]	[   37]	              [out][errorCode]=1
[2016-08-04 09:52:26.205]	[   37]	              [out][comment]=
[2016-08-04 09:52:26.205]	[   37]	SFTPOperations.OnFindClose EXIT
[2016-08-04 09:52:26.205]	[   37]	=============================================================
[2016-08-04 09:52:26.205]	[   37]	=============================================================
[2016-08-04 09:52:26.205]	[   37]	SFTPOperations.OnRemove ENTER 
[2016-08-04 09:52:26.205]	[   37]	              [in][sender]=SBSftpServer.TElSFTPServer
[2016-08-04 09:52:26.205]	[   37]	              [in][path]=\\TestSession_9d4476b5-8e06-419e-bd22-51ff3c3e71e3/c596486e-e6e7-489b-b58f-8b395fd47f48.txt
[2016-08-04 09:52:26.205]	[   37]	              [in][errorCode]=0
[2016-08-04 09:52:26.205]	[   37]	              [in][comment]=
[2016-08-04 09:52:26.205]	[   37]	              [out][errorCode]=0
[2016-08-04 09:52:26.205]	[   37]	              [out][comment]=
[2016-08-04 09:52:26.206]	[   37]	SFTPOperations.OnRemove EXIT
[2016-08-04 09:52:26.206]	[   37]	=============================================================
[2016-08-04 09:52:26.206]	[   37]	=============================================================
[2016-08-04 09:52:26.206]	[   37]	SFTPOperations.OnFindFirst ENTER 
[2016-08-04 09:52:26.206]	[   37]	              [in][sender]=SBSftpServer.TElSFTPServer
[2016-08-04 09:52:26.206]	[   37]	              [in][path]=\\TestSession_9d4476b5-8e06-419e-bd22-51ff3c3e71e3/
[2016-08-04 09:52:26.206]	[   37]	              [in][data]=
[2016-08-04 09:52:26.206]	[   37]	              [in][info]=SBSftpCommon.TElSftpFileInfo
[2016-08-04 09:52:26.206]	[   37]	              [in][errorCode]=0
[2016-08-04 09:52:26.206]	[   37]	              [in][comment]=
[2016-08-04 09:52:26.206]	[   37]	              [out][data]=
[2016-08-04 09:52:26.206]	[   37]	              [out][errorCode]=0
[2016-08-04 09:52:26.206]	[   37]	              [out][comment]=
[2016-08-04 09:52:26.206]	[   37]	SFTPOperations.OnFindFirst EXIT
[2016-08-04 09:52:26.206]	[   37]	=============================================================
[2016-08-04 09:52:26.207]	[   37]	=============================================================
[2016-08-04 09:52:26.207]	[   37]	SFTPOperations.OnFindNext ENTER 
[2016-08-04 09:52:26.207]	[   37]	              [in][sender]=SBSftpServer.TElSFTPServer
[2016-08-04 09:52:26.207]	[   37]	              [in][data]=
[2016-08-04 09:52:26.207]	[   37]	              [in][info]=SBSftpCommon.TElSftpFileInfo
[2016-08-04 09:52:26.207]	[   37]	              [in][errorCode]=0
[2016-08-04 09:52:26.207]	[   37]	              [in][comment]=
[2016-08-04 09:52:26.207]	[   37]	              [out][errorCode]=0
[2016-08-04 09:52:26.207]	[   37]	              [out][comment]=
[2016-08-04 09:52:26.207]	[   37]	SFTPOperations.OnFindNext EXIT
[2016-08-04 09:52:26.207]	[   37]	=============================================================
[2016-08-04 09:52:26.207]	[   37]	=============================================================
[2016-08-04 09:52:26.207]	[   37]	SFTPOperations.OnFindNext ENTER 
[2016-08-04 09:52:26.207]	[   37]	              [in][sender]=SBSftpServer.TElSFTPServer
[2016-08-04 09:52:26.207]	[   37]	              [in][data]=
[2016-08-04 09:52:26.207]	[   37]	              [in][info]=SBSftpCommon.TElSftpFileInfo
[2016-08-04 09:52:26.207]	[   37]	              [in][errorCode]=0
[2016-08-04 09:52:26.207]	[   37]	              [in][comment]=
[2016-08-04 09:52:26.207]	[   37]	              [out][errorCode]=0
[2016-08-04 09:52:26.207]	[   37]	              [out][comment]=
[2016-08-04 09:52:26.207]	[   37]	SFTPOperations.OnFindNext EXIT
[2016-08-04 09:52:26.207]	[   37]	=============================================================
[2016-08-04 09:52:26.207]	[   37]	=============================================================
[2016-08-04 09:52:26.208]	[   37]	SFTPOperations.OnFindClose ENTER 
[2016-08-04 09:52:26.208]	[   37]	              [in][sender]=SBSftpServer.TElSFTPServer
[2016-08-04 09:52:26.208]	[   37]	              [in][searchRec]=
[2016-08-04 09:52:26.208]	[   37]	              [in][errorCode]=1
[2016-08-04 09:52:26.208]	[   37]	              [in][comment]=
[2016-08-04 09:52:26.208]	[   37]	              [out][errorCode]=1
[2016-08-04 09:52:26.208]	[   37]	              [out][comment]=
[2016-08-04 09:52:26.208]	[   37]	SFTPOperations.OnFindClose EXIT
[2016-08-04 09:52:26.208]	[   37]	=============================================================
[2016-08-04 09:52:26.208]	[   37]	=============================================================
[2016-08-04 09:52:26.208]	[   37]	SFTPOperations.OnRemove ENTER 
[2016-08-04 09:52:26.208]	[   37]	              [in][sender]=SBSftpServer.TElSFTPServer
[2016-08-04 09:52:26.208]	[   37]	              [in][path]=\\TestSession_9d4476b5-8e06-419e-bd22-51ff3c3e71e3/
[2016-08-04 09:52:26.208]	[   37]	              [in][errorCode]=0
[2016-08-04 09:52:26.208]	[   37]	              [in][comment]=
[2016-08-04 09:52:26.208]	[   37]	              [out][errorCode]=0
[2016-08-04 09:52:26.208]	[   37]	              [out][comment]=
[2016-08-04 09:52:26.208]	[   37]	SFTPOperations.OnRemove EXIT
[2016-08-04 09:52:26.208]	[   37]	=============================================================
[2016-08-04 09:52:26.209]	[   13]	Stopping socket listener
[2016-08-04 09:52:26.209]	[   13]	Socket listener stopped
[2016-08-04 09:52:26.209]	[   40]	Socket receive operation failed: An established connection was aborted by the software in your host machine
[2016-08-04 09:52:26.209]	[   40]	Closing the socket
[2016-08-04 09:52:26.209]	[   40]	ServerListener.OnSessionClosed()</StdOut>
      </Output>
    </UnitTestResult>
    <UnitTestResult executionId="1702d4be-ae15-40c5-bd36-1f6c14768b15" testId="4852095b-1674-e649-9a15-0dd6d7211c45" testName="UploadFile_FileExistOnServer_RestartFrom0_Success" computerName="ICSWS068" duration="00:00:00.4269553" startTime="2016-08-04T09:52:26.2234685+02:00" endTime="2016-08-04T09:52:26.6517978+02:00" testType="13cdc9d9-ddb5-4fa4-a97d-d965ccfc6d4b" outcome="Passed" testListId="8c84fa94-04c1-424b-9868-57a2d4851a1d" relativeResultsDirectory="1702d4be-ae15-40c5-bd36-1f6c14768b15">
      <Output>
        <StdOut>Debug Trace:
[2016-08-04 09:52:26.227]	[   19]	Starting SSH server listener...
[2016-08-04 09:52:26.227]	[   19]	SSH server listener started.
[2016-08-04 09:52:26.278]	[   30]	ServerListener.Listen : New connection available
[2016-08-04 09:52:26.279]	[   30]	Connection accepted. Active connections 1 from 20
[2016-08-04 09:52:26.367]	[   35]	Subsystem sftp opened
[2016-08-04 09:52:26.367]	[   35]	SFTP server started
[2016-08-04 09:52:26.367]	[   33]	=============================================================
[2016-08-04 09:52:26.367]	[   33]	SFTPOperations.OnOpen ENTER (3)
[2016-08-04 09:52:26.368]	[   33]	              [in][sender]=SBSftpServer.TElSFTPServer
[2016-08-04 09:52:26.368]	[   33]	SFTP connection established
[2016-08-04 09:52:26.368]	[   33]	SFTPOperations.OnOpen EXIT
[2016-08-04 09:52:26.368]	[   33]	=============================================================
[2016-08-04 09:52:26.368]	[   33]	=============================================================
[2016-08-04 09:52:26.368]	[   33]	SFTPOperations.OnRequestAbsolutePath ENTER 
[2016-08-04 09:52:26.368]	[   33]	              [in][sender]=SBSftpServer.TElSFTPServer
[2016-08-04 09:52:26.368]	[   33]	              [in][path]=.
[2016-08-04 09:52:26.368]	[   33]	              [in][absolutePath]=
[2016-08-04 09:52:26.368]	[   33]	              [in][control]=rcNoCheck
[2016-08-04 09:52:26.368]	[   33]	              [in][composePath]=SBStringList.TElStringList
[2016-08-04 09:52:26.368]	[   33]	              [in][errorCode]=0
[2016-08-04 09:52:26.368]	[   33]	              [in][comment]=
[2016-08-04 09:52:26.368]	[   33]	              [out][absolutePath]=
[2016-08-04 09:52:26.368]	[   33]	              [out][errorCode]=0
[2016-08-04 09:52:26.368]	[   33]	              [out][comment]=
[2016-08-04 09:52:26.368]	[   33]	SFTPOperations.OnRequestAbsolutePath EXIT
[2016-08-04 09:52:26.368]	[   33]	=============================================================
[2016-08-04 09:52:26.368]	[   33]	=============================================================
[2016-08-04 09:52:26.368]	[   33]	SFTPOperations.OnCreateDirectory ENTER 
[2016-08-04 09:52:26.368]	[   33]	              [in][sender]=SBSftpServer.TElSFTPServer
[2016-08-04 09:52:26.368]	[   33]	              [in][path]=\\TestSession_3fa6d353-67a9-4459-af18-9b046f39983a
[2016-08-04 09:52:26.368]	[   33]	              [in][attributes]=
[2016-08-04 09:52:26.368]	[   33]	              [in][errorCode]=0
[2016-08-04 09:52:26.368]	[   33]	              [in][comment]=
[2016-08-04 09:52:26.368]	[   33]	              [out][errorCode]=0
[2016-08-04 09:52:26.368]	[   33]	              [out][comment]=
[2016-08-04 09:52:26.369]	[   33]	SFTPOperations.OnCreateDirectory EXIT
[2016-08-04 09:52:26.369]	[   33]	=============================================================
[2016-08-04 09:52:26.369]	[   35]	Socket receive operation failed: An established connection was aborted by the software in your host machine
[2016-08-04 09:52:26.369]	[   35]	Closing the socket
[2016-08-04 09:52:26.369]	[   35]	ServerListener.OnSessionClosed()
[2016-08-04 09:52:26.379]	[   30]	ServerListener.Listen : New connection available
[2016-08-04 09:52:26.380]	[   30]	Connection accepted. Active connections 1 from 20
[2016-08-04 09:52:26.473]	[   25]	Subsystem sftp opened
[2016-08-04 09:52:26.474]	[   25]	SFTP server started
[2016-08-04 09:52:26.474]	[   27]	=============================================================
[2016-08-04 09:52:26.474]	[   27]	SFTPOperations.OnOpen ENTER (1)
[2016-08-04 09:52:26.474]	[   27]	              [in][sender]=SBSftpServer.TElSFTPServer
[2016-08-04 09:52:26.474]	[   27]	SFTP connection established
[2016-08-04 09:52:26.474]	[   27]	SFTPOperations.OnOpen EXIT
[2016-08-04 09:52:26.474]	[   27]	=============================================================
[2016-08-04 09:52:26.475]	[   27]	=============================================================
[2016-08-04 09:52:26.475]	[   27]	SFTPOperations.OnRequestAbsolutePath ENTER 
[2016-08-04 09:52:26.475]	[   27]	              [in][sender]=SBSftpServer.TElSFTPServer
[2016-08-04 09:52:26.475]	[   27]	              [in][path]=.
[2016-08-04 09:52:26.475]	[   27]	              [in][absolutePath]=
[2016-08-04 09:52:26.475]	[   27]	              [in][control]=rcNoCheck
[2016-08-04 09:52:26.475]	[   27]	              [in][composePath]=SBStringList.TElStringList
[2016-08-04 09:52:26.475]	[   27]	              [in][errorCode]=0
[2016-08-04 09:52:26.475]	[   27]	              [in][comment]=
[2016-08-04 09:52:26.475]	[   27]	              [out][absolutePath]=
[2016-08-04 09:52:26.475]	[   27]	              [out][errorCode]=0
[2016-08-04 09:52:26.475]	[   27]	              [out][comment]=
[2016-08-04 09:52:26.475]	[   27]	SFTPOperations.OnRequestAbsolutePath EXIT
[2016-08-04 09:52:26.475]	[   27]	=============================================================
[2016-08-04 09:52:26.475]	[   27]	=============================================================
[2016-08-04 09:52:26.475]	[   27]	SFTPOperations.OnRequestAttributes ENTER 
[2016-08-04 09:52:26.475]	[   27]	              [in][sender]=SBSftpServer.TElSFTPServer
[2016-08-04 09:52:26.475]	[   27]	              [in][path]=\\TestSession_3fa6d353-67a9-4459-af18-9b046f39983a
[2016-08-04 09:52:26.475]	[   27]	              [in][followSymLinks]=True
[2016-08-04 09:52:26.475]	[   27]	              [in][attributes]=SBSftpCommon.TElSftpFileAttributes
[2016-08-04 09:52:26.475]	[   27]	              [in][errorCode]=0
[2016-08-04 09:52:26.475]	[   27]	              [in][comment]=
[2016-08-04 09:52:26.475]	[   27]	              [out][errorCode]=0
[2016-08-04 09:52:26.475]	[   27]	              [out][comment]=
[2016-08-04 09:52:26.475]	[   27]	SFTPOperations.OnRequestAttributes EXIT
[2016-08-04 09:52:26.475]	[   27]	=============================================================
[2016-08-04 09:52:26.476]	[   27]	=============================================================
[2016-08-04 09:52:26.476]	[   27]	SFTPOperations.OnOpenFile ENTER (1)
[2016-08-04 09:52:26.476]	[   27]	              [in][sender]=SBSftpServer.TElSFTPServer
[2016-08-04 09:52:26.476]	[   27]	              [in][path]=\\TestSession_3fa6d353-67a9-4459-af18-9b046f39983a\e5d8dbcc-3c49-4c0b-afe6-95a93a5d782f.txt
[2016-08-04 09:52:26.476]	[   27]	              [in][modes]=26
[2016-08-04 09:52:26.476]	[   27]	              [in][Access]=0
[2016-08-04 09:52:26.476]	[   27]	              [in][desiredAccess]=2
[2016-08-04 09:52:26.476]	[   27]	              [in][attributes]=SBSftpCommon.TElSftpFileAttributes
[2016-08-04 09:52:26.476]	[   27]	              [in][data]=
[2016-08-04 09:52:26.476]	[   27]	              [in][errorCode]=0
[2016-08-04 09:52:26.476]	[   27]	              [in][comment]=
[2016-08-04 09:52:26.476]	[   27]	              [out][data]=
[2016-08-04 09:52:26.476]	[   27]	              [out][errorCode]=0
[2016-08-04 09:52:26.477]	[   27]	              [out][comment]=
[2016-08-04 09:52:26.477]	[   27]	SFTPOperations.OnOpenFile EXIT
[2016-08-04 09:52:26.477]	[   27]	=============================================================
[2016-08-04 09:52:26.477]	[   27]	=============================================================
[2016-08-04 09:52:26.477]	[   27]	SFTPOperations.OnWriteFile ENTER (1)
[2016-08-04 09:52:26.477]	[   27]	              [in][sender]=SBSftpServer.TElSFTPServer
[2016-08-04 09:52:26.477]	[   27]	              [in][data]=System.IO.FileStream
[2016-08-04 09:52:26.477]	[   27]	              [in][offset]=0
[2016-08-04 09:52:26.477]	[   27]	              [in][buffer]=System.Byte[]
[2016-08-04 09:52:26.477]	[   27]	              [in][bufferOffset]=25
[2016-08-04 09:52:26.477]	[   27]	              [in][count]=3
[2016-08-04 09:52:26.477]	[   27]	              [in][errorCode]=0
[2016-08-04 09:52:26.477]	[   27]	              [in][comment]=
[2016-08-04 09:52:26.477]	[   27]	              [out][errorCode]=0
[2016-08-04 09:52:26.477]	[   27]	              [out][comment]=
[2016-08-04 09:52:26.477]	[   27]	SFTPOperations.OnWriteFile EXIT
[2016-08-04 09:52:26.477]	[   27]	=============================================================
[2016-08-04 09:52:26.478]	[   27]	=============================================================
[2016-08-04 09:52:26.478]	[   27]	SFTPOperations.OnCloseHandle ENTER (1)
[2016-08-04 09:52:26.478]	[   27]	              [in][sender]=SBSftpServer.TElSFTPServer
[2016-08-04 09:52:26.478]	[   27]	              [in][data]=System.IO.FileStream
[2016-08-04 09:52:26.478]	[   27]	              [in][errorCode]=0
[2016-08-04 09:52:26.478]	[   27]	              [in][comment]=
[2016-08-04 09:52:26.478]	[   27]	              [out][errorCode]=0
[2016-08-04 09:52:26.478]	[   27]	              [out][comment]=
[2016-08-04 09:52:26.478]	[   27]	SFTPOperations.OnCloseHandle EXIT
[2016-08-04 09:52:26.478]	[   27]	=============================================================
[2016-08-04 09:52:26.479]	[   27]	=============================================================
[2016-08-04 09:52:26.479]	[   27]	SFTPOperations.OnFindFirst ENTER 
[2016-08-04 09:52:26.479]	[   27]	              [in][sender]=SBSftpServer.TElSFTPServer
[2016-08-04 09:52:26.479]	[   27]	              [in][path]=\\TestSession_3fa6d353-67a9-4459-af18-9b046f39983a
[2016-08-04 09:52:26.479]	[   27]	              [in][data]=
[2016-08-04 09:52:26.479]	[   27]	              [in][info]=SBSftpCommon.TElSftpFileInfo
[2016-08-04 09:52:26.479]	[   27]	              [in][errorCode]=0
[2016-08-04 09:52:26.479]	[   27]	              [in][comment]=
[2016-08-04 09:52:26.479]	[   27]	              [out][data]=
[2016-08-04 09:52:26.479]	[   27]	              [out][errorCode]=0
[2016-08-04 09:52:26.479]	[   27]	              [out][comment]=
[2016-08-04 09:52:26.479]	[   27]	SFTPOperations.OnFindFirst EXIT
[2016-08-04 09:52:26.479]	[   27]	=============================================================
[2016-08-04 09:52:26.479]	[   27]	=============================================================
[2016-08-04 09:52:26.479]	[   27]	SFTPOperations.OnFindNext ENTER 
[2016-08-04 09:52:26.479]	[   27]	              [in][sender]=SBSftpServer.TElSFTPServer
[2016-08-04 09:52:26.479]	[   27]	              [in][data]=
[2016-08-04 09:52:26.479]	[   27]	              [in][info]=SBSftpCommon.TElSftpFileInfo
[2016-08-04 09:52:26.479]	[   27]	              [in][errorCode]=0
[2016-08-04 09:52:26.479]	[   27]	              [in][comment]=
[2016-08-04 09:52:26.479]	[   27]	              [out][errorCode]=0
[2016-08-04 09:52:26.479]	[   27]	              [out][comment]=
[2016-08-04 09:52:26.479]	[   27]	SFTPOperations.OnFindNext EXIT
[2016-08-04 09:52:26.479]	[   27]	=============================================================
[2016-08-04 09:52:26.480]	[   27]	=============================================================
[2016-08-04 09:52:26.480]	[   27]	SFTPOperations.OnFindNext ENTER 
[2016-08-04 09:52:26.480]	[   27]	              [in][sender]=SBSftpServer.TElSFTPServer
[2016-08-04 09:52:26.480]	[   27]	              [in][data]=
[2016-08-04 09:52:26.480]	[   27]	              [in][info]=SBSftpCommon.TElSftpFileInfo
[2016-08-04 09:52:26.480]	[   27]	              [in][errorCode]=0
[2016-08-04 09:52:26.480]	[   27]	              [in][comment]=
[2016-08-04 09:52:26.480]	[   27]	              [out][errorCode]=0
[2016-08-04 09:52:26.480]	[   27]	              [out][comment]=
[2016-08-04 09:52:26.480]	[   27]	SFTPOperations.OnFindNext EXIT
[2016-08-04 09:52:26.480]	[   27]	=============================================================
[2016-08-04 09:52:26.480]	[   27]	=============================================================
[2016-08-04 09:52:26.480]	[   27]	SFTPOperations.OnFindNext ENTER 
[2016-08-04 09:52:26.480]	[   27]	              [in][sender]=SBSftpServer.TElSFTPServer
[2016-08-04 09:52:26.480]	[   27]	              [in][data]=
[2016-08-04 09:52:26.480]	[   27]	              [in][info]=SBSftpCommon.TElSftpFileInfo
[2016-08-04 09:52:26.480]	[   27]	              [in][errorCode]=0
[2016-08-04 09:52:26.480]	[   27]	              [in][comment]=
[2016-08-04 09:52:26.480]	[   27]	              [out][errorCode]=0
[2016-08-04 09:52:26.480]	[   27]	              [out][comment]=
[2016-08-04 09:52:26.480]	[   27]	SFTPOperations.OnFindNext EXIT
[2016-08-04 09:52:26.480]	[   27]	=============================================================
[2016-08-04 09:52:26.481]	[   27]	=============================================================
[2016-08-04 09:52:26.481]	[   27]	SFTPOperations.OnFindClose ENTER 
[2016-08-04 09:52:26.481]	[   27]	              [in][sender]=SBSftpServer.TElSFTPServer
[2016-08-04 09:52:26.481]	[   27]	              [in][searchRec]=
[2016-08-04 09:52:26.481]	[   27]	              [in][errorCode]=1
[2016-08-04 09:52:26.481]	[   27]	              [in][comment]=
[2016-08-04 09:52:26.481]	[   27]	              [out][errorCode]=1
[2016-08-04 09:52:26.481]	[   27]	              [out][comment]=
[2016-08-04 09:52:26.481]	[   27]	SFTPOperations.OnFindClose EXIT
[2016-08-04 09:52:26.481]	[   27]	=============================================================
[2016-08-04 09:52:26.481]	[   27]	=============================================================
[2016-08-04 09:52:26.481]	[   27]	SFTPOperations.OnRequestAbsolutePath ENTER 
[2016-08-04 09:52:26.481]	[   27]	              [in][sender]=SBSftpServer.TElSFTPServer
[2016-08-04 09:52:26.481]	[   27]	              [in][path]=\\TestSession_3fa6d353-67a9-4459-af18-9b046f39983a
[2016-08-04 09:52:26.481]	[   27]	              [in][absolutePath]=
[2016-08-04 09:52:26.481]	[   27]	              [in][control]=rcNoCheck
[2016-08-04 09:52:26.481]	[   27]	              [in][composePath]=SBStringList.TElStringList
[2016-08-04 09:52:26.481]	[   27]	              [in][errorCode]=0
[2016-08-04 09:52:26.481]	[   27]	              [in][comment]=
[2016-08-04 09:52:26.481]	[   27]	              [out][absolutePath]=
[2016-08-04 09:52:26.481]	[   27]	              [out][errorCode]=0
[2016-08-04 09:52:26.481]	[   27]	              [out][comment]=
[2016-08-04 09:52:26.481]	[   27]	SFTPOperations.OnRequestAbsolutePath EXIT
[2016-08-04 09:52:26.481]	[   27]	=============================================================
[2016-08-04 09:52:26.482]	[   27]	=============================================================
[2016-08-04 09:52:26.482]	[   27]	SFTPOperations.OnRequestAttributes ENTER 
[2016-08-04 09:52:26.482]	[   27]	              [in][sender]=SBSftpServer.TElSFTPServer
[2016-08-04 09:52:26.482]	[   27]	              [in][path]=/\\TestSession_3fa6d353-67a9-4459-af18-9b046f39983a
[2016-08-04 09:52:26.482]	[   27]	              [in][followSymLinks]=True
[2016-08-04 09:52:26.482]	[   27]	              [in][attributes]=SBSftpCommon.TElSftpFileAttributes
[2016-08-04 09:52:26.482]	[   27]	              [in][errorCode]=0
[2016-08-04 09:52:26.482]	[   27]	              [in][comment]=
[2016-08-04 09:52:26.482]	[   27]	              [out][errorCode]=0
[2016-08-04 09:52:26.482]	[   27]	              [out][comment]=
[2016-08-04 09:52:26.482]	[   27]	SFTPOperations.OnRequestAttributes EXIT
[2016-08-04 09:52:26.482]	[   27]	=============================================================
[2016-08-04 09:52:26.482]	[   27]	=============================================================
[2016-08-04 09:52:26.482]	[   27]	SFTPOperations.OnOpenFile ENTER (2)
[2016-08-04 09:52:26.482]	[   27]	              [in][sender]=SBSftpServer.TElSFTPServer
[2016-08-04 09:52:26.482]	[   27]	              [in][path]=/\\TestSession_3fa6d353-67a9-4459-af18-9b046f39983a/e5d8dbcc-3c49-4c0b-afe6-95a93a5d782f.txt
[2016-08-04 09:52:26.482]	[   27]	              [in][modes]=26
[2016-08-04 09:52:26.483]	[   27]	              [in][Access]=0
[2016-08-04 09:52:26.483]	[   27]	              [in][desiredAccess]=2
[2016-08-04 09:52:26.483]	[   27]	              [in][attributes]=SBSftpCommon.TElSftpFileAttributes
[2016-08-04 09:52:26.483]	[   27]	              [in][data]=
[2016-08-04 09:52:26.483]	[   27]	              [in][errorCode]=0
[2016-08-04 09:52:26.483]	[   27]	              [in][comment]=
[2016-08-04 09:52:26.483]	[   27]	              [out][data]=
[2016-08-04 09:52:26.483]	[   27]	              [out][errorCode]=0
[2016-08-04 09:52:26.483]	[   27]	              [out][comment]=
[2016-08-04 09:52:26.483]	[   27]	SFTPOperations.OnOpenFile EXIT
[2016-08-04 09:52:26.483]	[   27]	=============================================================
[2016-08-04 09:52:26.483]	[   27]	=============================================================
[2016-08-04 09:52:26.483]	[   27]	SFTPOperations.OnWriteFile ENTER (2)
[2016-08-04 09:52:26.483]	[   27]	              [in][sender]=SBSftpServer.TElSFTPServer
[2016-08-04 09:52:26.483]	[   27]	              [in][data]=System.IO.FileStream
[2016-08-04 09:52:26.483]	[   27]	              [in][offset]=0
[2016-08-04 09:52:26.483]	[   27]	              [in][buffer]=System.Byte[]
[2016-08-04 09:52:26.483]	[   27]	              [in][bufferOffset]=25
[2016-08-04 09:52:26.483]	[   27]	              [in][count]=3
[2016-08-04 09:52:26.483]	[   27]	              [in][errorCode]=0
[2016-08-04 09:52:26.483]	[   27]	              [in][comment]=
[2016-08-04 09:52:26.483]	[   27]	              [out][errorCode]=0
[2016-08-04 09:52:26.483]	[   27]	              [out][comment]=
[2016-08-04 09:52:26.484]	[   27]	SFTPOperations.OnWriteFile EXIT
[2016-08-04 09:52:26.484]	[   27]	=============================================================
[2016-08-04 09:52:26.484]	[   27]	=============================================================
[2016-08-04 09:52:26.484]	[   27]	SFTPOperations.OnCloseHandle ENTER (2)
[2016-08-04 09:52:26.484]	[   27]	              [in][sender]=SBSftpServer.TElSFTPServer
[2016-08-04 09:52:26.484]	[   27]	              [in][data]=System.IO.FileStream
[2016-08-04 09:52:26.484]	[   27]	              [in][errorCode]=0
[2016-08-04 09:52:26.484]	[   27]	              [in][comment]=
[2016-08-04 09:52:26.484]	[   27]	              [out][errorCode]=0
[2016-08-04 09:52:26.484]	[   27]	              [out][comment]=
[2016-08-04 09:52:26.484]	[   27]	SFTPOperations.OnCloseHandle EXIT
[2016-08-04 09:52:26.484]	[   27]	=============================================================
[2016-08-04 09:52:26.484]	[   27]	=============================================================
[2016-08-04 09:52:26.484]	[   27]	SFTPOperations.OnFindFirst ENTER 
[2016-08-04 09:52:26.484]	[   27]	              [in][sender]=SBSftpServer.TElSFTPServer
[2016-08-04 09:52:26.484]	[   27]	              [in][path]=\\TestSession_3fa6d353-67a9-4459-af18-9b046f39983a
[2016-08-04 09:52:26.484]	[   27]	              [in][data]=
[2016-08-04 09:52:26.484]	[   27]	              [in][info]=SBSftpCommon.TElSftpFileInfo
[2016-08-04 09:52:26.484]	[   27]	              [in][errorCode]=0
[2016-08-04 09:52:26.484]	[   27]	              [in][comment]=
[2016-08-04 09:52:26.485]	[   27]	              [out][data]=
[2016-08-04 09:52:26.485]	[   27]	              [out][errorCode]=0
[2016-08-04 09:52:26.485]	[   27]	              [out][comment]=
[2016-08-04 09:52:26.485]	[   27]	SFTPOperations.OnFindFirst EXIT
[2016-08-04 09:52:26.485]	[   27]	=============================================================
[2016-08-04 09:52:26.485]	[   27]	=============================================================
[2016-08-04 09:52:26.485]	[   27]	SFTPOperations.OnFindNext ENTER 
[2016-08-04 09:52:26.485]	[   27]	              [in][sender]=SBSftpServer.TElSFTPServer
[2016-08-04 09:52:26.485]	[   27]	              [in][data]=
[2016-08-04 09:52:26.485]	[   27]	              [in][info]=SBSftpCommon.TElSftpFileInfo
[2016-08-04 09:52:26.485]	[   27]	              [in][errorCode]=0
[2016-08-04 09:52:26.485]	[   27]	              [in][comment]=
[2016-08-04 09:52:26.485]	[   27]	              [out][errorCode]=0
[2016-08-04 09:52:26.485]	[   27]	              [out][comment]=
[2016-08-04 09:52:26.485]	[   27]	SFTPOperations.OnFindNext EXIT
[2016-08-04 09:52:26.485]	[   27]	=============================================================
[2016-08-04 09:52:26.485]	[   27]	=============================================================
[2016-08-04 09:52:26.485]	[   27]	SFTPOperations.OnFindNext ENTER 
[2016-08-04 09:52:26.485]	[   27]	              [in][sender]=SBSftpServer.TElSFTPServer
[2016-08-04 09:52:26.485]	[   27]	              [in][data]=
[2016-08-04 09:52:26.485]	[   27]	              [in][info]=SBSftpCommon.TElSftpFileInfo
[2016-08-04 09:52:26.485]	[   27]	              [in][errorCode]=0
[2016-08-04 09:52:26.485]	[   27]	              [in][comment]=
[2016-08-04 09:52:26.485]	[   27]	              [out][errorCode]=0
[2016-08-04 09:52:26.486]	[   27]	              [out][comment]=
[2016-08-04 09:52:26.486]	[   27]	SFTPOperations.OnFindNext EXIT
[2016-08-04 09:52:26.486]	[   27]	=============================================================
[2016-08-04 09:52:26.486]	[   27]	=============================================================
[2016-08-04 09:52:26.486]	[   27]	SFTPOperations.OnFindNext ENTER 
[2016-08-04 09:52:26.486]	[   27]	              [in][sender]=SBSftpServer.TElSFTPServer
[2016-08-04 09:52:26.486]	[   27]	              [in][data]=
[2016-08-04 09:52:26.486]	[   27]	              [in][info]=SBSftpCommon.TElSftpFileInfo
[2016-08-04 09:52:26.486]	[   27]	              [in][errorCode]=0
[2016-08-04 09:52:26.486]	[   27]	              [in][comment]=
[2016-08-04 09:52:26.486]	[   27]	              [out][errorCode]=0
[2016-08-04 09:52:26.486]	[   27]	              [out][comment]=
[2016-08-04 09:52:26.486]	[   27]	SFTPOperations.OnFindNext EXIT
[2016-08-04 09:52:26.486]	[   27]	=============================================================
[2016-08-04 09:52:26.492]	[   27]	=============================================================
[2016-08-04 09:52:26.492]	[   27]	SFTPOperations.OnFindClose ENTER 
[2016-08-04 09:52:26.492]	[   27]	              [in][sender]=SBSftpServer.TElSFTPServer
[2016-08-04 09:52:26.493]	[   27]	              [in][searchRec]=
[2016-08-04 09:52:26.493]	[   27]	              [in][errorCode]=1
[2016-08-04 09:52:26.493]	[   27]	              [in][comment]=
[2016-08-04 09:52:26.493]	[   27]	              [out][errorCode]=1
[2016-08-04 09:52:26.493]	[   27]	              [out][comment]=
[2016-08-04 09:52:26.493]	[   27]	SFTPOperations.OnFindClose EXIT
[2016-08-04 09:52:26.493]	[   27]	=============================================================
[2016-08-04 09:52:26.493]	[   27]	=============================================================
[2016-08-04 09:52:26.493]	[   27]	SFTPOperations.OnRequestAttributes ENTER 
[2016-08-04 09:52:26.493]	[   27]	              [in][sender]=SBSftpServer.TElSFTPServer
[2016-08-04 09:52:26.493]	[   27]	              [in][path]=/\\TestSession_3fa6d353-67a9-4459-af18-9b046f39983a/e5d8dbcc-3c49-4c0b-afe6-95a93a5d782f.txt
[2016-08-04 09:52:26.493]	[   27]	              [in][followSymLinks]=True
[2016-08-04 09:52:26.493]	[   27]	              [in][attributes]=SBSftpCommon.TElSftpFileAttributes
[2016-08-04 09:52:26.493]	[   27]	              [in][errorCode]=0
[2016-08-04 09:52:26.493]	[   27]	              [in][comment]=
[2016-08-04 09:52:26.494]	[   27]	              [out][errorCode]=0
[2016-08-04 09:52:26.494]	[   27]	              [out][comment]=
[2016-08-04 09:52:26.494]	[   27]	SFTPOperations.OnRequestAttributes EXIT
[2016-08-04 09:52:26.494]	[   27]	=============================================================
[2016-08-04 09:52:26.494]	[   27]	=============================================================
[2016-08-04 09:52:26.494]	[   27]	SFTPOperations.OnOpenFile ENTER (3)
[2016-08-04 09:52:26.494]	[   27]	              [in][sender]=SBSftpServer.TElSFTPServer
[2016-08-04 09:52:26.494]	[   27]	              [in][path]=/\\TestSession_3fa6d353-67a9-4459-af18-9b046f39983a/e5d8dbcc-3c49-4c0b-afe6-95a93a5d782f.txt
[2016-08-04 09:52:26.494]	[   27]	              [in][modes]=1
[2016-08-04 09:52:26.494]	[   27]	              [in][Access]=0
[2016-08-04 09:52:26.494]	[   27]	              [in][desiredAccess]=1
[2016-08-04 09:52:26.494]	[   27]	              [in][attributes]=SBSftpCommon.TElSftpFileAttributes
[2016-08-04 09:52:26.494]	[   27]	              [in][data]=
[2016-08-04 09:52:26.494]	[   27]	              [in][errorCode]=0
[2016-08-04 09:52:26.494]	[   27]	              [in][comment]=
[2016-08-04 09:52:26.494]	[   27]	              [out][data]=
[2016-08-04 09:52:26.494]	[   27]	              [out][errorCode]=0
[2016-08-04 09:52:26.494]	[   27]	              [out][comment]=
[2016-08-04 09:52:26.494]	[   27]	SFTPOperations.OnOpenFile EXIT
[2016-08-04 09:52:26.494]	[   27]	=============================================================
[2016-08-04 09:52:26.495]	[   27]	=============================================================
[2016-08-04 09:52:26.495]	[   27]	SFTPOperations.OnReadFile ENTER (1)
[2016-08-04 09:52:26.495]	[   27]	              [in][sender]=SBSftpServer.TElSFTPServer
[2016-08-04 09:52:26.495]	[   27]	              [in][data]=System.IO.FileStream
[2016-08-04 09:52:26.495]	[   27]	              [in][offset]=0
[2016-08-04 09:52:26.495]	[   27]	              [in][buffer]=System.Byte[]
[2016-08-04 09:52:26.495]	[   27]	              [in][bufferOffset]=13
[2016-08-04 09:52:26.495]	[   27]	              [in][count]=3
[2016-08-04 09:52:26.495]	[   27]	              [in][read]=0
[2016-08-04 09:52:26.495]	[   27]	              [in][errorCode]=0
[2016-08-04 09:52:26.495]	[   27]	              [in][comment]=
[2016-08-04 09:52:26.495]	[   27]	              [out][buffer]=System.Byte[]
[2016-08-04 09:52:26.495]	[   27]	              [out][read]=0
[2016-08-04 09:52:26.495]	[   27]	              [out][errorCode]=0
[2016-08-04 09:52:26.495]	[   27]	              [out][comment]=
[2016-08-04 09:52:26.495]	[   27]	SFTPOperations.OnReadFile EXIT
[2016-08-04 09:52:26.495]	[   27]	=============================================================
[2016-08-04 09:52:26.495]	[   27]	=============================================================
[2016-08-04 09:52:26.495]	[   27]	SFTPOperations.OnCloseHandle ENTER (3)
[2016-08-04 09:52:26.495]	[   27]	              [in][sender]=SBSftpServer.TElSFTPServer
[2016-08-04 09:52:26.495]	[   27]	              [in][data]=System.IO.FileStream
[2016-08-04 09:52:26.495]	[   27]	              [in][errorCode]=0
[2016-08-04 09:52:26.495]	[   27]	              [in][comment]=
[2016-08-04 09:52:26.495]	[   27]	              [out][errorCode]=0
[2016-08-04 09:52:26.495]	[   27]	              [out][comment]=
[2016-08-04 09:52:26.495]	[   27]	SFTPOperations.OnCloseHandle EXIT
[2016-08-04 09:52:26.495]	[   27]	=============================================================
[2016-08-04 09:52:26.496]	[   25]	Socket receive operation failed: An established connection was aborted by the software in your host machine
[2016-08-04 09:52:26.496]	[   25]	Closing the socket
[2016-08-04 09:52:26.496]	[   25]	ServerListener.OnSessionClosed()
[2016-08-04 09:52:26.530]	[   30]	ServerListener.Listen : New connection available
[2016-08-04 09:52:26.531]	[   30]	Connection accepted. Active connections 1 from 20
[2016-08-04 09:52:26.623]	[   33]	Subsystem sftp opened
[2016-08-04 09:52:26.623]	[   33]	SFTP server started
[2016-08-04 09:52:26.624]	[   35]	=============================================================
[2016-08-04 09:52:26.624]	[   35]	SFTPOperations.OnOpen ENTER (2)
[2016-08-04 09:52:26.624]	[   35]	              [in][sender]=SBSftpServer.TElSFTPServer
[2016-08-04 09:52:26.624]	[   35]	SFTP connection established
[2016-08-04 09:52:26.624]	[   35]	SFTPOperations.OnOpen EXIT
[2016-08-04 09:52:26.624]	[   35]	=============================================================
[2016-08-04 09:52:26.624]	[   35]	=============================================================
[2016-08-04 09:52:26.624]	[   35]	SFTPOperations.OnRequestAbsolutePath ENTER 
[2016-08-04 09:52:26.624]	[   35]	              [in][sender]=SBSftpServer.TElSFTPServer
[2016-08-04 09:52:26.624]	[   35]	              [in][path]=.
[2016-08-04 09:52:26.624]	[   35]	              [in][absolutePath]=
[2016-08-04 09:52:26.624]	[   35]	              [in][control]=rcNoCheck
[2016-08-04 09:52:26.624]	[   35]	              [in][composePath]=SBStringList.TElStringList
[2016-08-04 09:52:26.624]	[   35]	              [in][errorCode]=0
[2016-08-04 09:52:26.624]	[   35]	              [in][comment]=
[2016-08-04 09:52:26.624]	[   35]	              [out][absolutePath]=
[2016-08-04 09:52:26.624]	[   35]	              [out][errorCode]=0
[2016-08-04 09:52:26.624]	[   35]	              [out][comment]=
[2016-08-04 09:52:26.624]	[   35]	SFTPOperations.OnRequestAbsolutePath EXIT
[2016-08-04 09:52:26.624]	[   35]	=============================================================
[2016-08-04 09:52:26.624]	[   35]	=============================================================
[2016-08-04 09:52:26.624]	[   35]	SFTPOperations.OnFindFirst ENTER 
[2016-08-04 09:52:26.625]	[   35]	              [in][sender]=SBSftpServer.TElSFTPServer
[2016-08-04 09:52:26.625]	[   35]	              [in][path]=\\TestSession_3fa6d353-67a9-4459-af18-9b046f39983a/
[2016-08-04 09:52:26.625]	[   35]	              [in][data]=
[2016-08-04 09:52:26.625]	[   35]	              [in][info]=SBSftpCommon.TElSftpFileInfo
[2016-08-04 09:52:26.625]	[   35]	              [in][errorCode]=0
[2016-08-04 09:52:26.625]	[   35]	              [in][comment]=
[2016-08-04 09:52:26.625]	[   35]	              [out][data]=
[2016-08-04 09:52:26.625]	[   35]	              [out][errorCode]=0
[2016-08-04 09:52:26.625]	[   35]	              [out][comment]=
[2016-08-04 09:52:26.625]	[   35]	SFTPOperations.OnFindFirst EXIT
[2016-08-04 09:52:26.625]	[   35]	=============================================================
[2016-08-04 09:52:26.625]	[   35]	=============================================================
[2016-08-04 09:52:26.625]	[   35]	SFTPOperations.OnFindNext ENTER 
[2016-08-04 09:52:26.625]	[   35]	              [in][sender]=SBSftpServer.TElSFTPServer
[2016-08-04 09:52:26.625]	[   35]	              [in][data]=
[2016-08-04 09:52:26.625]	[   35]	              [in][info]=SBSftpCommon.TElSftpFileInfo
[2016-08-04 09:52:26.625]	[   35]	              [in][errorCode]=0
[2016-08-04 09:52:26.625]	[   35]	              [in][comment]=
[2016-08-04 09:52:26.626]	[   35]	              [out][errorCode]=0
[2016-08-04 09:52:26.626]	[   35]	              [out][comment]=
[2016-08-04 09:52:26.626]	[   35]	SFTPOperations.OnFindNext EXIT
[2016-08-04 09:52:26.626]	[   35]	=============================================================
[2016-08-04 09:52:26.626]	[   35]	=============================================================
[2016-08-04 09:52:26.626]	[   35]	SFTPOperations.OnFindNext ENTER 
[2016-08-04 09:52:26.626]	[   35]	              [in][sender]=SBSftpServer.TElSFTPServer
[2016-08-04 09:52:26.626]	[   35]	              [in][data]=
[2016-08-04 09:52:26.626]	[   35]	              [in][info]=SBSftpCommon.TElSftpFileInfo
[2016-08-04 09:52:26.626]	[   35]	              [in][errorCode]=0
[2016-08-04 09:52:26.626]	[   35]	              [in][comment]=
[2016-08-04 09:52:26.626]	[   35]	              [out][errorCode]=0
[2016-08-04 09:52:26.626]	[   35]	              [out][comment]=
[2016-08-04 09:52:26.626]	[   35]	SFTPOperations.OnFindNext EXIT
[2016-08-04 09:52:26.626]	[   35]	=============================================================
[2016-08-04 09:52:26.626]	[   35]	=============================================================
[2016-08-04 09:52:26.626]	[   35]	SFTPOperations.OnFindNext ENTER 
[2016-08-04 09:52:26.626]	[   35]	              [in][sender]=SBSftpServer.TElSFTPServer
[2016-08-04 09:52:26.626]	[   35]	              [in][data]=
[2016-08-04 09:52:26.626]	[   35]	              [in][info]=SBSftpCommon.TElSftpFileInfo
[2016-08-04 09:52:26.626]	[   35]	              [in][errorCode]=0
[2016-08-04 09:52:26.626]	[   35]	              [in][comment]=
[2016-08-04 09:52:26.626]	[   35]	              [out][errorCode]=0
[2016-08-04 09:52:26.626]	[   35]	              [out][comment]=
[2016-08-04 09:52:26.626]	[   35]	SFTPOperations.OnFindNext EXIT
[2016-08-04 09:52:26.626]	[   35]	=============================================================
[2016-08-04 09:52:26.627]	[   35]	=============================================================
[2016-08-04 09:52:26.627]	[   35]	SFTPOperations.OnFindClose ENTER 
[2016-08-04 09:52:26.627]	[   35]	              [in][sender]=SBSftpServer.TElSFTPServer
[2016-08-04 09:52:26.627]	[   35]	              [in][searchRec]=
[2016-08-04 09:52:26.627]	[   35]	              [in][errorCode]=1
[2016-08-04 09:52:26.627]	[   35]	              [in][comment]=
[2016-08-04 09:52:26.627]	[   35]	              [out][errorCode]=1
[2016-08-04 09:52:26.627]	[   35]	              [out][comment]=
[2016-08-04 09:52:26.627]	[   35]	SFTPOperations.OnFindClose EXIT
[2016-08-04 09:52:26.627]	[   35]	=============================================================
[2016-08-04 09:52:26.628]	[   35]	=============================================================
[2016-08-04 09:52:26.628]	[   35]	SFTPOperations.OnRemove ENTER 
[2016-08-04 09:52:26.628]	[   35]	              [in][sender]=SBSftpServer.TElSFTPServer
[2016-08-04 09:52:26.628]	[   35]	              [in][path]=\\TestSession_3fa6d353-67a9-4459-af18-9b046f39983a/e5d8dbcc-3c49-4c0b-afe6-95a93a5d782f.txt
[2016-08-04 09:52:26.628]	[   35]	              [in][errorCode]=0
[2016-08-04 09:52:26.628]	[   35]	              [in][comment]=
[2016-08-04 09:52:26.628]	[   35]	              [out][errorCode]=0
[2016-08-04 09:52:26.628]	[   35]	              [out][comment]=
[2016-08-04 09:52:26.628]	[   35]	SFTPOperations.OnRemove EXIT
[2016-08-04 09:52:26.628]	[   35]	=============================================================
[2016-08-04 09:52:26.628]	[   35]	=============================================================
[2016-08-04 09:52:26.628]	[   35]	SFTPOperations.OnFindFirst ENTER 
[2016-08-04 09:52:26.628]	[   35]	              [in][sender]=SBSftpServer.TElSFTPServer
[2016-08-04 09:52:26.628]	[   35]	              [in][path]=\\TestSession_3fa6d353-67a9-4459-af18-9b046f39983a/
[2016-08-04 09:52:26.628]	[   35]	              [in][data]=
[2016-08-04 09:52:26.628]	[   35]	              [in][info]=SBSftpCommon.TElSftpFileInfo
[2016-08-04 09:52:26.628]	[   35]	              [in][errorCode]=0
[2016-08-04 09:52:26.628]	[   35]	              [in][comment]=
[2016-08-04 09:52:26.629]	[   35]	              [out][data]=
[2016-08-04 09:52:26.629]	[   35]	              [out][errorCode]=0
[2016-08-04 09:52:26.629]	[   35]	              [out][comment]=
[2016-08-04 09:52:26.629]	[   35]	SFTPOperations.OnFindFirst EXIT
[2016-08-04 09:52:26.629]	[   35]	=============================================================
[2016-08-04 09:52:26.629]	[   35]	=============================================================
[2016-08-04 09:52:26.629]	[   35]	SFTPOperations.OnFindNext ENTER 
[2016-08-04 09:52:26.629]	[   35]	              [in][sender]=SBSftpServer.TElSFTPServer
[2016-08-04 09:52:26.629]	[   35]	              [in][data]=
[2016-08-04 09:52:26.629]	[   35]	              [in][info]=SBSftpCommon.TElSftpFileInfo
[2016-08-04 09:52:26.629]	[   35]	              [in][errorCode]=0
[2016-08-04 09:52:26.629]	[   35]	              [in][comment]=
[2016-08-04 09:52:26.629]	[   35]	              [out][errorCode]=0
[2016-08-04 09:52:26.629]	[   35]	              [out][comment]=
[2016-08-04 09:52:26.629]	[   35]	SFTPOperations.OnFindNext EXIT
[2016-08-04 09:52:26.629]	[   35]	=============================================================
[2016-08-04 09:52:26.629]	[   35]	=============================================================
[2016-08-04 09:52:26.629]	[   35]	SFTPOperations.OnFindNext ENTER 
[2016-08-04 09:52:26.629]	[   35]	              [in][sender]=SBSftpServer.TElSFTPServer
[2016-08-04 09:52:26.629]	[   35]	              [in][data]=
[2016-08-04 09:52:26.629]	[   35]	              [in][info]=SBSftpCommon.TElSftpFileInfo
[2016-08-04 09:52:26.629]	[   35]	              [in][errorCode]=0
[2016-08-04 09:52:26.629]	[   35]	              [in][comment]=
[2016-08-04 09:52:26.629]	[   35]	              [out][errorCode]=0
[2016-08-04 09:52:26.629]	[   35]	              [out][comment]=
[2016-08-04 09:52:26.629]	[   35]	SFTPOperations.OnFindNext EXIT
[2016-08-04 09:52:26.629]	[   35]	=============================================================
[2016-08-04 09:52:26.630]	[   35]	=============================================================
[2016-08-04 09:52:26.630]	[   35]	SFTPOperations.OnFindClose ENTER 
[2016-08-04 09:52:26.630]	[   35]	              [in][sender]=SBSftpServer.TElSFTPServer
[2016-08-04 09:52:26.630]	[   35]	              [in][searchRec]=
[2016-08-04 09:52:26.630]	[   35]	              [in][errorCode]=1
[2016-08-04 09:52:26.630]	[   35]	              [in][comment]=
[2016-08-04 09:52:26.630]	[   35]	              [out][errorCode]=1
[2016-08-04 09:52:26.630]	[   35]	              [out][comment]=
[2016-08-04 09:52:26.630]	[   35]	SFTPOperations.OnFindClose EXIT
[2016-08-04 09:52:26.630]	[   35]	=============================================================
[2016-08-04 09:52:26.630]	[   35]	=============================================================
[2016-08-04 09:52:26.630]	[   35]	SFTPOperations.OnRemove ENTER 
[2016-08-04 09:52:26.630]	[   35]	              [in][sender]=SBSftpServer.TElSFTPServer
[2016-08-04 09:52:26.630]	[   35]	              [in][path]=\\TestSession_3fa6d353-67a9-4459-af18-9b046f39983a/
[2016-08-04 09:52:26.631]	[   35]	              [in][errorCode]=0
[2016-08-04 09:52:26.631]	[   35]	              [in][comment]=
[2016-08-04 09:52:26.631]	[   35]	              [out][errorCode]=0
[2016-08-04 09:52:26.631]	[   35]	              [out][comment]=
[2016-08-04 09:52:26.631]	[   35]	SFTPOperations.OnRemove EXIT
[2016-08-04 09:52:26.631]	[   35]	=============================================================
[2016-08-04 09:52:26.631]	[   19]	Stopping socket listener
[2016-08-04 09:52:26.631]	[   19]	Socket listener stopped
[2016-08-04 09:52:26.631]	[   33]	Socket receive operation failed: An established connection was aborted by the software in your host machine
[2016-08-04 09:52:26.631]	[   33]	Closing the socket
[2016-08-04 09:52:26.631]	[   33]	ServerListener.OnSessionClosed()</StdOut>
      </Output>
    </UnitTestResult>
    <UnitTestResult executionId="e84ca838-0ca1-48bc-acd8-51ca0e8d8f85" testId="d0341e51-f6a7-e49b-9d4d-a2fda0421570" testName="UploadFile_FileExistOnServer_RestartFromMinusOne_Success" computerName="ICSWS068" duration="00:00:00.4178356" startTime="2016-08-04T09:52:26.6558007+02:00" endTime="2016-08-04T09:52:27.0749566+02:00" testType="13cdc9d9-ddb5-4fa4-a97d-d965ccfc6d4b" outcome="Passed" testListId="8c84fa94-04c1-424b-9868-57a2d4851a1d" relativeResultsDirectory="e84ca838-0ca1-48bc-acd8-51ca0e8d8f85">
      <Output>
        <StdOut>Debug Trace:
[2016-08-04 09:52:26.659]	[   34]	Starting SSH server listener...
[2016-08-04 09:52:26.659]	[   34]	SSH server listener started.
[2016-08-04 09:52:26.710]	[   37]	ServerListener.Listen : New connection available
[2016-08-04 09:52:26.710]	[   37]	Connection accepted. Active connections 1 from 20
[2016-08-04 09:52:26.800]	[   41]	Subsystem sftp opened
[2016-08-04 09:52:26.800]	[   41]	SFTP server started
[2016-08-04 09:52:26.801]	[   13]	=============================================================
[2016-08-04 09:52:26.801]	[   13]	SFTPOperations.OnOpen ENTER (3)
[2016-08-04 09:52:26.801]	[   13]	              [in][sender]=SBSftpServer.TElSFTPServer
[2016-08-04 09:52:26.801]	[   13]	SFTP connection established
[2016-08-04 09:52:26.801]	[   13]	SFTPOperations.OnOpen EXIT
[2016-08-04 09:52:26.801]	[   13]	=============================================================
[2016-08-04 09:52:26.801]	[   13]	=============================================================
[2016-08-04 09:52:26.801]	[   13]	SFTPOperations.OnRequestAbsolutePath ENTER 
[2016-08-04 09:52:26.801]	[   13]	              [in][sender]=SBSftpServer.TElSFTPServer
[2016-08-04 09:52:26.801]	[   13]	              [in][path]=.
[2016-08-04 09:52:26.801]	[   13]	              [in][absolutePath]=
[2016-08-04 09:52:26.801]	[   13]	              [in][control]=rcNoCheck
[2016-08-04 09:52:26.801]	[   13]	              [in][composePath]=SBStringList.TElStringList
[2016-08-04 09:52:26.801]	[   13]	              [in][errorCode]=0
[2016-08-04 09:52:26.801]	[   13]	              [in][comment]=
[2016-08-04 09:52:26.801]	[   13]	              [out][absolutePath]=
[2016-08-04 09:52:26.801]	[   13]	              [out][errorCode]=0
[2016-08-04 09:52:26.801]	[   13]	              [out][comment]=
[2016-08-04 09:52:26.801]	[   13]	SFTPOperations.OnRequestAbsolutePath EXIT
[2016-08-04 09:52:26.801]	[   13]	=============================================================
[2016-08-04 09:52:26.801]	[   13]	=============================================================
[2016-08-04 09:52:26.801]	[   13]	SFTPOperations.OnCreateDirectory ENTER 
[2016-08-04 09:52:26.802]	[   13]	              [in][sender]=SBSftpServer.TElSFTPServer
[2016-08-04 09:52:26.802]	[   13]	              [in][path]=\\TestSession_e75e36df-29d4-4f40-a376-7db5f2d848a7
[2016-08-04 09:52:26.802]	[   13]	              [in][attributes]=
[2016-08-04 09:52:26.802]	[   13]	              [in][errorCode]=0
[2016-08-04 09:52:26.802]	[   13]	              [in][comment]=
[2016-08-04 09:52:26.802]	[   13]	              [out][errorCode]=0
[2016-08-04 09:52:26.802]	[   13]	              [out][comment]=
[2016-08-04 09:52:26.802]	[   13]	SFTPOperations.OnCreateDirectory EXIT
[2016-08-04 09:52:26.802]	[   13]	=============================================================
[2016-08-04 09:52:26.802]	[   41]	Socket receive operation failed: An established connection was aborted by the software in your host machine
[2016-08-04 09:52:26.802]	[   41]	Closing the socket
[2016-08-04 09:52:26.802]	[   41]	ServerListener.OnSessionClosed()
[2016-08-04 09:52:26.811]	[   37]	ServerListener.Listen : New connection available
[2016-08-04 09:52:26.812]	[   37]	Connection accepted. Active connections 1 from 20
[2016-08-04 09:52:26.901]	[   38]	Subsystem sftp opened
[2016-08-04 09:52:26.902]	[   38]	SFTP server started
[2016-08-04 09:52:26.902]	[    9]	=============================================================
[2016-08-04 09:52:26.902]	[    9]	SFTPOperations.OnOpen ENTER (1)
[2016-08-04 09:52:26.902]	[    9]	              [in][sender]=SBSftpServer.TElSFTPServer
[2016-08-04 09:52:26.902]	[    9]	SFTP connection established
[2016-08-04 09:52:26.902]	[    9]	SFTPOperations.OnOpen EXIT
[2016-08-04 09:52:26.902]	[    9]	=============================================================
[2016-08-04 09:52:26.902]	[    9]	=============================================================
[2016-08-04 09:52:26.902]	[    9]	SFTPOperations.OnRequestAbsolutePath ENTER 
[2016-08-04 09:52:26.902]	[    9]	              [in][sender]=SBSftpServer.TElSFTPServer
[2016-08-04 09:52:26.902]	[    9]	              [in][path]=.
[2016-08-04 09:52:26.902]	[    9]	              [in][absolutePath]=
[2016-08-04 09:52:26.902]	[    9]	              [in][control]=rcNoCheck
[2016-08-04 09:52:26.902]	[    9]	              [in][composePath]=SBStringList.TElStringList
[2016-08-04 09:52:26.902]	[    9]	              [in][errorCode]=0
[2016-08-04 09:52:26.902]	[    9]	              [in][comment]=
[2016-08-04 09:52:26.902]	[    9]	              [out][absolutePath]=
[2016-08-04 09:52:26.902]	[    9]	              [out][errorCode]=0
[2016-08-04 09:52:26.902]	[    9]	              [out][comment]=
[2016-08-04 09:52:26.903]	[    9]	SFTPOperations.OnRequestAbsolutePath EXIT
[2016-08-04 09:52:26.903]	[    9]	=============================================================
[2016-08-04 09:52:26.903]	[    9]	=============================================================
[2016-08-04 09:52:26.903]	[    9]	SFTPOperations.OnRequestAttributes ENTER 
[2016-08-04 09:52:26.903]	[    9]	              [in][sender]=SBSftpServer.TElSFTPServer
[2016-08-04 09:52:26.903]	[    9]	              [in][path]=\\TestSession_e75e36df-29d4-4f40-a376-7db5f2d848a7
[2016-08-04 09:52:26.903]	[    9]	              [in][followSymLinks]=True
[2016-08-04 09:52:26.903]	[    9]	              [in][attributes]=SBSftpCommon.TElSftpFileAttributes
[2016-08-04 09:52:26.903]	[    9]	              [in][errorCode]=0
[2016-08-04 09:52:26.903]	[    9]	              [in][comment]=
[2016-08-04 09:52:26.903]	[    9]	              [out][errorCode]=0
[2016-08-04 09:52:26.903]	[    9]	              [out][comment]=
[2016-08-04 09:52:26.903]	[    9]	SFTPOperations.OnRequestAttributes EXIT
[2016-08-04 09:52:26.903]	[    9]	=============================================================
[2016-08-04 09:52:26.903]	[    9]	=============================================================
[2016-08-04 09:52:26.903]	[    9]	SFTPOperations.OnOpenFile ENTER (1)
[2016-08-04 09:52:26.903]	[    9]	              [in][sender]=SBSftpServer.TElSFTPServer
[2016-08-04 09:52:26.903]	[    9]	              [in][path]=\\TestSession_e75e36df-29d4-4f40-a376-7db5f2d848a7\a66da657-5de3-450d-8190-4e4b8ba1c808.txt
[2016-08-04 09:52:26.903]	[    9]	              [in][modes]=26
[2016-08-04 09:52:26.903]	[    9]	              [in][Access]=0
[2016-08-04 09:52:26.903]	[    9]	              [in][desiredAccess]=2
[2016-08-04 09:52:26.904]	[    9]	              [in][attributes]=SBSftpCommon.TElSftpFileAttributes
[2016-08-04 09:52:26.904]	[    9]	              [in][data]=
[2016-08-04 09:52:26.904]	[    9]	              [in][errorCode]=0
[2016-08-04 09:52:26.904]	[    9]	              [in][comment]=
[2016-08-04 09:52:26.904]	[    9]	              [out][data]=
[2016-08-04 09:52:26.904]	[    9]	              [out][errorCode]=0
[2016-08-04 09:52:26.904]	[    9]	              [out][comment]=
[2016-08-04 09:52:26.904]	[    9]	SFTPOperations.OnOpenFile EXIT
[2016-08-04 09:52:26.904]	[    9]	=============================================================
[2016-08-04 09:52:26.904]	[    9]	=============================================================
[2016-08-04 09:52:26.904]	[    9]	SFTPOperations.OnWriteFile ENTER (1)
[2016-08-04 09:52:26.904]	[    9]	              [in][sender]=SBSftpServer.TElSFTPServer
[2016-08-04 09:52:26.904]	[    9]	              [in][data]=System.IO.FileStream
[2016-08-04 09:52:26.904]	[    9]	              [in][offset]=0
[2016-08-04 09:52:26.904]	[    9]	              [in][buffer]=System.Byte[]
[2016-08-04 09:52:26.904]	[    9]	              [in][bufferOffset]=25
[2016-08-04 09:52:26.904]	[    9]	              [in][count]=3
[2016-08-04 09:52:26.904]	[    9]	              [in][errorCode]=0
[2016-08-04 09:52:26.904]	[    9]	              [in][comment]=
[2016-08-04 09:52:26.904]	[    9]	              [out][errorCode]=0
[2016-08-04 09:52:26.904]	[    9]	              [out][comment]=
[2016-08-04 09:52:26.904]	[    9]	SFTPOperations.OnWriteFile EXIT
[2016-08-04 09:52:26.904]	[    9]	=============================================================
[2016-08-04 09:52:26.905]	[    9]	=============================================================
[2016-08-04 09:52:26.905]	[    9]	SFTPOperations.OnCloseHandle ENTER (1)
[2016-08-04 09:52:26.905]	[    9]	              [in][sender]=SBSftpServer.TElSFTPServer
[2016-08-04 09:52:26.905]	[    9]	              [in][data]=System.IO.FileStream
[2016-08-04 09:52:26.905]	[    9]	              [in][errorCode]=0
[2016-08-04 09:52:26.905]	[    9]	              [in][comment]=
[2016-08-04 09:52:26.905]	[    9]	              [out][errorCode]=0
[2016-08-04 09:52:26.905]	[    9]	              [out][comment]=
[2016-08-04 09:52:26.905]	[    9]	SFTPOperations.OnCloseHandle EXIT
[2016-08-04 09:52:26.905]	[    9]	=============================================================
[2016-08-04 09:52:26.905]	[    9]	=============================================================
[2016-08-04 09:52:26.905]	[    9]	SFTPOperations.OnRequestAttributes ENTER 
[2016-08-04 09:52:26.905]	[    9]	              [in][sender]=SBSftpServer.TElSFTPServer
[2016-08-04 09:52:26.905]	[    9]	              [in][path]=\\TestSession_e75e36df-29d4-4f40-a376-7db5f2d848a7\a66da657-5de3-450d-8190-4e4b8ba1c808.txt
[2016-08-04 09:52:26.905]	[    9]	              [in][followSymLinks]=True
[2016-08-04 09:52:26.905]	[    9]	              [in][attributes]=SBSftpCommon.TElSftpFileAttributes
[2016-08-04 09:52:26.905]	[    9]	              [in][errorCode]=0
[2016-08-04 09:52:26.905]	[    9]	              [in][comment]=
[2016-08-04 09:52:26.905]	[    9]	              [out][errorCode]=0
[2016-08-04 09:52:26.906]	[    9]	              [out][comment]=
[2016-08-04 09:52:26.906]	[    9]	SFTPOperations.OnRequestAttributes EXIT
[2016-08-04 09:52:26.906]	[    9]	=============================================================
[2016-08-04 09:52:26.906]	[    9]	=============================================================
[2016-08-04 09:52:26.906]	[    9]	SFTPOperations.OnRequestAttributes ENTER 
[2016-08-04 09:52:26.906]	[    9]	              [in][sender]=SBSftpServer.TElSFTPServer
[2016-08-04 09:52:26.906]	[    9]	              [in][path]=\\TestSession_e75e36df-29d4-4f40-a376-7db5f2d848a7
[2016-08-04 09:52:26.906]	[    9]	              [in][followSymLinks]=True
[2016-08-04 09:52:26.906]	[    9]	              [in][attributes]=SBSftpCommon.TElSftpFileAttributes
[2016-08-04 09:52:26.906]	[    9]	              [in][errorCode]=0
[2016-08-04 09:52:26.906]	[    9]	              [in][comment]=
[2016-08-04 09:52:26.906]	[    9]	              [out][errorCode]=0
[2016-08-04 09:52:26.906]	[    9]	              [out][comment]=
[2016-08-04 09:52:26.906]	[    9]	SFTPOperations.OnRequestAttributes EXIT
[2016-08-04 09:52:26.906]	[    9]	=============================================================
[2016-08-04 09:52:26.906]	[    9]	=============================================================
[2016-08-04 09:52:26.906]	[    9]	SFTPOperations.OnOpenFile ENTER (2)
[2016-08-04 09:52:26.906]	[    9]	              [in][sender]=SBSftpServer.TElSFTPServer
[2016-08-04 09:52:26.906]	[    9]	              [in][path]=\\TestSession_e75e36df-29d4-4f40-a376-7db5f2d848a7\a66da657-5de3-450d-8190-4e4b8ba1c808.txt
[2016-08-04 09:52:26.907]	[    9]	              [in][modes]=134
[2016-08-04 09:52:26.907]	[    9]	              [in][Access]=0
[2016-08-04 09:52:26.907]	[    9]	              [in][desiredAccess]=6
[2016-08-04 09:52:26.907]	[    9]	              [in][attributes]=SBSftpCommon.TElSftpFileAttributes
[2016-08-04 09:52:26.907]	[    9]	              [in][data]=
[2016-08-04 09:52:26.907]	[    9]	              [in][errorCode]=0
[2016-08-04 09:52:26.907]	[    9]	              [in][comment]=
[2016-08-04 09:52:26.907]	[    9]	              [out][data]=
[2016-08-04 09:52:26.907]	[    9]	              [out][errorCode]=0
[2016-08-04 09:52:26.907]	[    9]	              [out][comment]=
[2016-08-04 09:52:26.907]	[    9]	SFTPOperations.OnOpenFile EXIT
[2016-08-04 09:52:26.907]	[    9]	=============================================================
[2016-08-04 09:52:26.907]	[    9]	=============================================================
[2016-08-04 09:52:26.907]	[    9]	SFTPOperations.OnWriteFile ENTER (2)
[2016-08-04 09:52:26.907]	[    9]	              [in][sender]=SBSftpServer.TElSFTPServer
[2016-08-04 09:52:26.907]	[    9]	              [in][data]=System.IO.FileStream
[2016-08-04 09:52:26.907]	[    9]	              [in][offset]=3
[2016-08-04 09:52:26.907]	[    9]	              [in][buffer]=System.Byte[]
[2016-08-04 09:52:26.907]	[    9]	              [in][bufferOffset]=25
[2016-08-04 09:52:26.907]	[    9]	              [in][count]=3
[2016-08-04 09:52:26.907]	[    9]	              [in][errorCode]=0
[2016-08-04 09:52:26.907]	[    9]	              [in][comment]=
[2016-08-04 09:52:26.907]	[    9]	              [out][errorCode]=0
[2016-08-04 09:52:26.907]	[    9]	              [out][comment]=
[2016-08-04 09:52:26.907]	[    9]	SFTPOperations.OnWriteFile EXIT
[2016-08-04 09:52:26.907]	[    9]	=============================================================
[2016-08-04 09:52:26.908]	[    9]	=============================================================
[2016-08-04 09:52:26.908]	[    9]	SFTPOperations.OnCloseHandle ENTER (2)
[2016-08-04 09:52:26.908]	[    9]	              [in][sender]=SBSftpServer.TElSFTPServer
[2016-08-04 09:52:26.908]	[    9]	              [in][data]=System.IO.FileStream
[2016-08-04 09:52:26.908]	[    9]	              [in][errorCode]=0
[2016-08-04 09:52:26.908]	[    9]	              [in][comment]=
[2016-08-04 09:52:26.910]	[    9]	              [out][errorCode]=0
[2016-08-04 09:52:26.910]	[    9]	              [out][comment]=
[2016-08-04 09:52:26.910]	[    9]	SFTPOperations.OnCloseHandle EXIT
[2016-08-04 09:52:26.910]	[    9]	=============================================================
[2016-08-04 09:52:26.911]	[    9]	=============================================================
[2016-08-04 09:52:26.911]	[    9]	SFTPOperations.OnFindFirst ENTER 
[2016-08-04 09:52:26.911]	[    9]	              [in][sender]=SBSftpServer.TElSFTPServer
[2016-08-04 09:52:26.911]	[    9]	              [in][path]=\\TestSession_e75e36df-29d4-4f40-a376-7db5f2d848a7
[2016-08-04 09:52:26.911]	[    9]	              [in][data]=
[2016-08-04 09:52:26.911]	[    9]	              [in][info]=SBSftpCommon.TElSftpFileInfo
[2016-08-04 09:52:26.911]	[    9]	              [in][errorCode]=0
[2016-08-04 09:52:26.911]	[    9]	              [in][comment]=
[2016-08-04 09:52:26.911]	[    9]	              [out][data]=
[2016-08-04 09:52:26.911]	[    9]	              [out][errorCode]=0
[2016-08-04 09:52:26.911]	[    9]	              [out][comment]=
[2016-08-04 09:52:26.911]	[    9]	SFTPOperations.OnFindFirst EXIT
[2016-08-04 09:52:26.911]	[    9]	=============================================================
[2016-08-04 09:52:26.912]	[    9]	=============================================================
[2016-08-04 09:52:26.912]	[    9]	SFTPOperations.OnFindNext ENTER 
[2016-08-04 09:52:26.912]	[    9]	              [in][sender]=SBSftpServer.TElSFTPServer
[2016-08-04 09:52:26.912]	[    9]	              [in][data]=
[2016-08-04 09:52:26.912]	[    9]	              [in][info]=SBSftpCommon.TElSftpFileInfo
[2016-08-04 09:52:26.912]	[    9]	              [in][errorCode]=0
[2016-08-04 09:52:26.912]	[    9]	              [in][comment]=
[2016-08-04 09:52:26.912]	[    9]	              [out][errorCode]=0
[2016-08-04 09:52:26.912]	[    9]	              [out][comment]=
[2016-08-04 09:52:26.912]	[    9]	SFTPOperations.OnFindNext EXIT
[2016-08-04 09:52:26.912]	[    9]	=============================================================
[2016-08-04 09:52:26.912]	[    9]	=============================================================
[2016-08-04 09:52:26.912]	[    9]	SFTPOperations.OnFindNext ENTER 
[2016-08-04 09:52:26.912]	[    9]	              [in][sender]=SBSftpServer.TElSFTPServer
[2016-08-04 09:52:26.912]	[    9]	              [in][data]=
[2016-08-04 09:52:26.912]	[    9]	              [in][info]=SBSftpCommon.TElSftpFileInfo
[2016-08-04 09:52:26.912]	[    9]	              [in][errorCode]=0
[2016-08-04 09:52:26.912]	[    9]	              [in][comment]=
[2016-08-04 09:52:26.912]	[    9]	              [out][errorCode]=0
[2016-08-04 09:52:26.912]	[    9]	              [out][comment]=
[2016-08-04 09:52:26.912]	[    9]	SFTPOperations.OnFindNext EXIT
[2016-08-04 09:52:26.912]	[    9]	=============================================================
[2016-08-04 09:52:26.912]	[    9]	=============================================================
[2016-08-04 09:52:26.912]	[    9]	SFTPOperations.OnFindNext ENTER 
[2016-08-04 09:52:26.912]	[    9]	              [in][sender]=SBSftpServer.TElSFTPServer
[2016-08-04 09:52:26.912]	[    9]	              [in][data]=
[2016-08-04 09:52:26.912]	[    9]	              [in][info]=SBSftpCommon.TElSftpFileInfo
[2016-08-04 09:52:26.912]	[    9]	              [in][errorCode]=0
[2016-08-04 09:52:26.912]	[    9]	              [in][comment]=
[2016-08-04 09:52:26.912]	[    9]	              [out][errorCode]=0
[2016-08-04 09:52:26.912]	[    9]	              [out][comment]=
[2016-08-04 09:52:26.912]	[    9]	SFTPOperations.OnFindNext EXIT
[2016-08-04 09:52:26.912]	[    9]	=============================================================
[2016-08-04 09:52:26.913]	[    9]	=============================================================
[2016-08-04 09:52:26.913]	[    9]	SFTPOperations.OnFindClose ENTER 
[2016-08-04 09:52:26.913]	[    9]	              [in][sender]=SBSftpServer.TElSFTPServer
[2016-08-04 09:52:26.913]	[    9]	              [in][searchRec]=
[2016-08-04 09:52:26.913]	[    9]	              [in][errorCode]=1
[2016-08-04 09:52:26.913]	[    9]	              [in][comment]=
[2016-08-04 09:52:26.913]	[    9]	              [out][errorCode]=1
[2016-08-04 09:52:26.913]	[    9]	              [out][comment]=
[2016-08-04 09:52:26.913]	[    9]	SFTPOperations.OnFindClose EXIT
[2016-08-04 09:52:26.913]	[    9]	=============================================================
[2016-08-04 09:52:26.913]	[    9]	=============================================================
[2016-08-04 09:52:26.913]	[    9]	SFTPOperations.OnRequestAttributes ENTER 
[2016-08-04 09:52:26.913]	[    9]	              [in][sender]=SBSftpServer.TElSFTPServer
[2016-08-04 09:52:26.914]	[    9]	              [in][path]=\\TestSession_e75e36df-29d4-4f40-a376-7db5f2d848a7\a66da657-5de3-450d-8190-4e4b8ba1c808.txt
[2016-08-04 09:52:26.914]	[    9]	              [in][followSymLinks]=True
[2016-08-04 09:52:26.914]	[    9]	              [in][attributes]=SBSftpCommon.TElSftpFileAttributes
[2016-08-04 09:52:26.914]	[    9]	              [in][errorCode]=0
[2016-08-04 09:52:26.914]	[    9]	              [in][comment]=
[2016-08-04 09:52:26.914]	[    9]	              [out][errorCode]=0
[2016-08-04 09:52:26.914]	[    9]	              [out][comment]=
[2016-08-04 09:52:26.914]	[    9]	SFTPOperations.OnRequestAttributes EXIT
[2016-08-04 09:52:26.914]	[    9]	=============================================================
[2016-08-04 09:52:26.914]	[    9]	=============================================================
[2016-08-04 09:52:26.914]	[    9]	SFTPOperations.OnOpenFile ENTER (3)
[2016-08-04 09:52:26.914]	[    9]	              [in][sender]=SBSftpServer.TElSFTPServer
[2016-08-04 09:52:26.914]	[    9]	              [in][path]=\\TestSession_e75e36df-29d4-4f40-a376-7db5f2d848a7\a66da657-5de3-450d-8190-4e4b8ba1c808.txt
[2016-08-04 09:52:26.914]	[    9]	              [in][modes]=1
[2016-08-04 09:52:26.914]	[    9]	              [in][Access]=0
[2016-08-04 09:52:26.914]	[    9]	              [in][desiredAccess]=1
[2016-08-04 09:52:26.914]	[    9]	              [in][attributes]=SBSftpCommon.TElSftpFileAttributes
[2016-08-04 09:52:26.914]	[    9]	              [in][data]=
[2016-08-04 09:52:26.914]	[    9]	              [in][errorCode]=0
[2016-08-04 09:52:26.914]	[    9]	              [in][comment]=
[2016-08-04 09:52:26.914]	[    9]	              [out][data]=
[2016-08-04 09:52:26.914]	[    9]	              [out][errorCode]=0
[2016-08-04 09:52:26.914]	[    9]	              [out][comment]=
[2016-08-04 09:52:26.914]	[    9]	SFTPOperations.OnOpenFile EXIT
[2016-08-04 09:52:26.914]	[    9]	=============================================================
[2016-08-04 09:52:26.915]	[    9]	=============================================================
[2016-08-04 09:52:26.915]	[    9]	SFTPOperations.OnReadFile ENTER (1)
[2016-08-04 09:52:26.915]	[    9]	              [in][sender]=SBSftpServer.TElSFTPServer
[2016-08-04 09:52:26.915]	[    9]	              [in][data]=System.IO.FileStream
[2016-08-04 09:52:26.915]	[    9]	              [in][offset]=0
[2016-08-04 09:52:26.915]	[    9]	              [in][buffer]=System.Byte[]
[2016-08-04 09:52:26.915]	[    9]	              [in][bufferOffset]=13
[2016-08-04 09:52:26.915]	[    9]	              [in][count]=6
[2016-08-04 09:52:26.915]	[    9]	              [in][read]=0
[2016-08-04 09:52:26.915]	[    9]	              [in][errorCode]=0
[2016-08-04 09:52:26.915]	[    9]	              [in][comment]=
[2016-08-04 09:52:26.915]	[    9]	              [out][buffer]=System.Byte[]
[2016-08-04 09:52:26.915]	[    9]	              [out][read]=0
[2016-08-04 09:52:26.915]	[    9]	              [out][errorCode]=0
[2016-08-04 09:52:26.915]	[    9]	              [out][comment]=
[2016-08-04 09:52:26.915]	[    9]	SFTPOperations.OnReadFile EXIT
[2016-08-04 09:52:26.915]	[    9]	=============================================================
[2016-08-04 09:52:26.915]	[    9]	=============================================================
[2016-08-04 09:52:26.915]	[    9]	SFTPOperations.OnCloseHandle ENTER (3)
[2016-08-04 09:52:26.915]	[    9]	              [in][sender]=SBSftpServer.TElSFTPServer
[2016-08-04 09:52:26.915]	[    9]	              [in][data]=System.IO.FileStream
[2016-08-04 09:52:26.915]	[    9]	              [in][errorCode]=0
[2016-08-04 09:52:26.916]	[    9]	              [in][comment]=
[2016-08-04 09:52:26.916]	[    9]	              [out][errorCode]=0
[2016-08-04 09:52:26.916]	[    9]	              [out][comment]=
[2016-08-04 09:52:26.916]	[    9]	SFTPOperations.OnCloseHandle EXIT
[2016-08-04 09:52:26.916]	[    9]	=============================================================
[2016-08-04 09:52:26.916]	[   38]	Socket receive operation failed: An established connection was aborted by the software in your host machine
[2016-08-04 09:52:26.916]	[   38]	Closing the socket
[2016-08-04 09:52:26.916]	[   38]	ServerListener.OnSessionClosed()
[2016-08-04 09:52:26.963]	[   37]	ServerListener.Listen : New connection available
[2016-08-04 09:52:26.963]	[   37]	Connection accepted. Active connections 1 from 20
[2016-08-04 09:52:27.053]	[   42]	Subsystem sftp opened
[2016-08-04 09:52:27.054]	[   42]	SFTP server started
[2016-08-04 09:52:27.054]	[   45]	=============================================================
[2016-08-04 09:52:27.054]	[   45]	SFTPOperations.OnOpen ENTER (2)
[2016-08-04 09:52:27.054]	[   45]	              [in][sender]=SBSftpServer.TElSFTPServer
[2016-08-04 09:52:27.054]	[   45]	SFTP connection established
[2016-08-04 09:52:27.054]	[   45]	SFTPOperations.OnOpen EXIT
[2016-08-04 09:52:27.054]	[   45]	=============================================================
[2016-08-04 09:52:27.054]	[   45]	=============================================================
[2016-08-04 09:52:27.054]	[   45]	SFTPOperations.OnRequestAbsolutePath ENTER 
[2016-08-04 09:52:27.054]	[   45]	              [in][sender]=SBSftpServer.TElSFTPServer
[2016-08-04 09:52:27.054]	[   45]	              [in][path]=.
[2016-08-04 09:52:27.054]	[   45]	              [in][absolutePath]=
[2016-08-04 09:52:27.054]	[   45]	              [in][control]=rcNoCheck
[2016-08-04 09:52:27.054]	[   45]	              [in][composePath]=SBStringList.TElStringList
[2016-08-04 09:52:27.054]	[   45]	              [in][errorCode]=0
[2016-08-04 09:52:27.054]	[   45]	              [in][comment]=
[2016-08-04 09:52:27.054]	[   45]	              [out][absolutePath]=
[2016-08-04 09:52:27.054]	[   45]	              [out][errorCode]=0
[2016-08-04 09:52:27.054]	[   45]	              [out][comment]=
[2016-08-04 09:52:27.054]	[   45]	SFTPOperations.OnRequestAbsolutePath EXIT
[2016-08-04 09:52:27.054]	[   45]	=============================================================
[2016-08-04 09:52:27.055]	[   45]	=============================================================
[2016-08-04 09:52:27.055]	[   45]	SFTPOperations.OnFindFirst ENTER 
[2016-08-04 09:52:27.055]	[   45]	              [in][sender]=SBSftpServer.TElSFTPServer
[2016-08-04 09:52:27.055]	[   45]	              [in][path]=\\TestSession_e75e36df-29d4-4f40-a376-7db5f2d848a7/
[2016-08-04 09:52:27.055]	[   45]	              [in][data]=
[2016-08-04 09:52:27.055]	[   45]	              [in][info]=SBSftpCommon.TElSftpFileInfo
[2016-08-04 09:52:27.055]	[   45]	              [in][errorCode]=0
[2016-08-04 09:52:27.055]	[   45]	              [in][comment]=
[2016-08-04 09:52:27.055]	[   45]	              [out][data]=
[2016-08-04 09:52:27.055]	[   45]	              [out][errorCode]=0
[2016-08-04 09:52:27.055]	[   45]	              [out][comment]=
[2016-08-04 09:52:27.055]	[   45]	SFTPOperations.OnFindFirst EXIT
[2016-08-04 09:52:27.055]	[   45]	=============================================================
[2016-08-04 09:52:27.055]	[   45]	=============================================================
[2016-08-04 09:52:27.056]	[   45]	SFTPOperations.OnFindNext ENTER 
[2016-08-04 09:52:27.056]	[   45]	              [in][sender]=SBSftpServer.TElSFTPServer
[2016-08-04 09:52:27.056]	[   45]	              [in][data]=
[2016-08-04 09:52:27.056]	[   45]	              [in][info]=SBSftpCommon.TElSftpFileInfo
[2016-08-04 09:52:27.056]	[   45]	              [in][errorCode]=0
[2016-08-04 09:52:27.056]	[   45]	              [in][comment]=
[2016-08-04 09:52:27.056]	[   45]	              [out][errorCode]=0
[2016-08-04 09:52:27.056]	[   45]	              [out][comment]=
[2016-08-04 09:52:27.056]	[   45]	SFTPOperations.OnFindNext EXIT
[2016-08-04 09:52:27.056]	[   45]	=============================================================
[2016-08-04 09:52:27.056]	[   45]	=============================================================
[2016-08-04 09:52:27.056]	[   45]	SFTPOperations.OnFindNext ENTER 
[2016-08-04 09:52:27.056]	[   45]	              [in][sender]=SBSftpServer.TElSFTPServer
[2016-08-04 09:52:27.056]	[   45]	              [in][data]=
[2016-08-04 09:52:27.056]	[   45]	              [in][info]=SBSftpCommon.TElSftpFileInfo
[2016-08-04 09:52:27.056]	[   45]	              [in][errorCode]=0
[2016-08-04 09:52:27.056]	[   45]	              [in][comment]=
[2016-08-04 09:52:27.056]	[   45]	              [out][errorCode]=0
[2016-08-04 09:52:27.056]	[   45]	              [out][comment]=
[2016-08-04 09:52:27.056]	[   45]	SFTPOperations.OnFindNext EXIT
[2016-08-04 09:52:27.056]	[   45]	=============================================================
[2016-08-04 09:52:27.056]	[   45]	=============================================================
[2016-08-04 09:52:27.056]	[   45]	SFTPOperations.OnFindNext ENTER 
[2016-08-04 09:52:27.056]	[   45]	              [in][sender]=SBSftpServer.TElSFTPServer
[2016-08-04 09:52:27.056]	[   45]	              [in][data]=
[2016-08-04 09:52:27.056]	[   45]	              [in][info]=SBSftpCommon.TElSftpFileInfo
[2016-08-04 09:52:27.056]	[   45]	              [in][errorCode]=0
[2016-08-04 09:52:27.056]	[   45]	              [in][comment]=
[2016-08-04 09:52:27.056]	[   45]	              [out][errorCode]=0
[2016-08-04 09:52:27.056]	[   45]	              [out][comment]=
[2016-08-04 09:52:27.056]	[   45]	SFTPOperations.OnFindNext EXIT
[2016-08-04 09:52:27.056]	[   45]	=============================================================
[2016-08-04 09:52:27.057]	[   45]	=============================================================
[2016-08-04 09:52:27.057]	[   45]	SFTPOperations.OnFindClose ENTER 
[2016-08-04 09:52:27.057]	[   45]	              [in][sender]=SBSftpServer.TElSFTPServer
[2016-08-04 09:52:27.057]	[   45]	              [in][searchRec]=
[2016-08-04 09:52:27.057]	[   45]	              [in][errorCode]=1
[2016-08-04 09:52:27.057]	[   45]	              [in][comment]=
[2016-08-04 09:52:27.057]	[   45]	              [out][errorCode]=1
[2016-08-04 09:52:27.057]	[   45]	              [out][comment]=
[2016-08-04 09:52:27.057]	[   45]	SFTPOperations.OnFindClose EXIT
[2016-08-04 09:52:27.057]	[   45]	=============================================================
[2016-08-04 09:52:27.057]	[   45]	=============================================================
[2016-08-04 09:52:27.057]	[   45]	SFTPOperations.OnRemove ENTER 
[2016-08-04 09:52:27.057]	[   45]	              [in][sender]=SBSftpServer.TElSFTPServer
[2016-08-04 09:52:27.057]	[   45]	              [in][path]=\\TestSession_e75e36df-29d4-4f40-a376-7db5f2d848a7/a66da657-5de3-450d-8190-4e4b8ba1c808.txt
[2016-08-04 09:52:27.057]	[   45]	              [in][errorCode]=0
[2016-08-04 09:52:27.057]	[   45]	              [in][comment]=
[2016-08-04 09:52:27.057]	[   45]	              [out][errorCode]=0
[2016-08-04 09:52:27.058]	[   45]	              [out][comment]=
[2016-08-04 09:52:27.058]	[   45]	SFTPOperations.OnRemove EXIT
[2016-08-04 09:52:27.058]	[   45]	=============================================================
[2016-08-04 09:52:27.058]	[   45]	=============================================================
[2016-08-04 09:52:27.058]	[   45]	SFTPOperations.OnFindFirst ENTER 
[2016-08-04 09:52:27.058]	[   45]	              [in][sender]=SBSftpServer.TElSFTPServer
[2016-08-04 09:52:27.058]	[   45]	              [in][path]=\\TestSession_e75e36df-29d4-4f40-a376-7db5f2d848a7/
[2016-08-04 09:52:27.058]	[   45]	              [in][data]=
[2016-08-04 09:52:27.058]	[   45]	              [in][info]=SBSftpCommon.TElSftpFileInfo
[2016-08-04 09:52:27.058]	[   45]	              [in][errorCode]=0
[2016-08-04 09:52:27.058]	[   45]	              [in][comment]=
[2016-08-04 09:52:27.058]	[   45]	              [out][data]=
[2016-08-04 09:52:27.058]	[   45]	              [out][errorCode]=0
[2016-08-04 09:52:27.058]	[   45]	              [out][comment]=
[2016-08-04 09:52:27.058]	[   45]	SFTPOperations.OnFindFirst EXIT
[2016-08-04 09:52:27.058]	[   45]	=============================================================
[2016-08-04 09:52:27.059]	[   45]	=============================================================
[2016-08-04 09:52:27.059]	[   45]	SFTPOperations.OnFindNext ENTER 
[2016-08-04 09:52:27.059]	[   45]	              [in][sender]=SBSftpServer.TElSFTPServer
[2016-08-04 09:52:27.059]	[   45]	              [in][data]=
[2016-08-04 09:52:27.059]	[   45]	              [in][info]=SBSftpCommon.TElSftpFileInfo
[2016-08-04 09:52:27.059]	[   45]	              [in][errorCode]=0
[2016-08-04 09:52:27.059]	[   45]	              [in][comment]=
[2016-08-04 09:52:27.059]	[   45]	              [out][errorCode]=0
[2016-08-04 09:52:27.059]	[   45]	              [out][comment]=
[2016-08-04 09:52:27.059]	[   45]	SFTPOperations.OnFindNext EXIT
[2016-08-04 09:52:27.059]	[   45]	=============================================================
[2016-08-04 09:52:27.059]	[   45]	=============================================================
[2016-08-04 09:52:27.059]	[   45]	SFTPOperations.OnFindNext ENTER 
[2016-08-04 09:52:27.059]	[   45]	              [in][sender]=SBSftpServer.TElSFTPServer
[2016-08-04 09:52:27.059]	[   45]	              [in][data]=
[2016-08-04 09:52:27.059]	[   45]	              [in][info]=SBSftpCommon.TElSftpFileInfo
[2016-08-04 09:52:27.059]	[   45]	              [in][errorCode]=0
[2016-08-04 09:52:27.059]	[   45]	              [in][comment]=
[2016-08-04 09:52:27.059]	[   45]	              [out][errorCode]=0
[2016-08-04 09:52:27.059]	[   45]	              [out][comment]=
[2016-08-04 09:52:27.059]	[   45]	SFTPOperations.OnFindNext EXIT
[2016-08-04 09:52:27.059]	[   45]	=============================================================
[2016-08-04 09:52:27.063]	[   45]	=============================================================
[2016-08-04 09:52:27.063]	[   45]	SFTPOperations.OnFindClose ENTER 
[2016-08-04 09:52:27.063]	[   45]	              [in][sender]=SBSftpServer.TElSFTPServer
[2016-08-04 09:52:27.063]	[   45]	              [in][searchRec]=
[2016-08-04 09:52:27.063]	[   45]	              [in][errorCode]=1
[2016-08-04 09:52:27.063]	[   45]	              [in][comment]=
[2016-08-04 09:52:27.063]	[   45]	              [out][errorCode]=1
[2016-08-04 09:52:27.063]	[   45]	              [out][comment]=
[2016-08-04 09:52:27.063]	[   45]	SFTPOperations.OnFindClose EXIT
[2016-08-04 09:52:27.063]	[   45]	=============================================================
[2016-08-04 09:52:27.063]	[   45]	=============================================================
[2016-08-04 09:52:27.063]	[   45]	SFTPOperations.OnRemove ENTER 
[2016-08-04 09:52:27.063]	[   45]	              [in][sender]=SBSftpServer.TElSFTPServer
[2016-08-04 09:52:27.063]	[   45]	              [in][path]=\\TestSession_e75e36df-29d4-4f40-a376-7db5f2d848a7/
[2016-08-04 09:52:27.063]	[   45]	              [in][errorCode]=0
[2016-08-04 09:52:27.063]	[   45]	              [in][comment]=
[2016-08-04 09:52:27.064]	[   45]	              [out][errorCode]=0
[2016-08-04 09:52:27.064]	[   45]	              [out][comment]=
[2016-08-04 09:52:27.064]	[   45]	SFTPOperations.OnRemove EXIT
[2016-08-04 09:52:27.064]	[   45]	=============================================================
[2016-08-04 09:52:27.064]	[   34]	Stopping socket listener
[2016-08-04 09:52:27.064]	[   34]	Socket listener stopped
[2016-08-04 09:52:27.064]	[   42]	Socket receive operation failed: An established connection was aborted by the software in your host machine
[2016-08-04 09:52:27.064]	[   42]	Closing the socket
[2016-08-04 09:52:27.064]	[   42]	ServerListener.OnSessionClosed()</StdOut>
      </Output>
    </UnitTestResult>
    <UnitTestResult executionId="9b28cbbe-fc91-4226-9bed-0d2104badd0b" testId="8c107bb2-6401-d22c-3078-472be46a813a" testName="UploadFile_StreamPositionNotSetToZero_EntireStreamUploaded" computerName="ICSWS068" duration="00:00:00.4209731" startTime="2016-08-04T09:52:27.0789440+02:00" endTime="2016-08-04T09:52:27.5013280+02:00" testType="13cdc9d9-ddb5-4fa4-a97d-d965ccfc6d4b" outcome="Passed" testListId="8c84fa94-04c1-424b-9868-57a2d4851a1d" relativeResultsDirectory="9b28cbbe-fc91-4226-9bed-0d2104badd0b">
      <Output>
        <StdOut>Debug Trace:
[2016-08-04 09:52:27.082]	[   13]	Starting SSH server listener...
[2016-08-04 09:52:27.082]	[   13]	SSH server listener started.
[2016-08-04 09:52:27.133]	[    9]	ServerListener.Listen : New connection available
[2016-08-04 09:52:27.134]	[    9]	Connection accepted. Active connections 1 from 20
[2016-08-04 09:52:27.224]	[   41]	Subsystem sftp opened
[2016-08-04 09:52:27.224]	[   41]	SFTP server started
[2016-08-04 09:52:27.225]	[   35]	=============================================================
[2016-08-04 09:52:27.225]	[   35]	SFTPOperations.OnOpen ENTER (3)
[2016-08-04 09:52:27.225]	[   35]	              [in][sender]=SBSftpServer.TElSFTPServer
[2016-08-04 09:52:27.225]	[   35]	SFTP connection established
[2016-08-04 09:52:27.225]	[   35]	SFTPOperations.OnOpen EXIT
[2016-08-04 09:52:27.225]	[   35]	=============================================================
[2016-08-04 09:52:27.225]	[   35]	=============================================================
[2016-08-04 09:52:27.225]	[   35]	SFTPOperations.OnRequestAbsolutePath ENTER 
[2016-08-04 09:52:27.225]	[   35]	              [in][sender]=SBSftpServer.TElSFTPServer
[2016-08-04 09:52:27.225]	[   35]	              [in][path]=.
[2016-08-04 09:52:27.225]	[   35]	              [in][absolutePath]=
[2016-08-04 09:52:27.225]	[   35]	              [in][control]=rcNoCheck
[2016-08-04 09:52:27.225]	[   35]	              [in][composePath]=SBStringList.TElStringList
[2016-08-04 09:52:27.225]	[   35]	              [in][errorCode]=0
[2016-08-04 09:52:27.225]	[   35]	              [in][comment]=
[2016-08-04 09:52:27.225]	[   35]	              [out][absolutePath]=
[2016-08-04 09:52:27.225]	[   35]	              [out][errorCode]=0
[2016-08-04 09:52:27.225]	[   35]	              [out][comment]=
[2016-08-04 09:52:27.225]	[   35]	SFTPOperations.OnRequestAbsolutePath EXIT
[2016-08-04 09:52:27.225]	[   35]	=============================================================
[2016-08-04 09:52:27.225]	[   35]	=============================================================
[2016-08-04 09:52:27.225]	[   35]	SFTPOperations.OnCreateDirectory ENTER 
[2016-08-04 09:52:27.225]	[   35]	              [in][sender]=SBSftpServer.TElSFTPServer
[2016-08-04 09:52:27.226]	[   35]	              [in][path]=\\TestSession_0def5059-79b3-4e25-9be0-f8bb6b9b7b86
[2016-08-04 09:52:27.226]	[   35]	              [in][attributes]=
[2016-08-04 09:52:27.226]	[   35]	              [in][errorCode]=0
[2016-08-04 09:52:27.226]	[   35]	              [in][comment]=
[2016-08-04 09:52:27.226]	[   35]	              [out][errorCode]=0
[2016-08-04 09:52:27.226]	[   35]	              [out][comment]=
[2016-08-04 09:52:27.226]	[   35]	SFTPOperations.OnCreateDirectory EXIT
[2016-08-04 09:52:27.226]	[   35]	=============================================================
[2016-08-04 09:52:27.227]	[   41]	Socket receive operation failed: An established connection was aborted by the software in your host machine
[2016-08-04 09:52:27.227]	[   41]	Closing the socket
[2016-08-04 09:52:27.227]	[   41]	ServerListener.OnSessionClosed()
[2016-08-04 09:52:27.234]	[    9]	ServerListener.Listen : New connection available
[2016-08-04 09:52:27.235]	[    9]	Connection accepted. Active connections 1 from 20
[2016-08-04 09:52:27.337]	[   33]	Subsystem sftp opened
[2016-08-04 09:52:27.338]	[   33]	SFTP server started
[2016-08-04 09:52:27.338]	[   27]	=============================================================
[2016-08-04 09:52:27.338]	[   27]	SFTPOperations.OnOpen ENTER (1)
[2016-08-04 09:52:27.339]	[   27]	              [in][sender]=SBSftpServer.TElSFTPServer
[2016-08-04 09:52:27.339]	[   27]	SFTP connection established
[2016-08-04 09:52:27.339]	[   27]	SFTPOperations.OnOpen EXIT
[2016-08-04 09:52:27.339]	[   27]	=============================================================
[2016-08-04 09:52:27.339]	[   27]	=============================================================
[2016-08-04 09:52:27.339]	[   27]	SFTPOperations.OnRequestAbsolutePath ENTER 
[2016-08-04 09:52:27.339]	[   27]	              [in][sender]=SBSftpServer.TElSFTPServer
[2016-08-04 09:52:27.339]	[   27]	              [in][path]=.
[2016-08-04 09:52:27.339]	[   27]	              [in][absolutePath]=
[2016-08-04 09:52:27.339]	[   27]	              [in][control]=rcNoCheck
[2016-08-04 09:52:27.339]	[   27]	              [in][composePath]=SBStringList.TElStringList
[2016-08-04 09:52:27.339]	[   27]	              [in][errorCode]=0
[2016-08-04 09:52:27.339]	[   27]	              [in][comment]=
[2016-08-04 09:52:27.339]	[   27]	              [out][absolutePath]=
[2016-08-04 09:52:27.339]	[   27]	              [out][errorCode]=0
[2016-08-04 09:52:27.339]	[   27]	              [out][comment]=
[2016-08-04 09:52:27.339]	[   27]	SFTPOperations.OnRequestAbsolutePath EXIT
[2016-08-04 09:52:27.339]	[   27]	=============================================================
[2016-08-04 09:52:27.339]	[   27]	=============================================================
[2016-08-04 09:52:27.339]	[   27]	SFTPOperations.OnRequestAttributes ENTER 
[2016-08-04 09:52:27.339]	[   27]	              [in][sender]=SBSftpServer.TElSFTPServer
[2016-08-04 09:52:27.339]	[   27]	              [in][path]=\\TestSession_0def5059-79b3-4e25-9be0-f8bb6b9b7b86\21b06d76-6817-480f-8f8d-ca799b1ec3ab.txt
[2016-08-04 09:52:27.339]	[   27]	              [in][followSymLinks]=True
[2016-08-04 09:52:27.339]	[   27]	              [in][attributes]=SBSftpCommon.TElSftpFileAttributes
[2016-08-04 09:52:27.339]	[   27]	              [in][errorCode]=0
[2016-08-04 09:52:27.339]	[   27]	              [in][comment]=
[2016-08-04 09:52:27.339]	[   27]	              [out][errorCode]=0
[2016-08-04 09:52:27.339]	[   27]	              [out][comment]=
[2016-08-04 09:52:27.339]	[   27]	SFTPOperations.OnRequestAttributes EXIT
[2016-08-04 09:52:27.339]	[   27]	=============================================================
[2016-08-04 09:52:27.340]	[   27]	=============================================================
[2016-08-04 09:52:27.340]	[   27]	SFTPOperations.OnRequestAttributes ENTER 
[2016-08-04 09:52:27.340]	[   27]	              [in][sender]=SBSftpServer.TElSFTPServer
[2016-08-04 09:52:27.340]	[   27]	              [in][path]=\\TestSession_0def5059-79b3-4e25-9be0-f8bb6b9b7b86
[2016-08-04 09:52:27.340]	[   27]	              [in][followSymLinks]=True
[2016-08-04 09:52:27.340]	[   27]	              [in][attributes]=SBSftpCommon.TElSftpFileAttributes
[2016-08-04 09:52:27.340]	[   27]	              [in][errorCode]=2
[2016-08-04 09:52:27.340]	[   27]	              [in][comment]=No such file
[2016-08-04 09:52:27.340]	[   27]	              [out][errorCode]=2
[2016-08-04 09:52:27.340]	[   27]	              [out][comment]=No such file
[2016-08-04 09:52:27.340]	[   27]	SFTPOperations.OnRequestAttributes EXIT
[2016-08-04 09:52:27.340]	[   27]	=============================================================
[2016-08-04 09:52:27.340]	[   27]	=============================================================
[2016-08-04 09:52:27.341]	[   27]	SFTPOperations.OnOpenFile ENTER (1)
[2016-08-04 09:52:27.341]	[   27]	              [in][sender]=SBSftpServer.TElSFTPServer
[2016-08-04 09:52:27.341]	[   27]	              [in][path]=\\TestSession_0def5059-79b3-4e25-9be0-f8bb6b9b7b86\21b06d76-6817-480f-8f8d-ca799b1ec3ab.txt
[2016-08-04 09:52:27.341]	[   27]	              [in][modes]=26
[2016-08-04 09:52:27.341]	[   27]	              [in][Access]=0
[2016-08-04 09:52:27.341]	[   27]	              [in][desiredAccess]=2
[2016-08-04 09:52:27.341]	[   27]	              [in][attributes]=SBSftpCommon.TElSftpFileAttributes
[2016-08-04 09:52:27.341]	[   27]	              [in][data]=
[2016-08-04 09:52:27.341]	[   27]	              [in][errorCode]=0
[2016-08-04 09:52:27.341]	[   27]	              [in][comment]=No such file
[2016-08-04 09:52:27.341]	[   27]	              [out][data]=
[2016-08-04 09:52:27.341]	[   27]	              [out][errorCode]=0
[2016-08-04 09:52:27.341]	[   27]	              [out][comment]=No such file
[2016-08-04 09:52:27.341]	[   27]	SFTPOperations.OnOpenFile EXIT
[2016-08-04 09:52:27.341]	[   27]	=============================================================
[2016-08-04 09:52:27.341]	[   27]	=============================================================
[2016-08-04 09:52:27.341]	[   27]	SFTPOperations.OnWriteFile ENTER (1)
[2016-08-04 09:52:27.341]	[   27]	              [in][sender]=SBSftpServer.TElSFTPServer
[2016-08-04 09:52:27.341]	[   27]	              [in][data]=System.IO.FileStream
[2016-08-04 09:52:27.341]	[   27]	              [in][offset]=0
[2016-08-04 09:52:27.341]	[   27]	              [in][buffer]=System.Byte[]
[2016-08-04 09:52:27.342]	[   27]	              [in][bufferOffset]=25
[2016-08-04 09:52:27.342]	[   27]	              [in][count]=3
[2016-08-04 09:52:27.342]	[   27]	              [in][errorCode]=0
[2016-08-04 09:52:27.342]	[   27]	              [in][comment]=No such file
[2016-08-04 09:52:27.342]	[   27]	              [out][errorCode]=0
[2016-08-04 09:52:27.342]	[   27]	              [out][comment]=No such file
[2016-08-04 09:52:27.342]	[   27]	SFTPOperations.OnWriteFile EXIT
[2016-08-04 09:52:27.342]	[   27]	=============================================================
[2016-08-04 09:52:27.342]	[   27]	=============================================================
[2016-08-04 09:52:27.342]	[   27]	SFTPOperations.OnCloseHandle ENTER (1)
[2016-08-04 09:52:27.342]	[   27]	              [in][sender]=SBSftpServer.TElSFTPServer
[2016-08-04 09:52:27.342]	[   27]	              [in][data]=System.IO.FileStream
[2016-08-04 09:52:27.342]	[   27]	              [in][errorCode]=0
[2016-08-04 09:52:27.342]	[   27]	              [in][comment]=No such file
[2016-08-04 09:52:27.342]	[   27]	              [out][errorCode]=0
[2016-08-04 09:52:27.342]	[   27]	              [out][comment]=No such file
[2016-08-04 09:52:27.342]	[   27]	SFTPOperations.OnCloseHandle EXIT
[2016-08-04 09:52:27.342]	[   27]	=============================================================
[2016-08-04 09:52:27.343]	[   27]	=============================================================
[2016-08-04 09:52:27.343]	[   27]	SFTPOperations.OnFindFirst ENTER 
[2016-08-04 09:52:27.343]	[   27]	              [in][sender]=SBSftpServer.TElSFTPServer
[2016-08-04 09:52:27.343]	[   27]	              [in][path]=\\TestSession_0def5059-79b3-4e25-9be0-f8bb6b9b7b86
[2016-08-04 09:52:27.343]	[   27]	              [in][data]=
[2016-08-04 09:52:27.343]	[   27]	              [in][info]=SBSftpCommon.TElSftpFileInfo
[2016-08-04 09:52:27.343]	[   27]	              [in][errorCode]=0
[2016-08-04 09:52:27.343]	[   27]	              [in][comment]=No such file
[2016-08-04 09:52:27.343]	[   27]	              [out][data]=
[2016-08-04 09:52:27.343]	[   27]	              [out][errorCode]=0
[2016-08-04 09:52:27.343]	[   27]	              [out][comment]=No such file
[2016-08-04 09:52:27.343]	[   27]	SFTPOperations.OnFindFirst EXIT
[2016-08-04 09:52:27.343]	[   27]	=============================================================
[2016-08-04 09:52:27.344]	[   27]	=============================================================
[2016-08-04 09:52:27.344]	[   27]	SFTPOperations.OnFindNext ENTER 
[2016-08-04 09:52:27.344]	[   27]	              [in][sender]=SBSftpServer.TElSFTPServer
[2016-08-04 09:52:27.344]	[   27]	              [in][data]=
[2016-08-04 09:52:27.344]	[   27]	              [in][info]=SBSftpCommon.TElSftpFileInfo
[2016-08-04 09:52:27.344]	[   27]	              [in][errorCode]=0
[2016-08-04 09:52:27.344]	[   27]	              [in][comment]=
[2016-08-04 09:52:27.344]	[   27]	              [out][errorCode]=0
[2016-08-04 09:52:27.344]	[   27]	              [out][comment]=
[2016-08-04 09:52:27.344]	[   27]	SFTPOperations.OnFindNext EXIT
[2016-08-04 09:52:27.344]	[   27]	=============================================================
[2016-08-04 09:52:27.344]	[   27]	=============================================================
[2016-08-04 09:52:27.344]	[   27]	SFTPOperations.OnFindNext ENTER 
[2016-08-04 09:52:27.344]	[   27]	              [in][sender]=SBSftpServer.TElSFTPServer
[2016-08-04 09:52:27.344]	[   27]	              [in][data]=
[2016-08-04 09:52:27.344]	[   27]	              [in][info]=SBSftpCommon.TElSftpFileInfo
[2016-08-04 09:52:27.344]	[   27]	              [in][errorCode]=0
[2016-08-04 09:52:27.344]	[   27]	              [in][comment]=
[2016-08-04 09:52:27.344]	[   27]	              [out][errorCode]=0
[2016-08-04 09:52:27.344]	[   27]	              [out][comment]=
[2016-08-04 09:52:27.344]	[   27]	SFTPOperations.OnFindNext EXIT
[2016-08-04 09:52:27.344]	[   27]	=============================================================
[2016-08-04 09:52:27.344]	[   27]	=============================================================
[2016-08-04 09:52:27.345]	[   27]	SFTPOperations.OnFindNext ENTER 
[2016-08-04 09:52:27.345]	[   27]	              [in][sender]=SBSftpServer.TElSFTPServer
[2016-08-04 09:52:27.345]	[   27]	              [in][data]=
[2016-08-04 09:52:27.345]	[   27]	              [in][info]=SBSftpCommon.TElSftpFileInfo
[2016-08-04 09:52:27.345]	[   27]	              [in][errorCode]=0
[2016-08-04 09:52:27.345]	[   27]	              [in][comment]=
[2016-08-04 09:52:27.345]	[   27]	              [out][errorCode]=0
[2016-08-04 09:52:27.345]	[   27]	              [out][comment]=
[2016-08-04 09:52:27.345]	[   27]	SFTPOperations.OnFindNext EXIT
[2016-08-04 09:52:27.345]	[   27]	=============================================================
[2016-08-04 09:52:27.345]	[   27]	=============================================================
[2016-08-04 09:52:27.345]	[   27]	SFTPOperations.OnFindClose ENTER 
[2016-08-04 09:52:27.345]	[   27]	              [in][sender]=SBSftpServer.TElSFTPServer
[2016-08-04 09:52:27.345]	[   27]	              [in][searchRec]=
[2016-08-04 09:52:27.345]	[   27]	              [in][errorCode]=1
[2016-08-04 09:52:27.345]	[   27]	              [in][comment]=
[2016-08-04 09:52:27.345]	[   27]	              [out][errorCode]=1
[2016-08-04 09:52:27.345]	[   27]	              [out][comment]=
[2016-08-04 09:52:27.345]	[   27]	SFTPOperations.OnFindClose EXIT
[2016-08-04 09:52:27.346]	[   27]	=============================================================
[2016-08-04 09:52:27.346]	[   27]	=============================================================
[2016-08-04 09:52:27.346]	[   27]	SFTPOperations.OnRequestAttributes ENTER 
[2016-08-04 09:52:27.346]	[   27]	              [in][sender]=SBSftpServer.TElSFTPServer
[2016-08-04 09:52:27.346]	[   27]	              [in][path]=\\TestSession_0def5059-79b3-4e25-9be0-f8bb6b9b7b86\21b06d76-6817-480f-8f8d-ca799b1ec3ab.txt
[2016-08-04 09:52:27.346]	[   27]	              [in][followSymLinks]=True
[2016-08-04 09:52:27.346]	[   27]	              [in][attributes]=SBSftpCommon.TElSftpFileAttributes
[2016-08-04 09:52:27.346]	[   27]	              [in][errorCode]=0
[2016-08-04 09:52:27.346]	[   27]	              [in][comment]=
[2016-08-04 09:52:27.346]	[   27]	              [out][errorCode]=0
[2016-08-04 09:52:27.346]	[   27]	              [out][comment]=
[2016-08-04 09:52:27.346]	[   27]	SFTPOperations.OnRequestAttributes EXIT
[2016-08-04 09:52:27.346]	[   27]	=============================================================
[2016-08-04 09:52:27.347]	[   27]	=============================================================
[2016-08-04 09:52:27.347]	[   27]	SFTPOperations.OnOpenFile ENTER (2)
[2016-08-04 09:52:27.347]	[   27]	              [in][sender]=SBSftpServer.TElSFTPServer
[2016-08-04 09:52:27.347]	[   27]	              [in][path]=\\TestSession_0def5059-79b3-4e25-9be0-f8bb6b9b7b86\21b06d76-6817-480f-8f8d-ca799b1ec3ab.txt
[2016-08-04 09:52:27.347]	[   27]	              [in][modes]=1
[2016-08-04 09:52:27.347]	[   27]	              [in][Access]=0
[2016-08-04 09:52:27.347]	[   27]	              [in][desiredAccess]=1
[2016-08-04 09:52:27.347]	[   27]	              [in][attributes]=SBSftpCommon.TElSftpFileAttributes
[2016-08-04 09:52:27.347]	[   27]	              [in][data]=
[2016-08-04 09:52:27.347]	[   27]	              [in][errorCode]=0
[2016-08-04 09:52:27.347]	[   27]	              [in][comment]=
[2016-08-04 09:52:27.347]	[   27]	              [out][data]=
[2016-08-04 09:52:27.347]	[   27]	              [out][errorCode]=0
[2016-08-04 09:52:27.347]	[   27]	              [out][comment]=
[2016-08-04 09:52:27.347]	[   27]	SFTPOperations.OnOpenFile EXIT
[2016-08-04 09:52:27.347]	[   27]	=============================================================
[2016-08-04 09:52:27.347]	[   27]	=============================================================
[2016-08-04 09:52:27.347]	[   27]	SFTPOperations.OnReadFile ENTER (1)
[2016-08-04 09:52:27.347]	[   27]	              [in][sender]=SBSftpServer.TElSFTPServer
[2016-08-04 09:52:27.347]	[   27]	              [in][data]=System.IO.FileStream
[2016-08-04 09:52:27.347]	[   27]	              [in][offset]=0
[2016-08-04 09:52:27.347]	[   27]	              [in][buffer]=System.Byte[]
[2016-08-04 09:52:27.347]	[   27]	              [in][bufferOffset]=13
[2016-08-04 09:52:27.347]	[   27]	              [in][count]=3
[2016-08-04 09:52:27.347]	[   27]	              [in][read]=0
[2016-08-04 09:52:27.347]	[   27]	              [in][errorCode]=0
[2016-08-04 09:52:27.347]	[   27]	              [in][comment]=
[2016-08-04 09:52:27.347]	[   27]	              [out][buffer]=System.Byte[]
[2016-08-04 09:52:27.348]	[   27]	              [out][read]=0
[2016-08-04 09:52:27.348]	[   27]	              [out][errorCode]=0
[2016-08-04 09:52:27.348]	[   27]	              [out][comment]=
[2016-08-04 09:52:27.348]	[   27]	SFTPOperations.OnReadFile EXIT
[2016-08-04 09:52:27.348]	[   27]	=============================================================
[2016-08-04 09:52:27.348]	[   27]	=============================================================
[2016-08-04 09:52:27.348]	[   27]	SFTPOperations.OnCloseHandle ENTER (2)
[2016-08-04 09:52:27.348]	[   27]	              [in][sender]=SBSftpServer.TElSFTPServer
[2016-08-04 09:52:27.348]	[   27]	              [in][data]=System.IO.FileStream
[2016-08-04 09:52:27.348]	[   27]	              [in][errorCode]=0
[2016-08-04 09:52:27.348]	[   27]	              [in][comment]=
[2016-08-04 09:52:27.348]	[   27]	              [out][errorCode]=0
[2016-08-04 09:52:27.348]	[   27]	              [out][comment]=
[2016-08-04 09:52:27.348]	[   27]	SFTPOperations.OnCloseHandle EXIT
[2016-08-04 09:52:27.348]	[   27]	=============================================================
[2016-08-04 09:52:27.348]	[   33]	Socket receive operation failed: An established connection was aborted by the software in your host machine
[2016-08-04 09:52:27.349]	[   33]	Closing the socket
[2016-08-04 09:52:27.349]	[   33]	ServerListener.OnSessionClosed()
[2016-08-04 09:52:27.386]	[    9]	ServerListener.Listen : New connection available
[2016-08-04 09:52:27.386]	[    9]	Connection accepted. Active connections 1 from 20
[2016-08-04 09:52:27.482]	[   25]	Subsystem sftp opened
[2016-08-04 09:52:27.483]	[   25]	SFTP server started
[2016-08-04 09:52:27.483]	[   19]	=============================================================
[2016-08-04 09:52:27.483]	[   19]	SFTPOperations.OnOpen ENTER (2)
[2016-08-04 09:52:27.483]	[   19]	              [in][sender]=SBSftpServer.TElSFTPServer
[2016-08-04 09:52:27.483]	[   19]	SFTP connection established
[2016-08-04 09:52:27.483]	[   19]	SFTPOperations.OnOpen EXIT
[2016-08-04 09:52:27.483]	[   19]	=============================================================
[2016-08-04 09:52:27.484]	[   19]	=============================================================
[2016-08-04 09:52:27.484]	[   19]	SFTPOperations.OnRequestAbsolutePath ENTER 
[2016-08-04 09:52:27.484]	[   19]	              [in][sender]=SBSftpServer.TElSFTPServer
[2016-08-04 09:52:27.484]	[   19]	              [in][path]=.
[2016-08-04 09:52:27.484]	[   19]	              [in][absolutePath]=
[2016-08-04 09:52:27.484]	[   19]	              [in][control]=rcNoCheck
[2016-08-04 09:52:27.484]	[   19]	              [in][composePath]=SBStringList.TElStringList
[2016-08-04 09:52:27.484]	[   19]	              [in][errorCode]=0
[2016-08-04 09:52:27.484]	[   19]	              [in][comment]=
[2016-08-04 09:52:27.484]	[   19]	              [out][absolutePath]=
[2016-08-04 09:52:27.484]	[   19]	              [out][errorCode]=0
[2016-08-04 09:52:27.484]	[   19]	              [out][comment]=
[2016-08-04 09:52:27.484]	[   19]	SFTPOperations.OnRequestAbsolutePath EXIT
[2016-08-04 09:52:27.484]	[   19]	=============================================================
[2016-08-04 09:52:27.484]	[   19]	=============================================================
[2016-08-04 09:52:27.484]	[   19]	SFTPOperations.OnFindFirst ENTER 
[2016-08-04 09:52:27.484]	[   19]	              [in][sender]=SBSftpServer.TElSFTPServer
[2016-08-04 09:52:27.484]	[   19]	              [in][path]=\\TestSession_0def5059-79b3-4e25-9be0-f8bb6b9b7b86/
[2016-08-04 09:52:27.484]	[   19]	              [in][data]=
[2016-08-04 09:52:27.484]	[   19]	              [in][info]=SBSftpCommon.TElSftpFileInfo
[2016-08-04 09:52:27.484]	[   19]	              [in][errorCode]=0
[2016-08-04 09:52:27.484]	[   19]	              [in][comment]=
[2016-08-04 09:52:27.484]	[   19]	              [out][data]=
[2016-08-04 09:52:27.484]	[   19]	              [out][errorCode]=0
[2016-08-04 09:52:27.484]	[   19]	              [out][comment]=
[2016-08-04 09:52:27.484]	[   19]	SFTPOperations.OnFindFirst EXIT
[2016-08-04 09:52:27.484]	[   19]	=============================================================
[2016-08-04 09:52:27.485]	[   19]	=============================================================
[2016-08-04 09:52:27.485]	[   19]	SFTPOperations.OnFindNext ENTER 
[2016-08-04 09:52:27.485]	[   19]	              [in][sender]=SBSftpServer.TElSFTPServer
[2016-08-04 09:52:27.485]	[   19]	              [in][data]=
[2016-08-04 09:52:27.485]	[   19]	              [in][info]=SBSftpCommon.TElSftpFileInfo
[2016-08-04 09:52:27.485]	[   19]	              [in][errorCode]=0
[2016-08-04 09:52:27.485]	[   19]	              [in][comment]=
[2016-08-04 09:52:27.485]	[   19]	              [out][errorCode]=0
[2016-08-04 09:52:27.485]	[   19]	              [out][comment]=
[2016-08-04 09:52:27.485]	[   19]	SFTPOperations.OnFindNext EXIT
[2016-08-04 09:52:27.485]	[   19]	=============================================================
[2016-08-04 09:52:27.485]	[   19]	=============================================================
[2016-08-04 09:52:27.485]	[   19]	SFTPOperations.OnFindNext ENTER 
[2016-08-04 09:52:27.485]	[   19]	              [in][sender]=SBSftpServer.TElSFTPServer
[2016-08-04 09:52:27.485]	[   19]	              [in][data]=
[2016-08-04 09:52:27.485]	[   19]	              [in][info]=SBSftpCommon.TElSftpFileInfo
[2016-08-04 09:52:27.485]	[   19]	              [in][errorCode]=0
[2016-08-04 09:52:27.485]	[   19]	              [in][comment]=
[2016-08-04 09:52:27.485]	[   19]	              [out][errorCode]=0
[2016-08-04 09:52:27.485]	[   19]	              [out][comment]=
[2016-08-04 09:52:27.485]	[   19]	SFTPOperations.OnFindNext EXIT
[2016-08-04 09:52:27.485]	[   19]	=============================================================
[2016-08-04 09:52:27.485]	[   19]	=============================================================
[2016-08-04 09:52:27.485]	[   19]	SFTPOperations.OnFindNext ENTER 
[2016-08-04 09:52:27.485]	[   19]	              [in][sender]=SBSftpServer.TElSFTPServer
[2016-08-04 09:52:27.485]	[   19]	              [in][data]=
[2016-08-04 09:52:27.485]	[   19]	              [in][info]=SBSftpCommon.TElSftpFileInfo
[2016-08-04 09:52:27.485]	[   19]	              [in][errorCode]=0
[2016-08-04 09:52:27.485]	[   19]	              [in][comment]=
[2016-08-04 09:52:27.485]	[   19]	              [out][errorCode]=0
[2016-08-04 09:52:27.485]	[   19]	              [out][comment]=
[2016-08-04 09:52:27.485]	[   19]	SFTPOperations.OnFindNext EXIT
[2016-08-04 09:52:27.485]	[   19]	=============================================================
[2016-08-04 09:52:27.486]	[   19]	=============================================================
[2016-08-04 09:52:27.486]	[   19]	SFTPOperations.OnFindClose ENTER 
[2016-08-04 09:52:27.486]	[   19]	              [in][sender]=SBSftpServer.TElSFTPServer
[2016-08-04 09:52:27.486]	[   19]	              [in][searchRec]=
[2016-08-04 09:52:27.486]	[   19]	              [in][errorCode]=1
[2016-08-04 09:52:27.486]	[   19]	              [in][comment]=
[2016-08-04 09:52:27.486]	[   19]	              [out][errorCode]=1
[2016-08-04 09:52:27.486]	[   19]	              [out][comment]=
[2016-08-04 09:52:27.486]	[   19]	SFTPOperations.OnFindClose EXIT
[2016-08-04 09:52:27.486]	[   19]	=============================================================
[2016-08-04 09:52:27.486]	[   19]	=============================================================
[2016-08-04 09:52:27.486]	[   19]	SFTPOperations.OnRemove ENTER 
[2016-08-04 09:52:27.486]	[   19]	              [in][sender]=SBSftpServer.TElSFTPServer
[2016-08-04 09:52:27.486]	[   19]	              [in][path]=\\TestSession_0def5059-79b3-4e25-9be0-f8bb6b9b7b86/21b06d76-6817-480f-8f8d-ca799b1ec3ab.txt
[2016-08-04 09:52:27.486]	[   19]	              [in][errorCode]=0
[2016-08-04 09:52:27.486]	[   19]	              [in][comment]=
[2016-08-04 09:52:27.487]	[   19]	              [out][errorCode]=0
[2016-08-04 09:52:27.487]	[   19]	              [out][comment]=
[2016-08-04 09:52:27.487]	[   19]	SFTPOperations.OnRemove EXIT
[2016-08-04 09:52:27.487]	[   19]	=============================================================
[2016-08-04 09:52:27.487]	[   19]	=============================================================
[2016-08-04 09:52:27.487]	[   19]	SFTPOperations.OnFindFirst ENTER 
[2016-08-04 09:52:27.487]	[   19]	              [in][sender]=SBSftpServer.TElSFTPServer
[2016-08-04 09:52:27.487]	[   19]	              [in][path]=\\TestSession_0def5059-79b3-4e25-9be0-f8bb6b9b7b86/
[2016-08-04 09:52:27.487]	[   19]	              [in][data]=
[2016-08-04 09:52:27.487]	[   19]	              [in][info]=SBSftpCommon.TElSftpFileInfo
[2016-08-04 09:52:27.487]	[   19]	              [in][errorCode]=0
[2016-08-04 09:52:27.487]	[   19]	              [in][comment]=
[2016-08-04 09:52:27.487]	[   19]	              [out][data]=
[2016-08-04 09:52:27.487]	[   19]	              [out][errorCode]=0
[2016-08-04 09:52:27.487]	[   19]	              [out][comment]=
[2016-08-04 09:52:27.487]	[   19]	SFTPOperations.OnFindFirst EXIT
[2016-08-04 09:52:27.487]	[   19]	=============================================================
[2016-08-04 09:52:27.488]	[   19]	=============================================================
[2016-08-04 09:52:27.488]	[   19]	SFTPOperations.OnFindNext ENTER 
[2016-08-04 09:52:27.488]	[   19]	              [in][sender]=SBSftpServer.TElSFTPServer
[2016-08-04 09:52:27.488]	[   19]	              [in][data]=
[2016-08-04 09:52:27.488]	[   19]	              [in][info]=SBSftpCommon.TElSftpFileInfo
[2016-08-04 09:52:27.488]	[   19]	              [in][errorCode]=0
[2016-08-04 09:52:27.488]	[   19]	              [in][comment]=
[2016-08-04 09:52:27.488]	[   19]	              [out][errorCode]=0
[2016-08-04 09:52:27.488]	[   19]	              [out][comment]=
[2016-08-04 09:52:27.488]	[   19]	SFTPOperations.OnFindNext EXIT
[2016-08-04 09:52:27.488]	[   19]	=============================================================
[2016-08-04 09:52:27.488]	[   19]	=============================================================
[2016-08-04 09:52:27.488]	[   19]	SFTPOperations.OnFindNext ENTER 
[2016-08-04 09:52:27.488]	[   19]	              [in][sender]=SBSftpServer.TElSFTPServer
[2016-08-04 09:52:27.488]	[   19]	              [in][data]=
[2016-08-04 09:52:27.488]	[   19]	              [in][info]=SBSftpCommon.TElSftpFileInfo
[2016-08-04 09:52:27.488]	[   19]	              [in][errorCode]=0
[2016-08-04 09:52:27.488]	[   19]	              [in][comment]=
[2016-08-04 09:52:27.488]	[   19]	              [out][errorCode]=0
[2016-08-04 09:52:27.488]	[   19]	              [out][comment]=
[2016-08-04 09:52:27.488]	[   19]	SFTPOperations.OnFindNext EXIT
[2016-08-04 09:52:27.488]	[   19]	=============================================================
[2016-08-04 09:52:27.489]	[   19]	=============================================================
[2016-08-04 09:52:27.489]	[   19]	SFTPOperations.OnFindClose ENTER 
[2016-08-04 09:52:27.489]	[   19]	              [in][sender]=SBSftpServer.TElSFTPServer
[2016-08-04 09:52:27.489]	[   19]	              [in][searchRec]=
[2016-08-04 09:52:27.489]	[   19]	              [in][errorCode]=1
[2016-08-04 09:52:27.489]	[   19]	              [in][comment]=
[2016-08-04 09:52:27.489]	[   19]	              [out][errorCode]=1
[2016-08-04 09:52:27.489]	[   19]	              [out][comment]=
[2016-08-04 09:52:27.489]	[   19]	SFTPOperations.OnFindClose EXIT
[2016-08-04 09:52:27.489]	[   19]	=============================================================
[2016-08-04 09:52:27.489]	[   19]	=============================================================
[2016-08-04 09:52:27.489]	[   19]	SFTPOperations.OnRemove ENTER 
[2016-08-04 09:52:27.489]	[   19]	              [in][sender]=SBSftpServer.TElSFTPServer
[2016-08-04 09:52:27.489]	[   19]	              [in][path]=\\TestSession_0def5059-79b3-4e25-9be0-f8bb6b9b7b86/
[2016-08-04 09:52:27.489]	[   19]	              [in][errorCode]=0
[2016-08-04 09:52:27.489]	[   19]	              [in][comment]=
[2016-08-04 09:52:27.489]	[   19]	              [out][errorCode]=0
[2016-08-04 09:52:27.490]	[   19]	              [out][comment]=
[2016-08-04 09:52:27.490]	[   19]	SFTPOperations.OnRemove EXIT
[2016-08-04 09:52:27.490]	[   19]	=============================================================
[2016-08-04 09:52:27.490]	[   13]	Stopping socket listener
[2016-08-04 09:52:27.490]	[   13]	Socket listener stopped
[2016-08-04 09:52:27.490]	[   25]	Socket receive operation failed: An established connection was aborted by the software in your host machine
[2016-08-04 09:52:27.490]	[   25]	Closing the socket
[2016-08-04 09:52:27.490]	[   25]	ServerListener.OnSessionClosed()</StdOut>
      </Output>
    </UnitTestResult>
    <UnitTestResult executionId="d028fbed-2e35-4751-ac5f-d57729228667" testId="778c997c-75fc-f834-fe28-5cba3645ff57" testName="GetFileSize_Success" computerName="ICSWS068" duration="00:00:00.3678101" startTime="2016-08-04T09:52:27.5043329+02:00" endTime="2016-08-04T09:52:27.8733492+02:00" testType="13cdc9d9-ddb5-4fa4-a97d-d965ccfc6d4b" outcome="Passed" testListId="8c84fa94-04c1-424b-9868-57a2d4851a1d" relativeResultsDirectory="d028fbed-2e35-4751-ac5f-d57729228667">
      <Output>
        <StdOut>Debug Trace:
[2016-08-04 09:52:27.507]	[   32]	Starting SSH server listener...
[2016-08-04 09:52:27.508]	[   32]	SSH server listener started.
[2016-08-04 09:52:27.558]	[   39]	ServerListener.Listen : New connection available
[2016-08-04 09:52:27.559]	[   39]	Connection accepted. Active connections 1 from 20
[2016-08-04 09:52:27.653]	[   44]	Subsystem sftp opened
[2016-08-04 09:52:27.653]	[   44]	SFTP server started
[2016-08-04 09:52:27.654]	[   24]	=============================================================
[2016-08-04 09:52:27.654]	[   24]	SFTPOperations.OnOpen ENTER (3)
[2016-08-04 09:52:27.654]	[   24]	              [in][sender]=SBSftpServer.TElSFTPServer
[2016-08-04 09:52:27.654]	[   24]	SFTP connection established
[2016-08-04 09:52:27.654]	[   24]	SFTPOperations.OnOpen EXIT
[2016-08-04 09:52:27.654]	[   24]	=============================================================
[2016-08-04 09:52:27.654]	[   24]	=============================================================
[2016-08-04 09:52:27.654]	[   24]	SFTPOperations.OnRequestAbsolutePath ENTER 
[2016-08-04 09:52:27.654]	[   24]	              [in][sender]=SBSftpServer.TElSFTPServer
[2016-08-04 09:52:27.654]	[   24]	              [in][path]=.
[2016-08-04 09:52:27.654]	[   24]	              [in][absolutePath]=
[2016-08-04 09:52:27.654]	[   24]	              [in][control]=rcNoCheck
[2016-08-04 09:52:27.654]	[   24]	              [in][composePath]=SBStringList.TElStringList
[2016-08-04 09:52:27.654]	[   24]	              [in][errorCode]=0
[2016-08-04 09:52:27.654]	[   24]	              [in][comment]=
[2016-08-04 09:52:27.654]	[   24]	              [out][absolutePath]=
[2016-08-04 09:52:27.654]	[   24]	              [out][errorCode]=0
[2016-08-04 09:52:27.654]	[   24]	              [out][comment]=
[2016-08-04 09:52:27.654]	[   24]	SFTPOperations.OnRequestAbsolutePath EXIT
[2016-08-04 09:52:27.654]	[   24]	=============================================================
[2016-08-04 09:52:27.654]	[   24]	=============================================================
[2016-08-04 09:52:27.654]	[   24]	SFTPOperations.OnCreateDirectory ENTER 
[2016-08-04 09:52:27.655]	[   24]	              [in][sender]=SBSftpServer.TElSFTPServer
[2016-08-04 09:52:27.655]	[   24]	              [in][path]=\\TestSession_daa05a58-9f69-4845-95ba-9776fc19f395
[2016-08-04 09:52:27.655]	[   24]	              [in][attributes]=
[2016-08-04 09:52:27.655]	[   24]	              [in][errorCode]=0
[2016-08-04 09:52:27.655]	[   24]	              [in][comment]=
[2016-08-04 09:52:27.655]	[   24]	              [out][errorCode]=0
[2016-08-04 09:52:27.655]	[   24]	              [out][comment]=
[2016-08-04 09:52:27.655]	[   24]	SFTPOperations.OnCreateDirectory EXIT
[2016-08-04 09:52:27.655]	[   24]	=============================================================
[2016-08-04 09:52:27.655]	[   44]	Socket receive operation failed: An established connection was aborted by the software in your host machine
[2016-08-04 09:52:27.655]	[   44]	Closing the socket
[2016-08-04 09:52:27.655]	[   44]	ServerListener.OnSessionClosed()
[2016-08-04 09:52:27.659]	[   39]	ServerListener.Listen : New connection available
[2016-08-04 09:52:27.660]	[   39]	Connection accepted. Active connections 1 from 20
[2016-08-04 09:52:27.748]	[   22]	Subsystem sftp opened
[2016-08-04 09:52:27.748]	[   22]	SFTP server started
[2016-08-04 09:52:27.749]	[   31]	=============================================================
[2016-08-04 09:52:27.749]	[   31]	SFTPOperations.OnOpen ENTER (1)
[2016-08-04 09:52:27.749]	[   31]	              [in][sender]=SBSftpServer.TElSFTPServer
[2016-08-04 09:52:27.749]	[   31]	SFTP connection established
[2016-08-04 09:52:27.749]	[   31]	SFTPOperations.OnOpen EXIT
[2016-08-04 09:52:27.749]	[   31]	=============================================================
[2016-08-04 09:52:27.749]	[   31]	=============================================================
[2016-08-04 09:52:27.749]	[   31]	SFTPOperations.OnRequestAbsolutePath ENTER 
[2016-08-04 09:52:27.749]	[   31]	              [in][sender]=SBSftpServer.TElSFTPServer
[2016-08-04 09:52:27.749]	[   31]	              [in][path]=.
[2016-08-04 09:52:27.749]	[   31]	              [in][absolutePath]=
[2016-08-04 09:52:27.749]	[   31]	              [in][control]=rcNoCheck
[2016-08-04 09:52:27.749]	[   31]	              [in][composePath]=SBStringList.TElStringList
[2016-08-04 09:52:27.749]	[   31]	              [in][errorCode]=0
[2016-08-04 09:52:27.749]	[   31]	              [in][comment]=
[2016-08-04 09:52:27.749]	[   31]	              [out][absolutePath]=
[2016-08-04 09:52:27.749]	[   31]	              [out][errorCode]=0
[2016-08-04 09:52:27.749]	[   31]	              [out][comment]=
[2016-08-04 09:52:27.749]	[   31]	SFTPOperations.OnRequestAbsolutePath EXIT
[2016-08-04 09:52:27.749]	[   31]	=============================================================
[2016-08-04 09:52:27.749]	[   31]	=============================================================
[2016-08-04 09:52:27.749]	[   31]	SFTPOperations.OnRequestAttributes ENTER 
[2016-08-04 09:52:27.749]	[   31]	              [in][sender]=SBSftpServer.TElSFTPServer
[2016-08-04 09:52:27.749]	[   31]	              [in][path]=\\TestSession_daa05a58-9f69-4845-95ba-9776fc19f395
[2016-08-04 09:52:27.749]	[   31]	              [in][followSymLinks]=True
[2016-08-04 09:52:27.749]	[   31]	              [in][attributes]=SBSftpCommon.TElSftpFileAttributes
[2016-08-04 09:52:27.749]	[   31]	              [in][errorCode]=0
[2016-08-04 09:52:27.749]	[   31]	              [in][comment]=
[2016-08-04 09:52:27.750]	[   31]	              [out][errorCode]=0
[2016-08-04 09:52:27.750]	[   31]	              [out][comment]=
[2016-08-04 09:52:27.750]	[   31]	SFTPOperations.OnRequestAttributes EXIT
[2016-08-04 09:52:27.750]	[   31]	=============================================================
[2016-08-04 09:52:27.750]	[   31]	=============================================================
[2016-08-04 09:52:27.750]	[   31]	SFTPOperations.OnOpenFile ENTER (1)
[2016-08-04 09:52:27.750]	[   31]	              [in][sender]=SBSftpServer.TElSFTPServer
[2016-08-04 09:52:27.750]	[   31]	              [in][path]=\\TestSession_daa05a58-9f69-4845-95ba-9776fc19f395\72c7d0c1-a5ef-4579-a82f-b386dcfe2be9.txt
[2016-08-04 09:52:27.750]	[   31]	              [in][modes]=26
[2016-08-04 09:52:27.750]	[   31]	              [in][Access]=0
[2016-08-04 09:52:27.750]	[   31]	              [in][desiredAccess]=2
[2016-08-04 09:52:27.750]	[   31]	              [in][attributes]=SBSftpCommon.TElSftpFileAttributes
[2016-08-04 09:52:27.750]	[   31]	              [in][data]=
[2016-08-04 09:52:27.750]	[   31]	              [in][errorCode]=0
[2016-08-04 09:52:27.750]	[   31]	              [in][comment]=
[2016-08-04 09:52:27.750]	[   31]	              [out][data]=
[2016-08-04 09:52:27.750]	[   31]	              [out][errorCode]=0
[2016-08-04 09:52:27.750]	[   31]	              [out][comment]=
[2016-08-04 09:52:27.750]	[   31]	SFTPOperations.OnOpenFile EXIT
[2016-08-04 09:52:27.750]	[   31]	=============================================================
[2016-08-04 09:52:27.751]	[   31]	=============================================================
[2016-08-04 09:52:27.751]	[   31]	SFTPOperations.OnWriteFile ENTER (1)
[2016-08-04 09:52:27.751]	[   31]	              [in][sender]=SBSftpServer.TElSFTPServer
[2016-08-04 09:52:27.751]	[   31]	              [in][data]=System.IO.FileStream
[2016-08-04 09:52:27.751]	[   31]	              [in][offset]=0
[2016-08-04 09:52:27.751]	[   31]	              [in][buffer]=System.Byte[]
[2016-08-04 09:52:27.751]	[   31]	              [in][bufferOffset]=25
[2016-08-04 09:52:27.751]	[   31]	              [in][count]=100
[2016-08-04 09:52:27.751]	[   31]	              [in][errorCode]=0
[2016-08-04 09:52:27.751]	[   31]	              [in][comment]=
[2016-08-04 09:52:27.751]	[   31]	              [out][errorCode]=0
[2016-08-04 09:52:27.751]	[   31]	              [out][comment]=
[2016-08-04 09:52:27.751]	[   31]	SFTPOperations.OnWriteFile EXIT
[2016-08-04 09:52:27.751]	[   31]	=============================================================
[2016-08-04 09:52:27.751]	[   31]	=============================================================
[2016-08-04 09:52:27.751]	[   31]	SFTPOperations.OnCloseHandle ENTER (1)
[2016-08-04 09:52:27.751]	[   31]	              [in][sender]=SBSftpServer.TElSFTPServer
[2016-08-04 09:52:27.751]	[   31]	              [in][data]=System.IO.FileStream
[2016-08-04 09:52:27.751]	[   31]	              [in][errorCode]=0
[2016-08-04 09:52:27.751]	[   31]	              [in][comment]=
[2016-08-04 09:52:27.755]	[   31]	              [out][errorCode]=0
[2016-08-04 09:52:27.756]	[   31]	              [out][comment]=
[2016-08-04 09:52:27.756]	[   31]	SFTPOperations.OnCloseHandle EXIT
[2016-08-04 09:52:27.756]	[   31]	=============================================================
[2016-08-04 09:52:27.757]	[   31]	=============================================================
[2016-08-04 09:52:27.757]	[   31]	SFTPOperations.OnRequestAttributes ENTER 
[2016-08-04 09:52:27.757]	[   31]	              [in][sender]=SBSftpServer.TElSFTPServer
[2016-08-04 09:52:27.757]	[   31]	              [in][path]=\\TestSession_daa05a58-9f69-4845-95ba-9776fc19f395\72c7d0c1-a5ef-4579-a82f-b386dcfe2be9.txt
[2016-08-04 09:52:27.757]	[   31]	              [in][followSymLinks]=True
[2016-08-04 09:52:27.757]	[   31]	              [in][attributes]=SBSftpCommon.TElSftpFileAttributes
[2016-08-04 09:52:27.757]	[   31]	              [in][errorCode]=0
[2016-08-04 09:52:27.757]	[   31]	              [in][comment]=
[2016-08-04 09:52:27.757]	[   31]	              [out][errorCode]=0
[2016-08-04 09:52:27.757]	[   31]	              [out][comment]=
[2016-08-04 09:52:27.757]	[   31]	SFTPOperations.OnRequestAttributes EXIT
[2016-08-04 09:52:27.757]	[   31]	=============================================================
[2016-08-04 09:52:27.757]	[   22]	Socket receive operation failed: An established connection was aborted by the software in your host machine
[2016-08-04 09:52:27.757]	[   22]	Closing the socket
[2016-08-04 09:52:27.757]	[   22]	ServerListener.OnSessionClosed()
[2016-08-04 09:52:27.761]	[   39]	ServerListener.Listen : New connection available
[2016-08-04 09:52:27.761]	[   39]	Connection accepted. Active connections 1 from 20
[2016-08-04 09:52:27.850]	[   23]	Subsystem sftp opened
[2016-08-04 09:52:27.850]	[   23]	SFTP server started
[2016-08-04 09:52:27.851]	[   36]	=============================================================
[2016-08-04 09:52:27.851]	[   36]	SFTPOperations.OnOpen ENTER (2)
[2016-08-04 09:52:27.851]	[   36]	              [in][sender]=SBSftpServer.TElSFTPServer
[2016-08-04 09:52:27.851]	[   36]	SFTP connection established
[2016-08-04 09:52:27.851]	[   36]	SFTPOperations.OnOpen EXIT
[2016-08-04 09:52:27.851]	[   36]	=============================================================
[2016-08-04 09:52:27.851]	[   36]	=============================================================
[2016-08-04 09:52:27.851]	[   36]	SFTPOperations.OnRequestAbsolutePath ENTER 
[2016-08-04 09:52:27.851]	[   36]	              [in][sender]=SBSftpServer.TElSFTPServer
[2016-08-04 09:52:27.851]	[   36]	              [in][path]=.
[2016-08-04 09:52:27.851]	[   36]	              [in][absolutePath]=
[2016-08-04 09:52:27.851]	[   36]	              [in][control]=rcNoCheck
[2016-08-04 09:52:27.851]	[   36]	              [in][composePath]=SBStringList.TElStringList
[2016-08-04 09:52:27.851]	[   36]	              [in][errorCode]=0
[2016-08-04 09:52:27.851]	[   36]	              [in][comment]=
[2016-08-04 09:52:27.851]	[   36]	              [out][absolutePath]=
[2016-08-04 09:52:27.851]	[   36]	              [out][errorCode]=0
[2016-08-04 09:52:27.851]	[   36]	              [out][comment]=
[2016-08-04 09:52:27.851]	[   36]	SFTPOperations.OnRequestAbsolutePath EXIT
[2016-08-04 09:52:27.851]	[   36]	=============================================================
[2016-08-04 09:52:27.852]	[   36]	=============================================================
[2016-08-04 09:52:27.852]	[   36]	SFTPOperations.OnFindFirst ENTER 
[2016-08-04 09:52:27.852]	[   36]	              [in][sender]=SBSftpServer.TElSFTPServer
[2016-08-04 09:52:27.852]	[   36]	              [in][path]=\\TestSession_daa05a58-9f69-4845-95ba-9776fc19f395/
[2016-08-04 09:52:27.852]	[   36]	              [in][data]=
[2016-08-04 09:52:27.852]	[   36]	              [in][info]=SBSftpCommon.TElSftpFileInfo
[2016-08-04 09:52:27.852]	[   36]	              [in][errorCode]=0
[2016-08-04 09:52:27.852]	[   36]	              [in][comment]=
[2016-08-04 09:52:27.852]	[   36]	              [out][data]=
[2016-08-04 09:52:27.852]	[   36]	              [out][errorCode]=0
[2016-08-04 09:52:27.852]	[   36]	              [out][comment]=
[2016-08-04 09:52:27.852]	[   36]	SFTPOperations.OnFindFirst EXIT
[2016-08-04 09:52:27.852]	[   36]	=============================================================
[2016-08-04 09:52:27.853]	[   36]	=============================================================
[2016-08-04 09:52:27.853]	[   36]	SFTPOperations.OnFindNext ENTER 
[2016-08-04 09:52:27.853]	[   36]	              [in][sender]=SBSftpServer.TElSFTPServer
[2016-08-04 09:52:27.853]	[   36]	              [in][data]=
[2016-08-04 09:52:27.853]	[   36]	              [in][info]=SBSftpCommon.TElSftpFileInfo
[2016-08-04 09:52:27.853]	[   36]	              [in][errorCode]=0
[2016-08-04 09:52:27.853]	[   36]	              [in][comment]=
[2016-08-04 09:52:27.853]	[   36]	              [out][errorCode]=0
[2016-08-04 09:52:27.853]	[   36]	              [out][comment]=
[2016-08-04 09:52:27.853]	[   36]	SFTPOperations.OnFindNext EXIT
[2016-08-04 09:52:27.853]	[   36]	=============================================================
[2016-08-04 09:52:27.853]	[   36]	=============================================================
[2016-08-04 09:52:27.853]	[   36]	SFTPOperations.OnFindNext ENTER 
[2016-08-04 09:52:27.853]	[   36]	              [in][sender]=SBSftpServer.TElSFTPServer
[2016-08-04 09:52:27.853]	[   36]	              [in][data]=
[2016-08-04 09:52:27.853]	[   36]	              [in][info]=SBSftpCommon.TElSftpFileInfo
[2016-08-04 09:52:27.853]	[   36]	              [in][errorCode]=0
[2016-08-04 09:52:27.853]	[   36]	              [in][comment]=
[2016-08-04 09:52:27.853]	[   36]	              [out][errorCode]=0
[2016-08-04 09:52:27.853]	[   36]	              [out][comment]=
[2016-08-04 09:52:27.853]	[   36]	SFTPOperations.OnFindNext EXIT
[2016-08-04 09:52:27.853]	[   36]	=============================================================
[2016-08-04 09:52:27.854]	[   36]	=============================================================
[2016-08-04 09:52:27.854]	[   36]	SFTPOperations.OnFindNext ENTER 
[2016-08-04 09:52:27.854]	[   36]	              [in][sender]=SBSftpServer.TElSFTPServer
[2016-08-04 09:52:27.854]	[   36]	              [in][data]=
[2016-08-04 09:52:27.854]	[   36]	              [in][info]=SBSftpCommon.TElSftpFileInfo
[2016-08-04 09:52:27.854]	[   36]	              [in][errorCode]=0
[2016-08-04 09:52:27.854]	[   36]	              [in][comment]=
[2016-08-04 09:52:27.854]	[   36]	              [out][errorCode]=0
[2016-08-04 09:52:27.854]	[   36]	              [out][comment]=
[2016-08-04 09:52:27.854]	[   36]	SFTPOperations.OnFindNext EXIT
[2016-08-04 09:52:27.854]	[   36]	=============================================================
[2016-08-04 09:52:27.854]	[   36]	=============================================================
[2016-08-04 09:52:27.855]	[   36]	SFTPOperations.OnFindClose ENTER 
[2016-08-04 09:52:27.855]	[   36]	              [in][sender]=SBSftpServer.TElSFTPServer
[2016-08-04 09:52:27.855]	[   36]	              [in][searchRec]=
[2016-08-04 09:52:27.855]	[   36]	              [in][errorCode]=1
[2016-08-04 09:52:27.855]	[   36]	              [in][comment]=
[2016-08-04 09:52:27.855]	[   36]	              [out][errorCode]=1
[2016-08-04 09:52:27.855]	[   36]	              [out][comment]=
[2016-08-04 09:52:27.855]	[   36]	SFTPOperations.OnFindClose EXIT
[2016-08-04 09:52:27.855]	[   36]	=============================================================
[2016-08-04 09:52:27.855]	[   36]	=============================================================
[2016-08-04 09:52:27.855]	[   36]	SFTPOperations.OnRemove ENTER 
[2016-08-04 09:52:27.855]	[   36]	              [in][sender]=SBSftpServer.TElSFTPServer
[2016-08-04 09:52:27.855]	[   36]	              [in][path]=\\TestSession_daa05a58-9f69-4845-95ba-9776fc19f395/72c7d0c1-a5ef-4579-a82f-b386dcfe2be9.txt
[2016-08-04 09:52:27.855]	[   36]	              [in][errorCode]=0
[2016-08-04 09:52:27.855]	[   36]	              [in][comment]=
[2016-08-04 09:52:27.855]	[   36]	              [out][errorCode]=0
[2016-08-04 09:52:27.855]	[   36]	              [out][comment]=
[2016-08-04 09:52:27.855]	[   36]	SFTPOperations.OnRemove EXIT
[2016-08-04 09:52:27.855]	[   36]	=============================================================
[2016-08-04 09:52:27.856]	[   36]	=============================================================
[2016-08-04 09:52:27.856]	[   36]	SFTPOperations.OnFindFirst ENTER 
[2016-08-04 09:52:27.856]	[   36]	              [in][sender]=SBSftpServer.TElSFTPServer
[2016-08-04 09:52:27.856]	[   36]	              [in][path]=\\TestSession_daa05a58-9f69-4845-95ba-9776fc19f395/
[2016-08-04 09:52:27.856]	[   36]	              [in][data]=
[2016-08-04 09:52:27.856]	[   36]	              [in][info]=SBSftpCommon.TElSftpFileInfo
[2016-08-04 09:52:27.856]	[   36]	              [in][errorCode]=0
[2016-08-04 09:52:27.856]	[   36]	              [in][comment]=
[2016-08-04 09:52:27.856]	[   36]	              [out][data]=
[2016-08-04 09:52:27.856]	[   36]	              [out][errorCode]=0
[2016-08-04 09:52:27.856]	[   36]	              [out][comment]=
[2016-08-04 09:52:27.856]	[   36]	SFTPOperations.OnFindFirst EXIT
[2016-08-04 09:52:27.856]	[   36]	=============================================================
[2016-08-04 09:52:27.856]	[   36]	=============================================================
[2016-08-04 09:52:27.856]	[   36]	SFTPOperations.OnFindNext ENTER 
[2016-08-04 09:52:27.856]	[   36]	              [in][sender]=SBSftpServer.TElSFTPServer
[2016-08-04 09:52:27.856]	[   36]	              [in][data]=
[2016-08-04 09:52:27.857]	[   36]	              [in][info]=SBSftpCommon.TElSftpFileInfo
[2016-08-04 09:52:27.857]	[   36]	              [in][errorCode]=0
[2016-08-04 09:52:27.857]	[   36]	              [in][comment]=
[2016-08-04 09:52:27.857]	[   36]	              [out][errorCode]=0
[2016-08-04 09:52:27.857]	[   36]	              [out][comment]=
[2016-08-04 09:52:27.857]	[   36]	SFTPOperations.OnFindNext EXIT
[2016-08-04 09:52:27.857]	[   36]	=============================================================
[2016-08-04 09:52:27.857]	[   36]	=============================================================
[2016-08-04 09:52:27.857]	[   36]	SFTPOperations.OnFindNext ENTER 
[2016-08-04 09:52:27.857]	[   36]	              [in][sender]=SBSftpServer.TElSFTPServer
[2016-08-04 09:52:27.857]	[   36]	              [in][data]=
[2016-08-04 09:52:27.857]	[   36]	              [in][info]=SBSftpCommon.TElSftpFileInfo
[2016-08-04 09:52:27.857]	[   36]	              [in][errorCode]=0
[2016-08-04 09:52:27.857]	[   36]	              [in][comment]=
[2016-08-04 09:52:27.857]	[   36]	              [out][errorCode]=0
[2016-08-04 09:52:27.857]	[   36]	              [out][comment]=
[2016-08-04 09:52:27.857]	[   36]	SFTPOperations.OnFindNext EXIT
[2016-08-04 09:52:27.857]	[   36]	=============================================================
[2016-08-04 09:52:27.861]	[   36]	=============================================================
[2016-08-04 09:52:27.861]	[   36]	SFTPOperations.OnFindClose ENTER 
[2016-08-04 09:52:27.861]	[   36]	              [in][sender]=SBSftpServer.TElSFTPServer
[2016-08-04 09:52:27.861]	[   36]	              [in][searchRec]=
[2016-08-04 09:52:27.861]	[   36]	              [in][errorCode]=1
[2016-08-04 09:52:27.861]	[   36]	              [in][comment]=
[2016-08-04 09:52:27.862]	[   36]	              [out][errorCode]=1
[2016-08-04 09:52:27.862]	[   36]	              [out][comment]=
[2016-08-04 09:52:27.862]	[   36]	SFTPOperations.OnFindClose EXIT
[2016-08-04 09:52:27.862]	[   36]	=============================================================
[2016-08-04 09:52:27.862]	[   36]	=============================================================
[2016-08-04 09:52:27.862]	[   36]	SFTPOperations.OnRemove ENTER 
[2016-08-04 09:52:27.862]	[   36]	              [in][sender]=SBSftpServer.TElSFTPServer
[2016-08-04 09:52:27.862]	[   36]	              [in][path]=\\TestSession_daa05a58-9f69-4845-95ba-9776fc19f395/
[2016-08-04 09:52:27.862]	[   36]	              [in][errorCode]=0
[2016-08-04 09:52:27.862]	[   36]	              [in][comment]=
[2016-08-04 09:52:27.862]	[   36]	              [out][errorCode]=0
[2016-08-04 09:52:27.862]	[   36]	              [out][comment]=
[2016-08-04 09:52:27.862]	[   36]	SFTPOperations.OnRemove EXIT
[2016-08-04 09:52:27.862]	[   36]	=============================================================
[2016-08-04 09:52:27.863]	[   32]	Stopping socket listener
[2016-08-04 09:52:27.863]	[   32]	Socket listener stopped
[2016-08-04 09:52:27.863]	[   23]	Socket receive operation failed: An established connection was aborted by the software in your host machine
[2016-08-04 09:52:27.863]	[   23]	Closing the socket
[2016-08-04 09:52:27.863]	[   23]	ServerListener.OnSessionClosed()</StdOut>
      </Output>
    </UnitTestResult>
    <UnitTestResult executionId="ba945034-1cac-4321-b4d8-2688ee6cf6d8" testId="2e809ce2-9dcc-c46d-7872-08f089ff391d" testName="SetCWD_ListDirectory_Affected" computerName="ICSWS068" duration="00:00:00.4109897" startTime="2016-08-04T09:52:27.8763518+02:00" endTime="2016-08-04T09:52:28.2893808+02:00" testType="13cdc9d9-ddb5-4fa4-a97d-d965ccfc6d4b" outcome="Passed" testListId="8c84fa94-04c1-424b-9868-57a2d4851a1d" relativeResultsDirectory="ba945034-1cac-4321-b4d8-2688ee6cf6d8">
      <Output>
        <StdOut>Debug Trace:
[2016-08-04 09:52:27.882]	[   24]	Starting SSH server listener...
[2016-08-04 09:52:27.882]	[   24]	SSH server listener started.
[2016-08-04 09:52:27.932]	[   31]	ServerListener.Listen : New connection available
[2016-08-04 09:52:27.933]	[   31]	Connection accepted. Active connections 1 from 20
[2016-08-04 09:52:28.019]	[   19]	Subsystem sftp opened
[2016-08-04 09:52:28.020]	[   19]	SFTP server started
[2016-08-04 09:52:28.020]	[   25]	=============================================================
[2016-08-04 09:52:28.020]	[   25]	SFTPOperations.OnOpen ENTER (3)
[2016-08-04 09:52:28.020]	[   25]	              [in][sender]=SBSftpServer.TElSFTPServer
[2016-08-04 09:52:28.020]	[   25]	SFTP connection established
[2016-08-04 09:52:28.020]	[   25]	SFTPOperations.OnOpen EXIT
[2016-08-04 09:52:28.020]	[   25]	=============================================================
[2016-08-04 09:52:28.020]	[   25]	=============================================================
[2016-08-04 09:52:28.020]	[   25]	SFTPOperations.OnRequestAbsolutePath ENTER 
[2016-08-04 09:52:28.020]	[   25]	              [in][sender]=SBSftpServer.TElSFTPServer
[2016-08-04 09:52:28.020]	[   25]	              [in][path]=.
[2016-08-04 09:52:28.020]	[   25]	              [in][absolutePath]=
[2016-08-04 09:52:28.020]	[   25]	              [in][control]=rcNoCheck
[2016-08-04 09:52:28.020]	[   25]	              [in][composePath]=SBStringList.TElStringList
[2016-08-04 09:52:28.020]	[   25]	              [in][errorCode]=0
[2016-08-04 09:52:28.020]	[   25]	              [in][comment]=
[2016-08-04 09:52:28.020]	[   25]	              [out][absolutePath]=
[2016-08-04 09:52:28.020]	[   25]	              [out][errorCode]=0
[2016-08-04 09:52:28.020]	[   25]	              [out][comment]=
[2016-08-04 09:52:28.020]	[   25]	SFTPOperations.OnRequestAbsolutePath EXIT
[2016-08-04 09:52:28.020]	[   25]	=============================================================
[2016-08-04 09:52:28.020]	[   25]	=============================================================
[2016-08-04 09:52:28.020]	[   25]	SFTPOperations.OnCreateDirectory ENTER 
[2016-08-04 09:52:28.020]	[   25]	              [in][sender]=SBSftpServer.TElSFTPServer
[2016-08-04 09:52:28.020]	[   25]	              [in][path]=\\TestSession_1ceff508-af92-4fcb-bdde-ac908b241abe
[2016-08-04 09:52:28.020]	[   25]	              [in][attributes]=
[2016-08-04 09:52:28.020]	[   25]	              [in][errorCode]=0
[2016-08-04 09:52:28.020]	[   25]	              [in][comment]=
[2016-08-04 09:52:28.021]	[   25]	              [out][errorCode]=0
[2016-08-04 09:52:28.021]	[   25]	              [out][comment]=
[2016-08-04 09:52:28.021]	[   25]	SFTPOperations.OnCreateDirectory EXIT
[2016-08-04 09:52:28.021]	[   25]	=============================================================
[2016-08-04 09:52:28.021]	[   19]	Socket receive operation failed: An established connection was aborted by the software in your host machine
[2016-08-04 09:52:28.022]	[   19]	Closing the socket
[2016-08-04 09:52:28.022]	[   19]	ServerListener.OnSessionClosed()
[2016-08-04 09:52:28.033]	[   31]	ServerListener.Listen : New connection available
[2016-08-04 09:52:28.034]	[   31]	Connection accepted. Active connections 1 from 20
[2016-08-04 09:52:28.125]	[   27]	Subsystem sftp opened
[2016-08-04 09:52:28.125]	[   27]	SFTP server started
[2016-08-04 09:52:28.126]	[   33]	=============================================================
[2016-08-04 09:52:28.126]	[   33]	SFTPOperations.OnOpen ENTER (1)
[2016-08-04 09:52:28.126]	[   33]	              [in][sender]=SBSftpServer.TElSFTPServer
[2016-08-04 09:52:28.126]	[   33]	SFTP connection established
[2016-08-04 09:52:28.126]	[   33]	SFTPOperations.OnOpen EXIT
[2016-08-04 09:52:28.126]	[   33]	=============================================================
[2016-08-04 09:52:28.126]	[   33]	=============================================================
[2016-08-04 09:52:28.126]	[   33]	SFTPOperations.OnRequestAbsolutePath ENTER 
[2016-08-04 09:52:28.126]	[   33]	              [in][sender]=SBSftpServer.TElSFTPServer
[2016-08-04 09:52:28.126]	[   33]	              [in][path]=.
[2016-08-04 09:52:28.126]	[   33]	              [in][absolutePath]=
[2016-08-04 09:52:28.126]	[   33]	              [in][control]=rcNoCheck
[2016-08-04 09:52:28.126]	[   33]	              [in][composePath]=SBStringList.TElStringList
[2016-08-04 09:52:28.126]	[   33]	              [in][errorCode]=0
[2016-08-04 09:52:28.126]	[   33]	              [in][comment]=
[2016-08-04 09:52:28.126]	[   33]	              [out][absolutePath]=
[2016-08-04 09:52:28.126]	[   33]	              [out][errorCode]=0
[2016-08-04 09:52:28.126]	[   33]	              [out][comment]=
[2016-08-04 09:52:28.126]	[   33]	SFTPOperations.OnRequestAbsolutePath EXIT
[2016-08-04 09:52:28.126]	[   33]	=============================================================
[2016-08-04 09:52:28.127]	[   33]	=============================================================
[2016-08-04 09:52:28.127]	[   33]	SFTPOperations.OnFindFirst ENTER 
[2016-08-04 09:52:28.127]	[   33]	              [in][sender]=SBSftpServer.TElSFTPServer
[2016-08-04 09:52:28.127]	[   33]	              [in][path]=/DirA
[2016-08-04 09:52:28.127]	[   33]	              [in][data]=
[2016-08-04 09:52:28.127]	[   33]	              [in][info]=SBSftpCommon.TElSftpFileInfo
[2016-08-04 09:52:28.127]	[   33]	              [in][errorCode]=0
[2016-08-04 09:52:28.127]	[   33]	              [in][comment]=
[2016-08-04 09:52:28.127]	[   33]	              [out][data]=
[2016-08-04 09:52:28.127]	[   33]	              [out][errorCode]=0
[2016-08-04 09:52:28.127]	[   33]	              [out][comment]=
[2016-08-04 09:52:28.127]	[   33]	SFTPOperations.OnFindFirst EXIT
[2016-08-04 09:52:28.127]	[   33]	=============================================================
[2016-08-04 09:52:28.128]	[   33]	=============================================================
[2016-08-04 09:52:28.128]	[   33]	SFTPOperations.OnFindNext ENTER 
[2016-08-04 09:52:28.128]	[   33]	              [in][sender]=SBSftpServer.TElSFTPServer
[2016-08-04 09:52:28.128]	[   33]	              [in][data]=
[2016-08-04 09:52:28.128]	[   33]	              [in][info]=SBSftpCommon.TElSftpFileInfo
[2016-08-04 09:52:28.128]	[   33]	              [in][errorCode]=0
[2016-08-04 09:52:28.128]	[   33]	              [in][comment]=
[2016-08-04 09:52:28.128]	[   33]	              [out][errorCode]=0
[2016-08-04 09:52:28.128]	[   33]	              [out][comment]=
[2016-08-04 09:52:28.128]	[   33]	SFTPOperations.OnFindNext EXIT
[2016-08-04 09:52:28.128]	[   33]	=============================================================
[2016-08-04 09:52:28.128]	[   33]	=============================================================
[2016-08-04 09:52:28.128]	[   33]	SFTPOperations.OnFindNext ENTER 
[2016-08-04 09:52:28.128]	[   33]	              [in][sender]=SBSftpServer.TElSFTPServer
[2016-08-04 09:52:28.128]	[   33]	              [in][data]=
[2016-08-04 09:52:28.128]	[   33]	              [in][info]=SBSftpCommon.TElSftpFileInfo
[2016-08-04 09:52:28.128]	[   33]	              [in][errorCode]=0
[2016-08-04 09:52:28.128]	[   33]	              [in][comment]=
[2016-08-04 09:52:28.128]	[   33]	              [out][errorCode]=0
[2016-08-04 09:52:28.128]	[   33]	              [out][comment]=
[2016-08-04 09:52:28.128]	[   33]	SFTPOperations.OnFindNext EXIT
[2016-08-04 09:52:28.128]	[   33]	=============================================================
[2016-08-04 09:52:28.128]	[   33]	=============================================================
[2016-08-04 09:52:28.128]	[   33]	SFTPOperations.OnFindNext ENTER 
[2016-08-04 09:52:28.128]	[   33]	              [in][sender]=SBSftpServer.TElSFTPServer
[2016-08-04 09:52:28.128]	[   33]	              [in][data]=
[2016-08-04 09:52:28.128]	[   33]	              [in][info]=SBSftpCommon.TElSftpFileInfo
[2016-08-04 09:52:28.128]	[   33]	              [in][errorCode]=0
[2016-08-04 09:52:28.128]	[   33]	              [in][comment]=
[2016-08-04 09:52:28.128]	[   33]	              [out][errorCode]=0
[2016-08-04 09:52:28.128]	[   33]	              [out][comment]=
[2016-08-04 09:52:28.128]	[   33]	SFTPOperations.OnFindNext EXIT
[2016-08-04 09:52:28.128]	[   33]	=============================================================
[2016-08-04 09:52:28.128]	[   33]	=============================================================
[2016-08-04 09:52:28.128]	[   33]	SFTPOperations.OnFindNext ENTER 
[2016-08-04 09:52:28.129]	[   33]	              [in][sender]=SBSftpServer.TElSFTPServer
[2016-08-04 09:52:28.129]	[   33]	              [in][data]=
[2016-08-04 09:52:28.129]	[   33]	              [in][info]=SBSftpCommon.TElSftpFileInfo
[2016-08-04 09:52:28.129]	[   33]	              [in][errorCode]=0
[2016-08-04 09:52:28.129]	[   33]	              [in][comment]=
[2016-08-04 09:52:28.129]	[   33]	              [out][errorCode]=0
[2016-08-04 09:52:28.129]	[   33]	              [out][comment]=
[2016-08-04 09:52:28.129]	[   33]	SFTPOperations.OnFindNext EXIT
[2016-08-04 09:52:28.129]	[   33]	=============================================================
[2016-08-04 09:52:28.129]	[   33]	=============================================================
[2016-08-04 09:52:28.129]	[   33]	SFTPOperations.OnFindClose ENTER 
[2016-08-04 09:52:28.129]	[   33]	              [in][sender]=SBSftpServer.TElSFTPServer
[2016-08-04 09:52:28.129]	[   33]	              [in][searchRec]=
[2016-08-04 09:52:28.129]	[   33]	              [in][errorCode]=1
[2016-08-04 09:52:28.129]	[   33]	              [in][comment]=
[2016-08-04 09:52:28.129]	[   33]	              [out][errorCode]=1
[2016-08-04 09:52:28.129]	[   33]	              [out][comment]=
[2016-08-04 09:52:28.129]	[   33]	SFTPOperations.OnFindClose EXIT
[2016-08-04 09:52:28.129]	[   33]	=============================================================
[2016-08-04 09:52:28.130]	[   33]	=============================================================
[2016-08-04 09:52:28.130]	[   33]	SFTPOperations.OnRequestAbsolutePath ENTER 
[2016-08-04 09:52:28.130]	[   33]	              [in][sender]=SBSftpServer.TElSFTPServer
[2016-08-04 09:52:28.130]	[   33]	              [in][path]=/DirA
[2016-08-04 09:52:28.130]	[   33]	              [in][absolutePath]=
[2016-08-04 09:52:28.130]	[   33]	              [in][control]=rcNoCheck
[2016-08-04 09:52:28.130]	[   33]	              [in][composePath]=SBStringList.TElStringList
[2016-08-04 09:52:28.130]	[   33]	              [in][errorCode]=0
[2016-08-04 09:52:28.130]	[   33]	              [in][comment]=
[2016-08-04 09:52:28.130]	[   33]	              [out][absolutePath]=
[2016-08-04 09:52:28.130]	[   33]	              [out][errorCode]=0
[2016-08-04 09:52:28.130]	[   33]	              [out][comment]=
[2016-08-04 09:52:28.130]	[   33]	SFTPOperations.OnRequestAbsolutePath EXIT
[2016-08-04 09:52:28.130]	[   33]	=============================================================
[2016-08-04 09:52:28.130]	[   33]	=============================================================
[2016-08-04 09:52:28.130]	[   33]	SFTPOperations.OnFindFirst ENTER 
[2016-08-04 09:52:28.130]	[   33]	              [in][sender]=SBSftpServer.TElSFTPServer
[2016-08-04 09:52:28.130]	[   33]	              [in][path]=/DirA
[2016-08-04 09:52:28.130]	[   33]	              [in][data]=
[2016-08-04 09:52:28.130]	[   33]	              [in][info]=SBSftpCommon.TElSftpFileInfo
[2016-08-04 09:52:28.130]	[   33]	              [in][errorCode]=0
[2016-08-04 09:52:28.130]	[   33]	              [in][comment]=
[2016-08-04 09:52:28.130]	[   33]	              [out][data]=
[2016-08-04 09:52:28.130]	[   33]	              [out][errorCode]=0
[2016-08-04 09:52:28.130]	[   33]	              [out][comment]=
[2016-08-04 09:52:28.130]	[   33]	SFTPOperations.OnFindFirst EXIT
[2016-08-04 09:52:28.131]	[   33]	=============================================================
[2016-08-04 09:52:28.131]	[   33]	=============================================================
[2016-08-04 09:52:28.131]	[   33]	SFTPOperations.OnFindNext ENTER 
[2016-08-04 09:52:28.131]	[   33]	              [in][sender]=SBSftpServer.TElSFTPServer
[2016-08-04 09:52:28.131]	[   33]	              [in][data]=
[2016-08-04 09:52:28.131]	[   33]	              [in][info]=SBSftpCommon.TElSftpFileInfo
[2016-08-04 09:52:28.131]	[   33]	              [in][errorCode]=0
[2016-08-04 09:52:28.131]	[   33]	              [in][comment]=
[2016-08-04 09:52:28.131]	[   33]	              [out][errorCode]=0
[2016-08-04 09:52:28.131]	[   33]	              [out][comment]=
[2016-08-04 09:52:28.131]	[   33]	SFTPOperations.OnFindNext EXIT
[2016-08-04 09:52:28.131]	[   33]	=============================================================
[2016-08-04 09:52:28.131]	[   33]	=============================================================
[2016-08-04 09:52:28.131]	[   33]	SFTPOperations.OnFindNext ENTER 
[2016-08-04 09:52:28.131]	[   33]	              [in][sender]=SBSftpServer.TElSFTPServer
[2016-08-04 09:52:28.131]	[   33]	              [in][data]=
[2016-08-04 09:52:28.131]	[   33]	              [in][info]=SBSftpCommon.TElSftpFileInfo
[2016-08-04 09:52:28.131]	[   33]	              [in][errorCode]=0
[2016-08-04 09:52:28.131]	[   33]	              [in][comment]=
[2016-08-04 09:52:28.131]	[   33]	              [out][errorCode]=0
[2016-08-04 09:52:28.131]	[   33]	              [out][comment]=
[2016-08-04 09:52:28.131]	[   33]	SFTPOperations.OnFindNext EXIT
[2016-08-04 09:52:28.131]	[   33]	=============================================================
[2016-08-04 09:52:28.131]	[   33]	=============================================================
[2016-08-04 09:52:28.131]	[   33]	SFTPOperations.OnFindNext ENTER 
[2016-08-04 09:52:28.131]	[   33]	              [in][sender]=SBSftpServer.TElSFTPServer
[2016-08-04 09:52:28.131]	[   33]	              [in][data]=
[2016-08-04 09:52:28.131]	[   33]	              [in][info]=SBSftpCommon.TElSftpFileInfo
[2016-08-04 09:52:28.131]	[   33]	              [in][errorCode]=0
[2016-08-04 09:52:28.132]	[   33]	              [in][comment]=
[2016-08-04 09:52:28.132]	[   33]	              [out][errorCode]=0
[2016-08-04 09:52:28.132]	[   33]	              [out][comment]=
[2016-08-04 09:52:28.132]	[   33]	SFTPOperations.OnFindNext EXIT
[2016-08-04 09:52:28.132]	[   33]	=============================================================
[2016-08-04 09:52:28.132]	[   33]	=============================================================
[2016-08-04 09:52:28.132]	[   33]	SFTPOperations.OnFindNext ENTER 
[2016-08-04 09:52:28.132]	[   33]	              [in][sender]=SBSftpServer.TElSFTPServer
[2016-08-04 09:52:28.132]	[   33]	              [in][data]=
[2016-08-04 09:52:28.132]	[   33]	              [in][info]=SBSftpCommon.TElSftpFileInfo
[2016-08-04 09:52:28.132]	[   33]	              [in][errorCode]=0
[2016-08-04 09:52:28.132]	[   33]	              [in][comment]=
[2016-08-04 09:52:28.132]	[   33]	              [out][errorCode]=0
[2016-08-04 09:52:28.132]	[   33]	              [out][comment]=
[2016-08-04 09:52:28.132]	[   33]	SFTPOperations.OnFindNext EXIT
[2016-08-04 09:52:28.132]	[   33]	=============================================================
[2016-08-04 09:52:28.132]	[   33]	=============================================================
[2016-08-04 09:52:28.132]	[   33]	SFTPOperations.OnFindClose ENTER 
[2016-08-04 09:52:28.132]	[   33]	              [in][sender]=SBSftpServer.TElSFTPServer
[2016-08-04 09:52:28.132]	[   33]	              [in][searchRec]=
[2016-08-04 09:52:28.132]	[   33]	              [in][errorCode]=1
[2016-08-04 09:52:28.132]	[   33]	              [in][comment]=
[2016-08-04 09:52:28.132]	[   33]	              [out][errorCode]=1
[2016-08-04 09:52:28.133]	[   33]	              [out][comment]=
[2016-08-04 09:52:28.133]	[   33]	SFTPOperations.OnFindClose EXIT
[2016-08-04 09:52:28.133]	[   33]	=============================================================
[2016-08-04 09:52:28.133]	[   33]	=============================================================
[2016-08-04 09:52:28.133]	[   33]	SFTPOperations.OnFindFirst ENTER 
[2016-08-04 09:52:28.133]	[   33]	              [in][sender]=SBSftpServer.TElSFTPServer
[2016-08-04 09:52:28.133]	[   33]	              [in][path]=/DirA/DirASub1
[2016-08-04 09:52:28.133]	[   33]	              [in][data]=
[2016-08-04 09:52:28.133]	[   33]	              [in][info]=SBSftpCommon.TElSftpFileInfo
[2016-08-04 09:52:28.133]	[   33]	              [in][errorCode]=0
[2016-08-04 09:52:28.133]	[   33]	              [in][comment]=
[2016-08-04 09:52:28.133]	[   33]	              [out][data]=
[2016-08-04 09:52:28.133]	[   33]	              [out][errorCode]=0
[2016-08-04 09:52:28.133]	[   33]	              [out][comment]=
[2016-08-04 09:52:28.133]	[   33]	SFTPOperations.OnFindFirst EXIT
[2016-08-04 09:52:28.133]	[   33]	=============================================================
[2016-08-04 09:52:28.134]	[   33]	=============================================================
[2016-08-04 09:52:28.134]	[   33]	SFTPOperations.OnFindNext ENTER 
[2016-08-04 09:52:28.134]	[   33]	              [in][sender]=SBSftpServer.TElSFTPServer
[2016-08-04 09:52:28.134]	[   33]	              [in][data]=
[2016-08-04 09:52:28.134]	[   33]	              [in][info]=SBSftpCommon.TElSftpFileInfo
[2016-08-04 09:52:28.134]	[   33]	              [in][errorCode]=0
[2016-08-04 09:52:28.134]	[   33]	              [in][comment]=
[2016-08-04 09:52:28.134]	[   33]	              [out][errorCode]=0
[2016-08-04 09:52:28.134]	[   33]	              [out][comment]=
[2016-08-04 09:52:28.134]	[   33]	SFTPOperations.OnFindNext EXIT
[2016-08-04 09:52:28.134]	[   33]	=============================================================
[2016-08-04 09:52:28.134]	[   33]	=============================================================
[2016-08-04 09:52:28.134]	[   33]	SFTPOperations.OnFindNext ENTER 
[2016-08-04 09:52:28.134]	[   33]	              [in][sender]=SBSftpServer.TElSFTPServer
[2016-08-04 09:52:28.134]	[   33]	              [in][data]=
[2016-08-04 09:52:28.134]	[   33]	              [in][info]=SBSftpCommon.TElSftpFileInfo
[2016-08-04 09:52:28.134]	[   33]	              [in][errorCode]=0
[2016-08-04 09:52:28.134]	[   33]	              [in][comment]=
[2016-08-04 09:52:28.134]	[   33]	              [out][errorCode]=0
[2016-08-04 09:52:28.134]	[   33]	              [out][comment]=
[2016-08-04 09:52:28.134]	[   33]	SFTPOperations.OnFindNext EXIT
[2016-08-04 09:52:28.134]	[   33]	=============================================================
[2016-08-04 09:52:28.134]	[   33]	=============================================================
[2016-08-04 09:52:28.134]	[   33]	SFTPOperations.OnFindNext ENTER 
[2016-08-04 09:52:28.134]	[   33]	              [in][sender]=SBSftpServer.TElSFTPServer
[2016-08-04 09:52:28.134]	[   33]	              [in][data]=
[2016-08-04 09:52:28.134]	[   33]	              [in][info]=SBSftpCommon.TElSftpFileInfo
[2016-08-04 09:52:28.134]	[   33]	              [in][errorCode]=0
[2016-08-04 09:52:28.135]	[   33]	              [in][comment]=
[2016-08-04 09:52:28.135]	[   33]	              [out][errorCode]=0
[2016-08-04 09:52:28.135]	[   33]	              [out][comment]=
[2016-08-04 09:52:28.135]	[   33]	SFTPOperations.OnFindNext EXIT
[2016-08-04 09:52:28.135]	[   33]	=============================================================
[2016-08-04 09:52:28.135]	[   33]	=============================================================
[2016-08-04 09:52:28.135]	[   33]	SFTPOperations.OnFindNext ENTER 
[2016-08-04 09:52:28.135]	[   33]	              [in][sender]=SBSftpServer.TElSFTPServer
[2016-08-04 09:52:28.135]	[   33]	              [in][data]=
[2016-08-04 09:52:28.135]	[   33]	              [in][info]=SBSftpCommon.TElSftpFileInfo
[2016-08-04 09:52:28.135]	[   33]	              [in][errorCode]=0
[2016-08-04 09:52:28.135]	[   33]	              [in][comment]=
[2016-08-04 09:52:28.135]	[   33]	              [out][errorCode]=0
[2016-08-04 09:52:28.135]	[   33]	              [out][comment]=
[2016-08-04 09:52:28.135]	[   33]	SFTPOperations.OnFindNext EXIT
[2016-08-04 09:52:28.135]	[   33]	=============================================================
[2016-08-04 09:52:28.135]	[   33]	=============================================================
[2016-08-04 09:52:28.135]	[   33]	SFTPOperations.OnFindClose ENTER 
[2016-08-04 09:52:28.135]	[   33]	              [in][sender]=SBSftpServer.TElSFTPServer
[2016-08-04 09:52:28.135]	[   33]	              [in][searchRec]=
[2016-08-04 09:52:28.135]	[   33]	              [in][errorCode]=1
[2016-08-04 09:52:28.135]	[   33]	              [in][comment]=
[2016-08-04 09:52:28.136]	[   33]	              [out][errorCode]=1
[2016-08-04 09:52:28.136]	[   33]	              [out][comment]=
[2016-08-04 09:52:28.136]	[   33]	SFTPOperations.OnFindClose EXIT
[2016-08-04 09:52:28.136]	[   33]	=============================================================
[2016-08-04 09:52:28.136]	[   33]	=============================================================
[2016-08-04 09:52:28.136]	[   33]	SFTPOperations.OnRequestAbsolutePath ENTER 
[2016-08-04 09:52:28.136]	[   33]	              [in][sender]=SBSftpServer.TElSFTPServer
[2016-08-04 09:52:28.136]	[   33]	              [in][path]=/DirA/DirASub1
[2016-08-04 09:52:28.136]	[   33]	              [in][absolutePath]=
[2016-08-04 09:52:28.136]	[   33]	              [in][control]=rcNoCheck
[2016-08-04 09:52:28.136]	[   33]	              [in][composePath]=SBStringList.TElStringList
[2016-08-04 09:52:28.136]	[   33]	              [in][errorCode]=0
[2016-08-04 09:52:28.136]	[   33]	              [in][comment]=
[2016-08-04 09:52:28.136]	[   33]	              [out][absolutePath]=
[2016-08-04 09:52:28.136]	[   33]	              [out][errorCode]=0
[2016-08-04 09:52:28.136]	[   33]	              [out][comment]=
[2016-08-04 09:52:28.136]	[   33]	SFTPOperations.OnRequestAbsolutePath EXIT
[2016-08-04 09:52:28.136]	[   33]	=============================================================
[2016-08-04 09:52:28.136]	[   33]	=============================================================
[2016-08-04 09:52:28.136]	[   33]	SFTPOperations.OnFindFirst ENTER 
[2016-08-04 09:52:28.136]	[   33]	              [in][sender]=SBSftpServer.TElSFTPServer
[2016-08-04 09:52:28.136]	[   33]	              [in][path]=/DirA/DirASub1
[2016-08-04 09:52:28.136]	[   33]	              [in][data]=
[2016-08-04 09:52:28.136]	[   33]	              [in][info]=SBSftpCommon.TElSftpFileInfo
[2016-08-04 09:52:28.136]	[   33]	              [in][errorCode]=0
[2016-08-04 09:52:28.136]	[   33]	              [in][comment]=
[2016-08-04 09:52:28.137]	[   33]	              [out][data]=
[2016-08-04 09:52:28.137]	[   33]	              [out][errorCode]=0
[2016-08-04 09:52:28.137]	[   33]	              [out][comment]=
[2016-08-04 09:52:28.137]	[   33]	SFTPOperations.OnFindFirst EXIT
[2016-08-04 09:52:28.137]	[   33]	=============================================================
[2016-08-04 09:52:28.137]	[   33]	=============================================================
[2016-08-04 09:52:28.137]	[   33]	SFTPOperations.OnFindNext ENTER 
[2016-08-04 09:52:28.137]	[   33]	              [in][sender]=SBSftpServer.TElSFTPServer
[2016-08-04 09:52:28.137]	[   33]	              [in][data]=
[2016-08-04 09:52:28.137]	[   33]	              [in][info]=SBSftpCommon.TElSftpFileInfo
[2016-08-04 09:52:28.137]	[   33]	              [in][errorCode]=0
[2016-08-04 09:52:28.137]	[   33]	              [in][comment]=
[2016-08-04 09:52:28.137]	[   33]	              [out][errorCode]=0
[2016-08-04 09:52:28.137]	[   33]	              [out][comment]=
[2016-08-04 09:52:28.137]	[   33]	SFTPOperations.OnFindNext EXIT
[2016-08-04 09:52:28.137]	[   33]	=============================================================
[2016-08-04 09:52:28.137]	[   33]	=============================================================
[2016-08-04 09:52:28.137]	[   33]	SFTPOperations.OnFindNext ENTER 
[2016-08-04 09:52:28.137]	[   33]	              [in][sender]=SBSftpServer.TElSFTPServer
[2016-08-04 09:52:28.137]	[   33]	              [in][data]=
[2016-08-04 09:52:28.137]	[   33]	              [in][info]=SBSftpCommon.TElSftpFileInfo
[2016-08-04 09:52:28.137]	[   33]	              [in][errorCode]=0
[2016-08-04 09:52:28.137]	[   33]	              [in][comment]=
[2016-08-04 09:52:28.137]	[   33]	              [out][errorCode]=0
[2016-08-04 09:52:28.138]	[   33]	              [out][comment]=
[2016-08-04 09:52:28.138]	[   33]	SFTPOperations.OnFindNext EXIT
[2016-08-04 09:52:28.138]	[   33]	=============================================================
[2016-08-04 09:52:28.138]	[   33]	=============================================================
[2016-08-04 09:52:28.138]	[   33]	SFTPOperations.OnFindNext ENTER 
[2016-08-04 09:52:28.138]	[   33]	              [in][sender]=SBSftpServer.TElSFTPServer
[2016-08-04 09:52:28.138]	[   33]	              [in][data]=
[2016-08-04 09:52:28.138]	[   33]	              [in][info]=SBSftpCommon.TElSftpFileInfo
[2016-08-04 09:52:28.138]	[   33]	              [in][errorCode]=0
[2016-08-04 09:52:28.138]	[   33]	              [in][comment]=
[2016-08-04 09:52:28.138]	[   33]	              [out][errorCode]=0
[2016-08-04 09:52:28.138]	[   33]	              [out][comment]=
[2016-08-04 09:52:28.138]	[   33]	SFTPOperations.OnFindNext EXIT
[2016-08-04 09:52:28.138]	[   33]	=============================================================
[2016-08-04 09:52:28.138]	[   33]	=============================================================
[2016-08-04 09:52:28.138]	[   33]	SFTPOperations.OnFindNext ENTER 
[2016-08-04 09:52:28.138]	[   33]	              [in][sender]=SBSftpServer.TElSFTPServer
[2016-08-04 09:52:28.138]	[   33]	              [in][data]=
[2016-08-04 09:52:28.138]	[   33]	              [in][info]=SBSftpCommon.TElSftpFileInfo
[2016-08-04 09:52:28.138]	[   33]	              [in][errorCode]=0
[2016-08-04 09:52:28.138]	[   33]	              [in][comment]=
[2016-08-04 09:52:28.138]	[   33]	              [out][errorCode]=0
[2016-08-04 09:52:28.138]	[   33]	              [out][comment]=
[2016-08-04 09:52:28.138]	[   33]	SFTPOperations.OnFindNext EXIT
[2016-08-04 09:52:28.138]	[   33]	=============================================================
[2016-08-04 09:52:28.139]	[   33]	=============================================================
[2016-08-04 09:52:28.139]	[   33]	SFTPOperations.OnFindClose ENTER 
[2016-08-04 09:52:28.139]	[   33]	              [in][sender]=SBSftpServer.TElSFTPServer
[2016-08-04 09:52:28.139]	[   33]	              [in][searchRec]=
[2016-08-04 09:52:28.139]	[   33]	              [in][errorCode]=1
[2016-08-04 09:52:28.139]	[   33]	              [in][comment]=
[2016-08-04 09:52:28.139]	[   33]	              [out][errorCode]=1
[2016-08-04 09:52:28.139]	[   33]	              [out][comment]=
[2016-08-04 09:52:28.139]	[   33]	SFTPOperations.OnFindClose EXIT
[2016-08-04 09:52:28.139]	[   33]	=============================================================
[2016-08-04 09:52:28.139]	[   33]	=============================================================
[2016-08-04 09:52:28.139]	[   33]	SFTPOperations.OnFindFirst ENTER 
[2016-08-04 09:52:28.139]	[   33]	              [in][sender]=SBSftpServer.TElSFTPServer
[2016-08-04 09:52:28.139]	[   33]	              [in][path]=/DirA/DirASub1/DirASub11
[2016-08-04 09:52:28.139]	[   33]	              [in][data]=
[2016-08-04 09:52:28.139]	[   33]	              [in][info]=SBSftpCommon.TElSftpFileInfo
[2016-08-04 09:52:28.139]	[   33]	              [in][errorCode]=0
[2016-08-04 09:52:28.139]	[   33]	              [in][comment]=
[2016-08-04 09:52:28.139]	[   33]	              [out][data]=
[2016-08-04 09:52:28.139]	[   33]	              [out][errorCode]=0
[2016-08-04 09:52:28.139]	[   33]	              [out][comment]=
[2016-08-04 09:52:28.139]	[   33]	SFTPOperations.OnFindFirst EXIT
[2016-08-04 09:52:28.140]	[   33]	=============================================================
[2016-08-04 09:52:28.140]	[   33]	=============================================================
[2016-08-04 09:52:28.140]	[   33]	SFTPOperations.OnFindNext ENTER 
[2016-08-04 09:52:28.140]	[   33]	              [in][sender]=SBSftpServer.TElSFTPServer
[2016-08-04 09:52:28.140]	[   33]	              [in][data]=
[2016-08-04 09:52:28.140]	[   33]	              [in][info]=SBSftpCommon.TElSftpFileInfo
[2016-08-04 09:52:28.140]	[   33]	              [in][errorCode]=0
[2016-08-04 09:52:28.140]	[   33]	              [in][comment]=
[2016-08-04 09:52:28.140]	[   33]	              [out][errorCode]=0
[2016-08-04 09:52:28.140]	[   33]	              [out][comment]=
[2016-08-04 09:52:28.140]	[   33]	SFTPOperations.OnFindNext EXIT
[2016-08-04 09:52:28.140]	[   33]	=============================================================
[2016-08-04 09:52:28.140]	[   33]	=============================================================
[2016-08-04 09:52:28.140]	[   33]	SFTPOperations.OnFindNext ENTER 
[2016-08-04 09:52:28.140]	[   33]	              [in][sender]=SBSftpServer.TElSFTPServer
[2016-08-04 09:52:28.140]	[   33]	              [in][data]=
[2016-08-04 09:52:28.140]	[   33]	              [in][info]=SBSftpCommon.TElSftpFileInfo
[2016-08-04 09:52:28.140]	[   33]	              [in][errorCode]=0
[2016-08-04 09:52:28.140]	[   33]	              [in][comment]=
[2016-08-04 09:52:28.140]	[   33]	              [out][errorCode]=0
[2016-08-04 09:52:28.140]	[   33]	              [out][comment]=
[2016-08-04 09:52:28.140]	[   33]	SFTPOperations.OnFindNext EXIT
[2016-08-04 09:52:28.140]	[   33]	=============================================================
[2016-08-04 09:52:28.140]	[   33]	=============================================================
[2016-08-04 09:52:28.140]	[   33]	SFTPOperations.OnFindNext ENTER 
[2016-08-04 09:52:28.140]	[   33]	              [in][sender]=SBSftpServer.TElSFTPServer
[2016-08-04 09:52:28.140]	[   33]	              [in][data]=
[2016-08-04 09:52:28.140]	[   33]	              [in][info]=SBSftpCommon.TElSftpFileInfo
[2016-08-04 09:52:28.140]	[   33]	              [in][errorCode]=0
[2016-08-04 09:52:28.140]	[   33]	              [in][comment]=
[2016-08-04 09:52:28.140]	[   33]	              [out][errorCode]=0
[2016-08-04 09:52:28.141]	[   33]	              [out][comment]=
[2016-08-04 09:52:28.141]	[   33]	SFTPOperations.OnFindNext EXIT
[2016-08-04 09:52:28.141]	[   33]	=============================================================
[2016-08-04 09:52:28.141]	[   33]	=============================================================
[2016-08-04 09:52:28.141]	[   33]	SFTPOperations.OnFindClose ENTER 
[2016-08-04 09:52:28.141]	[   33]	              [in][sender]=SBSftpServer.TElSFTPServer
[2016-08-04 09:52:28.141]	[   33]	              [in][searchRec]=
[2016-08-04 09:52:28.141]	[   33]	              [in][errorCode]=1
[2016-08-04 09:52:28.141]	[   33]	              [in][comment]=
[2016-08-04 09:52:28.141]	[   33]	              [out][errorCode]=1
[2016-08-04 09:52:28.141]	[   33]	              [out][comment]=
[2016-08-04 09:52:28.141]	[   33]	SFTPOperations.OnFindClose EXIT
[2016-08-04 09:52:28.141]	[   33]	=============================================================
[2016-08-04 09:52:28.141]	[   33]	=============================================================
[2016-08-04 09:52:28.142]	[   33]	SFTPOperations.OnFindFirst ENTER 
[2016-08-04 09:52:28.142]	[   33]	              [in][sender]=SBSftpServer.TElSFTPServer
[2016-08-04 09:52:28.142]	[   33]	              [in][path]=\\DirB
[2016-08-04 09:52:28.142]	[   33]	              [in][data]=
[2016-08-04 09:52:28.142]	[   33]	              [in][info]=SBSftpCommon.TElSftpFileInfo
[2016-08-04 09:52:28.142]	[   33]	              [in][errorCode]=0
[2016-08-04 09:52:28.142]	[   33]	              [in][comment]=
[2016-08-04 09:52:28.142]	[   33]	              [out][data]=
[2016-08-04 09:52:28.142]	[   33]	              [out][errorCode]=0
[2016-08-04 09:52:28.142]	[   33]	              [out][comment]=
[2016-08-04 09:52:28.142]	[   33]	SFTPOperations.OnFindFirst EXIT
[2016-08-04 09:52:28.142]	[   33]	=============================================================
[2016-08-04 09:52:28.142]	[   33]	=============================================================
[2016-08-04 09:52:28.142]	[   33]	SFTPOperations.OnFindNext ENTER 
[2016-08-04 09:52:28.142]	[   33]	              [in][sender]=SBSftpServer.TElSFTPServer
[2016-08-04 09:52:28.142]	[   33]	              [in][data]=
[2016-08-04 09:52:28.142]	[   33]	              [in][info]=SBSftpCommon.TElSftpFileInfo
[2016-08-04 09:52:28.142]	[   33]	              [in][errorCode]=0
[2016-08-04 09:52:28.142]	[   33]	              [in][comment]=
[2016-08-04 09:52:28.142]	[   33]	              [out][errorCode]=0
[2016-08-04 09:52:28.142]	[   33]	              [out][comment]=
[2016-08-04 09:52:28.142]	[   33]	SFTPOperations.OnFindNext EXIT
[2016-08-04 09:52:28.142]	[   33]	=============================================================
[2016-08-04 09:52:28.142]	[   33]	=============================================================
[2016-08-04 09:52:28.142]	[   33]	SFTPOperations.OnFindNext ENTER 
[2016-08-04 09:52:28.142]	[   33]	              [in][sender]=SBSftpServer.TElSFTPServer
[2016-08-04 09:52:28.142]	[   33]	              [in][data]=
[2016-08-04 09:52:28.142]	[   33]	              [in][info]=SBSftpCommon.TElSftpFileInfo
[2016-08-04 09:52:28.143]	[   33]	              [in][errorCode]=0
[2016-08-04 09:52:28.143]	[   33]	              [in][comment]=
[2016-08-04 09:52:28.143]	[   33]	              [out][errorCode]=0
[2016-08-04 09:52:28.143]	[   33]	              [out][comment]=
[2016-08-04 09:52:28.143]	[   33]	SFTPOperations.OnFindNext EXIT
[2016-08-04 09:52:28.143]	[   33]	=============================================================
[2016-08-04 09:52:28.143]	[   33]	=============================================================
[2016-08-04 09:52:28.143]	[   33]	SFTPOperations.OnFindNext ENTER 
[2016-08-04 09:52:28.143]	[   33]	              [in][sender]=SBSftpServer.TElSFTPServer
[2016-08-04 09:52:28.143]	[   33]	              [in][data]=
[2016-08-04 09:52:28.143]	[   33]	              [in][info]=SBSftpCommon.TElSftpFileInfo
[2016-08-04 09:52:28.143]	[   33]	              [in][errorCode]=0
[2016-08-04 09:52:28.143]	[   33]	              [in][comment]=
[2016-08-04 09:52:28.143]	[   33]	              [out][errorCode]=0
[2016-08-04 09:52:28.143]	[   33]	              [out][comment]=
[2016-08-04 09:52:28.143]	[   33]	SFTPOperations.OnFindNext EXIT
[2016-08-04 09:52:28.143]	[   33]	=============================================================
[2016-08-04 09:52:28.146]	[   33]	=============================================================
[2016-08-04 09:52:28.146]	[   33]	SFTPOperations.OnFindClose ENTER 
[2016-08-04 09:52:28.146]	[   33]	              [in][sender]=SBSftpServer.TElSFTPServer
[2016-08-04 09:52:28.146]	[   33]	              [in][searchRec]=
[2016-08-04 09:52:28.146]	[   33]	              [in][errorCode]=1
[2016-08-04 09:52:28.146]	[   33]	              [in][comment]=
[2016-08-04 09:52:28.146]	[   33]	              [out][errorCode]=1
[2016-08-04 09:52:28.146]	[   33]	              [out][comment]=
[2016-08-04 09:52:28.146]	[   33]	SFTPOperations.OnFindClose EXIT
[2016-08-04 09:52:28.146]	[   33]	=============================================================
[2016-08-04 09:52:28.147]	[   27]	Socket receive operation failed: An established connection was aborted by the software in your host machine
[2016-08-04 09:52:28.147]	[   27]	Closing the socket
[2016-08-04 09:52:28.147]	[   27]	ServerListener.OnSessionClosed()
[2016-08-04 09:52:28.184]	[   31]	ServerListener.Listen : New connection available
[2016-08-04 09:52:28.185]	[   31]	Connection accepted. Active connections 1 from 20
[2016-08-04 09:52:28.272]	[   25]	Subsystem sftp opened
[2016-08-04 09:52:28.273]	[   25]	SFTP server started
[2016-08-04 09:52:28.273]	[   19]	=============================================================
[2016-08-04 09:52:28.273]	[   19]	SFTPOperations.OnOpen ENTER (2)
[2016-08-04 09:52:28.273]	[   19]	              [in][sender]=SBSftpServer.TElSFTPServer
[2016-08-04 09:52:28.273]	[   19]	SFTP connection established
[2016-08-04 09:52:28.273]	[   19]	SFTPOperations.OnOpen EXIT
[2016-08-04 09:52:28.273]	[   19]	=============================================================
[2016-08-04 09:52:28.273]	[   19]	=============================================================
[2016-08-04 09:52:28.273]	[   19]	SFTPOperations.OnRequestAbsolutePath ENTER 
[2016-08-04 09:52:28.273]	[   19]	              [in][sender]=SBSftpServer.TElSFTPServer
[2016-08-04 09:52:28.273]	[   19]	              [in][path]=.
[2016-08-04 09:52:28.273]	[   19]	              [in][absolutePath]=
[2016-08-04 09:52:28.273]	[   19]	              [in][control]=rcNoCheck
[2016-08-04 09:52:28.273]	[   19]	              [in][composePath]=SBStringList.TElStringList
[2016-08-04 09:52:28.273]	[   19]	              [in][errorCode]=0
[2016-08-04 09:52:28.273]	[   19]	              [in][comment]=
[2016-08-04 09:52:28.273]	[   19]	              [out][absolutePath]=
[2016-08-04 09:52:28.273]	[   19]	              [out][errorCode]=0
[2016-08-04 09:52:28.273]	[   19]	              [out][comment]=
[2016-08-04 09:52:28.273]	[   19]	SFTPOperations.OnRequestAbsolutePath EXIT
[2016-08-04 09:52:28.273]	[   19]	=============================================================
[2016-08-04 09:52:28.274]	[   19]	=============================================================
[2016-08-04 09:52:28.274]	[   19]	SFTPOperations.OnFindFirst ENTER 
[2016-08-04 09:52:28.274]	[   19]	              [in][sender]=SBSftpServer.TElSFTPServer
[2016-08-04 09:52:28.274]	[   19]	              [in][path]=\\TestSession_1ceff508-af92-4fcb-bdde-ac908b241abe/
[2016-08-04 09:52:28.274]	[   19]	              [in][data]=
[2016-08-04 09:52:28.274]	[   19]	              [in][info]=SBSftpCommon.TElSftpFileInfo
[2016-08-04 09:52:28.274]	[   19]	              [in][errorCode]=0
[2016-08-04 09:52:28.274]	[   19]	              [in][comment]=
[2016-08-04 09:52:28.274]	[   19]	              [out][data]=
[2016-08-04 09:52:28.274]	[   19]	              [out][errorCode]=0
[2016-08-04 09:52:28.274]	[   19]	              [out][comment]=
[2016-08-04 09:52:28.274]	[   19]	SFTPOperations.OnFindFirst EXIT
[2016-08-04 09:52:28.274]	[   19]	=============================================================
[2016-08-04 09:52:28.274]	[   19]	=============================================================
[2016-08-04 09:52:28.274]	[   19]	SFTPOperations.OnFindNext ENTER 
[2016-08-04 09:52:28.274]	[   19]	              [in][sender]=SBSftpServer.TElSFTPServer
[2016-08-04 09:52:28.274]	[   19]	              [in][data]=
[2016-08-04 09:52:28.274]	[   19]	              [in][info]=SBSftpCommon.TElSftpFileInfo
[2016-08-04 09:52:28.274]	[   19]	              [in][errorCode]=0
[2016-08-04 09:52:28.274]	[   19]	              [in][comment]=
[2016-08-04 09:52:28.275]	[   19]	              [out][errorCode]=0
[2016-08-04 09:52:28.275]	[   19]	              [out][comment]=
[2016-08-04 09:52:28.275]	[   19]	SFTPOperations.OnFindNext EXIT
[2016-08-04 09:52:28.275]	[   19]	=============================================================
[2016-08-04 09:52:28.275]	[   19]	=============================================================
[2016-08-04 09:52:28.275]	[   19]	SFTPOperations.OnFindNext ENTER 
[2016-08-04 09:52:28.275]	[   19]	              [in][sender]=SBSftpServer.TElSFTPServer
[2016-08-04 09:52:28.275]	[   19]	              [in][data]=
[2016-08-04 09:52:28.275]	[   19]	              [in][info]=SBSftpCommon.TElSftpFileInfo
[2016-08-04 09:52:28.275]	[   19]	              [in][errorCode]=0
[2016-08-04 09:52:28.275]	[   19]	              [in][comment]=
[2016-08-04 09:52:28.275]	[   19]	              [out][errorCode]=0
[2016-08-04 09:52:28.275]	[   19]	              [out][comment]=
[2016-08-04 09:52:28.275]	[   19]	SFTPOperations.OnFindNext EXIT
[2016-08-04 09:52:28.275]	[   19]	=============================================================
[2016-08-04 09:52:28.275]	[   19]	=============================================================
[2016-08-04 09:52:28.275]	[   19]	SFTPOperations.OnFindClose ENTER 
[2016-08-04 09:52:28.275]	[   19]	              [in][sender]=SBSftpServer.TElSFTPServer
[2016-08-04 09:52:28.275]	[   19]	              [in][searchRec]=
[2016-08-04 09:52:28.275]	[   19]	              [in][errorCode]=1
[2016-08-04 09:52:28.275]	[   19]	              [in][comment]=
[2016-08-04 09:52:28.275]	[   19]	              [out][errorCode]=1
[2016-08-04 09:52:28.275]	[   19]	              [out][comment]=
[2016-08-04 09:52:28.275]	[   19]	SFTPOperations.OnFindClose EXIT
[2016-08-04 09:52:28.275]	[   19]	=============================================================
[2016-08-04 09:52:28.276]	[   19]	=============================================================
[2016-08-04 09:52:28.276]	[   19]	SFTPOperations.OnFindFirst ENTER 
[2016-08-04 09:52:28.276]	[   19]	              [in][sender]=SBSftpServer.TElSFTPServer
[2016-08-04 09:52:28.276]	[   19]	              [in][path]=\\TestSession_1ceff508-af92-4fcb-bdde-ac908b241abe/
[2016-08-04 09:52:28.276]	[   19]	              [in][data]=
[2016-08-04 09:52:28.276]	[   19]	              [in][info]=SBSftpCommon.TElSftpFileInfo
[2016-08-04 09:52:28.276]	[   19]	              [in][errorCode]=0
[2016-08-04 09:52:28.276]	[   19]	              [in][comment]=
[2016-08-04 09:52:28.276]	[   19]	              [out][data]=
[2016-08-04 09:52:28.276]	[   19]	              [out][errorCode]=0
[2016-08-04 09:52:28.276]	[   19]	              [out][comment]=
[2016-08-04 09:52:28.276]	[   19]	SFTPOperations.OnFindFirst EXIT
[2016-08-04 09:52:28.276]	[   19]	=============================================================
[2016-08-04 09:52:28.276]	[   19]	=============================================================
[2016-08-04 09:52:28.276]	[   19]	SFTPOperations.OnFindNext ENTER 
[2016-08-04 09:52:28.276]	[   19]	              [in][sender]=SBSftpServer.TElSFTPServer
[2016-08-04 09:52:28.277]	[   19]	              [in][data]=
[2016-08-04 09:52:28.277]	[   19]	              [in][info]=SBSftpCommon.TElSftpFileInfo
[2016-08-04 09:52:28.277]	[   19]	              [in][errorCode]=0
[2016-08-04 09:52:28.277]	[   19]	              [in][comment]=
[2016-08-04 09:52:28.277]	[   19]	              [out][errorCode]=0
[2016-08-04 09:52:28.277]	[   19]	              [out][comment]=
[2016-08-04 09:52:28.277]	[   19]	SFTPOperations.OnFindNext EXIT
[2016-08-04 09:52:28.277]	[   19]	=============================================================
[2016-08-04 09:52:28.277]	[   19]	=============================================================
[2016-08-04 09:52:28.277]	[   19]	SFTPOperations.OnFindNext ENTER 
[2016-08-04 09:52:28.277]	[   19]	              [in][sender]=SBSftpServer.TElSFTPServer
[2016-08-04 09:52:28.277]	[   19]	              [in][data]=
[2016-08-04 09:52:28.277]	[   19]	              [in][info]=SBSftpCommon.TElSftpFileInfo
[2016-08-04 09:52:28.277]	[   19]	              [in][errorCode]=0
[2016-08-04 09:52:28.277]	[   19]	              [in][comment]=
[2016-08-04 09:52:28.277]	[   19]	              [out][errorCode]=0
[2016-08-04 09:52:28.277]	[   19]	              [out][comment]=
[2016-08-04 09:52:28.277]	[   19]	SFTPOperations.OnFindNext EXIT
[2016-08-04 09:52:28.277]	[   19]	=============================================================
[2016-08-04 09:52:28.278]	[   19]	=============================================================
[2016-08-04 09:52:28.278]	[   19]	SFTPOperations.OnFindClose ENTER 
[2016-08-04 09:52:28.278]	[   19]	              [in][sender]=SBSftpServer.TElSFTPServer
[2016-08-04 09:52:28.278]	[   19]	              [in][searchRec]=
[2016-08-04 09:52:28.278]	[   19]	              [in][errorCode]=1
[2016-08-04 09:52:28.278]	[   19]	              [in][comment]=
[2016-08-04 09:52:28.278]	[   19]	              [out][errorCode]=1
[2016-08-04 09:52:28.278]	[   19]	              [out][comment]=
[2016-08-04 09:52:28.278]	[   19]	SFTPOperations.OnFindClose EXIT
[2016-08-04 09:52:28.278]	[   19]	=============================================================
[2016-08-04 09:52:28.278]	[   19]	=============================================================
[2016-08-04 09:52:28.278]	[   19]	SFTPOperations.OnRemove ENTER 
[2016-08-04 09:52:28.278]	[   19]	              [in][sender]=SBSftpServer.TElSFTPServer
[2016-08-04 09:52:28.278]	[   19]	              [in][path]=\\TestSession_1ceff508-af92-4fcb-bdde-ac908b241abe/
[2016-08-04 09:52:28.278]	[   19]	              [in][errorCode]=0
[2016-08-04 09:52:28.278]	[   19]	              [in][comment]=
[2016-08-04 09:52:28.278]	[   19]	              [out][errorCode]=0
[2016-08-04 09:52:28.278]	[   19]	              [out][comment]=
[2016-08-04 09:52:28.279]	[   19]	SFTPOperations.OnRemove EXIT
[2016-08-04 09:52:28.279]	[   19]	=============================================================
[2016-08-04 09:52:28.279]	[   24]	Stopping socket listener
[2016-08-04 09:52:28.279]	[   24]	Socket listener stopped
[2016-08-04 09:52:28.279]	[   25]	Socket receive operation failed: An established connection was aborted by the software in your host machine
[2016-08-04 09:52:28.279]	[   25]	Closing the socket
[2016-08-04 09:52:28.279]	[   25]	ServerListener.OnSessionClosed()</StdOut>
      </Output>
    </UnitTestResult>
    <UnitTestResult executionId="55719106-4900-4175-be0f-884310bfd7da" testId="3170a572-4356-3321-4faf-1b8e1741cc95" testName="SetCWD_UploadFile_Affected" computerName="ICSWS068" duration="00:00:00.4216936" startTime="2016-08-04T09:52:28.2923535+02:00" endTime="2016-08-04T09:52:28.7158126+02:00" testType="13cdc9d9-ddb5-4fa4-a97d-d965ccfc6d4b" outcome="Passed" testListId="8c84fa94-04c1-424b-9868-57a2d4851a1d" relativeResultsDirectory="55719106-4900-4175-be0f-884310bfd7da">
      <Output>
        <StdOut>Debug Trace:
[2016-08-04 09:52:28.296]	[   32]	Starting SSH server listener...
[2016-08-04 09:52:28.297]	[   32]	SSH server listener started.
[2016-08-04 09:52:28.347]	[   36]	ServerListener.Listen : New connection available
[2016-08-04 09:52:28.348]	[   36]	Connection accepted. Active connections 1 from 20
[2016-08-04 09:52:28.443]	[   39]	Subsystem sftp opened
[2016-08-04 09:52:28.444]	[   39]	SFTP server started
[2016-08-04 09:52:28.444]	[   35]	=============================================================
[2016-08-04 09:52:28.444]	[   35]	SFTPOperations.OnOpen ENTER (3)
[2016-08-04 09:52:28.444]	[   35]	              [in][sender]=SBSftpServer.TElSFTPServer
[2016-08-04 09:52:28.444]	[   35]	SFTP connection established
[2016-08-04 09:52:28.444]	[   35]	SFTPOperations.OnOpen EXIT
[2016-08-04 09:52:28.445]	[   35]	=============================================================
[2016-08-04 09:52:28.445]	[   35]	=============================================================
[2016-08-04 09:52:28.445]	[   35]	SFTPOperations.OnRequestAbsolutePath ENTER 
[2016-08-04 09:52:28.445]	[   35]	              [in][sender]=SBSftpServer.TElSFTPServer
[2016-08-04 09:52:28.445]	[   35]	              [in][path]=.
[2016-08-04 09:52:28.445]	[   35]	              [in][absolutePath]=
[2016-08-04 09:52:28.445]	[   35]	              [in][control]=rcNoCheck
[2016-08-04 09:52:28.445]	[   35]	              [in][composePath]=SBStringList.TElStringList
[2016-08-04 09:52:28.445]	[   35]	              [in][errorCode]=0
[2016-08-04 09:52:28.445]	[   35]	              [in][comment]=
[2016-08-04 09:52:28.445]	[   35]	              [out][absolutePath]=
[2016-08-04 09:52:28.445]	[   35]	              [out][errorCode]=0
[2016-08-04 09:52:28.445]	[   35]	              [out][comment]=
[2016-08-04 09:52:28.445]	[   35]	SFTPOperations.OnRequestAbsolutePath EXIT
[2016-08-04 09:52:28.445]	[   35]	=============================================================
[2016-08-04 09:52:28.445]	[   35]	=============================================================
[2016-08-04 09:52:28.445]	[   35]	SFTPOperations.OnCreateDirectory ENTER 
[2016-08-04 09:52:28.445]	[   35]	              [in][sender]=SBSftpServer.TElSFTPServer
[2016-08-04 09:52:28.445]	[   35]	              [in][path]=\\TestSession_3816c110-76a6-4ec4-abbc-57e1e76d7abe
[2016-08-04 09:52:28.445]	[   35]	              [in][attributes]=
[2016-08-04 09:52:28.445]	[   35]	              [in][errorCode]=0
[2016-08-04 09:52:28.445]	[   35]	              [in][comment]=
[2016-08-04 09:52:28.445]	[   35]	              [out][errorCode]=0
[2016-08-04 09:52:28.446]	[   35]	              [out][comment]=
[2016-08-04 09:52:28.446]	[   35]	SFTPOperations.OnCreateDirectory EXIT
[2016-08-04 09:52:28.446]	[   35]	=============================================================
[2016-08-04 09:52:28.446]	[   39]	Socket receive operation failed: An established connection was aborted by the software in your host machine
[2016-08-04 09:52:28.446]	[   39]	Closing the socket
[2016-08-04 09:52:28.446]	[   39]	ServerListener.OnSessionClosed()
[2016-08-04 09:52:28.449]	[   36]	ServerListener.Listen : New connection available
[2016-08-04 09:52:28.449]	[   36]	Connection accepted. Active connections 1 from 20
[2016-08-04 09:52:28.540]	[   41]	Subsystem sftp opened
[2016-08-04 09:52:28.541]	[   41]	SFTP server started
[2016-08-04 09:52:28.541]	[   13]	=============================================================
[2016-08-04 09:52:28.542]	[   13]	SFTPOperations.OnOpen ENTER (1)
[2016-08-04 09:52:28.542]	[   13]	              [in][sender]=SBSftpServer.TElSFTPServer
[2016-08-04 09:52:28.542]	[   13]	SFTP connection established
[2016-08-04 09:52:28.542]	[   13]	SFTPOperations.OnOpen EXIT
[2016-08-04 09:52:28.542]	[   13]	=============================================================
[2016-08-04 09:52:28.542]	[   13]	=============================================================
[2016-08-04 09:52:28.542]	[   13]	SFTPOperations.OnRequestAbsolutePath ENTER 
[2016-08-04 09:52:28.542]	[   13]	              [in][sender]=SBSftpServer.TElSFTPServer
[2016-08-04 09:52:28.542]	[   13]	              [in][path]=.
[2016-08-04 09:52:28.542]	[   13]	              [in][absolutePath]=
[2016-08-04 09:52:28.542]	[   13]	              [in][control]=rcNoCheck
[2016-08-04 09:52:28.542]	[   13]	              [in][composePath]=SBStringList.TElStringList
[2016-08-04 09:52:28.542]	[   13]	              [in][errorCode]=0
[2016-08-04 09:52:28.542]	[   13]	              [in][comment]=
[2016-08-04 09:52:28.542]	[   13]	              [out][absolutePath]=
[2016-08-04 09:52:28.542]	[   13]	              [out][errorCode]=0
[2016-08-04 09:52:28.542]	[   13]	              [out][comment]=
[2016-08-04 09:52:28.542]	[   13]	SFTPOperations.OnRequestAbsolutePath EXIT
[2016-08-04 09:52:28.542]	[   13]	=============================================================
[2016-08-04 09:52:28.543]	[   13]	=============================================================
[2016-08-04 09:52:28.543]	[   13]	SFTPOperations.OnFindFirst ENTER 
[2016-08-04 09:52:28.543]	[   13]	              [in][sender]=SBSftpServer.TElSFTPServer
[2016-08-04 09:52:28.543]	[   13]	              [in][path]=\\TestSession_3816c110-76a6-4ec4-abbc-57e1e76d7abe
[2016-08-04 09:52:28.543]	[   13]	              [in][data]=
[2016-08-04 09:52:28.543]	[   13]	              [in][info]=SBSftpCommon.TElSftpFileInfo
[2016-08-04 09:52:28.543]	[   13]	              [in][errorCode]=0
[2016-08-04 09:52:28.543]	[   13]	              [in][comment]=
[2016-08-04 09:52:28.543]	[   13]	              [out][data]=
[2016-08-04 09:52:28.543]	[   13]	              [out][errorCode]=0
[2016-08-04 09:52:28.543]	[   13]	              [out][comment]=
[2016-08-04 09:52:28.543]	[   13]	SFTPOperations.OnFindFirst EXIT
[2016-08-04 09:52:28.543]	[   13]	=============================================================
[2016-08-04 09:52:28.543]	[   13]	=============================================================
[2016-08-04 09:52:28.543]	[   13]	SFTPOperations.OnFindNext ENTER 
[2016-08-04 09:52:28.543]	[   13]	              [in][sender]=SBSftpServer.TElSFTPServer
[2016-08-04 09:52:28.543]	[   13]	              [in][data]=
[2016-08-04 09:52:28.543]	[   13]	              [in][info]=SBSftpCommon.TElSftpFileInfo
[2016-08-04 09:52:28.544]	[   13]	              [in][errorCode]=0
[2016-08-04 09:52:28.544]	[   13]	              [in][comment]=
[2016-08-04 09:52:28.544]	[   13]	              [out][errorCode]=0
[2016-08-04 09:52:28.544]	[   13]	              [out][comment]=
[2016-08-04 09:52:28.544]	[   13]	SFTPOperations.OnFindNext EXIT
[2016-08-04 09:52:28.544]	[   13]	=============================================================
[2016-08-04 09:52:28.544]	[   13]	=============================================================
[2016-08-04 09:52:28.544]	[   13]	SFTPOperations.OnFindNext ENTER 
[2016-08-04 09:52:28.544]	[   13]	              [in][sender]=SBSftpServer.TElSFTPServer
[2016-08-04 09:52:28.544]	[   13]	              [in][data]=
[2016-08-04 09:52:28.544]	[   13]	              [in][info]=SBSftpCommon.TElSftpFileInfo
[2016-08-04 09:52:28.544]	[   13]	              [in][errorCode]=0
[2016-08-04 09:52:28.544]	[   13]	              [in][comment]=
[2016-08-04 09:52:28.544]	[   13]	              [out][errorCode]=0
[2016-08-04 09:52:28.544]	[   13]	              [out][comment]=
[2016-08-04 09:52:28.544]	[   13]	SFTPOperations.OnFindNext EXIT
[2016-08-04 09:52:28.544]	[   13]	=============================================================
[2016-08-04 09:52:28.545]	[   13]	=============================================================
[2016-08-04 09:52:28.545]	[   13]	SFTPOperations.OnFindClose ENTER 
[2016-08-04 09:52:28.545]	[   13]	              [in][sender]=SBSftpServer.TElSFTPServer
[2016-08-04 09:52:28.545]	[   13]	              [in][searchRec]=
[2016-08-04 09:52:28.545]	[   13]	              [in][errorCode]=1
[2016-08-04 09:52:28.545]	[   13]	              [in][comment]=
[2016-08-04 09:52:28.545]	[   13]	              [out][errorCode]=1
[2016-08-04 09:52:28.545]	[   13]	              [out][comment]=
[2016-08-04 09:52:28.545]	[   13]	SFTPOperations.OnFindClose EXIT
[2016-08-04 09:52:28.545]	[   13]	=============================================================
[2016-08-04 09:52:28.545]	[   13]	=============================================================
[2016-08-04 09:52:28.545]	[   13]	SFTPOperations.OnRequestAbsolutePath ENTER 
[2016-08-04 09:52:28.545]	[   13]	              [in][sender]=SBSftpServer.TElSFTPServer
[2016-08-04 09:52:28.545]	[   13]	              [in][path]=\\TestSession_3816c110-76a6-4ec4-abbc-57e1e76d7abe
[2016-08-04 09:52:28.545]	[   13]	              [in][absolutePath]=
[2016-08-04 09:52:28.545]	[   13]	              [in][control]=rcNoCheck
[2016-08-04 09:52:28.545]	[   13]	              [in][composePath]=SBStringList.TElStringList
[2016-08-04 09:52:28.545]	[   13]	              [in][errorCode]=0
[2016-08-04 09:52:28.545]	[   13]	              [in][comment]=
[2016-08-04 09:52:28.545]	[   13]	              [out][absolutePath]=
[2016-08-04 09:52:28.545]	[   13]	              [out][errorCode]=0
[2016-08-04 09:52:28.545]	[   13]	              [out][comment]=
[2016-08-04 09:52:28.545]	[   13]	SFTPOperations.OnRequestAbsolutePath EXIT
[2016-08-04 09:52:28.545]	[   13]	=============================================================
[2016-08-04 09:52:28.546]	[   13]	=============================================================
[2016-08-04 09:52:28.546]	[   13]	SFTPOperations.OnRequestAttributes ENTER 
[2016-08-04 09:52:28.546]	[   13]	              [in][sender]=SBSftpServer.TElSFTPServer
[2016-08-04 09:52:28.546]	[   13]	              [in][path]=/\\TestSession_3816c110-76a6-4ec4-abbc-57e1e76d7abe
[2016-08-04 09:52:28.546]	[   13]	              [in][followSymLinks]=True
[2016-08-04 09:52:28.546]	[   13]	              [in][attributes]=SBSftpCommon.TElSftpFileAttributes
[2016-08-04 09:52:28.546]	[   13]	              [in][errorCode]=0
[2016-08-04 09:52:28.546]	[   13]	              [in][comment]=
[2016-08-04 09:52:28.546]	[   13]	              [out][errorCode]=0
[2016-08-04 09:52:28.546]	[   13]	              [out][comment]=
[2016-08-04 09:52:28.546]	[   13]	SFTPOperations.OnRequestAttributes EXIT
[2016-08-04 09:52:28.546]	[   13]	=============================================================
[2016-08-04 09:52:28.546]	[   13]	=============================================================
[2016-08-04 09:52:28.546]	[   13]	SFTPOperations.OnOpenFile ENTER (1)
[2016-08-04 09:52:28.546]	[   13]	              [in][sender]=SBSftpServer.TElSFTPServer
[2016-08-04 09:52:28.546]	[   13]	              [in][path]=/\\TestSession_3816c110-76a6-4ec4-abbc-57e1e76d7abe/a.txt
[2016-08-04 09:52:28.546]	[   13]	              [in][modes]=26
[2016-08-04 09:52:28.546]	[   13]	              [in][Access]=0
[2016-08-04 09:52:28.546]	[   13]	              [in][desiredAccess]=2
[2016-08-04 09:52:28.546]	[   13]	              [in][attributes]=SBSftpCommon.TElSftpFileAttributes
[2016-08-04 09:52:28.546]	[   13]	              [in][data]=
[2016-08-04 09:52:28.546]	[   13]	              [in][errorCode]=0
[2016-08-04 09:52:28.547]	[   13]	              [in][comment]=
[2016-08-04 09:52:28.547]	[   13]	              [out][data]=
[2016-08-04 09:52:28.547]	[   13]	              [out][errorCode]=0
[2016-08-04 09:52:28.547]	[   13]	              [out][comment]=
[2016-08-04 09:52:28.547]	[   13]	SFTPOperations.OnOpenFile EXIT
[2016-08-04 09:52:28.547]	[   13]	=============================================================
[2016-08-04 09:52:28.547]	[   13]	=============================================================
[2016-08-04 09:52:28.547]	[   13]	SFTPOperations.OnWriteFile ENTER (1)
[2016-08-04 09:52:28.547]	[   13]	              [in][sender]=SBSftpServer.TElSFTPServer
[2016-08-04 09:52:28.547]	[   13]	              [in][data]=System.IO.FileStream
[2016-08-04 09:52:28.547]	[   13]	              [in][offset]=0
[2016-08-04 09:52:28.547]	[   13]	              [in][buffer]=System.Byte[]
[2016-08-04 09:52:28.547]	[   13]	              [in][bufferOffset]=25
[2016-08-04 09:52:28.547]	[   13]	              [in][count]=1
[2016-08-04 09:52:28.547]	[   13]	              [in][errorCode]=0
[2016-08-04 09:52:28.547]	[   13]	              [in][comment]=
[2016-08-04 09:52:28.547]	[   13]	              [out][errorCode]=0
[2016-08-04 09:52:28.547]	[   13]	              [out][comment]=
[2016-08-04 09:52:28.547]	[   13]	SFTPOperations.OnWriteFile EXIT
[2016-08-04 09:52:28.547]	[   13]	=============================================================
[2016-08-04 09:52:28.548]	[   13]	=============================================================
[2016-08-04 09:52:28.548]	[   13]	SFTPOperations.OnCloseHandle ENTER (1)
[2016-08-04 09:52:28.548]	[   13]	              [in][sender]=SBSftpServer.TElSFTPServer
[2016-08-04 09:52:28.548]	[   13]	              [in][data]=System.IO.FileStream
[2016-08-04 09:52:28.548]	[   13]	              [in][errorCode]=0
[2016-08-04 09:52:28.548]	[   13]	              [in][comment]=
[2016-08-04 09:52:28.548]	[   13]	              [out][errorCode]=0
[2016-08-04 09:52:28.548]	[   13]	              [out][comment]=
[2016-08-04 09:52:28.548]	[   13]	SFTPOperations.OnCloseHandle EXIT
[2016-08-04 09:52:28.548]	[   13]	=============================================================
[2016-08-04 09:52:28.548]	[   13]	=============================================================
[2016-08-04 09:52:28.548]	[   13]	SFTPOperations.OnFindFirst ENTER 
[2016-08-04 09:52:28.548]	[   13]	              [in][sender]=SBSftpServer.TElSFTPServer
[2016-08-04 09:52:28.548]	[   13]	              [in][path]=\\TestSession_3816c110-76a6-4ec4-abbc-57e1e76d7abe
[2016-08-04 09:52:28.548]	[   13]	              [in][data]=
[2016-08-04 09:52:28.548]	[   13]	              [in][info]=SBSftpCommon.TElSftpFileInfo
[2016-08-04 09:52:28.548]	[   13]	              [in][errorCode]=0
[2016-08-04 09:52:28.548]	[   13]	              [in][comment]=
[2016-08-04 09:52:28.549]	[   13]	              [out][data]=
[2016-08-04 09:52:28.549]	[   13]	              [out][errorCode]=0
[2016-08-04 09:52:28.549]	[   13]	              [out][comment]=
[2016-08-04 09:52:28.549]	[   13]	SFTPOperations.OnFindFirst EXIT
[2016-08-04 09:52:28.549]	[   13]	=============================================================
[2016-08-04 09:52:28.549]	[   13]	=============================================================
[2016-08-04 09:52:28.549]	[   13]	SFTPOperations.OnFindNext ENTER 
[2016-08-04 09:52:28.549]	[   13]	              [in][sender]=SBSftpServer.TElSFTPServer
[2016-08-04 09:52:28.549]	[   13]	              [in][data]=
[2016-08-04 09:52:28.549]	[   13]	              [in][info]=SBSftpCommon.TElSftpFileInfo
[2016-08-04 09:52:28.549]	[   13]	              [in][errorCode]=0
[2016-08-04 09:52:28.549]	[   13]	              [in][comment]=
[2016-08-04 09:52:28.549]	[   13]	              [out][errorCode]=0
[2016-08-04 09:52:28.549]	[   13]	              [out][comment]=
[2016-08-04 09:52:28.549]	[   13]	SFTPOperations.OnFindNext EXIT
[2016-08-04 09:52:28.549]	[   13]	=============================================================
[2016-08-04 09:52:28.549]	[   13]	=============================================================
[2016-08-04 09:52:28.549]	[   13]	SFTPOperations.OnFindNext ENTER 
[2016-08-04 09:52:28.549]	[   13]	              [in][sender]=SBSftpServer.TElSFTPServer
[2016-08-04 09:52:28.549]	[   13]	              [in][data]=
[2016-08-04 09:52:28.549]	[   13]	              [in][info]=SBSftpCommon.TElSftpFileInfo
[2016-08-04 09:52:28.549]	[   13]	              [in][errorCode]=0
[2016-08-04 09:52:28.549]	[   13]	              [in][comment]=
[2016-08-04 09:52:28.550]	[   13]	              [out][errorCode]=0
[2016-08-04 09:52:28.550]	[   13]	              [out][comment]=
[2016-08-04 09:52:28.550]	[   13]	SFTPOperations.OnFindNext EXIT
[2016-08-04 09:52:28.550]	[   13]	=============================================================
[2016-08-04 09:52:28.550]	[   13]	=============================================================
[2016-08-04 09:52:28.550]	[   13]	SFTPOperations.OnFindNext ENTER 
[2016-08-04 09:52:28.550]	[   13]	              [in][sender]=SBSftpServer.TElSFTPServer
[2016-08-04 09:52:28.550]	[   13]	              [in][data]=
[2016-08-04 09:52:28.550]	[   13]	              [in][info]=SBSftpCommon.TElSftpFileInfo
[2016-08-04 09:52:28.550]	[   13]	              [in][errorCode]=0
[2016-08-04 09:52:28.550]	[   13]	              [in][comment]=
[2016-08-04 09:52:28.550]	[   13]	              [out][errorCode]=0
[2016-08-04 09:52:28.550]	[   13]	              [out][comment]=
[2016-08-04 09:52:28.550]	[   13]	SFTPOperations.OnFindNext EXIT
[2016-08-04 09:52:28.550]	[   13]	=============================================================
[2016-08-04 09:52:28.550]	[   13]	=============================================================
[2016-08-04 09:52:28.550]	[   13]	SFTPOperations.OnFindClose ENTER 
[2016-08-04 09:52:28.550]	[   13]	              [in][sender]=SBSftpServer.TElSFTPServer
[2016-08-04 09:52:28.550]	[   13]	              [in][searchRec]=
[2016-08-04 09:52:28.550]	[   13]	              [in][errorCode]=1
[2016-08-04 09:52:28.550]	[   13]	              [in][comment]=
[2016-08-04 09:52:28.550]	[   13]	              [out][errorCode]=1
[2016-08-04 09:52:28.550]	[   13]	              [out][comment]=
[2016-08-04 09:52:28.551]	[   13]	SFTPOperations.OnFindClose EXIT
[2016-08-04 09:52:28.551]	[   13]	=============================================================
[2016-08-04 09:52:28.551]	[   41]	Socket receive operation failed: An established connection was aborted by the software in your host machine
[2016-08-04 09:52:28.551]	[   41]	Closing the socket
[2016-08-04 09:52:28.551]	[   41]	ServerListener.OnSessionClosed()
[2016-08-04 09:52:28.599]	[   36]	ServerListener.Listen : New connection available
[2016-08-04 09:52:28.600]	[   36]	Connection accepted. Active connections 1 from 20
[2016-08-04 09:52:28.687]	[   38]	Subsystem sftp opened
[2016-08-04 09:52:28.687]	[   38]	SFTP server started
[2016-08-04 09:52:28.688]	[    9]	=============================================================
[2016-08-04 09:52:28.688]	[    9]	SFTPOperations.OnOpen ENTER (2)
[2016-08-04 09:52:28.688]	[    9]	              [in][sender]=SBSftpServer.TElSFTPServer
[2016-08-04 09:52:28.688]	[    9]	SFTP connection established
[2016-08-04 09:52:28.688]	[    9]	SFTPOperations.OnOpen EXIT
[2016-08-04 09:52:28.688]	[    9]	=============================================================
[2016-08-04 09:52:28.688]	[    9]	=============================================================
[2016-08-04 09:52:28.688]	[    9]	SFTPOperations.OnRequestAbsolutePath ENTER 
[2016-08-04 09:52:28.688]	[    9]	              [in][sender]=SBSftpServer.TElSFTPServer
[2016-08-04 09:52:28.688]	[    9]	              [in][path]=.
[2016-08-04 09:52:28.688]	[    9]	              [in][absolutePath]=
[2016-08-04 09:52:28.688]	[    9]	              [in][control]=rcNoCheck
[2016-08-04 09:52:28.688]	[    9]	              [in][composePath]=SBStringList.TElStringList
[2016-08-04 09:52:28.688]	[    9]	              [in][errorCode]=0
[2016-08-04 09:52:28.688]	[    9]	              [in][comment]=
[2016-08-04 09:52:28.688]	[    9]	              [out][absolutePath]=
[2016-08-04 09:52:28.688]	[    9]	              [out][errorCode]=0
[2016-08-04 09:52:28.688]	[    9]	              [out][comment]=
[2016-08-04 09:52:28.688]	[    9]	SFTPOperations.OnRequestAbsolutePath EXIT
[2016-08-04 09:52:28.688]	[    9]	=============================================================
[2016-08-04 09:52:28.689]	[    9]	=============================================================
[2016-08-04 09:52:28.689]	[    9]	SFTPOperations.OnFindFirst ENTER 
[2016-08-04 09:52:28.689]	[    9]	              [in][sender]=SBSftpServer.TElSFTPServer
[2016-08-04 09:52:28.689]	[    9]	              [in][path]=\\TestSession_3816c110-76a6-4ec4-abbc-57e1e76d7abe/
[2016-08-04 09:52:28.689]	[    9]	              [in][data]=
[2016-08-04 09:52:28.689]	[    9]	              [in][info]=SBSftpCommon.TElSftpFileInfo
[2016-08-04 09:52:28.689]	[    9]	              [in][errorCode]=0
[2016-08-04 09:52:28.689]	[    9]	              [in][comment]=
[2016-08-04 09:52:28.689]	[    9]	              [out][data]=
[2016-08-04 09:52:28.689]	[    9]	              [out][errorCode]=0
[2016-08-04 09:52:28.689]	[    9]	              [out][comment]=
[2016-08-04 09:52:28.689]	[    9]	SFTPOperations.OnFindFirst EXIT
[2016-08-04 09:52:28.689]	[    9]	=============================================================
[2016-08-04 09:52:28.689]	[    9]	=============================================================
[2016-08-04 09:52:28.689]	[    9]	SFTPOperations.OnFindNext ENTER 
[2016-08-04 09:52:28.689]	[    9]	              [in][sender]=SBSftpServer.TElSFTPServer
[2016-08-04 09:52:28.689]	[    9]	              [in][data]=
[2016-08-04 09:52:28.689]	[    9]	              [in][info]=SBSftpCommon.TElSftpFileInfo
[2016-08-04 09:52:28.689]	[    9]	              [in][errorCode]=0
[2016-08-04 09:52:28.689]	[    9]	              [in][comment]=
[2016-08-04 09:52:28.689]	[    9]	              [out][errorCode]=0
[2016-08-04 09:52:28.689]	[    9]	              [out][comment]=
[2016-08-04 09:52:28.689]	[    9]	SFTPOperations.OnFindNext EXIT
[2016-08-04 09:52:28.690]	[    9]	=============================================================
[2016-08-04 09:52:28.690]	[    9]	=============================================================
[2016-08-04 09:52:28.690]	[    9]	SFTPOperations.OnFindNext ENTER 
[2016-08-04 09:52:28.690]	[    9]	              [in][sender]=SBSftpServer.TElSFTPServer
[2016-08-04 09:52:28.690]	[    9]	              [in][data]=
[2016-08-04 09:52:28.690]	[    9]	              [in][info]=SBSftpCommon.TElSftpFileInfo
[2016-08-04 09:52:28.690]	[    9]	              [in][errorCode]=0
[2016-08-04 09:52:28.690]	[    9]	              [in][comment]=
[2016-08-04 09:52:28.690]	[    9]	              [out][errorCode]=0
[2016-08-04 09:52:28.690]	[    9]	              [out][comment]=
[2016-08-04 09:52:28.690]	[    9]	SFTPOperations.OnFindNext EXIT
[2016-08-04 09:52:28.690]	[    9]	=============================================================
[2016-08-04 09:52:28.690]	[    9]	=============================================================
[2016-08-04 09:52:28.690]	[    9]	SFTPOperations.OnFindNext ENTER 
[2016-08-04 09:52:28.690]	[    9]	              [in][sender]=SBSftpServer.TElSFTPServer
[2016-08-04 09:52:28.690]	[    9]	              [in][data]=
[2016-08-04 09:52:28.690]	[    9]	              [in][info]=SBSftpCommon.TElSftpFileInfo
[2016-08-04 09:52:28.690]	[    9]	              [in][errorCode]=0
[2016-08-04 09:52:28.690]	[    9]	              [in][comment]=
[2016-08-04 09:52:28.690]	[    9]	              [out][errorCode]=0
[2016-08-04 09:52:28.690]	[    9]	              [out][comment]=
[2016-08-04 09:52:28.690]	[    9]	SFTPOperations.OnFindNext EXIT
[2016-08-04 09:52:28.690]	[    9]	=============================================================
[2016-08-04 09:52:28.690]	[    9]	=============================================================
[2016-08-04 09:52:28.690]	[    9]	SFTPOperations.OnFindClose ENTER 
[2016-08-04 09:52:28.691]	[    9]	              [in][sender]=SBSftpServer.TElSFTPServer
[2016-08-04 09:52:28.691]	[    9]	              [in][searchRec]=
[2016-08-04 09:52:28.691]	[    9]	              [in][errorCode]=1
[2016-08-04 09:52:28.691]	[    9]	              [in][comment]=
[2016-08-04 09:52:28.691]	[    9]	              [out][errorCode]=1
[2016-08-04 09:52:28.691]	[    9]	              [out][comment]=
[2016-08-04 09:52:28.691]	[    9]	SFTPOperations.OnFindClose EXIT
[2016-08-04 09:52:28.691]	[    9]	=============================================================
[2016-08-04 09:52:28.691]	[    9]	=============================================================
[2016-08-04 09:52:28.691]	[    9]	SFTPOperations.OnRemove ENTER 
[2016-08-04 09:52:28.691]	[    9]	              [in][sender]=SBSftpServer.TElSFTPServer
[2016-08-04 09:52:28.691]	[    9]	              [in][path]=\\TestSession_3816c110-76a6-4ec4-abbc-57e1e76d7abe/a.txt
[2016-08-04 09:52:28.691]	[    9]	              [in][errorCode]=0
[2016-08-04 09:52:28.691]	[    9]	              [in][comment]=
[2016-08-04 09:52:28.691]	[    9]	              [out][errorCode]=0
[2016-08-04 09:52:28.691]	[    9]	              [out][comment]=
[2016-08-04 09:52:28.691]	[    9]	SFTPOperations.OnRemove EXIT
[2016-08-04 09:52:28.691]	[    9]	=============================================================
[2016-08-04 09:52:28.692]	[    9]	=============================================================
[2016-08-04 09:52:28.692]	[    9]	SFTPOperations.OnFindFirst ENTER 
[2016-08-04 09:52:28.692]	[    9]	              [in][sender]=SBSftpServer.TElSFTPServer
[2016-08-04 09:52:28.692]	[    9]	              [in][path]=\\TestSession_3816c110-76a6-4ec4-abbc-57e1e76d7abe/
[2016-08-04 09:52:28.692]	[    9]	              [in][data]=
[2016-08-04 09:52:28.692]	[    9]	              [in][info]=SBSftpCommon.TElSftpFileInfo
[2016-08-04 09:52:28.692]	[    9]	              [in][errorCode]=0
[2016-08-04 09:52:28.692]	[    9]	              [in][comment]=
[2016-08-04 09:52:28.692]	[    9]	              [out][data]=
[2016-08-04 09:52:28.692]	[    9]	              [out][errorCode]=0
[2016-08-04 09:52:28.692]	[    9]	              [out][comment]=
[2016-08-04 09:52:28.692]	[    9]	SFTPOperations.OnFindFirst EXIT
[2016-08-04 09:52:28.692]	[    9]	=============================================================
[2016-08-04 09:52:28.692]	[    9]	=============================================================
[2016-08-04 09:52:28.692]	[    9]	SFTPOperations.OnFindNext ENTER 
[2016-08-04 09:52:28.692]	[    9]	              [in][sender]=SBSftpServer.TElSFTPServer
[2016-08-04 09:52:28.692]	[    9]	              [in][data]=
[2016-08-04 09:52:28.692]	[    9]	              [in][info]=SBSftpCommon.TElSftpFileInfo
[2016-08-04 09:52:28.692]	[    9]	              [in][errorCode]=0
[2016-08-04 09:52:28.692]	[    9]	              [in][comment]=
[2016-08-04 09:52:28.692]	[    9]	              [out][errorCode]=0
[2016-08-04 09:52:28.692]	[    9]	              [out][comment]=
[2016-08-04 09:52:28.692]	[    9]	SFTPOperations.OnFindNext EXIT
[2016-08-04 09:52:28.692]	[    9]	=============================================================
[2016-08-04 09:52:28.692]	[    9]	=============================================================
[2016-08-04 09:52:28.692]	[    9]	SFTPOperations.OnFindNext ENTER 
[2016-08-04 09:52:28.693]	[    9]	              [in][sender]=SBSftpServer.TElSFTPServer
[2016-08-04 09:52:28.693]	[    9]	              [in][data]=
[2016-08-04 09:52:28.693]	[    9]	              [in][info]=SBSftpCommon.TElSftpFileInfo
[2016-08-04 09:52:28.693]	[    9]	              [in][errorCode]=0
[2016-08-04 09:52:28.693]	[    9]	              [in][comment]=
[2016-08-04 09:52:28.693]	[    9]	              [out][errorCode]=0
[2016-08-04 09:52:28.693]	[    9]	              [out][comment]=
[2016-08-04 09:52:28.693]	[    9]	SFTPOperations.OnFindNext EXIT
[2016-08-04 09:52:28.693]	[    9]	=============================================================
[2016-08-04 09:52:28.693]	[    9]	=============================================================
[2016-08-04 09:52:28.693]	[    9]	SFTPOperations.OnFindClose ENTER 
[2016-08-04 09:52:28.693]	[    9]	              [in][sender]=SBSftpServer.TElSFTPServer
[2016-08-04 09:52:28.693]	[    9]	              [in][searchRec]=
[2016-08-04 09:52:28.693]	[    9]	              [in][errorCode]=1
[2016-08-04 09:52:28.693]	[    9]	              [in][comment]=
[2016-08-04 09:52:28.693]	[    9]	              [out][errorCode]=1
[2016-08-04 09:52:28.693]	[    9]	              [out][comment]=
[2016-08-04 09:52:28.693]	[    9]	SFTPOperations.OnFindClose EXIT
[2016-08-04 09:52:28.693]	[    9]	=============================================================
[2016-08-04 09:52:28.694]	[    9]	=============================================================
[2016-08-04 09:52:28.694]	[    9]	SFTPOperations.OnRemove ENTER 
[2016-08-04 09:52:28.694]	[    9]	              [in][sender]=SBSftpServer.TElSFTPServer
[2016-08-04 09:52:28.694]	[    9]	              [in][path]=\\TestSession_3816c110-76a6-4ec4-abbc-57e1e76d7abe/
[2016-08-04 09:52:28.694]	[    9]	              [in][errorCode]=0
[2016-08-04 09:52:28.694]	[    9]	              [in][comment]=
[2016-08-04 09:52:28.694]	[    9]	              [out][errorCode]=0
[2016-08-04 09:52:28.694]	[    9]	              [out][comment]=
[2016-08-04 09:52:28.694]	[    9]	SFTPOperations.OnRemove EXIT
[2016-08-04 09:52:28.694]	[    9]	=============================================================
[2016-08-04 09:52:28.695]	[   32]	Stopping socket listener
[2016-08-04 09:52:28.695]	[   32]	Socket listener stopped
[2016-08-04 09:52:28.695]	[   38]	Socket receive operation failed: An established connection was aborted by the software in your host machine
[2016-08-04 09:52:28.695]	[   38]	Closing the socket
[2016-08-04 09:52:28.695]	[   38]	ServerListener.OnSessionClosed()</StdOut>
      </Output>
    </UnitTestResult>
    <UnitTestResult executionId="680b1054-7844-4111-af84-4c98db7a7259" testId="e3d6956b-35a8-cc9f-6197-1f2b8fc8e925" testName="SetCWD_DownloadFile_Affected" computerName="ICSWS068" duration="00:00:00.3647480" startTime="2016-08-04T09:52:28.7188149+02:00" endTime="2016-08-04T09:52:29.0849321+02:00" testType="13cdc9d9-ddb5-4fa4-a97d-d965ccfc6d4b" outcome="Passed" testListId="8c84fa94-04c1-424b-9868-57a2d4851a1d" relativeResultsDirectory="680b1054-7844-4111-af84-4c98db7a7259">
      <Output>
        <StdOut>Debug Trace:
[2016-08-04 09:52:28.724]	[   40]	Starting SSH server listener...
[2016-08-04 09:52:28.724]	[   40]	SSH server listener started.
[2016-08-04 09:52:28.775]	[   42]	ServerListener.Listen : New connection available
[2016-08-04 09:52:28.775]	[   42]	Connection accepted. Active connections 1 from 20
[2016-08-04 09:52:28.862]	[   37]	Subsystem sftp opened
[2016-08-04 09:52:28.863]	[   37]	SFTP server started
[2016-08-04 09:52:28.864]	[   28]	=============================================================
[2016-08-04 09:52:28.864]	[   28]	SFTPOperations.OnOpen ENTER (3)
[2016-08-04 09:52:28.864]	[   28]	              [in][sender]=SBSftpServer.TElSFTPServer
[2016-08-04 09:52:28.864]	[   28]	SFTP connection established
[2016-08-04 09:52:28.864]	[   28]	SFTPOperations.OnOpen EXIT
[2016-08-04 09:52:28.864]	[   28]	=============================================================
[2016-08-04 09:52:28.864]	[   28]	=============================================================
[2016-08-04 09:52:28.864]	[   28]	SFTPOperations.OnRequestAbsolutePath ENTER 
[2016-08-04 09:52:28.864]	[   28]	              [in][sender]=SBSftpServer.TElSFTPServer
[2016-08-04 09:52:28.864]	[   28]	              [in][path]=.
[2016-08-04 09:52:28.864]	[   28]	              [in][absolutePath]=
[2016-08-04 09:52:28.864]	[   28]	              [in][control]=rcNoCheck
[2016-08-04 09:52:28.864]	[   28]	              [in][composePath]=SBStringList.TElStringList
[2016-08-04 09:52:28.864]	[   28]	              [in][errorCode]=0
[2016-08-04 09:52:28.864]	[   28]	              [in][comment]=
[2016-08-04 09:52:28.864]	[   28]	              [out][absolutePath]=
[2016-08-04 09:52:28.864]	[   28]	              [out][errorCode]=0
[2016-08-04 09:52:28.864]	[   28]	              [out][comment]=
[2016-08-04 09:52:28.864]	[   28]	SFTPOperations.OnRequestAbsolutePath EXIT
[2016-08-04 09:52:28.864]	[   28]	=============================================================
[2016-08-04 09:52:28.865]	[   28]	=============================================================
[2016-08-04 09:52:28.865]	[   28]	SFTPOperations.OnCreateDirectory ENTER 
[2016-08-04 09:52:28.865]	[   28]	              [in][sender]=SBSftpServer.TElSFTPServer
[2016-08-04 09:52:28.865]	[   28]	              [in][path]=\\TestSession_6f6dbf43-c1a5-489f-9913-2a853fa4d3fc
[2016-08-04 09:52:28.865]	[   28]	              [in][attributes]=
[2016-08-04 09:52:28.865]	[   28]	              [in][errorCode]=0
[2016-08-04 09:52:28.865]	[   28]	              [in][comment]=
[2016-08-04 09:52:28.865]	[   28]	              [out][errorCode]=0
[2016-08-04 09:52:28.865]	[   28]	              [out][comment]=
[2016-08-04 09:52:28.865]	[   28]	SFTPOperations.OnCreateDirectory EXIT
[2016-08-04 09:52:28.865]	[   28]	=============================================================
[2016-08-04 09:52:28.865]	[   37]	Socket receive operation failed: An established connection was aborted by the software in your host machine
[2016-08-04 09:52:28.866]	[   37]	Closing the socket
[2016-08-04 09:52:28.866]	[   37]	ServerListener.OnSessionClosed()
[2016-08-04 09:52:28.876]	[   42]	ServerListener.Listen : New connection available
[2016-08-04 09:52:28.876]	[   42]	Connection accepted. Active connections 1 from 20
[2016-08-04 09:52:28.966]	[   14]	Subsystem sftp opened
[2016-08-04 09:52:28.966]	[   14]	SFTP server started
[2016-08-04 09:52:28.967]	[   26]	=============================================================
[2016-08-04 09:52:28.967]	[   26]	SFTPOperations.OnOpen ENTER (1)
[2016-08-04 09:52:28.967]	[   26]	              [in][sender]=SBSftpServer.TElSFTPServer
[2016-08-04 09:52:28.967]	[   26]	SFTP connection established
[2016-08-04 09:52:28.967]	[   26]	SFTPOperations.OnOpen EXIT
[2016-08-04 09:52:28.967]	[   26]	=============================================================
[2016-08-04 09:52:28.967]	[   26]	=============================================================
[2016-08-04 09:52:28.967]	[   26]	SFTPOperations.OnRequestAbsolutePath ENTER 
[2016-08-04 09:52:28.967]	[   26]	              [in][sender]=SBSftpServer.TElSFTPServer
[2016-08-04 09:52:28.967]	[   26]	              [in][path]=.
[2016-08-04 09:52:28.967]	[   26]	              [in][absolutePath]=
[2016-08-04 09:52:28.967]	[   26]	              [in][control]=rcNoCheck
[2016-08-04 09:52:28.967]	[   26]	              [in][composePath]=SBStringList.TElStringList
[2016-08-04 09:52:28.967]	[   26]	              [in][errorCode]=0
[2016-08-04 09:52:28.967]	[   26]	              [in][comment]=
[2016-08-04 09:52:28.967]	[   26]	              [out][absolutePath]=
[2016-08-04 09:52:28.967]	[   26]	              [out][errorCode]=0
[2016-08-04 09:52:28.967]	[   26]	              [out][comment]=
[2016-08-04 09:52:28.967]	[   26]	SFTPOperations.OnRequestAbsolutePath EXIT
[2016-08-04 09:52:28.967]	[   26]	=============================================================
[2016-08-04 09:52:28.967]	[   26]	=============================================================
[2016-08-04 09:52:28.967]	[   26]	SFTPOperations.OnFindFirst ENTER 
[2016-08-04 09:52:28.967]	[   26]	              [in][sender]=SBSftpServer.TElSFTPServer
[2016-08-04 09:52:28.967]	[   26]	              [in][path]=/DirA
[2016-08-04 09:52:28.967]	[   26]	              [in][data]=
[2016-08-04 09:52:28.967]	[   26]	              [in][info]=SBSftpCommon.TElSftpFileInfo
[2016-08-04 09:52:28.967]	[   26]	              [in][errorCode]=0
[2016-08-04 09:52:28.967]	[   26]	              [in][comment]=
[2016-08-04 09:52:28.968]	[   26]	              [out][data]=
[2016-08-04 09:52:28.968]	[   26]	              [out][errorCode]=0
[2016-08-04 09:52:28.968]	[   26]	              [out][comment]=
[2016-08-04 09:52:28.968]	[   26]	SFTPOperations.OnFindFirst EXIT
[2016-08-04 09:52:28.968]	[   26]	=============================================================
[2016-08-04 09:52:28.968]	[   26]	=============================================================
[2016-08-04 09:52:28.968]	[   26]	SFTPOperations.OnFindNext ENTER 
[2016-08-04 09:52:28.968]	[   26]	              [in][sender]=SBSftpServer.TElSFTPServer
[2016-08-04 09:52:28.968]	[   26]	              [in][data]=
[2016-08-04 09:52:28.968]	[   26]	              [in][info]=SBSftpCommon.TElSftpFileInfo
[2016-08-04 09:52:28.968]	[   26]	              [in][errorCode]=0
[2016-08-04 09:52:28.968]	[   26]	              [in][comment]=
[2016-08-04 09:52:28.968]	[   26]	              [out][errorCode]=0
[2016-08-04 09:52:28.968]	[   26]	              [out][comment]=
[2016-08-04 09:52:28.968]	[   26]	SFTPOperations.OnFindNext EXIT
[2016-08-04 09:52:28.968]	[   26]	=============================================================
[2016-08-04 09:52:28.968]	[   26]	=============================================================
[2016-08-04 09:52:28.968]	[   26]	SFTPOperations.OnFindNext ENTER 
[2016-08-04 09:52:28.968]	[   26]	              [in][sender]=SBSftpServer.TElSFTPServer
[2016-08-04 09:52:28.968]	[   26]	              [in][data]=
[2016-08-04 09:52:28.968]	[   26]	              [in][info]=SBSftpCommon.TElSftpFileInfo
[2016-08-04 09:52:28.968]	[   26]	              [in][errorCode]=0
[2016-08-04 09:52:28.968]	[   26]	              [in][comment]=
[2016-08-04 09:52:28.969]	[   26]	              [out][errorCode]=0
[2016-08-04 09:52:28.969]	[   26]	              [out][comment]=
[2016-08-04 09:52:28.969]	[   26]	SFTPOperations.OnFindNext EXIT
[2016-08-04 09:52:28.969]	[   26]	=============================================================
[2016-08-04 09:52:28.969]	[   26]	=============================================================
[2016-08-04 09:52:28.969]	[   26]	SFTPOperations.OnFindNext ENTER 
[2016-08-04 09:52:28.969]	[   26]	              [in][sender]=SBSftpServer.TElSFTPServer
[2016-08-04 09:52:28.969]	[   26]	              [in][data]=
[2016-08-04 09:52:28.969]	[   26]	              [in][info]=SBSftpCommon.TElSftpFileInfo
[2016-08-04 09:52:28.969]	[   26]	              [in][errorCode]=0
[2016-08-04 09:52:28.969]	[   26]	              [in][comment]=
[2016-08-04 09:52:28.969]	[   26]	              [out][errorCode]=0
[2016-08-04 09:52:28.969]	[   26]	              [out][comment]=
[2016-08-04 09:52:28.969]	[   26]	SFTPOperations.OnFindNext EXIT
[2016-08-04 09:52:28.969]	[   26]	=============================================================
[2016-08-04 09:52:28.969]	[   26]	=============================================================
[2016-08-04 09:52:28.969]	[   26]	SFTPOperations.OnFindNext ENTER 
[2016-08-04 09:52:28.969]	[   26]	              [in][sender]=SBSftpServer.TElSFTPServer
[2016-08-04 09:52:28.969]	[   26]	              [in][data]=
[2016-08-04 09:52:28.969]	[   26]	              [in][info]=SBSftpCommon.TElSftpFileInfo
[2016-08-04 09:52:28.969]	[   26]	              [in][errorCode]=0
[2016-08-04 09:52:28.969]	[   26]	              [in][comment]=
[2016-08-04 09:52:28.969]	[   26]	              [out][errorCode]=0
[2016-08-04 09:52:28.969]	[   26]	              [out][comment]=
[2016-08-04 09:52:28.969]	[   26]	SFTPOperations.OnFindNext EXIT
[2016-08-04 09:52:28.969]	[   26]	=============================================================
[2016-08-04 09:52:28.970]	[   26]	=============================================================
[2016-08-04 09:52:28.970]	[   26]	SFTPOperations.OnFindClose ENTER 
[2016-08-04 09:52:28.970]	[   26]	              [in][sender]=SBSftpServer.TElSFTPServer
[2016-08-04 09:52:28.970]	[   26]	              [in][searchRec]=
[2016-08-04 09:52:28.970]	[   26]	              [in][errorCode]=1
[2016-08-04 09:52:28.970]	[   26]	              [in][comment]=
[2016-08-04 09:52:28.970]	[   26]	              [out][errorCode]=1
[2016-08-04 09:52:28.970]	[   26]	              [out][comment]=
[2016-08-04 09:52:28.970]	[   26]	SFTPOperations.OnFindClose EXIT
[2016-08-04 09:52:28.970]	[   26]	=============================================================
[2016-08-04 09:52:28.970]	[   26]	=============================================================
[2016-08-04 09:52:28.970]	[   26]	SFTPOperations.OnRequestAbsolutePath ENTER 
[2016-08-04 09:52:28.970]	[   26]	              [in][sender]=SBSftpServer.TElSFTPServer
[2016-08-04 09:52:28.970]	[   26]	              [in][path]=/DirA
[2016-08-04 09:52:28.970]	[   26]	              [in][absolutePath]=
[2016-08-04 09:52:28.970]	[   26]	              [in][control]=rcNoCheck
[2016-08-04 09:52:28.970]	[   26]	              [in][composePath]=SBStringList.TElStringList
[2016-08-04 09:52:28.970]	[   26]	              [in][errorCode]=0
[2016-08-04 09:52:28.970]	[   26]	              [in][comment]=
[2016-08-04 09:52:28.970]	[   26]	              [out][absolutePath]=
[2016-08-04 09:52:28.970]	[   26]	              [out][errorCode]=0
[2016-08-04 09:52:28.970]	[   26]	              [out][comment]=
[2016-08-04 09:52:28.970]	[   26]	SFTPOperations.OnRequestAbsolutePath EXIT
[2016-08-04 09:52:28.970]	[   26]	=============================================================
[2016-08-04 09:52:28.970]	[   26]	=============================================================
[2016-08-04 09:52:28.970]	[   26]	SFTPOperations.OnRequestAttributes ENTER 
[2016-08-04 09:52:28.970]	[   26]	              [in][sender]=SBSftpServer.TElSFTPServer
[2016-08-04 09:52:28.970]	[   26]	              [in][path]=/DirA/fileInDirA.txt
[2016-08-04 09:52:28.970]	[   26]	              [in][followSymLinks]=True
[2016-08-04 09:52:28.970]	[   26]	              [in][attributes]=SBSftpCommon.TElSftpFileAttributes
[2016-08-04 09:52:28.970]	[   26]	              [in][errorCode]=0
[2016-08-04 09:52:28.970]	[   26]	              [in][comment]=
[2016-08-04 09:52:28.970]	[   26]	              [out][errorCode]=0
[2016-08-04 09:52:28.970]	[   26]	              [out][comment]=
[2016-08-04 09:52:28.970]	[   26]	SFTPOperations.OnRequestAttributes EXIT
[2016-08-04 09:52:28.970]	[   26]	=============================================================
[2016-08-04 09:52:28.974]	[   26]	=============================================================
[2016-08-04 09:52:28.974]	[   26]	SFTPOperations.OnOpenFile ENTER (1)
[2016-08-04 09:52:28.974]	[   26]	              [in][sender]=SBSftpServer.TElSFTPServer
[2016-08-04 09:52:28.974]	[   26]	              [in][path]=/DirA/fileInDirA.txt
[2016-08-04 09:52:28.974]	[   26]	              [in][modes]=1
[2016-08-04 09:52:28.974]	[   26]	              [in][Access]=0
[2016-08-04 09:52:28.974]	[   26]	              [in][desiredAccess]=1
[2016-08-04 09:52:28.974]	[   26]	              [in][attributes]=SBSftpCommon.TElSftpFileAttributes
[2016-08-04 09:52:28.974]	[   26]	              [in][data]=
[2016-08-04 09:52:28.974]	[   26]	              [in][errorCode]=0
[2016-08-04 09:52:28.974]	[   26]	              [in][comment]=
[2016-08-04 09:52:28.975]	[   26]	              [out][data]=
[2016-08-04 09:52:28.975]	[   26]	              [out][errorCode]=0
[2016-08-04 09:52:28.975]	[   26]	              [out][comment]=
[2016-08-04 09:52:28.975]	[   26]	SFTPOperations.OnOpenFile EXIT
[2016-08-04 09:52:28.975]	[   26]	=============================================================
[2016-08-04 09:52:28.975]	[   26]	=============================================================
[2016-08-04 09:52:28.975]	[   26]	SFTPOperations.OnReadFile ENTER (1)
[2016-08-04 09:52:28.975]	[   26]	              [in][sender]=SBSftpServer.TElSFTPServer
[2016-08-04 09:52:28.975]	[   26]	              [in][data]=System.IO.FileStream
[2016-08-04 09:52:28.975]	[   26]	              [in][offset]=0
[2016-08-04 09:52:28.975]	[   26]	              [in][buffer]=System.Byte[]
[2016-08-04 09:52:28.975]	[   26]	              [in][bufferOffset]=13
[2016-08-04 09:52:28.975]	[   26]	              [in][count]=21
[2016-08-04 09:52:28.975]	[   26]	              [in][read]=0
[2016-08-04 09:52:28.975]	[   26]	              [in][errorCode]=0
[2016-08-04 09:52:28.975]	[   26]	              [in][comment]=
[2016-08-04 09:52:28.975]	[   26]	              [out][buffer]=System.Byte[]
[2016-08-04 09:52:28.975]	[   26]	              [out][read]=0
[2016-08-04 09:52:28.975]	[   26]	              [out][errorCode]=0
[2016-08-04 09:52:28.975]	[   26]	              [out][comment]=
[2016-08-04 09:52:28.975]	[   26]	SFTPOperations.OnReadFile EXIT
[2016-08-04 09:52:28.975]	[   26]	=============================================================
[2016-08-04 09:52:28.976]	[   26]	=============================================================
[2016-08-04 09:52:28.976]	[   26]	SFTPOperations.OnCloseHandle ENTER (1)
[2016-08-04 09:52:28.976]	[   26]	              [in][sender]=SBSftpServer.TElSFTPServer
[2016-08-04 09:52:28.976]	[   26]	              [in][data]=System.IO.FileStream
[2016-08-04 09:52:28.976]	[   26]	              [in][errorCode]=0
[2016-08-04 09:52:28.976]	[   26]	              [in][comment]=
[2016-08-04 09:52:28.976]	[   26]	              [out][errorCode]=0
[2016-08-04 09:52:28.976]	[   26]	              [out][comment]=
[2016-08-04 09:52:28.976]	[   26]	SFTPOperations.OnCloseHandle EXIT
[2016-08-04 09:52:28.976]	[   26]	=============================================================
[2016-08-04 09:52:28.976]	[   14]	Socket receive operation failed: An established connection was aborted by the software in your host machine
[2016-08-04 09:52:28.976]	[   14]	Closing the socket
[2016-08-04 09:52:28.976]	[   14]	ServerListener.OnSessionClosed()
[2016-08-04 09:52:28.977]	[   42]	ServerListener.Listen : New connection available
[2016-08-04 09:52:28.978]	[   42]	Connection accepted. Active connections 1 from 20
[2016-08-04 09:52:29.068]	[   28]	Subsystem sftp opened
[2016-08-04 09:52:29.068]	[   28]	SFTP server started
[2016-08-04 09:52:29.069]	[   37]	=============================================================
[2016-08-04 09:52:29.069]	[   37]	SFTPOperations.OnOpen ENTER (2)
[2016-08-04 09:52:29.069]	[   37]	              [in][sender]=SBSftpServer.TElSFTPServer
[2016-08-04 09:52:29.069]	[   37]	SFTP connection established
[2016-08-04 09:52:29.069]	[   37]	SFTPOperations.OnOpen EXIT
[2016-08-04 09:52:29.069]	[   37]	=============================================================
[2016-08-04 09:52:29.069]	[   37]	=============================================================
[2016-08-04 09:52:29.069]	[   37]	SFTPOperations.OnRequestAbsolutePath ENTER 
[2016-08-04 09:52:29.069]	[   37]	              [in][sender]=SBSftpServer.TElSFTPServer
[2016-08-04 09:52:29.069]	[   37]	              [in][path]=.
[2016-08-04 09:52:29.069]	[   37]	              [in][absolutePath]=
[2016-08-04 09:52:29.069]	[   37]	              [in][control]=rcNoCheck
[2016-08-04 09:52:29.069]	[   37]	              [in][composePath]=SBStringList.TElStringList
[2016-08-04 09:52:29.069]	[   37]	              [in][errorCode]=0
[2016-08-04 09:52:29.069]	[   37]	              [in][comment]=
[2016-08-04 09:52:29.069]	[   37]	              [out][absolutePath]=
[2016-08-04 09:52:29.069]	[   37]	              [out][errorCode]=0
[2016-08-04 09:52:29.069]	[   37]	              [out][comment]=
[2016-08-04 09:52:29.069]	[   37]	SFTPOperations.OnRequestAbsolutePath EXIT
[2016-08-04 09:52:29.069]	[   37]	=============================================================
[2016-08-04 09:52:29.069]	[   37]	=============================================================
[2016-08-04 09:52:29.069]	[   37]	SFTPOperations.OnFindFirst ENTER 
[2016-08-04 09:52:29.069]	[   37]	              [in][sender]=SBSftpServer.TElSFTPServer
[2016-08-04 09:52:29.069]	[   37]	              [in][path]=\\TestSession_6f6dbf43-c1a5-489f-9913-2a853fa4d3fc/
[2016-08-04 09:52:29.069]	[   37]	              [in][data]=
[2016-08-04 09:52:29.069]	[   37]	              [in][info]=SBSftpCommon.TElSftpFileInfo
[2016-08-04 09:52:29.069]	[   37]	              [in][errorCode]=0
[2016-08-04 09:52:29.070]	[   37]	              [in][comment]=
[2016-08-04 09:52:29.070]	[   37]	              [out][data]=
[2016-08-04 09:52:29.070]	[   37]	              [out][errorCode]=0
[2016-08-04 09:52:29.070]	[   37]	              [out][comment]=
[2016-08-04 09:52:29.070]	[   37]	SFTPOperations.OnFindFirst EXIT
[2016-08-04 09:52:29.070]	[   37]	=============================================================
[2016-08-04 09:52:29.070]	[   37]	=============================================================
[2016-08-04 09:52:29.070]	[   37]	SFTPOperations.OnFindNext ENTER 
[2016-08-04 09:52:29.070]	[   37]	              [in][sender]=SBSftpServer.TElSFTPServer
[2016-08-04 09:52:29.070]	[   37]	              [in][data]=
[2016-08-04 09:52:29.070]	[   37]	              [in][info]=SBSftpCommon.TElSftpFileInfo
[2016-08-04 09:52:29.070]	[   37]	              [in][errorCode]=0
[2016-08-04 09:52:29.070]	[   37]	              [in][comment]=
[2016-08-04 09:52:29.070]	[   37]	              [out][errorCode]=0
[2016-08-04 09:52:29.070]	[   37]	              [out][comment]=
[2016-08-04 09:52:29.070]	[   37]	SFTPOperations.OnFindNext EXIT
[2016-08-04 09:52:29.070]	[   37]	=============================================================
[2016-08-04 09:52:29.070]	[   37]	=============================================================
[2016-08-04 09:52:29.070]	[   37]	SFTPOperations.OnFindNext ENTER 
[2016-08-04 09:52:29.070]	[   37]	              [in][sender]=SBSftpServer.TElSFTPServer
[2016-08-04 09:52:29.070]	[   37]	              [in][data]=
[2016-08-04 09:52:29.070]	[   37]	              [in][info]=SBSftpCommon.TElSftpFileInfo
[2016-08-04 09:52:29.070]	[   37]	              [in][errorCode]=0
[2016-08-04 09:52:29.071]	[   37]	              [in][comment]=
[2016-08-04 09:52:29.071]	[   37]	              [out][errorCode]=0
[2016-08-04 09:52:29.071]	[   37]	              [out][comment]=
[2016-08-04 09:52:29.071]	[   37]	SFTPOperations.OnFindNext EXIT
[2016-08-04 09:52:29.071]	[   37]	=============================================================
[2016-08-04 09:52:29.071]	[   37]	=============================================================
[2016-08-04 09:52:29.071]	[   37]	SFTPOperations.OnFindClose ENTER 
[2016-08-04 09:52:29.071]	[   37]	              [in][sender]=SBSftpServer.TElSFTPServer
[2016-08-04 09:52:29.071]	[   37]	              [in][searchRec]=
[2016-08-04 09:52:29.071]	[   37]	              [in][errorCode]=1
[2016-08-04 09:52:29.071]	[   37]	              [in][comment]=
[2016-08-04 09:52:29.071]	[   37]	              [out][errorCode]=1
[2016-08-04 09:52:29.071]	[   37]	              [out][comment]=
[2016-08-04 09:52:29.071]	[   37]	SFTPOperations.OnFindClose EXIT
[2016-08-04 09:52:29.071]	[   37]	=============================================================
[2016-08-04 09:52:29.072]	[   37]	=============================================================
[2016-08-04 09:52:29.072]	[   37]	SFTPOperations.OnFindFirst ENTER 
[2016-08-04 09:52:29.072]	[   37]	              [in][sender]=SBSftpServer.TElSFTPServer
[2016-08-04 09:52:29.072]	[   37]	              [in][path]=\\TestSession_6f6dbf43-c1a5-489f-9913-2a853fa4d3fc/
[2016-08-04 09:52:29.072]	[   37]	              [in][data]=
[2016-08-04 09:52:29.072]	[   37]	              [in][info]=SBSftpCommon.TElSftpFileInfo
[2016-08-04 09:52:29.072]	[   37]	              [in][errorCode]=0
[2016-08-04 09:52:29.072]	[   37]	              [in][comment]=
[2016-08-04 09:52:29.072]	[   37]	              [out][data]=
[2016-08-04 09:52:29.072]	[   37]	              [out][errorCode]=0
[2016-08-04 09:52:29.072]	[   37]	              [out][comment]=
[2016-08-04 09:52:29.072]	[   37]	SFTPOperations.OnFindFirst EXIT
[2016-08-04 09:52:29.072]	[   37]	=============================================================
[2016-08-04 09:52:29.072]	[   37]	=============================================================
[2016-08-04 09:52:29.072]	[   37]	SFTPOperations.OnFindNext ENTER 
[2016-08-04 09:52:29.072]	[   37]	              [in][sender]=SBSftpServer.TElSFTPServer
[2016-08-04 09:52:29.072]	[   37]	              [in][data]=
[2016-08-04 09:52:29.072]	[   37]	              [in][info]=SBSftpCommon.TElSftpFileInfo
[2016-08-04 09:52:29.072]	[   37]	              [in][errorCode]=0
[2016-08-04 09:52:29.072]	[   37]	              [in][comment]=
[2016-08-04 09:52:29.072]	[   37]	              [out][errorCode]=0
[2016-08-04 09:52:29.072]	[   37]	              [out][comment]=
[2016-08-04 09:52:29.072]	[   37]	SFTPOperations.OnFindNext EXIT
[2016-08-04 09:52:29.072]	[   37]	=============================================================
[2016-08-04 09:52:29.073]	[   37]	=============================================================
[2016-08-04 09:52:29.073]	[   37]	SFTPOperations.OnFindNext ENTER 
[2016-08-04 09:52:29.073]	[   37]	              [in][sender]=SBSftpServer.TElSFTPServer
[2016-08-04 09:52:29.073]	[   37]	              [in][data]=
[2016-08-04 09:52:29.073]	[   37]	              [in][info]=SBSftpCommon.TElSftpFileInfo
[2016-08-04 09:52:29.073]	[   37]	              [in][errorCode]=0
[2016-08-04 09:52:29.073]	[   37]	              [in][comment]=
[2016-08-04 09:52:29.073]	[   37]	              [out][errorCode]=0
[2016-08-04 09:52:29.073]	[   37]	              [out][comment]=
[2016-08-04 09:52:29.073]	[   37]	SFTPOperations.OnFindNext EXIT
[2016-08-04 09:52:29.073]	[   37]	=============================================================
[2016-08-04 09:52:29.073]	[   37]	=============================================================
[2016-08-04 09:52:29.073]	[   37]	SFTPOperations.OnFindClose ENTER 
[2016-08-04 09:52:29.073]	[   37]	              [in][sender]=SBSftpServer.TElSFTPServer
[2016-08-04 09:52:29.073]	[   37]	              [in][searchRec]=
[2016-08-04 09:52:29.073]	[   37]	              [in][errorCode]=1
[2016-08-04 09:52:29.073]	[   37]	              [in][comment]=
[2016-08-04 09:52:29.073]	[   37]	              [out][errorCode]=1
[2016-08-04 09:52:29.073]	[   37]	              [out][comment]=
[2016-08-04 09:52:29.073]	[   37]	SFTPOperations.OnFindClose EXIT
[2016-08-04 09:52:29.073]	[   37]	=============================================================
[2016-08-04 09:52:29.074]	[   37]	=============================================================
[2016-08-04 09:52:29.074]	[   37]	SFTPOperations.OnRemove ENTER 
[2016-08-04 09:52:29.074]	[   37]	              [in][sender]=SBSftpServer.TElSFTPServer
[2016-08-04 09:52:29.074]	[   37]	              [in][path]=\\TestSession_6f6dbf43-c1a5-489f-9913-2a853fa4d3fc/
[2016-08-04 09:52:29.074]	[   37]	              [in][errorCode]=0
[2016-08-04 09:52:29.074]	[   37]	              [in][comment]=
[2016-08-04 09:52:29.074]	[   37]	              [out][errorCode]=0
[2016-08-04 09:52:29.074]	[   37]	              [out][comment]=
[2016-08-04 09:52:29.074]	[   37]	SFTPOperations.OnRemove EXIT
[2016-08-04 09:52:29.074]	[   37]	=============================================================
[2016-08-04 09:52:29.074]	[   40]	Stopping socket listener
[2016-08-04 09:52:29.074]	[   40]	Socket listener stopped
[2016-08-04 09:52:29.074]	[   28]	Socket receive operation failed: An established connection was aborted by the software in your host machine
[2016-08-04 09:52:29.074]	[   28]	Closing the socket
[2016-08-04 09:52:29.075]	[   28]	ServerListener.OnSessionClosed()</StdOut>
      </Output>
    </UnitTestResult>
    <UnitTestResult executionId="eed7ba3d-1edf-48e9-879e-bada934dbdaa" testId="eae13e41-f7e3-21b5-5c53-4186b790164e" testName="SetCWD_RenameFile_Affected" computerName="ICSWS068" duration="00:00:00.4174591" startTime="2016-08-04T09:52:29.0879535+02:00" endTime="2016-08-04T09:52:29.5069390+02:00" testType="13cdc9d9-ddb5-4fa4-a97d-d965ccfc6d4b" outcome="Passed" testListId="8c84fa94-04c1-424b-9868-57a2d4851a1d" relativeResultsDirectory="eed7ba3d-1edf-48e9-879e-bada934dbdaa">
      <Output>
        <StdOut>Debug Trace:
[2016-08-04 09:52:29.091]	[   13]	Starting SSH server listener...
[2016-08-04 09:52:29.091]	[   13]	SSH server listener started.
[2016-08-04 09:52:29.142]	[    9]	ServerListener.Listen : New connection available
[2016-08-04 09:52:29.143]	[    9]	Connection accepted. Active connections 1 from 20
[2016-08-04 09:52:29.235]	[   41]	Subsystem sftp opened
[2016-08-04 09:52:29.236]	[   41]	SFTP server started
[2016-08-04 09:52:29.237]	[   35]	=============================================================
[2016-08-04 09:52:29.237]	[   35]	SFTPOperations.OnOpen ENTER (3)
[2016-08-04 09:52:29.237]	[   35]	              [in][sender]=SBSftpServer.TElSFTPServer
[2016-08-04 09:52:29.237]	[   35]	SFTP connection established
[2016-08-04 09:52:29.237]	[   35]	SFTPOperations.OnOpen EXIT
[2016-08-04 09:52:29.237]	[   35]	=============================================================
[2016-08-04 09:52:29.237]	[   35]	=============================================================
[2016-08-04 09:52:29.237]	[   35]	SFTPOperations.OnRequestAbsolutePath ENTER 
[2016-08-04 09:52:29.237]	[   35]	              [in][sender]=SBSftpServer.TElSFTPServer
[2016-08-04 09:52:29.237]	[   35]	              [in][path]=.
[2016-08-04 09:52:29.237]	[   35]	              [in][absolutePath]=
[2016-08-04 09:52:29.237]	[   35]	              [in][control]=rcNoCheck
[2016-08-04 09:52:29.237]	[   35]	              [in][composePath]=SBStringList.TElStringList
[2016-08-04 09:52:29.237]	[   35]	              [in][errorCode]=0
[2016-08-04 09:52:29.237]	[   35]	              [in][comment]=
[2016-08-04 09:52:29.237]	[   35]	              [out][absolutePath]=
[2016-08-04 09:52:29.237]	[   35]	              [out][errorCode]=0
[2016-08-04 09:52:29.237]	[   35]	              [out][comment]=
[2016-08-04 09:52:29.237]	[   35]	SFTPOperations.OnRequestAbsolutePath EXIT
[2016-08-04 09:52:29.237]	[   35]	=============================================================
[2016-08-04 09:52:29.237]	[   35]	=============================================================
[2016-08-04 09:52:29.237]	[   35]	SFTPOperations.OnCreateDirectory ENTER 
[2016-08-04 09:52:29.237]	[   35]	              [in][sender]=SBSftpServer.TElSFTPServer
[2016-08-04 09:52:29.237]	[   35]	              [in][path]=\\TestSession_aac51d87-a49b-4870-a201-3571c36d1d7a
[2016-08-04 09:52:29.237]	[   35]	              [in][attributes]=
[2016-08-04 09:52:29.237]	[   35]	              [in][errorCode]=0
[2016-08-04 09:52:29.237]	[   35]	              [in][comment]=
[2016-08-04 09:52:29.238]	[   35]	              [out][errorCode]=0
[2016-08-04 09:52:29.238]	[   35]	              [out][comment]=
[2016-08-04 09:52:29.238]	[   35]	SFTPOperations.OnCreateDirectory EXIT
[2016-08-04 09:52:29.238]	[   35]	=============================================================
[2016-08-04 09:52:29.238]	[   41]	Socket receive operation failed: An established connection was aborted by the software in your host machine
[2016-08-04 09:52:29.238]	[   41]	Closing the socket
[2016-08-04 09:52:29.238]	[   41]	ServerListener.OnSessionClosed()
[2016-08-04 09:52:29.243]	[    9]	ServerListener.Listen : New connection available
[2016-08-04 09:52:29.244]	[    9]	Connection accepted. Active connections 1 from 20
[2016-08-04 09:52:29.337]	[   39]	Subsystem sftp opened
[2016-08-04 09:52:29.338]	[   39]	SFTP server started
[2016-08-04 09:52:29.338]	[   32]	=============================================================
[2016-08-04 09:52:29.338]	[   32]	SFTPOperations.OnOpen ENTER (1)
[2016-08-04 09:52:29.339]	[   32]	              [in][sender]=SBSftpServer.TElSFTPServer
[2016-08-04 09:52:29.339]	[   32]	SFTP connection established
[2016-08-04 09:52:29.339]	[   32]	SFTPOperations.OnOpen EXIT
[2016-08-04 09:52:29.339]	[   32]	=============================================================
[2016-08-04 09:52:29.339]	[   32]	=============================================================
[2016-08-04 09:52:29.339]	[   32]	SFTPOperations.OnRequestAbsolutePath ENTER 
[2016-08-04 09:52:29.339]	[   32]	              [in][sender]=SBSftpServer.TElSFTPServer
[2016-08-04 09:52:29.339]	[   32]	              [in][path]=.
[2016-08-04 09:52:29.339]	[   32]	              [in][absolutePath]=
[2016-08-04 09:52:29.339]	[   32]	              [in][control]=rcNoCheck
[2016-08-04 09:52:29.339]	[   32]	              [in][composePath]=SBStringList.TElStringList
[2016-08-04 09:52:29.339]	[   32]	              [in][errorCode]=0
[2016-08-04 09:52:29.339]	[   32]	              [in][comment]=
[2016-08-04 09:52:29.339]	[   32]	              [out][absolutePath]=
[2016-08-04 09:52:29.339]	[   32]	              [out][errorCode]=0
[2016-08-04 09:52:29.339]	[   32]	              [out][comment]=
[2016-08-04 09:52:29.339]	[   32]	SFTPOperations.OnRequestAbsolutePath EXIT
[2016-08-04 09:52:29.339]	[   32]	=============================================================
[2016-08-04 09:52:29.339]	[   32]	=============================================================
[2016-08-04 09:52:29.339]	[   32]	SFTPOperations.OnFindFirst ENTER 
[2016-08-04 09:52:29.339]	[   32]	              [in][sender]=SBSftpServer.TElSFTPServer
[2016-08-04 09:52:29.339]	[   32]	              [in][path]=\\TestSession_aac51d87-a49b-4870-a201-3571c36d1d7a
[2016-08-04 09:52:29.339]	[   32]	              [in][data]=
[2016-08-04 09:52:29.339]	[   32]	              [in][info]=SBSftpCommon.TElSftpFileInfo
[2016-08-04 09:52:29.339]	[   32]	              [in][errorCode]=0
[2016-08-04 09:52:29.339]	[   32]	              [in][comment]=
[2016-08-04 09:52:29.340]	[   32]	              [out][data]=
[2016-08-04 09:52:29.340]	[   32]	              [out][errorCode]=0
[2016-08-04 09:52:29.340]	[   32]	              [out][comment]=
[2016-08-04 09:52:29.340]	[   32]	SFTPOperations.OnFindFirst EXIT
[2016-08-04 09:52:29.340]	[   32]	=============================================================
[2016-08-04 09:52:29.340]	[   32]	=============================================================
[2016-08-04 09:52:29.340]	[   32]	SFTPOperations.OnFindNext ENTER 
[2016-08-04 09:52:29.340]	[   32]	              [in][sender]=SBSftpServer.TElSFTPServer
[2016-08-04 09:52:29.340]	[   32]	              [in][data]=
[2016-08-04 09:52:29.340]	[   32]	              [in][info]=SBSftpCommon.TElSftpFileInfo
[2016-08-04 09:52:29.340]	[   32]	              [in][errorCode]=0
[2016-08-04 09:52:29.340]	[   32]	              [in][comment]=
[2016-08-04 09:52:29.340]	[   32]	              [out][errorCode]=0
[2016-08-04 09:52:29.340]	[   32]	              [out][comment]=
[2016-08-04 09:52:29.340]	[   32]	SFTPOperations.OnFindNext EXIT
[2016-08-04 09:52:29.340]	[   32]	=============================================================
[2016-08-04 09:52:29.340]	[   32]	=============================================================
[2016-08-04 09:52:29.340]	[   32]	SFTPOperations.OnFindNext ENTER 
[2016-08-04 09:52:29.340]	[   32]	              [in][sender]=SBSftpServer.TElSFTPServer
[2016-08-04 09:52:29.340]	[   32]	              [in][data]=
[2016-08-04 09:52:29.340]	[   32]	              [in][info]=SBSftpCommon.TElSftpFileInfo
[2016-08-04 09:52:29.340]	[   32]	              [in][errorCode]=0
[2016-08-04 09:52:29.340]	[   32]	              [in][comment]=
[2016-08-04 09:52:29.340]	[   32]	              [out][errorCode]=0
[2016-08-04 09:52:29.340]	[   32]	              [out][comment]=
[2016-08-04 09:52:29.340]	[   32]	SFTPOperations.OnFindNext EXIT
[2016-08-04 09:52:29.340]	[   32]	=============================================================
[2016-08-04 09:52:29.341]	[   32]	=============================================================
[2016-08-04 09:52:29.341]	[   32]	SFTPOperations.OnFindClose ENTER 
[2016-08-04 09:52:29.341]	[   32]	              [in][sender]=SBSftpServer.TElSFTPServer
[2016-08-04 09:52:29.341]	[   32]	              [in][searchRec]=
[2016-08-04 09:52:29.341]	[   32]	              [in][errorCode]=1
[2016-08-04 09:52:29.341]	[   32]	              [in][comment]=
[2016-08-04 09:52:29.341]	[   32]	              [out][errorCode]=1
[2016-08-04 09:52:29.341]	[   32]	              [out][comment]=
[2016-08-04 09:52:29.341]	[   32]	SFTPOperations.OnFindClose EXIT
[2016-08-04 09:52:29.341]	[   32]	=============================================================
[2016-08-04 09:52:29.341]	[   32]	=============================================================
[2016-08-04 09:52:29.341]	[   32]	SFTPOperations.OnRequestAbsolutePath ENTER 
[2016-08-04 09:52:29.341]	[   32]	              [in][sender]=SBSftpServer.TElSFTPServer
[2016-08-04 09:52:29.341]	[   32]	              [in][path]=\\TestSession_aac51d87-a49b-4870-a201-3571c36d1d7a
[2016-08-04 09:52:29.341]	[   32]	              [in][absolutePath]=
[2016-08-04 09:52:29.342]	[   32]	              [in][control]=rcNoCheck
[2016-08-04 09:52:29.342]	[   32]	              [in][composePath]=SBStringList.TElStringList
[2016-08-04 09:52:29.342]	[   32]	              [in][errorCode]=0
[2016-08-04 09:52:29.342]	[   32]	              [in][comment]=
[2016-08-04 09:52:29.342]	[   32]	              [out][absolutePath]=
[2016-08-04 09:52:29.342]	[   32]	              [out][errorCode]=0
[2016-08-04 09:52:29.342]	[   32]	              [out][comment]=
[2016-08-04 09:52:29.342]	[   32]	SFTPOperations.OnRequestAbsolutePath EXIT
[2016-08-04 09:52:29.342]	[   32]	=============================================================
[2016-08-04 09:52:29.342]	[   32]	=============================================================
[2016-08-04 09:52:29.342]	[   32]	SFTPOperations.OnRequestAttributes ENTER 
[2016-08-04 09:52:29.342]	[   32]	              [in][sender]=SBSftpServer.TElSFTPServer
[2016-08-04 09:52:29.342]	[   32]	              [in][path]=/\\TestSession_aac51d87-a49b-4870-a201-3571c36d1d7a
[2016-08-04 09:52:29.342]	[   32]	              [in][followSymLinks]=True
[2016-08-04 09:52:29.342]	[   32]	              [in][attributes]=SBSftpCommon.TElSftpFileAttributes
[2016-08-04 09:52:29.342]	[   32]	              [in][errorCode]=0
[2016-08-04 09:52:29.342]	[   32]	              [in][comment]=
[2016-08-04 09:52:29.342]	[   32]	              [out][errorCode]=0
[2016-08-04 09:52:29.342]	[   32]	              [out][comment]=
[2016-08-04 09:52:29.342]	[   32]	SFTPOperations.OnRequestAttributes EXIT
[2016-08-04 09:52:29.342]	[   32]	=============================================================
[2016-08-04 09:52:29.343]	[   32]	=============================================================
[2016-08-04 09:52:29.343]	[   32]	SFTPOperations.OnOpenFile ENTER (1)
[2016-08-04 09:52:29.343]	[   32]	              [in][sender]=SBSftpServer.TElSFTPServer
[2016-08-04 09:52:29.343]	[   32]	              [in][path]=/\\TestSession_aac51d87-a49b-4870-a201-3571c36d1d7a/c6c6f855-d3ae-4559-a965-f30aecab36d1.txt
[2016-08-04 09:52:29.343]	[   32]	              [in][modes]=26
[2016-08-04 09:52:29.343]	[   32]	              [in][Access]=0
[2016-08-04 09:52:29.343]	[   32]	              [in][desiredAccess]=2
[2016-08-04 09:52:29.343]	[   32]	              [in][attributes]=SBSftpCommon.TElSftpFileAttributes
[2016-08-04 09:52:29.343]	[   32]	              [in][data]=
[2016-08-04 09:52:29.343]	[   32]	              [in][errorCode]=0
[2016-08-04 09:52:29.343]	[   32]	              [in][comment]=
[2016-08-04 09:52:29.343]	[   32]	              [out][data]=
[2016-08-04 09:52:29.343]	[   32]	              [out][errorCode]=0
[2016-08-04 09:52:29.343]	[   32]	              [out][comment]=
[2016-08-04 09:52:29.343]	[   32]	SFTPOperations.OnOpenFile EXIT
[2016-08-04 09:52:29.343]	[   32]	=============================================================
[2016-08-04 09:52:29.343]	[   32]	=============================================================
[2016-08-04 09:52:29.343]	[   32]	SFTPOperations.OnWriteFile ENTER (1)
[2016-08-04 09:52:29.344]	[   32]	              [in][sender]=SBSftpServer.TElSFTPServer
[2016-08-04 09:52:29.344]	[   32]	              [in][data]=System.IO.FileStream
[2016-08-04 09:52:29.344]	[   32]	              [in][offset]=0
[2016-08-04 09:52:29.344]	[   32]	              [in][buffer]=System.Byte[]
[2016-08-04 09:52:29.344]	[   32]	              [in][bufferOffset]=25
[2016-08-04 09:52:29.344]	[   32]	              [in][count]=1
[2016-08-04 09:52:29.344]	[   32]	              [in][errorCode]=0
[2016-08-04 09:52:29.344]	[   32]	              [in][comment]=
[2016-08-04 09:52:29.344]	[   32]	              [out][errorCode]=0
[2016-08-04 09:52:29.344]	[   32]	              [out][comment]=
[2016-08-04 09:52:29.344]	[   32]	SFTPOperations.OnWriteFile EXIT
[2016-08-04 09:52:29.344]	[   32]	=============================================================
[2016-08-04 09:52:29.344]	[   32]	=============================================================
[2016-08-04 09:52:29.344]	[   32]	SFTPOperations.OnCloseHandle ENTER (1)
[2016-08-04 09:52:29.344]	[   32]	              [in][sender]=SBSftpServer.TElSFTPServer
[2016-08-04 09:52:29.344]	[   32]	              [in][data]=System.IO.FileStream
[2016-08-04 09:52:29.344]	[   32]	              [in][errorCode]=0
[2016-08-04 09:52:29.344]	[   32]	              [in][comment]=
[2016-08-04 09:52:29.344]	[   32]	              [out][errorCode]=0
[2016-08-04 09:52:29.344]	[   32]	              [out][comment]=
[2016-08-04 09:52:29.344]	[   32]	SFTPOperations.OnCloseHandle EXIT
[2016-08-04 09:52:29.344]	[   32]	=============================================================
[2016-08-04 09:52:29.345]	[   32]	=============================================================
[2016-08-04 09:52:29.345]	[   32]	SFTPOperations.OnRenameFile ENTER 
[2016-08-04 09:52:29.345]	[   32]	              [in][sender]=SBSftpServer.TElSFTPServer
[2016-08-04 09:52:29.345]	[   32]	              [in][oldPath]=/\\TestSession_aac51d87-a49b-4870-a201-3571c36d1d7a/c6c6f855-d3ae-4559-a965-f30aecab36d1.txt
[2016-08-04 09:52:29.345]	[   32]	              [in][newPath]=/\\TestSession_aac51d87-a49b-4870-a201-3571c36d1d7a/9fc959e5-9960-4ad6-96ee-1194ab600edd.txt
[2016-08-04 09:52:29.345]	[   32]	              [in][flags]=0
[2016-08-04 09:52:29.345]	[   32]	              [in][errorCode]=0
[2016-08-04 09:52:29.345]	[   32]	              [in][comment]=
[2016-08-04 09:52:29.345]	[   32]	              [out][errorCode]=0
[2016-08-04 09:52:29.346]	[   32]	              [out][comment]=
[2016-08-04 09:52:29.346]	[   32]	SFTPOperations.OnRenameFile EXIT
[2016-08-04 09:52:29.346]	[   32]	=============================================================
[2016-08-04 09:52:29.346]	[   32]	=============================================================
[2016-08-04 09:52:29.346]	[   32]	SFTPOperations.OnFindFirst ENTER 
[2016-08-04 09:52:29.346]	[   32]	              [in][sender]=SBSftpServer.TElSFTPServer
[2016-08-04 09:52:29.346]	[   32]	              [in][path]=/\\TestSession_aac51d87-a49b-4870-a201-3571c36d1d7a
[2016-08-04 09:52:29.346]	[   32]	              [in][data]=
[2016-08-04 09:52:29.346]	[   32]	              [in][info]=SBSftpCommon.TElSftpFileInfo
[2016-08-04 09:52:29.346]	[   32]	              [in][errorCode]=0
[2016-08-04 09:52:29.346]	[   32]	              [in][comment]=
[2016-08-04 09:52:29.346]	[   32]	              [out][data]=
[2016-08-04 09:52:29.346]	[   32]	              [out][errorCode]=0
[2016-08-04 09:52:29.346]	[   32]	              [out][comment]=
[2016-08-04 09:52:29.347]	[   32]	SFTPOperations.OnFindFirst EXIT
[2016-08-04 09:52:29.347]	[   32]	=============================================================
[2016-08-04 09:52:29.347]	[   32]	=============================================================
[2016-08-04 09:52:29.347]	[   32]	SFTPOperations.OnFindNext ENTER 
[2016-08-04 09:52:29.347]	[   32]	              [in][sender]=SBSftpServer.TElSFTPServer
[2016-08-04 09:52:29.347]	[   32]	              [in][data]=
[2016-08-04 09:52:29.347]	[   32]	              [in][info]=SBSftpCommon.TElSftpFileInfo
[2016-08-04 09:52:29.347]	[   32]	              [in][errorCode]=0
[2016-08-04 09:52:29.347]	[   32]	              [in][comment]=
[2016-08-04 09:52:29.347]	[   32]	              [out][errorCode]=0
[2016-08-04 09:52:29.347]	[   32]	              [out][comment]=
[2016-08-04 09:52:29.347]	[   32]	SFTPOperations.OnFindNext EXIT
[2016-08-04 09:52:29.347]	[   32]	=============================================================
[2016-08-04 09:52:29.347]	[   32]	=============================================================
[2016-08-04 09:52:29.347]	[   32]	SFTPOperations.OnFindNext ENTER 
[2016-08-04 09:52:29.347]	[   32]	              [in][sender]=SBSftpServer.TElSFTPServer
[2016-08-04 09:52:29.347]	[   32]	              [in][data]=
[2016-08-04 09:52:29.347]	[   32]	              [in][info]=SBSftpCommon.TElSftpFileInfo
[2016-08-04 09:52:29.347]	[   32]	              [in][errorCode]=0
[2016-08-04 09:52:29.347]	[   32]	              [in][comment]=
[2016-08-04 09:52:29.347]	[   32]	              [out][errorCode]=0
[2016-08-04 09:52:29.347]	[   32]	              [out][comment]=
[2016-08-04 09:52:29.347]	[   32]	SFTPOperations.OnFindNext EXIT
[2016-08-04 09:52:29.347]	[   32]	=============================================================
[2016-08-04 09:52:29.347]	[   32]	=============================================================
[2016-08-04 09:52:29.347]	[   32]	SFTPOperations.OnFindNext ENTER 
[2016-08-04 09:52:29.347]	[   32]	              [in][sender]=SBSftpServer.TElSFTPServer
[2016-08-04 09:52:29.347]	[   32]	              [in][data]=
[2016-08-04 09:52:29.348]	[   32]	              [in][info]=SBSftpCommon.TElSftpFileInfo
[2016-08-04 09:52:29.348]	[   32]	              [in][errorCode]=0
[2016-08-04 09:52:29.348]	[   32]	              [in][comment]=
[2016-08-04 09:52:29.348]	[   32]	              [out][errorCode]=0
[2016-08-04 09:52:29.348]	[   32]	              [out][comment]=
[2016-08-04 09:52:29.348]	[   32]	SFTPOperations.OnFindNext EXIT
[2016-08-04 09:52:29.348]	[   32]	=============================================================
[2016-08-04 09:52:29.348]	[   32]	=============================================================
[2016-08-04 09:52:29.348]	[   32]	SFTPOperations.OnFindClose ENTER 
[2016-08-04 09:52:29.348]	[   32]	              [in][sender]=SBSftpServer.TElSFTPServer
[2016-08-04 09:52:29.348]	[   32]	              [in][searchRec]=
[2016-08-04 09:52:29.348]	[   32]	              [in][errorCode]=1
[2016-08-04 09:52:29.348]	[   32]	              [in][comment]=
[2016-08-04 09:52:29.348]	[   32]	              [out][errorCode]=1
[2016-08-04 09:52:29.348]	[   32]	              [out][comment]=
[2016-08-04 09:52:29.348]	[   32]	SFTPOperations.OnFindClose EXIT
[2016-08-04 09:52:29.348]	[   32]	=============================================================
[2016-08-04 09:52:29.349]	[   39]	Socket receive operation failed: An established connection was aborted by the software in your host machine
[2016-08-04 09:52:29.349]	[   39]	Closing the socket
[2016-08-04 09:52:29.349]	[   39]	ServerListener.OnSessionClosed()
[2016-08-04 09:52:29.395]	[    9]	ServerListener.Listen : New connection available
[2016-08-04 09:52:29.395]	[    9]	Connection accepted. Active connections 1 from 20
[2016-08-04 09:52:29.485]	[   36]	Subsystem sftp opened
[2016-08-04 09:52:29.486]	[   36]	SFTP server started
[2016-08-04 09:52:29.486]	[   19]	=============================================================
[2016-08-04 09:52:29.486]	[   19]	SFTPOperations.OnOpen ENTER (2)
[2016-08-04 09:52:29.486]	[   19]	              [in][sender]=SBSftpServer.TElSFTPServer
[2016-08-04 09:52:29.486]	[   19]	SFTP connection established
[2016-08-04 09:52:29.486]	[   19]	SFTPOperations.OnOpen EXIT
[2016-08-04 09:52:29.486]	[   19]	=============================================================
[2016-08-04 09:52:29.486]	[   19]	=============================================================
[2016-08-04 09:52:29.486]	[   19]	SFTPOperations.OnRequestAbsolutePath ENTER 
[2016-08-04 09:52:29.486]	[   19]	              [in][sender]=SBSftpServer.TElSFTPServer
[2016-08-04 09:52:29.486]	[   19]	              [in][path]=.
[2016-08-04 09:52:29.486]	[   19]	              [in][absolutePath]=
[2016-08-04 09:52:29.487]	[   19]	              [in][control]=rcNoCheck
[2016-08-04 09:52:29.487]	[   19]	              [in][composePath]=SBStringList.TElStringList
[2016-08-04 09:52:29.487]	[   19]	              [in][errorCode]=0
[2016-08-04 09:52:29.487]	[   19]	              [in][comment]=
[2016-08-04 09:52:29.487]	[   19]	              [out][absolutePath]=
[2016-08-04 09:52:29.487]	[   19]	              [out][errorCode]=0
[2016-08-04 09:52:29.487]	[   19]	              [out][comment]=
[2016-08-04 09:52:29.487]	[   19]	SFTPOperations.OnRequestAbsolutePath EXIT
[2016-08-04 09:52:29.487]	[   19]	=============================================================
[2016-08-04 09:52:29.487]	[   19]	=============================================================
[2016-08-04 09:52:29.487]	[   19]	SFTPOperations.OnFindFirst ENTER 
[2016-08-04 09:52:29.487]	[   19]	              [in][sender]=SBSftpServer.TElSFTPServer
[2016-08-04 09:52:29.487]	[   19]	              [in][path]=\\TestSession_aac51d87-a49b-4870-a201-3571c36d1d7a/
[2016-08-04 09:52:29.487]	[   19]	              [in][data]=
[2016-08-04 09:52:29.487]	[   19]	              [in][info]=SBSftpCommon.TElSftpFileInfo
[2016-08-04 09:52:29.487]	[   19]	              [in][errorCode]=0
[2016-08-04 09:52:29.487]	[   19]	              [in][comment]=
[2016-08-04 09:52:29.487]	[   19]	              [out][data]=
[2016-08-04 09:52:29.487]	[   19]	              [out][errorCode]=0
[2016-08-04 09:52:29.487]	[   19]	              [out][comment]=
[2016-08-04 09:52:29.487]	[   19]	SFTPOperations.OnFindFirst EXIT
[2016-08-04 09:52:29.487]	[   19]	=============================================================
[2016-08-04 09:52:29.488]	[   19]	=============================================================
[2016-08-04 09:52:29.488]	[   19]	SFTPOperations.OnFindNext ENTER 
[2016-08-04 09:52:29.488]	[   19]	              [in][sender]=SBSftpServer.TElSFTPServer
[2016-08-04 09:52:29.488]	[   19]	              [in][data]=
[2016-08-04 09:52:29.488]	[   19]	              [in][info]=SBSftpCommon.TElSftpFileInfo
[2016-08-04 09:52:29.488]	[   19]	              [in][errorCode]=0
[2016-08-04 09:52:29.488]	[   19]	              [in][comment]=
[2016-08-04 09:52:29.488]	[   19]	              [out][errorCode]=0
[2016-08-04 09:52:29.488]	[   19]	              [out][comment]=
[2016-08-04 09:52:29.488]	[   19]	SFTPOperations.OnFindNext EXIT
[2016-08-04 09:52:29.488]	[   19]	=============================================================
[2016-08-04 09:52:29.488]	[   19]	=============================================================
[2016-08-04 09:52:29.488]	[   19]	SFTPOperations.OnFindNext ENTER 
[2016-08-04 09:52:29.488]	[   19]	              [in][sender]=SBSftpServer.TElSFTPServer
[2016-08-04 09:52:29.488]	[   19]	              [in][data]=
[2016-08-04 09:52:29.488]	[   19]	              [in][info]=SBSftpCommon.TElSftpFileInfo
[2016-08-04 09:52:29.488]	[   19]	              [in][errorCode]=0
[2016-08-04 09:52:29.488]	[   19]	              [in][comment]=
[2016-08-04 09:52:29.488]	[   19]	              [out][errorCode]=0
[2016-08-04 09:52:29.488]	[   19]	              [out][comment]=
[2016-08-04 09:52:29.488]	[   19]	SFTPOperations.OnFindNext EXIT
[2016-08-04 09:52:29.488]	[   19]	=============================================================
[2016-08-04 09:52:29.488]	[   19]	=============================================================
[2016-08-04 09:52:29.488]	[   19]	SFTPOperations.OnFindNext ENTER 
[2016-08-04 09:52:29.488]	[   19]	              [in][sender]=SBSftpServer.TElSFTPServer
[2016-08-04 09:52:29.488]	[   19]	              [in][data]=
[2016-08-04 09:52:29.488]	[   19]	              [in][info]=SBSftpCommon.TElSftpFileInfo
[2016-08-04 09:52:29.488]	[   19]	              [in][errorCode]=0
[2016-08-04 09:52:29.488]	[   19]	              [in][comment]=
[2016-08-04 09:52:29.488]	[   19]	              [out][errorCode]=0
[2016-08-04 09:52:29.488]	[   19]	              [out][comment]=
[2016-08-04 09:52:29.488]	[   19]	SFTPOperations.OnFindNext EXIT
[2016-08-04 09:52:29.488]	[   19]	=============================================================
[2016-08-04 09:52:29.489]	[   19]	=============================================================
[2016-08-04 09:52:29.489]	[   19]	SFTPOperations.OnFindClose ENTER 
[2016-08-04 09:52:29.489]	[   19]	              [in][sender]=SBSftpServer.TElSFTPServer
[2016-08-04 09:52:29.489]	[   19]	              [in][searchRec]=
[2016-08-04 09:52:29.489]	[   19]	              [in][errorCode]=1
[2016-08-04 09:52:29.489]	[   19]	              [in][comment]=
[2016-08-04 09:52:29.489]	[   19]	              [out][errorCode]=1
[2016-08-04 09:52:29.489]	[   19]	              [out][comment]=
[2016-08-04 09:52:29.489]	[   19]	SFTPOperations.OnFindClose EXIT
[2016-08-04 09:52:29.489]	[   19]	=============================================================
[2016-08-04 09:52:29.489]	[   19]	=============================================================
[2016-08-04 09:52:29.489]	[   19]	SFTPOperations.OnRemove ENTER 
[2016-08-04 09:52:29.489]	[   19]	              [in][sender]=SBSftpServer.TElSFTPServer
[2016-08-04 09:52:29.489]	[   19]	              [in][path]=\\TestSession_aac51d87-a49b-4870-a201-3571c36d1d7a/9fc959e5-9960-4ad6-96ee-1194ab600edd.txt
[2016-08-04 09:52:29.490]	[   19]	              [in][errorCode]=0
[2016-08-04 09:52:29.490]	[   19]	              [in][comment]=
[2016-08-04 09:52:29.490]	[   19]	              [out][errorCode]=0
[2016-08-04 09:52:29.490]	[   19]	              [out][comment]=
[2016-08-04 09:52:29.490]	[   19]	SFTPOperations.OnRemove EXIT
[2016-08-04 09:52:29.490]	[   19]	=============================================================
[2016-08-04 09:52:29.490]	[   19]	=============================================================
[2016-08-04 09:52:29.490]	[   19]	SFTPOperations.OnFindFirst ENTER 
[2016-08-04 09:52:29.490]	[   19]	              [in][sender]=SBSftpServer.TElSFTPServer
[2016-08-04 09:52:29.490]	[   19]	              [in][path]=\\TestSession_aac51d87-a49b-4870-a201-3571c36d1d7a/
[2016-08-04 09:52:29.490]	[   19]	              [in][data]=
[2016-08-04 09:52:29.490]	[   19]	              [in][info]=SBSftpCommon.TElSftpFileInfo
[2016-08-04 09:52:29.490]	[   19]	              [in][errorCode]=0
[2016-08-04 09:52:29.490]	[   19]	              [in][comment]=
[2016-08-04 09:52:29.490]	[   19]	              [out][data]=
[2016-08-04 09:52:29.491]	[   19]	              [out][errorCode]=0
[2016-08-04 09:52:29.491]	[   19]	              [out][comment]=
[2016-08-04 09:52:29.491]	[   19]	SFTPOperations.OnFindFirst EXIT
[2016-08-04 09:52:29.491]	[   19]	=============================================================
[2016-08-04 09:52:29.493]	[   19]	=============================================================
[2016-08-04 09:52:29.493]	[   19]	SFTPOperations.OnFindNext ENTER 
[2016-08-04 09:52:29.493]	[   19]	              [in][sender]=SBSftpServer.TElSFTPServer
[2016-08-04 09:52:29.493]	[   19]	              [in][data]=
[2016-08-04 09:52:29.493]	[   19]	              [in][info]=SBSftpCommon.TElSftpFileInfo
[2016-08-04 09:52:29.493]	[   19]	              [in][errorCode]=0
[2016-08-04 09:52:29.493]	[   19]	              [in][comment]=
[2016-08-04 09:52:29.493]	[   19]	              [out][errorCode]=0
[2016-08-04 09:52:29.494]	[   19]	              [out][comment]=
[2016-08-04 09:52:29.494]	[   19]	SFTPOperations.OnFindNext EXIT
[2016-08-04 09:52:29.494]	[   19]	=============================================================
[2016-08-04 09:52:29.494]	[   19]	=============================================================
[2016-08-04 09:52:29.494]	[   19]	SFTPOperations.OnFindNext ENTER 
[2016-08-04 09:52:29.494]	[   19]	              [in][sender]=SBSftpServer.TElSFTPServer
[2016-08-04 09:52:29.494]	[   19]	              [in][data]=
[2016-08-04 09:52:29.494]	[   19]	              [in][info]=SBSftpCommon.TElSftpFileInfo
[2016-08-04 09:52:29.494]	[   19]	              [in][errorCode]=0
[2016-08-04 09:52:29.494]	[   19]	              [in][comment]=
[2016-08-04 09:52:29.494]	[   19]	              [out][errorCode]=0
[2016-08-04 09:52:29.494]	[   19]	              [out][comment]=
[2016-08-04 09:52:29.494]	[   19]	SFTPOperations.OnFindNext EXIT
[2016-08-04 09:52:29.494]	[   19]	=============================================================
[2016-08-04 09:52:29.495]	[   19]	=============================================================
[2016-08-04 09:52:29.495]	[   19]	SFTPOperations.OnFindClose ENTER 
[2016-08-04 09:52:29.495]	[   19]	              [in][sender]=SBSftpServer.TElSFTPServer
[2016-08-04 09:52:29.495]	[   19]	              [in][searchRec]=
[2016-08-04 09:52:29.495]	[   19]	              [in][errorCode]=1
[2016-08-04 09:52:29.495]	[   19]	              [in][comment]=
[2016-08-04 09:52:29.495]	[   19]	              [out][errorCode]=1
[2016-08-04 09:52:29.495]	[   19]	              [out][comment]=
[2016-08-04 09:52:29.495]	[   19]	SFTPOperations.OnFindClose EXIT
[2016-08-04 09:52:29.495]	[   19]	=============================================================
[2016-08-04 09:52:29.495]	[   19]	=============================================================
[2016-08-04 09:52:29.495]	[   19]	SFTPOperations.OnRemove ENTER 
[2016-08-04 09:52:29.495]	[   19]	              [in][sender]=SBSftpServer.TElSFTPServer
[2016-08-04 09:52:29.495]	[   19]	              [in][path]=\\TestSession_aac51d87-a49b-4870-a201-3571c36d1d7a/
[2016-08-04 09:52:29.495]	[   19]	              [in][errorCode]=0
[2016-08-04 09:52:29.495]	[   19]	              [in][comment]=
[2016-08-04 09:52:29.496]	[   19]	              [out][errorCode]=0
[2016-08-04 09:52:29.496]	[   19]	              [out][comment]=
[2016-08-04 09:52:29.496]	[   19]	SFTPOperations.OnRemove EXIT
[2016-08-04 09:52:29.496]	[   19]	=============================================================
[2016-08-04 09:52:29.496]	[   13]	Stopping socket listener
[2016-08-04 09:52:29.496]	[   13]	Socket listener stopped
[2016-08-04 09:52:29.496]	[   36]	Socket receive operation failed: An established connection was aborted by the software in your host machine
[2016-08-04 09:52:29.496]	[   36]	Closing the socket
[2016-08-04 09:52:29.496]	[   36]	ServerListener.OnSessionClosed()</StdOut>
      </Output>
    </UnitTestResult>
    <UnitTestResult executionId="9306fd10-f8ef-4d73-aa75-60bcc4c07ea6" testId="724d2fa3-3c90-53ae-288a-06b9d9585eb1" testName="SetCWD_DeleteFile_Affected" computerName="ICSWS068" duration="00:00:00.4645096" startTime="2016-08-04T09:52:29.5099563+02:00" endTime="2016-08-04T09:52:29.9767906+02:00" testType="13cdc9d9-ddb5-4fa4-a97d-d965ccfc6d4b" outcome="Passed" testListId="8c84fa94-04c1-424b-9868-57a2d4851a1d" relativeResultsDirectory="9306fd10-f8ef-4d73-aa75-60bcc4c07ea6">
      <Output>
        <StdOut>Debug Trace:
[2016-08-04 09:52:29.514]	[   35]	Starting SSH server listener...
[2016-08-04 09:52:29.515]	[   35]	SSH server listener started.
[2016-08-04 09:52:29.566]	[   32]	ServerListener.Listen : New connection available
[2016-08-04 09:52:29.566]	[   32]	Connection accepted. Active connections 1 from 20
[2016-08-04 09:52:29.666]	[   41]	Subsystem sftp opened
[2016-08-04 09:52:29.666]	[   41]	SFTP server started
[2016-08-04 09:52:29.667]	[   37]	=============================================================
[2016-08-04 09:52:29.667]	[   37]	SFTPOperations.OnOpen ENTER (3)
[2016-08-04 09:52:29.667]	[   37]	              [in][sender]=SBSftpServer.TElSFTPServer
[2016-08-04 09:52:29.667]	[   37]	SFTP connection established
[2016-08-04 09:52:29.667]	[   37]	SFTPOperations.OnOpen EXIT
[2016-08-04 09:52:29.667]	[   37]	=============================================================
[2016-08-04 09:52:29.667]	[   37]	=============================================================
[2016-08-04 09:52:29.667]	[   37]	SFTPOperations.OnRequestAbsolutePath ENTER 
[2016-08-04 09:52:29.667]	[   37]	              [in][sender]=SBSftpServer.TElSFTPServer
[2016-08-04 09:52:29.667]	[   37]	              [in][path]=.
[2016-08-04 09:52:29.667]	[   37]	              [in][absolutePath]=
[2016-08-04 09:52:29.667]	[   37]	              [in][control]=rcNoCheck
[2016-08-04 09:52:29.667]	[   37]	              [in][composePath]=SBStringList.TElStringList
[2016-08-04 09:52:29.667]	[   37]	              [in][errorCode]=0
[2016-08-04 09:52:29.667]	[   37]	              [in][comment]=
[2016-08-04 09:52:29.667]	[   37]	              [out][absolutePath]=
[2016-08-04 09:52:29.667]	[   37]	              [out][errorCode]=0
[2016-08-04 09:52:29.667]	[   37]	              [out][comment]=
[2016-08-04 09:52:29.667]	[   37]	SFTPOperations.OnRequestAbsolutePath EXIT
[2016-08-04 09:52:29.667]	[   37]	=============================================================
[2016-08-04 09:52:29.667]	[   37]	=============================================================
[2016-08-04 09:52:29.667]	[   37]	SFTPOperations.OnCreateDirectory ENTER 
[2016-08-04 09:52:29.667]	[   37]	              [in][sender]=SBSftpServer.TElSFTPServer
[2016-08-04 09:52:29.667]	[   37]	              [in][path]=\\TestSession_b34f1acb-c05a-4774-a2f7-d0df093988cb
[2016-08-04 09:52:29.667]	[   37]	              [in][attributes]=
[2016-08-04 09:52:29.668]	[   37]	              [in][errorCode]=0
[2016-08-04 09:52:29.668]	[   37]	              [in][comment]=
[2016-08-04 09:52:29.668]	[   37]	              [out][errorCode]=0
[2016-08-04 09:52:29.668]	[   37]	              [out][comment]=
[2016-08-04 09:52:29.668]	[   37]	SFTPOperations.OnCreateDirectory EXIT
[2016-08-04 09:52:29.668]	[   37]	=============================================================
[2016-08-04 09:52:29.668]	[   41]	Socket receive operation failed: An established connection was aborted by the software in your host machine
[2016-08-04 09:52:29.668]	[   41]	Closing the socket
[2016-08-04 09:52:29.668]	[   41]	ServerListener.OnSessionClosed()
[2016-08-04 09:52:29.717]	[   32]	ServerListener.Listen : New connection available
[2016-08-04 09:52:29.717]	[   32]	Connection accepted. Active connections 1 from 20
[2016-08-04 09:52:29.811]	[   28]	Subsystem sftp opened
[2016-08-04 09:52:29.812]	[   28]	SFTP server started
[2016-08-04 09:52:29.812]	[   26]	=============================================================
[2016-08-04 09:52:29.812]	[   26]	SFTPOperations.OnOpen ENTER (1)
[2016-08-04 09:52:29.812]	[   26]	              [in][sender]=SBSftpServer.TElSFTPServer
[2016-08-04 09:52:29.812]	[   26]	SFTP connection established
[2016-08-04 09:52:29.812]	[   26]	SFTPOperations.OnOpen EXIT
[2016-08-04 09:52:29.813]	[   26]	=============================================================
[2016-08-04 09:52:29.813]	[   26]	=============================================================
[2016-08-04 09:52:29.813]	[   26]	SFTPOperations.OnRequestAbsolutePath ENTER 
[2016-08-04 09:52:29.813]	[   26]	              [in][sender]=SBSftpServer.TElSFTPServer
[2016-08-04 09:52:29.813]	[   26]	              [in][path]=.
[2016-08-04 09:52:29.813]	[   26]	              [in][absolutePath]=
[2016-08-04 09:52:29.813]	[   26]	              [in][control]=rcNoCheck
[2016-08-04 09:52:29.813]	[   26]	              [in][composePath]=SBStringList.TElStringList
[2016-08-04 09:52:29.813]	[   26]	              [in][errorCode]=0
[2016-08-04 09:52:29.813]	[   26]	              [in][comment]=
[2016-08-04 09:52:29.813]	[   26]	              [out][absolutePath]=
[2016-08-04 09:52:29.813]	[   26]	              [out][errorCode]=0
[2016-08-04 09:52:29.813]	[   26]	              [out][comment]=
[2016-08-04 09:52:29.814]	[   26]	SFTPOperations.OnRequestAbsolutePath EXIT
[2016-08-04 09:52:29.814]	[   26]	=============================================================
[2016-08-04 09:52:29.814]	[   26]	=============================================================
[2016-08-04 09:52:29.814]	[   26]	SFTPOperations.OnFindFirst ENTER 
[2016-08-04 09:52:29.814]	[   26]	              [in][sender]=SBSftpServer.TElSFTPServer
[2016-08-04 09:52:29.814]	[   26]	              [in][path]=\\TestSession_b34f1acb-c05a-4774-a2f7-d0df093988cb
[2016-08-04 09:52:29.814]	[   26]	              [in][data]=
[2016-08-04 09:52:29.814]	[   26]	              [in][info]=SBSftpCommon.TElSftpFileInfo
[2016-08-04 09:52:29.814]	[   26]	              [in][errorCode]=0
[2016-08-04 09:52:29.814]	[   26]	              [in][comment]=
[2016-08-04 09:52:29.814]	[   26]	              [out][data]=
[2016-08-04 09:52:29.814]	[   26]	              [out][errorCode]=0
[2016-08-04 09:52:29.814]	[   26]	              [out][comment]=
[2016-08-04 09:52:29.814]	[   26]	SFTPOperations.OnFindFirst EXIT
[2016-08-04 09:52:29.814]	[   26]	=============================================================
[2016-08-04 09:52:29.815]	[   26]	=============================================================
[2016-08-04 09:52:29.815]	[   26]	SFTPOperations.OnFindNext ENTER 
[2016-08-04 09:52:29.815]	[   26]	              [in][sender]=SBSftpServer.TElSFTPServer
[2016-08-04 09:52:29.815]	[   26]	              [in][data]=
[2016-08-04 09:52:29.815]	[   26]	              [in][info]=SBSftpCommon.TElSftpFileInfo
[2016-08-04 09:52:29.815]	[   26]	              [in][errorCode]=0
[2016-08-04 09:52:29.815]	[   26]	              [in][comment]=
[2016-08-04 09:52:29.815]	[   26]	              [out][errorCode]=0
[2016-08-04 09:52:29.815]	[   26]	              [out][comment]=
[2016-08-04 09:52:29.815]	[   26]	SFTPOperations.OnFindNext EXIT
[2016-08-04 09:52:29.815]	[   26]	=============================================================
[2016-08-04 09:52:29.815]	[   26]	=============================================================
[2016-08-04 09:52:29.815]	[   26]	SFTPOperations.OnFindNext ENTER 
[2016-08-04 09:52:29.815]	[   26]	              [in][sender]=SBSftpServer.TElSFTPServer
[2016-08-04 09:52:29.815]	[   26]	              [in][data]=
[2016-08-04 09:52:29.815]	[   26]	              [in][info]=SBSftpCommon.TElSftpFileInfo
[2016-08-04 09:52:29.815]	[   26]	              [in][errorCode]=0
[2016-08-04 09:52:29.815]	[   26]	              [in][comment]=
[2016-08-04 09:52:29.815]	[   26]	              [out][errorCode]=0
[2016-08-04 09:52:29.815]	[   26]	              [out][comment]=
[2016-08-04 09:52:29.815]	[   26]	SFTPOperations.OnFindNext EXIT
[2016-08-04 09:52:29.815]	[   26]	=============================================================
[2016-08-04 09:52:29.815]	[   26]	=============================================================
[2016-08-04 09:52:29.815]	[   26]	SFTPOperations.OnFindClose ENTER 
[2016-08-04 09:52:29.815]	[   26]	              [in][sender]=SBSftpServer.TElSFTPServer
[2016-08-04 09:52:29.815]	[   26]	              [in][searchRec]=
[2016-08-04 09:52:29.815]	[   26]	              [in][errorCode]=1
[2016-08-04 09:52:29.815]	[   26]	              [in][comment]=
[2016-08-04 09:52:29.815]	[   26]	              [out][errorCode]=1
[2016-08-04 09:52:29.815]	[   26]	              [out][comment]=
[2016-08-04 09:52:29.815]	[   26]	SFTPOperations.OnFindClose EXIT
[2016-08-04 09:52:29.815]	[   26]	=============================================================
[2016-08-04 09:52:29.816]	[   26]	=============================================================
[2016-08-04 09:52:29.816]	[   26]	SFTPOperations.OnRequestAbsolutePath ENTER 
[2016-08-04 09:52:29.816]	[   26]	              [in][sender]=SBSftpServer.TElSFTPServer
[2016-08-04 09:52:29.816]	[   26]	              [in][path]=\\TestSession_b34f1acb-c05a-4774-a2f7-d0df093988cb
[2016-08-04 09:52:29.816]	[   26]	              [in][absolutePath]=
[2016-08-04 09:52:29.816]	[   26]	              [in][control]=rcNoCheck
[2016-08-04 09:52:29.816]	[   26]	              [in][composePath]=SBStringList.TElStringList
[2016-08-04 09:52:29.816]	[   26]	              [in][errorCode]=0
[2016-08-04 09:52:29.816]	[   26]	              [in][comment]=
[2016-08-04 09:52:29.816]	[   26]	              [out][absolutePath]=
[2016-08-04 09:52:29.816]	[   26]	              [out][errorCode]=0
[2016-08-04 09:52:29.816]	[   26]	              [out][comment]=
[2016-08-04 09:52:29.816]	[   26]	SFTPOperations.OnRequestAbsolutePath EXIT
[2016-08-04 09:52:29.816]	[   26]	=============================================================
[2016-08-04 09:52:29.817]	[   26]	=============================================================
[2016-08-04 09:52:29.817]	[   26]	SFTPOperations.OnRequestAttributes ENTER 
[2016-08-04 09:52:29.817]	[   26]	              [in][sender]=SBSftpServer.TElSFTPServer
[2016-08-04 09:52:29.817]	[   26]	              [in][path]=/\\TestSession_b34f1acb-c05a-4774-a2f7-d0df093988cb
[2016-08-04 09:52:29.817]	[   26]	              [in][followSymLinks]=True
[2016-08-04 09:52:29.817]	[   26]	              [in][attributes]=SBSftpCommon.TElSftpFileAttributes
[2016-08-04 09:52:29.817]	[   26]	              [in][errorCode]=0
[2016-08-04 09:52:29.817]	[   26]	              [in][comment]=
[2016-08-04 09:52:29.817]	[   26]	              [out][errorCode]=0
[2016-08-04 09:52:29.817]	[   26]	              [out][comment]=
[2016-08-04 09:52:29.817]	[   26]	SFTPOperations.OnRequestAttributes EXIT
[2016-08-04 09:52:29.817]	[   26]	=============================================================
[2016-08-04 09:52:29.817]	[   26]	=============================================================
[2016-08-04 09:52:29.817]	[   26]	SFTPOperations.OnOpenFile ENTER (1)
[2016-08-04 09:52:29.817]	[   26]	              [in][sender]=SBSftpServer.TElSFTPServer
[2016-08-04 09:52:29.817]	[   26]	              [in][path]=/\\TestSession_b34f1acb-c05a-4774-a2f7-d0df093988cb/c634d372-acfc-4485-8b80-5f009a424df3.txt
[2016-08-04 09:52:29.817]	[   26]	              [in][modes]=26
[2016-08-04 09:52:29.817]	[   26]	              [in][Access]=0
[2016-08-04 09:52:29.817]	[   26]	              [in][desiredAccess]=2
[2016-08-04 09:52:29.817]	[   26]	              [in][attributes]=SBSftpCommon.TElSftpFileAttributes
[2016-08-04 09:52:29.817]	[   26]	              [in][data]=
[2016-08-04 09:52:29.817]	[   26]	              [in][errorCode]=0
[2016-08-04 09:52:29.817]	[   26]	              [in][comment]=
[2016-08-04 09:52:29.817]	[   26]	              [out][data]=
[2016-08-04 09:52:29.817]	[   26]	              [out][errorCode]=0
[2016-08-04 09:52:29.817]	[   26]	              [out][comment]=
[2016-08-04 09:52:29.817]	[   26]	SFTPOperations.OnOpenFile EXIT
[2016-08-04 09:52:29.817]	[   26]	=============================================================
[2016-08-04 09:52:29.818]	[   26]	=============================================================
[2016-08-04 09:52:29.818]	[   26]	SFTPOperations.OnWriteFile ENTER (1)
[2016-08-04 09:52:29.818]	[   26]	              [in][sender]=SBSftpServer.TElSFTPServer
[2016-08-04 09:52:29.818]	[   26]	              [in][data]=System.IO.FileStream
[2016-08-04 09:52:29.818]	[   26]	              [in][offset]=0
[2016-08-04 09:52:29.818]	[   26]	              [in][buffer]=System.Byte[]
[2016-08-04 09:52:29.818]	[   26]	              [in][bufferOffset]=25
[2016-08-04 09:52:29.818]	[   26]	              [in][count]=1
[2016-08-04 09:52:29.818]	[   26]	              [in][errorCode]=0
[2016-08-04 09:52:29.818]	[   26]	              [in][comment]=
[2016-08-04 09:52:29.818]	[   26]	              [out][errorCode]=0
[2016-08-04 09:52:29.818]	[   26]	              [out][comment]=
[2016-08-04 09:52:29.818]	[   26]	SFTPOperations.OnWriteFile EXIT
[2016-08-04 09:52:29.818]	[   26]	=============================================================
[2016-08-04 09:52:29.819]	[   26]	=============================================================
[2016-08-04 09:52:29.819]	[   26]	SFTPOperations.OnCloseHandle ENTER (1)
[2016-08-04 09:52:29.819]	[   26]	              [in][sender]=SBSftpServer.TElSFTPServer
[2016-08-04 09:52:29.819]	[   26]	              [in][data]=System.IO.FileStream
[2016-08-04 09:52:29.819]	[   26]	              [in][errorCode]=0
[2016-08-04 09:52:29.819]	[   26]	              [in][comment]=
[2016-08-04 09:52:29.819]	[   26]	              [out][errorCode]=0
[2016-08-04 09:52:29.819]	[   26]	              [out][comment]=
[2016-08-04 09:52:29.819]	[   26]	SFTPOperations.OnCloseHandle EXIT
[2016-08-04 09:52:29.819]	[   26]	=============================================================
[2016-08-04 09:52:29.819]	[   26]	=============================================================
[2016-08-04 09:52:29.819]	[   26]	SFTPOperations.OnRemove ENTER 
[2016-08-04 09:52:29.819]	[   26]	              [in][sender]=SBSftpServer.TElSFTPServer
[2016-08-04 09:52:29.819]	[   26]	              [in][path]=/\\TestSession_b34f1acb-c05a-4774-a2f7-d0df093988cb/c634d372-acfc-4485-8b80-5f009a424df3.txt
[2016-08-04 09:52:29.819]	[   26]	              [in][errorCode]=0
[2016-08-04 09:52:29.819]	[   26]	              [in][comment]=
[2016-08-04 09:52:29.819]	[   26]	              [out][errorCode]=0
[2016-08-04 09:52:29.819]	[   26]	              [out][comment]=
[2016-08-04 09:52:29.819]	[   26]	SFTPOperations.OnRemove EXIT
[2016-08-04 09:52:29.819]	[   26]	=============================================================
[2016-08-04 09:52:29.820]	[   26]	=============================================================
[2016-08-04 09:52:29.820]	[   26]	SFTPOperations.OnFindFirst ENTER 
[2016-08-04 09:52:29.820]	[   26]	              [in][sender]=SBSftpServer.TElSFTPServer
[2016-08-04 09:52:29.820]	[   26]	              [in][path]=/\\TestSession_b34f1acb-c05a-4774-a2f7-d0df093988cb
[2016-08-04 09:52:29.820]	[   26]	              [in][data]=
[2016-08-04 09:52:29.820]	[   26]	              [in][info]=SBSftpCommon.TElSftpFileInfo
[2016-08-04 09:52:29.820]	[   26]	              [in][errorCode]=0
[2016-08-04 09:52:29.820]	[   26]	              [in][comment]=
[2016-08-04 09:52:29.820]	[   26]	              [out][data]=
[2016-08-04 09:52:29.820]	[   26]	              [out][errorCode]=0
[2016-08-04 09:52:29.820]	[   26]	              [out][comment]=
[2016-08-04 09:52:29.820]	[   26]	SFTPOperations.OnFindFirst EXIT
[2016-08-04 09:52:29.820]	[   26]	=============================================================
[2016-08-04 09:52:29.820]	[   26]	=============================================================
[2016-08-04 09:52:29.821]	[   26]	SFTPOperations.OnFindNext ENTER 
[2016-08-04 09:52:29.821]	[   26]	              [in][sender]=SBSftpServer.TElSFTPServer
[2016-08-04 09:52:29.821]	[   26]	              [in][data]=
[2016-08-04 09:52:29.821]	[   26]	              [in][info]=SBSftpCommon.TElSftpFileInfo
[2016-08-04 09:52:29.821]	[   26]	              [in][errorCode]=0
[2016-08-04 09:52:29.821]	[   26]	              [in][comment]=
[2016-08-04 09:52:29.821]	[   26]	              [out][errorCode]=0
[2016-08-04 09:52:29.821]	[   26]	              [out][comment]=
[2016-08-04 09:52:29.821]	[   26]	SFTPOperations.OnFindNext EXIT
[2016-08-04 09:52:29.821]	[   26]	=============================================================
[2016-08-04 09:52:29.821]	[   26]	=============================================================
[2016-08-04 09:52:29.821]	[   26]	SFTPOperations.OnFindNext ENTER 
[2016-08-04 09:52:29.821]	[   26]	              [in][sender]=SBSftpServer.TElSFTPServer
[2016-08-04 09:52:29.821]	[   26]	              [in][data]=
[2016-08-04 09:52:29.821]	[   26]	              [in][info]=SBSftpCommon.TElSftpFileInfo
[2016-08-04 09:52:29.821]	[   26]	              [in][errorCode]=0
[2016-08-04 09:52:29.821]	[   26]	              [in][comment]=
[2016-08-04 09:52:29.821]	[   26]	              [out][errorCode]=0
[2016-08-04 09:52:29.821]	[   26]	              [out][comment]=
[2016-08-04 09:52:29.821]	[   26]	SFTPOperations.OnFindNext EXIT
[2016-08-04 09:52:29.821]	[   26]	=============================================================
[2016-08-04 09:52:29.821]	[   26]	=============================================================
[2016-08-04 09:52:29.821]	[   26]	SFTPOperations.OnFindClose ENTER 
[2016-08-04 09:52:29.822]	[   26]	              [in][sender]=SBSftpServer.TElSFTPServer
[2016-08-04 09:52:29.822]	[   26]	              [in][searchRec]=
[2016-08-04 09:52:29.822]	[   26]	              [in][errorCode]=1
[2016-08-04 09:52:29.822]	[   26]	              [in][comment]=
[2016-08-04 09:52:29.822]	[   26]	              [out][errorCode]=1
[2016-08-04 09:52:29.822]	[   26]	              [out][comment]=
[2016-08-04 09:52:29.822]	[   26]	SFTPOperations.OnFindClose EXIT
[2016-08-04 09:52:29.822]	[   26]	=============================================================
[2016-08-04 09:52:29.822]	[   28]	Socket receive operation failed: An established connection was aborted by the software in your host machine
[2016-08-04 09:52:29.822]	[   28]	Closing the socket
[2016-08-04 09:52:29.822]	[   28]	ServerListener.OnSessionClosed()
[2016-08-04 09:52:29.868]	[   32]	ServerListener.Listen : New connection available
[2016-08-04 09:52:29.869]	[   32]	Connection accepted. Active connections 1 from 20
[2016-08-04 09:52:29.959]	[   14]	Subsystem sftp opened
[2016-08-04 09:52:29.960]	[   14]	SFTP server started
[2016-08-04 09:52:29.960]	[   40]	=============================================================
[2016-08-04 09:52:29.960]	[   40]	SFTPOperations.OnOpen ENTER (2)
[2016-08-04 09:52:29.960]	[   40]	              [in][sender]=SBSftpServer.TElSFTPServer
[2016-08-04 09:52:29.960]	[   40]	SFTP connection established
[2016-08-04 09:52:29.960]	[   40]	SFTPOperations.OnOpen EXIT
[2016-08-04 09:52:29.961]	[   40]	=============================================================
[2016-08-04 09:52:29.961]	[   40]	=============================================================
[2016-08-04 09:52:29.961]	[   40]	SFTPOperations.OnRequestAbsolutePath ENTER 
[2016-08-04 09:52:29.961]	[   40]	              [in][sender]=SBSftpServer.TElSFTPServer
[2016-08-04 09:52:29.961]	[   40]	              [in][path]=.
[2016-08-04 09:52:29.961]	[   40]	              [in][absolutePath]=
[2016-08-04 09:52:29.961]	[   40]	              [in][control]=rcNoCheck
[2016-08-04 09:52:29.961]	[   40]	              [in][composePath]=SBStringList.TElStringList
[2016-08-04 09:52:29.961]	[   40]	              [in][errorCode]=0
[2016-08-04 09:52:29.961]	[   40]	              [in][comment]=
[2016-08-04 09:52:29.961]	[   40]	              [out][absolutePath]=
[2016-08-04 09:52:29.961]	[   40]	              [out][errorCode]=0
[2016-08-04 09:52:29.961]	[   40]	              [out][comment]=
[2016-08-04 09:52:29.961]	[   40]	SFTPOperations.OnRequestAbsolutePath EXIT
[2016-08-04 09:52:29.961]	[   40]	=============================================================
[2016-08-04 09:52:29.961]	[   40]	=============================================================
[2016-08-04 09:52:29.961]	[   40]	SFTPOperations.OnFindFirst ENTER 
[2016-08-04 09:52:29.961]	[   40]	              [in][sender]=SBSftpServer.TElSFTPServer
[2016-08-04 09:52:29.962]	[   40]	              [in][path]=\\TestSession_b34f1acb-c05a-4774-a2f7-d0df093988cb/
[2016-08-04 09:52:29.962]	[   40]	              [in][data]=
[2016-08-04 09:52:29.962]	[   40]	              [in][info]=SBSftpCommon.TElSftpFileInfo
[2016-08-04 09:52:29.962]	[   40]	              [in][errorCode]=0
[2016-08-04 09:52:29.962]	[   40]	              [in][comment]=
[2016-08-04 09:52:29.962]	[   40]	              [out][data]=
[2016-08-04 09:52:29.962]	[   40]	              [out][errorCode]=0
[2016-08-04 09:52:29.962]	[   40]	              [out][comment]=
[2016-08-04 09:52:29.962]	[   40]	SFTPOperations.OnFindFirst EXIT
[2016-08-04 09:52:29.962]	[   40]	=============================================================
[2016-08-04 09:52:29.962]	[   40]	=============================================================
[2016-08-04 09:52:29.962]	[   40]	SFTPOperations.OnFindNext ENTER 
[2016-08-04 09:52:29.962]	[   40]	              [in][sender]=SBSftpServer.TElSFTPServer
[2016-08-04 09:52:29.962]	[   40]	              [in][data]=
[2016-08-04 09:52:29.962]	[   40]	              [in][info]=SBSftpCommon.TElSftpFileInfo
[2016-08-04 09:52:29.962]	[   40]	              [in][errorCode]=0
[2016-08-04 09:52:29.962]	[   40]	              [in][comment]=
[2016-08-04 09:52:29.962]	[   40]	              [out][errorCode]=0
[2016-08-04 09:52:29.962]	[   40]	              [out][comment]=
[2016-08-04 09:52:29.962]	[   40]	SFTPOperations.OnFindNext EXIT
[2016-08-04 09:52:29.962]	[   40]	=============================================================
[2016-08-04 09:52:29.962]	[   40]	=============================================================
[2016-08-04 09:52:29.962]	[   40]	SFTPOperations.OnFindNext ENTER 
[2016-08-04 09:52:29.962]	[   40]	              [in][sender]=SBSftpServer.TElSFTPServer
[2016-08-04 09:52:29.963]	[   40]	              [in][data]=
[2016-08-04 09:52:29.963]	[   40]	              [in][info]=SBSftpCommon.TElSftpFileInfo
[2016-08-04 09:52:29.963]	[   40]	              [in][errorCode]=0
[2016-08-04 09:52:29.963]	[   40]	              [in][comment]=
[2016-08-04 09:52:29.963]	[   40]	              [out][errorCode]=0
[2016-08-04 09:52:29.963]	[   40]	              [out][comment]=
[2016-08-04 09:52:29.963]	[   40]	SFTPOperations.OnFindNext EXIT
[2016-08-04 09:52:29.963]	[   40]	=============================================================
[2016-08-04 09:52:29.963]	[   40]	=============================================================
[2016-08-04 09:52:29.963]	[   40]	SFTPOperations.OnFindClose ENTER 
[2016-08-04 09:52:29.963]	[   40]	              [in][sender]=SBSftpServer.TElSFTPServer
[2016-08-04 09:52:29.963]	[   40]	              [in][searchRec]=
[2016-08-04 09:52:29.963]	[   40]	              [in][errorCode]=1
[2016-08-04 09:52:29.963]	[   40]	              [in][comment]=
[2016-08-04 09:52:29.963]	[   40]	              [out][errorCode]=1
[2016-08-04 09:52:29.963]	[   40]	              [out][comment]=
[2016-08-04 09:52:29.963]	[   40]	SFTPOperations.OnFindClose EXIT
[2016-08-04 09:52:29.963]	[   40]	=============================================================
[2016-08-04 09:52:29.964]	[   40]	=============================================================
[2016-08-04 09:52:29.964]	[   40]	SFTPOperations.OnFindFirst ENTER 
[2016-08-04 09:52:29.964]	[   40]	              [in][sender]=SBSftpServer.TElSFTPServer
[2016-08-04 09:52:29.964]	[   40]	              [in][path]=\\TestSession_b34f1acb-c05a-4774-a2f7-d0df093988cb/
[2016-08-04 09:52:29.964]	[   40]	              [in][data]=
[2016-08-04 09:52:29.964]	[   40]	              [in][info]=SBSftpCommon.TElSftpFileInfo
[2016-08-04 09:52:29.964]	[   40]	              [in][errorCode]=0
[2016-08-04 09:52:29.964]	[   40]	              [in][comment]=
[2016-08-04 09:52:29.964]	[   40]	              [out][data]=
[2016-08-04 09:52:29.964]	[   40]	              [out][errorCode]=0
[2016-08-04 09:52:29.964]	[   40]	              [out][comment]=
[2016-08-04 09:52:29.964]	[   40]	SFTPOperations.OnFindFirst EXIT
[2016-08-04 09:52:29.964]	[   40]	=============================================================
[2016-08-04 09:52:29.964]	[   40]	=============================================================
[2016-08-04 09:52:29.964]	[   40]	SFTPOperations.OnFindNext ENTER 
[2016-08-04 09:52:29.964]	[   40]	              [in][sender]=SBSftpServer.TElSFTPServer
[2016-08-04 09:52:29.964]	[   40]	              [in][data]=
[2016-08-04 09:52:29.964]	[   40]	              [in][info]=SBSftpCommon.TElSftpFileInfo
[2016-08-04 09:52:29.964]	[   40]	              [in][errorCode]=0
[2016-08-04 09:52:29.964]	[   40]	              [in][comment]=
[2016-08-04 09:52:29.965]	[   40]	              [out][errorCode]=0
[2016-08-04 09:52:29.965]	[   40]	              [out][comment]=
[2016-08-04 09:52:29.965]	[   40]	SFTPOperations.OnFindNext EXIT
[2016-08-04 09:52:29.965]	[   40]	=============================================================
[2016-08-04 09:52:29.965]	[   40]	=============================================================
[2016-08-04 09:52:29.965]	[   40]	SFTPOperations.OnFindNext ENTER 
[2016-08-04 09:52:29.965]	[   40]	              [in][sender]=SBSftpServer.TElSFTPServer
[2016-08-04 09:52:29.965]	[   40]	              [in][data]=
[2016-08-04 09:52:29.965]	[   40]	              [in][info]=SBSftpCommon.TElSftpFileInfo
[2016-08-04 09:52:29.965]	[   40]	              [in][errorCode]=0
[2016-08-04 09:52:29.965]	[   40]	              [in][comment]=
[2016-08-04 09:52:29.965]	[   40]	              [out][errorCode]=0
[2016-08-04 09:52:29.965]	[   40]	              [out][comment]=
[2016-08-04 09:52:29.965]	[   40]	SFTPOperations.OnFindNext EXIT
[2016-08-04 09:52:29.965]	[   40]	=============================================================
[2016-08-04 09:52:29.965]	[   40]	=============================================================
[2016-08-04 09:52:29.965]	[   40]	SFTPOperations.OnFindClose ENTER 
[2016-08-04 09:52:29.965]	[   40]	              [in][sender]=SBSftpServer.TElSFTPServer
[2016-08-04 09:52:29.965]	[   40]	              [in][searchRec]=
[2016-08-04 09:52:29.965]	[   40]	              [in][errorCode]=1
[2016-08-04 09:52:29.965]	[   40]	              [in][comment]=
[2016-08-04 09:52:29.965]	[   40]	              [out][errorCode]=1
[2016-08-04 09:52:29.965]	[   40]	              [out][comment]=
[2016-08-04 09:52:29.965]	[   40]	SFTPOperations.OnFindClose EXIT
[2016-08-04 09:52:29.965]	[   40]	=============================================================
[2016-08-04 09:52:29.966]	[   40]	=============================================================
[2016-08-04 09:52:29.966]	[   40]	SFTPOperations.OnRemove ENTER 
[2016-08-04 09:52:29.966]	[   40]	              [in][sender]=SBSftpServer.TElSFTPServer
[2016-08-04 09:52:29.966]	[   40]	              [in][path]=\\TestSession_b34f1acb-c05a-4774-a2f7-d0df093988cb/
[2016-08-04 09:52:29.966]	[   40]	              [in][errorCode]=0
[2016-08-04 09:52:29.966]	[   40]	              [in][comment]=
[2016-08-04 09:52:29.966]	[   40]	              [out][errorCode]=0
[2016-08-04 09:52:29.966]	[   40]	              [out][comment]=
[2016-08-04 09:52:29.966]	[   40]	SFTPOperations.OnRemove EXIT
[2016-08-04 09:52:29.966]	[   40]	=============================================================
[2016-08-04 09:52:29.966]	[   35]	Stopping socket listener
[2016-08-04 09:52:29.966]	[   35]	Socket listener stopped
[2016-08-04 09:52:29.966]	[   14]	Socket receive operation failed: An established connection was aborted by the software in your host machine
[2016-08-04 09:52:29.967]	[   14]	Closing the socket
[2016-08-04 09:52:29.967]	[   14]	ServerListener.OnSessionClosed()</StdOut>
      </Output>
    </UnitTestResult>
    <UnitTestResult executionId="95aa7476-8867-4589-a5aa-54e45be34be9" testId="1b673ae7-9488-1a8e-6e6a-54458debae70" testName="SetCWD_GetFileSize_Affected" computerName="ICSWS068" duration="00:00:00.4710194" startTime="2016-08-04T09:52:29.9802931+02:00" endTime="2016-08-04T09:52:30.4527467+02:00" testType="13cdc9d9-ddb5-4fa4-a97d-d965ccfc6d4b" outcome="Passed" testListId="8c84fa94-04c1-424b-9868-57a2d4851a1d" relativeResultsDirectory="95aa7476-8867-4589-a5aa-54e45be34be9">
      <Output>
        <StdOut>Debug Trace:
[2016-08-04 09:52:29.984]	[   23]	Starting SSH server listener...
[2016-08-04 09:52:29.984]	[   23]	SSH server listener started.
[2016-08-04 09:52:30.035]	[   34]	ServerListener.Listen : New connection available
[2016-08-04 09:52:30.035]	[   34]	Connection accepted. Active connections 1 from 20
[2016-08-04 09:52:30.134]	[   25]	Subsystem sftp opened
[2016-08-04 09:52:30.134]	[   25]	SFTP server started
[2016-08-04 09:52:30.135]	[   33]	=============================================================
[2016-08-04 09:52:30.135]	[   33]	SFTPOperations.OnOpen ENTER (3)
[2016-08-04 09:52:30.135]	[   33]	              [in][sender]=SBSftpServer.TElSFTPServer
[2016-08-04 09:52:30.135]	[   33]	SFTP connection established
[2016-08-04 09:52:30.135]	[   33]	SFTPOperations.OnOpen EXIT
[2016-08-04 09:52:30.135]	[   33]	=============================================================
[2016-08-04 09:52:30.135]	[   33]	=============================================================
[2016-08-04 09:52:30.135]	[   33]	SFTPOperations.OnRequestAbsolutePath ENTER 
[2016-08-04 09:52:30.135]	[   33]	              [in][sender]=SBSftpServer.TElSFTPServer
[2016-08-04 09:52:30.135]	[   33]	              [in][path]=.
[2016-08-04 09:52:30.135]	[   33]	              [in][absolutePath]=
[2016-08-04 09:52:30.135]	[   33]	              [in][control]=rcNoCheck
[2016-08-04 09:52:30.135]	[   33]	              [in][composePath]=SBStringList.TElStringList
[2016-08-04 09:52:30.135]	[   33]	              [in][errorCode]=0
[2016-08-04 09:52:30.135]	[   33]	              [in][comment]=
[2016-08-04 09:52:30.135]	[   33]	              [out][absolutePath]=
[2016-08-04 09:52:30.135]	[   33]	              [out][errorCode]=0
[2016-08-04 09:52:30.135]	[   33]	              [out][comment]=
[2016-08-04 09:52:30.135]	[   33]	SFTPOperations.OnRequestAbsolutePath EXIT
[2016-08-04 09:52:30.135]	[   33]	=============================================================
[2016-08-04 09:52:30.136]	[   33]	=============================================================
[2016-08-04 09:52:30.136]	[   33]	SFTPOperations.OnCreateDirectory ENTER 
[2016-08-04 09:52:30.136]	[   33]	              [in][sender]=SBSftpServer.TElSFTPServer
[2016-08-04 09:52:30.136]	[   33]	              [in][path]=\\TestSession_1ba3b85a-748f-4c94-a7dc-28c5d1318be8
[2016-08-04 09:52:30.136]	[   33]	              [in][attributes]=
[2016-08-04 09:52:30.136]	[   33]	              [in][errorCode]=0
[2016-08-04 09:52:30.136]	[   33]	              [in][comment]=
[2016-08-04 09:52:30.136]	[   33]	              [out][errorCode]=0
[2016-08-04 09:52:30.136]	[   33]	              [out][comment]=
[2016-08-04 09:52:30.136]	[   33]	SFTPOperations.OnCreateDirectory EXIT
[2016-08-04 09:52:30.136]	[   33]	=============================================================
[2016-08-04 09:52:30.136]	[   25]	Socket receive operation failed: An established connection was aborted by the software in your host machine
[2016-08-04 09:52:30.136]	[   25]	Closing the socket
[2016-08-04 09:52:30.136]	[   25]	ServerListener.OnSessionClosed()
[2016-08-04 09:52:30.186]	[   34]	ServerListener.Listen : New connection available
[2016-08-04 09:52:30.187]	[   34]	Connection accepted. Active connections 1 from 20
[2016-08-04 09:52:30.276]	[   27]	Subsystem sftp opened
[2016-08-04 09:52:30.277]	[   27]	SFTP server started
[2016-08-04 09:52:30.277]	[   24]	=============================================================
[2016-08-04 09:52:30.277]	[   24]	SFTPOperations.OnOpen ENTER (1)
[2016-08-04 09:52:30.277]	[   24]	              [in][sender]=SBSftpServer.TElSFTPServer
[2016-08-04 09:52:30.277]	[   24]	SFTP connection established
[2016-08-04 09:52:30.277]	[   24]	SFTPOperations.OnOpen EXIT
[2016-08-04 09:52:30.278]	[   24]	=============================================================
[2016-08-04 09:52:30.278]	[   24]	=============================================================
[2016-08-04 09:52:30.278]	[   24]	SFTPOperations.OnRequestAbsolutePath ENTER 
[2016-08-04 09:52:30.278]	[   24]	              [in][sender]=SBSftpServer.TElSFTPServer
[2016-08-04 09:52:30.278]	[   24]	              [in][path]=.
[2016-08-04 09:52:30.278]	[   24]	              [in][absolutePath]=
[2016-08-04 09:52:30.278]	[   24]	              [in][control]=rcNoCheck
[2016-08-04 09:52:30.278]	[   24]	              [in][composePath]=SBStringList.TElStringList
[2016-08-04 09:52:30.278]	[   24]	              [in][errorCode]=0
[2016-08-04 09:52:30.278]	[   24]	              [in][comment]=
[2016-08-04 09:52:30.278]	[   24]	              [out][absolutePath]=
[2016-08-04 09:52:30.278]	[   24]	              [out][errorCode]=0
[2016-08-04 09:52:30.278]	[   24]	              [out][comment]=
[2016-08-04 09:52:30.278]	[   24]	SFTPOperations.OnRequestAbsolutePath EXIT
[2016-08-04 09:52:30.278]	[   24]	=============================================================
[2016-08-04 09:52:30.278]	[   24]	=============================================================
[2016-08-04 09:52:30.278]	[   24]	SFTPOperations.OnFindFirst ENTER 
[2016-08-04 09:52:30.278]	[   24]	              [in][sender]=SBSftpServer.TElSFTPServer
[2016-08-04 09:52:30.278]	[   24]	              [in][path]=\\TestSession_1ba3b85a-748f-4c94-a7dc-28c5d1318be8
[2016-08-04 09:52:30.278]	[   24]	              [in][data]=
[2016-08-04 09:52:30.278]	[   24]	              [in][info]=SBSftpCommon.TElSftpFileInfo
[2016-08-04 09:52:30.278]	[   24]	              [in][errorCode]=0
[2016-08-04 09:52:30.278]	[   24]	              [in][comment]=
[2016-08-04 09:52:30.279]	[   24]	              [out][data]=
[2016-08-04 09:52:30.279]	[   24]	              [out][errorCode]=0
[2016-08-04 09:52:30.279]	[   24]	              [out][comment]=
[2016-08-04 09:52:30.279]	[   24]	SFTPOperations.OnFindFirst EXIT
[2016-08-04 09:52:30.279]	[   24]	=============================================================
[2016-08-04 09:52:30.279]	[   24]	=============================================================
[2016-08-04 09:52:30.279]	[   24]	SFTPOperations.OnFindNext ENTER 
[2016-08-04 09:52:30.279]	[   24]	              [in][sender]=SBSftpServer.TElSFTPServer
[2016-08-04 09:52:30.279]	[   24]	              [in][data]=
[2016-08-04 09:52:30.279]	[   24]	              [in][info]=SBSftpCommon.TElSftpFileInfo
[2016-08-04 09:52:30.279]	[   24]	              [in][errorCode]=0
[2016-08-04 09:52:30.279]	[   24]	              [in][comment]=
[2016-08-04 09:52:30.280]	[   24]	              [out][errorCode]=0
[2016-08-04 09:52:30.280]	[   24]	              [out][comment]=
[2016-08-04 09:52:30.280]	[   24]	SFTPOperations.OnFindNext EXIT
[2016-08-04 09:52:30.280]	[   24]	=============================================================
[2016-08-04 09:52:30.280]	[   24]	=============================================================
[2016-08-04 09:52:30.280]	[   24]	SFTPOperations.OnFindNext ENTER 
[2016-08-04 09:52:30.280]	[   24]	              [in][sender]=SBSftpServer.TElSFTPServer
[2016-08-04 09:52:30.280]	[   24]	              [in][data]=
[2016-08-04 09:52:30.280]	[   24]	              [in][info]=SBSftpCommon.TElSftpFileInfo
[2016-08-04 09:52:30.280]	[   24]	              [in][errorCode]=0
[2016-08-04 09:52:30.280]	[   24]	              [in][comment]=
[2016-08-04 09:52:30.280]	[   24]	              [out][errorCode]=0
[2016-08-04 09:52:30.280]	[   24]	              [out][comment]=
[2016-08-04 09:52:30.280]	[   24]	SFTPOperations.OnFindNext EXIT
[2016-08-04 09:52:30.280]	[   24]	=============================================================
[2016-08-04 09:52:30.281]	[   24]	=============================================================
[2016-08-04 09:52:30.281]	[   24]	SFTPOperations.OnFindClose ENTER 
[2016-08-04 09:52:30.281]	[   24]	              [in][sender]=SBSftpServer.TElSFTPServer
[2016-08-04 09:52:30.281]	[   24]	              [in][searchRec]=
[2016-08-04 09:52:30.281]	[   24]	              [in][errorCode]=1
[2016-08-04 09:52:30.281]	[   24]	              [in][comment]=
[2016-08-04 09:52:30.281]	[   24]	              [out][errorCode]=1
[2016-08-04 09:52:30.281]	[   24]	              [out][comment]=
[2016-08-04 09:52:30.281]	[   24]	SFTPOperations.OnFindClose EXIT
[2016-08-04 09:52:30.281]	[   24]	=============================================================
[2016-08-04 09:52:30.281]	[   24]	=============================================================
[2016-08-04 09:52:30.281]	[   24]	SFTPOperations.OnRequestAbsolutePath ENTER 
[2016-08-04 09:52:30.281]	[   24]	              [in][sender]=SBSftpServer.TElSFTPServer
[2016-08-04 09:52:30.281]	[   24]	              [in][path]=\\TestSession_1ba3b85a-748f-4c94-a7dc-28c5d1318be8
[2016-08-04 09:52:30.281]	[   24]	              [in][absolutePath]=
[2016-08-04 09:52:30.281]	[   24]	              [in][control]=rcNoCheck
[2016-08-04 09:52:30.281]	[   24]	              [in][composePath]=SBStringList.TElStringList
[2016-08-04 09:52:30.281]	[   24]	              [in][errorCode]=0
[2016-08-04 09:52:30.281]	[   24]	              [in][comment]=
[2016-08-04 09:52:30.281]	[   24]	              [out][absolutePath]=
[2016-08-04 09:52:30.282]	[   24]	              [out][errorCode]=0
[2016-08-04 09:52:30.282]	[   24]	              [out][comment]=
[2016-08-04 09:52:30.282]	[   24]	SFTPOperations.OnRequestAbsolutePath EXIT
[2016-08-04 09:52:30.282]	[   24]	=============================================================
[2016-08-04 09:52:30.282]	[   24]	=============================================================
[2016-08-04 09:52:30.282]	[   24]	SFTPOperations.OnRequestAttributes ENTER 
[2016-08-04 09:52:30.282]	[   24]	              [in][sender]=SBSftpServer.TElSFTPServer
[2016-08-04 09:52:30.282]	[   24]	              [in][path]=/\\TestSession_1ba3b85a-748f-4c94-a7dc-28c5d1318be8
[2016-08-04 09:52:30.282]	[   24]	              [in][followSymLinks]=True
[2016-08-04 09:52:30.282]	[   24]	              [in][attributes]=SBSftpCommon.TElSftpFileAttributes
[2016-08-04 09:52:30.282]	[   24]	              [in][errorCode]=0
[2016-08-04 09:52:30.282]	[   24]	              [in][comment]=
[2016-08-04 09:52:30.282]	[   24]	              [out][errorCode]=0
[2016-08-04 09:52:30.282]	[   24]	              [out][comment]=
[2016-08-04 09:52:30.282]	[   24]	SFTPOperations.OnRequestAttributes EXIT
[2016-08-04 09:52:30.282]	[   24]	=============================================================
[2016-08-04 09:52:30.282]	[   24]	=============================================================
[2016-08-04 09:52:30.282]	[   24]	SFTPOperations.OnOpenFile ENTER (1)
[2016-08-04 09:52:30.282]	[   24]	              [in][sender]=SBSftpServer.TElSFTPServer
[2016-08-04 09:52:30.283]	[   24]	              [in][path]=/\\TestSession_1ba3b85a-748f-4c94-a7dc-28c5d1318be8/6071bb6a-b78c-476c-be65-b1a3fedf1cac.txt
[2016-08-04 09:52:30.283]	[   24]	              [in][modes]=26
[2016-08-04 09:52:30.283]	[   24]	              [in][Access]=0
[2016-08-04 09:52:30.283]	[   24]	              [in][desiredAccess]=2
[2016-08-04 09:52:30.283]	[   24]	              [in][attributes]=SBSftpCommon.TElSftpFileAttributes
[2016-08-04 09:52:30.283]	[   24]	              [in][data]=
[2016-08-04 09:52:30.283]	[   24]	              [in][errorCode]=0
[2016-08-04 09:52:30.283]	[   24]	              [in][comment]=
[2016-08-04 09:52:30.283]	[   24]	              [out][data]=
[2016-08-04 09:52:30.283]	[   24]	              [out][errorCode]=0
[2016-08-04 09:52:30.283]	[   24]	              [out][comment]=
[2016-08-04 09:52:30.283]	[   24]	SFTPOperations.OnOpenFile EXIT
[2016-08-04 09:52:30.283]	[   24]	=============================================================
[2016-08-04 09:52:30.283]	[   24]	=============================================================
[2016-08-04 09:52:30.283]	[   24]	SFTPOperations.OnWriteFile ENTER (1)
[2016-08-04 09:52:30.283]	[   24]	              [in][sender]=SBSftpServer.TElSFTPServer
[2016-08-04 09:52:30.283]	[   24]	              [in][data]=System.IO.FileStream
[2016-08-04 09:52:30.283]	[   24]	              [in][offset]=0
[2016-08-04 09:52:30.283]	[   24]	              [in][buffer]=System.Byte[]
[2016-08-04 09:52:30.283]	[   24]	              [in][bufferOffset]=25
[2016-08-04 09:52:30.283]	[   24]	              [in][count]=100
[2016-08-04 09:52:30.283]	[   24]	              [in][errorCode]=0
[2016-08-04 09:52:30.283]	[   24]	              [in][comment]=
[2016-08-04 09:52:30.283]	[   24]	              [out][errorCode]=0
[2016-08-04 09:52:30.283]	[   24]	              [out][comment]=
[2016-08-04 09:52:30.284]	[   24]	SFTPOperations.OnWriteFile EXIT
[2016-08-04 09:52:30.284]	[   24]	=============================================================
[2016-08-04 09:52:30.284]	[   24]	=============================================================
[2016-08-04 09:52:30.284]	[   24]	SFTPOperations.OnCloseHandle ENTER (1)
[2016-08-04 09:52:30.284]	[   24]	              [in][sender]=SBSftpServer.TElSFTPServer
[2016-08-04 09:52:30.284]	[   24]	              [in][data]=System.IO.FileStream
[2016-08-04 09:52:30.284]	[   24]	              [in][errorCode]=0
[2016-08-04 09:52:30.284]	[   24]	              [in][comment]=
[2016-08-04 09:52:30.287]	[   24]	              [out][errorCode]=0
[2016-08-04 09:52:30.287]	[   24]	              [out][comment]=
[2016-08-04 09:52:30.287]	[   24]	SFTPOperations.OnCloseHandle EXIT
[2016-08-04 09:52:30.287]	[   24]	=============================================================
[2016-08-04 09:52:30.287]	[   24]	=============================================================
[2016-08-04 09:52:30.287]	[   24]	SFTPOperations.OnRequestAttributes ENTER 
[2016-08-04 09:52:30.288]	[   24]	              [in][sender]=SBSftpServer.TElSFTPServer
[2016-08-04 09:52:30.288]	[   24]	              [in][path]=/\\TestSession_1ba3b85a-748f-4c94-a7dc-28c5d1318be8/6071bb6a-b78c-476c-be65-b1a3fedf1cac.txt
[2016-08-04 09:52:30.288]	[   24]	              [in][followSymLinks]=True
[2016-08-04 09:52:30.288]	[   24]	              [in][attributes]=SBSftpCommon.TElSftpFileAttributes
[2016-08-04 09:52:30.288]	[   24]	              [in][errorCode]=0
[2016-08-04 09:52:30.288]	[   24]	              [in][comment]=
[2016-08-04 09:52:30.288]	[   24]	              [out][errorCode]=0
[2016-08-04 09:52:30.288]	[   24]	              [out][comment]=
[2016-08-04 09:52:30.288]	[   24]	SFTPOperations.OnRequestAttributes EXIT
[2016-08-04 09:52:30.288]	[   24]	=============================================================
[2016-08-04 09:52:30.288]	[   27]	Socket receive operation failed: An established connection was aborted by the software in your host machine
[2016-08-04 09:52:30.288]	[   27]	Closing the socket
[2016-08-04 09:52:30.288]	[   27]	ServerListener.OnSessionClosed()
[2016-08-04 09:52:30.337]	[   34]	ServerListener.Listen : New connection available
[2016-08-04 09:52:30.338]	[   34]	Connection accepted. Active connections 1 from 20
[2016-08-04 09:52:30.435]	[   22]	Subsystem sftp opened
[2016-08-04 09:52:30.435]	[   22]	SFTP server started
[2016-08-04 09:52:30.436]	[   31]	=============================================================
[2016-08-04 09:52:30.436]	[   31]	SFTPOperations.OnOpen ENTER (2)
[2016-08-04 09:52:30.436]	[   31]	              [in][sender]=SBSftpServer.TElSFTPServer
[2016-08-04 09:52:30.436]	[   31]	SFTP connection established
[2016-08-04 09:52:30.436]	[   31]	SFTPOperations.OnOpen EXIT
[2016-08-04 09:52:30.436]	[   31]	=============================================================
[2016-08-04 09:52:30.436]	[   31]	=============================================================
[2016-08-04 09:52:30.436]	[   31]	SFTPOperations.OnRequestAbsolutePath ENTER 
[2016-08-04 09:52:30.436]	[   31]	              [in][sender]=SBSftpServer.TElSFTPServer
[2016-08-04 09:52:30.436]	[   31]	              [in][path]=.
[2016-08-04 09:52:30.436]	[   31]	              [in][absolutePath]=
[2016-08-04 09:52:30.436]	[   31]	              [in][control]=rcNoCheck
[2016-08-04 09:52:30.436]	[   31]	              [in][composePath]=SBStringList.TElStringList
[2016-08-04 09:52:30.436]	[   31]	              [in][errorCode]=0
[2016-08-04 09:52:30.436]	[   31]	              [in][comment]=
[2016-08-04 09:52:30.436]	[   31]	              [out][absolutePath]=
[2016-08-04 09:52:30.436]	[   31]	              [out][errorCode]=0
[2016-08-04 09:52:30.436]	[   31]	              [out][comment]=
[2016-08-04 09:52:30.436]	[   31]	SFTPOperations.OnRequestAbsolutePath EXIT
[2016-08-04 09:52:30.436]	[   31]	=============================================================
[2016-08-04 09:52:30.436]	[   31]	=============================================================
[2016-08-04 09:52:30.437]	[   31]	SFTPOperations.OnFindFirst ENTER 
[2016-08-04 09:52:30.437]	[   31]	              [in][sender]=SBSftpServer.TElSFTPServer
[2016-08-04 09:52:30.437]	[   31]	              [in][path]=\\TestSession_1ba3b85a-748f-4c94-a7dc-28c5d1318be8/
[2016-08-04 09:52:30.437]	[   31]	              [in][data]=
[2016-08-04 09:52:30.437]	[   31]	              [in][info]=SBSftpCommon.TElSftpFileInfo
[2016-08-04 09:52:30.437]	[   31]	              [in][errorCode]=0
[2016-08-04 09:52:30.437]	[   31]	              [in][comment]=
[2016-08-04 09:52:30.437]	[   31]	              [out][data]=
[2016-08-04 09:52:30.437]	[   31]	              [out][errorCode]=0
[2016-08-04 09:52:30.437]	[   31]	              [out][comment]=
[2016-08-04 09:52:30.437]	[   31]	SFTPOperations.OnFindFirst EXIT
[2016-08-04 09:52:30.437]	[   31]	=============================================================
[2016-08-04 09:52:30.437]	[   31]	=============================================================
[2016-08-04 09:52:30.437]	[   31]	SFTPOperations.OnFindNext ENTER 
[2016-08-04 09:52:30.437]	[   31]	              [in][sender]=SBSftpServer.TElSFTPServer
[2016-08-04 09:52:30.437]	[   31]	              [in][data]=
[2016-08-04 09:52:30.437]	[   31]	              [in][info]=SBSftpCommon.TElSftpFileInfo
[2016-08-04 09:52:30.437]	[   31]	              [in][errorCode]=0
[2016-08-04 09:52:30.437]	[   31]	              [in][comment]=
[2016-08-04 09:52:30.437]	[   31]	              [out][errorCode]=0
[2016-08-04 09:52:30.437]	[   31]	              [out][comment]=
[2016-08-04 09:52:30.437]	[   31]	SFTPOperations.OnFindNext EXIT
[2016-08-04 09:52:30.437]	[   31]	=============================================================
[2016-08-04 09:52:30.437]	[   31]	=============================================================
[2016-08-04 09:52:30.437]	[   31]	SFTPOperations.OnFindNext ENTER 
[2016-08-04 09:52:30.437]	[   31]	              [in][sender]=SBSftpServer.TElSFTPServer
[2016-08-04 09:52:30.437]	[   31]	              [in][data]=
[2016-08-04 09:52:30.438]	[   31]	              [in][info]=SBSftpCommon.TElSftpFileInfo
[2016-08-04 09:52:30.438]	[   31]	              [in][errorCode]=0
[2016-08-04 09:52:30.438]	[   31]	              [in][comment]=
[2016-08-04 09:52:30.438]	[   31]	              [out][errorCode]=0
[2016-08-04 09:52:30.438]	[   31]	              [out][comment]=
[2016-08-04 09:52:30.438]	[   31]	SFTPOperations.OnFindNext EXIT
[2016-08-04 09:52:30.438]	[   31]	=============================================================
[2016-08-04 09:52:30.438]	[   31]	=============================================================
[2016-08-04 09:52:30.438]	[   31]	SFTPOperations.OnFindNext ENTER 
[2016-08-04 09:52:30.438]	[   31]	              [in][sender]=SBSftpServer.TElSFTPServer
[2016-08-04 09:52:30.438]	[   31]	              [in][data]=
[2016-08-04 09:52:30.438]	[   31]	              [in][info]=SBSftpCommon.TElSftpFileInfo
[2016-08-04 09:52:30.438]	[   31]	              [in][errorCode]=0
[2016-08-04 09:52:30.438]	[   31]	              [in][comment]=
[2016-08-04 09:52:30.438]	[   31]	              [out][errorCode]=0
[2016-08-04 09:52:30.438]	[   31]	              [out][comment]=
[2016-08-04 09:52:30.438]	[   31]	SFTPOperations.OnFindNext EXIT
[2016-08-04 09:52:30.438]	[   31]	=============================================================
[2016-08-04 09:52:30.438]	[   31]	=============================================================
[2016-08-04 09:52:30.438]	[   31]	SFTPOperations.OnFindClose ENTER 
[2016-08-04 09:52:30.438]	[   31]	              [in][sender]=SBSftpServer.TElSFTPServer
[2016-08-04 09:52:30.438]	[   31]	              [in][searchRec]=
[2016-08-04 09:52:30.438]	[   31]	              [in][errorCode]=1
[2016-08-04 09:52:30.438]	[   31]	              [in][comment]=
[2016-08-04 09:52:30.439]	[   31]	              [out][errorCode]=1
[2016-08-04 09:52:30.439]	[   31]	              [out][comment]=
[2016-08-04 09:52:30.439]	[   31]	SFTPOperations.OnFindClose EXIT
[2016-08-04 09:52:30.439]	[   31]	=============================================================
[2016-08-04 09:52:30.439]	[   31]	=============================================================
[2016-08-04 09:52:30.439]	[   31]	SFTPOperations.OnRemove ENTER 
[2016-08-04 09:52:30.439]	[   31]	              [in][sender]=SBSftpServer.TElSFTPServer
[2016-08-04 09:52:30.439]	[   31]	              [in][path]=\\TestSession_1ba3b85a-748f-4c94-a7dc-28c5d1318be8/6071bb6a-b78c-476c-be65-b1a3fedf1cac.txt
[2016-08-04 09:52:30.439]	[   31]	              [in][errorCode]=0
[2016-08-04 09:52:30.439]	[   31]	              [in][comment]=
[2016-08-04 09:52:30.439]	[   31]	              [out][errorCode]=0
[2016-08-04 09:52:30.439]	[   31]	              [out][comment]=
[2016-08-04 09:52:30.439]	[   31]	SFTPOperations.OnRemove EXIT
[2016-08-04 09:52:30.439]	[   31]	=============================================================
[2016-08-04 09:52:30.439]	[   31]	=============================================================
[2016-08-04 09:52:30.439]	[   31]	SFTPOperations.OnFindFirst ENTER 
[2016-08-04 09:52:30.440]	[   31]	              [in][sender]=SBSftpServer.TElSFTPServer
[2016-08-04 09:52:30.440]	[   31]	              [in][path]=\\TestSession_1ba3b85a-748f-4c94-a7dc-28c5d1318be8/
[2016-08-04 09:52:30.440]	[   31]	              [in][data]=
[2016-08-04 09:52:30.440]	[   31]	              [in][info]=SBSftpCommon.TElSftpFileInfo
[2016-08-04 09:52:30.440]	[   31]	              [in][errorCode]=0
[2016-08-04 09:52:30.440]	[   31]	              [in][comment]=
[2016-08-04 09:52:30.440]	[   31]	              [out][data]=
[2016-08-04 09:52:30.440]	[   31]	              [out][errorCode]=0
[2016-08-04 09:52:30.440]	[   31]	              [out][comment]=
[2016-08-04 09:52:30.440]	[   31]	SFTPOperations.OnFindFirst EXIT
[2016-08-04 09:52:30.440]	[   31]	=============================================================
[2016-08-04 09:52:30.440]	[   31]	=============================================================
[2016-08-04 09:52:30.440]	[   31]	SFTPOperations.OnFindNext ENTER 
[2016-08-04 09:52:30.440]	[   31]	              [in][sender]=SBSftpServer.TElSFTPServer
[2016-08-04 09:52:30.440]	[   31]	              [in][data]=
[2016-08-04 09:52:30.440]	[   31]	              [in][info]=SBSftpCommon.TElSftpFileInfo
[2016-08-04 09:52:30.440]	[   31]	              [in][errorCode]=0
[2016-08-04 09:52:30.440]	[   31]	              [in][comment]=
[2016-08-04 09:52:30.440]	[   31]	              [out][errorCode]=0
[2016-08-04 09:52:30.440]	[   31]	              [out][comment]=
[2016-08-04 09:52:30.440]	[   31]	SFTPOperations.OnFindNext EXIT
[2016-08-04 09:52:30.440]	[   31]	=============================================================
[2016-08-04 09:52:30.440]	[   31]	=============================================================
[2016-08-04 09:52:30.441]	[   31]	SFTPOperations.OnFindNext ENTER 
[2016-08-04 09:52:30.441]	[   31]	              [in][sender]=SBSftpServer.TElSFTPServer
[2016-08-04 09:52:30.441]	[   31]	              [in][data]=
[2016-08-04 09:52:30.441]	[   31]	              [in][info]=SBSftpCommon.TElSftpFileInfo
[2016-08-04 09:52:30.441]	[   31]	              [in][errorCode]=0
[2016-08-04 09:52:30.441]	[   31]	              [in][comment]=
[2016-08-04 09:52:30.441]	[   31]	              [out][errorCode]=0
[2016-08-04 09:52:30.441]	[   31]	              [out][comment]=
[2016-08-04 09:52:30.441]	[   31]	SFTPOperations.OnFindNext EXIT
[2016-08-04 09:52:30.441]	[   31]	=============================================================
[2016-08-04 09:52:30.441]	[   31]	=============================================================
[2016-08-04 09:52:30.441]	[   31]	SFTPOperations.OnFindClose ENTER 
[2016-08-04 09:52:30.441]	[   31]	              [in][sender]=SBSftpServer.TElSFTPServer
[2016-08-04 09:52:30.441]	[   31]	              [in][searchRec]=
[2016-08-04 09:52:30.441]	[   31]	              [in][errorCode]=1
[2016-08-04 09:52:30.441]	[   31]	              [in][comment]=
[2016-08-04 09:52:30.441]	[   31]	              [out][errorCode]=1
[2016-08-04 09:52:30.441]	[   31]	              [out][comment]=
[2016-08-04 09:52:30.441]	[   31]	SFTPOperations.OnFindClose EXIT
[2016-08-04 09:52:30.441]	[   31]	=============================================================
[2016-08-04 09:52:30.442]	[   31]	=============================================================
[2016-08-04 09:52:30.442]	[   31]	SFTPOperations.OnRemove ENTER 
[2016-08-04 09:52:30.442]	[   31]	              [in][sender]=SBSftpServer.TElSFTPServer
[2016-08-04 09:52:30.442]	[   31]	              [in][path]=\\TestSession_1ba3b85a-748f-4c94-a7dc-28c5d1318be8/
[2016-08-04 09:52:30.442]	[   31]	              [in][errorCode]=0
[2016-08-04 09:52:30.442]	[   31]	              [in][comment]=
[2016-08-04 09:52:30.442]	[   31]	              [out][errorCode]=0
[2016-08-04 09:52:30.442]	[   31]	              [out][comment]=
[2016-08-04 09:52:30.442]	[   31]	SFTPOperations.OnRemove EXIT
[2016-08-04 09:52:30.442]	[   31]	=============================================================
[2016-08-04 09:52:30.442]	[   23]	Stopping socket listener
[2016-08-04 09:52:30.442]	[   23]	Socket listener stopped
[2016-08-04 09:52:30.442]	[   22]	Socket receive operation failed: An established connection was aborted by the software in your host machine
[2016-08-04 09:52:30.443]	[   22]	Closing the socket
[2016-08-04 09:52:30.443]	[   22]	ServerListener.OnSessionClosed()</StdOut>
      </Output>
    </UnitTestResult>
    <UnitTestResult executionId="815b34da-b271-4d96-9e22-cb8529f131b2" testId="46e3595d-419b-4988-e804-d6bcacc58c7f" testName="SetCWD_DeepRootedPath" computerName="ICSWS068" duration="00:00:00.3820643" startTime="2016-08-04T09:52:30.4557490+02:00" endTime="2016-08-04T09:52:30.8393908+02:00" testType="13cdc9d9-ddb5-4fa4-a97d-d965ccfc6d4b" outcome="Passed" testListId="8c84fa94-04c1-424b-9868-57a2d4851a1d" relativeResultsDirectory="815b34da-b271-4d96-9e22-cb8529f131b2">
      <Output>
        <StdOut>Debug Trace:
[2016-08-04 09:52:30.461]	[   29]	Starting SSH server listener...
[2016-08-04 09:52:30.461]	[   29]	SSH server listener started.
[2016-08-04 09:52:30.511]	[   30]	ServerListener.Listen : New connection available
[2016-08-04 09:52:30.512]	[   30]	Connection accepted. Active connections 1 from 20
[2016-08-04 09:52:30.606]	[   22]	Subsystem sftp opened
[2016-08-04 09:52:30.607]	[   22]	SFTP server started
[2016-08-04 09:52:30.607]	[   24]	=============================================================
[2016-08-04 09:52:30.608]	[   24]	SFTPOperations.OnOpen ENTER (3)
[2016-08-04 09:52:30.608]	[   24]	              [in][sender]=SBSftpServer.TElSFTPServer
[2016-08-04 09:52:30.608]	[   24]	SFTP connection established
[2016-08-04 09:52:30.608]	[   24]	SFTPOperations.OnOpen EXIT
[2016-08-04 09:52:30.608]	[   24]	=============================================================
[2016-08-04 09:52:30.608]	[   24]	=============================================================
[2016-08-04 09:52:30.608]	[   24]	SFTPOperations.OnRequestAbsolutePath ENTER 
[2016-08-04 09:52:30.608]	[   24]	              [in][sender]=SBSftpServer.TElSFTPServer
[2016-08-04 09:52:30.608]	[   24]	              [in][path]=.
[2016-08-04 09:52:30.608]	[   24]	              [in][absolutePath]=
[2016-08-04 09:52:30.608]	[   24]	              [in][control]=rcNoCheck
[2016-08-04 09:52:30.608]	[   24]	              [in][composePath]=SBStringList.TElStringList
[2016-08-04 09:52:30.608]	[   24]	              [in][errorCode]=0
[2016-08-04 09:52:30.608]	[   24]	              [in][comment]=
[2016-08-04 09:52:30.608]	[   24]	              [out][absolutePath]=
[2016-08-04 09:52:30.608]	[   24]	              [out][errorCode]=0
[2016-08-04 09:52:30.608]	[   24]	              [out][comment]=
[2016-08-04 09:52:30.608]	[   24]	SFTPOperations.OnRequestAbsolutePath EXIT
[2016-08-04 09:52:30.608]	[   24]	=============================================================
[2016-08-04 09:52:30.608]	[   24]	=============================================================
[2016-08-04 09:52:30.608]	[   24]	SFTPOperations.OnCreateDirectory ENTER 
[2016-08-04 09:52:30.608]	[   24]	              [in][sender]=SBSftpServer.TElSFTPServer
[2016-08-04 09:52:30.608]	[   24]	              [in][path]=\\TestSession_c79c148a-2c57-4b90-8043-c77a39997158
[2016-08-04 09:52:30.608]	[   24]	              [in][attributes]=
[2016-08-04 09:52:30.608]	[   24]	              [in][errorCode]=0
[2016-08-04 09:52:30.608]	[   24]	              [in][comment]=
[2016-08-04 09:52:30.609]	[   24]	              [out][errorCode]=0
[2016-08-04 09:52:30.609]	[   24]	              [out][comment]=
[2016-08-04 09:52:30.609]	[   24]	SFTPOperations.OnCreateDirectory EXIT
[2016-08-04 09:52:30.609]	[   24]	=============================================================
[2016-08-04 09:52:30.609]	[   22]	Socket receive operation failed: An established connection was aborted by the software in your host machine
[2016-08-04 09:52:30.609]	[   22]	Closing the socket
[2016-08-04 09:52:30.609]	[   22]	ServerListener.OnSessionClosed()
[2016-08-04 09:52:30.613]	[   30]	ServerListener.Listen : New connection available
[2016-08-04 09:52:30.613]	[   30]	Connection accepted. Active connections 1 from 20
[2016-08-04 09:52:30.700]	[   27]	Subsystem sftp opened
[2016-08-04 09:52:30.701]	[   27]	SFTP server started
[2016-08-04 09:52:30.702]	[   33]	=============================================================
[2016-08-04 09:52:30.702]	[   33]	SFTPOperations.OnOpen ENTER (1)
[2016-08-04 09:52:30.702]	[   33]	              [in][sender]=SBSftpServer.TElSFTPServer
[2016-08-04 09:52:30.702]	[   33]	SFTP connection established
[2016-08-04 09:52:30.702]	[   33]	SFTPOperations.OnOpen EXIT
[2016-08-04 09:52:30.702]	[   33]	=============================================================
[2016-08-04 09:52:30.702]	[   33]	=============================================================
[2016-08-04 09:52:30.702]	[   33]	SFTPOperations.OnRequestAbsolutePath ENTER 
[2016-08-04 09:52:30.702]	[   33]	              [in][sender]=SBSftpServer.TElSFTPServer
[2016-08-04 09:52:30.702]	[   33]	              [in][path]=.
[2016-08-04 09:52:30.702]	[   33]	              [in][absolutePath]=
[2016-08-04 09:52:30.702]	[   33]	              [in][control]=rcNoCheck
[2016-08-04 09:52:30.702]	[   33]	              [in][composePath]=SBStringList.TElStringList
[2016-08-04 09:52:30.702]	[   33]	              [in][errorCode]=0
[2016-08-04 09:52:30.702]	[   33]	              [in][comment]=
[2016-08-04 09:52:30.702]	[   33]	              [out][absolutePath]=
[2016-08-04 09:52:30.702]	[   33]	              [out][errorCode]=0
[2016-08-04 09:52:30.702]	[   33]	              [out][comment]=
[2016-08-04 09:52:30.702]	[   33]	SFTPOperations.OnRequestAbsolutePath EXIT
[2016-08-04 09:52:30.702]	[   33]	=============================================================
[2016-08-04 09:52:30.703]	[   33]	=============================================================
[2016-08-04 09:52:30.703]	[   33]	SFTPOperations.OnFindFirst ENTER 
[2016-08-04 09:52:30.703]	[   33]	              [in][sender]=SBSftpServer.TElSFTPServer
[2016-08-04 09:52:30.703]	[   33]	              [in][path]=\\DirA\DirASub1\DirASub11
[2016-08-04 09:52:30.703]	[   33]	              [in][data]=
[2016-08-04 09:52:30.703]	[   33]	              [in][info]=SBSftpCommon.TElSftpFileInfo
[2016-08-04 09:52:30.703]	[   33]	              [in][errorCode]=0
[2016-08-04 09:52:30.703]	[   33]	              [in][comment]=
[2016-08-04 09:52:30.703]	[   33]	              [out][data]=
[2016-08-04 09:52:30.703]	[   33]	              [out][errorCode]=0
[2016-08-04 09:52:30.703]	[   33]	              [out][comment]=
[2016-08-04 09:52:30.703]	[   33]	SFTPOperations.OnFindFirst EXIT
[2016-08-04 09:52:30.703]	[   33]	=============================================================
[2016-08-04 09:52:30.704]	[   33]	=============================================================
[2016-08-04 09:52:30.704]	[   33]	SFTPOperations.OnFindNext ENTER 
[2016-08-04 09:52:30.704]	[   33]	              [in][sender]=SBSftpServer.TElSFTPServer
[2016-08-04 09:52:30.704]	[   33]	              [in][data]=
[2016-08-04 09:52:30.704]	[   33]	              [in][info]=SBSftpCommon.TElSftpFileInfo
[2016-08-04 09:52:30.704]	[   33]	              [in][errorCode]=0
[2016-08-04 09:52:30.704]	[   33]	              [in][comment]=
[2016-08-04 09:52:30.704]	[   33]	              [out][errorCode]=0
[2016-08-04 09:52:30.704]	[   33]	              [out][comment]=
[2016-08-04 09:52:30.704]	[   33]	SFTPOperations.OnFindNext EXIT
[2016-08-04 09:52:30.704]	[   33]	=============================================================
[2016-08-04 09:52:30.704]	[   33]	=============================================================
[2016-08-04 09:52:30.704]	[   33]	SFTPOperations.OnFindNext ENTER 
[2016-08-04 09:52:30.704]	[   33]	              [in][sender]=SBSftpServer.TElSFTPServer
[2016-08-04 09:52:30.704]	[   33]	              [in][data]=
[2016-08-04 09:52:30.704]	[   33]	              [in][info]=SBSftpCommon.TElSftpFileInfo
[2016-08-04 09:52:30.704]	[   33]	              [in][errorCode]=0
[2016-08-04 09:52:30.704]	[   33]	              [in][comment]=
[2016-08-04 09:52:30.705]	[   33]	              [out][errorCode]=0
[2016-08-04 09:52:30.705]	[   33]	              [out][comment]=
[2016-08-04 09:52:30.705]	[   33]	SFTPOperations.OnFindNext EXIT
[2016-08-04 09:52:30.705]	[   33]	=============================================================
[2016-08-04 09:52:30.705]	[   33]	=============================================================
[2016-08-04 09:52:30.705]	[   33]	SFTPOperations.OnFindNext ENTER 
[2016-08-04 09:52:30.705]	[   33]	              [in][sender]=SBSftpServer.TElSFTPServer
[2016-08-04 09:52:30.705]	[   33]	              [in][data]=
[2016-08-04 09:52:30.705]	[   33]	              [in][info]=SBSftpCommon.TElSftpFileInfo
[2016-08-04 09:52:30.705]	[   33]	              [in][errorCode]=0
[2016-08-04 09:52:30.705]	[   33]	              [in][comment]=
[2016-08-04 09:52:30.705]	[   33]	              [out][errorCode]=0
[2016-08-04 09:52:30.705]	[   33]	              [out][comment]=
[2016-08-04 09:52:30.705]	[   33]	SFTPOperations.OnFindNext EXIT
[2016-08-04 09:52:30.705]	[   33]	=============================================================
[2016-08-04 09:52:30.705]	[   33]	=============================================================
[2016-08-04 09:52:30.705]	[   33]	SFTPOperations.OnFindClose ENTER 
[2016-08-04 09:52:30.705]	[   33]	              [in][sender]=SBSftpServer.TElSFTPServer
[2016-08-04 09:52:30.705]	[   33]	              [in][searchRec]=
[2016-08-04 09:52:30.705]	[   33]	              [in][errorCode]=1
[2016-08-04 09:52:30.705]	[   33]	              [in][comment]=
[2016-08-04 09:52:30.705]	[   33]	              [out][errorCode]=1
[2016-08-04 09:52:30.705]	[   33]	              [out][comment]=
[2016-08-04 09:52:30.706]	[   33]	SFTPOperations.OnFindClose EXIT
[2016-08-04 09:52:30.706]	[   33]	=============================================================
[2016-08-04 09:52:30.706]	[   33]	=============================================================
[2016-08-04 09:52:30.706]	[   33]	SFTPOperations.OnRequestAbsolutePath ENTER 
[2016-08-04 09:52:30.706]	[   33]	              [in][sender]=SBSftpServer.TElSFTPServer
[2016-08-04 09:52:30.706]	[   33]	              [in][path]=\\DirA\DirASub1\DirASub11
[2016-08-04 09:52:30.706]	[   33]	              [in][absolutePath]=
[2016-08-04 09:52:30.706]	[   33]	              [in][control]=rcNoCheck
[2016-08-04 09:52:30.706]	[   33]	              [in][composePath]=SBStringList.TElStringList
[2016-08-04 09:52:30.706]	[   33]	              [in][errorCode]=0
[2016-08-04 09:52:30.706]	[   33]	              [in][comment]=
[2016-08-04 09:52:30.706]	[   33]	              [out][absolutePath]=
[2016-08-04 09:52:30.706]	[   33]	              [out][errorCode]=0
[2016-08-04 09:52:30.706]	[   33]	              [out][comment]=
[2016-08-04 09:52:30.706]	[   33]	SFTPOperations.OnRequestAbsolutePath EXIT
[2016-08-04 09:52:30.706]	[   33]	=============================================================
[2016-08-04 09:52:30.706]	[   33]	=============================================================
[2016-08-04 09:52:30.706]	[   33]	SFTPOperations.OnFindFirst ENTER 
[2016-08-04 09:52:30.706]	[   33]	              [in][sender]=SBSftpServer.TElSFTPServer
[2016-08-04 09:52:30.707]	[   33]	              [in][path]=/\\DirA\DirASub1\DirASub11
[2016-08-04 09:52:30.707]	[   33]	              [in][data]=
[2016-08-04 09:52:30.707]	[   33]	              [in][info]=SBSftpCommon.TElSftpFileInfo
[2016-08-04 09:52:30.707]	[   33]	              [in][errorCode]=0
[2016-08-04 09:52:30.707]	[   33]	              [in][comment]=
[2016-08-04 09:52:30.707]	[   33]	              [out][data]=
[2016-08-04 09:52:30.707]	[   33]	              [out][errorCode]=0
[2016-08-04 09:52:30.707]	[   33]	              [out][comment]=
[2016-08-04 09:52:30.707]	[   33]	SFTPOperations.OnFindFirst EXIT
[2016-08-04 09:52:30.707]	[   33]	=============================================================
[2016-08-04 09:52:30.707]	[   33]	=============================================================
[2016-08-04 09:52:30.707]	[   33]	SFTPOperations.OnFindNext ENTER 
[2016-08-04 09:52:30.707]	[   33]	              [in][sender]=SBSftpServer.TElSFTPServer
[2016-08-04 09:52:30.707]	[   33]	              [in][data]=
[2016-08-04 09:52:30.707]	[   33]	              [in][info]=SBSftpCommon.TElSftpFileInfo
[2016-08-04 09:52:30.707]	[   33]	              [in][errorCode]=0
[2016-08-04 09:52:30.707]	[   33]	              [in][comment]=
[2016-08-04 09:52:30.707]	[   33]	              [out][errorCode]=0
[2016-08-04 09:52:30.707]	[   33]	              [out][comment]=
[2016-08-04 09:52:30.707]	[   33]	SFTPOperations.OnFindNext EXIT
[2016-08-04 09:52:30.707]	[   33]	=============================================================
[2016-08-04 09:52:30.707]	[   33]	=============================================================
[2016-08-04 09:52:30.707]	[   33]	SFTPOperations.OnFindNext ENTER 
[2016-08-04 09:52:30.707]	[   33]	              [in][sender]=SBSftpServer.TElSFTPServer
[2016-08-04 09:52:30.707]	[   33]	              [in][data]=
[2016-08-04 09:52:30.707]	[   33]	              [in][info]=SBSftpCommon.TElSftpFileInfo
[2016-08-04 09:52:30.708]	[   33]	              [in][errorCode]=0
[2016-08-04 09:52:30.708]	[   33]	              [in][comment]=
[2016-08-04 09:52:30.708]	[   33]	              [out][errorCode]=0
[2016-08-04 09:52:30.708]	[   33]	              [out][comment]=
[2016-08-04 09:52:30.708]	[   33]	SFTPOperations.OnFindNext EXIT
[2016-08-04 09:52:30.708]	[   33]	=============================================================
[2016-08-04 09:52:30.708]	[   33]	=============================================================
[2016-08-04 09:52:30.708]	[   33]	SFTPOperations.OnFindNext ENTER 
[2016-08-04 09:52:30.708]	[   33]	              [in][sender]=SBSftpServer.TElSFTPServer
[2016-08-04 09:52:30.708]	[   33]	              [in][data]=
[2016-08-04 09:52:30.708]	[   33]	              [in][info]=SBSftpCommon.TElSftpFileInfo
[2016-08-04 09:52:30.708]	[   33]	              [in][errorCode]=0
[2016-08-04 09:52:30.708]	[   33]	              [in][comment]=
[2016-08-04 09:52:30.708]	[   33]	              [out][errorCode]=0
[2016-08-04 09:52:30.708]	[   33]	              [out][comment]=
[2016-08-04 09:52:30.708]	[   33]	SFTPOperations.OnFindNext EXIT
[2016-08-04 09:52:30.708]	[   33]	=============================================================
[2016-08-04 09:52:30.708]	[   33]	=============================================================
[2016-08-04 09:52:30.708]	[   33]	SFTPOperations.OnFindClose ENTER 
[2016-08-04 09:52:30.708]	[   33]	              [in][sender]=SBSftpServer.TElSFTPServer
[2016-08-04 09:52:30.708]	[   33]	              [in][searchRec]=
[2016-08-04 09:52:30.708]	[   33]	              [in][errorCode]=1
[2016-08-04 09:52:30.709]	[   33]	              [in][comment]=
[2016-08-04 09:52:30.709]	[   33]	              [out][errorCode]=1
[2016-08-04 09:52:30.709]	[   33]	              [out][comment]=
[2016-08-04 09:52:30.709]	[   33]	SFTPOperations.OnFindClose EXIT
[2016-08-04 09:52:30.709]	[   33]	=============================================================
[2016-08-04 09:52:30.709]	[   27]	Socket receive operation failed: An established connection was aborted by the software in your host machine
[2016-08-04 09:52:30.709]	[   27]	Closing the socket
[2016-08-04 09:52:30.709]	[   27]	ServerListener.OnSessionClosed()
[2016-08-04 09:52:30.714]	[   30]	ServerListener.Listen : New connection available
[2016-08-04 09:52:30.715]	[   30]	Connection accepted. Active connections 1 from 20
[2016-08-04 09:52:30.811]	[   25]	Subsystem sftp opened
[2016-08-04 09:52:30.811]	[   25]	SFTP server started
[2016-08-04 09:52:30.812]	[   23]	=============================================================
[2016-08-04 09:52:30.812]	[   23]	SFTPOperations.OnOpen ENTER (2)
[2016-08-04 09:52:30.812]	[   23]	              [in][sender]=SBSftpServer.TElSFTPServer
[2016-08-04 09:52:30.812]	[   23]	SFTP connection established
[2016-08-04 09:52:30.812]	[   23]	SFTPOperations.OnOpen EXIT
[2016-08-04 09:52:30.812]	[   23]	=============================================================
[2016-08-04 09:52:30.812]	[   23]	=============================================================
[2016-08-04 09:52:30.812]	[   23]	SFTPOperations.OnRequestAbsolutePath ENTER 
[2016-08-04 09:52:30.812]	[   23]	              [in][sender]=SBSftpServer.TElSFTPServer
[2016-08-04 09:52:30.812]	[   23]	              [in][path]=.
[2016-08-04 09:52:30.812]	[   23]	              [in][absolutePath]=
[2016-08-04 09:52:30.812]	[   23]	              [in][control]=rcNoCheck
[2016-08-04 09:52:30.812]	[   23]	              [in][composePath]=SBStringList.TElStringList
[2016-08-04 09:52:30.812]	[   23]	              [in][errorCode]=0
[2016-08-04 09:52:30.812]	[   23]	              [in][comment]=
[2016-08-04 09:52:30.812]	[   23]	              [out][absolutePath]=
[2016-08-04 09:52:30.812]	[   23]	              [out][errorCode]=0
[2016-08-04 09:52:30.812]	[   23]	              [out][comment]=
[2016-08-04 09:52:30.812]	[   23]	SFTPOperations.OnRequestAbsolutePath EXIT
[2016-08-04 09:52:30.812]	[   23]	=============================================================
[2016-08-04 09:52:30.813]	[   23]	=============================================================
[2016-08-04 09:52:30.813]	[   23]	SFTPOperations.OnFindFirst ENTER 
[2016-08-04 09:52:30.813]	[   23]	              [in][sender]=SBSftpServer.TElSFTPServer
[2016-08-04 09:52:30.813]	[   23]	              [in][path]=\\TestSession_c79c148a-2c57-4b90-8043-c77a39997158/
[2016-08-04 09:52:30.813]	[   23]	              [in][data]=
[2016-08-04 09:52:30.813]	[   23]	              [in][info]=SBSftpCommon.TElSftpFileInfo
[2016-08-04 09:52:30.813]	[   23]	              [in][errorCode]=0
[2016-08-04 09:52:30.813]	[   23]	              [in][comment]=
[2016-08-04 09:52:30.813]	[   23]	              [out][data]=
[2016-08-04 09:52:30.813]	[   23]	              [out][errorCode]=0
[2016-08-04 09:52:30.813]	[   23]	              [out][comment]=
[2016-08-04 09:52:30.814]	[   23]	SFTPOperations.OnFindFirst EXIT
[2016-08-04 09:52:30.814]	[   23]	=============================================================
[2016-08-04 09:52:30.814]	[   23]	=============================================================
[2016-08-04 09:52:30.814]	[   23]	SFTPOperations.OnFindNext ENTER 
[2016-08-04 09:52:30.814]	[   23]	              [in][sender]=SBSftpServer.TElSFTPServer
[2016-08-04 09:52:30.814]	[   23]	              [in][data]=
[2016-08-04 09:52:30.814]	[   23]	              [in][info]=SBSftpCommon.TElSftpFileInfo
[2016-08-04 09:52:30.814]	[   23]	              [in][errorCode]=0
[2016-08-04 09:52:30.814]	[   23]	              [in][comment]=
[2016-08-04 09:52:30.814]	[   23]	              [out][errorCode]=0
[2016-08-04 09:52:30.814]	[   23]	              [out][comment]=
[2016-08-04 09:52:30.814]	[   23]	SFTPOperations.OnFindNext EXIT
[2016-08-04 09:52:30.814]	[   23]	=============================================================
[2016-08-04 09:52:30.814]	[   23]	=============================================================
[2016-08-04 09:52:30.814]	[   23]	SFTPOperations.OnFindNext ENTER 
[2016-08-04 09:52:30.814]	[   23]	              [in][sender]=SBSftpServer.TElSFTPServer
[2016-08-04 09:52:30.814]	[   23]	              [in][data]=
[2016-08-04 09:52:30.814]	[   23]	              [in][info]=SBSftpCommon.TElSftpFileInfo
[2016-08-04 09:52:30.814]	[   23]	              [in][errorCode]=0
[2016-08-04 09:52:30.815]	[   23]	              [in][comment]=
[2016-08-04 09:52:30.815]	[   23]	              [out][errorCode]=0
[2016-08-04 09:52:30.815]	[   23]	              [out][comment]=
[2016-08-04 09:52:30.815]	[   23]	SFTPOperations.OnFindNext EXIT
[2016-08-04 09:52:30.815]	[   23]	=============================================================
[2016-08-04 09:52:30.815]	[   23]	=============================================================
[2016-08-04 09:52:30.815]	[   23]	SFTPOperations.OnFindClose ENTER 
[2016-08-04 09:52:30.815]	[   23]	              [in][sender]=SBSftpServer.TElSFTPServer
[2016-08-04 09:52:30.815]	[   23]	              [in][searchRec]=
[2016-08-04 09:52:30.815]	[   23]	              [in][errorCode]=1
[2016-08-04 09:52:30.815]	[   23]	              [in][comment]=
[2016-08-04 09:52:30.815]	[   23]	              [out][errorCode]=1
[2016-08-04 09:52:30.815]	[   23]	              [out][comment]=
[2016-08-04 09:52:30.815]	[   23]	SFTPOperations.OnFindClose EXIT
[2016-08-04 09:52:30.815]	[   23]	=============================================================
[2016-08-04 09:52:30.816]	[   23]	=============================================================
[2016-08-04 09:52:30.816]	[   23]	SFTPOperations.OnFindFirst ENTER 
[2016-08-04 09:52:30.816]	[   23]	              [in][sender]=SBSftpServer.TElSFTPServer
[2016-08-04 09:52:30.816]	[   23]	              [in][path]=\\TestSession_c79c148a-2c57-4b90-8043-c77a39997158/
[2016-08-04 09:52:30.816]	[   23]	              [in][data]=
[2016-08-04 09:52:30.816]	[   23]	              [in][info]=SBSftpCommon.TElSftpFileInfo
[2016-08-04 09:52:30.816]	[   23]	              [in][errorCode]=0
[2016-08-04 09:52:30.816]	[   23]	              [in][comment]=
[2016-08-04 09:52:30.816]	[   23]	              [out][data]=
[2016-08-04 09:52:30.816]	[   23]	              [out][errorCode]=0
[2016-08-04 09:52:30.816]	[   23]	              [out][comment]=
[2016-08-04 09:52:30.816]	[   23]	SFTPOperations.OnFindFirst EXIT
[2016-08-04 09:52:30.816]	[   23]	=============================================================
[2016-08-04 09:52:30.816]	[   23]	=============================================================
[2016-08-04 09:52:30.816]	[   23]	SFTPOperations.OnFindNext ENTER 
[2016-08-04 09:52:30.816]	[   23]	              [in][sender]=SBSftpServer.TElSFTPServer
[2016-08-04 09:52:30.816]	[   23]	              [in][data]=
[2016-08-04 09:52:30.816]	[   23]	              [in][info]=SBSftpCommon.TElSftpFileInfo
[2016-08-04 09:52:30.816]	[   23]	              [in][errorCode]=0
[2016-08-04 09:52:30.816]	[   23]	              [in][comment]=
[2016-08-04 09:52:30.817]	[   23]	              [out][errorCode]=0
[2016-08-04 09:52:30.817]	[   23]	              [out][comment]=
[2016-08-04 09:52:30.817]	[   23]	SFTPOperations.OnFindNext EXIT
[2016-08-04 09:52:30.817]	[   23]	=============================================================
[2016-08-04 09:52:30.817]	[   23]	=============================================================
[2016-08-04 09:52:30.817]	[   23]	SFTPOperations.OnFindNext ENTER 
[2016-08-04 09:52:30.817]	[   23]	              [in][sender]=SBSftpServer.TElSFTPServer
[2016-08-04 09:52:30.817]	[   23]	              [in][data]=
[2016-08-04 09:52:30.817]	[   23]	              [in][info]=SBSftpCommon.TElSftpFileInfo
[2016-08-04 09:52:30.817]	[   23]	              [in][errorCode]=0
[2016-08-04 09:52:30.817]	[   23]	              [in][comment]=
[2016-08-04 09:52:30.817]	[   23]	              [out][errorCode]=0
[2016-08-04 09:52:30.817]	[   23]	              [out][comment]=
[2016-08-04 09:52:30.817]	[   23]	SFTPOperations.OnFindNext EXIT
[2016-08-04 09:52:30.817]	[   23]	=============================================================
[2016-08-04 09:52:30.817]	[   23]	=============================================================
[2016-08-04 09:52:30.817]	[   23]	SFTPOperations.OnFindClose ENTER 
[2016-08-04 09:52:30.817]	[   23]	              [in][sender]=SBSftpServer.TElSFTPServer
[2016-08-04 09:52:30.817]	[   23]	              [in][searchRec]=
[2016-08-04 09:52:30.817]	[   23]	              [in][errorCode]=1
[2016-08-04 09:52:30.817]	[   23]	              [in][comment]=
[2016-08-04 09:52:30.817]	[   23]	              [out][errorCode]=1
[2016-08-04 09:52:30.817]	[   23]	              [out][comment]=
[2016-08-04 09:52:30.817]	[   23]	SFTPOperations.OnFindClose EXIT
[2016-08-04 09:52:30.817]	[   23]	=============================================================
[2016-08-04 09:52:30.818]	[   23]	=============================================================
[2016-08-04 09:52:30.818]	[   23]	SFTPOperations.OnRemove ENTER 
[2016-08-04 09:52:30.818]	[   23]	              [in][sender]=SBSftpServer.TElSFTPServer
[2016-08-04 09:52:30.818]	[   23]	              [in][path]=\\TestSession_c79c148a-2c57-4b90-8043-c77a39997158/
[2016-08-04 09:52:30.818]	[   23]	              [in][errorCode]=0
[2016-08-04 09:52:30.818]	[   23]	              [in][comment]=
[2016-08-04 09:52:30.818]	[   23]	              [out][errorCode]=0
[2016-08-04 09:52:30.818]	[   23]	              [out][comment]=
[2016-08-04 09:52:30.818]	[   23]	SFTPOperations.OnRemove EXIT
[2016-08-04 09:52:30.818]	[   23]	=============================================================
[2016-08-04 09:52:30.819]	[   29]	Stopping socket listener
[2016-08-04 09:52:30.819]	[   29]	Socket listener stopped
[2016-08-04 09:52:30.819]	[   25]	Socket receive operation failed: An established connection was aborted by the software in your host machine
[2016-08-04 09:52:30.819]	[   25]	Closing the socket
[2016-08-04 09:52:30.819]	[   25]	ServerListener.OnSessionClosed()</StdOut>
      </Output>
    </UnitTestResult>
    <UnitTestResult executionId="4c615394-f939-4f54-93c5-737208524546" testId="b328a9f1-247b-768f-dfdf-9db965983a5c" testName="GetCWD_Success" computerName="ICSWS068" duration="00:00:00.4127530" startTime="2016-08-04T09:52:30.8423928+02:00" endTime="2016-08-04T09:52:31.2567163+02:00" testType="13cdc9d9-ddb5-4fa4-a97d-d965ccfc6d4b" outcome="Passed" testListId="8c84fa94-04c1-424b-9868-57a2d4851a1d" relativeResultsDirectory="4c615394-f939-4f54-93c5-737208524546">
      <Output>
        <StdOut>Debug Trace:
[2016-08-04 09:52:30.846]	[   14]	Starting SSH server listener...
[2016-08-04 09:52:30.846]	[   14]	SSH server listener started.
[2016-08-04 09:52:30.897]	[   34]	ServerListener.Listen : New connection available
[2016-08-04 09:52:30.897]	[   34]	Connection accepted. Active connections 1 from 20
[2016-08-04 09:52:30.983]	[   26]	Subsystem sftp opened
[2016-08-04 09:52:30.984]	[   26]	SFTP server started
[2016-08-04 09:52:30.984]	[   28]	=============================================================
[2016-08-04 09:52:30.984]	[   28]	SFTPOperations.OnOpen ENTER (3)
[2016-08-04 09:52:30.984]	[   28]	              [in][sender]=SBSftpServer.TElSFTPServer
[2016-08-04 09:52:30.984]	[   28]	SFTP connection established
[2016-08-04 09:52:30.985]	[   28]	SFTPOperations.OnOpen EXIT
[2016-08-04 09:52:30.985]	[   28]	=============================================================
[2016-08-04 09:52:30.985]	[   28]	=============================================================
[2016-08-04 09:52:30.985]	[   28]	SFTPOperations.OnRequestAbsolutePath ENTER 
[2016-08-04 09:52:30.985]	[   28]	              [in][sender]=SBSftpServer.TElSFTPServer
[2016-08-04 09:52:30.985]	[   28]	              [in][path]=.
[2016-08-04 09:52:30.985]	[   28]	              [in][absolutePath]=
[2016-08-04 09:52:30.985]	[   28]	              [in][control]=rcNoCheck
[2016-08-04 09:52:30.985]	[   28]	              [in][composePath]=SBStringList.TElStringList
[2016-08-04 09:52:30.985]	[   28]	              [in][errorCode]=0
[2016-08-04 09:52:30.985]	[   28]	              [in][comment]=
[2016-08-04 09:52:30.985]	[   28]	              [out][absolutePath]=
[2016-08-04 09:52:30.985]	[   28]	              [out][errorCode]=0
[2016-08-04 09:52:30.985]	[   28]	              [out][comment]=
[2016-08-04 09:52:30.985]	[   28]	SFTPOperations.OnRequestAbsolutePath EXIT
[2016-08-04 09:52:30.985]	[   28]	=============================================================
[2016-08-04 09:52:30.985]	[   28]	=============================================================
[2016-08-04 09:52:30.985]	[   28]	SFTPOperations.OnCreateDirectory ENTER 
[2016-08-04 09:52:30.985]	[   28]	              [in][sender]=SBSftpServer.TElSFTPServer
[2016-08-04 09:52:30.985]	[   28]	              [in][path]=\\TestSession_30e94513-b0d8-4769-a2aa-e41fb8aa1e7a
[2016-08-04 09:52:30.985]	[   28]	              [in][attributes]=
[2016-08-04 09:52:30.985]	[   28]	              [in][errorCode]=0
[2016-08-04 09:52:30.985]	[   28]	              [in][comment]=
[2016-08-04 09:52:30.986]	[   28]	              [out][errorCode]=0
[2016-08-04 09:52:30.986]	[   28]	              [out][comment]=
[2016-08-04 09:52:30.986]	[   28]	SFTPOperations.OnCreateDirectory EXIT
[2016-08-04 09:52:30.986]	[   28]	=============================================================
[2016-08-04 09:52:30.986]	[   26]	Socket receive operation failed: An established connection was aborted by the software in your host machine
[2016-08-04 09:52:30.986]	[   26]	Closing the socket
[2016-08-04 09:52:30.986]	[   26]	ServerListener.OnSessionClosed()
[2016-08-04 09:52:30.998]	[   34]	ServerListener.Listen : New connection available
[2016-08-04 09:52:30.999]	[   34]	Connection accepted. Active connections 1 from 20
[2016-08-04 09:52:31.085]	[   37]	Subsystem sftp opened
[2016-08-04 09:52:31.085]	[   37]	SFTP server started
[2016-08-04 09:52:31.086]	[   41]	=============================================================
[2016-08-04 09:52:31.086]	[   41]	SFTPOperations.OnOpen ENTER (1)
[2016-08-04 09:52:31.086]	[   41]	              [in][sender]=SBSftpServer.TElSFTPServer
[2016-08-04 09:52:31.086]	[   41]	SFTP connection established
[2016-08-04 09:52:31.086]	[   41]	SFTPOperations.OnOpen EXIT
[2016-08-04 09:52:31.086]	[   41]	=============================================================
[2016-08-04 09:52:31.086]	[   41]	=============================================================
[2016-08-04 09:52:31.086]	[   41]	SFTPOperations.OnRequestAbsolutePath ENTER 
[2016-08-04 09:52:31.086]	[   41]	              [in][sender]=SBSftpServer.TElSFTPServer
[2016-08-04 09:52:31.086]	[   41]	              [in][path]=.
[2016-08-04 09:52:31.086]	[   41]	              [in][absolutePath]=
[2016-08-04 09:52:31.086]	[   41]	              [in][control]=rcNoCheck
[2016-08-04 09:52:31.086]	[   41]	              [in][composePath]=SBStringList.TElStringList
[2016-08-04 09:52:31.086]	[   41]	              [in][errorCode]=0
[2016-08-04 09:52:31.086]	[   41]	              [in][comment]=
[2016-08-04 09:52:31.086]	[   41]	              [out][absolutePath]=
[2016-08-04 09:52:31.086]	[   41]	              [out][errorCode]=0
[2016-08-04 09:52:31.086]	[   41]	              [out][comment]=
[2016-08-04 09:52:31.086]	[   41]	SFTPOperations.OnRequestAbsolutePath EXIT
[2016-08-04 09:52:31.086]	[   41]	=============================================================
[2016-08-04 09:52:31.087]	[   41]	=============================================================
[2016-08-04 09:52:31.087]	[   41]	SFTPOperations.OnFindFirst ENTER 
[2016-08-04 09:52:31.087]	[   41]	              [in][sender]=SBSftpServer.TElSFTPServer
[2016-08-04 09:52:31.087]	[   41]	              [in][path]=/DirA
[2016-08-04 09:52:31.087]	[   41]	              [in][data]=
[2016-08-04 09:52:31.087]	[   41]	              [in][info]=SBSftpCommon.TElSftpFileInfo
[2016-08-04 09:52:31.087]	[   41]	              [in][errorCode]=0
[2016-08-04 09:52:31.087]	[   41]	              [in][comment]=
[2016-08-04 09:52:31.087]	[   41]	              [out][data]=
[2016-08-04 09:52:31.087]	[   41]	              [out][errorCode]=0
[2016-08-04 09:52:31.087]	[   41]	              [out][comment]=
[2016-08-04 09:52:31.087]	[   41]	SFTPOperations.OnFindFirst EXIT
[2016-08-04 09:52:31.087]	[   41]	=============================================================
[2016-08-04 09:52:31.087]	[   41]	=============================================================
[2016-08-04 09:52:31.088]	[   41]	SFTPOperations.OnFindNext ENTER 
[2016-08-04 09:52:31.088]	[   41]	              [in][sender]=SBSftpServer.TElSFTPServer
[2016-08-04 09:52:31.088]	[   41]	              [in][data]=
[2016-08-04 09:52:31.088]	[   41]	              [in][info]=SBSftpCommon.TElSftpFileInfo
[2016-08-04 09:52:31.088]	[   41]	              [in][errorCode]=0
[2016-08-04 09:52:31.088]	[   41]	              [in][comment]=
[2016-08-04 09:52:31.088]	[   41]	              [out][errorCode]=0
[2016-08-04 09:52:31.088]	[   41]	              [out][comment]=
[2016-08-04 09:52:31.088]	[   41]	SFTPOperations.OnFindNext EXIT
[2016-08-04 09:52:31.088]	[   41]	=============================================================
[2016-08-04 09:52:31.088]	[   41]	=============================================================
[2016-08-04 09:52:31.088]	[   41]	SFTPOperations.OnFindNext ENTER 
[2016-08-04 09:52:31.088]	[   41]	              [in][sender]=SBSftpServer.TElSFTPServer
[2016-08-04 09:52:31.088]	[   41]	              [in][data]=
[2016-08-04 09:52:31.088]	[   41]	              [in][info]=SBSftpCommon.TElSftpFileInfo
[2016-08-04 09:52:31.088]	[   41]	              [in][errorCode]=0
[2016-08-04 09:52:31.088]	[   41]	              [in][comment]=
[2016-08-04 09:52:31.088]	[   41]	              [out][errorCode]=0
[2016-08-04 09:52:31.088]	[   41]	              [out][comment]=
[2016-08-04 09:52:31.088]	[   41]	SFTPOperations.OnFindNext EXIT
[2016-08-04 09:52:31.088]	[   41]	=============================================================
[2016-08-04 09:52:31.088]	[   41]	=============================================================
[2016-08-04 09:52:31.088]	[   41]	SFTPOperations.OnFindNext ENTER 
[2016-08-04 09:52:31.088]	[   41]	              [in][sender]=SBSftpServer.TElSFTPServer
[2016-08-04 09:52:31.088]	[   41]	              [in][data]=
[2016-08-04 09:52:31.088]	[   41]	              [in][info]=SBSftpCommon.TElSftpFileInfo
[2016-08-04 09:52:31.088]	[   41]	              [in][errorCode]=0
[2016-08-04 09:52:31.088]	[   41]	              [in][comment]=
[2016-08-04 09:52:31.088]	[   41]	              [out][errorCode]=0
[2016-08-04 09:52:31.088]	[   41]	              [out][comment]=
[2016-08-04 09:52:31.088]	[   41]	SFTPOperations.OnFindNext EXIT
[2016-08-04 09:52:31.088]	[   41]	=============================================================
[2016-08-04 09:52:31.088]	[   41]	=============================================================
[2016-08-04 09:52:31.088]	[   41]	SFTPOperations.OnFindNext ENTER 
[2016-08-04 09:52:31.088]	[   41]	              [in][sender]=SBSftpServer.TElSFTPServer
[2016-08-04 09:52:31.088]	[   41]	              [in][data]=
[2016-08-04 09:52:31.089]	[   41]	              [in][info]=SBSftpCommon.TElSftpFileInfo
[2016-08-04 09:52:31.089]	[   41]	              [in][errorCode]=0
[2016-08-04 09:52:31.089]	[   41]	              [in][comment]=
[2016-08-04 09:52:31.089]	[   41]	              [out][errorCode]=0
[2016-08-04 09:52:31.089]	[   41]	              [out][comment]=
[2016-08-04 09:52:31.089]	[   41]	SFTPOperations.OnFindNext EXIT
[2016-08-04 09:52:31.089]	[   41]	=============================================================
[2016-08-04 09:52:31.089]	[   41]	=============================================================
[2016-08-04 09:52:31.089]	[   41]	SFTPOperations.OnFindClose ENTER 
[2016-08-04 09:52:31.089]	[   41]	              [in][sender]=SBSftpServer.TElSFTPServer
[2016-08-04 09:52:31.089]	[   41]	              [in][searchRec]=
[2016-08-04 09:52:31.089]	[   41]	              [in][errorCode]=1
[2016-08-04 09:52:31.089]	[   41]	              [in][comment]=
[2016-08-04 09:52:31.089]	[   41]	              [out][errorCode]=1
[2016-08-04 09:52:31.089]	[   41]	              [out][comment]=
[2016-08-04 09:52:31.089]	[   41]	SFTPOperations.OnFindClose EXIT
[2016-08-04 09:52:31.089]	[   41]	=============================================================
[2016-08-04 09:52:31.090]	[   41]	=============================================================
[2016-08-04 09:52:31.090]	[   41]	SFTPOperations.OnRequestAbsolutePath ENTER 
[2016-08-04 09:52:31.090]	[   41]	              [in][sender]=SBSftpServer.TElSFTPServer
[2016-08-04 09:52:31.090]	[   41]	              [in][path]=/DirA
[2016-08-04 09:52:31.090]	[   41]	              [in][absolutePath]=
[2016-08-04 09:52:31.090]	[   41]	              [in][control]=rcNoCheck
[2016-08-04 09:52:31.090]	[   41]	              [in][composePath]=SBStringList.TElStringList
[2016-08-04 09:52:31.090]	[   41]	              [in][errorCode]=0
[2016-08-04 09:52:31.090]	[   41]	              [in][comment]=
[2016-08-04 09:52:31.090]	[   41]	              [out][absolutePath]=
[2016-08-04 09:52:31.090]	[   41]	              [out][errorCode]=0
[2016-08-04 09:52:31.090]	[   41]	              [out][comment]=
[2016-08-04 09:52:31.090]	[   41]	SFTPOperations.OnRequestAbsolutePath EXIT
[2016-08-04 09:52:31.090]	[   41]	=============================================================
[2016-08-04 09:52:31.090]	[   41]	=============================================================
[2016-08-04 09:52:31.090]	[   41]	SFTPOperations.OnFindFirst ENTER 
[2016-08-04 09:52:31.090]	[   41]	              [in][sender]=SBSftpServer.TElSFTPServer
[2016-08-04 09:52:31.090]	[   41]	              [in][path]=/DirA/DirASub1
[2016-08-04 09:52:31.090]	[   41]	              [in][data]=
[2016-08-04 09:52:31.090]	[   41]	              [in][info]=SBSftpCommon.TElSftpFileInfo
[2016-08-04 09:52:31.090]	[   41]	              [in][errorCode]=0
[2016-08-04 09:52:31.090]	[   41]	              [in][comment]=
[2016-08-04 09:52:31.090]	[   41]	              [out][data]=
[2016-08-04 09:52:31.090]	[   41]	              [out][errorCode]=0
[2016-08-04 09:52:31.091]	[   41]	              [out][comment]=
[2016-08-04 09:52:31.091]	[   41]	SFTPOperations.OnFindFirst EXIT
[2016-08-04 09:52:31.091]	[   41]	=============================================================
[2016-08-04 09:52:31.091]	[   41]	=============================================================
[2016-08-04 09:52:31.091]	[   41]	SFTPOperations.OnFindNext ENTER 
[2016-08-04 09:52:31.091]	[   41]	              [in][sender]=SBSftpServer.TElSFTPServer
[2016-08-04 09:52:31.091]	[   41]	              [in][data]=
[2016-08-04 09:52:31.091]	[   41]	              [in][info]=SBSftpCommon.TElSftpFileInfo
[2016-08-04 09:52:31.091]	[   41]	              [in][errorCode]=0
[2016-08-04 09:52:31.091]	[   41]	              [in][comment]=
[2016-08-04 09:52:31.091]	[   41]	              [out][errorCode]=0
[2016-08-04 09:52:31.091]	[   41]	              [out][comment]=
[2016-08-04 09:52:31.091]	[   41]	SFTPOperations.OnFindNext EXIT
[2016-08-04 09:52:31.091]	[   41]	=============================================================
[2016-08-04 09:52:31.091]	[   41]	=============================================================
[2016-08-04 09:52:31.091]	[   41]	SFTPOperations.OnFindNext ENTER 
[2016-08-04 09:52:31.091]	[   41]	              [in][sender]=SBSftpServer.TElSFTPServer
[2016-08-04 09:52:31.091]	[   41]	              [in][data]=
[2016-08-04 09:52:31.091]	[   41]	              [in][info]=SBSftpCommon.TElSftpFileInfo
[2016-08-04 09:52:31.091]	[   41]	              [in][errorCode]=0
[2016-08-04 09:52:31.091]	[   41]	              [in][comment]=
[2016-08-04 09:52:31.091]	[   41]	              [out][errorCode]=0
[2016-08-04 09:52:31.091]	[   41]	              [out][comment]=
[2016-08-04 09:52:31.091]	[   41]	SFTPOperations.OnFindNext EXIT
[2016-08-04 09:52:31.091]	[   41]	=============================================================
[2016-08-04 09:52:31.091]	[   41]	=============================================================
[2016-08-04 09:52:31.091]	[   41]	SFTPOperations.OnFindNext ENTER 
[2016-08-04 09:52:31.091]	[   41]	              [in][sender]=SBSftpServer.TElSFTPServer
[2016-08-04 09:52:31.091]	[   41]	              [in][data]=
[2016-08-04 09:52:31.091]	[   41]	              [in][info]=SBSftpCommon.TElSftpFileInfo
[2016-08-04 09:52:31.091]	[   41]	              [in][errorCode]=0
[2016-08-04 09:52:31.091]	[   41]	              [in][comment]=
[2016-08-04 09:52:31.092]	[   41]	              [out][errorCode]=0
[2016-08-04 09:52:31.092]	[   41]	              [out][comment]=
[2016-08-04 09:52:31.092]	[   41]	SFTPOperations.OnFindNext EXIT
[2016-08-04 09:52:31.092]	[   41]	=============================================================
[2016-08-04 09:52:31.092]	[   41]	=============================================================
[2016-08-04 09:52:31.092]	[   41]	SFTPOperations.OnFindNext ENTER 
[2016-08-04 09:52:31.092]	[   41]	              [in][sender]=SBSftpServer.TElSFTPServer
[2016-08-04 09:52:31.092]	[   41]	              [in][data]=
[2016-08-04 09:52:31.092]	[   41]	              [in][info]=SBSftpCommon.TElSftpFileInfo
[2016-08-04 09:52:31.092]	[   41]	              [in][errorCode]=0
[2016-08-04 09:52:31.092]	[   41]	              [in][comment]=
[2016-08-04 09:52:31.092]	[   41]	              [out][errorCode]=0
[2016-08-04 09:52:31.092]	[   41]	              [out][comment]=
[2016-08-04 09:52:31.092]	[   41]	SFTPOperations.OnFindNext EXIT
[2016-08-04 09:52:31.092]	[   41]	=============================================================
[2016-08-04 09:52:31.092]	[   41]	=============================================================
[2016-08-04 09:52:31.092]	[   41]	SFTPOperations.OnFindClose ENTER 
[2016-08-04 09:52:31.092]	[   41]	              [in][sender]=SBSftpServer.TElSFTPServer
[2016-08-04 09:52:31.092]	[   41]	              [in][searchRec]=
[2016-08-04 09:52:31.092]	[   41]	              [in][errorCode]=1
[2016-08-04 09:52:31.092]	[   41]	              [in][comment]=
[2016-08-04 09:52:31.092]	[   41]	              [out][errorCode]=1
[2016-08-04 09:52:31.092]	[   41]	              [out][comment]=
[2016-08-04 09:52:31.092]	[   41]	SFTPOperations.OnFindClose EXIT
[2016-08-04 09:52:31.092]	[   41]	=============================================================
[2016-08-04 09:52:31.093]	[   41]	=============================================================
[2016-08-04 09:52:31.093]	[   41]	SFTPOperations.OnRequestAbsolutePath ENTER 
[2016-08-04 09:52:31.093]	[   41]	              [in][sender]=SBSftpServer.TElSFTPServer
[2016-08-04 09:52:31.093]	[   41]	              [in][path]=/DirA/DirASub1
[2016-08-04 09:52:31.093]	[   41]	              [in][absolutePath]=
[2016-08-04 09:52:31.093]	[   41]	              [in][control]=rcNoCheck
[2016-08-04 09:52:31.093]	[   41]	              [in][composePath]=SBStringList.TElStringList
[2016-08-04 09:52:31.093]	[   41]	              [in][errorCode]=0
[2016-08-04 09:52:31.093]	[   41]	              [in][comment]=
[2016-08-04 09:52:31.093]	[   41]	              [out][absolutePath]=
[2016-08-04 09:52:31.093]	[   41]	              [out][errorCode]=0
[2016-08-04 09:52:31.093]	[   41]	              [out][comment]=
[2016-08-04 09:52:31.093]	[   41]	SFTPOperations.OnRequestAbsolutePath EXIT
[2016-08-04 09:52:31.093]	[   41]	=============================================================
[2016-08-04 09:52:31.097]	[   41]	=============================================================
[2016-08-04 09:52:31.097]	[   41]	SFTPOperations.OnFindFirst ENTER 
[2016-08-04 09:52:31.097]	[   41]	              [in][sender]=SBSftpServer.TElSFTPServer
[2016-08-04 09:52:31.097]	[   41]	              [in][path]=/DirA/DirASub1/DirASub11
[2016-08-04 09:52:31.097]	[   41]	              [in][data]=
[2016-08-04 09:52:31.097]	[   41]	              [in][info]=SBSftpCommon.TElSftpFileInfo
[2016-08-04 09:52:31.097]	[   41]	              [in][errorCode]=0
[2016-08-04 09:52:31.097]	[   41]	              [in][comment]=
[2016-08-04 09:52:31.097]	[   41]	              [out][data]=
[2016-08-04 09:52:31.097]	[   41]	              [out][errorCode]=0
[2016-08-04 09:52:31.097]	[   41]	              [out][comment]=
[2016-08-04 09:52:31.097]	[   41]	SFTPOperations.OnFindFirst EXIT
[2016-08-04 09:52:31.097]	[   41]	=============================================================
[2016-08-04 09:52:31.098]	[   41]	=============================================================
[2016-08-04 09:52:31.098]	[   41]	SFTPOperations.OnFindNext ENTER 
[2016-08-04 09:52:31.098]	[   41]	              [in][sender]=SBSftpServer.TElSFTPServer
[2016-08-04 09:52:31.098]	[   41]	              [in][data]=
[2016-08-04 09:52:31.098]	[   41]	              [in][info]=SBSftpCommon.TElSftpFileInfo
[2016-08-04 09:52:31.098]	[   41]	              [in][errorCode]=0
[2016-08-04 09:52:31.098]	[   41]	              [in][comment]=
[2016-08-04 09:52:31.098]	[   41]	              [out][errorCode]=0
[2016-08-04 09:52:31.098]	[   41]	              [out][comment]=
[2016-08-04 09:52:31.098]	[   41]	SFTPOperations.OnFindNext EXIT
[2016-08-04 09:52:31.098]	[   41]	=============================================================
[2016-08-04 09:52:31.098]	[   41]	=============================================================
[2016-08-04 09:52:31.098]	[   41]	SFTPOperations.OnFindNext ENTER 
[2016-08-04 09:52:31.098]	[   41]	              [in][sender]=SBSftpServer.TElSFTPServer
[2016-08-04 09:52:31.098]	[   41]	              [in][data]=
[2016-08-04 09:52:31.098]	[   41]	              [in][info]=SBSftpCommon.TElSftpFileInfo
[2016-08-04 09:52:31.098]	[   41]	              [in][errorCode]=0
[2016-08-04 09:52:31.098]	[   41]	              [in][comment]=
[2016-08-04 09:52:31.098]	[   41]	              [out][errorCode]=0
[2016-08-04 09:52:31.098]	[   41]	              [out][comment]=
[2016-08-04 09:52:31.098]	[   41]	SFTPOperations.OnFindNext EXIT
[2016-08-04 09:52:31.098]	[   41]	=============================================================
[2016-08-04 09:52:31.098]	[   41]	=============================================================
[2016-08-04 09:52:31.098]	[   41]	SFTPOperations.OnFindNext ENTER 
[2016-08-04 09:52:31.098]	[   41]	              [in][sender]=SBSftpServer.TElSFTPServer
[2016-08-04 09:52:31.098]	[   41]	              [in][data]=
[2016-08-04 09:52:31.098]	[   41]	              [in][info]=SBSftpCommon.TElSftpFileInfo
[2016-08-04 09:52:31.098]	[   41]	              [in][errorCode]=0
[2016-08-04 09:52:31.098]	[   41]	              [in][comment]=
[2016-08-04 09:52:31.098]	[   41]	              [out][errorCode]=0
[2016-08-04 09:52:31.098]	[   41]	              [out][comment]=
[2016-08-04 09:52:31.098]	[   41]	SFTPOperations.OnFindNext EXIT
[2016-08-04 09:52:31.098]	[   41]	=============================================================
[2016-08-04 09:52:31.099]	[   41]	=============================================================
[2016-08-04 09:52:31.099]	[   41]	SFTPOperations.OnFindClose ENTER 
[2016-08-04 09:52:31.099]	[   41]	              [in][sender]=SBSftpServer.TElSFTPServer
[2016-08-04 09:52:31.099]	[   41]	              [in][searchRec]=
[2016-08-04 09:52:31.099]	[   41]	              [in][errorCode]=1
[2016-08-04 09:52:31.099]	[   41]	              [in][comment]=
[2016-08-04 09:52:31.099]	[   41]	              [out][errorCode]=1
[2016-08-04 09:52:31.099]	[   41]	              [out][comment]=
[2016-08-04 09:52:31.099]	[   41]	SFTPOperations.OnFindClose EXIT
[2016-08-04 09:52:31.099]	[   41]	=============================================================
[2016-08-04 09:52:31.099]	[   41]	=============================================================
[2016-08-04 09:52:31.100]	[   41]	SFTPOperations.OnRequestAbsolutePath ENTER 
[2016-08-04 09:52:31.100]	[   41]	              [in][sender]=SBSftpServer.TElSFTPServer
[2016-08-04 09:52:31.100]	[   41]	              [in][path]=/DirA/DirASub1/DirASub11
[2016-08-04 09:52:31.100]	[   41]	              [in][absolutePath]=
[2016-08-04 09:52:31.100]	[   41]	              [in][control]=rcNoCheck
[2016-08-04 09:52:31.100]	[   41]	              [in][composePath]=SBStringList.TElStringList
[2016-08-04 09:52:31.100]	[   41]	              [in][errorCode]=0
[2016-08-04 09:52:31.100]	[   41]	              [in][comment]=
[2016-08-04 09:52:31.100]	[   41]	              [out][absolutePath]=
[2016-08-04 09:52:31.100]	[   41]	              [out][errorCode]=0
[2016-08-04 09:52:31.100]	[   41]	              [out][comment]=
[2016-08-04 09:52:31.100]	[   41]	SFTPOperations.OnRequestAbsolutePath EXIT
[2016-08-04 09:52:31.100]	[   41]	=============================================================
[2016-08-04 09:52:31.100]	[   37]	Socket receive operation failed: An established connection was aborted by the software in your host machine
[2016-08-04 09:52:31.100]	[   37]	Closing the socket
[2016-08-04 09:52:31.100]	[   37]	ServerListener.OnSessionClosed()
[2016-08-04 09:52:31.150]	[   34]	ServerListener.Listen : New connection available
[2016-08-04 09:52:31.150]	[   34]	Connection accepted. Active connections 1 from 20
[2016-08-04 09:52:31.239]	[   28]	Subsystem sftp opened
[2016-08-04 09:52:31.240]	[   28]	SFTP server started
[2016-08-04 09:52:31.240]	[   26]	=============================================================
[2016-08-04 09:52:31.240]	[   26]	SFTPOperations.OnOpen ENTER (2)
[2016-08-04 09:52:31.241]	[   26]	              [in][sender]=SBSftpServer.TElSFTPServer
[2016-08-04 09:52:31.241]	[   26]	SFTP connection established
[2016-08-04 09:52:31.241]	[   26]	SFTPOperations.OnOpen EXIT
[2016-08-04 09:52:31.241]	[   26]	=============================================================
[2016-08-04 09:52:31.241]	[   26]	=============================================================
[2016-08-04 09:52:31.241]	[   26]	SFTPOperations.OnRequestAbsolutePath ENTER 
[2016-08-04 09:52:31.241]	[   26]	              [in][sender]=SBSftpServer.TElSFTPServer
[2016-08-04 09:52:31.241]	[   26]	              [in][path]=.
[2016-08-04 09:52:31.241]	[   26]	              [in][absolutePath]=
[2016-08-04 09:52:31.241]	[   26]	              [in][control]=rcNoCheck
[2016-08-04 09:52:31.241]	[   26]	              [in][composePath]=SBStringList.TElStringList
[2016-08-04 09:52:31.241]	[   26]	              [in][errorCode]=0
[2016-08-04 09:52:31.241]	[   26]	              [in][comment]=
[2016-08-04 09:52:31.241]	[   26]	              [out][absolutePath]=
[2016-08-04 09:52:31.241]	[   26]	              [out][errorCode]=0
[2016-08-04 09:52:31.241]	[   26]	              [out][comment]=
[2016-08-04 09:52:31.241]	[   26]	SFTPOperations.OnRequestAbsolutePath EXIT
[2016-08-04 09:52:31.241]	[   26]	=============================================================
[2016-08-04 09:52:31.241]	[   26]	=============================================================
[2016-08-04 09:52:31.241]	[   26]	SFTPOperations.OnFindFirst ENTER 
[2016-08-04 09:52:31.241]	[   26]	              [in][sender]=SBSftpServer.TElSFTPServer
[2016-08-04 09:52:31.241]	[   26]	              [in][path]=\\TestSession_30e94513-b0d8-4769-a2aa-e41fb8aa1e7a/
[2016-08-04 09:52:31.241]	[   26]	              [in][data]=
[2016-08-04 09:52:31.241]	[   26]	              [in][info]=SBSftpCommon.TElSftpFileInfo
[2016-08-04 09:52:31.241]	[   26]	              [in][errorCode]=0
[2016-08-04 09:52:31.241]	[   26]	              [in][comment]=
[2016-08-04 09:52:31.242]	[   26]	              [out][data]=
[2016-08-04 09:52:31.242]	[   26]	              [out][errorCode]=0
[2016-08-04 09:52:31.242]	[   26]	              [out][comment]=
[2016-08-04 09:52:31.242]	[   26]	SFTPOperations.OnFindFirst EXIT
[2016-08-04 09:52:31.242]	[   26]	=============================================================
[2016-08-04 09:52:31.242]	[   26]	=============================================================
[2016-08-04 09:52:31.242]	[   26]	SFTPOperations.OnFindNext ENTER 
[2016-08-04 09:52:31.242]	[   26]	              [in][sender]=SBSftpServer.TElSFTPServer
[2016-08-04 09:52:31.242]	[   26]	              [in][data]=
[2016-08-04 09:52:31.242]	[   26]	              [in][info]=SBSftpCommon.TElSftpFileInfo
[2016-08-04 09:52:31.242]	[   26]	              [in][errorCode]=0
[2016-08-04 09:52:31.242]	[   26]	              [in][comment]=
[2016-08-04 09:52:31.242]	[   26]	              [out][errorCode]=0
[2016-08-04 09:52:31.242]	[   26]	              [out][comment]=
[2016-08-04 09:52:31.242]	[   26]	SFTPOperations.OnFindNext EXIT
[2016-08-04 09:52:31.242]	[   26]	=============================================================
[2016-08-04 09:52:31.242]	[   26]	=============================================================
[2016-08-04 09:52:31.242]	[   26]	SFTPOperations.OnFindNext ENTER 
[2016-08-04 09:52:31.242]	[   26]	              [in][sender]=SBSftpServer.TElSFTPServer
[2016-08-04 09:52:31.242]	[   26]	              [in][data]=
[2016-08-04 09:52:31.242]	[   26]	              [in][info]=SBSftpCommon.TElSftpFileInfo
[2016-08-04 09:52:31.242]	[   26]	              [in][errorCode]=0
[2016-08-04 09:52:31.242]	[   26]	              [in][comment]=
[2016-08-04 09:52:31.242]	[   26]	              [out][errorCode]=0
[2016-08-04 09:52:31.242]	[   26]	              [out][comment]=
[2016-08-04 09:52:31.242]	[   26]	SFTPOperations.OnFindNext EXIT
[2016-08-04 09:52:31.242]	[   26]	=============================================================
[2016-08-04 09:52:31.243]	[   26]	=============================================================
[2016-08-04 09:52:31.243]	[   26]	SFTPOperations.OnFindClose ENTER 
[2016-08-04 09:52:31.243]	[   26]	              [in][sender]=SBSftpServer.TElSFTPServer
[2016-08-04 09:52:31.243]	[   26]	              [in][searchRec]=
[2016-08-04 09:52:31.243]	[   26]	              [in][errorCode]=1
[2016-08-04 09:52:31.243]	[   26]	              [in][comment]=
[2016-08-04 09:52:31.243]	[   26]	              [out][errorCode]=1
[2016-08-04 09:52:31.243]	[   26]	              [out][comment]=
[2016-08-04 09:52:31.243]	[   26]	SFTPOperations.OnFindClose EXIT
[2016-08-04 09:52:31.243]	[   26]	=============================================================
[2016-08-04 09:52:31.243]	[   26]	=============================================================
[2016-08-04 09:52:31.243]	[   26]	SFTPOperations.OnFindFirst ENTER 
[2016-08-04 09:52:31.243]	[   26]	              [in][sender]=SBSftpServer.TElSFTPServer
[2016-08-04 09:52:31.243]	[   26]	              [in][path]=\\TestSession_30e94513-b0d8-4769-a2aa-e41fb8aa1e7a/
[2016-08-04 09:52:31.243]	[   26]	              [in][data]=
[2016-08-04 09:52:31.243]	[   26]	              [in][info]=SBSftpCommon.TElSftpFileInfo
[2016-08-04 09:52:31.243]	[   26]	              [in][errorCode]=0
[2016-08-04 09:52:31.243]	[   26]	              [in][comment]=
[2016-08-04 09:52:31.244]	[   26]	              [out][data]=
[2016-08-04 09:52:31.244]	[   26]	              [out][errorCode]=0
[2016-08-04 09:52:31.244]	[   26]	              [out][comment]=
[2016-08-04 09:52:31.244]	[   26]	SFTPOperations.OnFindFirst EXIT
[2016-08-04 09:52:31.244]	[   26]	=============================================================
[2016-08-04 09:52:31.244]	[   26]	=============================================================
[2016-08-04 09:52:31.244]	[   26]	SFTPOperations.OnFindNext ENTER 
[2016-08-04 09:52:31.244]	[   26]	              [in][sender]=SBSftpServer.TElSFTPServer
[2016-08-04 09:52:31.244]	[   26]	              [in][data]=
[2016-08-04 09:52:31.244]	[   26]	              [in][info]=SBSftpCommon.TElSftpFileInfo
[2016-08-04 09:52:31.244]	[   26]	              [in][errorCode]=0
[2016-08-04 09:52:31.244]	[   26]	              [in][comment]=
[2016-08-04 09:52:31.244]	[   26]	              [out][errorCode]=0
[2016-08-04 09:52:31.244]	[   26]	              [out][comment]=
[2016-08-04 09:52:31.244]	[   26]	SFTPOperations.OnFindNext EXIT
[2016-08-04 09:52:31.244]	[   26]	=============================================================
[2016-08-04 09:52:31.244]	[   26]	=============================================================
[2016-08-04 09:52:31.244]	[   26]	SFTPOperations.OnFindNext ENTER 
[2016-08-04 09:52:31.244]	[   26]	              [in][sender]=SBSftpServer.TElSFTPServer
[2016-08-04 09:52:31.244]	[   26]	              [in][data]=
[2016-08-04 09:52:31.244]	[   26]	              [in][info]=SBSftpCommon.TElSftpFileInfo
[2016-08-04 09:52:31.244]	[   26]	              [in][errorCode]=0
[2016-08-04 09:52:31.244]	[   26]	              [in][comment]=
[2016-08-04 09:52:31.244]	[   26]	              [out][errorCode]=0
[2016-08-04 09:52:31.244]	[   26]	              [out][comment]=
[2016-08-04 09:52:31.244]	[   26]	SFTPOperations.OnFindNext EXIT
[2016-08-04 09:52:31.244]	[   26]	=============================================================
[2016-08-04 09:52:31.245]	[   26]	=============================================================
[2016-08-04 09:52:31.245]	[   26]	SFTPOperations.OnFindClose ENTER 
[2016-08-04 09:52:31.245]	[   26]	              [in][sender]=SBSftpServer.TElSFTPServer
[2016-08-04 09:52:31.245]	[   26]	              [in][searchRec]=
[2016-08-04 09:52:31.245]	[   26]	              [in][errorCode]=1
[2016-08-04 09:52:31.245]	[   26]	              [in][comment]=
[2016-08-04 09:52:31.245]	[   26]	              [out][errorCode]=1
[2016-08-04 09:52:31.245]	[   26]	              [out][comment]=
[2016-08-04 09:52:31.245]	[   26]	SFTPOperations.OnFindClose EXIT
[2016-08-04 09:52:31.245]	[   26]	=============================================================
[2016-08-04 09:52:31.245]	[   26]	=============================================================
[2016-08-04 09:52:31.245]	[   26]	SFTPOperations.OnRemove ENTER 
[2016-08-04 09:52:31.245]	[   26]	              [in][sender]=SBSftpServer.TElSFTPServer
[2016-08-04 09:52:31.245]	[   26]	              [in][path]=\\TestSession_30e94513-b0d8-4769-a2aa-e41fb8aa1e7a/
[2016-08-04 09:52:31.245]	[   26]	              [in][errorCode]=0
[2016-08-04 09:52:31.245]	[   26]	              [in][comment]=
[2016-08-04 09:52:31.246]	[   26]	              [out][errorCode]=0
[2016-08-04 09:52:31.246]	[   26]	              [out][comment]=
[2016-08-04 09:52:31.246]	[   26]	SFTPOperations.OnRemove EXIT
[2016-08-04 09:52:31.246]	[   26]	=============================================================
[2016-08-04 09:52:31.246]	[   14]	Stopping socket listener
[2016-08-04 09:52:31.246]	[   14]	Socket listener stopped
[2016-08-04 09:52:31.246]	[   28]	Socket receive operation failed: An established connection was aborted by the software in your host machine
[2016-08-04 09:52:31.246]	[   28]	Closing the socket
[2016-08-04 09:52:31.246]	[   28]	ServerListener.OnSessionClosed()</StdOut>
      </Output>
    </UnitTestResult>
    <UnitTestResult executionId="3e663ed1-c7ff-45a1-b71a-e434e605d2db" testId="c2cd43c3-6887-ea98-7a55-7e14ca2be67a" testName="SetCWD_NotExistingDirectory_ThrowsFtpException" computerName="ICSWS068" duration="00:00:00.3754888" startTime="2016-08-04T09:52:31.2597189+02:00" endTime="2016-08-04T09:52:31.6369239+02:00" testType="13cdc9d9-ddb5-4fa4-a97d-d965ccfc6d4b" outcome="Passed" testListId="8c84fa94-04c1-424b-9868-57a2d4851a1d" relativeResultsDirectory="3e663ed1-c7ff-45a1-b71a-e434e605d2db">
      <Output>
        <StdOut>Debug Trace:
[2016-08-04 09:52:31.264]	[   33]	Starting SSH server listener...
[2016-08-04 09:52:31.264]	[   33]	SSH server listener started.
[2016-08-04 09:52:31.315]	[   23]	ServerListener.Listen : New connection available
[2016-08-04 09:52:31.315]	[   23]	Connection accepted. Active connections 1 from 20
[2016-08-04 09:52:31.407]	[   27]	Subsystem sftp opened
[2016-08-04 09:52:31.407]	[   27]	SFTP server started
[2016-08-04 09:52:31.408]	[   24]	=============================================================
[2016-08-04 09:52:31.408]	[   24]	SFTPOperations.OnOpen ENTER (3)
[2016-08-04 09:52:31.408]	[   24]	              [in][sender]=SBSftpServer.TElSFTPServer
[2016-08-04 09:52:31.408]	[   24]	SFTP connection established
[2016-08-04 09:52:31.408]	[   24]	SFTPOperations.OnOpen EXIT
[2016-08-04 09:52:31.408]	[   24]	=============================================================
[2016-08-04 09:52:31.408]	[   24]	=============================================================
[2016-08-04 09:52:31.408]	[   24]	SFTPOperations.OnRequestAbsolutePath ENTER 
[2016-08-04 09:52:31.408]	[   24]	              [in][sender]=SBSftpServer.TElSFTPServer
[2016-08-04 09:52:31.408]	[   24]	              [in][path]=.
[2016-08-04 09:52:31.408]	[   24]	              [in][absolutePath]=
[2016-08-04 09:52:31.408]	[   24]	              [in][control]=rcNoCheck
[2016-08-04 09:52:31.408]	[   24]	              [in][composePath]=SBStringList.TElStringList
[2016-08-04 09:52:31.408]	[   24]	              [in][errorCode]=0
[2016-08-04 09:52:31.408]	[   24]	              [in][comment]=
[2016-08-04 09:52:31.408]	[   24]	              [out][absolutePath]=
[2016-08-04 09:52:31.408]	[   24]	              [out][errorCode]=0
[2016-08-04 09:52:31.408]	[   24]	              [out][comment]=
[2016-08-04 09:52:31.408]	[   24]	SFTPOperations.OnRequestAbsolutePath EXIT
[2016-08-04 09:52:31.408]	[   24]	=============================================================
[2016-08-04 09:52:31.408]	[   24]	=============================================================
[2016-08-04 09:52:31.408]	[   24]	SFTPOperations.OnCreateDirectory ENTER 
[2016-08-04 09:52:31.408]	[   24]	              [in][sender]=SBSftpServer.TElSFTPServer
[2016-08-04 09:52:31.408]	[   24]	              [in][path]=\\TestSession_1d8b4afd-3d48-4dc7-8a28-f495a03cdc5b
[2016-08-04 09:52:31.409]	[   24]	              [in][attributes]=
[2016-08-04 09:52:31.409]	[   24]	              [in][errorCode]=0
[2016-08-04 09:52:31.409]	[   24]	              [in][comment]=
[2016-08-04 09:52:31.409]	[   24]	              [out][errorCode]=0
[2016-08-04 09:52:31.409]	[   24]	              [out][comment]=
[2016-08-04 09:52:31.409]	[   24]	SFTPOperations.OnCreateDirectory EXIT
[2016-08-04 09:52:31.409]	[   24]	=============================================================
[2016-08-04 09:52:31.409]	[   27]	Socket receive operation failed: An established connection was aborted by the software in your host machine
[2016-08-04 09:52:31.409]	[   27]	Closing the socket
[2016-08-04 09:52:31.409]	[   27]	ServerListener.OnSessionClosed()
[2016-08-04 09:52:31.416]	[   23]	ServerListener.Listen : New connection available
[2016-08-04 09:52:31.417]	[   23]	Connection accepted. Active connections 1 from 20
[2016-08-04 09:52:31.507]	[   22]	Subsystem sftp opened
[2016-08-04 09:52:31.507]	[   22]	SFTP server started
[2016-08-04 09:52:31.507]	[   29]	=============================================================
[2016-08-04 09:52:31.507]	[   29]	SFTPOperations.OnOpen ENTER (1)
[2016-08-04 09:52:31.507]	[   29]	              [in][sender]=SBSftpServer.TElSFTPServer
[2016-08-04 09:52:31.508]	[   29]	SFTP connection established
[2016-08-04 09:52:31.508]	[   29]	SFTPOperations.OnOpen EXIT
[2016-08-04 09:52:31.508]	[   29]	=============================================================
[2016-08-04 09:52:31.508]	[   29]	=============================================================
[2016-08-04 09:52:31.508]	[   29]	SFTPOperations.OnRequestAbsolutePath ENTER 
[2016-08-04 09:52:31.508]	[   29]	              [in][sender]=SBSftpServer.TElSFTPServer
[2016-08-04 09:52:31.508]	[   29]	              [in][path]=.
[2016-08-04 09:52:31.508]	[   29]	              [in][absolutePath]=
[2016-08-04 09:52:31.508]	[   29]	              [in][control]=rcNoCheck
[2016-08-04 09:52:31.508]	[   29]	              [in][composePath]=SBStringList.TElStringList
[2016-08-04 09:52:31.508]	[   29]	              [in][errorCode]=0
[2016-08-04 09:52:31.508]	[   29]	              [in][comment]=
[2016-08-04 09:52:31.508]	[   29]	              [out][absolutePath]=
[2016-08-04 09:52:31.508]	[   29]	              [out][errorCode]=0
[2016-08-04 09:52:31.508]	[   29]	              [out][comment]=
[2016-08-04 09:52:31.508]	[   29]	SFTPOperations.OnRequestAbsolutePath EXIT
[2016-08-04 09:52:31.508]	[   29]	=============================================================
[2016-08-04 09:52:31.508]	[   29]	=============================================================
[2016-08-04 09:52:31.508]	[   29]	SFTPOperations.OnFindFirst ENTER 
[2016-08-04 09:52:31.509]	[   29]	              [in][sender]=SBSftpServer.TElSFTPServer
[2016-08-04 09:52:31.509]	[   29]	              [in][path]=/59e81d69-d419-4b11-b421-5814ee1567d4
[2016-08-04 09:52:31.509]	[   29]	              [in][data]=
[2016-08-04 09:52:31.509]	[   29]	              [in][info]=SBSftpCommon.TElSftpFileInfo
[2016-08-04 09:52:31.509]	[   29]	              [in][errorCode]=0
[2016-08-04 09:52:31.509]	[   29]	              [in][comment]=
[2016-08-04 09:52:31.509]	[   29]	              [out][data]=
[2016-08-04 09:52:31.509]	[   29]	              [out][errorCode]=0
[2016-08-04 09:52:31.509]	[   29]	              [out][comment]=
[2016-08-04 09:52:31.509]	[   29]	SFTPOperations.OnFindFirst EXIT
[2016-08-04 09:52:31.509]	[   29]	=============================================================
[2016-08-04 09:52:31.510]	[   22]	Socket receive operation failed: An established connection was aborted by the software in your host machine
[2016-08-04 09:52:31.510]	[   22]	Closing the socket
[2016-08-04 09:52:31.510]	[   22]	ServerListener.OnSessionClosed()
[2016-08-04 09:52:31.518]	[   23]	ServerListener.Listen : New connection available
[2016-08-04 09:52:31.518]	[   23]	Connection accepted. Active connections 1 from 20
[2016-08-04 09:52:31.619]	[   30]	Subsystem sftp opened
[2016-08-04 09:52:31.620]	[   30]	SFTP server started
[2016-08-04 09:52:31.620]	[   31]	=============================================================
[2016-08-04 09:52:31.620]	[   31]	SFTPOperations.OnOpen ENTER (2)
[2016-08-04 09:52:31.620]	[   31]	              [in][sender]=SBSftpServer.TElSFTPServer
[2016-08-04 09:52:31.620]	[   31]	SFTP connection established
[2016-08-04 09:52:31.620]	[   31]	SFTPOperations.OnOpen EXIT
[2016-08-04 09:52:31.620]	[   31]	=============================================================
[2016-08-04 09:52:31.620]	[   31]	=============================================================
[2016-08-04 09:52:31.620]	[   31]	SFTPOperations.OnRequestAbsolutePath ENTER 
[2016-08-04 09:52:31.620]	[   31]	              [in][sender]=SBSftpServer.TElSFTPServer
[2016-08-04 09:52:31.620]	[   31]	              [in][path]=.
[2016-08-04 09:52:31.620]	[   31]	              [in][absolutePath]=
[2016-08-04 09:52:31.620]	[   31]	              [in][control]=rcNoCheck
[2016-08-04 09:52:31.620]	[   31]	              [in][composePath]=SBStringList.TElStringList
[2016-08-04 09:52:31.621]	[   31]	              [in][errorCode]=0
[2016-08-04 09:52:31.621]	[   31]	              [in][comment]=
[2016-08-04 09:52:31.621]	[   31]	              [out][absolutePath]=
[2016-08-04 09:52:31.621]	[   31]	              [out][errorCode]=0
[2016-08-04 09:52:31.621]	[   31]	              [out][comment]=
[2016-08-04 09:52:31.621]	[   31]	SFTPOperations.OnRequestAbsolutePath EXIT
[2016-08-04 09:52:31.621]	[   31]	=============================================================
[2016-08-04 09:52:31.621]	[   31]	=============================================================
[2016-08-04 09:52:31.621]	[   31]	SFTPOperations.OnFindFirst ENTER 
[2016-08-04 09:52:31.621]	[   31]	              [in][sender]=SBSftpServer.TElSFTPServer
[2016-08-04 09:52:31.621]	[   31]	              [in][path]=\\TestSession_1d8b4afd-3d48-4dc7-8a28-f495a03cdc5b/
[2016-08-04 09:52:31.621]	[   31]	              [in][data]=
[2016-08-04 09:52:31.621]	[   31]	              [in][info]=SBSftpCommon.TElSftpFileInfo
[2016-08-04 09:52:31.621]	[   31]	              [in][errorCode]=0
[2016-08-04 09:52:31.621]	[   31]	              [in][comment]=
[2016-08-04 09:52:31.621]	[   31]	              [out][data]=
[2016-08-04 09:52:31.621]	[   31]	              [out][errorCode]=0
[2016-08-04 09:52:31.621]	[   31]	              [out][comment]=
[2016-08-04 09:52:31.621]	[   31]	SFTPOperations.OnFindFirst EXIT
[2016-08-04 09:52:31.621]	[   31]	=============================================================
[2016-08-04 09:52:31.622]	[   31]	=============================================================
[2016-08-04 09:52:31.622]	[   31]	SFTPOperations.OnFindNext ENTER 
[2016-08-04 09:52:31.622]	[   31]	              [in][sender]=SBSftpServer.TElSFTPServer
[2016-08-04 09:52:31.622]	[   31]	              [in][data]=
[2016-08-04 09:52:31.622]	[   31]	              [in][info]=SBSftpCommon.TElSftpFileInfo
[2016-08-04 09:52:31.622]	[   31]	              [in][errorCode]=0
[2016-08-04 09:52:31.622]	[   31]	              [in][comment]=
[2016-08-04 09:52:31.622]	[   31]	              [out][errorCode]=0
[2016-08-04 09:52:31.622]	[   31]	              [out][comment]=
[2016-08-04 09:52:31.622]	[   31]	SFTPOperations.OnFindNext EXIT
[2016-08-04 09:52:31.622]	[   31]	=============================================================
[2016-08-04 09:52:31.622]	[   31]	=============================================================
[2016-08-04 09:52:31.622]	[   31]	SFTPOperations.OnFindNext ENTER 
[2016-08-04 09:52:31.622]	[   31]	              [in][sender]=SBSftpServer.TElSFTPServer
[2016-08-04 09:52:31.622]	[   31]	              [in][data]=
[2016-08-04 09:52:31.622]	[   31]	              [in][info]=SBSftpCommon.TElSftpFileInfo
[2016-08-04 09:52:31.622]	[   31]	              [in][errorCode]=0
[2016-08-04 09:52:31.622]	[   31]	              [in][comment]=
[2016-08-04 09:52:31.622]	[   31]	              [out][errorCode]=0
[2016-08-04 09:52:31.622]	[   31]	              [out][comment]=
[2016-08-04 09:52:31.622]	[   31]	SFTPOperations.OnFindNext EXIT
[2016-08-04 09:52:31.622]	[   31]	=============================================================
[2016-08-04 09:52:31.623]	[   31]	=============================================================
[2016-08-04 09:52:31.623]	[   31]	SFTPOperations.OnFindClose ENTER 
[2016-08-04 09:52:31.623]	[   31]	              [in][sender]=SBSftpServer.TElSFTPServer
[2016-08-04 09:52:31.623]	[   31]	              [in][searchRec]=
[2016-08-04 09:52:31.623]	[   31]	              [in][errorCode]=1
[2016-08-04 09:52:31.623]	[   31]	              [in][comment]=
[2016-08-04 09:52:31.623]	[   31]	              [out][errorCode]=1
[2016-08-04 09:52:31.623]	[   31]	              [out][comment]=
[2016-08-04 09:52:31.623]	[   31]	SFTPOperations.OnFindClose EXIT
[2016-08-04 09:52:31.623]	[   31]	=============================================================
[2016-08-04 09:52:31.623]	[   31]	=============================================================
[2016-08-04 09:52:31.623]	[   31]	SFTPOperations.OnFindFirst ENTER 
[2016-08-04 09:52:31.623]	[   31]	              [in][sender]=SBSftpServer.TElSFTPServer
[2016-08-04 09:52:31.623]	[   31]	              [in][path]=\\TestSession_1d8b4afd-3d48-4dc7-8a28-f495a03cdc5b/
[2016-08-04 09:52:31.623]	[   31]	              [in][data]=
[2016-08-04 09:52:31.623]	[   31]	              [in][info]=SBSftpCommon.TElSftpFileInfo
[2016-08-04 09:52:31.623]	[   31]	              [in][errorCode]=0
[2016-08-04 09:52:31.623]	[   31]	              [in][comment]=
[2016-08-04 09:52:31.624]	[   31]	              [out][data]=
[2016-08-04 09:52:31.624]	[   31]	              [out][errorCode]=0
[2016-08-04 09:52:31.624]	[   31]	              [out][comment]=
[2016-08-04 09:52:31.624]	[   31]	SFTPOperations.OnFindFirst EXIT
[2016-08-04 09:52:31.624]	[   31]	=============================================================
[2016-08-04 09:52:31.624]	[   31]	=============================================================
[2016-08-04 09:52:31.624]	[   31]	SFTPOperations.OnFindNext ENTER 
[2016-08-04 09:52:31.624]	[   31]	              [in][sender]=SBSftpServer.TElSFTPServer
[2016-08-04 09:52:31.624]	[   31]	              [in][data]=
[2016-08-04 09:52:31.624]	[   31]	              [in][info]=SBSftpCommon.TElSftpFileInfo
[2016-08-04 09:52:31.624]	[   31]	              [in][errorCode]=0
[2016-08-04 09:52:31.624]	[   31]	              [in][comment]=
[2016-08-04 09:52:31.624]	[   31]	              [out][errorCode]=0
[2016-08-04 09:52:31.624]	[   31]	              [out][comment]=
[2016-08-04 09:52:31.624]	[   31]	SFTPOperations.OnFindNext EXIT
[2016-08-04 09:52:31.624]	[   31]	=============================================================
[2016-08-04 09:52:31.624]	[   31]	=============================================================
[2016-08-04 09:52:31.624]	[   31]	SFTPOperations.OnFindNext ENTER 
[2016-08-04 09:52:31.624]	[   31]	              [in][sender]=SBSftpServer.TElSFTPServer
[2016-08-04 09:52:31.624]	[   31]	              [in][data]=
[2016-08-04 09:52:31.624]	[   31]	              [in][info]=SBSftpCommon.TElSftpFileInfo
[2016-08-04 09:52:31.624]	[   31]	              [in][errorCode]=0
[2016-08-04 09:52:31.624]	[   31]	              [in][comment]=
[2016-08-04 09:52:31.624]	[   31]	              [out][errorCode]=0
[2016-08-04 09:52:31.624]	[   31]	              [out][comment]=
[2016-08-04 09:52:31.624]	[   31]	SFTPOperations.OnFindNext EXIT
[2016-08-04 09:52:31.624]	[   31]	=============================================================
[2016-08-04 09:52:31.625]	[   31]	=============================================================
[2016-08-04 09:52:31.625]	[   31]	SFTPOperations.OnFindClose ENTER 
[2016-08-04 09:52:31.625]	[   31]	              [in][sender]=SBSftpServer.TElSFTPServer
[2016-08-04 09:52:31.625]	[   31]	              [in][searchRec]=
[2016-08-04 09:52:31.625]	[   31]	              [in][errorCode]=1
[2016-08-04 09:52:31.625]	[   31]	              [in][comment]=
[2016-08-04 09:52:31.625]	[   31]	              [out][errorCode]=1
[2016-08-04 09:52:31.625]	[   31]	              [out][comment]=
[2016-08-04 09:52:31.625]	[   31]	SFTPOperations.OnFindClose EXIT
[2016-08-04 09:52:31.625]	[   31]	=============================================================
[2016-08-04 09:52:31.625]	[   31]	=============================================================
[2016-08-04 09:52:31.625]	[   31]	SFTPOperations.OnRemove ENTER 
[2016-08-04 09:52:31.625]	[   31]	              [in][sender]=SBSftpServer.TElSFTPServer
[2016-08-04 09:52:31.625]	[   31]	              [in][path]=\\TestSession_1d8b4afd-3d48-4dc7-8a28-f495a03cdc5b/
[2016-08-04 09:52:31.626]	[   31]	              [in][errorCode]=0
[2016-08-04 09:52:31.626]	[   31]	              [in][comment]=
[2016-08-04 09:52:31.626]	[   31]	              [out][errorCode]=0
[2016-08-04 09:52:31.626]	[   31]	              [out][comment]=
[2016-08-04 09:52:31.626]	[   31]	SFTPOperations.OnRemove EXIT
[2016-08-04 09:52:31.626]	[   31]	=============================================================
[2016-08-04 09:52:31.626]	[   33]	Stopping socket listener
[2016-08-04 09:52:31.626]	[   33]	Socket listener stopped
[2016-08-04 09:52:31.626]	[   30]	Socket receive operation failed: An established connection was aborted by the software in your host machine
[2016-08-04 09:52:31.626]	[   30]	Closing the socket
[2016-08-04 09:52:31.626]	[   30]	ServerListener.OnSessionClosed()</StdOut>
      </Output>
    </UnitTestResult>
    <UnitTestResult executionId="17ba113d-10dc-42bc-af09-126169961b7b" testId="1ae44a00-3c23-2836-8b93-328cc8ba45bf" testName="Clone_ConfigCloned_Test" computerName="ICSWS068" duration="00:00:00.5120903" startTime="2016-08-04T09:52:31.6409271+02:00" endTime="2016-08-04T09:52:32.1547972+02:00" testType="13cdc9d9-ddb5-4fa4-a97d-d965ccfc6d4b" outcome="Passed" testListId="8c84fa94-04c1-424b-9868-57a2d4851a1d" relativeResultsDirectory="17ba113d-10dc-42bc-af09-126169961b7b">
      <Output>
        <StdOut>Debug Trace:
[2016-08-04 09:52:31.645]	[   39]	Starting SSH server listener...
[2016-08-04 09:52:31.646]	[   39]	SSH server listener started.
[2016-08-04 09:52:31.696]	[   42]	ServerListener.Listen : New connection available
[2016-08-04 09:52:31.698]	[   42]	Connection accepted. Active connections 1 from 20
[2016-08-04 09:52:31.807]	[   32]	Subsystem sftp opened
[2016-08-04 09:52:31.807]	[   32]	SFTP server started
[2016-08-04 09:52:31.808]	[   19]	=============================================================
[2016-08-04 09:52:31.808]	[   19]	SFTPOperations.OnOpen ENTER (3)
[2016-08-04 09:52:31.808]	[   19]	              [in][sender]=SBSftpServer.TElSFTPServer
[2016-08-04 09:52:31.808]	[   19]	SFTP connection established
[2016-08-04 09:52:31.808]	[   19]	SFTPOperations.OnOpen EXIT
[2016-08-04 09:52:31.808]	[   19]	=============================================================
[2016-08-04 09:52:31.808]	[   19]	=============================================================
[2016-08-04 09:52:31.808]	[   19]	SFTPOperations.OnRequestAbsolutePath ENTER 
[2016-08-04 09:52:31.808]	[   19]	              [in][sender]=SBSftpServer.TElSFTPServer
[2016-08-04 09:52:31.808]	[   19]	              [in][path]=.
[2016-08-04 09:52:31.808]	[   19]	              [in][absolutePath]=
[2016-08-04 09:52:31.808]	[   19]	              [in][control]=rcNoCheck
[2016-08-04 09:52:31.808]	[   19]	              [in][composePath]=SBStringList.TElStringList
[2016-08-04 09:52:31.808]	[   19]	              [in][errorCode]=0
[2016-08-04 09:52:31.808]	[   19]	              [in][comment]=
[2016-08-04 09:52:31.808]	[   19]	              [out][absolutePath]=
[2016-08-04 09:52:31.808]	[   19]	              [out][errorCode]=0
[2016-08-04 09:52:31.808]	[   19]	              [out][comment]=
[2016-08-04 09:52:31.808]	[   19]	SFTPOperations.OnRequestAbsolutePath EXIT
[2016-08-04 09:52:31.808]	[   19]	=============================================================
[2016-08-04 09:52:31.808]	[   19]	=============================================================
[2016-08-04 09:52:31.808]	[   19]	SFTPOperations.OnCreateDirectory ENTER 
[2016-08-04 09:52:31.808]	[   19]	              [in][sender]=SBSftpServer.TElSFTPServer
[2016-08-04 09:52:31.808]	[   19]	              [in][path]=\\TestSession_cf5cb912-2e36-4d9d-8fa9-ca3663ef8a0b
[2016-08-04 09:52:31.808]	[   19]	              [in][attributes]=
[2016-08-04 09:52:31.808]	[   19]	              [in][errorCode]=0
[2016-08-04 09:52:31.808]	[   19]	              [in][comment]=
[2016-08-04 09:52:31.809]	[   19]	              [out][errorCode]=0
[2016-08-04 09:52:31.809]	[   19]	              [out][comment]=
[2016-08-04 09:52:31.809]	[   19]	SFTPOperations.OnCreateDirectory EXIT
[2016-08-04 09:52:31.809]	[   19]	=============================================================
[2016-08-04 09:52:31.809]	[   32]	Socket receive operation failed: An established connection was aborted by the software in your host machine
[2016-08-04 09:52:31.810]	[   32]	Closing the socket
[2016-08-04 09:52:31.810]	[   32]	ServerListener.OnSessionClosed()
[2016-08-04 09:52:31.849]	[   42]	ServerListener.Listen : New connection available
[2016-08-04 09:52:31.849]	[   42]	Connection accepted. Active connections 1 from 20
[2016-08-04 09:52:31.980]	[   36]	Subsystem sftp opened
[2016-08-04 09:52:31.981]	[   36]	SFTP server started
[2016-08-04 09:52:31.981]	[   13]	=============================================================
[2016-08-04 09:52:31.981]	[   13]	SFTPOperations.OnOpen ENTER (1)
[2016-08-04 09:52:31.981]	[   13]	              [in][sender]=SBSftpServer.TElSFTPServer
[2016-08-04 09:52:31.981]	[   13]	SFTP connection established
[2016-08-04 09:52:31.981]	[   13]	SFTPOperations.OnOpen EXIT
[2016-08-04 09:52:31.981]	[   13]	=============================================================
[2016-08-04 09:52:31.982]	[   13]	=============================================================
[2016-08-04 09:52:31.982]	[   13]	SFTPOperations.OnRequestAbsolutePath ENTER 
[2016-08-04 09:52:31.982]	[   13]	              [in][sender]=SBSftpServer.TElSFTPServer
[2016-08-04 09:52:31.982]	[   13]	              [in][path]=.
[2016-08-04 09:52:31.982]	[   13]	              [in][absolutePath]=
[2016-08-04 09:52:31.982]	[   13]	              [in][control]=rcNoCheck
[2016-08-04 09:52:31.982]	[   13]	              [in][composePath]=SBStringList.TElStringList
[2016-08-04 09:52:31.982]	[   13]	              [in][errorCode]=0
[2016-08-04 09:52:31.982]	[   13]	              [in][comment]=
[2016-08-04 09:52:31.982]	[   13]	              [out][absolutePath]=
[2016-08-04 09:52:31.982]	[   13]	              [out][errorCode]=0
[2016-08-04 09:52:31.982]	[   13]	              [out][comment]=
[2016-08-04 09:52:31.982]	[   13]	SFTPOperations.OnRequestAbsolutePath EXIT
[2016-08-04 09:52:31.982]	[   13]	=============================================================
[2016-08-04 09:52:31.982]	[   13]	=============================================================
[2016-08-04 09:52:31.982]	[   13]	SFTPOperations.OnRequestAbsolutePath ENTER 
[2016-08-04 09:52:31.982]	[   13]	              [in][sender]=SBSftpServer.TElSFTPServer
[2016-08-04 09:52:31.982]	[   13]	              [in][path]=.
[2016-08-04 09:52:31.983]	[   13]	              [in][absolutePath]=
[2016-08-04 09:52:31.983]	[   13]	              [in][control]=rcNoCheck
[2016-08-04 09:52:31.983]	[   13]	              [in][composePath]=SBStringList.TElStringList
[2016-08-04 09:52:31.983]	[   13]	              [in][errorCode]=0
[2016-08-04 09:52:31.983]	[   13]	              [in][comment]=
[2016-08-04 09:52:31.983]	[   13]	              [out][absolutePath]=
[2016-08-04 09:52:31.983]	[   13]	              [out][errorCode]=0
[2016-08-04 09:52:31.983]	[   13]	              [out][comment]=
[2016-08-04 09:52:31.983]	[   13]	SFTPOperations.OnRequestAbsolutePath EXIT
[2016-08-04 09:52:31.983]	[   13]	=============================================================
[2016-08-04 09:52:31.983]	[   36]	Socket receive operation failed: An established connection was aborted by the software in your host machine
[2016-08-04 09:52:31.983]	[   36]	Closing the socket
[2016-08-04 09:52:31.983]	[   36]	ServerListener.OnSessionClosed()
[2016-08-04 09:52:32.000]	[   42]	ServerListener.Listen : New connection available
[2016-08-04 09:52:32.003]	[   42]	Connection accepted. Active connections 1 from 20
[2016-08-04 09:52:32.126]	[   36]	Subsystem sftp opened
[2016-08-04 09:52:32.126]	[   36]	SFTP server started
[2016-08-04 09:52:32.127]	[   19]	=============================================================
[2016-08-04 09:52:32.127]	[   19]	SFTPOperations.OnOpen ENTER (2)
[2016-08-04 09:52:32.127]	[   19]	              [in][sender]=SBSftpServer.TElSFTPServer
[2016-08-04 09:52:32.127]	[   19]	SFTP connection established
[2016-08-04 09:52:32.127]	[   19]	SFTPOperations.OnOpen EXIT
[2016-08-04 09:52:32.127]	[   19]	=============================================================
[2016-08-04 09:52:32.127]	[   19]	=============================================================
[2016-08-04 09:52:32.127]	[   19]	SFTPOperations.OnRequestAbsolutePath ENTER 
[2016-08-04 09:52:32.127]	[   19]	              [in][sender]=SBSftpServer.TElSFTPServer
[2016-08-04 09:52:32.127]	[   19]	              [in][path]=.
[2016-08-04 09:52:32.127]	[   19]	              [in][absolutePath]=
[2016-08-04 09:52:32.127]	[   19]	              [in][control]=rcNoCheck
[2016-08-04 09:52:32.127]	[   19]	              [in][composePath]=SBStringList.TElStringList
[2016-08-04 09:52:32.127]	[   19]	              [in][errorCode]=0
[2016-08-04 09:52:32.127]	[   19]	              [in][comment]=
[2016-08-04 09:52:32.127]	[   19]	              [out][absolutePath]=
[2016-08-04 09:52:32.127]	[   19]	              [out][errorCode]=0
[2016-08-04 09:52:32.127]	[   19]	              [out][comment]=
[2016-08-04 09:52:32.127]	[   19]	SFTPOperations.OnRequestAbsolutePath EXIT
[2016-08-04 09:52:32.127]	[   19]	=============================================================
[2016-08-04 09:52:32.127]	[   19]	=============================================================
[2016-08-04 09:52:32.127]	[   19]	SFTPOperations.OnFindFirst ENTER 
[2016-08-04 09:52:32.127]	[   19]	              [in][sender]=SBSftpServer.TElSFTPServer
[2016-08-04 09:52:32.127]	[   19]	              [in][path]=\\TestSession_cf5cb912-2e36-4d9d-8fa9-ca3663ef8a0b/
[2016-08-04 09:52:32.127]	[   19]	              [in][data]=
[2016-08-04 09:52:32.127]	[   19]	              [in][info]=SBSftpCommon.TElSftpFileInfo
[2016-08-04 09:52:32.127]	[   19]	              [in][errorCode]=0
[2016-08-04 09:52:32.127]	[   19]	              [in][comment]=
[2016-08-04 09:52:32.128]	[   19]	              [out][data]=
[2016-08-04 09:52:32.128]	[   19]	              [out][errorCode]=0
[2016-08-04 09:52:32.128]	[   19]	              [out][comment]=
[2016-08-04 09:52:32.128]	[   19]	SFTPOperations.OnFindFirst EXIT
[2016-08-04 09:52:32.128]	[   19]	=============================================================
[2016-08-04 09:52:32.128]	[   19]	=============================================================
[2016-08-04 09:52:32.128]	[   19]	SFTPOperations.OnFindNext ENTER 
[2016-08-04 09:52:32.128]	[   19]	              [in][sender]=SBSftpServer.TElSFTPServer
[2016-08-04 09:52:32.128]	[   19]	              [in][data]=
[2016-08-04 09:52:32.128]	[   19]	              [in][info]=SBSftpCommon.TElSftpFileInfo
[2016-08-04 09:52:32.128]	[   19]	              [in][errorCode]=0
[2016-08-04 09:52:32.128]	[   19]	              [in][comment]=
[2016-08-04 09:52:32.128]	[   19]	              [out][errorCode]=0
[2016-08-04 09:52:32.128]	[   19]	              [out][comment]=
[2016-08-04 09:52:32.128]	[   19]	SFTPOperations.OnFindNext EXIT
[2016-08-04 09:52:32.128]	[   19]	=============================================================
[2016-08-04 09:52:32.128]	[   19]	=============================================================
[2016-08-04 09:52:32.128]	[   19]	SFTPOperations.OnFindNext ENTER 
[2016-08-04 09:52:32.128]	[   19]	              [in][sender]=SBSftpServer.TElSFTPServer
[2016-08-04 09:52:32.128]	[   19]	              [in][data]=
[2016-08-04 09:52:32.128]	[   19]	              [in][info]=SBSftpCommon.TElSftpFileInfo
[2016-08-04 09:52:32.128]	[   19]	              [in][errorCode]=0
[2016-08-04 09:52:32.128]	[   19]	              [in][comment]=
[2016-08-04 09:52:32.128]	[   19]	              [out][errorCode]=0
[2016-08-04 09:52:32.128]	[   19]	              [out][comment]=
[2016-08-04 09:52:32.128]	[   19]	SFTPOperations.OnFindNext EXIT
[2016-08-04 09:52:32.128]	[   19]	=============================================================
[2016-08-04 09:52:32.129]	[   19]	=============================================================
[2016-08-04 09:52:32.129]	[   19]	SFTPOperations.OnFindClose ENTER 
[2016-08-04 09:52:32.129]	[   19]	              [in][sender]=SBSftpServer.TElSFTPServer
[2016-08-04 09:52:32.129]	[   19]	              [in][searchRec]=
[2016-08-04 09:52:32.129]	[   19]	              [in][errorCode]=1
[2016-08-04 09:52:32.129]	[   19]	              [in][comment]=
[2016-08-04 09:52:32.129]	[   19]	              [out][errorCode]=1
[2016-08-04 09:52:32.129]	[   19]	              [out][comment]=
[2016-08-04 09:52:32.129]	[   19]	SFTPOperations.OnFindClose EXIT
[2016-08-04 09:52:32.129]	[   19]	=============================================================
[2016-08-04 09:52:32.130]	[   19]	=============================================================
[2016-08-04 09:52:32.130]	[   19]	SFTPOperations.OnFindFirst ENTER 
[2016-08-04 09:52:32.130]	[   19]	              [in][sender]=SBSftpServer.TElSFTPServer
[2016-08-04 09:52:32.130]	[   19]	              [in][path]=\\TestSession_cf5cb912-2e36-4d9d-8fa9-ca3663ef8a0b/
[2016-08-04 09:52:32.130]	[   19]	              [in][data]=
[2016-08-04 09:52:32.130]	[   19]	              [in][info]=SBSftpCommon.TElSftpFileInfo
[2016-08-04 09:52:32.130]	[   19]	              [in][errorCode]=0
[2016-08-04 09:52:32.130]	[   19]	              [in][comment]=
[2016-08-04 09:52:32.130]	[   19]	              [out][data]=
[2016-08-04 09:52:32.130]	[   19]	              [out][errorCode]=0
[2016-08-04 09:52:32.130]	[   19]	              [out][comment]=
[2016-08-04 09:52:32.130]	[   19]	SFTPOperations.OnFindFirst EXIT
[2016-08-04 09:52:32.130]	[   19]	=============================================================
[2016-08-04 09:52:32.131]	[   19]	=============================================================
[2016-08-04 09:52:32.131]	[   19]	SFTPOperations.OnFindNext ENTER 
[2016-08-04 09:52:32.131]	[   19]	              [in][sender]=SBSftpServer.TElSFTPServer
[2016-08-04 09:52:32.131]	[   19]	              [in][data]=
[2016-08-04 09:52:32.131]	[   19]	              [in][info]=SBSftpCommon.TElSftpFileInfo
[2016-08-04 09:52:32.131]	[   19]	              [in][errorCode]=0
[2016-08-04 09:52:32.131]	[   19]	              [in][comment]=
[2016-08-04 09:52:32.131]	[   19]	              [out][errorCode]=0
[2016-08-04 09:52:32.131]	[   19]	              [out][comment]=
[2016-08-04 09:52:32.131]	[   19]	SFTPOperations.OnFindNext EXIT
[2016-08-04 09:52:32.131]	[   19]	=============================================================
[2016-08-04 09:52:32.131]	[   19]	=============================================================
[2016-08-04 09:52:32.131]	[   19]	SFTPOperations.OnFindNext ENTER 
[2016-08-04 09:52:32.131]	[   19]	              [in][sender]=SBSftpServer.TElSFTPServer
[2016-08-04 09:52:32.131]	[   19]	              [in][data]=
[2016-08-04 09:52:32.131]	[   19]	              [in][info]=SBSftpCommon.TElSftpFileInfo
[2016-08-04 09:52:32.131]	[   19]	              [in][errorCode]=0
[2016-08-04 09:52:32.131]	[   19]	              [in][comment]=
[2016-08-04 09:52:32.131]	[   19]	              [out][errorCode]=0
[2016-08-04 09:52:32.131]	[   19]	              [out][comment]=
[2016-08-04 09:52:32.132]	[   19]	SFTPOperations.OnFindNext EXIT
[2016-08-04 09:52:32.132]	[   19]	=============================================================
[2016-08-04 09:52:32.132]	[   19]	=============================================================
[2016-08-04 09:52:32.132]	[   19]	SFTPOperations.OnFindClose ENTER 
[2016-08-04 09:52:32.132]	[   19]	              [in][sender]=SBSftpServer.TElSFTPServer
[2016-08-04 09:52:32.132]	[   19]	              [in][searchRec]=
[2016-08-04 09:52:32.132]	[   19]	              [in][errorCode]=1
[2016-08-04 09:52:32.132]	[   19]	              [in][comment]=
[2016-08-04 09:52:32.132]	[   19]	              [out][errorCode]=1
[2016-08-04 09:52:32.132]	[   19]	              [out][comment]=
[2016-08-04 09:52:32.133]	[   19]	SFTPOperations.OnFindClose EXIT
[2016-08-04 09:52:32.133]	[   19]	=============================================================
[2016-08-04 09:52:32.133]	[   19]	=============================================================
[2016-08-04 09:52:32.133]	[   19]	SFTPOperations.OnRemove ENTER 
[2016-08-04 09:52:32.133]	[   19]	              [in][sender]=SBSftpServer.TElSFTPServer
[2016-08-04 09:52:32.133]	[   19]	              [in][path]=\\TestSession_cf5cb912-2e36-4d9d-8fa9-ca3663ef8a0b/
[2016-08-04 09:52:32.133]	[   19]	              [in][errorCode]=0
[2016-08-04 09:52:32.133]	[   19]	              [in][comment]=
[2016-08-04 09:52:32.133]	[   19]	              [out][errorCode]=0
[2016-08-04 09:52:32.133]	[   19]	              [out][comment]=
[2016-08-04 09:52:32.133]	[   19]	SFTPOperations.OnRemove EXIT
[2016-08-04 09:52:32.133]	[   19]	=============================================================
[2016-08-04 09:52:32.134]	[   39]	Stopping socket listener
[2016-08-04 09:52:32.134]	[   39]	Socket listener stopped
[2016-08-04 09:52:32.134]	[   36]	Socket receive operation failed: An established connection was aborted by the software in your host machine
[2016-08-04 09:52:32.134]	[   36]	Closing the socket
[2016-08-04 09:52:32.134]	[   36]	ServerListener.OnSessionClosed()</StdOut>
      </Output>
    </UnitTestResult>
    <UnitTestResult executionId="dedab4bd-0e50-44bf-afc9-c8ac3d8cf091" testId="4f6951fa-7d9c-805d-fba1-41776867d427" testName="BeginPoll_SFTP_FileWrittenAfterTimePeriod_Success" computerName="ICSWS068" duration="00:00:02.6766251" startTime="2016-08-04T09:52:32.1588001+02:00" endTime="2016-08-04T09:52:34.8378401+02:00" testType="13cdc9d9-ddb5-4fa4-a97d-d965ccfc6d4b" outcome="Passed" testListId="8c84fa94-04c1-424b-9868-57a2d4851a1d" relativeResultsDirectory="dedab4bd-0e50-44bf-afc9-c8ac3d8cf091">
      <Output>
        <StdOut>Debug Trace:
[2016-08-04 09:52:32.164]	[   30]	Starting SSH server listener...
[2016-08-04 09:52:32.165]	[   30]	SSH server listener started.
[2016-08-04 09:52:32.215]	[   32]	ServerListener.Listen : New connection available
[2016-08-04 09:52:32.216]	[   32]	Connection accepted. Active connections 1 from 20
[2016-08-04 09:52:32.311]	[   29]	Subsystem sftp opened
[2016-08-04 09:52:32.312]	[   29]	SFTP server started
[2016-08-04 09:52:32.312]	[   22]	=============================================================
[2016-08-04 09:52:32.312]	[   22]	SFTPOperations.OnOpen ENTER (3)
[2016-08-04 09:52:32.312]	[   22]	              [in][sender]=SBSftpServer.TElSFTPServer
[2016-08-04 09:52:32.312]	[   22]	SFTP connection established
[2016-08-04 09:52:32.312]	[   22]	SFTPOperations.OnOpen EXIT
[2016-08-04 09:52:32.312]	[   22]	=============================================================
[2016-08-04 09:52:32.312]	[   22]	=============================================================
[2016-08-04 09:52:32.313]	[   22]	SFTPOperations.OnRequestAbsolutePath ENTER 
[2016-08-04 09:52:32.313]	[   22]	              [in][sender]=SBSftpServer.TElSFTPServer
[2016-08-04 09:52:32.313]	[   22]	              [in][path]=.
[2016-08-04 09:52:32.313]	[   22]	              [in][absolutePath]=
[2016-08-04 09:52:32.313]	[   22]	              [in][control]=rcNoCheck
[2016-08-04 09:52:32.313]	[   22]	              [in][composePath]=SBStringList.TElStringList
[2016-08-04 09:52:32.313]	[   22]	              [in][errorCode]=0
[2016-08-04 09:52:32.313]	[   22]	              [in][comment]=
[2016-08-04 09:52:32.313]	[   22]	              [out][absolutePath]=
[2016-08-04 09:52:32.313]	[   22]	              [out][errorCode]=0
[2016-08-04 09:52:32.313]	[   22]	              [out][comment]=
[2016-08-04 09:52:32.313]	[   22]	SFTPOperations.OnRequestAbsolutePath EXIT
[2016-08-04 09:52:32.313]	[   22]	=============================================================
[2016-08-04 09:52:32.318]	[   22]	=============================================================
[2016-08-04 09:52:32.318]	[   22]	SFTPOperations.OnRequestAbsolutePath ENTER 
[2016-08-04 09:52:32.318]	[   22]	              [in][sender]=SBSftpServer.TElSFTPServer
[2016-08-04 09:52:32.318]	[   22]	              [in][path]=.
[2016-08-04 09:52:32.318]	[   22]	              [in][absolutePath]=
[2016-08-04 09:52:32.318]	[   22]	              [in][control]=rcNoCheck
[2016-08-04 09:52:32.318]	[   22]	              [in][composePath]=SBStringList.TElStringList
[2016-08-04 09:52:32.318]	[   22]	              [in][errorCode]=0
[2016-08-04 09:52:32.318]	[   22]	              [in][comment]=
[2016-08-04 09:52:32.318]	[   22]	              [out][absolutePath]=
[2016-08-04 09:52:32.318]	[   22]	              [out][errorCode]=0
[2016-08-04 09:52:32.318]	[   22]	              [out][comment]=
[2016-08-04 09:52:32.318]	[   22]	SFTPOperations.OnRequestAbsolutePath EXIT
[2016-08-04 09:52:32.318]	[   22]	=============================================================
[2016-08-04 09:52:32.320]	[   22]	=============================================================
[2016-08-04 09:52:32.320]	[   22]	SFTPOperations.OnFindFirst ENTER 
[2016-08-04 09:52:32.320]	[   22]	              [in][sender]=SBSftpServer.TElSFTPServer
[2016-08-04 09:52:32.320]	[   22]	              [in][path]=/dropzone
[2016-08-04 09:52:32.320]	[   22]	              [in][data]=
[2016-08-04 09:52:32.320]	[   22]	              [in][info]=SBSftpCommon.TElSftpFileInfo
[2016-08-04 09:52:32.320]	[   22]	              [in][errorCode]=0
[2016-08-04 09:52:32.320]	[   22]	              [in][comment]=
[2016-08-04 09:52:32.320]	[   22]	              [out][data]=
[2016-08-04 09:52:32.320]	[   22]	              [out][errorCode]=0
[2016-08-04 09:52:32.320]	[   22]	              [out][comment]=
[2016-08-04 09:52:32.320]	[   22]	SFTPOperations.OnFindFirst EXIT
[2016-08-04 09:52:32.320]	[   22]	=============================================================
[2016-08-04 09:52:32.320]	[   22]	=============================================================
[2016-08-04 09:52:32.320]	[   22]	SFTPOperations.OnFindNext ENTER 
[2016-08-04 09:52:32.320]	[   22]	              [in][sender]=SBSftpServer.TElSFTPServer
[2016-08-04 09:52:32.320]	[   22]	              [in][data]=
[2016-08-04 09:52:32.320]	[   22]	              [in][info]=SBSftpCommon.TElSftpFileInfo
[2016-08-04 09:52:32.320]	[   22]	              [in][errorCode]=0
[2016-08-04 09:52:32.320]	[   22]	              [in][comment]=
[2016-08-04 09:52:32.320]	[   22]	              [out][errorCode]=0
[2016-08-04 09:52:32.321]	[   22]	              [out][comment]=
[2016-08-04 09:52:32.321]	[   22]	SFTPOperations.OnFindNext EXIT
[2016-08-04 09:52:32.321]	[   22]	=============================================================
[2016-08-04 09:52:32.321]	[   22]	=============================================================
[2016-08-04 09:52:32.321]	[   22]	SFTPOperations.OnFindNext ENTER 
[2016-08-04 09:52:32.321]	[   22]	              [in][sender]=SBSftpServer.TElSFTPServer
[2016-08-04 09:52:32.321]	[   22]	              [in][data]=
[2016-08-04 09:52:32.321]	[   22]	              [in][info]=SBSftpCommon.TElSftpFileInfo
[2016-08-04 09:52:32.321]	[   22]	              [in][errorCode]=0
[2016-08-04 09:52:32.321]	[   22]	              [in][comment]=
[2016-08-04 09:52:32.321]	[   22]	              [out][errorCode]=0
[2016-08-04 09:52:32.321]	[   22]	              [out][comment]=
[2016-08-04 09:52:32.321]	[   22]	SFTPOperations.OnFindNext EXIT
[2016-08-04 09:52:32.321]	[   22]	=============================================================
[2016-08-04 09:52:32.322]	[   22]	=============================================================
[2016-08-04 09:52:32.322]	[   22]	SFTPOperations.OnFindClose ENTER 
[2016-08-04 09:52:32.322]	[   22]	              [in][sender]=SBSftpServer.TElSFTPServer
[2016-08-04 09:52:32.322]	[   22]	              [in][searchRec]=
[2016-08-04 09:52:32.322]	[   22]	              [in][errorCode]=1
[2016-08-04 09:52:32.322]	[   22]	              [in][comment]=
[2016-08-04 09:52:32.322]	[   22]	              [out][errorCode]=1
[2016-08-04 09:52:32.322]	[   22]	              [out][comment]=
[2016-08-04 09:52:32.322]	[   22]	SFTPOperations.OnFindClose EXIT
[2016-08-04 09:52:32.322]	[   22]	=============================================================
[2016-08-04 09:52:33.372]	[   22]	=============================================================
[2016-08-04 09:52:33.372]	[   22]	SFTPOperations.OnRequestAbsolutePath ENTER 
[2016-08-04 09:52:33.372]	[   22]	              [in][sender]=SBSftpServer.TElSFTPServer
[2016-08-04 09:52:33.372]	[   22]	              [in][path]=.
[2016-08-04 09:52:33.372]	[   22]	              [in][absolutePath]=
[2016-08-04 09:52:33.372]	[   22]	              [in][control]=rcNoCheck
[2016-08-04 09:52:33.372]	[   22]	              [in][composePath]=SBStringList.TElStringList
[2016-08-04 09:52:33.372]	[   22]	              [in][errorCode]=0
[2016-08-04 09:52:33.372]	[   22]	              [in][comment]=
[2016-08-04 09:52:33.372]	[   22]	              [out][absolutePath]=
[2016-08-04 09:52:33.372]	[   22]	              [out][errorCode]=0
[2016-08-04 09:52:33.372]	[   22]	              [out][comment]=
[2016-08-04 09:52:33.372]	[   22]	SFTPOperations.OnRequestAbsolutePath EXIT
[2016-08-04 09:52:33.372]	[   22]	=============================================================
[2016-08-04 09:52:33.373]	[   22]	=============================================================
[2016-08-04 09:52:33.373]	[   22]	SFTPOperations.OnFindFirst ENTER 
[2016-08-04 09:52:33.373]	[   22]	              [in][sender]=SBSftpServer.TElSFTPServer
[2016-08-04 09:52:33.373]	[   22]	              [in][path]=/dropzone
[2016-08-04 09:52:33.373]	[   22]	              [in][data]=
[2016-08-04 09:52:33.373]	[   22]	              [in][info]=SBSftpCommon.TElSftpFileInfo
[2016-08-04 09:52:33.373]	[   22]	              [in][errorCode]=0
[2016-08-04 09:52:33.373]	[   22]	              [in][comment]=
[2016-08-04 09:52:33.373]	[   22]	              [out][data]=
[2016-08-04 09:52:33.373]	[   22]	              [out][errorCode]=0
[2016-08-04 09:52:33.373]	[   22]	              [out][comment]=
[2016-08-04 09:52:33.373]	[   22]	SFTPOperations.OnFindFirst EXIT
[2016-08-04 09:52:33.373]	[   22]	=============================================================
[2016-08-04 09:52:33.374]	[   22]	=============================================================
[2016-08-04 09:52:33.374]	[   22]	SFTPOperations.OnFindNext ENTER 
[2016-08-04 09:52:33.374]	[   22]	              [in][sender]=SBSftpServer.TElSFTPServer
[2016-08-04 09:52:33.374]	[   22]	              [in][data]=
[2016-08-04 09:52:33.374]	[   22]	              [in][info]=SBSftpCommon.TElSftpFileInfo
[2016-08-04 09:52:33.374]	[   22]	              [in][errorCode]=0
[2016-08-04 09:52:33.374]	[   22]	              [in][comment]=
[2016-08-04 09:52:33.374]	[   22]	              [out][errorCode]=0
[2016-08-04 09:52:33.374]	[   22]	              [out][comment]=
[2016-08-04 09:52:33.374]	[   22]	SFTPOperations.OnFindNext EXIT
[2016-08-04 09:52:33.374]	[   22]	=============================================================
[2016-08-04 09:52:33.374]	[   22]	=============================================================
[2016-08-04 09:52:33.374]	[   22]	SFTPOperations.OnFindNext ENTER 
[2016-08-04 09:52:33.374]	[   22]	              [in][sender]=SBSftpServer.TElSFTPServer
[2016-08-04 09:52:33.374]	[   22]	              [in][data]=
[2016-08-04 09:52:33.374]	[   22]	              [in][info]=SBSftpCommon.TElSftpFileInfo
[2016-08-04 09:52:33.374]	[   22]	              [in][errorCode]=0
[2016-08-04 09:52:33.374]	[   22]	              [in][comment]=
[2016-08-04 09:52:33.374]	[   22]	              [out][errorCode]=0
[2016-08-04 09:52:33.374]	[   22]	              [out][comment]=
[2016-08-04 09:52:33.374]	[   22]	SFTPOperations.OnFindNext EXIT
[2016-08-04 09:52:33.374]	[   22]	=============================================================
[2016-08-04 09:52:33.374]	[   22]	=============================================================
[2016-08-04 09:52:33.374]	[   22]	SFTPOperations.OnFindNext ENTER 
[2016-08-04 09:52:33.374]	[   22]	              [in][sender]=SBSftpServer.TElSFTPServer
[2016-08-04 09:52:33.374]	[   22]	              [in][data]=
[2016-08-04 09:52:33.374]	[   22]	              [in][info]=SBSftpCommon.TElSftpFileInfo
[2016-08-04 09:52:33.374]	[   22]	              [in][errorCode]=0
[2016-08-04 09:52:33.374]	[   22]	              [in][comment]=
[2016-08-04 09:52:33.374]	[   22]	              [out][errorCode]=0
[2016-08-04 09:52:33.374]	[   22]	              [out][comment]=
[2016-08-04 09:52:33.374]	[   22]	SFTPOperations.OnFindNext EXIT
[2016-08-04 09:52:33.374]	[   22]	=============================================================
[2016-08-04 09:52:33.375]	[   22]	=============================================================
[2016-08-04 09:52:33.375]	[   22]	SFTPOperations.OnFindClose ENTER 
[2016-08-04 09:52:33.375]	[   22]	              [in][sender]=SBSftpServer.TElSFTPServer
[2016-08-04 09:52:33.375]	[   22]	              [in][searchRec]=
[2016-08-04 09:52:33.375]	[   22]	              [in][errorCode]=1
[2016-08-04 09:52:33.375]	[   22]	              [in][comment]=
[2016-08-04 09:52:33.375]	[   22]	              [out][errorCode]=1
[2016-08-04 09:52:33.375]	[   22]	              [out][comment]=
[2016-08-04 09:52:33.375]	[   22]	SFTPOperations.OnFindClose EXIT
[2016-08-04 09:52:33.375]	[   22]	=============================================================
[2016-08-04 09:52:33.377]	[   22]	=============================================================
[2016-08-04 09:52:33.377]	[   22]	SFTPOperations.OnRequestAbsolutePath ENTER 
[2016-08-04 09:52:33.377]	[   22]	              [in][sender]=SBSftpServer.TElSFTPServer
[2016-08-04 09:52:33.377]	[   22]	              [in][path]=.
[2016-08-04 09:52:33.377]	[   22]	              [in][absolutePath]=
[2016-08-04 09:52:33.377]	[   22]	              [in][control]=rcNoCheck
[2016-08-04 09:52:33.377]	[   22]	              [in][composePath]=SBStringList.TElStringList
[2016-08-04 09:52:33.377]	[   22]	              [in][errorCode]=0
[2016-08-04 09:52:33.377]	[   22]	              [in][comment]=
[2016-08-04 09:52:33.377]	[   22]	              [out][absolutePath]=
[2016-08-04 09:52:33.377]	[   22]	              [out][errorCode]=0
[2016-08-04 09:52:33.377]	[   22]	              [out][comment]=
[2016-08-04 09:52:33.377]	[   22]	SFTPOperations.OnRequestAbsolutePath EXIT
[2016-08-04 09:52:33.377]	[   22]	=============================================================
[2016-08-04 09:52:33.377]	[   22]	=============================================================
[2016-08-04 09:52:33.377]	[   22]	SFTPOperations.OnFindFirst ENTER 
[2016-08-04 09:52:33.377]	[   22]	              [in][sender]=SBSftpServer.TElSFTPServer
[2016-08-04 09:52:33.377]	[   22]	              [in][path]=/dropzone
[2016-08-04 09:52:33.377]	[   22]	              [in][data]=
[2016-08-04 09:52:33.378]	[   22]	              [in][info]=SBSftpCommon.TElSftpFileInfo
[2016-08-04 09:52:33.378]	[   22]	              [in][errorCode]=0
[2016-08-04 09:52:33.378]	[   22]	              [in][comment]=
[2016-08-04 09:52:33.378]	[   22]	              [out][data]=
[2016-08-04 09:52:33.378]	[   22]	              [out][errorCode]=0
[2016-08-04 09:52:33.378]	[   22]	              [out][comment]=
[2016-08-04 09:52:33.378]	[   22]	SFTPOperations.OnFindFirst EXIT
[2016-08-04 09:52:33.378]	[   22]	=============================================================
[2016-08-04 09:52:33.378]	[   22]	=============================================================
[2016-08-04 09:52:33.378]	[   22]	SFTPOperations.OnFindNext ENTER 
[2016-08-04 09:52:33.378]	[   22]	              [in][sender]=SBSftpServer.TElSFTPServer
[2016-08-04 09:52:33.378]	[   22]	              [in][data]=
[2016-08-04 09:52:33.378]	[   22]	              [in][info]=SBSftpCommon.TElSftpFileInfo
[2016-08-04 09:52:33.378]	[   22]	              [in][errorCode]=0
[2016-08-04 09:52:33.378]	[   22]	              [in][comment]=
[2016-08-04 09:52:33.378]	[   22]	              [out][errorCode]=0
[2016-08-04 09:52:33.378]	[   22]	              [out][comment]=
[2016-08-04 09:52:33.378]	[   22]	SFTPOperations.OnFindNext EXIT
[2016-08-04 09:52:33.378]	[   22]	=============================================================
[2016-08-04 09:52:33.378]	[   22]	=============================================================
[2016-08-04 09:52:33.378]	[   22]	SFTPOperations.OnFindNext ENTER 
[2016-08-04 09:52:33.378]	[   22]	              [in][sender]=SBSftpServer.TElSFTPServer
[2016-08-04 09:52:33.378]	[   22]	              [in][data]=
[2016-08-04 09:52:33.378]	[   22]	              [in][info]=SBSftpCommon.TElSftpFileInfo
[2016-08-04 09:52:33.378]	[   22]	              [in][errorCode]=0
[2016-08-04 09:52:33.378]	[   22]	              [in][comment]=
[2016-08-04 09:52:33.379]	[   22]	              [out][errorCode]=0
[2016-08-04 09:52:33.379]	[   22]	              [out][comment]=
[2016-08-04 09:52:33.379]	[   22]	SFTPOperations.OnFindNext EXIT
[2016-08-04 09:52:33.379]	[   22]	=============================================================
[2016-08-04 09:52:33.379]	[   22]	=============================================================
[2016-08-04 09:52:33.379]	[   22]	SFTPOperations.OnFindNext ENTER 
[2016-08-04 09:52:33.379]	[   22]	              [in][sender]=SBSftpServer.TElSFTPServer
[2016-08-04 09:52:33.379]	[   22]	              [in][data]=
[2016-08-04 09:52:33.379]	[   22]	              [in][info]=SBSftpCommon.TElSftpFileInfo
[2016-08-04 09:52:33.379]	[   22]	              [in][errorCode]=0
[2016-08-04 09:52:33.379]	[   22]	              [in][comment]=
[2016-08-04 09:52:33.379]	[   22]	              [out][errorCode]=0
[2016-08-04 09:52:33.379]	[   22]	              [out][comment]=
[2016-08-04 09:52:33.379]	[   22]	SFTPOperations.OnFindNext EXIT
[2016-08-04 09:52:33.379]	[   22]	=============================================================
[2016-08-04 09:52:33.379]	[   22]	=============================================================
[2016-08-04 09:52:33.379]	[   22]	SFTPOperations.OnFindClose ENTER 
[2016-08-04 09:52:33.379]	[   22]	              [in][sender]=SBSftpServer.TElSFTPServer
[2016-08-04 09:52:33.379]	[   22]	              [in][searchRec]=
[2016-08-04 09:52:33.379]	[   22]	              [in][errorCode]=1
[2016-08-04 09:52:33.379]	[   22]	              [in][comment]=
[2016-08-04 09:52:33.379]	[   22]	              [out][errorCode]=1
[2016-08-04 09:52:33.379]	[   22]	              [out][comment]=
[2016-08-04 09:52:33.379]	[   22]	SFTPOperations.OnFindClose EXIT
[2016-08-04 09:52:33.380]	[   22]	=============================================================
[2016-08-04 09:52:33.426]	[   22]	=============================================================
[2016-08-04 09:52:33.426]	[   22]	SFTPOperations.OnRequestAbsolutePath ENTER 
[2016-08-04 09:52:33.426]	[   22]	              [in][sender]=SBSftpServer.TElSFTPServer
[2016-08-04 09:52:33.426]	[   22]	              [in][path]=.
[2016-08-04 09:52:33.426]	[   22]	              [in][absolutePath]=
[2016-08-04 09:52:33.426]	[   22]	              [in][control]=rcNoCheck
[2016-08-04 09:52:33.426]	[   22]	              [in][composePath]=SBStringList.TElStringList
[2016-08-04 09:52:33.426]	[   22]	              [in][errorCode]=0
[2016-08-04 09:52:33.426]	[   22]	              [in][comment]=
[2016-08-04 09:52:33.426]	[   22]	              [out][absolutePath]=
[2016-08-04 09:52:33.426]	[   22]	              [out][errorCode]=0
[2016-08-04 09:52:33.426]	[   22]	              [out][comment]=
[2016-08-04 09:52:33.426]	[   22]	SFTPOperations.OnRequestAbsolutePath EXIT
[2016-08-04 09:52:33.426]	[   22]	=============================================================
[2016-08-04 09:52:33.427]	[   22]	=============================================================
[2016-08-04 09:52:33.427]	[   22]	SFTPOperations.OnFindFirst ENTER 
[2016-08-04 09:52:33.427]	[   22]	              [in][sender]=SBSftpServer.TElSFTPServer
[2016-08-04 09:52:33.427]	[   22]	              [in][path]=/dropzone
[2016-08-04 09:52:33.427]	[   22]	              [in][data]=
[2016-08-04 09:52:33.427]	[   22]	              [in][info]=SBSftpCommon.TElSftpFileInfo
[2016-08-04 09:52:33.427]	[   22]	              [in][errorCode]=0
[2016-08-04 09:52:33.427]	[   22]	              [in][comment]=
[2016-08-04 09:52:33.427]	[   22]	              [out][data]=
[2016-08-04 09:52:33.427]	[   22]	              [out][errorCode]=0
[2016-08-04 09:52:33.427]	[   22]	              [out][comment]=
[2016-08-04 09:52:33.427]	[   22]	SFTPOperations.OnFindFirst EXIT
[2016-08-04 09:52:33.427]	[   22]	=============================================================
[2016-08-04 09:52:33.427]	[   22]	=============================================================
[2016-08-04 09:52:33.427]	[   22]	SFTPOperations.OnFindNext ENTER 
[2016-08-04 09:52:33.427]	[   22]	              [in][sender]=SBSftpServer.TElSFTPServer
[2016-08-04 09:52:33.427]	[   22]	              [in][data]=
[2016-08-04 09:52:33.427]	[   22]	              [in][info]=SBSftpCommon.TElSftpFileInfo
[2016-08-04 09:52:33.427]	[   22]	              [in][errorCode]=0
[2016-08-04 09:52:33.427]	[   22]	              [in][comment]=
[2016-08-04 09:52:33.427]	[   22]	              [out][errorCode]=0
[2016-08-04 09:52:33.428]	[   22]	              [out][comment]=
[2016-08-04 09:52:33.428]	[   22]	SFTPOperations.OnFindNext EXIT
[2016-08-04 09:52:33.428]	[   22]	=============================================================
[2016-08-04 09:52:33.428]	[   22]	=============================================================
[2016-08-04 09:52:33.428]	[   22]	SFTPOperations.OnFindNext ENTER 
[2016-08-04 09:52:33.428]	[   22]	              [in][sender]=SBSftpServer.TElSFTPServer
[2016-08-04 09:52:33.428]	[   22]	              [in][data]=
[2016-08-04 09:52:33.428]	[   22]	              [in][info]=SBSftpCommon.TElSftpFileInfo
[2016-08-04 09:52:33.428]	[   22]	              [in][errorCode]=0
[2016-08-04 09:52:33.428]	[   22]	              [in][comment]=
[2016-08-04 09:52:33.428]	[   22]	              [out][errorCode]=0
[2016-08-04 09:52:33.428]	[   22]	              [out][comment]=
[2016-08-04 09:52:33.428]	[   22]	SFTPOperations.OnFindNext EXIT
[2016-08-04 09:52:33.428]	[   22]	=============================================================
[2016-08-04 09:52:33.428]	[   22]	=============================================================
[2016-08-04 09:52:33.428]	[   22]	SFTPOperations.OnFindNext ENTER 
[2016-08-04 09:52:33.428]	[   22]	              [in][sender]=SBSftpServer.TElSFTPServer
[2016-08-04 09:52:33.428]	[   22]	              [in][data]=
[2016-08-04 09:52:33.428]	[   22]	              [in][info]=SBSftpCommon.TElSftpFileInfo
[2016-08-04 09:52:33.428]	[   22]	              [in][errorCode]=0
[2016-08-04 09:52:33.428]	[   22]	              [in][comment]=
[2016-08-04 09:52:33.428]	[   22]	              [out][errorCode]=0
[2016-08-04 09:52:33.428]	[   22]	              [out][comment]=
[2016-08-04 09:52:33.428]	[   22]	SFTPOperations.OnFindNext EXIT
[2016-08-04 09:52:33.428]	[   22]	=============================================================
[2016-08-04 09:52:33.428]	[   22]	=============================================================
[2016-08-04 09:52:33.429]	[   22]	SFTPOperations.OnFindClose ENTER 
[2016-08-04 09:52:33.429]	[   22]	              [in][sender]=SBSftpServer.TElSFTPServer
[2016-08-04 09:52:33.429]	[   22]	              [in][searchRec]=
[2016-08-04 09:52:33.429]	[   22]	              [in][errorCode]=1
[2016-08-04 09:52:33.429]	[   22]	              [in][comment]=
[2016-08-04 09:52:33.429]	[   22]	              [out][errorCode]=1
[2016-08-04 09:52:33.429]	[   22]	              [out][comment]=
[2016-08-04 09:52:33.429]	[   22]	SFTPOperations.OnFindClose EXIT
[2016-08-04 09:52:33.429]	[   22]	=============================================================
FileClientPoll:OnFileFound1
FileClientPoll:OnFileFound2
[2016-08-04 09:52:34.826]	[   22]	=============================================================
[2016-08-04 09:52:34.826]	[   22]	SFTPOperations.OnRequestAbsolutePath ENTER 
[2016-08-04 09:52:34.826]	[   22]	              [in][sender]=SBSftpServer.TElSFTPServer
[2016-08-04 09:52:34.826]	[   22]	              [in][path]=.
[2016-08-04 09:52:34.826]	[   22]	              [in][absolutePath]=
[2016-08-04 09:52:34.826]	[   22]	              [in][control]=rcNoCheck
[2016-08-04 09:52:34.826]	[   22]	              [in][composePath]=SBStringList.TElStringList
[2016-08-04 09:52:34.826]	[   22]	              [in][errorCode]=0
[2016-08-04 09:52:34.826]	[   22]	              [in][comment]=
[2016-08-04 09:52:34.826]	[   22]	              [out][absolutePath]=
[2016-08-04 09:52:34.826]	[   22]	              [out][errorCode]=0
[2016-08-04 09:52:34.826]	[   22]	              [out][comment]=
[2016-08-04 09:52:34.826]	[   22]	SFTPOperations.OnRequestAbsolutePath EXIT
[2016-08-04 09:52:34.826]	[   22]	=============================================================
[2016-08-04 09:52:34.827]	[   30]	Stopping socket listener
[2016-08-04 09:52:34.827]	[   29]	Socket receive operation failed: An established connection was aborted by the software in your host machine
[2016-08-04 09:52:34.827]	[   30]	Socket listener stopped
[2016-08-04 09:52:34.827]	[   29]	Closing the socket
[2016-08-04 09:52:34.827]	[   29]	ServerListener.OnSessionClosed()</StdOut>
      </Output>
    </UnitTestResult>
    <UnitTestResult executionId="fc58bcf9-809e-44eb-b179-1ab7ffe4bea5" testId="1150a51e-6792-8443-02b9-cc3526716639" testName="WriteFromFile_StoreModeIsAppendWriteTwice_FileIsAppended" computerName="ICSWS068" duration="00:00:00.2904345" startTime="2016-08-04T09:52:34.8403419+02:00" endTime="2016-08-04T09:52:35.1321419+02:00" testType="13cdc9d9-ddb5-4fa4-a97d-d965ccfc6d4b" outcome="Passed" testListId="8c84fa94-04c1-424b-9868-57a2d4851a1d" relativeResultsDirectory="fc58bcf9-809e-44eb-b179-1ab7ffe4bea5">
      <Output>
        <StdOut>Debug Trace:
[2016-08-04 09:52:34.844]	[   33]	Starting SSH server listener...
[2016-08-04 09:52:34.844]	[   33]	SSH server listener started.
[2016-08-04 09:52:34.895]	[   24]	ServerListener.Listen : New connection available
[2016-08-04 09:52:34.895]	[   24]	Connection accepted. Active connections 1 from 20
[2016-08-04 09:52:34.981]	[   25]	Subsystem sftp opened
[2016-08-04 09:52:34.982]	[   25]	SFTP server started
[2016-08-04 09:52:34.982]	[   23]	=============================================================
[2016-08-04 09:52:34.982]	[   23]	SFTPOperations.OnOpen ENTER (4)
[2016-08-04 09:52:34.982]	[   23]	              [in][sender]=SBSftpServer.TElSFTPServer
[2016-08-04 09:52:34.982]	[   23]	SFTP connection established
[2016-08-04 09:52:34.982]	[   23]	SFTPOperations.OnOpen EXIT
[2016-08-04 09:52:34.982]	[   23]	=============================================================
[2016-08-04 09:52:34.982]	[   23]	=============================================================
[2016-08-04 09:52:34.982]	[   23]	SFTPOperations.OnRequestAbsolutePath ENTER 
[2016-08-04 09:52:34.982]	[   23]	              [in][sender]=SBSftpServer.TElSFTPServer
[2016-08-04 09:52:34.982]	[   23]	              [in][path]=.
[2016-08-04 09:52:34.982]	[   23]	              [in][absolutePath]=
[2016-08-04 09:52:34.982]	[   23]	              [in][control]=rcNoCheck
[2016-08-04 09:52:34.982]	[   23]	              [in][composePath]=SBStringList.TElStringList
[2016-08-04 09:52:34.983]	[   23]	              [in][errorCode]=0
[2016-08-04 09:52:34.983]	[   23]	              [in][comment]=
[2016-08-04 09:52:34.983]	[   23]	              [out][absolutePath]=
[2016-08-04 09:52:34.983]	[   23]	              [out][errorCode]=0
[2016-08-04 09:52:34.983]	[   23]	              [out][comment]=
[2016-08-04 09:52:34.983]	[   23]	SFTPOperations.OnRequestAbsolutePath EXIT
[2016-08-04 09:52:34.983]	[   23]	=============================================================
[2016-08-04 09:52:34.983]	[   23]	=============================================================
[2016-08-04 09:52:34.983]	[   23]	SFTPOperations.OnCreateDirectory ENTER 
[2016-08-04 09:52:34.983]	[   23]	              [in][sender]=SBSftpServer.TElSFTPServer
[2016-08-04 09:52:34.983]	[   23]	              [in][path]=\TestSession_dbb2f961-b79a-4ebb-9fe0-94176f8d3779
[2016-08-04 09:52:34.983]	[   23]	              [in][attributes]=
[2016-08-04 09:52:34.983]	[   23]	              [in][errorCode]=0
[2016-08-04 09:52:34.983]	[   23]	              [in][comment]=
[2016-08-04 09:52:34.983]	[   23]	              [out][errorCode]=0
[2016-08-04 09:52:34.983]	[   23]	              [out][comment]=
[2016-08-04 09:52:34.983]	[   23]	SFTPOperations.OnCreateDirectory EXIT
[2016-08-04 09:52:34.983]	[   23]	=============================================================
[2016-08-04 09:52:34.984]	[   25]	Socket receive operation failed: An established connection was aborted by the software in your host machine
[2016-08-04 09:52:34.984]	[   25]	Closing the socket
[2016-08-04 09:52:34.984]	[   25]	ServerListener.OnSessionClosed()
[2016-08-04 09:52:34.996]	[   24]	ServerListener.Listen : New connection available
[2016-08-04 09:52:34.997]	[   24]	Connection accepted. Active connections 1 from 20
[2016-08-04 09:52:35.084]	[   26]	Subsystem sftp opened
[2016-08-04 09:52:35.085]	[   26]	SFTP server started
[2016-08-04 09:52:35.085]	[   28]	=============================================================
[2016-08-04 09:52:35.085]	[   28]	SFTPOperations.OnOpen ENTER (1)
[2016-08-04 09:52:35.085]	[   28]	              [in][sender]=SBSftpServer.TElSFTPServer
[2016-08-04 09:52:35.085]	[   28]	SFTP connection established
[2016-08-04 09:52:35.085]	[   28]	SFTPOperations.OnOpen EXIT
[2016-08-04 09:52:35.085]	[   28]	=============================================================
[2016-08-04 09:52:35.086]	[   28]	=============================================================
[2016-08-04 09:52:35.086]	[   28]	SFTPOperations.OnRequestAbsolutePath ENTER 
[2016-08-04 09:52:35.086]	[   28]	              [in][sender]=SBSftpServer.TElSFTPServer
[2016-08-04 09:52:35.086]	[   28]	              [in][path]=.
[2016-08-04 09:52:35.086]	[   28]	              [in][absolutePath]=
[2016-08-04 09:52:35.086]	[   28]	              [in][control]=rcNoCheck
[2016-08-04 09:52:35.086]	[   28]	              [in][composePath]=SBStringList.TElStringList
[2016-08-04 09:52:35.086]	[   28]	              [in][errorCode]=0
[2016-08-04 09:52:35.086]	[   28]	              [in][comment]=
[2016-08-04 09:52:35.086]	[   28]	              [out][absolutePath]=
[2016-08-04 09:52:35.086]	[   28]	              [out][errorCode]=0
[2016-08-04 09:52:35.086]	[   28]	              [out][comment]=
[2016-08-04 09:52:35.086]	[   28]	SFTPOperations.OnRequestAbsolutePath EXIT
[2016-08-04 09:52:35.086]	[   28]	=============================================================
FileTransferPath.GetDirectoryName: path=\TestSession_dbb2f961-b79a-4ebb-9fe0-94176f8d3779\8c376bcb-994c-43e7-958c-5cd1c96fa9a0appendFile.txt directorySeparator=
\TestSession_dbb2f961-b79a-4ebb-9fe0-94176f8d3779: FileTransferPath.GetDirectoryName: Path.GetDirectoryName={0}
[2016-08-04 09:52:35.089]	[   28]	=============================================================
[2016-08-04 09:52:35.089]	[   28]	SFTPOperations.OnRequestAbsolutePath ENTER 
[2016-08-04 09:52:35.089]	[   28]	              [in][sender]=SBSftpServer.TElSFTPServer
[2016-08-04 09:52:35.089]	[   28]	              [in][path]=.
[2016-08-04 09:52:35.089]	[   28]	              [in][absolutePath]=
[2016-08-04 09:52:35.089]	[   28]	              [in][control]=rcNoCheck
[2016-08-04 09:52:35.089]	[   28]	              [in][composePath]=SBStringList.TElStringList
[2016-08-04 09:52:35.089]	[   28]	              [in][errorCode]=0
[2016-08-04 09:52:35.089]	[   28]	              [in][comment]=
[2016-08-04 09:52:35.089]	[   28]	              [out][absolutePath]=
[2016-08-04 09:52:35.089]	[   28]	              [out][errorCode]=0
[2016-08-04 09:52:35.089]	[   28]	              [out][comment]=
[2016-08-04 09:52:35.089]	[   28]	SFTPOperations.OnRequestAbsolutePath EXIT
[2016-08-04 09:52:35.089]	[   28]	=============================================================
[2016-08-04 09:52:35.090]	[   28]	=============================================================
[2016-08-04 09:52:35.090]	[   28]	SFTPOperations.OnFindFirst ENTER 
[2016-08-04 09:52:35.090]	[   28]	              [in][sender]=SBSftpServer.TElSFTPServer
[2016-08-04 09:52:35.090]	[   28]	              [in][path]=\TestSession_dbb2f961-b79a-4ebb-9fe0-94176f8d3779
[2016-08-04 09:52:35.090]	[   28]	              [in][data]=
[2016-08-04 09:52:35.090]	[   28]	              [in][info]=SBSftpCommon.TElSftpFileInfo
[2016-08-04 09:52:35.090]	[   28]	              [in][errorCode]=0
[2016-08-04 09:52:35.090]	[   28]	              [in][comment]=
[2016-08-04 09:52:35.090]	[   28]	              [out][data]=
[2016-08-04 09:52:35.090]	[   28]	              [out][errorCode]=0
[2016-08-04 09:52:35.090]	[   28]	              [out][comment]=
[2016-08-04 09:52:35.090]	[   28]	SFTPOperations.OnFindFirst EXIT
[2016-08-04 09:52:35.090]	[   28]	=============================================================
[2016-08-04 09:52:35.090]	[   28]	=============================================================
[2016-08-04 09:52:35.091]	[   28]	SFTPOperations.OnFindNext ENTER 
[2016-08-04 09:52:35.091]	[   28]	              [in][sender]=SBSftpServer.TElSFTPServer
[2016-08-04 09:52:35.091]	[   28]	              [in][data]=
[2016-08-04 09:52:35.091]	[   28]	              [in][info]=SBSftpCommon.TElSftpFileInfo
[2016-08-04 09:52:35.091]	[   28]	              [in][errorCode]=0
[2016-08-04 09:52:35.091]	[   28]	              [in][comment]=
[2016-08-04 09:52:35.091]	[   28]	              [out][errorCode]=0
[2016-08-04 09:52:35.091]	[   28]	              [out][comment]=
[2016-08-04 09:52:35.091]	[   28]	SFTPOperations.OnFindNext EXIT
[2016-08-04 09:52:35.091]	[   28]	=============================================================
[2016-08-04 09:52:35.091]	[   28]	=============================================================
[2016-08-04 09:52:35.091]	[   28]	SFTPOperations.OnFindNext ENTER 
[2016-08-04 09:52:35.091]	[   28]	              [in][sender]=SBSftpServer.TElSFTPServer
[2016-08-04 09:52:35.091]	[   28]	              [in][data]=
[2016-08-04 09:52:35.091]	[   28]	              [in][info]=SBSftpCommon.TElSftpFileInfo
[2016-08-04 09:52:35.091]	[   28]	              [in][errorCode]=0
[2016-08-04 09:52:35.091]	[   28]	              [in][comment]=
[2016-08-04 09:52:35.091]	[   28]	              [out][errorCode]=0
[2016-08-04 09:52:35.091]	[   28]	              [out][comment]=
[2016-08-04 09:52:35.091]	[   28]	SFTPOperations.OnFindNext EXIT
[2016-08-04 09:52:35.091]	[   28]	=============================================================
[2016-08-04 09:52:35.091]	[   28]	=============================================================
[2016-08-04 09:52:35.091]	[   28]	SFTPOperations.OnFindClose ENTER 
[2016-08-04 09:52:35.091]	[   28]	              [in][sender]=SBSftpServer.TElSFTPServer
[2016-08-04 09:52:35.092]	[   28]	              [in][searchRec]=
[2016-08-04 09:52:35.092]	[   28]	              [in][errorCode]=1
[2016-08-04 09:52:35.092]	[   28]	              [in][comment]=
[2016-08-04 09:52:35.092]	[   28]	              [out][errorCode]=1
[2016-08-04 09:52:35.092]	[   28]	              [out][comment]=
[2016-08-04 09:52:35.092]	[   28]	SFTPOperations.OnFindClose EXIT
[2016-08-04 09:52:35.092]	[   28]	=============================================================
[2016-08-04 09:52:35.092]	[   28]	=============================================================
[2016-08-04 09:52:35.092]	[   28]	SFTPOperations.OnRequestAbsolutePath ENTER 
[2016-08-04 09:52:35.092]	[   28]	              [in][sender]=SBSftpServer.TElSFTPServer
[2016-08-04 09:52:35.092]	[   28]	              [in][path]=.
[2016-08-04 09:52:35.092]	[   28]	              [in][absolutePath]=
[2016-08-04 09:52:35.092]	[   28]	              [in][control]=rcNoCheck
[2016-08-04 09:52:35.092]	[   28]	              [in][composePath]=SBStringList.TElStringList
[2016-08-04 09:52:35.092]	[   28]	              [in][errorCode]=0
[2016-08-04 09:52:35.092]	[   28]	              [in][comment]=
[2016-08-04 09:52:35.092]	[   28]	              [out][absolutePath]=
[2016-08-04 09:52:35.092]	[   28]	              [out][errorCode]=0
[2016-08-04 09:52:35.092]	[   28]	              [out][comment]=
[2016-08-04 09:52:35.092]	[   28]	SFTPOperations.OnRequestAbsolutePath EXIT
[2016-08-04 09:52:35.092]	[   28]	=============================================================
[2016-08-04 09:52:35.093]	[   28]	=============================================================
[2016-08-04 09:52:35.093]	[   28]	SFTPOperations.OnRequestAttributes ENTER 
[2016-08-04 09:52:35.093]	[   28]	              [in][sender]=SBSftpServer.TElSFTPServer
[2016-08-04 09:52:35.093]	[   28]	              [in][path]=\TestSession_dbb2f961-b79a-4ebb-9fe0-94176f8d3779\8c376bcb-994c-43e7-958c-5cd1c96fa9a0appendFile.txttestext
[2016-08-04 09:52:35.093]	[   28]	              [in][followSymLinks]=True
[2016-08-04 09:52:35.093]	[   28]	              [in][attributes]=SBSftpCommon.TElSftpFileAttributes
[2016-08-04 09:52:35.093]	[   28]	              [in][errorCode]=0
[2016-08-04 09:52:35.093]	[   28]	              [in][comment]=
[2016-08-04 09:52:35.093]	[   28]	              [out][errorCode]=0
[2016-08-04 09:52:35.093]	[   28]	              [out][comment]=
[2016-08-04 09:52:35.093]	[   28]	SFTPOperations.OnRequestAttributes EXIT
[2016-08-04 09:52:35.093]	[   28]	=============================================================
[2016-08-04 09:52:35.093]	[   28]	=============================================================
[2016-08-04 09:52:35.093]	[   28]	SFTPOperations.OnRequestAttributes ENTER 
[2016-08-04 09:52:35.093]	[   28]	              [in][sender]=SBSftpServer.TElSFTPServer
[2016-08-04 09:52:35.093]	[   28]	              [in][path]=\TestSession_dbb2f961-b79a-4ebb-9fe0-94176f8d3779
[2016-08-04 09:52:35.093]	[   28]	              [in][followSymLinks]=True
[2016-08-04 09:52:35.093]	[   28]	              [in][attributes]=SBSftpCommon.TElSftpFileAttributes
[2016-08-04 09:52:35.093]	[   28]	              [in][errorCode]=2
[2016-08-04 09:52:35.093]	[   28]	              [in][comment]=No such file
[2016-08-04 09:52:35.094]	[   28]	              [out][errorCode]=2
[2016-08-04 09:52:35.094]	[   28]	              [out][comment]=No such file
[2016-08-04 09:52:35.094]	[   28]	SFTPOperations.OnRequestAttributes EXIT
[2016-08-04 09:52:35.094]	[   28]	=============================================================
[2016-08-04 09:52:35.094]	[   28]	=============================================================
[2016-08-04 09:52:35.094]	[   28]	SFTPOperations.OnOpenFile ENTER (1)
[2016-08-04 09:52:35.094]	[   28]	              [in][sender]=SBSftpServer.TElSFTPServer
[2016-08-04 09:52:35.094]	[   28]	              [in][path]=\TestSession_dbb2f961-b79a-4ebb-9fe0-94176f8d3779\8c376bcb-994c-43e7-958c-5cd1c96fa9a0appendFile.txttestext
[2016-08-04 09:52:35.094]	[   28]	              [in][modes]=26
[2016-08-04 09:52:35.094]	[   28]	              [in][Access]=0
[2016-08-04 09:52:35.094]	[   28]	              [in][desiredAccess]=2
[2016-08-04 09:52:35.094]	[   28]	              [in][attributes]=SBSftpCommon.TElSftpFileAttributes
[2016-08-04 09:52:35.094]	[   28]	              [in][data]=
[2016-08-04 09:52:35.094]	[   28]	              [in][errorCode]=0
[2016-08-04 09:52:35.094]	[   28]	              [in][comment]=No such file
[2016-08-04 09:52:35.094]	[   28]	              [out][data]=
[2016-08-04 09:52:35.094]	[   28]	              [out][errorCode]=0
[2016-08-04 09:52:35.094]	[   28]	              [out][comment]=No such file
[2016-08-04 09:52:35.094]	[   28]	SFTPOperations.OnOpenFile EXIT
[2016-08-04 09:52:35.094]	[   28]	=============================================================
[2016-08-04 09:52:35.096]	[   28]	=============================================================
[2016-08-04 09:52:35.096]	[   28]	SFTPOperations.OnWriteFile ENTER (1)
[2016-08-04 09:52:35.096]	[   28]	              [in][sender]=SBSftpServer.TElSFTPServer
[2016-08-04 09:52:35.096]	[   28]	              [in][data]=System.IO.FileStream
[2016-08-04 09:52:35.096]	[   28]	              [in][offset]=0
[2016-08-04 09:52:35.096]	[   28]	              [in][buffer]=System.Byte[]
[2016-08-04 09:52:35.096]	[   28]	              [in][bufferOffset]=25
[2016-08-04 09:52:35.096]	[   28]	              [in][count]=2584
[2016-08-04 09:52:35.096]	[   28]	              [in][errorCode]=0
[2016-08-04 09:52:35.096]	[   28]	              [in][comment]=No such file
[2016-08-04 09:52:35.096]	[   28]	              [out][errorCode]=0
[2016-08-04 09:52:35.096]	[   28]	              [out][comment]=No such file
[2016-08-04 09:52:35.096]	[   28]	SFTPOperations.OnWriteFile EXIT
[2016-08-04 09:52:35.096]	[   28]	=============================================================
[2016-08-04 09:52:35.097]	[   28]	=============================================================
[2016-08-04 09:52:35.097]	[   28]	SFTPOperations.OnCloseHandle ENTER (1)
[2016-08-04 09:52:35.097]	[   28]	              [in][sender]=SBSftpServer.TElSFTPServer
[2016-08-04 09:52:35.097]	[   28]	              [in][data]=System.IO.FileStream
[2016-08-04 09:52:35.097]	[   28]	              [in][errorCode]=0
[2016-08-04 09:52:35.097]	[   28]	              [in][comment]=No such file
[2016-08-04 09:52:35.097]	[   28]	              [out][errorCode]=0
[2016-08-04 09:52:35.098]	[   28]	              [out][comment]=No such file
[2016-08-04 09:52:35.098]	[   28]	SFTPOperations.OnCloseHandle EXIT
[2016-08-04 09:52:35.098]	[   28]	=============================================================
[2016-08-04 09:52:35.102]	[   28]	=============================================================
[2016-08-04 09:52:35.102]	[   28]	SFTPOperations.OnRequestAbsolutePath ENTER 
[2016-08-04 09:52:35.102]	[   28]	              [in][sender]=SBSftpServer.TElSFTPServer
[2016-08-04 09:52:35.102]	[   28]	              [in][path]=.
[2016-08-04 09:52:35.102]	[   28]	              [in][absolutePath]=
[2016-08-04 09:52:35.102]	[   28]	              [in][control]=rcNoCheck
[2016-08-04 09:52:35.102]	[   28]	              [in][composePath]=SBStringList.TElStringList
[2016-08-04 09:52:35.102]	[   28]	              [in][errorCode]=0
[2016-08-04 09:52:35.102]	[   28]	              [in][comment]=No such file
[2016-08-04 09:52:35.102]	[   28]	              [out][absolutePath]=
[2016-08-04 09:52:35.102]	[   28]	              [out][errorCode]=0
[2016-08-04 09:52:35.102]	[   28]	              [out][comment]=No such file
[2016-08-04 09:52:35.102]	[   28]	SFTPOperations.OnRequestAbsolutePath EXIT
[2016-08-04 09:52:35.102]	[   28]	=============================================================
[2016-08-04 09:52:35.103]	[   28]	=============================================================
[2016-08-04 09:52:35.103]	[   28]	SFTPOperations.OnRequestAbsolutePath ENTER 
[2016-08-04 09:52:35.103]	[   28]	              [in][sender]=SBSftpServer.TElSFTPServer
[2016-08-04 09:52:35.103]	[   28]	              [in][path]=.
[2016-08-04 09:52:35.103]	[   28]	              [in][absolutePath]=
[2016-08-04 09:52:35.103]	[   28]	              [in][control]=rcNoCheck
[2016-08-04 09:52:35.103]	[   28]	              [in][composePath]=SBStringList.TElStringList
[2016-08-04 09:52:35.103]	[   28]	              [in][errorCode]=0
[2016-08-04 09:52:35.103]	[   28]	              [in][comment]=No such file
[2016-08-04 09:52:35.103]	[   28]	              [out][absolutePath]=
[2016-08-04 09:52:35.103]	[   28]	              [out][errorCode]=0
[2016-08-04 09:52:35.103]	[   28]	              [out][comment]=No such file
[2016-08-04 09:52:35.103]	[   28]	SFTPOperations.OnRequestAbsolutePath EXIT
[2016-08-04 09:52:35.103]	[   28]	=============================================================
[2016-08-04 09:52:35.104]	[   28]	=============================================================
[2016-08-04 09:52:35.104]	[   28]	SFTPOperations.OnRenameFile ENTER 
[2016-08-04 09:52:35.104]	[   28]	              [in][sender]=SBSftpServer.TElSFTPServer
[2016-08-04 09:52:35.104]	[   28]	              [in][oldPath]=\TestSession_dbb2f961-b79a-4ebb-9fe0-94176f8d3779\8c376bcb-994c-43e7-958c-5cd1c96fa9a0appendFile.txttestext
[2016-08-04 09:52:35.104]	[   28]	              [in][newPath]=\TestSession_dbb2f961-b79a-4ebb-9fe0-94176f8d3779\8c376bcb-994c-43e7-958c-5cd1c96fa9a0appendFile.txt
[2016-08-04 09:52:35.104]	[   28]	              [in][flags]=0
[2016-08-04 09:52:35.104]	[   28]	              [in][errorCode]=0
[2016-08-04 09:52:35.104]	[   28]	              [in][comment]=No such file
[2016-08-04 09:52:35.104]	[   28]	              [out][errorCode]=0
[2016-08-04 09:52:35.104]	[   28]	              [out][comment]=No such file
[2016-08-04 09:52:35.104]	[   28]	SFTPOperations.OnRenameFile EXIT
[2016-08-04 09:52:35.104]	[   28]	=============================================================
FileTransferPath.GetDirectoryName: path=\TestSession_dbb2f961-b79a-4ebb-9fe0-94176f8d3779\8c376bcb-994c-43e7-958c-5cd1c96fa9a0appendFile.txt directorySeparator=
\TestSession_dbb2f961-b79a-4ebb-9fe0-94176f8d3779: FileTransferPath.GetDirectoryName: Path.GetDirectoryName={0}
[2016-08-04 09:52:35.105]	[   28]	=============================================================
[2016-08-04 09:52:35.105]	[   28]	SFTPOperations.OnRequestAbsolutePath ENTER 
[2016-08-04 09:52:35.105]	[   28]	              [in][sender]=SBSftpServer.TElSFTPServer
[2016-08-04 09:52:35.105]	[   28]	              [in][path]=.
[2016-08-04 09:52:35.105]	[   28]	              [in][absolutePath]=
[2016-08-04 09:52:35.105]	[   28]	              [in][control]=rcNoCheck
[2016-08-04 09:52:35.105]	[   28]	              [in][composePath]=SBStringList.TElStringList
[2016-08-04 09:52:35.105]	[   28]	              [in][errorCode]=0
[2016-08-04 09:52:35.105]	[   28]	              [in][comment]=No such file
[2016-08-04 09:52:35.105]	[   28]	              [out][absolutePath]=
[2016-08-04 09:52:35.105]	[   28]	              [out][errorCode]=0
[2016-08-04 09:52:35.105]	[   28]	              [out][comment]=No such file
[2016-08-04 09:52:35.105]	[   28]	SFTPOperations.OnRequestAbsolutePath EXIT
[2016-08-04 09:52:35.105]	[   28]	=============================================================
[2016-08-04 09:52:35.105]	[   28]	=============================================================
[2016-08-04 09:52:35.105]	[   28]	SFTPOperations.OnFindFirst ENTER 
[2016-08-04 09:52:35.105]	[   28]	              [in][sender]=SBSftpServer.TElSFTPServer
[2016-08-04 09:52:35.105]	[   28]	              [in][path]=\TestSession_dbb2f961-b79a-4ebb-9fe0-94176f8d3779
[2016-08-04 09:52:35.105]	[   28]	              [in][data]=
[2016-08-04 09:52:35.105]	[   28]	              [in][info]=SBSftpCommon.TElSftpFileInfo
[2016-08-04 09:52:35.105]	[   28]	              [in][errorCode]=0
[2016-08-04 09:52:35.105]	[   28]	              [in][comment]=No such file
[2016-08-04 09:52:35.105]	[   28]	              [out][data]=
[2016-08-04 09:52:35.105]	[   28]	              [out][errorCode]=0
[2016-08-04 09:52:35.105]	[   28]	              [out][comment]=No such file
[2016-08-04 09:52:35.105]	[   28]	SFTPOperations.OnFindFirst EXIT
[2016-08-04 09:52:35.106]	[   28]	=============================================================
[2016-08-04 09:52:35.106]	[   28]	=============================================================
[2016-08-04 09:52:35.106]	[   28]	SFTPOperations.OnFindNext ENTER 
[2016-08-04 09:52:35.106]	[   28]	              [in][sender]=SBSftpServer.TElSFTPServer
[2016-08-04 09:52:35.106]	[   28]	              [in][data]=
[2016-08-04 09:52:35.106]	[   28]	              [in][info]=SBSftpCommon.TElSftpFileInfo
[2016-08-04 09:52:35.106]	[   28]	              [in][errorCode]=0
[2016-08-04 09:52:35.106]	[   28]	              [in][comment]=
[2016-08-04 09:52:35.106]	[   28]	              [out][errorCode]=0
[2016-08-04 09:52:35.106]	[   28]	              [out][comment]=
[2016-08-04 09:52:35.106]	[   28]	SFTPOperations.OnFindNext EXIT
[2016-08-04 09:52:35.106]	[   28]	=============================================================
[2016-08-04 09:52:35.106]	[   28]	=============================================================
[2016-08-04 09:52:35.106]	[   28]	SFTPOperations.OnFindNext ENTER 
[2016-08-04 09:52:35.106]	[   28]	              [in][sender]=SBSftpServer.TElSFTPServer
[2016-08-04 09:52:35.106]	[   28]	              [in][data]=
[2016-08-04 09:52:35.106]	[   28]	              [in][info]=SBSftpCommon.TElSftpFileInfo
[2016-08-04 09:52:35.106]	[   28]	              [in][errorCode]=0
[2016-08-04 09:52:35.106]	[   28]	              [in][comment]=
[2016-08-04 09:52:35.106]	[   28]	              [out][errorCode]=0
[2016-08-04 09:52:35.106]	[   28]	              [out][comment]=
[2016-08-04 09:52:35.106]	[   28]	SFTPOperations.OnFindNext EXIT
[2016-08-04 09:52:35.106]	[   28]	=============================================================
[2016-08-04 09:52:35.106]	[   28]	=============================================================
[2016-08-04 09:52:35.106]	[   28]	SFTPOperations.OnFindNext ENTER 
[2016-08-04 09:52:35.106]	[   28]	              [in][sender]=SBSftpServer.TElSFTPServer
[2016-08-04 09:52:35.106]	[   28]	              [in][data]=
[2016-08-04 09:52:35.106]	[   28]	              [in][info]=SBSftpCommon.TElSftpFileInfo
[2016-08-04 09:52:35.106]	[   28]	              [in][errorCode]=0
[2016-08-04 09:52:35.106]	[   28]	              [in][comment]=
[2016-08-04 09:52:35.106]	[   28]	              [out][errorCode]=0
[2016-08-04 09:52:35.106]	[   28]	              [out][comment]=
[2016-08-04 09:52:35.107]	[   28]	SFTPOperations.OnFindNext EXIT
[2016-08-04 09:52:35.107]	[   28]	=============================================================
[2016-08-04 09:52:35.107]	[   28]	=============================================================
[2016-08-04 09:52:35.107]	[   28]	SFTPOperations.OnFindClose ENTER 
[2016-08-04 09:52:35.107]	[   28]	              [in][sender]=SBSftpServer.TElSFTPServer
[2016-08-04 09:52:35.107]	[   28]	              [in][searchRec]=
[2016-08-04 09:52:35.107]	[   28]	              [in][errorCode]=1
[2016-08-04 09:52:35.107]	[   28]	              [in][comment]=
[2016-08-04 09:52:35.107]	[   28]	              [out][errorCode]=1
[2016-08-04 09:52:35.107]	[   28]	              [out][comment]=
[2016-08-04 09:52:35.107]	[   28]	SFTPOperations.OnFindClose EXIT
[2016-08-04 09:52:35.107]	[   28]	=============================================================
[2016-08-04 09:52:35.108]	[   28]	=============================================================
[2016-08-04 09:52:35.108]	[   28]	SFTPOperations.OnRequestAbsolutePath ENTER 
[2016-08-04 09:52:35.108]	[   28]	              [in][sender]=SBSftpServer.TElSFTPServer
[2016-08-04 09:52:35.108]	[   28]	              [in][path]=.
[2016-08-04 09:52:35.108]	[   28]	              [in][absolutePath]=
[2016-08-04 09:52:35.108]	[   28]	              [in][control]=rcNoCheck
[2016-08-04 09:52:35.108]	[   28]	              [in][composePath]=SBStringList.TElStringList
[2016-08-04 09:52:35.108]	[   28]	              [in][errorCode]=0
[2016-08-04 09:52:35.108]	[   28]	              [in][comment]=
[2016-08-04 09:52:35.108]	[   28]	              [out][absolutePath]=
[2016-08-04 09:52:35.108]	[   28]	              [out][errorCode]=0
[2016-08-04 09:52:35.108]	[   28]	              [out][comment]=
[2016-08-04 09:52:35.108]	[   28]	SFTPOperations.OnRequestAbsolutePath EXIT
[2016-08-04 09:52:35.108]	[   28]	=============================================================
[2016-08-04 09:52:35.108]	[   28]	=============================================================
[2016-08-04 09:52:35.108]	[   28]	SFTPOperations.OnRequestAbsolutePath ENTER 
[2016-08-04 09:52:35.108]	[   28]	              [in][sender]=SBSftpServer.TElSFTPServer
[2016-08-04 09:52:35.108]	[   28]	              [in][path]=.
[2016-08-04 09:52:35.108]	[   28]	              [in][absolutePath]=
[2016-08-04 09:52:35.108]	[   28]	              [in][control]=rcNoCheck
[2016-08-04 09:52:35.108]	[   28]	              [in][composePath]=SBStringList.TElStringList
[2016-08-04 09:52:35.108]	[   28]	              [in][errorCode]=0
[2016-08-04 09:52:35.108]	[   28]	              [in][comment]=
[2016-08-04 09:52:35.108]	[   28]	              [out][absolutePath]=
[2016-08-04 09:52:35.109]	[   28]	              [out][errorCode]=0
[2016-08-04 09:52:35.109]	[   28]	              [out][comment]=
[2016-08-04 09:52:35.109]	[   28]	SFTPOperations.OnRequestAbsolutePath EXIT
[2016-08-04 09:52:35.109]	[   28]	=============================================================
[2016-08-04 09:52:35.109]	[   28]	=============================================================
[2016-08-04 09:52:35.109]	[   28]	SFTPOperations.OnRequestAttributes ENTER 
[2016-08-04 09:52:35.109]	[   28]	              [in][sender]=SBSftpServer.TElSFTPServer
[2016-08-04 09:52:35.109]	[   28]	              [in][path]=\TestSession_dbb2f961-b79a-4ebb-9fe0-94176f8d3779\8c376bcb-994c-43e7-958c-5cd1c96fa9a0appendFile.txttestext
[2016-08-04 09:52:35.109]	[   28]	              [in][followSymLinks]=True
[2016-08-04 09:52:35.109]	[   28]	              [in][attributes]=SBSftpCommon.TElSftpFileAttributes
[2016-08-04 09:52:35.109]	[   28]	              [in][errorCode]=0
[2016-08-04 09:52:35.109]	[   28]	              [in][comment]=
[2016-08-04 09:52:35.109]	[   28]	              [out][errorCode]=0
[2016-08-04 09:52:35.109]	[   28]	              [out][comment]=
[2016-08-04 09:52:35.109]	[   28]	SFTPOperations.OnRequestAttributes EXIT
[2016-08-04 09:52:35.109]	[   28]	=============================================================
[2016-08-04 09:52:35.109]	[   28]	=============================================================
[2016-08-04 09:52:35.110]	[   28]	SFTPOperations.OnRenameFile ENTER 
[2016-08-04 09:52:35.110]	[   28]	              [in][sender]=SBSftpServer.TElSFTPServer
[2016-08-04 09:52:35.110]	[   28]	              [in][oldPath]=\TestSession_dbb2f961-b79a-4ebb-9fe0-94176f8d3779\8c376bcb-994c-43e7-958c-5cd1c96fa9a0appendFile.txt
[2016-08-04 09:52:35.110]	[   28]	              [in][newPath]=\TestSession_dbb2f961-b79a-4ebb-9fe0-94176f8d3779\8c376bcb-994c-43e7-958c-5cd1c96fa9a0appendFile.txttestext
[2016-08-04 09:52:35.110]	[   28]	              [in][flags]=0
[2016-08-04 09:52:35.110]	[   28]	              [in][errorCode]=2
[2016-08-04 09:52:35.110]	[   28]	              [in][comment]=No such file
[2016-08-04 09:52:35.110]	[   28]	              [out][errorCode]=2
[2016-08-04 09:52:35.110]	[   28]	              [out][comment]=No such file
[2016-08-04 09:52:35.110]	[   28]	SFTPOperations.OnRenameFile EXIT
[2016-08-04 09:52:35.110]	[   28]	=============================================================
[2016-08-04 09:52:35.110]	[   28]	=============================================================
[2016-08-04 09:52:35.110]	[   28]	SFTPOperations.OnRequestAbsolutePath ENTER 
[2016-08-04 09:52:35.110]	[   28]	              [in][sender]=SBSftpServer.TElSFTPServer
[2016-08-04 09:52:35.110]	[   28]	              [in][path]=.
[2016-08-04 09:52:35.110]	[   28]	              [in][absolutePath]=
[2016-08-04 09:52:35.110]	[   28]	              [in][control]=rcNoCheck
[2016-08-04 09:52:35.110]	[   28]	              [in][composePath]=SBStringList.TElStringList
[2016-08-04 09:52:35.110]	[   28]	              [in][errorCode]=0
[2016-08-04 09:52:35.110]	[   28]	              [in][comment]=No such file
[2016-08-04 09:52:35.110]	[   28]	              [out][absolutePath]=
[2016-08-04 09:52:35.110]	[   28]	              [out][errorCode]=0
[2016-08-04 09:52:35.110]	[   28]	              [out][comment]=No such file
[2016-08-04 09:52:35.110]	[   28]	SFTPOperations.OnRequestAbsolutePath EXIT
[2016-08-04 09:52:35.110]	[   28]	=============================================================
[2016-08-04 09:52:35.110]	[   28]	=============================================================
[2016-08-04 09:52:35.110]	[   28]	SFTPOperations.OnRequestAttributes ENTER 
[2016-08-04 09:52:35.110]	[   28]	              [in][sender]=SBSftpServer.TElSFTPServer
[2016-08-04 09:52:35.110]	[   28]	              [in][path]=\TestSession_dbb2f961-b79a-4ebb-9fe0-94176f8d3779\8c376bcb-994c-43e7-958c-5cd1c96fa9a0appendFile.txttestext
[2016-08-04 09:52:35.110]	[   28]	              [in][followSymLinks]=True
[2016-08-04 09:52:35.110]	[   28]	              [in][attributes]=SBSftpCommon.TElSftpFileAttributes
[2016-08-04 09:52:35.111]	[   28]	              [in][errorCode]=0
[2016-08-04 09:52:35.111]	[   28]	              [in][comment]=No such file
[2016-08-04 09:52:35.111]	[   28]	              [out][errorCode]=0
[2016-08-04 09:52:35.111]	[   28]	              [out][comment]=No such file
[2016-08-04 09:52:35.111]	[   28]	SFTPOperations.OnRequestAttributes EXIT
[2016-08-04 09:52:35.111]	[   28]	=============================================================
[2016-08-04 09:52:35.111]	[   28]	=============================================================
[2016-08-04 09:52:35.111]	[   28]	SFTPOperations.OnRequestAttributes ENTER 
[2016-08-04 09:52:35.112]	[   28]	              [in][sender]=SBSftpServer.TElSFTPServer
[2016-08-04 09:52:35.112]	[   28]	              [in][path]=\TestSession_dbb2f961-b79a-4ebb-9fe0-94176f8d3779
[2016-08-04 09:52:35.112]	[   28]	              [in][followSymLinks]=True
[2016-08-04 09:52:35.112]	[   28]	              [in][attributes]=SBSftpCommon.TElSftpFileAttributes
[2016-08-04 09:52:35.112]	[   28]	              [in][errorCode]=0
[2016-08-04 09:52:35.112]	[   28]	              [in][comment]=No such file
[2016-08-04 09:52:35.112]	[   28]	              [out][errorCode]=0
[2016-08-04 09:52:35.112]	[   28]	              [out][comment]=No such file
[2016-08-04 09:52:35.112]	[   28]	SFTPOperations.OnRequestAttributes EXIT
[2016-08-04 09:52:35.112]	[   28]	=============================================================
[2016-08-04 09:52:35.112]	[   28]	=============================================================
[2016-08-04 09:52:35.112]	[   28]	SFTPOperations.OnOpenFile ENTER (2)
[2016-08-04 09:52:35.112]	[   28]	              [in][sender]=SBSftpServer.TElSFTPServer
[2016-08-04 09:52:35.112]	[   28]	              [in][path]=\TestSession_dbb2f961-b79a-4ebb-9fe0-94176f8d3779\8c376bcb-994c-43e7-958c-5cd1c96fa9a0appendFile.txttestext
[2016-08-04 09:52:35.112]	[   28]	              [in][modes]=134
[2016-08-04 09:52:35.112]	[   28]	              [in][Access]=0
[2016-08-04 09:52:35.112]	[   28]	              [in][desiredAccess]=6
[2016-08-04 09:52:35.112]	[   28]	              [in][attributes]=SBSftpCommon.TElSftpFileAttributes
[2016-08-04 09:52:35.112]	[   28]	              [in][data]=
[2016-08-04 09:52:35.112]	[   28]	              [in][errorCode]=0
[2016-08-04 09:52:35.112]	[   28]	              [in][comment]=No such file
[2016-08-04 09:52:35.112]	[   28]	              [out][data]=
[2016-08-04 09:52:35.112]	[   28]	              [out][errorCode]=0
[2016-08-04 09:52:35.112]	[   28]	              [out][comment]=No such file
[2016-08-04 09:52:35.112]	[   28]	SFTPOperations.OnOpenFile EXIT
[2016-08-04 09:52:35.112]	[   28]	=============================================================
[2016-08-04 09:52:35.113]	[   28]	=============================================================
[2016-08-04 09:52:35.113]	[   28]	SFTPOperations.OnWriteFile ENTER (2)
[2016-08-04 09:52:35.113]	[   28]	              [in][sender]=SBSftpServer.TElSFTPServer
[2016-08-04 09:52:35.113]	[   28]	              [in][data]=System.IO.FileStream
[2016-08-04 09:52:35.113]	[   28]	              [in][offset]=2584
[2016-08-04 09:52:35.113]	[   28]	              [in][buffer]=System.Byte[]
[2016-08-04 09:52:35.113]	[   28]	              [in][bufferOffset]=25
[2016-08-04 09:52:35.113]	[   28]	              [in][count]=2584
[2016-08-04 09:52:35.113]	[   28]	              [in][errorCode]=0
[2016-08-04 09:52:35.113]	[   28]	              [in][comment]=No such file
[2016-08-04 09:52:35.113]	[   28]	              [out][errorCode]=0
[2016-08-04 09:52:35.113]	[   28]	              [out][comment]=No such file
[2016-08-04 09:52:35.113]	[   28]	SFTPOperations.OnWriteFile EXIT
[2016-08-04 09:52:35.113]	[   28]	=============================================================
[2016-08-04 09:52:35.114]	[   28]	=============================================================
[2016-08-04 09:52:35.114]	[   28]	SFTPOperations.OnCloseHandle ENTER (2)
[2016-08-04 09:52:35.114]	[   28]	              [in][sender]=SBSftpServer.TElSFTPServer
[2016-08-04 09:52:35.114]	[   28]	              [in][data]=System.IO.FileStream
[2016-08-04 09:52:35.114]	[   28]	              [in][errorCode]=0
[2016-08-04 09:52:35.114]	[   28]	              [in][comment]=No such file
[2016-08-04 09:52:35.118]	[   28]	              [out][errorCode]=0
[2016-08-04 09:52:35.118]	[   28]	              [out][comment]=No such file
[2016-08-04 09:52:35.118]	[   28]	SFTPOperations.OnCloseHandle EXIT
[2016-08-04 09:52:35.118]	[   28]	=============================================================
[2016-08-04 09:52:35.118]	[   28]	=============================================================
[2016-08-04 09:52:35.118]	[   28]	SFTPOperations.OnRequestAbsolutePath ENTER 
[2016-08-04 09:52:35.118]	[   28]	              [in][sender]=SBSftpServer.TElSFTPServer
[2016-08-04 09:52:35.118]	[   28]	              [in][path]=.
[2016-08-04 09:52:35.119]	[   28]	              [in][absolutePath]=
[2016-08-04 09:52:35.119]	[   28]	              [in][control]=rcNoCheck
[2016-08-04 09:52:35.119]	[   28]	              [in][composePath]=SBStringList.TElStringList
[2016-08-04 09:52:35.119]	[   28]	              [in][errorCode]=0
[2016-08-04 09:52:35.119]	[   28]	              [in][comment]=No such file
[2016-08-04 09:52:35.119]	[   28]	              [out][absolutePath]=
[2016-08-04 09:52:35.119]	[   28]	              [out][errorCode]=0
[2016-08-04 09:52:35.119]	[   28]	              [out][comment]=No such file
[2016-08-04 09:52:35.119]	[   28]	SFTPOperations.OnRequestAbsolutePath EXIT
[2016-08-04 09:52:35.119]	[   28]	=============================================================
[2016-08-04 09:52:35.119]	[   28]	=============================================================
[2016-08-04 09:52:35.119]	[   28]	SFTPOperations.OnRequestAbsolutePath ENTER 
[2016-08-04 09:52:35.119]	[   28]	              [in][sender]=SBSftpServer.TElSFTPServer
[2016-08-04 09:52:35.119]	[   28]	              [in][path]=.
[2016-08-04 09:52:35.119]	[   28]	              [in][absolutePath]=
[2016-08-04 09:52:35.119]	[   28]	              [in][control]=rcNoCheck
[2016-08-04 09:52:35.119]	[   28]	              [in][composePath]=SBStringList.TElStringList
[2016-08-04 09:52:35.119]	[   28]	              [in][errorCode]=0
[2016-08-04 09:52:35.119]	[   28]	              [in][comment]=No such file
[2016-08-04 09:52:35.119]	[   28]	              [out][absolutePath]=
[2016-08-04 09:52:35.119]	[   28]	              [out][errorCode]=0
[2016-08-04 09:52:35.119]	[   28]	              [out][comment]=No such file
[2016-08-04 09:52:35.119]	[   28]	SFTPOperations.OnRequestAbsolutePath EXIT
[2016-08-04 09:52:35.119]	[   28]	=============================================================
[2016-08-04 09:52:35.119]	[   28]	=============================================================
[2016-08-04 09:52:35.120]	[   28]	SFTPOperations.OnRenameFile ENTER 
[2016-08-04 09:52:35.120]	[   28]	              [in][sender]=SBSftpServer.TElSFTPServer
[2016-08-04 09:52:35.120]	[   28]	              [in][oldPath]=\TestSession_dbb2f961-b79a-4ebb-9fe0-94176f8d3779\8c376bcb-994c-43e7-958c-5cd1c96fa9a0appendFile.txttestext
[2016-08-04 09:52:35.120]	[   28]	              [in][newPath]=\TestSession_dbb2f961-b79a-4ebb-9fe0-94176f8d3779\8c376bcb-994c-43e7-958c-5cd1c96fa9a0appendFile.txt
[2016-08-04 09:52:35.120]	[   28]	              [in][flags]=0
[2016-08-04 09:52:35.120]	[   28]	              [in][errorCode]=0
[2016-08-04 09:52:35.120]	[   28]	              [in][comment]=No such file
[2016-08-04 09:52:35.120]	[   28]	              [out][errorCode]=0
[2016-08-04 09:52:35.120]	[   28]	              [out][comment]=No such file
[2016-08-04 09:52:35.120]	[   28]	SFTPOperations.OnRenameFile EXIT
[2016-08-04 09:52:35.120]	[   28]	=============================================================
[2016-08-04 09:52:35.120]	[   28]	=============================================================
[2016-08-04 09:52:35.120]	[   28]	SFTPOperations.OnRequestAbsolutePath ENTER 
[2016-08-04 09:52:35.120]	[   28]	              [in][sender]=SBSftpServer.TElSFTPServer
[2016-08-04 09:52:35.120]	[   28]	              [in][path]=.
[2016-08-04 09:52:35.120]	[   28]	              [in][absolutePath]=
[2016-08-04 09:52:35.120]	[   28]	              [in][control]=rcNoCheck
[2016-08-04 09:52:35.120]	[   28]	              [in][composePath]=SBStringList.TElStringList
[2016-08-04 09:52:35.120]	[   28]	              [in][errorCode]=0
[2016-08-04 09:52:35.120]	[   28]	              [in][comment]=No such file
[2016-08-04 09:52:35.120]	[   28]	              [out][absolutePath]=
[2016-08-04 09:52:35.121]	[   28]	              [out][errorCode]=0
[2016-08-04 09:52:35.121]	[   28]	              [out][comment]=No such file
[2016-08-04 09:52:35.121]	[   28]	SFTPOperations.OnRequestAbsolutePath EXIT
[2016-08-04 09:52:35.121]	[   28]	=============================================================
[2016-08-04 09:52:35.121]	[   26]	Socket receive operation failed: An established connection was aborted by the software in your host machine
[2016-08-04 09:52:35.121]	[   33]	Stopping socket listener
[2016-08-04 09:52:35.121]	[   26]	Closing the socket
[2016-08-04 09:52:35.121]	[   33]	Socket listener stopped
[2016-08-04 09:52:35.121]	[   26]	ServerListener.OnSessionClosed()</StdOut>
      </Output>
    </UnitTestResult>
    <UnitTestResult executionId="07ba6531-1954-49f8-be99-d21b84be5da0" testId="4a4debe9-9bd0-ce4c-80bf-b5da07a697d7" testName="WriteFromFile_StoreModeIsOverwrite_FileIsOverwritten" computerName="ICSWS068" duration="00:00:00.2775706" startTime="2016-08-04T09:52:35.1351615+02:00" endTime="2016-08-04T09:52:35.4144198+02:00" testType="13cdc9d9-ddb5-4fa4-a97d-d965ccfc6d4b" outcome="Passed" testListId="8c84fa94-04c1-424b-9868-57a2d4851a1d" relativeResultsDirectory="07ba6531-1954-49f8-be99-d21b84be5da0">
      <Output>
        <StdOut>Debug Trace:
[2016-08-04 09:52:35.139]	[   22]	Starting SSH server listener...
[2016-08-04 09:52:35.139]	[   22]	SSH server listener started.
[2016-08-04 09:52:35.190]	[   23]	ServerListener.Listen : New connection available
[2016-08-04 09:52:35.190]	[   23]	Connection accepted. Active connections 1 from 20
[2016-08-04 09:52:35.277]	[   29]	Subsystem sftp opened
[2016-08-04 09:52:35.277]	[   29]	SFTP server started
[2016-08-04 09:52:35.278]	[   30]	=============================================================
[2016-08-04 09:52:35.278]	[   30]	SFTPOperations.OnOpen ENTER (2)
[2016-08-04 09:52:35.278]	[   30]	              [in][sender]=SBSftpServer.TElSFTPServer
[2016-08-04 09:52:35.278]	[   30]	SFTP connection established
[2016-08-04 09:52:35.278]	[   30]	SFTPOperations.OnOpen EXIT
[2016-08-04 09:52:35.278]	[   30]	=============================================================
[2016-08-04 09:52:35.278]	[   30]	=============================================================
[2016-08-04 09:52:35.278]	[   30]	SFTPOperations.OnRequestAbsolutePath ENTER 
[2016-08-04 09:52:35.278]	[   30]	              [in][sender]=SBSftpServer.TElSFTPServer
[2016-08-04 09:52:35.278]	[   30]	              [in][path]=.
[2016-08-04 09:52:35.278]	[   30]	              [in][absolutePath]=
[2016-08-04 09:52:35.278]	[   30]	              [in][control]=rcNoCheck
[2016-08-04 09:52:35.278]	[   30]	              [in][composePath]=SBStringList.TElStringList
[2016-08-04 09:52:35.278]	[   30]	              [in][errorCode]=0
[2016-08-04 09:52:35.278]	[   30]	              [in][comment]=
[2016-08-04 09:52:35.278]	[   30]	              [out][absolutePath]=
[2016-08-04 09:52:35.278]	[   30]	              [out][errorCode]=0
[2016-08-04 09:52:35.278]	[   30]	              [out][comment]=
[2016-08-04 09:52:35.278]	[   30]	SFTPOperations.OnRequestAbsolutePath EXIT
[2016-08-04 09:52:35.278]	[   30]	=============================================================
[2016-08-04 09:52:35.278]	[   30]	=============================================================
[2016-08-04 09:52:35.278]	[   30]	SFTPOperations.OnCreateDirectory ENTER 
[2016-08-04 09:52:35.278]	[   30]	              [in][sender]=SBSftpServer.TElSFTPServer
[2016-08-04 09:52:35.278]	[   30]	              [in][path]=\TestSession_935a4720-fe4b-4308-a34a-85e2ed90624c
[2016-08-04 09:52:35.279]	[   30]	              [in][attributes]=
[2016-08-04 09:52:35.279]	[   30]	              [in][errorCode]=0
[2016-08-04 09:52:35.279]	[   30]	              [in][comment]=
[2016-08-04 09:52:35.279]	[   30]	              [out][errorCode]=0
[2016-08-04 09:52:35.279]	[   30]	              [out][comment]=
[2016-08-04 09:52:35.279]	[   30]	SFTPOperations.OnCreateDirectory EXIT
[2016-08-04 09:52:35.279]	[   30]	=============================================================
[2016-08-04 09:52:35.279]	[   29]	Socket receive operation failed: An established connection was aborted by the software in your host machine
[2016-08-04 09:52:35.279]	[   29]	Closing the socket
[2016-08-04 09:52:35.279]	[   29]	ServerListener.OnSessionClosed()
[2016-08-04 09:52:35.291]	[   23]	ServerListener.Listen : New connection available
[2016-08-04 09:52:35.292]	[   23]	Connection accepted. Active connections 1 from 20
[2016-08-04 09:52:35.378]	[   32]	Subsystem sftp opened
[2016-08-04 09:52:35.379]	[   32]	SFTP server started
[2016-08-04 09:52:35.379]	[   19]	=============================================================
[2016-08-04 09:52:35.379]	[   19]	SFTPOperations.OnOpen ENTER (1)
[2016-08-04 09:52:35.379]	[   19]	              [in][sender]=SBSftpServer.TElSFTPServer
[2016-08-04 09:52:35.379]	[   19]	SFTP connection established
[2016-08-04 09:52:35.379]	[   19]	SFTPOperations.OnOpen EXIT
[2016-08-04 09:52:35.379]	[   19]	=============================================================
[2016-08-04 09:52:35.379]	[   19]	=============================================================
[2016-08-04 09:52:35.379]	[   19]	SFTPOperations.OnRequestAbsolutePath ENTER 
[2016-08-04 09:52:35.379]	[   19]	              [in][sender]=SBSftpServer.TElSFTPServer
[2016-08-04 09:52:35.380]	[   19]	              [in][path]=.
[2016-08-04 09:52:35.380]	[   19]	              [in][absolutePath]=
[2016-08-04 09:52:35.380]	[   19]	              [in][control]=rcNoCheck
[2016-08-04 09:52:35.380]	[   19]	              [in][composePath]=SBStringList.TElStringList
[2016-08-04 09:52:35.380]	[   19]	              [in][errorCode]=0
[2016-08-04 09:52:35.380]	[   19]	              [in][comment]=
[2016-08-04 09:52:35.380]	[   19]	              [out][absolutePath]=
[2016-08-04 09:52:35.380]	[   19]	              [out][errorCode]=0
[2016-08-04 09:52:35.380]	[   19]	              [out][comment]=
[2016-08-04 09:52:35.380]	[   19]	SFTPOperations.OnRequestAbsolutePath EXIT
[2016-08-04 09:52:35.380]	[   19]	=============================================================
FileTransferPath.GetDirectoryName: path=\TestSession_935a4720-fe4b-4308-a34a-85e2ed90624c\29e56756-6b0c-4c63-a914-bfafe9f8cae1overwriteFile.txt directorySeparator=
\TestSession_935a4720-fe4b-4308-a34a-85e2ed90624c: FileTransferPath.GetDirectoryName: Path.GetDirectoryName={0}
[2016-08-04 09:52:35.380]	[   19]	=============================================================
[2016-08-04 09:52:35.380]	[   19]	SFTPOperations.OnRequestAbsolutePath ENTER 
[2016-08-04 09:52:35.380]	[   19]	              [in][sender]=SBSftpServer.TElSFTPServer
[2016-08-04 09:52:35.380]	[   19]	              [in][path]=.
[2016-08-04 09:52:35.380]	[   19]	              [in][absolutePath]=
[2016-08-04 09:52:35.380]	[   19]	              [in][control]=rcNoCheck
[2016-08-04 09:52:35.380]	[   19]	              [in][composePath]=SBStringList.TElStringList
[2016-08-04 09:52:35.380]	[   19]	              [in][errorCode]=0
[2016-08-04 09:52:35.380]	[   19]	              [in][comment]=
[2016-08-04 09:52:35.380]	[   19]	              [out][absolutePath]=
[2016-08-04 09:52:35.380]	[   19]	              [out][errorCode]=0
[2016-08-04 09:52:35.380]	[   19]	              [out][comment]=
[2016-08-04 09:52:35.380]	[   19]	SFTPOperations.OnRequestAbsolutePath EXIT
[2016-08-04 09:52:35.380]	[   19]	=============================================================
[2016-08-04 09:52:35.381]	[   19]	=============================================================
[2016-08-04 09:52:35.381]	[   19]	SFTPOperations.OnFindFirst ENTER 
[2016-08-04 09:52:35.381]	[   19]	              [in][sender]=SBSftpServer.TElSFTPServer
[2016-08-04 09:52:35.381]	[   19]	              [in][path]=\TestSession_935a4720-fe4b-4308-a34a-85e2ed90624c
[2016-08-04 09:52:35.381]	[   19]	              [in][data]=
[2016-08-04 09:52:35.381]	[   19]	              [in][info]=SBSftpCommon.TElSftpFileInfo
[2016-08-04 09:52:35.381]	[   19]	              [in][errorCode]=0
[2016-08-04 09:52:35.381]	[   19]	              [in][comment]=
[2016-08-04 09:52:35.381]	[   19]	              [out][data]=
[2016-08-04 09:52:35.381]	[   19]	              [out][errorCode]=0
[2016-08-04 09:52:35.381]	[   19]	              [out][comment]=
[2016-08-04 09:52:35.381]	[   19]	SFTPOperations.OnFindFirst EXIT
[2016-08-04 09:52:35.381]	[   19]	=============================================================
[2016-08-04 09:52:35.381]	[   19]	=============================================================
[2016-08-04 09:52:35.381]	[   19]	SFTPOperations.OnFindNext ENTER 
[2016-08-04 09:52:35.381]	[   19]	              [in][sender]=SBSftpServer.TElSFTPServer
[2016-08-04 09:52:35.381]	[   19]	              [in][data]=
[2016-08-04 09:52:35.381]	[   19]	              [in][info]=SBSftpCommon.TElSftpFileInfo
[2016-08-04 09:52:35.381]	[   19]	              [in][errorCode]=0
[2016-08-04 09:52:35.381]	[   19]	              [in][comment]=
[2016-08-04 09:52:35.382]	[   19]	              [out][errorCode]=0
[2016-08-04 09:52:35.382]	[   19]	              [out][comment]=
[2016-08-04 09:52:35.382]	[   19]	SFTPOperations.OnFindNext EXIT
[2016-08-04 09:52:35.382]	[   19]	=============================================================
[2016-08-04 09:52:35.382]	[   19]	=============================================================
[2016-08-04 09:52:35.382]	[   19]	SFTPOperations.OnFindNext ENTER 
[2016-08-04 09:52:35.382]	[   19]	              [in][sender]=SBSftpServer.TElSFTPServer
[2016-08-04 09:52:35.382]	[   19]	              [in][data]=
[2016-08-04 09:52:35.382]	[   19]	              [in][info]=SBSftpCommon.TElSftpFileInfo
[2016-08-04 09:52:35.382]	[   19]	              [in][errorCode]=0
[2016-08-04 09:52:35.382]	[   19]	              [in][comment]=
[2016-08-04 09:52:35.382]	[   19]	              [out][errorCode]=0
[2016-08-04 09:52:35.382]	[   19]	              [out][comment]=
[2016-08-04 09:52:35.382]	[   19]	SFTPOperations.OnFindNext EXIT
[2016-08-04 09:52:35.382]	[   19]	=============================================================
[2016-08-04 09:52:35.383]	[   19]	=============================================================
[2016-08-04 09:52:35.383]	[   19]	SFTPOperations.OnFindClose ENTER 
[2016-08-04 09:52:35.383]	[   19]	              [in][sender]=SBSftpServer.TElSFTPServer
[2016-08-04 09:52:35.383]	[   19]	              [in][searchRec]=
[2016-08-04 09:52:35.383]	[   19]	              [in][errorCode]=1
[2016-08-04 09:52:35.383]	[   19]	              [in][comment]=
[2016-08-04 09:52:35.383]	[   19]	              [out][errorCode]=1
[2016-08-04 09:52:35.383]	[   19]	              [out][comment]=
[2016-08-04 09:52:35.383]	[   19]	SFTPOperations.OnFindClose EXIT
[2016-08-04 09:52:35.383]	[   19]	=============================================================
[2016-08-04 09:52:35.383]	[   19]	=============================================================
[2016-08-04 09:52:35.383]	[   19]	SFTPOperations.OnRequestAbsolutePath ENTER 
[2016-08-04 09:52:35.383]	[   19]	              [in][sender]=SBSftpServer.TElSFTPServer
[2016-08-04 09:52:35.383]	[   19]	              [in][path]=.
[2016-08-04 09:52:35.383]	[   19]	              [in][absolutePath]=
[2016-08-04 09:52:35.383]	[   19]	              [in][control]=rcNoCheck
[2016-08-04 09:52:35.383]	[   19]	              [in][composePath]=SBStringList.TElStringList
[2016-08-04 09:52:35.383]	[   19]	              [in][errorCode]=0
[2016-08-04 09:52:35.383]	[   19]	              [in][comment]=
[2016-08-04 09:52:35.383]	[   19]	              [out][absolutePath]=
[2016-08-04 09:52:35.383]	[   19]	              [out][errorCode]=0
[2016-08-04 09:52:35.383]	[   19]	              [out][comment]=
[2016-08-04 09:52:35.383]	[   19]	SFTPOperations.OnRequestAbsolutePath EXIT
[2016-08-04 09:52:35.383]	[   19]	=============================================================
[2016-08-04 09:52:35.384]	[   19]	=============================================================
[2016-08-04 09:52:35.384]	[   19]	SFTPOperations.OnRequestAttributes ENTER 
[2016-08-04 09:52:35.384]	[   19]	              [in][sender]=SBSftpServer.TElSFTPServer
[2016-08-04 09:52:35.384]	[   19]	              [in][path]=\TestSession_935a4720-fe4b-4308-a34a-85e2ed90624c
[2016-08-04 09:52:35.384]	[   19]	              [in][followSymLinks]=True
[2016-08-04 09:52:35.384]	[   19]	              [in][attributes]=SBSftpCommon.TElSftpFileAttributes
[2016-08-04 09:52:35.384]	[   19]	              [in][errorCode]=0
[2016-08-04 09:52:35.384]	[   19]	              [in][comment]=
[2016-08-04 09:52:35.384]	[   19]	              [out][errorCode]=0
[2016-08-04 09:52:35.384]	[   19]	              [out][comment]=
[2016-08-04 09:52:35.384]	[   19]	SFTPOperations.OnRequestAttributes EXIT
[2016-08-04 09:52:35.384]	[   19]	=============================================================
[2016-08-04 09:52:35.384]	[   19]	=============================================================
[2016-08-04 09:52:35.384]	[   19]	SFTPOperations.OnOpenFile ENTER (1)
[2016-08-04 09:52:35.384]	[   19]	              [in][sender]=SBSftpServer.TElSFTPServer
[2016-08-04 09:52:35.384]	[   19]	              [in][path]=\TestSession_935a4720-fe4b-4308-a34a-85e2ed90624c\29e56756-6b0c-4c63-a914-bfafe9f8cae1overwriteFile.txttestext
[2016-08-04 09:52:35.384]	[   19]	              [in][modes]=26
[2016-08-04 09:52:35.384]	[   19]	              [in][Access]=0
[2016-08-04 09:52:35.384]	[   19]	              [in][desiredAccess]=2
[2016-08-04 09:52:35.384]	[   19]	              [in][attributes]=SBSftpCommon.TElSftpFileAttributes
[2016-08-04 09:52:35.384]	[   19]	              [in][data]=
[2016-08-04 09:52:35.384]	[   19]	              [in][errorCode]=0
[2016-08-04 09:52:35.385]	[   19]	              [in][comment]=
[2016-08-04 09:52:35.385]	[   19]	              [out][data]=
[2016-08-04 09:52:35.385]	[   19]	              [out][errorCode]=0
[2016-08-04 09:52:35.385]	[   19]	              [out][comment]=
[2016-08-04 09:52:35.385]	[   19]	SFTPOperations.OnOpenFile EXIT
[2016-08-04 09:52:35.385]	[   19]	=============================================================
[2016-08-04 09:52:35.385]	[   19]	=============================================================
[2016-08-04 09:52:35.385]	[   19]	SFTPOperations.OnWriteFile ENTER (1)
[2016-08-04 09:52:35.386]	[   19]	              [in][sender]=SBSftpServer.TElSFTPServer
[2016-08-04 09:52:35.386]	[   19]	              [in][data]=System.IO.FileStream
[2016-08-04 09:52:35.386]	[   19]	              [in][offset]=0
[2016-08-04 09:52:35.386]	[   19]	              [in][buffer]=System.Byte[]
[2016-08-04 09:52:35.386]	[   19]	              [in][bufferOffset]=25
[2016-08-04 09:52:35.386]	[   19]	              [in][count]=2584
[2016-08-04 09:52:35.386]	[   19]	              [in][errorCode]=0
[2016-08-04 09:52:35.386]	[   19]	              [in][comment]=
[2016-08-04 09:52:35.386]	[   19]	              [out][errorCode]=0
[2016-08-04 09:52:35.386]	[   19]	              [out][comment]=
[2016-08-04 09:52:35.386]	[   19]	SFTPOperations.OnWriteFile EXIT
[2016-08-04 09:52:35.386]	[   19]	=============================================================
[2016-08-04 09:52:35.386]	[   19]	=============================================================
[2016-08-04 09:52:35.386]	[   19]	SFTPOperations.OnCloseHandle ENTER (1)
[2016-08-04 09:52:35.386]	[   19]	              [in][sender]=SBSftpServer.TElSFTPServer
[2016-08-04 09:52:35.386]	[   19]	              [in][data]=System.IO.FileStream
[2016-08-04 09:52:35.386]	[   19]	              [in][errorCode]=0
[2016-08-04 09:52:35.386]	[   19]	              [in][comment]=
[2016-08-04 09:52:35.387]	[   19]	              [out][errorCode]=0
[2016-08-04 09:52:35.387]	[   19]	              [out][comment]=
[2016-08-04 09:52:35.387]	[   19]	SFTPOperations.OnCloseHandle EXIT
[2016-08-04 09:52:35.387]	[   19]	=============================================================
[2016-08-04 09:52:35.387]	[   19]	=============================================================
[2016-08-04 09:52:35.387]	[   19]	SFTPOperations.OnRequestAbsolutePath ENTER 
[2016-08-04 09:52:35.387]	[   19]	              [in][sender]=SBSftpServer.TElSFTPServer
[2016-08-04 09:52:35.387]	[   19]	              [in][path]=.
[2016-08-04 09:52:35.387]	[   19]	              [in][absolutePath]=
[2016-08-04 09:52:35.387]	[   19]	              [in][control]=rcNoCheck
[2016-08-04 09:52:35.387]	[   19]	              [in][composePath]=SBStringList.TElStringList
[2016-08-04 09:52:35.387]	[   19]	              [in][errorCode]=0
[2016-08-04 09:52:35.387]	[   19]	              [in][comment]=
[2016-08-04 09:52:35.387]	[   19]	              [out][absolutePath]=
[2016-08-04 09:52:35.387]	[   19]	              [out][errorCode]=0
[2016-08-04 09:52:35.387]	[   19]	              [out][comment]=
[2016-08-04 09:52:35.387]	[   19]	SFTPOperations.OnRequestAbsolutePath EXIT
[2016-08-04 09:52:35.387]	[   19]	=============================================================
[2016-08-04 09:52:35.388]	[   19]	=============================================================
[2016-08-04 09:52:35.388]	[   19]	SFTPOperations.OnRequestAbsolutePath ENTER 
[2016-08-04 09:52:35.388]	[   19]	              [in][sender]=SBSftpServer.TElSFTPServer
[2016-08-04 09:52:35.388]	[   19]	              [in][path]=.
[2016-08-04 09:52:35.388]	[   19]	              [in][absolutePath]=
[2016-08-04 09:52:35.388]	[   19]	              [in][control]=rcNoCheck
[2016-08-04 09:52:35.388]	[   19]	              [in][composePath]=SBStringList.TElStringList
[2016-08-04 09:52:35.388]	[   19]	              [in][errorCode]=0
[2016-08-04 09:52:35.388]	[   19]	              [in][comment]=
[2016-08-04 09:52:35.388]	[   19]	              [out][absolutePath]=
[2016-08-04 09:52:35.388]	[   19]	              [out][errorCode]=0
[2016-08-04 09:52:35.388]	[   19]	              [out][comment]=
[2016-08-04 09:52:35.388]	[   19]	SFTPOperations.OnRequestAbsolutePath EXIT
[2016-08-04 09:52:35.388]	[   19]	=============================================================
[2016-08-04 09:52:35.388]	[   19]	=============================================================
[2016-08-04 09:52:35.388]	[   19]	SFTPOperations.OnRequestAttributes ENTER 
[2016-08-04 09:52:35.388]	[   19]	              [in][sender]=SBSftpServer.TElSFTPServer
[2016-08-04 09:52:35.388]	[   19]	              [in][path]=\TestSession_935a4720-fe4b-4308-a34a-85e2ed90624c\29e56756-6b0c-4c63-a914-bfafe9f8cae1overwriteFile.txt
[2016-08-04 09:52:35.388]	[   19]	              [in][followSymLinks]=True
[2016-08-04 09:52:35.388]	[   19]	              [in][attributes]=SBSftpCommon.TElSftpFileAttributes
[2016-08-04 09:52:35.388]	[   19]	              [in][errorCode]=0
[2016-08-04 09:52:35.388]	[   19]	              [in][comment]=
[2016-08-04 09:52:35.388]	[   19]	              [out][errorCode]=0
[2016-08-04 09:52:35.388]	[   19]	              [out][comment]=
[2016-08-04 09:52:35.388]	[   19]	SFTPOperations.OnRequestAttributes EXIT
[2016-08-04 09:52:35.388]	[   19]	=============================================================
[2016-08-04 09:52:35.389]	[   19]	=============================================================
[2016-08-04 09:52:35.389]	[   19]	SFTPOperations.OnRenameFile ENTER 
[2016-08-04 09:52:35.389]	[   19]	              [in][sender]=SBSftpServer.TElSFTPServer
[2016-08-04 09:52:35.389]	[   19]	              [in][oldPath]=\TestSession_935a4720-fe4b-4308-a34a-85e2ed90624c\29e56756-6b0c-4c63-a914-bfafe9f8cae1overwriteFile.txttestext
[2016-08-04 09:52:35.389]	[   19]	              [in][newPath]=\TestSession_935a4720-fe4b-4308-a34a-85e2ed90624c\29e56756-6b0c-4c63-a914-bfafe9f8cae1overwriteFile.txt
[2016-08-04 09:52:35.389]	[   19]	              [in][flags]=0
[2016-08-04 09:52:35.389]	[   19]	              [in][errorCode]=2
[2016-08-04 09:52:35.389]	[   19]	              [in][comment]=No such file
[2016-08-04 09:52:35.389]	[   19]	              [out][errorCode]=2
[2016-08-04 09:52:35.389]	[   19]	              [out][comment]=No such file
[2016-08-04 09:52:35.389]	[   19]	SFTPOperations.OnRenameFile EXIT
[2016-08-04 09:52:35.389]	[   19]	=============================================================
FileTransferPath.GetDirectoryName: path=\TestSession_935a4720-fe4b-4308-a34a-85e2ed90624c\29e56756-6b0c-4c63-a914-bfafe9f8cae1overwriteFile.txt directorySeparator=
\TestSession_935a4720-fe4b-4308-a34a-85e2ed90624c: FileTransferPath.GetDirectoryName: Path.GetDirectoryName={0}
[2016-08-04 09:52:35.390]	[   19]	=============================================================
[2016-08-04 09:52:35.390]	[   19]	SFTPOperations.OnRequestAbsolutePath ENTER 
[2016-08-04 09:52:35.390]	[   19]	              [in][sender]=SBSftpServer.TElSFTPServer
[2016-08-04 09:52:35.390]	[   19]	              [in][path]=.
[2016-08-04 09:52:35.390]	[   19]	              [in][absolutePath]=
[2016-08-04 09:52:35.390]	[   19]	              [in][control]=rcNoCheck
[2016-08-04 09:52:35.390]	[   19]	              [in][composePath]=SBStringList.TElStringList
[2016-08-04 09:52:35.390]	[   19]	              [in][errorCode]=0
[2016-08-04 09:52:35.390]	[   19]	              [in][comment]=No such file
[2016-08-04 09:52:35.390]	[   19]	              [out][absolutePath]=
[2016-08-04 09:52:35.390]	[   19]	              [out][errorCode]=0
[2016-08-04 09:52:35.390]	[   19]	              [out][comment]=No such file
[2016-08-04 09:52:35.390]	[   19]	SFTPOperations.OnRequestAbsolutePath EXIT
[2016-08-04 09:52:35.390]	[   19]	=============================================================
[2016-08-04 09:52:35.390]	[   19]	=============================================================
[2016-08-04 09:52:35.390]	[   19]	SFTPOperations.OnFindFirst ENTER 
[2016-08-04 09:52:35.390]	[   19]	              [in][sender]=SBSftpServer.TElSFTPServer
[2016-08-04 09:52:35.390]	[   19]	              [in][path]=\TestSession_935a4720-fe4b-4308-a34a-85e2ed90624c
[2016-08-04 09:52:35.390]	[   19]	              [in][data]=
[2016-08-04 09:52:35.390]	[   19]	              [in][info]=SBSftpCommon.TElSftpFileInfo
[2016-08-04 09:52:35.390]	[   19]	              [in][errorCode]=0
[2016-08-04 09:52:35.390]	[   19]	              [in][comment]=No such file
[2016-08-04 09:52:35.390]	[   19]	              [out][data]=
[2016-08-04 09:52:35.390]	[   19]	              [out][errorCode]=0
[2016-08-04 09:52:35.390]	[   19]	              [out][comment]=No such file
[2016-08-04 09:52:35.390]	[   19]	SFTPOperations.OnFindFirst EXIT
[2016-08-04 09:52:35.390]	[   19]	=============================================================
[2016-08-04 09:52:35.391]	[   19]	=============================================================
[2016-08-04 09:52:35.391]	[   19]	SFTPOperations.OnFindNext ENTER 
[2016-08-04 09:52:35.391]	[   19]	              [in][sender]=SBSftpServer.TElSFTPServer
[2016-08-04 09:52:35.391]	[   19]	              [in][data]=
[2016-08-04 09:52:35.391]	[   19]	              [in][info]=SBSftpCommon.TElSftpFileInfo
[2016-08-04 09:52:35.391]	[   19]	              [in][errorCode]=0
[2016-08-04 09:52:35.391]	[   19]	              [in][comment]=
[2016-08-04 09:52:35.391]	[   19]	              [out][errorCode]=0
[2016-08-04 09:52:35.391]	[   19]	              [out][comment]=
[2016-08-04 09:52:35.391]	[   19]	SFTPOperations.OnFindNext EXIT
[2016-08-04 09:52:35.391]	[   19]	=============================================================
[2016-08-04 09:52:35.391]	[   19]	=============================================================
[2016-08-04 09:52:35.391]	[   19]	SFTPOperations.OnFindNext ENTER 
[2016-08-04 09:52:35.391]	[   19]	              [in][sender]=SBSftpServer.TElSFTPServer
[2016-08-04 09:52:35.391]	[   19]	              [in][data]=
[2016-08-04 09:52:35.391]	[   19]	              [in][info]=SBSftpCommon.TElSftpFileInfo
[2016-08-04 09:52:35.391]	[   19]	              [in][errorCode]=0
[2016-08-04 09:52:35.391]	[   19]	              [in][comment]=
[2016-08-04 09:52:35.391]	[   19]	              [out][errorCode]=0
[2016-08-04 09:52:35.391]	[   19]	              [out][comment]=
[2016-08-04 09:52:35.391]	[   19]	SFTPOperations.OnFindNext EXIT
[2016-08-04 09:52:35.391]	[   19]	=============================================================
[2016-08-04 09:52:35.391]	[   19]	=============================================================
[2016-08-04 09:52:35.391]	[   19]	SFTPOperations.OnFindNext ENTER 
[2016-08-04 09:52:35.391]	[   19]	              [in][sender]=SBSftpServer.TElSFTPServer
[2016-08-04 09:52:35.391]	[   19]	              [in][data]=
[2016-08-04 09:52:35.391]	[   19]	              [in][info]=SBSftpCommon.TElSftpFileInfo
[2016-08-04 09:52:35.391]	[   19]	              [in][errorCode]=0
[2016-08-04 09:52:35.391]	[   19]	              [in][comment]=
[2016-08-04 09:52:35.391]	[   19]	              [out][errorCode]=0
[2016-08-04 09:52:35.391]	[   19]	              [out][comment]=
[2016-08-04 09:52:35.391]	[   19]	SFTPOperations.OnFindNext EXIT
[2016-08-04 09:52:35.391]	[   19]	=============================================================
[2016-08-04 09:52:35.392]	[   19]	=============================================================
[2016-08-04 09:52:35.392]	[   19]	SFTPOperations.OnFindClose ENTER 
[2016-08-04 09:52:35.392]	[   19]	              [in][sender]=SBSftpServer.TElSFTPServer
[2016-08-04 09:52:35.392]	[   19]	              [in][searchRec]=
[2016-08-04 09:52:35.392]	[   19]	              [in][errorCode]=1
[2016-08-04 09:52:35.392]	[   19]	              [in][comment]=
[2016-08-04 09:52:35.392]	[   19]	              [out][errorCode]=1
[2016-08-04 09:52:35.392]	[   19]	              [out][comment]=
[2016-08-04 09:52:35.392]	[   19]	SFTPOperations.OnFindClose EXIT
[2016-08-04 09:52:35.392]	[   19]	=============================================================
[2016-08-04 09:52:35.392]	[   19]	=============================================================
[2016-08-04 09:52:35.392]	[   19]	SFTPOperations.OnRequestAbsolutePath ENTER 
[2016-08-04 09:52:35.392]	[   19]	              [in][sender]=SBSftpServer.TElSFTPServer
[2016-08-04 09:52:35.392]	[   19]	              [in][path]=.
[2016-08-04 09:52:35.392]	[   19]	              [in][absolutePath]=
[2016-08-04 09:52:35.392]	[   19]	              [in][control]=rcNoCheck
[2016-08-04 09:52:35.392]	[   19]	              [in][composePath]=SBStringList.TElStringList
[2016-08-04 09:52:35.393]	[   19]	              [in][errorCode]=0
[2016-08-04 09:52:35.393]	[   19]	              [in][comment]=
[2016-08-04 09:52:35.393]	[   19]	              [out][absolutePath]=
[2016-08-04 09:52:35.393]	[   19]	              [out][errorCode]=0
[2016-08-04 09:52:35.393]	[   19]	              [out][comment]=
[2016-08-04 09:52:35.393]	[   19]	SFTPOperations.OnRequestAbsolutePath EXIT
[2016-08-04 09:52:35.393]	[   19]	=============================================================
[2016-08-04 09:52:35.393]	[   19]	=============================================================
[2016-08-04 09:52:35.393]	[   19]	SFTPOperations.OnRequestAttributes ENTER 
[2016-08-04 09:52:35.393]	[   19]	              [in][sender]=SBSftpServer.TElSFTPServer
[2016-08-04 09:52:35.393]	[   19]	              [in][path]=\TestSession_935a4720-fe4b-4308-a34a-85e2ed90624c
[2016-08-04 09:52:35.393]	[   19]	              [in][followSymLinks]=True
[2016-08-04 09:52:35.393]	[   19]	              [in][attributes]=SBSftpCommon.TElSftpFileAttributes
[2016-08-04 09:52:35.393]	[   19]	              [in][errorCode]=0
[2016-08-04 09:52:35.393]	[   19]	              [in][comment]=
[2016-08-04 09:52:35.393]	[   19]	              [out][errorCode]=0
[2016-08-04 09:52:35.393]	[   19]	              [out][comment]=
[2016-08-04 09:52:35.393]	[   19]	SFTPOperations.OnRequestAttributes EXIT
[2016-08-04 09:52:35.393]	[   19]	=============================================================
[2016-08-04 09:52:35.393]	[   19]	=============================================================
[2016-08-04 09:52:35.393]	[   19]	SFTPOperations.OnOpenFile ENTER (2)
[2016-08-04 09:52:35.393]	[   19]	              [in][sender]=SBSftpServer.TElSFTPServer
[2016-08-04 09:52:35.393]	[   19]	              [in][path]=\TestSession_935a4720-fe4b-4308-a34a-85e2ed90624c\29e56756-6b0c-4c63-a914-bfafe9f8cae1overwriteFile.txttestext
[2016-08-04 09:52:35.393]	[   19]	              [in][modes]=26
[2016-08-04 09:52:35.394]	[   19]	              [in][Access]=0
[2016-08-04 09:52:35.394]	[   19]	              [in][desiredAccess]=2
[2016-08-04 09:52:35.394]	[   19]	              [in][attributes]=SBSftpCommon.TElSftpFileAttributes
[2016-08-04 09:52:35.394]	[   19]	              [in][data]=
[2016-08-04 09:52:35.394]	[   19]	              [in][errorCode]=0
[2016-08-04 09:52:35.394]	[   19]	              [in][comment]=
[2016-08-04 09:52:35.394]	[   19]	              [out][data]=
[2016-08-04 09:52:35.394]	[   19]	              [out][errorCode]=0
[2016-08-04 09:52:35.394]	[   19]	              [out][comment]=
[2016-08-04 09:52:35.394]	[   19]	SFTPOperations.OnOpenFile EXIT
[2016-08-04 09:52:35.394]	[   19]	=============================================================
[2016-08-04 09:52:35.394]	[   19]	=============================================================
[2016-08-04 09:52:35.394]	[   19]	SFTPOperations.OnWriteFile ENTER (2)
[2016-08-04 09:52:35.394]	[   19]	              [in][sender]=SBSftpServer.TElSFTPServer
[2016-08-04 09:52:35.394]	[   19]	              [in][data]=System.IO.FileStream
[2016-08-04 09:52:35.395]	[   19]	              [in][offset]=0
[2016-08-04 09:52:35.395]	[   19]	              [in][buffer]=System.Byte[]
[2016-08-04 09:52:35.395]	[   19]	              [in][bufferOffset]=25
[2016-08-04 09:52:35.395]	[   19]	              [in][count]=2584
[2016-08-04 09:52:35.395]	[   19]	              [in][errorCode]=0
[2016-08-04 09:52:35.395]	[   19]	              [in][comment]=
[2016-08-04 09:52:35.395]	[   19]	              [out][errorCode]=0
[2016-08-04 09:52:35.395]	[   19]	              [out][comment]=
[2016-08-04 09:52:35.395]	[   19]	SFTPOperations.OnWriteFile EXIT
[2016-08-04 09:52:35.395]	[   19]	=============================================================
[2016-08-04 09:52:35.395]	[   19]	=============================================================
[2016-08-04 09:52:35.395]	[   19]	SFTPOperations.OnCloseHandle ENTER (2)
[2016-08-04 09:52:35.395]	[   19]	              [in][sender]=SBSftpServer.TElSFTPServer
[2016-08-04 09:52:35.395]	[   19]	              [in][data]=System.IO.FileStream
[2016-08-04 09:52:35.395]	[   19]	              [in][errorCode]=0
[2016-08-04 09:52:35.395]	[   19]	              [in][comment]=
[2016-08-04 09:52:35.395]	[   19]	              [out][errorCode]=0
[2016-08-04 09:52:35.396]	[   19]	              [out][comment]=
[2016-08-04 09:52:35.396]	[   19]	SFTPOperations.OnCloseHandle EXIT
[2016-08-04 09:52:35.396]	[   19]	=============================================================
[2016-08-04 09:52:35.396]	[   19]	=============================================================
[2016-08-04 09:52:35.396]	[   19]	SFTPOperations.OnRequestAbsolutePath ENTER 
[2016-08-04 09:52:35.396]	[   19]	              [in][sender]=SBSftpServer.TElSFTPServer
[2016-08-04 09:52:35.396]	[   19]	              [in][path]=.
[2016-08-04 09:52:35.396]	[   19]	              [in][absolutePath]=
[2016-08-04 09:52:35.396]	[   19]	              [in][control]=rcNoCheck
[2016-08-04 09:52:35.396]	[   19]	              [in][composePath]=SBStringList.TElStringList
[2016-08-04 09:52:35.396]	[   19]	              [in][errorCode]=0
[2016-08-04 09:52:35.396]	[   19]	              [in][comment]=
[2016-08-04 09:52:35.396]	[   19]	              [out][absolutePath]=
[2016-08-04 09:52:35.396]	[   19]	              [out][errorCode]=0
[2016-08-04 09:52:35.396]	[   19]	              [out][comment]=
[2016-08-04 09:52:35.396]	[   19]	SFTPOperations.OnRequestAbsolutePath EXIT
[2016-08-04 09:52:35.396]	[   19]	=============================================================
[2016-08-04 09:52:35.396]	[   19]	=============================================================
[2016-08-04 09:52:35.396]	[   19]	SFTPOperations.OnRequestAbsolutePath ENTER 
[2016-08-04 09:52:35.396]	[   19]	              [in][sender]=SBSftpServer.TElSFTPServer
[2016-08-04 09:52:35.396]	[   19]	              [in][path]=.
[2016-08-04 09:52:35.396]	[   19]	              [in][absolutePath]=
[2016-08-04 09:52:35.396]	[   19]	              [in][control]=rcNoCheck
[2016-08-04 09:52:35.396]	[   19]	              [in][composePath]=SBStringList.TElStringList
[2016-08-04 09:52:35.396]	[   19]	              [in][errorCode]=0
[2016-08-04 09:52:35.396]	[   19]	              [in][comment]=
[2016-08-04 09:52:35.396]	[   19]	              [out][absolutePath]=
[2016-08-04 09:52:35.396]	[   19]	              [out][errorCode]=0
[2016-08-04 09:52:35.397]	[   19]	              [out][comment]=
[2016-08-04 09:52:35.397]	[   19]	SFTPOperations.OnRequestAbsolutePath EXIT
[2016-08-04 09:52:35.397]	[   19]	=============================================================
[2016-08-04 09:52:35.401]	[   19]	=============================================================
[2016-08-04 09:52:35.401]	[   19]	SFTPOperations.OnRequestAttributes ENTER 
[2016-08-04 09:52:35.401]	[   19]	              [in][sender]=SBSftpServer.TElSFTPServer
[2016-08-04 09:52:35.401]	[   19]	              [in][path]=\TestSession_935a4720-fe4b-4308-a34a-85e2ed90624c\29e56756-6b0c-4c63-a914-bfafe9f8cae1overwriteFile.txt
[2016-08-04 09:52:35.401]	[   19]	              [in][followSymLinks]=True
[2016-08-04 09:52:35.401]	[   19]	              [in][attributes]=SBSftpCommon.TElSftpFileAttributes
[2016-08-04 09:52:35.401]	[   19]	              [in][errorCode]=0
[2016-08-04 09:52:35.401]	[   19]	              [in][comment]=
[2016-08-04 09:52:35.401]	[   19]	              [out][errorCode]=0
[2016-08-04 09:52:35.401]	[   19]	              [out][comment]=
[2016-08-04 09:52:35.401]	[   19]	SFTPOperations.OnRequestAttributes EXIT
[2016-08-04 09:52:35.401]	[   19]	=============================================================
[2016-08-04 09:52:35.401]	[   19]	=============================================================
[2016-08-04 09:52:35.401]	[   19]	SFTPOperations.OnRemove ENTER 
[2016-08-04 09:52:35.401]	[   19]	              [in][sender]=SBSftpServer.TElSFTPServer
[2016-08-04 09:52:35.402]	[   19]	              [in][path]=\TestSession_935a4720-fe4b-4308-a34a-85e2ed90624c\29e56756-6b0c-4c63-a914-bfafe9f8cae1overwriteFile.txt
[2016-08-04 09:52:35.402]	[   19]	              [in][errorCode]=0
[2016-08-04 09:52:35.402]	[   19]	              [in][comment]=
[2016-08-04 09:52:35.402]	[   19]	              [out][errorCode]=0
[2016-08-04 09:52:35.402]	[   19]	              [out][comment]=
[2016-08-04 09:52:35.402]	[   19]	SFTPOperations.OnRemove EXIT
[2016-08-04 09:52:35.402]	[   19]	=============================================================
[2016-08-04 09:52:35.402]	[   19]	=============================================================
[2016-08-04 09:52:35.402]	[   19]	SFTPOperations.OnRenameFile ENTER 
[2016-08-04 09:52:35.402]	[   19]	              [in][sender]=SBSftpServer.TElSFTPServer
[2016-08-04 09:52:35.402]	[   19]	              [in][oldPath]=\TestSession_935a4720-fe4b-4308-a34a-85e2ed90624c\29e56756-6b0c-4c63-a914-bfafe9f8cae1overwriteFile.txttestext
[2016-08-04 09:52:35.402]	[   19]	              [in][newPath]=\TestSession_935a4720-fe4b-4308-a34a-85e2ed90624c\29e56756-6b0c-4c63-a914-bfafe9f8cae1overwriteFile.txt
[2016-08-04 09:52:35.402]	[   19]	              [in][flags]=0
[2016-08-04 09:52:35.402]	[   19]	              [in][errorCode]=0
[2016-08-04 09:52:35.402]	[   19]	              [in][comment]=
[2016-08-04 09:52:35.403]	[   19]	              [out][errorCode]=0
[2016-08-04 09:52:35.403]	[   19]	              [out][comment]=
[2016-08-04 09:52:35.403]	[   19]	SFTPOperations.OnRenameFile EXIT
[2016-08-04 09:52:35.403]	[   19]	=============================================================
[2016-08-04 09:52:35.403]	[   19]	=============================================================
[2016-08-04 09:52:35.403]	[   19]	SFTPOperations.OnRequestAbsolutePath ENTER 
[2016-08-04 09:52:35.403]	[   19]	              [in][sender]=SBSftpServer.TElSFTPServer
[2016-08-04 09:52:35.403]	[   19]	              [in][path]=.
[2016-08-04 09:52:35.403]	[   19]	              [in][absolutePath]=
[2016-08-04 09:52:35.403]	[   19]	              [in][control]=rcNoCheck
[2016-08-04 09:52:35.403]	[   19]	              [in][composePath]=SBStringList.TElStringList
[2016-08-04 09:52:35.403]	[   19]	              [in][errorCode]=0
[2016-08-04 09:52:35.403]	[   19]	              [in][comment]=
[2016-08-04 09:52:35.403]	[   19]	              [out][absolutePath]=
[2016-08-04 09:52:35.403]	[   19]	              [out][errorCode]=0
[2016-08-04 09:52:35.403]	[   19]	              [out][comment]=
[2016-08-04 09:52:35.403]	[   19]	SFTPOperations.OnRequestAbsolutePath EXIT
[2016-08-04 09:52:35.403]	[   19]	=============================================================
[2016-08-04 09:52:35.404]	[   22]	Stopping socket listener
[2016-08-04 09:52:35.404]	[   22]	Socket listener stopped
[2016-08-04 09:52:35.404]	[   32]	Socket receive operation failed: An established connection was aborted by the software in your host machine
[2016-08-04 09:52:35.404]	[   32]	Closing the socket
[2016-08-04 09:52:35.404]	[   32]	ServerListener.OnSessionClosed()</StdOut>
      </Output>
    </UnitTestResult>
    <UnitTestResult executionId="88c2c57a-fbd9-43a8-9540-6567dc072451" testId="78c4a446-31a1-be76-e015-aaa04391aa1f" testName="WriteFromFile_StoreModeIsSkip_OnlyWrittenToOnce" computerName="ICSWS068" duration="00:00:00.2745742" startTime="2016-08-04T09:52:35.4189232+02:00" endTime="2016-08-04T09:52:35.6953868+02:00" testType="13cdc9d9-ddb5-4fa4-a97d-d965ccfc6d4b" outcome="Passed" testListId="8c84fa94-04c1-424b-9868-57a2d4851a1d" relativeResultsDirectory="88c2c57a-fbd9-43a8-9540-6567dc072451">
      <Output>
        <StdOut>Debug Trace:
[2016-08-04 09:52:35.425]	[   28]	Starting SSH server listener...
[2016-08-04 09:52:35.425]	[   28]	SSH server listener started.
[2016-08-04 09:52:35.476]	[   30]	ServerListener.Listen : New connection available
[2016-08-04 09:52:35.476]	[   30]	Connection accepted. Active connections 1 from 20
[2016-08-04 09:52:35.565]	[   26]	Subsystem sftp opened
[2016-08-04 09:52:35.566]	[   26]	SFTP server started
[2016-08-04 09:52:35.566]	[   33]	=============================================================
[2016-08-04 09:52:35.566]	[   33]	SFTPOperations.OnOpen ENTER (2)
[2016-08-04 09:52:35.566]	[   33]	              [in][sender]=SBSftpServer.TElSFTPServer
[2016-08-04 09:52:35.567]	[   33]	SFTP connection established
[2016-08-04 09:52:35.567]	[   33]	SFTPOperations.OnOpen EXIT
[2016-08-04 09:52:35.567]	[   33]	=============================================================
[2016-08-04 09:52:35.567]	[   33]	=============================================================
[2016-08-04 09:52:35.567]	[   33]	SFTPOperations.OnRequestAbsolutePath ENTER 
[2016-08-04 09:52:35.567]	[   33]	              [in][sender]=SBSftpServer.TElSFTPServer
[2016-08-04 09:52:35.567]	[   33]	              [in][path]=.
[2016-08-04 09:52:35.567]	[   33]	              [in][absolutePath]=
[2016-08-04 09:52:35.567]	[   33]	              [in][control]=rcNoCheck
[2016-08-04 09:52:35.567]	[   33]	              [in][composePath]=SBStringList.TElStringList
[2016-08-04 09:52:35.567]	[   33]	              [in][errorCode]=0
[2016-08-04 09:52:35.567]	[   33]	              [in][comment]=
[2016-08-04 09:52:35.567]	[   33]	              [out][absolutePath]=
[2016-08-04 09:52:35.567]	[   33]	              [out][errorCode]=0
[2016-08-04 09:52:35.567]	[   33]	              [out][comment]=
[2016-08-04 09:52:35.567]	[   33]	SFTPOperations.OnRequestAbsolutePath EXIT
[2016-08-04 09:52:35.567]	[   33]	=============================================================
[2016-08-04 09:52:35.567]	[   33]	=============================================================
[2016-08-04 09:52:35.567]	[   33]	SFTPOperations.OnCreateDirectory ENTER 
[2016-08-04 09:52:35.568]	[   33]	              [in][sender]=SBSftpServer.TElSFTPServer
[2016-08-04 09:52:35.568]	[   33]	              [in][path]=\TestSession_08d61b56-82da-4aaf-a9fe-acc87aaee11f
[2016-08-04 09:52:35.568]	[   33]	              [in][attributes]=
[2016-08-04 09:52:35.568]	[   33]	              [in][errorCode]=0
[2016-08-04 09:52:35.568]	[   33]	              [in][comment]=
[2016-08-04 09:52:35.568]	[   33]	              [out][errorCode]=0
[2016-08-04 09:52:35.568]	[   33]	              [out][comment]=
[2016-08-04 09:52:35.568]	[   33]	SFTPOperations.OnCreateDirectory EXIT
[2016-08-04 09:52:35.568]	[   33]	=============================================================
[2016-08-04 09:52:35.568]	[   26]	Socket receive operation failed: An established connection was aborted by the software in your host machine
[2016-08-04 09:52:35.568]	[   26]	Closing the socket
[2016-08-04 09:52:35.569]	[   26]	ServerListener.OnSessionClosed()
[2016-08-04 09:52:35.577]	[   30]	ServerListener.Listen : New connection available
[2016-08-04 09:52:35.577]	[   30]	Connection accepted. Active connections 1 from 20
[2016-08-04 09:52:35.664]	[   24]	Subsystem sftp opened
[2016-08-04 09:52:35.665]	[   24]	SFTP server started
[2016-08-04 09:52:35.665]	[   31]	=============================================================
[2016-08-04 09:52:35.665]	[   31]	SFTPOperations.OnOpen ENTER (1)
[2016-08-04 09:52:35.665]	[   31]	              [in][sender]=SBSftpServer.TElSFTPServer
[2016-08-04 09:52:35.665]	[   31]	SFTP connection established
[2016-08-04 09:52:35.666]	[   31]	SFTPOperations.OnOpen EXIT
[2016-08-04 09:52:35.666]	[   31]	=============================================================
[2016-08-04 09:52:35.666]	[   31]	=============================================================
[2016-08-04 09:52:35.666]	[   31]	SFTPOperations.OnRequestAbsolutePath ENTER 
[2016-08-04 09:52:35.666]	[   31]	              [in][sender]=SBSftpServer.TElSFTPServer
[2016-08-04 09:52:35.666]	[   31]	              [in][path]=.
[2016-08-04 09:52:35.666]	[   31]	              [in][absolutePath]=
[2016-08-04 09:52:35.666]	[   31]	              [in][control]=rcNoCheck
[2016-08-04 09:52:35.666]	[   31]	              [in][composePath]=SBStringList.TElStringList
[2016-08-04 09:52:35.666]	[   31]	              [in][errorCode]=0
[2016-08-04 09:52:35.666]	[   31]	              [in][comment]=
[2016-08-04 09:52:35.666]	[   31]	              [out][absolutePath]=
[2016-08-04 09:52:35.666]	[   31]	              [out][errorCode]=0
[2016-08-04 09:52:35.666]	[   31]	              [out][comment]=
[2016-08-04 09:52:35.666]	[   31]	SFTPOperations.OnRequestAbsolutePath EXIT
[2016-08-04 09:52:35.666]	[   31]	=============================================================
FileTransferPath.GetDirectoryName: path=\TestSession_08d61b56-82da-4aaf-a9fe-acc87aaee11f\d9640a11-f57b-4ebc-b80a-33ad0210a66bskipFile.txt directorySeparator=
\TestSession_08d61b56-82da-4aaf-a9fe-acc87aaee11f: FileTransferPath.GetDirectoryName: Path.GetDirectoryName={0}
[2016-08-04 09:52:35.666]	[   31]	=============================================================
[2016-08-04 09:52:35.666]	[   31]	SFTPOperations.OnRequestAbsolutePath ENTER 
[2016-08-04 09:52:35.666]	[   31]	              [in][sender]=SBSftpServer.TElSFTPServer
[2016-08-04 09:52:35.666]	[   31]	              [in][path]=.
[2016-08-04 09:52:35.666]	[   31]	              [in][absolutePath]=
[2016-08-04 09:52:35.666]	[   31]	              [in][control]=rcNoCheck
[2016-08-04 09:52:35.666]	[   31]	              [in][composePath]=SBStringList.TElStringList
[2016-08-04 09:52:35.667]	[   31]	              [in][errorCode]=0
[2016-08-04 09:52:35.667]	[   31]	              [in][comment]=
[2016-08-04 09:52:35.667]	[   31]	              [out][absolutePath]=
[2016-08-04 09:52:35.667]	[   31]	              [out][errorCode]=0
[2016-08-04 09:52:35.667]	[   31]	              [out][comment]=
[2016-08-04 09:52:35.667]	[   31]	SFTPOperations.OnRequestAbsolutePath EXIT
[2016-08-04 09:52:35.667]	[   31]	=============================================================
[2016-08-04 09:52:35.667]	[   31]	=============================================================
[2016-08-04 09:52:35.667]	[   31]	SFTPOperations.OnFindFirst ENTER 
[2016-08-04 09:52:35.667]	[   31]	              [in][sender]=SBSftpServer.TElSFTPServer
[2016-08-04 09:52:35.667]	[   31]	              [in][path]=\TestSession_08d61b56-82da-4aaf-a9fe-acc87aaee11f
[2016-08-04 09:52:35.667]	[   31]	              [in][data]=
[2016-08-04 09:52:35.667]	[   31]	              [in][info]=SBSftpCommon.TElSftpFileInfo
[2016-08-04 09:52:35.667]	[   31]	              [in][errorCode]=0
[2016-08-04 09:52:35.667]	[   31]	              [in][comment]=
[2016-08-04 09:52:35.667]	[   31]	              [out][data]=
[2016-08-04 09:52:35.667]	[   31]	              [out][errorCode]=0
[2016-08-04 09:52:35.667]	[   31]	              [out][comment]=
[2016-08-04 09:52:35.667]	[   31]	SFTPOperations.OnFindFirst EXIT
[2016-08-04 09:52:35.667]	[   31]	=============================================================
[2016-08-04 09:52:35.668]	[   31]	=============================================================
[2016-08-04 09:52:35.668]	[   31]	SFTPOperations.OnFindNext ENTER 
[2016-08-04 09:52:35.668]	[   31]	              [in][sender]=SBSftpServer.TElSFTPServer
[2016-08-04 09:52:35.668]	[   31]	              [in][data]=
[2016-08-04 09:52:35.668]	[   31]	              [in][info]=SBSftpCommon.TElSftpFileInfo
[2016-08-04 09:52:35.668]	[   31]	              [in][errorCode]=0
[2016-08-04 09:52:35.668]	[   31]	              [in][comment]=
[2016-08-04 09:52:35.668]	[   31]	              [out][errorCode]=0
[2016-08-04 09:52:35.668]	[   31]	              [out][comment]=
[2016-08-04 09:52:35.668]	[   31]	SFTPOperations.OnFindNext EXIT
[2016-08-04 09:52:35.668]	[   31]	=============================================================
[2016-08-04 09:52:35.668]	[   31]	=============================================================
[2016-08-04 09:52:35.668]	[   31]	SFTPOperations.OnFindNext ENTER 
[2016-08-04 09:52:35.668]	[   31]	              [in][sender]=SBSftpServer.TElSFTPServer
[2016-08-04 09:52:35.668]	[   31]	              [in][data]=
[2016-08-04 09:52:35.668]	[   31]	              [in][info]=SBSftpCommon.TElSftpFileInfo
[2016-08-04 09:52:35.668]	[   31]	              [in][errorCode]=0
[2016-08-04 09:52:35.668]	[   31]	              [in][comment]=
[2016-08-04 09:52:35.668]	[   31]	              [out][errorCode]=0
[2016-08-04 09:52:35.668]	[   31]	              [out][comment]=
[2016-08-04 09:52:35.668]	[   31]	SFTPOperations.OnFindNext EXIT
[2016-08-04 09:52:35.668]	[   31]	=============================================================
[2016-08-04 09:52:35.669]	[   31]	=============================================================
[2016-08-04 09:52:35.669]	[   31]	SFTPOperations.OnFindClose ENTER 
[2016-08-04 09:52:35.669]	[   31]	              [in][sender]=SBSftpServer.TElSFTPServer
[2016-08-04 09:52:35.669]	[   31]	              [in][searchRec]=
[2016-08-04 09:52:35.669]	[   31]	              [in][errorCode]=1
[2016-08-04 09:52:35.669]	[   31]	              [in][comment]=
[2016-08-04 09:52:35.669]	[   31]	              [out][errorCode]=1
[2016-08-04 09:52:35.669]	[   31]	              [out][comment]=
[2016-08-04 09:52:35.669]	[   31]	SFTPOperations.OnFindClose EXIT
[2016-08-04 09:52:35.669]	[   31]	=============================================================
[2016-08-04 09:52:35.669]	[   31]	=============================================================
[2016-08-04 09:52:35.669]	[   31]	SFTPOperations.OnRequestAbsolutePath ENTER 
[2016-08-04 09:52:35.669]	[   31]	              [in][sender]=SBSftpServer.TElSFTPServer
[2016-08-04 09:52:35.669]	[   31]	              [in][path]=.
[2016-08-04 09:52:35.669]	[   31]	              [in][absolutePath]=
[2016-08-04 09:52:35.669]	[   31]	              [in][control]=rcNoCheck
[2016-08-04 09:52:35.669]	[   31]	              [in][composePath]=SBStringList.TElStringList
[2016-08-04 09:52:35.669]	[   31]	              [in][errorCode]=0
[2016-08-04 09:52:35.669]	[   31]	              [in][comment]=
[2016-08-04 09:52:35.669]	[   31]	              [out][absolutePath]=
[2016-08-04 09:52:35.669]	[   31]	              [out][errorCode]=0
[2016-08-04 09:52:35.669]	[   31]	              [out][comment]=
[2016-08-04 09:52:35.669]	[   31]	SFTPOperations.OnRequestAbsolutePath EXIT
[2016-08-04 09:52:35.669]	[   31]	=============================================================
[2016-08-04 09:52:35.670]	[   31]	=============================================================
[2016-08-04 09:52:35.670]	[   31]	SFTPOperations.OnRequestAttributes ENTER 
[2016-08-04 09:52:35.670]	[   31]	              [in][sender]=SBSftpServer.TElSFTPServer
[2016-08-04 09:52:35.670]	[   31]	              [in][path]=\TestSession_08d61b56-82da-4aaf-a9fe-acc87aaee11f\d9640a11-f57b-4ebc-b80a-33ad0210a66bskipFile.txttestext
[2016-08-04 09:52:35.670]	[   31]	              [in][followSymLinks]=True
[2016-08-04 09:52:35.670]	[   31]	              [in][attributes]=SBSftpCommon.TElSftpFileAttributes
[2016-08-04 09:52:35.670]	[   31]	              [in][errorCode]=0
[2016-08-04 09:52:35.670]	[   31]	              [in][comment]=
[2016-08-04 09:52:35.670]	[   31]	              [out][errorCode]=0
[2016-08-04 09:52:35.670]	[   31]	              [out][comment]=
[2016-08-04 09:52:35.670]	[   31]	SFTPOperations.OnRequestAttributes EXIT
[2016-08-04 09:52:35.670]	[   31]	=============================================================
[2016-08-04 09:52:35.670]	[   31]	=============================================================
[2016-08-04 09:52:35.670]	[   31]	SFTPOperations.OnRequestAbsolutePath ENTER 
[2016-08-04 09:52:35.670]	[   31]	              [in][sender]=SBSftpServer.TElSFTPServer
[2016-08-04 09:52:35.671]	[   31]	              [in][path]=.
[2016-08-04 09:52:35.671]	[   31]	              [in][absolutePath]=
[2016-08-04 09:52:35.671]	[   31]	              [in][control]=rcNoCheck
[2016-08-04 09:52:35.671]	[   31]	              [in][composePath]=SBStringList.TElStringList
[2016-08-04 09:52:35.671]	[   31]	              [in][errorCode]=2
[2016-08-04 09:52:35.671]	[   31]	              [in][comment]=No such file
[2016-08-04 09:52:35.671]	[   31]	              [out][absolutePath]=
[2016-08-04 09:52:35.671]	[   31]	              [out][errorCode]=2
[2016-08-04 09:52:35.671]	[   31]	              [out][comment]=No such file
[2016-08-04 09:52:35.671]	[   31]	SFTPOperations.OnRequestAbsolutePath EXIT
[2016-08-04 09:52:35.671]	[   31]	=============================================================
[2016-08-04 09:52:35.671]	[   31]	=============================================================
[2016-08-04 09:52:35.671]	[   31]	SFTPOperations.OnRequestAttributes ENTER 
[2016-08-04 09:52:35.671]	[   31]	              [in][sender]=SBSftpServer.TElSFTPServer
[2016-08-04 09:52:35.671]	[   31]	              [in][path]=\TestSession_08d61b56-82da-4aaf-a9fe-acc87aaee11f\d9640a11-f57b-4ebc-b80a-33ad0210a66bskipFile.txttestext
[2016-08-04 09:52:35.671]	[   31]	              [in][followSymLinks]=True
[2016-08-04 09:52:35.671]	[   31]	              [in][attributes]=SBSftpCommon.TElSftpFileAttributes
[2016-08-04 09:52:35.671]	[   31]	              [in][errorCode]=0
[2016-08-04 09:52:35.671]	[   31]	              [in][comment]=No such file
[2016-08-04 09:52:35.671]	[   31]	              [out][errorCode]=0
[2016-08-04 09:52:35.671]	[   31]	              [out][comment]=No such file
[2016-08-04 09:52:35.671]	[   31]	SFTPOperations.OnRequestAttributes EXIT
[2016-08-04 09:52:35.671]	[   31]	=============================================================
[2016-08-04 09:52:35.672]	[   31]	=============================================================
[2016-08-04 09:52:35.672]	[   31]	SFTPOperations.OnRequestAttributes ENTER 
[2016-08-04 09:52:35.672]	[   31]	              [in][sender]=SBSftpServer.TElSFTPServer
[2016-08-04 09:52:35.672]	[   31]	              [in][path]=\TestSession_08d61b56-82da-4aaf-a9fe-acc87aaee11f
[2016-08-04 09:52:35.672]	[   31]	              [in][followSymLinks]=True
[2016-08-04 09:52:35.672]	[   31]	              [in][attributes]=SBSftpCommon.TElSftpFileAttributes
[2016-08-04 09:52:35.672]	[   31]	              [in][errorCode]=2
[2016-08-04 09:52:35.672]	[   31]	              [in][comment]=No such file
[2016-08-04 09:52:35.672]	[   31]	              [out][errorCode]=2
[2016-08-04 09:52:35.672]	[   31]	              [out][comment]=No such file
[2016-08-04 09:52:35.672]	[   31]	SFTPOperations.OnRequestAttributes EXIT
[2016-08-04 09:52:35.672]	[   31]	=============================================================
[2016-08-04 09:52:35.672]	[   31]	=============================================================
[2016-08-04 09:52:35.672]	[   31]	SFTPOperations.OnOpenFile ENTER (1)
[2016-08-04 09:52:35.672]	[   31]	              [in][sender]=SBSftpServer.TElSFTPServer
[2016-08-04 09:52:35.672]	[   31]	              [in][path]=\TestSession_08d61b56-82da-4aaf-a9fe-acc87aaee11f\d9640a11-f57b-4ebc-b80a-33ad0210a66bskipFile.txttestext
[2016-08-04 09:52:35.672]	[   31]	              [in][modes]=26
[2016-08-04 09:52:35.672]	[   31]	              [in][Access]=0
[2016-08-04 09:52:35.672]	[   31]	              [in][desiredAccess]=2
[2016-08-04 09:52:35.672]	[   31]	              [in][attributes]=SBSftpCommon.TElSftpFileAttributes
[2016-08-04 09:52:35.672]	[   31]	              [in][data]=
[2016-08-04 09:52:35.672]	[   31]	              [in][errorCode]=0
[2016-08-04 09:52:35.672]	[   31]	              [in][comment]=No such file
[2016-08-04 09:52:35.673]	[   31]	              [out][data]=
[2016-08-04 09:52:35.673]	[   31]	              [out][errorCode]=0
[2016-08-04 09:52:35.673]	[   31]	              [out][comment]=No such file
[2016-08-04 09:52:35.673]	[   31]	SFTPOperations.OnOpenFile EXIT
[2016-08-04 09:52:35.673]	[   31]	=============================================================
[2016-08-04 09:52:35.673]	[   31]	=============================================================
[2016-08-04 09:52:35.673]	[   31]	SFTPOperations.OnWriteFile ENTER (1)
[2016-08-04 09:52:35.673]	[   31]	              [in][sender]=SBSftpServer.TElSFTPServer
[2016-08-04 09:52:35.673]	[   31]	              [in][data]=System.IO.FileStream
[2016-08-04 09:52:35.673]	[   31]	              [in][offset]=0
[2016-08-04 09:52:35.673]	[   31]	              [in][buffer]=System.Byte[]
[2016-08-04 09:52:35.673]	[   31]	              [in][bufferOffset]=25
[2016-08-04 09:52:35.674]	[   31]	              [in][count]=2584
[2016-08-04 09:52:35.674]	[   31]	              [in][errorCode]=0
[2016-08-04 09:52:35.674]	[   31]	              [in][comment]=No such file
[2016-08-04 09:52:35.674]	[   31]	              [out][errorCode]=0
[2016-08-04 09:52:35.674]	[   31]	              [out][comment]=No such file
[2016-08-04 09:52:35.674]	[   31]	SFTPOperations.OnWriteFile EXIT
[2016-08-04 09:52:35.674]	[   31]	=============================================================
[2016-08-04 09:52:35.674]	[   31]	=============================================================
[2016-08-04 09:52:35.674]	[   31]	SFTPOperations.OnCloseHandle ENTER (1)
[2016-08-04 09:52:35.674]	[   31]	              [in][sender]=SBSftpServer.TElSFTPServer
[2016-08-04 09:52:35.674]	[   31]	              [in][data]=System.IO.FileStream
[2016-08-04 09:52:35.674]	[   31]	              [in][errorCode]=0
[2016-08-04 09:52:35.674]	[   31]	              [in][comment]=No such file
[2016-08-04 09:52:35.675]	[   31]	              [out][errorCode]=0
[2016-08-04 09:52:35.675]	[   31]	              [out][comment]=No such file
[2016-08-04 09:52:35.675]	[   31]	SFTPOperations.OnCloseHandle EXIT
[2016-08-04 09:52:35.675]	[   31]	=============================================================
[2016-08-04 09:52:35.675]	[   31]	=============================================================
[2016-08-04 09:52:35.675]	[   31]	SFTPOperations.OnRequestAbsolutePath ENTER 
[2016-08-04 09:52:35.675]	[   31]	              [in][sender]=SBSftpServer.TElSFTPServer
[2016-08-04 09:52:35.675]	[   31]	              [in][path]=.
[2016-08-04 09:52:35.675]	[   31]	              [in][absolutePath]=
[2016-08-04 09:52:35.675]	[   31]	              [in][control]=rcNoCheck
[2016-08-04 09:52:35.675]	[   31]	              [in][composePath]=SBStringList.TElStringList
[2016-08-04 09:52:35.675]	[   31]	              [in][errorCode]=0
[2016-08-04 09:52:35.675]	[   31]	              [in][comment]=No such file
[2016-08-04 09:52:35.675]	[   31]	              [out][absolutePath]=
[2016-08-04 09:52:35.675]	[   31]	              [out][errorCode]=0
[2016-08-04 09:52:35.675]	[   31]	              [out][comment]=No such file
[2016-08-04 09:52:35.675]	[   31]	SFTPOperations.OnRequestAbsolutePath EXIT
[2016-08-04 09:52:35.675]	[   31]	=============================================================
[2016-08-04 09:52:35.676]	[   31]	=============================================================
[2016-08-04 09:52:35.676]	[   31]	SFTPOperations.OnRequestAbsolutePath ENTER 
[2016-08-04 09:52:35.676]	[   31]	              [in][sender]=SBSftpServer.TElSFTPServer
[2016-08-04 09:52:35.676]	[   31]	              [in][path]=.
[2016-08-04 09:52:35.676]	[   31]	              [in][absolutePath]=
[2016-08-04 09:52:35.676]	[   31]	              [in][control]=rcNoCheck
[2016-08-04 09:52:35.676]	[   31]	              [in][composePath]=SBStringList.TElStringList
[2016-08-04 09:52:35.676]	[   31]	              [in][errorCode]=0
[2016-08-04 09:52:35.676]	[   31]	              [in][comment]=No such file
[2016-08-04 09:52:35.676]	[   31]	              [out][absolutePath]=
[2016-08-04 09:52:35.676]	[   31]	              [out][errorCode]=0
[2016-08-04 09:52:35.676]	[   31]	              [out][comment]=No such file
[2016-08-04 09:52:35.676]	[   31]	SFTPOperations.OnRequestAbsolutePath EXIT
[2016-08-04 09:52:35.676]	[   31]	=============================================================
[2016-08-04 09:52:35.676]	[   31]	=============================================================
[2016-08-04 09:52:35.676]	[   31]	SFTPOperations.OnRenameFile ENTER 
[2016-08-04 09:52:35.676]	[   31]	              [in][sender]=SBSftpServer.TElSFTPServer
[2016-08-04 09:52:35.676]	[   31]	              [in][oldPath]=\TestSession_08d61b56-82da-4aaf-a9fe-acc87aaee11f\d9640a11-f57b-4ebc-b80a-33ad0210a66bskipFile.txttestext
[2016-08-04 09:52:35.676]	[   31]	              [in][newPath]=\TestSession_08d61b56-82da-4aaf-a9fe-acc87aaee11f\d9640a11-f57b-4ebc-b80a-33ad0210a66bskipFile.txt
[2016-08-04 09:52:35.676]	[   31]	              [in][flags]=0
[2016-08-04 09:52:35.676]	[   31]	              [in][errorCode]=0
[2016-08-04 09:52:35.676]	[   31]	              [in][comment]=No such file
[2016-08-04 09:52:35.676]	[   31]	              [out][errorCode]=0
[2016-08-04 09:52:35.676]	[   31]	              [out][comment]=No such file
[2016-08-04 09:52:35.677]	[   31]	SFTPOperations.OnRenameFile EXIT
[2016-08-04 09:52:35.677]	[   31]	=============================================================
FileTransferPath.GetDirectoryName: path=\TestSession_08d61b56-82da-4aaf-a9fe-acc87aaee11f\d9640a11-f57b-4ebc-b80a-33ad0210a66bskipFile.txt directorySeparator=
\TestSession_08d61b56-82da-4aaf-a9fe-acc87aaee11f: FileTransferPath.GetDirectoryName: Path.GetDirectoryName={0}
[2016-08-04 09:52:35.677]	[   31]	=============================================================
[2016-08-04 09:52:35.677]	[   31]	SFTPOperations.OnRequestAbsolutePath ENTER 
[2016-08-04 09:52:35.677]	[   31]	              [in][sender]=SBSftpServer.TElSFTPServer
[2016-08-04 09:52:35.677]	[   31]	              [in][path]=.
[2016-08-04 09:52:35.677]	[   31]	              [in][absolutePath]=
[2016-08-04 09:52:35.677]	[   31]	              [in][control]=rcNoCheck
[2016-08-04 09:52:35.677]	[   31]	              [in][composePath]=SBStringList.TElStringList
[2016-08-04 09:52:35.677]	[   31]	              [in][errorCode]=0
[2016-08-04 09:52:35.677]	[   31]	              [in][comment]=No such file
[2016-08-04 09:52:35.677]	[   31]	              [out][absolutePath]=
[2016-08-04 09:52:35.677]	[   31]	              [out][errorCode]=0
[2016-08-04 09:52:35.677]	[   31]	              [out][comment]=No such file
[2016-08-04 09:52:35.677]	[   31]	SFTPOperations.OnRequestAbsolutePath EXIT
[2016-08-04 09:52:35.677]	[   31]	=============================================================
[2016-08-04 09:52:35.677]	[   31]	=============================================================
[2016-08-04 09:52:35.678]	[   31]	SFTPOperations.OnFindFirst ENTER 
[2016-08-04 09:52:35.678]	[   31]	              [in][sender]=SBSftpServer.TElSFTPServer
[2016-08-04 09:52:35.678]	[   31]	              [in][path]=\TestSession_08d61b56-82da-4aaf-a9fe-acc87aaee11f
[2016-08-04 09:52:35.678]	[   31]	              [in][data]=
[2016-08-04 09:52:35.678]	[   31]	              [in][info]=SBSftpCommon.TElSftpFileInfo
[2016-08-04 09:52:35.678]	[   31]	              [in][errorCode]=0
[2016-08-04 09:52:35.678]	[   31]	              [in][comment]=No such file
[2016-08-04 09:52:35.678]	[   31]	              [out][data]=
[2016-08-04 09:52:35.678]	[   31]	              [out][errorCode]=0
[2016-08-04 09:52:35.678]	[   31]	              [out][comment]=No such file
[2016-08-04 09:52:35.678]	[   31]	SFTPOperations.OnFindFirst EXIT
[2016-08-04 09:52:35.678]	[   31]	=============================================================
[2016-08-04 09:52:35.678]	[   31]	=============================================================
[2016-08-04 09:52:35.678]	[   31]	SFTPOperations.OnFindNext ENTER 
[2016-08-04 09:52:35.678]	[   31]	              [in][sender]=SBSftpServer.TElSFTPServer
[2016-08-04 09:52:35.678]	[   31]	              [in][data]=
[2016-08-04 09:52:35.678]	[   31]	              [in][info]=SBSftpCommon.TElSftpFileInfo
[2016-08-04 09:52:35.678]	[   31]	              [in][errorCode]=0
[2016-08-04 09:52:35.678]	[   31]	              [in][comment]=
[2016-08-04 09:52:35.678]	[   31]	              [out][errorCode]=0
[2016-08-04 09:52:35.678]	[   31]	              [out][comment]=
[2016-08-04 09:52:35.678]	[   31]	SFTPOperations.OnFindNext EXIT
[2016-08-04 09:52:35.678]	[   31]	=============================================================
[2016-08-04 09:52:35.678]	[   31]	=============================================================
[2016-08-04 09:52:35.678]	[   31]	SFTPOperations.OnFindNext ENTER 
[2016-08-04 09:52:35.678]	[   31]	              [in][sender]=SBSftpServer.TElSFTPServer
[2016-08-04 09:52:35.678]	[   31]	              [in][data]=
[2016-08-04 09:52:35.678]	[   31]	              [in][info]=SBSftpCommon.TElSftpFileInfo
[2016-08-04 09:52:35.679]	[   31]	              [in][errorCode]=0
[2016-08-04 09:52:35.679]	[   31]	              [in][comment]=
[2016-08-04 09:52:35.679]	[   31]	              [out][errorCode]=0
[2016-08-04 09:52:35.679]	[   31]	              [out][comment]=
[2016-08-04 09:52:35.679]	[   31]	SFTPOperations.OnFindNext EXIT
[2016-08-04 09:52:35.679]	[   31]	=============================================================
[2016-08-04 09:52:35.679]	[   31]	=============================================================
[2016-08-04 09:52:35.679]	[   31]	SFTPOperations.OnFindNext ENTER 
[2016-08-04 09:52:35.679]	[   31]	              [in][sender]=SBSftpServer.TElSFTPServer
[2016-08-04 09:52:35.679]	[   31]	              [in][data]=
[2016-08-04 09:52:35.679]	[   31]	              [in][info]=SBSftpCommon.TElSftpFileInfo
[2016-08-04 09:52:35.679]	[   31]	              [in][errorCode]=0
[2016-08-04 09:52:35.679]	[   31]	              [in][comment]=
[2016-08-04 09:52:35.679]	[   31]	              [out][errorCode]=0
[2016-08-04 09:52:35.679]	[   31]	              [out][comment]=
[2016-08-04 09:52:35.679]	[   31]	SFTPOperations.OnFindNext EXIT
[2016-08-04 09:52:35.679]	[   31]	=============================================================
[2016-08-04 09:52:35.679]	[   31]	=============================================================
[2016-08-04 09:52:35.679]	[   31]	SFTPOperations.OnFindClose ENTER 
[2016-08-04 09:52:35.679]	[   31]	              [in][sender]=SBSftpServer.TElSFTPServer
[2016-08-04 09:52:35.679]	[   31]	              [in][searchRec]=
[2016-08-04 09:52:35.679]	[   31]	              [in][errorCode]=1
[2016-08-04 09:52:35.679]	[   31]	              [in][comment]=
[2016-08-04 09:52:35.680]	[   31]	              [out][errorCode]=1
[2016-08-04 09:52:35.680]	[   31]	              [out][comment]=
[2016-08-04 09:52:35.680]	[   31]	SFTPOperations.OnFindClose EXIT
[2016-08-04 09:52:35.680]	[   31]	=============================================================
[2016-08-04 09:52:35.684]	[   31]	=============================================================
[2016-08-04 09:52:35.684]	[   31]	SFTPOperations.OnRequestAbsolutePath ENTER 
[2016-08-04 09:52:35.684]	[   31]	              [in][sender]=SBSftpServer.TElSFTPServer
[2016-08-04 09:52:35.684]	[   31]	              [in][path]=.
[2016-08-04 09:52:35.684]	[   31]	              [in][absolutePath]=
[2016-08-04 09:52:35.684]	[   31]	              [in][control]=rcNoCheck
[2016-08-04 09:52:35.684]	[   31]	              [in][composePath]=SBStringList.TElStringList
[2016-08-04 09:52:35.684]	[   31]	              [in][errorCode]=0
[2016-08-04 09:52:35.684]	[   31]	              [in][comment]=
[2016-08-04 09:52:35.684]	[   31]	              [out][absolutePath]=
[2016-08-04 09:52:35.684]	[   31]	              [out][errorCode]=0
[2016-08-04 09:52:35.684]	[   31]	              [out][comment]=
[2016-08-04 09:52:35.684]	[   31]	SFTPOperations.OnRequestAbsolutePath EXIT
[2016-08-04 09:52:35.684]	[   31]	=============================================================
[2016-08-04 09:52:35.685]	[   28]	Stopping socket listener
[2016-08-04 09:52:35.685]	[   28]	Socket listener stopped
[2016-08-04 09:52:35.685]	[   24]	Socket receive operation failed: An established connection was aborted by the software in your host machine
[2016-08-04 09:52:35.685]	[   24]	Closing the socket
[2016-08-04 09:52:35.685]	[   24]	ServerListener.OnSessionClosed()</StdOut>
      </Output>
    </UnitTestResult>
    <UnitTestResult executionId="d95570ac-d142-402c-a35d-eca8495624d5" testId="de03e368-6859-9ecb-afbf-b5deaf1a7dd4" testName="WriteFromFile_CreateTemporaryFileWithAppend_RenameUploadRenameIsPerformed" computerName="ICSWS068" duration="00:00:00.2801597" startTime="2016-08-04T09:52:35.7025031+02:00" endTime="2016-08-04T09:52:35.9846227+02:00" testType="13cdc9d9-ddb5-4fa4-a97d-d965ccfc6d4b" outcome="Passed" testListId="8c84fa94-04c1-424b-9868-57a2d4851a1d" relativeResultsDirectory="d95570ac-d142-402c-a35d-eca8495624d5">
      <Output>
        <StdOut>Debug Trace:
[2016-08-04 09:52:35.707]	[   19]	Starting SSH server listener...
[2016-08-04 09:52:35.707]	[   19]	SSH server listener started.
[2016-08-04 09:52:35.758]	[   33]	ServerListener.Listen : New connection available
[2016-08-04 09:52:35.758]	[   33]	Connection accepted. Active connections 1 from 20
[2016-08-04 09:52:35.845]	[   32]	Subsystem sftp opened
[2016-08-04 09:52:35.845]	[   32]	SFTP server started
[2016-08-04 09:52:35.846]	[   22]	=============================================================
[2016-08-04 09:52:35.846]	[   22]	SFTPOperations.OnOpen ENTER (2)
[2016-08-04 09:52:35.846]	[   22]	              [in][sender]=SBSftpServer.TElSFTPServer
[2016-08-04 09:52:35.846]	[   22]	SFTP connection established
[2016-08-04 09:52:35.846]	[   22]	SFTPOperations.OnOpen EXIT
[2016-08-04 09:52:35.846]	[   22]	=============================================================
[2016-08-04 09:52:35.846]	[   22]	=============================================================
[2016-08-04 09:52:35.846]	[   22]	SFTPOperations.OnRequestAbsolutePath ENTER 
[2016-08-04 09:52:35.846]	[   22]	              [in][sender]=SBSftpServer.TElSFTPServer
[2016-08-04 09:52:35.846]	[   22]	              [in][path]=.
[2016-08-04 09:52:35.846]	[   22]	              [in][absolutePath]=
[2016-08-04 09:52:35.846]	[   22]	              [in][control]=rcNoCheck
[2016-08-04 09:52:35.846]	[   22]	              [in][composePath]=SBStringList.TElStringList
[2016-08-04 09:52:35.846]	[   22]	              [in][errorCode]=0
[2016-08-04 09:52:35.846]	[   22]	              [in][comment]=
[2016-08-04 09:52:35.846]	[   22]	              [out][absolutePath]=
[2016-08-04 09:52:35.846]	[   22]	              [out][errorCode]=0
[2016-08-04 09:52:35.846]	[   22]	              [out][comment]=
[2016-08-04 09:52:35.846]	[   22]	SFTPOperations.OnRequestAbsolutePath EXIT
[2016-08-04 09:52:35.846]	[   22]	=============================================================
[2016-08-04 09:52:35.846]	[   22]	=============================================================
[2016-08-04 09:52:35.847]	[   22]	SFTPOperations.OnCreateDirectory ENTER 
[2016-08-04 09:52:35.847]	[   22]	              [in][sender]=SBSftpServer.TElSFTPServer
[2016-08-04 09:52:35.847]	[   22]	              [in][path]=\TestSession_b444be89-62db-4a90-aa38-5e1f9c877971
[2016-08-04 09:52:35.847]	[   22]	              [in][attributes]=
[2016-08-04 09:52:35.847]	[   22]	              [in][errorCode]=0
[2016-08-04 09:52:35.847]	[   22]	              [in][comment]=
[2016-08-04 09:52:35.847]	[   22]	              [out][errorCode]=0
[2016-08-04 09:52:35.847]	[   22]	              [out][comment]=
[2016-08-04 09:52:35.847]	[   22]	SFTPOperations.OnCreateDirectory EXIT
[2016-08-04 09:52:35.847]	[   22]	=============================================================
[2016-08-04 09:52:35.847]	[   32]	Socket receive operation failed: An established connection was aborted by the software in your host machine
[2016-08-04 09:52:35.847]	[   32]	Closing the socket
[2016-08-04 09:52:35.847]	[   32]	ServerListener.OnSessionClosed()
[2016-08-04 09:52:35.859]	[   33]	ServerListener.Listen : New connection available
[2016-08-04 09:52:35.859]	[   33]	Connection accepted. Active connections 1 from 20
[2016-08-04 09:52:35.944]	[   23]	Subsystem sftp opened
[2016-08-04 09:52:35.945]	[   23]	SFTP server started
[2016-08-04 09:52:35.945]	[   27]	=============================================================
[2016-08-04 09:52:35.945]	[   27]	SFTPOperations.OnOpen ENTER (1)
[2016-08-04 09:52:35.945]	[   27]	              [in][sender]=SBSftpServer.TElSFTPServer
[2016-08-04 09:52:35.945]	[   27]	SFTP connection established
[2016-08-04 09:52:35.945]	[   27]	SFTPOperations.OnOpen EXIT
[2016-08-04 09:52:35.945]	[   27]	=============================================================
[2016-08-04 09:52:35.945]	[   27]	=============================================================
[2016-08-04 09:52:35.946]	[   27]	SFTPOperations.OnRequestAbsolutePath ENTER 
[2016-08-04 09:52:35.946]	[   27]	              [in][sender]=SBSftpServer.TElSFTPServer
[2016-08-04 09:52:35.946]	[   27]	              [in][path]=.
[2016-08-04 09:52:35.946]	[   27]	              [in][absolutePath]=
[2016-08-04 09:52:35.946]	[   27]	              [in][control]=rcNoCheck
[2016-08-04 09:52:35.946]	[   27]	              [in][composePath]=SBStringList.TElStringList
[2016-08-04 09:52:35.946]	[   27]	              [in][errorCode]=0
[2016-08-04 09:52:35.946]	[   27]	              [in][comment]=
[2016-08-04 09:52:35.946]	[   27]	              [out][absolutePath]=
[2016-08-04 09:52:35.946]	[   27]	              [out][errorCode]=0
[2016-08-04 09:52:35.946]	[   27]	              [out][comment]=
[2016-08-04 09:52:35.946]	[   27]	SFTPOperations.OnRequestAbsolutePath EXIT
[2016-08-04 09:52:35.946]	[   27]	=============================================================
FileTransferPath.GetDirectoryName: path=\TestSession_b444be89-62db-4a90-aa38-5e1f9c877971\9f197eba-98cb-4354-8b16-646013996358appendtempFile.txt directorySeparator=
\TestSession_b444be89-62db-4a90-aa38-5e1f9c877971: FileTransferPath.GetDirectoryName: Path.GetDirectoryName={0}
[2016-08-04 09:52:35.946]	[   27]	=============================================================
[2016-08-04 09:52:35.946]	[   27]	SFTPOperations.OnRequestAbsolutePath ENTER 
[2016-08-04 09:52:35.946]	[   27]	              [in][sender]=SBSftpServer.TElSFTPServer
[2016-08-04 09:52:35.946]	[   27]	              [in][path]=.
[2016-08-04 09:52:35.946]	[   27]	              [in][absolutePath]=
[2016-08-04 09:52:35.946]	[   27]	              [in][control]=rcNoCheck
[2016-08-04 09:52:35.946]	[   27]	              [in][composePath]=SBStringList.TElStringList
[2016-08-04 09:52:35.946]	[   27]	              [in][errorCode]=0
[2016-08-04 09:52:35.947]	[   27]	              [in][comment]=
[2016-08-04 09:52:35.947]	[   27]	              [out][absolutePath]=
[2016-08-04 09:52:35.947]	[   27]	              [out][errorCode]=0
[2016-08-04 09:52:35.947]	[   27]	              [out][comment]=
[2016-08-04 09:52:35.947]	[   27]	SFTPOperations.OnRequestAbsolutePath EXIT
[2016-08-04 09:52:35.947]	[   27]	=============================================================
[2016-08-04 09:52:35.947]	[   27]	=============================================================
[2016-08-04 09:52:35.947]	[   27]	SFTPOperations.OnFindFirst ENTER 
[2016-08-04 09:52:35.947]	[   27]	              [in][sender]=SBSftpServer.TElSFTPServer
[2016-08-04 09:52:35.947]	[   27]	              [in][path]=\TestSession_b444be89-62db-4a90-aa38-5e1f9c877971
[2016-08-04 09:52:35.947]	[   27]	              [in][data]=
[2016-08-04 09:52:35.947]	[   27]	              [in][info]=SBSftpCommon.TElSftpFileInfo
[2016-08-04 09:52:35.947]	[   27]	              [in][errorCode]=0
[2016-08-04 09:52:35.947]	[   27]	              [in][comment]=
[2016-08-04 09:52:35.947]	[   27]	              [out][data]=
[2016-08-04 09:52:35.947]	[   27]	              [out][errorCode]=0
[2016-08-04 09:52:35.947]	[   27]	              [out][comment]=
[2016-08-04 09:52:35.947]	[   27]	SFTPOperations.OnFindFirst EXIT
[2016-08-04 09:52:35.947]	[   27]	=============================================================
[2016-08-04 09:52:35.948]	[   27]	=============================================================
[2016-08-04 09:52:35.948]	[   27]	SFTPOperations.OnFindNext ENTER 
[2016-08-04 09:52:35.948]	[   27]	              [in][sender]=SBSftpServer.TElSFTPServer
[2016-08-04 09:52:35.948]	[   27]	              [in][data]=
[2016-08-04 09:52:35.948]	[   27]	              [in][info]=SBSftpCommon.TElSftpFileInfo
[2016-08-04 09:52:35.948]	[   27]	              [in][errorCode]=0
[2016-08-04 09:52:35.948]	[   27]	              [in][comment]=
[2016-08-04 09:52:35.948]	[   27]	              [out][errorCode]=0
[2016-08-04 09:52:35.948]	[   27]	              [out][comment]=
[2016-08-04 09:52:35.948]	[   27]	SFTPOperations.OnFindNext EXIT
[2016-08-04 09:52:35.948]	[   27]	=============================================================
[2016-08-04 09:52:35.948]	[   27]	=============================================================
[2016-08-04 09:52:35.948]	[   27]	SFTPOperations.OnFindNext ENTER 
[2016-08-04 09:52:35.948]	[   27]	              [in][sender]=SBSftpServer.TElSFTPServer
[2016-08-04 09:52:35.948]	[   27]	              [in][data]=
[2016-08-04 09:52:35.948]	[   27]	              [in][info]=SBSftpCommon.TElSftpFileInfo
[2016-08-04 09:52:35.948]	[   27]	              [in][errorCode]=0
[2016-08-04 09:52:35.948]	[   27]	              [in][comment]=
[2016-08-04 09:52:35.948]	[   27]	              [out][errorCode]=0
[2016-08-04 09:52:35.948]	[   27]	              [out][comment]=
[2016-08-04 09:52:35.948]	[   27]	SFTPOperations.OnFindNext EXIT
[2016-08-04 09:52:35.948]	[   27]	=============================================================
[2016-08-04 09:52:35.949]	[   27]	=============================================================
[2016-08-04 09:52:35.949]	[   27]	SFTPOperations.OnFindClose ENTER 
[2016-08-04 09:52:35.949]	[   27]	              [in][sender]=SBSftpServer.TElSFTPServer
[2016-08-04 09:52:35.949]	[   27]	              [in][searchRec]=
[2016-08-04 09:52:35.949]	[   27]	              [in][errorCode]=1
[2016-08-04 09:52:35.949]	[   27]	              [in][comment]=
[2016-08-04 09:52:35.949]	[   27]	              [out][errorCode]=1
[2016-08-04 09:52:35.949]	[   27]	              [out][comment]=
[2016-08-04 09:52:35.949]	[   27]	SFTPOperations.OnFindClose EXIT
[2016-08-04 09:52:35.949]	[   27]	=============================================================
[2016-08-04 09:52:35.949]	[   27]	=============================================================
[2016-08-04 09:52:35.949]	[   27]	SFTPOperations.OnRequestAbsolutePath ENTER 
[2016-08-04 09:52:35.949]	[   27]	              [in][sender]=SBSftpServer.TElSFTPServer
[2016-08-04 09:52:35.949]	[   27]	              [in][path]=.
[2016-08-04 09:52:35.949]	[   27]	              [in][absolutePath]=
[2016-08-04 09:52:35.949]	[   27]	              [in][control]=rcNoCheck
[2016-08-04 09:52:35.949]	[   27]	              [in][composePath]=SBStringList.TElStringList
[2016-08-04 09:52:35.949]	[   27]	              [in][errorCode]=0
[2016-08-04 09:52:35.949]	[   27]	              [in][comment]=
[2016-08-04 09:52:35.949]	[   27]	              [out][absolutePath]=
[2016-08-04 09:52:35.949]	[   27]	              [out][errorCode]=0
[2016-08-04 09:52:35.949]	[   27]	              [out][comment]=
[2016-08-04 09:52:35.949]	[   27]	SFTPOperations.OnRequestAbsolutePath EXIT
[2016-08-04 09:52:35.949]	[   27]	=============================================================
[2016-08-04 09:52:35.950]	[   27]	=============================================================
[2016-08-04 09:52:35.950]	[   27]	SFTPOperations.OnRequestAttributes ENTER 
[2016-08-04 09:52:35.950]	[   27]	              [in][sender]=SBSftpServer.TElSFTPServer
[2016-08-04 09:52:35.950]	[   27]	              [in][path]=\TestSession_b444be89-62db-4a90-aa38-5e1f9c877971\9f197eba-98cb-4354-8b16-646013996358appendtempFile.txttestext
[2016-08-04 09:52:35.950]	[   27]	              [in][followSymLinks]=True
[2016-08-04 09:52:35.950]	[   27]	              [in][attributes]=SBSftpCommon.TElSftpFileAttributes
[2016-08-04 09:52:35.950]	[   27]	              [in][errorCode]=0
[2016-08-04 09:52:35.950]	[   27]	              [in][comment]=
[2016-08-04 09:52:35.950]	[   27]	              [out][errorCode]=0
[2016-08-04 09:52:35.950]	[   27]	              [out][comment]=
[2016-08-04 09:52:35.950]	[   27]	SFTPOperations.OnRequestAttributes EXIT
[2016-08-04 09:52:35.950]	[   27]	=============================================================
[2016-08-04 09:52:35.950]	[   27]	=============================================================
[2016-08-04 09:52:35.950]	[   27]	SFTPOperations.OnRequestAttributes ENTER 
[2016-08-04 09:52:35.950]	[   27]	              [in][sender]=SBSftpServer.TElSFTPServer
[2016-08-04 09:52:35.950]	[   27]	              [in][path]=\TestSession_b444be89-62db-4a90-aa38-5e1f9c877971
[2016-08-04 09:52:35.950]	[   27]	              [in][followSymLinks]=True
[2016-08-04 09:52:35.950]	[   27]	              [in][attributes]=SBSftpCommon.TElSftpFileAttributes
[2016-08-04 09:52:35.950]	[   27]	              [in][errorCode]=2
[2016-08-04 09:52:35.951]	[   27]	              [in][comment]=No such file
[2016-08-04 09:52:35.951]	[   27]	              [out][errorCode]=2
[2016-08-04 09:52:35.951]	[   27]	              [out][comment]=No such file
[2016-08-04 09:52:35.951]	[   27]	SFTPOperations.OnRequestAttributes EXIT
[2016-08-04 09:52:35.951]	[   27]	=============================================================
[2016-08-04 09:52:35.951]	[   27]	=============================================================
[2016-08-04 09:52:35.951]	[   27]	SFTPOperations.OnOpenFile ENTER (1)
[2016-08-04 09:52:35.951]	[   27]	              [in][sender]=SBSftpServer.TElSFTPServer
[2016-08-04 09:52:35.951]	[   27]	              [in][path]=\TestSession_b444be89-62db-4a90-aa38-5e1f9c877971\9f197eba-98cb-4354-8b16-646013996358appendtempFile.txttestext
[2016-08-04 09:52:35.951]	[   27]	              [in][modes]=26
[2016-08-04 09:52:35.951]	[   27]	              [in][Access]=0
[2016-08-04 09:52:35.951]	[   27]	              [in][desiredAccess]=2
[2016-08-04 09:52:35.951]	[   27]	              [in][attributes]=SBSftpCommon.TElSftpFileAttributes
[2016-08-04 09:52:35.951]	[   27]	              [in][data]=
[2016-08-04 09:52:35.951]	[   27]	              [in][errorCode]=0
[2016-08-04 09:52:35.951]	[   27]	              [in][comment]=No such file
[2016-08-04 09:52:35.951]	[   27]	              [out][data]=
[2016-08-04 09:52:35.952]	[   27]	              [out][errorCode]=0
[2016-08-04 09:52:35.952]	[   27]	              [out][comment]=No such file
[2016-08-04 09:52:35.952]	[   27]	SFTPOperations.OnOpenFile EXIT
[2016-08-04 09:52:35.952]	[   27]	=============================================================
[2016-08-04 09:52:35.952]	[   27]	=============================================================
[2016-08-04 09:52:35.952]	[   27]	SFTPOperations.OnWriteFile ENTER (1)
[2016-08-04 09:52:35.952]	[   27]	              [in][sender]=SBSftpServer.TElSFTPServer
[2016-08-04 09:52:35.952]	[   27]	              [in][data]=System.IO.FileStream
[2016-08-04 09:52:35.952]	[   27]	              [in][offset]=0
[2016-08-04 09:52:35.952]	[   27]	              [in][buffer]=System.Byte[]
[2016-08-04 09:52:35.952]	[   27]	              [in][bufferOffset]=25
[2016-08-04 09:52:35.952]	[   27]	              [in][count]=2584
[2016-08-04 09:52:35.952]	[   27]	              [in][errorCode]=0
[2016-08-04 09:52:35.952]	[   27]	              [in][comment]=No such file
[2016-08-04 09:52:35.952]	[   27]	              [out][errorCode]=0
[2016-08-04 09:52:35.952]	[   27]	              [out][comment]=No such file
[2016-08-04 09:52:35.952]	[   27]	SFTPOperations.OnWriteFile EXIT
[2016-08-04 09:52:35.952]	[   27]	=============================================================
[2016-08-04 09:52:35.953]	[   27]	=============================================================
[2016-08-04 09:52:35.953]	[   27]	SFTPOperations.OnCloseHandle ENTER (1)
[2016-08-04 09:52:35.953]	[   27]	              [in][sender]=SBSftpServer.TElSFTPServer
[2016-08-04 09:52:35.953]	[   27]	              [in][data]=System.IO.FileStream
[2016-08-04 09:52:35.953]	[   27]	              [in][errorCode]=0
[2016-08-04 09:52:35.953]	[   27]	              [in][comment]=No such file
[2016-08-04 09:52:35.953]	[   27]	              [out][errorCode]=0
[2016-08-04 09:52:35.953]	[   27]	              [out][comment]=No such file
[2016-08-04 09:52:35.953]	[   27]	SFTPOperations.OnCloseHandle EXIT
[2016-08-04 09:52:35.953]	[   27]	=============================================================
[2016-08-04 09:52:35.954]	[   27]	=============================================================
[2016-08-04 09:52:35.954]	[   27]	SFTPOperations.OnRequestAbsolutePath ENTER 
[2016-08-04 09:52:35.954]	[   27]	              [in][sender]=SBSftpServer.TElSFTPServer
[2016-08-04 09:52:35.954]	[   27]	              [in][path]=.
[2016-08-04 09:52:35.954]	[   27]	              [in][absolutePath]=
[2016-08-04 09:52:35.954]	[   27]	              [in][control]=rcNoCheck
[2016-08-04 09:52:35.954]	[   27]	              [in][composePath]=SBStringList.TElStringList
[2016-08-04 09:52:35.954]	[   27]	              [in][errorCode]=0
[2016-08-04 09:52:35.954]	[   27]	              [in][comment]=No such file
[2016-08-04 09:52:35.954]	[   27]	              [out][absolutePath]=
[2016-08-04 09:52:35.954]	[   27]	              [out][errorCode]=0
[2016-08-04 09:52:35.954]	[   27]	              [out][comment]=No such file
[2016-08-04 09:52:35.954]	[   27]	SFTPOperations.OnRequestAbsolutePath EXIT
[2016-08-04 09:52:35.954]	[   27]	=============================================================
[2016-08-04 09:52:35.954]	[   27]	=============================================================
[2016-08-04 09:52:35.954]	[   27]	SFTPOperations.OnRequestAbsolutePath ENTER 
[2016-08-04 09:52:35.954]	[   27]	              [in][sender]=SBSftpServer.TElSFTPServer
[2016-08-04 09:52:35.954]	[   27]	              [in][path]=.
[2016-08-04 09:52:35.954]	[   27]	              [in][absolutePath]=
[2016-08-04 09:52:35.954]	[   27]	              [in][control]=rcNoCheck
[2016-08-04 09:52:35.954]	[   27]	              [in][composePath]=SBStringList.TElStringList
[2016-08-04 09:52:35.954]	[   27]	              [in][errorCode]=0
[2016-08-04 09:52:35.954]	[   27]	              [in][comment]=No such file
[2016-08-04 09:52:35.954]	[   27]	              [out][absolutePath]=
[2016-08-04 09:52:35.954]	[   27]	              [out][errorCode]=0
[2016-08-04 09:52:35.954]	[   27]	              [out][comment]=No such file
[2016-08-04 09:52:35.954]	[   27]	SFTPOperations.OnRequestAbsolutePath EXIT
[2016-08-04 09:52:35.954]	[   27]	=============================================================
[2016-08-04 09:52:35.955]	[   27]	=============================================================
[2016-08-04 09:52:35.955]	[   27]	SFTPOperations.OnRenameFile ENTER 
[2016-08-04 09:52:35.955]	[   27]	              [in][sender]=SBSftpServer.TElSFTPServer
[2016-08-04 09:52:35.955]	[   27]	              [in][oldPath]=\TestSession_b444be89-62db-4a90-aa38-5e1f9c877971\9f197eba-98cb-4354-8b16-646013996358appendtempFile.txttestext
[2016-08-04 09:52:35.955]	[   27]	              [in][newPath]=\TestSession_b444be89-62db-4a90-aa38-5e1f9c877971\9f197eba-98cb-4354-8b16-646013996358appendtempFile.txt
[2016-08-04 09:52:35.955]	[   27]	              [in][flags]=0
[2016-08-04 09:52:35.955]	[   27]	              [in][errorCode]=0
[2016-08-04 09:52:35.955]	[   27]	              [in][comment]=No such file
[2016-08-04 09:52:35.955]	[   27]	              [out][errorCode]=0
[2016-08-04 09:52:35.955]	[   27]	              [out][comment]=No such file
[2016-08-04 09:52:35.955]	[   27]	SFTPOperations.OnRenameFile EXIT
[2016-08-04 09:52:35.955]	[   27]	=============================================================
FileTransferPath.GetDirectoryName: path=\TestSession_b444be89-62db-4a90-aa38-5e1f9c877971\9f197eba-98cb-4354-8b16-646013996358appendtempFile.txt directorySeparator=
\TestSession_b444be89-62db-4a90-aa38-5e1f9c877971: FileTransferPath.GetDirectoryName: Path.GetDirectoryName={0}
[2016-08-04 09:52:35.955]	[   27]	=============================================================
[2016-08-04 09:52:35.956]	[   27]	SFTPOperations.OnRequestAbsolutePath ENTER 
[2016-08-04 09:52:35.956]	[   27]	              [in][sender]=SBSftpServer.TElSFTPServer
[2016-08-04 09:52:35.956]	[   27]	              [in][path]=.
[2016-08-04 09:52:35.956]	[   27]	              [in][absolutePath]=
[2016-08-04 09:52:35.956]	[   27]	              [in][control]=rcNoCheck
[2016-08-04 09:52:35.956]	[   27]	              [in][composePath]=SBStringList.TElStringList
[2016-08-04 09:52:35.956]	[   27]	              [in][errorCode]=0
[2016-08-04 09:52:35.956]	[   27]	              [in][comment]=No such file
[2016-08-04 09:52:35.956]	[   27]	              [out][absolutePath]=
[2016-08-04 09:52:35.956]	[   27]	              [out][errorCode]=0
[2016-08-04 09:52:35.956]	[   27]	              [out][comment]=No such file
[2016-08-04 09:52:35.956]	[   27]	SFTPOperations.OnRequestAbsolutePath EXIT
[2016-08-04 09:52:35.956]	[   27]	=============================================================
[2016-08-04 09:52:35.956]	[   27]	=============================================================
[2016-08-04 09:52:35.956]	[   27]	SFTPOperations.OnFindFirst ENTER 
[2016-08-04 09:52:35.956]	[   27]	              [in][sender]=SBSftpServer.TElSFTPServer
[2016-08-04 09:52:35.956]	[   27]	              [in][path]=\TestSession_b444be89-62db-4a90-aa38-5e1f9c877971
[2016-08-04 09:52:35.956]	[   27]	              [in][data]=
[2016-08-04 09:52:35.956]	[   27]	              [in][info]=SBSftpCommon.TElSftpFileInfo
[2016-08-04 09:52:35.956]	[   27]	              [in][errorCode]=0
[2016-08-04 09:52:35.956]	[   27]	              [in][comment]=No such file
[2016-08-04 09:52:35.956]	[   27]	              [out][data]=
[2016-08-04 09:52:35.956]	[   27]	              [out][errorCode]=0
[2016-08-04 09:52:35.956]	[   27]	              [out][comment]=No such file
[2016-08-04 09:52:35.956]	[   27]	SFTPOperations.OnFindFirst EXIT
[2016-08-04 09:52:35.956]	[   27]	=============================================================
[2016-08-04 09:52:35.957]	[   27]	=============================================================
[2016-08-04 09:52:35.957]	[   27]	SFTPOperations.OnFindNext ENTER 
[2016-08-04 09:52:35.957]	[   27]	              [in][sender]=SBSftpServer.TElSFTPServer
[2016-08-04 09:52:35.957]	[   27]	              [in][data]=
[2016-08-04 09:52:35.957]	[   27]	              [in][info]=SBSftpCommon.TElSftpFileInfo
[2016-08-04 09:52:35.957]	[   27]	              [in][errorCode]=0
[2016-08-04 09:52:35.957]	[   27]	              [in][comment]=
[2016-08-04 09:52:35.957]	[   27]	              [out][errorCode]=0
[2016-08-04 09:52:35.957]	[   27]	              [out][comment]=
[2016-08-04 09:52:35.957]	[   27]	SFTPOperations.OnFindNext EXIT
[2016-08-04 09:52:35.957]	[   27]	=============================================================
[2016-08-04 09:52:35.957]	[   27]	=============================================================
[2016-08-04 09:52:35.957]	[   27]	SFTPOperations.OnFindNext ENTER 
[2016-08-04 09:52:35.957]	[   27]	              [in][sender]=SBSftpServer.TElSFTPServer
[2016-08-04 09:52:35.957]	[   27]	              [in][data]=
[2016-08-04 09:52:35.957]	[   27]	              [in][info]=SBSftpCommon.TElSftpFileInfo
[2016-08-04 09:52:35.957]	[   27]	              [in][errorCode]=0
[2016-08-04 09:52:35.957]	[   27]	              [in][comment]=
[2016-08-04 09:52:35.957]	[   27]	              [out][errorCode]=0
[2016-08-04 09:52:35.957]	[   27]	              [out][comment]=
[2016-08-04 09:52:35.957]	[   27]	SFTPOperations.OnFindNext EXIT
[2016-08-04 09:52:35.957]	[   27]	=============================================================
[2016-08-04 09:52:35.957]	[   27]	=============================================================
[2016-08-04 09:52:35.957]	[   27]	SFTPOperations.OnFindNext ENTER 
[2016-08-04 09:52:35.957]	[   27]	              [in][sender]=SBSftpServer.TElSFTPServer
[2016-08-04 09:52:35.957]	[   27]	              [in][data]=
[2016-08-04 09:52:35.957]	[   27]	              [in][info]=SBSftpCommon.TElSftpFileInfo
[2016-08-04 09:52:35.957]	[   27]	              [in][errorCode]=0
[2016-08-04 09:52:35.957]	[   27]	              [in][comment]=
[2016-08-04 09:52:35.957]	[   27]	              [out][errorCode]=0
[2016-08-04 09:52:35.957]	[   27]	              [out][comment]=
[2016-08-04 09:52:35.957]	[   27]	SFTPOperations.OnFindNext EXIT
[2016-08-04 09:52:35.957]	[   27]	=============================================================
[2016-08-04 09:52:35.958]	[   27]	=============================================================
[2016-08-04 09:52:35.958]	[   27]	SFTPOperations.OnFindClose ENTER 
[2016-08-04 09:52:35.958]	[   27]	              [in][sender]=SBSftpServer.TElSFTPServer
[2016-08-04 09:52:35.958]	[   27]	              [in][searchRec]=
[2016-08-04 09:52:35.958]	[   27]	              [in][errorCode]=1
[2016-08-04 09:52:35.958]	[   27]	              [in][comment]=
[2016-08-04 09:52:35.959]	[   27]	              [out][errorCode]=1
[2016-08-04 09:52:35.959]	[   27]	              [out][comment]=
[2016-08-04 09:52:35.959]	[   27]	SFTPOperations.OnFindClose EXIT
[2016-08-04 09:52:35.959]	[   27]	=============================================================
[2016-08-04 09:52:35.959]	[   27]	=============================================================
[2016-08-04 09:52:35.959]	[   27]	SFTPOperations.OnRequestAbsolutePath ENTER 
[2016-08-04 09:52:35.959]	[   27]	              [in][sender]=SBSftpServer.TElSFTPServer
[2016-08-04 09:52:35.959]	[   27]	              [in][path]=.
[2016-08-04 09:52:35.959]	[   27]	              [in][absolutePath]=
[2016-08-04 09:52:35.959]	[   27]	              [in][control]=rcNoCheck
[2016-08-04 09:52:35.959]	[   27]	              [in][composePath]=SBStringList.TElStringList
[2016-08-04 09:52:35.959]	[   27]	              [in][errorCode]=0
[2016-08-04 09:52:35.959]	[   27]	              [in][comment]=
[2016-08-04 09:52:35.959]	[   27]	              [out][absolutePath]=
[2016-08-04 09:52:35.959]	[   27]	              [out][errorCode]=0
[2016-08-04 09:52:35.959]	[   27]	              [out][comment]=
[2016-08-04 09:52:35.959]	[   27]	SFTPOperations.OnRequestAbsolutePath EXIT
[2016-08-04 09:52:35.959]	[   27]	=============================================================
[2016-08-04 09:52:35.959]	[   27]	=============================================================
[2016-08-04 09:52:35.959]	[   27]	SFTPOperations.OnRequestAbsolutePath ENTER 
[2016-08-04 09:52:35.959]	[   27]	              [in][sender]=SBSftpServer.TElSFTPServer
[2016-08-04 09:52:35.959]	[   27]	              [in][path]=.
[2016-08-04 09:52:35.959]	[   27]	              [in][absolutePath]=
[2016-08-04 09:52:35.959]	[   27]	              [in][control]=rcNoCheck
[2016-08-04 09:52:35.960]	[   27]	              [in][composePath]=SBStringList.TElStringList
[2016-08-04 09:52:35.960]	[   27]	              [in][errorCode]=0
[2016-08-04 09:52:35.960]	[   27]	              [in][comment]=
[2016-08-04 09:52:35.960]	[   27]	              [out][absolutePath]=
[2016-08-04 09:52:35.960]	[   27]	              [out][errorCode]=0
[2016-08-04 09:52:35.960]	[   27]	              [out][comment]=
[2016-08-04 09:52:35.960]	[   27]	SFTPOperations.OnRequestAbsolutePath EXIT
[2016-08-04 09:52:35.960]	[   27]	=============================================================
[2016-08-04 09:52:35.960]	[   27]	=============================================================
[2016-08-04 09:52:35.960]	[   27]	SFTPOperations.OnRequestAttributes ENTER 
[2016-08-04 09:52:35.960]	[   27]	              [in][sender]=SBSftpServer.TElSFTPServer
[2016-08-04 09:52:35.960]	[   27]	              [in][path]=\TestSession_b444be89-62db-4a90-aa38-5e1f9c877971\9f197eba-98cb-4354-8b16-646013996358appendtempFile.txttestext
[2016-08-04 09:52:35.960]	[   27]	              [in][followSymLinks]=True
[2016-08-04 09:52:35.960]	[   27]	              [in][attributes]=SBSftpCommon.TElSftpFileAttributes
[2016-08-04 09:52:35.960]	[   27]	              [in][errorCode]=0
[2016-08-04 09:52:35.960]	[   27]	              [in][comment]=
[2016-08-04 09:52:35.960]	[   27]	              [out][errorCode]=0
[2016-08-04 09:52:35.960]	[   27]	              [out][comment]=
[2016-08-04 09:52:35.960]	[   27]	SFTPOperations.OnRequestAttributes EXIT
[2016-08-04 09:52:35.960]	[   27]	=============================================================
[2016-08-04 09:52:35.961]	[   27]	=============================================================
[2016-08-04 09:52:35.961]	[   27]	SFTPOperations.OnRenameFile ENTER 
[2016-08-04 09:52:35.961]	[   27]	              [in][sender]=SBSftpServer.TElSFTPServer
[2016-08-04 09:52:35.961]	[   27]	              [in][oldPath]=\TestSession_b444be89-62db-4a90-aa38-5e1f9c877971\9f197eba-98cb-4354-8b16-646013996358appendtempFile.txt
[2016-08-04 09:52:35.961]	[   27]	              [in][newPath]=\TestSession_b444be89-62db-4a90-aa38-5e1f9c877971\9f197eba-98cb-4354-8b16-646013996358appendtempFile.txttestext
[2016-08-04 09:52:35.961]	[   27]	              [in][flags]=0
[2016-08-04 09:52:35.961]	[   27]	              [in][errorCode]=2
[2016-08-04 09:52:35.961]	[   27]	              [in][comment]=No such file
[2016-08-04 09:52:35.961]	[   27]	              [out][errorCode]=2
[2016-08-04 09:52:35.961]	[   27]	              [out][comment]=No such file
[2016-08-04 09:52:35.961]	[   27]	SFTPOperations.OnRenameFile EXIT
[2016-08-04 09:52:35.961]	[   27]	=============================================================
[2016-08-04 09:52:35.961]	[   27]	=============================================================
[2016-08-04 09:52:35.961]	[   27]	SFTPOperations.OnRequestAbsolutePath ENTER 
[2016-08-04 09:52:35.961]	[   27]	              [in][sender]=SBSftpServer.TElSFTPServer
[2016-08-04 09:52:35.962]	[   27]	              [in][path]=.
[2016-08-04 09:52:35.962]	[   27]	              [in][absolutePath]=
[2016-08-04 09:52:35.962]	[   27]	              [in][control]=rcNoCheck
[2016-08-04 09:52:35.962]	[   27]	              [in][composePath]=SBStringList.TElStringList
[2016-08-04 09:52:35.962]	[   27]	              [in][errorCode]=0
[2016-08-04 09:52:35.962]	[   27]	              [in][comment]=No such file
[2016-08-04 09:52:35.962]	[   27]	              [out][absolutePath]=
[2016-08-04 09:52:35.962]	[   27]	              [out][errorCode]=0
[2016-08-04 09:52:35.962]	[   27]	              [out][comment]=No such file
[2016-08-04 09:52:35.962]	[   27]	SFTPOperations.OnRequestAbsolutePath EXIT
[2016-08-04 09:52:35.962]	[   27]	=============================================================
[2016-08-04 09:52:35.964]	[   27]	=============================================================
[2016-08-04 09:52:35.964]	[   27]	SFTPOperations.OnRequestAttributes ENTER 
[2016-08-04 09:52:35.964]	[   27]	              [in][sender]=SBSftpServer.TElSFTPServer
[2016-08-04 09:52:35.964]	[   27]	              [in][path]=\TestSession_b444be89-62db-4a90-aa38-5e1f9c877971\9f197eba-98cb-4354-8b16-646013996358appendtempFile.txttestext
[2016-08-04 09:52:35.964]	[   27]	              [in][followSymLinks]=True
[2016-08-04 09:52:35.964]	[   27]	              [in][attributes]=SBSftpCommon.TElSftpFileAttributes
[2016-08-04 09:52:35.964]	[   27]	              [in][errorCode]=0
[2016-08-04 09:52:35.964]	[   27]	              [in][comment]=No such file
[2016-08-04 09:52:35.964]	[   27]	              [out][errorCode]=0
[2016-08-04 09:52:35.964]	[   27]	              [out][comment]=No such file
[2016-08-04 09:52:35.964]	[   27]	SFTPOperations.OnRequestAttributes EXIT
[2016-08-04 09:52:35.964]	[   27]	=============================================================
[2016-08-04 09:52:35.965]	[   27]	=============================================================
[2016-08-04 09:52:35.965]	[   27]	SFTPOperations.OnRequestAttributes ENTER 
[2016-08-04 09:52:35.965]	[   27]	              [in][sender]=SBSftpServer.TElSFTPServer
[2016-08-04 09:52:35.965]	[   27]	              [in][path]=\TestSession_b444be89-62db-4a90-aa38-5e1f9c877971
[2016-08-04 09:52:35.965]	[   27]	              [in][followSymLinks]=True
[2016-08-04 09:52:35.965]	[   27]	              [in][attributes]=SBSftpCommon.TElSftpFileAttributes
[2016-08-04 09:52:35.965]	[   27]	              [in][errorCode]=0
[2016-08-04 09:52:35.965]	[   27]	              [in][comment]=No such file
[2016-08-04 09:52:35.965]	[   27]	              [out][errorCode]=0
[2016-08-04 09:52:35.965]	[   27]	              [out][comment]=No such file
[2016-08-04 09:52:35.965]	[   27]	SFTPOperations.OnRequestAttributes EXIT
[2016-08-04 09:52:35.965]	[   27]	=============================================================
[2016-08-04 09:52:35.965]	[   27]	=============================================================
[2016-08-04 09:52:35.965]	[   27]	SFTPOperations.OnOpenFile ENTER (2)
[2016-08-04 09:52:35.965]	[   27]	              [in][sender]=SBSftpServer.TElSFTPServer
[2016-08-04 09:52:35.965]	[   27]	              [in][path]=\TestSession_b444be89-62db-4a90-aa38-5e1f9c877971\9f197eba-98cb-4354-8b16-646013996358appendtempFile.txttestext
[2016-08-04 09:52:35.965]	[   27]	              [in][modes]=134
[2016-08-04 09:52:35.965]	[   27]	              [in][Access]=0
[2016-08-04 09:52:35.965]	[   27]	              [in][desiredAccess]=6
[2016-08-04 09:52:35.965]	[   27]	              [in][attributes]=SBSftpCommon.TElSftpFileAttributes
[2016-08-04 09:52:35.965]	[   27]	              [in][data]=
[2016-08-04 09:52:35.965]	[   27]	              [in][errorCode]=0
[2016-08-04 09:52:35.966]	[   27]	              [in][comment]=No such file
[2016-08-04 09:52:35.966]	[   27]	              [out][data]=
[2016-08-04 09:52:35.966]	[   27]	              [out][errorCode]=0
[2016-08-04 09:52:35.966]	[   27]	              [out][comment]=No such file
[2016-08-04 09:52:35.966]	[   27]	SFTPOperations.OnOpenFile EXIT
[2016-08-04 09:52:35.966]	[   27]	=============================================================
[2016-08-04 09:52:35.966]	[   27]	=============================================================
[2016-08-04 09:52:35.967]	[   27]	SFTPOperations.OnWriteFile ENTER (2)
[2016-08-04 09:52:35.967]	[   27]	              [in][sender]=SBSftpServer.TElSFTPServer
[2016-08-04 09:52:35.967]	[   27]	              [in][data]=System.IO.FileStream
[2016-08-04 09:52:35.967]	[   27]	              [in][offset]=2584
[2016-08-04 09:52:35.967]	[   27]	              [in][buffer]=System.Byte[]
[2016-08-04 09:52:35.967]	[   27]	              [in][bufferOffset]=25
[2016-08-04 09:52:35.967]	[   27]	              [in][count]=2584
[2016-08-04 09:52:35.967]	[   27]	              [in][errorCode]=0
[2016-08-04 09:52:35.967]	[   27]	              [in][comment]=No such file
[2016-08-04 09:52:35.967]	[   27]	              [out][errorCode]=0
[2016-08-04 09:52:35.967]	[   27]	              [out][comment]=No such file
[2016-08-04 09:52:35.967]	[   27]	SFTPOperations.OnWriteFile EXIT
[2016-08-04 09:52:35.967]	[   27]	=============================================================
[2016-08-04 09:52:35.967]	[   27]	=============================================================
[2016-08-04 09:52:35.967]	[   27]	SFTPOperations.OnCloseHandle ENTER (2)
[2016-08-04 09:52:35.967]	[   27]	              [in][sender]=SBSftpServer.TElSFTPServer
[2016-08-04 09:52:35.967]	[   27]	              [in][data]=System.IO.FileStream
[2016-08-04 09:52:35.967]	[   27]	              [in][errorCode]=0
[2016-08-04 09:52:35.967]	[   27]	              [in][comment]=No such file
[2016-08-04 09:52:35.968]	[   27]	              [out][errorCode]=0
[2016-08-04 09:52:35.968]	[   27]	              [out][comment]=No such file
[2016-08-04 09:52:35.968]	[   27]	SFTPOperations.OnCloseHandle EXIT
[2016-08-04 09:52:35.968]	[   27]	=============================================================
[2016-08-04 09:52:35.968]	[   27]	=============================================================
[2016-08-04 09:52:35.968]	[   27]	SFTPOperations.OnRequestAbsolutePath ENTER 
[2016-08-04 09:52:35.968]	[   27]	              [in][sender]=SBSftpServer.TElSFTPServer
[2016-08-04 09:52:35.968]	[   27]	              [in][path]=.
[2016-08-04 09:52:35.968]	[   27]	              [in][absolutePath]=
[2016-08-04 09:52:35.968]	[   27]	              [in][control]=rcNoCheck
[2016-08-04 09:52:35.968]	[   27]	              [in][composePath]=SBStringList.TElStringList
[2016-08-04 09:52:35.968]	[   27]	              [in][errorCode]=0
[2016-08-04 09:52:35.968]	[   27]	              [in][comment]=No such file
[2016-08-04 09:52:35.968]	[   27]	              [out][absolutePath]=
[2016-08-04 09:52:35.968]	[   27]	              [out][errorCode]=0
[2016-08-04 09:52:35.968]	[   27]	              [out][comment]=No such file
[2016-08-04 09:52:35.968]	[   27]	SFTPOperations.OnRequestAbsolutePath EXIT
[2016-08-04 09:52:35.968]	[   27]	=============================================================
[2016-08-04 09:52:35.969]	[   27]	=============================================================
[2016-08-04 09:52:35.969]	[   27]	SFTPOperations.OnRequestAbsolutePath ENTER 
[2016-08-04 09:52:35.969]	[   27]	              [in][sender]=SBSftpServer.TElSFTPServer
[2016-08-04 09:52:35.969]	[   27]	              [in][path]=.
[2016-08-04 09:52:35.969]	[   27]	              [in][absolutePath]=
[2016-08-04 09:52:35.969]	[   27]	              [in][control]=rcNoCheck
[2016-08-04 09:52:35.969]	[   27]	              [in][composePath]=SBStringList.TElStringList
[2016-08-04 09:52:35.969]	[   27]	              [in][errorCode]=0
[2016-08-04 09:52:35.969]	[   27]	              [in][comment]=No such file
[2016-08-04 09:52:35.969]	[   27]	              [out][absolutePath]=
[2016-08-04 09:52:35.969]	[   27]	              [out][errorCode]=0
[2016-08-04 09:52:35.969]	[   27]	              [out][comment]=No such file
[2016-08-04 09:52:35.969]	[   27]	SFTPOperations.OnRequestAbsolutePath EXIT
[2016-08-04 09:52:35.969]	[   27]	=============================================================
[2016-08-04 09:52:35.969]	[   27]	=============================================================
[2016-08-04 09:52:35.969]	[   27]	SFTPOperations.OnRenameFile ENTER 
[2016-08-04 09:52:35.969]	[   27]	              [in][sender]=SBSftpServer.TElSFTPServer
[2016-08-04 09:52:35.969]	[   27]	              [in][oldPath]=\TestSession_b444be89-62db-4a90-aa38-5e1f9c877971\9f197eba-98cb-4354-8b16-646013996358appendtempFile.txttestext
[2016-08-04 09:52:35.969]	[   27]	              [in][newPath]=\TestSession_b444be89-62db-4a90-aa38-5e1f9c877971\9f197eba-98cb-4354-8b16-646013996358appendtempFile.txt
[2016-08-04 09:52:35.969]	[   27]	              [in][flags]=0
[2016-08-04 09:52:35.969]	[   27]	              [in][errorCode]=0
[2016-08-04 09:52:35.969]	[   27]	              [in][comment]=No such file
[2016-08-04 09:52:35.970]	[   27]	              [out][errorCode]=0
[2016-08-04 09:52:35.970]	[   27]	              [out][comment]=No such file
[2016-08-04 09:52:35.970]	[   27]	SFTPOperations.OnRenameFile EXIT
[2016-08-04 09:52:35.970]	[   27]	=============================================================
[2016-08-04 09:52:35.973]	[   27]	=============================================================
[2016-08-04 09:52:35.973]	[   27]	SFTPOperations.OnRequestAbsolutePath ENTER 
[2016-08-04 09:52:35.973]	[   27]	              [in][sender]=SBSftpServer.TElSFTPServer
[2016-08-04 09:52:35.973]	[   27]	              [in][path]=.
[2016-08-04 09:52:35.973]	[   27]	              [in][absolutePath]=
[2016-08-04 09:52:35.973]	[   27]	              [in][control]=rcNoCheck
[2016-08-04 09:52:35.973]	[   27]	              [in][composePath]=SBStringList.TElStringList
[2016-08-04 09:52:35.973]	[   27]	              [in][errorCode]=0
[2016-08-04 09:52:35.973]	[   27]	              [in][comment]=No such file
[2016-08-04 09:52:35.973]	[   27]	              [out][absolutePath]=
[2016-08-04 09:52:35.973]	[   27]	              [out][errorCode]=0
[2016-08-04 09:52:35.973]	[   27]	              [out][comment]=No such file
[2016-08-04 09:52:35.973]	[   27]	SFTPOperations.OnRequestAbsolutePath EXIT
[2016-08-04 09:52:35.973]	[   27]	=============================================================
[2016-08-04 09:52:35.973]	[   19]	Stopping socket listener
[2016-08-04 09:52:35.973]	[   19]	Socket listener stopped
[2016-08-04 09:52:35.974]	[   23]	Socket receive operation failed: An established connection was aborted by the software in your host machine
[2016-08-04 09:52:35.974]	[   23]	Closing the socket
[2016-08-04 09:52:35.974]	[   23]	ServerListener.OnSessionClosed()</StdOut>
      </Output>
    </UnitTestResult>
    <UnitTestResult executionId="1c31f6f8-2a19-4058-b777-f4eea6da01f6" testId="072e9880-c5e9-6c14-f839-7d80b899737b" testName="WriteFromFile_CreateTemporaryFileWithAppendAndCheckFileSize_DoesNotThrowException" computerName="ICSWS068" duration="00:00:00.3861293" startTime="2016-08-04T09:52:35.9876414+02:00" endTime="2016-08-04T09:52:36.3752612+02:00" testType="13cdc9d9-ddb5-4fa4-a97d-d965ccfc6d4b" outcome="Passed" testListId="8c84fa94-04c1-424b-9868-57a2d4851a1d" relativeResultsDirectory="1c31f6f8-2a19-4058-b777-f4eea6da01f6">
      <Output>
        <StdOut>Debug Trace:
[2016-08-04 09:52:35.991]	[   31]	Starting SSH server listener...
[2016-08-04 09:52:35.992]	[   31]	SSH server listener started.
[2016-08-04 09:52:36.042]	[   22]	ServerListener.Listen : New connection available
[2016-08-04 09:52:36.043]	[   22]	Connection accepted. Active connections 1 from 20
[2016-08-04 09:52:36.130]	[   24]	Subsystem sftp opened
[2016-08-04 09:52:36.130]	[   24]	SFTP server started
[2016-08-04 09:52:36.131]	[   28]	=============================================================
[2016-08-04 09:52:36.131]	[   28]	SFTPOperations.OnOpen ENTER (2)
[2016-08-04 09:52:36.131]	[   28]	              [in][sender]=SBSftpServer.TElSFTPServer
[2016-08-04 09:52:36.131]	[   28]	SFTP connection established
[2016-08-04 09:52:36.131]	[   28]	SFTPOperations.OnOpen EXIT
[2016-08-04 09:52:36.131]	[   28]	=============================================================
[2016-08-04 09:52:36.131]	[   28]	=============================================================
[2016-08-04 09:52:36.131]	[   28]	SFTPOperations.OnRequestAbsolutePath ENTER 
[2016-08-04 09:52:36.131]	[   28]	              [in][sender]=SBSftpServer.TElSFTPServer
[2016-08-04 09:52:36.131]	[   28]	              [in][path]=.
[2016-08-04 09:52:36.131]	[   28]	              [in][absolutePath]=
[2016-08-04 09:52:36.132]	[   28]	              [in][control]=rcNoCheck
[2016-08-04 09:52:36.132]	[   28]	              [in][composePath]=SBStringList.TElStringList
[2016-08-04 09:52:36.132]	[   28]	              [in][errorCode]=0
[2016-08-04 09:52:36.132]	[   28]	              [in][comment]=
[2016-08-04 09:52:36.132]	[   28]	              [out][absolutePath]=
[2016-08-04 09:52:36.132]	[   28]	              [out][errorCode]=0
[2016-08-04 09:52:36.132]	[   28]	              [out][comment]=
[2016-08-04 09:52:36.132]	[   28]	SFTPOperations.OnRequestAbsolutePath EXIT
[2016-08-04 09:52:36.132]	[   28]	=============================================================
[2016-08-04 09:52:36.132]	[   28]	=============================================================
[2016-08-04 09:52:36.132]	[   28]	SFTPOperations.OnCreateDirectory ENTER 
[2016-08-04 09:52:36.132]	[   28]	              [in][sender]=SBSftpServer.TElSFTPServer
[2016-08-04 09:52:36.132]	[   28]	              [in][path]=\TestSession_263c586f-1ca3-4f40-aca4-d5ad1f349c42
[2016-08-04 09:52:36.132]	[   28]	              [in][attributes]=
[2016-08-04 09:52:36.132]	[   28]	              [in][errorCode]=0
[2016-08-04 09:52:36.132]	[   28]	              [in][comment]=
[2016-08-04 09:52:36.132]	[   28]	              [out][errorCode]=0
[2016-08-04 09:52:36.133]	[   28]	              [out][comment]=
[2016-08-04 09:52:36.133]	[   28]	SFTPOperations.OnCreateDirectory EXIT
[2016-08-04 09:52:36.133]	[   28]	=============================================================
[2016-08-04 09:52:36.133]	[   24]	Socket receive operation failed: An established connection was aborted by the software in your host machine
[2016-08-04 09:52:36.133]	[   24]	Closing the socket
[2016-08-04 09:52:36.133]	[   24]	ServerListener.OnSessionClosed()
[2016-08-04 09:52:36.144]	[   22]	ServerListener.Listen : New connection available
[2016-08-04 09:52:36.144]	[   22]	Connection accepted. Active connections 1 from 20
[2016-08-04 09:52:36.231]	[   30]	Subsystem sftp opened
[2016-08-04 09:52:36.232]	[   30]	SFTP server started
[2016-08-04 09:52:36.232]	[   25]	=============================================================
[2016-08-04 09:52:36.232]	[   25]	SFTPOperations.OnOpen ENTER (1)
[2016-08-04 09:52:36.232]	[   25]	              [in][sender]=SBSftpServer.TElSFTPServer
[2016-08-04 09:52:36.232]	[   25]	SFTP connection established
[2016-08-04 09:52:36.232]	[   25]	SFTPOperations.OnOpen EXIT
[2016-08-04 09:52:36.233]	[   25]	=============================================================
[2016-08-04 09:52:36.233]	[   25]	=============================================================
[2016-08-04 09:52:36.233]	[   25]	SFTPOperations.OnRequestAbsolutePath ENTER 
[2016-08-04 09:52:36.233]	[   25]	              [in][sender]=SBSftpServer.TElSFTPServer
[2016-08-04 09:52:36.233]	[   25]	              [in][path]=.
[2016-08-04 09:52:36.233]	[   25]	              [in][absolutePath]=
[2016-08-04 09:52:36.233]	[   25]	              [in][control]=rcNoCheck
[2016-08-04 09:52:36.233]	[   25]	              [in][composePath]=SBStringList.TElStringList
[2016-08-04 09:52:36.233]	[   25]	              [in][errorCode]=0
[2016-08-04 09:52:36.233]	[   25]	              [in][comment]=
[2016-08-04 09:52:36.233]	[   25]	              [out][absolutePath]=
[2016-08-04 09:52:36.233]	[   25]	              [out][errorCode]=0
[2016-08-04 09:52:36.233]	[   25]	              [out][comment]=
[2016-08-04 09:52:36.233]	[   25]	SFTPOperations.OnRequestAbsolutePath EXIT
[2016-08-04 09:52:36.233]	[   25]	=============================================================
[2016-08-04 09:52:36.244]	[   22]	ServerListener.Listen : New connection available
[2016-08-04 09:52:36.245]	[   22]	Connection accepted. Active connections 2 from 20
[2016-08-04 09:52:36.332]	[   36]	Subsystem sftp opened
[2016-08-04 09:52:36.332]	[   36]	SFTP server started
[2016-08-04 09:52:36.333]	[   13]	=============================================================
[2016-08-04 09:52:36.333]	[   13]	SFTPOperations.OnOpen ENTER (2)
[2016-08-04 09:52:36.333]	[   13]	              [in][sender]=SBSftpServer.TElSFTPServer
[2016-08-04 09:52:36.333]	[   13]	SFTP connection established
[2016-08-04 09:52:36.333]	[   13]	SFTPOperations.OnOpen EXIT
[2016-08-04 09:52:36.333]	[   13]	=============================================================
[2016-08-04 09:52:36.333]	[   13]	=============================================================
[2016-08-04 09:52:36.333]	[   13]	SFTPOperations.OnRequestAbsolutePath ENTER 
[2016-08-04 09:52:36.333]	[   13]	              [in][sender]=SBSftpServer.TElSFTPServer
[2016-08-04 09:52:36.333]	[   13]	              [in][path]=.
[2016-08-04 09:52:36.333]	[   13]	              [in][absolutePath]=
[2016-08-04 09:52:36.333]	[   13]	              [in][control]=rcNoCheck
[2016-08-04 09:52:36.333]	[   13]	              [in][composePath]=SBStringList.TElStringList
[2016-08-04 09:52:36.333]	[   13]	              [in][errorCode]=0
[2016-08-04 09:52:36.333]	[   13]	              [in][comment]=
[2016-08-04 09:52:36.333]	[   13]	              [out][absolutePath]=
[2016-08-04 09:52:36.333]	[   13]	              [out][errorCode]=0
[2016-08-04 09:52:36.333]	[   13]	              [out][comment]=
[2016-08-04 09:52:36.333]	[   13]	SFTPOperations.OnRequestAbsolutePath EXIT
[2016-08-04 09:52:36.333]	[   13]	=============================================================
[2016-08-04 09:52:36.333]	[   13]	=============================================================
[2016-08-04 09:52:36.333]	[   13]	SFTPOperations.OnCreateDirectory ENTER 
[2016-08-04 09:52:36.334]	[   13]	              [in][sender]=SBSftpServer.TElSFTPServer
[2016-08-04 09:52:36.334]	[   13]	              [in][path]=\TestSession_263c586f-1ca3-4f40-aca4-d5ad1f349c42\testfolder
[2016-08-04 09:52:36.334]	[   13]	              [in][attributes]=
[2016-08-04 09:52:36.334]	[   13]	              [in][errorCode]=0
[2016-08-04 09:52:36.334]	[   13]	              [in][comment]=
[2016-08-04 09:52:36.334]	[   13]	              [out][errorCode]=0
[2016-08-04 09:52:36.334]	[   13]	              [out][comment]=
[2016-08-04 09:52:36.334]	[   13]	SFTPOperations.OnCreateDirectory EXIT
[2016-08-04 09:52:36.334]	[   13]	=============================================================
FileTransferPath.GetDirectoryName: path=\TestSession_263c586f-1ca3-4f40-aca4-d5ad1f349c42\testfolder\f0b6e375-14a4-433b-a5f9-584e2706e5bftempAppendFile2.txt directorySeparator=
\TestSession_263c586f-1ca3-4f40-aca4-d5ad1f349c42\testfolder: FileTransferPath.GetDirectoryName: Path.GetDirectoryName={0}
[2016-08-04 09:52:36.334]	[   36]	Socket receive operation failed: An established connection was aborted by the software in your host machine
[2016-08-04 09:52:36.335]	[   36]	Closing the socket
[2016-08-04 09:52:36.335]	[   36]	ServerListener.OnSessionClosed()
[2016-08-04 09:52:36.335]	[   25]	=============================================================
[2016-08-04 09:52:36.335]	[   25]	SFTPOperations.OnRequestAbsolutePath ENTER 
[2016-08-04 09:52:36.335]	[   25]	              [in][sender]=SBSftpServer.TElSFTPServer
[2016-08-04 09:52:36.335]	[   25]	              [in][path]=.
[2016-08-04 09:52:36.335]	[   25]	              [in][absolutePath]=
[2016-08-04 09:52:36.335]	[   25]	              [in][control]=rcNoCheck
[2016-08-04 09:52:36.335]	[   25]	              [in][composePath]=SBStringList.TElStringList
[2016-08-04 09:52:36.335]	[   25]	              [in][errorCode]=0
[2016-08-04 09:52:36.335]	[   25]	              [in][comment]=
[2016-08-04 09:52:36.335]	[   25]	              [out][absolutePath]=
[2016-08-04 09:52:36.335]	[   25]	              [out][errorCode]=0
[2016-08-04 09:52:36.335]	[   25]	              [out][comment]=
[2016-08-04 09:52:36.335]	[   25]	SFTPOperations.OnRequestAbsolutePath EXIT
[2016-08-04 09:52:36.335]	[   25]	=============================================================
[2016-08-04 09:52:36.335]	[   25]	=============================================================
[2016-08-04 09:52:36.335]	[   25]	SFTPOperations.OnFindFirst ENTER 
[2016-08-04 09:52:36.335]	[   25]	              [in][sender]=SBSftpServer.TElSFTPServer
[2016-08-04 09:52:36.335]	[   25]	              [in][path]=\TestSession_263c586f-1ca3-4f40-aca4-d5ad1f349c42\testfolder
[2016-08-04 09:52:36.335]	[   25]	              [in][data]=
[2016-08-04 09:52:36.335]	[   25]	              [in][info]=SBSftpCommon.TElSftpFileInfo
[2016-08-04 09:52:36.335]	[   25]	              [in][errorCode]=0
[2016-08-04 09:52:36.335]	[   25]	              [in][comment]=
[2016-08-04 09:52:36.336]	[   25]	              [out][data]=
[2016-08-04 09:52:36.336]	[   25]	              [out][errorCode]=0
[2016-08-04 09:52:36.336]	[   25]	              [out][comment]=
[2016-08-04 09:52:36.336]	[   25]	SFTPOperations.OnFindFirst EXIT
[2016-08-04 09:52:36.336]	[   25]	=============================================================
[2016-08-04 09:52:36.336]	[   25]	=============================================================
[2016-08-04 09:52:36.336]	[   25]	SFTPOperations.OnFindNext ENTER 
[2016-08-04 09:52:36.336]	[   25]	              [in][sender]=SBSftpServer.TElSFTPServer
[2016-08-04 09:52:36.336]	[   25]	              [in][data]=
[2016-08-04 09:52:36.336]	[   25]	              [in][info]=SBSftpCommon.TElSftpFileInfo
[2016-08-04 09:52:36.336]	[   25]	              [in][errorCode]=0
[2016-08-04 09:52:36.336]	[   25]	              [in][comment]=
[2016-08-04 09:52:36.336]	[   25]	              [out][errorCode]=0
[2016-08-04 09:52:36.336]	[   25]	              [out][comment]=
[2016-08-04 09:52:36.336]	[   25]	SFTPOperations.OnFindNext EXIT
[2016-08-04 09:52:36.336]	[   25]	=============================================================
[2016-08-04 09:52:36.336]	[   25]	=============================================================
[2016-08-04 09:52:36.336]	[   25]	SFTPOperations.OnFindNext ENTER 
[2016-08-04 09:52:36.336]	[   25]	              [in][sender]=SBSftpServer.TElSFTPServer
[2016-08-04 09:52:36.336]	[   25]	              [in][data]=
[2016-08-04 09:52:36.336]	[   25]	              [in][info]=SBSftpCommon.TElSftpFileInfo
[2016-08-04 09:52:36.336]	[   25]	              [in][errorCode]=0
[2016-08-04 09:52:36.336]	[   25]	              [in][comment]=
[2016-08-04 09:52:36.336]	[   25]	              [out][errorCode]=0
[2016-08-04 09:52:36.336]	[   25]	              [out][comment]=
[2016-08-04 09:52:36.336]	[   25]	SFTPOperations.OnFindNext EXIT
[2016-08-04 09:52:36.336]	[   25]	=============================================================
[2016-08-04 09:52:36.337]	[   25]	=============================================================
[2016-08-04 09:52:36.337]	[   25]	SFTPOperations.OnFindClose ENTER 
[2016-08-04 09:52:36.337]	[   25]	              [in][sender]=SBSftpServer.TElSFTPServer
[2016-08-04 09:52:36.337]	[   25]	              [in][searchRec]=
[2016-08-04 09:52:36.337]	[   25]	              [in][errorCode]=1
[2016-08-04 09:52:36.337]	[   25]	              [in][comment]=
[2016-08-04 09:52:36.337]	[   25]	              [out][errorCode]=1
[2016-08-04 09:52:36.337]	[   25]	              [out][comment]=
[2016-08-04 09:52:36.337]	[   25]	SFTPOperations.OnFindClose EXIT
[2016-08-04 09:52:36.337]	[   25]	=============================================================
[2016-08-04 09:52:36.337]	[   25]	=============================================================
[2016-08-04 09:52:36.337]	[   25]	SFTPOperations.OnRequestAbsolutePath ENTER 
[2016-08-04 09:52:36.337]	[   25]	              [in][sender]=SBSftpServer.TElSFTPServer
[2016-08-04 09:52:36.337]	[   25]	              [in][path]=.
[2016-08-04 09:52:36.337]	[   25]	              [in][absolutePath]=
[2016-08-04 09:52:36.337]	[   25]	              [in][control]=rcNoCheck
[2016-08-04 09:52:36.337]	[   25]	              [in][composePath]=SBStringList.TElStringList
[2016-08-04 09:52:36.337]	[   25]	              [in][errorCode]=0
[2016-08-04 09:52:36.337]	[   25]	              [in][comment]=
[2016-08-04 09:52:36.338]	[   25]	              [out][absolutePath]=
[2016-08-04 09:52:36.338]	[   25]	              [out][errorCode]=0
[2016-08-04 09:52:36.338]	[   25]	              [out][comment]=
[2016-08-04 09:52:36.338]	[   25]	SFTPOperations.OnRequestAbsolutePath EXIT
[2016-08-04 09:52:36.338]	[   25]	=============================================================
[2016-08-04 09:52:36.338]	[   25]	=============================================================
[2016-08-04 09:52:36.338]	[   25]	SFTPOperations.OnRequestAttributes ENTER 
[2016-08-04 09:52:36.338]	[   25]	              [in][sender]=SBSftpServer.TElSFTPServer
[2016-08-04 09:52:36.338]	[   25]	              [in][path]=\TestSession_263c586f-1ca3-4f40-aca4-d5ad1f349c42\testfolder\f0b6e375-14a4-433b-a5f9-584e2706e5bftempAppendFile2.txttestext
[2016-08-04 09:52:36.338]	[   25]	              [in][followSymLinks]=True
[2016-08-04 09:52:36.338]	[   25]	              [in][attributes]=SBSftpCommon.TElSftpFileAttributes
[2016-08-04 09:52:36.338]	[   25]	              [in][errorCode]=0
[2016-08-04 09:52:36.338]	[   25]	              [in][comment]=
[2016-08-04 09:52:36.338]	[   25]	              [out][errorCode]=0
[2016-08-04 09:52:36.338]	[   25]	              [out][comment]=
[2016-08-04 09:52:36.338]	[   25]	SFTPOperations.OnRequestAttributes EXIT
[2016-08-04 09:52:36.338]	[   25]	=============================================================
[2016-08-04 09:52:36.338]	[   25]	=============================================================
[2016-08-04 09:52:36.338]	[   25]	SFTPOperations.OnRequestAbsolutePath ENTER 
[2016-08-04 09:52:36.339]	[   25]	              [in][sender]=SBSftpServer.TElSFTPServer
[2016-08-04 09:52:36.339]	[   25]	              [in][path]=.
[2016-08-04 09:52:36.339]	[   25]	              [in][absolutePath]=
[2016-08-04 09:52:36.339]	[   25]	              [in][control]=rcNoCheck
[2016-08-04 09:52:36.339]	[   25]	              [in][composePath]=SBStringList.TElStringList
[2016-08-04 09:52:36.339]	[   25]	              [in][errorCode]=2
[2016-08-04 09:52:36.339]	[   25]	              [in][comment]=No such file
[2016-08-04 09:52:36.339]	[   25]	              [out][absolutePath]=
[2016-08-04 09:52:36.339]	[   25]	              [out][errorCode]=2
[2016-08-04 09:52:36.339]	[   25]	              [out][comment]=No such file
[2016-08-04 09:52:36.339]	[   25]	SFTPOperations.OnRequestAbsolutePath EXIT
[2016-08-04 09:52:36.339]	[   25]	=============================================================
[2016-08-04 09:52:36.339]	[   25]	=============================================================
[2016-08-04 09:52:36.339]	[   25]	SFTPOperations.OnRequestAttributes ENTER 
[2016-08-04 09:52:36.339]	[   25]	              [in][sender]=SBSftpServer.TElSFTPServer
[2016-08-04 09:52:36.339]	[   25]	              [in][path]=\TestSession_263c586f-1ca3-4f40-aca4-d5ad1f349c42\testfolder\f0b6e375-14a4-433b-a5f9-584e2706e5bftempAppendFile2.txttestext
[2016-08-04 09:52:36.339]	[   25]	              [in][followSymLinks]=True
[2016-08-04 09:52:36.339]	[   25]	              [in][attributes]=SBSftpCommon.TElSftpFileAttributes
[2016-08-04 09:52:36.339]	[   25]	              [in][errorCode]=0
[2016-08-04 09:52:36.339]	[   25]	              [in][comment]=No such file
[2016-08-04 09:52:36.339]	[   25]	              [out][errorCode]=0
[2016-08-04 09:52:36.339]	[   25]	              [out][comment]=No such file
[2016-08-04 09:52:36.339]	[   25]	SFTPOperations.OnRequestAttributes EXIT
[2016-08-04 09:52:36.339]	[   25]	=============================================================
[2016-08-04 09:52:36.340]	[   25]	=============================================================
[2016-08-04 09:52:36.340]	[   25]	SFTPOperations.OnRequestAttributes ENTER 
[2016-08-04 09:52:36.340]	[   25]	              [in][sender]=SBSftpServer.TElSFTPServer
[2016-08-04 09:52:36.340]	[   25]	              [in][path]=\TestSession_263c586f-1ca3-4f40-aca4-d5ad1f349c42\testfolder
[2016-08-04 09:52:36.340]	[   25]	              [in][followSymLinks]=True
[2016-08-04 09:52:36.340]	[   25]	              [in][attributes]=SBSftpCommon.TElSftpFileAttributes
[2016-08-04 09:52:36.340]	[   25]	              [in][errorCode]=2
[2016-08-04 09:52:36.340]	[   25]	              [in][comment]=No such file
[2016-08-04 09:52:36.340]	[   25]	              [out][errorCode]=2
[2016-08-04 09:52:36.340]	[   25]	              [out][comment]=No such file
[2016-08-04 09:52:36.340]	[   25]	SFTPOperations.OnRequestAttributes EXIT
[2016-08-04 09:52:36.340]	[   25]	=============================================================
[2016-08-04 09:52:36.340]	[   25]	=============================================================
[2016-08-04 09:52:36.340]	[   25]	SFTPOperations.OnOpenFile ENTER (1)
[2016-08-04 09:52:36.340]	[   25]	              [in][sender]=SBSftpServer.TElSFTPServer
[2016-08-04 09:52:36.340]	[   25]	              [in][path]=\TestSession_263c586f-1ca3-4f40-aca4-d5ad1f349c42\testfolder\f0b6e375-14a4-433b-a5f9-584e2706e5bftempAppendFile2.txttestext
[2016-08-04 09:52:36.340]	[   25]	              [in][modes]=26
[2016-08-04 09:52:36.340]	[   25]	              [in][Access]=0
[2016-08-04 09:52:36.340]	[   25]	              [in][desiredAccess]=2
[2016-08-04 09:52:36.340]	[   25]	              [in][attributes]=SBSftpCommon.TElSftpFileAttributes
[2016-08-04 09:52:36.340]	[   25]	              [in][data]=
[2016-08-04 09:52:36.340]	[   25]	              [in][errorCode]=0
[2016-08-04 09:52:36.340]	[   25]	              [in][comment]=No such file
[2016-08-04 09:52:36.341]	[   25]	              [out][data]=
[2016-08-04 09:52:36.341]	[   25]	              [out][errorCode]=0
[2016-08-04 09:52:36.341]	[   25]	              [out][comment]=No such file
[2016-08-04 09:52:36.341]	[   25]	SFTPOperations.OnOpenFile EXIT
[2016-08-04 09:52:36.341]	[   25]	=============================================================
[2016-08-04 09:52:36.341]	[   25]	=============================================================
[2016-08-04 09:52:36.341]	[   25]	SFTPOperations.OnWriteFile ENTER (1)
[2016-08-04 09:52:36.341]	[   25]	              [in][sender]=SBSftpServer.TElSFTPServer
[2016-08-04 09:52:36.341]	[   25]	              [in][data]=System.IO.FileStream
[2016-08-04 09:52:36.341]	[   25]	              [in][offset]=0
[2016-08-04 09:52:36.342]	[   25]	              [in][buffer]=System.Byte[]
[2016-08-04 09:52:36.342]	[   25]	              [in][bufferOffset]=25
[2016-08-04 09:52:36.342]	[   25]	              [in][count]=2584
[2016-08-04 09:52:36.342]	[   25]	              [in][errorCode]=0
[2016-08-04 09:52:36.342]	[   25]	              [in][comment]=No such file
[2016-08-04 09:52:36.342]	[   25]	              [out][errorCode]=0
[2016-08-04 09:52:36.342]	[   25]	              [out][comment]=No such file
[2016-08-04 09:52:36.342]	[   25]	SFTPOperations.OnWriteFile EXIT
[2016-08-04 09:52:36.342]	[   25]	=============================================================
[2016-08-04 09:52:36.342]	[   25]	=============================================================
[2016-08-04 09:52:36.342]	[   25]	SFTPOperations.OnCloseHandle ENTER (1)
[2016-08-04 09:52:36.342]	[   25]	              [in][sender]=SBSftpServer.TElSFTPServer
[2016-08-04 09:52:36.342]	[   25]	              [in][data]=System.IO.FileStream
[2016-08-04 09:52:36.342]	[   25]	              [in][errorCode]=0
[2016-08-04 09:52:36.342]	[   25]	              [in][comment]=No such file
[2016-08-04 09:52:36.343]	[   25]	              [out][errorCode]=0
[2016-08-04 09:52:36.343]	[   25]	              [out][comment]=No such file
[2016-08-04 09:52:36.343]	[   25]	SFTPOperations.OnCloseHandle EXIT
[2016-08-04 09:52:36.343]	[   25]	=============================================================
[2016-08-04 09:52:36.343]	[   25]	=============================================================
[2016-08-04 09:52:36.343]	[   25]	SFTPOperations.OnRequestAbsolutePath ENTER 
[2016-08-04 09:52:36.343]	[   25]	              [in][sender]=SBSftpServer.TElSFTPServer
[2016-08-04 09:52:36.343]	[   25]	              [in][path]=.
[2016-08-04 09:52:36.343]	[   25]	              [in][absolutePath]=
[2016-08-04 09:52:36.343]	[   25]	              [in][control]=rcNoCheck
[2016-08-04 09:52:36.343]	[   25]	              [in][composePath]=SBStringList.TElStringList
[2016-08-04 09:52:36.343]	[   25]	              [in][errorCode]=0
[2016-08-04 09:52:36.343]	[   25]	              [in][comment]=No such file
[2016-08-04 09:52:36.343]	[   25]	              [out][absolutePath]=
[2016-08-04 09:52:36.343]	[   25]	              [out][errorCode]=0
[2016-08-04 09:52:36.343]	[   25]	              [out][comment]=No such file
[2016-08-04 09:52:36.343]	[   25]	SFTPOperations.OnRequestAbsolutePath EXIT
[2016-08-04 09:52:36.343]	[   25]	=============================================================
[2016-08-04 09:52:36.344]	[   25]	=============================================================
[2016-08-04 09:52:36.344]	[   25]	SFTPOperations.OnRequestAttributes ENTER 
[2016-08-04 09:52:36.344]	[   25]	              [in][sender]=SBSftpServer.TElSFTPServer
[2016-08-04 09:52:36.344]	[   25]	              [in][path]=\TestSession_263c586f-1ca3-4f40-aca4-d5ad1f349c42\testfolder\f0b6e375-14a4-433b-a5f9-584e2706e5bftempAppendFile2.txttestext
[2016-08-04 09:52:36.344]	[   25]	              [in][followSymLinks]=True
[2016-08-04 09:52:36.344]	[   25]	              [in][attributes]=SBSftpCommon.TElSftpFileAttributes
[2016-08-04 09:52:36.344]	[   25]	              [in][errorCode]=0
[2016-08-04 09:52:36.344]	[   25]	              [in][comment]=No such file
[2016-08-04 09:52:36.344]	[   25]	              [out][errorCode]=0
[2016-08-04 09:52:36.344]	[   25]	              [out][comment]=No such file
[2016-08-04 09:52:36.344]	[   25]	SFTPOperations.OnRequestAttributes EXIT
[2016-08-04 09:52:36.344]	[   25]	=============================================================
[2016-08-04 09:52:36.344]	[   25]	=============================================================
[2016-08-04 09:52:36.344]	[   25]	SFTPOperations.OnRequestAbsolutePath ENTER 
[2016-08-04 09:52:36.344]	[   25]	              [in][sender]=SBSftpServer.TElSFTPServer
[2016-08-04 09:52:36.344]	[   25]	              [in][path]=.
[2016-08-04 09:52:36.344]	[   25]	              [in][absolutePath]=
[2016-08-04 09:52:36.344]	[   25]	              [in][control]=rcNoCheck
[2016-08-04 09:52:36.344]	[   25]	              [in][composePath]=SBStringList.TElStringList
[2016-08-04 09:52:36.344]	[   25]	              [in][errorCode]=0
[2016-08-04 09:52:36.344]	[   25]	              [in][comment]=No such file
[2016-08-04 09:52:36.345]	[   25]	              [out][absolutePath]=
[2016-08-04 09:52:36.345]	[   25]	              [out][errorCode]=0
[2016-08-04 09:52:36.345]	[   25]	              [out][comment]=No such file
[2016-08-04 09:52:36.345]	[   25]	SFTPOperations.OnRequestAbsolutePath EXIT
[2016-08-04 09:52:36.345]	[   25]	=============================================================
[2016-08-04 09:52:36.345]	[   25]	=============================================================
[2016-08-04 09:52:36.345]	[   25]	SFTPOperations.OnRequestAbsolutePath ENTER 
[2016-08-04 09:52:36.345]	[   25]	              [in][sender]=SBSftpServer.TElSFTPServer
[2016-08-04 09:52:36.345]	[   25]	              [in][path]=.
[2016-08-04 09:52:36.345]	[   25]	              [in][absolutePath]=
[2016-08-04 09:52:36.345]	[   25]	              [in][control]=rcNoCheck
[2016-08-04 09:52:36.345]	[   25]	              [in][composePath]=SBStringList.TElStringList
[2016-08-04 09:52:36.345]	[   25]	              [in][errorCode]=0
[2016-08-04 09:52:36.345]	[   25]	              [in][comment]=No such file
[2016-08-04 09:52:36.345]	[   25]	              [out][absolutePath]=
[2016-08-04 09:52:36.345]	[   25]	              [out][errorCode]=0
[2016-08-04 09:52:36.345]	[   25]	              [out][comment]=No such file
[2016-08-04 09:52:36.345]	[   25]	SFTPOperations.OnRequestAbsolutePath EXIT
[2016-08-04 09:52:36.345]	[   25]	=============================================================
[2016-08-04 09:52:36.345]	[   25]	=============================================================
[2016-08-04 09:52:36.345]	[   25]	SFTPOperations.OnRenameFile ENTER 
[2016-08-04 09:52:36.345]	[   25]	              [in][sender]=SBSftpServer.TElSFTPServer
[2016-08-04 09:52:36.345]	[   25]	              [in][oldPath]=\TestSession_263c586f-1ca3-4f40-aca4-d5ad1f349c42\testfolder\f0b6e375-14a4-433b-a5f9-584e2706e5bftempAppendFile2.txttestext
[2016-08-04 09:52:36.345]	[   25]	              [in][newPath]=\TestSession_263c586f-1ca3-4f40-aca4-d5ad1f349c42\testfolder\f0b6e375-14a4-433b-a5f9-584e2706e5bftempAppendFile2.txt
[2016-08-04 09:52:36.345]	[   25]	              [in][flags]=0
[2016-08-04 09:52:36.345]	[   25]	              [in][errorCode]=0
[2016-08-04 09:52:36.346]	[   25]	              [in][comment]=No such file
[2016-08-04 09:52:36.346]	[   25]	              [out][errorCode]=0
[2016-08-04 09:52:36.346]	[   25]	              [out][comment]=No such file
[2016-08-04 09:52:36.346]	[   25]	SFTPOperations.OnRenameFile EXIT
[2016-08-04 09:52:36.346]	[   25]	=============================================================
FileTransferPath.GetDirectoryName: path=\TestSession_263c586f-1ca3-4f40-aca4-d5ad1f349c42\testfolder\f0b6e375-14a4-433b-a5f9-584e2706e5bftempAppendFile2.txt directorySeparator=
\TestSession_263c586f-1ca3-4f40-aca4-d5ad1f349c42\testfolder: FileTransferPath.GetDirectoryName: Path.GetDirectoryName={0}
[2016-08-04 09:52:36.346]	[   25]	=============================================================
[2016-08-04 09:52:36.346]	[   25]	SFTPOperations.OnRequestAbsolutePath ENTER 
[2016-08-04 09:52:36.346]	[   25]	              [in][sender]=SBSftpServer.TElSFTPServer
[2016-08-04 09:52:36.346]	[   25]	              [in][path]=.
[2016-08-04 09:52:36.346]	[   25]	              [in][absolutePath]=
[2016-08-04 09:52:36.346]	[   25]	              [in][control]=rcNoCheck
[2016-08-04 09:52:36.346]	[   25]	              [in][composePath]=SBStringList.TElStringList
[2016-08-04 09:52:36.346]	[   25]	              [in][errorCode]=0
[2016-08-04 09:52:36.346]	[   25]	              [in][comment]=No such file
[2016-08-04 09:52:36.346]	[   25]	              [out][absolutePath]=
[2016-08-04 09:52:36.346]	[   25]	              [out][errorCode]=0
[2016-08-04 09:52:36.346]	[   25]	              [out][comment]=No such file
[2016-08-04 09:52:36.346]	[   25]	SFTPOperations.OnRequestAbsolutePath EXIT
[2016-08-04 09:52:36.346]	[   25]	=============================================================
[2016-08-04 09:52:36.347]	[   25]	=============================================================
[2016-08-04 09:52:36.347]	[   25]	SFTPOperations.OnFindFirst ENTER 
[2016-08-04 09:52:36.347]	[   25]	              [in][sender]=SBSftpServer.TElSFTPServer
[2016-08-04 09:52:36.347]	[   25]	              [in][path]=\TestSession_263c586f-1ca3-4f40-aca4-d5ad1f349c42\testfolder
[2016-08-04 09:52:36.347]	[   25]	              [in][data]=
[2016-08-04 09:52:36.347]	[   25]	              [in][info]=SBSftpCommon.TElSftpFileInfo
[2016-08-04 09:52:36.347]	[   25]	              [in][errorCode]=0
[2016-08-04 09:52:36.347]	[   25]	              [in][comment]=No such file
[2016-08-04 09:52:36.347]	[   25]	              [out][data]=
[2016-08-04 09:52:36.347]	[   25]	              [out][errorCode]=0
[2016-08-04 09:52:36.347]	[   25]	              [out][comment]=No such file
[2016-08-04 09:52:36.347]	[   25]	SFTPOperations.OnFindFirst EXIT
[2016-08-04 09:52:36.347]	[   25]	=============================================================
[2016-08-04 09:52:36.351]	[   25]	=============================================================
[2016-08-04 09:52:36.351]	[   25]	SFTPOperations.OnFindNext ENTER 
[2016-08-04 09:52:36.351]	[   25]	              [in][sender]=SBSftpServer.TElSFTPServer
[2016-08-04 09:52:36.351]	[   25]	              [in][data]=
[2016-08-04 09:52:36.351]	[   25]	              [in][info]=SBSftpCommon.TElSftpFileInfo
[2016-08-04 09:52:36.351]	[   25]	              [in][errorCode]=0
[2016-08-04 09:52:36.351]	[   25]	              [in][comment]=
[2016-08-04 09:52:36.351]	[   25]	              [out][errorCode]=0
[2016-08-04 09:52:36.351]	[   25]	              [out][comment]=
[2016-08-04 09:52:36.351]	[   25]	SFTPOperations.OnFindNext EXIT
[2016-08-04 09:52:36.351]	[   25]	=============================================================
[2016-08-04 09:52:36.351]	[   25]	=============================================================
[2016-08-04 09:52:36.351]	[   25]	SFTPOperations.OnFindNext ENTER 
[2016-08-04 09:52:36.351]	[   25]	              [in][sender]=SBSftpServer.TElSFTPServer
[2016-08-04 09:52:36.351]	[   25]	              [in][data]=
[2016-08-04 09:52:36.351]	[   25]	              [in][info]=SBSftpCommon.TElSftpFileInfo
[2016-08-04 09:52:36.351]	[   25]	              [in][errorCode]=0
[2016-08-04 09:52:36.351]	[   25]	              [in][comment]=
[2016-08-04 09:52:36.351]	[   25]	              [out][errorCode]=0
[2016-08-04 09:52:36.351]	[   25]	              [out][comment]=
[2016-08-04 09:52:36.351]	[   25]	SFTPOperations.OnFindNext EXIT
[2016-08-04 09:52:36.351]	[   25]	=============================================================
[2016-08-04 09:52:36.352]	[   25]	=============================================================
[2016-08-04 09:52:36.352]	[   25]	SFTPOperations.OnFindNext ENTER 
[2016-08-04 09:52:36.352]	[   25]	              [in][sender]=SBSftpServer.TElSFTPServer
[2016-08-04 09:52:36.352]	[   25]	              [in][data]=
[2016-08-04 09:52:36.352]	[   25]	              [in][info]=SBSftpCommon.TElSftpFileInfo
[2016-08-04 09:52:36.352]	[   25]	              [in][errorCode]=0
[2016-08-04 09:52:36.352]	[   25]	              [in][comment]=
[2016-08-04 09:52:36.352]	[   25]	              [out][errorCode]=0
[2016-08-04 09:52:36.352]	[   25]	              [out][comment]=
[2016-08-04 09:52:36.352]	[   25]	SFTPOperations.OnFindNext EXIT
[2016-08-04 09:52:36.352]	[   25]	=============================================================
[2016-08-04 09:52:36.352]	[   25]	=============================================================
[2016-08-04 09:52:36.352]	[   25]	SFTPOperations.OnFindClose ENTER 
[2016-08-04 09:52:36.352]	[   25]	              [in][sender]=SBSftpServer.TElSFTPServer
[2016-08-04 09:52:36.352]	[   25]	              [in][searchRec]=
[2016-08-04 09:52:36.352]	[   25]	              [in][errorCode]=1
[2016-08-04 09:52:36.352]	[   25]	              [in][comment]=
[2016-08-04 09:52:36.353]	[   25]	              [out][errorCode]=1
[2016-08-04 09:52:36.353]	[   25]	              [out][comment]=
[2016-08-04 09:52:36.353]	[   25]	SFTPOperations.OnFindClose EXIT
[2016-08-04 09:52:36.353]	[   25]	=============================================================
[2016-08-04 09:52:36.353]	[   25]	=============================================================
[2016-08-04 09:52:36.353]	[   25]	SFTPOperations.OnRequestAbsolutePath ENTER 
[2016-08-04 09:52:36.353]	[   25]	              [in][sender]=SBSftpServer.TElSFTPServer
[2016-08-04 09:52:36.353]	[   25]	              [in][path]=.
[2016-08-04 09:52:36.353]	[   25]	              [in][absolutePath]=
[2016-08-04 09:52:36.353]	[   25]	              [in][control]=rcNoCheck
[2016-08-04 09:52:36.353]	[   25]	              [in][composePath]=SBStringList.TElStringList
[2016-08-04 09:52:36.353]	[   25]	              [in][errorCode]=0
[2016-08-04 09:52:36.353]	[   25]	              [in][comment]=
[2016-08-04 09:52:36.353]	[   25]	              [out][absolutePath]=
[2016-08-04 09:52:36.353]	[   25]	              [out][errorCode]=0
[2016-08-04 09:52:36.353]	[   25]	              [out][comment]=
[2016-08-04 09:52:36.353]	[   25]	SFTPOperations.OnRequestAbsolutePath EXIT
[2016-08-04 09:52:36.353]	[   25]	=============================================================
[2016-08-04 09:52:36.353]	[   25]	=============================================================
[2016-08-04 09:52:36.354]	[   25]	SFTPOperations.OnRequestAbsolutePath ENTER 
[2016-08-04 09:52:36.354]	[   25]	              [in][sender]=SBSftpServer.TElSFTPServer
[2016-08-04 09:52:36.354]	[   25]	              [in][path]=.
[2016-08-04 09:52:36.354]	[   25]	              [in][absolutePath]=
[2016-08-04 09:52:36.354]	[   25]	              [in][control]=rcNoCheck
[2016-08-04 09:52:36.354]	[   25]	              [in][composePath]=SBStringList.TElStringList
[2016-08-04 09:52:36.354]	[   25]	              [in][errorCode]=0
[2016-08-04 09:52:36.354]	[   25]	              [in][comment]=
[2016-08-04 09:52:36.354]	[   25]	              [out][absolutePath]=
[2016-08-04 09:52:36.354]	[   25]	              [out][errorCode]=0
[2016-08-04 09:52:36.354]	[   25]	              [out][comment]=
[2016-08-04 09:52:36.354]	[   25]	SFTPOperations.OnRequestAbsolutePath EXIT
[2016-08-04 09:52:36.354]	[   25]	=============================================================
[2016-08-04 09:52:36.354]	[   25]	=============================================================
[2016-08-04 09:52:36.354]	[   25]	SFTPOperations.OnRequestAttributes ENTER 
[2016-08-04 09:52:36.354]	[   25]	              [in][sender]=SBSftpServer.TElSFTPServer
[2016-08-04 09:52:36.354]	[   25]	              [in][path]=\TestSession_263c586f-1ca3-4f40-aca4-d5ad1f349c42\testfolder\f0b6e375-14a4-433b-a5f9-584e2706e5bftempAppendFile2.txttestext
[2016-08-04 09:52:36.354]	[   25]	              [in][followSymLinks]=True
[2016-08-04 09:52:36.354]	[   25]	              [in][attributes]=SBSftpCommon.TElSftpFileAttributes
[2016-08-04 09:52:36.354]	[   25]	              [in][errorCode]=0
[2016-08-04 09:52:36.354]	[   25]	              [in][comment]=
[2016-08-04 09:52:36.354]	[   25]	              [out][errorCode]=0
[2016-08-04 09:52:36.354]	[   25]	              [out][comment]=
[2016-08-04 09:52:36.354]	[   25]	SFTPOperations.OnRequestAttributes EXIT
[2016-08-04 09:52:36.354]	[   25]	=============================================================
[2016-08-04 09:52:36.355]	[   25]	=============================================================
[2016-08-04 09:52:36.355]	[   25]	SFTPOperations.OnRenameFile ENTER 
[2016-08-04 09:52:36.355]	[   25]	              [in][sender]=SBSftpServer.TElSFTPServer
[2016-08-04 09:52:36.355]	[   25]	              [in][oldPath]=\TestSession_263c586f-1ca3-4f40-aca4-d5ad1f349c42\testfolder\f0b6e375-14a4-433b-a5f9-584e2706e5bftempAppendFile2.txt
[2016-08-04 09:52:36.355]	[   25]	              [in][newPath]=\TestSession_263c586f-1ca3-4f40-aca4-d5ad1f349c42\testfolder\f0b6e375-14a4-433b-a5f9-584e2706e5bftempAppendFile2.txttestext
[2016-08-04 09:52:36.355]	[   25]	              [in][flags]=0
[2016-08-04 09:52:36.355]	[   25]	              [in][errorCode]=2
[2016-08-04 09:52:36.355]	[   25]	              [in][comment]=No such file
[2016-08-04 09:52:36.355]	[   25]	              [out][errorCode]=2
[2016-08-04 09:52:36.355]	[   25]	              [out][comment]=No such file
[2016-08-04 09:52:36.355]	[   25]	SFTPOperations.OnRenameFile EXIT
[2016-08-04 09:52:36.355]	[   25]	=============================================================
[2016-08-04 09:52:36.355]	[   25]	=============================================================
[2016-08-04 09:52:36.356]	[   25]	SFTPOperations.OnRequestAbsolutePath ENTER 
[2016-08-04 09:52:36.356]	[   25]	              [in][sender]=SBSftpServer.TElSFTPServer
[2016-08-04 09:52:36.356]	[   25]	              [in][path]=.
[2016-08-04 09:52:36.356]	[   25]	              [in][absolutePath]=
[2016-08-04 09:52:36.356]	[   25]	              [in][control]=rcNoCheck
[2016-08-04 09:52:36.356]	[   25]	              [in][composePath]=SBStringList.TElStringList
[2016-08-04 09:52:36.356]	[   25]	              [in][errorCode]=0
[2016-08-04 09:52:36.356]	[   25]	              [in][comment]=No such file
[2016-08-04 09:52:36.356]	[   25]	              [out][absolutePath]=
[2016-08-04 09:52:36.356]	[   25]	              [out][errorCode]=0
[2016-08-04 09:52:36.356]	[   25]	              [out][comment]=No such file
[2016-08-04 09:52:36.356]	[   25]	SFTPOperations.OnRequestAbsolutePath EXIT
[2016-08-04 09:52:36.356]	[   25]	=============================================================
[2016-08-04 09:52:36.356]	[   25]	=============================================================
[2016-08-04 09:52:36.356]	[   25]	SFTPOperations.OnRequestAttributes ENTER 
[2016-08-04 09:52:36.356]	[   25]	              [in][sender]=SBSftpServer.TElSFTPServer
[2016-08-04 09:52:36.356]	[   25]	              [in][path]=\TestSession_263c586f-1ca3-4f40-aca4-d5ad1f349c42\testfolder\f0b6e375-14a4-433b-a5f9-584e2706e5bftempAppendFile2.txttestext
[2016-08-04 09:52:36.356]	[   25]	              [in][followSymLinks]=True
[2016-08-04 09:52:36.356]	[   25]	              [in][attributes]=SBSftpCommon.TElSftpFileAttributes
[2016-08-04 09:52:36.356]	[   25]	              [in][errorCode]=0
[2016-08-04 09:52:36.356]	[   25]	              [in][comment]=No such file
[2016-08-04 09:52:36.356]	[   25]	              [out][errorCode]=0
[2016-08-04 09:52:36.356]	[   25]	              [out][comment]=No such file
[2016-08-04 09:52:36.356]	[   25]	SFTPOperations.OnRequestAttributes EXIT
[2016-08-04 09:52:36.356]	[   25]	=============================================================
[2016-08-04 09:52:36.357]	[   25]	=============================================================
[2016-08-04 09:52:36.357]	[   25]	SFTPOperations.OnRequestAbsolutePath ENTER 
[2016-08-04 09:52:36.357]	[   25]	              [in][sender]=SBSftpServer.TElSFTPServer
[2016-08-04 09:52:36.357]	[   25]	              [in][path]=.
[2016-08-04 09:52:36.357]	[   25]	              [in][absolutePath]=
[2016-08-04 09:52:36.357]	[   25]	              [in][control]=rcNoCheck
[2016-08-04 09:52:36.357]	[   25]	              [in][composePath]=SBStringList.TElStringList
[2016-08-04 09:52:36.357]	[   25]	              [in][errorCode]=0
[2016-08-04 09:52:36.357]	[   25]	              [in][comment]=No such file
[2016-08-04 09:52:36.357]	[   25]	              [out][absolutePath]=
[2016-08-04 09:52:36.357]	[   25]	              [out][errorCode]=0
[2016-08-04 09:52:36.357]	[   25]	              [out][comment]=No such file
[2016-08-04 09:52:36.357]	[   25]	SFTPOperations.OnRequestAbsolutePath EXIT
[2016-08-04 09:52:36.357]	[   25]	=============================================================
[2016-08-04 09:52:36.357]	[   25]	=============================================================
[2016-08-04 09:52:36.357]	[   25]	SFTPOperations.OnRequestAttributes ENTER 
[2016-08-04 09:52:36.357]	[   25]	              [in][sender]=SBSftpServer.TElSFTPServer
[2016-08-04 09:52:36.357]	[   25]	              [in][path]=\TestSession_263c586f-1ca3-4f40-aca4-d5ad1f349c42\testfolder\f0b6e375-14a4-433b-a5f9-584e2706e5bftempAppendFile2.txttestext
[2016-08-04 09:52:36.357]	[   25]	              [in][followSymLinks]=True
[2016-08-04 09:52:36.357]	[   25]	              [in][attributes]=SBSftpCommon.TElSftpFileAttributes
[2016-08-04 09:52:36.357]	[   25]	              [in][errorCode]=0
[2016-08-04 09:52:36.357]	[   25]	              [in][comment]=No such file
[2016-08-04 09:52:36.357]	[   25]	              [out][errorCode]=0
[2016-08-04 09:52:36.357]	[   25]	              [out][comment]=No such file
[2016-08-04 09:52:36.357]	[   25]	SFTPOperations.OnRequestAttributes EXIT
[2016-08-04 09:52:36.357]	[   25]	=============================================================
[2016-08-04 09:52:36.358]	[   25]	=============================================================
[2016-08-04 09:52:36.358]	[   25]	SFTPOperations.OnRequestAttributes ENTER 
[2016-08-04 09:52:36.358]	[   25]	              [in][sender]=SBSftpServer.TElSFTPServer
[2016-08-04 09:52:36.358]	[   25]	              [in][path]=\TestSession_263c586f-1ca3-4f40-aca4-d5ad1f349c42\testfolder
[2016-08-04 09:52:36.358]	[   25]	              [in][followSymLinks]=True
[2016-08-04 09:52:36.358]	[   25]	              [in][attributes]=SBSftpCommon.TElSftpFileAttributes
[2016-08-04 09:52:36.358]	[   25]	              [in][errorCode]=0
[2016-08-04 09:52:36.358]	[   25]	              [in][comment]=No such file
[2016-08-04 09:52:36.358]	[   25]	              [out][errorCode]=0
[2016-08-04 09:52:36.358]	[   25]	              [out][comment]=No such file
[2016-08-04 09:52:36.358]	[   25]	SFTPOperations.OnRequestAttributes EXIT
[2016-08-04 09:52:36.358]	[   25]	=============================================================
[2016-08-04 09:52:36.358]	[   25]	=============================================================
[2016-08-04 09:52:36.358]	[   25]	SFTPOperations.OnOpenFile ENTER (2)
[2016-08-04 09:52:36.358]	[   25]	              [in][sender]=SBSftpServer.TElSFTPServer
[2016-08-04 09:52:36.358]	[   25]	              [in][path]=\TestSession_263c586f-1ca3-4f40-aca4-d5ad1f349c42\testfolder\f0b6e375-14a4-433b-a5f9-584e2706e5bftempAppendFile2.txttestext
[2016-08-04 09:52:36.358]	[   25]	              [in][modes]=134
[2016-08-04 09:52:36.358]	[   25]	              [in][Access]=0
[2016-08-04 09:52:36.358]	[   25]	              [in][desiredAccess]=6
[2016-08-04 09:52:36.358]	[   25]	              [in][attributes]=SBSftpCommon.TElSftpFileAttributes
[2016-08-04 09:52:36.358]	[   25]	              [in][data]=
[2016-08-04 09:52:36.358]	[   25]	              [in][errorCode]=0
[2016-08-04 09:52:36.358]	[   25]	              [in][comment]=No such file
[2016-08-04 09:52:36.358]	[   25]	              [out][data]=
[2016-08-04 09:52:36.359]	[   25]	              [out][errorCode]=0
[2016-08-04 09:52:36.359]	[   25]	              [out][comment]=No such file
[2016-08-04 09:52:36.359]	[   25]	SFTPOperations.OnOpenFile EXIT
[2016-08-04 09:52:36.359]	[   25]	=============================================================
[2016-08-04 09:52:36.359]	[   25]	=============================================================
[2016-08-04 09:52:36.359]	[   25]	SFTPOperations.OnWriteFile ENTER (2)
[2016-08-04 09:52:36.359]	[   25]	              [in][sender]=SBSftpServer.TElSFTPServer
[2016-08-04 09:52:36.359]	[   25]	              [in][data]=System.IO.FileStream
[2016-08-04 09:52:36.359]	[   25]	              [in][offset]=2584
[2016-08-04 09:52:36.359]	[   25]	              [in][buffer]=System.Byte[]
[2016-08-04 09:52:36.359]	[   25]	              [in][bufferOffset]=25
[2016-08-04 09:52:36.359]	[   25]	              [in][count]=2584
[2016-08-04 09:52:36.359]	[   25]	              [in][errorCode]=0
[2016-08-04 09:52:36.359]	[   25]	              [in][comment]=No such file
[2016-08-04 09:52:36.359]	[   25]	              [out][errorCode]=0
[2016-08-04 09:52:36.359]	[   25]	              [out][comment]=No such file
[2016-08-04 09:52:36.359]	[   25]	SFTPOperations.OnWriteFile EXIT
[2016-08-04 09:52:36.359]	[   25]	=============================================================
[2016-08-04 09:52:36.360]	[   25]	=============================================================
[2016-08-04 09:52:36.360]	[   25]	SFTPOperations.OnCloseHandle ENTER (2)
[2016-08-04 09:52:36.360]	[   25]	              [in][sender]=SBSftpServer.TElSFTPServer
[2016-08-04 09:52:36.360]	[   25]	              [in][data]=System.IO.FileStream
[2016-08-04 09:52:36.360]	[   25]	              [in][errorCode]=0
[2016-08-04 09:52:36.360]	[   25]	              [in][comment]=No such file
[2016-08-04 09:52:36.360]	[   25]	              [out][errorCode]=0
[2016-08-04 09:52:36.360]	[   25]	              [out][comment]=No such file
[2016-08-04 09:52:36.360]	[   25]	SFTPOperations.OnCloseHandle EXIT
[2016-08-04 09:52:36.360]	[   25]	=============================================================
[2016-08-04 09:52:36.361]	[   25]	=============================================================
[2016-08-04 09:52:36.361]	[   25]	SFTPOperations.OnRequestAbsolutePath ENTER 
[2016-08-04 09:52:36.361]	[   25]	              [in][sender]=SBSftpServer.TElSFTPServer
[2016-08-04 09:52:36.361]	[   25]	              [in][path]=.
[2016-08-04 09:52:36.361]	[   25]	              [in][absolutePath]=
[2016-08-04 09:52:36.361]	[   25]	              [in][control]=rcNoCheck
[2016-08-04 09:52:36.361]	[   25]	              [in][composePath]=SBStringList.TElStringList
[2016-08-04 09:52:36.361]	[   25]	              [in][errorCode]=0
[2016-08-04 09:52:36.361]	[   25]	              [in][comment]=No such file
[2016-08-04 09:52:36.361]	[   25]	              [out][absolutePath]=
[2016-08-04 09:52:36.361]	[   25]	              [out][errorCode]=0
[2016-08-04 09:52:36.361]	[   25]	              [out][comment]=No such file
[2016-08-04 09:52:36.361]	[   25]	SFTPOperations.OnRequestAbsolutePath EXIT
[2016-08-04 09:52:36.361]	[   25]	=============================================================
[2016-08-04 09:52:36.361]	[   25]	=============================================================
[2016-08-04 09:52:36.361]	[   25]	SFTPOperations.OnRequestAttributes ENTER 
[2016-08-04 09:52:36.361]	[   25]	              [in][sender]=SBSftpServer.TElSFTPServer
[2016-08-04 09:52:36.361]	[   25]	              [in][path]=\TestSession_263c586f-1ca3-4f40-aca4-d5ad1f349c42\testfolder\f0b6e375-14a4-433b-a5f9-584e2706e5bftempAppendFile2.txttestext
[2016-08-04 09:52:36.361]	[   25]	              [in][followSymLinks]=True
[2016-08-04 09:52:36.361]	[   25]	              [in][attributes]=SBSftpCommon.TElSftpFileAttributes
[2016-08-04 09:52:36.362]	[   25]	              [in][errorCode]=0
[2016-08-04 09:52:36.362]	[   25]	              [in][comment]=No such file
[2016-08-04 09:52:36.362]	[   25]	              [out][errorCode]=0
[2016-08-04 09:52:36.362]	[   25]	              [out][comment]=No such file
[2016-08-04 09:52:36.362]	[   25]	SFTPOperations.OnRequestAttributes EXIT
[2016-08-04 09:52:36.362]	[   25]	=============================================================
[2016-08-04 09:52:36.362]	[   25]	=============================================================
[2016-08-04 09:52:36.362]	[   25]	SFTPOperations.OnRequestAbsolutePath ENTER 
[2016-08-04 09:52:36.362]	[   25]	              [in][sender]=SBSftpServer.TElSFTPServer
[2016-08-04 09:52:36.362]	[   25]	              [in][path]=.
[2016-08-04 09:52:36.362]	[   25]	              [in][absolutePath]=
[2016-08-04 09:52:36.362]	[   25]	              [in][control]=rcNoCheck
[2016-08-04 09:52:36.362]	[   25]	              [in][composePath]=SBStringList.TElStringList
[2016-08-04 09:52:36.362]	[   25]	              [in][errorCode]=0
[2016-08-04 09:52:36.362]	[   25]	              [in][comment]=No such file
[2016-08-04 09:52:36.362]	[   25]	              [out][absolutePath]=
[2016-08-04 09:52:36.362]	[   25]	              [out][errorCode]=0
[2016-08-04 09:52:36.362]	[   25]	              [out][comment]=No such file
[2016-08-04 09:52:36.362]	[   25]	SFTPOperations.OnRequestAbsolutePath EXIT
[2016-08-04 09:52:36.362]	[   25]	=============================================================
[2016-08-04 09:52:36.363]	[   25]	=============================================================
[2016-08-04 09:52:36.363]	[   25]	SFTPOperations.OnRequestAbsolutePath ENTER 
[2016-08-04 09:52:36.363]	[   25]	              [in][sender]=SBSftpServer.TElSFTPServer
[2016-08-04 09:52:36.363]	[   25]	              [in][path]=.
[2016-08-04 09:52:36.363]	[   25]	              [in][absolutePath]=
[2016-08-04 09:52:36.363]	[   25]	              [in][control]=rcNoCheck
[2016-08-04 09:52:36.363]	[   25]	              [in][composePath]=SBStringList.TElStringList
[2016-08-04 09:52:36.363]	[   25]	              [in][errorCode]=0
[2016-08-04 09:52:36.363]	[   25]	              [in][comment]=No such file
[2016-08-04 09:52:36.363]	[   25]	              [out][absolutePath]=
[2016-08-04 09:52:36.363]	[   25]	              [out][errorCode]=0
[2016-08-04 09:52:36.363]	[   25]	              [out][comment]=No such file
[2016-08-04 09:52:36.363]	[   25]	SFTPOperations.OnRequestAbsolutePath EXIT
[2016-08-04 09:52:36.363]	[   25]	=============================================================
[2016-08-04 09:52:36.363]	[   25]	=============================================================
[2016-08-04 09:52:36.363]	[   25]	SFTPOperations.OnRenameFile ENTER 
[2016-08-04 09:52:36.363]	[   25]	              [in][sender]=SBSftpServer.TElSFTPServer
[2016-08-04 09:52:36.363]	[   25]	              [in][oldPath]=\TestSession_263c586f-1ca3-4f40-aca4-d5ad1f349c42\testfolder\f0b6e375-14a4-433b-a5f9-584e2706e5bftempAppendFile2.txttestext
[2016-08-04 09:52:36.363]	[   25]	              [in][newPath]=\TestSession_263c586f-1ca3-4f40-aca4-d5ad1f349c42\testfolder\f0b6e375-14a4-433b-a5f9-584e2706e5bftempAppendFile2.txt
[2016-08-04 09:52:36.363]	[   25]	              [in][flags]=0
[2016-08-04 09:52:36.363]	[   25]	              [in][errorCode]=0
[2016-08-04 09:52:36.363]	[   25]	              [in][comment]=No such file
[2016-08-04 09:52:36.364]	[   25]	              [out][errorCode]=0
[2016-08-04 09:52:36.364]	[   25]	              [out][comment]=No such file
[2016-08-04 09:52:36.364]	[   25]	SFTPOperations.OnRenameFile EXIT
[2016-08-04 09:52:36.364]	[   25]	=============================================================
[2016-08-04 09:52:36.364]	[   25]	=============================================================
[2016-08-04 09:52:36.364]	[   25]	SFTPOperations.OnRequestAbsolutePath ENTER 
[2016-08-04 09:52:36.364]	[   25]	              [in][sender]=SBSftpServer.TElSFTPServer
[2016-08-04 09:52:36.364]	[   25]	              [in][path]=.
[2016-08-04 09:52:36.364]	[   25]	              [in][absolutePath]=
[2016-08-04 09:52:36.364]	[   25]	              [in][control]=rcNoCheck
[2016-08-04 09:52:36.364]	[   25]	              [in][composePath]=SBStringList.TElStringList
[2016-08-04 09:52:36.364]	[   25]	              [in][errorCode]=0
[2016-08-04 09:52:36.364]	[   25]	              [in][comment]=No such file
[2016-08-04 09:52:36.364]	[   25]	              [out][absolutePath]=
[2016-08-04 09:52:36.364]	[   25]	              [out][errorCode]=0
[2016-08-04 09:52:36.364]	[   25]	              [out][comment]=No such file
[2016-08-04 09:52:36.364]	[   25]	SFTPOperations.OnRequestAbsolutePath EXIT
[2016-08-04 09:52:36.364]	[   25]	=============================================================
[2016-08-04 09:52:36.365]	[   31]	Stopping socket listener
[2016-08-04 09:52:36.365]	[   31]	Socket listener stopped
[2016-08-04 09:52:36.365]	[   30]	Socket receive operation failed: An established connection was aborted by the software in your host machine
[2016-08-04 09:52:36.365]	[   30]	Closing the socket
[2016-08-04 09:52:36.365]	[   30]	ServerListener.OnSessionClosed()</StdOut>
      </Output>
    </UnitTestResult>
    <UnitTestResult executionId="de05e848-bf91-451d-85fd-9dbd3117c651" testId="382e191c-8327-40a3-4b75-96907ea0d0b0" testName="Login_Anonymous_Success" computerName="ICSWS068" duration="00:00:00.2691977" startTime="2016-08-04T09:52:36.3792658+02:00" endTime="2016-08-04T09:52:36.6499436+02:00" testType="13cdc9d9-ddb5-4fa4-a97d-d965ccfc6d4b" outcome="Passed" testListId="8c84fa94-04c1-424b-9868-57a2d4851a1d" relativeResultsDirectory="de05e848-bf91-451d-85fd-9dbd3117c651">
      <Output>
        <StdOut>Debug Trace:
[2016-08-04 09:52:36.544]	[   24]	FTP server started 

==============================Server settings==============================
Listening Address: 127.0.0.1
Listening Port: 30021
AllowAnonymous: True
==============================Server settings==============================

[2016-08-04 09:52:36.601]	[   27]	Client connected from 127.0.0.1:34669
[2016-08-04 09:52:36.633]	[   23]	AuthAttempt by user anonymous
[2016-08-04 09:52:36.633]	[   23]	Access granted to anonymous user ()
[2016-08-04 09:52:36.638]	[   23]	Client disconnected.</StdOut>
      </Output>
    </UnitTestResult>
    <UnitTestResult executionId="0a4f7e89-e1a3-4e6f-8c3b-34805a56fc06" testId="fd1203ad-83d1-c5b7-f0e6-2ab55a04a254" testName="Login_BasicSSL_Success" computerName="ICSWS068" duration="00:00:00.8502947" startTime="2016-08-04T09:52:36.6539462+02:00" endTime="2016-08-04T09:52:37.5056291+02:00" testType="13cdc9d9-ddb5-4fa4-a97d-d965ccfc6d4b" outcome="Passed" testListId="8c84fa94-04c1-424b-9868-57a2d4851a1d" relativeResultsDirectory="0a4f7e89-e1a3-4e6f-8c3b-34805a56fc06">
      <Output>
        <StdOut>Debug Trace:
[2016-08-04 09:52:36.662]	[   26]	FTP server started 

==============================Server settings==============================
Listening Address: 127.0.0.1
Listening Port: 30021
AllowAnonymous: True
==============================Server settings==============================

[2016-08-04 09:52:36.672]	[   33]	Client connected from 127.0.0.1:34670
[2016-08-04 09:52:37.486]	[   29]	AuthAttempt by user ftpUser2
[2016-08-04 09:52:37.487]	[   29]	Access granted to user ftpUser2
[2016-08-04 09:52:37.503]	[   29]	Client disconnected.</StdOut>
      </Output>
    </UnitTestResult>
    <UnitTestResult executionId="77f7af4d-5442-42de-a6b9-5b9367da8b23" testId="0e6d58b3-2f4d-d855-848e-224130879f75" testName="Login_ErrorCodeIgnored_DoesNotThrowException" computerName="ICSWS068" duration="00:00:00.0182632" startTime="2016-08-04T09:52:37.5101322+02:00" endTime="2016-08-04T09:52:37.5299290+02:00" testType="13cdc9d9-ddb5-4fa4-a97d-d965ccfc6d4b" outcome="Passed" testListId="8c84fa94-04c1-424b-9868-57a2d4851a1d" relativeResultsDirectory="77f7af4d-5442-42de-a6b9-5b9367da8b23">
      <Output>
        <StdOut>Debug Trace:
[2016-08-04 09:52:37.519]	[   27]	FTP server started 

==============================Server settings==============================
Listening Address: 127.0.0.1
Listening Port: 30021
AllowAnonymous: True
==============================Server settings==============================

[2016-08-04 09:52:37.525]	[   24]	Client connected from 127.0.0.1:34684
[2016-08-04 09:52:37.528]	[   28]	AuthAttempt by user ano
[2016-08-04 09:52:37.528]	[   28]	Access denied for user ano
[2016-08-04 09:52:37.529]	[   28]	Client disconnected.</StdOut>
      </Output>
    </UnitTestResult>
    <UnitTestResult executionId="cac25bc3-a2da-41fb-84f0-52733e519da0" testId="9f07d75f-6767-a1f6-39e0-4a197685bd83" testName="Login_ErrorCodeNotIgnored_DoesThrowException" computerName="ICSWS068" duration="00:00:00.0205200" startTime="2016-08-04T09:52:37.5334315+02:00" endTime="2016-08-04T09:52:37.5549083+02:00" testType="13cdc9d9-ddb5-4fa4-a97d-d965ccfc6d4b" outcome="Passed" testListId="8c84fa94-04c1-424b-9868-57a2d4851a1d" relativeResultsDirectory="cac25bc3-a2da-41fb-84f0-52733e519da0">
      <Output>
        <StdOut>Debug Trace:
[2016-08-04 09:52:37.541]	[   25]	FTP server started 

==============================Server settings==============================
Listening Address: 127.0.0.1
Listening Port: 30021
AllowAnonymous: True
==============================Server settings==============================

[2016-08-04 09:52:37.549]	[   30]	Client connected from 127.0.0.1:34685
[2016-08-04 09:52:37.553]	[   31]	AuthAttempt by user ano
[2016-08-04 09:52:37.553]	[   31]	Access denied for user ano
[2016-08-04 09:52:37.554]	[   31]	Client disconnected.</StdOut>
      </Output>
    </UnitTestResult>
    <UnitTestResult executionId="7daa0fc4-48f9-477a-98c9-5c62861b01b4" testId="79044e04-649a-28c5-bfb8-1553477141eb" testName="ListDirectory_Filtered_ReturnsCorrectFiles" computerName="ICSWS068" duration="00:00:00.0745539" startTime="2016-08-04T09:52:37.5579106+02:00" endTime="2016-08-04T09:52:37.6341257+02:00" testType="13cdc9d9-ddb5-4fa4-a97d-d965ccfc6d4b" outcome="Passed" testListId="8c84fa94-04c1-424b-9868-57a2d4851a1d" relativeResultsDirectory="7daa0fc4-48f9-477a-98c9-5c62861b01b4">
      <Output>
        <StdOut>Debug Trace:
[2016-08-04 09:52:37.566]	[   22]	FTP server started 

==============================Server settings==============================
Listening Address: 127.0.0.1
Listening Port: 30021
AllowAnonymous: True
==============================Server settings==============================

[2016-08-04 09:52:37.581]	[   39]	Client connected from 127.0.0.1:34686
[2016-08-04 09:52:37.584]	[   35]	AuthAttempt by user anonymous
[2016-08-04 09:52:37.584]	[   35]	Access granted to anonymous user ()
[2016-08-04 09:52:37.594]	[   35]	=============================================================
[2016-08-04 09:52:37.594]	[   35]	FTPFileSystemOperations.DirectoryExists ENTER (1)
[2016-08-04 09:52:37.594]	[   35]	                       [in][path]=F:\ETWork\Main\TestResults\bacemi_ICSWS068 2016-08-04 09_52_08\Out\FTPROOT\DirA
[2016-08-04 09:52:37.595]	[   35]	FTPFileSystemOperations.DirectoryExists EXIT
[2016-08-04 09:52:37.595]	[   35]	=============================================================
[2016-08-04 09:52:37.606]	[   35]	=============================================================
[2016-08-04 09:52:37.606]	[   35]	FTPFileSystemOperations.DirectoryExists ENTER (2)
[2016-08-04 09:52:37.606]	[   35]	                       [in][path]=F:\ETWork\Main\TestResults\bacemi_ICSWS068 2016-08-04 09_52_08\Out\FTPROOT\DirA
[2016-08-04 09:52:37.606]	[   35]	FTPFileSystemOperations.DirectoryExists EXIT
[2016-08-04 09:52:37.606]	[   35]	=============================================================
[2016-08-04 09:52:37.608]	[   35]	=============================================================
[2016-08-04 09:52:37.608]	[   35]	FTPFileSystemOperations.DirectoryExists ENTER (3)
[2016-08-04 09:52:37.608]	[   35]	                       [in][path]=F:\ETWork\Main\TestResults\bacemi_ICSWS068 2016-08-04 09_52_08\Out\FTPROOT\DirA
[2016-08-04 09:52:37.608]	[   35]	FTPFileSystemOperations.DirectoryExists EXIT
[2016-08-04 09:52:37.608]	[   35]	=============================================================
[2016-08-04 09:52:37.609]	[   35]	=============================================================
[2016-08-04 09:52:37.609]	[   35]	FTPFileSystemOperations.GetDirectoryEntries ENTER (1)
[2016-08-04 09:52:37.609]	[   35]	                       [in][path]=F:\ETWork\Main\TestResults\bacemi_ICSWS068 2016-08-04 09_52_08\Out\FTPROOT\DirA
[2016-08-04 09:52:37.609]	[   35]	                       [in][subPath]=
[2016-08-04 09:52:37.609]	[   35]	                       [in][regexValue]=
[2016-08-04 09:52:37.609]	[   35]	                       [in][maskList]=SBStringList.TElStringList
[2016-08-04 09:52:37.609]	[   35]	                       [in][recursive]=False
[2016-08-04 09:52:37.609]	[   35]	                       [in][list]=System.Collections.ArrayList
[2016-08-04 09:52:37.610]	[   35]	FTPFileSystemOperations.GetDirectoryEntries EXIT
[2016-08-04 09:52:37.611]	[   35]	=============================================================
[2016-08-04 09:52:37.631]	[   35]	=============================================================
[2016-08-04 09:52:37.631]	[   35]	FTPFileSystemOperations.DirectoryExists ENTER (4)
[2016-08-04 09:52:37.631]	[   35]	                       [in][path]=F:\ETWork\Main\TestResults\bacemi_ICSWS068 2016-08-04 09_52_08\Out\FTPROOT
[2016-08-04 09:52:37.631]	[   35]	FTPFileSystemOperations.DirectoryExists EXIT
[2016-08-04 09:52:37.632]	[   35]	=============================================================
[2016-08-04 09:52:37.633]	[   35]	Client disconnected.</StdOut>
      </Output>
    </UnitTestResult>
    <UnitTestResult executionId="ecd2ae9e-e8c7-48f2-b37b-87fd42e189ee" testId="25ebe98a-4aca-2c51-5fd4-44ba0ec00350" testName="ListDirectory_ServerStopped_ThrowsFtpException" computerName="ICSWS068" duration="00:00:00.6304904" startTime="2016-08-04T09:52:37.6371277+02:00" endTime="2016-08-04T09:52:38.2692495+02:00" testType="13cdc9d9-ddb5-4fa4-a97d-d965ccfc6d4b" outcome="Passed" testListId="8c84fa94-04c1-424b-9868-57a2d4851a1d" relativeResultsDirectory="ecd2ae9e-e8c7-48f2-b37b-87fd42e189ee">
      <Output>
        <StdOut>Debug Trace:
[2016-08-04 09:52:37.645]	[   30]	FTP server started 

==============================Server settings==============================
Listening Address: 127.0.0.1
Listening Port: 30021
AllowAnonymous: True
==============================Server settings==============================

[2016-08-04 09:52:37.653]	[   25]	Client connected from 127.0.0.1:34689
[2016-08-04 09:52:37.656]	[   13]	AuthAttempt by user anonymous
[2016-08-04 09:52:37.656]	[   13]	Access granted to anonymous user ()
[2016-08-04 09:52:37.659]	[   13]	Client disconnected.</StdOut>
      </Output>
    </UnitTestResult>
    <UnitTestResult executionId="b0936a6a-3aae-401a-a158-6c332e0079e8" testId="e2d3ff58-9771-33cc-7be8-5d10985918ea" testName="ListDirectory_InvalidCommand_ThrowsFTPException" computerName="ICSWS068" duration="00:00:00.0108971" startTime="2016-08-04T09:52:38.2722512+02:00" endTime="2016-08-04T09:52:38.2846947+02:00" testType="13cdc9d9-ddb5-4fa4-a97d-d965ccfc6d4b" outcome="NotExecuted" testListId="8c84fa94-04c1-424b-9868-57a2d4851a1d" relativeResultsDirectory="b0936a6a-3aae-401a-a158-6c332e0079e8">
      <Output>
        <StdOut>Debug Trace:
[2016-08-04 09:52:38.279]	[   24]	FTP server started 

==============================Server settings==============================
Listening Address: 127.0.0.1
Listening Port: 30021
AllowAnonymous: True
==============================Server settings==============================</StdOut>
        <ErrorInfo>
          <Message>Assert.Inconclusive failed. SBB allows empty string after upgrade to version 13.</Message>
          <StackTrace>   at IntgTests.iCore.Runtime.Ftp.FTP.FtpClientTests.ListDirectory_InvalidCommand_ThrowsFTPException() in F:\ETWork\Main\Common\Assemblies\IntgTests.iCore.Runtime.Ftp\FTP\FtpClientTests.cs:line 200
</StackTrace>
        </ErrorInfo>
      </Output>
    </UnitTestResult>
    <UnitTestResult executionId="5e2d21f8-26d8-4f8b-9862-7869eea17e50" testId="70d9a0e5-289b-4efa-d3b7-32704f736272" testName="GetFiles_NoFilesExists_ReturnsNegativeSize" computerName="ICSWS068" duration="00:00:00.0330394" startTime="2016-08-04T09:52:38.2876967+02:00" endTime="2016-08-04T09:52:38.3220694+02:00" testType="13cdc9d9-ddb5-4fa4-a97d-d965ccfc6d4b" outcome="Passed" testListId="8c84fa94-04c1-424b-9868-57a2d4851a1d" relativeResultsDirectory="5e2d21f8-26d8-4f8b-9862-7869eea17e50">
      <Output>
        <StdOut>Debug Trace:
[2016-08-04 09:52:38.295]	[   29]	FTP server started 

==============================Server settings==============================
Listening Address: 127.0.0.1
Listening Port: 30021
AllowAnonymous: True
==============================Server settings==============================

[2016-08-04 09:52:38.306]	[   33]	Client connected from 127.0.0.1:34690
[2016-08-04 09:52:38.309]	[   26]	AuthAttempt by user anonymous
[2016-08-04 09:52:38.309]	[   26]	Access granted to anonymous user ()
[2016-08-04 09:52:38.314]	[   26]	=============================================================
[2016-08-04 09:52:38.315]	[   26]	FTPFileSystemOperations.FileGetSize ENTER (1)
[2016-08-04 09:52:38.315]	[   26]	                       [in][path]=F:\ETWork\Main\TestResults\bacemi_ICSWS068 2016-08-04 09_52_08\Out\FTPROOT\FileDontExist.txt
[2016-08-04 09:52:38.319]	[   26]	EXCEPTION  System.IO.FileNotFoundException: Could not find file 'F:\ETWork\Main\TestResults\bacemi_ICSWS068 2016-08-04 09_52_08\Out\FTPROOT\FileDontExist.txt'.
File name: 'F:\ETWork\Main\TestResults\bacemi_ICSWS068 2016-08-04 09_52_08\Out\FTPROOT\FileDontExist.txt'
   at System.IO.__Error.WinIOError(Int32 errorCode, String maybeFullPath)
   at System.IO.FileInfo.get_Length()
   at Testing.IntgTests.Servers.FTPServer.FTPFileSystemOperations.FileGetSize(String path) in F:\ETWork\Main\Testing\Assemblies\Testing.IntgTests.Servers\FTPServer\FTPFileSystemOperations.cs:line 597
   at DynamicModule.ns.Wrapped_IFTPFileOperations_b98f8b1f9b4a43008ee35aeda0b5b177.&lt;FileGetSize_DelegateImplementation&gt;__15(IMethodInvocation inputs, GetNextInterceptionBehaviorDelegate getNext)
[2016-08-04 09:52:38.319]	[   26]	FTPFileSystemOperations.FileGetSize EXIT
[2016-08-04 09:52:38.319]	[   26]	=============================================================
[2016-08-04 09:52:38.321]	[   26]	Client disconnected.</StdOut>
      </Output>
    </UnitTestResult>
    <UnitTestResult executionId="abd83175-0aef-428b-a8b0-d05ccdfd2827" testId="74d77827-e19c-9f71-119b-795cf5d8f788" testName="GetFiles_FilesExists_ReturnsSize" computerName="ICSWS068" duration="00:00:00.0255433" startTime="2016-08-04T09:52:38.3245697+02:00" endTime="2016-08-04T09:52:38.3516912+02:00" testType="13cdc9d9-ddb5-4fa4-a97d-d965ccfc6d4b" outcome="Passed" testListId="8c84fa94-04c1-424b-9868-57a2d4851a1d" relativeResultsDirectory="abd83175-0aef-428b-a8b0-d05ccdfd2827">
      <Output>
        <StdOut>Debug Trace:
[2016-08-04 09:52:38.332]	[   41]	FTP server started 

==============================Server settings==============================
Listening Address: 127.0.0.1
Listening Port: 30021
AllowAnonymous: True
==============================Server settings==============================

[2016-08-04 09:52:38.343]	[   37]	Client connected from 127.0.0.1:34691
[2016-08-04 09:52:38.346]	[   14]	AuthAttempt by user anonymous
[2016-08-04 09:52:38.346]	[   14]	Access granted to anonymous user ()
[2016-08-04 09:52:38.349]	[   14]	=============================================================
[2016-08-04 09:52:38.349]	[   14]	FTPFileSystemOperations.FileGetSize ENTER (1)
[2016-08-04 09:52:38.349]	[   14]	                       [in][path]=F:\ETWork\Main\TestResults\bacemi_ICSWS068 2016-08-04 09_52_08\Out\FTPROOT\DirA\file.txt
[2016-08-04 09:52:38.349]	[   14]	FTPFileSystemOperations.FileGetSize EXIT
[2016-08-04 09:52:38.349]	[   14]	=============================================================
[2016-08-04 09:52:38.351]	[   14]	Client disconnected.</StdOut>
      </Output>
    </UnitTestResult>
    <UnitTestResult executionId="87bbe361-e534-455b-9f77-c966f44a283f" testId="f8bf7d37-1484-ee94-dc4e-4c00315aa247" testName="SendCommand_ValidCommand_ReturnsExpectedReply" computerName="ICSWS068" duration="00:00:00.0199118" startTime="2016-08-04T09:52:38.3546926+02:00" endTime="2016-08-04T09:52:38.3757847+02:00" testType="13cdc9d9-ddb5-4fa4-a97d-d965ccfc6d4b" outcome="Passed" testListId="8c84fa94-04c1-424b-9868-57a2d4851a1d" relativeResultsDirectory="87bbe361-e534-455b-9f77-c966f44a283f">
      <Output>
        <StdOut>Debug Trace:
[2016-08-04 09:52:38.362]	[   18]	FTP server started 

==============================Server settings==============================
Listening Address: 127.0.0.1
Listening Port: 30021
AllowAnonymous: True
==============================Server settings==============================

[2016-08-04 09:52:38.368]	[   38]	Client connected from 127.0.0.1:34692
[2016-08-04 09:52:38.371]	[    9]	AuthAttempt by user anonymous
[2016-08-04 09:52:38.371]	[    9]	Access granted to anonymous user ()
[2016-08-04 09:52:38.375]	[    9]	Client disconnected.</StdOut>
      </Output>
    </UnitTestResult>
    <UnitTestResult executionId="0a98017b-84f8-48ea-9ad0-631e1974010c" testId="880370dc-13a7-fa6a-4ece-c8810e14897f" testName="SendCommand_ValidCommandAndNullExpectedReturnCode_ReturnsExpectedReply" computerName="ICSWS068" duration="00:00:00.0207282" startTime="2016-08-04T09:52:38.3783028+02:00" endTime="2016-08-04T09:52:38.4001804+02:00" testType="13cdc9d9-ddb5-4fa4-a97d-d965ccfc6d4b" outcome="Passed" testListId="8c84fa94-04c1-424b-9868-57a2d4851a1d" relativeResultsDirectory="0a98017b-84f8-48ea-9ad0-631e1974010c">
      <Output>
        <StdOut>Debug Trace:
[2016-08-04 09:52:38.387]	[   21]	FTP server started 

==============================Server settings==============================
Listening Address: 127.0.0.1
Listening Port: 30021
AllowAnonymous: True
==============================Server settings==============================

[2016-08-04 09:52:38.392]	[   44]	Client connected from 127.0.0.1:34693
[2016-08-04 09:52:38.395]	[   45]	AuthAttempt by user anonymous
[2016-08-04 09:52:38.395]	[   45]	Access granted to anonymous user ()
[2016-08-04 09:52:38.400]	[   45]	Client disconnected.</StdOut>
      </Output>
    </UnitTestResult>
    <UnitTestResult executionId="6d5d94e4-c15c-4243-b353-fbfc06042f8c" testId="e1a32dc5-2d31-b813-e76d-1a7702986c2f" testName="SendCommand_ValidCommandAndEmptyExpectedReturnCode_ReturnsExpectedReply" computerName="ICSWS068" duration="00:00:00.0221830" startTime="2016-08-04T09:52:38.4036716+02:00" endTime="2016-08-04T09:52:38.4272330+02:00" testType="13cdc9d9-ddb5-4fa4-a97d-d965ccfc6d4b" outcome="Passed" testListId="8c84fa94-04c1-424b-9868-57a2d4851a1d" relativeResultsDirectory="6d5d94e4-c15c-4243-b353-fbfc06042f8c">
      <Output>
        <StdOut>Debug Trace:
[2016-08-04 09:52:38.412]	[   47]	FTP server started 

==============================Server settings==============================
Listening Address: 127.0.0.1
Listening Port: 30021
AllowAnonymous: True
==============================Server settings==============================

[2016-08-04 09:52:38.418]	[   48]	Client connected from 127.0.0.1:34694
[2016-08-04 09:52:38.422]	[   49]	AuthAttempt by user anonymous
[2016-08-04 09:52:38.422]	[   49]	Access granted to anonymous user ()
[2016-08-04 09:52:38.426]	[   49]	Client disconnected.</StdOut>
      </Output>
    </UnitTestResult>
    <UnitTestResult executionId="f59ed577-76aa-4280-8f88-1bc9ba3805d0" testId="d1af284b-c0a4-e6ac-c726-51338d5c5728" testName="SendCommand_ValidCommandAndExpectedReturnCode_ReturnsExpectedReply" computerName="ICSWS068" duration="00:00:00.0218742" startTime="2016-08-04T09:52:38.4297356+02:00" endTime="2016-08-04T09:52:38.4534986+02:00" testType="13cdc9d9-ddb5-4fa4-a97d-d965ccfc6d4b" outcome="Passed" testListId="8c84fa94-04c1-424b-9868-57a2d4851a1d" relativeResultsDirectory="f59ed577-76aa-4280-8f88-1bc9ba3805d0">
      <Output>
        <StdOut>Debug Trace:
[2016-08-04 09:52:38.438]	[   23]	FTP server started 

==============================Server settings==============================
Listening Address: 127.0.0.1
Listening Port: 30021
AllowAnonymous: True
==============================Server settings==============================

[2016-08-04 09:52:38.444]	[   28]	Client connected from 127.0.0.1:34695
[2016-08-04 09:52:38.447]	[   35]	AuthAttempt by user anonymous
[2016-08-04 09:52:38.447]	[   35]	Access granted to anonymous user ()
[2016-08-04 09:52:38.452]	[   35]	Client disconnected.</StdOut>
      </Output>
    </UnitTestResult>
    <UnitTestResult executionId="2021ed50-4e10-4282-9706-a424986160c4" testId="a2559831-6d95-5618-dee0-ef5a56bc4a76" testName="SendCommand_ValidCommandAndInvalidExpectedReturnCode_Throws" computerName="ICSWS068" duration="00:00:00.0198485" startTime="2016-08-04T09:52:38.4580176+02:00" endTime="2016-08-04T09:52:38.4795178+02:00" testType="13cdc9d9-ddb5-4fa4-a97d-d965ccfc6d4b" outcome="Passed" testListId="8c84fa94-04c1-424b-9868-57a2d4851a1d" relativeResultsDirectory="2021ed50-4e10-4282-9706-a424986160c4">
      <Output>
        <StdOut>Debug Trace:
[2016-08-04 09:52:38.466]	[   22]	FTP server started 

==============================Server settings==============================
Listening Address: 127.0.0.1
Listening Port: 30021
AllowAnonymous: True
==============================Server settings==============================

[2016-08-04 09:52:38.472]	[   32]	Client connected from 127.0.0.1:34696
[2016-08-04 09:52:38.475]	[   19]	AuthAttempt by user anonymous
[2016-08-04 09:52:38.475]	[   19]	Access granted to anonymous user ()
[2016-08-04 09:52:38.479]	[   19]	Client disconnected.</StdOut>
      </Output>
    </UnitTestResult>
    <UnitTestResult executionId="b11eb0c9-f5d0-4387-9664-838fc63db8ae" testId="3db49207-753e-e65e-30bb-946e199583a1" testName="SendCommand_ValidCommandAndExpectedReturnCodes_ReturnsExpectedReply" computerName="ICSWS068" duration="00:00:00.0219282" startTime="2016-08-04T09:52:38.4822626+02:00" endTime="2016-08-04T09:52:38.5054355+02:00" testType="13cdc9d9-ddb5-4fa4-a97d-d965ccfc6d4b" outcome="Passed" testListId="8c84fa94-04c1-424b-9868-57a2d4851a1d" relativeResultsDirectory="b11eb0c9-f5d0-4387-9664-838fc63db8ae">
      <Output>
        <StdOut>Debug Trace:
[2016-08-04 09:52:38.490]	[   44]	FTP server started 

==============================Server settings==============================
Listening Address: 127.0.0.1
Listening Port: 30021
AllowAnonymous: True
==============================Server settings==============================

[2016-08-04 09:52:38.496]	[   21]	Client connected from 127.0.0.1:34697
[2016-08-04 09:52:38.499]	[   20]	AuthAttempt by user anonymous
[2016-08-04 09:52:38.499]	[   20]	Access granted to anonymous user ()
[2016-08-04 09:52:38.504]	[   20]	Client disconnected.</StdOut>
      </Output>
    </UnitTestResult>
    <UnitTestResult executionId="8094a3de-80a4-4f38-821a-3ffc39626352" testId="34c2bc49-268c-246c-c4f0-c57fe96d5cc6" testName="SendCommand_InValidCommandAndExpectedReturnCode_ReturnsExpectedReply" computerName="ICSWS068" duration="00:00:00.0217698" startTime="2016-08-04T09:52:38.5084372+02:00" endTime="2016-08-04T09:52:38.5313087+02:00" testType="13cdc9d9-ddb5-4fa4-a97d-d965ccfc6d4b" outcome="Passed" testListId="8c84fa94-04c1-424b-9868-57a2d4851a1d" relativeResultsDirectory="8094a3de-80a4-4f38-821a-3ffc39626352">
      <Output>
        <StdOut>Debug Trace:
[2016-08-04 09:52:38.516]	[   38]	FTP server started 

==============================Server settings==============================
Listening Address: 127.0.0.1
Listening Port: 30021
AllowAnonymous: True
==============================Server settings==============================

[2016-08-04 09:52:38.523]	[   18]	Client connected from 127.0.0.1:34698
[2016-08-04 09:52:38.526]	[   34]	AuthAttempt by user anonymous
[2016-08-04 09:52:38.526]	[   34]	Access granted to anonymous user ()
[2016-08-04 09:52:38.531]	[   34]	Client disconnected.</StdOut>
      </Output>
    </UnitTestResult>
    <UnitTestResult executionId="50c5908d-6f6e-42ae-85f8-942735ff5c15" testId="c924ba6f-8a05-22aa-848d-e801514d53bc" testName="SendCommand_InValidCommand_Throws" computerName="ICSWS068" duration="00:00:00.0209786" startTime="2016-08-04T09:52:38.5343136+02:00" endTime="2016-08-04T09:52:38.5564986+02:00" testType="13cdc9d9-ddb5-4fa4-a97d-d965ccfc6d4b" outcome="Passed" testListId="8c84fa94-04c1-424b-9868-57a2d4851a1d" relativeResultsDirectory="50c5908d-6f6e-42ae-85f8-942735ff5c15">
      <Output>
        <StdOut>Debug Trace:
[2016-08-04 09:52:38.542]	[   37]	FTP server started 

==============================Server settings==============================
Listening Address: 127.0.0.1
Listening Port: 30021
AllowAnonymous: True
==============================Server settings==============================

[2016-08-04 09:52:38.548]	[   41]	Client connected from 127.0.0.1:34699
[2016-08-04 09:52:38.551]	[   26]	AuthAttempt by user anonymous
[2016-08-04 09:52:38.551]	[   26]	Access granted to anonymous user ()
[2016-08-04 09:52:38.556]	[   26]	Client disconnected.</StdOut>
      </Output>
    </UnitTestResult>
    <UnitTestResult executionId="2130e672-e283-4819-9286-6d12736b1210" testId="c40fc69d-b8f0-03b2-27b5-775981b60ffc" testName="SendCommand_InValidCommandAndNullExpectedReturnCode_Throws" computerName="ICSWS068" duration="00:00:00.0214654" startTime="2016-08-04T09:52:38.5595009+02:00" endTime="2016-08-04T09:52:38.5817377+02:00" testType="13cdc9d9-ddb5-4fa4-a97d-d965ccfc6d4b" outcome="Passed" testListId="8c84fa94-04c1-424b-9868-57a2d4851a1d" relativeResultsDirectory="2130e672-e283-4819-9286-6d12736b1210">
      <Output>
        <StdOut>Debug Trace:
[2016-08-04 09:52:38.567]	[   29]	FTP server started 

==============================Server settings==============================
Listening Address: 127.0.0.1
Listening Port: 30021
AllowAnonymous: True
==============================Server settings==============================

[2016-08-04 09:52:38.574]	[   27]	Client connected from 127.0.0.1:34700
[2016-08-04 09:52:38.577]	[   24]	AuthAttempt by user anonymous
[2016-08-04 09:52:38.577]	[   24]	Access granted to anonymous user ()
[2016-08-04 09:52:38.581]	[   24]	Client disconnected.</StdOut>
      </Output>
    </UnitTestResult>
    <UnitTestResult executionId="0160c62b-48a0-46b9-b32f-8abc69a2e46d" testId="67f641a0-9c27-659b-49b8-494e9b1eb88c" testName="SendCommand_InValidCommandAndEmptyExpectedReturnCode_Throws" computerName="ICSWS068" duration="00:00:00.0221877" startTime="2016-08-04T09:52:38.5847418+02:00" endTime="2016-08-04T09:52:38.6083860+02:00" testType="13cdc9d9-ddb5-4fa4-a97d-d965ccfc6d4b" outcome="Passed" testListId="8c84fa94-04c1-424b-9868-57a2d4851a1d" relativeResultsDirectory="0160c62b-48a0-46b9-b32f-8abc69a2e46d">
      <Output>
        <StdOut>Debug Trace:
[2016-08-04 09:52:38.593]	[   25]	FTP server started 

==============================Server settings==============================
Listening Address: 127.0.0.1
Listening Port: 30021
AllowAnonymous: True
==============================Server settings==============================

[2016-08-04 09:52:38.599]	[   30]	Client connected from 127.0.0.1:34701
[2016-08-04 09:52:38.603]	[   50]	AuthAttempt by user anonymous
[2016-08-04 09:52:38.603]	[   50]	Access granted to anonymous user ()
[2016-08-04 09:52:38.607]	[   50]	Client disconnected.</StdOut>
      </Output>
    </UnitTestResult>
    <UnitTestResult executionId="14149fa9-d265-4b52-b899-019bdea94c27" testId="8f2527ba-d132-627e-1b2d-298783bad250" testName="SendCommand_InValidCommandAndReturnCodeNotInExpectedReturnCode_Throws" computerName="ICSWS068" duration="00:00:00.0236915" startTime="2016-08-04T09:52:38.6108883+02:00" endTime="2016-08-04T09:52:38.6361732+02:00" testType="13cdc9d9-ddb5-4fa4-a97d-d965ccfc6d4b" outcome="Passed" testListId="8c84fa94-04c1-424b-9868-57a2d4851a1d" relativeResultsDirectory="14149fa9-d265-4b52-b899-019bdea94c27">
      <Output>
        <StdOut>Debug Trace:
[2016-08-04 09:52:38.619]	[   52]	FTP server started 

==============================Server settings==============================
Listening Address: 127.0.0.1
Listening Port: 30021
AllowAnonymous: True
==============================Server settings==============================

[2016-08-04 09:52:38.626]	[   53]	Client connected from 127.0.0.1:34702
[2016-08-04 09:52:38.631]	[   54]	AuthAttempt by user anonymous
[2016-08-04 09:52:38.631]	[   54]	Access granted to anonymous user ()
[2016-08-04 09:52:38.635]	[   54]	Client disconnected.</StdOut>
      </Output>
    </UnitTestResult>
    <UnitTestResult executionId="0c15fbd2-9b7c-488a-a129-7f84660ff7ca" testId="0ddbd220-e008-bad6-6e20-68e24ebbb8bc" testName="MGet_GetAllFilesThatAreListed_Success" computerName="ICSWS068" duration="00:00:00.1032178" startTime="2016-08-04T09:52:38.6391743+02:00" endTime="2016-08-04T09:52:38.7435611+02:00" testType="13cdc9d9-ddb5-4fa4-a97d-d965ccfc6d4b" outcome="Passed" testListId="8c84fa94-04c1-424b-9868-57a2d4851a1d" relativeResultsDirectory="0c15fbd2-9b7c-488a-a129-7f84660ff7ca">
      <Output>
        <StdOut>Debug Trace:
[2016-08-04 09:52:38.650]	[   56]	FTP server started 

==============================Server settings==============================
Listening Address: 127.0.0.1
Listening Port: 30021
AllowAnonymous: True
==============================Server settings==============================

[2016-08-04 09:52:38.660]	[   54]	Client connected from 127.0.0.1:34703
[2016-08-04 09:52:38.663]	[   53]	AuthAttempt by user anonymous
[2016-08-04 09:52:38.663]	[   53]	Access granted to anonymous user ()
FileTransferPath.GetDirectoryName: path=/DirA/ directorySeparator=/
\DirA: FileTransferPath.GetDirectoryName: Path.GetDirectoryName={0}
[2016-08-04 09:52:38.668]	[   53]	=============================================================
[2016-08-04 09:52:38.668]	[   53]	FTPFileSystemOperations.DirectoryExists ENTER (1)
[2016-08-04 09:52:38.668]	[   53]	                       [in][path]=F:\ETWork\Main\TestResults\bacemi_ICSWS068 2016-08-04 09_52_08\Out\FTPROOT\DirA
[2016-08-04 09:52:38.668]	[   53]	FTPFileSystemOperations.DirectoryExists EXIT
[2016-08-04 09:52:38.668]	[   53]	=============================================================
[2016-08-04 09:52:38.671]	[   53]	=============================================================
[2016-08-04 09:52:38.671]	[   53]	FTPFileSystemOperations.DirectoryExists ENTER (2)
[2016-08-04 09:52:38.671]	[   53]	                       [in][path]=F:\ETWork\Main\TestResults\bacemi_ICSWS068 2016-08-04 09_52_08\Out\FTPROOT\DirA
[2016-08-04 09:52:38.671]	[   53]	FTPFileSystemOperations.DirectoryExists EXIT
[2016-08-04 09:52:38.671]	[   53]	=============================================================
[2016-08-04 09:52:38.676]	[   53]	=============================================================
[2016-08-04 09:52:38.676]	[   53]	FTPFileSystemOperations.DirectoryExists ENTER (3)
[2016-08-04 09:52:38.676]	[   53]	                       [in][path]=F:\ETWork\Main\TestResults\bacemi_ICSWS068 2016-08-04 09_52_08\Out\FTPROOT\DirA
[2016-08-04 09:52:38.676]	[   53]	FTPFileSystemOperations.DirectoryExists EXIT
[2016-08-04 09:52:38.676]	[   53]	=============================================================
[2016-08-04 09:52:38.676]	[   53]	=============================================================
[2016-08-04 09:52:38.676]	[   53]	FTPFileSystemOperations.DirectoryExists ENTER (4)
[2016-08-04 09:52:38.676]	[   53]	                       [in][path]=F:\ETWork\Main\TestResults\bacemi_ICSWS068 2016-08-04 09_52_08\Out\FTPROOT\DirA
[2016-08-04 09:52:38.676]	[   53]	FTPFileSystemOperations.DirectoryExists EXIT
[2016-08-04 09:52:38.676]	[   53]	=============================================================
[2016-08-04 09:52:38.676]	[   53]	=============================================================
[2016-08-04 09:52:38.676]	[   53]	FTPFileSystemOperations.GetDirectoryEntries ENTER (1)
[2016-08-04 09:52:38.676]	[   53]	                       [in][path]=F:\ETWork\Main\TestResults\bacemi_ICSWS068 2016-08-04 09_52_08\Out\FTPROOT\DirA
[2016-08-04 09:52:38.676]	[   53]	                       [in][subPath]=
[2016-08-04 09:52:38.676]	[   53]	                       [in][regexValue]=
[2016-08-04 09:52:38.676]	[   53]	                       [in][maskList]=SBStringList.TElStringList
[2016-08-04 09:52:38.676]	[   53]	                       [in][recursive]=False
[2016-08-04 09:52:38.676]	[   53]	                       [in][list]=System.Collections.ArrayList
[2016-08-04 09:52:38.676]	[   53]	FTPFileSystemOperations.GetDirectoryEntries EXIT
[2016-08-04 09:52:38.676]	[   53]	=============================================================
[2016-08-04 09:52:38.680]	[   53]	=============================================================
[2016-08-04 09:52:38.680]	[   53]	FTPFileSystemOperations.DirectoryExists ENTER (5)
[2016-08-04 09:52:38.680]	[   53]	                       [in][path]=F:\ETWork\Main\TestResults\bacemi_ICSWS068 2016-08-04 09_52_08\Out\FTPROOT\DirA
[2016-08-04 09:52:38.680]	[   53]	FTPFileSystemOperations.DirectoryExists EXIT
[2016-08-04 09:52:38.680]	[   53]	=============================================================
[2016-08-04 09:52:38.681]	[   53]	=============================================================
[2016-08-04 09:52:38.681]	[   53]	FTPFileSystemOperations.DirectoryExists ENTER (6)
[2016-08-04 09:52:38.681]	[   53]	                       [in][path]=F:\ETWork\Main\TestResults\bacemi_ICSWS068 2016-08-04 09_52_08\Out\FTPROOT
[2016-08-04 09:52:38.681]	[   53]	FTPFileSystemOperations.DirectoryExists EXIT
[2016-08-04 09:52:38.681]	[   53]	=============================================================
[2016-08-04 09:52:38.688]	[   53]	=============================================================
[2016-08-04 09:52:38.688]	[   53]	FTPFileSystemOperations.FileGetSize ENTER (1)
[2016-08-04 09:52:38.688]	[   53]	                       [in][path]=F:\ETWork\Main\TestResults\bacemi_ICSWS068 2016-08-04 09_52_08\Out\FTPROOT\DirA\file.txt
[2016-08-04 09:52:38.688]	[   53]	FTPFileSystemOperations.FileGetSize EXIT
[2016-08-04 09:52:38.688]	[   53]	=============================================================
[2016-08-04 09:52:38.696]	[   53]	=============================================================
[2016-08-04 09:52:38.696]	[   53]	FTPFileSystemOperations.FileGetSize ENTER (2)
[2016-08-04 09:52:38.696]	[   53]	                       [in][path]=F:\ETWork\Main\TestResults\bacemi_ICSWS068 2016-08-04 09_52_08\Out\FTPROOT\DirA\file.txt
[2016-08-04 09:52:38.696]	[   53]	FTPFileSystemOperations.FileGetSize EXIT
[2016-08-04 09:52:38.696]	[   53]	=============================================================
[2016-08-04 09:52:38.698]	[   53]	=============================================================
[2016-08-04 09:52:38.698]	[   53]	FTPFileSystemOperations.GetEntryInformation ENTER (1)
[2016-08-04 09:52:38.698]	[   53]	                       [in][path]=F:\ETWork\Main\TestResults\bacemi_ICSWS068 2016-08-04 09_52_08\Out\FTPROOT\DirA\file.txt
[2016-08-04 09:52:38.698]	[   53]	                       [in][entryInfo]=SBCustomFSAdapter.TElVFSEntryInformation
[2016-08-04 09:52:38.699]	[   53]	FTPFileSystemOperations.GetEntryInformation EXIT
[2016-08-04 09:52:38.699]	[   53]	=============================================================
[2016-08-04 09:52:38.699]	[   53]	=============================================================
[2016-08-04 09:52:38.699]	[   53]	FTPFileSystemOperations.FileExists ENTER (1)
[2016-08-04 09:52:38.699]	[   53]	                       [in][path]=F:\ETWork\Main\TestResults\bacemi_ICSWS068 2016-08-04 09_52_08\Out\FTPROOT\DirA\file.txt
[2016-08-04 09:52:38.700]	[   53]	FTPFileSystemOperations.FileExists EXIT
[2016-08-04 09:52:38.700]	[   53]	=============================================================
[2016-08-04 09:52:38.700]	[   53]	=============================================================
[2016-08-04 09:52:38.700]	[   53]	FTPFileSystemOperations.OpenFile ENTER (1)
[2016-08-04 09:52:38.700]	[   53]	                       [in][path]=F:\ETWork\Main\TestResults\bacemi_ICSWS068 2016-08-04 09_52_08\Out\FTPROOT\DirA\file.txt
[2016-08-04 09:52:38.700]	[   53]	                       [in][openMode]=1
[2016-08-04 09:52:38.700]	[   53]	                       [in][shareMode]=ssmDenyWrite
[2016-08-04 09:52:38.700]	[   53]	                       [in][fileHandle]=
[2016-08-04 09:52:38.701]	[   53]	                       [out][fileHandle]=
[2016-08-04 09:52:38.701]	[   53]	FTPFileSystemOperations.OpenFile EXIT
[2016-08-04 09:52:38.701]	[   53]	=============================================================
[2016-08-04 09:52:38.701]	[   53]	=============================================================
[2016-08-04 09:52:38.701]	[   53]	FTPFileSystemOperations.FileGetSize ENTER (3)
[2016-08-04 09:52:38.702]	[   53]	                       [in][fileHandle]=System.IO.FileStream
[2016-08-04 09:52:38.702]	[   53]	FTPFileSystemOperations.FileGetSize EXIT
[2016-08-04 09:52:38.702]	[   53]	=============================================================
[2016-08-04 09:52:38.702]	[   53]	=============================================================
[2016-08-04 09:52:38.702]	[   53]	FTPFileSystemOperations.FileSeek ENTER (1)
[2016-08-04 09:52:38.702]	[   53]	                       [in][fileHandle]=System.IO.FileStream
[2016-08-04 09:52:38.702]	[   53]	                       [in][position]=0
[2016-08-04 09:52:38.702]	[   53]	                       [in][origin]=sfsoBegin
[2016-08-04 09:52:38.703]	[   53]	FTPFileSystemOperations.FileSeek EXIT
[2016-08-04 09:52:38.703]	[   53]	=============================================================
[2016-08-04 09:52:38.704]	[   53]	=============================================================
[2016-08-04 09:52:38.704]	[   53]	FTPFileSystemOperations.FileRead ENTER (1)
[2016-08-04 09:52:38.704]	[   53]	                       [in][fileHandle]=System.IO.FileStream
[2016-08-04 09:52:38.704]	[   53]	                       [in][buffer]=System.Byte[]
[2016-08-04 09:52:38.704]	[   53]	                       [in][index]=0
[2016-08-04 09:52:38.704]	[   53]	                       [in][size]=262144
[2016-08-04 09:52:38.704]	[   53]	FTPFileSystemOperations.FileRead EXIT
[2016-08-04 09:52:38.705]	[   53]	=============================================================
[2016-08-04 09:52:38.705]	[   53]	=============================================================
[2016-08-04 09:52:38.705]	[   53]	FTPFileSystemOperations.FileGetPosition ENTER (1)
[2016-08-04 09:52:38.705]	[   53]	                       [in][fileHandle]=System.IO.FileStream
[2016-08-04 09:52:38.705]	[   53]	FTPFileSystemOperations.FileGetPosition EXIT
[2016-08-04 09:52:38.705]	[   53]	=============================================================
[2016-08-04 09:52:38.705]	[   53]	=============================================================
[2016-08-04 09:52:38.705]	[   53]	FTPFileSystemOperations.FileGetSize ENTER (4)
[2016-08-04 09:52:38.705]	[   53]	                       [in][fileHandle]=System.IO.FileStream
[2016-08-04 09:52:38.705]	[   53]	FTPFileSystemOperations.FileGetSize EXIT
[2016-08-04 09:52:38.705]	[   53]	=============================================================
[2016-08-04 09:52:38.706]	[   53]	=============================================================
[2016-08-04 09:52:38.706]	[   53]	FTPFileSystemOperations.CloseFile ENTER (1)
[2016-08-04 09:52:38.706]	[   53]	                       [in][fileHandle]=System.IO.FileStream
[2016-08-04 09:52:38.706]	[   53]	FTPFileSystemOperations.CloseFile EXIT
[2016-08-04 09:52:38.706]	[   53]	=============================================================
[2016-08-04 09:52:38.709]	[   53]	=============================================================
[2016-08-04 09:52:38.709]	[   53]	FTPFileSystemOperations.FileGetSize ENTER (5)
[2016-08-04 09:52:38.709]	[   53]	                       [in][path]=F:\ETWork\Main\TestResults\bacemi_ICSWS068 2016-08-04 09_52_08\Out\FTPROOT\DirA\file2.abc
[2016-08-04 09:52:38.709]	[   53]	FTPFileSystemOperations.FileGetSize EXIT
[2016-08-04 09:52:38.709]	[   53]	=============================================================
[2016-08-04 09:52:38.714]	[   53]	=============================================================
[2016-08-04 09:52:38.714]	[   53]	FTPFileSystemOperations.FileGetSize ENTER (6)
[2016-08-04 09:52:38.714]	[   53]	                       [in][path]=F:\ETWork\Main\TestResults\bacemi_ICSWS068 2016-08-04 09_52_08\Out\FTPROOT\DirA\file2.abc
[2016-08-04 09:52:38.714]	[   53]	FTPFileSystemOperations.FileGetSize EXIT
[2016-08-04 09:52:38.714]	[   53]	=============================================================
[2016-08-04 09:52:38.716]	[   53]	=============================================================
[2016-08-04 09:52:38.716]	[   53]	FTPFileSystemOperations.GetEntryInformation ENTER (2)
[2016-08-04 09:52:38.716]	[   53]	                       [in][path]=F:\ETWork\Main\TestResults\bacemi_ICSWS068 2016-08-04 09_52_08\Out\FTPROOT\DirA\file2.abc
[2016-08-04 09:52:38.716]	[   53]	                       [in][entryInfo]=SBCustomFSAdapter.TElVFSEntryInformation
[2016-08-04 09:52:38.716]	[   53]	FTPFileSystemOperations.GetEntryInformation EXIT
[2016-08-04 09:52:38.716]	[   53]	=============================================================
[2016-08-04 09:52:38.716]	[   53]	=============================================================
[2016-08-04 09:52:38.716]	[   53]	FTPFileSystemOperations.FileExists ENTER (2)
[2016-08-04 09:52:38.716]	[   53]	                       [in][path]=F:\ETWork\Main\TestResults\bacemi_ICSWS068 2016-08-04 09_52_08\Out\FTPROOT\DirA\file2.abc
[2016-08-04 09:52:38.716]	[   53]	FTPFileSystemOperations.FileExists EXIT
[2016-08-04 09:52:38.716]	[   53]	=============================================================
[2016-08-04 09:52:38.716]	[   53]	=============================================================
[2016-08-04 09:52:38.716]	[   53]	FTPFileSystemOperations.OpenFile ENTER (2)
[2016-08-04 09:52:38.716]	[   53]	                       [in][path]=F:\ETWork\Main\TestResults\bacemi_ICSWS068 2016-08-04 09_52_08\Out\FTPROOT\DirA\file2.abc
[2016-08-04 09:52:38.716]	[   53]	                       [in][openMode]=1
[2016-08-04 09:52:38.716]	[   53]	                       [in][shareMode]=ssmDenyWrite
[2016-08-04 09:52:38.716]	[   53]	                       [in][fileHandle]=
[2016-08-04 09:52:38.716]	[   53]	                       [out][fileHandle]=
[2016-08-04 09:52:38.716]	[   53]	FTPFileSystemOperations.OpenFile EXIT
[2016-08-04 09:52:38.716]	[   53]	=============================================================
[2016-08-04 09:52:38.716]	[   53]	=============================================================
[2016-08-04 09:52:38.716]	[   53]	FTPFileSystemOperations.FileGetSize ENTER (7)
[2016-08-04 09:52:38.716]	[   53]	                       [in][fileHandle]=System.IO.FileStream
[2016-08-04 09:52:38.716]	[   53]	FTPFileSystemOperations.FileGetSize EXIT
[2016-08-04 09:52:38.716]	[   53]	=============================================================
[2016-08-04 09:52:38.716]	[   53]	=============================================================
[2016-08-04 09:52:38.716]	[   53]	FTPFileSystemOperations.FileSeek ENTER (2)
[2016-08-04 09:52:38.716]	[   53]	                       [in][fileHandle]=System.IO.FileStream
[2016-08-04 09:52:38.716]	[   53]	                       [in][position]=0
[2016-08-04 09:52:38.716]	[   53]	                       [in][origin]=sfsoEnd
[2016-08-04 09:52:38.716]	[   53]	FTPFileSystemOperations.FileSeek EXIT
[2016-08-04 09:52:38.716]	[   53]	=============================================================
[2016-08-04 09:52:38.716]	[   53]	=============================================================
[2016-08-04 09:52:38.716]	[   53]	FTPFileSystemOperations.FileRead ENTER (2)
[2016-08-04 09:52:38.716]	[   53]	                       [in][fileHandle]=System.IO.FileStream
[2016-08-04 09:52:38.716]	[   53]	                       [in][buffer]=System.Byte[]
[2016-08-04 09:52:38.717]	[   53]	                       [in][index]=0
[2016-08-04 09:52:38.717]	[   53]	                       [in][size]=262144
[2016-08-04 09:52:38.717]	[   53]	FTPFileSystemOperations.FileRead EXIT
[2016-08-04 09:52:38.717]	[   53]	=============================================================
[2016-08-04 09:52:38.717]	[   53]	=============================================================
[2016-08-04 09:52:38.717]	[   53]	FTPFileSystemOperations.FileGetPosition ENTER (2)
[2016-08-04 09:52:38.717]	[   53]	                       [in][fileHandle]=System.IO.FileStream
[2016-08-04 09:52:38.717]	[   53]	FTPFileSystemOperations.FileGetPosition EXIT
[2016-08-04 09:52:38.717]	[   53]	=============================================================
[2016-08-04 09:52:38.717]	[   53]	=============================================================
[2016-08-04 09:52:38.717]	[   53]	FTPFileSystemOperations.FileGetSize ENTER (8)
[2016-08-04 09:52:38.717]	[   53]	                       [in][fileHandle]=System.IO.FileStream
[2016-08-04 09:52:38.717]	[   53]	FTPFileSystemOperations.FileGetSize EXIT
[2016-08-04 09:52:38.717]	[   53]	=============================================================
[2016-08-04 09:52:38.717]	[   53]	=============================================================
[2016-08-04 09:52:38.717]	[   53]	FTPFileSystemOperations.CloseFile ENTER (2)
[2016-08-04 09:52:38.717]	[   53]	                       [in][fileHandle]=System.IO.FileStream
[2016-08-04 09:52:38.717]	[   53]	FTPFileSystemOperations.CloseFile EXIT
[2016-08-04 09:52:38.717]	[   53]	=============================================================
[2016-08-04 09:52:38.721]	[   53]	=============================================================
[2016-08-04 09:52:38.721]	[   53]	FTPFileSystemOperations.FileGetSize ENTER (9)
[2016-08-04 09:52:38.721]	[   53]	                       [in][path]=F:\ETWork\Main\TestResults\bacemi_ICSWS068 2016-08-04 09_52_08\Out\FTPROOT\DirA\file2.def
[2016-08-04 09:52:38.721]	[   53]	FTPFileSystemOperations.FileGetSize EXIT
[2016-08-04 09:52:38.721]	[   53]	=============================================================
[2016-08-04 09:52:38.726]	[   53]	=============================================================
[2016-08-04 09:52:38.726]	[   53]	FTPFileSystemOperations.FileGetSize ENTER (10)
[2016-08-04 09:52:38.726]	[   53]	                       [in][path]=F:\ETWork\Main\TestResults\bacemi_ICSWS068 2016-08-04 09_52_08\Out\FTPROOT\DirA\file2.def
[2016-08-04 09:52:38.726]	[   53]	FTPFileSystemOperations.FileGetSize EXIT
[2016-08-04 09:52:38.726]	[   53]	=============================================================
[2016-08-04 09:52:38.727]	[   53]	=============================================================
[2016-08-04 09:52:38.727]	[   53]	FTPFileSystemOperations.GetEntryInformation ENTER (3)
[2016-08-04 09:52:38.727]	[   53]	                       [in][path]=F:\ETWork\Main\TestResults\bacemi_ICSWS068 2016-08-04 09_52_08\Out\FTPROOT\DirA\file2.def
[2016-08-04 09:52:38.727]	[   53]	                       [in][entryInfo]=SBCustomFSAdapter.TElVFSEntryInformation
[2016-08-04 09:52:38.727]	[   53]	FTPFileSystemOperations.GetEntryInformation EXIT
[2016-08-04 09:52:38.727]	[   53]	=============================================================
[2016-08-04 09:52:38.727]	[   53]	=============================================================
[2016-08-04 09:52:38.727]	[   53]	FTPFileSystemOperations.FileExists ENTER (3)
[2016-08-04 09:52:38.727]	[   53]	                       [in][path]=F:\ETWork\Main\TestResults\bacemi_ICSWS068 2016-08-04 09_52_08\Out\FTPROOT\DirA\file2.def
[2016-08-04 09:52:38.727]	[   53]	FTPFileSystemOperations.FileExists EXIT
[2016-08-04 09:52:38.727]	[   53]	=============================================================
[2016-08-04 09:52:38.727]	[   53]	=============================================================
[2016-08-04 09:52:38.727]	[   53]	FTPFileSystemOperations.OpenFile ENTER (3)
[2016-08-04 09:52:38.727]	[   53]	                       [in][path]=F:\ETWork\Main\TestResults\bacemi_ICSWS068 2016-08-04 09_52_08\Out\FTPROOT\DirA\file2.def
[2016-08-04 09:52:38.727]	[   53]	                       [in][openMode]=1
[2016-08-04 09:52:38.727]	[   53]	                       [in][shareMode]=ssmDenyWrite
[2016-08-04 09:52:38.727]	[   53]	                       [in][fileHandle]=
[2016-08-04 09:52:38.728]	[   53]	                       [out][fileHandle]=
[2016-08-04 09:52:38.728]	[   53]	FTPFileSystemOperations.OpenFile EXIT
[2016-08-04 09:52:38.728]	[   53]	=============================================================
[2016-08-04 09:52:38.728]	[   53]	=============================================================
[2016-08-04 09:52:38.728]	[   53]	FTPFileSystemOperations.FileGetSize ENTER (11)
[2016-08-04 09:52:38.728]	[   53]	                       [in][fileHandle]=System.IO.FileStream
[2016-08-04 09:52:38.728]	[   53]	FTPFileSystemOperations.FileGetSize EXIT
[2016-08-04 09:52:38.728]	[   53]	=============================================================
[2016-08-04 09:52:38.728]	[   53]	=============================================================
[2016-08-04 09:52:38.728]	[   53]	FTPFileSystemOperations.FileSeek ENTER (3)
[2016-08-04 09:52:38.728]	[   53]	                       [in][fileHandle]=System.IO.FileStream
[2016-08-04 09:52:38.728]	[   53]	                       [in][position]=0
[2016-08-04 09:52:38.728]	[   53]	                       [in][origin]=sfsoEnd
[2016-08-04 09:52:38.728]	[   53]	FTPFileSystemOperations.FileSeek EXIT
[2016-08-04 09:52:38.728]	[   53]	=============================================================
[2016-08-04 09:52:38.728]	[   53]	=============================================================
[2016-08-04 09:52:38.728]	[   53]	FTPFileSystemOperations.FileRead ENTER (3)
[2016-08-04 09:52:38.728]	[   53]	                       [in][fileHandle]=System.IO.FileStream
[2016-08-04 09:52:38.728]	[   53]	                       [in][buffer]=System.Byte[]
[2016-08-04 09:52:38.728]	[   53]	                       [in][index]=0
[2016-08-04 09:52:38.728]	[   53]	                       [in][size]=262144
[2016-08-04 09:52:38.728]	[   53]	FTPFileSystemOperations.FileRead EXIT
[2016-08-04 09:52:38.728]	[   53]	=============================================================
[2016-08-04 09:52:38.728]	[   53]	=============================================================
[2016-08-04 09:52:38.728]	[   53]	FTPFileSystemOperations.FileGetPosition ENTER (3)
[2016-08-04 09:52:38.728]	[   53]	                       [in][fileHandle]=System.IO.FileStream
[2016-08-04 09:52:38.728]	[   53]	FTPFileSystemOperations.FileGetPosition EXIT
[2016-08-04 09:52:38.728]	[   53]	=============================================================
[2016-08-04 09:52:38.728]	[   53]	=============================================================
[2016-08-04 09:52:38.728]	[   53]	FTPFileSystemOperations.FileGetSize ENTER (12)
[2016-08-04 09:52:38.728]	[   53]	                       [in][fileHandle]=System.IO.FileStream
[2016-08-04 09:52:38.728]	[   53]	FTPFileSystemOperations.FileGetSize EXIT
[2016-08-04 09:52:38.728]	[   53]	=============================================================
[2016-08-04 09:52:38.728]	[   53]	=============================================================
[2016-08-04 09:52:38.728]	[   53]	FTPFileSystemOperations.CloseFile ENTER (3)
[2016-08-04 09:52:38.728]	[   53]	                       [in][fileHandle]=System.IO.FileStream
[2016-08-04 09:52:38.728]	[   53]	FTPFileSystemOperations.CloseFile EXIT
[2016-08-04 09:52:38.728]	[   53]	=============================================================
[2016-08-04 09:52:38.731]	[   53]	=============================================================
[2016-08-04 09:52:38.731]	[   53]	FTPFileSystemOperations.FileGetSize ENTER (13)
[2016-08-04 09:52:38.731]	[   53]	                       [in][path]=F:\ETWork\Main\TestResults\bacemi_ICSWS068 2016-08-04 09_52_08\Out\FTPROOT\DirA\file2.txt
[2016-08-04 09:52:38.731]	[   53]	FTPFileSystemOperations.FileGetSize EXIT
[2016-08-04 09:52:38.731]	[   53]	=============================================================
[2016-08-04 09:52:38.736]	[   53]	=============================================================
[2016-08-04 09:52:38.736]	[   53]	FTPFileSystemOperations.FileGetSize ENTER (14)
[2016-08-04 09:52:38.736]	[   53]	                       [in][path]=F:\ETWork\Main\TestResults\bacemi_ICSWS068 2016-08-04 09_52_08\Out\FTPROOT\DirA\file2.txt
[2016-08-04 09:52:38.736]	[   53]	FTPFileSystemOperations.FileGetSize EXIT
[2016-08-04 09:52:38.736]	[   53]	=============================================================
[2016-08-04 09:52:38.737]	[   53]	=============================================================
[2016-08-04 09:52:38.737]	[   53]	FTPFileSystemOperations.GetEntryInformation ENTER (4)
[2016-08-04 09:52:38.737]	[   53]	                       [in][path]=F:\ETWork\Main\TestResults\bacemi_ICSWS068 2016-08-04 09_52_08\Out\FTPROOT\DirA\file2.txt
[2016-08-04 09:52:38.737]	[   53]	                       [in][entryInfo]=SBCustomFSAdapter.TElVFSEntryInformation
[2016-08-04 09:52:38.737]	[   53]	FTPFileSystemOperations.GetEntryInformation EXIT
[2016-08-04 09:52:38.737]	[   53]	=============================================================
[2016-08-04 09:52:38.737]	[   53]	=============================================================
[2016-08-04 09:52:38.737]	[   53]	FTPFileSystemOperations.FileExists ENTER (4)
[2016-08-04 09:52:38.737]	[   53]	                       [in][path]=F:\ETWork\Main\TestResults\bacemi_ICSWS068 2016-08-04 09_52_08\Out\FTPROOT\DirA\file2.txt
[2016-08-04 09:52:38.737]	[   53]	FTPFileSystemOperations.FileExists EXIT
[2016-08-04 09:52:38.737]	[   53]	=============================================================
[2016-08-04 09:52:38.737]	[   53]	=============================================================
[2016-08-04 09:52:38.737]	[   53]	FTPFileSystemOperations.OpenFile ENTER (4)
[2016-08-04 09:52:38.737]	[   53]	                       [in][path]=F:\ETWork\Main\TestResults\bacemi_ICSWS068 2016-08-04 09_52_08\Out\FTPROOT\DirA\file2.txt
[2016-08-04 09:52:38.737]	[   53]	                       [in][openMode]=1
[2016-08-04 09:52:38.737]	[   53]	                       [in][shareMode]=ssmDenyWrite
[2016-08-04 09:52:38.737]	[   53]	                       [in][fileHandle]=
[2016-08-04 09:52:38.738]	[   53]	                       [out][fileHandle]=
[2016-08-04 09:52:38.738]	[   53]	FTPFileSystemOperations.OpenFile EXIT
[2016-08-04 09:52:38.738]	[   53]	=============================================================
[2016-08-04 09:52:38.738]	[   53]	=============================================================
[2016-08-04 09:52:38.738]	[   53]	FTPFileSystemOperations.FileGetSize ENTER (15)
[2016-08-04 09:52:38.738]	[   53]	                       [in][fileHandle]=System.IO.FileStream
[2016-08-04 09:52:38.738]	[   53]	FTPFileSystemOperations.FileGetSize EXIT
[2016-08-04 09:52:38.738]	[   53]	=============================================================
[2016-08-04 09:52:38.738]	[   53]	=============================================================
[2016-08-04 09:52:38.738]	[   53]	FTPFileSystemOperations.FileSeek ENTER (4)
[2016-08-04 09:52:38.738]	[   53]	                       [in][fileHandle]=System.IO.FileStream
[2016-08-04 09:52:38.738]	[   53]	                       [in][position]=0
[2016-08-04 09:52:38.738]	[   53]	                       [in][origin]=sfsoEnd
[2016-08-04 09:52:38.738]	[   53]	FTPFileSystemOperations.FileSeek EXIT
[2016-08-04 09:52:38.738]	[   53]	=============================================================
[2016-08-04 09:52:38.738]	[   53]	=============================================================
[2016-08-04 09:52:38.738]	[   53]	FTPFileSystemOperations.FileRead ENTER (4)
[2016-08-04 09:52:38.738]	[   53]	                       [in][fileHandle]=System.IO.FileStream
[2016-08-04 09:52:38.738]	[   53]	                       [in][buffer]=System.Byte[]
[2016-08-04 09:52:38.738]	[   53]	                       [in][index]=0
[2016-08-04 09:52:38.738]	[   53]	                       [in][size]=262144
[2016-08-04 09:52:38.738]	[   53]	FTPFileSystemOperations.FileRead EXIT
[2016-08-04 09:52:38.738]	[   53]	=============================================================
[2016-08-04 09:52:38.738]	[   53]	=============================================================
[2016-08-04 09:52:38.738]	[   53]	FTPFileSystemOperations.FileGetPosition ENTER (4)
[2016-08-04 09:52:38.738]	[   53]	                       [in][fileHandle]=System.IO.FileStream
[2016-08-04 09:52:38.738]	[   53]	FTPFileSystemOperations.FileGetPosition EXIT
[2016-08-04 09:52:38.738]	[   53]	=============================================================
[2016-08-04 09:52:38.738]	[   53]	=============================================================
[2016-08-04 09:52:38.738]	[   53]	FTPFileSystemOperations.FileGetSize ENTER (16)
[2016-08-04 09:52:38.738]	[   53]	                       [in][fileHandle]=System.IO.FileStream
[2016-08-04 09:52:38.738]	[   53]	FTPFileSystemOperations.FileGetSize EXIT
[2016-08-04 09:52:38.738]	[   53]	=============================================================
[2016-08-04 09:52:38.738]	[   53]	=============================================================
[2016-08-04 09:52:38.738]	[   53]	FTPFileSystemOperations.CloseFile ENTER (4)
[2016-08-04 09:52:38.738]	[   53]	                       [in][fileHandle]=System.IO.FileStream
[2016-08-04 09:52:38.738]	[   53]	FTPFileSystemOperations.CloseFile EXIT
[2016-08-04 09:52:38.738]	[   53]	=============================================================
[2016-08-04 09:52:38.741]	[   53]	=============================================================
[2016-08-04 09:52:38.741]	[   53]	FTPFileSystemOperations.DirectoryExists ENTER (7)
[2016-08-04 09:52:38.741]	[   53]	                       [in][path]=F:\ETWork\Main\TestResults\bacemi_ICSWS068 2016-08-04 09_52_08\Out\FTPROOT
[2016-08-04 09:52:38.741]	[   53]	FTPFileSystemOperations.DirectoryExists EXIT
[2016-08-04 09:52:38.741]	[   53]	=============================================================
[2016-08-04 09:52:38.743]	[   53]	Client disconnected.</StdOut>
      </Output>
    </UnitTestResult>
    <UnitTestResult executionId="32506884-f108-4ca7-bb53-963c05ad96aa" testId="b85fa511-6a33-5511-c946-b5aff5292272" testName="Upload_ErrorCodeIgnored_DoesNotThrowException" computerName="ICSWS068" duration="00:00:00.0329845" startTime="2016-08-04T09:52:38.7470637+02:00" endTime="2016-08-04T09:52:38.7816719+02:00" testType="13cdc9d9-ddb5-4fa4-a97d-d965ccfc6d4b" outcome="Passed" testListId="8c84fa94-04c1-424b-9868-57a2d4851a1d" relativeResultsDirectory="32506884-f108-4ca7-bb53-963c05ad96aa">
      <Output>
        <StdOut>Debug Trace:
[2016-08-04 09:52:38.755]	[   50]	FTP server started 

==============================Server settings==============================
Listening Address: 127.0.0.1
Listening Port: 30021
AllowAnonymous: True
==============================Server settings==============================

[2016-08-04 09:52:38.766]	[   30]	Client connected from 127.0.0.1:34714
[2016-08-04 09:52:38.770]	[   25]	AuthAttempt by user anonymous
[2016-08-04 09:52:38.770]	[   25]	Access granted to anonymous user ()
[2016-08-04 09:52:38.779]	[   25]	=============================================================
[2016-08-04 09:52:38.779]	[   25]	FTPFileSystemOperations.FileExists ENTER (1)
[2016-08-04 09:52:38.779]	[   25]	                       [in][path]=F:\ETWork\Main\TestResults\bacemi_ICSWS068 2016-08-04 09_52_08\Out\FTPROOT\file\?=+.txt
[2016-08-04 09:52:38.779]	[   25]	FTPFileSystemOperations.FileExists EXIT
[2016-08-04 09:52:38.779]	[   25]	=============================================================
[2016-08-04 09:52:38.779]	[   25]	=============================================================
[2016-08-04 09:52:38.779]	[   25]	FTPFileSystemOperations.OpenFile ENTER (1)
[2016-08-04 09:52:38.779]	[   25]	                       [in][path]=F:\ETWork\Main\TestResults\bacemi_ICSWS068 2016-08-04 09_52_08\Out\FTPROOT\file\?=+.txt
[2016-08-04 09:52:38.779]	[   25]	                       [in][openMode]=4
[2016-08-04 09:52:38.779]	[   25]	                       [in][shareMode]=ssmExclusive
[2016-08-04 09:52:38.779]	[   25]	                       [in][fileHandle]=
[2016-08-04 09:52:38.779]	[   25]	                       [out][fileHandle]=
[2016-08-04 09:52:38.779]	[   25]	FTPFileSystemOperations.OpenFile EXIT
[2016-08-04 09:52:38.779]	[   25]	=============================================================
[2016-08-04 09:52:38.781]	[   25]	Client disconnected.</StdOut>
      </Output>
    </UnitTestResult>
    <UnitTestResult executionId="bb1a50a4-7b7e-4e5c-8982-1d6a192adefb" testId="ad055d73-0f5b-3250-9666-f273408cbf45" testName="Upload_ErrorCodeNotIgnored_DoesThrowException" computerName="ICSWS068" duration="00:00:00.0292095" startTime="2016-08-04T09:52:38.7841891+02:00" endTime="2016-08-04T09:52:38.8153998+02:00" testType="13cdc9d9-ddb5-4fa4-a97d-d965ccfc6d4b" outcome="Passed" testListId="8c84fa94-04c1-424b-9868-57a2d4851a1d" relativeResultsDirectory="bb1a50a4-7b7e-4e5c-8982-1d6a192adefb">
      <Output>
        <StdOut>Debug Trace:
[2016-08-04 09:52:38.793]	[   27]	FTP server started 

==============================Server settings==============================
Listening Address: 127.0.0.1
Listening Port: 30021
AllowAnonymous: True
==============================Server settings==============================

[2016-08-04 09:52:38.803]	[   29]	Client connected from 127.0.0.1:34717
[2016-08-04 09:52:38.806]	[   33]	AuthAttempt by user anonymous
[2016-08-04 09:52:38.806]	[   33]	Access granted to anonymous user ()
[2016-08-04 09:52:38.812]	[   33]	=============================================================
[2016-08-04 09:52:38.812]	[   33]	FTPFileSystemOperations.FileExists ENTER (1)
[2016-08-04 09:52:38.812]	[   33]	                       [in][path]=F:\ETWork\Main\TestResults\bacemi_ICSWS068 2016-08-04 09_52_08\Out\FTPROOT\file\?=+.txt
[2016-08-04 09:52:38.812]	[   33]	FTPFileSystemOperations.FileExists EXIT
[2016-08-04 09:52:38.812]	[   33]	=============================================================
[2016-08-04 09:52:38.812]	[   33]	=============================================================
[2016-08-04 09:52:38.812]	[   33]	FTPFileSystemOperations.OpenFile ENTER (1)
[2016-08-04 09:52:38.812]	[   33]	                       [in][path]=F:\ETWork\Main\TestResults\bacemi_ICSWS068 2016-08-04 09_52_08\Out\FTPROOT\file\?=+.txt
[2016-08-04 09:52:38.812]	[   33]	                       [in][openMode]=4
[2016-08-04 09:52:38.812]	[   33]	                       [in][shareMode]=ssmExclusive
[2016-08-04 09:52:38.812]	[   33]	                       [in][fileHandle]=
[2016-08-04 09:52:38.813]	[   33]	                       [out][fileHandle]=
[2016-08-04 09:52:38.813]	[   33]	FTPFileSystemOperations.OpenFile EXIT
[2016-08-04 09:52:38.813]	[   33]	=============================================================
[2016-08-04 09:52:38.814]	[   33]	Client disconnected.</StdOut>
      </Output>
    </UnitTestResult>
    <UnitTestResult executionId="04d594af-612e-4042-b5b4-43136ced17d0" testId="46699cc4-c507-d9a1-1858-0dc4b07e9900" testName="Delete_ErrorCodeIgnored_DoesNotThrowException" computerName="ICSWS068" duration="00:00:00.0227487" startTime="2016-08-04T09:52:38.8179018+02:00" endTime="2016-08-04T09:52:38.8424494+02:00" testType="13cdc9d9-ddb5-4fa4-a97d-d965ccfc6d4b" outcome="Passed" testListId="8c84fa94-04c1-424b-9868-57a2d4851a1d" relativeResultsDirectory="04d594af-612e-4042-b5b4-43136ced17d0">
      <Output>
        <StdOut>Debug Trace:
[2016-08-04 09:52:38.826]	[   41]	FTP server started 

==============================Server settings==============================
Listening Address: 127.0.0.1
Listening Port: 30021
AllowAnonymous: True
==============================Server settings==============================

[2016-08-04 09:52:38.832]	[   37]	Client connected from 127.0.0.1:34720
[2016-08-04 09:52:38.835]	[   14]	AuthAttempt by user anonymous
[2016-08-04 09:52:38.835]	[   14]	Access granted to anonymous user ()
[2016-08-04 09:52:38.839]	[   14]	=============================================================
[2016-08-04 09:52:38.839]	[   14]	FTPFileSystemOperations.FileExists ENTER (1)
[2016-08-04 09:52:38.839]	[   14]	                       [in][path]=F:\ftp\doesnotexist.txt
[2016-08-04 09:52:38.839]	[   14]	FTPFileSystemOperations.FileExists EXIT
[2016-08-04 09:52:38.839]	[   14]	=============================================================
[2016-08-04 09:52:38.841]	[   14]	Client disconnected.</StdOut>
      </Output>
    </UnitTestResult>
    <UnitTestResult executionId="bd786462-2729-4939-b000-83574909fac1" testId="2f0693b9-9148-9074-1fa8-87630d41026a" testName="Delete_ErrorCodeNotIgnored_DoesThrowException" computerName="ICSWS068" duration="00:00:00.0214470" startTime="2016-08-04T09:52:38.8449506+02:00" endTime="2016-08-04T09:52:38.8679842+02:00" testType="13cdc9d9-ddb5-4fa4-a97d-d965ccfc6d4b" outcome="Passed" testListId="8c84fa94-04c1-424b-9868-57a2d4851a1d" relativeResultsDirectory="bd786462-2729-4939-b000-83574909fac1">
      <Output>
        <StdOut>Debug Trace:
[2016-08-04 09:52:38.853]	[   18]	FTP server started 

==============================Server settings==============================
Listening Address: 127.0.0.1
Listening Port: 30021
AllowAnonymous: True
==============================Server settings==============================

[2016-08-04 09:52:38.859]	[   38]	Client connected from 127.0.0.1:34721
[2016-08-04 09:52:38.862]	[    9]	AuthAttempt by user anonymous
[2016-08-04 09:52:38.862]	[    9]	Access granted to anonymous user ()
[2016-08-04 09:52:38.865]	[    9]	=============================================================
[2016-08-04 09:52:38.865]	[    9]	FTPFileSystemOperations.FileExists ENTER (1)
[2016-08-04 09:52:38.865]	[    9]	                       [in][path]=F:\ftp\doesnotexist.txt
[2016-08-04 09:52:38.865]	[    9]	FTPFileSystemOperations.FileExists EXIT
[2016-08-04 09:52:38.865]	[    9]	=============================================================
[2016-08-04 09:52:38.867]	[    9]	Client disconnected.</StdOut>
      </Output>
    </UnitTestResult>
    <UnitTestResult executionId="e7dd83dd-6271-4a24-8af9-505fc418ec0c" testId="9375b98c-e93a-97b1-5715-7805f367d0fa" testName="Download_ErrorCodeIgnored_DoesNotThrowException" computerName="ICSWS068" duration="00:00:00.0279260" startTime="2016-08-04T09:52:38.8714868+02:00" endTime="2016-08-04T09:52:38.9003103+02:00" testType="13cdc9d9-ddb5-4fa4-a97d-d965ccfc6d4b" outcome="Passed" testListId="8c84fa94-04c1-424b-9868-57a2d4851a1d" relativeResultsDirectory="e7dd83dd-6271-4a24-8af9-505fc418ec0c">
      <Output>
        <StdOut>Debug Trace:
[2016-08-04 09:52:38.879]	[   21]	FTP server started 

==============================Server settings==============================
Listening Address: 127.0.0.1
Listening Port: 30021
AllowAnonymous: True
==============================Server settings==============================

[2016-08-04 09:52:38.886]	[   44]	Client connected from 127.0.0.1:34722
[2016-08-04 09:52:38.890]	[   45]	AuthAttempt by user anonymous
[2016-08-04 09:52:38.890]	[   45]	Access granted to anonymous user ()
[2016-08-04 09:52:38.896]	[   45]	=============================================================
[2016-08-04 09:52:38.896]	[   45]	FTPFileSystemOperations.FileGetSize ENTER (1)
[2016-08-04 09:52:38.896]	[   45]	                       [in][path]=F:\ftp\doesnotexist.txt
[2016-08-04 09:52:38.896]	[   45]	EXCEPTION  System.IO.FileNotFoundException: Could not find file 'F:\ftp\doesnotexist.txt'.
File name: 'F:\ftp\doesnotexist.txt'
   at System.IO.__Error.WinIOError(Int32 errorCode, String maybeFullPath)
   at System.IO.FileInfo.get_Length()
   at Testing.IntgTests.Servers.FTPServer.FTPFileSystemOperations.FileGetSize(String path) in F:\ETWork\Main\Testing\Assemblies\Testing.IntgTests.Servers\FTPServer\FTPFileSystemOperations.cs:line 597
   at DynamicModule.ns.Wrapped_IFTPFileOperations_b98f8b1f9b4a43008ee35aeda0b5b177.&lt;FileGetSize_DelegateImplementation&gt;__15(IMethodInvocation inputs, GetNextInterceptionBehaviorDelegate getNext)
[2016-08-04 09:52:38.896]	[   45]	FTPFileSystemOperations.FileGetSize EXIT
[2016-08-04 09:52:38.896]	[   45]	=============================================================
[2016-08-04 09:52:38.898]	[   45]	=============================================================
[2016-08-04 09:52:38.898]	[   45]	FTPFileSystemOperations.GetEntryInformation ENTER (1)
[2016-08-04 09:52:38.898]	[   45]	                       [in][path]=F:\ftp\doesnotexist.txt
[2016-08-04 09:52:38.898]	[   45]	                       [in][entryInfo]=SBCustomFSAdapter.TElVFSEntryInformation
[2016-08-04 09:52:38.898]	[   45]	FTPFileSystemOperations.GetEntryInformation EXIT
[2016-08-04 09:52:38.898]	[   45]	=============================================================
[2016-08-04 09:52:38.898]	[   45]	=============================================================
[2016-08-04 09:52:38.898]	[   45]	FTPFileSystemOperations.FileExists ENTER (1)
[2016-08-04 09:52:38.898]	[   45]	                       [in][path]=F:\ftp\doesnotexist.txt
[2016-08-04 09:52:38.898]	[   45]	FTPFileSystemOperations.FileExists EXIT
[2016-08-04 09:52:38.898]	[   45]	=============================================================
[2016-08-04 09:52:38.900]	[   45]	Client disconnected.</StdOut>
      </Output>
    </UnitTestResult>
    <UnitTestResult executionId="dc4b957d-8970-400b-9fc7-267ae4d6b4f8" testId="b58862ff-cbdf-5bd2-c6de-f8f399e58840" testName="Download_ErrorCodeNotIgnored_DoesThrowException" computerName="ICSWS068" duration="00:00:00.0265633" startTime="2016-08-04T09:52:38.9042607+02:00" endTime="2016-08-04T09:52:38.9317899+02:00" testType="13cdc9d9-ddb5-4fa4-a97d-d965ccfc6d4b" outcome="Passed" testListId="8c84fa94-04c1-424b-9868-57a2d4851a1d" relativeResultsDirectory="dc4b957d-8970-400b-9fc7-267ae4d6b4f8">
      <Output>
        <StdOut>Debug Trace:
[2016-08-04 09:52:38.912]	[   32]	FTP server started 

==============================Server settings==============================
Listening Address: 127.0.0.1
Listening Port: 30021
AllowAnonymous: True
==============================Server settings==============================

[2016-08-04 09:52:38.917]	[   22]	Client connected from 127.0.0.1:34725
[2016-08-04 09:52:38.921]	[   39]	AuthAttempt by user anonymous
[2016-08-04 09:52:38.921]	[   39]	Access granted to anonymous user ()
[2016-08-04 09:52:38.928]	[   39]	=============================================================
[2016-08-04 09:52:38.928]	[   39]	FTPFileSystemOperations.FileGetSize ENTER (1)
[2016-08-04 09:52:38.928]	[   39]	                       [in][path]=F:\ftp\doesnotexist.txt
[2016-08-04 09:52:38.928]	[   39]	EXCEPTION  System.IO.FileNotFoundException: Could not find file 'F:\ftp\doesnotexist.txt'.
File name: 'F:\ftp\doesnotexist.txt'
   at System.IO.__Error.WinIOError(Int32 errorCode, String maybeFullPath)
   at System.IO.FileInfo.get_Length()
   at Testing.IntgTests.Servers.FTPServer.FTPFileSystemOperations.FileGetSize(String path) in F:\ETWork\Main\Testing\Assemblies\Testing.IntgTests.Servers\FTPServer\FTPFileSystemOperations.cs:line 597
   at DynamicModule.ns.Wrapped_IFTPFileOperations_b98f8b1f9b4a43008ee35aeda0b5b177.&lt;FileGetSize_DelegateImplementation&gt;__15(IMethodInvocation inputs, GetNextInterceptionBehaviorDelegate getNext)
[2016-08-04 09:52:38.928]	[   39]	FTPFileSystemOperations.FileGetSize EXIT
[2016-08-04 09:52:38.928]	[   39]	=============================================================
[2016-08-04 09:52:38.930]	[   39]	=============================================================
[2016-08-04 09:52:38.930]	[   39]	FTPFileSystemOperations.GetEntryInformation ENTER (1)
[2016-08-04 09:52:38.930]	[   39]	                       [in][path]=F:\ftp\doesnotexist.txt
[2016-08-04 09:52:38.930]	[   39]	                       [in][entryInfo]=SBCustomFSAdapter.TElVFSEntryInformation
[2016-08-04 09:52:38.930]	[   39]	FTPFileSystemOperations.GetEntryInformation EXIT
[2016-08-04 09:52:38.930]	[   39]	=============================================================
[2016-08-04 09:52:38.930]	[   39]	=============================================================
[2016-08-04 09:52:38.930]	[   39]	FTPFileSystemOperations.FileExists ENTER (1)
[2016-08-04 09:52:38.930]	[   39]	                       [in][path]=F:\ftp\doesnotexist.txt
[2016-08-04 09:52:38.930]	[   39]	FTPFileSystemOperations.FileExists EXIT
[2016-08-04 09:52:38.930]	[   39]	=============================================================
[2016-08-04 09:52:38.931]	[   39]	Client disconnected.</StdOut>
      </Output>
    </UnitTestResult>
    <UnitTestResult executionId="a5bd145d-6205-4950-bf74-30406aea0cb5" testId="9c2beadb-2159-23ac-6e4a-2c5f72b3c4d8" testName="MakeDirectory_ErrorCodeIgnored_DoesNotThrowException" computerName="ICSWS068" duration="00:00:00.0225947" startTime="2016-08-04T09:52:38.9347913+02:00" endTime="2016-08-04T09:52:38.9589577+02:00" testType="13cdc9d9-ddb5-4fa4-a97d-d965ccfc6d4b" outcome="Passed" testListId="8c84fa94-04c1-424b-9868-57a2d4851a1d" relativeResultsDirectory="a5bd145d-6205-4950-bf74-30406aea0cb5">
      <Output>
        <StdOut>Debug Trace:
[2016-08-04 09:52:38.943]	[   44]	FTP server started 

==============================Server settings==============================
Listening Address: 127.0.0.1
Listening Port: 30021
AllowAnonymous: True
==============================Server settings==============================

[2016-08-04 09:52:38.949]	[   21]	Client connected from 127.0.0.1:34728
[2016-08-04 09:52:38.953]	[    9]	AuthAttempt by user anonymous
[2016-08-04 09:52:38.953]	[    9]	Access granted to anonymous user ()
[2016-08-04 09:52:38.956]	[    9]	=============================================================
[2016-08-04 09:52:38.956]	[    9]	FTPFileSystemOperations.DirectoryMake ENTER (1)
[2016-08-04 09:52:38.956]	[    9]	                       [in][path]=F:\ftp\?)09u0w\ouho
[2016-08-04 09:52:38.957]	[    9]	FTPFileSystemOperations.DirectoryMake EXIT
[2016-08-04 09:52:38.957]	[    9]	=============================================================
[2016-08-04 09:52:38.958]	[    9]	Client disconnected.</StdOut>
      </Output>
    </UnitTestResult>
    <UnitTestResult executionId="9e48da0a-ab86-4dee-b1fa-6d3b33b5a782" testId="b5283c77-7951-5b3c-485c-407b726c12c2" testName="MakeDirectory_ErrorCodeNotIgnored_DoesThrowException" computerName="ICSWS068" duration="00:00:00.0261152" startTime="2016-08-04T09:52:38.9629597+02:00" endTime="2016-08-04T09:52:38.9904859+02:00" testType="13cdc9d9-ddb5-4fa4-a97d-d965ccfc6d4b" outcome="Passed" testListId="8c84fa94-04c1-424b-9868-57a2d4851a1d" relativeResultsDirectory="9e48da0a-ab86-4dee-b1fa-6d3b33b5a782">
      <Output>
        <StdOut>Debug Trace:
[2016-08-04 09:52:38.975]	[   18]	FTP server started 

==============================Server settings==============================
Listening Address: 127.0.0.1
Listening Port: 30021
AllowAnonymous: True
==============================Server settings==============================

[2016-08-04 09:52:38.982]	[   14]	Client connected from 127.0.0.1:34729
[2016-08-04 09:52:38.985]	[   37]	AuthAttempt by user anonymous
[2016-08-04 09:52:38.985]	[   37]	Access granted to anonymous user ()
[2016-08-04 09:52:38.988]	[   37]	=============================================================
[2016-08-04 09:52:38.988]	[   37]	FTPFileSystemOperations.DirectoryMake ENTER (1)
[2016-08-04 09:52:38.988]	[   37]	                       [in][path]=F:\ftp\?)09u0w\ouho
[2016-08-04 09:52:38.988]	[   37]	FTPFileSystemOperations.DirectoryMake EXIT
[2016-08-04 09:52:38.988]	[   37]	=============================================================
[2016-08-04 09:52:38.990]	[   37]	Client disconnected.</StdOut>
      </Output>
    </UnitTestResult>
    <UnitTestResult executionId="e9798d6d-b568-48fb-b072-eecfe49eac66" testId="7843e3b2-e0d2-dede-8c33-8ff48c647c00" testName="RenameFileName_ErrorCodeIgnored_DoesThrowNotException" computerName="ICSWS068" duration="00:00:00.0217173" startTime="2016-08-04T09:52:38.9939909+02:00" endTime="2016-08-04T09:52:39.0172714+02:00" testType="13cdc9d9-ddb5-4fa4-a97d-d965ccfc6d4b" outcome="Passed" testListId="8c84fa94-04c1-424b-9868-57a2d4851a1d" relativeResultsDirectory="e9798d6d-b568-48fb-b072-eecfe49eac66">
      <Output>
        <StdOut>Debug Trace:
[2016-08-04 09:52:39.002]	[   33]	FTP server started 

==============================Server settings==============================
Listening Address: 127.0.0.1
Listening Port: 30021
AllowAnonymous: True
==============================Server settings==============================

[2016-08-04 09:52:39.008]	[   29]	Client connected from 127.0.0.1:34730
[2016-08-04 09:52:39.011]	[   27]	AuthAttempt by user anonymous
[2016-08-04 09:52:39.011]	[   27]	Access granted to anonymous user ()
[2016-08-04 09:52:39.014]	[   27]	=============================================================
[2016-08-04 09:52:39.014]	[   27]	FTPFileSystemOperations.GetEntryInformation ENTER (1)
[2016-08-04 09:52:39.014]	[   27]	                       [in][path]=F:\ftp\filedontexist.txt
[2016-08-04 09:52:39.014]	[   27]	                       [in][entryInfo]=SBCustomFSAdapter.TElVFSEntryInformation
[2016-08-04 09:52:39.014]	[   27]	FTPFileSystemOperations.GetEntryInformation EXIT
[2016-08-04 09:52:39.015]	[   27]	=============================================================
[2016-08-04 09:52:39.016]	[   27]	Client disconnected.</StdOut>
      </Output>
    </UnitTestResult>
    <UnitTestResult executionId="28632561-af27-4d07-b251-3f5c79ed5c0a" testId="b1ea3213-a762-f243-cb67-b99c20da0479" testName="RenameFileName_ErrorCodeNotIgnored_DoesThrowException" computerName="ICSWS068" duration="00:00:00.0208423" startTime="2016-08-04T09:52:39.0212256+02:00" endTime="2016-08-04T09:52:39.0432507+02:00" testType="13cdc9d9-ddb5-4fa4-a97d-d965ccfc6d4b" outcome="Passed" testListId="8c84fa94-04c1-424b-9868-57a2d4851a1d" relativeResultsDirectory="28632561-af27-4d07-b251-3f5c79ed5c0a">
      <Output>
        <StdOut>Debug Trace:
[2016-08-04 09:52:39.029]	[   30]	FTP server started 

==============================Server settings==============================
Listening Address: 127.0.0.1
Listening Port: 30021
AllowAnonymous: True
==============================Server settings==============================

[2016-08-04 09:52:39.035]	[   50]	Client connected from 127.0.0.1:34731
[2016-08-04 09:52:39.038]	[   52]	AuthAttempt by user anonymous
[2016-08-04 09:52:39.038]	[   52]	Access granted to anonymous user ()
[2016-08-04 09:52:39.041]	[   52]	=============================================================
[2016-08-04 09:52:39.041]	[   52]	FTPFileSystemOperations.GetEntryInformation ENTER (1)
[2016-08-04 09:52:39.041]	[   52]	                       [in][path]=F:\ftp\filedontexist.txt
[2016-08-04 09:52:39.041]	[   52]	                       [in][entryInfo]=SBCustomFSAdapter.TElVFSEntryInformation
[2016-08-04 09:52:39.041]	[   52]	FTPFileSystemOperations.GetEntryInformation EXIT
[2016-08-04 09:52:39.041]	[   52]	=============================================================
[2016-08-04 09:52:39.043]	[   52]	Client disconnected.</StdOut>
      </Output>
    </UnitTestResult>
    <UnitTestResult executionId="d0c937a8-9160-402c-b8fc-2fb10f4b28ab" testId="0033c608-74ac-a721-2b34-48239e341062" testName="WriteFromFile_StoreModeIsAppendWriteTwice_FileIsAppended" computerName="ICSWS068" duration="00:00:00.5770354" startTime="2016-08-04T09:52:39.0462536+02:00" endTime="2016-08-04T09:52:39.6245294+02:00" testType="13cdc9d9-ddb5-4fa4-a97d-d965ccfc6d4b" outcome="Passed" testListId="8c84fa94-04c1-424b-9868-57a2d4851a1d" relativeResultsDirectory="d0c937a8-9160-402c-b8fc-2fb10f4b28ab">
      <Output>
        <StdOut>Debug Trace:
[2016-08-04 09:52:39.058]	[   46]	FTP server started 

==============================Server settings==============================
Listening Address: 127.0.0.1
Listening Port: 30021
AllowAnonymous: True
==============================Server settings==============================

[2016-08-04 09:52:39.066]	[   53]	Client connected from 127.0.0.1:34732
[2016-08-04 09:52:39.109]	[   54]	AuthAttempt by user ftpUser2
[2016-08-04 09:52:39.109]	[   54]	Access granted to user ftpUser2
[2016-08-04 09:52:39.121]	[   54]	=============================================================
[2016-08-04 09:52:39.121]	[   54]	FTPFileSystemOperations.DirectoryMake ENTER (1)
[2016-08-04 09:52:39.121]	[   54]	                       [in][path]=F:\ETWork\Main\TestResults\bacemi_ICSWS068 2016-08-04 09_52_08\Out\FTPRoot\TestSession_7aff9cd3-0529-441c-889e-8bcfa47c6a0d
[2016-08-04 09:52:39.121]	[   54]	FTPFileSystemOperations.DirectoryMake EXIT
[2016-08-04 09:52:39.121]	[   54]	=============================================================
[2016-08-04 09:52:39.124]	[   54]	Client disconnected.
[2016-08-04 09:52:39.130]	[   53]	Client connected from 127.0.0.1:34733
[2016-08-04 09:52:39.174]	[   35]	AuthAttempt by user ftpUser2
[2016-08-04 09:52:39.174]	[   35]	Access granted to user ftpUser2
[2016-08-04 09:52:39.185]	[   53]	Client connected from 127.0.0.1:34734
[2016-08-04 09:52:39.186]	[   35]	Client disconnected.
[2016-08-04 09:52:39.229]	[   28]	AuthAttempt by user ftpUser2
[2016-08-04 09:52:39.229]	[   28]	Access granted to user ftpUser2
[2016-08-04 09:52:39.243]	[   28]	=============================================================
[2016-08-04 09:52:39.243]	[   28]	FTPFileSystemOperations.DirectoryExists ENTER (1)
[2016-08-04 09:52:39.243]	[   28]	                       [in][path]=F:\ETWork\Main\TestResults\bacemi_ICSWS068 2016-08-04 09_52_08\Out\FTPRoot\TestSession_7aff9cd3-0529-441c-889e-8bcfa47c6a0d
[2016-08-04 09:52:39.243]	[   28]	FTPFileSystemOperations.DirectoryExists EXIT
[2016-08-04 09:52:39.243]	[   28]	=============================================================
FileTransferPath.GetDirectoryName: path=/TestSession_7aff9cd3-0529-441c-889e-8bcfa47c6a0d/appendFile.txt directorySeparator=
\TestSession_7aff9cd3-0529-441c-889e-8bcfa47c6a0d: FileTransferPath.GetDirectoryName: Path.GetDirectoryName={0}
[2016-08-04 09:52:39.244]	[   53]	Client connected from 127.0.0.1:34735
[2016-08-04 09:52:39.244]	[   28]	Client disconnected.
[2016-08-04 09:52:39.287]	[   35]	AuthAttempt by user ftpUser2
[2016-08-04 09:52:39.287]	[   35]	Access granted to user ftpUser2
[2016-08-04 09:52:39.302]	[   35]	=============================================================
[2016-08-04 09:52:39.302]	[   35]	FTPFileSystemOperations.DirectoryExists ENTER (2)
[2016-08-04 09:52:39.302]	[   35]	                       [in][path]=F:\ETWork\Main\TestResults\bacemi_ICSWS068 2016-08-04 09_52_08\Out\FTPRoot\TestSession_7aff9cd3-0529-441c-889e-8bcfa47c6a0d
[2016-08-04 09:52:39.302]	[   35]	FTPFileSystemOperations.DirectoryExists EXIT
[2016-08-04 09:52:39.302]	[   35]	=============================================================
[2016-08-04 09:52:39.311]	[   35]	=============================================================
[2016-08-04 09:52:39.311]	[   35]	FTPFileSystemOperations.DirectoryExists ENTER (3)
[2016-08-04 09:52:39.311]	[   35]	                       [in][path]=F:\ETWork\Main\TestResults\bacemi_ICSWS068 2016-08-04 09_52_08\Out\FTPRoot\TestSession_7aff9cd3-0529-441c-889e-8bcfa47c6a0d
[2016-08-04 09:52:39.311]	[   35]	FTPFileSystemOperations.DirectoryExists EXIT
[2016-08-04 09:52:39.311]	[   35]	=============================================================
[2016-08-04 09:52:39.311]	[   35]	=============================================================
[2016-08-04 09:52:39.311]	[   35]	FTPFileSystemOperations.DirectoryExists ENTER (4)
[2016-08-04 09:52:39.311]	[   35]	                       [in][path]=F:\ETWork\Main\TestResults\bacemi_ICSWS068 2016-08-04 09_52_08\Out\FTPRoot\TestSession_7aff9cd3-0529-441c-889e-8bcfa47c6a0d
[2016-08-04 09:52:39.311]	[   35]	FTPFileSystemOperations.DirectoryExists EXIT
[2016-08-04 09:52:39.311]	[   35]	=============================================================
[2016-08-04 09:52:39.311]	[   35]	=============================================================
[2016-08-04 09:52:39.311]	[   35]	FTPFileSystemOperations.GetDirectoryEntries ENTER (1)
[2016-08-04 09:52:39.311]	[   35]	                       [in][path]=F:\ETWork\Main\TestResults\bacemi_ICSWS068 2016-08-04 09_52_08\Out\FTPRoot\TestSession_7aff9cd3-0529-441c-889e-8bcfa47c6a0d
[2016-08-04 09:52:39.311]	[   35]	                       [in][subPath]=
[2016-08-04 09:52:39.311]	[   35]	                       [in][regexValue]=
[2016-08-04 09:52:39.311]	[   35]	                       [in][maskList]=SBStringList.TElStringList
[2016-08-04 09:52:39.311]	[   35]	                       [in][recursive]=False
[2016-08-04 09:52:39.311]	[   35]	                       [in][list]=System.Collections.ArrayList
[2016-08-04 09:52:39.311]	[   35]	FTPFileSystemOperations.GetDirectoryEntries EXIT
[2016-08-04 09:52:39.311]	[   35]	=============================================================
[2016-08-04 09:52:39.356]	[   35]	=============================================================
[2016-08-04 09:52:39.356]	[   35]	FTPFileSystemOperations.DirectoryExists ENTER (5)
[2016-08-04 09:52:39.356]	[   35]	                       [in][path]=F:\ETWork\Main\TestResults\bacemi_ICSWS068 2016-08-04 09_52_08\Out\FTPRoot
[2016-08-04 09:52:39.356]	[   35]	FTPFileSystemOperations.DirectoryExists EXIT
[2016-08-04 09:52:39.356]	[   35]	=============================================================
[2016-08-04 09:52:39.363]	[   35]	=============================================================
[2016-08-04 09:52:39.363]	[   35]	FTPFileSystemOperations.FileGetSize ENTER (1)
[2016-08-04 09:52:39.363]	[   35]	                       [in][path]=F:\ETWork\Main\TestResults\bacemi_ICSWS068 2016-08-04 09_52_08\Out\FTPRoot\TestSession_7aff9cd3-0529-441c-889e-8bcfa47c6a0d\appendFile.txt
[2016-08-04 09:52:39.363]	[   35]	EXCEPTION  System.IO.FileNotFoundException: Could not find file 'F:\ETWork\Main\TestResults\bacemi_ICSWS068 2016-08-04 09_52_08\Out\FTPRoot\TestSession_7aff9cd3-0529-441c-889e-8bcfa47c6a0d\appendFile.txt'.
File name: 'F:\ETWork\Main\TestResults\bacemi_ICSWS068 2016-08-04 09_52_08\Out\FTPRoot\TestSession_7aff9cd3-0529-441c-889e-8bcfa47c6a0d\appendFile.txt'
   at System.IO.__Error.WinIOError(Int32 errorCode, String maybeFullPath)
   at System.IO.FileInfo.get_Length()
   at Testing.IntgTests.Servers.FTPServer.FTPFileSystemOperations.FileGetSize(String path) in F:\ETWork\Main\Testing\Assemblies\Testing.IntgTests.Servers\FTPServer\FTPFileSystemOperations.cs:line 597
   at DynamicModule.ns.Wrapped_IFTPFileOperations_b98f8b1f9b4a43008ee35aeda0b5b177.&lt;FileGetSize_DelegateImplementation&gt;__15(IMethodInvocation inputs, GetNextInterceptionBehaviorDelegate getNext)
[2016-08-04 09:52:39.363]	[   35]	FTPFileSystemOperations.FileGetSize EXIT
[2016-08-04 09:52:39.363]	[   35]	=============================================================
[2016-08-04 09:52:39.369]	[   35]	=============================================================
[2016-08-04 09:52:39.369]	[   35]	FTPFileSystemOperations.DirectoryExists ENTER (6)
[2016-08-04 09:52:39.369]	[   35]	                       [in][path]=F:\ETWork\Main\TestResults\bacemi_ICSWS068 2016-08-04 09_52_08\Out\FTPRoot\TestSession_7aff9cd3-0529-441c-889e-8bcfa47c6a0d
[2016-08-04 09:52:39.369]	[   35]	FTPFileSystemOperations.DirectoryExists EXIT
[2016-08-04 09:52:39.369]	[   35]	=============================================================
[2016-08-04 09:52:39.372]	[   35]	=============================================================
[2016-08-04 09:52:39.372]	[   35]	FTPFileSystemOperations.DirectoryExists ENTER (7)
[2016-08-04 09:52:39.372]	[   35]	                       [in][path]=F:\ETWork\Main\TestResults\bacemi_ICSWS068 2016-08-04 09_52_08\Out\FTPRoot
[2016-08-04 09:52:39.372]	[   35]	FTPFileSystemOperations.DirectoryExists EXIT
[2016-08-04 09:52:39.372]	[   35]	=============================================================
[2016-08-04 09:52:39.381]	[   35]	=============================================================
[2016-08-04 09:52:39.381]	[   35]	FTPFileSystemOperations.FileExists ENTER (1)
[2016-08-04 09:52:39.381]	[   35]	                       [in][path]=F:\ETWork\Main\TestResults\bacemi_ICSWS068 2016-08-04 09_52_08\Out\FTPRoot\TestSession_7aff9cd3-0529-441c-889e-8bcfa47c6a0d\appendFile.txt
[2016-08-04 09:52:39.381]	[   35]	FTPFileSystemOperations.FileExists EXIT
[2016-08-04 09:52:39.381]	[   35]	=============================================================
[2016-08-04 09:52:39.381]	[   35]	=============================================================
[2016-08-04 09:52:39.381]	[   35]	FTPFileSystemOperations.OpenFile ENTER (1)
[2016-08-04 09:52:39.381]	[   35]	                       [in][path]=F:\ETWork\Main\TestResults\bacemi_ICSWS068 2016-08-04 09_52_08\Out\FTPRoot\TestSession_7aff9cd3-0529-441c-889e-8bcfa47c6a0d\appendFile.txt
[2016-08-04 09:52:39.381]	[   35]	                       [in][openMode]=4
[2016-08-04 09:52:39.381]	[   35]	                       [in][shareMode]=ssmExclusive
[2016-08-04 09:52:39.381]	[   35]	                       [in][fileHandle]=
[2016-08-04 09:52:39.381]	[   35]	                       [out][fileHandle]=
[2016-08-04 09:52:39.381]	[   35]	FTPFileSystemOperations.OpenFile EXIT
[2016-08-04 09:52:39.381]	[   35]	=============================================================
[2016-08-04 09:52:39.381]	[   35]	=============================================================
[2016-08-04 09:52:39.381]	[   35]	FTPFileSystemOperations.FileGetSize ENTER (2)
[2016-08-04 09:52:39.381]	[   35]	                       [in][fileHandle]=System.IO.FileStream
[2016-08-04 09:52:39.381]	[   35]	FTPFileSystemOperations.FileGetSize EXIT
[2016-08-04 09:52:39.381]	[   35]	=============================================================
[2016-08-04 09:52:39.381]	[   35]	=============================================================
[2016-08-04 09:52:39.381]	[   35]	FTPFileSystemOperations.FileSeek ENTER (1)
[2016-08-04 09:52:39.381]	[   35]	                       [in][fileHandle]=System.IO.FileStream
[2016-08-04 09:52:39.381]	[   35]	                       [in][position]=0
[2016-08-04 09:52:39.381]	[   35]	                       [in][origin]=sfsoEnd
[2016-08-04 09:52:39.381]	[   35]	FTPFileSystemOperations.FileSeek EXIT
[2016-08-04 09:52:39.381]	[   35]	=============================================================
[2016-08-04 09:52:39.381]	[   35]	=============================================================
[2016-08-04 09:52:39.381]	[   35]	FTPFileSystemOperations.FileSeek ENTER (2)
[2016-08-04 09:52:39.382]	[   35]	                       [in][fileHandle]=System.IO.FileStream
[2016-08-04 09:52:39.382]	[   35]	                       [in][position]=0
[2016-08-04 09:52:39.382]	[   35]	                       [in][origin]=sfsoEnd
[2016-08-04 09:52:39.382]	[   35]	FTPFileSystemOperations.FileSeek EXIT
[2016-08-04 09:52:39.382]	[   35]	=============================================================
[2016-08-04 09:52:39.422]	[   35]	=============================================================
[2016-08-04 09:52:39.422]	[   35]	FTPFileSystemOperations.FileWrite ENTER (1)
[2016-08-04 09:52:39.422]	[   35]	                       [in][fileHandle]=System.IO.FileStream
[2016-08-04 09:52:39.422]	[   35]	                       [in][buffer]=System.Byte[]
[2016-08-04 09:52:39.422]	[   35]	                       [in][index]=0
[2016-08-04 09:52:39.422]	[   35]	                       [in][size]=6
[2016-08-04 09:52:39.422]	[   35]	FTPFileSystemOperations.FileWrite EXIT
[2016-08-04 09:52:39.422]	[   35]	=============================================================
[2016-08-04 09:52:39.424]	[   35]	=============================================================
[2016-08-04 09:52:39.424]	[   35]	FTPFileSystemOperations.CloseFile ENTER (1)
[2016-08-04 09:52:39.424]	[   35]	                       [in][fileHandle]=System.IO.FileStream
[2016-08-04 09:52:39.424]	[   35]	FTPFileSystemOperations.CloseFile EXIT
[2016-08-04 09:52:39.424]	[   35]	=============================================================
FileTransferPath.GetDirectoryName: path=/TestSession_7aff9cd3-0529-441c-889e-8bcfa47c6a0d/appendFile.txt directorySeparator=
\TestSession_7aff9cd3-0529-441c-889e-8bcfa47c6a0d: FileTransferPath.GetDirectoryName: Path.GetDirectoryName={0}
[2016-08-04 09:52:39.435]	[   35]	=============================================================
[2016-08-04 09:52:39.435]	[   35]	FTPFileSystemOperations.DirectoryExists ENTER (8)
[2016-08-04 09:52:39.435]	[   35]	                       [in][path]=F:\ETWork\Main\TestResults\bacemi_ICSWS068 2016-08-04 09_52_08\Out\FTPRoot\TestSession_7aff9cd3-0529-441c-889e-8bcfa47c6a0d
[2016-08-04 09:52:39.435]	[   35]	FTPFileSystemOperations.DirectoryExists EXIT
[2016-08-04 09:52:39.435]	[   35]	=============================================================
[2016-08-04 09:52:39.444]	[   35]	=============================================================
[2016-08-04 09:52:39.444]	[   35]	FTPFileSystemOperations.DirectoryExists ENTER (9)
[2016-08-04 09:52:39.444]	[   35]	                       [in][path]=F:\ETWork\Main\TestResults\bacemi_ICSWS068 2016-08-04 09_52_08\Out\FTPRoot\TestSession_7aff9cd3-0529-441c-889e-8bcfa47c6a0d
[2016-08-04 09:52:39.444]	[   35]	FTPFileSystemOperations.DirectoryExists EXIT
[2016-08-04 09:52:39.444]	[   35]	=============================================================
[2016-08-04 09:52:39.444]	[   35]	=============================================================
[2016-08-04 09:52:39.444]	[   35]	FTPFileSystemOperations.DirectoryExists ENTER (10)
[2016-08-04 09:52:39.444]	[   35]	                       [in][path]=F:\ETWork\Main\TestResults\bacemi_ICSWS068 2016-08-04 09_52_08\Out\FTPRoot\TestSession_7aff9cd3-0529-441c-889e-8bcfa47c6a0d
[2016-08-04 09:52:39.444]	[   35]	FTPFileSystemOperations.DirectoryExists EXIT
[2016-08-04 09:52:39.444]	[   35]	=============================================================
[2016-08-04 09:52:39.444]	[   35]	=============================================================
[2016-08-04 09:52:39.444]	[   35]	FTPFileSystemOperations.GetDirectoryEntries ENTER (2)
[2016-08-04 09:52:39.445]	[   35]	                       [in][path]=F:\ETWork\Main\TestResults\bacemi_ICSWS068 2016-08-04 09_52_08\Out\FTPRoot\TestSession_7aff9cd3-0529-441c-889e-8bcfa47c6a0d
[2016-08-04 09:52:39.445]	[   35]	                       [in][subPath]=
[2016-08-04 09:52:39.445]	[   35]	                       [in][regexValue]=
[2016-08-04 09:52:39.445]	[   35]	                       [in][maskList]=SBStringList.TElStringList
[2016-08-04 09:52:39.445]	[   35]	                       [in][recursive]=False
[2016-08-04 09:52:39.445]	[   35]	                       [in][list]=System.Collections.ArrayList
[2016-08-04 09:52:39.445]	[   35]	FTPFileSystemOperations.GetDirectoryEntries EXIT
[2016-08-04 09:52:39.445]	[   35]	=============================================================
[2016-08-04 09:52:39.488]	[   35]	=============================================================
[2016-08-04 09:52:39.488]	[   35]	FTPFileSystemOperations.DirectoryExists ENTER (11)
[2016-08-04 09:52:39.488]	[   35]	                       [in][path]=F:\ETWork\Main\TestResults\bacemi_ICSWS068 2016-08-04 09_52_08\Out\FTPRoot
[2016-08-04 09:52:39.488]	[   35]	FTPFileSystemOperations.DirectoryExists EXIT
[2016-08-04 09:52:39.488]	[   35]	=============================================================
[2016-08-04 09:52:39.494]	[   35]	=============================================================
[2016-08-04 09:52:39.494]	[   35]	FTPFileSystemOperations.FileGetSize ENTER (3)
[2016-08-04 09:52:39.494]	[   35]	                       [in][path]=F:\ETWork\Main\TestResults\bacemi_ICSWS068 2016-08-04 09_52_08\Out\FTPRoot\TestSession_7aff9cd3-0529-441c-889e-8bcfa47c6a0d\appendFile.txt
[2016-08-04 09:52:39.494]	[   35]	FTPFileSystemOperations.FileGetSize EXIT
[2016-08-04 09:52:39.494]	[   35]	=============================================================
[2016-08-04 09:52:39.499]	[   35]	=============================================================
[2016-08-04 09:52:39.499]	[   35]	FTPFileSystemOperations.DirectoryExists ENTER (12)
[2016-08-04 09:52:39.499]	[   35]	                       [in][path]=F:\ETWork\Main\TestResults\bacemi_ICSWS068 2016-08-04 09_52_08\Out\FTPRoot\TestSession_7aff9cd3-0529-441c-889e-8bcfa47c6a0d
[2016-08-04 09:52:39.499]	[   35]	FTPFileSystemOperations.DirectoryExists EXIT
[2016-08-04 09:52:39.499]	[   35]	=============================================================
[2016-08-04 09:52:39.502]	[   35]	=============================================================
[2016-08-04 09:52:39.502]	[   35]	FTPFileSystemOperations.DirectoryExists ENTER (13)
[2016-08-04 09:52:39.502]	[   35]	                       [in][path]=F:\ETWork\Main\TestResults\bacemi_ICSWS068 2016-08-04 09_52_08\Out\FTPRoot
[2016-08-04 09:52:39.502]	[   35]	FTPFileSystemOperations.DirectoryExists EXIT
[2016-08-04 09:52:39.502]	[   35]	=============================================================
[2016-08-04 09:52:39.511]	[   35]	=============================================================
[2016-08-04 09:52:39.511]	[   35]	FTPFileSystemOperations.FileExists ENTER (2)
[2016-08-04 09:52:39.511]	[   35]	                       [in][path]=F:\ETWork\Main\TestResults\bacemi_ICSWS068 2016-08-04 09_52_08\Out\FTPRoot\TestSession_7aff9cd3-0529-441c-889e-8bcfa47c6a0d\appendFile.txt
[2016-08-04 09:52:39.511]	[   35]	FTPFileSystemOperations.FileExists EXIT
[2016-08-04 09:52:39.511]	[   35]	=============================================================
[2016-08-04 09:52:39.511]	[   35]	=============================================================
[2016-08-04 09:52:39.511]	[   35]	FTPFileSystemOperations.FileExists ENTER (3)
[2016-08-04 09:52:39.511]	[   35]	                       [in][path]=F:\ETWork\Main\TestResults\bacemi_ICSWS068 2016-08-04 09_52_08\Out\FTPRoot\TestSession_7aff9cd3-0529-441c-889e-8bcfa47c6a0d\appendFile.txt
[2016-08-04 09:52:39.511]	[   35]	FTPFileSystemOperations.FileExists EXIT
[2016-08-04 09:52:39.511]	[   35]	=============================================================
[2016-08-04 09:52:39.511]	[   35]	=============================================================
[2016-08-04 09:52:39.511]	[   35]	FTPFileSystemOperations.OpenFile ENTER (2)
[2016-08-04 09:52:39.511]	[   35]	                       [in][path]=F:\ETWork\Main\TestResults\bacemi_ICSWS068 2016-08-04 09_52_08\Out\FTPRoot\TestSession_7aff9cd3-0529-441c-889e-8bcfa47c6a0d\appendFile.txt
[2016-08-04 09:52:39.511]	[   35]	                       [in][openMode]=2
[2016-08-04 09:52:39.511]	[   35]	                       [in][shareMode]=ssmExclusive
[2016-08-04 09:52:39.511]	[   35]	                       [in][fileHandle]=
[2016-08-04 09:52:39.511]	[   35]	                       [out][fileHandle]=
[2016-08-04 09:52:39.511]	[   35]	FTPFileSystemOperations.OpenFile EXIT
[2016-08-04 09:52:39.511]	[   35]	=============================================================
[2016-08-04 09:52:39.511]	[   35]	=============================================================
[2016-08-04 09:52:39.511]	[   35]	FTPFileSystemOperations.FileGetSize ENTER (4)
[2016-08-04 09:52:39.512]	[   35]	                       [in][fileHandle]=System.IO.FileStream
[2016-08-04 09:52:39.512]	[   35]	FTPFileSystemOperations.FileGetSize EXIT
[2016-08-04 09:52:39.512]	[   35]	=============================================================
[2016-08-04 09:52:39.512]	[   35]	=============================================================
[2016-08-04 09:52:39.512]	[   35]	FTPFileSystemOperations.FileSeek ENTER (3)
[2016-08-04 09:52:39.512]	[   35]	                       [in][fileHandle]=System.IO.FileStream
[2016-08-04 09:52:39.512]	[   35]	                       [in][position]=0
[2016-08-04 09:52:39.512]	[   35]	                       [in][origin]=sfsoBegin
[2016-08-04 09:52:39.512]	[   35]	FTPFileSystemOperations.FileSeek EXIT
[2016-08-04 09:52:39.512]	[   35]	=============================================================
[2016-08-04 09:52:39.512]	[   35]	=============================================================
[2016-08-04 09:52:39.512]	[   35]	FTPFileSystemOperations.FileSeek ENTER (4)
[2016-08-04 09:52:39.512]	[   35]	                       [in][fileHandle]=System.IO.FileStream
[2016-08-04 09:52:39.512]	[   35]	                       [in][position]=0
[2016-08-04 09:52:39.512]	[   35]	                       [in][origin]=sfsoEnd
[2016-08-04 09:52:39.512]	[   35]	FTPFileSystemOperations.FileSeek EXIT
[2016-08-04 09:52:39.512]	[   35]	=============================================================
[2016-08-04 09:52:39.551]	[   35]	=============================================================
[2016-08-04 09:52:39.551]	[   35]	FTPFileSystemOperations.FileWrite ENTER (2)
[2016-08-04 09:52:39.551]	[   35]	                       [in][fileHandle]=System.IO.FileStream
[2016-08-04 09:52:39.551]	[   35]	                       [in][buffer]=System.Byte[]
[2016-08-04 09:52:39.551]	[   35]	                       [in][index]=0
[2016-08-04 09:52:39.551]	[   35]	                       [in][size]=6
[2016-08-04 09:52:39.551]	[   35]	FTPFileSystemOperations.FileWrite EXIT
[2016-08-04 09:52:39.551]	[   35]	=============================================================
[2016-08-04 09:52:39.552]	[   35]	=============================================================
[2016-08-04 09:52:39.552]	[   35]	FTPFileSystemOperations.CloseFile ENTER (2)
[2016-08-04 09:52:39.552]	[   35]	                       [in][fileHandle]=System.IO.FileStream
[2016-08-04 09:52:39.555]	[   35]	FTPFileSystemOperations.CloseFile EXIT
[2016-08-04 09:52:39.555]	[   35]	=============================================================
[2016-08-04 09:52:39.557]	[   53]	Client connected from 127.0.0.1:34744
[2016-08-04 09:52:39.600]	[   41]	AuthAttempt by user ftpUser2
[2016-08-04 09:52:39.600]	[   41]	Access granted to user ftpUser2
[2016-08-04 09:52:39.613]	[   41]	=============================================================
[2016-08-04 09:52:39.613]	[   41]	FTPFileSystemOperations.FileGetSize ENTER (5)
[2016-08-04 09:52:39.613]	[   41]	                       [in][path]=F:\ETWork\Main\TestResults\bacemi_ICSWS068 2016-08-04 09_52_08\Out\FTPRoot\TestSession_7aff9cd3-0529-441c-889e-8bcfa47c6a0d\appendFile.txt
[2016-08-04 09:52:39.613]	[   41]	FTPFileSystemOperations.FileGetSize EXIT
[2016-08-04 09:52:39.613]	[   41]	=============================================================
[2016-08-04 09:52:39.614]	[   41]	Client disconnected.
[2016-08-04 09:52:39.614]	[   35]	Client disconnected.</StdOut>
      </Output>
    </UnitTestResult>
    <UnitTestResult executionId="c3443fc3-edc6-4385-a924-5dbbcb4f0cf8" testId="ec31a776-96b3-da62-0956-1ff9f4612cba" testName="WriteFromFile_StoreModeIsOverwrite_FileIsOverwritten" computerName="ICSWS068" duration="00:00:00.5078273" startTime="2016-08-04T09:52:39.6275352+02:00" endTime="2016-08-04T09:52:40.1368409+02:00" testType="13cdc9d9-ddb5-4fa4-a97d-d965ccfc6d4b" outcome="Passed" testListId="8c84fa94-04c1-424b-9868-57a2d4851a1d" relativeResultsDirectory="c3443fc3-edc6-4385-a924-5dbbcb4f0cf8">
      <Output>
        <StdOut>Debug Trace:
[2016-08-04 09:52:39.638]	[   52]	FTP server started 

==============================Server settings==============================
Listening Address: 127.0.0.1
Listening Port: 30021
AllowAnonymous: True
==============================Server settings==============================

[2016-08-04 09:52:39.646]	[   50]	Client connected from 127.0.0.1:34745
[2016-08-04 09:52:39.688]	[   30]	AuthAttempt by user ftpUser2
[2016-08-04 09:52:39.688]	[   30]	Access granted to user ftpUser2
[2016-08-04 09:52:39.703]	[   30]	=============================================================
[2016-08-04 09:52:39.703]	[   30]	FTPFileSystemOperations.DirectoryMake ENTER (1)
[2016-08-04 09:52:39.703]	[   30]	                       [in][path]=F:\ETWork\Main\TestResults\bacemi_ICSWS068 2016-08-04 09_52_08\Out\FTPRoot\TestSession_0527c575-6d77-4d5e-9975-2114eb7bcb20
[2016-08-04 09:52:39.703]	[   30]	FTPFileSystemOperations.DirectoryMake EXIT
[2016-08-04 09:52:39.703]	[   30]	=============================================================
[2016-08-04 09:52:39.706]	[   30]	Client disconnected.
[2016-08-04 09:52:39.710]	[   50]	Client connected from 127.0.0.1:34746
[2016-08-04 09:52:39.753]	[   25]	AuthAttempt by user ftpUser2
[2016-08-04 09:52:39.753]	[   25]	Access granted to user ftpUser2
[2016-08-04 09:52:39.765]	[   25]	=============================================================
[2016-08-04 09:52:39.765]	[   25]	FTPFileSystemOperations.DirectoryExists ENTER (1)
[2016-08-04 09:52:39.765]	[   25]	                       [in][path]=F:\ETWork\Main\TestResults\bacemi_ICSWS068 2016-08-04 09_52_08\Out\FTPRoot\TestSession_0527c575-6d77-4d5e-9975-2114eb7bcb20
[2016-08-04 09:52:39.765]	[   25]	FTPFileSystemOperations.DirectoryExists EXIT
[2016-08-04 09:52:39.765]	[   25]	=============================================================
FileTransferPath.GetDirectoryName: path=/TestSession_0527c575-6d77-4d5e-9975-2114eb7bcb20/overwriteFile.txt directorySeparator=
\TestSession_0527c575-6d77-4d5e-9975-2114eb7bcb20: FileTransferPath.GetDirectoryName: Path.GetDirectoryName={0}
[2016-08-04 09:52:39.767]	[   25]	Client disconnected.
[2016-08-04 09:52:39.768]	[   50]	Client connected from 127.0.0.1:34747
[2016-08-04 09:52:39.809]	[   27]	AuthAttempt by user ftpUser2
[2016-08-04 09:52:39.809]	[   27]	Access granted to user ftpUser2
[2016-08-04 09:52:39.824]	[   27]	=============================================================
[2016-08-04 09:52:39.824]	[   27]	FTPFileSystemOperations.DirectoryExists ENTER (2)
[2016-08-04 09:52:39.824]	[   27]	                       [in][path]=F:\ETWork\Main\TestResults\bacemi_ICSWS068 2016-08-04 09_52_08\Out\FTPRoot\TestSession_0527c575-6d77-4d5e-9975-2114eb7bcb20
[2016-08-04 09:52:39.824]	[   27]	FTPFileSystemOperations.DirectoryExists EXIT
[2016-08-04 09:52:39.824]	[   27]	=============================================================
[2016-08-04 09:52:39.832]	[   27]	=============================================================
[2016-08-04 09:52:39.832]	[   27]	FTPFileSystemOperations.DirectoryExists ENTER (3)
[2016-08-04 09:52:39.832]	[   27]	                       [in][path]=F:\ETWork\Main\TestResults\bacemi_ICSWS068 2016-08-04 09_52_08\Out\FTPRoot\TestSession_0527c575-6d77-4d5e-9975-2114eb7bcb20
[2016-08-04 09:52:39.832]	[   27]	FTPFileSystemOperations.DirectoryExists EXIT
[2016-08-04 09:52:39.832]	[   27]	=============================================================
[2016-08-04 09:52:39.833]	[   27]	=============================================================
[2016-08-04 09:52:39.833]	[   27]	FTPFileSystemOperations.DirectoryExists ENTER (4)
[2016-08-04 09:52:39.833]	[   27]	                       [in][path]=F:\ETWork\Main\TestResults\bacemi_ICSWS068 2016-08-04 09_52_08\Out\FTPRoot\TestSession_0527c575-6d77-4d5e-9975-2114eb7bcb20
[2016-08-04 09:52:39.833]	[   27]	FTPFileSystemOperations.DirectoryExists EXIT
[2016-08-04 09:52:39.833]	[   27]	=============================================================
[2016-08-04 09:52:39.833]	[   27]	=============================================================
[2016-08-04 09:52:39.833]	[   27]	FTPFileSystemOperations.GetDirectoryEntries ENTER (1)
[2016-08-04 09:52:39.833]	[   27]	                       [in][path]=F:\ETWork\Main\TestResults\bacemi_ICSWS068 2016-08-04 09_52_08\Out\FTPRoot\TestSession_0527c575-6d77-4d5e-9975-2114eb7bcb20
[2016-08-04 09:52:39.833]	[   27]	                       [in][subPath]=
[2016-08-04 09:52:39.833]	[   27]	                       [in][regexValue]=
[2016-08-04 09:52:39.833]	[   27]	                       [in][maskList]=SBStringList.TElStringList
[2016-08-04 09:52:39.833]	[   27]	                       [in][recursive]=False
[2016-08-04 09:52:39.833]	[   27]	                       [in][list]=System.Collections.ArrayList
[2016-08-04 09:52:39.833]	[   27]	FTPFileSystemOperations.GetDirectoryEntries EXIT
[2016-08-04 09:52:39.833]	[   27]	=============================================================
[2016-08-04 09:52:39.876]	[   27]	=============================================================
[2016-08-04 09:52:39.876]	[   27]	FTPFileSystemOperations.DirectoryExists ENTER (5)
[2016-08-04 09:52:39.876]	[   27]	                       [in][path]=F:\ETWork\Main\TestResults\bacemi_ICSWS068 2016-08-04 09_52_08\Out\FTPRoot
[2016-08-04 09:52:39.876]	[   27]	FTPFileSystemOperations.DirectoryExists EXIT
[2016-08-04 09:52:39.876]	[   27]	=============================================================
[2016-08-04 09:52:39.886]	[   27]	=============================================================
[2016-08-04 09:52:39.886]	[   27]	FTPFileSystemOperations.DirectoryExists ENTER (6)
[2016-08-04 09:52:39.886]	[   27]	                       [in][path]=F:\ETWork\Main\TestResults\bacemi_ICSWS068 2016-08-04 09_52_08\Out\FTPRoot\TestSession_0527c575-6d77-4d5e-9975-2114eb7bcb20
[2016-08-04 09:52:39.886]	[   27]	FTPFileSystemOperations.DirectoryExists EXIT
[2016-08-04 09:52:39.886]	[   27]	=============================================================
[2016-08-04 09:52:39.888]	[   27]	=============================================================
[2016-08-04 09:52:39.888]	[   27]	FTPFileSystemOperations.DirectoryExists ENTER (7)
[2016-08-04 09:52:39.888]	[   27]	                       [in][path]=F:\ETWork\Main\TestResults\bacemi_ICSWS068 2016-08-04 09_52_08\Out\FTPRoot
[2016-08-04 09:52:39.888]	[   27]	FTPFileSystemOperations.DirectoryExists EXIT
[2016-08-04 09:52:39.888]	[   27]	=============================================================
[2016-08-04 09:52:39.898]	[   27]	=============================================================
[2016-08-04 09:52:39.898]	[   27]	FTPFileSystemOperations.FileExists ENTER (1)
[2016-08-04 09:52:39.898]	[   27]	                       [in][path]=F:\ETWork\Main\TestResults\bacemi_ICSWS068 2016-08-04 09_52_08\Out\FTPRoot\TestSession_0527c575-6d77-4d5e-9975-2114eb7bcb20\overwriteFile.txt
[2016-08-04 09:52:39.898]	[   27]	FTPFileSystemOperations.FileExists EXIT
[2016-08-04 09:52:39.898]	[   27]	=============================================================
[2016-08-04 09:52:39.898]	[   27]	=============================================================
[2016-08-04 09:52:39.898]	[   27]	FTPFileSystemOperations.OpenFile ENTER (1)
[2016-08-04 09:52:39.898]	[   27]	                       [in][path]=F:\ETWork\Main\TestResults\bacemi_ICSWS068 2016-08-04 09_52_08\Out\FTPRoot\TestSession_0527c575-6d77-4d5e-9975-2114eb7bcb20\overwriteFile.txt
[2016-08-04 09:52:39.898]	[   27]	                       [in][openMode]=4
[2016-08-04 09:52:39.898]	[   27]	                       [in][shareMode]=ssmExclusive
[2016-08-04 09:52:39.898]	[   27]	                       [in][fileHandle]=
[2016-08-04 09:52:39.899]	[   27]	                       [out][fileHandle]=
[2016-08-04 09:52:39.899]	[   27]	FTPFileSystemOperations.OpenFile EXIT
[2016-08-04 09:52:39.899]	[   27]	=============================================================
[2016-08-04 09:52:39.899]	[   27]	=============================================================
[2016-08-04 09:52:39.899]	[   27]	FTPFileSystemOperations.FileGetSize ENTER (1)
[2016-08-04 09:52:39.899]	[   27]	                       [in][fileHandle]=System.IO.FileStream
[2016-08-04 09:52:39.899]	[   27]	FTPFileSystemOperations.FileGetSize EXIT
[2016-08-04 09:52:39.899]	[   27]	=============================================================
[2016-08-04 09:52:39.899]	[   27]	=============================================================
[2016-08-04 09:52:39.899]	[   27]	FTPFileSystemOperations.FileSeek ENTER (1)
[2016-08-04 09:52:39.899]	[   27]	                       [in][fileHandle]=System.IO.FileStream
[2016-08-04 09:52:39.899]	[   27]	                       [in][position]=0
[2016-08-04 09:52:39.899]	[   27]	                       [in][origin]=sfsoEnd
[2016-08-04 09:52:39.899]	[   27]	FTPFileSystemOperations.FileSeek EXIT
[2016-08-04 09:52:39.899]	[   27]	=============================================================
[2016-08-04 09:52:39.938]	[   27]	=============================================================
[2016-08-04 09:52:39.938]	[   27]	FTPFileSystemOperations.FileWrite ENTER (1)
[2016-08-04 09:52:39.938]	[   27]	                       [in][fileHandle]=System.IO.FileStream
[2016-08-04 09:52:39.938]	[   27]	                       [in][buffer]=System.Byte[]
[2016-08-04 09:52:39.938]	[   27]	                       [in][index]=0
[2016-08-04 09:52:39.938]	[   27]	                       [in][size]=6
[2016-08-04 09:52:39.938]	[   27]	FTPFileSystemOperations.FileWrite EXIT
[2016-08-04 09:52:39.938]	[   27]	=============================================================
[2016-08-04 09:52:39.940]	[   27]	=============================================================
[2016-08-04 09:52:39.940]	[   27]	FTPFileSystemOperations.CloseFile ENTER (1)
[2016-08-04 09:52:39.940]	[   27]	                       [in][fileHandle]=System.IO.FileStream
[2016-08-04 09:52:39.940]	[   27]	FTPFileSystemOperations.CloseFile EXIT
[2016-08-04 09:52:39.941]	[   27]	=============================================================
FileTransferPath.GetDirectoryName: path=/TestSession_0527c575-6d77-4d5e-9975-2114eb7bcb20/overwriteFile.txt directorySeparator=
\TestSession_0527c575-6d77-4d5e-9975-2114eb7bcb20: FileTransferPath.GetDirectoryName: Path.GetDirectoryName={0}
[2016-08-04 09:52:39.951]	[   27]	=============================================================
[2016-08-04 09:52:39.951]	[   27]	FTPFileSystemOperations.DirectoryExists ENTER (8)
[2016-08-04 09:52:39.951]	[   27]	                       [in][path]=F:\ETWork\Main\TestResults\bacemi_ICSWS068 2016-08-04 09_52_08\Out\FTPRoot\TestSession_0527c575-6d77-4d5e-9975-2114eb7bcb20
[2016-08-04 09:52:39.951]	[   27]	FTPFileSystemOperations.DirectoryExists EXIT
[2016-08-04 09:52:39.951]	[   27]	=============================================================
[2016-08-04 09:52:39.961]	[   27]	=============================================================
[2016-08-04 09:52:39.961]	[   27]	FTPFileSystemOperations.DirectoryExists ENTER (9)
[2016-08-04 09:52:39.961]	[   27]	                       [in][path]=F:\ETWork\Main\TestResults\bacemi_ICSWS068 2016-08-04 09_52_08\Out\FTPRoot\TestSession_0527c575-6d77-4d5e-9975-2114eb7bcb20
[2016-08-04 09:52:39.961]	[   27]	FTPFileSystemOperations.DirectoryExists EXIT
[2016-08-04 09:52:39.961]	[   27]	=============================================================
[2016-08-04 09:52:39.961]	[   27]	=============================================================
[2016-08-04 09:52:39.961]	[   27]	FTPFileSystemOperations.DirectoryExists ENTER (10)
[2016-08-04 09:52:39.961]	[   27]	                       [in][path]=F:\ETWork\Main\TestResults\bacemi_ICSWS068 2016-08-04 09_52_08\Out\FTPRoot\TestSession_0527c575-6d77-4d5e-9975-2114eb7bcb20
[2016-08-04 09:52:39.961]	[   27]	FTPFileSystemOperations.DirectoryExists EXIT
[2016-08-04 09:52:39.961]	[   27]	=============================================================
[2016-08-04 09:52:39.961]	[   27]	=============================================================
[2016-08-04 09:52:39.961]	[   27]	FTPFileSystemOperations.GetDirectoryEntries ENTER (2)
[2016-08-04 09:52:39.961]	[   27]	                       [in][path]=F:\ETWork\Main\TestResults\bacemi_ICSWS068 2016-08-04 09_52_08\Out\FTPRoot\TestSession_0527c575-6d77-4d5e-9975-2114eb7bcb20
[2016-08-04 09:52:39.962]	[   27]	                       [in][subPath]=
[2016-08-04 09:52:39.962]	[   27]	                       [in][regexValue]=
[2016-08-04 09:52:39.962]	[   27]	                       [in][maskList]=SBStringList.TElStringList
[2016-08-04 09:52:39.962]	[   27]	                       [in][recursive]=False
[2016-08-04 09:52:39.962]	[   27]	                       [in][list]=System.Collections.ArrayList
[2016-08-04 09:52:39.962]	[   27]	FTPFileSystemOperations.GetDirectoryEntries EXIT
[2016-08-04 09:52:39.962]	[   27]	=============================================================
[2016-08-04 09:52:40.004]	[   27]	=============================================================
[2016-08-04 09:52:40.004]	[   27]	FTPFileSystemOperations.DirectoryExists ENTER (11)
[2016-08-04 09:52:40.004]	[   27]	                       [in][path]=F:\ETWork\Main\TestResults\bacemi_ICSWS068 2016-08-04 09_52_08\Out\FTPRoot
[2016-08-04 09:52:40.004]	[   27]	FTPFileSystemOperations.DirectoryExists EXIT
[2016-08-04 09:52:40.004]	[   27]	=============================================================
[2016-08-04 09:52:40.012]	[   27]	=============================================================
[2016-08-04 09:52:40.012]	[   27]	FTPFileSystemOperations.DirectoryExists ENTER (12)
[2016-08-04 09:52:40.012]	[   27]	                       [in][path]=F:\ETWork\Main\TestResults\bacemi_ICSWS068 2016-08-04 09_52_08\Out\FTPRoot\TestSession_0527c575-6d77-4d5e-9975-2114eb7bcb20
[2016-08-04 09:52:40.012]	[   27]	FTPFileSystemOperations.DirectoryExists EXIT
[2016-08-04 09:52:40.012]	[   27]	=============================================================
[2016-08-04 09:52:40.015]	[   27]	=============================================================
[2016-08-04 09:52:40.015]	[   27]	FTPFileSystemOperations.DirectoryExists ENTER (13)
[2016-08-04 09:52:40.015]	[   27]	                       [in][path]=F:\ETWork\Main\TestResults\bacemi_ICSWS068 2016-08-04 09_52_08\Out\FTPRoot
[2016-08-04 09:52:40.015]	[   27]	FTPFileSystemOperations.DirectoryExists EXIT
[2016-08-04 09:52:40.015]	[   27]	=============================================================
[2016-08-04 09:52:40.024]	[   27]	=============================================================
[2016-08-04 09:52:40.024]	[   27]	FTPFileSystemOperations.FileExists ENTER (2)
[2016-08-04 09:52:40.024]	[   27]	                       [in][path]=F:\ETWork\Main\TestResults\bacemi_ICSWS068 2016-08-04 09_52_08\Out\FTPRoot\TestSession_0527c575-6d77-4d5e-9975-2114eb7bcb20\overwriteFile.txt
[2016-08-04 09:52:40.024]	[   27]	FTPFileSystemOperations.FileExists EXIT
[2016-08-04 09:52:40.024]	[   27]	=============================================================
[2016-08-04 09:52:40.024]	[   27]	=============================================================
[2016-08-04 09:52:40.024]	[   27]	FTPFileSystemOperations.FileExists ENTER (3)
[2016-08-04 09:52:40.024]	[   27]	                       [in][path]=F:\ETWork\Main\TestResults\bacemi_ICSWS068 2016-08-04 09_52_08\Out\FTPRoot\TestSession_0527c575-6d77-4d5e-9975-2114eb7bcb20\overwriteFile.txt
[2016-08-04 09:52:40.024]	[   27]	FTPFileSystemOperations.FileExists EXIT
[2016-08-04 09:52:40.024]	[   27]	=============================================================
[2016-08-04 09:52:40.024]	[   27]	=============================================================
[2016-08-04 09:52:40.024]	[   27]	FTPFileSystemOperations.OpenFile ENTER (2)
[2016-08-04 09:52:40.024]	[   27]	                       [in][path]=F:\ETWork\Main\TestResults\bacemi_ICSWS068 2016-08-04 09_52_08\Out\FTPRoot\TestSession_0527c575-6d77-4d5e-9975-2114eb7bcb20\overwriteFile.txt
[2016-08-04 09:52:40.024]	[   27]	                       [in][openMode]=18
[2016-08-04 09:52:40.024]	[   27]	                       [in][shareMode]=ssmExclusive
[2016-08-04 09:52:40.024]	[   27]	                       [in][fileHandle]=
[2016-08-04 09:52:40.024]	[   27]	                       [out][fileHandle]=
[2016-08-04 09:52:40.024]	[   27]	FTPFileSystemOperations.OpenFile EXIT
[2016-08-04 09:52:40.025]	[   27]	=============================================================
[2016-08-04 09:52:40.025]	[   27]	=============================================================
[2016-08-04 09:52:40.025]	[   27]	FTPFileSystemOperations.FileGetSize ENTER (2)
[2016-08-04 09:52:40.025]	[   27]	                       [in][fileHandle]=System.IO.FileStream
[2016-08-04 09:52:40.025]	[   27]	FTPFileSystemOperations.FileGetSize EXIT
[2016-08-04 09:52:40.025]	[   27]	=============================================================
[2016-08-04 09:52:40.025]	[   27]	=============================================================
[2016-08-04 09:52:40.025]	[   27]	FTPFileSystemOperations.FileSeek ENTER (2)
[2016-08-04 09:52:40.025]	[   27]	                       [in][fileHandle]=System.IO.FileStream
[2016-08-04 09:52:40.025]	[   27]	                       [in][position]=0
[2016-08-04 09:52:40.025]	[   27]	                       [in][origin]=sfsoEnd
[2016-08-04 09:52:40.025]	[   27]	FTPFileSystemOperations.FileSeek EXIT
[2016-08-04 09:52:40.025]	[   27]	=============================================================
[2016-08-04 09:52:40.065]	[   27]	=============================================================
[2016-08-04 09:52:40.065]	[   27]	FTPFileSystemOperations.FileWrite ENTER (2)
[2016-08-04 09:52:40.065]	[   27]	                       [in][fileHandle]=System.IO.FileStream
[2016-08-04 09:52:40.065]	[   27]	                       [in][buffer]=System.Byte[]
[2016-08-04 09:52:40.065]	[   27]	                       [in][index]=0
[2016-08-04 09:52:40.065]	[   27]	                       [in][size]=6
[2016-08-04 09:52:40.065]	[   27]	FTPFileSystemOperations.FileWrite EXIT
[2016-08-04 09:52:40.065]	[   27]	=============================================================
[2016-08-04 09:52:40.066]	[   27]	=============================================================
[2016-08-04 09:52:40.066]	[   27]	FTPFileSystemOperations.CloseFile ENTER (2)
[2016-08-04 09:52:40.066]	[   27]	                       [in][fileHandle]=System.IO.FileStream
[2016-08-04 09:52:40.067]	[   27]	FTPFileSystemOperations.CloseFile EXIT
[2016-08-04 09:52:40.067]	[   27]	=============================================================
[2016-08-04 09:52:40.070]	[   50]	Client connected from 127.0.0.1:34756
[2016-08-04 09:52:40.114]	[   25]	AuthAttempt by user ftpUser2
[2016-08-04 09:52:40.114]	[   25]	Access granted to user ftpUser2
[2016-08-04 09:52:40.126]	[   25]	=============================================================
[2016-08-04 09:52:40.126]	[   25]	FTPFileSystemOperations.FileGetSize ENTER (3)
[2016-08-04 09:52:40.126]	[   25]	                       [in][path]=F:\ETWork\Main\TestResults\bacemi_ICSWS068 2016-08-04 09_52_08\Out\FTPRoot\TestSession_0527c575-6d77-4d5e-9975-2114eb7bcb20\overwriteFile.txt
[2016-08-04 09:52:40.126]	[   25]	FTPFileSystemOperations.FileGetSize EXIT
[2016-08-04 09:52:40.126]	[   25]	=============================================================
[2016-08-04 09:52:40.126]	[   27]	Client disconnected.
[2016-08-04 09:52:40.127]	[   25]	Client disconnected.</StdOut>
      </Output>
    </UnitTestResult>
    <UnitTestResult executionId="5c125c3b-c567-4a26-99ca-2826877eb046" testId="01182f8c-9a6d-66d1-3e5a-cc7683b182ea" testName="WriteFromFile_StoreModeIsSkip_OnlyWrittenToOnce" computerName="ICSWS068" duration="00:00:00.4481742" startTime="2016-08-04T09:52:40.1398429+02:00" endTime="2016-08-04T09:52:40.5894769+02:00" testType="13cdc9d9-ddb5-4fa4-a97d-d965ccfc6d4b" outcome="Passed" testListId="8c84fa94-04c1-424b-9868-57a2d4851a1d" relativeResultsDirectory="5c125c3b-c567-4a26-99ca-2826877eb046">
      <Output>
        <StdOut>Debug Trace:
[2016-08-04 09:52:40.150]	[   41]	FTP server started 

==============================Server settings==============================
Listening Address: 127.0.0.1
Listening Port: 30021
AllowAnonymous: True
==============================Server settings==============================

[2016-08-04 09:52:40.158]	[   35]	Client connected from 127.0.0.1:34757
[2016-08-04 09:52:40.201]	[   46]	AuthAttempt by user ftpUser2
[2016-08-04 09:52:40.201]	[   46]	Access granted to user ftpUser2
[2016-08-04 09:52:40.213]	[   46]	=============================================================
[2016-08-04 09:52:40.213]	[   46]	FTPFileSystemOperations.DirectoryMake ENTER (1)
[2016-08-04 09:52:40.213]	[   46]	                       [in][path]=F:\ETWork\Main\TestResults\bacemi_ICSWS068 2016-08-04 09_52_08\Out\FTPRoot\TestSession_0dbdceb8-32dc-4410-9553-3aed02c194e6
[2016-08-04 09:52:40.213]	[   46]	FTPFileSystemOperations.DirectoryMake EXIT
[2016-08-04 09:52:40.213]	[   46]	=============================================================
[2016-08-04 09:52:40.216]	[   46]	Client disconnected.
[2016-08-04 09:52:40.221]	[   35]	Client connected from 127.0.0.1:34758
[2016-08-04 09:52:40.262]	[   29]	AuthAttempt by user ftpUser2
[2016-08-04 09:52:40.262]	[   29]	Access granted to user ftpUser2
[2016-08-04 09:52:40.273]	[   29]	=============================================================
[2016-08-04 09:52:40.273]	[   29]	FTPFileSystemOperations.DirectoryExists ENTER (1)
[2016-08-04 09:52:40.273]	[   29]	                       [in][path]=F:\ETWork\Main\TestResults\bacemi_ICSWS068 2016-08-04 09_52_08\Out\FTPRoot\TestSession_0dbdceb8-32dc-4410-9553-3aed02c194e6
[2016-08-04 09:52:40.273]	[   29]	FTPFileSystemOperations.DirectoryExists EXIT
[2016-08-04 09:52:40.273]	[   29]	=============================================================
FileTransferPath.GetDirectoryName: path=/TestSession_0dbdceb8-32dc-4410-9553-3aed02c194e6/skipFile.txt directorySeparator=
\TestSession_0dbdceb8-32dc-4410-9553-3aed02c194e6: FileTransferPath.GetDirectoryName: Path.GetDirectoryName={0}
[2016-08-04 09:52:40.275]	[   29]	Client disconnected.
[2016-08-04 09:52:40.275]	[   35]	Client connected from 127.0.0.1:34759
[2016-08-04 09:52:40.318]	[   33]	AuthAttempt by user ftpUser2
[2016-08-04 09:52:40.318]	[   33]	Access granted to user ftpUser2
[2016-08-04 09:52:40.332]	[   33]	=============================================================
[2016-08-04 09:52:40.332]	[   33]	FTPFileSystemOperations.DirectoryExists ENTER (2)
[2016-08-04 09:52:40.332]	[   33]	                       [in][path]=F:\ETWork\Main\TestResults\bacemi_ICSWS068 2016-08-04 09_52_08\Out\FTPRoot\TestSession_0dbdceb8-32dc-4410-9553-3aed02c194e6
[2016-08-04 09:52:40.332]	[   33]	FTPFileSystemOperations.DirectoryExists EXIT
[2016-08-04 09:52:40.332]	[   33]	=============================================================
[2016-08-04 09:52:40.341]	[   33]	=============================================================
[2016-08-04 09:52:40.341]	[   33]	FTPFileSystemOperations.DirectoryExists ENTER (3)
[2016-08-04 09:52:40.341]	[   33]	                       [in][path]=F:\ETWork\Main\TestResults\bacemi_ICSWS068 2016-08-04 09_52_08\Out\FTPRoot\TestSession_0dbdceb8-32dc-4410-9553-3aed02c194e6
[2016-08-04 09:52:40.341]	[   33]	FTPFileSystemOperations.DirectoryExists EXIT
[2016-08-04 09:52:40.341]	[   33]	=============================================================
[2016-08-04 09:52:40.341]	[   33]	=============================================================
[2016-08-04 09:52:40.341]	[   33]	FTPFileSystemOperations.DirectoryExists ENTER (4)
[2016-08-04 09:52:40.341]	[   33]	                       [in][path]=F:\ETWork\Main\TestResults\bacemi_ICSWS068 2016-08-04 09_52_08\Out\FTPRoot\TestSession_0dbdceb8-32dc-4410-9553-3aed02c194e6
[2016-08-04 09:52:40.341]	[   33]	FTPFileSystemOperations.DirectoryExists EXIT
[2016-08-04 09:52:40.341]	[   33]	=============================================================
[2016-08-04 09:52:40.341]	[   33]	=============================================================
[2016-08-04 09:52:40.341]	[   33]	FTPFileSystemOperations.GetDirectoryEntries ENTER (1)
[2016-08-04 09:52:40.341]	[   33]	                       [in][path]=F:\ETWork\Main\TestResults\bacemi_ICSWS068 2016-08-04 09_52_08\Out\FTPRoot\TestSession_0dbdceb8-32dc-4410-9553-3aed02c194e6
[2016-08-04 09:52:40.341]	[   33]	                       [in][subPath]=
[2016-08-04 09:52:40.341]	[   33]	                       [in][regexValue]=
[2016-08-04 09:52:40.341]	[   33]	                       [in][maskList]=SBStringList.TElStringList
[2016-08-04 09:52:40.341]	[   33]	                       [in][recursive]=False
[2016-08-04 09:52:40.341]	[   33]	                       [in][list]=System.Collections.ArrayList
[2016-08-04 09:52:40.341]	[   33]	FTPFileSystemOperations.GetDirectoryEntries EXIT
[2016-08-04 09:52:40.341]	[   33]	=============================================================
[2016-08-04 09:52:40.386]	[   33]	=============================================================
[2016-08-04 09:52:40.386]	[   33]	FTPFileSystemOperations.DirectoryExists ENTER (5)
[2016-08-04 09:52:40.386]	[   33]	                       [in][path]=F:\ETWork\Main\TestResults\bacemi_ICSWS068 2016-08-04 09_52_08\Out\FTPRoot
[2016-08-04 09:52:40.386]	[   33]	FTPFileSystemOperations.DirectoryExists EXIT
[2016-08-04 09:52:40.386]	[   33]	=============================================================
[2016-08-04 09:52:40.393]	[   33]	=============================================================
[2016-08-04 09:52:40.393]	[   33]	FTPFileSystemOperations.FileGetSize ENTER (1)
[2016-08-04 09:52:40.393]	[   33]	                       [in][path]=F:\ETWork\Main\TestResults\bacemi_ICSWS068 2016-08-04 09_52_08\Out\FTPRoot\TestSession_0dbdceb8-32dc-4410-9553-3aed02c194e6\skipFile.txt
[2016-08-04 09:52:40.393]	[   33]	EXCEPTION  System.IO.FileNotFoundException: Could not find file 'F:\ETWork\Main\TestResults\bacemi_ICSWS068 2016-08-04 09_52_08\Out\FTPRoot\TestSession_0dbdceb8-32dc-4410-9553-3aed02c194e6\skipFile.txt'.
File name: 'F:\ETWork\Main\TestResults\bacemi_ICSWS068 2016-08-04 09_52_08\Out\FTPRoot\TestSession_0dbdceb8-32dc-4410-9553-3aed02c194e6\skipFile.txt'
   at System.IO.__Error.WinIOError(Int32 errorCode, String maybeFullPath)
   at System.IO.FileInfo.get_Length()
   at Testing.IntgTests.Servers.FTPServer.FTPFileSystemOperations.FileGetSize(String path) in F:\ETWork\Main\Testing\Assemblies\Testing.IntgTests.Servers\FTPServer\FTPFileSystemOperations.cs:line 597
   at DynamicModule.ns.Wrapped_IFTPFileOperations_b98f8b1f9b4a43008ee35aeda0b5b177.&lt;FileGetSize_DelegateImplementation&gt;__15(IMethodInvocation inputs, GetNextInterceptionBehaviorDelegate getNext)
[2016-08-04 09:52:40.393]	[   33]	FTPFileSystemOperations.FileGetSize EXIT
[2016-08-04 09:52:40.393]	[   33]	=============================================================
[2016-08-04 09:52:40.399]	[   33]	=============================================================
[2016-08-04 09:52:40.399]	[   33]	FTPFileSystemOperations.FileGetSize ENTER (2)
[2016-08-04 09:52:40.399]	[   33]	                       [in][path]=F:\ETWork\Main\TestResults\bacemi_ICSWS068 2016-08-04 09_52_08\Out\FTPRoot\TestSession_0dbdceb8-32dc-4410-9553-3aed02c194e6\skipFile.txt
[2016-08-04 09:52:40.399]	[   33]	EXCEPTION  System.IO.FileNotFoundException: Could not find file 'F:\ETWork\Main\TestResults\bacemi_ICSWS068 2016-08-04 09_52_08\Out\FTPRoot\TestSession_0dbdceb8-32dc-4410-9553-3aed02c194e6\skipFile.txt'.
File name: 'F:\ETWork\Main\TestResults\bacemi_ICSWS068 2016-08-04 09_52_08\Out\FTPRoot\TestSession_0dbdceb8-32dc-4410-9553-3aed02c194e6\skipFile.txt'
   at System.IO.__Error.WinIOError(Int32 errorCode, String maybeFullPath)
   at System.IO.FileInfo.get_Length()
   at Testing.IntgTests.Servers.FTPServer.FTPFileSystemOperations.FileGetSize(String path) in F:\ETWork\Main\Testing\Assemblies\Testing.IntgTests.Servers\FTPServer\FTPFileSystemOperations.cs:line 597
   at DynamicModule.ns.Wrapped_IFTPFileOperations_b98f8b1f9b4a43008ee35aeda0b5b177.&lt;FileGetSize_DelegateImplementation&gt;__15(IMethodInvocation inputs, GetNextInterceptionBehaviorDelegate getNext)
[2016-08-04 09:52:40.400]	[   33]	FTPFileSystemOperations.FileGetSize EXIT
[2016-08-04 09:52:40.400]	[   33]	=============================================================
[2016-08-04 09:52:40.406]	[   33]	=============================================================
[2016-08-04 09:52:40.406]	[   33]	FTPFileSystemOperations.DirectoryExists ENTER (6)
[2016-08-04 09:52:40.406]	[   33]	                       [in][path]=F:\ETWork\Main\TestResults\bacemi_ICSWS068 2016-08-04 09_52_08\Out\FTPRoot\TestSession_0dbdceb8-32dc-4410-9553-3aed02c194e6
[2016-08-04 09:52:40.406]	[   33]	FTPFileSystemOperations.DirectoryExists EXIT
[2016-08-04 09:52:40.406]	[   33]	=============================================================
[2016-08-04 09:52:40.409]	[   33]	=============================================================
[2016-08-04 09:52:40.409]	[   33]	FTPFileSystemOperations.DirectoryExists ENTER (7)
[2016-08-04 09:52:40.409]	[   33]	                       [in][path]=F:\ETWork\Main\TestResults\bacemi_ICSWS068 2016-08-04 09_52_08\Out\FTPRoot
[2016-08-04 09:52:40.409]	[   33]	FTPFileSystemOperations.DirectoryExists EXIT
[2016-08-04 09:52:40.409]	[   33]	=============================================================
[2016-08-04 09:52:40.418]	[   33]	=============================================================
[2016-08-04 09:52:40.418]	[   33]	FTPFileSystemOperations.FileExists ENTER (1)
[2016-08-04 09:52:40.418]	[   33]	                       [in][path]=F:\ETWork\Main\TestResults\bacemi_ICSWS068 2016-08-04 09_52_08\Out\FTPRoot\TestSession_0dbdceb8-32dc-4410-9553-3aed02c194e6\skipFile.txt
[2016-08-04 09:52:40.418]	[   33]	FTPFileSystemOperations.FileExists EXIT
[2016-08-04 09:52:40.418]	[   33]	=============================================================
[2016-08-04 09:52:40.418]	[   33]	=============================================================
[2016-08-04 09:52:40.418]	[   33]	FTPFileSystemOperations.OpenFile ENTER (1)
[2016-08-04 09:52:40.418]	[   33]	                       [in][path]=F:\ETWork\Main\TestResults\bacemi_ICSWS068 2016-08-04 09_52_08\Out\FTPRoot\TestSession_0dbdceb8-32dc-4410-9553-3aed02c194e6\skipFile.txt
[2016-08-04 09:52:40.418]	[   33]	                       [in][openMode]=4
[2016-08-04 09:52:40.418]	[   33]	                       [in][shareMode]=ssmExclusive
[2016-08-04 09:52:40.418]	[   33]	                       [in][fileHandle]=
[2016-08-04 09:52:40.418]	[   33]	                       [out][fileHandle]=
[2016-08-04 09:52:40.418]	[   33]	FTPFileSystemOperations.OpenFile EXIT
[2016-08-04 09:52:40.418]	[   33]	=============================================================
[2016-08-04 09:52:40.418]	[   33]	=============================================================
[2016-08-04 09:52:40.418]	[   33]	FTPFileSystemOperations.FileGetSize ENTER (3)
[2016-08-04 09:52:40.418]	[   33]	                       [in][fileHandle]=System.IO.FileStream
[2016-08-04 09:52:40.418]	[   33]	FTPFileSystemOperations.FileGetSize EXIT
[2016-08-04 09:52:40.418]	[   33]	=============================================================
[2016-08-04 09:52:40.418]	[   33]	=============================================================
[2016-08-04 09:52:40.419]	[   33]	FTPFileSystemOperations.FileSeek ENTER (1)
[2016-08-04 09:52:40.419]	[   33]	                       [in][fileHandle]=System.IO.FileStream
[2016-08-04 09:52:40.419]	[   33]	                       [in][position]=0
[2016-08-04 09:52:40.419]	[   33]	                       [in][origin]=sfsoEnd
[2016-08-04 09:52:40.419]	[   33]	FTPFileSystemOperations.FileSeek EXIT
[2016-08-04 09:52:40.419]	[   33]	=============================================================
[2016-08-04 09:52:40.458]	[   33]	=============================================================
[2016-08-04 09:52:40.458]	[   33]	FTPFileSystemOperations.FileWrite ENTER (1)
[2016-08-04 09:52:40.458]	[   33]	                       [in][fileHandle]=System.IO.FileStream
[2016-08-04 09:52:40.458]	[   33]	                       [in][buffer]=System.Byte[]
[2016-08-04 09:52:40.458]	[   33]	                       [in][index]=0
[2016-08-04 09:52:40.458]	[   33]	                       [in][size]=6
[2016-08-04 09:52:40.458]	[   33]	FTPFileSystemOperations.FileWrite EXIT
[2016-08-04 09:52:40.458]	[   33]	=============================================================
[2016-08-04 09:52:40.459]	[   33]	=============================================================
[2016-08-04 09:52:40.459]	[   33]	FTPFileSystemOperations.CloseFile ENTER (1)
[2016-08-04 09:52:40.459]	[   33]	                       [in][fileHandle]=System.IO.FileStream
[2016-08-04 09:52:40.459]	[   33]	FTPFileSystemOperations.CloseFile EXIT
[2016-08-04 09:52:40.459]	[   33]	=============================================================
FileTransferPath.GetDirectoryName: path=/TestSession_0dbdceb8-32dc-4410-9553-3aed02c194e6/skipFile.txt directorySeparator=
\TestSession_0dbdceb8-32dc-4410-9553-3aed02c194e6: FileTransferPath.GetDirectoryName: Path.GetDirectoryName={0}
[2016-08-04 09:52:40.471]	[   33]	=============================================================
[2016-08-04 09:52:40.471]	[   33]	FTPFileSystemOperations.DirectoryExists ENTER (8)
[2016-08-04 09:52:40.471]	[   33]	                       [in][path]=F:\ETWork\Main\TestResults\bacemi_ICSWS068 2016-08-04 09_52_08\Out\FTPRoot\TestSession_0dbdceb8-32dc-4410-9553-3aed02c194e6
[2016-08-04 09:52:40.471]	[   33]	FTPFileSystemOperations.DirectoryExists EXIT
[2016-08-04 09:52:40.471]	[   33]	=============================================================
[2016-08-04 09:52:40.481]	[   33]	=============================================================
[2016-08-04 09:52:40.481]	[   33]	FTPFileSystemOperations.DirectoryExists ENTER (9)
[2016-08-04 09:52:40.481]	[   33]	                       [in][path]=F:\ETWork\Main\TestResults\bacemi_ICSWS068 2016-08-04 09_52_08\Out\FTPRoot\TestSession_0dbdceb8-32dc-4410-9553-3aed02c194e6
[2016-08-04 09:52:40.481]	[   33]	FTPFileSystemOperations.DirectoryExists EXIT
[2016-08-04 09:52:40.481]	[   33]	=============================================================
[2016-08-04 09:52:40.481]	[   33]	=============================================================
[2016-08-04 09:52:40.481]	[   33]	FTPFileSystemOperations.DirectoryExists ENTER (10)
[2016-08-04 09:52:40.481]	[   33]	                       [in][path]=F:\ETWork\Main\TestResults\bacemi_ICSWS068 2016-08-04 09_52_08\Out\FTPRoot\TestSession_0dbdceb8-32dc-4410-9553-3aed02c194e6
[2016-08-04 09:52:40.481]	[   33]	FTPFileSystemOperations.DirectoryExists EXIT
[2016-08-04 09:52:40.481]	[   33]	=============================================================
[2016-08-04 09:52:40.481]	[   33]	=============================================================
[2016-08-04 09:52:40.481]	[   33]	FTPFileSystemOperations.GetDirectoryEntries ENTER (2)
[2016-08-04 09:52:40.481]	[   33]	                       [in][path]=F:\ETWork\Main\TestResults\bacemi_ICSWS068 2016-08-04 09_52_08\Out\FTPRoot\TestSession_0dbdceb8-32dc-4410-9553-3aed02c194e6
[2016-08-04 09:52:40.481]	[   33]	                       [in][subPath]=
[2016-08-04 09:52:40.481]	[   33]	                       [in][regexValue]=
[2016-08-04 09:52:40.481]	[   33]	                       [in][maskList]=SBStringList.TElStringList
[2016-08-04 09:52:40.481]	[   33]	                       [in][recursive]=False
[2016-08-04 09:52:40.481]	[   33]	                       [in][list]=System.Collections.ArrayList
[2016-08-04 09:52:40.481]	[   33]	FTPFileSystemOperations.GetDirectoryEntries EXIT
[2016-08-04 09:52:40.481]	[   33]	=============================================================
[2016-08-04 09:52:40.523]	[   33]	=============================================================
[2016-08-04 09:52:40.523]	[   33]	FTPFileSystemOperations.DirectoryExists ENTER (11)
[2016-08-04 09:52:40.523]	[   33]	                       [in][path]=F:\ETWork\Main\TestResults\bacemi_ICSWS068 2016-08-04 09_52_08\Out\FTPRoot
[2016-08-04 09:52:40.523]	[   33]	FTPFileSystemOperations.DirectoryExists EXIT
[2016-08-04 09:52:40.523]	[   33]	=============================================================
[2016-08-04 09:52:40.525]	[   35]	Client connected from 127.0.0.1:34766
[2016-08-04 09:52:40.566]	[   28]	AuthAttempt by user ftpUser2
[2016-08-04 09:52:40.566]	[   28]	Access granted to user ftpUser2
[2016-08-04 09:52:40.578]	[   28]	=============================================================
[2016-08-04 09:52:40.578]	[   28]	FTPFileSystemOperations.FileGetSize ENTER (4)
[2016-08-04 09:52:40.578]	[   28]	                       [in][path]=F:\ETWork\Main\TestResults\bacemi_ICSWS068 2016-08-04 09_52_08\Out\FTPRoot\TestSession_0dbdceb8-32dc-4410-9553-3aed02c194e6\skipFile.txt
[2016-08-04 09:52:40.578]	[   28]	FTPFileSystemOperations.FileGetSize EXIT
[2016-08-04 09:52:40.578]	[   28]	=============================================================
[2016-08-04 09:52:40.580]	[   28]	Client disconnected.
[2016-08-04 09:52:40.580]	[   33]	Client disconnected.</StdOut>
      </Output>
    </UnitTestResult>
    <UnitTestResult executionId="8c7a37c6-5943-449c-a374-0bcb3c757878" testId="45c0dde9-a6a7-fcc5-8907-1a4599e8dfa7" testName="WriteFromFile_CreateTemporaryFileWithAppend_RenameUploadRenameIsPerformed" computerName="ICSWS068" duration="00:00:00.5627941" startTime="2016-08-04T09:52:40.5924839+02:00" endTime="2016-08-04T09:52:41.1570934+02:00" testType="13cdc9d9-ddb5-4fa4-a97d-d965ccfc6d4b" outcome="Passed" testListId="8c84fa94-04c1-424b-9868-57a2d4851a1d" relativeResultsDirectory="8c7a37c6-5943-449c-a374-0bcb3c757878">
      <Output>
        <StdOut>Debug Trace:
[2016-08-04 09:52:40.602]	[   46]	FTP server started 

==============================Server settings==============================
Listening Address: 127.0.0.1
Listening Port: 30021
AllowAnonymous: True
==============================Server settings==============================

[2016-08-04 09:52:40.610]	[   25]	Client connected from 127.0.0.1:34767
[2016-08-04 09:52:40.654]	[   27]	AuthAttempt by user ftpUser2
[2016-08-04 09:52:40.654]	[   27]	Access granted to user ftpUser2
[2016-08-04 09:52:40.667]	[   27]	=============================================================
[2016-08-04 09:52:40.667]	[   27]	FTPFileSystemOperations.DirectoryMake ENTER (1)
[2016-08-04 09:52:40.667]	[   27]	                       [in][path]=F:\ETWork\Main\TestResults\bacemi_ICSWS068 2016-08-04 09_52_08\Out\FTPRoot\TestSession_234c0918-6a58-4bcd-af88-8e067a871a8e
[2016-08-04 09:52:40.668]	[   27]	FTPFileSystemOperations.DirectoryMake EXIT
[2016-08-04 09:52:40.668]	[   27]	=============================================================
[2016-08-04 09:52:40.671]	[   27]	Client disconnected.
[2016-08-04 09:52:40.678]	[   25]	Client connected from 127.0.0.1:34768
[2016-08-04 09:52:40.721]	[   50]	AuthAttempt by user ftpUser2
[2016-08-04 09:52:40.721]	[   50]	Access granted to user ftpUser2
[2016-08-04 09:52:40.732]	[   50]	=============================================================
[2016-08-04 09:52:40.732]	[   50]	FTPFileSystemOperations.DirectoryExists ENTER (1)
[2016-08-04 09:52:40.732]	[   50]	                       [in][path]=F:\ETWork\Main\TestResults\bacemi_ICSWS068 2016-08-04 09_52_08\Out\FTPRoot\TestSession_234c0918-6a58-4bcd-af88-8e067a871a8e
[2016-08-04 09:52:40.733]	[   50]	FTPFileSystemOperations.DirectoryExists EXIT
[2016-08-04 09:52:40.733]	[   50]	=============================================================
FileTransferPath.GetDirectoryName: path=/TestSession_234c0918-6a58-4bcd-af88-8e067a871a8e/tempAppendFile.txt directorySeparator=
\TestSession_234c0918-6a58-4bcd-af88-8e067a871a8e: FileTransferPath.GetDirectoryName: Path.GetDirectoryName={0}
[2016-08-04 09:52:40.733]	[   25]	Client connected from 127.0.0.1:34769
[2016-08-04 09:52:40.734]	[   50]	Client disconnected.
[2016-08-04 09:52:40.776]	[   51]	AuthAttempt by user ftpUser2
[2016-08-04 09:52:40.776]	[   51]	Access granted to user ftpUser2
[2016-08-04 09:52:40.791]	[   51]	=============================================================
[2016-08-04 09:52:40.791]	[   51]	FTPFileSystemOperations.DirectoryExists ENTER (2)
[2016-08-04 09:52:40.791]	[   51]	                       [in][path]=F:\ETWork\Main\TestResults\bacemi_ICSWS068 2016-08-04 09_52_08\Out\FTPRoot\TestSession_234c0918-6a58-4bcd-af88-8e067a871a8e
[2016-08-04 09:52:40.791]	[   51]	FTPFileSystemOperations.DirectoryExists EXIT
[2016-08-04 09:52:40.791]	[   51]	=============================================================
[2016-08-04 09:52:40.799]	[   51]	=============================================================
[2016-08-04 09:52:40.799]	[   51]	FTPFileSystemOperations.DirectoryExists ENTER (3)
[2016-08-04 09:52:40.799]	[   51]	                       [in][path]=F:\ETWork\Main\TestResults\bacemi_ICSWS068 2016-08-04 09_52_08\Out\FTPRoot\TestSession_234c0918-6a58-4bcd-af88-8e067a871a8e
[2016-08-04 09:52:40.799]	[   51]	FTPFileSystemOperations.DirectoryExists EXIT
[2016-08-04 09:52:40.799]	[   51]	=============================================================
[2016-08-04 09:52:40.799]	[   51]	=============================================================
[2016-08-04 09:52:40.799]	[   51]	FTPFileSystemOperations.DirectoryExists ENTER (4)
[2016-08-04 09:52:40.799]	[   51]	                       [in][path]=F:\ETWork\Main\TestResults\bacemi_ICSWS068 2016-08-04 09_52_08\Out\FTPRoot\TestSession_234c0918-6a58-4bcd-af88-8e067a871a8e
[2016-08-04 09:52:40.799]	[   51]	FTPFileSystemOperations.DirectoryExists EXIT
[2016-08-04 09:52:40.799]	[   51]	=============================================================
[2016-08-04 09:52:40.799]	[   51]	=============================================================
[2016-08-04 09:52:40.799]	[   51]	FTPFileSystemOperations.GetDirectoryEntries ENTER (1)
[2016-08-04 09:52:40.799]	[   51]	                       [in][path]=F:\ETWork\Main\TestResults\bacemi_ICSWS068 2016-08-04 09_52_08\Out\FTPRoot\TestSession_234c0918-6a58-4bcd-af88-8e067a871a8e
[2016-08-04 09:52:40.800]	[   51]	                       [in][subPath]=
[2016-08-04 09:52:40.800]	[   51]	                       [in][regexValue]=
[2016-08-04 09:52:40.800]	[   51]	                       [in][maskList]=SBStringList.TElStringList
[2016-08-04 09:52:40.800]	[   51]	                       [in][recursive]=False
[2016-08-04 09:52:40.800]	[   51]	                       [in][list]=System.Collections.ArrayList
[2016-08-04 09:52:40.800]	[   51]	FTPFileSystemOperations.GetDirectoryEntries EXIT
[2016-08-04 09:52:40.800]	[   51]	=============================================================
[2016-08-04 09:52:40.843]	[   51]	=============================================================
[2016-08-04 09:52:40.843]	[   51]	FTPFileSystemOperations.DirectoryExists ENTER (5)
[2016-08-04 09:52:40.843]	[   51]	                       [in][path]=F:\ETWork\Main\TestResults\bacemi_ICSWS068 2016-08-04 09_52_08\Out\FTPRoot
[2016-08-04 09:52:40.843]	[   51]	FTPFileSystemOperations.DirectoryExists EXIT
[2016-08-04 09:52:40.843]	[   51]	=============================================================
[2016-08-04 09:52:40.849]	[   51]	=============================================================
[2016-08-04 09:52:40.849]	[   51]	FTPFileSystemOperations.FileGetSize ENTER (1)
[2016-08-04 09:52:40.849]	[   51]	                       [in][path]=F:\ETWork\Main\TestResults\bacemi_ICSWS068 2016-08-04 09_52_08\Out\FTPRoot\TestSession_234c0918-6a58-4bcd-af88-8e067a871a8e\tempAppendFile.txttestext
[2016-08-04 09:52:40.849]	[   51]	EXCEPTION  System.IO.FileNotFoundException: Could not find file 'F:\ETWork\Main\TestResults\bacemi_ICSWS068 2016-08-04 09_52_08\Out\FTPRoot\TestSession_234c0918-6a58-4bcd-af88-8e067a871a8e\tempAppendFile.txttestext'.
File name: 'F:\ETWork\Main\TestResults\bacemi_ICSWS068 2016-08-04 09_52_08\Out\FTPRoot\TestSession_234c0918-6a58-4bcd-af88-8e067a871a8e\tempAppendFile.txttestext'
   at System.IO.__Error.WinIOError(Int32 errorCode, String maybeFullPath)
   at System.IO.FileInfo.get_Length()
   at Testing.IntgTests.Servers.FTPServer.FTPFileSystemOperations.FileGetSize(String path) in F:\ETWork\Main\Testing\Assemblies\Testing.IntgTests.Servers\FTPServer\FTPFileSystemOperations.cs:line 597
   at DynamicModule.ns.Wrapped_IFTPFileOperations_b98f8b1f9b4a43008ee35aeda0b5b177.&lt;FileGetSize_DelegateImplementation&gt;__15(IMethodInvocation inputs, GetNextInterceptionBehaviorDelegate getNext)
[2016-08-04 09:52:40.849]	[   51]	FTPFileSystemOperations.FileGetSize EXIT
[2016-08-04 09:52:40.849]	[   51]	=============================================================
[2016-08-04 09:52:40.856]	[   51]	=============================================================
[2016-08-04 09:52:40.856]	[   51]	FTPFileSystemOperations.DirectoryExists ENTER (6)
[2016-08-04 09:52:40.856]	[   51]	                       [in][path]=F:\ETWork\Main\TestResults\bacemi_ICSWS068 2016-08-04 09_52_08\Out\FTPRoot\TestSession_234c0918-6a58-4bcd-af88-8e067a871a8e
[2016-08-04 09:52:40.856]	[   51]	FTPFileSystemOperations.DirectoryExists EXIT
[2016-08-04 09:52:40.856]	[   51]	=============================================================
[2016-08-04 09:52:40.859]	[   51]	=============================================================
[2016-08-04 09:52:40.859]	[   51]	FTPFileSystemOperations.DirectoryExists ENTER (7)
[2016-08-04 09:52:40.859]	[   51]	                       [in][path]=F:\ETWork\Main\TestResults\bacemi_ICSWS068 2016-08-04 09_52_08\Out\FTPRoot
[2016-08-04 09:52:40.859]	[   51]	FTPFileSystemOperations.DirectoryExists EXIT
[2016-08-04 09:52:40.859]	[   51]	=============================================================
[2016-08-04 09:52:40.868]	[   51]	=============================================================
[2016-08-04 09:52:40.868]	[   51]	FTPFileSystemOperations.FileExists ENTER (1)
[2016-08-04 09:52:40.868]	[   51]	                       [in][path]=F:\ETWork\Main\TestResults\bacemi_ICSWS068 2016-08-04 09_52_08\Out\FTPRoot\TestSession_234c0918-6a58-4bcd-af88-8e067a871a8e\tempAppendFile.txttestext
[2016-08-04 09:52:40.868]	[   51]	FTPFileSystemOperations.FileExists EXIT
[2016-08-04 09:52:40.868]	[   51]	=============================================================
[2016-08-04 09:52:40.868]	[   51]	=============================================================
[2016-08-04 09:52:40.868]	[   51]	FTPFileSystemOperations.OpenFile ENTER (1)
[2016-08-04 09:52:40.868]	[   51]	                       [in][path]=F:\ETWork\Main\TestResults\bacemi_ICSWS068 2016-08-04 09_52_08\Out\FTPRoot\TestSession_234c0918-6a58-4bcd-af88-8e067a871a8e\tempAppendFile.txttestext
[2016-08-04 09:52:40.868]	[   51]	                       [in][openMode]=4
[2016-08-04 09:52:40.868]	[   51]	                       [in][shareMode]=ssmExclusive
[2016-08-04 09:52:40.868]	[   51]	                       [in][fileHandle]=
[2016-08-04 09:52:40.868]	[   51]	                       [out][fileHandle]=
[2016-08-04 09:52:40.868]	[   51]	FTPFileSystemOperations.OpenFile EXIT
[2016-08-04 09:52:40.868]	[   51]	=============================================================
[2016-08-04 09:52:40.868]	[   51]	=============================================================
[2016-08-04 09:52:40.868]	[   51]	FTPFileSystemOperations.FileGetSize ENTER (2)
[2016-08-04 09:52:40.868]	[   51]	                       [in][fileHandle]=System.IO.FileStream
[2016-08-04 09:52:40.868]	[   51]	FTPFileSystemOperations.FileGetSize EXIT
[2016-08-04 09:52:40.868]	[   51]	=============================================================
[2016-08-04 09:52:40.868]	[   51]	=============================================================
[2016-08-04 09:52:40.868]	[   51]	FTPFileSystemOperations.FileSeek ENTER (1)
[2016-08-04 09:52:40.868]	[   51]	                       [in][fileHandle]=System.IO.FileStream
[2016-08-04 09:52:40.868]	[   51]	                       [in][position]=0
[2016-08-04 09:52:40.868]	[   51]	                       [in][origin]=sfsoEnd
[2016-08-04 09:52:40.868]	[   51]	FTPFileSystemOperations.FileSeek EXIT
[2016-08-04 09:52:40.868]	[   51]	=============================================================
[2016-08-04 09:52:40.868]	[   51]	=============================================================
[2016-08-04 09:52:40.868]	[   51]	FTPFileSystemOperations.FileSeek ENTER (2)
[2016-08-04 09:52:40.868]	[   51]	                       [in][fileHandle]=System.IO.FileStream
[2016-08-04 09:52:40.868]	[   51]	                       [in][position]=0
[2016-08-04 09:52:40.868]	[   51]	                       [in][origin]=sfsoEnd
[2016-08-04 09:52:40.868]	[   51]	FTPFileSystemOperations.FileSeek EXIT
[2016-08-04 09:52:40.868]	[   51]	=============================================================
[2016-08-04 09:52:40.908]	[   51]	=============================================================
[2016-08-04 09:52:40.908]	[   51]	FTPFileSystemOperations.FileWrite ENTER (1)
[2016-08-04 09:52:40.908]	[   51]	                       [in][fileHandle]=System.IO.FileStream
[2016-08-04 09:52:40.908]	[   51]	                       [in][buffer]=System.Byte[]
[2016-08-04 09:52:40.908]	[   51]	                       [in][index]=0
[2016-08-04 09:52:40.908]	[   51]	                       [in][size]=6
[2016-08-04 09:52:40.908]	[   51]	FTPFileSystemOperations.FileWrite EXIT
[2016-08-04 09:52:40.908]	[   51]	=============================================================
[2016-08-04 09:52:40.909]	[   51]	=============================================================
[2016-08-04 09:52:40.909]	[   51]	FTPFileSystemOperations.CloseFile ENTER (1)
[2016-08-04 09:52:40.909]	[   51]	                       [in][fileHandle]=System.IO.FileStream
[2016-08-04 09:52:40.910]	[   51]	FTPFileSystemOperations.CloseFile EXIT
[2016-08-04 09:52:40.910]	[   51]	=============================================================
[2016-08-04 09:52:40.921]	[   51]	=============================================================
[2016-08-04 09:52:40.921]	[   51]	FTPFileSystemOperations.GetEntryInformation ENTER (1)
[2016-08-04 09:52:40.921]	[   51]	                       [in][path]=F:\ETWork\Main\TestResults\bacemi_ICSWS068 2016-08-04 09_52_08\Out\FTPRoot\TestSession_234c0918-6a58-4bcd-af88-8e067a871a8e\tempAppendFile.txttestext
[2016-08-04 09:52:40.921]	[   51]	                       [in][entryInfo]=SBCustomFSAdapter.TElVFSEntryInformation
[2016-08-04 09:52:40.921]	[   51]	FTPFileSystemOperations.GetEntryInformation EXIT
[2016-08-04 09:52:40.921]	[   51]	=============================================================
[2016-08-04 09:52:40.925]	[   51]	=============================================================
[2016-08-04 09:52:40.925]	[   51]	FTPFileSystemOperations.FileMove ENTER (1)
[2016-08-04 09:52:40.925]	[   51]	                       [in][fromName]=F:\ETWork\Main\TestResults\bacemi_ICSWS068 2016-08-04 09_52_08\Out\FTPRoot\TestSession_234c0918-6a58-4bcd-af88-8e067a871a8e\tempAppendFile.txttestext
[2016-08-04 09:52:40.925]	[   51]	                       [in][toName]=F:\ETWork\Main\TestResults\bacemi_ICSWS068 2016-08-04 09_52_08\Out\FTPRoot\TestSession_234c0918-6a58-4bcd-af88-8e067a871a8e\tempAppendFile.txt
[2016-08-04 09:52:40.926]	[   51]	FTPFileSystemOperations.FileMove EXIT
[2016-08-04 09:52:40.926]	[   51]	=============================================================
FileTransferPath.GetDirectoryName: path=/TestSession_234c0918-6a58-4bcd-af88-8e067a871a8e/tempAppendFile.txt directorySeparator=
\TestSession_234c0918-6a58-4bcd-af88-8e067a871a8e: FileTransferPath.GetDirectoryName: Path.GetDirectoryName={0}
[2016-08-04 09:52:40.935]	[   51]	=============================================================
[2016-08-04 09:52:40.935]	[   51]	FTPFileSystemOperations.DirectoryExists ENTER (8)
[2016-08-04 09:52:40.935]	[   51]	                       [in][path]=F:\ETWork\Main\TestResults\bacemi_ICSWS068 2016-08-04 09_52_08\Out\FTPRoot\TestSession_234c0918-6a58-4bcd-af88-8e067a871a8e
[2016-08-04 09:52:40.935]	[   51]	FTPFileSystemOperations.DirectoryExists EXIT
[2016-08-04 09:52:40.935]	[   51]	=============================================================
[2016-08-04 09:52:40.944]	[   51]	=============================================================
[2016-08-04 09:52:40.944]	[   51]	FTPFileSystemOperations.DirectoryExists ENTER (9)
[2016-08-04 09:52:40.944]	[   51]	                       [in][path]=F:\ETWork\Main\TestResults\bacemi_ICSWS068 2016-08-04 09_52_08\Out\FTPRoot\TestSession_234c0918-6a58-4bcd-af88-8e067a871a8e
[2016-08-04 09:52:40.944]	[   51]	FTPFileSystemOperations.DirectoryExists EXIT
[2016-08-04 09:52:40.944]	[   51]	=============================================================
[2016-08-04 09:52:40.944]	[   51]	=============================================================
[2016-08-04 09:52:40.944]	[   51]	FTPFileSystemOperations.DirectoryExists ENTER (10)
[2016-08-04 09:52:40.944]	[   51]	                       [in][path]=F:\ETWork\Main\TestResults\bacemi_ICSWS068 2016-08-04 09_52_08\Out\FTPRoot\TestSession_234c0918-6a58-4bcd-af88-8e067a871a8e
[2016-08-04 09:52:40.944]	[   51]	FTPFileSystemOperations.DirectoryExists EXIT
[2016-08-04 09:52:40.944]	[   51]	=============================================================
[2016-08-04 09:52:40.944]	[   51]	=============================================================
[2016-08-04 09:52:40.944]	[   51]	FTPFileSystemOperations.GetDirectoryEntries ENTER (2)
[2016-08-04 09:52:40.944]	[   51]	                       [in][path]=F:\ETWork\Main\TestResults\bacemi_ICSWS068 2016-08-04 09_52_08\Out\FTPRoot\TestSession_234c0918-6a58-4bcd-af88-8e067a871a8e
[2016-08-04 09:52:40.944]	[   51]	                       [in][subPath]=
[2016-08-04 09:52:40.944]	[   51]	                       [in][regexValue]=
[2016-08-04 09:52:40.944]	[   51]	                       [in][maskList]=SBStringList.TElStringList
[2016-08-04 09:52:40.944]	[   51]	                       [in][recursive]=False
[2016-08-04 09:52:40.944]	[   51]	                       [in][list]=System.Collections.ArrayList
[2016-08-04 09:52:40.944]	[   51]	FTPFileSystemOperations.GetDirectoryEntries EXIT
[2016-08-04 09:52:40.944]	[   51]	=============================================================
[2016-08-04 09:52:40.988]	[   51]	=============================================================
[2016-08-04 09:52:40.988]	[   51]	FTPFileSystemOperations.DirectoryExists ENTER (11)
[2016-08-04 09:52:40.988]	[   51]	                       [in][path]=F:\ETWork\Main\TestResults\bacemi_ICSWS068 2016-08-04 09_52_08\Out\FTPRoot
[2016-08-04 09:52:40.988]	[   51]	FTPFileSystemOperations.DirectoryExists EXIT
[2016-08-04 09:52:40.988]	[   51]	=============================================================
[2016-08-04 09:52:40.997]	[   51]	=============================================================
[2016-08-04 09:52:40.997]	[   51]	FTPFileSystemOperations.FileGetSize ENTER (3)
[2016-08-04 09:52:40.997]	[   51]	                       [in][path]=F:\ETWork\Main\TestResults\bacemi_ICSWS068 2016-08-04 09_52_08\Out\FTPRoot\TestSession_234c0918-6a58-4bcd-af88-8e067a871a8e\tempAppendFile.txttestext
[2016-08-04 09:52:40.998]	[   51]	EXCEPTION  System.IO.FileNotFoundException: Could not find file 'F:\ETWork\Main\TestResults\bacemi_ICSWS068 2016-08-04 09_52_08\Out\FTPRoot\TestSession_234c0918-6a58-4bcd-af88-8e067a871a8e\tempAppendFile.txttestext'.
File name: 'F:\ETWork\Main\TestResults\bacemi_ICSWS068 2016-08-04 09_52_08\Out\FTPRoot\TestSession_234c0918-6a58-4bcd-af88-8e067a871a8e\tempAppendFile.txttestext'
   at System.IO.__Error.WinIOError(Int32 errorCode, String maybeFullPath)
   at System.IO.FileInfo.get_Length()
   at Testing.IntgTests.Servers.FTPServer.FTPFileSystemOperations.FileGetSize(String path) in F:\ETWork\Main\Testing\Assemblies\Testing.IntgTests.Servers\FTPServer\FTPFileSystemOperations.cs:line 597
   at DynamicModule.ns.Wrapped_IFTPFileOperations_b98f8b1f9b4a43008ee35aeda0b5b177.&lt;FileGetSize_DelegateImplementation&gt;__15(IMethodInvocation inputs, GetNextInterceptionBehaviorDelegate getNext)
[2016-08-04 09:52:40.998]	[   51]	FTPFileSystemOperations.FileGetSize EXIT
[2016-08-04 09:52:40.998]	[   51]	=============================================================
[2016-08-04 09:52:41.001]	[   51]	=============================================================
[2016-08-04 09:52:41.001]	[   51]	FTPFileSystemOperations.GetEntryInformation ENTER (2)
[2016-08-04 09:52:41.001]	[   51]	                       [in][path]=F:\ETWork\Main\TestResults\bacemi_ICSWS068 2016-08-04 09_52_08\Out\FTPRoot\TestSession_234c0918-6a58-4bcd-af88-8e067a871a8e\tempAppendFile.txt
[2016-08-04 09:52:41.001]	[   51]	                       [in][entryInfo]=SBCustomFSAdapter.TElVFSEntryInformation
[2016-08-04 09:52:41.001]	[   51]	FTPFileSystemOperations.GetEntryInformation EXIT
[2016-08-04 09:52:41.001]	[   51]	=============================================================
[2016-08-04 09:52:41.003]	[   51]	=============================================================
[2016-08-04 09:52:41.003]	[   51]	FTPFileSystemOperations.FileMove ENTER (2)
[2016-08-04 09:52:41.003]	[   51]	                       [in][fromName]=F:\ETWork\Main\TestResults\bacemi_ICSWS068 2016-08-04 09_52_08\Out\FTPRoot\TestSession_234c0918-6a58-4bcd-af88-8e067a871a8e\tempAppendFile.txt
[2016-08-04 09:52:41.003]	[   51]	                       [in][toName]=F:\ETWork\Main\TestResults\bacemi_ICSWS068 2016-08-04 09_52_08\Out\FTPRoot\TestSession_234c0918-6a58-4bcd-af88-8e067a871a8e\tempAppendFile.txttestext
[2016-08-04 09:52:41.003]	[   51]	FTPFileSystemOperations.FileMove EXIT
[2016-08-04 09:52:41.003]	[   51]	=============================================================
[2016-08-04 09:52:41.009]	[   51]	=============================================================
[2016-08-04 09:52:41.009]	[   51]	FTPFileSystemOperations.FileGetSize ENTER (4)
[2016-08-04 09:52:41.009]	[   51]	                       [in][path]=F:\ETWork\Main\TestResults\bacemi_ICSWS068 2016-08-04 09_52_08\Out\FTPRoot\TestSession_234c0918-6a58-4bcd-af88-8e067a871a8e\tempAppendFile.txttestext
[2016-08-04 09:52:41.009]	[   51]	FTPFileSystemOperations.FileGetSize EXIT
[2016-08-04 09:52:41.009]	[   51]	=============================================================
[2016-08-04 09:52:41.015]	[   51]	=============================================================
[2016-08-04 09:52:41.015]	[   51]	FTPFileSystemOperations.DirectoryExists ENTER (12)
[2016-08-04 09:52:41.015]	[   51]	                       [in][path]=F:\ETWork\Main\TestResults\bacemi_ICSWS068 2016-08-04 09_52_08\Out\FTPRoot\TestSession_234c0918-6a58-4bcd-af88-8e067a871a8e
[2016-08-04 09:52:41.015]	[   51]	FTPFileSystemOperations.DirectoryExists EXIT
[2016-08-04 09:52:41.015]	[   51]	=============================================================
[2016-08-04 09:52:41.018]	[   51]	=============================================================
[2016-08-04 09:52:41.018]	[   51]	FTPFileSystemOperations.DirectoryExists ENTER (13)
[2016-08-04 09:52:41.018]	[   51]	                       [in][path]=F:\ETWork\Main\TestResults\bacemi_ICSWS068 2016-08-04 09_52_08\Out\FTPRoot
[2016-08-04 09:52:41.018]	[   51]	FTPFileSystemOperations.DirectoryExists EXIT
[2016-08-04 09:52:41.018]	[   51]	=============================================================
[2016-08-04 09:52:41.028]	[   51]	=============================================================
[2016-08-04 09:52:41.028]	[   51]	FTPFileSystemOperations.FileExists ENTER (2)
[2016-08-04 09:52:41.028]	[   51]	                       [in][path]=F:\ETWork\Main\TestResults\bacemi_ICSWS068 2016-08-04 09_52_08\Out\FTPRoot\TestSession_234c0918-6a58-4bcd-af88-8e067a871a8e\tempAppendFile.txttestext
[2016-08-04 09:52:41.028]	[   51]	FTPFileSystemOperations.FileExists EXIT
[2016-08-04 09:52:41.028]	[   51]	=============================================================
[2016-08-04 09:52:41.028]	[   51]	=============================================================
[2016-08-04 09:52:41.028]	[   51]	FTPFileSystemOperations.FileExists ENTER (3)
[2016-08-04 09:52:41.028]	[   51]	                       [in][path]=F:\ETWork\Main\TestResults\bacemi_ICSWS068 2016-08-04 09_52_08\Out\FTPRoot\TestSession_234c0918-6a58-4bcd-af88-8e067a871a8e\tempAppendFile.txttestext
[2016-08-04 09:52:41.028]	[   51]	FTPFileSystemOperations.FileExists EXIT
[2016-08-04 09:52:41.028]	[   51]	=============================================================
[2016-08-04 09:52:41.028]	[   51]	=============================================================
[2016-08-04 09:52:41.028]	[   51]	FTPFileSystemOperations.OpenFile ENTER (2)
[2016-08-04 09:52:41.028]	[   51]	                       [in][path]=F:\ETWork\Main\TestResults\bacemi_ICSWS068 2016-08-04 09_52_08\Out\FTPRoot\TestSession_234c0918-6a58-4bcd-af88-8e067a871a8e\tempAppendFile.txttestext
[2016-08-04 09:52:41.028]	[   51]	                       [in][openMode]=2
[2016-08-04 09:52:41.028]	[   51]	                       [in][shareMode]=ssmExclusive
[2016-08-04 09:52:41.028]	[   51]	                       [in][fileHandle]=
[2016-08-04 09:52:41.028]	[   51]	                       [out][fileHandle]=
[2016-08-04 09:52:41.028]	[   51]	FTPFileSystemOperations.OpenFile EXIT
[2016-08-04 09:52:41.028]	[   51]	=============================================================
[2016-08-04 09:52:41.028]	[   51]	=============================================================
[2016-08-04 09:52:41.028]	[   51]	FTPFileSystemOperations.FileGetSize ENTER (5)
[2016-08-04 09:52:41.028]	[   51]	                       [in][fileHandle]=System.IO.FileStream
[2016-08-04 09:52:41.028]	[   51]	FTPFileSystemOperations.FileGetSize EXIT
[2016-08-04 09:52:41.028]	[   51]	=============================================================
[2016-08-04 09:52:41.028]	[   51]	=============================================================
[2016-08-04 09:52:41.028]	[   51]	FTPFileSystemOperations.FileSeek ENTER (3)
[2016-08-04 09:52:41.028]	[   51]	                       [in][fileHandle]=System.IO.FileStream
[2016-08-04 09:52:41.028]	[   51]	                       [in][position]=0
[2016-08-04 09:52:41.028]	[   51]	                       [in][origin]=sfsoBegin
[2016-08-04 09:52:41.029]	[   51]	FTPFileSystemOperations.FileSeek EXIT
[2016-08-04 09:52:41.029]	[   51]	=============================================================
[2016-08-04 09:52:41.029]	[   51]	=============================================================
[2016-08-04 09:52:41.029]	[   51]	FTPFileSystemOperations.FileSeek ENTER (4)
[2016-08-04 09:52:41.029]	[   51]	                       [in][fileHandle]=System.IO.FileStream
[2016-08-04 09:52:41.029]	[   51]	                       [in][position]=0
[2016-08-04 09:52:41.029]	[   51]	                       [in][origin]=sfsoEnd
[2016-08-04 09:52:41.029]	[   51]	FTPFileSystemOperations.FileSeek EXIT
[2016-08-04 09:52:41.029]	[   51]	=============================================================
[2016-08-04 09:52:41.067]	[   51]	=============================================================
[2016-08-04 09:52:41.067]	[   51]	FTPFileSystemOperations.FileWrite ENTER (2)
[2016-08-04 09:52:41.067]	[   51]	                       [in][fileHandle]=System.IO.FileStream
[2016-08-04 09:52:41.067]	[   51]	                       [in][buffer]=System.Byte[]
[2016-08-04 09:52:41.067]	[   51]	                       [in][index]=0
[2016-08-04 09:52:41.067]	[   51]	                       [in][size]=6
[2016-08-04 09:52:41.067]	[   51]	FTPFileSystemOperations.FileWrite EXIT
[2016-08-04 09:52:41.067]	[   51]	=============================================================
[2016-08-04 09:52:41.069]	[   51]	=============================================================
[2016-08-04 09:52:41.069]	[   51]	FTPFileSystemOperations.CloseFile ENTER (2)
[2016-08-04 09:52:41.069]	[   51]	                       [in][fileHandle]=System.IO.FileStream
[2016-08-04 09:52:41.069]	[   51]	FTPFileSystemOperations.CloseFile EXIT
[2016-08-04 09:52:41.069]	[   51]	=============================================================
[2016-08-04 09:52:41.080]	[   51]	=============================================================
[2016-08-04 09:52:41.080]	[   51]	FTPFileSystemOperations.GetEntryInformation ENTER (3)
[2016-08-04 09:52:41.080]	[   51]	                       [in][path]=F:\ETWork\Main\TestResults\bacemi_ICSWS068 2016-08-04 09_52_08\Out\FTPRoot\TestSession_234c0918-6a58-4bcd-af88-8e067a871a8e\tempAppendFile.txttestext
[2016-08-04 09:52:41.080]	[   51]	                       [in][entryInfo]=SBCustomFSAdapter.TElVFSEntryInformation
[2016-08-04 09:52:41.080]	[   51]	FTPFileSystemOperations.GetEntryInformation EXIT
[2016-08-04 09:52:41.080]	[   51]	=============================================================
[2016-08-04 09:52:41.083]	[   51]	=============================================================
[2016-08-04 09:52:41.083]	[   51]	FTPFileSystemOperations.FileMove ENTER (3)
[2016-08-04 09:52:41.083]	[   51]	                       [in][fromName]=F:\ETWork\Main\TestResults\bacemi_ICSWS068 2016-08-04 09_52_08\Out\FTPRoot\TestSession_234c0918-6a58-4bcd-af88-8e067a871a8e\tempAppendFile.txttestext
[2016-08-04 09:52:41.083]	[   51]	                       [in][toName]=F:\ETWork\Main\TestResults\bacemi_ICSWS068 2016-08-04 09_52_08\Out\FTPRoot\TestSession_234c0918-6a58-4bcd-af88-8e067a871a8e\tempAppendFile.txt
[2016-08-04 09:52:41.084]	[   51]	FTPFileSystemOperations.FileMove EXIT
[2016-08-04 09:52:41.084]	[   51]	=============================================================
[2016-08-04 09:52:41.086]	[   25]	Client connected from 127.0.0.1:34778
[2016-08-04 09:52:41.131]	[   30]	AuthAttempt by user ftpUser2
[2016-08-04 09:52:41.131]	[   30]	Access granted to user ftpUser2
[2016-08-04 09:52:41.143]	[   30]	=============================================================
[2016-08-04 09:52:41.143]	[   30]	FTPFileSystemOperations.FileGetSize ENTER (6)
[2016-08-04 09:52:41.143]	[   30]	                       [in][path]=F:\ETWork\Main\TestResults\bacemi_ICSWS068 2016-08-04 09_52_08\Out\FTPRoot\TestSession_234c0918-6a58-4bcd-af88-8e067a871a8e\tempAppendFile.txt
[2016-08-04 09:52:41.143]	[   30]	FTPFileSystemOperations.FileGetSize EXIT
[2016-08-04 09:52:41.143]	[   30]	=============================================================
[2016-08-04 09:52:41.144]	[   30]	Client disconnected.
[2016-08-04 09:52:41.147]	[   51]	Client disconnected.</StdOut>
      </Output>
    </UnitTestResult>
    <UnitTestResult executionId="4f7b3432-7344-4bf6-987e-97603ec3ee83" testId="b974d507-3503-1767-da97-2c27f3fbc61b" testName="WriteFromFile_CreateTemporaryFileWithAppendAndCheckFileSize_DoesNotThrowException" computerName="ICSWS068" duration="00:00:00.5823215" startTime="2016-08-04T09:52:41.1595951+02:00" endTime="2016-08-04T09:52:41.7433966+02:00" testType="13cdc9d9-ddb5-4fa4-a97d-d965ccfc6d4b" outcome="Passed" testListId="8c84fa94-04c1-424b-9868-57a2d4851a1d" relativeResultsDirectory="4f7b3432-7344-4bf6-987e-97603ec3ee83">
      <Output>
        <StdOut>Debug Trace:
[2016-08-04 09:52:41.170]	[   27]	FTP server started 

==============================Server settings==============================
Listening Address: 127.0.0.1
Listening Port: 30021
AllowAnonymous: True
==============================Server settings==============================

[2016-08-04 09:52:41.178]	[   28]	Client connected from 127.0.0.1:34779
[2016-08-04 09:52:41.222]	[   33]	AuthAttempt by user ftpUser2
[2016-08-04 09:52:41.222]	[   33]	Access granted to user ftpUser2
[2016-08-04 09:52:41.234]	[   33]	=============================================================
[2016-08-04 09:52:41.234]	[   33]	FTPFileSystemOperations.DirectoryMake ENTER (1)
[2016-08-04 09:52:41.234]	[   33]	                       [in][path]=F:\ETWork\Main\TestResults\bacemi_ICSWS068 2016-08-04 09_52_08\Out\FTPRoot\TestSession_1ab3cc23-0fe1-4dc8-bbd7-33a0930ed468
[2016-08-04 09:52:41.234]	[   33]	FTPFileSystemOperations.DirectoryMake EXIT
[2016-08-04 09:52:41.234]	[   33]	=============================================================
[2016-08-04 09:52:41.237]	[   33]	Client disconnected.
[2016-08-04 09:52:41.240]	[   28]	Client connected from 127.0.0.1:34780
[2016-08-04 09:52:41.286]	[   35]	AuthAttempt by user ftpUser2
[2016-08-04 09:52:41.286]	[   35]	Access granted to user ftpUser2
[2016-08-04 09:52:41.298]	[   35]	=============================================================
[2016-08-04 09:52:41.298]	[   35]	FTPFileSystemOperations.DirectoryExists ENTER (1)
[2016-08-04 09:52:41.298]	[   35]	                       [in][path]=F:\ETWork\Main\TestResults\bacemi_ICSWS068 2016-08-04 09_52_08\Out\FTPRoot\TestSession_1ab3cc23-0fe1-4dc8-bbd7-33a0930ed468
[2016-08-04 09:52:41.298]	[   35]	FTPFileSystemOperations.DirectoryExists EXIT
[2016-08-04 09:52:41.298]	[   35]	=============================================================
FileTransferPath.GetDirectoryName: path=/TestSession_1ab3cc23-0fe1-4dc8-bbd7-33a0930ed468/tempAppendFile2.txt directorySeparator=
\TestSession_1ab3cc23-0fe1-4dc8-bbd7-33a0930ed468: FileTransferPath.GetDirectoryName: Path.GetDirectoryName={0}
[2016-08-04 09:52:41.300]	[   35]	Client disconnected.
[2016-08-04 09:52:41.301]	[   28]	Client connected from 127.0.0.1:34781
[2016-08-04 09:52:41.345]	[   41]	AuthAttempt by user ftpUser2
[2016-08-04 09:52:41.345]	[   41]	Access granted to user ftpUser2
[2016-08-04 09:52:41.361]	[   41]	=============================================================
[2016-08-04 09:52:41.361]	[   41]	FTPFileSystemOperations.DirectoryExists ENTER (2)
[2016-08-04 09:52:41.361]	[   41]	                       [in][path]=F:\ETWork\Main\TestResults\bacemi_ICSWS068 2016-08-04 09_52_08\Out\FTPRoot\TestSession_1ab3cc23-0fe1-4dc8-bbd7-33a0930ed468
[2016-08-04 09:52:41.361]	[   41]	FTPFileSystemOperations.DirectoryExists EXIT
[2016-08-04 09:52:41.361]	[   41]	=============================================================
[2016-08-04 09:52:41.370]	[   41]	=============================================================
[2016-08-04 09:52:41.370]	[   41]	FTPFileSystemOperations.DirectoryExists ENTER (3)
[2016-08-04 09:52:41.370]	[   41]	                       [in][path]=F:\ETWork\Main\TestResults\bacemi_ICSWS068 2016-08-04 09_52_08\Out\FTPRoot\TestSession_1ab3cc23-0fe1-4dc8-bbd7-33a0930ed468
[2016-08-04 09:52:41.370]	[   41]	FTPFileSystemOperations.DirectoryExists EXIT
[2016-08-04 09:52:41.370]	[   41]	=============================================================
[2016-08-04 09:52:41.370]	[   41]	=============================================================
[2016-08-04 09:52:41.370]	[   41]	FTPFileSystemOperations.DirectoryExists ENTER (4)
[2016-08-04 09:52:41.370]	[   41]	                       [in][path]=F:\ETWork\Main\TestResults\bacemi_ICSWS068 2016-08-04 09_52_08\Out\FTPRoot\TestSession_1ab3cc23-0fe1-4dc8-bbd7-33a0930ed468
[2016-08-04 09:52:41.371]	[   41]	FTPFileSystemOperations.DirectoryExists EXIT
[2016-08-04 09:52:41.371]	[   41]	=============================================================
[2016-08-04 09:52:41.371]	[   41]	=============================================================
[2016-08-04 09:52:41.371]	[   41]	FTPFileSystemOperations.GetDirectoryEntries ENTER (1)
[2016-08-04 09:52:41.371]	[   41]	                       [in][path]=F:\ETWork\Main\TestResults\bacemi_ICSWS068 2016-08-04 09_52_08\Out\FTPRoot\TestSession_1ab3cc23-0fe1-4dc8-bbd7-33a0930ed468
[2016-08-04 09:52:41.371]	[   41]	                       [in][subPath]=
[2016-08-04 09:52:41.371]	[   41]	                       [in][regexValue]=
[2016-08-04 09:52:41.371]	[   41]	                       [in][maskList]=SBStringList.TElStringList
[2016-08-04 09:52:41.371]	[   41]	                       [in][recursive]=False
[2016-08-04 09:52:41.371]	[   41]	                       [in][list]=System.Collections.ArrayList
[2016-08-04 09:52:41.371]	[   41]	FTPFileSystemOperations.GetDirectoryEntries EXIT
[2016-08-04 09:52:41.371]	[   41]	=============================================================
[2016-08-04 09:52:41.415]	[   41]	=============================================================
[2016-08-04 09:52:41.415]	[   41]	FTPFileSystemOperations.DirectoryExists ENTER (5)
[2016-08-04 09:52:41.415]	[   41]	                       [in][path]=F:\ETWork\Main\TestResults\bacemi_ICSWS068 2016-08-04 09_52_08\Out\FTPRoot
[2016-08-04 09:52:41.415]	[   41]	FTPFileSystemOperations.DirectoryExists EXIT
[2016-08-04 09:52:41.415]	[   41]	=============================================================
[2016-08-04 09:52:41.421]	[   41]	=============================================================
[2016-08-04 09:52:41.421]	[   41]	FTPFileSystemOperations.FileGetSize ENTER (1)
[2016-08-04 09:52:41.421]	[   41]	                       [in][path]=F:\ETWork\Main\TestResults\bacemi_ICSWS068 2016-08-04 09_52_08\Out\FTPRoot\TestSession_1ab3cc23-0fe1-4dc8-bbd7-33a0930ed468\tempAppendFile2.txttestext
[2016-08-04 09:52:41.421]	[   41]	EXCEPTION  System.IO.FileNotFoundException: Could not find file 'F:\ETWork\Main\TestResults\bacemi_ICSWS068 2016-08-04 09_52_08\Out\FTPRoot\TestSession_1ab3cc23-0fe1-4dc8-bbd7-33a0930ed468\tempAppendFile2.txttestext'.
File name: 'F:\ETWork\Main\TestResults\bacemi_ICSWS068 2016-08-04 09_52_08\Out\FTPRoot\TestSession_1ab3cc23-0fe1-4dc8-bbd7-33a0930ed468\tempAppendFile2.txttestext'
   at System.IO.__Error.WinIOError(Int32 errorCode, String maybeFullPath)
   at System.IO.FileInfo.get_Length()
   at Testing.IntgTests.Servers.FTPServer.FTPFileSystemOperations.FileGetSize(String path) in F:\ETWork\Main\Testing\Assemblies\Testing.IntgTests.Servers\FTPServer\FTPFileSystemOperations.cs:line 597
   at DynamicModule.ns.Wrapped_IFTPFileOperations_b98f8b1f9b4a43008ee35aeda0b5b177.&lt;FileGetSize_DelegateImplementation&gt;__15(IMethodInvocation inputs, GetNextInterceptionBehaviorDelegate getNext)
[2016-08-04 09:52:41.421]	[   41]	FTPFileSystemOperations.FileGetSize EXIT
[2016-08-04 09:52:41.421]	[   41]	=============================================================
[2016-08-04 09:52:41.427]	[   41]	=============================================================
[2016-08-04 09:52:41.427]	[   41]	FTPFileSystemOperations.FileGetSize ENTER (2)
[2016-08-04 09:52:41.427]	[   41]	                       [in][path]=F:\ETWork\Main\TestResults\bacemi_ICSWS068 2016-08-04 09_52_08\Out\FTPRoot\TestSession_1ab3cc23-0fe1-4dc8-bbd7-33a0930ed468\tempAppendFile2.txttestext
[2016-08-04 09:52:41.427]	[   41]	EXCEPTION  System.IO.FileNotFoundException: Could not find file 'F:\ETWork\Main\TestResults\bacemi_ICSWS068 2016-08-04 09_52_08\Out\FTPRoot\TestSession_1ab3cc23-0fe1-4dc8-bbd7-33a0930ed468\tempAppendFile2.txttestext'.
File name: 'F:\ETWork\Main\TestResults\bacemi_ICSWS068 2016-08-04 09_52_08\Out\FTPRoot\TestSession_1ab3cc23-0fe1-4dc8-bbd7-33a0930ed468\tempAppendFile2.txttestext'
   at System.IO.__Error.WinIOError(Int32 errorCode, String maybeFullPath)
   at System.IO.FileInfo.get_Length()
   at Testing.IntgTests.Servers.FTPServer.FTPFileSystemOperations.FileGetSize(String path) in F:\ETWork\Main\Testing\Assemblies\Testing.IntgTests.Servers\FTPServer\FTPFileSystemOperations.cs:line 597
   at DynamicModule.ns.Wrapped_IFTPFileOperations_b98f8b1f9b4a43008ee35aeda0b5b177.&lt;FileGetSize_DelegateImplementation&gt;__15(IMethodInvocation inputs, GetNextInterceptionBehaviorDelegate getNext)
[2016-08-04 09:52:41.427]	[   41]	FTPFileSystemOperations.FileGetSize EXIT
[2016-08-04 09:52:41.427]	[   41]	=============================================================
[2016-08-04 09:52:41.433]	[   41]	=============================================================
[2016-08-04 09:52:41.433]	[   41]	FTPFileSystemOperations.DirectoryExists ENTER (6)
[2016-08-04 09:52:41.433]	[   41]	                       [in][path]=F:\ETWork\Main\TestResults\bacemi_ICSWS068 2016-08-04 09_52_08\Out\FTPRoot\TestSession_1ab3cc23-0fe1-4dc8-bbd7-33a0930ed468
[2016-08-04 09:52:41.433]	[   41]	FTPFileSystemOperations.DirectoryExists EXIT
[2016-08-04 09:52:41.433]	[   41]	=============================================================
[2016-08-04 09:52:41.436]	[   41]	=============================================================
[2016-08-04 09:52:41.436]	[   41]	FTPFileSystemOperations.DirectoryExists ENTER (7)
[2016-08-04 09:52:41.436]	[   41]	                       [in][path]=F:\ETWork\Main\TestResults\bacemi_ICSWS068 2016-08-04 09_52_08\Out\FTPRoot
[2016-08-04 09:52:41.436]	[   41]	FTPFileSystemOperations.DirectoryExists EXIT
[2016-08-04 09:52:41.436]	[   41]	=============================================================
[2016-08-04 09:52:41.445]	[   41]	=============================================================
[2016-08-04 09:52:41.445]	[   41]	FTPFileSystemOperations.FileExists ENTER (1)
[2016-08-04 09:52:41.445]	[   41]	                       [in][path]=F:\ETWork\Main\TestResults\bacemi_ICSWS068 2016-08-04 09_52_08\Out\FTPRoot\TestSession_1ab3cc23-0fe1-4dc8-bbd7-33a0930ed468\tempAppendFile2.txttestext
[2016-08-04 09:52:41.445]	[   41]	FTPFileSystemOperations.FileExists EXIT
[2016-08-04 09:52:41.445]	[   41]	=============================================================
[2016-08-04 09:52:41.445]	[   41]	=============================================================
[2016-08-04 09:52:41.445]	[   41]	FTPFileSystemOperations.OpenFile ENTER (1)
[2016-08-04 09:52:41.445]	[   41]	                       [in][path]=F:\ETWork\Main\TestResults\bacemi_ICSWS068 2016-08-04 09_52_08\Out\FTPRoot\TestSession_1ab3cc23-0fe1-4dc8-bbd7-33a0930ed468\tempAppendFile2.txttestext
[2016-08-04 09:52:41.445]	[   41]	                       [in][openMode]=4
[2016-08-04 09:52:41.445]	[   41]	                       [in][shareMode]=ssmExclusive
[2016-08-04 09:52:41.445]	[   41]	                       [in][fileHandle]=
[2016-08-04 09:52:41.445]	[   41]	                       [out][fileHandle]=
[2016-08-04 09:52:41.445]	[   41]	FTPFileSystemOperations.OpenFile EXIT
[2016-08-04 09:52:41.445]	[   41]	=============================================================
[2016-08-04 09:52:41.445]	[   41]	=============================================================
[2016-08-04 09:52:41.445]	[   41]	FTPFileSystemOperations.FileGetSize ENTER (3)
[2016-08-04 09:52:41.445]	[   41]	                       [in][fileHandle]=System.IO.FileStream
[2016-08-04 09:52:41.445]	[   41]	FTPFileSystemOperations.FileGetSize EXIT
[2016-08-04 09:52:41.445]	[   41]	=============================================================
[2016-08-04 09:52:41.445]	[   41]	=============================================================
[2016-08-04 09:52:41.445]	[   41]	FTPFileSystemOperations.FileSeek ENTER (1)
[2016-08-04 09:52:41.445]	[   41]	                       [in][fileHandle]=System.IO.FileStream
[2016-08-04 09:52:41.445]	[   41]	                       [in][position]=0
[2016-08-04 09:52:41.445]	[   41]	                       [in][origin]=sfsoEnd
[2016-08-04 09:52:41.445]	[   41]	FTPFileSystemOperations.FileSeek EXIT
[2016-08-04 09:52:41.445]	[   41]	=============================================================
[2016-08-04 09:52:41.445]	[   41]	=============================================================
[2016-08-04 09:52:41.445]	[   41]	FTPFileSystemOperations.FileSeek ENTER (2)
[2016-08-04 09:52:41.446]	[   41]	                       [in][fileHandle]=System.IO.FileStream
[2016-08-04 09:52:41.446]	[   41]	                       [in][position]=0
[2016-08-04 09:52:41.446]	[   41]	                       [in][origin]=sfsoEnd
[2016-08-04 09:52:41.446]	[   41]	FTPFileSystemOperations.FileSeek EXIT
[2016-08-04 09:52:41.446]	[   41]	=============================================================
[2016-08-04 09:52:41.486]	[   41]	=============================================================
[2016-08-04 09:52:41.486]	[   41]	FTPFileSystemOperations.FileWrite ENTER (1)
[2016-08-04 09:52:41.486]	[   41]	                       [in][fileHandle]=System.IO.FileStream
[2016-08-04 09:52:41.486]	[   41]	                       [in][buffer]=System.Byte[]
[2016-08-04 09:52:41.486]	[   41]	                       [in][index]=0
[2016-08-04 09:52:41.486]	[   41]	                       [in][size]=6
[2016-08-04 09:52:41.486]	[   41]	FTPFileSystemOperations.FileWrite EXIT
[2016-08-04 09:52:41.486]	[   41]	=============================================================
[2016-08-04 09:52:41.488]	[   41]	=============================================================
[2016-08-04 09:52:41.488]	[   41]	FTPFileSystemOperations.CloseFile ENTER (1)
[2016-08-04 09:52:41.488]	[   41]	                       [in][fileHandle]=System.IO.FileStream
[2016-08-04 09:52:41.488]	[   41]	FTPFileSystemOperations.CloseFile EXIT
[2016-08-04 09:52:41.489]	[   41]	=============================================================
[2016-08-04 09:52:41.496]	[   41]	=============================================================
[2016-08-04 09:52:41.496]	[   41]	FTPFileSystemOperations.FileGetSize ENTER (4)
[2016-08-04 09:52:41.496]	[   41]	                       [in][path]=F:\ETWork\Main\TestResults\bacemi_ICSWS068 2016-08-04 09_52_08\Out\FTPRoot\TestSession_1ab3cc23-0fe1-4dc8-bbd7-33a0930ed468\tempAppendFile2.txttestext
[2016-08-04 09:52:41.496]	[   41]	FTPFileSystemOperations.FileGetSize EXIT
[2016-08-04 09:52:41.496]	[   41]	=============================================================
[2016-08-04 09:52:41.505]	[   41]	=============================================================
[2016-08-04 09:52:41.505]	[   41]	FTPFileSystemOperations.GetEntryInformation ENTER (1)
[2016-08-04 09:52:41.505]	[   41]	                       [in][path]=F:\ETWork\Main\TestResults\bacemi_ICSWS068 2016-08-04 09_52_08\Out\FTPRoot\TestSession_1ab3cc23-0fe1-4dc8-bbd7-33a0930ed468\tempAppendFile2.txttestext
[2016-08-04 09:52:41.505]	[   41]	                       [in][entryInfo]=SBCustomFSAdapter.TElVFSEntryInformation
[2016-08-04 09:52:41.505]	[   41]	FTPFileSystemOperations.GetEntryInformation EXIT
[2016-08-04 09:52:41.505]	[   41]	=============================================================
[2016-08-04 09:52:41.508]	[   41]	=============================================================
[2016-08-04 09:52:41.508]	[   41]	FTPFileSystemOperations.FileMove ENTER (1)
[2016-08-04 09:52:41.508]	[   41]	                       [in][fromName]=F:\ETWork\Main\TestResults\bacemi_ICSWS068 2016-08-04 09_52_08\Out\FTPRoot\TestSession_1ab3cc23-0fe1-4dc8-bbd7-33a0930ed468\tempAppendFile2.txttestext
[2016-08-04 09:52:41.508]	[   41]	                       [in][toName]=F:\ETWork\Main\TestResults\bacemi_ICSWS068 2016-08-04 09_52_08\Out\FTPRoot\TestSession_1ab3cc23-0fe1-4dc8-bbd7-33a0930ed468\tempAppendFile2.txt
[2016-08-04 09:52:41.508]	[   41]	FTPFileSystemOperations.FileMove EXIT
[2016-08-04 09:52:41.509]	[   41]	=============================================================
FileTransferPath.GetDirectoryName: path=/TestSession_1ab3cc23-0fe1-4dc8-bbd7-33a0930ed468/tempAppendFile2.txt directorySeparator=
\TestSession_1ab3cc23-0fe1-4dc8-bbd7-33a0930ed468: FileTransferPath.GetDirectoryName: Path.GetDirectoryName={0}
[2016-08-04 09:52:41.517]	[   41]	=============================================================
[2016-08-04 09:52:41.517]	[   41]	FTPFileSystemOperations.DirectoryExists ENTER (8)
[2016-08-04 09:52:41.517]	[   41]	                       [in][path]=F:\ETWork\Main\TestResults\bacemi_ICSWS068 2016-08-04 09_52_08\Out\FTPRoot\TestSession_1ab3cc23-0fe1-4dc8-bbd7-33a0930ed468
[2016-08-04 09:52:41.517]	[   41]	FTPFileSystemOperations.DirectoryExists EXIT
[2016-08-04 09:52:41.517]	[   41]	=============================================================
[2016-08-04 09:52:41.525]	[   41]	=============================================================
[2016-08-04 09:52:41.525]	[   41]	FTPFileSystemOperations.DirectoryExists ENTER (9)
[2016-08-04 09:52:41.525]	[   41]	                       [in][path]=F:\ETWork\Main\TestResults\bacemi_ICSWS068 2016-08-04 09_52_08\Out\FTPRoot\TestSession_1ab3cc23-0fe1-4dc8-bbd7-33a0930ed468
[2016-08-04 09:52:41.525]	[   41]	FTPFileSystemOperations.DirectoryExists EXIT
[2016-08-04 09:52:41.525]	[   41]	=============================================================
[2016-08-04 09:52:41.525]	[   41]	=============================================================
[2016-08-04 09:52:41.525]	[   41]	FTPFileSystemOperations.DirectoryExists ENTER (10)
[2016-08-04 09:52:41.525]	[   41]	                       [in][path]=F:\ETWork\Main\TestResults\bacemi_ICSWS068 2016-08-04 09_52_08\Out\FTPRoot\TestSession_1ab3cc23-0fe1-4dc8-bbd7-33a0930ed468
[2016-08-04 09:52:41.525]	[   41]	FTPFileSystemOperations.DirectoryExists EXIT
[2016-08-04 09:52:41.525]	[   41]	=============================================================
[2016-08-04 09:52:41.525]	[   41]	=============================================================
[2016-08-04 09:52:41.526]	[   41]	FTPFileSystemOperations.GetDirectoryEntries ENTER (2)
[2016-08-04 09:52:41.526]	[   41]	                       [in][path]=F:\ETWork\Main\TestResults\bacemi_ICSWS068 2016-08-04 09_52_08\Out\FTPRoot\TestSession_1ab3cc23-0fe1-4dc8-bbd7-33a0930ed468
[2016-08-04 09:52:41.526]	[   41]	                       [in][subPath]=
[2016-08-04 09:52:41.526]	[   41]	                       [in][regexValue]=
[2016-08-04 09:52:41.526]	[   41]	                       [in][maskList]=SBStringList.TElStringList
[2016-08-04 09:52:41.526]	[   41]	                       [in][recursive]=False
[2016-08-04 09:52:41.526]	[   41]	                       [in][list]=System.Collections.ArrayList
[2016-08-04 09:52:41.526]	[   41]	FTPFileSystemOperations.GetDirectoryEntries EXIT
[2016-08-04 09:52:41.526]	[   41]	=============================================================
[2016-08-04 09:52:41.570]	[   41]	=============================================================
[2016-08-04 09:52:41.570]	[   41]	FTPFileSystemOperations.DirectoryExists ENTER (11)
[2016-08-04 09:52:41.570]	[   41]	                       [in][path]=F:\ETWork\Main\TestResults\bacemi_ICSWS068 2016-08-04 09_52_08\Out\FTPRoot
[2016-08-04 09:52:41.570]	[   41]	FTPFileSystemOperations.DirectoryExists EXIT
[2016-08-04 09:52:41.570]	[   41]	=============================================================
[2016-08-04 09:52:41.578]	[   41]	=============================================================
[2016-08-04 09:52:41.578]	[   41]	FTPFileSystemOperations.FileGetSize ENTER (5)
[2016-08-04 09:52:41.578]	[   41]	                       [in][path]=F:\ETWork\Main\TestResults\bacemi_ICSWS068 2016-08-04 09_52_08\Out\FTPRoot\TestSession_1ab3cc23-0fe1-4dc8-bbd7-33a0930ed468\tempAppendFile2.txttestext
[2016-08-04 09:52:41.579]	[   41]	EXCEPTION  System.IO.FileNotFoundException: Could not find file 'F:\ETWork\Main\TestResults\bacemi_ICSWS068 2016-08-04 09_52_08\Out\FTPRoot\TestSession_1ab3cc23-0fe1-4dc8-bbd7-33a0930ed468\tempAppendFile2.txttestext'.
File name: 'F:\ETWork\Main\TestResults\bacemi_ICSWS068 2016-08-04 09_52_08\Out\FTPRoot\TestSession_1ab3cc23-0fe1-4dc8-bbd7-33a0930ed468\tempAppendFile2.txttestext'
   at System.IO.__Error.WinIOError(Int32 errorCode, String maybeFullPath)
   at System.IO.FileInfo.get_Length()
   at Testing.IntgTests.Servers.FTPServer.FTPFileSystemOperations.FileGetSize(String path) in F:\ETWork\Main\Testing\Assemblies\Testing.IntgTests.Servers\FTPServer\FTPFileSystemOperations.cs:line 597
   at DynamicModule.ns.Wrapped_IFTPFileOperations_b98f8b1f9b4a43008ee35aeda0b5b177.&lt;FileGetSize_DelegateImplementation&gt;__15(IMethodInvocation inputs, GetNextInterceptionBehaviorDelegate getNext)
[2016-08-04 09:52:41.579]	[   41]	FTPFileSystemOperations.FileGetSize EXIT
[2016-08-04 09:52:41.579]	[   41]	=============================================================
[2016-08-04 09:52:41.581]	[   41]	=============================================================
[2016-08-04 09:52:41.581]	[   41]	FTPFileSystemOperations.GetEntryInformation ENTER (2)
[2016-08-04 09:52:41.581]	[   41]	                       [in][path]=F:\ETWork\Main\TestResults\bacemi_ICSWS068 2016-08-04 09_52_08\Out\FTPRoot\TestSession_1ab3cc23-0fe1-4dc8-bbd7-33a0930ed468\tempAppendFile2.txt
[2016-08-04 09:52:41.581]	[   41]	                       [in][entryInfo]=SBCustomFSAdapter.TElVFSEntryInformation
[2016-08-04 09:52:41.581]	[   41]	FTPFileSystemOperations.GetEntryInformation EXIT
[2016-08-04 09:52:41.581]	[   41]	=============================================================
[2016-08-04 09:52:41.585]	[   41]	=============================================================
[2016-08-04 09:52:41.585]	[   41]	FTPFileSystemOperations.FileMove ENTER (2)
[2016-08-04 09:52:41.585]	[   41]	                       [in][fromName]=F:\ETWork\Main\TestResults\bacemi_ICSWS068 2016-08-04 09_52_08\Out\FTPRoot\TestSession_1ab3cc23-0fe1-4dc8-bbd7-33a0930ed468\tempAppendFile2.txt
[2016-08-04 09:52:41.585]	[   41]	                       [in][toName]=F:\ETWork\Main\TestResults\bacemi_ICSWS068 2016-08-04 09_52_08\Out\FTPRoot\TestSession_1ab3cc23-0fe1-4dc8-bbd7-33a0930ed468\tempAppendFile2.txttestext
[2016-08-04 09:52:41.585]	[   41]	FTPFileSystemOperations.FileMove EXIT
[2016-08-04 09:52:41.585]	[   41]	=============================================================
[2016-08-04 09:52:41.592]	[   41]	=============================================================
[2016-08-04 09:52:41.592]	[   41]	FTPFileSystemOperations.FileGetSize ENTER (6)
[2016-08-04 09:52:41.592]	[   41]	                       [in][path]=F:\ETWork\Main\TestResults\bacemi_ICSWS068 2016-08-04 09_52_08\Out\FTPRoot\TestSession_1ab3cc23-0fe1-4dc8-bbd7-33a0930ed468\tempAppendFile2.txttestext
[2016-08-04 09:52:41.592]	[   41]	FTPFileSystemOperations.FileGetSize EXIT
[2016-08-04 09:52:41.592]	[   41]	=============================================================
[2016-08-04 09:52:41.597]	[   41]	=============================================================
[2016-08-04 09:52:41.597]	[   41]	FTPFileSystemOperations.FileGetSize ENTER (7)
[2016-08-04 09:52:41.597]	[   41]	                       [in][path]=F:\ETWork\Main\TestResults\bacemi_ICSWS068 2016-08-04 09_52_08\Out\FTPRoot\TestSession_1ab3cc23-0fe1-4dc8-bbd7-33a0930ed468\tempAppendFile2.txttestext
[2016-08-04 09:52:41.597]	[   41]	FTPFileSystemOperations.FileGetSize EXIT
[2016-08-04 09:52:41.597]	[   41]	=============================================================
[2016-08-04 09:52:41.603]	[   41]	=============================================================
[2016-08-04 09:52:41.603]	[   41]	FTPFileSystemOperations.DirectoryExists ENTER (12)
[2016-08-04 09:52:41.603]	[   41]	                       [in][path]=F:\ETWork\Main\TestResults\bacemi_ICSWS068 2016-08-04 09_52_08\Out\FTPRoot\TestSession_1ab3cc23-0fe1-4dc8-bbd7-33a0930ed468
[2016-08-04 09:52:41.603]	[   41]	FTPFileSystemOperations.DirectoryExists EXIT
[2016-08-04 09:52:41.603]	[   41]	=============================================================
[2016-08-04 09:52:41.606]	[   41]	=============================================================
[2016-08-04 09:52:41.606]	[   41]	FTPFileSystemOperations.DirectoryExists ENTER (13)
[2016-08-04 09:52:41.606]	[   41]	                       [in][path]=F:\ETWork\Main\TestResults\bacemi_ICSWS068 2016-08-04 09_52_08\Out\FTPRoot
[2016-08-04 09:52:41.606]	[   41]	FTPFileSystemOperations.DirectoryExists EXIT
[2016-08-04 09:52:41.606]	[   41]	=============================================================
[2016-08-04 09:52:41.615]	[   41]	=============================================================
[2016-08-04 09:52:41.615]	[   41]	FTPFileSystemOperations.FileExists ENTER (2)
[2016-08-04 09:52:41.615]	[   41]	                       [in][path]=F:\ETWork\Main\TestResults\bacemi_ICSWS068 2016-08-04 09_52_08\Out\FTPRoot\TestSession_1ab3cc23-0fe1-4dc8-bbd7-33a0930ed468\tempAppendFile2.txttestext
[2016-08-04 09:52:41.615]	[   41]	FTPFileSystemOperations.FileExists EXIT
[2016-08-04 09:52:41.615]	[   41]	=============================================================
[2016-08-04 09:52:41.615]	[   41]	=============================================================
[2016-08-04 09:52:41.615]	[   41]	FTPFileSystemOperations.FileExists ENTER (3)
[2016-08-04 09:52:41.615]	[   41]	                       [in][path]=F:\ETWork\Main\TestResults\bacemi_ICSWS068 2016-08-04 09_52_08\Out\FTPRoot\TestSession_1ab3cc23-0fe1-4dc8-bbd7-33a0930ed468\tempAppendFile2.txttestext
[2016-08-04 09:52:41.616]	[   41]	FTPFileSystemOperations.FileExists EXIT
[2016-08-04 09:52:41.616]	[   41]	=============================================================
[2016-08-04 09:52:41.616]	[   41]	=============================================================
[2016-08-04 09:52:41.616]	[   41]	FTPFileSystemOperations.OpenFile ENTER (2)
[2016-08-04 09:52:41.616]	[   41]	                       [in][path]=F:\ETWork\Main\TestResults\bacemi_ICSWS068 2016-08-04 09_52_08\Out\FTPRoot\TestSession_1ab3cc23-0fe1-4dc8-bbd7-33a0930ed468\tempAppendFile2.txttestext
[2016-08-04 09:52:41.616]	[   41]	                       [in][openMode]=2
[2016-08-04 09:52:41.616]	[   41]	                       [in][shareMode]=ssmExclusive
[2016-08-04 09:52:41.616]	[   41]	                       [in][fileHandle]=
[2016-08-04 09:52:41.616]	[   41]	                       [out][fileHandle]=
[2016-08-04 09:52:41.616]	[   41]	FTPFileSystemOperations.OpenFile EXIT
[2016-08-04 09:52:41.616]	[   41]	=============================================================
[2016-08-04 09:52:41.616]	[   41]	=============================================================
[2016-08-04 09:52:41.616]	[   41]	FTPFileSystemOperations.FileGetSize ENTER (8)
[2016-08-04 09:52:41.616]	[   41]	                       [in][fileHandle]=System.IO.FileStream
[2016-08-04 09:52:41.616]	[   41]	FTPFileSystemOperations.FileGetSize EXIT
[2016-08-04 09:52:41.616]	[   41]	=============================================================
[2016-08-04 09:52:41.616]	[   41]	=============================================================
[2016-08-04 09:52:41.616]	[   41]	FTPFileSystemOperations.FileSeek ENTER (3)
[2016-08-04 09:52:41.616]	[   41]	                       [in][fileHandle]=System.IO.FileStream
[2016-08-04 09:52:41.616]	[   41]	                       [in][position]=0
[2016-08-04 09:52:41.616]	[   41]	                       [in][origin]=sfsoBegin
[2016-08-04 09:52:41.616]	[   41]	FTPFileSystemOperations.FileSeek EXIT
[2016-08-04 09:52:41.616]	[   41]	=============================================================
[2016-08-04 09:52:41.616]	[   41]	=============================================================
[2016-08-04 09:52:41.616]	[   41]	FTPFileSystemOperations.FileSeek ENTER (4)
[2016-08-04 09:52:41.616]	[   41]	                       [in][fileHandle]=System.IO.FileStream
[2016-08-04 09:52:41.616]	[   41]	                       [in][position]=0
[2016-08-04 09:52:41.616]	[   41]	                       [in][origin]=sfsoEnd
[2016-08-04 09:52:41.616]	[   41]	FTPFileSystemOperations.FileSeek EXIT
[2016-08-04 09:52:41.616]	[   41]	=============================================================
[2016-08-04 09:52:41.656]	[   41]	=============================================================
[2016-08-04 09:52:41.656]	[   41]	FTPFileSystemOperations.FileWrite ENTER (2)
[2016-08-04 09:52:41.656]	[   41]	                       [in][fileHandle]=System.IO.FileStream
[2016-08-04 09:52:41.656]	[   41]	                       [in][buffer]=System.Byte[]
[2016-08-04 09:52:41.656]	[   41]	                       [in][index]=0
[2016-08-04 09:52:41.656]	[   41]	                       [in][size]=6
[2016-08-04 09:52:41.656]	[   41]	FTPFileSystemOperations.FileWrite EXIT
[2016-08-04 09:52:41.656]	[   41]	=============================================================
[2016-08-04 09:52:41.657]	[   41]	=============================================================
[2016-08-04 09:52:41.657]	[   41]	FTPFileSystemOperations.CloseFile ENTER (2)
[2016-08-04 09:52:41.657]	[   41]	                       [in][fileHandle]=System.IO.FileStream
[2016-08-04 09:52:41.658]	[   41]	FTPFileSystemOperations.CloseFile EXIT
[2016-08-04 09:52:41.658]	[   41]	=============================================================
[2016-08-04 09:52:41.665]	[   41]	=============================================================
[2016-08-04 09:52:41.665]	[   41]	FTPFileSystemOperations.FileGetSize ENTER (9)
[2016-08-04 09:52:41.665]	[   41]	                       [in][path]=F:\ETWork\Main\TestResults\bacemi_ICSWS068 2016-08-04 09_52_08\Out\FTPRoot\TestSession_1ab3cc23-0fe1-4dc8-bbd7-33a0930ed468\tempAppendFile2.txttestext
[2016-08-04 09:52:41.665]	[   41]	FTPFileSystemOperations.FileGetSize EXIT
[2016-08-04 09:52:41.665]	[   41]	=============================================================
[2016-08-04 09:52:41.674]	[   41]	=============================================================
[2016-08-04 09:52:41.674]	[   41]	FTPFileSystemOperations.GetEntryInformation ENTER (3)
[2016-08-04 09:52:41.674]	[   41]	                       [in][path]=F:\ETWork\Main\TestResults\bacemi_ICSWS068 2016-08-04 09_52_08\Out\FTPRoot\TestSession_1ab3cc23-0fe1-4dc8-bbd7-33a0930ed468\tempAppendFile2.txttestext
[2016-08-04 09:52:41.674]	[   41]	                       [in][entryInfo]=SBCustomFSAdapter.TElVFSEntryInformation
[2016-08-04 09:52:41.674]	[   41]	FTPFileSystemOperations.GetEntryInformation EXIT
[2016-08-04 09:52:41.674]	[   41]	=============================================================
[2016-08-04 09:52:41.677]	[   41]	=============================================================
[2016-08-04 09:52:41.677]	[   41]	FTPFileSystemOperations.FileMove ENTER (3)
[2016-08-04 09:52:41.677]	[   41]	                       [in][fromName]=F:\ETWork\Main\TestResults\bacemi_ICSWS068 2016-08-04 09_52_08\Out\FTPRoot\TestSession_1ab3cc23-0fe1-4dc8-bbd7-33a0930ed468\tempAppendFile2.txttestext
[2016-08-04 09:52:41.677]	[   41]	                       [in][toName]=F:\ETWork\Main\TestResults\bacemi_ICSWS068 2016-08-04 09_52_08\Out\FTPRoot\TestSession_1ab3cc23-0fe1-4dc8-bbd7-33a0930ed468\tempAppendFile2.txt
[2016-08-04 09:52:41.678]	[   41]	FTPFileSystemOperations.FileMove EXIT
[2016-08-04 09:52:41.678]	[   41]	=============================================================
[2016-08-04 09:52:41.678]	[   28]	Client connected from 127.0.0.1:34790
[2016-08-04 09:52:41.721]	[   29]	AuthAttempt by user ftpUser2
[2016-08-04 09:52:41.721]	[   29]	Access granted to user ftpUser2
[2016-08-04 09:52:41.732]	[   29]	=============================================================
[2016-08-04 09:52:41.732]	[   29]	FTPFileSystemOperations.FileGetSize ENTER (10)
[2016-08-04 09:52:41.732]	[   29]	                       [in][path]=F:\ETWork\Main\TestResults\bacemi_ICSWS068 2016-08-04 09_52_08\Out\FTPRoot\TestSession_1ab3cc23-0fe1-4dc8-bbd7-33a0930ed468\tempAppendFile2.txt
[2016-08-04 09:52:41.732]	[   29]	FTPFileSystemOperations.FileGetSize EXIT
[2016-08-04 09:52:41.732]	[   29]	=============================================================
[2016-08-04 09:52:41.733]	[   41]	Client disconnected.
[2016-08-04 09:52:41.734]	[   29]	Client disconnected.</StdOut>
      </Output>
    </UnitTestResult>
  </Results>
  <TestDefinitions>
    <UnitTest name="DownloadFile_SessionClosedWhileDownloading_ResumesDownload" storage="f:\etwork\bin\tests\intgtests.icore.runtime.ftp.dll" id="1b954d41-d313-60d5-1980-a62ef2df0854">
      <Execution id="6086de34-46cc-4f5b-afe1-bb2b95456a0e" />
      <TestMethod codeBase="F:\ETWork\bin\Tests\IntgTests.iCore.Runtime.Ftp.dll" adapterTypeName="Microsoft.VisualStudio.TestTools.TestTypes.Unit.UnitTestAdapter" className="IntgTests.iCore.Runtime.Ftp.SFTP.FileTransferConnectionWithSftpClientTests" name="DownloadFile_SessionClosedWhileDownloading_ResumesDownload" />
    </UnitTest>
    <UnitTest name="DownloadFile_SessionClosedWhileDownloadingNoRetries_OnlyPartBeforeCloseDownloaded" storage="f:\etwork\bin\tests\intgtests.icore.runtime.ftp.dll" id="06b96953-a8d2-0954-da6f-60c5d8c91575">
      <Execution id="4ac9d598-5d94-4882-bc98-0d502e94b333" />
      <TestMethod codeBase="F:\ETWork\bin\Tests\IntgTests.iCore.Runtime.Ftp.dll" adapterTypeName="Microsoft.VisualStudio.TestTools.TestTypes.Unit.UnitTestAdapter" className="IntgTests.iCore.Runtime.Ftp.SFTP.FileTransferConnectionWithSftpClientTests" name="DownloadFile_SessionClosedWhileDownloadingNoRetries_OnlyPartBeforeCloseDownloaded" />
    </UnitTest>
    <UnitTest name="UploadFile_SessionClosedWhileUploadingWithRetry_ResumesUpload" storage="f:\etwork\bin\tests\intgtests.icore.runtime.ftp.dll" id="632e8ab1-2dc1-dd65-c607-71f44c6db4b4">
      <Execution id="a93c5d87-cda0-402d-a48f-9d0134190f42" />
      <TestMethod codeBase="F:\ETWork\bin\Tests\IntgTests.iCore.Runtime.Ftp.dll" adapterTypeName="Microsoft.VisualStudio.TestTools.TestTypes.Unit.UnitTestAdapter" className="IntgTests.iCore.Runtime.Ftp.SFTP.FileTransferConnectionWithSftpClientTests" name="UploadFile_SessionClosedWhileUploadingWithRetry_ResumesUpload" />
    </UnitTest>
    <UnitTest name="UploadFile_SessionClosedWhileUploadingWithNoRetry_OnlyPartBeforeCloseUploaded" storage="f:\etwork\bin\tests\intgtests.icore.runtime.ftp.dll" id="18bd5b2c-3e72-463c-f6f4-e1e38c14e8e2">
      <Execution id="8049f3df-bd94-4937-a54b-24dc3f9ae1e0" />
      <TestMethod codeBase="F:\ETWork\bin\Tests\IntgTests.iCore.Runtime.Ftp.dll" adapterTypeName="Microsoft.VisualStudio.TestTools.TestTypes.Unit.UnitTestAdapter" className="IntgTests.iCore.Runtime.Ftp.SFTP.FileTransferConnectionWithSftpClientTests" name="UploadFile_SessionClosedWhileUploadingWithNoRetry_OnlyPartBeforeCloseUploaded" />
    </UnitTest>
    <UnitTest name="Login_WithCorrectPassword_Success" storage="f:\etwork\bin\tests\intgtests.icore.runtime.ftp.dll" id="9d7ebb67-6e32-ab94-bd7c-f715f035ce3a">
      <Execution id="03d7a54f-eb1e-4802-b1fc-48ff7997770d" />
      <TestMethod codeBase="F:\ETWork\bin\Tests\IntgTests.iCore.Runtime.Ftp.dll" adapterTypeName="Microsoft.VisualStudio.TestTools.TestTypes.Unit.UnitTestAdapter" className="IntgTests.iCore.Runtime.Ftp.SFTP.SftpClientTests" name="Login_WithCorrectPassword_Success" />
    </UnitTest>
    <UnitTest name="Login_WithIncorrectPassword_ThrowsFtpException" storage="f:\etwork\bin\tests\intgtests.icore.runtime.ftp.dll" id="4ac742ba-d235-1787-c89f-d451e57e86a9">
      <Execution id="461f4a2f-0532-4d6c-bd7f-c01910d2d892" />
      <TestMethod codeBase="F:\ETWork\bin\Tests\IntgTests.iCore.Runtime.Ftp.dll" adapterTypeName="Microsoft.VisualStudio.TestTools.TestTypes.Unit.UnitTestAdapter" className="IntgTests.iCore.Runtime.Ftp.SFTP.SftpClientTests" name="Login_WithIncorrectPassword_ThrowsFtpException" />
    </UnitTest>
    <UnitTest name="Login_WithPublicKey_Success" storage="f:\etwork\bin\tests\intgtests.icore.runtime.ftp.dll" id="d6238039-8602-1c35-7caf-46b1686d8334">
      <Execution id="1315d62a-2f3e-4e5d-bdb9-8d0b6ce757af" />
      <TestMethod codeBase="F:\ETWork\bin\Tests\IntgTests.iCore.Runtime.Ftp.dll" adapterTypeName="Microsoft.VisualStudio.TestTools.TestTypes.Unit.UnitTestAdapter" className="IntgTests.iCore.Runtime.Ftp.SFTP.SftpClientTests" name="Login_WithPublicKey_Success" />
    </UnitTest>
    <UnitTest name="Login_WithPublicKey_WrongPassword_ThrowsFtpException" storage="f:\etwork\bin\tests\intgtests.icore.runtime.ftp.dll" id="0543ed8c-300a-8f85-50d8-84325874f1cb">
      <Execution id="aaa32cb1-5aa6-4bd9-8af2-0257bf7e1365" />
      <TestMethod codeBase="F:\ETWork\bin\Tests\IntgTests.iCore.Runtime.Ftp.dll" adapterTypeName="Microsoft.VisualStudio.TestTools.TestTypes.Unit.UnitTestAdapter" className="IntgTests.iCore.Runtime.Ftp.SFTP.SftpClientTests" name="Login_WithPublicKey_WrongPassword_ThrowsFtpException" />
    </UnitTest>
    <UnitTest name="Login_WithInteractive_Success" storage="f:\etwork\bin\tests\intgtests.icore.runtime.ftp.dll" id="e7f7fb24-629c-ad10-448d-9254a991e06a">
      <Execution id="c0970cc9-6451-47a8-b8c3-d744e5f43846" />
      <TestMethod codeBase="F:\ETWork\bin\Tests\IntgTests.iCore.Runtime.Ftp.dll" adapterTypeName="Microsoft.VisualStudio.TestTools.TestTypes.Unit.UnitTestAdapter" className="IntgTests.iCore.Runtime.Ftp.SFTP.SftpClientTests" name="Login_WithInteractive_Success" />
    </UnitTest>
    <UnitTest name="ListDirectory_NoFilter_ExpectedFiles" storage="f:\etwork\bin\tests\intgtests.icore.runtime.ftp.dll" id="080a46d0-fd2c-338e-9eaa-7d0bbb4ab687">
      <Execution id="10e8fac5-f84f-4312-a8f5-bd5562d55a55" />
      <TestMethod codeBase="F:\ETWork\bin\Tests\IntgTests.iCore.Runtime.Ftp.dll" adapterTypeName="Microsoft.VisualStudio.TestTools.TestTypes.Unit.UnitTestAdapter" className="IntgTests.iCore.Runtime.Ftp.SFTP.SftpClientTests" name="ListDirectory_NoFilter_ExpectedFiles" />
    </UnitTest>
    <UnitTest name="ListDirectory_InvalidCommand_ThrowsFTPException" storage="f:\etwork\bin\tests\intgtests.icore.runtime.ftp.dll" id="903257e6-3677-2e8a-6ba5-d7966e8925b5">
      <Execution id="fe6e94c2-8143-40ba-9a1b-d6eb270c4a8f" />
      <TestMethod codeBase="F:\ETWork\bin\Tests\IntgTests.iCore.Runtime.Ftp.dll" adapterTypeName="Microsoft.VisualStudio.TestTools.TestTypes.Unit.UnitTestAdapter" className="IntgTests.iCore.Runtime.Ftp.SFTP.SftpClientTests" name="ListDirectory_InvalidCommand_ThrowsFTPException" />
    </UnitTest>
    <UnitTest name="ListDirectory_FilterOnExtensionCaseInsesitive_ExpectedFiles" storage="f:\etwork\bin\tests\intgtests.icore.runtime.ftp.dll" id="eef83b2a-b9b9-f3a3-d307-8aaf68da65eb">
      <Execution id="d4752109-8276-4341-bbd9-a77031a0f58b" />
      <TestMethod codeBase="F:\ETWork\bin\Tests\IntgTests.iCore.Runtime.Ftp.dll" adapterTypeName="Microsoft.VisualStudio.TestTools.TestTypes.Unit.UnitTestAdapter" className="IntgTests.iCore.Runtime.Ftp.SFTP.SftpClientTests" name="ListDirectory_FilterOnExtensionCaseInsesitive_ExpectedFiles" />
    </UnitTest>
    <UnitTest name="ListDirectory_FilterOnExtensionCaseSensitive_ExpectedFiles" storage="f:\etwork\bin\tests\intgtests.icore.runtime.ftp.dll" id="19bf2674-b646-7a0d-9d90-ef520d76f78b">
      <Execution id="e1e00183-97c8-422c-8aa0-224ea5631211" />
      <TestMethod codeBase="F:\ETWork\bin\Tests\IntgTests.iCore.Runtime.Ftp.dll" adapterTypeName="Microsoft.VisualStudio.TestTools.TestTypes.Unit.UnitTestAdapter" className="IntgTests.iCore.Runtime.Ftp.SFTP.SftpClientTests" name="ListDirectory_FilterOnExtensionCaseSensitive_ExpectedFiles" />
    </UnitTest>
    <UnitTest name="ListDirectory_MultiFilter_ExpectedFiles" storage="f:\etwork\bin\tests\intgtests.icore.runtime.ftp.dll" id="4da4af11-e124-27d6-3388-5afbad389687">
      <Execution id="1adae354-9572-443d-90ee-f5cc223898cb" />
      <TestMethod codeBase="F:\ETWork\bin\Tests\IntgTests.iCore.Runtime.Ftp.dll" adapterTypeName="Microsoft.VisualStudio.TestTools.TestTypes.Unit.UnitTestAdapter" className="IntgTests.iCore.Runtime.Ftp.SFTP.SftpClientTests" name="ListDirectory_MultiFilter_ExpectedFiles" />
    </UnitTest>
    <UnitTest name="ListDirectory_ListsDirectoriesAsWellAsFiles_ExpectedFilesAndDirectories" storage="f:\etwork\bin\tests\intgtests.icore.runtime.ftp.dll" id="0fed73d1-71aa-5739-e471-8cb3716efb3b">
      <Execution id="78aae954-7d98-44c9-baeb-766046d2055a" />
      <TestMethod codeBase="F:\ETWork\bin\Tests\IntgTests.iCore.Runtime.Ftp.dll" adapterTypeName="Microsoft.VisualStudio.TestTools.TestTypes.Unit.UnitTestAdapter" className="IntgTests.iCore.Runtime.Ftp.SFTP.SftpClientTests" name="ListDirectory_ListsDirectoriesAsWellAsFiles_ExpectedFilesAndDirectories" />
    </UnitTest>
    <UnitTest name="DeleteFile_FileDeletedAtServer" storage="f:\etwork\bin\tests\intgtests.icore.runtime.ftp.dll" id="45791d55-26c4-62ff-1e7e-0fe5471dc0bc">
      <Execution id="47b8d084-0366-4dcf-854e-edc3da296d4c" />
      <TestMethod codeBase="F:\ETWork\bin\Tests\IntgTests.iCore.Runtime.Ftp.dll" adapterTypeName="Microsoft.VisualStudio.TestTools.TestTypes.Unit.UnitTestAdapter" className="IntgTests.iCore.Runtime.Ftp.SFTP.SftpClientTests" name="DeleteFile_FileDeletedAtServer" />
    </UnitTest>
    <UnitTest name="DeleteFile_NotExistingFile_ThrowsFtpException" storage="f:\etwork\bin\tests\intgtests.icore.runtime.ftp.dll" id="e5e40439-d6ac-d68c-03e0-6d7150bbbfe9">
      <Execution id="63fa1468-eff1-4d8e-9048-a29fa4863af9" />
      <TestMethod codeBase="F:\ETWork\bin\Tests\IntgTests.iCore.Runtime.Ftp.dll" adapterTypeName="Microsoft.VisualStudio.TestTools.TestTypes.Unit.UnitTestAdapter" className="IntgTests.iCore.Runtime.Ftp.SFTP.SftpClientTests" name="DeleteFile_NotExistingFile_ThrowsFtpException" />
    </UnitTest>
    <UnitTest name="DeleteFile_NotLoggedin_ThrowsFtpException" storage="f:\etwork\bin\tests\intgtests.icore.runtime.ftp.dll" id="ee084dee-8492-2c38-b0ae-66a3b540a03d">
      <Execution id="8f52e178-1384-4ddc-afc5-1ce3f560693f" />
      <TestMethod codeBase="F:\ETWork\bin\Tests\IntgTests.iCore.Runtime.Ftp.dll" adapterTypeName="Microsoft.VisualStudio.TestTools.TestTypes.Unit.UnitTestAdapter" className="IntgTests.iCore.Runtime.Ftp.SFTP.SftpClientTests" name="DeleteFile_NotLoggedin_ThrowsFtpException" />
    </UnitTest>
    <UnitTest name="DownloadFile_ExistingFile_Success" storage="f:\etwork\bin\tests\intgtests.icore.runtime.ftp.dll" id="b939b3f5-f329-1306-7a5a-bb9c491828cc">
      <Execution id="e06f3cd0-0722-42d5-844b-4dfab3c6e557" />
      <TestMethod codeBase="F:\ETWork\bin\Tests\IntgTests.iCore.Runtime.Ftp.dll" adapterTypeName="Microsoft.VisualStudio.TestTools.TestTypes.Unit.UnitTestAdapter" className="IntgTests.iCore.Runtime.Ftp.SFTP.SftpClientTests" name="DownloadFile_ExistingFile_Success" />
    </UnitTest>
    <UnitTest name="DownloadFile_ResumeDownload_Success" storage="f:\etwork\bin\tests\intgtests.icore.runtime.ftp.dll" id="8c66e0eb-ef8c-a298-b98c-718619cf32d7">
      <Execution id="eca7f683-c9fd-4067-a482-17f6a5075052" />
      <TestMethod codeBase="F:\ETWork\bin\Tests\IntgTests.iCore.Runtime.Ftp.dll" adapterTypeName="Microsoft.VisualStudio.TestTools.TestTypes.Unit.UnitTestAdapter" className="IntgTests.iCore.Runtime.Ftp.SFTP.SftpClientTests" name="DownloadFile_ResumeDownload_Success" />
    </UnitTest>
    <UnitTest name="DownloadFile_PartialDownload_OutOfRange_ThrowsFtpException" storage="f:\etwork\bin\tests\intgtests.icore.runtime.ftp.dll" id="37f3b63f-109b-0155-56d4-ebb51174515b">
      <Execution id="707593c4-956d-4550-8873-5412543c0758" />
      <TestMethod codeBase="F:\ETWork\bin\Tests\IntgTests.iCore.Runtime.Ftp.dll" adapterTypeName="Microsoft.VisualStudio.TestTools.TestTypes.Unit.UnitTestAdapter" className="IntgTests.iCore.Runtime.Ftp.SFTP.SftpClientTests" name="DownloadFile_PartialDownload_OutOfRange_ThrowsFtpException" />
    </UnitTest>
    <UnitTest name="DownloadFile_NotExistingFile_ThrowsFtpException" storage="f:\etwork\bin\tests\intgtests.icore.runtime.ftp.dll" id="510bae4f-fd22-9fcb-4acf-345f240e5a71">
      <Execution id="7d049a3d-85ef-4441-9e12-605503961e89" />
      <TestMethod codeBase="F:\ETWork\bin\Tests\IntgTests.iCore.Runtime.Ftp.dll" adapterTypeName="Microsoft.VisualStudio.TestTools.TestTypes.Unit.UnitTestAdapter" className="IntgTests.iCore.Runtime.Ftp.SFTP.SftpClientTests" name="DownloadFile_NotExistingFile_ThrowsFtpException" />
    </UnitTest>
    <UnitTest name="DownloadFile_NotLoggedin_ThrowsFtpException" storage="f:\etwork\bin\tests\intgtests.icore.runtime.ftp.dll" id="0d4c4e75-1d31-047f-02a5-46fc3e8607ed">
      <Execution id="6bae14b1-4f1b-445e-bb06-033a7c675e06" />
      <TestMethod codeBase="F:\ETWork\bin\Tests\IntgTests.iCore.Runtime.Ftp.dll" adapterTypeName="Microsoft.VisualStudio.TestTools.TestTypes.Unit.UnitTestAdapter" className="IntgTests.iCore.Runtime.Ftp.SFTP.SftpClientTests" name="DownloadFile_NotLoggedin_ThrowsFtpException" />
    </UnitTest>
    <UnitTest name="DownloadFile_DestinationStreamDoesNotHaveWriteAccess_ThrowsNotSupportedException" storage="f:\etwork\bin\tests\intgtests.icore.runtime.ftp.dll" id="96f67eb4-a20a-9570-45bd-c8513789dedb">
      <Execution id="61ad830c-95be-4b70-a346-5136e15d3b49" />
      <TestMethod codeBase="F:\ETWork\bin\Tests\IntgTests.iCore.Runtime.Ftp.dll" adapterTypeName="Microsoft.VisualStudio.TestTools.TestTypes.Unit.UnitTestAdapter" className="IntgTests.iCore.Runtime.Ftp.SFTP.SftpClientTests" name="DownloadFile_DestinationStreamDoesNotHaveWriteAccess_ThrowsNotSupportedException" />
    </UnitTest>
    <UnitTest name="RenameFile_ExistingFile_Success" storage="f:\etwork\bin\tests\intgtests.icore.runtime.ftp.dll" id="6946173e-2938-6729-a8e5-0846ab672f27">
      <Execution id="9e861a5d-2748-4ebc-afd0-5ec7f6fc2d11" />
      <TestMethod codeBase="F:\ETWork\bin\Tests\IntgTests.iCore.Runtime.Ftp.dll" adapterTypeName="Microsoft.VisualStudio.TestTools.TestTypes.Unit.UnitTestAdapter" className="IntgTests.iCore.Runtime.Ftp.SFTP.SftpClientTests" name="RenameFile_ExistingFile_Success" />
    </UnitTest>
    <UnitTest name="RenameFile_NotExistingFile_ThrowsFtpException" storage="f:\etwork\bin\tests\intgtests.icore.runtime.ftp.dll" id="1a1ad273-3644-9ed7-baba-79ba2348ba48">
      <Execution id="cbf80a69-73aa-4977-8afb-c24a75aa6c81" />
      <TestMethod codeBase="F:\ETWork\bin\Tests\IntgTests.iCore.Runtime.Ftp.dll" adapterTypeName="Microsoft.VisualStudio.TestTools.TestTypes.Unit.UnitTestAdapter" className="IntgTests.iCore.Runtime.Ftp.SFTP.SftpClientTests" name="RenameFile_NotExistingFile_ThrowsFtpException" />
    </UnitTest>
    <UnitTest name="RenameFile_NotLoggedin_ThrowsFtpException" storage="f:\etwork\bin\tests\intgtests.icore.runtime.ftp.dll" id="099002d1-d293-4ea6-bac7-c860e9edaa5c">
      <Execution id="3094f04c-26e2-478f-9cb7-943b8566aacf" />
      <TestMethod codeBase="F:\ETWork\bin\Tests\IntgTests.iCore.Runtime.Ftp.dll" adapterTypeName="Microsoft.VisualStudio.TestTools.TestTypes.Unit.UnitTestAdapter" className="IntgTests.iCore.Runtime.Ftp.SFTP.SftpClientTests" name="RenameFile_NotLoggedin_ThrowsFtpException" />
    </UnitTest>
    <UnitTest name="UploadFile_FileDoesNotExistOnServer_Success" storage="f:\etwork\bin\tests\intgtests.icore.runtime.ftp.dll" id="1b917860-94a4-03a2-9ec7-497bcd14b80b">
      <Execution id="f4da353e-a1d1-437e-a1ee-2f9bf1a42423" />
      <TestMethod codeBase="F:\ETWork\bin\Tests\IntgTests.iCore.Runtime.Ftp.dll" adapterTypeName="Microsoft.VisualStudio.TestTools.TestTypes.Unit.UnitTestAdapter" className="IntgTests.iCore.Runtime.Ftp.SFTP.SftpClientTests" name="UploadFile_FileDoesNotExistOnServer_Success" />
    </UnitTest>
    <UnitTest name="UploadFile_FileExistOnServer_Append_Success" storage="f:\etwork\bin\tests\intgtests.icore.runtime.ftp.dll" id="939303fb-87c4-c61f-244e-3bb393d01621">
      <Execution id="ee163312-d6aa-4b88-b87b-3c2871139832" />
      <TestMethod codeBase="F:\ETWork\bin\Tests\IntgTests.iCore.Runtime.Ftp.dll" adapterTypeName="Microsoft.VisualStudio.TestTools.TestTypes.Unit.UnitTestAdapter" className="IntgTests.iCore.Runtime.Ftp.SFTP.SftpClientTests" name="UploadFile_FileExistOnServer_Append_Success" />
    </UnitTest>
    <UnitTest name="UploadFile_FileExistOnServer_Overwrite_Success" storage="f:\etwork\bin\tests\intgtests.icore.runtime.ftp.dll" id="ea254220-860e-fe8d-bd90-42cc6c5f8d77">
      <Execution id="c0a290c3-2bec-429a-9131-ad4768fd5041" />
      <TestMethod codeBase="F:\ETWork\bin\Tests\IntgTests.iCore.Runtime.Ftp.dll" adapterTypeName="Microsoft.VisualStudio.TestTools.TestTypes.Unit.UnitTestAdapter" className="IntgTests.iCore.Runtime.Ftp.SFTP.SftpClientTests" name="UploadFile_FileExistOnServer_Overwrite_Success" />
    </UnitTest>
    <UnitTest name="UploadFile_FileExistOnServer_Skip_Success" storage="f:\etwork\bin\tests\intgtests.icore.runtime.ftp.dll" id="d1e9c229-9e04-7fc4-a926-8847fc132375">
      <Execution id="a61bf5a3-3820-417c-8928-65eece162e08" />
      <TestMethod codeBase="F:\ETWork\bin\Tests\IntgTests.iCore.Runtime.Ftp.dll" adapterTypeName="Microsoft.VisualStudio.TestTools.TestTypes.Unit.UnitTestAdapter" className="IntgTests.iCore.Runtime.Ftp.SFTP.SftpClientTests" name="UploadFile_FileExistOnServer_Skip_Success" />
    </UnitTest>
    <UnitTest name="UploadFile_FileExistOnServer_RestartFrom_Success" storage="f:\etwork\bin\tests\intgtests.icore.runtime.ftp.dll" id="a7afbe30-eaf5-159f-c644-e4974453b459">
      <Execution id="60f7e33d-1436-441c-84f6-c7507617780a" />
      <TestMethod codeBase="F:\ETWork\bin\Tests\IntgTests.iCore.Runtime.Ftp.dll" adapterTypeName="Microsoft.VisualStudio.TestTools.TestTypes.Unit.UnitTestAdapter" className="IntgTests.iCore.Runtime.Ftp.SFTP.SftpClientTests" name="UploadFile_FileExistOnServer_RestartFrom_Success" />
    </UnitTest>
    <UnitTest name="UploadFile_FileExistOnServer_RestartFrom0_Success" storage="f:\etwork\bin\tests\intgtests.icore.runtime.ftp.dll" id="4852095b-1674-e649-9a15-0dd6d7211c45">
      <Execution id="1702d4be-ae15-40c5-bd36-1f6c14768b15" />
      <TestMethod codeBase="F:\ETWork\bin\Tests\IntgTests.iCore.Runtime.Ftp.dll" adapterTypeName="Microsoft.VisualStudio.TestTools.TestTypes.Unit.UnitTestAdapter" className="IntgTests.iCore.Runtime.Ftp.SFTP.SftpClientTests" name="UploadFile_FileExistOnServer_RestartFrom0_Success" />
    </UnitTest>
    <UnitTest name="UploadFile_FileExistOnServer_RestartFromMinusOne_Success" storage="f:\etwork\bin\tests\intgtests.icore.runtime.ftp.dll" id="d0341e51-f6a7-e49b-9d4d-a2fda0421570">
      <Execution id="e84ca838-0ca1-48bc-acd8-51ca0e8d8f85" />
      <TestMethod codeBase="F:\ETWork\bin\Tests\IntgTests.iCore.Runtime.Ftp.dll" adapterTypeName="Microsoft.VisualStudio.TestTools.TestTypes.Unit.UnitTestAdapter" className="IntgTests.iCore.Runtime.Ftp.SFTP.SftpClientTests" name="UploadFile_FileExistOnServer_RestartFromMinusOne_Success" />
    </UnitTest>
    <UnitTest name="UploadFile_StreamPositionNotSetToZero_EntireStreamUploaded" storage="f:\etwork\bin\tests\intgtests.icore.runtime.ftp.dll" id="8c107bb2-6401-d22c-3078-472be46a813a">
      <Execution id="9b28cbbe-fc91-4226-9bed-0d2104badd0b" />
      <TestMethod codeBase="F:\ETWork\bin\Tests\IntgTests.iCore.Runtime.Ftp.dll" adapterTypeName="Microsoft.VisualStudio.TestTools.TestTypes.Unit.UnitTestAdapter" className="IntgTests.iCore.Runtime.Ftp.SFTP.SftpClientTests" name="UploadFile_StreamPositionNotSetToZero_EntireStreamUploaded" />
    </UnitTest>
    <UnitTest name="GetFileSize_Success" storage="f:\etwork\bin\tests\intgtests.icore.runtime.ftp.dll" id="778c997c-75fc-f834-fe28-5cba3645ff57">
      <Execution id="d028fbed-2e35-4751-ac5f-d57729228667" />
      <TestMethod codeBase="F:\ETWork\bin\Tests\IntgTests.iCore.Runtime.Ftp.dll" adapterTypeName="Microsoft.VisualStudio.TestTools.TestTypes.Unit.UnitTestAdapter" className="IntgTests.iCore.Runtime.Ftp.SFTP.SftpClientTests" name="GetFileSize_Success" />
    </UnitTest>
    <UnitTest name="SetCWD_ListDirectory_Affected" storage="f:\etwork\bin\tests\intgtests.icore.runtime.ftp.dll" id="2e809ce2-9dcc-c46d-7872-08f089ff391d">
      <Execution id="ba945034-1cac-4321-b4d8-2688ee6cf6d8" />
      <TestMethod codeBase="F:\ETWork\bin\Tests\IntgTests.iCore.Runtime.Ftp.dll" adapterTypeName="Microsoft.VisualStudio.TestTools.TestTypes.Unit.UnitTestAdapter" className="IntgTests.iCore.Runtime.Ftp.SFTP.SftpClientTests" name="SetCWD_ListDirectory_Affected" />
    </UnitTest>
    <UnitTest name="SetCWD_UploadFile_Affected" storage="f:\etwork\bin\tests\intgtests.icore.runtime.ftp.dll" id="3170a572-4356-3321-4faf-1b8e1741cc95">
      <Execution id="55719106-4900-4175-be0f-884310bfd7da" />
      <TestMethod codeBase="F:\ETWork\bin\Tests\IntgTests.iCore.Runtime.Ftp.dll" adapterTypeName="Microsoft.VisualStudio.TestTools.TestTypes.Unit.UnitTestAdapter" className="IntgTests.iCore.Runtime.Ftp.SFTP.SftpClientTests" name="SetCWD_UploadFile_Affected" />
    </UnitTest>
    <UnitTest name="SetCWD_DownloadFile_Affected" storage="f:\etwork\bin\tests\intgtests.icore.runtime.ftp.dll" id="e3d6956b-35a8-cc9f-6197-1f2b8fc8e925">
      <Execution id="680b1054-7844-4111-af84-4c98db7a7259" />
      <TestMethod codeBase="F:\ETWork\bin\Tests\IntgTests.iCore.Runtime.Ftp.dll" adapterTypeName="Microsoft.VisualStudio.TestTools.TestTypes.Unit.UnitTestAdapter" className="IntgTests.iCore.Runtime.Ftp.SFTP.SftpClientTests" name="SetCWD_DownloadFile_Affected" />
    </UnitTest>
    <UnitTest name="SetCWD_RenameFile_Affected" storage="f:\etwork\bin\tests\intgtests.icore.runtime.ftp.dll" id="eae13e41-f7e3-21b5-5c53-4186b790164e">
      <Execution id="eed7ba3d-1edf-48e9-879e-bada934dbdaa" />
      <TestMethod codeBase="F:\ETWork\bin\Tests\IntgTests.iCore.Runtime.Ftp.dll" adapterTypeName="Microsoft.VisualStudio.TestTools.TestTypes.Unit.UnitTestAdapter" className="IntgTests.iCore.Runtime.Ftp.SFTP.SftpClientTests" name="SetCWD_RenameFile_Affected" />
    </UnitTest>
    <UnitTest name="SetCWD_DeleteFile_Affected" storage="f:\etwork\bin\tests\intgtests.icore.runtime.ftp.dll" id="724d2fa3-3c90-53ae-288a-06b9d9585eb1">
      <Execution id="9306fd10-f8ef-4d73-aa75-60bcc4c07ea6" />
      <TestMethod codeBase="F:\ETWork\bin\Tests\IntgTests.iCore.Runtime.Ftp.dll" adapterTypeName="Microsoft.VisualStudio.TestTools.TestTypes.Unit.UnitTestAdapter" className="IntgTests.iCore.Runtime.Ftp.SFTP.SftpClientTests" name="SetCWD_DeleteFile_Affected" />
    </UnitTest>
    <UnitTest name="SetCWD_GetFileSize_Affected" storage="f:\etwork\bin\tests\intgtests.icore.runtime.ftp.dll" id="1b673ae7-9488-1a8e-6e6a-54458debae70">
      <Execution id="95aa7476-8867-4589-a5aa-54e45be34be9" />
      <TestMethod codeBase="F:\ETWork\bin\Tests\IntgTests.iCore.Runtime.Ftp.dll" adapterTypeName="Microsoft.VisualStudio.TestTools.TestTypes.Unit.UnitTestAdapter" className="IntgTests.iCore.Runtime.Ftp.SFTP.SftpClientTests" name="SetCWD_GetFileSize_Affected" />
    </UnitTest>
    <UnitTest name="SetCWD_DeepRootedPath" storage="f:\etwork\bin\tests\intgtests.icore.runtime.ftp.dll" id="46e3595d-419b-4988-e804-d6bcacc58c7f">
      <Execution id="815b34da-b271-4d96-9e22-cb8529f131b2" />
      <TestMethod codeBase="F:\ETWork\bin\Tests\IntgTests.iCore.Runtime.Ftp.dll" adapterTypeName="Microsoft.VisualStudio.TestTools.TestTypes.Unit.UnitTestAdapter" className="IntgTests.iCore.Runtime.Ftp.SFTP.SftpClientTests" name="SetCWD_DeepRootedPath" />
    </UnitTest>
    <UnitTest name="GetCWD_Success" storage="f:\etwork\bin\tests\intgtests.icore.runtime.ftp.dll" id="b328a9f1-247b-768f-dfdf-9db965983a5c">
      <Execution id="4c615394-f939-4f54-93c5-737208524546" />
      <TestMethod codeBase="F:\ETWork\bin\Tests\IntgTests.iCore.Runtime.Ftp.dll" adapterTypeName="Microsoft.VisualStudio.TestTools.TestTypes.Unit.UnitTestAdapter" className="IntgTests.iCore.Runtime.Ftp.SFTP.SftpClientTests" name="GetCWD_Success" />
    </UnitTest>
    <UnitTest name="SetCWD_NotExistingDirectory_ThrowsFtpException" storage="f:\etwork\bin\tests\intgtests.icore.runtime.ftp.dll" id="c2cd43c3-6887-ea98-7a55-7e14ca2be67a">
      <Execution id="3e663ed1-c7ff-45a1-b71a-e434e605d2db" />
      <TestMethod codeBase="F:\ETWork\bin\Tests\IntgTests.iCore.Runtime.Ftp.dll" adapterTypeName="Microsoft.VisualStudio.TestTools.TestTypes.Unit.UnitTestAdapter" className="IntgTests.iCore.Runtime.Ftp.SFTP.SftpClientTests" name="SetCWD_NotExistingDirectory_ThrowsFtpException" />
    </UnitTest>
    <UnitTest name="Clone_ConfigCloned_Test" storage="f:\etwork\bin\tests\intgtests.icore.runtime.ftp.dll" id="1ae44a00-3c23-2836-8b93-328cc8ba45bf">
      <Execution id="17ba113d-10dc-42bc-af09-126169961b7b" />
      <TestMethod codeBase="F:\ETWork\bin\Tests\IntgTests.iCore.Runtime.Ftp.dll" adapterTypeName="Microsoft.VisualStudio.TestTools.TestTypes.Unit.UnitTestAdapter" className="IntgTests.iCore.Runtime.Ftp.SFTP.SftpClientTests" name="Clone_ConfigCloned_Test" />
    </UnitTest>
    <UnitTest name="BeginPoll_SFTP_FileWrittenAfterTimePeriod_Success" storage="f:\etwork\bin\tests\intgtests.icore.runtime.ftp.dll" id="4f6951fa-7d9c-805d-fba1-41776867d427">
      <Execution id="dedab4bd-0e50-44bf-afc9-c8ac3d8cf091" />
      <TestMethod codeBase="F:\ETWork\bin\Tests\IntgTests.iCore.Runtime.Ftp.dll" adapterTypeName="Microsoft.VisualStudio.TestTools.TestTypes.Unit.UnitTestAdapter" className="IntgTests.iCore.Runtime.Ftp.SFTP.SftpPollTests" name="BeginPoll_SFTP_FileWrittenAfterTimePeriod_Success" />
    </UnitTest>
    <UnitTest name="WriteFromFile_StoreModeIsAppendWriteTwice_FileIsAppended" storage="f:\etwork\bin\tests\intgtests.icore.runtime.ftp.dll" id="1150a51e-6792-8443-02b9-cc3526716639">
      <Execution id="fc58bcf9-809e-44eb-b179-1ab7ffe4bea5" />
      <TestMethod codeBase="F:\ETWork\bin\Tests\IntgTests.iCore.Runtime.Ftp.dll" adapterTypeName="Microsoft.VisualStudio.TestTools.TestTypes.Unit.UnitTestAdapter" className="IntgTests.iCore.Runtime.Ftp.SFTP.SftpFileWriterTests" name="WriteFromFile_StoreModeIsAppendWriteTwice_FileIsAppended" />
    </UnitTest>
    <UnitTest name="WriteFromFile_StoreModeIsOverwrite_FileIsOverwritten" storage="f:\etwork\bin\tests\intgtests.icore.runtime.ftp.dll" id="4a4debe9-9bd0-ce4c-80bf-b5da07a697d7">
      <Execution id="07ba6531-1954-49f8-be99-d21b84be5da0" />
      <TestMethod codeBase="F:\ETWork\bin\Tests\IntgTests.iCore.Runtime.Ftp.dll" adapterTypeName="Microsoft.VisualStudio.TestTools.TestTypes.Unit.UnitTestAdapter" className="IntgTests.iCore.Runtime.Ftp.SFTP.SftpFileWriterTests" name="WriteFromFile_StoreModeIsOverwrite_FileIsOverwritten" />
    </UnitTest>
    <UnitTest name="WriteFromFile_StoreModeIsSkip_OnlyWrittenToOnce" storage="f:\etwork\bin\tests\intgtests.icore.runtime.ftp.dll" id="78c4a446-31a1-be76-e015-aaa04391aa1f">
      <Execution id="88c2c57a-fbd9-43a8-9540-6567dc072451" />
      <TestMethod codeBase="F:\ETWork\bin\Tests\IntgTests.iCore.Runtime.Ftp.dll" adapterTypeName="Microsoft.VisualStudio.TestTools.TestTypes.Unit.UnitTestAdapter" className="IntgTests.iCore.Runtime.Ftp.SFTP.SftpFileWriterTests" name="WriteFromFile_StoreModeIsSkip_OnlyWrittenToOnce" />
    </UnitTest>
    <UnitTest name="WriteFromFile_CreateTemporaryFileWithAppend_RenameUploadRenameIsPerformed" storage="f:\etwork\bin\tests\intgtests.icore.runtime.ftp.dll" id="de03e368-6859-9ecb-afbf-b5deaf1a7dd4">
      <Execution id="d95570ac-d142-402c-a35d-eca8495624d5" />
      <TestMethod codeBase="F:\ETWork\bin\Tests\IntgTests.iCore.Runtime.Ftp.dll" adapterTypeName="Microsoft.VisualStudio.TestTools.TestTypes.Unit.UnitTestAdapter" className="IntgTests.iCore.Runtime.Ftp.SFTP.SftpFileWriterTests" name="WriteFromFile_CreateTemporaryFileWithAppend_RenameUploadRenameIsPerformed" />
    </UnitTest>
    <UnitTest name="WriteFromFile_CreateTemporaryFileWithAppendAndCheckFileSize_DoesNotThrowException" storage="f:\etwork\bin\tests\intgtests.icore.runtime.ftp.dll" id="072e9880-c5e9-6c14-f839-7d80b899737b">
      <Execution id="1c31f6f8-2a19-4058-b777-f4eea6da01f6" />
      <TestMethod codeBase="F:\ETWork\bin\Tests\IntgTests.iCore.Runtime.Ftp.dll" adapterTypeName="Microsoft.VisualStudio.TestTools.TestTypes.Unit.UnitTestAdapter" className="IntgTests.iCore.Runtime.Ftp.SFTP.SftpFileWriterTests" name="WriteFromFile_CreateTemporaryFileWithAppendAndCheckFileSize_DoesNotThrowException" />
    </UnitTest>
    <UnitTest name="Login_Anonymous_Success" storage="f:\etwork\bin\tests\intgtests.icore.runtime.ftp.dll" id="382e191c-8327-40a3-4b75-96907ea0d0b0">
      <Execution id="de05e848-bf91-451d-85fd-9dbd3117c651" />
      <TestMethod codeBase="F:\ETWork\bin\Tests\IntgTests.iCore.Runtime.Ftp.dll" adapterTypeName="Microsoft.VisualStudio.TestTools.TestTypes.Unit.UnitTestAdapter" className="IntgTests.iCore.Runtime.Ftp.FTP.FtpClientTests" name="Login_Anonymous_Success" />
    </UnitTest>
    <UnitTest name="Login_BasicSSL_Success" storage="f:\etwork\bin\tests\intgtests.icore.runtime.ftp.dll" id="fd1203ad-83d1-c5b7-f0e6-2ab55a04a254">
      <Execution id="0a4f7e89-e1a3-4e6f-8c3b-34805a56fc06" />
      <TestMethod codeBase="F:\ETWork\bin\Tests\IntgTests.iCore.Runtime.Ftp.dll" adapterTypeName="Microsoft.VisualStudio.TestTools.TestTypes.Unit.UnitTestAdapter" className="IntgTests.iCore.Runtime.Ftp.FTP.FtpClientTests" name="Login_BasicSSL_Success" />
    </UnitTest>
    <UnitTest name="Login_ErrorCodeIgnored_DoesNotThrowException" storage="f:\etwork\bin\tests\intgtests.icore.runtime.ftp.dll" id="0e6d58b3-2f4d-d855-848e-224130879f75">
      <Execution id="77f7af4d-5442-42de-a6b9-5b9367da8b23" />
      <TestMethod codeBase="F:\ETWork\bin\Tests\IntgTests.iCore.Runtime.Ftp.dll" adapterTypeName="Microsoft.VisualStudio.TestTools.TestTypes.Unit.UnitTestAdapter" className="IntgTests.iCore.Runtime.Ftp.FTP.FtpClientTests" name="Login_ErrorCodeIgnored_DoesNotThrowException" />
    </UnitTest>
    <UnitTest name="Login_ErrorCodeNotIgnored_DoesThrowException" storage="f:\etwork\bin\tests\intgtests.icore.runtime.ftp.dll" id="9f07d75f-6767-a1f6-39e0-4a197685bd83">
      <Execution id="cac25bc3-a2da-41fb-84f0-52733e519da0" />
      <TestMethod codeBase="F:\ETWork\bin\Tests\IntgTests.iCore.Runtime.Ftp.dll" adapterTypeName="Microsoft.VisualStudio.TestTools.TestTypes.Unit.UnitTestAdapter" className="IntgTests.iCore.Runtime.Ftp.FTP.FtpClientTests" name="Login_ErrorCodeNotIgnored_DoesThrowException" />
    </UnitTest>
    <UnitTest name="ListDirectory_Filtered_ReturnsCorrectFiles" storage="f:\etwork\bin\tests\intgtests.icore.runtime.ftp.dll" id="79044e04-649a-28c5-bfb8-1553477141eb">
      <Execution id="7daa0fc4-48f9-477a-98c9-5c62861b01b4" />
      <TestMethod codeBase="F:\ETWork\bin\Tests\IntgTests.iCore.Runtime.Ftp.dll" adapterTypeName="Microsoft.VisualStudio.TestTools.TestTypes.Unit.UnitTestAdapter" className="IntgTests.iCore.Runtime.Ftp.FTP.FtpClientTests" name="ListDirectory_Filtered_ReturnsCorrectFiles" />
    </UnitTest>
    <UnitTest name="ListDirectory_ServerStopped_ThrowsFtpException" storage="f:\etwork\bin\tests\intgtests.icore.runtime.ftp.dll" id="25ebe98a-4aca-2c51-5fd4-44ba0ec00350">
      <Execution id="ecd2ae9e-e8c7-48f2-b37b-87fd42e189ee" />
      <TestMethod codeBase="F:\ETWork\bin\Tests\IntgTests.iCore.Runtime.Ftp.dll" adapterTypeName="Microsoft.VisualStudio.TestTools.TestTypes.Unit.UnitTestAdapter" className="IntgTests.iCore.Runtime.Ftp.FTP.FtpClientTests" name="ListDirectory_ServerStopped_ThrowsFtpException" />
    </UnitTest>
    <UnitTest name="ListDirectory_InvalidCommand_ThrowsFTPException" storage="f:\etwork\bin\tests\intgtests.icore.runtime.ftp.dll" id="e2d3ff58-9771-33cc-7be8-5d10985918ea">
      <Execution id="b0936a6a-3aae-401a-a158-6c332e0079e8" />
      <TestMethod codeBase="F:\ETWork\bin\Tests\IntgTests.iCore.Runtime.Ftp.dll" adapterTypeName="Microsoft.VisualStudio.TestTools.TestTypes.Unit.UnitTestAdapter" className="IntgTests.iCore.Runtime.Ftp.FTP.FtpClientTests" name="ListDirectory_InvalidCommand_ThrowsFTPException" />
    </UnitTest>
    <UnitTest name="GetFiles_NoFilesExists_ReturnsNegativeSize" storage="f:\etwork\bin\tests\intgtests.icore.runtime.ftp.dll" id="70d9a0e5-289b-4efa-d3b7-32704f736272">
      <Execution id="5e2d21f8-26d8-4f8b-9862-7869eea17e50" />
      <TestMethod codeBase="F:\ETWork\bin\Tests\IntgTests.iCore.Runtime.Ftp.dll" adapterTypeName="Microsoft.VisualStudio.TestTools.TestTypes.Unit.UnitTestAdapter" className="IntgTests.iCore.Runtime.Ftp.FTP.FtpClientTests" name="GetFiles_NoFilesExists_ReturnsNegativeSize" />
    </UnitTest>
    <UnitTest name="GetFiles_FilesExists_ReturnsSize" storage="f:\etwork\bin\tests\intgtests.icore.runtime.ftp.dll" id="74d77827-e19c-9f71-119b-795cf5d8f788">
      <Execution id="abd83175-0aef-428b-a8b0-d05ccdfd2827" />
      <TestMethod codeBase="F:\ETWork\bin\Tests\IntgTests.iCore.Runtime.Ftp.dll" adapterTypeName="Microsoft.VisualStudio.TestTools.TestTypes.Unit.UnitTestAdapter" className="IntgTests.iCore.Runtime.Ftp.FTP.FtpClientTests" name="GetFiles_FilesExists_ReturnsSize" />
    </UnitTest>
    <UnitTest name="SendCommand_ValidCommand_ReturnsExpectedReply" storage="f:\etwork\bin\tests\intgtests.icore.runtime.ftp.dll" id="f8bf7d37-1484-ee94-dc4e-4c00315aa247">
      <Execution id="87bbe361-e534-455b-9f77-c966f44a283f" />
      <TestMethod codeBase="F:\ETWork\bin\Tests\IntgTests.iCore.Runtime.Ftp.dll" adapterTypeName="Microsoft.VisualStudio.TestTools.TestTypes.Unit.UnitTestAdapter" className="IntgTests.iCore.Runtime.Ftp.FTP.FtpClientTests" name="SendCommand_ValidCommand_ReturnsExpectedReply" />
    </UnitTest>
    <UnitTest name="SendCommand_ValidCommandAndNullExpectedReturnCode_ReturnsExpectedReply" storage="f:\etwork\bin\tests\intgtests.icore.runtime.ftp.dll" id="880370dc-13a7-fa6a-4ece-c8810e14897f">
      <Execution id="0a98017b-84f8-48ea-9ad0-631e1974010c" />
      <TestMethod codeBase="F:\ETWork\bin\Tests\IntgTests.iCore.Runtime.Ftp.dll" adapterTypeName="Microsoft.VisualStudio.TestTools.TestTypes.Unit.UnitTestAdapter" className="IntgTests.iCore.Runtime.Ftp.FTP.FtpClientTests" name="SendCommand_ValidCommandAndNullExpectedReturnCode_ReturnsExpectedReply" />
    </UnitTest>
    <UnitTest name="SendCommand_ValidCommandAndEmptyExpectedReturnCode_ReturnsExpectedReply" storage="f:\etwork\bin\tests\intgtests.icore.runtime.ftp.dll" id="e1a32dc5-2d31-b813-e76d-1a7702986c2f">
      <Execution id="6d5d94e4-c15c-4243-b353-fbfc06042f8c" />
      <TestMethod codeBase="F:\ETWork\bin\Tests\IntgTests.iCore.Runtime.Ftp.dll" adapterTypeName="Microsoft.VisualStudio.TestTools.TestTypes.Unit.UnitTestAdapter" className="IntgTests.iCore.Runtime.Ftp.FTP.FtpClientTests" name="SendCommand_ValidCommandAndEmptyExpectedReturnCode_ReturnsExpectedReply" />
    </UnitTest>
    <UnitTest name="SendCommand_ValidCommandAndExpectedReturnCode_ReturnsExpectedReply" storage="f:\etwork\bin\tests\intgtests.icore.runtime.ftp.dll" id="d1af284b-c0a4-e6ac-c726-51338d5c5728">
      <Execution id="f59ed577-76aa-4280-8f88-1bc9ba3805d0" />
      <TestMethod codeBase="F:\ETWork\bin\Tests\IntgTests.iCore.Runtime.Ftp.dll" adapterTypeName="Microsoft.VisualStudio.TestTools.TestTypes.Unit.UnitTestAdapter" className="IntgTests.iCore.Runtime.Ftp.FTP.FtpClientTests" name="SendCommand_ValidCommandAndExpectedReturnCode_ReturnsExpectedReply" />
    </UnitTest>
    <UnitTest name="SendCommand_ValidCommandAndInvalidExpectedReturnCode_Throws" storage="f:\etwork\bin\tests\intgtests.icore.runtime.ftp.dll" id="a2559831-6d95-5618-dee0-ef5a56bc4a76">
      <Execution id="2021ed50-4e10-4282-9706-a424986160c4" />
      <TestMethod codeBase="F:\ETWork\bin\Tests\IntgTests.iCore.Runtime.Ftp.dll" adapterTypeName="Microsoft.VisualStudio.TestTools.TestTypes.Unit.UnitTestAdapter" className="IntgTests.iCore.Runtime.Ftp.FTP.FtpClientTests" name="SendCommand_ValidCommandAndInvalidExpectedReturnCode_Throws" />
    </UnitTest>
    <UnitTest name="SendCommand_ValidCommandAndExpectedReturnCodes_ReturnsExpectedReply" storage="f:\etwork\bin\tests\intgtests.icore.runtime.ftp.dll" id="3db49207-753e-e65e-30bb-946e199583a1">
      <Execution id="b11eb0c9-f5d0-4387-9664-838fc63db8ae" />
      <TestMethod codeBase="F:\ETWork\bin\Tests\IntgTests.iCore.Runtime.Ftp.dll" adapterTypeName="Microsoft.VisualStudio.TestTools.TestTypes.Unit.UnitTestAdapter" className="IntgTests.iCore.Runtime.Ftp.FTP.FtpClientTests" name="SendCommand_ValidCommandAndExpectedReturnCodes_ReturnsExpectedReply" />
    </UnitTest>
    <UnitTest name="SendCommand_InValidCommandAndExpectedReturnCode_ReturnsExpectedReply" storage="f:\etwork\bin\tests\intgtests.icore.runtime.ftp.dll" id="34c2bc49-268c-246c-c4f0-c57fe96d5cc6">
      <Execution id="8094a3de-80a4-4f38-821a-3ffc39626352" />
      <TestMethod codeBase="F:\ETWork\bin\Tests\IntgTests.iCore.Runtime.Ftp.dll" adapterTypeName="Microsoft.VisualStudio.TestTools.TestTypes.Unit.UnitTestAdapter" className="IntgTests.iCore.Runtime.Ftp.FTP.FtpClientTests" name="SendCommand_InValidCommandAndExpectedReturnCode_ReturnsExpectedReply" />
    </UnitTest>
    <UnitTest name="SendCommand_InValidCommand_Throws" storage="f:\etwork\bin\tests\intgtests.icore.runtime.ftp.dll" id="c924ba6f-8a05-22aa-848d-e801514d53bc">
      <Execution id="50c5908d-6f6e-42ae-85f8-942735ff5c15" />
      <TestMethod codeBase="F:\ETWork\bin\Tests\IntgTests.iCore.Runtime.Ftp.dll" adapterTypeName="Microsoft.VisualStudio.TestTools.TestTypes.Unit.UnitTestAdapter" className="IntgTests.iCore.Runtime.Ftp.FTP.FtpClientTests" name="SendCommand_InValidCommand_Throws" />
    </UnitTest>
    <UnitTest name="SendCommand_InValidCommandAndNullExpectedReturnCode_Throws" storage="f:\etwork\bin\tests\intgtests.icore.runtime.ftp.dll" id="c40fc69d-b8f0-03b2-27b5-775981b60ffc">
      <Execution id="2130e672-e283-4819-9286-6d12736b1210" />
      <TestMethod codeBase="F:\ETWork\bin\Tests\IntgTests.iCore.Runtime.Ftp.dll" adapterTypeName="Microsoft.VisualStudio.TestTools.TestTypes.Unit.UnitTestAdapter" className="IntgTests.iCore.Runtime.Ftp.FTP.FtpClientTests" name="SendCommand_InValidCommandAndNullExpectedReturnCode_Throws" />
    </UnitTest>
    <UnitTest name="SendCommand_InValidCommandAndEmptyExpectedReturnCode_Throws" storage="f:\etwork\bin\tests\intgtests.icore.runtime.ftp.dll" id="67f641a0-9c27-659b-49b8-494e9b1eb88c">
      <Execution id="0160c62b-48a0-46b9-b32f-8abc69a2e46d" />
      <TestMethod codeBase="F:\ETWork\bin\Tests\IntgTests.iCore.Runtime.Ftp.dll" adapterTypeName="Microsoft.VisualStudio.TestTools.TestTypes.Unit.UnitTestAdapter" className="IntgTests.iCore.Runtime.Ftp.FTP.FtpClientTests" name="SendCommand_InValidCommandAndEmptyExpectedReturnCode_Throws" />
    </UnitTest>
    <UnitTest name="SendCommand_InValidCommandAndReturnCodeNotInExpectedReturnCode_Throws" storage="f:\etwork\bin\tests\intgtests.icore.runtime.ftp.dll" id="8f2527ba-d132-627e-1b2d-298783bad250">
      <Execution id="14149fa9-d265-4b52-b899-019bdea94c27" />
      <TestMethod codeBase="F:\ETWork\bin\Tests\IntgTests.iCore.Runtime.Ftp.dll" adapterTypeName="Microsoft.VisualStudio.TestTools.TestTypes.Unit.UnitTestAdapter" className="IntgTests.iCore.Runtime.Ftp.FTP.FtpClientTests" name="SendCommand_InValidCommandAndReturnCodeNotInExpectedReturnCode_Throws" />
    </UnitTest>
    <UnitTest name="MGet_GetAllFilesThatAreListed_Success" storage="f:\etwork\bin\tests\intgtests.icore.runtime.ftp.dll" id="0ddbd220-e008-bad6-6e20-68e24ebbb8bc">
      <Execution id="0c15fbd2-9b7c-488a-a129-7f84660ff7ca" />
      <TestMethod codeBase="F:\ETWork\bin\Tests\IntgTests.iCore.Runtime.Ftp.dll" adapterTypeName="Microsoft.VisualStudio.TestTools.TestTypes.Unit.UnitTestAdapter" className="IntgTests.iCore.Runtime.Ftp.FTP.FtpClientTests" name="MGet_GetAllFilesThatAreListed_Success" />
    </UnitTest>
    <UnitTest name="Upload_ErrorCodeIgnored_DoesNotThrowException" storage="f:\etwork\bin\tests\intgtests.icore.runtime.ftp.dll" id="b85fa511-6a33-5511-c946-b5aff5292272">
      <Execution id="32506884-f108-4ca7-bb53-963c05ad96aa" />
      <TestMethod codeBase="F:\ETWork\bin\Tests\IntgTests.iCore.Runtime.Ftp.dll" adapterTypeName="Microsoft.VisualStudio.TestTools.TestTypes.Unit.UnitTestAdapter" className="IntgTests.iCore.Runtime.Ftp.FTP.FtpClientTests" name="Upload_ErrorCodeIgnored_DoesNotThrowException" />
    </UnitTest>
    <UnitTest name="Upload_ErrorCodeNotIgnored_DoesThrowException" storage="f:\etwork\bin\tests\intgtests.icore.runtime.ftp.dll" id="ad055d73-0f5b-3250-9666-f273408cbf45">
      <Execution id="bb1a50a4-7b7e-4e5c-8982-1d6a192adefb" />
      <TestMethod codeBase="F:\ETWork\bin\Tests\IntgTests.iCore.Runtime.Ftp.dll" adapterTypeName="Microsoft.VisualStudio.TestTools.TestTypes.Unit.UnitTestAdapter" className="IntgTests.iCore.Runtime.Ftp.FTP.FtpClientTests" name="Upload_ErrorCodeNotIgnored_DoesThrowException" />
    </UnitTest>
    <UnitTest name="Delete_ErrorCodeIgnored_DoesNotThrowException" storage="f:\etwork\bin\tests\intgtests.icore.runtime.ftp.dll" id="46699cc4-c507-d9a1-1858-0dc4b07e9900">
      <Execution id="04d594af-612e-4042-b5b4-43136ced17d0" />
      <TestMethod codeBase="F:\ETWork\bin\Tests\IntgTests.iCore.Runtime.Ftp.dll" adapterTypeName="Microsoft.VisualStudio.TestTools.TestTypes.Unit.UnitTestAdapter" className="IntgTests.iCore.Runtime.Ftp.FTP.FtpClientTests" name="Delete_ErrorCodeIgnored_DoesNotThrowException" />
    </UnitTest>
    <UnitTest name="Delete_ErrorCodeNotIgnored_DoesThrowException" storage="f:\etwork\bin\tests\intgtests.icore.runtime.ftp.dll" id="2f0693b9-9148-9074-1fa8-87630d41026a">
      <Execution id="bd786462-2729-4939-b000-83574909fac1" />
      <TestMethod codeBase="F:\ETWork\bin\Tests\IntgTests.iCore.Runtime.Ftp.dll" adapterTypeName="Microsoft.VisualStudio.TestTools.TestTypes.Unit.UnitTestAdapter" className="IntgTests.iCore.Runtime.Ftp.FTP.FtpClientTests" name="Delete_ErrorCodeNotIgnored_DoesThrowException" />
    </UnitTest>
    <UnitTest name="Download_ErrorCodeIgnored_DoesNotThrowException" storage="f:\etwork\bin\tests\intgtests.icore.runtime.ftp.dll" id="9375b98c-e93a-97b1-5715-7805f367d0fa">
      <Execution id="e7dd83dd-6271-4a24-8af9-505fc418ec0c" />
      <TestMethod codeBase="F:\ETWork\bin\Tests\IntgTests.iCore.Runtime.Ftp.dll" adapterTypeName="Microsoft.VisualStudio.TestTools.TestTypes.Unit.UnitTestAdapter" className="IntgTests.iCore.Runtime.Ftp.FTP.FtpClientTests" name="Download_ErrorCodeIgnored_DoesNotThrowException" />
    </UnitTest>
    <UnitTest name="Download_ErrorCodeNotIgnored_DoesThrowException" storage="f:\etwork\bin\tests\intgtests.icore.runtime.ftp.dll" id="b58862ff-cbdf-5bd2-c6de-f8f399e58840">
      <Execution id="dc4b957d-8970-400b-9fc7-267ae4d6b4f8" />
      <TestMethod codeBase="F:\ETWork\bin\Tests\IntgTests.iCore.Runtime.Ftp.dll" adapterTypeName="Microsoft.VisualStudio.TestTools.TestTypes.Unit.UnitTestAdapter" className="IntgTests.iCore.Runtime.Ftp.FTP.FtpClientTests" name="Download_ErrorCodeNotIgnored_DoesThrowException" />
    </UnitTest>
    <UnitTest name="MakeDirectory_ErrorCodeIgnored_DoesNotThrowException" storage="f:\etwork\bin\tests\intgtests.icore.runtime.ftp.dll" id="9c2beadb-2159-23ac-6e4a-2c5f72b3c4d8">
      <Execution id="a5bd145d-6205-4950-bf74-30406aea0cb5" />
      <TestMethod codeBase="F:\ETWork\bin\Tests\IntgTests.iCore.Runtime.Ftp.dll" adapterTypeName="Microsoft.VisualStudio.TestTools.TestTypes.Unit.UnitTestAdapter" className="IntgTests.iCore.Runtime.Ftp.FTP.FtpClientTests" name="MakeDirectory_ErrorCodeIgnored_DoesNotThrowException" />
    </UnitTest>
    <UnitTest name="MakeDirectory_ErrorCodeNotIgnored_DoesThrowException" storage="f:\etwork\bin\tests\intgtests.icore.runtime.ftp.dll" id="b5283c77-7951-5b3c-485c-407b726c12c2">
      <Execution id="9e48da0a-ab86-4dee-b1fa-6d3b33b5a782" />
      <TestMethod codeBase="F:\ETWork\bin\Tests\IntgTests.iCore.Runtime.Ftp.dll" adapterTypeName="Microsoft.VisualStudio.TestTools.TestTypes.Unit.UnitTestAdapter" className="IntgTests.iCore.Runtime.Ftp.FTP.FtpClientTests" name="MakeDirectory_ErrorCodeNotIgnored_DoesThrowException" />
    </UnitTest>
    <UnitTest name="RenameFileName_ErrorCodeIgnored_DoesThrowNotException" storage="f:\etwork\bin\tests\intgtests.icore.runtime.ftp.dll" id="7843e3b2-e0d2-dede-8c33-8ff48c647c00">
      <Execution id="e9798d6d-b568-48fb-b072-eecfe49eac66" />
      <TestMethod codeBase="F:\ETWork\bin\Tests\IntgTests.iCore.Runtime.Ftp.dll" adapterTypeName="Microsoft.VisualStudio.TestTools.TestTypes.Unit.UnitTestAdapter" className="IntgTests.iCore.Runtime.Ftp.FTP.FtpClientTests" name="RenameFileName_ErrorCodeIgnored_DoesThrowNotException" />
    </UnitTest>
    <UnitTest name="RenameFileName_ErrorCodeNotIgnored_DoesThrowException" storage="f:\etwork\bin\tests\intgtests.icore.runtime.ftp.dll" id="b1ea3213-a762-f243-cb67-b99c20da0479">
      <Execution id="28632561-af27-4d07-b251-3f5c79ed5c0a" />
      <TestMethod codeBase="F:\ETWork\bin\Tests\IntgTests.iCore.Runtime.Ftp.dll" adapterTypeName="Microsoft.VisualStudio.TestTools.TestTypes.Unit.UnitTestAdapter" className="IntgTests.iCore.Runtime.Ftp.FTP.FtpClientTests" name="RenameFileName_ErrorCodeNotIgnored_DoesThrowException" />
    </UnitTest>
    <UnitTest name="WriteFromFile_StoreModeIsAppendWriteTwice_FileIsAppended" storage="f:\etwork\bin\tests\intgtests.icore.runtime.ftp.dll" id="0033c608-74ac-a721-2b34-48239e341062">
      <Execution id="d0c937a8-9160-402c-b8fc-2fb10f4b28ab" />
      <TestMethod codeBase="F:\ETWork\bin\Tests\IntgTests.iCore.Runtime.Ftp.dll" adapterTypeName="Microsoft.VisualStudio.TestTools.TestTypes.Unit.UnitTestAdapter" className="IntgTests.iCore.Runtime.Ftp.FTP.FtpFileWriterTests" name="WriteFromFile_StoreModeIsAppendWriteTwice_FileIsAppended" />
    </UnitTest>
    <UnitTest name="WriteFromFile_StoreModeIsOverwrite_FileIsOverwritten" storage="f:\etwork\bin\tests\intgtests.icore.runtime.ftp.dll" id="ec31a776-96b3-da62-0956-1ff9f4612cba">
      <Execution id="c3443fc3-edc6-4385-a924-5dbbcb4f0cf8" />
      <TestMethod codeBase="F:\ETWork\bin\Tests\IntgTests.iCore.Runtime.Ftp.dll" adapterTypeName="Microsoft.VisualStudio.TestTools.TestTypes.Unit.UnitTestAdapter" className="IntgTests.iCore.Runtime.Ftp.FTP.FtpFileWriterTests" name="WriteFromFile_StoreModeIsOverwrite_FileIsOverwritten" />
    </UnitTest>
    <UnitTest name="WriteFromFile_StoreModeIsSkip_OnlyWrittenToOnce" storage="f:\etwork\bin\tests\intgtests.icore.runtime.ftp.dll" id="01182f8c-9a6d-66d1-3e5a-cc7683b182ea">
      <Execution id="5c125c3b-c567-4a26-99ca-2826877eb046" />
      <TestMethod codeBase="F:\ETWork\bin\Tests\IntgTests.iCore.Runtime.Ftp.dll" adapterTypeName="Microsoft.VisualStudio.TestTools.TestTypes.Unit.UnitTestAdapter" className="IntgTests.iCore.Runtime.Ftp.FTP.FtpFileWriterTests" name="WriteFromFile_StoreModeIsSkip_OnlyWrittenToOnce" />
    </UnitTest>
    <UnitTest name="WriteFromFile_CreateTemporaryFileWithAppend_RenameUploadRenameIsPerformed" storage="f:\etwork\bin\tests\intgtests.icore.runtime.ftp.dll" id="45c0dde9-a6a7-fcc5-8907-1a4599e8dfa7">
      <Execution id="8c7a37c6-5943-449c-a374-0bcb3c757878" />
      <TestMethod codeBase="F:\ETWork\bin\Tests\IntgTests.iCore.Runtime.Ftp.dll" adapterTypeName="Microsoft.VisualStudio.TestTools.TestTypes.Unit.UnitTestAdapter" className="IntgTests.iCore.Runtime.Ftp.FTP.FtpFileWriterTests" name="WriteFromFile_CreateTemporaryFileWithAppend_RenameUploadRenameIsPerformed" />
    </UnitTest>
    <UnitTest name="WriteFromFile_CreateTemporaryFileWithAppendAndCheckFileSize_DoesNotThrowException" storage="f:\etwork\bin\tests\intgtests.icore.runtime.ftp.dll" id="b974d507-3503-1767-da97-2c27f3fbc61b">
      <Execution id="4f7b3432-7344-4bf6-987e-97603ec3ee83" />
      <TestMethod codeBase="F:\ETWork\bin\Tests\IntgTests.iCore.Runtime.Ftp.dll" adapterTypeName="Microsoft.VisualStudio.TestTools.TestTypes.Unit.UnitTestAdapter" className="IntgTests.iCore.Runtime.Ftp.FTP.FtpFileWriterTests" name="WriteFromFile_CreateTemporaryFileWithAppendAndCheckFileSize_DoesNotThrowException" />
    </UnitTest>
  </TestDefinitions>
  <TestEntries>
    <TestEntry testId="1b954d41-d313-60d5-1980-a62ef2df0854" executionId="6086de34-46cc-4f5b-afe1-bb2b95456a0e" testListId="8c84fa94-04c1-424b-9868-57a2d4851a1d" />
    <TestEntry testId="06b96953-a8d2-0954-da6f-60c5d8c91575" executionId="4ac9d598-5d94-4882-bc98-0d502e94b333" testListId="8c84fa94-04c1-424b-9868-57a2d4851a1d" />
    <TestEntry testId="632e8ab1-2dc1-dd65-c607-71f44c6db4b4" executionId="a93c5d87-cda0-402d-a48f-9d0134190f42" testListId="8c84fa94-04c1-424b-9868-57a2d4851a1d" />
    <TestEntry testId="18bd5b2c-3e72-463c-f6f4-e1e38c14e8e2" executionId="8049f3df-bd94-4937-a54b-24dc3f9ae1e0" testListId="8c84fa94-04c1-424b-9868-57a2d4851a1d" />
    <TestEntry testId="9d7ebb67-6e32-ab94-bd7c-f715f035ce3a" executionId="03d7a54f-eb1e-4802-b1fc-48ff7997770d" testListId="8c84fa94-04c1-424b-9868-57a2d4851a1d" />
    <TestEntry testId="4ac742ba-d235-1787-c89f-d451e57e86a9" executionId="461f4a2f-0532-4d6c-bd7f-c01910d2d892" testListId="8c84fa94-04c1-424b-9868-57a2d4851a1d" />
    <TestEntry testId="d6238039-8602-1c35-7caf-46b1686d8334" executionId="1315d62a-2f3e-4e5d-bdb9-8d0b6ce757af" testListId="8c84fa94-04c1-424b-9868-57a2d4851a1d" />
    <TestEntry testId="0543ed8c-300a-8f85-50d8-84325874f1cb" executionId="aaa32cb1-5aa6-4bd9-8af2-0257bf7e1365" testListId="8c84fa94-04c1-424b-9868-57a2d4851a1d" />
    <TestEntry testId="e7f7fb24-629c-ad10-448d-9254a991e06a" executionId="c0970cc9-6451-47a8-b8c3-d744e5f43846" testListId="8c84fa94-04c1-424b-9868-57a2d4851a1d" />
    <TestEntry testId="080a46d0-fd2c-338e-9eaa-7d0bbb4ab687" executionId="10e8fac5-f84f-4312-a8f5-bd5562d55a55" testListId="8c84fa94-04c1-424b-9868-57a2d4851a1d" />
    <TestEntry testId="903257e6-3677-2e8a-6ba5-d7966e8925b5" executionId="fe6e94c2-8143-40ba-9a1b-d6eb270c4a8f" testListId="8c84fa94-04c1-424b-9868-57a2d4851a1d" />
    <TestEntry testId="eef83b2a-b9b9-f3a3-d307-8aaf68da65eb" executionId="d4752109-8276-4341-bbd9-a77031a0f58b" testListId="8c84fa94-04c1-424b-9868-57a2d4851a1d" />
    <TestEntry testId="19bf2674-b646-7a0d-9d90-ef520d76f78b" executionId="e1e00183-97c8-422c-8aa0-224ea5631211" testListId="8c84fa94-04c1-424b-9868-57a2d4851a1d" />
    <TestEntry testId="4da4af11-e124-27d6-3388-5afbad389687" executionId="1adae354-9572-443d-90ee-f5cc223898cb" testListId="8c84fa94-04c1-424b-9868-57a2d4851a1d" />
    <TestEntry testId="0fed73d1-71aa-5739-e471-8cb3716efb3b" executionId="78aae954-7d98-44c9-baeb-766046d2055a" testListId="8c84fa94-04c1-424b-9868-57a2d4851a1d" />
    <TestEntry testId="45791d55-26c4-62ff-1e7e-0fe5471dc0bc" executionId="47b8d084-0366-4dcf-854e-edc3da296d4c" testListId="8c84fa94-04c1-424b-9868-57a2d4851a1d" />
    <TestEntry testId="e5e40439-d6ac-d68c-03e0-6d7150bbbfe9" executionId="63fa1468-eff1-4d8e-9048-a29fa4863af9" testListId="8c84fa94-04c1-424b-9868-57a2d4851a1d" />
    <TestEntry testId="ee084dee-8492-2c38-b0ae-66a3b540a03d" executionId="8f52e178-1384-4ddc-afc5-1ce3f560693f" testListId="8c84fa94-04c1-424b-9868-57a2d4851a1d" />
    <TestEntry testId="b939b3f5-f329-1306-7a5a-bb9c491828cc" executionId="e06f3cd0-0722-42d5-844b-4dfab3c6e557" testListId="8c84fa94-04c1-424b-9868-57a2d4851a1d" />
    <TestEntry testId="8c66e0eb-ef8c-a298-b98c-718619cf32d7" executionId="eca7f683-c9fd-4067-a482-17f6a5075052" testListId="8c84fa94-04c1-424b-9868-57a2d4851a1d" />
    <TestEntry testId="37f3b63f-109b-0155-56d4-ebb51174515b" executionId="707593c4-956d-4550-8873-5412543c0758" testListId="8c84fa94-04c1-424b-9868-57a2d4851a1d" />
    <TestEntry testId="510bae4f-fd22-9fcb-4acf-345f240e5a71" executionId="7d049a3d-85ef-4441-9e12-605503961e89" testListId="8c84fa94-04c1-424b-9868-57a2d4851a1d" />
    <TestEntry testId="0d4c4e75-1d31-047f-02a5-46fc3e8607ed" executionId="6bae14b1-4f1b-445e-bb06-033a7c675e06" testListId="8c84fa94-04c1-424b-9868-57a2d4851a1d" />
    <TestEntry testId="96f67eb4-a20a-9570-45bd-c8513789dedb" executionId="61ad830c-95be-4b70-a346-5136e15d3b49" testListId="8c84fa94-04c1-424b-9868-57a2d4851a1d" />
    <TestEntry testId="6946173e-2938-6729-a8e5-0846ab672f27" executionId="9e861a5d-2748-4ebc-afd0-5ec7f6fc2d11" testListId="8c84fa94-04c1-424b-9868-57a2d4851a1d" />
    <TestEntry testId="1a1ad273-3644-9ed7-baba-79ba2348ba48" executionId="cbf80a69-73aa-4977-8afb-c24a75aa6c81" testListId="8c84fa94-04c1-424b-9868-57a2d4851a1d" />
    <TestEntry testId="099002d1-d293-4ea6-bac7-c860e9edaa5c" executionId="3094f04c-26e2-478f-9cb7-943b8566aacf" testListId="8c84fa94-04c1-424b-9868-57a2d4851a1d" />
    <TestEntry testId="1b917860-94a4-03a2-9ec7-497bcd14b80b" executionId="f4da353e-a1d1-437e-a1ee-2f9bf1a42423" testListId="8c84fa94-04c1-424b-9868-57a2d4851a1d" />
    <TestEntry testId="939303fb-87c4-c61f-244e-3bb393d01621" executionId="ee163312-d6aa-4b88-b87b-3c2871139832" testListId="8c84fa94-04c1-424b-9868-57a2d4851a1d" />
    <TestEntry testId="ea254220-860e-fe8d-bd90-42cc6c5f8d77" executionId="c0a290c3-2bec-429a-9131-ad4768fd5041" testListId="8c84fa94-04c1-424b-9868-57a2d4851a1d" />
    <TestEntry testId="d1e9c229-9e04-7fc4-a926-8847fc132375" executionId="a61bf5a3-3820-417c-8928-65eece162e08" testListId="8c84fa94-04c1-424b-9868-57a2d4851a1d" />
    <TestEntry testId="a7afbe30-eaf5-159f-c644-e4974453b459" executionId="60f7e33d-1436-441c-84f6-c7507617780a" testListId="8c84fa94-04c1-424b-9868-57a2d4851a1d" />
    <TestEntry testId="4852095b-1674-e649-9a15-0dd6d7211c45" executionId="1702d4be-ae15-40c5-bd36-1f6c14768b15" testListId="8c84fa94-04c1-424b-9868-57a2d4851a1d" />
    <TestEntry testId="d0341e51-f6a7-e49b-9d4d-a2fda0421570" executionId="e84ca838-0ca1-48bc-acd8-51ca0e8d8f85" testListId="8c84fa94-04c1-424b-9868-57a2d4851a1d" />
    <TestEntry testId="8c107bb2-6401-d22c-3078-472be46a813a" executionId="9b28cbbe-fc91-4226-9bed-0d2104badd0b" testListId="8c84fa94-04c1-424b-9868-57a2d4851a1d" />
    <TestEntry testId="778c997c-75fc-f834-fe28-5cba3645ff57" executionId="d028fbed-2e35-4751-ac5f-d57729228667" testListId="8c84fa94-04c1-424b-9868-57a2d4851a1d" />
    <TestEntry testId="2e809ce2-9dcc-c46d-7872-08f089ff391d" executionId="ba945034-1cac-4321-b4d8-2688ee6cf6d8" testListId="8c84fa94-04c1-424b-9868-57a2d4851a1d" />
    <TestEntry testId="3170a572-4356-3321-4faf-1b8e1741cc95" executionId="55719106-4900-4175-be0f-884310bfd7da" testListId="8c84fa94-04c1-424b-9868-57a2d4851a1d" />
    <TestEntry testId="e3d6956b-35a8-cc9f-6197-1f2b8fc8e925" executionId="680b1054-7844-4111-af84-4c98db7a7259" testListId="8c84fa94-04c1-424b-9868-57a2d4851a1d" />
    <TestEntry testId="eae13e41-f7e3-21b5-5c53-4186b790164e" executionId="eed7ba3d-1edf-48e9-879e-bada934dbdaa" testListId="8c84fa94-04c1-424b-9868-57a2d4851a1d" />
    <TestEntry testId="724d2fa3-3c90-53ae-288a-06b9d9585eb1" executionId="9306fd10-f8ef-4d73-aa75-60bcc4c07ea6" testListId="8c84fa94-04c1-424b-9868-57a2d4851a1d" />
    <TestEntry testId="1b673ae7-9488-1a8e-6e6a-54458debae70" executionId="95aa7476-8867-4589-a5aa-54e45be34be9" testListId="8c84fa94-04c1-424b-9868-57a2d4851a1d" />
    <TestEntry testId="46e3595d-419b-4988-e804-d6bcacc58c7f" executionId="815b34da-b271-4d96-9e22-cb8529f131b2" testListId="8c84fa94-04c1-424b-9868-57a2d4851a1d" />
    <TestEntry testId="b328a9f1-247b-768f-dfdf-9db965983a5c" executionId="4c615394-f939-4f54-93c5-737208524546" testListId="8c84fa94-04c1-424b-9868-57a2d4851a1d" />
    <TestEntry testId="c2cd43c3-6887-ea98-7a55-7e14ca2be67a" executionId="3e663ed1-c7ff-45a1-b71a-e434e605d2db" testListId="8c84fa94-04c1-424b-9868-57a2d4851a1d" />
    <TestEntry testId="1ae44a00-3c23-2836-8b93-328cc8ba45bf" executionId="17ba113d-10dc-42bc-af09-126169961b7b" testListId="8c84fa94-04c1-424b-9868-57a2d4851a1d" />
    <TestEntry testId="4f6951fa-7d9c-805d-fba1-41776867d427" executionId="dedab4bd-0e50-44bf-afc9-c8ac3d8cf091" testListId="8c84fa94-04c1-424b-9868-57a2d4851a1d" />
    <TestEntry testId="1150a51e-6792-8443-02b9-cc3526716639" executionId="fc58bcf9-809e-44eb-b179-1ab7ffe4bea5" testListId="8c84fa94-04c1-424b-9868-57a2d4851a1d" />
    <TestEntry testId="4a4debe9-9bd0-ce4c-80bf-b5da07a697d7" executionId="07ba6531-1954-49f8-be99-d21b84be5da0" testListId="8c84fa94-04c1-424b-9868-57a2d4851a1d" />
    <TestEntry testId="78c4a446-31a1-be76-e015-aaa04391aa1f" executionId="88c2c57a-fbd9-43a8-9540-6567dc072451" testListId="8c84fa94-04c1-424b-9868-57a2d4851a1d" />
    <TestEntry testId="de03e368-6859-9ecb-afbf-b5deaf1a7dd4" executionId="d95570ac-d142-402c-a35d-eca8495624d5" testListId="8c84fa94-04c1-424b-9868-57a2d4851a1d" />
    <TestEntry testId="072e9880-c5e9-6c14-f839-7d80b899737b" executionId="1c31f6f8-2a19-4058-b777-f4eea6da01f6" testListId="8c84fa94-04c1-424b-9868-57a2d4851a1d" />
    <TestEntry testId="382e191c-8327-40a3-4b75-96907ea0d0b0" executionId="de05e848-bf91-451d-85fd-9dbd3117c651" testListId="8c84fa94-04c1-424b-9868-57a2d4851a1d" />
    <TestEntry testId="fd1203ad-83d1-c5b7-f0e6-2ab55a04a254" executionId="0a4f7e89-e1a3-4e6f-8c3b-34805a56fc06" testListId="8c84fa94-04c1-424b-9868-57a2d4851a1d" />
    <TestEntry testId="0e6d58b3-2f4d-d855-848e-224130879f75" executionId="77f7af4d-5442-42de-a6b9-5b9367da8b23" testListId="8c84fa94-04c1-424b-9868-57a2d4851a1d" />
    <TestEntry testId="9f07d75f-6767-a1f6-39e0-4a197685bd83" executionId="cac25bc3-a2da-41fb-84f0-52733e519da0" testListId="8c84fa94-04c1-424b-9868-57a2d4851a1d" />
    <TestEntry testId="79044e04-649a-28c5-bfb8-1553477141eb" executionId="7daa0fc4-48f9-477a-98c9-5c62861b01b4" testListId="8c84fa94-04c1-424b-9868-57a2d4851a1d" />
    <TestEntry testId="25ebe98a-4aca-2c51-5fd4-44ba0ec00350" executionId="ecd2ae9e-e8c7-48f2-b37b-87fd42e189ee" testListId="8c84fa94-04c1-424b-9868-57a2d4851a1d" />
    <TestEntry testId="e2d3ff58-9771-33cc-7be8-5d10985918ea" executionId="b0936a6a-3aae-401a-a158-6c332e0079e8" testListId="8c84fa94-04c1-424b-9868-57a2d4851a1d" />
    <TestEntry testId="70d9a0e5-289b-4efa-d3b7-32704f736272" executionId="5e2d21f8-26d8-4f8b-9862-7869eea17e50" testListId="8c84fa94-04c1-424b-9868-57a2d4851a1d" />
    <TestEntry testId="74d77827-e19c-9f71-119b-795cf5d8f788" executionId="abd83175-0aef-428b-a8b0-d05ccdfd2827" testListId="8c84fa94-04c1-424b-9868-57a2d4851a1d" />
    <TestEntry testId="f8bf7d37-1484-ee94-dc4e-4c00315aa247" executionId="87bbe361-e534-455b-9f77-c966f44a283f" testListId="8c84fa94-04c1-424b-9868-57a2d4851a1d" />
    <TestEntry testId="880370dc-13a7-fa6a-4ece-c8810e14897f" executionId="0a98017b-84f8-48ea-9ad0-631e1974010c" testListId="8c84fa94-04c1-424b-9868-57a2d4851a1d" />
    <TestEntry testId="e1a32dc5-2d31-b813-e76d-1a7702986c2f" executionId="6d5d94e4-c15c-4243-b353-fbfc06042f8c" testListId="8c84fa94-04c1-424b-9868-57a2d4851a1d" />
    <TestEntry testId="d1af284b-c0a4-e6ac-c726-51338d5c5728" executionId="f59ed577-76aa-4280-8f88-1bc9ba3805d0" testListId="8c84fa94-04c1-424b-9868-57a2d4851a1d" />
    <TestEntry testId="a2559831-6d95-5618-dee0-ef5a56bc4a76" executionId="2021ed50-4e10-4282-9706-a424986160c4" testListId="8c84fa94-04c1-424b-9868-57a2d4851a1d" />
    <TestEntry testId="3db49207-753e-e65e-30bb-946e199583a1" executionId="b11eb0c9-f5d0-4387-9664-838fc63db8ae" testListId="8c84fa94-04c1-424b-9868-57a2d4851a1d" />
    <TestEntry testId="34c2bc49-268c-246c-c4f0-c57fe96d5cc6" executionId="8094a3de-80a4-4f38-821a-3ffc39626352" testListId="8c84fa94-04c1-424b-9868-57a2d4851a1d" />
    <TestEntry testId="c924ba6f-8a05-22aa-848d-e801514d53bc" executionId="50c5908d-6f6e-42ae-85f8-942735ff5c15" testListId="8c84fa94-04c1-424b-9868-57a2d4851a1d" />
    <TestEntry testId="c40fc69d-b8f0-03b2-27b5-775981b60ffc" executionId="2130e672-e283-4819-9286-6d12736b1210" testListId="8c84fa94-04c1-424b-9868-57a2d4851a1d" />
    <TestEntry testId="67f641a0-9c27-659b-49b8-494e9b1eb88c" executionId="0160c62b-48a0-46b9-b32f-8abc69a2e46d" testListId="8c84fa94-04c1-424b-9868-57a2d4851a1d" />
    <TestEntry testId="8f2527ba-d132-627e-1b2d-298783bad250" executionId="14149fa9-d265-4b52-b899-019bdea94c27" testListId="8c84fa94-04c1-424b-9868-57a2d4851a1d" />
    <TestEntry testId="0ddbd220-e008-bad6-6e20-68e24ebbb8bc" executionId="0c15fbd2-9b7c-488a-a129-7f84660ff7ca" testListId="8c84fa94-04c1-424b-9868-57a2d4851a1d" />
    <TestEntry testId="b85fa511-6a33-5511-c946-b5aff5292272" executionId="32506884-f108-4ca7-bb53-963c05ad96aa" testListId="8c84fa94-04c1-424b-9868-57a2d4851a1d" />
    <TestEntry testId="ad055d73-0f5b-3250-9666-f273408cbf45" executionId="bb1a50a4-7b7e-4e5c-8982-1d6a192adefb" testListId="8c84fa94-04c1-424b-9868-57a2d4851a1d" />
    <TestEntry testId="46699cc4-c507-d9a1-1858-0dc4b07e9900" executionId="04d594af-612e-4042-b5b4-43136ced17d0" testListId="8c84fa94-04c1-424b-9868-57a2d4851a1d" />
    <TestEntry testId="2f0693b9-9148-9074-1fa8-87630d41026a" executionId="bd786462-2729-4939-b000-83574909fac1" testListId="8c84fa94-04c1-424b-9868-57a2d4851a1d" />
    <TestEntry testId="9375b98c-e93a-97b1-5715-7805f367d0fa" executionId="e7dd83dd-6271-4a24-8af9-505fc418ec0c" testListId="8c84fa94-04c1-424b-9868-57a2d4851a1d" />
    <TestEntry testId="b58862ff-cbdf-5bd2-c6de-f8f399e58840" executionId="dc4b957d-8970-400b-9fc7-267ae4d6b4f8" testListId="8c84fa94-04c1-424b-9868-57a2d4851a1d" />
    <TestEntry testId="9c2beadb-2159-23ac-6e4a-2c5f72b3c4d8" executionId="a5bd145d-6205-4950-bf74-30406aea0cb5" testListId="8c84fa94-04c1-424b-9868-57a2d4851a1d" />
    <TestEntry testId="b5283c77-7951-5b3c-485c-407b726c12c2" executionId="9e48da0a-ab86-4dee-b1fa-6d3b33b5a782" testListId="8c84fa94-04c1-424b-9868-57a2d4851a1d" />
    <TestEntry testId="7843e3b2-e0d2-dede-8c33-8ff48c647c00" executionId="e9798d6d-b568-48fb-b072-eecfe49eac66" testListId="8c84fa94-04c1-424b-9868-57a2d4851a1d" />
    <TestEntry testId="b1ea3213-a762-f243-cb67-b99c20da0479" executionId="28632561-af27-4d07-b251-3f5c79ed5c0a" testListId="8c84fa94-04c1-424b-9868-57a2d4851a1d" />
    <TestEntry testId="0033c608-74ac-a721-2b34-48239e341062" executionId="d0c937a8-9160-402c-b8fc-2fb10f4b28ab" testListId="8c84fa94-04c1-424b-9868-57a2d4851a1d" />
    <TestEntry testId="ec31a776-96b3-da62-0956-1ff9f4612cba" executionId="c3443fc3-edc6-4385-a924-5dbbcb4f0cf8" testListId="8c84fa94-04c1-424b-9868-57a2d4851a1d" />
    <TestEntry testId="01182f8c-9a6d-66d1-3e5a-cc7683b182ea" executionId="5c125c3b-c567-4a26-99ca-2826877eb046" testListId="8c84fa94-04c1-424b-9868-57a2d4851a1d" />
    <TestEntry testId="45c0dde9-a6a7-fcc5-8907-1a4599e8dfa7" executionId="8c7a37c6-5943-449c-a374-0bcb3c757878" testListId="8c84fa94-04c1-424b-9868-57a2d4851a1d" />
    <TestEntry testId="b974d507-3503-1767-da97-2c27f3fbc61b" executionId="4f7b3432-7344-4bf6-987e-97603ec3ee83" testListId="8c84fa94-04c1-424b-9868-57a2d4851a1d" />
  </TestEntries>
  <TestLists>
    <TestList name="Results Not in a List" id="8c84fa94-04c1-424b-9868-57a2d4851a1d" />
    <TestList name="All Loaded Results" id="19431567-8539-422a-85d7-44ee4e166bda" />
  </TestLists>
  <ResultSummary outcome="Completed">
    <Counters total="88" executed="87" passed="87" failed="0" error="0" timeout="0" aborted="0" inconclusive="0" passedButRunAborted="0" notRunnable="0" notExecuted="0" disconnected="0" warning="0" completed="0" inProgress="0" pending="0" />
    <Output>
      <StdOut>Test 'ListDirectory_InvalidCommand_ThrowsFTPException' was skipped in the test run.</StdOut>
    </Output>
  </ResultSummary>
</TestRun>