<?xml version="1.0" encoding="UTF-8"?>
<TestRun id="678e0098-581c-4fd8-a3ac-59c8f370b6c8" name="bacemi@ICSWS068 2016-08-04 10:04:15" runUser="ICORE\bacemi" xmlns="http://microsoft.com/schemas/VisualStudio/TeamTest/2010">
  <Times creation="2016-08-04T10:04:15.1388664+02:00" queuing="2016-08-04T10:04:15.1388664+02:00" start="2016-08-04T10:04:11.4456797+02:00" finish="2016-08-04T10:29:34.3649939+02:00" />
  <TestSettings name="default" id="cc5b6604-8bf8-4ed2-b45e-521c528eade4">
    <Execution>
      <TestTypeSpecific />
    </Execution>
    <Deployment runDeploymentRoot="bacemi_ICSWS068 2016-08-04 10_04_15" />
    <Properties />
  </TestSettings>
  <Results>
    <UnitTestResult executionId="368f40cc-a14d-4873-ba37-ebf01c1d8255" testId="84f3d16e-388c-5139-85d1-0a1e0b7ff23c" testName="Serialize_Works" computerName="ICSWS068" duration="00:00:03.2512685" startTime="2016-08-04T10:04:11.4456797+02:00" endTime="2016-08-04T10:04:15.0596765+02:00" testType="13cdc9d9-ddb5-4fa4-a97d-d965ccfc6d4b" outcome="Passed" testListId="8c84fa94-04c1-424b-9868-57a2d4851a1d" relativeResultsDirectory="368f40cc-a14d-4873-ba37-ebf01c1d8255" />
    <UnitTestResult executionId="26b822c3-7db4-4ff7-a99b-af978d47d6bc" testId="7921075c-e798-5ced-9653-5754933ea5fa" testName="Invoke_GeneratingLocalSystem_CompilationSuccess" computerName="ICSWS068" duration="00:00:01.2811391" startTime="2016-08-04T10:04:15.0631624+02:00" endTime="2016-08-04T10:04:16.3474447+02:00" testType="13cdc9d9-ddb5-4fa4-a97d-d965ccfc6d4b" outcome="Passed" testListId="8c84fa94-04c1-424b-9868-57a2d4851a1d" relativeResultsDirectory="26b822c3-7db4-4ff7-a99b-af978d47d6bc">
      <Output>
        <StdOut>TestContext Messages:
Generating Local.System source code based on the current system configuration.</StdOut>
      </Output>
    </UnitTestResult>
    <UnitTestResult executionId="b4803e45-bc77-49c0-81da-f57b7947a9e3" testId="d6ce8262-259f-74e2-2bf5-daa77a932845" testName="GeneratingLocalSystem_VerifyingAssembly_HasValidAssemblyVersion" computerName="ICSWS068" duration="00:00:01.1178262" startTime="2016-08-04T10:04:16.3504625+02:00" endTime="2016-08-04T10:04:17.4701722+02:00" testType="13cdc9d9-ddb5-4fa4-a97d-d965ccfc6d4b" outcome="Passed" testListId="8c84fa94-04c1-424b-9868-57a2d4851a1d" relativeResultsDirectory="b4803e45-bc77-49c0-81da-f57b7947a9e3">
      <Output>
        <StdOut>TestContext Messages:
Generating Local.System source code based on the current system configuration.</StdOut>
      </Output>
    </UnitTestResult>
    <UnitTestResult executionId="e26c0238-c6b1-4391-bf8a-a8bb337c3929" testId="dbff6c32-bc95-ee6b-f994-8c15928acaa0" testName="GeneratingLocalSystem_VerifyingAssembly_HasValidAssemblyPkt" computerName="ICSWS068" duration="00:00:01.1589889" startTime="2016-08-04T10:04:17.4731742+02:00" endTime="2016-08-04T10:04:18.6338360+02:00" testType="13cdc9d9-ddb5-4fa4-a97d-d965ccfc6d4b" outcome="Passed" testListId="8c84fa94-04c1-424b-9868-57a2d4851a1d" relativeResultsDirectory="e26c0238-c6b1-4391-bf8a-a8bb337c3929">
      <Output>
        <StdOut>TestContext Messages:
Generating Local.System source code based on the current system configuration.</StdOut>
      </Output>
    </UnitTestResult>
    <UnitTestResult executionId="0e429b66-ebb8-4e71-a6df-beac76151f06" testId="e5bb89e5-5aed-ce69-72a7-3c314da78d02" testName="GeneratingLocalSystem_VerifyExistenceOfContextClass_ContextExists" computerName="ICSWS068" duration="00:00:01.1739944" startTime="2016-08-04T10:04:18.6373386+02:00" endTime="2016-08-04T10:04:19.8132174+02:00" testType="13cdc9d9-ddb5-4fa4-a97d-d965ccfc6d4b" outcome="Passed" testListId="8c84fa94-04c1-424b-9868-57a2d4851a1d" relativeResultsDirectory="0e429b66-ebb8-4e71-a6df-beac76151f06">
      <Output>
        <StdOut>TestContext Messages:
Generating Local.System source code based on the current system configuration.</StdOut>
      </Output>
    </UnitTestResult>
    <UnitTestResult executionId="08dedb3b-5e9e-4c4e-8319-23a83bfe1703" testId="b4d3a324-8ce3-5f55-c620-39712f8348c3" testName="GeneratingLocalSystem_VerifyMethodsOfContext_MethodCountMatches" computerName="ICSWS068" duration="00:00:01.1113657" startTime="2016-08-04T10:04:19.8162194+02:00" endTime="2016-08-04T10:04:20.9290744+02:00" testType="13cdc9d9-ddb5-4fa4-a97d-d965ccfc6d4b" outcome="Passed" testListId="8c84fa94-04c1-424b-9868-57a2d4851a1d" relativeResultsDirectory="08dedb3b-5e9e-4c4e-8319-23a83bfe1703">
      <Output>
        <StdOut>TestContext Messages:
Generating Local.System source code based on the current system configuration.</StdOut>
      </Output>
    </UnitTestResult>
    <UnitTestResult executionId="a19f1fb3-5435-4664-aff4-38d055951ab9" testId="d3aad799-833b-99b4-0d3c-b51932b42c78" testName="GeneratingLocalSystem_VerifyContextPropertiesExists_PropertiesExists" computerName="ICSWS068" duration="00:00:01.1264594" startTime="2016-08-04T10:04:20.9325749+02:00" endTime="2016-08-04T10:04:22.0605035+02:00" testType="13cdc9d9-ddb5-4fa4-a97d-d965ccfc6d4b" outcome="Passed" testListId="8c84fa94-04c1-424b-9868-57a2d4851a1d" relativeResultsDirectory="a19f1fb3-5435-4664-aff4-38d055951ab9">
      <Output>
        <StdOut>TestContext Messages:
Generating Local.System source code based on the current system configuration.</StdOut>
      </Output>
    </UnitTestResult>
    <UnitTestResult executionId="9b3b8359-f6f3-476f-93e3-b83ba0ecfce1" testId="548013a4-e774-291e-0e78-08b2eab431e1" testName="GeneratringLocalSystem_PublicTypeFactory_Exists" computerName="ICSWS068" duration="00:00:01.1197446" startTime="2016-08-04T10:04:22.0635052+02:00" endTime="2016-08-04T10:04:23.1848354+02:00" testType="13cdc9d9-ddb5-4fa4-a97d-d965ccfc6d4b" outcome="Passed" testListId="8c84fa94-04c1-424b-9868-57a2d4851a1d" relativeResultsDirectory="9b3b8359-f6f3-476f-93e3-b83ba0ecfce1">
      <Output>
        <StdOut>TestContext Messages:
Generating Local.System source code based on the current system configuration.</StdOut>
      </Output>
    </UnitTestResult>
    <UnitTestResult executionId="f94d0f4f-e333-4326-b993-899c3ece8ed5" testId="dfacec83-f1be-76ad-e27c-4eae7e4736bf" testName="GeneratingLocalSystem_VerifySettingAttributeGroups_TypeForEachGroupExists" computerName="ICSWS068" duration="00:00:01.1875357" startTime="2016-08-04T10:04:23.1893386+02:00" endTime="2016-08-04T10:04:24.3780359+02:00" testType="13cdc9d9-ddb5-4fa4-a97d-d965ccfc6d4b" outcome="Passed" testListId="8c84fa94-04c1-424b-9868-57a2d4851a1d" relativeResultsDirectory="f94d0f4f-e333-4326-b993-899c3ece8ed5">
      <Output>
        <StdOut>TestContext Messages:
Generating Local.System source code based on the current system configuration.</StdOut>
      </Output>
    </UnitTestResult>
    <UnitTestResult executionId="8afcd8ee-4f4b-432b-94f3-35d314d52011" testId="ef0332b2-87b8-fb54-919d-b0f85376ca1b" testName="GeneratingLocalSystem_VerifySettingAttributeGroupTypes_PropertyForEachAttributeExists" computerName="ICSWS068" duration="00:00:01.1338012" startTime="2016-08-04T10:04:24.3810373+02:00" endTime="2016-08-04T10:04:25.5164565+02:00" testType="13cdc9d9-ddb5-4fa4-a97d-d965ccfc6d4b" outcome="Passed" testListId="8c84fa94-04c1-424b-9868-57a2d4851a1d" relativeResultsDirectory="8afcd8ee-4f4b-432b-94f3-35d314d52011">
      <Output>
        <StdOut>TestContext Messages:
Generating Local.System source code based on the current system configuration.</StdOut>
      </Output>
    </UnitTestResult>
    <UnitTestResult executionId="3eb84853-0a67-40c9-abd3-1d5438f30d59" testId="602a5413-2631-9ac0-4b5e-898497ebbd84" testName="GeneratingLocalSystem_VerifySettingAttributeValue_ValueIsReturned" computerName="ICSWS068" duration="00:00:01.1504492" startTime="2016-08-04T10:04:25.5194590+02:00" endTime="2016-08-04T10:04:26.6717125+02:00" testType="13cdc9d9-ddb5-4fa4-a97d-d965ccfc6d4b" outcome="Passed" testListId="8c84fa94-04c1-424b-9868-57a2d4851a1d" relativeResultsDirectory="3eb84853-0a67-40c9-abd3-1d5438f30d59">
      <Output>
        <StdOut>TestContext Messages:
Generating Local.System source code based on the current system configuration.</StdOut>
      </Output>
    </UnitTestResult>
    <UnitTestResult executionId="37edd1fb-236a-4041-9aa0-cb8f9706b927" testId="d8e9bb70-f0d1-19fe-b4b6-502f50241903" testName="GeneratingLocalSystem_VerifySettingAttributeValueWhereValueIsMissing_DefaultValueIsReturned" computerName="ICSWS068" duration="00:00:01.1531078" startTime="2016-08-04T10:04:26.6757159+02:00" endTime="2016-08-04T10:04:27.8300010+02:00" testType="13cdc9d9-ddb5-4fa4-a97d-d965ccfc6d4b" outcome="Passed" testListId="8c84fa94-04c1-424b-9868-57a2d4851a1d" relativeResultsDirectory="37edd1fb-236a-4041-9aa0-cb8f9706b927">
      <Output>
        <StdOut>TestContext Messages:
Generating Local.System source code based on the current system configuration.</StdOut>
      </Output>
    </UnitTestResult>
    <UnitTestResult executionId="bf6100ed-b5ba-4fc0-8d65-fd966fb3a9dd" testId="e6a91f4f-089d-0099-e35d-a94befab8677" testName="GeneratingLocalSystem_VerifyPartnerAttributeGroups_TypeForEachGroupExists" computerName="ICSWS068" duration="00:00:01.1078561" startTime="2016-08-04T10:04:27.8330027+02:00" endTime="2016-08-04T10:04:28.9423536+02:00" testType="13cdc9d9-ddb5-4fa4-a97d-d965ccfc6d4b" outcome="Passed" testListId="8c84fa94-04c1-424b-9868-57a2d4851a1d" relativeResultsDirectory="bf6100ed-b5ba-4fc0-8d65-fd966fb3a9dd">
      <Output>
        <StdOut>TestContext Messages:
Generating Local.System source code based on the current system configuration.</StdOut>
      </Output>
    </UnitTestResult>
    <UnitTestResult executionId="13c00fdb-63f2-4aee-99e6-45c4ac62904e" testId="fdef10c2-44ec-b74a-5130-97c839f5d1da" testName="GeneratingLocalSystem_VerifyPartnerAttributeGroupTypes_PropertyForEachAttributeExists" computerName="ICSWS068" duration="00:00:01.1538796" startTime="2016-08-04T10:04:28.9463562+02:00" endTime="2016-08-04T10:04:30.1017902+02:00" testType="13cdc9d9-ddb5-4fa4-a97d-d965ccfc6d4b" outcome="Passed" testListId="8c84fa94-04c1-424b-9868-57a2d4851a1d" relativeResultsDirectory="13c00fdb-63f2-4aee-99e6-45c4ac62904e">
      <Output>
        <StdOut>TestContext Messages:
Generating Local.System source code based on the current system configuration.</StdOut>
      </Output>
    </UnitTestResult>
    <UnitTestResult executionId="72f81835-0225-49e3-9b3a-b9c5678a92d2" testId="4a287084-b960-c671-fb73-569b29a45e4f" testName="GeneratingLocalSystem_VerifyPartnerAttributeValue_ValueIsReturned" computerName="ICSWS068" duration="00:00:01.1660485" startTime="2016-08-04T10:04:30.1052957+02:00" endTime="2016-08-04T10:04:31.2728926+02:00" testType="13cdc9d9-ddb5-4fa4-a97d-d965ccfc6d4b" outcome="Passed" testListId="8c84fa94-04c1-424b-9868-57a2d4851a1d" relativeResultsDirectory="72f81835-0225-49e3-9b3a-b9c5678a92d2">
      <Output>
        <StdOut>TestContext Messages:
Generating Local.System source code based on the current system configuration.</StdOut>
      </Output>
    </UnitTestResult>
    <UnitTestResult executionId="d2526cea-1c8d-4522-b706-c2c45ee04d85" testId="b8176bd5-6a03-19a4-83fd-677319111bea" testName="GeneratingLocalSystem_VerifyPartnerAttributeValueWhereValueIsMissing_DefaultValueIsReturned" computerName="ICSWS068" duration="00:00:01.1062376" startTime="2016-08-04T10:04:31.2758949+02:00" endTime="2016-08-04T10:04:32.3847244+02:00" testType="13cdc9d9-ddb5-4fa4-a97d-d965ccfc6d4b" outcome="Passed" testListId="8c84fa94-04c1-424b-9868-57a2d4851a1d" relativeResultsDirectory="d2526cea-1c8d-4522-b706-c2c45ee04d85">
      <Output>
        <StdOut>TestContext Messages:
Generating Local.System source code based on the current system configuration.</StdOut>
      </Output>
    </UnitTestResult>
    <UnitTestResult executionId="cab9fcc5-9817-4ec6-9276-e299e7161013" testId="d969dc0b-3265-a1d1-4aed-2cae0b6f96fa" testName="ConstructorWithSystemContect_ValidContext_Success" computerName="ICSWS068" duration="00:00:00.4798444" startTime="2016-08-04T10:04:32.3877258+02:00" endTime="2016-08-04T10:04:32.8707581+02:00" testType="13cdc9d9-ddb5-4fa4-a97d-d965ccfc6d4b" outcome="Passed" testListId="8c84fa94-04c1-424b-9868-57a2d4851a1d" relativeResultsDirectory="cab9fcc5-9817-4ec6-9276-e299e7161013" />
    <UnitTestResult executionId="a9984366-55a0-40b3-8e6f-f1a9116787d7" testId="e319bf19-3125-dbc2-ba5d-2fa3803476fe" testName="ConstructorWithSystemContect_ValidIcon_IconIsNotNull" computerName="ICSWS068" duration="00:00:00.3439218" startTime="2016-08-04T10:04:32.8737618+02:00" endTime="2016-08-04T10:04:33.2189832+02:00" testType="13cdc9d9-ddb5-4fa4-a97d-d965ccfc6d4b" outcome="Passed" testListId="8c84fa94-04c1-424b-9868-57a2d4851a1d" relativeResultsDirectory="a9984366-55a0-40b3-8e6f-f1a9116787d7" />
    <UnitTestResult executionId="32199a4a-664f-438c-804e-6f71dc444cbd" testId="4e37b941-7b2c-4447-acd1-16cb2bcf2ce2" testName="Exists_KnownAttachedMachineName_ReturnsTrue (Data Row 0)" computerName="ICSWS068" duration="00:00:00.3547969" startTime="2016-08-04T08:04:33.2312493+02:00" endTime="2016-08-04T08:04:33.5868086+02:00" testType="13cdc9d9-ddb5-4fa4-a97d-d965ccfc6d4b" outcome="Passed" testListId="8c84fa94-04c1-424b-9868-57a2d4851a1d" relativeResultsDirectory="32199a4a-664f-438c-804e-6f71dc444cbd" />
    <UnitTestResult executionId="a71adbae-f397-419d-a1e0-6345d4b75153" testId="26f93ad6-fd3b-466e-9ea7-be0eb9707dab" testName="Exists_KnownAttachedMachineName_ReturnsTrue (Data Row 1)" computerName="ICSWS068" duration="00:00:00.3460910" startTime="2016-08-04T08:04:33.5868086+02:00" endTime="2016-08-04T08:04:33.9329696+02:00" testType="13cdc9d9-ddb5-4fa4-a97d-d965ccfc6d4b" outcome="Passed" testListId="8c84fa94-04c1-424b-9868-57a2d4851a1d" relativeResultsDirectory="a71adbae-f397-419d-a1e0-6345d4b75153" />
    <UnitTestResult executionId="b4bb2616-3acb-42aa-bbbb-565b66a4ebfd" testId="d3420231-41ed-4f85-9c59-354c5276913d" testName="Exists_KnownAttachedMachineKey_ReturnsTrue (Data Row 0)" computerName="ICSWS068" duration="00:00:00.3356076" startTime="2016-08-04T08:04:33.9419955+02:00" endTime="2016-08-04T08:04:34.2777505+02:00" testType="13cdc9d9-ddb5-4fa4-a97d-d965ccfc6d4b" outcome="Passed" testListId="8c84fa94-04c1-424b-9868-57a2d4851a1d" relativeResultsDirectory="b4bb2616-3acb-42aa-bbbb-565b66a4ebfd" />
    <UnitTestResult executionId="e8a4577a-6082-4af8-b4f8-3af3dd7211de" testId="942ed137-72b2-43d4-8d37-2b0988e96c97" testName="Exists_KnownAttachedMachineKey_ReturnsTrue (Data Row 1)" computerName="ICSWS068" duration="00:00:00.3694388" startTime="2016-08-04T08:04:34.2777505+02:00" endTime="2016-08-04T08:04:34.6472712+02:00" testType="13cdc9d9-ddb5-4fa4-a97d-d965ccfc6d4b" outcome="Passed" testListId="8c84fa94-04c1-424b-9868-57a2d4851a1d" relativeResultsDirectory="e8a4577a-6082-4af8-b4f8-3af3dd7211de" />
    <UnitTestResult executionId="a20142fc-3bff-442f-ac07-f926c469e4b3" testId="aec348e0-cb2a-ee17-5c50-49ad3246a90a" testName="Exists_NonExistsingMachineId_False" computerName="ICSWS068" duration="00:00:00.3396823" startTime="2016-08-04T10:04:34.6507747+02:00" endTime="2016-08-04T10:04:34.9917692+02:00" testType="13cdc9d9-ddb5-4fa4-a97d-d965ccfc6d4b" outcome="Passed" testListId="8c84fa94-04c1-424b-9868-57a2d4851a1d" relativeResultsDirectory="a20142fc-3bff-442f-ac07-f926c469e4b3" />
    <UnitTestResult executionId="aa7b0e5c-f074-41fb-bce6-dfe3d8bac955" testId="60019d20-ad77-f7db-ecd6-b323af60d12d" testName="Exists_NonExistsingAttachedMachineKey_False" computerName="ICSWS068" duration="00:00:00.3350120" startTime="2016-08-04T10:04:34.9942715+02:00" endTime="2016-08-04T10:04:35.3309317+02:00" testType="13cdc9d9-ddb5-4fa4-a97d-d965ccfc6d4b" outcome="Passed" testListId="8c84fa94-04c1-424b-9868-57a2d4851a1d" relativeResultsDirectory="aa7b0e5c-f074-41fb-bce6-dfe3d8bac955" />
    <UnitTestResult executionId="e71372fd-c415-4557-a661-b59d249d4d2d" testId="59464acc-d618-6caa-b377-5535e918ce27" testName="ExistsCurrentMachine_CurrentMachineIsKnownValidAttachedMachine_ReturnsTrue" computerName="ICSWS068" duration="00:00:00.3870463" startTime="2016-08-04T10:04:35.3339326+02:00" endTime="2016-08-04T10:04:35.7225098+02:00" testType="13cdc9d9-ddb5-4fa4-a97d-d965ccfc6d4b" outcome="Passed" testListId="8c84fa94-04c1-424b-9868-57a2d4851a1d" relativeResultsDirectory="e71372fd-c415-4557-a661-b59d249d4d2d" />
    <UnitTestResult executionId="fc49d70d-7c90-400d-9ff6-d943d5e54a3e" testId="fbe60db0-fbb1-dc72-e294-dd659e951aee" testName="ExistsCurrentMachine_CurrentMachineIsKnownInvalidAttachedMachine_ReturnsTrue" computerName="ICSWS068" duration="00:00:00.3576197" startTime="2016-08-04T10:04:35.7255115+02:00" endTime="2016-08-04T10:04:36.0845541+02:00" testType="13cdc9d9-ddb5-4fa4-a97d-d965ccfc6d4b" outcome="Passed" testListId="8c84fa94-04c1-424b-9868-57a2d4851a1d" relativeResultsDirectory="fc49d70d-7c90-400d-9ff6-d943d5e54a3e" />
    <UnitTestResult executionId="b939dbab-6ce6-4b0b-bd4a-e99004aa1c28" testId="a6530685-9e07-8799-b1ca-e4baf1879727" testName="ExistsCurrentMachine_CurrentMachineIsNotKnownAttachedMachine_ReturnsFalse" computerName="ICSWS068" duration="00:00:00.3505043" startTime="2016-08-04T10:04:36.0875564+02:00" endTime="2016-08-04T10:04:36.4400264+02:00" testType="13cdc9d9-ddb5-4fa4-a97d-d965ccfc6d4b" outcome="Passed" testListId="8c84fa94-04c1-424b-9868-57a2d4851a1d" relativeResultsDirectory="b939dbab-6ce6-4b0b-bd4a-e99004aa1c28" />
    <UnitTestResult executionId="b8a2ecad-71f4-426d-8132-851b20025ee5" testId="c6de67e7-8f1f-ca3e-ee89-1658c9c77f2d" testName="List_All_ShouldReturnNonEmptyEnumeration" computerName="ICSWS068" duration="00:00:00.3565423" startTime="2016-08-04T10:04:36.4425281+02:00" endTime="2016-08-04T10:04:36.8008235+02:00" testType="13cdc9d9-ddb5-4fa4-a97d-d965ccfc6d4b" outcome="Passed" testListId="8c84fa94-04c1-424b-9868-57a2d4851a1d" relativeResultsDirectory="b8a2ecad-71f4-426d-8132-851b20025ee5" />
    <UnitTestResult executionId="26566544-6656-4bb9-b933-f6303c2bae56" testId="0f7e946d-d211-4b7b-98ef-43188f96303e" testName="List_All_ResultContainsEachKnownAttachedMachineOnce (Data Row 0)" computerName="ICSWS068" duration="00:00:00.4352153" startTime="2016-08-04T08:04:36.8058272+02:00" endTime="2016-08-04T08:04:37.2409037+02:00" testType="13cdc9d9-ddb5-4fa4-a97d-d965ccfc6d4b" outcome="Passed" testListId="8c84fa94-04c1-424b-9868-57a2d4851a1d" relativeResultsDirectory="26566544-6656-4bb9-b933-f6303c2bae56" />
    <UnitTestResult executionId="5a4e430d-9fed-4407-8d4f-07e2821ca2a4" testId="334d2673-649b-4cfd-ad91-e839ab8c21b6" testName="List_All_ResultContainsEachKnownAttachedMachineOnce (Data Row 1)" computerName="ICSWS068" duration="00:00:00.3614965" startTime="2016-08-04T08:04:37.2409037+02:00" endTime="2016-08-04T08:04:37.6022031+02:00" testType="13cdc9d9-ddb5-4fa4-a97d-d965ccfc6d4b" outcome="Passed" testListId="8c84fa94-04c1-424b-9868-57a2d4851a1d" relativeResultsDirectory="5a4e430d-9fed-4407-8d4f-07e2821ca2a4" />
    <UnitTestResult executionId="34d8b707-e13c-4175-8f41-ee6858022230" testId="ec82c45f-69fa-0ffd-0d9e-4e2bcdad62bd" testName="List_All_ShouldSetSystemContextCorrectly" computerName="ICSWS068" duration="00:00:00.3922852" startTime="2016-08-04T10:04:37.6062060+02:00" endTime="2016-08-04T10:04:38.0001013+02:00" testType="13cdc9d9-ddb5-4fa4-a97d-d965ccfc6d4b" outcome="Passed" testListId="8c84fa94-04c1-424b-9868-57a2d4851a1d" relativeResultsDirectory="34d8b707-e13c-4175-8f41-ee6858022230" />
    <UnitTestResult executionId="5b619cb0-2aae-4d78-942e-44b52cc22cac" testId="ffe28b7b-57ed-4d6e-9b08-c6c1bb901c56" testName="GetByMachineId_GetExistingEntity_Success (Data Row 0)" computerName="ICSWS068" duration="00:00:00.3916169" startTime="2016-08-04T08:04:38.0066059+02:00" endTime="2016-08-04T08:04:38.3983863+02:00" testType="13cdc9d9-ddb5-4fa4-a97d-d965ccfc6d4b" outcome="Passed" testListId="8c84fa94-04c1-424b-9868-57a2d4851a1d" relativeResultsDirectory="5b619cb0-2aae-4d78-942e-44b52cc22cac" />
    <UnitTestResult executionId="aec92fb5-6afb-4353-9dc9-1e38207fbfc8" testId="9428af85-c6ed-4e59-bd36-e0a219c47bc8" testName="GetByMachineId_GetExistingEntity_Success (Data Row 1)" computerName="ICSWS068" duration="00:00:00.4117979" startTime="2016-08-04T08:04:38.3983863+02:00" endTime="2016-08-04T08:04:38.8101893+02:00" testType="13cdc9d9-ddb5-4fa4-a97d-d965ccfc6d4b" outcome="Passed" testListId="8c84fa94-04c1-424b-9868-57a2d4851a1d" relativeResultsDirectory="aec92fb5-6afb-4353-9dc9-1e38207fbfc8" />
    <UnitTestResult executionId="c213feca-b8b5-4b2f-a5fe-c65f7ccde849" testId="2838bb16-e939-17e9-e0b1-9197b85da247" testName="GetByMachineId_GetNonExistingEntity_Throws" computerName="ICSWS068" duration="00:00:00.3995343" startTime="2016-08-04T10:04:38.8141919+02:00" endTime="2016-08-04T10:04:39.2160396+02:00" testType="13cdc9d9-ddb5-4fa4-a97d-d965ccfc6d4b" outcome="Passed" testListId="8c84fa94-04c1-424b-9868-57a2d4851a1d" relativeResultsDirectory="c213feca-b8b5-4b2f-a5fe-c65f7ccde849" />
    <UnitTestResult executionId="1d0cb852-95a9-4139-b4b1-07acf620d2c4" testId="142162d7-f1e7-0785-a738-a73f3cc21bf8" testName="GetCurrentMachine_CurrentMachineIsExistingEntity_Success" computerName="ICSWS068" duration="00:00:00.3768128" startTime="2016-08-04T10:04:39.2210430+02:00" endTime="2016-08-04T10:04:39.5997718+02:00" testType="13cdc9d9-ddb5-4fa4-a97d-d965ccfc6d4b" outcome="Passed" testListId="8c84fa94-04c1-424b-9868-57a2d4851a1d" relativeResultsDirectory="1d0cb852-95a9-4139-b4b1-07acf620d2c4" />
    <UnitTestResult executionId="761cc62d-3072-4616-8562-19dcbfe30397" testId="df696e89-3e34-9b2c-ee46-5954a7dbb475" testName="GetCurrentMachine_CurrentMachineIsNonExistingEntity_Throws" computerName="ICSWS068" duration="00:00:00.3716162" startTime="2016-08-04T10:04:39.6027934+02:00" endTime="2016-08-04T10:04:39.9760595+02:00" testType="13cdc9d9-ddb5-4fa4-a97d-d965ccfc6d4b" outcome="Passed" testListId="8c84fa94-04c1-424b-9868-57a2d4851a1d" relativeResultsDirectory="761cc62d-3072-4616-8562-19dcbfe30397" />
    <UnitTestResult executionId="11a572fa-58f5-4fdf-9436-e39476e5a6c8" testId="18b96e34-2c4e-449c-a75c-2300b8e948ce" testName="GetByKey_GetExistingEntity_Success (Data Row 0)" computerName="ICSWS068" duration="00:00:00.4156773" startTime="2016-08-04T08:04:39.9810635+02:00" endTime="2016-08-04T08:04:40.3968726+02:00" testType="13cdc9d9-ddb5-4fa4-a97d-d965ccfc6d4b" outcome="Passed" testListId="8c84fa94-04c1-424b-9868-57a2d4851a1d" relativeResultsDirectory="11a572fa-58f5-4fdf-9436-e39476e5a6c8" />
    <UnitTestResult executionId="0ebf9e72-a2ce-450a-b3db-674e251a9401" testId="43900829-f83f-4c84-804c-6f3e89befffd" testName="GetByKey_GetExistingEntity_Success (Data Row 1)" computerName="ICSWS068" duration="00:00:00.4151404" startTime="2016-08-04T08:04:40.3968726+02:00" endTime="2016-08-04T08:04:40.8121699+02:00" testType="13cdc9d9-ddb5-4fa4-a97d-d965ccfc6d4b" outcome="Passed" testListId="8c84fa94-04c1-424b-9868-57a2d4851a1d" relativeResultsDirectory="0ebf9e72-a2ce-450a-b3db-674e251a9401" />
    <UnitTestResult executionId="cc4228df-a46b-4214-abd3-b7ad74366881" testId="8371ffd1-e6b8-52ef-e0fb-a618a2459ef2" testName="GetByKey_GetNonExistingEntity_Throws" computerName="ICSWS068" duration="00:00:00.4448945" startTime="2016-08-04T10:04:40.8156719+02:00" endTime="2016-08-04T10:04:41.2624757+02:00" testType="13cdc9d9-ddb5-4fa4-a97d-d965ccfc6d4b" outcome="Passed" testListId="8c84fa94-04c1-424b-9868-57a2d4851a1d" relativeResultsDirectory="cc4228df-a46b-4214-abd3-b7ad74366881" />
    <UnitTestResult executionId="4bccb028-ddee-4c18-8ba2-caa4f85d743e" testId="d1655a74-51b8-5371-7d52-64529d5bce37" testName="GetByKey_KeyIsOfWrongType_Throws" computerName="ICSWS068" duration="00:00:00.4083552" startTime="2016-08-04T10:04:41.2654786+02:00" endTime="2016-08-04T10:04:41.6837777+02:00" testType="13cdc9d9-ddb5-4fa4-a97d-d965ccfc6d4b" outcome="Passed" testListId="8c84fa94-04c1-424b-9868-57a2d4851a1d" relativeResultsDirectory="4bccb028-ddee-4c18-8ba2-caa4f85d743e" />
    <UnitTestResult executionId="f3a590f4-59ef-4b2d-a546-e8a38b6fc14e" testId="fad5d4c8-dedc-1713-2a94-11e3d607808c" testName="Add_AddNonExisting_Success" computerName="ICSWS068" duration="00:00:00.4713933" startTime="2016-08-04T10:04:41.6877802+02:00" endTime="2016-08-04T10:04:42.1611191+02:00" testType="13cdc9d9-ddb5-4fa4-a97d-d965ccfc6d4b" outcome="Passed" testListId="8c84fa94-04c1-424b-9868-57a2d4851a1d" relativeResultsDirectory="f3a590f4-59ef-4b2d-a546-e8a38b6fc14e" />
    <UnitTestResult executionId="44aecd91-e0ea-46b5-bf8b-6e771ff9a856" testId="04c703d6-99e8-cb73-6a6f-0bdd61770ea3" testName="Add_AddNonExistingEncryptedEncryptionKeyIsNull_Success" computerName="ICSWS068" duration="00:00:00.4138982" startTime="2016-08-04T10:04:42.1646220+02:00" endTime="2016-08-04T10:04:42.5804225+02:00" testType="13cdc9d9-ddb5-4fa4-a97d-d965ccfc6d4b" outcome="Passed" testListId="8c84fa94-04c1-424b-9868-57a2d4851a1d" relativeResultsDirectory="44aecd91-e0ea-46b5-bf8b-6e771ff9a856" />
    <UnitTestResult executionId="d6a13f06-0013-469d-b27a-524d38d04671" testId="23bde909-7ba3-50fc-0971-d5431fe2be83" testName="Add_MissingMachineId_ThrowsStringLengthErrorException" computerName="ICSWS068" duration="00:00:00.4246366" startTime="2016-08-04T10:04:42.5839254+02:00" endTime="2016-08-04T10:04:43.0102395+02:00" testType="13cdc9d9-ddb5-4fa4-a97d-d965ccfc6d4b" outcome="Passed" testListId="8c84fa94-04c1-424b-9868-57a2d4851a1d" relativeResultsDirectory="d6a13f06-0013-469d-b27a-524d38d04671" />
    <UnitTestResult executionId="47a72f89-5097-4a09-b329-702aef6f8c07" testId="7b10f4ff-82d1-a294-692e-5699c70cf752" testName="Add_AddDuplicate_ThrowsUniqueValueAddConflictException" computerName="ICSWS068" duration="00:00:00.4688250" startTime="2016-08-04T10:04:43.0137424+02:00" endTime="2016-08-04T10:04:43.4846875+02:00" testType="13cdc9d9-ddb5-4fa4-a97d-d965ccfc6d4b" outcome="Passed" testListId="8c84fa94-04c1-424b-9868-57a2d4851a1d" relativeResultsDirectory="47a72f89-5097-4a09-b329-702aef6f8c07" />
    <UnitTestResult executionId="492b245d-68cd-4781-b780-3d69dcc2dbc0" testId="c0fb210c-9040-e0e9-dcdb-94ecdfb4436f" testName="AddCurrentMachine_AddNonExistingAsValid_Success" computerName="ICSWS068" duration="00:00:00.4087153" startTime="2016-08-04T10:04:43.4881895+02:00" endTime="2016-08-04T10:04:43.8984907+02:00" testType="13cdc9d9-ddb5-4fa4-a97d-d965ccfc6d4b" outcome="Passed" testListId="8c84fa94-04c1-424b-9868-57a2d4851a1d" relativeResultsDirectory="492b245d-68cd-4781-b780-3d69dcc2dbc0" />
    <UnitTestResult executionId="c312ca6b-7416-4173-9a55-d25382c43e8b" testId="46582fe4-8175-3d7b-79e4-7fefedad89bd" testName="AddCurrentMachine_AddNonExistingAsInvalid_Success" computerName="ICSWS068" duration="00:00:00.4296435" startTime="2016-08-04T10:04:43.9014918+02:00" endTime="2016-08-04T10:04:44.3343024+02:00" testType="13cdc9d9-ddb5-4fa4-a97d-d965ccfc6d4b" outcome="Passed" testListId="8c84fa94-04c1-424b-9868-57a2d4851a1d" relativeResultsDirectory="c312ca6b-7416-4173-9a55-d25382c43e8b" />
    <UnitTestResult executionId="ad3e8171-282e-4470-bc45-ec72cdec293e" testId="5bf658f8-78d5-c039-f0fb-2dd3d088181a" testName="AddCurrentMachine_AddDuplicate_ThrowsUniqueValueAddConflictException" computerName="ICSWS068" duration="00:00:00.4089939" startTime="2016-08-04T10:04:44.3378044+02:00" endTime="2016-08-04T10:04:44.7485985+02:00" testType="13cdc9d9-ddb5-4fa4-a97d-d965ccfc6d4b" outcome="Passed" testListId="8c84fa94-04c1-424b-9868-57a2d4851a1d" relativeResultsDirectory="ad3e8171-282e-4470-bc45-ec72cdec293e" />
    <UnitTestResult executionId="ee159787-1fd1-437a-9cd2-f1fff053ea1b" testId="1cbee3a9-9b2c-736e-b831-c956302d7ca8" testName="Delete_DeleteExisting_Success" computerName="ICSWS068" duration="00:00:00.4404330" startTime="2016-08-04T10:04:44.7516008+02:00" endTime="2016-08-04T10:04:45.1939329+02:00" testType="13cdc9d9-ddb5-4fa4-a97d-d965ccfc6d4b" outcome="Passed" testListId="8c84fa94-04c1-424b-9868-57a2d4851a1d" relativeResultsDirectory="ee159787-1fd1-437a-9cd2-f1fff053ea1b" />
    <UnitTestResult executionId="9b739e29-1641-4f6a-9fb4-ff8f89fa779b" testId="95103477-31eb-dc2f-f8ef-abc15903ccbb" testName="Delete_DeleteNonExisting_Success" computerName="ICSWS068" duration="00:00:00.4398351" startTime="2016-08-04T10:04:45.1969349+02:00" endTime="2016-08-04T10:04:45.6382556+02:00" testType="13cdc9d9-ddb5-4fa4-a97d-d965ccfc6d4b" outcome="Passed" testListId="8c84fa94-04c1-424b-9868-57a2d4851a1d" relativeResultsDirectory="9b739e29-1641-4f6a-9fb4-ff8f89fa779b" />
    <UnitTestResult executionId="dce06c7c-1348-4c04-a0c3-eecad9b83544" testId="b67196e5-e490-c05a-0fac-2411e186cce0" testName="Delete_DeleteExistingAsDeveloper_Success" computerName="ICSWS068" duration="00:00:00.8571622" startTime="2016-08-04T10:04:45.6417581+02:00" endTime="2016-08-04T10:04:46.5008890+02:00" testType="13cdc9d9-ddb5-4fa4-a97d-d965ccfc6d4b" outcome="Passed" testListId="8c84fa94-04c1-424b-9868-57a2d4851a1d" relativeResultsDirectory="dce06c7c-1348-4c04-a0c3-eecad9b83544" />
    <UnitTestResult executionId="6e73f357-5a70-4eed-82b4-807f6eeaae80" testId="cc7db5d8-9708-17fb-9f58-56050d9412f8" testName="Delete_DeleteExistingAsViewer_Throws" computerName="ICSWS068" duration="00:00:00.8793708" startTime="2016-08-04T10:04:46.5038907+02:00" endTime="2016-08-04T10:04:47.3865264+02:00" testType="13cdc9d9-ddb5-4fa4-a97d-d965ccfc6d4b" outcome="Passed" testListId="8c84fa94-04c1-424b-9868-57a2d4851a1d" relativeResultsDirectory="6e73f357-5a70-4eed-82b4-807f6eeaae80" />
    <UnitTestResult executionId="b623e6da-a88f-486f-9244-a2f81223b2bf" testId="ced89b7d-7048-7f20-cb46-427b6d7c9901" testName="Delete_DeleteExistingAsUser_Throws" computerName="ICSWS068" duration="00:00:00.9254859" startTime="2016-08-04T10:04:47.3900290+02:00" endTime="2016-08-04T10:04:48.3171859+02:00" testType="13cdc9d9-ddb5-4fa4-a97d-d965ccfc6d4b" outcome="Passed" testListId="8c84fa94-04c1-424b-9868-57a2d4851a1d" relativeResultsDirectory="b623e6da-a88f-486f-9244-a2f81223b2bf" />
    <UnitTestResult executionId="4900c621-2567-4f1f-8a56-72121361d884" testId="6135bb5e-9724-30bd-0131-def077806361" testName="Delete_DeleteExistingThatIsCurrentMachine_Throws" computerName="ICSWS068" duration="00:00:00.3852349" startTime="2016-08-04T10:04:48.3206882+02:00" endTime="2016-08-04T10:04:48.7079825+02:00" testType="13cdc9d9-ddb5-4fa4-a97d-d965ccfc6d4b" outcome="Passed" testListId="8c84fa94-04c1-424b-9868-57a2d4851a1d" relativeResultsDirectory="4900c621-2567-4f1f-8a56-72121361d884" />
    <UnitTestResult executionId="12cbbc82-c4c2-4e75-ac45-e8f38f5b9fde" testId="ed76e81e-4638-fdfb-5800-ade210df0f7b" testName="DeleteCurrentMachine_DeleteExisting_Success" computerName="ICSWS068" duration="00:00:00.4165107" startTime="2016-08-04T10:04:48.7119848+02:00" endTime="2016-08-04T10:04:49.1302844+02:00" testType="13cdc9d9-ddb5-4fa4-a97d-d965ccfc6d4b" outcome="Passed" testListId="8c84fa94-04c1-424b-9868-57a2d4851a1d" relativeResultsDirectory="12cbbc82-c4c2-4e75-ac45-e8f38f5b9fde" />
    <UnitTestResult executionId="f871f736-c408-4fc2-8a81-5974b2365a24" testId="1f14875c-cb52-0951-011d-7f9a35b51125" testName="DeleteCurrentMachine_DeleteNonExisting_Success" computerName="ICSWS068" duration="00:00:00.4169696" startTime="2016-08-04T10:04:49.1332864+02:00" endTime="2016-08-04T10:04:49.5521028+02:00" testType="13cdc9d9-ddb5-4fa4-a97d-d965ccfc6d4b" outcome="Passed" testListId="8c84fa94-04c1-424b-9868-57a2d4851a1d" relativeResultsDirectory="f871f736-c408-4fc2-8a81-5974b2365a24" />
    <UnitTestResult executionId="bb2e23a7-56ce-4435-b9c6-e796fa3149e4" testId="7976bc30-6aa8-b756-6552-e9bd091b3080" testName="Update_UpdateExisting_Success" computerName="ICSWS068" duration="00:00:00.4353522" startTime="2016-08-04T10:04:49.5551054+02:00" endTime="2016-08-04T10:04:49.9919185+02:00" testType="13cdc9d9-ddb5-4fa4-a97d-d965ccfc6d4b" outcome="Passed" testListId="8c84fa94-04c1-424b-9868-57a2d4851a1d" relativeResultsDirectory="bb2e23a7-56ce-4435-b9c6-e796fa3149e4" />
    <UnitTestResult executionId="c55a65c3-ab8c-4a6f-91ec-f15c81e42509" testId="d0879f88-0451-db60-c406-08ffef21784e" testName="Update_UpdateExistingEncryptedEncryptionKeySetToNull_Success" computerName="ICSWS068" duration="00:00:00.4288984" startTime="2016-08-04T10:04:49.9949205+02:00" endTime="2016-08-04T10:04:50.4257287+02:00" testType="13cdc9d9-ddb5-4fa4-a97d-d965ccfc6d4b" outcome="Passed" testListId="8c84fa94-04c1-424b-9868-57a2d4851a1d" relativeResultsDirectory="c55a65c3-ab8c-4a6f-91ec-f15c81e42509" />
    <UnitTestResult executionId="736dcb40-e242-46fa-a31b-95b3ab53a76c" testId="ddb076e2-c091-9e4e-0145-95a55e5bc228" testName="Update_UpdateNonExisting_Success" computerName="ICSWS068" duration="00:00:00.4103443" startTime="2016-08-04T10:04:50.4307321+02:00" endTime="2016-08-04T10:04:50.8425442+02:00" testType="13cdc9d9-ddb5-4fa4-a97d-d965ccfc6d4b" outcome="Passed" testListId="8c84fa94-04c1-424b-9868-57a2d4851a1d" relativeResultsDirectory="736dcb40-e242-46fa-a31b-95b3ab53a76c" />
    <UnitTestResult executionId="39472892-c126-40e7-8a03-38caaa47b967" testId="1054dd40-c807-a9be-4a88-10a1fa0b806f" testName="Update_MachineNameIsNull_ThrowsConditionalErrorException" computerName="ICSWS068" duration="00:00:00.4404022" startTime="2016-08-04T10:04:50.8460462+02:00" endTime="2016-08-04T10:04:51.2888706+02:00" testType="13cdc9d9-ddb5-4fa4-a97d-d965ccfc6d4b" outcome="Passed" testListId="8c84fa94-04c1-424b-9868-57a2d4851a1d" relativeResultsDirectory="39472892-c126-40e7-8a03-38caaa47b967" />
    <UnitTestResult executionId="04e994d2-4393-49a5-b88e-b15a6ddd4e5a" testId="048f8b77-2376-68d1-4a28-77d7432398de" testName="Update_NewMachineId_Success" computerName="ICSWS068" duration="00:00:00.4187804" startTime="2016-08-04T10:04:51.2923732+02:00" endTime="2016-08-04T10:04:51.7141839+02:00" testType="13cdc9d9-ddb5-4fa4-a97d-d965ccfc6d4b" outcome="Passed" testListId="8c84fa94-04c1-424b-9868-57a2d4851a1d" relativeResultsDirectory="04e994d2-4393-49a5-b88e-b15a6ddd4e5a" />
    <UnitTestResult executionId="665aec03-0706-4126-b316-7826b3a02e03" testId="e186e470-9a9d-e9ce-5423-7ab1ff49d2a4" testName="RepositoryEntityTypeId_ReturnsAttachedMachine" computerName="ICSWS068" duration="00:00:00.4307159" startTime="2016-08-04T10:04:51.7171859+02:00" endTime="2016-08-04T10:04:52.1495023+02:00" testType="13cdc9d9-ddb5-4fa4-a97d-d965ccfc6d4b" outcome="Passed" testListId="8c84fa94-04c1-424b-9868-57a2d4851a1d" relativeResultsDirectory="665aec03-0706-4126-b316-7826b3a02e03" />
    <UnitTestResult executionId="b91c0a92-0d3d-45e5-aaa4-b5fc36b101fe" testId="f28de81a-7317-9b7a-f3fa-e8872099ad19" testName="RepositoryEntityType_ReturnsIAttachedMachine" computerName="ICSWS068" duration="00:00:00.4449464" startTime="2016-08-04T10:04:52.1535054+02:00" endTime="2016-08-04T10:04:52.5998254+02:00" testType="13cdc9d9-ddb5-4fa4-a97d-d965ccfc6d4b" outcome="Passed" testListId="8c84fa94-04c1-424b-9868-57a2d4851a1d" relativeResultsDirectory="b91c0a92-0d3d-45e5-aaa4-b5fc36b101fe" />
    <UnitTestResult executionId="d6ede911-070d-4445-891e-24562fc28a87" testId="b29ff863-b59e-3fbb-d832-4c0d9160a5af" testName="RepositorySystemContext_MatchesActualSystemContext" computerName="ICSWS068" duration="00:00:00.4399363" startTime="2016-08-04T10:04:52.6028271+02:00" endTime="2016-08-04T10:04:53.0446481+02:00" testType="13cdc9d9-ddb5-4fa4-a97d-d965ccfc6d4b" outcome="Passed" testListId="8c84fa94-04c1-424b-9868-57a2d4851a1d" relativeResultsDirectory="d6ede911-070d-4445-891e-24562fc28a87" />
    <UnitTestResult executionId="e179022b-711f-4503-9b01-3476826a7eb1" testId="79213a5b-bda0-3880-55a6-1f43426cea4f" testName="InvalidateAllAttachedMachines_NoMachinesInDB_Succeeds" computerName="ICSWS068" duration="00:00:00.4666198" startTime="2016-08-04T10:04:53.0481503+02:00" endTime="2016-08-04T10:04:53.5164893+02:00" testType="13cdc9d9-ddb5-4fa4-a97d-d965ccfc6d4b" outcome="Passed" testListId="8c84fa94-04c1-424b-9868-57a2d4851a1d" relativeResultsDirectory="e179022b-711f-4503-9b01-3476826a7eb1" />
    <UnitTestResult executionId="18e46e62-e733-44a7-8745-4b89f326d6ee" testId="7ecd009b-9c46-a908-4b9e-ba417139b2fa" testName="InvalidateAllAttachedMachines_MachinesAreValid_MachinesGetsInvalid" computerName="ICSWS068" duration="00:00:00.5281286" startTime="2016-08-04T10:04:53.5204922+02:00" endTime="2016-08-04T10:04:54.0503711+02:00" testType="13cdc9d9-ddb5-4fa4-a97d-d965ccfc6d4b" outcome="Passed" testListId="8c84fa94-04c1-424b-9868-57a2d4851a1d" relativeResultsDirectory="18e46e62-e733-44a7-8745-4b89f326d6ee" />
    <UnitTestResult executionId="a49ee833-568a-48a0-8253-f1cff2431748" testId="098b900d-4030-9f61-9a91-27eb69e9385d" testName="InvalidateAllAttachedMachines_MachinesAreInvalid_MachinesStillInvalid" computerName="ICSWS068" duration="00:00:00.4750123" startTime="2016-08-04T10:04:54.0543743+02:00" endTime="2016-08-04T10:04:54.5317160+02:00" testType="13cdc9d9-ddb5-4fa4-a97d-d965ccfc6d4b" outcome="Passed" testListId="8c84fa94-04c1-424b-9868-57a2d4851a1d" relativeResultsDirectory="a49ee833-568a-48a0-8253-f1cff2431748" />
    <UnitTestResult executionId="f80fc8de-47d2-46d8-8d62-814710408283" testId="5073c99a-a291-e4a0-cce5-b22dc9a640a2" testName="GetFixedChildFilterParameters_ReturnsParametersPartOfTheFilterDescriptor" computerName="ICSWS068" duration="00:00:00.6163705" startTime="2016-08-04T10:04:54.5362186+02:00" endTime="2016-08-04T10:04:55.1546614+02:00" testType="13cdc9d9-ddb5-4fa4-a97d-d965ccfc6d4b" outcome="Passed" testListId="8c84fa94-04c1-424b-9868-57a2d4851a1d" relativeResultsDirectory="f80fc8de-47d2-46d8-8d62-814710408283" />
    <UnitTestResult executionId="3a0817a5-893d-45dc-b4d9-0aad2cf03770" testId="e5e406f8-9494-100b-cafa-59a3a08649a8" testName="ActivateProtection_NotPreviouslyActivated_AttachedMachinesExceptCurrentMachineAreInvalidated" computerName="ICSWS068" duration="00:00:03.2518835" startTime="2016-08-04T10:04:55.1586640+02:00" endTime="2016-08-04T10:04:58.4141324+02:00" testType="13cdc9d9-ddb5-4fa4-a97d-d965ccfc6d4b" outcome="Passed" testListId="8c84fa94-04c1-424b-9868-57a2d4851a1d" relativeResultsDirectory="3a0817a5-893d-45dc-b4d9-0aad2cf03770" />
    <UnitTestResult executionId="0f27c2a1-64b6-4a7e-9310-12ebf15b793b" testId="94570a0f-9197-8bd3-2e74-45b35724d801" testName="ActivateProtection_NotPreviouslyActivated_EncryptedEncryptionKeySetOnSystemConfiguration" computerName="ICSWS068" duration="00:00:01.6873486" startTime="2016-08-04T10:04:58.4176350+02:00" endTime="2016-08-04T10:05:00.1074282+02:00" testType="13cdc9d9-ddb5-4fa4-a97d-d965ccfc6d4b" outcome="Passed" testListId="8c84fa94-04c1-424b-9868-57a2d4851a1d" relativeResultsDirectory="0f27c2a1-64b6-4a7e-9310-12ebf15b793b" />
    <UnitTestResult executionId="f32fea7f-795c-4086-865a-08d5bf308a47" testId="f1b18637-6258-7a2b-8105-6144aa21086e" testName="ActivateProtection_NotPreviouslyActivated_MasterKeyHashSetOnSystemConfiguration" computerName="ICSWS068" duration="00:00:01.6621266" startTime="2016-08-04T10:05:00.1109296+02:00" endTime="2016-08-04T10:05:01.7741972+02:00" testType="13cdc9d9-ddb5-4fa4-a97d-d965ccfc6d4b" outcome="Passed" testListId="8c84fa94-04c1-424b-9868-57a2d4851a1d" relativeResultsDirectory="f32fea7f-795c-4086-865a-08d5bf308a47">
      <Output>
        <StdOut>Debug Trace:
YRW38fvPhBqdwK86XfcCLx/n3nml0u6WbuFMHbb3t4g=</StdOut>
      </Output>
    </UnitTestResult>
    <UnitTestResult executionId="6d2bc032-c19f-4b22-87a1-458f6039964d" testId="65fc34e0-d156-eed6-cf33-196fceba437c" testName="ActivateProtection_NotPreviouslyActivated_SaltPaddingSetOnSystemConfiguration" computerName="ICSWS068" duration="00:00:01.6782236" startTime="2016-08-04T10:05:01.7771998+02:00" endTime="2016-08-04T10:05:03.4581070+02:00" testType="13cdc9d9-ddb5-4fa4-a97d-d965ccfc6d4b" outcome="Passed" testListId="8c84fa94-04c1-424b-9868-57a2d4851a1d" relativeResultsDirectory="6d2bc032-c19f-4b22-87a1-458f6039964d" />
    <UnitTestResult executionId="0a31c85e-b44c-45d9-923f-e6b119960fe7" testId="38f3e74f-5725-78be-dc80-d9a6a9cb7e61" testName="ActivateProtection_NotPreviouslyActivated_CurrentMachineIsReattached" computerName="ICSWS068" duration="00:00:01.6534060" startTime="2016-08-04T10:05:03.4611093+02:00" endTime="2016-08-04T10:05:05.1164545+02:00" testType="13cdc9d9-ddb5-4fa4-a97d-d965ccfc6d4b" outcome="Passed" testListId="8c84fa94-04c1-424b-9868-57a2d4851a1d" relativeResultsDirectory="0a31c85e-b44c-45d9-923f-e6b119960fe7" />
    <UnitTestResult executionId="ba8f3ef3-0689-467b-b622-a59e872b5407" testId="73f96e50-adc4-b11a-47eb-6f63483031ef" testName="ActivateProtection_PreviouslyActivatedMasterKeyHashIsNull_MasterKeyHashAndEncryptedEncryptionKeyChanged" computerName="ICSWS068" duration="00:00:01.7280137" startTime="2016-08-04T10:05:05.1194570+02:00" endTime="2016-08-04T10:05:06.8489825+02:00" testType="13cdc9d9-ddb5-4fa4-a97d-d965ccfc6d4b" outcome="Passed" testListId="8c84fa94-04c1-424b-9868-57a2d4851a1d" relativeResultsDirectory="ba8f3ef3-0689-467b-b622-a59e872b5407" />
    <UnitTestResult executionId="41b784f0-002e-4ae0-affc-501ae9d3efeb" testId="600d4021-1dcd-5294-b48e-4181a435fc64" testName="ActivateProtection_PreviouslyActivatedEncryptedEncryptionKeyIsNull_Throws" computerName="ICSWS068" duration="00:00:01.6353633" startTime="2016-08-04T10:05:06.8524842+02:00" endTime="2016-08-04T10:05:08.4901528+02:00" testType="13cdc9d9-ddb5-4fa4-a97d-d965ccfc6d4b" outcome="Passed" testListId="8c84fa94-04c1-424b-9868-57a2d4851a1d" relativeResultsDirectory="41b784f0-002e-4ae0-affc-501ae9d3efeb" />
    <UnitTestResult executionId="c2f5b3c1-bdbd-4597-a75d-ce02b723927a" testId="ae0ae35c-34e4-547f-5424-b2c00b59e165" testName="ActivateProtection_UserNotAllowedToRunOperation_Throws" computerName="ICSWS068" duration="00:00:00.4234777" startTime="2016-08-04T10:05:08.4931545+02:00" endTime="2016-08-04T10:05:08.9185176+02:00" testType="13cdc9d9-ddb5-4fa4-a97d-d965ccfc6d4b" outcome="Passed" testListId="8c84fa94-04c1-424b-9868-57a2d4851a1d" relativeResultsDirectory="c2f5b3c1-bdbd-4597-a75d-ce02b723927a" />
    <UnitTestResult executionId="c84541eb-9c46-4678-b2c2-0ee9e2569f4e" testId="8d5a00f6-800e-bc9b-81e5-098bb426803a" testName="ActivateProtection_PreviouslyActivatedDifferentMasterKey_MasterKeyHashAndEncryptedEncryptionKeyChanged" computerName="ICSWS068" duration="00:00:01.6504932" startTime="2016-08-04T10:05:08.9220202+02:00" endTime="2016-08-04T10:05:10.5749819+02:00" testType="13cdc9d9-ddb5-4fa4-a97d-d965ccfc6d4b" outcome="Passed" testListId="8c84fa94-04c1-424b-9868-57a2d4851a1d" relativeResultsDirectory="c84541eb-9c46-4678-b2c2-0ee9e2569f4e" />
    <UnitTestResult executionId="c66d8e6a-818e-477f-accb-d9bcc4dc1fde" testId="4bc189ef-2b3a-ba1c-780b-1b6350dde1cc" testName="ActivateProtection_PreviouslyActivatedDifferentMasterKey_AllButCurrentMachineAreInvalidated" computerName="ICSWS068" duration="00:00:01.7502838" startTime="2016-08-04T10:05:10.5779839+02:00" endTime="2016-08-04T10:05:12.3311185+02:00" testType="13cdc9d9-ddb5-4fa4-a97d-d965ccfc6d4b" outcome="Passed" testListId="8c84fa94-04c1-424b-9868-57a2d4851a1d" relativeResultsDirectory="c66d8e6a-818e-477f-accb-d9bcc4dc1fde" />
    <UnitTestResult executionId="1ffef13b-092f-4ff8-8ae5-d8f69305ed6a" testId="fe773de9-f099-4289-d513-5b714f46a69e" testName="ActivateProtection_PreviouslyActivatedDifferentMasterKey_CurrentMachineHasNewEncryptionKey" computerName="ICSWS068" duration="00:00:04.3420594" startTime="2016-08-04T10:05:12.3351211+02:00" endTime="2016-08-04T10:05:16.6794554+02:00" testType="13cdc9d9-ddb5-4fa4-a97d-d965ccfc6d4b" outcome="Passed" testListId="8c84fa94-04c1-424b-9868-57a2d4851a1d" relativeResultsDirectory="1ffef13b-092f-4ff8-8ae5-d8f69305ed6a" />
    <UnitTestResult executionId="b0058544-654d-4049-92e8-88db818aacf5" testId="9aa26c65-21c0-058e-7af7-e13276dee14c" testName="ActivateProtection_PreviouslyActivatedCorrectMasterKey_Success" computerName="ICSWS068" duration="00:00:01.6127542" startTime="2016-08-04T10:05:16.6824577+02:00" endTime="2016-08-04T10:05:18.2976420+02:00" testType="13cdc9d9-ddb5-4fa4-a97d-d965ccfc6d4b" outcome="Passed" testListId="8c84fa94-04c1-424b-9868-57a2d4851a1d" relativeResultsDirectory="b0058544-654d-4049-92e8-88db818aacf5" />
    <UnitTestResult executionId="64cbb914-a662-4fb1-8bed-5489d828c432" testId="46491e0a-f4a4-56b8-c22c-c4c0dc888ebe" testName="ActivateProtection_PreviouslyActivatedAllAttachedMachinesAreValidButMissingEncryptionKey_AllButCurrentMachineInvalidated" computerName="ICSWS068" duration="00:00:01.6024653" startTime="2016-08-04T10:05:18.3001440+02:00" endTime="2016-08-04T10:05:19.9046317+02:00" testType="13cdc9d9-ddb5-4fa4-a97d-d965ccfc6d4b" outcome="Passed" testListId="8c84fa94-04c1-424b-9868-57a2d4851a1d" relativeResultsDirectory="64cbb914-a662-4fb1-8bed-5489d828c432" />
    <UnitTestResult executionId="f68205d4-0234-4629-9002-30c8190aacf3" testId="b99ecc04-18e5-6d9f-68e9-f1d3824f5267" testName="ActivateProtection_PreviouslyActivatedAllAttachedMachinesAreValidAndHasEncryptionKey_AttachedMachinesAreStillValid" computerName="ICSWS068" duration="00:00:01.5744372" startTime="2016-08-04T10:05:19.9086360+02:00" endTime="2016-08-04T10:05:21.4854608+02:00" testType="13cdc9d9-ddb5-4fa4-a97d-d965ccfc6d4b" outcome="Passed" testListId="8c84fa94-04c1-424b-9868-57a2d4851a1d" relativeResultsDirectory="f68205d4-0234-4629-9002-30c8190aacf3" />
    <UnitTestResult executionId="485c3c9f-87c2-4e8d-b690-f135da438c5a" testId="2707a08e-9251-3d85-942e-58ce1bce9a4d" testName="ActivateProtection_PreviouslyActivatedAllAttachedMachinesAreInvalid_AttachedMachinesExceptCurrentAreInvalid" computerName="ICSWS068" duration="00:00:01.5985495" startTime="2016-08-04T10:05:21.4889651+02:00" endTime="2016-08-04T10:05:23.0891098+02:00" testType="13cdc9d9-ddb5-4fa4-a97d-d965ccfc6d4b" outcome="Passed" testListId="8c84fa94-04c1-424b-9868-57a2d4851a1d" relativeResultsDirectory="485c3c9f-87c2-4e8d-b690-f135da438c5a" />
    <UnitTestResult executionId="2a3b4a0b-a3fd-42e4-b978-70752ca113dc" testId="b4091963-1fe2-6035-9ff2-e72bdfa25c7c" testName="ActivateProtection_WrongMasterKeyReturnedFromConfirmationDelegate_ConfirmDelegateCalledAgain" computerName="ICSWS068" duration="00:00:01.5066224" startTime="2016-08-04T10:05:23.0916291+02:00" endTime="2016-08-04T10:05:24.6005635+02:00" testType="13cdc9d9-ddb5-4fa4-a97d-d965ccfc6d4b" outcome="Passed" testListId="8c84fa94-04c1-424b-9868-57a2d4851a1d" relativeResultsDirectory="2a3b4a0b-a3fd-42e4-b978-70752ca113dc" />
    <UnitTestResult executionId="d50b1d89-5980-4d87-8ea6-d59b3bc01600" testId="ca638cbc-4440-2f3d-59d2-48fa8a29f162" testName="ActivateProtection_NullReturnedFromConfirmationDelegate_ActivationIsStopped" computerName="ICSWS068" duration="00:00:01.4287735" startTime="2016-08-04T10:05:24.6030650+02:00" endTime="2016-08-04T10:05:26.0332524+02:00" testType="13cdc9d9-ddb5-4fa4-a97d-d965ccfc6d4b" outcome="Passed" testListId="8c84fa94-04c1-424b-9868-57a2d4851a1d" relativeResultsDirectory="d50b1d89-5980-4d87-8ea6-d59b3bc01600" />
    <UnitTestResult executionId="37ed71ed-7bd9-46b8-ab6d-e490444b1e2a" testId="9ec69a93-d93d-86af-39bc-9b59932a8ce2" testName="ActivateProtection_ProtectedValues_ValuesAreEncrypted" computerName="ICSWS068" duration="00:00:01.7607144" startTime="2016-08-04T10:05:26.0372558+02:00" endTime="2016-08-04T10:05:27.8002088+02:00" testType="13cdc9d9-ddb5-4fa4-a97d-d965ccfc6d4b" outcome="Passed" testListId="8c84fa94-04c1-424b-9868-57a2d4851a1d" relativeResultsDirectory="37ed71ed-7bd9-46b8-ab6d-e490444b1e2a" />
    <UnitTestResult executionId="a1838e64-06fd-4ed5-b184-7314a5ba3135" testId="82977d4d-03a4-84f3-757d-2811c9f90d4e" testName="ActivateProtection_ManyNodes_Success" computerName="ICSWS068" duration="00:00:00.3609783" startTime="2016-08-04T10:05:27.8031956+02:00" endTime="2016-08-04T10:05:28.1662609+02:00" testType="13cdc9d9-ddb5-4fa4-a97d-d965ccfc6d4b" outcome="NotExecuted" testListId="8c84fa94-04c1-424b-9868-57a2d4851a1d" relativeResultsDirectory="a1838e64-06fd-4ed5-b184-7314a5ba3135">
      <Output>
        <ErrorInfo>
          <Message>Assert.Inconclusive failed. Review the performance first.</Message>
          <StackTrace>   at SysIntgTests.iCore.Common.Entities.SystemProtectionServiceImplTests.ActivateProtection_ManyNodes_Success() in F:\ETWork\Main\Common\Assemblies\SysIntgTests.iCore.Common.Entities\Services\SystemProtectionServiceImplTests.cs:line 607
</StackTrace>
        </ErrorInfo>
      </Output>
    </UnitTestResult>
    <UnitTestResult executionId="657e551a-c5cc-4088-aeb8-90c7f8603d2a" testId="884a9cac-0f7b-7904-2d29-936bbb6b36f3" testName="ActivateProtection_ManyNodesNonprotected_Success" computerName="ICSWS068" duration="00:00:00.4020345" startTime="2016-08-04T10:05:28.1692629+02:00" endTime="2016-08-04T10:05:28.5728587+02:00" testType="13cdc9d9-ddb5-4fa4-a97d-d965ccfc6d4b" outcome="NotExecuted" testListId="8c84fa94-04c1-424b-9868-57a2d4851a1d" relativeResultsDirectory="657e551a-c5cc-4088-aeb8-90c7f8603d2a">
      <Output>
        <ErrorInfo>
          <Message>Assert.Inconclusive failed. Review the performance first.</Message>
          <StackTrace>   at SysIntgTests.iCore.Common.Entities.SystemProtectionServiceImplTests.ActivateProtection_ManyNodesNonprotected_Success() in F:\ETWork\Main\Common\Assemblies\SysIntgTests.iCore.Common.Entities\Services\SystemProtectionServiceImplTests.cs:line 639
</StackTrace>
        </ErrorInfo>
      </Output>
    </UnitTestResult>
    <UnitTestResult executionId="ae6f282c-25ab-4e04-905a-aaa9a1698194" testId="92799294-00e3-b9e8-fccb-949b0e7696e2" testName="DeactivateProtection_WrongMasterKey_Throws" computerName="ICSWS068" duration="00:00:02.3888952" startTime="2016-08-04T10:05:28.5753610+02:00" endTime="2016-08-04T10:05:30.9660069+02:00" testType="13cdc9d9-ddb5-4fa4-a97d-d965ccfc6d4b" outcome="Passed" testListId="8c84fa94-04c1-424b-9868-57a2d4851a1d" relativeResultsDirectory="ae6f282c-25ab-4e04-905a-aaa9a1698194" />
    <UnitTestResult executionId="90752f9f-383a-4a23-8def-e24defc9e5de" testId="81bdfd27-c381-9bd3-b334-544771d2f77c" testName="DeactivateProtection_UserNotAllowedToRunOperation_Throws" computerName="ICSWS068" duration="00:00:01.4019442" startTime="2016-08-04T10:05:30.9685086+02:00" endTime="2016-08-04T10:05:32.3723264+02:00" testType="13cdc9d9-ddb5-4fa4-a97d-d965ccfc6d4b" outcome="Passed" testListId="8c84fa94-04c1-424b-9868-57a2d4851a1d" relativeResultsDirectory="90752f9f-383a-4a23-8def-e24defc9e5de" />
    <UnitTestResult executionId="21f1ab57-3b76-4d99-9518-b87c691ce137" testId="4b6edfe0-b76f-58bc-c976-759afe6ff976" testName="DeactivateProtection_CorrectMasterKey_Success" computerName="ICSWS068" duration="00:00:02.4012413" startTime="2016-08-04T10:05:32.3758345+02:00" endTime="2016-08-04T10:05:34.7787913+02:00" testType="13cdc9d9-ddb5-4fa4-a97d-d965ccfc6d4b" outcome="Passed" testListId="8c84fa94-04c1-424b-9868-57a2d4851a1d" relativeResultsDirectory="21f1ab57-3b76-4d99-9518-b87c691ce137" />
    <UnitTestResult executionId="f2f9b59c-e75e-435a-8ad6-97ff4e58fbca" testId="69e2a0f8-95df-6c15-fedf-e702030720f4" testName="DeactivateProtection_CorrectMasterKey_DataProtectionIsSetToNone" computerName="ICSWS068" duration="00:00:02.4157817" startTime="2016-08-04T10:05:34.7817948+02:00" endTime="2016-08-04T10:05:37.1990272+02:00" testType="13cdc9d9-ddb5-4fa4-a97d-d965ccfc6d4b" outcome="Passed" testListId="8c84fa94-04c1-424b-9868-57a2d4851a1d" relativeResultsDirectory="f2f9b59c-e75e-435a-8ad6-97ff4e58fbca" />
    <UnitTestResult executionId="08c42f20-2103-4454-9e05-3c2a4371c8ca" testId="aaf3fe7a-c189-1c63-14ef-fcb9738d3967" testName="DeactivateProtection_ProtectedValues_ValuesAreDecrypted" computerName="ICSWS068" duration="00:00:02.5807136" startTime="2016-08-04T10:05:37.2025287+02:00" endTime="2016-08-04T10:05:39.7844557+02:00" testType="13cdc9d9-ddb5-4fa4-a97d-d965ccfc6d4b" outcome="Passed" testListId="8c84fa94-04c1-424b-9868-57a2d4851a1d" relativeResultsDirectory="08c42f20-2103-4454-9e05-3c2a4371c8ca" />
    <UnitTestResult executionId="09f18158-59cd-4449-beb6-352e284969e8" testId="7009ef4c-58db-101a-e565-c30d829ed06c" testName="DeactivateProtection_ManyNodes_Success" computerName="ICSWS068" duration="00:00:00.3537931" startTime="2016-08-04T10:05:39.7874791+02:00" endTime="2016-08-04T10:05:40.1431165+02:00" testType="13cdc9d9-ddb5-4fa4-a97d-d965ccfc6d4b" outcome="NotExecuted" testListId="8c84fa94-04c1-424b-9868-57a2d4851a1d" relativeResultsDirectory="09f18158-59cd-4449-beb6-352e284969e8">
      <Output>
        <ErrorInfo>
          <Message>Assert.Inconclusive failed. Review the performance first.</Message>
          <StackTrace>   at SysIntgTests.iCore.Common.Entities.SystemProtectionServiceImplTests.DeactivateProtection_ManyNodes_Success() in F:\ETWork\Main\Common\Assemblies\SysIntgTests.iCore.Common.Entities\Services\SystemProtectionServiceImplTests.cs:line 793
</StackTrace>
        </ErrorInfo>
      </Output>
    </UnitTestResult>
    <UnitTestResult executionId="400f4ef3-6b05-444f-b57b-10c8d0484df0" testId="0263f43d-395e-4dd1-0b29-84361b3d89fe" testName="DeactivateProtection_ManyNodes2_Success" computerName="ICSWS068" duration="00:00:00.3599443" startTime="2016-08-04T10:05:40.1466188+02:00" endTime="2016-08-04T10:05:40.5078452+02:00" testType="13cdc9d9-ddb5-4fa4-a97d-d965ccfc6d4b" outcome="NotExecuted" testListId="8c84fa94-04c1-424b-9868-57a2d4851a1d" relativeResultsDirectory="400f4ef3-6b05-444f-b57b-10c8d0484df0">
      <Output>
        <ErrorInfo>
          <Message>Assert.Inconclusive failed. Review the performance first.</Message>
          <StackTrace>   at SysIntgTests.iCore.Common.Entities.SystemProtectionServiceImplTests.DeactivateProtection_ManyNodes2_Success() in F:\ETWork\Main\Common\Assemblies\SysIntgTests.iCore.Common.Entities\Services\SystemProtectionServiceImplTests.cs:line 826
</StackTrace>
        </ErrorInfo>
      </Output>
    </UnitTestResult>
    <UnitTestResult executionId="b64c0a3f-3af1-42c0-840a-4e54bffb8f72" testId="5c029b5d-0c4d-ce0c-cbd3-08281627b84e" testName="ReAttachMachine_MachineExists_MachineIsValid" computerName="ICSWS068" duration="00:00:02.4045963" startTime="2016-08-04T10:05:40.5118463+02:00" endTime="2016-08-04T10:05:42.9196511+02:00" testType="13cdc9d9-ddb5-4fa4-a97d-d965ccfc6d4b" outcome="Passed" testListId="8c84fa94-04c1-424b-9868-57a2d4851a1d" relativeResultsDirectory="b64c0a3f-3af1-42c0-840a-4e54bffb8f72" />
    <UnitTestResult executionId="86457d5c-5870-4283-86dd-28613205b430" testId="bb7d5b92-b887-2028-3704-caa80584dad6" testName="ReAttachMachine_MachineExists_EEKIsUpdated" computerName="ICSWS068" duration="00:00:02.3650673" startTime="2016-08-04T10:05:42.9226536+02:00" endTime="2016-08-04T10:05:45.2897764+02:00" testType="13cdc9d9-ddb5-4fa4-a97d-d965ccfc6d4b" outcome="Passed" testListId="8c84fa94-04c1-424b-9868-57a2d4851a1d" relativeResultsDirectory="86457d5c-5870-4283-86dd-28613205b430" />
    <UnitTestResult executionId="9bd42308-6012-4bc2-9366-97756705ae6a" testId="e98204d3-2df5-b213-0165-eb17587c0956" testName="ReAttachMachine_WrongMasterKey_Throws" computerName="ICSWS068" duration="00:00:02.3969420" startTime="2016-08-04T10:05:45.2922782+02:00" endTime="2016-08-04T10:05:47.6908960+02:00" testType="13cdc9d9-ddb5-4fa4-a97d-d965ccfc6d4b" outcome="Passed" testListId="8c84fa94-04c1-424b-9868-57a2d4851a1d" relativeResultsDirectory="9bd42308-6012-4bc2-9366-97756705ae6a" />
    <UnitTestResult executionId="9408c0ff-557a-428f-bdd2-17b96c734bba" testId="d075bac2-417b-ead0-9069-eb19e54eb0cf" testName="ReAttachMachine_MasterKeyTooShort_Throws" computerName="ICSWS068" duration="00:00:00.3353255" startTime="2016-08-04T10:05:47.6938836+02:00" endTime="2016-08-04T10:05:48.0307744+02:00" testType="13cdc9d9-ddb5-4fa4-a97d-d965ccfc6d4b" outcome="Passed" testListId="8c84fa94-04c1-424b-9868-57a2d4851a1d" relativeResultsDirectory="9408c0ff-557a-428f-bdd2-17b96c734bba" />
    <UnitTestResult executionId="85f1cfa3-a19d-454b-b829-53382cfd5115" testId="b464dfb7-faee-3601-2917-24bf8dbf07a8" testName="ReAttachMachine_EncryptedEncryptionKeyIsNull_Throws" computerName="ICSWS068" duration="00:00:02.3494006" startTime="2016-08-04T10:05:48.0332758+02:00" endTime="2016-08-04T10:05:50.3843763+02:00" testType="13cdc9d9-ddb5-4fa4-a97d-d965ccfc6d4b" outcome="Passed" testListId="8c84fa94-04c1-424b-9868-57a2d4851a1d" relativeResultsDirectory="85f1cfa3-a19d-454b-b829-53382cfd5115" />
    <UnitTestResult executionId="f3f31744-4f39-45f3-b950-37293645b435" testId="ea3a5513-40cf-c104-2787-9aed18a09758" testName="ReAttachMachine_ProtectionNotActive_Throws" computerName="ICSWS068" duration="00:00:01.3505313" startTime="2016-08-04T10:05:50.3878786+02:00" endTime="2016-08-04T10:05:51.7404914+02:00" testType="13cdc9d9-ddb5-4fa4-a97d-d965ccfc6d4b" outcome="Passed" testListId="8c84fa94-04c1-424b-9868-57a2d4851a1d" relativeResultsDirectory="f3f31744-4f39-45f3-b950-37293645b435" />
    <UnitTestResult executionId="ea9de6f1-953c-4384-94fb-08cd18ca5d72" testId="faf14748-3d5c-13c4-db1a-13f6288a7c9e" testName="RegenerateEncryptionKey_MasterKeyIsWrong_Throws" computerName="ICSWS068" duration="00:00:02.3506114" startTime="2016-08-04T10:05:51.7434925+02:00" endTime="2016-08-04T10:05:54.0963202+02:00" testType="13cdc9d9-ddb5-4fa4-a97d-d965ccfc6d4b" outcome="Passed" testListId="8c84fa94-04c1-424b-9868-57a2d4851a1d" relativeResultsDirectory="ea9de6f1-953c-4384-94fb-08cd18ca5d72" />
    <UnitTestResult executionId="ed263cfc-c7ae-4947-929c-5ec5798ac58e" testId="db366558-3fc9-1c2c-cfde-24c12abe438f" testName="RegenerateEncryptionKey_CorrectMasterKey_EncryptedEncryptionKeyIsSetOnSystemConfiguration" computerName="ICSWS068" duration="00:00:02.4808904" startTime="2016-08-04T10:05:54.0988216+02:00" endTime="2016-08-04T10:05:56.5814911+02:00" testType="13cdc9d9-ddb5-4fa4-a97d-d965ccfc6d4b" outcome="Passed" testListId="8c84fa94-04c1-424b-9868-57a2d4851a1d" relativeResultsDirectory="ed263cfc-c7ae-4947-929c-5ec5798ac58e" />
    <UnitTestResult executionId="8b24ef3a-78bf-4137-9099-a74394ca931e" testId="68157e50-a2ea-da06-e214-a880236bd950" testName="RegenerateEncryptionKey_CorrectMasterKey_ValuesAreEncryptedWithNewKey" computerName="ICSWS068" duration="00:00:02.5486278" startTime="2016-08-04T10:05:56.5844820+02:00" endTime="2016-08-04T10:05:59.1349492+02:00" testType="13cdc9d9-ddb5-4fa4-a97d-d965ccfc6d4b" outcome="Passed" testListId="8c84fa94-04c1-424b-9868-57a2d4851a1d" relativeResultsDirectory="8b24ef3a-78bf-4137-9099-a74394ca931e" />
    <UnitTestResult executionId="7c2b5fa5-9a95-4c7e-8fc6-30cfca00ca04" testId="6399fd76-f94f-53e3-f32f-9a65d4c4c3b2" testName="RegenerateEncryptionKey_CorrectMasterKey_AttachedMachineExceptCurrentIsInvalidated" computerName="ICSWS068" duration="00:00:02.5145325" startTime="2016-08-04T10:05:59.1379497+02:00" endTime="2016-08-04T10:06:01.6548084+02:00" testType="13cdc9d9-ddb5-4fa4-a97d-d965ccfc6d4b" outcome="Passed" testListId="8c84fa94-04c1-424b-9868-57a2d4851a1d" relativeResultsDirectory="7c2b5fa5-9a95-4c7e-8fc6-30cfca00ca04" />
    <UnitTestResult executionId="fcbaa2fc-8b95-491d-a429-3220d7d79210" testId="750613c5-4ef2-a8dc-d73d-ec6fae90797e" testName="RegenerateEncryptionKey_CorrectMasterKey_CurrentMachineIsValidAndHasNewEncryptedEncryptionKey" computerName="ICSWS068" duration="00:00:02.3818617" startTime="2016-08-04T10:06:01.6578118+02:00" endTime="2016-08-04T10:06:04.0410059+02:00" testType="13cdc9d9-ddb5-4fa4-a97d-d965ccfc6d4b" outcome="Passed" testListId="8c84fa94-04c1-424b-9868-57a2d4851a1d" relativeResultsDirectory="fcbaa2fc-8b95-491d-a429-3220d7d79210" />
    <UnitTestResult executionId="5a6215a2-f5cf-4844-8594-32aaf25c10d1" testId="1b9d187a-f81e-3027-1bee-491eb5b7a479" testName="RegenerateEncryptionKey_UserNotAllowedToRunOperation_Throws" computerName="ICSWS068" duration="00:00:01.3478267" startTime="2016-08-04T10:06:04.0439909+02:00" endTime="2016-08-04T10:06:05.3936055+02:00" testType="13cdc9d9-ddb5-4fa4-a97d-d965ccfc6d4b" outcome="Passed" testListId="8c84fa94-04c1-424b-9868-57a2d4851a1d" relativeResultsDirectory="5a6215a2-f5cf-4844-8594-32aaf25c10d1" />
    <UnitTestResult executionId="e3e2ec6b-f252-4e8f-8711-6ab97e0d2a0f" testId="a4f50494-bcc0-f89b-3907-f1a8d00cb06d" testName="ScenarioTest_NoFailingSteps_Succeeds" computerName="ICSWS068" duration="00:00:24.0805884" startTime="2016-08-04T10:06:05.3966092+02:00" endTime="2016-08-04T10:06:29.4784817+02:00" testType="13cdc9d9-ddb5-4fa4-a97d-d965ccfc6d4b" outcome="Passed" testListId="8c84fa94-04c1-424b-9868-57a2d4851a1d" relativeResultsDirectory="e3e2ec6b-f252-4e8f-8711-6ab97e0d2a0f">
      <Output>
        <StdOut>Debug Trace:
ActivateProtection
ReAttachMachine
ChangeMasterKey
DeactivateProtection
ActivateProtection
RegenerateEncryptionKey
ReAttachMachine
DeactivateProtection</StdOut>
      </Output>
    </UnitTestResult>
    <UnitTestResult executionId="f3003524-d7bb-41cb-8229-1de71b14702a" testId="44639add-b2a7-e60b-7bd4-ef9427a3b211" testName="ScenarioTest_EncryptedValueChangedInDB_Fails" computerName="ICSWS068" duration="00:00:08.8270316" startTime="2016-08-04T10:06:29.4814840+02:00" endTime="2016-08-04T10:06:38.3107934+02:00" testType="13cdc9d9-ddb5-4fa4-a97d-d965ccfc6d4b" outcome="Passed" testListId="8c84fa94-04c1-424b-9868-57a2d4851a1d" relativeResultsDirectory="f3003524-d7bb-41cb-8229-1de71b14702a">
      <Output>
        <StdOut>Debug Trace:
ActivateProtection, current machine not in attached machines, fails
ActivateProtection, new key and valid current machine, succeeds
DeactivateProtection
ActivateProtection
Simulate that someone changes an encrypted value in the database
RegenerateEncryptionKey</StdOut>
      </Output>
    </UnitTestResult>
    <UnitTestResult executionId="b2b6b014-5e2e-42d0-b036-5454444b13d9" testId="6657da10-53b0-6769-7dcf-2942c77ed7e3" testName="ScenarioTest_FailingSteps_Succeeds" computerName="ICSWS068" duration="00:00:15.8732308" startTime="2016-08-04T10:06:38.3138194+02:00" endTime="2016-08-04T10:06:54.1891142+02:00" testType="13cdc9d9-ddb5-4fa4-a97d-d965ccfc6d4b" outcome="Passed" testListId="8c84fa94-04c1-424b-9868-57a2d4851a1d" relativeResultsDirectory="b2b6b014-5e2e-42d0-b036-5454444b13d9">
      <Output>
        <StdOut>Debug Trace:
ActivateProtection, current machine not in attached machines, fails
ActivateProtection, new key and valid current machine, succeeds
DeactivateProtection
ActivateProtection
RegenerateEncryptionKey wrong key
RegenerateEncryptionKey correct key
ReAttachMachine wrong key
DeactivateProtection when machine not reattached fails
ReAttachMachine correct key
ChangeMaster key, old is wrong
ChangeMaster key
DeactivateProtection when machine valid attach</StdOut>
      </Output>
    </UnitTestResult>
    <UnitTestResult executionId="04bff65e-ac79-4b44-b90d-76e3452f0de4" testId="97ab4546-09ef-ee09-c649-725f7fb52772" testName="ScenarioTest_TwoProtectionServicesRegeneratingEncryptionKey_Succeeds" computerName="ICSWS068" duration="00:00:03.7363399" startTime="2016-08-04T10:06:54.1926174+02:00" endTime="2016-08-04T10:06:57.9301852+02:00" testType="13cdc9d9-ddb5-4fa4-a97d-d965ccfc6d4b" outcome="Passed" testListId="8c84fa94-04c1-424b-9868-57a2d4851a1d" relativeResultsDirectory="04bff65e-ac79-4b44-b90d-76e3452f0de4">
      <Output>
        <StdOut>Debug Trace:
RegenerateEncryptionKey
RegenerateEncryptionKey</StdOut>
      </Output>
    </UnitTestResult>
    <UnitTestResult executionId="87f839c9-9048-4949-a7b9-7e10fc0088b5" testId="9d56e46f-4d89-0015-f0a8-ecccdfe34dae" testName="ScenarioTest_TwoProtectionServicesOneRuntimeRegeneratingEncryptionKey_Fails" computerName="ICSWS068" duration="00:00:03.9824127" startTime="2016-08-04T10:06:57.9331872+02:00" endTime="2016-08-04T10:07:01.9174206+02:00" testType="13cdc9d9-ddb5-4fa4-a97d-d965ccfc6d4b" outcome="Passed" testListId="8c84fa94-04c1-424b-9868-57a2d4851a1d" relativeResultsDirectory="87f839c9-9048-4949-a7b9-7e10fc0088b5">
      <Output>
        <StdOut>Debug Trace:
RegenerateEncryptionKey
RegenerateEncryptionKey</StdOut>
      </Output>
    </UnitTestResult>
    <UnitTestResult executionId="6a41d8c1-d8e0-4ae3-ac83-8f06822d3a0d" testId="952660fb-dd02-de77-679b-1265edd8d2af" testName="AssemblyResolveOptionScope_IsCopiedAcrossTemporaryAppDomain" computerName="ICSWS068" duration="00:00:00.0606290" startTime="2016-08-04T10:07:01.9214414+02:00" endTime="2016-08-04T10:07:01.9854728+02:00" testType="13cdc9d9-ddb5-4fa4-a97d-d965ccfc6d4b" outcome="Passed" testListId="8c84fa94-04c1-424b-9868-57a2d4851a1d" relativeResultsDirectory="6a41d8c1-d8e0-4ae3-ac83-8f06822d3a0d" />
    <UnitTestResult executionId="bea966fa-a6f5-401a-af43-0a2a02728425" testId="f3e5057b-12d7-e6e6-a8dc-5b7b475d80cc" testName="AssemblyResolveOptionScope_IsCopiedAcrossTemporaryAppDomain2" computerName="ICSWS068" duration="00:00:00.0438453" startTime="2016-08-04T10:07:01.9884742+02:00" endTime="2016-08-04T10:07:02.0335257+02:00" testType="13cdc9d9-ddb5-4fa4-a97d-d965ccfc6d4b" outcome="Passed" testListId="8c84fa94-04c1-424b-9868-57a2d4851a1d" relativeResultsDirectory="bea966fa-a6f5-401a-af43-0a2a02728425" />
    <UnitTestResult executionId="b717c789-9ad3-46d9-bef6-e4c6399c398e" testId="f1b0607d-e1f1-39a2-17bb-151fb6d36dd2" testName="AssemblyResolveOptionScope_RespectsFlowOptions" computerName="ICSWS068" duration="00:00:00.0455100" startTime="2016-08-04T10:07:02.0365268+02:00" endTime="2016-08-04T10:07:02.0825606+02:00" testType="13cdc9d9-ddb5-4fa4-a97d-d965ccfc6d4b" outcome="Passed" testListId="8c84fa94-04c1-424b-9868-57a2d4851a1d" relativeResultsDirectory="b717c789-9ad3-46d9-bef6-e4c6399c398e" />
    <UnitTestResult executionId="53fe775d-3ff4-4e13-97e7-c457038cb1ee" testId="59f6aa10-129e-5cf0-0602-2185d5db2caf" testName="RunTrackingCleanup_DateIncludesNoEntities_NothingIsDeleted" computerName="ICSWS068" duration="00:00:06.4402351" startTime="2016-08-04T10:07:02.0860644+02:00" endTime="2016-08-04T10:07:08.5276715+02:00" testType="13cdc9d9-ddb5-4fa4-a97d-d965ccfc6d4b" outcome="Passed" testListId="8c84fa94-04c1-424b-9868-57a2d4851a1d" relativeResultsDirectory="53fe775d-3ff4-4e13-97e7-c457038cb1ee" />
    <UnitTestResult executionId="5529ea48-8b24-441c-b5c4-8ec07781813b" testId="46d86df0-6e88-3b34-2985-5c58917e6349" testName="RunTrackingCleanup_RemoveEntireTreeFromSingleSession_CorrectEntitiesAreDeleted" computerName="ICSWS068" duration="00:00:06.9758486" startTime="2016-08-04T10:07:08.5306738+02:00" endTime="2016-08-04T10:07:15.5087932+02:00" testType="13cdc9d9-ddb5-4fa4-a97d-d965ccfc6d4b" outcome="Passed" testListId="8c84fa94-04c1-424b-9868-57a2d4851a1d" relativeResultsDirectory="5529ea48-8b24-441c-b5c4-8ec07781813b" />
    <UnitTestResult executionId="8d539d19-152f-4c71-97cc-4b97b8f01685" testId="face1ca3-6726-ec37-66cc-012ef2ce3299" testName="RunTrackingCleanup_PartialSessionTree_CorrectEntitiesAreDeleted" computerName="ICSWS068" duration="00:00:07.9318306" startTime="2016-08-04T10:07:15.5117955+02:00" endTime="2016-08-04T10:07:23.4447322+02:00" testType="13cdc9d9-ddb5-4fa4-a97d-d965ccfc6d4b" outcome="Passed" testListId="8c84fa94-04c1-424b-9868-57a2d4851a1d" relativeResultsDirectory="8d539d19-152f-4c71-97cc-4b97b8f01685" />
    <UnitTestResult executionId="d121d067-1c5b-473c-b74b-e4bad8df11cf" testId="a952ec65-5816-2db1-1473-1a1a1f3b97cf" testName="RunTrackingCleanup_PartialSessionTreeWithSessionJob_CorrectEntitiesAreDeleted" computerName="ICSWS068" duration="00:00:07.1193086" startTime="2016-08-04T10:07:23.4487350+02:00" endTime="2016-08-04T10:07:30.5700136+02:00" testType="13cdc9d9-ddb5-4fa4-a97d-d965ccfc6d4b" outcome="Passed" testListId="8c84fa94-04c1-424b-9868-57a2d4851a1d" relativeResultsDirectory="d121d067-1c5b-473c-b74b-e4bad8df11cf" />
    <UnitTestResult executionId="130d7dd1-0d12-44b7-bb54-a348cca7e934" testId="63eeaeb0-68bb-d7b9-ca53-9e4ecbb1d757" testName="DeleteTrackingEntities_RemoveEntireTree_DeletesAllExceptNodesWithRetainSetToTrue" computerName="ICSWS068" duration="00:00:01.0293696" startTime="2016-08-04T10:07:30.5730147+02:00" endTime="2016-08-04T10:07:31.6033353+02:00" testType="13cdc9d9-ddb5-4fa4-a97d-d965ccfc6d4b" outcome="Passed" testListId="8c84fa94-04c1-424b-9868-57a2d4851a1d" relativeResultsDirectory="130d7dd1-0d12-44b7-bb54-a348cca7e934">
      <Output>
        <StdOut>Debug Trace:
Warning: Object AppDomain  in ReferenceWarehouse when disposing



TestContext Messages:
Created Event "e1" with id 9000000278
Created Event "e2" with id 9000000282
Created Event "e3" with id 9000000283
Created Event "e4" with id 9000000281
Created Event "e5" with id 9000000279
Created Event "e6" with id 9000000280
Created Job "j0" with id 9000000228
Created Job "j1" with id 9000000229
Created Job "j2" with id 9000000231
Created Job "j3" with id 9000000232
Created Job "j4" with id 9000000233
Created Job "j5" with id 9000000234
Created Job "j6" with id 9000000230
Created LogEntry "l1" with id 9000000616
Created LogEntry "l2" with id 9000000618
Created LogEntry "l3" with id 9000000617
Created LogEntry "l4" with id 9000000619
Created LogEntry "l5" with id 9000000615
Created Node "n1" with id 9000000047
Created Node "n2" with id 9000000048
Created Node "n3" with id 9000000049
Created Node "n4" with id 9000000050
Created Node "n5" with id 9000000051
Created Node "n6" with id 9000000052
Created Job "whm" with id 9000000226
Created Job "wh" with id 9000000227</StdOut>
      </Output>
    </UnitTestResult>
    <UnitTestResult executionId="35ce8125-cbe7-4ed1-a26e-8c5490080cb4" testId="6a51dda4-2f2a-7187-72e4-f1fd47798144" testName="DeleteTrackingEntities_RemoveSubTree_RemovesAllIncludingChildNodesOfJobWithRetainSetToFalse" computerName="ICSWS068" duration="00:00:00.4647841" startTime="2016-08-04T10:07:31.6063529+02:00" endTime="2016-08-04T10:07:32.0758226+02:00" testType="13cdc9d9-ddb5-4fa4-a97d-d965ccfc6d4b" outcome="Passed" testListId="8c84fa94-04c1-424b-9868-57a2d4851a1d" relativeResultsDirectory="35ce8125-cbe7-4ed1-a26e-8c5490080cb4">
      <Output>
        <StdOut>Debug Trace:
Warning: Object AppDomain  in ReferenceWarehouse when disposing



TestContext Messages:
Created Event "e1" with id 9000000285
Created Event "e2" with id 9000000289
Created Event "e3" with id 9000000290
Created Event "e4" with id 9000000288
Created Event "e5" with id 9000000286
Created Event "e6" with id 9000000287
Created Job "j0" with id 9000000237
Created Job "j1" with id 9000000238
Created Job "j2" with id 9000000240
Created Job "j3" with id 9000000241
Created Job "j4" with id 9000000242
Created Job "j5" with id 9000000243
Created Job "j6" with id 9000000239
Created LogEntry "l1" with id 9000000621
Created LogEntry "l2" with id 9000000623
Created LogEntry "l3" with id 9000000622
Created LogEntry "l4" with id 9000000624
Created LogEntry "l5" with id 9000000620
Created Node "n1" with id 9000000054
Created Node "n2" with id 9000000055
Created Node "n3" with id 9000000056
Created Node "n4" with id 9000000057
Created Node "n5" with id 9000000058
Created Node "n6" with id 9000000059
Created Job "whm" with id 9000000235
Created Job "wh" with id 9000000236</StdOut>
      </Output>
    </UnitTestResult>
    <UnitTestResult executionId="4c0245ea-7532-4601-a912-456f8fddb894" testId="ad396608-e66d-3afb-66c9-b24a66101533" testName="DeleteTrackingEntities_RemoveSubTreeWithRelations_DeletsAllExpected" computerName="ICSWS068" duration="00:00:00.4458822" startTime="2016-08-04T10:07:32.0788246+02:00" endTime="2016-08-04T10:07:32.5269791+02:00" testType="13cdc9d9-ddb5-4fa4-a97d-d965ccfc6d4b" outcome="Passed" testListId="8c84fa94-04c1-424b-9868-57a2d4851a1d" relativeResultsDirectory="4c0245ea-7532-4601-a912-456f8fddb894">
      <Output>
        <StdOut>Debug Trace:
Warning: Object AppDomain  in ReferenceWarehouse when disposing



TestContext Messages:
Created Event "e1" with id 9000000292
Created Event "e2" with id 9000000296
Created Event "e3" with id 9000000297
Created Event "e4" with id 9000000295
Created Event "e5" with id 9000000293
Created Event "e6" with id 9000000294
Created Job "j0" with id 9000000246
Created Job "j1" with id 9000000247
Created Job "j2" with id 9000000249
Created Job "j3" with id 9000000250
Created Job "j4" with id 9000000251
Created Job "j5" with id 9000000252
Created Job "j6" with id 9000000248
Created LogEntry "l1" with id 9000000626
Created LogEntry "l2" with id 9000000628
Created LogEntry "l3" with id 9000000627
Created LogEntry "l4" with id 9000000629
Created LogEntry "l5" with id 9000000625
Created Node "n1" with id 9000000061
Created Node "n2" with id 9000000062
Created Node "n3" with id 9000000063
Created Node "n4" with id 9000000064
Created Node "n5" with id 9000000065
Created Node "n6" with id 9000000066
Created Job "whm" with id 9000000244
Created Job "wh" with id 9000000245</StdOut>
      </Output>
    </UnitTestResult>
    <UnitTestResult executionId="13bb0e6c-0963-474f-8380-7943236395d4" testId="9e5e5ab8-b5d7-c262-3c65-0c9314f63388" testName="DeleteTrackingEntities_RemoveEvent_FailsDueToChildJobsExisting" computerName="ICSWS068" duration="00:00:00.4376413" startTime="2016-08-04T10:07:32.5294961+02:00" endTime="2016-08-04T10:07:32.9683646+02:00" testType="13cdc9d9-ddb5-4fa4-a97d-d965ccfc6d4b" outcome="Passed" testListId="8c84fa94-04c1-424b-9868-57a2d4851a1d" relativeResultsDirectory="13bb0e6c-0963-474f-8380-7943236395d4">
      <Output>
        <StdOut>Debug Trace:
Warning: Object AppDomain  in ReferenceWarehouse when disposing



TestContext Messages:
Created Event "e1" with id 9000000299
Created Event "e2" with id 9000000303
Created Event "e3" with id 9000000304
Created Event "e4" with id 9000000302
Created Event "e5" with id 9000000300
Created Event "e6" with id 9000000301
Created Job "j0" with id 9000000255
Created Job "j1" with id 9000000256
Created Job "j2" with id 9000000258
Created Job "j3" with id 9000000259
Created Job "j4" with id 9000000260
Created Job "j5" with id 9000000261
Created Job "j6" with id 9000000257
Created LogEntry "l1" with id 9000000631
Created LogEntry "l2" with id 9000000633
Created LogEntry "l3" with id 9000000632
Created LogEntry "l4" with id 9000000634
Created LogEntry "l5" with id 9000000630
Created Node "n1" with id 9000000068
Created Node "n2" with id 9000000069
Created Node "n3" with id 9000000070
Created Node "n4" with id 9000000071
Created Node "n5" with id 9000000072
Created Node "n6" with id 9000000073
Created Job "whm" with id 9000000253
Created Job "wh" with id 9000000254</StdOut>
      </Output>
    </UnitTestResult>
    <UnitTestResult executionId="701a7cfe-fd5c-4078-84df-28f1779cd348" testId="425d9f94-1ffc-723f-d4ae-f7dbdba6791a" testName="RepositoryEntityTypeId_ReturnsJobHistory" computerName="ICSWS068" duration="00:00:00.3550934" startTime="2016-08-04T10:07:32.9713663+02:00" endTime="2016-08-04T10:07:33.3283248+02:00" testType="13cdc9d9-ddb5-4fa4-a97d-d965ccfc6d4b" outcome="Passed" testListId="8c84fa94-04c1-424b-9868-57a2d4851a1d" relativeResultsDirectory="701a7cfe-fd5c-4078-84df-28f1779cd348" />
    <UnitTestResult executionId="37ef93c7-69d1-4f0c-86de-334ac99a6972" testId="95b451b2-6fea-7bff-918e-e0402028a7d8" testName="RepositoryEntityType_ReturnsIJobHistory" computerName="ICSWS068" duration="00:00:00.3300429" startTime="2016-08-04T10:07:33.3313139+02:00" endTime="2016-08-04T10:07:33.6627378+02:00" testType="13cdc9d9-ddb5-4fa4-a97d-d965ccfc6d4b" outcome="Passed" testListId="8c84fa94-04c1-424b-9868-57a2d4851a1d" relativeResultsDirectory="37ef93c7-69d1-4f0c-86de-334ac99a6972" />
    <UnitTestResult executionId="7f18992c-d2c2-4901-bea0-1a94a9f567dc" testId="4dd7e325-19ff-619a-91aa-09ce914d4caa" testName="RepositorySystemContext_MatchesActualSystemContext" computerName="ICSWS068" duration="00:00:00.3591772" startTime="2016-08-04T10:07:33.6657255+02:00" endTime="2016-08-04T10:07:34.0262000+02:00" testType="13cdc9d9-ddb5-4fa4-a97d-d965ccfc6d4b" outcome="Passed" testListId="8c84fa94-04c1-424b-9868-57a2d4851a1d" relativeResultsDirectory="7f18992c-d2c2-4901-bea0-1a94a9f567dc" />
    <UnitTestResult executionId="686d5f83-dbdd-4757-b515-1e1f0b8fcd8d" testId="feab5c98-da86-8c2d-67b7-5626cf3f246b" testName="Exists_EventAttributeTypeKey_ThrowsArgumentException" computerName="ICSWS068" duration="00:00:00.4024846" startTime="2016-08-04T10:07:34.0307034+02:00" endTime="2016-08-04T10:07:34.4360355+02:00" testType="13cdc9d9-ddb5-4fa4-a97d-d965ccfc6d4b" outcome="Passed" testListId="8c84fa94-04c1-424b-9868-57a2d4851a1d" relativeResultsDirectory="686d5f83-dbdd-4757-b515-1e1f0b8fcd8d" />
    <UnitTestResult executionId="13897cd6-9233-4271-a131-8ae26677b44e" testId="c46d73ea-4908-4814-b7e1-24205dd47b63" testName="Exists_KnownEventKey_ReturnsTrue (Data Row 0)" computerName="ICSWS068" duration="00:00:00.3758545" startTime="2016-08-04T08:07:34.4415416+02:00" endTime="2016-08-04T08:07:34.8168499+02:00" testType="13cdc9d9-ddb5-4fa4-a97d-d965ccfc6d4b" outcome="Passed" testListId="8c84fa94-04c1-424b-9868-57a2d4851a1d" relativeResultsDirectory="13897cd6-9233-4271-a131-8ae26677b44e" />
    <UnitTestResult executionId="93ede630-99d6-4153-9827-24814e482c35" testId="33f4864e-0e98-fb1d-5b85-a4a57e6544eb" testName="Exists_NonExistingEventKey_ReturnsFalse" computerName="ICSWS068" duration="00:00:00.3574889" startTime="2016-08-04T10:07:34.8208519+02:00" endTime="2016-08-04T10:07:35.1792167+02:00" testType="13cdc9d9-ddb5-4fa4-a97d-d965ccfc6d4b" outcome="Passed" testListId="8c84fa94-04c1-424b-9868-57a2d4851a1d" relativeResultsDirectory="93ede630-99d6-4153-9827-24814e482c35" />
    <UnitTestResult executionId="ab83eae6-e1e5-4ee2-847b-75e4e8491bbd" testId="f555de08-1b74-6a85-0153-58824ca9e440" testName="GetByKey_MaxValue_ThrowsEntityNotFoundException" computerName="ICSWS068" duration="00:00:00.3769946" startTime="2016-08-04T10:07:35.1822190+02:00" endTime="2016-08-04T10:07:35.5605097+02:00" testType="13cdc9d9-ddb5-4fa4-a97d-d965ccfc6d4b" outcome="Passed" testListId="8c84fa94-04c1-424b-9868-57a2d4851a1d" relativeResultsDirectory="ab83eae6-e1e5-4ee2-847b-75e4e8491bbd" />
    <UnitTestResult executionId="be5b5dca-d336-44ce-8b90-8f88badf6758" testId="af22db2f-43b2-4738-b17b-b30ae6c3fffc" testName="GetByKey_KnownKey_ReturnsEntityWithCorrectProperties (Data Row 0)" computerName="ICSWS068" duration="00:00:00.3518896" startTime="2016-08-04T08:07:35.5665137+02:00" endTime="2016-08-04T08:07:35.9181804+02:00" testType="13cdc9d9-ddb5-4fa4-a97d-d965ccfc6d4b" outcome="Passed" testListId="8c84fa94-04c1-424b-9868-57a2d4851a1d" relativeResultsDirectory="be5b5dca-d336-44ce-8b90-8f88badf6758" />
    <UnitTestResult executionId="bbecc43c-4194-4cde-804d-ff838ae3d495" testId="4c46579c-4115-4832-1bea-9738cd3cacc0" testName="GetByKey_UnsupportedKey_ThrowsArgumentException" computerName="ICSWS068" duration="00:00:00.3311904" startTime="2016-08-04T10:07:35.9221833+02:00" endTime="2016-08-04T10:07:36.2548597+02:00" testType="13cdc9d9-ddb5-4fa4-a97d-d965ccfc6d4b" outcome="Passed" testListId="8c84fa94-04c1-424b-9868-57a2d4851a1d" relativeResultsDirectory="bbecc43c-4194-4cde-804d-ff838ae3d495" />
    <UnitTestResult executionId="75cbc2d5-d631-492f-bc48-4608033858b3" testId="345d3694-bd91-b9bb-3500-893f1ab2d782" testName="RepositoryEntityTypeId_ReturnsEventHistory" computerName="ICSWS068" duration="00:00:00.3688502" startTime="2016-08-04T10:07:36.2578620+02:00" endTime="2016-08-04T10:07:36.6291405+02:00" testType="13cdc9d9-ddb5-4fa4-a97d-d965ccfc6d4b" outcome="Passed" testListId="8c84fa94-04c1-424b-9868-57a2d4851a1d" relativeResultsDirectory="75cbc2d5-d631-492f-bc48-4608033858b3" />
    <UnitTestResult executionId="9ddf9f09-7ab9-4301-9fad-2cd1acd670dd" testId="cb78ab3d-86f6-c9c6-a8d3-609c4cd2a4f1" testName="RepositoryEntityType_ReturnsIEventHistory" computerName="ICSWS068" duration="00:00:00.3810978" startTime="2016-08-04T10:07:36.6316407+02:00" endTime="2016-08-04T10:07:37.0140888+02:00" testType="13cdc9d9-ddb5-4fa4-a97d-d965ccfc6d4b" outcome="Passed" testListId="8c84fa94-04c1-424b-9868-57a2d4851a1d" relativeResultsDirectory="9ddf9f09-7ab9-4301-9fad-2cd1acd670dd" />
    <UnitTestResult executionId="633b677d-461e-4c97-ad2b-0a5dc9241a54" testId="556e0363-803f-5959-92c3-bd49ff9ce5b9" testName="RepositorySystemContext_MatchesActualSystemContext" computerName="ICSWS068" duration="00:00:00.3198476" startTime="2016-08-04T10:07:37.0170755+02:00" endTime="2016-08-04T10:07:37.3379659+02:00" testType="13cdc9d9-ddb5-4fa4-a97d-d965ccfc6d4b" outcome="Passed" testListId="8c84fa94-04c1-424b-9868-57a2d4851a1d" relativeResultsDirectory="633b677d-461e-4c97-ad2b-0a5dc9241a54" />
    <UnitTestResult executionId="fd455b1a-cd72-426d-a8bb-ffb32df2ec98" testId="03fead0d-123b-188d-aa2c-94d9d6237484" testName="Exists_EventAttributeTypeKey_ThrowsArgumentException" computerName="ICSWS068" duration="00:00:00.3724393" startTime="2016-08-04T10:07:37.3409718+02:00" endTime="2016-08-04T10:07:37.7142522+02:00" testType="13cdc9d9-ddb5-4fa4-a97d-d965ccfc6d4b" outcome="Passed" testListId="8c84fa94-04c1-424b-9868-57a2d4851a1d" relativeResultsDirectory="fd455b1a-cd72-426d-a8bb-ffb32df2ec98" />
    <UnitTestResult executionId="c7a472c7-6ec0-46c0-bfb3-2e63a72f57b0" testId="e5fb001b-d4ab-4237-80f4-74c6264898d5" testName="Exists_KnownEventKey_ReturnsTrue (Data Row 0)" computerName="ICSWS068" duration="00:00:00.3237120" startTime="2016-08-04T08:07:37.7222576+02:00" endTime="2016-08-04T08:07:38.0465328+02:00" testType="13cdc9d9-ddb5-4fa4-a97d-d965ccfc6d4b" outcome="Passed" testListId="8c84fa94-04c1-424b-9868-57a2d4851a1d" relativeResultsDirectory="c7a472c7-6ec0-46c0-bfb3-2e63a72f57b0" />
    <UnitTestResult executionId="2daeb6e4-14be-46a6-9fc0-d020fa4a19d2" testId="b0c1ecee-521d-5aba-6cc1-eabeb636c462" testName="Exists_NonExistingEventKey_ReturnsFalse" computerName="ICSWS068" duration="00:00:00.3258389" startTime="2016-08-04T10:07:38.0495351+02:00" endTime="2016-08-04T10:07:38.3764750+02:00" testType="13cdc9d9-ddb5-4fa4-a97d-d965ccfc6d4b" outcome="Passed" testListId="8c84fa94-04c1-424b-9868-57a2d4851a1d" relativeResultsDirectory="2daeb6e4-14be-46a6-9fc0-d020fa4a19d2" />
    <UnitTestResult executionId="d39678cc-d21e-4767-9048-4d11c4b084ff" testId="89f99b4b-9712-c950-dc34-6edfca969309" testName="GetByKey_MaxValue_ThrowsEntityNotFoundException" computerName="ICSWS068" duration="00:00:00.3767559" startTime="2016-08-04T10:07:38.3794770+02:00" endTime="2016-08-04T10:07:38.7582195+02:00" testType="13cdc9d9-ddb5-4fa4-a97d-d965ccfc6d4b" outcome="Passed" testListId="8c84fa94-04c1-424b-9868-57a2d4851a1d" relativeResultsDirectory="d39678cc-d21e-4767-9048-4d11c4b084ff" />
    <UnitTestResult executionId="496f6f7b-b192-4187-b0c1-d39596f354fb" testId="ef8f9b50-2a9c-4474-b753-29737c0c76f6" testName="GetByKey_KnownKey_ReturnsEntityWithCorrectProperties (Data Row 0)" computerName="ICSWS068" duration="00:00:00.3282113" startTime="2016-08-04T08:07:38.7632232+02:00" endTime="2016-08-04T08:07:39.0919352+02:00" testType="13cdc9d9-ddb5-4fa4-a97d-d965ccfc6d4b" outcome="Passed" testListId="8c84fa94-04c1-424b-9868-57a2d4851a1d" relativeResultsDirectory="496f6f7b-b192-4187-b0c1-d39596f354fb" />
    <UnitTestResult executionId="32fdea57-5bd6-4c4a-8f0c-ed7a5a5ffd0b" testId="f6d8e456-7b4b-452c-74b2-460cadc91c81" testName="GetByKey_UnsupportedKey_ThrowsArgumentException" computerName="ICSWS068" duration="00:00:00.3277577" startTime="2016-08-04T10:07:39.0949369+02:00" endTime="2016-08-04T10:07:39.4246944+02:00" testType="13cdc9d9-ddb5-4fa4-a97d-d965ccfc6d4b" outcome="Passed" testListId="8c84fa94-04c1-424b-9868-57a2d4851a1d" relativeResultsDirectory="32fdea57-5bd6-4c4a-8f0c-ed7a5a5ffd0b" />
    <UnitTestResult executionId="efd03e4f-4c0d-4e01-a017-c6f238eb9cae" testId="04c3657d-35a7-4b13-a49a-32cf305d4754" testName="GenerationOfAdapterFlowWebServiceActivities_ComplexWebserviceContract_AdapterflowActivitiesCreated" computerName="ICSWS068" duration="00:00:01.6823825" startTime="2016-08-04T10:07:39.4276984+02:00" endTime="2016-08-04T10:07:41.1111812+02:00" testType="13cdc9d9-ddb5-4fa4-a97d-d965ccfc6d4b" outcome="Passed" testListId="8c84fa94-04c1-424b-9868-57a2d4851a1d" relativeResultsDirectory="efd03e4f-4c0d-4e01-a017-c6f238eb9cae" />
    <UnitTestResult executionId="5b270e1e-b47e-4438-a3f2-d14ce7622a89" testId="24250b8b-8291-3ecc-4605-50ecd1f863b5" testName="GenerationOfWorkflowWebServiceActivities_ValidWebserviceContract_WorkflowActivitiesCreated" computerName="ICSWS068" duration="00:00:01.1260096" startTime="2016-08-04T10:07:41.1141994+02:00" endTime="2016-08-04T10:07:42.2418529+02:00" testType="13cdc9d9-ddb5-4fa4-a97d-d965ccfc6d4b" outcome="Passed" testListId="8c84fa94-04c1-424b-9868-57a2d4851a1d" relativeResultsDirectory="5b270e1e-b47e-4438-a3f2-d14ce7622a89" />
    <UnitTestResult executionId="209f3a4a-9532-4f0b-8692-3f55c706ab21" testId="356847ab-0670-ec0c-4e2c-f49427d9b8ce" testName="GenerationOfWorkflowWebServiceActivities_VerifyingCodeGenerated_ExpectedPropertiesAreGenerated" computerName="ICSWS068" duration="00:00:01.1591200" startTime="2016-08-04T10:07:42.2448558+02:00" endTime="2016-08-04T10:07:43.4054924+02:00" testType="13cdc9d9-ddb5-4fa4-a97d-d965ccfc6d4b" outcome="Passed" testListId="8c84fa94-04c1-424b-9868-57a2d4851a1d" relativeResultsDirectory="209f3a4a-9532-4f0b-8692-3f55c706ab21" />
    <UnitTestResult executionId="561c65a9-421c-4653-bdf8-dc14943f2223" testId="0fbdaa94-97a9-5413-58ca-25a1e6b86833" testName="GenerationOfWorkflowWebServiceActivities_OneWayWebserviceContract_WorkflowActivitiesCreated" computerName="ICSWS068" duration="00:00:01.1222962" startTime="2016-08-04T10:07:43.4084944+02:00" endTime="2016-08-04T10:07:44.5334588+02:00" testType="13cdc9d9-ddb5-4fa4-a97d-d965ccfc6d4b" outcome="Passed" testListId="8c84fa94-04c1-424b-9868-57a2d4851a1d" relativeResultsDirectory="561c65a9-421c-4653-bdf8-dc14943f2223" />
    <UnitTestResult executionId="e055b8aa-4588-4014-8cc8-585424742ccd" testId="f26d3ad5-aa0f-55a2-3b5f-4c1e5ab37ba2" testName="GenerationOfWorkflowWebServiceActivities_ComplexTypeWebserviceOperation_WorkflowActivitiesCreated" computerName="ICSWS068" duration="00:00:01.1497659" startTime="2016-08-04T10:07:44.5354611+02:00" endTime="2016-08-04T10:07:45.6870166+02:00" testType="13cdc9d9-ddb5-4fa4-a97d-d965ccfc6d4b" outcome="Passed" testListId="8c84fa94-04c1-424b-9868-57a2d4851a1d" relativeResultsDirectory="e055b8aa-4588-4014-8cc8-585424742ccd" />
    <UnitTestResult executionId="185fe8eb-422d-460b-af58-bac95dfd890e" testId="123d96fb-c221-0e0c-268b-730f80e33846" testName="RepositoryEntityTypeId_ReturnsApplicationPool" computerName="ICSWS068" duration="00:00:00.3322611" startTime="2016-08-04T10:07:45.6910227+02:00" endTime="2016-08-04T10:07:46.0253991+02:00" testType="13cdc9d9-ddb5-4fa4-a97d-d965ccfc6d4b" outcome="Passed" testListId="8c84fa94-04c1-424b-9868-57a2d4851a1d" relativeResultsDirectory="185fe8eb-422d-460b-af58-bac95dfd890e" />
    <UnitTestResult executionId="502a3ff2-b788-4ef9-9853-29716fbb1ddf" testId="ea02f57f-038c-cab2-2ef1-62790ea0faac" testName="RepositoryEntityType_ReturnsIApplicationPool" computerName="ICSWS068" duration="00:00:00.3194705" startTime="2016-08-04T10:07:46.0283873+02:00" endTime="2016-08-04T10:07:46.3487185+02:00" testType="13cdc9d9-ddb5-4fa4-a97d-d965ccfc6d4b" outcome="Passed" testListId="8c84fa94-04c1-424b-9868-57a2d4851a1d" relativeResultsDirectory="502a3ff2-b788-4ef9-9853-29716fbb1ddf" />
    <UnitTestResult executionId="42e11d74-6f43-4da1-a6c7-858e1dd313a5" testId="1cab8286-1339-e639-fa0f-348d0aebbe21" testName="RepositorySystemContext_MatchesActualSystemContext" computerName="ICSWS068" duration="00:00:00.3153207" startTime="2016-08-04T10:07:46.3517214+02:00" endTime="2016-08-04T10:07:46.6689902+02:00" testType="13cdc9d9-ddb5-4fa4-a97d-d965ccfc6d4b" outcome="Passed" testListId="8c84fa94-04c1-424b-9868-57a2d4851a1d" relativeResultsDirectory="42e11d74-6f43-4da1-a6c7-858e1dd313a5" />
    <UnitTestResult executionId="28234ef0-f0a8-4267-aa11-0d77a57416b4" testId="8c924126-5046-4f95-9514-ed0a708e9e1c" testName="Exists_KnownApplicationPoolId_ReturnsTrue (Data Row 0)" computerName="ICSWS068" duration="00:00:00.3921438" startTime="2016-08-04T08:07:46.6790132+02:00" endTime="2016-08-04T08:07:47.0713822+02:00" testType="13cdc9d9-ddb5-4fa4-a97d-d965ccfc6d4b" outcome="Passed" testListId="8c84fa94-04c1-424b-9868-57a2d4851a1d" relativeResultsDirectory="28234ef0-f0a8-4267-aa11-0d77a57416b4" />
    <UnitTestResult executionId="c4ef1c31-6d48-4ba5-be68-d485a2c2913b" testId="ebcc4c8d-2600-4ac8-8474-ac530504127e" testName="Exists_KnownApplicationPoolId_ReturnsTrue (Data Row 1)" computerName="ICSWS068" duration="00:00:00.3283465" startTime="2016-08-04T08:07:47.0713822+02:00" endTime="2016-08-04T08:07:47.3996315+02:00" testType="13cdc9d9-ddb5-4fa4-a97d-d965ccfc6d4b" outcome="Passed" testListId="8c84fa94-04c1-424b-9868-57a2d4851a1d" relativeResultsDirectory="c4ef1c31-6d48-4ba5-be68-d485a2c2913b" />
    <UnitTestResult executionId="d5a1ce59-6614-4a01-9de3-a13f017ce403" testId="bccf8cf3-b14c-4fd8-be18-a120bd299b42" testName="Exists_KnownApplicationPoolId_ReturnsTrue (Data Row 2)" computerName="ICSWS068" duration="00:00:00.3225856" startTime="2016-08-04T08:07:47.3996315+02:00" endTime="2016-08-04T08:07:47.7224802+02:00" testType="13cdc9d9-ddb5-4fa4-a97d-d965ccfc6d4b" outcome="Passed" testListId="8c84fa94-04c1-424b-9868-57a2d4851a1d" relativeResultsDirectory="d5a1ce59-6614-4a01-9de3-a13f017ce403" />
    <UnitTestResult executionId="17c75164-169b-4d69-9e96-4fe6e153a339" testId="a00d64db-846e-4cf1-9138-d7fa065aff3c" testName="Exists_KnownApplicationPoolId_ReturnsTrue (Data Row 3)" computerName="ICSWS068" duration="00:00:00.4355194" startTime="2016-08-04T08:07:47.7224802+02:00" endTime="2016-08-04T08:07:48.1573098+02:00" testType="13cdc9d9-ddb5-4fa4-a97d-d965ccfc6d4b" outcome="Passed" testListId="8c84fa94-04c1-424b-9868-57a2d4851a1d" relativeResultsDirectory="17c75164-169b-4d69-9e96-4fe6e153a339" />
    <UnitTestResult executionId="2505c7fc-94f4-44e9-8b1e-5eb72d6d6738" testId="3a48f45c-6ab7-8d0c-5b57-b27f975be4c8" testName="Exists_NonExistingApplicationPoolId_ReturnsFalse" computerName="ICSWS068" duration="00:00:00.3882548" startTime="2016-08-04T10:07:48.1623132+02:00" endTime="2016-08-04T10:07:48.5526107+02:00" testType="13cdc9d9-ddb5-4fa4-a97d-d965ccfc6d4b" outcome="Passed" testListId="8c84fa94-04c1-424b-9868-57a2d4851a1d" relativeResultsDirectory="2505c7fc-94f4-44e9-8b1e-5eb72d6d6738" />
    <UnitTestResult executionId="5260d284-c2f8-4b5e-93c4-be0085549f06" testId="f3bc5183-16be-9328-b54c-47ce1b5097f3" testName="Exists_UnsupportedKey_ThrowsArgumentException" computerName="ICSWS068" duration="00:00:00.3465261" startTime="2016-08-04T10:07:48.5566138+02:00" endTime="2016-08-04T10:07:48.9050317+02:00" testType="13cdc9d9-ddb5-4fa4-a97d-d965ccfc6d4b" outcome="Passed" testListId="8c84fa94-04c1-424b-9868-57a2d4851a1d" relativeResultsDirectory="5260d284-c2f8-4b5e-93c4-be0085549f06" />
    <UnitTestResult executionId="b097b979-7126-43b6-a394-0ecf357913e3" testId="52817276-f8d6-4d36-862b-bc12673a41dd" testName="Exists_KnownApplicationPoolKey_ReturnsTrue (Data Row 0)" computerName="ICSWS068" duration="00:00:00.3530667" startTime="2016-08-04T08:07:48.9100383+02:00" endTime="2016-08-04T08:07:49.2630616+02:00" testType="13cdc9d9-ddb5-4fa4-a97d-d965ccfc6d4b" outcome="Passed" testListId="8c84fa94-04c1-424b-9868-57a2d4851a1d" relativeResultsDirectory="b097b979-7126-43b6-a394-0ecf357913e3" />
    <UnitTestResult executionId="366d6403-7e02-4c3c-a168-71c9fd0df097" testId="926ec36d-b962-47d6-8b2f-e5e8322f5b03" testName="Exists_KnownApplicationPoolKey_ReturnsTrue (Data Row 1)" computerName="ICSWS068" duration="00:00:00.3471106" startTime="2016-08-04T08:07:49.2630616+02:00" endTime="2016-08-04T08:07:49.6103681+02:00" testType="13cdc9d9-ddb5-4fa4-a97d-d965ccfc6d4b" outcome="Passed" testListId="8c84fa94-04c1-424b-9868-57a2d4851a1d" relativeResultsDirectory="366d6403-7e02-4c3c-a168-71c9fd0df097" />
    <UnitTestResult executionId="09dff592-a4ef-49e7-a73e-3bfa1c99e8a2" testId="c28883a6-8105-4c1e-9a9b-86ee221162e3" testName="Exists_KnownApplicationPoolKey_ReturnsTrue (Data Row 2)" computerName="ICSWS068" duration="00:00:00.3221469" startTime="2016-08-04T08:07:49.6103681+02:00" endTime="2016-08-04T08:07:49.9323720+02:00" testType="13cdc9d9-ddb5-4fa4-a97d-d965ccfc6d4b" outcome="Passed" testListId="8c84fa94-04c1-424b-9868-57a2d4851a1d" relativeResultsDirectory="09dff592-a4ef-49e7-a73e-3bfa1c99e8a2" />
    <UnitTestResult executionId="32b6f077-f87f-43b0-ad91-ca5857227ee6" testId="10818291-2224-447d-9140-da4758dfd2f1" testName="Exists_KnownApplicationPoolKey_ReturnsTrue (Data Row 3)" computerName="ICSWS068" duration="00:00:00.3378046" startTime="2016-08-04T08:07:49.9323720+02:00" endTime="2016-08-04T08:07:50.2705087+02:00" testType="13cdc9d9-ddb5-4fa4-a97d-d965ccfc6d4b" outcome="Passed" testListId="8c84fa94-04c1-424b-9868-57a2d4851a1d" relativeResultsDirectory="32b6f077-f87f-43b0-ad91-ca5857227ee6" />
    <UnitTestResult executionId="034395dc-adc3-4f39-8bd4-627f1f920f8d" testId="bef79441-7f9b-98e8-5c48-3434afaafcc1" testName="Exists_NonExistingApplicationPoolKey_ReturnsFalse" computerName="ICSWS068" duration="00:00:00.4110173" startTime="2016-08-04T10:07:50.2745260+02:00" endTime="2016-08-04T10:07:50.6866151+02:00" testType="13cdc9d9-ddb5-4fa4-a97d-d965ccfc6d4b" outcome="Passed" testListId="8c84fa94-04c1-424b-9868-57a2d4851a1d" relativeResultsDirectory="034395dc-adc3-4f39-8bd4-627f1f920f8d" />
    <UnitTestResult executionId="2fb45301-b242-4132-b214-ea2af74b4138" testId="6eebc1aa-c6db-d6db-bb55-fe69f6cee3c5" testName="CreateInstance_CreatesNewApplicationPool" computerName="ICSWS068" duration="00:00:00.3377650" startTime="2016-08-04T10:07:50.6896174+02:00" endTime="2016-08-04T10:07:51.0292794+02:00" testType="13cdc9d9-ddb5-4fa4-a97d-d965ccfc6d4b" outcome="Passed" testListId="8c84fa94-04c1-424b-9868-57a2d4851a1d" relativeResultsDirectory="2fb45301-b242-4132-b214-ea2af74b4138" />
    <UnitTestResult executionId="7c2e954c-c4e5-4339-9370-38dac5364cd5" testId="337def5d-d25a-4f7b-b675-30721e412943" testName="List_ContainsEachKnownApplicationPoolOnce (Data Row 0)" computerName="ICSWS068" duration="00:00:00.3548072" startTime="2016-08-04T08:07:51.0342834+02:00" endTime="2016-08-04T08:07:51.3890906+02:00" testType="13cdc9d9-ddb5-4fa4-a97d-d965ccfc6d4b" outcome="Passed" testListId="8c84fa94-04c1-424b-9868-57a2d4851a1d" relativeResultsDirectory="7c2e954c-c4e5-4339-9370-38dac5364cd5" />
    <UnitTestResult executionId="35e88ddb-f30d-4304-93b8-8ccadae57416" testId="f4de1f74-b0d1-45b8-b1df-8033be17e7f5" testName="List_ContainsEachKnownApplicationPoolOnce (Data Row 1)" computerName="ICSWS068" duration="00:00:00.3280403" startTime="2016-08-04T08:07:51.3890906+02:00" endTime="2016-08-04T08:07:51.7173982+02:00" testType="13cdc9d9-ddb5-4fa4-a97d-d965ccfc6d4b" outcome="Passed" testListId="8c84fa94-04c1-424b-9868-57a2d4851a1d" relativeResultsDirectory="35e88ddb-f30d-4304-93b8-8ccadae57416" />
    <UnitTestResult executionId="81789031-189c-4f57-b693-e450e3b3037d" testId="809eb115-1060-4d58-a2d0-405f89799985" testName="List_ContainsEachKnownApplicationPoolOnce (Data Row 2)" computerName="ICSWS068" duration="00:00:00.3274324" startTime="2016-08-04T08:07:51.7173982+02:00" endTime="2016-08-04T08:07:52.0450337+02:00" testType="13cdc9d9-ddb5-4fa4-a97d-d965ccfc6d4b" outcome="Passed" testListId="8c84fa94-04c1-424b-9868-57a2d4851a1d" relativeResultsDirectory="81789031-189c-4f57-b693-e450e3b3037d" />
    <UnitTestResult executionId="1eb3f565-20ea-41d9-a85c-0177e469137d" testId="ea934332-9c86-4c01-8758-bcabfb8e90d2" testName="List_ContainsEachKnownApplicationPoolOnce (Data Row 3)" computerName="ICSWS068" duration="00:00:00.3263677" startTime="2016-08-04T08:07:52.0450337+02:00" endTime="2016-08-04T08:07:52.3707833+02:00" testType="13cdc9d9-ddb5-4fa4-a97d-d965ccfc6d4b" outcome="Passed" testListId="8c84fa94-04c1-424b-9868-57a2d4851a1d" relativeResultsDirectory="1eb3f565-20ea-41d9-a85c-0177e469137d" />
    <UnitTestResult executionId="c46bcb03-d837-4015-a54c-8524a97ed880" testId="d47f8901-4963-0c29-78ae-f04768c02833" testName="List_ShouldSetSystemContextCorrectly" computerName="ICSWS068" duration="00:00:00.3212173" startTime="2016-08-04T10:07:52.3747861+02:00" endTime="2016-08-04T10:07:52.6979261+02:00" testType="13cdc9d9-ddb5-4fa4-a97d-d965ccfc6d4b" outcome="Passed" testListId="8c84fa94-04c1-424b-9868-57a2d4851a1d" relativeResultsDirectory="c46bcb03-d837-4015-a54c-8524a97ed880" />
    <UnitTestResult executionId="6a7b9a39-4432-4271-9e76-e72c82d266e8" testId="4b295dc4-81d1-2d9f-c846-6ceab4b63ae0" testName="GetById_NewGuid_ThrowsEntityNotFoundException" computerName="ICSWS068" duration="00:00:00.3535450" startTime="2016-08-04T10:07:52.7009275+02:00" endTime="2016-08-04T10:07:53.0561965+02:00" testType="13cdc9d9-ddb5-4fa4-a97d-d965ccfc6d4b" outcome="Passed" testListId="8c84fa94-04c1-424b-9868-57a2d4851a1d" relativeResultsDirectory="6a7b9a39-4432-4271-9e76-e72c82d266e8" />
    <UnitTestResult executionId="8be157de-dc8b-472f-908c-3ee838db6141" testId="b1167e64-83c4-4686-a1dd-b23349b18b99" testName="GetById_KnownApplicationPoolId_ReturnsEntityWithCorrectProperties (Data Row 0)" computerName="ICSWS068" duration="00:00:00.3700288" startTime="2016-08-04T08:07:53.0612003+02:00" endTime="2016-08-04T08:07:53.4314843+02:00" testType="13cdc9d9-ddb5-4fa4-a97d-d965ccfc6d4b" outcome="Passed" testListId="8c84fa94-04c1-424b-9868-57a2d4851a1d" relativeResultsDirectory="8be157de-dc8b-472f-908c-3ee838db6141" />
    <UnitTestResult executionId="64fe469f-9bd7-4fc2-a36b-4d9a223722c3" testId="483bf8db-a401-4cf2-b6df-c70f5406966f" testName="GetById_KnownApplicationPoolId_ReturnsEntityWithCorrectProperties (Data Row 1)" computerName="ICSWS068" duration="00:00:00.3592678" startTime="2016-08-04T08:07:53.4314843+02:00" endTime="2016-08-04T08:07:53.7906494+02:00" testType="13cdc9d9-ddb5-4fa4-a97d-d965ccfc6d4b" outcome="Passed" testListId="8c84fa94-04c1-424b-9868-57a2d4851a1d" relativeResultsDirectory="64fe469f-9bd7-4fc2-a36b-4d9a223722c3" />
    <UnitTestResult executionId="e158f245-a7b2-4572-9256-202398945a85" testId="2c2c1b67-7002-40e3-b96e-2584be7985f7" testName="GetById_KnownApplicationPoolId_ReturnsEntityWithCorrectProperties (Data Row 2)" computerName="ICSWS068" duration="00:00:00.3404887" startTime="2016-08-04T08:07:53.7906494+02:00" endTime="2016-08-04T08:07:54.1308862+02:00" testType="13cdc9d9-ddb5-4fa4-a97d-d965ccfc6d4b" outcome="Passed" testListId="8c84fa94-04c1-424b-9868-57a2d4851a1d" relativeResultsDirectory="e158f245-a7b2-4572-9256-202398945a85" />
    <UnitTestResult executionId="9aa72334-03ac-4305-a1ab-dec117888488" testId="87492d78-b6e7-4002-ae06-0346cbb0c00d" testName="GetById_KnownApplicationPoolId_ReturnsEntityWithCorrectProperties (Data Row 3)" computerName="ICSWS068" duration="00:00:00.3508099" startTime="2016-08-04T08:07:54.1308862+02:00" endTime="2016-08-04T08:07:54.4816960+02:00" testType="13cdc9d9-ddb5-4fa4-a97d-d965ccfc6d4b" outcome="Passed" testListId="8c84fa94-04c1-424b-9868-57a2d4851a1d" relativeResultsDirectory="9aa72334-03ac-4305-a1ab-dec117888488" />
    <UnitTestResult executionId="afce4ff6-f6c4-4b00-a936-960a2f99e751" testId="6b570543-ac60-b5da-0dbd-579ecabb115d" testName="GetByKey_NewGuid_ThrowsEntityNotFoundException" computerName="ICSWS068" duration="00:00:00.3322719" startTime="2016-08-04T10:07:54.4856963+02:00" endTime="2016-08-04T10:07:54.8190082+02:00" testType="13cdc9d9-ddb5-4fa4-a97d-d965ccfc6d4b" outcome="Passed" testListId="8c84fa94-04c1-424b-9868-57a2d4851a1d" relativeResultsDirectory="afce4ff6-f6c4-4b00-a936-960a2f99e751" />
    <UnitTestResult executionId="a8d2c89a-f32d-4e87-b51e-1bc883f225fa" testId="631b0755-8a7e-44ee-9b66-5f8ae4fb7ae2" testName="GetByKey_KnownApplicationPoolKey_ReturnsEntityWithCorrectProperties (Data Row 0)" computerName="ICSWS068" duration="00:00:00.3895524" startTime="2016-08-04T08:07:54.8240116+02:00" endTime="2016-08-04T08:07:55.2132250+02:00" testType="13cdc9d9-ddb5-4fa4-a97d-d965ccfc6d4b" outcome="Passed" testListId="8c84fa94-04c1-424b-9868-57a2d4851a1d" relativeResultsDirectory="a8d2c89a-f32d-4e87-b51e-1bc883f225fa" />
    <UnitTestResult executionId="de2f111a-2945-400e-b133-c0b22157e005" testId="7e74029b-e37d-44d4-af56-ad346499d878" testName="GetByKey_KnownApplicationPoolKey_ReturnsEntityWithCorrectProperties (Data Row 1)" computerName="ICSWS068" duration="00:00:00.3600754" startTime="2016-08-04T08:07:55.2132250+02:00" endTime="2016-08-04T08:07:55.5730077+02:00" testType="13cdc9d9-ddb5-4fa4-a97d-d965ccfc6d4b" outcome="Passed" testListId="8c84fa94-04c1-424b-9868-57a2d4851a1d" relativeResultsDirectory="de2f111a-2945-400e-b133-c0b22157e005" />
    <UnitTestResult executionId="d73d8fa9-896e-4b78-b635-dac2cc2cd314" testId="604a030a-af11-4eb1-b5c7-25ff4df320bf" testName="GetByKey_KnownApplicationPoolKey_ReturnsEntityWithCorrectProperties (Data Row 2)" computerName="ICSWS068" duration="00:00:00.3322429" startTime="2016-08-04T08:07:55.5730077+02:00" endTime="2016-08-04T08:07:55.9057572+02:00" testType="13cdc9d9-ddb5-4fa4-a97d-d965ccfc6d4b" outcome="Passed" testListId="8c84fa94-04c1-424b-9868-57a2d4851a1d" relativeResultsDirectory="d73d8fa9-896e-4b78-b635-dac2cc2cd314" />
    <UnitTestResult executionId="f0c28b1f-7517-4d4f-859b-09f5a3ff01d1" testId="3d612452-0c87-4d4a-be30-092b47b01d75" testName="GetByKey_KnownApplicationPoolKey_ReturnsEntityWithCorrectProperties (Data Row 3)" computerName="ICSWS068" duration="00:00:00.3511559" startTime="2016-08-04T08:07:55.9057572+02:00" endTime="2016-08-04T08:07:56.2564879+02:00" testType="13cdc9d9-ddb5-4fa4-a97d-d965ccfc6d4b" outcome="Passed" testListId="8c84fa94-04c1-424b-9868-57a2d4851a1d" relativeResultsDirectory="f0c28b1f-7517-4d4f-859b-09f5a3ff01d1" />
    <UnitTestResult executionId="27010560-b0b7-44a1-9135-d9bf2e8a9d68" testId="a60ec8c0-fd82-a15f-8328-1efa4752e573" testName="GetByKey_UnsupportedKey_ThrowsArgumentException" computerName="ICSWS068" duration="00:00:00.3926934" startTime="2016-08-04T10:07:56.2605068+02:00" endTime="2016-08-04T10:07:56.6552116+02:00" testType="13cdc9d9-ddb5-4fa4-a97d-d965ccfc6d4b" outcome="Passed" testListId="8c84fa94-04c1-424b-9868-57a2d4851a1d" relativeResultsDirectory="27010560-b0b7-44a1-9135-d9bf2e8a9d68" />
    <UnitTestResult executionId="c66ced53-b0ae-483a-8ef1-54dacd047c1d" testId="ca7f1d66-44ce-b2ef-1936-1670cbde7315" testName="TryGetByName_NonExistingName_ReturnsNull" computerName="ICSWS068" duration="00:00:00.3261084" startTime="2016-08-04T10:07:56.6581977+02:00" endTime="2016-08-04T10:07:56.9859957+02:00" testType="13cdc9d9-ddb5-4fa4-a97d-d965ccfc6d4b" outcome="Passed" testListId="8c84fa94-04c1-424b-9868-57a2d4851a1d" relativeResultsDirectory="c66ced53-b0ae-483a-8ef1-54dacd047c1d" />
    <UnitTestResult executionId="e2a0b51e-446e-4d03-98f8-7c80710214c8" testId="6f185da0-abaf-4f52-bed4-f062536528a1" testName="TryGetByName_KnownApplicationPoolName_ReturnsEntityWithCorrectProperties (Data Row 0)" computerName="ICSWS068" duration="00:00:00.3457827" startTime="2016-08-04T08:07:56.9910000+02:00" endTime="2016-08-04T08:07:57.3364331+02:00" testType="13cdc9d9-ddb5-4fa4-a97d-d965ccfc6d4b" outcome="Passed" testListId="8c84fa94-04c1-424b-9868-57a2d4851a1d" relativeResultsDirectory="e2a0b51e-446e-4d03-98f8-7c80710214c8" />
    <UnitTestResult executionId="97f10c7d-d5bb-4d4e-9ded-779341eb4f99" testId="0de48a15-1bc5-4c86-babf-4463b37048ad" testName="TryGetByName_KnownApplicationPoolName_ReturnsEntityWithCorrectProperties (Data Row 1)" computerName="ICSWS068" duration="00:00:00.3716666" startTime="2016-08-04T08:07:57.3364331+02:00" endTime="2016-08-04T08:07:57.7083092+02:00" testType="13cdc9d9-ddb5-4fa4-a97d-d965ccfc6d4b" outcome="Passed" testListId="8c84fa94-04c1-424b-9868-57a2d4851a1d" relativeResultsDirectory="97f10c7d-d5bb-4d4e-9ded-779341eb4f99" />
    <UnitTestResult executionId="7c108ca4-c023-4fca-b458-aeacce7e8099" testId="69d1e89f-f23c-4175-8005-337c6c68efdb" testName="TryGetByName_KnownApplicationPoolName_ReturnsEntityWithCorrectProperties (Data Row 2)" computerName="ICSWS068" duration="00:00:00.3350229" startTime="2016-08-04T08:07:57.7083092+02:00" endTime="2016-08-04T08:07:58.0434756+02:00" testType="13cdc9d9-ddb5-4fa4-a97d-d965ccfc6d4b" outcome="Passed" testListId="8c84fa94-04c1-424b-9868-57a2d4851a1d" relativeResultsDirectory="7c108ca4-c023-4fca-b458-aeacce7e8099" />
    <UnitTestResult executionId="86cd0ada-dd0e-4dfe-8451-3c11a647c054" testId="6af884ed-0599-4a16-b9d0-db14079bd6fa" testName="TryGetByName_KnownApplicationPoolName_ReturnsEntityWithCorrectProperties (Data Row 3)" computerName="ICSWS068" duration="00:00:00.3500058" startTime="2016-08-04T08:07:58.0434756+02:00" endTime="2016-08-04T08:07:58.3927867+02:00" testType="13cdc9d9-ddb5-4fa4-a97d-d965ccfc6d4b" outcome="Passed" testListId="8c84fa94-04c1-424b-9868-57a2d4851a1d" relativeResultsDirectory="86cd0ada-dd0e-4dfe-8451-3c11a647c054" />
    <UnitTestResult executionId="b1dfd8ff-d5b2-47c6-baf8-3d66788f11c0" testId="c7279d69-5fe1-9a21-eb9d-c9b8b901ac4b" testName="TryGetById_NewGuid_ReturnsNull" computerName="ICSWS068" duration="00:00:00.3361542" startTime="2016-08-04T10:07:58.3967893+02:00" endTime="2016-08-04T10:07:58.7345698+02:00" testType="13cdc9d9-ddb5-4fa4-a97d-d965ccfc6d4b" outcome="Passed" testListId="8c84fa94-04c1-424b-9868-57a2d4851a1d" relativeResultsDirectory="b1dfd8ff-d5b2-47c6-baf8-3d66788f11c0" />
    <UnitTestResult executionId="b905a05a-c28c-44f7-bce7-f3411c6d1fd7" testId="109eaf9c-a87f-445e-a626-a01ddda78977" testName="TryGetById_KnownApplicationPoolId_ReturnsEntityWithCorrectProperties (Data Row 0)" computerName="ICSWS068" duration="00:00:00.3397412" startTime="2016-08-04T08:07:58.7405740+02:00" endTime="2016-08-04T08:07:59.0802982+02:00" testType="13cdc9d9-ddb5-4fa4-a97d-d965ccfc6d4b" outcome="Passed" testListId="8c84fa94-04c1-424b-9868-57a2d4851a1d" relativeResultsDirectory="b905a05a-c28c-44f7-bce7-f3411c6d1fd7" />
    <UnitTestResult executionId="2a849fc9-f14d-4ec8-b2b1-0ca4abd88bc8" testId="fc8a6c33-a205-41b5-a4b8-bb482dd4d949" testName="TryGetById_KnownApplicationPoolId_ReturnsEntityWithCorrectProperties (Data Row 1)" computerName="ICSWS068" duration="00:00:00.3480534" startTime="2016-08-04T08:07:59.0802982+02:00" endTime="2016-08-04T08:07:59.4276160+02:00" testType="13cdc9d9-ddb5-4fa4-a97d-d965ccfc6d4b" outcome="Passed" testListId="8c84fa94-04c1-424b-9868-57a2d4851a1d" relativeResultsDirectory="2a849fc9-f14d-4ec8-b2b1-0ca4abd88bc8" />
    <UnitTestResult executionId="5d51dfc9-6884-4c18-b3d4-bf18bed472c3" testId="4e71a9ed-0c92-457d-9cec-2933e137c1cb" testName="TryGetById_KnownApplicationPoolId_ReturnsEntityWithCorrectProperties (Data Row 2)" computerName="ICSWS068" duration="00:00:00.3495592" startTime="2016-08-04T08:07:59.4276160+02:00" endTime="2016-08-04T08:07:59.7781344+02:00" testType="13cdc9d9-ddb5-4fa4-a97d-d965ccfc6d4b" outcome="Passed" testListId="8c84fa94-04c1-424b-9868-57a2d4851a1d" relativeResultsDirectory="5d51dfc9-6884-4c18-b3d4-bf18bed472c3" />
    <UnitTestResult executionId="45c76e5b-2c0c-462f-bf08-b878f1d12f1e" testId="9da72dd5-47d0-472f-b613-89e295251f30" testName="TryGetById_KnownApplicationPoolId_ReturnsEntityWithCorrectProperties (Data Row 3)" computerName="ICSWS068" duration="00:00:00.3316426" startTime="2016-08-04T08:07:59.7781344+02:00" endTime="2016-08-04T08:08:00.1094109+02:00" testType="13cdc9d9-ddb5-4fa4-a97d-d965ccfc6d4b" outcome="Passed" testListId="8c84fa94-04c1-424b-9868-57a2d4851a1d" relativeResultsDirectory="45c76e5b-2c0c-462f-bf08-b878f1d12f1e" />
    <UnitTestResult executionId="7e247076-934f-4c88-8937-928bd6a5c0e4" testId="a597e55c-770c-01e7-7709-31ee67864b2c" testName="Delete_UnusedApplicationPool_SuccessfullyDeletesApplicationPool" computerName="ICSWS068" duration="00:00:00.3662617" startTime="2016-08-04T10:08:00.1133970+02:00" endTime="2016-08-04T10:08:00.4812647+02:00" testType="13cdc9d9-ddb5-4fa4-a97d-d965ccfc6d4b" outcome="Passed" testListId="8c84fa94-04c1-424b-9868-57a2d4851a1d" relativeResultsDirectory="7e247076-934f-4c88-8937-928bd6a5c0e4" />
    <UnitTestResult executionId="2d7b60c8-a451-4302-9af1-a5616f493300" testId="10f81089-5af2-5e4f-ee3d-e5a19cb6caee" testName="Delete_NonDeletableApplicationPool_ThrowsEntityDependencyException" computerName="ICSWS068" duration="00:00:00.3276931" startTime="2016-08-04T10:08:00.4842649+02:00" endTime="2016-08-04T10:08:00.8135150+02:00" testType="13cdc9d9-ddb5-4fa4-a97d-d965ccfc6d4b" outcome="Passed" testListId="8c84fa94-04c1-424b-9868-57a2d4851a1d" relativeResultsDirectory="2d7b60c8-a451-4302-9af1-a5616f493300" />
    <UnitTestResult executionId="5a93051e-dd4f-454d-af0d-3c3490f6aace" testId="bb1e1f1c-1c87-5bba-9213-891236db85d7" testName="Delete_SystemInternalApplicationPools_ThrowsUnauthorizedAccessException" computerName="ICSWS068" duration="00:00:00.3404292" startTime="2016-08-04T10:08:00.8160329+02:00" endTime="2016-08-04T10:08:01.1574807+02:00" testType="13cdc9d9-ddb5-4fa4-a97d-d965ccfc6d4b" outcome="Passed" testListId="8c84fa94-04c1-424b-9868-57a2d4851a1d" relativeResultsDirectory="5a93051e-dd4f-454d-af0d-3c3490f6aace" />
    <UnitTestResult executionId="ea0701e2-5c43-48a7-803e-38fec250d29d" testId="246a4680-bfa4-6e3c-2254-b77f78605c88" testName="Add_NullName_ThrowsConditionalErrorException" computerName="ICSWS068" duration="00:00:00.3540242" startTime="2016-08-04T10:08:01.1604983+02:00" endTime="2016-08-04T10:08:01.5164421+02:00" testType="13cdc9d9-ddb5-4fa4-a97d-d965ccfc6d4b" outcome="Passed" testListId="8c84fa94-04c1-424b-9868-57a2d4851a1d" relativeResultsDirectory="ea0701e2-5c43-48a7-803e-38fec250d29d" />
    <UnitTestResult executionId="92b54a7e-b834-4f69-b552-2b5db375ae50" testId="db26d1bc-b44c-d302-c575-5fa061371194" testName="Add_EmptyName_ThrowsStringLengthErrorException" computerName="ICSWS068" duration="00:00:00.3808972" startTime="2016-08-04T10:08:01.5184426+02:00" endTime="2016-08-04T10:08:01.9007320+02:00" testType="13cdc9d9-ddb5-4fa4-a97d-d965ccfc6d4b" outcome="Passed" testListId="8c84fa94-04c1-424b-9868-57a2d4851a1d" relativeResultsDirectory="92b54a7e-b834-4f69-b552-2b5db375ae50" />
    <UnitTestResult executionId="907e279a-8a02-4900-9ce7-a4f4285063e4" testId="07a1e3db-fbc9-6319-8107-57920cbc60d8" testName="Add_WhiteSpaceOnlyName_ThrowsStringLengthErrorException" computerName="ICSWS068" duration="00:00:00.3833476" startTime="2016-08-04T10:08:01.9047369+02:00" endTime="2016-08-04T10:08:02.2890260+02:00" testType="13cdc9d9-ddb5-4fa4-a97d-d965ccfc6d4b" outcome="Passed" testListId="8c84fa94-04c1-424b-9868-57a2d4851a1d" relativeResultsDirectory="907e279a-8a02-4900-9ce7-a4f4285063e4" />
    <UnitTestResult executionId="4d97aa1f-0a10-40e3-b2e6-808590c0a833" testId="ca69bccd-5afb-cef4-9511-c6e654d2f2e1" testName="Add_TooLongName_ThrowsStringLengthErrorException" computerName="ICSWS068" duration="00:00:00.3633427" startTime="2016-08-04T10:08:02.2920283+02:00" endTime="2016-08-04T10:08:02.6576388+02:00" testType="13cdc9d9-ddb5-4fa4-a97d-d965ccfc6d4b" outcome="Passed" testListId="8c84fa94-04c1-424b-9868-57a2d4851a1d" relativeResultsDirectory="4d97aa1f-0a10-40e3-b2e6-808590c0a833" />
    <UnitTestResult executionId="3c887755-5a34-4b14-bc9f-7e89dee6dccf" testId="0b91caef-8e30-dbbe-904d-c957f1829d60" testName="Add_LongDescription_Succeeds" computerName="ICSWS068" duration="00:00:00.3383762" startTime="2016-08-04T10:08:02.6606420+02:00" endTime="2016-08-04T10:08:03.0003957+02:00" testType="13cdc9d9-ddb5-4fa4-a97d-d965ccfc6d4b" outcome="Passed" testListId="8c84fa94-04c1-424b-9868-57a2d4851a1d" relativeResultsDirectory="3c887755-5a34-4b14-bc9f-7e89dee6dccf" />
    <UnitTestResult executionId="ccffe7da-4077-45cc-a188-20acee57b357" testId="06fd705f-180f-fdd0-e440-4671972c6259" testName="Add_ValidProperties_IdAndTimesAreUpdatedCorrectly" computerName="ICSWS068" duration="00:00:00.3727501" startTime="2016-08-04T10:08:03.0033963+02:00" endTime="2016-08-04T10:08:03.3776641+02:00" testType="13cdc9d9-ddb5-4fa4-a97d-d965ccfc6d4b" outcome="Passed" testListId="8c84fa94-04c1-424b-9868-57a2d4851a1d" relativeResultsDirectory="ccffe7da-4077-45cc-a188-20acee57b357" />
    <UnitTestResult executionId="f5f7a9fd-90f2-4580-b802-43e73b6c4fc4" testId="4224a10c-9b93-3f6b-3c4c-1fd239f04269" testName="Add_ComplexProperties_ArePersistedCorrectly" computerName="ICSWS068" duration="00:00:00.3504281" startTime="2016-08-04T10:08:03.3796655+02:00" endTime="2016-08-04T10:08:03.7314812+02:00" testType="13cdc9d9-ddb5-4fa4-a97d-d965ccfc6d4b" outcome="Passed" testListId="8c84fa94-04c1-424b-9868-57a2d4851a1d" relativeResultsDirectory="f5f7a9fd-90f2-4580-b802-43e73b6c4fc4" />
    <UnitTestResult executionId="71927aac-5cf6-4e45-8f96-5bce64bb3714" testId="afcefa5b-7616-e34b-a3a8-afea74219598" testName="Add_DuplicateName_ThrowsUniqueValueAddConflictException" computerName="ICSWS068" duration="00:00:00.3284744" startTime="2016-08-04T10:08:03.7354835+02:00" endTime="2016-08-04T10:08:04.0652720+02:00" testType="13cdc9d9-ddb5-4fa4-a97d-d965ccfc6d4b" outcome="Passed" testListId="8c84fa94-04c1-424b-9868-57a2d4851a1d" relativeResultsDirectory="71927aac-5cf6-4e45-8f96-5bce64bb3714" />
    <UnitTestResult executionId="36d2954e-4d02-4c11-b6fa-2901da7702ba" testId="313bbcd2-905e-f072-5751-4a56c4b755e8" testName="Update_NullName_ThrowsConditionalErrorException" computerName="ICSWS068" duration="00:00:00.3390225" startTime="2016-08-04T10:08:04.0682732+02:00" endTime="2016-08-04T10:08:04.4089803+02:00" testType="13cdc9d9-ddb5-4fa4-a97d-d965ccfc6d4b" outcome="Passed" testListId="8c84fa94-04c1-424b-9868-57a2d4851a1d" relativeResultsDirectory="36d2954e-4d02-4c11-b6fa-2901da7702ba" />
    <UnitTestResult executionId="62885cc4-c4ca-4dfa-8392-344257a31ae1" testId="06e95395-34f0-f03d-1042-e56900c3ed66" testName="Update_EmtpyName_ThrowsStringLengthErrorException" computerName="ICSWS068" duration="00:00:00.3176778" startTime="2016-08-04T10:08:04.4119661+02:00" endTime="2016-08-04T10:08:04.7306431+02:00" testType="13cdc9d9-ddb5-4fa4-a97d-d965ccfc6d4b" outcome="Passed" testListId="8c84fa94-04c1-424b-9868-57a2d4851a1d" relativeResultsDirectory="62885cc4-c4ca-4dfa-8392-344257a31ae1" />
    <UnitTestResult executionId="2e6b4df4-e935-4a8f-9407-9d57bbf423b9" testId="d7a6bb91-b893-278c-4926-ad7b466e6036" testName="Update_WhitespaceOnlyName_ThrowsStringLengthErrorException" computerName="ICSWS068" duration="00:00:00.3622003" startTime="2016-08-04T10:08:04.7336451+02:00" endTime="2016-08-04T10:08:05.0974202+02:00" testType="13cdc9d9-ddb5-4fa4-a97d-d965ccfc6d4b" outcome="Passed" testListId="8c84fa94-04c1-424b-9868-57a2d4851a1d" relativeResultsDirectory="2e6b4df4-e935-4a8f-9407-9d57bbf423b9" />
    <UnitTestResult executionId="0ae1c3ac-45a5-4e9c-a60c-073a27324853" testId="fd9a1ce5-c0a4-e359-2fa1-9a50bdcc04a0" testName="Update_TooLongName_ThrowsStringLengthErrorException" computerName="ICSWS068" duration="00:00:00.4301673" startTime="2016-08-04T10:08:05.1014222+02:00" endTime="2016-08-04T10:08:05.5327579+02:00" testType="13cdc9d9-ddb5-4fa4-a97d-d965ccfc6d4b" outcome="Passed" testListId="8c84fa94-04c1-424b-9868-57a2d4851a1d" relativeResultsDirectory="0ae1c3ac-45a5-4e9c-a60c-073a27324853" />
    <UnitTestResult executionId="c022ec9b-d3d1-4fbe-8dd9-879d599568bc" testId="b0d79832-93d9-a4a9-d606-71975019dfa2" testName="Update_LongDescription_Succeeds" computerName="ICSWS068" duration="00:00:00.3744522" startTime="2016-08-04T10:08:05.5357599+02:00" endTime="2016-08-04T10:08:05.9120453+02:00" testType="13cdc9d9-ddb5-4fa4-a97d-d965ccfc6d4b" outcome="Passed" testListId="8c84fa94-04c1-424b-9868-57a2d4851a1d" relativeResultsDirectory="c022ec9b-d3d1-4fbe-8dd9-879d599568bc" />
    <UnitTestResult executionId="05341273-0938-4fba-88dd-1e9d58f9b828" testId="e463c885-e8a2-4703-0fab-94074ad676b8" testName="Update_DuplicateName_ThrowsUniqueValueAddConflictException" computerName="ICSWS068" duration="00:00:00.4466332" startTime="2016-08-04T10:08:05.9145465+02:00" endTime="2016-08-04T10:08:06.3623878+02:00" testType="13cdc9d9-ddb5-4fa4-a97d-d965ccfc6d4b" outcome="Passed" testListId="8c84fa94-04c1-424b-9868-57a2d4851a1d" relativeResultsDirectory="05341273-0938-4fba-88dd-1e9d58f9b828" />
    <UnitTestResult executionId="e2490d0d-fa60-4351-a50a-702266e32191" testId="4c232a92-6434-47aa-ab37-6f6903bea41b" testName="Update_ComplexProperties_ArePersistedCorrectly" computerName="ICSWS068" duration="00:00:00.3854217" startTime="2016-08-04T10:08:06.3673915+02:00" endTime="2016-08-04T10:08:06.7546855+02:00" testType="13cdc9d9-ddb5-4fa4-a97d-d965ccfc6d4b" outcome="Passed" testListId="8c84fa94-04c1-424b-9868-57a2d4851a1d" relativeResultsDirectory="e2490d0d-fa60-4351-a50a-702266e32191" />
    <UnitTestResult executionId="6a50ee25-8679-4aca-a76e-20c065339f0b" testId="5e958a91-c238-f466-bd1b-f219a5d422e6" testName="Update_UnchangedName_Succeeds" computerName="ICSWS068" duration="00:00:00.3323740" startTime="2016-08-04T10:08:06.7576875+02:00" endTime="2016-08-04T10:08:07.0924364+02:00" testType="13cdc9d9-ddb5-4fa4-a97d-d965ccfc6d4b" outcome="Passed" testListId="8c84fa94-04c1-424b-9868-57a2d4851a1d" relativeResultsDirectory="6a50ee25-8679-4aca-a76e-20c065339f0b" />
    <UnitTestResult executionId="31fe654c-7309-4c5b-a1c7-8b71263df235" testId="31d78bbd-2f41-c3ca-e909-05b9886f84a0" testName="ApplicationPool_ExportImportTest" computerName="ICSWS068" duration="00:00:02.8557242" startTime="2016-08-04T10:08:07.0944381+02:00" endTime="2016-08-04T10:08:09.9517499+02:00" testType="13cdc9d9-ddb5-4fa4-a97d-d965ccfc6d4b" outcome="Passed" testListId="8c84fa94-04c1-424b-9868-57a2d4851a1d" relativeResultsDirectory="31fe654c-7309-4c5b-a1c7-8b71263df235">
      <Output>
        <StdOut>Debug Trace:

Validating Application pool 1d1e2532-0a86-4de5-bc88-6257029d4633
Validating Application pool 1d1e2532-0a86-4de5-bc88-6257029d4633
Importing Application pool 1d1e2532-0a86-4de5-bc88-6257029d4633
Importing Application pool 1d1e2532-0a86-4de5-bc88-6257029d4633
1 entities and 0 references successfully imported, 0 items skipped.</StdOut>
      </Output>
    </UnitTestResult>
    <UnitTestResult executionId="2956c07b-20a7-4e57-a374-34dda9d70308" testId="3da7cd12-41f4-1498-9a27-670992b31fd1" testName="RepositoryEntityTypeId_ReturnsAssembly" computerName="ICSWS068" duration="00:00:00.3682321" startTime="2016-08-04T10:08:09.9557481+02:00" endTime="2016-08-04T10:08:10.3255298+02:00" testType="13cdc9d9-ddb5-4fa4-a97d-d965ccfc6d4b" outcome="Passed" testListId="8c84fa94-04c1-424b-9868-57a2d4851a1d" relativeResultsDirectory="2956c07b-20a7-4e57-a374-34dda9d70308" />
    <UnitTestResult executionId="2e3ec8b8-e9ca-4f2f-8e64-baeb40b42719" testId="762d5233-e039-83db-47c4-3b1118d8f2a9" testName="RepositoryEntityType_ReturnsIAssembly" computerName="ICSWS068" duration="00:00:00.6651841" startTime="2016-08-04T10:08:10.3285473+02:00" endTime="2016-08-04T10:08:10.9960395+02:00" testType="13cdc9d9-ddb5-4fa4-a97d-d965ccfc6d4b" outcome="Passed" testListId="8c84fa94-04c1-424b-9868-57a2d4851a1d" relativeResultsDirectory="2e3ec8b8-e9ca-4f2f-8e64-baeb40b42719" />
    <UnitTestResult executionId="2dd927e3-e3f8-4577-b3e6-4b4214b8ed1e" testId="04cdf2a1-7867-13bf-b8e8-b387fa3c92e3" testName="RepositorySystemContext_MatchesActualSystemContext" computerName="ICSWS068" duration="00:00:00.3850106" startTime="2016-08-04T10:08:11.0015435+02:00" endTime="2016-08-04T10:08:11.3878287+02:00" testType="13cdc9d9-ddb5-4fa4-a97d-d965ccfc6d4b" outcome="Passed" testListId="8c84fa94-04c1-424b-9868-57a2d4851a1d" relativeResultsDirectory="2dd927e3-e3f8-4577-b3e6-4b4214b8ed1e" />
    <UnitTestResult executionId="392865b7-8711-44d7-9653-a9f423f3bd8f" testId="6a491dd0-f958-1f40-c0bb-686b88884c2f" testName="Exists_NonExistingAssemblyId_ReturnsFalse" computerName="ICSWS068" duration="00:00:00.3595634" startTime="2016-08-04T10:08:11.3908310+02:00" endTime="2016-08-04T10:08:11.7519149+02:00" testType="13cdc9d9-ddb5-4fa4-a97d-d965ccfc6d4b" outcome="Passed" testListId="8c84fa94-04c1-424b-9868-57a2d4851a1d" relativeResultsDirectory="392865b7-8711-44d7-9653-a9f423f3bd8f" />
    <UnitTestResult executionId="ce143e94-7d3e-4995-8192-3b64e5043aaa" testId="32489d68-03fe-90b4-a594-c5de6d411c62" testName="Exists_UnsupportedKey_ThrowsArgumentException" computerName="ICSWS068" duration="00:00:00.3362812" startTime="2016-08-04T10:08:11.7539322+02:00" endTime="2016-08-04T10:08:12.0923408+02:00" testType="13cdc9d9-ddb5-4fa4-a97d-d965ccfc6d4b" outcome="Passed" testListId="8c84fa94-04c1-424b-9868-57a2d4851a1d" relativeResultsDirectory="ce143e94-7d3e-4995-8192-3b64e5043aaa" />
    <UnitTestResult executionId="de27da36-2db4-4047-a85c-9f9e9a97b408" testId="af671c88-14b3-a091-447d-6059ef025e66" testName="Exists_NonExistingAssemblyKey_ReturnsFalse" computerName="ICSWS068" duration="00:00:00.3228018" startTime="2016-08-04T10:08:12.0953440+02:00" endTime="2016-08-04T10:08:12.4191179+02:00" testType="13cdc9d9-ddb5-4fa4-a97d-d965ccfc6d4b" outcome="Passed" testListId="8c84fa94-04c1-424b-9868-57a2d4851a1d" relativeResultsDirectory="de27da36-2db4-4047-a85c-9f9e9a97b408" />
    <UnitTestResult executionId="4c046ad1-de41-4722-94c8-fdd46e2f18e0" testId="7fc5ebc2-b3e3-eb18-cfdc-5b0dc8768a7f" testName="RepositoryEntityTypeId_ReturnsLogEntry" computerName="ICSWS068" duration="00:00:00.3456030" startTime="2016-08-04T10:08:12.4231208+02:00" endTime="2016-08-04T10:08:12.7704008+02:00" testType="13cdc9d9-ddb5-4fa4-a97d-d965ccfc6d4b" outcome="Passed" testListId="8c84fa94-04c1-424b-9868-57a2d4851a1d" relativeResultsDirectory="4c046ad1-de41-4722-94c8-fdd46e2f18e0" />
    <UnitTestResult executionId="3f5295cb-eddb-4a6b-93e7-d93dd86a977c" testId="e06be915-51e0-ce05-025f-a2cd49cf7ed0" testName="RepositoryEntityType_ReturnsILogEntry" computerName="ICSWS068" duration="00:00:00.3255730" startTime="2016-08-04T10:08:12.7739066+02:00" endTime="2016-08-04T10:08:13.1004154+02:00" testType="13cdc9d9-ddb5-4fa4-a97d-d965ccfc6d4b" outcome="Passed" testListId="8c84fa94-04c1-424b-9868-57a2d4851a1d" relativeResultsDirectory="3f5295cb-eddb-4a6b-93e7-d93dd86a977c" />
    <UnitTestResult executionId="c7780f01-ee89-4854-bf28-6dd438f8c755" testId="e90d105a-804f-67a0-3653-08545426450a" testName="RepositorySystemContext_MatchesActualSystemContext" computerName="ICSWS068" duration="00:00:00.3260196" startTime="2016-08-04T10:08:13.1034339+02:00" endTime="2016-08-04T10:08:13.4312210+02:00" testType="13cdc9d9-ddb5-4fa4-a97d-d965ccfc6d4b" outcome="Passed" testListId="8c84fa94-04c1-424b-9868-57a2d4851a1d" relativeResultsDirectory="c7780f01-ee89-4854-bf28-6dd438f8c755" />
    <UnitTestResult executionId="5d3fa054-1f86-466d-9949-3a6d9a67728b" testId="203a0b56-8aef-a6f8-6246-019d8e2b7ec0" testName="RepositoryEntityTypeId_ReturnsLogEntry" computerName="ICSWS068" duration="00:00:00.3318942" startTime="2016-08-04T10:08:13.4352238+02:00" endTime="2016-08-04T10:08:13.7685489+02:00" testType="13cdc9d9-ddb5-4fa4-a97d-d965ccfc6d4b" outcome="Passed" testListId="8c84fa94-04c1-424b-9868-57a2d4851a1d" relativeResultsDirectory="5d3fa054-1f86-466d-9949-3a6d9a67728b" />
    <UnitTestResult executionId="0b9e0298-17c4-4bb5-8763-c8fe3da2aa22" testId="e9f3553b-d45f-526b-7c91-e571523a346e" testName="RepositoryEntityType_ReturnsILogEntry" computerName="ICSWS068" duration="00:00:00.3311640" startTime="2016-08-04T10:08:13.7715506+02:00" endTime="2016-08-04T10:08:14.1038195+02:00" testType="13cdc9d9-ddb5-4fa4-a97d-d965ccfc6d4b" outcome="Passed" testListId="8c84fa94-04c1-424b-9868-57a2d4851a1d" relativeResultsDirectory="0b9e0298-17c4-4bb5-8763-c8fe3da2aa22" />
    <UnitTestResult executionId="3a243f3e-bf3d-4b95-af16-b9e59cf6d9c3" testId="7d0ae66b-0e85-23c1-7be6-ab8f08a935a0" testName="RepositorySystemContext_MatchesActualSystemContext" computerName="ICSWS068" duration="00:00:00.3275744" startTime="2016-08-04T10:08:14.1068209+02:00" endTime="2016-08-04T10:08:14.4363936+02:00" testType="13cdc9d9-ddb5-4fa4-a97d-d965ccfc6d4b" outcome="Passed" testListId="8c84fa94-04c1-424b-9868-57a2d4851a1d" relativeResultsDirectory="3a243f3e-bf3d-4b95-af16-b9e59cf6d9c3" />
    <UnitTestResult executionId="40ec7b20-6d7c-4e73-bbef-b688dc8f37ff" testId="92508e64-22e5-8027-cfd9-864539b35b44" testName="GetByNode_ProvidingValidNode_RelatedNodeLogEntriesReturned" computerName="ICSWS068" duration="00:00:00.3418526" startTime="2016-08-04T10:08:14.4403956+02:00" endTime="2016-08-04T10:08:14.7836968+02:00" testType="13cdc9d9-ddb5-4fa4-a97d-d965ccfc6d4b" outcome="Passed" testListId="8c84fa94-04c1-424b-9868-57a2d4851a1d" relativeResultsDirectory="40ec7b20-6d7c-4e73-bbef-b688dc8f37ff" />
    <UnitTestResult executionId="485f0cd5-e5f4-41cf-9893-87d93b09227d" testId="f5c312df-24ce-6637-6419-464ee3abf34b" testName="GetByNode_ProvidingNonExstingNode_NonNodeAssociatedLogEntriesReturned" computerName="ICSWS068" duration="00:00:00.5611498" startTime="2016-08-04T10:08:14.7866991+02:00" endTime="2016-08-04T10:08:15.3487256+02:00" testType="13cdc9d9-ddb5-4fa4-a97d-d965ccfc6d4b" outcome="Passed" testListId="8c84fa94-04c1-424b-9868-57a2d4851a1d" relativeResultsDirectory="485f0cd5-e5f4-41cf-9893-87d93b09227d" />
    <UnitTestResult executionId="8e24d7e1-d5bd-40da-9b4d-f859fdc58c47" testId="f5ac0ed6-6169-077c-4f37-8312d508a031" testName="GetByJob_ProvidingValidJob_JobLogEntriesExcludingRelatedJobReturned" computerName="ICSWS068" duration="00:00:00.3337959" startTime="2016-08-04T10:08:15.3517273+02:00" endTime="2016-08-04T10:08:15.6870926+02:00" testType="13cdc9d9-ddb5-4fa4-a97d-d965ccfc6d4b" outcome="Passed" testListId="8c84fa94-04c1-424b-9868-57a2d4851a1d" relativeResultsDirectory="8e24d7e1-d5bd-40da-9b4d-f859fdc58c47" />
    <UnitTestResult executionId="cf0b9bed-0fb2-42ca-844e-988e400cbf63" testId="fd501e6f-28a0-e2d2-2d99-506c16917e06" testName="GetByJob_ProvidingValidJob_JobLogEntriesIncludingRelatedJobReturned" computerName="ICSWS068" duration="00:00:00.3506873" startTime="2016-08-04T10:08:15.6896095+02:00" endTime="2016-08-04T10:08:16.0419554+02:00" testType="13cdc9d9-ddb5-4fa4-a97d-d965ccfc6d4b" outcome="Passed" testListId="8c84fa94-04c1-424b-9868-57a2d4851a1d" relativeResultsDirectory="cf0b9bed-0fb2-42ca-844e-988e400cbf63" />
    <UnitTestResult executionId="801ef83e-03d4-4969-b581-01a4e3fd41dc" testId="4de85e1f-b174-a093-9fab-4e7612988c3c" testName="GetByJob_RecurseWithoutRelated_CorrectLogEntriesReturned" computerName="ICSWS068" duration="00:00:00.3256897" startTime="2016-08-04T10:08:16.0439569+02:00" endTime="2016-08-04T10:08:16.3716352+02:00" testType="13cdc9d9-ddb5-4fa4-a97d-d965ccfc6d4b" outcome="Passed" testListId="8c84fa94-04c1-424b-9868-57a2d4851a1d" relativeResultsDirectory="801ef83e-03d4-4969-b581-01a4e3fd41dc" />
    <UnitTestResult executionId="ae27c1e8-67ed-4087-b102-01f5c11a137e" testId="60e9a4bb-1398-3e10-60ed-04feb6fed87c" testName="GetByJob_RecurseWithRelated_CorrectLogEntriesReturned" computerName="ICSWS068" duration="00:00:00.3296978" startTime="2016-08-04T10:08:16.3746196+02:00" endTime="2016-08-04T10:08:16.7055480+02:00" testType="13cdc9d9-ddb5-4fa4-a97d-d965ccfc6d4b" outcome="Passed" testListId="8c84fa94-04c1-424b-9868-57a2d4851a1d" relativeResultsDirectory="ae27c1e8-67ed-4087-b102-01f5c11a137e" />
    <UnitTestResult executionId="57242ebe-81bb-49f1-9c37-7a2443333822" testId="c0617d97-2d38-3f89-8566-f94f93a7e003" testName="GetByEvent_ProvidingValidEvent_EventsLogEntriesReturned" computerName="ICSWS068" duration="00:00:00.3471478" startTime="2016-08-04T10:08:16.7075658+02:00" endTime="2016-08-04T10:08:17.0560455+02:00" testType="13cdc9d9-ddb5-4fa4-a97d-d965ccfc6d4b" outcome="Passed" testListId="8c84fa94-04c1-424b-9868-57a2d4851a1d" relativeResultsDirectory="57242ebe-81bb-49f1-9c37-7a2443333822" />
    <UnitTestResult executionId="da44880a-b098-4a37-a2e8-037aea986695" testId="492461c8-46f6-36e4-d546-ef2e5648a6f3" testName="AddEntry_RelatedTrackingEntitiesSpecified_CorrectlyPersistsLogEntry" computerName="ICSWS068" duration="00:00:00.3810189" startTime="2016-08-04T10:08:17.0590475+02:00" endTime="2016-08-04T10:08:17.4414255+02:00" testType="13cdc9d9-ddb5-4fa4-a97d-d965ccfc6d4b" outcome="Passed" testListId="8c84fa94-04c1-424b-9868-57a2d4851a1d" relativeResultsDirectory="da44880a-b098-4a37-a2e8-037aea986695" />
    <UnitTestResult executionId="4e07be87-a6dd-42e1-a3a5-979dd9303fdf" testId="7e91bbbf-722a-0856-c25b-8610eb0188db" testName="AddEntry_ProvidingNodeId_PersistsNodeIdToLogTable" computerName="ICSWS068" duration="00:00:00.3473939" startTime="2016-08-04T10:08:17.4444108+02:00" endTime="2016-08-04T10:08:17.7937512+02:00" testType="13cdc9d9-ddb5-4fa4-a97d-d965ccfc6d4b" outcome="Passed" testListId="8c84fa94-04c1-424b-9868-57a2d4851a1d" relativeResultsDirectory="4e07be87-a6dd-42e1-a3a5-979dd9303fdf" />
    <UnitTestResult executionId="d2e353b8-464c-4d16-b918-525424f2616d" testId="85a10193-78c8-025f-3aab-6b481e304b0f" testName="AddEntry_ProvidesSource_PersistsReferencesCorrectly" computerName="ICSWS068" duration="00:00:00.3957162" startTime="2016-08-04T10:08:17.7967534+02:00" endTime="2016-08-04T10:08:18.1935523+02:00" testType="13cdc9d9-ddb5-4fa4-a97d-d965ccfc6d4b" outcome="Passed" testListId="8c84fa94-04c1-424b-9868-57a2d4851a1d" relativeResultsDirectory="d2e353b8-464c-4d16-b918-525424f2616d" />
    <UnitTestResult executionId="0b98e2df-5cf1-432a-b486-6d55619fa473" testId="0deef349-0f41-c3aa-a997-60ffdb793781" testName="Protection_TestDefault_Disabled" computerName="ICSWS068" duration="00:00:00.3292380" startTime="2016-08-04T10:08:18.1965727+02:00" endTime="2016-08-04T10:08:18.5280064+02:00" testType="13cdc9d9-ddb5-4fa4-a97d-d965ccfc6d4b" outcome="Passed" testListId="8c84fa94-04c1-424b-9868-57a2d4851a1d" relativeResultsDirectory="0b98e2df-5cf1-432a-b486-6d55619fa473" />
    <UnitTestResult executionId="9d405bf9-044f-455d-9eab-b98764334a9b" testId="aca0a2ae-a0f3-d76c-7017-155dc1bb3bd6" testName="Update_NonNullValues_ValuesArePersistedCorrectly" computerName="ICSWS068" duration="00:00:00.6786512" startTime="2016-08-04T10:08:18.5310078+02:00" endTime="2016-08-04T10:08:19.2108197+02:00" testType="13cdc9d9-ddb5-4fa4-a97d-d965ccfc6d4b" outcome="Passed" testListId="8c84fa94-04c1-424b-9868-57a2d4851a1d" relativeResultsDirectory="9d405bf9-044f-455d-9eab-b98764334a9b" />
    <UnitTestResult executionId="73e8bc5c-25c7-46bb-9653-4f522f844684" testId="fe1c2e27-f7e4-e3f8-a0d3-2eb1a28867ba" testName="Update_WithNullValuesWhereAllowed_ValuesArePersistedCorrectly" computerName="ICSWS068" duration="00:00:00.6549245" startTime="2016-08-04T10:08:19.2133229+02:00" endTime="2016-08-04T10:08:19.8694601+02:00" testType="13cdc9d9-ddb5-4fa4-a97d-d965ccfc6d4b" outcome="Passed" testListId="8c84fa94-04c1-424b-9868-57a2d4851a1d" relativeResultsDirectory="73e8bc5c-25c7-46bb-9653-4f522f844684" />
    <UnitTestResult executionId="65d40b40-0dd1-45df-81fe-16134809239c" testId="3ff8e75f-9068-1197-65f2-ab1dd11252d0" testName="Reload_Default_Success" computerName="ICSWS068" duration="00:00:00.3181071" startTime="2016-08-04T10:08:19.8724615+02:00" endTime="2016-08-04T10:08:20.1917479+02:00" testType="13cdc9d9-ddb5-4fa4-a97d-d965ccfc6d4b" outcome="Passed" testListId="8c84fa94-04c1-424b-9868-57a2d4851a1d" relativeResultsDirectory="65d40b40-0dd1-45df-81fe-16134809239c" />
    <UnitTestResult executionId="99949535-13a6-480d-aa1d-b2c7d89d00b0" testId="5c82d581-da62-5ba8-f9a3-6060bcd606e4" testName="Reload_SomeValueAreChanged_PreviousValueRestored" computerName="ICSWS068" duration="00:00:00.3307734" startTime="2016-08-04T10:08:20.1947666+02:00" endTime="2016-08-04T10:08:20.5270806+02:00" testType="13cdc9d9-ddb5-4fa4-a97d-d965ccfc6d4b" outcome="Failed" testListId="8c84fa94-04c1-424b-9868-57a2d4851a1d" relativeResultsDirectory="99949535-13a6-480d-aa1d-b2c7d89d00b0">
      <Output>
        <ErrorInfo>
          <Message>Assert.AreEqual failed. Expected:&lt;330501&gt;. Actual:&lt;(null)&gt;. </Message>
          <StackTrace>   at SysIntgTests.iCore.Common.Entities.SystemConfigurationTests.Reload_SomeValueAreChanged_PreviousValueRestored() in F:\ETWork\Main\Common\Assemblies\SysIntgTests.iCore.Common.Entities\EntityTests\SystemConfigurationTests.cs:line 669
</StackTrace>
        </ErrorInfo>
      </Output>
    </UnitTestResult>
    <UnitTestResult executionId="240bff5d-234d-4986-93c7-a10fe284abcd" testId="e0c8e0f5-d102-c0f1-099c-1952b3b28799" testName="RepositoryEntityTypeId_ReturnsEntityImage" computerName="ICSWS068" duration="00:00:00.3225859" startTime="2016-08-04T10:08:20.5300817+02:00" endTime="2016-08-04T10:08:20.8536754+02:00" testType="13cdc9d9-ddb5-4fa4-a97d-d965ccfc6d4b" outcome="Passed" testListId="8c84fa94-04c1-424b-9868-57a2d4851a1d" relativeResultsDirectory="240bff5d-234d-4986-93c7-a10fe284abcd" />
    <UnitTestResult executionId="31e20cdb-7e5d-457e-8278-745513e4bdc7" testId="1c5d25a5-f225-3160-187c-da3c762dd5b2" testName="RepositoryEntityType_ReturnsIEntityImage" computerName="ICSWS068" duration="00:00:00.3232522" startTime="2016-08-04T10:08:20.8566926+02:00" endTime="2016-08-04T10:08:21.1810865+02:00" testType="13cdc9d9-ddb5-4fa4-a97d-d965ccfc6d4b" outcome="Passed" testListId="8c84fa94-04c1-424b-9868-57a2d4851a1d" relativeResultsDirectory="31e20cdb-7e5d-457e-8278-745513e4bdc7" />
    <UnitTestResult executionId="b1acd52c-1494-496f-9e70-ed27b1dee850" testId="633f1ddb-1fd5-fd37-0c62-0896640de247" testName="RepositorySystemContext_MatchesActualSystemContext" computerName="ICSWS068" duration="00:00:00.3822473" startTime="2016-08-04T10:08:21.1841046+02:00" endTime="2016-08-04T10:08:21.5679764+02:00" testType="13cdc9d9-ddb5-4fa4-a97d-d965ccfc6d4b" outcome="Passed" testListId="8c84fa94-04c1-424b-9868-57a2d4851a1d" relativeResultsDirectory="b1acd52c-1494-496f-9e70-ed27b1dee850" />
    <UnitTestResult executionId="4a065e0c-1a6e-44d6-bada-ce9400dca17d" testId="cf47aa53-37cb-f405-415f-5e3a0fcc6f92" testName="CreateInstance_CreatesNewEntityImage" computerName="ICSWS068" duration="00:00:00.3231739" startTime="2016-08-04T10:08:21.5709790+02:00" endTime="2016-08-04T10:08:21.8952239+02:00" testType="13cdc9d9-ddb5-4fa4-a97d-d965ccfc6d4b" outcome="Passed" testListId="8c84fa94-04c1-424b-9868-57a2d4851a1d" relativeResultsDirectory="4a065e0c-1a6e-44d6-bada-ce9400dca17d" />
    <UnitTestResult executionId="720abe4a-2826-408d-8db6-e82a83250dfc" testId="a4307ccb-a269-a9e8-f3c0-9ac5c8caa5a2" testName="GetIdsOfQueuedJobsByWhmJobId_ExistingWhmId_ReturnsCorrectJobs" computerName="ICSWS068" duration="00:00:00.4148594" startTime="2016-08-04T10:08:21.8982259+02:00" endTime="2016-08-04T10:08:22.3141728+02:00" testType="13cdc9d9-ddb5-4fa4-a97d-d965ccfc6d4b" outcome="Passed" testListId="8c84fa94-04c1-424b-9868-57a2d4851a1d" relativeResultsDirectory="720abe4a-2826-408d-8db6-e82a83250dfc" />
    <UnitTestResult executionId="03ec85fb-4546-4e79-8c4a-099155cae004" testId="aa991c73-e667-bba7-10d6-9cf606195bc8" testName="GetWhmJobIdToWhichJobWasLastDispatched_MultipleScenarios_CorrectValuesAreReturned" computerName="ICSWS068" duration="00:00:00.4026653" startTime="2016-08-04T10:08:22.3171742+02:00" endTime="2016-08-04T10:08:22.7209709+02:00" testType="13cdc9d9-ddb5-4fa4-a97d-d965ccfc6d4b" outcome="Passed" testListId="8c84fa94-04c1-424b-9868-57a2d4851a1d" relativeResultsDirectory="03ec85fb-4546-4e79-8c4a-099155cae004" />
    <UnitTestResult executionId="2216d92c-60e8-45f6-902b-5c0f4acd595b" testId="a4d365e4-f5bb-3b55-9fc4-f412d3807bcd" testName="GetWhmJobIdToWhichJobWasLastDispatched_MultipleScenariosRegardingInstanceCancellation_CorrectValuesAreReturned" computerName="ICSWS068" duration="00:00:00.4064482" startTime="2016-08-04T10:08:22.7239570+02:00" endTime="2016-08-04T10:08:23.1320648+02:00" testType="13cdc9d9-ddb5-4fa4-a97d-d965ccfc6d4b" outcome="Passed" testListId="8c84fa94-04c1-424b-9868-57a2d4851a1d" relativeResultsDirectory="2216d92c-60e8-45f6-902b-5c0f4acd595b" />
    <UnitTestResult executionId="41af36b9-d035-490d-9014-c0c80e137c5c" testId="ecfbac6c-eab4-4a78-4665-b6deb4b55bcf" testName="Delete_JobInStateDispatchPending_Succeeds" computerName="ICSWS068" duration="00:00:00.3604434" startTime="2016-08-04T10:08:23.1340659+02:00" endTime="2016-08-04T10:08:23.4958750+02:00" testType="13cdc9d9-ddb5-4fa4-a97d-d965ccfc6d4b" outcome="Passed" testListId="8c84fa94-04c1-424b-9868-57a2d4851a1d" relativeResultsDirectory="41af36b9-d035-490d-9014-c0c80e137c5c" />
    <UnitTestResult executionId="eecd4bd7-4c40-4dcb-a75d-d96db48a5c65" testId="6f69e548-29c5-f1ed-5bf1-c0baa6e7901c" testName="Delete_JobInStateDispatched_Succeeds" computerName="ICSWS068" duration="00:00:00.3505856" startTime="2016-08-04T10:08:23.4988767+02:00" endTime="2016-08-04T10:08:23.8513921+02:00" testType="13cdc9d9-ddb5-4fa4-a97d-d965ccfc6d4b" outcome="Passed" testListId="8c84fa94-04c1-424b-9868-57a2d4851a1d" relativeResultsDirectory="eecd4bd7-4c40-4dcb-a75d-d96db48a5c65" />
    <UnitTestResult executionId="ec6ccaac-c15b-48e1-829f-09a837351539" testId="dfecc985-95d3-b961-4283-0d20d9944e6a" testName="Delete_JobIsStartPending_Succeeds" computerName="ICSWS068" duration="00:00:00.3755759" startTime="2016-08-04T10:08:23.8533938+02:00" endTime="2016-08-04T10:08:24.2310845+02:00" testType="13cdc9d9-ddb5-4fa4-a97d-d965ccfc6d4b" outcome="Passed" testListId="8c84fa94-04c1-424b-9868-57a2d4851a1d" relativeResultsDirectory="ec6ccaac-c15b-48e1-829f-09a837351539" />
    <UnitTestResult executionId="b5635f35-7ad9-486f-bcea-1bdf76c915b4" testId="9bfa642a-eab3-4e86-a5d2-ac100d6d75ed" testName="Delete_JobIsRunning_Fails" computerName="ICSWS068" duration="00:00:00.4189318" startTime="2016-08-04T10:08:24.2340859+02:00" endTime="2016-08-04T10:08:24.6544617+02:00" testType="13cdc9d9-ddb5-4fa4-a97d-d965ccfc6d4b" outcome="Passed" testListId="8c84fa94-04c1-424b-9868-57a2d4851a1d" relativeResultsDirectory="b5635f35-7ad9-486f-bcea-1bdf76c915b4" />
    <UnitTestResult executionId="18ec3913-c648-4070-99d2-5b5b29e443ce" testId="73fead8b-cd85-bff6-4284-9d9fe5f704ea" testName="Delete_JobSucceeded_Fails" computerName="ICSWS068" duration="00:00:00.3772105" startTime="2016-08-04T10:08:24.6574629+02:00" endTime="2016-08-04T10:08:25.0357637+02:00" testType="13cdc9d9-ddb5-4fa4-a97d-d965ccfc6d4b" outcome="Passed" testListId="8c84fa94-04c1-424b-9868-57a2d4851a1d" relativeResultsDirectory="18ec3913-c648-4070-99d2-5b5b29e443ce" />
    <UnitTestResult executionId="56bc72d5-82a2-4a83-811f-0b34ae0575df" testId="9d5d942d-ecf9-da92-f0cc-92db2035d843" testName="Delete_JobFailed_Fails" computerName="ICSWS068" duration="00:00:00.3368569" startTime="2016-08-04T10:08:25.0387801+02:00" endTime="2016-08-04T10:08:25.3770360+02:00" testType="13cdc9d9-ddb5-4fa4-a97d-d965ccfc6d4b" outcome="Passed" testListId="8c84fa94-04c1-424b-9868-57a2d4851a1d" relativeResultsDirectory="56bc72d5-82a2-4a83-811f-0b34ae0575df" />
    <UnitTestResult executionId="f4fcd7d9-134f-4d3d-b58f-46150f0b0ef6" testId="532b5580-06d1-1caa-d9a2-264c33cb9c14" testName="Delete_JobLost_Fails" computerName="ICSWS068" duration="00:00:00.3608478" startTime="2016-08-04T10:08:25.3800359+02:00" endTime="2016-08-04T10:08:25.7423121+02:00" testType="13cdc9d9-ddb5-4fa4-a97d-d965ccfc6d4b" outcome="Passed" testListId="8c84fa94-04c1-424b-9868-57a2d4851a1d" relativeResultsDirectory="f4fcd7d9-134f-4d3d-b58f-46150f0b0ef6" />
    <UnitTestResult executionId="dde40740-cacf-4669-819f-2771308fcabc" testId="53b3307c-1d12-0d7f-870c-5a91e715c1a1" testName="Delete_RestartedJobDispatchPending_Fails" computerName="ICSWS068" duration="00:00:00.3617334" startTime="2016-08-04T10:08:25.7453141+02:00" endTime="2016-08-04T10:08:26.1086080+02:00" testType="13cdc9d9-ddb5-4fa4-a97d-d965ccfc6d4b" outcome="Passed" testListId="8c84fa94-04c1-424b-9868-57a2d4851a1d" relativeResultsDirectory="dde40740-cacf-4669-819f-2771308fcabc" />
    <UnitTestResult executionId="93acc046-7c88-4d8b-b7de-4fed6c11c959" testId="4717995a-e0c5-d738-a705-8972ba73c486" testName="Delete_RestartedJobDispatched_Fails" computerName="ICSWS068" duration="00:00:00.3483780" startTime="2016-08-04T10:08:26.1111252+02:00" endTime="2016-08-04T10:08:26.4604773+02:00" testType="13cdc9d9-ddb5-4fa4-a97d-d965ccfc6d4b" outcome="Passed" testListId="8c84fa94-04c1-424b-9868-57a2d4851a1d" relativeResultsDirectory="93acc046-7c88-4d8b-b7de-4fed6c11c959" />
    <UnitTestResult executionId="2a467302-b614-479b-b5d2-0b6926e42eef" testId="bd6fe1c3-cea8-2071-2768-b40b8e70d5b4" testName="Delete_RestartedJobStartPending_Fails" computerName="ICSWS068" duration="00:00:00.3766671" startTime="2016-08-04T10:08:26.4634943+02:00" endTime="2016-08-04T10:08:26.8413412+02:00" testType="13cdc9d9-ddb5-4fa4-a97d-d965ccfc6d4b" outcome="Passed" testListId="8c84fa94-04c1-424b-9868-57a2d4851a1d" relativeResultsDirectory="2a467302-b614-479b-b5d2-0b6926e42eef" />
    <UnitTestResult executionId="198c025a-cdcc-4757-bad4-adf80012a07a" testId="0e515393-383e-3c17-dda9-003b7284d58c" testName="GetJobIdsByEventHandlerIdAsync_NonExistingEventHandlerId_ReturnsCompletedObservable" computerName="ICSWS068" duration="00:00:00.4188109" startTime="2016-08-04T10:08:26.8463450+02:00" endTime="2016-08-04T10:08:27.2676627+02:00" testType="13cdc9d9-ddb5-4fa4-a97d-d965ccfc6d4b" outcome="Passed" testListId="8c84fa94-04c1-424b-9868-57a2d4851a1d" relativeResultsDirectory="198c025a-cdcc-4757-bad4-adf80012a07a" />
    <UnitTestResult executionId="db2f65be-6565-48a5-a5e7-344f80d093a8" testId="526325d6-61aa-6104-059a-541d6882ad5f" testName="GetJobIdsByEventHandlerIdAsync_JobsExistWithMaxCountSmallerThanNumberOfAvailableJobs_ReturnsTopNumberOfJobs" computerName="ICSWS068" duration="00:00:00.3972871" startTime="2016-08-04T10:08:27.2706653+02:00" endTime="2016-08-04T10:08:27.6688445+02:00" testType="13cdc9d9-ddb5-4fa4-a97d-d965ccfc6d4b" outcome="Passed" testListId="8c84fa94-04c1-424b-9868-57a2d4851a1d" relativeResultsDirectory="db2f65be-6565-48a5-a5e7-344f80d093a8" />
    <UnitTestResult executionId="83418c32-5067-4359-b99d-4e924df53ba1" testId="cae65cb3-a80f-d7b8-bb57-4dc5e99c6959" testName="GetJobIdsByEventHandlerIdAsync_JobsExistWithMaxCountGreaterThanNumberOfAvailableJobs_ReturnsTopNumberOfJobs" computerName="ICSWS068" duration="00:00:00.4081223" startTime="2016-08-04T10:08:27.6738482+02:00" endTime="2016-08-04T10:08:28.0836758+02:00" testType="13cdc9d9-ddb5-4fa4-a97d-d965ccfc6d4b" outcome="Passed" testListId="8c84fa94-04c1-424b-9868-57a2d4851a1d" relativeResultsDirectory="83418c32-5067-4359-b99d-4e924df53ba1" />
    <UnitTestResult executionId="90547ed2-99dd-4270-9390-21b84f7ce68c" testId="364c4c35-0b3d-b66f-7e75-4203c79a200f" testName="GetJobIdsByComponentConfigurationIdAsync_NonExistingComponentConfigurationId_ReturnsCompletedObservable" computerName="ICSWS068" duration="00:00:00.4028087" startTime="2016-08-04T10:08:28.0866778+02:00" endTime="2016-08-04T10:08:28.4914842+02:00" testType="13cdc9d9-ddb5-4fa4-a97d-d965ccfc6d4b" outcome="Passed" testListId="8c84fa94-04c1-424b-9868-57a2d4851a1d" relativeResultsDirectory="90547ed2-99dd-4270-9390-21b84f7ce68c" />
    <UnitTestResult executionId="8bfd17b0-529b-4106-b711-3218802d7522" testId="8dae993d-574f-a4c2-c7a1-58f8d1440c29" testName="GetJobIdsByComponentConfigurationIdAsync_JobsExistWithMaxCountSmallerThanNumberOfAvailableJobs_ReturnsTopNumberOfJobs" computerName="ICSWS068" duration="00:00:00.4060975" startTime="2016-08-04T10:08:28.4954870+02:00" endTime="2016-08-04T10:08:28.9028109+02:00" testType="13cdc9d9-ddb5-4fa4-a97d-d965ccfc6d4b" outcome="Passed" testListId="8c84fa94-04c1-424b-9868-57a2d4851a1d" relativeResultsDirectory="8bfd17b0-529b-4106-b711-3218802d7522" />
    <UnitTestResult executionId="54028963-4612-4787-af69-6952397207c8" testId="c86fca8b-4066-f6f5-77a2-fa35a860d2cd" testName="GetJobIdsByComponentConfigurationIdAsync_JobsExistWithMaxCountGreaterThanNumberOfAvailableJobs_ReturnsTopNumberOfJobs" computerName="ICSWS068" duration="00:00:00.3978587" startTime="2016-08-04T10:08:28.9058129+02:00" endTime="2016-08-04T10:08:29.3051166+02:00" testType="13cdc9d9-ddb5-4fa4-a97d-d965ccfc6d4b" outcome="Passed" testListId="8c84fa94-04c1-424b-9868-57a2d4851a1d" relativeResultsDirectory="54028963-4612-4787-af69-6952397207c8" />
    <UnitTestResult executionId="37ac73c2-305e-4ac7-90ab-11a9d9da0159" testId="3238fd1f-3d81-9c2d-9876-87c8000b32e5" testName="GetJobIdsByComponentDefinitionKeyAsync_NonExistingComponentDefinitionId_ReturnsCompletedObservable" computerName="ICSWS068" duration="00:00:00.3991874" startTime="2016-08-04T10:08:29.3086225+02:00" endTime="2016-08-04T10:08:29.7094233+02:00" testType="13cdc9d9-ddb5-4fa4-a97d-d965ccfc6d4b" outcome="Passed" testListId="8c84fa94-04c1-424b-9868-57a2d4851a1d" relativeResultsDirectory="37ac73c2-305e-4ac7-90ab-11a9d9da0159" />
    <UnitTestResult executionId="52d0f3d4-fab0-447a-bf0d-609002f35b46" testId="8a2992be-df10-d3cc-db85-47b6ac403579" testName="GetJobIdsByComponentDefinitionKeyAsync_ScriptJobsExistWithMaxCountSmallerThanNumberOfAvailableJobs_ReturnsTopNumberOfJobs" computerName="ICSWS068" duration="00:00:00.4460344" startTime="2016-08-04T10:08:29.7144270+02:00" endTime="2016-08-04T10:08:30.1616728+02:00" testType="13cdc9d9-ddb5-4fa4-a97d-d965ccfc6d4b" outcome="Passed" testListId="8c84fa94-04c1-424b-9868-57a2d4851a1d" relativeResultsDirectory="52d0f3d4-fab0-447a-bf0d-609002f35b46" />
    <UnitTestResult executionId="5fc7065a-9de7-4598-af11-d7920dd6ae5d" testId="6a048bce-fe0c-0f72-17ec-8bd5963a2b07" testName="GetJobIdsByComponentDefinitionKeyAsync_AdapterFlowJobsExistWithMaxCountSmallerThanNumberOfAvailableJobs_ReturnsTopNumberOfJobs" computerName="ICSWS068" duration="00:00:00.4087540" startTime="2016-08-04T10:08:30.1646742+02:00" endTime="2016-08-04T10:08:30.5749857+02:00" testType="13cdc9d9-ddb5-4fa4-a97d-d965ccfc6d4b" outcome="Passed" testListId="8c84fa94-04c1-424b-9868-57a2d4851a1d" relativeResultsDirectory="5fc7065a-9de7-4598-af11-d7920dd6ae5d" />
    <UnitTestResult executionId="b83f4cb5-7619-4440-95c3-7ec254e3bf2c" testId="a7a61f47-b6c7-3dd3-09ed-ae771c8826dc" testName="GetJobIdsByComponentDefinitionKeyAsync_WorkflowJobsExistWithMaxCountSmallerThanNumberOfAvailableJobs_ReturnsTopNumberOfJobs" computerName="ICSWS068" duration="00:00:00.4026407" startTime="2016-08-04T10:08:30.5789885+02:00" endTime="2016-08-04T10:08:30.9841189+02:00" testType="13cdc9d9-ddb5-4fa4-a97d-d965ccfc6d4b" outcome="Passed" testListId="8c84fa94-04c1-424b-9868-57a2d4851a1d" relativeResultsDirectory="b83f4cb5-7619-4440-95c3-7ec254e3bf2c" />
    <UnitTestResult executionId="0bba6453-f78a-4b64-be80-5bdc284836bc" testId="266f90ed-fad9-6fff-1bd9-c6c9d05b8b23" testName="GetJobIdsByComponentDefinitionKeyAsync_JobsExistWithMaxCountGreaterThanNumberOfAvailableJobs_ReturnsTopNumberOfJobs" computerName="ICSWS068" duration="00:00:00.4540172" startTime="2016-08-04T10:08:30.9871206+02:00" endTime="2016-08-04T10:08:31.4434680+02:00" testType="13cdc9d9-ddb5-4fa4-a97d-d965ccfc6d4b" outcome="Passed" testListId="8c84fa94-04c1-424b-9868-57a2d4851a1d" relativeResultsDirectory="0bba6453-f78a-4b64-be80-5bdc284836bc" />
    <UnitTestResult executionId="c31c57d9-20b0-4ea2-abba-846c48bea5c3" testId="5dfd0322-4adf-7316-906e-b8b0904998d8" testName="ExistsByEventHandlerIdAsync_NonExistingEventHandlerId_ReturnsFalse" computerName="ICSWS068" duration="00:00:00.3561928" startTime="2016-08-04T10:08:31.4464700+02:00" endTime="2016-08-04T10:08:31.8047401+02:00" testType="13cdc9d9-ddb5-4fa4-a97d-d965ccfc6d4b" outcome="Passed" testListId="8c84fa94-04c1-424b-9868-57a2d4851a1d" relativeResultsDirectory="c31c57d9-20b0-4ea2-abba-846c48bea5c3" />
    <UnitTestResult executionId="1fad96cc-becf-4483-b851-491f0ea989e8" testId="ff0f805b-71d1-b37b-87e8-439773f8b010" testName="ExistsByEventHandlerIdAsync_ExistingEventHandlerWithoutJobs_ReturnsFalse" computerName="ICSWS068" duration="00:00:00.3767219" startTime="2016-08-04T10:08:31.8077412+02:00" endTime="2016-08-04T10:08:32.1870849+02:00" testType="13cdc9d9-ddb5-4fa4-a97d-d965ccfc6d4b" outcome="Passed" testListId="8c84fa94-04c1-424b-9868-57a2d4851a1d" relativeResultsDirectory="1fad96cc-becf-4483-b851-491f0ea989e8" />
    <UnitTestResult executionId="66023e11-7d62-4721-9669-0298d9a1ad49" testId="1386bd59-b2f0-ea08-d38b-391e8846cd55" testName="ExistsByEventHandlerIdAsync_ExistingEventHandlerWithJobs_ReturnsTrue" computerName="ICSWS068" duration="00:00:00.3706625" startTime="2016-08-04T10:08:32.1900869+02:00" endTime="2016-08-04T10:08:32.5623721+02:00" testType="13cdc9d9-ddb5-4fa4-a97d-d965ccfc6d4b" outcome="Passed" testListId="8c84fa94-04c1-424b-9868-57a2d4851a1d" relativeResultsDirectory="66023e11-7d62-4721-9669-0298d9a1ad49" />
    <UnitTestResult executionId="d7e08425-1613-4927-8ad7-380b4bd8652d" testId="539dc811-3974-2c52-b1eb-8e9bc78f720d" testName="ExistsByComponentConfigurationIdAsync_NonExistingComponentConfigurationId_ReturnsFalse" computerName="ICSWS068" duration="00:00:00.3760738" startTime="2016-08-04T10:08:32.5653723+02:00" endTime="2016-08-04T10:08:32.9427211+02:00" testType="13cdc9d9-ddb5-4fa4-a97d-d965ccfc6d4b" outcome="Passed" testListId="8c84fa94-04c1-424b-9868-57a2d4851a1d" relativeResultsDirectory="d7e08425-1613-4927-8ad7-380b4bd8652d" />
    <UnitTestResult executionId="41f04f36-a730-4dfc-926b-2a440f65fde8" testId="32296597-29e0-608c-7005-d3a4189c4986" testName="ExistsByComponentConfigurationIdAsync_ExistingEventHandlerWithoutJobs_ReturnsFalse" computerName="ICSWS068" duration="00:00:00.3880724" startTime="2016-08-04T10:08:32.9467236+02:00" endTime="2016-08-04T10:08:33.3357921+02:00" testType="13cdc9d9-ddb5-4fa4-a97d-d965ccfc6d4b" outcome="Passed" testListId="8c84fa94-04c1-424b-9868-57a2d4851a1d" relativeResultsDirectory="41f04f36-a730-4dfc-926b-2a440f65fde8" />
    <UnitTestResult executionId="8285ddf1-d3bd-49bb-a5f9-52150b845acc" testId="01398e51-345e-629c-cfea-6b2271665616" testName="ExistsByComponentConfigurationIdAsync_ExistingEventHandlerWithJobs_ReturnsTrue" computerName="ICSWS068" duration="00:00:00.3721106" startTime="2016-08-04T10:08:33.3387944+02:00" endTime="2016-08-04T10:08:33.7130880+02:00" testType="13cdc9d9-ddb5-4fa4-a97d-d965ccfc6d4b" outcome="Passed" testListId="8c84fa94-04c1-424b-9868-57a2d4851a1d" relativeResultsDirectory="8285ddf1-d3bd-49bb-a5f9-52150b845acc" />
    <UnitTestResult executionId="a8b3c0c8-62c3-4ea8-b597-d25b204f760e" testId="3e9a702f-4733-7f68-d8bc-e36bcae3c48d" testName="ExistsByComponentDefinitionKeyAsync_NonExistingComponentDefinitionKey_ReturnsFalse" computerName="ICSWS068" duration="00:00:00.3889873" startTime="2016-08-04T10:08:33.7166076+02:00" endTime="2016-08-04T10:08:34.1074634+02:00" testType="13cdc9d9-ddb5-4fa4-a97d-d965ccfc6d4b" outcome="Passed" testListId="8c84fa94-04c1-424b-9868-57a2d4851a1d" relativeResultsDirectory="a8b3c0c8-62c3-4ea8-b597-d25b204f760e" />
    <UnitTestResult executionId="f472ae65-fa98-4cfd-85a7-f8d27df418a3" testId="604e60c5-e618-8746-8cef-97c18fb655f8" testName="ExistsByComponentDefinitionKeyAsync_ExistingEventHandlerWithoutJobs_ReturnsFalse" computerName="ICSWS068" duration="00:00:00.4049309" startTime="2016-08-04T10:08:34.1109680+02:00" endTime="2016-08-04T10:08:34.5177770+02:00" testType="13cdc9d9-ddb5-4fa4-a97d-d965ccfc6d4b" outcome="Passed" testListId="8c84fa94-04c1-424b-9868-57a2d4851a1d" relativeResultsDirectory="f472ae65-fa98-4cfd-85a7-f8d27df418a3" />
    <UnitTestResult executionId="556afc00-13d8-4a5f-9164-478c4106f8bc" testId="bf1c3dae-d2d2-f140-8142-b1cefc768c6d" testName="ExistsByComponentDefinitionKeyAsync_ExistingEventHandlerWithJobs_ReturnsTrue" computerName="ICSWS068" duration="00:00:00.4095815" startTime="2016-08-04T10:08:34.5227810+02:00" endTime="2016-08-04T10:08:34.9341933+02:00" testType="13cdc9d9-ddb5-4fa4-a97d-d965ccfc6d4b" outcome="Passed" testListId="8c84fa94-04c1-424b-9868-57a2d4851a1d" relativeResultsDirectory="556afc00-13d8-4a5f-9164-478c4106f8bc" />
    <UnitTestResult executionId="d14e5951-5721-45fa-a96e-981e0e969f64" testId="2b1b7356-606e-af1f-1cd3-52de6325a7c4" testName="TrySetStateFinishedOnDispatchPendingJob_JobInDispatchedState_ReturnsFalse" computerName="ICSWS068" duration="00:00:00.4171559" startTime="2016-08-04T10:08:34.9381968+02:00" endTime="2016-08-04T10:08:35.3567278+02:00" testType="13cdc9d9-ddb5-4fa4-a97d-d965ccfc6d4b" outcome="Passed" testListId="8c84fa94-04c1-424b-9868-57a2d4851a1d" relativeResultsDirectory="d14e5951-5721-45fa-a96e-981e0e969f64" />
    <UnitTestResult executionId="921186ad-369d-40e5-8403-ca71ecb077d7" testId="b8626556-302b-a53d-b6ed-f95989eea36d" testName="TrySetStateFinishedOnDispatchPendingJob_JobInSucceededState_ReturnsFalse" computerName="ICSWS068" duration="00:00:00.4174315" startTime="2016-08-04T10:08:35.3597301+02:00" endTime="2016-08-04T10:08:35.7788705+02:00" testType="13cdc9d9-ddb5-4fa4-a97d-d965ccfc6d4b" outcome="Passed" testListId="8c84fa94-04c1-424b-9868-57a2d4851a1d" relativeResultsDirectory="921186ad-369d-40e5-8403-ca71ecb077d7" />
    <UnitTestResult executionId="1ce01c46-b3f7-433b-8783-9a60ed263715" testId="1530c6bf-e352-7f1b-4510-e9faac6e4010" testName="TrySetStateFinishedOnDispatchPendingJob_JobInFailedState_ReturnsFalse" computerName="ICSWS068" duration="00:00:00.3587343" startTime="2016-08-04T10:08:35.7818728+02:00" endTime="2016-08-04T10:08:36.1421505+02:00" testType="13cdc9d9-ddb5-4fa4-a97d-d965ccfc6d4b" outcome="Passed" testListId="8c84fa94-04c1-424b-9868-57a2d4851a1d" relativeResultsDirectory="1ce01c46-b3f7-433b-8783-9a60ed263715" />
    <UnitTestResult executionId="71814bca-522f-4bbe-aea0-ee4d998f1ba3" testId="ff58c26b-cea7-f70d-5ce1-d35b957ee49a" testName="TrySetStateFinishedOnDispatchPendingJob_JobInStartPendingState_ReturnsFalse" computerName="ICSWS068" duration="00:00:00.3988249" startTime="2016-08-04T10:08:36.1461528+02:00" endTime="2016-08-04T10:08:36.5465861+02:00" testType="13cdc9d9-ddb5-4fa4-a97d-d965ccfc6d4b" outcome="Passed" testListId="8c84fa94-04c1-424b-9868-57a2d4851a1d" relativeResultsDirectory="71814bca-522f-4bbe-aea0-ee4d998f1ba3" />
    <UnitTestResult executionId="876ae39c-9f7e-4fa9-980c-c0f848c37ee4" testId="e166626b-0da1-460a-017a-b70b9aedd9b2" testName="TrySetStateFinishedOnDispatchPendingJob_JobInInactiveState_ReturnsFalse" computerName="ICSWS068" duration="00:00:00.3837373" startTime="2016-08-04T10:08:36.5495881+02:00" endTime="2016-08-04T10:08:36.9355778+02:00" testType="13cdc9d9-ddb5-4fa4-a97d-d965ccfc6d4b" outcome="Passed" testListId="8c84fa94-04c1-424b-9868-57a2d4851a1d" relativeResultsDirectory="876ae39c-9f7e-4fa9-980c-c0f848c37ee4" />
    <UnitTestResult executionId="2e66b976-23c2-4661-8823-0127bf3b7fbc" testId="dfadb1b9-c054-540e-eaf8-12369d60d8e4" testName="TrySetStateFinishedOnDispatchPendingJob_JobInRunningState_ReturnsFalse" computerName="ICSWS068" duration="00:00:00.3948350" startTime="2016-08-04T10:08:36.9375792+02:00" endTime="2016-08-04T10:08:37.3345877+02:00" testType="13cdc9d9-ddb5-4fa4-a97d-d965ccfc6d4b" outcome="Passed" testListId="8c84fa94-04c1-424b-9868-57a2d4851a1d" relativeResultsDirectory="2e66b976-23c2-4661-8823-0127bf3b7fbc" />
    <UnitTestResult executionId="4e158c3a-406d-4442-b37a-7839b6cf04c5" testId="1b4cf3d2-febb-3a6c-4419-6cdb17434a4c" testName="TrySetStateFinishedOnDispatchPendingJob_JobInDispatchPendingState_ReturnsTrue" computerName="ICSWS068" duration="00:00:00.4049374" startTime="2016-08-04T10:08:37.3375909+02:00" endTime="2016-08-04T10:08:37.7449007+02:00" testType="13cdc9d9-ddb5-4fa4-a97d-d965ccfc6d4b" outcome="Passed" testListId="8c84fa94-04c1-424b-9868-57a2d4851a1d" relativeResultsDirectory="4e158c3a-406d-4442-b37a-7839b6cf04c5" />
    <UnitTestResult executionId="602cd1af-4e82-4bb1-8cb0-66d2a8385f20" testId="e25aca1b-ab21-20f2-0d1d-e9449b3872ed" testName="TrySetStateFinishedOnDispatchPendingJob_JobInDispatchPendingState_RemovesJobFromPendingQueue" computerName="ICSWS068" duration="00:00:00.3752105" startTime="2016-08-04T10:08:37.7479030+02:00" endTime="2016-08-04T10:08:38.1251825+02:00" testType="13cdc9d9-ddb5-4fa4-a97d-d965ccfc6d4b" outcome="Passed" testListId="8c84fa94-04c1-424b-9868-57a2d4851a1d" relativeResultsDirectory="602cd1af-4e82-4bb1-8cb0-66d2a8385f20" />
    <UnitTestResult executionId="9cd60abb-dc46-4718-907b-9c8c70cd962d" testId="c0efeecc-4bae-e5db-2a28-e416e6cb8842" testName="GetStateHistory_ValidJobId_ReturnsCorrectSequence" computerName="ICSWS068" duration="00:00:00.4859331" startTime="2016-08-04T10:08:38.1281848+02:00" endTime="2016-08-04T10:08:38.6153747+02:00" testType="13cdc9d9-ddb5-4fa4-a97d-d965ccfc6d4b" outcome="Passed" testListId="8c84fa94-04c1-424b-9868-57a2d4851a1d" relativeResultsDirectory="9cd60abb-dc46-4718-907b-9c8c70cd962d" />
    <UnitTestResult executionId="94b53558-16f6-4667-9524-6068a9e11849" testId="31ba1546-5961-d033-8319-53b5c9379f4d" testName="GetJobsRunningOnWorkerHost_ValidArguments_ReturnsExpectedResult" computerName="ICSWS068" duration="00:00:00.4906357" startTime="2016-08-04T10:08:38.6193770+02:00" endTime="2016-08-04T10:08:39.1122516+02:00" testType="13cdc9d9-ddb5-4fa4-a97d-d965ccfc6d4b" outcome="Passed" testListId="8c84fa94-04c1-424b-9868-57a2d4851a1d" relativeResultsDirectory="94b53558-16f6-4667-9524-6068a9e11849" />
    <UnitTestResult executionId="9174803e-776b-4b05-819d-a46ee6192330" testId="c21ba344-15c9-78c2-f317-1c5199f317dc" testName="DequeueNextJobForProcessing_StandardAndExpressJobsInterleavedWithExpressEventsPrioritized_ReturnsJobsInCorrectOrder" computerName="ICSWS068" duration="00:00:00.4246835" startTime="2016-08-04T10:08:39.1162571+02:00" endTime="2016-08-04T10:08:39.5427193+02:00" testType="13cdc9d9-ddb5-4fa4-a97d-d965ccfc6d4b" outcome="Passed" testListId="8c84fa94-04c1-424b-9868-57a2d4851a1d" relativeResultsDirectory="9174803e-776b-4b05-819d-a46ee6192330" />
    <UnitTestResult executionId="cd1c4bce-8ab5-49fa-ab9d-63aa8d672613" testId="3c52218c-0a43-6a8f-b586-dafb1a012e6a" testName="DequeueNextJobForProcessing_StandardAndExpressJobsInterleavedWithExpressEventsNotPrioritized_ReturnsJobsInCorrectOrder" computerName="ICSWS068" duration="00:00:00.4440215" startTime="2016-08-04T10:08:39.5457219+02:00" endTime="2016-08-04T10:08:39.9910598+02:00" testType="13cdc9d9-ddb5-4fa4-a97d-d965ccfc6d4b" outcome="Passed" testListId="8c84fa94-04c1-424b-9868-57a2d4851a1d" relativeResultsDirectory="cd1c4bce-8ab5-49fa-ab9d-63aa8d672613" />
    <UnitTestResult executionId="f221738a-2589-4966-a2d2-da25f441412e" testId="10e99d01-6ed1-d114-6757-ae40408cfeff" testName="DequeueNextJobForProcessing_StandardAndExpressJobsInterleaved_ReturnsJobsInCorrectOrder" computerName="ICSWS068" duration="00:00:00.4183071" startTime="2016-08-04T10:08:39.9950630+02:00" endTime="2016-08-04T10:08:40.4154083+02:00" testType="13cdc9d9-ddb5-4fa4-a97d-d965ccfc6d4b" outcome="Passed" testListId="8c84fa94-04c1-424b-9868-57a2d4851a1d" relativeResultsDirectory="f221738a-2589-4966-a2d2-da25f441412e" />
    <UnitTestResult executionId="01261e43-3b3e-4bec-b603-50a27d0d76bf" testId="eee34261-f733-235d-6054-e11f32a7ccfc" testName="DequeueNextJobForProcessing_SyncJobExistsInMissingApplicationPool_SyncJobIsReturned" computerName="ICSWS068" duration="00:00:00.3696271" startTime="2016-08-04T10:08:40.4189135+02:00" endTime="2016-08-04T10:08:40.7904275+02:00" testType="13cdc9d9-ddb5-4fa4-a97d-d965ccfc6d4b" outcome="Passed" testListId="8c84fa94-04c1-424b-9868-57a2d4851a1d" relativeResultsDirectory="01261e43-3b3e-4bec-b603-50a27d0d76bf" />
    <UnitTestResult executionId="b7e46ab6-1f98-4d46-a66c-da36d1dbfcdd" testId="91ab256f-6e58-c42d-88b5-c3941e662a63" testName="DequeueNextJobForProcessing_JobsOfManyTypesExist_CorrectJobsAreReturnedInCorrectOrder" computerName="ICSWS068" duration="00:00:00.4529298" startTime="2016-08-04T10:08:40.7934283+02:00" endTime="2016-08-04T10:08:41.2473009+02:00" testType="13cdc9d9-ddb5-4fa4-a97d-d965ccfc6d4b" outcome="Passed" testListId="8c84fa94-04c1-424b-9868-57a2d4851a1d" relativeResultsDirectory="b7e46ab6-1f98-4d46-a66c-da36d1dbfcdd" />
    <UnitTestResult executionId="52cd1454-6d90-4bb6-8072-febee3ce5010" testId="1fbc2b86-8571-604a-3208-43b7475fd027" testName="DequeueNextJobForProcessing_OnlyConsiderSyncJobs_JobsOfManyTypesExist_CorrectJobsAreReturnedInCorrectOrder" computerName="ICSWS068" duration="00:00:00.4512735" startTime="2016-08-04T10:08:41.2533052+02:00" endTime="2016-08-04T10:08:41.7066479+02:00" testType="13cdc9d9-ddb5-4fa4-a97d-d965ccfc6d4b" outcome="Passed" testListId="8c84fa94-04c1-424b-9868-57a2d4851a1d" relativeResultsDirectory="52cd1454-6d90-4bb6-8072-febee3ce5010" />
    <UnitTestResult executionId="0b4d51e7-9203-45a1-b3f4-a2340a780dec" testId="e9f1ca47-eca6-d232-8899-17155368b395" testName="DequeueNextJobForProcessing_JobsWithPartlyMissingApplicationPools_CorrectJobsAreReturnedInCorrectOrder" computerName="ICSWS068" duration="00:00:00.3922315" startTime="2016-08-04T10:08:41.7086497+02:00" endTime="2016-08-04T10:08:42.1033708+02:00" testType="13cdc9d9-ddb5-4fa4-a97d-d965ccfc6d4b" outcome="Passed" testListId="8c84fa94-04c1-424b-9868-57a2d4851a1d" relativeResultsDirectory="0b4d51e7-9203-45a1-b3f4-a2340a780dec" />
    <UnitTestResult executionId="8d5a3b92-4030-4135-8ec4-96c161b0d915" testId="697894b9-667f-4370-3e78-92323f66e5b6" testName="DequeueNextJobForProcessing_JobsWithExcludedComponentConfigurations_CorrectJobsAreReturnedInCorrectOrder" computerName="ICSWS068" duration="00:00:00.4292142" startTime="2016-08-04T10:08:42.1063728+02:00" endTime="2016-08-04T10:08:42.5369995+02:00" testType="13cdc9d9-ddb5-4fa4-a97d-d965ccfc6d4b" outcome="Passed" testListId="8c84fa94-04c1-424b-9868-57a2d4851a1d" relativeResultsDirectory="8d5a3b92-4030-4135-8ec4-96c161b0d915" />
    <UnitTestResult executionId="a037cb14-3688-497f-95fc-c294fd147081" testId="7bb62708-d0e3-7ad8-3c46-4918f5677931" testName="DequeueNextJobForProcessing_JobsWithPartlyMissingApplicationPoolsIgnoringSecondary_CorrectJobsAreReturnedInCorrectOrder" computerName="ICSWS068" duration="00:00:00.4217769" startTime="2016-08-04T10:08:42.5400009+02:00" endTime="2016-08-04T10:08:42.9634849+02:00" testType="13cdc9d9-ddb5-4fa4-a97d-d965ccfc6d4b" outcome="Passed" testListId="8c84fa94-04c1-424b-9868-57a2d4851a1d" relativeResultsDirectory="a037cb14-3688-497f-95fc-c294fd147081" />
    <UnitTestResult executionId="28277202-5e3e-48cf-96d1-747f7cd78de7" testId="fa861d79-badc-dc23-39df-60daf8d1d3a6" testName="AddJobControlState_ValidArguments_DoesNotAffectActualStateOfJob" computerName="ICSWS068" duration="00:00:00.3757331" startTime="2016-08-04T10:08:42.9664872+02:00" endTime="2016-08-04T10:08:43.3443828+02:00" testType="13cdc9d9-ddb5-4fa4-a97d-d965ccfc6d4b" outcome="Passed" testListId="8c84fa94-04c1-424b-9868-57a2d4851a1d" relativeResultsDirectory="28277202-5e3e-48cf-96d1-747f7cd78de7" />
    <UnitTestResult executionId="6f8f26a4-2c23-4829-81f1-beacf8fff5e6" testId="6e9e9e0f-0456-2e1a-d3b2-fe3595007f6e" testName="AddJobControlState_NonControlState_ThrowsArgumentException" computerName="ICSWS068" duration="00:00:00.3890682" startTime="2016-08-04T10:08:43.3473845+02:00" endTime="2016-08-04T10:08:43.7379597+02:00" testType="13cdc9d9-ddb5-4fa4-a97d-d965ccfc6d4b" outcome="Passed" testListId="8c84fa94-04c1-424b-9868-57a2d4851a1d" relativeResultsDirectory="6f8f26a4-2c23-4829-81f1-beacf8fff5e6" />
    <UnitTestResult executionId="7d705d44-69b7-4cb3-b174-c4fcd0c7753f" testId="6d436ad2-78cc-39b3-a5fb-635b01ba35c5" testName="AddJobControlState_SessionRestartCountResetOnRunningJob_SetsStartCountToOne" computerName="ICSWS068" duration="00:00:00.4442321" startTime="2016-08-04T10:08:43.7409617+02:00" endTime="2016-08-04T10:08:44.1863075+02:00" testType="13cdc9d9-ddb5-4fa4-a97d-d965ccfc6d4b" outcome="Passed" testListId="8c84fa94-04c1-424b-9868-57a2d4851a1d" relativeResultsDirectory="7d705d44-69b7-4cb3-b174-c4fcd0c7753f" />
    <UnitTestResult executionId="202499b2-b5cd-40b5-b46b-511625910b58" testId="93df025e-af8a-5dc5-466b-c9b24dfa4292" testName="AddJobControlState_SessionRestartCountResetOnRunningJob_SetsStartCountToZero" computerName="ICSWS068" duration="00:00:00.3761034" startTime="2016-08-04T10:08:44.1893095+02:00" endTime="2016-08-04T10:08:44.5670286+02:00" testType="13cdc9d9-ddb5-4fa4-a97d-d965ccfc6d4b" outcome="Passed" testListId="8c84fa94-04c1-424b-9868-57a2d4851a1d" relativeResultsDirectory="202499b2-b5cd-40b5-b46b-511625910b58" />
    <UnitTestResult executionId="adec490e-3820-4a02-8c96-a691bb94a0b2" testId="b215238b-6d92-3660-acef-2d20b6475bb4" testName="GetJobsRecursivelyByEventId_AnyJobType_ReturnsAllJobsInHierarchy" computerName="ICSWS068" duration="00:00:00.5096540" startTime="2016-08-04T10:08:44.5700306+02:00" endTime="2016-08-04T10:08:45.0819427+02:00" testType="13cdc9d9-ddb5-4fa4-a97d-d965ccfc6d4b" outcome="Passed" testListId="8c84fa94-04c1-424b-9868-57a2d4851a1d" relativeResultsDirectory="adec490e-3820-4a02-8c96-a691bb94a0b2" />
    <UnitTestResult executionId="a8356d30-8f81-46da-bb36-9e3c0e3598e9" testId="866e4700-722d-fd7a-18ee-e7cb2a8c9aa2" testName="GetJobsRecursivelyByEventId_SessionJobsOnly_ReturnsAllSessionJobsInHierarchy" computerName="ICSWS068" duration="00:00:00.5112152" startTime="2016-08-04T10:08:45.0859456+02:00" endTime="2016-08-04T10:08:45.5993398+02:00" testType="13cdc9d9-ddb5-4fa4-a97d-d965ccfc6d4b" outcome="Passed" testListId="8c84fa94-04c1-424b-9868-57a2d4851a1d" relativeResultsDirectory="a8356d30-8f81-46da-bb36-9e3c0e3598e9" />
    <UnitTestResult executionId="0ed465a8-e8c8-4d81-bed7-a7e261b5c885" testId="d530ba53-e0cd-05f5-24d4-5d1cf97e0582" testName="TryResetStateOfFinishedJobToPending_JobIsRunning_ReturnsFalse" computerName="ICSWS068" duration="00:00:00.4433332" startTime="2016-08-04T10:08:45.6023409+02:00" endTime="2016-08-04T10:08:46.0469029+02:00" testType="13cdc9d9-ddb5-4fa4-a97d-d965ccfc6d4b" outcome="Passed" testListId="8c84fa94-04c1-424b-9868-57a2d4851a1d" relativeResultsDirectory="0ed465a8-e8c8-4d81-bed7-a7e261b5c885" />
    <UnitTestResult executionId="48e6d373-5384-4bed-a36c-97def52c7f04" testId="99b35b4c-911a-7041-aab2-d56001148707" testName="TryResetStateOfFinishedJobToPending_JobIsFailed_ReturnsTrueAndSetsJobStateToPending" computerName="ICSWS068" duration="00:00:00.3918884" startTime="2016-08-04T10:08:46.0509057+02:00" endTime="2016-08-04T10:08:46.4441090+02:00" testType="13cdc9d9-ddb5-4fa4-a97d-d965ccfc6d4b" outcome="Passed" testListId="8c84fa94-04c1-424b-9868-57a2d4851a1d" relativeResultsDirectory="48e6d373-5384-4bed-a36c-97def52c7f04" />
    <UnitTestResult executionId="273c4e03-803b-4759-b265-ff5ab5d563e8" testId="5d58926d-0258-3afd-4007-29c33c65b80e" testName="TryResetStateOfFinishedJobToPending_JobIsSucceeded_ReturnsTrueAndSetsJobStateToPending" computerName="ICSWS068" duration="00:00:00.4318998" startTime="2016-08-04T10:08:46.4471104+02:00" endTime="2016-08-04T10:08:46.8803280+02:00" testType="13cdc9d9-ddb5-4fa4-a97d-d965ccfc6d4b" outcome="Passed" testListId="8c84fa94-04c1-424b-9868-57a2d4851a1d" relativeResultsDirectory="273c4e03-803b-4759-b265-ff5ab5d563e8" />
    <UnitTestResult executionId="104be25e-fe9c-40c1-8091-3dd7ac7a94ab" testId="ab760fe8-df37-1975-0ff4-4adf9db5c13a" testName="IsJobControlState_ValidArguments_OutputEqualToCorrespondingDatabaseFunction" computerName="ICSWS068" duration="00:00:00.4080845" startTime="2016-08-04T10:08:46.8843294+02:00" endTime="2016-08-04T10:08:47.2936418+02:00" testType="13cdc9d9-ddb5-4fa4-a97d-d965ccfc6d4b" outcome="Passed" testListId="8c84fa94-04c1-424b-9868-57a2d4851a1d" relativeResultsDirectory="104be25e-fe9c-40c1-8091-3dd7ac7a94ab" />
    <UnitTestResult executionId="cf2e3d38-5dea-4fc7-9d8b-c805d6c67849" testId="b09716f3-06ca-5285-53c3-8bcfeb7e9270" testName="IsJobControlState_ControlState_ReturnsTrue" computerName="ICSWS068" duration="00:00:00.3530421" startTime="2016-08-04T10:08:47.2966438+02:00" endTime="2016-08-04T10:08:47.6514811+02:00" testType="13cdc9d9-ddb5-4fa4-a97d-d965ccfc6d4b" outcome="Passed" testListId="8c84fa94-04c1-424b-9868-57a2d4851a1d" relativeResultsDirectory="cf2e3d38-5dea-4fc7-9d8b-c805d6c67849" />
    <UnitTestResult executionId="6a4bd6b9-bd65-478e-84a7-eca4e36728dc" testId="382fb73c-8ff2-1e64-5506-a39528fcbc82" testName="IsJobControlState_NonControlState_ReturnsFalse" computerName="ICSWS068" duration="00:00:00.3480786" startTime="2016-08-04T10:08:47.6554831+02:00" endTime="2016-08-04T10:08:48.0052470+02:00" testType="13cdc9d9-ddb5-4fa4-a97d-d965ccfc6d4b" outcome="Passed" testListId="8c84fa94-04c1-424b-9868-57a2d4851a1d" relativeResultsDirectory="6a4bd6b9-bd65-478e-84a7-eca4e36728dc" />
    <UnitTestResult executionId="3166288d-6b4d-4926-8ffe-20787a6fed10" testId="151893e8-26fc-5670-7a04-c492865e61d1" testName="IsFinalJobState_ValidArguments_OutputEqualToCorrespondingDatabaseFunction" computerName="ICSWS068" duration="00:00:00.4219141" startTime="2016-08-04T10:08:48.0082657+02:00" endTime="2016-08-04T10:08:48.4326497+02:00" testType="13cdc9d9-ddb5-4fa4-a97d-d965ccfc6d4b" outcome="Passed" testListId="8c84fa94-04c1-424b-9868-57a2d4851a1d" relativeResultsDirectory="3166288d-6b4d-4926-8ffe-20787a6fed10" />
    <UnitTestResult executionId="4cae1496-1fb8-49f5-982c-1c89fecac525" testId="848864e4-2469-eabf-f19b-17a623a86702" testName="IsFinalJobState_FinalState_ReturnsTrue" computerName="ICSWS068" duration="00:00:00.3743173" startTime="2016-08-04T10:08:48.4356523+02:00" endTime="2016-08-04T10:08:48.8119379+02:00" testType="13cdc9d9-ddb5-4fa4-a97d-d965ccfc6d4b" outcome="Passed" testListId="8c84fa94-04c1-424b-9868-57a2d4851a1d" relativeResultsDirectory="4cae1496-1fb8-49f5-982c-1c89fecac525" />
    <UnitTestResult executionId="32099a58-df6a-481a-8707-be7dddb90c3f" testId="a2734dfc-92af-c596-3cfe-b4dc35085cff" testName="IsFinalJobState_NonFinalState_ReturnsFalse" computerName="ICSWS068" duration="00:00:00.3710487" startTime="2016-08-04T10:08:48.8149396+02:00" endTime="2016-08-04T10:08:49.1873292+02:00" testType="13cdc9d9-ddb5-4fa4-a97d-d965ccfc6d4b" outcome="Passed" testListId="8c84fa94-04c1-424b-9868-57a2d4851a1d" relativeResultsDirectory="32099a58-df6a-481a-8707-be7dddb90c3f" />
    <UnitTestResult executionId="5b4a71a0-e6dd-41ee-9c93-a7afcb498410" testId="faa6493b-45b2-4a77-4c26-39a569cf216b" testName="GetLastStartTime_InvalidJobId_ReturnsNull" computerName="ICSWS068" duration="00:00:00.4003228" startTime="2016-08-04T10:08:49.1923329+02:00" endTime="2016-08-04T10:08:49.5946402+02:00" testType="13cdc9d9-ddb5-4fa4-a97d-d965ccfc6d4b" outcome="Passed" testListId="8c84fa94-04c1-424b-9868-57a2d4851a1d" relativeResultsDirectory="5b4a71a0-e6dd-41ee-9c93-a7afcb498410" />
    <UnitTestResult executionId="83f1f10c-a13c-402f-9629-c1fa0868b13d" testId="2c947fa9-f56d-14cb-ca9d-1296e12fdb1a" testName="GetLastStartTime_NewPendingJob_ReturnsNull" computerName="ICSWS068" duration="00:00:00.4058027" startTime="2016-08-04T10:08:49.5986433+02:00" endTime="2016-08-04T10:08:50.0059543+02:00" testType="13cdc9d9-ddb5-4fa4-a97d-d965ccfc6d4b" outcome="Passed" testListId="8c84fa94-04c1-424b-9868-57a2d4851a1d" relativeResultsDirectory="83f1f10c-a13c-402f-9629-c1fa0868b13d" />
    <UnitTestResult executionId="a4230d0d-60ec-4e7e-8b4a-4bdd5ff89ce1" testId="ed1958f4-7683-bc29-ab91-caa1d10edca5" testName="GetLastStartTime_NewRunningJob_ReturnsCorrectTime" computerName="ICSWS068" duration="00:00:00.4172347" startTime="2016-08-04T10:08:50.0099569+02:00" endTime="2016-08-04T10:08:50.4292823+02:00" testType="13cdc9d9-ddb5-4fa4-a97d-d965ccfc6d4b" outcome="Passed" testListId="8c84fa94-04c1-424b-9868-57a2d4851a1d" relativeResultsDirectory="a4230d0d-60ec-4e7e-8b4a-4bdd5ff89ce1" />
    <UnitTestResult executionId="450d8806-5be8-4f20-99ee-e488f42170c4" testId="d652b993-0356-2d7c-97c6-229d300c1f73" testName="GetLastStartTime_RestartedJob_ReturnsCorrectTime" computerName="ICSWS068" duration="00:00:00.4412565" startTime="2016-08-04T10:08:50.4342860+02:00" endTime="2016-08-04T10:08:50.8786254+02:00" testType="13cdc9d9-ddb5-4fa4-a97d-d965ccfc6d4b" outcome="Passed" testListId="8c84fa94-04c1-424b-9868-57a2d4851a1d" relativeResultsDirectory="450d8806-5be8-4f20-99ee-e488f42170c4" />
    <UnitTestResult executionId="674253bf-78ba-4913-9862-3653eda2070d" testId="f873c733-930a-1c24-7f2e-8080c369ca1a" testName="ExistsUnprocessedJobsTargetingApplicationPools_ExistingPools_ReturnsTrue" computerName="ICSWS068" duration="00:00:00.4180617" startTime="2016-08-04T10:08:50.8816277+02:00" endTime="2016-08-04T10:08:51.3009499+02:00" testType="13cdc9d9-ddb5-4fa4-a97d-d965ccfc6d4b" outcome="Passed" testListId="8c84fa94-04c1-424b-9868-57a2d4851a1d" relativeResultsDirectory="674253bf-78ba-4913-9862-3653eda2070d" />
    <UnitTestResult executionId="5ab39959-45b7-4d9f-911d-053f1c23c52e" testId="4f3d384c-e9e1-7bdb-b8ce-9047d94cc5ee" testName="ExistsUnprocessedJobsTargetingApplicationPools_NonExistingPools_ReturnsFalse" computerName="ICSWS068" duration="00:00:00.4293365" startTime="2016-08-04T10:08:51.3039513+02:00" endTime="2016-08-04T10:08:51.7347847+02:00" testType="13cdc9d9-ddb5-4fa4-a97d-d965ccfc6d4b" outcome="Passed" testListId="8c84fa94-04c1-424b-9868-57a2d4851a1d" relativeResultsDirectory="5ab39959-45b7-4d9f-911d-053f1c23c52e" />
    <UnitTestResult executionId="b8e0c175-1a58-47b3-b8df-0ee157401a58" testId="d27fd30e-5df6-65d7-da7b-0cbd4d8dfb3d" testName="GetJobInArguments_NonExistingJob_ReturnsEmtpyList" computerName="ICSWS068" duration="00:00:00.3731622" startTime="2016-08-04T10:08:51.7377870+02:00" endTime="2016-08-04T10:08:52.1121302+02:00" testType="13cdc9d9-ddb5-4fa4-a97d-d965ccfc6d4b" outcome="Passed" testListId="8c84fa94-04c1-424b-9868-57a2d4851a1d" relativeResultsDirectory="b8e0c175-1a58-47b3-b8df-0ee157401a58" />
    <UnitTestResult executionId="a5300407-de17-4436-b21d-b3cac5bc4ac3" testId="f9a2f9c3-d986-44b1-2bd6-77a366ff5802" testName="GetJobInArguments_ExistingJob_ReturnsProperList" computerName="ICSWS068" duration="00:00:00.3750982" startTime="2016-08-04T10:08:52.1151313+02:00" endTime="2016-08-04T10:08:52.4920287+02:00" testType="13cdc9d9-ddb5-4fa4-a97d-d965ccfc6d4b" outcome="Passed" testListId="8c84fa94-04c1-424b-9868-57a2d4851a1d" relativeResultsDirectory="a5300407-de17-4436-b21d-b3cac5bc4ac3" />
    <UnitTestResult executionId="e2a2e217-ff83-4cb7-b96c-f2f77631af11" testId="1e39b078-75e0-0881-d994-0b2820b37d62" testName="GetJobOutArguments_NonExistingJob_ReturnsEmtpyList" computerName="ICSWS068" duration="00:00:00.4102264" startTime="2016-08-04T10:08:52.4950293+02:00" endTime="2016-08-04T10:08:52.9061525+02:00" testType="13cdc9d9-ddb5-4fa4-a97d-d965ccfc6d4b" outcome="Passed" testListId="8c84fa94-04c1-424b-9868-57a2d4851a1d" relativeResultsDirectory="e2a2e217-ff83-4cb7-b96c-f2f77631af11" />
    <UnitTestResult executionId="582a38d5-4a79-4b06-afa7-2f96b0d9a1ad" testId="f4c92c89-f00b-bc02-c65f-353f475bc289" testName="GetJobOutArguments_ExistingJob_ReturnsProperList" computerName="ICSWS068" duration="00:00:00.3908195" startTime="2016-08-04T10:08:52.9101553+02:00" endTime="2016-08-04T10:08:53.3025525+02:00" testType="13cdc9d9-ddb5-4fa4-a97d-d965ccfc6d4b" outcome="Passed" testListId="8c84fa94-04c1-424b-9868-57a2d4851a1d" relativeResultsDirectory="582a38d5-4a79-4b06-afa7-2f96b0d9a1ad" />
    <UnitTestResult executionId="2191fae3-ce92-4767-a213-02e5e8ad46f3" testId="8f313ec3-dfd2-ae5d-3692-f5c291ea9739" testName="AddJobInArgument_NonExistingJobAndValidArgumentId_ThrowsSqlException" computerName="ICSWS068" duration="00:00:00.3692564" startTime="2016-08-04T10:08:53.3055533+02:00" endTime="2016-08-04T10:08:53.6754602+02:00" testType="13cdc9d9-ddb5-4fa4-a97d-d965ccfc6d4b" outcome="Passed" testListId="8c84fa94-04c1-424b-9868-57a2d4851a1d" relativeResultsDirectory="2191fae3-ce92-4767-a213-02e5e8ad46f3" />
    <UnitTestResult executionId="0ba25587-4f49-4fab-833d-183644b3db9d" testId="bf5b497b-9683-6d9a-fe58-7728c1304eae" testName="AddJobInArgument_InvalidArgumentId_ThrowsSqlException" computerName="ICSWS068" duration="00:00:00.3635850" startTime="2016-08-04T10:08:53.6794628+02:00" endTime="2016-08-04T10:08:54.0448275+02:00" testType="13cdc9d9-ddb5-4fa4-a97d-d965ccfc6d4b" outcome="Passed" testListId="8c84fa94-04c1-424b-9868-57a2d4851a1d" relativeResultsDirectory="0ba25587-4f49-4fab-833d-183644b3db9d" />
    <UnitTestResult executionId="f900cd00-eb27-48ea-90a8-a090418519dd" testId="ca0c8b99-35b6-086d-a40d-0fa9047437cf" testName="AddJobInArgument_ValidNewStringArgument_PersistsCorrectly" computerName="ICSWS068" duration="00:00:00.3854173" startTime="2016-08-04T10:08:54.0478301+02:00" endTime="2016-08-04T10:08:54.4347640+02:00" testType="13cdc9d9-ddb5-4fa4-a97d-d965ccfc6d4b" outcome="Passed" testListId="8c84fa94-04c1-424b-9868-57a2d4851a1d" relativeResultsDirectory="f900cd00-eb27-48ea-90a8-a090418519dd" />
    <UnitTestResult executionId="dde8f8e8-be94-4a97-aeee-bad1c663e55a" testId="6c9b2c7c-7476-812e-7658-ff16f2eb8b6b" testName="AddJobInArgument_ValidNewHugeStringArgument_PersistsCorrectly" computerName="ICSWS068" duration="00:00:00.7176054" startTime="2016-08-04T10:08:54.4377660+02:00" endTime="2016-08-04T10:08:55.1569807+02:00" testType="13cdc9d9-ddb5-4fa4-a97d-d965ccfc6d4b" outcome="Passed" testListId="8c84fa94-04c1-424b-9868-57a2d4851a1d" relativeResultsDirectory="dde8f8e8-be94-4a97-aeee-bad1c663e55a" />
    <UnitTestResult executionId="4a9a5fa4-690e-4ccc-a455-6a0c33821879" testId="cc7349f3-d9cd-bfbc-842f-4e1a61fb3fbf" testName="AddJobInArgument_ValidNewInt32Argument_PersistsCorrectly" computerName="ICSWS068" duration="00:00:00.3963185" startTime="2016-08-04T10:08:55.1599833+02:00" endTime="2016-08-04T10:08:55.5582945+02:00" testType="13cdc9d9-ddb5-4fa4-a97d-d965ccfc6d4b" outcome="Passed" testListId="8c84fa94-04c1-424b-9868-57a2d4851a1d" relativeResultsDirectory="4a9a5fa4-690e-4ccc-a455-6a0c33821879" />
    <UnitTestResult executionId="a94e5ac6-b779-4239-91a8-a9d7a5f1cac4" testId="38f7f0d6-cec5-8b7c-d688-d4e64bcf4bdf" testName="AddJobInArgument_ValidNewDateTimeArgument_PersistsCorrectly" computerName="ICSWS068" duration="00:00:00.3658878" startTime="2016-08-04T10:08:55.5622979+02:00" endTime="2016-08-04T10:08:55.9295738+02:00" testType="13cdc9d9-ddb5-4fa4-a97d-d965ccfc6d4b" outcome="Passed" testListId="8c84fa94-04c1-424b-9868-57a2d4851a1d" relativeResultsDirectory="a94e5ac6-b779-4239-91a8-a9d7a5f1cac4" />
    <UnitTestResult executionId="1a667f24-5be0-4ba8-b4a4-289160f34c90" testId="304bfecb-4af4-3be5-edfb-d18a578fca48" testName="AddJobInArgument_ValidNewVersionArgument_PersistsCorrectly" computerName="ICSWS068" duration="00:00:00.3803726" startTime="2016-08-04T10:08:55.9330799+02:00" endTime="2016-08-04T10:08:56.3149616+02:00" testType="13cdc9d9-ddb5-4fa4-a97d-d965ccfc6d4b" outcome="Passed" testListId="8c84fa94-04c1-424b-9868-57a2d4851a1d" relativeResultsDirectory="1a667f24-5be0-4ba8-b4a4-289160f34c90" />
    <UnitTestResult executionId="c6f39c79-e0b4-4565-8cad-f7220b953f6c" testId="85eec630-25eb-143b-b971-623531e4c1d7" testName="AddJobInArgument_ValidNewDoubleArgument_PersistsCorrectly" computerName="ICSWS068" duration="00:00:00.3733903" startTime="2016-08-04T10:08:56.3179648+02:00" endTime="2016-08-04T10:08:56.6931426+02:00" testType="13cdc9d9-ddb5-4fa4-a97d-d965ccfc6d4b" outcome="Passed" testListId="8c84fa94-04c1-424b-9868-57a2d4851a1d" relativeResultsDirectory="c6f39c79-e0b4-4565-8cad-f7220b953f6c" />
    <UnitTestResult executionId="d634f590-3b79-4d35-905f-d7667344ea70" testId="9dc82e84-4af8-d04c-a8ab-c7d6b90937d3" testName="AddJobInArgument_DuplicateArgumentName_ThrowsSqlException" computerName="ICSWS068" duration="00:00:00.3701640" startTime="2016-08-04T10:08:56.6961449+02:00" endTime="2016-08-04T10:08:57.0682881+02:00" testType="13cdc9d9-ddb5-4fa4-a97d-d965ccfc6d4b" outcome="Passed" testListId="8c84fa94-04c1-424b-9868-57a2d4851a1d" relativeResultsDirectory="d634f590-3b79-4d35-905f-d7667344ea70" />
    <UnitTestResult executionId="57928ee3-9218-4200-814f-4b61053d388d" testId="ff09b10c-e867-7c9b-7880-553bcce60e1b" testName="AddJobInArgument_DuplicateArgumentId_ThrowsSqlException" computerName="ICSWS068" duration="00:00:00.3778321" startTime="2016-08-04T10:08:57.0712890+02:00" endTime="2016-08-04T10:08:57.4505831+02:00" testType="13cdc9d9-ddb5-4fa4-a97d-d965ccfc6d4b" outcome="Passed" testListId="8c84fa94-04c1-424b-9868-57a2d4851a1d" relativeResultsDirectory="57928ee3-9218-4200-814f-4b61053d388d" />
    <UnitTestResult executionId="72e8c64c-b4bb-4e2c-b52d-5315cec4c3d5" testId="949f9dee-9347-eff9-50ab-811003704d35" testName="SetJobOutputArgument_NonExistingJobAndValidArgumentNames_ThrowsSqlException" computerName="ICSWS068" duration="00:00:00.3823986" startTime="2016-08-04T10:08:57.4535845+02:00" endTime="2016-08-04T10:08:57.8375525+02:00" testType="13cdc9d9-ddb5-4fa4-a97d-d965ccfc6d4b" outcome="Passed" testListId="8c84fa94-04c1-424b-9868-57a2d4851a1d" relativeResultsDirectory="72e8c64c-b4bb-4e2c-b52d-5315cec4c3d5" />
    <UnitTestResult executionId="f1be4bb9-e99d-4172-b15c-8fa5052af5cb" testId="82ec902c-744f-45f5-68fe-2639e05ce0a4" testName="SetJobOutputArguments_NullArgumentName_ThrowsArgumentNullException" computerName="ICSWS068" duration="00:00:00.3674218" startTime="2016-08-04T10:08:57.8410559+02:00" endTime="2016-08-04T10:08:58.2090992+02:00" testType="13cdc9d9-ddb5-4fa4-a97d-d965ccfc6d4b" outcome="Passed" testListId="8c84fa94-04c1-424b-9868-57a2d4851a1d" relativeResultsDirectory="f1be4bb9-e99d-4172-b15c-8fa5052af5cb" />
    <UnitTestResult executionId="7ee57e8c-48c6-49b4-b56b-0ca00c7d3b4d" testId="17a7262c-b93a-46de-ae91-ae8c5425a790" testName="SetJobOutputArguments_EmptyArgumentName_ThrowsArgumentNullException" computerName="ICSWS068" duration="00:00:00.4145025" startTime="2016-08-04T10:08:58.2131027+02:00" endTime="2016-08-04T10:08:58.6287830+02:00" testType="13cdc9d9-ddb5-4fa4-a97d-d965ccfc6d4b" outcome="Passed" testListId="8c84fa94-04c1-424b-9868-57a2d4851a1d" relativeResultsDirectory="7ee57e8c-48c6-49b4-b56b-0ca00c7d3b4d" />
    <UnitTestResult executionId="bf4a0fcf-6411-489b-ae1a-5b21772a53ee" testId="df1dbbb9-b221-4418-ea8e-2568710a5c7f" testName="SetJobOutputArguments_ValidNewStringArgument_PersistsCorrectly" computerName="ICSWS068" duration="00:00:00.3761158" startTime="2016-08-04T10:08:58.6332882+02:00" endTime="2016-08-04T10:08:59.0104997+02:00" testType="13cdc9d9-ddb5-4fa4-a97d-d965ccfc6d4b" outcome="Passed" testListId="8c84fa94-04c1-424b-9868-57a2d4851a1d" relativeResultsDirectory="bf4a0fcf-6411-489b-ae1a-5b21772a53ee" />
    <UnitTestResult executionId="5d8a546c-a42b-4469-adc4-83324d8b2edc" testId="084ae0f5-8c83-21d8-b37e-8ce8088086b2" testName="SetJobOutputArguments_ValidNewHugeStringArgument_PersistsCorrectly" computerName="ICSWS068" duration="00:00:00.5529632" startTime="2016-08-04T10:08:59.0145031+02:00" endTime="2016-08-04T10:08:59.5694582+02:00" testType="13cdc9d9-ddb5-4fa4-a97d-d965ccfc6d4b" outcome="Passed" testListId="8c84fa94-04c1-424b-9868-57a2d4851a1d" relativeResultsDirectory="5d8a546c-a42b-4469-adc4-83324d8b2edc" />
    <UnitTestResult executionId="b4be464c-881d-425e-9e9b-97778e40cae4" testId="fb7ed7cf-a546-db7d-398c-cc202e4cacd3" testName="SetJobOutputArguments_ValidNewInt32StringArgument_PersistsCorrectly" computerName="ICSWS068" duration="00:00:00.3716062" startTime="2016-08-04T10:08:59.5724602+02:00" endTime="2016-08-04T10:08:59.9463703+02:00" testType="13cdc9d9-ddb5-4fa4-a97d-d965ccfc6d4b" outcome="Passed" testListId="8c84fa94-04c1-424b-9868-57a2d4851a1d" relativeResultsDirectory="b4be464c-881d-425e-9e9b-97778e40cae4" />
    <UnitTestResult executionId="4a065b43-1dea-489d-9e79-50af0865faaa" testId="91e6ef0c-e0f9-7b2d-8798-b63990f3d465" testName="SetJobOutputArguments_ValidNewDateTimeStringArgument_PersistsCorrectly" computerName="ICSWS068" duration="00:00:00.4228891" startTime="2016-08-04T10:08:59.9493717+02:00" endTime="2016-08-04T10:09:00.3741756+02:00" testType="13cdc9d9-ddb5-4fa4-a97d-d965ccfc6d4b" outcome="Passed" testListId="8c84fa94-04c1-424b-9868-57a2d4851a1d" relativeResultsDirectory="4a065b43-1dea-489d-9e79-50af0865faaa" />
    <UnitTestResult executionId="db0ce8ae-288a-4a94-a270-5fefe8727440" testId="1bf328a6-997a-7d7b-85d0-7d5b09e496d9" testName="SetJobOutputArguments_ValidNewVersionStringArgument_PersistsCorrectly" computerName="ICSWS068" duration="00:00:00.3804051" startTime="2016-08-04T10:09:00.3761770+02:00" endTime="2016-08-04T10:09:00.7586808+02:00" testType="13cdc9d9-ddb5-4fa4-a97d-d965ccfc6d4b" outcome="Passed" testListId="8c84fa94-04c1-424b-9868-57a2d4851a1d" relativeResultsDirectory="db0ce8ae-288a-4a94-a270-5fefe8727440" />
    <UnitTestResult executionId="0ebe886f-5191-449b-a22f-60c316ba16e7" testId="482595cd-80f7-a86c-193c-f0cd1750af8a" testName="SetJobOutputArguments_ValidNewNullArgument_PersistsCorrectly" computerName="ICSWS068" duration="00:00:00.3645389" startTime="2016-08-04T10:09:00.7616813+02:00" endTime="2016-08-04T10:09:01.1274988+02:00" testType="13cdc9d9-ddb5-4fa4-a97d-d965ccfc6d4b" outcome="Passed" testListId="8c84fa94-04c1-424b-9868-57a2d4851a1d" relativeResultsDirectory="0ebe886f-5191-449b-a22f-60c316ba16e7" />
    <UnitTestResult executionId="32bb86dd-37b3-4675-819a-4c5db470f8d7" testId="9df77f40-a476-2e68-b7eb-9e9709800bcb" testName="SetJobOutputArguments_ValidNewDoubleArgument_PersistsCorrectly" computerName="ICSWS068" duration="00:00:00.3880228" startTime="2016-08-04T10:09:01.1305003+02:00" endTime="2016-08-04T10:09:01.5203001+02:00" testType="13cdc9d9-ddb5-4fa4-a97d-d965ccfc6d4b" outcome="Passed" testListId="8c84fa94-04c1-424b-9868-57a2d4851a1d" relativeResultsDirectory="32bb86dd-37b3-4675-819a-4c5db470f8d7" />
    <UnitTestResult executionId="438d8484-5e03-4e79-8626-dc28351a373a" testId="25dfaa20-685d-9dfd-c9d7-1e6155afab53" testName="SetJobOutputArguments_JobAlreadyHasArguments_ReplacesArgumentsCompletely" computerName="ICSWS068" duration="00:00:00.3673664" startTime="2016-08-04T10:09:01.5223015+02:00" endTime="2016-08-04T10:09:01.8911735+02:00" testType="13cdc9d9-ddb5-4fa4-a97d-d965ccfc6d4b" outcome="Passed" testListId="8c84fa94-04c1-424b-9868-57a2d4851a1d" relativeResultsDirectory="438d8484-5e03-4e79-8626-dc28351a373a" />
    <UnitTestResult executionId="2c761c04-63fd-49cc-8338-5a27aa549c67" testId="91af2710-1b78-1ad1-7202-373d2c3c8692" testName="SetJobOutputArgument_DuplicateArgumentName_ThrowsSqlException" computerName="ICSWS068" duration="00:00:00.3777289" startTime="2016-08-04T10:09:01.8941758+02:00" endTime="2016-08-04T10:09:02.2739650+02:00" testType="13cdc9d9-ddb5-4fa4-a97d-d965ccfc6d4b" outcome="Passed" testListId="8c84fa94-04c1-424b-9868-57a2d4851a1d" relativeResultsDirectory="2c761c04-63fd-49cc-8338-5a27aa549c67" />
    <UnitTestResult executionId="19c21bd9-5daa-4eb1-825b-0fdf41d24a54" testId="a8744862-8235-fc77-d6dd-f22edf5ced22" testName="TryGetEventTypeId_NonExistingJob_ReturnsNull" computerName="ICSWS068" duration="00:00:00.3793028" startTime="2016-08-04T10:09:02.2769667+02:00" endTime="2016-08-04T10:09:02.6569277+02:00" testType="13cdc9d9-ddb5-4fa4-a97d-d965ccfc6d4b" outcome="Passed" testListId="8c84fa94-04c1-424b-9868-57a2d4851a1d" relativeResultsDirectory="19c21bd9-5daa-4eb1-825b-0fdf41d24a54" />
    <UnitTestResult executionId="bc94f0b4-b510-4b73-a703-73beb27c5419" testId="02df0eff-645b-991d-944c-0ddd2d51eb01" testName="TryGetEventTypeId_ExistingJob_ReturnsCorrectEventTypeId" computerName="ICSWS068" duration="00:00:00.3837478" startTime="2016-08-04T10:09:02.6599297+02:00" endTime="2016-08-04T10:09:03.0457876+02:00" testType="13cdc9d9-ddb5-4fa4-a97d-d965ccfc6d4b" outcome="Passed" testListId="8c84fa94-04c1-424b-9868-57a2d4851a1d" relativeResultsDirectory="bc94f0b4-b510-4b73-a703-73beb27c5419" />
    <UnitTestResult executionId="e9219bcb-79a8-4fd1-8d97-839e5efc553a" testId="e034a2ff-97fa-d6ea-1f7b-3dc48794801e" testName="GetNonTerminatedServerPartJobsFromNewestSession_NoSuchJobsExist_ReturnsEmptySet" computerName="ICSWS068" duration="00:00:00.3890395" startTime="2016-08-04T10:09:03.0487902+02:00" endTime="2016-08-04T10:09:03.4398595+02:00" testType="13cdc9d9-ddb5-4fa4-a97d-d965ccfc6d4b" outcome="Passed" testListId="8c84fa94-04c1-424b-9868-57a2d4851a1d" relativeResultsDirectory="e9219bcb-79a8-4fd1-8d97-839e5efc553a" />
    <UnitTestResult executionId="6c4bb061-a516-4368-8a4d-8d8723a1b4c2" testId="e1721135-0df6-4261-64a8-8d6ee06a5b15" testName="GetNonTerminatedServerPartJobsFromNewestSession_ServeralSuchJobsExists_ReturnsCorrectJobs" computerName="ICSWS068" duration="00:00:00.4051573" startTime="2016-08-04T10:09:03.4423601+02:00" endTime="2016-08-04T10:09:03.8491423+02:00" testType="13cdc9d9-ddb5-4fa4-a97d-d965ccfc6d4b" outcome="Passed" testListId="8c84fa94-04c1-424b-9868-57a2d4851a1d" relativeResultsDirectory="6c4bb061-a516-4368-8a4d-8d8723a1b4c2" />
    <UnitTestResult executionId="c45e3698-efdb-40c5-a5d1-fcbe3edf8322" testId="3b0e8421-4e2f-f485-5d44-87115871bd53" testName="GetQueuedAndRunningJobIds_NonExistingComponentConfiguration_ReturnsEmptySet" computerName="ICSWS068" duration="00:00:00.3416825" startTime="2016-08-04T10:09:03.8521458+02:00" endTime="2016-08-04T10:09:04.1949088+02:00" testType="13cdc9d9-ddb5-4fa4-a97d-d965ccfc6d4b" outcome="Passed" testListId="8c84fa94-04c1-424b-9868-57a2d4851a1d" relativeResultsDirectory="c45e3698-efdb-40c5-a5d1-fcbe3edf8322" />
    <UnitTestResult executionId="3dcc7274-c993-4da5-9c09-50d3a0a5fcf0" testId="72fbed9a-3a8b-6d1a-6101-62b07225e841" testName="GetQueuedAndRunningJobIds_NoRunningJobsForSpecifiedComponentConfigurationExists_ReturnsEmptySet" computerName="ICSWS068" duration="00:00:00.3951417" startTime="2016-08-04T10:09:04.1979100+02:00" endTime="2016-08-04T10:09:04.5944267+02:00" testType="13cdc9d9-ddb5-4fa4-a97d-d965ccfc6d4b" outcome="Passed" testListId="8c84fa94-04c1-424b-9868-57a2d4851a1d" relativeResultsDirectory="3dcc7274-c993-4da5-9c09-50d3a0a5fcf0" />
    <UnitTestResult executionId="4217f31f-226a-4cbb-9234-b9b6832a35fc" testId="8bd9b0da-fc9b-3d26-3d1e-bd43c94a5bb9" testName="GetQueuedAndRunningJobIds_RunningJobsForSpecifiedComponentConfigurationExists_ReturnsCorrectSet" computerName="ICSWS068" duration="00:00:00.4254331" startTime="2016-08-04T10:09:04.5974278+02:00" endTime="2016-08-04T10:09:05.0247716+02:00" testType="13cdc9d9-ddb5-4fa4-a97d-d965ccfc6d4b" outcome="Passed" testListId="8c84fa94-04c1-424b-9868-57a2d4851a1d" relativeResultsDirectory="4217f31f-226a-4cbb-9234-b9b6832a35fc" />
    <UnitTestResult executionId="ef75ff40-323c-4d77-af61-993f925143d5" testId="23084a94-311d-0b86-1c21-4c61252001dc" testName="GetChildJobIdsOf_NonExistingJob_ReturnsEmptyList" computerName="ICSWS068" duration="00:00:00.3670177" startTime="2016-08-04T10:09:05.0267727+02:00" endTime="2016-08-04T10:09:05.3960562+02:00" testType="13cdc9d9-ddb5-4fa4-a97d-d965ccfc6d4b" outcome="Passed" testListId="8c84fa94-04c1-424b-9868-57a2d4851a1d" relativeResultsDirectory="ef75ff40-323c-4d77-af61-993f925143d5" />
    <UnitTestResult executionId="4e3f7498-e4ca-4971-aa3b-d5bc779504e0" testId="49c319f9-ff43-f0dd-0b72-6f676f274558" testName="GetChildJobIdsOf_ExistingJob_ReturnsCorrectList" computerName="ICSWS068" duration="00:00:00.4183066" startTime="2016-08-04T10:09:05.3980576+02:00" endTime="2016-08-04T10:09:05.8175754+02:00" testType="13cdc9d9-ddb5-4fa4-a97d-d965ccfc6d4b" outcome="Passed" testListId="8c84fa94-04c1-424b-9868-57a2d4851a1d" relativeResultsDirectory="4e3f7498-e4ca-4971-aa3b-d5bc779504e0" />
    <UnitTestResult executionId="d1faee21-ac64-4960-ad62-0e2d66eeec33" testId="112f2954-42ab-3b9a-cdbc-0f14521f4fcd" testName="GetIdsOfQueuedJobsByWhmJobId_NonExistingWhmId_ReturnsEmptyList" computerName="ICSWS068" duration="00:00:00.3870856" startTime="2016-08-04T10:09:05.8215794+02:00" endTime="2016-08-04T10:09:06.2099250+02:00" testType="13cdc9d9-ddb5-4fa4-a97d-d965ccfc6d4b" outcome="Passed" testListId="8c84fa94-04c1-424b-9868-57a2d4851a1d" relativeResultsDirectory="d1faee21-ac64-4960-ad62-0e2d66eeec33" />
    <UnitTestResult executionId="d221fd59-dc12-41cb-b284-5940ee4b8a36" testId="49e399be-b362-c476-1ca0-23c85ec8a8c1" testName="RepositoryEntityTypeId_ReturnsJob" computerName="ICSWS068" duration="00:00:00.3515982" startTime="2016-08-04T10:09:06.2289385+02:00" endTime="2016-08-04T10:09:06.5822102+02:00" testType="13cdc9d9-ddb5-4fa4-a97d-d965ccfc6d4b" outcome="Passed" testListId="8c84fa94-04c1-424b-9868-57a2d4851a1d" relativeResultsDirectory="d221fd59-dc12-41cb-b284-5940ee4b8a36" />
    <UnitTestResult executionId="aec8179a-254e-467a-8b0f-931611a01065" testId="9cc3f468-5068-0bfe-5fae-3665ad18a92c" testName="RepositoryEntityType_ReturnsIJob" computerName="ICSWS068" duration="00:00:00.3748064" startTime="2016-08-04T10:09:06.5862136+02:00" endTime="2016-08-04T10:09:06.9625260+02:00" testType="13cdc9d9-ddb5-4fa4-a97d-d965ccfc6d4b" outcome="Passed" testListId="8c84fa94-04c1-424b-9868-57a2d4851a1d" relativeResultsDirectory="aec8179a-254e-467a-8b0f-931611a01065" />
    <UnitTestResult executionId="e90ceb8d-7e24-4d84-b118-d49bd667f37b" testId="c5164169-e707-dc8a-2920-6b24e393fa65" testName="RepositorySystemContext_MatchesActualSystemContext" computerName="ICSWS068" duration="00:00:00.3798597" startTime="2016-08-04T10:09:06.9655473+02:00" endTime="2016-08-04T10:09:07.3473136+02:00" testType="13cdc9d9-ddb5-4fa4-a97d-d965ccfc6d4b" outcome="Passed" testListId="8c84fa94-04c1-424b-9868-57a2d4851a1d" relativeResultsDirectory="e90ceb8d-7e24-4d84-b118-d49bd667f37b" />
    <UnitTestResult executionId="ffff5b9b-9a1c-4623-9f57-46450a9f6c59" testId="b6a2d6da-9506-44fd-7eea-478b9454e805" testName="Exists_JobAttributeTypeKey_ThrowsArgumentException" computerName="ICSWS068" duration="00:00:00.3467971" startTime="2016-08-04T10:09:07.3498156+02:00" endTime="2016-08-04T10:09:07.6980844+02:00" testType="13cdc9d9-ddb5-4fa4-a97d-d965ccfc6d4b" outcome="Passed" testListId="8c84fa94-04c1-424b-9868-57a2d4851a1d" relativeResultsDirectory="ffff5b9b-9a1c-4623-9f57-46450a9f6c59" />
    <UnitTestResult executionId="8b62a027-03e6-4601-9c99-cd722f4e96f9" testId="867f60ab-40ae-4b73-a3ed-178b4dd50c76" testName="Exists_KnownJobKey_ReturnsTrue (Data Row 0)" computerName="ICSWS068" duration="00:00:00.3520726" startTime="2016-08-04T08:09:07.7080904+02:00" endTime="2016-08-04T08:09:08.0599185+02:00" testType="13cdc9d9-ddb5-4fa4-a97d-d965ccfc6d4b" outcome="Passed" testListId="8c84fa94-04c1-424b-9868-57a2d4851a1d" relativeResultsDirectory="8b62a027-03e6-4601-9c99-cd722f4e96f9" />
    <UnitTestResult executionId="66b92e0a-9086-4360-a899-652ed2ada1cc" testId="9953d1cf-6de6-4319-805d-8c9fd6235952" testName="Exists_KnownJobKey_ReturnsTrue (Data Row 1)" computerName="ICSWS068" duration="00:00:00.3513738" startTime="2016-08-04T08:09:08.0599185+02:00" endTime="2016-08-04T08:09:08.4114395+02:00" testType="13cdc9d9-ddb5-4fa4-a97d-d965ccfc6d4b" outcome="Passed" testListId="8c84fa94-04c1-424b-9868-57a2d4851a1d" relativeResultsDirectory="66b92e0a-9086-4360-a899-652ed2ada1cc" />
    <UnitTestResult executionId="9935a525-6b5e-44b1-a66d-5bd8337efeb3" testId="d8168d25-44db-4e66-41dd-c856deca66f1" testName="Exists_NonExistingJobKey_ReturnsFalse" computerName="ICSWS068" duration="00:00:00.3801151" startTime="2016-08-04T10:09:08.4154420+02:00" endTime="2016-08-04T10:09:08.7977605+02:00" testType="13cdc9d9-ddb5-4fa4-a97d-d965ccfc6d4b" outcome="Passed" testListId="8c84fa94-04c1-424b-9868-57a2d4851a1d" relativeResultsDirectory="9935a525-6b5e-44b1-a66d-5bd8337efeb3" />
    <UnitTestResult executionId="30eb6992-1584-407d-b4b2-d62fcd73728b" testId="6d3e34a7-35a5-55ef-33e9-44ac84419713" testName="CreateInstance_CreatesNewJob" computerName="ICSWS068" duration="00:00:00.3425321" startTime="2016-08-04T10:09:08.8007628+02:00" endTime="2016-08-04T10:09:09.1448965+02:00" testType="13cdc9d9-ddb5-4fa4-a97d-d965ccfc6d4b" outcome="Passed" testListId="8c84fa94-04c1-424b-9868-57a2d4851a1d" relativeResultsDirectory="30eb6992-1584-407d-b4b2-d62fcd73728b" />
    <UnitTestResult executionId="da2cc31d-4bd5-4843-a013-9f72bdda90d6" testId="dbb8f9c6-ce21-f488-928d-6ae93eb5615f" testName="GetByKey_NewGuid_ThrowsEntityNotFoundException" computerName="ICSWS068" duration="00:00:00.3590393" startTime="2016-08-04T10:09:09.1473994+02:00" endTime="2016-08-04T10:09:09.5081754+02:00" testType="13cdc9d9-ddb5-4fa4-a97d-d965ccfc6d4b" outcome="Passed" testListId="8c84fa94-04c1-424b-9868-57a2d4851a1d" relativeResultsDirectory="da2cc31d-4bd5-4843-a013-9f72bdda90d6" />
    <UnitTestResult executionId="a9ed8d84-deb4-4ccc-90b1-4c7b798cacbd" testId="9ed55493-e1dd-4a87-9521-b57f4277ef2d" testName="GetByKey_KnownKey_ReturnsEntityWithCorrectProperties (Data Row 0)" computerName="ICSWS068" duration="00:00:00.3993677" startTime="2016-08-04T08:09:09.5121791+02:00" endTime="2016-08-04T08:09:09.9124840+02:00" testType="13cdc9d9-ddb5-4fa4-a97d-d965ccfc6d4b" outcome="Passed" testListId="8c84fa94-04c1-424b-9868-57a2d4851a1d" relativeResultsDirectory="a9ed8d84-deb4-4ccc-90b1-4c7b798cacbd" />
    <UnitTestResult executionId="a67888a4-bf4a-4c86-b00b-1402a8014df4" testId="440cb629-035c-451b-a08f-cdcc7e7b1c86" testName="GetByKey_KnownKey_ReturnsEntityWithCorrectProperties (Data Row 1)" computerName="ICSWS068" duration="00:00:00.3564432" startTime="2016-08-04T08:09:09.9124840+02:00" endTime="2016-08-04T08:09:10.2687569+02:00" testType="13cdc9d9-ddb5-4fa4-a97d-d965ccfc6d4b" outcome="Passed" testListId="8c84fa94-04c1-424b-9868-57a2d4851a1d" relativeResultsDirectory="a67888a4-bf4a-4c86-b00b-1402a8014df4" />
    <UnitTestResult executionId="e2b14ea7-27d9-4309-ae64-4c850e28a34f" testId="9432c986-2860-a1a0-7b1a-5269b72458f2" testName="GetByKey_UnsupportedKey_ThrowsArgumentException" computerName="ICSWS068" duration="00:00:00.3517559" startTime="2016-08-04T10:09:10.2727588+02:00" endTime="2016-08-04T10:09:10.6263305+02:00" testType="13cdc9d9-ddb5-4fa4-a97d-d965ccfc6d4b" outcome="Passed" testListId="8c84fa94-04c1-424b-9868-57a2d4851a1d" relativeResultsDirectory="e2b14ea7-27d9-4309-ae64-4c850e28a34f" />
    <UnitTestResult executionId="d366ef36-a8ea-4779-a4b9-66b96eee0ec5" testId="05290b01-9182-6cd3-4370-3af624ca9f81" testName="GetById_NewGuid_ThrowsEntityNotFoundException" computerName="ICSWS068" duration="00:00:00.3820153" startTime="2016-08-04T10:09:10.6293328+02:00" endTime="2016-08-04T10:09:11.0121243+02:00" testType="13cdc9d9-ddb5-4fa4-a97d-d965ccfc6d4b" outcome="Passed" testListId="8c84fa94-04c1-424b-9868-57a2d4851a1d" relativeResultsDirectory="d366ef36-a8ea-4779-a4b9-66b96eee0ec5" />
    <UnitTestResult executionId="8d70b8a4-2818-4ae6-86cc-892101c3a228" testId="9066cddf-e860-480e-8703-33043b2fae18" testName="GetById_KnownJobId_ReturnsEntityWithCorrectProperties (Data Row 0)" computerName="ICSWS068" duration="00:00:00.3509586" startTime="2016-08-04T08:09:11.0171271+02:00" endTime="2016-08-04T08:09:11.3683590+02:00" testType="13cdc9d9-ddb5-4fa4-a97d-d965ccfc6d4b" outcome="Passed" testListId="8c84fa94-04c1-424b-9868-57a2d4851a1d" relativeResultsDirectory="8d70b8a4-2818-4ae6-86cc-892101c3a228" />
    <UnitTestResult executionId="e9024b4a-83c4-4f91-96b4-9ef5cd242029" testId="d5dc5e2b-844f-4e42-8846-d9d5d50cb137" testName="GetById_KnownJobId_ReturnsEntityWithCorrectProperties (Data Row 1)" computerName="ICSWS068" duration="00:00:00.3564192" startTime="2016-08-04T08:09:11.3683590+02:00" endTime="2016-08-04T08:09:11.7246277+02:00" testType="13cdc9d9-ddb5-4fa4-a97d-d965ccfc6d4b" outcome="Passed" testListId="8c84fa94-04c1-424b-9868-57a2d4851a1d" relativeResultsDirectory="e9024b4a-83c4-4f91-96b4-9ef5cd242029" />
    <UnitTestResult executionId="c1fbf49d-86e1-4ebc-a319-abdeb67500f6" testId="be3608a3-c8eb-6918-18d7-e9a76b1a1d70" testName="TryGetById_NonExistingJobId_ReturnsNull" computerName="ICSWS068" duration="00:00:00.3990179" startTime="2016-08-04T10:09:11.7286300+02:00" endTime="2016-08-04T10:09:12.1289853+02:00" testType="13cdc9d9-ddb5-4fa4-a97d-d965ccfc6d4b" outcome="Passed" testListId="8c84fa94-04c1-424b-9868-57a2d4851a1d" relativeResultsDirectory="c1fbf49d-86e1-4ebc-a319-abdeb67500f6" />
    <UnitTestResult executionId="f12f8a44-e281-494b-b6d8-d8c0583235c4" testId="fdb83dad-c1ca-4d37-ac3a-4ad96015b757" testName="TryGetById_KnownJobId_ReturnsEntityWithCorrectProperties (Data Row 0)" computerName="ICSWS068" duration="00:00:00.3622736" startTime="2016-08-04T08:09:12.1339888+02:00" endTime="2016-08-04T08:09:12.4962676+02:00" testType="13cdc9d9-ddb5-4fa4-a97d-d965ccfc6d4b" outcome="Passed" testListId="8c84fa94-04c1-424b-9868-57a2d4851a1d" relativeResultsDirectory="f12f8a44-e281-494b-b6d8-d8c0583235c4" />
    <UnitTestResult executionId="63048cdf-d5e4-4c41-88c6-d5d7e48e40ae" testId="9d3967e3-c1e7-4ea3-b3e4-e76ab0fb8553" testName="TryGetById_KnownJobId_ReturnsEntityWithCorrectProperties (Data Row 1)" computerName="ICSWS068" duration="00:00:00.3478672" startTime="2016-08-04T08:09:12.4962676+02:00" endTime="2016-08-04T08:09:12.8446418+02:00" testType="13cdc9d9-ddb5-4fa4-a97d-d965ccfc6d4b" outcome="Passed" testListId="8c84fa94-04c1-424b-9868-57a2d4851a1d" relativeResultsDirectory="63048cdf-d5e4-4c41-88c6-d5d7e48e40ae" />
    <UnitTestResult executionId="569b6cb8-c6be-4b9f-9fdf-439b09b60d99" testId="82755bb3-6fed-3979-8bb3-30feca17cd0a" testName="CreateRunningJob_ValidParameters_ShouldPersistCorrectly" computerName="ICSWS068" duration="00:00:00.5698056" startTime="2016-08-04T10:09:12.8481432+02:00" endTime="2016-08-04T10:09:13.4201393+02:00" testType="13cdc9d9-ddb5-4fa4-a97d-d965ccfc6d4b" outcome="Passed" testListId="8c84fa94-04c1-424b-9868-57a2d4851a1d" relativeResultsDirectory="569b6cb8-c6be-4b9f-9fdf-439b09b60d99" />
    <UnitTestResult executionId="c9009b01-6777-4375-992c-626e4d85239d" testId="3ad5abc3-8e59-d53e-f799-56e05c9bd0e0" testName="CreateRunningJob_NonExistingComponentConfiguration_ThrowsSqlException" computerName="ICSWS068" duration="00:00:00.3578006" startTime="2016-08-04T10:09:13.4231402+02:00" endTime="2016-08-04T10:09:13.7824167+02:00" testType="13cdc9d9-ddb5-4fa4-a97d-d965ccfc6d4b" outcome="Passed" testListId="8c84fa94-04c1-424b-9868-57a2d4851a1d" relativeResultsDirectory="c9009b01-6777-4375-992c-626e4d85239d" />
    <UnitTestResult executionId="8c73200c-238d-4c81-ac30-c7da80aeb346" testId="ccf42d92-acb7-2e99-6f7f-95d0983f457a" testName="CreateRunningJob_NonExistingServer_ThrowsSqlException" computerName="ICSWS068" duration="00:00:00.3633600" startTime="2016-08-04T10:09:13.7854184+02:00" endTime="2016-08-04T10:09:14.1507879+02:00" testType="13cdc9d9-ddb5-4fa4-a97d-d965ccfc6d4b" outcome="Passed" testListId="8c84fa94-04c1-424b-9868-57a2d4851a1d" relativeResultsDirectory="8c73200c-238d-4c81-ac30-c7da80aeb346" />
    <UnitTestResult executionId="5612e452-d004-46e0-8b03-af954368ae48" testId="8572a327-6aab-b0d8-abc6-f112630bf025" testName="CreateRunningJob_NonExistingApplicationPool_ThrowsSqlException" computerName="ICSWS068" duration="00:00:00.3721683" startTime="2016-08-04T10:09:14.1537899+02:00" endTime="2016-08-04T10:09:14.5272659+02:00" testType="13cdc9d9-ddb5-4fa4-a97d-d965ccfc6d4b" outcome="Passed" testListId="8c84fa94-04c1-424b-9868-57a2d4851a1d" relativeResultsDirectory="5612e452-d004-46e0-8b03-af954368ae48" />
    <UnitTestResult executionId="8b1a1cfc-da47-4ed4-9fff-452362099d06" testId="a1dcc477-0a3f-a765-3893-2cf151b0cab0" testName="CreateRunningJob_NonExistingCallingJobId_ThrowsSqlException" computerName="ICSWS068" duration="00:00:00.3901450" startTime="2016-08-04T10:09:14.5312691+02:00" endTime="2016-08-04T10:09:14.9220971+02:00" testType="13cdc9d9-ddb5-4fa4-a97d-d965ccfc6d4b" outcome="Passed" testListId="8c84fa94-04c1-424b-9868-57a2d4851a1d" relativeResultsDirectory="8b1a1cfc-da47-4ed4-9fff-452362099d06" />
    <UnitTestResult executionId="a32be870-075d-4402-8769-284520a36c1c" testId="7164b719-2b6c-f906-ac99-8ba83ef3115b" testName="CreateRunningJob_NonExistingTargetWorkerHostJobId_ThrowsSqlException" computerName="ICSWS068" duration="00:00:00.3671095" startTime="2016-08-04T10:09:14.9261005+02:00" endTime="2016-08-04T10:09:15.2943922+02:00" testType="13cdc9d9-ddb5-4fa4-a97d-d965ccfc6d4b" outcome="Passed" testListId="8c84fa94-04c1-424b-9868-57a2d4851a1d" relativeResultsDirectory="a32be870-075d-4402-8769-284520a36c1c" />
    <UnitTestResult executionId="2664ca5e-45d1-4a0d-9d32-1107ff83b636" testId="6d45226b-733a-ab5f-f2fb-147b64ef889b" testName="CreatePendingJob_ValidArguments_PersistsCorrectly" computerName="ICSWS068" duration="00:00:00.3862167" startTime="2016-08-04T10:09:15.2983948+02:00" endTime="2016-08-04T10:09:15.6861914+02:00" testType="13cdc9d9-ddb5-4fa4-a97d-d965ccfc6d4b" outcome="Passed" testListId="8c84fa94-04c1-424b-9868-57a2d4851a1d" relativeResultsDirectory="2664ca5e-45d1-4a0d-9d32-1107ff83b636" />
    <UnitTestResult executionId="c1706cab-d97a-45da-ba49-c50d46a1933f" testId="b6a7629b-dc7c-b345-06af-9dac6bb62e29" testName="CreatePendingJob_NewArgumentDuplicatesNameFromExistingArguments_ThrowsSqlException" computerName="ICSWS068" duration="00:00:00.3546576" startTime="2016-08-04T10:09:15.6891934+02:00" endTime="2016-08-04T10:09:16.0454592+02:00" testType="13cdc9d9-ddb5-4fa4-a97d-d965ccfc6d4b" outcome="Passed" testListId="8c84fa94-04c1-424b-9868-57a2d4851a1d" relativeResultsDirectory="c1706cab-d97a-45da-ba49-c50d46a1933f" />
    <UnitTestResult executionId="c411af74-6678-4fa5-91b3-d33c737140c4" testId="8db9388a-ca71-ffc0-fe9e-d50e57f7e1b0" testName="CreatePendingJob_DuplicateArgumentNamesInNewArguments_ThrowsSqlException" computerName="ICSWS068" duration="00:00:00.3545770" startTime="2016-08-04T10:09:16.0484632+02:00" endTime="2016-08-04T10:09:16.4037513+02:00" testType="13cdc9d9-ddb5-4fa4-a97d-d965ccfc6d4b" outcome="Passed" testListId="8c84fa94-04c1-424b-9868-57a2d4851a1d" relativeResultsDirectory="c411af74-6678-4fa5-91b3-d33c737140c4" />
    <UnitTestResult executionId="8087cbbb-4c4d-4a71-b775-0f44e4c81a8e" testId="2bd43abd-fa7c-1363-0b9c-df688d98b6b8" testName="CreatePendingJob_DuplicateArgumentNamesInExistingArguments_ThrowsSqlException" computerName="ICSWS068" duration="00:00:00.3826581" startTime="2016-08-04T10:09:16.4067539+02:00" endTime="2016-08-04T10:09:16.7909418+02:00" testType="13cdc9d9-ddb5-4fa4-a97d-d965ccfc6d4b" outcome="Passed" testListId="8c84fa94-04c1-424b-9868-57a2d4851a1d" relativeResultsDirectory="8087cbbb-4c4d-4a71-b775-0f44e4c81a8e" />
    <UnitTestResult executionId="3e86b0d0-00af-44a5-b8fc-cbe9e22ba4ed" testId="290635d0-6881-e912-cab5-4fcbe26aec7f" testName="ReRunJob_TryingToRecreateServerJob_ThrowsInvalidOperationException" computerName="ICSWS068" duration="00:00:00.3458863" startTime="2016-08-04T10:09:16.7939447+02:00" endTime="2016-08-04T10:09:17.1422094+02:00" testType="13cdc9d9-ddb5-4fa4-a97d-d965ccfc6d4b" outcome="Passed" testListId="8c84fa94-04c1-424b-9868-57a2d4851a1d" relativeResultsDirectory="3e86b0d0-00af-44a5-b8fc-cbe9e22ba4ed" />
    <UnitTestResult executionId="8ad629c6-982c-4f95-9245-baae9e6e5f55" testId="9219f9af-1c95-a527-a28f-3d9074d6fc0d" testName="ReRunJob_TryingToRecreateJobWithDispatchPendingStatus_ThrowsInvalidOperationException" computerName="ICSWS068" duration="00:00:00.3844302" startTime="2016-08-04T10:09:17.1452114+02:00" endTime="2016-08-04T10:09:17.5313471+02:00" testType="13cdc9d9-ddb5-4fa4-a97d-d965ccfc6d4b" outcome="Passed" testListId="8c84fa94-04c1-424b-9868-57a2d4851a1d" relativeResultsDirectory="8ad629c6-982c-4f95-9245-baae9e6e5f55" />
    <UnitTestResult executionId="b9e3424b-64c4-47b7-a30d-de1094c3e36d" testId="f791a129-944e-9f53-158a-a3feab166b81" testName="ReRunJob_TryingToRecreateJobWithDispatchStatus_ThrowsInvalidOperationException" computerName="ICSWS068" duration="00:00:00.3711109" startTime="2016-08-04T10:09:17.5333482+02:00" endTime="2016-08-04T10:09:17.9056340+02:00" testType="13cdc9d9-ddb5-4fa4-a97d-d965ccfc6d4b" outcome="Passed" testListId="8c84fa94-04c1-424b-9868-57a2d4851a1d" relativeResultsDirectory="b9e3424b-64c4-47b7-a30d-de1094c3e36d" />
    <UnitTestResult executionId="212fdabe-19bc-43bc-b15f-e105edc2cbc7" testId="475889f1-0e37-2747-308b-55ad45ab80fb" testName="ReRunJob_TryingToRecreateJobWithStartPendingStatus_ThrowsInvalidOperationException" computerName="ICSWS068" duration="00:00:00.3668345" startTime="2016-08-04T10:09:17.9086357+02:00" endTime="2016-08-04T10:09:18.2774998+02:00" testType="13cdc9d9-ddb5-4fa4-a97d-d965ccfc6d4b" outcome="Passed" testListId="8c84fa94-04c1-424b-9868-57a2d4851a1d" relativeResultsDirectory="212fdabe-19bc-43bc-b15f-e105edc2cbc7" />
    <UnitTestResult executionId="5c385c96-f911-48ba-aabb-3774d8f9610d" testId="e52d7b82-35cf-512b-0514-471918dc7d7f" testName="ReRunJob_TryingToRecreateJobWithRunningStatus_ThrowsInvalidOperationException" computerName="ICSWS068" duration="00:00:00.3627055" startTime="2016-08-04T10:09:18.2815018+02:00" endTime="2016-08-04T10:09:18.6453801+02:00" testType="13cdc9d9-ddb5-4fa4-a97d-d965ccfc6d4b" outcome="Passed" testListId="8c84fa94-04c1-424b-9868-57a2d4851a1d" relativeResultsDirectory="5c385c96-f911-48ba-aabb-3774d8f9610d" />
    <UnitTestResult executionId="e702b877-98af-4b9d-a894-8289431891dd" testId="541570c3-c3f7-8dc1-3e0c-3ddc008a0b9c" testName="ReRunJob_TryingToRecreateJobWithFinishedSucceededStatus_JobIsReRundWithStatusDispatchPending" computerName="ICSWS068" duration="00:00:00.4383530" startTime="2016-08-04T10:09:18.6483827+02:00" endTime="2016-08-04T10:09:19.0878632+02:00" testType="13cdc9d9-ddb5-4fa4-a97d-d965ccfc6d4b" outcome="Passed" testListId="8c84fa94-04c1-424b-9868-57a2d4851a1d" relativeResultsDirectory="e702b877-98af-4b9d-a894-8289431891dd" />
    <UnitTestResult executionId="c349fd12-fcad-4564-ad99-b95bd0cc5164" testId="6e6e015b-589b-e96e-1ca2-147634da4743" testName="ReRunJob_TryingToRecreateJobWithFinsihedFailedStatus_JobIsReRundWithStatusDispatchPending" computerName="ICSWS068" duration="00:00:00.3823391" startTime="2016-08-04T10:09:19.0908640+02:00" endTime="2016-08-04T10:09:19.4750226+02:00" testType="13cdc9d9-ddb5-4fa4-a97d-d965ccfc6d4b" outcome="Passed" testListId="8c84fa94-04c1-424b-9868-57a2d4851a1d" relativeResultsDirectory="c349fd12-fcad-4564-ad99-b95bd0cc5164" />
    <UnitTestResult executionId="8485de2c-7e91-46ea-b430-f85168642074" testId="96aac6a7-9944-b364-4456-226a71b046ca" testName="ReRunJob_TryingToRecreateJobWithFinsihedLostStatus_JobIsReRundWithStatusDispatchPending" computerName="ICSWS068" duration="00:00:00.3763084" startTime="2016-08-04T10:09:19.4780240+02:00" endTime="2016-08-04T10:09:19.8564363+02:00" testType="13cdc9d9-ddb5-4fa4-a97d-d965ccfc6d4b" outcome="Passed" testListId="8c84fa94-04c1-424b-9868-57a2d4851a1d" relativeResultsDirectory="8485de2c-7e91-46ea-b430-f85168642074" />
    <UnitTestResult executionId="d66f2141-8d4e-4b43-9b20-efa3db47c204" testId="6359243c-bf10-b000-f632-dc9c2e8c8558" testName="SetStateFinished_InvalidCallingJobId_ThrowsSqlException" computerName="ICSWS068" duration="00:00:00.4202353" startTime="2016-08-04T10:09:19.8599395+02:00" endTime="2016-08-04T10:09:20.2814710+02:00" testType="13cdc9d9-ddb5-4fa4-a97d-d965ccfc6d4b" outcome="Passed" testListId="8c84fa94-04c1-424b-9868-57a2d4851a1d" relativeResultsDirectory="d66f2141-8d4e-4b43-9b20-efa3db47c204" />
    <UnitTestResult executionId="a19303e7-94a1-454e-ad82-9e127a57ee07" testId="3d0acaf3-d8dc-09c0-9154-69a13af52c3b" testName="SetStateFinished_ValidArgumentsSucceeded_Succeeds" computerName="ICSWS068" duration="00:00:00.3899524" startTime="2016-08-04T10:09:20.2844733+02:00" endTime="2016-08-04T10:09:20.6750535+02:00" testType="13cdc9d9-ddb5-4fa4-a97d-d965ccfc6d4b" outcome="Passed" testListId="8c84fa94-04c1-424b-9868-57a2d4851a1d" relativeResultsDirectory="a19303e7-94a1-454e-ad82-9e127a57ee07" />
    <UnitTestResult executionId="19707e58-730f-4ff5-af94-bc8b9ccc9185" testId="f1f7a491-7433-7b92-802e-0056e9610638" testName="SetStateFinished_PendingJob_JobIsNoLongedInPendingQueue" computerName="ICSWS068" duration="00:00:00.3654603" startTime="2016-08-04T10:09:20.6780549+02:00" endTime="2016-08-04T10:09:21.0458334+02:00" testType="13cdc9d9-ddb5-4fa4-a97d-d965ccfc6d4b" outcome="Passed" testListId="8c84fa94-04c1-424b-9868-57a2d4851a1d" relativeResultsDirectory="19707e58-730f-4ff5-af94-bc8b9ccc9185" />
    <UnitTestResult executionId="5dd6b86f-5253-4a06-bcbd-defb90c10351" testId="41ad690a-8b13-39f0-d6bf-252ae19df77f" testName="SetStateFinished_ValidArgumentsFailed_Succeeds" computerName="ICSWS068" duration="00:00:00.3738982" startTime="2016-08-04T10:09:21.0498365+02:00" endTime="2016-08-04T10:09:21.4251384+02:00" testType="13cdc9d9-ddb5-4fa4-a97d-d965ccfc6d4b" outcome="Passed" testListId="8c84fa94-04c1-424b-9868-57a2d4851a1d" relativeResultsDirectory="5dd6b86f-5253-4a06-bcbd-defb90c10351" />
    <UnitTestResult executionId="d67c916e-e853-4aba-9e93-ee77cde5c57a" testId="0c948d49-d815-36ec-b84a-50d6c94da19d" testName="SetStateFinished_NonFinishedState_ThrowsArgumentException" computerName="ICSWS068" duration="00:00:00.3881809" startTime="2016-08-04T10:09:21.4281392+02:00" endTime="2016-08-04T10:09:21.8184821+02:00" testType="13cdc9d9-ddb5-4fa4-a97d-d965ccfc6d4b" outcome="Passed" testListId="8c84fa94-04c1-424b-9868-57a2d4851a1d" relativeResultsDirectory="d67c916e-e853-4aba-9e93-ee77cde5c57a" />
    <UnitTestResult executionId="e6b8d049-7694-4007-bab4-58e3ee4ec939" testId="8c0ba4c4-1b16-6b94-8f80-ba89108d2082" testName="SetStateFinishedOnInstance_NullJob_ThrowsArgumentNullException" computerName="ICSWS068" duration="00:00:00.3641729" startTime="2016-08-04T10:09:21.8214841+02:00" endTime="2016-08-04T10:09:22.1869474+02:00" testType="13cdc9d9-ddb5-4fa4-a97d-d965ccfc6d4b" outcome="Passed" testListId="8c84fa94-04c1-424b-9868-57a2d4851a1d" relativeResultsDirectory="e6b8d049-7694-4007-bab4-58e3ee4ec939" />
    <UnitTestResult executionId="b116ae16-658f-4583-bf14-d44d80de80d1" testId="fe94b414-19ef-0218-019c-1ca6a1e75db7" testName="SetStateFinishedOnInstance_InvalidCallingJobId_ThrowsSqlException" computerName="ICSWS068" duration="00:00:00.3683098" startTime="2016-08-04T10:09:22.1899479+02:00" endTime="2016-08-04T10:09:22.5604909+02:00" testType="13cdc9d9-ddb5-4fa4-a97d-d965ccfc6d4b" outcome="Passed" testListId="8c84fa94-04c1-424b-9868-57a2d4851a1d" relativeResultsDirectory="b116ae16-658f-4583-bf14-d44d80de80d1" />
    <UnitTestResult executionId="e5d478bc-a54a-4f4f-86f2-cf24408a64e6" testId="ff74a06f-cb12-a663-ac6f-05a352a86427" testName="SetStateFinishedOnInstance_ValidArgumentsSucceeded_Succeeds" computerName="ICSWS068" duration="00:00:00.4030524" startTime="2016-08-04T10:09:22.5639935+02:00" endTime="2016-08-04T10:09:22.9691444+02:00" testType="13cdc9d9-ddb5-4fa4-a97d-d965ccfc6d4b" outcome="Passed" testListId="8c84fa94-04c1-424b-9868-57a2d4851a1d" relativeResultsDirectory="e5d478bc-a54a-4f4f-86f2-cf24408a64e6" />
    <UnitTestResult executionId="5803949f-ea0b-4453-b592-03f263660158" testId="584d0a50-caaa-f3b7-8ce2-6904b95d3be1" testName="SetStateFinishedOnInstance_ValidArgumentsFailed_Succeeds" computerName="ICSWS068" duration="00:00:00.3698470" startTime="2016-08-04T10:09:22.9716481+02:00" endTime="2016-08-04T10:09:23.3434603+02:00" testType="13cdc9d9-ddb5-4fa4-a97d-d965ccfc6d4b" outcome="Passed" testListId="8c84fa94-04c1-424b-9868-57a2d4851a1d" relativeResultsDirectory="5803949f-ea0b-4453-b592-03f263660158" />
    <UnitTestResult executionId="320aa042-e3df-49a8-9d2c-6a2c04be5f95" testId="0d0bc988-4331-b901-9a13-09a35b3934db" testName="SetStateFinishedOnInstance_NonFinishedState_ThrowsArgumentException" computerName="ICSWS068" duration="00:00:00.3567655" startTime="2016-08-04T10:09:23.3464632+02:00" endTime="2016-08-04T10:09:23.7052192+02:00" testType="13cdc9d9-ddb5-4fa4-a97d-d965ccfc6d4b" outcome="Passed" testListId="8c84fa94-04c1-424b-9868-57a2d4851a1d" relativeResultsDirectory="320aa042-e3df-49a8-9d2c-6a2c04be5f95" />
    <UnitTestResult executionId="e59135b2-0a7c-41cb-a4d9-50035391c626" testId="f45098ec-dc80-7f80-3b87-16849d55ec7b" testName="SetStateDispatched_InvalidCallerJobId_ThrowsSqlException" computerName="ICSWS068" duration="00:00:00.3937274" startTime="2016-08-04T10:09:23.7082206+02:00" endTime="2016-08-04T10:09:24.1032007+02:00" testType="13cdc9d9-ddb5-4fa4-a97d-d965ccfc6d4b" outcome="Passed" testListId="8c84fa94-04c1-424b-9868-57a2d4851a1d" relativeResultsDirectory="e59135b2-0a7c-41cb-a4d9-50035391c626" />
    <UnitTestResult executionId="9cdbb73f-c431-411d-9dbd-a9329ec7d47f" testId="6435d2a8-3179-401b-db2f-2f04a5334c52" testName="SetStateDispatched_InvalidWhmJobId_ThrowsSqlException" computerName="ICSWS068" duration="00:00:00.3586021" startTime="2016-08-04T10:09:24.1062191+02:00" endTime="2016-08-04T10:09:24.4664775+02:00" testType="13cdc9d9-ddb5-4fa4-a97d-d965ccfc6d4b" outcome="Passed" testListId="8c84fa94-04c1-424b-9868-57a2d4851a1d" relativeResultsDirectory="9cdbb73f-c431-411d-9dbd-a9329ec7d47f" />
    <UnitTestResult executionId="1ac70059-f47c-48c2-b680-7ed431a7361d" testId="3f6bf044-d22a-f225-87b5-ef3eb3ec8c26" testName="SetStateDispatched_InvalidServerId_ThrowsSqlException" computerName="ICSWS068" duration="00:00:00.3647873" startTime="2016-08-04T10:09:24.4694798+02:00" endTime="2016-08-04T10:09:24.8359724+02:00" testType="13cdc9d9-ddb5-4fa4-a97d-d965ccfc6d4b" outcome="Passed" testListId="8c84fa94-04c1-424b-9868-57a2d4851a1d" relativeResultsDirectory="1ac70059-f47c-48c2-b680-7ed431a7361d" />
    <UnitTestResult executionId="78e06bf9-f498-407a-bdb9-4b05e927dcfb" testId="ddb07a5b-2311-3aaf-1d07-ed9d8db98eb1" testName="StateQueued_ValidArguments_Succeeds" computerName="ICSWS068" duration="00:00:00.4068068" startTime="2016-08-04T10:09:24.8389730+02:00" endTime="2016-08-04T10:09:25.2472857+02:00" testType="13cdc9d9-ddb5-4fa4-a97d-d965ccfc6d4b" outcome="Passed" testListId="8c84fa94-04c1-424b-9868-57a2d4851a1d" relativeResultsDirectory="78e06bf9-f498-407a-bdb9-4b05e927dcfb" />
    <UnitTestResult executionId="d2337757-cee1-4e54-a75d-6fc1f14e9d44" testId="eb5313ee-9540-2f72-cefb-2975f062dc29" testName="TrySetStateLost_InvalidCallerJobId_ThrowsSqlException" computerName="ICSWS068" duration="00:00:00.3867962" startTime="2016-08-04T10:09:25.2502885+02:00" endTime="2016-08-04T10:09:25.6380916+02:00" testType="13cdc9d9-ddb5-4fa4-a97d-d965ccfc6d4b" outcome="Passed" testListId="8c84fa94-04c1-424b-9868-57a2d4851a1d" relativeResultsDirectory="d2337757-cee1-4e54-a75d-6fc1f14e9d44" />
    <UnitTestResult executionId="3531bab7-b84e-42d2-a979-31dfcd526849" testId="ff62724b-3d0c-9111-4356-9f9a73bc8891" testName="TrySetStateLost_InvalidJobId_ReturnsFalse" computerName="ICSWS068" duration="00:00:00.3619932" startTime="2016-08-04T10:09:25.6410942+02:00" endTime="2016-08-04T10:09:26.0050575+02:00" testType="13cdc9d9-ddb5-4fa4-a97d-d965ccfc6d4b" outcome="Passed" testListId="8c84fa94-04c1-424b-9868-57a2d4851a1d" relativeResultsDirectory="3531bab7-b84e-42d2-a979-31dfcd526849" />
    <UnitTestResult executionId="50f538d2-cece-4686-9633-00ae8a49c11a" testId="0e2dda5d-b178-e4c3-da03-c0941b6fda5e" testName="TrySetStateLost_JobInDispatchPendingState_ReturnsFalseAndLeavesStateUnchanged" computerName="ICSWS068" duration="00:00:00.3962464" startTime="2016-08-04T10:09:26.0080607+02:00" endTime="2016-08-04T10:09:26.4053921+02:00" testType="13cdc9d9-ddb5-4fa4-a97d-d965ccfc6d4b" outcome="Passed" testListId="8c84fa94-04c1-424b-9868-57a2d4851a1d" relativeResultsDirectory="50f538d2-cece-4686-9633-00ae8a49c11a" />
    <UnitTestResult executionId="0e1adf6a-515c-43d7-876f-22d3df9375ae" testId="c39a0fdc-3e87-6388-491b-98d418be41fd" testName="TrySetStateLost_JobInDispatchedState_ReturnsFalseAndLeavesStateUnchanged" computerName="ICSWS068" duration="00:00:00.3948602" startTime="2016-08-04T10:09:26.4083935+02:00" endTime="2016-08-04T10:09:26.8047448+02:00" testType="13cdc9d9-ddb5-4fa4-a97d-d965ccfc6d4b" outcome="Passed" testListId="8c84fa94-04c1-424b-9868-57a2d4851a1d" relativeResultsDirectory="0e1adf6a-515c-43d7-876f-22d3df9375ae" />
    <UnitTestResult executionId="8a15436c-f7a0-46d6-b6a2-e95624c6d586" testId="e5670a7d-b2f6-5fc9-36c7-fc85315fb1c7" testName="TrySetStateLost_JobInStartPendingState_ReturnsFalseAndLeavesStateUnchanged" computerName="ICSWS068" duration="00:00:00.3636765" startTime="2016-08-04T10:09:26.8077486+02:00" endTime="2016-08-04T10:09:27.1727626+02:00" testType="13cdc9d9-ddb5-4fa4-a97d-d965ccfc6d4b" outcome="Passed" testListId="8c84fa94-04c1-424b-9868-57a2d4851a1d" relativeResultsDirectory="8a15436c-f7a0-46d6-b6a2-e95624c6d586" />
    <UnitTestResult executionId="8daefbe9-7cd0-4cb8-acf3-5a3ef8bceeaa" testId="36b9b6b3-6884-22f0-d88f-211986ee8735" testName="TrySetStateLost_JobInSucceededState_ReturnsFalseAndLeavesStateUnchanged" computerName="ICSWS068" duration="00:00:00.3843370" startTime="2016-08-04T10:09:27.1757652+02:00" endTime="2016-08-04T10:09:27.5621621+02:00" testType="13cdc9d9-ddb5-4fa4-a97d-d965ccfc6d4b" outcome="Passed" testListId="8c84fa94-04c1-424b-9868-57a2d4851a1d" relativeResultsDirectory="8daefbe9-7cd0-4cb8-acf3-5a3ef8bceeaa" />
    <UnitTestResult executionId="809cc561-f525-48e7-a11c-7d8d87153214" testId="8a769ce6-8118-03db-fc71-5680e3ec9337" testName="TrySetStateLost_JobInFailedState_ReturnsFalseAndLeavesStateUnchanged" computerName="ICSWS068" duration="00:00:00.3689737" startTime="2016-08-04T10:09:27.5656638+02:00" endTime="2016-08-04T10:09:27.9356399+02:00" testType="13cdc9d9-ddb5-4fa4-a97d-d965ccfc6d4b" outcome="Passed" testListId="8c84fa94-04c1-424b-9868-57a2d4851a1d" relativeResultsDirectory="809cc561-f525-48e7-a11c-7d8d87153214" />
    <UnitTestResult executionId="30f93d16-5a90-4942-93d4-0d10477ce388" testId="58177738-c12f-ad35-d40d-e5ce8f7dd457" testName="TrySetStateLost_JobInRunningState_ReturnsTrueAndChangesStateOfJobToLost" computerName="ICSWS068" duration="00:00:00.3667606" startTime="2016-08-04T10:09:27.9386422+02:00" endTime="2016-08-04T10:09:28.3069251+02:00" testType="13cdc9d9-ddb5-4fa4-a97d-d965ccfc6d4b" outcome="Passed" testListId="8c84fa94-04c1-424b-9868-57a2d4851a1d" relativeResultsDirectory="30f93d16-5a90-4942-93d4-0d10477ce388" />
    <UnitTestResult executionId="5666f72c-62f2-4636-ba26-210ff43d97be" testId="5fef56f3-1f6a-31a4-8ff0-7d081389c997" testName="TrySetStateLost_ServerLessJobInRunningState_ReturnsTrueAndChangesStateOfJobToLost" computerName="ICSWS068" duration="00:00:00.3771486" startTime="2016-08-04T10:09:28.3099277+02:00" endTime="2016-08-04T10:09:28.6889497+02:00" testType="13cdc9d9-ddb5-4fa4-a97d-d965ccfc6d4b" outcome="Passed" testListId="8c84fa94-04c1-424b-9868-57a2d4851a1d" relativeResultsDirectory="5666f72c-62f2-4636-ba26-210ff43d97be" />
    <UnitTestResult executionId="c6390f2d-50d0-43f3-a1c7-2e0ba70b86ca" testId="0e1b3d29-d75c-07dd-cbac-fdb19e5fe348" testName="TrySetStateLost_JobInInactiveState_ReturnsTrueAndChangesStateOfJobToLost" computerName="ICSWS068" duration="00:00:00.3818872" startTime="2016-08-04T10:09:28.6919535+02:00" endTime="2016-08-04T10:09:29.0744839+02:00" testType="13cdc9d9-ddb5-4fa4-a97d-d965ccfc6d4b" outcome="Passed" testListId="8c84fa94-04c1-424b-9868-57a2d4851a1d" relativeResultsDirectory="c6390f2d-50d0-43f3-a1c7-2e0ba70b86ca" />
    <UnitTestResult executionId="01035ea4-c9be-4591-94f7-f19bf15761e7" testId="dd810e0e-f44b-ad8e-62e3-bfb2713d174e" testName="TrySetStateRunning_InvalidCallerJobId_ThrowsSqlException" computerName="ICSWS068" duration="00:00:00.3713399" startTime="2016-08-04T10:09:29.0789695+02:00" endTime="2016-08-04T10:09:29.4514875+02:00" testType="13cdc9d9-ddb5-4fa4-a97d-d965ccfc6d4b" outcome="Passed" testListId="8c84fa94-04c1-424b-9868-57a2d4851a1d" relativeResultsDirectory="01035ea4-c9be-4591-94f7-f19bf15761e7" />
    <UnitTestResult executionId="0b7b2000-c2a5-40f4-810c-043db452602d" testId="92e8bf50-29cb-5f85-3454-7b032c009d01" testName="TrySetStateRunning_InvalidJobId_ReturnsFalse" computerName="ICSWS068" duration="00:00:00.3844519" startTime="2016-08-04T10:09:29.4544904+02:00" endTime="2016-08-04T10:09:29.8408416+02:00" testType="13cdc9d9-ddb5-4fa4-a97d-d965ccfc6d4b" outcome="Passed" testListId="8c84fa94-04c1-424b-9868-57a2d4851a1d" relativeResultsDirectory="0b7b2000-c2a5-40f4-810c-043db452602d" />
    <UnitTestResult executionId="12a701ef-ed81-458e-b718-1769f217e2fb" testId="67c90e39-9198-57d2-c3a5-03e2bef4eb68" testName="TrySetStateStartRunning_InvalidWorkerHostJobId_ThrowsSqlException" computerName="ICSWS068" duration="00:00:00.3893926" startTime="2016-08-04T10:09:29.8438444+02:00" endTime="2016-08-04T10:09:30.2350891+02:00" testType="13cdc9d9-ddb5-4fa4-a97d-d965ccfc6d4b" outcome="Passed" testListId="8c84fa94-04c1-424b-9868-57a2d4851a1d" relativeResultsDirectory="12a701ef-ed81-458e-b718-1769f217e2fb" />
    <UnitTestResult executionId="527cd407-b6bc-4bc6-9c55-9f98a4555a0e" testId="915cb7cd-f880-7b74-6bb3-6e39fba81567" testName="TrySetStateRunning_JobInRunningState_ReturnsFalseAndLeavesStateRunning" computerName="ICSWS068" duration="00:00:00.3720153" startTime="2016-08-04T10:09:30.2390908+02:00" endTime="2016-08-04T10:09:30.6123970+02:00" testType="13cdc9d9-ddb5-4fa4-a97d-d965ccfc6d4b" outcome="Passed" testListId="8c84fa94-04c1-424b-9868-57a2d4851a1d" relativeResultsDirectory="527cd407-b6bc-4bc6-9c55-9f98a4555a0e" />
    <UnitTestResult executionId="91e2fff0-a253-4951-bda4-81276ccf72d4" testId="e65b2a90-1931-094b-3764-64eb6eb89d03" testName="TrySetStateRunning_JobInDispatchPendingState_ReturnsFalseAndLeavesStateDispatchPending" computerName="ICSWS068" duration="00:00:00.3803095" startTime="2016-08-04T10:09:30.6153993+02:00" endTime="2016-08-04T10:09:30.9966905+02:00" testType="13cdc9d9-ddb5-4fa4-a97d-d965ccfc6d4b" outcome="Passed" testListId="8c84fa94-04c1-424b-9868-57a2d4851a1d" relativeResultsDirectory="91e2fff0-a253-4951-bda4-81276ccf72d4" />
    <UnitTestResult executionId="051f588f-420a-4c33-ac48-414c99a90456" testId="16a246fa-947b-8828-5fb6-31f529d191b1" testName="TrySetStateRunning_JobInDispatchedState_ReturnsFalseAndLeavesStateDispatched" computerName="ICSWS068" duration="00:00:00.3988868" startTime="2016-08-04T10:09:31.0006928+02:00" endTime="2016-08-04T10:09:31.4009833+02:00" testType="13cdc9d9-ddb5-4fa4-a97d-d965ccfc6d4b" outcome="Passed" testListId="8c84fa94-04c1-424b-9868-57a2d4851a1d" relativeResultsDirectory="051f588f-420a-4c33-ac48-414c99a90456" />
    <UnitTestResult executionId="71557fd3-4886-4edb-86a5-a1a478952d6f" testId="19f95a24-830c-fd09-3644-0f8b3d968919" testName="TrySetStateRunning_JobInFailedState_ReturnsFalseAndLeavesStateFailed" computerName="ICSWS068" duration="00:00:00.3937303" startTime="2016-08-04T10:09:31.4029851+02:00" endTime="2016-08-04T10:09:31.7990645+02:00" testType="13cdc9d9-ddb5-4fa4-a97d-d965ccfc6d4b" outcome="Passed" testListId="8c84fa94-04c1-424b-9868-57a2d4851a1d" relativeResultsDirectory="71557fd3-4886-4edb-86a5-a1a478952d6f" />
    <UnitTestResult executionId="928f8e31-5a7a-4e7f-bafb-016a1602b810" testId="36e0c860-21e2-e325-c92b-ab5b2b7e8680" testName="TrySetStateRunning_JobInSucceededState_ReturnsFalseAndLeavesStateSucceeded" computerName="ICSWS068" duration="00:00:00.4216616" startTime="2016-08-04T10:09:31.8010660+02:00" endTime="2016-08-04T10:09:32.2248945+02:00" testType="13cdc9d9-ddb5-4fa4-a97d-d965ccfc6d4b" outcome="Passed" testListId="8c84fa94-04c1-424b-9868-57a2d4851a1d" relativeResultsDirectory="928f8e31-5a7a-4e7f-bafb-016a1602b810" />
    <UnitTestResult executionId="6b7bf95e-47f2-4361-ad4f-fbf22ec2ad0e" testId="211b1fd6-e4d9-0a28-48cd-bc72ce0b3a20" testName="TrySetStateRunning_JobInLostState_ReturnsFalseAndLeavesStateLost" computerName="ICSWS068" duration="00:00:00.3596868" startTime="2016-08-04T10:09:32.2288959+02:00" endTime="2016-08-04T10:09:32.5900009+02:00" testType="13cdc9d9-ddb5-4fa4-a97d-d965ccfc6d4b" outcome="Passed" testListId="8c84fa94-04c1-424b-9868-57a2d4851a1d" relativeResultsDirectory="6b7bf95e-47f2-4361-ad4f-fbf22ec2ad0e" />
    <UnitTestResult executionId="49ded15a-d959-4fd8-9506-621ba3b8e407" testId="d6b59164-c05d-af9e-6244-c37dff94b8f7" testName="TrySetStateRunning_JobInStartPendingState_ReturnsTrueAndUpdatesStateToRunning" computerName="ICSWS068" duration="00:00:00.3662374" startTime="2016-08-04T10:09:32.5930018+02:00" endTime="2016-08-04T10:09:32.9603178+02:00" testType="13cdc9d9-ddb5-4fa4-a97d-d965ccfc6d4b" outcome="Passed" testListId="8c84fa94-04c1-424b-9868-57a2d4851a1d" relativeResultsDirectory="49ded15a-d959-4fd8-9506-621ba3b8e407" />
    <UnitTestResult executionId="fa25af73-7092-4fdc-8a82-23777fa938fa" testId="67ea44a8-8ccb-e2fc-7f2d-09b32ace790b" testName="TrySetStateStartPending_InvalidWorkerHostJobId_ThrowsSqlException" computerName="ICSWS068" duration="00:00:00.4054116" startTime="2016-08-04T10:09:32.9638075+02:00" endTime="2016-08-04T10:09:33.3708355+02:00" testType="13cdc9d9-ddb5-4fa4-a97d-d965ccfc6d4b" outcome="Passed" testListId="8c84fa94-04c1-424b-9868-57a2d4851a1d" relativeResultsDirectory="fa25af73-7092-4fdc-8a82-23777fa938fa" />
    <UnitTestResult executionId="1ba84367-0d16-477f-9204-ee28cb14ad64" testId="e9422b9f-993b-135f-107f-ef8d1a34a7a7" testName="TrySetStateStartPending_InvalidServerId_ThrowsSqlException" computerName="ICSWS068" duration="00:00:00.4544459" startTime="2016-08-04T10:09:33.3743380+02:00" endTime="2016-08-04T10:09:33.8299664+02:00" testType="13cdc9d9-ddb5-4fa4-a97d-d965ccfc6d4b" outcome="Passed" testListId="8c84fa94-04c1-424b-9868-57a2d4851a1d" relativeResultsDirectory="1ba84367-0d16-477f-9204-ee28cb14ad64" />
    <UnitTestResult executionId="fc43db9f-c375-45c4-b8cf-25bd19fd5dd5" testId="ebb70f61-0cf5-b7cb-781e-40e6d3962219" testName="TrySetStateStartPending_InvalidApplicationPoolId_ThrowsSqlException" computerName="ICSWS068" duration="00:00:00.3842918" startTime="2016-08-04T10:09:33.8329678+02:00" endTime="2016-08-04T10:09:34.2192621+02:00" testType="13cdc9d9-ddb5-4fa4-a97d-d965ccfc6d4b" outcome="Passed" testListId="8c84fa94-04c1-424b-9868-57a2d4851a1d" relativeResultsDirectory="fc43db9f-c375-45c4-b8cf-25bd19fd5dd5" />
    <UnitTestResult executionId="18d73c27-7841-47d0-990a-f3a8c58f61a0" testId="346cf976-bd0d-dcb4-ff4c-811aa26a21f9" testName="TrySetStateStartPending_JobInDispatchPendingState_ReturnsFalseAndLeavesStateUntouched" computerName="ICSWS068" duration="00:00:00.4029776" startTime="2016-08-04T10:09:34.2232653+02:00" endTime="2016-08-04T10:09:34.6277173+02:00" testType="13cdc9d9-ddb5-4fa4-a97d-d965ccfc6d4b" outcome="Passed" testListId="8c84fa94-04c1-424b-9868-57a2d4851a1d" relativeResultsDirectory="18d73c27-7841-47d0-990a-f3a8c58f61a0" />
    <UnitTestResult executionId="b6a5b8c8-6436-4b74-84b0-2b4a67c9dc1c" testId="c1cfa849-857e-312e-08ac-90b87ab9952f" testName="TrySetStateStartPending_JobInDispatchedState_ReturnsTrueAndUpdatesState" computerName="ICSWS068" duration="00:00:00.3896697" startTime="2016-08-04T10:09:34.6307179+02:00" endTime="2016-08-04T10:09:35.0215675+02:00" testType="13cdc9d9-ddb5-4fa4-a97d-d965ccfc6d4b" outcome="Passed" testListId="8c84fa94-04c1-424b-9868-57a2d4851a1d" relativeResultsDirectory="b6a5b8c8-6436-4b74-84b0-2b4a67c9dc1c" />
    <UnitTestResult executionId="41856a57-6b37-4819-9ce7-d324a34f46b9" testId="e94f29cb-993d-4690-50c6-d0fc5acc3ee7" testName="TrySetStateStartPending_JobInDispatchedStateWithOtherWHM_ReturnsFalseAndLeavesStateUnmodified" computerName="ICSWS068" duration="00:00:00.3999721" startTime="2016-08-04T10:09:35.0245695+02:00" endTime="2016-08-04T10:09:35.4265272+02:00" testType="13cdc9d9-ddb5-4fa4-a97d-d965ccfc6d4b" outcome="Passed" testListId="8c84fa94-04c1-424b-9868-57a2d4851a1d" relativeResultsDirectory="41856a57-6b37-4819-9ce7-d324a34f46b9" />
    <UnitTestResult executionId="caba3a74-acbe-4dba-81f2-82596a801646" testId="5f777e64-7212-32cd-8322-88853d5d0573" testName="TrySetStateStartPending_JobInDispatchedStateWithCorrectWHM_ReturnsTrueAndUpdatesState" computerName="ICSWS068" duration="00:00:00.4421183" startTime="2016-08-04T10:09:35.4315309+02:00" endTime="2016-08-04T10:09:35.8755075+02:00" testType="13cdc9d9-ddb5-4fa4-a97d-d965ccfc6d4b" outcome="Passed" testListId="8c84fa94-04c1-424b-9868-57a2d4851a1d" relativeResultsDirectory="caba3a74-acbe-4dba-81f2-82596a801646" />
    <UnitTestResult executionId="be7bf890-4f05-4d9f-919e-52ac184fb6bb" testId="259f6d90-5126-bee7-53ed-bffb5b9c56a4" testName="TrySetStateStartPending_JobInStartPendingState_ReturnsFalseAndLeavesStateUntouched" computerName="ICSWS068" duration="00:00:00.3869422" startTime="2016-08-04T10:09:35.8790098+02:00" endTime="2016-08-04T10:09:36.2675267+02:00" testType="13cdc9d9-ddb5-4fa4-a97d-d965ccfc6d4b" outcome="Passed" testListId="8c84fa94-04c1-424b-9868-57a2d4851a1d" relativeResultsDirectory="be7bf890-4f05-4d9f-919e-52ac184fb6bb" />
    <UnitTestResult executionId="39ed8263-a223-40e5-a867-cecc671bc0c3" testId="e1d30c70-635e-380c-d45f-ac7eeeec6d0d" testName="TrySetStateStartPending_JobInRunningState_ReturnsFalseAndLeavesStateUntouched" computerName="ICSWS068" duration="00:00:00.3700784" startTime="2016-08-04T10:09:36.2705284+02:00" endTime="2016-08-04T10:09:36.6419834+02:00" testType="13cdc9d9-ddb5-4fa4-a97d-d965ccfc6d4b" outcome="Passed" testListId="8c84fa94-04c1-424b-9868-57a2d4851a1d" relativeResultsDirectory="39ed8263-a223-40e5-a867-cecc671bc0c3" />
    <UnitTestResult executionId="396310ff-b332-4065-a5ee-bf7ba3fd94e1" testId="d2f7976c-3de5-7e62-a6a1-71ea2bf1e703" testName="TrySetStateStartPending_JobInSucceededState_ReturnsFalseAndLeavesStateUntouched" computerName="ICSWS068" duration="00:00:00.4355452" startTime="2016-08-04T10:09:36.6459865+02:00" endTime="2016-08-04T10:09:37.0832703+02:00" testType="13cdc9d9-ddb5-4fa4-a97d-d965ccfc6d4b" outcome="Passed" testListId="8c84fa94-04c1-424b-9868-57a2d4851a1d" relativeResultsDirectory="396310ff-b332-4065-a5ee-bf7ba3fd94e1" />
    <UnitTestResult executionId="d5c16486-df98-4b16-b6c6-ba1c56cb175c" testId="ef1c4840-e63e-d4e1-a2bd-931b850aa687" testName="TrySetStateStartPending_JobInFailedState_ReturnsFalseAndLeavesStateUntouched" computerName="ICSWS068" duration="00:00:00.3999337" startTime="2016-08-04T10:09:37.0872734+02:00" endTime="2016-08-04T10:09:37.4881417+02:00" testType="13cdc9d9-ddb5-4fa4-a97d-d965ccfc6d4b" outcome="Passed" testListId="8c84fa94-04c1-424b-9868-57a2d4851a1d" relativeResultsDirectory="d5c16486-df98-4b16-b6c6-ba1c56cb175c" />
    <UnitTestResult executionId="171fc353-7d82-45f4-ba5e-583506feef21" testId="d92620e3-5efe-3122-8366-01c5a76e71ba" testName="TrySetStateStartPending_JobInLostState_ReturnsFalseAndLeavesStateUntouched" computerName="ICSWS068" duration="00:00:00.4352478" startTime="2016-08-04T10:09:37.4911434+02:00" endTime="2016-08-04T10:09:37.9279758+02:00" testType="13cdc9d9-ddb5-4fa4-a97d-d965ccfc6d4b" outcome="Passed" testListId="8c84fa94-04c1-424b-9868-57a2d4851a1d" relativeResultsDirectory="171fc353-7d82-45f4-ba5e-583506feef21" />
    <UnitTestResult executionId="86d3e857-f2c6-4fdc-826a-d6f9599adcae" testId="41406bec-935f-aeb2-6c89-b08785777b44" testName="TrySetStateStartPending_JobInInactiveState_ReturnsFalseAndLeavesStateUntouched" computerName="ICSWS068" duration="00:00:00.4266418" startTime="2016-08-04T10:09:37.9309778+02:00" endTime="2016-08-04T10:09:38.3593019+02:00" testType="13cdc9d9-ddb5-4fa4-a97d-d965ccfc6d4b" outcome="Passed" testListId="8c84fa94-04c1-424b-9868-57a2d4851a1d" relativeResultsDirectory="86d3e857-f2c6-4fdc-826a-d6f9599adcae" />
    <UnitTestResult executionId="df57fc83-09e6-443d-8f8f-94a2fdf61be3" testId="0205e5db-ee1a-7dfa-6225-b17ccb0ab352" testName="TrySetStateFinishedOnDispatchPendingJob_InvalidCallerJobId_ThrowsSqlException" computerName="ICSWS068" duration="00:00:00.3720232" startTime="2016-08-04T10:09:38.3623028+02:00" endTime="2016-08-04T10:09:38.7364779+02:00" testType="13cdc9d9-ddb5-4fa4-a97d-d965ccfc6d4b" outcome="Passed" testListId="8c84fa94-04c1-424b-9868-57a2d4851a1d" relativeResultsDirectory="df57fc83-09e6-443d-8f8f-94a2fdf61be3" />
    <UnitTestResult executionId="55fb5715-5ea9-48db-8661-98e91afad159" testId="fa9b1227-52b5-06b3-a54b-a6acb5edb1c4" testName="TrySetStateFinishedOnDispatchPendingJob_InvalidJobId_ReturnsFalse" computerName="ICSWS068" duration="00:00:00.3885293" startTime="2016-08-04T10:09:38.7384779+02:00" endTime="2016-08-04T10:09:39.1288243+02:00" testType="13cdc9d9-ddb5-4fa4-a97d-d965ccfc6d4b" outcome="Passed" testListId="8c84fa94-04c1-424b-9868-57a2d4851a1d" relativeResultsDirectory="55fb5715-5ea9-48db-8661-98e91afad159" />
    <UnitTestResult executionId="9f36ea7d-33dc-4994-8fd0-dc1818581c74" testId="383503d6-a885-3158-2f75-6c4866b394c4" testName="RepositoryEntityTypeId_ReturnsCategory" computerName="ICSWS068" duration="00:00:00.3719522" startTime="2016-08-04T10:09:39.1328266+02:00" endTime="2016-08-04T10:09:39.5066857+02:00" testType="13cdc9d9-ddb5-4fa4-a97d-d965ccfc6d4b" outcome="Passed" testListId="8c84fa94-04c1-424b-9868-57a2d4851a1d" relativeResultsDirectory="9f36ea7d-33dc-4994-8fd0-dc1818581c74" />
    <UnitTestResult executionId="9fbed352-19cd-4f1c-8a84-02d4b9c6ab5b" testId="ff783750-3e5c-2ad8-d27b-96a48c6e45da" testName="RepositoryEntityType_ReturnsICategory" computerName="ICSWS068" duration="00:00:00.3509152" startTime="2016-08-04T10:09:39.5096885+02:00" endTime="2016-08-04T10:09:39.8620594+02:00" testType="13cdc9d9-ddb5-4fa4-a97d-d965ccfc6d4b" outcome="Passed" testListId="8c84fa94-04c1-424b-9868-57a2d4851a1d" relativeResultsDirectory="9fbed352-19cd-4f1c-8a84-02d4b9c6ab5b" />
    <UnitTestResult executionId="34584007-4074-45f9-9ddb-1b14a08cdb8b" testId="aad7f93c-8cac-719a-7817-11a2021729cf" testName="RepositorySystemContext_MatchesActualSystemContext" computerName="ICSWS068" duration="00:00:00.3361097" startTime="2016-08-04T10:09:39.8650605+02:00" endTime="2016-08-04T10:09:40.2018372+02:00" testType="13cdc9d9-ddb5-4fa4-a97d-d965ccfc6d4b" outcome="Passed" testListId="8c84fa94-04c1-424b-9868-57a2d4851a1d" relativeResultsDirectory="34584007-4074-45f9-9ddb-1b14a08cdb8b" />
    <UnitTestResult executionId="3353e086-2956-4551-848c-4a8e05fd1ad9" testId="7cb9b044-b0bf-46f5-a9ca-7ac51717f5b0" testName="Exists_KnownCategoryId_ReturnsTrue (Data Row 0)" computerName="ICSWS068" duration="00:00:00.4320810" startTime="2016-08-04T08:09:40.2078421+02:00" endTime="2016-08-04T08:09:40.6403326+02:00" testType="13cdc9d9-ddb5-4fa4-a97d-d965ccfc6d4b" outcome="Passed" testListId="8c84fa94-04c1-424b-9868-57a2d4851a1d" relativeResultsDirectory="3353e086-2956-4551-848c-4a8e05fd1ad9" />
    <UnitTestResult executionId="042a2153-97da-487a-b4a8-3e7bdff6738e" testId="26e26ac4-ec0f-4841-810c-178536b4e01f" testName="Exists_KnownCategoryId_ReturnsTrue (Data Row 1)" computerName="ICSWS068" duration="00:00:00.3448675" startTime="2016-08-04T08:09:40.6403326+02:00" endTime="2016-08-04T08:09:40.9853209+02:00" testType="13cdc9d9-ddb5-4fa4-a97d-d965ccfc6d4b" outcome="Passed" testListId="8c84fa94-04c1-424b-9868-57a2d4851a1d" relativeResultsDirectory="042a2153-97da-487a-b4a8-3e7bdff6738e" />
    <UnitTestResult executionId="c8434fe6-1efa-4bae-9669-a506381a6f1a" testId="e2b5a3dd-c078-45e8-bdb7-18e9c42ae548" testName="Exists_KnownCategoryId_ReturnsTrue (Data Row 2)" computerName="ICSWS068" duration="00:00:00.3658016" startTime="2016-08-04T08:09:40.9853209+02:00" endTime="2016-08-04T08:09:41.3510991+02:00" testType="13cdc9d9-ddb5-4fa4-a97d-d965ccfc6d4b" outcome="Passed" testListId="8c84fa94-04c1-424b-9868-57a2d4851a1d" relativeResultsDirectory="c8434fe6-1efa-4bae-9669-a506381a6f1a" />
    <UnitTestResult executionId="aa752f76-2e65-4d94-8ef1-452b52108ff0" testId="b1713ad9-2b06-4844-af26-9d5f4313d2fa" testName="Exists_KnownCategoryId_ReturnsTrue (Data Row 3)" computerName="ICSWS068" duration="00:00:00.3748574" startTime="2016-08-04T08:09:41.3510991+02:00" endTime="2016-08-04T08:09:41.7253863+02:00" testType="13cdc9d9-ddb5-4fa4-a97d-d965ccfc6d4b" outcome="Passed" testListId="8c84fa94-04c1-424b-9868-57a2d4851a1d" relativeResultsDirectory="aa752f76-2e65-4d94-8ef1-452b52108ff0" />
    <UnitTestResult executionId="0f9ba743-32b9-4716-b4a8-ce392a1336c4" testId="052682b1-dc93-4c3c-86df-6f06e0842f41" testName="Exists_KnownCategoryId_ReturnsTrue (Data Row 4)" computerName="ICSWS068" duration="00:00:00.3443444" startTime="2016-08-04T08:09:41.7253863+02:00" endTime="2016-08-04T08:09:42.0703025+02:00" testType="13cdc9d9-ddb5-4fa4-a97d-d965ccfc6d4b" outcome="Passed" testListId="8c84fa94-04c1-424b-9868-57a2d4851a1d" relativeResultsDirectory="0f9ba743-32b9-4716-b4a8-ce392a1336c4" />
    <UnitTestResult executionId="4fc54f67-bae1-4739-b587-29bbc1c47eae" testId="97e5d192-085f-4bf9-b9ce-afcaaa6fa639" testName="Exists_KnownCategoryId_ReturnsTrue (Data Row 5)" computerName="ICSWS068" duration="00:00:00.3484906" startTime="2016-08-04T08:09:42.0703025+02:00" endTime="2016-08-04T08:09:42.4189860+02:00" testType="13cdc9d9-ddb5-4fa4-a97d-d965ccfc6d4b" outcome="Passed" testListId="8c84fa94-04c1-424b-9868-57a2d4851a1d" relativeResultsDirectory="4fc54f67-bae1-4739-b587-29bbc1c47eae" />
    <UnitTestResult executionId="e0fbff7b-0435-4e10-b94c-0c8ae8c94a5f" testId="dbd9b5eb-7617-4e58-93d1-1bf491fecce6" testName="Exists_KnownCategoryId_ReturnsTrue (Data Row 6)" computerName="ICSWS068" duration="00:00:00.3522823" startTime="2016-08-04T08:09:42.4189860+02:00" endTime="2016-08-04T08:09:42.7711363+02:00" testType="13cdc9d9-ddb5-4fa4-a97d-d965ccfc6d4b" outcome="Passed" testListId="8c84fa94-04c1-424b-9868-57a2d4851a1d" relativeResultsDirectory="e0fbff7b-0435-4e10-b94c-0c8ae8c94a5f" />
    <UnitTestResult executionId="9ade7a2e-4475-4e9f-8759-b2a4a7b45851" testId="7d4efdf7-3239-41c0-b661-4815b6a7d2d7" testName="Exists_KnownCategoryId_ReturnsTrue (Data Row 7)" computerName="ICSWS068" duration="00:00:00.3615516" startTime="2016-08-04T08:09:42.7711363+02:00" endTime="2016-08-04T08:09:43.1330061+02:00" testType="13cdc9d9-ddb5-4fa4-a97d-d965ccfc6d4b" outcome="Passed" testListId="8c84fa94-04c1-424b-9868-57a2d4851a1d" relativeResultsDirectory="9ade7a2e-4475-4e9f-8759-b2a4a7b45851" />
    <UnitTestResult executionId="831a9047-fb9f-4cfa-a90a-0e9a8028a894" testId="d72ce0ff-e0ed-36ad-506f-f4977e11c20a" testName="Exists_NonExistingCategoryId_ReturnsFalse" computerName="ICSWS068" duration="00:00:00.3429139" startTime="2016-08-04T10:09:43.1370098+02:00" endTime="2016-08-04T10:09:43.4823418+02:00" testType="13cdc9d9-ddb5-4fa4-a97d-d965ccfc6d4b" outcome="Passed" testListId="8c84fa94-04c1-424b-9868-57a2d4851a1d" relativeResultsDirectory="831a9047-fb9f-4cfa-a90a-0e9a8028a894" />
    <UnitTestResult executionId="bd4a0234-ec64-4cb0-a46c-31d814ff3118" testId="9bf1cb07-64a4-46c8-a07d-c5e3c9064107" testName="Exists_UnsupportedKey_ThrowsArgumentException" computerName="ICSWS068" duration="00:00:00.3701919" startTime="2016-08-04T10:09:43.4853438+02:00" endTime="2016-08-04T10:09:43.8571257+02:00" testType="13cdc9d9-ddb5-4fa4-a97d-d965ccfc6d4b" outcome="Passed" testListId="8c84fa94-04c1-424b-9868-57a2d4851a1d" relativeResultsDirectory="bd4a0234-ec64-4cb0-a46c-31d814ff3118" />
    <UnitTestResult executionId="80d904e2-6243-4050-9b13-d02b02c361dd" testId="b92754c6-1c01-4d04-afff-cce13f6a40de" testName="Exists_KnownCategoryKey_ReturnsTrue (Data Row 0)" computerName="ICSWS068" duration="00:00:00.3628384" startTime="2016-08-04T08:09:43.8621289+02:00" endTime="2016-08-04T08:09:44.2244051+02:00" testType="13cdc9d9-ddb5-4fa4-a97d-d965ccfc6d4b" outcome="Passed" testListId="8c84fa94-04c1-424b-9868-57a2d4851a1d" relativeResultsDirectory="80d904e2-6243-4050-9b13-d02b02c361dd" />
    <UnitTestResult executionId="ed098ecf-a588-4194-8992-441e46450b84" testId="4a611b67-cabf-42f7-b229-2c4327239f8e" testName="Exists_KnownCategoryKey_ReturnsTrue (Data Row 1)" computerName="ICSWS068" duration="00:00:00.3444793" startTime="2016-08-04T08:09:44.2244051+02:00" endTime="2016-08-04T08:09:44.5696752+02:00" testType="13cdc9d9-ddb5-4fa4-a97d-d965ccfc6d4b" outcome="Passed" testListId="8c84fa94-04c1-424b-9868-57a2d4851a1d" relativeResultsDirectory="ed098ecf-a588-4194-8992-441e46450b84" />
    <UnitTestResult executionId="ebc00b39-0c65-4df3-a178-3225d3d606b9" testId="ff274c4f-222c-485a-ac38-6f23b9fa2820" testName="Exists_KnownCategoryKey_ReturnsTrue (Data Row 2)" computerName="ICSWS068" duration="00:00:00.3502721" startTime="2016-08-04T08:09:44.5696752+02:00" endTime="2016-08-04T08:09:44.9193062+02:00" testType="13cdc9d9-ddb5-4fa4-a97d-d965ccfc6d4b" outcome="Passed" testListId="8c84fa94-04c1-424b-9868-57a2d4851a1d" relativeResultsDirectory="ebc00b39-0c65-4df3-a178-3225d3d606b9" />
    <UnitTestResult executionId="89d82e11-4130-4452-89eb-2c8e1d0fb5d0" testId="98e65992-3fef-4a8a-baea-0d6b0124769a" testName="Exists_KnownCategoryKey_ReturnsTrue (Data Row 3)" computerName="ICSWS068" duration="00:00:00.3725361" startTime="2016-08-04T08:09:44.9193062+02:00" endTime="2016-08-04T08:09:45.2917251+02:00" testType="13cdc9d9-ddb5-4fa4-a97d-d965ccfc6d4b" outcome="Passed" testListId="8c84fa94-04c1-424b-9868-57a2d4851a1d" relativeResultsDirectory="89d82e11-4130-4452-89eb-2c8e1d0fb5d0" />
    <UnitTestResult executionId="8474398a-873e-4257-bd2a-e12022eb49d1" testId="076af328-a109-46ce-9dd2-5c9fd85f4bae" testName="Exists_KnownCategoryKey_ReturnsTrue (Data Row 4)" computerName="ICSWS068" duration="00:00:00.3621439" startTime="2016-08-04T08:09:45.2917251+02:00" endTime="2016-08-04T08:09:45.6545160+02:00" testType="13cdc9d9-ddb5-4fa4-a97d-d965ccfc6d4b" outcome="Passed" testListId="8c84fa94-04c1-424b-9868-57a2d4851a1d" relativeResultsDirectory="8474398a-873e-4257-bd2a-e12022eb49d1" />
    <UnitTestResult executionId="d3d98e81-31e5-4d7b-8cf4-89cac8b7e6a9" testId="59210b18-2dbc-4d24-9958-8fea9310174b" testName="Exists_KnownCategoryKey_ReturnsTrue (Data Row 5)" computerName="ICSWS068" duration="00:00:00.3481323" startTime="2016-08-04T08:09:45.6545160+02:00" endTime="2016-08-04T08:09:46.0023846+02:00" testType="13cdc9d9-ddb5-4fa4-a97d-d965ccfc6d4b" outcome="Passed" testListId="8c84fa94-04c1-424b-9868-57a2d4851a1d" relativeResultsDirectory="d3d98e81-31e5-4d7b-8cf4-89cac8b7e6a9" />
    <UnitTestResult executionId="1f81b1b3-433f-40c9-838b-81750c7a6c21" testId="1a20f5a5-6ea3-485d-82b0-8b551cffb93b" testName="Exists_KnownCategoryKey_ReturnsTrue (Data Row 6)" computerName="ICSWS068" duration="00:00:00.3604648" startTime="2016-08-04T08:09:46.0023846+02:00" endTime="2016-08-04T08:09:46.3632409+02:00" testType="13cdc9d9-ddb5-4fa4-a97d-d965ccfc6d4b" outcome="Passed" testListId="8c84fa94-04c1-424b-9868-57a2d4851a1d" relativeResultsDirectory="1f81b1b3-433f-40c9-838b-81750c7a6c21" />
    <UnitTestResult executionId="31931c61-ee9b-46ab-8be6-09de4ba8dadd" testId="efde316f-2c70-48c8-a9e4-bd2db807ee97" testName="Exists_KnownCategoryKey_ReturnsTrue (Data Row 7)" computerName="ICSWS068" duration="00:00:00.4997114" startTime="2016-08-04T08:09:46.3632409+02:00" endTime="2016-08-04T08:09:46.8626227+02:00" testType="13cdc9d9-ddb5-4fa4-a97d-d965ccfc6d4b" outcome="Passed" testListId="8c84fa94-04c1-424b-9868-57a2d4851a1d" relativeResultsDirectory="31931c61-ee9b-46ab-8be6-09de4ba8dadd" />
    <UnitTestResult executionId="e4d0d63d-93a5-4c16-8435-16b1f81fe603" testId="39f93dd3-9baf-25d0-db4e-1b6b0274deb0" testName="Exists_NonExistingCategoryKey_ReturnsFalse" computerName="ICSWS068" duration="00:00:00.4021899" startTime="2016-08-04T10:09:46.8676264+02:00" endTime="2016-08-04T10:09:47.2708386+02:00" testType="13cdc9d9-ddb5-4fa4-a97d-d965ccfc6d4b" outcome="Passed" testListId="8c84fa94-04c1-424b-9868-57a2d4851a1d" relativeResultsDirectory="e4d0d63d-93a5-4c16-8435-16b1f81fe603" />
    <UnitTestResult executionId="50dfee6c-2afc-4235-a751-103873aa3707" testId="9f47eb40-caf8-e355-fdbb-679467a531bd" testName="CreateInstance_CreatesNewCategory" computerName="ICSWS068" duration="00:00:00.3992683" startTime="2016-08-04T10:09:47.2738406+02:00" endTime="2016-08-04T10:09:47.6751447+02:00" testType="13cdc9d9-ddb5-4fa4-a97d-d965ccfc6d4b" outcome="Passed" testListId="8c84fa94-04c1-424b-9868-57a2d4851a1d" relativeResultsDirectory="50dfee6c-2afc-4235-a751-103873aa3707" />
    <UnitTestResult executionId="664fad23-a005-4656-a42c-7479b72d943a" testId="73e6ea20-03da-4dcb-bc4b-5a2affc911d2" testName="List_ContainsEachKnownCategoryOnce (Data Row 0)" computerName="ICSWS068" duration="00:00:00.4023380" startTime="2016-08-04T08:09:47.6801496+02:00" endTime="2016-08-04T08:09:48.0824553+02:00" testType="13cdc9d9-ddb5-4fa4-a97d-d965ccfc6d4b" outcome="Passed" testListId="8c84fa94-04c1-424b-9868-57a2d4851a1d" relativeResultsDirectory="664fad23-a005-4656-a42c-7479b72d943a" />
    <UnitTestResult executionId="89633369-81ff-4d35-88dd-90453c7ec0ac" testId="c22cafdb-51de-430e-b38e-7c210c4b091d" testName="List_ContainsEachKnownCategoryOnce (Data Row 1)" computerName="ICSWS068" duration="00:00:00.3445954" startTime="2016-08-04T08:09:48.0824553+02:00" endTime="2016-08-04T08:09:48.4268586+02:00" testType="13cdc9d9-ddb5-4fa4-a97d-d965ccfc6d4b" outcome="Passed" testListId="8c84fa94-04c1-424b-9868-57a2d4851a1d" relativeResultsDirectory="89633369-81ff-4d35-88dd-90453c7ec0ac" />
    <UnitTestResult executionId="184b839c-2e4b-4536-8a2a-cbdb681ebfba" testId="eed117bf-e26b-4d50-8687-460564ccd0ba" testName="List_ContainsEachKnownCategoryOnce (Data Row 2)" computerName="ICSWS068" duration="00:00:00.3480713" startTime="2016-08-04T08:09:48.4268586+02:00" endTime="2016-08-04T08:09:48.7752858+02:00" testType="13cdc9d9-ddb5-4fa4-a97d-d965ccfc6d4b" outcome="Passed" testListId="8c84fa94-04c1-424b-9868-57a2d4851a1d" relativeResultsDirectory="184b839c-2e4b-4536-8a2a-cbdb681ebfba" />
    <UnitTestResult executionId="69ed7fc8-fa65-47b9-969d-0e5059447bfe" testId="b4ff0b28-329c-474f-b300-96b9d6f62247" testName="List_ContainsEachKnownCategoryOnce (Data Row 3)" computerName="ICSWS068" duration="00:00:00.4326203" startTime="2016-08-04T08:09:48.7752858+02:00" endTime="2016-08-04T08:09:49.2076163+02:00" testType="13cdc9d9-ddb5-4fa4-a97d-d965ccfc6d4b" outcome="Passed" testListId="8c84fa94-04c1-424b-9868-57a2d4851a1d" relativeResultsDirectory="69ed7fc8-fa65-47b9-969d-0e5059447bfe" />
    <UnitTestResult executionId="5aca8d09-e262-42f6-a925-f498c1973e05" testId="e167f02e-45b9-4ef8-a544-dbd8c9cce913" testName="List_ContainsEachKnownCategoryOnce (Data Row 4)" computerName="ICSWS068" duration="00:00:00.3567297" startTime="2016-08-04T08:09:49.2076163+02:00" endTime="2016-08-04T08:09:49.5647442+02:00" testType="13cdc9d9-ddb5-4fa4-a97d-d965ccfc6d4b" outcome="Passed" testListId="8c84fa94-04c1-424b-9868-57a2d4851a1d" relativeResultsDirectory="5aca8d09-e262-42f6-a925-f498c1973e05" />
    <UnitTestResult executionId="62a2037b-d004-438c-9daf-29b131d21c4a" testId="5bc37535-0758-422d-95af-91dd0100998a" testName="List_ContainsEachKnownCategoryOnce (Data Row 5)" computerName="ICSWS068" duration="00:00:00.3625997" startTime="2016-08-04T08:09:49.5647442+02:00" endTime="2016-08-04T08:09:49.9270386+02:00" testType="13cdc9d9-ddb5-4fa4-a97d-d965ccfc6d4b" outcome="Passed" testListId="8c84fa94-04c1-424b-9868-57a2d4851a1d" relativeResultsDirectory="62a2037b-d004-438c-9daf-29b131d21c4a" />
    <UnitTestResult executionId="394031cd-4906-4a75-9a3f-db10217f56cd" testId="083814aa-cd6f-48c3-a18e-da6260fa6536" testName="List_ContainsEachKnownCategoryOnce (Data Row 6)" computerName="ICSWS068" duration="00:00:00.4024562" startTime="2016-08-04T08:09:49.9270386+02:00" endTime="2016-08-04T08:09:50.3293435+02:00" testType="13cdc9d9-ddb5-4fa4-a97d-d965ccfc6d4b" outcome="Passed" testListId="8c84fa94-04c1-424b-9868-57a2d4851a1d" relativeResultsDirectory="394031cd-4906-4a75-9a3f-db10217f56cd" />
    <UnitTestResult executionId="4c890b9c-0d0e-4c12-8c52-87023a778d44" testId="04990a73-6fcb-4cab-ab51-a4fc14b6d780" testName="List_ContainsEachKnownCategoryOnce (Data Row 7)" computerName="ICSWS068" duration="00:00:00.3611592" startTime="2016-08-04T08:09:50.3293435+02:00" endTime="2016-08-04T08:09:50.6911177+02:00" testType="13cdc9d9-ddb5-4fa4-a97d-d965ccfc6d4b" outcome="Passed" testListId="8c84fa94-04c1-424b-9868-57a2d4851a1d" relativeResultsDirectory="4c890b9c-0d0e-4c12-8c52-87023a778d44" />
    <UnitTestResult executionId="5c323afe-dc83-4b9f-a7d3-7fd349b39c24" testId="3b956cdd-1ac2-5fad-2609-3624343143bd" testName="List_ShouldSetSystemContextCorrectly" computerName="ICSWS068" duration="00:00:00.3648140" startTime="2016-08-04T10:09:50.6956229+02:00" endTime="2016-08-04T10:09:51.0616894+02:00" testType="13cdc9d9-ddb5-4fa4-a97d-d965ccfc6d4b" outcome="Passed" testListId="8c84fa94-04c1-424b-9868-57a2d4851a1d" relativeResultsDirectory="5c323afe-dc83-4b9f-a7d3-7fd349b39c24" />
    <UnitTestResult executionId="5ab9a50f-3729-4df7-8fe2-77e1afd8810a" testId="d314373f-b332-1f28-d0e6-b8e756d39995" testName="GetByPath_NullPath_ThrowsArgumentNullException" computerName="ICSWS068" duration="00:00:00.4008117" startTime="2016-08-04T10:09:51.0656929+02:00" endTime="2016-08-04T10:09:51.4679995+02:00" testType="13cdc9d9-ddb5-4fa4-a97d-d965ccfc6d4b" outcome="Passed" testListId="8c84fa94-04c1-424b-9868-57a2d4851a1d" relativeResultsDirectory="5ab9a50f-3729-4df7-8fe2-77e1afd8810a" />
    <UnitTestResult executionId="af41960d-58d0-4267-9d10-7e3e739199c1" testId="b9b8b956-2bbc-6b28-70ef-d8ffac724633" testName="GetByPath_NonExistingPath_ThrowsEntityNotFoundException" computerName="ICSWS068" duration="00:00:00.3780796" startTime="2016-08-04T10:09:51.4710015+02:00" endTime="2016-08-04T10:09:51.8512942+02:00" testType="13cdc9d9-ddb5-4fa4-a97d-d965ccfc6d4b" outcome="Passed" testListId="8c84fa94-04c1-424b-9868-57a2d4851a1d" relativeResultsDirectory="af41960d-58d0-4267-9d10-7e3e739199c1" />
    <UnitTestResult executionId="c3d986f1-81ee-4e3f-8311-49c4f86fc2df" testId="588a581b-e4ec-4f60-ad5c-80b93baca2ce" testName="GetByPath_KnownCategoryPath_ReturnsEntityWithCorrectProperties (Data Row 0)" computerName="ICSWS068" duration="00:00:00.4893606" startTime="2016-08-04T08:09:51.8562970+02:00" endTime="2016-08-04T08:09:52.3456684+02:00" testType="13cdc9d9-ddb5-4fa4-a97d-d965ccfc6d4b" outcome="Passed" testListId="8c84fa94-04c1-424b-9868-57a2d4851a1d" relativeResultsDirectory="c3d986f1-81ee-4e3f-8311-49c4f86fc2df" />
    <UnitTestResult executionId="8d76df11-855f-4bdd-aa0d-aaa03535c046" testId="bf120bf0-e58c-4e42-b46e-d594aa71fe3b" testName="GetByPath_KnownCategoryPath_ReturnsEntityWithCorrectProperties (Data Row 1)" computerName="ICSWS068" duration="00:00:00.3992463" startTime="2016-08-04T08:09:52.3456684+02:00" endTime="2016-08-04T08:09:52.7449705+02:00" testType="13cdc9d9-ddb5-4fa4-a97d-d965ccfc6d4b" outcome="Passed" testListId="8c84fa94-04c1-424b-9868-57a2d4851a1d" relativeResultsDirectory="8d76df11-855f-4bdd-aa0d-aaa03535c046" />
    <UnitTestResult executionId="a949d0e5-7035-44c2-8cb7-e84a8dfd35f7" testId="0de66548-4213-4294-9ec2-a50a3dde4514" testName="GetByPath_KnownCategoryPath_ReturnsEntityWithCorrectProperties (Data Row 2)" computerName="ICSWS068" duration="00:00:00.3835030" startTime="2016-08-04T08:09:52.7449705+02:00" endTime="2016-08-04T08:09:53.1282639+02:00" testType="13cdc9d9-ddb5-4fa4-a97d-d965ccfc6d4b" outcome="Passed" testListId="8c84fa94-04c1-424b-9868-57a2d4851a1d" relativeResultsDirectory="a949d0e5-7035-44c2-8cb7-e84a8dfd35f7" />
    <UnitTestResult executionId="79280ccc-5676-4a0c-89f5-11a754863b7b" testId="75e02276-0b2b-4ca2-a256-3f6f8a1b7b24" testName="GetByPath_KnownCategoryPath_ReturnsEntityWithCorrectProperties (Data Row 3)" computerName="ICSWS068" duration="00:00:00.4293600" startTime="2016-08-04T08:09:53.1282639+02:00" endTime="2016-08-04T08:09:53.5575865+02:00" testType="13cdc9d9-ddb5-4fa4-a97d-d965ccfc6d4b" outcome="Passed" testListId="8c84fa94-04c1-424b-9868-57a2d4851a1d" relativeResultsDirectory="79280ccc-5676-4a0c-89f5-11a754863b7b" />
    <UnitTestResult executionId="75eec82f-d498-4fae-b7e8-7645cc594c44" testId="c612f918-6c00-46bf-be7e-f261c07e6d14" testName="GetByPath_KnownCategoryPath_ReturnsEntityWithCorrectProperties (Data Row 4)" computerName="ICSWS068" duration="00:00:00.4275078" startTime="2016-08-04T08:09:53.5575865+02:00" endTime="2016-08-04T08:09:53.9854124+02:00" testType="13cdc9d9-ddb5-4fa4-a97d-d965ccfc6d4b" outcome="Passed" testListId="8c84fa94-04c1-424b-9868-57a2d4851a1d" relativeResultsDirectory="75eec82f-d498-4fae-b7e8-7645cc594c44" />
    <UnitTestResult executionId="cc1cb66e-584f-45b6-9ef1-a4ee5d027f0e" testId="24fd19e8-bdd7-45d9-a38d-d75eba7c3bbe" testName="GetByPath_KnownCategoryPath_ReturnsEntityWithCorrectProperties (Data Row 5)" computerName="ICSWS068" duration="00:00:00.4038236" startTime="2016-08-04T08:09:53.9854124+02:00" endTime="2016-08-04T08:09:54.3892176+02:00" testType="13cdc9d9-ddb5-4fa4-a97d-d965ccfc6d4b" outcome="Passed" testListId="8c84fa94-04c1-424b-9868-57a2d4851a1d" relativeResultsDirectory="cc1cb66e-584f-45b6-9ef1-a4ee5d027f0e" />
    <UnitTestResult executionId="30fbea59-4f44-4a79-a84f-652f13074da1" testId="8d05074e-1730-4755-8781-06dcc7709138" testName="GetByPath_KnownCategoryPath_ReturnsEntityWithCorrectProperties (Data Row 6)" computerName="ICSWS068" duration="00:00:00.3771747" startTime="2016-08-04T08:09:54.3892176+02:00" endTime="2016-08-04T08:09:54.7665026+02:00" testType="13cdc9d9-ddb5-4fa4-a97d-d965ccfc6d4b" outcome="Passed" testListId="8c84fa94-04c1-424b-9868-57a2d4851a1d" relativeResultsDirectory="30fbea59-4f44-4a79-a84f-652f13074da1" />
    <UnitTestResult executionId="373678f7-f8b3-4672-8296-0f36a5a9c00b" testId="ddd02014-b22e-4d3a-9a12-68e901f2f72d" testName="GetByPath_KnownCategoryPath_ReturnsEntityWithCorrectProperties (Data Row 7)" computerName="ICSWS068" duration="00:00:00.3549940" startTime="2016-08-04T08:09:54.7665026+02:00" endTime="2016-08-04T08:09:55.1217265+02:00" testType="13cdc9d9-ddb5-4fa4-a97d-d965ccfc6d4b" outcome="Passed" testListId="8c84fa94-04c1-424b-9868-57a2d4851a1d" relativeResultsDirectory="373678f7-f8b3-4672-8296-0f36a5a9c00b" />
    <UnitTestResult executionId="4eb9b3a2-80bc-4b8e-bca6-06d03a57cfa5" testId="d8468f18-8f26-af8b-472b-818d1360e56d" testName="GetById_NewGuid_ThrowsEntityNotFoundException" computerName="ICSWS068" duration="00:00:00.3851249" startTime="2016-08-04T10:09:55.1257294+02:00" endTime="2016-08-04T10:09:55.5131061+02:00" testType="13cdc9d9-ddb5-4fa4-a97d-d965ccfc6d4b" outcome="Passed" testListId="8c84fa94-04c1-424b-9868-57a2d4851a1d" relativeResultsDirectory="4eb9b3a2-80bc-4b8e-bca6-06d03a57cfa5" />
    <UnitTestResult executionId="c8fceefc-232a-4145-9f02-40500214db55" testId="184d6483-1a60-4a2c-bea6-7b18083a4d7e" testName="GetById_KnownCategoryId_ReturnsEntityWithCorrectProperties (Data Row 0)" computerName="ICSWS068" duration="00:00:00.3716777" startTime="2016-08-04T08:09:55.5181095+02:00" endTime="2016-08-04T08:09:55.8904653+02:00" testType="13cdc9d9-ddb5-4fa4-a97d-d965ccfc6d4b" outcome="Passed" testListId="8c84fa94-04c1-424b-9868-57a2d4851a1d" relativeResultsDirectory="c8fceefc-232a-4145-9f02-40500214db55" />
    <UnitTestResult executionId="72eaa3b3-54b6-4115-b097-4e792392757f" testId="0343fa90-68b5-4d96-bf41-f90530ec105d" testName="GetById_KnownCategoryId_ReturnsEntityWithCorrectProperties (Data Row 1)" computerName="ICSWS068" duration="00:00:00.3771292" startTime="2016-08-04T08:09:55.8904653+02:00" endTime="2016-08-04T08:09:56.2677800+02:00" testType="13cdc9d9-ddb5-4fa4-a97d-d965ccfc6d4b" outcome="Passed" testListId="8c84fa94-04c1-424b-9868-57a2d4851a1d" relativeResultsDirectory="72eaa3b3-54b6-4115-b097-4e792392757f" />
    <UnitTestResult executionId="3a2de3cb-2317-4a6c-87da-b93402fb2d94" testId="25194b82-1d0c-472c-942c-4e80b8e5e3c2" testName="GetById_KnownCategoryId_ReturnsEntityWithCorrectProperties (Data Row 2)" computerName="ICSWS068" duration="00:00:00.3810863" startTime="2016-08-04T08:09:56.2677800+02:00" endTime="2016-08-04T08:09:56.6481337+02:00" testType="13cdc9d9-ddb5-4fa4-a97d-d965ccfc6d4b" outcome="Passed" testListId="8c84fa94-04c1-424b-9868-57a2d4851a1d" relativeResultsDirectory="3a2de3cb-2317-4a6c-87da-b93402fb2d94" />
    <UnitTestResult executionId="d099230c-889d-4236-9c7e-ed7101cb6359" testId="d05d4090-6c20-4d23-a55b-c2c714e3bf54" testName="GetById_KnownCategoryId_ReturnsEntityWithCorrectProperties (Data Row 3)" computerName="ICSWS068" duration="00:00:00.3456860" startTime="2016-08-04T08:09:56.6481337+02:00" endTime="2016-08-04T08:09:56.9944008+02:00" testType="13cdc9d9-ddb5-4fa4-a97d-d965ccfc6d4b" outcome="Passed" testListId="8c84fa94-04c1-424b-9868-57a2d4851a1d" relativeResultsDirectory="d099230c-889d-4236-9c7e-ed7101cb6359" />
    <UnitTestResult executionId="9405b8fc-480b-4355-837b-221308472414" testId="c1f2a16f-e138-4ac9-9fbb-e40690787111" testName="GetById_KnownCategoryId_ReturnsEntityWithCorrectProperties (Data Row 4)" computerName="ICSWS068" duration="00:00:00.3828511" startTime="2016-08-04T08:09:56.9944008+02:00" endTime="2016-08-04T08:09:57.3766503+02:00" testType="13cdc9d9-ddb5-4fa4-a97d-d965ccfc6d4b" outcome="Passed" testListId="8c84fa94-04c1-424b-9868-57a2d4851a1d" relativeResultsDirectory="9405b8fc-480b-4355-837b-221308472414" />
    <UnitTestResult executionId="38fd7a8a-2bd4-4a37-b08c-b0d6e6897f38" testId="312cec6a-8469-4a93-8f6a-e158860cea8e" testName="GetById_KnownCategoryId_ReturnsEntityWithCorrectProperties (Data Row 5)" computerName="ICSWS068" duration="00:00:00.3979067" startTime="2016-08-04T08:09:57.3766503+02:00" endTime="2016-08-04T08:09:57.7749620+02:00" testType="13cdc9d9-ddb5-4fa4-a97d-d965ccfc6d4b" outcome="Passed" testListId="8c84fa94-04c1-424b-9868-57a2d4851a1d" relativeResultsDirectory="38fd7a8a-2bd4-4a37-b08c-b0d6e6897f38" />
    <UnitTestResult executionId="a21839aa-3e40-42c5-bd82-3936ce43b338" testId="1789340b-e418-43df-9c5b-ae68d41b447c" testName="GetById_KnownCategoryId_ReturnsEntityWithCorrectProperties (Data Row 6)" computerName="ICSWS068" duration="00:00:00.3424752" startTime="2016-08-04T08:09:57.7749620+02:00" endTime="2016-08-04T08:09:58.1178283+02:00" testType="13cdc9d9-ddb5-4fa4-a97d-d965ccfc6d4b" outcome="Passed" testListId="8c84fa94-04c1-424b-9868-57a2d4851a1d" relativeResultsDirectory="a21839aa-3e40-42c5-bd82-3936ce43b338" />
    <UnitTestResult executionId="c76c41fe-b274-4066-b994-baebc6a2cae8" testId="be7edb9c-214b-4f3b-ad92-3c1e7d9ecd42" testName="GetById_KnownCategoryId_ReturnsEntityWithCorrectProperties (Data Row 7)" computerName="ICSWS068" duration="00:00:00.3760935" startTime="2016-08-04T08:09:58.1178283+02:00" endTime="2016-08-04T08:09:58.4936155+02:00" testType="13cdc9d9-ddb5-4fa4-a97d-d965ccfc6d4b" outcome="Passed" testListId="8c84fa94-04c1-424b-9868-57a2d4851a1d" relativeResultsDirectory="c76c41fe-b274-4066-b994-baebc6a2cae8" />
    <UnitTestResult executionId="2a338715-1e0d-4281-9ad8-24c15368db18" testId="a4d414fd-702f-5f8f-dcd9-f85e4c6031b3" testName="GetByKey_NewGuid_ThrowsEntityNotFoundException" computerName="ICSWS068" duration="00:00:00.4404667" startTime="2016-08-04T10:09:58.4981186+02:00" endTime="2016-08-04T10:09:58.9401047+02:00" testType="13cdc9d9-ddb5-4fa4-a97d-d965ccfc6d4b" outcome="Passed" testListId="8c84fa94-04c1-424b-9868-57a2d4851a1d" relativeResultsDirectory="2a338715-1e0d-4281-9ad8-24c15368db18" />
    <UnitTestResult executionId="4ae74e38-e4f4-4a0b-96a2-0989823f2a46" testId="6706c0ba-e21a-4e06-8743-1e3c1fdf6de3" testName="GetByKey_KnownCategoryKey_ReturnsEntityWithCorrectProperties (Data Row 0)" computerName="ICSWS068" duration="00:00:00.3517328" startTime="2016-08-04T08:09:58.9451084+02:00" endTime="2016-08-04T08:09:59.2973754+02:00" testType="13cdc9d9-ddb5-4fa4-a97d-d965ccfc6d4b" outcome="Passed" testListId="8c84fa94-04c1-424b-9868-57a2d4851a1d" relativeResultsDirectory="4ae74e38-e4f4-4a0b-96a2-0989823f2a46" />
    <UnitTestResult executionId="b18cfcde-0f59-4a62-af49-17255259a3b8" testId="8cda7fdd-b3d1-49d4-bd22-4a65290c23f7" testName="GetByKey_KnownCategoryKey_ReturnsEntityWithCorrectProperties (Data Row 1)" computerName="ICSWS068" duration="00:00:00.3738149" startTime="2016-08-04T08:09:59.2973754+02:00" endTime="2016-08-04T08:09:59.6708949+02:00" testType="13cdc9d9-ddb5-4fa4-a97d-d965ccfc6d4b" outcome="Passed" testListId="8c84fa94-04c1-424b-9868-57a2d4851a1d" relativeResultsDirectory="b18cfcde-0f59-4a62-af49-17255259a3b8" />
    <UnitTestResult executionId="2a38faba-7fb7-497e-b342-56ae818790b5" testId="104816fd-d326-436d-8629-6285c14841c5" testName="GetByKey_KnownCategoryKey_ReturnsEntityWithCorrectProperties (Data Row 2)" computerName="ICSWS068" duration="00:00:00.3909418" startTime="2016-08-04T08:09:59.6708949+02:00" endTime="2016-08-04T08:10:00.0620771+02:00" testType="13cdc9d9-ddb5-4fa4-a97d-d965ccfc6d4b" outcome="Passed" testListId="8c84fa94-04c1-424b-9868-57a2d4851a1d" relativeResultsDirectory="2a38faba-7fb7-497e-b342-56ae818790b5" />
    <UnitTestResult executionId="c9e0bef5-94b1-4711-a943-afc918b3a270" testId="0f51999b-e93c-42ac-8e7a-b378df56a7a1" testName="GetByKey_KnownCategoryKey_ReturnsEntityWithCorrectProperties (Data Row 3)" computerName="ICSWS068" duration="00:00:00.3882536" startTime="2016-08-04T08:10:00.0620771+02:00" endTime="2016-08-04T08:10:00.4503986+02:00" testType="13cdc9d9-ddb5-4fa4-a97d-d965ccfc6d4b" outcome="Passed" testListId="8c84fa94-04c1-424b-9868-57a2d4851a1d" relativeResultsDirectory="c9e0bef5-94b1-4711-a943-afc918b3a270" />
    <UnitTestResult executionId="2531973e-7a7e-4309-9fb5-ed4e0155d5e7" testId="5dd2e7e4-8f24-430a-a4f9-e6e5186e7302" testName="GetByKey_KnownCategoryKey_ReturnsEntityWithCorrectProperties (Data Row 4)" computerName="ICSWS068" duration="00:00:00.3732548" startTime="2016-08-04T08:10:00.4503986+02:00" endTime="2016-08-04T08:10:00.8236841+02:00" testType="13cdc9d9-ddb5-4fa4-a97d-d965ccfc6d4b" outcome="Passed" testListId="8c84fa94-04c1-424b-9868-57a2d4851a1d" relativeResultsDirectory="2531973e-7a7e-4309-9fb5-ed4e0155d5e7" />
    <UnitTestResult executionId="a8d007fa-f586-482a-aac6-7939d2081f62" testId="ab5d4dac-c6e1-4bbf-aa13-1b3f4bd42bb3" testName="GetByKey_KnownCategoryKey_ReturnsEntityWithCorrectProperties (Data Row 5)" computerName="ICSWS068" duration="00:00:00.3787787" startTime="2016-08-04T08:10:00.8236841+02:00" endTime="2016-08-04T08:10:01.2024999+02:00" testType="13cdc9d9-ddb5-4fa4-a97d-d965ccfc6d4b" outcome="Passed" testListId="8c84fa94-04c1-424b-9868-57a2d4851a1d" relativeResultsDirectory="a8d007fa-f586-482a-aac6-7939d2081f62" />
    <UnitTestResult executionId="85ba828a-0112-4703-8bb0-ed2979685a8c" testId="2f7fd07e-0430-4792-8a4c-750318d74985" testName="GetByKey_KnownCategoryKey_ReturnsEntityWithCorrectProperties (Data Row 6)" computerName="ICSWS068" duration="00:00:00.3463516" startTime="2016-08-04T08:10:01.2024999+02:00" endTime="2016-08-04T08:10:01.5488099+02:00" testType="13cdc9d9-ddb5-4fa4-a97d-d965ccfc6d4b" outcome="Passed" testListId="8c84fa94-04c1-424b-9868-57a2d4851a1d" relativeResultsDirectory="85ba828a-0112-4703-8bb0-ed2979685a8c" />
    <UnitTestResult executionId="53076198-2a0e-4642-a8e8-00cb6b59a4df" testId="73405d3f-baec-4324-a2b9-643953260d60" testName="GetByKey_KnownCategoryKey_ReturnsEntityWithCorrectProperties (Data Row 7)" computerName="ICSWS068" duration="00:00:00.3892559" startTime="2016-08-04T08:10:01.5488099+02:00" endTime="2016-08-04T08:10:01.9376291+02:00" testType="13cdc9d9-ddb5-4fa4-a97d-d965ccfc6d4b" outcome="Passed" testListId="8c84fa94-04c1-424b-9868-57a2d4851a1d" relativeResultsDirectory="53076198-2a0e-4642-a8e8-00cb6b59a4df" />
    <UnitTestResult executionId="7dd1214a-9c9d-483c-baec-9065567a412e" testId="0647eb4c-24e9-aca8-03ad-2ab50c84228b" testName="GetByKey_UnsupportedKey_ThrowsArgumentException" computerName="ICSWS068" duration="00:00:00.3755894" startTime="2016-08-04T10:10:01.9426322+02:00" endTime="2016-08-04T10:10:02.3194862+02:00" testType="13cdc9d9-ddb5-4fa4-a97d-d965ccfc6d4b" outcome="Passed" testListId="8c84fa94-04c1-424b-9868-57a2d4851a1d" relativeResultsDirectory="7dd1214a-9c9d-483c-baec-9065567a412e" />
    <UnitTestResult executionId="c1426274-40a8-40fa-b6aa-1519626b71dc" testId="b726afce-dccd-9a9d-5406-71761fba9c5b" testName="TryGetById_NewGuid_ReturnsNull" computerName="ICSWS068" duration="00:00:00.3423060" startTime="2016-08-04T10:10:02.3224885+02:00" endTime="2016-08-04T10:10:02.6662498+02:00" testType="13cdc9d9-ddb5-4fa4-a97d-d965ccfc6d4b" outcome="Passed" testListId="8c84fa94-04c1-424b-9868-57a2d4851a1d" relativeResultsDirectory="c1426274-40a8-40fa-b6aa-1519626b71dc" />
    <UnitTestResult executionId="13db0b16-4822-48a3-9959-bc4a9337ea33" testId="bc1b1cd7-f85d-4a1b-a809-81ec735b9e63" testName="TryGetById_KnownCategoryId_ReturnsEntityWithCorrectProperties (Data Row 0)" computerName="ICSWS068" duration="00:00:00.4396627" startTime="2016-08-04T08:10:02.6722535+02:00" endTime="2016-08-04T08:10:03.1114633+02:00" testType="13cdc9d9-ddb5-4fa4-a97d-d965ccfc6d4b" outcome="Passed" testListId="8c84fa94-04c1-424b-9868-57a2d4851a1d" relativeResultsDirectory="13db0b16-4822-48a3-9959-bc4a9337ea33" />
    <UnitTestResult executionId="26ec24c4-79ea-462b-b423-da0f4a2fece9" testId="08dea6be-a707-4944-83fe-3efaf76f9a26" testName="TryGetById_KnownCategoryId_ReturnsEntityWithCorrectProperties (Data Row 1)" computerName="ICSWS068" duration="00:00:00.3946593" startTime="2016-08-04T08:10:03.1114633+02:00" endTime="2016-08-04T08:10:03.5065159+02:00" testType="13cdc9d9-ddb5-4fa4-a97d-d965ccfc6d4b" outcome="Passed" testListId="8c84fa94-04c1-424b-9868-57a2d4851a1d" relativeResultsDirectory="26ec24c4-79ea-462b-b423-da0f4a2fece9" />
    <UnitTestResult executionId="aa7bf4c5-02b4-4efb-b728-589a2263bd68" testId="b49d3850-0da8-49f2-8196-4983c01b41d6" testName="TryGetById_KnownCategoryId_ReturnsEntityWithCorrectProperties (Data Row 2)" computerName="ICSWS068" duration="00:00:00.3580649" startTime="2016-08-04T08:10:03.5065159+02:00" endTime="2016-08-04T08:10:03.8643857+02:00" testType="13cdc9d9-ddb5-4fa4-a97d-d965ccfc6d4b" outcome="Passed" testListId="8c84fa94-04c1-424b-9868-57a2d4851a1d" relativeResultsDirectory="aa7bf4c5-02b4-4efb-b728-589a2263bd68" />
    <UnitTestResult executionId="f7e362f2-cd04-4a30-b739-e9e77660360d" testId="a084fd28-e6bf-4ea7-a20d-abff385e38e7" testName="TryGetById_KnownCategoryId_ReturnsEntityWithCorrectProperties (Data Row 3)" computerName="ICSWS068" duration="00:00:00.3913318" startTime="2016-08-04T08:10:03.8643857+02:00" endTime="2016-08-04T08:10:04.2560726+02:00" testType="13cdc9d9-ddb5-4fa4-a97d-d965ccfc6d4b" outcome="Passed" testListId="8c84fa94-04c1-424b-9868-57a2d4851a1d" relativeResultsDirectory="f7e362f2-cd04-4a30-b739-e9e77660360d" />
    <UnitTestResult executionId="cc327679-0273-4ec4-b96a-5bfa80c2d9c8" testId="2d2443c9-962e-403b-8a64-00c92be830e2" testName="TryGetById_KnownCategoryId_ReturnsEntityWithCorrectProperties (Data Row 4)" computerName="ICSWS068" duration="00:00:00.3448573" startTime="2016-08-04T08:10:04.2560726+02:00" endTime="2016-08-04T08:10:04.6011137+02:00" testType="13cdc9d9-ddb5-4fa4-a97d-d965ccfc6d4b" outcome="Passed" testListId="8c84fa94-04c1-424b-9868-57a2d4851a1d" relativeResultsDirectory="cc327679-0273-4ec4-b96a-5bfa80c2d9c8" />
    <UnitTestResult executionId="06d35ac2-3489-47ee-ac69-37fef281a30e" testId="4c6bcd3d-73b7-4b9a-9f1d-363a8ba2bfd0" testName="TryGetById_KnownCategoryId_ReturnsEntityWithCorrectProperties (Data Row 5)" computerName="ICSWS068" duration="00:00:00.3402662" startTime="2016-08-04T08:10:04.6011137+02:00" endTime="2016-08-04T08:10:04.9409615+02:00" testType="13cdc9d9-ddb5-4fa4-a97d-d965ccfc6d4b" outcome="Passed" testListId="8c84fa94-04c1-424b-9868-57a2d4851a1d" relativeResultsDirectory="06d35ac2-3489-47ee-ac69-37fef281a30e" />
    <UnitTestResult executionId="7ccf1331-b566-4170-b756-bddc5dbd78d2" testId="58f0cfc8-162e-4f4a-a2da-775e1cc3ea1a" testName="TryGetById_KnownCategoryId_ReturnsEntityWithCorrectProperties (Data Row 6)" computerName="ICSWS068" duration="00:00:00.4024714" startTime="2016-08-04T08:10:04.9409615+02:00" endTime="2016-08-04T08:10:05.3437919+02:00" testType="13cdc9d9-ddb5-4fa4-a97d-d965ccfc6d4b" outcome="Passed" testListId="8c84fa94-04c1-424b-9868-57a2d4851a1d" relativeResultsDirectory="7ccf1331-b566-4170-b756-bddc5dbd78d2" />
    <UnitTestResult executionId="e988780e-0eb4-45b6-bc8a-f21a41875521" testId="7a3c5664-0ac0-451d-a773-f957b5e67bf4" testName="TryGetById_KnownCategoryId_ReturnsEntityWithCorrectProperties (Data Row 7)" computerName="ICSWS068" duration="00:00:00.3726220" startTime="2016-08-04T08:10:05.3437919+02:00" endTime="2016-08-04T08:10:05.7160786+02:00" testType="13cdc9d9-ddb5-4fa4-a97d-d965ccfc6d4b" outcome="Passed" testListId="8c84fa94-04c1-424b-9868-57a2d4851a1d" relativeResultsDirectory="e988780e-0eb4-45b6-bc8a-f21a41875521" />
    <UnitTestResult executionId="a1f33495-f835-423a-9c3e-a674e58acd7a" testId="ff5c43a8-350c-dcc5-a064-f8f9e07fcf2d" testName="TryGetByPath_NonExistingPath_ReturnsNull" computerName="ICSWS068" duration="00:00:00.3523134" startTime="2016-08-04T10:10:05.7210814+02:00" endTime="2016-08-04T10:10:06.0743616+02:00" testType="13cdc9d9-ddb5-4fa4-a97d-d965ccfc6d4b" outcome="Passed" testListId="8c84fa94-04c1-424b-9868-57a2d4851a1d" relativeResultsDirectory="a1f33495-f835-423a-9c3e-a674e58acd7a" />
    <UnitTestResult executionId="091edbfc-59cf-4c97-9406-a2a8eb16fbe1" testId="051891a8-7b50-4ed7-a0b8-fb4e3cd568d2" testName="TryGetByPath_ExistingPath_ReturnsCorrectEntity (Data Row 0)" computerName="ICSWS068" duration="00:00:00.3982472" startTime="2016-08-04T08:10:06.0803498+02:00" endTime="2016-08-04T08:10:06.4786527+02:00" testType="13cdc9d9-ddb5-4fa4-a97d-d965ccfc6d4b" outcome="Passed" testListId="8c84fa94-04c1-424b-9868-57a2d4851a1d" relativeResultsDirectory="091edbfc-59cf-4c97-9406-a2a8eb16fbe1" />
    <UnitTestResult executionId="5df692b5-172e-4612-b764-3d20db965338" testId="a18733d2-6111-4c10-8a62-3051ff83ad22" testName="TryGetByPath_ExistingPath_ReturnsCorrectEntity (Data Row 1)" computerName="ICSWS068" duration="00:00:00.4072194" startTime="2016-08-04T08:10:06.4786527+02:00" endTime="2016-08-04T08:10:06.8859179+02:00" testType="13cdc9d9-ddb5-4fa4-a97d-d965ccfc6d4b" outcome="Passed" testListId="8c84fa94-04c1-424b-9868-57a2d4851a1d" relativeResultsDirectory="5df692b5-172e-4612-b764-3d20db965338" />
    <UnitTestResult executionId="d158789c-ec1a-40a5-80a7-d801aee49adc" testId="3ad5eaef-1a0a-4c66-80de-83f947453d8f" testName="TryGetByPath_ExistingPath_ReturnsCorrectEntity (Data Row 2)" computerName="ICSWS068" duration="00:00:00.3861220" startTime="2016-08-04T08:10:06.8859179+02:00" endTime="2016-08-04T08:10:07.2722105+02:00" testType="13cdc9d9-ddb5-4fa4-a97d-d965ccfc6d4b" outcome="Passed" testListId="8c84fa94-04c1-424b-9868-57a2d4851a1d" relativeResultsDirectory="d158789c-ec1a-40a5-80a7-d801aee49adc" />
    <UnitTestResult executionId="a4c5ca1b-d13b-401e-9ef5-504840922967" testId="771e95a1-b954-4190-a906-1bea6786d36f" testName="TryGetByPath_ExistingPath_ReturnsCorrectEntity (Data Row 3)" computerName="ICSWS068" duration="00:00:00.4064186" startTime="2016-08-04T08:10:07.2722105+02:00" endTime="2016-08-04T08:10:07.6785188+02:00" testType="13cdc9d9-ddb5-4fa4-a97d-d965ccfc6d4b" outcome="Passed" testListId="8c84fa94-04c1-424b-9868-57a2d4851a1d" relativeResultsDirectory="a4c5ca1b-d13b-401e-9ef5-504840922967" />
    <UnitTestResult executionId="06f115e2-b26b-4a4c-aab7-afc8dfe5bb52" testId="b2181409-37c0-49bf-a248-c2458602483f" testName="TryGetByPath_ExistingPath_ReturnsCorrectEntity (Data Row 4)" computerName="ICSWS068" duration="00:00:00.3430731" startTime="2016-08-04T08:10:07.6785188+02:00" endTime="2016-08-04T08:10:08.0207851+02:00" testType="13cdc9d9-ddb5-4fa4-a97d-d965ccfc6d4b" outcome="Passed" testListId="8c84fa94-04c1-424b-9868-57a2d4851a1d" relativeResultsDirectory="06f115e2-b26b-4a4c-aab7-afc8dfe5bb52" />
    <UnitTestResult executionId="dc16e8d5-65db-4ef9-9315-e1ae6f888d86" testId="9ce238e8-a535-4cbf-a378-c2ac5fad4165" testName="TryGetByPath_ExistingPath_ReturnsCorrectEntity (Data Row 5)" computerName="ICSWS068" duration="00:00:00.3290600" startTime="2016-08-04T08:10:08.0207851+02:00" endTime="2016-08-04T08:10:08.3500798+02:00" testType="13cdc9d9-ddb5-4fa4-a97d-d965ccfc6d4b" outcome="Passed" testListId="8c84fa94-04c1-424b-9868-57a2d4851a1d" relativeResultsDirectory="dc16e8d5-65db-4ef9-9315-e1ae6f888d86" />
    <UnitTestResult executionId="c3fa6ce0-3386-4ff0-ac3b-26a1de67b255" testId="36ebbef2-51fc-4e41-9672-3ca5f558922b" testName="TryGetByPath_ExistingPath_ReturnsCorrectEntity (Data Row 6)" computerName="ICSWS068" duration="00:00:00.3377149" startTime="2016-08-04T08:10:08.3500798+02:00" endTime="2016-08-04T08:10:08.6882831+02:00" testType="13cdc9d9-ddb5-4fa4-a97d-d965ccfc6d4b" outcome="Passed" testListId="8c84fa94-04c1-424b-9868-57a2d4851a1d" relativeResultsDirectory="c3fa6ce0-3386-4ff0-ac3b-26a1de67b255" />
    <UnitTestResult executionId="468d6865-39f3-411e-abf5-cd473440330d" testId="96bee050-c759-411b-b3c7-bb534b177453" testName="TryGetByPath_ExistingPath_ReturnsCorrectEntity (Data Row 7)" computerName="ICSWS068" duration="00:00:00.3557714" startTime="2016-08-04T08:10:08.6882831+02:00" endTime="2016-08-04T08:10:09.0441965+02:00" testType="13cdc9d9-ddb5-4fa4-a97d-d965ccfc6d4b" outcome="Passed" testListId="8c84fa94-04c1-424b-9868-57a2d4851a1d" relativeResultsDirectory="468d6865-39f3-411e-abf5-cd473440330d" />
    <UnitTestResult executionId="683c9b3f-d2a3-4221-8cd6-c88898352275" testId="f8423a9d-bcd6-c183-a087-c40c8f95ad36" testName="Delete_NonSystemInternalCategory_SuccessfullyDeletesCategory" computerName="ICSWS068" duration="00:00:00.6720132" startTime="2016-08-04T10:10:09.0471817+02:00" endTime="2016-08-04T10:10:09.7213348+02:00" testType="13cdc9d9-ddb5-4fa4-a97d-d965ccfc6d4b" outcome="Passed" testListId="8c84fa94-04c1-424b-9868-57a2d4851a1d" relativeResultsDirectory="683c9b3f-d2a3-4221-8cd6-c88898352275" />
    <UnitTestResult executionId="84f74938-8256-4e89-8281-0a8b2a28a1f5" testId="517473fe-0d64-3378-3f6e-3bde668e83a8" testName="Add_NullName_ThrowsConditionalErrorException" computerName="ICSWS068" duration="00:00:00.3206939" startTime="2016-08-04T10:10:09.7243210+02:00" endTime="2016-08-04T10:10:10.0455876+02:00" testType="13cdc9d9-ddb5-4fa4-a97d-d965ccfc6d4b" outcome="Passed" testListId="8c84fa94-04c1-424b-9868-57a2d4851a1d" relativeResultsDirectory="84f74938-8256-4e89-8281-0a8b2a28a1f5" />
    <UnitTestResult executionId="edf5a779-dc16-43de-b03e-0431bf377f16" testId="318853e8-5e53-08c7-834b-c61ab9fa976f" testName="Add_EmptyName_ThrowsStringLengthErrorException" computerName="ICSWS068" duration="00:00:00.3302473" startTime="2016-08-04T10:10:10.0505914+02:00" endTime="2016-08-04T10:10:10.3819104+02:00" testType="13cdc9d9-ddb5-4fa4-a97d-d965ccfc6d4b" outcome="Passed" testListId="8c84fa94-04c1-424b-9868-57a2d4851a1d" relativeResultsDirectory="edf5a779-dc16-43de-b03e-0431bf377f16" />
    <UnitTestResult executionId="b756aa10-6705-4681-babb-805e2e31ac93" testId="2ec1c6eb-7be1-8aa2-dfe7-963dd5b20200" testName="Add_WhiteSpaceOnlyName_ThrowsStringLengthErrorException" computerName="ICSWS068" duration="00:00:00.3549773" startTime="2016-08-04T10:10:10.3858959+02:00" endTime="2016-08-04T10:10:10.7422309+02:00" testType="13cdc9d9-ddb5-4fa4-a97d-d965ccfc6d4b" outcome="Passed" testListId="8c84fa94-04c1-424b-9868-57a2d4851a1d" relativeResultsDirectory="b756aa10-6705-4681-babb-805e2e31ac93" />
    <UnitTestResult executionId="45f31f02-ab5d-4828-8f28-80963d692430" testId="0b60e23c-8b7b-615c-f0ce-a25aba8231d5" testName="Add_TooLongName_ThrowsStringLengthErrorException" computerName="ICSWS068" duration="00:00:00.3222258" startTime="2016-08-04T10:10:10.7442326+02:00" endTime="2016-08-04T10:10:11.0683430+02:00" testType="13cdc9d9-ddb5-4fa4-a97d-d965ccfc6d4b" outcome="Passed" testListId="8c84fa94-04c1-424b-9868-57a2d4851a1d" relativeResultsDirectory="45f31f02-ab5d-4828-8f28-80963d692430" />
    <UnitTestResult executionId="a88accf6-74cc-4413-9bc0-082053ec3046" testId="28e9ac9d-e78b-2e8f-194f-5901f1ad8e5e" testName="Add_LongDescription_Succeeds" computerName="ICSWS068" duration="00:00:00.3350487" startTime="2016-08-04T10:10:11.0713285+02:00" endTime="2016-08-04T10:10:11.4073788+02:00" testType="13cdc9d9-ddb5-4fa4-a97d-d965ccfc6d4b" outcome="Passed" testListId="8c84fa94-04c1-424b-9868-57a2d4851a1d" relativeResultsDirectory="a88accf6-74cc-4413-9bc0-082053ec3046" />
    <UnitTestResult executionId="6da13528-9f67-4a07-85ab-43ed8cec9b24" testId="e343ef72-330c-642f-ff3a-a447b8a3cf71" testName="Add_ValidProperties_IdAndTimesAreUpdatedCorrectly" computerName="ICSWS068" duration="00:00:00.3529072" startTime="2016-08-04T10:10:11.4099275+02:00" endTime="2016-08-04T10:10:11.7647191+02:00" testType="13cdc9d9-ddb5-4fa4-a97d-d965ccfc6d4b" outcome="Passed" testListId="8c84fa94-04c1-424b-9868-57a2d4851a1d" relativeResultsDirectory="6da13528-9f67-4a07-85ab-43ed8cec9b24" />
    <UnitTestResult executionId="f9766f22-8e51-482b-aa71-61ff34f4f196" testId="32d94c40-7966-6a0e-70e0-56ff76d22c20" testName="Add_ComplexProperties_ArePersistedCorrectly" computerName="ICSWS068" duration="00:00:00.3346179" startTime="2016-08-04T10:10:11.7667375+02:00" endTime="2016-08-04T10:10:12.1034784+02:00" testType="13cdc9d9-ddb5-4fa4-a97d-d965ccfc6d4b" outcome="Passed" testListId="8c84fa94-04c1-424b-9868-57a2d4851a1d" relativeResultsDirectory="f9766f22-8e51-482b-aa71-61ff34f4f196" />
    <UnitTestResult executionId="40d0684b-183c-4136-acca-ad3e010babc4" testId="cad8e3cd-ae47-9c8c-ac7c-c997f148fe39" testName="Add_DuplicateNameWithSameParent_ThrowsUniqueValueAddConflictException" computerName="ICSWS068" duration="00:00:00.3298124" startTime="2016-08-04T10:10:12.1060197+02:00" endTime="2016-08-04T10:10:12.4372862+02:00" testType="13cdc9d9-ddb5-4fa4-a97d-d965ccfc6d4b" outcome="Passed" testListId="8c84fa94-04c1-424b-9868-57a2d4851a1d" relativeResultsDirectory="40d0684b-183c-4136-acca-ad3e010babc4" />
    <UnitTestResult executionId="cebffde8-2829-42c8-ae07-2c48fdf88646" testId="792310d5-82cf-8d07-bb1e-369023ac0215" testName="ImportExistingCategoryWithNewerModifiedDate" computerName="ICSWS068" duration="00:00:03.9895278" startTime="2016-08-04T10:10:12.4402882+02:00" endTime="2016-08-04T10:10:16.4312204+02:00" testType="13cdc9d9-ddb5-4fa4-a97d-d965ccfc6d4b" outcome="Passed" testListId="8c84fa94-04c1-424b-9868-57a2d4851a1d" relativeResultsDirectory="cebffde8-2829-42c8-ae07-2c48fdf88646">
      <Output>
        <StdOut>Debug Trace:

Validating Category Functions
The Category
The Category Functions is in use by the following existing entities:
 - Adapterflow 'AF With CodeExpression' with id a3ef501a-39a0-457f-9ccf-d2186b28d6a4,
- Setting attribute group 'Database Connection String' with id f9ac6807-8c29-499d-ba4b-394ec674a8b2,
- Workflow 'TestWorkflow #1' with id f8c27eef-05a9-4ee8-9fb1-db27f2805ead,
- Event type 'Run Adapters' with id 3ed0ab29-0d76-4d7d-8b25-7fc63fef6aea,
- Partner 'Bell Manufacturing Inc.' with id 4cbc55cb-3516-4cee-a549-4b9c7b455eee,
- Application pool 'Unused' with id 08e9457e-7dfe-4f24-b728-066d5540a9b0,
- Filter 'Node Filter One' with id 80206365-bed6-41c5-adb3-9c28401728d3,
- Component 'Use of Adapter' with id 1a10b2a4-e874-46d5-b68a-adb3730f4acc,
- Counter 'Counter 2' with id 1f48f3cc-961d-427f-98bb-606e09995bc0 and
- Script 'UnusedStandardScript' with id 0e8f547f-34ed-4e8c-8d1a-e3c50ee34963
Validating Category Functions
Importing Category Functions
Importing Category Functions
1 entities and 0 references successfully imported, 0 items skipped.</StdOut>
      </Output>
    </UnitTestResult>
    <UnitTestResult executionId="824f8aea-1b52-4242-8a48-ada6b3df4102" testId="8411cb24-1b23-7815-8780-4729dc11fcba" testName="RepositoryEntityTypeId_ReturnsEntityReference" computerName="ICSWS068" duration="00:00:00.3497926" startTime="2016-08-04T10:10:16.4342232+02:00" endTime="2016-08-04T10:10:16.7854070+02:00" testType="13cdc9d9-ddb5-4fa4-a97d-d965ccfc6d4b" outcome="Passed" testListId="8c84fa94-04c1-424b-9868-57a2d4851a1d" relativeResultsDirectory="824f8aea-1b52-4242-8a48-ada6b3df4102" />
    <UnitTestResult executionId="9e8da9a8-1070-4719-89b1-7a9d5ef301ce" testId="65478d97-4473-68f4-3359-83962083ac42" testName="RepositoryEntityType_ReturnsITrackingEntityReference" computerName="ICSWS068" duration="00:00:00.3253172" startTime="2016-08-04T10:10:16.7884108+02:00" endTime="2016-08-04T10:10:17.1151976+02:00" testType="13cdc9d9-ddb5-4fa4-a97d-d965ccfc6d4b" outcome="Passed" testListId="8c84fa94-04c1-424b-9868-57a2d4851a1d" relativeResultsDirectory="9e8da9a8-1070-4719-89b1-7a9d5ef301ce" />
    <UnitTestResult executionId="35857008-eb87-46e3-ab61-7a43b29bbe7b" testId="2a17dc6d-0405-2cac-0820-2f877efb454a" testName="RepositorySystemContext_MatchesActualSystemContext" computerName="ICSWS068" duration="00:00:00.3619874" startTime="2016-08-04T10:10:17.1177178+02:00" endTime="2016-08-04T10:10:17.4810620+02:00" testType="13cdc9d9-ddb5-4fa4-a97d-d965ccfc6d4b" outcome="Passed" testListId="8c84fa94-04c1-424b-9868-57a2d4851a1d" relativeResultsDirectory="35857008-eb87-46e3-ab61-7a43b29bbe7b" />
    <UnitTestResult executionId="7ace6ec6-9ad8-43d4-a431-887785217953" testId="48c021b4-3c06-077c-cfe5-4ecf729685c9" testName="Add_ValidArgumentsById_Succeeds" computerName="ICSWS068" duration="00:00:00.5324458" startTime="2016-08-04T10:10:17.4840482+02:00" endTime="2016-08-04T10:10:18.0176297+02:00" testType="13cdc9d9-ddb5-4fa4-a97d-d965ccfc6d4b" outcome="Passed" testListId="8c84fa94-04c1-424b-9868-57a2d4851a1d" relativeResultsDirectory="7ace6ec6-9ad8-43d4-a431-887785217953">
      <Output>
        <StdOut>Debug Trace:
Warning: Object AppDomain  in ReferenceWarehouse when disposing</StdOut>
      </Output>
    </UnitTestResult>
    <UnitTestResult executionId="79903f5d-4dd1-49b7-9863-8f23a5769779" testId="543f0ec4-22b8-4413-602d-7844268323d8" testName="Add_ValidArgumentsByKey_Succeeds" computerName="ICSWS068" duration="00:00:00.4065787" startTime="2016-08-04T10:10:18.0205631+02:00" endTime="2016-08-04T10:10:18.4279462+02:00" testType="13cdc9d9-ddb5-4fa4-a97d-d965ccfc6d4b" outcome="Passed" testListId="8c84fa94-04c1-424b-9868-57a2d4851a1d" relativeResultsDirectory="79903f5d-4dd1-49b7-9863-8f23a5769779">
      <Output>
        <StdOut>Debug Trace:
Warning: Object AppDomain  in ReferenceWarehouse when disposing</StdOut>
      </Output>
    </UnitTestResult>
    <UnitTestResult executionId="0579b8a0-9e80-4631-9487-43775269ff63" testId="5b5c1fde-01e6-880d-5c5f-742281a81eb5" testName="Add_AlreadyExistingReference_Succeeds" computerName="ICSWS068" duration="00:00:00.4022348" startTime="2016-08-04T10:10:18.4309644+02:00" endTime="2016-08-04T10:10:18.8342293+02:00" testType="13cdc9d9-ddb5-4fa4-a97d-d965ccfc6d4b" outcome="Passed" testListId="8c84fa94-04c1-424b-9868-57a2d4851a1d" relativeResultsDirectory="0579b8a0-9e80-4631-9487-43775269ff63">
      <Output>
        <StdOut>Debug Trace:
Warning: Object AppDomain  in ReferenceWarehouse when disposing</StdOut>
      </Output>
    </UnitTestResult>
    <UnitTestResult executionId="c05a4aba-b3ed-4e3d-9409-2552ef480e03" testId="0133c93d-43e6-00ba-ce2f-e9402a081690" testName="Add_ToDescriptiveEntityViaGuidKey_Succeeds" computerName="ICSWS068" duration="00:00:00.3951391" startTime="2016-08-04T10:10:18.8372319+02:00" endTime="2016-08-04T10:10:19.2330419+02:00" testType="13cdc9d9-ddb5-4fa4-a97d-d965ccfc6d4b" outcome="Passed" testListId="8c84fa94-04c1-424b-9868-57a2d4851a1d" relativeResultsDirectory="c05a4aba-b3ed-4e3d-9409-2552ef480e03">
      <Output>
        <StdOut>Debug Trace:
Warning: Object AppDomain  in ReferenceWarehouse when disposing</StdOut>
      </Output>
    </UnitTestResult>
    <UnitTestResult executionId="feaf32d0-29ec-4a91-9429-dc6a64b50303" testId="49dd29b5-cc6a-59e9-bee5-6ff52aeaa5ab" testName="Add_FromDescriptiveEntityViaGuidKey_Succeeds" computerName="ICSWS068" duration="00:00:00.4006442" startTime="2016-08-04T10:10:19.2360609+02:00" endTime="2016-08-04T10:10:19.6383456+02:00" testType="13cdc9d9-ddb5-4fa4-a97d-d965ccfc6d4b" outcome="Passed" testListId="8c84fa94-04c1-424b-9868-57a2d4851a1d" relativeResultsDirectory="feaf32d0-29ec-4a91-9429-dc6a64b50303">
      <Output>
        <StdOut>Debug Trace:
Warning: Object AppDomain  in ReferenceWarehouse when disposing</StdOut>
      </Output>
    </UnitTestResult>
    <UnitTestResult executionId="6d32cea8-cdd0-4ba8-85ce-23f2ffb7ee07" testId="0aa5fb71-e520-6f1f-47cd-6e1f719245a4" testName="Exists_ReferenceIdOfExistingReference_ReturnsTrue" computerName="ICSWS068" duration="00:00:00.3928825" startTime="2016-08-04T10:10:19.6413646+02:00" endTime="2016-08-04T10:10:20.0358491+02:00" testType="13cdc9d9-ddb5-4fa4-a97d-d965ccfc6d4b" outcome="Passed" testListId="8c84fa94-04c1-424b-9868-57a2d4851a1d" relativeResultsDirectory="6d32cea8-cdd0-4ba8-85ce-23f2ffb7ee07">
      <Output>
        <StdOut>Debug Trace:
Warning: Object AppDomain  in ReferenceWarehouse when disposing</StdOut>
      </Output>
    </UnitTestResult>
    <UnitTestResult executionId="518f39fb-5bf4-43bc-8c49-550b2ee3a9b3" testId="faf31626-bafc-b73a-fd58-273f35dde510" testName="Exists_ReferenceIdOfNonExistingReference_ReturnsFalse" computerName="ICSWS068" duration="00:00:00.3176230" startTime="2016-08-04T10:10:20.0378672+02:00" endTime="2016-08-04T10:10:20.3570275+02:00" testType="13cdc9d9-ddb5-4fa4-a97d-d965ccfc6d4b" outcome="Passed" testListId="8c84fa94-04c1-424b-9868-57a2d4851a1d" relativeResultsDirectory="518f39fb-5bf4-43bc-8c49-550b2ee3a9b3" />
    <UnitTestResult executionId="dc86bbb6-c7f7-4223-b014-ee0d33bbbfed" testId="4fb32fc3-a365-9873-be4c-27034ddf4e02" testName="Exists_ByEntityKey_VariousTests_ReturnsCorrectValue" computerName="ICSWS068" duration="00:00:00.4168271" startTime="2016-08-04T10:10:20.3600445+02:00" endTime="2016-08-04T10:10:20.7785801+02:00" testType="13cdc9d9-ddb5-4fa4-a97d-d965ccfc6d4b" outcome="Passed" testListId="8c84fa94-04c1-424b-9868-57a2d4851a1d" relativeResultsDirectory="dc86bbb6-c7f7-4223-b014-ee0d33bbbfed">
      <Output>
        <StdOut>Debug Trace:
Warning: Object AppDomain  in ReferenceWarehouse when disposing</StdOut>
      </Output>
    </UnitTestResult>
    <UnitTestResult executionId="5e290df3-97bf-4fc2-938e-df9a7f5736d4" testId="1e482d6d-4baf-c954-6c7c-d9f77a864b97" testName="Delete_NonExistingReferenceId_Succeeds" computerName="ICSWS068" duration="00:00:00.3228340" startTime="2016-08-04T10:10:20.7805825+02:00" endTime="2016-08-04T10:10:21.1053693+02:00" testType="13cdc9d9-ddb5-4fa4-a97d-d965ccfc6d4b" outcome="Passed" testListId="8c84fa94-04c1-424b-9868-57a2d4851a1d" relativeResultsDirectory="5e290df3-97bf-4fc2-938e-df9a7f5736d4" />
    <UnitTestResult executionId="495cd2cf-46f8-4e8c-a2de-a9d29e9660b3" testId="d3c40ed8-a1f0-f736-e36b-743bf86228b5" testName="Delete_ExistingReferenceId_Succeeds" computerName="ICSWS068" duration="00:00:00.3985959" startTime="2016-08-04T10:10:21.1083751+02:00" endTime="2016-08-04T10:10:21.5084994+02:00" testType="13cdc9d9-ddb5-4fa4-a97d-d965ccfc6d4b" outcome="Passed" testListId="8c84fa94-04c1-424b-9868-57a2d4851a1d" relativeResultsDirectory="495cd2cf-46f8-4e8c-a2de-a9d29e9660b3">
      <Output>
        <StdOut>Debug Trace:
Warning: Object AppDomain  in ReferenceWarehouse when disposing</StdOut>
      </Output>
    </UnitTestResult>
    <UnitTestResult executionId="89724585-752c-403f-9fc7-7c33dff1c2bc" testId="5307fa1f-935f-d80a-ff1c-720b3b9d9f02" testName="Delete_SingleExistingReferenceType_Succeeds" computerName="ICSWS068" duration="00:00:00.4021110" startTime="2016-08-04T10:10:21.5115020+02:00" endTime="2016-08-04T10:10:21.9146928+02:00" testType="13cdc9d9-ddb5-4fa4-a97d-d965ccfc6d4b" outcome="Passed" testListId="8c84fa94-04c1-424b-9868-57a2d4851a1d" relativeResultsDirectory="89724585-752c-403f-9fc7-7c33dff1c2bc">
      <Output>
        <StdOut>Debug Trace:
Warning: Object AppDomain  in ReferenceWarehouse when disposing</StdOut>
      </Output>
    </UnitTestResult>
    <UnitTestResult executionId="8e2fee65-f5e9-4d9f-915b-3c4ad779773b" testId="eddb88f2-7190-6fe4-a020-222ac08dc232" testName="Delete_MultipleExistingReferenceType_Succeeds" computerName="ICSWS068" duration="00:00:00.3936781" startTime="2016-08-04T10:10:21.9201974+02:00" endTime="2016-08-04T10:10:22.3152282+02:00" testType="13cdc9d9-ddb5-4fa4-a97d-d965ccfc6d4b" outcome="Passed" testListId="8c84fa94-04c1-424b-9868-57a2d4851a1d" relativeResultsDirectory="8e2fee65-f5e9-4d9f-915b-3c4ad779773b">
      <Output>
        <StdOut>Debug Trace:
Warning: Object AppDomain  in ReferenceWarehouse when disposing</StdOut>
      </Output>
    </UnitTestResult>
    <UnitTestResult executionId="fd7072a4-ce87-4acf-bb04-74541ddd350f" testId="029c3b2e-f7be-a448-e92c-538d47321c4e" testName="Delete_AnyExistingReferenceType_Succeeds" computerName="ICSWS068" duration="00:00:00.4063652" startTime="2016-08-04T10:10:22.3182305+02:00" endTime="2016-08-04T10:10:22.7260450+02:00" testType="13cdc9d9-ddb5-4fa4-a97d-d965ccfc6d4b" outcome="Passed" testListId="8c84fa94-04c1-424b-9868-57a2d4851a1d" relativeResultsDirectory="fd7072a4-ce87-4acf-bb04-74541ddd350f">
      <Output>
        <StdOut>Debug Trace:
Warning: Object AppDomain  in ReferenceWarehouse when disposing</StdOut>
      </Output>
    </UnitTestResult>
    <UnitTestResult executionId="437e6317-4297-433d-8a88-8ae7fc50cbb3" testId="115bd6f2-9944-cfc0-da20-8f2bd3d45cc0" testName="DeleteAllFrom_NonExistingEntity_Succeeds" computerName="ICSWS068" duration="00:00:00.3259982" startTime="2016-08-04T10:10:22.7290473+02:00" endTime="2016-08-04T10:10:23.0562980+02:00" testType="13cdc9d9-ddb5-4fa4-a97d-d965ccfc6d4b" outcome="Passed" testListId="8c84fa94-04c1-424b-9868-57a2d4851a1d" relativeResultsDirectory="437e6317-4297-433d-8a88-8ae7fc50cbb3" />
    <UnitTestResult executionId="9e902b3c-697a-4c64-8252-3ca40db0aa98" testId="10ed73ab-f8fc-a16f-1d6f-58cb83ef80ff" testName="DeleteAllFrom_ExistingReferrerAllReferees_Succeeds" computerName="ICSWS068" duration="00:00:00.4272107" startTime="2016-08-04T10:10:23.0592991+02:00" endTime="2016-08-04T10:10:23.4879763+02:00" testType="13cdc9d9-ddb5-4fa4-a97d-d965ccfc6d4b" outcome="Passed" testListId="8c84fa94-04c1-424b-9868-57a2d4851a1d" relativeResultsDirectory="9e902b3c-697a-4c64-8252-3ca40db0aa98">
      <Output>
        <StdOut>Debug Trace:
Warning: Object AppDomain  in ReferenceWarehouse when disposing</StdOut>
      </Output>
    </UnitTestResult>
    <UnitTestResult executionId="572c7b6f-baac-4982-acdf-b1028b7fe446" testId="02337ffd-e3b6-5562-db64-d0a28f625c3c" testName="DeleteAllFrom_ExistingReferrerSingleRefereeType_Succeeds" computerName="ICSWS068" duration="00:00:00.4246539" startTime="2016-08-04T10:10:23.4909783+02:00" endTime="2016-08-04T10:10:23.9170781+02:00" testType="13cdc9d9-ddb5-4fa4-a97d-d965ccfc6d4b" outcome="Passed" testListId="8c84fa94-04c1-424b-9868-57a2d4851a1d" relativeResultsDirectory="572c7b6f-baac-4982-acdf-b1028b7fe446">
      <Output>
        <StdOut>Debug Trace:
Warning: Object AppDomain  in ReferenceWarehouse when disposing</StdOut>
      </Output>
    </UnitTestResult>
    <UnitTestResult executionId="c7686494-4309-430e-9448-1bb55b05661d" testId="53d3ddeb-eaf5-fb54-8061-b5152a1bc3eb" testName="DeleteAllTo_NonExistingEntity_Succeeds" computerName="ICSWS068" duration="00:00:00.3711426" startTime="2016-08-04T10:10:23.9195801+02:00" endTime="2016-08-04T10:10:24.2918195+02:00" testType="13cdc9d9-ddb5-4fa4-a97d-d965ccfc6d4b" outcome="Passed" testListId="8c84fa94-04c1-424b-9868-57a2d4851a1d" relativeResultsDirectory="c7686494-4309-430e-9448-1bb55b05661d" />
    <UnitTestResult executionId="3f1a3193-7bc7-4e63-bf8d-fd919d0e744b" testId="699b22d1-a2a5-0d60-2afe-06c68786df72" testName="DeleteAllTo_ExistingReferreeAllReferrers_Succeeds" computerName="ICSWS068" duration="00:00:00.4487205" startTime="2016-08-04T10:10:24.2958230+02:00" endTime="2016-08-04T10:10:24.7456300+02:00" testType="13cdc9d9-ddb5-4fa4-a97d-d965ccfc6d4b" outcome="Passed" testListId="8c84fa94-04c1-424b-9868-57a2d4851a1d" relativeResultsDirectory="3f1a3193-7bc7-4e63-bf8d-fd919d0e744b">
      <Output>
        <StdOut>Debug Trace:
Warning: Object AppDomain  in ReferenceWarehouse when disposing</StdOut>
      </Output>
    </UnitTestResult>
    <UnitTestResult executionId="e27a1f05-ce17-44ec-ba75-bc5e4139f7a3" testId="15d67caa-6a54-24c7-2319-61deb6fb9955" testName="DeleteAllTo_ExistingReferreeSingleReferrerType_Succeeds" computerName="ICSWS068" duration="00:00:00.4488545" startTime="2016-08-04T10:10:24.7486320+02:00" endTime="2016-08-04T10:10:25.1985962+02:00" testType="13cdc9d9-ddb5-4fa4-a97d-d965ccfc6d4b" outcome="Passed" testListId="8c84fa94-04c1-424b-9868-57a2d4851a1d" relativeResultsDirectory="e27a1f05-ce17-44ec-ba75-bc5e4139f7a3">
      <Output>
        <StdOut>Debug Trace:
Warning: Object AppDomain  in ReferenceWarehouse when disposing</StdOut>
      </Output>
    </UnitTestResult>
    <UnitTestResult executionId="89363042-8b81-4916-990a-698782a340e3" testId="7a5e2ab6-f7ab-5922-6d0d-d39ab8922447" testName="DeleteAllInvolving_NonExistingEntity_Succeeds" computerName="ICSWS068" duration="00:00:00.3317060" startTime="2016-08-04T10:10:25.2016158+02:00" endTime="2016-08-04T10:10:25.5348843+02:00" testType="13cdc9d9-ddb5-4fa4-a97d-d965ccfc6d4b" outcome="Passed" testListId="8c84fa94-04c1-424b-9868-57a2d4851a1d" relativeResultsDirectory="89363042-8b81-4916-990a-698782a340e3" />
    <UnitTestResult executionId="3b9874dd-925a-41f4-8eff-7bfcc9ba92ed" testId="623f8d7e-cc00-5b3e-4619-9af678ae4859" testName="DeleteAllInvolving_ExistingEntity_Succeeds" computerName="ICSWS068" duration="00:00:00.3954933" startTime="2016-08-04T10:10:25.5378863+02:00" endTime="2016-08-04T10:10:25.9347772+02:00" testType="13cdc9d9-ddb5-4fa4-a97d-d965ccfc6d4b" outcome="Passed" testListId="8c84fa94-04c1-424b-9868-57a2d4851a1d" relativeResultsDirectory="3b9874dd-925a-41f4-8eff-7bfcc9ba92ed">
      <Output>
        <StdOut>Debug Trace:
Warning: Object AppDomain  in ReferenceWarehouse when disposing</StdOut>
      </Output>
    </UnitTestResult>
    <UnitTestResult executionId="ad82fb43-a9fb-422d-ba6a-39f17e130e2c" testId="33829e7d-2e39-9ad5-b07a-17b863550c5b" testName="FindByReferrer_NonExistingReferrer_ReturnsCorrectSequence" computerName="ICSWS068" duration="00:00:00.3245258" startTime="2016-08-04T10:10:25.9377792+02:00" endTime="2016-08-04T10:10:26.2634033+02:00" testType="13cdc9d9-ddb5-4fa4-a97d-d965ccfc6d4b" outcome="Passed" testListId="8c84fa94-04c1-424b-9868-57a2d4851a1d" relativeResultsDirectory="ad82fb43-a9fb-422d-ba6a-39f17e130e2c" />
    <UnitTestResult executionId="6b1fea9f-fe6d-4c95-941e-67350a9b7b53" testId="79aecae3-3809-ec21-fda1-d75adb25cf6f" testName="FindByReferrer_ExistingReferrer_AnyReferenceType_ReturnsCorrectSequence" computerName="ICSWS068" duration="00:00:00.4205012" startTime="2016-08-04T10:10:26.2664056+02:00" endTime="2016-08-04T10:10:26.6883201+02:00" testType="13cdc9d9-ddb5-4fa4-a97d-d965ccfc6d4b" outcome="Passed" testListId="8c84fa94-04c1-424b-9868-57a2d4851a1d" relativeResultsDirectory="6b1fea9f-fe6d-4c95-941e-67350a9b7b53">
      <Output>
        <StdOut>Debug Trace:
Warning: Object AppDomain  in ReferenceWarehouse when disposing</StdOut>
      </Output>
    </UnitTestResult>
    <UnitTestResult executionId="f9ed69e4-e09a-414f-8fe9-fff26049d6b5" testId="9cf3cf2f-2718-b58c-ded9-94073d7593bf" testName="FindByReferrer_ExistingReferrer_SingleReferenceType_ReturnsCorrectSequence" computerName="ICSWS068" duration="00:00:00.4141624" startTime="2016-08-04T10:10:26.6913388+02:00" endTime="2016-08-04T10:10:27.1064461+02:00" testType="13cdc9d9-ddb5-4fa4-a97d-d965ccfc6d4b" outcome="Passed" testListId="8c84fa94-04c1-424b-9868-57a2d4851a1d" relativeResultsDirectory="f9ed69e4-e09a-414f-8fe9-fff26049d6b5">
      <Output>
        <StdOut>Debug Trace:
Warning: Object AppDomain  in ReferenceWarehouse when disposing</StdOut>
      </Output>
    </UnitTestResult>
    <UnitTestResult executionId="2ffaae80-b361-4c8c-ad47-23538d5fe643" testId="b83581e3-1e76-8425-62e9-51b0633e9f8b" testName="FindByReferrer_ExistingReferrer_SingleReferenceTypeAndRefereeType_ReturnsCorrectSequence" computerName="ICSWS068" duration="00:00:00.4314626" startTime="2016-08-04T10:10:27.1094654+02:00" endTime="2016-08-04T10:10:27.5425434+02:00" testType="13cdc9d9-ddb5-4fa4-a97d-d965ccfc6d4b" outcome="Passed" testListId="8c84fa94-04c1-424b-9868-57a2d4851a1d" relativeResultsDirectory="2ffaae80-b361-4c8c-ad47-23538d5fe643">
      <Output>
        <StdOut>Debug Trace:
Warning: Object AppDomain  in ReferenceWarehouse when disposing</StdOut>
      </Output>
    </UnitTestResult>
    <UnitTestResult executionId="2e519b25-e65e-4d91-be20-b0e0521f4edd" testId="9e18f3ee-5efd-6b82-c68a-94d4f173431c" testName="FindByReferrerRecursive_MultipleCombinations_Succeeds" computerName="ICSWS068" duration="00:00:00.5173764" startTime="2016-08-04T10:10:27.5455457+02:00" endTime="2016-08-04T10:10:28.0645081+02:00" testType="13cdc9d9-ddb5-4fa4-a97d-d965ccfc6d4b" outcome="Passed" testListId="8c84fa94-04c1-424b-9868-57a2d4851a1d" relativeResultsDirectory="2e519b25-e65e-4d91-be20-b0e0521f4edd">
      <Output>
        <StdOut>Debug Trace:
Warning: Object AppDomain  in ReferenceWarehouse when disposing</StdOut>
      </Output>
    </UnitTestResult>
    <UnitTestResult executionId="3765e4c3-959f-4a03-9482-b75fd2fdea06" testId="65a5ab4a-0a2f-cad8-9e01-ef0adb44ccdd" testName="FindByReferee_NonExistingReferee_ReturnsCorrectSequence" computerName="ICSWS068" duration="00:00:00.3205995" startTime="2016-08-04T10:10:28.0675095+02:00" endTime="2016-08-04T10:10:28.3902847+02:00" testType="13cdc9d9-ddb5-4fa4-a97d-d965ccfc6d4b" outcome="Passed" testListId="8c84fa94-04c1-424b-9868-57a2d4851a1d" relativeResultsDirectory="3765e4c3-959f-4a03-9482-b75fd2fdea06" />
    <UnitTestResult executionId="cfdc95b8-1059-4f06-991c-643f5cdebaf0" testId="5310b5ea-8947-75d6-7806-93e3bffb7bc4" testName="FindByReferee_ExistingReferee_AnyReferenceType_ReturnsCorrectSequence" computerName="ICSWS068" duration="00:00:00.4112281" startTime="2016-08-04T10:10:28.3932864+02:00" endTime="2016-08-04T10:10:28.8051627+02:00" testType="13cdc9d9-ddb5-4fa4-a97d-d965ccfc6d4b" outcome="Passed" testListId="8c84fa94-04c1-424b-9868-57a2d4851a1d" relativeResultsDirectory="cfdc95b8-1059-4f06-991c-643f5cdebaf0">
      <Output>
        <StdOut>Debug Trace:
Warning: Object AppDomain  in ReferenceWarehouse when disposing</StdOut>
      </Output>
    </UnitTestResult>
    <UnitTestResult executionId="3aac0b35-002a-4103-b3cc-55d9ad90bc3a" testId="e1f9b1a3-1c03-67cc-660c-88425e42ee32" testName="FindByReferee_ExistingReferee_SingleReferenceType_ReturnsCorrectSequence" computerName="ICSWS068" duration="00:00:00.4186350" startTime="2016-08-04T10:10:28.8081805+02:00" endTime="2016-08-04T10:10:29.2287209+02:00" testType="13cdc9d9-ddb5-4fa4-a97d-d965ccfc6d4b" outcome="Passed" testListId="8c84fa94-04c1-424b-9868-57a2d4851a1d" relativeResultsDirectory="3aac0b35-002a-4103-b3cc-55d9ad90bc3a">
      <Output>
        <StdOut>Debug Trace:
Warning: Object AppDomain  in ReferenceWarehouse when disposing</StdOut>
      </Output>
    </UnitTestResult>
    <UnitTestResult executionId="2dddd8c7-5c99-4058-aa7c-174d90b02c28" testId="d24b70dc-86e9-02fd-8227-9022d249e624" testName="FindByReferee_ExistingReferee_SingleReferenceTypeAndRefereeType_ReturnsCorrectSequence" computerName="ICSWS068" duration="00:00:00.4740135" startTime="2016-08-04T10:10:29.2312557+02:00" endTime="2016-08-04T10:10:29.7067277+02:00" testType="13cdc9d9-ddb5-4fa4-a97d-d965ccfc6d4b" outcome="Passed" testListId="8c84fa94-04c1-424b-9868-57a2d4851a1d" relativeResultsDirectory="2dddd8c7-5c99-4058-aa7c-174d90b02c28">
      <Output>
        <StdOut>Debug Trace:
Warning: Object AppDomain  in ReferenceWarehouse when disposing</StdOut>
      </Output>
    </UnitTestResult>
    <UnitTestResult executionId="732e4efb-bbf2-4aa5-81be-4a0dc32aca42" testId="87ae33bd-a5eb-0097-7155-d309028997b5" testName="HasReferees_MultipleCombinations_ReturnsCorrectResults" computerName="ICSWS068" duration="00:00:00.4275799" startTime="2016-08-04T10:10:29.7097467+02:00" endTime="2016-08-04T10:10:30.1393655+02:00" testType="13cdc9d9-ddb5-4fa4-a97d-d965ccfc6d4b" outcome="Passed" testListId="8c84fa94-04c1-424b-9868-57a2d4851a1d" relativeResultsDirectory="732e4efb-bbf2-4aa5-81be-4a0dc32aca42">
      <Output>
        <StdOut>Debug Trace:
Warning: Object AppDomain  in ReferenceWarehouse when disposing</StdOut>
      </Output>
    </UnitTestResult>
    <UnitTestResult executionId="cd120440-5f75-4e3b-85cd-4e7069600330" testId="d2599e8e-0f71-eb13-826e-f190de81f52a" testName="HasReferrers_MultipleCombinations_ReturnsCorrectResults" computerName="ICSWS068" duration="00:00:00.4181479" startTime="2016-08-04T10:10:30.1413831+02:00" endTime="2016-08-04T10:10:30.5610759+02:00" testType="13cdc9d9-ddb5-4fa4-a97d-d965ccfc6d4b" outcome="Passed" testListId="8c84fa94-04c1-424b-9868-57a2d4851a1d" relativeResultsDirectory="cd120440-5f75-4e3b-85cd-4e7069600330">
      <Output>
        <StdOut>Debug Trace:
Warning: Object AppDomain  in ReferenceWarehouse when disposing</StdOut>
      </Output>
    </UnitTestResult>
    <UnitTestResult executionId="4ae93d74-d5c7-4666-a78b-80af06ce3191" testId="1e6b42ea-7542-96e1-e83b-6b582b9425de" testName="HasReferences_MultipleCombinations_ReturnsCorrectResults" computerName="ICSWS068" duration="00:00:00.4613542" startTime="2016-08-04T10:10:30.5640935+02:00" endTime="2016-08-04T10:10:31.0269269+02:00" testType="13cdc9d9-ddb5-4fa4-a97d-d965ccfc6d4b" outcome="Passed" testListId="8c84fa94-04c1-424b-9868-57a2d4851a1d" relativeResultsDirectory="4ae93d74-d5c7-4666-a78b-80af06ce3191">
      <Output>
        <StdOut>Debug Trace:
Warning: Object AppDomain  in ReferenceWarehouse when disposing</StdOut>
      </Output>
    </UnitTestResult>
    <UnitTestResult executionId="2a054870-a81c-4166-9ef8-f8e367cad1cc" testId="cf9f3a29-dae9-c80f-e5c0-b1556fd56213" testName="RepositoryEntityTypeId_ReturnsFilter" computerName="ICSWS068" duration="00:00:00.3602326" startTime="2016-08-04T10:10:31.0299292+02:00" endTime="2016-08-04T10:10:31.3919210+02:00" testType="13cdc9d9-ddb5-4fa4-a97d-d965ccfc6d4b" outcome="Passed" testListId="8c84fa94-04c1-424b-9868-57a2d4851a1d" relativeResultsDirectory="2a054870-a81c-4166-9ef8-f8e367cad1cc" />
    <UnitTestResult executionId="0b7c504b-54e2-4d36-847f-8d1cab010f0e" testId="b39b2bab-a462-eac2-9de1-65be71c39b11" testName="RepositoryEntityType_ReturnsIEntityFilter" computerName="ICSWS068" duration="00:00:00.3186529" startTime="2016-08-04T10:10:31.3939222+02:00" endTime="2016-08-04T10:10:31.7142452+02:00" testType="13cdc9d9-ddb5-4fa4-a97d-d965ccfc6d4b" outcome="Passed" testListId="8c84fa94-04c1-424b-9868-57a2d4851a1d" relativeResultsDirectory="0b7c504b-54e2-4d36-847f-8d1cab010f0e" />
    <UnitTestResult executionId="ccdad787-1140-4418-8b1c-41f254d43f77" testId="dc9e17ae-b86e-9319-9e9d-1f7d6822e9d3" testName="RepositorySystemContext_MatchesActualSystemContext" computerName="ICSWS068" duration="00:00:00.3185945" startTime="2016-08-04T10:10:31.7177351+02:00" endTime="2016-08-04T10:10:32.0375276+02:00" testType="13cdc9d9-ddb5-4fa4-a97d-d965ccfc6d4b" outcome="Passed" testListId="8c84fa94-04c1-424b-9868-57a2d4851a1d" relativeResultsDirectory="ccdad787-1140-4418-8b1c-41f254d43f77" />
    <UnitTestResult executionId="c29ce12c-07fa-40cd-82e4-92c1b117cbf4" testId="bc647912-1287-3c99-3fef-5477563851bd" testName="Add_Properties_ArePersistedCorrectly" computerName="ICSWS068" duration="00:00:00.4529538" startTime="2016-08-04T10:10:32.0405302+02:00" endTime="2016-08-04T10:10:32.4949298+02:00" testType="13cdc9d9-ddb5-4fa4-a97d-d965ccfc6d4b" outcome="Passed" testListId="8c84fa94-04c1-424b-9868-57a2d4851a1d" relativeResultsDirectory="c29ce12c-07fa-40cd-82e4-92c1b117cbf4" />
    <UnitTestResult executionId="abce7327-c3e1-44fd-bfe7-9df6f3e7994d" testId="3ea148b4-0541-bacf-4902-e80f2f1fc099" testName="DefaultFilters_CanBeListed" computerName="ICSWS068" duration="00:00:00.3180113" startTime="2016-08-04T10:10:32.4979488+02:00" endTime="2016-08-04T10:10:32.8177639+02:00" testType="13cdc9d9-ddb5-4fa4-a97d-d965ccfc6d4b" outcome="Passed" testListId="8c84fa94-04c1-424b-9868-57a2d4851a1d" relativeResultsDirectory="abce7327-c3e1-44fd-bfe7-9df6f3e7994d" />
    <UnitTestResult executionId="53369bed-3afe-415a-8cd9-b4c69802bbe6" testId="05930d5c-a198-7c85-d9a5-e98b3ed465c2" testName="MakeSql_NonCompositeWithoutParams_ProducesValidSql" computerName="ICSWS068" duration="00:00:00.0050705" startTime="2016-08-04T10:10:32.8212700+02:00" endTime="2016-08-04T10:10:32.8282737+02:00" testType="13cdc9d9-ddb5-4fa4-a97d-d965ccfc6d4b" outcome="Passed" testListId="8c84fa94-04c1-424b-9868-57a2d4851a1d" relativeResultsDirectory="53369bed-3afe-415a-8cd9-b4c69802bbe6" />
    <UnitTestResult executionId="9c3bb802-ca04-4a13-ac68-b084a2a6f13d" testId="a0914620-d70d-dc78-e7e1-84678f027a2a" testName="MakeSql_NonCompositeWithParams_ProducesValidSql" computerName="ICSWS068" duration="00:00:00.0014600" startTime="2016-08-04T10:10:32.8307754+02:00" endTime="2016-08-04T10:10:32.8332783+02:00" testType="13cdc9d9-ddb5-4fa4-a97d-d965ccfc6d4b" outcome="Passed" testListId="8c84fa94-04c1-424b-9868-57a2d4851a1d" relativeResultsDirectory="9c3bb802-ca04-4a13-ac68-b084a2a6f13d" />
    <UnitTestResult executionId="eb468a92-bc66-4cb0-aebe-842098e8f743" testId="c98b7227-ed80-4af1-2956-bed084b289f5" testName="MakeSql_CompositeWithoutParams_ProducesValidSql" computerName="ICSWS068" duration="00:00:00.0010489" startTime="2016-08-04T10:10:32.8362973+02:00" endTime="2016-08-04T10:10:32.8382821+02:00" testType="13cdc9d9-ddb5-4fa4-a97d-d965ccfc6d4b" outcome="Passed" testListId="8c84fa94-04c1-424b-9868-57a2d4851a1d" relativeResultsDirectory="eb468a92-bc66-4cb0-aebe-842098e8f743" />
    <UnitTestResult executionId="e8258c2d-cff4-4ba3-b86f-f14ce11f74e7" testId="2c7127e1-4ef3-3987-3560-a376eab0cc6a" testName="MakeSql_CompositeWithParam_ProducesValidSql" computerName="ICSWS068" duration="00:00:00.0006448" startTime="2016-08-04T10:10:32.8412849+02:00" endTime="2016-08-04T10:10:32.8433025+02:00" testType="13cdc9d9-ddb5-4fa4-a97d-d965ccfc6d4b" outcome="Passed" testListId="8c84fa94-04c1-424b-9868-57a2d4851a1d" relativeResultsDirectory="e8258c2d-cff4-4ba3-b86f-f14ce11f74e7" />
    <UnitTestResult executionId="71526362-2b3d-4c7d-8cef-e544f509db2d" testId="3d061dcd-f7a5-86ea-b1a3-2bf1a980415c" testName="MakeSql_NonCompositeWithoutParams_ProducesValidSql" computerName="ICSWS068" duration="00:00:00.0009773" startTime="2016-08-04T10:10:32.8452887+02:00" endTime="2016-08-04T10:10:32.8482892+02:00" testType="13cdc9d9-ddb5-4fa4-a97d-d965ccfc6d4b" outcome="Passed" testListId="8c84fa94-04c1-424b-9868-57a2d4851a1d" relativeResultsDirectory="71526362-2b3d-4c7d-8cef-e544f509db2d" />
    <UnitTestResult executionId="59ee178e-12fe-44cb-a795-a70f8cb3fa80" testId="5864678e-4a17-8027-6d9d-ec11b4f4ace6" testName="MakeSql_NonCompositeWithParams_ProducesValidSql" computerName="ICSWS068" duration="00:00:00.0007917" startTime="2016-08-04T10:10:32.8502924+02:00" endTime="2016-08-04T10:10:32.8523117+02:00" testType="13cdc9d9-ddb5-4fa4-a97d-d965ccfc6d4b" outcome="Passed" testListId="8c84fa94-04c1-424b-9868-57a2d4851a1d" relativeResultsDirectory="59ee178e-12fe-44cb-a795-a70f8cb3fa80" />
    <UnitTestResult executionId="0e855da6-384e-44db-8a92-4f7465ecc8b7" testId="b30ebf65-8757-6734-81f5-f9807bae73d8" testName="MakeSql_CompositeWithoutParams_ProducesValidSql" computerName="ICSWS068" duration="00:00:00.0008208" startTime="2016-08-04T10:10:32.8552959+02:00" endTime="2016-08-04T10:10:32.8573137+02:00" testType="13cdc9d9-ddb5-4fa4-a97d-d965ccfc6d4b" outcome="Passed" testListId="8c84fa94-04c1-424b-9868-57a2d4851a1d" relativeResultsDirectory="0e855da6-384e-44db-8a92-4f7465ecc8b7" />
    <UnitTestResult executionId="9f84e048-0381-4d09-a9cc-e194ecc4710c" testId="328e00a6-a1b9-0d93-04e1-c25c68d20564" testName="MakeSql_CompositeWithParam_ProducesValidSql" computerName="ICSWS068" duration="00:00:00.0007070" startTime="2016-08-04T10:10:32.8603183+02:00" endTime="2016-08-04T10:10:32.8623007+02:00" testType="13cdc9d9-ddb5-4fa4-a97d-d965ccfc6d4b" outcome="Passed" testListId="8c84fa94-04c1-424b-9868-57a2d4851a1d" relativeResultsDirectory="9f84e048-0381-4d09-a9cc-e194ecc4710c" />
    <UnitTestResult executionId="aaeae1fe-58ab-40d6-99f2-5a72904c0790" testId="50ca3e4c-ad7e-6b66-0df9-4b45a5a1e27f" testName="MakeSql_NonCompositeWithoutParams_ProducesValidSql" computerName="ICSWS068" duration="00:00:00.0015292" startTime="2016-08-04T10:10:32.8653024+02:00" endTime="2016-08-04T10:10:32.8703062+02:00" testType="13cdc9d9-ddb5-4fa4-a97d-d965ccfc6d4b" outcome="Passed" testListId="8c84fa94-04c1-424b-9868-57a2d4851a1d" relativeResultsDirectory="aaeae1fe-58ab-40d6-99f2-5a72904c0790" />
    <UnitTestResult executionId="6c8c31e3-12e6-4e61-844f-bde97b9ad20b" testId="fc2d08a0-cd2e-1987-8591-909b14526c6a" testName="MakeSql_NonCompositeWithParams_ProducesValidSql" computerName="ICSWS068" duration="00:00:00.0007688" startTime="2016-08-04T10:10:32.8743078+02:00" endTime="2016-08-04T10:10:32.8763107+02:00" testType="13cdc9d9-ddb5-4fa4-a97d-d965ccfc6d4b" outcome="Passed" testListId="8c84fa94-04c1-424b-9868-57a2d4851a1d" relativeResultsDirectory="6c8c31e3-12e6-4e61-844f-bde97b9ad20b" />
    <UnitTestResult executionId="abd4553e-39da-4dd6-9eb4-8a91d7d89fd6" testId="b4cc378c-9969-e679-1ce3-6ce3526a114b" testName="MakeSql_CompositeWithoutParams_ProducesValidSql" computerName="ICSWS068" duration="00:00:00.0005794" startTime="2016-08-04T10:10:32.8783280+02:00" endTime="2016-08-04T10:10:32.8803124+02:00" testType="13cdc9d9-ddb5-4fa4-a97d-d965ccfc6d4b" outcome="Passed" testListId="8c84fa94-04c1-424b-9868-57a2d4851a1d" relativeResultsDirectory="abd4553e-39da-4dd6-9eb4-8a91d7d89fd6" />
    <UnitTestResult executionId="bef9fb2f-d72e-4ffc-b9bb-d3227e0b5bcb" testId="2517d169-eccd-4eab-4391-450012a9e5f3" testName="MakeSql_CompositeWithParam_ProducesValidSql" computerName="ICSWS068" duration="00:00:00.0006513" startTime="2016-08-04T10:10:32.8823332+02:00" endTime="2016-08-04T10:10:32.8843150+02:00" testType="13cdc9d9-ddb5-4fa4-a97d-d965ccfc6d4b" outcome="Passed" testListId="8c84fa94-04c1-424b-9868-57a2d4851a1d" relativeResultsDirectory="bef9fb2f-d72e-4ffc-b9bb-d3227e0b5bcb" />
    <UnitTestResult executionId="c2ecbfd2-7f67-425f-ab48-2725b2f3b2d4" testId="626ab8b0-2d4b-13db-129e-7f006c2dbb9d" testName="MakeSql_WithoutParams_ProducesValidSql" computerName="ICSWS068" duration="00:00:00.0083939" startTime="2016-08-04T10:10:32.8873369+02:00" endTime="2016-08-04T10:10:32.8973400+02:00" testType="13cdc9d9-ddb5-4fa4-a97d-d965ccfc6d4b" outcome="Passed" testListId="8c84fa94-04c1-424b-9868-57a2d4851a1d" relativeResultsDirectory="c2ecbfd2-7f67-425f-ab48-2725b2f3b2d4" />
    <UnitTestResult executionId="ba920a15-4d4d-45fc-a17b-cddc888b3e35" testId="d4cadcf8-7f8b-fa27-2c7d-c1b9d59142a2" testName="MakeSql_WithParams_ProducesValidSql" computerName="ICSWS068" duration="00:00:00.0008712" startTime="2016-08-04T10:10:32.8993429+02:00" endTime="2016-08-04T10:10:32.9023294+02:00" testType="13cdc9d9-ddb5-4fa4-a97d-d965ccfc6d4b" outcome="Passed" testListId="8c84fa94-04c1-424b-9868-57a2d4851a1d" relativeResultsDirectory="ba920a15-4d4d-45fc-a17b-cddc888b3e35" />
    <UnitTestResult executionId="d480c9a3-163c-48f2-a9bb-8d11a0398ee4" testId="624ef01a-1c13-ec9c-5ec6-16951392ce4f" testName="MakeSql_WithoutParams_ProducesValidSql" computerName="ICSWS068" duration="00:00:00.0014750" startTime="2016-08-04T10:10:32.9053305+02:00" endTime="2016-08-04T10:10:32.9073328+02:00" testType="13cdc9d9-ddb5-4fa4-a97d-d965ccfc6d4b" outcome="Passed" testListId="8c84fa94-04c1-424b-9868-57a2d4851a1d" relativeResultsDirectory="d480c9a3-163c-48f2-a9bb-8d11a0398ee4" />
    <UnitTestResult executionId="f04f68f8-5542-4265-a7ee-b68b55da4616" testId="3e362eef-cfc3-a64a-0ebb-0bdbf8a86a70" testName="MakeSql_WithParams_ProducesValidSql" computerName="ICSWS068" duration="00:00:00.0008715" startTime="2016-08-04T10:10:32.9103342+02:00" endTime="2016-08-04T10:10:32.9123518+02:00" testType="13cdc9d9-ddb5-4fa4-a97d-d965ccfc6d4b" outcome="Passed" testListId="8c84fa94-04c1-424b-9868-57a2d4851a1d" relativeResultsDirectory="f04f68f8-5542-4265-a7ee-b68b55da4616" />
    <UnitTestResult executionId="49c7947c-abd6-47aa-87e3-b87d93ac157f" testId="d8676666-4f1f-a50b-d4a4-e63a9bd38e67" testName="MakeSql_WithoutParams_ProducesValidSql" computerName="ICSWS068" duration="00:00:00.0017917" startTime="2016-08-04T10:10:32.9153538+02:00" endTime="2016-08-04T10:10:32.9183446+02:00" testType="13cdc9d9-ddb5-4fa4-a97d-d965ccfc6d4b" outcome="Passed" testListId="8c84fa94-04c1-424b-9868-57a2d4851a1d" relativeResultsDirectory="49c7947c-abd6-47aa-87e3-b87d93ac157f" />
    <UnitTestResult executionId="9b958557-058e-4e02-8181-012a50fd1eaa" testId="87f6260d-e1f5-8899-8c5f-a6bc4378d1d8" testName="MakeSql_WithParams_ProducesValidSql" computerName="ICSWS068" duration="00:00:00.0007900" startTime="2016-08-04T10:10:32.9213452+02:00" endTime="2016-08-04T10:10:32.9233633+02:00" testType="13cdc9d9-ddb5-4fa4-a97d-d965ccfc6d4b" outcome="Passed" testListId="8c84fa94-04c1-424b-9868-57a2d4851a1d" relativeResultsDirectory="9b958557-058e-4e02-8181-012a50fd1eaa" />
    <UnitTestResult executionId="c342452c-c901-4d6d-b653-73a4c8b78bfa" testId="fe0dacde-12a9-9018-2075-664c693c39d2" testName="MakeSql_WithoutParams_ProducesValidSql" computerName="ICSWS068" duration="00:00:00.0013108" startTime="2016-08-04T10:10:32.9258653+02:00" endTime="2016-08-04T10:10:32.9283500+02:00" testType="13cdc9d9-ddb5-4fa4-a97d-d965ccfc6d4b" outcome="Passed" testListId="8c84fa94-04c1-424b-9868-57a2d4851a1d" relativeResultsDirectory="c342452c-c901-4d6d-b653-73a4c8b78bfa" />
    <UnitTestResult executionId="b4fa6b0b-dcd7-4b6a-b9d9-62f036e351c4" testId="7a279cb0-4923-94b7-013f-30f1a8cbe019" testName="MakeSql_WithParams_ProducesValidSql" computerName="ICSWS068" duration="00:00:00.0007284" startTime="2016-08-04T10:10:32.9308532+02:00" endTime="2016-08-04T10:10:32.9328711+02:00" testType="13cdc9d9-ddb5-4fa4-a97d-d965ccfc6d4b" outcome="Passed" testListId="8c84fa94-04c1-424b-9868-57a2d4851a1d" relativeResultsDirectory="b4fa6b0b-dcd7-4b6a-b9d9-62f036e351c4" />
    <UnitTestResult executionId="1360f4df-88c5-40c4-9b1f-477b9ac312ca" testId="b9e10dc7-df8d-4f73-7a49-254ae8338013" testName="MakeSql_WithoutParams_ProducesValidSql" computerName="ICSWS068" duration="00:00:00.0011779" startTime="2016-08-04T10:10:32.9349103+02:00" endTime="2016-08-04T10:10:32.9378950+02:00" testType="13cdc9d9-ddb5-4fa4-a97d-d965ccfc6d4b" outcome="Passed" testListId="8c84fa94-04c1-424b-9868-57a2d4851a1d" relativeResultsDirectory="1360f4df-88c5-40c4-9b1f-477b9ac312ca" />
    <UnitTestResult executionId="0b777996-c440-4372-a22c-114f8f745a7f" testId="9d2f43ab-8558-b3e0-067a-a21658faee6d" testName="MakeSql_WithParams_ProducesValidSql" computerName="ICSWS068" duration="00:00:00.0007208" startTime="2016-08-04T10:10:32.9398968+02:00" endTime="2016-08-04T10:10:32.9419146+02:00" testType="13cdc9d9-ddb5-4fa4-a97d-d965ccfc6d4b" outcome="Passed" testListId="8c84fa94-04c1-424b-9868-57a2d4851a1d" relativeResultsDirectory="0b777996-c440-4372-a22c-114f8f745a7f" />
    <UnitTestResult executionId="6f19d096-3970-40b3-bdfe-f2b32325912d" testId="9453797d-d62d-0202-3859-05c58f228ba1" testName="MakeSql_WithoutParams_ProducesValidSql" computerName="ICSWS068" duration="00:00:00.0010885" startTime="2016-08-04T10:10:32.9449017+02:00" endTime="2016-08-04T10:10:32.9469034+02:00" testType="13cdc9d9-ddb5-4fa4-a97d-d965ccfc6d4b" outcome="Passed" testListId="8c84fa94-04c1-424b-9868-57a2d4851a1d" relativeResultsDirectory="6f19d096-3970-40b3-bdfe-f2b32325912d" />
    <UnitTestResult executionId="c4340def-0d3f-45db-b0e8-40f14875d2cf" testId="6fbae834-f830-fce1-cd24-a3b9b2b0affc" testName="MakeSql_WithParams_ProducesValidSql" computerName="ICSWS068" duration="00:00:00.0010747" startTime="2016-08-04T10:10:32.9489207+02:00" endTime="2016-08-04T10:10:32.9509048+02:00" testType="13cdc9d9-ddb5-4fa4-a97d-d965ccfc6d4b" outcome="Passed" testListId="8c84fa94-04c1-424b-9868-57a2d4851a1d" relativeResultsDirectory="c4340def-0d3f-45db-b0e8-40f14875d2cf" />
    <UnitTestResult executionId="1427de89-2f34-4e36-b160-05d54e83c9a0" testId="711321be-14dc-132d-e4e1-28ff9dca22c1" testName="MakeSql_WithoutParams_ProducesValidSql" computerName="ICSWS068" duration="00:00:00.0015773" startTime="2016-08-04T10:10:32.9549082+02:00" endTime="2016-08-04T10:10:32.9579111+02:00" testType="13cdc9d9-ddb5-4fa4-a97d-d965ccfc6d4b" outcome="Passed" testListId="8c84fa94-04c1-424b-9868-57a2d4851a1d" relativeResultsDirectory="1427de89-2f34-4e36-b160-05d54e83c9a0" />
    <UnitTestResult executionId="64cb6300-f579-4bcf-bf6e-93d578b8ffe4" testId="82dd83cf-3388-66f8-7467-152e3153e7a9" testName="MakeSql_WithParams_ProducesValidSql" computerName="ICSWS068" duration="00:00:00.0007419" startTime="2016-08-04T10:10:32.9599284+02:00" endTime="2016-08-04T10:10:32.9619286+02:00" testType="13cdc9d9-ddb5-4fa4-a97d-d965ccfc6d4b" outcome="Passed" testListId="8c84fa94-04c1-424b-9868-57a2d4851a1d" relativeResultsDirectory="64cb6300-f579-4bcf-bf6e-93d578b8ffe4" />
    <UnitTestResult executionId="bd7d060a-da99-4a30-b5a0-042e1378cfdf" testId="68847856-c182-de34-275c-a98c7effa01a" testName="MakeSql_WithoutParams_ProducesValidSql" computerName="ICSWS068" duration="00:00:00.0010841" startTime="2016-08-04T10:10:32.9639312+02:00" endTime="2016-08-04T10:10:32.9669177+02:00" testType="13cdc9d9-ddb5-4fa4-a97d-d965ccfc6d4b" outcome="Passed" testListId="8c84fa94-04c1-424b-9868-57a2d4851a1d" relativeResultsDirectory="bd7d060a-da99-4a30-b5a0-042e1378cfdf" />
    <UnitTestResult executionId="2f0f0299-f588-46bf-ba2d-6f94900afa06" testId="865a20f6-5ef0-87c1-6d7f-f33c3c7af184" testName="MakeSql_WithParams_ProducesValidSql" computerName="ICSWS068" duration="00:00:00.0012131" startTime="2016-08-04T10:10:32.9699182+02:00" endTime="2016-08-04T10:10:32.9729370+02:00" testType="13cdc9d9-ddb5-4fa4-a97d-d965ccfc6d4b" outcome="Passed" testListId="8c84fa94-04c1-424b-9868-57a2d4851a1d" relativeResultsDirectory="2f0f0299-f588-46bf-ba2d-6f94900afa06" />
    <UnitTestResult executionId="e22ee712-043a-4a1e-af79-515d2228baaf" testId="80a816ae-a046-fe73-5850-91dd4af34ac9" testName="MakeSql_WithoutParams_ProducesValidSql" computerName="ICSWS068" duration="00:00:00.0012131" startTime="2016-08-04T10:10:32.9759231+02:00" endTime="2016-08-04T10:10:32.9779257+02:00" testType="13cdc9d9-ddb5-4fa4-a97d-d965ccfc6d4b" outcome="Passed" testListId="8c84fa94-04c1-424b-9868-57a2d4851a1d" relativeResultsDirectory="e22ee712-043a-4a1e-af79-515d2228baaf" />
    <UnitTestResult executionId="4b82e16a-1abf-4202-8ca6-68c684029834" testId="b7f2ab65-6d0f-59ce-094d-06883486ebc0" testName="MakeSql_WithParams_ProducesValidSql" computerName="ICSWS068" duration="00:00:00.0007293" startTime="2016-08-04T10:10:32.9809260+02:00" endTime="2016-08-04T10:10:32.9829444+02:00" testType="13cdc9d9-ddb5-4fa4-a97d-d965ccfc6d4b" outcome="Passed" testListId="8c84fa94-04c1-424b-9868-57a2d4851a1d" relativeResultsDirectory="4b82e16a-1abf-4202-8ca6-68c684029834" />
    <UnitTestResult executionId="801f11fa-7d2b-4ef9-b0ef-3fb4c488058f" testId="bcfd8b41-ea7c-a9f4-888f-5d0dc97c95ac" testName="MakeSql_WithoutParams_ProducesValidSql" computerName="ICSWS068" duration="00:00:00.0011603" startTime="2016-08-04T10:10:32.9849456+02:00" endTime="2016-08-04T10:10:32.9879326+02:00" testType="13cdc9d9-ddb5-4fa4-a97d-d965ccfc6d4b" outcome="Passed" testListId="8c84fa94-04c1-424b-9868-57a2d4851a1d" relativeResultsDirectory="801f11fa-7d2b-4ef9-b0ef-3fb4c488058f" />
    <UnitTestResult executionId="385f9513-6c23-4bde-bcb0-b78c33db303a" testId="79aed6c4-fcd6-af97-3e14-e68a27bf5fee" testName="MakeSql_WithParams_ProducesValidSql" computerName="ICSWS068" duration="00:00:00.0007897" startTime="2016-08-04T10:10:32.9909340+02:00" endTime="2016-08-04T10:10:32.9929527+02:00" testType="13cdc9d9-ddb5-4fa4-a97d-d965ccfc6d4b" outcome="Passed" testListId="8c84fa94-04c1-424b-9868-57a2d4851a1d" relativeResultsDirectory="385f9513-6c23-4bde-bcb0-b78c33db303a" />
    <UnitTestResult executionId="180c264a-5a3c-44c0-b985-396e6eff0778" testId="dc43e54a-e404-ea92-6ae0-179d4f131412" testName="MakeSql_WithoutParams_ProducesValidSql" computerName="ICSWS068" duration="00:00:00.0022870" startTime="2016-08-04T10:10:32.9959383+02:00" endTime="2016-08-04T10:10:32.9989392+02:00" testType="13cdc9d9-ddb5-4fa4-a97d-d965ccfc6d4b" outcome="Passed" testListId="8c84fa94-04c1-424b-9868-57a2d4851a1d" relativeResultsDirectory="180c264a-5a3c-44c0-b985-396e6eff0778" />
    <UnitTestResult executionId="dd4c2089-f057-4d30-ac0e-5ea7f3666a96" testId="4044e47b-d20a-fcfc-abac-97ce7acf8b16" testName="MakeSql_WithParams_ProducesValidSql" computerName="ICSWS068" duration="00:00:00.0008724" startTime="2016-08-04T10:10:33.0019417+02:00" endTime="2016-08-04T10:10:33.0039593+02:00" testType="13cdc9d9-ddb5-4fa4-a97d-d965ccfc6d4b" outcome="Passed" testListId="8c84fa94-04c1-424b-9868-57a2d4851a1d" relativeResultsDirectory="dd4c2089-f057-4d30-ac0e-5ea7f3666a96" />
    <UnitTestResult executionId="e1573426-c880-47e4-b453-3279b38ffda5" testId="ae12dcd0-7766-e0ab-4372-3edf29865284" testName="MakeSql_WithoutParams_ProducesValidSql" computerName="ICSWS068" duration="00:00:00.0011894" startTime="2016-08-04T10:10:33.0069446+02:00" endTime="2016-08-04T10:10:33.0089478+02:00" testType="13cdc9d9-ddb5-4fa4-a97d-d965ccfc6d4b" outcome="Passed" testListId="8c84fa94-04c1-424b-9868-57a2d4851a1d" relativeResultsDirectory="e1573426-c880-47e4-b453-3279b38ffda5" />
    <UnitTestResult executionId="f51f6f81-6c2f-426d-936c-b9f7144da0b8" testId="6a0bfbae-5764-8404-4ec3-010eee2d16e0" testName="MakeSql_WithParams_ProducesValidSql" computerName="ICSWS068" duration="00:00:00.0008199" startTime="2016-08-04T10:10:33.0119483+02:00" endTime="2016-08-04T10:10:33.0139668+02:00" testType="13cdc9d9-ddb5-4fa4-a97d-d965ccfc6d4b" outcome="Passed" testListId="8c84fa94-04c1-424b-9868-57a2d4851a1d" relativeResultsDirectory="f51f6f81-6c2f-426d-936c-b9f7144da0b8" />
    <UnitTestResult executionId="4aefbd5e-a768-4b93-b26c-f4307cbd9ac0" testId="373e7042-dc5f-e099-3659-a4b351b9cb73" testName="MakeSql_NonCompositeWithoutParams_ProducesValidSql" computerName="ICSWS068" duration="00:00:00.0010527" startTime="2016-08-04T10:10:33.0159670+02:00" endTime="2016-08-04T10:10:33.0194570+02:00" testType="13cdc9d9-ddb5-4fa4-a97d-d965ccfc6d4b" outcome="Passed" testListId="8c84fa94-04c1-424b-9868-57a2d4851a1d" relativeResultsDirectory="4aefbd5e-a768-4b93-b26c-f4307cbd9ac0" />
    <UnitTestResult executionId="c215d8d9-1441-4dd7-8d7a-ff9da145f04e" testId="533f12a1-f5b4-cf51-5706-41554b9192e6" testName="MakeSql_NonCompositeWithParams_ProducesValidSql" computerName="ICSWS068" duration="00:00:00.0007184" startTime="2016-08-04T10:10:33.0224581+02:00" endTime="2016-08-04T10:10:33.0244754+02:00" testType="13cdc9d9-ddb5-4fa4-a97d-d965ccfc6d4b" outcome="Passed" testListId="8c84fa94-04c1-424b-9868-57a2d4851a1d" relativeResultsDirectory="c215d8d9-1441-4dd7-8d7a-ff9da145f04e" />
    <UnitTestResult executionId="b1314065-dbaa-4af7-aafd-7e58f92bb85e" testId="7efd03b2-46bb-1cd8-0db3-609ba2aa6dd2" testName="MakeSql_CompositeWithoutParams_ProducesValidSql" computerName="ICSWS068" duration="00:00:00.0005548" startTime="2016-08-04T10:10:33.0269627+02:00" endTime="2016-08-04T10:10:33.0284642+02:00" testType="13cdc9d9-ddb5-4fa4-a97d-d965ccfc6d4b" outcome="Passed" testListId="8c84fa94-04c1-424b-9868-57a2d4851a1d" relativeResultsDirectory="b1314065-dbaa-4af7-aafd-7e58f92bb85e" />
    <UnitTestResult executionId="ee753291-0404-4035-bbf0-3687021a3cde" testId="64c22c88-b9be-9395-2195-b79e867110f7" testName="MakeSql_CompositeWithParam_ProducesValidSql" computerName="ICSWS068" duration="00:00:00.0006298" startTime="2016-08-04T10:10:33.0309644+02:00" endTime="2016-08-04T10:10:33.0329820+02:00" testType="13cdc9d9-ddb5-4fa4-a97d-d965ccfc6d4b" outcome="Passed" testListId="8c84fa94-04c1-424b-9868-57a2d4851a1d" relativeResultsDirectory="ee753291-0404-4035-bbf0-3687021a3cde" />
    <UnitTestResult executionId="4d6c39c6-42f0-42ba-8f05-231c0bf3ecae" testId="69a7bb9b-1d78-8e02-9a9b-64cd19bb8b3f" testName="RepositoryEntityTypeId_ReturnsWebServiceDefinition" computerName="ICSWS068" duration="00:00:00.3250533" startTime="2016-08-04T10:10:33.0349919+02:00" endTime="2016-08-04T10:10:33.3617679+02:00" testType="13cdc9d9-ddb5-4fa4-a97d-d965ccfc6d4b" outcome="Passed" testListId="8c84fa94-04c1-424b-9868-57a2d4851a1d" relativeResultsDirectory="4d6c39c6-42f0-42ba-8f05-231c0bf3ecae" />
    <UnitTestResult executionId="ced25dcf-d6d5-4d25-95f8-7d2c8cd6634f" testId="3d0bdbba-a9c6-1d49-fa3d-dfeaa6cc1d58" testName="RepositoryEntityType_ReturnsIWebServiceDefinition" computerName="ICSWS068" duration="00:00:00.3143923" startTime="2016-08-04T10:10:33.3647696+02:00" endTime="2016-08-04T10:10:33.6806328+02:00" testType="13cdc9d9-ddb5-4fa4-a97d-d965ccfc6d4b" outcome="Passed" testListId="8c84fa94-04c1-424b-9868-57a2d4851a1d" relativeResultsDirectory="ced25dcf-d6d5-4d25-95f8-7d2c8cd6634f" />
    <UnitTestResult executionId="0008c577-f249-45a1-912f-1220d1465e93" testId="852e8678-a4a1-6760-637a-fc928acc9fbb" testName="RepositorySystemContext_MatchesActualSystemContext" computerName="ICSWS068" duration="00:00:00.3173418" startTime="2016-08-04T10:10:33.6826325+02:00" endTime="2016-08-04T10:10:34.0020497+02:00" testType="13cdc9d9-ddb5-4fa4-a97d-d965ccfc6d4b" outcome="Passed" testListId="8c84fa94-04c1-424b-9868-57a2d4851a1d" relativeResultsDirectory="0008c577-f249-45a1-912f-1220d1465e93" />
    <UnitTestResult executionId="d6fa98e8-c138-49c3-8859-a45a239a6076" testId="31d637c0-63b8-482a-a55e-9dcbff8fe942" testName="Exists_KnownWebServiceDefinitionKey_ReturnsTrue (Data Row 0)" computerName="ICSWS068" duration="00:00:00.3283638" startTime="2016-08-04T08:10:34.0110721+02:00" endTime="2016-08-04T08:10:34.3390469+02:00" testType="13cdc9d9-ddb5-4fa4-a97d-d965ccfc6d4b" outcome="Passed" testListId="8c84fa94-04c1-424b-9868-57a2d4851a1d" relativeResultsDirectory="d6fa98e8-c138-49c3-8859-a45a239a6076" />
    <UnitTestResult executionId="49a28fef-f921-42b7-a4be-69468ec01ef8" testId="8845f433-52d4-4a37-baf7-3e9348c0f411" testName="Exists_KnownWebServiceDefinitionKey_ReturnsTrue (Data Row 1)" computerName="ICSWS068" duration="00:00:00.3199971" startTime="2016-08-04T08:10:34.3400474+02:00" endTime="2016-08-04T08:10:34.6594367+02:00" testType="13cdc9d9-ddb5-4fa4-a97d-d965ccfc6d4b" outcome="Passed" testListId="8c84fa94-04c1-424b-9868-57a2d4851a1d" relativeResultsDirectory="49a28fef-f921-42b7-a4be-69468ec01ef8" />
    <UnitTestResult executionId="0aa7b165-bb57-4dac-8a55-19474638ada2" testId="7a1578cc-3428-4bc1-bb36-7e815a879ce4" testName="Exists_KnownWebServiceDefinitionKey_ReturnsTrue (Data Row 2)" computerName="ICSWS068" duration="00:00:00.3203634" startTime="2016-08-04T08:10:34.6594367+02:00" endTime="2016-08-04T08:10:34.9802785+02:00" testType="13cdc9d9-ddb5-4fa4-a97d-d965ccfc6d4b" outcome="Passed" testListId="8c84fa94-04c1-424b-9868-57a2d4851a1d" relativeResultsDirectory="0aa7b165-bb57-4dac-8a55-19474638ada2" />
    <UnitTestResult executionId="a6f65649-10e7-4c5c-9ff2-8429e8364561" testId="0e673525-326e-4fdf-bf22-3b3c86978f4e" testName="Exists_KnownWebServiceDefinitionKey_ReturnsTrue (Data Row 3)" computerName="ICSWS068" duration="00:00:00.3235683" startTime="2016-08-04T08:10:34.9802785+02:00" endTime="2016-08-04T08:10:35.3031132+02:00" testType="13cdc9d9-ddb5-4fa4-a97d-d965ccfc6d4b" outcome="Passed" testListId="8c84fa94-04c1-424b-9868-57a2d4851a1d" relativeResultsDirectory="a6f65649-10e7-4c5c-9ff2-8429e8364561" />
    <UnitTestResult executionId="0bfcbdc3-4017-4ea8-847b-3e1c8956b790" testId="7f0e4674-c3a0-9c0e-0276-e06091dcf2a0" testName="Exists_NonExistingWebServiceDefinitionKey_ReturnsFalse" computerName="ICSWS068" duration="00:00:00.3305159" startTime="2016-08-04T10:10:35.3071154+02:00" endTime="2016-08-04T10:10:35.6393831+02:00" testType="13cdc9d9-ddb5-4fa4-a97d-d965ccfc6d4b" outcome="Passed" testListId="8c84fa94-04c1-424b-9868-57a2d4851a1d" relativeResultsDirectory="0bfcbdc3-4017-4ea8-847b-3e1c8956b790" />
    <UnitTestResult executionId="1822244e-89a2-4550-bded-33106a651e6b" testId="86ce0491-206b-20a0-0bc3-9468e585e615" testName="CreateInstance_Succeeds" computerName="ICSWS068" duration="00:00:00.3343675" startTime="2016-08-04T10:10:35.6423848+02:00" endTime="2016-08-04T10:10:35.9773032+02:00" testType="13cdc9d9-ddb5-4fa4-a97d-d965ccfc6d4b" outcome="Passed" testListId="8c84fa94-04c1-424b-9868-57a2d4851a1d" relativeResultsDirectory="1822244e-89a2-4550-bded-33106a651e6b" />
    <UnitTestResult executionId="a3d0d6f5-8f78-4a0d-a2c4-b5491f245aff" testId="a0bb47d9-a5f5-4691-8a41-5361eb4024be" testName="List_ContainsEachKnownWebServiceDefinitionOnce (Data Row 0)" computerName="ICSWS068" duration="00:00:00.3310198" startTime="2016-08-04T08:10:35.9872939+02:00" endTime="2016-08-04T08:10:36.3175437+02:00" testType="13cdc9d9-ddb5-4fa4-a97d-d965ccfc6d4b" outcome="Passed" testListId="8c84fa94-04c1-424b-9868-57a2d4851a1d" relativeResultsDirectory="a3d0d6f5-8f78-4a0d-a2c4-b5491f245aff" />
    <UnitTestResult executionId="67b40261-d025-4c2d-be3c-b134bbc40263" testId="edc24f49-8452-4f83-9b5a-0a6993a7b948" testName="List_ContainsEachKnownWebServiceDefinitionOnce (Data Row 1)" computerName="ICSWS068" duration="00:00:00.3209701" startTime="2016-08-04T08:10:36.3175437+02:00" endTime="2016-08-04T08:10:36.6389511+02:00" testType="13cdc9d9-ddb5-4fa4-a97d-d965ccfc6d4b" outcome="Passed" testListId="8c84fa94-04c1-424b-9868-57a2d4851a1d" relativeResultsDirectory="67b40261-d025-4c2d-be3c-b134bbc40263" />
    <UnitTestResult executionId="d31c4db8-da4f-4867-bb90-62d3405c98d8" testId="48964669-d7a5-4fd0-965f-5df3653f2515" testName="List_ContainsEachKnownWebServiceDefinitionOnce (Data Row 2)" computerName="ICSWS068" duration="00:00:00.3217725" startTime="2016-08-04T08:10:36.6389511+02:00" endTime="2016-08-04T08:10:36.9610829+02:00" testType="13cdc9d9-ddb5-4fa4-a97d-d965ccfc6d4b" outcome="Passed" testListId="8c84fa94-04c1-424b-9868-57a2d4851a1d" relativeResultsDirectory="d31c4db8-da4f-4867-bb90-62d3405c98d8" />
    <UnitTestResult executionId="02130cd5-41da-4b9b-8baa-e74d35029adb" testId="7801acf4-fd81-4bc2-b713-81b6b8e2bf68" testName="List_ContainsEachKnownWebServiceDefinitionOnce (Data Row 3)" computerName="ICSWS068" duration="00:00:00.3555171" startTime="2016-08-04T08:10:36.9610829+02:00" endTime="2016-08-04T08:10:37.3162634+02:00" testType="13cdc9d9-ddb5-4fa4-a97d-d965ccfc6d4b" outcome="Passed" testListId="8c84fa94-04c1-424b-9868-57a2d4851a1d" relativeResultsDirectory="02130cd5-41da-4b9b-8baa-e74d35029adb" />
    <UnitTestResult executionId="ccda851c-c6d8-45e5-84fd-715d9d1c0c7e" testId="f2dc8609-6209-969b-7f77-d81c144aafc9" testName="List_ShouldSetSystemContextCorrectly" computerName="ICSWS068" duration="00:00:00.3510213" startTime="2016-08-04T10:10:37.3202498+02:00" endTime="2016-08-04T10:10:37.6722570+02:00" testType="13cdc9d9-ddb5-4fa4-a97d-d965ccfc6d4b" outcome="Passed" testListId="8c84fa94-04c1-424b-9868-57a2d4851a1d" relativeResultsDirectory="ccda851c-c6d8-45e5-84fd-715d9d1c0c7e" />
    <UnitTestResult executionId="a3ff0ead-cd4c-4848-b2e6-cadc3a9a8a40" testId="beb67921-0dfb-4af4-1d66-105872052b28" testName="GetById_NewGuid_ThrowsEntityNotFoundException" computerName="ICSWS068" duration="00:00:00.3312719" startTime="2016-08-04T10:10:37.6762596+02:00" endTime="2016-08-04T10:10:38.0085273+02:00" testType="13cdc9d9-ddb5-4fa4-a97d-d965ccfc6d4b" outcome="Passed" testListId="8c84fa94-04c1-424b-9868-57a2d4851a1d" relativeResultsDirectory="a3ff0ead-cd4c-4848-b2e6-cadc3a9a8a40" />
    <UnitTestResult executionId="6025bdf8-17d6-4bc0-97e4-b1a5243dd40a" testId="97f4944f-5bfd-4892-a123-9471d81ebe35" testName="GetById_KnownWebServiceDefinitionId_ReturnsEntityWithCorrectProperties (Data Row 0)" computerName="ICSWS068" duration="00:00:00.3189755" startTime="2016-08-04T08:10:38.0135307+02:00" endTime="2016-08-04T08:10:38.3328303+02:00" testType="13cdc9d9-ddb5-4fa4-a97d-d965ccfc6d4b" outcome="Passed" testListId="8c84fa94-04c1-424b-9868-57a2d4851a1d" relativeResultsDirectory="6025bdf8-17d6-4bc0-97e4-b1a5243dd40a" />
    <UnitTestResult executionId="ab10aa22-e6d6-45af-9ae9-31c0af9db266" testId="6595cbcb-e301-4263-949d-2a6165579a8b" testName="GetById_KnownWebServiceDefinitionId_ReturnsEntityWithCorrectProperties (Data Row 1)" computerName="ICSWS068" duration="00:00:00.3291377" startTime="2016-08-04T08:10:38.3328303+02:00" endTime="2016-08-04T08:10:38.6614748+02:00" testType="13cdc9d9-ddb5-4fa4-a97d-d965ccfc6d4b" outcome="Passed" testListId="8c84fa94-04c1-424b-9868-57a2d4851a1d" relativeResultsDirectory="ab10aa22-e6d6-45af-9ae9-31c0af9db266" />
    <UnitTestResult executionId="f9103582-5480-4a7c-804b-6fb7ac902287" testId="bcc25d6e-cebf-423c-ac80-50da4fa71a7b" testName="GetById_KnownWebServiceDefinitionId_ReturnsEntityWithCorrectProperties (Data Row 2)" computerName="ICSWS068" duration="00:00:00.3237431" startTime="2016-08-04T08:10:38.6614748+02:00" endTime="2016-08-04T08:10:38.9858649+02:00" testType="13cdc9d9-ddb5-4fa4-a97d-d965ccfc6d4b" outcome="Passed" testListId="8c84fa94-04c1-424b-9868-57a2d4851a1d" relativeResultsDirectory="f9103582-5480-4a7c-804b-6fb7ac902287" />
    <UnitTestResult executionId="b53ce83a-9ff5-4577-b989-b3d6b1e34460" testId="a6647e7f-c45f-400b-976d-d10751e27ea5" testName="GetById_KnownWebServiceDefinitionId_ReturnsEntityWithCorrectProperties (Data Row 3)" computerName="ICSWS068" duration="00:00:00.3518061" startTime="2016-08-04T08:10:38.9858649+02:00" endTime="2016-08-04T08:10:39.3378211+02:00" testType="13cdc9d9-ddb5-4fa4-a97d-d965ccfc6d4b" outcome="Passed" testListId="8c84fa94-04c1-424b-9868-57a2d4851a1d" relativeResultsDirectory="b53ce83a-9ff5-4577-b989-b3d6b1e34460" />
    <UnitTestResult executionId="b769b005-255c-4b47-94d8-3c28ea0b4456" testId="2aaaf7d5-606e-352f-18d2-56aa964cb0b8" testName="TryGetById_NewGuid_ReturnsNull" computerName="ICSWS068" duration="00:00:00.3494665" startTime="2016-08-04T10:10:39.3417583+02:00" endTime="2016-08-04T10:10:39.6929048+02:00" testType="13cdc9d9-ddb5-4fa4-a97d-d965ccfc6d4b" outcome="Passed" testListId="8c84fa94-04c1-424b-9868-57a2d4851a1d" relativeResultsDirectory="b769b005-255c-4b47-94d8-3c28ea0b4456" />
    <UnitTestResult executionId="869955fe-c07a-4d7c-93b6-e85ddc31a086" testId="1797d72a-9ecb-48c6-86e7-a66a37aff053" testName="TryGetById_KnownWebServiceDefinitionId_ReturnsEntityWithCorrectProperties (Data Row 0)" computerName="ICSWS068" duration="00:00:00.3360915" startTime="2016-08-04T08:10:39.6989094+02:00" endTime="2016-08-04T08:10:40.0356643+02:00" testType="13cdc9d9-ddb5-4fa4-a97d-d965ccfc6d4b" outcome="Passed" testListId="8c84fa94-04c1-424b-9868-57a2d4851a1d" relativeResultsDirectory="869955fe-c07a-4d7c-93b6-e85ddc31a086" />
    <UnitTestResult executionId="fae9db2e-afdb-432c-9b6d-54127e95391b" testId="8ad10fbe-db8a-41de-8cb3-404df3886733" testName="TryGetById_KnownWebServiceDefinitionId_ReturnsEntityWithCorrectProperties (Data Row 1)" computerName="ICSWS068" duration="00:00:00.3448279" startTime="2016-08-04T08:10:40.0356643+02:00" endTime="2016-08-04T08:10:40.3804406+02:00" testType="13cdc9d9-ddb5-4fa4-a97d-d965ccfc6d4b" outcome="Passed" testListId="8c84fa94-04c1-424b-9868-57a2d4851a1d" relativeResultsDirectory="fae9db2e-afdb-432c-9b6d-54127e95391b" />
    <UnitTestResult executionId="ca99ef87-75fa-4219-8dbe-fb85549efee4" testId="a679b02a-1161-487b-882b-f52c79dac2d3" testName="TryGetById_KnownWebServiceDefinitionId_ReturnsEntityWithCorrectProperties (Data Row 2)" computerName="ICSWS068" duration="00:00:00.3461458" startTime="2016-08-04T08:10:40.3804406+02:00" endTime="2016-08-04T08:10:40.7267048+02:00" testType="13cdc9d9-ddb5-4fa4-a97d-d965ccfc6d4b" outcome="Passed" testListId="8c84fa94-04c1-424b-9868-57a2d4851a1d" relativeResultsDirectory="ca99ef87-75fa-4219-8dbe-fb85549efee4" />
    <UnitTestResult executionId="216374bd-43cf-480c-8f5c-ab400a4828d6" testId="f6d3b815-2346-4b97-959c-aa2e6de53347" testName="TryGetById_KnownWebServiceDefinitionId_ReturnsEntityWithCorrectProperties (Data Row 3)" computerName="ICSWS068" duration="00:00:00.3423740" startTime="2016-08-04T08:10:40.7267048+02:00" endTime="2016-08-04T08:10:41.0689421+02:00" testType="13cdc9d9-ddb5-4fa4-a97d-d965ccfc6d4b" outcome="Passed" testListId="8c84fa94-04c1-424b-9868-57a2d4851a1d" relativeResultsDirectory="216374bd-43cf-480c-8f5c-ab400a4828d6" />
    <UnitTestResult executionId="8dc0ef14-d471-4db2-bb32-04653c88c564" testId="749aca9d-14fb-5b01-2ca9-a74eb82888d9" testName="GetByKey_NewGuid_ThrowsEntityNotFoundException" computerName="ICSWS068" duration="00:00:00.4041837" startTime="2016-08-04T10:10:41.0719444+02:00" endTime="2016-08-04T10:10:41.4783266+02:00" testType="13cdc9d9-ddb5-4fa4-a97d-d965ccfc6d4b" outcome="Passed" testListId="8c84fa94-04c1-424b-9868-57a2d4851a1d" relativeResultsDirectory="8dc0ef14-d471-4db2-bb32-04653c88c564" />
    <UnitTestResult executionId="1849183b-ccce-486e-82c0-52a40d175643" testId="86990efb-f97c-4fa0-8267-b5263094ae49" testName="GetByKey_KnownWebServiceDefinitionKey_ReturnsEntityWithCorrectProperties (Data Row 0)" computerName="ICSWS068" duration="00:00:00.3398022" startTime="2016-08-04T08:10:41.4823292+02:00" endTime="2016-08-04T08:10:41.8226747+02:00" testType="13cdc9d9-ddb5-4fa4-a97d-d965ccfc6d4b" outcome="Passed" testListId="8c84fa94-04c1-424b-9868-57a2d4851a1d" relativeResultsDirectory="1849183b-ccce-486e-82c0-52a40d175643" />
    <UnitTestResult executionId="5e85c971-a0cf-495d-8a4e-3e82170bda94" testId="edce6940-8618-4ef8-bb3e-42dc16f473c9" testName="GetByKey_KnownWebServiceDefinitionKey_ReturnsEntityWithCorrectProperties (Data Row 1)" computerName="ICSWS068" duration="00:00:00.3389380" startTime="2016-08-04T08:10:41.8226747+02:00" endTime="2016-08-04T08:10:42.1618302+02:00" testType="13cdc9d9-ddb5-4fa4-a97d-d965ccfc6d4b" outcome="Passed" testListId="8c84fa94-04c1-424b-9868-57a2d4851a1d" relativeResultsDirectory="5e85c971-a0cf-495d-8a4e-3e82170bda94" />
    <UnitTestResult executionId="037a4cc8-e065-4a73-958a-5433d3956f9a" testId="ab9ee1b6-b0fc-4fd6-a307-0c550f7849c7" testName="GetByKey_KnownWebServiceDefinitionKey_ReturnsEntityWithCorrectProperties (Data Row 2)" computerName="ICSWS068" duration="00:00:00.3342909" startTime="2016-08-04T08:10:42.1618302+02:00" endTime="2016-08-04T08:10:42.4959366+02:00" testType="13cdc9d9-ddb5-4fa4-a97d-d965ccfc6d4b" outcome="Passed" testListId="8c84fa94-04c1-424b-9868-57a2d4851a1d" relativeResultsDirectory="037a4cc8-e065-4a73-958a-5433d3956f9a" />
    <UnitTestResult executionId="ad667ac3-7f1e-4810-8293-ef37698c43d9" testId="65a8a08b-ac5b-480d-8894-524645915107" testName="GetByKey_KnownWebServiceDefinitionKey_ReturnsEntityWithCorrectProperties (Data Row 3)" computerName="ICSWS068" duration="00:00:00.3625105" startTime="2016-08-04T08:10:42.4959366+02:00" endTime="2016-08-04T08:10:42.8578668+02:00" testType="13cdc9d9-ddb5-4fa4-a97d-d965ccfc6d4b" outcome="Passed" testListId="8c84fa94-04c1-424b-9868-57a2d4851a1d" relativeResultsDirectory="ad667ac3-7f1e-4810-8293-ef37698c43d9" />
    <UnitTestResult executionId="dd061dbb-5b81-4d2e-9b1a-67a3903a3d52" testId="6153ea56-6075-0aa5-33d9-b840675b01ec" testName="GetByKey_UnsupportedKey_ThrowsArgumentException" computerName="ICSWS068" duration="00:00:00.3511926" startTime="2016-08-04T10:10:42.8638705+02:00" endTime="2016-08-04T10:10:43.2166633+02:00" testType="13cdc9d9-ddb5-4fa4-a97d-d965ccfc6d4b" outcome="Passed" testListId="8c84fa94-04c1-424b-9868-57a2d4851a1d" relativeResultsDirectory="dd061dbb-5b81-4d2e-9b1a-67a3903a3d52" />
    <UnitTestResult executionId="b5d161ee-d789-4954-92e4-0665d86718a0" testId="ecf15e8c-3ae1-4ba4-6f4f-9ae37db6f91c" testName="Delete_UnusedWebServiceDefinition_SuccessfullyDeletesWebServiceDefinition" computerName="ICSWS068" duration="00:00:00.4476305" startTime="2016-08-04T10:10:43.2216673+02:00" endTime="2016-08-04T10:10:43.6707867+02:00" testType="13cdc9d9-ddb5-4fa4-a97d-d965ccfc6d4b" outcome="Passed" testListId="8c84fa94-04c1-424b-9868-57a2d4851a1d" relativeResultsDirectory="b5d161ee-d789-4954-92e4-0665d86718a0" />
    <UnitTestResult executionId="6d1ef263-9918-41b7-8c81-6db5aabce16c" testId="71de8b71-fd80-db9c-7ecb-8ad1b086a019" testName="Delete_NonDeletableWebServiceDefinition_Throws" computerName="ICSWS068" duration="00:00:00.3454572" startTime="2016-08-04T10:10:43.6737887+02:00" endTime="2016-08-04T10:10:44.0211253+02:00" testType="13cdc9d9-ddb5-4fa4-a97d-d965ccfc6d4b" outcome="Passed" testListId="8c84fa94-04c1-424b-9868-57a2d4851a1d" relativeResultsDirectory="6d1ef263-9918-41b7-8c81-6db5aabce16c" />
    <UnitTestResult executionId="1bf84c33-6ac3-4345-bda4-8216150ce188" testId="afc80224-c905-9427-b052-b83dd0cd58cb" testName="Add_ValidProperties_Succeeds" computerName="ICSWS068" duration="00:00:07.2491399" startTime="2016-08-04T10:10:44.0241452+02:00" endTime="2016-08-04T10:10:51.2746078+02:00" testType="13cdc9d9-ddb5-4fa4-a97d-d965ccfc6d4b" outcome="Passed" testListId="8c84fa94-04c1-424b-9868-57a2d4851a1d" relativeResultsDirectory="1bf84c33-6ac3-4345-bda4-8216150ce188">
      <Output>
        <StdOut>TestContext Messages:
The web service [NS46823f41a0dd492f975b5ffb518fed80] is imported in the iCore system.
A web service assembly [NS46823f41a0dd492f975b5ffb518fed80, Version=1.0.0.0, Culture=neutral, PublicKeyToken=bb84fc3fb5741c42] is created in the assembly cache for the imported web service.
A web service assembly containing consumer activities [NS46823f41a0dd492f975b5ffb518fed80.Activities, Version=1.0.0.0, Culture=neutral, PublicKeyToken=bb84fc3fb5741c42] is created in the assembly cache for the imported web service.</StdOut>
      </Output>
    </UnitTestResult>
    <UnitTestResult executionId="af824031-9295-4068-bed1-c420e51999b6" testId="42916694-16c1-7275-548f-beb9ca817caa" testName="Compile_IgnoreAllCache_Succeeds" computerName="ICSWS068" duration="00:00:10.3894650" startTime="2016-08-04T10:10:51.2775937+02:00" endTime="2016-08-04T10:11:01.6688307+02:00" testType="13cdc9d9-ddb5-4fa4-a97d-d965ccfc6d4b" outcome="Passed" testListId="8c84fa94-04c1-424b-9868-57a2d4851a1d" relativeResultsDirectory="af824031-9295-4068-bed1-c420e51999b6">
      <Output>
        <StdOut>TestContext Messages:
In order to delete a web service definition a new one is created...
Attempting to compile the newly created web service definition...
Attempting to delete the newly created web service definition...</StdOut>
      </Output>
    </UnitTestResult>
    <UnitTestResult executionId="f5da275f-d4cf-4ce7-ab01-1254dd7fe333" testId="0952c412-d1c3-6444-1b64-9257a87ac47e" testName="Compile_UseCachedCode_Succeeds" computerName="ICSWS068" duration="00:00:09.5711115" startTime="2016-08-04T10:11:01.6723579+02:00" endTime="2016-08-04T10:11:11.2456479+02:00" testType="13cdc9d9-ddb5-4fa4-a97d-d965ccfc6d4b" outcome="Passed" testListId="8c84fa94-04c1-424b-9868-57a2d4851a1d" relativeResultsDirectory="f5da275f-d4cf-4ce7-ab01-1254dd7fe333">
      <Output>
        <StdOut>TestContext Messages:
In order to delete a web service definition a new one is created...
Attempting to compile the newly created web service definition...
Attempting to delete the newly created web service definition...</StdOut>
      </Output>
    </UnitTestResult>
    <UnitTestResult executionId="16571995-4e52-4d4c-83fc-206d33e1978f" testId="0e8dc8d8-41cb-3a22-8188-1a577309d846" testName="Compile_UseCachedWsdl_Succeeds" computerName="ICSWS068" duration="00:00:10.1551538" startTime="2016-08-04T10:11:11.2486502+02:00" endTime="2016-08-04T10:11:21.4054446+02:00" testType="13cdc9d9-ddb5-4fa4-a97d-d965ccfc6d4b" outcome="Passed" testListId="8c84fa94-04c1-424b-9868-57a2d4851a1d" relativeResultsDirectory="16571995-4e52-4d4c-83fc-206d33e1978f">
      <Output>
        <StdOut>TestContext Messages:
In order to delete a web service definition a new one is created...
Attempting to compile the newly created web service definition...
Attempting to delete the newly created web service definition...</StdOut>
      </Output>
    </UnitTestResult>
    <UnitTestResult executionId="86b351ae-4aed-4db7-b7cd-101285da9920" testId="472df992-5e4a-4ff2-e5a0-115f409b2883" testName="Compile_CompileWithDifferentCompilationSourceOptions_OnlyIgnoreAllChangesModifiedDate" computerName="ICSWS068" duration="00:00:16.2004463" startTime="2016-08-04T10:11:21.4094477+02:00" endTime="2016-08-04T10:11:37.6117000+02:00" testType="13cdc9d9-ddb5-4fa4-a97d-d965ccfc6d4b" outcome="Passed" testListId="8c84fa94-04c1-424b-9868-57a2d4851a1d" relativeResultsDirectory="86b351ae-4aed-4db7-b7cd-101285da9920">
      <Output>
        <StdOut>TestContext Messages:
In order to delete a web service definition a new one is created...
Attempting to compile with UseCachedWSDL...
Attempting to compile with UseCachedCode...
Attempting to compile with IgnoreAllCache...
Attempting to delete the newly created web service definition...</StdOut>
      </Output>
    </UnitTestResult>
    <UnitTestResult executionId="087f1a77-c1f8-4657-80dc-b38518f64e33" testId="3beefe37-abbc-c48a-f672-6d2e33e09c7a" testName="GetOperationsInContract_CheckNumberOfOperationsInContract_Succeeds" computerName="ICSWS068" duration="00:00:00.3602466" startTime="2016-08-04T10:11:37.6147005+02:00" endTime="2016-08-04T10:11:37.9768111+02:00" testType="13cdc9d9-ddb5-4fa4-a97d-d965ccfc6d4b" outcome="Passed" testListId="8c84fa94-04c1-424b-9868-57a2d4851a1d" relativeResultsDirectory="087f1a77-c1f8-4657-80dc-b38518f64e33" />
    <UnitTestResult executionId="af66c797-0cd3-4477-b039-0d2de7216d20" testId="f0095fed-0e77-c0a9-7a5b-18742c1b1fd9" testName="GetContractsInWsdlAssembly_FetchingContractsFromAssembly_Succeeds" computerName="ICSWS068" duration="00:00:00.3299861" startTime="2016-08-04T10:11:37.9788111+02:00" endTime="2016-08-04T10:11:38.3106594+02:00" testType="13cdc9d9-ddb5-4fa4-a97d-d965ccfc6d4b" outcome="Passed" testListId="8c84fa94-04c1-424b-9868-57a2d4851a1d" relativeResultsDirectory="af66c797-0cd3-4477-b039-0d2de7216d20" />
    <UnitTestResult executionId="aa534df9-7e59-4c50-ae78-1af451e7b091" testId="d1b21bc5-a416-7a69-8ea1-64410e047bb1" testName="RepositoryEntityTypeId_ReturnsEvent" computerName="ICSWS068" duration="00:00:00.3206995" startTime="2016-08-04T10:11:38.3136766+02:00" endTime="2016-08-04T10:11:38.6355641+02:00" testType="13cdc9d9-ddb5-4fa4-a97d-d965ccfc6d4b" outcome="Passed" testListId="8c84fa94-04c1-424b-9868-57a2d4851a1d" relativeResultsDirectory="aa534df9-7e59-4c50-ae78-1af451e7b091" />
    <UnitTestResult executionId="f8951458-6851-41ce-a01d-1d51e715a74c" testId="1c5f21ef-8df1-234c-0f61-9e3b031bb332" testName="RepositoryEntityType_ReturnsIEvent" computerName="ICSWS068" duration="00:00:00.3183576" startTime="2016-08-04T10:11:38.6385814+02:00" endTime="2016-08-04T10:11:38.9583181+02:00" testType="13cdc9d9-ddb5-4fa4-a97d-d965ccfc6d4b" outcome="Passed" testListId="8c84fa94-04c1-424b-9868-57a2d4851a1d" relativeResultsDirectory="f8951458-6851-41ce-a01d-1d51e715a74c" />
    <UnitTestResult executionId="85c342e0-e77b-4a83-ac35-547110452042" testId="84ae607f-b853-09ae-102a-ae0eaf8192a1" testName="RepositorySystemContext_MatchesActualSystemContext" computerName="ICSWS068" duration="00:00:00.3241413" startTime="2016-08-04T10:11:38.9613008+02:00" endTime="2016-08-04T10:11:39.2865847+02:00" testType="13cdc9d9-ddb5-4fa4-a97d-d965ccfc6d4b" outcome="Passed" testListId="8c84fa94-04c1-424b-9868-57a2d4851a1d" relativeResultsDirectory="85c342e0-e77b-4a83-ac35-547110452042" />
    <UnitTestResult executionId="6f55109c-fa2b-481f-83eb-6c99905f3dce" testId="61190d88-0371-849a-99b9-b91436721da5" testName="Exists_EventAttributeTypeKey_ThrowsArgumentException" computerName="ICSWS068" duration="00:00:00.3218458" startTime="2016-08-04T10:11:39.2895723+02:00" endTime="2016-08-04T10:11:39.6123768+02:00" testType="13cdc9d9-ddb5-4fa4-a97d-d965ccfc6d4b" outcome="Passed" testListId="8c84fa94-04c1-424b-9868-57a2d4851a1d" relativeResultsDirectory="6f55109c-fa2b-481f-83eb-6c99905f3dce" />
    <UnitTestResult executionId="e4f28bc8-2bdd-47c8-a0eb-a78fa7953418" testId="29a4a651-1003-4084-9125-c2a6bf7228a9" testName="Exists_KnownEventKey_ReturnsTrue (Data Row 0)" computerName="ICSWS068" duration="00:00:00.3259724" startTime="2016-08-04T08:11:39.6263874+02:00" endTime="2016-08-04T08:11:39.9526414+02:00" testType="13cdc9d9-ddb5-4fa4-a97d-d965ccfc6d4b" outcome="Passed" testListId="8c84fa94-04c1-424b-9868-57a2d4851a1d" relativeResultsDirectory="e4f28bc8-2bdd-47c8-a0eb-a78fa7953418" />
    <UnitTestResult executionId="3a41ceb3-d5b2-4287-a0c4-f00634930beb" testId="8b884966-fc2c-cc0e-80e3-9535d592edcc" testName="Exists_NonExistingEventKey_ReturnsFalse" computerName="ICSWS068" duration="00:00:00.3223261" startTime="2016-08-04T10:11:39.9566443+02:00" endTime="2016-08-04T10:11:40.2795816+02:00" testType="13cdc9d9-ddb5-4fa4-a97d-d965ccfc6d4b" outcome="Passed" testListId="8c84fa94-04c1-424b-9868-57a2d4851a1d" relativeResultsDirectory="3a41ceb3-d5b2-4287-a0c4-f00634930beb" />
    <UnitTestResult executionId="94b3e396-4f56-473c-b498-540a43d8edd2" testId="7502a092-08c0-8dbb-8352-ad7853ea91ef" testName="CreateInstance_CreatesNewEvent" computerName="ICSWS068" duration="00:00:00.3269295" startTime="2016-08-04T10:11:40.2835853+02:00" endTime="2016-08-04T10:11:40.6120932+02:00" testType="13cdc9d9-ddb5-4fa4-a97d-d965ccfc6d4b" outcome="Passed" testListId="8c84fa94-04c1-424b-9868-57a2d4851a1d" relativeResultsDirectory="94b3e396-4f56-473c-b498-540a43d8edd2" />
    <UnitTestResult executionId="4b1bf2eb-a540-4640-88b1-acc4bfe62221" testId="7c14a1a8-302e-42fd-b52d-203f905d0a0c" testName="List_ContainsEachKnownEventOnce (Data Row 0)" computerName="ICSWS068" duration="00:00:00.3625395" startTime="2016-08-04T08:11:40.6160979+02:00" endTime="2016-08-04T08:11:40.9795717+02:00" testType="13cdc9d9-ddb5-4fa4-a97d-d965ccfc6d4b" outcome="Passed" testListId="8c84fa94-04c1-424b-9868-57a2d4851a1d" relativeResultsDirectory="4b1bf2eb-a540-4640-88b1-acc4bfe62221" />
    <UnitTestResult executionId="e90d4978-950c-4e19-b89b-5a513392a862" testId="e5d3cf63-2847-20c1-2d6e-af93eff1443e" testName="List_ShouldSetSystemContextCorrectly" computerName="ICSWS068" duration="00:00:00.3655585" startTime="2016-08-04T10:11:40.9825737+02:00" endTime="2016-08-04T10:11:41.3494690+02:00" testType="13cdc9d9-ddb5-4fa4-a97d-d965ccfc6d4b" outcome="Passed" testListId="8c84fa94-04c1-424b-9868-57a2d4851a1d" relativeResultsDirectory="e90d4978-950c-4e19-b89b-5a513392a862" />
    <UnitTestResult executionId="79bee1c4-fa7c-4c7f-98b3-880a3bf82ae5" testId="503c8247-926d-2721-4039-b3c698fa3815" testName="GetByKey_NewGuid_ThrowsEntityNotFoundException" computerName="ICSWS068" duration="00:00:00.3501275" startTime="2016-08-04T10:11:41.3524710+02:00" endTime="2016-08-04T10:11:41.7039738+02:00" testType="13cdc9d9-ddb5-4fa4-a97d-d965ccfc6d4b" outcome="Passed" testListId="8c84fa94-04c1-424b-9868-57a2d4851a1d" relativeResultsDirectory="79bee1c4-fa7c-4c7f-98b3-880a3bf82ae5" />
    <UnitTestResult executionId="653a2cf0-40ca-43ce-bcfc-99509a81a8fc" testId="1ad28c4c-5ecc-42ef-b944-03ff0cc94209" testName="GetByKey_KnownKey_ReturnsEntityWithCorrectProperties (Data Row 0)" computerName="ICSWS068" duration="00:00:00.3210493" startTime="2016-08-04T08:11:41.7089954+02:00" endTime="2016-08-04T08:11:42.0298641+02:00" testType="13cdc9d9-ddb5-4fa4-a97d-d965ccfc6d4b" outcome="Passed" testListId="8c84fa94-04c1-424b-9868-57a2d4851a1d" relativeResultsDirectory="653a2cf0-40ca-43ce-bcfc-99509a81a8fc" />
    <UnitTestResult executionId="14b96e81-ccb0-4057-b1d3-7c728d6ee095" testId="1e874f4b-82bc-c646-bf98-cf54f2513b93" testName="GetByKey_UnsupportedKey_ThrowsArgumentException" computerName="ICSWS068" duration="00:00:00.3223639" startTime="2016-08-04T10:11:42.0328647+02:00" endTime="2016-08-04T10:11:42.3566853+02:00" testType="13cdc9d9-ddb5-4fa4-a97d-d965ccfc6d4b" outcome="Passed" testListId="8c84fa94-04c1-424b-9868-57a2d4851a1d" relativeResultsDirectory="14b96e81-ccb0-4057-b1d3-7c728d6ee095" />
    <UnitTestResult executionId="5c43909b-aad7-4ddc-93b0-f2adb4993ffa" testId="97c95fbf-42e2-c83b-f979-d5880a4d518f" testName="GetById_NewGuid_ThrowsEntityNotFoundException" computerName="ICSWS068" duration="00:00:00.3550333" startTime="2016-08-04T10:11:42.3596876+02:00" endTime="2016-08-04T10:11:42.7166677+02:00" testType="13cdc9d9-ddb5-4fa4-a97d-d965ccfc6d4b" outcome="Passed" testListId="8c84fa94-04c1-424b-9868-57a2d4851a1d" relativeResultsDirectory="5c43909b-aad7-4ddc-93b0-f2adb4993ffa" />
    <UnitTestResult executionId="d77b8936-118a-4f61-83f8-fd0d7f681641" testId="39a4c654-e409-4bb3-b682-a9e83084dbee" testName="GetById_KnownEventId_ReturnsEntityWithCorrectProperties (Data Row 0)" computerName="ICSWS068" duration="00:00:00.3210751" startTime="2016-08-04T08:11:42.7216711+02:00" endTime="2016-08-04T08:11:43.0429273+02:00" testType="13cdc9d9-ddb5-4fa4-a97d-d965ccfc6d4b" outcome="Passed" testListId="8c84fa94-04c1-424b-9868-57a2d4851a1d" relativeResultsDirectory="d77b8936-118a-4f61-83f8-fd0d7f681641" />
    <UnitTestResult executionId="e66d1fa3-7c81-4b90-b417-0668558767a5" testId="b21a8251-dd2f-19f6-0cc0-bfdf20091d24" testName="TryGetById_NonExistingEventId_ReturnsNull" computerName="ICSWS068" duration="00:00:00.3161717" startTime="2016-08-04T10:11:43.0459287+02:00" endTime="2016-08-04T10:11:43.3638655+02:00" testType="13cdc9d9-ddb5-4fa4-a97d-d965ccfc6d4b" outcome="Passed" testListId="8c84fa94-04c1-424b-9868-57a2d4851a1d" relativeResultsDirectory="e66d1fa3-7c81-4b90-b417-0668558767a5" />
    <UnitTestResult executionId="49b321d3-52ce-4642-accf-a27ae6760d22" testId="b16d8d74-3b3a-44f8-b0e1-f9d9fb370edf" testName="TryGetById_KnownEventId_ReturnsEntityWithCorrectProperties (Data Row 0)" computerName="ICSWS068" duration="00:00:00.3329364" startTime="2016-08-04T08:11:43.3688854+02:00" endTime="2016-08-04T08:11:43.7016662+02:00" testType="13cdc9d9-ddb5-4fa4-a97d-d965ccfc6d4b" outcome="Passed" testListId="8c84fa94-04c1-424b-9868-57a2d4851a1d" relativeResultsDirectory="49b321d3-52ce-4642-accf-a27ae6760d22" />
    <UnitTestResult executionId="cd188dc9-bfef-404b-9675-c5e520ba6ddf" testId="e2cf5931-ea01-9602-dabd-4add5a85a298" testName="Delete_CompletedEvent_Throws" computerName="ICSWS068" duration="00:00:00.3876703" startTime="2016-08-04T10:11:43.7061714+02:00" endTime="2016-08-04T10:11:44.0960404+02:00" testType="13cdc9d9-ddb5-4fa4-a97d-d965ccfc6d4b" outcome="Passed" testListId="8c84fa94-04c1-424b-9868-57a2d4851a1d" relativeResultsDirectory="cd188dc9-bfef-404b-9675-c5e520ba6ddf" />
    <UnitTestResult executionId="fa8df423-a959-48e1-b986-b1592bbd0695" testId="a12b9c61-4d4e-a56c-a7e7-fbd69fe9a69a" testName="Delete_NewEvent_SuccessfullyDeletesEvent" computerName="ICSWS068" duration="00:00:00.4792298" startTime="2016-08-04T10:11:44.0990266+02:00" endTime="2016-08-04T10:11:44.5796777+02:00" testType="13cdc9d9-ddb5-4fa4-a97d-d965ccfc6d4b" outcome="Passed" testListId="8c84fa94-04c1-424b-9868-57a2d4851a1d" relativeResultsDirectory="fa8df423-a959-48e1-b986-b1592bbd0695" />
    <UnitTestResult executionId="05e4dec5-9a62-408f-b5d7-340e4d6de417" testId="349430c2-86de-5505-ae93-5ed970b0bb25" testName="Delete_DelayedEvent_SuccessfullyDeletesEvent" computerName="ICSWS068" duration="00:00:00.3649770" startTime="2016-08-04T10:11:44.5826791+02:00" endTime="2016-08-04T10:11:44.9485019+02:00" testType="13cdc9d9-ddb5-4fa4-a97d-d965ccfc6d4b" outcome="Passed" testListId="8c84fa94-04c1-424b-9868-57a2d4851a1d" relativeResultsDirectory="05e4dec5-9a62-408f-b5d7-340e4d6de417" />
    <UnitTestResult executionId="b1f6a41b-e503-4a13-96c5-20bc49a847cf" testId="3dbd3f03-a647-861f-074a-34b23a2f1a67" testName="ChangeState_NonExistingEvent_ThrowsEntitySqlException" computerName="ICSWS068" duration="00:00:00.3459783" startTime="2016-08-04T10:11:44.9515036+02:00" endTime="2016-08-04T10:11:45.2988261+02:00" testType="13cdc9d9-ddb5-4fa4-a97d-d965ccfc6d4b" outcome="Passed" testListId="8c84fa94-04c1-424b-9868-57a2d4851a1d" relativeResultsDirectory="b1f6a41b-e503-4a13-96c5-20bc49a847cf" />
    <UnitTestResult executionId="96c48fe2-1490-4e65-bfe1-9f98c6a805de" testId="23faf931-a796-26ca-8c93-a11a69d0ad7b" testName="ChangeState_ExistingEvent_ChangesEventState" computerName="ICSWS068" duration="00:00:00.3512668" startTime="2016-08-04T10:11:45.3018132+02:00" endTime="2016-08-04T10:11:45.6541002+02:00" testType="13cdc9d9-ddb5-4fa4-a97d-d965ccfc6d4b" outcome="Passed" testListId="8c84fa94-04c1-424b-9868-57a2d4851a1d" relativeResultsDirectory="96c48fe2-1490-4e65-bfe1-9f98c6a805de" />
    <UnitTestResult executionId="73445748-d1ff-44d1-acc5-c8855f2b646c" testId="89a5e46a-59a6-45e0-02e5-6bff38613461" testName="RecreateEvent_TryingToReCreateAnCompletedEvent_NewEventRecreated" computerName="ICSWS068" duration="00:00:00.3968021" startTime="2016-08-04T10:11:45.6581036+02:00" endTime="2016-08-04T10:11:46.0564056+02:00" testType="13cdc9d9-ddb5-4fa4-a97d-d965ccfc6d4b" outcome="Passed" testListId="8c84fa94-04c1-424b-9868-57a2d4851a1d" relativeResultsDirectory="73445748-d1ff-44d1-acc5-c8855f2b646c" />
    <UnitTestResult executionId="329357a4-d880-4993-9c6d-eeb1e5c4fa24" testId="f375bd71-12d5-afc8-7cdb-26daf72dcb84" testName="RecreateEventsAsync_TryingToReCreateAnCompletedEvent_NewEventRecreated" computerName="ICSWS068" duration="00:00:00.3968877" startTime="2016-08-04T10:11:46.0594079+02:00" endTime="2016-08-04T10:11:46.4587809+02:00" testType="13cdc9d9-ddb5-4fa4-a97d-d965ccfc6d4b" outcome="Passed" testListId="8c84fa94-04c1-424b-9868-57a2d4851a1d" relativeResultsDirectory="329357a4-d880-4993-9c6d-eeb1e5c4fa24" />
    <UnitTestResult executionId="a38fe633-09cb-48e5-b93f-b14f1e2fe7e2" testId="5fbbf243-8e96-5010-34e6-4020f639bfbe" testName="RecreateEvent_TryingToReCreateAnCompletedSystemEvent_ArgumentExceptionIsThrown" computerName="ICSWS068" duration="00:00:00.3814734" startTime="2016-08-04T10:11:46.4617671+02:00" endTime="2016-08-04T10:11:46.8447670+02:00" testType="13cdc9d9-ddb5-4fa4-a97d-d965ccfc6d4b" outcome="Passed" testListId="8c84fa94-04c1-424b-9868-57a2d4851a1d" relativeResultsDirectory="a38fe633-09cb-48e5-b93f-b14f1e2fe7e2" />
    <UnitTestResult executionId="bbe55dad-da21-46e4-bc7a-276be4183281" testId="2ca4131f-e8fa-7ba3-b637-512a7f281483" testName="RecreateEventsAsync_TryingToReCreateAnCompletedSystemEvent_ArgumentExceptionIsThrown" computerName="ICSWS068" duration="00:00:00.3587751" startTime="2016-08-04T10:11:46.8477696+02:00" endTime="2016-08-04T10:11:47.2087303+02:00" testType="13cdc9d9-ddb5-4fa4-a97d-d965ccfc6d4b" outcome="Passed" testListId="8c84fa94-04c1-424b-9868-57a2d4851a1d" relativeResultsDirectory="bbe55dad-da21-46e4-bc7a-276be4183281" />
    <UnitTestResult executionId="526edbd9-baf9-401d-ac99-df23c587b159" testId="e609d23c-8b01-d72c-a078-48f6c7925a14" testName="RecreateEvents_TryingToReCreateNonExistingEvent_ArgumentExceptionIsThrown" computerName="ICSWS068" duration="00:00:00.3473009" startTime="2016-08-04T10:11:47.2117349+02:00" endTime="2016-08-04T10:11:47.5609997+02:00" testType="13cdc9d9-ddb5-4fa4-a97d-d965ccfc6d4b" outcome="Passed" testListId="8c84fa94-04c1-424b-9868-57a2d4851a1d" relativeResultsDirectory="526edbd9-baf9-401d-ac99-df23c587b159" />
    <UnitTestResult executionId="041adfe8-68c7-464a-8535-cccf763097be" testId="4f39d110-fa9d-4976-03f9-0c1ebdaa1796" testName="RecreateEventsAsync_TryingToReCreateNonExistingEvent_ArgumentExceptionIsThrown" computerName="ICSWS068" duration="00:00:00.3735352" startTime="2016-08-04T10:11:47.5640014+02:00" endTime="2016-08-04T10:11:47.9393677+02:00" testType="13cdc9d9-ddb5-4fa4-a97d-d965ccfc6d4b" outcome="Passed" testListId="8c84fa94-04c1-424b-9868-57a2d4851a1d" relativeResultsDirectory="041adfe8-68c7-464a-8535-cccf763097be" />
    <UnitTestResult executionId="7cd8b615-584e-4abb-8fb2-ddd0f47ecf67" testId="80350a34-3980-b5d5-175e-6ec3d25c9e87" testName="Add_NonExistingEventType_Throws" computerName="ICSWS068" duration="00:00:00.3343141" startTime="2016-08-04T10:11:47.9423700+02:00" endTime="2016-08-04T10:11:48.2783321+02:00" testType="13cdc9d9-ddb5-4fa4-a97d-d965ccfc6d4b" outcome="Passed" testListId="8c84fa94-04c1-424b-9868-57a2d4851a1d" relativeResultsDirectory="7cd8b615-584e-4abb-8fb2-ddd0f47ecf67" />
    <UnitTestResult executionId="db1986c4-6ac3-4f0d-a912-3c9b23961f77" testId="d701691f-59b4-f7f7-3b65-780ca8cb537e" testName="Add_ValidArguments_PersistsCorrectly" computerName="ICSWS068" duration="00:00:00.4963496" startTime="2016-08-04T10:11:48.2823361+02:00" endTime="2016-08-04T10:11:48.7797323+02:00" testType="13cdc9d9-ddb5-4fa4-a97d-d965ccfc6d4b" outcome="Passed" testListId="8c84fa94-04c1-424b-9868-57a2d4851a1d" relativeResultsDirectory="db1986c4-6ac3-4f0d-a912-3c9b23961f77" />
    <UnitTestResult executionId="563713ad-9745-4a2f-a28c-d405730d7e72" testId="48c2cf08-6175-542b-dba7-5756182397ee" testName="Add_ValidArguments_DequeuesCorrectly" computerName="ICSWS068" duration="00:00:00.4781403" startTime="2016-08-04T10:11:48.7827505+02:00" endTime="2016-08-04T10:11:49.2629423+02:00" testType="13cdc9d9-ddb5-4fa4-a97d-d965ccfc6d4b" outcome="Passed" testListId="8c84fa94-04c1-424b-9868-57a2d4851a1d" relativeResultsDirectory="563713ad-9745-4a2f-a28c-d405730d7e72" />
    <UnitTestResult executionId="5037340e-d409-45d7-bce0-64836f2b51e6" testId="ec93591c-c900-2ba2-75ee-41e3c3243e9a" testName="Add_ValidNullArguments_PersistsCorrectly" computerName="ICSWS068" duration="00:00:00.5757471" startTime="2016-08-04T10:11:49.2669454+02:00" endTime="2016-08-04T10:11:49.8440201+02:00" testType="13cdc9d9-ddb5-4fa4-a97d-d965ccfc6d4b" outcome="Passed" testListId="8c84fa94-04c1-424b-9868-57a2d4851a1d" relativeResultsDirectory="5037340e-d409-45d7-bce0-64836f2b51e6">
      <Output>
        <StdOut>TestContext Messages:
ID=9000000767
ID=9000000768
ID=9000000769
ID=9000000770
ID=9000000771
ID=9000000772
ID=9000000773
ID=9000000774
ID=9000000775
ID=9000000776
ID=9000000777
ID=9000000778
ID=9000000779
ID=9000000780
ID=9000000781
ID=9000000782
ID=9000000783
ID=9000000784
ID=9000000785
ID=9000000786
ID=9000000787
ID=9000000788
ID=9000000789
ID=9000000790
ID=9000000791
ID=9000000792
ID=9000000793
ID=9000000794
ID=9000000795
ID=9000000796
ID=9000000797
ID=9000000798
ID=9000000799
ID=9000000800
ID=9000000801
ID=9000000802
ID=9000000803
ID=9000000804
ID=9000000805
ID=9000000806
ID=9000000807
ID=9000000808
ID=9000000809
ID=9000000810
ID=9000000811
ID=9000000812
ID=9000000813
ID=9000000814
ID=9000000815
ID=9000000816
ID=9000000817
ID=9000000818
ID=9000000819
ID=9000000820
ID=9000000821
ID=9000000822
ID=9000000823
ID=9000000824
ID=9000000825
ID=9000000826
ID=9000000827
ID=9000000828
ID=9000000829
ID=9000000830
ID=9000000831
ID=9000000832
ID=9000000833
ID=9000000834
ID=9000000835
ID=9000000836
ID=9000000837
ID=9000000838
ID=9000000839
ID=9000000840
ID=9000000841
ID=9000000842
ID=9000000843
ID=9000000844
ID=9000000845
ID=9000000846
ID=9000000847
ID=9000000848
ID=9000000849
ID=9000000850
ID=9000000851
ID=9000000852
ID=9000000853
ID=9000000854
ID=9000000855
ID=9000000856
ID=9000000857
ID=9000000858
ID=9000000859
ID=9000000860
ID=9000000861
ID=9000000862
ID=9000000863
ID=9000000864
ID=9000000865
ID=9000000866</StdOut>
      </Output>
    </UnitTestResult>
    <UnitTestResult executionId="7841e1e8-21ae-48f8-aa2c-0bd63c5d0cd4" testId="ab621675-9681-c143-dd79-6219b87fde64" testName="Add_DuplicateArguments_ThrowsSqlException" computerName="ICSWS068" duration="00:00:00.3822766" startTime="2016-08-04T10:11:49.8470239+02:00" endTime="2016-08-04T10:11:50.2311024+02:00" testType="13cdc9d9-ddb5-4fa4-a97d-d965ccfc6d4b" outcome="Passed" testListId="8c84fa94-04c1-424b-9868-57a2d4851a1d" relativeResultsDirectory="7841e1e8-21ae-48f8-aa2c-0bd63c5d0cd4" />
    <UnitTestResult executionId="3eedd015-c32b-4cd5-8b5b-12bb859c1132" testId="38375362-adf9-87e1-3a60-c6f3cda17483" testName="Add_RelatedEntities_PersistsCorrectly" computerName="ICSWS068" duration="00:00:00.3642395" startTime="2016-08-04T10:11:50.2341190+02:00" endTime="2016-08-04T10:11:50.5998899+02:00" testType="13cdc9d9-ddb5-4fa4-a97d-d965ccfc6d4b" outcome="Passed" testListId="8c84fa94-04c1-424b-9868-57a2d4851a1d" relativeResultsDirectory="3eedd015-c32b-4cd5-8b5b-12bb859c1132" />
    <UnitTestResult executionId="6d4bcb66-b4ad-4b06-9dfe-f51300b33abf" testId="e5971f6e-9638-33ee-1b57-d19506a9d7df" testName="Add_DelayUntilNotNull_EventStateIsDelayedAndReasonIsScheduled" computerName="ICSWS068" duration="00:00:00.3973373" startTime="2016-08-04T10:11:50.6028937+02:00" endTime="2016-08-04T10:11:51.0014368+02:00" testType="13cdc9d9-ddb5-4fa4-a97d-d965ccfc6d4b" outcome="Passed" testListId="8c84fa94-04c1-424b-9868-57a2d4851a1d" relativeResultsDirectory="6d4bcb66-b4ad-4b06-9dfe-f51300b33abf" />
    <UnitTestResult executionId="bd89aad8-c195-481d-a217-7cba6d165458" testId="9543317b-b808-7fd7-4537-ae9f661ca247" testName="Add_DelayUntilIsNull_EventStateIsNewAndReasonIsCreated" computerName="ICSWS068" duration="00:00:00.3728815" startTime="2016-08-04T10:11:51.0044391+02:00" endTime="2016-08-04T10:11:51.3777744+02:00" testType="13cdc9d9-ddb5-4fa4-a97d-d965ccfc6d4b" outcome="Passed" testListId="8c84fa94-04c1-424b-9868-57a2d4851a1d" relativeResultsDirectory="bd89aad8-c195-481d-a217-7cba6d165458" />
    <UnitTestResult executionId="422a6aad-3ce1-4e28-9c83-d4fd787a9b7e" testId="a096f844-901d-9fdf-0811-7eb376d04658" testName="DequeueUnprocessedEventMatchings_SingleAllMatchEventTypeWithNoExistingConfiguration_ReturnsSingleUnmatchedEvent" computerName="ICSWS068" duration="00:00:00.3430975" startTime="2016-08-04T10:11:51.3817772+02:00" endTime="2016-08-04T10:11:51.7252614+02:00" testType="13cdc9d9-ddb5-4fa4-a97d-d965ccfc6d4b" outcome="Passed" testListId="8c84fa94-04c1-424b-9868-57a2d4851a1d" relativeResultsDirectory="422a6aad-3ce1-4e28-9c83-d4fd787a9b7e" />
    <UnitTestResult executionId="6f4d4cac-8a6e-42e8-80d5-b19d1c4ae8ce" testId="59f56987-cb39-38a0-dff1-00ed98421310" testName="DequeueUnprocessedEventMatchings_SingleSingleMatchEventTypeWithNoExistingConfiguration_ReturnsSingleUnmatchedEvent" computerName="ICSWS068" duration="00:00:00.3285031" startTime="2016-08-04T10:11:51.7282628+02:00" endTime="2016-08-04T10:11:52.0586305+02:00" testType="13cdc9d9-ddb5-4fa4-a97d-d965ccfc6d4b" outcome="Passed" testListId="8c84fa94-04c1-424b-9868-57a2d4851a1d" relativeResultsDirectory="6f4d4cac-8a6e-42e8-80d5-b19d1c4ae8ce" />
    <UnitTestResult executionId="528d315c-a70d-4c53-ab18-0278a0519a80" testId="297a5193-da0a-af87-279e-8160d8d33e43" testName="DequeueUnprocessedEventMatchings_SingleAllMatchEventTypeWithMultipleMatchingEventConfigurations_ReturnsAllMatches" computerName="ICSWS068" duration="00:00:00.4369278" startTime="2016-08-04T10:11:52.0616176+02:00" endTime="2016-08-04T10:11:52.5003034+02:00" testType="13cdc9d9-ddb5-4fa4-a97d-d965ccfc6d4b" outcome="Passed" testListId="8c84fa94-04c1-424b-9868-57a2d4851a1d" relativeResultsDirectory="528d315c-a70d-4c53-ab18-0278a0519a80" />
    <UnitTestResult executionId="5cdb0952-9097-441f-a0e0-1f57d0038459" testId="e52a21ec-453a-cfc0-6027-e989e8a44b83" testName="DequeueUnprocessedEventMatchings_SingleAllMatchEventTypeWithNoneNodeType_ReturnsCorrectMatch" computerName="ICSWS068" duration="00:00:00.3244093" startTime="2016-08-04T10:11:52.5033057+02:00" endTime="2016-08-04T10:11:52.8290963+02:00" testType="13cdc9d9-ddb5-4fa4-a97d-d965ccfc6d4b" outcome="Passed" testListId="8c84fa94-04c1-424b-9868-57a2d4851a1d" relativeResultsDirectory="5cdb0952-9097-441f-a0e0-1f57d0038459" />
    <UnitTestResult executionId="3fd334af-876a-4e80-9790-8bf635d293c0" testId="e53793e7-bc06-438e-57df-dd95f757dcd9" testName="DequeueUnprocessedEventMatchings_SingleAllMatchEventTypeWithMultipleMatchingEventConfigurationsSomeInactivated_ReturnsAllMatches" computerName="ICSWS068" duration="00:00:04.8442018" startTime="2016-08-04T10:11:52.8311124+02:00" endTime="2016-08-04T10:11:57.6774731+02:00" testType="13cdc9d9-ddb5-4fa4-a97d-d965ccfc6d4b" outcome="Passed" testListId="8c84fa94-04c1-424b-9868-57a2d4851a1d" relativeResultsDirectory="3fd334af-876a-4e80-9790-8bf635d293c0" />
    <UnitTestResult executionId="09b0387a-1d28-4905-89d7-209deb214a56" testId="165aea86-5819-a1f7-ec3b-c8acea4267d0" testName="DequeueUnprocessedEventMatchings_MultipleEvents_ReturnsCorrectMatches" computerName="ICSWS068" duration="00:00:21.6979933" startTime="2016-08-04T10:11:57.6794745+02:00" endTime="2016-08-04T10:12:19.3800693+02:00" testType="13cdc9d9-ddb5-4fa4-a97d-d965ccfc6d4b" outcome="Passed" testListId="8c84fa94-04c1-424b-9868-57a2d4851a1d" relativeResultsDirectory="09b0387a-1d28-4905-89d7-209deb214a56" />
    <UnitTestResult executionId="88f49fb9-2f39-4c1b-a5c3-6c0e252251cf" testId="b772884e-5419-b55c-4c6b-98ccbe08dd31" testName="TryGetSessionEventIdBySystemStartedEventId_NonExistingEventId_ReturnsNull" computerName="ICSWS068" duration="00:00:00.3350507" startTime="2016-08-04T10:12:19.3900762+02:00" endTime="2016-08-04T10:12:19.7273493+02:00" testType="13cdc9d9-ddb5-4fa4-a97d-d965ccfc6d4b" outcome="Passed" testListId="8c84fa94-04c1-424b-9868-57a2d4851a1d" relativeResultsDirectory="88f49fb9-2f39-4c1b-a5c3-6c0e252251cf" />
    <UnitTestResult executionId="7347e5f7-d781-47d9-bc91-ef14f21b1abc" testId="2ec5baad-fb02-878e-dda3-6a874c74902c" testName="TryGetSessionEventIdBySystemStartedEventId_ValidSystemStartedEvent_ReturnsCorrespondingSystemEvent" computerName="ICSWS068" duration="00:00:00.3213865" startTime="2016-08-04T10:12:19.7303499+02:00" endTime="2016-08-04T10:12:20.0522699+02:00" testType="13cdc9d9-ddb5-4fa4-a97d-d965ccfc6d4b" outcome="Passed" testListId="8c84fa94-04c1-424b-9868-57a2d4851a1d" relativeResultsDirectory="7347e5f7-d781-47d9-bc91-ef14f21b1abc" />
    <UnitTestResult executionId="c5962b20-af3b-41e7-a266-740c9d58c0bf" testId="047f5bd4-9b4d-53ef-e9cb-66e6829d21d2" testName="GetEventArguments_NonExistingEvent_ReturnsEmtpyList" computerName="ICSWS068" duration="00:00:00.3369026" startTime="2016-08-04T10:12:20.0552713+02:00" endTime="2016-08-04T10:12:20.3939685+02:00" testType="13cdc9d9-ddb5-4fa4-a97d-d965ccfc6d4b" outcome="Passed" testListId="8c84fa94-04c1-424b-9868-57a2d4851a1d" relativeResultsDirectory="c5962b20-af3b-41e7-a266-740c9d58c0bf" />
    <UnitTestResult executionId="49c59e8b-a9b3-4a96-b3a6-8c975a03647e" testId="3dee167f-4742-7dc4-6f4e-f3ea2a765a61" testName="GetEventArguments_ExistingEvent_ReturnsProperList" computerName="ICSWS068" duration="00:00:00.4048509" startTime="2016-08-04T10:12:20.3969708+02:00" endTime="2016-08-04T10:12:20.8025255+02:00" testType="13cdc9d9-ddb5-4fa4-a97d-d965ccfc6d4b" outcome="Passed" testListId="8c84fa94-04c1-424b-9868-57a2d4851a1d" relativeResultsDirectory="49c59e8b-a9b3-4a96-b3a6-8c975a03647e" />
    <UnitTestResult executionId="30a2983a-3e99-4ee7-96cb-f45fefabbff9" testId="81ee32e4-ab61-154b-1473-c9fae457d861" testName="DeleteByBookmark_ValidArguments_CorrectEventsAreDeleted" computerName="ICSWS068" duration="00:00:00.4511776" startTime="2016-08-04T10:12:20.8065289+02:00" endTime="2016-08-04T10:12:21.2589168+02:00" testType="13cdc9d9-ddb5-4fa4-a97d-d965ccfc6d4b" outcome="Passed" testListId="8c84fa94-04c1-424b-9868-57a2d4851a1d" relativeResultsDirectory="30a2983a-3e99-4ee7-96cb-f45fefabbff9" />
    <UnitTestResult executionId="736bab58-e89c-4595-abcf-8df851589bfc" testId="3cbae721-72e1-b615-b35f-0f389d81fdb2" testName="RepositoryEntityTypeId_ReturnsAdapterFlow" computerName="ICSWS068" duration="00:00:00.3152283" startTime="2016-08-04T10:12:21.2619188+02:00" endTime="2016-08-04T10:12:21.5782577+02:00" testType="13cdc9d9-ddb5-4fa4-a97d-d965ccfc6d4b" outcome="Passed" testListId="8c84fa94-04c1-424b-9868-57a2d4851a1d" relativeResultsDirectory="736bab58-e89c-4595-abcf-8df851589bfc" />
    <UnitTestResult executionId="3b87e87d-9738-4c84-a25d-d68b876b5df9" testId="13ebb768-aa5c-0daf-a76e-b51eb60766a1" testName="RepositoryEntityType_ReturnsIAdapterFlow" computerName="ICSWS068" duration="00:00:00.3198892" startTime="2016-08-04T10:12:21.5812589+02:00" endTime="2016-08-04T10:12:21.9025692+02:00" testType="13cdc9d9-ddb5-4fa4-a97d-d965ccfc6d4b" outcome="Passed" testListId="8c84fa94-04c1-424b-9868-57a2d4851a1d" relativeResultsDirectory="3b87e87d-9738-4c84-a25d-d68b876b5df9" />
    <UnitTestResult executionId="8f6a6ea1-55b7-49bc-8d7a-ec159c5e1b92" testId="4c84616a-c2d5-b9f3-23e2-af5a805f52a6" testName="RepositorySystemContext_MatchesActualSystemContext" computerName="ICSWS068" duration="00:00:00.3486504" startTime="2016-08-04T10:12:21.9055715+02:00" endTime="2016-08-04T10:12:22.2558407+02:00" testType="13cdc9d9-ddb5-4fa4-a97d-d965ccfc6d4b" outcome="Passed" testListId="8c84fa94-04c1-424b-9868-57a2d4851a1d" relativeResultsDirectory="8f6a6ea1-55b7-49bc-8d7a-ec159c5e1b92" />
    <UnitTestResult executionId="45b6ab77-f610-4ecb-bbb6-0cdd372d1f3d" testId="89cb14c9-c776-42b4-013c-70a5e36debda" testName="Exists_UnsupportedKey_ThrowsArgumentException" computerName="ICSWS068" duration="00:00:00.3447863" startTime="2016-08-04T10:12:22.2588424+02:00" endTime="2016-08-04T10:12:22.6051092+02:00" testType="13cdc9d9-ddb5-4fa4-a97d-d965ccfc6d4b" outcome="Passed" testListId="8c84fa94-04c1-424b-9868-57a2d4851a1d" relativeResultsDirectory="45b6ab77-f610-4ecb-bbb6-0cdd372d1f3d" />
    <UnitTestResult executionId="5ce707da-eb1a-44e1-88b0-dcda03acdb05" testId="c9c8d034-7ccc-4b1d-9cb2-dd5af7b5e9b7" testName="Exists_KnownAdapterFlowKey_ReturnsTrue (Data Row 0)" computerName="ICSWS068" duration="00:00:00.3712294" startTime="2016-08-04T08:12:22.6161172+02:00" endTime="2016-08-04T08:12:22.9874003+02:00" testType="13cdc9d9-ddb5-4fa4-a97d-d965ccfc6d4b" outcome="Passed" testListId="8c84fa94-04c1-424b-9868-57a2d4851a1d" relativeResultsDirectory="5ce707da-eb1a-44e1-88b0-dcda03acdb05" />
    <UnitTestResult executionId="4dfc2294-5a06-4c47-9240-fa1e88ff5910" testId="200e1c84-48cc-4292-8b8d-313b818f43b6" testName="Exists_KnownAdapterFlowKey_ReturnsTrue (Data Row 1)" computerName="ICSWS068" duration="00:00:00.3461789" startTime="2016-08-04T08:12:22.9874003+02:00" endTime="2016-08-04T08:12:23.3332613+02:00" testType="13cdc9d9-ddb5-4fa4-a97d-d965ccfc6d4b" outcome="Passed" testListId="8c84fa94-04c1-424b-9868-57a2d4851a1d" relativeResultsDirectory="4dfc2294-5a06-4c47-9240-fa1e88ff5910" />
    <UnitTestResult executionId="a14c6546-27d0-437a-b883-486f3e8bfeb9" testId="c9404faf-deb6-4e36-bede-14a4c3374134" testName="Exists_KnownAdapterFlowKey_ReturnsTrue (Data Row 2)" computerName="ICSWS068" duration="00:00:00.3731214" startTime="2016-08-04T08:12:23.3332613+02:00" endTime="2016-08-04T08:12:23.7060553+02:00" testType="13cdc9d9-ddb5-4fa4-a97d-d965ccfc6d4b" outcome="Passed" testListId="8c84fa94-04c1-424b-9868-57a2d4851a1d" relativeResultsDirectory="a14c6546-27d0-437a-b883-486f3e8bfeb9" />
    <UnitTestResult executionId="b2672606-3940-4a80-9bf5-c3e139fef526" testId="c53673a4-b06d-45da-a514-ca6a9d75a4c6" testName="Exists_KnownAdapterFlowKey_ReturnsTrue (Data Row 3)" computerName="ICSWS068" duration="00:00:00.3579701" startTime="2016-08-04T08:12:23.7060553+02:00" endTime="2016-08-04T08:12:24.0641011+02:00" testType="13cdc9d9-ddb5-4fa4-a97d-d965ccfc6d4b" outcome="Passed" testListId="8c84fa94-04c1-424b-9868-57a2d4851a1d" relativeResultsDirectory="b2672606-3940-4a80-9bf5-c3e139fef526" />
    <UnitTestResult executionId="986de660-e8c2-4db3-81ff-c9290f7f467f" testId="dc0fcab3-7063-e700-91a3-296cdeb423a4" testName="Exists_NonExistingAdapterFlowKey_ReturnsFalse" computerName="ICSWS068" duration="00:00:00.3630108" startTime="2016-08-04T10:12:24.0681037+02:00" endTime="2016-08-04T10:12:24.4326552+02:00" testType="13cdc9d9-ddb5-4fa4-a97d-d965ccfc6d4b" outcome="Passed" testListId="8c84fa94-04c1-424b-9868-57a2d4851a1d" relativeResultsDirectory="986de660-e8c2-4db3-81ff-c9290f7f467f" />
    <UnitTestResult executionId="4f8ffb46-4d39-488e-ba32-bea5098b37e7" testId="ffbf918f-d24f-9e94-9b92-ee15859e59f3" testName="CreateInstance_CreatesNewAdapterFlow" computerName="ICSWS068" duration="00:00:00.3424564" startTime="2016-08-04T10:12:24.4356578+02:00" endTime="2016-08-04T10:12:24.7791576+02:00" testType="13cdc9d9-ddb5-4fa4-a97d-d965ccfc6d4b" outcome="Passed" testListId="8c84fa94-04c1-424b-9868-57a2d4851a1d" relativeResultsDirectory="4f8ffb46-4d39-488e-ba32-bea5098b37e7" />
    <UnitTestResult executionId="7839fa8a-8843-4930-8e72-3e881a636874" testId="736437d7-c7d7-40cb-eccb-97f5c89f6199" testName="CreateInstance_UpgradeHistoryLatestVersionIsSameAsCurrentVersion" computerName="ICSWS068" duration="00:00:00.3443986" startTime="2016-08-04T10:12:24.7831548+02:00" endTime="2016-08-04T10:12:25.1301220+02:00" testType="13cdc9d9-ddb5-4fa4-a97d-d965ccfc6d4b" outcome="Passed" testListId="8c84fa94-04c1-424b-9868-57a2d4851a1d" relativeResultsDirectory="7839fa8a-8843-4930-8e72-3e881a636874" />
    <UnitTestResult executionId="796d5b1e-86d3-4f21-88eb-aebdad5ae084" testId="8550f1f5-fc31-40c9-8e86-a8fb3f398748" testName="List_ContainsEachKnownAdapterFlowOnce (Data Row 0)" computerName="ICSWS068" duration="00:00:00.3818470" startTime="2016-08-04T08:12:25.1361260+02:00" endTime="2016-08-04T08:12:25.5176374+02:00" testType="13cdc9d9-ddb5-4fa4-a97d-d965ccfc6d4b" outcome="Passed" testListId="8c84fa94-04c1-424b-9868-57a2d4851a1d" relativeResultsDirectory="796d5b1e-86d3-4f21-88eb-aebdad5ae084" />
    <UnitTestResult executionId="22226e57-8748-4103-935f-2223111589eb" testId="1fbdc4c5-3c30-41f0-8226-dc783669fe8d" testName="List_ContainsEachKnownAdapterFlowOnce (Data Row 1)" computerName="ICSWS068" duration="00:00:00.3860443" startTime="2016-08-04T08:12:25.5176374+02:00" endTime="2016-08-04T08:12:25.9043880+02:00" testType="13cdc9d9-ddb5-4fa4-a97d-d965ccfc6d4b" outcome="Passed" testListId="8c84fa94-04c1-424b-9868-57a2d4851a1d" relativeResultsDirectory="22226e57-8748-4103-935f-2223111589eb" />
    <UnitTestResult executionId="c1d1b6fc-27e2-479c-b925-02303d46417b" testId="d2e93698-660a-4520-8a81-4c9897642d0b" testName="List_ContainsEachKnownAdapterFlowOnce (Data Row 2)" computerName="ICSWS068" duration="00:00:00.3431649" startTime="2016-08-04T08:12:25.9043880+02:00" endTime="2016-08-04T08:12:26.2473235+02:00" testType="13cdc9d9-ddb5-4fa4-a97d-d965ccfc6d4b" outcome="Passed" testListId="8c84fa94-04c1-424b-9868-57a2d4851a1d" relativeResultsDirectory="c1d1b6fc-27e2-479c-b925-02303d46417b" />
    <UnitTestResult executionId="06a7a960-6083-4630-8462-8f7f8609c5e7" testId="2d4ce0de-98ec-47c3-ac4c-bb254be3f8f0" testName="List_ContainsEachKnownAdapterFlowOnce (Data Row 3)" computerName="ICSWS068" duration="00:00:00.3574496" startTime="2016-08-04T08:12:26.2473235+02:00" endTime="2016-08-04T08:12:26.6044550+02:00" testType="13cdc9d9-ddb5-4fa4-a97d-d965ccfc6d4b" outcome="Passed" testListId="8c84fa94-04c1-424b-9868-57a2d4851a1d" relativeResultsDirectory="06a7a960-6083-4630-8462-8f7f8609c5e7" />
    <UnitTestResult executionId="af0d8bc1-0a97-4929-909f-6f034a1a4fc7" testId="88ff7700-476a-f395-af91-7425c085808d" testName="List_ShouldSetSystemContextCorrectly" computerName="ICSWS068" duration="00:00:00.3643372" startTime="2016-08-04T10:12:26.6084593+02:00" endTime="2016-08-04T10:12:26.9757369+02:00" testType="13cdc9d9-ddb5-4fa4-a97d-d965ccfc6d4b" outcome="Passed" testListId="8c84fa94-04c1-424b-9868-57a2d4851a1d" relativeResultsDirectory="af0d8bc1-0a97-4929-909f-6f034a1a4fc7" />
    <UnitTestResult executionId="7e9303e3-eacd-4b3a-bb22-126a9116c63b" testId="652d3fc9-730c-a28e-cd44-f87c407e6eca" testName="List_ShouldHaveUpgradeHistory" computerName="ICSWS068" duration="00:00:00.3585505" startTime="2016-08-04T10:12:26.9787383+02:00" endTime="2016-08-04T10:12:27.3390070+02:00" testType="13cdc9d9-ddb5-4fa4-a97d-d965ccfc6d4b" outcome="Passed" testListId="8c84fa94-04c1-424b-9868-57a2d4851a1d" relativeResultsDirectory="7e9303e3-eacd-4b3a-bb22-126a9116c63b" />
    <UnitTestResult executionId="bcff2210-c9e6-4f33-a909-ef012db8c231" testId="924c20bb-1677-4d70-891a-a7090eb4bd0c" testName="ExistsByName_KnownAdapterFlowName_ReturnsTrue (Data Row 0)" computerName="ICSWS068" duration="00:00:00.4001448" startTime="2016-08-04T08:12:27.3450107+02:00" endTime="2016-08-04T08:12:27.7453139+02:00" testType="13cdc9d9-ddb5-4fa4-a97d-d965ccfc6d4b" outcome="Passed" testListId="8c84fa94-04c1-424b-9868-57a2d4851a1d" relativeResultsDirectory="bcff2210-c9e6-4f33-a909-ef012db8c231" />
    <UnitTestResult executionId="25c21b86-b716-4c94-af9f-55ba59819443" testId="66e5d099-b8fa-4caf-aa48-b47fd407dd25" testName="ExistsByName_KnownAdapterFlowName_ReturnsTrue (Data Row 1)" computerName="ICSWS068" duration="00:00:00.3676130" startTime="2016-08-04T08:12:27.7453139+02:00" endTime="2016-08-04T08:12:28.1127114+02:00" testType="13cdc9d9-ddb5-4fa4-a97d-d965ccfc6d4b" outcome="Passed" testListId="8c84fa94-04c1-424b-9868-57a2d4851a1d" relativeResultsDirectory="25c21b86-b716-4c94-af9f-55ba59819443" />
    <UnitTestResult executionId="7b879735-8801-46f2-867c-0c6abe505826" testId="24149c64-4837-44f9-aa2f-210d627ca80b" testName="ExistsByName_KnownAdapterFlowName_ReturnsTrue (Data Row 2)" computerName="ICSWS068" duration="00:00:00.3923532" startTime="2016-08-04T08:12:28.1127114+02:00" endTime="2016-08-04T08:12:28.5055540+02:00" testType="13cdc9d9-ddb5-4fa4-a97d-d965ccfc6d4b" outcome="Passed" testListId="8c84fa94-04c1-424b-9868-57a2d4851a1d" relativeResultsDirectory="7b879735-8801-46f2-867c-0c6abe505826" />
    <UnitTestResult executionId="267e2f95-ff25-46cf-9570-dcf3fd198b45" testId="d9b5a3f3-2bef-4572-b0ce-c294a44080bb" testName="ExistsByName_KnownAdapterFlowName_ReturnsTrue (Data Row 3)" computerName="ICSWS068" duration="00:00:00.4040430" startTime="2016-08-04T08:12:28.5055540+02:00" endTime="2016-08-04T08:12:28.9093597+02:00" testType="13cdc9d9-ddb5-4fa4-a97d-d965ccfc6d4b" outcome="Passed" testListId="8c84fa94-04c1-424b-9868-57a2d4851a1d" relativeResultsDirectory="267e2f95-ff25-46cf-9570-dcf3fd198b45" />
    <UnitTestResult executionId="a5eb3e5f-37d1-409a-a603-fa45108bca36" testId="e193675d-8144-2152-79c2-80debd1a2c94" testName="ExistsByName_NonExistingAdapterFlowName_ReturnsFalse" computerName="ICSWS068" duration="00:00:00.4011973" startTime="2016-08-04T10:12:28.9133632+02:00" endTime="2016-08-04T10:12:29.3156780+02:00" testType="13cdc9d9-ddb5-4fa4-a97d-d965ccfc6d4b" outcome="Passed" testListId="8c84fa94-04c1-424b-9868-57a2d4851a1d" relativeResultsDirectory="a5eb3e5f-37d1-409a-a603-fa45108bca36" />
    <UnitTestResult executionId="9bc3aebf-f851-4430-b73a-1488e6e28fe0" testId="8ca19de6-4fa5-fe76-706a-e6af134f4ca4" testName="GetModificationDateById_NonExistingId_ThrowsEntityNotFoundException" computerName="ICSWS068" duration="00:00:00.3661509" startTime="2016-08-04T10:12:29.3186801+02:00" endTime="2016-08-04T10:12:29.6869662+02:00" testType="13cdc9d9-ddb5-4fa4-a97d-d965ccfc6d4b" outcome="Passed" testListId="8c84fa94-04c1-424b-9868-57a2d4851a1d" relativeResultsDirectory="9bc3aebf-f851-4430-b73a-1488e6e28fe0" />
    <UnitTestResult executionId="7d08e139-51b1-430e-87ee-4d57f12057e4" testId="4c3a21e9-35c2-41cc-ad36-361795653f3f" testName="GetModificationDateById_KnownEntity_ReturnsCorrectDate (Data Row 0)" computerName="ICSWS068" duration="00:00:00.3764844" startTime="2016-08-04T08:12:29.6919699+02:00" endTime="2016-08-04T08:12:30.0692564+02:00" testType="13cdc9d9-ddb5-4fa4-a97d-d965ccfc6d4b" outcome="Passed" testListId="8c84fa94-04c1-424b-9868-57a2d4851a1d" relativeResultsDirectory="7d08e139-51b1-430e-87ee-4d57f12057e4" />
    <UnitTestResult executionId="36e9d55b-067e-43ab-89dc-4006f9530be9" testId="9975e7db-4879-4cd1-9b33-c1b223df3d21" testName="GetModificationDateById_KnownEntity_ReturnsCorrectDate (Data Row 1)" computerName="ICSWS068" duration="00:00:00.4246437" startTime="2016-08-04T08:12:30.0692564+02:00" endTime="2016-08-04T08:12:30.4931554+02:00" testType="13cdc9d9-ddb5-4fa4-a97d-d965ccfc6d4b" outcome="Passed" testListId="8c84fa94-04c1-424b-9868-57a2d4851a1d" relativeResultsDirectory="36e9d55b-067e-43ab-89dc-4006f9530be9" />
    <UnitTestResult executionId="5b4f1e45-87bb-477c-8b03-51122a14e88c" testId="9fa1c6fe-e7b3-4d41-ada7-437809b808ad" testName="GetModificationDateById_KnownEntity_ReturnsCorrectDate (Data Row 2)" computerName="ICSWS068" duration="00:00:00.4030046" startTime="2016-08-04T08:12:30.4931554+02:00" endTime="2016-08-04T08:12:30.8969629+02:00" testType="13cdc9d9-ddb5-4fa4-a97d-d965ccfc6d4b" outcome="Passed" testListId="8c84fa94-04c1-424b-9868-57a2d4851a1d" relativeResultsDirectory="5b4f1e45-87bb-477c-8b03-51122a14e88c" />
    <UnitTestResult executionId="fac8a5b8-0bc8-4ce6-b77e-fb196eb52e1e" testId="aca954e1-a47b-4c13-8429-c67988586db3" testName="GetModificationDateById_KnownEntity_ReturnsCorrectDate (Data Row 3)" computerName="ICSWS068" duration="00:00:00.4249750" startTime="2016-08-04T08:12:30.8969629+02:00" endTime="2016-08-04T08:12:31.3212838+02:00" testType="13cdc9d9-ddb5-4fa4-a97d-d965ccfc6d4b" outcome="Passed" testListId="8c84fa94-04c1-424b-9868-57a2d4851a1d" relativeResultsDirectory="fac8a5b8-0bc8-4ce6-b77e-fb196eb52e1e" />
    <UnitTestResult executionId="561d26b2-168a-41f2-bef4-e3837d073989" testId="fd4b7d75-1f6c-89a0-f5c5-a1c7595ec723" testName="GetByName_NullName_ThrowsArgumentNullException" computerName="ICSWS068" duration="00:00:00.4060573" startTime="2016-08-04T10:12:31.3252873+02:00" endTime="2016-08-04T10:12:31.7335970+02:00" testType="13cdc9d9-ddb5-4fa4-a97d-d965ccfc6d4b" outcome="Passed" testListId="8c84fa94-04c1-424b-9868-57a2d4851a1d" relativeResultsDirectory="561d26b2-168a-41f2-bef4-e3837d073989" />
    <UnitTestResult executionId="d0d1a25e-19a7-45c6-8fbb-4a6dbfb12aef" testId="a0b116d7-8dbb-b0de-1547-9bb5bf56e366" testName="GetByName_NewGuid_ThrowsEntityNotFoundException" computerName="ICSWS068" duration="00:00:00.4174784" startTime="2016-08-04T10:12:31.7365996+02:00" endTime="2016-08-04T10:12:32.1569183+02:00" testType="13cdc9d9-ddb5-4fa4-a97d-d965ccfc6d4b" outcome="Passed" testListId="8c84fa94-04c1-424b-9868-57a2d4851a1d" relativeResultsDirectory="d0d1a25e-19a7-45c6-8fbb-4a6dbfb12aef" />
    <UnitTestResult executionId="8e47918c-4915-4e05-89da-3c57453b1730" testId="414794ac-831d-4232-8524-06be43f9e323" testName="GetByName_KnownAdapterFlowId_ReturnsEntityWithCorrectProperties (Data Row 0)" computerName="ICSWS068" duration="00:00:00.4222692" startTime="2016-08-04T08:12:32.1634226+02:00" endTime="2016-08-04T08:12:32.5850902+02:00" testType="13cdc9d9-ddb5-4fa4-a97d-d965ccfc6d4b" outcome="Passed" testListId="8c84fa94-04c1-424b-9868-57a2d4851a1d" relativeResultsDirectory="8e47918c-4915-4e05-89da-3c57453b1730" />
    <UnitTestResult executionId="b6282878-4fd0-460f-85dc-c2232db2b876" testId="698a64d5-3b47-49f4-9c80-37f65863291d" testName="GetByName_KnownAdapterFlowId_ReturnsEntityWithCorrectProperties (Data Row 1)" computerName="ICSWS068" duration="00:00:00.3603974" startTime="2016-08-04T08:12:32.5850902+02:00" endTime="2016-08-04T08:12:32.9453653+02:00" testType="13cdc9d9-ddb5-4fa4-a97d-d965ccfc6d4b" outcome="Passed" testListId="8c84fa94-04c1-424b-9868-57a2d4851a1d" relativeResultsDirectory="b6282878-4fd0-460f-85dc-c2232db2b876" />
    <UnitTestResult executionId="5e0ad41b-ce31-4045-a9c3-acee12f3fbeb" testId="0dd898ea-c38d-4c2d-9f4a-d2889f6326f4" testName="GetByName_KnownAdapterFlowId_ReturnsEntityWithCorrectProperties (Data Row 2)" computerName="ICSWS068" duration="00:00:00.3743926" startTime="2016-08-04T08:12:32.9453653+02:00" endTime="2016-08-04T08:12:33.3197255+02:00" testType="13cdc9d9-ddb5-4fa4-a97d-d965ccfc6d4b" outcome="Passed" testListId="8c84fa94-04c1-424b-9868-57a2d4851a1d" relativeResultsDirectory="5e0ad41b-ce31-4045-a9c3-acee12f3fbeb" />
    <UnitTestResult executionId="ace1b1b9-7e36-40cd-9639-a9b1c4a4e1ef" testId="db307bd8-fddb-46ce-8d76-9d3f8c114713" testName="GetByName_KnownAdapterFlowId_ReturnsEntityWithCorrectProperties (Data Row 3)" computerName="ICSWS068" duration="00:00:00.3961091" startTime="2016-08-04T08:12:33.3197255+02:00" endTime="2016-08-04T08:12:33.7159633+02:00" testType="13cdc9d9-ddb5-4fa4-a97d-d965ccfc6d4b" outcome="Passed" testListId="8c84fa94-04c1-424b-9868-57a2d4851a1d" relativeResultsDirectory="ace1b1b9-7e36-40cd-9639-a9b1c4a4e1ef" />
    <UnitTestResult executionId="dd28a5c4-417c-4cfd-8656-e2f79b49b00b" testId="585c5cf2-70da-b278-c8e0-3a0247abce7f" testName="GetById_NewGuid_ThrowsEntityNotFoundException" computerName="ICSWS068" duration="00:00:00.3966769" startTime="2016-08-04T10:12:33.7209668+02:00" endTime="2016-08-04T10:12:34.1192702+02:00" testType="13cdc9d9-ddb5-4fa4-a97d-d965ccfc6d4b" outcome="Passed" testListId="8c84fa94-04c1-424b-9868-57a2d4851a1d" relativeResultsDirectory="dd28a5c4-417c-4cfd-8656-e2f79b49b00b" />
    <UnitTestResult executionId="a726ad7f-3e87-4302-9314-ea3e033dabb7" testId="37092227-fe05-4145-9ca7-502db270116a" testName="GetById_KnownAdapterFlowId_ReturnsEntityWithCorrectProperties (Data Row 0)" computerName="ICSWS068" duration="00:00:00.4139970" startTime="2016-08-04T08:12:34.1262757+02:00" endTime="2016-08-04T08:12:34.5405904+02:00" testType="13cdc9d9-ddb5-4fa4-a97d-d965ccfc6d4b" outcome="Passed" testListId="8c84fa94-04c1-424b-9868-57a2d4851a1d" relativeResultsDirectory="a726ad7f-3e87-4302-9314-ea3e033dabb7" />
    <UnitTestResult executionId="873c4c2c-2c06-41e2-95d2-11b17dc38e33" testId="9ae8d46c-0d18-4821-8107-a9f41af3fd1d" testName="GetById_KnownAdapterFlowId_ReturnsEntityWithCorrectProperties (Data Row 1)" computerName="ICSWS068" duration="00:00:00.3999331" startTime="2016-08-04T08:12:34.5405904+02:00" endTime="2016-08-04T08:12:34.9398956+02:00" testType="13cdc9d9-ddb5-4fa4-a97d-d965ccfc6d4b" outcome="Passed" testListId="8c84fa94-04c1-424b-9868-57a2d4851a1d" relativeResultsDirectory="873c4c2c-2c06-41e2-95d2-11b17dc38e33" />
    <UnitTestResult executionId="7027eceb-e7ba-4d82-b9af-0f58ffb034a6" testId="2bd2dbd3-ea46-4635-915a-90043c45b26c" testName="GetById_KnownAdapterFlowId_ReturnsEntityWithCorrectProperties (Data Row 2)" computerName="ICSWS068" duration="00:00:00.3891404" startTime="2016-08-04T08:12:34.9398956+02:00" endTime="2016-08-04T08:12:35.3289769+02:00" testType="13cdc9d9-ddb5-4fa4-a97d-d965ccfc6d4b" outcome="Passed" testListId="8c84fa94-04c1-424b-9868-57a2d4851a1d" relativeResultsDirectory="7027eceb-e7ba-4d82-b9af-0f58ffb034a6" />
    <UnitTestResult executionId="953c2400-6772-4a66-a036-52bd7afa2620" testId="0507aa10-b535-427a-a073-454460e8e17d" testName="GetById_KnownAdapterFlowId_ReturnsEntityWithCorrectProperties (Data Row 3)" computerName="ICSWS068" duration="00:00:00.7188156" startTime="2016-08-04T08:12:35.3289769+02:00" endTime="2016-08-04T08:12:36.0485151+02:00" testType="13cdc9d9-ddb5-4fa4-a97d-d965ccfc6d4b" outcome="Passed" testListId="8c84fa94-04c1-424b-9868-57a2d4851a1d" relativeResultsDirectory="953c2400-6772-4a66-a036-52bd7afa2620" />
    <UnitTestResult executionId="c4c4e6c3-bf3f-4cba-a8de-e00ee5126986" testId="947a0d2c-7622-d24a-2910-ddb7bfabe024" testName="GetByKey_NewGuid_ThrowsEntityNotFoundException" computerName="ICSWS068" duration="00:00:00.7356252" startTime="2016-08-04T10:12:36.0740341+02:00" endTime="2016-08-04T10:12:36.8180663+02:00" testType="13cdc9d9-ddb5-4fa4-a97d-d965ccfc6d4b" outcome="Passed" testListId="8c84fa94-04c1-424b-9868-57a2d4851a1d" relativeResultsDirectory="c4c4e6c3-bf3f-4cba-a8de-e00ee5126986" />
    <UnitTestResult executionId="3260a1d7-0328-4394-8755-ea633d0848f8" testId="60dc6b92-12fc-471a-b29b-8ecec126a0e5" testName="GetByKey_KnownAdapterFlowKey_ReturnsEntityWithCorrectProperties (Data Row 0)" computerName="ICSWS068" duration="00:00:00.4094634" startTime="2016-08-04T08:12:36.8275729+02:00" endTime="2016-08-04T08:12:37.2363791+02:00" testType="13cdc9d9-ddb5-4fa4-a97d-d965ccfc6d4b" outcome="Passed" testListId="8c84fa94-04c1-424b-9868-57a2d4851a1d" relativeResultsDirectory="3260a1d7-0328-4394-8755-ea633d0848f8" />
    <UnitTestResult executionId="ca069086-58b0-4562-8dbd-8e194838d5ea" testId="4221e46a-7f4a-483a-9f79-4728028d9d05" testName="GetByKey_KnownAdapterFlowKey_ReturnsEntityWithCorrectProperties (Data Row 1)" computerName="ICSWS068" duration="00:00:00.3724211" startTime="2016-08-04T08:12:37.2363791+02:00" endTime="2016-08-04T08:12:37.6086643+02:00" testType="13cdc9d9-ddb5-4fa4-a97d-d965ccfc6d4b" outcome="Passed" testListId="8c84fa94-04c1-424b-9868-57a2d4851a1d" relativeResultsDirectory="ca069086-58b0-4562-8dbd-8e194838d5ea" />
    <UnitTestResult executionId="ab0b61db-a554-49cb-99ac-6ab2fc9eea72" testId="8ceae8ca-3242-4c2f-bb7a-cc083f3fb819" testName="GetByKey_KnownAdapterFlowKey_ReturnsEntityWithCorrectProperties (Data Row 2)" computerName="ICSWS068" duration="00:00:00.4015518" startTime="2016-08-04T08:12:37.6096648+02:00" endTime="2016-08-04T08:12:38.0109721+02:00" testType="13cdc9d9-ddb5-4fa4-a97d-d965ccfc6d4b" outcome="Passed" testListId="8c84fa94-04c1-424b-9868-57a2d4851a1d" relativeResultsDirectory="ab0b61db-a554-49cb-99ac-6ab2fc9eea72" />
    <UnitTestResult executionId="9f7a3d2c-32bd-4d54-b953-7887fd093aaa" testId="7e1ac249-b9b3-4e17-bdbd-f99746ef3f19" testName="GetByKey_KnownAdapterFlowKey_ReturnsEntityWithCorrectProperties (Data Row 3)" computerName="ICSWS068" duration="00:00:00.3783588" startTime="2016-08-04T08:12:38.0109721+02:00" endTime="2016-08-04T08:12:38.3892627+02:00" testType="13cdc9d9-ddb5-4fa4-a97d-d965ccfc6d4b" outcome="Passed" testListId="8c84fa94-04c1-424b-9868-57a2d4851a1d" relativeResultsDirectory="9f7a3d2c-32bd-4d54-b953-7887fd093aaa" />
    <UnitTestResult executionId="df67217b-af5c-4fb6-a6fa-27fcaed1aefd" testId="39114c7d-bddd-5835-eed6-cae052c8d948" testName="GetByKey_UnsupportedKey_ThrowsArgumentException" computerName="ICSWS068" duration="00:00:00.3650659" startTime="2016-08-04T10:12:38.3942659+02:00" endTime="2016-08-04T10:12:38.7605441+02:00" testType="13cdc9d9-ddb5-4fa4-a97d-d965ccfc6d4b" outcome="Passed" testListId="8c84fa94-04c1-424b-9868-57a2d4851a1d" relativeResultsDirectory="df67217b-af5c-4fb6-a6fa-27fcaed1aefd" />
    <UnitTestResult executionId="2d1908b8-6ee1-4cb3-90b7-b36ac3f8c26b" testId="51f478b1-4dd2-9c75-b7f3-a73b3f360a7f" testName="GetTypeById" computerName="ICSWS068" duration="00:00:00.3718182" startTime="2016-08-04T10:12:38.7635464+02:00" endTime="2016-08-04T10:12:39.1368324+02:00" testType="13cdc9d9-ddb5-4fa4-a97d-d965ccfc6d4b" outcome="Passed" testListId="8c84fa94-04c1-424b-9868-57a2d4851a1d" relativeResultsDirectory="2d1908b8-6ee1-4cb3-90b7-b36ac3f8c26b" />
    <UnitTestResult executionId="45eea3f6-3285-42c7-80ed-6df9cd72f4c2" testId="81c7a28e-4a32-dc12-7a6c-8e3382cca8bf" testName="Delete_UnusedAdapterFlow_SuccessfullyDeletesAdapterFlow" computerName="ICSWS068" duration="00:00:00.4551925" startTime="2016-08-04T10:12:39.1408353+02:00" endTime="2016-08-04T10:12:39.5979471+02:00" testType="13cdc9d9-ddb5-4fa4-a97d-d965ccfc6d4b" outcome="Passed" testListId="8c84fa94-04c1-424b-9868-57a2d4851a1d" relativeResultsDirectory="45eea3f6-3285-42c7-80ed-6df9cd72f4c2" />
    <UnitTestResult executionId="cc3e2ab1-eb7c-4106-b296-6e63287f8c4d" testId="7dc72524-3b07-2e87-5d96-19320a02979f" testName="Delete_NonDeletableAdapterFlow_Throws" computerName="ICSWS068" duration="00:00:00.4059165" startTime="2016-08-04T10:12:39.6039667+02:00" endTime="2016-08-04T10:12:40.0122812+02:00" testType="13cdc9d9-ddb5-4fa4-a97d-d965ccfc6d4b" outcome="Passed" testListId="8c84fa94-04c1-424b-9868-57a2d4851a1d" relativeResultsDirectory="cc3e2ab1-eb7c-4106-b296-6e63287f8c4d" />
    <UnitTestResult executionId="4b9d3783-db77-49e2-8c52-664b8bb263eb" testId="e35bfc56-95af-b816-67b2-d0fdf5165646" testName="Delete_WithCascade_DispatchedJobExist_ThrowsEntityDependencyException" computerName="ICSWS068" duration="00:00:00.5060095" startTime="2016-08-04T10:12:40.0162843+02:00" endTime="2016-08-04T10:12:40.5236713+02:00" testType="13cdc9d9-ddb5-4fa4-a97d-d965ccfc6d4b" outcome="Passed" testListId="8c84fa94-04c1-424b-9868-57a2d4851a1d" relativeResultsDirectory="4b9d3783-db77-49e2-8c52-664b8bb263eb" />
    <UnitTestResult executionId="0a6050dc-70cf-4614-8004-bd63b0fb037e" testId="5c6444e3-dc6f-7aca-62bc-25fe5af408ec" testName="Delete_WithCascade_StartPendingJobExist_ThrowsEntityDependencyException" computerName="ICSWS068" duration="00:00:00.4024322" startTime="2016-08-04T10:12:40.5266733+02:00" endTime="2016-08-04T10:12:40.9310057+02:00" testType="13cdc9d9-ddb5-4fa4-a97d-d965ccfc6d4b" outcome="Passed" testListId="8c84fa94-04c1-424b-9868-57a2d4851a1d" relativeResultsDirectory="0a6050dc-70cf-4614-8004-bd63b0fb037e" />
    <UnitTestResult executionId="6120721d-1274-4fd1-9715-29e4da149ce0" testId="b7a464aa-c3f6-17e8-b510-10403158e249" testName="Delete_WithCascade_RunningJobExist_ThrowsEntityDependencyException" computerName="ICSWS068" duration="00:00:00.4494202" startTime="2016-08-04T10:12:40.9340083+02:00" endTime="2016-08-04T10:12:41.3854810+02:00" testType="13cdc9d9-ddb5-4fa4-a97d-d965ccfc6d4b" outcome="Passed" testListId="8c84fa94-04c1-424b-9868-57a2d4851a1d" relativeResultsDirectory="6120721d-1274-4fd1-9715-29e4da149ce0" />
    <UnitTestResult executionId="06f71656-a78c-45df-a098-4c3d98e483a7" testId="a906428c-2ccb-1c1d-5cd2-f1ae0f52b996" testName="Delete_WithCascade_FinishedJobsExist_Succeeds" computerName="ICSWS068" duration="00:00:00.5293195" startTime="2016-08-04T10:12:41.3884856+02:00" endTime="2016-08-04T10:12:41.9190558+02:00" testType="13cdc9d9-ddb5-4fa4-a97d-d965ccfc6d4b" outcome="Passed" testListId="8c84fa94-04c1-424b-9868-57a2d4851a1d" relativeResultsDirectory="06f71656-a78c-45df-a098-4c3d98e483a7" />
    <UnitTestResult executionId="f3ba8b26-3be8-4ac4-8b7a-b5fefde7b7c4" testId="fec0d6ea-5e29-63ee-c039-2902f10d804f" testName="Update_NullName_ThrowsConditionalErrorException" computerName="ICSWS068" duration="00:00:00.3728710" startTime="2016-08-04T10:12:41.9220563+02:00" endTime="2016-08-04T10:12:42.2969250+02:00" testType="13cdc9d9-ddb5-4fa4-a97d-d965ccfc6d4b" outcome="Passed" testListId="8c84fa94-04c1-424b-9868-57a2d4851a1d" relativeResultsDirectory="f3ba8b26-3be8-4ac4-8b7a-b5fefde7b7c4" />
    <UnitTestResult executionId="fade75da-38ec-4b3f-8d63-2e8edaabff72" testId="6e1046c8-2264-8d5c-0690-2dca9bf67fe5" testName="Update_EmtpyName_ThrowsStringLengthErrorException" computerName="ICSWS068" duration="00:00:00.3682022" startTime="2016-08-04T10:12:42.3004273+02:00" endTime="2016-08-04T10:12:42.6697072+02:00" testType="13cdc9d9-ddb5-4fa4-a97d-d965ccfc6d4b" outcome="Passed" testListId="8c84fa94-04c1-424b-9868-57a2d4851a1d" relativeResultsDirectory="fade75da-38ec-4b3f-8d63-2e8edaabff72" />
    <UnitTestResult executionId="aadb79af-331e-45c2-b587-d849a3b0c7b5" testId="a893f7c4-b629-baf2-88bf-f89d996d5886" testName="Update_WhitespaceOnlyName_ThrowsStringLengthErrorException" computerName="ICSWS068" duration="00:00:00.3713261" startTime="2016-08-04T10:12:42.6727107+02:00" endTime="2016-08-04T10:12:43.0460213+02:00" testType="13cdc9d9-ddb5-4fa4-a97d-d965ccfc6d4b" outcome="Passed" testListId="8c84fa94-04c1-424b-9868-57a2d4851a1d" relativeResultsDirectory="aadb79af-331e-45c2-b587-d849a3b0c7b5" />
    <UnitTestResult executionId="8b5375b5-c7ae-4f06-ae3b-25ad66341e97" testId="32f91501-e6dc-a2ba-0a9e-331fb2fd9ba2" testName="Update_TooLongName_ThrowsStringLengthErrorException" computerName="ICSWS068" duration="00:00:00.3593730" startTime="2016-08-04T10:12:43.0500075+02:00" endTime="2016-08-04T10:12:43.4108565+02:00" testType="13cdc9d9-ddb5-4fa4-a97d-d965ccfc6d4b" outcome="Passed" testListId="8c84fa94-04c1-424b-9868-57a2d4851a1d" relativeResultsDirectory="8b5375b5-c7ae-4f06-ae3b-25ad66341e97" />
    <UnitTestResult executionId="520ba12f-9bbe-49de-b7ba-2a5bd9107f33" testId="356cde82-8f63-32f5-32bc-2d77417aefb1" testName="Update_TooLongDescription_ThrowsStringLengthErrorException" computerName="ICSWS068" duration="00:00:00.3673300" startTime="2016-08-04T10:12:43.4158602+02:00" endTime="2016-08-04T10:12:43.7851636+02:00" testType="13cdc9d9-ddb5-4fa4-a97d-d965ccfc6d4b" outcome="Passed" testListId="8c84fa94-04c1-424b-9868-57a2d4851a1d" relativeResultsDirectory="520ba12f-9bbe-49de-b7ba-2a5bd9107f33" />
    <UnitTestResult executionId="87905be9-530f-4f97-a499-eb997f25ef79" testId="810e9767-6d81-0b80-dcd6-692afa35e0d5" testName="Update_DuplicateName_ThrowsUniqueValueAddConflictException" computerName="ICSWS068" duration="00:00:00.3590170" startTime="2016-08-04T10:12:43.7881665+02:00" endTime="2016-08-04T10:12:44.1484466+02:00" testType="13cdc9d9-ddb5-4fa4-a97d-d965ccfc6d4b" outcome="Passed" testListId="8c84fa94-04c1-424b-9868-57a2d4851a1d" relativeResultsDirectory="87905be9-530f-4f97-a499-eb997f25ef79" />
    <UnitTestResult executionId="7522b93c-d6b7-4047-bd4b-b2657532ec21" testId="db48c456-1f59-4d7b-9e3f-0caaea12d1a9" testName="Update_ComplexProperties_ArePersistedCorrectly" computerName="ICSWS068" duration="00:00:00.3756322" startTime="2016-08-04T10:12:44.1524503+02:00" endTime="2016-08-04T10:12:44.5298521+02:00" testType="13cdc9d9-ddb5-4fa4-a97d-d965ccfc6d4b" outcome="Passed" testListId="8c84fa94-04c1-424b-9868-57a2d4851a1d" relativeResultsDirectory="7522b93c-d6b7-4047-bd4b-b2657532ec21" />
    <UnitTestResult executionId="a264f39e-00a3-4696-97ad-370618920514" testId="259c6ba4-783e-5488-c90a-e1656f9645ac" testName="Update_UnchangedName_Succeeds" computerName="ICSWS068" duration="00:00:00.3776635" startTime="2016-08-04T10:12:44.5348550+02:00" endTime="2016-08-04T10:12:44.9141696+02:00" testType="13cdc9d9-ddb5-4fa4-a97d-d965ccfc6d4b" outcome="Passed" testListId="8c84fa94-04c1-424b-9868-57a2d4851a1d" relativeResultsDirectory="a264f39e-00a3-4696-97ad-370618920514" />
    <UnitTestResult executionId="1ecb187f-09d0-4a8e-90c1-864d55ac2695" testId="4bc3992e-81a2-5833-73da-f3e6ab47e15e" testName="Update_ExistingWorkflowDefinitionWithOldVersion_VersionIsUpdated" computerName="ICSWS068" duration="00:00:04.9422221" startTime="2016-08-04T10:12:44.9171719+02:00" endTime="2016-08-04T10:12:49.8611691+02:00" testType="13cdc9d9-ddb5-4fa4-a97d-d965ccfc6d4b" outcome="Passed" testListId="8c84fa94-04c1-424b-9868-57a2d4851a1d" relativeResultsDirectory="1ecb187f-09d0-4a8e-90c1-864d55ac2695">
      <Output>
        <StdOut>Debug Trace:

Validating Adapterflow UpgradableAdapter
Validating Adapterflow UpgradableAdapter
Importing Adapterflow UpgradableAdapter
Importing Adapterflow UpgradableAdapter
1 entities and 0 references successfully imported, 0 items skipped.
Setting attribute type count: 2
Setting attribute type count: 2
Setting attribute type count: 5
Setting attribute type count: 0
Setting attribute type count: 2
Setting attribute type count: 1
Setting attribute type count: 3
Setting attribute type count: 2
Setting attribute type count: 2
Setting attribute type count: 3
Setting attribute type count: 0
Setting attribute type count: 2
Setting attribute type count: 2
Setting attribute type count: 5
Setting attribute type count: 0
Setting attribute type count: 2
Setting attribute type count: 1
Setting attribute type count: 3
Setting attribute type count: 2
Setting attribute type count: 2
Setting attribute type count: 3
Setting attribute type count: 0
Warning: Object AppDomain  in ReferenceWarehouse when disposing</StdOut>
      </Output>
    </UnitTestResult>
    <UnitTestResult executionId="395524d2-408d-40ef-b537-f5711468d6e2" testId="a66484dc-a938-c35a-84d8-5ea882b67d2d" testName="Update_ExistingWorkflowDefinitionWithVersionInconsistency_ThrowsInvalidOperationException" computerName="ICSWS068" duration="00:00:04.1487102" startTime="2016-08-04T10:12:49.8641702+02:00" endTime="2016-08-04T10:12:54.0145011+02:00" testType="13cdc9d9-ddb5-4fa4-a97d-d965ccfc6d4b" outcome="Passed" testListId="8c84fa94-04c1-424b-9868-57a2d4851a1d" relativeResultsDirectory="395524d2-408d-40ef-b537-f5711468d6e2">
      <Output>
        <StdOut>Debug Trace:

Validating Adapterflow UpgradableAdapter
Validating Adapterflow UpgradableAdapter
Importing Adapterflow UpgradableAdapter
Importing Adapterflow UpgradableAdapter
1 entities and 0 references successfully imported, 0 items skipped.
Setting attribute type count: 2
Setting attribute type count: 2
Setting attribute type count: 5
Setting attribute type count: 0
Setting attribute type count: 2
Setting attribute type count: 1
Setting attribute type count: 3
Setting attribute type count: 2
Setting attribute type count: 2
Setting attribute type count: 3
Setting attribute type count: 0
Setting attribute type count: 2
Setting attribute type count: 2
Setting attribute type count: 5
Setting attribute type count: 0
Setting attribute type count: 2
Setting attribute type count: 1
Setting attribute type count: 3
Setting attribute type count: 2
Setting attribute type count: 2
Setting attribute type count: 3
Setting attribute type count: 0
Warning: Object AppDomain  in ReferenceWarehouse when disposing</StdOut>
      </Output>
    </UnitTestResult>
    <UnitTestResult executionId="e7e758a7-7dad-48e6-8dca-8e6819387774" testId="c06afe8e-d1e1-03dc-2334-9009f4fd1fd2" testName="UpdateAndCompile_NewName_AdapterFlowCompilesAfterRename" computerName="ICSWS068" duration="00:00:09.5264348" startTime="2016-08-04T10:12:54.0195048+02:00" endTime="2016-08-04T10:13:03.5487298+02:00" testType="13cdc9d9-ddb5-4fa4-a97d-d965ccfc6d4b" outcome="Passed" testListId="8c84fa94-04c1-424b-9868-57a2d4851a1d" relativeResultsDirectory="e7e758a7-7dad-48e6-8dca-8e6819387774">
      <Output>
        <StdOut>Debug Trace:

Validating Adapterflow UnitTestCompilationAdapter
Validating Adapterflow UnitTestCompilationAdapter
Importing Adapterflow UnitTestCompilationAdapter
Importing Adapterflow UnitTestCompilationAdapter
1 entities and 0 references successfully imported, 0 items skipped.</StdOut>
      </Output>
    </UnitTestResult>
    <UnitTestResult executionId="d69f576a-309c-4ceb-ba28-946fb0d2f2e5" testId="8a4131a7-3361-aba7-9202-12294b7edb1f" testName="Update_UpdateModifiedDateFalse_ModifiedDateNotChanged" computerName="ICSWS068" duration="00:00:00.4803204" startTime="2016-08-04T10:13:03.5526541+02:00" endTime="2016-08-04T10:13:04.0350227+02:00" testType="13cdc9d9-ddb5-4fa4-a97d-d965ccfc6d4b" outcome="Passed" testListId="8c84fa94-04c1-424b-9868-57a2d4851a1d" relativeResultsDirectory="d69f576a-309c-4ceb-ba28-946fb0d2f2e5" />
    <UnitTestResult executionId="f6c198cc-ed5a-4460-b328-f09383480044" testId="66f2e73b-16c1-e329-e455-f809ed80e00f" testName="Compile_CompilingAllAdapterflows_CompileSuccess" computerName="ICSWS068" duration="00:00:28.0606434" startTime="2016-08-04T10:13:04.0385250+02:00" endTime="2016-08-04T10:13:32.1012829+02:00" testType="13cdc9d9-ddb5-4fa4-a97d-d965ccfc6d4b" outcome="Passed" testListId="8c84fa94-04c1-424b-9868-57a2d4851a1d" relativeResultsDirectory="f6c198cc-ed5a-4460-b328-f09383480044">
      <Output>
        <StdOut>Debug Trace:
Warning: Object AppDomain  in ReferenceWarehouse when disposing</StdOut>
      </Output>
    </UnitTestResult>
    <UnitTestResult executionId="355a4622-5f02-4ada-bcb4-c13ef19ce892" testId="8beea235-410c-a030-e0f6-1f5783a7e32d" testName="UpdateCompileAndSave_AlreadyUpdatedAdapter_NoNewUpgradeHistory" computerName="ICSWS068" duration="00:00:03.3112029" startTime="2016-08-04T10:13:32.1042837+02:00" endTime="2016-08-04T10:13:35.4175634+02:00" testType="13cdc9d9-ddb5-4fa4-a97d-d965ccfc6d4b" outcome="Passed" testListId="8c84fa94-04c1-424b-9868-57a2d4851a1d" relativeResultsDirectory="355a4622-5f02-4ada-bcb4-c13ef19ce892">
      <Output>
        <StdOut>Debug Trace:
Setting attribute type count: 2
Setting attribute type count: 2
Setting attribute type count: 5
Setting attribute type count: 0
Setting attribute type count: 2
Setting attribute type count: 1
Setting attribute type count: 3
Setting attribute type count: 2
Setting attribute type count: 2
Setting attribute type count: 3
Setting attribute type count: 0
Setting attribute type count: 2
Setting attribute type count: 2
Setting attribute type count: 5
Setting attribute type count: 0
Setting attribute type count: 2
Setting attribute type count: 1
Setting attribute type count: 3
Setting attribute type count: 2
Setting attribute type count: 2
Setting attribute type count: 3
Setting attribute type count: 0
Warning: Object AppDomain  in ReferenceWarehouse when disposing</StdOut>
      </Output>
    </UnitTestResult>
    <UnitTestResult executionId="de99f949-dffa-4341-b9fa-8c8374f504b9" testId="3e764147-a4b3-0e89-b212-da650971a4b9" testName="UpdateCompileAndSave_AdapterNotOfLatestVersion_UpgradeHistoryUpdated" computerName="ICSWS068" duration="00:00:03.2981979" startTime="2016-08-04T10:13:35.4215660+02:00" endTime="2016-08-04T10:13:38.7223333+02:00" testType="13cdc9d9-ddb5-4fa4-a97d-d965ccfc6d4b" outcome="Passed" testListId="8c84fa94-04c1-424b-9868-57a2d4851a1d" relativeResultsDirectory="de99f949-dffa-4341-b9fa-8c8374f504b9">
      <Output>
        <StdOut>Debug Trace:

Validating Adapterflow UpgradableAdapter
Validating Adapterflow UpgradableAdapter
Importing Adapterflow UpgradableAdapter
Importing Adapterflow UpgradableAdapter
1 entities and 0 references successfully imported, 0 items skipped.
Setting attribute type count: 2
Setting attribute type count: 2
Setting attribute type count: 5
Setting attribute type count: 0
Setting attribute type count: 2
Setting attribute type count: 1
Setting attribute type count: 3
Setting attribute type count: 2
Setting attribute type count: 2
Setting attribute type count: 3
Setting attribute type count: 0
Setting attribute type count: 2
Setting attribute type count: 2
Setting attribute type count: 5
Setting attribute type count: 0
Setting attribute type count: 2
Setting attribute type count: 1
Setting attribute type count: 3
Setting attribute type count: 2
Setting attribute type count: 2
Setting attribute type count: 3
Setting attribute type count: 0
Warning: Object AppDomain  in ReferenceWarehouse when disposing</StdOut>
      </Output>
    </UnitTestResult>
    <UnitTestResult executionId="513d1f3f-83c2-4a20-a705-2b77a8a89d2c" testId="b423174e-5d2e-6302-6ae6-0de2111d1f3f" testName="Create_NoImplementationProvided_ArgumentNullExceptionIsThrown" computerName="ICSWS068" duration="00:00:00.3381562" startTime="2016-08-04T10:13:38.7253356+02:00" endTime="2016-08-04T10:13:39.0656090+02:00" testType="13cdc9d9-ddb5-4fa4-a97d-d965ccfc6d4b" outcome="Passed" testListId="8c84fa94-04c1-424b-9868-57a2d4851a1d" relativeResultsDirectory="513d1f3f-83c2-4a20-a705-2b77a8a89d2c" />
    <UnitTestResult executionId="86091f65-5dd3-40e6-8773-a346bb363236" testId="ce021033-b9e0-6375-4630-a4a029e0aeda" testName="Create_NoEntryPointInImplementationProvided_ArgumentNullExceptionIsThrown" computerName="ICSWS068" duration="00:00:00.3379389" startTime="2016-08-04T10:13:39.0686104+02:00" endTime="2016-08-04T10:13:39.4077662+02:00" testType="13cdc9d9-ddb5-4fa4-a97d-d965ccfc6d4b" outcome="Passed" testListId="8c84fa94-04c1-424b-9868-57a2d4851a1d" relativeResultsDirectory="86091f65-5dd3-40e6-8773-a346bb363236" />
    <UnitTestResult executionId="de1bb6b5-1722-4131-b85c-2e1560c7709f" testId="d8373c79-8c98-597e-2100-948aea61608d" testName="Create_NewValidAdapterFlow_UpgradeHistoryAddedWithCurrentVersion" computerName="ICSWS068" duration="00:00:01.7287131" startTime="2016-08-04T10:13:39.4117694+02:00" endTime="2016-08-04T10:13:41.1412851+02:00" testType="13cdc9d9-ddb5-4fa4-a97d-d965ccfc6d4b" outcome="Passed" testListId="8c84fa94-04c1-424b-9868-57a2d4851a1d" relativeResultsDirectory="de1bb6b5-1722-4131-b85c-2e1560c7709f">
      <Output>
        <StdOut>Debug Trace:
Setting attribute type count: 2
Setting attribute type count: 2
Setting attribute type count: 5
Setting attribute type count: 0
Setting attribute type count: 2
Setting attribute type count: 1
Setting attribute type count: 3
Setting attribute type count: 2
Setting attribute type count: 2
Setting attribute type count: 3
Setting attribute type count: 0
Warning: Object AppDomain  in ReferenceWarehouse when disposing</StdOut>
      </Output>
    </UnitTestResult>
    <UnitTestResult executionId="db8fa948-0d5a-40ea-9585-935850052740" testId="d815a166-daeb-c6b4-323d-80059b4b2800" testName="CopyFrom_ValidArgs_NewAFCreatedWithCorrectName" computerName="ICSWS068" duration="00:00:03.6877275" startTime="2016-08-04T10:13:41.1452883+02:00" endTime="2016-08-04T10:13:44.8349311+02:00" testType="13cdc9d9-ddb5-4fa4-a97d-d965ccfc6d4b" outcome="Passed" testListId="8c84fa94-04c1-424b-9868-57a2d4851a1d" relativeResultsDirectory="db8fa948-0d5a-40ea-9585-935850052740" />
    <UnitTestResult executionId="b6d502d3-36f0-46e7-a31a-88584ba98a7d" testId="5b3dcc56-f83c-e649-0762-7fd15d2cb46f" testName="Save_UsingExistingAFName_ConflictNameExceptionThrown" computerName="ICSWS068" duration="00:00:00.3662594" startTime="2016-08-04T10:13:44.8379331+02:00" endTime="2016-08-04T10:13:45.2072116+02:00" testType="13cdc9d9-ddb5-4fa4-a97d-d965ccfc6d4b" outcome="Passed" testListId="8c84fa94-04c1-424b-9868-57a2d4851a1d" relativeResultsDirectory="b6d502d3-36f0-46e7-a31a-88584ba98a7d" />
    <UnitTestResult executionId="a72bf620-2c5a-493f-98f8-7a23ada75ff5" testId="69865308-ed60-1ac9-dcfe-5147854344d9" testName="CopyFrom_FromInstanceArgumentIsNull_Throws" computerName="ICSWS068" duration="00:00:00.3472469" startTime="2016-08-04T10:13:45.2102323+02:00" endTime="2016-08-04T10:13:45.5581481+02:00" testType="13cdc9d9-ddb5-4fa4-a97d-d965ccfc6d4b" outcome="Passed" testListId="8c84fa94-04c1-424b-9868-57a2d4851a1d" relativeResultsDirectory="a72bf620-2c5a-493f-98f8-7a23ada75ff5" />
    <UnitTestResult executionId="849a98ac-7efb-4289-8863-13ce33151504" testId="71671d19-858d-f17c-4100-f03adc7c8b52" testName="CopyFrom_OnCopyFromArgumentIsNull_Throws" computerName="ICSWS068" duration="00:00:00.3891923" startTime="2016-08-04T10:13:45.5611492+02:00" endTime="2016-08-04T10:13:45.9519687+02:00" testType="13cdc9d9-ddb5-4fa4-a97d-d965ccfc6d4b" outcome="Passed" testListId="8c84fa94-04c1-424b-9868-57a2d4851a1d" relativeResultsDirectory="849a98ac-7efb-4289-8863-13ce33151504" />
    <UnitTestResult executionId="dce016f6-e1c8-4353-a859-5534c7b8a985" testId="5749f5bb-e9bf-a5b1-6e2e-25a348d95963" testName="Import_AdapterWithOlderUpgradeHistory_HistoryIsImported" computerName="ICSWS068" duration="00:00:00.7608481" startTime="2016-08-04T10:13:45.9549716+02:00" endTime="2016-08-04T10:13:46.7180410+02:00" testType="13cdc9d9-ddb5-4fa4-a97d-d965ccfc6d4b" outcome="Passed" testListId="8c84fa94-04c1-424b-9868-57a2d4851a1d" relativeResultsDirectory="dce016f6-e1c8-4353-a859-5534c7b8a985">
      <Output>
        <StdOut>Debug Trace:

Validating Adapterflow UpgradableAdapter
Validating Adapterflow UpgradableAdapter
Importing Adapterflow UpgradableAdapter
Importing Adapterflow UpgradableAdapter
1 entities and 0 references successfully imported, 0 items skipped.</StdOut>
      </Output>
    </UnitTestResult>
    <UnitTestResult executionId="5df1b6bd-55d6-46d2-acb5-bee40b0c01ba" testId="a9e9fc84-5be0-9453-714b-2a3f2d021330" testName="Import_AdapterWithoutUpgradeHistory_UpdateDoesNotCrashAfterImport" computerName="ICSWS068" duration="00:00:03.4166943" startTime="2016-08-04T10:13:46.7210430+02:00" endTime="2016-08-04T10:13:50.1389834+02:00" testType="13cdc9d9-ddb5-4fa4-a97d-d965ccfc6d4b" outcome="Passed" testListId="8c84fa94-04c1-424b-9868-57a2d4851a1d" relativeResultsDirectory="5df1b6bd-55d6-46d2-acb5-bee40b0c01ba">
      <Output>
        <StdOut>Debug Trace:

Validating Adapterflow UpgradableAdapter
Validating Adapterflow UpgradableAdapter
Importing Adapterflow UpgradableAdapter
Importing Adapterflow UpgradableAdapter
1 entities and 0 references successfully imported, 0 items skipped.
Setting attribute type count: 2
Setting attribute type count: 2
Setting attribute type count: 5
Setting attribute type count: 0
Setting attribute type count: 2
Setting attribute type count: 1
Setting attribute type count: 3
Setting attribute type count: 2
Setting attribute type count: 2
Setting attribute type count: 3
Setting attribute type count: 0
Setting attribute type count: 2
Setting attribute type count: 2
Setting attribute type count: 5
Setting attribute type count: 0
Setting attribute type count: 2
Setting attribute type count: 1
Setting attribute type count: 3
Setting attribute type count: 2
Setting attribute type count: 2
Setting attribute type count: 3
Setting attribute type count: 0
Warning: Object AppDomain  in ReferenceWarehouse when disposing</StdOut>
      </Output>
    </UnitTestResult>
    <UnitTestResult executionId="08d41664-d58f-48c9-b1a6-ca74a0c2298a" testId="5aadc034-290c-68f2-4bcd-c4e53c6fc833" testName="Import_AdapterWithoutUpgradeHistory_VersionPreserved" computerName="ICSWS068" duration="00:00:00.7425767" startTime="2016-08-04T10:13:50.1429851+02:00" endTime="2016-08-04T10:13:50.8866261+02:00" testType="13cdc9d9-ddb5-4fa4-a97d-d965ccfc6d4b" outcome="Passed" testListId="8c84fa94-04c1-424b-9868-57a2d4851a1d" relativeResultsDirectory="08d41664-d58f-48c9-b1a6-ca74a0c2298a">
      <Output>
        <StdOut>Debug Trace:

Validating Adapterflow UpgradableAdapter
Validating Adapterflow UpgradableAdapter
Importing Adapterflow UpgradableAdapter
Importing Adapterflow UpgradableAdapter
1 entities and 0 references successfully imported, 0 items skipped.</StdOut>
      </Output>
    </UnitTestResult>
    <UnitTestResult executionId="64434a01-32d0-40ad-be23-188af4a7a9b9" testId="b5e676d2-c256-a97a-6f9f-768785174756" testName="ExportToSerializableEntity_AdapterNotOfLatestVersion_ExportNotUpgraded" computerName="ICSWS068" duration="00:00:00.7505721" startTime="2016-08-04T10:13:50.8896293+02:00" endTime="2016-08-04T10:13:51.6429188+02:00" testType="13cdc9d9-ddb5-4fa4-a97d-d965ccfc6d4b" outcome="Passed" testListId="8c84fa94-04c1-424b-9868-57a2d4851a1d" relativeResultsDirectory="64434a01-32d0-40ad-be23-188af4a7a9b9">
      <Output>
        <StdOut>Debug Trace:

Validating Adapterflow UpgradableAdapter
Validating Adapterflow UpgradableAdapter
Importing Adapterflow UpgradableAdapter
Importing Adapterflow UpgradableAdapter
1 entities and 0 references successfully imported, 0 items skipped.</StdOut>
      </Output>
    </UnitTestResult>
    <UnitTestResult executionId="df1c0c82-e2e2-4b76-ac2f-c629105d1d27" testId="c9b5c4bb-a31c-cd4f-375c-8e4c09bbb8c3" testName="RepositoryEntityTypeId_ReturnsUser" computerName="ICSWS068" duration="00:00:00.3456303" startTime="2016-08-04T10:13:51.6459214+02:00" endTime="2016-08-04T10:13:51.9933123+02:00" testType="13cdc9d9-ddb5-4fa4-a97d-d965ccfc6d4b" outcome="Passed" testListId="8c84fa94-04c1-424b-9868-57a2d4851a1d" relativeResultsDirectory="df1c0c82-e2e2-4b76-ac2f-c629105d1d27" />
    <UnitTestResult executionId="0df7dc93-e037-4be9-ac78-dc705e7b9ec7" testId="e88935b0-526b-ef0a-ffc0-9332e9177d2d" testName="RepositoryEntityType_ReturnsIUser" computerName="ICSWS068" duration="00:00:00.3459159" startTime="2016-08-04T10:13:51.9963286+02:00" endTime="2016-08-04T10:13:52.3430837+02:00" testType="13cdc9d9-ddb5-4fa4-a97d-d965ccfc6d4b" outcome="Passed" testListId="8c84fa94-04c1-424b-9868-57a2d4851a1d" relativeResultsDirectory="0df7dc93-e037-4be9-ac78-dc705e7b9ec7" />
    <UnitTestResult executionId="626ea927-64c8-422d-a710-bdb4b61c883e" testId="e649b56c-dfbe-f2db-2726-a18bde0f390f" testName="RepositorySystemContext_MatchesActualSystemContext" computerName="ICSWS068" duration="00:00:00.3446951" startTime="2016-08-04T10:13:52.3470869+02:00" endTime="2016-08-04T10:13:52.6933658+02:00" testType="13cdc9d9-ddb5-4fa4-a97d-d965ccfc6d4b" outcome="Passed" testListId="8c84fa94-04c1-424b-9868-57a2d4851a1d" relativeResultsDirectory="626ea927-64c8-422d-a710-bdb4b61c883e" />
    <UnitTestResult executionId="94f058cb-7d06-4d89-9d55-7c31405c82f1" testId="035ca042-54b9-b59c-c14e-6c8df0f217d3" testName="Exists_UnsupportedKey_ThrowsArgumentException" computerName="ICSWS068" duration="00:00:00.3365387" startTime="2016-08-04T10:13:52.6963842+02:00" endTime="2016-08-04T10:13:53.0346251+02:00" testType="13cdc9d9-ddb5-4fa4-a97d-d965ccfc6d4b" outcome="Passed" testListId="8c84fa94-04c1-424b-9868-57a2d4851a1d" relativeResultsDirectory="94f058cb-7d06-4d89-9d55-7c31405c82f1" />
    <UnitTestResult executionId="e8beb894-ba4f-4ac1-bd9e-0e1e71c7f70c" testId="c4de0686-c8fe-4ac9-a5c8-b3c0efc0f5c1" testName="Exists_KnownUserKey_ReturnsTrue (Data Row 0)" computerName="ICSWS068" duration="00:00:00.3359888" startTime="2016-08-04T08:13:53.0636454+02:00" endTime="2016-08-04T08:13:53.3999162+02:00" testType="13cdc9d9-ddb5-4fa4-a97d-d965ccfc6d4b" outcome="Passed" testListId="8c84fa94-04c1-424b-9868-57a2d4851a1d" relativeResultsDirectory="e8beb894-ba4f-4ac1-bd9e-0e1e71c7f70c" />
    <UnitTestResult executionId="6c74e345-e2e6-4af8-9202-ccffad28fd38" testId="b2f90dba-ac11-4a46-8d3f-ea21de17eb44" testName="Exists_KnownUserKey_ReturnsTrue (Data Row 1)" computerName="ICSWS068" duration="00:00:00.3351522" startTime="2016-08-04T08:13:53.3999162+02:00" endTime="2016-08-04T08:13:53.7349724+02:00" testType="13cdc9d9-ddb5-4fa4-a97d-d965ccfc6d4b" outcome="Passed" testListId="8c84fa94-04c1-424b-9868-57a2d4851a1d" relativeResultsDirectory="6c74e345-e2e6-4af8-9202-ccffad28fd38" />
    <UnitTestResult executionId="83e76aa3-0d53-415f-b0fc-9188b07f45a6" testId="95e575c6-716f-41d6-96ad-0dc070b3d528" testName="Exists_KnownUserKey_ReturnsTrue (Data Row 2)" computerName="ICSWS068" duration="00:00:00.3569288" startTime="2016-08-04T08:13:53.7349724+02:00" endTime="2016-08-04T08:13:54.0924302+02:00" testType="13cdc9d9-ddb5-4fa4-a97d-d965ccfc6d4b" outcome="Passed" testListId="8c84fa94-04c1-424b-9868-57a2d4851a1d" relativeResultsDirectory="83e76aa3-0d53-415f-b0fc-9188b07f45a6" />
    <UnitTestResult executionId="371d69af-de0a-4424-bd6f-b4a76b86c8e3" testId="07c74301-e3c6-494c-880f-41bc9a18300c" testName="Exists_KnownUserKey_ReturnsTrue (Data Row 3)" computerName="ICSWS068" duration="00:00:00.3465728" startTime="2016-08-04T08:13:54.0924302+02:00" endTime="2016-08-04T08:13:54.4387252+02:00" testType="13cdc9d9-ddb5-4fa4-a97d-d965ccfc6d4b" outcome="Passed" testListId="8c84fa94-04c1-424b-9868-57a2d4851a1d" relativeResultsDirectory="371d69af-de0a-4424-bd6f-b4a76b86c8e3" />
    <UnitTestResult executionId="0c55b39e-f3e8-4a6b-87b8-68f46f29982d" testId="3801c0a4-9e71-0dac-f233-9a179945f360" testName="Exists_NonExistingUserKey_ReturnsFalse" computerName="ICSWS068" duration="00:00:00.3379592" startTime="2016-08-04T10:13:54.4427439+02:00" endTime="2016-08-04T10:13:54.7820159+02:00" testType="13cdc9d9-ddb5-4fa4-a97d-d965ccfc6d4b" outcome="Passed" testListId="8c84fa94-04c1-424b-9868-57a2d4851a1d" relativeResultsDirectory="0c55b39e-f3e8-4a6b-87b8-68f46f29982d" />
    <UnitTestResult executionId="0633b38b-86b7-4fbf-8959-1bb1557198ae" testId="aec9fe9d-18ee-6474-e1a0-d0fbdecb2ede" testName="Exists_NonExistingUserId_ReturnsFalse" computerName="ICSWS068" duration="00:00:00.3477956" startTime="2016-08-04T10:13:54.7850164+02:00" endTime="2016-08-04T10:13:55.1343020+02:00" testType="13cdc9d9-ddb5-4fa4-a97d-d965ccfc6d4b" outcome="Passed" testListId="8c84fa94-04c1-424b-9868-57a2d4851a1d" relativeResultsDirectory="0633b38b-86b7-4fbf-8959-1bb1557198ae" />
    <UnitTestResult executionId="de592a3d-1a34-41c7-aa81-834cb3d31c0a" testId="2264d8af-c0be-444b-9fd0-c49463d9aaf5" testName="Exists_KnownUserId_ReturnsTrue (Data Row 0)" computerName="ICSWS068" duration="00:00:00.4107830" startTime="2016-08-04T08:13:55.1393057+02:00" endTime="2016-08-04T08:13:55.5506312+02:00" testType="13cdc9d9-ddb5-4fa4-a97d-d965ccfc6d4b" outcome="Passed" testListId="8c84fa94-04c1-424b-9868-57a2d4851a1d" relativeResultsDirectory="de592a3d-1a34-41c7-aa81-834cb3d31c0a" />
    <UnitTestResult executionId="3fd15dce-b2a0-411b-86c9-1b621ff008ea" testId="e74ad646-4616-4a8a-8406-ceae50a5c0e2" testName="Exists_KnownUserId_ReturnsTrue (Data Row 1)" computerName="ICSWS068" duration="00:00:00.3559558" startTime="2016-08-04T08:13:55.5506312+02:00" endTime="2016-08-04T08:13:55.9064055+02:00" testType="13cdc9d9-ddb5-4fa4-a97d-d965ccfc6d4b" outcome="Passed" testListId="8c84fa94-04c1-424b-9868-57a2d4851a1d" relativeResultsDirectory="3fd15dce-b2a0-411b-86c9-1b621ff008ea" />
    <UnitTestResult executionId="4663dc4c-d762-43e0-a3c7-bbf3b6ebf3e5" testId="daeed501-2346-4fdb-9a62-270b47facd41" testName="Exists_KnownUserId_ReturnsTrue (Data Row 2)" computerName="ICSWS068" duration="00:00:00.3642424" startTime="2016-08-04T08:13:55.9064055+02:00" endTime="2016-08-04T08:13:56.2702090+02:00" testType="13cdc9d9-ddb5-4fa4-a97d-d965ccfc6d4b" outcome="Passed" testListId="8c84fa94-04c1-424b-9868-57a2d4851a1d" relativeResultsDirectory="4663dc4c-d762-43e0-a3c7-bbf3b6ebf3e5" />
    <UnitTestResult executionId="56388a05-1472-43c4-a5c5-1bd6c73f2cd7" testId="41043682-1158-4449-a4e9-9b0e31bc4919" testName="Exists_KnownUserId_ReturnsTrue (Data Row 3)" computerName="ICSWS068" duration="00:00:00.3435772" startTime="2016-08-04T08:13:56.2702090+02:00" endTime="2016-08-04T08:13:56.6144862+02:00" testType="13cdc9d9-ddb5-4fa4-a97d-d965ccfc6d4b" outcome="Passed" testListId="8c84fa94-04c1-424b-9868-57a2d4851a1d" relativeResultsDirectory="56388a05-1472-43c4-a5c5-1bd6c73f2cd7" />
    <UnitTestResult executionId="4a0c7246-cd56-49e0-8267-48840d85a959" testId="3ab04ed2-ad12-651e-1f0e-d3ef35aadbe0" testName="CreateInstance_CreatesNewUser" computerName="ICSWS068" duration="00:00:00.3456684" startTime="2016-08-04T10:13:56.6174879+02:00" endTime="2016-08-04T10:13:56.9643078+02:00" testType="13cdc9d9-ddb5-4fa4-a97d-d965ccfc6d4b" outcome="Passed" testListId="8c84fa94-04c1-424b-9868-57a2d4851a1d" relativeResultsDirectory="4a0c7246-cd56-49e0-8267-48840d85a959" />
    <UnitTestResult executionId="789cdc32-2927-4878-aae1-3f8e75846c00" testId="d7816fea-25db-4eff-86c5-00527002a2aa" testName="List_ContainsEachNonSystemInternalKnownUserOnce (Data Row 0)" computerName="ICSWS068" duration="00:00:00.3612234" startTime="2016-08-04T08:13:56.9693270+02:00" endTime="2016-08-04T08:13:57.3298376+02:00" testType="13cdc9d9-ddb5-4fa4-a97d-d965ccfc6d4b" outcome="Passed" testListId="8c84fa94-04c1-424b-9868-57a2d4851a1d" relativeResultsDirectory="789cdc32-2927-4878-aae1-3f8e75846c00" />
    <UnitTestResult executionId="1572007b-143a-4145-9579-ee2bb84c2d11" testId="6ed38a90-312e-43b3-9a09-83d4dbb8eade" testName="List_ContainsEachNonSystemInternalKnownUserOnce (Data Row 1)" computerName="ICSWS068" duration="00:00:00.3459798" startTime="2016-08-04T08:13:57.3298376+02:00" endTime="2016-08-04T08:13:57.6766335+02:00" testType="13cdc9d9-ddb5-4fa4-a97d-d965ccfc6d4b" outcome="Passed" testListId="8c84fa94-04c1-424b-9868-57a2d4851a1d" relativeResultsDirectory="1572007b-143a-4145-9579-ee2bb84c2d11" />
    <UnitTestResult executionId="3899e2b2-e2e4-4cb2-af35-66d7357a9b5e" testId="ddd0951b-2ad0-4dc4-9ded-cef973c676cb" testName="List_ContainsEachNonSystemInternalKnownUserOnce (Data Row 2)" computerName="ICSWS068" duration="00:00:00.3719085" startTime="2016-08-04T08:13:57.6766335+02:00" endTime="2016-08-04T08:13:58.0486512+02:00" testType="13cdc9d9-ddb5-4fa4-a97d-d965ccfc6d4b" outcome="Passed" testListId="8c84fa94-04c1-424b-9868-57a2d4851a1d" relativeResultsDirectory="3899e2b2-e2e4-4cb2-af35-66d7357a9b5e" />
    <UnitTestResult executionId="8f9afc86-abb6-4270-a4da-49cd18dba109" testId="a0c4de45-f067-48d6-b2a9-947ea51b8c0d" testName="List_ContainsEachNonSystemInternalKnownUserOnce (Data Row 3)" computerName="ICSWS068" duration="00:00:00.3427772" startTime="2016-08-04T08:13:58.0486512+02:00" endTime="2016-08-04T08:13:58.3909404+02:00" testType="13cdc9d9-ddb5-4fa4-a97d-d965ccfc6d4b" outcome="Passed" testListId="8c84fa94-04c1-424b-9868-57a2d4851a1d" relativeResultsDirectory="8f9afc86-abb6-4270-a4da-49cd18dba109" />
    <UnitTestResult executionId="1a477370-1411-419a-860a-0d04f560e015" testId="f998b007-6bac-b04c-0f04-05456248889c" testName="List_ShouldSetSystemContextCorrectly" computerName="ICSWS068" duration="00:00:00.3596390" startTime="2016-08-04T10:13:58.3949433+02:00" endTime="2016-08-04T10:13:58.7564052+02:00" testType="13cdc9d9-ddb5-4fa4-a97d-d965ccfc6d4b" outcome="Passed" testListId="8c84fa94-04c1-424b-9868-57a2d4851a1d" relativeResultsDirectory="1a477370-1411-419a-860a-0d04f560e015" />
    <UnitTestResult executionId="1edb7eb6-bbb5-4e05-849a-f93526c0b1e9" testId="1e6aeb84-a926-f1bc-fc05-21d4204e5dcd" testName="GetByKey_NonExistingId_ThrowsEntityNotFoundException" computerName="ICSWS068" duration="00:00:00.3539092" startTime="2016-08-04T10:13:58.7594080+02:00" endTime="2016-08-04T10:13:59.1152372+02:00" testType="13cdc9d9-ddb5-4fa4-a97d-d965ccfc6d4b" outcome="Passed" testListId="8c84fa94-04c1-424b-9868-57a2d4851a1d" relativeResultsDirectory="1edb7eb6-bbb5-4e05-849a-f93526c0b1e9" />
    <UnitTestResult executionId="561b84d8-d037-4388-9128-720c38a136f7" testId="926dbb6c-4d1d-47f7-91c3-63b917e81ef0" testName="GetByKey_KnownUserKey_ReturnsEntityWithCorrectProperties (Data Row 0)" computerName="ICSWS068" duration="00:00:00.3514706" startTime="2016-08-04T08:13:59.1197559+02:00" endTime="2016-08-04T08:13:59.4708508+02:00" testType="13cdc9d9-ddb5-4fa4-a97d-d965ccfc6d4b" outcome="Passed" testListId="8c84fa94-04c1-424b-9868-57a2d4851a1d" relativeResultsDirectory="561b84d8-d037-4388-9128-720c38a136f7" />
    <UnitTestResult executionId="0fc5eec5-23d9-407c-9dcf-8ef7c751c784" testId="e3a8198b-d2cd-481b-a5c6-f9907a8f8360" testName="GetByKey_KnownUserKey_ReturnsEntityWithCorrectProperties (Data Row 1)" computerName="ICSWS068" duration="00:00:00.3478238" startTime="2016-08-04T08:13:59.4708508+02:00" endTime="2016-08-04T08:13:59.8191642+02:00" testType="13cdc9d9-ddb5-4fa4-a97d-d965ccfc6d4b" outcome="Passed" testListId="8c84fa94-04c1-424b-9868-57a2d4851a1d" relativeResultsDirectory="0fc5eec5-23d9-407c-9dcf-8ef7c751c784" />
    <UnitTestResult executionId="88368139-c0f7-4331-ad9b-9561bf84202f" testId="b7d45e46-e635-4e6b-b0ce-2976d23ba824" testName="GetByKey_KnownUserKey_ReturnsEntityWithCorrectProperties (Data Row 2)" computerName="ICSWS068" duration="00:00:00.3267333" startTime="2016-08-04T08:13:59.8191642+02:00" endTime="2016-08-04T08:14:00.1453977+02:00" testType="13cdc9d9-ddb5-4fa4-a97d-d965ccfc6d4b" outcome="Passed" testListId="8c84fa94-04c1-424b-9868-57a2d4851a1d" relativeResultsDirectory="88368139-c0f7-4331-ad9b-9561bf84202f" />
    <UnitTestResult executionId="81f2cb2c-2048-4495-872b-3c6d080a964f" testId="60d0dc01-d368-4b48-aa67-26b25e62914b" testName="GetByKey_KnownUserKey_ReturnsEntityWithCorrectProperties (Data Row 3)" computerName="ICSWS068" duration="00:00:00.3831176" startTime="2016-08-04T08:14:00.1453977+02:00" endTime="2016-08-04T08:14:00.5287375+02:00" testType="13cdc9d9-ddb5-4fa4-a97d-d965ccfc6d4b" outcome="Passed" testListId="8c84fa94-04c1-424b-9868-57a2d4851a1d" relativeResultsDirectory="81f2cb2c-2048-4495-872b-3c6d080a964f" />
    <UnitTestResult executionId="623cd6cb-1d72-4d98-b577-4869a28b141c" testId="3da63d51-8fdd-6261-edd6-f5d136d744cd" testName="GetByKey_UnsupportedKey_ThrowsArgumentException" computerName="ICSWS068" duration="00:00:00.3159647" startTime="2016-08-04T10:14:00.5317392+02:00" endTime="2016-08-04T10:14:00.8500118+02:00" testType="13cdc9d9-ddb5-4fa4-a97d-d965ccfc6d4b" outcome="Passed" testListId="8c84fa94-04c1-424b-9868-57a2d4851a1d" relativeResultsDirectory="623cd6cb-1d72-4d98-b577-4869a28b141c" />
    <UnitTestResult executionId="724d58c0-2562-4358-add6-56c81cffcd35" testId="b777347d-ed09-04b4-5bfa-15a03c91716c" testName="GetById_NewGuid_ThrowsEntityNotFoundException" computerName="ICSWS068" duration="00:00:00.3242979" startTime="2016-08-04T10:14:00.8540132+02:00" endTime="2016-08-04T10:14:01.1800396+02:00" testType="13cdc9d9-ddb5-4fa4-a97d-d965ccfc6d4b" outcome="Passed" testListId="8c84fa94-04c1-424b-9868-57a2d4851a1d" relativeResultsDirectory="724d58c0-2562-4358-add6-56c81cffcd35" />
    <UnitTestResult executionId="47568bdd-8cc2-44ea-8cda-82361a6ae9eb" testId="bd4882f9-77d8-4633-9297-3dc8fbcb107e" testName="GetById_KnownUserId_ReturnsEntityWithCorrectProperties (Data Row 0)" computerName="ICSWS068" duration="00:00:00.3713056" startTime="2016-08-04T08:14:01.1850606+02:00" endTime="2016-08-04T08:14:01.5563628+02:00" testType="13cdc9d9-ddb5-4fa4-a97d-d965ccfc6d4b" outcome="Passed" testListId="8c84fa94-04c1-424b-9868-57a2d4851a1d" relativeResultsDirectory="47568bdd-8cc2-44ea-8cda-82361a6ae9eb" />
    <UnitTestResult executionId="24d9893d-23ee-476f-a58a-f46fa6f46c14" testId="2747a5ec-badd-4071-8701-a53648011c8b" testName="GetById_KnownUserId_ReturnsEntityWithCorrectProperties (Data Row 1)" computerName="ICSWS068" duration="00:00:00.3350575" startTime="2016-08-04T08:14:01.5563628+02:00" endTime="2016-08-04T08:14:01.8913932+02:00" testType="13cdc9d9-ddb5-4fa4-a97d-d965ccfc6d4b" outcome="Passed" testListId="8c84fa94-04c1-424b-9868-57a2d4851a1d" relativeResultsDirectory="24d9893d-23ee-476f-a58a-f46fa6f46c14" />
    <UnitTestResult executionId="27867a86-57d8-4160-ac2f-d300dc8cd6d3" testId="02d976ab-181d-4dc5-ab2c-7f73a5b3866a" testName="GetById_KnownUserId_ReturnsEntityWithCorrectProperties (Data Row 2)" computerName="ICSWS068" duration="00:00:00.3256369" startTime="2016-08-04T08:14:01.8913932+02:00" endTime="2016-08-04T08:14:02.2167082+02:00" testType="13cdc9d9-ddb5-4fa4-a97d-d965ccfc6d4b" outcome="Passed" testListId="8c84fa94-04c1-424b-9868-57a2d4851a1d" relativeResultsDirectory="27867a86-57d8-4160-ac2f-d300dc8cd6d3" />
    <UnitTestResult executionId="c5997532-0792-4439-8887-03a7ffca44d5" testId="cdae1358-f038-4b6c-a033-2d752e26bbe1" testName="GetById_KnownUserId_ReturnsEntityWithCorrectProperties (Data Row 3)" computerName="ICSWS068" duration="00:00:00.3297039" startTime="2016-08-04T08:14:02.2167082+02:00" endTime="2016-08-04T08:14:02.5465102+02:00" testType="13cdc9d9-ddb5-4fa4-a97d-d965ccfc6d4b" outcome="Passed" testListId="8c84fa94-04c1-424b-9868-57a2d4851a1d" relativeResultsDirectory="c5997532-0792-4439-8887-03a7ffca44d5" />
    <UnitTestResult executionId="6d9779b8-ed55-45df-82ed-520bbd455746" testId="956d19f8-03b5-074e-098a-439f2e9738e3" testName="TryGetById_NonExistingId_ReturnsNull" computerName="ICSWS068" duration="00:00:00.3278063" startTime="2016-08-04T10:14:02.5505139+02:00" endTime="2016-08-04T10:14:02.8798057+02:00" testType="13cdc9d9-ddb5-4fa4-a97d-d965ccfc6d4b" outcome="Passed" testListId="8c84fa94-04c1-424b-9868-57a2d4851a1d" relativeResultsDirectory="6d9779b8-ed55-45df-82ed-520bbd455746" />
    <UnitTestResult executionId="f8ca49a0-e91f-4606-a713-6a8aca6a3418" testId="6b7b12c6-d62a-4f1d-8cd9-95d7d8849619" testName="TryGetById_KnownUserId_ReturnsEntityWithCorrectProperties (Data Row 0)" computerName="ICSWS068" duration="00:00:00.3710352" startTime="2016-08-04T08:14:02.8838244+02:00" endTime="2016-08-04T08:14:03.2553800+02:00" testType="13cdc9d9-ddb5-4fa4-a97d-d965ccfc6d4b" outcome="Passed" testListId="8c84fa94-04c1-424b-9868-57a2d4851a1d" relativeResultsDirectory="f8ca49a0-e91f-4606-a713-6a8aca6a3418" />
    <UnitTestResult executionId="f01fa309-1dfe-4fb7-8c2f-39183ef4a06b" testId="8d046a5c-9751-4648-9524-f0cb53e2b2e0" testName="TryGetById_KnownUserId_ReturnsEntityWithCorrectProperties (Data Row 1)" computerName="ICSWS068" duration="00:00:00.3362959" startTime="2016-08-04T08:14:03.2553800+02:00" endTime="2016-08-04T08:14:03.5913514+02:00" testType="13cdc9d9-ddb5-4fa4-a97d-d965ccfc6d4b" outcome="Passed" testListId="8c84fa94-04c1-424b-9868-57a2d4851a1d" relativeResultsDirectory="f01fa309-1dfe-4fb7-8c2f-39183ef4a06b" />
    <UnitTestResult executionId="da42263b-edc5-49ff-96fe-9a8e64d4d68c" testId="ebe7d15f-efa7-4efb-b0c4-641e701bdb4a" testName="TryGetById_KnownUserId_ReturnsEntityWithCorrectProperties (Data Row 2)" computerName="ICSWS068" duration="00:00:00.3361199" startTime="2016-08-04T08:14:03.5913514+02:00" endTime="2016-08-04T08:14:03.9281559+02:00" testType="13cdc9d9-ddb5-4fa4-a97d-d965ccfc6d4b" outcome="Passed" testListId="8c84fa94-04c1-424b-9868-57a2d4851a1d" relativeResultsDirectory="da42263b-edc5-49ff-96fe-9a8e64d4d68c" />
    <UnitTestResult executionId="9aeb0ebc-b819-4953-9df6-5b6069ef1fce" testId="aad57bfe-eaaf-4974-8568-e6eccfc79b67" testName="TryGetById_KnownUserId_ReturnsEntityWithCorrectProperties (Data Row 3)" computerName="ICSWS068" duration="00:00:00.3345123" startTime="2016-08-04T08:14:03.9281559+02:00" endTime="2016-08-04T08:14:04.2620590+02:00" testType="13cdc9d9-ddb5-4fa4-a97d-d965ccfc6d4b" outcome="Passed" testListId="8c84fa94-04c1-424b-9868-57a2d4851a1d" relativeResultsDirectory="9aeb0ebc-b819-4953-9df6-5b6069ef1fce" />
    <UnitTestResult executionId="2f73b528-6a15-47b7-af2c-d4e09e56ca4b" testId="58eb0162-8eb8-26e6-d4fd-dae284fa38f1" testName="GetNameById_NonExistingId_ThrowsEntityNotFoundException" computerName="ICSWS068" duration="00:00:00.3254735" startTime="2016-08-04T10:14:04.2660774+02:00" endTime="2016-08-04T10:14:04.5932279+02:00" testType="13cdc9d9-ddb5-4fa4-a97d-d965ccfc6d4b" outcome="Passed" testListId="8c84fa94-04c1-424b-9868-57a2d4851a1d" relativeResultsDirectory="2f73b528-6a15-47b7-af2c-d4e09e56ca4b" />
    <UnitTestResult executionId="1b75fb5e-21f7-4c8f-a285-850bcd238a40" testId="f9dd56ce-04f2-44de-844a-dc06c31df29a" testName="GetNameById_KnownUserId_ReturnsCorrectName (Data Row 0)" computerName="ICSWS068" duration="00:00:00.3183705" startTime="2016-08-04T08:14:04.5992322+02:00" endTime="2016-08-04T08:14:04.9179740+02:00" testType="13cdc9d9-ddb5-4fa4-a97d-d965ccfc6d4b" outcome="Passed" testListId="8c84fa94-04c1-424b-9868-57a2d4851a1d" relativeResultsDirectory="1b75fb5e-21f7-4c8f-a285-850bcd238a40" />
    <UnitTestResult executionId="92abea61-55d6-4abb-8461-5ef09883ce00" testId="b894a9cb-73a0-4e55-8247-dbeda47a9f67" testName="GetNameById_KnownUserId_ReturnsCorrectName (Data Row 1)" computerName="ICSWS068" duration="00:00:00.3268099" startTime="2016-08-04T08:14:04.9179740+02:00" endTime="2016-08-04T08:14:05.2447587+02:00" testType="13cdc9d9-ddb5-4fa4-a97d-d965ccfc6d4b" outcome="Passed" testListId="8c84fa94-04c1-424b-9868-57a2d4851a1d" relativeResultsDirectory="92abea61-55d6-4abb-8461-5ef09883ce00" />
    <UnitTestResult executionId="2cbbbed8-365e-4478-8945-d9ff7855fcdd" testId="21d41f09-3cd6-4859-b6f8-863091e07c12" testName="GetNameById_KnownUserId_ReturnsCorrectName (Data Row 2)" computerName="ICSWS068" duration="00:00:00.3285025" startTime="2016-08-04T08:14:05.2447587+02:00" endTime="2016-08-04T08:14:05.5726878+02:00" testType="13cdc9d9-ddb5-4fa4-a97d-d965ccfc6d4b" outcome="Passed" testListId="8c84fa94-04c1-424b-9868-57a2d4851a1d" relativeResultsDirectory="2cbbbed8-365e-4478-8945-d9ff7855fcdd" />
    <UnitTestResult executionId="647c6a67-4311-46ac-ab94-41c010189600" testId="607b6c91-48b1-4085-ab9b-3cc7ad1f0ce7" testName="GetNameById_KnownUserId_ReturnsCorrectName (Data Row 3)" computerName="ICSWS068" duration="00:00:00.3321042" startTime="2016-08-04T08:14:05.5726878+02:00" endTime="2016-08-04T08:14:05.9054639+02:00" testType="13cdc9d9-ddb5-4fa4-a97d-d965ccfc6d4b" outcome="Passed" testListId="8c84fa94-04c1-424b-9868-57a2d4851a1d" relativeResultsDirectory="647c6a67-4311-46ac-ab94-41c010189600" />
    <UnitTestResult executionId="198797da-f169-45ec-b6fa-09b10ccf9987" testId="f95eb715-05de-8daa-1ae0-e9d971bc83ad" testName="Delete_ExistingDeletableUser_SuccessfullyDeletesUser" computerName="ICSWS068" duration="00:00:00.3596153" startTime="2016-08-04T10:14:05.9084817+02:00" endTime="2016-08-04T10:14:06.2699510+02:00" testType="13cdc9d9-ddb5-4fa4-a97d-d965ccfc6d4b" outcome="Passed" testListId="8c84fa94-04c1-424b-9868-57a2d4851a1d" relativeResultsDirectory="198797da-f169-45ec-b6fa-09b10ccf9987" />
    <UnitTestResult executionId="3e0eea41-d56c-40e0-9c77-8c73095c3e33" testId="42ca477e-b7f3-c442-13bf-0045aacfa0b8" testName="Delete_AsIEntity_SuccessfullyDeletesUser" computerName="ICSWS068" duration="00:00:00.3329599" startTime="2016-08-04T10:14:06.2729530+02:00" endTime="2016-08-04T10:14:06.6072446+02:00" testType="13cdc9d9-ddb5-4fa4-a97d-d965ccfc6d4b" outcome="Passed" testListId="8c84fa94-04c1-424b-9868-57a2d4851a1d" relativeResultsDirectory="3e0eea41-d56c-40e0-9c77-8c73095c3e33" />
    <UnitTestResult executionId="11e8f914-7836-4927-8510-dd7373849e56" testId="ac147d2e-3b79-475d-8162-888f1bb15af6" testName="Delete_NonDeletableUser_ThrowsEntityDependencyException (Data Row 0)" computerName="ICSWS068" duration="00:00:00.3247026" startTime="2016-08-04T08:14:06.6122469+02:00" endTime="2016-08-04T08:14:06.9372006+02:00" testType="13cdc9d9-ddb5-4fa4-a97d-d965ccfc6d4b" outcome="Passed" testListId="8c84fa94-04c1-424b-9868-57a2d4851a1d" relativeResultsDirectory="11e8f914-7836-4927-8510-dd7373849e56" />
    <UnitTestResult executionId="18357292-f55c-4466-842a-1ad54f154c9d" testId="26f4cc0a-8508-4a3d-9b2b-3ee35e1c2fc5" testName="Delete_NonDeletableUser_ThrowsEntityDependencyException (Data Row 1)" computerName="ICSWS068" duration="00:00:00.3670427" startTime="2016-08-04T08:14:06.9372006+02:00" endTime="2016-08-04T08:14:07.3039208+02:00" testType="13cdc9d9-ddb5-4fa4-a97d-d965ccfc6d4b" outcome="Passed" testListId="8c84fa94-04c1-424b-9868-57a2d4851a1d" relativeResultsDirectory="18357292-f55c-4466-842a-1ad54f154c9d" />
    <UnitTestResult executionId="64b176b4-1af5-491c-a1ac-7cc25bc43605" testId="88e850e3-d8da-4b41-a964-94ea95e04ed3" testName="Delete_NonDeletableUser_ThrowsEntityDependencyException (Data Row 2)" computerName="ICSWS068" duration="00:00:00.3445948" startTime="2016-08-04T08:14:07.3039208+02:00" endTime="2016-08-04T08:14:07.6486800+02:00" testType="13cdc9d9-ddb5-4fa4-a97d-d965ccfc6d4b" outcome="Passed" testListId="8c84fa94-04c1-424b-9868-57a2d4851a1d" relativeResultsDirectory="64b176b4-1af5-491c-a1ac-7cc25bc43605" />
    <UnitTestResult executionId="60bd49d4-3b74-4c29-891d-63d518eaacfb" testId="d1f33d5e-af41-4ae2-ace8-1ef38db56d32" testName="Delete_NonDeletableUser_ThrowsEntityDependencyException (Data Row 3)" computerName="ICSWS068" duration="00:00:00.3265627" startTime="2016-08-04T08:14:07.6486800+02:00" endTime="2016-08-04T08:14:07.9759431+02:00" testType="13cdc9d9-ddb5-4fa4-a97d-d965ccfc6d4b" outcome="Passed" testListId="8c84fa94-04c1-424b-9868-57a2d4851a1d" relativeResultsDirectory="60bd49d4-3b74-4c29-891d-63d518eaacfb" />
    <UnitTestResult executionId="e6007657-2b2b-4935-8286-460c445ad831" testId="6fce277c-ec8f-17b9-d591-617b2e8917ba" testName="Delete_AtLeasteOneMoreUserWithUserRestriction_SuccessfullyDeletesUser" computerName="ICSWS068" duration="00:00:00.6985173" startTime="2016-08-04T10:14:07.9789298+02:00" endTime="2016-08-04T10:14:08.6790754+02:00" testType="13cdc9d9-ddb5-4fa4-a97d-d965ccfc6d4b" outcome="Passed" testListId="8c84fa94-04c1-424b-9868-57a2d4851a1d" relativeResultsDirectory="e6007657-2b2b-4935-8286-460c445ad831" />
    <UnitTestResult executionId="386ae8fc-20c9-4a57-a2ee-a3c8ec48d33a" testId="3c8ab35a-dd76-8412-97e0-c463b2a2787a" testName="Delete_AtLeasteOneMoreUserWithUserRestrictionUserNotAllowed_Throws" computerName="ICSWS068" duration="00:00:00.3220986" startTime="2016-08-04T10:14:08.6820762+02:00" endTime="2016-08-04T10:14:09.0050505+02:00" testType="13cdc9d9-ddb5-4fa4-a97d-d965ccfc6d4b" outcome="Passed" testListId="8c84fa94-04c1-424b-9868-57a2d4851a1d" relativeResultsDirectory="386ae8fc-20c9-4a57-a2ee-a3c8ec48d33a" />
    <UnitTestResult executionId="ed9a6cda-6e6b-41aa-88ae-5880cf825c83" testId="265b5768-09f7-3f9f-e441-76d37e10e29d" testName="Delete_DeletingUserWithUserRestrictionAndCurrentUserWithoutUserRestriction_Throws" computerName="ICSWS068" duration="00:00:00.3252258" startTime="2016-08-04T10:14:09.0080522+02:00" endTime="2016-08-04T10:14:09.3342701+02:00" testType="13cdc9d9-ddb5-4fa4-a97d-d965ccfc6d4b" outcome="Passed" testListId="8c84fa94-04c1-424b-9868-57a2d4851a1d" relativeResultsDirectory="ed9a6cda-6e6b-41aa-88ae-5880cf825c83" />
    <UnitTestResult executionId="da150570-cd3c-4645-a49f-9b207bb53d75" testId="ab99cc8e-8ef5-3539-4c89-c776ad0eb7c5" testName="Delete_OnlyUserWithUserRestrictionOperationsLeft_Throws" computerName="ICSWS068" duration="00:00:00.3355938" startTime="2016-08-04T10:14:09.3684701+02:00" endTime="2016-08-04T10:14:09.7053556+02:00" testType="13cdc9d9-ddb5-4fa4-a97d-d965ccfc6d4b" outcome="Passed" testListId="8c84fa94-04c1-424b-9868-57a2d4851a1d" relativeResultsDirectory="da150570-cd3c-4645-a49f-9b207bb53d75" />
    <UnitTestResult executionId="28e91d06-74ec-482d-85ff-80dd67220769" testId="60f91cf1-44fb-104f-29aa-5d0a25e60d13" testName="Add_NullName_ThrowsConditionalErrorException" computerName="ICSWS068" duration="00:00:00.3290635" startTime="2016-08-04T10:14:09.7073567+02:00" endTime="2016-08-04T10:14:10.0386370+02:00" testType="13cdc9d9-ddb5-4fa4-a97d-d965ccfc6d4b" outcome="Passed" testListId="8c84fa94-04c1-424b-9868-57a2d4851a1d" relativeResultsDirectory="28e91d06-74ec-482d-85ff-80dd67220769" />
    <UnitTestResult executionId="c626a1c2-7c3f-4ac6-a7f6-f59d898d1657" testId="adb5235f-e4fd-d3e6-263d-04dc812f793b" testName="Add_EmptyName_ThrowsStringLengthErrorException" computerName="ICSWS068" duration="00:00:00.3255691" startTime="2016-08-04T10:14:10.0406384+02:00" endTime="2016-08-04T10:14:10.3679150+02:00" testType="13cdc9d9-ddb5-4fa4-a97d-d965ccfc6d4b" outcome="Passed" testListId="8c84fa94-04c1-424b-9868-57a2d4851a1d" relativeResultsDirectory="c626a1c2-7c3f-4ac6-a7f6-f59d898d1657" />
    <UnitTestResult executionId="6013c9ae-cebb-4d95-9a1a-4ae3b1e5b1fa" testId="0fed5728-45a5-5c87-9730-e047570c850d" testName="Add_WhiteSpaceOnlyName_ThrowsStringLengthErrorException" computerName="ICSWS068" duration="00:00:00.3265471" startTime="2016-08-04T10:14:10.3709173+02:00" endTime="2016-08-04T10:14:10.6991102+02:00" testType="13cdc9d9-ddb5-4fa4-a97d-d965ccfc6d4b" outcome="Passed" testListId="8c84fa94-04c1-424b-9868-57a2d4851a1d" relativeResultsDirectory="6013c9ae-cebb-4d95-9a1a-4ae3b1e5b1fa" />
    <UnitTestResult executionId="acb8487c-aa31-4565-86d2-c233569504ef" testId="22efeb2b-da17-17a2-5a94-9e99403eebaa" testName="Add_TooLongName_ThrowsStringLengthErrorException" computerName="ICSWS068" duration="00:00:00.3313074" startTime="2016-08-04T10:14:10.7031131+02:00" endTime="2016-08-04T10:14:11.0349743+02:00" testType="13cdc9d9-ddb5-4fa4-a97d-d965ccfc6d4b" outcome="Passed" testListId="8c84fa94-04c1-424b-9868-57a2d4851a1d" relativeResultsDirectory="acb8487c-aa31-4565-86d2-c233569504ef" />
    <UnitTestResult executionId="79affaeb-d9d8-4b38-84e0-4cce6adf3088" testId="0d1ec8ee-5216-063c-a461-e820fbcf42f9" testName="Add_LongDescription_Succeeds" computerName="ICSWS068" duration="00:00:00.3474698" startTime="2016-08-04T10:14:11.0379936+02:00" endTime="2016-08-04T10:14:11.3871569+02:00" testType="13cdc9d9-ddb5-4fa4-a97d-d965ccfc6d4b" outcome="Passed" testListId="8c84fa94-04c1-424b-9868-57a2d4851a1d" relativeResultsDirectory="79affaeb-d9d8-4b38-84e0-4cce6adf3088" />
    <UnitTestResult executionId="39a81d95-844c-4a7c-9ff2-5a3b78c152fe" testId="72650048-a3a6-5d1a-3759-073d0e341eae" testName="Add_ValidProperties_IsPersistedCorrectly" computerName="ICSWS068" duration="00:00:00.3257395" startTime="2016-08-04T10:14:11.3901739+02:00" endTime="2016-08-04T10:14:11.7174736+02:00" testType="13cdc9d9-ddb5-4fa4-a97d-d965ccfc6d4b" outcome="Passed" testListId="8c84fa94-04c1-424b-9868-57a2d4851a1d" relativeResultsDirectory="39a81d95-844c-4a7c-9ff2-5a3b78c152fe" />
    <UnitTestResult executionId="ebd6c3d9-3963-43e6-a30b-13da81f72104" testId="a8b055f1-c82a-181f-fc4f-819d4d55b196" testName="Add_AsIEntity_IsPersistedCorrectly" computerName="ICSWS068" duration="00:00:00.3556030" startTime="2016-08-04T10:14:11.7204764+02:00" endTime="2016-08-04T10:14:12.0771721+02:00" testType="13cdc9d9-ddb5-4fa4-a97d-d965ccfc6d4b" outcome="Passed" testListId="8c84fa94-04c1-424b-9868-57a2d4851a1d" relativeResultsDirectory="ebd6c3d9-3963-43e6-a30b-13da81f72104" />
    <UnitTestResult executionId="ec8c0d60-669e-41a8-ae88-f660a202a881" testId="65fa91f2-53a1-8fc3-fc6c-d7f87f1b70c4" testName="Add_WithUserRestrictionEnabledAndCurrentUserHasUserRestriction_Succeds" computerName="ICSWS068" duration="00:00:00.6709836" startTime="2016-08-04T10:14:12.0811753+02:00" endTime="2016-08-04T10:14:12.7534917+02:00" testType="13cdc9d9-ddb5-4fa4-a97d-d965ccfc6d4b" outcome="Passed" testListId="8c84fa94-04c1-424b-9868-57a2d4851a1d" relativeResultsDirectory="ec8c0d60-669e-41a8-ae88-f660a202a881" />
    <UnitTestResult executionId="975366df-3741-4534-892e-0aee4399b559" testId="d5dbd3bd-9dd2-6a02-9ac2-bb126dc3e0b8" testName="Add_WithUserRestrictionEnabledAndCurrentUserHasNotUserRestriction_Throws" computerName="ICSWS068" duration="00:00:00.3239809" startTime="2016-08-04T10:14:12.7564940+02:00" endTime="2016-08-04T10:14:13.0818037+02:00" testType="13cdc9d9-ddb5-4fa4-a97d-d965ccfc6d4b" outcome="Passed" testListId="8c84fa94-04c1-424b-9868-57a2d4851a1d" relativeResultsDirectory="975366df-3741-4534-892e-0aee4399b559" />
    <UnitTestResult executionId="415b4060-f7e6-47b9-8c0c-877d2885ef09" testId="9f47cffd-5494-1013-5833-e9d8fb4b4bf2" testName="Add_DuplicateName_ThrowsUniqueValueAddConflictException" computerName="ICSWS068" duration="00:00:00.3838414" startTime="2016-08-04T10:14:13.0848057+02:00" endTime="2016-08-04T10:14:13.4702177+02:00" testType="13cdc9d9-ddb5-4fa4-a97d-d965ccfc6d4b" outcome="Passed" testListId="8c84fa94-04c1-424b-9868-57a2d4851a1d" relativeResultsDirectory="415b4060-f7e6-47b9-8c0c-877d2885ef09" />
    <UnitTestResult executionId="e24196d1-a860-4c06-9fff-d2cc33d7850f" testId="41a02ae5-ee70-7371-d46a-bc96fdd67309" testName="Update_NullName_ThrowsConditionalErrorException" computerName="ICSWS068" duration="00:00:00.3336047" startTime="2016-08-04T10:14:13.4732194+02:00" endTime="2016-08-04T10:14:13.8094858+02:00" testType="13cdc9d9-ddb5-4fa4-a97d-d965ccfc6d4b" outcome="Passed" testListId="8c84fa94-04c1-424b-9868-57a2d4851a1d" relativeResultsDirectory="e24196d1-a860-4c06-9fff-d2cc33d7850f" />
    <UnitTestResult executionId="402c61bf-e2b7-4596-b8c1-5df1c1d7cf41" testId="59109512-f366-2e33-1a88-445dc656d112" testName="Update_EmtpyName_ThrowsStringLengthErrorException" computerName="ICSWS068" duration="00:00:00.3514090" startTime="2016-08-04T10:14:13.8114869+02:00" endTime="2016-08-04T10:14:14.1646369+02:00" testType="13cdc9d9-ddb5-4fa4-a97d-d965ccfc6d4b" outcome="Passed" testListId="8c84fa94-04c1-424b-9868-57a2d4851a1d" relativeResultsDirectory="402c61bf-e2b7-4596-b8c1-5df1c1d7cf41" />
    <UnitTestResult executionId="14703b86-ed4b-4c41-aae0-60ec07ee28e4" testId="133a6aae-2661-89a0-4266-170207c1b614" testName="Update_WhitespaceOnlyName_ThrowsStringLengthErrorException" computerName="ICSWS068" duration="00:00:00.3664480" startTime="2016-08-04T10:14:14.1676542+02:00" endTime="2016-08-04T10:14:14.5359353+02:00" testType="13cdc9d9-ddb5-4fa4-a97d-d965ccfc6d4b" outcome="Passed" testListId="8c84fa94-04c1-424b-9868-57a2d4851a1d" relativeResultsDirectory="14703b86-ed4b-4c41-aae0-60ec07ee28e4" />
    <UnitTestResult executionId="3b9eacf7-8cdf-4b82-91ed-534c23435fbf" testId="3d3ad12d-e3ab-5b93-9a8d-142edae0ca10" testName="Update_TooLongName_ThrowsStringLengthErrorException" computerName="ICSWS068" duration="00:00:00.3264536" startTime="2016-08-04T10:14:14.5389555+02:00" endTime="2016-08-04T10:14:14.8672033+02:00" testType="13cdc9d9-ddb5-4fa4-a97d-d965ccfc6d4b" outcome="Passed" testListId="8c84fa94-04c1-424b-9868-57a2d4851a1d" relativeResultsDirectory="3b9eacf7-8cdf-4b82-91ed-534c23435fbf" />
    <UnitTestResult executionId="ee05453b-dc41-42a7-bcea-a891e18eb778" testId="0f69bc98-4cbf-4728-3d25-45ff3fe72a27" testName="Update_LongDescription_Succeeds" computerName="ICSWS068" duration="00:00:00.3311708" startTime="2016-08-04T10:14:14.8702047+02:00" endTime="2016-08-04T10:14:15.2022345+02:00" testType="13cdc9d9-ddb5-4fa4-a97d-d965ccfc6d4b" outcome="Passed" testListId="8c84fa94-04c1-424b-9868-57a2d4851a1d" relativeResultsDirectory="ee05453b-dc41-42a7-bcea-a891e18eb778" />
    <UnitTestResult executionId="d9edc2b2-6032-4691-8f84-52b1e5f58dee" testId="6b1f3760-5518-77f7-188e-321d83ccec1c" testName="Update_AsIEntity_Succeeds" computerName="ICSWS068" duration="00:00:00.3464590" startTime="2016-08-04T10:14:15.2052527+02:00" endTime="2016-08-04T10:14:15.5537901+02:00" testType="13cdc9d9-ddb5-4fa4-a97d-d965ccfc6d4b" outcome="Passed" testListId="8c84fa94-04c1-424b-9868-57a2d4851a1d" relativeResultsDirectory="d9edc2b2-6032-4691-8f84-52b1e5f58dee" />
    <UnitTestResult executionId="1da2c127-b8fd-4829-8a45-a7086088d157" testId="69fff350-b1b2-f9fd-2adf-8fbc2f672df0" testName="Update_DuplicateName_ThrowsUniqueValueAddConflictException" computerName="ICSWS068" duration="00:00:00.3415177" startTime="2016-08-04T10:14:15.5567918+02:00" endTime="2016-08-04T10:14:15.9000139+02:00" testType="13cdc9d9-ddb5-4fa4-a97d-d965ccfc6d4b" outcome="Passed" testListId="8c84fa94-04c1-424b-9868-57a2d4851a1d" relativeResultsDirectory="1da2c127-b8fd-4829-8a45-a7086088d157" />
    <UnitTestResult executionId="e05a4849-54fc-46c2-a9a0-23ae418d78f4" testId="be33554c-1496-10e8-a9a6-5af0556c3552" testName="Update_ComplexProperties_ArePersistedCorrectly" computerName="ICSWS068" duration="00:00:00.3335267" startTime="2016-08-04T10:14:15.9030003+02:00" endTime="2016-08-04T10:14:16.2382744+02:00" testType="13cdc9d9-ddb5-4fa4-a97d-d965ccfc6d4b" outcome="Passed" testListId="8c84fa94-04c1-424b-9868-57a2d4851a1d" relativeResultsDirectory="e05a4849-54fc-46c2-a9a0-23ae418d78f4" />
    <UnitTestResult executionId="ea51f25a-fb47-4578-bbaf-39a522e38237" testId="3a5d3939-9542-9532-88b1-96e85b090987" testName="Update_UnchangedName_Succeeds" computerName="ICSWS068" duration="00:00:00.3304174" startTime="2016-08-04T10:14:16.2402749+02:00" endTime="2016-08-04T10:14:16.5725136+02:00" testType="13cdc9d9-ddb5-4fa4-a97d-d965ccfc6d4b" outcome="Passed" testListId="8c84fa94-04c1-424b-9868-57a2d4851a1d" relativeResultsDirectory="ea51f25a-fb47-4578-bbaf-39a522e38237" />
    <UnitTestResult executionId="80e4ee67-9a4e-4503-89e6-8db795e4fa68" testId="e693058f-b0a7-6a9d-1250-7fe36498e172" testName="Update_UserWithUserRestrictionOperationAndCurrentUserHasNotUserRestriction_Throws" computerName="ICSWS068" duration="00:00:00.3862495" startTime="2016-08-04T10:14:16.5755141+02:00" endTime="2016-08-04T10:14:16.9628187+02:00" testType="13cdc9d9-ddb5-4fa4-a97d-d965ccfc6d4b" outcome="Passed" testListId="8c84fa94-04c1-424b-9868-57a2d4851a1d" relativeResultsDirectory="80e4ee67-9a4e-4503-89e6-8db795e4fa68" />
    <UnitTestResult executionId="ef0a269d-25ec-43fb-a109-7fdbbf81cc53" testId="21970f1b-2d74-834f-ebf7-c28f9f9d5414" testName="Update_SeveralUsersWithUserRestrictionOperationsLeft_CanRemoveUserRestrictionOperation" computerName="ICSWS068" duration="00:00:00.6513782" startTime="2016-08-04T10:14:16.9658380+02:00" endTime="2016-08-04T10:14:17.6182978+02:00" testType="13cdc9d9-ddb5-4fa4-a97d-d965ccfc6d4b" outcome="Passed" testListId="8c84fa94-04c1-424b-9868-57a2d4851a1d" relativeResultsDirectory="ef0a269d-25ec-43fb-a109-7fdbbf81cc53" />
    <UnitTestResult executionId="0634c7ee-594d-45a1-b777-9233610678b7" testId="791a5036-3605-1568-0cd8-48fcb6358c9b" testName="Update_OnlyUserWithUserRestrictionOperationsLeftAndAttemptToRemoveUserRestrictionOperation_Throws" computerName="ICSWS068" duration="00:00:00.3289186" startTime="2016-08-04T10:14:17.6223030+02:00" endTime="2016-08-04T10:14:17.9525751+02:00" testType="13cdc9d9-ddb5-4fa4-a97d-d965ccfc6d4b" outcome="Passed" testListId="8c84fa94-04c1-424b-9868-57a2d4851a1d" relativeResultsDirectory="0634c7ee-594d-45a1-b777-9233610678b7" />
    <UnitTestResult executionId="07b315dc-6b5c-41aa-828e-70a7902be68e" testId="41da33cb-a95e-142c-1ae6-a375421b2e40" testName="TrackedPropertyStates_UserFetchedFromRepository_AllStatesAreFalse" computerName="ICSWS068" duration="00:00:00.3714206" startTime="2016-08-04T10:14:17.9555601+02:00" endTime="2016-08-04T10:14:18.3288400+02:00" testType="13cdc9d9-ddb5-4fa4-a97d-d965ccfc6d4b" outcome="Passed" testListId="8c84fa94-04c1-424b-9868-57a2d4851a1d" relativeResultsDirectory="07b315dc-6b5c-41aa-828e-70a7902be68e" />
    <UnitTestResult executionId="ae215778-073f-42e2-9236-2b731ee1667c" testId="8ec540fa-b958-0154-bed7-9df908334370" testName="TrackedPropertyStates_UserFetchedFromRepository_ThereIsOneTrackedProperty" computerName="ICSWS068" duration="00:00:00.3238097" startTime="2016-08-04T10:14:18.3318420+02:00" endTime="2016-08-04T10:14:18.6565834+02:00" testType="13cdc9d9-ddb5-4fa4-a97d-d965ccfc6d4b" outcome="Passed" testListId="8c84fa94-04c1-424b-9868-57a2d4851a1d" relativeResultsDirectory="ae215778-073f-42e2-9236-2b731ee1667c" />
    <UnitTestResult executionId="c7d4c221-2827-4f4c-b9dd-7b516c7010fc" testId="56702786-e21d-8874-84e3-00754ba92cad" testName="TrackedPropertyStates_RestrictedOperationsIsChangedOnUser_RestrictedOperationsStateIsTrue" computerName="ICSWS068" duration="00:00:00.3236067" startTime="2016-08-04T10:14:18.6595828+02:00" endTime="2016-08-04T10:14:18.9839948+02:00" testType="13cdc9d9-ddb5-4fa4-a97d-d965ccfc6d4b" outcome="Passed" testListId="8c84fa94-04c1-424b-9868-57a2d4851a1d" relativeResultsDirectory="c7d4c221-2827-4f4c-b9dd-7b516c7010fc" />
    <UnitTestResult executionId="8b6a447d-5af8-4518-bde0-41bc41ea08d1" testId="bf0fc25a-1263-c712-a48b-323d0d2c4815" testName="TrackedPropertyStates_RestrictedOperationsIsSetWithSameValueOnUser_RestrictedOperationsStateIsFalse" computerName="ICSWS068" duration="00:00:00.3797427" startTime="2016-08-04T10:14:18.9870118+02:00" endTime="2016-08-04T10:14:19.3686874+02:00" testType="13cdc9d9-ddb5-4fa4-a97d-d965ccfc6d4b" outcome="Passed" testListId="8c84fa94-04c1-424b-9868-57a2d4851a1d" relativeResultsDirectory="8b6a447d-5af8-4518-bde0-41bc41ea08d1" />
    <UnitTestResult executionId="e5206577-5fe3-4d24-a0b2-cb7727730841" testId="238d0aeb-4d14-fe00-a392-6a277db7bd9e" testName="TrackedPropertyStates_RestrictedOperationsIsChangedOnUserThenUpdated_RestrictedOperationsStateIsFalse" computerName="ICSWS068" duration="00:00:00.3290562" startTime="2016-08-04T10:14:19.3707041+02:00" endTime="2016-08-04T10:14:19.7014750+02:00" testType="13cdc9d9-ddb5-4fa4-a97d-d965ccfc6d4b" outcome="Passed" testListId="8c84fa94-04c1-424b-9868-57a2d4851a1d" relativeResultsDirectory="e5206577-5fe3-4d24-a0b2-cb7727730841" />
    <UnitTestResult executionId="4bc10de9-a858-4dfb-ae4d-4409dd2fe93f" testId="b2201eae-5444-1029-787f-e6f2178fd049" testName="TrackedPropertyStates_RestrictedOperationsIsChangedThenSetWithSameValueOnUser_RestrictedOperationsStateIsTrue" computerName="ICSWS068" duration="00:00:00.3238434" startTime="2016-08-04T10:14:19.7044917+02:00" endTime="2016-08-04T10:14:20.0298955+02:00" testType="13cdc9d9-ddb5-4fa4-a97d-d965ccfc6d4b" outcome="Passed" testListId="8c84fa94-04c1-424b-9868-57a2d4851a1d" relativeResultsDirectory="4bc10de9-a858-4dfb-ae4d-4409dd2fe93f" />
    <UnitTestResult executionId="68b0032c-5620-47c0-81b0-107ba3426052" testId="8f361dbd-4e08-912d-3918-1bbb44acf5f5" testName="RepositoryEntityTypeId_ReturnsServer" computerName="ICSWS068" duration="00:00:00.3197669" startTime="2016-08-04T10:14:20.0328975+02:00" endTime="2016-08-04T10:14:20.3538299+02:00" testType="13cdc9d9-ddb5-4fa4-a97d-d965ccfc6d4b" outcome="Passed" testListId="8c84fa94-04c1-424b-9868-57a2d4851a1d" relativeResultsDirectory="68b0032c-5620-47c0-81b0-107ba3426052" />
    <UnitTestResult executionId="55494da2-c191-4f5a-9700-e53f605730f8" testId="cd00d2e0-3d0a-7b21-412b-59b75293405f" testName="RepositoryEntityType_ReturnsIServer" computerName="ICSWS068" duration="00:00:00.3372610" startTime="2016-08-04T10:14:20.3568161+02:00" endTime="2016-08-04T10:14:20.6951431+02:00" testType="13cdc9d9-ddb5-4fa4-a97d-d965ccfc6d4b" outcome="Passed" testListId="8c84fa94-04c1-424b-9868-57a2d4851a1d" relativeResultsDirectory="55494da2-c191-4f5a-9700-e53f605730f8" />
    <UnitTestResult executionId="808eb7d8-e11a-44c6-b551-7f1116daddf0" testId="a882b0b1-f614-3503-4e0c-250c0445546a" testName="RepositorySystemContext_MatchesActualSystemContext" computerName="ICSWS068" duration="00:00:00.3293594" startTime="2016-08-04T10:14:20.6981613+02:00" endTime="2016-08-04T10:14:21.0292328+02:00" testType="13cdc9d9-ddb5-4fa4-a97d-d965ccfc6d4b" outcome="Passed" testListId="8c84fa94-04c1-424b-9868-57a2d4851a1d" relativeResultsDirectory="808eb7d8-e11a-44c6-b551-7f1116daddf0" />
    <UnitTestResult executionId="829f86b6-2640-4b46-9e03-5a551d25a808" testId="cf71248d-9797-ce49-c3a7-600f71590648" testName="Exists_EmptyGuid_Succeeds" computerName="ICSWS068" duration="00:00:00.3284172" startTime="2016-08-04T10:14:21.0322336+02:00" endTime="2016-08-04T10:14:21.3622512+02:00" testType="13cdc9d9-ddb5-4fa4-a97d-d965ccfc6d4b" outcome="Passed" testListId="8c84fa94-04c1-424b-9868-57a2d4851a1d" relativeResultsDirectory="829f86b6-2640-4b46-9e03-5a551d25a808" />
    <UnitTestResult executionId="c756847e-2c85-4619-a7ef-2c78b30bbf19" testId="94483fa2-f72c-4f22-b18c-94ae63ee0647" testName="Exists_KnownServerKey_ReturnsTrue (Data Row 0)" computerName="ICSWS068" duration="00:00:00.3314494" startTime="2016-08-04T08:14:21.3722586+02:00" endTime="2016-08-04T08:14:21.7028694+02:00" testType="13cdc9d9-ddb5-4fa4-a97d-d965ccfc6d4b" outcome="Passed" testListId="8c84fa94-04c1-424b-9868-57a2d4851a1d" relativeResultsDirectory="c756847e-2c85-4619-a7ef-2c78b30bbf19" />
    <UnitTestResult executionId="cc310f86-c4af-41ca-85c2-7e966d8e7313" testId="ae66f07f-ba38-40f0-aaac-262b3ef4423e" testName="Exists_KnownServerKey_ReturnsTrue (Data Row 1)" computerName="ICSWS068" duration="00:00:00.3294239" startTime="2016-08-04T08:14:21.7028694+02:00" endTime="2016-08-04T08:14:22.0329591+02:00" testType="13cdc9d9-ddb5-4fa4-a97d-d965ccfc6d4b" outcome="Passed" testListId="8c84fa94-04c1-424b-9868-57a2d4851a1d" relativeResultsDirectory="cc310f86-c4af-41ca-85c2-7e966d8e7313" />
    <UnitTestResult executionId="a9ba524e-47f1-45e0-ad6c-f33cffbe4607" testId="ec1890e1-aa27-41fa-96ad-adf9a0b50be9" testName="Exists_KnownServerKey_ReturnsTrue (Data Row 2)" computerName="ICSWS068" duration="00:00:00.3709798" startTime="2016-08-04T08:14:22.0329591+02:00" endTime="2016-08-04T08:14:22.4033370+02:00" testType="13cdc9d9-ddb5-4fa4-a97d-d965ccfc6d4b" outcome="Passed" testListId="8c84fa94-04c1-424b-9868-57a2d4851a1d" relativeResultsDirectory="a9ba524e-47f1-45e0-ad6c-f33cffbe4607" />
    <UnitTestResult executionId="382ece38-69cc-47b1-b68f-65313cdc4232" testId="f141d56d-5a59-fb09-8936-c2759f9380c2" testName="Exists_NonExistingServerKey_ReturnsFalse" computerName="ICSWS068" duration="00:00:00.3356510" startTime="2016-08-04T10:14:22.4073392+02:00" endTime="2016-08-04T10:14:22.7448089+02:00" testType="13cdc9d9-ddb5-4fa4-a97d-d965ccfc6d4b" outcome="Passed" testListId="8c84fa94-04c1-424b-9868-57a2d4851a1d" relativeResultsDirectory="382ece38-69cc-47b1-b68f-65313cdc4232" />
    <UnitTestResult executionId="d6efb7cc-7b52-4d74-b061-2d87d2fcefc0" testId="1005c915-46c9-fcbe-bf34-728b5bfe872f" testName="Exists_NonExistingServerId_ReturnsFalse" computerName="ICSWS068" duration="00:00:00.3253175" startTime="2016-08-04T10:14:22.7478112+02:00" endTime="2016-08-04T10:14:23.0743250+02:00" testType="13cdc9d9-ddb5-4fa4-a97d-d965ccfc6d4b" outcome="Passed" testListId="8c84fa94-04c1-424b-9868-57a2d4851a1d" relativeResultsDirectory="d6efb7cc-7b52-4d74-b061-2d87d2fcefc0" />
    <UnitTestResult executionId="be5cf356-2440-4407-89c2-51bf82fd1f4d" testId="7b889457-df65-47f4-8174-d74de23f8ff0" testName="Exists_KnownServerId_ReturnsTrue (Data Row 0)" computerName="ICSWS068" duration="00:00:00.3221000" startTime="2016-08-04T08:14:23.0793278+02:00" endTime="2016-08-04T08:14:23.4016417+02:00" testType="13cdc9d9-ddb5-4fa4-a97d-d965ccfc6d4b" outcome="Passed" testListId="8c84fa94-04c1-424b-9868-57a2d4851a1d" relativeResultsDirectory="be5cf356-2440-4407-89c2-51bf82fd1f4d" />
    <UnitTestResult executionId="dd0436d6-04d7-41a2-a5e9-88d9e24ce1e3" testId="f083c3e4-7339-41ba-a36e-4639c0da9892" testName="Exists_KnownServerId_ReturnsTrue (Data Row 1)" computerName="ICSWS068" duration="00:00:00.3311640" startTime="2016-08-04T08:14:23.4016417+02:00" endTime="2016-08-04T08:14:23.7327410+02:00" testType="13cdc9d9-ddb5-4fa4-a97d-d965ccfc6d4b" outcome="Passed" testListId="8c84fa94-04c1-424b-9868-57a2d4851a1d" relativeResultsDirectory="dd0436d6-04d7-41a2-a5e9-88d9e24ce1e3" />
    <UnitTestResult executionId="eb71e640-b2fb-4244-986b-69006039679a" testId="37663491-c786-463f-be21-6f7f98fa6739" testName="Exists_KnownServerId_ReturnsTrue (Data Row 2)" computerName="ICSWS068" duration="00:00:00.3315326" startTime="2016-08-04T08:14:23.7327410+02:00" endTime="2016-08-04T08:14:24.0645879+02:00" testType="13cdc9d9-ddb5-4fa4-a97d-d965ccfc6d4b" outcome="Passed" testListId="8c84fa94-04c1-424b-9868-57a2d4851a1d" relativeResultsDirectory="eb71e640-b2fb-4244-986b-69006039679a" />
    <UnitTestResult executionId="f4fde5e6-f100-47f5-a1b9-4914b0691a90" testId="8d87fc05-4628-5eec-6c08-1588fad44249" testName="CreateInstance_CreatesNewServer" computerName="ICSWS068" duration="00:00:00.3214141" startTime="2016-08-04T10:14:24.0675908+02:00" endTime="2016-08-04T10:14:24.3914521+02:00" testType="13cdc9d9-ddb5-4fa4-a97d-d965ccfc6d4b" outcome="Passed" testListId="8c84fa94-04c1-424b-9868-57a2d4851a1d" relativeResultsDirectory="f4fde5e6-f100-47f5-a1b9-4914b0691a90" />
    <UnitTestResult executionId="a9ee92d2-eb53-4b3c-a78b-52d6d4e67e05" testId="1608f67a-7e63-7914-ede3-ceda29398619" testName="CreateInstance_SetsDefaultIP" computerName="ICSWS068" duration="00:00:00.3206385" startTime="2016-08-04T10:14:24.3944538+02:00" endTime="2016-08-04T10:14:24.7162272+02:00" testType="13cdc9d9-ddb5-4fa4-a97d-d965ccfc6d4b" outcome="Passed" testListId="8c84fa94-04c1-424b-9868-57a2d4851a1d" relativeResultsDirectory="a9ee92d2-eb53-4b3c-a78b-52d6d4e67e05" />
    <UnitTestResult executionId="7be4332e-aebb-4415-89d9-4346635a6d43" testId="97ec3444-10b5-42aa-b605-3de5e8d63391" testName="List_ContainsEachKnownServerOnce (Data Row 0)" computerName="ICSWS068" duration="00:00:00.3460907" startTime="2016-08-04T08:14:24.7212166+02:00" endTime="2016-08-04T08:14:25.0669022+02:00" testType="13cdc9d9-ddb5-4fa4-a97d-d965ccfc6d4b" outcome="Passed" testListId="8c84fa94-04c1-424b-9868-57a2d4851a1d" relativeResultsDirectory="7be4332e-aebb-4415-89d9-4346635a6d43" />
    <UnitTestResult executionId="4bb34001-da8b-4c23-9d0c-408112165072" testId="2de42eea-dd4f-47bf-9bfb-5cbce0699ae2" testName="List_ContainsEachKnownServerOnce (Data Row 1)" computerName="ICSWS068" duration="00:00:00.3799646" startTime="2016-08-04T08:14:25.0679031+02:00" endTime="2016-08-04T08:14:25.4471157+02:00" testType="13cdc9d9-ddb5-4fa4-a97d-d965ccfc6d4b" outcome="Passed" testListId="8c84fa94-04c1-424b-9868-57a2d4851a1d" relativeResultsDirectory="4bb34001-da8b-4c23-9d0c-408112165072" />
    <UnitTestResult executionId="c09f4f52-e7fb-4586-8b2a-357ac5a58b1c" testId="c52d206a-8ca5-47df-8073-f18bae2cdd3f" testName="List_ContainsEachKnownServerOnce (Data Row 2)" computerName="ICSWS068" duration="00:00:00.3264304" startTime="2016-08-04T08:14:25.4471157+02:00" endTime="2016-08-04T08:14:25.7735820+02:00" testType="13cdc9d9-ddb5-4fa4-a97d-d965ccfc6d4b" outcome="Passed" testListId="8c84fa94-04c1-424b-9868-57a2d4851a1d" relativeResultsDirectory="c09f4f52-e7fb-4586-8b2a-357ac5a58b1c" />
    <UnitTestResult executionId="5f2a8a3d-8842-43db-a385-b3a396eeebe8" testId="034d023c-b31b-0843-fe41-2dff55cda0e5" testName="List_ShouldSetSystemContextCorrectly" computerName="ICSWS068" duration="00:00:00.3248436" startTime="2016-08-04T10:14:25.7775693+02:00" endTime="2016-08-04T10:14:26.1037746+02:00" testType="13cdc9d9-ddb5-4fa4-a97d-d965ccfc6d4b" outcome="Passed" testListId="8c84fa94-04c1-424b-9868-57a2d4851a1d" relativeResultsDirectory="5f2a8a3d-8842-43db-a385-b3a396eeebe8" />
    <UnitTestResult executionId="c8ad4202-dca1-4d34-b63b-634bbf69e67f" testId="cb926fbc-5d52-04cf-d9ab-53fbc10fe9da" testName="GetById_NewGuid_ThrowsEntityNotFoundException" computerName="ICSWS068" duration="00:00:00.3400923" startTime="2016-08-04T10:14:26.1067933+02:00" endTime="2016-08-04T10:14:26.4482497+02:00" testType="13cdc9d9-ddb5-4fa4-a97d-d965ccfc6d4b" outcome="Passed" testListId="8c84fa94-04c1-424b-9868-57a2d4851a1d" relativeResultsDirectory="c8ad4202-dca1-4d34-b63b-634bbf69e67f" />
    <UnitTestResult executionId="58452d36-1c0e-46ed-9e72-5dc9fd9cf8bd" testId="ee97be81-60e5-4029-b108-bd1681af485f" testName="GetById_KnownServerId_ReturnsEntityWithCorrectProperties (Data Row 0)" computerName="ICSWS068" duration="00:00:00.3280738" startTime="2016-08-04T08:14:26.4532370+02:00" endTime="2016-08-04T08:14:26.7805666+02:00" testType="13cdc9d9-ddb5-4fa4-a97d-d965ccfc6d4b" outcome="Passed" testListId="8c84fa94-04c1-424b-9868-57a2d4851a1d" relativeResultsDirectory="58452d36-1c0e-46ed-9e72-5dc9fd9cf8bd" />
    <UnitTestResult executionId="e776de9e-e843-4989-9b06-da07e0f5d444" testId="82828e4b-1d7b-4896-bbd7-6cde57a25b85" testName="GetById_KnownServerId_ReturnsEntityWithCorrectProperties (Data Row 1)" computerName="ICSWS068" duration="00:00:00.3252483" startTime="2016-08-04T08:14:26.7805666+02:00" endTime="2016-08-04T08:14:27.1064209+02:00" testType="13cdc9d9-ddb5-4fa4-a97d-d965ccfc6d4b" outcome="Passed" testListId="8c84fa94-04c1-424b-9868-57a2d4851a1d" relativeResultsDirectory="e776de9e-e843-4989-9b06-da07e0f5d444" />
    <UnitTestResult executionId="059be0a7-be28-4427-9f08-0c1d72134292" testId="8aa44f2e-1676-49c7-8505-39da1b0ae9a8" testName="GetById_KnownServerId_ReturnsEntityWithCorrectProperties (Data Row 2)" computerName="ICSWS068" duration="00:00:00.3255706" startTime="2016-08-04T08:14:27.1064209+02:00" endTime="2016-08-04T08:14:27.4320855+02:00" testType="13cdc9d9-ddb5-4fa4-a97d-d965ccfc6d4b" outcome="Passed" testListId="8c84fa94-04c1-424b-9868-57a2d4851a1d" relativeResultsDirectory="059be0a7-be28-4427-9f08-0c1d72134292" />
    <UnitTestResult executionId="c24e0f14-902d-4e0e-8ee1-254431fb9119" testId="76280909-97a3-c673-15d7-f6ad43090bb5" testName="TryGetById_NewGuid_ReturnsNull" computerName="ICSWS068" duration="00:00:00.3731475" startTime="2016-08-04T10:14:27.4355874+02:00" endTime="2016-08-04T10:14:27.8100984+02:00" testType="13cdc9d9-ddb5-4fa4-a97d-d965ccfc6d4b" outcome="Passed" testListId="8c84fa94-04c1-424b-9868-57a2d4851a1d" relativeResultsDirectory="c24e0f14-902d-4e0e-8ee1-254431fb9119" />
    <UnitTestResult executionId="77cd84fd-e133-4de9-bfa8-81e9fa310afe" testId="83b2dd3b-0baa-4905-ab2f-edf60f9fb59a" testName="TryGetById_KnownServerId_ReturnsEntityWithCorrectProperties (Data Row 0)" computerName="ICSWS068" duration="00:00:00.3226695" startTime="2016-08-04T08:14:27.8151009+02:00" endTime="2016-08-04T08:14:28.1384312+02:00" testType="13cdc9d9-ddb5-4fa4-a97d-d965ccfc6d4b" outcome="Passed" testListId="8c84fa94-04c1-424b-9868-57a2d4851a1d" relativeResultsDirectory="77cd84fd-e133-4de9-bfa8-81e9fa310afe" />
    <UnitTestResult executionId="1a74b2f7-bb45-4320-88b5-f2ee12d64caf" testId="a9a1713a-3903-4a2c-b137-083071f7302c" testName="TryGetById_KnownServerId_ReturnsEntityWithCorrectProperties (Data Row 1)" computerName="ICSWS068" duration="00:00:00.3226469" startTime="2016-08-04T08:14:28.1384312+02:00" endTime="2016-08-04T08:14:28.4608451+02:00" testType="13cdc9d9-ddb5-4fa4-a97d-d965ccfc6d4b" outcome="Passed" testListId="8c84fa94-04c1-424b-9868-57a2d4851a1d" relativeResultsDirectory="1a74b2f7-bb45-4320-88b5-f2ee12d64caf" />
    <UnitTestResult executionId="a437a3c0-16b4-49d0-968c-c8883830c7cf" testId="37868ba6-23a3-4db8-9954-3f5de7ab368b" testName="TryGetById_KnownServerId_ReturnsEntityWithCorrectProperties (Data Row 2)" computerName="ICSWS068" duration="00:00:00.3176893" startTime="2016-08-04T08:14:28.4608451+02:00" endTime="2016-08-04T08:14:28.7786614+02:00" testType="13cdc9d9-ddb5-4fa4-a97d-d965ccfc6d4b" outcome="Passed" testListId="8c84fa94-04c1-424b-9868-57a2d4851a1d" relativeResultsDirectory="a437a3c0-16b4-49d0-968c-c8883830c7cf" />
    <UnitTestResult executionId="94ea77c0-c78d-40c1-ba61-45531b985528" testId="cba514fd-1418-e0b6-3780-faa3997b8432" testName="GetSubEntityByKey_EnumerateValidApplicationPoolImpl_AppPoolImplAreReturned" computerName="ICSWS068" duration="00:00:00.3764377" startTime="2016-08-04T10:14:28.7826634+02:00" endTime="2016-08-04T10:14:29.1598684+02:00" testType="13cdc9d9-ddb5-4fa4-a97d-d965ccfc6d4b" outcome="Passed" testListId="8c84fa94-04c1-424b-9868-57a2d4851a1d" relativeResultsDirectory="94ea77c0-c78d-40c1-ba61-45531b985528" />
    <UnitTestResult executionId="2dabf945-71ad-4402-a7c2-e101a64def51" testId="d4d2bcb3-ef90-8dcd-824d-e9e757c4b401" testName="GetSubEntityByKey_InvokedWithInvalidApplicationPoolImplId_EntityNotFoundExceptionIsThrown" computerName="ICSWS068" duration="00:00:00.3218933" startTime="2016-08-04T10:14:29.1628713+02:00" endTime="2016-08-04T10:14:29.4861464+02:00" testType="13cdc9d9-ddb5-4fa4-a97d-d965ccfc6d4b" outcome="Passed" testListId="8c84fa94-04c1-424b-9868-57a2d4851a1d" relativeResultsDirectory="2dabf945-71ad-4402-a7c2-e101a64def51" />
    <UnitTestResult executionId="ab8037e7-55c6-4961-afc9-f898a6e8fd6f" testId="41c01cb7-f837-dcc9-5b0f-2b7cc4fd6d9f" testName="GetSubEntityByKey_InvokedWithInvalidTypeId_ArgumentExceptionIsThrown" computerName="ICSWS068" duration="00:00:00.3193620" startTime="2016-08-04T10:14:29.4901490+02:00" endTime="2016-08-04T10:14:29.8107330+02:00" testType="13cdc9d9-ddb5-4fa4-a97d-d965ccfc6d4b" outcome="Passed" testListId="8c84fa94-04c1-424b-9868-57a2d4851a1d" relativeResultsDirectory="ab8037e7-55c6-4961-afc9-f898a6e8fd6f" />
    <UnitTestResult executionId="6aaf53e6-8bf7-49d3-9aca-5135d7a9616c" testId="6e7d75e7-565b-ab05-c5cf-712530c1d7c4" testName="GetByKey_NewGuid_ThrowsEntityNotFoundException" computerName="ICSWS068" duration="00:00:00.3527597" startTime="2016-08-04T10:14:29.8137341+02:00" endTime="2016-08-04T10:14:30.1678782+02:00" testType="13cdc9d9-ddb5-4fa4-a97d-d965ccfc6d4b" outcome="Passed" testListId="8c84fa94-04c1-424b-9868-57a2d4851a1d" relativeResultsDirectory="6aaf53e6-8bf7-49d3-9aca-5135d7a9616c" />
    <UnitTestResult executionId="8e51f06f-068a-4cf3-908b-cdb112869742" testId="8d1d2239-66fb-45f5-8662-efbef653ec1f" testName="GetByKey_KnownServerKey_ReturnsEntityWithCorrectProperties (Data Row 0)" computerName="ICSWS068" duration="00:00:00.3426711" startTime="2016-08-04T08:14:30.1728655+02:00" endTime="2016-08-04T08:14:30.5152216+02:00" testType="13cdc9d9-ddb5-4fa4-a97d-d965ccfc6d4b" outcome="Passed" testListId="8c84fa94-04c1-424b-9868-57a2d4851a1d" relativeResultsDirectory="8e51f06f-068a-4cf3-908b-cdb112869742" />
    <UnitTestResult executionId="6b9bf3fe-1665-4741-a508-87ea2df813a8" testId="4dc7619a-9321-42c1-8407-07cff1161281" testName="GetByKey_KnownServerKey_ReturnsEntityWithCorrectProperties (Data Row 1)" computerName="ICSWS068" duration="00:00:00.3302825" startTime="2016-08-04T08:14:30.5152216+02:00" endTime="2016-08-04T08:14:30.8463253+02:00" testType="13cdc9d9-ddb5-4fa4-a97d-d965ccfc6d4b" outcome="Passed" testListId="8c84fa94-04c1-424b-9868-57a2d4851a1d" relativeResultsDirectory="6b9bf3fe-1665-4741-a508-87ea2df813a8" />
    <UnitTestResult executionId="e19440d8-520c-4dac-865b-7af5859af5cb" testId="88d6c79b-f6f0-4caa-b15b-5feaf9f7653e" testName="GetByKey_KnownServerKey_ReturnsEntityWithCorrectProperties (Data Row 2)" computerName="ICSWS068" duration="00:00:00.3554333" startTime="2016-08-04T08:14:30.8463253+02:00" endTime="2016-08-04T08:14:31.2012753+02:00" testType="13cdc9d9-ddb5-4fa4-a97d-d965ccfc6d4b" outcome="Passed" testListId="8c84fa94-04c1-424b-9868-57a2d4851a1d" relativeResultsDirectory="e19440d8-520c-4dac-865b-7af5859af5cb" />
    <UnitTestResult executionId="2726ba7f-bd8a-4b8e-84bf-e0cd088cec38" testId="f1772436-8b79-e9b6-21f4-0306f6c666b4" testName="GetByKey_UnsupportedKey_ThrowsArgumentException" computerName="ICSWS068" duration="00:00:00.3271193" startTime="2016-08-04T10:14:31.2052782+02:00" endTime="2016-08-04T10:14:31.5338441+02:00" testType="13cdc9d9-ddb5-4fa4-a97d-d965ccfc6d4b" outcome="Passed" testListId="8c84fa94-04c1-424b-9868-57a2d4851a1d" relativeResultsDirectory="2726ba7f-bd8a-4b8e-84bf-e0cd088cec38" />
    <UnitTestResult executionId="2ebc8eae-bd15-45f5-ad44-76919e8727b9" testId="e1edc985-db2e-47c5-4f63-fab612c0091f" testName="GetByName_NonExistingName_ThrowsEntityNotFoundException" computerName="ICSWS068" duration="00:00:00.3670450" startTime="2016-08-04T10:14:31.5363652+02:00" endTime="2016-08-04T10:14:31.9050756+02:00" testType="13cdc9d9-ddb5-4fa4-a97d-d965ccfc6d4b" outcome="Passed" testListId="8c84fa94-04c1-424b-9868-57a2d4851a1d" relativeResultsDirectory="2ebc8eae-bd15-45f5-ad44-76919e8727b9" />
    <UnitTestResult executionId="03bc7c6e-f699-4afe-a70d-721f2ec900f5" testId="3061ba67-8800-4246-b336-dbd0ddf89a7b" testName="GetByName_KnownServerName_ReturnsEntityWithCorrectProperties (Data Row 0)" computerName="ICSWS068" duration="00:00:00.3212660" startTime="2016-08-04T08:14:31.9100937+02:00" endTime="2016-08-04T08:14:32.2306516+02:00" testType="13cdc9d9-ddb5-4fa4-a97d-d965ccfc6d4b" outcome="Passed" testListId="8c84fa94-04c1-424b-9868-57a2d4851a1d" relativeResultsDirectory="03bc7c6e-f699-4afe-a70d-721f2ec900f5" />
    <UnitTestResult executionId="d207058e-ec83-4621-abc4-582348edcddb" testId="4366533a-99d3-4c1f-b150-cd6e9bc848ab" testName="GetByName_KnownServerName_ReturnsEntityWithCorrectProperties (Data Row 1)" computerName="ICSWS068" duration="00:00:00.3299066" startTime="2016-08-04T08:14:32.2306516+02:00" endTime="2016-08-04T08:14:32.5612689+02:00" testType="13cdc9d9-ddb5-4fa4-a97d-d965ccfc6d4b" outcome="Passed" testListId="8c84fa94-04c1-424b-9868-57a2d4851a1d" relativeResultsDirectory="d207058e-ec83-4621-abc4-582348edcddb" />
    <UnitTestResult executionId="69a32653-78d9-4305-8102-7b3e5ce6c7ab" testId="62b64d50-c7a7-4c5c-ac9f-0152c7c5c9ae" testName="GetByName_KnownServerName_ReturnsEntityWithCorrectProperties (Data Row 2)" computerName="ICSWS068" duration="00:00:00.3221032" startTime="2016-08-04T08:14:32.5612689+02:00" endTime="2016-08-04T08:14:32.8831581+02:00" testType="13cdc9d9-ddb5-4fa4-a97d-d965ccfc6d4b" outcome="Passed" testListId="8c84fa94-04c1-424b-9868-57a2d4851a1d" relativeResultsDirectory="69a32653-78d9-4305-8102-7b3e5ce6c7ab" />
    <UnitTestResult executionId="c2cff6c2-6524-4131-9710-79bf8f1bdbb7" testId="f0d8bca8-cdf0-279c-279b-4548d60898ea" testName="Add_NullName_ThrowsConditionalErrorException" computerName="ICSWS068" duration="00:00:00.3304819" startTime="2016-08-04T10:14:32.8861610+02:00" endTime="2016-08-04T10:14:33.2186941+02:00" testType="13cdc9d9-ddb5-4fa4-a97d-d965ccfc6d4b" outcome="Passed" testListId="8c84fa94-04c1-424b-9868-57a2d4851a1d" relativeResultsDirectory="c2cff6c2-6524-4131-9710-79bf8f1bdbb7" />
    <UnitTestResult executionId="35bbc8ea-d49d-426c-88b5-b1d6fd49a4ed" testId="34864f5b-303b-6d6c-eaf0-a59c24425f9d" testName="Add_EmptyName_ThrowsStringLengthErrorException" computerName="ICSWS068" duration="00:00:00.3220340" startTime="2016-08-04T10:14:33.2217137+02:00" endTime="2016-08-04T10:14:33.5457310+02:00" testType="13cdc9d9-ddb5-4fa4-a97d-d965ccfc6d4b" outcome="Passed" testListId="8c84fa94-04c1-424b-9868-57a2d4851a1d" relativeResultsDirectory="35bbc8ea-d49d-426c-88b5-b1d6fd49a4ed" />
    <UnitTestResult executionId="5b3bd53f-748b-47e8-9c7b-e512a55fe58b" testId="675c0948-b4f2-a827-d3c9-87d2ccdd035b" testName="Add_WhiteSpaceOnlyName_ThrowsStringLengthErrorException" computerName="ICSWS068" duration="00:00:00.3266527" startTime="2016-08-04T10:14:33.5487330+02:00" endTime="2016-08-04T10:14:33.8782755+02:00" testType="13cdc9d9-ddb5-4fa4-a97d-d965ccfc6d4b" outcome="Passed" testListId="8c84fa94-04c1-424b-9868-57a2d4851a1d" relativeResultsDirectory="5b3bd53f-748b-47e8-9c7b-e512a55fe58b" />
    <UnitTestResult executionId="234bbe21-6d31-43c0-a529-1cf8108dac26" testId="e97350a0-a3ab-c6b6-a2ea-3fa7f3548cb0" testName="Add_TooLongName_ThrowsStringLengthErrorException" computerName="ICSWS068" duration="00:00:00.3234381" startTime="2016-08-04T10:14:33.8812787+02:00" endTime="2016-08-04T10:14:34.2055905+02:00" testType="13cdc9d9-ddb5-4fa4-a97d-d965ccfc6d4b" outcome="Passed" testListId="8c84fa94-04c1-424b-9868-57a2d4851a1d" relativeResultsDirectory="234bbe21-6d31-43c0-a529-1cf8108dac26" />
    <UnitTestResult executionId="559942c2-ad93-4dd3-8c39-f54df9e6c208" testId="61b9d8cc-d8d9-cd52-91fd-0dbcf539a06a" testName="Add_LongDescription_Succeeds" computerName="ICSWS068" duration="00:00:00.3760354" startTime="2016-08-04T10:14:34.2085925+02:00" endTime="2016-08-04T10:14:34.5857479+02:00" testType="13cdc9d9-ddb5-4fa4-a97d-d965ccfc6d4b" outcome="Passed" testListId="8c84fa94-04c1-424b-9868-57a2d4851a1d" relativeResultsDirectory="559942c2-ad93-4dd3-8c39-f54df9e6c208" />
    <UnitTestResult executionId="60958e3b-e9bf-40c3-a5c8-cc86f3e7d3af" testId="b30e3616-fa16-87c3-016e-9b3c262c6cda" testName="Add_ValidProperties_IdAndTimesAreUpdatedCorrectly" computerName="ICSWS068" duration="00:00:00.3267715" startTime="2016-08-04T10:14:34.5887359+02:00" endTime="2016-08-04T10:14:34.9169869+02:00" testType="13cdc9d9-ddb5-4fa4-a97d-d965ccfc6d4b" outcome="Passed" testListId="8c84fa94-04c1-424b-9868-57a2d4851a1d" relativeResultsDirectory="60958e3b-e9bf-40c3-a5c8-cc86f3e7d3af" />
    <UnitTestResult executionId="7f42504f-fce1-48ef-959e-0ad93bd93b8c" testId="c219e793-100b-ea94-8723-678e7a77716c" testName="Add_ComplexProperties_ArePersistedCorrectly" computerName="ICSWS068" duration="00:00:00.3487252" startTime="2016-08-04T10:14:34.9199886+02:00" endTime="2016-08-04T10:14:35.2702850+02:00" testType="13cdc9d9-ddb5-4fa4-a97d-d965ccfc6d4b" outcome="Passed" testListId="8c84fa94-04c1-424b-9868-57a2d4851a1d" relativeResultsDirectory="7f42504f-fce1-48ef-959e-0ad93bd93b8c" />
    <UnitTestResult executionId="dc988949-2114-40ba-9ff9-810f908a5993" testId="99d401fa-0f3b-4aec-3c8b-dbe7f115c063" testName="Add_DuplicateName_ThrowsUniqueValueAddConflictException" computerName="ICSWS068" duration="00:00:00.3282131" startTime="2016-08-04T10:14:35.2733060+02:00" endTime="2016-08-04T10:14:35.6025374+02:00" testType="13cdc9d9-ddb5-4fa4-a97d-d965ccfc6d4b" outcome="Passed" testListId="8c84fa94-04c1-424b-9868-57a2d4851a1d" relativeResultsDirectory="dc988949-2114-40ba-9ff9-810f908a5993" />
    <UnitTestResult executionId="ba0b3086-714c-451f-9674-963efbcb4255" testId="156f337c-2b97-01a3-a62d-a40937435e97" testName="Add_NullMachineName_ThrowsConditionalErrorException" computerName="ICSWS068" duration="00:00:00.3423922" startTime="2016-08-04T10:14:35.6055558+02:00" endTime="2016-08-04T10:14:35.9499664+02:00" testType="13cdc9d9-ddb5-4fa4-a97d-d965ccfc6d4b" outcome="Passed" testListId="8c84fa94-04c1-424b-9868-57a2d4851a1d" relativeResultsDirectory="ba0b3086-714c-451f-9674-963efbcb4255" />
    <UnitTestResult executionId="0a803b52-1696-4894-8470-8311484c4ac6" testId="81d66c51-ab1a-3b4b-7916-8fe74d9605b0" testName="Add_EmptyMachineName_ThrowsStringLengthErrorException" computerName="ICSWS068" duration="00:00:00.3227897" startTime="2016-08-04T10:14:35.9529555+02:00" endTime="2016-08-04T10:14:36.2770385+02:00" testType="13cdc9d9-ddb5-4fa4-a97d-d965ccfc6d4b" outcome="Passed" testListId="8c84fa94-04c1-424b-9868-57a2d4851a1d" relativeResultsDirectory="0a803b52-1696-4894-8470-8311484c4ac6" />
    <UnitTestResult executionId="3647b42c-505d-4b09-8f96-af5f6a81ebf6" testId="2801c0cb-c707-14d8-5cae-8d70a2104aa0" testName="Add_WhitespaceOnlyMachineName_ThrowsStringLengthErrorException" computerName="ICSWS068" duration="00:00:00.3221153" startTime="2016-08-04T10:14:36.2810235+02:00" endTime="2016-08-04T10:14:36.6053192+02:00" testType="13cdc9d9-ddb5-4fa4-a97d-d965ccfc6d4b" outcome="Passed" testListId="8c84fa94-04c1-424b-9868-57a2d4851a1d" relativeResultsDirectory="3647b42c-505d-4b09-8f96-af5f6a81ebf6" />
    <UnitTestResult executionId="d66426ea-d40d-4d3a-9448-16524829701c" testId="bc70d10e-16a1-8317-e29a-d63fec3a2457" testName="Add_TooLongMachineName_ThrowsStringLengthErrorException" computerName="ICSWS068" duration="00:00:00.3196432" startTime="2016-08-04T10:14:36.6083047+02:00" endTime="2016-08-04T10:14:36.9295491+02:00" testType="13cdc9d9-ddb5-4fa4-a97d-d965ccfc6d4b" outcome="Passed" testListId="8c84fa94-04c1-424b-9868-57a2d4851a1d" relativeResultsDirectory="d66426ea-d40d-4d3a-9448-16524829701c" />
    <UnitTestResult executionId="087988fa-022f-44da-acdf-d75697295216" testId="2c723a85-c87a-9b10-5904-b8e76505e89f" testName="Add_RelativeComponentPath_ThrowsFormatException" computerName="ICSWS068" duration="00:00:00.4005486" startTime="2016-08-04T10:14:36.9325523+02:00" endTime="2016-08-04T10:14:37.3340745+02:00" testType="13cdc9d9-ddb5-4fa4-a97d-d965ccfc6d4b" outcome="Passed" testListId="8c84fa94-04c1-424b-9868-57a2d4851a1d" relativeResultsDirectory="087988fa-022f-44da-acdf-d75697295216" />
    <UnitTestResult executionId="35232794-34f1-4080-a4cf-508c4ce5f812" testId="3e8fbf27-6796-b5ac-9bcc-2ed097ed4515" testName="Add_AbsoluteComponentPath_Succeeds" computerName="ICSWS068" duration="00:00:00.3240841" startTime="2016-08-04T10:14:37.3370750+02:00" endTime="2016-08-04T10:14:37.6628768+02:00" testType="13cdc9d9-ddb5-4fa4-a97d-d965ccfc6d4b" outcome="Passed" testListId="8c84fa94-04c1-424b-9868-57a2d4851a1d" relativeResultsDirectory="35232794-34f1-4080-a4cf-508c4ce5f812" />
    <UnitTestResult executionId="617a28a7-3cf1-42a9-a87b-e75ee0a0c1b7" testId="5fd18070-726f-428d-dcf7-d70ea24b9a1f" testName="Add_UNCComponentPath_Succeeds" computerName="ICSWS068" duration="00:00:00.3274846" startTime="2016-08-04T10:14:37.6658777+02:00" endTime="2016-08-04T10:14:37.9941287+02:00" testType="13cdc9d9-ddb5-4fa4-a97d-d965ccfc6d4b" outcome="Passed" testListId="8c84fa94-04c1-424b-9868-57a2d4851a1d" relativeResultsDirectory="617a28a7-3cf1-42a9-a87b-e75ee0a0c1b7" />
    <UnitTestResult executionId="6a7bd5b4-f778-4d39-ab0c-d0e16af5668b" testId="f49ad609-3374-fd89-70ff-0b82ca435017" testName="Add_EmptyComponentPath_Succeeds" computerName="ICSWS068" duration="00:00:00.3283744" startTime="2016-08-04T10:14:37.9971310+02:00" endTime="2016-08-04T10:14:38.3273793+02:00" testType="13cdc9d9-ddb5-4fa4-a97d-d965ccfc6d4b" outcome="Passed" testListId="8c84fa94-04c1-424b-9868-57a2d4851a1d" relativeResultsDirectory="6a7bd5b4-f778-4d39-ab0c-d0e16af5668b" />
    <UnitTestResult executionId="c5daf3a8-1031-4402-aa75-78d9cd0ebb71" testId="184cad12-2dfc-f879-e4ba-28b0d07f9046" testName="Add_NullIpAddress_ThrowsConditionalErrorException" computerName="ICSWS068" duration="00:00:00.3324180" startTime="2016-08-04T10:14:38.3303799+02:00" endTime="2016-08-04T10:14:38.6637833+02:00" testType="13cdc9d9-ddb5-4fa4-a97d-d965ccfc6d4b" outcome="Passed" testListId="8c84fa94-04c1-424b-9868-57a2d4851a1d" relativeResultsDirectory="c5daf3a8-1031-4402-aa75-78d9cd0ebb71" />
    <UnitTestResult executionId="ea2ca522-4959-41d6-8fdb-4aa36b5a828d" testId="8d28573a-8d7f-d76d-bfa2-0c07b6c2693a" testName="Add_InvalidIpAddress_ThrowsConditionalErrorException" computerName="ICSWS068" duration="00:00:00.3241378" startTime="2016-08-04T10:14:38.6667850+02:00" endTime="2016-08-04T10:14:38.9923973+02:00" testType="13cdc9d9-ddb5-4fa4-a97d-d965ccfc6d4b" outcome="Passed" testListId="8c84fa94-04c1-424b-9868-57a2d4851a1d" relativeResultsDirectory="ea2ca522-4959-41d6-8fdb-4aa36b5a828d" />
    <UnitTestResult executionId="4d4a57c6-ab09-4653-a3e7-081d239dcc1e" testId="c68aa1fb-cfbe-92b4-9305-65a0b25220d1" testName="Add_NegativeEventListenerPriority_ThrowsConditionalErrorException" computerName="ICSWS068" duration="00:00:00.3197939" startTime="2016-08-04T10:14:38.9954002+02:00" endTime="2016-08-04T10:14:39.3158795+02:00" testType="13cdc9d9-ddb5-4fa4-a97d-d965ccfc6d4b" outcome="Passed" testListId="8c84fa94-04c1-424b-9868-57a2d4851a1d" relativeResultsDirectory="4d4a57c6-ab09-4653-a3e7-081d239dcc1e" />
    <UnitTestResult executionId="0e9c63be-576f-40d5-8618-f3b239c05f68" testId="6e0e21fb-78ab-7943-7a82-2eb40dfd9830" testName="Add_NegativeEventGeneratorPriority_ThrowsConditionalErrorException" computerName="ICSWS068" duration="00:00:00.3279447" startTime="2016-08-04T10:14:39.3188815+02:00" endTime="2016-08-04T10:14:39.6482829+02:00" testType="13cdc9d9-ddb5-4fa4-a97d-d965ccfc6d4b" outcome="Passed" testListId="8c84fa94-04c1-424b-9868-57a2d4851a1d" relativeResultsDirectory="0e9c63be-576f-40d5-8618-f3b239c05f68" />
    <UnitTestResult executionId="ddcc625b-9e2e-4ad0-8f71-b946667d9d98" testId="90548cf1-a27b-8db5-41f6-af6ca47117a3" testName="Add_NegativeEventProcessorPriority_ThrowsConditionalErrorException" computerName="ICSWS068" duration="00:00:00.3744607" startTime="2016-08-04T10:14:39.6512697+02:00" endTime="2016-08-04T10:14:40.0270997+02:00" testType="13cdc9d9-ddb5-4fa4-a97d-d965ccfc6d4b" outcome="Passed" testListId="8c84fa94-04c1-424b-9868-57a2d4851a1d" relativeResultsDirectory="ddcc625b-9e2e-4ad0-8f71-b946667d9d98" />
    <UnitTestResult executionId="b006dbaf-866a-4d64-8458-ef1506128c01" testId="943afe91-9052-e806-3fbd-2ebe3f8abafa" testName="Add_NegativeJobManagerPriority_ThrowsConditionalErrorException" computerName="ICSWS068" duration="00:00:00.3195564" startTime="2016-08-04T10:14:40.0291005+02:00" endTime="2016-08-04T10:14:40.3509373+02:00" testType="13cdc9d9-ddb5-4fa4-a97d-d965ccfc6d4b" outcome="Passed" testListId="8c84fa94-04c1-424b-9868-57a2d4851a1d" relativeResultsDirectory="b006dbaf-866a-4d64-8458-ef1506128c01" />
    <UnitTestResult executionId="337ecbd8-ad65-4d48-ab4e-6b7c63fd8a43" testId="d81ee7e7-f7eb-1c1c-b56d-a5ca4ebbd873" testName="Add_DuplicateMachineIdAndEnabledTrue_ThrowsConditionalErrorException" computerName="ICSWS068" duration="00:00:00.3222035" startTime="2016-08-04T10:14:40.3534387+02:00" endTime="2016-08-04T10:14:40.6766235+02:00" testType="13cdc9d9-ddb5-4fa4-a97d-d965ccfc6d4b" outcome="Passed" testListId="8c84fa94-04c1-424b-9868-57a2d4851a1d" relativeResultsDirectory="337ecbd8-ad65-4d48-ab4e-6b7c63fd8a43" />
    <UnitTestResult executionId="5087aa92-151e-44cf-9778-00d8e709f7cf" testId="4b99dd7c-99fc-4165-81b6-a88102655669" testName="Delete_ExistingServer_SuccessfullyDeletesServer (Data Row 0)" computerName="ICSWS068" duration="00:00:00.3399190" startTime="2016-08-04T08:14:40.6816428+02:00" endTime="2016-08-04T08:14:41.0216660+02:00" testType="13cdc9d9-ddb5-4fa4-a97d-d965ccfc6d4b" outcome="Passed" testListId="8c84fa94-04c1-424b-9868-57a2d4851a1d" relativeResultsDirectory="5087aa92-151e-44cf-9778-00d8e709f7cf" />
    <UnitTestResult executionId="ec1c23a3-55eb-4726-aa65-ffe8dbe7b47c" testId="acb55342-efaf-43d5-ab02-10ce852a814f" testName="Delete_ExistingServer_SuccessfullyDeletesServer (Data Row 1)" computerName="ICSWS068" duration="00:00:00.3632879" startTime="2016-08-04T08:14:41.0216660+02:00" endTime="2016-08-04T08:14:41.3848687+02:00" testType="13cdc9d9-ddb5-4fa4-a97d-d965ccfc6d4b" outcome="Passed" testListId="8c84fa94-04c1-424b-9868-57a2d4851a1d" relativeResultsDirectory="ec1c23a3-55eb-4726-aa65-ffe8dbe7b47c" />
    <UnitTestResult executionId="b0dc4d93-f1bf-4db4-964a-b050c4c66525" testId="4fe95a23-a621-4029-9b22-4cdab0d0d58d" testName="Delete_ExistingServer_SuccessfullyDeletesServer (Data Row 2)" computerName="ICSWS068" duration="00:00:00.3303371" startTime="2016-08-04T08:14:41.3848687+02:00" endTime="2016-08-04T08:14:41.7153932+02:00" testType="13cdc9d9-ddb5-4fa4-a97d-d965ccfc6d4b" outcome="Passed" testListId="8c84fa94-04c1-424b-9868-57a2d4851a1d" relativeResultsDirectory="b0dc4d93-f1bf-4db4-964a-b050c4c66525" />
    <UnitTestResult executionId="785b2e45-8cc3-4739-97b6-db60f84f951d" testId="0ea3af9a-827f-312d-73e1-39c09c533c6d" testName="Update_NullName_ThrowsConditionalErrorException" computerName="ICSWS068" duration="00:00:00.3312517" startTime="2016-08-04T10:14:41.7183952+02:00" endTime="2016-08-04T10:14:42.0516617+02:00" testType="13cdc9d9-ddb5-4fa4-a97d-d965ccfc6d4b" outcome="Passed" testListId="8c84fa94-04c1-424b-9868-57a2d4851a1d" relativeResultsDirectory="785b2e45-8cc3-4739-97b6-db60f84f951d" />
    <UnitTestResult executionId="6ec705cb-7315-4606-a180-f774cc43706c" testId="9ece289a-c0dc-4fcd-890b-aac35268294c" testName="Update_EmtpyName_ThrowsStringLengthErrorException" computerName="ICSWS068" duration="00:00:00.3264559" startTime="2016-08-04T10:14:42.0551696+02:00" endTime="2016-08-04T10:14:42.3834552+02:00" testType="13cdc9d9-ddb5-4fa4-a97d-d965ccfc6d4b" outcome="Passed" testListId="8c84fa94-04c1-424b-9868-57a2d4851a1d" relativeResultsDirectory="6ec705cb-7315-4606-a180-f774cc43706c" />
    <UnitTestResult executionId="8f02cd46-86c0-49a2-96c6-010a2df57821" testId="80494c45-acb3-706e-ff5e-d61198697bea" testName="Update_WhitespaceOnlyName_ThrowsStringLengthErrorException" computerName="ICSWS068" duration="00:00:00.3344953" startTime="2016-08-04T10:14:42.3854563+02:00" endTime="2016-08-04T10:14:42.7217099+02:00" testType="13cdc9d9-ddb5-4fa4-a97d-d965ccfc6d4b" outcome="Passed" testListId="8c84fa94-04c1-424b-9868-57a2d4851a1d" relativeResultsDirectory="8f02cd46-86c0-49a2-96c6-010a2df57821" />
    <UnitTestResult executionId="272fc3d3-b8e1-4725-834b-0fda7bbcfab6" testId="409e3400-54c0-d5d1-9f85-284945637b15" testName="Update_TooLongName_ThrowsStringLengthErrorException" computerName="ICSWS068" duration="00:00:00.3624580" startTime="2016-08-04T10:14:42.7247113+02:00" endTime="2016-08-04T10:14:43.0889907+02:00" testType="13cdc9d9-ddb5-4fa4-a97d-d965ccfc6d4b" outcome="Passed" testListId="8c84fa94-04c1-424b-9868-57a2d4851a1d" relativeResultsDirectory="272fc3d3-b8e1-4725-834b-0fda7bbcfab6" />
    <UnitTestResult executionId="e8194b41-a168-4126-8647-037869421f6c" testId="2ea8aad5-d67c-b28f-f933-01b3ebc561af" testName="Update_LongDescription_Succeeds" computerName="ICSWS068" duration="00:00:00.3309068" startTime="2016-08-04T10:14:43.0919930+02:00" endTime="2016-08-04T10:14:43.4240005+02:00" testType="13cdc9d9-ddb5-4fa4-a97d-d965ccfc6d4b" outcome="Passed" testListId="8c84fa94-04c1-424b-9868-57a2d4851a1d" relativeResultsDirectory="e8194b41-a168-4126-8647-037869421f6c" />
    <UnitTestResult executionId="f6f17a62-019e-4286-950b-b8f18f69a2cb" testId="9b418e43-6bca-9562-6f6a-5955dc946d18" testName="Update_DuplicateName_ThrowsUniqueValueAddConflictException" computerName="ICSWS068" duration="00:00:00.3423022" startTime="2016-08-04T10:14:43.4280022+02:00" endTime="2016-08-04T10:14:43.7719069+02:00" testType="13cdc9d9-ddb5-4fa4-a97d-d965ccfc6d4b" outcome="Passed" testListId="8c84fa94-04c1-424b-9868-57a2d4851a1d" relativeResultsDirectory="f6f17a62-019e-4286-950b-b8f18f69a2cb" />
    <UnitTestResult executionId="2cd9682a-c9c8-4f84-a959-6b4615d1f773" testId="4d4782a3-44a2-9494-eafe-daa767494a1b" testName="Update_NullMachineId_ThrowsConditionalErrorException" computerName="ICSWS068" duration="00:00:00.3570881" startTime="2016-08-04T10:14:43.7749092+02:00" endTime="2016-08-04T10:14:44.1331768+02:00" testType="13cdc9d9-ddb5-4fa4-a97d-d965ccfc6d4b" outcome="Passed" testListId="8c84fa94-04c1-424b-9868-57a2d4851a1d" relativeResultsDirectory="2cd9682a-c9c8-4f84-a959-6b4615d1f773" />
    <UnitTestResult executionId="c5b969b3-0f1a-4fda-91d9-097a00865c3a" testId="a6c183bb-d52a-b804-f686-e17d30320a0c" testName="Update_EmptyMachineId_ThrowsStringLengthErrorException" computerName="ICSWS068" duration="00:00:00.3225296" startTime="2016-08-04T10:14:44.1361788+02:00" endTime="2016-08-04T10:14:44.4603671+02:00" testType="13cdc9d9-ddb5-4fa4-a97d-d965ccfc6d4b" outcome="Passed" testListId="8c84fa94-04c1-424b-9868-57a2d4851a1d" relativeResultsDirectory="c5b969b3-0f1a-4fda-91d9-097a00865c3a" />
    <UnitTestResult executionId="e4a9ec20-e3de-4e6e-a060-1f12c0391da2" testId="d87b727a-598a-63bc-d0e2-85f8825b8a00" testName="Update_WhitespaceOnlyMachineId_ThrowsStringLengthErrorException" computerName="ICSWS068" duration="00:00:00.3263357" startTime="2016-08-04T10:14:44.4629107+02:00" endTime="2016-08-04T10:14:44.7908515+02:00" testType="13cdc9d9-ddb5-4fa4-a97d-d965ccfc6d4b" outcome="Passed" testListId="8c84fa94-04c1-424b-9868-57a2d4851a1d" relativeResultsDirectory="e4a9ec20-e3de-4e6e-a060-1f12c0391da2" />
    <UnitTestResult executionId="b9fc4388-cea6-449f-88e9-079ab299a11a" testId="fae4bc3f-feeb-80dc-84f6-10c88658a71b" testName="Update_TooLongMachineId_ThrowsStringLengthErrorException" computerName="ICSWS068" duration="00:00:00.3260551" startTime="2016-08-04T10:14:44.7928699+02:00" endTime="2016-08-04T10:14:45.1210761+02:00" testType="13cdc9d9-ddb5-4fa4-a97d-d965ccfc6d4b" outcome="Passed" testListId="8c84fa94-04c1-424b-9868-57a2d4851a1d" relativeResultsDirectory="b9fc4388-cea6-449f-88e9-079ab299a11a" />
    <UnitTestResult executionId="fb6b260f-41ad-42e9-9d70-952deacc5a09" testId="41036884-e112-5dec-06b3-990667a2ca17" testName="Update_NullIpAddress_ThrowsConditionalErrorException" computerName="ICSWS068" duration="00:00:00.3362475" startTime="2016-08-04T10:14:45.1240775+02:00" endTime="2016-08-04T10:14:45.4618984+02:00" testType="13cdc9d9-ddb5-4fa4-a97d-d965ccfc6d4b" outcome="Passed" testListId="8c84fa94-04c1-424b-9868-57a2d4851a1d" relativeResultsDirectory="fb6b260f-41ad-42e9-9d70-952deacc5a09" />
    <UnitTestResult executionId="f5f41391-ecd5-4b17-84db-7ca9e5404f28" testId="e1ca09ef-1548-9e13-4d2c-f1ed8eb38e72" testName="Update_InvalidIpAddress_ThrowsFormatException" computerName="ICSWS068" duration="00:00:00.3481704" startTime="2016-08-04T10:14:45.4639248+02:00" endTime="2016-08-04T10:14:45.8142801+02:00" testType="13cdc9d9-ddb5-4fa4-a97d-d965ccfc6d4b" outcome="Passed" testListId="8c84fa94-04c1-424b-9868-57a2d4851a1d" relativeResultsDirectory="f5f41391-ecd5-4b17-84db-7ca9e5404f28" />
    <UnitTestResult executionId="6ebba864-b689-42c8-bacb-c212c1ca6c63" testId="e377c667-c4e1-60f4-6e36-44d34133461e" testName="Update_InvalidEventListenerPriority_ThrowsValueOutOfRangeErrorException" computerName="ICSWS068" duration="00:00:00.3296811" startTime="2016-08-04T10:14:45.8172830+02:00" endTime="2016-08-04T10:14:46.1486715+02:00" testType="13cdc9d9-ddb5-4fa4-a97d-d965ccfc6d4b" outcome="Passed" testListId="8c84fa94-04c1-424b-9868-57a2d4851a1d" relativeResultsDirectory="6ebba864-b689-42c8-bacb-c212c1ca6c63" />
    <UnitTestResult executionId="ef291ad7-d685-48f9-a548-1544f25c5239" testId="4c30032d-51df-69d4-26eb-10f741d1986b" testName="Update_InvalidEventGeneratorPriority_ThrowsValueOutOfRangeErrorException" computerName="ICSWS068" duration="00:00:00.3288606" startTime="2016-08-04T10:14:46.1516571+02:00" endTime="2016-08-04T10:14:46.4814573+02:00" testType="13cdc9d9-ddb5-4fa4-a97d-d965ccfc6d4b" outcome="Passed" testListId="8c84fa94-04c1-424b-9868-57a2d4851a1d" relativeResultsDirectory="ef291ad7-d685-48f9-a548-1544f25c5239" />
    <UnitTestResult executionId="9befd368-bda2-4a79-b392-50e56029e879" testId="b23abe4a-2108-b714-80e3-12c5c9d24469" testName="Update_InvalidEventProcessorPriority_ThrowsValueOutOfRangeErrorException" computerName="ICSWS068" duration="00:00:00.3520888" startTime="2016-08-04T10:14:46.4844828+02:00" endTime="2016-08-04T10:14:46.8377363+02:00" testType="13cdc9d9-ddb5-4fa4-a97d-d965ccfc6d4b" outcome="Passed" testListId="8c84fa94-04c1-424b-9868-57a2d4851a1d" relativeResultsDirectory="9befd368-bda2-4a79-b392-50e56029e879" />
    <UnitTestResult executionId="f8aff347-55d3-42a1-a216-1b9f8aa9009a" testId="ec6d5db0-3829-08ca-162a-32d5846bcc18" testName="Update_InvalidJobManagerPriority_ThrowsValueOutOfRangeErrorException" computerName="ICSWS068" duration="00:00:00.3370202" startTime="2016-08-04T10:14:46.8407553+02:00" endTime="2016-08-04T10:14:47.1791399+02:00" testType="13cdc9d9-ddb5-4fa4-a97d-d965ccfc6d4b" outcome="Passed" testListId="8c84fa94-04c1-424b-9868-57a2d4851a1d" relativeResultsDirectory="f8aff347-55d3-42a1-a216-1b9f8aa9009a" />
    <UnitTestResult executionId="7859fbb5-dda9-49b8-bfea-064e1a1b0454" testId="0af610c1-25e8-4d45-b698-e9ee1cede74a" testName="Update_ComplexProperties_ArePersistedCorrectly" computerName="ICSWS068" duration="00:00:00.3378284" startTime="2016-08-04T10:14:47.1821574+02:00" endTime="2016-08-04T10:14:47.5210100+02:00" testType="13cdc9d9-ddb5-4fa4-a97d-d965ccfc6d4b" outcome="Passed" testListId="8c84fa94-04c1-424b-9868-57a2d4851a1d" relativeResultsDirectory="7859fbb5-dda9-49b8-bfea-064e1a1b0454" />
    <UnitTestResult executionId="5bab1f4c-619c-4c98-b520-7a94f41d4666" testId="ba4db4aa-669d-f2eb-118a-1f101f683f8b" testName="RepositoryEntityTypeId_ReturnsPartnerAttributeType" computerName="ICSWS068" duration="00:00:00.3231648" startTime="2016-08-04T10:14:47.5240273+02:00" endTime="2016-08-04T10:14:47.8488379+02:00" testType="13cdc9d9-ddb5-4fa4-a97d-d965ccfc6d4b" outcome="Passed" testListId="8c84fa94-04c1-424b-9868-57a2d4851a1d" relativeResultsDirectory="5bab1f4c-619c-4c98-b520-7a94f41d4666" />
    <UnitTestResult executionId="61b72c80-581c-4f74-bbf5-f08f7a23a759" testId="eb58642c-4da6-8761-6ce9-1ff81ee2e819" testName="RepositoryEntityType_ReturnsIPartnerAttributeType" computerName="ICSWS068" duration="00:00:00.3675292" startTime="2016-08-04T10:14:47.8513431+02:00" endTime="2016-08-04T10:14:48.2206577+02:00" testType="13cdc9d9-ddb5-4fa4-a97d-d965ccfc6d4b" outcome="Passed" testListId="8c84fa94-04c1-424b-9868-57a2d4851a1d" relativeResultsDirectory="61b72c80-581c-4f74-bbf5-f08f7a23a759" />
    <UnitTestResult executionId="07c07f54-2ec0-4d95-b66e-d38f59484398" testId="e8b04ae2-e9d3-841a-97cc-cae50043ad53" testName="RepositorySystemContext_MatchesActualSystemContext" computerName="ICSWS068" duration="00:00:00.3575177" startTime="2016-08-04T10:14:48.2236585+02:00" endTime="2016-08-04T10:14:48.5828462+02:00" testType="13cdc9d9-ddb5-4fa4-a97d-d965ccfc6d4b" outcome="Passed" testListId="8c84fa94-04c1-424b-9868-57a2d4851a1d" relativeResultsDirectory="07c07f54-2ec0-4d95-b66e-d38f59484398" />
    <UnitTestResult executionId="8b5e7123-25e5-4f3e-848e-973e7e2db533" testId="7e6dcb78-4728-bf71-7ea7-3a480a71ce2f" testName="Exists_NodeTypeKey_ThrowsArgumentException" computerName="ICSWS068" duration="00:00:00.3509125" startTime="2016-08-04T10:14:48.5848629+02:00" endTime="2016-08-04T10:14:48.9376270+02:00" testType="13cdc9d9-ddb5-4fa4-a97d-d965ccfc6d4b" outcome="Passed" testListId="8c84fa94-04c1-424b-9868-57a2d4851a1d" relativeResultsDirectory="8b5e7123-25e5-4f3e-848e-973e7e2db533" />
    <UnitTestResult executionId="b2cecfe0-522a-40f7-9ffd-938c7b2e4475" testId="0742ad3b-5a60-47fc-9b2a-129df9d318f8" testName="Exists_KnownPartnerAttributeTypeKey_ReturnsTrue (Data Row 0)" computerName="ICSWS068" duration="00:00:00.3275005" startTime="2016-08-04T08:14:48.9476172+02:00" endTime="2016-08-04T08:14:49.2755239+02:00" testType="13cdc9d9-ddb5-4fa4-a97d-d965ccfc6d4b" outcome="Passed" testListId="8c84fa94-04c1-424b-9868-57a2d4851a1d" relativeResultsDirectory="b2cecfe0-522a-40f7-9ffd-938c7b2e4475" />
    <UnitTestResult executionId="d3da85a8-91c8-489e-a1bd-d34d2d30c208" testId="907caf3a-5ba5-461b-ad5e-76c08d1942d9" testName="Exists_KnownPartnerAttributeTypeKey_ReturnsTrue (Data Row 1)" computerName="ICSWS068" duration="00:00:00.3424400" startTime="2016-08-04T08:14:49.2755239+02:00" endTime="2016-08-04T08:14:49.6178266+02:00" testType="13cdc9d9-ddb5-4fa4-a97d-d965ccfc6d4b" outcome="Passed" testListId="8c84fa94-04c1-424b-9868-57a2d4851a1d" relativeResultsDirectory="d3da85a8-91c8-489e-a1bd-d34d2d30c208" />
    <UnitTestResult executionId="ce94829b-0ec4-4a1c-81b2-fa94c22751e2" testId="920bcaf0-3ccf-40a5-b65e-18ddbeaaa687" testName="Exists_KnownPartnerAttributeTypeKey_ReturnsTrue (Data Row 2)" computerName="ICSWS068" duration="00:00:00.3236402" startTime="2016-08-04T08:14:49.6178266+02:00" endTime="2016-08-04T08:14:49.9411284+02:00" testType="13cdc9d9-ddb5-4fa4-a97d-d965ccfc6d4b" outcome="Passed" testListId="8c84fa94-04c1-424b-9868-57a2d4851a1d" relativeResultsDirectory="ce94829b-0ec4-4a1c-81b2-fa94c22751e2" />
    <UnitTestResult executionId="df7ce98f-30a1-4ddc-952a-afc124dfe21e" testId="251f670d-56b3-4889-8a77-9cb60281dc92" testName="Exists_KnownPartnerAttributeTypeKey_ReturnsTrue (Data Row 3)" computerName="ICSWS068" duration="00:00:00.3214470" startTime="2016-08-04T08:14:49.9411284+02:00" endTime="2016-08-04T08:14:50.2633892+02:00" testType="13cdc9d9-ddb5-4fa4-a97d-d965ccfc6d4b" outcome="Passed" testListId="8c84fa94-04c1-424b-9868-57a2d4851a1d" relativeResultsDirectory="df7ce98f-30a1-4ddc-952a-afc124dfe21e" />
    <UnitTestResult executionId="5fbbd2b2-7df7-4792-b100-43ae51097a0e" testId="d85f241e-92db-4940-8ac5-7d91498c6c97" testName="Exists_KnownPartnerAttributeTypeKey_ReturnsTrue (Data Row 4)" computerName="ICSWS068" duration="00:00:00.3222983" startTime="2016-08-04T08:14:50.2633892+02:00" endTime="2016-08-04T08:14:50.5854221+02:00" testType="13cdc9d9-ddb5-4fa4-a97d-d965ccfc6d4b" outcome="Passed" testListId="8c84fa94-04c1-424b-9868-57a2d4851a1d" relativeResultsDirectory="5fbbd2b2-7df7-4792-b100-43ae51097a0e" />
    <UnitTestResult executionId="c0a8b4fc-e3f1-4fa5-8659-a67dfebc3026" testId="fc8673f5-d4fd-1acb-3fff-7a74d3aebe7a" testName="Exists_NonExistingPartnerAttributeTypeKey_ReturnsFalse" computerName="ICSWS068" duration="00:00:00.3258073" startTime="2016-08-04T10:14:50.5894256+02:00" endTime="2016-08-04T10:14:50.9167866+02:00" testType="13cdc9d9-ddb5-4fa4-a97d-d965ccfc6d4b" outcome="Passed" testListId="8c84fa94-04c1-424b-9868-57a2d4851a1d" relativeResultsDirectory="c0a8b4fc-e3f1-4fa5-8659-a67dfebc3026" />
    <UnitTestResult executionId="49717869-8e7f-4957-a7a3-ad87303062bb" testId="36a697a8-498f-69bd-dcdb-6bf71f6a0780" testName="CreateInstance_CreatesNewPartnerAttributeType" computerName="ICSWS068" duration="00:00:00.3227469" startTime="2016-08-04T10:14:50.9197889+02:00" endTime="2016-08-04T10:14:51.2434268+02:00" testType="13cdc9d9-ddb5-4fa4-a97d-d965ccfc6d4b" outcome="Passed" testListId="8c84fa94-04c1-424b-9868-57a2d4851a1d" relativeResultsDirectory="49717869-8e7f-4957-a7a3-ad87303062bb" />
    <UnitTestResult executionId="c9619497-96af-4227-909a-ecb615e76b82" testId="e4d05191-4d22-44d8-9b62-56b81640e6b7" testName="List_ContainsEachKnownPartnerAttributeTypeOnce (Data Row 0)" computerName="ICSWS068" duration="00:00:00.3331827" startTime="2016-08-04T08:14:51.2484153+02:00" endTime="2016-08-04T08:14:51.5813026+02:00" testType="13cdc9d9-ddb5-4fa4-a97d-d965ccfc6d4b" outcome="Passed" testListId="8c84fa94-04c1-424b-9868-57a2d4851a1d" relativeResultsDirectory="c9619497-96af-4227-909a-ecb615e76b82" />
    <UnitTestResult executionId="091401b1-ee54-4bd2-a3b0-628e9811709e" testId="5a110702-899b-4352-a7c7-f01fdea96b7e" testName="List_ContainsEachKnownPartnerAttributeTypeOnce (Data Row 1)" computerName="ICSWS068" duration="00:00:00.3243645" startTime="2016-08-04T08:14:51.5813026+02:00" endTime="2016-08-04T08:14:51.9063011+02:00" testType="13cdc9d9-ddb5-4fa4-a97d-d965ccfc6d4b" outcome="Passed" testListId="8c84fa94-04c1-424b-9868-57a2d4851a1d" relativeResultsDirectory="091401b1-ee54-4bd2-a3b0-628e9811709e" />
    <UnitTestResult executionId="ead43c87-b290-4718-8448-656aecc4e3f9" testId="0e04b907-67bf-40e8-9f45-1a30d02a5d52" testName="List_ContainsEachKnownPartnerAttributeTypeOnce (Data Row 2)" computerName="ICSWS068" duration="00:00:00.3464012" startTime="2016-08-04T08:14:51.9063011+02:00" endTime="2016-08-04T08:14:52.2520513+02:00" testType="13cdc9d9-ddb5-4fa4-a97d-d965ccfc6d4b" outcome="Passed" testListId="8c84fa94-04c1-424b-9868-57a2d4851a1d" relativeResultsDirectory="ead43c87-b290-4718-8448-656aecc4e3f9" />
    <UnitTestResult executionId="6aa056d5-04b1-47bc-9f46-4bd225b850d9" testId="71ff787b-49b8-4674-a42a-b34936811514" testName="List_ContainsEachKnownPartnerAttributeTypeOnce (Data Row 3)" computerName="ICSWS068" duration="00:00:00.3528717" startTime="2016-08-04T08:14:52.2520513+02:00" endTime="2016-08-04T08:14:52.6049593+02:00" testType="13cdc9d9-ddb5-4fa4-a97d-d965ccfc6d4b" outcome="Passed" testListId="8c84fa94-04c1-424b-9868-57a2d4851a1d" relativeResultsDirectory="6aa056d5-04b1-47bc-9f46-4bd225b850d9" />
    <UnitTestResult executionId="e20e4e42-d7e9-4e1d-bf90-ed2625e3c9ec" testId="0b329063-ea98-488a-b786-b8752a404166" testName="List_ContainsEachKnownPartnerAttributeTypeOnce (Data Row 4)" computerName="ICSWS068" duration="00:00:00.3485378" startTime="2016-08-04T08:14:52.6049593+02:00" endTime="2016-08-04T08:14:52.9543305+02:00" testType="13cdc9d9-ddb5-4fa4-a97d-d965ccfc6d4b" outcome="Passed" testListId="8c84fa94-04c1-424b-9868-57a2d4851a1d" relativeResultsDirectory="e20e4e42-d7e9-4e1d-bf90-ed2625e3c9ec" />
    <UnitTestResult executionId="77fc8c1c-7deb-4d92-a6f6-e629cf36ebae" testId="1285f814-372a-5f56-a1ba-f90df4d404e3" testName="List_ShouldSetSystemContextCorrectly" computerName="ICSWS068" duration="00:00:00.3492378" startTime="2016-08-04T10:14:52.9578328+02:00" endTime="2016-08-04T10:14:53.3085996+02:00" testType="13cdc9d9-ddb5-4fa4-a97d-d965ccfc6d4b" outcome="Passed" testListId="8c84fa94-04c1-424b-9868-57a2d4851a1d" relativeResultsDirectory="77fc8c1c-7deb-4d92-a6f6-e629cf36ebae" />
    <UnitTestResult executionId="159edb6b-e48c-443d-8524-ce911eb50809" testId="8d27cf52-4586-13cd-8544-406ca2a072f3" testName="GetById_NewGuid_ThrowsEntityNotFoundException" computerName="ICSWS068" duration="00:00:00.3781955" startTime="2016-08-04T10:14:53.3126021+02:00" endTime="2016-08-04T10:14:53.6928051+02:00" testType="13cdc9d9-ddb5-4fa4-a97d-d965ccfc6d4b" outcome="Passed" testListId="8c84fa94-04c1-424b-9868-57a2d4851a1d" relativeResultsDirectory="159edb6b-e48c-443d-8524-ce911eb50809" />
    <UnitTestResult executionId="5b078344-9e25-49b4-bf45-afa924ebf117" testId="c9a8b2ef-ae43-43fc-8b9b-703d06e1844a" testName="GetById_KnownPartnerAttributeTypeId_ReturnsEntityWithCorrectProperties (Data Row 0)" computerName="ICSWS068" duration="00:00:00.3736258" startTime="2016-08-04T08:14:53.6978088+02:00" endTime="2016-08-04T08:14:54.0710960+02:00" testType="13cdc9d9-ddb5-4fa4-a97d-d965ccfc6d4b" outcome="Passed" testListId="8c84fa94-04c1-424b-9868-57a2d4851a1d" relativeResultsDirectory="5b078344-9e25-49b4-bf45-afa924ebf117" />
    <UnitTestResult executionId="2b211d9e-340a-4420-af76-139f7dcf8882" testId="2a52b1f4-8ba2-4afe-a89d-a340560a166b" testName="GetById_KnownPartnerAttributeTypeId_ReturnsEntityWithCorrectProperties (Data Row 1)" computerName="ICSWS068" duration="00:00:00.3492959" startTime="2016-08-04T08:14:54.0710960+02:00" endTime="2016-08-04T08:14:54.4203607+02:00" testType="13cdc9d9-ddb5-4fa4-a97d-d965ccfc6d4b" outcome="Passed" testListId="8c84fa94-04c1-424b-9868-57a2d4851a1d" relativeResultsDirectory="2b211d9e-340a-4420-af76-139f7dcf8882" />
    <UnitTestResult executionId="8547c956-5d69-47d1-a8e5-d11f89ef324a" testId="90636fca-6f84-413e-a958-6817fb44b750" testName="GetById_KnownPartnerAttributeTypeId_ReturnsEntityWithCorrectProperties (Data Row 2)" computerName="ICSWS068" duration="00:00:00.3432752" startTime="2016-08-04T08:14:54.4203607+02:00" endTime="2016-08-04T08:14:54.7641200+02:00" testType="13cdc9d9-ddb5-4fa4-a97d-d965ccfc6d4b" outcome="Passed" testListId="8c84fa94-04c1-424b-9868-57a2d4851a1d" relativeResultsDirectory="8547c956-5d69-47d1-a8e5-d11f89ef324a" />
    <UnitTestResult executionId="59b94efb-2276-4d7c-998b-550f3b9bd832" testId="e343a2f2-419f-473f-b894-4ee0f5d31b6e" testName="GetById_KnownPartnerAttributeTypeId_ReturnsEntityWithCorrectProperties (Data Row 3)" computerName="ICSWS068" duration="00:00:00.3894726" startTime="2016-08-04T08:14:54.7641200+02:00" endTime="2016-08-04T08:14:55.1529362+02:00" testType="13cdc9d9-ddb5-4fa4-a97d-d965ccfc6d4b" outcome="Passed" testListId="8c84fa94-04c1-424b-9868-57a2d4851a1d" relativeResultsDirectory="59b94efb-2276-4d7c-998b-550f3b9bd832" />
    <UnitTestResult executionId="d0e57d65-4995-43cb-ab18-3e20f28ae810" testId="c946c112-7206-430e-ab5f-dc9ec722518e" testName="GetById_KnownPartnerAttributeTypeId_ReturnsEntityWithCorrectProperties (Data Row 4)" computerName="ICSWS068" duration="00:00:00.3342813" startTime="2016-08-04T08:14:55.1529362+02:00" endTime="2016-08-04T08:14:55.4872531+02:00" testType="13cdc9d9-ddb5-4fa4-a97d-d965ccfc6d4b" outcome="Passed" testListId="8c84fa94-04c1-424b-9868-57a2d4851a1d" relativeResultsDirectory="d0e57d65-4995-43cb-ab18-3e20f28ae810" />
    <UnitTestResult executionId="a289a2a0-01e9-48e9-b8f9-2d00b821dc6d" testId="0690ee4d-9bd2-992f-157c-a840e8d1c513" testName="GetByName_NullName_ThrowsArgumentNullException" computerName="ICSWS068" duration="00:00:00.3203640" startTime="2016-08-04T10:14:55.4912727+02:00" endTime="2016-08-04T10:14:55.8125453+02:00" testType="13cdc9d9-ddb5-4fa4-a97d-d965ccfc6d4b" outcome="Passed" testListId="8c84fa94-04c1-424b-9868-57a2d4851a1d" relativeResultsDirectory="a289a2a0-01e9-48e9-b8f9-2d00b821dc6d" />
    <UnitTestResult executionId="f016ce97-f84a-452f-90d6-97cc5dedcd18" testId="a4813a39-5cc5-5c24-5571-4ecfa03b83ee" testName="GetByName_NewGuid_ThrowsEntityNotFoundException" computerName="ICSWS068" duration="00:00:00.3222241" startTime="2016-08-04T10:14:55.8155637+02:00" endTime="2016-08-04T10:14:56.1398221+02:00" testType="13cdc9d9-ddb5-4fa4-a97d-d965ccfc6d4b" outcome="Passed" testListId="8c84fa94-04c1-424b-9868-57a2d4851a1d" relativeResultsDirectory="f016ce97-f84a-452f-90d6-97cc5dedcd18" />
    <UnitTestResult executionId="9b4fe17e-44b2-47a6-b841-b008a396f4fb" testId="c3ef1c5f-b44f-4139-a03b-4c46d04273ec" testName="GetByName_KnownPartnerAttributeTypeId_ReturnsEntityWithCorrectProperties (Data Row 0)" computerName="ICSWS068" duration="00:00:00.3386630" startTime="2016-08-04T08:14:56.1448244+02:00" endTime="2016-08-04T08:14:56.4829556+02:00" testType="13cdc9d9-ddb5-4fa4-a97d-d965ccfc6d4b" outcome="Passed" testListId="8c84fa94-04c1-424b-9868-57a2d4851a1d" relativeResultsDirectory="9b4fe17e-44b2-47a6-b841-b008a396f4fb" />
    <UnitTestResult executionId="92962340-3013-44d4-a518-e93799f8a825" testId="8224e559-0e17-4a86-8cbc-cee0d4aff191" testName="GetByName_KnownPartnerAttributeTypeId_ReturnsEntityWithCorrectProperties (Data Row 1)" computerName="ICSWS068" duration="00:00:00.3257433" startTime="2016-08-04T08:14:56.4829556+02:00" endTime="2016-08-04T08:14:56.8092172+02:00" testType="13cdc9d9-ddb5-4fa4-a97d-d965ccfc6d4b" outcome="Passed" testListId="8c84fa94-04c1-424b-9868-57a2d4851a1d" relativeResultsDirectory="92962340-3013-44d4-a518-e93799f8a825" />
    <UnitTestResult executionId="918e0fb9-d1d7-417e-88f9-711c7224e179" testId="83f455b4-c43c-4a47-ade3-1912f041764d" testName="GetByName_KnownPartnerAttributeTypeId_ReturnsEntityWithCorrectProperties (Data Row 2)" computerName="ICSWS068" duration="00:00:00.3324048" startTime="2016-08-04T08:14:56.8092172+02:00" endTime="2016-08-04T08:14:57.1413273+02:00" testType="13cdc9d9-ddb5-4fa4-a97d-d965ccfc6d4b" outcome="Passed" testListId="8c84fa94-04c1-424b-9868-57a2d4851a1d" relativeResultsDirectory="918e0fb9-d1d7-417e-88f9-711c7224e179" />
    <UnitTestResult executionId="7614938e-eed8-43cf-a042-6743306b833a" testId="d0bf4ffd-d82f-4f65-90d7-153f4d4b2a4c" testName="GetByName_KnownPartnerAttributeTypeId_ReturnsEntityWithCorrectProperties (Data Row 3)" computerName="ICSWS068" duration="00:00:00.3435502" startTime="2016-08-04T08:14:57.1413273+02:00" endTime="2016-08-04T08:14:57.4848473+02:00" testType="13cdc9d9-ddb5-4fa4-a97d-d965ccfc6d4b" outcome="Passed" testListId="8c84fa94-04c1-424b-9868-57a2d4851a1d" relativeResultsDirectory="7614938e-eed8-43cf-a042-6743306b833a" />
    <UnitTestResult executionId="95149d5b-e938-4593-b25f-15acc3b016d5" testId="e579cfc4-26fa-4065-adc5-7bfac4743138" testName="GetByName_KnownPartnerAttributeTypeId_ReturnsEntityWithCorrectProperties (Data Row 4)" computerName="ICSWS068" duration="00:00:00.3486777" startTime="2016-08-04T08:14:57.4848473+02:00" endTime="2016-08-04T08:14:57.8341710+02:00" testType="13cdc9d9-ddb5-4fa4-a97d-d965ccfc6d4b" outcome="Passed" testListId="8c84fa94-04c1-424b-9868-57a2d4851a1d" relativeResultsDirectory="95149d5b-e938-4593-b25f-15acc3b016d5" />
    <UnitTestResult executionId="14911b1e-78c0-4fc6-bb3e-9933212d11fc" testId="dc1078cd-a682-089a-257f-59233f78890b" testName="GetByKey_NewGuid_ThrowsEntityNotFoundException" computerName="ICSWS068" duration="00:00:00.3738988" startTime="2016-08-04T10:14:57.8381741+02:00" endTime="2016-08-04T10:14:58.2139622+02:00" testType="13cdc9d9-ddb5-4fa4-a97d-d965ccfc6d4b" outcome="Passed" testListId="8c84fa94-04c1-424b-9868-57a2d4851a1d" relativeResultsDirectory="14911b1e-78c0-4fc6-bb3e-9933212d11fc" />
    <UnitTestResult executionId="74c69081-d246-49d7-9f1c-22a6d4a68e2b" testId="33a47bf2-5e62-46a9-992f-6a3eb65f2db9" testName="GetByKey_KnownPartnerAttributeTypeKey_ReturnsEntityWithCorrectProperties (Data Row 0)" computerName="ICSWS068" duration="00:00:00.3766072" startTime="2016-08-04T08:14:58.2189659+02:00" endTime="2016-08-04T08:14:58.5962545+02:00" testType="13cdc9d9-ddb5-4fa4-a97d-d965ccfc6d4b" outcome="Passed" testListId="8c84fa94-04c1-424b-9868-57a2d4851a1d" relativeResultsDirectory="74c69081-d246-49d7-9f1c-22a6d4a68e2b" />
    <UnitTestResult executionId="60597389-afa1-46f5-8297-c396c11ac02e" testId="3a5dba6b-c058-48ab-b62a-b76172a83fef" testName="GetByKey_KnownPartnerAttributeTypeKey_ReturnsEntityWithCorrectProperties (Data Row 1)" computerName="ICSWS068" duration="00:00:00.3596437" startTime="2016-08-04T08:14:58.5962545+02:00" endTime="2016-08-04T08:14:58.9555871+02:00" testType="13cdc9d9-ddb5-4fa4-a97d-d965ccfc6d4b" outcome="Passed" testListId="8c84fa94-04c1-424b-9868-57a2d4851a1d" relativeResultsDirectory="60597389-afa1-46f5-8297-c396c11ac02e" />
    <UnitTestResult executionId="547491a3-d47e-4446-abac-eb87f91e29d2" testId="0d0434c7-6053-4dd0-8d30-5ac74f90e633" testName="GetByKey_KnownPartnerAttributeTypeKey_ReturnsEntityWithCorrectProperties (Data Row 2)" computerName="ICSWS068" duration="00:00:00.3272750" startTime="2016-08-04T08:14:58.9555871+02:00" endTime="2016-08-04T08:14:59.2826408+02:00" testType="13cdc9d9-ddb5-4fa4-a97d-d965ccfc6d4b" outcome="Passed" testListId="8c84fa94-04c1-424b-9868-57a2d4851a1d" relativeResultsDirectory="547491a3-d47e-4446-abac-eb87f91e29d2" />
    <UnitTestResult executionId="2293f974-e2a9-4968-a8f7-efad31f44971" testId="278377cd-9cfe-4b53-9441-a0764c218457" testName="GetByKey_KnownPartnerAttributeTypeKey_ReturnsEntityWithCorrectProperties (Data Row 3)" computerName="ICSWS068" duration="00:00:00.3927491" startTime="2016-08-04T08:14:59.2826408+02:00" endTime="2016-08-04T08:14:59.6759441+02:00" testType="13cdc9d9-ddb5-4fa4-a97d-d965ccfc6d4b" outcome="Passed" testListId="8c84fa94-04c1-424b-9868-57a2d4851a1d" relativeResultsDirectory="2293f974-e2a9-4968-a8f7-efad31f44971" />
    <UnitTestResult executionId="a8ca61b9-eb68-4bb7-9fa1-db8d247e340c" testId="e064dccb-664b-46ec-8fb3-79e9c8300b9a" testName="GetByKey_KnownPartnerAttributeTypeKey_ReturnsEntityWithCorrectProperties (Data Row 4)" computerName="ICSWS068" duration="00:00:00.3541424" startTime="2016-08-04T08:14:59.6759441+02:00" endTime="2016-08-04T08:15:00.0297967+02:00" testType="13cdc9d9-ddb5-4fa4-a97d-d965ccfc6d4b" outcome="Passed" testListId="8c84fa94-04c1-424b-9868-57a2d4851a1d" relativeResultsDirectory="a8ca61b9-eb68-4bb7-9fa1-db8d247e340c" />
    <UnitTestResult executionId="251fd51a-c7f3-47be-a167-3c4656780f2d" testId="b2004a48-36bb-c7db-8c7c-d1688f7ff250" testName="GetByKey_UnsupportedKey_ThrowsArgumentException" computerName="ICSWS068" duration="00:00:00.3460147" startTime="2016-08-04T10:15:00.0338001+02:00" endTime="2016-08-04T10:15:00.3811869+02:00" testType="13cdc9d9-ddb5-4fa4-a97d-d965ccfc6d4b" outcome="Passed" testListId="8c84fa94-04c1-424b-9868-57a2d4851a1d" relativeResultsDirectory="251fd51a-c7f3-47be-a167-3c4656780f2d" />
    <UnitTestResult executionId="b1852bfe-70b8-49c8-91ed-6d5f97c4230d" testId="a822c3b4-e723-3257-4ba0-2cf2cf8cc1a3" testName="Delete_UnusedPartnerAttributeType_SuccessfullyDeletesPartnerAttributeType" computerName="ICSWS068" duration="00:00:00.3602387" startTime="2016-08-04T10:15:00.3841880+02:00" endTime="2016-08-04T10:15:00.7459473+02:00" testType="13cdc9d9-ddb5-4fa4-a97d-d965ccfc6d4b" outcome="Passed" testListId="8c84fa94-04c1-424b-9868-57a2d4851a1d" relativeResultsDirectory="b1852bfe-70b8-49c8-91ed-6d5f97c4230d" />
    <UnitTestResult executionId="4ef41099-61cf-4ba4-afcd-4e6741b0272f" testId="e9d886b3-8e13-87ea-596a-8992bfc52399" testName="Delete_UnusedPartnerAttributeTypeIsSystemInternal_ThrowsUnauthorizedAccessException" computerName="ICSWS068" duration="00:00:00.3965472" startTime="2016-08-04T10:15:00.7489493+02:00" endTime="2016-08-04T10:15:01.1466152+02:00" testType="13cdc9d9-ddb5-4fa4-a97d-d965ccfc6d4b" outcome="Passed" testListId="8c84fa94-04c1-424b-9868-57a2d4851a1d" relativeResultsDirectory="4ef41099-61cf-4ba4-afcd-4e6741b0272f" />
    <UnitTestResult executionId="7bafd07a-58fb-4d0b-b836-81df472564b2" testId="56ce0aa4-bf69-b266-269a-c70ddb330a96" testName="Delete_NonDeletablePartnerAttributeType_ThrowsEntityDependencyException" computerName="ICSWS068" duration="00:00:00.4075704" startTime="2016-08-04T10:15:01.1496167+02:00" endTime="2016-08-04T10:15:01.5584789+02:00" testType="13cdc9d9-ddb5-4fa4-a97d-d965ccfc6d4b" outcome="Passed" testListId="8c84fa94-04c1-424b-9868-57a2d4851a1d" relativeResultsDirectory="7bafd07a-58fb-4d0b-b836-81df472564b2" />
    <UnitTestResult executionId="7ddecf95-7d33-4247-ac98-f8e43068a589" testId="ad113cf7-0255-adc9-429c-c6398e88af38" testName="Add_NullName_ThrowsConditionalErrorException" computerName="ICSWS068" duration="00:00:00.3788943" startTime="2016-08-04T10:15:01.5619847+02:00" endTime="2016-08-04T10:15:01.9427718+02:00" testType="13cdc9d9-ddb5-4fa4-a97d-d965ccfc6d4b" outcome="Passed" testListId="8c84fa94-04c1-424b-9868-57a2d4851a1d" relativeResultsDirectory="7ddecf95-7d33-4247-ac98-f8e43068a589" />
    <UnitTestResult executionId="d119af35-cf93-4b92-ab13-afc56501ea93" testId="04294f90-9fb3-0d5a-ca9c-b7598602b936" testName="Add_EmptyName_ThrowsStringLengthErrorException" computerName="ICSWS068" duration="00:00:00.3937992" startTime="2016-08-04T10:15:01.9467755+02:00" endTime="2016-08-04T10:15:02.3426720+02:00" testType="13cdc9d9-ddb5-4fa4-a97d-d965ccfc6d4b" outcome="Passed" testListId="8c84fa94-04c1-424b-9868-57a2d4851a1d" relativeResultsDirectory="d119af35-cf93-4b92-ab13-afc56501ea93" />
    <UnitTestResult executionId="10c9d816-1515-4c90-b8ec-3211de041d61" testId="e8b29d75-4d24-1782-d222-3336fe274dd7" testName="Add_WhiteSpaceOnlyName_ThrowsStringLengthErrorException" computerName="ICSWS068" duration="00:00:00.4039392" startTime="2016-08-04T10:15:02.3456740+02:00" endTime="2016-08-04T10:15:02.7514809+02:00" testType="13cdc9d9-ddb5-4fa4-a97d-d965ccfc6d4b" outcome="Passed" testListId="8c84fa94-04c1-424b-9868-57a2d4851a1d" relativeResultsDirectory="10c9d816-1515-4c90-b8ec-3211de041d61" />
    <UnitTestResult executionId="a6ccff8d-d65b-4e35-9733-eef2a92f2ce1" testId="f2af23cf-3f15-737a-4858-76afbe88670e" testName="Add_TooLongName_ThrowsStringLengthErrorException" computerName="ICSWS068" duration="00:00:00.4113478" startTime="2016-08-04T10:15:02.7564849+02:00" endTime="2016-08-04T10:15:03.1707999+02:00" testType="13cdc9d9-ddb5-4fa4-a97d-d965ccfc6d4b" outcome="Passed" testListId="8c84fa94-04c1-424b-9868-57a2d4851a1d" relativeResultsDirectory="a6ccff8d-d65b-4e35-9733-eef2a92f2ce1" />
    <UnitTestResult executionId="8a3cca25-6701-46a7-b8a8-4dcd88d10b13" testId="778e4ac2-6232-6dbe-5c7c-1a0793d42a5e" testName="Add_LongDescription_Succeeds" computerName="ICSWS068" duration="00:00:00.3816796" startTime="2016-08-04T10:15:03.1758036+02:00" endTime="2016-08-04T10:15:03.5590924+02:00" testType="13cdc9d9-ddb5-4fa4-a97d-d965ccfc6d4b" outcome="Passed" testListId="8c84fa94-04c1-424b-9868-57a2d4851a1d" relativeResultsDirectory="8a3cca25-6701-46a7-b8a8-4dcd88d10b13" />
    <UnitTestResult executionId="2eed0fbe-d44e-4636-98d5-4783c0a7607b" testId="e502e747-ccd2-408e-13da-f6d61b0c4789" testName="Add_ValidProperties_IdAndTimesAreUpdatedCorrectly" computerName="ICSWS068" duration="00:00:00.3598288" startTime="2016-08-04T10:15:03.5630976+02:00" endTime="2016-08-04T10:15:03.9239492+02:00" testType="13cdc9d9-ddb5-4fa4-a97d-d965ccfc6d4b" outcome="Passed" testListId="8c84fa94-04c1-424b-9868-57a2d4851a1d" relativeResultsDirectory="2eed0fbe-d44e-4636-98d5-4783c0a7607b" />
    <UnitTestResult executionId="afcf6a57-eec2-4c66-982b-25602d81ca33" testId="3d33c7a8-58cd-aa1e-dc6a-1b43157b9b7f" testName="Add_ComplexProperties_ArePersistedCorrectly" computerName="ICSWS068" duration="00:00:00.3721384" startTime="2016-08-04T10:15:03.9289518+02:00" endTime="2016-08-04T10:15:04.3018493+02:00" testType="13cdc9d9-ddb5-4fa4-a97d-d965ccfc6d4b" outcome="Passed" testListId="8c84fa94-04c1-424b-9868-57a2d4851a1d" relativeResultsDirectory="afcf6a57-eec2-4c66-982b-25602d81ca33" />
    <UnitTestResult executionId="2387d889-c3d1-4b2a-a92e-217cc0db6b6a" testId="4d0a1d3e-69d5-a504-68e2-9974d1e2551b" testName="Add_DuplicateName_ThrowsUniqueValueAddConflictException" computerName="ICSWS068" duration="00:00:00.3556350" startTime="2016-08-04T10:15:04.3048671+02:00" endTime="2016-08-04T10:15:04.6621396+02:00" testType="13cdc9d9-ddb5-4fa4-a97d-d965ccfc6d4b" outcome="Passed" testListId="8c84fa94-04c1-424b-9868-57a2d4851a1d" relativeResultsDirectory="2387d889-c3d1-4b2a-a92e-217cc0db6b6a" />
    <UnitTestResult executionId="0a6439e1-147d-4194-9542-b78d2cfe622e" testId="7c7a4f8c-cf48-4e98-8570-5eb99f7de543" testName="Add_DuplicateClrName_ThrowsUniqueValidAddConflictException" computerName="ICSWS068" duration="00:00:00.3399893" startTime="2016-08-04T10:15:04.6656445+02:00" endTime="2016-08-04T10:15:05.0070164+02:00" testType="13cdc9d9-ddb5-4fa4-a97d-d965ccfc6d4b" outcome="Passed" testListId="8c84fa94-04c1-424b-9868-57a2d4851a1d" relativeResultsDirectory="0a6439e1-147d-4194-9542-b78d2cfe622e" />
    <UnitTestResult executionId="5c310dea-3048-427b-8af8-67b9211f2650" testId="574b41e2-321a-c5b1-569e-672a84ac8cdb" testName="Add_InvalidClrName_Throws" computerName="ICSWS068" duration="00:00:00.3763398" startTime="2016-08-04T10:15:05.0100190+02:00" endTime="2016-08-04T10:15:05.3874287+02:00" testType="13cdc9d9-ddb5-4fa4-a97d-d965ccfc6d4b" outcome="Passed" testListId="8c84fa94-04c1-424b-9868-57a2d4851a1d" relativeResultsDirectory="5c310dea-3048-427b-8af8-67b9211f2650" />
    <UnitTestResult executionId="f0afb268-163c-4364-862e-2c544fad1670" testId="9cbf5c31-b6b6-5ff6-38f9-554f1fe8a3a1" testName="Add_NullClrName_GeneratesClrName" computerName="ICSWS068" duration="00:00:00.3349675" startTime="2016-08-04T10:15:05.3914328+02:00" endTime="2016-08-04T10:15:05.7281704+02:00" testType="13cdc9d9-ddb5-4fa4-a97d-d965ccfc6d4b" outcome="Passed" testListId="8c84fa94-04c1-424b-9868-57a2d4851a1d" relativeResultsDirectory="f0afb268-163c-4364-862e-2c544fad1670" />
    <UnitTestResult executionId="7a213e4c-38e7-4862-b950-796d62fab7ce" testId="7047b5db-ce92-3b72-cd38-4b075d375a09" testName="Add_TooLongClrName_ThrowsStringLengthErrorException" computerName="ICSWS068" duration="00:00:00.3567669" startTime="2016-08-04T10:15:05.7311730+02:00" endTime="2016-08-04T10:15:06.0894579+02:00" testType="13cdc9d9-ddb5-4fa4-a97d-d965ccfc6d4b" outcome="Passed" testListId="8c84fa94-04c1-424b-9868-57a2d4851a1d" relativeResultsDirectory="7a213e4c-38e7-4862-b950-796d62fab7ce" />
    <UnitTestResult executionId="b9b8cf10-9938-490c-880d-c683e6a297de" testId="b94c2ce4-c87b-76f0-4c91-22194332cdc8" testName="Add_MemberWithInvalidClrName_Throws" computerName="ICSWS068" duration="00:00:00.3415978" startTime="2016-08-04T10:15:06.0924601+02:00" endTime="2016-08-04T10:15:06.4355954+02:00" testType="13cdc9d9-ddb5-4fa4-a97d-d965ccfc6d4b" outcome="Passed" testListId="8c84fa94-04c1-424b-9868-57a2d4851a1d" relativeResultsDirectory="b9b8cf10-9938-490c-880d-c683e6a297de" />
    <UnitTestResult executionId="12546b78-e8f1-426e-9e90-52608e0f95e0" testId="7b953f06-3b58-9d92-d5d5-6ef4a9f438d7" testName="Add_MemberWithNullName_Throws" computerName="ICSWS068" duration="00:00:00.3253052" startTime="2016-08-04T10:15:06.4386132+02:00" endTime="2016-08-04T10:15:06.7658590+02:00" testType="13cdc9d9-ddb5-4fa4-a97d-d965ccfc6d4b" outcome="Passed" testListId="8c84fa94-04c1-424b-9868-57a2d4851a1d" relativeResultsDirectory="12546b78-e8f1-426e-9e90-52608e0f95e0" />
    <UnitTestResult executionId="912fe9c2-a15c-4b6e-b9a2-48b2c3aebbca" testId="d1406247-2860-a8c0-c62a-b0dd2a807bdf" testName="Add_MemberWithWhitespaceOnlyName_Throws" computerName="ICSWS068" duration="00:00:00.3440376" startTime="2016-08-04T10:15:06.7688604+02:00" endTime="2016-08-04T10:15:07.1137856+02:00" testType="13cdc9d9-ddb5-4fa4-a97d-d965ccfc6d4b" outcome="Passed" testListId="8c84fa94-04c1-424b-9868-57a2d4851a1d" relativeResultsDirectory="912fe9c2-a15c-4b6e-b9a2-48b2c3aebbca" />
    <UnitTestResult executionId="0dfb1324-3050-4365-8afa-b37234844231" testId="e2efcdc7-c0f8-70e4-daa2-8eff57e0a5ff" testName="Add_MemberWithTooLongName_Throws" computerName="ICSWS068" duration="00:00:00.3817719" startTime="2016-08-04T10:15:07.1167870+02:00" endTime="2016-08-04T10:15:07.4999881+02:00" testType="13cdc9d9-ddb5-4fa4-a97d-d965ccfc6d4b" outcome="Passed" testListId="8c84fa94-04c1-424b-9868-57a2d4851a1d" relativeResultsDirectory="0dfb1324-3050-4365-8afa-b37234844231" />
    <UnitTestResult executionId="68f68556-3eee-4d79-bfb1-84021f8e1daa" testId="6a4099c8-465c-0d9b-c290-a08a79c4615a" testName="Add_MemberWithLongDescription_Succeeds" computerName="ICSWS068" duration="00:00:00.3337484" startTime="2016-08-04T10:15:07.5030068+02:00" endTime="2016-08-04T10:15:07.8388753+02:00" testType="13cdc9d9-ddb5-4fa4-a97d-d965ccfc6d4b" outcome="Passed" testListId="8c84fa94-04c1-424b-9868-57a2d4851a1d" relativeResultsDirectory="68f68556-3eee-4d79-bfb1-84021f8e1daa" />
    <UnitTestResult executionId="2a7c8e78-e0ba-40eb-b3b8-d43da549c792" testId="72d46e54-f9c8-d6ed-68f7-bf706f25519e" testName="Add_MemberWithTooLongClrName_Throws" computerName="ICSWS068" duration="00:00:00.3277055" startTime="2016-08-04T10:15:07.8408908+02:00" endTime="2016-08-04T10:15:08.1706644+02:00" testType="13cdc9d9-ddb5-4fa4-a97d-d965ccfc6d4b" outcome="Passed" testListId="8c84fa94-04c1-424b-9868-57a2d4851a1d" relativeResultsDirectory="2a7c8e78-e0ba-40eb-b3b8-d43da549c792" />
    <UnitTestResult executionId="6ac2e21e-d92c-45dc-b5b4-cdac6a04e0c9" testId="272a7aee-bb58-ef71-3422-ac5f6aa8b964" testName="Add_MemberWithSameClrNameAsParent_Throws" computerName="ICSWS068" duration="00:00:00.3228850" startTime="2016-08-04T10:15:08.1736508+02:00" endTime="2016-08-04T10:15:08.4974360+02:00" testType="13cdc9d9-ddb5-4fa4-a97d-d965ccfc6d4b" outcome="Passed" testListId="8c84fa94-04c1-424b-9868-57a2d4851a1d" relativeResultsDirectory="6ac2e21e-d92c-45dc-b5b4-cdac6a04e0c9" />
    <UnitTestResult executionId="36a8798d-1d4c-41a5-a2f3-becd5abd573b" testId="6bfe994a-e9c3-29d0-05be-86c89ed6117d" testName="Add_MemberIsProtectedAndSystemSetForEncryption_MemberStoredEncrypted" computerName="ICSWS068" duration="00:00:00.3493988" startTime="2016-08-04T10:15:08.5004312+02:00" endTime="2016-08-04T10:15:08.8517549+02:00" testType="13cdc9d9-ddb5-4fa4-a97d-d965ccfc6d4b" outcome="Passed" testListId="8c84fa94-04c1-424b-9868-57a2d4851a1d" relativeResultsDirectory="36a8798d-1d4c-41a5-a2f3-becd5abd573b" />
    <UnitTestResult executionId="55199a5d-6dd6-4388-92f3-c4aabea711c2" testId="0a1b6b1a-c874-c5a3-a9e5-ad1847869e05" testName="Update_NullName_ThrowsConditionalErrorException" computerName="ICSWS068" duration="00:00:00.3247108" startTime="2016-08-04T10:15:08.8547305+02:00" endTime="2016-08-04T10:15:09.1808648+02:00" testType="13cdc9d9-ddb5-4fa4-a97d-d965ccfc6d4b" outcome="Passed" testListId="8c84fa94-04c1-424b-9868-57a2d4851a1d" relativeResultsDirectory="55199a5d-6dd6-4388-92f3-c4aabea711c2" />
    <UnitTestResult executionId="d667e217-5f22-461d-8cc4-c238554c1d11" testId="113ac157-7a7b-a857-e60b-ef523ab7c039" testName="Update_EmtpyName_ThrowsStringLengthErrorException" computerName="ICSWS068" duration="00:00:00.3247909" startTime="2016-08-04T10:15:09.1828683+02:00" endTime="2016-08-04T10:15:09.5090592+02:00" testType="13cdc9d9-ddb5-4fa4-a97d-d965ccfc6d4b" outcome="Passed" testListId="8c84fa94-04c1-424b-9868-57a2d4851a1d" relativeResultsDirectory="d667e217-5f22-461d-8cc4-c238554c1d11" />
    <UnitTestResult executionId="a32b8db7-df70-4e17-a2ce-85c6b7c2ee6d" testId="1ff0fc48-782c-84cb-c863-1a1a5852ac6b" testName="Update_WhitespaceOnlyName_ThrowsStringLengthErrorException" computerName="ICSWS068" duration="00:00:00.3345742" startTime="2016-08-04T10:15:09.5140635+02:00" endTime="2016-08-04T10:15:09.8504704+02:00" testType="13cdc9d9-ddb5-4fa4-a97d-d965ccfc6d4b" outcome="Passed" testListId="8c84fa94-04c1-424b-9868-57a2d4851a1d" relativeResultsDirectory="a32b8db7-df70-4e17-a2ce-85c6b7c2ee6d" />
    <UnitTestResult executionId="959b5282-90ee-456c-a9cc-c819c611b02f" testId="d5e740e4-05d7-15cf-eb08-4b0e2c3ed462" testName="Update_TooLongName_ThrowsStringLengthErrorException" computerName="ICSWS068" duration="00:00:00.3223164" startTime="2016-08-04T10:15:09.8524713+02:00" endTime="2016-08-04T10:15:10.1766259+02:00" testType="13cdc9d9-ddb5-4fa4-a97d-d965ccfc6d4b" outcome="Passed" testListId="8c84fa94-04c1-424b-9868-57a2d4851a1d" relativeResultsDirectory="959b5282-90ee-456c-a9cc-c819c611b02f" />
    <UnitTestResult executionId="8d199e77-82ae-48fa-991a-dfb7866e94b4" testId="e6ae64f1-5c05-fa91-add3-f4099d421bc2" testName="Update_LongDescription_Succeeds" computerName="ICSWS068" duration="00:00:00.3316494" startTime="2016-08-04T10:15:10.1796270+02:00" endTime="2016-08-04T10:15:10.5127662+02:00" testType="13cdc9d9-ddb5-4fa4-a97d-d965ccfc6d4b" outcome="Passed" testListId="8c84fa94-04c1-424b-9868-57a2d4851a1d" relativeResultsDirectory="8d199e77-82ae-48fa-991a-dfb7866e94b4" />
    <UnitTestResult executionId="50684aaf-6388-4ec7-9193-27f33ebd3adc" testId="551dbd00-f2b4-b551-f4a3-98c11246ce05" testName="Update_DuplicateClrName_ThrowsUniqueValueUpdateConflictErrorException" computerName="ICSWS068" duration="00:00:00.3437239" startTime="2016-08-04T10:15:10.5157682+02:00" endTime="2016-08-04T10:15:10.8610914+02:00" testType="13cdc9d9-ddb5-4fa4-a97d-d965ccfc6d4b" outcome="Passed" testListId="8c84fa94-04c1-424b-9868-57a2d4851a1d" relativeResultsDirectory="50684aaf-6388-4ec7-9193-27f33ebd3adc" />
    <UnitTestResult executionId="26417be7-8971-4fa3-856c-27f38092d729" testId="33c10757-2964-3cc6-4eec-14a39446c7ad" testName="Update_TooLongClrName_ThrowsStringLengthErrorException" computerName="ICSWS068" duration="00:00:00.3260650" startTime="2016-08-04T10:15:10.8640951+02:00" endTime="2016-08-04T10:15:11.1913928+02:00" testType="13cdc9d9-ddb5-4fa4-a97d-d965ccfc6d4b" outcome="Passed" testListId="8c84fa94-04c1-424b-9868-57a2d4851a1d" relativeResultsDirectory="26417be7-8971-4fa3-856c-27f38092d729" />
    <UnitTestResult executionId="e4710fd0-c61a-4602-8a28-b391b0d9c576" testId="227ce71b-90d7-7be1-e8e6-4280b019bf99" testName="Update_InvalidClrName_Throws" computerName="ICSWS068" duration="00:00:00.3262246" startTime="2016-08-04T10:15:11.1943948+02:00" endTime="2016-08-04T10:15:11.5232267+02:00" testType="13cdc9d9-ddb5-4fa4-a97d-d965ccfc6d4b" outcome="Passed" testListId="8c84fa94-04c1-424b-9868-57a2d4851a1d" relativeResultsDirectory="e4710fd0-c61a-4602-8a28-b391b0d9c576" />
    <UnitTestResult executionId="ac1bf51c-fa64-4263-a1cf-a072677e3f3b" testId="98257716-9e9e-0331-00af-19cb9f7a3fd1" testName="Update_DuplicateName_ThrowsUniqueValueAddConflictException" computerName="ICSWS068" duration="00:00:00.3326391" startTime="2016-08-04T10:15:11.5252449+02:00" endTime="2016-08-04T10:15:11.8590943+02:00" testType="13cdc9d9-ddb5-4fa4-a97d-d965ccfc6d4b" outcome="Passed" testListId="8c84fa94-04c1-424b-9868-57a2d4851a1d" relativeResultsDirectory="ac1bf51c-fa64-4263-a1cf-a072677e3f3b" />
    <UnitTestResult executionId="3cca5871-c4ec-4723-88b6-5febe46672be" testId="c5c20953-a965-bf89-38d5-001da955b710" testName="Update_ComplexProperties_ArePersistedCorrectly" computerName="ICSWS068" duration="00:00:14.1573235" startTime="2016-08-04T10:15:11.8620960+02:00" endTime="2016-08-04T10:15:26.0218317+02:00" testType="13cdc9d9-ddb5-4fa4-a97d-d965ccfc6d4b" outcome="Passed" testListId="8c84fa94-04c1-424b-9868-57a2d4851a1d" relativeResultsDirectory="3cca5871-c4ec-4723-88b6-5febe46672be" />
    <UnitTestResult executionId="cc084262-780e-4350-8a62-8bb1b390705f" testId="71d24e0e-b3da-8b47-c0a1-b63c5a89d1bb" testName="Update_UnchangedName_Succeeds" computerName="ICSWS068" duration="00:00:00.3317186" startTime="2016-08-04T10:15:26.0248349+02:00" endTime="2016-08-04T10:15:26.3585937+02:00" testType="13cdc9d9-ddb5-4fa4-a97d-d965ccfc6d4b" outcome="Passed" testListId="8c84fa94-04c1-424b-9868-57a2d4851a1d" relativeResultsDirectory="cc084262-780e-4350-8a62-8bb1b390705f" />
    <UnitTestResult executionId="5b26a5b2-70bc-4def-82c1-6d270af0414d" testId="f3a02ca3-8cdf-11fa-cf69-2ac360858abd" testName="Update_IsProtectedChangedAndUserIsDeveloper_Succeeds" computerName="ICSWS068" duration="00:00:00.6522521" startTime="2016-08-04T10:15:26.3620957+02:00" endTime="2016-08-04T10:15:27.0150113+02:00" testType="13cdc9d9-ddb5-4fa4-a97d-d965ccfc6d4b" outcome="Passed" testListId="8c84fa94-04c1-424b-9868-57a2d4851a1d" relativeResultsDirectory="5b26a5b2-70bc-4def-82c1-6d270af0414d" />
    <UnitTestResult executionId="3cc89ec3-2f3e-4d47-9c2f-9b97d7c32fa0" testId="7f11cb21-2d5a-5523-2fc7-84990a493f16" testName="Update_IsProtectedChangedAndUserIsAdministrator_Throws" computerName="ICSWS068" duration="00:00:00.6612012" startTime="2016-08-04T10:15:27.0190162+02:00" endTime="2016-08-04T10:15:27.6812337+02:00" testType="13cdc9d9-ddb5-4fa4-a97d-d965ccfc6d4b" outcome="Passed" testListId="8c84fa94-04c1-424b-9868-57a2d4851a1d" relativeResultsDirectory="3cc89ec3-2f3e-4d47-9c2f-9b97d7c32fa0" />
    <UnitTestResult executionId="85c33476-543b-4d73-b160-ccaf805c030d" testId="875ba775-3661-db39-fb4d-089eb31fbfcd" testName="Update_IsProtectedChangedAndUserIsUser_Throws" computerName="ICSWS068" duration="00:00:00.7146726" startTime="2016-08-04T10:15:27.6842366+02:00" endTime="2016-08-04T10:15:28.4004704+02:00" testType="13cdc9d9-ddb5-4fa4-a97d-d965ccfc6d4b" outcome="Passed" testListId="8c84fa94-04c1-424b-9868-57a2d4851a1d" relativeResultsDirectory="85c33476-543b-4d73-b160-ccaf805c030d" />
    <UnitTestResult executionId="40f63d02-241a-4ab6-bde6-74c011d225f3" testId="457f0749-05b4-618c-76fc-027add7becd9" testName="Update_IsProtectedChangedAndUserIsViewer_Throws" computerName="ICSWS068" duration="00:00:00.6338349" startTime="2016-08-04T10:15:28.4024710+02:00" endTime="2016-08-04T10:15:29.0378511+02:00" testType="13cdc9d9-ddb5-4fa4-a97d-d965ccfc6d4b" outcome="Passed" testListId="8c84fa94-04c1-424b-9868-57a2d4851a1d" relativeResultsDirectory="40f63d02-241a-4ab6-bde6-74c011d225f3" />
    <UnitTestResult executionId="c705481e-2d28-4571-b9da-bbed72e04c60" testId="b8746d89-fbe6-c84c-2368-07585209e1b0" testName="Update_IsProtectedNotChangedAndUserIsDeveloper_Succeeds" computerName="ICSWS068" duration="00:00:00.6623217" startTime="2016-08-04T10:15:29.0408695+02:00" endTime="2016-08-04T10:15:29.7041670+02:00" testType="13cdc9d9-ddb5-4fa4-a97d-d965ccfc6d4b" outcome="Passed" testListId="8c84fa94-04c1-424b-9868-57a2d4851a1d" relativeResultsDirectory="c705481e-2d28-4571-b9da-bbed72e04c60" />
    <UnitTestResult executionId="ed4fc531-c6c6-490d-acb7-08ee63bb8f7e" testId="ce9dabfa-3d23-1a7a-cad5-b88e59b08e55" testName="Update_IsProtectedNotChangedAndUserIsAdministrator_Succeeds" computerName="ICSWS068" duration="00:00:00.6468821" startTime="2016-08-04T10:15:29.7071852+02:00" endTime="2016-08-04T10:15:30.3558668+02:00" testType="13cdc9d9-ddb5-4fa4-a97d-d965ccfc6d4b" outcome="Passed" testListId="8c84fa94-04c1-424b-9868-57a2d4851a1d" relativeResultsDirectory="ed4fc531-c6c6-490d-acb7-08ee63bb8f7e" />
    <UnitTestResult executionId="bf857326-587b-4e75-b340-9203ac090c7c" testId="a7a97ec3-252c-357a-e8a4-713635ed3dff" testName="Update_IsProtectedNotChangedAndUserIsUser_Succeeds" computerName="ICSWS068" duration="00:00:00.6728704" startTime="2016-08-04T10:15:30.3588709+02:00" endTime="2016-08-04T10:15:31.0330227+02:00" testType="13cdc9d9-ddb5-4fa4-a97d-d965ccfc6d4b" outcome="Passed" testListId="8c84fa94-04c1-424b-9868-57a2d4851a1d" relativeResultsDirectory="bf857326-587b-4e75-b340-9203ac090c7c" />
    <UnitTestResult executionId="3a263de2-e1e0-48dc-b69f-ee6cf299fb20" testId="5608443f-b522-9398-2c78-7e576b5e49ee" testName="Update_IsProtectedNotChangedAndUserIsViewer_Succeeds" computerName="ICSWS068" duration="00:00:00.6527899" startTime="2016-08-04T10:15:31.0360259+02:00" endTime="2016-08-04T10:15:31.6901702+02:00" testType="13cdc9d9-ddb5-4fa4-a97d-d965ccfc6d4b" outcome="Passed" testListId="8c84fa94-04c1-424b-9868-57a2d4851a1d" relativeResultsDirectory="3a263de2-e1e0-48dc-b69f-ee6cf299fb20" />
    <UnitTestResult executionId="9f6b7b57-b29c-4d22-b123-11fe3b37578c" testId="c2c82a45-d7ca-4add-3396-5b3fcb6f85da" testName="Update_MemberWithInvalidClrName_Throws" computerName="ICSWS068" duration="00:00:00.3439532" startTime="2016-08-04T10:15:31.6931875+02:00" endTime="2016-08-04T10:15:32.0389998+02:00" testType="13cdc9d9-ddb5-4fa4-a97d-d965ccfc6d4b" outcome="Passed" testListId="8c84fa94-04c1-424b-9868-57a2d4851a1d" relativeResultsDirectory="9f6b7b57-b29c-4d22-b123-11fe3b37578c" />
    <UnitTestResult executionId="7a129efb-57bd-4bf1-b61e-f237a88bad7c" testId="cdfb6738-439c-f526-b3f9-9b22c8dd8b4b" testName="Update_MemberWithNullName_Throws" computerName="ICSWS068" duration="00:00:00.3506134" startTime="2016-08-04T10:15:32.0420021+02:00" endTime="2016-08-04T10:15:32.3943837+02:00" testType="13cdc9d9-ddb5-4fa4-a97d-d965ccfc6d4b" outcome="Passed" testListId="8c84fa94-04c1-424b-9868-57a2d4851a1d" relativeResultsDirectory="7a129efb-57bd-4bf1-b61e-f237a88bad7c" />
    <UnitTestResult executionId="e6ed8f97-7585-46e1-8dc2-a421ead47226" testId="8935a4d0-cd09-13ae-ade5-59818e6bd92e" testName="Update_MemberWithWhitespaceOnlyName_Throws" computerName="ICSWS068" duration="00:00:00.3379609" startTime="2016-08-04T10:15:32.3964022+02:00" endTime="2016-08-04T10:15:32.7361609+02:00" testType="13cdc9d9-ddb5-4fa4-a97d-d965ccfc6d4b" outcome="Passed" testListId="8c84fa94-04c1-424b-9868-57a2d4851a1d" relativeResultsDirectory="e6ed8f97-7585-46e1-8dc2-a421ead47226" />
    <UnitTestResult executionId="393fc048-7aab-4db4-8ed8-3d67fd2804b5" testId="d5149f1d-f1c7-b2e1-d65c-92b4383fcfd2" testName="Update_MemberWithTooLongName_Throws" computerName="ICSWS068" duration="00:00:00.3319910" startTime="2016-08-04T10:15:32.7391799+02:00" endTime="2016-08-04T10:15:33.0729382+02:00" testType="13cdc9d9-ddb5-4fa4-a97d-d965ccfc6d4b" outcome="Passed" testListId="8c84fa94-04c1-424b-9868-57a2d4851a1d" relativeResultsDirectory="393fc048-7aab-4db4-8ed8-3d67fd2804b5" />
    <UnitTestResult executionId="5ed25c5c-a438-4c56-9c04-b4fe048a5b9b" testId="18a27d1e-253f-b989-41f5-54e3c706b249" testName="Update_MemberWithLongDescription_Succeeds" computerName="ICSWS068" duration="00:00:00.3617780" startTime="2016-08-04T10:15:33.0759420+02:00" endTime="2016-08-04T10:15:33.4390243+02:00" testType="13cdc9d9-ddb5-4fa4-a97d-d965ccfc6d4b" outcome="Passed" testListId="8c84fa94-04c1-424b-9868-57a2d4851a1d" relativeResultsDirectory="5ed25c5c-a438-4c56-9c04-b4fe048a5b9b" />
    <UnitTestResult executionId="789c39b3-abb9-4d8b-8286-b057b6e0d86f" testId="13f71716-93da-f7d3-442d-81d9b2673628" testName="Update_MemberWithTooLongClrName_Throws" computerName="ICSWS068" duration="00:00:00.3332003" startTime="2016-08-04T10:15:33.4420416+02:00" endTime="2016-08-04T10:15:33.7769778+02:00" testType="13cdc9d9-ddb5-4fa4-a97d-d965ccfc6d4b" outcome="Passed" testListId="8c84fa94-04c1-424b-9868-57a2d4851a1d" relativeResultsDirectory="789c39b3-abb9-4d8b-8286-b057b6e0d86f" />
    <UnitTestResult executionId="a308ec44-0b93-4f50-b4fe-652c4f6a9046" testId="7ee1cdb0-11a9-c39f-4f56-2355910218a9" testName="Update_MemberWithSameClrNameAsParent_Throws" computerName="ICSWS068" duration="00:00:00.3680857" startTime="2016-08-04T10:15:33.7799798+02:00" endTime="2016-08-04T10:15:34.1493466+02:00" testType="13cdc9d9-ddb5-4fa4-a97d-d965ccfc6d4b" outcome="Passed" testListId="8c84fa94-04c1-424b-9868-57a2d4851a1d" relativeResultsDirectory="a308ec44-0b93-4f50-b4fe-652c4f6a9046" />
    <UnitTestResult executionId="cbdb178c-ead8-415d-bc51-e4e289528ffb" testId="cb1cf787-eb8f-727f-ee91-70d0a8ca3692" testName="Update_IsProtectedChangedAndUserIsDeveloper_ValueEncrypted" computerName="ICSWS068" duration="00:00:00.6655403" startTime="2016-08-04T10:15:34.1523483+02:00" endTime="2016-08-04T10:15:34.8193363+02:00" testType="13cdc9d9-ddb5-4fa4-a97d-d965ccfc6d4b" outcome="Passed" testListId="8c84fa94-04c1-424b-9868-57a2d4851a1d" relativeResultsDirectory="cbdb178c-ead8-415d-bc51-e4e289528ffb" />
    <UnitTestResult executionId="c9180b14-79b2-4a0d-82d7-2a0989644a0e" testId="3eb530fc-bf78-502b-5c14-d274200cdb4d" testName="UpdateAllMembers_ComplexProperties_Success" computerName="ICSWS068" duration="00:00:00.3446086" startTime="2016-08-04T10:15:34.8223372+02:00" endTime="2016-08-04T10:15:35.1681005+02:00" testType="13cdc9d9-ddb5-4fa4-a97d-d965ccfc6d4b" outcome="Passed" testListId="8c84fa94-04c1-424b-9868-57a2d4851a1d" relativeResultsDirectory="c9180b14-79b2-4a0d-82d7-2a0989644a0e" />
    <UnitTestResult executionId="a5a0db62-aa85-43d1-85d1-e75507d4cf35" testId="33dd7644-a1e7-8b0a-0ce8-d3fadf722df0" testName="ListIsProtected_ComplexProperties_ReturnsProtectedTypes" computerName="ICSWS068" duration="00:00:00.6393955" startTime="2016-08-04T10:15:35.1711031+02:00" endTime="2016-08-04T10:15:35.8121174+02:00" testType="13cdc9d9-ddb5-4fa4-a97d-d965ccfc6d4b" outcome="Passed" testListId="8c84fa94-04c1-424b-9868-57a2d4851a1d" relativeResultsDirectory="a5a0db62-aa85-43d1-85d1-e75507d4cf35" />
    <UnitTestResult executionId="e1b4e62c-188e-4065-a6a3-5116fd429b31" testId="72c6c988-427e-1954-51e5-126fae21ee9f" testName="RepositoryEntityTypeId_ReturnsSettingAttributeType" computerName="ICSWS068" duration="00:00:00.3205816" startTime="2016-08-04T10:15:35.8151024+02:00" endTime="2016-08-04T10:15:36.1372289+02:00" testType="13cdc9d9-ddb5-4fa4-a97d-d965ccfc6d4b" outcome="Passed" testListId="8c84fa94-04c1-424b-9868-57a2d4851a1d" relativeResultsDirectory="e1b4e62c-188e-4065-a6a3-5116fd429b31" />
    <UnitTestResult executionId="1f1e60a5-1145-4242-950f-3960a4a31f1f" testId="4b5d61c5-5224-8c1a-be4f-12ea1a6eb920" testName="RepositoryEntityType_ReturnsISettingAttributeType" computerName="ICSWS068" duration="00:00:00.3197106" startTime="2016-08-04T10:15:36.1402315+02:00" endTime="2016-08-04T10:15:36.4614850+02:00" testType="13cdc9d9-ddb5-4fa4-a97d-d965ccfc6d4b" outcome="Passed" testListId="8c84fa94-04c1-424b-9868-57a2d4851a1d" relativeResultsDirectory="1f1e60a5-1145-4242-950f-3960a4a31f1f" />
    <UnitTestResult executionId="42586506-2aa8-4db7-a717-af459b3c8d88" testId="7d8f4b83-d64c-f2db-26b0-37e3b214434e" testName="RepositorySystemContext_MatchesActualSystemContext" computerName="ICSWS068" duration="00:00:00.3174336" startTime="2016-08-04T10:15:36.4639864+02:00" endTime="2016-08-04T10:15:36.7826332+02:00" testType="13cdc9d9-ddb5-4fa4-a97d-d965ccfc6d4b" outcome="Passed" testListId="8c84fa94-04c1-424b-9868-57a2d4851a1d" relativeResultsDirectory="42586506-2aa8-4db7-a717-af459b3c8d88" />
    <UnitTestResult executionId="f88b1283-a93d-45e9-877f-287ffec3255b" testId="cf4241b3-be07-890b-17bd-3fc122a41f6e" testName="Exists_NodeTypeKey_ThrowsArgumentException" computerName="ICSWS068" duration="00:00:00.3265272" startTime="2016-08-04T10:15:36.7856507+02:00" endTime="2016-08-04T10:15:37.1136328+02:00" testType="13cdc9d9-ddb5-4fa4-a97d-d965ccfc6d4b" outcome="Passed" testListId="8c84fa94-04c1-424b-9868-57a2d4851a1d" relativeResultsDirectory="f88b1283-a93d-45e9-877f-287ffec3255b" />
    <UnitTestResult executionId="43608e57-f32b-4718-bc47-a7470e39c2da" testId="db841184-1579-4f5b-9ae4-3f97459f12bb" testName="Exists_KnownSettingAttributeTypeKey_ReturnsTrue (Data Row 0)" computerName="ICSWS068" duration="00:00:00.3246762" startTime="2016-08-04T08:15:37.1246411+02:00" endTime="2016-08-04T08:15:37.4489004+02:00" testType="13cdc9d9-ddb5-4fa4-a97d-d965ccfc6d4b" outcome="Passed" testListId="8c84fa94-04c1-424b-9868-57a2d4851a1d" relativeResultsDirectory="43608e57-f32b-4718-bc47-a7470e39c2da" />
    <UnitTestResult executionId="818ef3f0-c35b-44b7-8a7c-c31bbc16164a" testId="b4592732-9ff5-4c74-8e0f-0220cba2d212" testName="Exists_KnownSettingAttributeTypeKey_ReturnsTrue (Data Row 1)" computerName="ICSWS068" duration="00:00:00.3265952" startTime="2016-08-04T08:15:37.4489004+02:00" endTime="2016-08-04T08:15:37.7756506+02:00" testType="13cdc9d9-ddb5-4fa4-a97d-d965ccfc6d4b" outcome="Passed" testListId="8c84fa94-04c1-424b-9868-57a2d4851a1d" relativeResultsDirectory="818ef3f0-c35b-44b7-8a7c-c31bbc16164a" />
    <UnitTestResult executionId="5c53a38c-42af-441c-b8a1-4f0fccac9d18" testId="41e38047-a6bd-4078-a433-7c9c8add61b6" testName="Exists_KnownSettingAttributeTypeKey_ReturnsTrue (Data Row 2)" computerName="ICSWS068" duration="00:00:00.3240041" startTime="2016-08-04T08:15:37.7756506+02:00" endTime="2016-08-04T08:15:38.0995028+02:00" testType="13cdc9d9-ddb5-4fa4-a97d-d965ccfc6d4b" outcome="Passed" testListId="8c84fa94-04c1-424b-9868-57a2d4851a1d" relativeResultsDirectory="5c53a38c-42af-441c-b8a1-4f0fccac9d18" />
    <UnitTestResult executionId="e9cf30ea-92f3-4a56-815f-1ba1915fa000" testId="7827bdac-f5a4-4b87-9b38-4a3302f1b8cd" testName="Exists_KnownSettingAttributeTypeKey_ReturnsTrue (Data Row 3)" computerName="ICSWS068" duration="00:00:00.3218472" startTime="2016-08-04T08:15:38.0995028+02:00" endTime="2016-08-04T08:15:38.4217449+02:00" testType="13cdc9d9-ddb5-4fa4-a97d-d965ccfc6d4b" outcome="Passed" testListId="8c84fa94-04c1-424b-9868-57a2d4851a1d" relativeResultsDirectory="e9cf30ea-92f3-4a56-815f-1ba1915fa000" />
    <UnitTestResult executionId="90760cb1-b697-4620-b5c0-73bf88fcdfb4" testId="cdc6ff22-05f7-416c-b4cd-8994c5bfe884" testName="Exists_KnownSettingAttributeTypeKey_ReturnsTrue (Data Row 4)" computerName="ICSWS068" duration="00:00:00.3610425" startTime="2016-08-04T08:15:38.4217449+02:00" endTime="2016-08-04T08:15:38.7820349+02:00" testType="13cdc9d9-ddb5-4fa4-a97d-d965ccfc6d4b" outcome="Passed" testListId="8c84fa94-04c1-424b-9868-57a2d4851a1d" relativeResultsDirectory="90760cb1-b697-4620-b5c0-73bf88fcdfb4" />
    <UnitTestResult executionId="baac479f-074a-48b5-ba28-a3184cc8ba2e" testId="725a0a3a-b2e3-c71e-4acf-e283f33339d1" testName="Exists_NonExistingSettingAttributeTypeKey_ReturnsFalse" computerName="ICSWS068" duration="00:00:00.3336502" startTime="2016-08-04T10:15:38.7860384+02:00" endTime="2016-08-04T10:15:39.1212034+02:00" testType="13cdc9d9-ddb5-4fa4-a97d-d965ccfc6d4b" outcome="Passed" testListId="8c84fa94-04c1-424b-9868-57a2d4851a1d" relativeResultsDirectory="baac479f-074a-48b5-ba28-a3184cc8ba2e" />
    <UnitTestResult executionId="b3425cc3-e788-4a8b-b26c-c0d304655650" testId="c00120f7-27d7-e6fa-3a74-f69c9610cef8" testName="CreateInstance_CreatesNewSettingAttributeType" computerName="ICSWS068" duration="00:00:00.3209672" startTime="2016-08-04T10:15:39.1242221+02:00" endTime="2016-08-04T10:15:39.4464811+02:00" testType="13cdc9d9-ddb5-4fa4-a97d-d965ccfc6d4b" outcome="Passed" testListId="8c84fa94-04c1-424b-9868-57a2d4851a1d" relativeResultsDirectory="b3425cc3-e788-4a8b-b26c-c0d304655650" />
    <UnitTestResult executionId="e374485d-4fba-48b7-a2c9-f03a14276d85" testId="337c8b1a-6395-4618-859e-021d3976cc4a" testName="List_ContainsEachKnownSettingAttributeTypeOnce (Data Row 0)" computerName="ICSWS068" duration="00:00:00.3295130" startTime="2016-08-04T08:15:39.4514690+02:00" endTime="2016-08-04T08:15:39.7810707+02:00" testType="13cdc9d9-ddb5-4fa4-a97d-d965ccfc6d4b" outcome="Passed" testListId="8c84fa94-04c1-424b-9868-57a2d4851a1d" relativeResultsDirectory="e374485d-4fba-48b7-a2c9-f03a14276d85" />
    <UnitTestResult executionId="e6d7d722-9f17-4157-bbfb-482e1e1548f8" testId="39c33e5c-1822-4164-a1e1-8443a7cee297" testName="List_ContainsEachKnownSettingAttributeTypeOnce (Data Row 1)" computerName="ICSWS068" duration="00:00:00.3866355" startTime="2016-08-04T08:15:39.7810707+02:00" endTime="2016-08-04T08:15:40.1677929+02:00" testType="13cdc9d9-ddb5-4fa4-a97d-d965ccfc6d4b" outcome="Passed" testListId="8c84fa94-04c1-424b-9868-57a2d4851a1d" relativeResultsDirectory="e6d7d722-9f17-4157-bbfb-482e1e1548f8" />
    <UnitTestResult executionId="34b594a5-25cc-428e-bb6f-5f59bc670d2d" testId="613ad502-1141-41fb-8bfa-1aad1eee76fd" testName="List_ContainsEachKnownSettingAttributeTypeOnce (Data Row 2)" computerName="ICSWS068" duration="00:00:00.3228478" startTime="2016-08-04T08:15:40.1677929+02:00" endTime="2016-08-04T08:15:40.4900528+02:00" testType="13cdc9d9-ddb5-4fa4-a97d-d965ccfc6d4b" outcome="Passed" testListId="8c84fa94-04c1-424b-9868-57a2d4851a1d" relativeResultsDirectory="34b594a5-25cc-428e-bb6f-5f59bc670d2d" />
    <UnitTestResult executionId="3df3632b-b7f8-48ae-a7bc-ee1f38ac4d6f" testId="45d816ca-a164-4355-a918-a79e1bf6e997" testName="List_ContainsEachKnownSettingAttributeTypeOnce (Data Row 3)" computerName="ICSWS068" duration="00:00:00.3306834" startTime="2016-08-04T08:15:40.4900528+02:00" endTime="2016-08-04T08:15:40.8214392+02:00" testType="13cdc9d9-ddb5-4fa4-a97d-d965ccfc6d4b" outcome="Passed" testListId="8c84fa94-04c1-424b-9868-57a2d4851a1d" relativeResultsDirectory="3df3632b-b7f8-48ae-a7bc-ee1f38ac4d6f" />
    <UnitTestResult executionId="3337a335-2464-4eec-b8e9-44044cdc49d7" testId="590565ad-25ad-4574-9f3f-1845e3699f7e" testName="List_ContainsEachKnownSettingAttributeTypeOnce (Data Row 4)" computerName="ICSWS068" duration="00:00:00.3379624" startTime="2016-08-04T08:15:40.8214392+02:00" endTime="2016-08-04T08:15:41.1587320+02:00" testType="13cdc9d9-ddb5-4fa4-a97d-d965ccfc6d4b" outcome="Passed" testListId="8c84fa94-04c1-424b-9868-57a2d4851a1d" relativeResultsDirectory="3337a335-2464-4eec-b8e9-44044cdc49d7" />
    <UnitTestResult executionId="2b83bc5e-7c96-41bb-9577-0264b341ff7e" testId="d9fd60e2-414a-e805-0886-c309e9aac01f" testName="List_ShouldSetSystemContextCorrectly" computerName="ICSWS068" duration="00:00:00.3301726" startTime="2016-08-04T10:15:41.1627460+02:00" endTime="2016-08-04T10:15:41.4941483+02:00" testType="13cdc9d9-ddb5-4fa4-a97d-d965ccfc6d4b" outcome="Passed" testListId="8c84fa94-04c1-424b-9868-57a2d4851a1d" relativeResultsDirectory="2b83bc5e-7c96-41bb-9577-0264b341ff7e" />
    <UnitTestResult executionId="cdc5d94e-0962-4d66-a075-dcf4ea655984" testId="1c4d7d12-d4e2-e013-143c-3f6a8057de6e" testName="GetById_NewGuid_ThrowsEntityNotFoundException" computerName="ICSWS068" duration="00:00:00.3323564" startTime="2016-08-04T10:15:41.4971670+02:00" endTime="2016-08-04T10:15:41.8304250+02:00" testType="13cdc9d9-ddb5-4fa4-a97d-d965ccfc6d4b" outcome="Passed" testListId="8c84fa94-04c1-424b-9868-57a2d4851a1d" relativeResultsDirectory="cdc5d94e-0962-4d66-a075-dcf4ea655984" />
    <UnitTestResult executionId="4db5e732-c993-4ce2-b8b1-d830799ae7af" testId="f716848e-f6a2-4ddc-b94e-a61d32178076" testName="GetById_KnownSettingAttributeTypeId_ReturnsEntityWithCorrectProperties (Data Row 0)" computerName="ICSWS068" duration="00:00:00.3309904" startTime="2016-08-04T08:15:41.8364302+02:00" endTime="2016-08-04T08:15:42.1675442+02:00" testType="13cdc9d9-ddb5-4fa4-a97d-d965ccfc6d4b" outcome="Passed" testListId="8c84fa94-04c1-424b-9868-57a2d4851a1d" relativeResultsDirectory="4db5e732-c993-4ce2-b8b1-d830799ae7af" />
    <UnitTestResult executionId="ac95d621-e467-42ed-b10e-614b2c581ca3" testId="75656252-34a7-4efa-b937-a4d7549ab0e1" testName="GetById_KnownSettingAttributeTypeId_ReturnsEntityWithCorrectProperties (Data Row 1)" computerName="ICSWS068" duration="00:00:00.3266049" startTime="2016-08-04T08:15:42.1675442+02:00" endTime="2016-08-04T08:15:42.4938070+02:00" testType="13cdc9d9-ddb5-4fa4-a97d-d965ccfc6d4b" outcome="Passed" testListId="8c84fa94-04c1-424b-9868-57a2d4851a1d" relativeResultsDirectory="ac95d621-e467-42ed-b10e-614b2c581ca3" />
    <UnitTestResult executionId="5cc97e84-f351-48f5-b89c-c56ba330a057" testId="f48de181-c71f-47a2-a6d6-629787ee91e2" testName="GetById_KnownSettingAttributeTypeId_ReturnsEntityWithCorrectProperties (Data Row 2)" computerName="ICSWS068" duration="00:00:00.3640926" startTime="2016-08-04T08:15:42.4938070+02:00" endTime="2016-08-04T08:15:42.8578961+02:00" testType="13cdc9d9-ddb5-4fa4-a97d-d965ccfc6d4b" outcome="Passed" testListId="8c84fa94-04c1-424b-9868-57a2d4851a1d" relativeResultsDirectory="5cc97e84-f351-48f5-b89c-c56ba330a057" />
    <UnitTestResult executionId="e47d3988-7500-4bb9-aab9-b49740692416" testId="7186b674-56fe-415a-b3e9-4ccf7e3ca360" testName="GetById_KnownSettingAttributeTypeId_ReturnsEntityWithCorrectProperties (Data Row 3)" computerName="ICSWS068" duration="00:00:00.3401606" startTime="2016-08-04T08:15:42.8578961+02:00" endTime="2016-08-04T08:15:43.1977768+02:00" testType="13cdc9d9-ddb5-4fa4-a97d-d965ccfc6d4b" outcome="Passed" testListId="8c84fa94-04c1-424b-9868-57a2d4851a1d" relativeResultsDirectory="e47d3988-7500-4bb9-aab9-b49740692416" />
    <UnitTestResult executionId="204c98e9-a01d-493e-b998-ce754896860a" testId="fa437a13-485b-4a8d-8a69-187b341fdc81" testName="GetById_KnownSettingAttributeTypeId_ReturnsEntityWithCorrectProperties (Data Row 4)" computerName="ICSWS068" duration="00:00:00.3295063" startTime="2016-08-04T08:15:43.1977768+02:00" endTime="2016-08-04T08:15:43.5275888+02:00" testType="13cdc9d9-ddb5-4fa4-a97d-d965ccfc6d4b" outcome="Passed" testListId="8c84fa94-04c1-424b-9868-57a2d4851a1d" relativeResultsDirectory="204c98e9-a01d-493e-b998-ce754896860a" />
    <UnitTestResult executionId="06844bf4-f081-449e-8561-a89d72c9edca" testId="64c64ca4-d60c-9c81-8c42-4bdd472ed911" testName="GetByName_NullName_ThrowsArgumentNullException" computerName="ICSWS068" duration="00:00:00.3268650" startTime="2016-08-04T10:15:43.5305981+02:00" endTime="2016-08-04T10:15:43.8590503+02:00" testType="13cdc9d9-ddb5-4fa4-a97d-d965ccfc6d4b" outcome="Passed" testListId="8c84fa94-04c1-424b-9868-57a2d4851a1d" relativeResultsDirectory="06844bf4-f081-449e-8561-a89d72c9edca" />
    <UnitTestResult executionId="dcb4a6f5-960e-4526-822b-18d82103ccce" testId="cec21d27-b177-fdf3-51a4-91771b181a00" testName="GetByName_NewGuid_ThrowsEntityNotFoundException" computerName="ICSWS068" duration="00:00:00.3236032" startTime="2016-08-04T10:15:43.8630535+02:00" endTime="2016-08-04T10:15:44.1883808+02:00" testType="13cdc9d9-ddb5-4fa4-a97d-d965ccfc6d4b" outcome="Passed" testListId="8c84fa94-04c1-424b-9868-57a2d4851a1d" relativeResultsDirectory="dcb4a6f5-960e-4526-822b-18d82103ccce" />
    <UnitTestResult executionId="faa50d4c-ee41-474b-b282-e7db7d7b7e39" testId="97f028f2-8be0-40e7-a176-acf902a2295b" testName="GetByName_KnownSettingAttributeTypeId_ReturnsEntityWithCorrectProperties (Data Row 0)" computerName="ICSWS068" duration="00:00:00.3245841" startTime="2016-08-04T08:15:44.1934018+02:00" endTime="2016-08-04T08:15:44.5180368+02:00" testType="13cdc9d9-ddb5-4fa4-a97d-d965ccfc6d4b" outcome="Passed" testListId="8c84fa94-04c1-424b-9868-57a2d4851a1d" relativeResultsDirectory="faa50d4c-ee41-474b-b282-e7db7d7b7e39" />
    <UnitTestResult executionId="3ba1713a-242f-4f4d-92cc-cd357293a10a" testId="5f8a8592-0c4b-4164-9e92-a45fe91eea47" testName="GetByName_KnownSettingAttributeTypeId_ReturnsEntityWithCorrectProperties (Data Row 1)" computerName="ICSWS068" duration="00:00:00.3614407" startTime="2016-08-04T08:15:44.5180368+02:00" endTime="2016-08-04T08:15:44.8796468+02:00" testType="13cdc9d9-ddb5-4fa4-a97d-d965ccfc6d4b" outcome="Passed" testListId="8c84fa94-04c1-424b-9868-57a2d4851a1d" relativeResultsDirectory="3ba1713a-242f-4f4d-92cc-cd357293a10a" />
    <UnitTestResult executionId="e1854c87-59df-4ecf-928e-07b937a56d1d" testId="b777c464-1692-455e-9ea0-63925f0c67d5" testName="GetByName_KnownSettingAttributeTypeId_ReturnsEntityWithCorrectProperties (Data Row 2)" computerName="ICSWS068" duration="00:00:00.3290107" startTime="2016-08-04T08:15:44.8796468+02:00" endTime="2016-08-04T08:15:45.2089098+02:00" testType="13cdc9d9-ddb5-4fa4-a97d-d965ccfc6d4b" outcome="Passed" testListId="8c84fa94-04c1-424b-9868-57a2d4851a1d" relativeResultsDirectory="e1854c87-59df-4ecf-928e-07b937a56d1d" />
    <UnitTestResult executionId="2edaf320-c297-4917-8e92-1c1d63bd426c" testId="5e0d0650-226a-4f3b-88d9-9eb5c34e12f4" testName="GetByName_KnownSettingAttributeTypeId_ReturnsEntityWithCorrectProperties (Data Row 3)" computerName="ICSWS068" duration="00:00:00.3518225" startTime="2016-08-04T08:15:45.2089098+02:00" endTime="2016-08-04T08:15:45.5601598+02:00" testType="13cdc9d9-ddb5-4fa4-a97d-d965ccfc6d4b" outcome="Passed" testListId="8c84fa94-04c1-424b-9868-57a2d4851a1d" relativeResultsDirectory="2edaf320-c297-4917-8e92-1c1d63bd426c" />
    <UnitTestResult executionId="eb973e3d-34b4-4c8d-b90f-0ef7deb87df2" testId="8bc920ae-6036-4fbc-b7e9-9bca1fa9182c" testName="GetByName_KnownSettingAttributeTypeId_ReturnsEntityWithCorrectProperties (Data Row 4)" computerName="ICSWS068" duration="00:00:00.3294474" startTime="2016-08-04T08:15:45.5601598+02:00" endTime="2016-08-04T08:15:45.8899932+02:00" testType="13cdc9d9-ddb5-4fa4-a97d-d965ccfc6d4b" outcome="Passed" testListId="8c84fa94-04c1-424b-9868-57a2d4851a1d" relativeResultsDirectory="eb973e3d-34b4-4c8d-b90f-0ef7deb87df2" />
    <UnitTestResult executionId="944335ff-2890-44a7-9dc9-dfb540cbf6d2" testId="27258027-141f-f834-ef40-dca70989f5b8" testName="GetByKey_NewGuid_ThrowsEntityNotFoundException" computerName="ICSWS068" duration="00:00:00.3793412" startTime="2016-08-04T10:15:45.8939794+02:00" endTime="2016-08-04T10:15:46.2745013+02:00" testType="13cdc9d9-ddb5-4fa4-a97d-d965ccfc6d4b" outcome="Passed" testListId="8c84fa94-04c1-424b-9868-57a2d4851a1d" relativeResultsDirectory="944335ff-2890-44a7-9dc9-dfb540cbf6d2" />
    <UnitTestResult executionId="fb2987d5-0241-4095-b19d-924e6cfe2691" testId="a70ef2d8-e8bc-4f5d-96c0-cb6970e10911" testName="GetByKey_KnownSettingAttributeTypeKey_ReturnsEntityWithCorrectProperties (Data Row 0)" computerName="ICSWS068" duration="00:00:00.3263562" startTime="2016-08-04T08:15:46.2795030+02:00" endTime="2016-08-04T08:15:46.6060887+02:00" testType="13cdc9d9-ddb5-4fa4-a97d-d965ccfc6d4b" outcome="Passed" testListId="8c84fa94-04c1-424b-9868-57a2d4851a1d" relativeResultsDirectory="fb2987d5-0241-4095-b19d-924e6cfe2691" />
    <UnitTestResult executionId="3ce64a27-b004-403d-9443-387523576646" testId="2da559a4-a882-4c6c-adcf-d2dd74092e52" testName="GetByKey_KnownSettingAttributeTypeKey_ReturnsEntityWithCorrectProperties (Data Row 1)" computerName="ICSWS068" duration="00:00:00.3424321" startTime="2016-08-04T08:15:46.6060887+02:00" endTime="2016-08-04T08:15:46.9481125+02:00" testType="13cdc9d9-ddb5-4fa4-a97d-d965ccfc6d4b" outcome="Passed" testListId="8c84fa94-04c1-424b-9868-57a2d4851a1d" relativeResultsDirectory="3ce64a27-b004-403d-9443-387523576646" />
    <UnitTestResult executionId="2e8bdd73-6c8b-479c-bab8-172b8eb6d32a" testId="b7c9d3c5-e9df-44ec-b27d-0d5090597d94" testName="GetByKey_KnownSettingAttributeTypeKey_ReturnsEntityWithCorrectProperties (Data Row 2)" computerName="ICSWS068" duration="00:00:00.3188450" startTime="2016-08-04T08:15:46.9481125+02:00" endTime="2016-08-04T08:15:47.2670897+02:00" testType="13cdc9d9-ddb5-4fa4-a97d-d965ccfc6d4b" outcome="Passed" testListId="8c84fa94-04c1-424b-9868-57a2d4851a1d" relativeResultsDirectory="2e8bdd73-6c8b-479c-bab8-172b8eb6d32a" />
    <UnitTestResult executionId="1eb1eb44-e8b7-4b5e-b6e1-46ffcaa3674c" testId="8143aa73-b667-42b1-8af8-bec9bc63421f" testName="GetByKey_KnownSettingAttributeTypeKey_ReturnsEntityWithCorrectProperties (Data Row 3)" computerName="ICSWS068" duration="00:00:00.3284236" startTime="2016-08-04T08:15:47.2670897+02:00" endTime="2016-08-04T08:15:47.5950252+02:00" testType="13cdc9d9-ddb5-4fa4-a97d-d965ccfc6d4b" outcome="Passed" testListId="8c84fa94-04c1-424b-9868-57a2d4851a1d" relativeResultsDirectory="1eb1eb44-e8b7-4b5e-b6e1-46ffcaa3674c" />
    <UnitTestResult executionId="1409ab28-148e-40b9-b7a6-0304d1fc835b" testId="ccf3867f-d14b-4d87-a38e-8fd92a327551" testName="GetByKey_KnownSettingAttributeTypeKey_ReturnsEntityWithCorrectProperties (Data Row 4)" computerName="ICSWS068" duration="00:00:00.3259729" startTime="2016-08-04T08:15:47.5950252+02:00" endTime="2016-08-04T08:15:47.9211707+02:00" testType="13cdc9d9-ddb5-4fa4-a97d-d965ccfc6d4b" outcome="Passed" testListId="8c84fa94-04c1-424b-9868-57a2d4851a1d" relativeResultsDirectory="1409ab28-148e-40b9-b7a6-0304d1fc835b" />
    <UnitTestResult executionId="73ed63e8-4bd4-4eca-9234-36c4e198d628" testId="dcdc3452-ec67-6d95-e78f-0d1664d38bee" testName="GetByKey_UnsupportedKey_ThrowsArgumentException" computerName="ICSWS068" duration="00:00:00.3515357" startTime="2016-08-04T10:15:47.9271750+02:00" endTime="2016-08-04T10:15:48.2800552+02:00" testType="13cdc9d9-ddb5-4fa4-a97d-d965ccfc6d4b" outcome="Passed" testListId="8c84fa94-04c1-424b-9868-57a2d4851a1d" relativeResultsDirectory="73ed63e8-4bd4-4eca-9234-36c4e198d628" />
    <UnitTestResult executionId="cacc370c-8873-4f05-81f5-257bdbde7ba6" testId="7d78b9bb-33f7-f26d-55eb-fae822972226" testName="Delete_UnusedSettingAttributeType_SuccessfullyDeletesSettingAttributeType" computerName="ICSWS068" duration="00:00:00.3549570" startTime="2016-08-04T10:15:48.2830581+02:00" endTime="2016-08-04T10:15:48.6388585+02:00" testType="13cdc9d9-ddb5-4fa4-a97d-d965ccfc6d4b" outcome="Passed" testListId="8c84fa94-04c1-424b-9868-57a2d4851a1d" relativeResultsDirectory="cacc370c-8873-4f05-81f5-257bdbde7ba6" />
    <UnitTestResult executionId="f482ff02-eb97-47bd-a4d0-6064df8b6f7a" testId="fb8af4c4-b1c4-ef6f-2f43-1c50a09f694b" testName="Delete_UnusedSettingAttributeType_ThrowsUnauthorizedAccessException" computerName="ICSWS068" duration="00:00:00.3317042" startTime="2016-08-04T10:15:48.6428608+02:00" endTime="2016-08-04T10:15:48.9751965+02:00" testType="13cdc9d9-ddb5-4fa4-a97d-d965ccfc6d4b" outcome="Passed" testListId="8c84fa94-04c1-424b-9868-57a2d4851a1d" relativeResultsDirectory="f482ff02-eb97-47bd-a4d0-6064df8b6f7a" />
    <UnitTestResult executionId="cc2f6658-cff8-494b-bc28-ab3707ffea63" testId="edeb85b1-1ec0-403a-fc4c-c0eaa242ea0b" testName="Delete_NonDeletableSettingAttributeType_ThrowsEntityDependencyException" computerName="ICSWS068" duration="00:00:00.3274043" startTime="2016-08-04T10:15:48.9781987+02:00" endTime="2016-08-04T10:15:49.3074761+02:00" testType="13cdc9d9-ddb5-4fa4-a97d-d965ccfc6d4b" outcome="Passed" testListId="8c84fa94-04c1-424b-9868-57a2d4851a1d" relativeResultsDirectory="cc2f6658-cff8-494b-bc28-ab3707ffea63" />
    <UnitTestResult executionId="dd3125db-1314-44c2-b453-c64954dd4165" testId="421f9624-cc85-dc26-202d-c1f1db7fc663" testName="Add_NullName_ThrowsConditionalErrorException" computerName="ICSWS068" duration="00:00:00.3213194" startTime="2016-08-04T10:15:49.3109790+02:00" endTime="2016-08-04T10:15:49.6340550+02:00" testType="13cdc9d9-ddb5-4fa4-a97d-d965ccfc6d4b" outcome="Passed" testListId="8c84fa94-04c1-424b-9868-57a2d4851a1d" relativeResultsDirectory="dd3125db-1314-44c2-b453-c64954dd4165" />
    <UnitTestResult executionId="c2eddf5a-8b9f-441c-aa4c-e08294a26abe" testId="5f52b7b2-6bd8-2819-a025-247aa29a127e" testName="Add_EmptyName_ThrowsStringLengthErrorException" computerName="ICSWS068" duration="00:00:00.3157409" startTime="2016-08-04T10:15:49.6360726+02:00" endTime="2016-08-04T10:15:49.9531141+02:00" testType="13cdc9d9-ddb5-4fa4-a97d-d965ccfc6d4b" outcome="Passed" testListId="8c84fa94-04c1-424b-9868-57a2d4851a1d" relativeResultsDirectory="c2eddf5a-8b9f-441c-aa4c-e08294a26abe" />
    <UnitTestResult executionId="e3beb11c-b3d6-4687-bfbe-78ace7ad54df" testId="624534c5-e303-854c-783e-175ca708c961" testName="Add_WhiteSpaceOnlyName_ThrowsStringLengthErrorException" computerName="ICSWS068" duration="00:00:00.3293409" startTime="2016-08-04T10:15:49.9561164+02:00" endTime="2016-08-04T10:15:50.2869211+02:00" testType="13cdc9d9-ddb5-4fa4-a97d-d965ccfc6d4b" outcome="Passed" testListId="8c84fa94-04c1-424b-9868-57a2d4851a1d" relativeResultsDirectory="e3beb11c-b3d6-4687-bfbe-78ace7ad54df" />
    <UnitTestResult executionId="f05165e9-baaa-4511-992d-3795cdad2fec" testId="56f848dd-e1d9-2541-740b-b30c306289ca" testName="Add_TooLongName_ThrowsStringLengthErrorException" computerName="ICSWS068" duration="00:00:00.3383152" startTime="2016-08-04T10:15:50.2899236+02:00" endTime="2016-08-04T10:15:50.6298375+02:00" testType="13cdc9d9-ddb5-4fa4-a97d-d965ccfc6d4b" outcome="Passed" testListId="8c84fa94-04c1-424b-9868-57a2d4851a1d" relativeResultsDirectory="f05165e9-baaa-4511-992d-3795cdad2fec" />
    <UnitTestResult executionId="1b4ab625-cff5-49b0-9c17-7250b4e9327a" testId="f1583a66-e8dd-d88e-e833-75848dab17a8" testName="Add_LongDescription_Succeeds" computerName="ICSWS068" duration="00:00:00.3239135" startTime="2016-08-04T10:15:50.6328383+02:00" endTime="2016-08-04T10:15:50.9581038+02:00" testType="13cdc9d9-ddb5-4fa4-a97d-d965ccfc6d4b" outcome="Passed" testListId="8c84fa94-04c1-424b-9868-57a2d4851a1d" relativeResultsDirectory="1b4ab625-cff5-49b0-9c17-7250b4e9327a" />
    <UnitTestResult executionId="7b3ad624-8123-4c36-a52f-077964ca6bb1" testId="55663d08-f87d-599a-1d28-931299b661c3" testName="Add_ValidProperties_IdAndTimesAreUpdatedCorrectly" computerName="ICSWS068" duration="00:00:00.3251694" startTime="2016-08-04T10:15:50.9611219+02:00" endTime="2016-08-04T10:15:51.2878055+02:00" testType="13cdc9d9-ddb5-4fa4-a97d-d965ccfc6d4b" outcome="Passed" testListId="8c84fa94-04c1-424b-9868-57a2d4851a1d" relativeResultsDirectory="7b3ad624-8123-4c36-a52f-077964ca6bb1" />
    <UnitTestResult executionId="a7a73fae-253b-4867-8df7-2af7d92338e5" testId="0b2aa059-2716-db18-2203-79c887d9feb7" testName="Add_ComplexProperties_ArePersistedCorrectly" computerName="ICSWS068" duration="00:00:00.3387181" startTime="2016-08-04T10:15:51.2908236+02:00" endTime="2016-08-04T10:15:51.6312434+02:00" testType="13cdc9d9-ddb5-4fa4-a97d-d965ccfc6d4b" outcome="Passed" testListId="8c84fa94-04c1-424b-9868-57a2d4851a1d" relativeResultsDirectory="a7a73fae-253b-4867-8df7-2af7d92338e5" />
    <UnitTestResult executionId="fd26b617-e069-4ec6-8710-23b01350b431" testId="24c59163-b0e7-53ef-7a15-309cd6eaf594" testName="Add_DuplicateName_ThrowsUniqueValueAddConflictException" computerName="ICSWS068" duration="00:00:00.3803954" startTime="2016-08-04T10:15:51.6332615+02:00" endTime="2016-08-04T10:15:52.0157348+02:00" testType="13cdc9d9-ddb5-4fa4-a97d-d965ccfc6d4b" outcome="Passed" testListId="8c84fa94-04c1-424b-9868-57a2d4851a1d" relativeResultsDirectory="fd26b617-e069-4ec6-8710-23b01350b431" />
    <UnitTestResult executionId="9228e388-c780-4d38-82e7-041d3f39f59a" testId="cac470ef-783d-aa82-f4d1-8201798cf710" testName="Add_DuplicateClrName_ThrowsUniqueValidAddConflictException" computerName="ICSWS068" duration="00:00:00.3365445" startTime="2016-08-04T10:15:52.0192412+02:00" endTime="2016-08-04T10:15:52.3566835+02:00" testType="13cdc9d9-ddb5-4fa4-a97d-d965ccfc6d4b" outcome="Passed" testListId="8c84fa94-04c1-424b-9868-57a2d4851a1d" relativeResultsDirectory="9228e388-c780-4d38-82e7-041d3f39f59a" />
    <UnitTestResult executionId="0942c722-ed7f-43fd-adbe-25ce27e59b94" testId="645adbce-9b94-00b8-df66-9b8427c4966b" testName="Add_InvalidClrName_Throws" computerName="ICSWS068" duration="00:00:00.3151744" startTime="2016-08-04T10:15:52.3596852+02:00" endTime="2016-08-04T10:15:52.6762575+02:00" testType="13cdc9d9-ddb5-4fa4-a97d-d965ccfc6d4b" outcome="Passed" testListId="8c84fa94-04c1-424b-9868-57a2d4851a1d" relativeResultsDirectory="0942c722-ed7f-43fd-adbe-25ce27e59b94" />
    <UnitTestResult executionId="14cfca5d-2445-41e6-9a19-6843b7745a85" testId="2dcca2ae-3a74-b523-9a2b-0dac6c0faa1d" testName="Add_NullClrName_GeneratesClrName" computerName="ICSWS068" duration="00:00:00.3375510" startTime="2016-08-04T10:15:52.6802601+02:00" endTime="2016-08-04T10:15:53.0185362+02:00" testType="13cdc9d9-ddb5-4fa4-a97d-d965ccfc6d4b" outcome="Passed" testListId="8c84fa94-04c1-424b-9868-57a2d4851a1d" relativeResultsDirectory="14cfca5d-2445-41e6-9a19-6843b7745a85" />
    <UnitTestResult executionId="ebe095a0-ad8e-4fcd-ac7a-0e9b659c1330" testId="0c309ebb-5a4c-50ce-6bf0-509ddb9b6e93" testName="Add_TooLongClrName_ThrowsStringLengthErrorException" computerName="ICSWS068" duration="00:00:00.3322068" startTime="2016-08-04T10:15:53.0217716+02:00" endTime="2016-08-04T10:15:53.3556375+02:00" testType="13cdc9d9-ddb5-4fa4-a97d-d965ccfc6d4b" outcome="Passed" testListId="8c84fa94-04c1-424b-9868-57a2d4851a1d" relativeResultsDirectory="ebe095a0-ad8e-4fcd-ac7a-0e9b659c1330" />
    <UnitTestResult executionId="f684b3b4-0e6e-4017-af4e-ddd4bc9878df" testId="90a52c41-169a-bc36-2a7b-9e8e4754482f" testName="Add_MemberWithInvalidClrName_Throws" computerName="ICSWS068" duration="00:00:00.3758515" startTime="2016-08-04T10:15:53.3586568+02:00" endTime="2016-08-04T10:15:53.7364677+02:00" testType="13cdc9d9-ddb5-4fa4-a97d-d965ccfc6d4b" outcome="Passed" testListId="8c84fa94-04c1-424b-9868-57a2d4851a1d" relativeResultsDirectory="f684b3b4-0e6e-4017-af4e-ddd4bc9878df" />
    <UnitTestResult executionId="b176fd70-acc2-45c8-b29f-bd088cc64328" testId="a3389b3b-4d8b-ae70-ae91-9e1f99da566a" testName="Add_MemberWithSameClrNameAsParent_Throws" computerName="ICSWS068" duration="00:00:00.3666421" startTime="2016-08-04T10:15:53.7394876+02:00" endTime="2016-08-04T10:15:54.1078138+02:00" testType="13cdc9d9-ddb5-4fa4-a97d-d965ccfc6d4b" outcome="Passed" testListId="8c84fa94-04c1-424b-9868-57a2d4851a1d" relativeResultsDirectory="b176fd70-acc2-45c8-b29f-bd088cc64328" />
    <UnitTestResult executionId="79ed309e-ce15-4baf-bc3e-166dcda79b71" testId="1332bc89-75e0-90ad-5927-7874682a1222" testName="Add_MemberIsProtectedAndSystemSetForEncryption_MemberStoredEncrypted" computerName="ICSWS068" duration="00:00:00.3621871" startTime="2016-08-04T10:15:54.1112947+02:00" endTime="2016-08-04T10:15:54.4748187+02:00" testType="13cdc9d9-ddb5-4fa4-a97d-d965ccfc6d4b" outcome="Passed" testListId="8c84fa94-04c1-424b-9868-57a2d4851a1d" relativeResultsDirectory="79ed309e-ce15-4baf-bc3e-166dcda79b71" />
    <UnitTestResult executionId="5c976582-1614-4371-96d5-6718514a7606" testId="58474cb3-c417-08cf-a57b-d1b4aa609ae1" testName="Update_NullName_ThrowsConditionalErrorException" computerName="ICSWS068" duration="00:00:00.3777283" startTime="2016-08-04T10:15:54.4778205+02:00" endTime="2016-08-04T10:15:54.8581102+02:00" testType="13cdc9d9-ddb5-4fa4-a97d-d965ccfc6d4b" outcome="Passed" testListId="8c84fa94-04c1-424b-9868-57a2d4851a1d" relativeResultsDirectory="5c976582-1614-4371-96d5-6718514a7606" />
    <UnitTestResult executionId="54c5d85b-0d46-4368-a45b-dcf5cc523802" testId="95becb3c-cfd9-4c18-4142-6764b79c1e8a" testName="Update_EmtpyName_ThrowsStringLengthErrorException" computerName="ICSWS068" duration="00:00:00.3549620" startTime="2016-08-04T10:15:54.8611122+02:00" endTime="2016-08-04T10:15:55.2182730+02:00" testType="13cdc9d9-ddb5-4fa4-a97d-d965ccfc6d4b" outcome="Passed" testListId="8c84fa94-04c1-424b-9868-57a2d4851a1d" relativeResultsDirectory="54c5d85b-0d46-4368-a45b-dcf5cc523802" />
    <UnitTestResult executionId="9312d133-f3d2-4682-8a29-105c593e8c4d" testId="794bba79-3f94-eb77-2537-79bfaeca7a69" testName="Update_WhitespaceOnlyName_ThrowsStringLengthErrorException" computerName="ICSWS068" duration="00:00:00.3938282" startTime="2016-08-04T10:15:55.2222761+02:00" endTime="2016-08-04T10:15:55.6175788+02:00" testType="13cdc9d9-ddb5-4fa4-a97d-d965ccfc6d4b" outcome="Passed" testListId="8c84fa94-04c1-424b-9868-57a2d4851a1d" relativeResultsDirectory="9312d133-f3d2-4682-8a29-105c593e8c4d" />
    <UnitTestResult executionId="096179e6-d9e5-4bbc-ae5e-9b779441dfa6" testId="8b72a64e-3f72-8519-2582-dccfde7ff0fd" testName="Update_TooLongName_ThrowsStringLengthErrorException" computerName="ICSWS068" duration="00:00:00.3362877" startTime="2016-08-04T10:15:55.6200802+02:00" endTime="2016-08-04T10:15:55.9578469+02:00" testType="13cdc9d9-ddb5-4fa4-a97d-d965ccfc6d4b" outcome="Passed" testListId="8c84fa94-04c1-424b-9868-57a2d4851a1d" relativeResultsDirectory="096179e6-d9e5-4bbc-ae5e-9b779441dfa6" />
    <UnitTestResult executionId="7ed6c690-2982-49a9-a509-73b8b97a03ca" testId="3e1a80b5-3aa3-5dce-65d4-f5c63cc0aa38" testName="Update_LongDescription_Succeeds" computerName="ICSWS068" duration="00:00:00.3346358" startTime="2016-08-04T10:15:55.9603656+02:00" endTime="2016-08-04T10:15:56.2967652+02:00" testType="13cdc9d9-ddb5-4fa4-a97d-d965ccfc6d4b" outcome="Passed" testListId="8c84fa94-04c1-424b-9868-57a2d4851a1d" relativeResultsDirectory="7ed6c690-2982-49a9-a509-73b8b97a03ca" />
    <UnitTestResult executionId="405710ad-fdc6-44a3-ac01-930fae98e171" testId="fb21b1db-8d3c-5dfc-7a59-d17113772cfe" testName="Update_DuplicateClrName_ThrowsUniqueValueUpdateConflictErrorException" computerName="ICSWS068" duration="00:00:00.3334839" startTime="2016-08-04T10:15:56.2997675+02:00" endTime="2016-08-04T10:15:56.6347794+02:00" testType="13cdc9d9-ddb5-4fa4-a97d-d965ccfc6d4b" outcome="Passed" testListId="8c84fa94-04c1-424b-9868-57a2d4851a1d" relativeResultsDirectory="405710ad-fdc6-44a3-ac01-930fae98e171" />
    <UnitTestResult executionId="ac2e1a38-d8ff-4162-8e61-9e1c34409906" testId="e6ba2176-d54c-ec48-5644-024e2c2957b5" testName="Update_TooLongClrName_ThrowsStringLengthErrorException" computerName="ICSWS068" duration="00:00:00.3814306" startTime="2016-08-04T10:15:56.6377814+02:00" endTime="2016-08-04T10:15:57.0202455+02:00" testType="13cdc9d9-ddb5-4fa4-a97d-d965ccfc6d4b" outcome="Passed" testListId="8c84fa94-04c1-424b-9868-57a2d4851a1d" relativeResultsDirectory="ac2e1a38-d8ff-4162-8e61-9e1c34409906" />
    <UnitTestResult executionId="937de90b-6956-4e7c-a330-c7a5cd1896c4" testId="6f866f0f-744f-1154-16c0-bc0c1a3ac0c2" testName="Update_InvalidClrName_Throws" computerName="ICSWS068" duration="00:00:00.3539128" startTime="2016-08-04T10:15:57.0232475+02:00" endTime="2016-08-04T10:15:57.3792107+02:00" testType="13cdc9d9-ddb5-4fa4-a97d-d965ccfc6d4b" outcome="Passed" testListId="8c84fa94-04c1-424b-9868-57a2d4851a1d" relativeResultsDirectory="937de90b-6956-4e7c-a330-c7a5cd1896c4" />
    <UnitTestResult executionId="afed2c9a-4a3f-4c8d-a9b3-b92c0ce04184" testId="fa4d21fd-d401-0636-a7d0-c1397e0e37cd" testName="Update_DuplicateName_ThrowsUniqueValueAddConflictException" computerName="ICSWS068" duration="00:00:00.3376703" startTime="2016-08-04T10:15:57.3837335+02:00" endTime="2016-08-04T10:15:57.7230764+02:00" testType="13cdc9d9-ddb5-4fa4-a97d-d965ccfc6d4b" outcome="Passed" testListId="8c84fa94-04c1-424b-9868-57a2d4851a1d" relativeResultsDirectory="afed2c9a-4a3f-4c8d-a9b3-b92c0ce04184" />
    <UnitTestResult executionId="33d26932-2b86-465c-b25d-ca76a62eba94" testId="bfb84357-71d8-75a5-3c9f-108ee4d4550b" testName="Update_ComplexProperties_ArePersistedCorrectly" computerName="ICSWS068" duration="00:00:14.6189133" startTime="2016-08-04T10:15:57.7255778+02:00" endTime="2016-08-04T10:16:12.3463168+02:00" testType="13cdc9d9-ddb5-4fa4-a97d-d965ccfc6d4b" outcome="Passed" testListId="8c84fa94-04c1-424b-9868-57a2d4851a1d" relativeResultsDirectory="33d26932-2b86-465c-b25d-ca76a62eba94" />
    <UnitTestResult executionId="803bcca0-da85-4edd-87ae-60e0818e6b27" testId="3d0f560b-6cd8-3f4d-a5f8-fb4dac17eb76" testName="Update_UnchangedName_Succeeds" computerName="ICSWS068" duration="00:00:00.3440042" startTime="2016-08-04T10:16:12.3493350+02:00" endTime="2016-08-04T10:16:12.6950587+02:00" testType="13cdc9d9-ddb5-4fa4-a97d-d965ccfc6d4b" outcome="Passed" testListId="8c84fa94-04c1-424b-9868-57a2d4851a1d" relativeResultsDirectory="803bcca0-da85-4edd-87ae-60e0818e6b27" />
    <UnitTestResult executionId="5745b767-530a-4917-8086-f4457fd31583" testId="7b874380-465c-4c7c-6e52-b54bcc186d36" testName="Update_MemberWithInvalidClrName_Throws" computerName="ICSWS068" duration="00:00:00.3425553" startTime="2016-08-04T10:16:12.6980598+02:00" endTime="2016-08-04T10:16:13.0423683+02:00" testType="13cdc9d9-ddb5-4fa4-a97d-d965ccfc6d4b" outcome="Passed" testListId="8c84fa94-04c1-424b-9868-57a2d4851a1d" relativeResultsDirectory="5745b767-530a-4917-8086-f4457fd31583" />
    <UnitTestResult executionId="5c617087-6fb1-47ad-8b5f-8fb3477b0d66" testId="44570d4b-de68-f853-417e-7e8d019b4ec4" testName="Update_MemberWithSameClrNameAsParent_Throws" computerName="ICSWS068" duration="00:00:00.3408491" startTime="2016-08-04T10:16:13.0458706+02:00" endTime="2016-08-04T10:16:13.3881331+02:00" testType="13cdc9d9-ddb5-4fa4-a97d-d965ccfc6d4b" outcome="Passed" testListId="8c84fa94-04c1-424b-9868-57a2d4851a1d" relativeResultsDirectory="5c617087-6fb1-47ad-8b5f-8fb3477b0d66" />
    <UnitTestResult executionId="ab5e677c-aea9-407e-86a3-dd5de3eca29c" testId="6ebcd766-eb59-7c84-5583-ba531b2d8879" testName="Update_MemberWithNullName_Throws" computerName="ICSWS068" duration="00:00:00.3410993" startTime="2016-08-04T10:16:13.3906504+02:00" endTime="2016-08-04T10:16:13.7333035+02:00" testType="13cdc9d9-ddb5-4fa4-a97d-d965ccfc6d4b" outcome="Passed" testListId="8c84fa94-04c1-424b-9868-57a2d4851a1d" relativeResultsDirectory="ab5e677c-aea9-407e-86a3-dd5de3eca29c" />
    <UnitTestResult executionId="535c166e-0914-4838-bac3-b3d4c596b51c" testId="fd631ee2-0d9a-a67e-1cc5-c1d2705f9de6" testName="Update_MemberWithWhitespaceOnlyName_Throws" computerName="ICSWS068" duration="00:00:00.3405843" startTime="2016-08-04T10:16:13.7362908+02:00" endTime="2016-08-04T10:16:14.0786355+02:00" testType="13cdc9d9-ddb5-4fa4-a97d-d965ccfc6d4b" outcome="Passed" testListId="8c84fa94-04c1-424b-9868-57a2d4851a1d" relativeResultsDirectory="535c166e-0914-4838-bac3-b3d4c596b51c" />
    <UnitTestResult executionId="b24c4b5e-a2ee-4577-8ce6-e5cd79921245" testId="a6b84363-2002-0f40-c7ca-a2153e2f7897" testName="Update_MemberWithTooLongName_Throws" computerName="ICSWS068" duration="00:00:00.3392322" startTime="2016-08-04T10:16:14.0816383+02:00" endTime="2016-08-04T10:16:14.4222299+02:00" testType="13cdc9d9-ddb5-4fa4-a97d-d965ccfc6d4b" outcome="Passed" testListId="8c84fa94-04c1-424b-9868-57a2d4851a1d" relativeResultsDirectory="b24c4b5e-a2ee-4577-8ce6-e5cd79921245" />
    <UnitTestResult executionId="d05f6f21-1e54-4105-a317-f8e825f96feb" testId="7b6ae81e-1721-f3ad-39f5-320894ecc038" testName="Update_MemberWithLongDescription_Succeeds" computerName="ICSWS068" duration="00:00:00.3384879" startTime="2016-08-04T10:16:14.4252328+02:00" endTime="2016-08-04T10:16:14.7653434+02:00" testType="13cdc9d9-ddb5-4fa4-a97d-d965ccfc6d4b" outcome="Passed" testListId="8c84fa94-04c1-424b-9868-57a2d4851a1d" relativeResultsDirectory="d05f6f21-1e54-4105-a317-f8e825f96feb" />
    <UnitTestResult executionId="97a74b1d-f495-4cb7-8462-283c79553058" testId="259efa7b-87ba-7cda-7c53-e05af9c04085" testName="Update_MemberWithTooLongClrName_Throws" computerName="ICSWS068" duration="00:00:00.3297743" startTime="2016-08-04T10:16:14.7688451+02:00" endTime="2016-08-04T10:16:15.1000008+02:00" testType="13cdc9d9-ddb5-4fa4-a97d-d965ccfc6d4b" outcome="Passed" testListId="8c84fa94-04c1-424b-9868-57a2d4851a1d" relativeResultsDirectory="97a74b1d-f495-4cb7-8462-283c79553058" />
    <UnitTestResult executionId="a247ead8-f838-4114-a1dc-6a65c93ee42c" testId="f2c91e08-441e-a73d-1e1b-ec0ea31d109d" testName="Update_IsProtectedChangedAndUserIsDeveloper_Succeeds" computerName="ICSWS068" duration="00:00:00.7081657" startTime="2016-08-04T10:16:15.1029913+02:00" endTime="2016-08-04T10:16:15.8123444+02:00" testType="13cdc9d9-ddb5-4fa4-a97d-d965ccfc6d4b" outcome="Passed" testListId="8c84fa94-04c1-424b-9868-57a2d4851a1d" relativeResultsDirectory="a247ead8-f838-4114-a1dc-6a65c93ee42c" />
    <UnitTestResult executionId="fb182281-4a10-4f1f-9f13-32414251fbde" testId="5eebcea1-c89a-2d84-e457-236af6818041" testName="Update_IsProtectedChangedAndUserIsAdministrator_Throws" computerName="ICSWS068" duration="00:00:00.6553224" startTime="2016-08-04T10:16:15.8158464+02:00" endTime="2016-08-04T10:16:16.4724848+02:00" testType="13cdc9d9-ddb5-4fa4-a97d-d965ccfc6d4b" outcome="Passed" testListId="8c84fa94-04c1-424b-9868-57a2d4851a1d" relativeResultsDirectory="fb182281-4a10-4f1f-9f13-32414251fbde" />
    <UnitTestResult executionId="0cfaec26-15ee-457c-8854-c9973cad0400" testId="4aab50c1-3a42-79f7-4a44-c84c86d42fb5" testName="Update_IsProtectedChangedAndUserIsUser_Throws" computerName="ICSWS068" duration="00:00:00.6882873" startTime="2016-08-04T10:16:16.4754865+02:00" endTime="2016-08-04T10:16:17.1652566+02:00" testType="13cdc9d9-ddb5-4fa4-a97d-d965ccfc6d4b" outcome="Passed" testListId="8c84fa94-04c1-424b-9868-57a2d4851a1d" relativeResultsDirectory="0cfaec26-15ee-457c-8854-c9973cad0400" />
    <UnitTestResult executionId="d98dc748-3c1f-4357-b666-0201d68863d3" testId="c0a9bd7d-96b6-96fd-9cdd-e70ba0c7d664" testName="Update_IsProtectedChangedAndUserIsViewer_Throws" computerName="ICSWS068" duration="00:00:00.6505040" startTime="2016-08-04T10:16:17.1682586+02:00" endTime="2016-08-04T10:16:17.8203287+02:00" testType="13cdc9d9-ddb5-4fa4-a97d-d965ccfc6d4b" outcome="Passed" testListId="8c84fa94-04c1-424b-9868-57a2d4851a1d" relativeResultsDirectory="d98dc748-3c1f-4357-b666-0201d68863d3" />
    <UnitTestResult executionId="e3be3603-ee5b-4dee-bee7-eb8d0e880c87" testId="1446d8bb-1247-7092-99de-162b142b6df8" testName="Update_IsProtectedNotChangedAndUserIsDeveloper_Succeeds" computerName="ICSWS068" duration="00:00:00.7186684" startTime="2016-08-04T10:16:17.8233357+02:00" endTime="2016-08-04T10:16:18.5446557+02:00" testType="13cdc9d9-ddb5-4fa4-a97d-d965ccfc6d4b" outcome="Passed" testListId="8c84fa94-04c1-424b-9868-57a2d4851a1d" relativeResultsDirectory="e3be3603-ee5b-4dee-bee7-eb8d0e880c87" />
    <UnitTestResult executionId="4e1e398f-276c-4ea7-a6e5-67cdaf8cad82" testId="c58116c2-1f18-151b-c86a-4fee0d00048d" testName="Update_IsProtectedNotChangedAndUserIsAdministrator_Succeeds" computerName="ICSWS068" duration="00:00:00.6528594" startTime="2016-08-04T10:16:18.5476407+02:00" endTime="2016-08-04T10:16:19.2021527+02:00" testType="13cdc9d9-ddb5-4fa4-a97d-d965ccfc6d4b" outcome="Passed" testListId="8c84fa94-04c1-424b-9868-57a2d4851a1d" relativeResultsDirectory="4e1e398f-276c-4ea7-a6e5-67cdaf8cad82" />
    <UnitTestResult executionId="5937f404-a78f-46b7-a988-fc46d0b66733" testId="8453f5d6-0fbb-0d91-1a1d-15d6424204df" testName="Update_IsProtectedNotChangedAndUserIsUser_Succeeds" computerName="ICSWS068" duration="00:00:00.6511117" startTime="2016-08-04T10:16:19.2056550+02:00" endTime="2016-08-04T10:16:19.8582339+02:00" testType="13cdc9d9-ddb5-4fa4-a97d-d965ccfc6d4b" outcome="Passed" testListId="8c84fa94-04c1-424b-9868-57a2d4851a1d" relativeResultsDirectory="5937f404-a78f-46b7-a988-fc46d0b66733" />
    <UnitTestResult executionId="459b6ab9-bf1e-46c0-a8f2-d93c9b5ec811" testId="4f86fa8a-590f-48e3-9a61-2c89df8f2616" testName="Update_IsProtectedNotChangedAndUserIsViewer_Succeeds" computerName="ICSWS068" duration="00:00:00.6617504" startTime="2016-08-04T10:16:19.8612359+02:00" endTime="2016-08-04T10:16:20.5246449+02:00" testType="13cdc9d9-ddb5-4fa4-a97d-d965ccfc6d4b" outcome="Passed" testListId="8c84fa94-04c1-424b-9868-57a2d4851a1d" relativeResultsDirectory="459b6ab9-bf1e-46c0-a8f2-d93c9b5ec811" />
    <UnitTestResult executionId="13096e78-2d9c-4e2a-8f59-c30faa22d978" testId="418855a8-ccf9-6273-49c9-3444b3369bfd" testName="Update_IsProtectedChangedAndUserIsDeveloper_ValueEncrypted" computerName="ICSWS068" duration="00:00:00.6728123" startTime="2016-08-04T10:16:20.5271460+02:00" endTime="2016-08-04T10:16:21.2013407+02:00" testType="13cdc9d9-ddb5-4fa4-a97d-d965ccfc6d4b" outcome="Passed" testListId="8c84fa94-04c1-424b-9868-57a2d4851a1d" relativeResultsDirectory="13096e78-2d9c-4e2a-8f59-c30faa22d978" />
    <UnitTestResult executionId="80203fe2-0e55-484b-890a-8e7cb5937e09" testId="6b080bf7-0788-b425-e1d9-c4a9cc4deb50" testName="UpdateAllMembers_ComplexProperties_Success" computerName="ICSWS068" duration="00:00:00.3511633" startTime="2016-08-04T10:16:21.2048430+02:00" endTime="2016-08-04T10:16:21.5576059+02:00" testType="13cdc9d9-ddb5-4fa4-a97d-d965ccfc6d4b" outcome="Passed" testListId="8c84fa94-04c1-424b-9868-57a2d4851a1d" relativeResultsDirectory="80203fe2-0e55-484b-890a-8e7cb5937e09" />
    <UnitTestResult executionId="dc178ef1-ef07-4098-a143-8f7a94a2d02b" testId="3eff8e83-b32e-284a-e7c3-6577eef748cb" testName="ListIsProtected_ComplexProperties_ReturnsProtectedTypes" computerName="ICSWS068" duration="00:00:00.6501492" startTime="2016-08-04T10:16:21.5601070+02:00" endTime="2016-08-04T10:16:22.2114954+02:00" testType="13cdc9d9-ddb5-4fa4-a97d-d965ccfc6d4b" outcome="Passed" testListId="8c84fa94-04c1-424b-9868-57a2d4851a1d" relativeResultsDirectory="dc178ef1-ef07-4098-a143-8f7a94a2d02b" />
    <UnitTestResult executionId="bd590011-1928-4f16-af36-1a0f17cca789" testId="76f983d5-b792-d90a-05bf-8160ea1d4dc0" testName="RepositoryEntityTypeId_ReturnsNodeAttributeType" computerName="ICSWS068" duration="00:00:00.3295309" startTime="2016-08-04T10:16:22.2144977+02:00" endTime="2016-08-04T10:16:22.5463624+02:00" testType="13cdc9d9-ddb5-4fa4-a97d-d965ccfc6d4b" outcome="Passed" testListId="8c84fa94-04c1-424b-9868-57a2d4851a1d" relativeResultsDirectory="bd590011-1928-4f16-af36-1a0f17cca789" />
    <UnitTestResult executionId="f42943ca-84eb-404e-bf65-4b28ea1c9fb0" testId="e22be9cc-c793-6bba-f391-bf939128a63c" testName="RepositoryEntityType_ReturnsINodeAttributeType" computerName="ICSWS068" duration="00:00:00.3463484" startTime="2016-08-04T10:16:22.5498477+02:00" endTime="2016-08-04T10:16:22.8978192+02:00" testType="13cdc9d9-ddb5-4fa4-a97d-d965ccfc6d4b" outcome="Passed" testListId="8c84fa94-04c1-424b-9868-57a2d4851a1d" relativeResultsDirectory="f42943ca-84eb-404e-bf65-4b28ea1c9fb0" />
    <UnitTestResult executionId="18de9bf3-c541-4a1a-9d5d-5a67adad0e51" testId="50f94a10-623d-c66f-c56c-ba60f1ed4235" testName="RepositorySystemContext_MatchesActualSystemContext" computerName="ICSWS068" duration="00:00:00.3279500" startTime="2016-08-04T10:16:22.9008197+02:00" endTime="2016-08-04T10:16:23.2303628+02:00" testType="13cdc9d9-ddb5-4fa4-a97d-d965ccfc6d4b" outcome="Passed" testListId="8c84fa94-04c1-424b-9868-57a2d4851a1d" relativeResultsDirectory="18de9bf3-c541-4a1a-9d5d-5a67adad0e51" />
    <UnitTestResult executionId="e7e0e0ea-8c43-4281-b770-9e319b6475be" testId="117ac72a-3544-f60a-9bf3-210d15d5a967" testName="Exists_NodeTypeKey_ThrowsArgumentException" computerName="ICSWS068" duration="00:00:00.3256574" startTime="2016-08-04T10:16:23.2338683+02:00" endTime="2016-08-04T10:16:23.5613753+02:00" testType="13cdc9d9-ddb5-4fa4-a97d-d965ccfc6d4b" outcome="Passed" testListId="8c84fa94-04c1-424b-9868-57a2d4851a1d" relativeResultsDirectory="e7e0e0ea-8c43-4281-b770-9e319b6475be" />
    <UnitTestResult executionId="95b8fcc4-9c6a-4bfc-8716-eff052d2b445" testId="c6a9186a-36a3-4dd6-830e-a1a823cc5580" testName="Exists_KnownNodeAttributeTypeKey_ReturnsTrue (Data Row 0)" computerName="ICSWS068" duration="00:00:00.3294330" startTime="2016-08-04T08:16:23.5698811+02:00" endTime="2016-08-04T08:16:23.8995101+02:00" testType="13cdc9d9-ddb5-4fa4-a97d-d965ccfc6d4b" outcome="Passed" testListId="8c84fa94-04c1-424b-9868-57a2d4851a1d" relativeResultsDirectory="95b8fcc4-9c6a-4bfc-8716-eff052d2b445" />
    <UnitTestResult executionId="72f43271-f549-43c2-8fd8-f6e654bee530" testId="f90e77e2-36ac-416b-836f-ca6b305ecc8c" testName="Exists_KnownNodeAttributeTypeKey_ReturnsTrue (Data Row 1)" computerName="ICSWS068" duration="00:00:00.3794022" startTime="2016-08-04T08:16:23.8995101+02:00" endTime="2016-08-04T08:16:24.2789482+02:00" testType="13cdc9d9-ddb5-4fa4-a97d-d965ccfc6d4b" outcome="Passed" testListId="8c84fa94-04c1-424b-9868-57a2d4851a1d" relativeResultsDirectory="72f43271-f549-43c2-8fd8-f6e654bee530" />
    <UnitTestResult executionId="4ce5c40b-9af7-4423-83ed-f951032e1223" testId="dba7cc41-aa42-4dc6-8521-0dfa51fcffa7" testName="Exists_KnownNodeAttributeTypeKey_ReturnsTrue (Data Row 2)" computerName="ICSWS068" duration="00:00:00.3224736" startTime="2016-08-04T08:16:24.2789482+02:00" endTime="2016-08-04T08:16:24.6015887+02:00" testType="13cdc9d9-ddb5-4fa4-a97d-d965ccfc6d4b" outcome="Passed" testListId="8c84fa94-04c1-424b-9868-57a2d4851a1d" relativeResultsDirectory="4ce5c40b-9af7-4423-83ed-f951032e1223" />
    <UnitTestResult executionId="c5c5c0a9-a679-4269-acbe-874b8508bf7b" testId="c4895077-d3e3-49cc-966d-0cef216c7188" testName="Exists_KnownNodeAttributeTypeKey_ReturnsTrue (Data Row 3)" computerName="ICSWS068" duration="00:00:00.3456490" startTime="2016-08-04T08:16:24.6015887+02:00" endTime="2016-08-04T08:16:24.9469846+02:00" testType="13cdc9d9-ddb5-4fa4-a97d-d965ccfc6d4b" outcome="Passed" testListId="8c84fa94-04c1-424b-9868-57a2d4851a1d" relativeResultsDirectory="c5c5c0a9-a679-4269-acbe-874b8508bf7b" />
    <UnitTestResult executionId="7c4ee311-b68f-424b-b78f-402c3950b63c" testId="0752cd7f-b266-4e84-9e9d-a9db906d5515" testName="Exists_KnownNodeAttributeTypeKey_ReturnsTrue (Data Row 4)" computerName="ICSWS068" duration="00:00:00.3264026" startTime="2016-08-04T08:16:24.9469846+02:00" endTime="2016-08-04T08:16:25.2737670+02:00" testType="13cdc9d9-ddb5-4fa4-a97d-d965ccfc6d4b" outcome="Passed" testListId="8c84fa94-04c1-424b-9868-57a2d4851a1d" relativeResultsDirectory="7c4ee311-b68f-424b-b78f-402c3950b63c" />
    <UnitTestResult executionId="00bafe9a-5b7b-4284-adc7-e56f4d0c85a8" testId="241aeb07-ad3c-fdc9-092d-52e323c37d56" testName="Exists_NonExistingNodeAttributeTypeKey_ReturnsFalse" computerName="ICSWS068" duration="00:00:00.3292652" startTime="2016-08-04T10:16:25.2772535+02:00" endTime="2016-08-04T10:16:25.6081414+02:00" testType="13cdc9d9-ddb5-4fa4-a97d-d965ccfc6d4b" outcome="Passed" testListId="8c84fa94-04c1-424b-9868-57a2d4851a1d" relativeResultsDirectory="00bafe9a-5b7b-4284-adc7-e56f4d0c85a8" />
    <UnitTestResult executionId="ec3792a2-d98b-49a1-a125-7dbc973af120" testId="22c95332-5710-44d6-aa1a-b81a0680887f" testName="Exists_KnownNodeAttributeTypeId_ReturnsTrue (Data Row 0)" computerName="ICSWS068" duration="00:00:00.3545136" startTime="2016-08-04T08:16:25.6131630+02:00" endTime="2016-08-04T08:16:25.9672423+02:00" testType="13cdc9d9-ddb5-4fa4-a97d-d965ccfc6d4b" outcome="Passed" testListId="8c84fa94-04c1-424b-9868-57a2d4851a1d" relativeResultsDirectory="ec3792a2-d98b-49a1-a125-7dbc973af120" />
    <UnitTestResult executionId="17f42e73-b79e-4457-95ff-2b7206bc200e" testId="7e8e1ffd-1274-408f-9018-4b7617fe58b0" testName="Exists_KnownNodeAttributeTypeId_ReturnsTrue (Data Row 1)" computerName="ICSWS068" duration="00:00:00.3290433" startTime="2016-08-04T08:16:25.9672423+02:00" endTime="2016-08-04T08:16:26.2967511+02:00" testType="13cdc9d9-ddb5-4fa4-a97d-d965ccfc6d4b" outcome="Passed" testListId="8c84fa94-04c1-424b-9868-57a2d4851a1d" relativeResultsDirectory="17f42e73-b79e-4457-95ff-2b7206bc200e" />
    <UnitTestResult executionId="8e455e7b-89df-440d-9e64-b5804dc8518e" testId="93d15150-a59e-4310-a496-bfc2a0f6edec" testName="Exists_KnownNodeAttributeTypeId_ReturnsTrue (Data Row 2)" computerName="ICSWS068" duration="00:00:00.3297682" startTime="2016-08-04T08:16:26.2967511+02:00" endTime="2016-08-04T08:16:26.6264519+02:00" testType="13cdc9d9-ddb5-4fa4-a97d-d965ccfc6d4b" outcome="Passed" testListId="8c84fa94-04c1-424b-9868-57a2d4851a1d" relativeResultsDirectory="8e455e7b-89df-440d-9e64-b5804dc8518e" />
    <UnitTestResult executionId="1304e8a7-1e0b-4bee-85ed-65e613050ce6" testId="0e241466-22ac-4744-b4d7-a52df4a7ceb5" testName="Exists_KnownNodeAttributeTypeId_ReturnsTrue (Data Row 3)" computerName="ICSWS068" duration="00:00:00.3422670" startTime="2016-08-04T08:16:26.6264519+02:00" endTime="2016-08-04T08:16:26.9686939+02:00" testType="13cdc9d9-ddb5-4fa4-a97d-d965ccfc6d4b" outcome="Passed" testListId="8c84fa94-04c1-424b-9868-57a2d4851a1d" relativeResultsDirectory="1304e8a7-1e0b-4bee-85ed-65e613050ce6" />
    <UnitTestResult executionId="6acc4a74-41f8-4786-be08-56a9d58f2eb7" testId="72c2612d-0d82-4539-917d-e58d35991ca6" testName="Exists_KnownNodeAttributeTypeId_ReturnsTrue (Data Row 4)" computerName="ICSWS068" duration="00:00:00.3486680" startTime="2016-08-04T08:16:26.9686939+02:00" endTime="2016-08-04T08:16:27.3171927+02:00" testType="13cdc9d9-ddb5-4fa4-a97d-d965ccfc6d4b" outcome="Passed" testListId="8c84fa94-04c1-424b-9868-57a2d4851a1d" relativeResultsDirectory="6acc4a74-41f8-4786-be08-56a9d58f2eb7" />
    <UnitTestResult executionId="25927589-c8c2-4230-bf4d-7f1e24030395" testId="d3a5a8cc-0471-c609-1f4e-38861c608a4a" testName="Exists_NonExistingNodeAttributeTypeId_ReturnsFalse" computerName="ICSWS068" duration="00:00:00.3317235" startTime="2016-08-04T10:16:27.3211950+02:00" endTime="2016-08-04T10:16:27.6546837+02:00" testType="13cdc9d9-ddb5-4fa4-a97d-d965ccfc6d4b" outcome="Passed" testListId="8c84fa94-04c1-424b-9868-57a2d4851a1d" relativeResultsDirectory="25927589-c8c2-4230-bf4d-7f1e24030395" />
    <UnitTestResult executionId="fa9a654f-a4fc-4a21-b8c3-3af7239ac29c" testId="39dd66d1-575d-0ea7-fa31-3b3df58e6741" testName="CreateInstance_CreatesNewNodeAttributeType" computerName="ICSWS068" duration="00:00:00.3281131" startTime="2016-08-04T10:16:27.6571860+02:00" endTime="2016-08-04T10:16:27.9867347+02:00" testType="13cdc9d9-ddb5-4fa4-a97d-d965ccfc6d4b" outcome="Passed" testListId="8c84fa94-04c1-424b-9868-57a2d4851a1d" relativeResultsDirectory="fa9a654f-a4fc-4a21-b8c3-3af7239ac29c" />
    <UnitTestResult executionId="abfe60d3-e833-4895-970d-22f5b55e1db7" testId="01ab4d73-e2ba-4adc-b471-f4fc77a7daf6" testName="List_ContainsEachKnownNodeAttributeTypeOnce (Data Row 0)" computerName="ICSWS068" duration="00:00:00.3505046" startTime="2016-08-04T08:16:27.9917560+02:00" endTime="2016-08-04T08:16:28.3422753+02:00" testType="13cdc9d9-ddb5-4fa4-a97d-d965ccfc6d4b" outcome="Passed" testListId="8c84fa94-04c1-424b-9868-57a2d4851a1d" relativeResultsDirectory="abfe60d3-e833-4895-970d-22f5b55e1db7" />
    <UnitTestResult executionId="205f52f1-a672-4529-a736-b84bdf24555c" testId="060c1244-225c-4b76-bfc3-dc3abc82814f" testName="List_ContainsEachKnownNodeAttributeTypeOnce (Data Row 1)" computerName="ICSWS068" duration="00:00:00.3292347" startTime="2016-08-04T08:16:28.3422753+02:00" endTime="2016-08-04T08:16:28.6706506+02:00" testType="13cdc9d9-ddb5-4fa4-a97d-d965ccfc6d4b" outcome="Passed" testListId="8c84fa94-04c1-424b-9868-57a2d4851a1d" relativeResultsDirectory="205f52f1-a672-4529-a736-b84bdf24555c" />
    <UnitTestResult executionId="c9472c4a-78d1-4e82-a4bf-20c336c3f3b6" testId="6d4be838-d1e7-4da2-98c6-8298b5c9819b" testName="List_ContainsEachKnownNodeAttributeTypeOnce (Data Row 2)" computerName="ICSWS068" duration="00:00:00.3891767" startTime="2016-08-04T08:16:28.6706506+02:00" endTime="2016-08-04T08:16:29.0607208+02:00" testType="13cdc9d9-ddb5-4fa4-a97d-d965ccfc6d4b" outcome="Passed" testListId="8c84fa94-04c1-424b-9868-57a2d4851a1d" relativeResultsDirectory="c9472c4a-78d1-4e82-a4bf-20c336c3f3b6" />
    <UnitTestResult executionId="3d5f6043-9067-4c99-9038-7ea7343e436f" testId="30085ea8-3496-40e2-a2c2-e23fdd4becbe" testName="List_ContainsEachKnownNodeAttributeTypeOnce (Data Row 3)" computerName="ICSWS068" duration="00:00:00.3495114" startTime="2016-08-04T08:16:29.0607208+02:00" endTime="2016-08-04T08:16:29.4105500+02:00" testType="13cdc9d9-ddb5-4fa4-a97d-d965ccfc6d4b" outcome="Passed" testListId="8c84fa94-04c1-424b-9868-57a2d4851a1d" relativeResultsDirectory="3d5f6043-9067-4c99-9038-7ea7343e436f" />
    <UnitTestResult executionId="fcdec2b3-4e04-4fdc-b804-1485381d34f6" testId="06b668d4-8960-4b39-95a0-ee66fd5f7d3c" testName="List_ContainsEachKnownNodeAttributeTypeOnce (Data Row 4)" computerName="ICSWS068" duration="00:00:00.3347352" startTime="2016-08-04T08:16:29.4105500+02:00" endTime="2016-08-04T08:16:29.7454397+02:00" testType="13cdc9d9-ddb5-4fa4-a97d-d965ccfc6d4b" outcome="Passed" testListId="8c84fa94-04c1-424b-9868-57a2d4851a1d" relativeResultsDirectory="fcdec2b3-4e04-4fdc-b804-1485381d34f6" />
    <UnitTestResult executionId="ef318894-3df8-40e3-a1b9-8b461fb1e4a8" testId="5ae3d5ba-68cf-f1cb-5be4-a51b853a117c" testName="List_ShouldSetSystemContextCorrectly" computerName="ICSWS068" duration="00:00:00.3309104" startTime="2016-08-04T10:16:29.7489258+02:00" endTime="2016-08-04T10:16:30.0812967+02:00" testType="13cdc9d9-ddb5-4fa4-a97d-d965ccfc6d4b" outcome="Passed" testListId="8c84fa94-04c1-424b-9868-57a2d4851a1d" relativeResultsDirectory="ef318894-3df8-40e3-a1b9-8b461fb1e4a8" />
    <UnitTestResult executionId="b1db38c2-89a6-441d-a182-57010ed8d5c6" testId="c840df09-5951-2095-04bf-55dede766766" testName="GetById_NewGuid_ThrowsEntityNotFoundException" computerName="ICSWS068" duration="00:00:00.3787245" startTime="2016-08-04T10:16:30.0843002+02:00" endTime="2016-08-04T10:16:30.4641383+02:00" testType="13cdc9d9-ddb5-4fa4-a97d-d965ccfc6d4b" outcome="Passed" testListId="8c84fa94-04c1-424b-9868-57a2d4851a1d" relativeResultsDirectory="b1db38c2-89a6-441d-a182-57010ed8d5c6" />
    <UnitTestResult executionId="fc8f1b0d-28e1-40a0-83d7-4df46fe2419d" testId="87e2148a-5def-43eb-b6e7-6bc48880a687" testName="GetById_KnownNodeAttributeTypeId_ReturnsEntityWithCorrectProperties (Data Row 0)" computerName="ICSWS068" duration="00:00:00.3320159" startTime="2016-08-04T08:16:30.4691573+02:00" endTime="2016-08-04T08:16:30.8014589+02:00" testType="13cdc9d9-ddb5-4fa4-a97d-d965ccfc6d4b" outcome="Passed" testListId="8c84fa94-04c1-424b-9868-57a2d4851a1d" relativeResultsDirectory="fc8f1b0d-28e1-40a0-83d7-4df46fe2419d" />
    <UnitTestResult executionId="d59816f0-806f-4c7e-85dd-112634a8fb48" testId="78e5609b-4e35-4f0f-82be-88011edcd7e9" testName="GetById_KnownNodeAttributeTypeId_ReturnsEntityWithCorrectProperties (Data Row 1)" computerName="ICSWS068" duration="00:00:00.3200241" startTime="2016-08-04T08:16:30.8014589+02:00" endTime="2016-08-04T08:16:31.1211916+02:00" testType="13cdc9d9-ddb5-4fa4-a97d-d965ccfc6d4b" outcome="Passed" testListId="8c84fa94-04c1-424b-9868-57a2d4851a1d" relativeResultsDirectory="d59816f0-806f-4c7e-85dd-112634a8fb48" />
    <UnitTestResult executionId="90adca73-8c47-46ae-9a05-19ef21d67922" testId="8b2fc6a0-9437-4933-9144-a8f223fb98d7" testName="GetById_KnownNodeAttributeTypeId_ReturnsEntityWithCorrectProperties (Data Row 2)" computerName="ICSWS068" duration="00:00:00.3260771" startTime="2016-08-04T08:16:31.1211916+02:00" endTime="2016-08-04T08:16:31.4471427+02:00" testType="13cdc9d9-ddb5-4fa4-a97d-d965ccfc6d4b" outcome="Passed" testListId="8c84fa94-04c1-424b-9868-57a2d4851a1d" relativeResultsDirectory="90adca73-8c47-46ae-9a05-19ef21d67922" />
    <UnitTestResult executionId="1e1a7e05-4370-43d4-8208-aae8916477eb" testId="884feb85-01cb-4e03-8ab6-33625dd470b2" testName="GetById_KnownNodeAttributeTypeId_ReturnsEntityWithCorrectProperties (Data Row 3)" computerName="ICSWS068" duration="00:00:00.3322848" startTime="2016-08-04T08:16:31.4471427+02:00" endTime="2016-08-04T08:16:31.7797379+02:00" testType="13cdc9d9-ddb5-4fa4-a97d-d965ccfc6d4b" outcome="Passed" testListId="8c84fa94-04c1-424b-9868-57a2d4851a1d" relativeResultsDirectory="1e1a7e05-4370-43d4-8208-aae8916477eb" />
    <UnitTestResult executionId="079c0267-8396-4fe2-9f22-b1c7dd92b5c9" testId="3cba3892-0f8e-437b-a562-0931d0b24d6c" testName="GetById_KnownNodeAttributeTypeId_ReturnsEntityWithCorrectProperties (Data Row 4)" computerName="ICSWS068" duration="00:00:00.3208520" startTime="2016-08-04T08:16:31.7797379+02:00" endTime="2016-08-04T08:16:32.1006565+02:00" testType="13cdc9d9-ddb5-4fa4-a97d-d965ccfc6d4b" outcome="Passed" testListId="8c84fa94-04c1-424b-9868-57a2d4851a1d" relativeResultsDirectory="079c0267-8396-4fe2-9f22-b1c7dd92b5c9" />
    <UnitTestResult executionId="b3952236-af16-4949-a7f2-58aba868839f" testId="7d2d43f0-f503-f1a6-e2c9-9816a10bf979" testName="GetByKey_NewGuid_ThrowsEntityNotFoundException" computerName="ICSWS068" duration="00:00:00.3305535" startTime="2016-08-04T10:16:32.1041591+02:00" endTime="2016-08-04T10:16:32.4358965+02:00" testType="13cdc9d9-ddb5-4fa4-a97d-d965ccfc6d4b" outcome="Passed" testListId="8c84fa94-04c1-424b-9868-57a2d4851a1d" relativeResultsDirectory="b3952236-af16-4949-a7f2-58aba868839f" />
    <UnitTestResult executionId="a91b13dc-0e5c-4988-b61c-3536d9c8cf11" testId="0df6886c-6619-4e46-8f3b-7a1ead87acb4" testName="GetByKey_KnownNodeAttributeTypeKey_ReturnsEntityWithCorrectProperties (Data Row 0)" computerName="ICSWS068" duration="00:00:00.3199112" startTime="2016-08-04T08:16:32.4414005+02:00" endTime="2016-08-04T08:16:32.7607904+02:00" testType="13cdc9d9-ddb5-4fa4-a97d-d965ccfc6d4b" outcome="Passed" testListId="8c84fa94-04c1-424b-9868-57a2d4851a1d" relativeResultsDirectory="a91b13dc-0e5c-4988-b61c-3536d9c8cf11" />
    <UnitTestResult executionId="1372e8cb-15c6-40b6-90c1-b1b006d658e6" testId="63533380-c493-478f-bc1a-e6d3981c1e3f" testName="GetByKey_KnownNodeAttributeTypeKey_ReturnsEntityWithCorrectProperties (Data Row 1)" computerName="ICSWS068" duration="00:00:00.3246378" startTime="2016-08-04T08:16:32.7607904+02:00" endTime="2016-08-04T08:16:33.0858172+02:00" testType="13cdc9d9-ddb5-4fa4-a97d-d965ccfc6d4b" outcome="Passed" testListId="8c84fa94-04c1-424b-9868-57a2d4851a1d" relativeResultsDirectory="1372e8cb-15c6-40b6-90c1-b1b006d658e6" />
    <UnitTestResult executionId="94397215-d9ab-42f6-affa-8f1502cb2f50" testId="dece3d72-ca52-45bf-8e8b-9980c40a763e" testName="GetByKey_KnownNodeAttributeTypeKey_ReturnsEntityWithCorrectProperties (Data Row 2)" computerName="ICSWS068" duration="00:00:00.3258178" startTime="2016-08-04T08:16:33.0858172+02:00" endTime="2016-08-04T08:16:33.4117172+02:00" testType="13cdc9d9-ddb5-4fa4-a97d-d965ccfc6d4b" outcome="Passed" testListId="8c84fa94-04c1-424b-9868-57a2d4851a1d" relativeResultsDirectory="94397215-d9ab-42f6-affa-8f1502cb2f50" />
    <UnitTestResult executionId="b0173e46-d1eb-4c62-b6c8-dc995fcc2092" testId="8899e566-4182-4bf7-801b-29b7b5366c82" testName="GetByKey_KnownNodeAttributeTypeKey_ReturnsEntityWithCorrectProperties (Data Row 3)" computerName="ICSWS068" duration="00:00:00.3323549" startTime="2016-08-04T08:16:33.4117172+02:00" endTime="2016-08-04T08:16:33.7443133+02:00" testType="13cdc9d9-ddb5-4fa4-a97d-d965ccfc6d4b" outcome="Passed" testListId="8c84fa94-04c1-424b-9868-57a2d4851a1d" relativeResultsDirectory="b0173e46-d1eb-4c62-b6c8-dc995fcc2092" />
    <UnitTestResult executionId="de272c9e-ad71-44f9-b3ba-f01653e305c3" testId="c0c5c73f-366f-4241-b4ee-37d34c430b76" testName="GetByKey_KnownNodeAttributeTypeKey_ReturnsEntityWithCorrectProperties (Data Row 4)" computerName="ICSWS068" duration="00:00:00.3242768" startTime="2016-08-04T08:16:33.7443133+02:00" endTime="2016-08-04T08:16:34.0685412+02:00" testType="13cdc9d9-ddb5-4fa4-a97d-d965ccfc6d4b" outcome="Passed" testListId="8c84fa94-04c1-424b-9868-57a2d4851a1d" relativeResultsDirectory="de272c9e-ad71-44f9-b3ba-f01653e305c3" />
    <UnitTestResult executionId="bd6fe46b-3362-4b1f-a84a-60f5bf96d024" testId="9bf23ef2-8a88-d17a-f81d-6d9a25771e0a" testName="GetByKey_UnsupportedKey_ThrowsArgumentException" computerName="ICSWS068" duration="00:00:00.3248219" startTime="2016-08-04T10:16:34.0720329+02:00" endTime="2016-08-04T10:16:34.3980755+02:00" testType="13cdc9d9-ddb5-4fa4-a97d-d965ccfc6d4b" outcome="Passed" testListId="8c84fa94-04c1-424b-9868-57a2d4851a1d" relativeResultsDirectory="bd6fe46b-3362-4b1f-a84a-60f5bf96d024" />
    <UnitTestResult executionId="3343d9e0-5251-4667-a6e8-2366ecf62c56" testId="64b37141-ae74-975f-8ccc-2ce76b8434db" testName="GetByName_NonExistingName_ThrowsEntityNotFoundException" computerName="ICSWS068" duration="00:00:00.3469836" startTime="2016-08-04T10:16:34.4010784+02:00" endTime="2016-08-04T10:16:34.7493381+02:00" testType="13cdc9d9-ddb5-4fa4-a97d-d965ccfc6d4b" outcome="Passed" testListId="8c84fa94-04c1-424b-9868-57a2d4851a1d" relativeResultsDirectory="3343d9e0-5251-4667-a6e8-2366ecf62c56" />
    <UnitTestResult executionId="6403ace3-7f55-4611-8b32-fbf18dd9ea2a" testId="e04de6a9-c262-47da-b2f1-7379bb98f9a9" testName="GetByName_KnownNodeAttributeTypeName_ReturnsEntityWithCorrectProperties (Data Row 0)" computerName="ICSWS068" duration="00:00:00.3293820" startTime="2016-08-04T08:16:34.7543577+02:00" endTime="2016-08-04T08:16:35.0836154+02:00" testType="13cdc9d9-ddb5-4fa4-a97d-d965ccfc6d4b" outcome="Passed" testListId="8c84fa94-04c1-424b-9868-57a2d4851a1d" relativeResultsDirectory="6403ace3-7f55-4611-8b32-fbf18dd9ea2a" />
    <UnitTestResult executionId="8e112f7f-378d-4d51-b9b8-924139d817b1" testId="cdc1dd83-de01-45d0-a135-c3221598ea98" testName="GetByName_KnownNodeAttributeTypeName_ReturnsEntityWithCorrectProperties (Data Row 1)" computerName="ICSWS068" duration="00:00:00.3323417" startTime="2016-08-04T08:16:35.0836154+02:00" endTime="2016-08-04T08:16:35.4158549+02:00" testType="13cdc9d9-ddb5-4fa4-a97d-d965ccfc6d4b" outcome="Passed" testListId="8c84fa94-04c1-424b-9868-57a2d4851a1d" relativeResultsDirectory="8e112f7f-378d-4d51-b9b8-924139d817b1" />
    <UnitTestResult executionId="7a8bfb73-6ecf-49cf-a1ca-fc435e5fe5df" testId="ec0fc4c7-9ed8-4980-afc6-6bc1e08942d4" testName="GetByName_KnownNodeAttributeTypeName_ReturnsEntityWithCorrectProperties (Data Row 2)" computerName="ICSWS068" duration="00:00:00.3380568" startTime="2016-08-04T08:16:35.4163552+02:00" endTime="2016-08-04T08:16:35.7539879+02:00" testType="13cdc9d9-ddb5-4fa4-a97d-d965ccfc6d4b" outcome="Passed" testListId="8c84fa94-04c1-424b-9868-57a2d4851a1d" relativeResultsDirectory="7a8bfb73-6ecf-49cf-a1ca-fc435e5fe5df" />
    <UnitTestResult executionId="42da2421-d30a-45ea-abd2-5cb905114cc8" testId="a8baf1b8-646b-4f84-8b7e-f08d9bab871a" testName="GetByName_KnownNodeAttributeTypeName_ReturnsEntityWithCorrectProperties (Data Row 3)" computerName="ICSWS068" duration="00:00:00.3758451" startTime="2016-08-04T08:16:35.7539879+02:00" endTime="2016-08-04T08:16:36.1300088+02:00" testType="13cdc9d9-ddb5-4fa4-a97d-d965ccfc6d4b" outcome="Passed" testListId="8c84fa94-04c1-424b-9868-57a2d4851a1d" relativeResultsDirectory="42da2421-d30a-45ea-abd2-5cb905114cc8" />
    <UnitTestResult executionId="cf072f6b-78f1-4092-aba2-07b3f30a91f9" testId="d6bd34a0-9faa-45af-b20d-45d68d93b946" testName="GetByName_KnownNodeAttributeTypeName_ReturnsEntityWithCorrectProperties (Data Row 4)" computerName="ICSWS068" duration="00:00:00.3237715" startTime="2016-08-04T08:16:36.1300088+02:00" endTime="2016-08-04T08:16:36.4537822+02:00" testType="13cdc9d9-ddb5-4fa4-a97d-d965ccfc6d4b" outcome="Passed" testListId="8c84fa94-04c1-424b-9868-57a2d4851a1d" relativeResultsDirectory="cf072f6b-78f1-4092-aba2-07b3f30a91f9" />
    <UnitTestResult executionId="c94c0f8b-6539-45e9-b771-af78dfd0e93f" testId="6f1819fb-66ba-ca17-f7f3-8754269adc9b" testName="Delete_NonExistingId_ThrowsEntityNotFoundException" computerName="ICSWS068" duration="00:00:00.3212581" startTime="2016-08-04T10:16:36.4577657+02:00" endTime="2016-08-04T10:16:36.7805514+02:00" testType="13cdc9d9-ddb5-4fa4-a97d-d965ccfc6d4b" outcome="Passed" testListId="8c84fa94-04c1-424b-9868-57a2d4851a1d" relativeResultsDirectory="c94c0f8b-6539-45e9-b771-af78dfd0e93f" />
    <UnitTestResult executionId="03fed889-b654-4554-b702-b13cb1dbd3f6" testId="f5577f8e-445a-4166-c597-f160ed7544bd" testName="Delete_UsingIdUnusedNodeAttributeType_SuccessfullyDeletesNodeAttributeType" computerName="ICSWS068" duration="00:00:00.3445144" startTime="2016-08-04T10:16:36.7832977+02:00" endTime="2016-08-04T10:16:37.1295252+02:00" testType="13cdc9d9-ddb5-4fa4-a97d-d965ccfc6d4b" outcome="Passed" testListId="8c84fa94-04c1-424b-9868-57a2d4851a1d" relativeResultsDirectory="03fed889-b654-4554-b702-b13cb1dbd3f6" />
    <UnitTestResult executionId="d9827657-4a76-4623-bc98-b64024f689e2" testId="7b824c20-926c-1a20-b49f-5863a27547e4" testName="Delete_UsedNodeAttributeType_ThrowsEntityDependencyException" computerName="ICSWS068" duration="00:00:00.3292260" startTime="2016-08-04T10:16:37.1320307+02:00" endTime="2016-08-04T10:16:37.4630562+02:00" testType="13cdc9d9-ddb5-4fa4-a97d-d965ccfc6d4b" outcome="Passed" testListId="8c84fa94-04c1-424b-9868-57a2d4851a1d" relativeResultsDirectory="d9827657-4a76-4623-bc98-b64024f689e2" />
    <UnitTestResult executionId="562d9ef2-06c5-4b16-9ac4-47ef1caa91d3" testId="2d8ec8e6-dd0f-c5f6-ea53-dda9043d602e" testName="Delete_UnusedNodeAttributeType_SuccessfullyDeletesNodeAttributeType" computerName="ICSWS068" duration="00:00:00.3349472" startTime="2016-08-04T10:16:37.4660585+02:00" endTime="2016-08-04T10:16:37.8024877+02:00" testType="13cdc9d9-ddb5-4fa4-a97d-d965ccfc6d4b" outcome="Passed" testListId="8c84fa94-04c1-424b-9868-57a2d4851a1d" relativeResultsDirectory="562d9ef2-06c5-4b16-9ac4-47ef1caa91d3" />
    <UnitTestResult executionId="e4b06e8b-7cd6-41e7-94f5-ddd9a1529797" testId="2eb9e10f-a4ef-e0f1-fc76-e9c94908a233" testName="Delete_NonDeletableNodeAttributeType_ThrowsEntityDependencyException" computerName="ICSWS068" duration="00:00:00.3560904" startTime="2016-08-04T10:16:37.8050055+02:00" endTime="2016-08-04T10:16:38.1627340+02:00" testType="13cdc9d9-ddb5-4fa4-a97d-d965ccfc6d4b" outcome="Passed" testListId="8c84fa94-04c1-424b-9868-57a2d4851a1d" relativeResultsDirectory="e4b06e8b-7cd6-41e7-94f5-ddd9a1529797" />
    <UnitTestResult executionId="d704e91f-8795-4391-99b0-4f660ec18560" testId="1e1cc6a7-0a34-df86-35c5-fc2d95907db9" testName="Add_NullName_ThrowsConditionalErrorException" computerName="ICSWS068" duration="00:00:00.3296204" startTime="2016-08-04T10:16:38.1662375+02:00" endTime="2016-08-04T10:16:38.4971908+02:00" testType="13cdc9d9-ddb5-4fa4-a97d-d965ccfc6d4b" outcome="Passed" testListId="8c84fa94-04c1-424b-9868-57a2d4851a1d" relativeResultsDirectory="d704e91f-8795-4391-99b0-4f660ec18560" />
    <UnitTestResult executionId="17b1f162-0a18-4673-a622-07a8c257cd3b" testId="baaec7b3-e889-fd1d-837e-ec4707004382" testName="Add_EmptyName_ThrowsStringLengthErrorException" computerName="ICSWS068" duration="00:00:00.3251879" startTime="2016-08-04T10:16:38.5001937+02:00" endTime="2016-08-04T10:16:38.8279318+02:00" testType="13cdc9d9-ddb5-4fa4-a97d-d965ccfc6d4b" outcome="Passed" testListId="8c84fa94-04c1-424b-9868-57a2d4851a1d" relativeResultsDirectory="17b1f162-0a18-4673-a622-07a8c257cd3b" />
    <UnitTestResult executionId="cc5a9be7-5400-479e-83f3-23c53433c2a7" testId="fc4544f5-d82c-a8c6-4131-e599b21fd681" testName="Add_WhiteSpaceOnlyName_ThrowsStringLengthErrorException" computerName="ICSWS068" duration="00:00:00.3262207" startTime="2016-08-04T10:16:38.8314391+02:00" endTime="2016-08-04T10:16:39.1589326+02:00" testType="13cdc9d9-ddb5-4fa4-a97d-d965ccfc6d4b" outcome="Passed" testListId="8c84fa94-04c1-424b-9868-57a2d4851a1d" relativeResultsDirectory="cc5a9be7-5400-479e-83f3-23c53433c2a7" />
    <UnitTestResult executionId="0000db1a-3ee0-45e6-a856-41367a7efb00" testId="ee310c6f-7b25-f4f4-fd2d-48ca38e3cde6" testName="Add_TooLongName_ThrowsStringLengthErrorException" computerName="ICSWS068" duration="00:00:00.3284661" startTime="2016-08-04T10:16:39.1624179+02:00" endTime="2016-08-04T10:16:39.4927683+02:00" testType="13cdc9d9-ddb5-4fa4-a97d-d965ccfc6d4b" outcome="Passed" testListId="8c84fa94-04c1-424b-9868-57a2d4851a1d" relativeResultsDirectory="0000db1a-3ee0-45e6-a856-41367a7efb00" />
    <UnitTestResult executionId="2468be85-803e-416f-8fa3-b2ecc96b36e1" testId="b6118395-ad2a-8f1d-9301-57155ae3dbdf" testName="Add_LongDescription_Succeeds" computerName="ICSWS068" duration="00:00:00.3827092" startTime="2016-08-04T10:16:39.4952700+02:00" endTime="2016-08-04T10:16:39.8796110+02:00" testType="13cdc9d9-ddb5-4fa4-a97d-d965ccfc6d4b" outcome="Passed" testListId="8c84fa94-04c1-424b-9868-57a2d4851a1d" relativeResultsDirectory="2468be85-803e-416f-8fa3-b2ecc96b36e1" />
    <UnitTestResult executionId="2ba11049-7200-46ff-9d9e-109ff1fc8060" testId="dccd3434-8804-d195-395d-7489dabef6aa" testName="Add_ValidProperties_IdAndTimesAreUpdatedCorrectly" computerName="ICSWS068" duration="00:00:00.3304268" startTime="2016-08-04T10:16:39.8831180+02:00" endTime="2016-08-04T10:16:40.2150044+02:00" testType="13cdc9d9-ddb5-4fa4-a97d-d965ccfc6d4b" outcome="Passed" testListId="8c84fa94-04c1-424b-9868-57a2d4851a1d" relativeResultsDirectory="2ba11049-7200-46ff-9d9e-109ff1fc8060" />
    <UnitTestResult executionId="d8cb0bc9-02fa-4074-8e65-d7bca071be7f" testId="1777cb97-ee4f-6dd2-0eab-753a5f6a84d5" testName="Add_ComplexProperties_ArePersistedCorrectly" computerName="ICSWS068" duration="00:00:00.3328531" startTime="2016-08-04T10:16:40.2175208+02:00" endTime="2016-08-04T10:16:40.5518453+02:00" testType="13cdc9d9-ddb5-4fa4-a97d-d965ccfc6d4b" outcome="Passed" testListId="8c84fa94-04c1-424b-9868-57a2d4851a1d" relativeResultsDirectory="d8cb0bc9-02fa-4074-8e65-d7bca071be7f" />
    <UnitTestResult executionId="66761176-41ad-4e94-975d-501a78598766" testId="28cbd4f5-09f2-e9ec-e7b0-cddd20398c46" testName="Add_DuplicateName_ThrowsUniqueValueAddConflictException" computerName="ICSWS068" duration="00:00:00.3386835" startTime="2016-08-04T10:16:40.5548488+02:00" endTime="2016-08-04T10:16:40.8946339+02:00" testType="13cdc9d9-ddb5-4fa4-a97d-d965ccfc6d4b" outcome="Passed" testListId="8c84fa94-04c1-424b-9868-57a2d4851a1d" relativeResultsDirectory="66761176-41ad-4e94-975d-501a78598766" />
    <UnitTestResult executionId="b8c44031-696d-4c97-9a56-4242e5c4423b" testId="2c9c36ba-f836-886a-1939-13409bd4d010" testName="Update_NullName_ThrowsConditionalErrorException" computerName="ICSWS068" duration="00:00:00.3382158" startTime="2016-08-04T10:16:40.8981359+02:00" endTime="2016-08-04T10:16:41.2377040+02:00" testType="13cdc9d9-ddb5-4fa4-a97d-d965ccfc6d4b" outcome="Passed" testListId="8c84fa94-04c1-424b-9868-57a2d4851a1d" relativeResultsDirectory="b8c44031-696d-4c97-9a56-4242e5c4423b" />
    <UnitTestResult executionId="e38b5ff1-4116-4146-95bf-d8d7ef6fe852" testId="e6717a06-71d4-cd67-10a5-29ab3a365d80" testName="Update_EmtpyName_ThrowsStringLengthErrorException" computerName="ICSWS068" duration="00:00:00.3362498" startTime="2016-08-04T10:16:41.2406893+02:00" endTime="2016-08-04T10:16:41.5782044+02:00" testType="13cdc9d9-ddb5-4fa4-a97d-d965ccfc6d4b" outcome="Passed" testListId="8c84fa94-04c1-424b-9868-57a2d4851a1d" relativeResultsDirectory="e38b5ff1-4116-4146-95bf-d8d7ef6fe852" />
    <UnitTestResult executionId="d2df6681-e2c9-4672-ab45-211f85006bb6" testId="16a1a879-45cf-1490-8c23-327d80e9cd75" testName="Update_WhitespaceOnlyName_ThrowsStringLengthErrorException" computerName="ICSWS068" duration="00:00:00.3853751" startTime="2016-08-04T10:16:41.5817055+02:00" endTime="2016-08-04T10:16:41.9682840+02:00" testType="13cdc9d9-ddb5-4fa4-a97d-d965ccfc6d4b" outcome="Passed" testListId="8c84fa94-04c1-424b-9868-57a2d4851a1d" relativeResultsDirectory="d2df6681-e2c9-4672-ab45-211f85006bb6" />
    <UnitTestResult executionId="d961edee-39e4-4845-917b-99b1a7714c5c" testId="b54808ec-6b05-9244-9dae-3cbe76518d1c" testName="Update_TooLongName_ThrowsStringLengthErrorException" computerName="ICSWS068" duration="00:00:00.3314488" startTime="2016-08-04T10:16:41.9712848+02:00" endTime="2016-08-04T10:16:42.3042413+02:00" testType="13cdc9d9-ddb5-4fa4-a97d-d965ccfc6d4b" outcome="Passed" testListId="8c84fa94-04c1-424b-9868-57a2d4851a1d" relativeResultsDirectory="d961edee-39e4-4845-917b-99b1a7714c5c" />
    <UnitTestResult executionId="8b26b240-f349-44b6-8f16-52a1a42c8f54" testId="8fe0d8b7-94c0-039f-1b75-dc7550e4391f" testName="Update_LongDescription_Succeeds" computerName="ICSWS068" duration="00:00:00.3357047" startTime="2016-08-04T10:16:42.3087444+02:00" endTime="2016-08-04T10:16:42.6457123+02:00" testType="13cdc9d9-ddb5-4fa4-a97d-d965ccfc6d4b" outcome="Passed" testListId="8c84fa94-04c1-424b-9868-57a2d4851a1d" relativeResultsDirectory="8b26b240-f349-44b6-8f16-52a1a42c8f54" />
    <UnitTestResult executionId="4258d2bb-215c-47f9-aea7-8f1e30cb0e14" testId="dca953c3-578e-abf7-4720-d7eba2421373" testName="Update_DuplicateName_ThrowsUniqueValueAddConflictException" computerName="ICSWS068" duration="00:00:00.3345895" startTime="2016-08-04T10:16:42.6486991+02:00" endTime="2016-08-04T10:16:42.9849435+02:00" testType="13cdc9d9-ddb5-4fa4-a97d-d965ccfc6d4b" outcome="Passed" testListId="8c84fa94-04c1-424b-9868-57a2d4851a1d" relativeResultsDirectory="4258d2bb-215c-47f9-aea7-8f1e30cb0e14" />
    <UnitTestResult executionId="73077fc9-f245-4f9d-8525-02c5557a3dcc" testId="3af5218d-141a-dc87-15c9-97091e292fbb" testName="Update_ComplexProperties_ArePersistedCorrectly" computerName="ICSWS068" duration="00:00:14.0035749" startTime="2016-08-04T10:16:42.9879625+02:00" endTime="2016-08-04T10:16:56.9933419+02:00" testType="13cdc9d9-ddb5-4fa4-a97d-d965ccfc6d4b" outcome="Passed" testListId="8c84fa94-04c1-424b-9868-57a2d4851a1d" relativeResultsDirectory="73077fc9-f245-4f9d-8525-02c5557a3dcc" />
    <UnitTestResult executionId="ed2f5d10-fc8a-4875-b002-f2a6aaf94b3e" testId="17792a1e-6ae1-a380-22ca-9d00bda7bb92" testName="Update_UnchangedName_Succeeds" computerName="ICSWS068" duration="00:00:00.3525967" startTime="2016-08-04T10:16:56.9963436+02:00" endTime="2016-08-04T10:16:57.3509648+02:00" testType="13cdc9d9-ddb5-4fa4-a97d-d965ccfc6d4b" outcome="Passed" testListId="8c84fa94-04c1-424b-9868-57a2d4851a1d" relativeResultsDirectory="ed2f5d10-fc8a-4875-b002-f2a6aaf94b3e" />
    <UnitTestResult executionId="516e2d9f-5444-4d8b-a6c2-bf2cae017ad2" testId="1ca77365-f99f-7acc-8631-a32278e1fa3e" testName="Update_IsProtectedChangedAndUserIsDeveloper_Succeeds" computerName="ICSWS068" duration="00:00:00.6571177" startTime="2016-08-04T10:16:57.3539668+02:00" endTime="2016-08-04T10:16:58.0124281+02:00" testType="13cdc9d9-ddb5-4fa4-a97d-d965ccfc6d4b" outcome="Passed" testListId="8c84fa94-04c1-424b-9868-57a2d4851a1d" relativeResultsDirectory="516e2d9f-5444-4d8b-a6c2-bf2cae017ad2" />
    <UnitTestResult executionId="6025b11f-8bea-4202-a936-120f1d530765" testId="c40928a9-d4d4-2832-7987-057de5446340" testName="Update_IsProtectedChangedAndUserIsAdministrator_Throws" computerName="ICSWS068" duration="00:00:00.6626777" startTime="2016-08-04T10:16:58.0149468+02:00" endTime="2016-08-04T10:16:58.6790681+02:00" testType="13cdc9d9-ddb5-4fa4-a97d-d965ccfc6d4b" outcome="Passed" testListId="8c84fa94-04c1-424b-9868-57a2d4851a1d" relativeResultsDirectory="6025b11f-8bea-4202-a936-120f1d530765" />
    <UnitTestResult executionId="c29e80d1-8064-4251-ab71-a9a299738dcd" testId="29ac9858-412e-4ae1-3520-02ec51644727" testName="Update_IsProtectedChangedAndUserIsUser_Throws" computerName="ICSWS068" duration="00:00:00.7102205" startTime="2016-08-04T10:16:58.6822123+02:00" endTime="2016-08-04T10:16:59.3936087+02:00" testType="13cdc9d9-ddb5-4fa4-a97d-d965ccfc6d4b" outcome="Passed" testListId="8c84fa94-04c1-424b-9868-57a2d4851a1d" relativeResultsDirectory="c29e80d1-8064-4251-ab71-a9a299738dcd" />
    <UnitTestResult executionId="75ee08eb-215c-4f76-b109-16931e14f928" testId="3af342a9-098f-274d-2705-a781d5cfdc25" testName="Update_IsProtectedChangedAndUserIsViewer_Throws" computerName="ICSWS068" duration="00:00:00.6709326" startTime="2016-08-04T10:16:59.3971124+02:00" endTime="2016-08-04T10:17:00.0694626+02:00" testType="13cdc9d9-ddb5-4fa4-a97d-d965ccfc6d4b" outcome="Passed" testListId="8c84fa94-04c1-424b-9868-57a2d4851a1d" relativeResultsDirectory="75ee08eb-215c-4f76-b109-16931e14f928" />
    <UnitTestResult executionId="8f838744-14d0-413f-b638-ea65a7890964" testId="1858260f-8573-5da8-fe4b-343800fdecfc" testName="Update_IsProtectedNotChangedAndUserIsDeveloper_Succeeds" computerName="ICSWS068" duration="00:00:00.6800350" startTime="2016-08-04T10:17:00.0724150+02:00" endTime="2016-08-04T10:17:00.7538193+02:00" testType="13cdc9d9-ddb5-4fa4-a97d-d965ccfc6d4b" outcome="Passed" testListId="8c84fa94-04c1-424b-9868-57a2d4851a1d" relativeResultsDirectory="8f838744-14d0-413f-b638-ea65a7890964" />
    <UnitTestResult executionId="9e1d1589-c6ab-4990-83c9-70ec78f43777" testId="a31d3dcc-f743-d8e4-34c1-a45ee8c9743e" testName="Update_IsProtectedNotChangedAndUserIsAdministrator_Succeeds" computerName="ICSWS068" duration="00:00:00.6884985" startTime="2016-08-04T10:17:00.7568216+02:00" endTime="2016-08-04T10:17:01.4469122+02:00" testType="13cdc9d9-ddb5-4fa4-a97d-d965ccfc6d4b" outcome="Passed" testListId="8c84fa94-04c1-424b-9868-57a2d4851a1d" relativeResultsDirectory="9e1d1589-c6ab-4990-83c9-70ec78f43777" />
    <UnitTestResult executionId="bbb092e2-f621-4a86-90d8-3514dbc34e25" testId="51dbe341-389c-3dc2-326b-e389bee66eaa" testName="Update_IsProtectedNotChangedAndUserIsUser_Succeeds" computerName="ICSWS068" duration="00:00:00.6550597" startTime="2016-08-04T10:17:01.4509323+02:00" endTime="2016-08-04T10:17:02.1077687+02:00" testType="13cdc9d9-ddb5-4fa4-a97d-d965ccfc6d4b" outcome="Passed" testListId="8c84fa94-04c1-424b-9868-57a2d4851a1d" relativeResultsDirectory="bbb092e2-f621-4a86-90d8-3514dbc34e25" />
    <UnitTestResult executionId="edba2637-ab0a-4b2a-a75f-d17ad7390093" testId="96c5a626-0c9e-24c9-da28-784ee01de797" testName="Update_IsProtectedNotChangedAndUserIsViewer_Succeeds" computerName="ICSWS068" duration="00:00:00.6486897" startTime="2016-08-04T10:17:02.1107874+02:00" endTime="2016-08-04T10:17:02.7610857+02:00" testType="13cdc9d9-ddb5-4fa4-a97d-d965ccfc6d4b" outcome="Passed" testListId="8c84fa94-04c1-424b-9868-57a2d4851a1d" relativeResultsDirectory="edba2637-ab0a-4b2a-a75f-d17ad7390093" />
    <UnitTestResult executionId="04a2c0e5-c60e-4a0b-a833-08c735eeeb28" testId="c81b1f0c-45a7-b0c9-e39f-434442405563" testName="SetAttributeValue_ExistingProtectedFloatAttributeWithIntegerGenericTypeArgument_ReturnsCorrectValue" computerName="ICSWS068" duration="00:00:01.7858384" startTime="2016-08-04T10:17:02.7680947+02:00" endTime="2016-08-04T10:17:04.5565713+02:00" testType="13cdc9d9-ddb5-4fa4-a97d-d965ccfc6d4b" outcome="Passed" testListId="8c84fa94-04c1-424b-9868-57a2d4851a1d" relativeResultsDirectory="04a2c0e5-c60e-4a0b-a833-08c735eeeb28" />
    <UnitTestResult executionId="ce1f76ab-d1c5-45e0-987e-74ac9bdf89ed" testId="7ab8157f-abef-d70d-f3e0-7bde8de8c6d6" testName="Validate_UpdateOnProtectedChangedAttributeUserDoesNotHaveRestrictedOperationDataAccess_Throws" computerName="ICSWS068" duration="00:00:00.3533612" startTime="2016-08-04T10:17:04.5590906+02:00" endTime="2016-08-04T10:17:04.9144887+02:00" testType="13cdc9d9-ddb5-4fa4-a97d-d965ccfc6d4b" outcome="Passed" testListId="8c84fa94-04c1-424b-9868-57a2d4851a1d" relativeResultsDirectory="ce1f76ab-d1c5-45e0-987e-74ac9bdf89ed" />
    <UnitTestResult executionId="ba70ef15-e9a8-44c3-8f94-59c48d3de320" testId="9bb42ebb-0977-b76e-b82e-5b53529af40a" testName="Validate_UpdateOnProtectedChangedAttributeUserHaveRestrictedOperationDataAccess_Success" computerName="ICSWS068" duration="00:00:00.3320470" startTime="2016-08-04T10:17:04.9174922+02:00" endTime="2016-08-04T10:17:05.2509445+02:00" testType="13cdc9d9-ddb5-4fa4-a97d-d965ccfc6d4b" outcome="Passed" testListId="8c84fa94-04c1-424b-9868-57a2d4851a1d" relativeResultsDirectory="ba70ef15-e9a8-44c3-8f94-59c48d3de320" />
    <UnitTestResult executionId="95526268-5ab1-4bde-9ab6-ebf7f7d03e46" testId="3b3d728d-b53b-ea44-3e46-f5f290810f92" testName="Validate_UnmodifiedProtectedAttributeTypeUserDoesNotHaveRestrictedOperationModifyProtectableConcurrentUpdateOfIsProtected_Success" computerName="ICSWS068" duration="00:00:00.3461590" startTime="2016-08-04T10:17:05.2539468+02:00" endTime="2016-08-04T10:17:05.6013612+02:00" testType="13cdc9d9-ddb5-4fa4-a97d-d965ccfc6d4b" outcome="Passed" testListId="8c84fa94-04c1-424b-9868-57a2d4851a1d" relativeResultsDirectory="95526268-5ab1-4bde-9ab6-ebf7f7d03e46" />
    <UnitTestResult executionId="12a3046c-ed77-4e67-ad1b-89997ab054cc" testId="8a47d559-cdcb-be16-2204-00ebafa32e86" testName="Validate_UnmodifiedProtectedAttributeUserDoesNotHaveRestrictedOperationDataAccessConcurrentUpdateOfValue_Success" computerName="ICSWS068" duration="00:00:00.3380571" startTime="2016-08-04T10:17:05.6043690+02:00" endTime="2016-08-04T10:17:05.9437480+02:00" testType="13cdc9d9-ddb5-4fa4-a97d-d965ccfc6d4b" outcome="Passed" testListId="8c84fa94-04c1-424b-9868-57a2d4851a1d" relativeResultsDirectory="12a3046c-ed77-4e67-ad1b-89997ab054cc" />
    <UnitTestResult executionId="cdfc1b03-d385-4530-b0eb-5acd854c2a72" testId="0aa5604c-dd81-6e1b-5e5d-6ac42c1640e6" testName="SetAttributeValue_ProtectionPerformanceTest_Success" computerName="ICSWS068" duration="00:00:02.1562863" startTime="2016-08-04T10:17:05.9467497+02:00" endTime="2016-08-04T10:17:08.1046127+02:00" testType="13cdc9d9-ddb5-4fa4-a97d-d965ccfc6d4b" outcome="Passed" testListId="8c84fa94-04c1-424b-9868-57a2d4851a1d" relativeResultsDirectory="cdfc1b03-d385-4530-b0eb-5acd854c2a72">
      <Output>
        <StdOut>Debug Trace:
Not protected: 0,536659 ms 	 Protected: 0,860659666666667 ms</StdOut>
      </Output>
    </UnitTestResult>
    <UnitTestResult executionId="efbed1a9-27e0-4ff3-ac92-781f0e7fc57b" testId="20b00f6d-795b-72e6-d280-017ca56c376f" testName="SetAttributeValue_ProtectionPerformanceTestWithRuntimeService_Success" computerName="ICSWS068" duration="00:00:02.1292462" startTime="2016-08-04T10:17:08.1076133+02:00" endTime="2016-08-04T10:17:10.2389917+02:00" testType="13cdc9d9-ddb5-4fa4-a97d-d965ccfc6d4b" outcome="Passed" testListId="8c84fa94-04c1-424b-9868-57a2d4851a1d" relativeResultsDirectory="efbed1a9-27e0-4ff3-ac92-781f0e7fc57b">
      <Output>
        <StdOut>Debug Trace:
Not protected: 0,518052666666666 ms 	 Protected: 0,699974666666666 ms</StdOut>
      </Output>
    </UnitTestResult>
    <UnitTestResult executionId="14b90b2c-ca7a-4b2e-8246-d2880e1a0dbf" testId="590df3ac-1bc8-5523-9a37-5feb10bf8581" testName="GetAttributeValue_ProtectionPerformanceTest_Success" computerName="ICSWS068" duration="00:00:01.8992463" startTime="2016-08-04T10:17:10.2419937+02:00" endTime="2016-08-04T10:17:12.1431605+02:00" testType="13cdc9d9-ddb5-4fa4-a97d-d965ccfc6d4b" outcome="Passed" testListId="8c84fa94-04c1-424b-9868-57a2d4851a1d" relativeResultsDirectory="14b90b2c-ca7a-4b2e-8246-d2880e1a0dbf">
      <Output>
        <StdOut>Debug Trace:
Not protected: 0,104035 ms 	 Protected: 0,422708 ms</StdOut>
      </Output>
    </UnitTestResult>
    <UnitTestResult executionId="4f0329a5-2a7f-443a-bb1d-09da767f296c" testId="c4a48ca7-bdda-62aa-ea7f-bfde3760e59a" testName="GetAttributeValue_ProtectionPerformanceTestWithRuntimeService_Success" computerName="ICSWS068" duration="00:00:01.9622961" startTime="2016-08-04T10:17:12.1461628+02:00" endTime="2016-08-04T10:17:14.1102543+02:00" testType="13cdc9d9-ddb5-4fa4-a97d-d965ccfc6d4b" outcome="Passed" testListId="8c84fa94-04c1-424b-9868-57a2d4851a1d" relativeResultsDirectory="4f0329a5-2a7f-443a-bb1d-09da767f296c">
      <Output>
        <StdOut>Debug Trace:
Not protected: 0,115900333333333 ms 	 Protected: 0,271246666666667 ms</StdOut>
      </Output>
    </UnitTestResult>
    <UnitTestResult executionId="272ceb62-36f3-4242-9d89-a74142b719df" testId="cb42b49c-fe5b-637b-97aa-367f6e520a81" testName="Update_NullName_SetsNameEmpty" computerName="ICSWS068" duration="00:00:00.4078860" startTime="2016-08-04T10:17:14.1142571+02:00" endTime="2016-08-04T10:17:14.5240813+02:00" testType="13cdc9d9-ddb5-4fa4-a97d-d965ccfc6d4b" outcome="Passed" testListId="8c84fa94-04c1-424b-9868-57a2d4851a1d" relativeResultsDirectory="272ceb62-36f3-4242-9d89-a74142b719df" />
    <UnitTestResult executionId="808245f1-2fea-4a1e-b2d0-261fb77592ce" testId="82e6d77e-70d0-934d-707e-cf3893cfdfef" testName="Update_EmtpyName_Succeeds" computerName="ICSWS068" duration="00:00:00.3627026" startTime="2016-08-04T10:17:14.5275841+02:00" endTime="2016-08-04T10:17:14.8918143+02:00" testType="13cdc9d9-ddb5-4fa4-a97d-d965ccfc6d4b" outcome="Passed" testListId="8c84fa94-04c1-424b-9868-57a2d4851a1d" relativeResultsDirectory="808245f1-2fea-4a1e-b2d0-261fb77592ce" />
    <UnitTestResult executionId="f011ddbe-1eff-4e60-9c2c-6e22a2edf3e9" testId="205d31be-7fe6-4405-a826-12c16da359a5" testName="Update_EmtpyName_ThrowsNotSupportedException" computerName="ICSWS068" duration="00:00:00.3628061" startTime="2016-08-04T10:17:14.8948160+02:00" endTime="2016-08-04T10:17:15.2593693+02:00" testType="13cdc9d9-ddb5-4fa4-a97d-d965ccfc6d4b" outcome="Passed" testListId="8c84fa94-04c1-424b-9868-57a2d4851a1d" relativeResultsDirectory="f011ddbe-1eff-4e60-9c2c-6e22a2edf3e9" />
    <UnitTestResult executionId="2951c0ec-097a-46f3-9efd-2949d3258dd2" testId="34ce35e8-35cf-04f8-b980-333879e1a8a1" testName="Update_TooLongName_ThrowsStringLengthErrorException" computerName="ICSWS068" duration="00:00:00.3614812" startTime="2016-08-04T10:17:15.2638728+02:00" endTime="2016-08-04T10:17:15.6266255+02:00" testType="13cdc9d9-ddb5-4fa4-a97d-d965ccfc6d4b" outcome="Passed" testListId="8c84fa94-04c1-424b-9868-57a2d4851a1d" relativeResultsDirectory="2951c0ec-097a-46f3-9efd-2949d3258dd2" />
    <UnitTestResult executionId="d329381c-a09e-4b2b-8e98-bbdbefdbad8d" testId="21969340-7963-d6d7-b9c2-ab2e455dc0b4" testName="Update_ComplexProperties_ArePersistedCorrectly" computerName="ICSWS068" duration="00:00:00.4539999" startTime="2016-08-04T10:17:15.6296281+02:00" endTime="2016-08-04T10:17:16.0852834+02:00" testType="13cdc9d9-ddb5-4fa4-a97d-d965ccfc6d4b" outcome="Passed" testListId="8c84fa94-04c1-424b-9868-57a2d4851a1d" relativeResultsDirectory="d329381c-a09e-4b2b-8e98-bbdbefdbad8d" />
    <UnitTestResult executionId="670ef3a4-cda8-49f1-a8f9-1b684ddb309f" testId="0cb2f16b-8138-6711-8092-06aa88dfed09" testName="Update_Retain_SucceedsAndDoesNotChangeModifiedDate" computerName="ICSWS068" duration="00:00:00.3516547" startTime="2016-08-04T10:17:16.0882863+02:00" endTime="2016-08-04T10:17:16.4409680+02:00" testType="13cdc9d9-ddb5-4fa4-a97d-d965ccfc6d4b" outcome="Passed" testListId="8c84fa94-04c1-424b-9868-57a2d4851a1d" relativeResultsDirectory="670ef3a4-cda8-49f1-a8f9-1b684ddb309f" />
    <UnitTestResult executionId="58d78ad6-afc2-46f0-9a62-198c0aa7a6a2" testId="d971ed2e-686e-1157-683f-245a615f9656" testName="UpdateAllAttributes_ComplexProperties_Success" computerName="ICSWS068" duration="00:00:00.3576203" startTime="2016-08-04T10:17:16.4439709+02:00" endTime="2016-08-04T10:17:16.8029566+02:00" testType="13cdc9d9-ddb5-4fa4-a97d-d965ccfc6d4b" outcome="Passed" testListId="8c84fa94-04c1-424b-9868-57a2d4851a1d" relativeResultsDirectory="58d78ad6-afc2-46f0-9a62-198c0aa7a6a2" />
    <UnitTestResult executionId="f874203b-3a9b-4fff-85b5-fe799b1913b1" testId="5be8907c-1635-11f0-f1e9-a4aa95fe650e" testName="ListIsProtected_ComplexProperties_ReturnsProtectedTypes" computerName="ICSWS068" duration="00:00:00.6033075" startTime="2016-08-04T10:17:16.8059586+02:00" endTime="2016-08-04T10:17:17.4109855+02:00" testType="13cdc9d9-ddb5-4fa4-a97d-d965ccfc6d4b" outcome="Passed" testListId="8c84fa94-04c1-424b-9868-57a2d4851a1d" relativeResultsDirectory="f874203b-3a9b-4fff-85b5-fe799b1913b1" />
    <UnitTestResult executionId="15b32b12-85fe-4f77-92df-c1e2c6110aa3" testId="4e4db924-816a-7419-cc3e-0573833d8df3" testName="TrackedPropertyStates_AttributeTypeFetchedFromRepository_AllStatesAreFalse" computerName="ICSWS068" duration="00:00:00.3299183" startTime="2016-08-04T10:17:17.4138673+02:00" endTime="2016-08-04T10:17:17.7453699+02:00" testType="13cdc9d9-ddb5-4fa4-a97d-d965ccfc6d4b" outcome="Passed" testListId="8c84fa94-04c1-424b-9868-57a2d4851a1d" relativeResultsDirectory="15b32b12-85fe-4f77-92df-c1e2c6110aa3" />
    <UnitTestResult executionId="c21b59c7-576a-4109-8902-dd00a036e1b7" testId="6fd25452-916a-573e-e52c-d7e02929ba26" testName="TrackedPropertyStates_AttributeTypeFetchedFromRepository_ThereIsOneTrackedProperty" computerName="ICSWS068" duration="00:00:00.3350982" startTime="2016-08-04T10:17:17.7478713+02:00" endTime="2016-08-04T10:17:18.0843993+02:00" testType="13cdc9d9-ddb5-4fa4-a97d-d965ccfc6d4b" outcome="Passed" testListId="8c84fa94-04c1-424b-9868-57a2d4851a1d" relativeResultsDirectory="c21b59c7-576a-4109-8902-dd00a036e1b7" />
    <UnitTestResult executionId="dc015f61-dd72-4d06-ac73-c09ff5521d5f" testId="7c3323b5-6fa5-8727-2276-f7a9685506f0" testName="TrackedPropertyStates_IsProtectedIsChangedOnAttributeType_IsProtectedStateIsTrue" computerName="ICSWS068" duration="00:00:00.3417606" startTime="2016-08-04T10:17:18.0874007+02:00" endTime="2016-08-04T10:17:18.4304928+02:00" testType="13cdc9d9-ddb5-4fa4-a97d-d965ccfc6d4b" outcome="Passed" testListId="8c84fa94-04c1-424b-9868-57a2d4851a1d" relativeResultsDirectory="dc015f61-dd72-4d06-ac73-c09ff5521d5f" />
    <UnitTestResult executionId="0c14e92b-4696-46d0-b855-d16d59be3014" testId="a42468cf-09d6-e366-4cc5-3d728c246069" testName="TrackedPropertyStates_IsProtectedIsSetWithSameValueOnAttributeType_IsProtectedStateIsFalse" computerName="ICSWS068" duration="00:00:00.3380386" startTime="2016-08-04T10:17:18.4334995+02:00" endTime="2016-08-04T10:17:18.7725788+02:00" testType="13cdc9d9-ddb5-4fa4-a97d-d965ccfc6d4b" outcome="Passed" testListId="8c84fa94-04c1-424b-9868-57a2d4851a1d" relativeResultsDirectory="0c14e92b-4696-46d0-b855-d16d59be3014" />
    <UnitTestResult executionId="a80fe5e2-52e7-4cd4-816f-5a9ac629b7f8" testId="6de21e75-5f9e-26fc-f354-477f474d85a3" testName="TrackedPropertyStates_IsProtectedIsSetWithNewValueThenSameValueOnAttributeType_IsProtectedStateIsTrue" computerName="ICSWS068" duration="00:00:00.3420060" startTime="2016-08-04T10:17:18.7755820+02:00" endTime="2016-08-04T10:17:19.1191462+02:00" testType="13cdc9d9-ddb5-4fa4-a97d-d965ccfc6d4b" outcome="Passed" testListId="8c84fa94-04c1-424b-9868-57a2d4851a1d" relativeResultsDirectory="a80fe5e2-52e7-4cd4-816f-5a9ac629b7f8" />
    <UnitTestResult executionId="692a4e6e-4ae8-4ef5-8a36-672ec9417c33" testId="f1b728e2-44f9-13a3-d1d4-3d98ab75def8" testName="TrackedPropertyStates_IsProtectedIsChangedOnAttributeTypeThenUpdated_IsProtectedStateIsFalse" computerName="ICSWS068" duration="00:00:00.3559752" startTime="2016-08-04T10:17:19.1216661+02:00" endTime="2016-08-04T10:17:19.4795885+02:00" testType="13cdc9d9-ddb5-4fa4-a97d-d965ccfc6d4b" outcome="Passed" testListId="8c84fa94-04c1-424b-9868-57a2d4851a1d" relativeResultsDirectory="692a4e6e-4ae8-4ef5-8a36-672ec9417c33" />
    <UnitTestResult executionId="8e2683e0-7393-43c5-ac40-4f6f55a4536a" testId="14f1bb4b-c147-a69e-a6dd-06685a9833c8" testName="TrackedPropertyStates_OnAttributeValueFetchedFromRepository_AllStatesAreFalse" computerName="ICSWS068" duration="00:00:00.3310379" startTime="2016-08-04T10:17:19.4826095+02:00" endTime="2016-08-04T10:17:19.8146687+02:00" testType="13cdc9d9-ddb5-4fa4-a97d-d965ccfc6d4b" outcome="Passed" testListId="8c84fa94-04c1-424b-9868-57a2d4851a1d" relativeResultsDirectory="8e2683e0-7393-43c5-ac40-4f6f55a4536a" />
    <UnitTestResult executionId="034fc71f-b153-49bd-8345-c5ad23742806" testId="725d6fd6-2ea6-b7fb-5630-a25d707fced7" testName="TrackedPropertyStates_OnAttributeValueFetchedFromRepository_ThereIsOneTrackedProperty" computerName="ICSWS068" duration="00:00:00.3700529" startTime="2016-08-04T10:17:19.8176742+02:00" endTime="2016-08-04T10:17:20.1893743+02:00" testType="13cdc9d9-ddb5-4fa4-a97d-d965ccfc6d4b" outcome="Passed" testListId="8c84fa94-04c1-424b-9868-57a2d4851a1d" relativeResultsDirectory="034fc71f-b153-49bd-8345-c5ad23742806" />
    <UnitTestResult executionId="271f57a8-e037-4a80-92c8-025c2f31c9b1" testId="26eb7c3e-66f6-a4ab-5bbb-b6a75fbc9c52" testName="TrackedPropertyStates_ValueIsChangedOnAttributeValue_ValuesStateIsTrue" computerName="ICSWS068" duration="00:00:00.3314095" startTime="2016-08-04T10:17:20.1918778+02:00" endTime="2016-08-04T10:17:20.5248751+02:00" testType="13cdc9d9-ddb5-4fa4-a97d-d965ccfc6d4b" outcome="Passed" testListId="8c84fa94-04c1-424b-9868-57a2d4851a1d" relativeResultsDirectory="271f57a8-e037-4a80-92c8-025c2f31c9b1" />
    <UnitTestResult executionId="a8cbaff8-3de8-42b7-ab64-2a7f8e61775c" testId="587dcf75-959e-7492-a47d-b238363cd13a" testName="TrackedPropertyStates_StringValueIsSetWithSameValueOnAttributeValue_ValuesStateIsFalse" computerName="ICSWS068" duration="00:00:00.3222601" startTime="2016-08-04T10:17:20.5278771+02:00" endTime="2016-08-04T10:17:20.8514305+02:00" testType="13cdc9d9-ddb5-4fa4-a97d-d965ccfc6d4b" outcome="Passed" testListId="8c84fa94-04c1-424b-9868-57a2d4851a1d" relativeResultsDirectory="a8cbaff8-3de8-42b7-ab64-2a7f8e61775c" />
    <UnitTestResult executionId="8f42cc29-739d-4ea5-a5bd-348082e2515b" testId="883a1ce2-da5c-0891-2f95-c9b577fe6e81" testName="TrackedPropertyStates_IntegerValueIsSetWithSameValueOnAttributeValue_ValuesStateIsFalse" computerName="ICSWS068" duration="00:00:00.3312288" startTime="2016-08-04T10:17:20.8549346+02:00" endTime="2016-08-04T10:17:21.1875175+02:00" testType="13cdc9d9-ddb5-4fa4-a97d-d965ccfc6d4b" outcome="Passed" testListId="8c84fa94-04c1-424b-9868-57a2d4851a1d" relativeResultsDirectory="8f42cc29-739d-4ea5-a5bd-348082e2515b" />
    <UnitTestResult executionId="3a3e634f-0bf7-4dde-b6ae-7adedf13eebb" testId="272f5ef6-f6f8-9718-6ebf-1be74fb84855" testName="TrackedPropertyStates_FloatValueIsSetWithSameValueOnAttributeValue_ValuesStateIsFalse" computerName="ICSWS068" duration="00:00:00.3482800" startTime="2016-08-04T10:17:21.1905356+02:00" endTime="2016-08-04T10:17:21.5403159+02:00" testType="13cdc9d9-ddb5-4fa4-a97d-d965ccfc6d4b" outcome="Passed" testListId="8c84fa94-04c1-424b-9868-57a2d4851a1d" relativeResultsDirectory="3a3e634f-0bf7-4dde-b6ae-7adedf13eebb" />
    <UnitTestResult executionId="33af344f-a25d-4d03-94b0-dcb98492795c" testId="8e63da65-bc12-52f3-c971-0568de98d20f" testName="TrackedPropertyStates_ValueIsChangedOnAttributeValueThenUpdated_ValuesStateIsFalse" computerName="ICSWS068" duration="00:00:00.3409632" startTime="2016-08-04T10:17:21.5433164+02:00" endTime="2016-08-04T10:17:21.8857094+02:00" testType="13cdc9d9-ddb5-4fa4-a97d-d965ccfc6d4b" outcome="Passed" testListId="8c84fa94-04c1-424b-9868-57a2d4851a1d" relativeResultsDirectory="33af344f-a25d-4d03-94b0-dcb98492795c" />
    <UnitTestResult executionId="83627fd8-1879-44cd-8128-3f4504c85920" testId="3e2e0e04-4ec3-e946-64e5-e997b6c28b86" testName="TrackedPropertyStates_ValueIsChangedOnAttributeValueAttributeNotProtectedSystemEncrypted_ValuesStateIsTrue" computerName="ICSWS068" duration="00:00:01.3810922" startTime="2016-08-04T10:17:21.8882117+02:00" endTime="2016-08-04T10:17:23.2708231+02:00" testType="13cdc9d9-ddb5-4fa4-a97d-d965ccfc6d4b" outcome="Passed" testListId="8c84fa94-04c1-424b-9868-57a2d4851a1d" relativeResultsDirectory="83627fd8-1879-44cd-8128-3f4504c85920" />
    <UnitTestResult executionId="40d233db-3924-4f70-96c0-05b370d3c118" testId="218fc7cd-f63e-ef89-ae91-ce7d7fe6449b" testName="TrackedPropertyStates_ValueIsChangedOnAttributeValueAttributeProtectedSystemEncrypted_ValuesStateIsTrue" computerName="ICSWS068" duration="00:00:01.3630853" startTime="2016-08-04T10:17:23.2753383+02:00" endTime="2016-08-04T10:17:24.6399983+02:00" testType="13cdc9d9-ddb5-4fa4-a97d-d965ccfc6d4b" outcome="Passed" testListId="8c84fa94-04c1-424b-9868-57a2d4851a1d" relativeResultsDirectory="40d233db-3924-4f70-96c0-05b370d3c118" />
    <UnitTestResult executionId="c0929d8c-fb9a-46f2-b354-f02486ff382a" testId="a9ff4d77-7078-3259-f439-00a66e539524" testName="GetRelations_ParentWhereRelationExists_RelationFound" computerName="ICSWS068" duration="00:00:00.3527448" startTime="2016-08-04T10:17:24.6435203+02:00" endTime="2016-08-04T10:17:24.9976368+02:00" testType="13cdc9d9-ddb5-4fa4-a97d-d965ccfc6d4b" outcome="Passed" testListId="8c84fa94-04c1-424b-9868-57a2d4851a1d" relativeResultsDirectory="c0929d8c-fb9a-46f2-b354-f02486ff382a" />
    <UnitTestResult executionId="a6e1e42a-39c7-4214-9cef-5ddea45bfd24" testId="5b767cbc-7611-3350-eb5a-21f2f3bfead5" testName="GetRelations_ParentWhereRelationDoesNotExists_NoRelationFound" computerName="ICSWS068" duration="00:00:00.3311488" startTime="2016-08-04T10:17:25.0011391+02:00" endTime="2016-08-04T10:17:25.3338144+02:00" testType="13cdc9d9-ddb5-4fa4-a97d-d965ccfc6d4b" outcome="Passed" testListId="8c84fa94-04c1-424b-9868-57a2d4851a1d" relativeResultsDirectory="a6e1e42a-39c7-4214-9cef-5ddea45bfd24" />
    <UnitTestResult executionId="824227a4-d089-418a-a66a-461f7049f5c8" testId="da8d8063-7fa8-4078-28c6-b806c21158e1" testName="GetRelations_ChildWhereRelationsExists_RelationsFound" computerName="ICSWS068" duration="00:00:00.3296207" startTime="2016-08-04T10:17:25.3368003+02:00" endTime="2016-08-04T10:17:25.6679765+02:00" testType="13cdc9d9-ddb5-4fa4-a97d-d965ccfc6d4b" outcome="Passed" testListId="8c84fa94-04c1-424b-9868-57a2d4851a1d" relativeResultsDirectory="824227a4-d089-418a-a66a-461f7049f5c8" />
    <UnitTestResult executionId="ffa2d1d8-66b7-4612-a2fe-5b44f279a05a" testId="473f98f8-b3a3-703b-de24-43d9c1c64fdb" testName="GetRelations_ChildWhereRelationDoesNotExists_NoRelationFound" computerName="ICSWS068" duration="00:00:00.3320382" startTime="2016-08-04T10:17:25.6709776+02:00" endTime="2016-08-04T10:17:26.0043370+02:00" testType="13cdc9d9-ddb5-4fa4-a97d-d965ccfc6d4b" outcome="Passed" testListId="8c84fa94-04c1-424b-9868-57a2d4851a1d" relativeResultsDirectory="ffa2d1d8-66b7-4612-a2fe-5b44f279a05a" />
    <UnitTestResult executionId="edb77443-8315-4c43-824a-5c2d5ab4a5d5" testId="af150cd5-118c-83c6-05f6-6ba987b20aaf" testName="GetRelations_AssociationWhereRelationExists_RelationFound" computerName="ICSWS068" duration="00:00:00.3427028" startTime="2016-08-04T10:17:26.0073402+02:00" endTime="2016-08-04T10:17:26.3512379+02:00" testType="13cdc9d9-ddb5-4fa4-a97d-d965ccfc6d4b" outcome="Passed" testListId="8c84fa94-04c1-424b-9868-57a2d4851a1d" relativeResultsDirectory="edb77443-8315-4c43-824a-5c2d5ab4a5d5" />
    <UnitTestResult executionId="31bf97b6-68b9-47b0-b7a1-92f9d2a66b07" testId="c3c8b199-0a31-f1dd-704e-704d2b54f88d" testName="GetRelations_AssociationWhereRelationDoesNotExists_NoRelationFound" computerName="ICSWS068" duration="00:00:00.3277339" startTime="2016-08-04T10:17:26.3542102+02:00" endTime="2016-08-04T10:17:26.6836542+02:00" testType="13cdc9d9-ddb5-4fa4-a97d-d965ccfc6d4b" outcome="Passed" testListId="8c84fa94-04c1-424b-9868-57a2d4851a1d" relativeResultsDirectory="31bf97b6-68b9-47b0-b7a1-92f9d2a66b07" />
    <UnitTestResult executionId="6190d7c8-2f96-4524-b0f7-55df2524be96" testId="feaf4740-a3eb-1a25-615c-28b3917d2065" testName="GetRelations_AssociationAndParentAndChildWhereAllRelationExists_RelationFoundAndCorrectlyReturned" computerName="ICSWS068" duration="00:00:00.3655823" startTime="2016-08-04T10:17:26.6881576+02:00" endTime="2016-08-04T10:17:27.0556139+02:00" testType="13cdc9d9-ddb5-4fa4-a97d-d965ccfc6d4b" outcome="Passed" testListId="8c84fa94-04c1-424b-9868-57a2d4851a1d" relativeResultsDirectory="6190d7c8-2f96-4524-b0f7-55df2524be96" />
    <UnitTestResult executionId="865194ce-8d86-47d6-951d-f7dd4f51999b" testId="02f0dfb5-984e-e288-cf6f-bfb9adb31514" testName="RepositoryEntityTypeId_ReturnsNode" computerName="ICSWS068" duration="00:00:00.3324177" startTime="2016-08-04T10:17:27.0586161+02:00" endTime="2016-08-04T10:17:27.3930741+02:00" testType="13cdc9d9-ddb5-4fa4-a97d-d965ccfc6d4b" outcome="Passed" testListId="8c84fa94-04c1-424b-9868-57a2d4851a1d" relativeResultsDirectory="865194ce-8d86-47d6-951d-f7dd4f51999b" />
    <UnitTestResult executionId="b2fbd26e-8917-4095-bccd-d5bb2e51d7e8" testId="b4ab231d-a982-a01b-8706-64c8f498d54a" testName="RepositoryEntityType_ReturnsINode" computerName="ICSWS068" duration="00:00:00.3481762" startTime="2016-08-04T10:17:27.3960761+02:00" endTime="2016-08-04T10:17:27.7451998+02:00" testType="13cdc9d9-ddb5-4fa4-a97d-d965ccfc6d4b" outcome="Passed" testListId="8c84fa94-04c1-424b-9868-57a2d4851a1d" relativeResultsDirectory="b2fbd26e-8917-4095-bccd-d5bb2e51d7e8" />
    <UnitTestResult executionId="a147b0e3-e535-498b-8dbe-6f0bb95348d3" testId="8bce012e-0d23-15de-1a21-f971bd34bf4b" testName="RepositorySystemContext_MatchesActualSystemContext" computerName="ICSWS068" duration="00:00:00.3288348" startTime="2016-08-04T10:17:27.7481859+02:00" endTime="2016-08-04T10:17:28.0784349+02:00" testType="13cdc9d9-ddb5-4fa4-a97d-d965ccfc6d4b" outcome="Passed" testListId="8c84fa94-04c1-424b-9868-57a2d4851a1d" relativeResultsDirectory="a147b0e3-e535-498b-8dbe-6f0bb95348d3" />
    <UnitTestResult executionId="966f86d4-b627-4f27-8397-ad98b0b29036" testId="9d8116b1-be3b-7de0-19a4-6af1e9f60664" testName="Exists_NodeAttributeTypeKey_ThrowsArgumentException" computerName="ICSWS068" duration="00:00:00.3308406" startTime="2016-08-04T10:17:28.0819380+02:00" endTime="2016-08-04T10:17:28.4142183+02:00" testType="13cdc9d9-ddb5-4fa4-a97d-d965ccfc6d4b" outcome="Passed" testListId="8c84fa94-04c1-424b-9868-57a2d4851a1d" relativeResultsDirectory="966f86d4-b627-4f27-8397-ad98b0b29036" />
    <UnitTestResult executionId="285be5d7-aa1b-4ae3-9d59-10c2fad12e5f" testId="94b06285-5a18-4852-abf1-fc8e73476704" testName="Exists_KnownNodeKey_ReturnsTrue (Data Row 0)" computerName="ICSWS068" duration="00:00:00.3755211" startTime="2016-08-04T08:17:28.4192206+02:00" endTime="2016-08-04T08:17:28.7949910+02:00" testType="13cdc9d9-ddb5-4fa4-a97d-d965ccfc6d4b" outcome="Passed" testListId="8c84fa94-04c1-424b-9868-57a2d4851a1d" relativeResultsDirectory="285be5d7-aa1b-4ae3-9d59-10c2fad12e5f" />
    <UnitTestResult executionId="ef5bc95d-f925-49cc-a58e-272c5a8524a5" testId="0e917500-13b1-4bd2-87f9-0bdff73886a0" testName="Exists_KnownNodeKey_ReturnsTrue (Data Row 1)" computerName="ICSWS068" duration="00:00:00.3551831" startTime="2016-08-04T08:17:28.7949910+02:00" endTime="2016-08-04T08:17:29.1497515+02:00" testType="13cdc9d9-ddb5-4fa4-a97d-d965ccfc6d4b" outcome="Passed" testListId="8c84fa94-04c1-424b-9868-57a2d4851a1d" relativeResultsDirectory="ef5bc95d-f925-49cc-a58e-272c5a8524a5" />
    <UnitTestResult executionId="6193c1c6-6aa3-4c0e-8ed8-d23c64c41e6b" testId="dcf40e59-2408-432a-a4b0-0319b836921e" testName="Exists_KnownNodeKey_ReturnsTrue (Data Row 2)" computerName="ICSWS068" duration="00:00:00.3313892" startTime="2016-08-04T08:17:29.1497515+02:00" endTime="2016-08-04T08:17:29.4815975+02:00" testType="13cdc9d9-ddb5-4fa4-a97d-d965ccfc6d4b" outcome="Passed" testListId="8c84fa94-04c1-424b-9868-57a2d4851a1d" relativeResultsDirectory="6193c1c6-6aa3-4c0e-8ed8-d23c64c41e6b" />
    <UnitTestResult executionId="3ad0e894-8812-4888-90d6-82576b836e70" testId="35ae65f1-e90e-4416-8f81-846631a9e0db" testName="Exists_KnownNodeKey_ReturnsTrue (Data Row 3)" computerName="ICSWS068" duration="00:00:00.3450429" startTime="2016-08-04T08:17:29.4815975+02:00" endTime="2016-08-04T08:17:29.8266884+02:00" testType="13cdc9d9-ddb5-4fa4-a97d-d965ccfc6d4b" outcome="Passed" testListId="8c84fa94-04c1-424b-9868-57a2d4851a1d" relativeResultsDirectory="3ad0e894-8812-4888-90d6-82576b836e70" />
    <UnitTestResult executionId="00d1aafa-6816-4c9b-936c-192145274512" testId="e6905350-29d3-4d09-ae75-f55cb4d6403a" testName="Exists_KnownNodeKey_ReturnsTrue (Data Row 4)" computerName="ICSWS068" duration="00:00:00.3273973" startTime="2016-08-04T08:17:29.8266884+02:00" endTime="2016-08-04T08:17:30.1536483+02:00" testType="13cdc9d9-ddb5-4fa4-a97d-d965ccfc6d4b" outcome="Passed" testListId="8c84fa94-04c1-424b-9868-57a2d4851a1d" relativeResultsDirectory="00d1aafa-6816-4c9b-936c-192145274512" />
    <UnitTestResult executionId="9d41d5af-948f-4610-9838-6e61cd6fd57b" testId="7afae6e5-7277-882f-b72c-7a57ed75eb23" testName="Exists_NonExistingNodeKey_ReturnsFalse" computerName="ICSWS068" duration="00:00:00.3872149" startTime="2016-08-04T10:17:30.1576681+02:00" endTime="2016-08-04T10:17:30.5465076+02:00" testType="13cdc9d9-ddb5-4fa4-a97d-d965ccfc6d4b" outcome="Passed" testListId="8c84fa94-04c1-424b-9868-57a2d4851a1d" relativeResultsDirectory="9d41d5af-948f-4610-9838-6e61cd6fd57b" />
    <UnitTestResult executionId="a563ff2d-e70d-43c5-92b1-d50ebebbfe82" testId="10744765-7cea-3609-5932-e29dc02899d3" testName="CreateInstance_CreatesNewNode" computerName="ICSWS068" duration="00:00:00.3257422" startTime="2016-08-04T10:17:30.5494928+02:00" endTime="2016-08-04T10:17:30.8766354+02:00" testType="13cdc9d9-ddb5-4fa4-a97d-d965ccfc6d4b" outcome="Passed" testListId="8c84fa94-04c1-424b-9868-57a2d4851a1d" relativeResultsDirectory="a563ff2d-e70d-43c5-92b1-d50ebebbfe82" />
    <UnitTestResult executionId="882e8ab9-b1a5-4832-bd0b-6639ab081eab" testId="0ed8d0a4-1448-4dac-a770-32746b9c55b6" testName="List_ContainsEachKnownNodeOnce (Data Row 0)" computerName="ICSWS068" duration="00:00:00.3739199" startTime="2016-08-04T08:17:30.8836402+02:00" endTime="2016-08-04T08:17:31.2574216+02:00" testType="13cdc9d9-ddb5-4fa4-a97d-d965ccfc6d4b" outcome="Passed" testListId="8c84fa94-04c1-424b-9868-57a2d4851a1d" relativeResultsDirectory="882e8ab9-b1a5-4832-bd0b-6639ab081eab" />
    <UnitTestResult executionId="f03801cb-8aa7-4682-9072-d09ab20d3553" testId="391a9862-21a9-4205-9ccc-af99cdb6a4dc" testName="List_ContainsEachKnownNodeOnce (Data Row 1)" computerName="ICSWS068" duration="00:00:00.3398808" startTime="2016-08-04T08:17:31.2574216+02:00" endTime="2016-08-04T08:17:31.5972413+02:00" testType="13cdc9d9-ddb5-4fa4-a97d-d965ccfc6d4b" outcome="Passed" testListId="8c84fa94-04c1-424b-9868-57a2d4851a1d" relativeResultsDirectory="f03801cb-8aa7-4682-9072-d09ab20d3553" />
    <UnitTestResult executionId="af668cd7-e13a-4493-8b15-9fe11a20e59a" testId="c858a921-5252-4777-9795-bb800b360ee0" testName="List_ContainsEachKnownNodeOnce (Data Row 2)" computerName="ICSWS068" duration="00:00:00.3962355" startTime="2016-08-04T08:17:31.5972413+02:00" endTime="2016-08-04T08:17:31.9937944+02:00" testType="13cdc9d9-ddb5-4fa4-a97d-d965ccfc6d4b" outcome="Passed" testListId="8c84fa94-04c1-424b-9868-57a2d4851a1d" relativeResultsDirectory="af668cd7-e13a-4493-8b15-9fe11a20e59a" />
    <UnitTestResult executionId="15086580-0786-4767-9486-8a508015f544" testId="4b10ce62-859c-44b6-9509-21d64af05db4" testName="List_ContainsEachKnownNodeOnce (Data Row 3)" computerName="ICSWS068" duration="00:00:00.3572842" startTime="2016-08-04T08:17:31.9937944+02:00" endTime="2016-08-04T08:17:32.3507860+02:00" testType="13cdc9d9-ddb5-4fa4-a97d-d965ccfc6d4b" outcome="Passed" testListId="8c84fa94-04c1-424b-9868-57a2d4851a1d" relativeResultsDirectory="15086580-0786-4767-9486-8a508015f544" />
    <UnitTestResult executionId="99af1806-b435-4e9f-b304-377b7bf50b99" testId="251048b8-af20-43dc-85c5-1c30f2477026" testName="List_ContainsEachKnownNodeOnce (Data Row 4)" computerName="ICSWS068" duration="00:00:00.3261108" startTime="2016-08-04T08:17:32.3507860+02:00" endTime="2016-08-04T08:17:32.6770059+02:00" testType="13cdc9d9-ddb5-4fa4-a97d-d965ccfc6d4b" outcome="Passed" testListId="8c84fa94-04c1-424b-9868-57a2d4851a1d" relativeResultsDirectory="99af1806-b435-4e9f-b304-377b7bf50b99" />
    <UnitTestResult executionId="28629fdd-fde6-4704-a945-66336a8e420f" testId="82754f7e-e96b-f794-9853-f235e04455a1" testName="List_ShouldSetSystemContextCorrectly" computerName="ICSWS068" duration="00:00:00.3307975" startTime="2016-08-04T10:17:32.6810097+02:00" endTime="2016-08-04T10:17:33.0131545+02:00" testType="13cdc9d9-ddb5-4fa4-a97d-d965ccfc6d4b" outcome="Passed" testListId="8c84fa94-04c1-424b-9868-57a2d4851a1d" relativeResultsDirectory="28629fdd-fde6-4704-a945-66336a8e420f" />
    <UnitTestResult executionId="e3bc44d2-8cac-4916-b881-0d1fe23bc5d8" testId="e296dc1b-867f-bb98-8d8e-f5a897e22b75" testName="GetByKey_NewGuid_ThrowsEntityNotFoundException" computerName="ICSWS068" duration="00:00:00.3487965" startTime="2016-08-04T10:17:33.0161553+02:00" endTime="2016-08-04T10:17:33.3666863+02:00" testType="13cdc9d9-ddb5-4fa4-a97d-d965ccfc6d4b" outcome="Passed" testListId="8c84fa94-04c1-424b-9868-57a2d4851a1d" relativeResultsDirectory="e3bc44d2-8cac-4916-b881-0d1fe23bc5d8" />
    <UnitTestResult executionId="2928b5d4-ea95-4409-a0d0-30f474fc8572" testId="25ecde23-91ed-40e5-bee1-daaeac0f6fa3" testName="GetByKey_KnownKey_ReturnsEntityWithCorrectProperties (Data Row 0)" computerName="ICSWS068" duration="00:00:00.3501202" startTime="2016-08-04T08:17:33.3726906+02:00" endTime="2016-08-04T08:17:33.7229532+02:00" testType="13cdc9d9-ddb5-4fa4-a97d-d965ccfc6d4b" outcome="Passed" testListId="8c84fa94-04c1-424b-9868-57a2d4851a1d" relativeResultsDirectory="2928b5d4-ea95-4409-a0d0-30f474fc8572" />
    <UnitTestResult executionId="ebe7d30e-66fe-460e-a634-c8f8ad0e7c69" testId="b30db8e7-41a0-423f-a467-7ad0b3e1f3f7" testName="GetByKey_KnownKey_ReturnsEntityWithCorrectProperties (Data Row 1)" computerName="ICSWS068" duration="00:00:00.3261369" startTime="2016-08-04T08:17:33.7229532+02:00" endTime="2016-08-04T08:17:34.0491987+02:00" testType="13cdc9d9-ddb5-4fa4-a97d-d965ccfc6d4b" outcome="Passed" testListId="8c84fa94-04c1-424b-9868-57a2d4851a1d" relativeResultsDirectory="ebe7d30e-66fe-460e-a634-c8f8ad0e7c69" />
    <UnitTestResult executionId="2a8e3ff5-b4ef-4d7d-9cc7-20a48f3f43df" testId="dcb72fb1-0216-4cbe-997e-18e62608e7d6" testName="GetByKey_KnownKey_ReturnsEntityWithCorrectProperties (Data Row 2)" computerName="ICSWS068" duration="00:00:00.3254996" startTime="2016-08-04T08:17:34.0491987+02:00" endTime="2016-08-04T08:17:34.3743756+02:00" testType="13cdc9d9-ddb5-4fa4-a97d-d965ccfc6d4b" outcome="Passed" testListId="8c84fa94-04c1-424b-9868-57a2d4851a1d" relativeResultsDirectory="2a8e3ff5-b4ef-4d7d-9cc7-20a48f3f43df" />
    <UnitTestResult executionId="ee01017c-5368-40d7-a7d6-933118bff4c1" testId="dcc88ec6-844c-4e8d-bf20-bf44e42ece3b" testName="GetByKey_KnownKey_ReturnsEntityWithCorrectProperties (Data Row 3)" computerName="ICSWS068" duration="00:00:00.3979815" startTime="2016-08-04T08:17:34.3743756+02:00" endTime="2016-08-04T08:17:34.7724210+02:00" testType="13cdc9d9-ddb5-4fa4-a97d-d965ccfc6d4b" outcome="Passed" testListId="8c84fa94-04c1-424b-9868-57a2d4851a1d" relativeResultsDirectory="ee01017c-5368-40d7-a7d6-933118bff4c1" />
    <UnitTestResult executionId="f4b98a22-501a-4f48-8792-a336604fdf80" testId="53435517-da44-423a-9755-e2ac83a57b26" testName="GetByKey_KnownKey_ReturnsEntityWithCorrectProperties (Data Row 4)" computerName="ICSWS068" duration="00:00:00.3289999" startTime="2016-08-04T08:17:34.7724210+02:00" endTime="2016-08-04T08:17:35.1015210+02:00" testType="13cdc9d9-ddb5-4fa4-a97d-d965ccfc6d4b" outcome="Passed" testListId="8c84fa94-04c1-424b-9868-57a2d4851a1d" relativeResultsDirectory="f4b98a22-501a-4f48-8792-a336604fdf80" />
    <UnitTestResult executionId="564dfaa5-9fdf-4412-8536-21ac48e0dbcc" testId="726c9069-d0bd-2659-793b-f61e8fa73ca2" testName="GetByKey_UnsupportedKey_ThrowsArgumentException" computerName="ICSWS068" duration="00:00:00.3357261" startTime="2016-08-04T10:17:35.1055259+02:00" endTime="2016-08-04T10:17:35.4428166+02:00" testType="13cdc9d9-ddb5-4fa4-a97d-d965ccfc6d4b" outcome="Passed" testListId="8c84fa94-04c1-424b-9868-57a2d4851a1d" relativeResultsDirectory="564dfaa5-9fdf-4412-8536-21ac48e0dbcc" />
    <UnitTestResult executionId="feaba7dc-6361-474b-9f77-c5b3efe39442" testId="cf6feb00-224e-4e27-e793-7fc40067dcef" testName="GetById_NewGuid_ThrowsEntityNotFoundException" computerName="ICSWS068" duration="00:00:00.3847129" startTime="2016-08-04T10:17:35.4458172+02:00" endTime="2016-08-04T10:17:35.8321247+02:00" testType="13cdc9d9-ddb5-4fa4-a97d-d965ccfc6d4b" outcome="Passed" testListId="8c84fa94-04c1-424b-9868-57a2d4851a1d" relativeResultsDirectory="feaba7dc-6361-474b-9f77-c5b3efe39442" />
    <UnitTestResult executionId="d17bd3be-4e45-4a47-a064-bc4b3027a6e0" testId="360a1ff4-f3bd-459e-a15e-30788aa7e956" testName="GetById_KnownNodeId_ReturnsEntityWithCorrectProperties (Data Row 0)" computerName="ICSWS068" duration="00:00:00.3308673" startTime="2016-08-04T08:17:35.8371445+02:00" endTime="2016-08-04T08:17:36.1681445+02:00" testType="13cdc9d9-ddb5-4fa4-a97d-d965ccfc6d4b" outcome="Passed" testListId="8c84fa94-04c1-424b-9868-57a2d4851a1d" relativeResultsDirectory="d17bd3be-4e45-4a47-a064-bc4b3027a6e0" />
    <UnitTestResult executionId="c072c182-06aa-4c5d-93cf-e679ab1810c5" testId="30ce385b-7b1c-407d-b62b-39d5a544986c" testName="GetById_KnownNodeId_ReturnsEntityWithCorrectProperties (Data Row 1)" computerName="ICSWS068" duration="00:00:00.3256806" startTime="2016-08-04T08:17:36.1681445+02:00" endTime="2016-08-04T08:17:36.4938947+02:00" testType="13cdc9d9-ddb5-4fa4-a97d-d965ccfc6d4b" outcome="Passed" testListId="8c84fa94-04c1-424b-9868-57a2d4851a1d" relativeResultsDirectory="c072c182-06aa-4c5d-93cf-e679ab1810c5" />
    <UnitTestResult executionId="bbc91972-8195-4a92-8ad7-d7a7c3fe6753" testId="e1579edc-2be3-4f0a-aa5b-630bf6a3a548" testName="GetById_KnownNodeId_ReturnsEntityWithCorrectProperties (Data Row 2)" computerName="ICSWS068" duration="00:00:00.3217519" startTime="2016-08-04T08:17:36.4938947+02:00" endTime="2016-08-04T08:17:36.8155643+02:00" testType="13cdc9d9-ddb5-4fa4-a97d-d965ccfc6d4b" outcome="Passed" testListId="8c84fa94-04c1-424b-9868-57a2d4851a1d" relativeResultsDirectory="bbc91972-8195-4a92-8ad7-d7a7c3fe6753" />
    <UnitTestResult executionId="70407238-62e5-4403-bc15-9a7011649086" testId="f3472122-27ce-41d9-bacd-f41bb599914f" testName="GetById_KnownNodeId_ReturnsEntityWithCorrectProperties (Data Row 3)" computerName="ICSWS068" duration="00:00:00.3331499" startTime="2016-08-04T08:17:36.8155643+02:00" endTime="2016-08-04T08:17:37.1486489+02:00" testType="13cdc9d9-ddb5-4fa4-a97d-d965ccfc6d4b" outcome="Passed" testListId="8c84fa94-04c1-424b-9868-57a2d4851a1d" relativeResultsDirectory="70407238-62e5-4403-bc15-9a7011649086" />
    <UnitTestResult executionId="9692ddfa-faa3-401a-854c-f8c5c9d7c200" testId="385d0f33-c81c-4236-b72b-03126818b8f7" testName="GetById_KnownNodeId_ReturnsEntityWithCorrectProperties (Data Row 4)" computerName="ICSWS068" duration="00:00:00.3352287" startTime="2016-08-04T08:17:37.1486489+02:00" endTime="2016-08-04T08:17:37.4839344+02:00" testType="13cdc9d9-ddb5-4fa4-a97d-d965ccfc6d4b" outcome="Passed" testListId="8c84fa94-04c1-424b-9868-57a2d4851a1d" relativeResultsDirectory="9692ddfa-faa3-401a-854c-f8c5c9d7c200" />
    <UnitTestResult executionId="c0428514-e0d6-4fa9-97b3-6a76864cb2da" testId="9c41cde7-6a66-6684-4e2a-48e26ffb18b3" testName="TryGetById_NonExistingNodeId_ReturnsNull" computerName="ICSWS068" duration="00:00:00.3290984" startTime="2016-08-04T10:17:37.4879376+02:00" endTime="2016-08-04T10:17:37.8182516+02:00" testType="13cdc9d9-ddb5-4fa4-a97d-d965ccfc6d4b" outcome="Passed" testListId="8c84fa94-04c1-424b-9868-57a2d4851a1d" relativeResultsDirectory="c0428514-e0d6-4fa9-97b3-6a76864cb2da" />
    <UnitTestResult executionId="5f64958c-f2af-4616-92cd-0452684b0ed5" testId="716f04eb-c911-468b-8d6a-6d5600024354" testName="TryGetById_KnownNodeId_ReturnsEntityWithCorrectProperties (Data Row 0)" computerName="ICSWS068" duration="00:00:00.3295412" startTime="2016-08-04T08:17:37.8228474+02:00" endTime="2016-08-04T08:17:38.1527307+02:00" testType="13cdc9d9-ddb5-4fa4-a97d-d965ccfc6d4b" outcome="Passed" testListId="8c84fa94-04c1-424b-9868-57a2d4851a1d" relativeResultsDirectory="5f64958c-f2af-4616-92cd-0452684b0ed5" />
    <UnitTestResult executionId="f5cede13-5dc8-41ab-8568-c84d10ce66dc" testId="cd5798e3-b4c3-485e-851a-7dce9bc60d7b" testName="TryGetById_KnownNodeId_ReturnsEntityWithCorrectProperties (Data Row 1)" computerName="ICSWS068" duration="00:00:00.3414371" startTime="2016-08-04T08:17:38.1527307+02:00" endTime="2016-08-04T08:17:38.4940477+02:00" testType="13cdc9d9-ddb5-4fa4-a97d-d965ccfc6d4b" outcome="Passed" testListId="8c84fa94-04c1-424b-9868-57a2d4851a1d" relativeResultsDirectory="f5cede13-5dc8-41ab-8568-c84d10ce66dc" />
    <UnitTestResult executionId="86d28cf4-aecc-4880-afe0-099e145a9f0e" testId="2fce3986-d7bf-44b5-9d75-f3e502d8ac15" testName="TryGetById_KnownNodeId_ReturnsEntityWithCorrectProperties (Data Row 2)" computerName="ICSWS068" duration="00:00:00.3291497" startTime="2016-08-04T08:17:38.4940477+02:00" endTime="2016-08-04T08:17:38.8233049+02:00" testType="13cdc9d9-ddb5-4fa4-a97d-d965ccfc6d4b" outcome="Passed" testListId="8c84fa94-04c1-424b-9868-57a2d4851a1d" relativeResultsDirectory="86d28cf4-aecc-4880-afe0-099e145a9f0e" />
    <UnitTestResult executionId="a5bb1950-e618-413d-bec5-6b8b0438af81" testId="0ffab138-0ff9-42ab-a0f7-fb23d2fa14ae" testName="TryGetById_KnownNodeId_ReturnsEntityWithCorrectProperties (Data Row 3)" computerName="ICSWS068" duration="00:00:00.3550564" startTime="2016-08-04T08:17:38.8233049+02:00" endTime="2016-08-04T08:17:39.1782619+02:00" testType="13cdc9d9-ddb5-4fa4-a97d-d965ccfc6d4b" outcome="Passed" testListId="8c84fa94-04c1-424b-9868-57a2d4851a1d" relativeResultsDirectory="a5bb1950-e618-413d-bec5-6b8b0438af81" />
    <UnitTestResult executionId="47710513-fcd4-43ba-b446-796b5729b9ba" testId="a54644df-0cfe-4cce-bfda-e0e02ecc9017" testName="TryGetById_KnownNodeId_ReturnsEntityWithCorrectProperties (Data Row 4)" computerName="ICSWS068" duration="00:00:00.3552289" startTime="2016-08-04T08:17:39.1782619+02:00" endTime="2016-08-04T08:17:39.5332468+02:00" testType="13cdc9d9-ddb5-4fa4-a97d-d965ccfc6d4b" outcome="Passed" testListId="8c84fa94-04c1-424b-9868-57a2d4851a1d" relativeResultsDirectory="47710513-fcd4-43ba-b446-796b5729b9ba" />
    <UnitTestResult executionId="75d3f75c-5201-4c24-af03-942d8c560d1d" testId="81b3dac1-498f-b50e-d649-173a90639522" testName="TryGetByIdAsync_NonExistingNodeId_ReturnsNull" computerName="ICSWS068" duration="00:00:00.3524993" startTime="2016-08-04T10:17:39.5372488+02:00" endTime="2016-08-04T10:17:39.8912856+02:00" testType="13cdc9d9-ddb5-4fa4-a97d-d965ccfc6d4b" outcome="Passed" testListId="8c84fa94-04c1-424b-9868-57a2d4851a1d" relativeResultsDirectory="75d3f75c-5201-4c24-af03-942d8c560d1d" />
    <UnitTestResult executionId="63718be5-d2d7-4bda-b431-b1eec615d229" testId="2064bfef-a1f0-4813-85ad-5592d3d2064c" testName="TryGetByIdAsync_KnownNodeId_ReturnsEntityWithCorrectProperties (Data Row 0)" computerName="ICSWS068" duration="00:00:00.3369337" startTime="2016-08-04T08:17:39.8963303+02:00" endTime="2016-08-04T08:17:40.2336358+02:00" testType="13cdc9d9-ddb5-4fa4-a97d-d965ccfc6d4b" outcome="Passed" testListId="8c84fa94-04c1-424b-9868-57a2d4851a1d" relativeResultsDirectory="63718be5-d2d7-4bda-b431-b1eec615d229" />
    <UnitTestResult executionId="6e1d775d-5a2a-4f2b-a47c-1b8e22bff5c5" testId="f37e9f90-c6ab-4c77-a670-8ed53bee3d46" testName="TryGetByIdAsync_KnownNodeId_ReturnsEntityWithCorrectProperties (Data Row 1)" computerName="ICSWS068" duration="00:00:00.3574886" startTime="2016-08-04T08:17:40.2336358+02:00" endTime="2016-08-04T08:17:40.5911440+02:00" testType="13cdc9d9-ddb5-4fa4-a97d-d965ccfc6d4b" outcome="Passed" testListId="8c84fa94-04c1-424b-9868-57a2d4851a1d" relativeResultsDirectory="6e1d775d-5a2a-4f2b-a47c-1b8e22bff5c5" />
    <UnitTestResult executionId="194f88aa-b267-4910-a12e-59820559679d" testId="65656589-91e6-4e63-b2e3-0d11d777eb86" testName="TryGetByIdAsync_KnownNodeId_ReturnsEntityWithCorrectProperties (Data Row 2)" computerName="ICSWS068" duration="00:00:00.3853252" startTime="2016-08-04T08:17:40.5911440+02:00" endTime="2016-08-04T08:17:40.9762000+02:00" testType="13cdc9d9-ddb5-4fa4-a97d-d965ccfc6d4b" outcome="Passed" testListId="8c84fa94-04c1-424b-9868-57a2d4851a1d" relativeResultsDirectory="194f88aa-b267-4910-a12e-59820559679d" />
    <UnitTestResult executionId="0e3a9ae2-5572-4a93-8acb-beba2dee8387" testId="e4d050e2-4f76-48fe-9578-2106952714bc" testName="TryGetByIdAsync_KnownNodeId_ReturnsEntityWithCorrectProperties (Data Row 3)" computerName="ICSWS068" duration="00:00:00.3512955" startTime="2016-08-04T08:17:40.9762000+02:00" endTime="2016-08-04T08:17:41.3279107+02:00" testType="13cdc9d9-ddb5-4fa4-a97d-d965ccfc6d4b" outcome="Passed" testListId="8c84fa94-04c1-424b-9868-57a2d4851a1d" relativeResultsDirectory="0e3a9ae2-5572-4a93-8acb-beba2dee8387" />
    <UnitTestResult executionId="ded7517d-cdaf-49df-b38e-2a51a6f2627a" testId="54126b36-3aa9-4456-8005-80347fdd1b39" testName="TryGetByIdAsync_KnownNodeId_ReturnsEntityWithCorrectProperties (Data Row 4)" computerName="ICSWS068" duration="00:00:00.3262738" startTime="2016-08-04T08:17:41.3279107+02:00" endTime="2016-08-04T08:17:41.6541509+02:00" testType="13cdc9d9-ddb5-4fa4-a97d-d965ccfc6d4b" outcome="Passed" testListId="8c84fa94-04c1-424b-9868-57a2d4851a1d" relativeResultsDirectory="ded7517d-cdaf-49df-b38e-2a51a6f2627a" />
    <UnitTestResult executionId="d2254c70-bee4-498f-901c-261343dc3152" testId="87a7a8a2-d01b-92cf-5abd-701ca375c334" testName="GetIdsOfRelatedNodes_OnlyNonExistingNodeIds_ReturnsEmtpySequence" computerName="ICSWS068" duration="00:00:00.3334256" startTime="2016-08-04T10:17:41.6581540+02:00" endTime="2016-08-04T10:17:41.9938964+02:00" testType="13cdc9d9-ddb5-4fa4-a97d-d965ccfc6d4b" outcome="Passed" testListId="8c84fa94-04c1-424b-9868-57a2d4851a1d" relativeResultsDirectory="d2254c70-bee4-498f-901c-261343dc3152" />
    <UnitTestResult executionId="642af956-6b11-490c-bfb1-eb5f89effaa4" testId="c296b460-eae6-a6a5-eb7c-926fd5282cdf" testName="GetRelatedNodes_NullNode_ThrowsArgumentNullException" computerName="ICSWS068" duration="00:00:00.3396700" startTime="2016-08-04T10:17:41.9968987+02:00" endTime="2016-08-04T10:17:42.3377422+02:00" testType="13cdc9d9-ddb5-4fa4-a97d-d965ccfc6d4b" outcome="Passed" testListId="8c84fa94-04c1-424b-9868-57a2d4851a1d" relativeResultsDirectory="642af956-6b11-490c-bfb1-eb5f89effaa4" />
    <UnitTestResult executionId="15720985-eebc-4482-b675-5169dd56f1c2" testId="390fccd8-abbf-486d-ba95-80d0296ed496" testName="GetRelatedNodes_ExistingNode_Association_ReturnsCorrectResult (Data Row 0)" computerName="ICSWS068" duration="00:00:00.4077631" startTime="2016-08-04T08:17:42.3432491+02:00" endTime="2016-08-04T08:17:42.7513105+02:00" testType="13cdc9d9-ddb5-4fa4-a97d-d965ccfc6d4b" outcome="Passed" testListId="8c84fa94-04c1-424b-9868-57a2d4851a1d" relativeResultsDirectory="15720985-eebc-4482-b675-5169dd56f1c2" />
    <UnitTestResult executionId="fc928e85-642a-417e-bf83-a19b993bedb7" testId="448c4daf-bb53-4330-8516-64e05ce93cc5" testName="GetRelatedNodes_ExistingNode_Association_ReturnsCorrectResult (Data Row 1)" computerName="ICSWS068" duration="00:00:00.3286644" startTime="2016-08-04T08:17:42.7513105+02:00" endTime="2016-08-04T08:17:43.0798888+02:00" testType="13cdc9d9-ddb5-4fa4-a97d-d965ccfc6d4b" outcome="Passed" testListId="8c84fa94-04c1-424b-9868-57a2d4851a1d" relativeResultsDirectory="fc928e85-642a-417e-bf83-a19b993bedb7" />
    <UnitTestResult executionId="de55a05b-4ea0-43c8-b1e2-43b53ba18f33" testId="1e432b82-3b4d-4720-bf4e-4f0c2ce0c981" testName="GetRelatedNodes_ExistingNode_Association_ReturnsCorrectResult (Data Row 2)" computerName="ICSWS068" duration="00:00:00.3277823" startTime="2016-08-04T08:17:43.0798888+02:00" endTime="2016-08-04T08:17:43.4079794+02:00" testType="13cdc9d9-ddb5-4fa4-a97d-d965ccfc6d4b" outcome="Passed" testListId="8c84fa94-04c1-424b-9868-57a2d4851a1d" relativeResultsDirectory="de55a05b-4ea0-43c8-b1e2-43b53ba18f33" />
    <UnitTestResult executionId="15725b57-a2fd-4307-835a-40f74fca5ca9" testId="f0a98f0d-fb1f-414b-a29b-111f914912ef" testName="GetRelatedNodes_ExistingNode_Association_ReturnsCorrectResult (Data Row 3)" computerName="ICSWS068" duration="00:00:00.3263823" startTime="2016-08-04T08:17:43.4079794+02:00" endTime="2016-08-04T08:17:43.7339158+02:00" testType="13cdc9d9-ddb5-4fa4-a97d-d965ccfc6d4b" outcome="Passed" testListId="8c84fa94-04c1-424b-9868-57a2d4851a1d" relativeResultsDirectory="15725b57-a2fd-4307-835a-40f74fca5ca9" />
    <UnitTestResult executionId="091fae57-07e2-4f52-9a7e-78e9d9dce402" testId="39492483-b922-48eb-a27f-38be73caadc7" testName="GetRelatedNodes_ExistingNode_Association_ReturnsCorrectResult (Data Row 4)" computerName="ICSWS068" duration="00:00:00.3394530" startTime="2016-08-04T08:17:43.7339158+02:00" endTime="2016-08-04T08:17:44.0735297+02:00" testType="13cdc9d9-ddb5-4fa4-a97d-d965ccfc6d4b" outcome="Passed" testListId="8c84fa94-04c1-424b-9868-57a2d4851a1d" relativeResultsDirectory="091fae57-07e2-4f52-9a7e-78e9d9dce402" />
    <UnitTestResult executionId="47b751d6-b0ea-462c-b523-0c57e511467d" testId="d4e19f99-cf06-4f88-ba24-c9161a59e533" testName="Delete_ExistingNodeWithoutChildrenNonCascade_DeletesRequestedNode (Data Row 0)" computerName="ICSWS068" duration="00:00:00.3364750" startTime="2016-08-04T08:17:44.0800351+02:00" endTime="2016-08-04T08:17:44.4164799+02:00" testType="13cdc9d9-ddb5-4fa4-a97d-d965ccfc6d4b" outcome="Passed" testListId="8c84fa94-04c1-424b-9868-57a2d4851a1d" relativeResultsDirectory="47b751d6-b0ea-462c-b523-0c57e511467d" />
    <UnitTestResult executionId="332b7814-a62c-4b20-ab76-5ee83234c740" testId="e5bf3eca-457b-4bc9-b6eb-ee597a8d091c" testName="Delete_ExistingNodeWithoutChildrenNonCascade_DeletesRequestedNode (Data Row 1)" computerName="ICSWS068" duration="00:00:00.3295855" startTime="2016-08-04T08:17:44.4164799+02:00" endTime="2016-08-04T08:17:44.7461440+02:00" testType="13cdc9d9-ddb5-4fa4-a97d-d965ccfc6d4b" outcome="Passed" testListId="8c84fa94-04c1-424b-9868-57a2d4851a1d" relativeResultsDirectory="332b7814-a62c-4b20-ab76-5ee83234c740" />
    <UnitTestResult executionId="8d2d67dc-ddd1-4154-aadb-92faea593ca4" testId="83e37087-ab7c-4c6e-84c6-667c6efb7f7c" testName="Delete_ExistingNodeWithoutChildrenNonCascade_DeletesRequestedNode (Data Row 2)" computerName="ICSWS068" duration="00:00:00.3255744" startTime="2016-08-04T08:17:44.7461440+02:00" endTime="2016-08-04T08:17:45.0713168+02:00" testType="13cdc9d9-ddb5-4fa4-a97d-d965ccfc6d4b" outcome="Passed" testListId="8c84fa94-04c1-424b-9868-57a2d4851a1d" relativeResultsDirectory="8d2d67dc-ddd1-4154-aadb-92faea593ca4" />
    <UnitTestResult executionId="8bbc69bc-acf7-4fab-b2e2-2260d2ea0767" testId="5b1850dc-9e53-4c77-92be-53ee3203e8af" testName="Delete_ExistingNodeWithoutChildrenNonCascade_DeletesRequestedNode (Data Row 3)" computerName="ICSWS068" duration="00:00:00.3398597" startTime="2016-08-04T08:17:45.0713168+02:00" endTime="2016-08-04T08:17:45.4107445+02:00" testType="13cdc9d9-ddb5-4fa4-a97d-d965ccfc6d4b" outcome="Passed" testListId="8c84fa94-04c1-424b-9868-57a2d4851a1d" relativeResultsDirectory="8bbc69bc-acf7-4fab-b2e2-2260d2ea0767" />
    <UnitTestResult executionId="29e7ce69-0e91-4397-8afb-727ebce27ff5" testId="8cba13c3-3751-44ad-8158-6a9ef1037470" testName="Delete_ExistingNodeWithoutChildrenNonCascade_DeletesRequestedNode (Data Row 4)" computerName="ICSWS068" duration="00:00:00.4328144" startTime="2016-08-04T08:17:45.4107445+02:00" endTime="2016-08-04T08:17:45.8446497+02:00" testType="13cdc9d9-ddb5-4fa4-a97d-d965ccfc6d4b" outcome="Passed" testListId="8c84fa94-04c1-424b-9868-57a2d4851a1d" relativeResultsDirectory="29e7ce69-0e91-4397-8afb-727ebce27ff5" />
    <UnitTestResult executionId="2e0d2a11-6019-41f1-abec-1055f6cd7aca" testId="87369f23-f717-4d72-9fee-ec3028dd84d9" testName="Delete_AsIEntity_ThrowsNotSupportedException (Data Row 0)" computerName="ICSWS068" duration="00:00:00.3313860" startTime="2016-08-04T08:17:45.8511543+02:00" endTime="2016-08-04T08:17:46.1821865+02:00" testType="13cdc9d9-ddb5-4fa4-a97d-d965ccfc6d4b" outcome="Passed" testListId="8c84fa94-04c1-424b-9868-57a2d4851a1d" relativeResultsDirectory="2e0d2a11-6019-41f1-abec-1055f6cd7aca" />
    <UnitTestResult executionId="ae3f2f96-6cfc-4242-b1fa-3006ae53a890" testId="d95dd6f8-ddfc-4072-a991-5ac4101b9611" testName="Delete_AsIEntity_ThrowsNotSupportedException (Data Row 1)" computerName="ICSWS068" duration="00:00:00.3291949" startTime="2016-08-04T08:17:46.1821865+02:00" endTime="2016-08-04T08:17:46.5109184+02:00" testType="13cdc9d9-ddb5-4fa4-a97d-d965ccfc6d4b" outcome="Passed" testListId="8c84fa94-04c1-424b-9868-57a2d4851a1d" relativeResultsDirectory="ae3f2f96-6cfc-4242-b1fa-3006ae53a890" />
    <UnitTestResult executionId="5679ada0-4b09-4b44-9475-551062473ca1" testId="20febe5a-81b0-4060-ba8c-6c67230c54f1" testName="Delete_AsIEntity_ThrowsNotSupportedException (Data Row 2)" computerName="ICSWS068" duration="00:00:00.3548538" startTime="2016-08-04T08:17:46.5109184+02:00" endTime="2016-08-04T08:17:46.8666499+02:00" testType="13cdc9d9-ddb5-4fa4-a97d-d965ccfc6d4b" outcome="Passed" testListId="8c84fa94-04c1-424b-9868-57a2d4851a1d" relativeResultsDirectory="5679ada0-4b09-4b44-9475-551062473ca1" />
    <UnitTestResult executionId="00f1b1c9-8c69-4c66-84be-9875e9b568ac" testId="503a5f3d-3721-4472-af35-9e1981ff3547" testName="Delete_AsIEntity_ThrowsNotSupportedException (Data Row 3)" computerName="ICSWS068" duration="00:00:00.3326904" startTime="2016-08-04T08:17:46.8666499+02:00" endTime="2016-08-04T08:17:47.1990073+02:00" testType="13cdc9d9-ddb5-4fa4-a97d-d965ccfc6d4b" outcome="Passed" testListId="8c84fa94-04c1-424b-9868-57a2d4851a1d" relativeResultsDirectory="00f1b1c9-8c69-4c66-84be-9875e9b568ac" />
    <UnitTestResult executionId="cf0092ff-eebd-4213-b508-4d7664b73a2b" testId="d0737c89-94c9-434d-96b3-4aa4782583ae" testName="Delete_AsIEntity_ThrowsNotSupportedException (Data Row 4)" computerName="ICSWS068" duration="00:00:00.3252498" startTime="2016-08-04T08:17:47.1990073+02:00" endTime="2016-08-04T08:17:47.5243739+02:00" testType="13cdc9d9-ddb5-4fa4-a97d-d965ccfc6d4b" outcome="Passed" testListId="8c84fa94-04c1-424b-9868-57a2d4851a1d" relativeResultsDirectory="cf0092ff-eebd-4213-b508-4d7664b73a2b" />
    <UnitTestResult executionId="65223f71-ba81-46ec-b7f0-e905f9278581" testId="6c5a6406-60ee-268c-8caa-10a4e4169a39" testName="Delete_ExistingNodeWithChildrenNonCascade_ThrowsEntityDependencyErrorException" computerName="ICSWS068" duration="00:00:00.3340390" startTime="2016-08-04T10:17:47.5278765+02:00" endTime="2016-08-04T10:17:47.8633846+02:00" testType="13cdc9d9-ddb5-4fa4-a97d-d965ccfc6d4b" outcome="Passed" testListId="8c84fa94-04c1-424b-9868-57a2d4851a1d" relativeResultsDirectory="65223f71-ba81-46ec-b7f0-e905f9278581" />
    <UnitTestResult executionId="1938e6ee-04ad-463c-87ed-5d1292a693ea" testId="ae50c378-5e88-9bdf-c32c-1b6453475354" testName="DeleteById_CascadeWithNodeHierarchy_DeletesCorrectNodes" computerName="ICSWS068" duration="00:00:00.4731965" startTime="2016-08-04T10:17:47.8668869+02:00" endTime="2016-08-04T10:17:48.3408823+02:00" testType="13cdc9d9-ddb5-4fa4-a97d-d965ccfc6d4b" outcome="Passed" testListId="8c84fa94-04c1-424b-9868-57a2d4851a1d" relativeResultsDirectory="1938e6ee-04ad-463c-87ed-5d1292a693ea" />
    <UnitTestResult executionId="1e264ece-f228-4a3e-800d-38752be05351" testId="f7a25309-9db1-4f66-aed4-4543745cd79f" testName="DeleteById_ExistingNodeWithoutChildrenNonCascade_DeletesRequestedNode (Data Row 0)" computerName="ICSWS068" duration="00:00:00.3242747" startTime="2016-08-04T08:17:48.3474960+02:00" endTime="2016-08-04T08:17:48.6717999+02:00" testType="13cdc9d9-ddb5-4fa4-a97d-d965ccfc6d4b" outcome="Passed" testListId="8c84fa94-04c1-424b-9868-57a2d4851a1d" relativeResultsDirectory="1e264ece-f228-4a3e-800d-38752be05351" />
    <UnitTestResult executionId="bccba562-64c1-4242-98fd-08ac4e4c6d4e" testId="d729a406-5272-4240-95ef-be92f50f7d99" testName="DeleteById_ExistingNodeWithoutChildrenNonCascade_DeletesRequestedNode (Data Row 1)" computerName="ICSWS068" duration="00:00:00.3234513" startTime="2016-08-04T08:17:48.6717999+02:00" endTime="2016-08-04T08:17:48.9947955+02:00" testType="13cdc9d9-ddb5-4fa4-a97d-d965ccfc6d4b" outcome="Passed" testListId="8c84fa94-04c1-424b-9868-57a2d4851a1d" relativeResultsDirectory="bccba562-64c1-4242-98fd-08ac4e4c6d4e" />
    <UnitTestResult executionId="4be43f2d-3f29-4767-a6ba-d8d06e36ef1d" testId="ce817366-05d7-466b-911c-e61bd7f1072c" testName="DeleteById_ExistingNodeWithoutChildrenNonCascade_DeletesRequestedNode (Data Row 2)" computerName="ICSWS068" duration="00:00:00.3287277" startTime="2016-08-04T08:17:48.9947955+02:00" endTime="2016-08-04T08:17:49.3240301+02:00" testType="13cdc9d9-ddb5-4fa4-a97d-d965ccfc6d4b" outcome="Passed" testListId="8c84fa94-04c1-424b-9868-57a2d4851a1d" relativeResultsDirectory="4be43f2d-3f29-4767-a6ba-d8d06e36ef1d" />
    <UnitTestResult executionId="613149f3-0c77-4bc2-ad5d-2ce96a44901f" testId="45f8249d-b455-441d-a5e9-caa9a4d91d06" testName="DeleteById_ExistingNodeWithoutChildrenNonCascade_DeletesRequestedNode (Data Row 3)" computerName="ICSWS068" duration="00:00:00.3469393" startTime="2016-08-04T08:17:49.3240301+02:00" endTime="2016-08-04T08:17:49.6706192+02:00" testType="13cdc9d9-ddb5-4fa4-a97d-d965ccfc6d4b" outcome="Passed" testListId="8c84fa94-04c1-424b-9868-57a2d4851a1d" relativeResultsDirectory="613149f3-0c77-4bc2-ad5d-2ce96a44901f" />
    <UnitTestResult executionId="acc1dabf-edcd-4ec6-a7ed-81c5bf6c7590" testId="66530246-7df1-4bba-a242-8803b9712b0d" testName="DeleteById_ExistingNodeWithoutChildrenNonCascade_DeletesRequestedNode (Data Row 4)" computerName="ICSWS068" duration="00:00:00.3378284" startTime="2016-08-04T08:17:49.6706192+02:00" endTime="2016-08-04T08:17:50.0085006+02:00" testType="13cdc9d9-ddb5-4fa4-a97d-d965ccfc6d4b" outcome="Passed" testListId="8c84fa94-04c1-424b-9868-57a2d4851a1d" relativeResultsDirectory="acc1dabf-edcd-4ec6-a7ed-81c5bf6c7590" />
    <UnitTestResult executionId="c93b6600-6f87-4911-995f-99db08252342" testId="30330532-1c64-9a56-fefa-835c1c90c666" testName="DeleteById_ExistingNodeWithChildrenNonCascade_ThrowsEntityDependencyErrorException" computerName="ICSWS068" duration="00:00:00.3327567" startTime="2016-08-04T10:17:50.0125073+02:00" endTime="2016-08-04T10:17:50.3465775+02:00" testType="13cdc9d9-ddb5-4fa4-a97d-d965ccfc6d4b" outcome="Passed" testListId="8c84fa94-04c1-424b-9868-57a2d4851a1d" relativeResultsDirectory="c93b6600-6f87-4911-995f-99db08252342" />
    <UnitTestResult executionId="e2f5b72b-b172-49ea-88d3-e4d16aef6c6e" testId="fbe2af38-3277-009f-b5eb-cb20f5e114a0" testName="DeleteByIdThenPurge_CascadeWithNodeHierarchy_DeletesCorrectNodesAndThenPurgesTheFiles" computerName="ICSWS068" duration="00:00:06.4321259" startTime="2016-08-04T10:17:50.3495786+02:00" endTime="2016-08-04T10:17:56.7834689+02:00" testType="13cdc9d9-ddb5-4fa4-a97d-d965ccfc6d4b" outcome="Passed" testListId="8c84fa94-04c1-424b-9868-57a2d4851a1d" relativeResultsDirectory="e2f5b72b-b172-49ea-88d3-e4d16aef6c6e" />
    <UnitTestResult executionId="176b6feb-1d55-4e97-bf5b-50a1ca882fe4" testId="879f1280-eaf8-fd5a-f387-f4b77c53435c" testName="ListNonPurgedNodeIdsAsync_ListsCorrectNodes" computerName="ICSWS068" duration="00:00:06.2532512" startTime="2016-08-04T10:17:56.7999804+02:00" endTime="2016-08-04T10:18:03.0549775+02:00" testType="13cdc9d9-ddb5-4fa4-a97d-d965ccfc6d4b" outcome="Passed" testListId="8c84fa94-04c1-424b-9868-57a2d4851a1d" relativeResultsDirectory="176b6feb-1d55-4e97-bf5b-50a1ca882fe4" />
    <UnitTestResult executionId="08b87d36-b6a0-4d64-8586-9dc3b5573eb2" testId="0958fc75-10b6-8177-7244-832553c442bf" testName="AddRelation_ParentToChildNoExistingRelations_Success" computerName="ICSWS068" duration="00:00:00.3642275" startTime="2016-08-04T10:18:03.0574939+02:00" endTime="2016-08-04T10:18:03.4237648+02:00" testType="13cdc9d9-ddb5-4fa4-a97d-d965ccfc6d4b" outcome="Passed" testListId="8c84fa94-04c1-424b-9868-57a2d4851a1d" relativeResultsDirectory="08b87d36-b6a0-4d64-8586-9dc3b5573eb2" />
    <UnitTestResult executionId="23277d6d-4c69-4d62-b168-6c0b17361eb2" testId="7d24e0ee-8109-fbcc-717d-10de31b7e050" testName="AddRelation_RelativeNoExistingRelations_Success" computerName="ICSWS068" duration="00:00:00.3347856" startTime="2016-08-04T10:18:03.4267677+02:00" endTime="2016-08-04T10:18:03.7630660+02:00" testType="13cdc9d9-ddb5-4fa4-a97d-d965ccfc6d4b" outcome="Passed" testListId="8c84fa94-04c1-424b-9868-57a2d4851a1d" relativeResultsDirectory="23277d6d-4c69-4d62-b168-6c0b17361eb2" />
    <UnitTestResult executionId="943de044-e674-4724-8962-fb99a949b4c9" testId="e07e295d-cb67-bff7-4038-94a4669131de" testName="AddRelation_ParentToChildAndParentRelativeChild_Success" computerName="ICSWS068" duration="00:00:00.3391926" startTime="2016-08-04T10:18:03.7660683+02:00" endTime="2016-08-04T10:18:04.1066989+02:00" testType="13cdc9d9-ddb5-4fa4-a97d-d965ccfc6d4b" outcome="Passed" testListId="8c84fa94-04c1-424b-9868-57a2d4851a1d" relativeResultsDirectory="943de044-e674-4724-8962-fb99a949b4c9" />
    <UnitTestResult executionId="e8b92df2-b6fe-4e09-b60a-bf40a592413f" testId="ee11c0fc-874f-98a5-fa7a-5af74c4a89d4" testName="AddRelation_ParentRelativeChildAndParentToChild_Success" computerName="ICSWS068" duration="00:00:00.3357598" startTime="2016-08-04T10:18:04.1097018+02:00" endTime="2016-08-04T10:18:04.4474456+02:00" testType="13cdc9d9-ddb5-4fa4-a97d-d965ccfc6d4b" outcome="Passed" testListId="8c84fa94-04c1-424b-9868-57a2d4851a1d" relativeResultsDirectory="e8b92df2-b6fe-4e09-b60a-bf40a592413f" />
    <UnitTestResult executionId="2d1738c0-1f16-4fb1-8262-11b2cf93ba37" testId="5a71d02b-a34d-2c85-ad49-7738ace3028e" testName="AddRelation_TwoWayRelative_Fail" computerName="ICSWS068" duration="00:00:00.3348994" startTime="2016-08-04T10:18:04.4504476+02:00" endTime="2016-08-04T10:18:04.7868917+02:00" testType="13cdc9d9-ddb5-4fa4-a97d-d965ccfc6d4b" outcome="Passed" testListId="8c84fa94-04c1-424b-9868-57a2d4851a1d" relativeResultsDirectory="2d1738c0-1f16-4fb1-8262-11b2cf93ba37" />
    <UnitTestResult executionId="7cb307ba-84ad-4fd5-9893-3d10fbe1c1ed" testId="137a085a-9212-160a-ccd2-4228156f3347" testName="AddRelation_TwoParentToChild_Success" computerName="ICSWS068" duration="00:00:00.3310400" startTime="2016-08-04T10:18:04.7898946+02:00" endTime="2016-08-04T10:18:05.1224640+02:00" testType="13cdc9d9-ddb5-4fa4-a97d-d965ccfc6d4b" outcome="Passed" testListId="8c84fa94-04c1-424b-9868-57a2d4851a1d" relativeResultsDirectory="7cb307ba-84ad-4fd5-9893-3d10fbe1c1ed" />
    <UnitTestResult executionId="72c38fa1-0b67-4931-aec8-0f6881602311" testId="199eee44-ef3c-f4e9-0e38-1dee1b921060" testName="AddRelation_TwoRelative_Success" computerName="ICSWS068" duration="00:00:00.3394967" startTime="2016-08-04T10:18:05.1249833+02:00" endTime="2016-08-04T10:18:05.4662667+02:00" testType="13cdc9d9-ddb5-4fa4-a97d-d965ccfc6d4b" outcome="Passed" testListId="8c84fa94-04c1-424b-9868-57a2d4851a1d" relativeResultsDirectory="72c38fa1-0b67-4931-aec8-0f6881602311" />
    <UnitTestResult executionId="d5436af8-a523-4e78-8841-154b983ae163" testId="bccf6664-a30e-fec7-673e-6800440ac496" testName="AddRelation_ParentChildToSelf_Fails" computerName="ICSWS068" duration="00:00:00.3337132" startTime="2016-08-04T10:18:05.4692690+02:00" endTime="2016-08-04T10:18:05.8039715+02:00" testType="13cdc9d9-ddb5-4fa4-a97d-d965ccfc6d4b" outcome="Passed" testListId="8c84fa94-04c1-424b-9868-57a2d4851a1d" relativeResultsDirectory="d5436af8-a523-4e78-8841-154b983ae163" />
    <UnitTestResult executionId="3f1e87b9-ca1f-405c-abfd-adb31afd6512" testId="82ae7624-7d01-3799-c588-a7d71f5912ba" testName="AddRelation_RelativeToSelf_Fails" computerName="ICSWS068" duration="00:00:00.3302397" startTime="2016-08-04T10:18:05.8069732+02:00" endTime="2016-08-04T10:18:06.1381984+02:00" testType="13cdc9d9-ddb5-4fa4-a97d-d965ccfc6d4b" outcome="Passed" testListId="8c84fa94-04c1-424b-9868-57a2d4851a1d" relativeResultsDirectory="3f1e87b9-ca1f-405c-abfd-adb31afd6512" />
    <UnitTestResult executionId="69dca50f-d361-4dff-8a5c-94412d96bd3e" testId="237c2e18-09eb-156e-6c80-4a4967befb2b" testName="AddRelation_AddDuplicateRelative_Fails" computerName="ICSWS068" duration="00:00:00.3341329" startTime="2016-08-04T10:18:06.1412004+02:00" endTime="2016-08-04T10:18:06.4765653+02:00" testType="13cdc9d9-ddb5-4fa4-a97d-d965ccfc6d4b" outcome="Passed" testListId="8c84fa94-04c1-424b-9868-57a2d4851a1d" relativeResultsDirectory="69dca50f-d361-4dff-8a5c-94412d96bd3e" />
    <UnitTestResult executionId="2920d7c6-c501-4e01-9870-fea62896774f" testId="cfd2430d-58f3-a31a-6141-e0f9c17c3e10" testName="AddRelation_AddDuplicateParentChild_Fails" computerName="ICSWS068" duration="00:00:00.3378055" startTime="2016-08-04T10:18:06.4805685+02:00" endTime="2016-08-04T10:18:06.8200190+02:00" testType="13cdc9d9-ddb5-4fa4-a97d-d965ccfc6d4b" outcome="Passed" testListId="8c84fa94-04c1-424b-9868-57a2d4851a1d" relativeResultsDirectory="2920d7c6-c501-4e01-9870-fea62896774f" />
    <UnitTestResult executionId="da565934-224c-44a8-9ca8-45768a83faff" testId="2c0f5902-5088-97fc-ba39-34ba27f0852b" testName="AddRelation_ManyInParallel_Succeeds" computerName="ICSWS068" duration="00:00:07.6551459" startTime="2016-08-04T10:18:06.8225407+02:00" endTime="2016-08-04T10:18:14.4794571+02:00" testType="13cdc9d9-ddb5-4fa4-a97d-d965ccfc6d4b" outcome="Passed" testListId="8c84fa94-04c1-424b-9868-57a2d4851a1d" relativeResultsDirectory="da565934-224c-44a8-9ca8-45768a83faff" />
    <UnitTestResult executionId="3acb8701-3680-4631-a57d-32dd2d9f1c88" testId="77cd9c00-0ff1-f247-e080-268eca7f1a3b" testName="GetAttributeValue_ExistingIntegerAttributeWithObjectGenericTypeArgument_ReturnsCorrectValue" computerName="ICSWS068" duration="00:00:00.3882401" startTime="2016-08-04T10:18:14.4824462+02:00" endTime="2016-08-04T10:18:14.8721393+02:00" testType="13cdc9d9-ddb5-4fa4-a97d-d965ccfc6d4b" outcome="Passed" testListId="8c84fa94-04c1-424b-9868-57a2d4851a1d" relativeResultsDirectory="3acb8701-3680-4631-a57d-32dd2d9f1c88" />
    <UnitTestResult executionId="1a6b941a-e44b-4876-8084-a6a5ec53d8f9" testId="5f33d7a8-8cbb-d5a7-4a73-33236632ff40" testName="GetAttributeValue_ExistingIntegerAttributeWithIntegerGenericTypeArgument_ReturnsCorrectValue" computerName="ICSWS068" duration="00:00:00.3390454" startTime="2016-08-04T10:18:14.8751413+02:00" endTime="2016-08-04T10:18:15.2153428+02:00" testType="13cdc9d9-ddb5-4fa4-a97d-d965ccfc6d4b" outcome="Passed" testListId="8c84fa94-04c1-424b-9868-57a2d4851a1d" relativeResultsDirectory="1a6b941a-e44b-4876-8084-a6a5ec53d8f9" />
    <UnitTestResult executionId="016a7a15-076e-45a2-a499-feb6d7c5784c" testId="671c3960-20ea-0a91-88b7-294eefdb1d50" testName="GetAttributeValue_ExistingStringAttributeWithObjectGenericTypeArgument_ReturnsCorrectValue" computerName="ICSWS068" duration="00:00:00.3409899" startTime="2016-08-04T10:18:15.2188445+02:00" endTime="2016-08-04T10:18:15.5612706+02:00" testType="13cdc9d9-ddb5-4fa4-a97d-d965ccfc6d4b" outcome="Passed" testListId="8c84fa94-04c1-424b-9868-57a2d4851a1d" relativeResultsDirectory="016a7a15-076e-45a2-a499-feb6d7c5784c" />
    <UnitTestResult executionId="4909cc7a-60fb-427e-8258-7dcd0ecbec9d" testId="0a8dbf5f-3c11-0f43-1e18-f9f5c1e3d992" testName="GetAttributeValue_ExistingStringAttributeWithStringGenericTypeArgument_ReturnsCorrectValue" computerName="ICSWS068" duration="00:00:00.3302743" startTime="2016-08-04T10:18:15.5647037+02:00" endTime="2016-08-04T10:18:15.8967230+02:00" testType="13cdc9d9-ddb5-4fa4-a97d-d965ccfc6d4b" outcome="Passed" testListId="8c84fa94-04c1-424b-9868-57a2d4851a1d" relativeResultsDirectory="4909cc7a-60fb-427e-8258-7dcd0ecbec9d" />
    <UnitTestResult executionId="37f867d9-df6e-416b-91e0-07b93793b972" testId="59af4d4b-6945-137e-25fd-9689f84a3515" testName="GetAttributeValue_ExistingFloatAttributeWithObjectGenericTypeArgument_ReturnsCorrectValue" computerName="ICSWS068" duration="00:00:00.3440347" startTime="2016-08-04T10:18:15.8992247+02:00" endTime="2016-08-04T10:18:16.2444549+02:00" testType="13cdc9d9-ddb5-4fa4-a97d-d965ccfc6d4b" outcome="Passed" testListId="8c84fa94-04c1-424b-9868-57a2d4851a1d" relativeResultsDirectory="37f867d9-df6e-416b-91e0-07b93793b972" />
    <UnitTestResult executionId="c45d40f4-84d3-4507-a211-3f260bea9b8a" testId="167a97e3-aeb5-5983-3aac-b290929f1328" testName="GetAttributeValue_ExistingFloatAttributeWithFloatGenericTypeArgument_ReturnsCorrectValue" computerName="ICSWS068" duration="00:00:00.3492894" startTime="2016-08-04T10:18:16.2474581+02:00" endTime="2016-08-04T10:18:16.5979102+02:00" testType="13cdc9d9-ddb5-4fa4-a97d-d965ccfc6d4b" outcome="Passed" testListId="8c84fa94-04c1-424b-9868-57a2d4851a1d" relativeResultsDirectory="c45d40f4-84d3-4507-a211-3f260bea9b8a" />
    <UnitTestResult executionId="670b265b-225c-4d27-86d7-c3894082a1d4" testId="c8fe3dab-9d51-7a45-57f0-559ce1ef8359" testName="GetAttributeValue_ExistingIntegerAttributeWithDateTimeGenericTypeArgument_ThrowsInvalidCastException" computerName="ICSWS068" duration="00:00:00.3281620" startTime="2016-08-04T10:18:16.6009125+02:00" endTime="2016-08-04T10:18:16.9304169+02:00" testType="13cdc9d9-ddb5-4fa4-a97d-d965ccfc6d4b" outcome="Passed" testListId="8c84fa94-04c1-424b-9868-57a2d4851a1d" relativeResultsDirectory="670b265b-225c-4d27-86d7-c3894082a1d4" />
    <UnitTestResult executionId="24723e4a-bcb7-4124-8e5d-9c41a5494992" testId="9c7b8e84-0b19-8fdd-ceb6-9ecf10b746c5" testName="GetAttributeValue_NonExistingAttributeValue_ThrowsEntityNotFoundException" computerName="ICSWS068" duration="00:00:00.3369791" startTime="2016-08-04T10:18:16.9329218+02:00" endTime="2016-08-04T10:18:17.2716741+02:00" testType="13cdc9d9-ddb5-4fa4-a97d-d965ccfc6d4b" outcome="Passed" testListId="8c84fa94-04c1-424b-9868-57a2d4851a1d" relativeResultsDirectory="24723e4a-bcb7-4124-8e5d-9c41a5494992" />
    <UnitTestResult executionId="21b180aa-df4b-4246-8b25-9641a1f7358a" testId="73a77780-c0c8-d727-dd48-193582cf6fc2" testName="SetNodeAttributeValue_CorrectValue_Success" computerName="ICSWS068" duration="00:00:00.3509665" startTime="2016-08-04T10:18:17.2744462+02:00" endTime="2016-08-04T10:18:17.6268678+02:00" testType="13cdc9d9-ddb5-4fa4-a97d-d965ccfc6d4b" outcome="Passed" testListId="8c84fa94-04c1-424b-9868-57a2d4851a1d" relativeResultsDirectory="21b180aa-df4b-4246-8b25-9641a1f7358a" />
    <UnitTestResult executionId="c1f97a71-b3e7-4c86-90eb-d003d4c7312f" testId="edb162f0-c6a9-f7fb-f126-bafa646d7472" testName="SetNodeAttributeValue_ValueIs4Kb_Success" computerName="ICSWS068" duration="00:00:00.3635158" startTime="2016-08-04T10:18:17.6303715+02:00" endTime="2016-08-04T10:18:17.9957433+02:00" testType="13cdc9d9-ddb5-4fa4-a97d-d965ccfc6d4b" outcome="Passed" testListId="8c84fa94-04c1-424b-9868-57a2d4851a1d" relativeResultsDirectory="c1f97a71-b3e7-4c86-90eb-d003d4c7312f" />
    <UnitTestResult executionId="658c80e1-0f35-44f0-a447-a72af7aee9c8" testId="8b3295b0-e70f-6273-bdb2-5eec9b9acda9" testName="SetProperties_InvalidNodeId_ThrowsEntityNotFoundException" computerName="ICSWS068" duration="00:00:00.3643427" startTime="2016-08-04T10:18:17.9987441+02:00" endTime="2016-08-04T10:18:18.3644854+02:00" testType="13cdc9d9-ddb5-4fa4-a97d-d965ccfc6d4b" outcome="Passed" testListId="8c84fa94-04c1-424b-9868-57a2d4851a1d" relativeResultsDirectory="658c80e1-0f35-44f0-a447-a72af7aee9c8" />
    <UnitTestResult executionId="bc6f3d73-7c0d-42f6-9bf3-47f660c1fad5" testId="d71d23ae-6bae-bb8b-ad12-2e93e556fa7e" testName="SetProperties_AllNullArguments_LeavesNodeUnmodified" computerName="ICSWS068" duration="00:00:00.4008504" startTime="2016-08-04T10:18:18.3679883+02:00" endTime="2016-08-04T10:18:18.7704166+02:00" testType="13cdc9d9-ddb5-4fa4-a97d-d965ccfc6d4b" outcome="Passed" testListId="8c84fa94-04c1-424b-9868-57a2d4851a1d" relativeResultsDirectory="bc6f3d73-7c0d-42f6-9bf3-47f660c1fad5" />
    <UnitTestResult executionId="1ec885f8-ca8d-4a87-87a6-d20b6cc7d264" testId="ec675539-241e-8518-1ec7-25a11222781c" testName="SetProperties_NewName_UpdatesCorrectly" computerName="ICSWS068" duration="00:00:01.3406201" startTime="2016-08-04T10:18:18.7744195+02:00" endTime="2016-08-04T10:18:20.1166902+02:00" testType="13cdc9d9-ddb5-4fa4-a97d-d965ccfc6d4b" outcome="Passed" testListId="8c84fa94-04c1-424b-9868-57a2d4851a1d" relativeResultsDirectory="1ec885f8-ca8d-4a87-87a6-d20b6cc7d264" />
    <UnitTestResult executionId="a5335d16-9a05-4c83-9de6-38106e4f0ff4" testId="66893fc2-163a-d628-3b65-d4e6bf41dc2d" testName="SetProperties_NewNodeTypeVersionAndRetain_UpdatesCorrectly" computerName="ICSWS068" duration="00:00:01.3720235" startTime="2016-08-04T10:18:20.1196922+02:00" endTime="2016-08-04T10:18:21.4929495+02:00" testType="13cdc9d9-ddb5-4fa4-a97d-d965ccfc6d4b" outcome="Passed" testListId="8c84fa94-04c1-424b-9868-57a2d4851a1d" relativeResultsDirectory="a5335d16-9a05-4c83-9de6-38106e4f0ff4" />
    <UnitTestResult executionId="6ee0cc89-0abe-4985-8641-a4949f9f56f0" testId="304cc5ed-e193-b420-fc86-0e4da86e0319" testName="SetProperties_NewPartner_UpdatesCorrectly" computerName="ICSWS068" duration="00:00:01.3822359" startTime="2016-08-04T10:18:21.4959515+02:00" endTime="2016-08-04T10:18:22.8795872+02:00" testType="13cdc9d9-ddb5-4fa4-a97d-d965ccfc6d4b" outcome="Passed" testListId="8c84fa94-04c1-424b-9868-57a2d4851a1d" relativeResultsDirectory="6ee0cc89-0abe-4985-8641-a4949f9f56f0" />
    <UnitTestResult executionId="0b02daa8-3e63-442b-83f9-1b324be2bf8e" testId="cc5397e6-f155-e71e-320f-17893e8d0bd3" testName="SetProperties_NewNodeType_UpdatesCorrectly" computerName="ICSWS068" duration="00:00:01.3464956" startTime="2016-08-04T10:18:22.8826323+02:00" endTime="2016-08-04T10:18:24.2305091+02:00" testType="13cdc9d9-ddb5-4fa4-a97d-d965ccfc6d4b" outcome="Passed" testListId="8c84fa94-04c1-424b-9868-57a2d4851a1d" relativeResultsDirectory="0b02daa8-3e63-442b-83f9-1b324be2bf8e" />
    <UnitTestResult executionId="1446d2bd-4ea4-4c1c-8594-9eb065d5a614" testId="ac3d5f86-4b23-0ea1-e36d-68edbb0443c3" testName="SetProperties_NewNodeTypeVersion_UpdatesCorrectly" computerName="ICSWS068" duration="00:00:01.3393756" startTime="2016-08-04T10:18:24.2352917+02:00" endTime="2016-08-04T10:18:25.5767402+02:00" testType="13cdc9d9-ddb5-4fa4-a97d-d965ccfc6d4b" outcome="Passed" testListId="8c84fa94-04c1-424b-9868-57a2d4851a1d" relativeResultsDirectory="1446d2bd-4ea4-4c1c-8594-9eb065d5a614" />
    <UnitTestResult executionId="ce0513db-2b4a-497f-97d8-876bce8d26d3" testId="5aab9fd5-fe61-10ee-16b1-2236e3c5d17f" testName="SetProperties_NewRetain_UpdatesCorrectlyAndDoesNotChangeModifiedDate" computerName="ICSWS068" duration="00:00:01.3406565" startTime="2016-08-04T10:18:25.5802428+02:00" endTime="2016-08-04T10:18:26.9229762+02:00" testType="13cdc9d9-ddb5-4fa4-a97d-d965ccfc6d4b" outcome="Passed" testListId="8c84fa94-04c1-424b-9868-57a2d4851a1d" relativeResultsDirectory="ce0513db-2b4a-497f-97d8-876bce8d26d3" />
    <UnitTestResult executionId="cdf397df-bc7b-499c-86f4-adb3a8adf4a1" testId="622307de-5973-6666-9a3c-1258c513bfd5" testName="SetProperties_NewEverything_UpdatesCorrectly" computerName="ICSWS068" duration="00:00:01.3466103" startTime="2016-08-04T10:18:26.9259773+02:00" endTime="2016-08-04T10:18:28.2743553+02:00" testType="13cdc9d9-ddb5-4fa4-a97d-d965ccfc6d4b" outcome="Passed" testListId="8c84fa94-04c1-424b-9868-57a2d4851a1d" relativeResultsDirectory="cdf397df-bc7b-499c-86f4-adb3a8adf4a1" />
    <UnitTestResult executionId="992e407f-bb0d-488b-89ec-d738cc0795fb" testId="6e33c6bb-193c-8621-f72c-57babf146f6a" testName="Add_NullName_SetsNameEmpty" computerName="ICSWS068" duration="00:00:00.3283439" startTime="2016-08-04T10:18:28.2773567+02:00" endTime="2016-08-04T10:18:28.6068092+02:00" testType="13cdc9d9-ddb5-4fa4-a97d-d965ccfc6d4b" outcome="Passed" testListId="8c84fa94-04c1-424b-9868-57a2d4851a1d" relativeResultsDirectory="992e407f-bb0d-488b-89ec-d738cc0795fb" />
    <UnitTestResult executionId="9a48e9c3-f38c-4774-8c24-d723ee41a89e" testId="de6f6204-f60e-d0d3-0b4f-9fc0373b6038" testName="Add_EmptyName_Succeeds" computerName="ICSWS068" duration="00:00:00.3247533" startTime="2016-08-04T10:18:28.6098118+02:00" endTime="2016-08-04T10:18:28.9360830+02:00" testType="13cdc9d9-ddb5-4fa4-a97d-d965ccfc6d4b" outcome="Passed" testListId="8c84fa94-04c1-424b-9868-57a2d4851a1d" relativeResultsDirectory="9a48e9c3-f38c-4774-8c24-d723ee41a89e" />
    <UnitTestResult executionId="7aaed3f1-fe13-4b4b-be89-4dc93140f64d" testId="8ea0dd02-6785-41e5-fa01-c66d281718e5" testName="Add_AsIEntity_TrowsNotSupportedException" computerName="ICSWS068" duration="00:00:00.3352141" startTime="2016-08-04T10:18:28.9390853+02:00" endTime="2016-08-04T10:18:29.2756776+02:00" testType="13cdc9d9-ddb5-4fa4-a97d-d965ccfc6d4b" outcome="Passed" testListId="8c84fa94-04c1-424b-9868-57a2d4851a1d" relativeResultsDirectory="7aaed3f1-fe13-4b4b-be89-4dc93140f64d" />
    <UnitTestResult executionId="03839a44-a9aa-4b6e-ab8e-a1b4cf21e753" testId="ab30ec00-9d79-91e8-73fc-83c9a30ea7b4" testName="Add_TooLongName_ThrowsStringLengthErrorException" computerName="ICSWS068" duration="00:00:00.3758627" startTime="2016-08-04T10:18:29.2781781+02:00" endTime="2016-08-04T10:18:29.6560989+02:00" testType="13cdc9d9-ddb5-4fa4-a97d-d965ccfc6d4b" outcome="Passed" testListId="8c84fa94-04c1-424b-9868-57a2d4851a1d" relativeResultsDirectory="03839a44-a9aa-4b6e-ab8e-a1b4cf21e753" />
    <UnitTestResult executionId="bb2d47e2-5a23-45e5-ad4b-ba83709c5ebd" testId="2ddf9a66-c5f0-c3f4-4f55-b00c25625c4b" testName="Add_ValidProperties_IdAndTimesAreUpdatedCorrectly" computerName="ICSWS068" duration="00:00:00.3268506" startTime="2016-08-04T10:18:29.6585995+02:00" endTime="2016-08-04T10:18:29.9871745+02:00" testType="13cdc9d9-ddb5-4fa4-a97d-d965ccfc6d4b" outcome="Passed" testListId="8c84fa94-04c1-424b-9868-57a2d4851a1d" relativeResultsDirectory="bb2d47e2-5a23-45e5-ad4b-ba83709c5ebd" />
    <UnitTestResult executionId="ea2c4465-0f66-488a-93ab-142176b77fb9" testId="baed69f8-32d0-e2f8-8896-7d5d103c183b" testName="Add_ComplexProperties_ArePersistedCorrectly" computerName="ICSWS068" duration="00:00:00.4386970" startTime="2016-08-04T10:18:29.9896757+02:00" endTime="2016-08-04T10:18:30.4301045+02:00" testType="13cdc9d9-ddb5-4fa4-a97d-d965ccfc6d4b" outcome="Passed" testListId="8c84fa94-04c1-424b-9868-57a2d4851a1d" relativeResultsDirectory="ea2c4465-0f66-488a-93ab-142176b77fb9" />
    <UnitTestResult executionId="60c4a4c4-665b-4dbf-abbd-170a6c256a5b" testId="01fc0583-64b7-1be9-6fe1-42008b5660db" testName="Add_ProtectedAttributeAndSystemSetToEncrypt_AttributesValueAddedEncryped" computerName="ICSWS068" duration="00:00:00.6593000" startTime="2016-08-04T10:18:30.4341127+02:00" endTime="2016-08-04T10:18:31.0946267+02:00" testType="13cdc9d9-ddb5-4fa4-a97d-d965ccfc6d4b" outcome="Passed" testListId="8c84fa94-04c1-424b-9868-57a2d4851a1d" relativeResultsDirectory="60c4a4c4-665b-4dbf-abbd-170a6c256a5b" />
    <UnitTestResult executionId="ed210ef5-08a5-4da5-968f-657dca806361" testId="5fcb2095-9897-67e4-804b-eaf3ca0d0396" testName="IsProtectedChangedToTrueOnAttributeType_SystemSetToEncrypt_AttributesValueEncrypted" computerName="ICSWS068" duration="00:00:00.6714308" startTime="2016-08-04T10:18:31.0981296+02:00" endTime="2016-08-04T10:18:31.7710562+02:00" testType="13cdc9d9-ddb5-4fa4-a97d-d965ccfc6d4b" outcome="Passed" testListId="8c84fa94-04c1-424b-9868-57a2d4851a1d" relativeResultsDirectory="ed210ef5-08a5-4da5-968f-657dca806361" />
    <UnitTestResult executionId="b06a03db-35ef-4d42-a59e-077ad0d1b4c0" testId="c1ed354b-92dc-86e4-9f47-b938828735e3" testName="IsProtectedResetToFalseOnAttributeType_SystemSetToEncrypt_AttributesValueEncrypted" computerName="ICSWS068" duration="00:00:00.6748997" startTime="2016-08-04T10:18:31.7739832+02:00" endTime="2016-08-04T10:18:32.4505793+02:00" testType="13cdc9d9-ddb5-4fa4-a97d-d965ccfc6d4b" outcome="Passed" testListId="8c84fa94-04c1-424b-9868-57a2d4851a1d" relativeResultsDirectory="b06a03db-35ef-4d42-a59e-077ad0d1b4c0" />
    <UnitTestResult executionId="244dabf1-4bb4-4456-ae2a-f81469241995" testId="39243958-28b8-c574-0942-b3b2581bdf13" testName="IsProtectedChangedToFalseOnAttributeType_SystemSetToEncrypt_AttributesValuesDecrypted" computerName="ICSWS068" duration="00:00:00.6561690" startTime="2016-08-04T10:18:32.4535813+02:00" endTime="2016-08-04T10:18:33.1109622+02:00" testType="13cdc9d9-ddb5-4fa4-a97d-d965ccfc6d4b" outcome="Passed" testListId="8c84fa94-04c1-424b-9868-57a2d4851a1d" relativeResultsDirectory="244dabf1-4bb4-4456-ae2a-f81469241995" />
    <UnitTestResult executionId="14450b92-5e65-4f44-a7bb-02c82ef23b1b" testId="e1b95c04-b0d3-4080-b9a9-598c891d52ed" testName="ValueFromAttributeValue_ExistingProtectedStringAttribute_ReturnsCorrectValue" computerName="ICSWS068" duration="00:00:01.8133993" startTime="2016-08-04T10:18:33.1139680+02:00" endTime="2016-08-04T10:18:34.9286565+02:00" testType="13cdc9d9-ddb5-4fa4-a97d-d965ccfc6d4b" outcome="Passed" testListId="8c84fa94-04c1-424b-9868-57a2d4851a1d" relativeResultsDirectory="14450b92-5e65-4f44-a7bb-02c82ef23b1b" />
    <UnitTestResult executionId="bc1dc759-7d3a-4a47-95ce-1c9dbaa2ea48" testId="389ea35e-7357-4a6b-363f-111f8e44a89f" testName="ValueFromAttributeValue_ExistingProtectedIntegerAttribute_ReturnsCorrectValue" computerName="ICSWS068" duration="00:00:01.6950602" startTime="2016-08-04T10:18:34.9316338+02:00" endTime="2016-08-04T10:18:36.6284748+02:00" testType="13cdc9d9-ddb5-4fa4-a97d-d965ccfc6d4b" outcome="Passed" testListId="8c84fa94-04c1-424b-9868-57a2d4851a1d" relativeResultsDirectory="bc1dc759-7d3a-4a47-95ce-1c9dbaa2ea48" />
    <UnitTestResult executionId="6ba635ff-bb28-4909-be2a-7a8a359c4f31" testId="d729c074-0409-1276-221e-c6ac3714e5bf" testName="ValueFromAttributeValue_ExistingProtectedFloatAttribute_ReturnsCorrectValue" computerName="ICSWS068" duration="00:00:01.7388770" startTime="2016-08-04T10:18:36.6309950+02:00" endTime="2016-08-04T10:18:38.3718073+02:00" testType="13cdc9d9-ddb5-4fa4-a97d-d965ccfc6d4b" outcome="Passed" testListId="8c84fa94-04c1-424b-9868-57a2d4851a1d" relativeResultsDirectory="6ba635ff-bb28-4909-be2a-7a8a359c4f31" />
    <UnitTestResult executionId="d8603821-576c-4c9d-b737-f8627f093b95" testId="40ad9c01-0499-7957-4d1e-ce23444646e7" testName="UpdateAllAttributes_ExistingProtectedStringAttribute_PersistsEncryptedValue" computerName="ICSWS068" duration="00:00:01.7462540" startTime="2016-08-04T10:18:38.3746234+02:00" endTime="2016-08-04T10:18:40.1224755+02:00" testType="13cdc9d9-ddb5-4fa4-a97d-d965ccfc6d4b" outcome="Passed" testListId="8c84fa94-04c1-424b-9868-57a2d4851a1d" relativeResultsDirectory="d8603821-576c-4c9d-b737-f8627f093b95" />
    <UnitTestResult executionId="46469da9-20db-42a0-b2f3-72fa64de983e" testId="a31d66d7-58f5-7467-fdf8-09bca30941ef" testName="UpdateAllAttributes_ExistingProtectedIntegerAttribute_PersistsEncryptedValue" computerName="ICSWS068" duration="00:00:01.7422764" startTime="2016-08-04T10:18:40.1254778+02:00" endTime="2016-08-04T10:18:41.8694853+02:00" testType="13cdc9d9-ddb5-4fa4-a97d-d965ccfc6d4b" outcome="Passed" testListId="8c84fa94-04c1-424b-9868-57a2d4851a1d" relativeResultsDirectory="46469da9-20db-42a0-b2f3-72fa64de983e" />
    <UnitTestResult executionId="4ee2132d-d5ba-44ec-89ff-06193dab7a83" testId="aff50075-5cfe-0620-9f1c-bd1deaf58db9" testName="UpdateAllAttributes_ExistingProtectedFloatAttribute_PersistsEncryptedValue" computerName="ICSWS068" duration="00:00:01.7290195" startTime="2016-08-04T10:18:41.8724932+02:00" endTime="2016-08-04T10:18:43.6081306+02:00" testType="13cdc9d9-ddb5-4fa4-a97d-d965ccfc6d4b" outcome="Passed" testListId="8c84fa94-04c1-424b-9868-57a2d4851a1d" relativeResultsDirectory="4ee2132d-d5ba-44ec-89ff-06193dab7a83" />
    <UnitTestResult executionId="82af5578-8337-44f7-a8fe-1af61dfd5d4a" testId="82d2200b-8d92-b562-b993-c0d1d133a145" testName="GetAttributeValue_ExistingProtectedStringAttributeWithIntegerGenericTypeArgument_ReturnsCorrectValue" computerName="ICSWS068" duration="00:00:01.7018025" startTime="2016-08-04T10:18:43.6111317+02:00" endTime="2016-08-04T10:18:45.3142872+02:00" testType="13cdc9d9-ddb5-4fa4-a97d-d965ccfc6d4b" outcome="Passed" testListId="8c84fa94-04c1-424b-9868-57a2d4851a1d" relativeResultsDirectory="82af5578-8337-44f7-a8fe-1af61dfd5d4a" />
    <UnitTestResult executionId="905f0627-1ea7-4ab1-9670-bc2e18470aef" testId="02c5d68f-187e-802e-e1ff-92de478a0648" testName="GetAttributeValue_ExistingProtectedIntegerAttributeWithIntegerGenericTypeArgument_ReturnsCorrectValue" computerName="ICSWS068" duration="00:00:01.7033392" startTime="2016-08-04T10:18:45.3172880+02:00" endTime="2016-08-04T10:18:47.0217209+02:00" testType="13cdc9d9-ddb5-4fa4-a97d-d965ccfc6d4b" outcome="Passed" testListId="8c84fa94-04c1-424b-9868-57a2d4851a1d" relativeResultsDirectory="905f0627-1ea7-4ab1-9670-bc2e18470aef" />
    <UnitTestResult executionId="2aeaec13-448d-4a97-a2aa-8bd69832bb67" testId="2c460657-735a-c662-31da-e79932af7531" testName="GetAttributeValue_ExistingProtectedFloatAttributeWithIntegerGenericTypeArgument_ReturnsCorrectValue" computerName="ICSWS068" duration="00:00:01.6780723" startTime="2016-08-04T10:18:47.0251760+02:00" endTime="2016-08-04T10:18:48.7052113+02:00" testType="13cdc9d9-ddb5-4fa4-a97d-d965ccfc6d4b" outcome="Passed" testListId="8c84fa94-04c1-424b-9868-57a2d4851a1d" relativeResultsDirectory="2aeaec13-448d-4a97-a2aa-8bd69832bb67" />
    <UnitTestResult executionId="9ef34875-6ed8-4822-9a58-ed382c613404" testId="ff99b30e-b4cc-cf2d-bc95-3e1e1a1fa2f7" testName="SetAttributeValue_ExistingProtectedStringAttributeWithStringGenericTypeArgument_ReturnsCorrectValue" computerName="ICSWS068" duration="00:00:01.7144102" startTime="2016-08-04T10:18:48.7093951+02:00" endTime="2016-08-04T10:18:50.4261697+02:00" testType="13cdc9d9-ddb5-4fa4-a97d-d965ccfc6d4b" outcome="Passed" testListId="8c84fa94-04c1-424b-9868-57a2d4851a1d" relativeResultsDirectory="9ef34875-6ed8-4822-9a58-ed382c613404" />
    <UnitTestResult executionId="902872ee-6131-4381-aa83-5fce2e767688" testId="dbda1aa6-62dc-1f36-b044-2aa13d9ea816" testName="SetAttributeValue_ExistingProtectedIntegerAttributeWithIntegerGenericTypeArgument_ReturnsCorrectValue" computerName="ICSWS068" duration="00:00:01.7140533" startTime="2016-08-04T10:18:50.4306732+02:00" endTime="2016-08-04T10:18:52.1466293+02:00" testType="13cdc9d9-ddb5-4fa4-a97d-d965ccfc6d4b" outcome="Passed" testListId="8c84fa94-04c1-424b-9868-57a2d4851a1d" relativeResultsDirectory="902872ee-6131-4381-aa83-5fce2e767688" />
    <UnitTestResult executionId="224362f5-0410-443c-9e98-09a60d1c1aa6" testId="b4769b0a-9f38-960c-f9cd-952c947b5318" testName="ConvertFrom_EPartnerAttributeType_To_PartnerAttribTypeIDValue_Test" computerName="ICSWS068" duration="00:00:00.3497278" startTime="2016-08-04T10:18:52.1496322+02:00" endTime="2016-08-04T10:18:52.5016327+02:00" testType="13cdc9d9-ddb5-4fa4-a97d-d965ccfc6d4b" outcome="Passed" testListId="8c84fa94-04c1-424b-9868-57a2d4851a1d" relativeResultsDirectory="224362f5-0410-443c-9e98-09a60d1c1aa6" />
    <UnitTestResult executionId="c92106ea-a625-4c56-b7a9-0f7ca48e0dc2" testId="11c05688-f0dd-6cb9-4371-d2aa6c5630f5" testName="ConvertFrom_PartnerAttribTypeIDValue_To_EPartnerAttributeType_Test" computerName="ICSWS068" duration="00:00:00.3509360" startTime="2016-08-04T10:18:52.5048074+02:00" endTime="2016-08-04T10:18:52.8567222+02:00" testType="13cdc9d9-ddb5-4fa4-a97d-d965ccfc6d4b" outcome="Passed" testListId="8c84fa94-04c1-424b-9868-57a2d4851a1d" relativeResultsDirectory="c92106ea-a625-4c56-b7a9-0f7ca48e0dc2" />
    <UnitTestResult executionId="57f4d111-fa52-4faa-9066-525081c62bc9" testId="08f9e72d-90ad-bb0a-85b3-01c350f41b9e" testName="CanConvertTo_PartnerAttribIDValue_Test" computerName="ICSWS068" duration="00:00:00.3388140" startTime="2016-08-04T10:18:52.8597228+02:00" endTime="2016-08-04T10:18:53.1999991+02:00" testType="13cdc9d9-ddb5-4fa4-a97d-d965ccfc6d4b" outcome="Passed" testListId="8c84fa94-04c1-424b-9868-57a2d4851a1d" relativeResultsDirectory="57f4d111-fa52-4faa-9066-525081c62bc9" />
    <UnitTestResult executionId="3ae61521-3c6d-4948-aad5-2d9129acd1b7" testId="16918b6f-a994-88f6-00e1-cdee48f9316b" testName="CanConvertFrom_PartnerAttribValue_Test" computerName="ICSWS068" duration="00:00:00.3284040" startTime="2016-08-04T10:18:53.2020002+02:00" endTime="2016-08-04T10:18:53.5325395+02:00" testType="13cdc9d9-ddb5-4fa4-a97d-d965ccfc6d4b" outcome="Passed" testListId="8c84fa94-04c1-424b-9868-57a2d4851a1d" relativeResultsDirectory="3ae61521-3c6d-4948-aad5-2d9129acd1b7" />
    <UnitTestResult executionId="e8995550-7791-4054-82a7-f44630fe7ea5" testId="ded53dd6-b8c2-4000-f22b-9d6d5742418c" testName="ConvertFrom_ESetting_To_PartnerIDValue_Test" computerName="ICSWS068" duration="00:00:02.0405826" startTime="2016-08-04T10:18:53.5355412+02:00" endTime="2016-08-04T10:18:55.5779111+02:00" testType="13cdc9d9-ddb5-4fa4-a97d-d965ccfc6d4b" outcome="Passed" testListId="8c84fa94-04c1-424b-9868-57a2d4851a1d" relativeResultsDirectory="e8995550-7791-4054-82a7-f44630fe7ea5" />
    <UnitTestResult executionId="4f6ef8fe-7bf0-4bfe-a635-d2fc19a92d03" testId="16245504-302c-a784-d1fd-35d04e037c36" testName="ConvertFrom_PartnerIDValue_To_ESetting_Test" computerName="ICSWS068" duration="00:00:00.3418723" startTime="2016-08-04T10:18:55.5809131+02:00" endTime="2016-08-04T10:18:55.9251445+02:00" testType="13cdc9d9-ddb5-4fa4-a97d-d965ccfc6d4b" outcome="Passed" testListId="8c84fa94-04c1-424b-9868-57a2d4851a1d" relativeResultsDirectory="4f6ef8fe-7bf0-4bfe-a635-d2fc19a92d03" />
    <UnitTestResult executionId="4a9ff280-27ab-4c57-8f89-5614a1bd05f1" testId="547b112c-0bea-7d6d-e2d9-c3b01e389125" testName="CanConvertTo_ESettingIDValue_Test" computerName="ICSWS068" duration="00:00:00.3278969" startTime="2016-08-04T10:18:55.9276477+02:00" endTime="2016-08-04T10:18:56.2568793+02:00" testType="13cdc9d9-ddb5-4fa4-a97d-d965ccfc6d4b" outcome="Passed" testListId="8c84fa94-04c1-424b-9868-57a2d4851a1d" relativeResultsDirectory="4a9ff280-27ab-4c57-8f89-5614a1bd05f1" />
    <UnitTestResult executionId="6983e986-4203-4718-84d3-487edbcd3e72" testId="15242a85-61e8-7b53-f6a3-2418aa9ace1c" testName="CanConvertFrom_ESettingValue_Test" computerName="ICSWS068" duration="00:00:00.3352780" startTime="2016-08-04T10:18:56.2598811+02:00" endTime="2016-08-04T10:18:56.5964827+02:00" testType="13cdc9d9-ddb5-4fa4-a97d-d965ccfc6d4b" outcome="Passed" testListId="8c84fa94-04c1-424b-9868-57a2d4851a1d" relativeResultsDirectory="6983e986-4203-4718-84d3-487edbcd3e72" />
    <UnitTestResult executionId="ced2feff-f41c-46f7-8751-9b692bbbdeb5" testId="085edc57-18a7-4da8-237b-ff5099adceef" testName="ConvertFrom_ESettingAttributeType_To_SettingAttribTypeIDValue_Test" computerName="ICSWS068" duration="00:00:00.3525879" startTime="2016-08-04T10:18:56.6360248+02:00" endTime="2016-08-04T10:18:56.9906255+02:00" testType="13cdc9d9-ddb5-4fa4-a97d-d965ccfc6d4b" outcome="Passed" testListId="8c84fa94-04c1-424b-9868-57a2d4851a1d" relativeResultsDirectory="ced2feff-f41c-46f7-8751-9b692bbbdeb5" />
    <UnitTestResult executionId="631c0f88-e1f0-472e-be03-50b4f39e097d" testId="5f7b88a7-0cfd-0125-af06-dfcabb574c1f" testName="ConvertFrom_SettingAttribTypeIDValue_To_ESettingAttributeType_Test" computerName="ICSWS068" duration="00:00:00.3350153" startTime="2016-08-04T10:18:56.9931442+02:00" endTime="2016-08-04T10:18:57.3298887+02:00" testType="13cdc9d9-ddb5-4fa4-a97d-d965ccfc6d4b" outcome="Passed" testListId="8c84fa94-04c1-424b-9868-57a2d4851a1d" relativeResultsDirectory="631c0f88-e1f0-472e-be03-50b4f39e097d" />
    <UnitTestResult executionId="5134a173-cfe0-40c3-a9f4-e6077ab82c8a" testId="8b9a9a49-7e8b-0239-50a6-155db95586b4" testName="CanConvertTo_SettingAttribIDValue_Test" computerName="ICSWS068" duration="00:00:00.3373123" startTime="2016-08-04T10:18:57.3328910+02:00" endTime="2016-08-04T10:18:57.6716418+02:00" testType="13cdc9d9-ddb5-4fa4-a97d-d965ccfc6d4b" outcome="Passed" testListId="8c84fa94-04c1-424b-9868-57a2d4851a1d" relativeResultsDirectory="5134a173-cfe0-40c3-a9f4-e6077ab82c8a" />
    <UnitTestResult executionId="3278dfc6-7d78-40e4-b32f-2e3297f152eb" testId="6949b790-4eba-591a-e583-1d7ac3c62d88" testName="CanConvertFrom_SettingAttribValue_Test" computerName="ICSWS068" duration="00:00:00.3417435" startTime="2016-08-04T10:18:57.6751652+02:00" endTime="2016-08-04T10:18:58.0182089+02:00" testType="13cdc9d9-ddb5-4fa4-a97d-d965ccfc6d4b" outcome="Passed" testListId="8c84fa94-04c1-424b-9868-57a2d4851a1d" relativeResultsDirectory="3278dfc6-7d78-40e4-b32f-2e3297f152eb" />
    <UnitTestResult executionId="36edfe7f-3080-40ce-af8d-df3e025932ec" testId="19f5aee0-c0b1-673e-cc57-5ba4dc95ce6c" testName="ConvertFrom_ENodeAttributeType_To_NodeAttribTypeIDValue_Test" computerName="ICSWS068" duration="00:00:00.3377214" startTime="2016-08-04T10:18:58.0212109+02:00" endTime="2016-08-04T10:18:58.3609430+02:00" testType="13cdc9d9-ddb5-4fa4-a97d-d965ccfc6d4b" outcome="Passed" testListId="8c84fa94-04c1-424b-9868-57a2d4851a1d" relativeResultsDirectory="36edfe7f-3080-40ce-af8d-df3e025932ec" />
    <UnitTestResult executionId="a24baeef-b420-47e8-9fed-c6c2b80784e2" testId="25e97d9e-339f-cf96-15ad-24fc04309419" testName="ConvertFrom_NodeAttribTypeIDValue_To_ENodeAttributeType_Test" computerName="ICSWS068" duration="00:00:00.3366970" startTime="2016-08-04T10:18:58.3639453+02:00" endTime="2016-08-04T10:18:58.7019512+02:00" testType="13cdc9d9-ddb5-4fa4-a97d-d965ccfc6d4b" outcome="Passed" testListId="8c84fa94-04c1-424b-9868-57a2d4851a1d" relativeResultsDirectory="a24baeef-b420-47e8-9fed-c6c2b80784e2" />
    <UnitTestResult executionId="579a3dae-15a9-4dc4-b37f-698da1a4c304" testId="c8d36562-1ed9-cc08-2544-b6dc6de2e19e" testName="CanConvertTo_NodeAttribTypeIDValue_Test" computerName="ICSWS068" duration="00:00:00.3299174" startTime="2016-08-04T10:18:58.7049532+02:00" endTime="2016-08-04T10:18:59.0364655+02:00" testType="13cdc9d9-ddb5-4fa4-a97d-d965ccfc6d4b" outcome="Passed" testListId="8c84fa94-04c1-424b-9868-57a2d4851a1d" relativeResultsDirectory="579a3dae-15a9-4dc4-b37f-698da1a4c304" />
    <UnitTestResult executionId="b03a0b4d-3ffd-4819-a8e3-9f6e77dfa93b" testId="58398306-b421-7001-8491-7ff8455125f8" testName="CanConvertFrom_NodeAttribTypeIDValue_Test" computerName="ICSWS068" duration="00:00:00.3347789" startTime="2016-08-04T10:18:59.0389672+02:00" endTime="2016-08-04T10:18:59.3753762+02:00" testType="13cdc9d9-ddb5-4fa4-a97d-d965ccfc6d4b" outcome="Passed" testListId="8c84fa94-04c1-424b-9868-57a2d4851a1d" relativeResultsDirectory="b03a0b4d-3ffd-4819-a8e3-9f6e77dfa93b" />
    <UnitTestResult executionId="7c61c69e-4803-44aa-8371-54e5fafb0040" testId="fc45bf5d-2f1b-d57b-1478-e05da148b07a" testName="ConvertFrom_ECounter_To_CounterIDValue_Test" computerName="ICSWS068" duration="00:00:00.3352440" startTime="2016-08-04T10:18:59.3783779+02:00" endTime="2016-08-04T10:18:59.7157217+02:00" testType="13cdc9d9-ddb5-4fa4-a97d-d965ccfc6d4b" outcome="Passed" testListId="8c84fa94-04c1-424b-9868-57a2d4851a1d" relativeResultsDirectory="7c61c69e-4803-44aa-8371-54e5fafb0040" />
    <UnitTestResult executionId="458446b1-02bf-42b4-9a5c-7dbaf3965a04" testId="bf14f93f-b52a-a6d2-ac67-161209e67f59" testName="ConvertFrom_CounterIDValue_To_ECounter_Test" computerName="ICSWS068" duration="00:00:00.3279374" startTime="2016-08-04T10:18:59.7192237+02:00" endTime="2016-08-04T10:19:00.0486931+02:00" testType="13cdc9d9-ddb5-4fa4-a97d-d965ccfc6d4b" outcome="Passed" testListId="8c84fa94-04c1-424b-9868-57a2d4851a1d" relativeResultsDirectory="458446b1-02bf-42b4-9a5c-7dbaf3965a04" />
    <UnitTestResult executionId="144b5791-0356-4e79-bf43-62070e3bded4" testId="df3cad42-5e37-9836-a0fc-6248bfa63119" testName="CanConvertTo_CounterIDValue_Test" computerName="ICSWS068" duration="00:00:00.3264005" startTime="2016-08-04T10:19:00.0516975+02:00" endTime="2016-08-04T10:19:00.3798802+02:00" testType="13cdc9d9-ddb5-4fa4-a97d-d965ccfc6d4b" outcome="Passed" testListId="8c84fa94-04c1-424b-9868-57a2d4851a1d" relativeResultsDirectory="144b5791-0356-4e79-bf43-62070e3bded4" />
    <UnitTestResult executionId="df928669-1bbc-4383-8dd3-a573c87445ba" testId="9cdc9d16-bfa8-8cb3-7281-fc1b284f9767" testName="CanConvertFrom_CounterIDValue_Test" computerName="ICSWS068" duration="00:00:00.3735545" startTime="2016-08-04T10:19:00.3818828+02:00" endTime="2016-08-04T10:19:00.7576418+02:00" testType="13cdc9d9-ddb5-4fa4-a97d-d965ccfc6d4b" outcome="Passed" testListId="8c84fa94-04c1-424b-9868-57a2d4851a1d" relativeResultsDirectory="df928669-1bbc-4383-8dd3-a573c87445ba" />
    <UnitTestResult executionId="a9219733-c576-44eb-9205-d24ece99d456" testId="f0d8c873-9ca0-f637-41de-c40c84d9626e" testName="ConvertFrom_ENodeTypeVersion_To_NodeTypeVersionIDValue_Test" computerName="ICSWS068" duration="00:00:00.3236592" startTime="2016-08-04T10:19:00.7601579+02:00" endTime="2016-08-04T10:19:01.0861083+02:00" testType="13cdc9d9-ddb5-4fa4-a97d-d965ccfc6d4b" outcome="Passed" testListId="8c84fa94-04c1-424b-9868-57a2d4851a1d" relativeResultsDirectory="a9219733-c576-44eb-9205-d24ece99d456" />
    <UnitTestResult executionId="a6db28b9-6015-42c4-91e9-2d2f6e97aef7" testId="a0392f7c-e975-9f89-ec26-257009f3df5a" testName="ConvertFrom_NodeTypeVersionIDValue_To_ENodeTypeVersion_Test" computerName="ICSWS068" duration="00:00:00.3297849" startTime="2016-08-04T10:19:01.0901118+02:00" endTime="2016-08-04T10:19:01.4217977+02:00" testType="13cdc9d9-ddb5-4fa4-a97d-d965ccfc6d4b" outcome="Passed" testListId="8c84fa94-04c1-424b-9868-57a2d4851a1d" relativeResultsDirectory="a6db28b9-6015-42c4-91e9-2d2f6e97aef7" />
    <UnitTestResult executionId="8491ced9-a277-4475-99e6-a1d1dd40976a" testId="664b557b-4977-389c-f6f8-f698e8d5799b" testName="CanConvertTo_NodeTypeVersionIDValue_Test" computerName="ICSWS068" duration="00:00:00.3908820" startTime="2016-08-04T10:19:01.4247994+02:00" endTime="2016-08-04T10:19:01.8171094+02:00" testType="13cdc9d9-ddb5-4fa4-a97d-d965ccfc6d4b" outcome="Passed" testListId="8c84fa94-04c1-424b-9868-57a2d4851a1d" relativeResultsDirectory="8491ced9-a277-4475-99e6-a1d1dd40976a" />
    <UnitTestResult executionId="fd866140-f3ad-4677-af2c-10f39dbff623" testId="441a0a6e-f0ad-ac95-6610-6ac8c7434af3" testName="CanConvertFrom_NodeTypeVersionID_ValueTest" computerName="ICSWS068" duration="00:00:00.3285483" startTime="2016-08-04T10:19:01.8201120+02:00" endTime="2016-08-04T10:19:02.1530632+02:00" testType="13cdc9d9-ddb5-4fa4-a97d-d965ccfc6d4b" outcome="Passed" testListId="8c84fa94-04c1-424b-9868-57a2d4851a1d" relativeResultsDirectory="fd866140-f3ad-4677-af2c-10f39dbff623" />
    <UnitTestResult executionId="569a9844-1c23-4b6f-9f86-1ae4087d2e4b" testId="14cc77ca-1538-b470-d0e2-93e0202a30aa" testName="ConvertFrom_ENodeType_To_NodeTypeIDValue_Test" computerName="ICSWS068" duration="00:00:00.3308978" startTime="2016-08-04T10:19:02.1565681+02:00" endTime="2016-08-04T10:19:02.4897065+02:00" testType="13cdc9d9-ddb5-4fa4-a97d-d965ccfc6d4b" outcome="Passed" testListId="8c84fa94-04c1-424b-9868-57a2d4851a1d" relativeResultsDirectory="569a9844-1c23-4b6f-9f86-1ae4087d2e4b" />
    <UnitTestResult executionId="db04532d-f693-4c15-8562-e934d613600f" testId="8eff060c-56ad-1191-3d57-728ab8eaaa44" testName="ConvertFrom_NodeTypeIDValue_To_ENodeType_Test" computerName="ICSWS068" duration="00:00:00.3304723" startTime="2016-08-04T10:19:02.4928214+02:00" endTime="2016-08-04T10:19:02.8244140+02:00" testType="13cdc9d9-ddb5-4fa4-a97d-d965ccfc6d4b" outcome="Passed" testListId="8c84fa94-04c1-424b-9868-57a2d4851a1d" relativeResultsDirectory="db04532d-f693-4c15-8562-e934d613600f" />
    <UnitTestResult executionId="b1d3fe40-0f9d-48ae-abd7-191bb9ad730c" testId="37ea91d2-2467-f802-4788-db36844b206e" testName="CanConvertTo_NodeTypeIDValue_Test" computerName="ICSWS068" duration="00:00:00.3802943" startTime="2016-08-04T10:19:02.8274160+02:00" endTime="2016-08-04T10:19:03.2086547+02:00" testType="13cdc9d9-ddb5-4fa4-a97d-d965ccfc6d4b" outcome="Passed" testListId="8c84fa94-04c1-424b-9868-57a2d4851a1d" relativeResultsDirectory="b1d3fe40-0f9d-48ae-abd7-191bb9ad730c" />
    <UnitTestResult executionId="3812a936-dee9-44fd-a883-4facc3bc35aa" testId="1f72308e-1798-b612-3878-c5d8af790720" testName="CanConvertFrom_NodeTypeIDValue_Test" computerName="ICSWS068" duration="00:00:00.3265641" startTime="2016-08-04T10:19:03.2116795+02:00" endTime="2016-08-04T10:19:03.5399707+02:00" testType="13cdc9d9-ddb5-4fa4-a97d-d965ccfc6d4b" outcome="Passed" testListId="8c84fa94-04c1-424b-9868-57a2d4851a1d" relativeResultsDirectory="3812a936-dee9-44fd-a883-4facc3bc35aa" />
    <UnitTestResult executionId="c5cbbdff-64db-414b-aad7-3e2bb7fd6214" testId="af7f55cc-a8eb-5c72-30e2-3c0b014d6054" testName="ConvertFrom_EEvent_To_EventTypeIDValue_Test" computerName="ICSWS068" duration="00:00:00.3348387" startTime="2016-08-04T10:19:03.5419724+02:00" endTime="2016-08-04T10:19:03.8795931+02:00" testType="13cdc9d9-ddb5-4fa4-a97d-d965ccfc6d4b" outcome="Passed" testListId="8c84fa94-04c1-424b-9868-57a2d4851a1d" relativeResultsDirectory="c5cbbdff-64db-414b-aad7-3e2bb7fd6214" />
    <UnitTestResult executionId="c0ecd5c6-4506-4807-9393-5c0180e817c6" testId="dd996387-07c8-d9d9-80fe-660022d79c1b" testName="ConvertFrom_EventTypeIDValue_To_EEventType_Test" computerName="ICSWS068" duration="00:00:00.3210499" startTime="2016-08-04T10:19:03.8820951+02:00" endTime="2016-08-04T10:19:04.2049362+02:00" testType="13cdc9d9-ddb5-4fa4-a97d-d965ccfc6d4b" outcome="Passed" testListId="8c84fa94-04c1-424b-9868-57a2d4851a1d" relativeResultsDirectory="c0ecd5c6-4506-4807-9393-5c0180e817c6" />
    <UnitTestResult executionId="a82e23e3-9a08-463c-a8a6-93cae4b727d3" testId="796b2568-fc64-2ba1-c24b-d9ff75d8934b" testName="CanConvertTo_EventTypeIDValue_Test" computerName="ICSWS068" duration="00:00:00.3365997" startTime="2016-08-04T10:19:04.2084391+02:00" endTime="2016-08-04T10:19:04.5462659+02:00" testType="13cdc9d9-ddb5-4fa4-a97d-d965ccfc6d4b" outcome="Passed" testListId="8c84fa94-04c1-424b-9868-57a2d4851a1d" relativeResultsDirectory="a82e23e3-9a08-463c-a8a6-93cae4b727d3" />
    <UnitTestResult executionId="ab6e2adc-1f88-437f-acb5-e9138e37e668" testId="ef0c3255-b573-1841-5f5e-4517e4044606" testName="CanConvertFrom_EventTypeIDValue_Test" computerName="ICSWS068" duration="00:00:00.3244894" startTime="2016-08-04T10:19:04.5512520+02:00" endTime="2016-08-04T10:19:04.8773606+02:00" testType="13cdc9d9-ddb5-4fa4-a97d-d965ccfc6d4b" outcome="Passed" testListId="8c84fa94-04c1-424b-9868-57a2d4851a1d" relativeResultsDirectory="ab6e2adc-1f88-437f-acb5-e9138e37e668" />
    <UnitTestResult executionId="7066ec99-e68d-4cd2-ae0d-842566b08964" testId="249bf2b4-8597-4662-14f9-658c3f1464bb" testName="CanConvertToShouldReturnTrueForString" computerName="ICSWS068" duration="00:00:00.3209091" startTime="2016-08-04T10:19:04.8803623+02:00" endTime="2016-08-04T10:19:05.2022465+02:00" testType="13cdc9d9-ddb5-4fa4-a97d-d965ccfc6d4b" outcome="Passed" testListId="8c84fa94-04c1-424b-9868-57a2d4851a1d" relativeResultsDirectory="7066ec99-e68d-4cd2-ae0d-842566b08964" />
    <UnitTestResult executionId="4a3a4e9b-7525-4a7c-ac06-d86cacdf5df8" testId="1d469863-2dc7-4887-91cb-6f30fee2e953" testName="ConvertToStringShouldReturnCorrectResult (Data Row 0)" computerName="ICSWS068" duration="00:00:00.3373859" startTime="2016-08-04T08:19:05.2134892+02:00" endTime="2016-08-04T08:19:05.5505131+02:00" testType="13cdc9d9-ddb5-4fa4-a97d-d965ccfc6d4b" outcome="Passed" testListId="8c84fa94-04c1-424b-9868-57a2d4851a1d" relativeResultsDirectory="4a3a4e9b-7525-4a7c-ac06-d86cacdf5df8" />
    <UnitTestResult executionId="c1ec639b-70c7-4a0b-a42e-e2c9dd4de9a7" testId="de9bc859-b43f-47d5-bb9f-25b3c001df09" testName="ConvertToStringShouldReturnCorrectResult (Data Row 1)" computerName="ICSWS068" duration="00:00:00.3384639" startTime="2016-08-04T08:19:05.5505131+02:00" endTime="2016-08-04T08:19:05.8890891+02:00" testType="13cdc9d9-ddb5-4fa4-a97d-d965ccfc6d4b" outcome="Passed" testListId="8c84fa94-04c1-424b-9868-57a2d4851a1d" relativeResultsDirectory="c1ec639b-70c7-4a0b-a42e-e2c9dd4de9a7" />
    <UnitTestResult executionId="4a379459-452e-4576-907d-10ea020675f1" testId="858bc329-6be5-417e-bf94-777e95f5fafd" testName="ConvertToStringShouldReturnCorrectResult (Data Row 2)" computerName="ICSWS068" duration="00:00:00.3392594" startTime="2016-08-04T08:19:05.8890891+02:00" endTime="2016-08-04T08:19:06.2282904+02:00" testType="13cdc9d9-ddb5-4fa4-a97d-d965ccfc6d4b" outcome="Passed" testListId="8c84fa94-04c1-424b-9868-57a2d4851a1d" relativeResultsDirectory="4a379459-452e-4576-907d-10ea020675f1" />
    <UnitTestResult executionId="3208ac12-de21-4d6e-8591-8e860d81a64e" testId="a4ac58b4-494f-4356-8a83-2800c208fca2" testName="ConvertToStringShouldReturnCorrectResult (Data Row 3)" computerName="ICSWS068" duration="00:00:00.3245419" startTime="2016-08-04T08:19:06.2282904+02:00" endTime="2016-08-04T08:19:06.5528054+02:00" testType="13cdc9d9-ddb5-4fa4-a97d-d965ccfc6d4b" outcome="Passed" testListId="8c84fa94-04c1-424b-9868-57a2d4851a1d" relativeResultsDirectory="3208ac12-de21-4d6e-8591-8e860d81a64e" />
    <UnitTestResult executionId="9e04dccd-82bd-4956-a9e2-d767b9100232" testId="85e6a9ce-bd4a-47fb-90ec-2b03f2330c81" testName="ConvertToStringShouldReturnCorrectResult (Data Row 4)" computerName="ICSWS068" duration="00:00:00.3244099" startTime="2016-08-04T08:19:06.5528054+02:00" endTime="2016-08-04T08:19:06.8775295+02:00" testType="13cdc9d9-ddb5-4fa4-a97d-d965ccfc6d4b" outcome="Passed" testListId="8c84fa94-04c1-424b-9868-57a2d4851a1d" relativeResultsDirectory="9e04dccd-82bd-4956-a9e2-d767b9100232" />
    <UnitTestResult executionId="df975c9d-ca4a-45b2-8325-e2eba96ff411" testId="df0ed849-aca6-4fd9-be9d-01310c07c26c" testName="ConvertToStringShouldReturnCorrectResult (Data Row 5)" computerName="ICSWS068" duration="00:00:00.3272653" startTime="2016-08-04T08:19:06.8775295+02:00" endTime="2016-08-04T08:19:07.2048524+02:00" testType="13cdc9d9-ddb5-4fa4-a97d-d965ccfc6d4b" outcome="Passed" testListId="8c84fa94-04c1-424b-9868-57a2d4851a1d" relativeResultsDirectory="df975c9d-ca4a-45b2-8325-e2eba96ff411" />
    <UnitTestResult executionId="6972985e-0ce9-49ef-a89b-6563fd807fa1" testId="0bf08676-ed32-4847-aca8-ff22061c698e" testName="ConvertToStringShouldReturnCorrectResult (Data Row 6)" computerName="ICSWS068" duration="00:00:00.3550781" startTime="2016-08-04T08:19:07.2048524+02:00" endTime="2016-08-04T08:19:07.5596680+02:00" testType="13cdc9d9-ddb5-4fa4-a97d-d965ccfc6d4b" outcome="Passed" testListId="8c84fa94-04c1-424b-9868-57a2d4851a1d" relativeResultsDirectory="6972985e-0ce9-49ef-a89b-6563fd807fa1" />
    <UnitTestResult executionId="c8edeb40-b357-48f0-becc-742d2b03f829" testId="110beeea-f0f7-434e-8c17-4e6a9f560bc5" testName="ConvertToStringShouldReturnCorrectResult (Data Row 7)" computerName="ICSWS068" duration="00:00:00.3302157" startTime="2016-08-04T08:19:07.5596680+02:00" endTime="2016-08-04T08:19:07.8899873+02:00" testType="13cdc9d9-ddb5-4fa4-a97d-d965ccfc6d4b" outcome="Passed" testListId="8c84fa94-04c1-424b-9868-57a2d4851a1d" relativeResultsDirectory="c8edeb40-b357-48f0-becc-742d2b03f829" />
    <UnitTestResult executionId="dddb3433-8fd5-4ece-bcb4-685a80911243" testId="f13eb0d5-a8fc-ccc0-8705-0bcf7e08b946" testName="ConvertFrom_EPartner_To_PartnerIDValue_Test" computerName="ICSWS068" duration="00:00:00.3255867" startTime="2016-08-04T10:19:07.8949914+02:00" endTime="2016-08-04T10:19:08.2226389+02:00" testType="13cdc9d9-ddb5-4fa4-a97d-d965ccfc6d4b" outcome="Passed" testListId="8c84fa94-04c1-424b-9868-57a2d4851a1d" relativeResultsDirectory="dddb3433-8fd5-4ece-bcb4-685a80911243" />
    <UnitTestResult executionId="bd71ffc9-84df-45fb-a14e-be6cc6da2028" testId="d3024f63-2e3d-f324-ba9c-4be8a8df9c2a" testName="ConvertFrom_PartnerIDValue_To_EPartnerTest" computerName="ICSWS068" duration="00:00:00.3202880" startTime="2016-08-04T10:19:08.2261435+02:00" endTime="2016-08-04T10:19:08.5475243+02:00" testType="13cdc9d9-ddb5-4fa4-a97d-d965ccfc6d4b" outcome="Passed" testListId="8c84fa94-04c1-424b-9868-57a2d4851a1d" relativeResultsDirectory="bd71ffc9-84df-45fb-a14e-be6cc6da2028" />
    <UnitTestResult executionId="9e3f7a5e-1b7e-4797-8d7b-f65bffac1442" testId="5c2a47df-9c13-6697-7598-94ebf1bbd6e9" testName="CanConvertTo_EPartnerIDValue_Test" computerName="ICSWS068" duration="00:00:00.3613569" startTime="2016-08-04T10:19:08.5505271+02:00" endTime="2016-08-04T10:19:08.9132306+02:00" testType="13cdc9d9-ddb5-4fa4-a97d-d965ccfc6d4b" outcome="Passed" testListId="8c84fa94-04c1-424b-9868-57a2d4851a1d" relativeResultsDirectory="9e3f7a5e-1b7e-4797-8d7b-f65bffac1442" />
    <UnitTestResult executionId="d86531e2-25f3-4e5b-ad19-3d5d8f34a830" testId="0d2665fb-e49e-06f3-6f60-a7a9182a1180" testName="CanConvertFrom_EPartnerValue_Test" computerName="ICSWS068" duration="00:00:00.3248287" startTime="2016-08-04T10:19:08.9162177+02:00" endTime="2016-08-04T10:19:09.2423297+02:00" testType="13cdc9d9-ddb5-4fa4-a97d-d965ccfc6d4b" outcome="Passed" testListId="8c84fa94-04c1-424b-9868-57a2d4851a1d" relativeResultsDirectory="d86531e2-25f3-4e5b-ad19-3d5d8f34a830" />
    <UnitTestResult executionId="7e3bd22e-6f63-4a97-8840-c1db94e5a7cf" testId="f446d842-b376-4e7b-16da-6a379b45c5d6" testName="ConvertFrom_EComponent_To_ComponentIDValue_Test" computerName="ICSWS068" duration="00:00:00.3336050" startTime="2016-08-04T10:19:09.2463311+02:00" endTime="2016-08-04T10:19:09.5818090+02:00" testType="13cdc9d9-ddb5-4fa4-a97d-d965ccfc6d4b" outcome="Passed" testListId="8c84fa94-04c1-424b-9868-57a2d4851a1d" relativeResultsDirectory="7e3bd22e-6f63-4a97-8840-c1db94e5a7cf" />
    <UnitTestResult executionId="f4fd5c5b-a4d9-4da5-a318-80cf1dfb11cf" testId="9d19dda3-2402-20d8-615b-1631da2be3e3" testName="ConvertFrom_ComponentIDValue_To_EComponent_Test" computerName="ICSWS068" duration="00:00:00.3436482" startTime="2016-08-04T10:19:09.5848110+02:00" endTime="2016-08-04T10:19:09.9299735+02:00" testType="13cdc9d9-ddb5-4fa4-a97d-d965ccfc6d4b" outcome="Passed" testListId="8c84fa94-04c1-424b-9868-57a2d4851a1d" relativeResultsDirectory="f4fd5c5b-a4d9-4da5-a318-80cf1dfb11cf" />
    <UnitTestResult executionId="72519737-c6bd-4665-8fa2-1514749182cf" testId="610e654d-2843-d858-b996-92832caed145" testName="CanConvertTo_ComponentIDValue_Test" computerName="ICSWS068" duration="00:00:00.3265457" startTime="2016-08-04T10:19:09.9329775+02:00" endTime="2016-08-04T10:19:10.2608297+02:00" testType="13cdc9d9-ddb5-4fa4-a97d-d965ccfc6d4b" outcome="Passed" testListId="8c84fa94-04c1-424b-9868-57a2d4851a1d" relativeResultsDirectory="72519737-c6bd-4665-8fa2-1514749182cf" />
    <UnitTestResult executionId="9b9772ed-bb13-45a1-866a-579059f09445" testId="41caedaf-fee5-9e47-59c2-9ea3c1b079e7" testName="CanConvertFrom_ComponentIDValue_Test" computerName="ICSWS068" duration="00:00:00.3296951" startTime="2016-08-04T10:19:10.2643323+02:00" endTime="2016-08-04T10:19:10.5954346+02:00" testType="13cdc9d9-ddb5-4fa4-a97d-d965ccfc6d4b" outcome="Passed" testListId="8c84fa94-04c1-424b-9868-57a2d4851a1d" relativeResultsDirectory="9b9772ed-bb13-45a1-866a-579059f09445" />
    <UnitTestResult executionId="69b0920d-7a1e-440a-a8fe-eb3c9f0876bf" testId="3d784330-85b7-58d2-a967-de6bc9d63264" testName="RepositoryEntityTypeId_ReturnsEventHandler" computerName="ICSWS068" duration="00:00:00.3317848" startTime="2016-08-04T10:19:10.6004383+02:00" endTime="2016-08-04T10:19:10.9336757+02:00" testType="13cdc9d9-ddb5-4fa4-a97d-d965ccfc6d4b" outcome="Passed" testListId="8c84fa94-04c1-424b-9868-57a2d4851a1d" relativeResultsDirectory="69b0920d-7a1e-440a-a8fe-eb3c9f0876bf" />
    <UnitTestResult executionId="8f9353a9-e284-4fb4-aca4-4c4ba82432cd" testId="3b8a1acb-f68f-8a0d-f627-37a62f0b7e3f" testName="RepositoryEntityType_ReturnsIEventHandler" computerName="ICSWS068" duration="00:00:00.3234818" startTime="2016-08-04T10:19:10.9371789+02:00" endTime="2016-08-04T10:19:11.2620379+02:00" testType="13cdc9d9-ddb5-4fa4-a97d-d965ccfc6d4b" outcome="Passed" testListId="8c84fa94-04c1-424b-9868-57a2d4851a1d" relativeResultsDirectory="8f9353a9-e284-4fb4-aca4-4c4ba82432cd" />
    <UnitTestResult executionId="ffbaba37-c508-47de-8bf2-f85c8870c291" testId="b5e58d48-fbfa-58e9-2ba7-d28611ee6561" testName="RepositorySystemContext_MatchesActualSystemContext" computerName="ICSWS068" duration="00:00:00.3435728" startTime="2016-08-04T10:19:11.2650414+02:00" endTime="2016-08-04T10:19:11.6099947+02:00" testType="13cdc9d9-ddb5-4fa4-a97d-d965ccfc6d4b" outcome="Passed" testListId="8c84fa94-04c1-424b-9868-57a2d4851a1d" relativeResultsDirectory="ffbaba37-c508-47de-8bf2-f85c8870c291" />
    <UnitTestResult executionId="089f32ed-a9a8-4a3f-8612-1968fcd0f57a" testId="81d060bc-39aa-1cef-49ff-ff1c90f62b7f" testName="Exists_UnsupportedKey_ThrowsArgumentException" computerName="ICSWS068" duration="00:00:00.3248451" startTime="2016-08-04T10:19:11.6135006+02:00" endTime="2016-08-04T10:19:11.9398648+02:00" testType="13cdc9d9-ddb5-4fa4-a97d-d965ccfc6d4b" outcome="Passed" testListId="8c84fa94-04c1-424b-9868-57a2d4851a1d" relativeResultsDirectory="089f32ed-a9a8-4a3f-8612-1968fcd0f57a" />
    <UnitTestResult executionId="45266085-3e0a-43cc-be39-eee28550fc24" testId="8a128978-65b5-4c3c-9b76-36317b418bda" testName="Exists_KnownEventHandlerKey_ReturnsTrue (Data Row 0)" computerName="ICSWS068" duration="00:00:00.3560083" startTime="2016-08-04T08:19:11.9488708+02:00" endTime="2016-08-04T08:19:12.3050706+02:00" testType="13cdc9d9-ddb5-4fa4-a97d-d965ccfc6d4b" outcome="Passed" testListId="8c84fa94-04c1-424b-9868-57a2d4851a1d" relativeResultsDirectory="45266085-3e0a-43cc-be39-eee28550fc24" />
    <UnitTestResult executionId="c1d69b92-5741-4e4b-88c6-3d4d3dd9ba73" testId="908a98d4-2f01-4eab-9970-ec3939c3e463" testName="Exists_KnownEventHandlerKey_ReturnsTrue (Data Row 1)" computerName="ICSWS068" duration="00:00:00.3337335" startTime="2016-08-04T08:19:12.3050706+02:00" endTime="2016-08-04T08:19:12.6388995+02:00" testType="13cdc9d9-ddb5-4fa4-a97d-d965ccfc6d4b" outcome="Passed" testListId="8c84fa94-04c1-424b-9868-57a2d4851a1d" relativeResultsDirectory="c1d69b92-5741-4e4b-88c6-3d4d3dd9ba73" />
    <UnitTestResult executionId="255cfe54-0068-4d1e-8bac-5282be832e1a" testId="6f09ca33-0ba9-709e-d6f5-f76aa77ab33f" testName="Exists_NonExistingEventHandlerKey_ReturnsFalse" computerName="ICSWS068" duration="00:00:00.3253278" startTime="2016-08-04T10:19:12.6424036+02:00" endTime="2016-08-04T10:19:12.9693238+02:00" testType="13cdc9d9-ddb5-4fa4-a97d-d965ccfc6d4b" outcome="Passed" testListId="8c84fa94-04c1-424b-9868-57a2d4851a1d" relativeResultsDirectory="255cfe54-0068-4d1e-8bac-5282be832e1a" />
    <UnitTestResult executionId="7061d5a3-3718-46b4-a959-6d3c3f3c63c9" testId="d7ae8fcb-a05e-810e-1355-a44e47ca33c7" testName="CreateInstance_CreatesNewEventHandler" computerName="ICSWS068" duration="00:00:00.3571147" startTime="2016-08-04T10:19:12.9723276+02:00" endTime="2016-08-04T10:19:13.3306385+02:00" testType="13cdc9d9-ddb5-4fa4-a97d-d965ccfc6d4b" outcome="Passed" testListId="8c84fa94-04c1-424b-9868-57a2d4851a1d" relativeResultsDirectory="7061d5a3-3718-46b4-a959-6d3c3f3c63c9" />
    <UnitTestResult executionId="951b2cd6-8fd1-495c-b8ea-9c3b5beb758f" testId="676fe44c-f53e-4350-b656-7f7cf54b2103" testName="List_ContainsEachKnownEventHandlerOnce (Data Row 0)" computerName="ICSWS068" duration="00:00:00.3441942" startTime="2016-08-04T08:19:13.3373516+02:00" endTime="2016-08-04T08:19:13.6814595+02:00" testType="13cdc9d9-ddb5-4fa4-a97d-d965ccfc6d4b" outcome="Passed" testListId="8c84fa94-04c1-424b-9868-57a2d4851a1d" relativeResultsDirectory="951b2cd6-8fd1-495c-b8ea-9c3b5beb758f" />
    <UnitTestResult executionId="3cbfd5df-b059-448c-b128-5aa1f7854fe6" testId="fdd12339-8997-468c-bf95-82e57f93370a" testName="List_ContainsEachKnownEventHandlerOnce (Data Row 1)" computerName="ICSWS068" duration="00:00:00.3268518" startTime="2016-08-04T08:19:13.6814595+02:00" endTime="2016-08-04T08:19:14.0081730+02:00" testType="13cdc9d9-ddb5-4fa4-a97d-d965ccfc6d4b" outcome="Passed" testListId="8c84fa94-04c1-424b-9868-57a2d4851a1d" relativeResultsDirectory="3cbfd5df-b059-448c-b128-5aa1f7854fe6" />
    <UnitTestResult executionId="b0b5c4c2-5827-43be-9f42-7d9994768394" testId="e80bb6f4-cb57-b5c8-692b-4e1b46f3f73c" testName="List_ShouldSetSystemContextCorrectly" computerName="ICSWS068" duration="00:00:00.3434626" startTime="2016-08-04T10:19:14.0116768+02:00" endTime="2016-08-04T10:19:14.3568378+02:00" testType="13cdc9d9-ddb5-4fa4-a97d-d965ccfc6d4b" outcome="Passed" testListId="8c84fa94-04c1-424b-9868-57a2d4851a1d" relativeResultsDirectory="b0b5c4c2-5827-43be-9f42-7d9994768394" />
    <UnitTestResult executionId="bc5af065-3555-4ef1-bc3d-20d8aea5f998" testId="16bcfa8b-1cec-8756-fc97-02c77f2bd808" testName="GetByName_NullName_ThrowsArgumentNullException" computerName="ICSWS068" duration="00:00:00.3282893" startTime="2016-08-04T10:19:14.3598401+02:00" endTime="2016-08-04T10:19:14.6892183+02:00" testType="13cdc9d9-ddb5-4fa4-a97d-d965ccfc6d4b" outcome="Passed" testListId="8c84fa94-04c1-424b-9868-57a2d4851a1d" relativeResultsDirectory="bc5af065-3555-4ef1-bc3d-20d8aea5f998" />
    <UnitTestResult executionId="92eec34b-d980-474b-9a3b-302b5389b5f8" testId="014b9e90-2dcf-0a1c-c4a5-d7a4bcc318f2" testName="GetByName_NewGuid_ThrowsEntityNotFoundException" computerName="ICSWS068" duration="00:00:00.3299517" startTime="2016-08-04T10:19:14.6922206+02:00" endTime="2016-08-04T10:19:15.0235387+02:00" testType="13cdc9d9-ddb5-4fa4-a97d-d965ccfc6d4b" outcome="Passed" testListId="8c84fa94-04c1-424b-9868-57a2d4851a1d" relativeResultsDirectory="92eec34b-d980-474b-9a3b-302b5389b5f8" />
    <UnitTestResult executionId="20840753-b6bf-4f79-88fa-51a6d5ab6de8" testId="0fb683c3-3632-4ddf-b0f2-d5ab6ebee5b7" testName="GetByName_KnownEventHandlerName_ReturnsEntityWithCorrectProperties (Data Row 0)" computerName="ICSWS068" duration="00:00:00.3310394" startTime="2016-08-04T08:19:15.0280577+02:00" endTime="2016-08-04T08:19:15.3591257+02:00" testType="13cdc9d9-ddb5-4fa4-a97d-d965ccfc6d4b" outcome="Passed" testListId="8c84fa94-04c1-424b-9868-57a2d4851a1d" relativeResultsDirectory="20840753-b6bf-4f79-88fa-51a6d5ab6de8" />
    <UnitTestResult executionId="d04d2952-dadf-4455-b840-c84111deabef" testId="431a5e6a-fe9d-43a3-839a-1797081001e8" testName="GetByName_KnownEventHandlerName_ReturnsEntityWithCorrectProperties (Data Row 1)" computerName="ICSWS068" duration="00:00:00.3902125" startTime="2016-08-04T08:19:15.3591257+02:00" endTime="2016-08-04T08:19:15.7495636+02:00" testType="13cdc9d9-ddb5-4fa4-a97d-d965ccfc6d4b" outcome="Passed" testListId="8c84fa94-04c1-424b-9868-57a2d4851a1d" relativeResultsDirectory="d04d2952-dadf-4455-b840-c84111deabef" />
    <UnitTestResult executionId="39bbb818-b644-473b-826e-439793d234f9" testId="2f8de2c1-c3ee-310e-8c99-d09e267911ee" testName="GetById_NewGuid_ThrowsEntityNotFoundException" computerName="ICSWS068" duration="00:00:00.3203496" startTime="2016-08-04T10:19:15.7530815+02:00" endTime="2016-08-04T10:19:16.0748338+02:00" testType="13cdc9d9-ddb5-4fa4-a97d-d965ccfc6d4b" outcome="Passed" testListId="8c84fa94-04c1-424b-9868-57a2d4851a1d" relativeResultsDirectory="39bbb818-b644-473b-826e-439793d234f9" />
    <UnitTestResult executionId="00d01f3c-6383-4e59-9804-306dcea8087f" testId="128f33b3-ad11-4e0f-a9e7-77e2a6af6331" testName="GetById_KnownEventHandlerId_ReturnsEntityWithCorrectProperties (Data Row 0)" computerName="ICSWS068" duration="00:00:00.3254850" startTime="2016-08-04T08:19:16.0798187+02:00" endTime="2016-08-04T08:19:16.4051504+02:00" testType="13cdc9d9-ddb5-4fa4-a97d-d965ccfc6d4b" outcome="Passed" testListId="8c84fa94-04c1-424b-9868-57a2d4851a1d" relativeResultsDirectory="00d01f3c-6383-4e59-9804-306dcea8087f" />
    <UnitTestResult executionId="33480b9f-df63-4c5f-8a50-5074af1e981c" testId="ea0012c2-34ee-464d-9150-85cfd5b3fcda" testName="GetById_KnownEventHandlerId_ReturnsEntityWithCorrectProperties (Data Row 1)" computerName="ICSWS068" duration="00:00:00.3252650" startTime="2016-08-04T08:19:16.4051504+02:00" endTime="2016-08-04T08:19:16.7307804+02:00" testType="13cdc9d9-ddb5-4fa4-a97d-d965ccfc6d4b" outcome="Passed" testListId="8c84fa94-04c1-424b-9868-57a2d4851a1d" relativeResultsDirectory="33480b9f-df63-4c5f-8a50-5074af1e981c" />
    <UnitTestResult executionId="feecc309-1fd3-4e0a-b3cf-3e914ac89cee" testId="75f082a9-e784-30c2-1b04-352eeb77b695" testName="TryGetById_NewGuid_ReturnsNull" computerName="ICSWS068" duration="00:00:00.3644521" startTime="2016-08-04T10:19:16.7342701+02:00" endTime="2016-08-04T10:19:17.1003958+02:00" testType="13cdc9d9-ddb5-4fa4-a97d-d965ccfc6d4b" outcome="Passed" testListId="8c84fa94-04c1-424b-9868-57a2d4851a1d" relativeResultsDirectory="feecc309-1fd3-4e0a-b3cf-3e914ac89cee" />
    <UnitTestResult executionId="0d250a9c-0dc7-46a0-a181-baaa7f8656c8" testId="2afd4214-f3ee-4037-b157-0af59ecf1395" testName="TryGetById_KnownEventHandlerId_ReturnsEntityWithCorrectProperties (Data Row 0)" computerName="ICSWS068" duration="00:00:00.3262618" startTime="2016-08-04T08:19:17.1053992+02:00" endTime="2016-08-04T08:19:17.4314861+02:00" testType="13cdc9d9-ddb5-4fa4-a97d-d965ccfc6d4b" outcome="Passed" testListId="8c84fa94-04c1-424b-9868-57a2d4851a1d" relativeResultsDirectory="0d250a9c-0dc7-46a0-a181-baaa7f8656c8" />
    <UnitTestResult executionId="9e79fe50-d8c0-4306-b8a7-4f0104963144" testId="53892fcf-d518-4036-b989-5d1f5dafa490" testName="TryGetById_KnownEventHandlerId_ReturnsEntityWithCorrectProperties (Data Row 1)" computerName="ICSWS068" duration="00:00:00.3225243" startTime="2016-08-04T08:19:17.4314861+02:00" endTime="2016-08-04T08:19:17.7544723+02:00" testType="13cdc9d9-ddb5-4fa4-a97d-d965ccfc6d4b" outcome="Passed" testListId="8c84fa94-04c1-424b-9868-57a2d4851a1d" relativeResultsDirectory="9e79fe50-d8c0-4306-b8a7-4f0104963144" />
    <UnitTestResult executionId="a1b042d7-fb88-41ff-a6fc-9664d51b777b" testId="fae8ca15-4930-8dc3-b097-81b19107ff16" testName="GetByKey_NewGuid_ThrowsEntityNotFoundException" computerName="ICSWS068" duration="00:00:00.3648594" startTime="2016-08-04T10:19:17.7574896+02:00" endTime="2016-08-04T10:19:18.1237086+02:00" testType="13cdc9d9-ddb5-4fa4-a97d-d965ccfc6d4b" outcome="Passed" testListId="8c84fa94-04c1-424b-9868-57a2d4851a1d" relativeResultsDirectory="a1b042d7-fb88-41ff-a6fc-9664d51b777b" />
    <UnitTestResult executionId="2785f08c-ba99-454c-8675-b5411ab7c3a7" testId="5b3e205d-5e9a-4f88-ab3e-f3c974bd2c9b" testName="GetByKey_KnownEventHandlerKey_ReturnsEntityWithCorrectProperties (Data Row 0)" computerName="ICSWS068" duration="00:00:00.3341692" startTime="2016-08-04T08:19:18.1286959+02:00" endTime="2016-08-04T08:19:18.4627934+02:00" testType="13cdc9d9-ddb5-4fa4-a97d-d965ccfc6d4b" outcome="Passed" testListId="8c84fa94-04c1-424b-9868-57a2d4851a1d" relativeResultsDirectory="2785f08c-ba99-454c-8675-b5411ab7c3a7" />
    <UnitTestResult executionId="41703125-bf53-403a-8823-4477998a7bcc" testId="030d627c-a7f5-4792-b578-455f91714929" testName="GetByKey_KnownEventHandlerKey_ReturnsEntityWithCorrectProperties (Data Row 1)" computerName="ICSWS068" duration="00:00:00.3303696" startTime="2016-08-04T08:19:18.4627934+02:00" endTime="2016-08-04T08:19:18.7933641+02:00" testType="13cdc9d9-ddb5-4fa4-a97d-d965ccfc6d4b" outcome="Passed" testListId="8c84fa94-04c1-424b-9868-57a2d4851a1d" relativeResultsDirectory="41703125-bf53-403a-8823-4477998a7bcc" />
    <UnitTestResult executionId="c1815d90-bdf5-4eed-88bc-5cc1fb97c16f" testId="1835a9b1-569f-fa47-e993-903211910619" testName="GetByKey_UnsupportedKey_ThrowsArgumentException" computerName="ICSWS068" duration="00:00:00.3289025" startTime="2016-08-04T10:19:18.7968669+02:00" endTime="2016-08-04T10:19:19.1271179+02:00" testType="13cdc9d9-ddb5-4fa4-a97d-d965ccfc6d4b" outcome="Passed" testListId="8c84fa94-04c1-424b-9868-57a2d4851a1d" relativeResultsDirectory="c1815d90-bdf5-4eed-88bc-5cc1fb97c16f" />
    <UnitTestResult executionId="d8d4440e-3e08-4abc-a40c-6e1bf2d19975" testId="56a84e48-c9b3-825e-f84b-52d65c66e0d5" testName="Delete_UnusedEventHandler_SuccessfullyDeletesEventHandler" computerName="ICSWS068" duration="00:00:00.4124480" startTime="2016-08-04T10:19:19.1301214+02:00" endTime="2016-08-04T10:19:19.5440299+02:00" testType="13cdc9d9-ddb5-4fa4-a97d-d965ccfc6d4b" outcome="Passed" testListId="8c84fa94-04c1-424b-9868-57a2d4851a1d" relativeResultsDirectory="d8d4440e-3e08-4abc-a40c-6e1bf2d19975" />
    <UnitTestResult executionId="78f08506-6743-474a-ab48-f9292b686372" testId="92dab4a4-5049-398a-47d0-3f79a5eba604" testName="Delete_NonDeletableEventHandler_ThrowsEntityDependencyException" computerName="ICSWS068" duration="00:00:00.3344437" startTime="2016-08-04T10:19:19.5465319+02:00" endTime="2016-08-04T10:19:19.8825203+02:00" testType="13cdc9d9-ddb5-4fa4-a97d-d965ccfc6d4b" outcome="Passed" testListId="8c84fa94-04c1-424b-9868-57a2d4851a1d" relativeResultsDirectory="78f08506-6743-474a-ab48-f9292b686372" />
    <UnitTestResult executionId="03c13e83-622d-455b-b5a6-504bad8b00a0" testId="11199903-2d03-4332-16f5-a1c37b85ed13" testName="Delete_WithCascade_DispatchedJobExist_ThrowsEntityDependencyException" computerName="ICSWS068" duration="00:00:00.4814801" startTime="2016-08-04T10:19:19.8860235+02:00" endTime="2016-08-04T10:19:20.3692458+02:00" testType="13cdc9d9-ddb5-4fa4-a97d-d965ccfc6d4b" outcome="Passed" testListId="8c84fa94-04c1-424b-9868-57a2d4851a1d" relativeResultsDirectory="03c13e83-622d-455b-b5a6-504bad8b00a0" />
    <UnitTestResult executionId="38672566-c98e-45ab-9f4b-5ecb9e74bd09" testId="710a6889-5dfc-c732-0b90-55bf2ddac993" testName="Delete_WithCascade_StartPendingJobExist_ThrowsEntityDependencyException" computerName="ICSWS068" duration="00:00:00.3499108" startTime="2016-08-04T10:19:20.3722478+02:00" endTime="2016-08-04T10:19:20.7237403+02:00" testType="13cdc9d9-ddb5-4fa4-a97d-d965ccfc6d4b" outcome="Passed" testListId="8c84fa94-04c1-424b-9868-57a2d4851a1d" relativeResultsDirectory="38672566-c98e-45ab-9f4b-5ecb9e74bd09" />
    <UnitTestResult executionId="ab653e66-390d-44e9-a292-7c65fc32cfdc" testId="52998856-19a9-f189-93d8-0f49e7a4287c" testName="Delete_WithCascade_RunningJobExist_ThrowsEntityDependencyException" computerName="ICSWS068" duration="00:00:00.3843255" startTime="2016-08-04T10:19:20.7262579+02:00" endTime="2016-08-04T10:19:21.1123874+02:00" testType="13cdc9d9-ddb5-4fa4-a97d-d965ccfc6d4b" outcome="Passed" testListId="8c84fa94-04c1-424b-9868-57a2d4851a1d" relativeResultsDirectory="ab653e66-390d-44e9-a292-7c65fc32cfdc" />
    <UnitTestResult executionId="3f61bb0e-597b-4ac8-8e5d-b6647bb12183" testId="80b6bf1f-247c-3356-871f-d17ab3bc0f90" testName="Delete_WithCascade_DispatchedPendingJobExist_Succeeds" computerName="ICSWS068" duration="00:00:00.4666342" startTime="2016-08-04T10:19:21.1153900+02:00" endTime="2016-08-04T10:19:21.5830861+02:00" testType="13cdc9d9-ddb5-4fa4-a97d-d965ccfc6d4b" outcome="Passed" testListId="8c84fa94-04c1-424b-9868-57a2d4851a1d" relativeResultsDirectory="3f61bb0e-597b-4ac8-8e5d-b6647bb12183" />
    <UnitTestResult executionId="3b50d5e6-468a-4d20-a3ef-38d19959c166" testId="9d16ffbf-be81-4be2-0f67-e562be79f4c7" testName="Delete_WithCascade_FinishedJobsExist_Succeeds" computerName="ICSWS068" duration="00:00:00.3682728" startTime="2016-08-04T10:19:21.5865890+02:00" endTime="2016-08-04T10:19:21.9566226+02:00" testType="13cdc9d9-ddb5-4fa4-a97d-d965ccfc6d4b" outcome="Passed" testListId="8c84fa94-04c1-424b-9868-57a2d4851a1d" relativeResultsDirectory="3b50d5e6-468a-4d20-a3ef-38d19959c166" />
    <UnitTestResult executionId="95430ec6-a39f-4be7-afb9-1bf0dc061539" testId="b93419d8-c713-d1ad-e7fc-7aaedf8d86f0" testName="Add_NullName_ThrowsConditionalErrorException" computerName="ICSWS068" duration="00:00:00.3515709" startTime="2016-08-04T10:19:21.9596246+02:00" endTime="2016-08-04T10:19:22.3127215+02:00" testType="13cdc9d9-ddb5-4fa4-a97d-d965ccfc6d4b" outcome="Passed" testListId="8c84fa94-04c1-424b-9868-57a2d4851a1d" relativeResultsDirectory="95430ec6-a39f-4be7-afb9-1bf0dc061539" />
    <UnitTestResult executionId="50de75f1-b991-489f-91c2-24c92fe8b53f" testId="f8367486-0501-7765-77e4-a1c1dbd64cd8" testName="Add_EmptyName_ThrowsStringLengthErrorException" computerName="ICSWS068" duration="00:00:00.3495997" startTime="2016-08-04T10:19:22.3152250+02:00" endTime="2016-08-04T10:19:22.6676119+02:00" testType="13cdc9d9-ddb5-4fa4-a97d-d965ccfc6d4b" outcome="Passed" testListId="8c84fa94-04c1-424b-9868-57a2d4851a1d" relativeResultsDirectory="50de75f1-b991-489f-91c2-24c92fe8b53f" />
    <UnitTestResult executionId="520dc622-fbd1-4a84-a4c3-042165485864" testId="262e5d87-255b-fbe9-88d3-a0f7cc64b9a5" testName="Add_WhiteSpaceOnlyName_ThrowsStringLengthErrorException" computerName="ICSWS068" duration="00:00:00.3434130" startTime="2016-08-04T10:19:22.6706137+02:00" endTime="2016-08-04T10:19:23.0160826+02:00" testType="13cdc9d9-ddb5-4fa4-a97d-d965ccfc6d4b" outcome="Passed" testListId="8c84fa94-04c1-424b-9868-57a2d4851a1d" relativeResultsDirectory="520dc622-fbd1-4a84-a4c3-042165485864" />
    <UnitTestResult executionId="203cb00a-598c-4ff5-98bf-366ad3e3e698" testId="797602cf-e6a5-de7f-b4bb-3eda8b2fb489" testName="Add_TooLongName_ThrowsStringLengthErrorException" computerName="ICSWS068" duration="00:00:00.3731865" startTime="2016-08-04T10:19:23.0190840+02:00" endTime="2016-08-04T10:19:23.3943052+02:00" testType="13cdc9d9-ddb5-4fa4-a97d-d965ccfc6d4b" outcome="Passed" testListId="8c84fa94-04c1-424b-9868-57a2d4851a1d" relativeResultsDirectory="203cb00a-598c-4ff5-98bf-366ad3e3e698" />
    <UnitTestResult executionId="67ee827e-86ab-453a-8741-ff24f1e05c0d" testId="4cd46871-2642-b521-ad1a-54483dd58c89" testName="Add_LongDescription_Succeeds" computerName="ICSWS068" duration="00:00:00.3871994" startTime="2016-08-04T10:19:23.3973083+02:00" endTime="2016-08-04T10:19:23.7863076+02:00" testType="13cdc9d9-ddb5-4fa4-a97d-d965ccfc6d4b" outcome="Passed" testListId="8c84fa94-04c1-424b-9868-57a2d4851a1d" relativeResultsDirectory="67ee827e-86ab-453a-8741-ff24f1e05c0d" />
    <UnitTestResult executionId="e0684cf2-cbb3-4d63-ac99-4deb2413467c" testId="260dff13-10a3-46ab-e664-bfa637460e4d" testName="Add_ValidProperties_IdAndTimesAreUpdatedCorrectly" computerName="ICSWS068" duration="00:00:00.3584725" startTime="2016-08-04T10:19:23.7908110+02:00" endTime="2016-08-04T10:19:24.1507559+02:00" testType="13cdc9d9-ddb5-4fa4-a97d-d965ccfc6d4b" outcome="Passed" testListId="8c84fa94-04c1-424b-9868-57a2d4851a1d" relativeResultsDirectory="e0684cf2-cbb3-4d63-ac99-4deb2413467c" />
    <UnitTestResult executionId="cbdba38d-0e94-4d75-a320-ea8b17cb587b" testId="71c99f9c-8944-1134-2569-00fcbe598e04" testName="Add_ComplexProperties_ArePersistedCorrectly" computerName="ICSWS068" duration="00:00:00.3650826" startTime="2016-08-04T10:19:24.1542588+02:00" endTime="2016-08-04T10:19:24.5212851+02:00" testType="13cdc9d9-ddb5-4fa4-a97d-d965ccfc6d4b" outcome="Passed" testListId="8c84fa94-04c1-424b-9868-57a2d4851a1d" relativeResultsDirectory="cbdba38d-0e94-4d75-a320-ea8b17cb587b" />
    <UnitTestResult executionId="151141fd-f5ad-4acb-b694-c29dfe12cf9b" testId="b3d99045-8a38-5afb-842c-7fec4da9b6b8" testName="Add_DuplicateName_ThrowsUniqueValueAddConflictException" computerName="ICSWS068" duration="00:00:00.3921928" startTime="2016-08-04T10:19:24.5247886+02:00" endTime="2016-08-04T10:19:24.9188344+02:00" testType="13cdc9d9-ddb5-4fa4-a97d-d965ccfc6d4b" outcome="Passed" testListId="8c84fa94-04c1-424b-9868-57a2d4851a1d" relativeResultsDirectory="151141fd-f5ad-4acb-b694-c29dfe12cf9b" />
    <UnitTestResult executionId="c58754e1-c745-47a7-8ab2-20b079b99be9" testId="e80e3b7d-3fd9-5f84-96ee-59825ba27c79" testName="Add_SingleMatchEventWithDuplicateSelectionProperties_ThrowsUniqueValueAddConflictErrorException" computerName="ICSWS068" duration="00:00:00.3880422" startTime="2016-08-04T10:19:24.9218361+02:00" endTime="2016-08-04T10:19:25.3119074+02:00" testType="13cdc9d9-ddb5-4fa4-a97d-d965ccfc6d4b" outcome="Passed" testListId="8c84fa94-04c1-424b-9868-57a2d4851a1d" relativeResultsDirectory="c58754e1-c745-47a7-8ab2-20b079b99be9" />
    <UnitTestResult executionId="9f84cb52-2722-4f7c-ab9d-40eed5a872be" testId="7211c057-fb1a-c74f-8bda-fa56407ef270" testName="Add_SingleMatchEventWithDuplicateSelectionPropertiesSetToAll_ThrowsUniqueValueAddConflictErrorException" computerName="ICSWS068" duration="00:00:00.3936054" startTime="2016-08-04T10:19:25.3154088+02:00" endTime="2016-08-04T10:19:25.7105121+02:00" testType="13cdc9d9-ddb5-4fa4-a97d-d965ccfc6d4b" outcome="Passed" testListId="8c84fa94-04c1-424b-9868-57a2d4851a1d" relativeResultsDirectory="9f84cb52-2722-4f7c-ab9d-40eed5a872be" />
    <UnitTestResult executionId="e2274452-4c14-4cf2-a9cc-45dda96f1886" testId="044e2634-0c27-c7dd-4a7a-af25049da98a" testName="Add_AllMatchEventWithDuplicateSelectionProperties_Succeeds" computerName="ICSWS068" duration="00:00:00.4421066" startTime="2016-08-04T10:19:25.7140144+02:00" endTime="2016-08-04T10:19:26.1581406+02:00" testType="13cdc9d9-ddb5-4fa4-a97d-d965ccfc6d4b" outcome="Passed" testListId="8c84fa94-04c1-424b-9868-57a2d4851a1d" relativeResultsDirectory="e2274452-4c14-4cf2-a9cc-45dda96f1886" />
    <UnitTestResult executionId="d9a92f52-890f-4dee-ae59-90db81e9face" testId="23015fc4-a3d1-ed5e-c39f-ed4b6c7af6c4" testName="Add_NonExistingPartner_ThrowsEntityNotFoundException" computerName="ICSWS068" duration="00:00:00.3788565" startTime="2016-08-04T10:19:26.1621434+02:00" endTime="2016-08-04T10:19:26.5427877+02:00" testType="13cdc9d9-ddb5-4fa4-a97d-d965ccfc6d4b" outcome="Passed" testListId="8c84fa94-04c1-424b-9868-57a2d4851a1d" relativeResultsDirectory="d9a92f52-890f-4dee-ae59-90db81e9face" />
    <UnitTestResult executionId="9e809e30-c20e-438e-a3e9-01e3239636de" testId="d998f092-96c9-6b75-bc7e-d3e51c54bba1" testName="Add_NonExistingNodeType_ThrowsEntityNotFoundException" computerName="ICSWS068" duration="00:00:00.3592531" startTime="2016-08-04T10:19:26.5457911+02:00" endTime="2016-08-04T10:19:26.9070607+02:00" testType="13cdc9d9-ddb5-4fa4-a97d-d965ccfc6d4b" outcome="Passed" testListId="8c84fa94-04c1-424b-9868-57a2d4851a1d" relativeResultsDirectory="9e809e30-c20e-438e-a3e9-01e3239636de" />
    <UnitTestResult executionId="660c54a8-c8aa-45ff-a118-a66f6a1b7ab8" testId="23f1441b-d236-dffe-cf6c-35dcacec9a82" testName="Add_NonExistingNodeTypeVersion_ThrowsEntityNotFoundException" computerName="ICSWS068" duration="00:00:00.4098431" startTime="2016-08-04T10:19:26.9105635+02:00" endTime="2016-08-04T10:19:27.3222187+02:00" testType="13cdc9d9-ddb5-4fa4-a97d-d965ccfc6d4b" outcome="Passed" testListId="8c84fa94-04c1-424b-9868-57a2d4851a1d" relativeResultsDirectory="660c54a8-c8aa-45ff-a118-a66f6a1b7ab8" />
    <UnitTestResult executionId="e076f0bf-f73e-4ac1-b539-dd3f40b31648" testId="a992875c-20ec-4bd5-3e93-c4e26f5cf5fc" testName="Copy_TemplateIsNull_ThrowsArgumentNullException" computerName="ICSWS068" duration="00:00:00.3585279" startTime="2016-08-04T10:19:27.3257216+02:00" endTime="2016-08-04T10:19:27.6861703+02:00" testType="13cdc9d9-ddb5-4fa4-a97d-d965ccfc6d4b" outcome="Passed" testListId="8c84fa94-04c1-424b-9868-57a2d4851a1d" relativeResultsDirectory="e076f0bf-f73e-4ac1-b539-dd3f40b31648" />
    <UnitTestResult executionId="12dd4248-b417-4ca5-969a-6296a95e8eb0" testId="e87df1a4-1a9f-e2b4-7f25-224fa9a0d71b" testName="Copy_AllOverrideArgumentsAreNull_CopyGetsCorrectValues" computerName="ICSWS068" duration="00:00:00.3732020" startTime="2016-08-04T10:19:27.6901734+02:00" endTime="2016-08-04T10:19:28.0648310+02:00" testType="13cdc9d9-ddb5-4fa4-a97d-d965ccfc6d4b" outcome="Passed" testListId="8c84fa94-04c1-424b-9868-57a2d4851a1d" relativeResultsDirectory="12dd4248-b417-4ca5-969a-6296a95e8eb0" />
    <UnitTestResult executionId="3cd802c1-9cf1-4382-aa0a-e2e70956d079" testId="0fee45d3-f042-4a7e-87f1-a3d50526ac6a" testName="Copy_AllOverrideArgumentsAreUsed_CopyGetsCorrectValues" computerName="ICSWS068" duration="00:00:00.3672541" startTime="2016-08-04T10:19:28.0678336+02:00" endTime="2016-08-04T10:19:28.4366681+02:00" testType="13cdc9d9-ddb5-4fa4-a97d-d965ccfc6d4b" outcome="Passed" testListId="8c84fa94-04c1-424b-9868-57a2d4851a1d" relativeResultsDirectory="3cd802c1-9cf1-4382-aa0a-e2e70956d079" />
    <UnitTestResult executionId="e023803f-d716-4fc6-a0da-f5032451fde4" testId="8fad4614-e31a-ece3-6592-10bae4148fef" testName="Copy_OverriddenPartnerIdDoesNotExist_ThrowsEntityNotFoundException" computerName="ICSWS068" duration="00:00:00.3297107" startTime="2016-08-04T10:19:28.4396701+02:00" endTime="2016-08-04T10:19:28.7712662+02:00" testType="13cdc9d9-ddb5-4fa4-a97d-d965ccfc6d4b" outcome="Passed" testListId="8c84fa94-04c1-424b-9868-57a2d4851a1d" relativeResultsDirectory="e023803f-d716-4fc6-a0da-f5032451fde4" />
    <UnitTestResult executionId="271d2219-73b7-4bee-b9b4-34837c449e7d" testId="b713b6ee-798e-e05e-1e46-11818f502df8" testName="Copy_OverriddenNodeTypeIdDoesNotExist_ThrowsEntityNotFoundException" computerName="ICSWS068" duration="00:00:00.3653157" startTime="2016-08-04T10:19:28.7737691+02:00" endTime="2016-08-04T10:19:29.1408353+02:00" testType="13cdc9d9-ddb5-4fa4-a97d-d965ccfc6d4b" outcome="Passed" testListId="8c84fa94-04c1-424b-9868-57a2d4851a1d" relativeResultsDirectory="271d2219-73b7-4bee-b9b4-34837c449e7d" />
    <UnitTestResult executionId="fa61da46-9196-48f2-9fa5-a4c2b5e4a16c" testId="15542ff0-a169-1817-7450-870f3244fbc4" testName="Copy_OverriddenNodeTypeVersionIdDoesNotExist_ThrowsEntityNotFoundException" computerName="ICSWS068" duration="00:00:00.3302347" startTime="2016-08-04T10:19:29.1443376+02:00" endTime="2016-08-04T10:19:29.4760815+02:00" testType="13cdc9d9-ddb5-4fa4-a97d-d965ccfc6d4b" outcome="Passed" testListId="8c84fa94-04c1-424b-9868-57a2d4851a1d" relativeResultsDirectory="fa61da46-9196-48f2-9fa5-a4c2b5e4a16c" />
    <UnitTestResult executionId="87fc8a24-f5da-4d04-bc72-2874fb7ee87e" testId="ac3e00f0-bfca-cfd6-f3a4-b869b0878931" testName="Copy_OverriddenNameAlreadyExists_ThrowsValidationErrorException" computerName="ICSWS068" duration="00:00:00.3315447" startTime="2016-08-04T10:19:29.4790835+02:00" endTime="2016-08-04T10:19:29.8120280+02:00" testType="13cdc9d9-ddb5-4fa4-a97d-d965ccfc6d4b" outcome="Passed" testListId="8c84fa94-04c1-424b-9868-57a2d4851a1d" relativeResultsDirectory="87fc8a24-f5da-4d04-bc72-2874fb7ee87e" />
    <UnitTestResult executionId="55806e0e-a25b-432f-bfbe-44d894c472e5" testId="70c1419c-890e-3894-aca3-507c0ab84845" testName="Copy_OverriddenNameIsEmpty_ThrowsStringLengthErrorException" computerName="ICSWS068" duration="00:00:00.3273600" startTime="2016-08-04T10:19:29.8150297+02:00" endTime="2016-08-04T10:19:30.1439094+02:00" testType="13cdc9d9-ddb5-4fa4-a97d-d965ccfc6d4b" outcome="Passed" testListId="8c84fa94-04c1-424b-9868-57a2d4851a1d" relativeResultsDirectory="55806e0e-a25b-432f-bfbe-44d894c472e5" />
    <UnitTestResult executionId="48c6806d-c7fb-4963-97e6-e38c1c610fd8" testId="83aec82b-fd78-57e6-b501-9c9a64d172a6" testName="Copy_OverriddenDescriptionIsEmpty_CopysDescriptionIsEmpty" computerName="ICSWS068" duration="00:00:00.3889518" startTime="2016-08-04T10:19:30.1464276+02:00" endTime="2016-08-04T10:19:30.5368749+02:00" testType="13cdc9d9-ddb5-4fa4-a97d-d965ccfc6d4b" outcome="Passed" testListId="8c84fa94-04c1-424b-9868-57a2d4851a1d" relativeResultsDirectory="48c6806d-c7fb-4963-97e6-e38c1c610fd8" />
    <UnitTestResult executionId="524a74e7-55b9-4e0d-b319-5bb87e999d95" testId="dbf509ab-0907-74d2-a29d-eacd243610ae" testName="Update_NullName_ThrowsConditionalErrorException" computerName="ICSWS068" duration="00:00:00.3286714" startTime="2016-08-04T10:19:30.5398754+02:00" endTime="2016-08-04T10:19:30.8696566+02:00" testType="13cdc9d9-ddb5-4fa4-a97d-d965ccfc6d4b" outcome="Passed" testListId="8c84fa94-04c1-424b-9868-57a2d4851a1d" relativeResultsDirectory="524a74e7-55b9-4e0d-b319-5bb87e999d95" />
    <UnitTestResult executionId="e4b75e2f-fa7a-4d0f-abd7-0428ef304066" testId="ea6fc3cd-d794-3012-4a24-ad85d1a8c482" testName="Update_EmtpyName_ThrowsStringLengthErrorException" computerName="ICSWS068" duration="00:00:00.3310787" startTime="2016-08-04T10:19:30.8726592+02:00" endTime="2016-08-04T10:19:31.2051623+02:00" testType="13cdc9d9-ddb5-4fa4-a97d-d965ccfc6d4b" outcome="Passed" testListId="8c84fa94-04c1-424b-9868-57a2d4851a1d" relativeResultsDirectory="e4b75e2f-fa7a-4d0f-abd7-0428ef304066" />
    <UnitTestResult executionId="ca4a4647-5bdc-436a-85af-152bd0be4ee3" testId="27cd9546-210f-59b8-1dc7-13f0ab87e874" testName="Update_WhitespaceOnlyName_ThrowsStringLengthErrorException" computerName="ICSWS068" duration="00:00:00.3299538" startTime="2016-08-04T10:19:31.2081643+02:00" endTime="2016-08-04T10:19:31.5397734+02:00" testType="13cdc9d9-ddb5-4fa4-a97d-d965ccfc6d4b" outcome="Passed" testListId="8c84fa94-04c1-424b-9868-57a2d4851a1d" relativeResultsDirectory="ca4a4647-5bdc-436a-85af-152bd0be4ee3" />
    <UnitTestResult executionId="d2a68c02-6d18-422f-b022-2511995b3637" testId="44a10e14-5e01-1056-e0d2-ace84858109c" testName="Update_TooLongName_ThrowsStringLengthErrorException" computerName="ICSWS068" duration="00:00:00.3396498" startTime="2016-08-04T10:19:31.5417900+02:00" endTime="2016-08-04T10:19:31.8841927+02:00" testType="13cdc9d9-ddb5-4fa4-a97d-d965ccfc6d4b" outcome="Passed" testListId="8c84fa94-04c1-424b-9868-57a2d4851a1d" relativeResultsDirectory="d2a68c02-6d18-422f-b022-2511995b3637" />
    <UnitTestResult executionId="10a11805-877d-4866-9af6-17c396e13a48" testId="fc394f36-8e4e-f195-840a-3b47bdbcdc90" testName="Update_LongDescription_Succeeds" computerName="ICSWS068" duration="00:00:00.3377504" startTime="2016-08-04T10:19:31.8872018+02:00" endTime="2016-08-04T10:19:32.2266913+02:00" testType="13cdc9d9-ddb5-4fa4-a97d-d965ccfc6d4b" outcome="Passed" testListId="8c84fa94-04c1-424b-9868-57a2d4851a1d" relativeResultsDirectory="10a11805-877d-4866-9af6-17c396e13a48" />
    <UnitTestResult executionId="371ac9f2-8f1f-4405-b38d-719830ecdece" testId="0d66ff25-8878-a1a7-246a-7899a2a513f8" testName="Update_DuplicateName_ThrowsUniqueValueAddConflictException" computerName="ICSWS068" duration="00:00:00.3578895" startTime="2016-08-04T10:19:32.2331968+02:00" endTime="2016-08-04T10:19:32.5929942+02:00" testType="13cdc9d9-ddb5-4fa4-a97d-d965ccfc6d4b" outcome="Passed" testListId="8c84fa94-04c1-424b-9868-57a2d4851a1d" relativeResultsDirectory="371ac9f2-8f1f-4405-b38d-719830ecdece" />
    <UnitTestResult executionId="e108c5da-3a37-4a72-82b7-9adfff89ad12" testId="7c7d6967-7b4a-4acf-48c9-23e15b184ca1" testName="Update_ComplexProperties_ArePersistedCorrectly" computerName="ICSWS068" duration="00:00:00.3759759" startTime="2016-08-04T10:19:32.5959964+02:00" endTime="2016-08-04T10:19:32.9739569+02:00" testType="13cdc9d9-ddb5-4fa4-a97d-d965ccfc6d4b" outcome="Passed" testListId="8c84fa94-04c1-424b-9868-57a2d4851a1d" relativeResultsDirectory="e108c5da-3a37-4a72-82b7-9adfff89ad12" />
    <UnitTestResult executionId="08943123-cba4-439d-bd47-5861fc806b07" testId="c7501fe3-852a-0822-2623-684bd2980fe8" testName="Update_SingleMatchEventWithDuplicateSelectionProperties_ThrowsUniqueValueAddConflictErrorException" computerName="ICSWS068" duration="00:00:00.3509193" startTime="2016-08-04T10:19:32.9769592+02:00" endTime="2016-08-04T10:19:33.3292447+02:00" testType="13cdc9d9-ddb5-4fa4-a97d-d965ccfc6d4b" outcome="Passed" testListId="8c84fa94-04c1-424b-9868-57a2d4851a1d" relativeResultsDirectory="08943123-cba4-439d-bd47-5861fc806b07" />
    <UnitTestResult executionId="7b0ac3dc-b793-41e4-8cd8-48c964d7a76d" testId="f549e438-a40c-6682-cba7-d1a131bd86e2" testName="Update_AllMatchEventWithDuplicateSelectionProperties_Succeeds" computerName="ICSWS068" duration="00:00:00.3354249" startTime="2016-08-04T10:19:33.3327470+02:00" endTime="2016-08-04T10:19:33.6697770+02:00" testType="13cdc9d9-ddb5-4fa4-a97d-d965ccfc6d4b" outcome="Passed" testListId="8c84fa94-04c1-424b-9868-57a2d4851a1d" relativeResultsDirectory="7b0ac3dc-b793-41e4-8cd8-48c964d7a76d" />
    <UnitTestResult executionId="5bea9207-4141-4e39-b419-33ac3ee7fb2e" testId="c2d54e1c-e2aa-2b8a-9d9c-d993452b14a3" testName="RepositoryEntityTypeId_ReturnsComponentConfiguration" computerName="ICSWS068" duration="00:00:00.3286342" startTime="2016-08-04T10:19:33.6722799+02:00" endTime="2016-08-04T10:19:34.0019878+02:00" testType="13cdc9d9-ddb5-4fa4-a97d-d965ccfc6d4b" outcome="Passed" testListId="8c84fa94-04c1-424b-9868-57a2d4851a1d" relativeResultsDirectory="5bea9207-4141-4e39-b419-33ac3ee7fb2e" />
    <UnitTestResult executionId="29ee6aba-4455-4c62-ac25-1de1f23704d2" testId="a9bc3a82-6270-e010-5971-ce2fc233204b" testName="RepositoryEntityType_ReturnsIComponentConfiguration" computerName="ICSWS068" duration="00:00:00.3272392" startTime="2016-08-04T10:19:34.0055168+02:00" endTime="2016-08-04T10:19:34.3339226+02:00" testType="13cdc9d9-ddb5-4fa4-a97d-d965ccfc6d4b" outcome="Passed" testListId="8c84fa94-04c1-424b-9868-57a2d4851a1d" relativeResultsDirectory="29ee6aba-4455-4c62-ac25-1de1f23704d2" />
    <UnitTestResult executionId="dfde4041-fdbd-475b-b5c2-ac6e2cbd4fb3" testId="114a5f61-327d-5958-6e74-21d4e1dac82b" testName="RepositorySystemContext_MatchesActualSystemContext" computerName="ICSWS068" duration="00:00:00.3323722" startTime="2016-08-04T10:19:34.3369264+02:00" endTime="2016-08-04T10:19:34.6708365+02:00" testType="13cdc9d9-ddb5-4fa4-a97d-d965ccfc6d4b" outcome="Passed" testListId="8c84fa94-04c1-424b-9868-57a2d4851a1d" relativeResultsDirectory="dfde4041-fdbd-475b-b5c2-ac6e2cbd4fb3" />
    <UnitTestResult executionId="84af456d-44b3-4517-a774-4811bafb31d5" testId="6f27a1e1-3c2c-4599-8fab-f6c20240f34f" testName="Exists_KnownComponentId_ReturnsTrue (Data Row 0)" computerName="ICSWS068" duration="00:00:00.3347748" startTime="2016-08-04T08:19:34.6804305+02:00" endTime="2016-08-04T08:19:35.0151280+02:00" testType="13cdc9d9-ddb5-4fa4-a97d-d965ccfc6d4b" outcome="Passed" testListId="8c84fa94-04c1-424b-9868-57a2d4851a1d" relativeResultsDirectory="84af456d-44b3-4517-a774-4811bafb31d5" />
    <UnitTestResult executionId="b810429c-3b3f-40bc-9eae-e12628b4f32a" testId="e727fe38-04b7-4975-8761-ce04a03b565f" testName="Exists_KnownComponentId_ReturnsTrue (Data Row 1)" computerName="ICSWS068" duration="00:00:00.3247695" startTime="2016-08-04T08:19:35.0151280+02:00" endTime="2016-08-04T08:19:35.3399061+02:00" testType="13cdc9d9-ddb5-4fa4-a97d-d965ccfc6d4b" outcome="Passed" testListId="8c84fa94-04c1-424b-9868-57a2d4851a1d" relativeResultsDirectory="b810429c-3b3f-40bc-9eae-e12628b4f32a" />
    <UnitTestResult executionId="15e9f90d-3c03-4bc0-86be-120d2b07c62a" testId="a15dcecd-a7c6-4792-8aac-33a87012dbd8" testName="Exists_KnownComponentId_ReturnsTrue (Data Row 2)" computerName="ICSWS068" duration="00:00:00.3326408" startTime="2016-08-04T08:19:35.3399061+02:00" endTime="2016-08-04T08:19:35.6727365+02:00" testType="13cdc9d9-ddb5-4fa4-a97d-d965ccfc6d4b" outcome="Passed" testListId="8c84fa94-04c1-424b-9868-57a2d4851a1d" relativeResultsDirectory="15e9f90d-3c03-4bc0-86be-120d2b07c62a" />
    <UnitTestResult executionId="fea6ea11-715f-437f-b534-910008f78ff8" testId="5ac59f26-1e49-2c63-c77f-57e1fe75f3ac" testName="Exists_NonExistingComponentConfigurationId_ReturnsFalse" computerName="ICSWS068" duration="00:00:00.3539908" startTime="2016-08-04T10:19:35.6762385+02:00" endTime="2016-08-04T10:19:36.0318201+02:00" testType="13cdc9d9-ddb5-4fa4-a97d-d965ccfc6d4b" outcome="Passed" testListId="8c84fa94-04c1-424b-9868-57a2d4851a1d" relativeResultsDirectory="fea6ea11-715f-437f-b534-910008f78ff8" />
    <UnitTestResult executionId="1d0883f0-dce6-4516-875c-bea73773a316" testId="5d1500d8-a384-3c48-5747-602e982d4ca7" testName="Exists_UnsupportedKey_ThrowsArgumentException" computerName="ICSWS068" duration="00:00:00.3285339" startTime="2016-08-04T10:19:36.0346227+02:00" endTime="2016-08-04T10:19:36.3647925+02:00" testType="13cdc9d9-ddb5-4fa4-a97d-d965ccfc6d4b" outcome="Passed" testListId="8c84fa94-04c1-424b-9868-57a2d4851a1d" relativeResultsDirectory="1d0883f0-dce6-4516-875c-bea73773a316" />
    <UnitTestResult executionId="3df31d8c-42f1-4776-bf17-691b0b6a342d" testId="f0ad2314-11ac-4f14-9628-003cf38415b1" testName="Exists_KnownComponentKey_ReturnsTrue (Data Row 0)" computerName="ICSWS068" duration="00:00:00.3271022" startTime="2016-08-04T08:19:36.3697959+02:00" endTime="2016-08-04T08:19:36.6971141+02:00" testType="13cdc9d9-ddb5-4fa4-a97d-d965ccfc6d4b" outcome="Passed" testListId="8c84fa94-04c1-424b-9868-57a2d4851a1d" relativeResultsDirectory="3df31d8c-42f1-4776-bf17-691b0b6a342d" />
    <UnitTestResult executionId="46120818-5578-491e-bd40-05e114cf78e6" testId="527fefc1-b5aa-4209-854c-3634cf1613cd" testName="Exists_KnownComponentKey_ReturnsTrue (Data Row 1)" computerName="ICSWS068" duration="00:00:00.3261826" startTime="2016-08-04T08:19:36.6971141+02:00" endTime="2016-08-04T08:19:37.0235522+02:00" testType="13cdc9d9-ddb5-4fa4-a97d-d965ccfc6d4b" outcome="Passed" testListId="8c84fa94-04c1-424b-9868-57a2d4851a1d" relativeResultsDirectory="46120818-5578-491e-bd40-05e114cf78e6" />
    <UnitTestResult executionId="dd3f5b55-e994-4634-bb2a-cdfed8f0a059" testId="fb964eef-3ebe-437e-9e3b-1b2b3c245ade" testName="Exists_KnownComponentKey_ReturnsTrue (Data Row 2)" computerName="ICSWS068" duration="00:00:00.3712590" startTime="2016-08-04T08:19:37.0235522+02:00" endTime="2016-08-04T08:19:37.3948858+02:00" testType="13cdc9d9-ddb5-4fa4-a97d-d965ccfc6d4b" outcome="Passed" testListId="8c84fa94-04c1-424b-9868-57a2d4851a1d" relativeResultsDirectory="dd3f5b55-e994-4634-bb2a-cdfed8f0a059" />
    <UnitTestResult executionId="f16ab6c4-d4c5-4562-88f1-fe0e9eb0e196" testId="72f3ba71-8155-2ac7-0110-c5d07c3a0159" testName="Exists_NonExistingComponentConfigurationKey_ReturnsFalse" computerName="ICSWS068" duration="00:00:00.3333684" startTime="2016-08-04T10:19:37.3983884+02:00" endTime="2016-08-04T10:19:37.7330973+02:00" testType="13cdc9d9-ddb5-4fa4-a97d-d965ccfc6d4b" outcome="Passed" testListId="8c84fa94-04c1-424b-9868-57a2d4851a1d" relativeResultsDirectory="f16ab6c4-d4c5-4562-88f1-fe0e9eb0e196" />
    <UnitTestResult executionId="ce511267-eb69-4365-9792-dbe3c6ec1d1c" testId="30560003-9566-3106-e804-874afa878658" testName="CreateInstance_CreatesNewComponentConfiguration" computerName="ICSWS068" duration="00:00:00.3516146" startTime="2016-08-04T10:19:37.7361017+02:00" endTime="2016-08-04T10:19:38.0887763+02:00" testType="13cdc9d9-ddb5-4fa4-a97d-d965ccfc6d4b" outcome="Passed" testListId="8c84fa94-04c1-424b-9868-57a2d4851a1d" relativeResultsDirectory="ce511267-eb69-4365-9792-dbe3c6ec1d1c" />
    <UnitTestResult executionId="e4e9771e-389c-4c86-824a-a983e7d7c9b2" testId="8035d035-11ba-413d-bf31-1c166b755b02" testName="List_ContainsEachKnownComponentOnce (Data Row 0)" computerName="ICSWS068" duration="00:00:00.3641597" startTime="2016-08-04T08:19:38.0942390+02:00" endTime="2016-08-04T08:19:38.4584305+02:00" testType="13cdc9d9-ddb5-4fa4-a97d-d965ccfc6d4b" outcome="Passed" testListId="8c84fa94-04c1-424b-9868-57a2d4851a1d" relativeResultsDirectory="e4e9771e-389c-4c86-824a-a983e7d7c9b2" />
    <UnitTestResult executionId="a6da6f48-63ce-4326-b467-df2c0d1d299d" testId="92b0f4d0-bad8-43dc-a09c-a79ed564cee5" testName="List_ContainsEachKnownComponentOnce (Data Row 1)" computerName="ICSWS068" duration="00:00:00.3412705" startTime="2016-08-04T08:19:38.4584305+02:00" endTime="2016-08-04T08:19:38.7996986+02:00" testType="13cdc9d9-ddb5-4fa4-a97d-d965ccfc6d4b" outcome="Passed" testListId="8c84fa94-04c1-424b-9868-57a2d4851a1d" relativeResultsDirectory="a6da6f48-63ce-4326-b467-df2c0d1d299d" />
    <UnitTestResult executionId="6fde8a23-8e90-4ed0-9318-434cb4da3b9f" testId="683a2f32-03ff-4f60-ab1f-bde99f08fc3e" testName="List_ContainsEachKnownComponentOnce (Data Row 2)" computerName="ICSWS068" duration="00:00:00.3300315" startTime="2016-08-04T08:19:38.7996986+02:00" endTime="2016-08-04T08:19:39.1298478+02:00" testType="13cdc9d9-ddb5-4fa4-a97d-d965ccfc6d4b" outcome="Passed" testListId="8c84fa94-04c1-424b-9868-57a2d4851a1d" relativeResultsDirectory="6fde8a23-8e90-4ed0-9318-434cb4da3b9f" />
    <UnitTestResult executionId="f5c1f437-3068-41e7-b8c2-dbcf287dbe67" testId="846dd08a-0d8b-afa1-5880-e9666d1952d0" testName="List_ShouldSetSystemContextCorrectly" computerName="ICSWS068" duration="00:00:00.3331414" startTime="2016-08-04T10:19:39.1338354+02:00" endTime="2016-08-04T10:19:39.4684183+02:00" testType="13cdc9d9-ddb5-4fa4-a97d-d965ccfc6d4b" outcome="Passed" testListId="8c84fa94-04c1-424b-9868-57a2d4851a1d" relativeResultsDirectory="f5c1f437-3068-41e7-b8c2-dbcf287dbe67" />
    <UnitTestResult executionId="45b2c97c-e719-4008-a323-3f758258f481" testId="00bb2241-e791-41c7-be10-0be89f78e40b" testName="GetByName_NullName_ThrowsArgumentNullException" computerName="ICSWS068" duration="00:00:00.3295940" startTime="2016-08-04T10:19:39.4709344+02:00" endTime="2016-08-04T10:19:39.8021730+02:00" testType="13cdc9d9-ddb5-4fa4-a97d-d965ccfc6d4b" outcome="Passed" testListId="8c84fa94-04c1-424b-9868-57a2d4851a1d" relativeResultsDirectory="45b2c97c-e719-4008-a323-3f758258f481" />
    <UnitTestResult executionId="9d31413e-4bbd-4da7-9de1-075a9d12f9db" testId="294324a5-2082-c1b9-dcf0-7e0fa8044559" testName="GetByName_NonExistingName_ThrowsEntityNotFoundException" computerName="ICSWS068" duration="00:00:00.3683306" startTime="2016-08-04T10:19:39.8051756+02:00" endTime="2016-08-04T10:19:40.1747784+02:00" testType="13cdc9d9-ddb5-4fa4-a97d-d965ccfc6d4b" outcome="Passed" testListId="8c84fa94-04c1-424b-9868-57a2d4851a1d" relativeResultsDirectory="9d31413e-4bbd-4da7-9de1-075a9d12f9db" />
    <UnitTestResult executionId="a473c315-e429-4bb6-abfd-f0c77b6d118c" testId="bc981ee0-433d-471d-9c36-089065a4fee0" testName="GetByName_KnownComponentName_ReturnsCorrectId (Data Row 0)" computerName="ICSWS068" duration="00:00:00.3316807" startTime="2016-08-04T08:19:40.1819290+02:00" endTime="2016-08-04T08:19:40.5136586+02:00" testType="13cdc9d9-ddb5-4fa4-a97d-d965ccfc6d4b" outcome="Passed" testListId="8c84fa94-04c1-424b-9868-57a2d4851a1d" relativeResultsDirectory="a473c315-e429-4bb6-abfd-f0c77b6d118c" />
    <UnitTestResult executionId="8c0c42ce-6cbf-4100-9764-a9dd1408618c" testId="ca63fb9e-cd4d-4807-b15b-9402461febbd" testName="GetByName_KnownComponentName_ReturnsCorrectId (Data Row 1)" computerName="ICSWS068" duration="00:00:00.3202361" startTime="2016-08-04T08:19:40.5136586+02:00" endTime="2016-08-04T08:19:40.8340229+02:00" testType="13cdc9d9-ddb5-4fa4-a97d-d965ccfc6d4b" outcome="Passed" testListId="8c84fa94-04c1-424b-9868-57a2d4851a1d" relativeResultsDirectory="8c0c42ce-6cbf-4100-9764-a9dd1408618c" />
    <UnitTestResult executionId="1f2f9494-e44d-4a87-9bb0-60076e009771" testId="73872033-5d71-4e3b-8445-16c3d1dbe152" testName="GetByName_KnownComponentName_ReturnsCorrectId (Data Row 2)" computerName="ICSWS068" duration="00:00:00.3299778" startTime="2016-08-04T08:19:40.8340229+02:00" endTime="2016-08-04T08:19:41.1643692+02:00" testType="13cdc9d9-ddb5-4fa4-a97d-d965ccfc6d4b" outcome="Passed" testListId="8c84fa94-04c1-424b-9868-57a2d4851a1d" relativeResultsDirectory="1f2f9494-e44d-4a87-9bb0-60076e009771" />
    <UnitTestResult executionId="0012e985-5a15-40e0-baa9-0f7ab8108458" testId="095b6e4f-5e17-34d6-1156-af6a9d7affb5" testName="GetIdByName_NonExistingName_ThrowsEntityNotFoundException" computerName="ICSWS068" duration="00:00:00.3743111" startTime="2016-08-04T10:19:41.1678539+02:00" endTime="2016-08-04T10:19:41.5438654+02:00" testType="13cdc9d9-ddb5-4fa4-a97d-d965ccfc6d4b" outcome="Passed" testListId="8c84fa94-04c1-424b-9868-57a2d4851a1d" relativeResultsDirectory="0012e985-5a15-40e0-baa9-0f7ab8108458" />
    <UnitTestResult executionId="833dc2f7-4e83-49fb-9622-39534eca039d" testId="523a0110-e924-4302-a4db-0bbecfa921f0" testName="GetIdByName_KnownComponentName_ReturnsCorrectId (Data Row 0)" computerName="ICSWS068" duration="00:00:00.3208373" startTime="2016-08-04T08:19:41.5493697+02:00" endTime="2016-08-04T08:19:41.8701155+02:00" testType="13cdc9d9-ddb5-4fa4-a97d-d965ccfc6d4b" outcome="Passed" testListId="8c84fa94-04c1-424b-9868-57a2d4851a1d" relativeResultsDirectory="833dc2f7-4e83-49fb-9622-39534eca039d" />
    <UnitTestResult executionId="9ed7ed89-146d-4914-a243-af087570b24b" testId="8b790cfd-daec-4892-800c-9d6e76713b3a" testName="GetIdByName_KnownComponentName_ReturnsCorrectId (Data Row 1)" computerName="ICSWS068" duration="00:00:00.3261463" startTime="2016-08-04T08:19:41.8701155+02:00" endTime="2016-08-04T08:19:42.1965203+02:00" testType="13cdc9d9-ddb5-4fa4-a97d-d965ccfc6d4b" outcome="Passed" testListId="8c84fa94-04c1-424b-9868-57a2d4851a1d" relativeResultsDirectory="9ed7ed89-146d-4914-a243-af087570b24b" />
    <UnitTestResult executionId="8b1ff320-24b9-46f3-942c-58454380b9cb" testId="c241ce7c-ce26-4e14-bfa6-b579f6af8616" testName="GetIdByName_KnownComponentName_ReturnsCorrectId (Data Row 2)" computerName="ICSWS068" duration="00:00:00.3278163" startTime="2016-08-04T08:19:42.1965203+02:00" endTime="2016-08-04T08:19:42.5242308+02:00" testType="13cdc9d9-ddb5-4fa4-a97d-d965ccfc6d4b" outcome="Passed" testListId="8c84fa94-04c1-424b-9868-57a2d4851a1d" relativeResultsDirectory="8b1ff320-24b9-46f3-942c-58454380b9cb" />
    <UnitTestResult executionId="4e68f396-342d-412e-a81c-b6b2eb285b3e" testId="9568e25f-a876-d699-e544-ab5843951f17" testName="GetNameById_NonExistingId_ThrowsEntityNotFoundException" computerName="ICSWS068" duration="00:00:00.3837575" startTime="2016-08-04T10:19:42.5277343+02:00" endTime="2016-08-04T10:19:42.9127415+02:00" testType="13cdc9d9-ddb5-4fa4-a97d-d965ccfc6d4b" outcome="Passed" testListId="8c84fa94-04c1-424b-9868-57a2d4851a1d" relativeResultsDirectory="4e68f396-342d-412e-a81c-b6b2eb285b3e" />
    <UnitTestResult executionId="65368375-32a2-438c-82cc-9392431dee79" testId="883928a4-8a95-4b32-acb7-b57a0c04c9df" testName="GetNameById_KnownComponentId_ReturnsCorrectName (Data Row 0)" computerName="ICSWS068" duration="00:00:00.3364284" startTime="2016-08-04T08:19:42.9177467+02:00" endTime="2016-08-04T08:19:43.2543360+02:00" testType="13cdc9d9-ddb5-4fa4-a97d-d965ccfc6d4b" outcome="Passed" testListId="8c84fa94-04c1-424b-9868-57a2d4851a1d" relativeResultsDirectory="65368375-32a2-438c-82cc-9392431dee79" />
    <UnitTestResult executionId="11aa1e91-1b8e-4283-8fbf-2509585b470f" testId="35c32f05-70f0-43ee-ae4b-dc6af429cd49" testName="GetNameById_KnownComponentId_ReturnsCorrectName (Data Row 1)" computerName="ICSWS068" duration="00:00:00.3625733" startTime="2016-08-04T08:19:43.2543360+02:00" endTime="2016-08-04T08:19:43.6168286+02:00" testType="13cdc9d9-ddb5-4fa4-a97d-d965ccfc6d4b" outcome="Passed" testListId="8c84fa94-04c1-424b-9868-57a2d4851a1d" relativeResultsDirectory="11aa1e91-1b8e-4283-8fbf-2509585b470f" />
    <UnitTestResult executionId="4c7c824d-70e4-4db4-ad04-5964a379ede8" testId="0248ef49-66af-4b69-9ef4-b1a46c3c27f0" testName="GetNameById_KnownComponentId_ReturnsCorrectName (Data Row 2)" computerName="ICSWS068" duration="00:00:00.3464613" startTime="2016-08-04T08:19:43.6168286+02:00" endTime="2016-08-04T08:19:43.9635368+02:00" testType="13cdc9d9-ddb5-4fa4-a97d-d965ccfc6d4b" outcome="Passed" testListId="8c84fa94-04c1-424b-9868-57a2d4851a1d" relativeResultsDirectory="4c7c824d-70e4-4db4-ad04-5964a379ede8" />
    <UnitTestResult executionId="9c6fd7a2-4636-4526-96cc-428ae01bbe3b" testId="dfa4076f-5da1-ba27-33a1-b1288b53092b" testName="GetById_NewGuid_ThrowsEntityNotFoundException" computerName="ICSWS068" duration="00:00:00.3454004" startTime="2016-08-04T10:19:43.9670391+02:00" endTime="2016-08-04T10:19:44.3140010+02:00" testType="13cdc9d9-ddb5-4fa4-a97d-d965ccfc6d4b" outcome="Passed" testListId="8c84fa94-04c1-424b-9868-57a2d4851a1d" relativeResultsDirectory="9c6fd7a2-4636-4526-96cc-428ae01bbe3b" />
    <UnitTestResult executionId="9e9dab16-5c82-44ed-93f2-22a52073307e" testId="80d9b44e-b57c-4b1f-9d30-3bf103697e55" testName="GetById_KnownComponentId_ReturnsEntityWithCorrectProperties (Data Row 0)" computerName="ICSWS068" duration="00:00:00.3691772" startTime="2016-08-04T08:19:44.3195041+02:00" endTime="2016-08-04T08:19:44.6889007+02:00" testType="13cdc9d9-ddb5-4fa4-a97d-d965ccfc6d4b" outcome="Passed" testListId="8c84fa94-04c1-424b-9868-57a2d4851a1d" relativeResultsDirectory="9e9dab16-5c82-44ed-93f2-22a52073307e" />
    <UnitTestResult executionId="850297db-2b15-4759-b136-8b8d426b73f5" testId="76e7c590-3909-4666-a011-90a3d3591beb" testName="GetById_KnownComponentId_ReturnsEntityWithCorrectProperties (Data Row 1)" computerName="ICSWS068" duration="00:00:00.3682291" startTime="2016-08-04T08:19:44.6889007+02:00" endTime="2016-08-04T08:19:45.0568256+02:00" testType="13cdc9d9-ddb5-4fa4-a97d-d965ccfc6d4b" outcome="Passed" testListId="8c84fa94-04c1-424b-9868-57a2d4851a1d" relativeResultsDirectory="850297db-2b15-4759-b136-8b8d426b73f5" />
    <UnitTestResult executionId="c4cfc7f0-2b84-4b1f-9418-a8ec6c71cfaf" testId="bba65084-2bbe-4fe7-957d-a07d1f24d44c" testName="GetById_KnownComponentId_ReturnsEntityWithCorrectProperties (Data Row 2)" computerName="ICSWS068" duration="00:00:00.3431503" startTime="2016-08-04T08:19:45.0568256+02:00" endTime="2016-08-04T08:19:45.4001839+02:00" testType="13cdc9d9-ddb5-4fa4-a97d-d965ccfc6d4b" outcome="Passed" testListId="8c84fa94-04c1-424b-9868-57a2d4851a1d" relativeResultsDirectory="c4cfc7f0-2b84-4b1f-9418-a8ec6c71cfaf" />
    <UnitTestResult executionId="355c2909-e6ad-46c4-8fce-1424a148bc6c" testId="e690a9c4-2fcf-8cc4-028f-3323d30778f2" testName="TryGetById_NewGuid_ReturnsNull" computerName="ICSWS068" duration="00:00:00.3717801" startTime="2016-08-04T10:19:45.4039557+02:00" endTime="2016-08-04T10:19:45.7773696+02:00" testType="13cdc9d9-ddb5-4fa4-a97d-d965ccfc6d4b" outcome="Passed" testListId="8c84fa94-04c1-424b-9868-57a2d4851a1d" relativeResultsDirectory="355c2909-e6ad-46c4-8fce-1424a148bc6c" />
    <UnitTestResult executionId="f4a1d85a-246b-4774-8079-b47606722d8a" testId="9b453094-3943-4589-a92b-12fff3421a22" testName="TryGetById_KnownComponentId_ReturnsEntityWithCorrectProperties (Data Row 0)" computerName="ICSWS068" duration="00:00:00.3943608" startTime="2016-08-04T08:19:45.7828733+02:00" endTime="2016-08-04T08:19:46.1771666+02:00" testType="13cdc9d9-ddb5-4fa4-a97d-d965ccfc6d4b" outcome="Passed" testListId="8c84fa94-04c1-424b-9868-57a2d4851a1d" relativeResultsDirectory="f4a1d85a-246b-4774-8079-b47606722d8a" />
    <UnitTestResult executionId="96f99a88-911c-4711-a33c-f1b6d34e959c" testId="bef76dd9-3c16-4e5d-bdf8-d7004f8712a2" testName="TryGetById_KnownComponentId_ReturnsEntityWithCorrectProperties (Data Row 1)" computerName="ICSWS068" duration="00:00:00.3335915" startTime="2016-08-04T08:19:46.1771666+02:00" endTime="2016-08-04T08:19:46.5108085+02:00" testType="13cdc9d9-ddb5-4fa4-a97d-d965ccfc6d4b" outcome="Passed" testListId="8c84fa94-04c1-424b-9868-57a2d4851a1d" relativeResultsDirectory="96f99a88-911c-4711-a33c-f1b6d34e959c" />
    <UnitTestResult executionId="dbf8cccf-cd81-46a3-b0df-7771356324e9" testId="06cc2171-ad44-430d-957d-36490f55f169" testName="TryGetById_KnownComponentId_ReturnsEntityWithCorrectProperties (Data Row 2)" computerName="ICSWS068" duration="00:00:00.3247296" startTime="2016-08-04T08:19:46.5108085+02:00" endTime="2016-08-04T08:19:46.8357050+02:00" testType="13cdc9d9-ddb5-4fa4-a97d-d965ccfc6d4b" outcome="Passed" testListId="8c84fa94-04c1-424b-9868-57a2d4851a1d" relativeResultsDirectory="dbf8cccf-cd81-46a3-b0df-7771356324e9" />
    <UnitTestResult executionId="1f030395-37b7-46b3-82ee-85d6a5184eb5" testId="fdd3b3f8-35bc-5541-f230-6af12868f306" testName="GetByKey_NewGuid_ThrowsEntityNotFoundException" computerName="ICSWS068" duration="00:00:00.3525923" startTime="2016-08-04T10:19:46.8397249+02:00" endTime="2016-08-04T10:19:47.1942819+02:00" testType="13cdc9d9-ddb5-4fa4-a97d-d965ccfc6d4b" outcome="Passed" testListId="8c84fa94-04c1-424b-9868-57a2d4851a1d" relativeResultsDirectory="1f030395-37b7-46b3-82ee-85d6a5184eb5" />
    <UnitTestResult executionId="71b5b0a9-12ea-4770-bc2a-9801016cdbc8" testId="b91e6320-a593-435e-8797-eaef39cee647" testName="GetByKey_KnownComponentKey_ReturnsEntityWithCorrectProperties (Data Row 0)" computerName="ICSWS068" duration="00:00:00.3461528" startTime="2016-08-04T08:19:47.1992856+02:00" endTime="2016-08-04T08:19:47.5455489+02:00" testType="13cdc9d9-ddb5-4fa4-a97d-d965ccfc6d4b" outcome="Passed" testListId="8c84fa94-04c1-424b-9868-57a2d4851a1d" relativeResultsDirectory="71b5b0a9-12ea-4770-bc2a-9801016cdbc8" />
    <UnitTestResult executionId="6c6658d9-24b2-4689-8c12-1bdbc5db1e6e" testId="c0b9344e-ad59-4a14-8cb2-35f1970acaf3" testName="GetByKey_KnownComponentKey_ReturnsEntityWithCorrectProperties (Data Row 1)" computerName="ICSWS068" duration="00:00:00.3359507" startTime="2016-08-04T08:19:47.5455489+02:00" endTime="2016-08-04T08:19:47.8817036+02:00" testType="13cdc9d9-ddb5-4fa4-a97d-d965ccfc6d4b" outcome="Passed" testListId="8c84fa94-04c1-424b-9868-57a2d4851a1d" relativeResultsDirectory="6c6658d9-24b2-4689-8c12-1bdbc5db1e6e" />
    <UnitTestResult executionId="d9d53f16-4721-426c-a4f0-4fc71156f99b" testId="6b920165-6ea0-444c-8c49-5a1ba7fa1e42" testName="GetByKey_KnownComponentKey_ReturnsEntityWithCorrectProperties (Data Row 2)" computerName="ICSWS068" duration="00:00:00.3724112" startTime="2016-08-04T08:19:47.8817036+02:00" endTime="2016-08-04T08:19:48.2540102+02:00" testType="13cdc9d9-ddb5-4fa4-a97d-d965ccfc6d4b" outcome="Passed" testListId="8c84fa94-04c1-424b-9868-57a2d4851a1d" relativeResultsDirectory="d9d53f16-4721-426c-a4f0-4fc71156f99b" />
    <UnitTestResult executionId="c222b3b2-e51a-406f-8f10-21dfa9707c53" testId="7366c2ca-f1ee-0431-b6a2-24e6a898f67f" testName="GetByKey_UnsupportedKey_ThrowsArgumentException" computerName="ICSWS068" duration="00:00:00.3536679" startTime="2016-08-04T10:19:48.2590136+02:00" endTime="2016-08-04T10:19:48.6144161+02:00" testType="13cdc9d9-ddb5-4fa4-a97d-d965ccfc6d4b" outcome="Passed" testListId="8c84fa94-04c1-424b-9868-57a2d4851a1d" relativeResultsDirectory="c222b3b2-e51a-406f-8f10-21dfa9707c53" />
    <UnitTestResult executionId="f2f5c981-d7b7-4367-bd9f-210c37ca20ef" testId="604d6e66-4f50-eeaf-c91c-00618cdd4be9" testName="Add_NullName_ThrowsConditionalErrorException" computerName="ICSWS068" duration="00:00:00.3331863" startTime="2016-08-04T10:19:48.6174184+02:00" endTime="2016-08-04T10:19:48.9518573+02:00" testType="13cdc9d9-ddb5-4fa4-a97d-d965ccfc6d4b" outcome="Passed" testListId="8c84fa94-04c1-424b-9868-57a2d4851a1d" relativeResultsDirectory="f2f5c981-d7b7-4367-bd9f-210c37ca20ef" />
    <UnitTestResult executionId="97d6888f-4fab-4aae-adc2-2a16fa2e7040" testId="b441a0ff-cc3e-d765-9f9f-45b774c13534" testName="Add_EmptyName_ThrowsStringLengthErrorException" computerName="ICSWS068" duration="00:00:00.3511618" startTime="2016-08-04T10:19:48.9547490+02:00" endTime="2016-08-04T10:19:49.3074503+02:00" testType="13cdc9d9-ddb5-4fa4-a97d-d965ccfc6d4b" outcome="Passed" testListId="8c84fa94-04c1-424b-9868-57a2d4851a1d" relativeResultsDirectory="97d6888f-4fab-4aae-adc2-2a16fa2e7040" />
    <UnitTestResult executionId="0f994b80-7c0c-45cf-8342-773e9935ed58" testId="1d255d32-6b6e-b100-4063-1c61d5abb39e" testName="Add_WhiteSpaceOnlyName_ThrowsStringLengthErrorException" computerName="ICSWS068" duration="00:00:00.3344921" startTime="2016-08-04T10:19:49.3104529+02:00" endTime="2016-08-04T10:19:49.6460994+02:00" testType="13cdc9d9-ddb5-4fa4-a97d-d965ccfc6d4b" outcome="Passed" testListId="8c84fa94-04c1-424b-9868-57a2d4851a1d" relativeResultsDirectory="0f994b80-7c0c-45cf-8342-773e9935ed58" />
    <UnitTestResult executionId="b9b4bc5b-df4b-41f7-a8dd-44c14969eec2" testId="f68e0df1-a29c-8086-d693-bc4391100e64" testName="Add_TooLongName_ThrowsStringLengthErrorException" computerName="ICSWS068" duration="00:00:00.3262457" startTime="2016-08-04T10:19:49.6490867+02:00" endTime="2016-08-04T10:19:49.9767859+02:00" testType="13cdc9d9-ddb5-4fa4-a97d-d965ccfc6d4b" outcome="Passed" testListId="8c84fa94-04c1-424b-9868-57a2d4851a1d" relativeResultsDirectory="b9b4bc5b-df4b-41f7-a8dd-44c14969eec2" />
    <UnitTestResult executionId="fa5f77b9-0b86-4854-8c78-e10a770918a1" testId="8447594b-3610-7622-4414-6ab8f73c1c84" testName="Add_LongDescription_ThrowsStringLengthErrorException" computerName="ICSWS068" duration="00:00:00.3361970" startTime="2016-08-04T10:19:49.9792864+02:00" endTime="2016-08-04T10:19:50.3168554+02:00" testType="13cdc9d9-ddb5-4fa4-a97d-d965ccfc6d4b" outcome="Passed" testListId="8c84fa94-04c1-424b-9868-57a2d4851a1d" relativeResultsDirectory="fa5f77b9-0b86-4854-8c78-e10a770918a1" />
    <UnitTestResult executionId="536dc3c5-e4e1-4788-90a5-5da5c5218893" testId="2014bc56-360b-950c-eb68-907c75c1d77b" testName="Add_ValidProperties_PropertiesAndTimesAreUpdatedCorrectly" computerName="ICSWS068" duration="00:00:00.4114038" startTime="2016-08-04T10:19:50.3198580+02:00" endTime="2016-08-04T10:19:50.7318050+02:00" testType="13cdc9d9-ddb5-4fa4-a97d-d965ccfc6d4b" outcome="Passed" testListId="8c84fa94-04c1-424b-9868-57a2d4851a1d" relativeResultsDirectory="536dc3c5-e4e1-4788-90a5-5da5c5218893" />
    <UnitTestResult executionId="92462ba8-7bbd-4ead-90a7-3b3194feaec3" testId="25e53356-18af-1edd-1483-1da7f106419f" testName="Add_ValidPropertiesWithNullExpressLookupId_PropertiesAndTimesAreUpdatedCorrectly" computerName="ICSWS068" duration="00:00:00.3437898" startTime="2016-08-04T10:19:50.7355554+02:00" endTime="2016-08-04T10:19:51.0806601+02:00" testType="13cdc9d9-ddb5-4fa4-a97d-d965ccfc6d4b" outcome="Passed" testListId="8c84fa94-04c1-424b-9868-57a2d4851a1d" relativeResultsDirectory="92462ba8-7bbd-4ead-90a7-3b3194feaec3" />
    <UnitTestResult executionId="16c95a3f-0050-4c50-a3df-734c7207b88e" testId="9cc66408-aa4e-777c-b436-61b820ad0bed" testName="Add_DuplicateName_ThrowsUniqueValueAddConflictException" computerName="ICSWS068" duration="00:00:00.3332892" startTime="2016-08-04T10:19:51.0836623+02:00" endTime="2016-08-04T10:19:51.4187176+02:00" testType="13cdc9d9-ddb5-4fa4-a97d-d965ccfc6d4b" outcome="Passed" testListId="8c84fa94-04c1-424b-9868-57a2d4851a1d" relativeResultsDirectory="16c95a3f-0050-4c50-a3df-734c7207b88e" />
    <UnitTestResult executionId="59ebda25-3883-4bff-a17b-01fc0eb704b0" testId="4b0c4959-93be-06b5-4c3d-04c3fb8388e6" testName="Add_TooLongInitParam_ThrowsStringLengthError" computerName="ICSWS068" duration="00:00:00.3299286" startTime="2016-08-04T10:19:51.4212197+02:00" endTime="2016-08-04T10:19:51.7528829+02:00" testType="13cdc9d9-ddb5-4fa4-a97d-d965ccfc6d4b" outcome="Passed" testListId="8c84fa94-04c1-424b-9868-57a2d4851a1d" relativeResultsDirectory="59ebda25-3883-4bff-a17b-01fc0eb704b0" />
    <UnitTestResult executionId="559ce384-ad48-4e5e-b146-61c700d1b1c8" testId="252bef3d-38e4-e012-24a5-d764f66ce942" testName="Add_NegativeMaxConcurrent_ThrowsValueOutOfRangeErrorException" computerName="ICSWS068" duration="00:00:00.3373378" startTime="2016-08-04T10:19:51.7558849+02:00" endTime="2016-08-04T10:19:52.0941921+02:00" testType="13cdc9d9-ddb5-4fa4-a97d-d965ccfc6d4b" outcome="Passed" testListId="8c84fa94-04c1-424b-9868-57a2d4851a1d" relativeResultsDirectory="559ce384-ad48-4e5e-b146-61c700d1b1c8" />
    <UnitTestResult executionId="263347d2-6bd3-4d28-941a-9c2c7d011950" testId="2c88f810-dfef-a49a-0828-5abb98dd2e37" testName="Add_NegativeRestartDelayTime_ThrowsValueOutOfRangeErrorException" computerName="ICSWS068" duration="00:00:00.3715625" startTime="2016-08-04T10:19:52.0981938+02:00" endTime="2016-08-04T10:19:52.4716505+02:00" testType="13cdc9d9-ddb5-4fa4-a97d-d965ccfc6d4b" outcome="Passed" testListId="8c84fa94-04c1-424b-9868-57a2d4851a1d" relativeResultsDirectory="263347d2-6bd3-4d28-941a-9c2c7d011950" />
    <UnitTestResult executionId="52de8ebd-6492-4658-9eed-a85acb033724" testId="486340e0-57d2-18b0-f701-7eaeabf1d2ea" testName="Update_NullName_ThrowsConditionalErrorException" computerName="ICSWS068" duration="00:00:00.3500671" startTime="2016-08-04T10:19:52.4751519+02:00" endTime="2016-08-04T10:19:52.8274506+02:00" testType="13cdc9d9-ddb5-4fa4-a97d-d965ccfc6d4b" outcome="Passed" testListId="8c84fa94-04c1-424b-9868-57a2d4851a1d" relativeResultsDirectory="52de8ebd-6492-4658-9eed-a85acb033724" />
    <UnitTestResult executionId="bb2f2c00-d57d-4d76-8096-186e8586faeb" testId="ad4ddfe5-78ca-ee38-1a0b-a75cf339b6f3" testName="Update_EmptyName_ThrowsStringLengthErrorException" computerName="ICSWS068" duration="00:00:00.3578704" startTime="2016-08-04T10:19:52.8304538+02:00" endTime="2016-08-04T10:19:53.1901339+02:00" testType="13cdc9d9-ddb5-4fa4-a97d-d965ccfc6d4b" outcome="Passed" testListId="8c84fa94-04c1-424b-9868-57a2d4851a1d" relativeResultsDirectory="bb2f2c00-d57d-4d76-8096-186e8586faeb" />
    <UnitTestResult executionId="f4de0b1a-7425-4cb9-9e6c-7d3a0b779070" testId="8f13a6ce-1126-5318-6277-ddad8cd44709" testName="Update_WhiteSpaceOnlyName_ThrowsStringLengthErrorException" computerName="ICSWS068" duration="00:00:00.3466590" startTime="2016-08-04T10:19:53.1931364+02:00" endTime="2016-08-04T10:19:53.5419742+02:00" testType="13cdc9d9-ddb5-4fa4-a97d-d965ccfc6d4b" outcome="Passed" testListId="8c84fa94-04c1-424b-9868-57a2d4851a1d" relativeResultsDirectory="f4de0b1a-7425-4cb9-9e6c-7d3a0b779070" />
    <UnitTestResult executionId="7df8410b-4b50-498e-99b8-4e1053da92c6" testId="06213074-5f15-9f71-a8b1-0e3f58333a8f" testName="Update_TooLongName_ThrowsStringLengthErrorException" computerName="ICSWS068" duration="00:00:00.4037902" startTime="2016-08-04T10:19:53.5454768+02:00" endTime="2016-08-04T10:19:53.9506162+02:00" testType="13cdc9d9-ddb5-4fa4-a97d-d965ccfc6d4b" outcome="Passed" testListId="8c84fa94-04c1-424b-9868-57a2d4851a1d" relativeResultsDirectory="7df8410b-4b50-498e-99b8-4e1053da92c6" />
    <UnitTestResult executionId="78bebf9d-f7dd-488e-9f73-82a51451c52b" testId="382379ec-c934-6b5a-eefd-d130bc8eafc9" testName="Update_LongDescription_Succeeds" computerName="ICSWS068" duration="00:00:00.3523242" startTime="2016-08-04T10:19:53.9546396+02:00" endTime="2016-08-04T10:19:54.3084635+02:00" testType="13cdc9d9-ddb5-4fa4-a97d-d965ccfc6d4b" outcome="Passed" testListId="8c84fa94-04c1-424b-9868-57a2d4851a1d" relativeResultsDirectory="78bebf9d-f7dd-488e-9f73-82a51451c52b" />
    <UnitTestResult executionId="6041f595-3658-4bc9-9762-98175d6980ca" testId="565fd67a-b8df-cc0f-eb64-d6180950a31e" testName="Update_DuplicateName_ThrowsUniqueValueAddConflictException" computerName="ICSWS068" duration="00:00:00.3442772" startTime="2016-08-04T10:19:54.3114667+02:00" endTime="2016-08-04T10:19:54.6574570+02:00" testType="13cdc9d9-ddb5-4fa4-a97d-d965ccfc6d4b" outcome="Passed" testListId="8c84fa94-04c1-424b-9868-57a2d4851a1d" relativeResultsDirectory="6041f595-3658-4bc9-9762-98175d6980ca" />
    <UnitTestResult executionId="080be64d-5a94-4dac-bc6a-8b648e345624" testId="ece2f032-85b8-3441-aa8c-570d4be33ffe" testName="Update_ValidProperties_PropertiesAndTimesAreUpdatedCorrectly" computerName="ICSWS068" duration="00:00:00.3411477" startTime="2016-08-04T10:19:54.6604584+02:00" endTime="2016-08-04T10:19:55.0035549+02:00" testType="13cdc9d9-ddb5-4fa4-a97d-d965ccfc6d4b" outcome="Passed" testListId="8c84fa94-04c1-424b-9868-57a2d4851a1d" relativeResultsDirectory="080be64d-5a94-4dac-bc6a-8b648e345624" />
    <UnitTestResult executionId="fa54ad65-b35f-4d28-9492-1ea3c025c17a" testId="e4dd5cc6-7802-d98c-ab9f-bbf7602b6c04" testName="Update_ValidPropertiesWithExpressLookupIdNull_PropertiesAndTimesAreUpdatedCorrectly" computerName="ICSWS068" duration="00:00:00.3515137" startTime="2016-08-04T10:19:55.0065578+02:00" endTime="2016-08-04T10:19:55.3590272+02:00" testType="13cdc9d9-ddb5-4fa4-a97d-d965ccfc6d4b" outcome="Passed" testListId="8c84fa94-04c1-424b-9868-57a2d4851a1d" relativeResultsDirectory="fa54ad65-b35f-4d28-9492-1ea3c025c17a" />
    <UnitTestResult executionId="f91aa55d-ef8e-4faf-b585-89593eac4633" testId="08851839-8a81-cef6-bb0b-74cb777eec2f" testName="Update_TooLongInitParam_ThrowsStringLengthError" computerName="ICSWS068" duration="00:00:00.3427353" startTime="2016-08-04T10:19:55.3630289+02:00" endTime="2016-08-04T10:19:55.7075066+02:00" testType="13cdc9d9-ddb5-4fa4-a97d-d965ccfc6d4b" outcome="Passed" testListId="8c84fa94-04c1-424b-9868-57a2d4851a1d" relativeResultsDirectory="f91aa55d-ef8e-4faf-b585-89593eac4633" />
    <UnitTestResult executionId="37f84bb0-052a-4e22-9cff-38a12ba28bbc" testId="ddbebcf8-ac95-e782-9c6b-10c390bcc3e2" testName="Update_NegativeMaxConcurrent_ThrowsValueOutOfRangeErrorException" computerName="ICSWS068" duration="00:00:00.3637970" startTime="2016-08-04T10:19:55.7105174+02:00" endTime="2016-08-04T10:19:56.0765833+02:00" testType="13cdc9d9-ddb5-4fa4-a97d-d965ccfc6d4b" outcome="Passed" testListId="8c84fa94-04c1-424b-9868-57a2d4851a1d" relativeResultsDirectory="37f84bb0-052a-4e22-9cff-38a12ba28bbc" />
    <UnitTestResult executionId="b84693a0-322a-4de7-ba82-0cee0dea2991" testId="cd800f9a-755c-ca92-f749-273efb302403" testName="Update_NegativeRestartDelayTime_ThrowsValueOutOfRangeErrorException" computerName="ICSWS068" duration="00:00:00.3772266" startTime="2016-08-04T10:19:56.0795856+02:00" endTime="2016-08-04T10:19:56.4588566+02:00" testType="13cdc9d9-ddb5-4fa4-a97d-d965ccfc6d4b" outcome="Passed" testListId="8c84fa94-04c1-424b-9868-57a2d4851a1d" relativeResultsDirectory="b84693a0-322a-4de7-ba82-0cee0dea2991" />
    <UnitTestResult executionId="c729809e-25bf-44f2-85c6-b55c320c3333" testId="2a341307-2af3-f8cf-376a-ac92f03992df" testName="Update_UnchangedName_Succeeds" computerName="ICSWS068" duration="00:00:00.4165031" startTime="2016-08-04T10:19:56.4628594+02:00" endTime="2016-08-04T10:19:56.8808376+02:00" testType="13cdc9d9-ddb5-4fa4-a97d-d965ccfc6d4b" outcome="Passed" testListId="8c84fa94-04c1-424b-9868-57a2d4851a1d" relativeResultsDirectory="c729809e-25bf-44f2-85c6-b55c320c3333" />
    <UnitTestResult executionId="bd87a8d7-dcee-4209-96ed-4c5181ec51eb" testId="03837349-39f0-14f5-22d5-8c9b78531b96" testName="Delete_UnusedComponentConfiguration_SuccessfullyDeletesComponentConfiguration" computerName="ICSWS068" duration="00:00:00.3613777" startTime="2016-08-04T10:19:56.8843402+02:00" endTime="2016-08-04T10:19:57.2472933+02:00" testType="13cdc9d9-ddb5-4fa4-a97d-d965ccfc6d4b" outcome="Passed" testListId="8c84fa94-04c1-424b-9868-57a2d4851a1d" relativeResultsDirectory="bd87a8d7-dcee-4209-96ed-4c5181ec51eb" />
    <UnitTestResult executionId="cb7c13cc-8f07-46bb-abbe-2e4fe3d4e6e4" testId="75cdc96e-c98c-dc2f-a4aa-f25d2fb75fe9" testName="Delete_NonDeletableComponentConfiguration_Throws" computerName="ICSWS068" duration="00:00:00.3348073" startTime="2016-08-04T10:19:57.2502962+02:00" endTime="2016-08-04T10:19:57.5864060+02:00" testType="13cdc9d9-ddb5-4fa4-a97d-d965ccfc6d4b" outcome="Passed" testListId="8c84fa94-04c1-424b-9868-57a2d4851a1d" relativeResultsDirectory="cb7c13cc-8f07-46bb-abbe-2e4fe3d4e6e4" />
    <UnitTestResult executionId="38c93b14-c44c-420a-901e-fcf46a73de04" testId="ae05526f-23bc-5f87-b05a-a69507d45d3b" testName="Delete_WithCascade_DispatchedJobExist_ThrowsEntityDependencyException" computerName="ICSWS068" duration="00:00:00.3700294" startTime="2016-08-04T10:19:57.5894083+02:00" endTime="2016-08-04T10:19:57.9608553+02:00" testType="13cdc9d9-ddb5-4fa4-a97d-d965ccfc6d4b" outcome="Passed" testListId="8c84fa94-04c1-424b-9868-57a2d4851a1d" relativeResultsDirectory="38c93b14-c44c-420a-901e-fcf46a73de04" />
    <UnitTestResult executionId="c4ebaed3-8f3d-4caa-ab56-21aee78ad662" testId="d8e69c15-4ed3-738e-d1e9-93575173a635" testName="Delete_WithCascade_StartPendingJobExist_ThrowsEntityDependencyException" computerName="ICSWS068" duration="00:00:00.3565192" startTime="2016-08-04T10:19:57.9643371+02:00" endTime="2016-08-04T10:19:58.3220515+02:00" testType="13cdc9d9-ddb5-4fa4-a97d-d965ccfc6d4b" outcome="Passed" testListId="8c84fa94-04c1-424b-9868-57a2d4851a1d" relativeResultsDirectory="c4ebaed3-8f3d-4caa-ab56-21aee78ad662" />
    <UnitTestResult executionId="d03a9188-f20d-4b99-a9c7-844804a6c0ea" testId="eba3c3a6-4f85-13dd-0e35-b53c10ab0a1e" testName="Delete_WithCascade_FinishedJobExist_Succeeds" computerName="ICSWS068" duration="00:00:00.3688957" startTime="2016-08-04T10:19:58.3250527+02:00" endTime="2016-08-04T10:19:58.6952423+02:00" testType="13cdc9d9-ddb5-4fa4-a97d-d965ccfc6d4b" outcome="Passed" testListId="8c84fa94-04c1-424b-9868-57a2d4851a1d" relativeResultsDirectory="d03a9188-f20d-4b99-a9c7-844804a6c0ea" />
    <UnitTestResult executionId="4c6c2311-426d-4aaf-aee2-fd26ff7b9ab2" testId="b2b429a6-ea8c-f2c1-a97c-fc8ae2326857" testName="Delete_WithCascade_EventHandlerAndFinishedJobsExist_Succeeds" computerName="ICSWS068" duration="00:00:00.4227211" startTime="2016-08-04T10:19:58.6982434+02:00" endTime="2016-08-04T10:19:59.1228092+02:00" testType="13cdc9d9-ddb5-4fa4-a97d-d965ccfc6d4b" outcome="Passed" testListId="8c84fa94-04c1-424b-9868-57a2d4851a1d" relativeResultsDirectory="4c6c2311-426d-4aaf-aee2-fd26ff7b9ab2" />
    <UnitTestResult executionId="2e3fca46-8901-4d27-b905-251dae71c4e0" testId="380ccfc1-2c99-0f96-58fe-5bb859092720" testName="RepositoryEntityTypeId_ReturnsNodeTypeVersion" computerName="ICSWS068" duration="00:00:00.3630331" startTime="2016-08-04T10:19:59.1258112+02:00" endTime="2016-08-04T10:19:59.4900458+02:00" testType="13cdc9d9-ddb5-4fa4-a97d-d965ccfc6d4b" outcome="Passed" testListId="8c84fa94-04c1-424b-9868-57a2d4851a1d" relativeResultsDirectory="2e3fca46-8901-4d27-b905-251dae71c4e0" />
    <UnitTestResult executionId="7189aae9-91b4-406c-a858-b9d19e26d9bd" testId="ea969617-a214-a9b2-3ee2-1e2b11ab7fd9" testName="RepositoryEntityType_ReturnsINodeTypeVersion" computerName="ICSWS068" duration="00:00:00.3651166" startTime="2016-08-04T10:19:59.4930475+02:00" endTime="2016-08-04T10:19:59.8593225+02:00" testType="13cdc9d9-ddb5-4fa4-a97d-d965ccfc6d4b" outcome="Passed" testListId="8c84fa94-04c1-424b-9868-57a2d4851a1d" relativeResultsDirectory="7189aae9-91b4-406c-a858-b9d19e26d9bd" />
    <UnitTestResult executionId="49e812c7-02fa-46e5-b9e1-20a2ac4dd194" testId="ef92680b-8a42-f804-af11-8ac5116fd3a4" testName="RepositorySystemContext_MatchesActualSystemContext" computerName="ICSWS068" duration="00:00:00.3553734" startTime="2016-08-04T10:19:59.8623251+02:00" endTime="2016-08-04T10:20:00.2196351+02:00" testType="13cdc9d9-ddb5-4fa4-a97d-d965ccfc6d4b" outcome="Passed" testListId="8c84fa94-04c1-424b-9868-57a2d4851a1d" relativeResultsDirectory="49e812c7-02fa-46e5-b9e1-20a2ac4dd194" />
    <UnitTestResult executionId="63457032-072c-44fa-94db-cc9ebc114e8d" testId="d6160c8b-d9f8-0157-5002-b0f933f00ae2" testName="Exists_NodeTypeKey_ThrowsArgumentException" computerName="ICSWS068" duration="00:00:00.3358979" startTime="2016-08-04T10:20:00.2226362+02:00" endTime="2016-08-04T10:20:00.5600490+02:00" testType="13cdc9d9-ddb5-4fa4-a97d-d965ccfc6d4b" outcome="Passed" testListId="8c84fa94-04c1-424b-9868-57a2d4851a1d" relativeResultsDirectory="63457032-072c-44fa-94db-cc9ebc114e8d" />
    <UnitTestResult executionId="3718c703-8e5d-4f1a-a4ad-dea7ec0d22d4" testId="7577b4b6-3925-44de-8960-d9c2d3b9ada1" testName="Exists_KnownNodeTypeVersionKey_ReturnsTrue (Data Row 0)" computerName="ICSWS068" duration="00:00:00.3295239" startTime="2016-08-04T08:20:00.5690544+02:00" endTime="2016-08-04T08:20:00.8993567+02:00" testType="13cdc9d9-ddb5-4fa4-a97d-d965ccfc6d4b" outcome="Passed" testListId="8c84fa94-04c1-424b-9868-57a2d4851a1d" relativeResultsDirectory="3718c703-8e5d-4f1a-a4ad-dea7ec0d22d4" />
    <UnitTestResult executionId="917c5025-665a-4273-83c0-83e6c791dd8f" testId="2a3507b0-2100-4d28-b0d5-6491d1863341" testName="Exists_KnownNodeTypeVersionKey_ReturnsTrue (Data Row 1)" computerName="ICSWS068" duration="00:00:00.3282917" startTime="2016-08-04T08:20:00.8993567+02:00" endTime="2016-08-04T08:20:01.2274969+02:00" testType="13cdc9d9-ddb5-4fa4-a97d-d965ccfc6d4b" outcome="Passed" testListId="8c84fa94-04c1-424b-9868-57a2d4851a1d" relativeResultsDirectory="917c5025-665a-4273-83c0-83e6c791dd8f" />
    <UnitTestResult executionId="fec44f5f-ff02-4df7-bf7a-5399c92a39e9" testId="40ff3422-f15d-4b30-b9f8-47ece9429478" testName="Exists_KnownNodeTypeVersionKey_ReturnsTrue (Data Row 2)" computerName="ICSWS068" duration="00:00:00.3505079" startTime="2016-08-04T08:20:01.2274969+02:00" endTime="2016-08-04T08:20:01.5781369+02:00" testType="13cdc9d9-ddb5-4fa4-a97d-d965ccfc6d4b" outcome="Passed" testListId="8c84fa94-04c1-424b-9868-57a2d4851a1d" relativeResultsDirectory="fec44f5f-ff02-4df7-bf7a-5399c92a39e9" />
    <UnitTestResult executionId="a5bf6b46-6976-4c4a-91a5-5429bc592b01" testId="bde6143d-32f0-4361-9596-8a49800d0e86" testName="Exists_KnownNodeTypeVersionKey_ReturnsTrue (Data Row 3)" computerName="ICSWS068" duration="00:00:00.3806989" startTime="2016-08-04T08:20:01.5781369+02:00" endTime="2016-08-04T08:20:01.9580616+02:00" testType="13cdc9d9-ddb5-4fa4-a97d-d965ccfc6d4b" outcome="Passed" testListId="8c84fa94-04c1-424b-9868-57a2d4851a1d" relativeResultsDirectory="a5bf6b46-6976-4c4a-91a5-5429bc592b01" />
    <UnitTestResult executionId="d23b2873-418f-42bf-8c71-c2d7542ebca1" testId="802577ba-f482-49ab-821d-66166f7ddc6a" testName="Exists_KnownNodeTypeVersionKey_ReturnsTrue (Data Row 4)" computerName="ICSWS068" duration="00:00:00.3364073" startTime="2016-08-04T08:20:01.9580616+02:00" endTime="2016-08-04T08:20:02.2950986+02:00" testType="13cdc9d9-ddb5-4fa4-a97d-d965ccfc6d4b" outcome="Passed" testListId="8c84fa94-04c1-424b-9868-57a2d4851a1d" relativeResultsDirectory="d23b2873-418f-42bf-8c71-c2d7542ebca1" />
    <UnitTestResult executionId="483adf0c-6365-4fa1-8c25-730f67cac762" testId="963fa6af-e46b-4556-afcb-87ac430f31a2" testName="Exists_NonExistingNodeTypeVersionKey_ReturnsFalse" computerName="ICSWS068" duration="00:00:00.3541658" startTime="2016-08-04T10:20:02.2981015+02:00" endTime="2016-08-04T10:20:02.6546743+02:00" testType="13cdc9d9-ddb5-4fa4-a97d-d965ccfc6d4b" outcome="Passed" testListId="8c84fa94-04c1-424b-9868-57a2d4851a1d" relativeResultsDirectory="483adf0c-6365-4fa1-8c25-730f67cac762" />
    <UnitTestResult executionId="565c5f15-d173-45a1-bbd5-ccc826f2378c" testId="844a832b-1f9e-f2c4-8d2f-9d05f292af16" testName="CreateInstance_CreatesNewNodeTypeVersion" computerName="ICSWS068" duration="00:00:00.3701534" startTime="2016-08-04T10:20:02.6576755+02:00" endTime="2016-08-04T10:20:03.0294926+02:00" testType="13cdc9d9-ddb5-4fa4-a97d-d965ccfc6d4b" outcome="Passed" testListId="8c84fa94-04c1-424b-9868-57a2d4851a1d" relativeResultsDirectory="565c5f15-d173-45a1-bbd5-ccc826f2378c" />
    <UnitTestResult executionId="68b92d60-2588-442a-9747-1a1690950319" testId="6edc386b-d2ee-4bd1-952f-ad10509f7fec" testName="List_ContainsEachKnownNodeTypeVersionOnce (Data Row 0)" computerName="ICSWS068" duration="00:00:00.3360639" startTime="2016-08-04T08:20:03.0344954+02:00" endTime="2016-08-04T08:20:03.3707674+02:00" testType="13cdc9d9-ddb5-4fa4-a97d-d965ccfc6d4b" outcome="Passed" testListId="8c84fa94-04c1-424b-9868-57a2d4851a1d" relativeResultsDirectory="68b92d60-2588-442a-9747-1a1690950319" />
    <UnitTestResult executionId="88721d88-e527-490b-91bf-9eee5cd799eb" testId="51ab218a-d2c2-4065-84e7-3ffcbf0cca08" testName="List_ContainsEachKnownNodeTypeVersionOnce (Data Row 1)" computerName="ICSWS068" duration="00:00:00.3190599" startTime="2016-08-04T08:20:03.3707674+02:00" endTime="2016-08-04T08:20:03.6895201+02:00" testType="13cdc9d9-ddb5-4fa4-a97d-d965ccfc6d4b" outcome="Passed" testListId="8c84fa94-04c1-424b-9868-57a2d4851a1d" relativeResultsDirectory="88721d88-e527-490b-91bf-9eee5cd799eb" />
    <UnitTestResult executionId="890118ba-c9b3-47bd-94be-a9b9d02170f1" testId="75c95302-4bce-449d-bd1e-e2a7306c1495" testName="List_ContainsEachKnownNodeTypeVersionOnce (Data Row 2)" computerName="ICSWS068" duration="00:00:00.3213097" startTime="2016-08-04T08:20:03.6895201+02:00" endTime="2016-08-04T08:20:04.0108739+02:00" testType="13cdc9d9-ddb5-4fa4-a97d-d965ccfc6d4b" outcome="Passed" testListId="8c84fa94-04c1-424b-9868-57a2d4851a1d" relativeResultsDirectory="890118ba-c9b3-47bd-94be-a9b9d02170f1" />
    <UnitTestResult executionId="a425abe5-ad20-4b0f-9a84-90d0cbf63677" testId="29738b56-147b-41c6-8f6a-c9ef42fd3285" testName="List_ContainsEachKnownNodeTypeVersionOnce (Data Row 3)" computerName="ICSWS068" duration="00:00:00.3211138" startTime="2016-08-04T08:20:04.0108739+02:00" endTime="2016-08-04T08:20:04.3327373+02:00" testType="13cdc9d9-ddb5-4fa4-a97d-d965ccfc6d4b" outcome="Passed" testListId="8c84fa94-04c1-424b-9868-57a2d4851a1d" relativeResultsDirectory="a425abe5-ad20-4b0f-9a84-90d0cbf63677" />
    <UnitTestResult executionId="f4fb93c0-d276-4b28-b656-001d9120e9a7" testId="7336516a-bfbf-4382-ab12-6b67ba30f761" testName="List_ContainsEachKnownNodeTypeVersionOnce (Data Row 4)" computerName="ICSWS068" duration="00:00:00.3164438" startTime="2016-08-04T08:20:04.3327373+02:00" endTime="2016-08-04T08:20:04.6486618+02:00" testType="13cdc9d9-ddb5-4fa4-a97d-d965ccfc6d4b" outcome="Passed" testListId="8c84fa94-04c1-424b-9868-57a2d4851a1d" relativeResultsDirectory="f4fb93c0-d276-4b28-b656-001d9120e9a7" />
    <UnitTestResult executionId="2acd61c3-18b4-43e5-9368-0c421c651621" testId="5ab1cc2d-5f56-b709-9d87-04d5041ff39f" testName="List_ShouldSetSystemContextCorrectly" computerName="ICSWS068" duration="00:00:00.3270263" startTime="2016-08-04T10:20:04.6526468+02:00" endTime="2016-08-04T10:20:04.9809512+02:00" testType="13cdc9d9-ddb5-4fa4-a97d-d965ccfc6d4b" outcome="Passed" testListId="8c84fa94-04c1-424b-9868-57a2d4851a1d" relativeResultsDirectory="2acd61c3-18b4-43e5-9368-0c421c651621" />
    <UnitTestResult executionId="cfbd0c06-f153-455b-a692-54ebc0416a90" testId="185cbff5-708d-91a5-459f-71fbfbe49b4b" testName="GetById_NewGuid_ThrowsEntityNotFoundException" computerName="ICSWS068" duration="00:00:00.3373076" startTime="2016-08-04T10:20:04.9849541+02:00" endTime="2016-08-04T10:20:05.3247433+02:00" testType="13cdc9d9-ddb5-4fa4-a97d-d965ccfc6d4b" outcome="Passed" testListId="8c84fa94-04c1-424b-9868-57a2d4851a1d" relativeResultsDirectory="cfbd0c06-f153-455b-a692-54ebc0416a90" />
    <UnitTestResult executionId="800f5f54-8c46-4d81-b4f0-38f6519ff6f9" testId="70cbeb02-93e5-4120-86b9-63ee73a02cc2" testName="GetById_KnownNodeTypeVersionId_ReturnsEntityWithCorrectProperties (Data Row 0)" computerName="ICSWS068" duration="00:00:00.3241000" startTime="2016-08-04T08:20:05.3297456+02:00" endTime="2016-08-04T08:20:05.6536776+02:00" testType="13cdc9d9-ddb5-4fa4-a97d-d965ccfc6d4b" outcome="Passed" testListId="8c84fa94-04c1-424b-9868-57a2d4851a1d" relativeResultsDirectory="800f5f54-8c46-4d81-b4f0-38f6519ff6f9" />
    <UnitTestResult executionId="0c0d9620-d3dc-49c6-972c-a6898b89e2ec" testId="41af28f9-7463-4040-a9a5-8eaf1ea3227c" testName="GetById_KnownNodeTypeVersionId_ReturnsEntityWithCorrectProperties (Data Row 1)" computerName="ICSWS068" duration="00:00:00.3650011" startTime="2016-08-04T08:20:05.6536776+02:00" endTime="2016-08-04T08:20:06.0185740+02:00" testType="13cdc9d9-ddb5-4fa4-a97d-d965ccfc6d4b" outcome="Passed" testListId="8c84fa94-04c1-424b-9868-57a2d4851a1d" relativeResultsDirectory="0c0d9620-d3dc-49c6-972c-a6898b89e2ec" />
    <UnitTestResult executionId="3b8646b9-3be3-4a5f-aec5-0a5fad6859c4" testId="a0df0c1e-6b81-4914-9d2e-087aee95c1f1" testName="GetById_KnownNodeTypeVersionId_ReturnsEntityWithCorrectProperties (Data Row 2)" computerName="ICSWS068" duration="00:00:00.3630436" startTime="2016-08-04T08:20:06.0185740+02:00" endTime="2016-08-04T08:20:06.3819904+02:00" testType="13cdc9d9-ddb5-4fa4-a97d-d965ccfc6d4b" outcome="Passed" testListId="8c84fa94-04c1-424b-9868-57a2d4851a1d" relativeResultsDirectory="3b8646b9-3be3-4a5f-aec5-0a5fad6859c4" />
    <UnitTestResult executionId="17a86121-027c-4cdc-9d57-f76ddd37f1a2" testId="52060845-c994-4a66-a900-5a3528415641" testName="GetById_KnownNodeTypeVersionId_ReturnsEntityWithCorrectProperties (Data Row 3)" computerName="ICSWS068" duration="00:00:00.3488531" startTime="2016-08-04T08:20:06.3819904+02:00" endTime="2016-08-04T08:20:06.7308701+02:00" testType="13cdc9d9-ddb5-4fa4-a97d-d965ccfc6d4b" outcome="Passed" testListId="8c84fa94-04c1-424b-9868-57a2d4851a1d" relativeResultsDirectory="17a86121-027c-4cdc-9d57-f76ddd37f1a2" />
    <UnitTestResult executionId="6ddfaa71-a04f-4351-b925-a75c60423afa" testId="e17f3963-c98f-4088-a783-594db9cf9801" testName="GetById_KnownNodeTypeVersionId_ReturnsEntityWithCorrectProperties (Data Row 4)" computerName="ICSWS068" duration="00:00:00.3703106" startTime="2016-08-04T08:20:06.7308701+02:00" endTime="2016-08-04T08:20:07.1006536+02:00" testType="13cdc9d9-ddb5-4fa4-a97d-d965ccfc6d4b" outcome="Passed" testListId="8c84fa94-04c1-424b-9868-57a2d4851a1d" relativeResultsDirectory="6ddfaa71-a04f-4351-b925-a75c60423afa" />
    <UnitTestResult executionId="493101ab-dd05-444d-a11a-aa0b51818e52" testId="1a48a66d-7533-ae46-4240-324ddf732fdb" testName="TryGetById_NewGuid_ReturnsNull" computerName="ICSWS068" duration="00:00:00.3292057" startTime="2016-08-04T10:20:07.1056576+02:00" endTime="2016-08-04T10:20:07.4374270+02:00" testType="13cdc9d9-ddb5-4fa4-a97d-d965ccfc6d4b" outcome="Passed" testListId="8c84fa94-04c1-424b-9868-57a2d4851a1d" relativeResultsDirectory="493101ab-dd05-444d-a11a-aa0b51818e52" />
    <UnitTestResult executionId="d2561e50-7149-4aeb-abd1-38321e85d372" testId="480b80a8-e8ff-4808-acf9-44460d1ee277" testName="TryGetById_KnownNodeTypeVersionId_ReturnsEntityWithCorrectProperties (Data Row 0)" computerName="ICSWS068" duration="00:00:00.3444693" startTime="2016-08-04T08:20:07.4419331+02:00" endTime="2016-08-04T08:20:07.7861920+02:00" testType="13cdc9d9-ddb5-4fa4-a97d-d965ccfc6d4b" outcome="Passed" testListId="8c84fa94-04c1-424b-9868-57a2d4851a1d" relativeResultsDirectory="d2561e50-7149-4aeb-abd1-38321e85d372" />
    <UnitTestResult executionId="388d311d-6016-4b2f-bad9-ec6face11c34" testId="b2971798-287d-4da7-8651-51229cf4ba5f" testName="TryGetById_KnownNodeTypeVersionId_ReturnsEntityWithCorrectProperties (Data Row 1)" computerName="ICSWS068" duration="00:00:00.3259823" startTime="2016-08-04T08:20:07.7861920+02:00" endTime="2016-08-04T08:20:08.1124551+02:00" testType="13cdc9d9-ddb5-4fa4-a97d-d965ccfc6d4b" outcome="Passed" testListId="8c84fa94-04c1-424b-9868-57a2d4851a1d" relativeResultsDirectory="388d311d-6016-4b2f-bad9-ec6face11c34" />
    <UnitTestResult executionId="c35c66f7-a0a0-40e4-a723-be2ba93e01bd" testId="3bc89178-8fa3-4c02-aa78-22686064ebc0" testName="TryGetById_KnownNodeTypeVersionId_ReturnsEntityWithCorrectProperties (Data Row 2)" computerName="ICSWS068" duration="00:00:00.3231812" startTime="2016-08-04T08:20:08.1124551+02:00" endTime="2016-08-04T08:20:08.4360842+02:00" testType="13cdc9d9-ddb5-4fa4-a97d-d965ccfc6d4b" outcome="Passed" testListId="8c84fa94-04c1-424b-9868-57a2d4851a1d" relativeResultsDirectory="c35c66f7-a0a0-40e4-a723-be2ba93e01bd" />
    <UnitTestResult executionId="158bf1cb-8609-4bff-b112-b40750e37035" testId="14e8f0cf-93b7-432b-a29d-9503999be3f5" testName="TryGetById_KnownNodeTypeVersionId_ReturnsEntityWithCorrectProperties (Data Row 3)" computerName="ICSWS068" duration="00:00:00.3678772" startTime="2016-08-04T08:20:08.4360842+02:00" endTime="2016-08-04T08:20:08.8038070+02:00" testType="13cdc9d9-ddb5-4fa4-a97d-d965ccfc6d4b" outcome="Passed" testListId="8c84fa94-04c1-424b-9868-57a2d4851a1d" relativeResultsDirectory="158bf1cb-8609-4bff-b112-b40750e37035" />
    <UnitTestResult executionId="436ce6cc-194b-4d34-ad94-d6e748221c7d" testId="5d1ae591-4e75-4439-baa2-17d3da3d3a70" testName="TryGetById_KnownNodeTypeVersionId_ReturnsEntityWithCorrectProperties (Data Row 4)" computerName="ICSWS068" duration="00:00:00.3747557" startTime="2016-08-04T08:20:08.8038070+02:00" endTime="2016-08-04T08:20:09.1787294+02:00" testType="13cdc9d9-ddb5-4fa4-a97d-d965ccfc6d4b" outcome="Passed" testListId="8c84fa94-04c1-424b-9868-57a2d4851a1d" relativeResultsDirectory="436ce6cc-194b-4d34-ad94-d6e748221c7d" />
    <UnitTestResult executionId="143e5dd4-358a-4c22-b79f-d3e909281dbe" testId="56db262c-c1e2-e0bd-c98b-cff2309651cf" testName="GetByName_NullName_ThrowsArgumentNullException" computerName="ICSWS068" duration="00:00:00.3294406" startTime="2016-08-04T10:20:09.1817158+02:00" endTime="2016-08-04T10:20:09.5124650+02:00" testType="13cdc9d9-ddb5-4fa4-a97d-d965ccfc6d4b" outcome="Passed" testListId="8c84fa94-04c1-424b-9868-57a2d4851a1d" relativeResultsDirectory="143e5dd4-358a-4c22-b79f-d3e909281dbe" />
    <UnitTestResult executionId="e17d6f78-acc9-41fa-9e0a-3bb74c7db487" testId="f81a969e-d410-9620-1a3b-24ab271c730f" testName="GetByName_NonExistingName_ThrowsEntityNotFoundException" computerName="ICSWS068" duration="00:00:00.3758199" startTime="2016-08-04T10:20:09.5154688+02:00" endTime="2016-08-04T10:20:09.8928873+02:00" testType="13cdc9d9-ddb5-4fa4-a97d-d965ccfc6d4b" outcome="Passed" testListId="8c84fa94-04c1-424b-9868-57a2d4851a1d" relativeResultsDirectory="e17d6f78-acc9-41fa-9e0a-3bb74c7db487" />
    <UnitTestResult executionId="22f91797-87c5-4af6-aab4-4107dce02037" testId="a24fda83-301a-4806-8a6f-9449d8286157" testName="GetByName_KnownNodeTypeVersionName_ReturnsEntityWithCorrectProperties (Data Row 0)" computerName="ICSWS068" duration="00:00:00.3323828" startTime="2016-08-04T08:20:09.8978910+02:00" endTime="2016-08-04T08:20:10.2304220+02:00" testType="13cdc9d9-ddb5-4fa4-a97d-d965ccfc6d4b" outcome="Passed" testListId="8c84fa94-04c1-424b-9868-57a2d4851a1d" relativeResultsDirectory="22f91797-87c5-4af6-aab4-4107dce02037" />
    <UnitTestResult executionId="45590620-6efe-4eeb-94cb-fc650a40cee1" testId="b33b6504-39f8-4dd9-85f1-b37d38c9aa8c" testName="GetByName_KnownNodeTypeVersionName_ReturnsEntityWithCorrectProperties (Data Row 1)" computerName="ICSWS068" duration="00:00:00.3239677" startTime="2016-08-04T08:20:10.2304220+02:00" endTime="2016-08-04T08:20:10.5541687+02:00" testType="13cdc9d9-ddb5-4fa4-a97d-d965ccfc6d4b" outcome="Passed" testListId="8c84fa94-04c1-424b-9868-57a2d4851a1d" relativeResultsDirectory="45590620-6efe-4eeb-94cb-fc650a40cee1" />
    <UnitTestResult executionId="1350af3a-56e9-45a3-a817-7be5073674f2" testId="689aa4ba-72a2-44d8-8383-27340aa53bb5" testName="GetByName_KnownNodeTypeVersionName_ReturnsEntityWithCorrectProperties (Data Row 2)" computerName="ICSWS068" duration="00:00:00.3294409" startTime="2016-08-04T08:20:10.5541687+02:00" endTime="2016-08-04T08:20:10.8837467+02:00" testType="13cdc9d9-ddb5-4fa4-a97d-d965ccfc6d4b" outcome="Passed" testListId="8c84fa94-04c1-424b-9868-57a2d4851a1d" relativeResultsDirectory="1350af3a-56e9-45a3-a817-7be5073674f2" />
    <UnitTestResult executionId="02aab04f-1a8d-4b18-b9c1-4b1195f44f3d" testId="d538cdc6-d3d6-454a-95ab-787f9e77fb37" testName="GetByName_KnownNodeTypeVersionName_ReturnsEntityWithCorrectProperties (Data Row 3)" computerName="ICSWS068" duration="00:00:00.3279404" startTime="2016-08-04T08:20:10.8837467+02:00" endTime="2016-08-04T08:20:11.2116103+02:00" testType="13cdc9d9-ddb5-4fa4-a97d-d965ccfc6d4b" outcome="Passed" testListId="8c84fa94-04c1-424b-9868-57a2d4851a1d" relativeResultsDirectory="02aab04f-1a8d-4b18-b9c1-4b1195f44f3d" />
    <UnitTestResult executionId="453d25f6-fdf6-4ed3-ac4a-15924ee6f52b" testId="656db21c-feda-4d47-9a17-882d6bf72291" testName="GetByName_KnownNodeTypeVersionName_ReturnsEntityWithCorrectProperties (Data Row 4)" computerName="ICSWS068" duration="00:00:00.3341423" startTime="2016-08-04T08:20:11.2116103+02:00" endTime="2016-08-04T08:20:11.5459741+02:00" testType="13cdc9d9-ddb5-4fa4-a97d-d965ccfc6d4b" outcome="Passed" testListId="8c84fa94-04c1-424b-9868-57a2d4851a1d" relativeResultsDirectory="453d25f6-fdf6-4ed3-ac4a-15924ee6f52b" />
    <UnitTestResult executionId="ce0a6a0b-1905-444b-9e4b-431de99da29c" testId="6a2de5cb-c7f4-dc1f-d75a-0e6030bee195" testName="GetByKey_NewGuid_ThrowsEntityNotFoundException" computerName="ICSWS068" duration="00:00:00.3504697" startTime="2016-08-04T10:20:11.5494606+02:00" endTime="2016-08-04T10:20:11.9016039+02:00" testType="13cdc9d9-ddb5-4fa4-a97d-d965ccfc6d4b" outcome="Passed" testListId="8c84fa94-04c1-424b-9868-57a2d4851a1d" relativeResultsDirectory="ce0a6a0b-1905-444b-9e4b-431de99da29c" />
    <UnitTestResult executionId="a0be036a-dafe-4257-a827-67613803ca78" testId="afdfbcd5-1485-419d-937a-6a306392e26b" testName="GetByKey_KnownNodeTypeVersionKey_ReturnsEntityWithCorrectProperties (Data Row 0)" computerName="ICSWS068" duration="00:00:00.3251413" startTime="2016-08-04T08:20:11.9066088+02:00" endTime="2016-08-04T08:20:12.2318015+02:00" testType="13cdc9d9-ddb5-4fa4-a97d-d965ccfc6d4b" outcome="Passed" testListId="8c84fa94-04c1-424b-9868-57a2d4851a1d" relativeResultsDirectory="a0be036a-dafe-4257-a827-67613803ca78" />
    <UnitTestResult executionId="1c1085b4-dcbc-46ed-a0c5-985ed182e100" testId="479dbfb8-b896-49b1-93c8-4bb91f743956" testName="GetByKey_KnownNodeTypeVersionKey_ReturnsEntityWithCorrectProperties (Data Row 1)" computerName="ICSWS068" duration="00:00:00.3306291" startTime="2016-08-04T08:20:12.2318015+02:00" endTime="2016-08-04T08:20:12.5623090+02:00" testType="13cdc9d9-ddb5-4fa4-a97d-d965ccfc6d4b" outcome="Passed" testListId="8c84fa94-04c1-424b-9868-57a2d4851a1d" relativeResultsDirectory="1c1085b4-dcbc-46ed-a0c5-985ed182e100" />
    <UnitTestResult executionId="d7bd4717-59a5-4a8a-9502-d7c986970159" testId="cf73efa4-209c-43fd-a39d-16109c4cac8c" testName="GetByKey_KnownNodeTypeVersionKey_ReturnsEntityWithCorrectProperties (Data Row 2)" computerName="ICSWS068" duration="00:00:00.3316473" startTime="2016-08-04T08:20:12.5623090+02:00" endTime="2016-08-04T08:20:12.8938102+02:00" testType="13cdc9d9-ddb5-4fa4-a97d-d965ccfc6d4b" outcome="Passed" testListId="8c84fa94-04c1-424b-9868-57a2d4851a1d" relativeResultsDirectory="d7bd4717-59a5-4a8a-9502-d7c986970159" />
    <UnitTestResult executionId="2c97442a-8622-4b9e-8f24-ff72e8071561" testId="4d0fc83a-b5ca-4278-990a-b69bdd5713ba" testName="GetByKey_KnownNodeTypeVersionKey_ReturnsEntityWithCorrectProperties (Data Row 3)" computerName="ICSWS068" duration="00:00:00.3326860" startTime="2016-08-04T08:20:12.8938102+02:00" endTime="2016-08-04T08:20:13.2266983+02:00" testType="13cdc9d9-ddb5-4fa4-a97d-d965ccfc6d4b" outcome="Passed" testListId="8c84fa94-04c1-424b-9868-57a2d4851a1d" relativeResultsDirectory="2c97442a-8622-4b9e-8f24-ff72e8071561" />
    <UnitTestResult executionId="8cf82af4-9489-45d0-a962-a3d55fe78047" testId="67d8f5a0-9dde-48ef-831f-eb4409684940" testName="GetByKey_KnownNodeTypeVersionKey_ReturnsEntityWithCorrectProperties (Data Row 4)" computerName="ICSWS068" duration="00:00:00.3737129" startTime="2016-08-04T08:20:13.2266983+02:00" endTime="2016-08-04T08:20:13.6002975+02:00" testType="13cdc9d9-ddb5-4fa4-a97d-d965ccfc6d4b" outcome="Passed" testListId="8c84fa94-04c1-424b-9868-57a2d4851a1d" relativeResultsDirectory="8cf82af4-9489-45d0-a962-a3d55fe78047" />
    <UnitTestResult executionId="ffbdd1be-e6c1-4332-96d7-7ef666321daf" testId="45f608ef-0843-5099-1c7b-656538cf92c5" testName="GetByKey_UnsupportedKey_ThrowsArgumentException" computerName="ICSWS068" duration="00:00:00.3465798" startTime="2016-08-04T10:20:13.6043201+02:00" endTime="2016-08-04T10:20:13.9525555+02:00" testType="13cdc9d9-ddb5-4fa4-a97d-d965ccfc6d4b" outcome="Passed" testListId="8c84fa94-04c1-424b-9868-57a2d4851a1d" relativeResultsDirectory="ffbdd1be-e6c1-4332-96d7-7ef666321daf" />
    <UnitTestResult executionId="263d7599-7396-4e05-9fda-05df4c7d33d6" testId="3976e825-1a90-d912-806c-2dd2c4182542" testName="Delete_NonExistingId_DoesNotDeleteAnything" computerName="ICSWS068" duration="00:00:00.3536928" startTime="2016-08-04T10:20:13.9560584+02:00" endTime="2016-08-04T10:20:14.3119939+02:00" testType="13cdc9d9-ddb5-4fa4-a97d-d965ccfc6d4b" outcome="Passed" testListId="8c84fa94-04c1-424b-9868-57a2d4851a1d" relativeResultsDirectory="263d7599-7396-4e05-9fda-05df4c7d33d6" />
    <UnitTestResult executionId="23ba6c69-daf2-42ad-bccd-af7ffcd28800" testId="de15ccd9-b969-db55-9a1e-5cef0d068e3f" testName="Delete_UnusedNodeTypeVersion_SuccessfullyDeletesNodeTypeVersion" computerName="ICSWS068" duration="00:00:00.3372668" startTime="2016-08-04T10:20:14.3164986+02:00" endTime="2016-08-04T10:20:14.6559784+02:00" testType="13cdc9d9-ddb5-4fa4-a97d-d965ccfc6d4b" outcome="Passed" testListId="8c84fa94-04c1-424b-9868-57a2d4851a1d" relativeResultsDirectory="23ba6c69-daf2-42ad-bccd-af7ffcd28800" />
    <UnitTestResult executionId="60ffd9ab-ced4-43c4-9242-5d8568b8c05f" testId="3b294add-c6a4-70ed-0304-875ce5c58b7b" testName="Delete_UsedNodeTypeVersion_ThrowsEntityDependencyException" computerName="ICSWS068" duration="00:00:00.3611745" startTime="2016-08-04T10:20:14.6589795+02:00" endTime="2016-08-04T10:20:15.0218188+02:00" testType="13cdc9d9-ddb5-4fa4-a97d-d965ccfc6d4b" outcome="Passed" testListId="8c84fa94-04c1-424b-9868-57a2d4851a1d" relativeResultsDirectory="60ffd9ab-ced4-43c4-9242-5d8568b8c05f" />
    <UnitTestResult executionId="34e36b93-9673-4327-9297-75aaf867e69e" testId="dda2459f-7beb-b3d5-e1da-14764f282e93" testName="Add_NullName_ThrowsConditionalErrorException" computerName="ICSWS068" duration="00:00:00.3249020" startTime="2016-08-04T10:20:15.0248211+02:00" endTime="2016-08-04T10:20:15.3512607+02:00" testType="13cdc9d9-ddb5-4fa4-a97d-d965ccfc6d4b" outcome="Passed" testListId="8c84fa94-04c1-424b-9868-57a2d4851a1d" relativeResultsDirectory="34e36b93-9673-4327-9297-75aaf867e69e" />
    <UnitTestResult executionId="e1a63e15-5ee4-4607-8452-ddcb5629a093" testId="89fa9b62-1138-0286-680b-36e7fb01e5d1" testName="Add_EmptyName_ThrowsStringLengthErrorException" computerName="ICSWS068" duration="00:00:00.3304341" startTime="2016-08-04T10:20:15.3537622+02:00" endTime="2016-08-04T10:20:15.6857266+02:00" testType="13cdc9d9-ddb5-4fa4-a97d-d965ccfc6d4b" outcome="Passed" testListId="8c84fa94-04c1-424b-9868-57a2d4851a1d" relativeResultsDirectory="e1a63e15-5ee4-4607-8452-ddcb5629a093" />
    <UnitTestResult executionId="e660c1af-b276-4541-8645-bfbd38ca936d" testId="6fe5b19d-28e6-2c5f-b634-e5d87ae0aa0f" testName="Add_WhiteSpaceOnlyName_ThrowsStringLengthErrorException" computerName="ICSWS068" duration="00:00:00.3231126" startTime="2016-08-04T10:20:15.6882480+02:00" endTime="2016-08-04T10:20:16.0131700+02:00" testType="13cdc9d9-ddb5-4fa4-a97d-d965ccfc6d4b" outcome="Passed" testListId="8c84fa94-04c1-424b-9868-57a2d4851a1d" relativeResultsDirectory="e660c1af-b276-4541-8645-bfbd38ca936d" />
    <UnitTestResult executionId="8dc43545-dfdb-4ab0-b2e4-1aedcfd3e303" testId="afdcb8bb-ea32-a71e-42a3-472fce346712" testName="Add_TooLongName_ThrowsStringLengthErrorException" computerName="ICSWS068" duration="00:00:00.3301365" startTime="2016-08-04T10:20:16.0156873+02:00" endTime="2016-08-04T10:20:16.3471892+02:00" testType="13cdc9d9-ddb5-4fa4-a97d-d965ccfc6d4b" outcome="Passed" testListId="8c84fa94-04c1-424b-9868-57a2d4851a1d" relativeResultsDirectory="8dc43545-dfdb-4ab0-b2e4-1aedcfd3e303" />
    <UnitTestResult executionId="5a85e2c9-b037-4197-b3dc-a8a931da2d99" testId="6fa0a7ef-0fc5-e2dd-9dd8-cf34b4b9d144" testName="Add_LongDescription_Succeeds" computerName="ICSWS068" duration="00:00:00.3201836" startTime="2016-08-04T10:20:16.3506777+02:00" endTime="2016-08-04T10:20:16.6725602+02:00" testType="13cdc9d9-ddb5-4fa4-a97d-d965ccfc6d4b" outcome="Passed" testListId="8c84fa94-04c1-424b-9868-57a2d4851a1d" relativeResultsDirectory="5a85e2c9-b037-4197-b3dc-a8a931da2d99" />
    <UnitTestResult executionId="0b0074cc-ea01-4dab-9ab4-abae4d1046e0" testId="fa1f0b04-c710-d0df-d389-f0cdb1d89a74" testName="Add_ValidProperties_IdAndTimesAreUpdatedCorrectly" computerName="ICSWS068" duration="00:00:00.3393292" startTime="2016-08-04T10:20:16.6755628+02:00" endTime="2016-08-04T10:20:17.0163371+02:00" testType="13cdc9d9-ddb5-4fa4-a97d-d965ccfc6d4b" outcome="Passed" testListId="8c84fa94-04c1-424b-9868-57a2d4851a1d" relativeResultsDirectory="0b0074cc-ea01-4dab-9ab4-abae4d1046e0" />
    <UnitTestResult executionId="92a1a3f1-3f8f-4c84-b12c-dc77922426c5" testId="ac6d53ce-a249-b934-f2df-b0af23bab116" testName="Add_ComplexProperties_ArePersistedCorrectly" computerName="ICSWS068" duration="00:00:00.3594543" startTime="2016-08-04T10:20:17.0198432+02:00" endTime="2016-08-04T10:20:17.3805136+02:00" testType="13cdc9d9-ddb5-4fa4-a97d-d965ccfc6d4b" outcome="Passed" testListId="8c84fa94-04c1-424b-9868-57a2d4851a1d" relativeResultsDirectory="92a1a3f1-3f8f-4c84-b12c-dc77922426c5" />
    <UnitTestResult executionId="050d1f05-989c-43dc-9074-db532ec6bfa4" testId="b30dc43b-b282-977a-8e76-bc7d716302c5" testName="Add_DuplicateName_ThrowsUniqueValueAddConflictException" computerName="ICSWS068" duration="00:00:00.3272436" startTime="2016-08-04T10:20:17.3835153+02:00" endTime="2016-08-04T10:20:17.7123610+02:00" testType="13cdc9d9-ddb5-4fa4-a97d-d965ccfc6d4b" outcome="Passed" testListId="8c84fa94-04c1-424b-9868-57a2d4851a1d" relativeResultsDirectory="050d1f05-989c-43dc-9074-db532ec6bfa4" />
    <UnitTestResult executionId="ddb3040b-cf52-4002-831d-adb3db021168" testId="e16ab802-a1cc-e7c9-ca4d-523cb5080bed" testName="Update_NullName_ThrowsConditionalErrorException" computerName="ICSWS068" duration="00:00:00.3288526" startTime="2016-08-04T10:20:17.7163648+02:00" endTime="2016-08-04T10:20:18.0467372+02:00" testType="13cdc9d9-ddb5-4fa4-a97d-d965ccfc6d4b" outcome="Passed" testListId="8c84fa94-04c1-424b-9868-57a2d4851a1d" relativeResultsDirectory="ddb3040b-cf52-4002-831d-adb3db021168" />
    <UnitTestResult executionId="7b795390-f2fc-4ff3-852a-ac121180219d" testId="8db3adc9-ab00-fe19-0142-6d26f23db692" testName="Update_EmtpyName_ThrowsStringLengthErrorException" computerName="ICSWS068" duration="00:00:00.3263788" startTime="2016-08-04T10:20:18.0487556+02:00" endTime="2016-08-04T10:20:18.3779975+02:00" testType="13cdc9d9-ddb5-4fa4-a97d-d965ccfc6d4b" outcome="Passed" testListId="8c84fa94-04c1-424b-9868-57a2d4851a1d" relativeResultsDirectory="7b795390-f2fc-4ff3-852a-ac121180219d" />
    <UnitTestResult executionId="208248b3-db69-449b-80f8-7012630a4b78" testId="e3d67054-63a2-7f4c-0046-dc28eb5155f6" testName="Update_WhitespaceOnlyName_ThrowsStringLengthErrorException" computerName="ICSWS068" duration="00:00:00.3453411" startTime="2016-08-04T10:20:18.3825004+02:00" endTime="2016-08-04T10:20:18.7293347+02:00" testType="13cdc9d9-ddb5-4fa4-a97d-d965ccfc6d4b" outcome="Passed" testListId="8c84fa94-04c1-424b-9868-57a2d4851a1d" relativeResultsDirectory="208248b3-db69-449b-80f8-7012630a4b78" />
    <UnitTestResult executionId="7d342d4c-5426-46f4-a74f-718ecc3ae147" testId="690398ee-c8bf-592f-3804-ff311a7841ba" testName="Update_TooLongName_ThrowsStringLengthErrorException" computerName="ICSWS068" duration="00:00:00.3440722" startTime="2016-08-04T10:20:18.7328419+02:00" endTime="2016-08-04T10:20:19.0788401+02:00" testType="13cdc9d9-ddb5-4fa4-a97d-d965ccfc6d4b" outcome="Passed" testListId="8c84fa94-04c1-424b-9868-57a2d4851a1d" relativeResultsDirectory="7d342d4c-5426-46f4-a74f-718ecc3ae147" />
    <UnitTestResult executionId="5d806ed4-fef8-4c7c-9960-4c89fa9762f9" testId="87b9cba3-01ea-732d-ed06-c25f27179ef5" testName="Update_LongDescription_Succeeds" computerName="ICSWS068" duration="00:00:00.3630583" startTime="2016-08-04T10:20:19.0823574+02:00" endTime="2016-08-04T10:20:19.4471738+02:00" testType="13cdc9d9-ddb5-4fa4-a97d-d965ccfc6d4b" outcome="Passed" testListId="8c84fa94-04c1-424b-9868-57a2d4851a1d" relativeResultsDirectory="5d806ed4-fef8-4c7c-9960-4c89fa9762f9" />
    <UnitTestResult executionId="8ae47521-439d-4dd0-bca3-f26bdf2eab72" testId="f73cefa9-34b6-149d-60bf-338282726649" testName="Update_DuplicateName_ThrowsUniqueValueAddConflictException" computerName="ICSWS068" duration="00:00:00.3682585" startTime="2016-08-04T10:20:19.4501755+02:00" endTime="2016-08-04T10:20:19.8201486+02:00" testType="13cdc9d9-ddb5-4fa4-a97d-d965ccfc6d4b" outcome="Passed" testListId="8c84fa94-04c1-424b-9868-57a2d4851a1d" relativeResultsDirectory="8ae47521-439d-4dd0-bca3-f26bdf2eab72" />
    <UnitTestResult executionId="2b7ebe7e-b65a-4eff-b575-ec8f9d744904" testId="83b2fd1c-f2e8-0af8-1847-00453ca47f8f" testName="Update_ComplexProperties_ArePersistedCorrectly" computerName="ICSWS068" duration="00:00:00.3365064" startTime="2016-08-04T10:20:19.8226501+02:00" endTime="2016-08-04T10:20:20.1606106+02:00" testType="13cdc9d9-ddb5-4fa4-a97d-d965ccfc6d4b" outcome="Passed" testListId="8c84fa94-04c1-424b-9868-57a2d4851a1d" relativeResultsDirectory="2b7ebe7e-b65a-4eff-b575-ec8f9d744904" />
    <UnitTestResult executionId="5ae12799-0ea9-4b09-906f-53d67d3feac0" testId="08fb6902-3bc4-4141-61a1-b2a483f78af8" testName="Update_UnchangedName_Succeeds" computerName="ICSWS068" duration="00:00:00.3298778" startTime="2016-08-04T10:20:20.1640973+02:00" endTime="2016-08-04T10:20:20.4954718+02:00" testType="13cdc9d9-ddb5-4fa4-a97d-d965ccfc6d4b" outcome="Passed" testListId="8c84fa94-04c1-424b-9868-57a2d4851a1d" relativeResultsDirectory="5ae12799-0ea9-4b09-906f-53d67d3feac0" />
    <UnitTestResult executionId="eae84052-e398-4783-ab7d-70131d02aec8" testId="5b792d0f-853f-dac3-4410-aa6a1afa3710" testName="Delete_AndUnusedNodeTypeVersion_SuccessfullyDeletesNodeTypeVersion" computerName="ICSWS068" duration="00:00:00.3893600" startTime="2016-08-04T10:20:20.4984735+02:00" endTime="2016-08-04T10:20:20.8890495+02:00" testType="13cdc9d9-ddb5-4fa4-a97d-d965ccfc6d4b" outcome="Passed" testListId="8c84fa94-04c1-424b-9868-57a2d4851a1d" relativeResultsDirectory="eae84052-e398-4783-ab7d-70131d02aec8" />
    <UnitTestResult executionId="8a79951d-ed71-457d-8b53-d3135841b2f4" testId="0c974ef8-cdcf-cae3-b62f-b73a73bdc0e0" testName="Delete_NonDeletableNodeTypeVersion_ThrowsEntityDependencyException" computerName="ICSWS068" duration="00:00:00.3327435" startTime="2016-08-04T10:20:20.8920688+02:00" endTime="2016-08-04T10:20:21.2262957+02:00" testType="13cdc9d9-ddb5-4fa4-a97d-d965ccfc6d4b" outcome="Passed" testListId="8c84fa94-04c1-424b-9868-57a2d4851a1d" relativeResultsDirectory="8a79951d-ed71-457d-8b53-d3135841b2f4" />
    <UnitTestResult executionId="b020385e-2c9c-40b6-a2d3-ed3fc63423dc" testId="f796eb09-8150-e47d-e52d-f7ff17b19f0b" testName="Import_SimpleSerializableNodeTypeVersion_ShouldPersistCorrectly" computerName="ICSWS068" duration="00:00:00.3302661" startTime="2016-08-04T10:20:21.2292977+02:00" endTime="2016-08-04T10:20:21.5611841+02:00" testType="13cdc9d9-ddb5-4fa4-a97d-d965ccfc6d4b" outcome="Passed" testListId="8c84fa94-04c1-424b-9868-57a2d4851a1d" relativeResultsDirectory="b020385e-2c9c-40b6-a2d3-ed3fc63423dc" />
    <UnitTestResult executionId="3dc28253-8b24-41e6-b8a2-15020613ccb4" testId="95220ae7-7233-b096-6546-ee4dd4528cb1" testName="RepositoryEntityTypeId_ReturnsCounter" computerName="ICSWS068" duration="00:00:00.3219273" startTime="2016-08-04T10:20:21.5641850+02:00" endTime="2016-08-04T10:20:21.8874777+02:00" testType="13cdc9d9-ddb5-4fa4-a97d-d965ccfc6d4b" outcome="Passed" testListId="8c84fa94-04c1-424b-9868-57a2d4851a1d" relativeResultsDirectory="3dc28253-8b24-41e6-b8a2-15020613ccb4" />
    <UnitTestResult executionId="bb3bfe65-863d-411e-aeca-26fe47258386" testId="abe46ff4-8ad9-5a15-649e-32b345ec0119" testName="RepositoryEntityType_ReturnsICounter" computerName="ICSWS068" duration="00:00:00.3298107" startTime="2016-08-04T10:20:21.8904800+02:00" endTime="2016-08-04T10:20:22.2217324+02:00" testType="13cdc9d9-ddb5-4fa4-a97d-d965ccfc6d4b" outcome="Passed" testListId="8c84fa94-04c1-424b-9868-57a2d4851a1d" relativeResultsDirectory="bb3bfe65-863d-411e-aeca-26fe47258386" />
    <UnitTestResult executionId="d73b9503-4b22-4f7b-ab0f-25f1bb317c6d" testId="95813c1b-7722-370c-836a-1a75fc58f2fb" testName="RepositorySystemContext_MatchesActualSystemContext" computerName="ICSWS068" duration="00:00:00.3475352" startTime="2016-08-04T10:20:22.2252353+02:00" endTime="2016-08-04T10:20:22.5744039+02:00" testType="13cdc9d9-ddb5-4fa4-a97d-d965ccfc6d4b" outcome="Passed" testListId="8c84fa94-04c1-424b-9868-57a2d4851a1d" relativeResultsDirectory="d73b9503-4b22-4f7b-ab0f-25f1bb317c6d" />
    <UnitTestResult executionId="a408df09-4d43-4f72-bffd-28c2542d9163" testId="9bf48900-f633-b2a8-b729-e08b6fb18df7" testName="Exists_NodeTypeVersionKey_ThrowsArgumentException" computerName="ICSWS068" duration="00:00:00.3317972" startTime="2016-08-04T10:20:22.5769065+02:00" endTime="2016-08-04T10:20:22.9103187+02:00" testType="13cdc9d9-ddb5-4fa4-a97d-d965ccfc6d4b" outcome="Passed" testListId="8c84fa94-04c1-424b-9868-57a2d4851a1d" relativeResultsDirectory="a408df09-4d43-4f72-bffd-28c2542d9163" />
    <UnitTestResult executionId="e6a1c2cd-45f1-4cae-aca5-eb9086152913" testId="bba50d40-a05e-4f3f-a38a-2d1f4f7a018a" testName="Exists_KnownCounterKey_ReturnsTrue (Data Row 0)" computerName="ICSWS068" duration="00:00:00.3455200" startTime="2016-08-04T08:20:22.9198267+02:00" endTime="2016-08-04T08:20:23.2657466+02:00" testType="13cdc9d9-ddb5-4fa4-a97d-d965ccfc6d4b" outcome="Passed" testListId="8c84fa94-04c1-424b-9868-57a2d4851a1d" relativeResultsDirectory="e6a1c2cd-45f1-4cae-aca5-eb9086152913" />
    <UnitTestResult executionId="f271e18c-f006-4ac6-8f6b-a04af415506c" testId="e83ff2d0-8f09-48fd-a766-767fa5f9f869" testName="Exists_KnownCounterKey_ReturnsTrue (Data Row 1)" computerName="ICSWS068" duration="00:00:00.3215282" startTime="2016-08-04T08:20:23.2657466+02:00" endTime="2016-08-04T08:20:23.5871872+02:00" testType="13cdc9d9-ddb5-4fa4-a97d-d965ccfc6d4b" outcome="Passed" testListId="8c84fa94-04c1-424b-9868-57a2d4851a1d" relativeResultsDirectory="f271e18c-f006-4ac6-8f6b-a04af415506c" />
    <UnitTestResult executionId="0084481f-0830-40c4-be81-7c1e94d9aecb" testId="0664a636-7463-4c3e-951b-8f57527516a6" testName="Exists_KnownCounterKey_ReturnsTrue (Data Row 2)" computerName="ICSWS068" duration="00:00:00.3282747" startTime="2016-08-04T08:20:23.5871872+02:00" endTime="2016-08-04T08:20:23.9153635+02:00" testType="13cdc9d9-ddb5-4fa4-a97d-d965ccfc6d4b" outcome="Passed" testListId="8c84fa94-04c1-424b-9868-57a2d4851a1d" relativeResultsDirectory="0084481f-0830-40c4-be81-7c1e94d9aecb" />
    <UnitTestResult executionId="c95be7fb-14ce-41e9-b0ea-4940130ef685" testId="a7ead3c2-1e68-0917-0a10-12ec48924694" testName="Exists_NonExistingCounterKey_ReturnsFalse" computerName="ICSWS068" duration="00:00:00.3148072" startTime="2016-08-04T10:20:23.9188666+02:00" endTime="2016-08-04T10:20:24.2351428+02:00" testType="13cdc9d9-ddb5-4fa4-a97d-d965ccfc6d4b" outcome="Passed" testListId="8c84fa94-04c1-424b-9868-57a2d4851a1d" relativeResultsDirectory="c95be7fb-14ce-41e9-b0ea-4940130ef685" />
    <UnitTestResult executionId="d8c6eb3f-7354-4baf-a35d-af479a4b2989" testId="fe00f18e-9713-9df6-9794-d169f52cb1c9" testName="CreateInstance_CreatesNewCounter" computerName="ICSWS068" duration="00:00:00.3268187" startTime="2016-08-04T10:20:24.2381448+02:00" endTime="2016-08-04T10:20:24.5664832+02:00" testType="13cdc9d9-ddb5-4fa4-a97d-d965ccfc6d4b" outcome="Passed" testListId="8c84fa94-04c1-424b-9868-57a2d4851a1d" relativeResultsDirectory="d8c6eb3f-7354-4baf-a35d-af479a4b2989" />
    <UnitTestResult executionId="5e9f563a-759b-47a7-b36f-3930ca7bbbca" testId="854fcd94-2263-40b3-b789-96d88f1c5200" testName="List_ContainsEachKnownCounterOnce (Data Row 0)" computerName="ICSWS068" duration="00:00:00.3304423" startTime="2016-08-04T08:20:24.5734734+02:00" endTime="2016-08-04T08:20:24.9036903+02:00" testType="13cdc9d9-ddb5-4fa4-a97d-d965ccfc6d4b" outcome="Passed" testListId="8c84fa94-04c1-424b-9868-57a2d4851a1d" relativeResultsDirectory="5e9f563a-759b-47a7-b36f-3930ca7bbbca" />
    <UnitTestResult executionId="23aa0e21-76d1-4238-adf7-3a5e64f01b05" testId="d079d7e3-2559-492e-a28c-fcea86e59102" testName="List_ContainsEachKnownCounterOnce (Data Row 1)" computerName="ICSWS068" duration="00:00:00.3216921" startTime="2016-08-04T08:20:24.9036903+02:00" endTime="2016-08-04T08:20:25.2257684+02:00" testType="13cdc9d9-ddb5-4fa4-a97d-d965ccfc6d4b" outcome="Passed" testListId="8c84fa94-04c1-424b-9868-57a2d4851a1d" relativeResultsDirectory="23aa0e21-76d1-4238-adf7-3a5e64f01b05" />
    <UnitTestResult executionId="45c227d9-40cc-44f4-8e2f-e424a9a81406" testId="2db5bf4c-28bf-4d2b-a23c-6c3e95156ed8" testName="List_ContainsEachKnownCounterOnce (Data Row 2)" computerName="ICSWS068" duration="00:00:00.3736158" startTime="2016-08-04T08:20:25.2257684+02:00" endTime="2016-08-04T08:20:25.5991899+02:00" testType="13cdc9d9-ddb5-4fa4-a97d-d965ccfc6d4b" outcome="Passed" testListId="8c84fa94-04c1-424b-9868-57a2d4851a1d" relativeResultsDirectory="45c227d9-40cc-44f4-8e2f-e424a9a81406" />
    <UnitTestResult executionId="0a5bc6d3-6334-497a-85f5-c330477649ed" testId="ce84239f-97b8-b4e9-1d87-9e74b7d4e441" testName="List_ShouldSetSystemContextCorrectly" computerName="ICSWS068" duration="00:00:00.3200851" startTime="2016-08-04T10:20:25.6036922+02:00" endTime="2016-08-04T10:20:25.9253269+02:00" testType="13cdc9d9-ddb5-4fa4-a97d-d965ccfc6d4b" outcome="Passed" testListId="8c84fa94-04c1-424b-9868-57a2d4851a1d" relativeResultsDirectory="0a5bc6d3-6334-497a-85f5-c330477649ed" />
    <UnitTestResult executionId="9cd916bf-ee2f-4cfb-99cf-7a14f18e3fc7" testId="52376edc-b054-af8a-bdbb-51d2904eea33" testName="GetById_NewGuid_ThrowsEntityNotFoundException" computerName="ICSWS068" duration="00:00:00.3234871" startTime="2016-08-04T10:20:25.9283275+02:00" endTime="2016-08-04T10:20:26.2531316+02:00" testType="13cdc9d9-ddb5-4fa4-a97d-d965ccfc6d4b" outcome="Passed" testListId="8c84fa94-04c1-424b-9868-57a2d4851a1d" relativeResultsDirectory="9cd916bf-ee2f-4cfb-99cf-7a14f18e3fc7" />
    <UnitTestResult executionId="ed8658ff-f77d-45d5-837c-f3d366aafd97" testId="8133d07b-6681-480c-8d49-a528597f2cd2" testName="GetById_KnownCounterId_ReturnsEntityWithCorrectProperties (Data Row 0)" computerName="ICSWS068" duration="00:00:00.3383266" startTime="2016-08-04T08:20:26.2581339+02:00" endTime="2016-08-04T08:20:26.5962821+02:00" testType="13cdc9d9-ddb5-4fa4-a97d-d965ccfc6d4b" outcome="Passed" testListId="8c84fa94-04c1-424b-9868-57a2d4851a1d" relativeResultsDirectory="ed8658ff-f77d-45d5-837c-f3d366aafd97" />
    <UnitTestResult executionId="75582818-fdfa-4d5a-bd3c-bada97297768" testId="e1a2e3fb-d209-4a2e-8480-5007a6d4c05f" testName="GetById_KnownCounterId_ReturnsEntityWithCorrectProperties (Data Row 1)" computerName="ICSWS068" duration="00:00:00.3938159" startTime="2016-08-04T08:20:26.5962821+02:00" endTime="2016-08-04T08:20:26.9902299+02:00" testType="13cdc9d9-ddb5-4fa4-a97d-d965ccfc6d4b" outcome="Passed" testListId="8c84fa94-04c1-424b-9868-57a2d4851a1d" relativeResultsDirectory="75582818-fdfa-4d5a-bd3c-bada97297768" />
    <UnitTestResult executionId="2e1c1ecb-4b50-40b2-8bd6-7aecdb598f7b" testId="394533be-1eea-4ef6-be2c-ca3c850fe675" testName="GetById_KnownCounterId_ReturnsEntityWithCorrectProperties (Data Row 2)" computerName="ICSWS068" duration="00:00:00.3422107" startTime="2016-08-04T08:20:26.9902299+02:00" endTime="2016-08-04T08:20:27.3323839+02:00" testType="13cdc9d9-ddb5-4fa4-a97d-d965ccfc6d4b" outcome="Passed" testListId="8c84fa94-04c1-424b-9868-57a2d4851a1d" relativeResultsDirectory="2e1c1ecb-4b50-40b2-8bd6-7aecdb598f7b" />
    <UnitTestResult executionId="9ded7141-c265-4249-a32a-1e28109e9953" testId="639ce220-4b6f-e265-366b-f8969f87df2e" testName="GetByKey_NewGuid_ThrowsEntityNotFoundException" computerName="ICSWS068" duration="00:00:00.3448183" startTime="2016-08-04T10:20:27.3363868+02:00" endTime="2016-08-04T10:20:27.6828698+02:00" testType="13cdc9d9-ddb5-4fa4-a97d-d965ccfc6d4b" outcome="Passed" testListId="8c84fa94-04c1-424b-9868-57a2d4851a1d" relativeResultsDirectory="9ded7141-c265-4249-a32a-1e28109e9953" />
    <UnitTestResult executionId="89d79ce3-80b0-40bd-b8b3-31d8cfd0f548" testId="b885d24b-0802-4a68-a858-38481d6a1e97" testName="GetByKey_KnownKey_ReturnsEntityWithCorrectProperties (Data Row 0)" computerName="ICSWS068" duration="00:00:00.3354686" startTime="2016-08-04T08:20:27.6888911+02:00" endTime="2016-08-04T08:20:28.0245924+02:00" testType="13cdc9d9-ddb5-4fa4-a97d-d965ccfc6d4b" outcome="Passed" testListId="8c84fa94-04c1-424b-9868-57a2d4851a1d" relativeResultsDirectory="89d79ce3-80b0-40bd-b8b3-31d8cfd0f548" />
    <UnitTestResult executionId="c84a2e6f-37d8-4576-ab65-9cd147222978" testId="5a344834-e8fe-426c-bc61-0a2a3b8829f4" testName="GetByKey_KnownKey_ReturnsEntityWithCorrectProperties (Data Row 1)" computerName="ICSWS068" duration="00:00:00.3381926" startTime="2016-08-04T08:20:28.0245924+02:00" endTime="2016-08-04T08:20:28.3626987+02:00" testType="13cdc9d9-ddb5-4fa4-a97d-d965ccfc6d4b" outcome="Passed" testListId="8c84fa94-04c1-424b-9868-57a2d4851a1d" relativeResultsDirectory="c84a2e6f-37d8-4576-ab65-9cd147222978" />
    <UnitTestResult executionId="2203ca00-434c-4146-9f11-7a1e34701260" testId="999db8c4-db39-443d-987e-60ad6eae509a" testName="GetByKey_KnownKey_ReturnsEntityWithCorrectProperties (Data Row 2)" computerName="ICSWS068" duration="00:00:00.3446320" startTime="2016-08-04T08:20:28.3626987+02:00" endTime="2016-08-04T08:20:28.7075840+02:00" testType="13cdc9d9-ddb5-4fa4-a97d-d965ccfc6d4b" outcome="Passed" testListId="8c84fa94-04c1-424b-9868-57a2d4851a1d" relativeResultsDirectory="2203ca00-434c-4146-9f11-7a1e34701260" />
    <UnitTestResult executionId="f5868f8e-09f2-48c2-a6b1-fe2e061d8e44" testId="19b8f893-152c-6393-af2f-241d45890656" testName="GetByKey_UnsupportedKey_ThrowsArgumentException" computerName="ICSWS068" duration="00:00:00.3706481" startTime="2016-08-04T10:20:28.7111021+02:00" endTime="2016-08-04T10:20:29.0834574+02:00" testType="13cdc9d9-ddb5-4fa4-a97d-d965ccfc6d4b" outcome="Passed" testListId="8c84fa94-04c1-424b-9868-57a2d4851a1d" relativeResultsDirectory="f5868f8e-09f2-48c2-a6b1-fe2e061d8e44" />
    <UnitTestResult executionId="ba07bea5-da9e-41e2-a70e-76d45b2a8632" testId="09ae5e8f-94e9-0516-dbfa-bb519718257f" testName="GetByName_NonExistingName_ThrowsEntityNotFoundException" computerName="ICSWS068" duration="00:00:00.3508442" startTime="2016-08-04T10:20:29.0864597+02:00" endTime="2016-08-04T10:20:29.4386343+02:00" testType="13cdc9d9-ddb5-4fa4-a97d-d965ccfc6d4b" outcome="Passed" testListId="8c84fa94-04c1-424b-9868-57a2d4851a1d" relativeResultsDirectory="ba07bea5-da9e-41e2-a70e-76d45b2a8632" />
    <UnitTestResult executionId="140f8795-50d0-42ff-bcc7-f9265f5cb0fe" testId="09897b97-4b3a-4ed5-9f1e-3f646d720d5b" testName="GetByName_KnownCounterName_ReturnsEntityWithCorrectProperties (Data Row 0)" computerName="ICSWS068" duration="00:00:00.3460528" startTime="2016-08-04T08:20:29.4456389+02:00" endTime="2016-08-04T08:20:29.7914034+02:00" testType="13cdc9d9-ddb5-4fa4-a97d-d965ccfc6d4b" outcome="Passed" testListId="8c84fa94-04c1-424b-9868-57a2d4851a1d" relativeResultsDirectory="140f8795-50d0-42ff-bcc7-f9265f5cb0fe" />
    <UnitTestResult executionId="47017d92-1fc5-4779-9e3d-3901a88e1f48" testId="0f0112f0-48c6-404f-8795-8941b6439611" testName="GetByName_KnownCounterName_ReturnsEntityWithCorrectProperties (Data Row 1)" computerName="ICSWS068" duration="00:00:00.3511633" startTime="2016-08-04T08:20:29.7914034+02:00" endTime="2016-08-04T08:20:30.1424666+02:00" testType="13cdc9d9-ddb5-4fa4-a97d-d965ccfc6d4b" outcome="Passed" testListId="8c84fa94-04c1-424b-9868-57a2d4851a1d" relativeResultsDirectory="47017d92-1fc5-4779-9e3d-3901a88e1f48" />
    <UnitTestResult executionId="90765581-eb33-4387-b2f3-eb4cec9ff5d7" testId="ef209243-156f-43c5-bdaa-59ee912407bb" testName="GetByName_KnownCounterName_ReturnsEntityWithCorrectProperties (Data Row 2)" computerName="ICSWS068" duration="00:00:00.3553761" startTime="2016-08-04T08:20:30.1424666+02:00" endTime="2016-08-04T08:20:30.4981972+02:00" testType="13cdc9d9-ddb5-4fa4-a97d-d965ccfc6d4b" outcome="Passed" testListId="8c84fa94-04c1-424b-9868-57a2d4851a1d" relativeResultsDirectory="90765581-eb33-4387-b2f3-eb4cec9ff5d7" />
    <UnitTestResult executionId="9d9d774e-e1a7-44e7-a02f-4fa823e6ea2c" testId="03e248b7-cce3-3871-3dd3-3dba03c2524b" testName="GetIdByName_NonExistingName_ThrowsEntityNotFoundException" computerName="ICSWS068" duration="00:00:00.3527283" startTime="2016-08-04T10:20:30.5017001+02:00" endTime="2016-08-04T10:20:30.8556692+02:00" testType="13cdc9d9-ddb5-4fa4-a97d-d965ccfc6d4b" outcome="Passed" testListId="8c84fa94-04c1-424b-9868-57a2d4851a1d" relativeResultsDirectory="9d9d774e-e1a7-44e7-a02f-4fa823e6ea2c" />
    <UnitTestResult executionId="6b3adb46-4d2f-4f30-b3f8-d83d2ea69e5d" testId="fd6ea477-7826-42b8-985d-919646345839" testName="GetIdByName_KnownCounterName_ReturnsCorrectId (Data Row 0)" computerName="ICSWS068" duration="00:00:00.3390723" startTime="2016-08-04T08:20:30.8606896+02:00" endTime="2016-08-04T08:20:31.1993381+02:00" testType="13cdc9d9-ddb5-4fa4-a97d-d965ccfc6d4b" outcome="Passed" testListId="8c84fa94-04c1-424b-9868-57a2d4851a1d" relativeResultsDirectory="6b3adb46-4d2f-4f30-b3f8-d83d2ea69e5d" />
    <UnitTestResult executionId="e7ab58dc-f427-4467-8590-14b7dbc6bec8" testId="4473d3fb-7f6d-4fb4-b841-6f01e164f47f" testName="GetIdByName_KnownCounterName_ReturnsCorrectId (Data Row 1)" computerName="ICSWS068" duration="00:00:00.3424151" startTime="2016-08-04T08:20:31.1993381+02:00" endTime="2016-08-04T08:20:31.5421912+02:00" testType="13cdc9d9-ddb5-4fa4-a97d-d965ccfc6d4b" outcome="Passed" testListId="8c84fa94-04c1-424b-9868-57a2d4851a1d" relativeResultsDirectory="e7ab58dc-f427-4467-8590-14b7dbc6bec8" />
    <UnitTestResult executionId="4d0f1a62-9f8b-4eef-a598-f561aca7d4b8" testId="05c0769a-75a5-4181-9be1-5aecc29706f0" testName="GetIdByName_KnownCounterName_ReturnsCorrectId (Data Row 2)" computerName="ICSWS068" duration="00:00:00.4575297" startTime="2016-08-04T08:20:31.5421912+02:00" endTime="2016-08-04T08:20:32.0000975+02:00" testType="13cdc9d9-ddb5-4fa4-a97d-d965ccfc6d4b" outcome="Passed" testListId="8c84fa94-04c1-424b-9868-57a2d4851a1d" relativeResultsDirectory="4d0f1a62-9f8b-4eef-a598-f561aca7d4b8" />
    <UnitTestResult executionId="f7db8081-4a0d-4763-835a-ab4b71540759" testId="df62cff5-9d66-5d21-4bab-f70306213af0" testName="Add_NullName_ThrowsConditionalErrorException" computerName="ICSWS068" duration="00:00:00.3970607" startTime="2016-08-04T10:20:32.0051012+02:00" endTime="2016-08-04T10:20:32.4044692+02:00" testType="13cdc9d9-ddb5-4fa4-a97d-d965ccfc6d4b" outcome="Passed" testListId="8c84fa94-04c1-424b-9868-57a2d4851a1d" relativeResultsDirectory="f7db8081-4a0d-4763-835a-ab4b71540759" />
    <UnitTestResult executionId="af540d04-ecf8-435e-a218-d8f0f11fa1b4" testId="75a71154-ed43-e432-10e8-1bafe24cb2d3" testName="Add_EmptyName_ThrowsStringLengthErrorException" computerName="ICSWS068" duration="00:00:00.3763524" startTime="2016-08-04T10:20:32.4084718+02:00" endTime="2016-08-04T10:20:32.7866607+02:00" testType="13cdc9d9-ddb5-4fa4-a97d-d965ccfc6d4b" outcome="Passed" testListId="8c84fa94-04c1-424b-9868-57a2d4851a1d" relativeResultsDirectory="af540d04-ecf8-435e-a218-d8f0f11fa1b4" />
    <UnitTestResult executionId="50adde8e-cf9c-4622-b741-9ba9279aaccd" testId="5aa221e5-1bca-a836-180f-5d7c2a62a170" testName="Add_WhiteSpaceOnlyName_ThrowsStringLengthErrorException" computerName="ICSWS068" duration="00:00:00.4223918" startTime="2016-08-04T10:20:32.7906632+02:00" endTime="2016-08-04T10:20:33.2143507+02:00" testType="13cdc9d9-ddb5-4fa4-a97d-d965ccfc6d4b" outcome="Passed" testListId="8c84fa94-04c1-424b-9868-57a2d4851a1d" relativeResultsDirectory="50adde8e-cf9c-4622-b741-9ba9279aaccd" />
    <UnitTestResult executionId="8ca32422-6581-4ac0-910a-56b17f528fa1" testId="df3be14a-9213-7c60-d7a2-6a43c7be312a" testName="Add_TooLongName_ThrowsStringLengthErrorException" computerName="ICSWS068" duration="00:00:00.3489636" startTime="2016-08-04T10:20:33.2178530+02:00" endTime="2016-08-04T10:20:33.5685042+02:00" testType="13cdc9d9-ddb5-4fa4-a97d-d965ccfc6d4b" outcome="Passed" testListId="8c84fa94-04c1-424b-9868-57a2d4851a1d" relativeResultsDirectory="8ca32422-6581-4ac0-910a-56b17f528fa1" />
    <UnitTestResult executionId="587174b2-2928-4fcf-88c7-32bc1034e17b" testId="d655f019-b1b5-38a0-c6b8-5529b97b79d2" testName="Add_TooLongDescription_ThrowsStringLengthErrorException" computerName="ICSWS068" duration="00:00:00.3317672" startTime="2016-08-04T10:20:33.5715065+02:00" endTime="2016-08-04T10:20:33.9043889+02:00" testType="13cdc9d9-ddb5-4fa4-a97d-d965ccfc6d4b" outcome="Passed" testListId="8c84fa94-04c1-424b-9868-57a2d4851a1d" relativeResultsDirectory="587174b2-2928-4fcf-88c7-32bc1034e17b" />
    <UnitTestResult executionId="ac25e392-b683-4dd7-881c-4ca9b1e9a5cd" testId="c0fd5db6-962b-fb6c-21ed-bb8728162d05" testName="Add_ValidProperties_IdAndTimesAreUpdatedCorrectly" computerName="ICSWS068" duration="00:00:00.3348713" startTime="2016-08-04T10:20:33.9078753+02:00" endTime="2016-08-04T10:20:34.2448341+02:00" testType="13cdc9d9-ddb5-4fa4-a97d-d965ccfc6d4b" outcome="Passed" testListId="8c84fa94-04c1-424b-9868-57a2d4851a1d" relativeResultsDirectory="ac25e392-b683-4dd7-881c-4ca9b1e9a5cd" />
    <UnitTestResult executionId="3c92cc11-244a-4116-9b47-e59e3d76c4a2" testId="26c29bb6-f00e-299c-fc75-e0936e7a9c0a" testName="Add_ComplexProperties_ArePersistedCorrectly" computerName="ICSWS068" duration="00:00:00.3349566" startTime="2016-08-04T10:20:34.2478364+02:00" endTime="2016-08-04T10:20:34.5839403+02:00" testType="13cdc9d9-ddb5-4fa4-a97d-d965ccfc6d4b" outcome="Passed" testListId="8c84fa94-04c1-424b-9868-57a2d4851a1d" relativeResultsDirectory="3c92cc11-244a-4116-9b47-e59e3d76c4a2" />
    <UnitTestResult executionId="7b812dca-224c-448d-bf15-ee106097707d" testId="90529529-c219-9bd4-f391-354757d65a09" testName="Add_DuplicateName_ThrowsUniqueValueAddConflictException" computerName="ICSWS068" duration="00:00:00.3276873" startTime="2016-08-04T10:20:34.5869409+02:00" endTime="2016-08-04T10:20:34.9163145+02:00" testType="13cdc9d9-ddb5-4fa4-a97d-d965ccfc6d4b" outcome="Passed" testListId="8c84fa94-04c1-424b-9868-57a2d4851a1d" relativeResultsDirectory="7b812dca-224c-448d-bf15-ee106097707d" />
    <UnitTestResult executionId="0772b475-8f26-4e7e-b545-a6a018e09dc6" testId="6a92502b-4ffb-6f42-3cee-cd3f12d2c0e5" testName="Add_ValueOutsideOfMinMaxRange_ThrowsArgumentException" computerName="ICSWS068" duration="00:00:00.3265550" startTime="2016-08-04T10:20:34.9188162+02:00" endTime="2016-08-04T10:20:35.2468461+02:00" testType="13cdc9d9-ddb5-4fa4-a97d-d965ccfc6d4b" outcome="Passed" testListId="8c84fa94-04c1-424b-9868-57a2d4851a1d" relativeResultsDirectory="0772b475-8f26-4e7e-b545-a6a018e09dc6" />
    <UnitTestResult executionId="5d24c495-b7c2-4f46-b211-53be04261cd7" testId="0456e1e8-2eaa-e5b3-e677-e5a354103f40" testName="Add_MaxValueLessThanMinValue_ThrowsArgumentException" computerName="ICSWS068" duration="00:00:00.3271313" startTime="2016-08-04T10:20:35.2498487+02:00" endTime="2016-08-04T10:20:35.5781223+02:00" testType="13cdc9d9-ddb5-4fa4-a97d-d965ccfc6d4b" outcome="Passed" testListId="8c84fa94-04c1-424b-9868-57a2d4851a1d" relativeResultsDirectory="5d24c495-b7c2-4f46-b211-53be04261cd7" />
    <UnitTestResult executionId="8fba3015-7883-4033-84ab-b59720eae878" testId="a54de6b9-03b6-fb07-dfe1-b0e344d54b0c" testName="Update_NullName_ThrowsConditionalErrorException" computerName="ICSWS068" duration="00:00:00.3954622" startTime="2016-08-04T10:20:35.5809489+02:00" endTime="2016-08-04T10:20:35.9796260+02:00" testType="13cdc9d9-ddb5-4fa4-a97d-d965ccfc6d4b" outcome="Passed" testListId="8c84fa94-04c1-424b-9868-57a2d4851a1d" relativeResultsDirectory="8fba3015-7883-4033-84ab-b59720eae878" />
    <UnitTestResult executionId="afc4f813-c239-455f-80fd-3e52d830516a" testId="37989477-5b66-0eb1-9a6f-3f8c0f7f0cc8" testName="Update_EmtpyName_ThrowsStringLengthErrorException" computerName="ICSWS068" duration="00:00:00.3450053" startTime="2016-08-04T10:20:35.9831283+02:00" endTime="2016-08-04T10:20:36.3297497+02:00" testType="13cdc9d9-ddb5-4fa4-a97d-d965ccfc6d4b" outcome="Passed" testListId="8c84fa94-04c1-424b-9868-57a2d4851a1d" relativeResultsDirectory="afc4f813-c239-455f-80fd-3e52d830516a" />
    <UnitTestResult executionId="9fe58956-2e15-40a6-a23b-e66d7609356d" testId="2303ba84-26bd-9a04-96b9-fe09413a0a34" testName="Update_WhitespaceOnlyName_ThrowsStringLengthErrorException" computerName="ICSWS068" duration="00:00:00.3288330" startTime="2016-08-04T10:20:36.3327525+02:00" endTime="2016-08-04T10:20:36.6632361+02:00" testType="13cdc9d9-ddb5-4fa4-a97d-d965ccfc6d4b" outcome="Passed" testListId="8c84fa94-04c1-424b-9868-57a2d4851a1d" relativeResultsDirectory="9fe58956-2e15-40a6-a23b-e66d7609356d" />
    <UnitTestResult executionId="0b2a6ea9-cd24-4a2c-a9b3-7d65b2cc45b8" testId="87ca244c-aa7b-f27d-66b2-d899cc9d8a1d" testName="Update_TooLongName_ThrowsStringLengthErrorException" computerName="ICSWS068" duration="00:00:00.3312241" startTime="2016-08-04T10:20:36.6662137+02:00" endTime="2016-08-04T10:20:36.9988019+02:00" testType="13cdc9d9-ddb5-4fa4-a97d-d965ccfc6d4b" outcome="Passed" testListId="8c84fa94-04c1-424b-9868-57a2d4851a1d" relativeResultsDirectory="0b2a6ea9-cd24-4a2c-a9b3-7d65b2cc45b8" />
    <UnitTestResult executionId="eec04f03-628b-4bb1-8703-fadcca372228" testId="735111f9-0717-9d3e-48fb-c9f2356740a6" testName="Update_TooLongDescription_ThrowsStringLengthErrorException" computerName="ICSWS068" duration="00:00:00.3358135" startTime="2016-08-04T10:20:37.0013089+02:00" endTime="2016-08-04T10:20:37.3389219+02:00" testType="13cdc9d9-ddb5-4fa4-a97d-d965ccfc6d4b" outcome="Passed" testListId="8c84fa94-04c1-424b-9868-57a2d4851a1d" relativeResultsDirectory="eec04f03-628b-4bb1-8703-fadcca372228" />
    <UnitTestResult executionId="b119d7d1-1f86-4c82-907c-62e1e48e0d94" testId="1311ea2a-d1ca-c712-a78a-2a216d065ee0" testName="Update_DuplicateName_ThrowsUniqueValueAddConflictException" computerName="ICSWS068" duration="00:00:00.3321916" startTime="2016-08-04T10:20:37.3414383+02:00" endTime="2016-08-04T10:20:37.6753746+02:00" testType="13cdc9d9-ddb5-4fa4-a97d-d965ccfc6d4b" outcome="Passed" testListId="8c84fa94-04c1-424b-9868-57a2d4851a1d" relativeResultsDirectory="b119d7d1-1f86-4c82-907c-62e1e48e0d94" />
    <UnitTestResult executionId="07524969-34ac-4b49-b353-4b78ea2cc0c0" testId="40bdcc5e-2e49-c3a0-b141-1c506cf5233f" testName="Update_ComplexProperties_ArePersistedCorrectly" computerName="ICSWS068" duration="00:00:00.3493706" startTime="2016-08-04T10:20:37.6788777+02:00" endTime="2016-08-04T10:20:38.0299946+02:00" testType="13cdc9d9-ddb5-4fa4-a97d-d965ccfc6d4b" outcome="Passed" testListId="8c84fa94-04c1-424b-9868-57a2d4851a1d" relativeResultsDirectory="07524969-34ac-4b49-b353-4b78ea2cc0c0" />
    <UnitTestResult executionId="c1eebeab-3932-4515-bb12-c12b7d12c9df" testId="ee0f27e3-a828-1feb-6041-905d4146d84e" testName="Update_UnchangedName_Succeeds" computerName="ICSWS068" duration="00:00:00.3282374" startTime="2016-08-04T10:20:38.0329966+02:00" endTime="2016-08-04T10:20:38.3622790+02:00" testType="13cdc9d9-ddb5-4fa4-a97d-d965ccfc6d4b" outcome="Passed" testListId="8c84fa94-04c1-424b-9868-57a2d4851a1d" relativeResultsDirectory="c1eebeab-3932-4515-bb12-c12b7d12c9df" />
    <UnitTestResult executionId="5d80cefc-91ae-4598-8bd5-4aacaff53031" testId="0fe4b764-2d73-bcc3-1153-77c7bbaeb3e4" testName="Update_ValueBelowMinMaxRange_ThrowsValueOutOfRangeErrorException" computerName="ICSWS068" duration="00:00:00.3409943" startTime="2016-08-04T10:20:38.3652822+02:00" endTime="2016-08-04T10:20:38.7078714+02:00" testType="13cdc9d9-ddb5-4fa4-a97d-d965ccfc6d4b" outcome="Passed" testListId="8c84fa94-04c1-424b-9868-57a2d4851a1d" relativeResultsDirectory="5d80cefc-91ae-4598-8bd5-4aacaff53031" />
    <UnitTestResult executionId="ca3df3e8-4e04-48b4-9327-d39ec9a589fe" testId="98e18db3-6510-68a2-7735-78ab158de419" testName="Update_ValueGreaterThanMinMaxRange_ThrowsValueOutOfRangeErrorException" computerName="ICSWS068" duration="00:00:00.3303118" startTime="2016-08-04T10:20:38.7108737+02:00" endTime="2016-08-04T10:20:39.0428557+02:00" testType="13cdc9d9-ddb5-4fa4-a97d-d965ccfc6d4b" outcome="Passed" testListId="8c84fa94-04c1-424b-9868-57a2d4851a1d" relativeResultsDirectory="ca3df3e8-4e04-48b4-9327-d39ec9a589fe" />
    <UnitTestResult executionId="a5ad6190-c18d-47be-91a2-baf6a4a4eca6" testId="fd5f390d-5ae0-c70a-984b-28309c5e1013" testName="DeleteExistingCounter_SuccessfullyDeletesCounter" computerName="ICSWS068" duration="00:00:00.3961672" startTime="2016-08-04T10:20:39.0458580+02:00" endTime="2016-08-04T10:20:39.4436867+02:00" testType="13cdc9d9-ddb5-4fa4-a97d-d965ccfc6d4b" outcome="Passed" testListId="8c84fa94-04c1-424b-9868-57a2d4851a1d" relativeResultsDirectory="a5ad6190-c18d-47be-91a2-baf6a4a4eca6" />
    <UnitTestResult executionId="7841c147-31db-4f04-ba05-a67f97a005d3" testId="d3dd4de0-b993-432b-9dbe-d4a3acbce3e0" testName="GetNextValue_PositiveStep_ValueIsIncreasedByStep (Data Row 0)" computerName="ICSWS068" duration="00:00:00.3271187" startTime="2016-08-04T08:20:39.4486910+02:00" endTime="2016-08-04T08:20:39.7760341+02:00" testType="13cdc9d9-ddb5-4fa4-a97d-d965ccfc6d4b" outcome="Passed" testListId="8c84fa94-04c1-424b-9868-57a2d4851a1d" relativeResultsDirectory="7841c147-31db-4f04-ba05-a67f97a005d3" />
    <UnitTestResult executionId="eae19f4f-8ad4-4157-b96c-9479d8767229" testId="cd4b6100-b413-4576-a3c3-4b2c184f5a3b" testName="GetNextValue_PositiveStep_ValueIsIncreasedByStep (Data Row 1)" computerName="ICSWS068" duration="00:00:00.3262809" startTime="2016-08-04T08:20:39.7760341+02:00" endTime="2016-08-04T08:20:40.1021248+02:00" testType="13cdc9d9-ddb5-4fa4-a97d-d965ccfc6d4b" outcome="Passed" testListId="8c84fa94-04c1-424b-9868-57a2d4851a1d" relativeResultsDirectory="eae19f4f-8ad4-4157-b96c-9479d8767229" />
    <UnitTestResult executionId="19544286-8019-45db-b571-74e2b42bdca0" testId="d7db7f4e-de47-44f5-bfd8-1086289262bb" testName="GetNextValue_PositiveStep_ValueIsIncreasedByStep (Data Row 2)" computerName="ICSWS068" duration="00:00:00.3221859" startTime="2016-08-04T08:20:40.1021248+02:00" endTime="2016-08-04T08:20:40.4245859+02:00" testType="13cdc9d9-ddb5-4fa4-a97d-d965ccfc6d4b" outcome="Passed" testListId="8c84fa94-04c1-424b-9868-57a2d4851a1d" relativeResultsDirectory="19544286-8019-45db-b571-74e2b42bdca0" />
    <UnitTestResult executionId="f112d231-dea3-4c51-a6a4-302e0e6a37f9" testId="0d8c4ec7-9f56-490d-b355-ed24132c7de0" testName="GetNextValue_NegativeStep_ValueIsIncreasedByStep (Data Row 0)" computerName="ICSWS068" duration="00:00:00.3372214" startTime="2016-08-04T08:20:40.4321124+02:00" endTime="2016-08-04T08:20:40.7696527+02:00" testType="13cdc9d9-ddb5-4fa4-a97d-d965ccfc6d4b" outcome="Passed" testListId="8c84fa94-04c1-424b-9868-57a2d4851a1d" relativeResultsDirectory="f112d231-dea3-4c51-a6a4-302e0e6a37f9" />
    <UnitTestResult executionId="028ef578-292d-4f86-b71f-ae2c2e1156f9" testId="c0bbbf17-5f86-478c-9725-34ab3694b049" testName="GetNextValue_NegativeStep_ValueIsIncreasedByStep (Data Row 1)" computerName="ICSWS068" duration="00:00:00.3678177" startTime="2016-08-04T08:20:40.7696527+02:00" endTime="2016-08-04T08:20:41.1371843+02:00" testType="13cdc9d9-ddb5-4fa4-a97d-d965ccfc6d4b" outcome="Passed" testListId="8c84fa94-04c1-424b-9868-57a2d4851a1d" relativeResultsDirectory="028ef578-292d-4f86-b71f-ae2c2e1156f9" />
    <UnitTestResult executionId="cce3d76e-0d21-4f67-a30e-a1001b18f35d" testId="e5864e3f-bb18-48d3-a295-64a3b4ef0cf8" testName="GetNextValue_NegativeStep_ValueIsIncreasedByStep (Data Row 2)" computerName="ICSWS068" duration="00:00:00.3706754" startTime="2016-08-04T08:20:41.1371843+02:00" endTime="2016-08-04T08:20:41.5080809+02:00" testType="13cdc9d9-ddb5-4fa4-a97d-d965ccfc6d4b" outcome="Passed" testListId="8c84fa94-04c1-424b-9868-57a2d4851a1d" relativeResultsDirectory="cce3d76e-0d21-4f67-a30e-a1001b18f35d" />
    <UnitTestResult executionId="85aaaed6-1a25-4b13-8c71-4a7df09d935a" testId="3c7dbe33-5207-9927-a87d-5b166619e22a" testName="GetNextValueConcurrencyTest" computerName="ICSWS068" duration="00:00:04.1536758" startTime="2016-08-04T10:20:41.5120841+02:00" endTime="2016-08-04T10:20:45.6673876+02:00" testType="13cdc9d9-ddb5-4fa4-a97d-d965ccfc6d4b" outcome="Passed" testListId="8c84fa94-04c1-424b-9868-57a2d4851a1d" relativeResultsDirectory="85aaaed6-1a25-4b13-8c71-4a7df09d935a" />
    <UnitTestResult executionId="c1e168f4-54c3-411b-94ad-e3e143cb4233" testId="d1c2c763-24ad-7df4-2f3e-327b518c4b57" testName="Import_NewSimpleSerializableCounter_ShouldPersistCorrectly" computerName="ICSWS068" duration="00:00:00.3749961" startTime="2016-08-04T10:20:45.6703902+02:00" endTime="2016-08-04T10:20:46.0466577+02:00" testType="13cdc9d9-ddb5-4fa4-a97d-d965ccfc6d4b" outcome="Passed" testListId="8c84fa94-04c1-424b-9868-57a2d4851a1d" relativeResultsDirectory="c1e168f4-54c3-411b-94ad-e3e143cb4233" />
    <UnitTestResult executionId="919e53f8-a60a-442b-ada0-b643a0efa269" testId="56526a4d-6258-5848-51a0-7f1f83254450" testName="RepositoryEntityTypeId_ReturnsEventType" computerName="ICSWS068" duration="00:00:00.3275773" startTime="2016-08-04T10:20:46.0491606+02:00" endTime="2016-08-04T10:20:46.3793462+02:00" testType="13cdc9d9-ddb5-4fa4-a97d-d965ccfc6d4b" outcome="Passed" testListId="8c84fa94-04c1-424b-9868-57a2d4851a1d" relativeResultsDirectory="919e53f8-a60a-442b-ada0-b643a0efa269" />
    <UnitTestResult executionId="000c3851-6cb6-4588-b6a5-dbd06d80e0e7" testId="6814a742-3143-753e-030b-da26d62e58fa" testName="RepositoryEntityType_ReturnsIEventType" computerName="ICSWS068" duration="00:00:00.3356795" startTime="2016-08-04T10:20:46.3843525+02:00" endTime="2016-08-04T10:20:46.7216732+02:00" testType="13cdc9d9-ddb5-4fa4-a97d-d965ccfc6d4b" outcome="Passed" testListId="8c84fa94-04c1-424b-9868-57a2d4851a1d" relativeResultsDirectory="000c3851-6cb6-4588-b6a5-dbd06d80e0e7" />
    <UnitTestResult executionId="553f6543-2afd-492f-91fb-ce03f8ac377f" testId="1a3c493b-8ce6-1554-1691-8d6dbfa0c83d" testName="RepositorySystemContext_MatchesActualSystemContext" computerName="ICSWS068" duration="00:00:00.3282638" startTime="2016-08-04T10:20:46.7246743+02:00" endTime="2016-08-04T10:20:47.0545886+02:00" testType="13cdc9d9-ddb5-4fa4-a97d-d965ccfc6d4b" outcome="Passed" testListId="8c84fa94-04c1-424b-9868-57a2d4851a1d" relativeResultsDirectory="553f6543-2afd-492f-91fb-ce03f8ac377f" />
    <UnitTestResult executionId="2326b245-64cf-414d-8489-a61029193be0" testId="f52bf0b1-efd7-4cdc-8903-169d6e73348d" testName="Exists_KnownEventTypeId_ReturnsTrue (Data Row 0)" computerName="ICSWS068" duration="00:00:00.3279670" startTime="2016-08-04T08:20:47.0616129+02:00" endTime="2016-08-04T08:20:47.3897648+02:00" testType="13cdc9d9-ddb5-4fa4-a97d-d965ccfc6d4b" outcome="Passed" testListId="8c84fa94-04c1-424b-9868-57a2d4851a1d" relativeResultsDirectory="2326b245-64cf-414d-8489-a61029193be0" />
    <UnitTestResult executionId="1832b960-fb28-4ce2-9dd8-b1d89b6a7e3b" testId="e25ab65e-4c65-4101-adf1-4fc568c48414" testName="Exists_KnownEventTypeId_ReturnsTrue (Data Row 1)" computerName="ICSWS068" duration="00:00:00.3623859" startTime="2016-08-04T08:20:47.3897648+02:00" endTime="2016-08-04T08:20:47.7521950+02:00" testType="13cdc9d9-ddb5-4fa4-a97d-d965ccfc6d4b" outcome="Passed" testListId="8c84fa94-04c1-424b-9868-57a2d4851a1d" relativeResultsDirectory="1832b960-fb28-4ce2-9dd8-b1d89b6a7e3b" />
    <UnitTestResult executionId="5a96caba-655d-41af-8485-bd299fb51b47" testId="e30b708a-74ab-417e-a095-e789e592bbbc" testName="Exists_KnownEventTypeId_ReturnsTrue (Data Row 2)" computerName="ICSWS068" duration="00:00:00.3298503" startTime="2016-08-04T08:20:47.7521950+02:00" endTime="2016-08-04T08:20:48.0817656+02:00" testType="13cdc9d9-ddb5-4fa4-a97d-d965ccfc6d4b" outcome="Passed" testListId="8c84fa94-04c1-424b-9868-57a2d4851a1d" relativeResultsDirectory="5a96caba-655d-41af-8485-bd299fb51b47" />
    <UnitTestResult executionId="dee6e971-1dae-46e2-9bef-9da04898a01d" testId="9cf77929-191c-4649-bdd9-a62e8718e0b3" testName="Exists_KnownEventTypeId_ReturnsTrue (Data Row 3)" computerName="ICSWS068" duration="00:00:00.3415166" startTime="2016-08-04T08:20:48.0817656+02:00" endTime="2016-08-04T08:20:48.4235026+02:00" testType="13cdc9d9-ddb5-4fa4-a97d-d965ccfc6d4b" outcome="Passed" testListId="8c84fa94-04c1-424b-9868-57a2d4851a1d" relativeResultsDirectory="dee6e971-1dae-46e2-9bef-9da04898a01d" />
    <UnitTestResult executionId="ea87b54e-82a0-4933-b24d-81c0b1bf172f" testId="43b6aff3-97f4-4142-941c-73da7170a0e7" testName="Exists_KnownEventTypeId_ReturnsTrue (Data Row 4)" computerName="ICSWS068" duration="00:00:00.3215851" startTime="2016-08-04T08:20:48.4235026+02:00" endTime="2016-08-04T08:20:48.7450842+02:00" testType="13cdc9d9-ddb5-4fa4-a97d-d965ccfc6d4b" outcome="Passed" testListId="8c84fa94-04c1-424b-9868-57a2d4851a1d" relativeResultsDirectory="ea87b54e-82a0-4933-b24d-81c0b1bf172f" />
    <UnitTestResult executionId="7326ae32-b1f1-4298-b331-aabbb2a80928" testId="a7a7503c-6b8a-4114-b68b-0eaebd7314d5" testName="Exists_KnownEventTypeId_ReturnsTrue (Data Row 5)" computerName="ICSWS068" duration="00:00:00.3872932" startTime="2016-08-04T08:20:48.7450842+02:00" endTime="2016-08-04T08:20:49.1324730+02:00" testType="13cdc9d9-ddb5-4fa4-a97d-d965ccfc6d4b" outcome="Passed" testListId="8c84fa94-04c1-424b-9868-57a2d4851a1d" relativeResultsDirectory="7326ae32-b1f1-4298-b331-aabbb2a80928" />
    <UnitTestResult executionId="b01f5be7-7de5-48a2-8afc-0d78e5fe14d1" testId="96d0b905-c337-4072-a53e-49d4cf17f69b" testName="Exists_KnownEventTypeId_ReturnsTrue (Data Row 6)" computerName="ICSWS068" duration="00:00:00.3256167" startTime="2016-08-04T08:20:49.1324730+02:00" endTime="2016-08-04T08:20:49.4577915+02:00" testType="13cdc9d9-ddb5-4fa4-a97d-d965ccfc6d4b" outcome="Passed" testListId="8c84fa94-04c1-424b-9868-57a2d4851a1d" relativeResultsDirectory="b01f5be7-7de5-48a2-8afc-0d78e5fe14d1" />
    <UnitTestResult executionId="3f304a54-2e42-4e5c-850e-d884f04b1b05" testId="fc8ed08d-538f-4c73-ae0f-18d0bfe07aae" testName="Exists_KnownEventTypeId_ReturnsTrue (Data Row 7)" computerName="ICSWS068" duration="00:00:00.3438142" startTime="2016-08-04T08:20:49.4577915+02:00" endTime="2016-08-04T08:20:49.8020141+02:00" testType="13cdc9d9-ddb5-4fa4-a97d-d965ccfc6d4b" outcome="Passed" testListId="8c84fa94-04c1-424b-9868-57a2d4851a1d" relativeResultsDirectory="3f304a54-2e42-4e5c-850e-d884f04b1b05" />
    <UnitTestResult executionId="6a79c810-e920-4358-a94f-4931677194cb" testId="25301a79-43e4-9d8c-5ded-213e25737cfa" testName="Exists_NonExistingEventTypeId_ReturnsFalse" computerName="ICSWS068" duration="00:00:00.3461367" startTime="2016-08-04T10:20:49.8060175+02:00" endTime="2016-08-04T10:20:50.1540717+02:00" testType="13cdc9d9-ddb5-4fa4-a97d-d965ccfc6d4b" outcome="Passed" testListId="8c84fa94-04c1-424b-9868-57a2d4851a1d" relativeResultsDirectory="6a79c810-e920-4358-a94f-4931677194cb" />
    <UnitTestResult executionId="dc062185-31f4-4ffc-a28c-e00feb03a9a3" testId="21f42443-d480-acb0-b6c5-114ee86fddfe" testName="Exists_UnsupportedKey_ThrowsArgumentException" computerName="ICSWS068" duration="00:00:00.3384172" startTime="2016-08-04T10:20:50.1570737+02:00" endTime="2016-08-04T10:20:50.4972559+02:00" testType="13cdc9d9-ddb5-4fa4-a97d-d965ccfc6d4b" outcome="Passed" testListId="8c84fa94-04c1-424b-9868-57a2d4851a1d" relativeResultsDirectory="dc062185-31f4-4ffc-a28c-e00feb03a9a3" />
    <UnitTestResult executionId="b9dc0a57-2c1c-426e-ac7b-a35644ce65e2" testId="5cc9c9f3-cf2d-47e3-993c-093c7ec6c53d" testName="Exists_KnownEventTypeKey_ReturnsTrue (Data Row 0)" computerName="ICSWS068" duration="00:00:00.3264181" startTime="2016-08-04T08:20:50.5022587+02:00" endTime="2016-08-04T08:20:50.8282547+02:00" testType="13cdc9d9-ddb5-4fa4-a97d-d965ccfc6d4b" outcome="Passed" testListId="8c84fa94-04c1-424b-9868-57a2d4851a1d" relativeResultsDirectory="b9dc0a57-2c1c-426e-ac7b-a35644ce65e2" />
    <UnitTestResult executionId="729cce8e-1adc-4a9a-b3a8-0889baa3ef9a" testId="b9e98c47-9f2d-477d-847c-163d4bec2bff" testName="Exists_KnownEventTypeKey_ReturnsTrue (Data Row 1)" computerName="ICSWS068" duration="00:00:00.3376633" startTime="2016-08-04T08:20:50.8282547+02:00" endTime="2016-08-04T08:20:51.1660944+02:00" testType="13cdc9d9-ddb5-4fa4-a97d-d965ccfc6d4b" outcome="Passed" testListId="8c84fa94-04c1-424b-9868-57a2d4851a1d" relativeResultsDirectory="729cce8e-1adc-4a9a-b3a8-0889baa3ef9a" />
    <UnitTestResult executionId="5ad4a907-b8f0-497d-a7a6-0a5b4c1db796" testId="f5a37356-46a2-49bb-9ec8-e8866933dded" testName="Exists_KnownEventTypeKey_ReturnsTrue (Data Row 2)" computerName="ICSWS068" duration="00:00:00.3436837" startTime="2016-08-04T08:20:51.1660944+02:00" endTime="2016-08-04T08:20:51.5099618+02:00" testType="13cdc9d9-ddb5-4fa4-a97d-d965ccfc6d4b" outcome="Passed" testListId="8c84fa94-04c1-424b-9868-57a2d4851a1d" relativeResultsDirectory="5ad4a907-b8f0-497d-a7a6-0a5b4c1db796" />
    <UnitTestResult executionId="85173ad6-b703-451f-a4f8-88afe5bc5ad2" testId="4d014e52-6c08-44a6-ba52-4fd25266e0cb" testName="Exists_KnownEventTypeKey_ReturnsTrue (Data Row 3)" computerName="ICSWS068" duration="00:00:00.3351651" startTime="2016-08-04T08:20:51.5099618+02:00" endTime="2016-08-04T08:20:51.8448482+02:00" testType="13cdc9d9-ddb5-4fa4-a97d-d965ccfc6d4b" outcome="Passed" testListId="8c84fa94-04c1-424b-9868-57a2d4851a1d" relativeResultsDirectory="85173ad6-b703-451f-a4f8-88afe5bc5ad2" />
    <UnitTestResult executionId="3a6e579c-4b7f-4b0e-9c63-198e4f01d599" testId="6922f4d4-f7c7-4157-8ef7-b7ae101b294e" testName="Exists_KnownEventTypeKey_ReturnsTrue (Data Row 4)" computerName="ICSWS068" duration="00:00:00.3227780" startTime="2016-08-04T08:20:51.8448482+02:00" endTime="2016-08-04T08:20:52.1676729+02:00" testType="13cdc9d9-ddb5-4fa4-a97d-d965ccfc6d4b" outcome="Passed" testListId="8c84fa94-04c1-424b-9868-57a2d4851a1d" relativeResultsDirectory="3a6e579c-4b7f-4b0e-9c63-198e4f01d599" />
    <UnitTestResult executionId="c42572a5-80ac-4005-b96a-36a839ef1599" testId="ba10eb97-ad1a-4e5b-9f4e-bcb789c96e42" testName="Exists_KnownEventTypeKey_ReturnsTrue (Data Row 5)" computerName="ICSWS068" duration="00:00:00.4161037" startTime="2016-08-04T08:20:52.1676729+02:00" endTime="2016-08-04T08:20:52.5837840+02:00" testType="13cdc9d9-ddb5-4fa4-a97d-d965ccfc6d4b" outcome="Passed" testListId="8c84fa94-04c1-424b-9868-57a2d4851a1d" relativeResultsDirectory="c42572a5-80ac-4005-b96a-36a839ef1599" />
    <UnitTestResult executionId="1807b8bb-c895-4849-81e8-b51312419c34" testId="6143fb2c-36a1-4dda-988a-646af506b5d0" testName="Exists_KnownEventTypeKey_ReturnsTrue (Data Row 6)" computerName="ICSWS068" duration="00:00:00.3240120" startTime="2016-08-04T08:20:52.5837840+02:00" endTime="2016-08-04T08:20:52.9077879+02:00" testType="13cdc9d9-ddb5-4fa4-a97d-d965ccfc6d4b" outcome="Passed" testListId="8c84fa94-04c1-424b-9868-57a2d4851a1d" relativeResultsDirectory="1807b8bb-c895-4849-81e8-b51312419c34" />
    <UnitTestResult executionId="297e60bf-de13-410a-a807-12c920adbc17" testId="f912d644-0b54-4016-9c61-9b047d09d895" testName="Exists_KnownEventTypeKey_ReturnsTrue (Data Row 7)" computerName="ICSWS068" duration="00:00:00.3233915" startTime="2016-08-04T08:20:52.9077879+02:00" endTime="2016-08-04T08:20:53.2313414+02:00" testType="13cdc9d9-ddb5-4fa4-a97d-d965ccfc6d4b" outcome="Passed" testListId="8c84fa94-04c1-424b-9868-57a2d4851a1d" relativeResultsDirectory="297e60bf-de13-410a-a807-12c920adbc17" />
    <UnitTestResult executionId="493c4f7c-55d4-4661-ad9d-519803b7fc64" testId="7f509a70-4d7e-85bd-52a2-517ace7aea44" testName="Exists_NonExistingEventTypeKey_ReturnsFalse" computerName="ICSWS068" duration="00:00:00.3808294" startTime="2016-08-04T10:20:53.2348445+02:00" endTime="2016-08-04T10:20:53.6170674+02:00" testType="13cdc9d9-ddb5-4fa4-a97d-d965ccfc6d4b" outcome="Passed" testListId="8c84fa94-04c1-424b-9868-57a2d4851a1d" relativeResultsDirectory="493c4f7c-55d4-4661-ad9d-519803b7fc64" />
    <UnitTestResult executionId="b51fa6c6-af62-4ff4-b2af-dc943591386a" testId="74632249-857d-a5a4-a24f-f857a6f9b9b6" testName="CreateInstance_CreatesNewEventType" computerName="ICSWS068" duration="00:00:00.3408653" startTime="2016-08-04T10:20:53.6210720+02:00" endTime="2016-08-04T10:20:53.9638327+02:00" testType="13cdc9d9-ddb5-4fa4-a97d-d965ccfc6d4b" outcome="Passed" testListId="8c84fa94-04c1-424b-9868-57a2d4851a1d" relativeResultsDirectory="b51fa6c6-af62-4ff4-b2af-dc943591386a" />
    <UnitTestResult executionId="e3058682-1cef-4c2e-835a-14b25e62e394" testId="f697e65e-afd7-42d0-8032-a0d6b2f3bf58" testName="List_ContainsEachKnownEventTypeOnce (Data Row 0)" computerName="ICSWS068" duration="00:00:00.3278151" startTime="2016-08-04T08:20:53.9683359+02:00" endTime="2016-08-04T08:20:54.2962455+02:00" testType="13cdc9d9-ddb5-4fa4-a97d-d965ccfc6d4b" outcome="Passed" testListId="8c84fa94-04c1-424b-9868-57a2d4851a1d" relativeResultsDirectory="e3058682-1cef-4c2e-835a-14b25e62e394" />
    <UnitTestResult executionId="e35ec487-0aaa-4de7-8d53-cfbb29a6ae42" testId="ee6e4547-6f46-40e1-bb3c-0ded480f86cf" testName="List_ContainsEachKnownEventTypeOnce (Data Row 1)" computerName="ICSWS068" duration="00:00:00.3340499" startTime="2016-08-04T08:20:54.2962455+02:00" endTime="2016-08-04T08:20:54.6303877+02:00" testType="13cdc9d9-ddb5-4fa4-a97d-d965ccfc6d4b" outcome="Passed" testListId="8c84fa94-04c1-424b-9868-57a2d4851a1d" relativeResultsDirectory="e35ec487-0aaa-4de7-8d53-cfbb29a6ae42" />
    <UnitTestResult executionId="d1155395-f19d-4517-984f-456b090aea52" testId="dda97fca-ad47-444f-89a7-603755034e68" testName="List_ContainsEachKnownEventTypeOnce (Data Row 2)" computerName="ICSWS068" duration="00:00:00.3942957" startTime="2016-08-04T08:20:54.6303877+02:00" endTime="2016-08-04T08:20:55.0246290+02:00" testType="13cdc9d9-ddb5-4fa4-a97d-d965ccfc6d4b" outcome="Passed" testListId="8c84fa94-04c1-424b-9868-57a2d4851a1d" relativeResultsDirectory="d1155395-f19d-4517-984f-456b090aea52" />
    <UnitTestResult executionId="ebe2bca9-ff54-4dd1-b100-e33eb5cbf49b" testId="e8b70631-2945-4969-9ac6-59b4202a716e" testName="List_ContainsEachKnownEventTypeOnce (Data Row 3)" computerName="ICSWS068" duration="00:00:00.3305010" startTime="2016-08-04T08:20:55.0246290+02:00" endTime="2016-08-04T08:20:55.3552800+02:00" testType="13cdc9d9-ddb5-4fa4-a97d-d965ccfc6d4b" outcome="Passed" testListId="8c84fa94-04c1-424b-9868-57a2d4851a1d" relativeResultsDirectory="ebe2bca9-ff54-4dd1-b100-e33eb5cbf49b" />
    <UnitTestResult executionId="336b4408-1fe3-4bd6-967e-83839f4b3ee4" testId="0e0d6ffe-f01a-4198-a39a-744ca19e875e" testName="List_ContainsEachKnownEventTypeOnce (Data Row 4)" computerName="ICSWS068" duration="00:00:00.3467038" startTime="2016-08-04T08:20:55.3552800+02:00" endTime="2016-08-04T08:20:55.7022908+02:00" testType="13cdc9d9-ddb5-4fa4-a97d-d965ccfc6d4b" outcome="Passed" testListId="8c84fa94-04c1-424b-9868-57a2d4851a1d" relativeResultsDirectory="336b4408-1fe3-4bd6-967e-83839f4b3ee4" />
    <UnitTestResult executionId="87a11150-185f-4029-8fa5-9fcb38fc9868" testId="5d407495-e986-4f34-9079-6d15b1351acb" testName="List_ContainsEachKnownEventTypeOnce (Data Row 5)" computerName="ICSWS068" duration="00:00:00.3228493" startTime="2016-08-04T08:20:55.7022908+02:00" endTime="2016-08-04T08:20:56.0248783+02:00" testType="13cdc9d9-ddb5-4fa4-a97d-d965ccfc6d4b" outcome="Passed" testListId="8c84fa94-04c1-424b-9868-57a2d4851a1d" relativeResultsDirectory="87a11150-185f-4029-8fa5-9fcb38fc9868" />
    <UnitTestResult executionId="97f2fea6-abb2-4a2e-a1bd-0ad881511ea0" testId="4aac8e7e-23f9-453a-b673-dd4b4e1883bc" testName="List_ContainsEachKnownEventTypeOnce (Data Row 6)" computerName="ICSWS068" duration="00:00:00.3261700" startTime="2016-08-04T08:20:56.0248783+02:00" endTime="2016-08-04T08:20:56.3510255+02:00" testType="13cdc9d9-ddb5-4fa4-a97d-d965ccfc6d4b" outcome="Passed" testListId="8c84fa94-04c1-424b-9868-57a2d4851a1d" relativeResultsDirectory="97f2fea6-abb2-4a2e-a1bd-0ad881511ea0" />
    <UnitTestResult executionId="00fdbe6a-dd9c-480c-98e0-2b9981b90fb6" testId="86388cac-90bd-4065-9c12-c5128dde0f62" testName="List_ContainsEachKnownEventTypeOnce (Data Row 7)" computerName="ICSWS068" duration="00:00:00.3248768" startTime="2016-08-04T08:20:56.3510255+02:00" endTime="2016-08-04T08:20:56.6758256+02:00" testType="13cdc9d9-ddb5-4fa4-a97d-d965ccfc6d4b" outcome="Passed" testListId="8c84fa94-04c1-424b-9868-57a2d4851a1d" relativeResultsDirectory="00fdbe6a-dd9c-480c-98e0-2b9981b90fb6" />
    <UnitTestResult executionId="9f2c6107-458a-42c1-8abd-3045345b4f9c" testId="6524a0a5-f831-4927-abdb-8e88c9d25ab5" testName="List_ShouldSetSystemContextCorrectly" computerName="ICSWS068" duration="00:00:00.3329924" startTime="2016-08-04T10:20:56.6798276+02:00" endTime="2016-08-04T10:20:57.0140747+02:00" testType="13cdc9d9-ddb5-4fa4-a97d-d965ccfc6d4b" outcome="Passed" testListId="8c84fa94-04c1-424b-9868-57a2d4851a1d" relativeResultsDirectory="9f2c6107-458a-42c1-8abd-3045345b4f9c" />
    <UnitTestResult executionId="a27a3139-6bcc-48a4-847f-e68f1aadc18e" testId="31e44551-6a00-9dff-44ec-cc70dd1c0a8e" testName="GetById_NewGuid_ThrowsEntityNotFoundException" computerName="ICSWS068" duration="00:00:00.3319098" startTime="2016-08-04T10:20:57.0170773+02:00" endTime="2016-08-04T10:20:57.3503282+02:00" testType="13cdc9d9-ddb5-4fa4-a97d-d965ccfc6d4b" outcome="Passed" testListId="8c84fa94-04c1-424b-9868-57a2d4851a1d" relativeResultsDirectory="a27a3139-6bcc-48a4-847f-e68f1aadc18e" />
    <UnitTestResult executionId="ad24f4ec-c796-4276-a4ec-2850bba3885b" testId="765adbe1-3c8f-4d7c-8e93-fa94e57c6539" testName="GetById_KnownEventTypeId_ReturnsEntityWithCorrectProperties (Data Row 0)" computerName="ICSWS068" duration="00:00:00.3637530" startTime="2016-08-04T08:20:57.3553316+02:00" endTime="2016-08-04T08:20:57.7191944+02:00" testType="13cdc9d9-ddb5-4fa4-a97d-d965ccfc6d4b" outcome="Passed" testListId="8c84fa94-04c1-424b-9868-57a2d4851a1d" relativeResultsDirectory="ad24f4ec-c796-4276-a4ec-2850bba3885b" />
    <UnitTestResult executionId="47d9919f-375f-4c13-9703-2add64d60ef1" testId="2b67aada-743a-4f21-82e8-3c4e71edbe4f" testName="GetById_KnownEventTypeId_ReturnsEntityWithCorrectProperties (Data Row 1)" computerName="ICSWS068" duration="00:00:00.3242973" startTime="2016-08-04T08:20:57.7191944+02:00" endTime="2016-08-04T08:20:58.0436205+02:00" testType="13cdc9d9-ddb5-4fa4-a97d-d965ccfc6d4b" outcome="Passed" testListId="8c84fa94-04c1-424b-9868-57a2d4851a1d" relativeResultsDirectory="47d9919f-375f-4c13-9703-2add64d60ef1" />
    <UnitTestResult executionId="4eb70af6-6e6e-4604-b70e-f59c1cd5f5cd" testId="885847d0-995e-4f0f-b8b7-0908a30ecc9c" testName="GetById_KnownEventTypeId_ReturnsEntityWithCorrectProperties (Data Row 2)" computerName="ICSWS068" duration="00:00:00.3446232" startTime="2016-08-04T08:20:58.0436205+02:00" endTime="2016-08-04T08:20:58.3883841+02:00" testType="13cdc9d9-ddb5-4fa4-a97d-d965ccfc6d4b" outcome="Passed" testListId="8c84fa94-04c1-424b-9868-57a2d4851a1d" relativeResultsDirectory="4eb70af6-6e6e-4604-b70e-f59c1cd5f5cd" />
    <UnitTestResult executionId="6cebe3f6-f288-42b0-815a-d9a2ba49fc3b" testId="92f73700-7009-42c2-a080-2d52f6de6ff4" testName="GetById_KnownEventTypeId_ReturnsEntityWithCorrectProperties (Data Row 3)" computerName="ICSWS068" duration="00:00:00.3292911" startTime="2016-08-04T08:20:58.3883841+02:00" endTime="2016-08-04T08:20:58.7174906+02:00" testType="13cdc9d9-ddb5-4fa4-a97d-d965ccfc6d4b" outcome="Passed" testListId="8c84fa94-04c1-424b-9868-57a2d4851a1d" relativeResultsDirectory="6cebe3f6-f288-42b0-815a-d9a2ba49fc3b" />
    <UnitTestResult executionId="db71ff18-6971-4d68-876b-88e21c64def4" testId="5737bd83-153e-4fd7-bc65-7078a9ca5929" testName="GetById_KnownEventTypeId_ReturnsEntityWithCorrectProperties (Data Row 4)" computerName="ICSWS068" duration="00:00:00.3363161" startTime="2016-08-04T08:20:58.7174906+02:00" endTime="2016-08-04T08:20:59.0539051+02:00" testType="13cdc9d9-ddb5-4fa4-a97d-d965ccfc6d4b" outcome="Passed" testListId="8c84fa94-04c1-424b-9868-57a2d4851a1d" relativeResultsDirectory="db71ff18-6971-4d68-876b-88e21c64def4" />
    <UnitTestResult executionId="917765a5-8bdc-4122-adec-b3a70a5e54e6" testId="d8fcc29d-e494-466d-9341-ad38838b40af" testName="GetById_KnownEventTypeId_ReturnsEntityWithCorrectProperties (Data Row 5)" computerName="ICSWS068" duration="00:00:00.3268061" startTime="2016-08-04T08:20:59.0539051+02:00" endTime="2016-08-04T08:20:59.3794471+02:00" testType="13cdc9d9-ddb5-4fa4-a97d-d965ccfc6d4b" outcome="Passed" testListId="8c84fa94-04c1-424b-9868-57a2d4851a1d" relativeResultsDirectory="917765a5-8bdc-4122-adec-b3a70a5e54e6" />
    <UnitTestResult executionId="84598a7b-51da-452b-bfe6-9bef1451f485" testId="dc41eb72-4847-43fe-a7d0-ffdc275688a8" testName="GetById_KnownEventTypeId_ReturnsEntityWithCorrectProperties (Data Row 6)" computerName="ICSWS068" duration="00:00:00.3231909" startTime="2016-08-04T08:20:59.3794471+02:00" endTime="2016-08-04T08:20:59.7040541+02:00" testType="13cdc9d9-ddb5-4fa4-a97d-d965ccfc6d4b" outcome="Passed" testListId="8c84fa94-04c1-424b-9868-57a2d4851a1d" relativeResultsDirectory="84598a7b-51da-452b-bfe6-9bef1451f485" />
    <UnitTestResult executionId="e6d8ce04-e926-4fd0-b9a5-947a32e7bfd7" testId="5a6390d5-32f2-4e38-b48f-deedc1d754d1" testName="GetById_KnownEventTypeId_ReturnsEntityWithCorrectProperties (Data Row 7)" computerName="ICSWS068" duration="00:00:00.3219431" startTime="2016-08-04T08:20:59.7040541+02:00" endTime="2016-08-04T08:21:00.0257742+02:00" testType="13cdc9d9-ddb5-4fa4-a97d-d965ccfc6d4b" outcome="Passed" testListId="8c84fa94-04c1-424b-9868-57a2d4851a1d" relativeResultsDirectory="e6d8ce04-e926-4fd0-b9a5-947a32e7bfd7" />
    <UnitTestResult executionId="9c80a15b-a439-40cc-b6e1-63597c3eb3b6" testId="1cc68a49-5d58-18e6-da49-b3ee6044cad8" testName="TryGetById_NewGuid_ReturnsNull" computerName="ICSWS068" duration="00:00:00.3211819" startTime="2016-08-04T10:21:00.0297612+02:00" endTime="2016-08-04T10:21:00.3524765+02:00" testType="13cdc9d9-ddb5-4fa4-a97d-d965ccfc6d4b" outcome="Passed" testListId="8c84fa94-04c1-424b-9868-57a2d4851a1d" relativeResultsDirectory="9c80a15b-a439-40cc-b6e1-63597c3eb3b6" />
    <UnitTestResult executionId="ba350b89-37fd-4dd6-9fb1-0fd6d6d5ae7d" testId="9891cdea-464e-45bf-8432-273596dbe8f4" testName="TryGetById_KnownEventTypeId_ReturnsEntityWithCorrectProperties (Data Row 0)" computerName="ICSWS068" duration="00:00:00.3225657" startTime="2016-08-04T08:21:00.3574797+02:00" endTime="2016-08-04T08:21:00.6801393+02:00" testType="13cdc9d9-ddb5-4fa4-a97d-d965ccfc6d4b" outcome="Passed" testListId="8c84fa94-04c1-424b-9868-57a2d4851a1d" relativeResultsDirectory="ba350b89-37fd-4dd6-9fb1-0fd6d6d5ae7d" />
    <UnitTestResult executionId="1add730f-7a5e-4d79-aa0f-c8939ac0057f" testId="691e8520-3bef-41b8-8126-224c5cb6e7b9" testName="TryGetById_KnownEventTypeId_ReturnsEntityWithCorrectProperties (Data Row 1)" computerName="ICSWS068" duration="00:00:00.3636468" startTime="2016-08-04T08:21:00.6801393+02:00" endTime="2016-08-04T08:21:01.0436006+02:00" testType="13cdc9d9-ddb5-4fa4-a97d-d965ccfc6d4b" outcome="Passed" testListId="8c84fa94-04c1-424b-9868-57a2d4851a1d" relativeResultsDirectory="1add730f-7a5e-4d79-aa0f-c8939ac0057f" />
    <UnitTestResult executionId="56e3fa60-1d0b-4338-b700-c70aae7270fa" testId="4bad3335-1886-4739-84e7-4f7f4eef3aab" testName="TryGetById_KnownEventTypeId_ReturnsEntityWithCorrectProperties (Data Row 2)" computerName="ICSWS068" duration="00:00:00.3200851" startTime="2016-08-04T08:21:01.0436006+02:00" endTime="2016-08-04T08:21:01.3637869+02:00" testType="13cdc9d9-ddb5-4fa4-a97d-d965ccfc6d4b" outcome="Passed" testListId="8c84fa94-04c1-424b-9868-57a2d4851a1d" relativeResultsDirectory="56e3fa60-1d0b-4338-b700-c70aae7270fa" />
    <UnitTestResult executionId="e4410537-070e-43e3-8ca5-18fdecc4c3f2" testId="a31d2bb3-dc4d-4c6c-9400-f8cdf957319d" testName="TryGetById_KnownEventTypeId_ReturnsEntityWithCorrectProperties (Data Row 3)" computerName="ICSWS068" duration="00:00:00.3261900" startTime="2016-08-04T08:21:01.3637869+02:00" endTime="2016-08-04T08:21:01.6900142+02:00" testType="13cdc9d9-ddb5-4fa4-a97d-d965ccfc6d4b" outcome="Passed" testListId="8c84fa94-04c1-424b-9868-57a2d4851a1d" relativeResultsDirectory="e4410537-070e-43e3-8ca5-18fdecc4c3f2" />
    <UnitTestResult executionId="2b91463f-748c-4735-b540-130024689eed" testId="61f48652-7e12-4f3e-8960-8f16934ec32d" testName="TryGetById_KnownEventTypeId_ReturnsEntityWithCorrectProperties (Data Row 4)" computerName="ICSWS068" duration="00:00:00.3509958" startTime="2016-08-04T08:21:01.6900142+02:00" endTime="2016-08-04T08:21:02.0411854+02:00" testType="13cdc9d9-ddb5-4fa4-a97d-d965ccfc6d4b" outcome="Passed" testListId="8c84fa94-04c1-424b-9868-57a2d4851a1d" relativeResultsDirectory="2b91463f-748c-4735-b540-130024689eed" />
    <UnitTestResult executionId="b09388b8-b644-4ce9-9592-c37bb850e2a7" testId="000e5432-0578-4ce9-acea-b3dfb6d0e70f" testName="TryGetById_KnownEventTypeId_ReturnsEntityWithCorrectProperties (Data Row 5)" computerName="ICSWS068" duration="00:00:00.3250718" startTime="2016-08-04T08:21:02.0411854+02:00" endTime="2016-08-04T08:21:02.3662965+02:00" testType="13cdc9d9-ddb5-4fa4-a97d-d965ccfc6d4b" outcome="Passed" testListId="8c84fa94-04c1-424b-9868-57a2d4851a1d" relativeResultsDirectory="b09388b8-b644-4ce9-9592-c37bb850e2a7" />
    <UnitTestResult executionId="54ec2f27-1eb7-4350-bac2-19d4407f745d" testId="32d2f593-f463-4fb9-9f68-85811386f570" testName="TryGetById_KnownEventTypeId_ReturnsEntityWithCorrectProperties (Data Row 6)" computerName="ICSWS068" duration="00:00:00.3200546" startTime="2016-08-04T08:21:02.3662965+02:00" endTime="2016-08-04T08:21:02.6863207+02:00" testType="13cdc9d9-ddb5-4fa4-a97d-d965ccfc6d4b" outcome="Passed" testListId="8c84fa94-04c1-424b-9868-57a2d4851a1d" relativeResultsDirectory="54ec2f27-1eb7-4350-bac2-19d4407f745d" />
    <UnitTestResult executionId="48ab2fa3-0e8b-45fc-9426-2061cbf309f0" testId="22eb4751-ffb1-4b1f-a827-d06e404ced0a" testName="TryGetById_KnownEventTypeId_ReturnsEntityWithCorrectProperties (Data Row 7)" computerName="ICSWS068" duration="00:00:00.3239739" startTime="2016-08-04T08:21:02.6863207+02:00" endTime="2016-08-04T08:21:03.0099237+02:00" testType="13cdc9d9-ddb5-4fa4-a97d-d965ccfc6d4b" outcome="Passed" testListId="8c84fa94-04c1-424b-9868-57a2d4851a1d" relativeResultsDirectory="48ab2fa3-0e8b-45fc-9426-2061cbf309f0" />
    <UnitTestResult executionId="36d0c1f3-047a-4794-b80a-7b9de110d676" testId="94ab92ae-0008-4648-fc8e-526bbd8f7268" testName="GetByKey_NewGuid_ThrowsEntityNotFoundException" computerName="ICSWS068" duration="00:00:00.3269348" startTime="2016-08-04T10:21:03.0139102+02:00" endTime="2016-08-04T10:21:03.3422336+02:00" testType="13cdc9d9-ddb5-4fa4-a97d-d965ccfc6d4b" outcome="Passed" testListId="8c84fa94-04c1-424b-9868-57a2d4851a1d" relativeResultsDirectory="36d0c1f3-047a-4794-b80a-7b9de110d676" />
    <UnitTestResult executionId="08c6e721-30ee-4908-a581-b1b62218cef8" testId="4146ee9c-399c-4682-8e28-9c79528b674c" testName="GetByKey_KnownEventTypeKey_ReturnsEntityWithCorrectProperties (Data Row 0)" computerName="ICSWS068" duration="00:00:00.3187913" startTime="2016-08-04T08:21:03.3482382+02:00" endTime="2016-08-04T08:21:03.6667718+02:00" testType="13cdc9d9-ddb5-4fa4-a97d-d965ccfc6d4b" outcome="Passed" testListId="8c84fa94-04c1-424b-9868-57a2d4851a1d" relativeResultsDirectory="08c6e721-30ee-4908-a581-b1b62218cef8" />
    <UnitTestResult executionId="e420dadd-0c2e-4483-8634-d0e5d3d25491" testId="7a79580c-d2e8-4993-8e46-0cded4357fbb" testName="GetByKey_KnownEventTypeKey_ReturnsEntityWithCorrectProperties (Data Row 1)" computerName="ICSWS068" duration="00:00:00.3214813" startTime="2016-08-04T08:21:03.6667718+02:00" endTime="2016-08-04T08:21:03.9885681+02:00" testType="13cdc9d9-ddb5-4fa4-a97d-d965ccfc6d4b" outcome="Passed" testListId="8c84fa94-04c1-424b-9868-57a2d4851a1d" relativeResultsDirectory="e420dadd-0c2e-4483-8634-d0e5d3d25491" />
    <UnitTestResult executionId="b02e7f6e-4468-4138-b77f-4e14a0e2d480" testId="9bb1604b-b4a1-464d-be72-b5e9a74b54bf" testName="GetByKey_KnownEventTypeKey_ReturnsEntityWithCorrectProperties (Data Row 2)" computerName="ICSWS068" duration="00:00:00.3196757" startTime="2016-08-04T08:21:03.9885681+02:00" endTime="2016-08-04T08:21:04.3081796+02:00" testType="13cdc9d9-ddb5-4fa4-a97d-d965ccfc6d4b" outcome="Passed" testListId="8c84fa94-04c1-424b-9868-57a2d4851a1d" relativeResultsDirectory="b02e7f6e-4468-4138-b77f-4e14a0e2d480" />
    <UnitTestResult executionId="19d5672a-5de7-4036-8dfb-dc6831cf034e" testId="1685d13f-20df-47cd-8f90-87487bffa3c4" testName="GetByKey_KnownEventTypeKey_ReturnsEntityWithCorrectProperties (Data Row 3)" computerName="ICSWS068" duration="00:00:00.3659588" startTime="2016-08-04T08:21:04.3081796+02:00" endTime="2016-08-04T08:21:04.6740344+02:00" testType="13cdc9d9-ddb5-4fa4-a97d-d965ccfc6d4b" outcome="Passed" testListId="8c84fa94-04c1-424b-9868-57a2d4851a1d" relativeResultsDirectory="19d5672a-5de7-4036-8dfb-dc6831cf034e" />
    <UnitTestResult executionId="f5a12aba-82ce-4aaa-9f68-ce2cc8eb7ab7" testId="879476ba-3361-43d9-b63e-1960b335b7d5" testName="GetByKey_KnownEventTypeKey_ReturnsEntityWithCorrectProperties (Data Row 4)" computerName="ICSWS068" duration="00:00:00.3231701" startTime="2016-08-04T08:21:04.6740344+02:00" endTime="2016-08-04T08:21:04.9974521+02:00" testType="13cdc9d9-ddb5-4fa4-a97d-d965ccfc6d4b" outcome="Passed" testListId="8c84fa94-04c1-424b-9868-57a2d4851a1d" relativeResultsDirectory="f5a12aba-82ce-4aaa-9f68-ce2cc8eb7ab7" />
    <UnitTestResult executionId="c9f8b628-1999-4ded-b6fb-9cc74181861d" testId="884c15f7-265d-43ed-8bff-a36d5bec034b" testName="GetByKey_KnownEventTypeKey_ReturnsEntityWithCorrectProperties (Data Row 5)" computerName="ICSWS068" duration="00:00:00.3561083" startTime="2016-08-04T08:21:04.9974521+02:00" endTime="2016-08-04T08:21:05.3534176+02:00" testType="13cdc9d9-ddb5-4fa4-a97d-d965ccfc6d4b" outcome="Passed" testListId="8c84fa94-04c1-424b-9868-57a2d4851a1d" relativeResultsDirectory="c9f8b628-1999-4ded-b6fb-9cc74181861d" />
    <UnitTestResult executionId="b8650afd-f720-4195-a362-000641b6d381" testId="7cf65c6c-9bc9-4960-a548-41f3254eefc7" testName="GetByKey_KnownEventTypeKey_ReturnsEntityWithCorrectProperties (Data Row 6)" computerName="ICSWS068" duration="00:00:00.3335159" startTime="2016-08-04T08:21:05.3534176+02:00" endTime="2016-08-04T08:21:05.6868433+02:00" testType="13cdc9d9-ddb5-4fa4-a97d-d965ccfc6d4b" outcome="Passed" testListId="8c84fa94-04c1-424b-9868-57a2d4851a1d" relativeResultsDirectory="b8650afd-f720-4195-a362-000641b6d381" />
    <UnitTestResult executionId="0c6b7850-cd02-419a-94dc-78b9bc67fda8" testId="b41a30e7-b9f4-4938-b07c-b5f0b0ca8f8b" testName="GetByKey_KnownEventTypeKey_ReturnsEntityWithCorrectProperties (Data Row 7)" computerName="ICSWS068" duration="00:00:00.3274691" startTime="2016-08-04T08:21:05.6868433+02:00" endTime="2016-08-04T08:21:06.0143113+02:00" testType="13cdc9d9-ddb5-4fa4-a97d-d965ccfc6d4b" outcome="Passed" testListId="8c84fa94-04c1-424b-9868-57a2d4851a1d" relativeResultsDirectory="0c6b7850-cd02-419a-94dc-78b9bc67fda8" />
    <UnitTestResult executionId="c9fb5169-53a1-4d42-9bf9-aac3a775b021" testId="2c159783-88b9-83f2-7bf2-95e84215bd43" testName="GetByKey_UnsupportedKey_ThrowsArgumentException" computerName="ICSWS068" duration="00:00:00.3228795" startTime="2016-08-04T10:21:06.0188133+02:00" endTime="2016-08-04T10:21:06.3433005+02:00" testType="13cdc9d9-ddb5-4fa4-a97d-d965ccfc6d4b" outcome="Passed" testListId="8c84fa94-04c1-424b-9868-57a2d4851a1d" relativeResultsDirectory="c9fb5169-53a1-4d42-9bf9-aac3a775b021" />
    <UnitTestResult executionId="86fd17cb-9efc-499d-8626-10794137f565" testId="ea95efcd-a18c-f92d-9c18-86d068bedcb8" testName="GetNameById_NonExistingId_ThrowsEntityNotFoundException" computerName="ICSWS068" duration="00:00:00.3708364" startTime="2016-08-04T10:21:06.3458177+02:00" endTime="2016-08-04T10:21:06.7183117+02:00" testType="13cdc9d9-ddb5-4fa4-a97d-d965ccfc6d4b" outcome="Passed" testListId="8c84fa94-04c1-424b-9868-57a2d4851a1d" relativeResultsDirectory="86fd17cb-9efc-499d-8626-10794137f565" />
    <UnitTestResult executionId="798380db-3d35-492e-8ae8-a2788804301b" testId="f38030ac-3899-44ac-9318-378de2f6e938" testName="GetNameById_KnownEventTypeId_ReturnsCorrectName (Data Row 0)" computerName="ICSWS068" duration="00:00:00.3347112" startTime="2016-08-04T08:21:06.7238177+02:00" endTime="2016-08-04T08:21:07.0584232+02:00" testType="13cdc9d9-ddb5-4fa4-a97d-d965ccfc6d4b" outcome="Passed" testListId="8c84fa94-04c1-424b-9868-57a2d4851a1d" relativeResultsDirectory="798380db-3d35-492e-8ae8-a2788804301b" />
    <UnitTestResult executionId="00eba5c1-4a35-41cc-b5b8-2d01de9daa89" testId="32a5928f-add3-4ce8-be25-afd615cad86d" testName="GetNameById_KnownEventTypeId_ReturnsCorrectName (Data Row 1)" computerName="ICSWS068" duration="00:00:00.3473293" startTime="2016-08-04T08:21:07.0584232+02:00" endTime="2016-08-04T08:21:07.4058522+02:00" testType="13cdc9d9-ddb5-4fa4-a97d-d965ccfc6d4b" outcome="Passed" testListId="8c84fa94-04c1-424b-9868-57a2d4851a1d" relativeResultsDirectory="00eba5c1-4a35-41cc-b5b8-2d01de9daa89" />
    <UnitTestResult executionId="55f550d7-aedd-4d11-b7ff-3a22d72739cb" testId="0c0610a5-e24c-4842-9928-c994947b1c3b" testName="GetNameById_KnownEventTypeId_ReturnsCorrectName (Data Row 2)" computerName="ICSWS068" duration="00:00:00.3326200" startTime="2016-08-04T08:21:07.4058522+02:00" endTime="2016-08-04T08:21:07.7385565+02:00" testType="13cdc9d9-ddb5-4fa4-a97d-d965ccfc6d4b" outcome="Passed" testListId="8c84fa94-04c1-424b-9868-57a2d4851a1d" relativeResultsDirectory="55f550d7-aedd-4d11-b7ff-3a22d72739cb" />
    <UnitTestResult executionId="2168495a-e134-4162-a2c7-38ab82add5ab" testId="bba56ca3-7c19-4bb2-8c98-ae177a9145ae" testName="GetNameById_KnownEventTypeId_ReturnsCorrectName (Data Row 3)" computerName="ICSWS068" duration="00:00:00.3294893" startTime="2016-08-04T08:21:07.7385565+02:00" endTime="2016-08-04T08:21:08.0681694+02:00" testType="13cdc9d9-ddb5-4fa4-a97d-d965ccfc6d4b" outcome="Passed" testListId="8c84fa94-04c1-424b-9868-57a2d4851a1d" relativeResultsDirectory="2168495a-e134-4162-a2c7-38ab82add5ab" />
    <UnitTestResult executionId="d489e15f-e8bb-412a-b233-634680e5ed97" testId="f1634463-aeba-4437-8436-c400aa338d83" testName="GetNameById_KnownEventTypeId_ReturnsCorrectName (Data Row 4)" computerName="ICSWS068" duration="00:00:00.3236451" startTime="2016-08-04T08:21:08.0681694+02:00" endTime="2016-08-04T08:21:08.3918914+02:00" testType="13cdc9d9-ddb5-4fa4-a97d-d965ccfc6d4b" outcome="Passed" testListId="8c84fa94-04c1-424b-9868-57a2d4851a1d" relativeResultsDirectory="d489e15f-e8bb-412a-b233-634680e5ed97" />
    <UnitTestResult executionId="82ebc881-31ea-49d9-9ea8-ce8a607efc05" testId="f89441ee-9d83-4bd7-a56b-52e8ad63466d" testName="GetNameById_KnownEventTypeId_ReturnsCorrectName (Data Row 5)" computerName="ICSWS068" duration="00:00:00.3252413" startTime="2016-08-04T08:21:08.3918914+02:00" endTime="2016-08-04T08:21:08.7171727+02:00" testType="13cdc9d9-ddb5-4fa4-a97d-d965ccfc6d4b" outcome="Passed" testListId="8c84fa94-04c1-424b-9868-57a2d4851a1d" relativeResultsDirectory="82ebc881-31ea-49d9-9ea8-ce8a607efc05" />
    <UnitTestResult executionId="aec63487-a0ba-42c8-8b1b-a6f25ee470b8" testId="eee13e3f-3b1d-4b46-9852-895198e0d799" testName="GetNameById_KnownEventTypeId_ReturnsCorrectName (Data Row 6)" computerName="ICSWS068" duration="00:00:00.3176224" startTime="2016-08-04T08:21:08.7171727+02:00" endTime="2016-08-04T08:21:09.0348743+02:00" testType="13cdc9d9-ddb5-4fa4-a97d-d965ccfc6d4b" outcome="Passed" testListId="8c84fa94-04c1-424b-9868-57a2d4851a1d" relativeResultsDirectory="aec63487-a0ba-42c8-8b1b-a6f25ee470b8" />
    <UnitTestResult executionId="fdf6ea79-de90-422b-838b-08ab7ef78026" testId="c608fa0e-0dc7-4d32-86b6-3d9352db840c" testName="GetNameById_KnownEventTypeId_ReturnsCorrectName (Data Row 7)" computerName="ICSWS068" duration="00:00:00.3236510" startTime="2016-08-04T08:21:09.0348743+02:00" endTime="2016-08-04T08:21:09.3585509+02:00" testType="13cdc9d9-ddb5-4fa4-a97d-d965ccfc6d4b" outcome="Passed" testListId="8c84fa94-04c1-424b-9868-57a2d4851a1d" relativeResultsDirectory="fdf6ea79-de90-422b-838b-08ab7ef78026" />
    <UnitTestResult executionId="4b96513f-14a7-4b4b-8058-f15be1469d66" testId="11385e8b-1732-da41-eb9d-1b71d55feeab" testName="Delete_UnusedEventType_SuccessfullyDeletesEventType" computerName="ICSWS068" duration="00:00:00.3649571" startTime="2016-08-04T10:21:09.3620535+02:00" endTime="2016-08-04T10:21:09.7284452+02:00" testType="13cdc9d9-ddb5-4fa4-a97d-d965ccfc6d4b" outcome="Passed" testListId="8c84fa94-04c1-424b-9868-57a2d4851a1d" relativeResultsDirectory="4b96513f-14a7-4b4b-8058-f15be1469d66" />
    <UnitTestResult executionId="de4afcbe-0f8f-4b7e-930a-4d62b1cac486" testId="81030529-e882-1dda-e01e-07f79523e18a" testName="Delete_NonDeletableEventType_Throws" computerName="ICSWS068" duration="00:00:00.3442881" startTime="2016-08-04T10:21:09.7314522+02:00" endTime="2016-08-04T10:21:10.0770114+02:00" testType="13cdc9d9-ddb5-4fa4-a97d-d965ccfc6d4b" outcome="Passed" testListId="8c84fa94-04c1-424b-9868-57a2d4851a1d" relativeResultsDirectory="de4afcbe-0f8f-4b7e-930a-4d62b1cac486" />
    <UnitTestResult executionId="850a4262-1c40-4013-aae2-44ae34a48377" testId="dc281fc6-65f9-9998-deb4-a43f78dd1b65" testName="Delete_WithCascade_DispatchedJobExist_ThrowsEntityDependencyException" computerName="ICSWS068" duration="00:00:00.4913236" startTime="2016-08-04T10:21:10.0800140+02:00" endTime="2016-08-04T10:21:10.5730889+02:00" testType="13cdc9d9-ddb5-4fa4-a97d-d965ccfc6d4b" outcome="Passed" testListId="8c84fa94-04c1-424b-9868-57a2d4851a1d" relativeResultsDirectory="850a4262-1c40-4013-aae2-44ae34a48377" />
    <UnitTestResult executionId="5bc93458-9513-4c76-ba57-8aeae84b5a5b" testId="2b82fe61-8964-32ea-17fe-de52cadbe681" testName="Delete_WithCascade_StartPendingJobExist_ThrowsEntityDependencyException" computerName="ICSWS068" duration="00:00:00.3555467" startTime="2016-08-04T10:21:10.5755903+02:00" endTime="2016-08-04T10:21:10.9325547+02:00" testType="13cdc9d9-ddb5-4fa4-a97d-d965ccfc6d4b" outcome="Passed" testListId="8c84fa94-04c1-424b-9868-57a2d4851a1d" relativeResultsDirectory="5bc93458-9513-4c76-ba57-8aeae84b5a5b" />
    <UnitTestResult executionId="ec652004-b4a9-4579-8466-2ecffb4eae3d" testId="7e2792ca-54ce-c406-189a-80b273f84840" testName="Delete_WithCascade_RunningJobExist_ThrowsEntityDependencyException" computerName="ICSWS068" duration="00:00:00.3798954" startTime="2016-08-04T10:21:10.9355581+02:00" endTime="2016-08-04T10:21:11.3171683+02:00" testType="13cdc9d9-ddb5-4fa4-a97d-d965ccfc6d4b" outcome="Passed" testListId="8c84fa94-04c1-424b-9868-57a2d4851a1d" relativeResultsDirectory="ec652004-b4a9-4579-8466-2ecffb4eae3d" />
    <UnitTestResult executionId="c39a426a-758e-4b31-82e0-2f8673f165fa" testId="dacacbd4-0f04-9d77-42c1-048a5159c849" testName="Delete_WithCascade_SucceededJobExist_Succeeds" computerName="ICSWS068" duration="00:00:00.5216950" startTime="2016-08-04T10:21:11.3201709+02:00" endTime="2016-08-04T10:21:11.8434720+02:00" testType="13cdc9d9-ddb5-4fa4-a97d-d965ccfc6d4b" outcome="Passed" testListId="8c84fa94-04c1-424b-9868-57a2d4851a1d" relativeResultsDirectory="c39a426a-758e-4b31-82e0-2f8673f165fa" />
    <UnitTestResult executionId="8459e16e-a716-4f78-a624-f152558de5c6" testId="26b7698c-e51e-b48a-73f1-add538a80d7f" testName="Delete_WithCascade_EventHandlerNonDeletable_Fails" computerName="ICSWS068" duration="00:00:00.4001196" startTime="2016-08-04T10:21:11.8469746+02:00" endTime="2016-08-04T10:21:12.2489478+02:00" testType="13cdc9d9-ddb5-4fa4-a97d-d965ccfc6d4b" outcome="Passed" testListId="8c84fa94-04c1-424b-9868-57a2d4851a1d" relativeResultsDirectory="8459e16e-a716-4f78-a624-f152558de5c6" />
    <UnitTestResult executionId="5ec85230-5794-4512-aa65-100121b9757f" testId="46e5a0ac-d7f1-fcb6-2cfe-1dbb7f691155" testName="Add_NullName_ThrowsConditionalErrorException" computerName="ICSWS068" duration="00:00:00.3204813" startTime="2016-08-04T10:21:12.2514484+02:00" endTime="2016-08-04T10:21:12.5736869+02:00" testType="13cdc9d9-ddb5-4fa4-a97d-d965ccfc6d4b" outcome="Passed" testListId="8c84fa94-04c1-424b-9868-57a2d4851a1d" relativeResultsDirectory="5ec85230-5794-4512-aa65-100121b9757f" />
    <UnitTestResult executionId="b279fe90-aeb8-4a6c-91da-3c01552d4cbb" testId="6a0e2970-0b77-cfc1-2621-b98b75b317a9" testName="Add_EmptyName_ThrowsStringLengthErrorException" computerName="ICSWS068" duration="00:00:00.3325356" startTime="2016-08-04T10:21:12.5766900+02:00" endTime="2016-08-04T10:21:12.9104530+02:00" testType="13cdc9d9-ddb5-4fa4-a97d-d965ccfc6d4b" outcome="Passed" testListId="8c84fa94-04c1-424b-9868-57a2d4851a1d" relativeResultsDirectory="b279fe90-aeb8-4a6c-91da-3c01552d4cbb" />
    <UnitTestResult executionId="82c09e29-5ee7-42cb-bcef-9923c1bb04ca" testId="d9b9b773-2181-eee5-3370-53b03a87d29c" testName="Add_WhiteSpaceOnlyName_ThrowsStringLengthErrorException" computerName="ICSWS068" duration="00:00:00.3619079" startTime="2016-08-04T10:21:12.9134567+02:00" endTime="2016-08-04T10:21:13.2768356+02:00" testType="13cdc9d9-ddb5-4fa4-a97d-d965ccfc6d4b" outcome="Passed" testListId="8c84fa94-04c1-424b-9868-57a2d4851a1d" relativeResultsDirectory="82c09e29-5ee7-42cb-bcef-9923c1bb04ca" />
    <UnitTestResult executionId="d01c2ebd-009c-4154-9416-ea6b19aa3f28" testId="c0878ae8-ca1a-fe7d-008b-c72d8e5feeeb" testName="Add_TooLongName_ThrowsStringLengthErrorException" computerName="ICSWS068" duration="00:00:00.3286277" startTime="2016-08-04T10:21:13.2793171+02:00" endTime="2016-08-04T10:21:13.6093264+02:00" testType="13cdc9d9-ddb5-4fa4-a97d-d965ccfc6d4b" outcome="Passed" testListId="8c84fa94-04c1-424b-9868-57a2d4851a1d" relativeResultsDirectory="d01c2ebd-009c-4154-9416-ea6b19aa3f28" />
    <UnitTestResult executionId="91d5421a-01e2-4789-b8e2-6e964e200380" testId="13daa352-e296-356e-f9a7-e91afce9eb3d" testName="Add_LongDescription_Succeeds" computerName="ICSWS068" duration="00:00:00.3276541" startTime="2016-08-04T10:21:13.6123287+02:00" endTime="2016-08-04T10:21:13.9409665+02:00" testType="13cdc9d9-ddb5-4fa4-a97d-d965ccfc6d4b" outcome="Passed" testListId="8c84fa94-04c1-424b-9868-57a2d4851a1d" relativeResultsDirectory="91d5421a-01e2-4789-b8e2-6e964e200380" />
    <UnitTestResult executionId="a1ca6c23-ad8b-4f66-b696-2f3e5104c70d" testId="e474e71c-a04b-2375-cfdc-4bad936e4152" testName="Add_ValidProperties_IdAndTimesAreUpdatedCorrectly" computerName="ICSWS068" duration="00:00:00.8535996" startTime="2016-08-04T10:21:13.9439682+02:00" endTime="2016-08-04T10:21:14.7990514+02:00" testType="13cdc9d9-ddb5-4fa4-a97d-d965ccfc6d4b" outcome="Passed" testListId="8c84fa94-04c1-424b-9868-57a2d4851a1d" relativeResultsDirectory="a1ca6c23-ad8b-4f66-b696-2f3e5104c70d" />
    <UnitTestResult executionId="f9471402-9274-4f84-a55c-23f2dc6ecd0c" testId="36bd4512-dbe4-8c39-5005-d6e909c11db8" testName="Add_ComplexProperties_ArePersistedCorrectly" computerName="ICSWS068" duration="00:00:00.3320432" startTime="2016-08-04T10:21:14.8027944+02:00" endTime="2016-08-04T10:21:15.1362834+02:00" testType="13cdc9d9-ddb5-4fa4-a97d-d965ccfc6d4b" outcome="Passed" testListId="8c84fa94-04c1-424b-9868-57a2d4851a1d" relativeResultsDirectory="f9471402-9274-4f84-a55c-23f2dc6ecd0c" />
    <UnitTestResult executionId="c274aff8-5ef5-4478-bc20-c841901d4a38" testId="d73fc377-ccdc-0bb2-1c2c-17840ed29b83" testName="Add_DuplicateName_ThrowsUniqueValueAddConflictException" computerName="ICSWS068" duration="00:00:00.3402855" startTime="2016-08-04T10:21:15.1392843+02:00" endTime="2016-08-04T10:21:15.4807796+02:00" testType="13cdc9d9-ddb5-4fa4-a97d-d965ccfc6d4b" outcome="Passed" testListId="8c84fa94-04c1-424b-9868-57a2d4851a1d" relativeResultsDirectory="c274aff8-5ef5-4478-bc20-c841901d4a38" />
    <UnitTestResult executionId="4cfb8576-62e5-40db-92e9-8db99b7d0fe7" testId="024c1f79-2463-a15b-02b3-b7e447151ffc" testName="Update_NullName_ThrowsConditionalErrorException" computerName="ICSWS068" duration="00:00:00.3241243" startTime="2016-08-04T10:21:15.4837819+02:00" endTime="2016-08-04T10:21:15.8091591+02:00" testType="13cdc9d9-ddb5-4fa4-a97d-d965ccfc6d4b" outcome="Passed" testListId="8c84fa94-04c1-424b-9868-57a2d4851a1d" relativeResultsDirectory="4cfb8576-62e5-40db-92e9-8db99b7d0fe7" />
    <UnitTestResult executionId="8cfbe3c5-7e9c-46c2-a206-3784c4436a08" testId="40ee407a-447f-66d3-bb74-7527ac3b4d3f" testName="Update_EmtpyName_ThrowsStringLengthErrorException" computerName="ICSWS068" duration="00:00:00.3202675" startTime="2016-08-04T10:21:15.8121450+02:00" endTime="2016-08-04T10:21:16.1337970+02:00" testType="13cdc9d9-ddb5-4fa4-a97d-d965ccfc6d4b" outcome="Passed" testListId="8c84fa94-04c1-424b-9868-57a2d4851a1d" relativeResultsDirectory="8cfbe3c5-7e9c-46c2-a206-3784c4436a08" />
    <UnitTestResult executionId="5229fc33-221b-4db4-982c-a077bf495062" testId="c477d382-fc2f-ab70-8617-184e7d45db12" testName="Update_WhitespaceOnlyName_ThrowsStringLengthErrorException" computerName="ICSWS068" duration="00:00:00.3230959" startTime="2016-08-04T10:21:16.1367823+02:00" endTime="2016-08-04T10:21:16.4610026+02:00" testType="13cdc9d9-ddb5-4fa4-a97d-d965ccfc6d4b" outcome="Passed" testListId="8c84fa94-04c1-424b-9868-57a2d4851a1d" relativeResultsDirectory="5229fc33-221b-4db4-982c-a077bf495062" />
    <UnitTestResult executionId="630f47b7-2d81-429a-b261-492bef0eec63" testId="50872818-320d-1de3-c9ef-5f5cffa671c2" testName="Update_TooLongName_ThrowsStringLengthErrorException" computerName="ICSWS068" duration="00:00:00.3236129" startTime="2016-08-04T10:21:16.4640040+02:00" endTime="2016-08-04T10:21:16.7890407+02:00" testType="13cdc9d9-ddb5-4fa4-a97d-d965ccfc6d4b" outcome="Passed" testListId="8c84fa94-04c1-424b-9868-57a2d4851a1d" relativeResultsDirectory="630f47b7-2d81-429a-b261-492bef0eec63" />
    <UnitTestResult executionId="be0a7d28-9d10-4733-a61c-1275c245b771" testId="8d9ad162-b608-59dd-c93a-63803939c7bb" testName="Update_LongDescription_Succeeds" computerName="ICSWS068" duration="00:00:00.3418086" startTime="2016-08-04T10:21:16.7920409+02:00" endTime="2016-08-04T10:21:17.1355456+02:00" testType="13cdc9d9-ddb5-4fa4-a97d-d965ccfc6d4b" outcome="Passed" testListId="8c84fa94-04c1-424b-9868-57a2d4851a1d" relativeResultsDirectory="be0a7d28-9d10-4733-a61c-1275c245b771" />
    <UnitTestResult executionId="ee20019e-86cf-4dfb-b1d2-6e1e24fc239c" testId="807b0bfd-771e-6fce-3faf-f3443d50ebc7" testName="Update_DuplicateName_ThrowsUniqueValueAddConflictException" computerName="ICSWS068" duration="00:00:00.3311447" startTime="2016-08-04T10:21:17.1380468+02:00" endTime="2016-08-04T10:21:17.4710300+02:00" testType="13cdc9d9-ddb5-4fa4-a97d-d965ccfc6d4b" outcome="Passed" testListId="8c84fa94-04c1-424b-9868-57a2d4851a1d" relativeResultsDirectory="ee20019e-86cf-4dfb-b1d2-6e1e24fc239c" />
    <UnitTestResult executionId="1290de35-7265-4587-91ec-2c3c3fd64020" testId="515e33f4-7287-ec4b-c145-15da90521c0a" testName="Update_ComplexProperties_ArePersistedCorrectly" computerName="ICSWS068" duration="00:00:00.3266430" startTime="2016-08-04T10:21:17.4745343+02:00" endTime="2016-08-04T10:21:17.8023739+02:00" testType="13cdc9d9-ddb5-4fa4-a97d-d965ccfc6d4b" outcome="Passed" testListId="8c84fa94-04c1-424b-9868-57a2d4851a1d" relativeResultsDirectory="1290de35-7265-4587-91ec-2c3c3fd64020" />
    <UnitTestResult executionId="98d2806b-de42-4eda-ac2f-be4984e3a2f6" testId="53257d6d-b1a3-12ae-3a4b-f663b4463fdd" testName="Update_UnchangedName_Succeeds" computerName="ICSWS068" duration="00:00:00.3803385" startTime="2016-08-04T10:21:17.8053759+02:00" endTime="2016-08-04T10:21:18.1873125+02:00" testType="13cdc9d9-ddb5-4fa4-a97d-d965ccfc6d4b" outcome="Passed" testListId="8c84fa94-04c1-424b-9868-57a2d4851a1d" relativeResultsDirectory="98d2806b-de42-4eda-ac2f-be4984e3a2f6" />
    <UnitTestResult executionId="8569a98e-2df4-4775-a2a4-3f45e1d6f987" testId="dc6d4e82-21c0-9ee3-a76c-995d95abe25e" testName="DeleteCrossReferenceValue_CorrectArgumentsAndNoKey2_ValueDeleted" computerName="ICSWS068" duration="00:00:00.3649591" startTime="2016-08-04T10:21:18.1903145+02:00" endTime="2016-08-04T10:21:18.5570778+02:00" testType="13cdc9d9-ddb5-4fa4-a97d-d965ccfc6d4b" outcome="Passed" testListId="8c84fa94-04c1-424b-9868-57a2d4851a1d" relativeResultsDirectory="8569a98e-2df4-4775-a2a4-3f45e1d6f987" />
    <UnitTestResult executionId="46bfb2ba-7282-4876-99a3-0e393a8d3c18" testId="eca0ea3e-f3b4-5814-cf09-694ab39eb559" testName="DeleteCrossReferenceValue_ValueDoesNotExist_NoException" computerName="ICSWS068" duration="00:00:00.3297755" startTime="2016-08-04T10:21:18.5609058+02:00" endTime="2016-08-04T10:21:18.8918844+02:00" testType="13cdc9d9-ddb5-4fa4-a97d-d965ccfc6d4b" outcome="Passed" testListId="8c84fa94-04c1-424b-9868-57a2d4851a1d" relativeResultsDirectory="46bfb2ba-7282-4876-99a3-0e393a8d3c18" />
    <UnitTestResult executionId="3a057011-5ed8-49e4-8d64-5c628a0271ad" testId="cdbc11a2-81f3-f96d-0063-30251959ef12" testName="DeleteCrossReferenceValue_ValueDoesNotExist_ModifiedDateUnchanged" computerName="ICSWS068" duration="00:00:00.3500618" startTime="2016-08-04T10:21:18.8953875+02:00" endTime="2016-08-04T10:21:19.2470502+02:00" testType="13cdc9d9-ddb5-4fa4-a97d-d965ccfc6d4b" outcome="Passed" testListId="8c84fa94-04c1-424b-9868-57a2d4851a1d" relativeResultsDirectory="3a057011-5ed8-49e4-8d64-5c628a0271ad" />
    <UnitTestResult executionId="a15cc47a-46ef-495e-8048-805954605c67" testId="1a566103-a454-7f04-6ebf-cb073fc12d1d" testName="RepositoryEntityTypeId_ReturnsCrossReferenceTable" computerName="ICSWS068" duration="00:00:00.3510257" startTime="2016-08-04T10:21:19.2495689+02:00" endTime="2016-08-04T10:21:19.6019219+02:00" testType="13cdc9d9-ddb5-4fa4-a97d-d965ccfc6d4b" outcome="Passed" testListId="8c84fa94-04c1-424b-9868-57a2d4851a1d" relativeResultsDirectory="a15cc47a-46ef-495e-8048-805954605c67" />
    <UnitTestResult executionId="fdcbf55e-40b4-4385-aa62-27bf7b3d1822" testId="7b8d623e-cd24-421c-a147-563a574b5ced" testName="RepositoryEntityType_ReturnsICrossReferenceTable" computerName="ICSWS068" duration="00:00:00.3206889" startTime="2016-08-04T10:21:19.6049230+02:00" endTime="2016-08-04T10:21:19.9267175+02:00" testType="13cdc9d9-ddb5-4fa4-a97d-d965ccfc6d4b" outcome="Passed" testListId="8c84fa94-04c1-424b-9868-57a2d4851a1d" relativeResultsDirectory="fdcbf55e-40b4-4385-aa62-27bf7b3d1822" />
    <UnitTestResult executionId="92b0b315-369f-4313-8283-2d2536c83c9d" testId="b5e7afca-267b-693c-7118-e374b4e4c0b5" testName="RepositorySystemContext_MatchesActualSystemContext" computerName="ICSWS068" duration="00:00:00.3217050" startTime="2016-08-04T10:21:19.9297186+02:00" endTime="2016-08-04T10:21:20.2525621+02:00" testType="13cdc9d9-ddb5-4fa4-a97d-d965ccfc6d4b" outcome="Passed" testListId="8c84fa94-04c1-424b-9868-57a2d4851a1d" relativeResultsDirectory="92b0b315-369f-4313-8283-2d2536c83c9d" />
    <UnitTestResult executionId="cce7de06-3c31-4a2e-b11b-d19c13a73979" testId="eefdb931-5236-f6e8-d93b-f05b8d03e8ed" testName="Exists_NodeTypeVersionKey_ThrowsArgumentException" computerName="ICSWS068" duration="00:00:00.3248475" startTime="2016-08-04T10:21:20.2555539+02:00" endTime="2016-08-04T10:21:20.5820395+02:00" testType="13cdc9d9-ddb5-4fa4-a97d-d965ccfc6d4b" outcome="Passed" testListId="8c84fa94-04c1-424b-9868-57a2d4851a1d" relativeResultsDirectory="cce7de06-3c31-4a2e-b11b-d19c13a73979" />
    <UnitTestResult executionId="1fc3d8c4-2424-4f2c-aa33-ae36e5246f56" testId="fd1adb6d-e84e-45c7-aff7-040fb24a72f1" testName="Exists_KnownCrossReferenceTableKey_ReturnsTrue (Data Row 0)" computerName="ICSWS068" duration="00:00:00.3303001" startTime="2016-08-04T08:21:20.5910654+02:00" endTime="2016-08-04T08:21:20.9213551+02:00" testType="13cdc9d9-ddb5-4fa4-a97d-d965ccfc6d4b" outcome="Passed" testListId="8c84fa94-04c1-424b-9868-57a2d4851a1d" relativeResultsDirectory="1fc3d8c4-2424-4f2c-aa33-ae36e5246f56" />
    <UnitTestResult executionId="e84f020b-0e7b-47ab-9173-6c3d0ec8e98b" testId="062a8abc-c980-40f5-882a-98e40998ba5a" testName="Exists_KnownCrossReferenceTableKey_ReturnsTrue (Data Row 1)" computerName="ICSWS068" duration="00:00:00.3222343" startTime="2016-08-04T08:21:20.9213551+02:00" endTime="2016-08-04T08:21:21.2435992+02:00" testType="13cdc9d9-ddb5-4fa4-a97d-d965ccfc6d4b" outcome="Passed" testListId="8c84fa94-04c1-424b-9868-57a2d4851a1d" relativeResultsDirectory="e84f020b-0e7b-47ab-9173-6c3d0ec8e98b" />
    <UnitTestResult executionId="f75e7fdf-7e58-4708-9033-2053a74e3a59" testId="482464de-9300-ca81-7cf7-2b061d21e0de" testName="Exists_NonExistingCrossReferenceTableKey_ReturnsFalse" computerName="ICSWS068" duration="00:00:00.3203728" startTime="2016-08-04T10:21:21.2471006+02:00" endTime="2016-08-04T10:21:21.5688861+02:00" testType="13cdc9d9-ddb5-4fa4-a97d-d965ccfc6d4b" outcome="Passed" testListId="8c84fa94-04c1-424b-9868-57a2d4851a1d" relativeResultsDirectory="f75e7fdf-7e58-4708-9033-2053a74e3a59" />
    <UnitTestResult executionId="2967b49f-4ba7-44df-be40-b75544608f9b" testId="388d3b2f-d49d-edb3-067c-e0e66687feaf" testName="CreateInstance_CreatesNewCrossReferenceTable" computerName="ICSWS068" duration="00:00:00.3347202" startTime="2016-08-04T10:21:21.5718878+02:00" endTime="2016-08-04T10:21:21.9077287+02:00" testType="13cdc9d9-ddb5-4fa4-a97d-d965ccfc6d4b" outcome="Passed" testListId="8c84fa94-04c1-424b-9868-57a2d4851a1d" relativeResultsDirectory="2967b49f-4ba7-44df-be40-b75544608f9b" />
    <UnitTestResult executionId="965ee9f1-ef84-4aeb-9f50-6371c5c96d52" testId="520356d3-0742-4719-b656-1621274a285a" testName="List_ContainsEachKnownCrossReferenceTableOnce (Data Row 0)" computerName="ICSWS068" duration="00:00:00.3437186" startTime="2016-08-04T08:21:21.9142333+02:00" endTime="2016-08-04T08:21:22.2579125+02:00" testType="13cdc9d9-ddb5-4fa4-a97d-d965ccfc6d4b" outcome="Passed" testListId="8c84fa94-04c1-424b-9868-57a2d4851a1d" relativeResultsDirectory="965ee9f1-ef84-4aeb-9f50-6371c5c96d52" />
    <UnitTestResult executionId="81bef5af-4b84-47ae-b249-70afee6a7177" testId="d80b1dee-ef53-4944-818e-9121a5dc9b2a" testName="List_ContainsEachKnownCrossReferenceTableOnce (Data Row 1)" computerName="ICSWS068" duration="00:00:00.3337203" startTime="2016-08-04T08:21:22.2579125+02:00" endTime="2016-08-04T08:21:22.5916836+02:00" testType="13cdc9d9-ddb5-4fa4-a97d-d965ccfc6d4b" outcome="Passed" testListId="8c84fa94-04c1-424b-9868-57a2d4851a1d" relativeResultsDirectory="81bef5af-4b84-47ae-b249-70afee6a7177" />
    <UnitTestResult executionId="55d67ca9-71a3-4f27-b9eb-d68f35e6a5dd" testId="7c6c22a8-bce8-8ee0-f38f-04854ed6aa54" testName="List_ShouldSetSystemContextCorrectly" computerName="ICSWS068" duration="00:00:00.3395512" startTime="2016-08-04T10:21:22.5956862+02:00" endTime="2016-08-04T10:21:22.9373601+02:00" testType="13cdc9d9-ddb5-4fa4-a97d-d965ccfc6d4b" outcome="Passed" testListId="8c84fa94-04c1-424b-9868-57a2d4851a1d" relativeResultsDirectory="55d67ca9-71a3-4f27-b9eb-d68f35e6a5dd" />
    <UnitTestResult executionId="ac07f9b2-dee7-4bbf-8f2a-efd38553229e" testId="5e643520-3e2a-e6fb-2984-644c023d7d0b" testName="GetByKey_NewGuid_ThrowsEntityNotFoundException" computerName="ICSWS068" duration="00:00:00.3250797" startTime="2016-08-04T10:21:22.9403657+02:00" endTime="2016-08-04T10:21:23.2668328+02:00" testType="13cdc9d9-ddb5-4fa4-a97d-d965ccfc6d4b" outcome="Passed" testListId="8c84fa94-04c1-424b-9868-57a2d4851a1d" relativeResultsDirectory="ac07f9b2-dee7-4bbf-8f2a-efd38553229e" />
    <UnitTestResult executionId="baa77c95-3612-4086-819b-516218fc03fc" testId="f7fdc83e-d75f-4ccc-aa7a-73c5ba8e6485" testName="GetByKey_KnownCrossReferenceTableKey_ReturnsEntityWithCorrectProperties (Data Row 0)" computerName="ICSWS068" duration="00:00:00.3297834" startTime="2016-08-04T08:21:23.2716023+02:00" endTime="2016-08-04T08:21:23.6013491+02:00" testType="13cdc9d9-ddb5-4fa4-a97d-d965ccfc6d4b" outcome="Passed" testListId="8c84fa94-04c1-424b-9868-57a2d4851a1d" relativeResultsDirectory="baa77c95-3612-4086-819b-516218fc03fc" />
    <UnitTestResult executionId="0180f88b-8908-4ca8-8604-4e88b5c5cb9a" testId="0c24a68e-88dd-4fbd-83b2-f4c88e09d38d" testName="GetByKey_KnownCrossReferenceTableKey_ReturnsEntityWithCorrectProperties (Data Row 1)" computerName="ICSWS068" duration="00:00:00.3327819" startTime="2016-08-04T08:21:23.6013491+02:00" endTime="2016-08-04T08:21:23.9340863+02:00" testType="13cdc9d9-ddb5-4fa4-a97d-d965ccfc6d4b" outcome="Passed" testListId="8c84fa94-04c1-424b-9868-57a2d4851a1d" relativeResultsDirectory="0180f88b-8908-4ca8-8604-4e88b5c5cb9a" />
    <UnitTestResult executionId="842d2e8f-a522-49f3-8890-b0c062010fbc" testId="ddafb73b-d015-a7ef-ba89-2308a660c669" testName="GetByKey_UnsupportedKey_ThrowsArgumentException" computerName="ICSWS068" duration="00:00:00.3309816" startTime="2016-08-04T10:21:23.9375886+02:00" endTime="2016-08-04T10:21:24.2702653+02:00" testType="13cdc9d9-ddb5-4fa4-a97d-d965ccfc6d4b" outcome="Passed" testListId="8c84fa94-04c1-424b-9868-57a2d4851a1d" relativeResultsDirectory="842d2e8f-a522-49f3-8890-b0c062010fbc" />
    <UnitTestResult executionId="444c8497-5cb8-4a13-8aa8-bcd3d8705d6b" testId="bf221764-1037-2786-26a3-c30e2dd4e6c4" testName="Add_NullName_ThrowsConditionalErrorException" computerName="ICSWS068" duration="00:00:00.3355378" startTime="2016-08-04T10:21:24.2737676+02:00" endTime="2016-08-04T10:21:24.6107686+02:00" testType="13cdc9d9-ddb5-4fa4-a97d-d965ccfc6d4b" outcome="Passed" testListId="8c84fa94-04c1-424b-9868-57a2d4851a1d" relativeResultsDirectory="444c8497-5cb8-4a13-8aa8-bcd3d8705d6b" />
    <UnitTestResult executionId="687c4484-c679-476c-823a-e870d76809d3" testId="794010e2-0baf-c073-847a-5773b36a4f32" testName="Add_EmptyName_ThrowsStringLengthErrorException" computerName="ICSWS068" duration="00:00:00.3316215" startTime="2016-08-04T10:21:24.6142706+02:00" endTime="2016-08-04T10:21:24.9473063+02:00" testType="13cdc9d9-ddb5-4fa4-a97d-d965ccfc6d4b" outcome="Passed" testListId="8c84fa94-04c1-424b-9868-57a2d4851a1d" relativeResultsDirectory="687c4484-c679-476c-823a-e870d76809d3" />
    <UnitTestResult executionId="3194cb8f-9eb1-473b-8a12-3eaf149c3e2a" testId="b7b96655-4213-062e-3537-c3b1effe7118" testName="Add_WhiteSpaceOnlyName_ThrowsStringLengthErrorException" computerName="ICSWS068" duration="00:00:00.3593027" startTime="2016-08-04T10:21:24.9498098+02:00" endTime="2016-08-04T10:21:25.3110649+02:00" testType="13cdc9d9-ddb5-4fa4-a97d-d965ccfc6d4b" outcome="Passed" testListId="8c84fa94-04c1-424b-9868-57a2d4851a1d" relativeResultsDirectory="3194cb8f-9eb1-473b-8a12-3eaf149c3e2a" />
    <UnitTestResult executionId="e59a3c18-bead-4825-9c01-b5a0094d07d4" testId="4b5bdf2a-ac1d-b3c7-c302-4dcf53dbe21a" testName="Add_TooLongName_ThrowsStringLengthErrorException" computerName="ICSWS068" duration="00:00:00.3321485" startTime="2016-08-04T10:21:25.3140690+02:00" endTime="2016-08-04T10:21:25.6474399+02:00" testType="13cdc9d9-ddb5-4fa4-a97d-d965ccfc6d4b" outcome="Passed" testListId="8c84fa94-04c1-424b-9868-57a2d4851a1d" relativeResultsDirectory="e59a3c18-bead-4825-9c01-b5a0094d07d4" />
    <UnitTestResult executionId="89df73d9-ff68-4801-b610-5e824963beed" testId="9c83e6d0-b240-c4f0-4c00-26d8896d3f54" testName="Add_LongDescription_Succeeds" computerName="ICSWS068" duration="00:00:00.3334804" startTime="2016-08-04T10:21:25.6504647+02:00" endTime="2016-08-04T10:21:25.9851558+02:00" testType="13cdc9d9-ddb5-4fa4-a97d-d965ccfc6d4b" outcome="Passed" testListId="8c84fa94-04c1-424b-9868-57a2d4851a1d" relativeResultsDirectory="89df73d9-ff68-4801-b610-5e824963beed" />
    <UnitTestResult executionId="ea119990-7da8-46fb-9830-5f0549832a06" testId="e9d3a776-598a-f167-1b6c-ec47f8096e61" testName="Add_ValidProperties_IdAndTimesAreUpdatedCorrectly" computerName="ICSWS068" duration="00:00:00.3628102" startTime="2016-08-04T10:21:25.9886584+02:00" endTime="2016-08-04T10:21:26.3527519+02:00" testType="13cdc9d9-ddb5-4fa4-a97d-d965ccfc6d4b" outcome="Passed" testListId="8c84fa94-04c1-424b-9868-57a2d4851a1d" relativeResultsDirectory="ea119990-7da8-46fb-9830-5f0549832a06" />
    <UnitTestResult executionId="d47f4019-3045-4b8e-9ea5-6214d4d74f5e" testId="75a0240d-33e2-4f33-7215-0b7ad1360e8d" testName="Add_ComplexProperties_ArePersistedCorrectly" computerName="ICSWS068" duration="00:00:00.3667350" startTime="2016-08-04T10:21:26.3557434+02:00" endTime="2016-08-04T10:21:26.7235776+02:00" testType="13cdc9d9-ddb5-4fa4-a97d-d965ccfc6d4b" outcome="Passed" testListId="8c84fa94-04c1-424b-9868-57a2d4851a1d" relativeResultsDirectory="d47f4019-3045-4b8e-9ea5-6214d4d74f5e" />
    <UnitTestResult executionId="092135db-e950-4408-aa08-cdf90b1899c0" testId="442b2641-4c35-6273-3f64-3b3b9ba2430d" testName="Add_DuplicateName_ThrowsUniqueValueAddConflictException" computerName="ICSWS068" duration="00:00:00.3733484" startTime="2016-08-04T10:21:26.7265802+02:00" endTime="2016-08-04T10:21:27.1018483+02:00" testType="13cdc9d9-ddb5-4fa4-a97d-d965ccfc6d4b" outcome="Passed" testListId="8c84fa94-04c1-424b-9868-57a2d4851a1d" relativeResultsDirectory="092135db-e950-4408-aa08-cdf90b1899c0" />
    <UnitTestResult executionId="3cf31d71-71c0-4cff-980f-145a7f26cd2d" testId="b6df1047-6315-7cea-5838-53c6729dacb6" testName="Update_NullName_ThrowsConditionalErrorException" computerName="ICSWS068" duration="00:00:00.3553245" startTime="2016-08-04T10:21:27.1053511+02:00" endTime="2016-08-04T10:21:27.4631066+02:00" testType="13cdc9d9-ddb5-4fa4-a97d-d965ccfc6d4b" outcome="Passed" testListId="8c84fa94-04c1-424b-9868-57a2d4851a1d" relativeResultsDirectory="3cf31d71-71c0-4cff-980f-145a7f26cd2d" />
    <UnitTestResult executionId="7611bbad-d321-426f-88f5-4c6b4b7213b6" testId="96028340-8577-e77b-d1ec-62b9fbc86561" testName="Update_EmtpyName_ThrowsStringLengthErrorException" computerName="ICSWS068" duration="00:00:00.3461405" startTime="2016-08-04T10:21:27.4666092+02:00" endTime="2016-08-04T10:21:27.8145948+02:00" testType="13cdc9d9-ddb5-4fa4-a97d-d965ccfc6d4b" outcome="Passed" testListId="8c84fa94-04c1-424b-9868-57a2d4851a1d" relativeResultsDirectory="7611bbad-d321-426f-88f5-4c6b4b7213b6" />
    <UnitTestResult executionId="c5484643-348a-489d-8f92-5ff1a701c795" testId="77bc7ac3-e29b-a870-c440-3fd742b550cb" testName="Update_WhitespaceOnlyName_ThrowsStringLengthErrorException" computerName="ICSWS068" duration="00:00:00.3242120" startTime="2016-08-04T10:21:27.8185974+02:00" endTime="2016-08-04T10:21:28.1448065+02:00" testType="13cdc9d9-ddb5-4fa4-a97d-d965ccfc6d4b" outcome="Passed" testListId="8c84fa94-04c1-424b-9868-57a2d4851a1d" relativeResultsDirectory="c5484643-348a-489d-8f92-5ff1a701c795" />
    <UnitTestResult executionId="5fae97c6-c519-4321-bba8-255f53fd4022" testId="2b065227-d04b-d6f2-167e-1d99b2ed943f" testName="Update_TooLongName_ThrowsStringLengthErrorException" computerName="ICSWS068" duration="00:00:00.3387251" startTime="2016-08-04T10:21:28.1473243+02:00" endTime="2016-08-04T10:21:28.4877033+02:00" testType="13cdc9d9-ddb5-4fa4-a97d-d965ccfc6d4b" outcome="Passed" testListId="8c84fa94-04c1-424b-9868-57a2d4851a1d" relativeResultsDirectory="5fae97c6-c519-4321-bba8-255f53fd4022" />
    <UnitTestResult executionId="b917bd7b-0662-4cf2-9c23-9e7a7db3e0eb" testId="625788c2-e132-19a0-aeb0-25a6659935b4" testName="Update_LongDescription_Succeeds" computerName="ICSWS068" duration="00:00:00.3222217" startTime="2016-08-04T10:21:28.4907047+02:00" endTime="2016-08-04T10:21:28.8142458+02:00" testType="13cdc9d9-ddb5-4fa4-a97d-d965ccfc6d4b" outcome="Passed" testListId="8c84fa94-04c1-424b-9868-57a2d4851a1d" relativeResultsDirectory="b917bd7b-0662-4cf2-9c23-9e7a7db3e0eb" />
    <UnitTestResult executionId="57264243-4973-43b1-b0cb-63e6807493fb" testId="c1e3a90f-332b-b318-ea77-2d30f318fd6d" testName="Update_DuplicateName_ThrowsUniqueValueUpdateConflictException" computerName="ICSWS068" duration="00:00:00.3298934" startTime="2016-08-04T10:21:28.8182645+02:00" endTime="2016-08-04T10:21:29.1497721+02:00" testType="13cdc9d9-ddb5-4fa4-a97d-d965ccfc6d4b" outcome="Passed" testListId="8c84fa94-04c1-424b-9868-57a2d4851a1d" relativeResultsDirectory="57264243-4973-43b1-b0cb-63e6807493fb" />
    <UnitTestResult executionId="bc07a5e2-ede6-4a38-b2f2-9540939e49c8" testId="9ca0f14b-a173-468b-e1aa-5c9f0104c864" testName="Update_ComplexProperties_ArePersistedCorrectly" computerName="ICSWS068" duration="00:00:00.3375381" startTime="2016-08-04T10:21:29.1527744+02:00" endTime="2016-08-04T10:21:29.4913924+02:00" testType="13cdc9d9-ddb5-4fa4-a97d-d965ccfc6d4b" outcome="Passed" testListId="8c84fa94-04c1-424b-9868-57a2d4851a1d" relativeResultsDirectory="bc07a5e2-ede6-4a38-b2f2-9540939e49c8" />
    <UnitTestResult executionId="0113b358-7603-499e-90bc-f716dffde264" testId="87dfc1f3-1d25-e824-ae3d-a10e3a205599" testName="Update_UnchangedName_Succeeds" computerName="ICSWS068" duration="00:00:00.3406752" startTime="2016-08-04T10:21:29.4943941+02:00" endTime="2016-08-04T10:21:29.8364449+02:00" testType="13cdc9d9-ddb5-4fa4-a97d-d965ccfc6d4b" outcome="Passed" testListId="8c84fa94-04c1-424b-9868-57a2d4851a1d" relativeResultsDirectory="0113b358-7603-499e-90bc-f716dffde264" />
    <UnitTestResult executionId="f503c749-14b8-4a94-8c10-9f42e6279f10" testId="6dbfff62-53f1-d498-ba42-18edaf4eb93f" testName="DeleteExistingCrossReferenceTable_SuccessfullyDeletesCrossReferenceTable" computerName="ICSWS068" duration="00:00:00.3727519" startTime="2016-08-04T10:21:29.8394474+02:00" endTime="2016-08-04T10:21:30.2134434+02:00" testType="13cdc9d9-ddb5-4fa4-a97d-d965ccfc6d4b" outcome="Passed" testListId="8c84fa94-04c1-424b-9868-57a2d4851a1d" relativeResultsDirectory="f503c749-14b8-4a94-8c10-9f42e6279f10" />
    <UnitTestResult executionId="eef41fbc-5c3c-4645-bba2-ea91eec0c081" testId="4888af46-2e48-6f31-001c-267718790903" testName="Delete_DeleteById_SuccessfullyDeletesCrossReferenceTable" computerName="ICSWS068" duration="00:00:00.3307467" startTime="2016-08-04T10:21:30.2164451+02:00" endTime="2016-08-04T10:21:30.5482216+02:00" testType="13cdc9d9-ddb5-4fa4-a97d-d965ccfc6d4b" outcome="Passed" testListId="8c84fa94-04c1-424b-9868-57a2d4851a1d" relativeResultsDirectory="eef41fbc-5c3c-4645-bba2-ea91eec0c081" />
    <UnitTestResult executionId="526541ab-a6f7-4429-baca-32391e0bc904" testId="3506c85c-437d-72ba-ef51-7d4fc73db285" testName="TryGetValueByNameAndKeys_ValidNameAndKeys_ReturnedEntryHasCorrectTableId" computerName="ICSWS068" duration="00:00:00.3257386" startTime="2016-08-04T10:21:30.5525467+02:00" endTime="2016-08-04T10:21:30.8795069+02:00" testType="13cdc9d9-ddb5-4fa4-a97d-d965ccfc6d4b" outcome="Passed" testListId="8c84fa94-04c1-424b-9868-57a2d4851a1d" relativeResultsDirectory="526541ab-a6f7-4429-baca-32391e0bc904" />
    <UnitTestResult executionId="3d1e3cc8-aa18-44bf-aa19-946ef814fb6e" testId="236aed74-c302-8191-122f-b8dded39bde1" testName="TryGetValueByNameAndKeys_ValidNameAndKeys_ReturnedEntryHasCorrectKey1" computerName="ICSWS068" duration="00:00:00.3253639" startTime="2016-08-04T10:21:30.8820793+02:00" endTime="2016-08-04T10:21:31.2091277+02:00" testType="13cdc9d9-ddb5-4fa4-a97d-d965ccfc6d4b" outcome="Passed" testListId="8c84fa94-04c1-424b-9868-57a2d4851a1d" relativeResultsDirectory="3d1e3cc8-aa18-44bf-aa19-946ef814fb6e" />
    <UnitTestResult executionId="0a8f0a62-36df-4413-a918-6c290124b234" testId="ce0f4c47-c45d-47c7-2139-fa9c9dcb7bb3" testName="TryGetValueByNameAndKeys_ValidNameAndKeys_ReturnedEntryHasCorrectKey2" computerName="ICSWS068" duration="00:00:00.3775923" startTime="2016-08-04T10:21:31.2121285+02:00" endTime="2016-08-04T10:21:31.5910555+02:00" testType="13cdc9d9-ddb5-4fa4-a97d-d965ccfc6d4b" outcome="Passed" testListId="8c84fa94-04c1-424b-9868-57a2d4851a1d" relativeResultsDirectory="0a8f0a62-36df-4413-a918-6c290124b234" />
    <UnitTestResult executionId="9f5b4a78-b756-48aa-8880-238664d3fce4" testId="81e8f33b-e38c-e2c1-2c09-ca3889047043" testName="TryGetValueByNameAndKeys_ValidNameAndKeys_ReturnedEntryHasCorrectValue1" computerName="ICSWS068" duration="00:00:00.3439837" startTime="2016-08-04T10:21:31.5955586+02:00" endTime="2016-08-04T10:21:31.9409208+02:00" testType="13cdc9d9-ddb5-4fa4-a97d-d965ccfc6d4b" outcome="Passed" testListId="8c84fa94-04c1-424b-9868-57a2d4851a1d" relativeResultsDirectory="9f5b4a78-b756-48aa-8880-238664d3fce4" />
    <UnitTestResult executionId="dcae5abf-7bb0-4c3e-acb5-83e4bcb19d12" testId="600250d2-0842-61ea-3ecc-dc550ccb37c2" testName="TryGetValueByNameAndKeys_ValidIdAndKeys_ReturnedEntryHasCorrectValue2" computerName="ICSWS068" duration="00:00:00.3206701" startTime="2016-08-04T10:21:31.9439225+02:00" endTime="2016-08-04T10:21:32.2655918+02:00" testType="13cdc9d9-ddb5-4fa4-a97d-d965ccfc6d4b" outcome="Passed" testListId="8c84fa94-04c1-424b-9868-57a2d4851a1d" relativeResultsDirectory="dcae5abf-7bb0-4c3e-acb5-83e4bcb19d12" />
    <UnitTestResult executionId="9151e1a3-01d0-4a9b-81c9-e07ca1500b79" testId="e1ccce83-1940-20a0-0c08-648f75c5171e" testName="TryGetValueByNameAndKeys_EntryWithOneKey_ReturnedEntryHasCorrectTableId" computerName="ICSWS068" duration="00:00:00.3211939" startTime="2016-08-04T10:21:32.2685715+02:00" endTime="2016-08-04T10:21:32.5915505+02:00" testType="13cdc9d9-ddb5-4fa4-a97d-d965ccfc6d4b" outcome="Passed" testListId="8c84fa94-04c1-424b-9868-57a2d4851a1d" relativeResultsDirectory="9151e1a3-01d0-4a9b-81c9-e07ca1500b79" />
    <UnitTestResult executionId="dd57709c-6933-4716-9016-341c9c29705f" testId="5289010d-5536-182d-068f-9cd4ce10b20a" testName="TryGetValueByNameAndKeys_EntryNotFound_ReturnsNull" computerName="ICSWS068" duration="00:00:00.3362686" startTime="2016-08-04T10:21:32.5940519+02:00" endTime="2016-08-04T10:21:32.9315767+02:00" testType="13cdc9d9-ddb5-4fa4-a97d-d965ccfc6d4b" outcome="Passed" testListId="8c84fa94-04c1-424b-9868-57a2d4851a1d" relativeResultsDirectory="dd57709c-6933-4716-9016-341c9c29705f" />
    <UnitTestResult executionId="b23c0c87-75ae-4e37-bba5-e5240a3f17a4" testId="3ec56bbf-7fe9-d71e-da6c-0863724952bf" testName="TryGetValueByNameAndKeys_KeysAreNull_ReturnsNull" computerName="ICSWS068" duration="00:00:00.3342880" startTime="2016-08-04T10:21:32.9345781+02:00" endTime="2016-08-04T10:21:33.2697117+02:00" testType="13cdc9d9-ddb5-4fa4-a97d-d965ccfc6d4b" outcome="Passed" testListId="8c84fa94-04c1-424b-9868-57a2d4851a1d" relativeResultsDirectory="b23c0c87-75ae-4e37-bba5-e5240a3f17a4" />
    <UnitTestResult executionId="f2c4f380-2ba3-448c-adfe-28419e66664c" testId="92e25065-8c68-27cd-dfa1-4ab9a2caa43e" testName="TryGetValueByIdAndKeys_ValidIdAndKeys_ReturnedEntryHasCorrectTableId" computerName="ICSWS068" duration="00:00:00.3264703" startTime="2016-08-04T10:21:33.2739764+02:00" endTime="2016-08-04T10:21:33.6017656+02:00" testType="13cdc9d9-ddb5-4fa4-a97d-d965ccfc6d4b" outcome="Passed" testListId="8c84fa94-04c1-424b-9868-57a2d4851a1d" relativeResultsDirectory="f2c4f380-2ba3-448c-adfe-28419e66664c" />
    <UnitTestResult executionId="202a042b-3d15-4c5f-915d-6a4b79a10a8b" testId="ab415bfa-1757-27e7-e18b-1c785b6fd7c8" testName="TryGetValueByIdAndKeys_ValidIdAndKeys_ReturnedEntryHasCorrectKey1" computerName="ICSWS068" duration="00:00:00.3307646" startTime="2016-08-04T10:21:33.6047681+02:00" endTime="2016-08-04T10:21:33.9369868+02:00" testType="13cdc9d9-ddb5-4fa4-a97d-d965ccfc6d4b" outcome="Passed" testListId="8c84fa94-04c1-424b-9868-57a2d4851a1d" relativeResultsDirectory="202a042b-3d15-4c5f-915d-6a4b79a10a8b" />
    <UnitTestResult executionId="09dbc4ad-7c05-4728-b86a-3158be9231bb" testId="5ffbf9ad-302b-2bbc-2246-98f1d684f743" testName="TryGetValueByIdAndKeys_ValidIdAndKeys_ReturnedEntryHasCorrectKey2" computerName="ICSWS068" duration="00:00:00.3482534" startTime="2016-08-04T10:21:33.9394880+02:00" endTime="2016-08-04T10:21:34.2896486+02:00" testType="13cdc9d9-ddb5-4fa4-a97d-d965ccfc6d4b" outcome="Passed" testListId="8c84fa94-04c1-424b-9868-57a2d4851a1d" relativeResultsDirectory="09dbc4ad-7c05-4728-b86a-3158be9231bb" />
    <UnitTestResult executionId="515669b9-b362-4079-8265-bc6d76f913ba" testId="91e30193-4caf-c792-6796-69d7befc3766" testName="TryGetValueByIdAndKeys_ValidIdAndKeys_ReturnedEntryHasCorrectValue1" computerName="ICSWS068" duration="00:00:00.3654063" startTime="2016-08-04T10:21:34.2926509+02:00" endTime="2016-08-04T10:21:34.6591593+02:00" testType="13cdc9d9-ddb5-4fa4-a97d-d965ccfc6d4b" outcome="Passed" testListId="8c84fa94-04c1-424b-9868-57a2d4851a1d" relativeResultsDirectory="515669b9-b362-4079-8265-bc6d76f913ba" />
    <UnitTestResult executionId="928c6385-6bf2-4109-a83b-3b164d3d4f3a" testId="6df4569f-709e-f3a7-1090-3022ed0e19f5" testName="TryGetValueByIdAndKeys_ValidIdAndKeys_ReturnedEntryHasCorrectValue2" computerName="ICSWS068" duration="00:00:00.3510495" startTime="2016-08-04T10:21:34.6622112+02:00" endTime="2016-08-04T10:21:35.0145477+02:00" testType="13cdc9d9-ddb5-4fa4-a97d-d965ccfc6d4b" outcome="Passed" testListId="8c84fa94-04c1-424b-9868-57a2d4851a1d" relativeResultsDirectory="928c6385-6bf2-4109-a83b-3b164d3d4f3a" />
    <UnitTestResult executionId="d966479c-a05d-450c-97e5-a9ed7c3d5ed0" testId="25daaf9d-c680-869e-b491-7cf89a9b0631" testName="TryGetValueByIdAndKeys_EntryWithOneKey_ReturnedEntryHasCorrectTableId" computerName="ICSWS068" duration="00:00:00.3504155" startTime="2016-08-04T10:21:35.0180503+02:00" endTime="2016-08-04T10:21:35.3695666+02:00" testType="13cdc9d9-ddb5-4fa4-a97d-d965ccfc6d4b" outcome="Passed" testListId="8c84fa94-04c1-424b-9868-57a2d4851a1d" relativeResultsDirectory="d966479c-a05d-450c-97e5-a9ed7c3d5ed0" />
    <UnitTestResult executionId="f5fa630c-e1ae-49cd-9d40-e878cc298a01" testId="bd4bdea9-33e8-417f-f995-a50667739c55" testName="TryGetValueByIdAndKeys_EntryNotFound_ReturnsNull" computerName="ICSWS068" duration="00:00:00.3427837" startTime="2016-08-04T10:21:35.3740615+02:00" endTime="2016-08-04T10:21:35.7186645+02:00" testType="13cdc9d9-ddb5-4fa4-a97d-d965ccfc6d4b" outcome="Passed" testListId="8c84fa94-04c1-424b-9868-57a2d4851a1d" relativeResultsDirectory="f5fa630c-e1ae-49cd-9d40-e878cc298a01" />
    <UnitTestResult executionId="6c818251-35dd-4e0b-be9e-abaae45788d6" testId="d342dc81-35be-9779-8fde-113f4caba789" testName="TryGetValueByIdAndKeys_KeysAreNull_ReturnsNull" computerName="ICSWS068" duration="00:00:00.4072373" startTime="2016-08-04T10:21:35.7221705+02:00" endTime="2016-08-04T10:21:36.1312953+02:00" testType="13cdc9d9-ddb5-4fa4-a97d-d965ccfc6d4b" outcome="Passed" testListId="8c84fa94-04c1-424b-9868-57a2d4851a1d" relativeResultsDirectory="6c818251-35dd-4e0b-be9e-abaae45788d6" />
    <UnitTestResult executionId="ece11dae-64c5-47d0-8cf5-a28c35b62dbe" testId="3c50e0b3-ddba-2d29-9177-c975ba258b77" testName="GetSubEntityByKey_EnumerateValidCrossRefEntries_CrossRefEntriesAreReturned" computerName="ICSWS068" duration="00:00:00.3455197" startTime="2016-08-04T10:21:36.1347978+02:00" endTime="2016-08-04T10:21:36.4819943+02:00" testType="13cdc9d9-ddb5-4fa4-a97d-d965ccfc6d4b" outcome="Passed" testListId="8c84fa94-04c1-424b-9868-57a2d4851a1d" relativeResultsDirectory="ece11dae-64c5-47d0-8cf5-a28c35b62dbe" />
    <UnitTestResult executionId="9d59a5ed-8f31-4819-b160-ab240af1964e" testId="ef18e394-e24e-d009-fe6c-a8c43a22dc10" testName="GetSubEntityByKey_InvokedWithInvalidCrossRefEntryId_EntityNotFoundExceptionIsThrown" computerName="ICSWS068" duration="00:00:00.3507225" startTime="2016-08-04T10:21:36.4844963+02:00" endTime="2016-08-04T10:21:36.8368797+02:00" testType="13cdc9d9-ddb5-4fa4-a97d-d965ccfc6d4b" outcome="Passed" testListId="8c84fa94-04c1-424b-9868-57a2d4851a1d" relativeResultsDirectory="9d59a5ed-8f31-4819-b160-ab240af1964e" />
    <UnitTestResult executionId="450bb31e-bc11-4cd6-9a25-7e171ba613eb" testId="c36c8dd8-6db4-10b8-d70a-6b9e3d5d6925" testName="GetSubEntityByKey_InvokedWithInvalidTypeId_ArgumentExceptionIsThrown" computerName="ICSWS068" duration="00:00:00.3456766" startTime="2016-08-04T10:21:36.8415072+02:00" endTime="2016-08-04T10:21:37.1888283+02:00" testType="13cdc9d9-ddb5-4fa4-a97d-d965ccfc6d4b" outcome="Passed" testListId="8c84fa94-04c1-424b-9868-57a2d4851a1d" relativeResultsDirectory="450bb31e-bc11-4cd6-9a25-7e171ba613eb" />
    <UnitTestResult executionId="17e709c6-0574-4677-af87-332cb4737d45" testId="40c8046e-12cc-6fc2-6ae1-4a8b7426054d" testName="AddCrossReferenceEntry_OneTableAndTwoValuesWithSameKeyCombination" computerName="ICSWS068" duration="00:00:00.4028641" startTime="2016-08-04T10:21:37.1922294+02:00" endTime="2016-08-04T10:21:37.5964753+02:00" testType="13cdc9d9-ddb5-4fa4-a97d-d965ccfc6d4b" outcome="Passed" testListId="8c84fa94-04c1-424b-9868-57a2d4851a1d" relativeResultsDirectory="17e709c6-0574-4677-af87-332cb4737d45" />
    <UnitTestResult executionId="3d39be68-6784-435b-bdec-152ad69eb1d2" testId="313991f3-ae66-252a-8d08-93f027c665d7" testName="AddCrossReferenceEntry_OneTableAndTwoValuesWithSameKey1AndEmptyKey2" computerName="ICSWS068" duration="00:00:00.3563127" startTime="2016-08-04T10:21:37.6004782+02:00" endTime="2016-08-04T10:21:37.9581419+02:00" testType="13cdc9d9-ddb5-4fa4-a97d-d965ccfc6d4b" outcome="Passed" testListId="8c84fa94-04c1-424b-9868-57a2d4851a1d" relativeResultsDirectory="3d39be68-6784-435b-bdec-152ad69eb1d2" />
    <UnitTestResult executionId="26e7619a-d920-46ae-96f1-6a6b403a56eb" testId="0567e5ed-9b2f-421e-609f-8aef0fadc78c" testName="AddCrossReferenceEntry_TwoTablesAndTwoValuesWithSameKeyCombination" computerName="ICSWS068" duration="00:00:00.3551356" startTime="2016-08-04T10:21:37.9611439+02:00" endTime="2016-08-04T10:21:38.3175153+02:00" testType="13cdc9d9-ddb5-4fa4-a97d-d965ccfc6d4b" outcome="Passed" testListId="8c84fa94-04c1-424b-9868-57a2d4851a1d" relativeResultsDirectory="26e7619a-d920-46ae-96f1-6a6b403a56eb" />
    <UnitTestResult executionId="39555e22-c884-4d62-a6be-075980854974" testId="f6727dda-a9b5-b2d9-b519-02faabaaed9e" testName="AddCrossReferenceEntry_TwoTablesAndTwoValuesWithSameKey1AndEmptykey2" computerName="ICSWS068" duration="00:00:00.3868528" startTime="2016-08-04T10:21:38.3205225+02:00" endTime="2016-08-04T10:21:38.7091039+02:00" testType="13cdc9d9-ddb5-4fa4-a97d-d965ccfc6d4b" outcome="Passed" testListId="8c84fa94-04c1-424b-9868-57a2d4851a1d" relativeResultsDirectory="39555e22-c884-4d62-a6be-075980854974" />
    <UnitTestResult executionId="e916707b-7c84-4493-b95c-f36f4dff291f" testId="cb12a6f9-6346-d3f4-285c-867250e685ff" testName="UpdateCrossReferenceEntry_OneTableAndValuesWithSameKeyCombinationExists" computerName="ICSWS068" duration="00:00:00.3604194" startTime="2016-08-04T10:21:38.7120077+02:00" endTime="2016-08-04T10:21:39.0738845+02:00" testType="13cdc9d9-ddb5-4fa4-a97d-d965ccfc6d4b" outcome="Passed" testListId="8c84fa94-04c1-424b-9868-57a2d4851a1d" relativeResultsDirectory="e916707b-7c84-4493-b95c-f36f4dff291f" />
    <UnitTestResult executionId="47b8a19b-8d02-45fa-9b0f-6be42ba58743" testId="50d4fbc3-a0df-eb21-fe0a-0e503a5025dc" testName="UpdateCrossReferenceEntry_OneTableAndOnlyKey1AndValuesWithSameKeyCombinationExists" computerName="ICSWS068" duration="00:00:00.3310497" startTime="2016-08-04T10:21:39.0778871+02:00" endTime="2016-08-04T10:21:39.4100691+02:00" testType="13cdc9d9-ddb5-4fa4-a97d-d965ccfc6d4b" outcome="Passed" testListId="8c84fa94-04c1-424b-9868-57a2d4851a1d" relativeResultsDirectory="47b8a19b-8d02-45fa-9b0f-6be42ba58743" />
    <UnitTestResult executionId="b3a6c386-e088-474c-a4b3-4a724cea40e3" testId="001423c7-7074-6e30-deca-db60a29b6f3a" testName="UpdateCrossReferenceEntry_TwoTablesAndValuesWithSameKeyCombinationExists" computerName="ICSWS068" duration="00:00:00.3431828" startTime="2016-08-04T10:21:39.4135737+02:00" endTime="2016-08-04T10:21:39.7580403+02:00" testType="13cdc9d9-ddb5-4fa4-a97d-d965ccfc6d4b" outcome="Passed" testListId="8c84fa94-04c1-424b-9868-57a2d4851a1d" relativeResultsDirectory="b3a6c386-e088-474c-a4b3-4a724cea40e3" />
    <UnitTestResult executionId="387ef3ea-143e-4b39-b354-7b687a2bdafd" testId="7471a5c0-dfc1-f934-ed80-cfd05fa11ef1" testName="UpdateCrossReferenceEntry_TwoTablesAndOnlyKey1AndValuesWithSameKeyCombinationExists" computerName="ICSWS068" duration="00:00:00.3293441" startTime="2016-08-04T10:21:39.7605749+02:00" endTime="2016-08-04T10:21:40.0914291+02:00" testType="13cdc9d9-ddb5-4fa4-a97d-d965ccfc6d4b" outcome="Passed" testListId="8c84fa94-04c1-424b-9868-57a2d4851a1d" relativeResultsDirectory="387ef3ea-143e-4b39-b354-7b687a2bdafd" />
    <UnitTestResult executionId="b17ea199-f31b-40fa-8d1c-3c9de22067f1" testId="ca2c5c07-ef17-cd00-15c2-ad7d5f6db218" testName="AddCrossReferenceValue_CorrectArguments_LastModifiedOnTableUpdated" computerName="ICSWS068" duration="00:00:00.3245269" startTime="2016-08-04T10:21:40.0944311+02:00" endTime="2016-08-04T10:21:40.4201379+02:00" testType="13cdc9d9-ddb5-4fa4-a97d-d965ccfc6d4b" outcome="Passed" testListId="8c84fa94-04c1-424b-9868-57a2d4851a1d" relativeResultsDirectory="b17ea199-f31b-40fa-8d1c-3c9de22067f1" />
    <UnitTestResult executionId="2a708400-5a6a-4237-87ac-c3204662ab54" testId="1434a910-d02a-d17b-d43b-bf7cd0cc049a" testName="AddCrossReferenceValue_NullAsValue_ValuesReturnedAsEmptyString" computerName="ICSWS068" duration="00:00:00.3299855" startTime="2016-08-04T10:21:40.4236422+02:00" endTime="2016-08-04T10:21:40.7549222+02:00" testType="13cdc9d9-ddb5-4fa4-a97d-d965ccfc6d4b" outcome="Passed" testListId="8c84fa94-04c1-424b-9868-57a2d4851a1d" relativeResultsDirectory="2a708400-5a6a-4237-87ac-c3204662ab54" />
    <UnitTestResult executionId="f9380ecf-e1fd-4813-b7d9-319058a60fb8" testId="d3f254fc-670c-a999-1862-753b10617d0a" testName="AddCrossReferenceValue_CorrectArguments_ValuesAddedCorrectly" computerName="ICSWS068" duration="00:00:00.3286298" startTime="2016-08-04T10:21:40.7579262+02:00" endTime="2016-08-04T10:21:41.0879488+02:00" testType="13cdc9d9-ddb5-4fa4-a97d-d965ccfc6d4b" outcome="Passed" testListId="8c84fa94-04c1-424b-9868-57a2d4851a1d" relativeResultsDirectory="f9380ecf-e1fd-4813-b7d9-319058a60fb8" />
    <UnitTestResult executionId="8a375a93-264b-4439-b353-7b6be3a0215c" testId="6fb4bf6f-a6c4-fd71-0add-ed3e476eb148" testName="AddCrossReferenceValue_Key2IsEmpty_ValuesUpdatedCorrectly" computerName="ICSWS068" duration="00:00:00.3355751" startTime="2016-08-04T10:21:41.0909561+02:00" endTime="2016-08-04T10:21:41.4280841+02:00" testType="13cdc9d9-ddb5-4fa4-a97d-d965ccfc6d4b" outcome="Passed" testListId="8c84fa94-04c1-424b-9868-57a2d4851a1d" relativeResultsDirectory="8a375a93-264b-4439-b353-7b6be3a0215c" />
    <UnitTestResult executionId="4530bf7c-b405-475a-93bf-8d1a7c8df063" testId="0151af46-5dcd-c0ae-08dc-d09a36060af1" testName="AddCrossReferenceValue_KeyCombinationExists_ThrowsUniqueValueAddConflictException" computerName="ICSWS068" duration="00:00:00.3377087" startTime="2016-08-04T10:21:41.4310893+02:00" endTime="2016-08-04T10:21:41.7705952+02:00" testType="13cdc9d9-ddb5-4fa4-a97d-d965ccfc6d4b" outcome="Passed" testListId="8c84fa94-04c1-424b-9868-57a2d4851a1d" relativeResultsDirectory="4530bf7c-b405-475a-93bf-8d1a7c8df063" />
    <UnitTestResult executionId="7756ff30-abdd-4623-9533-55d090f8e460" testId="fb36cac8-ec48-774f-504e-c36b2d6c8c1c" testName="AddCrossReferenceValue_KeyCombinationExistsAndKey2IsEmpty_ThrowsUniqueValueAddConflictException" computerName="ICSWS068" duration="00:00:00.3305259" startTime="2016-08-04T10:21:41.7731140+02:00" endTime="2016-08-04T10:21:42.1054734+02:00" testType="13cdc9d9-ddb5-4fa4-a97d-d965ccfc6d4b" outcome="Passed" testListId="8c84fa94-04c1-424b-9868-57a2d4851a1d" relativeResultsDirectory="7756ff30-abdd-4623-9533-55d090f8e460" />
    <UnitTestResult executionId="ad4bd5df-63c6-4c3c-92fd-3a069e84a053" testId="d8d06585-b8d6-7176-0224-f38d7babd5e4" testName="AddCrossReferenceValue_InvalidCrossReferenceTable_ThrowsException" computerName="ICSWS068" duration="00:00:00.3389463" startTime="2016-08-04T10:21:42.1079748+02:00" endTime="2016-08-04T10:21:42.4485336+02:00" testType="13cdc9d9-ddb5-4fa4-a97d-d965ccfc6d4b" outcome="Passed" testListId="8c84fa94-04c1-424b-9868-57a2d4851a1d" relativeResultsDirectory="ad4bd5df-63c6-4c3c-92fd-3a069e84a053" />
    <UnitTestResult executionId="2f458bc9-dcb9-4e24-9e89-448f1c290856" testId="9d6c7c73-7de1-f10f-6edc-e906aaa2fc65" testName="UpdateCrossReferenceValue_CorrectArguments_LastModifiedOnTableUpdated" computerName="ICSWS068" duration="00:00:00.3508533" startTime="2016-08-04T10:21:42.4510338+02:00" endTime="2016-08-04T10:21:42.8034671+02:00" testType="13cdc9d9-ddb5-4fa4-a97d-d965ccfc6d4b" outcome="Passed" testListId="8c84fa94-04c1-424b-9868-57a2d4851a1d" relativeResultsDirectory="2f458bc9-dcb9-4e24-9e89-448f1c290856" />
    <UnitTestResult executionId="0a142a3f-b1b6-4d5a-884c-10a5c88421cf" testId="01b2a6c0-5ac9-7d44-ebe3-eefc48ed09ae" testName="UpdateCrossReferenceValue_NullAsValue_ValuesReturnedAsEmptyString" computerName="ICSWS068" duration="00:00:00.3351968" startTime="2016-08-04T10:21:42.8064688+02:00" endTime="2016-08-04T10:21:43.1431854+02:00" testType="13cdc9d9-ddb5-4fa4-a97d-d965ccfc6d4b" outcome="Passed" testListId="8c84fa94-04c1-424b-9868-57a2d4851a1d" relativeResultsDirectory="0a142a3f-b1b6-4d5a-884c-10a5c88421cf" />
    <UnitTestResult executionId="44d4857b-f2d9-46eb-b480-55336db6fe4a" testId="b76b3f56-a1d7-d135-8b0a-b672c52c8f80" testName="UpdateCrossReferenceValue_CorrectArguments_ValuesUpdatedCorrectly" computerName="ICSWS068" duration="00:00:00.3284069" startTime="2016-08-04T10:21:43.1476903+02:00" endTime="2016-08-04T10:21:43.4773853+02:00" testType="13cdc9d9-ddb5-4fa4-a97d-d965ccfc6d4b" outcome="Passed" testListId="8c84fa94-04c1-424b-9868-57a2d4851a1d" relativeResultsDirectory="44d4857b-f2d9-46eb-b480-55336db6fe4a" />
    <UnitTestResult executionId="46a17fcc-520e-4ab5-bc5e-fc23103d771e" testId="d0e761f4-58cd-c02f-8d68-886c43944af0" testName="UpdateCrossReferenceValue_Key2IsEmpty_ValuesUpdatedCorrectly" computerName="ICSWS068" duration="00:00:00.3667550" startTime="2016-08-04T10:21:43.4804060+02:00" endTime="2016-08-04T10:21:43.8485989+02:00" testType="13cdc9d9-ddb5-4fa4-a97d-d965ccfc6d4b" outcome="Passed" testListId="8c84fa94-04c1-424b-9868-57a2d4851a1d" relativeResultsDirectory="46a17fcc-520e-4ab5-bc5e-fc23103d771e" />
    <UnitTestResult executionId="ce007895-44fd-4913-80cc-8e72918472cd" testId="a62eaade-4b9b-f563-848e-47dbec50f8fc" testName="UpdateCrossReferenceValue_OnlyKey1IsSet_ValuesUpdatedCorrectly" computerName="ICSWS068" duration="00:00:00.3404635" startTime="2016-08-04T10:21:43.8521006+02:00" endTime="2016-08-04T10:21:44.1940065+02:00" testType="13cdc9d9-ddb5-4fa4-a97d-d965ccfc6d4b" outcome="Passed" testListId="8c84fa94-04c1-424b-9868-57a2d4851a1d" relativeResultsDirectory="ce007895-44fd-4913-80cc-8e72918472cd" />
    <UnitTestResult executionId="b91e672d-f266-4aa5-b69f-079a0fc10634" testId="b6122e6e-601a-1414-2e6b-d84dd21ff2bb" testName="UpdateCrossReferenceValue_CrossReferenceTableDoesNotExists_ThrowsEntityNotFoundException" computerName="ICSWS068" duration="00:00:00.3175397" startTime="2016-08-04T10:21:44.1970079+02:00" endTime="2016-08-04T10:21:44.5157216+02:00" testType="13cdc9d9-ddb5-4fa4-a97d-d965ccfc6d4b" outcome="Passed" testListId="8c84fa94-04c1-424b-9868-57a2d4851a1d" relativeResultsDirectory="b91e672d-f266-4aa5-b69f-079a0fc10634" />
    <UnitTestResult executionId="8912faea-805f-4c8e-9470-24fadfad68e7" testId="bcbbe298-b533-4877-1dd7-2269e026312a" testName="UpdateCrossReferenceValue_CrossReferenceValueDoesNotExists_ThrowsEntityNotFoundException" computerName="ICSWS068" duration="00:00:00.3207291" startTime="2016-08-04T10:21:44.5187236+02:00" endTime="2016-08-04T10:21:44.8406550+02:00" testType="13cdc9d9-ddb5-4fa4-a97d-d965ccfc6d4b" outcome="Passed" testListId="8c84fa94-04c1-424b-9868-57a2d4851a1d" relativeResultsDirectory="8912faea-805f-4c8e-9470-24fadfad68e7" />
    <UnitTestResult executionId="f558ad78-6ad6-4032-98a7-c4484bdf730d" testId="634501c7-af3e-19a9-f295-f7f352d7d868" testName="UpdateOrAddCrossReferenceValue_CorrectArguments_LastModifiedOnTableUpdated" computerName="ICSWS068" duration="00:00:00.3525339" startTime="2016-08-04T10:21:44.8436409+02:00" endTime="2016-08-04T10:21:45.1974563+02:00" testType="13cdc9d9-ddb5-4fa4-a97d-d965ccfc6d4b" outcome="Passed" testListId="8c84fa94-04c1-424b-9868-57a2d4851a1d" relativeResultsDirectory="f558ad78-6ad6-4032-98a7-c4484bdf730d" />
    <UnitTestResult executionId="af080eb3-6380-4d3c-8400-c9b064aa7f46" testId="836ac0f6-93e2-9b2d-ce1e-1fcad70dee7c" testName="UpdateOrAddCrossReferenceValue_NullAsValueMatching_ValuesReturnedAsEmptyString" computerName="ICSWS068" duration="00:00:00.3401360" startTime="2016-08-04T10:21:45.2004416+02:00" endTime="2016-08-04T10:21:45.5420440+02:00" testType="13cdc9d9-ddb5-4fa4-a97d-d965ccfc6d4b" outcome="Passed" testListId="8c84fa94-04c1-424b-9868-57a2d4851a1d" relativeResultsDirectory="af080eb3-6380-4d3c-8400-c9b064aa7f46" />
    <UnitTestResult executionId="73ef4380-feea-44dc-a150-0e51d2ff8ead" testId="e60ec041-b25b-1ccc-d552-7d2685fab2ed" testName="UpdateOrAddCrossReferenceValue_CorrectArgumentsMatching_ValuesUpdatedCorrectly" computerName="ICSWS068" duration="00:00:00.3308385" startTime="2016-08-04T10:21:45.5450448+02:00" endTime="2016-08-04T10:21:45.8775717+02:00" testType="13cdc9d9-ddb5-4fa4-a97d-d965ccfc6d4b" outcome="Passed" testListId="8c84fa94-04c1-424b-9868-57a2d4851a1d" relativeResultsDirectory="73ef4380-feea-44dc-a150-0e51d2ff8ead" />
    <UnitTestResult executionId="c1ed248b-d5bd-4f7e-8806-78d42640b977" testId="102983e3-343e-3ac0-9f4d-720b044babe7" testName="UpdateOrAddCrossReferenceValue_Key2IsEmptyMatching_ValuesUpdatedCorrectly" computerName="ICSWS068" duration="00:00:00.3374906" startTime="2016-08-04T10:21:45.8810734+02:00" endTime="2016-08-04T10:21:46.2200811+02:00" testType="13cdc9d9-ddb5-4fa4-a97d-d965ccfc6d4b" outcome="Passed" testListId="8c84fa94-04c1-424b-9868-57a2d4851a1d" relativeResultsDirectory="c1ed248b-d5bd-4f7e-8806-78d42640b977" />
    <UnitTestResult executionId="e70a5a53-5e47-4f4c-8099-32806b89665e" testId="62e5b9bb-41a7-0222-8a48-3ac6cdc116ff" testName="UpdateOrAddCrossReferenceValue_OnlyKey1IsSetMatching_ValuesUpdatedCorrectly" computerName="ICSWS068" duration="00:00:00.3587302" startTime="2016-08-04T10:21:46.2225940+02:00" endTime="2016-08-04T10:21:46.5832568+02:00" testType="13cdc9d9-ddb5-4fa4-a97d-d965ccfc6d4b" outcome="Passed" testListId="8c84fa94-04c1-424b-9868-57a2d4851a1d" relativeResultsDirectory="e70a5a53-5e47-4f4c-8099-32806b89665e" />
    <UnitTestResult executionId="cf185d69-ff68-4fa0-aa03-4315906fcc20" testId="3ffe3b0e-74e4-0280-e092-a894a49b3234" testName="UpdateOrAddCrossReferenceValue_CrossReferenceTableDoesNotExists_ThrowsEntityNotFoundException" computerName="ICSWS068" duration="00:00:00.3282858" startTime="2016-08-04T10:21:46.5857746+02:00" endTime="2016-08-04T10:21:46.9156769+02:00" testType="13cdc9d9-ddb5-4fa4-a97d-d965ccfc6d4b" outcome="Passed" testListId="8c84fa94-04c1-424b-9868-57a2d4851a1d" relativeResultsDirectory="cf185d69-ff68-4fa0-aa03-4315906fcc20" />
    <UnitTestResult executionId="710a04dc-c7d7-41b3-bb82-69e81a3a90c6" testId="6714f7c6-40d0-216d-b0b0-e882f4cecdba" testName="UpdateOrAddCrossReferenceValue_CorrectArgumentsNotMatching_ValuesAddedCorrectly" computerName="ICSWS068" duration="00:00:00.3340446" startTime="2016-08-04T10:21:46.9186792+02:00" endTime="2016-08-04T10:21:47.2537680+02:00" testType="13cdc9d9-ddb5-4fa4-a97d-d965ccfc6d4b" outcome="Passed" testListId="8c84fa94-04c1-424b-9868-57a2d4851a1d" relativeResultsDirectory="710a04dc-c7d7-41b3-bb82-69e81a3a90c6" />
    <UnitTestResult executionId="460c7200-1981-42c6-a326-e60641c09f00" testId="a8795dd7-22ff-b6c1-4869-6a31e80acf3f" testName="UpdateOrAddCrossReferenceValue_Key2IsEmptyNotMatching_ValuesAddedCorrectly" computerName="ICSWS068" duration="00:00:00.3360833" startTime="2016-08-04T10:21:47.2567700+02:00" endTime="2016-08-04T10:21:47.5942968+02:00" testType="13cdc9d9-ddb5-4fa4-a97d-d965ccfc6d4b" outcome="Passed" testListId="8c84fa94-04c1-424b-9868-57a2d4851a1d" relativeResultsDirectory="460c7200-1981-42c6-a326-e60641c09f00" />
    <UnitTestResult executionId="ac3eebfe-dc22-4cc4-a60b-3ea32f3bd647" testId="7aa25b8f-02be-2a55-e301-8e10a93823ad" testName="UpdateOrAddCrossReferenceValue_OnlyKey1IsSetNotMatching_ValuesAddedCorrectly" computerName="ICSWS068" duration="00:00:00.3258935" startTime="2016-08-04T10:21:47.5977991+02:00" endTime="2016-08-04T10:21:47.9250856+02:00" testType="13cdc9d9-ddb5-4fa4-a97d-d965ccfc6d4b" outcome="Passed" testListId="8c84fa94-04c1-424b-9868-57a2d4851a1d" relativeResultsDirectory="ac3eebfe-dc22-4cc4-a60b-3ea32f3bd647" />
    <UnitTestResult executionId="48788b95-f35d-4cb9-8c8c-e188d996c89e" testId="59c8d226-96cd-1eb3-4efc-33bf25b62a3a" testName="UpdateOrAddCrossReferenceValue_NullAsValueNotMatching_ValuesReturnedAsEmptyString" computerName="ICSWS068" duration="00:00:00.3592226" startTime="2016-08-04T10:21:47.9280890+02:00" endTime="2016-08-04T10:21:48.2886530+02:00" testType="13cdc9d9-ddb5-4fa4-a97d-d965ccfc6d4b" outcome="Passed" testListId="8c84fa94-04c1-424b-9868-57a2d4851a1d" relativeResultsDirectory="48788b95-f35d-4cb9-8c8c-e188d996c89e" />
    <UnitTestResult executionId="ad392adb-0e05-429d-ba44-6d3d076093a5" testId="62e23b80-ee25-2657-132e-b145842464b1" testName="DeleteCrossReferenceValue_CorrectArguments_LastModifiedOnTableUpdated" computerName="ICSWS068" duration="00:00:00.3280708" startTime="2016-08-04T10:21:48.2916447+02:00" endTime="2016-08-04T10:21:48.6212251+02:00" testType="13cdc9d9-ddb5-4fa4-a97d-d965ccfc6d4b" outcome="Passed" testListId="8c84fa94-04c1-424b-9868-57a2d4851a1d" relativeResultsDirectory="ad392adb-0e05-429d-ba44-6d3d076093a5" />
    <UnitTestResult executionId="b89fba63-edb6-4fb6-ab63-9021fe31f6f3" testId="e1a52796-bd29-c801-8e94-72cc312ceb70" testName="DeleteCrossReferenceValue_CorrectArguments_ValueDeleted" computerName="ICSWS068" duration="00:00:00.3259952" startTime="2016-08-04T10:21:48.6237429+02:00" endTime="2016-08-04T10:21:48.9510488+02:00" testType="13cdc9d9-ddb5-4fa4-a97d-d965ccfc6d4b" outcome="Passed" testListId="8c84fa94-04c1-424b-9868-57a2d4851a1d" relativeResultsDirectory="b89fba63-edb6-4fb6-ab63-9021fe31f6f3" />
    <UnitTestResult executionId="51058791-b45a-4551-bc60-6b8e0c2a931e" testId="0bdc8e44-ca03-d71b-f322-5b34093ab468" testName="SetAttributeValue_StringWithNonInvariantDecimalPointToFloatAttribute_ThrowsFormatException" computerName="ICSWS068" duration="00:00:00.3655251" startTime="2016-08-04T10:21:48.9540514+02:00" endTime="2016-08-04T10:21:49.3217733+02:00" testType="13cdc9d9-ddb5-4fa4-a97d-d965ccfc6d4b" outcome="Passed" testListId="8c84fa94-04c1-424b-9868-57a2d4851a1d" relativeResultsDirectory="51058791-b45a-4551-bc60-6b8e0c2a931e" />
    <UnitTestResult executionId="afc75a46-cd7b-48c5-ad65-8ce9bd1b51c1" testId="074e3c8f-f7fd-92b6-015f-c1c1353ef070" testName="SetAttributeValue_IntegerValueToStringAttribute_Succeeds" computerName="ICSWS068" duration="00:00:00.3870003" startTime="2016-08-04T10:21:49.3242923+02:00" endTime="2016-08-04T10:21:49.7126739+02:00" testType="13cdc9d9-ddb5-4fa4-a97d-d965ccfc6d4b" outcome="Passed" testListId="8c84fa94-04c1-424b-9868-57a2d4851a1d" relativeResultsDirectory="afc75a46-cd7b-48c5-ad65-8ce9bd1b51c1" />
    <UnitTestResult executionId="dd694431-a8e5-4fe3-ac61-2ce7444e4be1" testId="a084d61d-8e8b-b069-974c-2a2fe0bd4eef" testName="SetAttributeValue_IntegerValueToFloatAttribute_Succeeds" computerName="ICSWS068" duration="00:00:00.3373516" startTime="2016-08-04T10:21:49.7161601+02:00" endTime="2016-08-04T10:21:50.0552652+02:00" testType="13cdc9d9-ddb5-4fa4-a97d-d965ccfc6d4b" outcome="Passed" testListId="8c84fa94-04c1-424b-9868-57a2d4851a1d" relativeResultsDirectory="dd694431-a8e5-4fe3-ac61-2ce7444e4be1" />
    <UnitTestResult executionId="d3887d66-676a-4926-8cda-0f11e6cc9b4b" testId="ca2a3529-6fe2-9772-dc71-80600c8a534c" testName="SetAttributeValue_FloatValueToStringAttribute_Succeeds" computerName="ICSWS068" duration="00:00:00.3415397" startTime="2016-08-04T10:21:50.0582681+02:00" endTime="2016-08-04T10:21:50.4010719+02:00" testType="13cdc9d9-ddb5-4fa4-a97d-d965ccfc6d4b" outcome="Passed" testListId="8c84fa94-04c1-424b-9868-57a2d4851a1d" relativeResultsDirectory="d3887d66-676a-4926-8cda-0f11e6cc9b4b" />
    <UnitTestResult executionId="b2f7d476-7de0-4771-974b-7dd0ac9404c8" testId="aa99ca40-aeec-6003-abc8-a990f1a031ef" testName="AddAttributes_ValidArgumentsAnd2Attributes_AttributesAdded" computerName="ICSWS068" duration="00:00:00.3722220" startTime="2016-08-04T10:21:50.4040727+02:00" endTime="2016-08-04T10:21:50.7775306+02:00" testType="13cdc9d9-ddb5-4fa4-a97d-d965ccfc6d4b" outcome="Passed" testListId="8c84fa94-04c1-424b-9868-57a2d4851a1d" relativeResultsDirectory="b2f7d476-7de0-4771-974b-7dd0ac9404c8" />
    <UnitTestResult executionId="608a5ef5-0493-49a8-8446-b281a1499df1" testId="53181a6e-86d2-5664-7408-2a617753dd9d" testName="AddAttributes_ValidArgumentsAnd1Attribute_AttributesAdded" computerName="ICSWS068" duration="00:00:00.3457308" startTime="2016-08-04T10:21:50.7800391+02:00" endTime="2016-08-04T10:21:51.1274669+02:00" testType="13cdc9d9-ddb5-4fa4-a97d-d965ccfc6d4b" outcome="Passed" testListId="8c84fa94-04c1-424b-9868-57a2d4851a1d" relativeResultsDirectory="608a5ef5-0493-49a8-8446-b281a1499df1" />
    <UnitTestResult executionId="5ed86775-3a59-454c-9b3b-495823302a6a" testId="0b342f9c-a954-9f80-3092-9322eba68445" testName="AddAttributes_ValidArgumentsAndNoAttributes_NoAttributesAdded" computerName="ICSWS068" duration="00:00:00.3277603" startTime="2016-08-04T10:21:51.1299431+02:00" endTime="2016-08-04T10:21:51.4598715+02:00" testType="13cdc9d9-ddb5-4fa4-a97d-d965ccfc6d4b" outcome="Passed" testListId="8c84fa94-04c1-424b-9868-57a2d4851a1d" relativeResultsDirectory="5ed86775-3a59-454c-9b3b-495823302a6a" />
    <UnitTestResult executionId="4b2c6128-8d75-4585-8aa3-69c889ce17e4" testId="381a5564-a4ef-f87f-b7ef-7dbe2b9a6613" testName="AddAttributes_ValidArgumentsAndNullAttributes_NoAttributesAdded" computerName="ICSWS068" duration="00:00:00.3300561" startTime="2016-08-04T10:21:51.4627137+02:00" endTime="2016-08-04T10:21:51.7940567+02:00" testType="13cdc9d9-ddb5-4fa4-a97d-d965ccfc6d4b" outcome="Passed" testListId="8c84fa94-04c1-424b-9868-57a2d4851a1d" relativeResultsDirectory="4b2c6128-8d75-4585-8aa3-69c889ce17e4" />
    <UnitTestResult executionId="7cd1ff16-026a-4f8c-9b72-1d8eaf85e463" testId="b9df65b6-1c8d-5eac-08e6-0ecc3079a24a" testName="AddAttributes_NonExistentAttribute_ThrowsEntityNotFoundException" computerName="ICSWS068" duration="00:00:00.3228138" startTime="2016-08-04T10:21:51.7970417+02:00" endTime="2016-08-04T10:21:52.1213450+02:00" testType="13cdc9d9-ddb5-4fa4-a97d-d965ccfc6d4b" outcome="Passed" testListId="8c84fa94-04c1-424b-9868-57a2d4851a1d" relativeResultsDirectory="7cd1ff16-026a-4f8c-9b72-1d8eaf85e463" />
    <UnitTestResult executionId="9d9c3728-cec0-490b-a9e8-ebf4f98d5c54" testId="18e1eba3-447d-be99-6af0-823717bb4875" testName="AddAttributes_NonExistentSetting_ThrowsEntityNotFoundException" computerName="ICSWS068" duration="00:00:00.3655295" startTime="2016-08-04T10:21:52.1238625+02:00" endTime="2016-08-04T10:21:52.4911235+02:00" testType="13cdc9d9-ddb5-4fa4-a97d-d965ccfc6d4b" outcome="Passed" testListId="8c84fa94-04c1-424b-9868-57a2d4851a1d" relativeResultsDirectory="9d9c3728-cec0-490b-a9e8-ebf4f98d5c54" />
    <UnitTestResult executionId="0d2f6ea9-4477-4fe6-8b75-320ea5ee3486" testId="7c05bab9-f637-2c3b-5dbe-afcaed0f4c83" testName="AddAttributes_ProtectedAttributeAndSystemSetToEncrypt_AttributesValueAddedEncryped" computerName="ICSWS068" duration="00:00:00.3473041" startTime="2016-08-04T10:21:52.4936249+02:00" endTime="2016-08-04T10:21:52.8425934+02:00" testType="13cdc9d9-ddb5-4fa4-a97d-d965ccfc6d4b" outcome="Passed" testListId="8c84fa94-04c1-424b-9868-57a2d4851a1d" relativeResultsDirectory="0d2f6ea9-4477-4fe6-8b75-320ea5ee3486" />
    <UnitTestResult executionId="f60b9c25-71e2-4698-8e73-edf9a2e60e06" testId="ea449f51-1d1e-98f6-62ed-c13293bd5179" testName="Import_NewSettingImported_SettingIsAdded" computerName="ICSWS068" duration="00:00:00.3703907" startTime="2016-08-04T10:21:52.8455975+02:00" endTime="2016-08-04T10:21:53.2173698+02:00" testType="13cdc9d9-ddb5-4fa4-a97d-d965ccfc6d4b" outcome="Passed" testListId="8c84fa94-04c1-424b-9868-57a2d4851a1d" relativeResultsDirectory="f60b9c25-71e2-4698-8e73-edf9a2e60e06" />
    <UnitTestResult executionId="de6c4f78-ef0a-41b3-9627-e6fce0e6e5b5" testId="5af7b2bd-63fa-a62a-8222-e80487c24a5d" testName="Import_SettingExists_SettingIsOverwritten" computerName="ICSWS068" duration="00:00:00.3774383" startTime="2016-08-04T10:21:53.2208723+02:00" endTime="2016-08-04T10:21:53.5996659+02:00" testType="13cdc9d9-ddb5-4fa4-a97d-d965ccfc6d4b" outcome="Passed" testListId="8c84fa94-04c1-424b-9868-57a2d4851a1d" relativeResultsDirectory="de6c4f78-ef0a-41b3-9627-e6fce0e6e5b5" />
    <UnitTestResult executionId="f5a2e20f-c8da-4d92-9b4d-9b46dc12056a" testId="eabb2745-c87d-74b5-3a62-9a72d5d715de" testName="Import_SettingExistsWithDifferentAttributeGroup_NoOrphanedReferencesForSetting" computerName="ICSWS068" duration="00:00:00.3533911" startTime="2016-08-04T10:21:53.6031688+02:00" endTime="2016-08-04T10:21:53.9580750+02:00" testType="13cdc9d9-ddb5-4fa4-a97d-d965ccfc6d4b" outcome="Passed" testListId="8c84fa94-04c1-424b-9868-57a2d4851a1d" relativeResultsDirectory="f5a2e20f-c8da-4d92-9b4d-9b46dc12056a" />
    <UnitTestResult executionId="1210bab2-8ff3-44c4-a146-096faa5d09ad" testId="7fd6c5b6-5c3d-e75b-16c4-b6eed7f7e091" testName="UpdateAllGroups_ComplexProperties_Success" computerName="ICSWS068" duration="00:00:00.3361580" startTime="2016-08-04T10:21:53.9605961+02:00" endTime="2016-08-04T10:21:54.2980654+02:00" testType="13cdc9d9-ddb5-4fa4-a97d-d965ccfc6d4b" outcome="Passed" testListId="8c84fa94-04c1-424b-9868-57a2d4851a1d" relativeResultsDirectory="1210bab2-8ff3-44c4-a146-096faa5d09ad" />
    <UnitTestResult executionId="50d928f9-0e64-42e3-b496-9301f2f6537a" testId="28169486-f973-bb92-6266-fbbe2bb942dc" testName="ListIsProtected_ComplexProperties_ReturnsProtectedSettings" computerName="ICSWS068" duration="00:00:04.7484146" startTime="2016-08-04T10:21:54.3015680+02:00" endTime="2016-08-04T10:21:59.0514957+02:00" testType="13cdc9d9-ddb5-4fa4-a97d-d965ccfc6d4b" outcome="Passed" testListId="8c84fa94-04c1-424b-9868-57a2d4851a1d" relativeResultsDirectory="50d928f9-0e64-42e3-b496-9301f2f6537a" />
    <UnitTestResult executionId="aabe4d49-d5dd-4220-9f59-c64f69bb68b9" testId="1df4a223-acc2-d9db-c222-8478bcd1218e" testName="DefaultValueFromAttribute_ExistingProtectedStringAttribute_ReturnsCorrectValue" computerName="ICSWS068" duration="00:00:01.8868665" startTime="2016-08-04T10:21:59.0544972+02:00" endTime="2016-08-04T10:22:00.9432187+02:00" testType="13cdc9d9-ddb5-4fa4-a97d-d965ccfc6d4b" outcome="Passed" testListId="8c84fa94-04c1-424b-9868-57a2d4851a1d" relativeResultsDirectory="aabe4d49-d5dd-4220-9f59-c64f69bb68b9" />
    <UnitTestResult executionId="6cfed73b-888b-46a2-a4c1-48aa5076831b" testId="470a13c6-53f9-2b30-a027-9ec263b64f4e" testName="DefaultValueFromAttribute_ExistingProtectedIntegerAttribute_ReturnsCorrectValue" computerName="ICSWS068" duration="00:00:01.7359888" startTime="2016-08-04T10:22:00.9462207+02:00" endTime="2016-08-04T10:22:02.6834293+02:00" testType="13cdc9d9-ddb5-4fa4-a97d-d965ccfc6d4b" outcome="Passed" testListId="8c84fa94-04c1-424b-9868-57a2d4851a1d" relativeResultsDirectory="6cfed73b-888b-46a2-a4c1-48aa5076831b" />
    <UnitTestResult executionId="89e9597c-7c00-4902-939d-a04a911a56b3" testId="5c9dbffb-269a-7656-c0b7-f1b9c1266253" testName="DefaultValueFromAttribute_ExistingProtectedFloatAttribute_ReturnsCorrectValue" computerName="ICSWS068" duration="00:00:01.6891372" startTime="2016-08-04T10:22:02.6859310+02:00" endTime="2016-08-04T10:22:04.3772585+02:00" testType="13cdc9d9-ddb5-4fa4-a97d-d965ccfc6d4b" outcome="Passed" testListId="8c84fa94-04c1-424b-9868-57a2d4851a1d" relativeResultsDirectory="89e9597c-7c00-4902-939d-a04a911a56b3" />
    <UnitTestResult executionId="33585c1e-b431-440f-9c8d-429561c1124d" testId="acd04e07-fba0-9e9d-7c2a-466fe92b17c4" testName="DefaultValueFromAttribute_ExistingProtectedStringAttributeWithNoDefault_ReturnsCorrectValue" computerName="ICSWS068" duration="00:00:01.6692960" startTime="2016-08-04T10:22:04.3802605+02:00" endTime="2016-08-04T10:22:06.0508559+02:00" testType="13cdc9d9-ddb5-4fa4-a97d-d965ccfc6d4b" outcome="Passed" testListId="8c84fa94-04c1-424b-9868-57a2d4851a1d" relativeResultsDirectory="33585c1e-b431-440f-9c8d-429561c1124d" />
    <UnitTestResult executionId="e04ca43b-1686-41d2-aa8f-f1c2fdd8cf2b" testId="061478ba-bcea-4e2f-ce84-9f7dc795900c" testName="ValueFromAttributeValue_ExistingProtectedStringAttribute_ReturnsCorrectValue" computerName="ICSWS068" duration="00:00:01.7479710" startTime="2016-08-04T10:22:06.0538646+02:00" endTime="2016-08-04T10:22:07.8035252+02:00" testType="13cdc9d9-ddb5-4fa4-a97d-d965ccfc6d4b" outcome="Passed" testListId="8c84fa94-04c1-424b-9868-57a2d4851a1d" relativeResultsDirectory="e04ca43b-1686-41d2-aa8f-f1c2fdd8cf2b" />
    <UnitTestResult executionId="e26b864f-d649-47e6-9f28-1c24467a16b6" testId="beda1b1f-fcd2-1728-61fb-0391f306405d" testName="ValueFromAttributeValue_ExistingProtectedIntegerAttribute_ReturnsCorrectValue" computerName="ICSWS068" duration="00:00:01.6588977" startTime="2016-08-04T10:22:07.8065272+02:00" endTime="2016-08-04T10:22:09.4670247+02:00" testType="13cdc9d9-ddb5-4fa4-a97d-d965ccfc6d4b" outcome="Passed" testListId="8c84fa94-04c1-424b-9868-57a2d4851a1d" relativeResultsDirectory="e26b864f-d649-47e6-9f28-1c24467a16b6" />
    <UnitTestResult executionId="20aa4bc1-7f54-47da-85a7-78f26b2951fd" testId="78f6abe0-cc49-fc82-ab88-689ee7df4061" testName="ValueFromAttributeValue_ExistingProtectedFloatAttribute_ReturnsCorrectValue" computerName="ICSWS068" duration="00:00:01.6998184" startTime="2016-08-04T10:22:09.4700262+02:00" endTime="2016-08-04T10:22:11.1717224+02:00" testType="13cdc9d9-ddb5-4fa4-a97d-d965ccfc6d4b" outcome="Passed" testListId="8c84fa94-04c1-424b-9868-57a2d4851a1d" relativeResultsDirectory="20aa4bc1-7f54-47da-85a7-78f26b2951fd" />
    <UnitTestResult executionId="f37888ea-1a7f-4832-b3c1-30ba50486099" testId="f085acbd-439c-4d25-189d-bfcd3df248ff" testName="UpdateAttributes_ExistingProtectedStringAttribute_PersistsEncryptedValue" computerName="ICSWS068" duration="00:00:01.6854023" startTime="2016-08-04T10:22:11.1747417+02:00" endTime="2016-08-04T10:22:12.8620749+02:00" testType="13cdc9d9-ddb5-4fa4-a97d-d965ccfc6d4b" outcome="Passed" testListId="8c84fa94-04c1-424b-9868-57a2d4851a1d" relativeResultsDirectory="f37888ea-1a7f-4832-b3c1-30ba50486099" />
    <UnitTestResult executionId="9b58022d-a75b-4119-a367-da5830ff6b06" testId="3671dcf1-7b40-85fd-920b-f263628a76ae" testName="UpdateAttributes_ExistingProtectedIntegerAttribute_PersistsEncryptedValue" computerName="ICSWS068" duration="00:00:01.6848581" startTime="2016-08-04T10:22:12.8655781+02:00" endTime="2016-08-04T10:22:14.5528338+02:00" testType="13cdc9d9-ddb5-4fa4-a97d-d965ccfc6d4b" outcome="Passed" testListId="8c84fa94-04c1-424b-9868-57a2d4851a1d" relativeResultsDirectory="9b58022d-a75b-4119-a367-da5830ff6b06" />
    <UnitTestResult executionId="9af0ba01-42da-4430-814d-12a05bf2c2b6" testId="b8c120e3-6401-e6cd-7c77-b1849b1e2988" testName="UpdateAttributes_ExistingProtectedFloatAttribute_PersistsEncryptedValue" computerName="ICSWS068" duration="00:00:01.6657257" startTime="2016-08-04T10:22:14.5553543+02:00" endTime="2016-08-04T10:22:16.2229034+02:00" testType="13cdc9d9-ddb5-4fa4-a97d-d965ccfc6d4b" outcome="Passed" testListId="8c84fa94-04c1-424b-9868-57a2d4851a1d" relativeResultsDirectory="9af0ba01-42da-4430-814d-12a05bf2c2b6" />
    <UnitTestResult executionId="8a1bfa0d-2fa3-4dd2-a576-1041a1d62a26" testId="2c2991e8-c59c-77ba-6dd2-7a9b588be305" testName="GetAttributeValue_ExistingProtectedStringAttributeWithIntegerGenericTypeArgument_ReturnsCorrectValue" computerName="ICSWS068" duration="00:00:01.7261967" startTime="2016-08-04T10:22:16.2264048+02:00" endTime="2016-08-04T10:22:17.9546836+02:00" testType="13cdc9d9-ddb5-4fa4-a97d-d965ccfc6d4b" outcome="Passed" testListId="8c84fa94-04c1-424b-9868-57a2d4851a1d" relativeResultsDirectory="8a1bfa0d-2fa3-4dd2-a576-1041a1d62a26" />
    <UnitTestResult executionId="a8baef17-ad9b-47f0-8685-c47beb3fb6a9" testId="2d0204ac-b76f-ca1a-c274-6fb5083b388b" testName="GetAttributeValue_ExistingProtectedIntegerAttributeWithIntegerGenericTypeArgument_ReturnsCorrectValue" computerName="ICSWS068" duration="00:00:01.6691722" startTime="2016-08-04T10:22:17.9581844+02:00" endTime="2016-08-04T10:22:19.6294252+02:00" testType="13cdc9d9-ddb5-4fa4-a97d-d965ccfc6d4b" outcome="Passed" testListId="8c84fa94-04c1-424b-9868-57a2d4851a1d" relativeResultsDirectory="a8baef17-ad9b-47f0-8685-c47beb3fb6a9" />
    <UnitTestResult executionId="39f694c2-4447-40be-b345-e92eae30d9af" testId="7e0f7e55-0bb3-4d0b-d2d7-ccda912bd0ce" testName="GetAttributeValue_ExistingProtectedFloatAttributeWithIntegerGenericTypeArgument_ReturnsCorrectValue" computerName="ICSWS068" duration="00:00:01.6793177" startTime="2016-08-04T10:22:19.6324301+02:00" endTime="2016-08-04T10:22:21.3136749+02:00" testType="13cdc9d9-ddb5-4fa4-a97d-d965ccfc6d4b" outcome="Passed" testListId="8c84fa94-04c1-424b-9868-57a2d4851a1d" relativeResultsDirectory="39f694c2-4447-40be-b345-e92eae30d9af" />
    <UnitTestResult executionId="5d3138ca-7f97-4442-bc77-121d7c7ffe0c" testId="9d581f4c-c523-fb6b-ad58-4041968da3a8" testName="SetAttributeValue_ExistingProtectedStringAttributeWithIntegerGenericTypeArgument_ReturnsCorrectValue" computerName="ICSWS068" duration="00:00:01.6641832" startTime="2016-08-04T10:22:21.3161763+02:00" endTime="2016-08-04T10:22:22.9822781+02:00" testType="13cdc9d9-ddb5-4fa4-a97d-d965ccfc6d4b" outcome="Passed" testListId="8c84fa94-04c1-424b-9868-57a2d4851a1d" relativeResultsDirectory="5d3138ca-7f97-4442-bc77-121d7c7ffe0c" />
    <UnitTestResult executionId="7c91472b-fa79-4039-9247-e438910fe744" testId="d18d47e6-5611-0f97-34ba-b14cbceebb59" testName="SetAttributeValue_ExistingProtectedIntegerAttributeWithIntegerGenericTypeArgument_ReturnsCorrectValue" computerName="ICSWS068" duration="00:00:01.6926623" startTime="2016-08-04T10:22:22.9847969+02:00" endTime="2016-08-04T10:22:24.6793554+02:00" testType="13cdc9d9-ddb5-4fa4-a97d-d965ccfc6d4b" outcome="Passed" testListId="8c84fa94-04c1-424b-9868-57a2d4851a1d" relativeResultsDirectory="7c91472b-fa79-4039-9247-e438910fe744" />
    <UnitTestResult executionId="9838df4c-c1d4-4e00-b04c-ba5dd79ff081" testId="b2d399a0-06b0-240a-e72a-59bfd6deca2d" testName="SetAttributeValue_ExistingProtectedFloatAttributeWithIntegerGenericTypeArgument_ReturnsCorrectValue" computerName="ICSWS068" duration="00:00:01.6903415" startTime="2016-08-04T10:22:24.6823868+02:00" endTime="2016-08-04T10:22:26.3746178+02:00" testType="13cdc9d9-ddb5-4fa4-a97d-d965ccfc6d4b" outcome="Passed" testListId="8c84fa94-04c1-424b-9868-57a2d4851a1d" relativeResultsDirectory="9838df4c-c1d4-4e00-b04c-ba5dd79ff081" />
    <UnitTestResult executionId="3353d5ff-2cf6-4a19-aa48-fdef236cf550" testId="e0030da8-e14f-7213-c069-bde0e73aadbb" testName="SetAttributeValue_ExistingProtectedFloatSetWithNewFloatAndSystemNotEncrypted_ValueIsSetUnEncrypted" computerName="ICSWS068" duration="00:00:00.6478915" startTime="2016-08-04T10:22:26.3776213+02:00" endTime="2016-08-04T10:22:27.0273610+02:00" testType="13cdc9d9-ddb5-4fa4-a97d-d965ccfc6d4b" outcome="Passed" testListId="8c84fa94-04c1-424b-9868-57a2d4851a1d" relativeResultsDirectory="3353d5ff-2cf6-4a19-aa48-fdef236cf550" />
    <UnitTestResult executionId="82a90f6e-ccaf-484c-b128-b1c34c05b9cb" testId="61370792-8237-ede0-64ad-1e732a029cda" testName="SetAttributeValue_ExistingProtectedFloatSetWithNewFloatAndSystemEncryptionDeactivated_ValueIsSetUnEncrypted" computerName="ICSWS068" duration="00:00:02.7019457" startTime="2016-08-04T10:22:27.0303624+02:00" endTime="2016-08-04T10:22:29.7335695+02:00" testType="13cdc9d9-ddb5-4fa4-a97d-d965ccfc6d4b" outcome="Passed" testListId="8c84fa94-04c1-424b-9868-57a2d4851a1d" relativeResultsDirectory="82a90f6e-ccaf-484c-b128-b1c34c05b9cb" />
    <UnitTestResult executionId="1e1ad0fa-c6f6-4bad-be0a-38b0b16372bb" testId="f76079c1-5ac6-2df7-0c13-a5cbd13e239f" testName="SetAttributeValue_ExistingProtectedIntegerSetWithNewIntegerAndSystemNotEncrypted_ValueIsSetUnEncrypted" computerName="ICSWS068" duration="00:00:00.6872651" startTime="2016-08-04T10:22:29.7365706+02:00" endTime="2016-08-04T10:22:30.4258988+02:00" testType="13cdc9d9-ddb5-4fa4-a97d-d965ccfc6d4b" outcome="Passed" testListId="8c84fa94-04c1-424b-9868-57a2d4851a1d" relativeResultsDirectory="1e1ad0fa-c6f6-4bad-be0a-38b0b16372bb" />
    <UnitTestResult executionId="96c00af8-8248-4edb-bede-286e6a34f777" testId="aa24a3b4-33e5-6f53-c2f6-937216cd2af3" testName="SetAttributeValue_ExistingProtectedIntegerSetWithNewIntegerAndSystemEncryptionDeactivated_ValueIsSetUnEncrypted" computerName="ICSWS068" duration="00:00:02.6809341" startTime="2016-08-04T10:22:30.4294010+02:00" endTime="2016-08-04T10:22:33.1122358+02:00" testType="13cdc9d9-ddb5-4fa4-a97d-d965ccfc6d4b" outcome="Passed" testListId="8c84fa94-04c1-424b-9868-57a2d4851a1d" relativeResultsDirectory="96c00af8-8248-4edb-bede-286e6a34f777" />
    <UnitTestResult executionId="188fd818-7e5e-4f0d-b9b9-9914fd4f0b3a" testId="f83a0da9-7089-0b15-dfcf-4ea0679036fd" testName="SetAttributeValue_ExistingProtectedStringSetWithNewStringAndSystemNotEncrypted_ValueIsSetUnEncrypted" computerName="ICSWS068" duration="00:00:00.6569939" startTime="2016-08-04T10:22:33.1152360+02:00" endTime="2016-08-04T10:22:33.7738612+02:00" testType="13cdc9d9-ddb5-4fa4-a97d-d965ccfc6d4b" outcome="Passed" testListId="8c84fa94-04c1-424b-9868-57a2d4851a1d" relativeResultsDirectory="188fd818-7e5e-4f0d-b9b9-9914fd4f0b3a" />
    <UnitTestResult executionId="9b87a987-e82a-4d7e-b067-8e690e1411d0" testId="1affbe49-8d61-d1f1-0c65-ec8e3f207b86" testName="SetAttributeValue_ExistingProtectedStringSetWithNewStringAndSystemEncryptionDeactivated_ValueIsSetUnEncrypted" computerName="ICSWS068" duration="00:00:02.6558341" startTime="2016-08-04T10:22:33.7768693+02:00" endTime="2016-08-04T10:22:36.4342045+02:00" testType="13cdc9d9-ddb5-4fa4-a97d-d965ccfc6d4b" outcome="Passed" testListId="8c84fa94-04c1-424b-9868-57a2d4851a1d" relativeResultsDirectory="9b87a987-e82a-4d7e-b067-8e690e1411d0" />
    <UnitTestResult executionId="24ae04f9-d0d1-4953-89e4-a80984955ac2" testId="0350f423-6ff4-0497-7aa5-269eb0887887" testName="Validate_UpdateOnProtectedChangedAttributeUserDoesNotHaveRestrictedOperationDataAccess_Throws" computerName="ICSWS068" duration="00:00:00.3329212" startTime="2016-08-04T10:22:36.4372077+02:00" endTime="2016-08-04T10:22:36.7718594+02:00" testType="13cdc9d9-ddb5-4fa4-a97d-d965ccfc6d4b" outcome="Passed" testListId="8c84fa94-04c1-424b-9868-57a2d4851a1d" relativeResultsDirectory="24ae04f9-d0d1-4953-89e4-a80984955ac2" />
    <UnitTestResult executionId="32ec2ded-0ec5-4783-bb51-dde0f259bb85" testId="6dd069db-38ce-9e72-c5f7-0848c902e5d6" testName="Validate_UpdateOnProtectedChangedAttributeUserHaveRestrictedOperationDataAccess_Succeeds" computerName="ICSWS068" duration="00:00:00.3385515" startTime="2016-08-04T10:22:36.7748796+02:00" endTime="2016-08-04T10:22:37.1147941+02:00" testType="13cdc9d9-ddb5-4fa4-a97d-d965ccfc6d4b" outcome="Passed" testListId="8c84fa94-04c1-424b-9868-57a2d4851a1d" relativeResultsDirectory="32ec2ded-0ec5-4783-bb51-dde0f259bb85" />
    <UnitTestResult executionId="b720210f-5338-4d06-81f1-757d737cfd25" testId="fdc67835-b297-0c9a-d974-89bbcc47a198" testName="Validate_UnmodifiedProtectedAttributeTypeUserDoesNotHaveRestrictedOperationModifyProtectableConcurrentUpdateOfDefaultValue_Success" computerName="ICSWS068" duration="00:00:00.3473355" startTime="2016-08-04T10:22:37.1177802+02:00" endTime="2016-08-04T10:22:37.4665183+02:00" testType="13cdc9d9-ddb5-4fa4-a97d-d965ccfc6d4b" outcome="Passed" testListId="8c84fa94-04c1-424b-9868-57a2d4851a1d" relativeResultsDirectory="b720210f-5338-4d06-81f1-757d737cfd25" />
    <UnitTestResult executionId="53f0bf2f-d5c8-4f9a-a371-421bce94b024" testId="9168d834-5f76-a66f-9b95-d99432c859a6" testName="Validate_UnmodifiedProtectedAttributeUserDoesNotHaveRestrictedOperationModifyProtectableConcurrentUpdateOfValue_Success" computerName="ICSWS068" duration="00:00:00.3407110" startTime="2016-08-04T10:22:37.4700209+02:00" endTime="2016-08-04T10:22:37.8120787+02:00" testType="13cdc9d9-ddb5-4fa4-a97d-d965ccfc6d4b" outcome="Passed" testListId="8c84fa94-04c1-424b-9868-57a2d4851a1d" relativeResultsDirectory="53f0bf2f-d5c8-4f9a-a371-421bce94b024" />
    <UnitTestResult executionId="79a2d6fc-9911-417c-a53c-b51460dc6366" testId="641fce7a-927f-c9bd-b53f-c9cf8847e0c6" testName="SetAttributeValue_ProtectionPerformanceTest_Success" computerName="ICSWS068" duration="00:00:01.8848639" startTime="2016-08-04T10:22:37.8145804+02:00" endTime="2016-08-04T10:22:39.7003431+02:00" testType="13cdc9d9-ddb5-4fa4-a97d-d965ccfc6d4b" outcome="Passed" testListId="8c84fa94-04c1-424b-9868-57a2d4851a1d" relativeResultsDirectory="79a2d6fc-9911-417c-a53c-b51460dc6366">
      <Output>
        <StdOut>Debug Trace:
Not protected: 0,175662666666667 ms 	 Protected: 0,459377666666667 ms</StdOut>
      </Output>
    </UnitTestResult>
    <UnitTestResult executionId="5f03aeb6-ddf2-42e2-b826-75cb1fa6a0dc" testId="bf214f8c-fe7d-0bf4-2f58-4d9125468eba" testName="SetAttributeValue_ProtectionPerformanceTestWithRuntimeService_Success" computerName="ICSWS068" duration="00:00:01.9851936" startTime="2016-08-04T10:22:39.7046125+02:00" endTime="2016-08-04T10:22:41.6920804+02:00" testType="13cdc9d9-ddb5-4fa4-a97d-d965ccfc6d4b" outcome="Passed" testListId="8c84fa94-04c1-424b-9868-57a2d4851a1d" relativeResultsDirectory="5f03aeb6-ddf2-42e2-b826-75cb1fa6a0dc">
      <Output>
        <StdOut>Debug Trace:
Not protected: 0,226531 ms 	 Protected: 0,317344666666667 ms</StdOut>
      </Output>
    </UnitTestResult>
    <UnitTestResult executionId="1a462074-3f91-4ff0-960b-65165f5bf688" testId="4a59a11c-200f-aa45-b1ae-53e8ed098cc3" testName="GetAttributeValue_ProtectionPerformanceTest_Success" computerName="ICSWS068" duration="00:00:01.9686848" startTime="2016-08-04T10:22:41.6955839+02:00" endTime="2016-08-04T10:22:43.6664155+02:00" testType="13cdc9d9-ddb5-4fa4-a97d-d965ccfc6d4b" outcome="Passed" testListId="8c84fa94-04c1-424b-9868-57a2d4851a1d" relativeResultsDirectory="1a462074-3f91-4ff0-960b-65165f5bf688">
      <Output>
        <StdOut>Debug Trace:
Not protected: 0,119198666666667 ms 	 Protected: 0,379580666666667 ms</StdOut>
      </Output>
    </UnitTestResult>
    <UnitTestResult executionId="2e3168b8-9d56-4e53-aa2b-433615092809" testId="d1b499f1-eddf-e023-fb44-bb356fa24ce2" testName="GetAttributeValue_ProtectionPerformanceTestWithRuntimeService_Success" computerName="ICSWS068" duration="00:00:01.8747982" startTime="2016-08-04T10:22:43.6689160+02:00" endTime="2016-08-04T10:22:45.5460624+02:00" testType="13cdc9d9-ddb5-4fa4-a97d-d965ccfc6d4b" outcome="Passed" testListId="8c84fa94-04c1-424b-9868-57a2d4851a1d" relativeResultsDirectory="2e3168b8-9d56-4e53-aa2b-433615092809">
      <Output>
        <StdOut>Debug Trace:
Not protected: 0,113000333333333 ms 	 Protected: 0,218380666666667 ms</StdOut>
      </Output>
    </UnitTestResult>
    <UnitTestResult executionId="57a471ea-85fb-4096-a742-680410e39416" testId="32f08226-eab6-d048-9a51-fa591b1c6eed" testName="TrackedPropertyStates_AttributeTypeFetchedFromRepository_AllStatesAreFalse" computerName="ICSWS068" duration="00:00:00.3365510" startTime="2016-08-04T10:22:45.5485632+02:00" endTime="2016-08-04T10:22:45.8869302+02:00" testType="13cdc9d9-ddb5-4fa4-a97d-d965ccfc6d4b" outcome="Passed" testListId="8c84fa94-04c1-424b-9868-57a2d4851a1d" relativeResultsDirectory="57a471ea-85fb-4096-a742-680410e39416" />
    <UnitTestResult executionId="f5713722-31e6-423e-92c1-31f6a4234a00" testId="8aa4b9af-578a-6598-4ab7-bd3d302c08e1" testName="TrackedPropertyStates_AttributeTypeFetchedFromRepository_ThereAreTwoTrackedProperties" computerName="ICSWS068" duration="00:00:00.3432288" startTime="2016-08-04T10:22:45.8894489+02:00" endTime="2016-08-04T10:22:46.2341287+02:00" testType="13cdc9d9-ddb5-4fa4-a97d-d965ccfc6d4b" outcome="Passed" testListId="8c84fa94-04c1-424b-9868-57a2d4851a1d" relativeResultsDirectory="f5713722-31e6-423e-92c1-31f6a4234a00" />
    <UnitTestResult executionId="6a131272-313d-4e04-869b-580efa63c4f7" testId="a132f518-a14c-4e32-443e-921647ec9b13" testName="TrackedPropertyStates_IsProtectedIsChangedOnAttributeType_IsProtectedStateIsTrue" computerName="ICSWS068" duration="00:00:00.3322520" startTime="2016-08-04T10:22:46.2371307+02:00" endTime="2016-08-04T10:22:46.5708834+02:00" testType="13cdc9d9-ddb5-4fa4-a97d-d965ccfc6d4b" outcome="Passed" testListId="8c84fa94-04c1-424b-9868-57a2d4851a1d" relativeResultsDirectory="6a131272-313d-4e04-869b-580efa63c4f7" />
    <UnitTestResult executionId="a0c8f62a-f623-4c2a-a61d-53e260774b1b" testId="b87b29e8-a58f-957e-d35c-aeabc467944c" testName="TrackedPropertyStates_DefaultValueIsChangedOnAttributeType_DefaultValueStateIsTrue" computerName="ICSWS068" duration="00:00:00.3423336" startTime="2016-08-04T10:22:46.5738854+02:00" endTime="2016-08-04T10:22:46.9175828+02:00" testType="13cdc9d9-ddb5-4fa4-a97d-d965ccfc6d4b" outcome="Passed" testListId="8c84fa94-04c1-424b-9868-57a2d4851a1d" relativeResultsDirectory="a0c8f62a-f623-4c2a-a61d-53e260774b1b" />
    <UnitTestResult executionId="8dc59c37-d6ff-46e1-9483-60ce06124b1d" testId="077c1727-bbeb-fe6e-9369-9f6c6e2c4687" testName="TrackedPropertyStates_IsProtectedIsSetWithSameValueOnAttributeType_IsProtectedStateIsFalse" computerName="ICSWS068" duration="00:00:00.3392556" startTime="2016-08-04T10:22:46.9205877+02:00" endTime="2016-08-04T10:22:47.2615570+02:00" testType="13cdc9d9-ddb5-4fa4-a97d-d965ccfc6d4b" outcome="Passed" testListId="8c84fa94-04c1-424b-9868-57a2d4851a1d" relativeResultsDirectory="8dc59c37-d6ff-46e1-9483-60ce06124b1d" />
    <UnitTestResult executionId="f4736dc6-fbce-4651-be94-4c9c29b71ce1" testId="ec0c10f9-6573-396c-cae9-98e664d7dd54" testName="TrackedPropertyStates_DefaultValueIsSetWithSameValueOnAttributeType_DefaultValueStateIsFalse" computerName="ICSWS068" duration="00:00:00.3327147" startTime="2016-08-04T10:22:47.2645599+02:00" endTime="2016-08-04T10:22:47.5984307+02:00" testType="13cdc9d9-ddb5-4fa4-a97d-d965ccfc6d4b" outcome="Passed" testListId="8c84fa94-04c1-424b-9868-57a2d4851a1d" relativeResultsDirectory="f4736dc6-fbce-4651-be94-4c9c29b71ce1" />
    <UnitTestResult executionId="0ca61312-dc63-4004-a212-a69eab4b909b" testId="e95ba1d6-b047-9d32-d5d7-1bfb237412bd" testName="TrackedPropertyStates_IsProtectedIsChangedOnAttributeTypeThenUpdated_IsProtectedStateIsFalse" computerName="ICSWS068" duration="00:00:00.3469132" startTime="2016-08-04T10:22:47.6014315+02:00" endTime="2016-08-04T10:22:47.9496268+02:00" testType="13cdc9d9-ddb5-4fa4-a97d-d965ccfc6d4b" outcome="Passed" testListId="8c84fa94-04c1-424b-9868-57a2d4851a1d" relativeResultsDirectory="0ca61312-dc63-4004-a212-a69eab4b909b" />
    <UnitTestResult executionId="38e1b7a8-6ced-4df7-80ee-002686355ac1" testId="dc0eef22-eed1-5a9b-0276-9e8a6d3b0457" testName="TrackedPropertyStates_DefaultValueIsChangedOnAttributeTypeThenUpdated_DefaultValueStateIsFalse" computerName="ICSWS068" duration="00:00:00.3639721" startTime="2016-08-04T10:22:47.9521282+02:00" endTime="2016-08-04T10:22:48.3178393+02:00" testType="13cdc9d9-ddb5-4fa4-a97d-d965ccfc6d4b" outcome="Passed" testListId="8c84fa94-04c1-424b-9868-57a2d4851a1d" relativeResultsDirectory="38e1b7a8-6ced-4df7-80ee-002686355ac1" />
    <UnitTestResult executionId="f28b3311-9e37-45d8-a0c9-7dfc07b86a9a" testId="a052c6f6-a87b-7906-a8a1-93f3eb1a69f5" testName="TrackedPropertyStates_OnAttributeValueFetchedFromRepository_AllStatesAreFalse" computerName="ICSWS068" duration="00:00:00.3258169" startTime="2016-08-04T10:22:48.3198569+02:00" endTime="2016-08-04T10:22:48.6477363+02:00" testType="13cdc9d9-ddb5-4fa4-a97d-d965ccfc6d4b" outcome="Passed" testListId="8c84fa94-04c1-424b-9868-57a2d4851a1d" relativeResultsDirectory="f28b3311-9e37-45d8-a0c9-7dfc07b86a9a" />
    <UnitTestResult executionId="846668fd-14e2-41be-ac20-7e25cd02c113" testId="7c47f98f-4df1-0256-a8a5-9a036bac283a" testName="TrackedPropertyStates_OnAttributeValueFetchedFromRepository_ThereIsOneTrackedProperty" computerName="ICSWS068" duration="00:00:00.3516826" startTime="2016-08-04T10:22:48.6507550+02:00" endTime="2016-08-04T10:22:49.0034930+02:00" testType="13cdc9d9-ddb5-4fa4-a97d-d965ccfc6d4b" outcome="Passed" testListId="8c84fa94-04c1-424b-9868-57a2d4851a1d" relativeResultsDirectory="846668fd-14e2-41be-ac20-7e25cd02c113" />
    <UnitTestResult executionId="aa005ee6-4728-4f91-8b3d-8853b7b4d9ee" testId="1ca030be-56df-6db4-e3bb-8b3b5c504547" testName="TrackedPropertyStates_ValueIsChangedOnAttributeValue_ValuesStateIsTrue" computerName="ICSWS068" duration="00:00:00.3444174" startTime="2016-08-04T10:22:49.0064942+02:00" endTime="2016-08-04T10:22:49.3525619+02:00" testType="13cdc9d9-ddb5-4fa4-a97d-d965ccfc6d4b" outcome="Passed" testListId="8c84fa94-04c1-424b-9868-57a2d4851a1d" relativeResultsDirectory="aa005ee6-4728-4f91-8b3d-8853b7b4d9ee" />
    <UnitTestResult executionId="8e77c889-ed10-4931-a654-04b6b45a720d" testId="088bbd3a-f4b8-aa1e-9bcc-be79df579b98" testName="TrackedPropertyStates_ValueIsChangedThenSetWithSameValueOnAttributeValue_ValuesStateIsTrue" computerName="ICSWS068" duration="00:00:00.3339033" startTime="2016-08-04T10:22:49.3555624+02:00" endTime="2016-08-04T10:22:49.6909579+02:00" testType="13cdc9d9-ddb5-4fa4-a97d-d965ccfc6d4b" outcome="Passed" testListId="8c84fa94-04c1-424b-9868-57a2d4851a1d" relativeResultsDirectory="8e77c889-ed10-4931-a654-04b6b45a720d" />
    <UnitTestResult executionId="86b8ccc5-d7c3-4889-9aa0-4278edbf49c6" testId="de168127-3b30-7ac5-909b-fc9a56940745" testName="TrackedPropertyStates_StringValueIsSetWithSameValueOnAttributeValue_ValuesStateIsFalse" computerName="ICSWS068" duration="00:00:00.3485601" startTime="2016-08-04T10:22:49.6944605+02:00" endTime="2016-08-04T10:22:50.0449689+02:00" testType="13cdc9d9-ddb5-4fa4-a97d-d965ccfc6d4b" outcome="Passed" testListId="8c84fa94-04c1-424b-9868-57a2d4851a1d" relativeResultsDirectory="86b8ccc5-d7c3-4889-9aa0-4278edbf49c6" />
    <UnitTestResult executionId="1342567a-5ad8-4c9e-bb3c-2d5f44962b19" testId="7a5006dc-f12a-af7b-1cb3-903d4363f771" testName="TrackedPropertyStates_IntegerValueIsSetWithSameValueOnAttributeValue_ValuesStateIsFalse" computerName="ICSWS068" duration="00:00:00.3402474" startTime="2016-08-04T10:22:50.0474864+02:00" endTime="2016-08-04T10:22:50.3892542+02:00" testType="13cdc9d9-ddb5-4fa4-a97d-d965ccfc6d4b" outcome="Passed" testListId="8c84fa94-04c1-424b-9868-57a2d4851a1d" relativeResultsDirectory="1342567a-5ad8-4c9e-bb3c-2d5f44962b19" />
    <UnitTestResult executionId="fbad56a9-4a80-49b6-8078-2199e26dad64" testId="f866e7e3-0ac2-e245-60a7-ea4308bca5d3" testName="TrackedPropertyStates_FloatValueIsSetWithSameValueOnAttributeValue_ValuesStateIsFalse" computerName="ICSWS068" duration="00:00:00.3443147" startTime="2016-08-04T10:22:50.3922765+02:00" endTime="2016-08-04T10:22:50.7376823+02:00" testType="13cdc9d9-ddb5-4fa4-a97d-d965ccfc6d4b" outcome="Passed" testListId="8c84fa94-04c1-424b-9868-57a2d4851a1d" relativeResultsDirectory="fbad56a9-4a80-49b6-8078-2199e26dad64" />
    <UnitTestResult executionId="365c2331-2680-43f5-b446-81b432336f17" testId="1954db6a-4120-ef0c-ad51-44c167732679" testName="TrackedPropertyStates_ValueIsChangedOnAttributeValueThenUpdated_ValuesStateIsFalse" computerName="ICSWS068" duration="00:00:00.3663180" startTime="2016-08-04T10:22:50.7406869+02:00" endTime="2016-08-04T10:22:51.1083857+02:00" testType="13cdc9d9-ddb5-4fa4-a97d-d965ccfc6d4b" outcome="Passed" testListId="8c84fa94-04c1-424b-9868-57a2d4851a1d" relativeResultsDirectory="365c2331-2680-43f5-b446-81b432336f17" />
    <UnitTestResult executionId="3850bcdc-3729-4ae5-99ae-4053e5816f55" testId="d5fe5d68-cb78-5bba-9f7a-da290c27d349" testName="TrackedPropertyStates_ValueIsChangedOnAttributeValueAttributeNotProtectedSystemEncrypted_ValuesStateIsTrue" computerName="ICSWS068" duration="00:00:01.3825951" startTime="2016-08-04T10:22:51.1113880+02:00" endTime="2016-08-04T10:22:52.4965002+02:00" testType="13cdc9d9-ddb5-4fa4-a97d-d965ccfc6d4b" outcome="Passed" testListId="8c84fa94-04c1-424b-9868-57a2d4851a1d" relativeResultsDirectory="3850bcdc-3729-4ae5-99ae-4053e5816f55" />
    <UnitTestResult executionId="fb19e34a-d10c-4389-83d0-805d65e4d095" testId="479eab6c-862e-6633-3d08-effc3bd1fabd" testName="TrackedPropertyStates_ValueIsChangedOnAttributeValueAttributeProtectedSystemEncrypted_ValuesStateIsTrue" computerName="ICSWS068" duration="00:00:01.4132545" startTime="2016-08-04T10:22:52.4990019+02:00" endTime="2016-08-04T10:22:53.9140113+02:00" testType="13cdc9d9-ddb5-4fa4-a97d-d965ccfc6d4b" outcome="Passed" testListId="8c84fa94-04c1-424b-9868-57a2d4851a1d" relativeResultsDirectory="fb19e34a-d10c-4389-83d0-805d65e4d095" />
    <UnitTestResult executionId="b0433220-7a57-4dc6-8391-dec59024372e" testId="908277c2-39ec-e2bd-5b3f-7d6ed7898e59" testName="RepositoryEntityTypeId_ReturnsSetting" computerName="ICSWS068" duration="00:00:00.3245985" startTime="2016-08-04T10:22:53.9170142+02:00" endTime="2016-08-04T10:22:54.2434224+02:00" testType="13cdc9d9-ddb5-4fa4-a97d-d965ccfc6d4b" outcome="Passed" testListId="8c84fa94-04c1-424b-9868-57a2d4851a1d" relativeResultsDirectory="b0433220-7a57-4dc6-8391-dec59024372e" />
    <UnitTestResult executionId="7de13e32-a52b-473b-a4ac-835b163bb4e1" testId="15267aed-219f-b721-c26f-f043cbdbeee8" testName="RepositoryEntityType_ReturnsISetting" computerName="ICSWS068" duration="00:00:00.3211898" startTime="2016-08-04T10:22:54.2464241+02:00" endTime="2016-08-04T10:22:54.5690385+02:00" testType="13cdc9d9-ddb5-4fa4-a97d-d965ccfc6d4b" outcome="Passed" testListId="8c84fa94-04c1-424b-9868-57a2d4851a1d" relativeResultsDirectory="7de13e32-a52b-473b-a4ac-835b163bb4e1" />
    <UnitTestResult executionId="26f68b47-0781-4321-af00-b415bc9fed14" testId="57788717-59ea-65f0-8fc9-6f98f73bba20" testName="RepositorySystemContext_MatchesActualSystemContext" computerName="ICSWS068" duration="00:00:00.3722132" startTime="2016-08-04T10:22:54.5720444+02:00" endTime="2016-08-04T10:22:54.9454670+02:00" testType="13cdc9d9-ddb5-4fa4-a97d-d965ccfc6d4b" outcome="Passed" testListId="8c84fa94-04c1-424b-9868-57a2d4851a1d" relativeResultsDirectory="26f68b47-0781-4321-af00-b415bc9fed14" />
    <UnitTestResult executionId="0cd4a42a-ca3b-442e-a5bb-78ed82d524ac" testId="b6a32f7c-ae65-d6c2-1879-6b96bec7279b" testName="Exists_SettingAttributeTypeKey_ThrowsArgumentException" computerName="ICSWS068" duration="00:00:00.3354252" startTime="2016-08-04T10:22:54.9484529+02:00" endTime="2016-08-04T10:22:55.2859724+02:00" testType="13cdc9d9-ddb5-4fa4-a97d-d965ccfc6d4b" outcome="Passed" testListId="8c84fa94-04c1-424b-9868-57a2d4851a1d" relativeResultsDirectory="0cd4a42a-ca3b-442e-a5bb-78ed82d524ac" />
    <UnitTestResult executionId="6c20d09b-5131-4469-8608-d91a463ca3bd" testId="e5de413d-e03a-46d8-ae43-0ea60e026ae6" testName="Exists_KnownSettingKey_ReturnsTrue (Data Row 0)" computerName="ICSWS068" duration="00:00:00.3512073" startTime="2016-08-04T08:22:55.2944819+02:00" endTime="2016-08-04T08:22:55.6457290+02:00" testType="13cdc9d9-ddb5-4fa4-a97d-d965ccfc6d4b" outcome="Passed" testListId="8c84fa94-04c1-424b-9868-57a2d4851a1d" relativeResultsDirectory="6c20d09b-5131-4469-8608-d91a463ca3bd" />
    <UnitTestResult executionId="358268e9-291d-41e6-b826-4ed618614572" testId="69d8225d-7f77-40ec-a474-e924e94d6118" testName="Exists_KnownSettingKey_ReturnsTrue (Data Row 1)" computerName="ICSWS068" duration="00:00:00.3193793" startTime="2016-08-04T08:22:55.6457290+02:00" endTime="2016-08-04T08:22:55.9649820+02:00" testType="13cdc9d9-ddb5-4fa4-a97d-d965ccfc6d4b" outcome="Passed" testListId="8c84fa94-04c1-424b-9868-57a2d4851a1d" relativeResultsDirectory="358268e9-291d-41e6-b826-4ed618614572" />
    <UnitTestResult executionId="b4b55ebb-8174-46cc-a4e9-9bc871432f3d" testId="88a23a15-5b33-4263-9981-310c508496ed" testName="Exists_KnownSettingKey_ReturnsTrue (Data Row 2)" computerName="ICSWS068" duration="00:00:00.3178893" startTime="2016-08-04T08:22:55.9649820+02:00" endTime="2016-08-04T08:22:56.2831358+02:00" testType="13cdc9d9-ddb5-4fa4-a97d-d965ccfc6d4b" outcome="Passed" testListId="8c84fa94-04c1-424b-9868-57a2d4851a1d" relativeResultsDirectory="b4b55ebb-8174-46cc-a4e9-9bc871432f3d" />
    <UnitTestResult executionId="8540214a-9035-486e-826a-bb1428530907" testId="87a04fd5-5a18-48c7-8d82-6714fbc859d7" testName="Exists_NonExistingSettingKey_ReturnsFalse" computerName="ICSWS068" duration="00:00:00.3198185" startTime="2016-08-04T10:22:56.2866375+02:00" endTime="2016-08-04T10:22:56.6077402+02:00" testType="13cdc9d9-ddb5-4fa4-a97d-d965ccfc6d4b" outcome="Passed" testListId="8c84fa94-04c1-424b-9868-57a2d4851a1d" relativeResultsDirectory="8540214a-9035-486e-826a-bb1428530907" />
    <UnitTestResult executionId="06ba4afa-d80d-4f5b-ae7b-fb6a43fa0051" testId="4c8a3217-830f-dc98-02c5-6cf109ff6bf4" testName="CreateInstance_CreatesNewSetting" computerName="ICSWS068" duration="00:00:00.3242522" startTime="2016-08-04T10:22:56.6107419+02:00" endTime="2016-08-04T10:22:56.9365725+02:00" testType="13cdc9d9-ddb5-4fa4-a97d-d965ccfc6d4b" outcome="Passed" testListId="8c84fa94-04c1-424b-9868-57a2d4851a1d" relativeResultsDirectory="06ba4afa-d80d-4f5b-ae7b-fb6a43fa0051" />
    <UnitTestResult executionId="712a6b07-9030-45f3-867b-d21de2c974bb" testId="87d0f5d7-bcce-4a3f-8583-e461688a1113" testName="List_ContainsEachKnownSettingOnce (Data Row 0)" computerName="ICSWS068" duration="00:00:00.3337525" startTime="2016-08-04T08:22:56.9415950+02:00" endTime="2016-08-04T08:22:57.2753735+02:00" testType="13cdc9d9-ddb5-4fa4-a97d-d965ccfc6d4b" outcome="Passed" testListId="8c84fa94-04c1-424b-9868-57a2d4851a1d" relativeResultsDirectory="712a6b07-9030-45f3-867b-d21de2c974bb" />
    <UnitTestResult executionId="7bcab14b-6c7f-45c2-ba61-fb498af35779" testId="3782da21-38ef-4215-b5de-08d887ca5210" testName="List_ContainsEachKnownSettingOnce (Data Row 1)" computerName="ICSWS068" duration="00:00:00.3681268" startTime="2016-08-04T08:22:57.2753735+02:00" endTime="2016-08-04T08:22:57.6434860+02:00" testType="13cdc9d9-ddb5-4fa4-a97d-d965ccfc6d4b" outcome="Passed" testListId="8c84fa94-04c1-424b-9868-57a2d4851a1d" relativeResultsDirectory="7bcab14b-6c7f-45c2-ba61-fb498af35779" />
    <UnitTestResult executionId="9f72aab8-480c-4744-b608-2851ad14b97e" testId="d087f5ad-58ef-4d1d-aa96-c7f0c2c5e187" testName="List_ContainsEachKnownSettingOnce (Data Row 2)" computerName="ICSWS068" duration="00:00:00.3326995" startTime="2016-08-04T08:22:57.6434860+02:00" endTime="2016-08-04T08:22:57.9759369+02:00" testType="13cdc9d9-ddb5-4fa4-a97d-d965ccfc6d4b" outcome="Passed" testListId="8c84fa94-04c1-424b-9868-57a2d4851a1d" relativeResultsDirectory="9f72aab8-480c-4744-b608-2851ad14b97e" />
    <UnitTestResult executionId="19ffb4d6-5eed-47f8-93c2-3454634582a0" testId="be1226fe-2a82-10e6-2761-d2365e4ab959" testName="List_ShouldSetSystemContextCorrectly" computerName="ICSWS068" duration="00:00:00.3373788" startTime="2016-08-04T10:22:57.9794565+02:00" endTime="2016-08-04T10:22:58.3183196+02:00" testType="13cdc9d9-ddb5-4fa4-a97d-d965ccfc6d4b" outcome="Passed" testListId="8c84fa94-04c1-424b-9868-57a2d4851a1d" relativeResultsDirectory="19ffb4d6-5eed-47f8-93c2-3454634582a0" />
    <UnitTestResult executionId="e243d9df-7423-4748-a619-7640a4e869fa" testId="23a12256-f49e-329a-d982-372a9b53a248" testName="GetByName_NonExistingName_ThrowsEntityNotFoundException" computerName="ICSWS068" duration="00:00:00.3235971" startTime="2016-08-04T10:22:58.3213387+02:00" endTime="2016-08-04T10:22:58.6464006+02:00" testType="13cdc9d9-ddb5-4fa4-a97d-d965ccfc6d4b" outcome="Passed" testListId="8c84fa94-04c1-424b-9868-57a2d4851a1d" relativeResultsDirectory="e243d9df-7423-4748-a619-7640a4e869fa" />
    <UnitTestResult executionId="eec76341-d720-4a70-ac06-18722232a172" testId="b0e0645c-3fac-3a33-2fc9-e5d95a6560ac" testName="GetByName_NullName_ThrowsArgumentNullException" computerName="ICSWS068" duration="00:00:00.3876252" startTime="2016-08-04T10:22:58.6494008+02:00" endTime="2016-08-04T10:22:59.0382960+02:00" testType="13cdc9d9-ddb5-4fa4-a97d-d965ccfc6d4b" outcome="Passed" testListId="8c84fa94-04c1-424b-9868-57a2d4851a1d" relativeResultsDirectory="eec76341-d720-4a70-ac06-18722232a172" />
    <UnitTestResult executionId="26b1fd14-fa63-4c16-9612-256229a1fc67" testId="77bd1226-0c18-4651-9c50-ae2fd67c14ed" testName="GetByName_KnownSettingName_ReturnsEntityWithCorrectProperties (Data Row 0)" computerName="ICSWS068" duration="00:00:00.3341857" startTime="2016-08-04T08:22:59.0434633+02:00" endTime="2016-08-04T08:22:59.3775072+02:00" testType="13cdc9d9-ddb5-4fa4-a97d-d965ccfc6d4b" outcome="Passed" testListId="8c84fa94-04c1-424b-9868-57a2d4851a1d" relativeResultsDirectory="26b1fd14-fa63-4c16-9612-256229a1fc67" />
    <UnitTestResult executionId="9b73fc34-8838-44d6-8400-d75d43862f3d" testId="7f165680-ecc2-4cc2-88b9-6e61c0698561" testName="GetByName_KnownSettingName_ReturnsEntityWithCorrectProperties (Data Row 1)" computerName="ICSWS068" duration="00:00:00.3263483" startTime="2016-08-04T08:22:59.3775072+02:00" endTime="2016-08-04T08:22:59.7039192+02:00" testType="13cdc9d9-ddb5-4fa4-a97d-d965ccfc6d4b" outcome="Passed" testListId="8c84fa94-04c1-424b-9868-57a2d4851a1d" relativeResultsDirectory="9b73fc34-8838-44d6-8400-d75d43862f3d" />
    <UnitTestResult executionId="b72b16f8-f19d-4efe-b21e-95d6af062d7d" testId="cf918f21-949c-48af-b475-d877521aff25" testName="GetByName_KnownSettingName_ReturnsEntityWithCorrectProperties (Data Row 2)" computerName="ICSWS068" duration="00:00:00.3255615" startTime="2016-08-04T08:22:59.7039192+02:00" endTime="2016-08-04T08:23:00.0294158+02:00" testType="13cdc9d9-ddb5-4fa4-a97d-d965ccfc6d4b" outcome="Passed" testListId="8c84fa94-04c1-424b-9868-57a2d4851a1d" relativeResultsDirectory="b72b16f8-f19d-4efe-b21e-95d6af062d7d" />
    <UnitTestResult executionId="1c6c0861-98fc-4929-b453-f894c886d2ba" testId="488c9240-46b2-be5d-19c9-e43bc6d32d38" testName="GetById_NewGuid_ThrowsEntityNotFoundException" computerName="ICSWS068" duration="00:00:00.3250607" startTime="2016-08-04T10:23:00.0329729+02:00" endTime="2016-08-04T10:23:00.3596398+02:00" testType="13cdc9d9-ddb5-4fa4-a97d-d965ccfc6d4b" outcome="Passed" testListId="8c84fa94-04c1-424b-9868-57a2d4851a1d" relativeResultsDirectory="1c6c0861-98fc-4929-b453-f894c886d2ba" />
    <UnitTestResult executionId="64fcdc8e-b9a7-47ad-975f-937c07fe8349" testId="63d881cf-33c4-4c10-a3f6-ab0d3969c8d2" testName="GetById_KnownSettingId_ReturnsEntityWithCorrectProperties (Data Row 0)" computerName="ICSWS068" duration="00:00:00.3343030" startTime="2016-08-04T08:23:00.3644681+02:00" endTime="2016-08-04T08:23:00.6987094+02:00" testType="13cdc9d9-ddb5-4fa4-a97d-d965ccfc6d4b" outcome="Passed" testListId="8c84fa94-04c1-424b-9868-57a2d4851a1d" relativeResultsDirectory="64fcdc8e-b9a7-47ad-975f-937c07fe8349" />
    <UnitTestResult executionId="63ba6d44-370f-4676-ac4f-fc6c96a74da3" testId="68fe7381-5659-417d-8641-c92eee52a33c" testName="GetById_KnownSettingId_ReturnsEntityWithCorrectProperties (Data Row 1)" computerName="ICSWS068" duration="00:00:00.3262181" startTime="2016-08-04T08:23:00.6987094+02:00" endTime="2016-08-04T08:23:01.0247243+02:00" testType="13cdc9d9-ddb5-4fa4-a97d-d965ccfc6d4b" outcome="Passed" testListId="8c84fa94-04c1-424b-9868-57a2d4851a1d" relativeResultsDirectory="63ba6d44-370f-4676-ac4f-fc6c96a74da3" />
    <UnitTestResult executionId="88cafb91-6ae0-4831-aa86-95a59f91a6fd" testId="d7bbc059-43c1-4d1d-b57c-653e31c99132" testName="GetById_KnownSettingId_ReturnsEntityWithCorrectProperties (Data Row 2)" computerName="ICSWS068" duration="00:00:00.3234340" startTime="2016-08-04T08:23:01.0247243+02:00" endTime="2016-08-04T08:23:01.3482570+02:00" testType="13cdc9d9-ddb5-4fa4-a97d-d965ccfc6d4b" outcome="Passed" testListId="8c84fa94-04c1-424b-9868-57a2d4851a1d" relativeResultsDirectory="88cafb91-6ae0-4831-aa86-95a59f91a6fd" />
    <UnitTestResult executionId="b4127eb0-3eff-457e-baf8-c557fd7ae216" testId="0962bec3-1e42-5e9d-eadb-fcc5a2add828" testName="GetByKey_NewGuid_ThrowsEntityNotFoundException" computerName="ICSWS068" duration="00:00:00.3267468" startTime="2016-08-04T10:23:01.3517634+02:00" endTime="2016-08-04T10:23:01.6805088+02:00" testType="13cdc9d9-ddb5-4fa4-a97d-d965ccfc6d4b" outcome="Passed" testListId="8c84fa94-04c1-424b-9868-57a2d4851a1d" relativeResultsDirectory="b4127eb0-3eff-457e-baf8-c557fd7ae216" />
    <UnitTestResult executionId="444b1c72-fbd6-4cbe-8005-2a7874161a94" testId="8ff74ca0-d43a-4117-a6c7-9b37bbd25459" testName="GetByKey_KnownKey_ReturnsEntityWithCorrectProperties (Data Row 0)" computerName="ICSWS068" duration="00:00:00.3320147" startTime="2016-08-04T08:23:01.6850342+02:00" endTime="2016-08-04T08:23:02.0172758+02:00" testType="13cdc9d9-ddb5-4fa4-a97d-d965ccfc6d4b" outcome="Passed" testListId="8c84fa94-04c1-424b-9868-57a2d4851a1d" relativeResultsDirectory="444b1c72-fbd6-4cbe-8005-2a7874161a94" />
    <UnitTestResult executionId="4fb651e7-fc54-4530-8320-20f26d250ece" testId="5fc6076d-c48c-497a-8060-663818b4f136" testName="GetByKey_KnownKey_ReturnsEntityWithCorrectProperties (Data Row 1)" computerName="ICSWS068" duration="00:00:00.3253375" startTime="2016-08-04T08:23:02.0172758+02:00" endTime="2016-08-04T08:23:02.3425310+02:00" testType="13cdc9d9-ddb5-4fa4-a97d-d965ccfc6d4b" outcome="Passed" testListId="8c84fa94-04c1-424b-9868-57a2d4851a1d" relativeResultsDirectory="4fb651e7-fc54-4530-8320-20f26d250ece" />
    <UnitTestResult executionId="45683b20-6590-4968-968b-2208084ad61b" testId="0f77a9ab-2c46-4c1a-8e6b-a278a6e66869" testName="GetByKey_KnownKey_ReturnsEntityWithCorrectProperties (Data Row 2)" computerName="ICSWS068" duration="00:00:00.3326581" startTime="2016-08-04T08:23:02.3425310+02:00" endTime="2016-08-04T08:23:02.6753614+02:00" testType="13cdc9d9-ddb5-4fa4-a97d-d965ccfc6d4b" outcome="Passed" testListId="8c84fa94-04c1-424b-9868-57a2d4851a1d" relativeResultsDirectory="45683b20-6590-4968-968b-2208084ad61b" />
    <UnitTestResult executionId="1e5c48b4-84ef-4f90-8650-e0cb806cbbca" testId="adb42ce9-8b8a-4b8d-aaa0-157d9fd56444" testName="GetByKey_UnsupportedKey_ThrowsArgumentException" computerName="ICSWS068" duration="00:00:00.3411268" startTime="2016-08-04T10:23:02.6793639+02:00" endTime="2016-08-04T10:23:03.0225027+02:00" testType="13cdc9d9-ddb5-4fa4-a97d-d965ccfc6d4b" outcome="Passed" testListId="8c84fa94-04c1-424b-9868-57a2d4851a1d" relativeResultsDirectory="1e5c48b4-84ef-4f90-8650-e0cb806cbbca" />
    <UnitTestResult executionId="4b4a85ed-b2c5-4be4-a749-89fbda8b784a" testId="3f8523bb-ab42-bf29-2666-936cc68a48d7" testName="GetSubEntityByKey_EnumerateValidSystemSettingAttributes_SystemSettingAttributValuesAreReturned" computerName="ICSWS068" duration="00:00:00.3800432" startTime="2016-08-04T10:23:03.0255041+02:00" endTime="2016-08-04T10:23:03.4066923+02:00" testType="13cdc9d9-ddb5-4fa4-a97d-d965ccfc6d4b" outcome="Passed" testListId="8c84fa94-04c1-424b-9868-57a2d4851a1d" relativeResultsDirectory="4b4a85ed-b2c5-4be4-a749-89fbda8b784a" />
    <UnitTestResult executionId="218bf41d-73a2-43c7-a6a4-b22bc966c8d4" testId="a3cab530-0054-1c97-ab2a-bbad1dde2df8" testName="GetSubEntityByKey_EnumerateValidSystemSettingGroupInstanceValues_SystemSettingGroupInstanceValuesAreReturned" computerName="ICSWS068" duration="00:00:00.3363988" startTime="2016-08-04T10:23:03.4096926+02:00" endTime="2016-08-04T10:23:03.7472821+02:00" testType="13cdc9d9-ddb5-4fa4-a97d-d965ccfc6d4b" outcome="Passed" testListId="8c84fa94-04c1-424b-9868-57a2d4851a1d" relativeResultsDirectory="218bf41d-73a2-43c7-a6a4-b22bc966c8d4" />
    <UnitTestResult executionId="340c4136-849b-4a1c-9a1e-301e180a34cd" testId="a2b36234-465e-e7d7-6e6a-276d97829d88" testName="GetSubEntityByKey_EnumerateValidSystemSettingIdentities_SystemSettingIdentitiesAreReturned" computerName="ICSWS068" duration="00:00:00.3538169" startTime="2016-08-04T10:23:03.7502680+02:00" endTime="2016-08-04T10:23:04.1056526+02:00" testType="13cdc9d9-ddb5-4fa4-a97d-d965ccfc6d4b" outcome="Passed" testListId="8c84fa94-04c1-424b-9868-57a2d4851a1d" relativeResultsDirectory="340c4136-849b-4a1c-9a1e-301e180a34cd" />
    <UnitTestResult executionId="9ff18502-49fd-4925-b164-7a9d040304a5" testId="cb8e611b-c462-8df8-391e-10a5a02f2dcb" testName="GetSubEntityByKey_InvokedWithInvalidSettingAttributeValueId_EntityNotFoundExceptionIsThrown" computerName="ICSWS068" duration="00:00:00.3244613" startTime="2016-08-04T10:23:04.1086543+02:00" endTime="2016-08-04T10:23:04.4342432+02:00" testType="13cdc9d9-ddb5-4fa4-a97d-d965ccfc6d4b" outcome="Passed" testListId="8c84fa94-04c1-424b-9868-57a2d4851a1d" relativeResultsDirectory="9ff18502-49fd-4925-b164-7a9d040304a5" />
    <UnitTestResult executionId="7e6923e7-0ff2-4fb3-b2fd-b8ebce406876" testId="5c4e322a-d2b2-c52d-7b74-3cf29e4fb163" testName="GetSubEntityByKey_InvokedWithInvalidTypeId_ArgumentExceptionIsThrown" computerName="ICSWS068" duration="00:00:00.3198675" startTime="2016-08-04T10:23:04.4372285+02:00" endTime="2016-08-04T10:23:04.7585045+02:00" testType="13cdc9d9-ddb5-4fa4-a97d-d965ccfc6d4b" outcome="Passed" testListId="8c84fa94-04c1-424b-9868-57a2d4851a1d" relativeResultsDirectory="7e6923e7-0ff2-4fb3-b2fd-b8ebce406876" />
    <UnitTestResult executionId="f9038d6d-bfb5-4319-8c96-268f2352c959" testId="557d0251-7fb1-3251-410d-e48c816dc26d" testName="GetByIdentity_NonExistingIdentity_ThrowsEntityNotFoundException" computerName="ICSWS068" duration="00:00:00.3957100" startTime="2016-08-04T10:23:04.7614954+02:00" endTime="2016-08-04T10:23:05.1587957+02:00" testType="13cdc9d9-ddb5-4fa4-a97d-d965ccfc6d4b" outcome="Passed" testListId="8c84fa94-04c1-424b-9868-57a2d4851a1d" relativeResultsDirectory="f9038d6d-bfb5-4319-8c96-268f2352c959" />
    <UnitTestResult executionId="57a52a27-1137-43de-912b-aa167b93a44d" testId="2fd7e71a-3f93-48b4-b903-75f4efdfa0eb" testName="GetByIdentity_KnownSettingName_ReturnsEntityWithCorrectProperties (Data Row 0)" computerName="ICSWS068" duration="00:00:00.3255255" startTime="2016-08-04T08:23:05.1633009+02:00" endTime="2016-08-04T08:23:05.4891062+02:00" testType="13cdc9d9-ddb5-4fa4-a97d-d965ccfc6d4b" outcome="Passed" testListId="8c84fa94-04c1-424b-9868-57a2d4851a1d" relativeResultsDirectory="57a52a27-1137-43de-912b-aa167b93a44d" />
    <UnitTestResult executionId="5dcda07a-a24a-4d10-8aff-7b53fd7fd5eb" testId="0b87fec3-726d-4151-a40a-da01fec8b26b" testName="GetByIdentity_KnownSettingName_ReturnsEntityWithCorrectProperties (Data Row 1)" computerName="ICSWS068" duration="00:00:00.3521289" startTime="2016-08-04T08:23:05.4891062+02:00" endTime="2016-08-04T08:23:05.8410427+02:00" testType="13cdc9d9-ddb5-4fa4-a97d-d965ccfc6d4b" outcome="Passed" testListId="8c84fa94-04c1-424b-9868-57a2d4851a1d" relativeResultsDirectory="5dcda07a-a24a-4d10-8aff-7b53fd7fd5eb" />
    <UnitTestResult executionId="6f9c4af1-9eac-48bd-bde3-27d2588b0b13" testId="b68ad3d0-46c5-4910-9311-6b43ec07f4ee" testName="GetByIdentity_KnownSettingName_ReturnsEntityWithCorrectProperties (Data Row 2)" computerName="ICSWS068" duration="00:00:00.3499014" startTime="2016-08-04T08:23:05.8410427+02:00" endTime="2016-08-04T08:23:06.1909793+02:00" testType="13cdc9d9-ddb5-4fa4-a97d-d965ccfc6d4b" outcome="Passed" testListId="8c84fa94-04c1-424b-9868-57a2d4851a1d" relativeResultsDirectory="6f9c4af1-9eac-48bd-bde3-27d2588b0b13" />
    <UnitTestResult executionId="c2b92c6a-d6ab-4c95-9252-a00608207741" testId="1c76097a-22bc-28b8-ea05-4fd3eeb3d21d" testName="GetIdByIdentity_NonExistingName_ThrowsEntityNotFoundException" computerName="ICSWS068" duration="00:00:00.3501653" startTime="2016-08-04T10:23:06.1959830+02:00" endTime="2016-08-04T10:23:06.5477545+02:00" testType="13cdc9d9-ddb5-4fa4-a97d-d965ccfc6d4b" outcome="Passed" testListId="8c84fa94-04c1-424b-9868-57a2d4851a1d" relativeResultsDirectory="c2b92c6a-d6ab-4c95-9252-a00608207741" />
    <UnitTestResult executionId="348e6d6e-11a5-4dc9-a938-999b850ef36a" testId="2d8e6beb-0889-45b0-a94b-342c9fe7d9ad" testName="GetIdByIdentity_KnownSettingName_ReturnsCorrectId (Data Row 0)" computerName="ICSWS068" duration="00:00:00.3259096" startTime="2016-08-04T08:23:06.5532588+02:00" endTime="2016-08-04T08:23:06.8790737+02:00" testType="13cdc9d9-ddb5-4fa4-a97d-d965ccfc6d4b" outcome="Passed" testListId="8c84fa94-04c1-424b-9868-57a2d4851a1d" relativeResultsDirectory="348e6d6e-11a5-4dc9-a938-999b850ef36a" />
    <UnitTestResult executionId="2a39b9fe-ae75-41c6-9bc6-6f1bf39355c7" testId="f16dc15c-3bf3-459f-8f2b-38703c557cb9" testName="GetIdByIdentity_KnownSettingName_ReturnsCorrectId (Data Row 1)" computerName="ICSWS068" duration="00:00:00.3257436" startTime="2016-08-04T08:23:06.8790737+02:00" endTime="2016-08-04T08:23:07.2047005+02:00" testType="13cdc9d9-ddb5-4fa4-a97d-d965ccfc6d4b" outcome="Passed" testListId="8c84fa94-04c1-424b-9868-57a2d4851a1d" relativeResultsDirectory="2a39b9fe-ae75-41c6-9bc6-6f1bf39355c7" />
    <UnitTestResult executionId="21291485-7582-491c-879d-7b67d93799b9" testId="015413b4-c011-4a80-879c-973616ac7901" testName="GetIdByIdentity_KnownSettingName_ReturnsCorrectId (Data Row 2)" computerName="ICSWS068" duration="00:00:00.3520357" startTime="2016-08-04T08:23:07.2047005+02:00" endTime="2016-08-04T08:23:07.5569886+02:00" testType="13cdc9d9-ddb5-4fa4-a97d-d965ccfc6d4b" outcome="Passed" testListId="8c84fa94-04c1-424b-9868-57a2d4851a1d" relativeResultsDirectory="21291485-7582-491c-879d-7b67d93799b9" />
    <UnitTestResult executionId="157249e7-814e-46bc-b803-20ddba309735" testId="518bbf12-7da5-3e33-41b3-05510a430553" testName="Add_NullName_ThrowsConditionalErrorException" computerName="ICSWS068" duration="00:00:00.3330748" startTime="2016-08-04T10:23:07.5609947+02:00" endTime="2016-08-04T10:23:07.8953949+02:00" testType="13cdc9d9-ddb5-4fa4-a97d-d965ccfc6d4b" outcome="Passed" testListId="8c84fa94-04c1-424b-9868-57a2d4851a1d" relativeResultsDirectory="157249e7-814e-46bc-b803-20ddba309735" />
    <UnitTestResult executionId="ee105baf-df09-4ae8-8cfb-fa23b4205247" testId="1bd8701b-c854-a125-2569-514775d65cd5" testName="Add_EmptyName_ThrowsStringLengthErrorException" computerName="ICSWS068" duration="00:00:00.3188124" startTime="2016-08-04T10:23:07.8983966+02:00" endTime="2016-08-04T10:23:08.2187210+02:00" testType="13cdc9d9-ddb5-4fa4-a97d-d965ccfc6d4b" outcome="Passed" testListId="8c84fa94-04c1-424b-9868-57a2d4851a1d" relativeResultsDirectory="ee105baf-df09-4ae8-8cfb-fa23b4205247" />
    <UnitTestResult executionId="b20fec8f-491d-4b82-b315-80ff6565d2cd" testId="c48b6b37-7a8e-dbea-d000-8a1f8359e6c5" testName="Add_WhiteSpaceOnlyName_ThrowsStringLengthErrorException" computerName="ICSWS068" duration="00:00:00.3247706" startTime="2016-08-04T10:23:08.2212286+02:00" endTime="2016-08-04T10:23:08.5477671+02:00" testType="13cdc9d9-ddb5-4fa4-a97d-d965ccfc6d4b" outcome="Passed" testListId="8c84fa94-04c1-424b-9868-57a2d4851a1d" relativeResultsDirectory="b20fec8f-491d-4b82-b315-80ff6565d2cd" />
    <UnitTestResult executionId="0ef76c16-f01f-43c8-839c-7f723fc1a779" testId="b079bb90-3c0c-4b9a-8263-c36adb3b8d9f" testName="Add_TooLongName_ThrowsStringLengthErrorException" computerName="ICSWS068" duration="00:00:00.3255419" startTime="2016-08-04T10:23:08.5502899+02:00" endTime="2016-08-04T10:23:08.8774201+02:00" testType="13cdc9d9-ddb5-4fa4-a97d-d965ccfc6d4b" outcome="Passed" testListId="8c84fa94-04c1-424b-9868-57a2d4851a1d" relativeResultsDirectory="0ef76c16-f01f-43c8-839c-7f723fc1a779" />
    <UnitTestResult executionId="4fb2aa98-0b50-40d8-97dc-a085c8214743" testId="ea5fcfc0-bf44-df50-de48-73756d02bf87" testName="Add_LongDescription_Succeeds" computerName="ICSWS068" duration="00:00:00.3337997" startTime="2016-08-04T10:23:08.8804250+02:00" endTime="2016-08-04T10:23:09.2154897+02:00" testType="13cdc9d9-ddb5-4fa4-a97d-d965ccfc6d4b" outcome="Passed" testListId="8c84fa94-04c1-424b-9868-57a2d4851a1d" relativeResultsDirectory="4fb2aa98-0b50-40d8-97dc-a085c8214743" />
    <UnitTestResult executionId="29a76404-fbb6-4594-9fa1-9fccf07a292f" testId="b014df27-533f-898e-0e17-732dffb7bf76" testName="Add_ValidProperties_IdAndTimesAreUpdatedCorrectly" computerName="ICSWS068" duration="00:00:00.3376020" startTime="2016-08-04T10:23:09.2184914+02:00" endTime="2016-08-04T10:23:09.5572640+02:00" testType="13cdc9d9-ddb5-4fa4-a97d-d965ccfc6d4b" outcome="Passed" testListId="8c84fa94-04c1-424b-9868-57a2d4851a1d" relativeResultsDirectory="29a76404-fbb6-4594-9fa1-9fccf07a292f" />
    <UnitTestResult executionId="6269d965-7409-4241-ac0f-14a36a5c3e9c" testId="46d27197-64f7-ee44-a45f-6b39c864ac7d" testName="Add_ComplexProperties_ArePersistedCorrectly" computerName="ICSWS068" duration="00:00:00.3459599" startTime="2016-08-04T10:23:09.5602592+02:00" endTime="2016-08-04T10:23:09.9081064+02:00" testType="13cdc9d9-ddb5-4fa4-a97d-d965ccfc6d4b" outcome="Passed" testListId="8c84fa94-04c1-424b-9868-57a2d4851a1d" relativeResultsDirectory="6269d965-7409-4241-ac0f-14a36a5c3e9c" />
    <UnitTestResult executionId="45119cb1-fbf4-454e-bc38-dc4517a0cc07" testId="836c261d-22a8-e90d-ffe8-f60a4573b8f9" testName="Add_DuplicateName_ThrowsUniqueValueAddConflictException" computerName="ICSWS068" duration="00:00:00.3348097" startTime="2016-08-04T10:23:09.9111075+02:00" endTime="2016-08-04T10:23:10.2476560+02:00" testType="13cdc9d9-ddb5-4fa4-a97d-d965ccfc6d4b" outcome="Passed" testListId="8c84fa94-04c1-424b-9868-57a2d4851a1d" relativeResultsDirectory="45119cb1-fbf4-454e-bc38-dc4517a0cc07" />
    <UnitTestResult executionId="a5d92035-90e5-4c9c-b101-3d6f63284c28" testId="be50114b-1742-0780-15cc-c0ead25523b2" testName="AddNoIdentity_ThrowsValidationErrorException" computerName="ICSWS068" duration="00:00:00.3295720" startTime="2016-08-04T10:23:10.2501428+02:00" endTime="2016-08-04T10:23:10.5814295+02:00" testType="13cdc9d9-ddb5-4fa4-a97d-d965ccfc6d4b" outcome="Passed" testListId="8c84fa94-04c1-424b-9868-57a2d4851a1d" relativeResultsDirectory="a5d92035-90e5-4c9c-b101-3d6f63284c28" />
    <UnitTestResult executionId="b447d2fb-000c-4621-93e9-3176c05b85e3" testId="e26050ed-a48b-a5e9-d6a5-3a5eff0274ea" testName="Add_ValidArguments_CorrectSettingAdded" computerName="ICSWS068" duration="00:00:00.3781436" startTime="2016-08-04T10:23:10.5844348+02:00" endTime="2016-08-04T10:23:10.9640576+02:00" testType="13cdc9d9-ddb5-4fa4-a97d-d965ccfc6d4b" outcome="Passed" testListId="8c84fa94-04c1-424b-9868-57a2d4851a1d" relativeResultsDirectory="b447d2fb-000c-4621-93e9-3176c05b85e3" />
    <UnitTestResult executionId="f8cf4c7b-f180-48c5-a5ce-57c9c7a64a3d" testId="191d4a4a-f52a-ba00-b257-2c1fbadd54b6" testName="Add_AttributeGroupsIsNull_CorrectSettingAdded" computerName="ICSWS068" duration="00:00:00.3432819" startTime="2016-08-04T10:23:10.9665772+02:00" endTime="2016-08-04T10:23:11.3112770+02:00" testType="13cdc9d9-ddb5-4fa4-a97d-d965ccfc6d4b" outcome="Passed" testListId="8c84fa94-04c1-424b-9868-57a2d4851a1d" relativeResultsDirectory="f8cf4c7b-f180-48c5-a5ce-57c9c7a64a3d" />
    <UnitTestResult executionId="28f2e8c1-15ec-48b9-9013-b1d20ea450ae" testId="eb2fe1a0-06d7-8d30-49ab-cf97e9fa78b8" testName="Add_AttributeGroupsIsEmpty_CorrectSettingAdded" computerName="ICSWS068" duration="00:00:00.3462009" startTime="2016-08-04T10:23:11.3147801+02:00" endTime="2016-08-04T10:23:11.6620950+02:00" testType="13cdc9d9-ddb5-4fa4-a97d-d965ccfc6d4b" outcome="Passed" testListId="8c84fa94-04c1-424b-9868-57a2d4851a1d" relativeResultsDirectory="28f2e8c1-15ec-48b9-9013-b1d20ea450ae" />
    <UnitTestResult executionId="e36a7c68-f7e7-44e8-b2ce-c065ae40d5c4" testId="949f5c64-cd49-bbc2-4927-68571e808de9" testName="Add_NonExistentAttributeGroup_ThrowsEntityNotFoundException" computerName="ICSWS068" duration="00:00:00.3303899" startTime="2016-08-04T10:23:11.6650967+02:00" endTime="2016-08-04T10:23:11.9972365+02:00" testType="13cdc9d9-ddb5-4fa4-a97d-d965ccfc6d4b" outcome="Passed" testListId="8c84fa94-04c1-424b-9868-57a2d4851a1d" relativeResultsDirectory="e36a7c68-f7e7-44e8-b2ce-c065ae40d5c4" />
    <UnitTestResult executionId="f46071a5-f558-41b3-b782-38b6a67ff9ab" testId="af8c2e6b-b7b9-81aa-77f1-cfcaed13edfb" testName="Copy_ValidArgumentsAndCopyValuesIsTrue_CorrectSettingAdded" computerName="ICSWS068" duration="00:00:00.3910972" startTime="2016-08-04T10:23:12.0017397+02:00" endTime="2016-08-04T10:23:12.3946629+02:00" testType="13cdc9d9-ddb5-4fa4-a97d-d965ccfc6d4b" outcome="Passed" testListId="8c84fa94-04c1-424b-9868-57a2d4851a1d" relativeResultsDirectory="f46071a5-f558-41b3-b782-38b6a67ff9ab" />
    <UnitTestResult executionId="a13d2da0-5f4a-470a-90c1-dcb552b07fab" testId="0e9ed127-9628-b128-127d-154777c660a0" testName="Copy_ValidArgumentsAndCopyValuesIsFalse_CorrectSettingAdded" computerName="ICSWS068" duration="00:00:00.3473384" startTime="2016-08-04T10:23:12.3976649+02:00" endTime="2016-08-04T10:23:12.7466088+02:00" testType="13cdc9d9-ddb5-4fa4-a97d-d965ccfc6d4b" outcome="Passed" testListId="8c84fa94-04c1-424b-9868-57a2d4851a1d" relativeResultsDirectory="a13d2da0-5f4a-470a-90c1-dcb552b07fab" />
    <UnitTestResult executionId="214a9ee3-085f-4c50-bc68-99d32c57ce52" testId="888f6658-c464-5a14-be48-fdba0b5d3ee0" testName="Copy_TemplateSettingIsNoneAndCopyValuesIsTrue_CorrectSettingAdded" computerName="ICSWS068" duration="00:00:00.3282594" startTime="2016-08-04T10:23:12.7496108+02:00" endTime="2016-08-04T10:23:13.0790243+02:00" testType="13cdc9d9-ddb5-4fa4-a97d-d965ccfc6d4b" outcome="Passed" testListId="8c84fa94-04c1-424b-9868-57a2d4851a1d" relativeResultsDirectory="214a9ee3-085f-4c50-bc68-99d32c57ce52" />
    <UnitTestResult executionId="044ea4c6-9581-446a-a83d-f188602fcb04" testId="e48c914c-68f4-bad2-092d-537a81fec848" testName="Copy_TemplateSettingIsNoneAndCopyValuesIsFalse_CorrectSettingAdded" computerName="ICSWS068" duration="00:00:00.3435456" startTime="2016-08-04T10:23:13.0820471+02:00" endTime="2016-08-04T10:23:13.4268037+02:00" testType="13cdc9d9-ddb5-4fa4-a97d-d965ccfc6d4b" outcome="Passed" testListId="8c84fa94-04c1-424b-9868-57a2d4851a1d" relativeResultsDirectory="044ea4c6-9581-446a-a83d-f188602fcb04" />
    <UnitTestResult executionId="3ded7f4c-d7f5-44a4-82a8-ef89ddfcee05" testId="9b5a4714-5546-3bbb-4064-ddf453d0bc95" testName="Copy_TemplateSettingDoesNotExist_Throws" computerName="ICSWS068" duration="00:00:00.3265545" startTime="2016-08-04T10:23:13.4318069+02:00" endTime="2016-08-04T10:23:13.7593529+02:00" testType="13cdc9d9-ddb5-4fa4-a97d-d965ccfc6d4b" outcome="Passed" testListId="8c84fa94-04c1-424b-9868-57a2d4851a1d" relativeResultsDirectory="3ded7f4c-d7f5-44a4-82a8-ef89ddfcee05" />
    <UnitTestResult executionId="c7fe30cb-2853-45f5-84fe-b72f3087a0ed" testId="ec0e2d8d-7c16-33d4-7a48-cd69ac10353e" testName="Copy_NameIsEmpty_Throws" computerName="ICSWS068" duration="00:00:00.3240601" startTime="2016-08-04T10:23:13.7633552+02:00" endTime="2016-08-04T10:23:14.0890224+02:00" testType="13cdc9d9-ddb5-4fa4-a97d-d965ccfc6d4b" outcome="Passed" testListId="8c84fa94-04c1-424b-9868-57a2d4851a1d" relativeResultsDirectory="c7fe30cb-2853-45f5-84fe-b72f3087a0ed" />
    <UnitTestResult executionId="14cbf695-91a5-4f33-80b4-17f6493dc8a6" testId="9d9b2933-8c99-04d8-f5b2-47b22d11fce2" testName="Copy_IdentityIsEmpty_Throws" computerName="ICSWS068" duration="00:00:00.3509832" startTime="2016-08-04T10:23:14.0915232+02:00" endTime="2016-08-04T10:23:14.4440521+02:00" testType="13cdc9d9-ddb5-4fa4-a97d-d965ccfc6d4b" outcome="Passed" testListId="8c84fa94-04c1-424b-9868-57a2d4851a1d" relativeResultsDirectory="14cbf695-91a5-4f33-80b4-17f6493dc8a6" />
    <UnitTestResult executionId="f6ea33de-9e95-4c84-a8df-3888e742c2fa" testId="db8dcdc5-f0be-dc8f-7527-9bc19164d3b8" testName="Update_NullName_ThrowsConditionalErrorException" computerName="ICSWS068" duration="00:00:00.3273025" startTime="2016-08-04T10:23:14.4475406+02:00" endTime="2016-08-04T10:23:14.7761925+02:00" testType="13cdc9d9-ddb5-4fa4-a97d-d965ccfc6d4b" outcome="Passed" testListId="8c84fa94-04c1-424b-9868-57a2d4851a1d" relativeResultsDirectory="f6ea33de-9e95-4c84-a8df-3888e742c2fa" />
    <UnitTestResult executionId="80cfa6c0-a226-4534-83a7-6077d86e2b3b" testId="a0ae4bce-6b1d-f825-d4d2-fbf299b60c6b" testName="Update_EmtpyName_ThrowsStringLengthErrorException" computerName="ICSWS068" duration="00:00:00.3250102" startTime="2016-08-04T10:23:14.7791796+02:00" endTime="2016-08-04T10:23:15.1060356+02:00" testType="13cdc9d9-ddb5-4fa4-a97d-d965ccfc6d4b" outcome="Passed" testListId="8c84fa94-04c1-424b-9868-57a2d4851a1d" relativeResultsDirectory="80cfa6c0-a226-4534-83a7-6077d86e2b3b" />
    <UnitTestResult executionId="1a858b4c-6abb-4ebc-b836-5c9766a5a182" testId="b2499db1-4547-f6b0-a957-e94555618cfc" testName="Update_WhitespaceOnlyName_ThrowsStringLengthErrorException" computerName="ICSWS068" duration="00:00:00.3312714" startTime="2016-08-04T10:23:15.1090232+02:00" endTime="2016-08-04T10:23:15.4418231+02:00" testType="13cdc9d9-ddb5-4fa4-a97d-d965ccfc6d4b" outcome="Passed" testListId="8c84fa94-04c1-424b-9868-57a2d4851a1d" relativeResultsDirectory="1a858b4c-6abb-4ebc-b836-5c9766a5a182" />
    <UnitTestResult executionId="3b1bfe28-bcf4-4f36-88fb-0a61bbdc16b1" testId="4764fc6b-47f9-c04c-e31a-011338a92f91" testName="Update_TooLongName_ThrowsStringLengthErrorException" computerName="ICSWS068" duration="00:00:00.3625219" startTime="2016-08-04T10:23:15.4468260+02:00" endTime="2016-08-04T10:23:15.8104556+02:00" testType="13cdc9d9-ddb5-4fa4-a97d-d965ccfc6d4b" outcome="Passed" testListId="8c84fa94-04c1-424b-9868-57a2d4851a1d" relativeResultsDirectory="3b1bfe28-bcf4-4f36-88fb-0a61bbdc16b1" />
    <UnitTestResult executionId="291ade16-de83-4125-8c93-cef9788f3deb" testId="a842161d-054d-e455-b2de-cda59e992655" testName="Update_LongDescription_Succeeds" computerName="ICSWS068" duration="00:00:00.3239425" startTime="2016-08-04T10:23:15.8134579+02:00" endTime="2016-08-04T10:23:16.1392588+02:00" testType="13cdc9d9-ddb5-4fa4-a97d-d965ccfc6d4b" outcome="Passed" testListId="8c84fa94-04c1-424b-9868-57a2d4851a1d" relativeResultsDirectory="291ade16-de83-4125-8c93-cef9788f3deb" />
    <UnitTestResult executionId="239ac332-bf76-4ddb-afc0-33228b0d59fe" testId="507e84e0-d269-ad62-1c50-0c4e0584cbf0" testName="Update_DuplicateName_ThrowsUniqueValueAddConflictException" computerName="ICSWS068" duration="00:00:00.3246539" startTime="2016-08-04T10:23:16.1437912+02:00" endTime="2016-08-04T10:23:16.4698675+02:00" testType="13cdc9d9-ddb5-4fa4-a97d-d965ccfc6d4b" outcome="Passed" testListId="8c84fa94-04c1-424b-9868-57a2d4851a1d" relativeResultsDirectory="239ac332-bf76-4ddb-afc0-33228b0d59fe" />
    <UnitTestResult executionId="2622c1b6-4d58-4df5-a867-88cded7b3458" testId="48edae99-5d7f-5aae-1f8e-d4cb59d4f518" testName="Update_ComplexProperties_ArePersistedCorrectly" computerName="ICSWS068" duration="00:00:00.4111372" startTime="2016-08-04T10:23:16.4728695+02:00" endTime="2016-08-04T10:23:16.8859678+02:00" testType="13cdc9d9-ddb5-4fa4-a97d-d965ccfc6d4b" outcome="Passed" testListId="8c84fa94-04c1-424b-9868-57a2d4851a1d" relativeResultsDirectory="2622c1b6-4d58-4df5-a867-88cded7b3458" />
    <UnitTestResult executionId="f6d754d9-bbc2-4b8c-913f-5eda7339dc92" testId="949b75ae-d2b5-fbb6-00cb-7cac4091c32c" testName="Update_UnchangedName_Succeeds" computerName="ICSWS068" duration="00:00:00.3303075" startTime="2016-08-04T10:23:16.8884695+02:00" endTime="2016-08-04T10:23:17.2200460+02:00" testType="13cdc9d9-ddb5-4fa4-a97d-d965ccfc6d4b" outcome="Passed" testListId="8c84fa94-04c1-424b-9868-57a2d4851a1d" relativeResultsDirectory="f6d754d9-bbc2-4b8c-913f-5eda7339dc92" />
    <UnitTestResult executionId="3707818d-0f9f-4bef-80b5-ac3c945af9a3" testId="77da3192-41a9-95e4-cfdb-29055cd6272c" testName="Update_ProtectedAttributesValueChandedAndSystemSetToEncrypt_AttributesValueEncryped" computerName="ICSWS068" duration="00:00:00.7158647" startTime="2016-08-04T10:23:17.2255491+02:00" endTime="2016-08-04T10:23:17.9430178+02:00" testType="13cdc9d9-ddb5-4fa4-a97d-d965ccfc6d4b" outcome="Passed" testListId="8c84fa94-04c1-424b-9868-57a2d4851a1d" relativeResultsDirectory="3707818d-0f9f-4bef-80b5-ac3c945af9a3" />
    <UnitTestResult executionId="8918db1e-6b4f-4fcb-920b-26ad40a1d1b2" testId="a6c94282-608d-2762-5b40-ce6e8915bc32" testName="IsProtectedChangedToTrueOnAttributeType_SystemSetToEncrypt_AttributesValueEncrypted" computerName="ICSWS068" duration="00:00:00.7029726" startTime="2016-08-04T10:23:17.9460192+02:00" endTime="2016-08-04T10:23:18.6506729+02:00" testType="13cdc9d9-ddb5-4fa4-a97d-d965ccfc6d4b" outcome="Passed" testListId="8c84fa94-04c1-424b-9868-57a2d4851a1d" relativeResultsDirectory="8918db1e-6b4f-4fcb-920b-26ad40a1d1b2" />
    <UnitTestResult executionId="79280825-05b3-4f71-b887-165e36d7ed1f" testId="016d8c0c-057d-39ed-b913-6892284226e6" testName="IsProtectedChangedToFalseOnAttributeType_SystemSetToEncrypt_AttributesValuesDecrypted" computerName="ICSWS068" duration="00:00:00.7218247" startTime="2016-08-04T10:23:18.6531741+02:00" endTime="2016-08-04T10:23:19.3765591+02:00" testType="13cdc9d9-ddb5-4fa4-a97d-d965ccfc6d4b" outcome="Passed" testListId="8c84fa94-04c1-424b-9868-57a2d4851a1d" relativeResultsDirectory="79280825-05b3-4f71-b887-165e36d7ed1f" />
    <UnitTestResult executionId="4e53be28-1d4a-41c8-8bd8-b87239ad28bf" testId="586ce23c-a0cd-ee04-a731-ab8857838c4c" testName="IsProtectedResetToFalseOnAttributeType_SystemSetToEncrypt_AttributesValueEncrypted" computerName="ICSWS068" duration="00:00:00.6858909" startTime="2016-08-04T10:23:19.3795614+02:00" endTime="2016-08-04T10:23:20.0670881+02:00" testType="13cdc9d9-ddb5-4fa4-a97d-d965ccfc6d4b" outcome="Passed" testListId="8c84fa94-04c1-424b-9868-57a2d4851a1d" relativeResultsDirectory="4e53be28-1d4a-41c8-8bd8-b87239ad28bf" />
    <UnitTestResult executionId="a432ce53-d7b5-4dbb-b242-df9c5dee66dc" testId="6acdbca8-05af-d0a8-2af1-44014ee31c0d" testName="Delete_ExistingSetting_SuccessfullyDeletesSetting" computerName="ICSWS068" duration="00:00:00.3369181" startTime="2016-08-04T10:23:20.0700899+02:00" endTime="2016-08-04T10:23:20.4080944+02:00" testType="13cdc9d9-ddb5-4fa4-a97d-d965ccfc6d4b" outcome="Passed" testListId="8c84fa94-04c1-424b-9868-57a2d4851a1d" relativeResultsDirectory="a432ce53-d7b5-4dbb-b242-df9c5dee66dc" />
    <UnitTestResult executionId="92b356b6-30aa-44cb-b550-b9c81d8d040b" testId="65e7872a-8163-1f8f-79c1-e6097bc45a92" testName="GetAttributeValue_ExistingIntegerAttributeWithObjectGenericTypeArgument_ReturnsCorrectValue" computerName="ICSWS068" duration="00:00:00.3388480" startTime="2016-08-04T10:23:20.4115969+02:00" endTime="2016-08-04T10:23:20.7520296+02:00" testType="13cdc9d9-ddb5-4fa4-a97d-d965ccfc6d4b" outcome="Passed" testListId="8c84fa94-04c1-424b-9868-57a2d4851a1d" relativeResultsDirectory="92b356b6-30aa-44cb-b550-b9c81d8d040b" />
    <UnitTestResult executionId="5f578e1d-ae2d-452a-9e24-ece29ba385ac" testId="9d895b1e-cc8e-6b92-8b5e-2cd8b7d9c388" testName="GetAttributeValue_ExistingIntegerAttributeWithIntegerGenericTypeArgument_ReturnsCorrectValue" computerName="ICSWS068" duration="00:00:00.3763814" startTime="2016-08-04T10:23:20.7555313+02:00" endTime="2016-08-04T10:23:21.1331507+02:00" testType="13cdc9d9-ddb5-4fa4-a97d-d965ccfc6d4b" outcome="Passed" testListId="8c84fa94-04c1-424b-9868-57a2d4851a1d" relativeResultsDirectory="5f578e1d-ae2d-452a-9e24-ece29ba385ac" />
    <UnitTestResult executionId="2adac206-e42f-40a7-b8b9-30d8413ac0df" testId="27e115fa-4869-22d8-aa0b-c3dceac37d4d" testName="GetAttributeValue_ExistingStringAttributeWithObjectGenericTypeArgument_ReturnsCorrectValue" computerName="ICSWS068" duration="00:00:00.3414474" startTime="2016-08-04T10:23:21.1361530+02:00" endTime="2016-08-04T10:23:21.4793586+02:00" testType="13cdc9d9-ddb5-4fa4-a97d-d965ccfc6d4b" outcome="Passed" testListId="8c84fa94-04c1-424b-9868-57a2d4851a1d" relativeResultsDirectory="2adac206-e42f-40a7-b8b9-30d8413ac0df" />
    <UnitTestResult executionId="feca8151-d629-49aa-be5d-630a2d4a8dd4" testId="3172852d-84c7-eabc-9d34-4508a095ff75" testName="GetAttributeValue_ExistingStringAttributeWithStringGenericTypeArgument_ReturnsCorrectValue" computerName="ICSWS068" duration="00:00:00.3751967" startTime="2016-08-04T10:23:21.4823655+02:00" endTime="2016-08-04T10:23:21.8590427+02:00" testType="13cdc9d9-ddb5-4fa4-a97d-d965ccfc6d4b" outcome="Passed" testListId="8c84fa94-04c1-424b-9868-57a2d4851a1d" relativeResultsDirectory="feca8151-d629-49aa-be5d-630a2d4a8dd4" />
    <UnitTestResult executionId="98abc047-7a36-4203-af9e-ca20bd519737" testId="f683f2df-2d69-3c1e-5069-08a76d890f76" testName="GetAttributeValue_ExistingFloatAttributeWithObjectGenericTypeArgument_ReturnsCorrectValue" computerName="ICSWS068" duration="00:00:00.3366542" startTime="2016-08-04T10:23:21.8615667+02:00" endTime="2016-08-04T10:23:22.1997020+02:00" testType="13cdc9d9-ddb5-4fa4-a97d-d965ccfc6d4b" outcome="Passed" testListId="8c84fa94-04c1-424b-9868-57a2d4851a1d" relativeResultsDirectory="98abc047-7a36-4203-af9e-ca20bd519737" />
    <UnitTestResult executionId="86c23794-2762-4b02-a261-53f58a181fee" testId="7e5a9175-65d0-923f-fa58-521756490259" testName="GetAttributeValue_ExistingFloatAttributeWithFloatGenericTypeArgument_ReturnsCorrectValue" computerName="ICSWS068" duration="00:00:00.3599431" startTime="2016-08-04T10:23:22.2057069+02:00" endTime="2016-08-04T10:23:22.5672204+02:00" testType="13cdc9d9-ddb5-4fa4-a97d-d965ccfc6d4b" outcome="Passed" testListId="8c84fa94-04c1-424b-9868-57a2d4851a1d" relativeResultsDirectory="86c23794-2762-4b02-a261-53f58a181fee" />
    <UnitTestResult executionId="4c7a4504-7525-4461-b270-bc09d1dbc3cd" testId="d2ebe55b-a915-5d5b-9a45-610b2ff363bf" testName="GetAttributeValue_ExistingIntegerAttributeWithDateTimeGenericTypeArgument_ThrowsInvalidCastException" computerName="ICSWS068" duration="00:00:00.3948314" startTime="2016-08-04T10:23:22.5707227+02:00" endTime="2016-08-04T10:23:22.9668142+02:00" testType="13cdc9d9-ddb5-4fa4-a97d-d965ccfc6d4b" outcome="Passed" testListId="8c84fa94-04c1-424b-9868-57a2d4851a1d" relativeResultsDirectory="4c7a4504-7525-4461-b270-bc09d1dbc3cd" />
    <UnitTestResult executionId="327e2f05-1f3b-4e88-8718-75f770424117" testId="837bd274-b2d5-213f-23c5-e1472d123889" testName="GetAttributeValue_NonExistingAttributeValue_ThrowsEntityNotFoundException" computerName="ICSWS068" duration="00:00:00.3829297" startTime="2016-08-04T10:23:22.9703171+02:00" endTime="2016-08-04T10:23:23.3544545+02:00" testType="13cdc9d9-ddb5-4fa4-a97d-d965ccfc6d4b" outcome="Passed" testListId="8c84fa94-04c1-424b-9868-57a2d4851a1d" relativeResultsDirectory="327e2f05-1f3b-4e88-8718-75f770424117" />
    <UnitTestResult executionId="9aaca465-2d9d-446e-bfed-84ff86693369" testId="d83c3cd4-4e9b-fe17-88f0-0bb4b4a0d188" testName="GetAttributeValue_NonExistingAttributeValue_ReturnsDefaultValue" computerName="ICSWS068" duration="00:00:00.3751756" startTime="2016-08-04T10:23:23.3574568+02:00" endTime="2016-08-04T10:23:23.7338753+02:00" testType="13cdc9d9-ddb5-4fa4-a97d-d965ccfc6d4b" outcome="Passed" testListId="8c84fa94-04c1-424b-9868-57a2d4851a1d" relativeResultsDirectory="9aaca465-2d9d-446e-bfed-84ff86693369" />
    <UnitTestResult executionId="d65d9413-d31c-47b9-8a8f-f0d6370637e2" testId="ed6969a3-7b24-a129-1039-28b467005fea" testName="SetAttributeValue_NonExistingSetting_ThrowsEntityNotFoundException" computerName="ICSWS068" duration="00:00:00.3463927" startTime="2016-08-04T10:23:23.7393793+02:00" endTime="2016-08-04T10:23:24.0873550+02:00" testType="13cdc9d9-ddb5-4fa4-a97d-d965ccfc6d4b" outcome="Passed" testListId="8c84fa94-04c1-424b-9868-57a2d4851a1d" relativeResultsDirectory="d65d9413-d31c-47b9-8a8f-f0d6370637e2" />
    <UnitTestResult executionId="376232f1-c971-4a21-83b9-265e526f2a96" testId="3c737987-61b9-23a5-d1b2-ec0bf8a58379" testName="SetAttributeValue_NonExistingSetting_NoThrow_DoesNotThrow" computerName="ICSWS068" duration="00:00:00.3317684" startTime="2016-08-04T10:23:24.0903737+02:00" endTime="2016-08-04T10:23:24.4248788+02:00" testType="13cdc9d9-ddb5-4fa4-a97d-d965ccfc6d4b" outcome="Passed" testListId="8c84fa94-04c1-424b-9868-57a2d4851a1d" relativeResultsDirectory="376232f1-c971-4a21-83b9-265e526f2a96" />
    <UnitTestResult executionId="e26290c1-ec0f-4c06-a7a8-073e8b034d4b" testId="58e99376-986e-c278-e3c9-538da9137a0e" testName="SetAttributeValue_NonExistingSettingAttributeType_ThrowsEntityNotFoundException" computerName="ICSWS068" duration="00:00:00.3553292" startTime="2016-08-04T10:23:24.4278984+02:00" endTime="2016-08-04T10:23:24.7849346+02:00" testType="13cdc9d9-ddb5-4fa4-a97d-d965ccfc6d4b" outcome="Passed" testListId="8c84fa94-04c1-424b-9868-57a2d4851a1d" relativeResultsDirectory="e26290c1-ec0f-4c06-a7a8-073e8b034d4b" />
    <UnitTestResult executionId="cfc0de1d-e309-4625-b0e1-3918173e993c" testId="94bdef3a-1d1f-7313-58d1-323bf97da496" testName="SetAttributeValue_NonExistingSettingAttributeType_NoThrow_DoesNotThrow" computerName="ICSWS068" duration="00:00:00.3626237" startTime="2016-08-04T10:23:24.7889374+02:00" endTime="2016-08-04T10:23:25.1530216+02:00" testType="13cdc9d9-ddb5-4fa4-a97d-d965ccfc6d4b" outcome="Passed" testListId="8c84fa94-04c1-424b-9868-57a2d4851a1d" relativeResultsDirectory="cfc0de1d-e309-4625-b0e1-3918173e993c" />
    <UnitTestResult executionId="24e4b56d-e302-433e-9e85-dd212dc6800b" testId="be2fcaac-5cfc-b6a4-7d8c-7287a9ff3624" testName="SetAttributeValue_StringValueToStringAttribute_Succeeds" computerName="ICSWS068" duration="00:00:00.3454018" startTime="2016-08-04T10:23:25.1565233+02:00" endTime="2016-08-04T10:23:25.5032379+02:00" testType="13cdc9d9-ddb5-4fa4-a97d-d965ccfc6d4b" outcome="Passed" testListId="8c84fa94-04c1-424b-9868-57a2d4851a1d" relativeResultsDirectory="24e4b56d-e302-433e-9e85-dd212dc6800b" />
    <UnitTestResult executionId="fe0769c8-fcf8-4dc3-9f6f-6f386aeb2694" testId="5d3b66b6-0b42-3af1-40ea-796ddfec3c03" testName="SetAttributeValue_FloatValueToFloatAttribute_Succeeds" computerName="ICSWS068" duration="00:00:00.3427934" startTime="2016-08-04T10:23:25.5067396+02:00" endTime="2016-08-04T10:23:25.8502223+02:00" testType="13cdc9d9-ddb5-4fa4-a97d-d965ccfc6d4b" outcome="Passed" testListId="8c84fa94-04c1-424b-9868-57a2d4851a1d" relativeResultsDirectory="fe0769c8-fcf8-4dc3-9f6f-6f386aeb2694" />
    <UnitTestResult executionId="d693544a-876c-4f65-b8c1-f94c2b618988" testId="9e465dca-96be-52d0-7bb3-4034403ad5f3" testName="SetAttributeValue_IntegerValueToIntegerAttribute_Succeeds" computerName="ICSWS068" duration="00:00:00.3381005" startTime="2016-08-04T10:23:25.8537179+02:00" endTime="2016-08-04T10:23:26.1935279+02:00" testType="13cdc9d9-ddb5-4fa4-a97d-d965ccfc6d4b" outcome="Passed" testListId="8c84fa94-04c1-424b-9868-57a2d4851a1d" relativeResultsDirectory="d693544a-876c-4f65-b8c1-f94c2b618988" />
    <UnitTestResult executionId="2a18d01f-d50f-4b4a-8549-96911229ee1a" testId="3510c80a-e147-61b5-ddea-84401beacb09" testName="SetAttributeValue_InvalidStringValueToIntegerAttribute_ThrowsInvalidCastException" computerName="ICSWS068" duration="00:00:00.3588575" startTime="2016-08-04T10:23:26.1960478+02:00" endTime="2016-08-04T10:23:26.5566781+02:00" testType="13cdc9d9-ddb5-4fa4-a97d-d965ccfc6d4b" outcome="Passed" testListId="8c84fa94-04c1-424b-9868-57a2d4851a1d" relativeResultsDirectory="2a18d01f-d50f-4b4a-8549-96911229ee1a" />
    <UnitTestResult executionId="a118b47f-c86a-4e71-9910-8bfe2801a2ec" testId="bf58688b-a387-ed15-c8b1-bf2b43793a0c" testName="SetAttributeValue_ValidStringValueToIntegerAttribute_Succeeds" computerName="ICSWS068" duration="00:00:00.3362079" startTime="2016-08-04T10:23:26.5596801+02:00" endTime="2016-08-04T10:23:26.8973083+02:00" testType="13cdc9d9-ddb5-4fa4-a97d-d965ccfc6d4b" outcome="Passed" testListId="8c84fa94-04c1-424b-9868-57a2d4851a1d" relativeResultsDirectory="a118b47f-c86a-4e71-9910-8bfe2801a2ec" />
    <UnitTestResult executionId="e65b2f9d-4dc1-4f39-8145-b83c5ead1263" testId="0f9514cc-dc83-c383-a2f2-7682a0937681" testName="SetAttributeValue_ValidFloatValueToIntegerAttribute_Succeeds" computerName="ICSWS068" duration="00:00:00.3394061" startTime="2016-08-04T10:23:26.8998100+02:00" endTime="2016-08-04T10:23:27.2407218+02:00" testType="13cdc9d9-ddb5-4fa4-a97d-d965ccfc6d4b" outcome="Passed" testListId="8c84fa94-04c1-424b-9868-57a2d4851a1d" relativeResultsDirectory="e65b2f9d-4dc1-4f39-8145-b83c5ead1263" />
    <UnitTestResult executionId="15a5645d-cd9a-45c8-a63a-f0a82604f6bc" testId="5620606e-599e-4241-af87-687dc009a8db" testName="SetAttributeValue_TooLargeFloatValueToIntegerAttribute_ThrowsInvalidCastException" computerName="ICSWS068" duration="00:00:00.3329751" startTime="2016-08-04T10:23:27.2437256+02:00" endTime="2016-08-04T10:23:27.5778821+02:00" testType="13cdc9d9-ddb5-4fa4-a97d-d965ccfc6d4b" outcome="Passed" testListId="8c84fa94-04c1-424b-9868-57a2d4851a1d" relativeResultsDirectory="15a5645d-cd9a-45c8-a63a-f0a82604f6bc" />
    <UnitTestResult executionId="bbf693bf-65d7-4270-8cf2-1cd0b35aed48" testId="1078b67f-57d8-c376-33dc-022e5a10bebc" testName="SetAttributeValue_InvalidStringValueToFloatAttribute_ThrowsInvalidCastException" computerName="ICSWS068" duration="00:00:00.3845713" startTime="2016-08-04T10:23:27.5808861+02:00" endTime="2016-08-04T10:23:27.9670242+02:00" testType="13cdc9d9-ddb5-4fa4-a97d-d965ccfc6d4b" outcome="Passed" testListId="8c84fa94-04c1-424b-9868-57a2d4851a1d" relativeResultsDirectory="bbf693bf-65d7-4270-8cf2-1cd0b35aed48" />
    <UnitTestResult executionId="f362d1e1-5b07-4d47-9090-5d9bff95bccf" testId="83243a82-da97-3de1-cca0-8d0f937bf963" testName="SetAttributeValue_ValidStringValueToFloatAttribute_Succeeds" computerName="ICSWS068" duration="00:00:00.3384366" startTime="2016-08-04T10:23:27.9700106+02:00" endTime="2016-08-04T10:23:28.3099617+02:00" testType="13cdc9d9-ddb5-4fa4-a97d-d965ccfc6d4b" outcome="Passed" testListId="8c84fa94-04c1-424b-9868-57a2d4851a1d" relativeResultsDirectory="f362d1e1-5b07-4d47-9090-5d9bff95bccf" />
    <UnitTestResult executionId="f6a8974b-82e3-474e-a460-f0cb99a44a58" testId="62993288-99a0-4c45-cc8c-ea3850f198d1" testName="RepositoryEntityTypeId_ReturnsTimer" computerName="ICSWS068" duration="00:00:00.3442936" startTime="2016-08-04T10:23:28.3124807+02:00" endTime="2016-08-04T10:23:28.6581194+02:00" testType="13cdc9d9-ddb5-4fa4-a97d-d965ccfc6d4b" outcome="Passed" testListId="8c84fa94-04c1-424b-9868-57a2d4851a1d" relativeResultsDirectory="f6a8974b-82e3-474e-a460-f0cb99a44a58" />
    <UnitTestResult executionId="abb5b2b4-6fc6-43d9-b5ce-4da960ce2079" testId="5ff1eba7-ab11-1766-2c18-2fb92fa83d59" testName="RepositoryEntityType_ReturnsITimer" computerName="ICSWS068" duration="00:00:00.3328420" startTime="2016-08-04T10:23:28.6616279+02:00" endTime="2016-08-04T10:23:28.9959920+02:00" testType="13cdc9d9-ddb5-4fa4-a97d-d965ccfc6d4b" outcome="Passed" testListId="8c84fa94-04c1-424b-9868-57a2d4851a1d" relativeResultsDirectory="abb5b2b4-6fc6-43d9-b5ce-4da960ce2079" />
    <UnitTestResult executionId="aab8aa9e-99e1-4d1c-9e55-78ce8989b926" testId="10effeef-af4c-b083-8ab6-22f9d3975367" testName="RepositorySystemContext_MatchesActualSystemContext" computerName="ICSWS068" duration="00:00:00.4240091" startTime="2016-08-04T10:23:28.9989946+02:00" endTime="2016-08-04T10:23:29.4248014+02:00" testType="13cdc9d9-ddb5-4fa4-a97d-d965ccfc6d4b" outcome="Passed" testListId="8c84fa94-04c1-424b-9868-57a2d4851a1d" relativeResultsDirectory="aab8aa9e-99e1-4d1c-9e55-78ce8989b926" />
    <UnitTestResult executionId="546cf606-82e2-42e9-a320-16f7aae9e6c9" testId="70b2ab69-5671-e188-cdc5-b519bcb03783" testName="Exists_NodeTypeVersionKey_ThrowsArgumentException" computerName="ICSWS068" duration="00:00:00.3542570" startTime="2016-08-04T10:23:29.4293051+02:00" endTime="2016-08-04T10:23:29.7855451+02:00" testType="13cdc9d9-ddb5-4fa4-a97d-d965ccfc6d4b" outcome="Passed" testListId="8c84fa94-04c1-424b-9868-57a2d4851a1d" relativeResultsDirectory="546cf606-82e2-42e9-a320-16f7aae9e6c9" />
    <UnitTestResult executionId="acc0e609-1d9c-4702-905e-d3730dfcd383" testId="3e08950c-7bc7-49dd-8651-c6b425602c01" testName="Exists_KnownTimerKey_ReturnsTrue (Data Row 0)" computerName="ICSWS068" duration="00:00:00.3381178" startTime="2016-08-04T08:23:29.7935514+02:00" endTime="2016-08-04T08:23:30.1317624+02:00" testType="13cdc9d9-ddb5-4fa4-a97d-d965ccfc6d4b" outcome="Passed" testListId="8c84fa94-04c1-424b-9868-57a2d4851a1d" relativeResultsDirectory="acc0e609-1d9c-4702-905e-d3730dfcd383" />
    <UnitTestResult executionId="3a48911f-f527-46e4-ba67-1111123c2239" testId="ae227b9f-8940-4183-ba67-03750cf47d2c" testName="Exists_KnownTimerKey_ReturnsTrue (Data Row 1)" computerName="ICSWS068" duration="00:00:00.3679271" startTime="2016-08-04T08:23:30.1317624+02:00" endTime="2016-08-04T08:23:30.4997685+02:00" testType="13cdc9d9-ddb5-4fa4-a97d-d965ccfc6d4b" outcome="Passed" testListId="8c84fa94-04c1-424b-9868-57a2d4851a1d" relativeResultsDirectory="3a48911f-f527-46e4-ba67-1111123c2239" />
    <UnitTestResult executionId="198c670c-cedf-4ff9-91af-879805c35434" testId="86e491c1-cf5e-13f6-653a-3ddf56caa111" testName="Exists_NonExistingTimerKey_ReturnsFalse" computerName="ICSWS068" duration="00:00:00.3403943" startTime="2016-08-04T10:23:30.5032710+02:00" endTime="2016-08-04T10:23:30.8450998+02:00" testType="13cdc9d9-ddb5-4fa4-a97d-d965ccfc6d4b" outcome="Passed" testListId="8c84fa94-04c1-424b-9868-57a2d4851a1d" relativeResultsDirectory="198c670c-cedf-4ff9-91af-879805c35434" />
    <UnitTestResult executionId="e2205eaf-5a52-411e-a204-c3b7e196071e" testId="630ff102-5ec4-06dc-9cab-420a2d6e0fa4" testName="Exists_NonExistingTimerId_ReturnsFalse" computerName="ICSWS068" duration="00:00:00.3424817" startTime="2016-08-04T10:23:30.8481024+02:00" endTime="2016-08-04T10:23:31.1927312+02:00" testType="13cdc9d9-ddb5-4fa4-a97d-d965ccfc6d4b" outcome="Passed" testListId="8c84fa94-04c1-424b-9868-57a2d4851a1d" relativeResultsDirectory="e2205eaf-5a52-411e-a204-c3b7e196071e" />
    <UnitTestResult executionId="ec7be3dc-5863-428d-b520-63eb0c41c29c" testId="b31413b1-1733-482d-ac25-41ee864750bd" testName="Exists_KnownTimerId_ReturnsTrue (Data Row 0)" computerName="ICSWS068" duration="00:00:00.3308634" startTime="2016-08-04T08:23:31.1977343+02:00" endTime="2016-08-04T08:23:31.5285577+02:00" testType="13cdc9d9-ddb5-4fa4-a97d-d965ccfc6d4b" outcome="Passed" testListId="8c84fa94-04c1-424b-9868-57a2d4851a1d" relativeResultsDirectory="ec7be3dc-5863-428d-b520-63eb0c41c29c" />
    <UnitTestResult executionId="531e8335-999e-4d8e-8e93-f77058e1ba53" testId="3cd856dd-5146-4642-968b-c33b705e67c7" testName="Exists_KnownTimerId_ReturnsTrue (Data Row 1)" computerName="ICSWS068" duration="00:00:00.3670160" startTime="2016-08-04T08:23:31.5285577+02:00" endTime="2016-08-04T08:23:31.8954271+02:00" testType="13cdc9d9-ddb5-4fa4-a97d-d965ccfc6d4b" outcome="Passed" testListId="8c84fa94-04c1-424b-9868-57a2d4851a1d" relativeResultsDirectory="531e8335-999e-4d8e-8e93-f77058e1ba53" />
    <UnitTestResult executionId="6c195799-a4d5-4924-a4a7-4fd4da776eaa" testId="8f8f7bed-af70-9c40-475d-a767efb45dd4" testName="CreateInstance_CreatesNewTimer" computerName="ICSWS068" duration="00:00:00.3282148" startTime="2016-08-04T10:23:31.8999303+02:00" endTime="2016-08-04T10:23:32.2297517+02:00" testType="13cdc9d9-ddb5-4fa4-a97d-d965ccfc6d4b" outcome="Passed" testListId="8c84fa94-04c1-424b-9868-57a2d4851a1d" relativeResultsDirectory="6c195799-a4d5-4924-a4a7-4fd4da776eaa" />
    <UnitTestResult executionId="325ed33e-6d4a-43a6-99ee-bc86f3cf3129" testId="6b043e4a-afa3-483d-82b5-47bf92118995" testName="List_ContainsEachKnownTimerOnce (Data Row 0)" computerName="ICSWS068" duration="00:00:00.3288309" startTime="2016-08-04T08:23:32.2342548+02:00" endTime="2016-08-04T08:23:32.5634061+02:00" testType="13cdc9d9-ddb5-4fa4-a97d-d965ccfc6d4b" outcome="Passed" testListId="8c84fa94-04c1-424b-9868-57a2d4851a1d" relativeResultsDirectory="325ed33e-6d4a-43a6-99ee-bc86f3cf3129" />
    <UnitTestResult executionId="a1c8bfe8-4b2c-48f6-a90e-79852afe12f4" testId="2cccbdfb-dcee-46a6-b2d9-0ae3e8e98b5d" testName="List_ContainsEachKnownTimerOnce (Data Row 1)" computerName="ICSWS068" duration="00:00:00.3228918" startTime="2016-08-04T08:23:32.5634061+02:00" endTime="2016-08-04T08:23:32.8860247+02:00" testType="13cdc9d9-ddb5-4fa4-a97d-d965ccfc6d4b" outcome="Passed" testListId="8c84fa94-04c1-424b-9868-57a2d4851a1d" relativeResultsDirectory="a1c8bfe8-4b2c-48f6-a90e-79852afe12f4" />
    <UnitTestResult executionId="df8dd632-15e9-4f74-b7b6-51e102c736a1" testId="b504b60c-66f1-5b77-f677-7817ad2ccdb8" testName="List_ShouldSetSystemContextCorrectly" computerName="ICSWS068" duration="00:00:00.3505947" startTime="2016-08-04T10:23:32.8900284+02:00" endTime="2016-08-04T10:23:33.2418456+02:00" testType="13cdc9d9-ddb5-4fa4-a97d-d965ccfc6d4b" outcome="Passed" testListId="8c84fa94-04c1-424b-9868-57a2d4851a1d" relativeResultsDirectory="df8dd632-15e9-4f74-b7b6-51e102c736a1" />
    <UnitTestResult executionId="e89d5f51-faed-4527-8ee8-c67d2603da86" testId="97590e75-30e5-f4d0-56bb-0ca53cffc436" testName="GetByKey_NewGuid_ThrowsEntityNotFoundException" computerName="ICSWS068" duration="00:00:00.3286151" startTime="2016-08-04T10:23:33.2463476+02:00" endTime="2016-08-04T10:23:33.5765551+02:00" testType="13cdc9d9-ddb5-4fa4-a97d-d965ccfc6d4b" outcome="Passed" testListId="8c84fa94-04c1-424b-9868-57a2d4851a1d" relativeResultsDirectory="e89d5f51-faed-4527-8ee8-c67d2603da86" />
    <UnitTestResult executionId="90194d1a-962b-4b1b-9232-5d91a737e96c" testId="eaf68dd5-73a6-4dfb-bd03-fc1958bc334d" testName="GetByKey_KnownTimerKey_ReturnsEntityWithCorrectProperties (Data Row 0)" computerName="ICSWS068" duration="00:00:00.3348836" startTime="2016-08-04T08:23:33.5820644+02:00" endTime="2016-08-04T08:23:33.9170030+02:00" testType="13cdc9d9-ddb5-4fa4-a97d-d965ccfc6d4b" outcome="Passed" testListId="8c84fa94-04c1-424b-9868-57a2d4851a1d" relativeResultsDirectory="90194d1a-962b-4b1b-9232-5d91a737e96c" />
    <UnitTestResult executionId="b3f69532-99a6-4812-b2e0-1b473baa336e" testId="15113f32-6510-4b6a-a58d-2846bc15a7da" testName="GetByKey_KnownTimerKey_ReturnsEntityWithCorrectProperties (Data Row 1)" computerName="ICSWS068" duration="00:00:00.3702203" startTime="2016-08-04T08:23:33.9170030+02:00" endTime="2016-08-04T08:23:34.2870413+02:00" testType="13cdc9d9-ddb5-4fa4-a97d-d965ccfc6d4b" outcome="Passed" testListId="8c84fa94-04c1-424b-9868-57a2d4851a1d" relativeResultsDirectory="b3f69532-99a6-4812-b2e0-1b473baa336e" />
    <UnitTestResult executionId="ee39897d-ed06-4ea3-94c5-1d0bf6a448ef" testId="d5ebd471-e957-7bf1-d3b3-e017763c3c3a" testName="GetByKey_UnsupportedKey_ThrowsArgumentException" computerName="ICSWS068" duration="00:00:00.3414371" startTime="2016-08-04T10:23:34.2910269+02:00" endTime="2016-08-04T10:23:34.6335225+02:00" testType="13cdc9d9-ddb5-4fa4-a97d-d965ccfc6d4b" outcome="Passed" testListId="8c84fa94-04c1-424b-9868-57a2d4851a1d" relativeResultsDirectory="ee39897d-ed06-4ea3-94c5-1d0bf6a448ef" />
    <UnitTestResult executionId="56b5641f-2078-49fb-b25d-7cb13fbfc64c" testId="03697323-3e72-0f44-6a32-85db4d016f55" testName="GetById_NewGuid_ThrowsEntityNotFoundException" computerName="ICSWS068" duration="00:00:00.3332443" startTime="2016-08-04T10:23:34.6365242+02:00" endTime="2016-08-04T10:23:34.9714106+02:00" testType="13cdc9d9-ddb5-4fa4-a97d-d965ccfc6d4b" outcome="Passed" testListId="8c84fa94-04c1-424b-9868-57a2d4851a1d" relativeResultsDirectory="56b5641f-2078-49fb-b25d-7cb13fbfc64c" />
    <UnitTestResult executionId="f9de6f1e-0a36-455d-9a6d-44658b8b1dac" testId="da236810-ac6b-47b1-be73-925f8811cb21" testName="GetById_KnownTimerId_ReturnsEntityWithCorrectProperties (Data Row 0)" computerName="ICSWS068" duration="00:00:00.3339012" startTime="2016-08-04T08:23:34.9759310+02:00" endTime="2016-08-04T08:23:35.3100321+02:00" testType="13cdc9d9-ddb5-4fa4-a97d-d965ccfc6d4b" outcome="Passed" testListId="8c84fa94-04c1-424b-9868-57a2d4851a1d" relativeResultsDirectory="f9de6f1e-0a36-455d-9a6d-44658b8b1dac" />
    <UnitTestResult executionId="385ac669-1f08-460e-9b55-a67bcb591770" testId="4abdf29f-43ff-4ff4-9f79-8caa2e2d88f5" testName="GetById_KnownTimerId_ReturnsEntityWithCorrectProperties (Data Row 1)" computerName="ICSWS068" duration="00:00:00.3906879" startTime="2016-08-04T08:23:35.3100321+02:00" endTime="2016-08-04T08:23:35.7005870+02:00" testType="13cdc9d9-ddb5-4fa4-a97d-d965ccfc6d4b" outcome="Passed" testListId="8c84fa94-04c1-424b-9868-57a2d4851a1d" relativeResultsDirectory="385ac669-1f08-460e-9b55-a67bcb591770" />
    <UnitTestResult executionId="e2d6c7b9-6964-46d4-8c41-74364ad38fd2" testId="25d6043a-7158-e98b-7a39-e77567a7f704" testName="GetByName_Null_ThrowsArgumentNullException" computerName="ICSWS068" duration="00:00:00.3300588" startTime="2016-08-04T10:23:35.7050747+02:00" endTime="2016-08-04T10:23:36.0364291+02:00" testType="13cdc9d9-ddb5-4fa4-a97d-d965ccfc6d4b" outcome="Passed" testListId="8c84fa94-04c1-424b-9868-57a2d4851a1d" relativeResultsDirectory="e2d6c7b9-6964-46d4-8c41-74364ad38fd2" />
    <UnitTestResult executionId="f0ed492c-9537-4bde-be69-71517c47a392" testId="5d85c0c5-06a3-6887-4505-63fb64abaf56" testName="GetByName_NonExistingName_ThrowsEntityNotFoundException" computerName="ICSWS068" duration="00:00:00.3203543" startTime="2016-08-04T10:23:36.0394314+02:00" endTime="2016-08-04T10:23:36.3610644+02:00" testType="13cdc9d9-ddb5-4fa4-a97d-d965ccfc6d4b" outcome="Passed" testListId="8c84fa94-04c1-424b-9868-57a2d4851a1d" relativeResultsDirectory="f0ed492c-9537-4bde-be69-71517c47a392" />
    <UnitTestResult executionId="425ac3a7-0593-4d8b-a734-c1d84f610288" testId="ce3dce05-81d8-48d1-a2ef-22295a39c813" testName="GetByName_KnownTimerName_ReturnsEntityWithCorrectProperties (Data Row 0)" computerName="ICSWS068" duration="00:00:00.3212220" startTime="2016-08-04T08:23:36.3665693+02:00" endTime="2016-08-04T08:23:36.6877802+02:00" testType="13cdc9d9-ddb5-4fa4-a97d-d965ccfc6d4b" outcome="Passed" testListId="8c84fa94-04c1-424b-9868-57a2d4851a1d" relativeResultsDirectory="425ac3a7-0593-4d8b-a734-c1d84f610288" />
    <UnitTestResult executionId="b018f2cc-2d95-4dc4-accc-b3f174abfd1d" testId="a1cd4f8e-a27d-4ac4-a1ed-9ee8ce41966a" testName="GetByName_KnownTimerName_ReturnsEntityWithCorrectProperties (Data Row 1)" computerName="ICSWS068" duration="00:00:00.3313626" startTime="2016-08-04T08:23:36.6877802+02:00" endTime="2016-08-04T08:23:37.0187423+02:00" testType="13cdc9d9-ddb5-4fa4-a97d-d965ccfc6d4b" outcome="Passed" testListId="8c84fa94-04c1-424b-9868-57a2d4851a1d" relativeResultsDirectory="b018f2cc-2d95-4dc4-accc-b3f174abfd1d" />
    <UnitTestResult executionId="a4011de5-f549-46a5-9c84-e5adad43c144" testId="40124673-8dc3-d69e-248e-fe52a4a2ec97" testName="GetNameById_NonExistingId_ThrowsEntityNotFoundException" computerName="ICSWS068" duration="00:00:00.3415260" startTime="2016-08-04T10:23:37.0222446+02:00" endTime="2016-08-04T10:23:37.3652819+02:00" testType="13cdc9d9-ddb5-4fa4-a97d-d965ccfc6d4b" outcome="Passed" testListId="8c84fa94-04c1-424b-9868-57a2d4851a1d" relativeResultsDirectory="a4011de5-f549-46a5-9c84-e5adad43c144" />
    <UnitTestResult executionId="f82fdff3-0801-471d-829f-a4f9a3601075" testId="0b6901b9-be08-41c3-b3a0-30049d978f15" testName="GetNameById_KnownTimerId_ReturnsCorrectName (Data Row 0)" computerName="ICSWS068" duration="00:00:00.3248815" startTime="2016-08-04T08:23:37.3702850+02:00" endTime="2016-08-04T08:23:37.6949203+02:00" testType="13cdc9d9-ddb5-4fa4-a97d-d965ccfc6d4b" outcome="Passed" testListId="8c84fa94-04c1-424b-9868-57a2d4851a1d" relativeResultsDirectory="f82fdff3-0801-471d-829f-a4f9a3601075" />
    <UnitTestResult executionId="80b7954d-c848-41f8-8149-a76047ac4c74" testId="c58a5eab-2917-4bde-8c3f-d0e831d825f0" testName="GetNameById_KnownTimerId_ReturnsCorrectName (Data Row 1)" computerName="ICSWS068" duration="00:00:00.3248404" startTime="2016-08-04T08:23:37.6949203+02:00" endTime="2016-08-04T08:23:38.0200268+02:00" testType="13cdc9d9-ddb5-4fa4-a97d-d965ccfc6d4b" outcome="Passed" testListId="8c84fa94-04c1-424b-9868-57a2d4851a1d" relativeResultsDirectory="80b7954d-c848-41f8-8149-a76047ac4c74" />
    <UnitTestResult executionId="9d9be8ee-0b69-478e-8d45-a76dccb6aa10" testId="67ac16c2-8939-1b38-3be1-0882267d91fa" testName="GetSubEntityByKey_EnumerateValidTimerEvents_TimerEventsAreReturned" computerName="ICSWS068" duration="00:00:00.3390389" startTime="2016-08-04T10:23:38.0231751+02:00" endTime="2016-08-04T10:23:38.3637400+02:00" testType="13cdc9d9-ddb5-4fa4-a97d-d965ccfc6d4b" outcome="Passed" testListId="8c84fa94-04c1-424b-9868-57a2d4851a1d" relativeResultsDirectory="9d9be8ee-0b69-478e-8d45-a76dccb6aa10" />
    <UnitTestResult executionId="2435aa23-3e28-486f-8763-4580d7731457" testId="5b38c7ec-0b92-5da9-232f-440a3955b17f" testName="GetSubEntityByKey_InvokedWithInvalidTimerEventId_EntityNotFoundExceptionIsThrown" computerName="ICSWS068" duration="00:00:00.3431089" startTime="2016-08-04T10:23:38.3667420+02:00" endTime="2016-08-04T10:23:38.7116936+02:00" testType="13cdc9d9-ddb5-4fa4-a97d-d965ccfc6d4b" outcome="Passed" testListId="8c84fa94-04c1-424b-9868-57a2d4851a1d" relativeResultsDirectory="2435aa23-3e28-486f-8763-4580d7731457" />
    <UnitTestResult executionId="fe5a1487-6807-47ae-b9c6-3c179513e330" testId="46d4d389-db41-415a-1ec0-67535c83ac2c" testName="GetSubEntityByKey_InvokedWithInvalidTypeId_ArgumentExceptionIsThrown" computerName="ICSWS068" duration="00:00:00.3286488" startTime="2016-08-04T10:23:38.7146959+02:00" endTime="2016-08-04T10:23:39.0453891+02:00" testType="13cdc9d9-ddb5-4fa4-a97d-d965ccfc6d4b" outcome="Passed" testListId="8c84fa94-04c1-424b-9868-57a2d4851a1d" relativeResultsDirectory="fe5a1487-6807-47ae-b9c6-3c179513e330" />
    <UnitTestResult executionId="57e35b46-5762-45e0-a4b2-b8a9be2b1439" testId="d749b82d-a261-55f7-d74f-df6a84589f6e" testName="Add_NullName_ThrowsConditionalErrorException" computerName="ICSWS068" duration="00:00:00.3478903" startTime="2016-08-04T10:23:39.0488917+02:00" endTime="2016-08-04T10:23:39.3979731+02:00" testType="13cdc9d9-ddb5-4fa4-a97d-d965ccfc6d4b" outcome="Passed" testListId="8c84fa94-04c1-424b-9868-57a2d4851a1d" relativeResultsDirectory="57e35b46-5762-45e0-a4b2-b8a9be2b1439" />
    <UnitTestResult executionId="1ed51244-fd9e-4b15-a7c4-d67946e9e67c" testId="801edf6f-24dd-590c-c92e-55aaee21723a" testName="Add_EmptyName_ThrowsStringLengthErrorException" computerName="ICSWS068" duration="00:00:00.3385683" startTime="2016-08-04T10:23:39.4014775+02:00" endTime="2016-08-04T10:23:39.7412063+02:00" testType="13cdc9d9-ddb5-4fa4-a97d-d965ccfc6d4b" outcome="Passed" testListId="8c84fa94-04c1-424b-9868-57a2d4851a1d" relativeResultsDirectory="1ed51244-fd9e-4b15-a7c4-d67946e9e67c" />
    <UnitTestResult executionId="f7150a5c-c351-4952-9388-1b3ba88b82f5" testId="bced4d5e-cac6-ffec-fc1b-ce522d0dc025" testName="Add_WhiteSpaceOnlyName_ThrowsStringLengthErrorException" computerName="ICSWS068" duration="00:00:00.3259076" startTime="2016-08-04T10:23:39.7447100+02:00" endTime="2016-08-04T10:23:40.0718731+02:00" testType="13cdc9d9-ddb5-4fa4-a97d-d965ccfc6d4b" outcome="Passed" testListId="8c84fa94-04c1-424b-9868-57a2d4851a1d" relativeResultsDirectory="f7150a5c-c351-4952-9388-1b3ba88b82f5" />
    <UnitTestResult executionId="965dd38d-7d18-49d9-891b-5e2ddb20e611" testId="9575ec04-2ec7-be56-7164-ad3b42a30655" testName="Add_TooLongName_ThrowsStringLengthErrorException" computerName="ICSWS068" duration="00:00:00.3315555" startTime="2016-08-04T10:23:40.0748581+02:00" endTime="2016-08-04T10:23:40.4075662+02:00" testType="13cdc9d9-ddb5-4fa4-a97d-d965ccfc6d4b" outcome="Passed" testListId="8c84fa94-04c1-424b-9868-57a2d4851a1d" relativeResultsDirectory="965dd38d-7d18-49d9-891b-5e2ddb20e611" />
    <UnitTestResult executionId="bcb5dc09-02f3-49b8-ad08-e50f5eb5cc85" testId="5097a6b3-d771-a80a-3665-a1cea01be6b2" testName="Add_LongDescription_Succeeds" computerName="ICSWS068" duration="00:00:00.3830910" startTime="2016-08-04T10:23:40.4105536+02:00" endTime="2016-08-04T10:23:40.7952318+02:00" testType="13cdc9d9-ddb5-4fa4-a97d-d965ccfc6d4b" outcome="Passed" testListId="8c84fa94-04c1-424b-9868-57a2d4851a1d" relativeResultsDirectory="bcb5dc09-02f3-49b8-ad08-e50f5eb5cc85" />
    <UnitTestResult executionId="41ebeeba-b392-4383-a037-a495f882163e" testId="b572c3f9-ea9e-907e-f530-3c9eaf6593df" testName="Add_ValidProperties_IdAndTimesAreUpdatedCorrectly" computerName="ICSWS068" duration="00:00:00.3370422" startTime="2016-08-04T10:23:40.7982326+02:00" endTime="2016-08-04T10:23:41.1367793+02:00" testType="13cdc9d9-ddb5-4fa4-a97d-d965ccfc6d4b" outcome="Passed" testListId="8c84fa94-04c1-424b-9868-57a2d4851a1d" relativeResultsDirectory="41ebeeba-b392-4383-a037-a495f882163e" />
    <UnitTestResult executionId="c2201194-f14e-4bf2-86ad-f426df7ffed4" testId="d41cdabd-124f-11b3-93ec-272e8e75fc57" testName="Add_ValidFromEqualsValidTo_ThrowsValidationErrorException" computerName="ICSWS068" duration="00:00:00.3679294" startTime="2016-08-04T10:23:41.1397807+02:00" endTime="2016-08-04T10:23:41.5094988+02:00" testType="13cdc9d9-ddb5-4fa4-a97d-d965ccfc6d4b" outcome="Passed" testListId="8c84fa94-04c1-424b-9868-57a2d4851a1d" relativeResultsDirectory="c2201194-f14e-4bf2-86ad-f426df7ffed4" />
    <UnitTestResult executionId="e24ab490-5dae-4708-ad4a-18427dbe49a4" testId="23a0ee5e-d3b7-d26b-5848-456d6798a5f7" testName="Add_ComplexProperties_ArePersistedCorrectly" computerName="ICSWS068" duration="00:00:00.3692781" startTime="2016-08-04T10:23:41.5124847+02:00" endTime="2016-08-04T10:23:41.8829089+02:00" testType="13cdc9d9-ddb5-4fa4-a97d-d965ccfc6d4b" outcome="Passed" testListId="8c84fa94-04c1-424b-9868-57a2d4851a1d" relativeResultsDirectory="e24ab490-5dae-4708-ad4a-18427dbe49a4" />
    <UnitTestResult executionId="e4187fe4-cbc5-40f3-8264-f695176a42d0" testId="e4e5756f-7869-dbf7-8595-320ad2a72468" testName="Add_DuplicateName_ThrowsUniqueValueAddConflictException" computerName="ICSWS068" duration="00:00:00.3407263" startTime="2016-08-04T10:23:41.8864100+02:00" endTime="2016-08-04T10:23:42.2282649+02:00" testType="13cdc9d9-ddb5-4fa4-a97d-d965ccfc6d4b" outcome="Passed" testListId="8c84fa94-04c1-424b-9868-57a2d4851a1d" relativeResultsDirectory="e4187fe4-cbc5-40f3-8264-f695176a42d0" />
    <UnitTestResult executionId="a3669e81-456f-4dc8-b2ae-36487a17ea84" testId="62729322-4f00-bf7c-e06f-9b4a0dc9d7b2" testName="Add_NoValidWeekDays_Throws" computerName="ICSWS068" duration="00:00:00.3353167" startTime="2016-08-04T10:23:42.2307681+02:00" endTime="2016-08-04T10:23:42.5681870+02:00" testType="13cdc9d9-ddb5-4fa4-a97d-d965ccfc6d4b" outcome="Passed" testListId="8c84fa94-04c1-424b-9868-57a2d4851a1d" relativeResultsDirectory="a3669e81-456f-4dc8-b2ae-36487a17ea84" />
    <UnitTestResult executionId="8940244e-c1c6-4856-84cd-dc2696710de9" testId="ec42e077-1bf1-384b-afcb-78091000741e" testName="Add_NoDaysOfMonth_Throws" computerName="ICSWS068" duration="00:00:00.3399591" startTime="2016-08-04T10:23:42.5711931+02:00" endTime="2016-08-04T10:23:42.9124092+02:00" testType="13cdc9d9-ddb5-4fa4-a97d-d965ccfc6d4b" outcome="Passed" testListId="8c84fa94-04c1-424b-9868-57a2d4851a1d" relativeResultsDirectory="8940244e-c1c6-4856-84cd-dc2696710de9" />
    <UnitTestResult executionId="ca5572cb-5b76-4e7e-9186-36deac3f2f07" testId="0f8be53c-c6ec-d78e-4dbe-34bfc3462524" testName="Add_InvalidServiceWindowForAbsoluteTimer_Throws" computerName="ICSWS068" duration="00:00:00.3742862" startTime="2016-08-04T10:23:42.9154104+02:00" endTime="2016-08-04T10:23:43.2936553+02:00" testType="13cdc9d9-ddb5-4fa4-a97d-d965ccfc6d4b" outcome="Passed" testListId="8c84fa94-04c1-424b-9868-57a2d4851a1d" relativeResultsDirectory="ca5572cb-5b76-4e7e-9186-36deac3f2f07" />
    <UnitTestResult executionId="ca16fa25-0ee6-4220-8b95-d155fc6c9528" testId="f8ab4b24-5e84-f41f-f288-ed66092c61cc" testName="Update_NullName_ThrowsConditionalErrorException" computerName="ICSWS068" duration="00:00:00.3572986" startTime="2016-08-04T10:23:43.2971578+02:00" endTime="2016-08-04T10:23:43.6556432+02:00" testType="13cdc9d9-ddb5-4fa4-a97d-d965ccfc6d4b" outcome="Passed" testListId="8c84fa94-04c1-424b-9868-57a2d4851a1d" relativeResultsDirectory="ca16fa25-0ee6-4220-8b95-d155fc6c9528" />
    <UnitTestResult executionId="142172ce-cbc7-43bd-97e5-2dacfe364c12" testId="8f1085d2-581a-71d9-2c4e-f7db97f9bc5b" testName="Update_EmtpyName_ThrowsStringLengthErrorException" computerName="ICSWS068" duration="00:00:00.3570655" startTime="2016-08-04T10:23:43.6586455+02:00" endTime="2016-08-04T10:23:44.0174969+02:00" testType="13cdc9d9-ddb5-4fa4-a97d-d965ccfc6d4b" outcome="Passed" testListId="8c84fa94-04c1-424b-9868-57a2d4851a1d" relativeResultsDirectory="142172ce-cbc7-43bd-97e5-2dacfe364c12" />
    <UnitTestResult executionId="3238045e-e53d-4b6f-81ef-ef58a9a8d4aa" testId="9514862f-97cd-6743-ec24-8afe58dcb5a9" testName="Update_WhitespaceOnlyName_ThrowsStringLengthErrorException" computerName="ICSWS068" duration="00:00:00.3404324" startTime="2016-08-04T10:23:44.0214995+02:00" endTime="2016-08-04T10:23:44.3632585+02:00" testType="13cdc9d9-ddb5-4fa4-a97d-d965ccfc6d4b" outcome="Passed" testListId="8c84fa94-04c1-424b-9868-57a2d4851a1d" relativeResultsDirectory="3238045e-e53d-4b6f-81ef-ef58a9a8d4aa" />
    <UnitTestResult executionId="0cdbbaea-faa5-41cb-a192-b7b69b79113e" testId="87fb7966-d15f-564a-3abf-8a3fca677ebb" testName="Update_TooLongName_ThrowsStringLengthErrorException" computerName="ICSWS068" duration="00:00:00.3261427" startTime="2016-08-04T10:23:44.3667625+02:00" endTime="2016-08-04T10:23:44.6943420+02:00" testType="13cdc9d9-ddb5-4fa4-a97d-d965ccfc6d4b" outcome="Passed" testListId="8c84fa94-04c1-424b-9868-57a2d4851a1d" relativeResultsDirectory="0cdbbaea-faa5-41cb-a192-b7b69b79113e" />
    <UnitTestResult executionId="d8ac6533-f3a4-41f7-9b5a-d640aecb5322" testId="4ba91838-984f-bf8a-3c6c-73d40973f338" testName="Update_LongDescription_Succeeds" computerName="ICSWS068" duration="00:00:00.3431230" startTime="2016-08-04T10:23:44.6968607+02:00" endTime="2016-08-04T10:23:45.0415830+02:00" testType="13cdc9d9-ddb5-4fa4-a97d-d965ccfc6d4b" outcome="Passed" testListId="8c84fa94-04c1-424b-9868-57a2d4851a1d" relativeResultsDirectory="d8ac6533-f3a4-41f7-9b5a-d640aecb5322" />
    <UnitTestResult executionId="51484c0a-1922-4bd9-b068-b337f86cbe4a" testId="814a9a3f-b73f-8fe7-f227-b03a5d336ecd" testName="Update_DuplicateName_ThrowsUniqueValueAddConflictException" computerName="ICSWS068" duration="00:00:00.3720384" startTime="2016-08-04T10:23:45.0445859+02:00" endTime="2016-08-04T10:23:45.4186176+02:00" testType="13cdc9d9-ddb5-4fa4-a97d-d965ccfc6d4b" outcome="Passed" testListId="8c84fa94-04c1-424b-9868-57a2d4851a1d" relativeResultsDirectory="51484c0a-1922-4bd9-b068-b337f86cbe4a" />
    <UnitTestResult executionId="4f2686c5-7fb0-4bf1-8231-d2c075a0e9da" testId="09e258dd-e920-f01f-1285-f194cceea820" testName="Update_ComplexProperties_ArePersistedCorrectly" computerName="ICSWS068" duration="00:00:00.3632451" startTime="2016-08-04T10:23:45.4246225+02:00" endTime="2016-08-04T10:23:45.7897770+02:00" testType="13cdc9d9-ddb5-4fa4-a97d-d965ccfc6d4b" outcome="Passed" testListId="8c84fa94-04c1-424b-9868-57a2d4851a1d" relativeResultsDirectory="4f2686c5-7fb0-4bf1-8231-d2c075a0e9da" />
    <UnitTestResult executionId="29065dd7-d9b4-4aef-9f94-7def530ddb8a" testId="666392e9-de33-f2a7-6d3d-7b29a8fb136d" testName="Update_UnchangedName_Succeeds" computerName="ICSWS068" duration="00:00:00.3731419" startTime="2016-08-04T10:23:45.7932793+02:00" endTime="2016-08-04T10:23:46.1678680+02:00" testType="13cdc9d9-ddb5-4fa4-a97d-d965ccfc6d4b" outcome="Passed" testListId="8c84fa94-04c1-424b-9868-57a2d4851a1d" relativeResultsDirectory="29065dd7-d9b4-4aef-9f94-7def530ddb8a" />
    <UnitTestResult executionId="2fc12f6b-4e80-4370-95f5-99a2cb895f00" testId="866ecfac-1236-293f-96fd-cf6d82a91325" testName="Update_TimerEventsAdded_TimerEventsArePersistedCorrectly" computerName="ICSWS068" duration="00:00:00.3661198" startTime="2016-08-04T10:23:46.1728717+02:00" endTime="2016-08-04T10:23:46.5405018+02:00" testType="13cdc9d9-ddb5-4fa4-a97d-d965ccfc6d4b" outcome="Passed" testListId="8c84fa94-04c1-424b-9868-57a2d4851a1d" relativeResultsDirectory="2fc12f6b-4e80-4370-95f5-99a2cb895f00" />
    <UnitTestResult executionId="013bafff-918a-4716-9a16-0f3a20874e9d" testId="36c15edd-1de0-9fb0-8f3f-a4517fa36b94" testName="Update_TimerEventsAdded_LastModifiedTimeUpdatedCorrectly" computerName="ICSWS068" duration="00:00:00.8781242" startTime="2016-08-04T10:23:46.5445047+02:00" endTime="2016-08-04T10:23:47.4242093+02:00" testType="13cdc9d9-ddb5-4fa4-a97d-d965ccfc6d4b" outcome="Passed" testListId="8c84fa94-04c1-424b-9868-57a2d4851a1d" relativeResultsDirectory="013bafff-918a-4716-9a16-0f3a20874e9d" />
    <UnitTestResult executionId="cbf9845f-fec2-4d53-ad76-cc1c03748b2c" testId="616aebde-1c0f-2051-3c10-64f5b2f99e58" testName="DeleteExistingTimer_SuccessfullyDeletesTimer" computerName="ICSWS068" duration="00:00:00.3661720" startTime="2016-08-04T10:23:47.4272113+02:00" endTime="2016-08-04T10:23:47.7953024+02:00" testType="13cdc9d9-ddb5-4fa4-a97d-d965ccfc6d4b" outcome="Passed" testListId="8c84fa94-04c1-424b-9868-57a2d4851a1d" relativeResultsDirectory="cbf9845f-fec2-4d53-ad76-cc1c03748b2c" />
    <UnitTestResult executionId="a2fdc119-6279-44c8-8a54-a17ffb9e1d18" testId="7fcc33f7-8623-8794-18e3-c37e91315504" testName="RepositoryEntityTypeId_ReturnsScript" computerName="ICSWS068" duration="00:00:00.3807966" startTime="2016-08-04T10:23:47.7978036+02:00" endTime="2016-08-04T10:23:48.1806889+02:00" testType="13cdc9d9-ddb5-4fa4-a97d-d965ccfc6d4b" outcome="Passed" testListId="8c84fa94-04c1-424b-9868-57a2d4851a1d" relativeResultsDirectory="a2fdc119-6279-44c8-8a54-a17ffb9e1d18" />
    <UnitTestResult executionId="c50e46fc-cf72-4df6-9915-7d1a8e62c594" testId="c0c2ca34-c3ae-4f79-da6b-4c3e0528cd32" testName="RepositoryEntityType_ReturnsIScript" computerName="ICSWS068" duration="00:00:00.3244762" startTime="2016-08-04T10:23:48.1836911+02:00" endTime="2016-08-04T10:23:48.5099360+02:00" testType="13cdc9d9-ddb5-4fa4-a97d-d965ccfc6d4b" outcome="Passed" testListId="8c84fa94-04c1-424b-9868-57a2d4851a1d" relativeResultsDirectory="c50e46fc-cf72-4df6-9915-7d1a8e62c594" />
    <UnitTestResult executionId="f81eb2cc-c731-4cf8-aff4-38edd06bdcb6" testId="0a2382a6-ca03-275f-4d19-d0a4ee735df4" testName="RepositorySystemContext_MatchesActualSystemContext" computerName="ICSWS068" duration="00:00:00.3490618" startTime="2016-08-04T10:23:48.5126137+02:00" endTime="2016-08-04T10:23:48.8630679+02:00" testType="13cdc9d9-ddb5-4fa4-a97d-d965ccfc6d4b" outcome="Passed" testListId="8c84fa94-04c1-424b-9868-57a2d4851a1d" relativeResultsDirectory="f81eb2cc-c731-4cf8-aff4-38edd06bdcb6" />
    <UnitTestResult executionId="e7087f1c-c3c2-4d74-ab9b-d050923a0185" testId="be6abb59-5c2e-4b10-aa8b-0bcc979d64d4" testName="Exists_KnownScriptKey_ReturnsTrue (Data Row 0)" computerName="ICSWS068" duration="00:00:00.3653588" startTime="2016-08-04T08:23:48.8860895+02:00" endTime="2016-08-04T08:23:49.2513181+02:00" testType="13cdc9d9-ddb5-4fa4-a97d-d965ccfc6d4b" outcome="Passed" testListId="8c84fa94-04c1-424b-9868-57a2d4851a1d" relativeResultsDirectory="e7087f1c-c3c2-4d74-ab9b-d050923a0185" />
    <UnitTestResult executionId="ff32cfe9-a01e-4452-bb80-ab9d38a55519" testId="77d7e317-04a7-4daf-9834-a9f560043cf5" testName="Exists_KnownScriptKey_ReturnsTrue (Data Row 1)" computerName="ICSWS068" duration="00:00:00.4043544" startTime="2016-08-04T08:23:49.2513181+02:00" endTime="2016-08-04T08:23:49.6560517+02:00" testType="13cdc9d9-ddb5-4fa4-a97d-d965ccfc6d4b" outcome="Passed" testListId="8c84fa94-04c1-424b-9868-57a2d4851a1d" relativeResultsDirectory="ff32cfe9-a01e-4452-bb80-ab9d38a55519" />
    <UnitTestResult executionId="14187eac-2fc7-4a3e-8e02-4d0c27be1833" testId="4d6f5858-67b4-4e83-83ee-61cd9e700b4e" testName="Exists_KnownScriptKey_ReturnsTrue (Data Row 2)" computerName="ICSWS068" duration="00:00:00.3430576" startTime="2016-08-04T08:23:49.6560517+02:00" endTime="2016-08-04T08:23:49.9989427+02:00" testType="13cdc9d9-ddb5-4fa4-a97d-d965ccfc6d4b" outcome="Passed" testListId="8c84fa94-04c1-424b-9868-57a2d4851a1d" relativeResultsDirectory="14187eac-2fc7-4a3e-8e02-4d0c27be1833" />
    <UnitTestResult executionId="d1725461-8df0-4f74-aee8-888e5b842f05" testId="014f07d8-8ed4-4a29-961c-d3ef637631c5" testName="Exists_KnownScriptKey_ReturnsTrue (Data Row 3)" computerName="ICSWS068" duration="00:00:00.3533644" startTime="2016-08-04T08:23:49.9989427+02:00" endTime="2016-08-04T08:23:50.3524229+02:00" testType="13cdc9d9-ddb5-4fa4-a97d-d965ccfc6d4b" outcome="Passed" testListId="8c84fa94-04c1-424b-9868-57a2d4851a1d" relativeResultsDirectory="d1725461-8df0-4f74-aee8-888e5b842f05" />
    <UnitTestResult executionId="231fd492-fb43-4435-a5b5-bcedc5c537a5" testId="3861cb62-622e-4d8b-aae0-3c6f08bef9a5" testName="Exists_KnownScriptKey_ReturnsTrue (Data Row 4)" computerName="ICSWS068" duration="00:00:00.3367434" startTime="2016-08-04T08:23:50.3524229+02:00" endTime="2016-08-04T08:23:50.6889890+02:00" testType="13cdc9d9-ddb5-4fa4-a97d-d965ccfc6d4b" outcome="Passed" testListId="8c84fa94-04c1-424b-9868-57a2d4851a1d" relativeResultsDirectory="231fd492-fb43-4435-a5b5-bcedc5c537a5" />
    <UnitTestResult executionId="f2bd6d4a-5501-4dcb-82c6-95d17dd74c62" testId="177074b8-7c21-411d-8120-160213115082" testName="Exists_KnownScriptKey_ReturnsTrue (Data Row 5)" computerName="ICSWS068" duration="00:00:00.3316690" startTime="2016-08-04T08:23:50.6889890+02:00" endTime="2016-08-04T08:23:51.0201901+02:00" testType="13cdc9d9-ddb5-4fa4-a97d-d965ccfc6d4b" outcome="Passed" testListId="8c84fa94-04c1-424b-9868-57a2d4851a1d" relativeResultsDirectory="f2bd6d4a-5501-4dcb-82c6-95d17dd74c62" />
    <UnitTestResult executionId="aeb29ad8-637a-43cd-83b6-3281389c6fd6" testId="3648110e-c336-4f72-a46b-37f98193bd32" testName="Exists_KnownScriptKey_ReturnsTrue (Data Row 6)" computerName="ICSWS068" duration="00:00:00.3326276" startTime="2016-08-04T08:23:51.0201901+02:00" endTime="2016-08-04T08:23:51.3534358+02:00" testType="13cdc9d9-ddb5-4fa4-a97d-d965ccfc6d4b" outcome="Passed" testListId="8c84fa94-04c1-424b-9868-57a2d4851a1d" relativeResultsDirectory="aeb29ad8-637a-43cd-83b6-3281389c6fd6" />
    <UnitTestResult executionId="701a0453-9418-43a8-8ef5-6471cc738bee" testId="398e0515-41a7-4058-8095-106c945b5202" testName="Exists_KnownScriptKey_ReturnsTrue (Data Row 7)" computerName="ICSWS068" duration="00:00:00.3312634" startTime="2016-08-04T08:23:51.3534358+02:00" endTime="2016-08-04T08:23:51.6846674+02:00" testType="13cdc9d9-ddb5-4fa4-a97d-d965ccfc6d4b" outcome="Passed" testListId="8c84fa94-04c1-424b-9868-57a2d4851a1d" relativeResultsDirectory="701a0453-9418-43a8-8ef5-6471cc738bee" />
    <UnitTestResult executionId="85a53504-48a2-408d-a4a9-4135314701c5" testId="d2e9805e-a7fb-4ace-9880-e0da81728d0a" testName="Exists_KnownScriptKey_ReturnsTrue (Data Row 8)" computerName="ICSWS068" duration="00:00:00.3251152" startTime="2016-08-04T08:23:51.6846674+02:00" endTime="2016-08-04T08:23:52.0098519+02:00" testType="13cdc9d9-ddb5-4fa4-a97d-d965ccfc6d4b" outcome="Passed" testListId="8c84fa94-04c1-424b-9868-57a2d4851a1d" relativeResultsDirectory="85a53504-48a2-408d-a4a9-4135314701c5" />
    <UnitTestResult executionId="512f36b7-6dcb-4022-af37-5a099b6c11b7" testId="aed1fdf4-4778-8efd-52ab-6283c493706d" testName="Exists_NonExistingScriptKey_ReturnsFalse" computerName="ICSWS068" duration="00:00:00.3349455" startTime="2016-08-04T10:23:52.0133545+02:00" endTime="2016-08-04T10:23:52.3496338+02:00" testType="13cdc9d9-ddb5-4fa4-a97d-d965ccfc6d4b" outcome="Passed" testListId="8c84fa94-04c1-424b-9868-57a2d4851a1d" relativeResultsDirectory="512f36b7-6dcb-4022-af37-5a099b6c11b7" />
    <UnitTestResult executionId="916c35cb-166f-4aa3-b6df-27bd6205a986" testId="3cd627d3-8a57-4d64-a5b2-89900c6b657a" testName="ExistsByName_KnownScriptName_ReturnsTrue (Data Row 0)" computerName="ICSWS068" duration="00:00:00.3241047" startTime="2016-08-04T08:23:52.3551202+02:00" endTime="2016-08-04T08:23:52.6792003+02:00" testType="13cdc9d9-ddb5-4fa4-a97d-d965ccfc6d4b" outcome="Passed" testListId="8c84fa94-04c1-424b-9868-57a2d4851a1d" relativeResultsDirectory="916c35cb-166f-4aa3-b6df-27bd6205a986" />
    <UnitTestResult executionId="16489e30-f632-4d3f-bbed-36d46b7afa39" testId="c9ad4b9b-e08e-42bc-a57c-a5808836ba0e" testName="ExistsByName_KnownScriptName_ReturnsTrue (Data Row 1)" computerName="ICSWS068" duration="00:00:00.3459731" startTime="2016-08-04T08:23:52.6792003+02:00" endTime="2016-08-04T08:23:53.0253953+02:00" testType="13cdc9d9-ddb5-4fa4-a97d-d965ccfc6d4b" outcome="Passed" testListId="8c84fa94-04c1-424b-9868-57a2d4851a1d" relativeResultsDirectory="16489e30-f632-4d3f-bbed-36d46b7afa39" />
    <UnitTestResult executionId="870b24ee-12d1-4e0a-a306-e5936c62d107" testId="4fcfb9cc-f663-4ae9-99f4-f783342775b3" testName="ExistsByName_KnownScriptName_ReturnsTrue (Data Row 2)" computerName="ICSWS068" duration="00:00:00.3292239" startTime="2016-08-04T08:23:53.0253953+02:00" endTime="2016-08-04T08:23:53.3546841+02:00" testType="13cdc9d9-ddb5-4fa4-a97d-d965ccfc6d4b" outcome="Passed" testListId="8c84fa94-04c1-424b-9868-57a2d4851a1d" relativeResultsDirectory="870b24ee-12d1-4e0a-a306-e5936c62d107" />
    <UnitTestResult executionId="591b6fc5-704d-4830-810a-6a105f28c64a" testId="2ffeacbb-3ce0-4a2b-9b5e-5e1c79a3f5b3" testName="ExistsByName_KnownScriptName_ReturnsTrue (Data Row 3)" computerName="ICSWS068" duration="00:00:00.3348390" startTime="2016-08-04T08:23:53.3546841+02:00" endTime="2016-08-04T08:23:53.6893764+02:00" testType="13cdc9d9-ddb5-4fa4-a97d-d965ccfc6d4b" outcome="Passed" testListId="8c84fa94-04c1-424b-9868-57a2d4851a1d" relativeResultsDirectory="591b6fc5-704d-4830-810a-6a105f28c64a" />
    <UnitTestResult executionId="b8385f72-ed08-4ec8-909c-69b28870df7e" testId="ebf93561-df11-4f76-a229-0084069de07d" testName="ExistsByName_KnownScriptName_ReturnsTrue (Data Row 4)" computerName="ICSWS068" duration="00:00:00.3400421" startTime="2016-08-04T08:23:53.6893764+02:00" endTime="2016-08-04T08:23:54.0293911+02:00" testType="13cdc9d9-ddb5-4fa4-a97d-d965ccfc6d4b" outcome="Passed" testListId="8c84fa94-04c1-424b-9868-57a2d4851a1d" relativeResultsDirectory="b8385f72-ed08-4ec8-909c-69b28870df7e" />
    <UnitTestResult executionId="4216fa34-e194-41fa-bb35-af0943b27ed5" testId="ab76923b-8829-4ed3-a7ed-629a185b4bab" testName="ExistsByName_KnownScriptName_ReturnsTrue (Data Row 5)" computerName="ICSWS068" duration="00:00:00.3655726" startTime="2016-08-04T08:23:54.0293911+02:00" endTime="2016-08-04T08:23:54.3952116+02:00" testType="13cdc9d9-ddb5-4fa4-a97d-d965ccfc6d4b" outcome="Passed" testListId="8c84fa94-04c1-424b-9868-57a2d4851a1d" relativeResultsDirectory="4216fa34-e194-41fa-bb35-af0943b27ed5" />
    <UnitTestResult executionId="687d7765-a42b-4363-9ee4-f0ad2d5b29cb" testId="9ae5c53a-d2b1-43fd-af83-2aa4e933f986" testName="ExistsByName_KnownScriptName_ReturnsTrue (Data Row 6)" computerName="ICSWS068" duration="00:00:00.3210220" startTime="2016-08-04T08:23:54.3952116+02:00" endTime="2016-08-04T08:23:54.7158941+02:00" testType="13cdc9d9-ddb5-4fa4-a97d-d965ccfc6d4b" outcome="Passed" testListId="8c84fa94-04c1-424b-9868-57a2d4851a1d" relativeResultsDirectory="687d7765-a42b-4363-9ee4-f0ad2d5b29cb" />
    <UnitTestResult executionId="67011d24-0055-4db3-902b-c89f5663aa8d" testId="c5929298-2ded-4587-a2f8-e07a83ecda43" testName="ExistsByName_KnownScriptName_ReturnsTrue (Data Row 7)" computerName="ICSWS068" duration="00:00:00.3501284" startTime="2016-08-04T08:23:54.7158941+02:00" endTime="2016-08-04T08:23:55.0663682+02:00" testType="13cdc9d9-ddb5-4fa4-a97d-d965ccfc6d4b" outcome="Passed" testListId="8c84fa94-04c1-424b-9868-57a2d4851a1d" relativeResultsDirectory="67011d24-0055-4db3-902b-c89f5663aa8d" />
    <UnitTestResult executionId="452307db-2809-4cb9-b035-776812ffa4d1" testId="e09567d3-b88f-4b0f-8d7c-2dbc5609a83c" testName="ExistsByName_KnownScriptName_ReturnsTrue (Data Row 8)" computerName="ICSWS068" duration="00:00:00.3234877" startTime="2016-08-04T08:23:55.0663682+02:00" endTime="2016-08-04T08:23:55.3894856+02:00" testType="13cdc9d9-ddb5-4fa4-a97d-d965ccfc6d4b" outcome="Passed" testListId="8c84fa94-04c1-424b-9868-57a2d4851a1d" relativeResultsDirectory="452307db-2809-4cb9-b035-776812ffa4d1" />
    <UnitTestResult executionId="e407622a-c9f9-43c0-b5e1-ef66475d74da" testId="adff13a4-403f-6fb4-ff06-a11bec3cead5" testName="ExistsByName_NonExistingScriptName_ReturnsFalse" computerName="ICSWS068" duration="00:00:00.3337830" startTime="2016-08-04T10:23:55.3949925+02:00" endTime="2016-08-04T10:23:55.7303774+02:00" testType="13cdc9d9-ddb5-4fa4-a97d-d965ccfc6d4b" outcome="Passed" testListId="8c84fa94-04c1-424b-9868-57a2d4851a1d" relativeResultsDirectory="e407622a-c9f9-43c0-b5e1-ef66475d74da" />
    <UnitTestResult executionId="f841bd74-99f5-403a-9e75-c93ea142f572" testId="9c803465-7896-f4ae-660d-91455b4df83e" testName="CreateInstance_ThrowsNotSupportedException" computerName="ICSWS068" duration="00:00:00.3283867" startTime="2016-08-04T10:23:55.7344818+02:00" endTime="2016-08-04T10:23:56.0639891+02:00" testType="13cdc9d9-ddb5-4fa4-a97d-d965ccfc6d4b" outcome="Passed" testListId="8c84fa94-04c1-424b-9868-57a2d4851a1d" relativeResultsDirectory="f841bd74-99f5-403a-9e75-c93ea142f572" />
    <UnitTestResult executionId="31f263d3-b7c5-475f-9639-7f4c2a1daab8" testId="29592728-1381-4725-bcdc-cfaf435dd555" testName="List_ContainsEachKnownScriptOnce (Data Row 0)" computerName="ICSWS068" duration="00:00:00.3648530" startTime="2016-08-04T08:23:56.0694793+02:00" endTime="2016-08-04T08:23:56.4340916+02:00" testType="13cdc9d9-ddb5-4fa4-a97d-d965ccfc6d4b" outcome="Passed" testListId="8c84fa94-04c1-424b-9868-57a2d4851a1d" relativeResultsDirectory="31f263d3-b7c5-475f-9639-7f4c2a1daab8" />
    <UnitTestResult executionId="57e876b2-5902-4276-ac0f-1e3a86d4f5c5" testId="da424f2c-8aef-46b4-b8c6-1cc863fbdf2a" testName="List_ContainsEachKnownScriptOnce (Data Row 1)" computerName="ICSWS068" duration="00:00:00.3273829" startTime="2016-08-04T08:23:56.4340916+02:00" endTime="2016-08-04T08:23:56.7617130+02:00" testType="13cdc9d9-ddb5-4fa4-a97d-d965ccfc6d4b" outcome="Passed" testListId="8c84fa94-04c1-424b-9868-57a2d4851a1d" relativeResultsDirectory="57e876b2-5902-4276-ac0f-1e3a86d4f5c5" />
    <UnitTestResult executionId="520078f7-5c2c-4be8-a30a-f20aa28c3e0d" testId="628d5825-01b6-4404-9a1e-9a0b7f10fb0b" testName="List_ContainsEachKnownScriptOnce (Data Row 2)" computerName="ICSWS068" duration="00:00:00.3300506" startTime="2016-08-04T08:23:56.7617130+02:00" endTime="2016-08-04T08:23:57.0918745+02:00" testType="13cdc9d9-ddb5-4fa4-a97d-d965ccfc6d4b" outcome="Passed" testListId="8c84fa94-04c1-424b-9868-57a2d4851a1d" relativeResultsDirectory="520078f7-5c2c-4be8-a30a-f20aa28c3e0d" />
    <UnitTestResult executionId="b9a970d8-7338-4ff7-8d1f-56f3ea76d112" testId="1c39d733-688c-4e6c-8966-2af11cc38647" testName="List_ContainsEachKnownScriptOnce (Data Row 3)" computerName="ICSWS068" duration="00:00:00.3373240" startTime="2016-08-04T08:23:57.0918745+02:00" endTime="2016-08-04T08:23:57.4288917+02:00" testType="13cdc9d9-ddb5-4fa4-a97d-d965ccfc6d4b" outcome="Passed" testListId="8c84fa94-04c1-424b-9868-57a2d4851a1d" relativeResultsDirectory="b9a970d8-7338-4ff7-8d1f-56f3ea76d112" />
    <UnitTestResult executionId="b1f28d3d-0eb6-49d8-a5d7-2944808b4c07" testId="c378756a-c9f5-486c-b9c4-a5e916e7f481" testName="List_ContainsEachKnownScriptOnce (Data Row 4)" computerName="ICSWS068" duration="00:00:00.4068857" startTime="2016-08-04T08:23:57.4288917+02:00" endTime="2016-08-04T08:23:57.8360733+02:00" testType="13cdc9d9-ddb5-4fa4-a97d-d965ccfc6d4b" outcome="Passed" testListId="8c84fa94-04c1-424b-9868-57a2d4851a1d" relativeResultsDirectory="b1f28d3d-0eb6-49d8-a5d7-2944808b4c07" />
    <UnitTestResult executionId="9b1d274e-90ff-4434-9490-e12b1f67d190" testId="3d383aa5-10fa-43a9-9adf-575ac2f894cb" testName="List_ContainsEachKnownScriptOnce (Data Row 5)" computerName="ICSWS068" duration="00:00:00.3785840" startTime="2016-08-04T08:23:57.8360733+02:00" endTime="2016-08-04T08:23:58.2145337+02:00" testType="13cdc9d9-ddb5-4fa4-a97d-d965ccfc6d4b" outcome="Passed" testListId="8c84fa94-04c1-424b-9868-57a2d4851a1d" relativeResultsDirectory="9b1d274e-90ff-4434-9490-e12b1f67d190" />
    <UnitTestResult executionId="819d9f98-68e1-4af6-affa-40a5f366c9f6" testId="c33a511c-3d61-4881-a05c-af07fc8798fe" testName="List_ContainsEachKnownScriptOnce (Data Row 6)" computerName="ICSWS068" duration="00:00:00.3529298" startTime="2016-08-04T08:23:58.2145337+02:00" endTime="2016-08-04T08:23:58.5676958+02:00" testType="13cdc9d9-ddb5-4fa4-a97d-d965ccfc6d4b" outcome="Passed" testListId="8c84fa94-04c1-424b-9868-57a2d4851a1d" relativeResultsDirectory="819d9f98-68e1-4af6-affa-40a5f366c9f6" />
    <UnitTestResult executionId="5cd57297-cc5a-459a-9ea9-90149cce10ce" testId="55663fbc-26a7-446f-9bcc-729b56067b24" testName="List_ContainsEachKnownScriptOnce (Data Row 7)" computerName="ICSWS068" duration="00:00:00.3833077" startTime="2016-08-04T08:23:58.5676958+02:00" endTime="2016-08-04T08:23:58.9509734+02:00" testType="13cdc9d9-ddb5-4fa4-a97d-d965ccfc6d4b" outcome="Passed" testListId="8c84fa94-04c1-424b-9868-57a2d4851a1d" relativeResultsDirectory="5cd57297-cc5a-459a-9ea9-90149cce10ce" />
    <UnitTestResult executionId="fa8c4049-2517-488e-bb4c-bde3e2cbe2b0" testId="b718339b-5880-4c98-af93-840a1f9c4f98" testName="List_ContainsEachKnownScriptOnce (Data Row 8)" computerName="ICSWS068" duration="00:00:00.3590126" startTime="2016-08-04T08:23:58.9509734+02:00" endTime="2016-08-04T08:23:59.3097427+02:00" testType="13cdc9d9-ddb5-4fa4-a97d-d965ccfc6d4b" outcome="Passed" testListId="8c84fa94-04c1-424b-9868-57a2d4851a1d" relativeResultsDirectory="fa8c4049-2517-488e-bb4c-bde3e2cbe2b0" />
    <UnitTestResult executionId="4866488b-73fa-4030-961e-5f44225f3b9d" testId="4e0cdfda-3db8-0574-9973-e24c7b5c674f" testName="List_ShouldSetSystemContextCorrectly" computerName="ICSWS068" duration="00:00:00.3600774" startTime="2016-08-04T10:23:59.3142455+02:00" endTime="2016-08-04T10:23:59.6761924+02:00" testType="13cdc9d9-ddb5-4fa4-a97d-d965ccfc6d4b" outcome="Passed" testListId="8c84fa94-04c1-424b-9868-57a2d4851a1d" relativeResultsDirectory="4866488b-73fa-4030-961e-5f44225f3b9d" />
    <UnitTestResult executionId="e51fb06f-2f24-4ba6-8dab-cfb7cc5c523e" testId="615deaac-6e7f-46a4-9155-5261fb3da6ca" testName="GetSystemInternalByLocalId_ExistingScript_ReturnsCorrectValue (Data Row 0)" computerName="ICSWS068" duration="00:00:00.3660805" startTime="2016-08-04T08:23:59.6816965+02:00" endTime="2016-08-04T08:24:00.0481196+02:00" testType="13cdc9d9-ddb5-4fa4-a97d-d965ccfc6d4b" outcome="Passed" testListId="8c84fa94-04c1-424b-9868-57a2d4851a1d" relativeResultsDirectory="e51fb06f-2f24-4ba6-8dab-cfb7cc5c523e" />
    <UnitTestResult executionId="1c3c675d-693e-4946-8350-a33d5b0cb71c" testId="c7ea17cd-d066-4971-9f79-c7e9db816511" testName="GetSystemInternalByLocalId_ExistingScript_ReturnsCorrectValue (Data Row 1)" computerName="ICSWS068" duration="00:00:00.3721496" startTime="2016-08-04T08:24:00.0481196+02:00" endTime="2016-08-04T08:24:00.4200018+02:00" testType="13cdc9d9-ddb5-4fa4-a97d-d965ccfc6d4b" outcome="Passed" testListId="8c84fa94-04c1-424b-9868-57a2d4851a1d" relativeResultsDirectory="1c3c675d-693e-4946-8350-a33d5b0cb71c" />
    <UnitTestResult executionId="7d2d7557-1eef-4fee-a9af-1fc37c740525" testId="03924c54-9a32-4cca-9b40-09ebbbfadd25" testName="GetSystemInternalByLocalId_ExistingScript_ReturnsCorrectValue (Data Row 2)" computerName="ICSWS068" duration="00:00:00.3199916" startTime="2016-08-04T08:24:00.4200018+02:00" endTime="2016-08-04T08:24:00.7402796+02:00" testType="13cdc9d9-ddb5-4fa4-a97d-d965ccfc6d4b" outcome="Passed" testListId="8c84fa94-04c1-424b-9868-57a2d4851a1d" relativeResultsDirectory="7d2d7557-1eef-4fee-a9af-1fc37c740525" />
    <UnitTestResult executionId="cdc0d9a0-fac2-4b34-b35b-3d26453864e0" testId="559cf067-7c26-4f63-ba48-2ad3abd7794c" testName="GetSystemInternalByLocalId_ExistingScript_ReturnsCorrectValue (Data Row 3)" computerName="ICSWS068" duration="00:00:00.3426300" startTime="2016-08-04T08:24:00.7402796+02:00" endTime="2016-08-04T08:24:01.0828990+02:00" testType="13cdc9d9-ddb5-4fa4-a97d-d965ccfc6d4b" outcome="Passed" testListId="8c84fa94-04c1-424b-9868-57a2d4851a1d" relativeResultsDirectory="cdc0d9a0-fac2-4b34-b35b-3d26453864e0" />
    <UnitTestResult executionId="72a17240-4f75-4963-9c7b-4fd64f5a925e" testId="9c6a3074-1937-4b70-bc86-b90e5ff48071" testName="GetSystemInternalByLocalId_ExistingScript_ReturnsCorrectValue (Data Row 4)" computerName="ICSWS068" duration="00:00:00.3804215" startTime="2016-08-04T08:24:01.0828990+02:00" endTime="2016-08-04T08:24:01.4633993+02:00" testType="13cdc9d9-ddb5-4fa4-a97d-d965ccfc6d4b" outcome="Passed" testListId="8c84fa94-04c1-424b-9868-57a2d4851a1d" relativeResultsDirectory="72a17240-4f75-4963-9c7b-4fd64f5a925e" />
    <UnitTestResult executionId="11491ef8-322e-494b-b751-8270bd303c08" testId="315629e2-ca10-4b6d-a350-76af9a8d9a1a" testName="GetSystemInternalByLocalId_ExistingScript_ReturnsCorrectValue (Data Row 5)" computerName="ICSWS068" duration="00:00:00.4575329" startTime="2016-08-04T08:24:01.4633993+02:00" endTime="2016-08-04T08:24:01.9207264+02:00" testType="13cdc9d9-ddb5-4fa4-a97d-d965ccfc6d4b" outcome="Passed" testListId="8c84fa94-04c1-424b-9868-57a2d4851a1d" relativeResultsDirectory="11491ef8-322e-494b-b751-8270bd303c08" />
    <UnitTestResult executionId="3d819291-7f93-4384-ae45-2929afd7a515" testId="1e0baf41-a22f-4e89-8016-dfd7baa1e07a" testName="GetSystemInternalByLocalId_ExistingScript_ReturnsCorrectValue (Data Row 6)" computerName="ICSWS068" duration="00:00:00.4579435" startTime="2016-08-04T08:24:01.9207264+02:00" endTime="2016-08-04T08:24:02.3785585+02:00" testType="13cdc9d9-ddb5-4fa4-a97d-d965ccfc6d4b" outcome="Passed" testListId="8c84fa94-04c1-424b-9868-57a2d4851a1d" relativeResultsDirectory="3d819291-7f93-4384-ae45-2929afd7a515" />
    <UnitTestResult executionId="e4586163-b5b3-4201-b269-c40b9add0313" testId="2e998064-f809-41f6-9d28-ce82e900f107" testName="GetSystemInternalByLocalId_ExistingScript_ReturnsCorrectValue (Data Row 7)" computerName="ICSWS068" duration="00:00:00.3591399" startTime="2016-08-04T08:24:02.3785585+02:00" endTime="2016-08-04T08:24:02.7378451+02:00" testType="13cdc9d9-ddb5-4fa4-a97d-d965ccfc6d4b" outcome="Passed" testListId="8c84fa94-04c1-424b-9868-57a2d4851a1d" relativeResultsDirectory="e4586163-b5b3-4201-b269-c40b9add0313" />
    <UnitTestResult executionId="62c5dee9-6719-4dbe-a2b0-7a09f1b37805" testId="b04bb143-cba3-4c4b-a050-c022b8cbe669" testName="GetSystemInternalByLocalId_ExistingScript_ReturnsCorrectValue (Data Row 8)" computerName="ICSWS068" duration="00:00:00.3841824" startTime="2016-08-04T08:24:02.7378451+02:00" endTime="2016-08-04T08:24:03.1218951+02:00" testType="13cdc9d9-ddb5-4fa4-a97d-d965ccfc6d4b" outcome="Passed" testListId="8c84fa94-04c1-424b-9868-57a2d4851a1d" relativeResultsDirectory="62c5dee9-6719-4dbe-a2b0-7a09f1b37805" />
    <UnitTestResult executionId="ccb80eb9-5ff0-4ee8-afba-47c366fe0bf9" testId="74936087-29f7-4958-979d-c4e150e254aa" testName="GetSystemInternalByLocalId_NonExistingScript_ThrowsEntityNotFoundException (Data Row 0)" computerName="ICSWS068" duration="00:00:00.3981680" startTime="2016-08-04T08:24:03.1324023+02:00" endTime="2016-08-04T08:24:03.5306873+02:00" testType="13cdc9d9-ddb5-4fa4-a97d-d965ccfc6d4b" outcome="Passed" testListId="8c84fa94-04c1-424b-9868-57a2d4851a1d" relativeResultsDirectory="ccb80eb9-5ff0-4ee8-afba-47c366fe0bf9" />
    <UnitTestResult executionId="578a091f-998d-43c6-83a4-57f164ea0b9b" testId="7c0eed88-50d9-4afc-84ba-dbb477452e68" testName="GetSystemInternalByLocalId_NonExistingScript_ThrowsEntityNotFoundException (Data Row 1)" computerName="ICSWS068" duration="00:00:00.3937485" startTime="2016-08-04T08:24:03.5306873+02:00" endTime="2016-08-04T08:24:03.9244689+02:00" testType="13cdc9d9-ddb5-4fa4-a97d-d965ccfc6d4b" outcome="Passed" testListId="8c84fa94-04c1-424b-9868-57a2d4851a1d" relativeResultsDirectory="578a091f-998d-43c6-83a4-57f164ea0b9b" />
    <UnitTestResult executionId="f5926c76-3895-43b6-bf57-5d1cd6eb106c" testId="fce5dc32-6ddd-4bc4-a601-74dbb4d32fe4" testName="GetSystemInternalByLocalId_NonExistingScript_ThrowsEntityNotFoundException (Data Row 2)" computerName="ICSWS068" duration="00:00:00.4347009" startTime="2016-08-04T08:24:03.9244689+02:00" endTime="2016-08-04T08:24:04.3592838+02:00" testType="13cdc9d9-ddb5-4fa4-a97d-d965ccfc6d4b" outcome="Passed" testListId="8c84fa94-04c1-424b-9868-57a2d4851a1d" relativeResultsDirectory="f5926c76-3895-43b6-bf57-5d1cd6eb106c" />
    <UnitTestResult executionId="70922535-4845-4218-825f-2ba7a5c6da6c" testId="73e81580-c2fa-4b57-a174-7d1bc37cf71a" testName="GetSystemInternalByLocalId_NonExistingScript_ThrowsEntityNotFoundException (Data Row 3)" computerName="ICSWS068" duration="00:00:00.3737102" startTime="2016-08-04T08:24:04.3592838+02:00" endTime="2016-08-04T08:24:04.7330516+02:00" testType="13cdc9d9-ddb5-4fa4-a97d-d965ccfc6d4b" outcome="Passed" testListId="8c84fa94-04c1-424b-9868-57a2d4851a1d" relativeResultsDirectory="70922535-4845-4218-825f-2ba7a5c6da6c" />
    <UnitTestResult executionId="8cdfafa0-885e-4ae3-bf9e-2479fe0b44c1" testId="a21b640e-6006-49fb-8168-939fc9a9e1b5" testName="GetSystemInternalByLocalId_NonExistingScript_ThrowsEntityNotFoundException (Data Row 4)" computerName="ICSWS068" duration="00:00:00.3862830" startTime="2016-08-04T08:24:04.7330516+02:00" endTime="2016-08-04T08:24:05.1191137+02:00" testType="13cdc9d9-ddb5-4fa4-a97d-d965ccfc6d4b" outcome="Passed" testListId="8c84fa94-04c1-424b-9868-57a2d4851a1d" relativeResultsDirectory="8cdfafa0-885e-4ae3-bf9e-2479fe0b44c1" />
    <UnitTestResult executionId="22490990-7991-4bdf-b734-270bd1e5f0c6" testId="6032c433-65bf-4425-bffe-18474b0d2696" testName="GetSystemInternalByLocalId_NonExistingScript_ThrowsEntityNotFoundException (Data Row 5)" computerName="ICSWS068" duration="00:00:00.3456889" startTime="2016-08-04T08:24:05.1191137+02:00" endTime="2016-08-04T08:24:05.4648861+02:00" testType="13cdc9d9-ddb5-4fa4-a97d-d965ccfc6d4b" outcome="Passed" testListId="8c84fa94-04c1-424b-9868-57a2d4851a1d" relativeResultsDirectory="22490990-7991-4bdf-b734-270bd1e5f0c6" />
    <UnitTestResult executionId="28927d6a-6070-4f3c-9049-4cb7c0db2a90" testId="64df9f08-3879-4cf4-af76-6d83902ccfe5" testName="GetSystemInternalByLocalId_NonExistingScript_ThrowsEntityNotFoundException (Data Row 6)" computerName="ICSWS068" duration="00:00:00.3386040" startTime="2016-08-04T08:24:05.4648861+02:00" endTime="2016-08-04T08:24:05.8032434+02:00" testType="13cdc9d9-ddb5-4fa4-a97d-d965ccfc6d4b" outcome="Passed" testListId="8c84fa94-04c1-424b-9868-57a2d4851a1d" relativeResultsDirectory="28927d6a-6070-4f3c-9049-4cb7c0db2a90" />
    <UnitTestResult executionId="e0d67fb5-3b6a-4cb9-8dff-e566d0b80504" testId="f1bf2ef7-ef3e-479c-bb81-b14c831ef8ac" testName="GetSystemInternalByLocalId_NonExistingScript_ThrowsEntityNotFoundException (Data Row 7)" computerName="ICSWS068" duration="00:00:00.3246014" startTime="2016-08-04T08:24:05.8032434+02:00" endTime="2016-08-04T08:24:06.1279578+02:00" testType="13cdc9d9-ddb5-4fa4-a97d-d965ccfc6d4b" outcome="Passed" testListId="8c84fa94-04c1-424b-9868-57a2d4851a1d" relativeResultsDirectory="e0d67fb5-3b6a-4cb9-8dff-e566d0b80504" />
    <UnitTestResult executionId="5dbd81ac-ed78-44df-af0a-b23362c67c31" testId="589ed437-c769-4574-933b-8b85029a9cd0" testName="GetSystemInternalByLocalId_NonExistingScript_ThrowsEntityNotFoundException (Data Row 8)" computerName="ICSWS068" duration="00:00:00.3421462" startTime="2016-08-04T08:24:06.1279578+02:00" endTime="2016-08-04T08:24:06.4703910+02:00" testType="13cdc9d9-ddb5-4fa4-a97d-d965ccfc6d4b" outcome="Passed" testListId="8c84fa94-04c1-424b-9868-57a2d4851a1d" relativeResultsDirectory="5dbd81ac-ed78-44df-af0a-b23362c67c31" />
    <UnitTestResult executionId="a0545b0f-66a1-4b56-abc1-88b493a80e01" testId="0d3c4bd5-ee7e-9b49-8a8a-485d138e88bb" testName="GetById_NewGuid_ThrowsEntityNotFoundException" computerName="ICSWS068" duration="00:00:00.3340118" startTime="2016-08-04T10:24:06.4753944+02:00" endTime="2016-08-04T10:24:06.8111553+02:00" testType="13cdc9d9-ddb5-4fa4-a97d-d965ccfc6d4b" outcome="Passed" testListId="8c84fa94-04c1-424b-9868-57a2d4851a1d" relativeResultsDirectory="a0545b0f-66a1-4b56-abc1-88b493a80e01" />
    <UnitTestResult executionId="2921b61d-bf2e-4879-b937-039159134b56" testId="87124270-4ad0-4321-9b49-6b3e2e765b05" testName="GetById_KnownScriptId_ReturnsEntityWithCorrectProperties (Data Row 0)" computerName="ICSWS068" duration="00:00:00.3869563" startTime="2016-08-04T08:24:06.8166596+02:00" endTime="2016-08-04T08:24:07.2034838+02:00" testType="13cdc9d9-ddb5-4fa4-a97d-d965ccfc6d4b" outcome="Passed" testListId="8c84fa94-04c1-424b-9868-57a2d4851a1d" relativeResultsDirectory="2921b61d-bf2e-4879-b937-039159134b56" />
    <UnitTestResult executionId="59012db6-ec67-4023-a3a4-a14bc9b0ad45" testId="c4a7a0f2-8cd1-40ec-beec-083045d73604" testName="GetById_KnownScriptId_ReturnsEntityWithCorrectProperties (Data Row 1)" computerName="ICSWS068" duration="00:00:00.3320238" startTime="2016-08-04T08:24:07.2034838+02:00" endTime="2016-08-04T08:24:07.5358420+02:00" testType="13cdc9d9-ddb5-4fa4-a97d-d965ccfc6d4b" outcome="Passed" testListId="8c84fa94-04c1-424b-9868-57a2d4851a1d" relativeResultsDirectory="59012db6-ec67-4023-a3a4-a14bc9b0ad45" />
    <UnitTestResult executionId="d5c9e507-1115-41b5-b9d1-5f541d155a46" testId="6fb67321-4758-4fc3-becc-5cc25b1e12dd" testName="GetById_KnownScriptId_ReturnsEntityWithCorrectProperties (Data Row 2)" computerName="ICSWS068" duration="00:00:00.3436763" startTime="2016-08-04T08:24:07.5358420+02:00" endTime="2016-08-04T08:24:07.8792910+02:00" testType="13cdc9d9-ddb5-4fa4-a97d-d965ccfc6d4b" outcome="Passed" testListId="8c84fa94-04c1-424b-9868-57a2d4851a1d" relativeResultsDirectory="d5c9e507-1115-41b5-b9d1-5f541d155a46" />
    <UnitTestResult executionId="484e5492-1caf-481e-ba05-12447307bcff" testId="fe9b3919-673b-459e-b6d4-4d8b6a844e09" testName="GetById_KnownScriptId_ReturnsEntityWithCorrectProperties (Data Row 3)" computerName="ICSWS068" duration="00:00:00.3428687" startTime="2016-08-04T08:24:07.8792910+02:00" endTime="2016-08-04T08:24:08.2222676+02:00" testType="13cdc9d9-ddb5-4fa4-a97d-d965ccfc6d4b" outcome="Passed" testListId="8c84fa94-04c1-424b-9868-57a2d4851a1d" relativeResultsDirectory="484e5492-1caf-481e-ba05-12447307bcff" />
    <UnitTestResult executionId="cc9cac3f-acb7-4653-bfa8-156b27b9710f" testId="57272543-9482-433f-9628-90eebe9dd4a4" testName="GetById_KnownScriptId_ReturnsEntityWithCorrectProperties (Data Row 4)" computerName="ICSWS068" duration="00:00:00.3405691" startTime="2016-08-04T08:24:08.2222676+02:00" endTime="2016-08-04T08:24:08.5631744+02:00" testType="13cdc9d9-ddb5-4fa4-a97d-d965ccfc6d4b" outcome="Passed" testListId="8c84fa94-04c1-424b-9868-57a2d4851a1d" relativeResultsDirectory="cc9cac3f-acb7-4653-bfa8-156b27b9710f" />
    <UnitTestResult executionId="ef8af93e-50df-4555-aa66-55bf77d19bf0" testId="39734f21-c88e-4f5c-a2e4-8338fa9b5cdf" testName="GetById_KnownScriptId_ReturnsEntityWithCorrectProperties (Data Row 5)" computerName="ICSWS068" duration="00:00:00.3339980" startTime="2016-08-04T08:24:08.5631744+02:00" endTime="2016-08-04T08:24:08.8969101+02:00" testType="13cdc9d9-ddb5-4fa4-a97d-d965ccfc6d4b" outcome="Passed" testListId="8c84fa94-04c1-424b-9868-57a2d4851a1d" relativeResultsDirectory="ef8af93e-50df-4555-aa66-55bf77d19bf0" />
    <UnitTestResult executionId="ea102631-2ee0-483c-aba9-fbaee1b5cb0b" testId="d161c7e1-6297-4d1b-a153-73890646c835" testName="GetById_KnownScriptId_ReturnsEntityWithCorrectProperties (Data Row 6)" computerName="ICSWS068" duration="00:00:00.3556667" startTime="2016-08-04T08:24:08.8969101+02:00" endTime="2016-08-04T08:24:09.2528392+02:00" testType="13cdc9d9-ddb5-4fa4-a97d-d965ccfc6d4b" outcome="Passed" testListId="8c84fa94-04c1-424b-9868-57a2d4851a1d" relativeResultsDirectory="ea102631-2ee0-483c-aba9-fbaee1b5cb0b" />
    <UnitTestResult executionId="2017e055-2df7-4e0b-830a-17c423e672e1" testId="0a07ce2d-a829-4ea6-b6c6-7abc75fe3d1e" testName="GetById_KnownScriptId_ReturnsEntityWithCorrectProperties (Data Row 7)" computerName="ICSWS068" duration="00:00:00.3277530" startTime="2016-08-04T08:24:09.2528392+02:00" endTime="2016-08-04T08:24:09.5803580+02:00" testType="13cdc9d9-ddb5-4fa4-a97d-d965ccfc6d4b" outcome="Passed" testListId="8c84fa94-04c1-424b-9868-57a2d4851a1d" relativeResultsDirectory="2017e055-2df7-4e0b-830a-17c423e672e1" />
    <UnitTestResult executionId="85cb3bbd-5a76-4423-bbd0-c6c6a4bffd97" testId="f4fbccd4-a40b-494e-82fa-989e9675809f" testName="GetById_KnownScriptId_ReturnsEntityWithCorrectProperties (Data Row 8)" computerName="ICSWS068" duration="00:00:00.3619442" startTime="2016-08-04T08:24:09.5803580+02:00" endTime="2016-08-04T08:24:09.9422533+02:00" testType="13cdc9d9-ddb5-4fa4-a97d-d965ccfc6d4b" outcome="Passed" testListId="8c84fa94-04c1-424b-9868-57a2d4851a1d" relativeResultsDirectory="85cb3bbd-5a76-4423-bbd0-c6c6a4bffd97" />
    <UnitTestResult executionId="94f0c033-c792-4741-850b-31722438d7b7" testId="43b2788e-e554-4a6b-5947-b7d6243de2e0" testName="GetByKey_NewGuid_ThrowsEntityNotFoundException" computerName="ICSWS068" duration="00:00:00.4000087" startTime="2016-08-04T10:24:09.9482576+02:00" endTime="2016-08-04T10:24:10.3503124+02:00" testType="13cdc9d9-ddb5-4fa4-a97d-d965ccfc6d4b" outcome="Passed" testListId="8c84fa94-04c1-424b-9868-57a2d4851a1d" relativeResultsDirectory="94f0c033-c792-4741-850b-31722438d7b7" />
    <UnitTestResult executionId="fef56ae2-ebe6-4d94-a489-a722767026b3" testId="064dcd03-b15c-4373-af1f-d87e1ce8d565" testName="GetByKey_KnownScriptKey_ReturnsEntityWithCorrectProperties (Data Row 0)" computerName="ICSWS068" duration="00:00:00.3420541" startTime="2016-08-04T08:24:10.3559950+02:00" endTime="2016-08-04T08:24:10.6978930+02:00" testType="13cdc9d9-ddb5-4fa4-a97d-d965ccfc6d4b" outcome="Passed" testListId="8c84fa94-04c1-424b-9868-57a2d4851a1d" relativeResultsDirectory="fef56ae2-ebe6-4d94-a489-a722767026b3" />
    <UnitTestResult executionId="b7c3ca14-aacc-4207-b9e0-6f5ec3b4e0f4" testId="b74ca1dc-ba85-4ead-ac38-8c85af0f25f5" testName="GetByKey_KnownScriptKey_ReturnsEntityWithCorrectProperties (Data Row 1)" computerName="ICSWS068" duration="00:00:00.3415808" startTime="2016-08-04T08:24:10.6978930+02:00" endTime="2016-08-04T08:24:11.0394971+02:00" testType="13cdc9d9-ddb5-4fa4-a97d-d965ccfc6d4b" outcome="Passed" testListId="8c84fa94-04c1-424b-9868-57a2d4851a1d" relativeResultsDirectory="b7c3ca14-aacc-4207-b9e0-6f5ec3b4e0f4" />
    <UnitTestResult executionId="dd9277a1-22b0-4e5c-8fbd-fce8b124db5c" testId="5f3f9f88-b251-43b2-8df7-16b0d6ed0be3" testName="GetByKey_KnownScriptKey_ReturnsEntityWithCorrectProperties (Data Row 2)" computerName="ICSWS068" duration="00:00:00.3532969" startTime="2016-08-04T08:24:11.0394971+02:00" endTime="2016-08-04T08:24:11.3927559+02:00" testType="13cdc9d9-ddb5-4fa4-a97d-d965ccfc6d4b" outcome="Passed" testListId="8c84fa94-04c1-424b-9868-57a2d4851a1d" relativeResultsDirectory="dd9277a1-22b0-4e5c-8fbd-fce8b124db5c" />
    <UnitTestResult executionId="7ae86c3f-b40d-420a-bbfe-3d809c2f65d4" testId="3c351d13-1883-4c2e-b740-ebe85878aeb7" testName="GetByKey_KnownScriptKey_ReturnsEntityWithCorrectProperties (Data Row 3)" computerName="ICSWS068" duration="00:00:00.3534779" startTime="2016-08-04T08:24:11.3927559+02:00" endTime="2016-08-04T08:24:11.7466590+02:00" testType="13cdc9d9-ddb5-4fa4-a97d-d965ccfc6d4b" outcome="Passed" testListId="8c84fa94-04c1-424b-9868-57a2d4851a1d" relativeResultsDirectory="7ae86c3f-b40d-420a-bbfe-3d809c2f65d4" />
    <UnitTestResult executionId="af43225b-587d-45ce-b775-a71db91d6084" testId="360b7ba7-9570-4a6b-a754-96ed4d6e52d5" testName="GetByKey_KnownScriptKey_ReturnsEntityWithCorrectProperties (Data Row 4)" computerName="ICSWS068" duration="00:00:00.3500519" startTime="2016-08-04T08:24:11.7466590+02:00" endTime="2016-08-04T08:24:12.0966730+02:00" testType="13cdc9d9-ddb5-4fa4-a97d-d965ccfc6d4b" outcome="Passed" testListId="8c84fa94-04c1-424b-9868-57a2d4851a1d" relativeResultsDirectory="af43225b-587d-45ce-b775-a71db91d6084" />
    <UnitTestResult executionId="65411a24-58a3-407b-aaaf-5ca799edb7b5" testId="673191eb-1c5b-453a-a08c-5417643c84e1" testName="GetByKey_KnownScriptKey_ReturnsEntityWithCorrectProperties (Data Row 5)" computerName="ICSWS068" duration="00:00:00.3416799" startTime="2016-08-04T08:24:12.0966730+02:00" endTime="2016-08-04T08:24:12.4380035+02:00" testType="13cdc9d9-ddb5-4fa4-a97d-d965ccfc6d4b" outcome="Passed" testListId="8c84fa94-04c1-424b-9868-57a2d4851a1d" relativeResultsDirectory="65411a24-58a3-407b-aaaf-5ca799edb7b5" />
    <UnitTestResult executionId="35adb90c-8bcc-4856-bec1-fa003cbbd96c" testId="86fa6ba8-c180-4a71-9a62-b48f52d78be3" testName="GetByKey_KnownScriptKey_ReturnsEntityWithCorrectProperties (Data Row 6)" computerName="ICSWS068" duration="00:00:00.3722625" startTime="2016-08-04T08:24:12.4380035+02:00" endTime="2016-08-04T08:24:12.8102482+02:00" testType="13cdc9d9-ddb5-4fa4-a97d-d965ccfc6d4b" outcome="Passed" testListId="8c84fa94-04c1-424b-9868-57a2d4851a1d" relativeResultsDirectory="35adb90c-8bcc-4856-bec1-fa003cbbd96c" />
    <UnitTestResult executionId="0bb858a3-16f5-46a7-b140-211c535d4e30" testId="0881cde5-8e4b-498c-afa6-f47fe90b305c" testName="GetByKey_KnownScriptKey_ReturnsEntityWithCorrectProperties (Data Row 7)" computerName="ICSWS068" duration="00:00:00.3853768" startTime="2016-08-04T08:24:12.8107485+02:00" endTime="2016-08-04T08:24:13.1960273+02:00" testType="13cdc9d9-ddb5-4fa4-a97d-d965ccfc6d4b" outcome="Passed" testListId="8c84fa94-04c1-424b-9868-57a2d4851a1d" relativeResultsDirectory="0bb858a3-16f5-46a7-b140-211c535d4e30" />
    <UnitTestResult executionId="433663c1-1543-403b-bb77-58ad33e3b1bb" testId="552cdd57-17f8-462f-896f-20b2cc2c76a2" testName="GetByKey_KnownScriptKey_ReturnsEntityWithCorrectProperties (Data Row 8)" computerName="ICSWS068" duration="00:00:00.3313265" startTime="2016-08-04T08:24:13.1960273+02:00" endTime="2016-08-04T08:24:13.5273340+02:00" testType="13cdc9d9-ddb5-4fa4-a97d-d965ccfc6d4b" outcome="Passed" testListId="8c84fa94-04c1-424b-9868-57a2d4851a1d" relativeResultsDirectory="433663c1-1543-403b-bb77-58ad33e3b1bb" />
    <UnitTestResult executionId="43367bc0-05a6-4b08-a1a2-2ccabff76092" testId="5f8c5653-ea8a-49a8-d404-e3bfbd93c50a" testName="GetByKey_UnsupportedKey_ThrowsArgumentException" computerName="ICSWS068" duration="00:00:00.3532506" startTime="2016-08-04T10:24:13.5308363+02:00" endTime="2016-08-04T10:24:13.8856015+02:00" testType="13cdc9d9-ddb5-4fa4-a97d-d965ccfc6d4b" outcome="Passed" testListId="8c84fa94-04c1-424b-9868-57a2d4851a1d" relativeResultsDirectory="43367bc0-05a6-4b08-a1a2-2ccabff76092" />
    <UnitTestResult executionId="2d7a2c20-7f98-46df-afdb-2904e28cfd84" testId="ad51deb7-da70-65ec-5f98-d097e72e13a5" testName="GetByLocalId_NewGuLocalId_ThrowsEntityNotFoundException" computerName="ICSWS068" duration="00:00:00.3304432" startTime="2016-08-04T10:24:13.8881038+02:00" endTime="2016-08-04T10:24:14.2203550+02:00" testType="13cdc9d9-ddb5-4fa4-a97d-d965ccfc6d4b" outcome="Passed" testListId="8c84fa94-04c1-424b-9868-57a2d4851a1d" relativeResultsDirectory="2d7a2c20-7f98-46df-afdb-2904e28cfd84" />
    <UnitTestResult executionId="9de89d43-c405-4378-a79f-a00f0fa9559b" testId="6bac7b49-1b70-4890-9306-1c5cb2cc8812" testName="GetByLocalId_KnownScriptLocalId_ReturnsEntityWithCorrectProperties (Data Row 0)" computerName="ICSWS068" duration="00:00:00.3276914" startTime="2016-08-04T08:24:14.2268602+02:00" endTime="2016-08-04T08:24:14.5545907+02:00" testType="13cdc9d9-ddb5-4fa4-a97d-d965ccfc6d4b" outcome="Passed" testListId="8c84fa94-04c1-424b-9868-57a2d4851a1d" relativeResultsDirectory="9de89d43-c405-4378-a79f-a00f0fa9559b" />
    <UnitTestResult executionId="4b38f35d-fdc9-4964-96ba-f21001d8f826" testId="e957e2a7-c61e-4971-ade3-c49db08bd584" testName="GetByLocalId_KnownScriptLocalId_ReturnsEntityWithCorrectProperties (Data Row 1)" computerName="ICSWS068" duration="00:00:00.3427004" startTime="2016-08-04T08:24:14.5545907+02:00" endTime="2016-08-04T08:24:14.8972972+02:00" testType="13cdc9d9-ddb5-4fa4-a97d-d965ccfc6d4b" outcome="Passed" testListId="8c84fa94-04c1-424b-9868-57a2d4851a1d" relativeResultsDirectory="4b38f35d-fdc9-4964-96ba-f21001d8f826" />
    <UnitTestResult executionId="2b1a9188-7043-4aa9-b4a6-7e5a1e640114" testId="f16fbad2-3525-4129-a49f-6c3e39fd9cec" testName="GetByLocalId_KnownScriptLocalId_ReturnsEntityWithCorrectProperties (Data Row 2)" computerName="ICSWS068" duration="00:00:00.3681708" startTime="2016-08-04T08:24:14.8972972+02:00" endTime="2016-08-04T08:24:15.2654238+02:00" testType="13cdc9d9-ddb5-4fa4-a97d-d965ccfc6d4b" outcome="Passed" testListId="8c84fa94-04c1-424b-9868-57a2d4851a1d" relativeResultsDirectory="2b1a9188-7043-4aa9-b4a6-7e5a1e640114" />
    <UnitTestResult executionId="e5090297-d63a-457c-8c18-055c2c33ee3b" testId="e235d692-8664-448e-b41f-fa38e6460a23" testName="GetByLocalId_KnownScriptLocalId_ReturnsEntityWithCorrectProperties (Data Row 3)" computerName="ICSWS068" duration="00:00:00.3602622" startTime="2016-08-04T08:24:15.2654238+02:00" endTime="2016-08-04T08:24:15.6259704+02:00" testType="13cdc9d9-ddb5-4fa4-a97d-d965ccfc6d4b" outcome="Passed" testListId="8c84fa94-04c1-424b-9868-57a2d4851a1d" relativeResultsDirectory="e5090297-d63a-457c-8c18-055c2c33ee3b" />
    <UnitTestResult executionId="954b3a59-20c9-4bc2-ab91-1ae769d7888b" testId="6b978133-249d-46af-ade2-4fa87095a0e2" testName="GetByLocalId_KnownScriptLocalId_ReturnsEntityWithCorrectProperties (Data Row 4)" computerName="ICSWS068" duration="00:00:00.3301825" startTime="2016-08-04T08:24:15.6259704+02:00" endTime="2016-08-04T08:24:15.9559892+02:00" testType="13cdc9d9-ddb5-4fa4-a97d-d965ccfc6d4b" outcome="Passed" testListId="8c84fa94-04c1-424b-9868-57a2d4851a1d" relativeResultsDirectory="954b3a59-20c9-4bc2-ab91-1ae769d7888b" />
    <UnitTestResult executionId="8cf34277-773a-4f59-bf50-0dc1a1f21a88" testId="7a92ff5e-99ef-4367-bff0-bc277d2f61b2" testName="GetByLocalId_KnownScriptLocalId_ReturnsEntityWithCorrectProperties (Data Row 5)" computerName="ICSWS068" duration="00:00:00.3326807" startTime="2016-08-04T08:24:15.9559892+02:00" endTime="2016-08-04T08:24:16.2887160+02:00" testType="13cdc9d9-ddb5-4fa4-a97d-d965ccfc6d4b" outcome="Passed" testListId="8c84fa94-04c1-424b-9868-57a2d4851a1d" relativeResultsDirectory="8cf34277-773a-4f59-bf50-0dc1a1f21a88" />
    <UnitTestResult executionId="c0bec822-7a38-449e-bde2-9ddae0d63df2" testId="e841f87b-3259-4e50-88a8-dce5e3d2095c" testName="GetByLocalId_KnownScriptLocalId_ReturnsEntityWithCorrectProperties (Data Row 6)" computerName="ICSWS068" duration="00:00:00.3215555" startTime="2016-08-04T08:24:16.2887160+02:00" endTime="2016-08-04T08:24:16.6103760+02:00" testType="13cdc9d9-ddb5-4fa4-a97d-d965ccfc6d4b" outcome="Passed" testListId="8c84fa94-04c1-424b-9868-57a2d4851a1d" relativeResultsDirectory="c0bec822-7a38-449e-bde2-9ddae0d63df2" />
    <UnitTestResult executionId="c63d1960-33e9-40e4-89d7-6d903681eb5b" testId="1b48e8ba-81ff-44ff-9ed4-ccd0d0264e8a" testName="GetByLocalId_KnownScriptLocalId_ReturnsEntityWithCorrectProperties (Data Row 7)" computerName="ICSWS068" duration="00:00:00.3343601" startTime="2016-08-04T08:24:16.6103760+02:00" endTime="2016-08-04T08:24:16.9448533+02:00" testType="13cdc9d9-ddb5-4fa4-a97d-d965ccfc6d4b" outcome="Passed" testListId="8c84fa94-04c1-424b-9868-57a2d4851a1d" relativeResultsDirectory="c63d1960-33e9-40e4-89d7-6d903681eb5b" />
    <UnitTestResult executionId="ee32e0c9-6f65-4abb-adda-75e088670475" testId="2e3ce67c-4dd3-49c6-9352-42bea6c5f479" testName="GetByLocalId_KnownScriptLocalId_ReturnsEntityWithCorrectProperties (Data Row 8)" computerName="ICSWS068" duration="00:00:00.3405266" startTime="2016-08-04T08:24:16.9448533+02:00" endTime="2016-08-04T08:24:17.2853448+02:00" testType="13cdc9d9-ddb5-4fa4-a97d-d965ccfc6d4b" outcome="Passed" testListId="8c84fa94-04c1-424b-9868-57a2d4851a1d" relativeResultsDirectory="ee32e0c9-6f65-4abb-adda-75e088670475" />
    <UnitTestResult executionId="0f1cacca-e87c-4b87-910f-09f81e93f599" testId="38fdb73a-3ad5-1521-bab6-5ea87d326029" testName="GetByName_NonExistingName_ThrowsEntityNotFoundException" computerName="ICSWS068" duration="00:00:00.3366445" startTime="2016-08-04T10:24:17.2888474+02:00" endTime="2016-08-04T10:24:17.6272355+02:00" testType="13cdc9d9-ddb5-4fa4-a97d-d965ccfc6d4b" outcome="Passed" testListId="8c84fa94-04c1-424b-9868-57a2d4851a1d" relativeResultsDirectory="0f1cacca-e87c-4b87-910f-09f81e93f599" />
    <UnitTestResult executionId="f91bac8e-7669-4bba-9b56-85a64941a7ff" testId="fcbd7e2b-ae61-4f0f-b5a3-a089a1e7b6c6" testName="GetByName_KnownScriptName_ReturnsEntityWithCorrectProperties (Data Row 0)" computerName="ICSWS068" duration="00:00:00.3582549" startTime="2016-08-04T08:24:17.6332404+02:00" endTime="2016-08-04T08:24:17.9913440+02:00" testType="13cdc9d9-ddb5-4fa4-a97d-d965ccfc6d4b" outcome="Passed" testListId="8c84fa94-04c1-424b-9868-57a2d4851a1d" relativeResultsDirectory="f91bac8e-7669-4bba-9b56-85a64941a7ff" />
    <UnitTestResult executionId="b6dd52f5-9418-4276-b65b-256de419e1d9" testId="c61ce54b-72ca-4879-b59e-1dd36dcad7ca" testName="GetByName_KnownScriptName_ReturnsEntityWithCorrectProperties (Data Row 1)" computerName="ICSWS068" duration="00:00:00.3434840" startTime="2016-08-04T08:24:17.9913440+02:00" endTime="2016-08-04T08:24:18.3347475+02:00" testType="13cdc9d9-ddb5-4fa4-a97d-d965ccfc6d4b" outcome="Passed" testListId="8c84fa94-04c1-424b-9868-57a2d4851a1d" relativeResultsDirectory="b6dd52f5-9418-4276-b65b-256de419e1d9" />
    <UnitTestResult executionId="3cf21400-ec91-458c-9bef-b6edbdd9b44f" testId="3a5a2012-722c-4082-84b3-8c1ab837f436" testName="GetByName_KnownScriptName_ReturnsEntityWithCorrectProperties (Data Row 2)" computerName="ICSWS068" duration="00:00:00.3397870" startTime="2016-08-04T08:24:18.3347475+02:00" endTime="2016-08-04T08:24:18.6748373+02:00" testType="13cdc9d9-ddb5-4fa4-a97d-d965ccfc6d4b" outcome="Passed" testListId="8c84fa94-04c1-424b-9868-57a2d4851a1d" relativeResultsDirectory="3cf21400-ec91-458c-9bef-b6edbdd9b44f" />
    <UnitTestResult executionId="282af306-a286-4dce-93dd-6e3166ff615f" testId="2c107608-3642-47da-a22c-bff66912ce15" testName="GetByName_KnownScriptName_ReturnsEntityWithCorrectProperties (Data Row 3)" computerName="ICSWS068" duration="00:00:00.3889389" startTime="2016-08-04T08:24:18.6748373+02:00" endTime="2016-08-04T08:24:19.0637600+02:00" testType="13cdc9d9-ddb5-4fa4-a97d-d965ccfc6d4b" outcome="Passed" testListId="8c84fa94-04c1-424b-9868-57a2d4851a1d" relativeResultsDirectory="282af306-a286-4dce-93dd-6e3166ff615f" />
    <UnitTestResult executionId="4d461461-4976-4f61-835a-e1fad9fe506f" testId="fb3f21b6-54ea-4f4b-a0de-d978188780a9" testName="GetByName_KnownScriptName_ReturnsEntityWithCorrectProperties (Data Row 4)" computerName="ICSWS068" duration="00:00:00.3510735" startTime="2016-08-04T08:24:19.0637600+02:00" endTime="2016-08-04T08:24:19.4148418+02:00" testType="13cdc9d9-ddb5-4fa4-a97d-d965ccfc6d4b" outcome="Passed" testListId="8c84fa94-04c1-424b-9868-57a2d4851a1d" relativeResultsDirectory="4d461461-4976-4f61-835a-e1fad9fe506f" />
    <UnitTestResult executionId="8624c8f0-2ba5-4fc0-a67a-0287b49af1d6" testId="cc43d1f7-37f0-4450-9107-50b556989b96" testName="GetByName_KnownScriptName_ReturnsEntityWithCorrectProperties (Data Row 5)" computerName="ICSWS068" duration="00:00:00.3276292" startTime="2016-08-04T08:24:19.4148418+02:00" endTime="2016-08-04T08:24:19.7427180+02:00" testType="13cdc9d9-ddb5-4fa4-a97d-d965ccfc6d4b" outcome="Passed" testListId="8c84fa94-04c1-424b-9868-57a2d4851a1d" relativeResultsDirectory="8624c8f0-2ba5-4fc0-a67a-0287b49af1d6" />
    <UnitTestResult executionId="ca2e3906-847e-4dca-a29a-3ae0f1aaf133" testId="087e5821-9d9f-41c4-b374-26de0fe346b4" testName="GetByName_KnownScriptName_ReturnsEntityWithCorrectProperties (Data Row 6)" computerName="ICSWS068" duration="00:00:00.3257445" startTime="2016-08-04T08:24:19.7427180+02:00" endTime="2016-08-04T08:24:20.0681535+02:00" testType="13cdc9d9-ddb5-4fa4-a97d-d965ccfc6d4b" outcome="Passed" testListId="8c84fa94-04c1-424b-9868-57a2d4851a1d" relativeResultsDirectory="ca2e3906-847e-4dca-a29a-3ae0f1aaf133" />
    <UnitTestResult executionId="f06fff48-60b6-4c11-a149-fe6e42c9cfda" testId="50bae5a3-2c93-493b-bf55-6db43238ef32" testName="GetByName_KnownScriptName_ReturnsEntityWithCorrectProperties (Data Row 7)" computerName="ICSWS068" duration="00:00:00.3377152" startTime="2016-08-04T08:24:20.0681535+02:00" endTime="2016-08-04T08:24:20.4061070+02:00" testType="13cdc9d9-ddb5-4fa4-a97d-d965ccfc6d4b" outcome="Passed" testListId="8c84fa94-04c1-424b-9868-57a2d4851a1d" relativeResultsDirectory="f06fff48-60b6-4c11-a149-fe6e42c9cfda" />
    <UnitTestResult executionId="470e2ad6-2079-4c20-a248-b6727d04e859" testId="29e6df64-8a41-4a66-98c3-821f5eb4fc8d" testName="GetByName_KnownScriptName_ReturnsEntityWithCorrectProperties (Data Row 8)" computerName="ICSWS068" duration="00:00:00.3503002" startTime="2016-08-04T08:24:20.4061070+02:00" endTime="2016-08-04T08:24:20.7564157+02:00" testType="13cdc9d9-ddb5-4fa4-a97d-d965ccfc6d4b" outcome="Passed" testListId="8c84fa94-04c1-424b-9868-57a2d4851a1d" relativeResultsDirectory="470e2ad6-2079-4c20-a248-b6727d04e859" />
    <UnitTestResult executionId="2ef913a6-ed24-488f-8007-556c8d781325" testId="0651e938-3bdd-0b14-aa14-102655958ae7" testName="ListComponentCandidateScripts_DoesNotIncludeNonCandidateScripts" computerName="ICSWS068" duration="00:00:00.3588830" startTime="2016-08-04T10:24:20.7604016+02:00" endTime="2016-08-04T10:24:21.1208644+02:00" testType="13cdc9d9-ddb5-4fa4-a97d-d965ccfc6d4b" outcome="Passed" testListId="8c84fa94-04c1-424b-9868-57a2d4851a1d" relativeResultsDirectory="2ef913a6-ed24-488f-8007-556c8d781325" />
    <UnitTestResult executionId="9d71dc55-117d-406c-962c-0ca9178c8925" testId="8e663a3b-4cd5-4c78-4210-659ec599686c" testName="Delete_UnusedScript_SuccessfullyDeletesScript" computerName="ICSWS068" duration="00:00:00.4208590" startTime="2016-08-04T10:24:21.1233661+02:00" endTime="2016-08-04T10:24:21.5457771+02:00" testType="13cdc9d9-ddb5-4fa4-a97d-d965ccfc6d4b" outcome="Passed" testListId="8c84fa94-04c1-424b-9868-57a2d4851a1d" relativeResultsDirectory="9d71dc55-117d-406c-962c-0ca9178c8925" />
    <UnitTestResult executionId="20c4e340-b417-4aa4-aba2-ec7309037972" testId="453a7854-1828-15b8-e27e-1e6bad6dcdc1" testName="Delete_NonDeletableScript_Throws" computerName="ICSWS068" duration="00:00:00.3439159" startTime="2016-08-04T10:24:21.5492799+02:00" endTime="2016-08-04T10:24:21.8948732+02:00" testType="13cdc9d9-ddb5-4fa4-a97d-d965ccfc6d4b" outcome="Passed" testListId="8c84fa94-04c1-424b-9868-57a2d4851a1d" relativeResultsDirectory="20c4e340-b417-4aa4-aba2-ec7309037972" />
    <UnitTestResult executionId="2b129270-aa77-4d8a-8b48-fe3a9ae9711d" testId="2ce35f95-3af4-fb5d-ad61-8e5d13d2b678" testName="Delete_WithCascade_DispatchedJobExist_ThrowsEntityDependencyException" computerName="ICSWS068" duration="00:00:00.4859566" startTime="2016-08-04T10:24:21.8983740+02:00" endTime="2016-08-04T10:24:22.3860097+02:00" testType="13cdc9d9-ddb5-4fa4-a97d-d965ccfc6d4b" outcome="Passed" testListId="8c84fa94-04c1-424b-9868-57a2d4851a1d" relativeResultsDirectory="2b129270-aa77-4d8a-8b48-fe3a9ae9711d" />
    <UnitTestResult executionId="97e01ade-9f47-40c9-bcab-672dd3a61270" testId="be51dd59-745b-22db-81c5-a116275e7760" testName="Delete_WithCascade_StartPendingJobExist_ThrowsEntityDependencyException" computerName="ICSWS068" duration="00:00:00.3775143" startTime="2016-08-04T10:24:22.3885267+02:00" endTime="2016-08-04T10:24:22.7675824+02:00" testType="13cdc9d9-ddb5-4fa4-a97d-d965ccfc6d4b" outcome="Passed" testListId="8c84fa94-04c1-424b-9868-57a2d4851a1d" relativeResultsDirectory="97e01ade-9f47-40c9-bcab-672dd3a61270" />
    <UnitTestResult executionId="12321692-a502-484e-916c-40d0ced531da" testId="28175ae8-eb67-423c-b3fe-64ba8c49fe47" testName="Delete_WithCascade_RunningJobExist_ThrowsEntityDependencyException" computerName="ICSWS068" duration="00:00:00.3780814" startTime="2016-08-04T10:24:22.7705665+02:00" endTime="2016-08-04T10:24:23.1500820+02:00" testType="13cdc9d9-ddb5-4fa4-a97d-d965ccfc6d4b" outcome="Passed" testListId="8c84fa94-04c1-424b-9868-57a2d4851a1d" relativeResultsDirectory="12321692-a502-484e-916c-40d0ced531da" />
    <UnitTestResult executionId="15c36e6f-7647-451f-a25c-c93e01fd8d08" testId="773b9a03-bcaa-46e1-5a3e-33492d7e9e67" testName="Delete_WithCascade_FinishedJobsExist_Succeeds" computerName="ICSWS068" duration="00:00:00.5516462" startTime="2016-08-04T10:24:23.1533902+02:00" endTime="2016-08-04T10:24:23.7062937+02:00" testType="13cdc9d9-ddb5-4fa4-a97d-d965ccfc6d4b" outcome="Passed" testListId="8c84fa94-04c1-424b-9868-57a2d4851a1d" relativeResultsDirectory="15c36e6f-7647-451f-a25c-c93e01fd8d08" />
    <UnitTestResult executionId="2b86ab74-e313-4c85-b468-7f58fe784ed3" testId="87426400-f38f-b200-8ba8-572acf2d1acb" testName="Update_CategoriesModified_ArePersistedCorrectly" computerName="ICSWS068" duration="00:00:00.3609733" startTime="2016-08-04T10:24:23.7092945+02:00" endTime="2016-08-04T10:24:24.0716737+02:00" testType="13cdc9d9-ddb5-4fa4-a97d-d965ccfc6d4b" outcome="Passed" testListId="8c84fa94-04c1-424b-9868-57a2d4851a1d" relativeResultsDirectory="2b86ab74-e313-4c85-b468-7f58fe784ed3" />
    <UnitTestResult executionId="fd23ee64-d1f2-47d2-af39-a11217fe6004" testId="d20411fa-3c9e-ec08-a32e-13aa83c0eef8" testName="AddInline_Succeeds" computerName="ICSWS068" duration="00:01:00.3394210" startTime="2016-08-04T10:24:24.0751754+02:00" endTime="2016-08-04T10:25:24.4162942+02:00" testType="13cdc9d9-ddb5-4fa4-a97d-d965ccfc6d4b" outcome="Failed" testListId="8c84fa94-04c1-424b-9868-57a2d4851a1d" relativeResultsDirectory="fd23ee64-d1f2-47d2-af39-a11217fe6004">
      <Output>
        <ErrorInfo>
          <Message>Test method SysIntgTests.iCore.Common.Entities.ScriptTests.AddInline_Succeeds threw exception: 
System.Transactions.TransactionAbortedException: The transaction was aborted.

This may be the result of a timeout.
You can try increasing the transaction timeout value and retry the operation.
The current maximum timeout value on this system is 600 seconds.</Message>
          <StackTrace>    at iCore.Common.DbTransactionEnlistment.GetEnlistment(IDatabase database, Transaction transaction)
   at iCore.Common.DbTransactionEnlistment.GetDbTransaction(IDatabase database, Transaction transaction)
   at iCore.Common.DbTransactionEnlistment.GetDbTransaction(IDatabase database)
   at iCore.Common.Data.DatabaseBase`2.GetDbTransaction()
   at iCore.Common.Data.DatabaseBase`2.CreateCommand(String sql, CommandType commandType, Int32 commandTimeout)
   at iCore.Common.Data.DatabaseBase`2.GetSqlStringCommand(String sql, Int32 commandTimeout)
   at iCore.Common.Data.DatabaseBase`2.GetSqlStringCommand(String sql)
   at iCore.Common.Entities.EScript.PopulateScriptById(ISystemContext context, Int32 scriptId)
   at iCore.Common.Entities.EScript..ctor(ISystemContext context, Int32 scriptId)
   at iCore.Common.Entities.SystemScriptRepository.GetByLocalId(Int32 localScriptId)
   at iCore.Common.Entities.EScript.AddInline()
   at iCore.Common.Entities.SystemScriptRepository.AddInline(IScript instance)
   at SysIntgTests.iCore.Common.Entities.ScriptTests.AddInline_Succeeds() in F:\ETWork\Main\Common\Assemblies\SysIntgTests.iCore.Common.Entities\EntityTests\ScriptTests.cs:line 578
</StackTrace>
        </ErrorInfo>
      </Output>
    </UnitTestResult>
    <UnitTestResult executionId="427243ff-0074-4342-b819-deaade181541" testId="1b935081-b65e-b8f3-58d7-b5dfcb8cc55a" testName="SetAttributeValue_NonExistingPartnerAttributeType_ThrowsEntityNotFoundException" computerName="ICSWS068" duration="00:00:00.3608358" startTime="2016-08-04T10:25:24.4192971+02:00" endTime="2016-08-04T10:25:24.7826552+02:00" testType="13cdc9d9-ddb5-4fa4-a97d-d965ccfc6d4b" outcome="Passed" testListId="8c84fa94-04c1-424b-9868-57a2d4851a1d" relativeResultsDirectory="427243ff-0074-4342-b819-deaade181541" />
    <UnitTestResult executionId="335509c5-4b5a-438a-a83d-fe87a60989dd" testId="a1bbbf1d-bedc-1faf-7d50-c90521f28dc4" testName="SetAttributeValue_NonExistingPartnerAttributeType_NoThrow_DoesNotThrow" computerName="ICSWS068" duration="00:00:00.3458165" startTime="2016-08-04T10:25:24.7856566+02:00" endTime="2016-08-04T10:25:25.1329275+02:00" testType="13cdc9d9-ddb5-4fa4-a97d-d965ccfc6d4b" outcome="Passed" testListId="8c84fa94-04c1-424b-9868-57a2d4851a1d" relativeResultsDirectory="335509c5-4b5a-438a-a83d-fe87a60989dd" />
    <UnitTestResult executionId="8de80f3f-73d1-4860-b4c8-9e4f931830ef" testId="5b912864-9ab4-16df-f475-62c8fa7bd1de" testName="SetAttributeValue_StringValueToStringAttribute_Succeeds" computerName="ICSWS068" duration="00:00:00.4064995" startTime="2016-08-04T10:25:25.1359298+02:00" endTime="2016-08-04T10:25:25.5437533+02:00" testType="13cdc9d9-ddb5-4fa4-a97d-d965ccfc6d4b" outcome="Passed" testListId="8c84fa94-04c1-424b-9868-57a2d4851a1d" relativeResultsDirectory="8de80f3f-73d1-4860-b4c8-9e4f931830ef" />
    <UnitTestResult executionId="e65a712f-17e0-4051-885a-02a00412a8b8" testId="9c7dc599-9a2a-a50e-01eb-6040befc7877" testName="SetAttributeValue_FloatValueToFloatAttribute_Succeeds" computerName="ICSWS068" duration="00:00:00.3808420" startTime="2016-08-04T10:25:25.5482562+02:00" endTime="2016-08-04T10:25:25.9313201+02:00" testType="13cdc9d9-ddb5-4fa4-a97d-d965ccfc6d4b" outcome="Passed" testListId="8c84fa94-04c1-424b-9868-57a2d4851a1d" relativeResultsDirectory="e65a712f-17e0-4051-885a-02a00412a8b8" />
    <UnitTestResult executionId="4feb9dff-0510-46de-96f3-f0703a03c686" testId="6fa085d1-2c8d-7a33-861b-862a68a2fd9f" testName="SetAttributeValue_IntegerValueToIntegerAttribute_Succeeds" computerName="ICSWS068" duration="00:00:00.3386530" startTime="2016-08-04T10:25:25.9338224+02:00" endTime="2016-08-04T10:25:26.2738189+02:00" testType="13cdc9d9-ddb5-4fa4-a97d-d965ccfc6d4b" outcome="Passed" testListId="8c84fa94-04c1-424b-9868-57a2d4851a1d" relativeResultsDirectory="4feb9dff-0510-46de-96f3-f0703a03c686" />
    <UnitTestResult executionId="0fc5af96-a5a4-425a-974c-3619dfa6b10b" testId="05899491-45b2-1fe1-6930-6ddbb3635bf4" testName="SetAttributeValue_InvalidStringValueToIntegerAttribute_ThrowsInvalidCastException" computerName="ICSWS068" duration="00:00:00.3428585" startTime="2016-08-04T10:25:26.2768198+02:00" endTime="2016-08-04T10:25:26.6212069+02:00" testType="13cdc9d9-ddb5-4fa4-a97d-d965ccfc6d4b" outcome="Passed" testListId="8c84fa94-04c1-424b-9868-57a2d4851a1d" relativeResultsDirectory="0fc5af96-a5a4-425a-974c-3619dfa6b10b" />
    <UnitTestResult executionId="72e37ba7-4ebf-4e16-a83e-38ab1e7bcace" testId="3b86aefa-8e6f-c307-9801-9d1bbd9e824c" testName="SetAttributeValue_ValidStringValueToIntegerAttribute_Succeeds" computerName="ICSWS068" duration="00:00:00.3371222" startTime="2016-08-04T10:25:26.6237112+02:00" endTime="2016-08-04T10:25:26.9622800+02:00" testType="13cdc9d9-ddb5-4fa4-a97d-d965ccfc6d4b" outcome="Passed" testListId="8c84fa94-04c1-424b-9868-57a2d4851a1d" relativeResultsDirectory="72e37ba7-4ebf-4e16-a83e-38ab1e7bcace" />
    <UnitTestResult executionId="6b3c1292-5b92-4be4-952a-5aee7f19cae9" testId="a6df8396-599a-4d9f-1e84-7a19ad1a93c2" testName="SetAttributeValue_ValidFloatValueToIntegerAttribute_Succeeds" computerName="ICSWS068" duration="00:00:00.3448320" startTime="2016-08-04T10:25:26.9657825+02:00" endTime="2016-08-04T10:25:27.3111699+02:00" testType="13cdc9d9-ddb5-4fa4-a97d-d965ccfc6d4b" outcome="Passed" testListId="8c84fa94-04c1-424b-9868-57a2d4851a1d" relativeResultsDirectory="6b3c1292-5b92-4be4-952a-5aee7f19cae9" />
    <UnitTestResult executionId="c9a6a625-b132-48b1-8cac-3d1f3cdff720" testId="09a421ae-e10e-523a-7610-eb725f56c47b" testName="SetAttributeValue_TooLargeFloatValueToIntegerAttribute_ThrowsInvalidCastException" computerName="ICSWS068" duration="00:00:00.3542318" startTime="2016-08-04T10:25:27.3156332+02:00" endTime="2016-08-04T10:25:27.6717567+02:00" testType="13cdc9d9-ddb5-4fa4-a97d-d965ccfc6d4b" outcome="Passed" testListId="8c84fa94-04c1-424b-9868-57a2d4851a1d" relativeResultsDirectory="c9a6a625-b132-48b1-8cac-3d1f3cdff720" />
    <UnitTestResult executionId="09c5a962-0988-4445-94d1-8cb04709df7d" testId="6e068cfd-e9b6-55f9-20ae-e3072882971c" testName="SetAttributeValue_InvalidStringValueToFloatAttribute_ThrowsInvalidCastException" computerName="ICSWS068" duration="00:00:00.3460364" startTime="2016-08-04T10:25:27.6742763+02:00" endTime="2016-08-04T10:25:28.0220610+02:00" testType="13cdc9d9-ddb5-4fa4-a97d-d965ccfc6d4b" outcome="Passed" testListId="8c84fa94-04c1-424b-9868-57a2d4851a1d" relativeResultsDirectory="09c5a962-0988-4445-94d1-8cb04709df7d" />
    <UnitTestResult executionId="29b1beb9-3a96-48b3-a38d-2fea97c20d81" testId="bf5cce7b-7c1f-1934-2961-b343eb4d5fca" testName="SetAttributeValue_ValidStringValueToFloatAttribute_Succeeds" computerName="ICSWS068" duration="00:00:00.3287142" startTime="2016-08-04T10:25:28.0245648+02:00" endTime="2016-08-04T10:25:28.3545613+02:00" testType="13cdc9d9-ddb5-4fa4-a97d-d965ccfc6d4b" outcome="Passed" testListId="8c84fa94-04c1-424b-9868-57a2d4851a1d" relativeResultsDirectory="29b1beb9-3a96-48b3-a38d-2fea97c20d81" />
    <UnitTestResult executionId="5958c793-4b79-44ee-bd1e-0036ae32333b" testId="37efd8ae-ab35-8527-c964-c46dcd400a8d" testName="SetAttributeValue_StringWithNonInvariantDecimalPointToFloatAttribute_ThrowsFormatException" computerName="ICSWS068" duration="00:00:00.3269726" startTime="2016-08-04T10:25:28.3575636+02:00" endTime="2016-08-04T10:25:28.6861163+02:00" testType="13cdc9d9-ddb5-4fa4-a97d-d965ccfc6d4b" outcome="Passed" testListId="8c84fa94-04c1-424b-9868-57a2d4851a1d" relativeResultsDirectory="5958c793-4b79-44ee-bd1e-0036ae32333b" />
    <UnitTestResult executionId="1289d809-f9a2-4aa6-a8e5-fce3b38fb99d" testId="d982194a-2552-8078-549d-f289a669a188" testName="SetAttributeValue_IntegerValueToStringAttribute_Succeeds" computerName="ICSWS068" duration="00:00:00.3346745" startTime="2016-08-04T10:25:28.6891177+02:00" endTime="2016-08-04T10:25:29.0251314+02:00" testType="13cdc9d9-ddb5-4fa4-a97d-d965ccfc6d4b" outcome="Passed" testListId="8c84fa94-04c1-424b-9868-57a2d4851a1d" relativeResultsDirectory="1289d809-f9a2-4aa6-a8e5-fce3b38fb99d" />
    <UnitTestResult executionId="1a97dc13-41a7-4f8a-96d2-50bd387212a6" testId="181fe108-9532-e715-6d62-10d5b7c35fe8" testName="SetAttributeValue_IntegerValueToFloatAttribute_Succeeds" computerName="ICSWS068" duration="00:00:00.3612404" startTime="2016-08-04T10:25:29.0281322+02:00" endTime="2016-08-04T10:25:29.3905448+02:00" testType="13cdc9d9-ddb5-4fa4-a97d-d965ccfc6d4b" outcome="Passed" testListId="8c84fa94-04c1-424b-9868-57a2d4851a1d" relativeResultsDirectory="1a97dc13-41a7-4f8a-96d2-50bd387212a6" />
    <UnitTestResult executionId="b8636a62-c4e6-4637-946a-dc3d34431f4d" testId="64ab5d91-586a-df18-6960-1b283c065dbd" testName="SetAttributeValue_FloatValueToStringAttribute_Succeeds" computerName="ICSWS068" duration="00:00:00.3425734" startTime="2016-08-04T10:25:29.3935512+02:00" endTime="2016-08-04T10:25:29.7373102+02:00" testType="13cdc9d9-ddb5-4fa4-a97d-d965ccfc6d4b" outcome="Passed" testListId="8c84fa94-04c1-424b-9868-57a2d4851a1d" relativeResultsDirectory="b8636a62-c4e6-4637-946a-dc3d34431f4d" />
    <UnitTestResult executionId="aef59a15-9940-4447-88a1-6108f9869b73" testId="c7826727-9346-2e17-a0b9-b219196728b0" testName="Import_NewPartnerImported_PartnerIsAdded" computerName="ICSWS068" duration="00:00:00.3778052" startTime="2016-08-04T10:25:29.7408128+02:00" endTime="2016-08-04T10:25:30.1196277+02:00" testType="13cdc9d9-ddb5-4fa4-a97d-d965ccfc6d4b" outcome="Passed" testListId="8c84fa94-04c1-424b-9868-57a2d4851a1d" relativeResultsDirectory="aef59a15-9940-4447-88a1-6108f9869b73" />
    <UnitTestResult executionId="4dbf52be-9aad-41ba-bbac-86c347074809" testId="f9f6b8d1-d8ee-08c9-c247-d8fbaa8d15d0" testName="Import_PartnerExists_PartnerIsOverwritten" computerName="ICSWS068" duration="00:00:00.3707003" startTime="2016-08-04T10:25:30.1226338+02:00" endTime="2016-08-04T10:25:30.4949342+02:00" testType="13cdc9d9-ddb5-4fa4-a97d-d965ccfc6d4b" outcome="Passed" testListId="8c84fa94-04c1-424b-9868-57a2d4851a1d" relativeResultsDirectory="4dbf52be-9aad-41ba-bbac-86c347074809" />
    <UnitTestResult executionId="85f4dd9f-8b5b-4bf5-831b-03de0a1cf700" testId="c0cfe906-0cc8-13f6-2c7b-981af9c6071c" testName="Import_PartnerExistsWithDifferentAttributeGroup_NoOrphanedReferencesForPartner" computerName="ICSWS068" duration="00:00:00.4227455" startTime="2016-08-04T10:25:30.4974518+02:00" endTime="2016-08-04T10:25:30.9217246+02:00" testType="13cdc9d9-ddb5-4fa4-a97d-d965ccfc6d4b" outcome="Passed" testListId="8c84fa94-04c1-424b-9868-57a2d4851a1d" relativeResultsDirectory="85f4dd9f-8b5b-4bf5-831b-03de0a1cf700" />
    <UnitTestResult executionId="0451fdd1-3f9f-4a75-b40d-1d89c7740172" testId="7c03aade-1328-6cd8-8ee0-ee7992fab003" testName="UpdateAllGroups_ComplexProperties_Success" computerName="ICSWS068" duration="00:00:00.3509442" startTime="2016-08-04T10:25:30.9247260+02:00" endTime="2016-08-04T10:25:31.2768300+02:00" testType="13cdc9d9-ddb5-4fa4-a97d-d965ccfc6d4b" outcome="Passed" testListId="8c84fa94-04c1-424b-9868-57a2d4851a1d" relativeResultsDirectory="0451fdd1-3f9f-4a75-b40d-1d89c7740172" />
    <UnitTestResult executionId="a3cb48a5-1d12-4aa0-b54e-eacbccbfa05e" testId="e04fc009-4f13-46bd-fd06-f0f9d3e93e98" testName="ListIsProtected_ComplexProperties_ReturnsProtectedPartners" computerName="ICSWS068" duration="00:00:04.7557315" startTime="2016-08-04T10:25:31.2853551+02:00" endTime="2016-08-04T10:25:36.0430871+02:00" testType="13cdc9d9-ddb5-4fa4-a97d-d965ccfc6d4b" outcome="Passed" testListId="8c84fa94-04c1-424b-9868-57a2d4851a1d" relativeResultsDirectory="a3cb48a5-1d12-4aa0-b54e-eacbccbfa05e" />
    <UnitTestResult executionId="ca86802b-4dcc-42a7-9e7c-f653f509e394" testId="bea306a4-e0d8-5b24-7cfb-69f8aa80954f" testName="DefaultValueFromAttribute_ExistingProtectedStringAttribute_ReturnsCorrectValue" computerName="ICSWS068" duration="00:00:01.8549541" startTime="2016-08-04T10:25:36.0460894+02:00" endTime="2016-08-04T10:25:37.9028074+02:00" testType="13cdc9d9-ddb5-4fa4-a97d-d965ccfc6d4b" outcome="Passed" testListId="8c84fa94-04c1-424b-9868-57a2d4851a1d" relativeResultsDirectory="ca86802b-4dcc-42a7-9e7c-f653f509e394" />
    <UnitTestResult executionId="83b8ef8a-cfbd-4c1c-954a-43f49601d136" testId="7d5e1238-6694-d1e8-cf5c-ad4d24c47315" testName="DefaultValueFromAttribute_ExistingProtectedIntegerAttribute_ReturnsCorrectValue" computerName="ICSWS068" duration="00:00:01.7097707" startTime="2016-08-04T10:25:37.9057935+02:00" endTime="2016-08-04T10:25:39.6173635+02:00" testType="13cdc9d9-ddb5-4fa4-a97d-d965ccfc6d4b" outcome="Passed" testListId="8c84fa94-04c1-424b-9868-57a2d4851a1d" relativeResultsDirectory="83b8ef8a-cfbd-4c1c-954a-43f49601d136" />
    <UnitTestResult executionId="01047a29-9641-41a3-b974-63f7ce16ace0" testId="c1ee07ca-aab7-d890-2eb9-8aa05686288b" testName="DefaultValueFromAttribute_ExistingProtectedFloatAttribute_ReturnsCorrectValue" computerName="ICSWS068" duration="00:00:01.8525885" startTime="2016-08-04T10:25:39.6198647+02:00" endTime="2016-08-04T10:25:41.4746126+02:00" testType="13cdc9d9-ddb5-4fa4-a97d-d965ccfc6d4b" outcome="Passed" testListId="8c84fa94-04c1-424b-9868-57a2d4851a1d" relativeResultsDirectory="01047a29-9641-41a3-b974-63f7ce16ace0" />
    <UnitTestResult executionId="8a221806-8f84-4845-85d9-e3cc3615854f" testId="ababfbf7-9405-fb0f-e1e5-00844f5a1f51" testName="DefaultValueFromAttribute_ExistingProtectedStringAttributeWithNoDefault_ReturnsCorrectValue" computerName="ICSWS068" duration="00:00:01.9705308" startTime="2016-08-04T10:25:41.4776149+02:00" endTime="2016-08-04T10:25:43.4503417+02:00" testType="13cdc9d9-ddb5-4fa4-a97d-d965ccfc6d4b" outcome="Passed" testListId="8c84fa94-04c1-424b-9868-57a2d4851a1d" relativeResultsDirectory="8a221806-8f84-4845-85d9-e3cc3615854f" />
    <UnitTestResult executionId="28c58957-29dc-44f7-be46-86abc9fc7978" testId="a5df494e-0f91-e56e-4e28-cee5b99055f0" testName="ValueFromAttributeValue_ExistingProtectedStringAttribute_ReturnsCorrectValue" computerName="ICSWS068" duration="00:00:01.7496357" startTime="2016-08-04T10:25:43.4528637+02:00" endTime="2016-08-04T10:25:45.2045571+02:00" testType="13cdc9d9-ddb5-4fa4-a97d-d965ccfc6d4b" outcome="Passed" testListId="8c84fa94-04c1-424b-9868-57a2d4851a1d" relativeResultsDirectory="28c58957-29dc-44f7-be46-86abc9fc7978" />
    <UnitTestResult executionId="63dbda2e-3416-4b5b-aca1-c36472617a90" testId="b0597656-e653-f565-e2ad-bae485d2600c" testName="ValueFromAttributeValue_ExistingProtectedIntegerAttribute_ReturnsCorrectValue" computerName="ICSWS068" duration="00:00:01.7574429" startTime="2016-08-04T10:25:45.2080579+02:00" endTime="2016-08-04T10:25:46.9688288+02:00" testType="13cdc9d9-ddb5-4fa4-a97d-d965ccfc6d4b" outcome="Passed" testListId="8c84fa94-04c1-424b-9868-57a2d4851a1d" relativeResultsDirectory="63dbda2e-3416-4b5b-aca1-c36472617a90" />
    <UnitTestResult executionId="b8797136-2456-4760-aeee-7c03c65c2386" testId="23afb1be-6ccc-3a44-afe4-e1aece1e788e" testName="ValueFromAttributeValue_ExistingProtectedFloatAttribute_ReturnsCorrectValue" computerName="ICSWS068" duration="00:00:01.7500504" startTime="2016-08-04T10:25:46.9713305+02:00" endTime="2016-08-04T10:25:48.7235037+02:00" testType="13cdc9d9-ddb5-4fa4-a97d-d965ccfc6d4b" outcome="Passed" testListId="8c84fa94-04c1-424b-9868-57a2d4851a1d" relativeResultsDirectory="b8797136-2456-4760-aeee-7c03c65c2386" />
    <UnitTestResult executionId="7b983b8f-868c-4920-b1c2-6b1a51ebbed2" testId="047b4df2-8e38-2e44-e914-dfb4cd0c4efd" testName="UpdateAllGroups_ExistingProtectedStringAttribute_PersistsEncryptedValue" computerName="ICSWS068" duration="00:00:01.7940831" startTime="2016-08-04T10:25:48.7265057+02:00" endTime="2016-08-04T10:25:50.5223883+02:00" testType="13cdc9d9-ddb5-4fa4-a97d-d965ccfc6d4b" outcome="Passed" testListId="8c84fa94-04c1-424b-9868-57a2d4851a1d" relativeResultsDirectory="7b983b8f-868c-4920-b1c2-6b1a51ebbed2" />
    <UnitTestResult executionId="1fe02fa7-432e-4b35-88e3-e191541c1b89" testId="5008ebd0-681c-b351-bf24-07a0a322ca84" testName="UpdateAllGroups_ExistingProtectedIntegerAttribute_PersistsEncryptedValue" computerName="ICSWS068" duration="00:00:01.7466707" startTime="2016-08-04T10:25:50.5248733+02:00" endTime="2016-08-04T10:25:52.2736248+02:00" testType="13cdc9d9-ddb5-4fa4-a97d-d965ccfc6d4b" outcome="Passed" testListId="8c84fa94-04c1-424b-9868-57a2d4851a1d" relativeResultsDirectory="1fe02fa7-432e-4b35-88e3-e191541c1b89" />
    <UnitTestResult executionId="4a395ec1-6832-4f91-847a-525357cf8052" testId="d03930c5-b0e2-5048-ba4a-be518d0f52c9" testName="UpdateAllGroups_ExistingProtectedFloatAttribute_PersistsEncryptedValue" computerName="ICSWS068" duration="00:00:01.6859009" startTime="2016-08-04T10:25:52.2761233+02:00" endTime="2016-08-04T10:25:53.9632896+02:00" testType="13cdc9d9-ddb5-4fa4-a97d-d965ccfc6d4b" outcome="Passed" testListId="8c84fa94-04c1-424b-9868-57a2d4851a1d" relativeResultsDirectory="4a395ec1-6832-4f91-847a-525357cf8052" />
    <UnitTestResult executionId="8068d2b4-3d6a-4aa1-a6af-6accba57092a" testId="da9c4d69-3ae4-1558-5cff-b4f63420bfe6" testName="GetAttributeValue_ExistingProtectedStringAttributeWithIntegerGenericTypeArgument_ReturnsCorrectValue" computerName="ICSWS068" duration="00:00:01.7994563" startTime="2016-08-04T10:25:53.9662916+02:00" endTime="2016-08-04T10:25:55.7676399+02:00" testType="13cdc9d9-ddb5-4fa4-a97d-d965ccfc6d4b" outcome="Passed" testListId="8c84fa94-04c1-424b-9868-57a2d4851a1d" relativeResultsDirectory="8068d2b4-3d6a-4aa1-a6af-6accba57092a" />
    <UnitTestResult executionId="bd2cacc8-5d4d-47b1-b264-433a0ea63906" testId="75236a23-266d-794e-c5c8-2f94ce33fe31" testName="GetAttributeValue_ExistingProtectedIntegerAttributeWithIntegerGenericTypeArgument_ReturnsCorrectValue" computerName="ICSWS068" duration="00:00:02.1360369" startTime="2016-08-04T10:25:55.7716465+02:00" endTime="2016-08-04T10:25:57.9100207+02:00" testType="13cdc9d9-ddb5-4fa4-a97d-d965ccfc6d4b" outcome="Passed" testListId="8c84fa94-04c1-424b-9868-57a2d4851a1d" relativeResultsDirectory="bd2cacc8-5d4d-47b1-b264-433a0ea63906" />
    <UnitTestResult executionId="58cf5082-f039-4f05-9470-8252d794ef36" testId="bd50d61f-d0a1-ea5b-c5e4-02ca22fa443e" testName="GetAttributeValue_ExistingProtectedFloatAttributeWithIntegerGenericTypeArgument_ReturnsCorrectValue" computerName="ICSWS068" duration="00:00:01.9493768" startTime="2016-08-04T10:25:57.9130233+02:00" endTime="2016-08-04T10:25:59.8643115+02:00" testType="13cdc9d9-ddb5-4fa4-a97d-d965ccfc6d4b" outcome="Passed" testListId="8c84fa94-04c1-424b-9868-57a2d4851a1d" relativeResultsDirectory="58cf5082-f039-4f05-9470-8252d794ef36" />
    <UnitTestResult executionId="e443bdcb-b59b-47fe-ab7e-9fa9906ba8c4" testId="bab4ba7d-174f-d606-ebb5-ec8dcc8a9239" testName="SetAttributeValue_ExistingProtectedStringAttributeWithIntegerGenericTypeArgument_ReturnsCorrectValue" computerName="ICSWS068" duration="00:00:01.8771961" startTime="2016-08-04T10:25:59.8703155+02:00" endTime="2016-08-04T10:26:01.7505299+02:00" testType="13cdc9d9-ddb5-4fa4-a97d-d965ccfc6d4b" outcome="Passed" testListId="8c84fa94-04c1-424b-9868-57a2d4851a1d" relativeResultsDirectory="e443bdcb-b59b-47fe-ab7e-9fa9906ba8c4" />
    <UnitTestResult executionId="2216848b-b40d-48ff-be9f-5a7b58bc59ae" testId="b8a6c853-ff09-20c0-c526-35173ec31c29" testName="SetAttributeValue_ExistingProtectedIntegerAttributeWithIntegerGenericTypeArgument_ReturnsCorrectValue" computerName="ICSWS068" duration="00:00:01.7156412" startTime="2016-08-04T10:26:01.7536067+02:00" endTime="2016-08-04T10:26:03.4707942+02:00" testType="13cdc9d9-ddb5-4fa4-a97d-d965ccfc6d4b" outcome="Passed" testListId="8c84fa94-04c1-424b-9868-57a2d4851a1d" relativeResultsDirectory="2216848b-b40d-48ff-be9f-5a7b58bc59ae" />
    <UnitTestResult executionId="c7d3400c-15f3-4e1a-99d1-3ea5599d11fb" testId="7b819451-2d91-85ca-418e-e99ee0f34c9e" testName="SetAttributeValue_ExistingProtectedFloatAttributeWithIntegerGenericTypeArgument_ReturnsCorrectValue" computerName="ICSWS068" duration="00:00:01.6892178" startTime="2016-08-04T10:26:03.4742982+02:00" endTime="2016-08-04T10:26:05.1656275+02:00" testType="13cdc9d9-ddb5-4fa4-a97d-d965ccfc6d4b" outcome="Passed" testListId="8c84fa94-04c1-424b-9868-57a2d4851a1d" relativeResultsDirectory="c7d3400c-15f3-4e1a-99d1-3ea5599d11fb" />
    <UnitTestResult executionId="77be7d33-d842-4b20-82ad-5ec477fdf7ce" testId="a01a793c-fbb5-e11b-27cd-6102bf715d49" testName="SetAttributeValue_ExistingProtectedFloatSetWithNewFloatAndSystemNotEncrypted_ValueIsSetUnEncrypted" computerName="ICSWS068" duration="00:00:00.6845203" startTime="2016-08-04T10:26:05.1681289+02:00" endTime="2016-08-04T10:26:05.8543680+02:00" testType="13cdc9d9-ddb5-4fa4-a97d-d965ccfc6d4b" outcome="Passed" testListId="8c84fa94-04c1-424b-9868-57a2d4851a1d" relativeResultsDirectory="77be7d33-d842-4b20-82ad-5ec477fdf7ce" />
    <UnitTestResult executionId="32258433-03da-4426-af2e-eb6564445079" testId="b12ba9d7-d5b6-0ff7-e38e-f66d3a34ef5a" testName="SetAttributeValue_ExistingProtectedFloatSetWithNewFloatAndSystemEncryptionDeactivated_ValueIsSetUnEncrypted" computerName="ICSWS068" duration="00:00:02.6941423" startTime="2016-08-04T10:26:05.8573703+02:00" endTime="2016-08-04T10:26:08.5529699+02:00" testType="13cdc9d9-ddb5-4fa4-a97d-d965ccfc6d4b" outcome="Passed" testListId="8c84fa94-04c1-424b-9868-57a2d4851a1d" relativeResultsDirectory="32258433-03da-4426-af2e-eb6564445079" />
    <UnitTestResult executionId="d16f4699-a17d-4716-9f8b-a9d541c165ed" testId="fc8d325f-9e8f-10e6-b415-7575fc756335" testName="SetAttributeValue_ExistingProtectedIntegerSetWithNewIntegerAndSystemNotEncrypted_ValueIsSetUnEncrypted" computerName="ICSWS068" duration="00:00:00.6688819" startTime="2016-08-04T10:26:08.5564734+02:00" endTime="2016-08-04T10:26:09.2270646+02:00" testType="13cdc9d9-ddb5-4fa4-a97d-d965ccfc6d4b" outcome="Passed" testListId="8c84fa94-04c1-424b-9868-57a2d4851a1d" relativeResultsDirectory="d16f4699-a17d-4716-9f8b-a9d541c165ed" />
    <UnitTestResult executionId="6c1b5cb8-55b8-4732-83c9-c9dc2d85d413" testId="68ad3f53-a292-eb31-50f3-675ae26d4b13" testName="SetAttributeValue_ExistingProtectedIntegerSetWithNewIntegerAndSystemEncryptionDeactivated_ValueIsSetUnEncrypted" computerName="ICSWS068" duration="00:00:02.7242560" startTime="2016-08-04T10:26:09.2305669+02:00" endTime="2016-08-04T10:26:11.9566293+02:00" testType="13cdc9d9-ddb5-4fa4-a97d-d965ccfc6d4b" outcome="Passed" testListId="8c84fa94-04c1-424b-9868-57a2d4851a1d" relativeResultsDirectory="6c1b5cb8-55b8-4732-83c9-c9dc2d85d413" />
    <UnitTestResult executionId="100f0fd2-9fd0-4a14-a817-dc0a697fffac" testId="0eae4b68-64e1-4e88-2119-271f532f6fe2" testName="SetAttributeValue_ExistingProtectedStringSetWithNewStringAndSystemNotEncrypted_ValueIsSetUnEncrypted" computerName="ICSWS068" duration="00:00:00.6696197" startTime="2016-08-04T10:26:11.9601298+02:00" endTime="2016-08-04T10:26:12.6309703+02:00" testType="13cdc9d9-ddb5-4fa4-a97d-d965ccfc6d4b" outcome="Passed" testListId="8c84fa94-04c1-424b-9868-57a2d4851a1d" relativeResultsDirectory="100f0fd2-9fd0-4a14-a817-dc0a697fffac" />
    <UnitTestResult executionId="6c1737cb-fbca-44ae-a489-fc92b0b30e6f" testId="15b5d1fd-012b-eb3c-01bd-57510adc058b" testName="SetAttributeValue_ExistingProtectedStringSetWithNewStringAndSystemEncryptionDeactivated_ValueIsSetUnEncrypted" computerName="ICSWS068" duration="00:00:02.7437837" startTime="2016-08-04T10:26:12.6348553+02:00" endTime="2016-08-04T10:26:15.3804142+02:00" testType="13cdc9d9-ddb5-4fa4-a97d-d965ccfc6d4b" outcome="Passed" testListId="8c84fa94-04c1-424b-9868-57a2d4851a1d" relativeResultsDirectory="6c1737cb-fbca-44ae-a489-fc92b0b30e6f" />
    <UnitTestResult executionId="b11308f9-8457-415c-8e90-fa7e28b21293" testId="30ae7bd2-e43e-5ec9-2789-b10440a3830a" testName="Validate_UpdateOnProtectedChangedAttributeUserDoesNotHaveRestrictedOperationDataAccess_Throws" computerName="ICSWS068" duration="00:00:00.3552236" startTime="2016-08-04T10:26:15.3834165+02:00" endTime="2016-08-04T10:26:15.7404450+02:00" testType="13cdc9d9-ddb5-4fa4-a97d-d965ccfc6d4b" outcome="Passed" testListId="8c84fa94-04c1-424b-9868-57a2d4851a1d" relativeResultsDirectory="b11308f9-8457-415c-8e90-fa7e28b21293" />
    <UnitTestResult executionId="8f024a92-2321-473c-bf8d-b5fd28576858" testId="5782d02e-f411-181c-3008-ef3904371712" testName="Validate_UpdateOnProtectedChangedAttributeUserHaveRestrictedOperationDataAccess_Succeeds" computerName="ICSWS068" duration="00:00:00.3418928" startTime="2016-08-04T10:26:15.7439476+02:00" endTime="2016-08-04T10:26:16.0874591+02:00" testType="13cdc9d9-ddb5-4fa4-a97d-d965ccfc6d4b" outcome="Passed" testListId="8c84fa94-04c1-424b-9868-57a2d4851a1d" relativeResultsDirectory="8f024a92-2321-473c-bf8d-b5fd28576858" />
    <UnitTestResult executionId="62b7858e-2f14-4585-99ed-005876c97fa3" testId="fe705e9b-0c6b-be63-f053-441ecdbf62c4" testName="Validate_UnmodifiedProtectedAttributeTypeUserDoesNotHaveRestrictedOperationModifyProtectableConcurrentUpdateOfDefaultValue_Success" computerName="ICSWS068" duration="00:00:00.3689004" startTime="2016-08-04T10:26:16.0904614+02:00" endTime="2016-08-04T10:26:16.4608794+02:00" testType="13cdc9d9-ddb5-4fa4-a97d-d965ccfc6d4b" outcome="Passed" testListId="8c84fa94-04c1-424b-9868-57a2d4851a1d" relativeResultsDirectory="62b7858e-2f14-4585-99ed-005876c97fa3" />
    <UnitTestResult executionId="7a52e339-8a3c-4f48-b1fc-73e5910345ce" testId="3012ed98-06e3-08ae-eec0-32daf7513abe" testName="Validate_UnmodifiedProtectedAttributeUserDoesNotHaveRestrictedOperationModifyProtectableConcurrentUpdateOfValue_Success" computerName="ICSWS068" duration="00:00:00.3654647" startTime="2016-08-04T10:26:16.4638802+02:00" endTime="2016-08-04T10:26:16.8307303+02:00" testType="13cdc9d9-ddb5-4fa4-a97d-d965ccfc6d4b" outcome="Passed" testListId="8c84fa94-04c1-424b-9868-57a2d4851a1d" relativeResultsDirectory="7a52e339-8a3c-4f48-b1fc-73e5910345ce" />
    <UnitTestResult executionId="61e1c633-bf51-4506-a8b5-e452acf8bfc5" testId="feb5047d-34ae-9270-58c7-368fbeefcb36" testName="SetAttributeValue_ProtectionPerformanceTest_Success" computerName="ICSWS068" duration="00:00:01.9292705" startTime="2016-08-04T10:26:16.8337326+02:00" endTime="2016-08-04T10:26:18.7645871+02:00" testType="13cdc9d9-ddb5-4fa4-a97d-d965ccfc6d4b" outcome="Passed" testListId="8c84fa94-04c1-424b-9868-57a2d4851a1d" relativeResultsDirectory="61e1c633-bf51-4506-a8b5-e452acf8bfc5">
      <Output>
        <StdOut>Debug Trace:
Not protected: 0,167536 ms 	 Protected: 0,471252333333333 ms</StdOut>
      </Output>
    </UnitTestResult>
    <UnitTestResult executionId="fe34f6d4-6c76-4991-92b3-17107ecef6d2" testId="74ad51f6-53ca-c015-f25c-2f8808b3ed39" testName="SetAttributeValue_ProtectionPerformanceTestWithRuntimeService_Success" computerName="ICSWS068" duration="00:00:01.8520588" startTime="2016-08-04T10:26:18.7675880+02:00" endTime="2016-08-04T10:26:20.6213077+02:00" testType="13cdc9d9-ddb5-4fa4-a97d-d965ccfc6d4b" outcome="Passed" testListId="8c84fa94-04c1-424b-9868-57a2d4851a1d" relativeResultsDirectory="fe34f6d4-6c76-4991-92b3-17107ecef6d2">
      <Output>
        <StdOut>Debug Trace:
Not protected: 0,197423666666667 ms 	 Protected: 0,292444 ms</StdOut>
      </Output>
    </UnitTestResult>
    <UnitTestResult executionId="562dcce9-7c52-429a-a8e5-10188cab4bdb" testId="469e0cb7-953e-4632-6e37-650d2619a83a" testName="GetAttributeValue_ProtectionPerformanceTest_Success" computerName="ICSWS068" duration="00:00:01.8767061" startTime="2016-08-04T10:26:20.6243133+02:00" endTime="2016-08-04T10:26:22.5026977+02:00" testType="13cdc9d9-ddb5-4fa4-a97d-d965ccfc6d4b" outcome="Passed" testListId="8c84fa94-04c1-424b-9868-57a2d4851a1d" relativeResultsDirectory="562dcce9-7c52-429a-a8e5-10188cab4bdb">
      <Output>
        <StdOut>Debug Trace:
Not protected: 0,101576666666667 ms 	 Protected: 0,397674 ms</StdOut>
      </Output>
    </UnitTestResult>
    <UnitTestResult executionId="c16b5aa2-2440-42fa-80fb-50ffbbb05176" testId="44beaa3e-25a9-0b74-89dc-395092fff65f" testName="GetAttributeValue_ProtectionPerformanceTestWithRuntimeService_Success" computerName="ICSWS068" duration="00:00:01.8172661" startTime="2016-08-04T10:26:22.5061997+02:00" endTime="2016-08-04T10:26:24.3254582+02:00" testType="13cdc9d9-ddb5-4fa4-a97d-d965ccfc6d4b" outcome="Passed" testListId="8c84fa94-04c1-424b-9868-57a2d4851a1d" relativeResultsDirectory="c16b5aa2-2440-42fa-80fb-50ffbbb05176">
      <Output>
        <StdOut>Debug Trace:
Not protected: 0,0954396666666667 ms 	 Protected: 0,214627666666667 ms</StdOut>
      </Output>
    </UnitTestResult>
    <UnitTestResult executionId="a7b0c4da-7cc0-4217-ac3c-69a3ae520828" testId="55c14e9f-7232-58ce-a450-a872160106c2" testName="TrackedPropertyStates_AttributeTypeFetchedFromRepository_AllStatesAreFalse" computerName="ICSWS068" duration="00:00:00.3375372" startTime="2016-08-04T10:26:24.3279602+02:00" endTime="2016-08-04T10:26:24.6674536+02:00" testType="13cdc9d9-ddb5-4fa4-a97d-d965ccfc6d4b" outcome="Passed" testListId="8c84fa94-04c1-424b-9868-57a2d4851a1d" relativeResultsDirectory="a7b0c4da-7cc0-4217-ac3c-69a3ae520828" />
    <UnitTestResult executionId="1063cf64-6d79-4b40-b7b8-65d1641a7285" testId="65255e3b-dbe7-5c68-ab6d-2157f3e72df8" testName="TrackedPropertyStates_AttributeTypeFetchedFromRepository_ThereAreTwoTrackedProperties" computerName="ICSWS068" duration="00:00:00.3549330" startTime="2016-08-04T10:26:24.6699553+02:00" endTime="2016-08-04T10:26:25.0264325+02:00" testType="13cdc9d9-ddb5-4fa4-a97d-d965ccfc6d4b" outcome="Passed" testListId="8c84fa94-04c1-424b-9868-57a2d4851a1d" relativeResultsDirectory="1063cf64-6d79-4b40-b7b8-65d1641a7285" />
    <UnitTestResult executionId="cd3ed1ad-90ba-4212-b8c6-23bce1806d7c" testId="5a668c84-ea12-3c36-f40c-c1849ead727b" testName="TrackedPropertyStates_IsProtectedIsChangedOnAttributeType_IsProtectedStateIsTrue" computerName="ICSWS068" duration="00:00:00.3585256" startTime="2016-08-04T10:26:25.0294348+02:00" endTime="2016-08-04T10:26:25.3894202+02:00" testType="13cdc9d9-ddb5-4fa4-a97d-d965ccfc6d4b" outcome="Passed" testListId="8c84fa94-04c1-424b-9868-57a2d4851a1d" relativeResultsDirectory="cd3ed1ad-90ba-4212-b8c6-23bce1806d7c" />
    <UnitTestResult executionId="3e698d15-cafc-41b8-8fe9-3bc66ce7c605" testId="abe46090-dcc1-8874-750c-9b30dccf2947" testName="TrackedPropertyStates_DefaultValueIsChangedOnAttributeType_DefaultValueStateIsTrue" computerName="ICSWS068" duration="00:00:00.3417374" startTime="2016-08-04T10:26:25.3929240+02:00" endTime="2016-08-04T10:26:25.7365509+02:00" testType="13cdc9d9-ddb5-4fa4-a97d-d965ccfc6d4b" outcome="Passed" testListId="8c84fa94-04c1-424b-9868-57a2d4851a1d" relativeResultsDirectory="3e698d15-cafc-41b8-8fe9-3bc66ce7c605" />
    <UnitTestResult executionId="26a3cc21-7552-4c6c-8070-c5db4f4aa012" testId="f6d52587-9aa8-a7bd-b7a5-782dc8b127df" testName="TrackedPropertyStates_IsProtectedIsSetWithSameValueOnAttributeType_IsProtectedStateIsFalse" computerName="ICSWS068" duration="00:00:00.3390935" startTime="2016-08-04T10:26:25.7390530+02:00" endTime="2016-08-04T10:26:26.0800774+02:00" testType="13cdc9d9-ddb5-4fa4-a97d-d965ccfc6d4b" outcome="Passed" testListId="8c84fa94-04c1-424b-9868-57a2d4851a1d" relativeResultsDirectory="26a3cc21-7552-4c6c-8070-c5db4f4aa012" />
    <UnitTestResult executionId="5a58c64d-c837-408a-a29e-106a027b93bd" testId="5a9b0890-a2fd-acbd-6e51-1d141db459cf" testName="TrackedPropertyStates_DefaultValueIsSetWithSameValueOnAttributeType_DefaultValueStateIsFalse" computerName="ICSWS068" duration="00:00:00.4040597" startTime="2016-08-04T10:26:26.0830984+02:00" endTime="2016-08-04T10:26:26.4886868+02:00" testType="13cdc9d9-ddb5-4fa4-a97d-d965ccfc6d4b" outcome="Passed" testListId="8c84fa94-04c1-424b-9868-57a2d4851a1d" relativeResultsDirectory="5a58c64d-c837-408a-a29e-106a027b93bd" />
    <UnitTestResult executionId="4aa0dd47-71be-427e-916f-09e8f9c3b818" testId="ab57f6ff-cecc-5ef2-4d6f-66eb347c7a24" testName="TrackedPropertyStates_IsProtectedIsChangedOnAttributeTypeThenUpdated_IsProtectedStateIsFalse" computerName="ICSWS068" duration="00:00:00.3400694" startTime="2016-08-04T10:26:26.4936912+02:00" endTime="2016-08-04T10:26:26.8348246+02:00" testType="13cdc9d9-ddb5-4fa4-a97d-d965ccfc6d4b" outcome="Passed" testListId="8c84fa94-04c1-424b-9868-57a2d4851a1d" relativeResultsDirectory="4aa0dd47-71be-427e-916f-09e8f9c3b818" />
    <UnitTestResult executionId="727744d1-55ae-4059-8794-23c27c5e02ff" testId="0608b06b-04c2-ca56-2130-327070c514f8" testName="TrackedPropertyStates_DefaultValueIsChangedOnAttributeTypeThenUpdated_DefaultValueStateIsFalse" computerName="ICSWS068" duration="00:00:00.3416365" startTime="2016-08-04T10:26:26.8378111+02:00" endTime="2016-08-04T10:26:27.1806516+02:00" testType="13cdc9d9-ddb5-4fa4-a97d-d965ccfc6d4b" outcome="Passed" testListId="8c84fa94-04c1-424b-9868-57a2d4851a1d" relativeResultsDirectory="727744d1-55ae-4059-8794-23c27c5e02ff" />
    <UnitTestResult executionId="95043521-2e21-414c-b784-af7c5d9dd6f4" testId="6ec4c302-c8fc-bb70-e341-76524d31d1fa" testName="TrackedPropertyStates_OnAttributeValueFetchedFromRepository_AllStatesAreFalse" computerName="ICSWS068" duration="00:00:00.3348443" startTime="2016-08-04T10:26:27.1836524+02:00" endTime="2016-08-04T10:26:27.5200194+02:00" testType="13cdc9d9-ddb5-4fa4-a97d-d965ccfc6d4b" outcome="Passed" testListId="8c84fa94-04c1-424b-9868-57a2d4851a1d" relativeResultsDirectory="95043521-2e21-414c-b784-af7c5d9dd6f4" />
    <UnitTestResult executionId="31a633b6-02c9-4bdb-b3bf-4914b85cd205" testId="524a4e9a-936d-ecca-57c8-28ecf37ec339" testName="TrackedPropertyStates_OnAttributeValueFetchedFromRepository_ThereIsOneTrackedProperty" computerName="ICSWS068" duration="00:00:00.3645506" startTime="2016-08-04T10:26:27.5230226+02:00" endTime="2016-08-04T10:26:27.8890108+02:00" testType="13cdc9d9-ddb5-4fa4-a97d-d965ccfc6d4b" outcome="Passed" testListId="8c84fa94-04c1-424b-9868-57a2d4851a1d" relativeResultsDirectory="31a633b6-02c9-4bdb-b3bf-4914b85cd205" />
    <UnitTestResult executionId="8ab0e77d-ccf5-42a9-ad8f-615a71fe5b6d" testId="c64e79ef-6812-8c32-6f1b-37fe8e533629" testName="TrackedPropertyStates_ValueIsChangedOnAttributeValue_ValuesStateIsTrue" computerName="ICSWS068" duration="00:00:00.3240270" startTime="2016-08-04T10:26:27.8915120+02:00" endTime="2016-08-04T10:26:28.2178894+02:00" testType="13cdc9d9-ddb5-4fa4-a97d-d965ccfc6d4b" outcome="Passed" testListId="8c84fa94-04c1-424b-9868-57a2d4851a1d" relativeResultsDirectory="8ab0e77d-ccf5-42a9-ad8f-615a71fe5b6d" />
    <UnitTestResult executionId="4ac4b160-3ae5-4e53-bc35-77bfce0bbb7a" testId="6476de4c-20b9-a7ad-bedf-95ce93d3c4b5" testName="TrackedPropertyStates_ValueIsChangedThenSetWithSameValueOnAttributeValue_ValuesStateIsTrue" computerName="ICSWS068" duration="00:00:00.3352487" startTime="2016-08-04T10:26:28.2208902+02:00" endTime="2016-08-04T10:26:28.5573936+02:00" testType="13cdc9d9-ddb5-4fa4-a97d-d965ccfc6d4b" outcome="Passed" testListId="8c84fa94-04c1-424b-9868-57a2d4851a1d" relativeResultsDirectory="4ac4b160-3ae5-4e53-bc35-77bfce0bbb7a" />
    <UnitTestResult executionId="c1eb38ab-b7e8-40a5-8c67-71722f4663d0" testId="2d4b0ea6-7af5-8f05-8cdd-a7a58fc3f268" testName="TrackedPropertyStates_StringValueIsSetWithSameValueOnAttributeValue_ValuesStateIsFalse" computerName="ICSWS068" duration="00:00:00.3330968" startTime="2016-08-04T10:26:28.5603968+02:00" endTime="2016-08-04T10:26:28.8950597+02:00" testType="13cdc9d9-ddb5-4fa4-a97d-d965ccfc6d4b" outcome="Passed" testListId="8c84fa94-04c1-424b-9868-57a2d4851a1d" relativeResultsDirectory="c1eb38ab-b7e8-40a5-8c67-71722f4663d0" />
    <UnitTestResult executionId="fd4cda7d-f83d-4a4a-af0c-ae1438256a60" testId="36414e8a-63c9-544e-5b96-8ca566a02fb8" testName="TrackedPropertyStates_IntegerValueIsSetWithSameValueOnAttributeValue_ValuesStateIsFalse" computerName="ICSWS068" duration="00:00:00.3639700" startTime="2016-08-04T10:26:28.8980620+02:00" endTime="2016-08-04T10:26:29.2636566+02:00" testType="13cdc9d9-ddb5-4fa4-a97d-d965ccfc6d4b" outcome="Passed" testListId="8c84fa94-04c1-424b-9868-57a2d4851a1d" relativeResultsDirectory="fd4cda7d-f83d-4a4a-af0c-ae1438256a60" />
    <UnitTestResult executionId="bf9d79ef-506c-4752-9da6-0ba29393a325" testId="81eaa915-736b-191e-02f1-63cdf0ad0382" testName="TrackedPropertyStates_FloatValueIsSetWithSameValueOnAttributeValue_ValuesStateIsFalse" computerName="ICSWS068" duration="00:00:00.3381005" startTime="2016-08-04T10:26:29.2661581+02:00" endTime="2016-08-04T10:26:29.6055420+02:00" testType="13cdc9d9-ddb5-4fa4-a97d-d965ccfc6d4b" outcome="Passed" testListId="8c84fa94-04c1-424b-9868-57a2d4851a1d" relativeResultsDirectory="bf9d79ef-506c-4752-9da6-0ba29393a325" />
    <UnitTestResult executionId="02bb23e2-419e-4d22-8d8f-bb22d6b250c6" testId="ae5699aa-d851-7dde-691a-d5816a81c2a3" testName="TrackedPropertyStates_ValueIsChangedOnAttributeValueThenUpdated_ValuesStateIsFalse" computerName="ICSWS068" duration="00:00:00.3368935" startTime="2016-08-04T10:26:29.6085311+02:00" endTime="2016-08-04T10:26:29.9468439+02:00" testType="13cdc9d9-ddb5-4fa4-a97d-d965ccfc6d4b" outcome="Passed" testListId="8c84fa94-04c1-424b-9868-57a2d4851a1d" relativeResultsDirectory="02bb23e2-419e-4d22-8d8f-bb22d6b250c6" />
    <UnitTestResult executionId="2ebfc0d9-d862-4d66-983f-e50c7bc27549" testId="e5eec7a5-563a-415d-be03-151369198e42" testName="TrackedPropertyStates_ValueIsChangedOnAttributeValueAttributeNotProtectedSystemEncrypted_ValuesStateIsTrue" computerName="ICSWS068" duration="00:00:01.3935013" startTime="2016-08-04T10:26:29.9498459+02:00" endTime="2016-08-04T10:26:31.3444726+02:00" testType="13cdc9d9-ddb5-4fa4-a97d-d965ccfc6d4b" outcome="Passed" testListId="8c84fa94-04c1-424b-9868-57a2d4851a1d" relativeResultsDirectory="2ebfc0d9-d862-4d66-983f-e50c7bc27549" />
    <UnitTestResult executionId="b79c6cc0-84d6-4072-976f-0969811d4f68" testId="2d964892-d54b-354f-e1a2-1720a3b5be34" testName="TrackedPropertyStates_ValueIsChangedOnAttributeValueAttributeProtectedSystemEncrypted_ValuesStateIsTrue" computerName="ICSWS068" duration="00:00:01.3561555" startTime="2016-08-04T10:26:31.3479754+02:00" endTime="2016-08-04T10:26:32.7054632+02:00" testType="13cdc9d9-ddb5-4fa4-a97d-d965ccfc6d4b" outcome="Passed" testListId="8c84fa94-04c1-424b-9868-57a2d4851a1d" relativeResultsDirectory="b79c6cc0-84d6-4072-976f-0969811d4f68" />
    <UnitTestResult executionId="fdf98dfe-22e3-4194-88e4-fb3b54c519fd" testId="ab764159-4147-07f5-b6c8-ed51d4a0a9de" testName="RepositoryEntityTypeId_ReturnsPartner" computerName="ICSWS068" duration="00:00:00.3240475" startTime="2016-08-04T10:26:32.7084655+02:00" endTime="2016-08-04T10:26:33.0343796+02:00" testType="13cdc9d9-ddb5-4fa4-a97d-d965ccfc6d4b" outcome="Passed" testListId="8c84fa94-04c1-424b-9868-57a2d4851a1d" relativeResultsDirectory="fdf98dfe-22e3-4194-88e4-fb3b54c519fd" />
    <UnitTestResult executionId="60b10c24-8acc-4363-82e3-3baa01fa8e92" testId="ae45ea86-510f-820e-4f76-507f41b59852" testName="RepositoryEntityType_ReturnsIPartner" computerName="ICSWS068" duration="00:00:00.3267301" startTime="2016-08-04T10:26:33.0383822+02:00" endTime="2016-08-04T10:26:33.3666024+02:00" testType="13cdc9d9-ddb5-4fa4-a97d-d965ccfc6d4b" outcome="Passed" testListId="8c84fa94-04c1-424b-9868-57a2d4851a1d" relativeResultsDirectory="60b10c24-8acc-4363-82e3-3baa01fa8e92" />
    <UnitTestResult executionId="3af8dde1-e019-4389-8681-9c8efbd0c6b8" testId="956bc26b-b8c9-7004-4e64-f2407cb8a366" testName="RepositorySystemContext_MatchesActualSystemContext" computerName="ICSWS068" duration="00:00:00.3196018" startTime="2016-08-04T10:26:33.3696047+02:00" endTime="2016-08-04T10:26:33.6907291+02:00" testType="13cdc9d9-ddb5-4fa4-a97d-d965ccfc6d4b" outcome="Passed" testListId="8c84fa94-04c1-424b-9868-57a2d4851a1d" relativeResultsDirectory="3af8dde1-e019-4389-8681-9c8efbd0c6b8" />
    <UnitTestResult executionId="ecb611dc-7298-4c03-aad6-17faa3ce71a5" testId="8a66d751-3a91-6b68-312d-162647392db8" testName="Exists_PartnerAttributeTypeKey_ThrowsArgumentException" computerName="ICSWS068" duration="00:00:00.3258046" startTime="2016-08-04T10:26:33.6937344+02:00" endTime="2016-08-04T10:26:34.0207106+02:00" testType="13cdc9d9-ddb5-4fa4-a97d-d965ccfc6d4b" outcome="Passed" testListId="8c84fa94-04c1-424b-9868-57a2d4851a1d" relativeResultsDirectory="ecb611dc-7298-4c03-aad6-17faa3ce71a5" />
    <UnitTestResult executionId="734b7801-849f-4ae7-80e5-16d4bced9347" testId="978978ef-5e15-4bc8-97f6-b13d61957141" testName="Exists_KnownPartnerKey_ReturnsTrue (Data Row 0)" computerName="ICSWS068" duration="00:00:00.3405535" startTime="2016-08-04T08:26:34.0300160+02:00" endTime="2016-08-04T08:26:34.3706026+02:00" testType="13cdc9d9-ddb5-4fa4-a97d-d965ccfc6d4b" outcome="Passed" testListId="8c84fa94-04c1-424b-9868-57a2d4851a1d" relativeResultsDirectory="734b7801-849f-4ae7-80e5-16d4bced9347" />
    <UnitTestResult executionId="6cd57396-f221-4102-af2a-79ec1261612c" testId="803883db-e514-4a3f-9f11-2d51cc3990f8" testName="Exists_KnownPartnerKey_ReturnsTrue (Data Row 1)" computerName="ICSWS068" duration="00:00:00.3382076" startTime="2016-08-04T08:26:34.3706026+02:00" endTime="2016-08-04T08:26:34.7090500+02:00" testType="13cdc9d9-ddb5-4fa4-a97d-d965ccfc6d4b" outcome="Passed" testListId="8c84fa94-04c1-424b-9868-57a2d4851a1d" relativeResultsDirectory="6cd57396-f221-4102-af2a-79ec1261612c" />
    <UnitTestResult executionId="9ae187e1-6e6a-464d-80bb-81e16840e90f" testId="b6a082f4-a323-41c3-8b29-fbe0767a6dd0" testName="Exists_KnownPartnerKey_ReturnsTrue (Data Row 2)" computerName="ICSWS068" duration="00:00:00.3312042" startTime="2016-08-04T08:26:34.7090500+02:00" endTime="2016-08-04T08:26:35.0400915+02:00" testType="13cdc9d9-ddb5-4fa4-a97d-d965ccfc6d4b" outcome="Passed" testListId="8c84fa94-04c1-424b-9868-57a2d4851a1d" relativeResultsDirectory="9ae187e1-6e6a-464d-80bb-81e16840e90f" />
    <UnitTestResult executionId="75000544-a578-486a-8e5f-5342c467a877" testId="b25d8b93-46f5-419a-9023-08f316e5b7ee" testName="Exists_KnownPartnerKey_ReturnsTrue (Data Row 3)" computerName="ICSWS068" duration="00:00:00.3343511" startTime="2016-08-04T08:26:35.0400915+02:00" endTime="2016-08-04T08:26:35.3748656+02:00" testType="13cdc9d9-ddb5-4fa4-a97d-d965ccfc6d4b" outcome="Passed" testListId="8c84fa94-04c1-424b-9868-57a2d4851a1d" relativeResultsDirectory="75000544-a578-486a-8e5f-5342c467a877" />
    <UnitTestResult executionId="ac12ce7e-aac3-4a9d-8e3f-c5ad628767bc" testId="a35f6af5-ab7e-98f4-3a54-4cbbdf1b7079" testName="Exists_NonExistingPartnerKey_ReturnsFalse" computerName="ICSWS068" duration="00:00:00.3294796" startTime="2016-08-04T10:26:35.3780518+02:00" endTime="2016-08-04T10:26:35.7089529+02:00" testType="13cdc9d9-ddb5-4fa4-a97d-d965ccfc6d4b" outcome="Passed" testListId="8c84fa94-04c1-424b-9868-57a2d4851a1d" relativeResultsDirectory="ac12ce7e-aac3-4a9d-8e3f-c5ad628767bc" />
    <UnitTestResult executionId="c47760d6-3004-4c1a-a64c-799c0b685d22" testId="224e7587-b393-ebbc-f145-37ab4d38b64e" testName="CreateInstance_CreatesNewPartner" computerName="ICSWS068" duration="00:00:00.3391512" startTime="2016-08-04T10:26:35.7109543+02:00" endTime="2016-08-04T10:26:36.0524778+02:00" testType="13cdc9d9-ddb5-4fa4-a97d-d965ccfc6d4b" outcome="Passed" testListId="8c84fa94-04c1-424b-9868-57a2d4851a1d" relativeResultsDirectory="c47760d6-3004-4c1a-a64c-799c0b685d22" />
    <UnitTestResult executionId="eac7459b-e398-41d6-ad73-1a0ad4c61be8" testId="7b540154-74fc-44d2-a02d-a339ad7e90a2" testName="List_ContainsEachKnownPartnerOnce (Data Row 0)" computerName="ICSWS068" duration="00:00:00.3413192" startTime="2016-08-04T08:26:36.0574971+02:00" endTime="2016-08-04T08:26:36.3990778+02:00" testType="13cdc9d9-ddb5-4fa4-a97d-d965ccfc6d4b" outcome="Passed" testListId="8c84fa94-04c1-424b-9868-57a2d4851a1d" relativeResultsDirectory="eac7459b-e398-41d6-ad73-1a0ad4c61be8" />
    <UnitTestResult executionId="14dd3066-2d43-4cdb-8809-2825942f06b7" testId="a11fe1bf-5ca8-4e14-9ce8-4ba5b9d3f231" testName="List_ContainsEachKnownPartnerOnce (Data Row 1)" computerName="ICSWS068" duration="00:00:00.3358023" startTime="2016-08-04T08:26:36.3990778+02:00" endTime="2016-08-04T08:26:36.7348774+02:00" testType="13cdc9d9-ddb5-4fa4-a97d-d965ccfc6d4b" outcome="Passed" testListId="8c84fa94-04c1-424b-9868-57a2d4851a1d" relativeResultsDirectory="14dd3066-2d43-4cdb-8809-2825942f06b7" />
    <UnitTestResult executionId="00282251-e2b3-498f-874e-d6d53eee7f6a" testId="bd950fae-7e24-4cd5-aaf4-101bd29fb543" testName="List_ContainsEachKnownPartnerOnce (Data Row 2)" computerName="ICSWS068" duration="00:00:00.3714420" startTime="2016-08-04T08:26:36.7348774+02:00" endTime="2016-08-04T08:26:37.1063417+02:00" testType="13cdc9d9-ddb5-4fa4-a97d-d965ccfc6d4b" outcome="Passed" testListId="8c84fa94-04c1-424b-9868-57a2d4851a1d" relativeResultsDirectory="00282251-e2b3-498f-874e-d6d53eee7f6a" />
    <UnitTestResult executionId="cca755a6-bb2b-4111-ac84-b4c9a8ed4585" testId="55630a2b-114d-425a-a9b7-74629d2817fd" testName="List_ContainsEachKnownPartnerOnce (Data Row 3)" computerName="ICSWS068" duration="00:00:00.3271984" startTime="2016-08-04T08:26:37.1063417+02:00" endTime="2016-08-04T08:26:37.4335775+02:00" testType="13cdc9d9-ddb5-4fa4-a97d-d965ccfc6d4b" outcome="Passed" testListId="8c84fa94-04c1-424b-9868-57a2d4851a1d" relativeResultsDirectory="cca755a6-bb2b-4111-ac84-b4c9a8ed4585" />
    <UnitTestResult executionId="8636af8b-1549-40bd-a19e-1217dcac2971" testId="2b7e32f3-f3e4-17e6-785b-d2f9a18ade67" testName="List_ShouldSetSystemContextCorrectly" computerName="ICSWS068" duration="00:00:00.3304429" startTime="2016-08-04T10:26:37.4370795+02:00" endTime="2016-08-04T10:26:37.7691618+02:00" testType="13cdc9d9-ddb5-4fa4-a97d-d965ccfc6d4b" outcome="Passed" testListId="8c84fa94-04c1-424b-9868-57a2d4851a1d" relativeResultsDirectory="8636af8b-1549-40bd-a19e-1217dcac2971" />
    <UnitTestResult executionId="fe8642fd-14d5-4a49-955f-fd514227fe8a" testId="48354bcd-ee81-ce4c-7ed3-94657b9e966b" testName="GetByName_NullName_ThrowsArgumentNullException" computerName="ICSWS068" duration="00:00:00.3287720" startTime="2016-08-04T10:26:37.7721691+02:00" endTime="2016-08-04T10:26:38.1025852+02:00" testType="13cdc9d9-ddb5-4fa4-a97d-d965ccfc6d4b" outcome="Passed" testListId="8c84fa94-04c1-424b-9868-57a2d4851a1d" relativeResultsDirectory="fe8642fd-14d5-4a49-955f-fd514227fe8a" />
    <UnitTestResult executionId="345f2a76-4190-41b6-9e29-7eb75a09cca7" testId="0d86ca12-8457-a636-f7df-7bf96f8a1d4a" testName="GetByName_NonExistingName_ThrowsEntityNotFoundException" computerName="ICSWS068" duration="00:00:00.3354598" startTime="2016-08-04T10:26:38.1055863+02:00" endTime="2016-08-04T10:26:38.4423979+02:00" testType="13cdc9d9-ddb5-4fa4-a97d-d965ccfc6d4b" outcome="Passed" testListId="8c84fa94-04c1-424b-9868-57a2d4851a1d" relativeResultsDirectory="345f2a76-4190-41b6-9e29-7eb75a09cca7" />
    <UnitTestResult executionId="0f104961-b949-41df-805b-3189a3694188" testId="83890734-5e81-4db1-bb4c-cd6a01ede398" testName="GetByName_KnownPartnerName_ReturnsEntityWithCorrectProperties (Data Row 0)" computerName="ICSWS068" duration="00:00:00.3314203" startTime="2016-08-04T08:26:38.4474028+02:00" endTime="2016-08-04T08:26:38.7788074+02:00" testType="13cdc9d9-ddb5-4fa4-a97d-d965ccfc6d4b" outcome="Passed" testListId="8c84fa94-04c1-424b-9868-57a2d4851a1d" relativeResultsDirectory="0f104961-b949-41df-805b-3189a3694188" />
    <UnitTestResult executionId="5b8d906f-7826-49ce-bff2-1d63cfff3437" testId="413a26c9-1693-4967-8efb-c299ac361a74" testName="GetByName_KnownPartnerName_ReturnsEntityWithCorrectProperties (Data Row 1)" computerName="ICSWS068" duration="00:00:00.3272615" startTime="2016-08-04T08:26:38.7788074+02:00" endTime="2016-08-04T08:26:39.1058148+02:00" testType="13cdc9d9-ddb5-4fa4-a97d-d965ccfc6d4b" outcome="Passed" testListId="8c84fa94-04c1-424b-9868-57a2d4851a1d" relativeResultsDirectory="5b8d906f-7826-49ce-bff2-1d63cfff3437" />
    <UnitTestResult executionId="ef652c44-7e6f-435c-b6ca-b33d7f189d47" testId="c34cc421-b9e1-45d7-82be-7f870653ede7" testName="GetByName_KnownPartnerName_ReturnsEntityWithCorrectProperties (Data Row 2)" computerName="ICSWS068" duration="00:00:00.3262114" startTime="2016-08-04T08:26:39.1058148+02:00" endTime="2016-08-04T08:26:39.4313520+02:00" testType="13cdc9d9-ddb5-4fa4-a97d-d965ccfc6d4b" outcome="Passed" testListId="8c84fa94-04c1-424b-9868-57a2d4851a1d" relativeResultsDirectory="ef652c44-7e6f-435c-b6ca-b33d7f189d47" />
    <UnitTestResult executionId="2d179422-7e99-4410-be8f-7b768b37fe14" testId="f0dc6292-3de5-4152-bf82-6623242a6158" testName="GetByName_KnownPartnerName_ReturnsEntityWithCorrectProperties (Data Row 3)" computerName="ICSWS068" duration="00:00:00.3278143" startTime="2016-08-04T08:26:39.4313520+02:00" endTime="2016-08-04T08:26:39.7602731+02:00" testType="13cdc9d9-ddb5-4fa4-a97d-d965ccfc6d4b" outcome="Passed" testListId="8c84fa94-04c1-424b-9868-57a2d4851a1d" relativeResultsDirectory="2d179422-7e99-4410-be8f-7b768b37fe14" />
    <UnitTestResult executionId="27a790ea-ea22-409c-b050-defcf736e92a" testId="7b6e18e1-c7a8-13c6-0edf-e8d972ad03bb" testName="GetById_NewGuid_ThrowsEntityNotFoundException" computerName="ICSWS068" duration="00:00:00.3224812" startTime="2016-08-04T10:26:39.7637760+02:00" endTime="2016-08-04T10:26:40.0875588+02:00" testType="13cdc9d9-ddb5-4fa4-a97d-d965ccfc6d4b" outcome="Passed" testListId="8c84fa94-04c1-424b-9868-57a2d4851a1d" relativeResultsDirectory="27a790ea-ea22-409c-b050-defcf736e92a" />
    <UnitTestResult executionId="a705cd6b-edca-48b1-b19d-70811e744cd8" testId="b20435b9-ac91-4868-b019-1e646b8789f0" testName="GetById_KnownPartnerId_ReturnsEntityWithCorrectProperties (Data Row 0)" computerName="ICSWS068" duration="00:00:00.3194708" startTime="2016-08-04T08:26:40.0920625+02:00" endTime="2016-08-04T08:26:40.4109319+02:00" testType="13cdc9d9-ddb5-4fa4-a97d-d965ccfc6d4b" outcome="Passed" testListId="8c84fa94-04c1-424b-9868-57a2d4851a1d" relativeResultsDirectory="a705cd6b-edca-48b1-b19d-70811e744cd8" />
    <UnitTestResult executionId="6fb2ec9b-7199-49f4-97b5-71cbd3d9d536" testId="abfc7b98-df2c-43cb-a420-6f1227dc5705" testName="GetById_KnownPartnerId_ReturnsEntityWithCorrectProperties (Data Row 1)" computerName="ICSWS068" duration="00:00:00.3300028" startTime="2016-08-04T08:26:40.4109319+02:00" endTime="2016-08-04T08:26:40.7407966+02:00" testType="13cdc9d9-ddb5-4fa4-a97d-d965ccfc6d4b" outcome="Passed" testListId="8c84fa94-04c1-424b-9868-57a2d4851a1d" relativeResultsDirectory="6fb2ec9b-7199-49f4-97b5-71cbd3d9d536" />
    <UnitTestResult executionId="d5e3de3a-5b04-49da-8cf4-638b25b2a0b6" testId="84938746-2834-4418-b1ed-80bd1704999d" testName="GetById_KnownPartnerId_ReturnsEntityWithCorrectProperties (Data Row 2)" computerName="ICSWS068" duration="00:00:00.3175318" startTime="2016-08-04T08:26:40.7407966+02:00" endTime="2016-08-04T08:26:41.0593824+02:00" testType="13cdc9d9-ddb5-4fa4-a97d-d965ccfc6d4b" outcome="Passed" testListId="8c84fa94-04c1-424b-9868-57a2d4851a1d" relativeResultsDirectory="d5e3de3a-5b04-49da-8cf4-638b25b2a0b6" />
    <UnitTestResult executionId="7febb7fc-107b-46d9-bd67-383f54d5700e" testId="a655f27e-6e6c-4537-99ed-f3d82c3bebdb" testName="GetById_KnownPartnerId_ReturnsEntityWithCorrectProperties (Data Row 3)" computerName="ICSWS068" duration="00:00:00.3291817" startTime="2016-08-04T08:26:41.0593824+02:00" endTime="2016-08-04T08:26:41.3886205+02:00" testType="13cdc9d9-ddb5-4fa4-a97d-d965ccfc6d4b" outcome="Passed" testListId="8c84fa94-04c1-424b-9868-57a2d4851a1d" relativeResultsDirectory="7febb7fc-107b-46d9-bd67-383f54d5700e" />
    <UnitTestResult executionId="23eb352d-03f6-4899-b264-f3366634f4f6" testId="3b7c2f57-391c-a197-4437-aac456a95711" testName="GetByKey_NewGuid_ThrowsEntityNotFoundException" computerName="ICSWS068" duration="00:00:00.3263328" startTime="2016-08-04T10:26:41.3916225+02:00" endTime="2016-08-04T10:26:41.7197275+02:00" testType="13cdc9d9-ddb5-4fa4-a97d-d965ccfc6d4b" outcome="Passed" testListId="8c84fa94-04c1-424b-9868-57a2d4851a1d" relativeResultsDirectory="23eb352d-03f6-4899-b264-f3366634f4f6" />
    <UnitTestResult executionId="ea69cd01-868f-4fab-83fc-e8505383eeaa" testId="e8873623-c6b4-4c5f-a539-636793dd3ae9" testName="GetByKey_KnownKey_ReturnsEntityWithCorrectProperties (Data Row 0)" computerName="ICSWS068" duration="00:00:00.3552377" startTime="2016-08-04T08:26:41.7252353+02:00" endTime="2016-08-04T08:26:42.0804891+02:00" testType="13cdc9d9-ddb5-4fa4-a97d-d965ccfc6d4b" outcome="Passed" testListId="8c84fa94-04c1-424b-9868-57a2d4851a1d" relativeResultsDirectory="ea69cd01-868f-4fab-83fc-e8505383eeaa" />
    <UnitTestResult executionId="5355bf91-2a1e-4812-a433-b43057514c5f" testId="dc7e4939-1ec3-4c54-ad9f-08fcddb04890" testName="GetByKey_KnownKey_ReturnsEntityWithCorrectProperties (Data Row 1)" computerName="ICSWS068" duration="00:00:00.3281978" startTime="2016-08-04T08:26:42.0804891+02:00" endTime="2016-08-04T08:26:42.4086885+02:00" testType="13cdc9d9-ddb5-4fa4-a97d-d965ccfc6d4b" outcome="Passed" testListId="8c84fa94-04c1-424b-9868-57a2d4851a1d" relativeResultsDirectory="5355bf91-2a1e-4812-a433-b43057514c5f" />
    <UnitTestResult executionId="a44e3dcb-ae94-44d0-9421-acd7cf0c26d3" testId="217dba29-4a17-4688-82cd-0b1c84117f3c" testName="GetByKey_KnownKey_ReturnsEntityWithCorrectProperties (Data Row 2)" computerName="ICSWS068" duration="00:00:00.3226994" startTime="2016-08-04T08:26:42.4086885+02:00" endTime="2016-08-04T08:26:42.7316425+02:00" testType="13cdc9d9-ddb5-4fa4-a97d-d965ccfc6d4b" outcome="Passed" testListId="8c84fa94-04c1-424b-9868-57a2d4851a1d" relativeResultsDirectory="a44e3dcb-ae94-44d0-9421-acd7cf0c26d3" />
    <UnitTestResult executionId="dc371a18-166f-4aab-8a74-d85007114c3e" testId="2dcb56cf-9734-412e-a2d6-53cfb41a64db" testName="GetByKey_KnownKey_ReturnsEntityWithCorrectProperties (Data Row 3)" computerName="ICSWS068" duration="00:00:00.3793491" startTime="2016-08-04T08:26:42.7316425+02:00" endTime="2016-08-04T08:26:43.1106871+02:00" testType="13cdc9d9-ddb5-4fa4-a97d-d965ccfc6d4b" outcome="Passed" testListId="8c84fa94-04c1-424b-9868-57a2d4851a1d" relativeResultsDirectory="dc371a18-166f-4aab-8a74-d85007114c3e" />
    <UnitTestResult executionId="86ab588b-e521-4a46-a7c9-4e3a82310936" testId="b31d4b68-3e15-ba9d-2e27-21d097d1bac7" testName="GetByKey_UnsupportedKey_ThrowsArgumentException" computerName="ICSWS068" duration="00:00:00.3459813" startTime="2016-08-04T10:26:43.1141935+02:00" endTime="2016-08-04T10:26:43.4619140+02:00" testType="13cdc9d9-ddb5-4fa4-a97d-d965ccfc6d4b" outcome="Passed" testListId="8c84fa94-04c1-424b-9868-57a2d4851a1d" relativeResultsDirectory="86ab588b-e521-4a46-a7c9-4e3a82310936" />
    <UnitTestResult executionId="bd86d8bc-00a1-4398-bdb5-a44aeaf6e1ea" testId="8a9b430c-9c89-2b4f-7293-bb046f7042c3" testName="GetSubEntityByKey_EnumerateValidSystemPartnerAttributeValues_SystemPartnerAttributValuesAreReturned" computerName="ICSWS068" duration="00:00:00.3342041" startTime="2016-08-04T10:26:43.4649163+02:00" endTime="2016-08-04T10:26:43.8003689+02:00" testType="13cdc9d9-ddb5-4fa4-a97d-d965ccfc6d4b" outcome="Passed" testListId="8c84fa94-04c1-424b-9868-57a2d4851a1d" relativeResultsDirectory="bd86d8bc-00a1-4398-bdb5-a44aeaf6e1ea" />
    <UnitTestResult executionId="791abe6a-ab52-4bcc-8a3a-5fdedaec4b20" testId="c8cb47cf-224b-da85-0c97-c179cbc1c990" testName="GetSubEntityByKey_EnumerateValidSystemPartnerGroupInstanceValues_SystemPartnerGroupInstanceValuesAreReturned" computerName="ICSWS068" duration="00:00:00.3627216" startTime="2016-08-04T10:26:43.8032633+02:00" endTime="2016-08-04T10:26:44.1674841+02:00" testType="13cdc9d9-ddb5-4fa4-a97d-d965ccfc6d4b" outcome="Passed" testListId="8c84fa94-04c1-424b-9868-57a2d4851a1d" relativeResultsDirectory="791abe6a-ab52-4bcc-8a3a-5fdedaec4b20" />
    <UnitTestResult executionId="ba180c76-2801-43b5-a992-380cf495676a" testId="59fc31cd-7496-5286-e3ee-324d719e3cec" testName="GetSubEntityByKey_EnumerateValidSystemPartnerIdentities_SystemPartnerIdentitiesAreReturned" computerName="ICSWS068" duration="00:00:00.3238891" startTime="2016-08-04T10:26:44.1704846+02:00" endTime="2016-08-04T10:26:44.4956797+02:00" testType="13cdc9d9-ddb5-4fa4-a97d-d965ccfc6d4b" outcome="Passed" testListId="8c84fa94-04c1-424b-9868-57a2d4851a1d" relativeResultsDirectory="ba180c76-2801-43b5-a992-380cf495676a" />
    <UnitTestResult executionId="e5c288ad-8687-4612-9ca6-9b3b8b896ca3" testId="46952ea8-9784-15d6-8555-a103361df48a" testName="GetSubEntityByKey_InvokedWithInvalidPartnerAttributeValueId_EntityNotFoundExceptionIsThrown" computerName="ICSWS068" duration="00:00:00.3216543" startTime="2016-08-04T10:26:44.4986805+02:00" endTime="2016-08-04T10:26:44.8217064+02:00" testType="13cdc9d9-ddb5-4fa4-a97d-d965ccfc6d4b" outcome="Passed" testListId="8c84fa94-04c1-424b-9868-57a2d4851a1d" relativeResultsDirectory="e5c288ad-8687-4612-9ca6-9b3b8b896ca3" />
    <UnitTestResult executionId="bef1db61-fecd-4bc0-8aa7-12ec2b8302f4" testId="9f8771f3-8264-2a75-df2a-3d49d62ce34b" testName="GetSubEntityByKey_InvokedWithInvalidTypeId_ArgumentExceptionIsThrown" computerName="ICSWS068" duration="00:00:00.3239742" startTime="2016-08-04T10:26:44.8242078+02:00" endTime="2016-08-04T10:26:45.1497595+02:00" testType="13cdc9d9-ddb5-4fa4-a97d-d965ccfc6d4b" outcome="Passed" testListId="8c84fa94-04c1-424b-9868-57a2d4851a1d" relativeResultsDirectory="bef1db61-fecd-4bc0-8aa7-12ec2b8302f4" />
    <UnitTestResult executionId="306dadeb-25f0-4fb3-bb11-a7438a08cd74" testId="d953acac-2bad-a08a-8e00-cd17dd4230e9" testName="GetByIdentity_NonExistingIdentity_ThrowsEntityNotFoundException" computerName="ICSWS068" duration="00:00:00.3428635" startTime="2016-08-04T10:26:45.1522779+02:00" endTime="2016-08-04T10:26:45.4966275+02:00" testType="13cdc9d9-ddb5-4fa4-a97d-d965ccfc6d4b" outcome="Passed" testListId="8c84fa94-04c1-424b-9868-57a2d4851a1d" relativeResultsDirectory="306dadeb-25f0-4fb3-bb11-a7438a08cd74" />
    <UnitTestResult executionId="c57478a2-1e13-4267-8900-1d5e82bdc9ab" testId="b032a348-fe68-404a-8d37-4ab620bf5770" testName="GetByIdentity_KnownPartnerName_ReturnsEntityWithCorrectProperties (Data Row 0)" computerName="ICSWS068" duration="00:00:00.3273483" startTime="2016-08-04T08:26:45.5021315+02:00" endTime="2016-08-04T08:26:45.8293687+02:00" testType="13cdc9d9-ddb5-4fa4-a97d-d965ccfc6d4b" outcome="Passed" testListId="8c84fa94-04c1-424b-9868-57a2d4851a1d" relativeResultsDirectory="c57478a2-1e13-4267-8900-1d5e82bdc9ab" />
    <UnitTestResult executionId="933e372f-3cc6-496b-80b0-477facb052a0" testId="1b7ad452-cdba-41ed-bbf1-d07b7a02958f" testName="GetByIdentity_KnownPartnerName_ReturnsEntityWithCorrectProperties (Data Row 1)" computerName="ICSWS068" duration="00:00:00.3296717" startTime="2016-08-04T08:26:45.8293687+02:00" endTime="2016-08-04T08:26:46.1592596+02:00" testType="13cdc9d9-ddb5-4fa4-a97d-d965ccfc6d4b" outcome="Passed" testListId="8c84fa94-04c1-424b-9868-57a2d4851a1d" relativeResultsDirectory="933e372f-3cc6-496b-80b0-477facb052a0" />
    <UnitTestResult executionId="16f6890e-e816-40bd-afc6-69f72848b948" testId="db6aaa8f-b2e3-4c92-83ab-bceee9219c1c" testName="GetByIdentity_KnownPartnerName_ReturnsEntityWithCorrectProperties (Data Row 2)" computerName="ICSWS068" duration="00:00:00.3230956" startTime="2016-08-04T08:26:46.1592596+02:00" endTime="2016-08-04T08:26:46.4822421+02:00" testType="13cdc9d9-ddb5-4fa4-a97d-d965ccfc6d4b" outcome="Passed" testListId="8c84fa94-04c1-424b-9868-57a2d4851a1d" relativeResultsDirectory="16f6890e-e816-40bd-afc6-69f72848b948" />
    <UnitTestResult executionId="5f5d2f37-80d2-4843-963c-ba3598d68e02" testId="0db6b455-9366-4197-b7db-5f0ba89141da" testName="GetByIdentity_KnownPartnerName_ReturnsEntityWithCorrectProperties (Data Row 3)" computerName="ICSWS068" duration="00:00:00.3715783" startTime="2016-08-04T08:26:46.4822421+02:00" endTime="2016-08-04T08:26:46.8540302+02:00" testType="13cdc9d9-ddb5-4fa4-a97d-d965ccfc6d4b" outcome="Passed" testListId="8c84fa94-04c1-424b-9868-57a2d4851a1d" relativeResultsDirectory="5f5d2f37-80d2-4843-963c-ba3598d68e02" />
    <UnitTestResult executionId="113eca30-5488-4490-bd0e-81ee9eeb4465" testId="b761308f-12af-d425-234b-72da93f9d48b" testName="GetIdByIdentity_NonExistingName_ThrowsEntityNotFoundException" computerName="ICSWS068" duration="00:00:00.3287667" startTime="2016-08-04T10:26:46.8575175+02:00" endTime="2016-08-04T10:26:47.1879386+02:00" testType="13cdc9d9-ddb5-4fa4-a97d-d965ccfc6d4b" outcome="Passed" testListId="8c84fa94-04c1-424b-9868-57a2d4851a1d" relativeResultsDirectory="113eca30-5488-4490-bd0e-81ee9eeb4465" />
    <UnitTestResult executionId="fea9182c-946b-43da-b2f0-26e38359d99b" testId="79569ca1-c4f1-405f-aa3c-b693c896d761" testName="GetIdByIdentity_KnownPartnerName_ReturnsCorrectId (Data Row 0)" computerName="ICSWS068" duration="00:00:00.3572951" startTime="2016-08-04T08:26:47.1934426+02:00" endTime="2016-08-04T08:26:47.5505351+02:00" testType="13cdc9d9-ddb5-4fa4-a97d-d965ccfc6d4b" outcome="Passed" testListId="8c84fa94-04c1-424b-9868-57a2d4851a1d" relativeResultsDirectory="fea9182c-946b-43da-b2f0-26e38359d99b" />
    <UnitTestResult executionId="6d27e6b1-39d4-4bc6-b333-23fbfbfb14de" testId="8a4e2f57-20cd-498d-a2af-d06f26d2ac82" testName="GetIdByIdentity_KnownPartnerName_ReturnsCorrectId (Data Row 1)" computerName="ICSWS068" duration="00:00:00.3229586" startTime="2016-08-04T08:26:47.5505351+02:00" endTime="2016-08-04T08:26:47.8736844+02:00" testType="13cdc9d9-ddb5-4fa4-a97d-d965ccfc6d4b" outcome="Passed" testListId="8c84fa94-04c1-424b-9868-57a2d4851a1d" relativeResultsDirectory="6d27e6b1-39d4-4bc6-b333-23fbfbfb14de" />
    <UnitTestResult executionId="a09b93e5-b0cb-4012-a16f-0a8b5ac0a074" testId="e728bd7c-b006-41d5-9497-61b7c5622ba1" testName="GetIdByIdentity_KnownPartnerName_ReturnsCorrectId (Data Row 2)" computerName="ICSWS068" duration="00:00:00.3197347" startTime="2016-08-04T08:26:47.8736844+02:00" endTime="2016-08-04T08:26:48.1933062+02:00" testType="13cdc9d9-ddb5-4fa4-a97d-d965ccfc6d4b" outcome="Passed" testListId="8c84fa94-04c1-424b-9868-57a2d4851a1d" relativeResultsDirectory="a09b93e5-b0cb-4012-a16f-0a8b5ac0a074" />
    <UnitTestResult executionId="67c8e80b-70dc-4170-afd3-1d70001fd672" testId="b6fcc84a-b4a3-4362-9e6c-283f8ad77e0d" testName="GetIdByIdentity_KnownPartnerName_ReturnsCorrectId (Data Row 3)" computerName="ICSWS068" duration="00:00:00.3242680" startTime="2016-08-04T08:26:48.1933062+02:00" endTime="2016-08-04T08:26:48.5179107+02:00" testType="13cdc9d9-ddb5-4fa4-a97d-d965ccfc6d4b" outcome="Passed" testListId="8c84fa94-04c1-424b-9868-57a2d4851a1d" relativeResultsDirectory="67c8e80b-70dc-4170-afd3-1d70001fd672" />
    <UnitTestResult executionId="510cedbb-96d2-42eb-a07f-540d894c2a08" testId="74a651eb-218b-d1a2-4759-2efcebffdb3c" testName="Add_NullName_ThrowsConditionalErrorException" computerName="ICSWS068" duration="00:00:00.3607111" startTime="2016-08-04T10:26:48.5214121+02:00" endTime="2016-08-04T10:26:48.8839895+02:00" testType="13cdc9d9-ddb5-4fa4-a97d-d965ccfc6d4b" outcome="Passed" testListId="8c84fa94-04c1-424b-9868-57a2d4851a1d" relativeResultsDirectory="510cedbb-96d2-42eb-a07f-540d894c2a08" />
    <UnitTestResult executionId="7268edfb-49ab-4bd5-8df5-2a726a6d59c8" testId="67a15be7-99e8-cde8-a332-8218e136ba92" testName="Add_EmptyName_ThrowsStringLengthErrorException" computerName="ICSWS068" duration="00:00:00.3285615" startTime="2016-08-04T10:26:48.8865056+02:00" endTime="2016-08-04T10:26:49.2165469+02:00" testType="13cdc9d9-ddb5-4fa4-a97d-d965ccfc6d4b" outcome="Passed" testListId="8c84fa94-04c1-424b-9868-57a2d4851a1d" relativeResultsDirectory="7268edfb-49ab-4bd5-8df5-2a726a6d59c8" />
    <UnitTestResult executionId="bb54ca10-5b4c-495d-b8f6-7014264df7e2" testId="d021a554-88ba-afa8-7472-cc2cfb3118f2" testName="Add_WhiteSpaceOnlyName_ThrowsStringLengthErrorException" computerName="ICSWS068" duration="00:00:00.3483443" startTime="2016-08-04T10:26:49.2190639+02:00" endTime="2016-08-04T10:26:49.5696447+02:00" testType="13cdc9d9-ddb5-4fa4-a97d-d965ccfc6d4b" outcome="Passed" testListId="8c84fa94-04c1-424b-9868-57a2d4851a1d" relativeResultsDirectory="bb54ca10-5b4c-495d-b8f6-7014264df7e2" />
    <UnitTestResult executionId="47414f78-8681-464e-8887-55e00d4b9f73" testId="c3a56a3e-f7ab-2d23-82b4-fe028a8961bf" testName="Add_TooLongName_ThrowsStringLengthErrorException" computerName="ICSWS068" duration="00:00:00.3285321" startTime="2016-08-04T10:26:49.5721452+02:00" endTime="2016-08-04T10:26:49.9024000+02:00" testType="13cdc9d9-ddb5-4fa4-a97d-d965ccfc6d4b" outcome="Passed" testListId="8c84fa94-04c1-424b-9868-57a2d4851a1d" relativeResultsDirectory="47414f78-8681-464e-8887-55e00d4b9f73" />
    <UnitTestResult executionId="7a445462-6c9e-4a48-b15c-23dcebfaa895" testId="4dd939d0-a1bf-6cf3-f38f-1783c26bb487" testName="Add_LongDescription_Succeeds" computerName="ICSWS068" duration="00:00:00.3549174" startTime="2016-08-04T10:26:49.9049179+02:00" endTime="2016-08-04T10:26:50.2611332+02:00" testType="13cdc9d9-ddb5-4fa4-a97d-d965ccfc6d4b" outcome="Passed" testListId="8c84fa94-04c1-424b-9868-57a2d4851a1d" relativeResultsDirectory="7a445462-6c9e-4a48-b15c-23dcebfaa895" />
    <UnitTestResult executionId="9113947a-6704-4cdf-bb85-a343d8253d5c" testId="0801c37b-9e40-0529-d5ff-42d802c891ba" testName="Add_ValidProperties_IdAndTimesAreUpdatedCorrectly" computerName="ICSWS068" duration="00:00:00.3292374" startTime="2016-08-04T10:26:50.2642757+02:00" endTime="2016-08-04T10:26:50.5948668+02:00" testType="13cdc9d9-ddb5-4fa4-a97d-d965ccfc6d4b" outcome="Passed" testListId="8c84fa94-04c1-424b-9868-57a2d4851a1d" relativeResultsDirectory="9113947a-6704-4cdf-bb85-a343d8253d5c" />
    <UnitTestResult executionId="d4d8c676-1da8-4f3f-9212-89dab80f791a" testId="9e1efe99-03d3-5b09-9270-86547c4f209c" testName="Add_ComplexProperties_ArePersistedCorrectly" computerName="ICSWS068" duration="00:00:00.3592123" startTime="2016-08-04T10:26:50.5978689+02:00" endTime="2016-08-04T10:26:50.9583818+02:00" testType="13cdc9d9-ddb5-4fa4-a97d-d965ccfc6d4b" outcome="Passed" testListId="8c84fa94-04c1-424b-9868-57a2d4851a1d" relativeResultsDirectory="d4d8c676-1da8-4f3f-9212-89dab80f791a" />
    <UnitTestResult executionId="f08262d0-7f57-471c-b768-2ca2d84b73fe" testId="8ecb890a-bc86-c723-4aab-d68c7c4bbf4a" testName="Add_DuplicateName_ThrowsUniqueValueAddConflictException" computerName="ICSWS068" duration="00:00:00.3343235" startTime="2016-08-04T10:26:50.9623849+02:00" endTime="2016-08-04T10:26:51.2977619+02:00" testType="13cdc9d9-ddb5-4fa4-a97d-d965ccfc6d4b" outcome="Passed" testListId="8c84fa94-04c1-424b-9868-57a2d4851a1d" relativeResultsDirectory="f08262d0-7f57-471c-b768-2ca2d84b73fe" />
    <UnitTestResult executionId="549c0f60-cb4e-4678-9d24-39af8056bfea" testId="76625da6-b33d-3e6e-9daf-01ff905814da" testName="AddNoIdentity_ThrowsValidationErrorException" computerName="ICSWS068" duration="00:00:00.3234979" startTime="2016-08-04T10:26:51.3007478+02:00" endTime="2016-08-04T10:26:51.6257314+02:00" testType="13cdc9d9-ddb5-4fa4-a97d-d965ccfc6d4b" outcome="Passed" testListId="8c84fa94-04c1-424b-9868-57a2d4851a1d" relativeResultsDirectory="549c0f60-cb4e-4678-9d24-39af8056bfea" />
    <UnitTestResult executionId="a3790406-a079-423e-809f-638275ad81e0" testId="b07bec23-900b-6ee3-aa28-e86c712060fa" testName="Add_ValidArguments_CorrectPartnerAdded" computerName="ICSWS068" duration="00:00:00.3444980" startTime="2016-08-04T10:26:51.6287343+02:00" endTime="2016-08-04T10:26:51.9751041+02:00" testType="13cdc9d9-ddb5-4fa4-a97d-d965ccfc6d4b" outcome="Passed" testListId="8c84fa94-04c1-424b-9868-57a2d4851a1d" relativeResultsDirectory="a3790406-a079-423e-809f-638275ad81e0" />
    <UnitTestResult executionId="9c18c4cc-60c9-46c1-ad01-5dd418b2e6d2" testId="36e3b0d9-002b-567a-7f18-e430ef449c80" testName="Add_AttributeGroupsIsNull_CorrectPartnerAdded" computerName="ICSWS068" duration="00:00:00.3630844" startTime="2016-08-04T10:26:51.9781061+02:00" endTime="2016-08-04T10:26:52.3425163+02:00" testType="13cdc9d9-ddb5-4fa4-a97d-d965ccfc6d4b" outcome="Passed" testListId="8c84fa94-04c1-424b-9868-57a2d4851a1d" relativeResultsDirectory="9c18c4cc-60c9-46c1-ad01-5dd418b2e6d2" />
    <UnitTestResult executionId="70802a55-a6dd-497c-b90f-01828b3df5de" testId="c71f598e-a2f3-69a1-d439-533d9d176abb" testName="Add_AttributeGroupsIsEmpty_CorrectPartnerAdded" computerName="ICSWS068" duration="00:00:00.3240847" startTime="2016-08-04T10:26:52.3455201+02:00" endTime="2016-08-04T10:26:52.6709729+02:00" testType="13cdc9d9-ddb5-4fa4-a97d-d965ccfc6d4b" outcome="Passed" testListId="8c84fa94-04c1-424b-9868-57a2d4851a1d" relativeResultsDirectory="70802a55-a6dd-497c-b90f-01828b3df5de" />
    <UnitTestResult executionId="7a631763-68ce-4080-946b-6b44d4fb4744" testId="a0230e2f-f8ea-fe67-6b2f-5b958af3ec03" testName="Add_NonExistentAttributeGroup_ThrowsEntityNotFoundException" computerName="ICSWS068" duration="00:00:00.3334895" startTime="2016-08-04T10:26:52.6734904+02:00" endTime="2016-08-04T10:26:53.0084991+02:00" testType="13cdc9d9-ddb5-4fa4-a97d-d965ccfc6d4b" outcome="Passed" testListId="8c84fa94-04c1-424b-9868-57a2d4851a1d" relativeResultsDirectory="7a631763-68ce-4080-946b-6b44d4fb4744" />
    <UnitTestResult executionId="f83172eb-d520-47b7-ae5e-23c497a27572" testId="27c44be9-bfcf-7356-639c-9d05d33e1e94" testName="Copy_ValidArgumentsAndCopyValuesIsTrue_CorrectPartnerAdded" computerName="ICSWS068" duration="00:00:00.3797471" startTime="2016-08-04T10:26:53.0119850+02:00" endTime="2016-08-04T10:26:53.3932322+02:00" testType="13cdc9d9-ddb5-4fa4-a97d-d965ccfc6d4b" outcome="Passed" testListId="8c84fa94-04c1-424b-9868-57a2d4851a1d" relativeResultsDirectory="f83172eb-d520-47b7-ae5e-23c497a27572" />
    <UnitTestResult executionId="5b8d0609-ea71-48f3-8db3-061470d93cee" testId="2201e9b2-2add-f97f-78a9-f510ae67ae80" testName="Copy_ValidArgumentsAndCopyValuesIsFalse_CorrectPartnerAdded" computerName="ICSWS068" duration="00:00:00.3488759" startTime="2016-08-04T10:26:53.3967336+02:00" endTime="2016-08-04T10:26:53.7470341+02:00" testType="13cdc9d9-ddb5-4fa4-a97d-d965ccfc6d4b" outcome="Passed" testListId="8c84fa94-04c1-424b-9868-57a2d4851a1d" relativeResultsDirectory="5b8d0609-ea71-48f3-8db3-061470d93cee" />
    <UnitTestResult executionId="44387ce4-2ba0-4811-b669-cd8e6ad60fe0" testId="18f629ed-a752-461b-356b-549e78514e95" testName="Copy_TemplatePartnerIsNoneAndCopyValuesIsTrue_CorrectPartnerAdded" computerName="ICSWS068" duration="00:00:00.3298588" startTime="2016-08-04T10:26:53.7500352+02:00" endTime="2016-08-04T10:26:54.0811826+02:00" testType="13cdc9d9-ddb5-4fa4-a97d-d965ccfc6d4b" outcome="Passed" testListId="8c84fa94-04c1-424b-9868-57a2d4851a1d" relativeResultsDirectory="44387ce4-2ba0-4811-b669-cd8e6ad60fe0" />
    <UnitTestResult executionId="94143913-1395-486f-990c-15afd2693a05" testId="c6d8090e-5e32-5bae-a229-85c612db50e4" testName="Copy_TemplatePartnerIsNoneAndCopyValuesIsFalse_CorrectPartnerAdded" computerName="ICSWS068" duration="00:00:00.3318954" startTime="2016-08-04T10:26:54.0841720+02:00" endTime="2016-08-04T10:26:54.4178259+02:00" testType="13cdc9d9-ddb5-4fa4-a97d-d965ccfc6d4b" outcome="Passed" testListId="8c84fa94-04c1-424b-9868-57a2d4851a1d" relativeResultsDirectory="94143913-1395-486f-990c-15afd2693a05" />
    <UnitTestResult executionId="58d5ddc5-b1ec-4976-97cf-0b21379666d0" testId="882299fa-666c-cbcd-6735-1d977b8c1207" testName="Copy_TemplatePartnerDoesNotExist_Throws" computerName="ICSWS068" duration="00:00:00.3760046" startTime="2016-08-04T10:26:54.4203285+02:00" endTime="2016-08-04T10:26:54.7978429+02:00" testType="13cdc9d9-ddb5-4fa4-a97d-d965ccfc6d4b" outcome="Passed" testListId="8c84fa94-04c1-424b-9868-57a2d4851a1d" relativeResultsDirectory="58d5ddc5-b1ec-4976-97cf-0b21379666d0" />
    <UnitTestResult executionId="a2645056-8fba-4e5e-9cac-f6bbe371d8e9" testId="4c8791c0-6f73-4618-02bf-f971d023ed0d" testName="Copy_NameIsEmpty_Throws" computerName="ICSWS068" duration="00:00:00.3274981" startTime="2016-08-04T10:26:54.8008443+02:00" endTime="2016-08-04T10:26:55.1299097+02:00" testType="13cdc9d9-ddb5-4fa4-a97d-d965ccfc6d4b" outcome="Passed" testListId="8c84fa94-04c1-424b-9868-57a2d4851a1d" relativeResultsDirectory="a2645056-8fba-4e5e-9cac-f6bbe371d8e9" />
    <UnitTestResult executionId="6b9bfd11-1511-4773-8caa-0d148172f841" testId="1d15053b-8fce-2709-c385-b56744a4b521" testName="Copy_IdentityIsEmpty_Throws" computerName="ICSWS068" duration="00:00:00.3323869" startTime="2016-08-04T10:26:55.1339125+02:00" endTime="2016-08-04T10:26:55.4674761+02:00" testType="13cdc9d9-ddb5-4fa4-a97d-d965ccfc6d4b" outcome="Passed" testListId="8c84fa94-04c1-424b-9868-57a2d4851a1d" relativeResultsDirectory="6b9bfd11-1511-4773-8caa-0d148172f841" />
    <UnitTestResult executionId="6c339dca-e423-4982-a8fe-28260e255595" testId="6b5bd225-dda7-9ae4-f1d8-dc04dc441a3e" testName="AddAttributes_ValidArgumentsAnd2Attributes_AttributesAdded" computerName="ICSWS068" duration="00:00:00.3632334" startTime="2016-08-04T10:26:55.4704769+02:00" endTime="2016-08-04T10:26:55.8350941+02:00" testType="13cdc9d9-ddb5-4fa4-a97d-d965ccfc6d4b" outcome="Passed" testListId="8c84fa94-04c1-424b-9868-57a2d4851a1d" relativeResultsDirectory="6c339dca-e423-4982-a8fe-28260e255595" />
    <UnitTestResult executionId="5eec88a6-f20c-4278-a079-e9ccdf35de00" testId="bae1e4e6-07db-2781-184e-d6912e1b843d" testName="AddAttributes_ValidArgumentsAnd1Attribute_AttributesAdded" computerName="ICSWS068" duration="00:00:00.3490205" startTime="2016-08-04T10:26:55.8380964+02:00" endTime="2016-08-04T10:26:56.1881128+02:00" testType="13cdc9d9-ddb5-4fa4-a97d-d965ccfc6d4b" outcome="Passed" testListId="8c84fa94-04c1-424b-9868-57a2d4851a1d" relativeResultsDirectory="5eec88a6-f20c-4278-a079-e9ccdf35de00" />
    <UnitTestResult executionId="5ba1d908-e320-4e9c-b64b-92263c685fe4" testId="8d9516aa-8343-ca22-9e6f-4bde714c2b34" testName="AddAttributes_ValidArgumentsAndNoAttributes_NoAttributesAdded" computerName="ICSWS068" duration="00:00:00.3276814" startTime="2016-08-04T10:26:56.1911162+02:00" endTime="2016-08-04T10:26:56.5200277+02:00" testType="13cdc9d9-ddb5-4fa4-a97d-d965ccfc6d4b" outcome="Passed" testListId="8c84fa94-04c1-424b-9868-57a2d4851a1d" relativeResultsDirectory="5ba1d908-e320-4e9c-b64b-92263c685fe4" />
    <UnitTestResult executionId="657f691f-2912-4827-aa4b-e30566926400" testId="09563ca9-7068-0549-0b0f-fd0473babf14" testName="AddAttributes_ValidArgumentsAndNullAttributes_NoAttributesAdded" computerName="ICSWS068" duration="00:00:00.3260900" startTime="2016-08-04T10:26:56.5255144+02:00" endTime="2016-08-04T10:26:56.8528774+02:00" testType="13cdc9d9-ddb5-4fa4-a97d-d965ccfc6d4b" outcome="Passed" testListId="8c84fa94-04c1-424b-9868-57a2d4851a1d" relativeResultsDirectory="657f691f-2912-4827-aa4b-e30566926400" />
    <UnitTestResult executionId="8f670616-36d6-48e1-b510-5fb6b0081509" testId="17ef67d7-3951-49b9-f548-41fc478543cc" testName="AddAttributes_NonExistentAttribute_ThrowsEntityNotFoundException" computerName="ICSWS068" duration="00:00:00.3277049" startTime="2016-08-04T10:26:56.8558803+02:00" endTime="2016-08-04T10:26:57.1846832+02:00" testType="13cdc9d9-ddb5-4fa4-a97d-d965ccfc6d4b" outcome="Passed" testListId="8c84fa94-04c1-424b-9868-57a2d4851a1d" relativeResultsDirectory="8f670616-36d6-48e1-b510-5fb6b0081509" />
    <UnitTestResult executionId="d82549dc-d09c-4277-9d44-fcd7d285aaf6" testId="95ccfca1-e6f6-e940-b594-da1db25dbdee" testName="AddAttributes_NonExistentPartner_ThrowsEntityNotFoundException" computerName="ICSWS068" duration="00:00:00.3254721" startTime="2016-08-04T10:26:57.1876843+02:00" endTime="2016-08-04T10:26:57.5145245+02:00" testType="13cdc9d9-ddb5-4fa4-a97d-d965ccfc6d4b" outcome="Passed" testListId="8c84fa94-04c1-424b-9868-57a2d4851a1d" relativeResultsDirectory="d82549dc-d09c-4277-9d44-fcd7d285aaf6" />
    <UnitTestResult executionId="7a4129d8-3e2c-42bf-acc3-da550fd2bef0" testId="3256876c-3f35-fd1c-52b9-34fdaa589b3a" testName="AddAttributes_PartnerNoneAnd1Attribute_ThrowsArgumentException" computerName="ICSWS068" duration="00:00:00.3599129" startTime="2016-08-04T10:26:57.5175427+02:00" endTime="2016-08-04T10:26:57.8826578+02:00" testType="13cdc9d9-ddb5-4fa4-a97d-d965ccfc6d4b" outcome="Passed" testListId="8c84fa94-04c1-424b-9868-57a2d4851a1d" relativeResultsDirectory="7a4129d8-3e2c-42bf-acc3-da550fd2bef0" />
    <UnitTestResult executionId="2501cb1c-244e-4011-a28e-e8e8b3c8225c" testId="b3613f5e-546b-71d0-69df-e2a71a950579" testName="AddAttributes_ProtectedAttributeAndSystemSetToEncrypt_AttributesValueAddedEncryped" computerName="ICSWS068" duration="00:00:00.3385034" startTime="2016-08-04T10:26:57.8861610+02:00" endTime="2016-08-04T10:26:58.2261570+02:00" testType="13cdc9d9-ddb5-4fa4-a97d-d965ccfc6d4b" outcome="Passed" testListId="8c84fa94-04c1-424b-9868-57a2d4851a1d" relativeResultsDirectory="2501cb1c-244e-4011-a28e-e8e8b3c8225c" />
    <UnitTestResult executionId="fb14cc8e-1c44-415c-981d-26e1cf12388e" testId="e596dea5-5871-d1ce-fc76-b8a3b1f69bd6" testName="IsProtectedChangedToTrueOnAttributeType_SystemSetToEncrypt_AttributesValueEncrypted" computerName="ICSWS068" duration="00:00:00.6956382" startTime="2016-08-04T10:26:58.2291593+02:00" endTime="2016-08-04T10:26:58.9264184+02:00" testType="13cdc9d9-ddb5-4fa4-a97d-d965ccfc6d4b" outcome="Passed" testListId="8c84fa94-04c1-424b-9868-57a2d4851a1d" relativeResultsDirectory="fb14cc8e-1c44-415c-981d-26e1cf12388e" />
    <UnitTestResult executionId="58a0ee37-5f0b-448c-9684-5e4efbd2a699" testId="137f7dd9-6150-fe4d-ee6b-928d7279072a" testName="IsProtectedChangedToFalseOnAttributeType_SystemSetToEncrypt_AttributesValuesDecrypted" computerName="ICSWS068" duration="00:00:00.6834426" startTime="2016-08-04T10:26:58.9294236+02:00" endTime="2016-08-04T10:26:59.6143648+02:00" testType="13cdc9d9-ddb5-4fa4-a97d-d965ccfc6d4b" outcome="Passed" testListId="8c84fa94-04c1-424b-9868-57a2d4851a1d" relativeResultsDirectory="58a0ee37-5f0b-448c-9684-5e4efbd2a699" />
    <UnitTestResult executionId="dadda732-02fe-4fe3-b1ca-5c1f41044558" testId="15dd62d3-6b80-c663-b9a8-bba97c91a042" testName="IsProtectedResetToFalseOnAttributeType_SystemSetToEncrypt_AttributesValueEncrypted" computerName="ICSWS068" duration="00:00:00.6644348" startTime="2016-08-04T10:26:59.6188679+02:00" endTime="2016-08-04T10:27:00.2850363+02:00" testType="13cdc9d9-ddb5-4fa4-a97d-d965ccfc6d4b" outcome="Passed" testListId="8c84fa94-04c1-424b-9868-57a2d4851a1d" relativeResultsDirectory="dadda732-02fe-4fe3-b1ca-5c1f41044558" />
    <UnitTestResult executionId="80eeab72-55cb-407a-9eeb-b8eddec4c5ec" testId="1465538f-7aa7-cb4f-9a9f-dc9059fed05d" testName="Update_NullName_ThrowsConditionalErrorException" computerName="ICSWS068" duration="00:00:00.3251020" startTime="2016-08-04T10:27:00.2880383+02:00" endTime="2016-08-04T10:27:00.6142607+02:00" testType="13cdc9d9-ddb5-4fa4-a97d-d965ccfc6d4b" outcome="Passed" testListId="8c84fa94-04c1-424b-9868-57a2d4851a1d" relativeResultsDirectory="80eeab72-55cb-407a-9eeb-b8eddec4c5ec" />
    <UnitTestResult executionId="2ac30654-cac3-4510-b5a6-73bfe497a4c9" testId="4dc7a6d2-42ec-a49b-2be4-44bf32e622e6" testName="Update_EmtpyName_ThrowsStringLengthErrorException" computerName="ICSWS068" duration="00:00:00.3715408" startTime="2016-08-04T10:27:00.6172632+02:00" endTime="2016-08-04T10:27:00.9902915+02:00" testType="13cdc9d9-ddb5-4fa4-a97d-d965ccfc6d4b" outcome="Passed" testListId="8c84fa94-04c1-424b-9868-57a2d4851a1d" relativeResultsDirectory="2ac30654-cac3-4510-b5a6-73bfe497a4c9" />
    <UnitTestResult executionId="41e4d92a-7993-4362-b865-7aaf6b6af239" testId="b0ef61a4-cae3-5023-a11b-fac2f20aee3f" testName="Update_WhitespaceOnlyName_ThrowsStringLengthErrorException" computerName="ICSWS068" duration="00:00:00.3280600" startTime="2016-08-04T10:27:00.9937941+02:00" endTime="2016-08-04T10:27:01.3230662+02:00" testType="13cdc9d9-ddb5-4fa4-a97d-d965ccfc6d4b" outcome="Passed" testListId="8c84fa94-04c1-424b-9868-57a2d4851a1d" relativeResultsDirectory="41e4d92a-7993-4362-b865-7aaf6b6af239" />
    <UnitTestResult executionId="9d996db2-6f54-40d3-b45c-b9ee63c61472" testId="9787c482-14d0-b7b0-ed5a-9fd6524262b8" testName="Update_TooLongName_ThrowsStringLengthErrorException" computerName="ICSWS068" duration="00:00:00.3594769" startTime="2016-08-04T10:27:01.3260503+02:00" endTime="2016-08-04T10:27:01.6867723+02:00" testType="13cdc9d9-ddb5-4fa4-a97d-d965ccfc6d4b" outcome="Passed" testListId="8c84fa94-04c1-424b-9868-57a2d4851a1d" relativeResultsDirectory="9d996db2-6f54-40d3-b45c-b9ee63c61472" />
    <UnitTestResult executionId="465c93ff-d85c-417c-a478-d48cb24e9386" testId="e83c5634-d231-98c5-c710-75b8518b2c7a" testName="Update_LongDescription_Succeeds" computerName="ICSWS068" duration="00:00:00.3437385" startTime="2016-08-04T10:27:01.6897758+02:00" endTime="2016-08-04T10:27:02.0351811+02:00" testType="13cdc9d9-ddb5-4fa4-a97d-d965ccfc6d4b" outcome="Passed" testListId="8c84fa94-04c1-424b-9868-57a2d4851a1d" relativeResultsDirectory="465c93ff-d85c-417c-a478-d48cb24e9386" />
    <UnitTestResult executionId="b12b11ba-0220-4558-94c4-290e5fc8263b" testId="07ff3db5-21c0-ca15-2b71-1bd3515ab03f" testName="Update_DuplicateName_ThrowsUniqueValueAddConflictException" computerName="ICSWS068" duration="00:00:00.3630278" startTime="2016-08-04T10:27:02.0391848+02:00" endTime="2016-08-04T10:27:02.4034475+02:00" testType="13cdc9d9-ddb5-4fa4-a97d-d965ccfc6d4b" outcome="Passed" testListId="8c84fa94-04c1-424b-9868-57a2d4851a1d" relativeResultsDirectory="b12b11ba-0220-4558-94c4-290e5fc8263b" />
    <UnitTestResult executionId="2bc09a22-7191-4b16-8770-4a2757df42fa" testId="3c93cd23-94c5-f8ce-49bd-bd1d4da37b98" testName="Update_ComplexProperties_ArePersistedCorrectly" computerName="ICSWS068" duration="00:00:00.3693227" startTime="2016-08-04T10:27:02.4069501+02:00" endTime="2016-08-04T10:27:02.7776332+02:00" testType="13cdc9d9-ddb5-4fa4-a97d-d965ccfc6d4b" outcome="Passed" testListId="8c84fa94-04c1-424b-9868-57a2d4851a1d" relativeResultsDirectory="2bc09a22-7191-4b16-8770-4a2757df42fa" />
    <UnitTestResult executionId="6c8ee004-b7e7-47f9-8ac3-e2103098c46a" testId="181226fc-a990-4f90-9e4b-78c72006c8d4" testName="Update_UnchangedName_Succeeds" computerName="ICSWS068" duration="00:00:00.3920981" startTime="2016-08-04T10:27:02.7811355+02:00" endTime="2016-08-04T10:27:03.1745564+02:00" testType="13cdc9d9-ddb5-4fa4-a97d-d965ccfc6d4b" outcome="Passed" testListId="8c84fa94-04c1-424b-9868-57a2d4851a1d" relativeResultsDirectory="6c8ee004-b7e7-47f9-8ac3-e2103098c46a" />
    <UnitTestResult executionId="c1389486-043c-4dea-af56-9c25b8817f6b" testId="7fac8de0-f2de-c0e3-3e1b-653656e3cd1b" testName="Update_ProtectedAttributesValueChandedAndSystemSetToEncrypt_AttributesValueEncryped" computerName="ICSWS068" duration="00:00:00.7561300" startTime="2016-08-04T10:27:03.1780590+02:00" endTime="2016-08-04T10:27:03.9351097+02:00" testType="13cdc9d9-ddb5-4fa4-a97d-d965ccfc6d4b" outcome="Passed" testListId="8c84fa94-04c1-424b-9868-57a2d4851a1d" relativeResultsDirectory="c1389486-043c-4dea-af56-9c25b8817f6b" />
    <UnitTestResult executionId="7938f548-30d6-436c-96ad-f36e94cd0cfd" testId="8337a32a-ca7b-1d55-1ac5-09bbc62c7a2a" testName="Delete_ExistingDeletablePartner_SuccessfullyDeletesPartner" computerName="ICSWS068" duration="00:00:00.3714080" startTime="2016-08-04T10:27:03.9381115+02:00" endTime="2016-08-04T10:27:04.3111315+02:00" testType="13cdc9d9-ddb5-4fa4-a97d-d965ccfc6d4b" outcome="Passed" testListId="8c84fa94-04c1-424b-9868-57a2d4851a1d" relativeResultsDirectory="7938f548-30d6-436c-96ad-f36e94cd0cfd" />
    <UnitTestResult executionId="00091171-c069-4531-a6a6-0ec5a5df35b5" testId="5f38b2ba-f839-1e32-28ca-10578739e1d4" testName="Delete_NonExistingId_ThrowsEntityNotFoundException" computerName="ICSWS068" duration="00:00:00.3543066" startTime="2016-08-04T10:27:04.3141332+02:00" endTime="2016-08-04T10:27:04.6703829+02:00" testType="13cdc9d9-ddb5-4fa4-a97d-d965ccfc6d4b" outcome="Passed" testListId="8c84fa94-04c1-424b-9868-57a2d4851a1d" relativeResultsDirectory="00091171-c069-4531-a6a6-0ec5a5df35b5" />
    <UnitTestResult executionId="897afe3b-d07c-493f-9fa1-0d5da7bafae4" testId="85265aff-8e65-857c-0618-c5c441d91c5b" testName="Delete_UnusedPartner_SuccessfullyDeletesPartner" computerName="ICSWS068" duration="00:00:00.3804646" startTime="2016-08-04T10:27:04.6743857+02:00" endTime="2016-08-04T10:27:05.0566452+02:00" testType="13cdc9d9-ddb5-4fa4-a97d-d965ccfc6d4b" outcome="Passed" testListId="8c84fa94-04c1-424b-9868-57a2d4851a1d" relativeResultsDirectory="897afe3b-d07c-493f-9fa1-0d5da7bafae4" />
    <UnitTestResult executionId="567cf2af-06db-4e57-b583-22ba3744404d" testId="916ebb41-20f0-c334-4783-4017b878ba0d" testName="Delete_UsedPartner_ThrowsEntityDependencyException" computerName="ICSWS068" duration="00:00:00.3502539" startTime="2016-08-04T10:27:05.0596472+02:00" endTime="2016-08-04T10:27:05.4112336+02:00" testType="13cdc9d9-ddb5-4fa4-a97d-d965ccfc6d4b" outcome="Passed" testListId="8c84fa94-04c1-424b-9868-57a2d4851a1d" relativeResultsDirectory="567cf2af-06db-4e57-b583-22ba3744404d" />
    <UnitTestResult executionId="3b86e39c-3e3d-4a72-9b51-9ec7e2977fda" testId="eba08974-490b-4efb-2e38-f0a8c4afd459" testName="GetAttributeValue_ExistingIntegerAttributeWithObjectGenericTypeArgument_ReturnsCorrectValue" computerName="ICSWS068" duration="00:00:00.3734220" startTime="2016-08-04T10:27:05.4145670+02:00" endTime="2016-08-04T10:27:05.7893835+02:00" testType="13cdc9d9-ddb5-4fa4-a97d-d965ccfc6d4b" outcome="Passed" testListId="8c84fa94-04c1-424b-9868-57a2d4851a1d" relativeResultsDirectory="3b86e39c-3e3d-4a72-9b51-9ec7e2977fda" />
    <UnitTestResult executionId="40e50759-4eac-46f5-aba5-912ec38b8929" testId="8e76fa30-8ab9-db77-f72b-88287e407dd8" testName="GetAttributeValue_ExistingIntegerAttributeWithIntegerGenericTypeArgument_ReturnsCorrectValue" computerName="ICSWS068" duration="00:00:00.3744240" startTime="2016-08-04T10:27:05.7923855+02:00" endTime="2016-08-04T10:27:06.1681339+02:00" testType="13cdc9d9-ddb5-4fa4-a97d-d965ccfc6d4b" outcome="Passed" testListId="8c84fa94-04c1-424b-9868-57a2d4851a1d" relativeResultsDirectory="40e50759-4eac-46f5-aba5-912ec38b8929" />
    <UnitTestResult executionId="0bc6c0f9-2178-41c0-a3cd-54fce19b33d4" testId="5db3784c-7d07-d713-d00d-5d7f44c76bda" testName="GetAttributeValue_ExistingStringAttributeWithObjectGenericTypeArgument_ReturnsCorrectValue" computerName="ICSWS068" duration="00:00:00.3593323" startTime="2016-08-04T10:27:06.1711362+02:00" endTime="2016-08-04T10:27:06.5313330+02:00" testType="13cdc9d9-ddb5-4fa4-a97d-d965ccfc6d4b" outcome="Passed" testListId="8c84fa94-04c1-424b-9868-57a2d4851a1d" relativeResultsDirectory="0bc6c0f9-2178-41c0-a3cd-54fce19b33d4" />
    <UnitTestResult executionId="4e58725d-a476-407a-9ee4-784182ef5b96" testId="47fc8451-a40c-0382-b071-b4822b057383" testName="GetAttributeValue_ExistingStringAttributeWithStringGenericTypeArgument_ReturnsCorrectValue" computerName="ICSWS068" duration="00:00:00.3530735" startTime="2016-08-04T10:27:06.5357591+02:00" endTime="2016-08-04T10:27:06.8901014+02:00" testType="13cdc9d9-ddb5-4fa4-a97d-d965ccfc6d4b" outcome="Passed" testListId="8c84fa94-04c1-424b-9868-57a2d4851a1d" relativeResultsDirectory="4e58725d-a476-407a-9ee4-784182ef5b96" />
    <UnitTestResult executionId="2ddc94f7-5df4-4786-b9aa-ec880a34b594" testId="d28a0d2f-3738-b89a-1ef3-0710ce2521cd" testName="GetAttributeValue_ExistingFloatAttributeWithObjectGenericTypeArgument_ReturnsCorrectValue" computerName="ICSWS068" duration="00:00:00.3706455" startTime="2016-08-04T10:27:06.8951054+02:00" endTime="2016-08-04T10:27:07.2677868+02:00" testType="13cdc9d9-ddb5-4fa4-a97d-d965ccfc6d4b" outcome="Passed" testListId="8c84fa94-04c1-424b-9868-57a2d4851a1d" relativeResultsDirectory="2ddc94f7-5df4-4786-b9aa-ec880a34b594" />
    <UnitTestResult executionId="d100d936-b251-4bb2-ae24-b46ad8ba31af" testId="34e81b04-4e0e-c6ac-d528-d8a9f0d95c2d" testName="GetAttributeValue_ExistingFloatAttributeWithFloatGenericTypeArgument_ReturnsCorrectValue" computerName="ICSWS068" duration="00:00:00.3396600" startTime="2016-08-04T10:27:07.2707891+02:00" endTime="2016-08-04T10:27:07.6118378+02:00" testType="13cdc9d9-ddb5-4fa4-a97d-d965ccfc6d4b" outcome="Passed" testListId="8c84fa94-04c1-424b-9868-57a2d4851a1d" relativeResultsDirectory="d100d936-b251-4bb2-ae24-b46ad8ba31af" />
    <UnitTestResult executionId="1a96aa03-95ab-48d3-9f1b-0b41791e4e79" testId="d73e8b50-40ce-0c6d-6f03-fa6881e92739" testName="GetAttributeValue_ExistingIntegerAttributeWithDateTimeGenericTypeArgument_ThrowsInvalidCastException" computerName="ICSWS068" duration="00:00:00.3383143" startTime="2016-08-04T10:27:07.6153240+02:00" endTime="2016-08-04T10:27:07.9550279+02:00" testType="13cdc9d9-ddb5-4fa4-a97d-d965ccfc6d4b" outcome="Passed" testListId="8c84fa94-04c1-424b-9868-57a2d4851a1d" relativeResultsDirectory="1a96aa03-95ab-48d3-9f1b-0b41791e4e79" />
    <UnitTestResult executionId="2c4a0097-232d-4b3d-995e-69b9e8c97058" testId="0d5991a6-1b94-b753-6c1e-9185f1bb8130" testName="GetAttributeValue_NonExistingAttributeValue_ThrowsEntityNotFoundException" computerName="ICSWS068" duration="00:00:00.3346707" startTime="2016-08-04T10:27:07.9575448+02:00" endTime="2016-08-04T10:27:08.2938165+02:00" testType="13cdc9d9-ddb5-4fa4-a97d-d965ccfc6d4b" outcome="Passed" testListId="8c84fa94-04c1-424b-9868-57a2d4851a1d" relativeResultsDirectory="2c4a0097-232d-4b3d-995e-69b9e8c97058" />
    <UnitTestResult executionId="e10712f5-a179-4234-a33d-55cc0b658f3b" testId="b910e60e-3b61-55e5-681e-de0640b69ed1" testName="GetAttributeValue_NonExistingAttributeValue_ReturnsDefaultValue" computerName="ICSWS068" duration="00:00:00.3438165" startTime="2016-08-04T10:27:08.2968021+02:00" endTime="2016-08-04T10:27:08.6408426+02:00" testType="13cdc9d9-ddb5-4fa4-a97d-d965ccfc6d4b" outcome="Passed" testListId="8c84fa94-04c1-424b-9868-57a2d4851a1d" relativeResultsDirectory="e10712f5-a179-4234-a33d-55cc0b658f3b" />
    <UnitTestResult executionId="1c4635ac-915c-459b-993d-e24cfd930e50" testId="0107eba6-8e81-435a-f0d6-bee5f839fcda" testName="SetAttributeValue_NonExistingPartner_ThrowsEntityNotFoundException" computerName="ICSWS068" duration="00:00:00.3531459" startTime="2016-08-04T10:27:08.6452895+02:00" endTime="2016-08-04T10:27:09.0000746+02:00" testType="13cdc9d9-ddb5-4fa4-a97d-d965ccfc6d4b" outcome="Passed" testListId="8c84fa94-04c1-424b-9868-57a2d4851a1d" relativeResultsDirectory="1c4635ac-915c-459b-993d-e24cfd930e50" />
    <UnitTestResult executionId="bdb1b81a-40aa-4a49-a6bd-fbf5588df5cf" testId="9d99e4a8-74e4-f3e8-6e1c-43bdce7ef547" testName="SetAttributeValue_NonExistingPartner_NoThrow_DoesNotThrow" computerName="ICSWS068" duration="00:00:00.3541089" startTime="2016-08-04T10:27:09.0040784+02:00" endTime="2016-08-04T10:27:09.3597450+02:00" testType="13cdc9d9-ddb5-4fa4-a97d-d965ccfc6d4b" outcome="Passed" testListId="8c84fa94-04c1-424b-9868-57a2d4851a1d" relativeResultsDirectory="bdb1b81a-40aa-4a49-a6bd-fbf5588df5cf" />
    <UnitTestResult executionId="0ee9a7a3-9ef4-416c-8261-e86a8c3a5054" testId="1a1b8c1d-9b8e-9e55-b3f9-c0e9de909a48" testName="RepositoryEntityTypeId_ReturnsEntityReference" computerName="ICSWS068" duration="00:00:00.3427511" startTime="2016-08-04T10:27:09.3626881+02:00" endTime="2016-08-04T10:27:09.7073195+02:00" testType="13cdc9d9-ddb5-4fa4-a97d-d965ccfc6d4b" outcome="Passed" testListId="8c84fa94-04c1-424b-9868-57a2d4851a1d" relativeResultsDirectory="0ee9a7a3-9ef4-416c-8261-e86a8c3a5054" />
    <UnitTestResult executionId="4912871e-5cc8-4964-b689-04d189cfa1a1" testId="52ebfbf3-8540-7876-3361-e23fd315e158" testName="RepositoryEntityType_ReturnsIEntityReference" computerName="ICSWS068" duration="00:00:00.3355965" startTime="2016-08-04T10:27:09.7108226+02:00" endTime="2016-08-04T10:27:10.0479735+02:00" testType="13cdc9d9-ddb5-4fa4-a97d-d965ccfc6d4b" outcome="Passed" testListId="8c84fa94-04c1-424b-9868-57a2d4851a1d" relativeResultsDirectory="4912871e-5cc8-4964-b689-04d189cfa1a1" />
    <UnitTestResult executionId="7baad3b0-6f17-45b8-9eec-9d6cb9eee7e1" testId="203170a1-665e-7c4e-8429-0678e69f738f" testName="RepositorySystemContext_MatchesActualSystemContext" computerName="ICSWS068" duration="00:00:00.3306350" startTime="2016-08-04T10:27:10.0509758+02:00" endTime="2016-08-04T10:27:10.3826875+02:00" testType="13cdc9d9-ddb5-4fa4-a97d-d965ccfc6d4b" outcome="Passed" testListId="8c84fa94-04c1-424b-9868-57a2d4851a1d" relativeResultsDirectory="7baad3b0-6f17-45b8-9eec-9d6cb9eee7e1" />
    <UnitTestResult executionId="1fe2e869-3914-4a85-8d39-26e21877eacd" testId="80d4e702-680c-b921-7250-0504c7633f1c" testName="CreateInstance_ThrowsNotSupportedException" computerName="ICSWS068" duration="00:00:00.3367774" startTime="2016-08-04T10:27:10.3856021+02:00" endTime="2016-08-04T10:27:10.7234301+02:00" testType="13cdc9d9-ddb5-4fa4-a97d-d965ccfc6d4b" outcome="Passed" testListId="8c84fa94-04c1-424b-9868-57a2d4851a1d" relativeResultsDirectory="1fe2e869-3914-4a85-8d39-26e21877eacd" />
    <UnitTestResult executionId="1c402884-a499-42f5-bc7f-f483c965f000" testId="4c4da651-3ab8-4ae3-bd77-4994fb10d145" testName="Exists_KnownEntityReferenceId_ReturnsTrue (Data Row 0)" computerName="ICSWS068" duration="00:00:00.3368413" startTime="2016-08-04T08:27:10.7334575+02:00" endTime="2016-08-04T08:27:11.0702394+02:00" testType="13cdc9d9-ddb5-4fa4-a97d-d965ccfc6d4b" outcome="Passed" testListId="8c84fa94-04c1-424b-9868-57a2d4851a1d" relativeResultsDirectory="1c402884-a499-42f5-bc7f-f483c965f000" />
    <UnitTestResult executionId="0c6108c2-9703-42ea-b777-f0880d46a122" testId="de4871d9-3d0f-4e09-9e26-6e5ce621837e" testName="Exists_KnownEntityReferenceId_ReturnsTrue (Data Row 1)" computerName="ICSWS068" duration="00:00:00.3414843" startTime="2016-08-04T08:27:11.0702394+02:00" endTime="2016-08-04T08:27:11.4115430+02:00" testType="13cdc9d9-ddb5-4fa4-a97d-d965ccfc6d4b" outcome="Passed" testListId="8c84fa94-04c1-424b-9868-57a2d4851a1d" relativeResultsDirectory="0c6108c2-9703-42ea-b777-f0880d46a122" />
    <UnitTestResult executionId="f0f602f9-eb71-4274-9995-a249a0f6ddf9" testId="ca31d2df-0c57-4ba7-a1d6-090025148f73" testName="Exists_KnownEntityReferenceId_ReturnsTrue (Data Row 2)" computerName="ICSWS068" duration="00:00:00.3627008" startTime="2016-08-04T08:27:11.4115430+02:00" endTime="2016-08-04T08:27:11.7748459+02:00" testType="13cdc9d9-ddb5-4fa4-a97d-d965ccfc6d4b" outcome="Passed" testListId="8c84fa94-04c1-424b-9868-57a2d4851a1d" relativeResultsDirectory="f0f602f9-eb71-4274-9995-a249a0f6ddf9" />
    <UnitTestResult executionId="9215df08-191e-48d1-a356-cfadb268fbbe" testId="0d2a1f87-e69e-4b2a-a443-eff44bf2941c" testName="Exists_KnownEntityReferenceId_ReturnsTrue (Data Row 3)" computerName="ICSWS068" duration="00:00:00.3953015" startTime="2016-08-04T08:27:11.7748459+02:00" endTime="2016-08-04T08:27:12.1699436+02:00" testType="13cdc9d9-ddb5-4fa4-a97d-d965ccfc6d4b" outcome="Passed" testListId="8c84fa94-04c1-424b-9868-57a2d4851a1d" relativeResultsDirectory="9215df08-191e-48d1-a356-cfadb268fbbe" />
    <UnitTestResult executionId="2c23ceaa-d115-46b7-baed-0ffbc0d8c519" testId="717b771a-ec25-5915-f8fa-ca59a914107c" testName="Exists_NonExistingEntityReferenceId_ReturnsFalse" computerName="ICSWS068" duration="00:00:00.3600522" startTime="2016-08-04T10:27:12.1739467+02:00" endTime="2016-08-04T10:27:12.5354978+02:00" testType="13cdc9d9-ddb5-4fa4-a97d-d965ccfc6d4b" outcome="Passed" testListId="8c84fa94-04c1-424b-9868-57a2d4851a1d" relativeResultsDirectory="2c23ceaa-d115-46b7-baed-0ffbc0d8c519" />
    <UnitTestResult executionId="324ebc46-b9c0-46c0-bb60-590f22fb0f86" testId="fb1d5747-ba10-5c45-ad10-d89870377104" testName="Exists_UnsupportedKey_ThrowsArgumentException" computerName="ICSWS068" duration="00:00:00.3838420" startTime="2016-08-04T10:27:12.5390004+02:00" endTime="2016-08-04T10:27:12.9243325+02:00" testType="13cdc9d9-ddb5-4fa4-a97d-d965ccfc6d4b" outcome="Passed" testListId="8c84fa94-04c1-424b-9868-57a2d4851a1d" relativeResultsDirectory="324ebc46-b9c0-46c0-bb60-590f22fb0f86" />
    <UnitTestResult executionId="e503fafa-9e23-46be-b106-d656865847cb" testId="16756e97-0a4f-41db-ab33-65b5b5603afa" testName="Exists_KnownEntityReferenceKey_ReturnsTrue (Data Row 0)" computerName="ICSWS068" duration="00:00:00.3927415" startTime="2016-08-04T08:27:12.9333385+02:00" endTime="2016-08-04T08:27:13.3261395+02:00" testType="13cdc9d9-ddb5-4fa4-a97d-d965ccfc6d4b" outcome="Passed" testListId="8c84fa94-04c1-424b-9868-57a2d4851a1d" relativeResultsDirectory="e503fafa-9e23-46be-b106-d656865847cb" />
    <UnitTestResult executionId="c5ab9c74-0844-4973-8042-d36ff902f36e" testId="3a09cfc7-2f47-4562-a51b-25a082584fff" testName="Exists_KnownEntityReferenceKey_ReturnsTrue (Data Row 1)" computerName="ICSWS068" duration="00:00:00.5052174" startTime="2016-08-04T08:27:13.3261395+02:00" endTime="2016-08-04T08:27:13.8315118+02:00" testType="13cdc9d9-ddb5-4fa4-a97d-d965ccfc6d4b" outcome="Passed" testListId="8c84fa94-04c1-424b-9868-57a2d4851a1d" relativeResultsDirectory="c5ab9c74-0844-4973-8042-d36ff902f36e" />
    <UnitTestResult executionId="51ed08bf-acdc-4364-b686-8a5a6ace376b" testId="778c6f84-b705-47da-85f6-748b9bb04bf6" testName="Exists_KnownEntityReferenceKey_ReturnsTrue (Data Row 2)" computerName="ICSWS068" duration="00:00:00.3697271" startTime="2016-08-04T08:27:13.8315118+02:00" endTime="2016-08-04T08:27:14.2012996+02:00" testType="13cdc9d9-ddb5-4fa4-a97d-d965ccfc6d4b" outcome="Passed" testListId="8c84fa94-04c1-424b-9868-57a2d4851a1d" relativeResultsDirectory="51ed08bf-acdc-4364-b686-8a5a6ace376b" />
    <UnitTestResult executionId="6afbdf70-c33d-4ee3-a646-a12842989083" testId="72a0e5ae-df5c-487a-b98e-2752331f570b" testName="Exists_KnownEntityReferenceKey_ReturnsTrue (Data Row 3)" computerName="ICSWS068" duration="00:00:00.3505090" startTime="2016-08-04T08:27:14.2012996+02:00" endTime="2016-08-04T08:27:14.5515623+02:00" testType="13cdc9d9-ddb5-4fa4-a97d-d965ccfc6d4b" outcome="Passed" testListId="8c84fa94-04c1-424b-9868-57a2d4851a1d" relativeResultsDirectory="6afbdf70-c33d-4ee3-a646-a12842989083" />
    <UnitTestResult executionId="76e99894-a543-423f-a228-1dfa93c0fd3c" testId="711818aa-8b88-8be4-6538-04d2bd6e92d9" testName="Exists_NonExistingEntityReferenceKey_ReturnsFalse" computerName="ICSWS068" duration="00:00:00.3541922" startTime="2016-08-04T10:27:14.5555373+02:00" endTime="2016-08-04T10:27:14.9114758+02:00" testType="13cdc9d9-ddb5-4fa4-a97d-d965ccfc6d4b" outcome="Passed" testListId="8c84fa94-04c1-424b-9868-57a2d4851a1d" relativeResultsDirectory="76e99894-a543-423f-a228-1dfa93c0fd3c" />
    <UnitTestResult executionId="7bbbb411-26b0-4ecb-afb0-e74c7e99583c" testId="79e708cf-4b6f-42b7-8f0d-61fede0e7bb4" testName="List_ContainsEachKnownEntityReferenceOnce (Data Row 0)" computerName="ICSWS068" duration="00:00:00.3776876" startTime="2016-08-04T08:27:14.9169796+02:00" endTime="2016-08-04T08:27:15.2948453+02:00" testType="13cdc9d9-ddb5-4fa4-a97d-d965ccfc6d4b" outcome="Passed" testListId="8c84fa94-04c1-424b-9868-57a2d4851a1d" relativeResultsDirectory="7bbbb411-26b0-4ecb-afb0-e74c7e99583c" />
    <UnitTestResult executionId="5bf861e9-8d5b-485a-8326-7c0bbe54218f" testId="b8d51b5d-c232-45bd-befa-ca0d3eb1fc83" testName="List_ContainsEachKnownEntityReferenceOnce (Data Row 1)" computerName="ICSWS068" duration="00:00:00.3713426" startTime="2016-08-04T08:27:15.2948453+02:00" endTime="2016-08-04T08:27:15.6661360+02:00" testType="13cdc9d9-ddb5-4fa4-a97d-d965ccfc6d4b" outcome="Passed" testListId="8c84fa94-04c1-424b-9868-57a2d4851a1d" relativeResultsDirectory="5bf861e9-8d5b-485a-8326-7c0bbe54218f" />
    <UnitTestResult executionId="fa2e58e6-2eb3-4138-a662-17d94bb962cd" testId="4a2f76b6-94bc-4473-97b2-635ea30d414b" testName="List_ContainsEachKnownEntityReferenceOnce (Data Row 2)" computerName="ICSWS068" duration="00:00:00.3795057" startTime="2016-08-04T08:27:15.6661360+02:00" endTime="2016-08-04T08:27:16.0457301+02:00" testType="13cdc9d9-ddb5-4fa4-a97d-d965ccfc6d4b" outcome="Passed" testListId="8c84fa94-04c1-424b-9868-57a2d4851a1d" relativeResultsDirectory="fa2e58e6-2eb3-4138-a662-17d94bb962cd" />
    <UnitTestResult executionId="324b4da7-1188-4577-842a-cb3103ec6219" testId="c04993e1-f94d-49b3-8494-fbbc47ce4f73" testName="List_ContainsEachKnownEntityReferenceOnce (Data Row 3)" computerName="ICSWS068" duration="00:00:00.3724977" startTime="2016-08-04T08:27:16.0457301+02:00" endTime="2016-08-04T08:27:16.4183127+02:00" testType="13cdc9d9-ddb5-4fa4-a97d-d965ccfc6d4b" outcome="Passed" testListId="8c84fa94-04c1-424b-9868-57a2d4851a1d" relativeResultsDirectory="324b4da7-1188-4577-842a-cb3103ec6219" />
    <UnitTestResult executionId="4989b53f-2f78-490c-ad47-1aa9dec29e64" testId="df6e51c2-70d5-822f-5e48-080212e95496" testName="List_ShouldSetSystemContextCorrectly" computerName="ICSWS068" duration="00:00:00.4021169" startTime="2016-08-04T10:27:16.4238167+02:00" endTime="2016-08-04T10:27:16.8276113+02:00" testType="13cdc9d9-ddb5-4fa4-a97d-d965ccfc6d4b" outcome="Passed" testListId="8c84fa94-04c1-424b-9868-57a2d4851a1d" relativeResultsDirectory="4989b53f-2f78-490c-ad47-1aa9dec29e64" />
    <UnitTestResult executionId="ce4f1c3b-80b9-4cac-810a-471fd34e3a92" testId="a4c73f35-7e7d-a14e-ff7d-46225d031d88" testName="HasReferrers_EntityKeyExistingAsReferee_ReturnsTrue" computerName="ICSWS068" duration="00:00:00.7456663" startTime="2016-08-04T10:27:16.8316138+02:00" endTime="2016-08-04T10:27:17.5796246+02:00" testType="13cdc9d9-ddb5-4fa4-a97d-d965ccfc6d4b" outcome="Passed" testListId="8c84fa94-04c1-424b-9868-57a2d4851a1d" relativeResultsDirectory="ce4f1c3b-80b9-4cac-810a-471fd34e3a92" />
    <UnitTestResult executionId="91c6052b-bbba-48a0-9a8e-d8a2face63c5" testId="51034520-e6bd-f789-937c-84953fc58398" testName="HasReferrers_NonExistingEntityKey_ReturnsFalse" computerName="ICSWS068" duration="00:00:00.3827397" startTime="2016-08-04T10:27:17.5836272+02:00" endTime="2016-08-04T10:27:17.9679315+02:00" testType="13cdc9d9-ddb5-4fa4-a97d-d965ccfc6d4b" outcome="Passed" testListId="8c84fa94-04c1-424b-9868-57a2d4851a1d" relativeResultsDirectory="91c6052b-bbba-48a0-9a8e-d8a2face63c5" />
    <UnitTestResult executionId="a14afcd7-643c-4f47-85bb-a7012ff42c9a" testId="face7523-0487-539a-af75-73e4c55cb4f6" testName="HasReferrers_EntityExistingAsReferrer_ReturnsCorrectValue" computerName="ICSWS068" duration="00:00:01.1384419" startTime="2016-08-04T10:27:17.9719346+02:00" endTime="2016-08-04T10:27:19.1122537+02:00" testType="13cdc9d9-ddb5-4fa4-a97d-d965ccfc6d4b" outcome="Passed" testListId="8c84fa94-04c1-424b-9868-57a2d4851a1d" relativeResultsDirectory="a14afcd7-643c-4f47-85bb-a7012ff42c9a" />
    <UnitTestResult executionId="a3b4a784-9877-4fed-b379-34d06c220a6f" testId="22e5c3df-da9b-1c9f-0e4f-12701ff85291" testName="HasReferees_EntityKeyExistingAsReferee_ReturnsTrue" computerName="ICSWS068" duration="00:00:00.8234742" startTime="2016-08-04T10:27:19.1172574+02:00" endTime="2016-08-04T10:27:19.9435187+02:00" testType="13cdc9d9-ddb5-4fa4-a97d-d965ccfc6d4b" outcome="Passed" testListId="8c84fa94-04c1-424b-9868-57a2d4851a1d" relativeResultsDirectory="a3b4a784-9877-4fed-b379-34d06c220a6f" />
    <UnitTestResult executionId="f57c41db-b059-44cb-868f-354d4d15a194" testId="ccd5091e-3150-d921-3460-2bee8bc18220" testName="HasReferees_NonExistingEntityKey_ReturnsFalse" computerName="ICSWS068" duration="00:00:00.4859009" startTime="2016-08-04T10:27:19.9465207+02:00" endTime="2016-08-04T10:27:20.4343740+02:00" testType="13cdc9d9-ddb5-4fa4-a97d-d965ccfc6d4b" outcome="Passed" testListId="8c84fa94-04c1-424b-9868-57a2d4851a1d" relativeResultsDirectory="f57c41db-b059-44cb-868f-354d4d15a194" />
    <UnitTestResult executionId="56f70f57-b4db-4ec4-9bf3-7b4650825a20" testId="e7e11d91-04a6-20a9-bc45-a9735442b35a" testName="HasReferees_EntityExistingAsReferrer_ReturnsCorrectValue" computerName="ICSWS068" duration="00:00:00.7739742" startTime="2016-08-04T10:27:20.4388777+02:00" endTime="2016-08-04T10:27:21.2145660+02:00" testType="13cdc9d9-ddb5-4fa4-a97d-d965ccfc6d4b" outcome="Passed" testListId="8c84fa94-04c1-424b-9868-57a2d4851a1d" relativeResultsDirectory="56f70f57-b4db-4ec4-9bf3-7b4650825a20" />
    <UnitTestResult executionId="f3c9a733-0bcc-465e-9632-007f103630bf" testId="d063dedc-d5c4-b3f3-c988-82d53051b008" testName="FindByReferee_NonExistingKey_ReturnsEmptySequence" computerName="ICSWS068" duration="00:00:00.3517325" startTime="2016-08-04T10:27:21.2180692+02:00" endTime="2016-08-04T10:27:21.5715253+02:00" testType="13cdc9d9-ddb5-4fa4-a97d-d965ccfc6d4b" outcome="Passed" testListId="8c84fa94-04c1-424b-9868-57a2d4851a1d" relativeResultsDirectory="f3c9a733-0bcc-465e-9632-007f103630bf" />
    <UnitTestResult executionId="78a9c009-fd29-4e48-86c8-1c6fa06a03b5" testId="e9f3c186-e565-920d-27dc-797002e2aaf5" testName="FindByReferee_EntityKeyExistingAsReferee_ReturnsCorrectSequence" computerName="ICSWS068" duration="00:00:00.8910749" startTime="2016-08-04T10:27:21.5740443+02:00" endTime="2016-08-04T10:27:22.4722176+02:00" testType="13cdc9d9-ddb5-4fa4-a97d-d965ccfc6d4b" outcome="Passed" testListId="8c84fa94-04c1-424b-9868-57a2d4851a1d" relativeResultsDirectory="78a9c009-fd29-4e48-86c8-1c6fa06a03b5" />
    <UnitTestResult executionId="2fd472c4-0507-4a4d-a9c0-d61a634968a2" testId="228622bb-d517-4cf6-f694-abcf4a73b207" testName="FindByReferee_EntityKeyExistingAsReferrer_ReturnsCorrectSequence" computerName="ICSWS068" duration="00:00:00.8545840" startTime="2016-08-04T10:27:22.4752208+02:00" endTime="2016-08-04T10:27:23.3315314+02:00" testType="13cdc9d9-ddb5-4fa4-a97d-d965ccfc6d4b" outcome="Passed" testListId="8c84fa94-04c1-424b-9868-57a2d4851a1d" relativeResultsDirectory="2fd472c4-0507-4a4d-a9c0-d61a634968a2" />
    <UnitTestResult executionId="347a96cc-c748-4b2f-bd19-ffcb446fa11b" testId="546c999b-987f-8fb8-9dc4-49db8fb50f52" testName="FindByReferrer_NonExistingKey_ReturnsEmptySequence" computerName="ICSWS068" duration="00:00:00.3624354" startTime="2016-08-04T10:27:23.3356126+02:00" endTime="2016-08-04T10:27:23.7000706+02:00" testType="13cdc9d9-ddb5-4fa4-a97d-d965ccfc6d4b" outcome="Passed" testListId="8c84fa94-04c1-424b-9868-57a2d4851a1d" relativeResultsDirectory="347a96cc-c748-4b2f-bd19-ffcb446fa11b" />
    <UnitTestResult executionId="f1a5af9f-b20a-4db8-9722-aaa87521f42b" testId="16b20b52-1326-d3f5-b9c0-d9cb62d60605" testName="FindByReferrer_EntityKeyExistingAsReferee_ReturnsCorrectSequence" computerName="ICSWS068" duration="00:00:00.7148600" startTime="2016-08-04T10:27:23.7055790+02:00" endTime="2016-08-04T10:27:24.4217094+02:00" testType="13cdc9d9-ddb5-4fa4-a97d-d965ccfc6d4b" outcome="Failed" testListId="8c84fa94-04c1-424b-9868-57a2d4851a1d" relativeResultsDirectory="f1a5af9f-b20a-4db8-9722-aaa87521f42b">
      <Output>
        <ErrorInfo>
          <Message>Test method SysIntgTests.iCore.Common.Entities.EntityReferenceTests.FindByReferrer_EntityKeyExistingAsReferee_ReturnsCorrectSequence threw exception: 
System.Data.SqlClient.SqlException: A transport-level error has occurred when sending the request to the server. (provider: Session Provider, error: 19 - Physical connection is not usable)</Message>
          <StackTrace>    at System.Data.SqlClient.SqlConnection.OnError(SqlException exception, Boolean breakConnection, Action`1 wrapCloseInAction)
   at System.Data.SqlClient.SqlInternalConnection.OnError(SqlException exception, Boolean breakConnection, Action`1 wrapCloseInAction)
   at System.Data.SqlClient.TdsParser.ThrowExceptionAndWarning(TdsParserStateObject stateObj, Boolean callerHasConnectionLock, Boolean asyncClose)
   at System.Data.SqlClient.TdsParserStateObject.SNIWritePacket(SNIHandle handle, SNIPacket packet, UInt32&amp; sniError, Boolean canAccumulate, Boolean callerHasConnectionLock)
   at System.Data.SqlClient.TdsParserStateObject.WriteSni(Boolean canAccumulate)
   at System.Data.SqlClient.TdsParserStateObject.WritePacket(Byte flushMode, Boolean canAccumulate)
   at System.Data.SqlClient.TdsParserStateObject.ExecuteFlush()
   at System.Data.SqlClient.TdsParser.TdsExecuteSQLBatch(String text, Int32 timeout, SqlNotificationRequest notificationRequest, TdsParserStateObject stateObj, Boolean sync, Boolean callerHasConnectionLock)
   at System.Data.SqlClient.SqlCommand.RunExecuteNonQueryTds(String methodName, Boolean async, Int32 timeout, Boolean asyncWrite)
   at System.Data.SqlClient.SqlCommand.InternalExecuteNonQuery(TaskCompletionSource`1 completion, String methodName, Boolean sendToPipe, Int32 timeout, Boolean asyncWrite)
   at System.Data.SqlClient.SqlCommand.ExecuteNonQuery()
   at iCore.Common.Database.OpenConnection(DbConnection connection)
   at iCore.Common.Data.DatabaseBase`2.CreateOpenConnection(Boolean nonEnlisting, Boolean nonPooling)
   at iCore.Common.Data.DatabaseBase`2.GetCommandForExecution(TCommand source, DbTransaction transaction)
   at iCore.Common.Data.DatabaseBase`2.ExecuteReader(TCommand command, CommandBehavior behavior)
   at iCore.Common.Entities.EEntityReference.&lt;FindByReferrer&gt;d__50.MoveNext()
   at System.Linq.Buffer`1..ctor(IEnumerable`1 source)
   at System.Linq.Enumerable.ToArray[TSource](IEnumerable`1 source)
   at Testing.Common.Asserts.SequenceAssert.AreEquivalent[T](IEnumerable`1 expected, IEnumerable`1 actual, IEqualityComparer`1 comparer) in F:\ETWork\Main\Testing\Assemblies\Testing.Common\Asserts\SequenceAssert.cs:line 32
   at Testing.Common.Asserts.SequenceAssert.AreEquivalent[T](IEnumerable`1 expected, IEnumerable`1 actual) in F:\ETWork\Main\Testing\Assemblies\Testing.Common\Asserts\SequenceAssert.cs:line 16
   at SysIntgTests.iCore.Common.Entities.EntityReferenceTests.FindByReferrer_EntityKeyExistingAsReferee_ReturnsCorrectSequence() in F:\ETWork\Main\Common\Assemblies\SysIntgTests.iCore.Common.Entities\EntityTests\EntityReferenceTests.cs:line 359
</StackTrace>
        </ErrorInfo>
      </Output>
    </UnitTestResult>
    <UnitTestResult executionId="0fc4a434-b1a0-4fff-b0b5-346e712985e5" testId="38be211c-7a85-fa70-ad4e-d82c2b8f754d" testName="FindByReferrer_EntityKeyExistingAsReferrer_ReturnsCorrectSequence" computerName="ICSWS068" duration="00:00:00.3107578" startTime="2016-08-04T10:27:24.4242108+02:00" endTime="2016-08-04T10:27:24.7367682+02:00" testType="13cdc9d9-ddb5-4fa4-a97d-d965ccfc6d4b" outcome="Failed" testListId="8c84fa94-04c1-424b-9868-57a2d4851a1d" relativeResultsDirectory="0fc4a434-b1a0-4fff-b0b5-346e712985e5">
      <Output>
        <ErrorInfo>
          <Message>Initialization method SysIntgTests.iCore.Common.Entities.EntityReferenceTests.TestInitialize threw exception. System.Runtime.InteropServices.COMException: System.Runtime.InteropServices.COMException: Description: Cannot open database "SInTest_Default_330501" requested by the login. The login failed.. Source: Microsoft OLE DB Provider for SQL Server SQL error: 42000. Native error: 4060.

Database error: 0x80004005. 
.</Message>
          <StackTrace>    at iCore.Interop.ESystem.EUsrAuthorizationClass.LogonEx(String bsUserName, String bsPassword, Int32 lSystemId, Int32&amp; plUserId, Int32&amp; plUserGrpId)
   at iCore.Common.Entities.UserAuthorization.Logon(String userName, String password, Int32 systemId)
   at iCore.Common.Entities.SystemRepositoryImpl.SystemContextImpl.Login(String userName, String password, Nullable`1 requestingLobType, Boolean verifyAttached, String&amp; expirationWarning)
   at iCore.Common.Entities.SystemRepositoryImpl.SystemContextImpl.Login(String userName, String password, Nullable`1 requestingLobType, Boolean verifyAttached)
   at iCore.Common.Entities.SystemRepositoryImpl.Login(Int32 systemId, String userName, String password, Nullable`1 requestingLobType, Boolean verifyAttached)
   at Testing.SysIntg.Common.SysIntgTestBase.Logon(String username, String password) in F:\ETWork\Main\Testing\Assemblies\Testing.SysIntg.Setup\SysIntgTestBase.cs:line 81
   at Testing.SysIntg.Common.SysIntgTestBase.Logon(LoginInfo userInfo) in F:\ETWork\Main\Testing\Assemblies\Testing.SysIntg.Setup\SysIntgTestBase.cs:line 102
   at SysIntgTests.iCore.Common.Entities.EntityReferenceTests.TestInitialize() in F:\ETWork\Main\Common\Assemblies\SysIntgTests.iCore.Common.Entities\EntityTests\EntityReferenceTests.cs:line 26
</StackTrace>
        </ErrorInfo>
      </Output>
    </UnitTestResult>
    <UnitTestResult executionId="2f54804b-3cd4-4ad4-8a35-0cd933ea11b3" testId="5831b66b-c9d8-b59b-8b7b-627b45b09541" testName="ExistsAnyInvolving_NonExistingEntityKey_ReturnsFalse" computerName="ICSWS068" duration="00:00:00.3067312" startTime="2016-08-04T10:27:24.7397711+02:00" endTime="2016-08-04T10:27:25.0475410+02:00" testType="13cdc9d9-ddb5-4fa4-a97d-d965ccfc6d4b" outcome="Failed" testListId="8c84fa94-04c1-424b-9868-57a2d4851a1d" relativeResultsDirectory="2f54804b-3cd4-4ad4-8a35-0cd933ea11b3">
      <Output>
        <ErrorInfo>
          <Message>Initialization method SysIntgTests.iCore.Common.Entities.EntityReferenceTests.TestInitialize threw exception. System.Runtime.InteropServices.COMException: System.Runtime.InteropServices.COMException: Description: Cannot open database "SInTest_Default_330501" requested by the login. The login failed.. Source: Microsoft OLE DB Provider for SQL Server SQL error: 42000. Native error: 4060.

Database error: 0x80004005. 
.</Message>
          <StackTrace>    at iCore.Interop.ESystem.EUsrAuthorizationClass.LogonEx(String bsUserName, String bsPassword, Int32 lSystemId, Int32&amp; plUserId, Int32&amp; plUserGrpId)
   at iCore.Common.Entities.UserAuthorization.Logon(String userName, String password, Int32 systemId)
   at iCore.Common.Entities.SystemRepositoryImpl.SystemContextImpl.Login(String userName, String password, Nullable`1 requestingLobType, Boolean verifyAttached, String&amp; expirationWarning)
   at iCore.Common.Entities.SystemRepositoryImpl.SystemContextImpl.Login(String userName, String password, Nullable`1 requestingLobType, Boolean verifyAttached)
   at iCore.Common.Entities.SystemRepositoryImpl.Login(Int32 systemId, String userName, String password, Nullable`1 requestingLobType, Boolean verifyAttached)
   at Testing.SysIntg.Common.SysIntgTestBase.Logon(String username, String password) in F:\ETWork\Main\Testing\Assemblies\Testing.SysIntg.Setup\SysIntgTestBase.cs:line 81
   at Testing.SysIntg.Common.SysIntgTestBase.Logon(LoginInfo userInfo) in F:\ETWork\Main\Testing\Assemblies\Testing.SysIntg.Setup\SysIntgTestBase.cs:line 102
   at SysIntgTests.iCore.Common.Entities.EntityReferenceTests.TestInitialize() in F:\ETWork\Main\Common\Assemblies\SysIntgTests.iCore.Common.Entities\EntityTests\EntityReferenceTests.cs:line 26
</StackTrace>
        </ErrorInfo>
      </Output>
    </UnitTestResult>
    <UnitTestResult executionId="1f45f525-bbea-4591-b986-23cbb61cac13" testId="cd68c89e-ae30-8f13-0280-2e3d00915733" testName="ExistsAnyInvolving_EntityKeyExistingAsAReferrer_ReturnsTrue" computerName="ICSWS068" duration="00:00:00.3335476" startTime="2016-08-04T10:27:25.0505418+02:00" endTime="2016-08-04T10:27:25.3856795+02:00" testType="13cdc9d9-ddb5-4fa4-a97d-d965ccfc6d4b" outcome="Failed" testListId="8c84fa94-04c1-424b-9868-57a2d4851a1d" relativeResultsDirectory="1f45f525-bbea-4591-b986-23cbb61cac13">
      <Output>
        <ErrorInfo>
          <Message>Initialization method SysIntgTests.iCore.Common.Entities.EntityReferenceTests.TestInitialize threw exception. System.Runtime.InteropServices.COMException: System.Runtime.InteropServices.COMException: Description: Cannot open database "SInTest_Default_330501" requested by the login. The login failed.. Source: Microsoft OLE DB Provider for SQL Server SQL error: 42000. Native error: 4060.

Database error: 0x80004005. 
.</Message>
          <StackTrace>    at iCore.Interop.ESystem.EUsrAuthorizationClass.LogonEx(String bsUserName, String bsPassword, Int32 lSystemId, Int32&amp; plUserId, Int32&amp; plUserGrpId)
   at iCore.Common.Entities.UserAuthorization.Logon(String userName, String password, Int32 systemId)
   at iCore.Common.Entities.SystemRepositoryImpl.SystemContextImpl.Login(String userName, String password, Nullable`1 requestingLobType, Boolean verifyAttached, String&amp; expirationWarning)
   at iCore.Common.Entities.SystemRepositoryImpl.SystemContextImpl.Login(String userName, String password, Nullable`1 requestingLobType, Boolean verifyAttached)
   at iCore.Common.Entities.SystemRepositoryImpl.Login(Int32 systemId, String userName, String password, Nullable`1 requestingLobType, Boolean verifyAttached)
   at Testing.SysIntg.Common.SysIntgTestBase.Logon(String username, String password) in F:\ETWork\Main\Testing\Assemblies\Testing.SysIntg.Setup\SysIntgTestBase.cs:line 81
   at Testing.SysIntg.Common.SysIntgTestBase.Logon(LoginInfo userInfo) in F:\ETWork\Main\Testing\Assemblies\Testing.SysIntg.Setup\SysIntgTestBase.cs:line 102
   at SysIntgTests.iCore.Common.Entities.EntityReferenceTests.TestInitialize() in F:\ETWork\Main\Common\Assemblies\SysIntgTests.iCore.Common.Entities\EntityTests\EntityReferenceTests.cs:line 26
</StackTrace>
        </ErrorInfo>
      </Output>
    </UnitTestResult>
    <UnitTestResult executionId="1a48d74f-940b-47ae-9f05-1bd21a41ff92" testId="18f217f8-f17b-4926-2ca5-231fb692735f" testName="ExistsAnyInvolving_EntityKeyExistingAsAReferee_ReturnsTrue" computerName="ICSWS068" duration="00:00:00.3160295" startTime="2016-08-04T10:27:25.3906832+02:00" endTime="2016-08-04T10:27:25.7078987+02:00" testType="13cdc9d9-ddb5-4fa4-a97d-d965ccfc6d4b" outcome="Failed" testListId="8c84fa94-04c1-424b-9868-57a2d4851a1d" relativeResultsDirectory="1a48d74f-940b-47ae-9f05-1bd21a41ff92">
      <Output>
        <ErrorInfo>
          <Message>Initialization method SysIntgTests.iCore.Common.Entities.EntityReferenceTests.TestInitialize threw exception. System.Runtime.InteropServices.COMException: System.Runtime.InteropServices.COMException: Description: Cannot open database "SInTest_Default_330501" requested by the login. The login failed.. Source: Microsoft OLE DB Provider for SQL Server SQL error: 42000. Native error: 4060.

Database error: 0x80004005. 
.</Message>
          <StackTrace>    at iCore.Interop.ESystem.EUsrAuthorizationClass.LogonEx(String bsUserName, String bsPassword, Int32 lSystemId, Int32&amp; plUserId, Int32&amp; plUserGrpId)
   at iCore.Common.Entities.UserAuthorization.Logon(String userName, String password, Int32 systemId)
   at iCore.Common.Entities.SystemRepositoryImpl.SystemContextImpl.Login(String userName, String password, Nullable`1 requestingLobType, Boolean verifyAttached, String&amp; expirationWarning)
   at iCore.Common.Entities.SystemRepositoryImpl.SystemContextImpl.Login(String userName, String password, Nullable`1 requestingLobType, Boolean verifyAttached)
   at iCore.Common.Entities.SystemRepositoryImpl.Login(Int32 systemId, String userName, String password, Nullable`1 requestingLobType, Boolean verifyAttached)
   at Testing.SysIntg.Common.SysIntgTestBase.Logon(String username, String password) in F:\ETWork\Main\Testing\Assemblies\Testing.SysIntg.Setup\SysIntgTestBase.cs:line 81
   at Testing.SysIntg.Common.SysIntgTestBase.Logon(LoginInfo userInfo) in F:\ETWork\Main\Testing\Assemblies\Testing.SysIntg.Setup\SysIntgTestBase.cs:line 102
   at SysIntgTests.iCore.Common.Entities.EntityReferenceTests.TestInitialize() in F:\ETWork\Main\Common\Assemblies\SysIntgTests.iCore.Common.Entities\EntityTests\EntityReferenceTests.cs:line 26
</StackTrace>
        </ErrorInfo>
      </Output>
    </UnitTestResult>
    <UnitTestResult executionId="450c2998-7701-4ace-840b-a3f974c8b4aa" testId="4d9f61a3-e6cb-33d2-d829-e2889ed37f4c" testName="RepositoryEntityTypeId_ReturnsWorkflow" computerName="ICSWS068" duration="00:00:00.3179400" startTime="2016-08-04T10:27:25.7109007+02:00" endTime="2016-08-04T10:27:26.0304503+02:00" testType="13cdc9d9-ddb5-4fa4-a97d-d965ccfc6d4b" outcome="Failed" testListId="8c84fa94-04c1-424b-9868-57a2d4851a1d" relativeResultsDirectory="450c2998-7701-4ace-840b-a3f974c8b4aa">
      <Output>
        <ErrorInfo>
          <Message>Initialization method SysIntgTests.iCore.Common.Entities.WorkflowTests.TestInitialize threw exception. System.Runtime.InteropServices.COMException: System.Runtime.InteropServices.COMException: Description: Cannot open database "SInTest_Default_330501" requested by the login. The login failed.. Source: Microsoft OLE DB Provider for SQL Server SQL error: 42000. Native error: 4060.

Database error: 0x80004005. 
.</Message>
          <StackTrace>    at iCore.Interop.ESystem.EUsrAuthorizationClass.LogonEx(String bsUserName, String bsPassword, Int32 lSystemId, Int32&amp; plUserId, Int32&amp; plUserGrpId)
   at iCore.Common.Entities.UserAuthorization.Logon(String userName, String password, Int32 systemId)
   at iCore.Common.Entities.SystemRepositoryImpl.SystemContextImpl.Login(String userName, String password, Nullable`1 requestingLobType, Boolean verifyAttached, String&amp; expirationWarning)
   at iCore.Common.Entities.SystemRepositoryImpl.SystemContextImpl.Login(String userName, String password, Nullable`1 requestingLobType, Boolean verifyAttached)
   at iCore.Common.Entities.SystemRepositoryImpl.Login(Int32 systemId, String userName, String password, Nullable`1 requestingLobType, Boolean verifyAttached)
   at Testing.SysIntg.Common.SysIntgTestBase.Logon(String username, String password) in F:\ETWork\Main\Testing\Assemblies\Testing.SysIntg.Setup\SysIntgTestBase.cs:line 81
   at Testing.SysIntg.Common.SysIntgTestBase.Logon(LoginInfo userInfo) in F:\ETWork\Main\Testing\Assemblies\Testing.SysIntg.Setup\SysIntgTestBase.cs:line 102
   at SysIntgTests.iCore.Common.Entities.WorkflowTests.TestInitialize() in F:\ETWork\Main\Common\Assemblies\SysIntgTests.iCore.Common.Entities\EntityTests\WorkflowTests.cs:line 83
</StackTrace>
        </ErrorInfo>
      </Output>
    </UnitTestResult>
    <UnitTestResult executionId="f94e4f8c-7623-40d0-94be-6a875c9fe301" testId="13f0adad-d844-91f6-fb04-b63e6b7a06d9" testName="RepositoryEntityType_ReturnsIWorkflow" computerName="ICSWS068" duration="00:00:00.3169078" startTime="2016-08-04T10:27:26.0334509+02:00" endTime="2016-08-04T10:27:26.3519241+02:00" testType="13cdc9d9-ddb5-4fa4-a97d-d965ccfc6d4b" outcome="Failed" testListId="8c84fa94-04c1-424b-9868-57a2d4851a1d" relativeResultsDirectory="f94e4f8c-7623-40d0-94be-6a875c9fe301">
      <Output>
        <ErrorInfo>
          <Message>Initialization method SysIntgTests.iCore.Common.Entities.WorkflowTests.TestInitialize threw exception. System.Runtime.InteropServices.COMException: System.Runtime.InteropServices.COMException: Description: Cannot open database "SInTest_Default_330501" requested by the login. The login failed.. Source: Microsoft OLE DB Provider for SQL Server SQL error: 42000. Native error: 4060.

Database error: 0x80004005. 
.</Message>
          <StackTrace>    at iCore.Interop.ESystem.EUsrAuthorizationClass.LogonEx(String bsUserName, String bsPassword, Int32 lSystemId, Int32&amp; plUserId, Int32&amp; plUserGrpId)
   at iCore.Common.Entities.UserAuthorization.Logon(String userName, String password, Int32 systemId)
   at iCore.Common.Entities.SystemRepositoryImpl.SystemContextImpl.Login(String userName, String password, Nullable`1 requestingLobType, Boolean verifyAttached, String&amp; expirationWarning)
   at iCore.Common.Entities.SystemRepositoryImpl.SystemContextImpl.Login(String userName, String password, Nullable`1 requestingLobType, Boolean verifyAttached)
   at iCore.Common.Entities.SystemRepositoryImpl.Login(Int32 systemId, String userName, String password, Nullable`1 requestingLobType, Boolean verifyAttached)
   at Testing.SysIntg.Common.SysIntgTestBase.Logon(String username, String password) in F:\ETWork\Main\Testing\Assemblies\Testing.SysIntg.Setup\SysIntgTestBase.cs:line 81
   at Testing.SysIntg.Common.SysIntgTestBase.Logon(LoginInfo userInfo) in F:\ETWork\Main\Testing\Assemblies\Testing.SysIntg.Setup\SysIntgTestBase.cs:line 102
   at SysIntgTests.iCore.Common.Entities.WorkflowTests.TestInitialize() in F:\ETWork\Main\Common\Assemblies\SysIntgTests.iCore.Common.Entities\EntityTests\WorkflowTests.cs:line 83
</StackTrace>
        </ErrorInfo>
      </Output>
    </UnitTestResult>
    <UnitTestResult executionId="351d7dc9-9264-4ba5-ba6d-ec177632bcbc" testId="8e769ef4-9934-58db-9f3e-fb77b65c39b1" testName="RepositorySystemContext_MatchesActualSystemContext" computerName="ICSWS068" duration="00:00:00.3369862" startTime="2016-08-04T10:27:26.3559281+02:00" endTime="2016-08-04T10:27:26.6941306+02:00" testType="13cdc9d9-ddb5-4fa4-a97d-d965ccfc6d4b" outcome="Failed" testListId="8c84fa94-04c1-424b-9868-57a2d4851a1d" relativeResultsDirectory="351d7dc9-9264-4ba5-ba6d-ec177632bcbc">
      <Output>
        <ErrorInfo>
          <Message>Initialization method SysIntgTests.iCore.Common.Entities.WorkflowTests.TestInitialize threw exception. System.Runtime.InteropServices.COMException: System.Runtime.InteropServices.COMException: Description: Cannot open database "SInTest_Default_330501" requested by the login. The login failed.. Source: Microsoft OLE DB Provider for SQL Server SQL error: 42000. Native error: 4060.

Database error: 0x80004005. 
.</Message>
          <StackTrace>    at iCore.Interop.ESystem.EUsrAuthorizationClass.LogonEx(String bsUserName, String bsPassword, Int32 lSystemId, Int32&amp; plUserId, Int32&amp; plUserGrpId)
   at iCore.Common.Entities.UserAuthorization.Logon(String userName, String password, Int32 systemId)
   at iCore.Common.Entities.SystemRepositoryImpl.SystemContextImpl.Login(String userName, String password, Nullable`1 requestingLobType, Boolean verifyAttached, String&amp; expirationWarning)
   at iCore.Common.Entities.SystemRepositoryImpl.SystemContextImpl.Login(String userName, String password, Nullable`1 requestingLobType, Boolean verifyAttached)
   at iCore.Common.Entities.SystemRepositoryImpl.Login(Int32 systemId, String userName, String password, Nullable`1 requestingLobType, Boolean verifyAttached)
   at Testing.SysIntg.Common.SysIntgTestBase.Logon(String username, String password) in F:\ETWork\Main\Testing\Assemblies\Testing.SysIntg.Setup\SysIntgTestBase.cs:line 81
   at Testing.SysIntg.Common.SysIntgTestBase.Logon(LoginInfo userInfo) in F:\ETWork\Main\Testing\Assemblies\Testing.SysIntg.Setup\SysIntgTestBase.cs:line 102
   at SysIntgTests.iCore.Common.Entities.WorkflowTests.TestInitialize() in F:\ETWork\Main\Common\Assemblies\SysIntgTests.iCore.Common.Entities\EntityTests\WorkflowTests.cs:line 83
</StackTrace>
        </ErrorInfo>
      </Output>
    </UnitTestResult>
    <UnitTestResult executionId="7928a23f-4b52-4b74-968e-e8d972a2176a" testId="c2e3d3b0-dbcd-40bc-99f7-399d865b30a7" testName="Exists_KnownWorkflowId_ReturnsTrue (Data Row 0)" computerName="ICSWS068" duration="00:00:00.3104012" startTime="2016-08-04T08:27:26.7016208+02:00" endTime="2016-08-04T08:27:27.0123457+02:00" testType="13cdc9d9-ddb5-4fa4-a97d-d965ccfc6d4b" outcome="Failed" testListId="8c84fa94-04c1-424b-9868-57a2d4851a1d" relativeResultsDirectory="7928a23f-4b52-4b74-968e-e8d972a2176a">
      <Output>
        <ErrorInfo>
          <Message>Initialization method SysIntgTests.iCore.Common.Entities.WorkflowTests.TestInitialize threw exception. System.Runtime.InteropServices.COMException: System.Runtime.InteropServices.COMException: Description: Cannot open database "SInTest_Default_330501" requested by the login. The login failed.. Source: Microsoft OLE DB Provider for SQL Server SQL error: 42000. Native error: 4060.

Database error: 0x80004005. 
.</Message>
          <StackTrace>    at iCore.Interop.ESystem.EUsrAuthorizationClass.LogonEx(String bsUserName, String bsPassword, Int32 lSystemId, Int32&amp; plUserId, Int32&amp; plUserGrpId)
   at iCore.Common.Entities.UserAuthorization.Logon(String userName, String password, Int32 systemId)
   at iCore.Common.Entities.SystemRepositoryImpl.SystemContextImpl.Login(String userName, String password, Nullable`1 requestingLobType, Boolean verifyAttached, String&amp; expirationWarning)
   at iCore.Common.Entities.SystemRepositoryImpl.SystemContextImpl.Login(String userName, String password, Nullable`1 requestingLobType, Boolean verifyAttached)
   at iCore.Common.Entities.SystemRepositoryImpl.Login(Int32 systemId, String userName, String password, Nullable`1 requestingLobType, Boolean verifyAttached)
   at Testing.SysIntg.Common.SysIntgTestBase.Logon(String username, String password) in F:\ETWork\Main\Testing\Assemblies\Testing.SysIntg.Setup\SysIntgTestBase.cs:line 81
   at Testing.SysIntg.Common.SysIntgTestBase.Logon(LoginInfo userInfo) in F:\ETWork\Main\Testing\Assemblies\Testing.SysIntg.Setup\SysIntgTestBase.cs:line 102
   at SysIntgTests.iCore.Common.Entities.WorkflowTests.TestInitialize() in F:\ETWork\Main\Common\Assemblies\SysIntgTests.iCore.Common.Entities\EntityTests\WorkflowTests.cs:line 83
</StackTrace>
        </ErrorInfo>
      </Output>
    </UnitTestResult>
    <UnitTestResult executionId="e4a2755c-4b82-4f9e-8499-35943601cf2f" testId="416dd826-8842-4d0b-b62a-777123117d83" testName="Exists_KnownWorkflowId_ReturnsTrue (Data Row 1)" computerName="ICSWS068" duration="00:00:00.3139395" startTime="2016-08-04T08:27:27.0123457+02:00" endTime="2016-08-04T08:27:27.3261562+02:00" testType="13cdc9d9-ddb5-4fa4-a97d-d965ccfc6d4b" outcome="Failed" testListId="8c84fa94-04c1-424b-9868-57a2d4851a1d" relativeResultsDirectory="e4a2755c-4b82-4f9e-8499-35943601cf2f">
      <Output>
        <ErrorInfo>
          <Message>Initialization method SysIntgTests.iCore.Common.Entities.WorkflowTests.TestInitialize threw exception. System.Runtime.InteropServices.COMException: System.Runtime.InteropServices.COMException: Description: Cannot open database "SInTest_Default_330501" requested by the login. The login failed.. Source: Microsoft OLE DB Provider for SQL Server SQL error: 42000. Native error: 4060.

Database error: 0x80004005. 
.</Message>
          <StackTrace>    at iCore.Interop.ESystem.EUsrAuthorizationClass.LogonEx(String bsUserName, String bsPassword, Int32 lSystemId, Int32&amp; plUserId, Int32&amp; plUserGrpId)
   at iCore.Common.Entities.UserAuthorization.Logon(String userName, String password, Int32 systemId)
   at iCore.Common.Entities.SystemRepositoryImpl.SystemContextImpl.Login(String userName, String password, Nullable`1 requestingLobType, Boolean verifyAttached, String&amp; expirationWarning)
   at iCore.Common.Entities.SystemRepositoryImpl.SystemContextImpl.Login(String userName, String password, Nullable`1 requestingLobType, Boolean verifyAttached)
   at iCore.Common.Entities.SystemRepositoryImpl.Login(Int32 systemId, String userName, String password, Nullable`1 requestingLobType, Boolean verifyAttached)
   at Testing.SysIntg.Common.SysIntgTestBase.Logon(String username, String password) in F:\ETWork\Main\Testing\Assemblies\Testing.SysIntg.Setup\SysIntgTestBase.cs:line 81
   at Testing.SysIntg.Common.SysIntgTestBase.Logon(LoginInfo userInfo) in F:\ETWork\Main\Testing\Assemblies\Testing.SysIntg.Setup\SysIntgTestBase.cs:line 102
   at SysIntgTests.iCore.Common.Entities.WorkflowTests.TestInitialize() in F:\ETWork\Main\Common\Assemblies\SysIntgTests.iCore.Common.Entities\EntityTests\WorkflowTests.cs:line 83
</StackTrace>
        </ErrorInfo>
      </Output>
    </UnitTestResult>
    <UnitTestResult executionId="8c9a854c-af74-454b-a63c-dc3a64593e6b" testId="a600d024-734f-4b7a-9f86-a74c4a99ff00" testName="Exists_KnownWorkflowId_ReturnsTrue (Data Row 2)" computerName="ICSWS068" duration="00:00:00.3891982" startTime="2016-08-04T08:27:27.3261562+02:00" endTime="2016-08-04T08:27:27.7157352+02:00" testType="13cdc9d9-ddb5-4fa4-a97d-d965ccfc6d4b" outcome="Failed" testListId="8c84fa94-04c1-424b-9868-57a2d4851a1d" relativeResultsDirectory="8c9a854c-af74-454b-a63c-dc3a64593e6b">
      <Output>
        <ErrorInfo>
          <Message>Initialization method SysIntgTests.iCore.Common.Entities.WorkflowTests.TestInitialize threw exception. System.Runtime.InteropServices.COMException: System.Runtime.InteropServices.COMException: Description: Invalid object name 'tblUser'.. Source: Microsoft OLE DB Provider for SQL Server SQL error: 42S02. Native error: 208.

Database error: 0x80040e37. 
.</Message>
          <StackTrace>    at iCore.Interop.ESystem.EUsrAuthorizationClass.LogonEx(String bsUserName, String bsPassword, Int32 lSystemId, Int32&amp; plUserId, Int32&amp; plUserGrpId)
   at iCore.Common.Entities.UserAuthorization.Logon(String userName, String password, Int32 systemId)
   at iCore.Common.Entities.SystemRepositoryImpl.SystemContextImpl.Login(String userName, String password, Nullable`1 requestingLobType, Boolean verifyAttached, String&amp; expirationWarning)
   at iCore.Common.Entities.SystemRepositoryImpl.SystemContextImpl.Login(String userName, String password, Nullable`1 requestingLobType, Boolean verifyAttached)
   at iCore.Common.Entities.SystemRepositoryImpl.Login(Int32 systemId, String userName, String password, Nullable`1 requestingLobType, Boolean verifyAttached)
   at Testing.SysIntg.Common.SysIntgTestBase.Logon(String username, String password) in F:\ETWork\Main\Testing\Assemblies\Testing.SysIntg.Setup\SysIntgTestBase.cs:line 81
   at Testing.SysIntg.Common.SysIntgTestBase.Logon(LoginInfo userInfo) in F:\ETWork\Main\Testing\Assemblies\Testing.SysIntg.Setup\SysIntgTestBase.cs:line 102
   at SysIntgTests.iCore.Common.Entities.WorkflowTests.TestInitialize() in F:\ETWork\Main\Common\Assemblies\SysIntgTests.iCore.Common.Entities\EntityTests\WorkflowTests.cs:line 83
</StackTrace>
        </ErrorInfo>
      </Output>
    </UnitTestResult>
    <UnitTestResult executionId="f06b5c17-7656-4750-92e9-47f45519dc1d" testId="bbd6457c-d1b7-4ddf-b037-bb8f1c633db3" testName="Exists_KnownWorkflowId_ReturnsTrue (Data Row 3)" computerName="ICSWS068" duration="00:00:00.6456100" startTime="2016-08-04T08:27:27.7157352+02:00" endTime="2016-08-04T08:27:28.3610828+02:00" testType="13cdc9d9-ddb5-4fa4-a97d-d965ccfc6d4b" outcome="Failed" testListId="8c84fa94-04c1-424b-9868-57a2d4851a1d" relativeResultsDirectory="f06b5c17-7656-4750-92e9-47f45519dc1d">
      <Output>
        <ErrorInfo>
          <Message>Initialization method SysIntgTests.iCore.Common.Entities.WorkflowTests.TestInitialize threw exception. System.Runtime.InteropServices.COMException: System.Runtime.InteropServices.COMException: Description: Invalid column name 'fldPassword'.. Source: Microsoft OLE DB Provider for SQL Server SQL error: 42S22. Native error: 207.

Database error: 0x80040e14. 
.</Message>
          <StackTrace>    at iCore.Interop.ESystem.EUsrAuthorizationClass.LogonEx(String bsUserName, String bsPassword, Int32 lSystemId, Int32&amp; plUserId, Int32&amp; plUserGrpId)
   at iCore.Common.Entities.UserAuthorization.Logon(String userName, String password, Int32 systemId)
   at iCore.Common.Entities.SystemRepositoryImpl.SystemContextImpl.Login(String userName, String password, Nullable`1 requestingLobType, Boolean verifyAttached, String&amp; expirationWarning)
   at iCore.Common.Entities.SystemRepositoryImpl.SystemContextImpl.Login(String userName, String password, Nullable`1 requestingLobType, Boolean verifyAttached)
   at iCore.Common.Entities.SystemRepositoryImpl.Login(Int32 systemId, String userName, String password, Nullable`1 requestingLobType, Boolean verifyAttached)
   at Testing.SysIntg.Common.SysIntgTestBase.Logon(String username, String password) in F:\ETWork\Main\Testing\Assemblies\Testing.SysIntg.Setup\SysIntgTestBase.cs:line 81
   at Testing.SysIntg.Common.SysIntgTestBase.Logon(LoginInfo userInfo) in F:\ETWork\Main\Testing\Assemblies\Testing.SysIntg.Setup\SysIntgTestBase.cs:line 102
   at SysIntgTests.iCore.Common.Entities.WorkflowTests.TestInitialize() in F:\ETWork\Main\Common\Assemblies\SysIntgTests.iCore.Common.Entities\EntityTests\WorkflowTests.cs:line 83
</StackTrace>
        </ErrorInfo>
      </Output>
    </UnitTestResult>
    <UnitTestResult executionId="23af31b8-970e-43f3-8f0b-3b0dfc705c92" testId="ad7fbe37-1b45-32de-1c18-6b1b7c2bb5b3" testName="Exists_NonExistingWorkflowId_ReturnsFalse" computerName="ICSWS068" duration="00:00:00.3280990" startTime="2016-08-04T10:27:28.3645860+02:00" endTime="2016-08-04T10:27:28.6943273+02:00" testType="13cdc9d9-ddb5-4fa4-a97d-d965ccfc6d4b" outcome="Failed" testListId="8c84fa94-04c1-424b-9868-57a2d4851a1d" relativeResultsDirectory="23af31b8-970e-43f3-8f0b-3b0dfc705c92">
      <Output>
        <ErrorInfo>
          <Message>Initialization method SysIntgTests.iCore.Common.Entities.WorkflowTests.TestInitialize threw exception. System.Runtime.InteropServices.COMException: System.Runtime.InteropServices.COMException: Description: Invalid column name 'fldPassword'.. Source: Microsoft OLE DB Provider for SQL Server SQL error: 42S22. Native error: 207.

Database error: 0x80040e14. 
.</Message>
          <StackTrace>    at iCore.Interop.ESystem.EUsrAuthorizationClass.LogonEx(String bsUserName, String bsPassword, Int32 lSystemId, Int32&amp; plUserId, Int32&amp; plUserGrpId)
   at iCore.Common.Entities.UserAuthorization.Logon(String userName, String password, Int32 systemId)
   at iCore.Common.Entities.SystemRepositoryImpl.SystemContextImpl.Login(String userName, String password, Nullable`1 requestingLobType, Boolean verifyAttached, String&amp; expirationWarning)
   at iCore.Common.Entities.SystemRepositoryImpl.SystemContextImpl.Login(String userName, String password, Nullable`1 requestingLobType, Boolean verifyAttached)
   at iCore.Common.Entities.SystemRepositoryImpl.Login(Int32 systemId, String userName, String password, Nullable`1 requestingLobType, Boolean verifyAttached)
   at Testing.SysIntg.Common.SysIntgTestBase.Logon(String username, String password) in F:\ETWork\Main\Testing\Assemblies\Testing.SysIntg.Setup\SysIntgTestBase.cs:line 81
   at Testing.SysIntg.Common.SysIntgTestBase.Logon(LoginInfo userInfo) in F:\ETWork\Main\Testing\Assemblies\Testing.SysIntg.Setup\SysIntgTestBase.cs:line 102
   at SysIntgTests.iCore.Common.Entities.WorkflowTests.TestInitialize() in F:\ETWork\Main\Common\Assemblies\SysIntgTests.iCore.Common.Entities\EntityTests\WorkflowTests.cs:line 83
</StackTrace>
        </ErrorInfo>
      </Output>
    </UnitTestResult>
    <UnitTestResult executionId="f16b8a35-982d-4e81-be39-db3ef5e140f5" testId="412da81a-74b9-c7e4-aaa3-44e7dd0b5c45" testName="Exists_UnsupportedKey_ThrowsArgumentException" computerName="ICSWS068" duration="00:00:00.3500378" startTime="2016-08-04T10:27:28.6973290+02:00" endTime="2016-08-04T10:27:29.0487949+02:00" testType="13cdc9d9-ddb5-4fa4-a97d-d965ccfc6d4b" outcome="Failed" testListId="8c84fa94-04c1-424b-9868-57a2d4851a1d" relativeResultsDirectory="f16b8a35-982d-4e81-be39-db3ef5e140f5">
      <Output>
        <ErrorInfo>
          <Message>Initialization method SysIntgTests.iCore.Common.Entities.WorkflowTests.TestInitialize threw exception. System.Runtime.InteropServices.COMException: System.Runtime.InteropServices.COMException: Description: Invalid column name 'fldPassword'.. Source: Microsoft OLE DB Provider for SQL Server SQL error: 42S22. Native error: 207.

Database error: 0x80040e14. 
.</Message>
          <StackTrace>    at iCore.Interop.ESystem.EUsrAuthorizationClass.LogonEx(String bsUserName, String bsPassword, Int32 lSystemId, Int32&amp; plUserId, Int32&amp; plUserGrpId)
   at iCore.Common.Entities.UserAuthorization.Logon(String userName, String password, Int32 systemId)
   at iCore.Common.Entities.SystemRepositoryImpl.SystemContextImpl.Login(String userName, String password, Nullable`1 requestingLobType, Boolean verifyAttached, String&amp; expirationWarning)
   at iCore.Common.Entities.SystemRepositoryImpl.SystemContextImpl.Login(String userName, String password, Nullable`1 requestingLobType, Boolean verifyAttached)
   at iCore.Common.Entities.SystemRepositoryImpl.Login(Int32 systemId, String userName, String password, Nullable`1 requestingLobType, Boolean verifyAttached)
   at Testing.SysIntg.Common.SysIntgTestBase.Logon(String username, String password) in F:\ETWork\Main\Testing\Assemblies\Testing.SysIntg.Setup\SysIntgTestBase.cs:line 81
   at Testing.SysIntg.Common.SysIntgTestBase.Logon(LoginInfo userInfo) in F:\ETWork\Main\Testing\Assemblies\Testing.SysIntg.Setup\SysIntgTestBase.cs:line 102
   at SysIntgTests.iCore.Common.Entities.WorkflowTests.TestInitialize() in F:\ETWork\Main\Common\Assemblies\SysIntgTests.iCore.Common.Entities\EntityTests\WorkflowTests.cs:line 83
</StackTrace>
        </ErrorInfo>
      </Output>
    </UnitTestResult>
    <UnitTestResult executionId="8efd2d2f-faae-43dd-a600-46a9cb6d4061" testId="09af38e0-4ee7-40c3-a954-0064d427877f" testName="Exists_KnownWorkflowKey_ReturnsTrue (Data Row 0)" computerName="ICSWS068" duration="00:00:00.3683784" startTime="2016-08-04T08:27:29.0542992+02:00" endTime="2016-08-04T08:27:29.4224123+02:00" testType="13cdc9d9-ddb5-4fa4-a97d-d965ccfc6d4b" outcome="Failed" testListId="8c84fa94-04c1-424b-9868-57a2d4851a1d" relativeResultsDirectory="8efd2d2f-faae-43dd-a600-46a9cb6d4061">
      <Output>
        <ErrorInfo>
          <Message>Initialization method SysIntgTests.iCore.Common.Entities.WorkflowTests.TestInitialize threw exception. System.Runtime.InteropServices.COMException: System.Runtime.InteropServices.COMException: Description: Invalid column name 'fldPassword'.. Source: Microsoft OLE DB Provider for SQL Server SQL error: 42S22. Native error: 207.

Database error: 0x80040e14. 
.</Message>
          <StackTrace>    at iCore.Interop.ESystem.EUsrAuthorizationClass.LogonEx(String bsUserName, String bsPassword, Int32 lSystemId, Int32&amp; plUserId, Int32&amp; plUserGrpId)
   at iCore.Common.Entities.UserAuthorization.Logon(String userName, String password, Int32 systemId)
   at iCore.Common.Entities.SystemRepositoryImpl.SystemContextImpl.Login(String userName, String password, Nullable`1 requestingLobType, Boolean verifyAttached, String&amp; expirationWarning)
   at iCore.Common.Entities.SystemRepositoryImpl.SystemContextImpl.Login(String userName, String password, Nullable`1 requestingLobType, Boolean verifyAttached)
   at iCore.Common.Entities.SystemRepositoryImpl.Login(Int32 systemId, String userName, String password, Nullable`1 requestingLobType, Boolean verifyAttached)
   at Testing.SysIntg.Common.SysIntgTestBase.Logon(String username, String password) in F:\ETWork\Main\Testing\Assemblies\Testing.SysIntg.Setup\SysIntgTestBase.cs:line 81
   at Testing.SysIntg.Common.SysIntgTestBase.Logon(LoginInfo userInfo) in F:\ETWork\Main\Testing\Assemblies\Testing.SysIntg.Setup\SysIntgTestBase.cs:line 102
   at SysIntgTests.iCore.Common.Entities.WorkflowTests.TestInitialize() in F:\ETWork\Main\Common\Assemblies\SysIntgTests.iCore.Common.Entities\EntityTests\WorkflowTests.cs:line 83
</StackTrace>
        </ErrorInfo>
      </Output>
    </UnitTestResult>
    <UnitTestResult executionId="1f545f7e-161e-49e1-9d2c-d8ca2672bfba" testId="b42fdb6c-2d3a-4904-89eb-70b1d57bacba" testName="Exists_KnownWorkflowKey_ReturnsTrue (Data Row 1)" computerName="ICSWS068" duration="00:00:00.4752070" startTime="2016-08-04T08:27:29.4224123+02:00" endTime="2016-08-04T08:27:29.8978916+02:00" testType="13cdc9d9-ddb5-4fa4-a97d-d965ccfc6d4b" outcome="Passed" testListId="8c84fa94-04c1-424b-9868-57a2d4851a1d" relativeResultsDirectory="1f545f7e-161e-49e1-9d2c-d8ca2672bfba" />
    <UnitTestResult executionId="02a0fbf4-29ec-47f7-a17a-aa54c0d90383" testId="cc23275f-7b64-41e4-9afd-8d1abf7b9865" testName="Exists_KnownWorkflowKey_ReturnsTrue (Data Row 2)" computerName="ICSWS068" duration="00:00:00.3849510" startTime="2016-08-04T08:27:29.8978916+02:00" endTime="2016-08-04T08:27:30.2829167+02:00" testType="13cdc9d9-ddb5-4fa4-a97d-d965ccfc6d4b" outcome="Passed" testListId="8c84fa94-04c1-424b-9868-57a2d4851a1d" relativeResultsDirectory="02a0fbf4-29ec-47f7-a17a-aa54c0d90383" />
    <UnitTestResult executionId="10594d88-037c-490d-9399-ca8d8ba63fb1" testId="557615d2-af30-4a43-bfd3-67e57cd57a8f" testName="Exists_KnownWorkflowKey_ReturnsTrue (Data Row 3)" computerName="ICSWS068" duration="00:00:00.4149192" startTime="2016-08-04T08:27:30.2829167+02:00" endTime="2016-08-04T08:27:30.6978422+02:00" testType="13cdc9d9-ddb5-4fa4-a97d-d965ccfc6d4b" outcome="Passed" testListId="8c84fa94-04c1-424b-9868-57a2d4851a1d" relativeResultsDirectory="10594d88-037c-490d-9399-ca8d8ba63fb1" />
    <UnitTestResult executionId="762d9bb6-c9f7-481f-aab6-357f58aca58d" testId="1fe9e65c-76a4-b4ff-2587-eca08228b523" testName="Exists_NonExistingWorkflowKey_ReturnsFalse" computerName="ICSWS068" duration="00:00:00.3413743" startTime="2016-08-04T10:27:30.7018451+02:00" endTime="2016-08-04T10:27:31.0448656+02:00" testType="13cdc9d9-ddb5-4fa4-a97d-d965ccfc6d4b" outcome="Passed" testListId="8c84fa94-04c1-424b-9868-57a2d4851a1d" relativeResultsDirectory="762d9bb6-c9f7-481f-aab6-357f58aca58d" />
    <UnitTestResult executionId="e447cebe-3a08-4289-a822-ae53e8a115a1" testId="cc024b15-0873-c33b-882e-78f743940bd6" testName="CreateInstance_CreatesNewWorkflow" computerName="ICSWS068" duration="00:00:00.3433849" startTime="2016-08-04T10:27:31.0473835+02:00" endTime="2016-08-04T10:27:31.3925237+02:00" testType="13cdc9d9-ddb5-4fa4-a97d-d965ccfc6d4b" outcome="Passed" testListId="8c84fa94-04c1-424b-9868-57a2d4851a1d" relativeResultsDirectory="e447cebe-3a08-4289-a822-ae53e8a115a1" />
    <UnitTestResult executionId="ccb331fd-a206-4be2-9543-388cee5e63cc" testId="df10c78d-36e1-4b15-8f13-a85d83d0be6b" testName="List_ContainsEachKnownWorkflowOnce (Data Row 0)" computerName="ICSWS068" duration="00:00:00.3769240" startTime="2016-08-04T08:27:31.3975274+02:00" endTime="2016-08-04T08:27:31.7743928+02:00" testType="13cdc9d9-ddb5-4fa4-a97d-d965ccfc6d4b" outcome="Passed" testListId="8c84fa94-04c1-424b-9868-57a2d4851a1d" relativeResultsDirectory="ccb331fd-a206-4be2-9543-388cee5e63cc" />
    <UnitTestResult executionId="b225964c-83a5-4085-b3b6-bb52204cd1ff" testId="0a2c4c6d-0067-4dd7-a414-3625d41d28b6" testName="List_ContainsEachKnownWorkflowOnce (Data Row 1)" computerName="ICSWS068" duration="00:00:00.3409726" startTime="2016-08-04T08:27:31.7743928+02:00" endTime="2016-08-04T08:27:32.1153756+02:00" testType="13cdc9d9-ddb5-4fa4-a97d-d965ccfc6d4b" outcome="Passed" testListId="8c84fa94-04c1-424b-9868-57a2d4851a1d" relativeResultsDirectory="b225964c-83a5-4085-b3b6-bb52204cd1ff" />
    <UnitTestResult executionId="457caca6-76e8-4597-83e6-6e499e835717" testId="845f8541-2052-48ba-b394-7c6cf743d4fe" testName="List_ContainsEachKnownWorkflowOnce (Data Row 2)" computerName="ICSWS068" duration="00:00:00.3426828" startTime="2016-08-04T08:27:32.1153756+02:00" endTime="2016-08-04T08:27:32.4581293+02:00" testType="13cdc9d9-ddb5-4fa4-a97d-d965ccfc6d4b" outcome="Passed" testListId="8c84fa94-04c1-424b-9868-57a2d4851a1d" relativeResultsDirectory="457caca6-76e8-4597-83e6-6e499e835717" />
    <UnitTestResult executionId="c29eb7dd-b93a-4720-bc25-7d25cc37440e" testId="3d9d07cd-9afc-4cf5-9434-cfa5ab352e54" testName="List_ContainsEachKnownWorkflowOnce (Data Row 3)" computerName="ICSWS068" duration="00:00:00.3489402" startTime="2016-08-04T08:27:32.4581293+02:00" endTime="2016-08-04T08:27:32.8070712+02:00" testType="13cdc9d9-ddb5-4fa4-a97d-d965ccfc6d4b" outcome="Passed" testListId="8c84fa94-04c1-424b-9868-57a2d4851a1d" relativeResultsDirectory="c29eb7dd-b93a-4720-bc25-7d25cc37440e" />
    <UnitTestResult executionId="8ad42929-7e16-483e-97bd-ace91f7834ae" testId="8ceb078d-00d1-9221-8df6-986730b5f134" testName="List_ShouldSetSystemContextCorrectly" computerName="ICSWS068" duration="00:00:00.3297462" startTime="2016-08-04T10:27:32.8110740+02:00" endTime="2016-08-04T10:27:33.1433402+02:00" testType="13cdc9d9-ddb5-4fa4-a97d-d965ccfc6d4b" outcome="Passed" testListId="8c84fa94-04c1-424b-9868-57a2d4851a1d" relativeResultsDirectory="8ad42929-7e16-483e-97bd-ace91f7834ae" />
    <UnitTestResult executionId="9f241167-02ee-4c45-8ded-110522a24610" testId="3d01d8b4-c748-aeba-c64e-5c0ce68a152a" testName="GetByName_NullName_ThrowsArgumentNullException" computerName="ICSWS068" duration="00:00:00.3264272" startTime="2016-08-04T10:27:33.1463419+02:00" endTime="2016-08-04T10:27:33.4749340+02:00" testType="13cdc9d9-ddb5-4fa4-a97d-d965ccfc6d4b" outcome="Passed" testListId="8c84fa94-04c1-424b-9868-57a2d4851a1d" relativeResultsDirectory="9f241167-02ee-4c45-8ded-110522a24610" />
    <UnitTestResult executionId="26a4a4f4-8383-4787-9d05-8d8184d2d9d6" testId="d5afda4a-63f0-3da3-7d08-3c6337f709f4" testName="GetByName_NonExistingName_ThrowsEntityNotFoundException" computerName="ICSWS068" duration="00:00:00.3311843" startTime="2016-08-04T10:27:33.4779360+02:00" endTime="2016-08-04T10:27:33.8108887+02:00" testType="13cdc9d9-ddb5-4fa4-a97d-d965ccfc6d4b" outcome="Passed" testListId="8c84fa94-04c1-424b-9868-57a2d4851a1d" relativeResultsDirectory="26a4a4f4-8383-4787-9d05-8d8184d2d9d6" />
    <UnitTestResult executionId="7595a05d-e577-43db-969b-7a5471c90af5" testId="572f2ba5-62fb-4bec-88f5-7f0d4c8f58cd" testName="GetByName_KnownWorkflowId_ReturnsEntityWithCorrectProperties (Data Row 0)" computerName="ICSWS068" duration="00:00:00.3336646" startTime="2016-08-04T08:27:33.8153930+02:00" endTime="2016-08-04T08:27:34.1492906+02:00" testType="13cdc9d9-ddb5-4fa4-a97d-d965ccfc6d4b" outcome="Passed" testListId="8c84fa94-04c1-424b-9868-57a2d4851a1d" relativeResultsDirectory="7595a05d-e577-43db-969b-7a5471c90af5" />
    <UnitTestResult executionId="5d1ef429-557c-4029-b6ec-2cc866eb2ba2" testId="8a21e5f8-0d70-47ab-80d7-855be428f05c" testName="GetByName_KnownWorkflowId_ReturnsEntityWithCorrectProperties (Data Row 1)" computerName="ICSWS068" duration="00:00:00.3458297" startTime="2016-08-04T08:27:34.1492906+02:00" endTime="2016-08-04T08:27:34.4950380+02:00" testType="13cdc9d9-ddb5-4fa4-a97d-d965ccfc6d4b" outcome="Passed" testListId="8c84fa94-04c1-424b-9868-57a2d4851a1d" relativeResultsDirectory="5d1ef429-557c-4029-b6ec-2cc866eb2ba2" />
    <UnitTestResult executionId="214e0cc3-484a-4800-9481-d06cb5ee22fe" testId="ac8b81cf-255d-49d8-bcc4-fc23b8c5934c" testName="GetByName_KnownWorkflowId_ReturnsEntityWithCorrectProperties (Data Row 2)" computerName="ICSWS068" duration="00:00:00.3334338" startTime="2016-08-04T08:27:34.4950380+02:00" endTime="2016-08-04T08:27:34.8287816+02:00" testType="13cdc9d9-ddb5-4fa4-a97d-d965ccfc6d4b" outcome="Passed" testListId="8c84fa94-04c1-424b-9868-57a2d4851a1d" relativeResultsDirectory="214e0cc3-484a-4800-9481-d06cb5ee22fe" />
    <UnitTestResult executionId="e73ecd2f-f771-4972-9597-5935320cf7b2" testId="7b28c793-91ce-4959-b0e6-dab1af135d1a" testName="GetByName_KnownWorkflowId_ReturnsEntityWithCorrectProperties (Data Row 3)" computerName="ICSWS068" duration="00:00:00.3400486" startTime="2016-08-04T08:27:34.8287816+02:00" endTime="2016-08-04T08:27:35.1687955+02:00" testType="13cdc9d9-ddb5-4fa4-a97d-d965ccfc6d4b" outcome="Passed" testListId="8c84fa94-04c1-424b-9868-57a2d4851a1d" relativeResultsDirectory="e73ecd2f-f771-4972-9597-5935320cf7b2" />
    <UnitTestResult executionId="4426cc09-ae4d-4d1a-bee0-add7a4d3c78e" testId="82105131-4956-d550-626d-f234e248617a" testName="GetById_NewGuid_ThrowsEntityNotFoundException" computerName="ICSWS068" duration="00:00:00.3370624" startTime="2016-08-04T10:27:35.1722978+02:00" endTime="2016-08-04T10:27:35.5103560+02:00" testType="13cdc9d9-ddb5-4fa4-a97d-d965ccfc6d4b" outcome="Passed" testListId="8c84fa94-04c1-424b-9868-57a2d4851a1d" relativeResultsDirectory="4426cc09-ae4d-4d1a-bee0-add7a4d3c78e" />
    <UnitTestResult executionId="3a2fa3ef-0de7-4142-9cb8-2ceccfd2df6c" testId="b2c64bbb-cbd1-4e43-be28-c9725ca2901c" testName="GetById_KnownWorkflowId_ReturnsEntityWithCorrectProperties (Data Row 0)" computerName="ICSWS068" duration="00:00:00.3841123" startTime="2016-08-04T08:27:35.5153594+02:00" endTime="2016-08-04T08:27:35.8994441+02:00" testType="13cdc9d9-ddb5-4fa4-a97d-d965ccfc6d4b" outcome="Passed" testListId="8c84fa94-04c1-424b-9868-57a2d4851a1d" relativeResultsDirectory="3a2fa3ef-0de7-4142-9cb8-2ceccfd2df6c" />
    <UnitTestResult executionId="1b6da4d1-4624-4487-b6a9-40ded69b1b02" testId="6f9fed82-857c-4b57-babb-f022f335c62e" testName="GetById_KnownWorkflowId_ReturnsEntityWithCorrectProperties (Data Row 1)" computerName="ICSWS068" duration="00:00:00.3175910" startTime="2016-08-04T08:27:35.8994441+02:00" endTime="2016-08-04T08:27:36.2174005+02:00" testType="13cdc9d9-ddb5-4fa4-a97d-d965ccfc6d4b" outcome="Passed" testListId="8c84fa94-04c1-424b-9868-57a2d4851a1d" relativeResultsDirectory="1b6da4d1-4624-4487-b6a9-40ded69b1b02" />
    <UnitTestResult executionId="92e00d65-9881-4cf5-8c9e-a42a10870a6d" testId="93d73029-47cc-4a23-a020-83d24d60117b" testName="GetById_KnownWorkflowId_ReturnsEntityWithCorrectProperties (Data Row 2)" computerName="ICSWS068" duration="00:00:00.3268046" startTime="2016-08-04T08:27:36.2174005+02:00" endTime="2016-08-04T08:27:36.5439789+02:00" testType="13cdc9d9-ddb5-4fa4-a97d-d965ccfc6d4b" outcome="Passed" testListId="8c84fa94-04c1-424b-9868-57a2d4851a1d" relativeResultsDirectory="92e00d65-9881-4cf5-8c9e-a42a10870a6d" />
    <UnitTestResult executionId="206804c9-62ca-479b-a0e0-542dcacaf175" testId="0571ae5a-4a8f-4d04-b291-b59670598771" testName="GetById_KnownWorkflowId_ReturnsEntityWithCorrectProperties (Data Row 3)" computerName="ICSWS068" duration="00:00:00.3270439" startTime="2016-08-04T08:27:36.5439789+02:00" endTime="2016-08-04T08:27:36.8709580+02:00" testType="13cdc9d9-ddb5-4fa4-a97d-d965ccfc6d4b" outcome="Passed" testListId="8c84fa94-04c1-424b-9868-57a2d4851a1d" relativeResultsDirectory="206804c9-62ca-479b-a0e0-542dcacaf175" />
    <UnitTestResult executionId="f0648f8a-3cf9-479d-978d-9be0bf94bc21" testId="161aeb24-b8b5-c6d4-a526-17bb8249006c" testName="TryGetById_NewGuid_ReturnsNull" computerName="ICSWS068" duration="00:00:00.3264301" startTime="2016-08-04T10:27:36.8744603+02:00" endTime="2016-08-04T10:27:37.2024216+02:00" testType="13cdc9d9-ddb5-4fa4-a97d-d965ccfc6d4b" outcome="Passed" testListId="8c84fa94-04c1-424b-9868-57a2d4851a1d" relativeResultsDirectory="f0648f8a-3cf9-479d-978d-9be0bf94bc21" />
    <UnitTestResult executionId="5a6d0a6a-7796-44ea-a71a-1aa981d3c7f3" testId="928ee483-f3a0-4310-ad64-718d3ce4611e" testName="TryGetById_KnownWorkflowId_ReturnsEntityWithCorrectProperties (Data Row 0)" computerName="ICSWS068" duration="00:00:00.3371173" startTime="2016-08-04T08:27:37.2069435+02:00" endTime="2016-08-04T08:27:37.5442950+02:00" testType="13cdc9d9-ddb5-4fa4-a97d-d965ccfc6d4b" outcome="Passed" testListId="8c84fa94-04c1-424b-9868-57a2d4851a1d" relativeResultsDirectory="5a6d0a6a-7796-44ea-a71a-1aa981d3c7f3" />
    <UnitTestResult executionId="bcf56e7b-8a5b-4a76-a158-c028362b40ba" testId="46b457b5-3243-4e91-ace2-2f892984dbc0" testName="TryGetById_KnownWorkflowId_ReturnsEntityWithCorrectProperties (Data Row 1)" computerName="ICSWS068" duration="00:00:00.3792274" startTime="2016-08-04T08:27:37.5442950+02:00" endTime="2016-08-04T08:27:37.9235662+02:00" testType="13cdc9d9-ddb5-4fa4-a97d-d965ccfc6d4b" outcome="Passed" testListId="8c84fa94-04c1-424b-9868-57a2d4851a1d" relativeResultsDirectory="bcf56e7b-8a5b-4a76-a158-c028362b40ba" />
    <UnitTestResult executionId="a98974a0-1fd7-43a6-b1e6-3f6d2c90987b" testId="08920e2e-9bdb-4016-b214-7762cf2df5fd" testName="TryGetById_KnownWorkflowId_ReturnsEntityWithCorrectProperties (Data Row 2)" computerName="ICSWS068" duration="00:00:00.3848959" startTime="2016-08-04T08:27:37.9235662+02:00" endTime="2016-08-04T08:27:38.3084741+02:00" testType="13cdc9d9-ddb5-4fa4-a97d-d965ccfc6d4b" outcome="Passed" testListId="8c84fa94-04c1-424b-9868-57a2d4851a1d" relativeResultsDirectory="a98974a0-1fd7-43a6-b1e6-3f6d2c90987b" />
    <UnitTestResult executionId="10340cfc-f3af-4cdb-8bd3-4f17f9211920" testId="73fb6e9d-d8fd-4104-99cc-2f03e38d3dc7" testName="TryGetById_KnownWorkflowId_ReturnsEntityWithCorrectProperties (Data Row 3)" computerName="ICSWS068" duration="00:00:00.3600692" startTime="2016-08-04T08:27:38.3084741+02:00" endTime="2016-08-04T08:27:38.6683814+02:00" testType="13cdc9d9-ddb5-4fa4-a97d-d965ccfc6d4b" outcome="Passed" testListId="8c84fa94-04c1-424b-9868-57a2d4851a1d" relativeResultsDirectory="10340cfc-f3af-4cdb-8bd3-4f17f9211920" />
    <UnitTestResult executionId="05b5f7e0-fb06-4a09-af40-20a5c1658fb7" testId="e8b46d0c-b887-4e8f-b8e9-aa617589d1e4" testName="GetByKey_NewGuid_ThrowsEntityNotFoundException" computerName="ICSWS068" duration="00:00:00.3474763" startTime="2016-08-04T10:27:38.6723993+02:00" endTime="2016-08-04T10:27:39.0209540+02:00" testType="13cdc9d9-ddb5-4fa4-a97d-d965ccfc6d4b" outcome="Passed" testListId="8c84fa94-04c1-424b-9868-57a2d4851a1d" relativeResultsDirectory="05b5f7e0-fb06-4a09-af40-20a5c1658fb7" />
    <UnitTestResult executionId="54371505-4766-4182-bea8-d10a0d3905ac" testId="561a6376-09e4-42be-844d-2c4bd584ab21" testName="GetByKey_KnownWorkflowKey_ReturnsEntityWithCorrectProperties (Data Row 0)" computerName="ICSWS068" duration="00:00:00.3427547" startTime="2016-08-04T08:27:39.0268293+02:00" endTime="2016-08-04T08:27:39.3694109+02:00" testType="13cdc9d9-ddb5-4fa4-a97d-d965ccfc6d4b" outcome="Passed" testListId="8c84fa94-04c1-424b-9868-57a2d4851a1d" relativeResultsDirectory="54371505-4766-4182-bea8-d10a0d3905ac" />
    <UnitTestResult executionId="bfdfb751-d7d9-4f67-83cd-9157b6b0efd4" testId="037f4eb3-5240-49e4-a66a-19b46236b2a8" testName="GetByKey_KnownWorkflowKey_ReturnsEntityWithCorrectProperties (Data Row 1)" computerName="ICSWS068" duration="00:00:00.3320171" startTime="2016-08-04T08:27:39.3694109+02:00" endTime="2016-08-04T08:27:39.7015979+02:00" testType="13cdc9d9-ddb5-4fa4-a97d-d965ccfc6d4b" outcome="Passed" testListId="8c84fa94-04c1-424b-9868-57a2d4851a1d" relativeResultsDirectory="bfdfb751-d7d9-4f67-83cd-9157b6b0efd4" />
    <UnitTestResult executionId="003d4a34-43ba-4611-ae1e-788c661b75e2" testId="72311f7a-7ab4-4755-99ab-f88b066986f3" testName="GetByKey_KnownWorkflowKey_ReturnsEntityWithCorrectProperties (Data Row 2)" computerName="ICSWS068" duration="00:00:00.3317957" startTime="2016-08-04T08:27:39.7015979+02:00" endTime="2016-08-04T08:27:40.0337131+02:00" testType="13cdc9d9-ddb5-4fa4-a97d-d965ccfc6d4b" outcome="Passed" testListId="8c84fa94-04c1-424b-9868-57a2d4851a1d" relativeResultsDirectory="003d4a34-43ba-4611-ae1e-788c661b75e2" />
    <UnitTestResult executionId="b78580f7-8ef4-4e2b-9052-4a79b9988871" testId="4bd3e1d8-3f4e-48fe-961e-c237a5d7c3f5" testName="GetByKey_KnownWorkflowKey_ReturnsEntityWithCorrectProperties (Data Row 3)" computerName="ICSWS068" duration="00:00:00.3445684" startTime="2016-08-04T08:27:40.0337131+02:00" endTime="2016-08-04T08:27:40.3779694+02:00" testType="13cdc9d9-ddb5-4fa4-a97d-d965ccfc6d4b" outcome="Passed" testListId="8c84fa94-04c1-424b-9868-57a2d4851a1d" relativeResultsDirectory="b78580f7-8ef4-4e2b-9052-4a79b9988871" />
    <UnitTestResult executionId="6ff14848-8c3a-47ba-be06-020decd28d96" testId="16caab43-7018-b2c6-2ab5-26909e3e29a4" testName="GetByKey_UnsupportedKey_ThrowsArgumentException" computerName="ICSWS068" duration="00:00:00.3293784" startTime="2016-08-04T10:27:40.3819702+02:00" endTime="2016-08-04T10:27:40.7130220+02:00" testType="13cdc9d9-ddb5-4fa4-a97d-d965ccfc6d4b" outcome="Passed" testListId="8c84fa94-04c1-424b-9868-57a2d4851a1d" relativeResultsDirectory="6ff14848-8c3a-47ba-be06-020decd28d96" />
    <UnitTestResult executionId="9036f905-c2c2-4c15-a502-7d357392b174" testId="4b036cf1-7aa0-42ea-840d-52645b077804" testName="ExistsByName_KnownWorkflowName_ReturnsTrue (Data Row 0)" computerName="ICSWS068" duration="00:00:00.3362592" startTime="2016-08-04T08:27:40.7190263+02:00" endTime="2016-08-04T08:27:41.0554271+02:00" testType="13cdc9d9-ddb5-4fa4-a97d-d965ccfc6d4b" outcome="Passed" testListId="8c84fa94-04c1-424b-9868-57a2d4851a1d" relativeResultsDirectory="9036f905-c2c2-4c15-a502-7d357392b174" />
    <UnitTestResult executionId="ee56b7b2-b070-47d4-a343-f20be2d2e1a7" testId="ec5d7fc8-b530-4aa8-b752-f95e4595849d" testName="ExistsByName_KnownWorkflowName_ReturnsTrue (Data Row 1)" computerName="ICSWS068" duration="00:00:00.3388559" startTime="2016-08-04T08:27:41.0554271+02:00" endTime="2016-08-04T08:27:41.3942799+02:00" testType="13cdc9d9-ddb5-4fa4-a97d-d965ccfc6d4b" outcome="Passed" testListId="8c84fa94-04c1-424b-9868-57a2d4851a1d" relativeResultsDirectory="ee56b7b2-b070-47d4-a343-f20be2d2e1a7" />
    <UnitTestResult executionId="83d348a2-a8ef-41da-89de-e9be98bea96c" testId="80719233-a8e0-49aa-85a9-9a9f4651db02" testName="ExistsByName_KnownWorkflowName_ReturnsTrue (Data Row 2)" computerName="ICSWS068" duration="00:00:00.3738965" startTime="2016-08-04T08:27:41.3942799+02:00" endTime="2016-08-04T08:27:41.7678164+02:00" testType="13cdc9d9-ddb5-4fa4-a97d-d965ccfc6d4b" outcome="Passed" testListId="8c84fa94-04c1-424b-9868-57a2d4851a1d" relativeResultsDirectory="83d348a2-a8ef-41da-89de-e9be98bea96c" />
    <UnitTestResult executionId="f767a729-e4c3-4cd5-96d6-05dca78e257e" testId="3a9a89c0-ecdc-4b4a-9700-27c763b06640" testName="ExistsByName_KnownWorkflowName_ReturnsTrue (Data Row 3)" computerName="ICSWS068" duration="00:00:00.3289418" startTime="2016-08-04T08:27:41.7678164+02:00" endTime="2016-08-04T08:27:42.0972099+02:00" testType="13cdc9d9-ddb5-4fa4-a97d-d965ccfc6d4b" outcome="Passed" testListId="8c84fa94-04c1-424b-9868-57a2d4851a1d" relativeResultsDirectory="f767a729-e4c3-4cd5-96d6-05dca78e257e" />
    <UnitTestResult executionId="210f27fe-e4e0-4b3f-b215-0675e83ddfef" testId="87c8eafe-b71d-a9e5-5fee-8d06247a48ce" testName="ExistsByName_NonExistingWorkflowName_ReturnsFalse" computerName="ICSWS068" duration="00:00:00.3417952" startTime="2016-08-04T10:27:42.1017125+02:00" endTime="2016-08-04T10:27:42.4456556+02:00" testType="13cdc9d9-ddb5-4fa4-a97d-d965ccfc6d4b" outcome="Passed" testListId="8c84fa94-04c1-424b-9868-57a2d4851a1d" relativeResultsDirectory="210f27fe-e4e0-4b3f-b215-0675e83ddfef" />
    <UnitTestResult executionId="db3a1877-6466-4999-b883-7ca0f78dfb18" testId="38d0c597-1984-454e-91e5-2aba637b382d" testName="CompileWithCurrentConfig_NonSystemInternal_CompilationSuccess (Data Row 0)" computerName="ICSWS068" duration="00:00:04.8793957" startTime="2016-08-04T08:27:42.4516599+02:00" endTime="2016-08-04T08:27:47.3310403+02:00" testType="13cdc9d9-ddb5-4fa4-a97d-d965ccfc6d4b" outcome="Passed" testListId="8c84fa94-04c1-424b-9868-57a2d4851a1d" relativeResultsDirectory="db3a1877-6466-4999-b883-7ca0f78dfb18" />
    <UnitTestResult executionId="4684d151-3bca-4df4-9c4c-07e7df501d76" testId="af582980-d874-4b02-8d6e-35703086ec9f" testName="CompileWithCurrentConfig_NonSystemInternal_CompilationSuccess (Data Row 1)" computerName="ICSWS068" duration="00:00:00.3486053" startTime="2016-08-04T08:27:47.3310403+02:00" endTime="2016-08-04T08:27:47.6793871+02:00" testType="13cdc9d9-ddb5-4fa4-a97d-d965ccfc6d4b" outcome="Passed" testListId="8c84fa94-04c1-424b-9868-57a2d4851a1d" relativeResultsDirectory="4684d151-3bca-4df4-9c4c-07e7df501d76" />
    <UnitTestResult executionId="78d43203-5fa3-4fad-80df-176a67118830" testId="fc957b4d-374b-4c4a-b673-0f6823bac657" testName="CompileWithCurrentConfig_NonSystemInternal_CompilationSuccess (Data Row 2)" computerName="ICSWS068" duration="00:00:05.3187309" startTime="2016-08-04T08:27:47.6793871+02:00" endTime="2016-08-04T08:27:52.9986010+02:00" testType="13cdc9d9-ddb5-4fa4-a97d-d965ccfc6d4b" outcome="Passed" testListId="8c84fa94-04c1-424b-9868-57a2d4851a1d" relativeResultsDirectory="78d43203-5fa3-4fad-80df-176a67118830" />
    <UnitTestResult executionId="2d190da7-395e-484c-b8e5-64436b5ec870" testId="a10f34e6-5912-4fe9-af08-f23a610fa57e" testName="CompileWithCurrentConfig_NonSystemInternal_CompilationSuccess (Data Row 3)" computerName="ICSWS068" duration="00:00:04.9870205" startTime="2016-08-04T08:27:52.9986010+02:00" endTime="2016-08-04T08:27:57.9853453+02:00" testType="13cdc9d9-ddb5-4fa4-a97d-d965ccfc6d4b" outcome="Passed" testListId="8c84fa94-04c1-424b-9868-57a2d4851a1d" relativeResultsDirectory="2d190da7-395e-484c-b8e5-64436b5ec870" />
    <UnitTestResult executionId="4650fe75-d305-4da3-b958-9eb620c43bae" testId="f5946d3a-ded8-4bd2-a587-262b6af2f84a" testName="CompileAndSave_NonSystemInternal_Success (Data Row 0)" computerName="ICSWS068" duration="00:00:05.3045476" startTime="2016-08-04T08:27:57.9927818+02:00" endTime="2016-08-04T08:28:03.2971740+02:00" testType="13cdc9d9-ddb5-4fa4-a97d-d965ccfc6d4b" outcome="Passed" testListId="8c84fa94-04c1-424b-9868-57a2d4851a1d" relativeResultsDirectory="4650fe75-d305-4da3-b958-9eb620c43bae" />
    <UnitTestResult executionId="bec2564b-d950-41ba-b6ee-312a01c3e5fc" testId="41b1f2ff-7d0b-4032-b4fd-490540b6c1fd" testName="CompileAndSave_NonSystemInternal_Success (Data Row 1)" computerName="ICSWS068" duration="00:00:00.3843789" startTime="2016-08-04T08:28:03.2971740+02:00" endTime="2016-08-04T08:28:03.6814906+02:00" testType="13cdc9d9-ddb5-4fa4-a97d-d965ccfc6d4b" outcome="Passed" testListId="8c84fa94-04c1-424b-9868-57a2d4851a1d" relativeResultsDirectory="bec2564b-d950-41ba-b6ee-312a01c3e5fc" />
    <UnitTestResult executionId="d75af05d-d1e2-4306-91c1-487ce7f99d16" testId="4ccb3e64-bad8-492f-b7b9-4bd2769924f9" testName="CompileAndSave_NonSystemInternal_Success (Data Row 2)" computerName="ICSWS068" duration="00:00:04.1557532" startTime="2016-08-04T08:28:03.6814906+02:00" endTime="2016-08-04T08:28:07.8374607+02:00" testType="13cdc9d9-ddb5-4fa4-a97d-d965ccfc6d4b" outcome="Failed" testListId="8c84fa94-04c1-424b-9868-57a2d4851a1d" relativeResultsDirectory="d75af05d-d1e2-4306-91c1-487ce7f99d16">
      <Output>
        <ErrorInfo>
          <Message>Test method SysIntgTests.iCore.Common.Entities.WorkflowTests.CompileAndSave_NonSystemInternal_Success threw exception: 
System.Data.SqlClient.SqlException: The connection is broken and recovery is not possible.  The connection is marked by the server as unrecoverable.  No attempt was made to restore the connection.</Message>
          <StackTrace>    at iCore.Common.Utilities.RetryManager.Retry[T](Func`1 action, RetryRule shouldRetry)
   at iCore.Common.Entities.EWorkflow.UpdateProjectAndCompile(Boolean updateWorkflowEntity, Action`2 progressCallback)
   at iCore.Common.Entities.EWorkflow.CompileAndSave(Action`2 progressCallback)
   at iCore.Common.Entities.SystemWorkflowRepository.CompileAndSave(IWorkflow instance, Action`2 progressCallback)
   at SysIntgTests.iCore.Common.Entities.WorkflowTests.CompileAndSave_NonSystemInternal_Success() in F:\ETWork\Main\Common\Assemblies\SysIntgTests.iCore.Common.Entities\EntityTests\WorkflowTests.cs:line 428
</StackTrace>
        </ErrorInfo>
      </Output>
    </UnitTestResult>
    <UnitTestResult executionId="d4407cc5-766e-49f7-a37a-f9391fcc3222" testId="77e8d31f-5782-408e-bc9e-70e9460cc8e6" testName="CompileAndSave_NonSystemInternal_Success (Data Row 3)" computerName="ICSWS068" duration="00:00:00.3495437" startTime="2016-08-04T08:28:07.8374607+02:00" endTime="2016-08-04T08:28:08.1872266+02:00" testType="13cdc9d9-ddb5-4fa4-a97d-d965ccfc6d4b" outcome="Failed" testListId="8c84fa94-04c1-424b-9868-57a2d4851a1d" relativeResultsDirectory="d4407cc5-766e-49f7-a37a-f9391fcc3222">
      <Output>
        <ErrorInfo>
          <Message>Initialization method SysIntgTests.iCore.Common.Entities.WorkflowTests.TestInitialize threw exception. System.Runtime.InteropServices.COMException: System.Runtime.InteropServices.COMException: Description: Cannot open database "SInTest_Default_330501" requested by the login. The login failed.. Source: Microsoft OLE DB Provider for SQL Server SQL error: 42000. Native error: 4060.

Database error: 0x80004005. 
.</Message>
          <StackTrace>    at iCore.Interop.ESystem.EUsrAuthorizationClass.LogonEx(String bsUserName, String bsPassword, Int32 lSystemId, Int32&amp; plUserId, Int32&amp; plUserGrpId)
   at iCore.Common.Entities.UserAuthorization.Logon(String userName, String password, Int32 systemId)
   at iCore.Common.Entities.SystemRepositoryImpl.SystemContextImpl.Login(String userName, String password, Nullable`1 requestingLobType, Boolean verifyAttached, String&amp; expirationWarning)
   at iCore.Common.Entities.SystemRepositoryImpl.SystemContextImpl.Login(String userName, String password, Nullable`1 requestingLobType, Boolean verifyAttached)
   at iCore.Common.Entities.SystemRepositoryImpl.Login(Int32 systemId, String userName, String password, Nullable`1 requestingLobType, Boolean verifyAttached)
   at Testing.SysIntg.Common.SysIntgTestBase.Logon(String username, String password) in F:\ETWork\Main\Testing\Assemblies\Testing.SysIntg.Setup\SysIntgTestBase.cs:line 81
   at Testing.SysIntg.Common.SysIntgTestBase.Logon(LoginInfo userInfo) in F:\ETWork\Main\Testing\Assemblies\Testing.SysIntg.Setup\SysIntgTestBase.cs:line 102
   at SysIntgTests.iCore.Common.Entities.WorkflowTests.TestInitialize() in F:\ETWork\Main\Common\Assemblies\SysIntgTests.iCore.Common.Entities\EntityTests\WorkflowTests.cs:line 83
</StackTrace>
        </ErrorInfo>
      </Output>
    </UnitTestResult>
    <UnitTestResult executionId="269aecaa-d2ff-4407-b814-e20869ce5609" testId="3de92855-8b2f-f6c0-4ac8-efb65ad34c48" testName="CompileWithCurrentConfig_NonExistingWorkflow_ThrowsEntityNotFoundException" computerName="ICSWS068" duration="00:00:00.3315526" startTime="2016-08-04T10:28:08.1912291+02:00" endTime="2016-08-04T10:28:08.5251258+02:00" testType="13cdc9d9-ddb5-4fa4-a97d-d965ccfc6d4b" outcome="Failed" testListId="8c84fa94-04c1-424b-9868-57a2d4851a1d" relativeResultsDirectory="269aecaa-d2ff-4407-b814-e20869ce5609">
      <Output>
        <ErrorInfo>
          <Message>Initialization method SysIntgTests.iCore.Common.Entities.WorkflowTests.TestInitialize threw exception. System.Runtime.InteropServices.COMException: System.Runtime.InteropServices.COMException: Description: Cannot open database "SInTest_Default_330501" requested by the login. The login failed.. Source: Microsoft OLE DB Provider for SQL Server SQL error: 42000. Native error: 4060.

Database error: 0x80004005. 
.</Message>
          <StackTrace>    at iCore.Interop.ESystem.EUsrAuthorizationClass.LogonEx(String bsUserName, String bsPassword, Int32 lSystemId, Int32&amp; plUserId, Int32&amp; plUserGrpId)
   at iCore.Common.Entities.UserAuthorization.Logon(String userName, String password, Int32 systemId)
   at iCore.Common.Entities.SystemRepositoryImpl.SystemContextImpl.Login(String userName, String password, Nullable`1 requestingLobType, Boolean verifyAttached, String&amp; expirationWarning)
   at iCore.Common.Entities.SystemRepositoryImpl.SystemContextImpl.Login(String userName, String password, Nullable`1 requestingLobType, Boolean verifyAttached)
   at iCore.Common.Entities.SystemRepositoryImpl.Login(Int32 systemId, String userName, String password, Nullable`1 requestingLobType, Boolean verifyAttached)
   at Testing.SysIntg.Common.SysIntgTestBase.Logon(String username, String password) in F:\ETWork\Main\Testing\Assemblies\Testing.SysIntg.Setup\SysIntgTestBase.cs:line 81
   at Testing.SysIntg.Common.SysIntgTestBase.Logon(LoginInfo userInfo) in F:\ETWork\Main\Testing\Assemblies\Testing.SysIntg.Setup\SysIntgTestBase.cs:line 102
   at SysIntgTests.iCore.Common.Entities.WorkflowTests.TestInitialize() in F:\ETWork\Main\Common\Assemblies\SysIntgTests.iCore.Common.Entities\EntityTests\WorkflowTests.cs:line 83
</StackTrace>
        </ErrorInfo>
      </Output>
    </UnitTestResult>
    <UnitTestResult executionId="c47a7c97-ac98-4507-a52e-f44138effeb8" testId="0ddeff3d-0a69-7b5a-1efa-f6bdb7ff5299" testName="Delete_UnusedWorkflow_SuccessfullyDeletesWorkflow" computerName="ICSWS068" duration="00:00:00.3589238" startTime="2016-08-04T10:28:08.5281278+02:00" endTime="2016-08-04T10:28:08.8891718+02:00" testType="13cdc9d9-ddb5-4fa4-a97d-d965ccfc6d4b" outcome="Failed" testListId="8c84fa94-04c1-424b-9868-57a2d4851a1d" relativeResultsDirectory="c47a7c97-ac98-4507-a52e-f44138effeb8">
      <Output>
        <ErrorInfo>
          <Message>Initialization method SysIntgTests.iCore.Common.Entities.WorkflowTests.TestInitialize threw exception. System.Runtime.InteropServices.COMException: System.Runtime.InteropServices.COMException: Description: Cannot open database "SInTest_Default_330501" requested by the login. The login failed.. Source: Microsoft OLE DB Provider for SQL Server SQL error: 42000. Native error: 4060.

Database error: 0x80004005. 
.</Message>
          <StackTrace>    at iCore.Interop.ESystem.EUsrAuthorizationClass.LogonEx(String bsUserName, String bsPassword, Int32 lSystemId, Int32&amp; plUserId, Int32&amp; plUserGrpId)
   at iCore.Common.Entities.UserAuthorization.Logon(String userName, String password, Int32 systemId)
   at iCore.Common.Entities.SystemRepositoryImpl.SystemContextImpl.Login(String userName, String password, Nullable`1 requestingLobType, Boolean verifyAttached, String&amp; expirationWarning)
   at iCore.Common.Entities.SystemRepositoryImpl.SystemContextImpl.Login(String userName, String password, Nullable`1 requestingLobType, Boolean verifyAttached)
   at iCore.Common.Entities.SystemRepositoryImpl.Login(Int32 systemId, String userName, String password, Nullable`1 requestingLobType, Boolean verifyAttached)
   at Testing.SysIntg.Common.SysIntgTestBase.Logon(String username, String password) in F:\ETWork\Main\Testing\Assemblies\Testing.SysIntg.Setup\SysIntgTestBase.cs:line 81
   at Testing.SysIntg.Common.SysIntgTestBase.Logon(LoginInfo userInfo) in F:\ETWork\Main\Testing\Assemblies\Testing.SysIntg.Setup\SysIntgTestBase.cs:line 102
   at SysIntgTests.iCore.Common.Entities.WorkflowTests.TestInitialize() in F:\ETWork\Main\Common\Assemblies\SysIntgTests.iCore.Common.Entities\EntityTests\WorkflowTests.cs:line 83
</StackTrace>
        </ErrorInfo>
      </Output>
    </UnitTestResult>
    <UnitTestResult executionId="51663a8d-7728-405c-8690-fce4356afe14" testId="42fa1864-6de1-7d34-cf45-e806ff6668ea" testName="Delete_NonDeletableWorkflow_Throws" computerName="ICSWS068" duration="00:00:00.3331030" startTime="2016-08-04T10:28:08.8916735+02:00" endTime="2016-08-04T10:28:09.2264526+02:00" testType="13cdc9d9-ddb5-4fa4-a97d-d965ccfc6d4b" outcome="Failed" testListId="8c84fa94-04c1-424b-9868-57a2d4851a1d" relativeResultsDirectory="51663a8d-7728-405c-8690-fce4356afe14">
      <Output>
        <ErrorInfo>
          <Message>Initialization method SysIntgTests.iCore.Common.Entities.WorkflowTests.TestInitialize threw exception. System.Runtime.InteropServices.COMException: System.Runtime.InteropServices.COMException: Description: Cannot open database "SInTest_Default_330501" requested by the login. The login failed.. Source: Microsoft OLE DB Provider for SQL Server SQL error: 42000. Native error: 4060.

Database error: 0x80004005. 
.</Message>
          <StackTrace>    at iCore.Interop.ESystem.EUsrAuthorizationClass.LogonEx(String bsUserName, String bsPassword, Int32 lSystemId, Int32&amp; plUserId, Int32&amp; plUserGrpId)
   at iCore.Common.Entities.UserAuthorization.Logon(String userName, String password, Int32 systemId)
   at iCore.Common.Entities.SystemRepositoryImpl.SystemContextImpl.Login(String userName, String password, Nullable`1 requestingLobType, Boolean verifyAttached, String&amp; expirationWarning)
   at iCore.Common.Entities.SystemRepositoryImpl.SystemContextImpl.Login(String userName, String password, Nullable`1 requestingLobType, Boolean verifyAttached)
   at iCore.Common.Entities.SystemRepositoryImpl.Login(Int32 systemId, String userName, String password, Nullable`1 requestingLobType, Boolean verifyAttached)
   at Testing.SysIntg.Common.SysIntgTestBase.Logon(String username, String password) in F:\ETWork\Main\Testing\Assemblies\Testing.SysIntg.Setup\SysIntgTestBase.cs:line 81
   at Testing.SysIntg.Common.SysIntgTestBase.Logon(LoginInfo userInfo) in F:\ETWork\Main\Testing\Assemblies\Testing.SysIntg.Setup\SysIntgTestBase.cs:line 102
   at SysIntgTests.iCore.Common.Entities.WorkflowTests.TestInitialize() in F:\ETWork\Main\Common\Assemblies\SysIntgTests.iCore.Common.Entities\EntityTests\WorkflowTests.cs:line 83
</StackTrace>
        </ErrorInfo>
      </Output>
    </UnitTestResult>
    <UnitTestResult executionId="ec5d6992-03d7-4f5d-b6f6-280ac1f8d623" testId="973397bd-0292-9358-cc41-389bd90cd826" testName="Delete_WithCascade_DispatchedJobExist_ThrowsEntityDependencyException" computerName="ICSWS068" duration="00:00:00.3529145" startTime="2016-08-04T10:28:09.2299552+02:00" endTime="2016-08-04T10:28:09.5851183+02:00" testType="13cdc9d9-ddb5-4fa4-a97d-d965ccfc6d4b" outcome="Failed" testListId="8c84fa94-04c1-424b-9868-57a2d4851a1d" relativeResultsDirectory="ec5d6992-03d7-4f5d-b6f6-280ac1f8d623">
      <Output>
        <ErrorInfo>
          <Message>Initialization method SysIntgTests.iCore.Common.Entities.WorkflowTests.TestInitialize threw exception. System.Runtime.InteropServices.COMException: System.Runtime.InteropServices.COMException: Description: Cannot open database "SInTest_Default_330501" requested by the login. The login failed.. Source: Microsoft OLE DB Provider for SQL Server SQL error: 42000. Native error: 4060.

Database error: 0x80004005. 
.</Message>
          <StackTrace>    at iCore.Interop.ESystem.EUsrAuthorizationClass.LogonEx(String bsUserName, String bsPassword, Int32 lSystemId, Int32&amp; plUserId, Int32&amp; plUserGrpId)
   at iCore.Common.Entities.UserAuthorization.Logon(String userName, String password, Int32 systemId)
   at iCore.Common.Entities.SystemRepositoryImpl.SystemContextImpl.Login(String userName, String password, Nullable`1 requestingLobType, Boolean verifyAttached, String&amp; expirationWarning)
   at iCore.Common.Entities.SystemRepositoryImpl.SystemContextImpl.Login(String userName, String password, Nullable`1 requestingLobType, Boolean verifyAttached)
   at iCore.Common.Entities.SystemRepositoryImpl.Login(Int32 systemId, String userName, String password, Nullable`1 requestingLobType, Boolean verifyAttached)
   at Testing.SysIntg.Common.SysIntgTestBase.Logon(String username, String password) in F:\ETWork\Main\Testing\Assemblies\Testing.SysIntg.Setup\SysIntgTestBase.cs:line 81
   at Testing.SysIntg.Common.SysIntgTestBase.Logon(LoginInfo userInfo) in F:\ETWork\Main\Testing\Assemblies\Testing.SysIntg.Setup\SysIntgTestBase.cs:line 102
   at SysIntgTests.iCore.Common.Entities.WorkflowTests.TestInitialize() in F:\ETWork\Main\Common\Assemblies\SysIntgTests.iCore.Common.Entities\EntityTests\WorkflowTests.cs:line 83
</StackTrace>
        </ErrorInfo>
      </Output>
    </UnitTestResult>
    <UnitTestResult executionId="19f6bb75-fae1-4276-9e14-7a4123dcd027" testId="470d8939-f117-f00d-09ed-855a0ba32f29" testName="Delete_WithCascade_StartPendingJobExist_ThrowsEntityDependencyException" computerName="ICSWS068" duration="00:00:00.4376475" startTime="2016-08-04T10:28:09.5886203+02:00" endTime="2016-08-04T10:28:10.0277551+02:00" testType="13cdc9d9-ddb5-4fa4-a97d-d965ccfc6d4b" outcome="Failed" testListId="8c84fa94-04c1-424b-9868-57a2d4851a1d" relativeResultsDirectory="19f6bb75-fae1-4276-9e14-7a4123dcd027">
      <Output>
        <ErrorInfo>
          <Message>Initialization method SysIntgTests.iCore.Common.Entities.WorkflowTests.TestInitialize threw exception. System.Runtime.InteropServices.COMException: System.Runtime.InteropServices.COMException: Description: Cannot open database "SInTest_Default_330501" requested by the login. The login failed.. Source: Microsoft OLE DB Provider for SQL Server SQL error: 42000. Native error: 4060.

Database error: 0x80004005. 
.</Message>
          <StackTrace>    at iCore.Interop.ESystem.EUsrAuthorizationClass.LogonEx(String bsUserName, String bsPassword, Int32 lSystemId, Int32&amp; plUserId, Int32&amp; plUserGrpId)
   at iCore.Common.Entities.UserAuthorization.Logon(String userName, String password, Int32 systemId)
   at iCore.Common.Entities.SystemRepositoryImpl.SystemContextImpl.Login(String userName, String password, Nullable`1 requestingLobType, Boolean verifyAttached, String&amp; expirationWarning)
   at iCore.Common.Entities.SystemRepositoryImpl.SystemContextImpl.Login(String userName, String password, Nullable`1 requestingLobType, Boolean verifyAttached)
   at iCore.Common.Entities.SystemRepositoryImpl.Login(Int32 systemId, String userName, String password, Nullable`1 requestingLobType, Boolean verifyAttached)
   at Testing.SysIntg.Common.SysIntgTestBase.Logon(String username, String password) in F:\ETWork\Main\Testing\Assemblies\Testing.SysIntg.Setup\SysIntgTestBase.cs:line 81
   at Testing.SysIntg.Common.SysIntgTestBase.Logon(LoginInfo userInfo) in F:\ETWork\Main\Testing\Assemblies\Testing.SysIntg.Setup\SysIntgTestBase.cs:line 102
   at SysIntgTests.iCore.Common.Entities.WorkflowTests.TestInitialize() in F:\ETWork\Main\Common\Assemblies\SysIntgTests.iCore.Common.Entities\EntityTests\WorkflowTests.cs:line 83
</StackTrace>
        </ErrorInfo>
      </Output>
    </UnitTestResult>
    <UnitTestResult executionId="7cbdc5a3-27c4-45aa-ad67-fcd6fa9e6bb1" testId="768fc910-1e26-0e44-e653-b4ffdfee6d36" testName="Delete_WithCascade_RunningJobExist_ThrowsEntityDependencyException" computerName="ICSWS068" duration="00:00:00.3449285" startTime="2016-08-04T10:28:10.0312580+02:00" endTime="2016-08-04T10:28:10.3775966+02:00" testType="13cdc9d9-ddb5-4fa4-a97d-d965ccfc6d4b" outcome="Failed" testListId="8c84fa94-04c1-424b-9868-57a2d4851a1d" relativeResultsDirectory="7cbdc5a3-27c4-45aa-ad67-fcd6fa9e6bb1">
      <Output>
        <ErrorInfo>
          <Message>Initialization method SysIntgTests.iCore.Common.Entities.WorkflowTests.TestInitialize threw exception. System.Runtime.InteropServices.COMException: System.Runtime.InteropServices.COMException: Description: Cannot open database "SInTest_Default_330501" requested by the login. The login failed.. Source: Microsoft OLE DB Provider for SQL Server SQL error: 42000. Native error: 4060.

Database error: 0x80004005. 
.</Message>
          <StackTrace>    at iCore.Interop.ESystem.EUsrAuthorizationClass.LogonEx(String bsUserName, String bsPassword, Int32 lSystemId, Int32&amp; plUserId, Int32&amp; plUserGrpId)
   at iCore.Common.Entities.UserAuthorization.Logon(String userName, String password, Int32 systemId)
   at iCore.Common.Entities.SystemRepositoryImpl.SystemContextImpl.Login(String userName, String password, Nullable`1 requestingLobType, Boolean verifyAttached, String&amp; expirationWarning)
   at iCore.Common.Entities.SystemRepositoryImpl.SystemContextImpl.Login(String userName, String password, Nullable`1 requestingLobType, Boolean verifyAttached)
   at iCore.Common.Entities.SystemRepositoryImpl.Login(Int32 systemId, String userName, String password, Nullable`1 requestingLobType, Boolean verifyAttached)
   at Testing.SysIntg.Common.SysIntgTestBase.Logon(String username, String password) in F:\ETWork\Main\Testing\Assemblies\Testing.SysIntg.Setup\SysIntgTestBase.cs:line 81
   at Testing.SysIntg.Common.SysIntgTestBase.Logon(LoginInfo userInfo) in F:\ETWork\Main\Testing\Assemblies\Testing.SysIntg.Setup\SysIntgTestBase.cs:line 102
   at SysIntgTests.iCore.Common.Entities.WorkflowTests.TestInitialize() in F:\ETWork\Main\Common\Assemblies\SysIntgTests.iCore.Common.Entities\EntityTests\WorkflowTests.cs:line 83
</StackTrace>
        </ErrorInfo>
      </Output>
    </UnitTestResult>
    <UnitTestResult executionId="2191ad16-7fcf-4cf1-a91f-1d9bbcad0897" testId="48c12ac8-78d8-059c-f3f6-fa4324fd2c76" testName="Delete_WithCascade_FinishedJobsExist_Succeeds" computerName="ICSWS068" duration="00:00:00.3779087" startTime="2016-08-04T10:28:10.3805986+02:00" endTime="2016-08-04T10:28:10.7603746+02:00" testType="13cdc9d9-ddb5-4fa4-a97d-d965ccfc6d4b" outcome="Failed" testListId="8c84fa94-04c1-424b-9868-57a2d4851a1d" relativeResultsDirectory="2191ad16-7fcf-4cf1-a91f-1d9bbcad0897">
      <Output>
        <ErrorInfo>
          <Message>Initialization method SysIntgTests.iCore.Common.Entities.WorkflowTests.TestInitialize threw exception. System.Runtime.InteropServices.COMException: System.Runtime.InteropServices.COMException: Description: Invalid object name 'tblUser'.. Source: Microsoft OLE DB Provider for SQL Server SQL error: 42S02. Native error: 208.

Database error: 0x80040e37. 
.</Message>
          <StackTrace>    at iCore.Interop.ESystem.EUsrAuthorizationClass.LogonEx(String bsUserName, String bsPassword, Int32 lSystemId, Int32&amp; plUserId, Int32&amp; plUserGrpId)
   at iCore.Common.Entities.UserAuthorization.Logon(String userName, String password, Int32 systemId)
   at iCore.Common.Entities.SystemRepositoryImpl.SystemContextImpl.Login(String userName, String password, Nullable`1 requestingLobType, Boolean verifyAttached, String&amp; expirationWarning)
   at iCore.Common.Entities.SystemRepositoryImpl.SystemContextImpl.Login(String userName, String password, Nullable`1 requestingLobType, Boolean verifyAttached)
   at iCore.Common.Entities.SystemRepositoryImpl.Login(Int32 systemId, String userName, String password, Nullable`1 requestingLobType, Boolean verifyAttached)
   at Testing.SysIntg.Common.SysIntgTestBase.Logon(String username, String password) in F:\ETWork\Main\Testing\Assemblies\Testing.SysIntg.Setup\SysIntgTestBase.cs:line 81
   at Testing.SysIntg.Common.SysIntgTestBase.Logon(LoginInfo userInfo) in F:\ETWork\Main\Testing\Assemblies\Testing.SysIntg.Setup\SysIntgTestBase.cs:line 102
   at SysIntgTests.iCore.Common.Entities.WorkflowTests.TestInitialize() in F:\ETWork\Main\Common\Assemblies\SysIntgTests.iCore.Common.Entities\EntityTests\WorkflowTests.cs:line 83
</StackTrace>
        </ErrorInfo>
      </Output>
    </UnitTestResult>
    <UnitTestResult executionId="b7927427-44b2-46cf-a313-9e430251cee5" testId="f174d42d-4fd5-9e34-977f-5fe9ffc31bd2" testName="Workflow_ExportImportTest" computerName="ICSWS068" duration="00:00:00.5828534" startTime="2016-08-04T10:28:10.7633769+02:00" endTime="2016-08-04T10:28:11.3477323+02:00" testType="13cdc9d9-ddb5-4fa4-a97d-d965ccfc6d4b" outcome="Failed" testListId="8c84fa94-04c1-424b-9868-57a2d4851a1d" relativeResultsDirectory="b7927427-44b2-46cf-a313-9e430251cee5">
      <Output>
        <ErrorInfo>
          <Message>Initialization method SysIntgTests.iCore.Common.Entities.WorkflowTests.TestInitialize threw exception. System.Runtime.InteropServices.COMException: System.Runtime.InteropServices.COMException: Description: Invalid column name 'fldPassword'.. Source: Microsoft OLE DB Provider for SQL Server SQL error: 42S22. Native error: 207.

Database error: 0x80040e14. 
.</Message>
          <StackTrace>    at iCore.Interop.ESystem.EUsrAuthorizationClass.LogonEx(String bsUserName, String bsPassword, Int32 lSystemId, Int32&amp; plUserId, Int32&amp; plUserGrpId)
   at iCore.Common.Entities.UserAuthorization.Logon(String userName, String password, Int32 systemId)
   at iCore.Common.Entities.SystemRepositoryImpl.SystemContextImpl.Login(String userName, String password, Nullable`1 requestingLobType, Boolean verifyAttached, String&amp; expirationWarning)
   at iCore.Common.Entities.SystemRepositoryImpl.SystemContextImpl.Login(String userName, String password, Nullable`1 requestingLobType, Boolean verifyAttached)
   at iCore.Common.Entities.SystemRepositoryImpl.Login(Int32 systemId, String userName, String password, Nullable`1 requestingLobType, Boolean verifyAttached)
   at Testing.SysIntg.Common.SysIntgTestBase.Logon(String username, String password) in F:\ETWork\Main\Testing\Assemblies\Testing.SysIntg.Setup\SysIntgTestBase.cs:line 81
   at Testing.SysIntg.Common.SysIntgTestBase.Logon(LoginInfo userInfo) in F:\ETWork\Main\Testing\Assemblies\Testing.SysIntg.Setup\SysIntgTestBase.cs:line 102
   at SysIntgTests.iCore.Common.Entities.WorkflowTests.TestInitialize() in F:\ETWork\Main\Common\Assemblies\SysIntgTests.iCore.Common.Entities\EntityTests\WorkflowTests.cs:line 83
</StackTrace>
        </ErrorInfo>
      </Output>
    </UnitTestResult>
    <UnitTestResult executionId="1e643887-8f1a-4189-887e-3095f5a3b385" testId="0c6e1dfd-48ea-0c13-c535-c4f7ab8dbec8" testName="GetAssemblyName_VerifyAssemblyName_AssemblyNameNameIsEqualToEntityName" computerName="ICSWS068" duration="00:00:00.3601399" startTime="2016-08-04T10:28:11.3507346+02:00" endTime="2016-08-04T10:28:11.7122247+02:00" testType="13cdc9d9-ddb5-4fa4-a97d-d965ccfc6d4b" outcome="Failed" testListId="8c84fa94-04c1-424b-9868-57a2d4851a1d" relativeResultsDirectory="1e643887-8f1a-4189-887e-3095f5a3b385">
      <Output>
        <ErrorInfo>
          <Message>Initialization method SysIntgTests.iCore.Common.Entities.WorkflowTests.TestInitialize threw exception. System.Runtime.InteropServices.COMException: System.Runtime.InteropServices.COMException: Description: Invalid column name 'fldPassword'.. Source: Microsoft OLE DB Provider for SQL Server SQL error: 42S22. Native error: 207.

Database error: 0x80040e14. 
.</Message>
          <StackTrace>    at iCore.Interop.ESystem.EUsrAuthorizationClass.LogonEx(String bsUserName, String bsPassword, Int32 lSystemId, Int32&amp; plUserId, Int32&amp; plUserGrpId)
   at iCore.Common.Entities.UserAuthorization.Logon(String userName, String password, Int32 systemId)
   at iCore.Common.Entities.SystemRepositoryImpl.SystemContextImpl.Login(String userName, String password, Nullable`1 requestingLobType, Boolean verifyAttached, String&amp; expirationWarning)
   at iCore.Common.Entities.SystemRepositoryImpl.SystemContextImpl.Login(String userName, String password, Nullable`1 requestingLobType, Boolean verifyAttached)
   at iCore.Common.Entities.SystemRepositoryImpl.Login(Int32 systemId, String userName, String password, Nullable`1 requestingLobType, Boolean verifyAttached)
   at Testing.SysIntg.Common.SysIntgTestBase.Logon(String username, String password) in F:\ETWork\Main\Testing\Assemblies\Testing.SysIntg.Setup\SysIntgTestBase.cs:line 81
   at Testing.SysIntg.Common.SysIntgTestBase.Logon(LoginInfo userInfo) in F:\ETWork\Main\Testing\Assemblies\Testing.SysIntg.Setup\SysIntgTestBase.cs:line 102
   at SysIntgTests.iCore.Common.Entities.WorkflowTests.TestInitialize() in F:\ETWork\Main\Common\Assemblies\SysIntgTests.iCore.Common.Entities\EntityTests\WorkflowTests.cs:line 83
</StackTrace>
        </ErrorInfo>
      </Output>
    </UnitTestResult>
    <UnitTestResult executionId="773a164e-1852-4790-9d0f-75d1fd9cec98" testId="cc401b74-ac4e-4569-f721-cd77c383bc47" testName="Update_NullName_ThrowsArgumentNullException" computerName="ICSWS068" duration="00:00:00.3865343" startTime="2016-08-04T10:28:11.7152267+02:00" endTime="2016-08-04T10:28:12.1040192+02:00" testType="13cdc9d9-ddb5-4fa4-a97d-d965ccfc6d4b" outcome="Failed" testListId="8c84fa94-04c1-424b-9868-57a2d4851a1d" relativeResultsDirectory="773a164e-1852-4790-9d0f-75d1fd9cec98">
      <Output>
        <ErrorInfo>
          <Message>Initialization method SysIntgTests.iCore.Common.Entities.WorkflowTests.TestInitialize threw exception. System.Runtime.InteropServices.COMException: System.Runtime.InteropServices.COMException: Description: Invalid column name 'fldPassword'.. Source: Microsoft OLE DB Provider for SQL Server SQL error: 42S22. Native error: 207.

Database error: 0x80040e14. 
.</Message>
          <StackTrace>    at iCore.Interop.ESystem.EUsrAuthorizationClass.LogonEx(String bsUserName, String bsPassword, Int32 lSystemId, Int32&amp; plUserId, Int32&amp; plUserGrpId)
   at iCore.Common.Entities.UserAuthorization.Logon(String userName, String password, Int32 systemId)
   at iCore.Common.Entities.SystemRepositoryImpl.SystemContextImpl.Login(String userName, String password, Nullable`1 requestingLobType, Boolean verifyAttached, String&amp; expirationWarning)
   at iCore.Common.Entities.SystemRepositoryImpl.SystemContextImpl.Login(String userName, String password, Nullable`1 requestingLobType, Boolean verifyAttached)
   at iCore.Common.Entities.SystemRepositoryImpl.Login(Int32 systemId, String userName, String password, Nullable`1 requestingLobType, Boolean verifyAttached)
   at Testing.SysIntg.Common.SysIntgTestBase.Logon(String username, String password) in F:\ETWork\Main\Testing\Assemblies\Testing.SysIntg.Setup\SysIntgTestBase.cs:line 81
   at Testing.SysIntg.Common.SysIntgTestBase.Logon(LoginInfo userInfo) in F:\ETWork\Main\Testing\Assemblies\Testing.SysIntg.Setup\SysIntgTestBase.cs:line 102
   at SysIntgTests.iCore.Common.Entities.WorkflowTests.TestInitialize() in F:\ETWork\Main\Common\Assemblies\SysIntgTests.iCore.Common.Entities\EntityTests\WorkflowTests.cs:line 83
</StackTrace>
        </ErrorInfo>
      </Output>
    </UnitTestResult>
    <UnitTestResult executionId="7f17cbbe-c647-4b75-b38c-6a8ad55bb771" testId="48b55259-51a2-ee78-0e03-3b3d9a417346" testName="Update_EmtpyName_ThrowsStringLengthErrorException" computerName="ICSWS068" duration="00:00:00.3723522" startTime="2016-08-04T10:28:12.1075206+02:00" endTime="2016-08-04T10:28:12.4819151+02:00" testType="13cdc9d9-ddb5-4fa4-a97d-d965ccfc6d4b" outcome="Failed" testListId="8c84fa94-04c1-424b-9868-57a2d4851a1d" relativeResultsDirectory="7f17cbbe-c647-4b75-b38c-6a8ad55bb771">
      <Output>
        <ErrorInfo>
          <Message>Initialization method SysIntgTests.iCore.Common.Entities.WorkflowTests.TestInitialize threw exception. System.Runtime.InteropServices.COMException: System.Runtime.InteropServices.COMException: Description: Invalid column name 'fldPassword'.. Source: Microsoft OLE DB Provider for SQL Server SQL error: 42S22. Native error: 207.

Database error: 0x80040e14. 
.</Message>
          <StackTrace>    at iCore.Interop.ESystem.EUsrAuthorizationClass.LogonEx(String bsUserName, String bsPassword, Int32 lSystemId, Int32&amp; plUserId, Int32&amp; plUserGrpId)
   at iCore.Common.Entities.UserAuthorization.Logon(String userName, String password, Int32 systemId)
   at iCore.Common.Entities.SystemRepositoryImpl.SystemContextImpl.Login(String userName, String password, Nullable`1 requestingLobType, Boolean verifyAttached, String&amp; expirationWarning)
   at iCore.Common.Entities.SystemRepositoryImpl.SystemContextImpl.Login(String userName, String password, Nullable`1 requestingLobType, Boolean verifyAttached)
   at iCore.Common.Entities.SystemRepositoryImpl.Login(Int32 systemId, String userName, String password, Nullable`1 requestingLobType, Boolean verifyAttached)
   at Testing.SysIntg.Common.SysIntgTestBase.Logon(String username, String password) in F:\ETWork\Main\Testing\Assemblies\Testing.SysIntg.Setup\SysIntgTestBase.cs:line 81
   at Testing.SysIntg.Common.SysIntgTestBase.Logon(LoginInfo userInfo) in F:\ETWork\Main\Testing\Assemblies\Testing.SysIntg.Setup\SysIntgTestBase.cs:line 102
   at SysIntgTests.iCore.Common.Entities.WorkflowTests.TestInitialize() in F:\ETWork\Main\Common\Assemblies\SysIntgTests.iCore.Common.Entities\EntityTests\WorkflowTests.cs:line 83
</StackTrace>
        </ErrorInfo>
      </Output>
    </UnitTestResult>
    <UnitTestResult executionId="91fb1d57-28a2-4968-83d2-3324baea4c03" testId="f00b6649-6c90-42d9-694d-17a0b7beca33" testName="Update_WhitespaceOnlyName_ThrowsStringLengthErrorException" computerName="ICSWS068" duration="00:00:00.5039306" startTime="2016-08-04T10:28:12.4889203+02:00" endTime="2016-08-04T10:28:12.9948392+02:00" testType="13cdc9d9-ddb5-4fa4-a97d-d965ccfc6d4b" outcome="Passed" testListId="8c84fa94-04c1-424b-9868-57a2d4851a1d" relativeResultsDirectory="91fb1d57-28a2-4968-83d2-3324baea4c03" />
    <UnitTestResult executionId="feb08f86-c277-4148-9941-49c29d054b6d" testId="5e94a716-b438-aad1-9b41-c779797409a3" testName="Update_TooLongName_ThrowsStringLengthErrorException" computerName="ICSWS068" duration="00:00:00.4085335" startTime="2016-08-04T10:28:12.9978427+02:00" endTime="2016-08-04T10:28:13.4082929+02:00" testType="13cdc9d9-ddb5-4fa4-a97d-d965ccfc6d4b" outcome="Passed" testListId="8c84fa94-04c1-424b-9868-57a2d4851a1d" relativeResultsDirectory="feb08f86-c277-4148-9941-49c29d054b6d" />
    <UnitTestResult executionId="e1e3cc6a-92d5-4930-86e7-850409eda964" testId="d2cdf257-52da-b644-8d84-a434c4957e75" testName="Update_LongDescription_Succeeds" computerName="ICSWS068" duration="00:00:00.5505964" startTime="2016-08-04T10:28:13.4112952+02:00" endTime="2016-08-04T10:28:13.9634456+02:00" testType="13cdc9d9-ddb5-4fa4-a97d-d965ccfc6d4b" outcome="Passed" testListId="8c84fa94-04c1-424b-9868-57a2d4851a1d" relativeResultsDirectory="e1e3cc6a-92d5-4930-86e7-850409eda964">
      <Output>
        <StdOut>Debug Trace:
Warning: Object AppDomain  in ReferenceWarehouse when disposing</StdOut>
      </Output>
    </UnitTestResult>
    <UnitTestResult executionId="c069c3b5-0c7b-47ab-a47d-6d2e307a984f" testId="4c642838-bc38-c741-1074-15340d792e77" testName="Update_DuplicateName_ThrowsUniqueValueAddConflictException" computerName="ICSWS068" duration="00:00:00.4313365" startTime="2016-08-04T10:28:13.9659476+02:00" endTime="2016-08-04T10:28:14.3992576+02:00" testType="13cdc9d9-ddb5-4fa4-a97d-d965ccfc6d4b" outcome="Passed" testListId="8c84fa94-04c1-424b-9868-57a2d4851a1d" relativeResultsDirectory="c069c3b5-0c7b-47ab-a47d-6d2e307a984f" />
    <UnitTestResult executionId="96e53d09-144e-4b02-8550-c351b0c27dc1" testId="723a8610-c55c-f137-5728-2efc4b3b1778" testName="Update_ComplexProperties_ArePersistedCorrectly" computerName="ICSWS068" duration="00:00:00.8614073" startTime="2016-08-04T10:28:14.4022599+02:00" endTime="2016-08-04T10:28:15.2653813+02:00" testType="13cdc9d9-ddb5-4fa4-a97d-d965ccfc6d4b" outcome="Passed" testListId="8c84fa94-04c1-424b-9868-57a2d4851a1d" relativeResultsDirectory="96e53d09-144e-4b02-8550-c351b0c27dc1">
      <Output>
        <StdOut>Debug Trace:
Warning: Object AppDomain  in ReferenceWarehouse when disposing</StdOut>
      </Output>
    </UnitTestResult>
    <UnitTestResult executionId="1e258840-88fc-454c-8fb7-462f326fc493" testId="1a880199-4517-8d08-6ba5-11b77c2cddfb" testName="Update_UnchangedName_Succeeds" computerName="ICSWS068" duration="00:00:00.5253967" startTime="2016-08-04T10:28:15.2683835+02:00" endTime="2016-08-04T10:28:15.7952329+02:00" testType="13cdc9d9-ddb5-4fa4-a97d-d965ccfc6d4b" outcome="Passed" testListId="8c84fa94-04c1-424b-9868-57a2d4851a1d" relativeResultsDirectory="1e258840-88fc-454c-8fb7-462f326fc493">
      <Output>
        <StdOut>Debug Trace:
Warning: Object AppDomain  in ReferenceWarehouse when disposing</StdOut>
      </Output>
    </UnitTestResult>
    <UnitTestResult executionId="25ef9362-8058-4230-896d-a8dbbdae65b0" testId="8ad4431e-1f37-a923-108e-973d80682ef2" testName="Update_DuplicateClrName_ThrowsUniqueValueUpdateConflictErrorException" computerName="ICSWS068" duration="00:00:00.4609284" startTime="2016-08-04T10:28:15.7982358+02:00" endTime="2016-08-04T10:28:16.2604919+02:00" testType="13cdc9d9-ddb5-4fa4-a97d-d965ccfc6d4b" outcome="Passed" testListId="8c84fa94-04c1-424b-9868-57a2d4851a1d" relativeResultsDirectory="25ef9362-8058-4230-896d-a8dbbdae65b0">
      <Output>
        <StdOut>Debug Trace:
Warning: Object AppDomain  in ReferenceWarehouse when disposing</StdOut>
      </Output>
    </UnitTestResult>
    <UnitTestResult executionId="84479fb6-8562-4a3e-a9da-c896b90cfef7" testId="96655489-03b2-8d48-97ed-1e1a62675502" testName="Save_NewValidWorkflow_SucceedsAndPersistsEntityCorrectly" computerName="ICSWS068" duration="00:00:00.4690995" startTime="2016-08-04T10:28:16.2630086+02:00" endTime="2016-08-04T10:28:16.7335017+02:00" testType="13cdc9d9-ddb5-4fa4-a97d-d965ccfc6d4b" outcome="Passed" testListId="8c84fa94-04c1-424b-9868-57a2d4851a1d" relativeResultsDirectory="84479fb6-8562-4a3e-a9da-c896b90cfef7">
      <Output>
        <StdOut>Debug Trace:
Warning: Object AppDomain  in ReferenceWarehouse when disposing</StdOut>
      </Output>
    </UnitTestResult>
    <UnitTestResult executionId="daef8c9a-47aa-426c-831e-9243d6382b56" testId="6f9861c9-6c86-3692-1bf7-b00a4d76e90e" testName="AssignDesignTimeXaml_MetaDataIsAdded_MetaDataContainsVersion" computerName="ICSWS068" duration="00:00:00.3410987" startTime="2016-08-04T10:28:16.7365037+02:00" endTime="2016-08-04T10:28:17.0794900+02:00" testType="13cdc9d9-ddb5-4fa4-a97d-d965ccfc6d4b" outcome="Passed" testListId="8c84fa94-04c1-424b-9868-57a2d4851a1d" relativeResultsDirectory="daef8c9a-47aa-426c-831e-9243d6382b56" />
    <UnitTestResult executionId="2d72c0b7-b928-4a65-a451-fe49667484d7" testId="7edb16cb-27a3-be9b-d219-fc38d183e686" testName="ValidateAndUpdateName_NullValue_ThrowsArgumentNullException" computerName="ICSWS068" duration="00:00:00.3370920" startTime="2016-08-04T10:28:17.0820090+02:00" endTime="2016-08-04T10:28:17.4206639+02:00" testType="13cdc9d9-ddb5-4fa4-a97d-d965ccfc6d4b" outcome="Passed" testListId="8c84fa94-04c1-424b-9868-57a2d4851a1d" relativeResultsDirectory="2d72c0b7-b928-4a65-a451-fe49667484d7" />
    <UnitTestResult executionId="700013b4-2796-4740-93d4-b67b98baed46" testId="1b5f1436-2217-c7d1-b9b3-a7a5706e6429" testName="ValidateAndUpdateName_EmptyString_ThrowsStringLengthErrorException" computerName="ICSWS068" duration="00:00:00.3588540" startTime="2016-08-04T10:28:17.4231841+02:00" endTime="2016-08-04T10:28:17.7834018+02:00" testType="13cdc9d9-ddb5-4fa4-a97d-d965ccfc6d4b" outcome="Passed" testListId="8c84fa94-04c1-424b-9868-57a2d4851a1d" relativeResultsDirectory="700013b4-2796-4740-93d4-b67b98baed46" />
    <UnitTestResult executionId="1004645c-8153-401b-9db5-8e93593106cb" testId="0e95a0ef-fe2e-93ff-348e-bd1c6cf21b70" testName="ValidateAndUpdateName__WhitespaceOnlyString_ThrowsStringLengthErrorException" computerName="ICSWS068" duration="00:00:00.3355452" startTime="2016-08-04T10:28:17.7863879+02:00" endTime="2016-08-04T10:28:18.1235133+02:00" testType="13cdc9d9-ddb5-4fa4-a97d-d965ccfc6d4b" outcome="Passed" testListId="8c84fa94-04c1-424b-9868-57a2d4851a1d" relativeResultsDirectory="1004645c-8153-401b-9db5-8e93593106cb" />
    <UnitTestResult executionId="04e4c0d6-86ae-4f65-97b2-5d4db47d5139" testId="e37ae6b6-a8ae-ea05-2b8d-7a1f451e5c28" testName="ValidateAndUpdateName_TooLongName_ThrowsStringLengthErrorException" computerName="ICSWS068" duration="00:00:00.3321065" startTime="2016-08-04T10:28:18.1265162+02:00" endTime="2016-08-04T10:28:18.4607738+02:00" testType="13cdc9d9-ddb5-4fa4-a97d-d965ccfc6d4b" outcome="Passed" testListId="8c84fa94-04c1-424b-9868-57a2d4851a1d" relativeResultsDirectory="04e4c0d6-86ae-4f65-97b2-5d4db47d5139" />
    <UnitTestResult executionId="65171117-5547-4851-b9e5-f9beb8fac3e2" testId="da334f3e-3389-65b4-dae4-a2d41c43b6fe" testName="ValidateAndUpdateName_ValidName_NameIsUpdated" computerName="ICSWS068" duration="00:00:00.3589854" startTime="2016-08-04T10:28:18.4637814+02:00" endTime="2016-08-04T10:28:18.8241263+02:00" testType="13cdc9d9-ddb5-4fa4-a97d-d965ccfc6d4b" outcome="Passed" testListId="8c84fa94-04c1-424b-9868-57a2d4851a1d" relativeResultsDirectory="65171117-5547-4851-b9e5-f9beb8fac3e2" />
    <UnitTestResult executionId="c970ad8a-18be-4a58-beae-546d9db3a092" testId="b4016b88-1968-ec29-0011-bfdf1cad1d5d" testName="ValidateAndUpdateName_ValidName_ClrNameIsUpdated" computerName="ICSWS068" duration="00:00:00.3460625" startTime="2016-08-04T10:28:18.8271286+02:00" endTime="2016-08-04T10:28:19.1747335+02:00" testType="13cdc9d9-ddb5-4fa4-a97d-d965ccfc6d4b" outcome="Passed" testListId="8c84fa94-04c1-424b-9868-57a2d4851a1d" relativeResultsDirectory="c970ad8a-18be-4a58-beae-546d9db3a092" />
    <UnitTestResult executionId="b0c253c5-adda-45b0-a3c8-3cf6980ec112" testId="21dab211-6cff-c7a1-097b-e0f92f74562a" testName="RepositoryEntityTypeId_ReturnsNodeType" computerName="ICSWS068" duration="00:00:00.3515723" startTime="2016-08-04T10:28:19.1782346+02:00" endTime="2016-08-04T10:28:19.5315996+02:00" testType="13cdc9d9-ddb5-4fa4-a97d-d965ccfc6d4b" outcome="Passed" testListId="8c84fa94-04c1-424b-9868-57a2d4851a1d" relativeResultsDirectory="b0c253c5-adda-45b0-a3c8-3cf6980ec112" />
    <UnitTestResult executionId="c2efdea1-4263-4b1e-a142-46dc7b32d5b6" testId="ba714e6e-2e2a-a62b-a721-7085c686f292" testName="RepositoryEntityType_ReturnsINodeType" computerName="ICSWS068" duration="00:00:00.3470425" startTime="2016-08-04T10:28:19.5346045+02:00" endTime="2016-08-04T10:28:19.8833467+02:00" testType="13cdc9d9-ddb5-4fa4-a97d-d965ccfc6d4b" outcome="Passed" testListId="8c84fa94-04c1-424b-9868-57a2d4851a1d" relativeResultsDirectory="c2efdea1-4263-4b1e-a142-46dc7b32d5b6" />
    <UnitTestResult executionId="d826c17d-d100-4a29-a38f-34d37b23b984" testId="7d8b3324-90e3-cad5-988e-bd7d4d44d688" testName="RepositorySystemContext_MatchesActualSystemContext" computerName="ICSWS068" duration="00:00:00.3322194" startTime="2016-08-04T10:28:19.8863472+02:00" endTime="2016-08-04T10:28:20.2194844+02:00" testType="13cdc9d9-ddb5-4fa4-a97d-d965ccfc6d4b" outcome="Passed" testListId="8c84fa94-04c1-424b-9868-57a2d4851a1d" relativeResultsDirectory="d826c17d-d100-4a29-a38f-34d37b23b984" />
    <UnitTestResult executionId="790ffd18-cbe2-4762-87b5-a985e9c28e6a" testId="c68b4508-b8d7-470b-a16d-f2a5e1e3de3b" testName="Exists_KnownNodeTypeId_ReturnsTrue (Data Row 0)" computerName="ICSWS068" duration="00:00:00.3641137" startTime="2016-08-04T08:28:20.2245022+02:00" endTime="2016-08-04T08:28:20.5888074+02:00" testType="13cdc9d9-ddb5-4fa4-a97d-d965ccfc6d4b" outcome="Passed" testListId="8c84fa94-04c1-424b-9868-57a2d4851a1d" relativeResultsDirectory="790ffd18-cbe2-4762-87b5-a985e9c28e6a" />
    <UnitTestResult executionId="f25dfce2-24c0-4563-b211-94c712cd2984" testId="e1ac3326-3a89-4124-9a72-3da7ff976d4f" testName="Exists_KnownNodeTypeId_ReturnsTrue (Data Row 1)" computerName="ICSWS068" duration="00:00:00.3329587" startTime="2016-08-04T08:28:20.5888074+02:00" endTime="2016-08-04T08:28:20.9215613+02:00" testType="13cdc9d9-ddb5-4fa4-a97d-d965ccfc6d4b" outcome="Passed" testListId="8c84fa94-04c1-424b-9868-57a2d4851a1d" relativeResultsDirectory="f25dfce2-24c0-4563-b211-94c712cd2984" />
    <UnitTestResult executionId="9e9bedd6-f1ab-4498-8b6a-f709d71e8c44" testId="f9a6ad0f-3995-4aec-b1b6-10d0dbfe7b51" testName="Exists_KnownNodeTypeId_ReturnsTrue (Data Row 2)" computerName="ICSWS068" duration="00:00:00.3396911" startTime="2016-08-04T08:28:20.9215613+02:00" endTime="2016-08-04T08:28:21.2612655+02:00" testType="13cdc9d9-ddb5-4fa4-a97d-d965ccfc6d4b" outcome="Passed" testListId="8c84fa94-04c1-424b-9868-57a2d4851a1d" relativeResultsDirectory="9e9bedd6-f1ab-4498-8b6a-f709d71e8c44" />
    <UnitTestResult executionId="a7f3f049-b0e5-4efa-8552-d57f84b5f163" testId="2b20b93a-9a9a-4379-9a4b-a7f81c73a846" testName="Exists_KnownNodeTypeId_ReturnsTrue (Data Row 3)" computerName="ICSWS068" duration="00:00:00.3381213" startTime="2016-08-04T08:28:21.2612655+02:00" endTime="2016-08-04T08:28:21.5994767+02:00" testType="13cdc9d9-ddb5-4fa4-a97d-d965ccfc6d4b" outcome="Passed" testListId="8c84fa94-04c1-424b-9868-57a2d4851a1d" relativeResultsDirectory="a7f3f049-b0e5-4efa-8552-d57f84b5f163" />
    <UnitTestResult executionId="64cc0550-f553-449d-89e1-3683e6422b3b" testId="d578b053-f9a8-789c-a9b1-cc464a49772f" testName="Exists_NonExistingNodeTypeId_ReturnsFalse" computerName="ICSWS068" duration="00:00:00.3913620" startTime="2016-08-04T10:28:21.6034453+02:00" endTime="2016-08-04T10:28:21.9961756+02:00" testType="13cdc9d9-ddb5-4fa4-a97d-d965ccfc6d4b" outcome="Passed" testListId="8c84fa94-04c1-424b-9868-57a2d4851a1d" relativeResultsDirectory="64cc0550-f553-449d-89e1-3683e6422b3b" />
    <UnitTestResult executionId="fc5de7fc-d51b-4890-bd1a-42c002ef732a" testId="a910230e-e0fd-9169-a8fe-36e9f2e00269" testName="Exists_NodeTypeVersionKey_ThrowsArgumentException" computerName="ICSWS068" duration="00:00:00.3490809" startTime="2016-08-04T10:28:21.9991770+02:00" endTime="2016-08-04T10:28:22.3498247+02:00" testType="13cdc9d9-ddb5-4fa4-a97d-d965ccfc6d4b" outcome="Passed" testListId="8c84fa94-04c1-424b-9868-57a2d4851a1d" relativeResultsDirectory="fc5de7fc-d51b-4890-bd1a-42c002ef732a" />
    <UnitTestResult executionId="151f1826-254a-4948-96f9-749770b7cbd5" testId="a1202401-6227-4cd0-a4f8-f15ff5e08c22" testName="Exists_KnownNodeTypeKey_ReturnsTrue (Data Row 0)" computerName="ICSWS068" duration="00:00:00.3335748" startTime="2016-08-04T08:28:22.3548481+02:00" endTime="2016-08-04T08:28:22.6882315+02:00" testType="13cdc9d9-ddb5-4fa4-a97d-d965ccfc6d4b" outcome="Passed" testListId="8c84fa94-04c1-424b-9868-57a2d4851a1d" relativeResultsDirectory="151f1826-254a-4948-96f9-749770b7cbd5" />
    <UnitTestResult executionId="fbe176fe-5d2f-441b-be41-1baf5f888241" testId="66c615a1-9eab-42ad-a744-39979dedec7c" testName="Exists_KnownNodeTypeKey_ReturnsTrue (Data Row 1)" computerName="ICSWS068" duration="00:00:00.3441247" startTime="2016-08-04T08:28:22.6882315+02:00" endTime="2016-08-04T08:28:23.0325242+02:00" testType="13cdc9d9-ddb5-4fa4-a97d-d965ccfc6d4b" outcome="Passed" testListId="8c84fa94-04c1-424b-9868-57a2d4851a1d" relativeResultsDirectory="fbe176fe-5d2f-441b-be41-1baf5f888241" />
    <UnitTestResult executionId="6f64f9b7-2425-49d7-acf7-0f533ef1e20f" testId="435f1ce6-96e3-43f2-a9e4-587a631cb7a0" testName="Exists_KnownNodeTypeKey_ReturnsTrue (Data Row 2)" computerName="ICSWS068" duration="00:00:00.3379630" startTime="2016-08-04T08:28:23.0325242+02:00" endTime="2016-08-04T08:28:23.3706818+02:00" testType="13cdc9d9-ddb5-4fa4-a97d-d965ccfc6d4b" outcome="Passed" testListId="8c84fa94-04c1-424b-9868-57a2d4851a1d" relativeResultsDirectory="6f64f9b7-2425-49d7-acf7-0f533ef1e20f" />
    <UnitTestResult executionId="e9121a92-e7a4-4542-8b86-2eceb86391b1" testId="1652bf1c-c14e-463f-9f59-f9e97a1c7191" testName="Exists_KnownNodeTypeKey_ReturnsTrue (Data Row 3)" computerName="ICSWS068" duration="00:00:00.3751501" startTime="2016-08-04T08:28:23.3706818+02:00" endTime="2016-08-04T08:28:23.7457640+02:00" testType="13cdc9d9-ddb5-4fa4-a97d-d965ccfc6d4b" outcome="Passed" testListId="8c84fa94-04c1-424b-9868-57a2d4851a1d" relativeResultsDirectory="e9121a92-e7a4-4542-8b86-2eceb86391b1" />
    <UnitTestResult executionId="2dfe5dce-44a1-4a2d-9c4f-34132c3541f1" testId="371d80b8-ecc3-7149-1f0d-d0282a36e777" testName="Exists_NonExistingNodeTypeKey_ReturnsFalse" computerName="ICSWS068" duration="00:00:00.3323702" startTime="2016-08-04T10:28:23.7497680+02:00" endTime="2016-08-04T10:28:24.0836814+02:00" testType="13cdc9d9-ddb5-4fa4-a97d-d965ccfc6d4b" outcome="Passed" testListId="8c84fa94-04c1-424b-9868-57a2d4851a1d" relativeResultsDirectory="2dfe5dce-44a1-4a2d-9c4f-34132c3541f1" />
    <UnitTestResult executionId="e9fe9ab0-2177-4309-9090-67a9f5064e45" testId="83f89849-d19e-093f-ea8b-55522ad98497" testName="CreateInstance_CreatesNewNodeType" computerName="ICSWS068" duration="00:00:00.3348419" startTime="2016-08-04T10:28:24.0866840+02:00" endTime="2016-08-04T10:28:24.4228604+02:00" testType="13cdc9d9-ddb5-4fa4-a97d-d965ccfc6d4b" outcome="Passed" testListId="8c84fa94-04c1-424b-9868-57a2d4851a1d" relativeResultsDirectory="e9fe9ab0-2177-4309-9090-67a9f5064e45" />
    <UnitTestResult executionId="e3476d4c-aceb-44f2-8f6b-d46f2624a32f" testId="85962db1-27ce-4899-a0d8-26219b9792c2" testName="List_ContainsEachKnownNodeTypeOnce (Data Row 0)" computerName="ICSWS068" duration="00:00:00.3491727" startTime="2016-08-04T08:28:24.4278659+02:00" endTime="2016-08-04T08:28:24.7773983+02:00" testType="13cdc9d9-ddb5-4fa4-a97d-d965ccfc6d4b" outcome="Passed" testListId="8c84fa94-04c1-424b-9868-57a2d4851a1d" relativeResultsDirectory="e3476d4c-aceb-44f2-8f6b-d46f2624a32f" />
    <UnitTestResult executionId="b173a241-ef80-40df-8145-709319ac655d" testId="abba97ee-9567-4fe0-afdd-8cdb002558e1" testName="List_ContainsEachKnownNodeTypeOnce (Data Row 1)" computerName="ICSWS068" duration="00:00:00.3498161" startTime="2016-08-04T08:28:24.7773983+02:00" endTime="2016-08-04T08:28:25.1272950+02:00" testType="13cdc9d9-ddb5-4fa4-a97d-d965ccfc6d4b" outcome="Passed" testListId="8c84fa94-04c1-424b-9868-57a2d4851a1d" relativeResultsDirectory="b173a241-ef80-40df-8145-709319ac655d" />
    <UnitTestResult executionId="4dca53db-78fd-48d3-82e5-3e3b84e1f1b5" testId="2813a369-0859-414c-b6bc-2fede17d55ae" testName="List_ContainsEachKnownNodeTypeOnce (Data Row 2)" computerName="ICSWS068" duration="00:00:00.3420409" startTime="2016-08-04T08:28:25.1272950+02:00" endTime="2016-08-04T08:28:25.4691007+02:00" testType="13cdc9d9-ddb5-4fa4-a97d-d965ccfc6d4b" outcome="Passed" testListId="8c84fa94-04c1-424b-9868-57a2d4851a1d" relativeResultsDirectory="4dca53db-78fd-48d3-82e5-3e3b84e1f1b5" />
    <UnitTestResult executionId="feae4c25-5d67-48d1-b835-f5ca10ba700e" testId="cbdef5f6-404e-4b7d-9568-df5dc25240d8" testName="List_ContainsEachKnownNodeTypeOnce (Data Row 3)" computerName="ICSWS068" duration="00:00:00.3496475" startTime="2016-08-04T08:28:25.4691007+02:00" endTime="2016-08-04T08:28:25.8189158+02:00" testType="13cdc9d9-ddb5-4fa4-a97d-d965ccfc6d4b" outcome="Passed" testListId="8c84fa94-04c1-424b-9868-57a2d4851a1d" relativeResultsDirectory="feae4c25-5d67-48d1-b835-f5ca10ba700e" />
    <UnitTestResult executionId="21118a64-a231-40e9-b841-8456ffda4776" testId="36359baa-c850-c0ee-d496-6cb9cea5b415" testName="List_ShouldSetSystemContextCorrectly" computerName="ICSWS068" duration="00:00:00.3528899" startTime="2016-08-04T10:28:25.8224199+02:00" endTime="2016-08-04T10:28:26.1762927+02:00" testType="13cdc9d9-ddb5-4fa4-a97d-d965ccfc6d4b" outcome="Passed" testListId="8c84fa94-04c1-424b-9868-57a2d4851a1d" relativeResultsDirectory="21118a64-a231-40e9-b841-8456ffda4776" />
    <UnitTestResult executionId="8dfa5b87-72f8-4782-8543-26f07dd9c60a" testId="51c74371-9039-78e3-0fcc-8ff3290582cc" testName="GetByName_NullName_ThrowsArgumentNullException" computerName="ICSWS068" duration="00:00:00.3567447" startTime="2016-08-04T10:28:26.1797953+02:00" endTime="2016-08-04T10:28:26.5376883+02:00" testType="13cdc9d9-ddb5-4fa4-a97d-d965ccfc6d4b" outcome="Passed" testListId="8c84fa94-04c1-424b-9868-57a2d4851a1d" relativeResultsDirectory="8dfa5b87-72f8-4782-8543-26f07dd9c60a" />
    <UnitTestResult executionId="37f6be67-5db8-434d-a0fd-892a92516a1d" testId="50545805-c8ab-12d8-0431-1e7e8af275ed" testName="GetByName_NonExistingName_ThrowsEntityNotFoundException" computerName="ICSWS068" duration="00:00:00.3327039" startTime="2016-08-04T10:28:26.5406906+02:00" endTime="2016-08-04T10:28:26.8745140+02:00" testType="13cdc9d9-ddb5-4fa4-a97d-d965ccfc6d4b" outcome="Passed" testListId="8c84fa94-04c1-424b-9868-57a2d4851a1d" relativeResultsDirectory="37f6be67-5db8-434d-a0fd-892a92516a1d" />
    <UnitTestResult executionId="01ece5ab-d1a8-4ead-a888-a0c87966d940" testId="59e7d351-c714-4cb8-ba5c-c13abc818cdb" testName="GetByName_KnownNodeTypeName_ReturnsEntityWithCorrectProperties (Data Row 0)" computerName="ICSWS068" duration="00:00:00.3574482" startTime="2016-08-04T08:28:26.8795168+02:00" endTime="2016-08-04T08:28:27.2369325+02:00" testType="13cdc9d9-ddb5-4fa4-a97d-d965ccfc6d4b" outcome="Passed" testListId="8c84fa94-04c1-424b-9868-57a2d4851a1d" relativeResultsDirectory="01ece5ab-d1a8-4ead-a888-a0c87966d940" />
    <UnitTestResult executionId="3a7e91aa-f28a-4e97-8913-be8d70b4e26a" testId="63206eac-256a-435b-81a5-90591518b8ad" testName="GetByName_KnownNodeTypeName_ReturnsEntityWithCorrectProperties (Data Row 1)" computerName="ICSWS068" duration="00:00:00.3671591" startTime="2016-08-04T08:28:27.2369325+02:00" endTime="2016-08-04T08:28:27.6038676+02:00" testType="13cdc9d9-ddb5-4fa4-a97d-d965ccfc6d4b" outcome="Passed" testListId="8c84fa94-04c1-424b-9868-57a2d4851a1d" relativeResultsDirectory="3a7e91aa-f28a-4e97-8913-be8d70b4e26a" />
    <UnitTestResult executionId="9e3ab654-9bfe-4cc1-9c02-304c712b78be" testId="7a61f6e1-d7e2-4106-80b3-458c67cc78db" testName="GetByName_KnownNodeTypeName_ReturnsEntityWithCorrectProperties (Data Row 2)" computerName="ICSWS068" duration="00:00:00.3849507" startTime="2016-08-04T08:28:27.6038676+02:00" endTime="2016-08-04T08:28:27.9888713+02:00" testType="13cdc9d9-ddb5-4fa4-a97d-d965ccfc6d4b" outcome="Passed" testListId="8c84fa94-04c1-424b-9868-57a2d4851a1d" relativeResultsDirectory="9e3ab654-9bfe-4cc1-9c02-304c712b78be" />
    <UnitTestResult executionId="e3d6a3fc-0797-49cb-a95d-352794353c0e" testId="3a9d95e0-ce26-4aac-8c3d-13dc10f6746b" testName="GetByName_KnownNodeTypeName_ReturnsEntityWithCorrectProperties (Data Row 3)" computerName="ICSWS068" duration="00:00:00.3470810" startTime="2016-08-04T08:28:27.9888713+02:00" endTime="2016-08-04T08:28:28.3360932+02:00" testType="13cdc9d9-ddb5-4fa4-a97d-d965ccfc6d4b" outcome="Passed" testListId="8c84fa94-04c1-424b-9868-57a2d4851a1d" relativeResultsDirectory="e3d6a3fc-0797-49cb-a95d-352794353c0e" />
    <UnitTestResult executionId="36863fa7-96ee-4719-a716-57504ec33515" testId="237e70ed-125c-dbd4-3b7e-16719b3b4197" testName="GetById_NewGuid_ThrowsEntityNotFoundException" computerName="ICSWS068" duration="00:00:00.3305948" startTime="2016-08-04T10:28:28.3395955+02:00" endTime="2016-08-04T10:28:28.6715110+02:00" testType="13cdc9d9-ddb5-4fa4-a97d-d965ccfc6d4b" outcome="Passed" testListId="8c84fa94-04c1-424b-9868-57a2d4851a1d" relativeResultsDirectory="36863fa7-96ee-4719-a716-57504ec33515" />
    <UnitTestResult executionId="c0309406-4ccc-4b19-ba2b-4d10d7a4e873" testId="e7367745-540e-4678-8e4b-9f858280e98e" testName="GetById_KnownNodeTypeId_ReturnsEntityWithCorrectProperties (Data Row 0)" computerName="ICSWS068" duration="00:00:00.3770058" startTime="2016-08-04T08:28:28.6765335+02:00" endTime="2016-08-04T08:28:29.0535209+02:00" testType="13cdc9d9-ddb5-4fa4-a97d-d965ccfc6d4b" outcome="Passed" testListId="8c84fa94-04c1-424b-9868-57a2d4851a1d" relativeResultsDirectory="c0309406-4ccc-4b19-ba2b-4d10d7a4e873" />
    <UnitTestResult executionId="8f322ca7-4b32-4f8b-90d4-0ffedd68bc91" testId="c5d9bb00-accd-4844-8e45-0581bbfb3dcd" testName="GetById_KnownNodeTypeId_ReturnsEntityWithCorrectProperties (Data Row 1)" computerName="ICSWS068" duration="00:00:00.3332945" startTime="2016-08-04T08:28:29.0535209+02:00" endTime="2016-08-04T08:28:29.3870490+02:00" testType="13cdc9d9-ddb5-4fa4-a97d-d965ccfc6d4b" outcome="Passed" testListId="8c84fa94-04c1-424b-9868-57a2d4851a1d" relativeResultsDirectory="8f322ca7-4b32-4f8b-90d4-0ffedd68bc91" />
    <UnitTestResult executionId="70a5005c-5401-4439-8d74-de8a4be94a7c" testId="836522c2-312f-4940-9d86-7861546900b6" testName="GetById_KnownNodeTypeId_ReturnsEntityWithCorrectProperties (Data Row 2)" computerName="ICSWS068" duration="00:00:00.3339654" startTime="2016-08-04T08:28:29.3870490+02:00" endTime="2016-08-04T08:28:29.7206967+02:00" testType="13cdc9d9-ddb5-4fa4-a97d-d965ccfc6d4b" outcome="Passed" testListId="8c84fa94-04c1-424b-9868-57a2d4851a1d" relativeResultsDirectory="70a5005c-5401-4439-8d74-de8a4be94a7c" />
    <UnitTestResult executionId="579acef1-3119-4682-9ded-979d60ff6447" testId="670c1ea6-c75e-4867-90ff-2c857e6c41b9" testName="GetById_KnownNodeTypeId_ReturnsEntityWithCorrectProperties (Data Row 3)" computerName="ICSWS068" duration="00:00:00.3378865" startTime="2016-08-04T08:28:29.7206967+02:00" endTime="2016-08-04T08:28:30.0586431+02:00" testType="13cdc9d9-ddb5-4fa4-a97d-d965ccfc6d4b" outcome="Passed" testListId="8c84fa94-04c1-424b-9868-57a2d4851a1d" relativeResultsDirectory="579acef1-3119-4682-9ded-979d60ff6447" />
    <UnitTestResult executionId="11bd2c60-71ee-4238-bf05-08346557b647" testId="0576e9f0-edd2-1f22-0754-cda41ef6625d" testName="TryGetById_NewGuid_ReturnsNull" computerName="ICSWS068" duration="00:00:00.3427852" startTime="2016-08-04T10:28:30.0616308+02:00" endTime="2016-08-04T10:28:30.4061665+02:00" testType="13cdc9d9-ddb5-4fa4-a97d-d965ccfc6d4b" outcome="Passed" testListId="8c84fa94-04c1-424b-9868-57a2d4851a1d" relativeResultsDirectory="11bd2c60-71ee-4238-bf05-08346557b647" />
    <UnitTestResult executionId="899e82e6-d4e5-47bb-810b-967cddefa516" testId="4a474fc2-07f7-4856-a7af-fef295427210" testName="TryGetById_KnownNodeTypeId_ReturnsEntityWithCorrectProperties (Data Row 0)" computerName="ICSWS068" duration="00:00:00.3372498" startTime="2016-08-04T08:28:30.4111533+02:00" endTime="2016-08-04T08:28:30.7484842+02:00" testType="13cdc9d9-ddb5-4fa4-a97d-d965ccfc6d4b" outcome="Passed" testListId="8c84fa94-04c1-424b-9868-57a2d4851a1d" relativeResultsDirectory="899e82e6-d4e5-47bb-810b-967cddefa516" />
    <UnitTestResult executionId="8f9f18c2-3b44-42d1-a20b-6468eb46fa75" testId="2d908111-dc38-44fc-afb5-2a748f998b08" testName="TryGetById_KnownNodeTypeId_ReturnsEntityWithCorrectProperties (Data Row 1)" computerName="ICSWS068" duration="00:00:00.3504032" startTime="2016-08-04T08:28:30.7484842+02:00" endTime="2016-08-04T08:28:31.0990457+02:00" testType="13cdc9d9-ddb5-4fa4-a97d-d965ccfc6d4b" outcome="Passed" testListId="8c84fa94-04c1-424b-9868-57a2d4851a1d" relativeResultsDirectory="8f9f18c2-3b44-42d1-a20b-6468eb46fa75" />
    <UnitTestResult executionId="52caf0fa-41d6-4896-b186-8ed8c1415024" testId="3afa254f-8f85-4a65-9c9e-0a5c5bbcd935" testName="TryGetById_KnownNodeTypeId_ReturnsEntityWithCorrectProperties (Data Row 2)" computerName="ICSWS068" duration="00:00:00.3361751" startTime="2016-08-04T08:28:31.0990457+02:00" endTime="2016-08-04T08:28:31.4349136+02:00" testType="13cdc9d9-ddb5-4fa4-a97d-d965ccfc6d4b" outcome="Passed" testListId="8c84fa94-04c1-424b-9868-57a2d4851a1d" relativeResultsDirectory="52caf0fa-41d6-4896-b186-8ed8c1415024" />
    <UnitTestResult executionId="50496f42-194b-438b-a490-de21c1e0d59a" testId="4fc9fc8f-7ea8-4b26-bbef-e7ae8b92ad9b" testName="TryGetById_KnownNodeTypeId_ReturnsEntityWithCorrectProperties (Data Row 3)" computerName="ICSWS068" duration="00:00:00.4016380" startTime="2016-08-04T08:28:31.4349136+02:00" endTime="2016-08-04T08:28:31.8365349+02:00" testType="13cdc9d9-ddb5-4fa4-a97d-d965ccfc6d4b" outcome="Passed" testListId="8c84fa94-04c1-424b-9868-57a2d4851a1d" relativeResultsDirectory="50496f42-194b-438b-a490-de21c1e0d59a" />
    <UnitTestResult executionId="dcbb11bb-51ec-4675-93d1-f38757d849a9" testId="75176912-5584-4ec4-a3f1-e1bc562915e1" testName="GetByKey_NewGuid_ThrowsEntityNotFoundException" computerName="ICSWS068" duration="00:00:00.3420110" startTime="2016-08-04T10:28:31.8405216+02:00" endTime="2016-08-04T10:28:32.1840216+02:00" testType="13cdc9d9-ddb5-4fa4-a97d-d965ccfc6d4b" outcome="Passed" testListId="8c84fa94-04c1-424b-9868-57a2d4851a1d" relativeResultsDirectory="dcbb11bb-51ec-4675-93d1-f38757d849a9" />
    <UnitTestResult executionId="be409a54-d946-4353-8ab1-ff02e153ae75" testId="cfd88c8a-da2f-42ad-9c07-288f7777fb3f" testName="GetByKey_KnownNodeTypeKey_ReturnsEntityWithCorrectProperties (Data Row 0)" computerName="ICSWS068" duration="00:00:00.3304306" startTime="2016-08-04T08:28:32.1890254+02:00" endTime="2016-08-04T08:28:32.5195027+02:00" testType="13cdc9d9-ddb5-4fa4-a97d-d965ccfc6d4b" outcome="Passed" testListId="8c84fa94-04c1-424b-9868-57a2d4851a1d" relativeResultsDirectory="be409a54-d946-4353-8ab1-ff02e153ae75" />
    <UnitTestResult executionId="0ec1f320-fd8e-4860-88ab-f5fd23e6d248" testId="78e6c54c-8c6f-4e15-a699-31b2fd9f00cc" testName="GetByKey_KnownNodeTypeKey_ReturnsEntityWithCorrectProperties (Data Row 1)" computerName="ICSWS068" duration="00:00:00.3453719" startTime="2016-08-04T08:28:32.5195027+02:00" endTime="2016-08-04T08:28:32.8649250+02:00" testType="13cdc9d9-ddb5-4fa4-a97d-d965ccfc6d4b" outcome="Passed" testListId="8c84fa94-04c1-424b-9868-57a2d4851a1d" relativeResultsDirectory="0ec1f320-fd8e-4860-88ab-f5fd23e6d248" />
    <UnitTestResult executionId="b9b5776a-31d3-4f16-8c7f-120d77a35a73" testId="0918d5a4-913c-44e1-9614-c7641982646f" testName="GetByKey_KnownNodeTypeKey_ReturnsEntityWithCorrectProperties (Data Row 2)" computerName="ICSWS068" duration="00:00:00.3476631" startTime="2016-08-04T08:28:32.8649250+02:00" endTime="2016-08-04T08:28:33.2123085+02:00" testType="13cdc9d9-ddb5-4fa4-a97d-d965ccfc6d4b" outcome="Passed" testListId="8c84fa94-04c1-424b-9868-57a2d4851a1d" relativeResultsDirectory="b9b5776a-31d3-4f16-8c7f-120d77a35a73" />
    <UnitTestResult executionId="155fbda4-97d6-4af7-b211-5c99bc384368" testId="8d70458a-b96b-4a00-a86c-2f4a13cce55f" testName="GetByKey_KnownNodeTypeKey_ReturnsEntityWithCorrectProperties (Data Row 3)" computerName="ICSWS068" duration="00:00:00.3422626" startTime="2016-08-04T08:28:33.2123085+02:00" endTime="2016-08-04T08:28:33.5548086+02:00" testType="13cdc9d9-ddb5-4fa4-a97d-d965ccfc6d4b" outcome="Passed" testListId="8c84fa94-04c1-424b-9868-57a2d4851a1d" relativeResultsDirectory="155fbda4-97d6-4af7-b211-5c99bc384368" />
    <UnitTestResult executionId="f5902426-be78-475b-9f51-43a98932c6e0" testId="c8847554-9e6c-1045-7071-a581f5c0fb33" testName="GetByKey_UnsupportedKey_ThrowsArgumentException" computerName="ICSWS068" duration="00:00:00.3371571" startTime="2016-08-04T10:28:33.5593120+02:00" endTime="2016-08-04T10:28:33.8974585+02:00" testType="13cdc9d9-ddb5-4fa4-a97d-d965ccfc6d4b" outcome="Passed" testListId="8c84fa94-04c1-424b-9868-57a2d4851a1d" relativeResultsDirectory="f5902426-be78-475b-9f51-43a98932c6e0" />
    <UnitTestResult executionId="00344d4b-2a04-4567-95be-5e36ef9e468d" testId="f8384859-d1b5-279d-b2bc-2e6d29a7b8c6" testName="Delete_NonExistingId_DoesNotDeleteAnything" computerName="ICSWS068" duration="00:00:00.3710467" startTime="2016-08-04T10:28:33.9004611+02:00" endTime="2016-08-04T10:28:34.2729427+02:00" testType="13cdc9d9-ddb5-4fa4-a97d-d965ccfc6d4b" outcome="Passed" testListId="8c84fa94-04c1-424b-9868-57a2d4851a1d" relativeResultsDirectory="00344d4b-2a04-4567-95be-5e36ef9e468d" />
    <UnitTestResult executionId="fb683aae-ef32-4369-a2f9-952a090ba31c" testId="0a424db9-b069-33c4-3376-2bdf0f4c9039" testName="Delete_UsingIdAndUnusedNodeType_SuccessfullyDeletesNodeType" computerName="ICSWS068" duration="00:00:00.3885436" startTime="2016-08-04T10:28:34.2759450+02:00" endTime="2016-08-04T10:28:34.6659272+02:00" testType="13cdc9d9-ddb5-4fa4-a97d-d965ccfc6d4b" outcome="Passed" testListId="8c84fa94-04c1-424b-9868-57a2d4851a1d" relativeResultsDirectory="fb683aae-ef32-4369-a2f9-952a090ba31c" />
    <UnitTestResult executionId="936a50d2-bc0d-4483-a5e8-e6750879b4dd" testId="f1421cdc-0954-9f9f-86a6-755cc2fe4fac" testName="Delete_UsedNodeType_ThrowsEntityDependencyException" computerName="ICSWS068" duration="00:00:00.3404497" startTime="2016-08-04T10:28:34.6689292+02:00" endTime="2016-08-04T10:28:35.0108217+02:00" testType="13cdc9d9-ddb5-4fa4-a97d-d965ccfc6d4b" outcome="Passed" testListId="8c84fa94-04c1-424b-9868-57a2d4851a1d" relativeResultsDirectory="936a50d2-bc0d-4483-a5e8-e6750879b4dd" />
    <UnitTestResult executionId="d372fc2f-32f7-4a96-a01a-09db3f45a300" testId="b1ba4d3a-b04e-1bb0-862b-4450f12807b5" testName="Add_NullName_ThrowsConditionalErrorException" computerName="ICSWS068" duration="00:00:00.3363105" startTime="2016-08-04T10:28:35.0133451+02:00" endTime="2016-08-04T10:28:35.3511323+02:00" testType="13cdc9d9-ddb5-4fa4-a97d-d965ccfc6d4b" outcome="Passed" testListId="8c84fa94-04c1-424b-9868-57a2d4851a1d" relativeResultsDirectory="d372fc2f-32f7-4a96-a01a-09db3f45a300" />
    <UnitTestResult executionId="a78bb637-e7e6-4c86-9a7f-b22eed058a52" testId="a7e76c9b-3424-406c-b6ae-936c18765815" testName="Add_EmptyName_ThrowsStringLengthErrorException" computerName="ICSWS068" duration="00:00:00.3597950" startTime="2016-08-04T10:28:35.3541234+02:00" endTime="2016-08-04T10:28:35.7153912+02:00" testType="13cdc9d9-ddb5-4fa4-a97d-d965ccfc6d4b" outcome="Passed" testListId="8c84fa94-04c1-424b-9868-57a2d4851a1d" relativeResultsDirectory="a78bb637-e7e6-4c86-9a7f-b22eed058a52" />
    <UnitTestResult executionId="c2d542b9-3fba-4cbb-93f1-60a79ff71edf" testId="bf7d7d9c-79da-e746-2746-cb8594a77cd9" testName="Add_WhiteSpaceOnlyName_ThrowsStringLengthErrorException" computerName="ICSWS068" duration="00:00:00.3330203" startTime="2016-08-04T10:28:35.7183926+02:00" endTime="2016-08-04T10:28:36.0528837+02:00" testType="13cdc9d9-ddb5-4fa4-a97d-d965ccfc6d4b" outcome="Passed" testListId="8c84fa94-04c1-424b-9868-57a2d4851a1d" relativeResultsDirectory="c2d542b9-3fba-4cbb-93f1-60a79ff71edf" />
    <UnitTestResult executionId="52c32d02-fe8a-4e8b-9634-9e5434f0c03f" testId="9e3d56e4-1e2f-c5f2-5c9e-af256e79836a" testName="Add_TooLongName_ThrowsStringLengthErrorException" computerName="ICSWS068" duration="00:00:00.3305479" startTime="2016-08-04T10:28:36.0563704+02:00" endTime="2016-08-04T10:28:36.3886836+02:00" testType="13cdc9d9-ddb5-4fa4-a97d-d965ccfc6d4b" outcome="Passed" testListId="8c84fa94-04c1-424b-9868-57a2d4851a1d" relativeResultsDirectory="52c32d02-fe8a-4e8b-9634-9e5434f0c03f" />
    <UnitTestResult executionId="1fe8da1e-2242-4b41-a08d-3c77844626dc" testId="9c0f9060-39fd-bef1-d767-92920fc5c560" testName="Add_LongDescription_Succeeds" computerName="ICSWS068" duration="00:00:00.3532629" startTime="2016-08-04T10:28:36.3911856+02:00" endTime="2016-08-04T10:28:36.7464241+02:00" testType="13cdc9d9-ddb5-4fa4-a97d-d965ccfc6d4b" outcome="Passed" testListId="8c84fa94-04c1-424b-9868-57a2d4851a1d" relativeResultsDirectory="1fe8da1e-2242-4b41-a08d-3c77844626dc" />
    <UnitTestResult executionId="ad339ac1-453a-4489-969f-81d44657d45d" testId="5ed9ce8b-e35a-ca94-d060-524c784f442e" testName="Add_ValidProperties_IdAndTimesAreUpdatedCorrectly" computerName="ICSWS068" duration="00:00:00.3868401" startTime="2016-08-04T10:28:36.7494261+02:00" endTime="2016-08-04T10:28:37.1382925+02:00" testType="13cdc9d9-ddb5-4fa4-a97d-d965ccfc6d4b" outcome="Passed" testListId="8c84fa94-04c1-424b-9868-57a2d4851a1d" relativeResultsDirectory="ad339ac1-453a-4489-969f-81d44657d45d" />
    <UnitTestResult executionId="f2d817dc-608d-40d0-9038-99bfc32818a2" testId="50ee27cb-82b9-84ac-84ea-c01796032cbb" testName="Add_ComplexProperties_ArePersistedCorrectly" computerName="ICSWS068" duration="00:00:00.3626293" startTime="2016-08-04T10:28:37.1412939+02:00" endTime="2016-08-04T10:28:37.5051470+02:00" testType="13cdc9d9-ddb5-4fa4-a97d-d965ccfc6d4b" outcome="Passed" testListId="8c84fa94-04c1-424b-9868-57a2d4851a1d" relativeResultsDirectory="f2d817dc-608d-40d0-9038-99bfc32818a2" />
    <UnitTestResult executionId="b4c1b98b-48d6-43e7-b226-427cd65959b7" testId="7606959b-140d-110f-5a86-375e368d237e" testName="Add_DuplicateName_ThrowsUniqueValueAddConflictException" computerName="ICSWS068" duration="00:00:00.3490199" startTime="2016-08-04T10:28:37.5091516+02:00" endTime="2016-08-04T10:28:37.8599418+02:00" testType="13cdc9d9-ddb5-4fa4-a97d-d965ccfc6d4b" outcome="Passed" testListId="8c84fa94-04c1-424b-9868-57a2d4851a1d" relativeResultsDirectory="b4c1b98b-48d6-43e7-b226-427cd65959b7" />
    <UnitTestResult executionId="cae9b2f2-0e8f-46b9-946d-a799a5e1dce9" testId="a7449dfb-07a5-3a1a-51f9-9fbe831e7d68" testName="Update_NullName_ThrowsConditionalErrorException" computerName="ICSWS068" duration="00:00:00.3575960" startTime="2016-08-04T10:28:37.8634896+02:00" endTime="2016-08-04T10:28:38.2225943+02:00" testType="13cdc9d9-ddb5-4fa4-a97d-d965ccfc6d4b" outcome="Passed" testListId="8c84fa94-04c1-424b-9868-57a2d4851a1d" relativeResultsDirectory="cae9b2f2-0e8f-46b9-946d-a799a5e1dce9" />
    <UnitTestResult executionId="0b47871a-ac1c-44fd-82fe-74e509c0b4b1" testId="67a15bff-0f98-bbab-0670-02d1299127ae" testName="Update_EmtpyName_ThrowsStringLengthErrorException" computerName="ICSWS068" duration="00:00:00.3510732" startTime="2016-08-04T10:28:38.2266001+02:00" endTime="2016-08-04T10:28:38.5798926+02:00" testType="13cdc9d9-ddb5-4fa4-a97d-d965ccfc6d4b" outcome="Passed" testListId="8c84fa94-04c1-424b-9868-57a2d4851a1d" relativeResultsDirectory="0b47871a-ac1c-44fd-82fe-74e509c0b4b1" />
    <UnitTestResult executionId="5693b519-391d-4bc2-a601-7d3688969cbe" testId="a20813f5-eef5-7a57-ea1e-03d9b7a3bf5d" testName="Update_WhitespaceOnlyName_ThrowsStringLengthErrorException" computerName="ICSWS068" duration="00:00:00.3530527" startTime="2016-08-04T10:28:38.5823940+02:00" endTime="2016-08-04T10:28:38.9367886+02:00" testType="13cdc9d9-ddb5-4fa4-a97d-d965ccfc6d4b" outcome="Passed" testListId="8c84fa94-04c1-424b-9868-57a2d4851a1d" relativeResultsDirectory="5693b519-391d-4bc2-a601-7d3688969cbe" />
    <UnitTestResult executionId="5f0f19b2-8608-4be2-b056-ef9d9609e04f" testId="2acc4baa-3abb-e8ef-cea9-36b0c36901f8" testName="Update_TooLongName_ThrowsStringLengthErrorException" computerName="ICSWS068" duration="00:00:00.3636234" startTime="2016-08-04T10:28:38.9397739+02:00" endTime="2016-08-04T10:28:39.3048155+02:00" testType="13cdc9d9-ddb5-4fa4-a97d-d965ccfc6d4b" outcome="Passed" testListId="8c84fa94-04c1-424b-9868-57a2d4851a1d" relativeResultsDirectory="5f0f19b2-8608-4be2-b056-ef9d9609e04f" />
    <UnitTestResult executionId="850e43f4-0ec4-46c2-a0a5-c2a46f85e650" testId="bd3bb719-1d77-0bb6-c5fe-86c8fe3d35fa" testName="Update_LongDescription_Succeeds" computerName="ICSWS068" duration="00:00:00.3470466" startTime="2016-08-04T10:28:39.3078172+02:00" endTime="2016-08-04T10:28:39.6563189+02:00" testType="13cdc9d9-ddb5-4fa4-a97d-d965ccfc6d4b" outcome="Passed" testListId="8c84fa94-04c1-424b-9868-57a2d4851a1d" relativeResultsDirectory="850e43f4-0ec4-46c2-a0a5-c2a46f85e650" />
    <UnitTestResult executionId="1e0773c2-9413-4675-a217-21fd24b796ec" testId="df6d987d-5ac2-cf68-10ec-63bf2eef4c44" testName="Update_DuplicateName_ThrowsUniqueValueAddConflictException" computerName="ICSWS068" duration="00:00:00.3453042" startTime="2016-08-04T10:28:39.6593200+02:00" endTime="2016-08-04T10:28:40.0062499+02:00" testType="13cdc9d9-ddb5-4fa4-a97d-d965ccfc6d4b" outcome="Passed" testListId="8c84fa94-04c1-424b-9868-57a2d4851a1d" relativeResultsDirectory="1e0773c2-9413-4675-a217-21fd24b796ec" />
    <UnitTestResult executionId="905cc473-e30a-401d-9559-44d8b04b1157" testId="c2ac8232-7e9c-3d19-5afc-a0bad8fb1996" testName="Update_ComplexProperties_ArePersistedCorrectly" computerName="ICSWS068" duration="00:00:00.3966050" startTime="2016-08-04T10:28:40.0097522+02:00" endTime="2016-08-04T10:28:40.4074818+02:00" testType="13cdc9d9-ddb5-4fa4-a97d-d965ccfc6d4b" outcome="Passed" testListId="8c84fa94-04c1-424b-9868-57a2d4851a1d" relativeResultsDirectory="905cc473-e30a-401d-9559-44d8b04b1157" />
    <UnitTestResult executionId="760370ab-e41c-47ef-ab5f-056efebf0653" testId="1c9725a3-5132-47f1-482b-cfbbf781cce3" testName="Update_UnchangedName_Succeeds" computerName="ICSWS068" duration="00:00:00.3430992" startTime="2016-08-04T10:28:40.4104838+02:00" endTime="2016-08-04T10:28:40.7552779+02:00" testType="13cdc9d9-ddb5-4fa4-a97d-d965ccfc6d4b" outcome="Passed" testListId="8c84fa94-04c1-424b-9868-57a2d4851a1d" relativeResultsDirectory="760370ab-e41c-47ef-ab5f-056efebf0653" />
    <UnitTestResult executionId="9a5e653b-f8b4-4a9f-9c70-a9cc1078e184" testId="aa1b0566-48bf-08a5-bba0-3d55519bb21a" testName="Delete_UnusedNodeType_SuccessfullyDeletesNodeType" computerName="ICSWS068" duration="00:00:00.3425635" startTime="2016-08-04T10:28:40.7582796+02:00" endTime="2016-08-04T10:28:41.1022609+02:00" testType="13cdc9d9-ddb5-4fa4-a97d-d965ccfc6d4b" outcome="Passed" testListId="8c84fa94-04c1-424b-9868-57a2d4851a1d" relativeResultsDirectory="9a5e653b-f8b4-4a9f-9c70-a9cc1078e184" />
    <UnitTestResult executionId="7c2bc6b5-8f21-4015-be02-03618eba51b1" testId="729b420e-8e73-a748-4742-dfe0d8a6ea7b" testName="Delete_NonDeletableNodeType_Throws" computerName="ICSWS068" duration="00:00:00.3716801" startTime="2016-08-04T10:28:41.1052632+02:00" endTime="2016-08-04T10:28:41.4783914+02:00" testType="13cdc9d9-ddb5-4fa4-a97d-d965ccfc6d4b" outcome="Passed" testListId="8c84fa94-04c1-424b-9868-57a2d4851a1d" relativeResultsDirectory="7c2bc6b5-8f21-4015-be02-03618eba51b1" />
    <UnitTestResult executionId="516ad2a9-60d4-4afc-b42c-dddaf683ffc2" testId="b615afc1-f190-298e-b91e-d7225853e300" testName="Import_SimpleSerializableNodeType_ShouldPersistCorrectly" computerName="ICSWS068" duration="00:00:00.3386841" startTime="2016-08-04T10:28:41.4809087+02:00" endTime="2016-08-04T10:28:41.8213026+02:00" testType="13cdc9d9-ddb5-4fa4-a97d-d965ccfc6d4b" outcome="Passed" testListId="8c84fa94-04c1-424b-9868-57a2d4851a1d" relativeResultsDirectory="516ad2a9-60d4-4afc-b42c-dddaf683ffc2" />
    <UnitTestResult executionId="13cc62e7-5004-49a9-8ea1-33390f7df0c6" testId="c193284b-f4d2-7cd1-9cf1-fd19800c866d" testName="FilterNodePartnerName" computerName="ICSWS068" duration="00:00:00.3834666" startTime="2016-08-04T10:28:41.8243031+02:00" endTime="2016-08-04T10:28:42.2095790+02:00" testType="13cdc9d9-ddb5-4fa4-a97d-d965ccfc6d4b" outcome="Passed" testListId="8c84fa94-04c1-424b-9868-57a2d4851a1d" relativeResultsDirectory="13cc62e7-5004-49a9-8ea1-33390f7df0c6" />
    <UnitTestResult executionId="f779f3d0-bd8b-4dfe-921e-08c8fbaf2723" testId="dabea0a7-3972-dc78-1422-d53eb2bc8795" testName="FilterNodePartnerNameAsync" computerName="ICSWS068" duration="00:00:00.3576511" startTime="2016-08-04T10:28:42.2138566+02:00" endTime="2016-08-04T10:28:42.5730493+02:00" testType="13cdc9d9-ddb5-4fa4-a97d-d965ccfc6d4b" outcome="Passed" testListId="8c84fa94-04c1-424b-9868-57a2d4851a1d" relativeResultsDirectory="f779f3d0-bd8b-4dfe-921e-08c8fbaf2723" />
    <UnitTestResult executionId="4ecfa756-7fce-4781-bbf1-8f94731782e0" testId="ae66943e-b600-55a9-8884-426b16551edc" testName="FilterPartnerColumns" computerName="ICSWS068" duration="00:00:00.4120953" startTime="2016-08-04T10:28:42.5755540+02:00" endTime="2016-08-04T10:28:42.9889118+02:00" testType="13cdc9d9-ddb5-4fa4-a97d-d965ccfc6d4b" outcome="Passed" testListId="8c84fa94-04c1-424b-9868-57a2d4851a1d" relativeResultsDirectory="4ecfa756-7fce-4781-bbf1-8f94731782e0">
      <Output>
        <StdOut>TestContext Messages:
Found 1 records</StdOut>
      </Output>
    </UnitTestResult>
    <UnitTestResult executionId="9f60a6eb-4133-4329-92fe-98605ba80e0d" testId="f7b4815d-cb42-7f6a-2a62-c4c49162af6f" testName="FilterPartnerColumnsAsync" computerName="ICSWS068" duration="00:00:00.3575704" startTime="2016-08-04T10:28:42.9924146+02:00" endTime="2016-08-04T10:28:43.3509467+02:00" testType="13cdc9d9-ddb5-4fa4-a97d-d965ccfc6d4b" outcome="Passed" testListId="8c84fa94-04c1-424b-9868-57a2d4851a1d" relativeResultsDirectory="9f60a6eb-4133-4329-92fe-98605ba80e0d">
      <Output>
        <StdOut>TestContext Messages:
Found 1 records</StdOut>
      </Output>
    </UnitTestResult>
    <UnitTestResult executionId="cd6653cb-5b50-4a3b-8a0c-a8feff0b149b" testId="9220be5e-8400-646c-422e-c3347f7804f4" testName="FilterLogScopeJoin" computerName="ICSWS068" duration="00:00:00.5288503" startTime="2016-08-04T10:28:43.3544525+02:00" endTime="2016-08-04T10:28:43.8846836+02:00" testType="13cdc9d9-ddb5-4fa4-a97d-d965ccfc6d4b" outcome="Passed" testListId="8c84fa94-04c1-424b-9868-57a2d4851a1d" relativeResultsDirectory="cd6653cb-5b50-4a3b-8a0c-a8feff0b149b" />
    <UnitTestResult executionId="800a70f5-1cbd-4da2-bee8-0733bc22133f" testId="452513b1-3035-e635-ebec-ba8fe55cfd32" testName="FilterPartnerAllColumns" computerName="ICSWS068" duration="00:00:00.6738029" startTime="2016-08-04T10:28:43.8881862+02:00" endTime="2016-08-04T10:28:44.5635774+02:00" testType="13cdc9d9-ddb5-4fa4-a97d-d965ccfc6d4b" outcome="Passed" testListId="8c84fa94-04c1-424b-9868-57a2d4851a1d" relativeResultsDirectory="800a70f5-1cbd-4da2-bee8-0733bc22133f">
      <Output>
        <StdOut>TestContext Messages:
Found 17 records
ID: Partner [75deb4b1-5539-4997-92a7-4ca22243be7c]
iCore.Common.Entities.DBIconEntity                                                                  iCore.Common.Entities.DBIconEntity
75deb4b1-5539-4997-92a7-4ca22243be7c              ID                                                System.Guid
PartnerName                                       Name                                              System.String
With a description                                Description                                       System.String
False                                             System internal                                   System.Boolean
2016-08-04 10:28:44                               Modified                                          System.DateTime
2016-08-04 10:28:44                               Created                                           System.DateTime
fc710824-313c-4d9b-97cb-40d3aa4c1e24              Identities                                        System.String
Partner attribute group                           Attribute Groups._B2B_Edifact Interchange settings.Entity typeSystem.String
                                                  Attribute Groups._B2B_Edifact Interchange settings.UNA ContentSystem.DBNull
                                                  Attribute Groups._B2B_Edifact Interchange settings.UNB Acknowledgement request(CONTRL)System.DBNull
                                                  Attribute Groups._B2B_Edifact Interchange settings.UNB AddressSystem.DBNull
                                                  Attribute Groups._B2B_Edifact Interchange settings.UNB Address QualifierSystem.DBNull
                                                  Attribute Groups._B2B_Edifact Interchange settings.UNB Address RoutingSystem.DBNull
                                                  Attribute Groups._B2B_Edifact Interchange settings.UNB Application ReferenceSystem.DBNull
                                                  Attribute Groups._B2B_Edifact Interchange settings.UNB Reference PasswordSystem.DBNull
                                                  Attribute Groups._B2B_Edifact Interchange settings.UNB SyntaxSystem.DBNull
                                                  Attribute Groups._B2B_Edifact Interchange settings.UNB Syntax versionSystem.DBNull
                                                  Attribute Groups._B2B_Edifact Interchange settings.UNB Test indicatorSystem.DBNull
                                                  Attribute Groups._B2B_Edifact Interchange settings.UNH Association assigned code (0057)__iCPS_Edifact CONTRLSystem.DBNull
                                                  Attribute Groups._B2B_Edifact Interchange settings.UNH Controlling Agency (0051)__iCPS_Edifact CONTRLSystem.DBNull
                                                  Attribute Groups._B2B_Edifact Interchange settings.UNH Message type release nbr (0054)__iCPS_Edifact CONTRLSystem.DBNull
                                                  Attribute Groups._B2B_Edifact Interchange settings.UNH Message type version nbr (0052)__iCPS_Edifact CONTRLSystem.DBNull
Partner attribute group                           Attribute Groups.CodedUIPartnerAttributes.Entity typeSystem.String
                                                  Attribute Groups.CodedUIPartnerAttributes.&lt;Other taxes&gt;System.DBNull
                                                  Attribute Groups.CodedUIPartnerAttributes.After Tax_CodedUINodeTypeSystem.DBNull
                                                  Attribute Groups.CodedUIPartnerAttributes.Before TaxSystem.DBNull
Partner attribute group                           Attribute Groups.CodedUISubEntityPartnerAttributeGroup.Entity typeSystem.String
                                                  Attribute Groups.CodedUISubEntityPartnerAttributeGroup.DeletableCodedPartnerAttributeTypeSystem.DBNull
                                                  Attribute Groups.CodedUISubEntityPartnerAttributeGroup.UpdateableCodedPartnerAttributeTypeSystem.DBNull
Partner attribute group                           Attribute Groups.Conctact Information.Entity type System.String
                                                  Attribute Groups.Conctact Information.Address     System.DBNull
                                                  Attribute Groups.Conctact Information.City        System.DBNull
                                                  Attribute Groups.Conctact Information.Consumption_NT1System.DBNull
                                                  Attribute Groups.Conctact Information.Postal Code System.DBNull
Partner attribute group                           Attribute Groups.DeletableCodedUIPartnerAttributeGroup.Entity typeSystem.String
Partner attribute group                           Attribute Groups.DeletableCodedUIPartnerGroupInstance.Entity typeSystem.String
                                                  Attribute Groups.DeletableCodedUIPartnerGroupInstance.testSystem.DBNull
Partner attribute group                           Attribute Groups.LocalSystemPartnerGroup.Entity typeSystem.String
                                                  Attribute Groups.LocalSystemPartnerGroup.PartnerAttributeWithDefaultValueSystem.DBNull
Partner attribute group                           Attribute Groups.multi delete deletable.Entity typeSystem.String
Partner attribute group                           Attribute Groups.multi delete skip with deletable.Entity typeSystem.String
Partner attribute group                           Attribute Groups.multi delete test 1.Entity type  System.String
Partner attribute group                           Attribute Groups.multi delete test 2.Entity type  System.String
Partner attribute group                           Attribute Groups.multi delete with dependency 1.Entity typeSystem.String
                                                  Attribute Groups.multi delete with dependency 1.delete type 1System.DBNull
Partner attribute group                           Attribute Groups.multi delete with dependency 2.Entity typeSystem.String
                                                  Attribute Groups.multi delete with dependency 2.delete dep attr 2System.DBNull
Partner attribute group                           Attribute Groups.multi delete with dependency 3.Entity typeSystem.String
                                                  Attribute Groups.multi delete with dependency 3.delete dep attr 3System.DBNull
Partner attribute group                           Attribute Groups.multi delete yes to all 1.Entity typeSystem.String
                                                  Attribute Groups.multi delete yes to all 1.delete yess to all attr 1System.DBNull
Partner attribute group                           Attribute Groups.multi delete yes to all 2.Entity typeSystem.String
                                                  Attribute Groups.multi delete yes to all 2.delete yess to all attr 2System.DBNull
Partner attribute group                           Attribute Groups.Net Income.Entity type           System.String
                                                  Attribute Groups.Net Income.After Tax_UsedByPartnerAttributeTypeSystem.DBNull
                                                  Attribute Groups.Net Income.Before Tax            System.DBNull
Partner attribute group                           Attribute Groups.single delete warn 1.Entity type System.String
                                                  Attribute Groups.single delete warn 1.Attr1       System.DBNull
Partner attribute group                           Attribute Groups.single delete warn 2.Entity type System.String
                                                  Attribute Groups.single delete warn 2.attr1       System.DBNull
Partner attribute group                           Attribute Groups.SysInt.Entity type               System.String
                                                  Attribute Groups.SysInt.A1                        System.DBNull
                                                  Attribute Groups.SysInt.A2                        System.DBNull
Partner attribute group                           Attribute Groups.Type Used By Filter.Entity type  System.String
                                                  Attribute Groups.Type Used By Filter.A1           System.DBNull
                                                  Attribute Groups.Type Used By Filter.A2           System.DBNull
Partner attribute group                           Attribute Groups.Type With Member Used By Filter.Entity typeSystem.String
                                                  Attribute Groups.Type With Member Used By Filter.A1System.DBNull
                                                  Attribute Groups.Type With Member Used By Filter.A2System.DBNull
Partner attribute group                           Attribute Groups.UpdateableCodedUIPartnerAttributeGroup.Entity typeSystem.String
                                                  Attribute Groups.UpdateableCodedUIPartnerAttributeGroup.UpdateableCodedUIPartnerAttributeTypeSystem.DBNull
Partner attribute group                           Attribute Groups.UpdateableCodedUIPartnerGroupInstance.Entity typeSystem.String
                                                  Attribute Groups.UpdateableCodedUIPartnerGroupInstance.UpdateableCodedUIPartnerInstanceSystem.DBNull
                                                  Categories                                        System.DBNull
Partner                                           Entity type                                       System.String</StdOut>
      </Output>
    </UnitTestResult>
    <UnitTestResult executionId="5cf9f8e3-d756-4994-8d47-4d7ed435c790" testId="9db81d18-958f-b696-2559-15e24cd06222" testName="FilterOnNode_AllColumns_Success" computerName="ICSWS068" duration="00:00:00.7421567" startTime="2016-08-04T10:28:44.5665799+02:00" endTime="2016-08-04T10:28:45.3105749+02:00" testType="13cdc9d9-ddb5-4fa4-a97d-d965ccfc6d4b" outcome="Passed" testListId="8c84fa94-04c1-424b-9868-57a2d4851a1d" relativeResultsDirectory="5cf9f8e3-d756-4994-8d47-4d7ed435c790">
      <Output>
        <StdOut>TestContext Messages:
Found 76 records
ID: Node [9000000048]
iCore.Common.FileIconEntity                                                                         iCore.Common.FileIconEntity
9000000048                                        ID                                                System.Int64
NodeName                                          Name                                              System.String
2016-08-04 10:28:45                               Created                                           System.DateTime
2016-08-04 10:28:45                               Modified                                          System.DateTime
none                                              Node type                                         System.String
00000000-0000-0000-0000-000000000000              Node type.ID                                      System.Guid
none                                              Node type.Name                                    System.String
System default                                    Node type.Description                             System.String
Text Document (file class)                        Node type.File class                              System.String
True                                              Node type.System internal                         System.Boolean
2000-01-01 00:00:00                               Node type.Modified                                System.DateTime
2000-01-01 00:00:00                               Node type.Created                                 System.DateTime
System defined\Entities                           Node type.Categories                              System.String
                                                  Node type.Internet Media Type                     System.DBNull
Node type                                         Node type.Entity type                             System.String
none                                              Node type version                                 System.String
00000000-0000-0000-0000-000000000000              Node type version.ID                              System.Guid
none                                              Node type version.Name                            System.String
System default                                    Node type version.Description                     System.String
True                                              Node type version.System internal                 System.Boolean
2000-01-01 00:00:00                               Node type version.Modified                        System.DateTime
2000-01-01 00:00:00                               Node type version.Created                         System.DateTime
System defined\Entities                           Node type version.Categories                      System.String
Node type version                                 Node type version.Entity type                     System.String
none                                              Partner                                           System.String
00000000-0000-0000-0000-000000000000              Partner.ID                                        System.Guid
none                                              Partner.Name                                      System.String
System default                                    Partner.Description                               System.String
True                                              Partner.System internal                           System.Boolean
2000-01-01 00:00:00                               Partner.Modified                                  System.DateTime
2000-01-01 00:00:00                               Partner.Created                                   System.DateTime
                                                  Partner.Identities                                System.DBNull
System defined\Entities                           Partner.Categories                                System.String
Partner                                           Partner.Entity type                               System.String
                                                  Job.ID                                            System.DBNull
                                                  Job.Matched Event configuration                   System.DBNull
                                                  Job.Matched Event configuration.ID                System.DBNull
                                                  Job.Matched Event configuration.Name              System.DBNull
                                                  Job.Matched Event configuration.Description       System.DBNull
All                                               Job.Matched Event configuration.Partner           System.String
All                                               Job.Matched Event configuration.Node type         System.String
All                                               Job.Matched Event configuration.Node type version System.String
                                                  Job.Matched Event configuration.Execute           System.DBNull
                                                  Job.Matched Event configuration.Run parameters    System.DBNull
                                                  Job.Matched Event configuration.System internal   System.DBNull
                                                  Job.Matched Event configuration.Status            
                                                  Job.Matched Event configuration.Modified          System.DBNull
                                                  Job.Matched Event configuration.Created           System.DBNull
                                                  Job.Matched Event configuration.Event type        System.DBNull
                                                  Job.Matched Event configuration.Categories        System.DBNull
Event configuration                               Job.Matched Event configuration.Entity type       System.String
                                                  Job.Parent Event                                  System.DBNull
                                                  Job.Parent Event.ID                               System.DBNull
-                                                 Job.Parent Event.Created                          System.String
                                                  Job.Parent Event.Event source                     System.DBNull
                                                  Job.Parent Event.Event type                       System.DBNull
                                                  Job.Parent Event.Match status                     System.DBNull
                                                  Job.Parent Event.Priority                         System.DBNull
                                                  Job.Parent Event.State                            System.DBNull
                                                  Job.Parent Event.Reason                           System.DBNull
-                                                 Job.Parent Event.Completed                        System.String
-                                                 Job.Parent Event.Delayed until                    System.String
                                                  Job.Parent Event.Bookmark                         System.DBNull
-                                                 Job.Parent Event.Arguments                        System.String
Event                                             Job.Parent Event.Entity type                      System.String
                                                  Job.Component definition                          System.DBNull
                                                  Job.Component definition type                     System.DBNull
                                                  Job.Component configuration                       System.DBNull
                                                  Job.Component configuration.ID                    System.DBNull
                                                  Job.Component configuration.Name                  System.DBNull
                                                  Job.Component configuration.Description           System.DBNull
                                                  Job.Component configuration.Init parameters       System.DBNull
                                                  Job.Component configuration.Modified              System.DBNull
                                                  Job.Component configuration.Created               System.DBNull
                                                  Job.Component configuration.Always run in new processSystem.DBNull
                                                  Job.Component configuration.Categories            System.DBNull
                                                  Job.Component configuration.Application pool (Primary)System.DBNull
                                                  Job.Component configuration.Application pool (Secondary)System.DBNull
                                                  Job.Component configuration.Lifetime              System.DBNull
                                                  Job.Component configuration.Max concurrent        System.DBNull
                                                  Job.Component configuration.Max restart attempts  System.String
                                                  Job.Component configuration.Restart delay time    System.String
                                                  Job.Component configuration.System internal       System.DBNull
                                                  Job.Component configuration.Definition name       System.DBNull
                                                  Job.Component configuration.Definition type       System.DBNull
                                                  Job.Component configuration.Definition caching timeSystem.String
                                                  Job.Component configuration.Express lookup ID     System.DBNull
Component                                         Job.Component configuration.Entity type           System.String
                                                  Job.Application pool                              System.DBNull
                                                  Job.Application pool.ID                           System.DBNull
                                                  Job.Application pool.Name                         System.DBNull
                                                  Job.Application pool.Description                  System.DBNull
                                                  Job.Application pool.Created                      System.DBNull
                                                  Job.Application pool.Modified                     System.DBNull
                                                  Job.Application pool.System internal              System.DBNull
                                                  Job.Application pool.Categories                   System.DBNull
Application pool                                  Job.Application pool.Entity type                  System.String
                                                  Job.Server                                        System.DBNull
                                                  Job.Server.Server ID                              System.DBNull
                                                  Job.Server.Name                                   System.DBNull
                                                  Job.Server.Description                            System.DBNull
                                                  Job.Server.Machine ID                             System.DBNull
                                                  Job.Server.User                                   System.DBNull
                                                  Job.Server.Enabled                                System.DBNull
                                                  Job.Server.Event generator priority               System.DBNull
                                                  Job.Server.Event listener priority                System.DBNull
                                                  Job.Server.Event processor priority               System.DBNull
                                                  Job.Server.Job manager priority                   System.DBNull
                                                  Job.Server.Component cache directory              System.DBNull
                                                  Job.Server.Created                                System.DBNull
                                                  Job.Server.Modified                               System.DBNull
                                                  Job.Server.IP address                             System.DBNull
                                                  Job.Server.Port                                   System.DBNull
Server                                            Job.Server.Entity type                            System.String
-                                                 Job.Created                                       System.String
-                                                 Job.Started                                       System.String
-                                                 Job.Finished                                      System.String
                                                  Job.State                                         System.DBNull
                                                  Job.Reason                                        System.DBNull
                                                  Job.Priority                                      System.DBNull
                                                  Job.Job type                                      System.DBNull
                                                  Job.Start count                                   System.DBNull
                                                  Job.Restart disabled                              System.DBNull
-                                                 Job.Arguments                                     System.String
                                                  Job.Lifetime                                      System.DBNull
                                                  Job.WasStarted                                    System.DBNull
Job                                               Job.Entity type                                   System.String
                                                  Attributes._B2B_Flow                              System.DBNull
                                                  Attributes._iCPS_Posten Ftp Com Status            System.DBNull
                                                  Attributes.CodedUINodeAttributes                  System.DBNull
                                                  Attributes.Cost                                   System.DBNull
                                                  Attributes.DeletableCodedUINodeAttribute          System.DBNull
                                                  Attributes.LocalSystemNodeAttribute               System.DBNull
                                                  Attributes.LocalSystemNodeAttributeNonUsed        System.DBNull
                                                  Attributes.Sender Age                             System.DBNull
                                                  Attributes.Sender Name                            System.DBNull
                                                  Attributes.Short Name                             System.DBNull
                                                  Attributes.Unused One                             System.DBNull
                                                  Attributes.UpdateableCodedUINodeAttribute         System.DBNull
                                                  Attributes.Used by filter                         System.DBNull
                                                  Attributes.Used by Node Filter                    System.DBNull
False                                             Retain                                            System.Boolean
Node                                              Entity type                                       System.String
False                                             Is associated                                     System.Boolean</StdOut>
      </Output>
    </UnitTestResult>
    <UnitTestResult executionId="ab420179-3c46-4e2a-8056-2cd1256c995e" testId="ede6d8ba-debe-da70-d8d3-4ce04726da64" testName="FilterResolve_NodeJobEventEventTypeName_Success" computerName="ICSWS068" duration="00:00:00.3369715" startTime="2016-08-04T10:28:45.3136625+02:00" endTime="2016-08-04T10:28:45.6526893+02:00" testType="13cdc9d9-ddb5-4fa4-a97d-d965ccfc6d4b" outcome="Passed" testListId="8c84fa94-04c1-424b-9868-57a2d4851a1d" relativeResultsDirectory="ab420179-3c46-4e2a-8056-2cd1256c995e" />
    <UnitTestResult executionId="70bd877d-0b20-4e13-87b4-7b96cbb76e81" testId="e9c2bc41-23da-ee55-2e0f-81d73865f9fb" testName="FilterVerifyDisplayMap" computerName="ICSWS068" duration="00:00:00.3376199" startTime="2016-08-04T10:28:45.6552063+02:00" endTime="2016-08-04T10:28:45.9943489+02:00" testType="13cdc9d9-ddb5-4fa4-a97d-d965ccfc6d4b" outcome="Passed" testListId="8c84fa94-04c1-424b-9868-57a2d4851a1d" relativeResultsDirectory="70bd877d-0b20-4e13-87b4-7b96cbb76e81" />
    <UnitTestResult executionId="2064ccb3-bf90-4df0-ae2f-c31d18be6e09" testId="9c3a8425-87b4-7384-654c-c106825b4cc6" testName="FilterResolve_LogNodeJobEventEventTypeName_Success" computerName="ICSWS068" duration="00:00:00.3520703" startTime="2016-08-04T10:28:45.9973512+02:00" endTime="2016-08-04T10:28:46.3507015+02:00" testType="13cdc9d9-ddb5-4fa4-a97d-d965ccfc6d4b" outcome="Passed" testListId="8c84fa94-04c1-424b-9868-57a2d4851a1d" relativeResultsDirectory="2064ccb3-bf90-4df0-ae2f-c31d18be6e09" />
    <UnitTestResult executionId="18b8a21d-98de-4b8e-b8ce-2f6618b730b8" testId="b477a6c0-c71d-18dd-bac8-3536153030a8" testName="FilterResolvePartnerAttributeGroupsApaTestApa" computerName="ICSWS068" duration="00:00:00.3675855" startTime="2016-08-04T10:28:46.3537050+02:00" endTime="2016-08-04T10:28:46.7219286+02:00" testType="13cdc9d9-ddb5-4fa4-a97d-d965ccfc6d4b" outcome="Passed" testListId="8c84fa94-04c1-424b-9868-57a2d4851a1d" relativeResultsDirectory="18b8a21d-98de-4b8e-b8ce-2f6618b730b8">
      <Output>
        <StdOut>TestContext Messages:
Attribute Groups.Apa.TestApa</StdOut>
      </Output>
    </UnitTestResult>
    <UnitTestResult executionId="05db6878-556f-47e7-8ce0-bec55828963a" testId="4cae6d94-3bb6-512c-cacb-9fe196d7e39e" testName="FilterResolveNodeAttributesBepa" computerName="ICSWS068" duration="00:00:00.3434784" startTime="2016-08-04T10:28:46.7251151+02:00" endTime="2016-08-04T10:28:47.0702508+02:00" testType="13cdc9d9-ddb5-4fa4-a97d-d965ccfc6d4b" outcome="Passed" testListId="8c84fa94-04c1-424b-9868-57a2d4851a1d" relativeResultsDirectory="05db6878-556f-47e7-8ce0-bec55828963a" />
    <UnitTestResult executionId="4d8a84cd-ce0c-4dfd-ab38-3d2e0e2d0646" testId="ef299d5e-60b0-98d7-5fea-1dece2e59b2e" testName="FilterResolveAndIterateNode" computerName="ICSWS068" duration="00:00:01.1012946" startTime="2016-08-04T10:28:47.0732558+02:00" endTime="2016-08-04T10:28:48.1761168+02:00" testType="13cdc9d9-ddb5-4fa4-a97d-d965ccfc6d4b" outcome="Passed" testListId="8c84fa94-04c1-424b-9868-57a2d4851a1d" relativeResultsDirectory="4d8a84cd-ce0c-4dfd-ab38-3d2e0e2d0646">
      <Output>
        <StdOut>TestContext Messages:
 
ID
Name
Created
Modified
Node type
Node type.ID
Node type.Name
Node type.Description
Node type.File class
Node type.System internal
Node type.Modified
Node type.Created
Node type.Categories
Node type.Internet Media Type
Node type.Entity type
Node type version
Node type version.ID
Node type version.Name
Node type version.Description
Node type version.System internal
Node type version.Modified
Node type version.Created
Node type version.Categories
Node type version.Entity type
Partner
Partner.ID
Partner.Name
Partner.Description
Partner.System internal
Partner.Modified
Partner.Created
Partner.Identities
Partner.Attribute Groups._B2B_Edifact Interchange settings.Entity type
Partner.Attribute Groups._B2B_Edifact Interchange settings.UNA Content
Partner.Attribute Groups._B2B_Edifact Interchange settings.UNB Acknowledgement request(CONTRL)
Partner.Attribute Groups._B2B_Edifact Interchange settings.UNB Address
Partner.Attribute Groups._B2B_Edifact Interchange settings.UNB Address Qualifier
Partner.Attribute Groups._B2B_Edifact Interchange settings.UNB Address Routing
Partner.Attribute Groups._B2B_Edifact Interchange settings.UNB Application Reference
Partner.Attribute Groups._B2B_Edifact Interchange settings.UNB Reference Password
Partner.Attribute Groups._B2B_Edifact Interchange settings.UNB Syntax
Partner.Attribute Groups._B2B_Edifact Interchange settings.UNB Syntax version
Partner.Attribute Groups._B2B_Edifact Interchange settings.UNB Test indicator
Partner.Attribute Groups._B2B_Edifact Interchange settings.UNH Association assigned code (0057)__iCPS_Edifact CONTRL
Partner.Attribute Groups._B2B_Edifact Interchange settings.UNH Controlling Agency (0051)__iCPS_Edifact CONTRL
Partner.Attribute Groups._B2B_Edifact Interchange settings.UNH Message type release nbr (0054)__iCPS_Edifact CONTRL
Partner.Attribute Groups._B2B_Edifact Interchange settings.UNH Message type version nbr (0052)__iCPS_Edifact CONTRL
Partner.Attribute Groups.CodedUIPartnerAttributes.Entity type
Partner.Attribute Groups.CodedUIPartnerAttributes.&lt;Other taxes&gt;
Partner.Attribute Groups.CodedUIPartnerAttributes.After Tax_CodedUINodeType
Partner.Attribute Groups.CodedUIPartnerAttributes.Before Tax
Partner.Attribute Groups.CodedUISubEntityPartnerAttributeGroup.Entity type
Partner.Attribute Groups.CodedUISubEntityPartnerAttributeGroup.DeletableCodedPartnerAttributeType
Partner.Attribute Groups.CodedUISubEntityPartnerAttributeGroup.UpdateableCodedPartnerAttributeType
Partner.Attribute Groups.Conctact Information.Entity type
Partner.Attribute Groups.Conctact Information.Address
Partner.Attribute Groups.Conctact Information.City
Partner.Attribute Groups.Conctact Information.Consumption_NT1
Partner.Attribute Groups.Conctact Information.Postal Code
Partner.Attribute Groups.DeletableCodedUIPartnerAttributeGroup.Entity type
Partner.Attribute Groups.DeletableCodedUIPartnerGroupInstance.Entity type
Partner.Attribute Groups.DeletableCodedUIPartnerGroupInstance.test
Partner.Attribute Groups.LocalSystemPartnerGroup.Entity type
Partner.Attribute Groups.LocalSystemPartnerGroup.PartnerAttributeWithDefaultValue
Partner.Attribute Groups.multi delete deletable.Entity type
Partner.Attribute Groups.multi delete skip with deletable.Entity type
Partner.Attribute Groups.multi delete test 1.Entity type
Partner.Attribute Groups.multi delete test 2.Entity type
Partner.Attribute Groups.multi delete with dependency 1.Entity type
Partner.Attribute Groups.multi delete with dependency 1.delete type 1
Partner.Attribute Groups.multi delete with dependency 2.Entity type
Partner.Attribute Groups.multi delete with dependency 2.delete dep attr 2
Partner.Attribute Groups.multi delete with dependency 3.Entity type
Partner.Attribute Groups.multi delete with dependency 3.delete dep attr 3
Partner.Attribute Groups.multi delete yes to all 1.Entity type
Partner.Attribute Groups.multi delete yes to all 1.delete yess to all attr 1
Partner.Attribute Groups.multi delete yes to all 2.Entity type
Partner.Attribute Groups.multi delete yes to all 2.delete yess to all attr 2
Partner.Attribute Groups.Net Income.Entity type
Partner.Attribute Groups.Net Income.After Tax_UsedByPartnerAttributeType
Partner.Attribute Groups.Net Income.Before Tax
Partner.Attribute Groups.single delete warn 1.Entity type
Partner.Attribute Groups.single delete warn 1.Attr1
Partner.Attribute Groups.single delete warn 2.Entity type
Partner.Attribute Groups.single delete warn 2.attr1
Partner.Attribute Groups.SysInt.Entity type
Partner.Attribute Groups.SysInt.A1
Partner.Attribute Groups.SysInt.A2
Partner.Attribute Groups.Type Used By Filter.Entity type
Partner.Attribute Groups.Type Used By Filter.A1
Partner.Attribute Groups.Type Used By Filter.A2
Partner.Attribute Groups.Type With Member Used By Filter.Entity type
Partner.Attribute Groups.Type With Member Used By Filter.A1
Partner.Attribute Groups.Type With Member Used By Filter.A2
Partner.Attribute Groups.UpdateableCodedUIPartnerAttributeGroup.Entity type
Partner.Attribute Groups.UpdateableCodedUIPartnerAttributeGroup.UpdateableCodedUIPartnerAttributeType
Partner.Attribute Groups.UpdateableCodedUIPartnerGroupInstance.Entity type
Partner.Attribute Groups.UpdateableCodedUIPartnerGroupInstance.UpdateableCodedUIPartnerInstance
Partner.Categories
Partner.Entity type
Job.ID
Job.Matched Event configuration
Job.Matched Event configuration.ID
Job.Matched Event configuration.Name
Job.Matched Event configuration.Description
Job.Matched Event configuration.Partner
Job.Matched Event configuration.Partner.ID
Job.Matched Event configuration.Partner.Name
Job.Matched Event configuration.Partner.Description
Job.Matched Event configuration.Partner.System internal
Job.Matched Event configuration.Partner.Modified
Job.Matched Event configuration.Partner.Created
Job.Matched Event configuration.Partner.Identities
Job.Matched Event configuration.Partner.Attribute Groups._B2B_Edifact Interchange settings.Entity type
Job.Matched Event configuration.Partner.Attribute Groups._B2B_Edifact Interchange settings.UNA Content
Job.Matched Event configuration.Partner.Attribute Groups._B2B_Edifact Interchange settings.UNB Acknowledgement request(CONTRL)
Job.Matched Event configuration.Partner.Attribute Groups._B2B_Edifact Interchange settings.UNB Address
Job.Matched Event configuration.Partner.Attribute Groups._B2B_Edifact Interchange settings.UNB Address Qualifier
Job.Matched Event configuration.Partner.Attribute Groups._B2B_Edifact Interchange settings.UNB Address Routing
Job.Matched Event configuration.Partner.Attribute Groups._B2B_Edifact Interchange settings.UNB Application Reference
Job.Matched Event configuration.Partner.Attribute Groups._B2B_Edifact Interchange settings.UNB Reference Password
Job.Matched Event configuration.Partner.Attribute Groups._B2B_Edifact Interchange settings.UNB Syntax
Job.Matched Event configuration.Partner.Attribute Groups._B2B_Edifact Interchange settings.UNB Syntax version
Job.Matched Event configuration.Partner.Attribute Groups._B2B_Edifact Interchange settings.UNB Test indicator
Job.Matched Event configuration.Partner.Attribute Groups._B2B_Edifact Interchange settings.UNH Association assigned code (0057)__iCPS_Edifact CONTRL
Job.Matched Event configuration.Partner.Attribute Groups._B2B_Edifact Interchange settings.UNH Controlling Agency (0051)__iCPS_Edifact CONTRL
Job.Matched Event configuration.Partner.Attribute Groups._B2B_Edifact Interchange settings.UNH Message type release nbr (0054)__iCPS_Edifact CONTRL
Job.Matched Event configuration.Partner.Attribute Groups._B2B_Edifact Interchange settings.UNH Message type version nbr (0052)__iCPS_Edifact CONTRL
Job.Matched Event configuration.Partner.Attribute Groups.CodedUIPartnerAttributes.Entity type
Job.Matched Event configuration.Partner.Attribute Groups.CodedUIPartnerAttributes.&lt;Other taxes&gt;
Job.Matched Event configuration.Partner.Attribute Groups.CodedUIPartnerAttributes.After Tax_CodedUINodeType
Job.Matched Event configuration.Partner.Attribute Groups.CodedUIPartnerAttributes.Before Tax
Job.Matched Event configuration.Partner.Attribute Groups.CodedUISubEntityPartnerAttributeGroup.Entity type
Job.Matched Event configuration.Partner.Attribute Groups.CodedUISubEntityPartnerAttributeGroup.DeletableCodedPartnerAttributeType
Job.Matched Event configuration.Partner.Attribute Groups.CodedUISubEntityPartnerAttributeGroup.UpdateableCodedPartnerAttributeType
Job.Matched Event configuration.Partner.Attribute Groups.Conctact Information.Entity type
Job.Matched Event configuration.Partner.Attribute Groups.Conctact Information.Address
Job.Matched Event configuration.Partner.Attribute Groups.Conctact Information.City
Job.Matched Event configuration.Partner.Attribute Groups.Conctact Information.Consumption_NT1
Job.Matched Event configuration.Partner.Attribute Groups.Conctact Information.Postal Code
Job.Matched Event configuration.Partner.Attribute Groups.DeletableCodedUIPartnerAttributeGroup.Entity type
Job.Matched Event configuration.Partner.Attribute Groups.DeletableCodedUIPartnerGroupInstance.Entity type
Job.Matched Event configuration.Partner.Attribute Groups.DeletableCodedUIPartnerGroupInstance.test
Job.Matched Event configuration.Partner.Attribute Groups.LocalSystemPartnerGroup.Entity type
Job.Matched Event configuration.Partner.Attribute Groups.LocalSystemPartnerGroup.PartnerAttributeWithDefaultValue
Job.Matched Event configuration.Partner.Attribute Groups.multi delete deletable.Entity type
Job.Matched Event configuration.Partner.Attribute Groups.multi delete skip with deletable.Entity type
Job.Matched Event configuration.Partner.Attribute Groups.multi delete test 1.Entity type
Job.Matched Event configuration.Partner.Attribute Groups.multi delete test 2.Entity type
Job.Matched Event configuration.Partner.Attribute Groups.multi delete with dependency 1.Entity type
Job.Matched Event configuration.Partner.Attribute Groups.multi delete with dependency 1.delete type 1
Job.Matched Event configuration.Partner.Attribute Groups.multi delete with dependency 2.Entity type
Job.Matched Event configuration.Partner.Attribute Groups.multi delete with dependency 2.delete dep attr 2
Job.Matched Event configuration.Partner.Attribute Groups.multi delete with dependency 3.Entity type
Job.Matched Event configuration.Partner.Attribute Groups.multi delete with dependency 3.delete dep attr 3
Job.Matched Event configuration.Partner.Attribute Groups.multi delete yes to all 1.Entity type
Job.Matched Event configuration.Partner.Attribute Groups.multi delete yes to all 1.delete yess to all attr 1
Job.Matched Event configuration.Partner.Attribute Groups.multi delete yes to all 2.Entity type
Job.Matched Event configuration.Partner.Attribute Groups.multi delete yes to all 2.delete yess to all attr 2
Job.Matched Event configuration.Partner.Attribute Groups.Net Income.Entity type
Job.Matched Event configuration.Partner.Attribute Groups.Net Income.After Tax_UsedByPartnerAttributeType
Job.Matched Event configuration.Partner.Attribute Groups.Net Income.Before Tax
Job.Matched Event configuration.Partner.Attribute Groups.single delete warn 1.Entity type
Job.Matched Event configuration.Partner.Attribute Groups.single delete warn 1.Attr1
Job.Matched Event configuration.Partner.Attribute Groups.single delete warn 2.Entity type
Job.Matched Event configuration.Partner.Attribute Groups.single delete warn 2.attr1
Job.Matched Event configuration.Partner.Attribute Groups.SysInt.Entity type
Job.Matched Event configuration.Partner.Attribute Groups.SysInt.A1
Job.Matched Event configuration.Partner.Attribute Groups.SysInt.A2
Job.Matched Event configuration.Partner.Attribute Groups.Type Used By Filter.Entity type
Job.Matched Event configuration.Partner.Attribute Groups.Type Used By Filter.A1
Job.Matched Event configuration.Partner.Attribute Groups.Type Used By Filter.A2
Job.Matched Event configuration.Partner.Attribute Groups.Type With Member Used By Filter.Entity type
Job.Matched Event configuration.Partner.Attribute Groups.Type With Member Used By Filter.A1
Job.Matched Event configuration.Partner.Attribute Groups.Type With Member Used By Filter.A2
Job.Matched Event configuration.Partner.Attribute Groups.UpdateableCodedUIPartnerAttributeGroup.Entity type
Job.Matched Event configuration.Partner.Attribute Groups.UpdateableCodedUIPartnerAttributeGroup.UpdateableCodedUIPartnerAttributeType
Job.Matched Event configuration.Partner.Attribute Groups.UpdateableCodedUIPartnerGroupInstance.Entity type
Job.Matched Event configuration.Partner.Attribute Groups.UpdateableCodedUIPartnerGroupInstance.UpdateableCodedUIPartnerInstance
Job.Matched Event configuration.Partner.Categories
Job.Matched Event configuration.Partner.Entity type
Job.Matched Event configuration.Node type
Job.Matched Event configuration.Node type.ID
Job.Matched Event configuration.Node type.Name
Job.Matched Event configuration.Node type.Description
Job.Matched Event configuration.Node type.File class
Job.Matched Event configuration.Node type.System internal
Job.Matched Event configuration.Node type.Modified
Job.Matched Event configuration.Node type.Created
Job.Matched Event configuration.Node type.Categories
Job.Matched Event configuration.Node type.Internet Media Type
Job.Matched Event configuration.Node type.Entity type
Job.Matched Event configuration.Node type version
Job.Matched Event configuration.Node type version.ID
Job.Matched Event configuration.Node type version.Name
Job.Matched Event configuration.Node type version.Description
Job.Matched Event configuration.Node type version.System internal
Job.Matched Event configuration.Node type version.Modified
Job.Matched Event configuration.Node type version.Created
Job.Matched Event configuration.Node type version.Categories
Job.Matched Event configuration.Node type version.Entity type
Job.Matched Event configuration.Execute
Job.Matched Event configuration.Execute.ID
Job.Matched Event configuration.Execute.Name
Job.Matched Event configuration.Execute.Description
Job.Matched Event configuration.Execute.Init parameters
Job.Matched Event configuration.Execute.Modified
Job.Matched Event configuration.Execute.Created
Job.Matched Event configuration.Execute.Always run in new process
Job.Matched Event configuration.Execute.Categories
Job.Matched Event configuration.Execute.Application pool (Primary)
Job.Matched Event configuration.Execute.Application pool (Secondary)
Job.Matched Event configuration.Execute.Lifetime
Job.Matched Event configuration.Execute.Max concurrent
Job.Matched Event configuration.Execute.Max restart attempts
Job.Matched Event configuration.Execute.Restart delay time
Job.Matched Event configuration.Execute.System internal
Job.Matched Event configuration.Execute.Definition name
Job.Matched Event configuration.Execute.Definition type
Job.Matched Event configuration.Execute.Definition caching time
Job.Matched Event configuration.Execute.Express lookup ID
Job.Matched Event configuration.Execute.Entity type
Job.Matched Event configuration.Run parameters
Job.Matched Event configuration.System internal
Job.Matched Event configuration.Status
Job.Matched Event configuration.Modified
Job.Matched Event configuration.Created
Job.Matched Event configuration.Event type
Job.Matched Event configuration.Event type.ID
Job.Matched Event configuration.Event type.Name
Job.Matched Event configuration.Event type.Description
Job.Matched Event configuration.Event type.Selection rule
Job.Matched Event configuration.Event type.Error if no match
Job.Matched Event configuration.Event type.System internal
Job.Matched Event configuration.Event type.Modified
Job.Matched Event configuration.Event type.Created
Job.Matched Event configuration.Event type.Categories
Job.Matched Event configuration.Event type.Entity type
Job.Matched Event configuration.Categories
Job.Matched Event configuration.Entity type
Job.Parent Event
Job.Parent Event.ID
Job.Parent Event.Created
Job.Parent Event.Event source
Job.Parent Event.Event type
Job.Parent Event.Event type.ID
Job.Parent Event.Event type.Name
Job.Parent Event.Event type.Description
Job.Parent Event.Event type.Selection rule
Job.Parent Event.Event type.Error if no match
Job.Parent Event.Event type.System internal
Job.Parent Event.Event type.Modified
Job.Parent Event.Event type.Created
Job.Parent Event.Event type.Categories
Job.Parent Event.Event type.Entity type
Job.Parent Event.Match status
Job.Parent Event.Priority
Job.Parent Event.State
Job.Parent Event.Reason
Job.Parent Event.Completed
Job.Parent Event.Delayed until
Job.Parent Event.Bookmark
Job.Parent Event.User.Name
Job.Parent Event.User.Description
Job.Parent Event.User.User group
Job.Parent Event.User.User group.Group name
Job.Parent Event.User.User group.Description
Job.Parent Event.User.User group.System internal
Job.Parent Event.User.User group.Entity type
Job.Parent Event.User.Created
Job.Parent Event.User.Modified
Job.Parent Event.User.Restricted operations
Job.Parent Event.User.Entity type
Job.Parent Event.Arguments
Job.Parent Event.Entity type
Job.Component definition
Job.Component definition type
Job.Component configuration
Job.Component configuration.ID
Job.Component configuration.Name
Job.Component configuration.Description
Job.Component configuration.Init parameters
Job.Component configuration.Modified
Job.Component configuration.Created
Job.Component configuration.Always run in new process
Job.Component configuration.Categories
Job.Component configuration.Application pool (Primary)
Job.Component configuration.Application pool (Secondary)
Job.Component configuration.Lifetime
Job.Component configuration.Max concurrent
Job.Component configuration.Max restart attempts
Job.Component configuration.Restart delay time
Job.Component configuration.System internal
Job.Component configuration.Definition name
Job.Component configuration.Definition type
Job.Component configuration.Definition caching time
Job.Component configuration.Express lookup ID
Job.Component configuration.Entity type
Job.Application pool
Job.Application pool.ID
Job.Application pool.Name
Job.Application pool.Description
Job.Application pool.Created
Job.Application pool.Modified
Job.Application pool.System internal
Job.Application pool.Categories
Job.Application pool.Entity type
Job.Server
Job.Server.Server ID
Job.Server.Name
Job.Server.Description
Job.Server.Machine ID
Job.Server.User
Job.Server.User.Name
Job.Server.User.Description
Job.Server.User.User group
Job.Server.User.User group.Group name
Job.Server.User.User group.Description
Job.Server.User.User group.System internal
Job.Server.User.User group.Entity type
Job.Server.User.Created
Job.Server.User.Modified
Job.Server.User.Restricted operations
Job.Server.User.Entity type
Job.Server.Enabled
Job.Server.Event generator priority
Job.Server.Event listener priority
Job.Server.Event processor priority
Job.Server.Job manager priority
Job.Server.Component cache directory
Job.Server.Created
Job.Server.Modified
Job.Server.IP address
Job.Server.Port
Job.Server.Entity type
Job.Created
Job.Started
Job.Finished
Job.State
Job.Reason
Job.Priority
Job.Job type
Job.Start count
Job.Restart disabled
Job.Arguments
Job.Lifetime
Job.WasStarted
Job.Entity type
Attributes._B2B_Flow
Attributes._iCPS_Posten Ftp Com Status
Attributes.CodedUINodeAttributes
Attributes.Cost
Attributes.DeletableCodedUINodeAttribute
Attributes.LocalSystemNodeAttribute
Attributes.LocalSystemNodeAttributeNonUsed
Attributes.Sender Age
Attributes.Sender Name
Attributes.Short Name
Attributes.Unused One
Attributes.UpdateableCodedUINodeAttribute
Attributes.Used by filter
Attributes.Used by Node Filter
Retain
Entity type
Is associated</StdOut>
      </Output>
    </UnitTestResult>
    <UnitTestResult executionId="187ec9f4-3b01-4948-98c2-1d3ec4cf5d43" testId="08757410-1140-3f72-8d1c-4edb91feeb90" testName="FilterResolveAndIterateLogEntry" computerName="ICSWS068" duration="00:00:01.5921438" startTime="2016-08-04T10:28:48.1791185+02:00" endTime="2016-08-04T10:28:49.7731905+02:00" testType="13cdc9d9-ddb5-4fa4-a97d-d965ccfc6d4b" outcome="Passed" testListId="8c84fa94-04c1-424b-9868-57a2d4851a1d" relativeResultsDirectory="187ec9f4-3b01-4948-98c2-1d3ec4cf5d43">
      <Output>
        <StdOut>TestContext Messages:
 
Created
Message
User
User.Name
User.Description
User.User group
User.User group.Group name
User.User group.Description
User.User group.System internal
User.User group.Entity type
User.Created
User.Modified
User.Restricted operations
User.Entity type
Node
Node.ID
Node.Name
Node.Created
Node.Modified
Node.Node type
Node.Node type.ID
Node.Node type.Name
Node.Node type.Description
Node.Node type.File class
Node.Node type.System internal
Node.Node type.Modified
Node.Node type.Created
Node.Node type.Categories
Node.Node type.Internet Media Type
Node.Node type.Entity type
Node.Node type version
Node.Node type version.ID
Node.Node type version.Name
Node.Node type version.Description
Node.Node type version.System internal
Node.Node type version.Modified
Node.Node type version.Created
Node.Node type version.Categories
Node.Node type version.Entity type
Node.Partner
Node.Partner.ID
Node.Partner.Name
Node.Partner.Description
Node.Partner.System internal
Node.Partner.Modified
Node.Partner.Created
Node.Partner.Identities
Node.Partner.Attribute Groups._B2B_Edifact Interchange settings.Entity type
Node.Partner.Attribute Groups._B2B_Edifact Interchange settings.UNA Content
Node.Partner.Attribute Groups._B2B_Edifact Interchange settings.UNB Acknowledgement request(CONTRL)
Node.Partner.Attribute Groups._B2B_Edifact Interchange settings.UNB Address
Node.Partner.Attribute Groups._B2B_Edifact Interchange settings.UNB Address Qualifier
Node.Partner.Attribute Groups._B2B_Edifact Interchange settings.UNB Address Routing
Node.Partner.Attribute Groups._B2B_Edifact Interchange settings.UNB Application Reference
Node.Partner.Attribute Groups._B2B_Edifact Interchange settings.UNB Reference Password
Node.Partner.Attribute Groups._B2B_Edifact Interchange settings.UNB Syntax
Node.Partner.Attribute Groups._B2B_Edifact Interchange settings.UNB Syntax version
Node.Partner.Attribute Groups._B2B_Edifact Interchange settings.UNB Test indicator
Node.Partner.Attribute Groups._B2B_Edifact Interchange settings.UNH Association assigned code (0057)__iCPS_Edifact CONTRL
Node.Partner.Attribute Groups._B2B_Edifact Interchange settings.UNH Controlling Agency (0051)__iCPS_Edifact CONTRL
Node.Partner.Attribute Groups._B2B_Edifact Interchange settings.UNH Message type release nbr (0054)__iCPS_Edifact CONTRL
Node.Partner.Attribute Groups._B2B_Edifact Interchange settings.UNH Message type version nbr (0052)__iCPS_Edifact CONTRL
Node.Partner.Attribute Groups.CodedUIPartnerAttributes.Entity type
Node.Partner.Attribute Groups.CodedUIPartnerAttributes.&lt;Other taxes&gt;
Node.Partner.Attribute Groups.CodedUIPartnerAttributes.After Tax_CodedUINodeType
Node.Partner.Attribute Groups.CodedUIPartnerAttributes.Before Tax
Node.Partner.Attribute Groups.CodedUISubEntityPartnerAttributeGroup.Entity type
Node.Partner.Attribute Groups.CodedUISubEntityPartnerAttributeGroup.DeletableCodedPartnerAttributeType
Node.Partner.Attribute Groups.CodedUISubEntityPartnerAttributeGroup.UpdateableCodedPartnerAttributeType
Node.Partner.Attribute Groups.Conctact Information.Entity type
Node.Partner.Attribute Groups.Conctact Information.Address
Node.Partner.Attribute Groups.Conctact Information.City
Node.Partner.Attribute Groups.Conctact Information.Consumption_NT1
Node.Partner.Attribute Groups.Conctact Information.Postal Code
Node.Partner.Attribute Groups.DeletableCodedUIPartnerAttributeGroup.Entity type
Node.Partner.Attribute Groups.DeletableCodedUIPartnerGroupInstance.Entity type
Node.Partner.Attribute Groups.DeletableCodedUIPartnerGroupInstance.test
Node.Partner.Attribute Groups.LocalSystemPartnerGroup.Entity type
Node.Partner.Attribute Groups.LocalSystemPartnerGroup.PartnerAttributeWithDefaultValue
Node.Partner.Attribute Groups.multi delete deletable.Entity type
Node.Partner.Attribute Groups.multi delete skip with deletable.Entity type
Node.Partner.Attribute Groups.multi delete test 1.Entity type
Node.Partner.Attribute Groups.multi delete test 2.Entity type
Node.Partner.Attribute Groups.multi delete with dependency 1.Entity type
Node.Partner.Attribute Groups.multi delete with dependency 1.delete type 1
Node.Partner.Attribute Groups.multi delete with dependency 2.Entity type
Node.Partner.Attribute Groups.multi delete with dependency 2.delete dep attr 2
Node.Partner.Attribute Groups.multi delete with dependency 3.Entity type
Node.Partner.Attribute Groups.multi delete with dependency 3.delete dep attr 3
Node.Partner.Attribute Groups.multi delete yes to all 1.Entity type
Node.Partner.Attribute Groups.multi delete yes to all 1.delete yess to all attr 1
Node.Partner.Attribute Groups.multi delete yes to all 2.Entity type
Node.Partner.Attribute Groups.multi delete yes to all 2.delete yess to all attr 2
Node.Partner.Attribute Groups.Net Income.Entity type
Node.Partner.Attribute Groups.Net Income.After Tax_UsedByPartnerAttributeType
Node.Partner.Attribute Groups.Net Income.Before Tax
Node.Partner.Attribute Groups.single delete warn 1.Entity type
Node.Partner.Attribute Groups.single delete warn 1.Attr1
Node.Partner.Attribute Groups.single delete warn 2.Entity type
Node.Partner.Attribute Groups.single delete warn 2.attr1
Node.Partner.Attribute Groups.SysInt.Entity type
Node.Partner.Attribute Groups.SysInt.A1
Node.Partner.Attribute Groups.SysInt.A2
Node.Partner.Attribute Groups.Type Used By Filter.Entity type
Node.Partner.Attribute Groups.Type Used By Filter.A1
Node.Partner.Attribute Groups.Type Used By Filter.A2
Node.Partner.Attribute Groups.Type With Member Used By Filter.Entity type
Node.Partner.Attribute Groups.Type With Member Used By Filter.A1
Node.Partner.Attribute Groups.Type With Member Used By Filter.A2
Node.Partner.Attribute Groups.UpdateableCodedUIPartnerAttributeGroup.Entity type
Node.Partner.Attribute Groups.UpdateableCodedUIPartnerAttributeGroup.UpdateableCodedUIPartnerAttributeType
Node.Partner.Attribute Groups.UpdateableCodedUIPartnerGroupInstance.Entity type
Node.Partner.Attribute Groups.UpdateableCodedUIPartnerGroupInstance.UpdateableCodedUIPartnerInstance
Node.Partner.Categories
Node.Partner.Entity type
Node.Job.ID
Node.Job.Matched Event configuration
Node.Job.Matched Event configuration.ID
Node.Job.Matched Event configuration.Name
Node.Job.Matched Event configuration.Description
Node.Job.Matched Event configuration.Partner
Node.Job.Matched Event configuration.Partner.ID
Node.Job.Matched Event configuration.Partner.Name
Node.Job.Matched Event configuration.Partner.Description
Node.Job.Matched Event configuration.Partner.System internal
Node.Job.Matched Event configuration.Partner.Modified
Node.Job.Matched Event configuration.Partner.Created
Node.Job.Matched Event configuration.Partner.Identities
Node.Job.Matched Event configuration.Partner.Attribute Groups._B2B_Edifact Interchange settings.Entity type
Node.Job.Matched Event configuration.Partner.Attribute Groups._B2B_Edifact Interchange settings.UNA Content
Node.Job.Matched Event configuration.Partner.Attribute Groups._B2B_Edifact Interchange settings.UNB Acknowledgement request(CONTRL)
Node.Job.Matched Event configuration.Partner.Attribute Groups._B2B_Edifact Interchange settings.UNB Address
Node.Job.Matched Event configuration.Partner.Attribute Groups._B2B_Edifact Interchange settings.UNB Address Qualifier
Node.Job.Matched Event configuration.Partner.Attribute Groups._B2B_Edifact Interchange settings.UNB Address Routing
Node.Job.Matched Event configuration.Partner.Attribute Groups._B2B_Edifact Interchange settings.UNB Application Reference
Node.Job.Matched Event configuration.Partner.Attribute Groups._B2B_Edifact Interchange settings.UNB Reference Password
Node.Job.Matched Event configuration.Partner.Attribute Groups._B2B_Edifact Interchange settings.UNB Syntax
Node.Job.Matched Event configuration.Partner.Attribute Groups._B2B_Edifact Interchange settings.UNB Syntax version
Node.Job.Matched Event configuration.Partner.Attribute Groups._B2B_Edifact Interchange settings.UNB Test indicator
Node.Job.Matched Event configuration.Partner.Attribute Groups._B2B_Edifact Interchange settings.UNH Association assigned code (0057)__iCPS_Edifact CONTRL
Node.Job.Matched Event configuration.Partner.Attribute Groups._B2B_Edifact Interchange settings.UNH Controlling Agency (0051)__iCPS_Edifact CONTRL
Node.Job.Matched Event configuration.Partner.Attribute Groups._B2B_Edifact Interchange settings.UNH Message type release nbr (0054)__iCPS_Edifact CONTRL
Node.Job.Matched Event configuration.Partner.Attribute Groups._B2B_Edifact Interchange settings.UNH Message type version nbr (0052)__iCPS_Edifact CONTRL
Node.Job.Matched Event configuration.Partner.Attribute Groups.CodedUIPartnerAttributes.Entity type
Node.Job.Matched Event configuration.Partner.Attribute Groups.CodedUIPartnerAttributes.&lt;Other taxes&gt;
Node.Job.Matched Event configuration.Partner.Attribute Groups.CodedUIPartnerAttributes.After Tax_CodedUINodeType
Node.Job.Matched Event configuration.Partner.Attribute Groups.CodedUIPartnerAttributes.Before Tax
Node.Job.Matched Event configuration.Partner.Attribute Groups.CodedUISubEntityPartnerAttributeGroup.Entity type
Node.Job.Matched Event configuration.Partner.Attribute Groups.CodedUISubEntityPartnerAttributeGroup.DeletableCodedPartnerAttributeType
Node.Job.Matched Event configuration.Partner.Attribute Groups.CodedUISubEntityPartnerAttributeGroup.UpdateableCodedPartnerAttributeType
Node.Job.Matched Event configuration.Partner.Attribute Groups.Conctact Information.Entity type
Node.Job.Matched Event configuration.Partner.Attribute Groups.Conctact Information.Address
Node.Job.Matched Event configuration.Partner.Attribute Groups.Conctact Information.City
Node.Job.Matched Event configuration.Partner.Attribute Groups.Conctact Information.Consumption_NT1
Node.Job.Matched Event configuration.Partner.Attribute Groups.Conctact Information.Postal Code
Node.Job.Matched Event configuration.Partner.Attribute Groups.DeletableCodedUIPartnerAttributeGroup.Entity type
Node.Job.Matched Event configuration.Partner.Attribute Groups.DeletableCodedUIPartnerGroupInstance.Entity type
Node.Job.Matched Event configuration.Partner.Attribute Groups.DeletableCodedUIPartnerGroupInstance.test
Node.Job.Matched Event configuration.Partner.Attribute Groups.LocalSystemPartnerGroup.Entity type
Node.Job.Matched Event configuration.Partner.Attribute Groups.LocalSystemPartnerGroup.PartnerAttributeWithDefaultValue
Node.Job.Matched Event configuration.Partner.Attribute Groups.multi delete deletable.Entity type
Node.Job.Matched Event configuration.Partner.Attribute Groups.multi delete skip with deletable.Entity type
Node.Job.Matched Event configuration.Partner.Attribute Groups.multi delete test 1.Entity type
Node.Job.Matched Event configuration.Partner.Attribute Groups.multi delete test 2.Entity type
Node.Job.Matched Event configuration.Partner.Attribute Groups.multi delete with dependency 1.Entity type
Node.Job.Matched Event configuration.Partner.Attribute Groups.multi delete with dependency 1.delete type 1
Node.Job.Matched Event configuration.Partner.Attribute Groups.multi delete with dependency 2.Entity type
Node.Job.Matched Event configuration.Partner.Attribute Groups.multi delete with dependency 2.delete dep attr 2
Node.Job.Matched Event configuration.Partner.Attribute Groups.multi delete with dependency 3.Entity type
Node.Job.Matched Event configuration.Partner.Attribute Groups.multi delete with dependency 3.delete dep attr 3
Node.Job.Matched Event configuration.Partner.Attribute Groups.multi delete yes to all 1.Entity type
Node.Job.Matched Event configuration.Partner.Attribute Groups.multi delete yes to all 1.delete yess to all attr 1
Node.Job.Matched Event configuration.Partner.Attribute Groups.multi delete yes to all 2.Entity type
Node.Job.Matched Event configuration.Partner.Attribute Groups.multi delete yes to all 2.delete yess to all attr 2
Node.Job.Matched Event configuration.Partner.Attribute Groups.Net Income.Entity type
Node.Job.Matched Event configuration.Partner.Attribute Groups.Net Income.After Tax_UsedByPartnerAttributeType
Node.Job.Matched Event configuration.Partner.Attribute Groups.Net Income.Before Tax
Node.Job.Matched Event configuration.Partner.Attribute Groups.single delete warn 1.Entity type
Node.Job.Matched Event configuration.Partner.Attribute Groups.single delete warn 1.Attr1
Node.Job.Matched Event configuration.Partner.Attribute Groups.single delete warn 2.Entity type
Node.Job.Matched Event configuration.Partner.Attribute Groups.single delete warn 2.attr1
Node.Job.Matched Event configuration.Partner.Attribute Groups.SysInt.Entity type
Node.Job.Matched Event configuration.Partner.Attribute Groups.SysInt.A1
Node.Job.Matched Event configuration.Partner.Attribute Groups.SysInt.A2
Node.Job.Matched Event configuration.Partner.Attribute Groups.Type Used By Filter.Entity type
Node.Job.Matched Event configuration.Partner.Attribute Groups.Type Used By Filter.A1
Node.Job.Matched Event configuration.Partner.Attribute Groups.Type Used By Filter.A2
Node.Job.Matched Event configuration.Partner.Attribute Groups.Type With Member Used By Filter.Entity type
Node.Job.Matched Event configuration.Partner.Attribute Groups.Type With Member Used By Filter.A1
Node.Job.Matched Event configuration.Partner.Attribute Groups.Type With Member Used By Filter.A2
Node.Job.Matched Event configuration.Partner.Attribute Groups.UpdateableCodedUIPartnerAttributeGroup.Entity type
Node.Job.Matched Event configuration.Partner.Attribute Groups.UpdateableCodedUIPartnerAttributeGroup.UpdateableCodedUIPartnerAttributeType
Node.Job.Matched Event configuration.Partner.Attribute Groups.UpdateableCodedUIPartnerGroupInstance.Entity type
Node.Job.Matched Event configuration.Partner.Attribute Groups.UpdateableCodedUIPartnerGroupInstance.UpdateableCodedUIPartnerInstance
Node.Job.Matched Event configuration.Partner.Categories
Node.Job.Matched Event configuration.Partner.Entity type
Node.Job.Matched Event configuration.Node type
Node.Job.Matched Event configuration.Node type.ID
Node.Job.Matched Event configuration.Node type.Name
Node.Job.Matched Event configuration.Node type.Description
Node.Job.Matched Event configuration.Node type.File class
Node.Job.Matched Event configuration.Node type.System internal
Node.Job.Matched Event configuration.Node type.Modified
Node.Job.Matched Event configuration.Node type.Created
Node.Job.Matched Event configuration.Node type.Categories
Node.Job.Matched Event configuration.Node type.Internet Media Type
Node.Job.Matched Event configuration.Node type.Entity type
Node.Job.Matched Event configuration.Node type version
Node.Job.Matched Event configuration.Node type version.ID
Node.Job.Matched Event configuration.Node type version.Name
Node.Job.Matched Event configuration.Node type version.Description
Node.Job.Matched Event configuration.Node type version.System internal
Node.Job.Matched Event configuration.Node type version.Modified
Node.Job.Matched Event configuration.Node type version.Created
Node.Job.Matched Event configuration.Node type version.Categories
Node.Job.Matched Event configuration.Node type version.Entity type
Node.Job.Matched Event configuration.Execute
Node.Job.Matched Event configuration.Execute.ID
Node.Job.Matched Event configuration.Execute.Name
Node.Job.Matched Event configuration.Execute.Description
Node.Job.Matched Event configuration.Execute.Init parameters
Node.Job.Matched Event configuration.Execute.Modified
Node.Job.Matched Event configuration.Execute.Created
Node.Job.Matched Event configuration.Execute.Always run in new process
Node.Job.Matched Event configuration.Execute.Categories
Node.Job.Matched Event configuration.Execute.Application pool (Primary)
Node.Job.Matched Event configuration.Execute.Application pool (Secondary)
Node.Job.Matched Event configuration.Execute.Lifetime
Node.Job.Matched Event configuration.Execute.Max concurrent
Node.Job.Matched Event configuration.Execute.Max restart attempts
Node.Job.Matched Event configuration.Execute.Restart delay time
Node.Job.Matched Event configuration.Execute.System internal
Node.Job.Matched Event configuration.Execute.Definition name
Node.Job.Matched Event configuration.Execute.Definition type
Node.Job.Matched Event configuration.Execute.Definition caching time
Node.Job.Matched Event configuration.Execute.Express lookup ID
Node.Job.Matched Event configuration.Execute.Entity type
Node.Job.Matched Event configuration.Run parameters
Node.Job.Matched Event configuration.System internal
Node.Job.Matched Event configuration.Status
Node.Job.Matched Event configuration.Modified
Node.Job.Matched Event configuration.Created
Node.Job.Matched Event configuration.Event type
Node.Job.Matched Event configuration.Event type.ID
Node.Job.Matched Event configuration.Event type.Name
Node.Job.Matched Event configuration.Event type.Description
Node.Job.Matched Event configuration.Event type.Selection rule
Node.Job.Matched Event configuration.Event type.Error if no match
Node.Job.Matched Event configuration.Event type.System internal
Node.Job.Matched Event configuration.Event type.Modified
Node.Job.Matched Event configuration.Event type.Created
Node.Job.Matched Event configuration.Event type.Categories
Node.Job.Matched Event configuration.Event type.Entity type
Node.Job.Matched Event configuration.Categories
Node.Job.Matched Event configuration.Entity type
Node.Job.Parent Event
Node.Job.Parent Event.ID
Node.Job.Parent Event.Created
Node.Job.Parent Event.Event source
Node.Job.Parent Event.Event type
Node.Job.Parent Event.Event type.ID
Node.Job.Parent Event.Event type.Name
Node.Job.Parent Event.Event type.Description
Node.Job.Parent Event.Event type.Selection rule
Node.Job.Parent Event.Event type.Error if no match
Node.Job.Parent Event.Event type.System internal
Node.Job.Parent Event.Event type.Modified
Node.Job.Parent Event.Event type.Created
Node.Job.Parent Event.Event type.Categories
Node.Job.Parent Event.Event type.Entity type
Node.Job.Parent Event.Match status
Node.Job.Parent Event.Priority
Node.Job.Parent Event.State
Node.Job.Parent Event.Reason
Node.Job.Parent Event.Completed
Node.Job.Parent Event.Delayed until
Node.Job.Parent Event.Bookmark
Node.Job.Parent Event.User.Name
Node.Job.Parent Event.User.Description
Node.Job.Parent Event.User.User group
Node.Job.Parent Event.User.User group.Group name
Node.Job.Parent Event.User.User group.Description
Node.Job.Parent Event.User.User group.System internal
Node.Job.Parent Event.User.User group.Entity type
Node.Job.Parent Event.User.Created
Node.Job.Parent Event.User.Modified
Node.Job.Parent Event.User.Restricted operations
Node.Job.Parent Event.User.Entity type
Node.Job.Parent Event.Arguments
Node.Job.Parent Event.Entity type
Node.Job.Component definition
Node.Job.Component definition type
Node.Job.Component configuration
Node.Job.Component configuration.ID
Node.Job.Component configuration.Name
Node.Job.Component configuration.Description
Node.Job.Component configuration.Init parameters
Node.Job.Component configuration.Modified
Node.Job.Component configuration.Created
Node.Job.Component configuration.Always run in new process
Node.Job.Component configuration.Categories
Node.Job.Component configuration.Application pool (Primary)
Node.Job.Component configuration.Application pool (Secondary)
Node.Job.Component configuration.Lifetime
Node.Job.Component configuration.Max concurrent
Node.Job.Component configuration.Max restart attempts
Node.Job.Component configuration.Restart delay time
Node.Job.Component configuration.System internal
Node.Job.Component configuration.Definition name
Node.Job.Component configuration.Definition type
Node.Job.Component configuration.Definition caching time
Node.Job.Component configuration.Express lookup ID
Node.Job.Component configuration.Entity type
Node.Job.Application pool
Node.Job.Application pool.ID
Node.Job.Application pool.Name
Node.Job.Application pool.Description
Node.Job.Application pool.Created
Node.Job.Application pool.Modified
Node.Job.Application pool.System internal
Node.Job.Application pool.Categories
Node.Job.Application pool.Entity type
Node.Job.Server
Node.Job.Server.Server ID
Node.Job.Server.Name
Node.Job.Server.Description
Node.Job.Server.Machine ID
Node.Job.Server.User
Node.Job.Server.User.Name
Node.Job.Server.User.Description
Node.Job.Server.User.User group
Node.Job.Server.User.User group.Group name
Node.Job.Server.User.User group.Description
Node.Job.Server.User.User group.System internal
Node.Job.Server.User.User group.Entity type
Node.Job.Server.User.Created
Node.Job.Server.User.Modified
Node.Job.Server.User.Restricted operations
Node.Job.Server.User.Entity type
Node.Job.Server.Enabled
Node.Job.Server.Event generator priority
Node.Job.Server.Event listener priority
Node.Job.Server.Event processor priority
Node.Job.Server.Job manager priority
Node.Job.Server.Component cache directory
Node.Job.Server.Created
Node.Job.Server.Modified
Node.Job.Server.IP address
Node.Job.Server.Port
Node.Job.Server.Entity type
Node.Job.Created
Node.Job.Started
Node.Job.Finished
Node.Job.State
Node.Job.Reason
Node.Job.Priority
Node.Job.Job type
Node.Job.Start count
Node.Job.Restart disabled
Node.Job.Arguments
Node.Job.Lifetime
Node.Job.WasStarted
Node.Job.Entity type
Node.Attributes._B2B_Flow
Node.Attributes._iCPS_Posten Ftp Com Status
Node.Attributes.CodedUINodeAttributes
Node.Attributes.Cost
Node.Attributes.DeletableCodedUINodeAttribute
Node.Attributes.LocalSystemNodeAttribute
Node.Attributes.LocalSystemNodeAttributeNonUsed
Node.Attributes.Sender Age
Node.Attributes.Sender Name
Node.Attributes.Short Name
Node.Attributes.Unused One
Node.Attributes.UpdateableCodedUINodeAttribute
Node.Attributes.Used by filter
Node.Attributes.Used by Node Filter
Node.Retain
Node.Entity type
Node.Is associated
Job.ID
Job.Matched Event configuration
Job.Matched Event configuration.ID
Job.Matched Event configuration.Name
Job.Matched Event configuration.Description
Job.Matched Event configuration.Partner
Job.Matched Event configuration.Partner.ID
Job.Matched Event configuration.Partner.Name
Job.Matched Event configuration.Partner.Description
Job.Matched Event configuration.Partner.System internal
Job.Matched Event configuration.Partner.Modified
Job.Matched Event configuration.Partner.Created
Job.Matched Event configuration.Partner.Identities
Job.Matched Event configuration.Partner.Attribute Groups._B2B_Edifact Interchange settings.Entity type
Job.Matched Event configuration.Partner.Attribute Groups._B2B_Edifact Interchange settings.UNA Content
Job.Matched Event configuration.Partner.Attribute Groups._B2B_Edifact Interchange settings.UNB Acknowledgement request(CONTRL)
Job.Matched Event configuration.Partner.Attribute Groups._B2B_Edifact Interchange settings.UNB Address
Job.Matched Event configuration.Partner.Attribute Groups._B2B_Edifact Interchange settings.UNB Address Qualifier
Job.Matched Event configuration.Partner.Attribute Groups._B2B_Edifact Interchange settings.UNB Address Routing
Job.Matched Event configuration.Partner.Attribute Groups._B2B_Edifact Interchange settings.UNB Application Reference
Job.Matched Event configuration.Partner.Attribute Groups._B2B_Edifact Interchange settings.UNB Reference Password
Job.Matched Event configuration.Partner.Attribute Groups._B2B_Edifact Interchange settings.UNB Syntax
Job.Matched Event configuration.Partner.Attribute Groups._B2B_Edifact Interchange settings.UNB Syntax version
Job.Matched Event configuration.Partner.Attribute Groups._B2B_Edifact Interchange settings.UNB Test indicator
Job.Matched Event configuration.Partner.Attribute Groups._B2B_Edifact Interchange settings.UNH Association assigned code (0057)__iCPS_Edifact CONTRL
Job.Matched Event configuration.Partner.Attribute Groups._B2B_Edifact Interchange settings.UNH Controlling Agency (0051)__iCPS_Edifact CONTRL
Job.Matched Event configuration.Partner.Attribute Groups._B2B_Edifact Interchange settings.UNH Message type release nbr (0054)__iCPS_Edifact CONTRL
Job.Matched Event configuration.Partner.Attribute Groups._B2B_Edifact Interchange settings.UNH Message type version nbr (0052)__iCPS_Edifact CONTRL
Job.Matched Event configuration.Partner.Attribute Groups.CodedUIPartnerAttributes.Entity type
Job.Matched Event configuration.Partner.Attribute Groups.CodedUIPartnerAttributes.&lt;Other taxes&gt;
Job.Matched Event configuration.Partner.Attribute Groups.CodedUIPartnerAttributes.After Tax_CodedUINodeType
Job.Matched Event configuration.Partner.Attribute Groups.CodedUIPartnerAttributes.Before Tax
Job.Matched Event configuration.Partner.Attribute Groups.CodedUISubEntityPartnerAttributeGroup.Entity type
Job.Matched Event configuration.Partner.Attribute Groups.CodedUISubEntityPartnerAttributeGroup.DeletableCodedPartnerAttributeType
Job.Matched Event configuration.Partner.Attribute Groups.CodedUISubEntityPartnerAttributeGroup.UpdateableCodedPartnerAttributeType
Job.Matched Event configuration.Partner.Attribute Groups.Conctact Information.Entity type
Job.Matched Event configuration.Partner.Attribute Groups.Conctact Information.Address
Job.Matched Event configuration.Partner.Attribute Groups.Conctact Information.City
Job.Matched Event configuration.Partner.Attribute Groups.Conctact Information.Consumption_NT1
Job.Matched Event configuration.Partner.Attribute Groups.Conctact Information.Postal Code
Job.Matched Event configuration.Partner.Attribute Groups.DeletableCodedUIPartnerAttributeGroup.Entity type
Job.Matched Event configuration.Partner.Attribute Groups.DeletableCodedUIPartnerGroupInstance.Entity type
Job.Matched Event configuration.Partner.Attribute Groups.DeletableCodedUIPartnerGroupInstance.test
Job.Matched Event configuration.Partner.Attribute Groups.LocalSystemPartnerGroup.Entity type
Job.Matched Event configuration.Partner.Attribute Groups.LocalSystemPartnerGroup.PartnerAttributeWithDefaultValue
Job.Matched Event configuration.Partner.Attribute Groups.multi delete deletable.Entity type
Job.Matched Event configuration.Partner.Attribute Groups.multi delete skip with deletable.Entity type
Job.Matched Event configuration.Partner.Attribute Groups.multi delete test 1.Entity type
Job.Matched Event configuration.Partner.Attribute Groups.multi delete test 2.Entity type
Job.Matched Event configuration.Partner.Attribute Groups.multi delete with dependency 1.Entity type
Job.Matched Event configuration.Partner.Attribute Groups.multi delete with dependency 1.delete type 1
Job.Matched Event configuration.Partner.Attribute Groups.multi delete with dependency 2.Entity type
Job.Matched Event configuration.Partner.Attribute Groups.multi delete with dependency 2.delete dep attr 2
Job.Matched Event configuration.Partner.Attribute Groups.multi delete with dependency 3.Entity type
Job.Matched Event configuration.Partner.Attribute Groups.multi delete with dependency 3.delete dep attr 3
Job.Matched Event configuration.Partner.Attribute Groups.multi delete yes to all 1.Entity type
Job.Matched Event configuration.Partner.Attribute Groups.multi delete yes to all 1.delete yess to all attr 1
Job.Matched Event configuration.Partner.Attribute Groups.multi delete yes to all 2.Entity type
Job.Matched Event configuration.Partner.Attribute Groups.multi delete yes to all 2.delete yess to all attr 2
Job.Matched Event configuration.Partner.Attribute Groups.Net Income.Entity type
Job.Matched Event configuration.Partner.Attribute Groups.Net Income.After Tax_UsedByPartnerAttributeType
Job.Matched Event configuration.Partner.Attribute Groups.Net Income.Before Tax
Job.Matched Event configuration.Partner.Attribute Groups.single delete warn 1.Entity type
Job.Matched Event configuration.Partner.Attribute Groups.single delete warn 1.Attr1
Job.Matched Event configuration.Partner.Attribute Groups.single delete warn 2.Entity type
Job.Matched Event configuration.Partner.Attribute Groups.single delete warn 2.attr1
Job.Matched Event configuration.Partner.Attribute Groups.SysInt.Entity type
Job.Matched Event configuration.Partner.Attribute Groups.SysInt.A1
Job.Matched Event configuration.Partner.Attribute Groups.SysInt.A2
Job.Matched Event configuration.Partner.Attribute Groups.Type Used By Filter.Entity type
Job.Matched Event configuration.Partner.Attribute Groups.Type Used By Filter.A1
Job.Matched Event configuration.Partner.Attribute Groups.Type Used By Filter.A2
Job.Matched Event configuration.Partner.Attribute Groups.Type With Member Used By Filter.Entity type
Job.Matched Event configuration.Partner.Attribute Groups.Type With Member Used By Filter.A1
Job.Matched Event configuration.Partner.Attribute Groups.Type With Member Used By Filter.A2
Job.Matched Event configuration.Partner.Attribute Groups.UpdateableCodedUIPartnerAttributeGroup.Entity type
Job.Matched Event configuration.Partner.Attribute Groups.UpdateableCodedUIPartnerAttributeGroup.UpdateableCodedUIPartnerAttributeType
Job.Matched Event configuration.Partner.Attribute Groups.UpdateableCodedUIPartnerGroupInstance.Entity type
Job.Matched Event configuration.Partner.Attribute Groups.UpdateableCodedUIPartnerGroupInstance.UpdateableCodedUIPartnerInstance
Job.Matched Event configuration.Partner.Categories
Job.Matched Event configuration.Partner.Entity type
Job.Matched Event configuration.Node type
Job.Matched Event configuration.Node type.ID
Job.Matched Event configuration.Node type.Name
Job.Matched Event configuration.Node type.Description
Job.Matched Event configuration.Node type.File class
Job.Matched Event configuration.Node type.System internal
Job.Matched Event configuration.Node type.Modified
Job.Matched Event configuration.Node type.Created
Job.Matched Event configuration.Node type.Categories
Job.Matched Event configuration.Node type.Internet Media Type
Job.Matched Event configuration.Node type.Entity type
Job.Matched Event configuration.Node type version
Job.Matched Event configuration.Node type version.ID
Job.Matched Event configuration.Node type version.Name
Job.Matched Event configuration.Node type version.Description
Job.Matched Event configuration.Node type version.System internal
Job.Matched Event configuration.Node type version.Modified
Job.Matched Event configuration.Node type version.Created
Job.Matched Event configuration.Node type version.Categories
Job.Matched Event configuration.Node type version.Entity type
Job.Matched Event configuration.Execute
Job.Matched Event configuration.Execute.ID
Job.Matched Event configuration.Execute.Name
Job.Matched Event configuration.Execute.Description
Job.Matched Event configuration.Execute.Init parameters
Job.Matched Event configuration.Execute.Modified
Job.Matched Event configuration.Execute.Created
Job.Matched Event configuration.Execute.Always run in new process
Job.Matched Event configuration.Execute.Categories
Job.Matched Event configuration.Execute.Application pool (Primary)
Job.Matched Event configuration.Execute.Application pool (Secondary)
Job.Matched Event configuration.Execute.Lifetime
Job.Matched Event configuration.Execute.Max concurrent
Job.Matched Event configuration.Execute.Max restart attempts
Job.Matched Event configuration.Execute.Restart delay time
Job.Matched Event configuration.Execute.System internal
Job.Matched Event configuration.Execute.Definition name
Job.Matched Event configuration.Execute.Definition type
Job.Matched Event configuration.Execute.Definition caching time
Job.Matched Event configuration.Execute.Express lookup ID
Job.Matched Event configuration.Execute.Entity type
Job.Matched Event configuration.Run parameters
Job.Matched Event configuration.System internal
Job.Matched Event configuration.Status
Job.Matched Event configuration.Modified
Job.Matched Event configuration.Created
Job.Matched Event configuration.Event type
Job.Matched Event configuration.Event type.ID
Job.Matched Event configuration.Event type.Name
Job.Matched Event configuration.Event type.Description
Job.Matched Event configuration.Event type.Selection rule
Job.Matched Event configuration.Event type.Error if no match
Job.Matched Event configuration.Event type.System internal
Job.Matched Event configuration.Event type.Modified
Job.Matched Event configuration.Event type.Created
Job.Matched Event configuration.Event type.Categories
Job.Matched Event configuration.Event type.Entity type
Job.Matched Event configuration.Categories
Job.Matched Event configuration.Entity type
Job.Parent Event
Job.Parent Event.ID
Job.Parent Event.Created
Job.Parent Event.Event source
Job.Parent Event.Event type
Job.Parent Event.Event type.ID
Job.Parent Event.Event type.Name
Job.Parent Event.Event type.Description
Job.Parent Event.Event type.Selection rule
Job.Parent Event.Event type.Error if no match
Job.Parent Event.Event type.System internal
Job.Parent Event.Event type.Modified
Job.Parent Event.Event type.Created
Job.Parent Event.Event type.Categories
Job.Parent Event.Event type.Entity type
Job.Parent Event.Match status
Job.Parent Event.Priority
Job.Parent Event.State
Job.Parent Event.Reason
Job.Parent Event.Completed
Job.Parent Event.Delayed until
Job.Parent Event.Bookmark
Job.Parent Event.User.Name
Job.Parent Event.User.Description
Job.Parent Event.User.User group
Job.Parent Event.User.User group.Group name
Job.Parent Event.User.User group.Description
Job.Parent Event.User.User group.System internal
Job.Parent Event.User.User group.Entity type
Job.Parent Event.User.Created
Job.Parent Event.User.Modified
Job.Parent Event.User.Restricted operations
Job.Parent Event.User.Entity type
Job.Parent Event.Arguments
Job.Parent Event.Entity type
Job.Component definition
Job.Component definition type
Job.Component configuration
Job.Component configuration.ID
Job.Component configuration.Name
Job.Component configuration.Description
Job.Component configuration.Init parameters
Job.Component configuration.Modified
Job.Component configuration.Created
Job.Component configuration.Always run in new process
Job.Component configuration.Categories
Job.Component configuration.Application pool (Primary)
Job.Component configuration.Application pool (Secondary)
Job.Component configuration.Lifetime
Job.Component configuration.Max concurrent
Job.Component configuration.Max restart attempts
Job.Component configuration.Restart delay time
Job.Component configuration.System internal
Job.Component configuration.Definition name
Job.Component configuration.Definition type
Job.Component configuration.Definition caching time
Job.Component configuration.Express lookup ID
Job.Component configuration.Entity type
Job.Application pool
Job.Application pool.ID
Job.Application pool.Name
Job.Application pool.Description
Job.Application pool.Created
Job.Application pool.Modified
Job.Application pool.System internal
Job.Application pool.Categories
Job.Application pool.Entity type
Job.Server
Job.Server.Server ID
Job.Server.Name
Job.Server.Description
Job.Server.Machine ID
Job.Server.User
Job.Server.User.Name
Job.Server.User.Description
Job.Server.User.User group
Job.Server.User.User group.Group name
Job.Server.User.User group.Description
Job.Server.User.User group.System internal
Job.Server.User.User group.Entity type
Job.Server.User.Created
Job.Server.User.Modified
Job.Server.User.Restricted operations
Job.Server.User.Entity type
Job.Server.Enabled
Job.Server.Event generator priority
Job.Server.Event listener priority
Job.Server.Event processor priority
Job.Server.Job manager priority
Job.Server.Component cache directory
Job.Server.Created
Job.Server.Modified
Job.Server.IP address
Job.Server.Port
Job.Server.Entity type
Job.Created
Job.Started
Job.Finished
Job.State
Job.Reason
Job.Priority
Job.Job type
Job.Start count
Job.Restart disabled
Job.Arguments
Job.Lifetime
Job.WasStarted
Job.Entity type
Message type ID
Source
Source Type
Entity type</StdOut>
      </Output>
    </UnitTestResult>
    <UnitTestResult executionId="642795a4-ef5f-4734-8786-8639ced74b0a" testId="7028faae-7920-3f1a-ecf7-66fcb490a7fa" testName="FilterResolveAndIterateEvent" computerName="ICSWS068" duration="00:00:00.7680159" startTime="2016-08-04T10:28:49.7776934+02:00" endTime="2016-08-04T10:28:50.5471521+02:00" testType="13cdc9d9-ddb5-4fa4-a97d-d965ccfc6d4b" outcome="Passed" testListId="8c84fa94-04c1-424b-9868-57a2d4851a1d" relativeResultsDirectory="642795a4-ef5f-4734-8786-8639ced74b0a">
      <Output>
        <StdOut>TestContext Messages:
 
ID
Created
Event source
Event type
Event type.ID
Event type.Name
Event type.Description
Event type.Selection rule
Event type.Error if no match
Event type.System internal
Event type.Modified
Event type.Created
Event type.Categories
Event type.Entity type
Match status
Priority
State
Reason
Parent Job
Parent Job.ID
Parent Job.Matched Event configuration
Parent Job.Matched Event configuration.ID
Parent Job.Matched Event configuration.Name
Parent Job.Matched Event configuration.Description
Parent Job.Matched Event configuration.Partner
Parent Job.Matched Event configuration.Partner.ID
Parent Job.Matched Event configuration.Partner.Name
Parent Job.Matched Event configuration.Partner.Description
Parent Job.Matched Event configuration.Partner.System internal
Parent Job.Matched Event configuration.Partner.Modified
Parent Job.Matched Event configuration.Partner.Created
Parent Job.Matched Event configuration.Partner.Identities
Parent Job.Matched Event configuration.Partner.Attribute Groups._B2B_Edifact Interchange settings.Entity type
Parent Job.Matched Event configuration.Partner.Attribute Groups._B2B_Edifact Interchange settings.UNA Content
Parent Job.Matched Event configuration.Partner.Attribute Groups._B2B_Edifact Interchange settings.UNB Acknowledgement request(CONTRL)
Parent Job.Matched Event configuration.Partner.Attribute Groups._B2B_Edifact Interchange settings.UNB Address
Parent Job.Matched Event configuration.Partner.Attribute Groups._B2B_Edifact Interchange settings.UNB Address Qualifier
Parent Job.Matched Event configuration.Partner.Attribute Groups._B2B_Edifact Interchange settings.UNB Address Routing
Parent Job.Matched Event configuration.Partner.Attribute Groups._B2B_Edifact Interchange settings.UNB Application Reference
Parent Job.Matched Event configuration.Partner.Attribute Groups._B2B_Edifact Interchange settings.UNB Reference Password
Parent Job.Matched Event configuration.Partner.Attribute Groups._B2B_Edifact Interchange settings.UNB Syntax
Parent Job.Matched Event configuration.Partner.Attribute Groups._B2B_Edifact Interchange settings.UNB Syntax version
Parent Job.Matched Event configuration.Partner.Attribute Groups._B2B_Edifact Interchange settings.UNB Test indicator
Parent Job.Matched Event configuration.Partner.Attribute Groups._B2B_Edifact Interchange settings.UNH Association assigned code (0057)__iCPS_Edifact CONTRL
Parent Job.Matched Event configuration.Partner.Attribute Groups._B2B_Edifact Interchange settings.UNH Controlling Agency (0051)__iCPS_Edifact CONTRL
Parent Job.Matched Event configuration.Partner.Attribute Groups._B2B_Edifact Interchange settings.UNH Message type release nbr (0054)__iCPS_Edifact CONTRL
Parent Job.Matched Event configuration.Partner.Attribute Groups._B2B_Edifact Interchange settings.UNH Message type version nbr (0052)__iCPS_Edifact CONTRL
Parent Job.Matched Event configuration.Partner.Attribute Groups.CodedUIPartnerAttributes.Entity type
Parent Job.Matched Event configuration.Partner.Attribute Groups.CodedUIPartnerAttributes.&lt;Other taxes&gt;
Parent Job.Matched Event configuration.Partner.Attribute Groups.CodedUIPartnerAttributes.After Tax_CodedUINodeType
Parent Job.Matched Event configuration.Partner.Attribute Groups.CodedUIPartnerAttributes.Before Tax
Parent Job.Matched Event configuration.Partner.Attribute Groups.CodedUISubEntityPartnerAttributeGroup.Entity type
Parent Job.Matched Event configuration.Partner.Attribute Groups.CodedUISubEntityPartnerAttributeGroup.DeletableCodedPartnerAttributeType
Parent Job.Matched Event configuration.Partner.Attribute Groups.CodedUISubEntityPartnerAttributeGroup.UpdateableCodedPartnerAttributeType
Parent Job.Matched Event configuration.Partner.Attribute Groups.Conctact Information.Entity type
Parent Job.Matched Event configuration.Partner.Attribute Groups.Conctact Information.Address
Parent Job.Matched Event configuration.Partner.Attribute Groups.Conctact Information.City
Parent Job.Matched Event configuration.Partner.Attribute Groups.Conctact Information.Consumption_NT1
Parent Job.Matched Event configuration.Partner.Attribute Groups.Conctact Information.Postal Code
Parent Job.Matched Event configuration.Partner.Attribute Groups.DeletableCodedUIPartnerAttributeGroup.Entity type
Parent Job.Matched Event configuration.Partner.Attribute Groups.DeletableCodedUIPartnerGroupInstance.Entity type
Parent Job.Matched Event configuration.Partner.Attribute Groups.DeletableCodedUIPartnerGroupInstance.test
Parent Job.Matched Event configuration.Partner.Attribute Groups.LocalSystemPartnerGroup.Entity type
Parent Job.Matched Event configuration.Partner.Attribute Groups.LocalSystemPartnerGroup.PartnerAttributeWithDefaultValue
Parent Job.Matched Event configuration.Partner.Attribute Groups.multi delete deletable.Entity type
Parent Job.Matched Event configuration.Partner.Attribute Groups.multi delete skip with deletable.Entity type
Parent Job.Matched Event configuration.Partner.Attribute Groups.multi delete test 1.Entity type
Parent Job.Matched Event configuration.Partner.Attribute Groups.multi delete test 2.Entity type
Parent Job.Matched Event configuration.Partner.Attribute Groups.multi delete with dependency 1.Entity type
Parent Job.Matched Event configuration.Partner.Attribute Groups.multi delete with dependency 1.delete type 1
Parent Job.Matched Event configuration.Partner.Attribute Groups.multi delete with dependency 2.Entity type
Parent Job.Matched Event configuration.Partner.Attribute Groups.multi delete with dependency 2.delete dep attr 2
Parent Job.Matched Event configuration.Partner.Attribute Groups.multi delete with dependency 3.Entity type
Parent Job.Matched Event configuration.Partner.Attribute Groups.multi delete with dependency 3.delete dep attr 3
Parent Job.Matched Event configuration.Partner.Attribute Groups.multi delete yes to all 1.Entity type
Parent Job.Matched Event configuration.Partner.Attribute Groups.multi delete yes to all 1.delete yess to all attr 1
Parent Job.Matched Event configuration.Partner.Attribute Groups.multi delete yes to all 2.Entity type
Parent Job.Matched Event configuration.Partner.Attribute Groups.multi delete yes to all 2.delete yess to all attr 2
Parent Job.Matched Event configuration.Partner.Attribute Groups.Net Income.Entity type
Parent Job.Matched Event configuration.Partner.Attribute Groups.Net Income.After Tax_UsedByPartnerAttributeType
Parent Job.Matched Event configuration.Partner.Attribute Groups.Net Income.Before Tax
Parent Job.Matched Event configuration.Partner.Attribute Groups.single delete warn 1.Entity type
Parent Job.Matched Event configuration.Partner.Attribute Groups.single delete warn 1.Attr1
Parent Job.Matched Event configuration.Partner.Attribute Groups.single delete warn 2.Entity type
Parent Job.Matched Event configuration.Partner.Attribute Groups.single delete warn 2.attr1
Parent Job.Matched Event configuration.Partner.Attribute Groups.SysInt.Entity type
Parent Job.Matched Event configuration.Partner.Attribute Groups.SysInt.A1
Parent Job.Matched Event configuration.Partner.Attribute Groups.SysInt.A2
Parent Job.Matched Event configuration.Partner.Attribute Groups.Type Used By Filter.Entity type
Parent Job.Matched Event configuration.Partner.Attribute Groups.Type Used By Filter.A1
Parent Job.Matched Event configuration.Partner.Attribute Groups.Type Used By Filter.A2
Parent Job.Matched Event configuration.Partner.Attribute Groups.Type With Member Used By Filter.Entity type
Parent Job.Matched Event configuration.Partner.Attribute Groups.Type With Member Used By Filter.A1
Parent Job.Matched Event configuration.Partner.Attribute Groups.Type With Member Used By Filter.A2
Parent Job.Matched Event configuration.Partner.Attribute Groups.UpdateableCodedUIPartnerAttributeGroup.Entity type
Parent Job.Matched Event configuration.Partner.Attribute Groups.UpdateableCodedUIPartnerAttributeGroup.UpdateableCodedUIPartnerAttributeType
Parent Job.Matched Event configuration.Partner.Attribute Groups.UpdateableCodedUIPartnerGroupInstance.Entity type
Parent Job.Matched Event configuration.Partner.Attribute Groups.UpdateableCodedUIPartnerGroupInstance.UpdateableCodedUIPartnerInstance
Parent Job.Matched Event configuration.Partner.Categories
Parent Job.Matched Event configuration.Partner.Entity type
Parent Job.Matched Event configuration.Node type
Parent Job.Matched Event configuration.Node type.ID
Parent Job.Matched Event configuration.Node type.Name
Parent Job.Matched Event configuration.Node type.Description
Parent Job.Matched Event configuration.Node type.File class
Parent Job.Matched Event configuration.Node type.System internal
Parent Job.Matched Event configuration.Node type.Modified
Parent Job.Matched Event configuration.Node type.Created
Parent Job.Matched Event configuration.Node type.Categories
Parent Job.Matched Event configuration.Node type.Internet Media Type
Parent Job.Matched Event configuration.Node type.Entity type
Parent Job.Matched Event configuration.Node type version
Parent Job.Matched Event configuration.Node type version.ID
Parent Job.Matched Event configuration.Node type version.Name
Parent Job.Matched Event configuration.Node type version.Description
Parent Job.Matched Event configuration.Node type version.System internal
Parent Job.Matched Event configuration.Node type version.Modified
Parent Job.Matched Event configuration.Node type version.Created
Parent Job.Matched Event configuration.Node type version.Categories
Parent Job.Matched Event configuration.Node type version.Entity type
Parent Job.Matched Event configuration.Execute
Parent Job.Matched Event configuration.Execute.ID
Parent Job.Matched Event configuration.Execute.Name
Parent Job.Matched Event configuration.Execute.Description
Parent Job.Matched Event configuration.Execute.Init parameters
Parent Job.Matched Event configuration.Execute.Modified
Parent Job.Matched Event configuration.Execute.Created
Parent Job.Matched Event configuration.Execute.Always run in new process
Parent Job.Matched Event configuration.Execute.Categories
Parent Job.Matched Event configuration.Execute.Application pool (Primary)
Parent Job.Matched Event configuration.Execute.Application pool (Secondary)
Parent Job.Matched Event configuration.Execute.Lifetime
Parent Job.Matched Event configuration.Execute.Max concurrent
Parent Job.Matched Event configuration.Execute.Max restart attempts
Parent Job.Matched Event configuration.Execute.Restart delay time
Parent Job.Matched Event configuration.Execute.System internal
Parent Job.Matched Event configuration.Execute.Definition name
Parent Job.Matched Event configuration.Execute.Definition type
Parent Job.Matched Event configuration.Execute.Definition caching time
Parent Job.Matched Event configuration.Execute.Express lookup ID
Parent Job.Matched Event configuration.Execute.Entity type
Parent Job.Matched Event configuration.Run parameters
Parent Job.Matched Event configuration.System internal
Parent Job.Matched Event configuration.Status
Parent Job.Matched Event configuration.Modified
Parent Job.Matched Event configuration.Created
Parent Job.Matched Event configuration.Event type
Parent Job.Matched Event configuration.Event type.ID
Parent Job.Matched Event configuration.Event type.Name
Parent Job.Matched Event configuration.Event type.Description
Parent Job.Matched Event configuration.Event type.Selection rule
Parent Job.Matched Event configuration.Event type.Error if no match
Parent Job.Matched Event configuration.Event type.System internal
Parent Job.Matched Event configuration.Event type.Modified
Parent Job.Matched Event configuration.Event type.Created
Parent Job.Matched Event configuration.Event type.Categories
Parent Job.Matched Event configuration.Event type.Entity type
Parent Job.Matched Event configuration.Categories
Parent Job.Matched Event configuration.Entity type
Parent Job.Component definition
Parent Job.Component definition type
Parent Job.Component configuration
Parent Job.Component configuration.ID
Parent Job.Component configuration.Name
Parent Job.Component configuration.Description
Parent Job.Component configuration.Init parameters
Parent Job.Component configuration.Modified
Parent Job.Component configuration.Created
Parent Job.Component configuration.Always run in new process
Parent Job.Component configuration.Categories
Parent Job.Component configuration.Application pool (Primary)
Parent Job.Component configuration.Application pool (Secondary)
Parent Job.Component configuration.Lifetime
Parent Job.Component configuration.Max concurrent
Parent Job.Component configuration.Max restart attempts
Parent Job.Component configuration.Restart delay time
Parent Job.Component configuration.System internal
Parent Job.Component configuration.Definition name
Parent Job.Component configuration.Definition type
Parent Job.Component configuration.Definition caching time
Parent Job.Component configuration.Express lookup ID
Parent Job.Component configuration.Entity type
Parent Job.Application pool
Parent Job.Application pool.ID
Parent Job.Application pool.Name
Parent Job.Application pool.Description
Parent Job.Application pool.Created
Parent Job.Application pool.Modified
Parent Job.Application pool.System internal
Parent Job.Application pool.Categories
Parent Job.Application pool.Entity type
Parent Job.Server
Parent Job.Server.Server ID
Parent Job.Server.Name
Parent Job.Server.Description
Parent Job.Server.Machine ID
Parent Job.Server.User
Parent Job.Server.User.Name
Parent Job.Server.User.Description
Parent Job.Server.User.User group
Parent Job.Server.User.User group.Group name
Parent Job.Server.User.User group.Description
Parent Job.Server.User.User group.System internal
Parent Job.Server.User.User group.Entity type
Parent Job.Server.User.Created
Parent Job.Server.User.Modified
Parent Job.Server.User.Restricted operations
Parent Job.Server.User.Entity type
Parent Job.Server.Enabled
Parent Job.Server.Event generator priority
Parent Job.Server.Event listener priority
Parent Job.Server.Event processor priority
Parent Job.Server.Job manager priority
Parent Job.Server.Component cache directory
Parent Job.Server.Created
Parent Job.Server.Modified
Parent Job.Server.IP address
Parent Job.Server.Port
Parent Job.Server.Entity type
Parent Job.Created
Parent Job.Started
Parent Job.Finished
Parent Job.State
Parent Job.Reason
Parent Job.Priority
Parent Job.Job type
Parent Job.Start count
Parent Job.Restart disabled
Parent Job.Arguments
Parent Job.Lifetime
Parent Job.WasStarted
Parent Job.Entity type
Completed
Delayed until
Bookmark
User.Name
User.Description
User.User group
User.User group.Group name
User.User group.Description
User.User group.System internal
User.User group.Entity type
User.Created
User.Modified
User.Restricted operations
User.Entity type
Arguments
Entity type</StdOut>
      </Output>
    </UnitTestResult>
    <UnitTestResult executionId="128c7ad6-819b-405b-85fb-737becf56318" testId="0bd50204-25fc-e4b3-e8fd-158fc4fdb39a" testName="FilterResolveAndIteratePartner" computerName="ICSWS068" duration="00:00:00.5561593" startTime="2016-08-04T10:28:50.5496530+02:00" endTime="2016-08-04T10:28:51.1077901+02:00" testType="13cdc9d9-ddb5-4fa4-a97d-d965ccfc6d4b" outcome="Passed" testListId="8c84fa94-04c1-424b-9868-57a2d4851a1d" relativeResultsDirectory="128c7ad6-819b-405b-85fb-737becf56318">
      <Output>
        <StdOut>TestContext Messages:
 
ID
Name
Description
System internal
Modified
Created
Identities
Attribute Groups._B2B_Edifact Interchange settings.Entity type
Attribute Groups._B2B_Edifact Interchange settings.UNA Content
Attribute Groups._B2B_Edifact Interchange settings.UNB Acknowledgement request(CONTRL)
Attribute Groups._B2B_Edifact Interchange settings.UNB Address
Attribute Groups._B2B_Edifact Interchange settings.UNB Address Qualifier
Attribute Groups._B2B_Edifact Interchange settings.UNB Address Routing
Attribute Groups._B2B_Edifact Interchange settings.UNB Application Reference
Attribute Groups._B2B_Edifact Interchange settings.UNB Reference Password
Attribute Groups._B2B_Edifact Interchange settings.UNB Syntax
Attribute Groups._B2B_Edifact Interchange settings.UNB Syntax version
Attribute Groups._B2B_Edifact Interchange settings.UNB Test indicator
Attribute Groups._B2B_Edifact Interchange settings.UNH Association assigned code (0057)__iCPS_Edifact CONTRL
Attribute Groups._B2B_Edifact Interchange settings.UNH Controlling Agency (0051)__iCPS_Edifact CONTRL
Attribute Groups._B2B_Edifact Interchange settings.UNH Message type release nbr (0054)__iCPS_Edifact CONTRL
Attribute Groups._B2B_Edifact Interchange settings.UNH Message type version nbr (0052)__iCPS_Edifact CONTRL
Attribute Groups.CodedUIPartnerAttributes.Entity type
Attribute Groups.CodedUIPartnerAttributes.&lt;Other taxes&gt;
Attribute Groups.CodedUIPartnerAttributes.After Tax_CodedUINodeType
Attribute Groups.CodedUIPartnerAttributes.Before Tax
Attribute Groups.CodedUISubEntityPartnerAttributeGroup.Entity type
Attribute Groups.CodedUISubEntityPartnerAttributeGroup.DeletableCodedPartnerAttributeType
Attribute Groups.CodedUISubEntityPartnerAttributeGroup.UpdateableCodedPartnerAttributeType
Attribute Groups.Conctact Information.Entity type
Attribute Groups.Conctact Information.Address
Attribute Groups.Conctact Information.City
Attribute Groups.Conctact Information.Consumption_NT1
Attribute Groups.Conctact Information.Postal Code
Attribute Groups.DeletableCodedUIPartnerAttributeGroup.Entity type
Attribute Groups.DeletableCodedUIPartnerGroupInstance.Entity type
Attribute Groups.DeletableCodedUIPartnerGroupInstance.test
Attribute Groups.LocalSystemPartnerGroup.Entity type
Attribute Groups.LocalSystemPartnerGroup.PartnerAttributeWithDefaultValue
Attribute Groups.multi delete deletable.Entity type
Attribute Groups.multi delete skip with deletable.Entity type
Attribute Groups.multi delete test 1.Entity type
Attribute Groups.multi delete test 2.Entity type
Attribute Groups.multi delete with dependency 1.Entity type
Attribute Groups.multi delete with dependency 1.delete type 1
Attribute Groups.multi delete with dependency 2.Entity type
Attribute Groups.multi delete with dependency 2.delete dep attr 2
Attribute Groups.multi delete with dependency 3.Entity type
Attribute Groups.multi delete with dependency 3.delete dep attr 3
Attribute Groups.multi delete yes to all 1.Entity type
Attribute Groups.multi delete yes to all 1.delete yess to all attr 1
Attribute Groups.multi delete yes to all 2.Entity type
Attribute Groups.multi delete yes to all 2.delete yess to all attr 2
Attribute Groups.Net Income.Entity type
Attribute Groups.Net Income.After Tax_UsedByPartnerAttributeType
Attribute Groups.Net Income.Before Tax
Attribute Groups.single delete warn 1.Entity type
Attribute Groups.single delete warn 1.Attr1
Attribute Groups.single delete warn 2.Entity type
Attribute Groups.single delete warn 2.attr1
Attribute Groups.SysInt.Entity type
Attribute Groups.SysInt.A1
Attribute Groups.SysInt.A2
Attribute Groups.Type Used By Filter.Entity type
Attribute Groups.Type Used By Filter.A1
Attribute Groups.Type Used By Filter.A2
Attribute Groups.Type With Member Used By Filter.Entity type
Attribute Groups.Type With Member Used By Filter.A1
Attribute Groups.Type With Member Used By Filter.A2
Attribute Groups.UpdateableCodedUIPartnerAttributeGroup.Entity type
Attribute Groups.UpdateableCodedUIPartnerAttributeGroup.UpdateableCodedUIPartnerAttributeType
Attribute Groups.UpdateableCodedUIPartnerGroupInstance.Entity type
Attribute Groups.UpdateableCodedUIPartnerGroupInstance.UpdateableCodedUIPartnerInstance
Categories
Entity type</StdOut>
      </Output>
    </UnitTestResult>
    <UnitTestResult executionId="66b322db-0fac-4046-8c20-5467ca3ba872" testId="76ecd493-d30e-2bad-d16e-37783e7e0e95" testName="FilterResolveAndIterateEventHandler" computerName="ICSWS068" duration="00:00:00.6055476" startTime="2016-08-04T10:28:51.1107924+02:00" endTime="2016-08-04T10:28:51.7180354+02:00" testType="13cdc9d9-ddb5-4fa4-a97d-d965ccfc6d4b" outcome="Passed" testListId="8c84fa94-04c1-424b-9868-57a2d4851a1d" relativeResultsDirectory="66b322db-0fac-4046-8c20-5467ca3ba872">
      <Output>
        <StdOut>TestContext Messages:
 
ID
Name
Description
Partner
Partner.ID
Partner.Name
Partner.Description
Partner.System internal
Partner.Modified
Partner.Created
Partner.Identities
Partner.Attribute Groups._B2B_Edifact Interchange settings.Entity type
Partner.Attribute Groups._B2B_Edifact Interchange settings.UNA Content
Partner.Attribute Groups._B2B_Edifact Interchange settings.UNB Acknowledgement request(CONTRL)
Partner.Attribute Groups._B2B_Edifact Interchange settings.UNB Address
Partner.Attribute Groups._B2B_Edifact Interchange settings.UNB Address Qualifier
Partner.Attribute Groups._B2B_Edifact Interchange settings.UNB Address Routing
Partner.Attribute Groups._B2B_Edifact Interchange settings.UNB Application Reference
Partner.Attribute Groups._B2B_Edifact Interchange settings.UNB Reference Password
Partner.Attribute Groups._B2B_Edifact Interchange settings.UNB Syntax
Partner.Attribute Groups._B2B_Edifact Interchange settings.UNB Syntax version
Partner.Attribute Groups._B2B_Edifact Interchange settings.UNB Test indicator
Partner.Attribute Groups._B2B_Edifact Interchange settings.UNH Association assigned code (0057)__iCPS_Edifact CONTRL
Partner.Attribute Groups._B2B_Edifact Interchange settings.UNH Controlling Agency (0051)__iCPS_Edifact CONTRL
Partner.Attribute Groups._B2B_Edifact Interchange settings.UNH Message type release nbr (0054)__iCPS_Edifact CONTRL
Partner.Attribute Groups._B2B_Edifact Interchange settings.UNH Message type version nbr (0052)__iCPS_Edifact CONTRL
Partner.Attribute Groups.CodedUIPartnerAttributes.Entity type
Partner.Attribute Groups.CodedUIPartnerAttributes.&lt;Other taxes&gt;
Partner.Attribute Groups.CodedUIPartnerAttributes.After Tax_CodedUINodeType
Partner.Attribute Groups.CodedUIPartnerAttributes.Before Tax
Partner.Attribute Groups.CodedUISubEntityPartnerAttributeGroup.Entity type
Partner.Attribute Groups.CodedUISubEntityPartnerAttributeGroup.DeletableCodedPartnerAttributeType
Partner.Attribute Groups.CodedUISubEntityPartnerAttributeGroup.UpdateableCodedPartnerAttributeType
Partner.Attribute Groups.Conctact Information.Entity type
Partner.Attribute Groups.Conctact Information.Address
Partner.Attribute Groups.Conctact Information.City
Partner.Attribute Groups.Conctact Information.Consumption_NT1
Partner.Attribute Groups.Conctact Information.Postal Code
Partner.Attribute Groups.DeletableCodedUIPartnerAttributeGroup.Entity type
Partner.Attribute Groups.DeletableCodedUIPartnerGroupInstance.Entity type
Partner.Attribute Groups.DeletableCodedUIPartnerGroupInstance.test
Partner.Attribute Groups.LocalSystemPartnerGroup.Entity type
Partner.Attribute Groups.LocalSystemPartnerGroup.PartnerAttributeWithDefaultValue
Partner.Attribute Groups.multi delete deletable.Entity type
Partner.Attribute Groups.multi delete skip with deletable.Entity type
Partner.Attribute Groups.multi delete test 1.Entity type
Partner.Attribute Groups.multi delete test 2.Entity type
Partner.Attribute Groups.multi delete with dependency 1.Entity type
Partner.Attribute Groups.multi delete with dependency 1.delete type 1
Partner.Attribute Groups.multi delete with dependency 2.Entity type
Partner.Attribute Groups.multi delete with dependency 2.delete dep attr 2
Partner.Attribute Groups.multi delete with dependency 3.Entity type
Partner.Attribute Groups.multi delete with dependency 3.delete dep attr 3
Partner.Attribute Groups.multi delete yes to all 1.Entity type
Partner.Attribute Groups.multi delete yes to all 1.delete yess to all attr 1
Partner.Attribute Groups.multi delete yes to all 2.Entity type
Partner.Attribute Groups.multi delete yes to all 2.delete yess to all attr 2
Partner.Attribute Groups.Net Income.Entity type
Partner.Attribute Groups.Net Income.After Tax_UsedByPartnerAttributeType
Partner.Attribute Groups.Net Income.Before Tax
Partner.Attribute Groups.single delete warn 1.Entity type
Partner.Attribute Groups.single delete warn 1.Attr1
Partner.Attribute Groups.single delete warn 2.Entity type
Partner.Attribute Groups.single delete warn 2.attr1
Partner.Attribute Groups.SysInt.Entity type
Partner.Attribute Groups.SysInt.A1
Partner.Attribute Groups.SysInt.A2
Partner.Attribute Groups.Type Used By Filter.Entity type
Partner.Attribute Groups.Type Used By Filter.A1
Partner.Attribute Groups.Type Used By Filter.A2
Partner.Attribute Groups.Type With Member Used By Filter.Entity type
Partner.Attribute Groups.Type With Member Used By Filter.A1
Partner.Attribute Groups.Type With Member Used By Filter.A2
Partner.Attribute Groups.UpdateableCodedUIPartnerAttributeGroup.Entity type
Partner.Attribute Groups.UpdateableCodedUIPartnerAttributeGroup.UpdateableCodedUIPartnerAttributeType
Partner.Attribute Groups.UpdateableCodedUIPartnerGroupInstance.Entity type
Partner.Attribute Groups.UpdateableCodedUIPartnerGroupInstance.UpdateableCodedUIPartnerInstance
Partner.Categories
Partner.Entity type
Node type
Node type.ID
Node type.Name
Node type.Description
Node type.File class
Node type.System internal
Node type.Modified
Node type.Created
Node type.Categories
Node type.Internet Media Type
Node type.Entity type
Node type version
Node type version.ID
Node type version.Name
Node type version.Description
Node type version.System internal
Node type version.Modified
Node type version.Created
Node type version.Categories
Node type version.Entity type
Execute
Execute.ID
Execute.Name
Execute.Description
Execute.Init parameters
Execute.Modified
Execute.Created
Execute.Always run in new process
Execute.Categories
Execute.Application pool (Primary)
Execute.Application pool (Secondary)
Execute.Lifetime
Execute.Max concurrent
Execute.Max restart attempts
Execute.Restart delay time
Execute.System internal
Execute.Definition name
Execute.Definition type
Execute.Definition caching time
Execute.Express lookup ID
Execute.Entity type
Run parameters
System internal
Status
Modified
Created
Event type
Event type.ID
Event type.Name
Event type.Description
Event type.Selection rule
Event type.Error if no match
Event type.System internal
Event type.Modified
Event type.Created
Event type.Categories
Event type.Entity type
Categories
Entity type</StdOut>
      </Output>
    </UnitTestResult>
    <UnitTestResult executionId="6b5da83d-249a-4d90-9a55-af38f4057ef0" testId="1341f54c-09b1-55bd-f8b9-0730bc5c5fc8" testName="FilterResolveAndIterateWSDefinition" computerName="ICSWS068" duration="00:00:00.3468596" startTime="2016-08-04T10:28:51.7225398+02:00" endTime="2016-08-04T10:28:52.0710848+02:00" testType="13cdc9d9-ddb5-4fa4-a97d-d965ccfc6d4b" outcome="Passed" testListId="8c84fa94-04c1-424b-9868-57a2d4851a1d" relativeResultsDirectory="6b5da83d-249a-4d90-9a55-af38f4057ef0">
      <Output>
        <StdOut>TestContext Messages:
 
Namespace
Description
WSDL target namespace
Uri
Version
Created
Modified
Needs compiling
Last build active
Categories
Implementation Version
Last Compiled
Entity type</StdOut>
      </Output>
    </UnitTestResult>
    <UnitTestResult executionId="dbff03f4-855a-4bb6-a4e3-784b0840f91a" testId="c1e31ce0-be46-8583-bb69-81a5090c0828" testName="FilterWSDefinitionsAllColumns" computerName="ICSWS068" duration="00:00:00.3690857" startTime="2016-08-04T10:28:52.0740871+02:00" endTime="2016-08-04T10:28:52.4442803+02:00" testType="13cdc9d9-ddb5-4fa4-a97d-d965ccfc6d4b" outcome="Passed" testListId="8c84fa94-04c1-424b-9868-57a2d4851a1d" relativeResultsDirectory="dbff03f4-855a-4bb6-a4e3-784b0840f91a" />
    <UnitTestResult executionId="02f39e7e-fc31-4950-8a8a-66ddda1c788f" testId="d455c785-fcd7-811a-e29f-6aade65e9120" testName="GetSystemIdFromDb_ProperValues_SuccessFullyReturnsId" computerName="ICSWS068" duration="00:00:00.0022911" startTime="2016-08-04T10:28:52.4477825+02:00" endTime="2016-08-04T10:28:52.4512854+02:00" testType="13cdc9d9-ddb5-4fa4-a97d-d965ccfc6d4b" outcome="Passed" testListId="8c84fa94-04c1-424b-9868-57a2d4851a1d" relativeResultsDirectory="02f39e7e-fc31-4950-8a8a-66ddda1c788f" />
    <UnitTestResult executionId="53299342-cccf-4c48-8ef7-8807ea2533cd" testId="637c0fa3-833f-a550-b864-896a6a6f2fd8" testName="GetSystemIdFromDb_InvalidValues_SuccessFullyReturnsNull" computerName="ICSWS068" duration="00:00:10.0056802" startTime="2016-08-04T10:28:52.4538085+02:00" endTime="2016-08-04T10:29:02.4609486+02:00" testType="13cdc9d9-ddb5-4fa4-a97d-d965ccfc6d4b" outcome="Passed" testListId="8c84fa94-04c1-424b-9868-57a2d4851a1d" relativeResultsDirectory="53299342-cccf-4c48-8ef7-8807ea2533cd" />
    <UnitTestResult executionId="80ad2f13-74b3-4f17-b271-a737e41bc541" testId="eb144763-12b3-50fc-7691-d8d682a7d4a8" testName="Export_ExportNodeFilterWithPartnerAttributeGroupColumns_ExportIsSuccessful" computerName="ICSWS068" duration="00:00:00.3818250" startTime="2016-08-04T10:29:02.4644515+02:00" endTime="2016-08-04T10:29:02.8475713+02:00" testType="13cdc9d9-ddb5-4fa4-a97d-d965ccfc6d4b" outcome="Passed" testListId="8c84fa94-04c1-424b-9868-57a2d4851a1d" relativeResultsDirectory="80ad2f13-74b3-4f17-b271-a737e41bc541" />
    <UnitTestResult executionId="34a687d5-c9aa-46ea-a27b-de285d695a45" testId="b579d18d-1159-6fad-8638-8d25cdef1957" testName="Export_ExportWithPasswordEncryption_ExportIsSuccessful" computerName="ICSWS068" duration="00:00:01.4326731" startTime="2016-08-04T10:29:02.8510739+02:00" endTime="2016-08-04T10:29:04.2855369+02:00" testType="13cdc9d9-ddb5-4fa4-a97d-d965ccfc6d4b" outcome="Passed" testListId="8c84fa94-04c1-424b-9868-57a2d4851a1d" relativeResultsDirectory="34a687d5-c9aa-46ea-a27b-de285d695a45" />
    <UnitTestResult executionId="b24e00e7-33c9-47c9-a085-316a11d86ebb" testId="50107273-3160-9f56-ee6c-d48a3edecd32" testName="Load_DocumentExportedToFile_LoadDeserializesCorrectly" computerName="ICSWS068" duration="00:00:00.7617918" startTime="2016-08-04T10:29:04.2885395+02:00" endTime="2016-08-04T10:29:05.0520456+02:00" testType="13cdc9d9-ddb5-4fa4-a97d-d965ccfc6d4b" outcome="Passed" testListId="8c84fa94-04c1-424b-9868-57a2d4851a1d" relativeResultsDirectory="b24e00e7-33c9-47c9-a085-316a11d86ebb" />
    <UnitTestResult executionId="c876a13b-0c03-4f3d-9832-647aa3ae67d5" testId="a4989a62-2482-9f0c-2892-f367015afc93" testName="Load_DocumentExportToFileEncrypted_LoadDeserializesCorrectly" computerName="ICSWS068" duration="00:00:02.7164579" startTime="2016-08-04T10:29:05.0545655+02:00" endTime="2016-08-04T10:29:07.7729236+02:00" testType="13cdc9d9-ddb5-4fa4-a97d-d965ccfc6d4b" outcome="Passed" testListId="8c84fa94-04c1-424b-9868-57a2d4851a1d" relativeResultsDirectory="c876a13b-0c03-4f3d-9832-647aa3ae67d5" />
    <UnitTestResult executionId="14611344-3157-429f-b9fe-46cf82015b7d" testId="437ff271-0a65-f133-0f4f-6a5833af40c9" testName="Load_Version1EncryptedFile_Success" computerName="ICSWS068" duration="00:00:01.7112613" startTime="2016-08-04T10:29:07.7754259+02:00" endTime="2016-08-04T10:29:09.4885863+02:00" testType="13cdc9d9-ddb5-4fa4-a97d-d965ccfc6d4b" outcome="Passed" testListId="8c84fa94-04c1-424b-9868-57a2d4851a1d" relativeResultsDirectory="14611344-3157-429f-b9fe-46cf82015b7d" />
    <UnitTestResult executionId="d4f4a55a-b790-438c-836c-83eab4608222" testId="1be8ceea-8fc2-4831-7f0e-8125d870ca3a" testName="RepositoryEntityTypeId_ReturnsFavorite" computerName="ICSWS068" duration="00:00:00.3472886" startTime="2016-08-04T10:29:09.4915897+02:00" endTime="2016-08-04T10:29:09.8402152+02:00" testType="13cdc9d9-ddb5-4fa4-a97d-d965ccfc6d4b" outcome="Passed" testListId="8c84fa94-04c1-424b-9868-57a2d4851a1d" relativeResultsDirectory="d4f4a55a-b790-438c-836c-83eab4608222" />
    <UnitTestResult executionId="0c39a9af-d5ab-4e11-9eb4-5e99041a0937" testId="3e4b2836-39be-57db-ab81-25cce9b79f81" testName="RepositoryEntityType_ReturnsIFavorite" computerName="ICSWS068" duration="00:00:00.3356446" startTime="2016-08-04T10:29:09.8432069+02:00" endTime="2016-08-04T10:29:10.1802965+02:00" testType="13cdc9d9-ddb5-4fa4-a97d-d965ccfc6d4b" outcome="Passed" testListId="8c84fa94-04c1-424b-9868-57a2d4851a1d" relativeResultsDirectory="0c39a9af-d5ab-4e11-9eb4-5e99041a0937" />
    <UnitTestResult executionId="2e0fbfbd-ce24-482d-abad-0a0890c86a3e" testId="f12d4bdc-e99e-b877-17cd-900cc3332116" testName="RepositorySystemContext_MatchesActualSystemContext" computerName="ICSWS068" duration="00:00:00.3953880" startTime="2016-08-04T10:29:10.1837859+02:00" endTime="2016-08-04T10:29:10.5805199+02:00" testType="13cdc9d9-ddb5-4fa4-a97d-d965ccfc6d4b" outcome="Passed" testListId="8c84fa94-04c1-424b-9868-57a2d4851a1d" relativeResultsDirectory="2e0fbfbd-ce24-482d-abad-0a0890c86a3e" />
    <UnitTestResult executionId="d0a57677-2ed4-4cd9-ba7f-c5b1922ecd6b" testId="05ab32f6-13af-de8d-7188-5f30d94bd195" testName="Exists_NodeTypeVersionKey_ThrowsArgumentException" computerName="ICSWS068" duration="00:00:00.4629671" startTime="2016-08-04T10:29:10.5835222+02:00" endTime="2016-08-04T10:29:11.0483723+02:00" testType="13cdc9d9-ddb5-4fa4-a97d-d965ccfc6d4b" outcome="Passed" testListId="8c84fa94-04c1-424b-9868-57a2d4851a1d" relativeResultsDirectory="d0a57677-2ed4-4cd9-ba7f-c5b1922ecd6b" />
    <UnitTestResult executionId="4e95b772-afbd-4a5a-b9ce-c7cf80265e1d" testId="a8d83e56-405d-44fc-aed0-d4a65b158875" testName="Exists_KnownFavoriteKey_ReturnsTrue (Data Row 0)" computerName="ICSWS068" duration="00:00:00.5879454" startTime="2016-08-04T08:29:11.0578792+02:00" endTime="2016-08-04T08:29:11.6458000+02:00" testType="13cdc9d9-ddb5-4fa4-a97d-d965ccfc6d4b" outcome="Passed" testListId="8c84fa94-04c1-424b-9868-57a2d4851a1d" relativeResultsDirectory="4e95b772-afbd-4a5a-b9ce-c7cf80265e1d" />
    <UnitTestResult executionId="a350ae64-9a1d-4d33-8f92-d5f047f8a052" testId="eb5ed5d9-dff8-42dd-be7b-102081e86259" testName="Exists_KnownFavoriteKey_ReturnsTrue (Data Row 1)" computerName="ICSWS068" duration="00:00:00.5856006" startTime="2016-08-04T08:29:11.6458000+02:00" endTime="2016-08-04T08:29:12.2317185+02:00" testType="13cdc9d9-ddb5-4fa4-a97d-d965ccfc6d4b" outcome="Passed" testListId="8c84fa94-04c1-424b-9868-57a2d4851a1d" relativeResultsDirectory="a350ae64-9a1d-4d33-8f92-d5f047f8a052" />
    <UnitTestResult executionId="b1de6f5c-9fbd-498d-b5b3-fb5fc6549551" testId="d2707d4a-9e8c-4c6e-aa7b-e019bd7ee8ee" testName="Exists_KnownFavoriteKey_ReturnsTrue (Data Row 2)" computerName="ICSWS068" duration="00:00:00.4277623" startTime="2016-08-04T08:29:12.2317185+02:00" endTime="2016-08-04T08:29:12.6590285+02:00" testType="13cdc9d9-ddb5-4fa4-a97d-d965ccfc6d4b" outcome="Passed" testListId="8c84fa94-04c1-424b-9868-57a2d4851a1d" relativeResultsDirectory="b1de6f5c-9fbd-498d-b5b3-fb5fc6549551" />
    <UnitTestResult executionId="b8b149bd-8ef4-4102-91e6-24005276e880" testId="dfe91239-c518-4afb-95d2-3c2c283bd8aa" testName="Exists_KnownFavoriteKey_ReturnsTrue (Data Row 3)" computerName="ICSWS068" duration="00:00:00.3996498" startTime="2016-08-04T08:29:12.6590285+02:00" endTime="2016-08-04T08:29:13.0588200+02:00" testType="13cdc9d9-ddb5-4fa4-a97d-d965ccfc6d4b" outcome="Passed" testListId="8c84fa94-04c1-424b-9868-57a2d4851a1d" relativeResultsDirectory="b8b149bd-8ef4-4102-91e6-24005276e880" />
    <UnitTestResult executionId="bea517bd-6ba2-4fbb-b6eb-8af29d444938" testId="ee4e6a32-d7a1-4c2e-a550-3d3593adbe67" testName="Exists_KnownFavoriteKey_ReturnsTrue (Data Row 4)" computerName="ICSWS068" duration="00:00:00.3892990" startTime="2016-08-04T08:29:13.0588200+02:00" endTime="2016-08-04T08:29:13.4484471+02:00" testType="13cdc9d9-ddb5-4fa4-a97d-d965ccfc6d4b" outcome="Passed" testListId="8c84fa94-04c1-424b-9868-57a2d4851a1d" relativeResultsDirectory="bea517bd-6ba2-4fbb-b6eb-8af29d444938" />
    <UnitTestResult executionId="8a4d0b0d-1473-4fba-86ee-dcd574567b00" testId="ec5b1125-0c30-4142-b11e-6c2d9e9f7c91" testName="Exists_KnownFavoriteKey_ReturnsTrue (Data Row 5)" computerName="ICSWS068" duration="00:00:00.3916377" startTime="2016-08-04T08:29:13.4484471+02:00" endTime="2016-08-04T08:29:13.8396990+02:00" testType="13cdc9d9-ddb5-4fa4-a97d-d965ccfc6d4b" outcome="Passed" testListId="8c84fa94-04c1-424b-9868-57a2d4851a1d" relativeResultsDirectory="8a4d0b0d-1473-4fba-86ee-dcd574567b00" />
    <UnitTestResult executionId="b5f3cae0-a423-4964-a447-fef96461bfd7" testId="42e78bbc-14f2-e22d-8846-77a21733ccd0" testName="Exists_NonExistingFavoriteKey_ReturnsFalse" computerName="ICSWS068" duration="00:00:00.3630961" startTime="2016-08-04T10:29:13.8442022+02:00" endTime="2016-08-04T10:29:14.2086165+02:00" testType="13cdc9d9-ddb5-4fa4-a97d-d965ccfc6d4b" outcome="Passed" testListId="8c84fa94-04c1-424b-9868-57a2d4851a1d" relativeResultsDirectory="b5f3cae0-a423-4964-a447-fef96461bfd7" />
    <UnitTestResult executionId="f8b0ce43-1bcb-47d4-bb84-589475468cb6" testId="850365f9-e057-40cb-96e7-6df58facbfad" testName="List_ContainsEachKnownFavoriteOnce (Data Row 0)" computerName="ICSWS068" duration="00:00:00.4032796" startTime="2016-08-04T08:29:14.2141375+02:00" endTime="2016-08-04T08:29:14.6176190+02:00" testType="13cdc9d9-ddb5-4fa4-a97d-d965ccfc6d4b" outcome="Passed" testListId="8c84fa94-04c1-424b-9868-57a2d4851a1d" relativeResultsDirectory="f8b0ce43-1bcb-47d4-bb84-589475468cb6" />
    <UnitTestResult executionId="9602747b-5049-444b-8a87-07708f1144c0" testId="f80ec334-cfa6-4043-a661-d183d0b904b7" testName="List_ContainsEachKnownFavoriteOnce (Data Row 1)" computerName="ICSWS068" duration="00:00:00.3644281" startTime="2016-08-04T08:29:14.6176190+02:00" endTime="2016-08-04T08:29:14.9819418+02:00" testType="13cdc9d9-ddb5-4fa4-a97d-d965ccfc6d4b" outcome="Passed" testListId="8c84fa94-04c1-424b-9868-57a2d4851a1d" relativeResultsDirectory="9602747b-5049-444b-8a87-07708f1144c0" />
    <UnitTestResult executionId="bd9b4096-6bfe-4954-bcab-717ec2ab0f33" testId="4a5a711a-07d2-4594-8440-5fe5acb29d25" testName="List_ContainsEachKnownFavoriteOnce (Data Row 2)" computerName="ICSWS068" duration="00:00:00.4061846" startTime="2016-08-04T08:29:14.9819418+02:00" endTime="2016-08-04T08:29:15.3882472+02:00" testType="13cdc9d9-ddb5-4fa4-a97d-d965ccfc6d4b" outcome="Passed" testListId="8c84fa94-04c1-424b-9868-57a2d4851a1d" relativeResultsDirectory="bd9b4096-6bfe-4954-bcab-717ec2ab0f33" />
    <UnitTestResult executionId="73fa9131-63d0-4df9-b9da-17b5f99e3f8f" testId="2c79a280-8f4b-487d-ae88-5164675dec2d" testName="List_ContainsEachKnownFavoriteOnce (Data Row 3)" computerName="ICSWS068" duration="00:00:00.3975546" startTime="2016-08-04T08:29:15.3882472+02:00" endTime="2016-08-04T08:29:15.7855944+02:00" testType="13cdc9d9-ddb5-4fa4-a97d-d965ccfc6d4b" outcome="Passed" testListId="8c84fa94-04c1-424b-9868-57a2d4851a1d" relativeResultsDirectory="73fa9131-63d0-4df9-b9da-17b5f99e3f8f" />
    <UnitTestResult executionId="67c6d24e-cb9e-42a9-967f-34d6a9a50c7e" testId="5e662bf0-f5a8-4f17-829f-d0593efd9e08" testName="List_ContainsEachKnownFavoriteOnce (Data Row 4)" computerName="ICSWS068" duration="00:00:00.3551426" startTime="2016-08-04T08:29:15.7855944+02:00" endTime="2016-08-04T08:29:16.1409719+02:00" testType="13cdc9d9-ddb5-4fa4-a97d-d965ccfc6d4b" outcome="Passed" testListId="8c84fa94-04c1-424b-9868-57a2d4851a1d" relativeResultsDirectory="67c6d24e-cb9e-42a9-967f-34d6a9a50c7e" />
    <UnitTestResult executionId="aeb892eb-4a84-4b61-aea3-a209a5a73787" testId="399b50bd-e707-4727-bc78-283e8ae8ed28" testName="List_ContainsEachKnownFavoriteOnce (Data Row 5)" computerName="ICSWS068" duration="00:00:00.3626715" startTime="2016-08-04T08:29:16.1409719+02:00" endTime="2016-08-04T08:29:16.5038998+02:00" testType="13cdc9d9-ddb5-4fa4-a97d-d965ccfc6d4b" outcome="Passed" testListId="8c84fa94-04c1-424b-9868-57a2d4851a1d" relativeResultsDirectory="aeb892eb-4a84-4b61-aea3-a209a5a73787" />
    <UnitTestResult executionId="f2c3d8b7-f353-455c-8641-07dd866efc5a" testId="ef06433b-a16d-dd5b-0a7a-c622d1b5e829" testName="List_ShouldSetSystemContextCorrectly" computerName="ICSWS068" duration="00:00:00.4147386" startTime="2016-08-04T10:29:16.5084032+02:00" endTime="2016-08-04T10:29:16.9246442+02:00" testType="13cdc9d9-ddb5-4fa4-a97d-d965ccfc6d4b" outcome="Passed" testListId="8c84fa94-04c1-424b-9868-57a2d4851a1d" relativeResultsDirectory="f2c3d8b7-f353-455c-8641-07dd866efc5a" />
    <UnitTestResult executionId="dffa3fa8-6d05-4990-9c6f-cee56d0aa05c" testId="53b4d5c9-7247-3ce6-3de3-3dd3d1d2d868" testName="GetByKey_NewGuid_ThrowsEntityNotFoundException" computerName="ICSWS068" duration="00:00:00.3632850" startTime="2016-08-04T10:29:16.9276468+02:00" endTime="2016-08-04T10:29:17.2927855+02:00" testType="13cdc9d9-ddb5-4fa4-a97d-d965ccfc6d4b" outcome="Passed" testListId="8c84fa94-04c1-424b-9868-57a2d4851a1d" relativeResultsDirectory="dffa3fa8-6d05-4990-9c6f-cee56d0aa05c" />
    <UnitTestResult executionId="43fc88e5-8bee-4206-a2d3-ab45211fc7ff" testId="3ae1b7db-6e93-42dd-b547-8e451c13eaf2" testName="GetByKey_KnownKey_ReturnsEntityWithCorrectProperties (Data Row 0)" computerName="ICSWS068" duration="00:00:00.3660741" startTime="2016-08-04T08:29:17.2973074+02:00" endTime="2016-08-04T08:29:17.6633663+02:00" testType="13cdc9d9-ddb5-4fa4-a97d-d965ccfc6d4b" outcome="Passed" testListId="8c84fa94-04c1-424b-9868-57a2d4851a1d" relativeResultsDirectory="43fc88e5-8bee-4206-a2d3-ab45211fc7ff" />
    <UnitTestResult executionId="323f37f7-af30-4d82-bd0d-cb0c88bc3967" testId="c6ba8b07-4665-4298-b53e-aaa045e38e76" testName="GetByKey_KnownKey_ReturnsEntityWithCorrectProperties (Data Row 1)" computerName="ICSWS068" duration="00:00:00.3650468" startTime="2016-08-04T08:29:17.6638666+02:00" endTime="2016-08-04T08:29:18.0288601+02:00" testType="13cdc9d9-ddb5-4fa4-a97d-d965ccfc6d4b" outcome="Passed" testListId="8c84fa94-04c1-424b-9868-57a2d4851a1d" relativeResultsDirectory="323f37f7-af30-4d82-bd0d-cb0c88bc3967" />
    <UnitTestResult executionId="b7ef83e1-f2fb-4e89-bcd5-37f6d3487f08" testId="8bd4ebb2-159b-479f-9b05-9b4bd9b9f7ce" testName="GetByKey_KnownKey_ReturnsEntityWithCorrectProperties (Data Row 2)" computerName="ICSWS068" duration="00:00:00.3414916" startTime="2016-08-04T08:29:18.0288601+02:00" endTime="2016-08-04T08:29:18.3703742+02:00" testType="13cdc9d9-ddb5-4fa4-a97d-d965ccfc6d4b" outcome="Passed" testListId="8c84fa94-04c1-424b-9868-57a2d4851a1d" relativeResultsDirectory="b7ef83e1-f2fb-4e89-bcd5-37f6d3487f08" />
    <UnitTestResult executionId="e16aee16-d703-47d0-8a1c-9e20635a6291" testId="5e8a5df5-dcf2-4dbb-9d9e-e48958727856" testName="GetByKey_KnownKey_ReturnsEntityWithCorrectProperties (Data Row 3)" computerName="ICSWS068" duration="00:00:00.3622325" startTime="2016-08-04T08:29:18.3703742+02:00" endTime="2016-08-04T08:29:18.7326689+02:00" testType="13cdc9d9-ddb5-4fa4-a97d-d965ccfc6d4b" outcome="Passed" testListId="8c84fa94-04c1-424b-9868-57a2d4851a1d" relativeResultsDirectory="e16aee16-d703-47d0-8a1c-9e20635a6291" />
    <UnitTestResult executionId="fb3f3c53-a4f6-491b-b6a8-b95ca4a0ff6d" testId="3576877f-9a66-4f81-8ce4-5bc5fcbb806c" testName="GetByKey_KnownKey_ReturnsEntityWithCorrectProperties (Data Row 4)" computerName="ICSWS068" duration="00:00:00.3593425" startTime="2016-08-04T08:29:18.7326689+02:00" endTime="2016-08-04T08:29:19.0920100+02:00" testType="13cdc9d9-ddb5-4fa4-a97d-d965ccfc6d4b" outcome="Passed" testListId="8c84fa94-04c1-424b-9868-57a2d4851a1d" relativeResultsDirectory="fb3f3c53-a4f6-491b-b6a8-b95ca4a0ff6d" />
    <UnitTestResult executionId="b9e04972-aade-4371-9c42-81100dec3ec4" testId="f27b2b95-9e70-468b-9043-cc5f7bfcfc7e" testName="GetByKey_KnownKey_ReturnsEntityWithCorrectProperties (Data Row 5)" computerName="ICSWS068" duration="00:00:00.3863982" startTime="2016-08-04T08:29:19.0920100+02:00" endTime="2016-08-04T08:29:19.4781427+02:00" testType="13cdc9d9-ddb5-4fa4-a97d-d965ccfc6d4b" outcome="Passed" testListId="8c84fa94-04c1-424b-9868-57a2d4851a1d" relativeResultsDirectory="b9e04972-aade-4371-9c42-81100dec3ec4" />
    <UnitTestResult executionId="e69a315e-1798-4191-b39f-3a060eb0ab06" testId="e88f47dc-968f-8d55-a925-cb5dbd3a6603" testName="GetByKey_UnsupportedKey_ThrowsArgumentException" computerName="ICSWS068" duration="00:00:00.4539638" startTime="2016-08-04T10:29:19.4836465+02:00" endTime="2016-08-04T10:29:19.9394730+02:00" testType="13cdc9d9-ddb5-4fa4-a97d-d965ccfc6d4b" outcome="Passed" testListId="8c84fa94-04c1-424b-9868-57a2d4851a1d" relativeResultsDirectory="e69a315e-1798-4191-b39f-3a060eb0ab06" />
    <UnitTestResult executionId="583bcae5-ca7d-4bcc-bf3b-12553dfe8bc1" testId="7b241cee-1387-e0b0-adab-a7de32b3cbe8" testName="GetByIdentifier_NonExistingIdentifier_ReturnsNull" computerName="ICSWS068" duration="00:00:00.5694186" startTime="2016-08-04T10:29:19.9434762+02:00" endTime="2016-08-04T10:29:20.5153884+02:00" testType="13cdc9d9-ddb5-4fa4-a97d-d965ccfc6d4b" outcome="Passed" testListId="8c84fa94-04c1-424b-9868-57a2d4851a1d" relativeResultsDirectory="583bcae5-ca7d-4bcc-bf3b-12553dfe8bc1" />
    <UnitTestResult executionId="9ba0a4b6-41a6-4350-96de-9eeef58fd137" testId="c40fbcda-16ac-48af-accc-f04dde569197" testName="GetByIdentifier_KnownIdentifier_ReturnsEntityWithCorrectProperties (Data Row 0)" computerName="ICSWS068" duration="00:00:00.4234422" startTime="2016-08-04T08:29:20.5203925+02:00" endTime="2016-08-04T08:29:20.9436952+02:00" testType="13cdc9d9-ddb5-4fa4-a97d-d965ccfc6d4b" outcome="Passed" testListId="8c84fa94-04c1-424b-9868-57a2d4851a1d" relativeResultsDirectory="9ba0a4b6-41a6-4350-96de-9eeef58fd137" />
    <UnitTestResult executionId="b8a1b5a8-ddd4-4097-a7d6-a1e247dfb698" testId="cbaf9f0c-53b0-4f0f-9685-5e9f55a91c6d" testName="GetByIdentifier_KnownIdentifier_ReturnsEntityWithCorrectProperties (Data Row 1)" computerName="ICSWS068" duration="00:00:00.4599669" startTime="2016-08-04T08:29:20.9436952+02:00" endTime="2016-08-04T08:29:21.4040243+02:00" testType="13cdc9d9-ddb5-4fa4-a97d-d965ccfc6d4b" outcome="Passed" testListId="8c84fa94-04c1-424b-9868-57a2d4851a1d" relativeResultsDirectory="b8a1b5a8-ddd4-4097-a7d6-a1e247dfb698" />
    <UnitTestResult executionId="aca56d63-bdc4-4122-88af-07635c71a386" testId="983e1eff-ad60-4a39-a0e6-25c9f961a23c" testName="GetByIdentifier_KnownIdentifier_ReturnsEntityWithCorrectProperties (Data Row 2)" computerName="ICSWS068" duration="00:00:00.6866850" startTime="2016-08-04T08:29:21.4040243+02:00" endTime="2016-08-04T08:29:22.0905159+02:00" testType="13cdc9d9-ddb5-4fa4-a97d-d965ccfc6d4b" outcome="Passed" testListId="8c84fa94-04c1-424b-9868-57a2d4851a1d" relativeResultsDirectory="aca56d63-bdc4-4122-88af-07635c71a386" />
    <UnitTestResult executionId="ab7c5f11-b47b-4d75-83c2-fd2235d3d7be" testId="b6e2faaf-08e8-4681-88c5-59a1e2a0576d" testName="GetByIdentifier_KnownIdentifier_ReturnsEntityWithCorrectProperties (Data Row 3)" computerName="ICSWS068" duration="00:00:00.3891052" startTime="2016-08-04T08:29:22.0905159+02:00" endTime="2016-08-04T08:29:22.4797996+02:00" testType="13cdc9d9-ddb5-4fa4-a97d-d965ccfc6d4b" outcome="Passed" testListId="8c84fa94-04c1-424b-9868-57a2d4851a1d" relativeResultsDirectory="ab7c5f11-b47b-4d75-83c2-fd2235d3d7be" />
    <UnitTestResult executionId="6211207b-924a-4bb5-ad4e-e71ae373cdf4" testId="9376f6ab-388d-4cc1-ad42-a99ea428444b" testName="GetByIdentifier_KnownIdentifier_ReturnsEntityWithCorrectProperties (Data Row 4)" computerName="ICSWS068" duration="00:00:00.4386392" startTime="2016-08-04T08:29:22.4797996+02:00" endTime="2016-08-04T08:29:22.9183971+02:00" testType="13cdc9d9-ddb5-4fa4-a97d-d965ccfc6d4b" outcome="Passed" testListId="8c84fa94-04c1-424b-9868-57a2d4851a1d" relativeResultsDirectory="6211207b-924a-4bb5-ad4e-e71ae373cdf4" />
    <UnitTestResult executionId="f22f245f-2f1b-42e3-bac7-6be48d22c765" testId="85c238eb-4ca1-4faa-bbfb-cc6cad2d0a8e" testName="GetByIdentifier_KnownIdentifier_ReturnsEntityWithCorrectProperties (Data Row 5)" computerName="ICSWS068" duration="00:00:00.3661829" startTime="2016-08-04T08:29:22.9183971+02:00" endTime="2016-08-04T08:29:23.2848856+02:00" testType="13cdc9d9-ddb5-4fa4-a97d-d965ccfc6d4b" outcome="Passed" testListId="8c84fa94-04c1-424b-9868-57a2d4851a1d" relativeResultsDirectory="f22f245f-2f1b-42e3-bac7-6be48d22c765" />
    <UnitTestResult executionId="4a10b24d-9db1-4aac-bd12-69a686baed19" testId="f8695b94-b4f4-4dca-81f5-5debab3cb09b" testName="GetByIdentifier_UserFavoritesIsEmpty_ReturnsNull (Data Row 0)" computerName="ICSWS068" duration="00:00:00.3600217" startTime="2016-08-04T08:29:23.2913902+02:00" endTime="2016-08-04T08:29:23.6513325+02:00" testType="13cdc9d9-ddb5-4fa4-a97d-d965ccfc6d4b" outcome="Passed" testListId="8c84fa94-04c1-424b-9868-57a2d4851a1d" relativeResultsDirectory="4a10b24d-9db1-4aac-bd12-69a686baed19" />
    <UnitTestResult executionId="ae2817bd-1b02-4c2d-8ecb-b6031d7df9df" testId="5935c021-6256-4f89-bf3e-3f08d1642b98" testName="GetByIdentifier_UserFavoritesIsEmpty_ReturnsNull (Data Row 1)" computerName="ICSWS068" duration="00:00:00.3623527" startTime="2016-08-04T08:29:23.6513325+02:00" endTime="2016-08-04T08:29:24.0140260+02:00" testType="13cdc9d9-ddb5-4fa4-a97d-d965ccfc6d4b" outcome="Passed" testListId="8c84fa94-04c1-424b-9868-57a2d4851a1d" relativeResultsDirectory="ae2817bd-1b02-4c2d-8ecb-b6031d7df9df" />
    <UnitTestResult executionId="bb297e27-a635-4b4a-8d06-21afa4b88acc" testId="be60c70c-51de-4425-a73b-46ec84e081c0" testName="GetByIdentifier_UserFavoritesIsEmpty_ReturnsNull (Data Row 2)" computerName="ICSWS068" duration="00:00:00.3542356" startTime="2016-08-04T08:29:24.0140260+02:00" endTime="2016-08-04T08:29:24.3679402+02:00" testType="13cdc9d9-ddb5-4fa4-a97d-d965ccfc6d4b" outcome="Passed" testListId="8c84fa94-04c1-424b-9868-57a2d4851a1d" relativeResultsDirectory="bb297e27-a635-4b4a-8d06-21afa4b88acc" />
    <UnitTestResult executionId="48635a69-82e6-4bce-bfa7-3e52097d1a0b" testId="afce6ee8-742e-406a-8b48-d7d9affd7cf8" testName="GetByIdentifier_UserFavoritesIsEmpty_ReturnsNull (Data Row 3)" computerName="ICSWS068" duration="00:00:00.3724173" startTime="2016-08-04T08:29:24.3679402+02:00" endTime="2016-08-04T08:29:24.7406444+02:00" testType="13cdc9d9-ddb5-4fa4-a97d-d965ccfc6d4b" outcome="Passed" testListId="8c84fa94-04c1-424b-9868-57a2d4851a1d" relativeResultsDirectory="48635a69-82e6-4bce-bfa7-3e52097d1a0b" />
    <UnitTestResult executionId="06eda19e-dd3a-4415-bfff-d13978042668" testId="db6907ae-a02a-4da3-b3cb-a17dcfbdd326" testName="GetByIdentifier_UserFavoritesIsEmpty_ReturnsNull (Data Row 4)" computerName="ICSWS068" duration="00:00:00.3791342" startTime="2016-08-04T08:29:24.7406444+02:00" endTime="2016-08-04T08:29:25.1195884+02:00" testType="13cdc9d9-ddb5-4fa4-a97d-d965ccfc6d4b" outcome="Passed" testListId="8c84fa94-04c1-424b-9868-57a2d4851a1d" relativeResultsDirectory="06eda19e-dd3a-4415-bfff-d13978042668" />
    <UnitTestResult executionId="87e94013-0292-4636-8b59-c03832228df9" testId="a93bc544-ffa8-4fce-ab3b-08c579aee923" testName="GetByIdentifier_UserFavoritesIsEmpty_ReturnsNull (Data Row 5)" computerName="ICSWS068" duration="00:00:00.4274741" startTime="2016-08-04T08:29:25.1195884+02:00" endTime="2016-08-04T08:29:25.5473017+02:00" testType="13cdc9d9-ddb5-4fa4-a97d-d965ccfc6d4b" outcome="Passed" testListId="8c84fa94-04c1-424b-9868-57a2d4851a1d" relativeResultsDirectory="87e94013-0292-4636-8b59-c03832228df9" />
    <UnitTestResult executionId="18f3caaa-4446-48d6-ae25-336350082647" testId="8064549e-2294-d241-3f6a-6227dbd4271e" testName="Add_NullName_ThrowsConditionalErrorException" computerName="ICSWS068" duration="00:00:00.3801209" startTime="2016-08-04T10:29:25.5543065+02:00" endTime="2016-08-04T10:29:25.9365660+02:00" testType="13cdc9d9-ddb5-4fa4-a97d-d965ccfc6d4b" outcome="Passed" testListId="8c84fa94-04c1-424b-9868-57a2d4851a1d" relativeResultsDirectory="18f3caaa-4446-48d6-ae25-336350082647" />
    <UnitTestResult executionId="59cdefd9-1753-4066-a9d4-3a90971507f6" testId="089bd3c8-ee74-a1f4-d9b3-236b0097e533" testName="Add_EmptyName_ThrowsStringLengthErrorException" computerName="ICSWS068" duration="00:00:00.4008070" startTime="2016-08-04T10:29:25.9395680+02:00" endTime="2016-08-04T10:29:26.3418137+02:00" testType="13cdc9d9-ddb5-4fa4-a97d-d965ccfc6d4b" outcome="Passed" testListId="8c84fa94-04c1-424b-9868-57a2d4851a1d" relativeResultsDirectory="59cdefd9-1753-4066-a9d4-3a90971507f6" />
    <UnitTestResult executionId="ff5c2f60-b627-4570-9da3-586e46f61002" testId="ebf6e21a-372c-afe4-d062-b7b832935f5e" testName="Add_WhiteSpaceOnlyName_ThrowsStringLengthErrorException" computerName="ICSWS068" duration="00:00:00.4282855" startTime="2016-08-04T10:29:26.3453204+02:00" endTime="2016-08-04T10:29:26.7751318+02:00" testType="13cdc9d9-ddb5-4fa4-a97d-d965ccfc6d4b" outcome="Passed" testListId="8c84fa94-04c1-424b-9868-57a2d4851a1d" relativeResultsDirectory="ff5c2f60-b627-4570-9da3-586e46f61002" />
    <UnitTestResult executionId="177c178f-4f5b-4ffc-84fe-5ee85a855066" testId="6c72e759-f24c-b5c3-18c6-455f483e5050" testName="Add_TooLongName_ThrowsStringLengthErrorException" computerName="ICSWS068" duration="00:00:00.4533342" startTime="2016-08-04T10:29:26.7786347+02:00" endTime="2016-08-04T10:29:27.2337850+02:00" testType="13cdc9d9-ddb5-4fa4-a97d-d965ccfc6d4b" outcome="Passed" testListId="8c84fa94-04c1-424b-9868-57a2d4851a1d" relativeResultsDirectory="177c178f-4f5b-4ffc-84fe-5ee85a855066" />
    <UnitTestResult executionId="f0cf73d0-e404-469f-9dfb-b0c161f50332" testId="f1fda5c7-ec38-b0f6-30e3-00051939f97d" testName="Add_ValidProperties_IdAndTimesAreUpdatedCorrectly" computerName="ICSWS068" duration="00:00:00.4927116" startTime="2016-08-04T10:29:27.2372873+02:00" endTime="2016-08-04T10:29:27.7321446+02:00" testType="13cdc9d9-ddb5-4fa4-a97d-d965ccfc6d4b" outcome="Passed" testListId="8c84fa94-04c1-424b-9868-57a2d4851a1d" relativeResultsDirectory="f0cf73d0-e404-469f-9dfb-b0c161f50332" />
    <UnitTestResult executionId="9d706cfb-2f49-4dfe-a6e2-d9d07bd138e0" testId="2897cf61-9947-e46c-cb39-10f6bc1ab849" testName="Add_ComplexProperties_ArePersistedCorrectly" computerName="ICSWS068" duration="00:00:00.4642460" startTime="2016-08-04T10:29:27.7551609+02:00" endTime="2016-08-04T10:29:28.2214984+02:00" testType="13cdc9d9-ddb5-4fa4-a97d-d965ccfc6d4b" outcome="Passed" testListId="8c84fa94-04c1-424b-9868-57a2d4851a1d" relativeResultsDirectory="9d706cfb-2f49-4dfe-a6e2-d9d07bd138e0" />
    <UnitTestResult executionId="80283b38-4a52-41d0-841f-48c4fd8bce67" testId="41ad1846-17c6-ee1d-36d4-2fd2cabbab7a" testName="Update_NullName_ThrowsConditionalErrorException" computerName="ICSWS068" duration="00:00:00.4719953" startTime="2016-08-04T10:29:28.2245010+02:00" endTime="2016-08-04T10:29:28.6983437+02:00" testType="13cdc9d9-ddb5-4fa4-a97d-d965ccfc6d4b" outcome="Passed" testListId="8c84fa94-04c1-424b-9868-57a2d4851a1d" relativeResultsDirectory="80283b38-4a52-41d0-841f-48c4fd8bce67" />
    <UnitTestResult executionId="5f014134-9b5d-45af-b1d7-9cbeb5437bfb" testId="dbc55ad4-6cff-7e7d-5475-ad40913b0f8d" testName="Update_EmtpyName_ThrowsStringLengthErrorException" computerName="ICSWS068" duration="00:00:00.3847848" startTime="2016-08-04T10:29:28.7023460+02:00" endTime="2016-08-04T10:29:29.0890942+02:00" testType="13cdc9d9-ddb5-4fa4-a97d-d965ccfc6d4b" outcome="Passed" testListId="8c84fa94-04c1-424b-9868-57a2d4851a1d" relativeResultsDirectory="5f014134-9b5d-45af-b1d7-9cbeb5437bfb" />
    <UnitTestResult executionId="fa46f308-e7d1-4370-8874-a10da957529d" testId="c4082036-05e5-df0b-7c6c-e7e2ffe658c1" testName="Update_WhitespaceOnlyName_ThrowsStringLengthErrorException" computerName="ICSWS068" duration="00:00:00.3883753" startTime="2016-08-04T10:29:29.0925965+02:00" endTime="2016-08-04T10:29:29.4823952+02:00" testType="13cdc9d9-ddb5-4fa4-a97d-d965ccfc6d4b" outcome="Passed" testListId="8c84fa94-04c1-424b-9868-57a2d4851a1d" relativeResultsDirectory="fa46f308-e7d1-4370-8874-a10da957529d" />
    <UnitTestResult executionId="d65a3b1e-80d1-47e2-b523-d3c4da702667" testId="bf2613aa-a8a6-7d50-8827-42bafcb225db" testName="Update_TooLongName_ThrowsStringLengthErrorException" computerName="ICSWS068" duration="00:00:00.3687834" startTime="2016-08-04T10:29:29.4853972+02:00" endTime="2016-08-04T10:29:29.8561653+02:00" testType="13cdc9d9-ddb5-4fa4-a97d-d965ccfc6d4b" outcome="Passed" testListId="8c84fa94-04c1-424b-9868-57a2d4851a1d" relativeResultsDirectory="d65a3b1e-80d1-47e2-b523-d3c4da702667" />
    <UnitTestResult executionId="04ffae03-30ae-4599-8bca-37f65ef5d683" testId="f8be8179-d5d1-4f38-4b95-cbfee3d567d1" testName="Update_ComplexProperties_ArePersistedCorrectly" computerName="ICSWS068" duration="00:00:00.4078816" startTime="2016-08-04T10:29:29.8591676+02:00" endTime="2016-08-04T10:29:30.2683988+02:00" testType="13cdc9d9-ddb5-4fa4-a97d-d965ccfc6d4b" outcome="Passed" testListId="8c84fa94-04c1-424b-9868-57a2d4851a1d" relativeResultsDirectory="04ffae03-30ae-4599-8bca-37f65ef5d683" />
    <UnitTestResult executionId="a985af12-703a-427b-9bc2-58a088cb63db" testId="3c797a24-3ef7-49c6-402f-b8a5d0c37387" testName="Update_UnchangedName_Succeeds" computerName="ICSWS068" duration="00:00:00.3797154" startTime="2016-08-04T10:29:30.2714011+02:00" endTime="2016-08-04T10:29:30.6525046+02:00" testType="13cdc9d9-ddb5-4fa4-a97d-d965ccfc6d4b" outcome="Passed" testListId="8c84fa94-04c1-424b-9868-57a2d4851a1d" relativeResultsDirectory="a985af12-703a-427b-9bc2-58a088cb63db" />
    <UnitTestResult executionId="b627ab06-e222-448a-8216-7050497be3e5" testId="1cd87d10-2fa9-6d4c-cbf4-3ec3bb028b06" testName="DeleteExistingFavorite_SuccessfullyDeletesFavorite" computerName="ICSWS068" duration="00:00:00.3823435" startTime="2016-08-04T10:29:30.6560119+02:00" endTime="2016-08-04T10:29:31.0403689+02:00" testType="13cdc9d9-ddb5-4fa4-a97d-d965ccfc6d4b" outcome="Passed" testListId="8c84fa94-04c1-424b-9868-57a2d4851a1d" relativeResultsDirectory="b627ab06-e222-448a-8216-7050497be3e5" />
    <UnitTestResult executionId="599f5ffc-7420-4cce-a61b-dfc2629f5101" testId="e31198b6-9e9f-55c8-50f8-a36c465c6b7d" testName="GetUserFavorites_ValidUsers_ReturnsCorrectSequence" computerName="ICSWS068" duration="00:00:00.3660864" startTime="2016-08-04T10:29:31.0433695+02:00" endTime="2016-08-04T10:29:31.4106078+02:00" testType="13cdc9d9-ddb5-4fa4-a97d-d965ccfc6d4b" outcome="Passed" testListId="8c84fa94-04c1-424b-9868-57a2d4851a1d" relativeResultsDirectory="599f5ffc-7420-4cce-a61b-dfc2629f5101" />
    <UnitTestResult executionId="1a546e9d-09bf-4247-9967-a89b130faacb" testId="e66b7832-0be9-2249-1de7-6566c659acfb" testName="GetUserFavorites_InvalidUser_ReturnsEmptySequence" computerName="ICSWS068" duration="00:00:00.3806538" startTime="2016-08-04T10:29:31.4143937+02:00" endTime="2016-08-04T10:29:31.7967684+02:00" testType="13cdc9d9-ddb5-4fa4-a97d-d965ccfc6d4b" outcome="Passed" testListId="8c84fa94-04c1-424b-9868-57a2d4851a1d" relativeResultsDirectory="1a546e9d-09bf-4247-9967-a89b130faacb" />
    <UnitTestResult executionId="dac97dd1-95d7-4225-89b8-2f2f2f31eae7" testId="b4414ccd-3b7c-dbf1-0e3d-069270f860ae" testName="GetUserFavoritesAsync_ValidUsers_ReturnsCorrectSequence" computerName="ICSWS068" duration="00:00:00.3639122" startTime="2016-08-04T10:29:31.8002710+02:00" endTime="2016-08-04T10:29:32.1656305+02:00" testType="13cdc9d9-ddb5-4fa4-a97d-d965ccfc6d4b" outcome="Passed" testListId="8c84fa94-04c1-424b-9868-57a2d4851a1d" relativeResultsDirectory="dac97dd1-95d7-4225-89b8-2f2f2f31eae7" />
    <UnitTestResult executionId="7849bfe7-e05d-4561-b163-cf4fe3df1bd9" testId="835ffb59-1293-4493-8bca-823517f80995" testName="GetUserFavoritesAsync_InvalidUser_ReturnsEmptySequence" computerName="ICSWS068" duration="00:00:00.3524146" startTime="2016-08-04T10:29:32.1686313+02:00" endTime="2016-08-04T10:29:32.5227558+02:00" testType="13cdc9d9-ddb5-4fa4-a97d-d965ccfc6d4b" outcome="Passed" testListId="8c84fa94-04c1-424b-9868-57a2d4851a1d" relativeResultsDirectory="7849bfe7-e05d-4561-b163-cf4fe3df1bd9" />
  </Results>
  <TestDefinitions>
    <UnitTest name="Serialize_Works" storage="f:\etwork\bin\tests\sysintgtests.icore.common.entities.dll" id="84f3d16e-388c-5139-85d1-0a1e0b7ff23c">
      <Execution id="368f40cc-a14d-4873-ba37-ebf01c1d8255" />
      <TestMethod codeBase="F:\ETWork\bin\Tests\SysIntgTests.iCore.Common.Entities.dll" adapterTypeName="Microsoft.VisualStudio.TestTools.TestTypes.Unit.UnitTestAdapter" className="UnitTests.iCore.Public.Entities.PublicSystemContextImplTests" name="Serialize_Works" />
    </UnitTest>
    <UnitTest name="Invoke_GeneratingLocalSystem_CompilationSuccess" storage="f:\etwork\bin\tests\sysintgtests.icore.common.entities.dll" id="7921075c-e798-5ced-9653-5754933ea5fa">
      <TestCategory>
        <TestCategoryItem TestCategory="Local.System" />
        <TestCategoryItem TestCategory="SystemIntegration" />
      </TestCategory>
      <Execution id="26b822c3-7db4-4ff7-a99b-af978d47d6bc" />
      <TestMethod codeBase="F:\ETWork\bin\Tests\SysIntgTests.iCore.Common.Entities.dll" adapterTypeName="Microsoft.VisualStudio.TestTools.TestTypes.Unit.UnitTestAdapter" className="SysIntgTests.iCoreCommonEntities.LocalSystemClassesTest" name="Invoke_GeneratingLocalSystem_CompilationSuccess" />
    </UnitTest>
    <UnitTest name="GeneratingLocalSystem_VerifyingAssembly_HasValidAssemblyVersion" storage="f:\etwork\bin\tests\sysintgtests.icore.common.entities.dll" id="d6ce8262-259f-74e2-2bf5-daa77a932845">
      <TestCategory>
        <TestCategoryItem TestCategory="Local.System" />
        <TestCategoryItem TestCategory="SystemIntegration" />
      </TestCategory>
      <Execution id="b4803e45-bc77-49c0-81da-f57b7947a9e3" />
      <TestMethod codeBase="F:\ETWork\bin\Tests\SysIntgTests.iCore.Common.Entities.dll" adapterTypeName="Microsoft.VisualStudio.TestTools.TestTypes.Unit.UnitTestAdapter" className="SysIntgTests.iCoreCommonEntities.LocalSystemClassesTest" name="GeneratingLocalSystem_VerifyingAssembly_HasValidAssemblyVersion" />
    </UnitTest>
    <UnitTest name="GeneratingLocalSystem_VerifyingAssembly_HasValidAssemblyPkt" storage="f:\etwork\bin\tests\sysintgtests.icore.common.entities.dll" id="dbff6c32-bc95-ee6b-f994-8c15928acaa0">
      <TestCategory>
        <TestCategoryItem TestCategory="SystemIntegration" />
        <TestCategoryItem TestCategory="Local.System.Context" />
      </TestCategory>
      <Execution id="e26c0238-c6b1-4391-bf8a-a8bb337c3929" />
      <TestMethod codeBase="F:\ETWork\bin\Tests\SysIntgTests.iCore.Common.Entities.dll" adapterTypeName="Microsoft.VisualStudio.TestTools.TestTypes.Unit.UnitTestAdapter" className="SysIntgTests.iCoreCommonEntities.LocalSystemClassesTest" name="GeneratingLocalSystem_VerifyingAssembly_HasValidAssemblyPkt" />
    </UnitTest>
    <UnitTest name="GeneratingLocalSystem_VerifyExistenceOfContextClass_ContextExists" storage="f:\etwork\bin\tests\sysintgtests.icore.common.entities.dll" id="e5bb89e5-5aed-ce69-72a7-3c314da78d02">
      <TestCategory>
        <TestCategoryItem TestCategory="SystemIntegration" />
        <TestCategoryItem TestCategory="Local.System.Context" />
      </TestCategory>
      <Execution id="0e429b66-ebb8-4e71-a6df-beac76151f06" />
      <TestMethod codeBase="F:\ETWork\bin\Tests\SysIntgTests.iCore.Common.Entities.dll" adapterTypeName="Microsoft.VisualStudio.TestTools.TestTypes.Unit.UnitTestAdapter" className="SysIntgTests.iCoreCommonEntities.LocalSystemClassesTest" name="GeneratingLocalSystem_VerifyExistenceOfContextClass_ContextExists" />
    </UnitTest>
    <UnitTest name="GeneratingLocalSystem_VerifyMethodsOfContext_MethodCountMatches" storage="f:\etwork\bin\tests\sysintgtests.icore.common.entities.dll" id="b4d3a324-8ce3-5f55-c620-39712f8348c3">
      <TestCategory>
        <TestCategoryItem TestCategory="SystemIntegration" />
        <TestCategoryItem TestCategory="Local.System.Context" />
      </TestCategory>
      <Execution id="08dedb3b-5e9e-4c4e-8319-23a83bfe1703" />
      <TestMethod codeBase="F:\ETWork\bin\Tests\SysIntgTests.iCore.Common.Entities.dll" adapterTypeName="Microsoft.VisualStudio.TestTools.TestTypes.Unit.UnitTestAdapter" className="SysIntgTests.iCoreCommonEntities.LocalSystemClassesTest" name="GeneratingLocalSystem_VerifyMethodsOfContext_MethodCountMatches" />
    </UnitTest>
    <UnitTest name="GeneratingLocalSystem_VerifyContextPropertiesExists_PropertiesExists" storage="f:\etwork\bin\tests\sysintgtests.icore.common.entities.dll" id="d3aad799-833b-99b4-0d3c-b51932b42c78">
      <TestCategory>
        <TestCategoryItem TestCategory="SystemIntegration" />
        <TestCategoryItem TestCategory="Local.System.Context" />
      </TestCategory>
      <Execution id="a19f1fb3-5435-4664-aff4-38d055951ab9" />
      <TestMethod codeBase="F:\ETWork\bin\Tests\SysIntgTests.iCore.Common.Entities.dll" adapterTypeName="Microsoft.VisualStudio.TestTools.TestTypes.Unit.UnitTestAdapter" className="SysIntgTests.iCoreCommonEntities.LocalSystemClassesTest" name="GeneratingLocalSystem_VerifyContextPropertiesExists_PropertiesExists" />
    </UnitTest>
    <UnitTest name="GeneratringLocalSystem_PublicTypeFactory_Exists" storage="f:\etwork\bin\tests\sysintgtests.icore.common.entities.dll" id="548013a4-e774-291e-0e78-08b2eab431e1">
      <Execution id="9b3b8359-f6f3-476f-93e3-b83ba0ecfce1" />
      <TestMethod codeBase="F:\ETWork\bin\Tests\SysIntgTests.iCore.Common.Entities.dll" adapterTypeName="Microsoft.VisualStudio.TestTools.TestTypes.Unit.UnitTestAdapter" className="SysIntgTests.iCoreCommonEntities.LocalSystemClassesTest" name="GeneratringLocalSystem_PublicTypeFactory_Exists" />
    </UnitTest>
    <UnitTest name="GeneratingLocalSystem_VerifySettingAttributeGroups_TypeForEachGroupExists" storage="f:\etwork\bin\tests\sysintgtests.icore.common.entities.dll" id="dfacec83-f1be-76ad-e27c-4eae7e4736bf">
      <TestCategory>
        <TestCategoryItem TestCategory="SystemIntegration" />
        <TestCategoryItem TestCategory="Local.System.Setting" />
      </TestCategory>
      <Execution id="f94d0f4f-e333-4326-b993-899c3ece8ed5" />
      <TestMethod codeBase="F:\ETWork\bin\Tests\SysIntgTests.iCore.Common.Entities.dll" adapterTypeName="Microsoft.VisualStudio.TestTools.TestTypes.Unit.UnitTestAdapter" className="SysIntgTests.iCoreCommonEntities.LocalSystemClassesTest" name="GeneratingLocalSystem_VerifySettingAttributeGroups_TypeForEachGroupExists" />
    </UnitTest>
    <UnitTest name="GeneratingLocalSystem_VerifySettingAttributeGroupTypes_PropertyForEachAttributeExists" storage="f:\etwork\bin\tests\sysintgtests.icore.common.entities.dll" id="ef0332b2-87b8-fb54-919d-b0f85376ca1b">
      <Execution id="8afcd8ee-4f4b-432b-94f3-35d314d52011" />
      <TestMethod codeBase="F:\ETWork\bin\Tests\SysIntgTests.iCore.Common.Entities.dll" adapterTypeName="Microsoft.VisualStudio.TestTools.TestTypes.Unit.UnitTestAdapter" className="SysIntgTests.iCoreCommonEntities.LocalSystemClassesTest" name="GeneratingLocalSystem_VerifySettingAttributeGroupTypes_PropertyForEachAttributeExists" />
    </UnitTest>
    <UnitTest name="GeneratingLocalSystem_VerifySettingAttributeValue_ValueIsReturned" storage="f:\etwork\bin\tests\sysintgtests.icore.common.entities.dll" id="602a5413-2631-9ac0-4b5e-898497ebbd84">
      <TestCategory>
        <TestCategoryItem TestCategory="SystemIntegration" />
        <TestCategoryItem TestCategory="Local.System.Setting" />
      </TestCategory>
      <Execution id="3eb84853-0a67-40c9-abd3-1d5438f30d59" />
      <TestMethod codeBase="F:\ETWork\bin\Tests\SysIntgTests.iCore.Common.Entities.dll" adapterTypeName="Microsoft.VisualStudio.TestTools.TestTypes.Unit.UnitTestAdapter" className="SysIntgTests.iCoreCommonEntities.LocalSystemClassesTest" name="GeneratingLocalSystem_VerifySettingAttributeValue_ValueIsReturned" />
    </UnitTest>
    <UnitTest name="GeneratingLocalSystem_VerifySettingAttributeValueWhereValueIsMissing_DefaultValueIsReturned" storage="f:\etwork\bin\tests\sysintgtests.icore.common.entities.dll" id="d8e9bb70-f0d1-19fe-b4b6-502f50241903">
      <TestCategory>
        <TestCategoryItem TestCategory="SystemIntegration" />
        <TestCategoryItem TestCategory="Local.System.Setting" />
      </TestCategory>
      <Execution id="37edd1fb-236a-4041-9aa0-cb8f9706b927" />
      <TestMethod codeBase="F:\ETWork\bin\Tests\SysIntgTests.iCore.Common.Entities.dll" adapterTypeName="Microsoft.VisualStudio.TestTools.TestTypes.Unit.UnitTestAdapter" className="SysIntgTests.iCoreCommonEntities.LocalSystemClassesTest" name="GeneratingLocalSystem_VerifySettingAttributeValueWhereValueIsMissing_DefaultValueIsReturned" />
    </UnitTest>
    <UnitTest name="GeneratingLocalSystem_VerifyPartnerAttributeGroups_TypeForEachGroupExists" storage="f:\etwork\bin\tests\sysintgtests.icore.common.entities.dll" id="e6a91f4f-089d-0099-e35d-a94befab8677">
      <TestCategory>
        <TestCategoryItem TestCategory="SystemIntegration" />
        <TestCategoryItem TestCategory="Local.System.Partner" />
      </TestCategory>
      <Execution id="bf6100ed-b5ba-4fc0-8d65-fd966fb3a9dd" />
      <TestMethod codeBase="F:\ETWork\bin\Tests\SysIntgTests.iCore.Common.Entities.dll" adapterTypeName="Microsoft.VisualStudio.TestTools.TestTypes.Unit.UnitTestAdapter" className="SysIntgTests.iCoreCommonEntities.LocalSystemClassesTest" name="GeneratingLocalSystem_VerifyPartnerAttributeGroups_TypeForEachGroupExists" />
    </UnitTest>
    <UnitTest name="GeneratingLocalSystem_VerifyPartnerAttributeGroupTypes_PropertyForEachAttributeExists" storage="f:\etwork\bin\tests\sysintgtests.icore.common.entities.dll" id="fdef10c2-44ec-b74a-5130-97c839f5d1da">
      <Execution id="13c00fdb-63f2-4aee-99e6-45c4ac62904e" />
      <TestMethod codeBase="F:\ETWork\bin\Tests\SysIntgTests.iCore.Common.Entities.dll" adapterTypeName="Microsoft.VisualStudio.TestTools.TestTypes.Unit.UnitTestAdapter" className="SysIntgTests.iCoreCommonEntities.LocalSystemClassesTest" name="GeneratingLocalSystem_VerifyPartnerAttributeGroupTypes_PropertyForEachAttributeExists" />
    </UnitTest>
    <UnitTest name="GeneratingLocalSystem_VerifyPartnerAttributeValue_ValueIsReturned" storage="f:\etwork\bin\tests\sysintgtests.icore.common.entities.dll" id="4a287084-b960-c671-fb73-569b29a45e4f">
      <TestCategory>
        <TestCategoryItem TestCategory="SystemIntegration" />
        <TestCategoryItem TestCategory="Local.System.Partner" />
      </TestCategory>
      <Execution id="72f81835-0225-49e3-9b3a-b9c5678a92d2" />
      <TestMethod codeBase="F:\ETWork\bin\Tests\SysIntgTests.iCore.Common.Entities.dll" adapterTypeName="Microsoft.VisualStudio.TestTools.TestTypes.Unit.UnitTestAdapter" className="SysIntgTests.iCoreCommonEntities.LocalSystemClassesTest" name="GeneratingLocalSystem_VerifyPartnerAttributeValue_ValueIsReturned" />
    </UnitTest>
    <UnitTest name="GeneratingLocalSystem_VerifyPartnerAttributeValueWhereValueIsMissing_DefaultValueIsReturned" storage="f:\etwork\bin\tests\sysintgtests.icore.common.entities.dll" id="b8176bd5-6a03-19a4-83fd-677319111bea">
      <TestCategory>
        <TestCategoryItem TestCategory="SystemIntegration" />
        <TestCategoryItem TestCategory="Local.System.Partner" />
      </TestCategory>
      <Execution id="d2526cea-1c8d-4522-b706-c2c45ee04d85" />
      <TestMethod codeBase="F:\ETWork\bin\Tests\SysIntgTests.iCore.Common.Entities.dll" adapterTypeName="Microsoft.VisualStudio.TestTools.TestTypes.Unit.UnitTestAdapter" className="SysIntgTests.iCoreCommonEntities.LocalSystemClassesTest" name="GeneratingLocalSystem_VerifyPartnerAttributeValueWhereValueIsMissing_DefaultValueIsReturned" />
    </UnitTest>
    <UnitTest name="ConstructorWithSystemContect_ValidContext_Success" storage="f:\etwork\bin\tests\sysintgtests.icore.common.entities.dll" id="d969dc0b-3265-a1d1-4aed-2cae0b6f96fa">
      <TestCategory>
        <TestCategoryItem TestCategory="Entities" />
        <TestCategoryItem TestCategory="SystemIntegration" />
      </TestCategory>
      <Execution id="cab9fcc5-9817-4ec6-9276-e299e7161013" />
      <TestMethod codeBase="F:\ETWork\bin\Tests\SysIntgTests.iCore.Common.Entities.dll" adapterTypeName="Microsoft.VisualStudio.TestTools.TestTypes.Unit.UnitTestAdapter" className="SysIntgTests.iCore.Common.Entities.AttachedMachineTests" name="ConstructorWithSystemContect_ValidContext_Success" />
    </UnitTest>
    <UnitTest name="ConstructorWithSystemContect_ValidIcon_IconIsNotNull" storage="f:\etwork\bin\tests\sysintgtests.icore.common.entities.dll" id="e319bf19-3125-dbc2-ba5d-2fa3803476fe">
      <TestCategory>
        <TestCategoryItem TestCategory="Entities" />
        <TestCategoryItem TestCategory="SystemIntegration" />
      </TestCategory>
      <Execution id="a9984366-55a0-40b3-8e6f-f1a9116787d7" />
      <TestMethod codeBase="F:\ETWork\bin\Tests\SysIntgTests.iCore.Common.Entities.dll" adapterTypeName="Microsoft.VisualStudio.TestTools.TestTypes.Unit.UnitTestAdapter" className="SysIntgTests.iCore.Common.Entities.AttachedMachineTests" name="ConstructorWithSystemContect_ValidIcon_IconIsNotNull" />
    </UnitTest>
    <UnitTest name="Exists_KnownAttachedMachineName_ReturnsTrue (Data Row 0)" storage="f:\etwork\bin\tests\sysintgtests.icore.common.entities.dll" id="4e37b941-7b2c-4447-acd1-16cb2bcf2ce2">
      <TestCategory>
        <TestCategoryItem TestCategory="Entities" />
        <TestCategoryItem TestCategory="SystemIntegration" />
      </TestCategory>
      <Execution id="32199a4a-664f-438c-804e-6f71dc444cbd" />
      <TestMethod codeBase="F:\ETWork\bin\Tests\SysIntgTests.iCore.Common.Entities.dll" adapterTypeName="Microsoft.VisualStudio.TestTools.TestTypes.Unit.UnitTestAdapter" className="SysIntgTests.iCore.Common.Entities.AttachedMachineTests" name="Exists_KnownAttachedMachineName_ReturnsTrue (Data Row 0)" />
    </UnitTest>
    <UnitTest name="Exists_KnownAttachedMachineName_ReturnsTrue (Data Row 1)" storage="f:\etwork\bin\tests\sysintgtests.icore.common.entities.dll" id="26f93ad6-fd3b-466e-9ea7-be0eb9707dab">
      <TestCategory>
        <TestCategoryItem TestCategory="Entities" />
        <TestCategoryItem TestCategory="SystemIntegration" />
      </TestCategory>
      <Execution id="a71adbae-f397-419d-a1e0-6345d4b75153" />
      <TestMethod codeBase="F:\ETWork\bin\Tests\SysIntgTests.iCore.Common.Entities.dll" adapterTypeName="Microsoft.VisualStudio.TestTools.TestTypes.Unit.UnitTestAdapter" className="SysIntgTests.iCore.Common.Entities.AttachedMachineTests" name="Exists_KnownAttachedMachineName_ReturnsTrue (Data Row 1)" />
    </UnitTest>
    <UnitTest name="Exists_KnownAttachedMachineKey_ReturnsTrue (Data Row 0)" storage="f:\etwork\bin\tests\sysintgtests.icore.common.entities.dll" id="d3420231-41ed-4f85-9c59-354c5276913d">
      <TestCategory>
        <TestCategoryItem TestCategory="Entities" />
        <TestCategoryItem TestCategory="SystemIntegration" />
      </TestCategory>
      <Execution id="b4bb2616-3acb-42aa-bbbb-565b66a4ebfd" />
      <TestMethod codeBase="F:\ETWork\bin\Tests\SysIntgTests.iCore.Common.Entities.dll" adapterTypeName="Microsoft.VisualStudio.TestTools.TestTypes.Unit.UnitTestAdapter" className="SysIntgTests.iCore.Common.Entities.AttachedMachineTests" name="Exists_KnownAttachedMachineKey_ReturnsTrue (Data Row 0)" />
    </UnitTest>
    <UnitTest name="Exists_KnownAttachedMachineKey_ReturnsTrue (Data Row 1)" storage="f:\etwork\bin\tests\sysintgtests.icore.common.entities.dll" id="942ed137-72b2-43d4-8d37-2b0988e96c97">
      <TestCategory>
        <TestCategoryItem TestCategory="Entities" />
        <TestCategoryItem TestCategory="SystemIntegration" />
      </TestCategory>
      <Execution id="e8a4577a-6082-4af8-b4f8-3af3dd7211de" />
      <TestMethod codeBase="F:\ETWork\bin\Tests\SysIntgTests.iCore.Common.Entities.dll" adapterTypeName="Microsoft.VisualStudio.TestTools.TestTypes.Unit.UnitTestAdapter" className="SysIntgTests.iCore.Common.Entities.AttachedMachineTests" name="Exists_KnownAttachedMachineKey_ReturnsTrue (Data Row 1)" />
    </UnitTest>
    <UnitTest name="Exists_NonExistsingMachineId_False" storage="f:\etwork\bin\tests\sysintgtests.icore.common.entities.dll" id="aec348e0-cb2a-ee17-5c50-49ad3246a90a">
      <TestCategory>
        <TestCategoryItem TestCategory="Entities" />
        <TestCategoryItem TestCategory="SystemIntegration" />
      </TestCategory>
      <Execution id="a20142fc-3bff-442f-ac07-f926c469e4b3" />
      <TestMethod codeBase="F:\ETWork\bin\Tests\SysIntgTests.iCore.Common.Entities.dll" adapterTypeName="Microsoft.VisualStudio.TestTools.TestTypes.Unit.UnitTestAdapter" className="SysIntgTests.iCore.Common.Entities.AttachedMachineTests" name="Exists_NonExistsingMachineId_False" />
    </UnitTest>
    <UnitTest name="Exists_NonExistsingAttachedMachineKey_False" storage="f:\etwork\bin\tests\sysintgtests.icore.common.entities.dll" id="60019d20-ad77-f7db-ecd6-b323af60d12d">
      <TestCategory>
        <TestCategoryItem TestCategory="Entities" />
        <TestCategoryItem TestCategory="SystemIntegration" />
      </TestCategory>
      <Execution id="aa7b0e5c-f074-41fb-bce6-dfe3d8bac955" />
      <TestMethod codeBase="F:\ETWork\bin\Tests\SysIntgTests.iCore.Common.Entities.dll" adapterTypeName="Microsoft.VisualStudio.TestTools.TestTypes.Unit.UnitTestAdapter" className="SysIntgTests.iCore.Common.Entities.AttachedMachineTests" name="Exists_NonExistsingAttachedMachineKey_False" />
    </UnitTest>
    <UnitTest name="ExistsCurrentMachine_CurrentMachineIsKnownValidAttachedMachine_ReturnsTrue" storage="f:\etwork\bin\tests\sysintgtests.icore.common.entities.dll" id="59464acc-d618-6caa-b377-5535e918ce27">
      <TestCategory>
        <TestCategoryItem TestCategory="Entities" />
        <TestCategoryItem TestCategory="SystemIntegration" />
      </TestCategory>
      <Execution id="e71372fd-c415-4557-a661-b59d249d4d2d" />
      <TestMethod codeBase="F:\ETWork\bin\Tests\SysIntgTests.iCore.Common.Entities.dll" adapterTypeName="Microsoft.VisualStudio.TestTools.TestTypes.Unit.UnitTestAdapter" className="SysIntgTests.iCore.Common.Entities.AttachedMachineTests" name="ExistsCurrentMachine_CurrentMachineIsKnownValidAttachedMachine_ReturnsTrue" />
    </UnitTest>
    <UnitTest name="ExistsCurrentMachine_CurrentMachineIsKnownInvalidAttachedMachine_ReturnsTrue" storage="f:\etwork\bin\tests\sysintgtests.icore.common.entities.dll" id="fbe60db0-fbb1-dc72-e294-dd659e951aee">
      <TestCategory>
        <TestCategoryItem TestCategory="Entities" />
        <TestCategoryItem TestCategory="SystemIntegration" />
      </TestCategory>
      <Execution id="fc49d70d-7c90-400d-9ff6-d943d5e54a3e" />
      <TestMethod codeBase="F:\ETWork\bin\Tests\SysIntgTests.iCore.Common.Entities.dll" adapterTypeName="Microsoft.VisualStudio.TestTools.TestTypes.Unit.UnitTestAdapter" className="SysIntgTests.iCore.Common.Entities.AttachedMachineTests" name="ExistsCurrentMachine_CurrentMachineIsKnownInvalidAttachedMachine_ReturnsTrue" />
    </UnitTest>
    <UnitTest name="ExistsCurrentMachine_CurrentMachineIsNotKnownAttachedMachine_ReturnsFalse" storage="f:\etwork\bin\tests\sysintgtests.icore.common.entities.dll" id="a6530685-9e07-8799-b1ca-e4baf1879727">
      <TestCategory>
        <TestCategoryItem TestCategory="Entities" />
        <TestCategoryItem TestCategory="SystemIntegration" />
      </TestCategory>
      <Execution id="b939dbab-6ce6-4b0b-bd4a-e99004aa1c28" />
      <TestMethod codeBase="F:\ETWork\bin\Tests\SysIntgTests.iCore.Common.Entities.dll" adapterTypeName="Microsoft.VisualStudio.TestTools.TestTypes.Unit.UnitTestAdapter" className="SysIntgTests.iCore.Common.Entities.AttachedMachineTests" name="ExistsCurrentMachine_CurrentMachineIsNotKnownAttachedMachine_ReturnsFalse" />
    </UnitTest>
    <UnitTest name="List_All_ShouldReturnNonEmptyEnumeration" storage="f:\etwork\bin\tests\sysintgtests.icore.common.entities.dll" id="c6de67e7-8f1f-ca3e-ee89-1658c9c77f2d">
      <TestCategory>
        <TestCategoryItem TestCategory="Entities" />
        <TestCategoryItem TestCategory="SystemIntegration" />
      </TestCategory>
      <Execution id="b8a2ecad-71f4-426d-8132-851b20025ee5" />
      <TestMethod codeBase="F:\ETWork\bin\Tests\SysIntgTests.iCore.Common.Entities.dll" adapterTypeName="Microsoft.VisualStudio.TestTools.TestTypes.Unit.UnitTestAdapter" className="SysIntgTests.iCore.Common.Entities.AttachedMachineTests" name="List_All_ShouldReturnNonEmptyEnumeration" />
    </UnitTest>
    <UnitTest name="List_All_ResultContainsEachKnownAttachedMachineOnce (Data Row 0)" storage="f:\etwork\bin\tests\sysintgtests.icore.common.entities.dll" id="0f7e946d-d211-4b7b-98ef-43188f96303e">
      <TestCategory>
        <TestCategoryItem TestCategory="Entities" />
        <TestCategoryItem TestCategory="SystemIntegration" />
      </TestCategory>
      <Execution id="26566544-6656-4bb9-b933-f6303c2bae56" />
      <TestMethod codeBase="F:\ETWork\bin\Tests\SysIntgTests.iCore.Common.Entities.dll" adapterTypeName="Microsoft.VisualStudio.TestTools.TestTypes.Unit.UnitTestAdapter" className="SysIntgTests.iCore.Common.Entities.AttachedMachineTests" name="List_All_ResultContainsEachKnownAttachedMachineOnce (Data Row 0)" />
    </UnitTest>
    <UnitTest name="List_All_ResultContainsEachKnownAttachedMachineOnce (Data Row 1)" storage="f:\etwork\bin\tests\sysintgtests.icore.common.entities.dll" id="334d2673-649b-4cfd-ad91-e839ab8c21b6">
      <TestCategory>
        <TestCategoryItem TestCategory="Entities" />
        <TestCategoryItem TestCategory="SystemIntegration" />
      </TestCategory>
      <Execution id="5a4e430d-9fed-4407-8d4f-07e2821ca2a4" />
      <TestMethod codeBase="F:\ETWork\bin\Tests\SysIntgTests.iCore.Common.Entities.dll" adapterTypeName="Microsoft.VisualStudio.TestTools.TestTypes.Unit.UnitTestAdapter" className="SysIntgTests.iCore.Common.Entities.AttachedMachineTests" name="List_All_ResultContainsEachKnownAttachedMachineOnce (Data Row 1)" />
    </UnitTest>
    <UnitTest name="List_All_ShouldSetSystemContextCorrectly" storage="f:\etwork\bin\tests\sysintgtests.icore.common.entities.dll" id="ec82c45f-69fa-0ffd-0d9e-4e2bcdad62bd">
      <TestCategory>
        <TestCategoryItem TestCategory="Entities" />
        <TestCategoryItem TestCategory="SystemIntegration" />
      </TestCategory>
      <Execution id="34d8b707-e13c-4175-8f41-ee6858022230" />
      <TestMethod codeBase="F:\ETWork\bin\Tests\SysIntgTests.iCore.Common.Entities.dll" adapterTypeName="Microsoft.VisualStudio.TestTools.TestTypes.Unit.UnitTestAdapter" className="SysIntgTests.iCore.Common.Entities.AttachedMachineTests" name="List_All_ShouldSetSystemContextCorrectly" />
    </UnitTest>
    <UnitTest name="GetByMachineId_GetExistingEntity_Success (Data Row 0)" storage="f:\etwork\bin\tests\sysintgtests.icore.common.entities.dll" id="ffe28b7b-57ed-4d6e-9b08-c6c1bb901c56">
      <TestCategory>
        <TestCategoryItem TestCategory="Entities" />
        <TestCategoryItem TestCategory="SystemIntegration" />
      </TestCategory>
      <Execution id="5b619cb0-2aae-4d78-942e-44b52cc22cac" />
      <TestMethod codeBase="F:\ETWork\bin\Tests\SysIntgTests.iCore.Common.Entities.dll" adapterTypeName="Microsoft.VisualStudio.TestTools.TestTypes.Unit.UnitTestAdapter" className="SysIntgTests.iCore.Common.Entities.AttachedMachineTests" name="GetByMachineId_GetExistingEntity_Success (Data Row 0)" />
    </UnitTest>
    <UnitTest name="GetByMachineId_GetExistingEntity_Success (Data Row 1)" storage="f:\etwork\bin\tests\sysintgtests.icore.common.entities.dll" id="9428af85-c6ed-4e59-bd36-e0a219c47bc8">
      <TestCategory>
        <TestCategoryItem TestCategory="Entities" />
        <TestCategoryItem TestCategory="SystemIntegration" />
      </TestCategory>
      <Execution id="aec92fb5-6afb-4353-9dc9-1e38207fbfc8" />
      <TestMethod codeBase="F:\ETWork\bin\Tests\SysIntgTests.iCore.Common.Entities.dll" adapterTypeName="Microsoft.VisualStudio.TestTools.TestTypes.Unit.UnitTestAdapter" className="SysIntgTests.iCore.Common.Entities.AttachedMachineTests" name="GetByMachineId_GetExistingEntity_Success (Data Row 1)" />
    </UnitTest>
    <UnitTest name="GetByMachineId_GetNonExistingEntity_Throws" storage="f:\etwork\bin\tests\sysintgtests.icore.common.entities.dll" id="2838bb16-e939-17e9-e0b1-9197b85da247">
      <TestCategory>
        <TestCategoryItem TestCategory="Entities" />
        <TestCategoryItem TestCategory="SystemIntegration" />
      </TestCategory>
      <Execution id="c213feca-b8b5-4b2f-a5fe-c65f7ccde849" />
      <TestMethod codeBase="F:\ETWork\bin\Tests\SysIntgTests.iCore.Common.Entities.dll" adapterTypeName="Microsoft.VisualStudio.TestTools.TestTypes.Unit.UnitTestAdapter" className="SysIntgTests.iCore.Common.Entities.AttachedMachineTests" name="GetByMachineId_GetNonExistingEntity_Throws" />
    </UnitTest>
    <UnitTest name="GetCurrentMachine_CurrentMachineIsExistingEntity_Success" storage="f:\etwork\bin\tests\sysintgtests.icore.common.entities.dll" id="142162d7-f1e7-0785-a738-a73f3cc21bf8">
      <TestCategory>
        <TestCategoryItem TestCategory="Entities" />
        <TestCategoryItem TestCategory="SystemIntegration" />
      </TestCategory>
      <Execution id="1d0cb852-95a9-4139-b4b1-07acf620d2c4" />
      <TestMethod codeBase="F:\ETWork\bin\Tests\SysIntgTests.iCore.Common.Entities.dll" adapterTypeName="Microsoft.VisualStudio.TestTools.TestTypes.Unit.UnitTestAdapter" className="SysIntgTests.iCore.Common.Entities.AttachedMachineTests" name="GetCurrentMachine_CurrentMachineIsExistingEntity_Success" />
    </UnitTest>
    <UnitTest name="GetCurrentMachine_CurrentMachineIsNonExistingEntity_Throws" storage="f:\etwork\bin\tests\sysintgtests.icore.common.entities.dll" id="df696e89-3e34-9b2c-ee46-5954a7dbb475">
      <TestCategory>
        <TestCategoryItem TestCategory="Entities" />
        <TestCategoryItem TestCategory="SystemIntegration" />
      </TestCategory>
      <Execution id="761cc62d-3072-4616-8562-19dcbfe30397" />
      <TestMethod codeBase="F:\ETWork\bin\Tests\SysIntgTests.iCore.Common.Entities.dll" adapterTypeName="Microsoft.VisualStudio.TestTools.TestTypes.Unit.UnitTestAdapter" className="SysIntgTests.iCore.Common.Entities.AttachedMachineTests" name="GetCurrentMachine_CurrentMachineIsNonExistingEntity_Throws" />
    </UnitTest>
    <UnitTest name="GetByKey_GetExistingEntity_Success (Data Row 0)" storage="f:\etwork\bin\tests\sysintgtests.icore.common.entities.dll" id="18b96e34-2c4e-449c-a75c-2300b8e948ce">
      <TestCategory>
        <TestCategoryItem TestCategory="Entities" />
        <TestCategoryItem TestCategory="SystemIntegration" />
      </TestCategory>
      <Execution id="11a572fa-58f5-4fdf-9436-e39476e5a6c8" />
      <TestMethod codeBase="F:\ETWork\bin\Tests\SysIntgTests.iCore.Common.Entities.dll" adapterTypeName="Microsoft.VisualStudio.TestTools.TestTypes.Unit.UnitTestAdapter" className="SysIntgTests.iCore.Common.Entities.AttachedMachineTests" name="GetByKey_GetExistingEntity_Success (Data Row 0)" />
    </UnitTest>
    <UnitTest name="GetByKey_GetExistingEntity_Success (Data Row 1)" storage="f:\etwork\bin\tests\sysintgtests.icore.common.entities.dll" id="43900829-f83f-4c84-804c-6f3e89befffd">
      <TestCategory>
        <TestCategoryItem TestCategory="Entities" />
        <TestCategoryItem TestCategory="SystemIntegration" />
      </TestCategory>
      <Execution id="0ebf9e72-a2ce-450a-b3db-674e251a9401" />
      <TestMethod codeBase="F:\ETWork\bin\Tests\SysIntgTests.iCore.Common.Entities.dll" adapterTypeName="Microsoft.VisualStudio.TestTools.TestTypes.Unit.UnitTestAdapter" className="SysIntgTests.iCore.Common.Entities.AttachedMachineTests" name="GetByKey_GetExistingEntity_Success (Data Row 1)" />
    </UnitTest>
    <UnitTest name="GetByKey_GetNonExistingEntity_Throws" storage="f:\etwork\bin\tests\sysintgtests.icore.common.entities.dll" id="8371ffd1-e6b8-52ef-e0fb-a618a2459ef2">
      <TestCategory>
        <TestCategoryItem TestCategory="Entities" />
        <TestCategoryItem TestCategory="SystemIntegration" />
      </TestCategory>
      <Execution id="cc4228df-a46b-4214-abd3-b7ad74366881" />
      <TestMethod codeBase="F:\ETWork\bin\Tests\SysIntgTests.iCore.Common.Entities.dll" adapterTypeName="Microsoft.VisualStudio.TestTools.TestTypes.Unit.UnitTestAdapter" className="SysIntgTests.iCore.Common.Entities.AttachedMachineTests" name="GetByKey_GetNonExistingEntity_Throws" />
    </UnitTest>
    <UnitTest name="GetByKey_KeyIsOfWrongType_Throws" storage="f:\etwork\bin\tests\sysintgtests.icore.common.entities.dll" id="d1655a74-51b8-5371-7d52-64529d5bce37">
      <TestCategory>
        <TestCategoryItem TestCategory="Entities" />
        <TestCategoryItem TestCategory="SystemIntegration" />
      </TestCategory>
      <Execution id="4bccb028-ddee-4c18-8ba2-caa4f85d743e" />
      <TestMethod codeBase="F:\ETWork\bin\Tests\SysIntgTests.iCore.Common.Entities.dll" adapterTypeName="Microsoft.VisualStudio.TestTools.TestTypes.Unit.UnitTestAdapter" className="SysIntgTests.iCore.Common.Entities.AttachedMachineTests" name="GetByKey_KeyIsOfWrongType_Throws" />
    </UnitTest>
    <UnitTest name="Add_AddNonExisting_Success" storage="f:\etwork\bin\tests\sysintgtests.icore.common.entities.dll" id="fad5d4c8-dedc-1713-2a94-11e3d607808c">
      <TestCategory>
        <TestCategoryItem TestCategory="Entities" />
        <TestCategoryItem TestCategory="SystemIntegration" />
      </TestCategory>
      <Execution id="f3a590f4-59ef-4b2d-a546-e8a38b6fc14e" />
      <TestMethod codeBase="F:\ETWork\bin\Tests\SysIntgTests.iCore.Common.Entities.dll" adapterTypeName="Microsoft.VisualStudio.TestTools.TestTypes.Unit.UnitTestAdapter" className="SysIntgTests.iCore.Common.Entities.AttachedMachineTests" name="Add_AddNonExisting_Success" />
    </UnitTest>
    <UnitTest name="Add_AddNonExistingEncryptedEncryptionKeyIsNull_Success" storage="f:\etwork\bin\tests\sysintgtests.icore.common.entities.dll" id="04c703d6-99e8-cb73-6a6f-0bdd61770ea3">
      <TestCategory>
        <TestCategoryItem TestCategory="Entities" />
        <TestCategoryItem TestCategory="SystemIntegration" />
      </TestCategory>
      <Execution id="44aecd91-e0ea-46b5-bf8b-6e771ff9a856" />
      <TestMethod codeBase="F:\ETWork\bin\Tests\SysIntgTests.iCore.Common.Entities.dll" adapterTypeName="Microsoft.VisualStudio.TestTools.TestTypes.Unit.UnitTestAdapter" className="SysIntgTests.iCore.Common.Entities.AttachedMachineTests" name="Add_AddNonExistingEncryptedEncryptionKeyIsNull_Success" />
    </UnitTest>
    <UnitTest name="Add_MissingMachineId_ThrowsStringLengthErrorException" storage="f:\etwork\bin\tests\sysintgtests.icore.common.entities.dll" id="23bde909-7ba3-50fc-0971-d5431fe2be83">
      <TestCategory>
        <TestCategoryItem TestCategory="Entities" />
        <TestCategoryItem TestCategory="SystemIntegration" />
      </TestCategory>
      <Execution id="d6a13f06-0013-469d-b27a-524d38d04671" />
      <TestMethod codeBase="F:\ETWork\bin\Tests\SysIntgTests.iCore.Common.Entities.dll" adapterTypeName="Microsoft.VisualStudio.TestTools.TestTypes.Unit.UnitTestAdapter" className="SysIntgTests.iCore.Common.Entities.AttachedMachineTests" name="Add_MissingMachineId_ThrowsStringLengthErrorException" />
    </UnitTest>
    <UnitTest name="Add_AddDuplicate_ThrowsUniqueValueAddConflictException" storage="f:\etwork\bin\tests\sysintgtests.icore.common.entities.dll" id="7b10f4ff-82d1-a294-692e-5699c70cf752">
      <TestCategory>
        <TestCategoryItem TestCategory="Entities" />
        <TestCategoryItem TestCategory="SystemIntegration" />
      </TestCategory>
      <Execution id="47a72f89-5097-4a09-b329-702aef6f8c07" />
      <TestMethod codeBase="F:\ETWork\bin\Tests\SysIntgTests.iCore.Common.Entities.dll" adapterTypeName="Microsoft.VisualStudio.TestTools.TestTypes.Unit.UnitTestAdapter" className="SysIntgTests.iCore.Common.Entities.AttachedMachineTests" name="Add_AddDuplicate_ThrowsUniqueValueAddConflictException" />
    </UnitTest>
    <UnitTest name="AddCurrentMachine_AddNonExistingAsValid_Success" storage="f:\etwork\bin\tests\sysintgtests.icore.common.entities.dll" id="c0fb210c-9040-e0e9-dcdb-94ecdfb4436f">
      <TestCategory>
        <TestCategoryItem TestCategory="Entities" />
        <TestCategoryItem TestCategory="SystemIntegration" />
      </TestCategory>
      <Execution id="492b245d-68cd-4781-b780-3d69dcc2dbc0" />
      <TestMethod codeBase="F:\ETWork\bin\Tests\SysIntgTests.iCore.Common.Entities.dll" adapterTypeName="Microsoft.VisualStudio.TestTools.TestTypes.Unit.UnitTestAdapter" className="SysIntgTests.iCore.Common.Entities.AttachedMachineTests" name="AddCurrentMachine_AddNonExistingAsValid_Success" />
    </UnitTest>
    <UnitTest name="AddCurrentMachine_AddNonExistingAsInvalid_Success" storage="f:\etwork\bin\tests\sysintgtests.icore.common.entities.dll" id="46582fe4-8175-3d7b-79e4-7fefedad89bd">
      <TestCategory>
        <TestCategoryItem TestCategory="Entities" />
        <TestCategoryItem TestCategory="SystemIntegration" />
      </TestCategory>
      <Execution id="c312ca6b-7416-4173-9a55-d25382c43e8b" />
      <TestMethod codeBase="F:\ETWork\bin\Tests\SysIntgTests.iCore.Common.Entities.dll" adapterTypeName="Microsoft.VisualStudio.TestTools.TestTypes.Unit.UnitTestAdapter" className="SysIntgTests.iCore.Common.Entities.AttachedMachineTests" name="AddCurrentMachine_AddNonExistingAsInvalid_Success" />
    </UnitTest>
    <UnitTest name="AddCurrentMachine_AddDuplicate_ThrowsUniqueValueAddConflictException" storage="f:\etwork\bin\tests\sysintgtests.icore.common.entities.dll" id="5bf658f8-78d5-c039-f0fb-2dd3d088181a">
      <TestCategory>
        <TestCategoryItem TestCategory="Entities" />
        <TestCategoryItem TestCategory="SystemIntegration" />
      </TestCategory>
      <Execution id="ad3e8171-282e-4470-bc45-ec72cdec293e" />
      <TestMethod codeBase="F:\ETWork\bin\Tests\SysIntgTests.iCore.Common.Entities.dll" adapterTypeName="Microsoft.VisualStudio.TestTools.TestTypes.Unit.UnitTestAdapter" className="SysIntgTests.iCore.Common.Entities.AttachedMachineTests" name="AddCurrentMachine_AddDuplicate_ThrowsUniqueValueAddConflictException" />
    </UnitTest>
    <UnitTest name="Delete_DeleteExisting_Success" storage="f:\etwork\bin\tests\sysintgtests.icore.common.entities.dll" id="1cbee3a9-9b2c-736e-b831-c956302d7ca8">
      <TestCategory>
        <TestCategoryItem TestCategory="Entities" />
        <TestCategoryItem TestCategory="SystemIntegration" />
      </TestCategory>
      <Execution id="ee159787-1fd1-437a-9cd2-f1fff053ea1b" />
      <TestMethod codeBase="F:\ETWork\bin\Tests\SysIntgTests.iCore.Common.Entities.dll" adapterTypeName="Microsoft.VisualStudio.TestTools.TestTypes.Unit.UnitTestAdapter" className="SysIntgTests.iCore.Common.Entities.AttachedMachineTests" name="Delete_DeleteExisting_Success" />
    </UnitTest>
    <UnitTest name="Delete_DeleteNonExisting_Success" storage="f:\etwork\bin\tests\sysintgtests.icore.common.entities.dll" id="95103477-31eb-dc2f-f8ef-abc15903ccbb">
      <TestCategory>
        <TestCategoryItem TestCategory="Entities" />
        <TestCategoryItem TestCategory="SystemIntegration" />
      </TestCategory>
      <Execution id="9b739e29-1641-4f6a-9fb4-ff8f89fa779b" />
      <TestMethod codeBase="F:\ETWork\bin\Tests\SysIntgTests.iCore.Common.Entities.dll" adapterTypeName="Microsoft.VisualStudio.TestTools.TestTypes.Unit.UnitTestAdapter" className="SysIntgTests.iCore.Common.Entities.AttachedMachineTests" name="Delete_DeleteNonExisting_Success" />
    </UnitTest>
    <UnitTest name="Delete_DeleteExistingAsDeveloper_Success" storage="f:\etwork\bin\tests\sysintgtests.icore.common.entities.dll" id="b67196e5-e490-c05a-0fac-2411e186cce0">
      <TestCategory>
        <TestCategoryItem TestCategory="Entities" />
        <TestCategoryItem TestCategory="SystemIntegration" />
      </TestCategory>
      <Execution id="dce06c7c-1348-4c04-a0c3-eecad9b83544" />
      <TestMethod codeBase="F:\ETWork\bin\Tests\SysIntgTests.iCore.Common.Entities.dll" adapterTypeName="Microsoft.VisualStudio.TestTools.TestTypes.Unit.UnitTestAdapter" className="SysIntgTests.iCore.Common.Entities.AttachedMachineTests" name="Delete_DeleteExistingAsDeveloper_Success" />
    </UnitTest>
    <UnitTest name="Delete_DeleteExistingAsViewer_Throws" storage="f:\etwork\bin\tests\sysintgtests.icore.common.entities.dll" id="cc7db5d8-9708-17fb-9f58-56050d9412f8">
      <TestCategory>
        <TestCategoryItem TestCategory="Entities" />
        <TestCategoryItem TestCategory="SystemIntegration" />
      </TestCategory>
      <Execution id="6e73f357-5a70-4eed-82b4-807f6eeaae80" />
      <TestMethod codeBase="F:\ETWork\bin\Tests\SysIntgTests.iCore.Common.Entities.dll" adapterTypeName="Microsoft.VisualStudio.TestTools.TestTypes.Unit.UnitTestAdapter" className="SysIntgTests.iCore.Common.Entities.AttachedMachineTests" name="Delete_DeleteExistingAsViewer_Throws" />
    </UnitTest>
    <UnitTest name="Delete_DeleteExistingAsUser_Throws" storage="f:\etwork\bin\tests\sysintgtests.icore.common.entities.dll" id="ced89b7d-7048-7f20-cb46-427b6d7c9901">
      <TestCategory>
        <TestCategoryItem TestCategory="Entities" />
        <TestCategoryItem TestCategory="SystemIntegration" />
      </TestCategory>
      <Execution id="b623e6da-a88f-486f-9244-a2f81223b2bf" />
      <TestMethod codeBase="F:\ETWork\bin\Tests\SysIntgTests.iCore.Common.Entities.dll" adapterTypeName="Microsoft.VisualStudio.TestTools.TestTypes.Unit.UnitTestAdapter" className="SysIntgTests.iCore.Common.Entities.AttachedMachineTests" name="Delete_DeleteExistingAsUser_Throws" />
    </UnitTest>
    <UnitTest name="Delete_DeleteExistingThatIsCurrentMachine_Throws" storage="f:\etwork\bin\tests\sysintgtests.icore.common.entities.dll" id="6135bb5e-9724-30bd-0131-def077806361">
      <TestCategory>
        <TestCategoryItem TestCategory="Entities" />
        <TestCategoryItem TestCategory="SystemIntegration" />
      </TestCategory>
      <Execution id="4900c621-2567-4f1f-8a56-72121361d884" />
      <TestMethod codeBase="F:\ETWork\bin\Tests\SysIntgTests.iCore.Common.Entities.dll" adapterTypeName="Microsoft.VisualStudio.TestTools.TestTypes.Unit.UnitTestAdapter" className="SysIntgTests.iCore.Common.Entities.AttachedMachineTests" name="Delete_DeleteExistingThatIsCurrentMachine_Throws" />
    </UnitTest>
    <UnitTest name="DeleteCurrentMachine_DeleteExisting_Success" storage="f:\etwork\bin\tests\sysintgtests.icore.common.entities.dll" id="ed76e81e-4638-fdfb-5800-ade210df0f7b">
      <TestCategory>
        <TestCategoryItem TestCategory="Entities" />
        <TestCategoryItem TestCategory="SystemIntegration" />
      </TestCategory>
      <Execution id="12cbbc82-c4c2-4e75-ac45-e8f38f5b9fde" />
      <TestMethod codeBase="F:\ETWork\bin\Tests\SysIntgTests.iCore.Common.Entities.dll" adapterTypeName="Microsoft.VisualStudio.TestTools.TestTypes.Unit.UnitTestAdapter" className="SysIntgTests.iCore.Common.Entities.AttachedMachineTests" name="DeleteCurrentMachine_DeleteExisting_Success" />
    </UnitTest>
    <UnitTest name="DeleteCurrentMachine_DeleteNonExisting_Success" storage="f:\etwork\bin\tests\sysintgtests.icore.common.entities.dll" id="1f14875c-cb52-0951-011d-7f9a35b51125">
      <TestCategory>
        <TestCategoryItem TestCategory="Entities" />
        <TestCategoryItem TestCategory="SystemIntegration" />
      </TestCategory>
      <Execution id="f871f736-c408-4fc2-8a81-5974b2365a24" />
      <TestMethod codeBase="F:\ETWork\bin\Tests\SysIntgTests.iCore.Common.Entities.dll" adapterTypeName="Microsoft.VisualStudio.TestTools.TestTypes.Unit.UnitTestAdapter" className="SysIntgTests.iCore.Common.Entities.AttachedMachineTests" name="DeleteCurrentMachine_DeleteNonExisting_Success" />
    </UnitTest>
    <UnitTest name="Update_UpdateExisting_Success" storage="f:\etwork\bin\tests\sysintgtests.icore.common.entities.dll" id="7976bc30-6aa8-b756-6552-e9bd091b3080">
      <TestCategory>
        <TestCategoryItem TestCategory="Entities" />
        <TestCategoryItem TestCategory="SystemIntegration" />
      </TestCategory>
      <Execution id="bb2e23a7-56ce-4435-b9c6-e796fa3149e4" />
      <TestMethod codeBase="F:\ETWork\bin\Tests\SysIntgTests.iCore.Common.Entities.dll" adapterTypeName="Microsoft.VisualStudio.TestTools.TestTypes.Unit.UnitTestAdapter" className="SysIntgTests.iCore.Common.Entities.AttachedMachineTests" name="Update_UpdateExisting_Success" />
    </UnitTest>
    <UnitTest name="Update_UpdateExistingEncryptedEncryptionKeySetToNull_Success" storage="f:\etwork\bin\tests\sysintgtests.icore.common.entities.dll" id="d0879f88-0451-db60-c406-08ffef21784e">
      <TestCategory>
        <TestCategoryItem TestCategory="Entities" />
        <TestCategoryItem TestCategory="SystemIntegration" />
      </TestCategory>
      <Execution id="c55a65c3-ab8c-4a6f-91ec-f15c81e42509" />
      <TestMethod codeBase="F:\ETWork\bin\Tests\SysIntgTests.iCore.Common.Entities.dll" adapterTypeName="Microsoft.VisualStudio.TestTools.TestTypes.Unit.UnitTestAdapter" className="SysIntgTests.iCore.Common.Entities.AttachedMachineTests" name="Update_UpdateExistingEncryptedEncryptionKeySetToNull_Success" />
    </UnitTest>
    <UnitTest name="Update_UpdateNonExisting_Success" storage="f:\etwork\bin\tests\sysintgtests.icore.common.entities.dll" id="ddb076e2-c091-9e4e-0145-95a55e5bc228">
      <TestCategory>
        <TestCategoryItem TestCategory="Entities" />
        <TestCategoryItem TestCategory="SystemIntegration" />
      </TestCategory>
      <Execution id="736dcb40-e242-46fa-a31b-95b3ab53a76c" />
      <TestMethod codeBase="F:\ETWork\bin\Tests\SysIntgTests.iCore.Common.Entities.dll" adapterTypeName="Microsoft.VisualStudio.TestTools.TestTypes.Unit.UnitTestAdapter" className="SysIntgTests.iCore.Common.Entities.AttachedMachineTests" name="Update_UpdateNonExisting_Success" />
    </UnitTest>
    <UnitTest name="Update_MachineNameIsNull_ThrowsConditionalErrorException" storage="f:\etwork\bin\tests\sysintgtests.icore.common.entities.dll" id="1054dd40-c807-a9be-4a88-10a1fa0b806f">
      <TestCategory>
        <TestCategoryItem TestCategory="Entities" />
        <TestCategoryItem TestCategory="SystemIntegration" />
      </TestCategory>
      <Execution id="39472892-c126-40e7-8a03-38caaa47b967" />
      <TestMethod codeBase="F:\ETWork\bin\Tests\SysIntgTests.iCore.Common.Entities.dll" adapterTypeName="Microsoft.VisualStudio.TestTools.TestTypes.Unit.UnitTestAdapter" className="SysIntgTests.iCore.Common.Entities.AttachedMachineTests" name="Update_MachineNameIsNull_ThrowsConditionalErrorException" />
    </UnitTest>
    <UnitTest name="Update_NewMachineId_Success" storage="f:\etwork\bin\tests\sysintgtests.icore.common.entities.dll" id="048f8b77-2376-68d1-4a28-77d7432398de">
      <TestCategory>
        <TestCategoryItem TestCategory="Entities" />
        <TestCategoryItem TestCategory="SystemIntegration" />
      </TestCategory>
      <Execution id="04e994d2-4393-49a5-b88e-b15a6ddd4e5a" />
      <TestMethod codeBase="F:\ETWork\bin\Tests\SysIntgTests.iCore.Common.Entities.dll" adapterTypeName="Microsoft.VisualStudio.TestTools.TestTypes.Unit.UnitTestAdapter" className="SysIntgTests.iCore.Common.Entities.AttachedMachineTests" name="Update_NewMachineId_Success" />
    </UnitTest>
    <UnitTest name="RepositoryEntityTypeId_ReturnsAttachedMachine" storage="f:\etwork\bin\tests\sysintgtests.icore.common.entities.dll" id="e186e470-9a9d-e9ce-5423-7ab1ff49d2a4">
      <TestCategory>
        <TestCategoryItem TestCategory="Entities" />
        <TestCategoryItem TestCategory="SystemIntegration" />
      </TestCategory>
      <Execution id="665aec03-0706-4126-b316-7826b3a02e03" />
      <TestMethod codeBase="F:\ETWork\bin\Tests\SysIntgTests.iCore.Common.Entities.dll" adapterTypeName="Microsoft.VisualStudio.TestTools.TestTypes.Unit.UnitTestAdapter" className="SysIntgTests.iCore.Common.Entities.AttachedMachineTests" name="RepositoryEntityTypeId_ReturnsAttachedMachine" />
    </UnitTest>
    <UnitTest name="RepositoryEntityType_ReturnsIAttachedMachine" storage="f:\etwork\bin\tests\sysintgtests.icore.common.entities.dll" id="f28de81a-7317-9b7a-f3fa-e8872099ad19">
      <TestCategory>
        <TestCategoryItem TestCategory="Entities" />
        <TestCategoryItem TestCategory="SystemIntegration" />
      </TestCategory>
      <Execution id="b91c0a92-0d3d-45e5-aaa4-b5fc36b101fe" />
      <TestMethod codeBase="F:\ETWork\bin\Tests\SysIntgTests.iCore.Common.Entities.dll" adapterTypeName="Microsoft.VisualStudio.TestTools.TestTypes.Unit.UnitTestAdapter" className="SysIntgTests.iCore.Common.Entities.AttachedMachineTests" name="RepositoryEntityType_ReturnsIAttachedMachine" />
    </UnitTest>
    <UnitTest name="RepositorySystemContext_MatchesActualSystemContext" storage="f:\etwork\bin\tests\sysintgtests.icore.common.entities.dll" id="b29ff863-b59e-3fbb-d832-4c0d9160a5af">
      <TestCategory>
        <TestCategoryItem TestCategory="Entities" />
        <TestCategoryItem TestCategory="SystemIntegration" />
      </TestCategory>
      <Execution id="d6ede911-070d-4445-891e-24562fc28a87" />
      <TestMethod codeBase="F:\ETWork\bin\Tests\SysIntgTests.iCore.Common.Entities.dll" adapterTypeName="Microsoft.VisualStudio.TestTools.TestTypes.Unit.UnitTestAdapter" className="SysIntgTests.iCore.Common.Entities.AttachedMachineTests" name="RepositorySystemContext_MatchesActualSystemContext" />
    </UnitTest>
    <UnitTest name="InvalidateAllAttachedMachines_NoMachinesInDB_Succeeds" storage="f:\etwork\bin\tests\sysintgtests.icore.common.entities.dll" id="79213a5b-bda0-3880-55a6-1f43426cea4f">
      <TestCategory>
        <TestCategoryItem TestCategory="Entities" />
        <TestCategoryItem TestCategory="SystemIntegration" />
      </TestCategory>
      <Execution id="e179022b-711f-4503-9b01-3476826a7eb1" />
      <TestMethod codeBase="F:\ETWork\bin\Tests\SysIntgTests.iCore.Common.Entities.dll" adapterTypeName="Microsoft.VisualStudio.TestTools.TestTypes.Unit.UnitTestAdapter" className="SysIntgTests.iCore.Common.Entities.AttachedMachineTests" name="InvalidateAllAttachedMachines_NoMachinesInDB_Succeeds" />
    </UnitTest>
    <UnitTest name="InvalidateAllAttachedMachines_MachinesAreValid_MachinesGetsInvalid" storage="f:\etwork\bin\tests\sysintgtests.icore.common.entities.dll" id="7ecd009b-9c46-a908-4b9e-ba417139b2fa">
      <TestCategory>
        <TestCategoryItem TestCategory="Entities" />
        <TestCategoryItem TestCategory="SystemIntegration" />
      </TestCategory>
      <Execution id="18e46e62-e733-44a7-8745-4b89f326d6ee" />
      <TestMethod codeBase="F:\ETWork\bin\Tests\SysIntgTests.iCore.Common.Entities.dll" adapterTypeName="Microsoft.VisualStudio.TestTools.TestTypes.Unit.UnitTestAdapter" className="SysIntgTests.iCore.Common.Entities.AttachedMachineTests" name="InvalidateAllAttachedMachines_MachinesAreValid_MachinesGetsInvalid" />
    </UnitTest>
    <UnitTest name="InvalidateAllAttachedMachines_MachinesAreInvalid_MachinesStillInvalid" storage="f:\etwork\bin\tests\sysintgtests.icore.common.entities.dll" id="098b900d-4030-9f61-9a91-27eb69e9385d">
      <TestCategory>
        <TestCategoryItem TestCategory="Entities" />
        <TestCategoryItem TestCategory="SystemIntegration" />
      </TestCategory>
      <Execution id="a49ee833-568a-48a0-8253-f1cff2431748" />
      <TestMethod codeBase="F:\ETWork\bin\Tests\SysIntgTests.iCore.Common.Entities.dll" adapterTypeName="Microsoft.VisualStudio.TestTools.TestTypes.Unit.UnitTestAdapter" className="SysIntgTests.iCore.Common.Entities.AttachedMachineTests" name="InvalidateAllAttachedMachines_MachinesAreInvalid_MachinesStillInvalid" />
    </UnitTest>
    <UnitTest name="GetFixedChildFilterParameters_ReturnsParametersPartOfTheFilterDescriptor" storage="f:\etwork\bin\tests\sysintgtests.icore.common.entities.dll" id="5073c99a-a291-e4a0-cce5-b22dc9a640a2">
      <Execution id="f80fc8de-47d2-46d8-8d62-814710408283" />
      <TestMethod codeBase="F:\ETWork\bin\Tests\SysIntgTests.iCore.Common.Entities.dll" adapterTypeName="Microsoft.VisualStudio.TestTools.TestTypes.Unit.UnitTestAdapter" className="SysIntgTests.iCore.Common.Entities.ChildEntityFilterTests" name="GetFixedChildFilterParameters_ReturnsParametersPartOfTheFilterDescriptor" />
    </UnitTest>
    <UnitTest name="ActivateProtection_NotPreviouslyActivated_AttachedMachinesExceptCurrentMachineAreInvalidated" storage="f:\etwork\bin\tests\sysintgtests.icore.common.entities.dll" id="e5e406f8-9494-100b-cafa-59a3a08649a8">
      <TestCategory>
        <TestCategoryItem TestCategory="SystemIntegration" />
      </TestCategory>
      <Execution id="3a0817a5-893d-45dc-b4d9-0aad2cf03770" />
      <TestMethod codeBase="F:\ETWork\bin\Tests\SysIntgTests.iCore.Common.Entities.dll" adapterTypeName="Microsoft.VisualStudio.TestTools.TestTypes.Unit.UnitTestAdapter" className="SysIntgTests.iCore.Common.Entities.SystemProtectionServiceImplTests" name="ActivateProtection_NotPreviouslyActivated_AttachedMachinesExceptCurrentMachineAreInvalidated" />
    </UnitTest>
    <UnitTest name="ActivateProtection_NotPreviouslyActivated_EncryptedEncryptionKeySetOnSystemConfiguration" storage="f:\etwork\bin\tests\sysintgtests.icore.common.entities.dll" id="94570a0f-9197-8bd3-2e74-45b35724d801">
      <TestCategory>
        <TestCategoryItem TestCategory="SystemIntegration" />
      </TestCategory>
      <Execution id="0f27c2a1-64b6-4a7e-9310-12ebf15b793b" />
      <TestMethod codeBase="F:\ETWork\bin\Tests\SysIntgTests.iCore.Common.Entities.dll" adapterTypeName="Microsoft.VisualStudio.TestTools.TestTypes.Unit.UnitTestAdapter" className="SysIntgTests.iCore.Common.Entities.SystemProtectionServiceImplTests" name="ActivateProtection_NotPreviouslyActivated_EncryptedEncryptionKeySetOnSystemConfiguration" />
    </UnitTest>
    <UnitTest name="ActivateProtection_NotPreviouslyActivated_MasterKeyHashSetOnSystemConfiguration" storage="f:\etwork\bin\tests\sysintgtests.icore.common.entities.dll" id="f1b18637-6258-7a2b-8105-6144aa21086e">
      <TestCategory>
        <TestCategoryItem TestCategory="SystemIntegration" />
      </TestCategory>
      <Execution id="f32fea7f-795c-4086-865a-08d5bf308a47" />
      <TestMethod codeBase="F:\ETWork\bin\Tests\SysIntgTests.iCore.Common.Entities.dll" adapterTypeName="Microsoft.VisualStudio.TestTools.TestTypes.Unit.UnitTestAdapter" className="SysIntgTests.iCore.Common.Entities.SystemProtectionServiceImplTests" name="ActivateProtection_NotPreviouslyActivated_MasterKeyHashSetOnSystemConfiguration" />
    </UnitTest>
    <UnitTest name="ActivateProtection_NotPreviouslyActivated_SaltPaddingSetOnSystemConfiguration" storage="f:\etwork\bin\tests\sysintgtests.icore.common.entities.dll" id="65fc34e0-d156-eed6-cf33-196fceba437c">
      <TestCategory>
        <TestCategoryItem TestCategory="SystemIntegration" />
      </TestCategory>
      <Execution id="6d2bc032-c19f-4b22-87a1-458f6039964d" />
      <TestMethod codeBase="F:\ETWork\bin\Tests\SysIntgTests.iCore.Common.Entities.dll" adapterTypeName="Microsoft.VisualStudio.TestTools.TestTypes.Unit.UnitTestAdapter" className="SysIntgTests.iCore.Common.Entities.SystemProtectionServiceImplTests" name="ActivateProtection_NotPreviouslyActivated_SaltPaddingSetOnSystemConfiguration" />
    </UnitTest>
    <UnitTest name="ActivateProtection_NotPreviouslyActivated_CurrentMachineIsReattached" storage="f:\etwork\bin\tests\sysintgtests.icore.common.entities.dll" id="38f3e74f-5725-78be-dc80-d9a6a9cb7e61">
      <TestCategory>
        <TestCategoryItem TestCategory="SystemIntegration" />
      </TestCategory>
      <Execution id="0a31c85e-b44c-45d9-923f-e6b119960fe7" />
      <TestMethod codeBase="F:\ETWork\bin\Tests\SysIntgTests.iCore.Common.Entities.dll" adapterTypeName="Microsoft.VisualStudio.TestTools.TestTypes.Unit.UnitTestAdapter" className="SysIntgTests.iCore.Common.Entities.SystemProtectionServiceImplTests" name="ActivateProtection_NotPreviouslyActivated_CurrentMachineIsReattached" />
    </UnitTest>
    <UnitTest name="ActivateProtection_PreviouslyActivatedMasterKeyHashIsNull_MasterKeyHashAndEncryptedEncryptionKeyChanged" storage="f:\etwork\bin\tests\sysintgtests.icore.common.entities.dll" id="73f96e50-adc4-b11a-47eb-6f63483031ef">
      <TestCategory>
        <TestCategoryItem TestCategory="SystemIntegration" />
      </TestCategory>
      <Execution id="ba8f3ef3-0689-467b-b622-a59e872b5407" />
      <TestMethod codeBase="F:\ETWork\bin\Tests\SysIntgTests.iCore.Common.Entities.dll" adapterTypeName="Microsoft.VisualStudio.TestTools.TestTypes.Unit.UnitTestAdapter" className="SysIntgTests.iCore.Common.Entities.SystemProtectionServiceImplTests" name="ActivateProtection_PreviouslyActivatedMasterKeyHashIsNull_MasterKeyHashAndEncryptedEncryptionKeyChanged" />
    </UnitTest>
    <UnitTest name="ActivateProtection_PreviouslyActivatedEncryptedEncryptionKeyIsNull_Throws" storage="f:\etwork\bin\tests\sysintgtests.icore.common.entities.dll" id="600d4021-1dcd-5294-b48e-4181a435fc64">
      <TestCategory>
        <TestCategoryItem TestCategory="SystemIntegration" />
      </TestCategory>
      <Execution id="41b784f0-002e-4ae0-affc-501ae9d3efeb" />
      <TestMethod codeBase="F:\ETWork\bin\Tests\SysIntgTests.iCore.Common.Entities.dll" adapterTypeName="Microsoft.VisualStudio.TestTools.TestTypes.Unit.UnitTestAdapter" className="SysIntgTests.iCore.Common.Entities.SystemProtectionServiceImplTests" name="ActivateProtection_PreviouslyActivatedEncryptedEncryptionKeyIsNull_Throws" />
    </UnitTest>
    <UnitTest name="ActivateProtection_UserNotAllowedToRunOperation_Throws" storage="f:\etwork\bin\tests\sysintgtests.icore.common.entities.dll" id="ae0ae35c-34e4-547f-5424-b2c00b59e165">
      <TestCategory>
        <TestCategoryItem TestCategory="SystemIntegration" />
      </TestCategory>
      <Execution id="c2f5b3c1-bdbd-4597-a75d-ce02b723927a" />
      <TestMethod codeBase="F:\ETWork\bin\Tests\SysIntgTests.iCore.Common.Entities.dll" adapterTypeName="Microsoft.VisualStudio.TestTools.TestTypes.Unit.UnitTestAdapter" className="SysIntgTests.iCore.Common.Entities.SystemProtectionServiceImplTests" name="ActivateProtection_UserNotAllowedToRunOperation_Throws" />
    </UnitTest>
    <UnitTest name="ActivateProtection_PreviouslyActivatedDifferentMasterKey_MasterKeyHashAndEncryptedEncryptionKeyChanged" storage="f:\etwork\bin\tests\sysintgtests.icore.common.entities.dll" id="8d5a00f6-800e-bc9b-81e5-098bb426803a">
      <TestCategory>
        <TestCategoryItem TestCategory="SystemIntegration" />
      </TestCategory>
      <Execution id="c84541eb-9c46-4678-b2c2-0ee9e2569f4e" />
      <TestMethod codeBase="F:\ETWork\bin\Tests\SysIntgTests.iCore.Common.Entities.dll" adapterTypeName="Microsoft.VisualStudio.TestTools.TestTypes.Unit.UnitTestAdapter" className="SysIntgTests.iCore.Common.Entities.SystemProtectionServiceImplTests" name="ActivateProtection_PreviouslyActivatedDifferentMasterKey_MasterKeyHashAndEncryptedEncryptionKeyChanged" />
    </UnitTest>
    <UnitTest name="ActivateProtection_PreviouslyActivatedDifferentMasterKey_AllButCurrentMachineAreInvalidated" storage="f:\etwork\bin\tests\sysintgtests.icore.common.entities.dll" id="4bc189ef-2b3a-ba1c-780b-1b6350dde1cc">
      <TestCategory>
        <TestCategoryItem TestCategory="SystemIntegration" />
      </TestCategory>
      <Execution id="c66d8e6a-818e-477f-accb-d9bcc4dc1fde" />
      <TestMethod codeBase="F:\ETWork\bin\Tests\SysIntgTests.iCore.Common.Entities.dll" adapterTypeName="Microsoft.VisualStudio.TestTools.TestTypes.Unit.UnitTestAdapter" className="SysIntgTests.iCore.Common.Entities.SystemProtectionServiceImplTests" name="ActivateProtection_PreviouslyActivatedDifferentMasterKey_AllButCurrentMachineAreInvalidated" />
    </UnitTest>
    <UnitTest name="ActivateProtection_PreviouslyActivatedDifferentMasterKey_CurrentMachineHasNewEncryptionKey" storage="f:\etwork\bin\tests\sysintgtests.icore.common.entities.dll" id="fe773de9-f099-4289-d513-5b714f46a69e">
      <TestCategory>
        <TestCategoryItem TestCategory="SystemIntegration" />
      </TestCategory>
      <Execution id="1ffef13b-092f-4ff8-8ae5-d8f69305ed6a" />
      <TestMethod codeBase="F:\ETWork\bin\Tests\SysIntgTests.iCore.Common.Entities.dll" adapterTypeName="Microsoft.VisualStudio.TestTools.TestTypes.Unit.UnitTestAdapter" className="SysIntgTests.iCore.Common.Entities.SystemProtectionServiceImplTests" name="ActivateProtection_PreviouslyActivatedDifferentMasterKey_CurrentMachineHasNewEncryptionKey" />
    </UnitTest>
    <UnitTest name="ActivateProtection_PreviouslyActivatedCorrectMasterKey_Success" storage="f:\etwork\bin\tests\sysintgtests.icore.common.entities.dll" id="9aa26c65-21c0-058e-7af7-e13276dee14c">
      <TestCategory>
        <TestCategoryItem TestCategory="SystemIntegration" />
      </TestCategory>
      <Execution id="b0058544-654d-4049-92e8-88db818aacf5" />
      <TestMethod codeBase="F:\ETWork\bin\Tests\SysIntgTests.iCore.Common.Entities.dll" adapterTypeName="Microsoft.VisualStudio.TestTools.TestTypes.Unit.UnitTestAdapter" className="SysIntgTests.iCore.Common.Entities.SystemProtectionServiceImplTests" name="ActivateProtection_PreviouslyActivatedCorrectMasterKey_Success" />
    </UnitTest>
    <UnitTest name="ActivateProtection_PreviouslyActivatedAllAttachedMachinesAreValidButMissingEncryptionKey_AllButCurrentMachineInvalidated" storage="f:\etwork\bin\tests\sysintgtests.icore.common.entities.dll" id="46491e0a-f4a4-56b8-c22c-c4c0dc888ebe">
      <TestCategory>
        <TestCategoryItem TestCategory="SystemIntegration" />
      </TestCategory>
      <Execution id="64cbb914-a662-4fb1-8bed-5489d828c432" />
      <TestMethod codeBase="F:\ETWork\bin\Tests\SysIntgTests.iCore.Common.Entities.dll" adapterTypeName="Microsoft.VisualStudio.TestTools.TestTypes.Unit.UnitTestAdapter" className="SysIntgTests.iCore.Common.Entities.SystemProtectionServiceImplTests" name="ActivateProtection_PreviouslyActivatedAllAttachedMachinesAreValidButMissingEncryptionKey_AllButCurrentMachineInvalidated" />
    </UnitTest>
    <UnitTest name="ActivateProtection_PreviouslyActivatedAllAttachedMachinesAreValidAndHasEncryptionKey_AttachedMachinesAreStillValid" storage="f:\etwork\bin\tests\sysintgtests.icore.common.entities.dll" id="b99ecc04-18e5-6d9f-68e9-f1d3824f5267">
      <TestCategory>
        <TestCategoryItem TestCategory="SystemIntegration" />
      </TestCategory>
      <Execution id="f68205d4-0234-4629-9002-30c8190aacf3" />
      <TestMethod codeBase="F:\ETWork\bin\Tests\SysIntgTests.iCore.Common.Entities.dll" adapterTypeName="Microsoft.VisualStudio.TestTools.TestTypes.Unit.UnitTestAdapter" className="SysIntgTests.iCore.Common.Entities.SystemProtectionServiceImplTests" name="ActivateProtection_PreviouslyActivatedAllAttachedMachinesAreValidAndHasEncryptionKey_AttachedMachinesAreStillValid" />
    </UnitTest>
    <UnitTest name="ActivateProtection_PreviouslyActivatedAllAttachedMachinesAreInvalid_AttachedMachinesExceptCurrentAreInvalid" storage="f:\etwork\bin\tests\sysintgtests.icore.common.entities.dll" id="2707a08e-9251-3d85-942e-58ce1bce9a4d">
      <TestCategory>
        <TestCategoryItem TestCategory="SystemIntegration" />
      </TestCategory>
      <Execution id="485c3c9f-87c2-4e8d-b690-f135da438c5a" />
      <TestMethod codeBase="F:\ETWork\bin\Tests\SysIntgTests.iCore.Common.Entities.dll" adapterTypeName="Microsoft.VisualStudio.TestTools.TestTypes.Unit.UnitTestAdapter" className="SysIntgTests.iCore.Common.Entities.SystemProtectionServiceImplTests" name="ActivateProtection_PreviouslyActivatedAllAttachedMachinesAreInvalid_AttachedMachinesExceptCurrentAreInvalid" />
    </UnitTest>
    <UnitTest name="ActivateProtection_WrongMasterKeyReturnedFromConfirmationDelegate_ConfirmDelegateCalledAgain" storage="f:\etwork\bin\tests\sysintgtests.icore.common.entities.dll" id="b4091963-1fe2-6035-9ff2-e72bdfa25c7c">
      <TestCategory>
        <TestCategoryItem TestCategory="SystemIntegration" />
      </TestCategory>
      <Execution id="2a3b4a0b-a3fd-42e4-b978-70752ca113dc" />
      <TestMethod codeBase="F:\ETWork\bin\Tests\SysIntgTests.iCore.Common.Entities.dll" adapterTypeName="Microsoft.VisualStudio.TestTools.TestTypes.Unit.UnitTestAdapter" className="SysIntgTests.iCore.Common.Entities.SystemProtectionServiceImplTests" name="ActivateProtection_WrongMasterKeyReturnedFromConfirmationDelegate_ConfirmDelegateCalledAgain" />
    </UnitTest>
    <UnitTest name="ActivateProtection_NullReturnedFromConfirmationDelegate_ActivationIsStopped" storage="f:\etwork\bin\tests\sysintgtests.icore.common.entities.dll" id="ca638cbc-4440-2f3d-59d2-48fa8a29f162">
      <TestCategory>
        <TestCategoryItem TestCategory="SystemIntegration" />
      </TestCategory>
      <Execution id="d50b1d89-5980-4d87-8ea6-d59b3bc01600" />
      <TestMethod codeBase="F:\ETWork\bin\Tests\SysIntgTests.iCore.Common.Entities.dll" adapterTypeName="Microsoft.VisualStudio.TestTools.TestTypes.Unit.UnitTestAdapter" className="SysIntgTests.iCore.Common.Entities.SystemProtectionServiceImplTests" name="ActivateProtection_NullReturnedFromConfirmationDelegate_ActivationIsStopped" />
    </UnitTest>
    <UnitTest name="ActivateProtection_ProtectedValues_ValuesAreEncrypted" storage="f:\etwork\bin\tests\sysintgtests.icore.common.entities.dll" id="9ec69a93-d93d-86af-39bc-9b59932a8ce2">
      <TestCategory>
        <TestCategoryItem TestCategory="SystemIntegration" />
      </TestCategory>
      <Execution id="37ed71ed-7bd9-46b8-ab6d-e490444b1e2a" />
      <TestMethod codeBase="F:\ETWork\bin\Tests\SysIntgTests.iCore.Common.Entities.dll" adapterTypeName="Microsoft.VisualStudio.TestTools.TestTypes.Unit.UnitTestAdapter" className="SysIntgTests.iCore.Common.Entities.SystemProtectionServiceImplTests" name="ActivateProtection_ProtectedValues_ValuesAreEncrypted" />
    </UnitTest>
    <UnitTest name="ActivateProtection_ManyNodes_Success" storage="f:\etwork\bin\tests\sysintgtests.icore.common.entities.dll" id="82977d4d-03a4-84f3-757d-2811c9f90d4e">
      <TestCategory>
        <TestCategoryItem TestCategory="SystemIntegration" />
      </TestCategory>
      <Execution id="a1838e64-06fd-4ed5-b184-7314a5ba3135" />
      <TestMethod codeBase="F:\ETWork\bin\Tests\SysIntgTests.iCore.Common.Entities.dll" adapterTypeName="Microsoft.VisualStudio.TestTools.TestTypes.Unit.UnitTestAdapter" className="SysIntgTests.iCore.Common.Entities.SystemProtectionServiceImplTests" name="ActivateProtection_ManyNodes_Success" />
    </UnitTest>
    <UnitTest name="ActivateProtection_ManyNodesNonprotected_Success" storage="f:\etwork\bin\tests\sysintgtests.icore.common.entities.dll" id="884a9cac-0f7b-7904-2d29-936bbb6b36f3">
      <TestCategory>
        <TestCategoryItem TestCategory="SystemIntegration" />
      </TestCategory>
      <Execution id="657e551a-c5cc-4088-aeb8-90c7f8603d2a" />
      <TestMethod codeBase="F:\ETWork\bin\Tests\SysIntgTests.iCore.Common.Entities.dll" adapterTypeName="Microsoft.VisualStudio.TestTools.TestTypes.Unit.UnitTestAdapter" className="SysIntgTests.iCore.Common.Entities.SystemProtectionServiceImplTests" name="ActivateProtection_ManyNodesNonprotected_Success" />
    </UnitTest>
    <UnitTest name="DeactivateProtection_WrongMasterKey_Throws" storage="f:\etwork\bin\tests\sysintgtests.icore.common.entities.dll" id="92799294-00e3-b9e8-fccb-949b0e7696e2">
      <TestCategory>
        <TestCategoryItem TestCategory="SystemIntegration" />
      </TestCategory>
      <Execution id="ae6f282c-25ab-4e04-905a-aaa9a1698194" />
      <TestMethod codeBase="F:\ETWork\bin\Tests\SysIntgTests.iCore.Common.Entities.dll" adapterTypeName="Microsoft.VisualStudio.TestTools.TestTypes.Unit.UnitTestAdapter" className="SysIntgTests.iCore.Common.Entities.SystemProtectionServiceImplTests" name="DeactivateProtection_WrongMasterKey_Throws" />
    </UnitTest>
    <UnitTest name="DeactivateProtection_UserNotAllowedToRunOperation_Throws" storage="f:\etwork\bin\tests\sysintgtests.icore.common.entities.dll" id="81bdfd27-c381-9bd3-b334-544771d2f77c">
      <TestCategory>
        <TestCategoryItem TestCategory="SystemIntegration" />
      </TestCategory>
      <Execution id="90752f9f-383a-4a23-8def-e24defc9e5de" />
      <TestMethod codeBase="F:\ETWork\bin\Tests\SysIntgTests.iCore.Common.Entities.dll" adapterTypeName="Microsoft.VisualStudio.TestTools.TestTypes.Unit.UnitTestAdapter" className="SysIntgTests.iCore.Common.Entities.SystemProtectionServiceImplTests" name="DeactivateProtection_UserNotAllowedToRunOperation_Throws" />
    </UnitTest>
    <UnitTest name="DeactivateProtection_CorrectMasterKey_Success" storage="f:\etwork\bin\tests\sysintgtests.icore.common.entities.dll" id="4b6edfe0-b76f-58bc-c976-759afe6ff976">
      <TestCategory>
        <TestCategoryItem TestCategory="SystemIntegration" />
      </TestCategory>
      <Execution id="21f1ab57-3b76-4d99-9518-b87c691ce137" />
      <TestMethod codeBase="F:\ETWork\bin\Tests\SysIntgTests.iCore.Common.Entities.dll" adapterTypeName="Microsoft.VisualStudio.TestTools.TestTypes.Unit.UnitTestAdapter" className="SysIntgTests.iCore.Common.Entities.SystemProtectionServiceImplTests" name="DeactivateProtection_CorrectMasterKey_Success" />
    </UnitTest>
    <UnitTest name="DeactivateProtection_CorrectMasterKey_DataProtectionIsSetToNone" storage="f:\etwork\bin\tests\sysintgtests.icore.common.entities.dll" id="69e2a0f8-95df-6c15-fedf-e702030720f4">
      <TestCategory>
        <TestCategoryItem TestCategory="SystemIntegration" />
      </TestCategory>
      <Execution id="f2f9b59c-e75e-435a-8ad6-97ff4e58fbca" />
      <TestMethod codeBase="F:\ETWork\bin\Tests\SysIntgTests.iCore.Common.Entities.dll" adapterTypeName="Microsoft.VisualStudio.TestTools.TestTypes.Unit.UnitTestAdapter" className="SysIntgTests.iCore.Common.Entities.SystemProtectionServiceImplTests" name="DeactivateProtection_CorrectMasterKey_DataProtectionIsSetToNone" />
    </UnitTest>
    <UnitTest name="DeactivateProtection_ProtectedValues_ValuesAreDecrypted" storage="f:\etwork\bin\tests\sysintgtests.icore.common.entities.dll" id="aaf3fe7a-c189-1c63-14ef-fcb9738d3967">
      <TestCategory>
        <TestCategoryItem TestCategory="SystemIntegration" />
      </TestCategory>
      <Execution id="08c42f20-2103-4454-9e05-3c2a4371c8ca" />
      <TestMethod codeBase="F:\ETWork\bin\Tests\SysIntgTests.iCore.Common.Entities.dll" adapterTypeName="Microsoft.VisualStudio.TestTools.TestTypes.Unit.UnitTestAdapter" className="SysIntgTests.iCore.Common.Entities.SystemProtectionServiceImplTests" name="DeactivateProtection_ProtectedValues_ValuesAreDecrypted" />
    </UnitTest>
    <UnitTest name="DeactivateProtection_ManyNodes_Success" storage="f:\etwork\bin\tests\sysintgtests.icore.common.entities.dll" id="7009ef4c-58db-101a-e565-c30d829ed06c">
      <TestCategory>
        <TestCategoryItem TestCategory="SystemIntegration" />
      </TestCategory>
      <Execution id="09f18158-59cd-4449-beb6-352e284969e8" />
      <TestMethod codeBase="F:\ETWork\bin\Tests\SysIntgTests.iCore.Common.Entities.dll" adapterTypeName="Microsoft.VisualStudio.TestTools.TestTypes.Unit.UnitTestAdapter" className="SysIntgTests.iCore.Common.Entities.SystemProtectionServiceImplTests" name="DeactivateProtection_ManyNodes_Success" />
    </UnitTest>
    <UnitTest name="DeactivateProtection_ManyNodes2_Success" storage="f:\etwork\bin\tests\sysintgtests.icore.common.entities.dll" id="0263f43d-395e-4dd1-0b29-84361b3d89fe">
      <TestCategory>
        <TestCategoryItem TestCategory="SystemIntegration" />
      </TestCategory>
      <Execution id="400f4ef3-6b05-444f-b57b-10c8d0484df0" />
      <TestMethod codeBase="F:\ETWork\bin\Tests\SysIntgTests.iCore.Common.Entities.dll" adapterTypeName="Microsoft.VisualStudio.TestTools.TestTypes.Unit.UnitTestAdapter" className="SysIntgTests.iCore.Common.Entities.SystemProtectionServiceImplTests" name="DeactivateProtection_ManyNodes2_Success" />
    </UnitTest>
    <UnitTest name="ReAttachMachine_MachineExists_MachineIsValid" storage="f:\etwork\bin\tests\sysintgtests.icore.common.entities.dll" id="5c029b5d-0c4d-ce0c-cbd3-08281627b84e">
      <TestCategory>
        <TestCategoryItem TestCategory="SystemIntegration" />
      </TestCategory>
      <Execution id="b64c0a3f-3af1-42c0-840a-4e54bffb8f72" />
      <TestMethod codeBase="F:\ETWork\bin\Tests\SysIntgTests.iCore.Common.Entities.dll" adapterTypeName="Microsoft.VisualStudio.TestTools.TestTypes.Unit.UnitTestAdapter" className="SysIntgTests.iCore.Common.Entities.SystemProtectionServiceImplTests" name="ReAttachMachine_MachineExists_MachineIsValid" />
    </UnitTest>
    <UnitTest name="ReAttachMachine_MachineExists_EEKIsUpdated" storage="f:\etwork\bin\tests\sysintgtests.icore.common.entities.dll" id="bb7d5b92-b887-2028-3704-caa80584dad6">
      <TestCategory>
        <TestCategoryItem TestCategory="SystemIntegration" />
      </TestCategory>
      <Execution id="86457d5c-5870-4283-86dd-28613205b430" />
      <TestMethod codeBase="F:\ETWork\bin\Tests\SysIntgTests.iCore.Common.Entities.dll" adapterTypeName="Microsoft.VisualStudio.TestTools.TestTypes.Unit.UnitTestAdapter" className="SysIntgTests.iCore.Common.Entities.SystemProtectionServiceImplTests" name="ReAttachMachine_MachineExists_EEKIsUpdated" />
    </UnitTest>
    <UnitTest name="ReAttachMachine_WrongMasterKey_Throws" storage="f:\etwork\bin\tests\sysintgtests.icore.common.entities.dll" id="e98204d3-2df5-b213-0165-eb17587c0956">
      <TestCategory>
        <TestCategoryItem TestCategory="SystemIntegration" />
      </TestCategory>
      <Execution id="9bd42308-6012-4bc2-9366-97756705ae6a" />
      <TestMethod codeBase="F:\ETWork\bin\Tests\SysIntgTests.iCore.Common.Entities.dll" adapterTypeName="Microsoft.VisualStudio.TestTools.TestTypes.Unit.UnitTestAdapter" className="SysIntgTests.iCore.Common.Entities.SystemProtectionServiceImplTests" name="ReAttachMachine_WrongMasterKey_Throws" />
    </UnitTest>
    <UnitTest name="ReAttachMachine_MasterKeyTooShort_Throws" storage="f:\etwork\bin\tests\sysintgtests.icore.common.entities.dll" id="d075bac2-417b-ead0-9069-eb19e54eb0cf">
      <TestCategory>
        <TestCategoryItem TestCategory="SystemIntegration" />
      </TestCategory>
      <Execution id="9408c0ff-557a-428f-bdd2-17b96c734bba" />
      <TestMethod codeBase="F:\ETWork\bin\Tests\SysIntgTests.iCore.Common.Entities.dll" adapterTypeName="Microsoft.VisualStudio.TestTools.TestTypes.Unit.UnitTestAdapter" className="SysIntgTests.iCore.Common.Entities.SystemProtectionServiceImplTests" name="ReAttachMachine_MasterKeyTooShort_Throws" />
    </UnitTest>
    <UnitTest name="ReAttachMachine_EncryptedEncryptionKeyIsNull_Throws" storage="f:\etwork\bin\tests\sysintgtests.icore.common.entities.dll" id="b464dfb7-faee-3601-2917-24bf8dbf07a8">
      <TestCategory>
        <TestCategoryItem TestCategory="SystemIntegration" />
      </TestCategory>
      <Execution id="85f1cfa3-a19d-454b-b829-53382cfd5115" />
      <TestMethod codeBase="F:\ETWork\bin\Tests\SysIntgTests.iCore.Common.Entities.dll" adapterTypeName="Microsoft.VisualStudio.TestTools.TestTypes.Unit.UnitTestAdapter" className="SysIntgTests.iCore.Common.Entities.SystemProtectionServiceImplTests" name="ReAttachMachine_EncryptedEncryptionKeyIsNull_Throws" />
    </UnitTest>
    <UnitTest name="ReAttachMachine_ProtectionNotActive_Throws" storage="f:\etwork\bin\tests\sysintgtests.icore.common.entities.dll" id="ea3a5513-40cf-c104-2787-9aed18a09758">
      <TestCategory>
        <TestCategoryItem TestCategory="SystemIntegration" />
      </TestCategory>
      <Execution id="f3f31744-4f39-45f3-b950-37293645b435" />
      <TestMethod codeBase="F:\ETWork\bin\Tests\SysIntgTests.iCore.Common.Entities.dll" adapterTypeName="Microsoft.VisualStudio.TestTools.TestTypes.Unit.UnitTestAdapter" className="SysIntgTests.iCore.Common.Entities.SystemProtectionServiceImplTests" name="ReAttachMachine_ProtectionNotActive_Throws" />
    </UnitTest>
    <UnitTest name="RegenerateEncryptionKey_MasterKeyIsWrong_Throws" storage="f:\etwork\bin\tests\sysintgtests.icore.common.entities.dll" id="faf14748-3d5c-13c4-db1a-13f6288a7c9e">
      <TestCategory>
        <TestCategoryItem TestCategory="SystemIntegration" />
      </TestCategory>
      <Execution id="ea9de6f1-953c-4384-94fb-08cd18ca5d72" />
      <TestMethod codeBase="F:\ETWork\bin\Tests\SysIntgTests.iCore.Common.Entities.dll" adapterTypeName="Microsoft.VisualStudio.TestTools.TestTypes.Unit.UnitTestAdapter" className="SysIntgTests.iCore.Common.Entities.SystemProtectionServiceImplTests" name="RegenerateEncryptionKey_MasterKeyIsWrong_Throws" />
    </UnitTest>
    <UnitTest name="RegenerateEncryptionKey_CorrectMasterKey_EncryptedEncryptionKeyIsSetOnSystemConfiguration" storage="f:\etwork\bin\tests\sysintgtests.icore.common.entities.dll" id="db366558-3fc9-1c2c-cfde-24c12abe438f">
      <TestCategory>
        <TestCategoryItem TestCategory="SystemIntegration" />
      </TestCategory>
      <Execution id="ed263cfc-c7ae-4947-929c-5ec5798ac58e" />
      <TestMethod codeBase="F:\ETWork\bin\Tests\SysIntgTests.iCore.Common.Entities.dll" adapterTypeName="Microsoft.VisualStudio.TestTools.TestTypes.Unit.UnitTestAdapter" className="SysIntgTests.iCore.Common.Entities.SystemProtectionServiceImplTests" name="RegenerateEncryptionKey_CorrectMasterKey_EncryptedEncryptionKeyIsSetOnSystemConfiguration" />
    </UnitTest>
    <UnitTest name="RegenerateEncryptionKey_CorrectMasterKey_ValuesAreEncryptedWithNewKey" storage="f:\etwork\bin\tests\sysintgtests.icore.common.entities.dll" id="68157e50-a2ea-da06-e214-a880236bd950">
      <TestCategory>
        <TestCategoryItem TestCategory="SystemIntegration" />
      </TestCategory>
      <Execution id="8b24ef3a-78bf-4137-9099-a74394ca931e" />
      <TestMethod codeBase="F:\ETWork\bin\Tests\SysIntgTests.iCore.Common.Entities.dll" adapterTypeName="Microsoft.VisualStudio.TestTools.TestTypes.Unit.UnitTestAdapter" className="SysIntgTests.iCore.Common.Entities.SystemProtectionServiceImplTests" name="RegenerateEncryptionKey_CorrectMasterKey_ValuesAreEncryptedWithNewKey" />
    </UnitTest>
    <UnitTest name="RegenerateEncryptionKey_CorrectMasterKey_AttachedMachineExceptCurrentIsInvalidated" storage="f:\etwork\bin\tests\sysintgtests.icore.common.entities.dll" id="6399fd76-f94f-53e3-f32f-9a65d4c4c3b2">
      <TestCategory>
        <TestCategoryItem TestCategory="SystemIntegration" />
      </TestCategory>
      <Execution id="7c2b5fa5-9a95-4c7e-8fc6-30cfca00ca04" />
      <TestMethod codeBase="F:\ETWork\bin\Tests\SysIntgTests.iCore.Common.Entities.dll" adapterTypeName="Microsoft.VisualStudio.TestTools.TestTypes.Unit.UnitTestAdapter" className="SysIntgTests.iCore.Common.Entities.SystemProtectionServiceImplTests" name="RegenerateEncryptionKey_CorrectMasterKey_AttachedMachineExceptCurrentIsInvalidated" />
    </UnitTest>
    <UnitTest name="RegenerateEncryptionKey_CorrectMasterKey_CurrentMachineIsValidAndHasNewEncryptedEncryptionKey" storage="f:\etwork\bin\tests\sysintgtests.icore.common.entities.dll" id="750613c5-4ef2-a8dc-d73d-ec6fae90797e">
      <TestCategory>
        <TestCategoryItem TestCategory="SystemIntegration" />
      </TestCategory>
      <Execution id="fcbaa2fc-8b95-491d-a429-3220d7d79210" />
      <TestMethod codeBase="F:\ETWork\bin\Tests\SysIntgTests.iCore.Common.Entities.dll" adapterTypeName="Microsoft.VisualStudio.TestTools.TestTypes.Unit.UnitTestAdapter" className="SysIntgTests.iCore.Common.Entities.SystemProtectionServiceImplTests" name="RegenerateEncryptionKey_CorrectMasterKey_CurrentMachineIsValidAndHasNewEncryptedEncryptionKey" />
    </UnitTest>
    <UnitTest name="RegenerateEncryptionKey_UserNotAllowedToRunOperation_Throws" storage="f:\etwork\bin\tests\sysintgtests.icore.common.entities.dll" id="1b9d187a-f81e-3027-1bee-491eb5b7a479">
      <TestCategory>
        <TestCategoryItem TestCategory="SystemIntegration" />
      </TestCategory>
      <Execution id="5a6215a2-f5cf-4844-8594-32aaf25c10d1" />
      <TestMethod codeBase="F:\ETWork\bin\Tests\SysIntgTests.iCore.Common.Entities.dll" adapterTypeName="Microsoft.VisualStudio.TestTools.TestTypes.Unit.UnitTestAdapter" className="SysIntgTests.iCore.Common.Entities.SystemProtectionServiceImplTests" name="RegenerateEncryptionKey_UserNotAllowedToRunOperation_Throws" />
    </UnitTest>
    <UnitTest name="ScenarioTest_NoFailingSteps_Succeeds" storage="f:\etwork\bin\tests\sysintgtests.icore.common.entities.dll" id="a4f50494-bcc0-f89b-3907-f1a8d00cb06d">
      <TestCategory>
        <TestCategoryItem TestCategory="SystemIntegration" />
      </TestCategory>
      <Execution id="e3e2ec6b-f252-4e8f-8711-6ab97e0d2a0f" />
      <TestMethod codeBase="F:\ETWork\bin\Tests\SysIntgTests.iCore.Common.Entities.dll" adapterTypeName="Microsoft.VisualStudio.TestTools.TestTypes.Unit.UnitTestAdapter" className="SysIntgTests.iCore.Common.Entities.SystemProtectionServiceImplTests" name="ScenarioTest_NoFailingSteps_Succeeds" />
    </UnitTest>
    <UnitTest name="ScenarioTest_EncryptedValueChangedInDB_Fails" storage="f:\etwork\bin\tests\sysintgtests.icore.common.entities.dll" id="44639add-b2a7-e60b-7bd4-ef9427a3b211">
      <TestCategory>
        <TestCategoryItem TestCategory="SystemIntegration" />
      </TestCategory>
      <Execution id="f3003524-d7bb-41cb-8229-1de71b14702a" />
      <TestMethod codeBase="F:\ETWork\bin\Tests\SysIntgTests.iCore.Common.Entities.dll" adapterTypeName="Microsoft.VisualStudio.TestTools.TestTypes.Unit.UnitTestAdapter" className="SysIntgTests.iCore.Common.Entities.SystemProtectionServiceImplTests" name="ScenarioTest_EncryptedValueChangedInDB_Fails" />
    </UnitTest>
    <UnitTest name="ScenarioTest_FailingSteps_Succeeds" storage="f:\etwork\bin\tests\sysintgtests.icore.common.entities.dll" id="6657da10-53b0-6769-7dcf-2942c77ed7e3">
      <TestCategory>
        <TestCategoryItem TestCategory="SystemIntegration" />
      </TestCategory>
      <Execution id="b2b6b014-5e2e-42d0-b036-5454444b13d9" />
      <TestMethod codeBase="F:\ETWork\bin\Tests\SysIntgTests.iCore.Common.Entities.dll" adapterTypeName="Microsoft.VisualStudio.TestTools.TestTypes.Unit.UnitTestAdapter" className="SysIntgTests.iCore.Common.Entities.SystemProtectionServiceImplTests" name="ScenarioTest_FailingSteps_Succeeds" />
    </UnitTest>
    <UnitTest name="ScenarioTest_TwoProtectionServicesRegeneratingEncryptionKey_Succeeds" storage="f:\etwork\bin\tests\sysintgtests.icore.common.entities.dll" id="97ab4546-09ef-ee09-c649-725f7fb52772">
      <TestCategory>
        <TestCategoryItem TestCategory="SystemIntegration" />
      </TestCategory>
      <Execution id="04bff65e-ac79-4b44-b90d-76e3452f0de4" />
      <TestMethod codeBase="F:\ETWork\bin\Tests\SysIntgTests.iCore.Common.Entities.dll" adapterTypeName="Microsoft.VisualStudio.TestTools.TestTypes.Unit.UnitTestAdapter" className="SysIntgTests.iCore.Common.Entities.SystemProtectionServiceImplTests" name="ScenarioTest_TwoProtectionServicesRegeneratingEncryptionKey_Succeeds" />
    </UnitTest>
    <UnitTest name="ScenarioTest_TwoProtectionServicesOneRuntimeRegeneratingEncryptionKey_Fails" storage="f:\etwork\bin\tests\sysintgtests.icore.common.entities.dll" id="9d56e46f-4d89-0015-f0a8-ecccdfe34dae">
      <TestCategory>
        <TestCategoryItem TestCategory="SystemIntegration" />
      </TestCategory>
      <Execution id="87f839c9-9048-4949-a7b9-7e10fc0088b5" />
      <TestMethod codeBase="F:\ETWork\bin\Tests\SysIntgTests.iCore.Common.Entities.dll" adapterTypeName="Microsoft.VisualStudio.TestTools.TestTypes.Unit.UnitTestAdapter" className="SysIntgTests.iCore.Common.Entities.SystemProtectionServiceImplTests" name="ScenarioTest_TwoProtectionServicesOneRuntimeRegeneratingEncryptionKey_Fails" />
    </UnitTest>
    <UnitTest name="AssemblyResolveOptionScope_IsCopiedAcrossTemporaryAppDomain" storage="f:\etwork\bin\tests\sysintgtests.icore.common.entities.dll" id="952660fb-dd02-de77-679b-1265edd8d2af">
      <Execution id="6a41d8c1-d8e0-4ae3-ac83-8f06822d3a0d" />
      <TestMethod codeBase="F:\ETWork\bin\Tests\SysIntgTests.iCore.Common.Entities.dll" adapterTypeName="Microsoft.VisualStudio.TestTools.TestTypes.Unit.UnitTestAdapter" className="SysIntgTests.iCore.Common.Entities.TempoaryAppDomainScope_AssemblyScopeOptionsTests" name="AssemblyResolveOptionScope_IsCopiedAcrossTemporaryAppDomain" />
    </UnitTest>
    <UnitTest name="AssemblyResolveOptionScope_IsCopiedAcrossTemporaryAppDomain2" storage="f:\etwork\bin\tests\sysintgtests.icore.common.entities.dll" id="f3e5057b-12d7-e6e6-a8dc-5b7b475d80cc">
      <Execution id="bea966fa-a6f5-401a-af43-0a2a02728425" />
      <TestMethod codeBase="F:\ETWork\bin\Tests\SysIntgTests.iCore.Common.Entities.dll" adapterTypeName="Microsoft.VisualStudio.TestTools.TestTypes.Unit.UnitTestAdapter" className="SysIntgTests.iCore.Common.Entities.TempoaryAppDomainScope_AssemblyScopeOptionsTests" name="AssemblyResolveOptionScope_IsCopiedAcrossTemporaryAppDomain2" />
    </UnitTest>
    <UnitTest name="AssemblyResolveOptionScope_RespectsFlowOptions" storage="f:\etwork\bin\tests\sysintgtests.icore.common.entities.dll" id="f1b0607d-e1f1-39a2-17bb-151fb6d36dd2">
      <Execution id="b717c789-9ad3-46d9-bef6-e4c6399c398e" />
      <TestMethod codeBase="F:\ETWork\bin\Tests\SysIntgTests.iCore.Common.Entities.dll" adapterTypeName="Microsoft.VisualStudio.TestTools.TestTypes.Unit.UnitTestAdapter" className="SysIntgTests.iCore.Common.Entities.TempoaryAppDomainScope_AssemblyScopeOptionsTests" name="AssemblyResolveOptionScope_RespectsFlowOptions" />
    </UnitTest>
    <UnitTest name="RunTrackingCleanup_DateIncludesNoEntities_NothingIsDeleted" storage="f:\etwork\bin\tests\sysintgtests.icore.common.entities.dll" id="59f6aa10-129e-5cf0-0602-2185d5db2caf">
      <Execution id="53fe775d-3ff4-4e13-97e7-c457038cb1ee" />
      <TestMethod codeBase="F:\ETWork\bin\Tests\SysIntgTests.iCore.Common.Entities.dll" adapterTypeName="Microsoft.VisualStudio.TestTools.TestTypes.Unit.UnitTestAdapter" className="SysIntgTests.iCore.Common.Entities.TrackingCleanupSessionTests" name="RunTrackingCleanup_DateIncludesNoEntities_NothingIsDeleted" />
    </UnitTest>
    <UnitTest name="RunTrackingCleanup_RemoveEntireTreeFromSingleSession_CorrectEntitiesAreDeleted" storage="f:\etwork\bin\tests\sysintgtests.icore.common.entities.dll" id="46d86df0-6e88-3b34-2985-5c58917e6349">
      <Execution id="5529ea48-8b24-441c-b5c4-8ec07781813b" />
      <TestMethod codeBase="F:\ETWork\bin\Tests\SysIntgTests.iCore.Common.Entities.dll" adapterTypeName="Microsoft.VisualStudio.TestTools.TestTypes.Unit.UnitTestAdapter" className="SysIntgTests.iCore.Common.Entities.TrackingCleanupSessionTests" name="RunTrackingCleanup_RemoveEntireTreeFromSingleSession_CorrectEntitiesAreDeleted" />
    </UnitTest>
    <UnitTest name="RunTrackingCleanup_PartialSessionTree_CorrectEntitiesAreDeleted" storage="f:\etwork\bin\tests\sysintgtests.icore.common.entities.dll" id="face1ca3-6726-ec37-66cc-012ef2ce3299">
      <Execution id="8d539d19-152f-4c71-97cc-4b97b8f01685" />
      <TestMethod codeBase="F:\ETWork\bin\Tests\SysIntgTests.iCore.Common.Entities.dll" adapterTypeName="Microsoft.VisualStudio.TestTools.TestTypes.Unit.UnitTestAdapter" className="SysIntgTests.iCore.Common.Entities.TrackingCleanupSessionTests" name="RunTrackingCleanup_PartialSessionTree_CorrectEntitiesAreDeleted" />
    </UnitTest>
    <UnitTest name="RunTrackingCleanup_PartialSessionTreeWithSessionJob_CorrectEntitiesAreDeleted" storage="f:\etwork\bin\tests\sysintgtests.icore.common.entities.dll" id="a952ec65-5816-2db1-1473-1a1a1f3b97cf">
      <Execution id="d121d067-1c5b-473c-b74b-e4bad8df11cf" />
      <TestMethod codeBase="F:\ETWork\bin\Tests\SysIntgTests.iCore.Common.Entities.dll" adapterTypeName="Microsoft.VisualStudio.TestTools.TestTypes.Unit.UnitTestAdapter" className="SysIntgTests.iCore.Common.Entities.TrackingCleanupSessionTests" name="RunTrackingCleanup_PartialSessionTreeWithSessionJob_CorrectEntitiesAreDeleted" />
    </UnitTest>
    <UnitTest name="DeleteTrackingEntities_RemoveEntireTree_DeletesAllExceptNodesWithRetainSetToTrue" storage="f:\etwork\bin\tests\sysintgtests.icore.common.entities.dll" id="63eeaeb0-68bb-d7b9-ca53-9e4ecbb1d757">
      <Execution id="130d7dd1-0d12-44b7-bb54-a348cca7e934" />
      <TestMethod codeBase="F:\ETWork\bin\Tests\SysIntgTests.iCore.Common.Entities.dll" adapterTypeName="Microsoft.VisualStudio.TestTools.TestTypes.Unit.UnitTestAdapter" className="SysIntgTests.iCore.Common.Entities.TrackingTests" name="DeleteTrackingEntities_RemoveEntireTree_DeletesAllExceptNodesWithRetainSetToTrue" />
    </UnitTest>
    <UnitTest name="DeleteTrackingEntities_RemoveSubTree_RemovesAllIncludingChildNodesOfJobWithRetainSetToFalse" storage="f:\etwork\bin\tests\sysintgtests.icore.common.entities.dll" id="6a51dda4-2f2a-7187-72e4-f1fd47798144">
      <Execution id="35ce8125-cbe7-4ed1-a26e-8c5490080cb4" />
      <TestMethod codeBase="F:\ETWork\bin\Tests\SysIntgTests.iCore.Common.Entities.dll" adapterTypeName="Microsoft.VisualStudio.TestTools.TestTypes.Unit.UnitTestAdapter" className="SysIntgTests.iCore.Common.Entities.TrackingTests" name="DeleteTrackingEntities_RemoveSubTree_RemovesAllIncludingChildNodesOfJobWithRetainSetToFalse" />
    </UnitTest>
    <UnitTest name="DeleteTrackingEntities_RemoveSubTreeWithRelations_DeletsAllExpected" storage="f:\etwork\bin\tests\sysintgtests.icore.common.entities.dll" id="ad396608-e66d-3afb-66c9-b24a66101533">
      <Execution id="4c0245ea-7532-4601-a912-456f8fddb894" />
      <TestMethod codeBase="F:\ETWork\bin\Tests\SysIntgTests.iCore.Common.Entities.dll" adapterTypeName="Microsoft.VisualStudio.TestTools.TestTypes.Unit.UnitTestAdapter" className="SysIntgTests.iCore.Common.Entities.TrackingTests" name="DeleteTrackingEntities_RemoveSubTreeWithRelations_DeletsAllExpected" />
    </UnitTest>
    <UnitTest name="DeleteTrackingEntities_RemoveEvent_FailsDueToChildJobsExisting" storage="f:\etwork\bin\tests\sysintgtests.icore.common.entities.dll" id="9e5e5ab8-b5d7-c262-3c65-0c9314f63388">
      <Execution id="13bb0e6c-0963-474f-8380-7943236395d4" />
      <TestMethod codeBase="F:\ETWork\bin\Tests\SysIntgTests.iCore.Common.Entities.dll" adapterTypeName="Microsoft.VisualStudio.TestTools.TestTypes.Unit.UnitTestAdapter" className="SysIntgTests.iCore.Common.Entities.TrackingTests" name="DeleteTrackingEntities_RemoveEvent_FailsDueToChildJobsExisting" />
    </UnitTest>
    <UnitTest name="RepositoryEntityTypeId_ReturnsJobHistory" storage="f:\etwork\bin\tests\sysintgtests.icore.common.entities.dll" id="425d9f94-1ffc-723f-d4ae-f7dbdba6791a">
      <TestCategory>
        <TestCategoryItem TestCategory="Entities" />
        <TestCategoryItem TestCategory="SystemIntegration" />
      </TestCategory>
      <Execution id="701a7cfe-fd5c-4078-84df-28f1779cd348" />
      <TestMethod codeBase="F:\ETWork\bin\Tests\SysIntgTests.iCore.Common.Entities.dll" adapterTypeName="Microsoft.VisualStudio.TestTools.TestTypes.Unit.UnitTestAdapter" className="SysIntgTests.iCore.Common.Entities.JobHistoryTests" name="RepositoryEntityTypeId_ReturnsJobHistory" />
    </UnitTest>
    <UnitTest name="RepositoryEntityType_ReturnsIJobHistory" storage="f:\etwork\bin\tests\sysintgtests.icore.common.entities.dll" id="95b451b2-6fea-7bff-918e-e0402028a7d8">
      <TestCategory>
        <TestCategoryItem TestCategory="Entities" />
        <TestCategoryItem TestCategory="SystemIntegration" />
      </TestCategory>
      <Execution id="37ef93c7-69d1-4f0c-86de-334ac99a6972" />
      <TestMethod codeBase="F:\ETWork\bin\Tests\SysIntgTests.iCore.Common.Entities.dll" adapterTypeName="Microsoft.VisualStudio.TestTools.TestTypes.Unit.UnitTestAdapter" className="SysIntgTests.iCore.Common.Entities.JobHistoryTests" name="RepositoryEntityType_ReturnsIJobHistory" />
    </UnitTest>
    <UnitTest name="RepositorySystemContext_MatchesActualSystemContext" storage="f:\etwork\bin\tests\sysintgtests.icore.common.entities.dll" id="4dd7e325-19ff-619a-91aa-09ce914d4caa">
      <TestCategory>
        <TestCategoryItem TestCategory="Entities" />
        <TestCategoryItem TestCategory="SystemIntegration" />
      </TestCategory>
      <Execution id="7f18992c-d2c2-4901-bea0-1a94a9f567dc" />
      <TestMethod codeBase="F:\ETWork\bin\Tests\SysIntgTests.iCore.Common.Entities.dll" adapterTypeName="Microsoft.VisualStudio.TestTools.TestTypes.Unit.UnitTestAdapter" className="SysIntgTests.iCore.Common.Entities.JobHistoryTests" name="RepositorySystemContext_MatchesActualSystemContext" />
    </UnitTest>
    <UnitTest name="Exists_EventAttributeTypeKey_ThrowsArgumentException" storage="f:\etwork\bin\tests\sysintgtests.icore.common.entities.dll" id="feab5c98-da86-8c2d-67b7-5626cf3f246b">
      <TestCategory>
        <TestCategoryItem TestCategory="Entities" />
        <TestCategoryItem TestCategory="SystemIntegration" />
      </TestCategory>
      <Execution id="686d5f83-dbdd-4757-b515-1e1f0b8fcd8d" />
      <TestMethod codeBase="F:\ETWork\bin\Tests\SysIntgTests.iCore.Common.Entities.dll" adapterTypeName="Microsoft.VisualStudio.TestTools.TestTypes.Unit.UnitTestAdapter" className="SysIntgTests.iCore.Common.Entities.JobHistoryTests" name="Exists_EventAttributeTypeKey_ThrowsArgumentException" />
    </UnitTest>
    <UnitTest name="Exists_KnownEventKey_ReturnsTrue (Data Row 0)" storage="f:\etwork\bin\tests\sysintgtests.icore.common.entities.dll" id="c46d73ea-4908-4814-b7e1-24205dd47b63">
      <TestCategory>
        <TestCategoryItem TestCategory="Entities" />
        <TestCategoryItem TestCategory="SystemIntegration" />
      </TestCategory>
      <Execution id="13897cd6-9233-4271-a131-8ae26677b44e" />
      <TestMethod codeBase="F:\ETWork\bin\Tests\SysIntgTests.iCore.Common.Entities.dll" adapterTypeName="Microsoft.VisualStudio.TestTools.TestTypes.Unit.UnitTestAdapter" className="SysIntgTests.iCore.Common.Entities.JobHistoryTests" name="Exists_KnownEventKey_ReturnsTrue (Data Row 0)" />
    </UnitTest>
    <UnitTest name="Exists_NonExistingEventKey_ReturnsFalse" storage="f:\etwork\bin\tests\sysintgtests.icore.common.entities.dll" id="33f4864e-0e98-fb1d-5b85-a4a57e6544eb">
      <TestCategory>
        <TestCategoryItem TestCategory="Entities" />
        <TestCategoryItem TestCategory="SystemIntegration" />
      </TestCategory>
      <Execution id="93ede630-99d6-4153-9827-24814e482c35" />
      <TestMethod codeBase="F:\ETWork\bin\Tests\SysIntgTests.iCore.Common.Entities.dll" adapterTypeName="Microsoft.VisualStudio.TestTools.TestTypes.Unit.UnitTestAdapter" className="SysIntgTests.iCore.Common.Entities.JobHistoryTests" name="Exists_NonExistingEventKey_ReturnsFalse" />
    </UnitTest>
    <UnitTest name="GetByKey_MaxValue_ThrowsEntityNotFoundException" storage="f:\etwork\bin\tests\sysintgtests.icore.common.entities.dll" id="f555de08-1b74-6a85-0153-58824ca9e440">
      <TestCategory>
        <TestCategoryItem TestCategory="Entities" />
        <TestCategoryItem TestCategory="SystemIntegration" />
      </TestCategory>
      <Execution id="ab83eae6-e1e5-4ee2-847b-75e4e8491bbd" />
      <TestMethod codeBase="F:\ETWork\bin\Tests\SysIntgTests.iCore.Common.Entities.dll" adapterTypeName="Microsoft.VisualStudio.TestTools.TestTypes.Unit.UnitTestAdapter" className="SysIntgTests.iCore.Common.Entities.JobHistoryTests" name="GetByKey_MaxValue_ThrowsEntityNotFoundException" />
    </UnitTest>
    <UnitTest name="GetByKey_KnownKey_ReturnsEntityWithCorrectProperties (Data Row 0)" storage="f:\etwork\bin\tests\sysintgtests.icore.common.entities.dll" id="af22db2f-43b2-4738-b17b-b30ae6c3fffc">
      <TestCategory>
        <TestCategoryItem TestCategory="Entities" />
        <TestCategoryItem TestCategory="SystemIntegration" />
      </TestCategory>
      <Execution id="be5b5dca-d336-44ce-8b90-8f88badf6758" />
      <TestMethod codeBase="F:\ETWork\bin\Tests\SysIntgTests.iCore.Common.Entities.dll" adapterTypeName="Microsoft.VisualStudio.TestTools.TestTypes.Unit.UnitTestAdapter" className="SysIntgTests.iCore.Common.Entities.JobHistoryTests" name="GetByKey_KnownKey_ReturnsEntityWithCorrectProperties (Data Row 0)" />
    </UnitTest>
    <UnitTest name="GetByKey_UnsupportedKey_ThrowsArgumentException" storage="f:\etwork\bin\tests\sysintgtests.icore.common.entities.dll" id="4c46579c-4115-4832-1bea-9738cd3cacc0">
      <TestCategory>
        <TestCategoryItem TestCategory="Entities" />
        <TestCategoryItem TestCategory="SystemIntegration" />
      </TestCategory>
      <Execution id="bbecc43c-4194-4cde-804d-ff838ae3d495" />
      <TestMethod codeBase="F:\ETWork\bin\Tests\SysIntgTests.iCore.Common.Entities.dll" adapterTypeName="Microsoft.VisualStudio.TestTools.TestTypes.Unit.UnitTestAdapter" className="SysIntgTests.iCore.Common.Entities.JobHistoryTests" name="GetByKey_UnsupportedKey_ThrowsArgumentException" />
    </UnitTest>
    <UnitTest name="RepositoryEntityTypeId_ReturnsEventHistory" storage="f:\etwork\bin\tests\sysintgtests.icore.common.entities.dll" id="345d3694-bd91-b9bb-3500-893f1ab2d782">
      <TestCategory>
        <TestCategoryItem TestCategory="Entities" />
        <TestCategoryItem TestCategory="SystemIntegration" />
      </TestCategory>
      <Execution id="75cbc2d5-d631-492f-bc48-4608033858b3" />
      <TestMethod codeBase="F:\ETWork\bin\Tests\SysIntgTests.iCore.Common.Entities.dll" adapterTypeName="Microsoft.VisualStudio.TestTools.TestTypes.Unit.UnitTestAdapter" className="SysIntgTests.iCore.Common.Entities.EventHistoryTests" name="RepositoryEntityTypeId_ReturnsEventHistory" />
    </UnitTest>
    <UnitTest name="RepositoryEntityType_ReturnsIEventHistory" storage="f:\etwork\bin\tests\sysintgtests.icore.common.entities.dll" id="cb78ab3d-86f6-c9c6-a8d3-609c4cd2a4f1">
      <TestCategory>
        <TestCategoryItem TestCategory="Entities" />
        <TestCategoryItem TestCategory="SystemIntegration" />
      </TestCategory>
      <Execution id="9ddf9f09-7ab9-4301-9fad-2cd1acd670dd" />
      <TestMethod codeBase="F:\ETWork\bin\Tests\SysIntgTests.iCore.Common.Entities.dll" adapterTypeName="Microsoft.VisualStudio.TestTools.TestTypes.Unit.UnitTestAdapter" className="SysIntgTests.iCore.Common.Entities.EventHistoryTests" name="RepositoryEntityType_ReturnsIEventHistory" />
    </UnitTest>
    <UnitTest name="RepositorySystemContext_MatchesActualSystemContext" storage="f:\etwork\bin\tests\sysintgtests.icore.common.entities.dll" id="556e0363-803f-5959-92c3-bd49ff9ce5b9">
      <TestCategory>
        <TestCategoryItem TestCategory="Entities" />
        <TestCategoryItem TestCategory="SystemIntegration" />
      </TestCategory>
      <Execution id="633b677d-461e-4c97-ad2b-0a5dc9241a54" />
      <TestMethod codeBase="F:\ETWork\bin\Tests\SysIntgTests.iCore.Common.Entities.dll" adapterTypeName="Microsoft.VisualStudio.TestTools.TestTypes.Unit.UnitTestAdapter" className="SysIntgTests.iCore.Common.Entities.EventHistoryTests" name="RepositorySystemContext_MatchesActualSystemContext" />
    </UnitTest>
    <UnitTest name="Exists_EventAttributeTypeKey_ThrowsArgumentException" storage="f:\etwork\bin\tests\sysintgtests.icore.common.entities.dll" id="03fead0d-123b-188d-aa2c-94d9d6237484">
      <TestCategory>
        <TestCategoryItem TestCategory="Entities" />
        <TestCategoryItem TestCategory="SystemIntegration" />
      </TestCategory>
      <Execution id="fd455b1a-cd72-426d-a8bb-ffb32df2ec98" />
      <TestMethod codeBase="F:\ETWork\bin\Tests\SysIntgTests.iCore.Common.Entities.dll" adapterTypeName="Microsoft.VisualStudio.TestTools.TestTypes.Unit.UnitTestAdapter" className="SysIntgTests.iCore.Common.Entities.EventHistoryTests" name="Exists_EventAttributeTypeKey_ThrowsArgumentException" />
    </UnitTest>
    <UnitTest name="Exists_KnownEventKey_ReturnsTrue (Data Row 0)" storage="f:\etwork\bin\tests\sysintgtests.icore.common.entities.dll" id="e5fb001b-d4ab-4237-80f4-74c6264898d5">
      <TestCategory>
        <TestCategoryItem TestCategory="Entities" />
        <TestCategoryItem TestCategory="SystemIntegration" />
      </TestCategory>
      <Execution id="c7a472c7-6ec0-46c0-bfb3-2e63a72f57b0" />
      <TestMethod codeBase="F:\ETWork\bin\Tests\SysIntgTests.iCore.Common.Entities.dll" adapterTypeName="Microsoft.VisualStudio.TestTools.TestTypes.Unit.UnitTestAdapter" className="SysIntgTests.iCore.Common.Entities.EventHistoryTests" name="Exists_KnownEventKey_ReturnsTrue (Data Row 0)" />
    </UnitTest>
    <UnitTest name="Exists_NonExistingEventKey_ReturnsFalse" storage="f:\etwork\bin\tests\sysintgtests.icore.common.entities.dll" id="b0c1ecee-521d-5aba-6cc1-eabeb636c462">
      <TestCategory>
        <TestCategoryItem TestCategory="Entities" />
        <TestCategoryItem TestCategory="SystemIntegration" />
      </TestCategory>
      <Execution id="2daeb6e4-14be-46a6-9fc0-d020fa4a19d2" />
      <TestMethod codeBase="F:\ETWork\bin\Tests\SysIntgTests.iCore.Common.Entities.dll" adapterTypeName="Microsoft.VisualStudio.TestTools.TestTypes.Unit.UnitTestAdapter" className="SysIntgTests.iCore.Common.Entities.EventHistoryTests" name="Exists_NonExistingEventKey_ReturnsFalse" />
    </UnitTest>
    <UnitTest name="GetByKey_MaxValue_ThrowsEntityNotFoundException" storage="f:\etwork\bin\tests\sysintgtests.icore.common.entities.dll" id="89f99b4b-9712-c950-dc34-6edfca969309">
      <TestCategory>
        <TestCategoryItem TestCategory="Entities" />
        <TestCategoryItem TestCategory="SystemIntegration" />
      </TestCategory>
      <Execution id="d39678cc-d21e-4767-9048-4d11c4b084ff" />
      <TestMethod codeBase="F:\ETWork\bin\Tests\SysIntgTests.iCore.Common.Entities.dll" adapterTypeName="Microsoft.VisualStudio.TestTools.TestTypes.Unit.UnitTestAdapter" className="SysIntgTests.iCore.Common.Entities.EventHistoryTests" name="GetByKey_MaxValue_ThrowsEntityNotFoundException" />
    </UnitTest>
    <UnitTest name="GetByKey_KnownKey_ReturnsEntityWithCorrectProperties (Data Row 0)" storage="f:\etwork\bin\tests\sysintgtests.icore.common.entities.dll" id="ef8f9b50-2a9c-4474-b753-29737c0c76f6">
      <TestCategory>
        <TestCategoryItem TestCategory="Entities" />
        <TestCategoryItem TestCategory="SystemIntegration" />
      </TestCategory>
      <Execution id="496f6f7b-b192-4187-b0c1-d39596f354fb" />
      <TestMethod codeBase="F:\ETWork\bin\Tests\SysIntgTests.iCore.Common.Entities.dll" adapterTypeName="Microsoft.VisualStudio.TestTools.TestTypes.Unit.UnitTestAdapter" className="SysIntgTests.iCore.Common.Entities.EventHistoryTests" name="GetByKey_KnownKey_ReturnsEntityWithCorrectProperties (Data Row 0)" />
    </UnitTest>
    <UnitTest name="GetByKey_UnsupportedKey_ThrowsArgumentException" storage="f:\etwork\bin\tests\sysintgtests.icore.common.entities.dll" id="f6d8e456-7b4b-452c-74b2-460cadc91c81">
      <TestCategory>
        <TestCategoryItem TestCategory="Entities" />
        <TestCategoryItem TestCategory="SystemIntegration" />
      </TestCategory>
      <Execution id="32fdea57-5bd6-4c4a-8f0c-ed7a5a5ffd0b" />
      <TestMethod codeBase="F:\ETWork\bin\Tests\SysIntgTests.iCore.Common.Entities.dll" adapterTypeName="Microsoft.VisualStudio.TestTools.TestTypes.Unit.UnitTestAdapter" className="SysIntgTests.iCore.Common.Entities.EventHistoryTests" name="GetByKey_UnsupportedKey_ThrowsArgumentException" />
    </UnitTest>
    <UnitTest name="GenerationOfAdapterFlowWebServiceActivities_ComplexWebserviceContract_AdapterflowActivitiesCreated" storage="f:\etwork\bin\tests\sysintgtests.icore.common.entities.dll" id="04c3657d-35a7-4b13-a49a-32cf305d4754">
      <Execution id="efd03e4f-4c0d-4e01-a017-c6f238eb9cae" />
      <TestMethod codeBase="F:\ETWork\bin\Tests\SysIntgTests.iCore.Common.Entities.dll" adapterTypeName="Microsoft.VisualStudio.TestTools.TestTypes.Unit.UnitTestAdapter" className="SysIntgTests.iCore.Common.Entities.WSAFActivityGenerationTest" name="GenerationOfAdapterFlowWebServiceActivities_ComplexWebserviceContract_AdapterflowActivitiesCreated" />
    </UnitTest>
    <UnitTest name="GenerationOfWorkflowWebServiceActivities_ValidWebserviceContract_WorkflowActivitiesCreated" storage="f:\etwork\bin\tests\sysintgtests.icore.common.entities.dll" id="24250b8b-8291-3ecc-4605-50ecd1f863b5">
      <Execution id="5b270e1e-b47e-4438-a3f2-d14ce7622a89" />
      <TestMethod codeBase="F:\ETWork\bin\Tests\SysIntgTests.iCore.Common.Entities.dll" adapterTypeName="Microsoft.VisualStudio.TestTools.TestTypes.Unit.UnitTestAdapter" className="SysIntgTests.iCore.Common.Entities.WSWFActivityGenerationTest" name="GenerationOfWorkflowWebServiceActivities_ValidWebserviceContract_WorkflowActivitiesCreated" />
    </UnitTest>
    <UnitTest name="GenerationOfWorkflowWebServiceActivities_VerifyingCodeGenerated_ExpectedPropertiesAreGenerated" storage="f:\etwork\bin\tests\sysintgtests.icore.common.entities.dll" id="356847ab-0670-ec0c-4e2c-f49427d9b8ce">
      <Execution id="209f3a4a-9532-4f0b-8692-3f55c706ab21" />
      <TestMethod codeBase="F:\ETWork\bin\Tests\SysIntgTests.iCore.Common.Entities.dll" adapterTypeName="Microsoft.VisualStudio.TestTools.TestTypes.Unit.UnitTestAdapter" className="SysIntgTests.iCore.Common.Entities.WSWFActivityGenerationTest" name="GenerationOfWorkflowWebServiceActivities_VerifyingCodeGenerated_ExpectedPropertiesAreGenerated" />
    </UnitTest>
    <UnitTest name="GenerationOfWorkflowWebServiceActivities_OneWayWebserviceContract_WorkflowActivitiesCreated" storage="f:\etwork\bin\tests\sysintgtests.icore.common.entities.dll" id="0fbdaa94-97a9-5413-58ca-25a1e6b86833">
      <Execution id="561c65a9-421c-4653-bdf8-dc14943f2223" />
      <TestMethod codeBase="F:\ETWork\bin\Tests\SysIntgTests.iCore.Common.Entities.dll" adapterTypeName="Microsoft.VisualStudio.TestTools.TestTypes.Unit.UnitTestAdapter" className="SysIntgTests.iCore.Common.Entities.WSWFActivityGenerationTest" name="GenerationOfWorkflowWebServiceActivities_OneWayWebserviceContract_WorkflowActivitiesCreated" />
    </UnitTest>
    <UnitTest name="GenerationOfWorkflowWebServiceActivities_ComplexTypeWebserviceOperation_WorkflowActivitiesCreated" storage="f:\etwork\bin\tests\sysintgtests.icore.common.entities.dll" id="f26d3ad5-aa0f-55a2-3b5f-4c1e5ab37ba2">
      <Execution id="e055b8aa-4588-4014-8cc8-585424742ccd" />
      <TestMethod codeBase="F:\ETWork\bin\Tests\SysIntgTests.iCore.Common.Entities.dll" adapterTypeName="Microsoft.VisualStudio.TestTools.TestTypes.Unit.UnitTestAdapter" className="SysIntgTests.iCore.Common.Entities.WSWFActivityGenerationTest" name="GenerationOfWorkflowWebServiceActivities_ComplexTypeWebserviceOperation_WorkflowActivitiesCreated" />
    </UnitTest>
    <UnitTest name="RepositoryEntityTypeId_ReturnsApplicationPool" storage="f:\etwork\bin\tests\sysintgtests.icore.common.entities.dll" id="123d96fb-c221-0e0c-268b-730f80e33846">
      <TestCategory>
        <TestCategoryItem TestCategory="Entities" />
        <TestCategoryItem TestCategory="SystemIntegration" />
      </TestCategory>
      <Execution id="185fe8eb-422d-460b-af58-bac95dfd890e" />
      <TestMethod codeBase="F:\ETWork\bin\Tests\SysIntgTests.iCore.Common.Entities.dll" adapterTypeName="Microsoft.VisualStudio.TestTools.TestTypes.Unit.UnitTestAdapter" className="SysIntgTests.iCore.Common.Entities.ApplicationPoolTests" name="RepositoryEntityTypeId_ReturnsApplicationPool" />
    </UnitTest>
    <UnitTest name="RepositoryEntityType_ReturnsIApplicationPool" storage="f:\etwork\bin\tests\sysintgtests.icore.common.entities.dll" id="ea02f57f-038c-cab2-2ef1-62790ea0faac">
      <TestCategory>
        <TestCategoryItem TestCategory="Entities" />
        <TestCategoryItem TestCategory="SystemIntegration" />
      </TestCategory>
      <Execution id="502a3ff2-b788-4ef9-9853-29716fbb1ddf" />
      <TestMethod codeBase="F:\ETWork\bin\Tests\SysIntgTests.iCore.Common.Entities.dll" adapterTypeName="Microsoft.VisualStudio.TestTools.TestTypes.Unit.UnitTestAdapter" className="SysIntgTests.iCore.Common.Entities.ApplicationPoolTests" name="RepositoryEntityType_ReturnsIApplicationPool" />
    </UnitTest>
    <UnitTest name="RepositorySystemContext_MatchesActualSystemContext" storage="f:\etwork\bin\tests\sysintgtests.icore.common.entities.dll" id="1cab8286-1339-e639-fa0f-348d0aebbe21">
      <TestCategory>
        <TestCategoryItem TestCategory="Entities" />
        <TestCategoryItem TestCategory="SystemIntegration" />
      </TestCategory>
      <Execution id="42e11d74-6f43-4da1-a6c7-858e1dd313a5" />
      <TestMethod codeBase="F:\ETWork\bin\Tests\SysIntgTests.iCore.Common.Entities.dll" adapterTypeName="Microsoft.VisualStudio.TestTools.TestTypes.Unit.UnitTestAdapter" className="SysIntgTests.iCore.Common.Entities.ApplicationPoolTests" name="RepositorySystemContext_MatchesActualSystemContext" />
    </UnitTest>
    <UnitTest name="Exists_KnownApplicationPoolId_ReturnsTrue (Data Row 0)" storage="f:\etwork\bin\tests\sysintgtests.icore.common.entities.dll" id="8c924126-5046-4f95-9514-ed0a708e9e1c">
      <TestCategory>
        <TestCategoryItem TestCategory="Entities" />
        <TestCategoryItem TestCategory="SystemIntegration" />
      </TestCategory>
      <Execution id="28234ef0-f0a8-4267-aa11-0d77a57416b4" />
      <TestMethod codeBase="F:\ETWork\bin\Tests\SysIntgTests.iCore.Common.Entities.dll" adapterTypeName="Microsoft.VisualStudio.TestTools.TestTypes.Unit.UnitTestAdapter" className="SysIntgTests.iCore.Common.Entities.ApplicationPoolTests" name="Exists_KnownApplicationPoolId_ReturnsTrue (Data Row 0)" />
    </UnitTest>
    <UnitTest name="Exists_KnownApplicationPoolId_ReturnsTrue (Data Row 1)" storage="f:\etwork\bin\tests\sysintgtests.icore.common.entities.dll" id="ebcc4c8d-2600-4ac8-8474-ac530504127e">
      <TestCategory>
        <TestCategoryItem TestCategory="Entities" />
        <TestCategoryItem TestCategory="SystemIntegration" />
      </TestCategory>
      <Execution id="c4ef1c31-6d48-4ba5-be68-d485a2c2913b" />
      <TestMethod codeBase="F:\ETWork\bin\Tests\SysIntgTests.iCore.Common.Entities.dll" adapterTypeName="Microsoft.VisualStudio.TestTools.TestTypes.Unit.UnitTestAdapter" className="SysIntgTests.iCore.Common.Entities.ApplicationPoolTests" name="Exists_KnownApplicationPoolId_ReturnsTrue (Data Row 1)" />
    </UnitTest>
    <UnitTest name="Exists_KnownApplicationPoolId_ReturnsTrue (Data Row 2)" storage="f:\etwork\bin\tests\sysintgtests.icore.common.entities.dll" id="bccf8cf3-b14c-4fd8-be18-a120bd299b42">
      <TestCategory>
        <TestCategoryItem TestCategory="Entities" />
        <TestCategoryItem TestCategory="SystemIntegration" />
      </TestCategory>
      <Execution id="d5a1ce59-6614-4a01-9de3-a13f017ce403" />
      <TestMethod codeBase="F:\ETWork\bin\Tests\SysIntgTests.iCore.Common.Entities.dll" adapterTypeName="Microsoft.VisualStudio.TestTools.TestTypes.Unit.UnitTestAdapter" className="SysIntgTests.iCore.Common.Entities.ApplicationPoolTests" name="Exists_KnownApplicationPoolId_ReturnsTrue (Data Row 2)" />
    </UnitTest>
    <UnitTest name="Exists_KnownApplicationPoolId_ReturnsTrue (Data Row 3)" storage="f:\etwork\bin\tests\sysintgtests.icore.common.entities.dll" id="a00d64db-846e-4cf1-9138-d7fa065aff3c">
      <TestCategory>
        <TestCategoryItem TestCategory="Entities" />
        <TestCategoryItem TestCategory="SystemIntegration" />
      </TestCategory>
      <Execution id="17c75164-169b-4d69-9e96-4fe6e153a339" />
      <TestMethod codeBase="F:\ETWork\bin\Tests\SysIntgTests.iCore.Common.Entities.dll" adapterTypeName="Microsoft.VisualStudio.TestTools.TestTypes.Unit.UnitTestAdapter" className="SysIntgTests.iCore.Common.Entities.ApplicationPoolTests" name="Exists_KnownApplicationPoolId_ReturnsTrue (Data Row 3)" />
    </UnitTest>
    <UnitTest name="Exists_NonExistingApplicationPoolId_ReturnsFalse" storage="f:\etwork\bin\tests\sysintgtests.icore.common.entities.dll" id="3a48f45c-6ab7-8d0c-5b57-b27f975be4c8">
      <TestCategory>
        <TestCategoryItem TestCategory="Entities" />
        <TestCategoryItem TestCategory="SystemIntegration" />
      </TestCategory>
      <Execution id="2505c7fc-94f4-44e9-8b1e-5eb72d6d6738" />
      <TestMethod codeBase="F:\ETWork\bin\Tests\SysIntgTests.iCore.Common.Entities.dll" adapterTypeName="Microsoft.VisualStudio.TestTools.TestTypes.Unit.UnitTestAdapter" className="SysIntgTests.iCore.Common.Entities.ApplicationPoolTests" name="Exists_NonExistingApplicationPoolId_ReturnsFalse" />
    </UnitTest>
    <UnitTest name="Exists_UnsupportedKey_ThrowsArgumentException" storage="f:\etwork\bin\tests\sysintgtests.icore.common.entities.dll" id="f3bc5183-16be-9328-b54c-47ce1b5097f3">
      <TestCategory>
        <TestCategoryItem TestCategory="Entities" />
        <TestCategoryItem TestCategory="SystemIntegration" />
      </TestCategory>
      <Execution id="5260d284-c2f8-4b5e-93c4-be0085549f06" />
      <TestMethod codeBase="F:\ETWork\bin\Tests\SysIntgTests.iCore.Common.Entities.dll" adapterTypeName="Microsoft.VisualStudio.TestTools.TestTypes.Unit.UnitTestAdapter" className="SysIntgTests.iCore.Common.Entities.ApplicationPoolTests" name="Exists_UnsupportedKey_ThrowsArgumentException" />
    </UnitTest>
    <UnitTest name="Exists_KnownApplicationPoolKey_ReturnsTrue (Data Row 0)" storage="f:\etwork\bin\tests\sysintgtests.icore.common.entities.dll" id="52817276-f8d6-4d36-862b-bc12673a41dd">
      <TestCategory>
        <TestCategoryItem TestCategory="Entities" />
        <TestCategoryItem TestCategory="SystemIntegration" />
      </TestCategory>
      <Execution id="b097b979-7126-43b6-a394-0ecf357913e3" />
      <TestMethod codeBase="F:\ETWork\bin\Tests\SysIntgTests.iCore.Common.Entities.dll" adapterTypeName="Microsoft.VisualStudio.TestTools.TestTypes.Unit.UnitTestAdapter" className="SysIntgTests.iCore.Common.Entities.ApplicationPoolTests" name="Exists_KnownApplicationPoolKey_ReturnsTrue (Data Row 0)" />
    </UnitTest>
    <UnitTest name="Exists_KnownApplicationPoolKey_ReturnsTrue (Data Row 1)" storage="f:\etwork\bin\tests\sysintgtests.icore.common.entities.dll" id="926ec36d-b962-47d6-8b2f-e5e8322f5b03">
      <TestCategory>
        <TestCategoryItem TestCategory="Entities" />
        <TestCategoryItem TestCategory="SystemIntegration" />
      </TestCategory>
      <Execution id="366d6403-7e02-4c3c-a168-71c9fd0df097" />
      <TestMethod codeBase="F:\ETWork\bin\Tests\SysIntgTests.iCore.Common.Entities.dll" adapterTypeName="Microsoft.VisualStudio.TestTools.TestTypes.Unit.UnitTestAdapter" className="SysIntgTests.iCore.Common.Entities.ApplicationPoolTests" name="Exists_KnownApplicationPoolKey_ReturnsTrue (Data Row 1)" />
    </UnitTest>
    <UnitTest name="Exists_KnownApplicationPoolKey_ReturnsTrue (Data Row 2)" storage="f:\etwork\bin\tests\sysintgtests.icore.common.entities.dll" id="c28883a6-8105-4c1e-9a9b-86ee221162e3">
      <TestCategory>
        <TestCategoryItem TestCategory="Entities" />
        <TestCategoryItem TestCategory="SystemIntegration" />
      </TestCategory>
      <Execution id="09dff592-a4ef-49e7-a73e-3bfa1c99e8a2" />
      <TestMethod codeBase="F:\ETWork\bin\Tests\SysIntgTests.iCore.Common.Entities.dll" adapterTypeName="Microsoft.VisualStudio.TestTools.TestTypes.Unit.UnitTestAdapter" className="SysIntgTests.iCore.Common.Entities.ApplicationPoolTests" name="Exists_KnownApplicationPoolKey_ReturnsTrue (Data Row 2)" />
    </UnitTest>
    <UnitTest name="Exists_KnownApplicationPoolKey_ReturnsTrue (Data Row 3)" storage="f:\etwork\bin\tests\sysintgtests.icore.common.entities.dll" id="10818291-2224-447d-9140-da4758dfd2f1">
      <TestCategory>
        <TestCategoryItem TestCategory="Entities" />
        <TestCategoryItem TestCategory="SystemIntegration" />
      </TestCategory>
      <Execution id="32b6f077-f87f-43b0-ad91-ca5857227ee6" />
      <TestMethod codeBase="F:\ETWork\bin\Tests\SysIntgTests.iCore.Common.Entities.dll" adapterTypeName="Microsoft.VisualStudio.TestTools.TestTypes.Unit.UnitTestAdapter" className="SysIntgTests.iCore.Common.Entities.ApplicationPoolTests" name="Exists_KnownApplicationPoolKey_ReturnsTrue (Data Row 3)" />
    </UnitTest>
    <UnitTest name="Exists_NonExistingApplicationPoolKey_ReturnsFalse" storage="f:\etwork\bin\tests\sysintgtests.icore.common.entities.dll" id="bef79441-7f9b-98e8-5c48-3434afaafcc1">
      <TestCategory>
        <TestCategoryItem TestCategory="Entities" />
        <TestCategoryItem TestCategory="SystemIntegration" />
      </TestCategory>
      <Execution id="034395dc-adc3-4f39-8bd4-627f1f920f8d" />
      <TestMethod codeBase="F:\ETWork\bin\Tests\SysIntgTests.iCore.Common.Entities.dll" adapterTypeName="Microsoft.VisualStudio.TestTools.TestTypes.Unit.UnitTestAdapter" className="SysIntgTests.iCore.Common.Entities.ApplicationPoolTests" name="Exists_NonExistingApplicationPoolKey_ReturnsFalse" />
    </UnitTest>
    <UnitTest name="CreateInstance_CreatesNewApplicationPool" storage="f:\etwork\bin\tests\sysintgtests.icore.common.entities.dll" id="6eebc1aa-c6db-d6db-bb55-fe69f6cee3c5">
      <Execution id="2fb45301-b242-4132-b214-ea2af74b4138" />
      <TestMethod codeBase="F:\ETWork\bin\Tests\SysIntgTests.iCore.Common.Entities.dll" adapterTypeName="Microsoft.VisualStudio.TestTools.TestTypes.Unit.UnitTestAdapter" className="SysIntgTests.iCore.Common.Entities.ApplicationPoolTests" name="CreateInstance_CreatesNewApplicationPool" />
    </UnitTest>
    <UnitTest name="List_ContainsEachKnownApplicationPoolOnce (Data Row 0)" storage="f:\etwork\bin\tests\sysintgtests.icore.common.entities.dll" id="337def5d-d25a-4f7b-b675-30721e412943">
      <TestCategory>
        <TestCategoryItem TestCategory="Entities" />
        <TestCategoryItem TestCategory="SystemIntegration" />
      </TestCategory>
      <Execution id="7c2e954c-c4e5-4339-9370-38dac5364cd5" />
      <TestMethod codeBase="F:\ETWork\bin\Tests\SysIntgTests.iCore.Common.Entities.dll" adapterTypeName="Microsoft.VisualStudio.TestTools.TestTypes.Unit.UnitTestAdapter" className="SysIntgTests.iCore.Common.Entities.ApplicationPoolTests" name="List_ContainsEachKnownApplicationPoolOnce (Data Row 0)" />
    </UnitTest>
    <UnitTest name="List_ContainsEachKnownApplicationPoolOnce (Data Row 1)" storage="f:\etwork\bin\tests\sysintgtests.icore.common.entities.dll" id="f4de1f74-b0d1-45b8-b1df-8033be17e7f5">
      <TestCategory>
        <TestCategoryItem TestCategory="Entities" />
        <TestCategoryItem TestCategory="SystemIntegration" />
      </TestCategory>
      <Execution id="35e88ddb-f30d-4304-93b8-8ccadae57416" />
      <TestMethod codeBase="F:\ETWork\bin\Tests\SysIntgTests.iCore.Common.Entities.dll" adapterTypeName="Microsoft.VisualStudio.TestTools.TestTypes.Unit.UnitTestAdapter" className="SysIntgTests.iCore.Common.Entities.ApplicationPoolTests" name="List_ContainsEachKnownApplicationPoolOnce (Data Row 1)" />
    </UnitTest>
    <UnitTest name="List_ContainsEachKnownApplicationPoolOnce (Data Row 2)" storage="f:\etwork\bin\tests\sysintgtests.icore.common.entities.dll" id="809eb115-1060-4d58-a2d0-405f89799985">
      <TestCategory>
        <TestCategoryItem TestCategory="Entities" />
        <TestCategoryItem TestCategory="SystemIntegration" />
      </TestCategory>
      <Execution id="81789031-189c-4f57-b693-e450e3b3037d" />
      <TestMethod codeBase="F:\ETWork\bin\Tests\SysIntgTests.iCore.Common.Entities.dll" adapterTypeName="Microsoft.VisualStudio.TestTools.TestTypes.Unit.UnitTestAdapter" className="SysIntgTests.iCore.Common.Entities.ApplicationPoolTests" name="List_ContainsEachKnownApplicationPoolOnce (Data Row 2)" />
    </UnitTest>
    <UnitTest name="List_ContainsEachKnownApplicationPoolOnce (Data Row 3)" storage="f:\etwork\bin\tests\sysintgtests.icore.common.entities.dll" id="ea934332-9c86-4c01-8758-bcabfb8e90d2">
      <TestCategory>
        <TestCategoryItem TestCategory="Entities" />
        <TestCategoryItem TestCategory="SystemIntegration" />
      </TestCategory>
      <Execution id="1eb3f565-20ea-41d9-a85c-0177e469137d" />
      <TestMethod codeBase="F:\ETWork\bin\Tests\SysIntgTests.iCore.Common.Entities.dll" adapterTypeName="Microsoft.VisualStudio.TestTools.TestTypes.Unit.UnitTestAdapter" className="SysIntgTests.iCore.Common.Entities.ApplicationPoolTests" name="List_ContainsEachKnownApplicationPoolOnce (Data Row 3)" />
    </UnitTest>
    <UnitTest name="List_ShouldSetSystemContextCorrectly" storage="f:\etwork\bin\tests\sysintgtests.icore.common.entities.dll" id="d47f8901-4963-0c29-78ae-f04768c02833">
      <TestCategory>
        <TestCategoryItem TestCategory="Entities" />
        <TestCategoryItem TestCategory="SystemIntegration" />
      </TestCategory>
      <Execution id="c46bcb03-d837-4015-a54c-8524a97ed880" />
      <TestMethod codeBase="F:\ETWork\bin\Tests\SysIntgTests.iCore.Common.Entities.dll" adapterTypeName="Microsoft.VisualStudio.TestTools.TestTypes.Unit.UnitTestAdapter" className="SysIntgTests.iCore.Common.Entities.ApplicationPoolTests" name="List_ShouldSetSystemContextCorrectly" />
    </UnitTest>
    <UnitTest name="GetById_NewGuid_ThrowsEntityNotFoundException" storage="f:\etwork\bin\tests\sysintgtests.icore.common.entities.dll" id="4b295dc4-81d1-2d9f-c846-6ceab4b63ae0">
      <TestCategory>
        <TestCategoryItem TestCategory="Entities" />
        <TestCategoryItem TestCategory="SystemIntegration" />
      </TestCategory>
      <Execution id="6a7b9a39-4432-4271-9e76-e72c82d266e8" />
      <TestMethod codeBase="F:\ETWork\bin\Tests\SysIntgTests.iCore.Common.Entities.dll" adapterTypeName="Microsoft.VisualStudio.TestTools.TestTypes.Unit.UnitTestAdapter" className="SysIntgTests.iCore.Common.Entities.ApplicationPoolTests" name="GetById_NewGuid_ThrowsEntityNotFoundException" />
    </UnitTest>
    <UnitTest name="GetById_KnownApplicationPoolId_ReturnsEntityWithCorrectProperties (Data Row 0)" storage="f:\etwork\bin\tests\sysintgtests.icore.common.entities.dll" id="b1167e64-83c4-4686-a1dd-b23349b18b99">
      <TestCategory>
        <TestCategoryItem TestCategory="Entities" />
        <TestCategoryItem TestCategory="SystemIntegration" />
      </TestCategory>
      <Execution id="8be157de-dc8b-472f-908c-3ee838db6141" />
      <TestMethod codeBase="F:\ETWork\bin\Tests\SysIntgTests.iCore.Common.Entities.dll" adapterTypeName="Microsoft.VisualStudio.TestTools.TestTypes.Unit.UnitTestAdapter" className="SysIntgTests.iCore.Common.Entities.ApplicationPoolTests" name="GetById_KnownApplicationPoolId_ReturnsEntityWithCorrectProperties (Data Row 0)" />
    </UnitTest>
    <UnitTest name="GetById_KnownApplicationPoolId_ReturnsEntityWithCorrectProperties (Data Row 1)" storage="f:\etwork\bin\tests\sysintgtests.icore.common.entities.dll" id="483bf8db-a401-4cf2-b6df-c70f5406966f">
      <TestCategory>
        <TestCategoryItem TestCategory="Entities" />
        <TestCategoryItem TestCategory="SystemIntegration" />
      </TestCategory>
      <Execution id="64fe469f-9bd7-4fc2-a36b-4d9a223722c3" />
      <TestMethod codeBase="F:\ETWork\bin\Tests\SysIntgTests.iCore.Common.Entities.dll" adapterTypeName="Microsoft.VisualStudio.TestTools.TestTypes.Unit.UnitTestAdapter" className="SysIntgTests.iCore.Common.Entities.ApplicationPoolTests" name="GetById_KnownApplicationPoolId_ReturnsEntityWithCorrectProperties (Data Row 1)" />
    </UnitTest>
    <UnitTest name="GetById_KnownApplicationPoolId_ReturnsEntityWithCorrectProperties (Data Row 2)" storage="f:\etwork\bin\tests\sysintgtests.icore.common.entities.dll" id="2c2c1b67-7002-40e3-b96e-2584be7985f7">
      <TestCategory>
        <TestCategoryItem TestCategory="Entities" />
        <TestCategoryItem TestCategory="SystemIntegration" />
      </TestCategory>
      <Execution id="e158f245-a7b2-4572-9256-202398945a85" />
      <TestMethod codeBase="F:\ETWork\bin\Tests\SysIntgTests.iCore.Common.Entities.dll" adapterTypeName="Microsoft.VisualStudio.TestTools.TestTypes.Unit.UnitTestAdapter" className="SysIntgTests.iCore.Common.Entities.ApplicationPoolTests" name="GetById_KnownApplicationPoolId_ReturnsEntityWithCorrectProperties (Data Row 2)" />
    </UnitTest>
    <UnitTest name="GetById_KnownApplicationPoolId_ReturnsEntityWithCorrectProperties (Data Row 3)" storage="f:\etwork\bin\tests\sysintgtests.icore.common.entities.dll" id="87492d78-b6e7-4002-ae06-0346cbb0c00d">
      <TestCategory>
        <TestCategoryItem TestCategory="Entities" />
        <TestCategoryItem TestCategory="SystemIntegration" />
      </TestCategory>
      <Execution id="9aa72334-03ac-4305-a1ab-dec117888488" />
      <TestMethod codeBase="F:\ETWork\bin\Tests\SysIntgTests.iCore.Common.Entities.dll" adapterTypeName="Microsoft.VisualStudio.TestTools.TestTypes.Unit.UnitTestAdapter" className="SysIntgTests.iCore.Common.Entities.ApplicationPoolTests" name="GetById_KnownApplicationPoolId_ReturnsEntityWithCorrectProperties (Data Row 3)" />
    </UnitTest>
    <UnitTest name="GetByKey_NewGuid_ThrowsEntityNotFoundException" storage="f:\etwork\bin\tests\sysintgtests.icore.common.entities.dll" id="6b570543-ac60-b5da-0dbd-579ecabb115d">
      <TestCategory>
        <TestCategoryItem TestCategory="Entities" />
        <TestCategoryItem TestCategory="SystemIntegration" />
      </TestCategory>
      <Execution id="afce4ff6-f6c4-4b00-a936-960a2f99e751" />
      <TestMethod codeBase="F:\ETWork\bin\Tests\SysIntgTests.iCore.Common.Entities.dll" adapterTypeName="Microsoft.VisualStudio.TestTools.TestTypes.Unit.UnitTestAdapter" className="SysIntgTests.iCore.Common.Entities.ApplicationPoolTests" name="GetByKey_NewGuid_ThrowsEntityNotFoundException" />
    </UnitTest>
    <UnitTest name="GetByKey_KnownApplicationPoolKey_ReturnsEntityWithCorrectProperties (Data Row 0)" storage="f:\etwork\bin\tests\sysintgtests.icore.common.entities.dll" id="631b0755-8a7e-44ee-9b66-5f8ae4fb7ae2">
      <TestCategory>
        <TestCategoryItem TestCategory="Entities" />
        <TestCategoryItem TestCategory="SystemIntegration" />
      </TestCategory>
      <Execution id="a8d2c89a-f32d-4e87-b51e-1bc883f225fa" />
      <TestMethod codeBase="F:\ETWork\bin\Tests\SysIntgTests.iCore.Common.Entities.dll" adapterTypeName="Microsoft.VisualStudio.TestTools.TestTypes.Unit.UnitTestAdapter" className="SysIntgTests.iCore.Common.Entities.ApplicationPoolTests" name="GetByKey_KnownApplicationPoolKey_ReturnsEntityWithCorrectProperties (Data Row 0)" />
    </UnitTest>
    <UnitTest name="GetByKey_KnownApplicationPoolKey_ReturnsEntityWithCorrectProperties (Data Row 1)" storage="f:\etwork\bin\tests\sysintgtests.icore.common.entities.dll" id="7e74029b-e37d-44d4-af56-ad346499d878">
      <TestCategory>
        <TestCategoryItem TestCategory="Entities" />
        <TestCategoryItem TestCategory="SystemIntegration" />
      </TestCategory>
      <Execution id="de2f111a-2945-400e-b133-c0b22157e005" />
      <TestMethod codeBase="F:\ETWork\bin\Tests\SysIntgTests.iCore.Common.Entities.dll" adapterTypeName="Microsoft.VisualStudio.TestTools.TestTypes.Unit.UnitTestAdapter" className="SysIntgTests.iCore.Common.Entities.ApplicationPoolTests" name="GetByKey_KnownApplicationPoolKey_ReturnsEntityWithCorrectProperties (Data Row 1)" />
    </UnitTest>
    <UnitTest name="GetByKey_KnownApplicationPoolKey_ReturnsEntityWithCorrectProperties (Data Row 2)" storage="f:\etwork\bin\tests\sysintgtests.icore.common.entities.dll" id="604a030a-af11-4eb1-b5c7-25ff4df320bf">
      <TestCategory>
        <TestCategoryItem TestCategory="Entities" />
        <TestCategoryItem TestCategory="SystemIntegration" />
      </TestCategory>
      <Execution id="d73d8fa9-896e-4b78-b635-dac2cc2cd314" />
      <TestMethod codeBase="F:\ETWork\bin\Tests\SysIntgTests.iCore.Common.Entities.dll" adapterTypeName="Microsoft.VisualStudio.TestTools.TestTypes.Unit.UnitTestAdapter" className="SysIntgTests.iCore.Common.Entities.ApplicationPoolTests" name="GetByKey_KnownApplicationPoolKey_ReturnsEntityWithCorrectProperties (Data Row 2)" />
    </UnitTest>
    <UnitTest name="GetByKey_KnownApplicationPoolKey_ReturnsEntityWithCorrectProperties (Data Row 3)" storage="f:\etwork\bin\tests\sysintgtests.icore.common.entities.dll" id="3d612452-0c87-4d4a-be30-092b47b01d75">
      <TestCategory>
        <TestCategoryItem TestCategory="Entities" />
        <TestCategoryItem TestCategory="SystemIntegration" />
      </TestCategory>
      <Execution id="f0c28b1f-7517-4d4f-859b-09f5a3ff01d1" />
      <TestMethod codeBase="F:\ETWork\bin\Tests\SysIntgTests.iCore.Common.Entities.dll" adapterTypeName="Microsoft.VisualStudio.TestTools.TestTypes.Unit.UnitTestAdapter" className="SysIntgTests.iCore.Common.Entities.ApplicationPoolTests" name="GetByKey_KnownApplicationPoolKey_ReturnsEntityWithCorrectProperties (Data Row 3)" />
    </UnitTest>
    <UnitTest name="GetByKey_UnsupportedKey_ThrowsArgumentException" storage="f:\etwork\bin\tests\sysintgtests.icore.common.entities.dll" id="a60ec8c0-fd82-a15f-8328-1efa4752e573">
      <TestCategory>
        <TestCategoryItem TestCategory="Entities" />
        <TestCategoryItem TestCategory="SystemIntegration" />
      </TestCategory>
      <Execution id="27010560-b0b7-44a1-9135-d9bf2e8a9d68" />
      <TestMethod codeBase="F:\ETWork\bin\Tests\SysIntgTests.iCore.Common.Entities.dll" adapterTypeName="Microsoft.VisualStudio.TestTools.TestTypes.Unit.UnitTestAdapter" className="SysIntgTests.iCore.Common.Entities.ApplicationPoolTests" name="GetByKey_UnsupportedKey_ThrowsArgumentException" />
    </UnitTest>
    <UnitTest name="TryGetByName_NonExistingName_ReturnsNull" storage="f:\etwork\bin\tests\sysintgtests.icore.common.entities.dll" id="ca7f1d66-44ce-b2ef-1936-1670cbde7315">
      <TestCategory>
        <TestCategoryItem TestCategory="Entities" />
        <TestCategoryItem TestCategory="SystemIntegration" />
      </TestCategory>
      <Execution id="c66ced53-b0ae-483a-8ef1-54dacd047c1d" />
      <TestMethod codeBase="F:\ETWork\bin\Tests\SysIntgTests.iCore.Common.Entities.dll" adapterTypeName="Microsoft.VisualStudio.TestTools.TestTypes.Unit.UnitTestAdapter" className="SysIntgTests.iCore.Common.Entities.ApplicationPoolTests" name="TryGetByName_NonExistingName_ReturnsNull" />
    </UnitTest>
    <UnitTest name="TryGetByName_KnownApplicationPoolName_ReturnsEntityWithCorrectProperties (Data Row 0)" storage="f:\etwork\bin\tests\sysintgtests.icore.common.entities.dll" id="6f185da0-abaf-4f52-bed4-f062536528a1">
      <TestCategory>
        <TestCategoryItem TestCategory="Entities" />
        <TestCategoryItem TestCategory="SystemIntegration" />
      </TestCategory>
      <Execution id="e2a0b51e-446e-4d03-98f8-7c80710214c8" />
      <TestMethod codeBase="F:\ETWork\bin\Tests\SysIntgTests.iCore.Common.Entities.dll" adapterTypeName="Microsoft.VisualStudio.TestTools.TestTypes.Unit.UnitTestAdapter" className="SysIntgTests.iCore.Common.Entities.ApplicationPoolTests" name="TryGetByName_KnownApplicationPoolName_ReturnsEntityWithCorrectProperties (Data Row 0)" />
    </UnitTest>
    <UnitTest name="TryGetByName_KnownApplicationPoolName_ReturnsEntityWithCorrectProperties (Data Row 1)" storage="f:\etwork\bin\tests\sysintgtests.icore.common.entities.dll" id="0de48a15-1bc5-4c86-babf-4463b37048ad">
      <TestCategory>
        <TestCategoryItem TestCategory="Entities" />
        <TestCategoryItem TestCategory="SystemIntegration" />
      </TestCategory>
      <Execution id="97f10c7d-d5bb-4d4e-9ded-779341eb4f99" />
      <TestMethod codeBase="F:\ETWork\bin\Tests\SysIntgTests.iCore.Common.Entities.dll" adapterTypeName="Microsoft.VisualStudio.TestTools.TestTypes.Unit.UnitTestAdapter" className="SysIntgTests.iCore.Common.Entities.ApplicationPoolTests" name="TryGetByName_KnownApplicationPoolName_ReturnsEntityWithCorrectProperties (Data Row 1)" />
    </UnitTest>
    <UnitTest name="TryGetByName_KnownApplicationPoolName_ReturnsEntityWithCorrectProperties (Data Row 2)" storage="f:\etwork\bin\tests\sysintgtests.icore.common.entities.dll" id="69d1e89f-f23c-4175-8005-337c6c68efdb">
      <TestCategory>
        <TestCategoryItem TestCategory="Entities" />
        <TestCategoryItem TestCategory="SystemIntegration" />
      </TestCategory>
      <Execution id="7c108ca4-c023-4fca-b458-aeacce7e8099" />
      <TestMethod codeBase="F:\ETWork\bin\Tests\SysIntgTests.iCore.Common.Entities.dll" adapterTypeName="Microsoft.VisualStudio.TestTools.TestTypes.Unit.UnitTestAdapter" className="SysIntgTests.iCore.Common.Entities.ApplicationPoolTests" name="TryGetByName_KnownApplicationPoolName_ReturnsEntityWithCorrectProperties (Data Row 2)" />
    </UnitTest>
    <UnitTest name="TryGetByName_KnownApplicationPoolName_ReturnsEntityWithCorrectProperties (Data Row 3)" storage="f:\etwork\bin\tests\sysintgtests.icore.common.entities.dll" id="6af884ed-0599-4a16-b9d0-db14079bd6fa">
      <TestCategory>
        <TestCategoryItem TestCategory="Entities" />
        <TestCategoryItem TestCategory="SystemIntegration" />
      </TestCategory>
      <Execution id="86cd0ada-dd0e-4dfe-8451-3c11a647c054" />
      <TestMethod codeBase="F:\ETWork\bin\Tests\SysIntgTests.iCore.Common.Entities.dll" adapterTypeName="Microsoft.VisualStudio.TestTools.TestTypes.Unit.UnitTestAdapter" className="SysIntgTests.iCore.Common.Entities.ApplicationPoolTests" name="TryGetByName_KnownApplicationPoolName_ReturnsEntityWithCorrectProperties (Data Row 3)" />
    </UnitTest>
    <UnitTest name="TryGetById_NewGuid_ReturnsNull" storage="f:\etwork\bin\tests\sysintgtests.icore.common.entities.dll" id="c7279d69-5fe1-9a21-eb9d-c9b8b901ac4b">
      <TestCategory>
        <TestCategoryItem TestCategory="Entities" />
        <TestCategoryItem TestCategory="SystemIntegration" />
      </TestCategory>
      <Execution id="b1dfd8ff-d5b2-47c6-baf8-3d66788f11c0" />
      <TestMethod codeBase="F:\ETWork\bin\Tests\SysIntgTests.iCore.Common.Entities.dll" adapterTypeName="Microsoft.VisualStudio.TestTools.TestTypes.Unit.UnitTestAdapter" className="SysIntgTests.iCore.Common.Entities.ApplicationPoolTests" name="TryGetById_NewGuid_ReturnsNull" />
    </UnitTest>
    <UnitTest name="TryGetById_KnownApplicationPoolId_ReturnsEntityWithCorrectProperties (Data Row 0)" storage="f:\etwork\bin\tests\sysintgtests.icore.common.entities.dll" id="109eaf9c-a87f-445e-a626-a01ddda78977">
      <TestCategory>
        <TestCategoryItem TestCategory="Entities" />
        <TestCategoryItem TestCategory="SystemIntegration" />
      </TestCategory>
      <Execution id="b905a05a-c28c-44f7-bce7-f3411c6d1fd7" />
      <TestMethod codeBase="F:\ETWork\bin\Tests\SysIntgTests.iCore.Common.Entities.dll" adapterTypeName="Microsoft.VisualStudio.TestTools.TestTypes.Unit.UnitTestAdapter" className="SysIntgTests.iCore.Common.Entities.ApplicationPoolTests" name="TryGetById_KnownApplicationPoolId_ReturnsEntityWithCorrectProperties (Data Row 0)" />
    </UnitTest>
    <UnitTest name="TryGetById_KnownApplicationPoolId_ReturnsEntityWithCorrectProperties (Data Row 1)" storage="f:\etwork\bin\tests\sysintgtests.icore.common.entities.dll" id="fc8a6c33-a205-41b5-a4b8-bb482dd4d949">
      <TestCategory>
        <TestCategoryItem TestCategory="Entities" />
        <TestCategoryItem TestCategory="SystemIntegration" />
      </TestCategory>
      <Execution id="2a849fc9-f14d-4ec8-b2b1-0ca4abd88bc8" />
      <TestMethod codeBase="F:\ETWork\bin\Tests\SysIntgTests.iCore.Common.Entities.dll" adapterTypeName="Microsoft.VisualStudio.TestTools.TestTypes.Unit.UnitTestAdapter" className="SysIntgTests.iCore.Common.Entities.ApplicationPoolTests" name="TryGetById_KnownApplicationPoolId_ReturnsEntityWithCorrectProperties (Data Row 1)" />
    </UnitTest>
    <UnitTest name="TryGetById_KnownApplicationPoolId_ReturnsEntityWithCorrectProperties (Data Row 2)" storage="f:\etwork\bin\tests\sysintgtests.icore.common.entities.dll" id="4e71a9ed-0c92-457d-9cec-2933e137c1cb">
      <TestCategory>
        <TestCategoryItem TestCategory="Entities" />
        <TestCategoryItem TestCategory="SystemIntegration" />
      </TestCategory>
      <Execution id="5d51dfc9-6884-4c18-b3d4-bf18bed472c3" />
      <TestMethod codeBase="F:\ETWork\bin\Tests\SysIntgTests.iCore.Common.Entities.dll" adapterTypeName="Microsoft.VisualStudio.TestTools.TestTypes.Unit.UnitTestAdapter" className="SysIntgTests.iCore.Common.Entities.ApplicationPoolTests" name="TryGetById_KnownApplicationPoolId_ReturnsEntityWithCorrectProperties (Data Row 2)" />
    </UnitTest>
    <UnitTest name="TryGetById_KnownApplicationPoolId_ReturnsEntityWithCorrectProperties (Data Row 3)" storage="f:\etwork\bin\tests\sysintgtests.icore.common.entities.dll" id="9da72dd5-47d0-472f-b613-89e295251f30">
      <TestCategory>
        <TestCategoryItem TestCategory="Entities" />
        <TestCategoryItem TestCategory="SystemIntegration" />
      </TestCategory>
      <Execution id="45c76e5b-2c0c-462f-bf08-b878f1d12f1e" />
      <TestMethod codeBase="F:\ETWork\bin\Tests\SysIntgTests.iCore.Common.Entities.dll" adapterTypeName="Microsoft.VisualStudio.TestTools.TestTypes.Unit.UnitTestAdapter" className="SysIntgTests.iCore.Common.Entities.ApplicationPoolTests" name="TryGetById_KnownApplicationPoolId_ReturnsEntityWithCorrectProperties (Data Row 3)" />
    </UnitTest>
    <UnitTest name="Delete_UnusedApplicationPool_SuccessfullyDeletesApplicationPool" storage="f:\etwork\bin\tests\sysintgtests.icore.common.entities.dll" id="a597e55c-770c-01e7-7709-31ee67864b2c">
      <TestCategory>
        <TestCategoryItem TestCategory="Entities" />
        <TestCategoryItem TestCategory="SystemIntegration" />
      </TestCategory>
      <Execution id="7e247076-934f-4c88-8937-928bd6a5c0e4" />
      <TestMethod codeBase="F:\ETWork\bin\Tests\SysIntgTests.iCore.Common.Entities.dll" adapterTypeName="Microsoft.VisualStudio.TestTools.TestTypes.Unit.UnitTestAdapter" className="SysIntgTests.iCore.Common.Entities.ApplicationPoolTests" name="Delete_UnusedApplicationPool_SuccessfullyDeletesApplicationPool" />
    </UnitTest>
    <UnitTest name="Delete_NonDeletableApplicationPool_ThrowsEntityDependencyException" storage="f:\etwork\bin\tests\sysintgtests.icore.common.entities.dll" id="10f81089-5af2-5e4f-ee3d-e5a19cb6caee">
      <TestCategory>
        <TestCategoryItem TestCategory="Entities" />
        <TestCategoryItem TestCategory="SystemIntegration" />
      </TestCategory>
      <Execution id="2d7b60c8-a451-4302-9af1-a5616f493300" />
      <TestMethod codeBase="F:\ETWork\bin\Tests\SysIntgTests.iCore.Common.Entities.dll" adapterTypeName="Microsoft.VisualStudio.TestTools.TestTypes.Unit.UnitTestAdapter" className="SysIntgTests.iCore.Common.Entities.ApplicationPoolTests" name="Delete_NonDeletableApplicationPool_ThrowsEntityDependencyException" />
    </UnitTest>
    <UnitTest name="Delete_SystemInternalApplicationPools_ThrowsUnauthorizedAccessException" storage="f:\etwork\bin\tests\sysintgtests.icore.common.entities.dll" id="bb1e1f1c-1c87-5bba-9213-891236db85d7">
      <TestCategory>
        <TestCategoryItem TestCategory="Entities" />
        <TestCategoryItem TestCategory="SystemIntegration" />
      </TestCategory>
      <Execution id="5a93051e-dd4f-454d-af0d-3c3490f6aace" />
      <TestMethod codeBase="F:\ETWork\bin\Tests\SysIntgTests.iCore.Common.Entities.dll" adapterTypeName="Microsoft.VisualStudio.TestTools.TestTypes.Unit.UnitTestAdapter" className="SysIntgTests.iCore.Common.Entities.ApplicationPoolTests" name="Delete_SystemInternalApplicationPools_ThrowsUnauthorizedAccessException" />
    </UnitTest>
    <UnitTest name="Add_NullName_ThrowsConditionalErrorException" storage="f:\etwork\bin\tests\sysintgtests.icore.common.entities.dll" id="246a4680-bfa4-6e3c-2254-b77f78605c88">
      <TestCategory>
        <TestCategoryItem TestCategory="Entities" />
        <TestCategoryItem TestCategory="SystemIntegration" />
      </TestCategory>
      <Execution id="ea0701e2-5c43-48a7-803e-38fec250d29d" />
      <TestMethod codeBase="F:\ETWork\bin\Tests\SysIntgTests.iCore.Common.Entities.dll" adapterTypeName="Microsoft.VisualStudio.TestTools.TestTypes.Unit.UnitTestAdapter" className="SysIntgTests.iCore.Common.Entities.ApplicationPoolTests" name="Add_NullName_ThrowsConditionalErrorException" />
    </UnitTest>
    <UnitTest name="Add_EmptyName_ThrowsStringLengthErrorException" storage="f:\etwork\bin\tests\sysintgtests.icore.common.entities.dll" id="db26d1bc-b44c-d302-c575-5fa061371194">
      <TestCategory>
        <TestCategoryItem TestCategory="Entities" />
        <TestCategoryItem TestCategory="SystemIntegration" />
      </TestCategory>
      <Execution id="92b54a7e-b834-4f69-b552-2b5db375ae50" />
      <TestMethod codeBase="F:\ETWork\bin\Tests\SysIntgTests.iCore.Common.Entities.dll" adapterTypeName="Microsoft.VisualStudio.TestTools.TestTypes.Unit.UnitTestAdapter" className="SysIntgTests.iCore.Common.Entities.ApplicationPoolTests" name="Add_EmptyName_ThrowsStringLengthErrorException" />
    </UnitTest>
    <UnitTest name="Add_WhiteSpaceOnlyName_ThrowsStringLengthErrorException" storage="f:\etwork\bin\tests\sysintgtests.icore.common.entities.dll" id="07a1e3db-fbc9-6319-8107-57920cbc60d8">
      <TestCategory>
        <TestCategoryItem TestCategory="Entities" />
        <TestCategoryItem TestCategory="SystemIntegration" />
      </TestCategory>
      <Execution id="907e279a-8a02-4900-9ce7-a4f4285063e4" />
      <TestMethod codeBase="F:\ETWork\bin\Tests\SysIntgTests.iCore.Common.Entities.dll" adapterTypeName="Microsoft.VisualStudio.TestTools.TestTypes.Unit.UnitTestAdapter" className="SysIntgTests.iCore.Common.Entities.ApplicationPoolTests" name="Add_WhiteSpaceOnlyName_ThrowsStringLengthErrorException" />
    </UnitTest>
    <UnitTest name="Add_TooLongName_ThrowsStringLengthErrorException" storage="f:\etwork\bin\tests\sysintgtests.icore.common.entities.dll" id="ca69bccd-5afb-cef4-9511-c6e654d2f2e1">
      <TestCategory>
        <TestCategoryItem TestCategory="Entities" />
        <TestCategoryItem TestCategory="SystemIntegration" />
      </TestCategory>
      <Execution id="4d97aa1f-0a10-40e3-b2e6-808590c0a833" />
      <TestMethod codeBase="F:\ETWork\bin\Tests\SysIntgTests.iCore.Common.Entities.dll" adapterTypeName="Microsoft.VisualStudio.TestTools.TestTypes.Unit.UnitTestAdapter" className="SysIntgTests.iCore.Common.Entities.ApplicationPoolTests" name="Add_TooLongName_ThrowsStringLengthErrorException" />
    </UnitTest>
    <UnitTest name="Add_LongDescription_Succeeds" storage="f:\etwork\bin\tests\sysintgtests.icore.common.entities.dll" id="0b91caef-8e30-dbbe-904d-c957f1829d60">
      <TestCategory>
        <TestCategoryItem TestCategory="Entities" />
        <TestCategoryItem TestCategory="SystemIntegration" />
      </TestCategory>
      <Execution id="3c887755-5a34-4b14-bc9f-7e89dee6dccf" />
      <TestMethod codeBase="F:\ETWork\bin\Tests\SysIntgTests.iCore.Common.Entities.dll" adapterTypeName="Microsoft.VisualStudio.TestTools.TestTypes.Unit.UnitTestAdapter" className="SysIntgTests.iCore.Common.Entities.ApplicationPoolTests" name="Add_LongDescription_Succeeds" />
    </UnitTest>
    <UnitTest name="Add_ValidProperties_IdAndTimesAreUpdatedCorrectly" storage="f:\etwork\bin\tests\sysintgtests.icore.common.entities.dll" id="06fd705f-180f-fdd0-e440-4671972c6259">
      <TestCategory>
        <TestCategoryItem TestCategory="Entities" />
        <TestCategoryItem TestCategory="SystemIntegration" />
      </TestCategory>
      <Execution id="ccffe7da-4077-45cc-a188-20acee57b357" />
      <TestMethod codeBase="F:\ETWork\bin\Tests\SysIntgTests.iCore.Common.Entities.dll" adapterTypeName="Microsoft.VisualStudio.TestTools.TestTypes.Unit.UnitTestAdapter" className="SysIntgTests.iCore.Common.Entities.ApplicationPoolTests" name="Add_ValidProperties_IdAndTimesAreUpdatedCorrectly" />
    </UnitTest>
    <UnitTest name="Add_ComplexProperties_ArePersistedCorrectly" storage="f:\etwork\bin\tests\sysintgtests.icore.common.entities.dll" id="4224a10c-9b93-3f6b-3c4c-1fd239f04269">
      <TestCategory>
        <TestCategoryItem TestCategory="Entities" />
        <TestCategoryItem TestCategory="SystemIntegration" />
      </TestCategory>
      <Execution id="f5f7a9fd-90f2-4580-b802-43e73b6c4fc4" />
      <TestMethod codeBase="F:\ETWork\bin\Tests\SysIntgTests.iCore.Common.Entities.dll" adapterTypeName="Microsoft.VisualStudio.TestTools.TestTypes.Unit.UnitTestAdapter" className="SysIntgTests.iCore.Common.Entities.ApplicationPoolTests" name="Add_ComplexProperties_ArePersistedCorrectly" />
    </UnitTest>
    <UnitTest name="Add_DuplicateName_ThrowsUniqueValueAddConflictException" storage="f:\etwork\bin\tests\sysintgtests.icore.common.entities.dll" id="afcefa5b-7616-e34b-a3a8-afea74219598">
      <TestCategory>
        <TestCategoryItem TestCategory="Entities" />
        <TestCategoryItem TestCategory="SystemIntegration" />
      </TestCategory>
      <Execution id="71927aac-5cf6-4e45-8f96-5bce64bb3714" />
      <TestMethod codeBase="F:\ETWork\bin\Tests\SysIntgTests.iCore.Common.Entities.dll" adapterTypeName="Microsoft.VisualStudio.TestTools.TestTypes.Unit.UnitTestAdapter" className="SysIntgTests.iCore.Common.Entities.ApplicationPoolTests" name="Add_DuplicateName_ThrowsUniqueValueAddConflictException" />
    </UnitTest>
    <UnitTest name="Update_NullName_ThrowsConditionalErrorException" storage="f:\etwork\bin\tests\sysintgtests.icore.common.entities.dll" id="313bbcd2-905e-f072-5751-4a56c4b755e8">
      <TestCategory>
        <TestCategoryItem TestCategory="Entities" />
        <TestCategoryItem TestCategory="SystemIntegration" />
      </TestCategory>
      <Execution id="36d2954e-4d02-4c11-b6fa-2901da7702ba" />
      <TestMethod codeBase="F:\ETWork\bin\Tests\SysIntgTests.iCore.Common.Entities.dll" adapterTypeName="Microsoft.VisualStudio.TestTools.TestTypes.Unit.UnitTestAdapter" className="SysIntgTests.iCore.Common.Entities.ApplicationPoolTests" name="Update_NullName_ThrowsConditionalErrorException" />
    </UnitTest>
    <UnitTest name="Update_EmtpyName_ThrowsStringLengthErrorException" storage="f:\etwork\bin\tests\sysintgtests.icore.common.entities.dll" id="06e95395-34f0-f03d-1042-e56900c3ed66">
      <TestCategory>
        <TestCategoryItem TestCategory="Entities" />
        <TestCategoryItem TestCategory="SystemIntegration" />
      </TestCategory>
      <Execution id="62885cc4-c4ca-4dfa-8392-344257a31ae1" />
      <TestMethod codeBase="F:\ETWork\bin\Tests\SysIntgTests.iCore.Common.Entities.dll" adapterTypeName="Microsoft.VisualStudio.TestTools.TestTypes.Unit.UnitTestAdapter" className="SysIntgTests.iCore.Common.Entities.ApplicationPoolTests" name="Update_EmtpyName_ThrowsStringLengthErrorException" />
    </UnitTest>
    <UnitTest name="Update_WhitespaceOnlyName_ThrowsStringLengthErrorException" storage="f:\etwork\bin\tests\sysintgtests.icore.common.entities.dll" id="d7a6bb91-b893-278c-4926-ad7b466e6036">
      <TestCategory>
        <TestCategoryItem TestCategory="Entities" />
        <TestCategoryItem TestCategory="SystemIntegration" />
      </TestCategory>
      <Execution id="2e6b4df4-e935-4a8f-9407-9d57bbf423b9" />
      <TestMethod codeBase="F:\ETWork\bin\Tests\SysIntgTests.iCore.Common.Entities.dll" adapterTypeName="Microsoft.VisualStudio.TestTools.TestTypes.Unit.UnitTestAdapter" className="SysIntgTests.iCore.Common.Entities.ApplicationPoolTests" name="Update_WhitespaceOnlyName_ThrowsStringLengthErrorException" />
    </UnitTest>
    <UnitTest name="Update_TooLongName_ThrowsStringLengthErrorException" storage="f:\etwork\bin\tests\sysintgtests.icore.common.entities.dll" id="fd9a1ce5-c0a4-e359-2fa1-9a50bdcc04a0">
      <TestCategory>
        <TestCategoryItem TestCategory="Entities" />
        <TestCategoryItem TestCategory="SystemIntegration" />
      </TestCategory>
      <Execution id="0ae1c3ac-45a5-4e9c-a60c-073a27324853" />
      <TestMethod codeBase="F:\ETWork\bin\Tests\SysIntgTests.iCore.Common.Entities.dll" adapterTypeName="Microsoft.VisualStudio.TestTools.TestTypes.Unit.UnitTestAdapter" className="SysIntgTests.iCore.Common.Entities.ApplicationPoolTests" name="Update_TooLongName_ThrowsStringLengthErrorException" />
    </UnitTest>
    <UnitTest name="Update_LongDescription_Succeeds" storage="f:\etwork\bin\tests\sysintgtests.icore.common.entities.dll" id="b0d79832-93d9-a4a9-d606-71975019dfa2">
      <TestCategory>
        <TestCategoryItem TestCategory="Entities" />
        <TestCategoryItem TestCategory="SystemIntegration" />
      </TestCategory>
      <Execution id="c022ec9b-d3d1-4fbe-8dd9-879d599568bc" />
      <TestMethod codeBase="F:\ETWork\bin\Tests\SysIntgTests.iCore.Common.Entities.dll" adapterTypeName="Microsoft.VisualStudio.TestTools.TestTypes.Unit.UnitTestAdapter" className="SysIntgTests.iCore.Common.Entities.ApplicationPoolTests" name="Update_LongDescription_Succeeds" />
    </UnitTest>
    <UnitTest name="Update_DuplicateName_ThrowsUniqueValueAddConflictException" storage="f:\etwork\bin\tests\sysintgtests.icore.common.entities.dll" id="e463c885-e8a2-4703-0fab-94074ad676b8">
      <TestCategory>
        <TestCategoryItem TestCategory="Entities" />
        <TestCategoryItem TestCategory="SystemIntegration" />
      </TestCategory>
      <Execution id="05341273-0938-4fba-88dd-1e9d58f9b828" />
      <TestMethod codeBase="F:\ETWork\bin\Tests\SysIntgTests.iCore.Common.Entities.dll" adapterTypeName="Microsoft.VisualStudio.TestTools.TestTypes.Unit.UnitTestAdapter" className="SysIntgTests.iCore.Common.Entities.ApplicationPoolTests" name="Update_DuplicateName_ThrowsUniqueValueAddConflictException" />
    </UnitTest>
    <UnitTest name="Update_ComplexProperties_ArePersistedCorrectly" storage="f:\etwork\bin\tests\sysintgtests.icore.common.entities.dll" id="4c232a92-6434-47aa-ab37-6f6903bea41b">
      <TestCategory>
        <TestCategoryItem TestCategory="Entities" />
        <TestCategoryItem TestCategory="SystemIntegration" />
      </TestCategory>
      <Execution id="e2490d0d-fa60-4351-a50a-702266e32191" />
      <TestMethod codeBase="F:\ETWork\bin\Tests\SysIntgTests.iCore.Common.Entities.dll" adapterTypeName="Microsoft.VisualStudio.TestTools.TestTypes.Unit.UnitTestAdapter" className="SysIntgTests.iCore.Common.Entities.ApplicationPoolTests" name="Update_ComplexProperties_ArePersistedCorrectly" />
    </UnitTest>
    <UnitTest name="Update_UnchangedName_Succeeds" storage="f:\etwork\bin\tests\sysintgtests.icore.common.entities.dll" id="5e958a91-c238-f466-bd1b-f219a5d422e6">
      <TestCategory>
        <TestCategoryItem TestCategory="Entities" />
        <TestCategoryItem TestCategory="SystemIntegration" />
      </TestCategory>
      <Execution id="6a50ee25-8679-4aca-a76e-20c065339f0b" />
      <TestMethod codeBase="F:\ETWork\bin\Tests\SysIntgTests.iCore.Common.Entities.dll" adapterTypeName="Microsoft.VisualStudio.TestTools.TestTypes.Unit.UnitTestAdapter" className="SysIntgTests.iCore.Common.Entities.ApplicationPoolTests" name="Update_UnchangedName_Succeeds" />
    </UnitTest>
    <UnitTest name="ApplicationPool_ExportImportTest" storage="f:\etwork\bin\tests\sysintgtests.icore.common.entities.dll" id="31d78bbd-2f41-c3ca-e909-05b9886f84a0">
      <Execution id="31fe654c-7309-4c5b-a1c7-8b71263df235" />
      <TestMethod codeBase="F:\ETWork\bin\Tests\SysIntgTests.iCore.Common.Entities.dll" adapterTypeName="Microsoft.VisualStudio.TestTools.TestTypes.Unit.UnitTestAdapter" className="SysIntgTests.iCore.Common.Entities.ApplicationPoolTests" name="ApplicationPool_ExportImportTest" />
    </UnitTest>
    <UnitTest name="RepositoryEntityTypeId_ReturnsAssembly" storage="f:\etwork\bin\tests\sysintgtests.icore.common.entities.dll" id="3da7cd12-41f4-1498-9a27-670992b31fd1">
      <TestCategory>
        <TestCategoryItem TestCategory="Entities" />
        <TestCategoryItem TestCategory="SystemIntegration" />
      </TestCategory>
      <Execution id="2956c07b-20a7-4e57-a374-34dda9d70308" />
      <TestMethod codeBase="F:\ETWork\bin\Tests\SysIntgTests.iCore.Common.Entities.dll" adapterTypeName="Microsoft.VisualStudio.TestTools.TestTypes.Unit.UnitTestAdapter" className="SysIntgTests.iCore.Common.Entities.AssemblyTests" name="RepositoryEntityTypeId_ReturnsAssembly" />
    </UnitTest>
    <UnitTest name="RepositoryEntityType_ReturnsIAssembly" storage="f:\etwork\bin\tests\sysintgtests.icore.common.entities.dll" id="762d5233-e039-83db-47c4-3b1118d8f2a9">
      <TestCategory>
        <TestCategoryItem TestCategory="Entities" />
        <TestCategoryItem TestCategory="SystemIntegration" />
      </TestCategory>
      <Execution id="2e3ec8b8-e9ca-4f2f-8e64-baeb40b42719" />
      <TestMethod codeBase="F:\ETWork\bin\Tests\SysIntgTests.iCore.Common.Entities.dll" adapterTypeName="Microsoft.VisualStudio.TestTools.TestTypes.Unit.UnitTestAdapter" className="SysIntgTests.iCore.Common.Entities.AssemblyTests" name="RepositoryEntityType_ReturnsIAssembly" />
    </UnitTest>
    <UnitTest name="RepositorySystemContext_MatchesActualSystemContext" storage="f:\etwork\bin\tests\sysintgtests.icore.common.entities.dll" id="04cdf2a1-7867-13bf-b8e8-b387fa3c92e3">
      <TestCategory>
        <TestCategoryItem TestCategory="Entities" />
        <TestCategoryItem TestCategory="SystemIntegration" />
      </TestCategory>
      <Execution id="2dd927e3-e3f8-4577-b3e6-4b4214b8ed1e" />
      <TestMethod codeBase="F:\ETWork\bin\Tests\SysIntgTests.iCore.Common.Entities.dll" adapterTypeName="Microsoft.VisualStudio.TestTools.TestTypes.Unit.UnitTestAdapter" className="SysIntgTests.iCore.Common.Entities.AssemblyTests" name="RepositorySystemContext_MatchesActualSystemContext" />
    </UnitTest>
    <UnitTest name="Exists_NonExistingAssemblyId_ReturnsFalse" storage="f:\etwork\bin\tests\sysintgtests.icore.common.entities.dll" id="6a491dd0-f958-1f40-c0bb-686b88884c2f">
      <TestCategory>
        <TestCategoryItem TestCategory="Entities" />
        <TestCategoryItem TestCategory="SystemIntegration" />
      </TestCategory>
      <Execution id="392865b7-8711-44d7-9653-a9f423f3bd8f" />
      <TestMethod codeBase="F:\ETWork\bin\Tests\SysIntgTests.iCore.Common.Entities.dll" adapterTypeName="Microsoft.VisualStudio.TestTools.TestTypes.Unit.UnitTestAdapter" className="SysIntgTests.iCore.Common.Entities.AssemblyTests" name="Exists_NonExistingAssemblyId_ReturnsFalse" />
    </UnitTest>
    <UnitTest name="Exists_UnsupportedKey_ThrowsArgumentException" storage="f:\etwork\bin\tests\sysintgtests.icore.common.entities.dll" id="32489d68-03fe-90b4-a594-c5de6d411c62">
      <TestCategory>
        <TestCategoryItem TestCategory="Entities" />
        <TestCategoryItem TestCategory="SystemIntegration" />
      </TestCategory>
      <Execution id="ce143e94-7d3e-4995-8192-3b64e5043aaa" />
      <TestMethod codeBase="F:\ETWork\bin\Tests\SysIntgTests.iCore.Common.Entities.dll" adapterTypeName="Microsoft.VisualStudio.TestTools.TestTypes.Unit.UnitTestAdapter" className="SysIntgTests.iCore.Common.Entities.AssemblyTests" name="Exists_UnsupportedKey_ThrowsArgumentException" />
    </UnitTest>
    <UnitTest name="Exists_NonExistingAssemblyKey_ReturnsFalse" storage="f:\etwork\bin\tests\sysintgtests.icore.common.entities.dll" id="af671c88-14b3-a091-447d-6059ef025e66">
      <TestCategory>
        <TestCategoryItem TestCategory="Entities" />
        <TestCategoryItem TestCategory="SystemIntegration" />
      </TestCategory>
      <Execution id="de27da36-2db4-4047-a85c-9f9e9a97b408" />
      <TestMethod codeBase="F:\ETWork\bin\Tests\SysIntgTests.iCore.Common.Entities.dll" adapterTypeName="Microsoft.VisualStudio.TestTools.TestTypes.Unit.UnitTestAdapter" className="SysIntgTests.iCore.Common.Entities.AssemblyTests" name="Exists_NonExistingAssemblyKey_ReturnsFalse" />
    </UnitTest>
    <UnitTest name="RepositoryEntityTypeId_ReturnsLogEntry" storage="f:\etwork\bin\tests\sysintgtests.icore.common.entities.dll" id="7fc5ebc2-b3e3-eb18-cfdc-5b0dc8768a7f">
      <TestCategory>
        <TestCategoryItem TestCategory="Entities" />
        <TestCategoryItem TestCategory="SystemIntegration" />
      </TestCategory>
      <Execution id="4c046ad1-de41-4722-94c8-fdd46e2f18e0" />
      <TestMethod codeBase="F:\ETWork\bin\Tests\SysIntgTests.iCore.Common.Entities.dll" adapterTypeName="Microsoft.VisualStudio.TestTools.TestTypes.Unit.UnitTestAdapter" className="SysIntgTests.iCore.Common.Entities.SystemQueueTests" name="RepositoryEntityTypeId_ReturnsLogEntry" />
    </UnitTest>
    <UnitTest name="RepositoryEntityType_ReturnsILogEntry" storage="f:\etwork\bin\tests\sysintgtests.icore.common.entities.dll" id="e06be915-51e0-ce05-025f-a2cd49cf7ed0">
      <TestCategory>
        <TestCategoryItem TestCategory="Entities" />
        <TestCategoryItem TestCategory="SystemIntegration" />
      </TestCategory>
      <Execution id="3f5295cb-eddb-4a6b-93e7-d93dd86a977c" />
      <TestMethod codeBase="F:\ETWork\bin\Tests\SysIntgTests.iCore.Common.Entities.dll" adapterTypeName="Microsoft.VisualStudio.TestTools.TestTypes.Unit.UnitTestAdapter" className="SysIntgTests.iCore.Common.Entities.SystemQueueTests" name="RepositoryEntityType_ReturnsILogEntry" />
    </UnitTest>
    <UnitTest name="RepositorySystemContext_MatchesActualSystemContext" storage="f:\etwork\bin\tests\sysintgtests.icore.common.entities.dll" id="e90d105a-804f-67a0-3653-08545426450a">
      <TestCategory>
        <TestCategoryItem TestCategory="Entities" />
        <TestCategoryItem TestCategory="SystemIntegration" />
      </TestCategory>
      <Execution id="c7780f01-ee89-4854-bf28-6dd438f8c755" />
      <TestMethod codeBase="F:\ETWork\bin\Tests\SysIntgTests.iCore.Common.Entities.dll" adapterTypeName="Microsoft.VisualStudio.TestTools.TestTypes.Unit.UnitTestAdapter" className="SysIntgTests.iCore.Common.Entities.SystemQueueTests" name="RepositorySystemContext_MatchesActualSystemContext" />
    </UnitTest>
    <UnitTest name="RepositoryEntityTypeId_ReturnsLogEntry" storage="f:\etwork\bin\tests\sysintgtests.icore.common.entities.dll" id="203a0b56-8aef-a6f8-6246-019d8e2b7ec0">
      <TestCategory>
        <TestCategoryItem TestCategory="Entities" />
        <TestCategoryItem TestCategory="SystemIntegration" />
      </TestCategory>
      <Execution id="5d3fa054-1f86-466d-9949-3a6d9a67728b" />
      <TestMethod codeBase="F:\ETWork\bin\Tests\SysIntgTests.iCore.Common.Entities.dll" adapterTypeName="Microsoft.VisualStudio.TestTools.TestTypes.Unit.UnitTestAdapter" className="SysIntgTests.iCore.Common.Entities.LogEntryTests" name="RepositoryEntityTypeId_ReturnsLogEntry" />
    </UnitTest>
    <UnitTest name="RepositoryEntityType_ReturnsILogEntry" storage="f:\etwork\bin\tests\sysintgtests.icore.common.entities.dll" id="e9f3553b-d45f-526b-7c91-e571523a346e">
      <TestCategory>
        <TestCategoryItem TestCategory="Entities" />
        <TestCategoryItem TestCategory="SystemIntegration" />
      </TestCategory>
      <Execution id="0b9e0298-17c4-4bb5-8763-c8fe3da2aa22" />
      <TestMethod codeBase="F:\ETWork\bin\Tests\SysIntgTests.iCore.Common.Entities.dll" adapterTypeName="Microsoft.VisualStudio.TestTools.TestTypes.Unit.UnitTestAdapter" className="SysIntgTests.iCore.Common.Entities.LogEntryTests" name="RepositoryEntityType_ReturnsILogEntry" />
    </UnitTest>
    <UnitTest name="RepositorySystemContext_MatchesActualSystemContext" storage="f:\etwork\bin\tests\sysintgtests.icore.common.entities.dll" id="7d0ae66b-0e85-23c1-7be6-ab8f08a935a0">
      <TestCategory>
        <TestCategoryItem TestCategory="Entities" />
        <TestCategoryItem TestCategory="SystemIntegration" />
      </TestCategory>
      <Execution id="3a243f3e-bf3d-4b95-af16-b9e59cf6d9c3" />
      <TestMethod codeBase="F:\ETWork\bin\Tests\SysIntgTests.iCore.Common.Entities.dll" adapterTypeName="Microsoft.VisualStudio.TestTools.TestTypes.Unit.UnitTestAdapter" className="SysIntgTests.iCore.Common.Entities.LogEntryTests" name="RepositorySystemContext_MatchesActualSystemContext" />
    </UnitTest>
    <UnitTest name="GetByNode_ProvidingValidNode_RelatedNodeLogEntriesReturned" storage="f:\etwork\bin\tests\sysintgtests.icore.common.entities.dll" id="92508e64-22e5-8027-cfd9-864539b35b44">
      <TestCategory>
        <TestCategoryItem TestCategory="Entities" />
        <TestCategoryItem TestCategory="SystemIntegration" />
      </TestCategory>
      <Execution id="40ec7b20-6d7c-4e73-bbef-b688dc8f37ff" />
      <TestMethod codeBase="F:\ETWork\bin\Tests\SysIntgTests.iCore.Common.Entities.dll" adapterTypeName="Microsoft.VisualStudio.TestTools.TestTypes.Unit.UnitTestAdapter" className="SysIntgTests.iCore.Common.Entities.LogEntryTests" name="GetByNode_ProvidingValidNode_RelatedNodeLogEntriesReturned" />
    </UnitTest>
    <UnitTest name="GetByNode_ProvidingNonExstingNode_NonNodeAssociatedLogEntriesReturned" storage="f:\etwork\bin\tests\sysintgtests.icore.common.entities.dll" id="f5c312df-24ce-6637-6419-464ee3abf34b">
      <TestCategory>
        <TestCategoryItem TestCategory="Entities" />
        <TestCategoryItem TestCategory="SystemIntegration" />
      </TestCategory>
      <Execution id="485f0cd5-e5f4-41cf-9893-87d93b09227d" />
      <TestMethod codeBase="F:\ETWork\bin\Tests\SysIntgTests.iCore.Common.Entities.dll" adapterTypeName="Microsoft.VisualStudio.TestTools.TestTypes.Unit.UnitTestAdapter" className="SysIntgTests.iCore.Common.Entities.LogEntryTests" name="GetByNode_ProvidingNonExstingNode_NonNodeAssociatedLogEntriesReturned" />
    </UnitTest>
    <UnitTest name="GetByJob_ProvidingValidJob_JobLogEntriesExcludingRelatedJobReturned" storage="f:\etwork\bin\tests\sysintgtests.icore.common.entities.dll" id="f5ac0ed6-6169-077c-4f37-8312d508a031">
      <TestCategory>
        <TestCategoryItem TestCategory="Entities" />
        <TestCategoryItem TestCategory="SystemIntegration" />
      </TestCategory>
      <Execution id="8e24d7e1-d5bd-40da-9b4d-f859fdc58c47" />
      <TestMethod codeBase="F:\ETWork\bin\Tests\SysIntgTests.iCore.Common.Entities.dll" adapterTypeName="Microsoft.VisualStudio.TestTools.TestTypes.Unit.UnitTestAdapter" className="SysIntgTests.iCore.Common.Entities.LogEntryTests" name="GetByJob_ProvidingValidJob_JobLogEntriesExcludingRelatedJobReturned" />
    </UnitTest>
    <UnitTest name="GetByJob_ProvidingValidJob_JobLogEntriesIncludingRelatedJobReturned" storage="f:\etwork\bin\tests\sysintgtests.icore.common.entities.dll" id="fd501e6f-28a0-e2d2-2d99-506c16917e06">
      <TestCategory>
        <TestCategoryItem TestCategory="Entities" />
        <TestCategoryItem TestCategory="SystemIntegration" />
      </TestCategory>
      <Execution id="cf0b9bed-0fb2-42ca-844e-988e400cbf63" />
      <TestMethod codeBase="F:\ETWork\bin\Tests\SysIntgTests.iCore.Common.Entities.dll" adapterTypeName="Microsoft.VisualStudio.TestTools.TestTypes.Unit.UnitTestAdapter" className="SysIntgTests.iCore.Common.Entities.LogEntryTests" name="GetByJob_ProvidingValidJob_JobLogEntriesIncludingRelatedJobReturned" />
    </UnitTest>
    <UnitTest name="GetByJob_RecurseWithoutRelated_CorrectLogEntriesReturned" storage="f:\etwork\bin\tests\sysintgtests.icore.common.entities.dll" id="4de85e1f-b174-a093-9fab-4e7612988c3c">
      <TestCategory>
        <TestCategoryItem TestCategory="Entities" />
        <TestCategoryItem TestCategory="SystemIntegration" />
      </TestCategory>
      <Execution id="801ef83e-03d4-4969-b581-01a4e3fd41dc" />
      <TestMethod codeBase="F:\ETWork\bin\Tests\SysIntgTests.iCore.Common.Entities.dll" adapterTypeName="Microsoft.VisualStudio.TestTools.TestTypes.Unit.UnitTestAdapter" className="SysIntgTests.iCore.Common.Entities.LogEntryTests" name="GetByJob_RecurseWithoutRelated_CorrectLogEntriesReturned" />
    </UnitTest>
    <UnitTest name="GetByJob_RecurseWithRelated_CorrectLogEntriesReturned" storage="f:\etwork\bin\tests\sysintgtests.icore.common.entities.dll" id="60e9a4bb-1398-3e10-60ed-04feb6fed87c">
      <TestCategory>
        <TestCategoryItem TestCategory="Entities" />
        <TestCategoryItem TestCategory="SystemIntegration" />
      </TestCategory>
      <Execution id="ae27c1e8-67ed-4087-b102-01f5c11a137e" />
      <TestMethod codeBase="F:\ETWork\bin\Tests\SysIntgTests.iCore.Common.Entities.dll" adapterTypeName="Microsoft.VisualStudio.TestTools.TestTypes.Unit.UnitTestAdapter" className="SysIntgTests.iCore.Common.Entities.LogEntryTests" name="GetByJob_RecurseWithRelated_CorrectLogEntriesReturned" />
    </UnitTest>
    <UnitTest name="GetByEvent_ProvidingValidEvent_EventsLogEntriesReturned" storage="f:\etwork\bin\tests\sysintgtests.icore.common.entities.dll" id="c0617d97-2d38-3f89-8566-f94f93a7e003">
      <TestCategory>
        <TestCategoryItem TestCategory="Entities" />
        <TestCategoryItem TestCategory="SystemIntegration" />
      </TestCategory>
      <Execution id="57242ebe-81bb-49f1-9c37-7a2443333822" />
      <TestMethod codeBase="F:\ETWork\bin\Tests\SysIntgTests.iCore.Common.Entities.dll" adapterTypeName="Microsoft.VisualStudio.TestTools.TestTypes.Unit.UnitTestAdapter" className="SysIntgTests.iCore.Common.Entities.LogEntryTests" name="GetByEvent_ProvidingValidEvent_EventsLogEntriesReturned" />
    </UnitTest>
    <UnitTest name="AddEntry_RelatedTrackingEntitiesSpecified_CorrectlyPersistsLogEntry" storage="f:\etwork\bin\tests\sysintgtests.icore.common.entities.dll" id="492461c8-46f6-36e4-d546-ef2e5648a6f3">
      <TestCategory>
        <TestCategoryItem TestCategory="Entities" />
        <TestCategoryItem TestCategory="SystemIntegration" />
      </TestCategory>
      <Execution id="da44880a-b098-4a37-a2e8-037aea986695" />
      <TestMethod codeBase="F:\ETWork\bin\Tests\SysIntgTests.iCore.Common.Entities.dll" adapterTypeName="Microsoft.VisualStudio.TestTools.TestTypes.Unit.UnitTestAdapter" className="SysIntgTests.iCore.Common.Entities.LogEntryTests" name="AddEntry_RelatedTrackingEntitiesSpecified_CorrectlyPersistsLogEntry" />
    </UnitTest>
    <UnitTest name="AddEntry_ProvidingNodeId_PersistsNodeIdToLogTable" storage="f:\etwork\bin\tests\sysintgtests.icore.common.entities.dll" id="7e91bbbf-722a-0856-c25b-8610eb0188db">
      <TestCategory>
        <TestCategoryItem TestCategory="Entities" />
        <TestCategoryItem TestCategory="SystemIntegration" />
      </TestCategory>
      <Execution id="4e07be87-a6dd-42e1-a3a5-979dd9303fdf" />
      <TestMethod codeBase="F:\ETWork\bin\Tests\SysIntgTests.iCore.Common.Entities.dll" adapterTypeName="Microsoft.VisualStudio.TestTools.TestTypes.Unit.UnitTestAdapter" className="SysIntgTests.iCore.Common.Entities.LogEntryTests" name="AddEntry_ProvidingNodeId_PersistsNodeIdToLogTable" />
    </UnitTest>
    <UnitTest name="AddEntry_ProvidesSource_PersistsReferencesCorrectly" storage="f:\etwork\bin\tests\sysintgtests.icore.common.entities.dll" id="85a10193-78c8-025f-3aab-6b481e304b0f">
      <Execution id="d2e353b8-464c-4d16-b918-525424f2616d" />
      <TestMethod codeBase="F:\ETWork\bin\Tests\SysIntgTests.iCore.Common.Entities.dll" adapterTypeName="Microsoft.VisualStudio.TestTools.TestTypes.Unit.UnitTestAdapter" className="SysIntgTests.iCore.Common.Entities.LogEntryTests" name="AddEntry_ProvidesSource_PersistsReferencesCorrectly" />
    </UnitTest>
    <UnitTest name="Protection_TestDefault_Disabled" storage="f:\etwork\bin\tests\sysintgtests.icore.common.entities.dll" id="0deef349-0f41-c3aa-a997-60ffdb793781">
      <Execution id="0b98e2df-5cf1-432a-b486-6d55619fa473" />
      <TestMethod codeBase="F:\ETWork\bin\Tests\SysIntgTests.iCore.Common.Entities.dll" adapterTypeName="Microsoft.VisualStudio.TestTools.TestTypes.Unit.UnitTestAdapter" className="SysIntgTests.iCore.Common.Entities.SystemConfigurationTests" name="Protection_TestDefault_Disabled" />
    </UnitTest>
    <UnitTest name="Update_NonNullValues_ValuesArePersistedCorrectly" storage="f:\etwork\bin\tests\sysintgtests.icore.common.entities.dll" id="aca0a2ae-a0f3-d76c-7017-155dc1bb3bd6">
      <Execution id="9d405bf9-044f-455d-9eab-b98764334a9b" />
      <TestMethod codeBase="F:\ETWork\bin\Tests\SysIntgTests.iCore.Common.Entities.dll" adapterTypeName="Microsoft.VisualStudio.TestTools.TestTypes.Unit.UnitTestAdapter" className="SysIntgTests.iCore.Common.Entities.SystemConfigurationTests" name="Update_NonNullValues_ValuesArePersistedCorrectly" />
    </UnitTest>
    <UnitTest name="Update_WithNullValuesWhereAllowed_ValuesArePersistedCorrectly" storage="f:\etwork\bin\tests\sysintgtests.icore.common.entities.dll" id="fe1c2e27-f7e4-e3f8-a0d3-2eb1a28867ba">
      <Execution id="73e8bc5c-25c7-46bb-9653-4f522f844684" />
      <TestMethod codeBase="F:\ETWork\bin\Tests\SysIntgTests.iCore.Common.Entities.dll" adapterTypeName="Microsoft.VisualStudio.TestTools.TestTypes.Unit.UnitTestAdapter" className="SysIntgTests.iCore.Common.Entities.SystemConfigurationTests" name="Update_WithNullValuesWhereAllowed_ValuesArePersistedCorrectly" />
    </UnitTest>
    <UnitTest name="Reload_Default_Success" storage="f:\etwork\bin\tests\sysintgtests.icore.common.entities.dll" id="3ff8e75f-9068-1197-65f2-ab1dd11252d0">
      <Execution id="65d40b40-0dd1-45df-81fe-16134809239c" />
      <TestMethod codeBase="F:\ETWork\bin\Tests\SysIntgTests.iCore.Common.Entities.dll" adapterTypeName="Microsoft.VisualStudio.TestTools.TestTypes.Unit.UnitTestAdapter" className="SysIntgTests.iCore.Common.Entities.SystemConfigurationTests" name="Reload_Default_Success" />
    </UnitTest>
    <UnitTest name="Reload_SomeValueAreChanged_PreviousValueRestored" storage="f:\etwork\bin\tests\sysintgtests.icore.common.entities.dll" id="5c82d581-da62-5ba8-f9a3-6060bcd606e4">
      <Execution id="99949535-13a6-480d-aa1d-b2c7d89d00b0" />
      <TestMethod codeBase="F:\ETWork\bin\Tests\SysIntgTests.iCore.Common.Entities.dll" adapterTypeName="Microsoft.VisualStudio.TestTools.TestTypes.Unit.UnitTestAdapter" className="SysIntgTests.iCore.Common.Entities.SystemConfigurationTests" name="Reload_SomeValueAreChanged_PreviousValueRestored" />
    </UnitTest>
    <UnitTest name="RepositoryEntityTypeId_ReturnsEntityImage" storage="f:\etwork\bin\tests\sysintgtests.icore.common.entities.dll" id="e0c8e0f5-d102-c0f1-099c-1952b3b28799">
      <TestCategory>
        <TestCategoryItem TestCategory="Entities" />
        <TestCategoryItem TestCategory="SystemIntegration" />
      </TestCategory>
      <Execution id="240bff5d-234d-4986-93c7-a10fe284abcd" />
      <TestMethod codeBase="F:\ETWork\bin\Tests\SysIntgTests.iCore.Common.Entities.dll" adapterTypeName="Microsoft.VisualStudio.TestTools.TestTypes.Unit.UnitTestAdapter" className="SysIntgTests.iCore.Common.Entities.EntityImageTests" name="RepositoryEntityTypeId_ReturnsEntityImage" />
    </UnitTest>
    <UnitTest name="RepositoryEntityType_ReturnsIEntityImage" storage="f:\etwork\bin\tests\sysintgtests.icore.common.entities.dll" id="1c5d25a5-f225-3160-187c-da3c762dd5b2">
      <TestCategory>
        <TestCategoryItem TestCategory="Entities" />
        <TestCategoryItem TestCategory="SystemIntegration" />
      </TestCategory>
      <Execution id="31e20cdb-7e5d-457e-8278-745513e4bdc7" />
      <TestMethod codeBase="F:\ETWork\bin\Tests\SysIntgTests.iCore.Common.Entities.dll" adapterTypeName="Microsoft.VisualStudio.TestTools.TestTypes.Unit.UnitTestAdapter" className="SysIntgTests.iCore.Common.Entities.EntityImageTests" name="RepositoryEntityType_ReturnsIEntityImage" />
    </UnitTest>
    <UnitTest name="RepositorySystemContext_MatchesActualSystemContext" storage="f:\etwork\bin\tests\sysintgtests.icore.common.entities.dll" id="633f1ddb-1fd5-fd37-0c62-0896640de247">
      <TestCategory>
        <TestCategoryItem TestCategory="Entities" />
        <TestCategoryItem TestCategory="SystemIntegration" />
      </TestCategory>
      <Execution id="b1acd52c-1494-496f-9e70-ed27b1dee850" />
      <TestMethod codeBase="F:\ETWork\bin\Tests\SysIntgTests.iCore.Common.Entities.dll" adapterTypeName="Microsoft.VisualStudio.TestTools.TestTypes.Unit.UnitTestAdapter" className="SysIntgTests.iCore.Common.Entities.EntityImageTests" name="RepositorySystemContext_MatchesActualSystemContext" />
    </UnitTest>
    <UnitTest name="CreateInstance_CreatesNewEntityImage" storage="f:\etwork\bin\tests\sysintgtests.icore.common.entities.dll" id="cf47aa53-37cb-f405-415f-5e3a0fcc6f92">
      <Execution id="4a065e0c-1a6e-44d6-bada-ce9400dca17d" />
      <TestMethod codeBase="F:\ETWork\bin\Tests\SysIntgTests.iCore.Common.Entities.dll" adapterTypeName="Microsoft.VisualStudio.TestTools.TestTypes.Unit.UnitTestAdapter" className="SysIntgTests.iCore.Common.Entities.EntityImageTests" name="CreateInstance_CreatesNewEntityImage" />
    </UnitTest>
    <UnitTest name="GetIdsOfQueuedJobsByWhmJobId_ExistingWhmId_ReturnsCorrectJobs" storage="f:\etwork\bin\tests\sysintgtests.icore.common.entities.dll" id="a4307ccb-a269-a9e8-f3c0-9ac5c8caa5a2">
      <TestCategory>
        <TestCategoryItem TestCategory="Entities" />
        <TestCategoryItem TestCategory="SystemIntegration" />
      </TestCategory>
      <Execution id="720abe4a-2826-408d-8db6-e82a83250dfc" />
      <TestMethod codeBase="F:\ETWork\bin\Tests\SysIntgTests.iCore.Common.Entities.dll" adapterTypeName="Microsoft.VisualStudio.TestTools.TestTypes.Unit.UnitTestAdapter" className="SysIntgTests.iCore.Common.Entities.JobTests" name="GetIdsOfQueuedJobsByWhmJobId_ExistingWhmId_ReturnsCorrectJobs" />
    </UnitTest>
    <UnitTest name="GetWhmJobIdToWhichJobWasLastDispatched_MultipleScenarios_CorrectValuesAreReturned" storage="f:\etwork\bin\tests\sysintgtests.icore.common.entities.dll" id="aa991c73-e667-bba7-10d6-9cf606195bc8">
      <Execution id="03ec85fb-4546-4e79-8c4a-099155cae004" />
      <TestMethod codeBase="F:\ETWork\bin\Tests\SysIntgTests.iCore.Common.Entities.dll" adapterTypeName="Microsoft.VisualStudio.TestTools.TestTypes.Unit.UnitTestAdapter" className="SysIntgTests.iCore.Common.Entities.JobTests" name="GetWhmJobIdToWhichJobWasLastDispatched_MultipleScenarios_CorrectValuesAreReturned" />
    </UnitTest>
    <UnitTest name="GetWhmJobIdToWhichJobWasLastDispatched_MultipleScenariosRegardingInstanceCancellation_CorrectValuesAreReturned" storage="f:\etwork\bin\tests\sysintgtests.icore.common.entities.dll" id="a4d365e4-f5bb-3b55-9fc4-f412d3807bcd">
      <Execution id="2216d92c-60e8-45f6-902b-5c0f4acd595b" />
      <TestMethod codeBase="F:\ETWork\bin\Tests\SysIntgTests.iCore.Common.Entities.dll" adapterTypeName="Microsoft.VisualStudio.TestTools.TestTypes.Unit.UnitTestAdapter" className="SysIntgTests.iCore.Common.Entities.JobTests" name="GetWhmJobIdToWhichJobWasLastDispatched_MultipleScenariosRegardingInstanceCancellation_CorrectValuesAreReturned" />
    </UnitTest>
    <UnitTest name="Delete_JobInStateDispatchPending_Succeeds" storage="f:\etwork\bin\tests\sysintgtests.icore.common.entities.dll" id="ecfbac6c-eab4-4a78-4665-b6deb4b55bcf">
      <Execution id="41af36b9-d035-490d-9014-c0c80e137c5c" />
      <TestMethod codeBase="F:\ETWork\bin\Tests\SysIntgTests.iCore.Common.Entities.dll" adapterTypeName="Microsoft.VisualStudio.TestTools.TestTypes.Unit.UnitTestAdapter" className="SysIntgTests.iCore.Common.Entities.JobTests" name="Delete_JobInStateDispatchPending_Succeeds" />
    </UnitTest>
    <UnitTest name="Delete_JobInStateDispatched_Succeeds" storage="f:\etwork\bin\tests\sysintgtests.icore.common.entities.dll" id="6f69e548-29c5-f1ed-5bf1-c0baa6e7901c">
      <Execution id="eecd4bd7-4c40-4dcb-a75d-d96db48a5c65" />
      <TestMethod codeBase="F:\ETWork\bin\Tests\SysIntgTests.iCore.Common.Entities.dll" adapterTypeName="Microsoft.VisualStudio.TestTools.TestTypes.Unit.UnitTestAdapter" className="SysIntgTests.iCore.Common.Entities.JobTests" name="Delete_JobInStateDispatched_Succeeds" />
    </UnitTest>
    <UnitTest name="Delete_JobIsStartPending_Succeeds" storage="f:\etwork\bin\tests\sysintgtests.icore.common.entities.dll" id="dfecc985-95d3-b961-4283-0d20d9944e6a">
      <Execution id="ec6ccaac-c15b-48e1-829f-09a837351539" />
      <TestMethod codeBase="F:\ETWork\bin\Tests\SysIntgTests.iCore.Common.Entities.dll" adapterTypeName="Microsoft.VisualStudio.TestTools.TestTypes.Unit.UnitTestAdapter" className="SysIntgTests.iCore.Common.Entities.JobTests" name="Delete_JobIsStartPending_Succeeds" />
    </UnitTest>
    <UnitTest name="Delete_JobIsRunning_Fails" storage="f:\etwork\bin\tests\sysintgtests.icore.common.entities.dll" id="9bfa642a-eab3-4e86-a5d2-ac100d6d75ed">
      <Execution id="b5635f35-7ad9-486f-bcea-1bdf76c915b4" />
      <TestMethod codeBase="F:\ETWork\bin\Tests\SysIntgTests.iCore.Common.Entities.dll" adapterTypeName="Microsoft.VisualStudio.TestTools.TestTypes.Unit.UnitTestAdapter" className="SysIntgTests.iCore.Common.Entities.JobTests" name="Delete_JobIsRunning_Fails" />
    </UnitTest>
    <UnitTest name="Delete_JobSucceeded_Fails" storage="f:\etwork\bin\tests\sysintgtests.icore.common.entities.dll" id="73fead8b-cd85-bff6-4284-9d9fe5f704ea">
      <Execution id="18ec3913-c648-4070-99d2-5b5b29e443ce" />
      <TestMethod codeBase="F:\ETWork\bin\Tests\SysIntgTests.iCore.Common.Entities.dll" adapterTypeName="Microsoft.VisualStudio.TestTools.TestTypes.Unit.UnitTestAdapter" className="SysIntgTests.iCore.Common.Entities.JobTests" name="Delete_JobSucceeded_Fails" />
    </UnitTest>
    <UnitTest name="Delete_JobFailed_Fails" storage="f:\etwork\bin\tests\sysintgtests.icore.common.entities.dll" id="9d5d942d-ecf9-da92-f0cc-92db2035d843">
      <Execution id="56bc72d5-82a2-4a83-811f-0b34ae0575df" />
      <TestMethod codeBase="F:\ETWork\bin\Tests\SysIntgTests.iCore.Common.Entities.dll" adapterTypeName="Microsoft.VisualStudio.TestTools.TestTypes.Unit.UnitTestAdapter" className="SysIntgTests.iCore.Common.Entities.JobTests" name="Delete_JobFailed_Fails" />
    </UnitTest>
    <UnitTest name="Delete_JobLost_Fails" storage="f:\etwork\bin\tests\sysintgtests.icore.common.entities.dll" id="532b5580-06d1-1caa-d9a2-264c33cb9c14">
      <Execution id="f4fcd7d9-134f-4d3d-b58f-46150f0b0ef6" />
      <TestMethod codeBase="F:\ETWork\bin\Tests\SysIntgTests.iCore.Common.Entities.dll" adapterTypeName="Microsoft.VisualStudio.TestTools.TestTypes.Unit.UnitTestAdapter" className="SysIntgTests.iCore.Common.Entities.JobTests" name="Delete_JobLost_Fails" />
    </UnitTest>
    <UnitTest name="Delete_RestartedJobDispatchPending_Fails" storage="f:\etwork\bin\tests\sysintgtests.icore.common.entities.dll" id="53b3307c-1d12-0d7f-870c-5a91e715c1a1">
      <Execution id="dde40740-cacf-4669-819f-2771308fcabc" />
      <TestMethod codeBase="F:\ETWork\bin\Tests\SysIntgTests.iCore.Common.Entities.dll" adapterTypeName="Microsoft.VisualStudio.TestTools.TestTypes.Unit.UnitTestAdapter" className="SysIntgTests.iCore.Common.Entities.JobTests" name="Delete_RestartedJobDispatchPending_Fails" />
    </UnitTest>
    <UnitTest name="Delete_RestartedJobDispatched_Fails" storage="f:\etwork\bin\tests\sysintgtests.icore.common.entities.dll" id="4717995a-e0c5-d738-a705-8972ba73c486">
      <Execution id="93acc046-7c88-4d8b-b7de-4fed6c11c959" />
      <TestMethod codeBase="F:\ETWork\bin\Tests\SysIntgTests.iCore.Common.Entities.dll" adapterTypeName="Microsoft.VisualStudio.TestTools.TestTypes.Unit.UnitTestAdapter" className="SysIntgTests.iCore.Common.Entities.JobTests" name="Delete_RestartedJobDispatched_Fails" />
    </UnitTest>
    <UnitTest name="Delete_RestartedJobStartPending_Fails" storage="f:\etwork\bin\tests\sysintgtests.icore.common.entities.dll" id="bd6fe1c3-cea8-2071-2768-b40b8e70d5b4">
      <Execution id="2a467302-b614-479b-b5d2-0b6926e42eef" />
      <TestMethod codeBase="F:\ETWork\bin\Tests\SysIntgTests.iCore.Common.Entities.dll" adapterTypeName="Microsoft.VisualStudio.TestTools.TestTypes.Unit.UnitTestAdapter" className="SysIntgTests.iCore.Common.Entities.JobTests" name="Delete_RestartedJobStartPending_Fails" />
    </UnitTest>
    <UnitTest name="GetJobIdsByEventHandlerIdAsync_NonExistingEventHandlerId_ReturnsCompletedObservable" storage="f:\etwork\bin\tests\sysintgtests.icore.common.entities.dll" id="0e515393-383e-3c17-dda9-003b7284d58c">
      <Execution id="198c025a-cdcc-4757-bad4-adf80012a07a" />
      <TestMethod codeBase="F:\ETWork\bin\Tests\SysIntgTests.iCore.Common.Entities.dll" adapterTypeName="Microsoft.VisualStudio.TestTools.TestTypes.Unit.UnitTestAdapter" className="SysIntgTests.iCore.Common.Entities.JobTests" name="GetJobIdsByEventHandlerIdAsync_NonExistingEventHandlerId_ReturnsCompletedObservable" />
    </UnitTest>
    <UnitTest name="GetJobIdsByEventHandlerIdAsync_JobsExistWithMaxCountSmallerThanNumberOfAvailableJobs_ReturnsTopNumberOfJobs" storage="f:\etwork\bin\tests\sysintgtests.icore.common.entities.dll" id="526325d6-61aa-6104-059a-541d6882ad5f">
      <Execution id="db2f65be-6565-48a5-a5e7-344f80d093a8" />
      <TestMethod codeBase="F:\ETWork\bin\Tests\SysIntgTests.iCore.Common.Entities.dll" adapterTypeName="Microsoft.VisualStudio.TestTools.TestTypes.Unit.UnitTestAdapter" className="SysIntgTests.iCore.Common.Entities.JobTests" name="GetJobIdsByEventHandlerIdAsync_JobsExistWithMaxCountSmallerThanNumberOfAvailableJobs_ReturnsTopNumberOfJobs" />
    </UnitTest>
    <UnitTest name="GetJobIdsByEventHandlerIdAsync_JobsExistWithMaxCountGreaterThanNumberOfAvailableJobs_ReturnsTopNumberOfJobs" storage="f:\etwork\bin\tests\sysintgtests.icore.common.entities.dll" id="cae65cb3-a80f-d7b8-bb57-4dc5e99c6959">
      <Execution id="83418c32-5067-4359-b99d-4e924df53ba1" />
      <TestMethod codeBase="F:\ETWork\bin\Tests\SysIntgTests.iCore.Common.Entities.dll" adapterTypeName="Microsoft.VisualStudio.TestTools.TestTypes.Unit.UnitTestAdapter" className="SysIntgTests.iCore.Common.Entities.JobTests" name="GetJobIdsByEventHandlerIdAsync_JobsExistWithMaxCountGreaterThanNumberOfAvailableJobs_ReturnsTopNumberOfJobs" />
    </UnitTest>
    <UnitTest name="GetJobIdsByComponentConfigurationIdAsync_NonExistingComponentConfigurationId_ReturnsCompletedObservable" storage="f:\etwork\bin\tests\sysintgtests.icore.common.entities.dll" id="364c4c35-0b3d-b66f-7e75-4203c79a200f">
      <Execution id="90547ed2-99dd-4270-9390-21b84f7ce68c" />
      <TestMethod codeBase="F:\ETWork\bin\Tests\SysIntgTests.iCore.Common.Entities.dll" adapterTypeName="Microsoft.VisualStudio.TestTools.TestTypes.Unit.UnitTestAdapter" className="SysIntgTests.iCore.Common.Entities.JobTests" name="GetJobIdsByComponentConfigurationIdAsync_NonExistingComponentConfigurationId_ReturnsCompletedObservable" />
    </UnitTest>
    <UnitTest name="GetJobIdsByComponentConfigurationIdAsync_JobsExistWithMaxCountSmallerThanNumberOfAvailableJobs_ReturnsTopNumberOfJobs" storage="f:\etwork\bin\tests\sysintgtests.icore.common.entities.dll" id="8dae993d-574f-a4c2-c7a1-58f8d1440c29">
      <Execution id="8bfd17b0-529b-4106-b711-3218802d7522" />
      <TestMethod codeBase="F:\ETWork\bin\Tests\SysIntgTests.iCore.Common.Entities.dll" adapterTypeName="Microsoft.VisualStudio.TestTools.TestTypes.Unit.UnitTestAdapter" className="SysIntgTests.iCore.Common.Entities.JobTests" name="GetJobIdsByComponentConfigurationIdAsync_JobsExistWithMaxCountSmallerThanNumberOfAvailableJobs_ReturnsTopNumberOfJobs" />
    </UnitTest>
    <UnitTest name="GetJobIdsByComponentConfigurationIdAsync_JobsExistWithMaxCountGreaterThanNumberOfAvailableJobs_ReturnsTopNumberOfJobs" storage="f:\etwork\bin\tests\sysintgtests.icore.common.entities.dll" id="c86fca8b-4066-f6f5-77a2-fa35a860d2cd">
      <Execution id="54028963-4612-4787-af69-6952397207c8" />
      <TestMethod codeBase="F:\ETWork\bin\Tests\SysIntgTests.iCore.Common.Entities.dll" adapterTypeName="Microsoft.VisualStudio.TestTools.TestTypes.Unit.UnitTestAdapter" className="SysIntgTests.iCore.Common.Entities.JobTests" name="GetJobIdsByComponentConfigurationIdAsync_JobsExistWithMaxCountGreaterThanNumberOfAvailableJobs_ReturnsTopNumberOfJobs" />
    </UnitTest>
    <UnitTest name="GetJobIdsByComponentDefinitionKeyAsync_NonExistingComponentDefinitionId_ReturnsCompletedObservable" storage="f:\etwork\bin\tests\sysintgtests.icore.common.entities.dll" id="3238fd1f-3d81-9c2d-9876-87c8000b32e5">
      <Execution id="37ac73c2-305e-4ac7-90ab-11a9d9da0159" />
      <TestMethod codeBase="F:\ETWork\bin\Tests\SysIntgTests.iCore.Common.Entities.dll" adapterTypeName="Microsoft.VisualStudio.TestTools.TestTypes.Unit.UnitTestAdapter" className="SysIntgTests.iCore.Common.Entities.JobTests" name="GetJobIdsByComponentDefinitionKeyAsync_NonExistingComponentDefinitionId_ReturnsCompletedObservable" />
    </UnitTest>
    <UnitTest name="GetJobIdsByComponentDefinitionKeyAsync_ScriptJobsExistWithMaxCountSmallerThanNumberOfAvailableJobs_ReturnsTopNumberOfJobs" storage="f:\etwork\bin\tests\sysintgtests.icore.common.entities.dll" id="8a2992be-df10-d3cc-db85-47b6ac403579">
      <Execution id="52d0f3d4-fab0-447a-bf0d-609002f35b46" />
      <TestMethod codeBase="F:\ETWork\bin\Tests\SysIntgTests.iCore.Common.Entities.dll" adapterTypeName="Microsoft.VisualStudio.TestTools.TestTypes.Unit.UnitTestAdapter" className="SysIntgTests.iCore.Common.Entities.JobTests" name="GetJobIdsByComponentDefinitionKeyAsync_ScriptJobsExistWithMaxCountSmallerThanNumberOfAvailableJobs_ReturnsTopNumberOfJobs" />
    </UnitTest>
    <UnitTest name="GetJobIdsByComponentDefinitionKeyAsync_AdapterFlowJobsExistWithMaxCountSmallerThanNumberOfAvailableJobs_ReturnsTopNumberOfJobs" storage="f:\etwork\bin\tests\sysintgtests.icore.common.entities.dll" id="6a048bce-fe0c-0f72-17ec-8bd5963a2b07">
      <Execution id="5fc7065a-9de7-4598-af11-d7920dd6ae5d" />
      <TestMethod codeBase="F:\ETWork\bin\Tests\SysIntgTests.iCore.Common.Entities.dll" adapterTypeName="Microsoft.VisualStudio.TestTools.TestTypes.Unit.UnitTestAdapter" className="SysIntgTests.iCore.Common.Entities.JobTests" name="GetJobIdsByComponentDefinitionKeyAsync_AdapterFlowJobsExistWithMaxCountSmallerThanNumberOfAvailableJobs_ReturnsTopNumberOfJobs" />
    </UnitTest>
    <UnitTest name="GetJobIdsByComponentDefinitionKeyAsync_WorkflowJobsExistWithMaxCountSmallerThanNumberOfAvailableJobs_ReturnsTopNumberOfJobs" storage="f:\etwork\bin\tests\sysintgtests.icore.common.entities.dll" id="a7a61f47-b6c7-3dd3-09ed-ae771c8826dc">
      <Execution id="b83f4cb5-7619-4440-95c3-7ec254e3bf2c" />
      <TestMethod codeBase="F:\ETWork\bin\Tests\SysIntgTests.iCore.Common.Entities.dll" adapterTypeName="Microsoft.VisualStudio.TestTools.TestTypes.Unit.UnitTestAdapter" className="SysIntgTests.iCore.Common.Entities.JobTests" name="GetJobIdsByComponentDefinitionKeyAsync_WorkflowJobsExistWithMaxCountSmallerThanNumberOfAvailableJobs_ReturnsTopNumberOfJobs" />
    </UnitTest>
    <UnitTest name="GetJobIdsByComponentDefinitionKeyAsync_JobsExistWithMaxCountGreaterThanNumberOfAvailableJobs_ReturnsTopNumberOfJobs" storage="f:\etwork\bin\tests\sysintgtests.icore.common.entities.dll" id="266f90ed-fad9-6fff-1bd9-c6c9d05b8b23">
      <Execution id="0bba6453-f78a-4b64-be80-5bdc284836bc" />
      <TestMethod codeBase="F:\ETWork\bin\Tests\SysIntgTests.iCore.Common.Entities.dll" adapterTypeName="Microsoft.VisualStudio.TestTools.TestTypes.Unit.UnitTestAdapter" className="SysIntgTests.iCore.Common.Entities.JobTests" name="GetJobIdsByComponentDefinitionKeyAsync_JobsExistWithMaxCountGreaterThanNumberOfAvailableJobs_ReturnsTopNumberOfJobs" />
    </UnitTest>
    <UnitTest name="ExistsByEventHandlerIdAsync_NonExistingEventHandlerId_ReturnsFalse" storage="f:\etwork\bin\tests\sysintgtests.icore.common.entities.dll" id="5dfd0322-4adf-7316-906e-b8b0904998d8">
      <Execution id="c31c57d9-20b0-4ea2-abba-846c48bea5c3" />
      <TestMethod codeBase="F:\ETWork\bin\Tests\SysIntgTests.iCore.Common.Entities.dll" adapterTypeName="Microsoft.VisualStudio.TestTools.TestTypes.Unit.UnitTestAdapter" className="SysIntgTests.iCore.Common.Entities.JobTests" name="ExistsByEventHandlerIdAsync_NonExistingEventHandlerId_ReturnsFalse" />
    </UnitTest>
    <UnitTest name="ExistsByEventHandlerIdAsync_ExistingEventHandlerWithoutJobs_ReturnsFalse" storage="f:\etwork\bin\tests\sysintgtests.icore.common.entities.dll" id="ff0f805b-71d1-b37b-87e8-439773f8b010">
      <Execution id="1fad96cc-becf-4483-b851-491f0ea989e8" />
      <TestMethod codeBase="F:\ETWork\bin\Tests\SysIntgTests.iCore.Common.Entities.dll" adapterTypeName="Microsoft.VisualStudio.TestTools.TestTypes.Unit.UnitTestAdapter" className="SysIntgTests.iCore.Common.Entities.JobTests" name="ExistsByEventHandlerIdAsync_ExistingEventHandlerWithoutJobs_ReturnsFalse" />
    </UnitTest>
    <UnitTest name="ExistsByEventHandlerIdAsync_ExistingEventHandlerWithJobs_ReturnsTrue" storage="f:\etwork\bin\tests\sysintgtests.icore.common.entities.dll" id="1386bd59-b2f0-ea08-d38b-391e8846cd55">
      <Execution id="66023e11-7d62-4721-9669-0298d9a1ad49" />
      <TestMethod codeBase="F:\ETWork\bin\Tests\SysIntgTests.iCore.Common.Entities.dll" adapterTypeName="Microsoft.VisualStudio.TestTools.TestTypes.Unit.UnitTestAdapter" className="SysIntgTests.iCore.Common.Entities.JobTests" name="ExistsByEventHandlerIdAsync_ExistingEventHandlerWithJobs_ReturnsTrue" />
    </UnitTest>
    <UnitTest name="ExistsByComponentConfigurationIdAsync_NonExistingComponentConfigurationId_ReturnsFalse" storage="f:\etwork\bin\tests\sysintgtests.icore.common.entities.dll" id="539dc811-3974-2c52-b1eb-8e9bc78f720d">
      <Execution id="d7e08425-1613-4927-8ad7-380b4bd8652d" />
      <TestMethod codeBase="F:\ETWork\bin\Tests\SysIntgTests.iCore.Common.Entities.dll" adapterTypeName="Microsoft.VisualStudio.TestTools.TestTypes.Unit.UnitTestAdapter" className="SysIntgTests.iCore.Common.Entities.JobTests" name="ExistsByComponentConfigurationIdAsync_NonExistingComponentConfigurationId_ReturnsFalse" />
    </UnitTest>
    <UnitTest name="ExistsByComponentConfigurationIdAsync_ExistingEventHandlerWithoutJobs_ReturnsFalse" storage="f:\etwork\bin\tests\sysintgtests.icore.common.entities.dll" id="32296597-29e0-608c-7005-d3a4189c4986">
      <Execution id="41f04f36-a730-4dfc-926b-2a440f65fde8" />
      <TestMethod codeBase="F:\ETWork\bin\Tests\SysIntgTests.iCore.Common.Entities.dll" adapterTypeName="Microsoft.VisualStudio.TestTools.TestTypes.Unit.UnitTestAdapter" className="SysIntgTests.iCore.Common.Entities.JobTests" name="ExistsByComponentConfigurationIdAsync_ExistingEventHandlerWithoutJobs_ReturnsFalse" />
    </UnitTest>
    <UnitTest name="ExistsByComponentConfigurationIdAsync_ExistingEventHandlerWithJobs_ReturnsTrue" storage="f:\etwork\bin\tests\sysintgtests.icore.common.entities.dll" id="01398e51-345e-629c-cfea-6b2271665616">
      <Execution id="8285ddf1-d3bd-49bb-a5f9-52150b845acc" />
      <TestMethod codeBase="F:\ETWork\bin\Tests\SysIntgTests.iCore.Common.Entities.dll" adapterTypeName="Microsoft.VisualStudio.TestTools.TestTypes.Unit.UnitTestAdapter" className="SysIntgTests.iCore.Common.Entities.JobTests" name="ExistsByComponentConfigurationIdAsync_ExistingEventHandlerWithJobs_ReturnsTrue" />
    </UnitTest>
    <UnitTest name="ExistsByComponentDefinitionKeyAsync_NonExistingComponentDefinitionKey_ReturnsFalse" storage="f:\etwork\bin\tests\sysintgtests.icore.common.entities.dll" id="3e9a702f-4733-7f68-d8bc-e36bcae3c48d">
      <Execution id="a8b3c0c8-62c3-4ea8-b597-d25b204f760e" />
      <TestMethod codeBase="F:\ETWork\bin\Tests\SysIntgTests.iCore.Common.Entities.dll" adapterTypeName="Microsoft.VisualStudio.TestTools.TestTypes.Unit.UnitTestAdapter" className="SysIntgTests.iCore.Common.Entities.JobTests" name="ExistsByComponentDefinitionKeyAsync_NonExistingComponentDefinitionKey_ReturnsFalse" />
    </UnitTest>
    <UnitTest name="ExistsByComponentDefinitionKeyAsync_ExistingEventHandlerWithoutJobs_ReturnsFalse" storage="f:\etwork\bin\tests\sysintgtests.icore.common.entities.dll" id="604e60c5-e618-8746-8cef-97c18fb655f8">
      <Execution id="f472ae65-fa98-4cfd-85a7-f8d27df418a3" />
      <TestMethod codeBase="F:\ETWork\bin\Tests\SysIntgTests.iCore.Common.Entities.dll" adapterTypeName="Microsoft.VisualStudio.TestTools.TestTypes.Unit.UnitTestAdapter" className="SysIntgTests.iCore.Common.Entities.JobTests" name="ExistsByComponentDefinitionKeyAsync_ExistingEventHandlerWithoutJobs_ReturnsFalse" />
    </UnitTest>
    <UnitTest name="ExistsByComponentDefinitionKeyAsync_ExistingEventHandlerWithJobs_ReturnsTrue" storage="f:\etwork\bin\tests\sysintgtests.icore.common.entities.dll" id="bf1c3dae-d2d2-f140-8142-b1cefc768c6d">
      <Execution id="556afc00-13d8-4a5f-9164-478c4106f8bc" />
      <TestMethod codeBase="F:\ETWork\bin\Tests\SysIntgTests.iCore.Common.Entities.dll" adapterTypeName="Microsoft.VisualStudio.TestTools.TestTypes.Unit.UnitTestAdapter" className="SysIntgTests.iCore.Common.Entities.JobTests" name="ExistsByComponentDefinitionKeyAsync_ExistingEventHandlerWithJobs_ReturnsTrue" />
    </UnitTest>
    <UnitTest name="TrySetStateFinishedOnDispatchPendingJob_JobInDispatchedState_ReturnsFalse" storage="f:\etwork\bin\tests\sysintgtests.icore.common.entities.dll" id="2b1b7356-606e-af1f-1cd3-52de6325a7c4">
      <TestCategory>
        <TestCategoryItem TestCategory="Entities" />
        <TestCategoryItem TestCategory="SystemIntegration" />
      </TestCategory>
      <Execution id="d14e5951-5721-45fa-a96e-981e0e969f64" />
      <TestMethod codeBase="F:\ETWork\bin\Tests\SysIntgTests.iCore.Common.Entities.dll" adapterTypeName="Microsoft.VisualStudio.TestTools.TestTypes.Unit.UnitTestAdapter" className="SysIntgTests.iCore.Common.Entities.JobTests" name="TrySetStateFinishedOnDispatchPendingJob_JobInDispatchedState_ReturnsFalse" />
    </UnitTest>
    <UnitTest name="TrySetStateFinishedOnDispatchPendingJob_JobInSucceededState_ReturnsFalse" storage="f:\etwork\bin\tests\sysintgtests.icore.common.entities.dll" id="b8626556-302b-a53d-b6ed-f95989eea36d">
      <TestCategory>
        <TestCategoryItem TestCategory="Entities" />
        <TestCategoryItem TestCategory="SystemIntegration" />
      </TestCategory>
      <Execution id="921186ad-369d-40e5-8403-ca71ecb077d7" />
      <TestMethod codeBase="F:\ETWork\bin\Tests\SysIntgTests.iCore.Common.Entities.dll" adapterTypeName="Microsoft.VisualStudio.TestTools.TestTypes.Unit.UnitTestAdapter" className="SysIntgTests.iCore.Common.Entities.JobTests" name="TrySetStateFinishedOnDispatchPendingJob_JobInSucceededState_ReturnsFalse" />
    </UnitTest>
    <UnitTest name="TrySetStateFinishedOnDispatchPendingJob_JobInFailedState_ReturnsFalse" storage="f:\etwork\bin\tests\sysintgtests.icore.common.entities.dll" id="1530c6bf-e352-7f1b-4510-e9faac6e4010">
      <TestCategory>
        <TestCategoryItem TestCategory="Entities" />
        <TestCategoryItem TestCategory="SystemIntegration" />
      </TestCategory>
      <Execution id="1ce01c46-b3f7-433b-8783-9a60ed263715" />
      <TestMethod codeBase="F:\ETWork\bin\Tests\SysIntgTests.iCore.Common.Entities.dll" adapterTypeName="Microsoft.VisualStudio.TestTools.TestTypes.Unit.UnitTestAdapter" className="SysIntgTests.iCore.Common.Entities.JobTests" name="TrySetStateFinishedOnDispatchPendingJob_JobInFailedState_ReturnsFalse" />
    </UnitTest>
    <UnitTest name="TrySetStateFinishedOnDispatchPendingJob_JobInStartPendingState_ReturnsFalse" storage="f:\etwork\bin\tests\sysintgtests.icore.common.entities.dll" id="ff58c26b-cea7-f70d-5ce1-d35b957ee49a">
      <TestCategory>
        <TestCategoryItem TestCategory="Entities" />
        <TestCategoryItem TestCategory="SystemIntegration" />
      </TestCategory>
      <Execution id="71814bca-522f-4bbe-aea0-ee4d998f1ba3" />
      <TestMethod codeBase="F:\ETWork\bin\Tests\SysIntgTests.iCore.Common.Entities.dll" adapterTypeName="Microsoft.VisualStudio.TestTools.TestTypes.Unit.UnitTestAdapter" className="SysIntgTests.iCore.Common.Entities.JobTests" name="TrySetStateFinishedOnDispatchPendingJob_JobInStartPendingState_ReturnsFalse" />
    </UnitTest>
    <UnitTest name="TrySetStateFinishedOnDispatchPendingJob_JobInInactiveState_ReturnsFalse" storage="f:\etwork\bin\tests\sysintgtests.icore.common.entities.dll" id="e166626b-0da1-460a-017a-b70b9aedd9b2">
      <TestCategory>
        <TestCategoryItem TestCategory="Entities" />
        <TestCategoryItem TestCategory="SystemIntegration" />
      </TestCategory>
      <Execution id="876ae39c-9f7e-4fa9-980c-c0f848c37ee4" />
      <TestMethod codeBase="F:\ETWork\bin\Tests\SysIntgTests.iCore.Common.Entities.dll" adapterTypeName="Microsoft.VisualStudio.TestTools.TestTypes.Unit.UnitTestAdapter" className="SysIntgTests.iCore.Common.Entities.JobTests" name="TrySetStateFinishedOnDispatchPendingJob_JobInInactiveState_ReturnsFalse" />
    </UnitTest>
    <UnitTest name="TrySetStateFinishedOnDispatchPendingJob_JobInRunningState_ReturnsFalse" storage="f:\etwork\bin\tests\sysintgtests.icore.common.entities.dll" id="dfadb1b9-c054-540e-eaf8-12369d60d8e4">
      <TestCategory>
        <TestCategoryItem TestCategory="Entities" />
        <TestCategoryItem TestCategory="SystemIntegration" />
      </TestCategory>
      <Execution id="2e66b976-23c2-4661-8823-0127bf3b7fbc" />
      <TestMethod codeBase="F:\ETWork\bin\Tests\SysIntgTests.iCore.Common.Entities.dll" adapterTypeName="Microsoft.VisualStudio.TestTools.TestTypes.Unit.UnitTestAdapter" className="SysIntgTests.iCore.Common.Entities.JobTests" name="TrySetStateFinishedOnDispatchPendingJob_JobInRunningState_ReturnsFalse" />
    </UnitTest>
    <UnitTest name="TrySetStateFinishedOnDispatchPendingJob_JobInDispatchPendingState_ReturnsTrue" storage="f:\etwork\bin\tests\sysintgtests.icore.common.entities.dll" id="1b4cf3d2-febb-3a6c-4419-6cdb17434a4c">
      <TestCategory>
        <TestCategoryItem TestCategory="Entities" />
        <TestCategoryItem TestCategory="SystemIntegration" />
      </TestCategory>
      <Execution id="4e158c3a-406d-4442-b37a-7839b6cf04c5" />
      <TestMethod codeBase="F:\ETWork\bin\Tests\SysIntgTests.iCore.Common.Entities.dll" adapterTypeName="Microsoft.VisualStudio.TestTools.TestTypes.Unit.UnitTestAdapter" className="SysIntgTests.iCore.Common.Entities.JobTests" name="TrySetStateFinishedOnDispatchPendingJob_JobInDispatchPendingState_ReturnsTrue" />
    </UnitTest>
    <UnitTest name="TrySetStateFinishedOnDispatchPendingJob_JobInDispatchPendingState_RemovesJobFromPendingQueue" storage="f:\etwork\bin\tests\sysintgtests.icore.common.entities.dll" id="e25aca1b-ab21-20f2-0d1d-e9449b3872ed">
      <TestCategory>
        <TestCategoryItem TestCategory="Entities" />
        <TestCategoryItem TestCategory="SystemIntegration" />
      </TestCategory>
      <Execution id="602cd1af-4e82-4bb1-8cb0-66d2a8385f20" />
      <TestMethod codeBase="F:\ETWork\bin\Tests\SysIntgTests.iCore.Common.Entities.dll" adapterTypeName="Microsoft.VisualStudio.TestTools.TestTypes.Unit.UnitTestAdapter" className="SysIntgTests.iCore.Common.Entities.JobTests" name="TrySetStateFinishedOnDispatchPendingJob_JobInDispatchPendingState_RemovesJobFromPendingQueue" />
    </UnitTest>
    <UnitTest name="GetStateHistory_ValidJobId_ReturnsCorrectSequence" storage="f:\etwork\bin\tests\sysintgtests.icore.common.entities.dll" id="c0efeecc-4bae-e5db-2a28-e416e6cb8842">
      <Execution id="9cd60abb-dc46-4718-907b-9c8c70cd962d" />
      <TestMethod codeBase="F:\ETWork\bin\Tests\SysIntgTests.iCore.Common.Entities.dll" adapterTypeName="Microsoft.VisualStudio.TestTools.TestTypes.Unit.UnitTestAdapter" className="SysIntgTests.iCore.Common.Entities.JobTests" name="GetStateHistory_ValidJobId_ReturnsCorrectSequence" />
    </UnitTest>
    <UnitTest name="GetJobsRunningOnWorkerHost_ValidArguments_ReturnsExpectedResult" storage="f:\etwork\bin\tests\sysintgtests.icore.common.entities.dll" id="31ba1546-5961-d033-8319-53b5c9379f4d">
      <TestCategory>
        <TestCategoryItem TestCategory="Entities" />
        <TestCategoryItem TestCategory="SystemIntegration" />
      </TestCategory>
      <Execution id="94b53558-16f6-4667-9524-6068a9e11849" />
      <TestMethod codeBase="F:\ETWork\bin\Tests\SysIntgTests.iCore.Common.Entities.dll" adapterTypeName="Microsoft.VisualStudio.TestTools.TestTypes.Unit.UnitTestAdapter" className="SysIntgTests.iCore.Common.Entities.JobTests" name="GetJobsRunningOnWorkerHost_ValidArguments_ReturnsExpectedResult" />
    </UnitTest>
    <UnitTest name="DequeueNextJobForProcessing_StandardAndExpressJobsInterleavedWithExpressEventsPrioritized_ReturnsJobsInCorrectOrder" storage="f:\etwork\bin\tests\sysintgtests.icore.common.entities.dll" id="c21ba344-15c9-78c2-f317-1c5199f317dc">
      <Execution id="9174803e-776b-4b05-819d-a46ee6192330" />
      <TestMethod codeBase="F:\ETWork\bin\Tests\SysIntgTests.iCore.Common.Entities.dll" adapterTypeName="Microsoft.VisualStudio.TestTools.TestTypes.Unit.UnitTestAdapter" className="SysIntgTests.iCore.Common.Entities.JobTests" name="DequeueNextJobForProcessing_StandardAndExpressJobsInterleavedWithExpressEventsPrioritized_ReturnsJobsInCorrectOrder" />
    </UnitTest>
    <UnitTest name="DequeueNextJobForProcessing_StandardAndExpressJobsInterleavedWithExpressEventsNotPrioritized_ReturnsJobsInCorrectOrder" storage="f:\etwork\bin\tests\sysintgtests.icore.common.entities.dll" id="3c52218c-0a43-6a8f-b586-dafb1a012e6a">
      <Execution id="cd1c4bce-8ab5-49fa-ab9d-63aa8d672613" />
      <TestMethod codeBase="F:\ETWork\bin\Tests\SysIntgTests.iCore.Common.Entities.dll" adapterTypeName="Microsoft.VisualStudio.TestTools.TestTypes.Unit.UnitTestAdapter" className="SysIntgTests.iCore.Common.Entities.JobTests" name="DequeueNextJobForProcessing_StandardAndExpressJobsInterleavedWithExpressEventsNotPrioritized_ReturnsJobsInCorrectOrder" />
    </UnitTest>
    <UnitTest name="DequeueNextJobForProcessing_StandardAndExpressJobsInterleaved_ReturnsJobsInCorrectOrder" storage="f:\etwork\bin\tests\sysintgtests.icore.common.entities.dll" id="10e99d01-6ed1-d114-6757-ae40408cfeff">
      <Execution id="f221738a-2589-4966-a2d2-da25f441412e" />
      <TestMethod codeBase="F:\ETWork\bin\Tests\SysIntgTests.iCore.Common.Entities.dll" adapterTypeName="Microsoft.VisualStudio.TestTools.TestTypes.Unit.UnitTestAdapter" className="SysIntgTests.iCore.Common.Entities.JobTests" name="DequeueNextJobForProcessing_StandardAndExpressJobsInterleaved_ReturnsJobsInCorrectOrder" />
    </UnitTest>
    <UnitTest name="DequeueNextJobForProcessing_SyncJobExistsInMissingApplicationPool_SyncJobIsReturned" storage="f:\etwork\bin\tests\sysintgtests.icore.common.entities.dll" id="eee34261-f733-235d-6054-e11f32a7ccfc">
      <Execution id="01261e43-3b3e-4bec-b603-50a27d0d76bf" />
      <TestMethod codeBase="F:\ETWork\bin\Tests\SysIntgTests.iCore.Common.Entities.dll" adapterTypeName="Microsoft.VisualStudio.TestTools.TestTypes.Unit.UnitTestAdapter" className="SysIntgTests.iCore.Common.Entities.JobTests" name="DequeueNextJobForProcessing_SyncJobExistsInMissingApplicationPool_SyncJobIsReturned" />
    </UnitTest>
    <UnitTest name="DequeueNextJobForProcessing_JobsOfManyTypesExist_CorrectJobsAreReturnedInCorrectOrder" storage="f:\etwork\bin\tests\sysintgtests.icore.common.entities.dll" id="91ab256f-6e58-c42d-88b5-c3941e662a63">
      <Execution id="b7e46ab6-1f98-4d46-a66c-da36d1dbfcdd" />
      <TestMethod codeBase="F:\ETWork\bin\Tests\SysIntgTests.iCore.Common.Entities.dll" adapterTypeName="Microsoft.VisualStudio.TestTools.TestTypes.Unit.UnitTestAdapter" className="SysIntgTests.iCore.Common.Entities.JobTests" name="DequeueNextJobForProcessing_JobsOfManyTypesExist_CorrectJobsAreReturnedInCorrectOrder" />
    </UnitTest>
    <UnitTest name="DequeueNextJobForProcessing_OnlyConsiderSyncJobs_JobsOfManyTypesExist_CorrectJobsAreReturnedInCorrectOrder" storage="f:\etwork\bin\tests\sysintgtests.icore.common.entities.dll" id="1fbc2b86-8571-604a-3208-43b7475fd027">
      <Execution id="52cd1454-6d90-4bb6-8072-febee3ce5010" />
      <TestMethod codeBase="F:\ETWork\bin\Tests\SysIntgTests.iCore.Common.Entities.dll" adapterTypeName="Microsoft.VisualStudio.TestTools.TestTypes.Unit.UnitTestAdapter" className="SysIntgTests.iCore.Common.Entities.JobTests" name="DequeueNextJobForProcessing_OnlyConsiderSyncJobs_JobsOfManyTypesExist_CorrectJobsAreReturnedInCorrectOrder" />
    </UnitTest>
    <UnitTest name="DequeueNextJobForProcessing_JobsWithPartlyMissingApplicationPools_CorrectJobsAreReturnedInCorrectOrder" storage="f:\etwork\bin\tests\sysintgtests.icore.common.entities.dll" id="e9f1ca47-eca6-d232-8899-17155368b395">
      <Execution id="0b4d51e7-9203-45a1-b3f4-a2340a780dec" />
      <TestMethod codeBase="F:\ETWork\bin\Tests\SysIntgTests.iCore.Common.Entities.dll" adapterTypeName="Microsoft.VisualStudio.TestTools.TestTypes.Unit.UnitTestAdapter" className="SysIntgTests.iCore.Common.Entities.JobTests" name="DequeueNextJobForProcessing_JobsWithPartlyMissingApplicationPools_CorrectJobsAreReturnedInCorrectOrder" />
    </UnitTest>
    <UnitTest name="DequeueNextJobForProcessing_JobsWithExcludedComponentConfigurations_CorrectJobsAreReturnedInCorrectOrder" storage="f:\etwork\bin\tests\sysintgtests.icore.common.entities.dll" id="697894b9-667f-4370-3e78-92323f66e5b6">
      <Execution id="8d5a3b92-4030-4135-8ec4-96c161b0d915" />
      <TestMethod codeBase="F:\ETWork\bin\Tests\SysIntgTests.iCore.Common.Entities.dll" adapterTypeName="Microsoft.VisualStudio.TestTools.TestTypes.Unit.UnitTestAdapter" className="SysIntgTests.iCore.Common.Entities.JobTests" name="DequeueNextJobForProcessing_JobsWithExcludedComponentConfigurations_CorrectJobsAreReturnedInCorrectOrder" />
    </UnitTest>
    <UnitTest name="DequeueNextJobForProcessing_JobsWithPartlyMissingApplicationPoolsIgnoringSecondary_CorrectJobsAreReturnedInCorrectOrder" storage="f:\etwork\bin\tests\sysintgtests.icore.common.entities.dll" id="7bb62708-d0e3-7ad8-3c46-4918f5677931">
      <Execution id="a037cb14-3688-497f-95fc-c294fd147081" />
      <TestMethod codeBase="F:\ETWork\bin\Tests\SysIntgTests.iCore.Common.Entities.dll" adapterTypeName="Microsoft.VisualStudio.TestTools.TestTypes.Unit.UnitTestAdapter" className="SysIntgTests.iCore.Common.Entities.JobTests" name="DequeueNextJobForProcessing_JobsWithPartlyMissingApplicationPoolsIgnoringSecondary_CorrectJobsAreReturnedInCorrectOrder" />
    </UnitTest>
    <UnitTest name="AddJobControlState_ValidArguments_DoesNotAffectActualStateOfJob" storage="f:\etwork\bin\tests\sysintgtests.icore.common.entities.dll" id="fa861d79-badc-dc23-39df-60daf8d1d3a6">
      <Execution id="28277202-5e3e-48cf-96d1-747f7cd78de7" />
      <TestMethod codeBase="F:\ETWork\bin\Tests\SysIntgTests.iCore.Common.Entities.dll" adapterTypeName="Microsoft.VisualStudio.TestTools.TestTypes.Unit.UnitTestAdapter" className="SysIntgTests.iCore.Common.Entities.JobTests" name="AddJobControlState_ValidArguments_DoesNotAffectActualStateOfJob" />
    </UnitTest>
    <UnitTest name="AddJobControlState_NonControlState_ThrowsArgumentException" storage="f:\etwork\bin\tests\sysintgtests.icore.common.entities.dll" id="6e9e9e0f-0456-2e1a-d3b2-fe3595007f6e">
      <Execution id="6f8f26a4-2c23-4829-81f1-beacf8fff5e6" />
      <TestMethod codeBase="F:\ETWork\bin\Tests\SysIntgTests.iCore.Common.Entities.dll" adapterTypeName="Microsoft.VisualStudio.TestTools.TestTypes.Unit.UnitTestAdapter" className="SysIntgTests.iCore.Common.Entities.JobTests" name="AddJobControlState_NonControlState_ThrowsArgumentException" />
    </UnitTest>
    <UnitTest name="AddJobControlState_SessionRestartCountResetOnRunningJob_SetsStartCountToOne" storage="f:\etwork\bin\tests\sysintgtests.icore.common.entities.dll" id="6d436ad2-78cc-39b3-a5fb-635b01ba35c5">
      <Execution id="7d705d44-69b7-4cb3-b174-c4fcd0c7753f" />
      <TestMethod codeBase="F:\ETWork\bin\Tests\SysIntgTests.iCore.Common.Entities.dll" adapterTypeName="Microsoft.VisualStudio.TestTools.TestTypes.Unit.UnitTestAdapter" className="SysIntgTests.iCore.Common.Entities.JobTests" name="AddJobControlState_SessionRestartCountResetOnRunningJob_SetsStartCountToOne" />
    </UnitTest>
    <UnitTest name="AddJobControlState_SessionRestartCountResetOnRunningJob_SetsStartCountToZero" storage="f:\etwork\bin\tests\sysintgtests.icore.common.entities.dll" id="93df025e-af8a-5dc5-466b-c9b24dfa4292">
      <Execution id="202499b2-b5cd-40b5-b46b-511625910b58" />
      <TestMethod codeBase="F:\ETWork\bin\Tests\SysIntgTests.iCore.Common.Entities.dll" adapterTypeName="Microsoft.VisualStudio.TestTools.TestTypes.Unit.UnitTestAdapter" className="SysIntgTests.iCore.Common.Entities.JobTests" name="AddJobControlState_SessionRestartCountResetOnRunningJob_SetsStartCountToZero" />
    </UnitTest>
    <UnitTest name="GetJobsRecursivelyByEventId_AnyJobType_ReturnsAllJobsInHierarchy" storage="f:\etwork\bin\tests\sysintgtests.icore.common.entities.dll" id="b215238b-6d92-3660-acef-2d20b6475bb4">
      <Execution id="adec490e-3820-4a02-8c96-a691bb94a0b2" />
      <TestMethod codeBase="F:\ETWork\bin\Tests\SysIntgTests.iCore.Common.Entities.dll" adapterTypeName="Microsoft.VisualStudio.TestTools.TestTypes.Unit.UnitTestAdapter" className="SysIntgTests.iCore.Common.Entities.JobTests" name="GetJobsRecursivelyByEventId_AnyJobType_ReturnsAllJobsInHierarchy" />
    </UnitTest>
    <UnitTest name="GetJobsRecursivelyByEventId_SessionJobsOnly_ReturnsAllSessionJobsInHierarchy" storage="f:\etwork\bin\tests\sysintgtests.icore.common.entities.dll" id="866e4700-722d-fd7a-18ee-e7cb2a8c9aa2">
      <Execution id="a8356d30-8f81-46da-bb36-9e3c0e3598e9" />
      <TestMethod codeBase="F:\ETWork\bin\Tests\SysIntgTests.iCore.Common.Entities.dll" adapterTypeName="Microsoft.VisualStudio.TestTools.TestTypes.Unit.UnitTestAdapter" className="SysIntgTests.iCore.Common.Entities.JobTests" name="GetJobsRecursivelyByEventId_SessionJobsOnly_ReturnsAllSessionJobsInHierarchy" />
    </UnitTest>
    <UnitTest name="TryResetStateOfFinishedJobToPending_JobIsRunning_ReturnsFalse" storage="f:\etwork\bin\tests\sysintgtests.icore.common.entities.dll" id="d530ba53-e0cd-05f5-24d4-5d1cf97e0582">
      <Execution id="0ed465a8-e8c8-4d81-bed7-a7e261b5c885" />
      <TestMethod codeBase="F:\ETWork\bin\Tests\SysIntgTests.iCore.Common.Entities.dll" adapterTypeName="Microsoft.VisualStudio.TestTools.TestTypes.Unit.UnitTestAdapter" className="SysIntgTests.iCore.Common.Entities.JobTests" name="TryResetStateOfFinishedJobToPending_JobIsRunning_ReturnsFalse" />
    </UnitTest>
    <UnitTest name="TryResetStateOfFinishedJobToPending_JobIsFailed_ReturnsTrueAndSetsJobStateToPending" storage="f:\etwork\bin\tests\sysintgtests.icore.common.entities.dll" id="99b35b4c-911a-7041-aab2-d56001148707">
      <Execution id="48e6d373-5384-4bed-a36c-97def52c7f04" />
      <TestMethod codeBase="F:\ETWork\bin\Tests\SysIntgTests.iCore.Common.Entities.dll" adapterTypeName="Microsoft.VisualStudio.TestTools.TestTypes.Unit.UnitTestAdapter" className="SysIntgTests.iCore.Common.Entities.JobTests" name="TryResetStateOfFinishedJobToPending_JobIsFailed_ReturnsTrueAndSetsJobStateToPending" />
    </UnitTest>
    <UnitTest name="TryResetStateOfFinishedJobToPending_JobIsSucceeded_ReturnsTrueAndSetsJobStateToPending" storage="f:\etwork\bin\tests\sysintgtests.icore.common.entities.dll" id="5d58926d-0258-3afd-4007-29c33c65b80e">
      <Execution id="273c4e03-803b-4759-b265-ff5ab5d563e8" />
      <TestMethod codeBase="F:\ETWork\bin\Tests\SysIntgTests.iCore.Common.Entities.dll" adapterTypeName="Microsoft.VisualStudio.TestTools.TestTypes.Unit.UnitTestAdapter" className="SysIntgTests.iCore.Common.Entities.JobTests" name="TryResetStateOfFinishedJobToPending_JobIsSucceeded_ReturnsTrueAndSetsJobStateToPending" />
    </UnitTest>
    <UnitTest name="IsJobControlState_ValidArguments_OutputEqualToCorrespondingDatabaseFunction" storage="f:\etwork\bin\tests\sysintgtests.icore.common.entities.dll" id="ab760fe8-df37-1975-0ff4-4adf9db5c13a">
      <Execution id="104be25e-fe9c-40c1-8091-3dd7ac7a94ab" />
      <TestMethod codeBase="F:\ETWork\bin\Tests\SysIntgTests.iCore.Common.Entities.dll" adapterTypeName="Microsoft.VisualStudio.TestTools.TestTypes.Unit.UnitTestAdapter" className="SysIntgTests.iCore.Common.Entities.JobTests" name="IsJobControlState_ValidArguments_OutputEqualToCorrespondingDatabaseFunction" />
    </UnitTest>
    <UnitTest name="IsJobControlState_ControlState_ReturnsTrue" storage="f:\etwork\bin\tests\sysintgtests.icore.common.entities.dll" id="b09716f3-06ca-5285-53c3-8bcfeb7e9270">
      <Execution id="cf2e3d38-5dea-4fc7-9d8b-c805d6c67849" />
      <TestMethod codeBase="F:\ETWork\bin\Tests\SysIntgTests.iCore.Common.Entities.dll" adapterTypeName="Microsoft.VisualStudio.TestTools.TestTypes.Unit.UnitTestAdapter" className="SysIntgTests.iCore.Common.Entities.JobTests" name="IsJobControlState_ControlState_ReturnsTrue" />
    </UnitTest>
    <UnitTest name="IsJobControlState_NonControlState_ReturnsFalse" storage="f:\etwork\bin\tests\sysintgtests.icore.common.entities.dll" id="382fb73c-8ff2-1e64-5506-a39528fcbc82">
      <Execution id="6a4bd6b9-bd65-478e-84a7-eca4e36728dc" />
      <TestMethod codeBase="F:\ETWork\bin\Tests\SysIntgTests.iCore.Common.Entities.dll" adapterTypeName="Microsoft.VisualStudio.TestTools.TestTypes.Unit.UnitTestAdapter" className="SysIntgTests.iCore.Common.Entities.JobTests" name="IsJobControlState_NonControlState_ReturnsFalse" />
    </UnitTest>
    <UnitTest name="IsFinalJobState_ValidArguments_OutputEqualToCorrespondingDatabaseFunction" storage="f:\etwork\bin\tests\sysintgtests.icore.common.entities.dll" id="151893e8-26fc-5670-7a04-c492865e61d1">
      <Execution id="3166288d-6b4d-4926-8ffe-20787a6fed10" />
      <TestMethod codeBase="F:\ETWork\bin\Tests\SysIntgTests.iCore.Common.Entities.dll" adapterTypeName="Microsoft.VisualStudio.TestTools.TestTypes.Unit.UnitTestAdapter" className="SysIntgTests.iCore.Common.Entities.JobTests" name="IsFinalJobState_ValidArguments_OutputEqualToCorrespondingDatabaseFunction" />
    </UnitTest>
    <UnitTest name="IsFinalJobState_FinalState_ReturnsTrue" storage="f:\etwork\bin\tests\sysintgtests.icore.common.entities.dll" id="848864e4-2469-eabf-f19b-17a623a86702">
      <Execution id="4cae1496-1fb8-49f5-982c-1c89fecac525" />
      <TestMethod codeBase="F:\ETWork\bin\Tests\SysIntgTests.iCore.Common.Entities.dll" adapterTypeName="Microsoft.VisualStudio.TestTools.TestTypes.Unit.UnitTestAdapter" className="SysIntgTests.iCore.Common.Entities.JobTests" name="IsFinalJobState_FinalState_ReturnsTrue" />
    </UnitTest>
    <UnitTest name="IsFinalJobState_NonFinalState_ReturnsFalse" storage="f:\etwork\bin\tests\sysintgtests.icore.common.entities.dll" id="a2734dfc-92af-c596-3cfe-b4dc35085cff">
      <Execution id="32099a58-df6a-481a-8707-be7dddb90c3f" />
      <TestMethod codeBase="F:\ETWork\bin\Tests\SysIntgTests.iCore.Common.Entities.dll" adapterTypeName="Microsoft.VisualStudio.TestTools.TestTypes.Unit.UnitTestAdapter" className="SysIntgTests.iCore.Common.Entities.JobTests" name="IsFinalJobState_NonFinalState_ReturnsFalse" />
    </UnitTest>
    <UnitTest name="GetLastStartTime_InvalidJobId_ReturnsNull" storage="f:\etwork\bin\tests\sysintgtests.icore.common.entities.dll" id="faa6493b-45b2-4a77-4c26-39a569cf216b">
      <Execution id="5b4a71a0-e6dd-41ee-9c93-a7afcb498410" />
      <TestMethod codeBase="F:\ETWork\bin\Tests\SysIntgTests.iCore.Common.Entities.dll" adapterTypeName="Microsoft.VisualStudio.TestTools.TestTypes.Unit.UnitTestAdapter" className="SysIntgTests.iCore.Common.Entities.JobTests" name="GetLastStartTime_InvalidJobId_ReturnsNull" />
    </UnitTest>
    <UnitTest name="GetLastStartTime_NewPendingJob_ReturnsNull" storage="f:\etwork\bin\tests\sysintgtests.icore.common.entities.dll" id="2c947fa9-f56d-14cb-ca9d-1296e12fdb1a">
      <Execution id="83f1f10c-a13c-402f-9629-c1fa0868b13d" />
      <TestMethod codeBase="F:\ETWork\bin\Tests\SysIntgTests.iCore.Common.Entities.dll" adapterTypeName="Microsoft.VisualStudio.TestTools.TestTypes.Unit.UnitTestAdapter" className="SysIntgTests.iCore.Common.Entities.JobTests" name="GetLastStartTime_NewPendingJob_ReturnsNull" />
    </UnitTest>
    <UnitTest name="GetLastStartTime_NewRunningJob_ReturnsCorrectTime" storage="f:\etwork\bin\tests\sysintgtests.icore.common.entities.dll" id="ed1958f4-7683-bc29-ab91-caa1d10edca5">
      <Execution id="a4230d0d-60ec-4e7e-8b4a-4bdd5ff89ce1" />
      <TestMethod codeBase="F:\ETWork\bin\Tests\SysIntgTests.iCore.Common.Entities.dll" adapterTypeName="Microsoft.VisualStudio.TestTools.TestTypes.Unit.UnitTestAdapter" className="SysIntgTests.iCore.Common.Entities.JobTests" name="GetLastStartTime_NewRunningJob_ReturnsCorrectTime" />
    </UnitTest>
    <UnitTest name="GetLastStartTime_RestartedJob_ReturnsCorrectTime" storage="f:\etwork\bin\tests\sysintgtests.icore.common.entities.dll" id="d652b993-0356-2d7c-97c6-229d300c1f73">
      <Execution id="450d8806-5be8-4f20-99ee-e488f42170c4" />
      <TestMethod codeBase="F:\ETWork\bin\Tests\SysIntgTests.iCore.Common.Entities.dll" adapterTypeName="Microsoft.VisualStudio.TestTools.TestTypes.Unit.UnitTestAdapter" className="SysIntgTests.iCore.Common.Entities.JobTests" name="GetLastStartTime_RestartedJob_ReturnsCorrectTime" />
    </UnitTest>
    <UnitTest name="ExistsUnprocessedJobsTargetingApplicationPools_ExistingPools_ReturnsTrue" storage="f:\etwork\bin\tests\sysintgtests.icore.common.entities.dll" id="f873c733-930a-1c24-7f2e-8080c369ca1a">
      <Execution id="674253bf-78ba-4913-9862-3653eda2070d" />
      <TestMethod codeBase="F:\ETWork\bin\Tests\SysIntgTests.iCore.Common.Entities.dll" adapterTypeName="Microsoft.VisualStudio.TestTools.TestTypes.Unit.UnitTestAdapter" className="SysIntgTests.iCore.Common.Entities.JobTests" name="ExistsUnprocessedJobsTargetingApplicationPools_ExistingPools_ReturnsTrue" />
    </UnitTest>
    <UnitTest name="ExistsUnprocessedJobsTargetingApplicationPools_NonExistingPools_ReturnsFalse" storage="f:\etwork\bin\tests\sysintgtests.icore.common.entities.dll" id="4f3d384c-e9e1-7bdb-b8ce-9047d94cc5ee">
      <Execution id="5ab39959-45b7-4d9f-911d-053f1c23c52e" />
      <TestMethod codeBase="F:\ETWork\bin\Tests\SysIntgTests.iCore.Common.Entities.dll" adapterTypeName="Microsoft.VisualStudio.TestTools.TestTypes.Unit.UnitTestAdapter" className="SysIntgTests.iCore.Common.Entities.JobTests" name="ExistsUnprocessedJobsTargetingApplicationPools_NonExistingPools_ReturnsFalse" />
    </UnitTest>
    <UnitTest name="GetJobInArguments_NonExistingJob_ReturnsEmtpyList" storage="f:\etwork\bin\tests\sysintgtests.icore.common.entities.dll" id="d27fd30e-5df6-65d7-da7b-0cbd4d8dfb3d">
      <Execution id="b8e0c175-1a58-47b3-b8df-0ee157401a58" />
      <TestMethod codeBase="F:\ETWork\bin\Tests\SysIntgTests.iCore.Common.Entities.dll" adapterTypeName="Microsoft.VisualStudio.TestTools.TestTypes.Unit.UnitTestAdapter" className="SysIntgTests.iCore.Common.Entities.JobTests" name="GetJobInArguments_NonExistingJob_ReturnsEmtpyList" />
    </UnitTest>
    <UnitTest name="GetJobInArguments_ExistingJob_ReturnsProperList" storage="f:\etwork\bin\tests\sysintgtests.icore.common.entities.dll" id="f9a2f9c3-d986-44b1-2bd6-77a366ff5802">
      <Execution id="a5300407-de17-4436-b21d-b3cac5bc4ac3" />
      <TestMethod codeBase="F:\ETWork\bin\Tests\SysIntgTests.iCore.Common.Entities.dll" adapterTypeName="Microsoft.VisualStudio.TestTools.TestTypes.Unit.UnitTestAdapter" className="SysIntgTests.iCore.Common.Entities.JobTests" name="GetJobInArguments_ExistingJob_ReturnsProperList" />
    </UnitTest>
    <UnitTest name="GetJobOutArguments_NonExistingJob_ReturnsEmtpyList" storage="f:\etwork\bin\tests\sysintgtests.icore.common.entities.dll" id="1e39b078-75e0-0881-d994-0b2820b37d62">
      <Execution id="e2a2e217-ff83-4cb7-b96c-f2f77631af11" />
      <TestMethod codeBase="F:\ETWork\bin\Tests\SysIntgTests.iCore.Common.Entities.dll" adapterTypeName="Microsoft.VisualStudio.TestTools.TestTypes.Unit.UnitTestAdapter" className="SysIntgTests.iCore.Common.Entities.JobTests" name="GetJobOutArguments_NonExistingJob_ReturnsEmtpyList" />
    </UnitTest>
    <UnitTest name="GetJobOutArguments_ExistingJob_ReturnsProperList" storage="f:\etwork\bin\tests\sysintgtests.icore.common.entities.dll" id="f4c92c89-f00b-bc02-c65f-353f475bc289">
      <Execution id="582a38d5-4a79-4b06-afa7-2f96b0d9a1ad" />
      <TestMethod codeBase="F:\ETWork\bin\Tests\SysIntgTests.iCore.Common.Entities.dll" adapterTypeName="Microsoft.VisualStudio.TestTools.TestTypes.Unit.UnitTestAdapter" className="SysIntgTests.iCore.Common.Entities.JobTests" name="GetJobOutArguments_ExistingJob_ReturnsProperList" />
    </UnitTest>
    <UnitTest name="AddJobInArgument_NonExistingJobAndValidArgumentId_ThrowsSqlException" storage="f:\etwork\bin\tests\sysintgtests.icore.common.entities.dll" id="8f313ec3-dfd2-ae5d-3692-f5c291ea9739">
      <Execution id="2191fae3-ce92-4767-a213-02e5e8ad46f3" />
      <TestMethod codeBase="F:\ETWork\bin\Tests\SysIntgTests.iCore.Common.Entities.dll" adapterTypeName="Microsoft.VisualStudio.TestTools.TestTypes.Unit.UnitTestAdapter" className="SysIntgTests.iCore.Common.Entities.JobTests" name="AddJobInArgument_NonExistingJobAndValidArgumentId_ThrowsSqlException" />
    </UnitTest>
    <UnitTest name="AddJobInArgument_InvalidArgumentId_ThrowsSqlException" storage="f:\etwork\bin\tests\sysintgtests.icore.common.entities.dll" id="bf5b497b-9683-6d9a-fe58-7728c1304eae">
      <Execution id="0ba25587-4f49-4fab-833d-183644b3db9d" />
      <TestMethod codeBase="F:\ETWork\bin\Tests\SysIntgTests.iCore.Common.Entities.dll" adapterTypeName="Microsoft.VisualStudio.TestTools.TestTypes.Unit.UnitTestAdapter" className="SysIntgTests.iCore.Common.Entities.JobTests" name="AddJobInArgument_InvalidArgumentId_ThrowsSqlException" />
    </UnitTest>
    <UnitTest name="AddJobInArgument_ValidNewStringArgument_PersistsCorrectly" storage="f:\etwork\bin\tests\sysintgtests.icore.common.entities.dll" id="ca0c8b99-35b6-086d-a40d-0fa9047437cf">
      <Execution id="f900cd00-eb27-48ea-90a8-a090418519dd" />
      <TestMethod codeBase="F:\ETWork\bin\Tests\SysIntgTests.iCore.Common.Entities.dll" adapterTypeName="Microsoft.VisualStudio.TestTools.TestTypes.Unit.UnitTestAdapter" className="SysIntgTests.iCore.Common.Entities.JobTests" name="AddJobInArgument_ValidNewStringArgument_PersistsCorrectly" />
    </UnitTest>
    <UnitTest name="AddJobInArgument_ValidNewHugeStringArgument_PersistsCorrectly" storage="f:\etwork\bin\tests\sysintgtests.icore.common.entities.dll" id="6c9b2c7c-7476-812e-7658-ff16f2eb8b6b">
      <Execution id="dde8f8e8-be94-4a97-aeee-bad1c663e55a" />
      <TestMethod codeBase="F:\ETWork\bin\Tests\SysIntgTests.iCore.Common.Entities.dll" adapterTypeName="Microsoft.VisualStudio.TestTools.TestTypes.Unit.UnitTestAdapter" className="SysIntgTests.iCore.Common.Entities.JobTests" name="AddJobInArgument_ValidNewHugeStringArgument_PersistsCorrectly" />
    </UnitTest>
    <UnitTest name="AddJobInArgument_ValidNewInt32Argument_PersistsCorrectly" storage="f:\etwork\bin\tests\sysintgtests.icore.common.entities.dll" id="cc7349f3-d9cd-bfbc-842f-4e1a61fb3fbf">
      <Execution id="4a9a5fa4-690e-4ccc-a455-6a0c33821879" />
      <TestMethod codeBase="F:\ETWork\bin\Tests\SysIntgTests.iCore.Common.Entities.dll" adapterTypeName="Microsoft.VisualStudio.TestTools.TestTypes.Unit.UnitTestAdapter" className="SysIntgTests.iCore.Common.Entities.JobTests" name="AddJobInArgument_ValidNewInt32Argument_PersistsCorrectly" />
    </UnitTest>
    <UnitTest name="AddJobInArgument_ValidNewDateTimeArgument_PersistsCorrectly" storage="f:\etwork\bin\tests\sysintgtests.icore.common.entities.dll" id="38f7f0d6-cec5-8b7c-d688-d4e64bcf4bdf">
      <Execution id="a94e5ac6-b779-4239-91a8-a9d7a5f1cac4" />
      <TestMethod codeBase="F:\ETWork\bin\Tests\SysIntgTests.iCore.Common.Entities.dll" adapterTypeName="Microsoft.VisualStudio.TestTools.TestTypes.Unit.UnitTestAdapter" className="SysIntgTests.iCore.Common.Entities.JobTests" name="AddJobInArgument_ValidNewDateTimeArgument_PersistsCorrectly" />
    </UnitTest>
    <UnitTest name="AddJobInArgument_ValidNewVersionArgument_PersistsCorrectly" storage="f:\etwork\bin\tests\sysintgtests.icore.common.entities.dll" id="304bfecb-4af4-3be5-edfb-d18a578fca48">
      <Execution id="1a667f24-5be0-4ba8-b4a4-289160f34c90" />
      <TestMethod codeBase="F:\ETWork\bin\Tests\SysIntgTests.iCore.Common.Entities.dll" adapterTypeName="Microsoft.VisualStudio.TestTools.TestTypes.Unit.UnitTestAdapter" className="SysIntgTests.iCore.Common.Entities.JobTests" name="AddJobInArgument_ValidNewVersionArgument_PersistsCorrectly" />
    </UnitTest>
    <UnitTest name="AddJobInArgument_ValidNewDoubleArgument_PersistsCorrectly" storage="f:\etwork\bin\tests\sysintgtests.icore.common.entities.dll" id="85eec630-25eb-143b-b971-623531e4c1d7">
      <Execution id="c6f39c79-e0b4-4565-8cad-f7220b953f6c" />
      <TestMethod codeBase="F:\ETWork\bin\Tests\SysIntgTests.iCore.Common.Entities.dll" adapterTypeName="Microsoft.VisualStudio.TestTools.TestTypes.Unit.UnitTestAdapter" className="SysIntgTests.iCore.Common.Entities.JobTests" name="AddJobInArgument_ValidNewDoubleArgument_PersistsCorrectly" />
    </UnitTest>
    <UnitTest name="AddJobInArgument_DuplicateArgumentName_ThrowsSqlException" storage="f:\etwork\bin\tests\sysintgtests.icore.common.entities.dll" id="9dc82e84-4af8-d04c-a8ab-c7d6b90937d3">
      <Execution id="d634f590-3b79-4d35-905f-d7667344ea70" />
      <TestMethod codeBase="F:\ETWork\bin\Tests\SysIntgTests.iCore.Common.Entities.dll" adapterTypeName="Microsoft.VisualStudio.TestTools.TestTypes.Unit.UnitTestAdapter" className="SysIntgTests.iCore.Common.Entities.JobTests" name="AddJobInArgument_DuplicateArgumentName_ThrowsSqlException" />
    </UnitTest>
    <UnitTest name="AddJobInArgument_DuplicateArgumentId_ThrowsSqlException" storage="f:\etwork\bin\tests\sysintgtests.icore.common.entities.dll" id="ff09b10c-e867-7c9b-7880-553bcce60e1b">
      <Execution id="57928ee3-9218-4200-814f-4b61053d388d" />
      <TestMethod codeBase="F:\ETWork\bin\Tests\SysIntgTests.iCore.Common.Entities.dll" adapterTypeName="Microsoft.VisualStudio.TestTools.TestTypes.Unit.UnitTestAdapter" className="SysIntgTests.iCore.Common.Entities.JobTests" name="AddJobInArgument_DuplicateArgumentId_ThrowsSqlException" />
    </UnitTest>
    <UnitTest name="SetJobOutputArgument_NonExistingJobAndValidArgumentNames_ThrowsSqlException" storage="f:\etwork\bin\tests\sysintgtests.icore.common.entities.dll" id="949f9dee-9347-eff9-50ab-811003704d35">
      <Execution id="72e8c64c-b4bb-4e2c-b52d-5315cec4c3d5" />
      <TestMethod codeBase="F:\ETWork\bin\Tests\SysIntgTests.iCore.Common.Entities.dll" adapterTypeName="Microsoft.VisualStudio.TestTools.TestTypes.Unit.UnitTestAdapter" className="SysIntgTests.iCore.Common.Entities.JobTests" name="SetJobOutputArgument_NonExistingJobAndValidArgumentNames_ThrowsSqlException" />
    </UnitTest>
    <UnitTest name="SetJobOutputArguments_NullArgumentName_ThrowsArgumentNullException" storage="f:\etwork\bin\tests\sysintgtests.icore.common.entities.dll" id="82ec902c-744f-45f5-68fe-2639e05ce0a4">
      <Execution id="f1be4bb9-e99d-4172-b15c-8fa5052af5cb" />
      <TestMethod codeBase="F:\ETWork\bin\Tests\SysIntgTests.iCore.Common.Entities.dll" adapterTypeName="Microsoft.VisualStudio.TestTools.TestTypes.Unit.UnitTestAdapter" className="SysIntgTests.iCore.Common.Entities.JobTests" name="SetJobOutputArguments_NullArgumentName_ThrowsArgumentNullException" />
    </UnitTest>
    <UnitTest name="SetJobOutputArguments_EmptyArgumentName_ThrowsArgumentNullException" storage="f:\etwork\bin\tests\sysintgtests.icore.common.entities.dll" id="17a7262c-b93a-46de-ae91-ae8c5425a790">
      <Execution id="7ee57e8c-48c6-49b4-b56b-0ca00c7d3b4d" />
      <TestMethod codeBase="F:\ETWork\bin\Tests\SysIntgTests.iCore.Common.Entities.dll" adapterTypeName="Microsoft.VisualStudio.TestTools.TestTypes.Unit.UnitTestAdapter" className="SysIntgTests.iCore.Common.Entities.JobTests" name="SetJobOutputArguments_EmptyArgumentName_ThrowsArgumentNullException" />
    </UnitTest>
    <UnitTest name="SetJobOutputArguments_ValidNewStringArgument_PersistsCorrectly" storage="f:\etwork\bin\tests\sysintgtests.icore.common.entities.dll" id="df1dbbb9-b221-4418-ea8e-2568710a5c7f">
      <Execution id="bf4a0fcf-6411-489b-ae1a-5b21772a53ee" />
      <TestMethod codeBase="F:\ETWork\bin\Tests\SysIntgTests.iCore.Common.Entities.dll" adapterTypeName="Microsoft.VisualStudio.TestTools.TestTypes.Unit.UnitTestAdapter" className="SysIntgTests.iCore.Common.Entities.JobTests" name="SetJobOutputArguments_ValidNewStringArgument_PersistsCorrectly" />
    </UnitTest>
    <UnitTest name="SetJobOutputArguments_ValidNewHugeStringArgument_PersistsCorrectly" storage="f:\etwork\bin\tests\sysintgtests.icore.common.entities.dll" id="084ae0f5-8c83-21d8-b37e-8ce8088086b2">
      <Execution id="5d8a546c-a42b-4469-adc4-83324d8b2edc" />
      <TestMethod codeBase="F:\ETWork\bin\Tests\SysIntgTests.iCore.Common.Entities.dll" adapterTypeName="Microsoft.VisualStudio.TestTools.TestTypes.Unit.UnitTestAdapter" className="SysIntgTests.iCore.Common.Entities.JobTests" name="SetJobOutputArguments_ValidNewHugeStringArgument_PersistsCorrectly" />
    </UnitTest>
    <UnitTest name="SetJobOutputArguments_ValidNewInt32StringArgument_PersistsCorrectly" storage="f:\etwork\bin\tests\sysintgtests.icore.common.entities.dll" id="fb7ed7cf-a546-db7d-398c-cc202e4cacd3">
      <Execution id="b4be464c-881d-425e-9e9b-97778e40cae4" />
      <TestMethod codeBase="F:\ETWork\bin\Tests\SysIntgTests.iCore.Common.Entities.dll" adapterTypeName="Microsoft.VisualStudio.TestTools.TestTypes.Unit.UnitTestAdapter" className="SysIntgTests.iCore.Common.Entities.JobTests" name="SetJobOutputArguments_ValidNewInt32StringArgument_PersistsCorrectly" />
    </UnitTest>
    <UnitTest name="SetJobOutputArguments_ValidNewDateTimeStringArgument_PersistsCorrectly" storage="f:\etwork\bin\tests\sysintgtests.icore.common.entities.dll" id="91e6ef0c-e0f9-7b2d-8798-b63990f3d465">
      <Execution id="4a065b43-1dea-489d-9e79-50af0865faaa" />
      <TestMethod codeBase="F:\ETWork\bin\Tests\SysIntgTests.iCore.Common.Entities.dll" adapterTypeName="Microsoft.VisualStudio.TestTools.TestTypes.Unit.UnitTestAdapter" className="SysIntgTests.iCore.Common.Entities.JobTests" name="SetJobOutputArguments_ValidNewDateTimeStringArgument_PersistsCorrectly" />
    </UnitTest>
    <UnitTest name="SetJobOutputArguments_ValidNewVersionStringArgument_PersistsCorrectly" storage="f:\etwork\bin\tests\sysintgtests.icore.common.entities.dll" id="1bf328a6-997a-7d7b-85d0-7d5b09e496d9">
      <Execution id="db0ce8ae-288a-4a94-a270-5fefe8727440" />
      <TestMethod codeBase="F:\ETWork\bin\Tests\SysIntgTests.iCore.Common.Entities.dll" adapterTypeName="Microsoft.VisualStudio.TestTools.TestTypes.Unit.UnitTestAdapter" className="SysIntgTests.iCore.Common.Entities.JobTests" name="SetJobOutputArguments_ValidNewVersionStringArgument_PersistsCorrectly" />
    </UnitTest>
    <UnitTest name="SetJobOutputArguments_ValidNewNullArgument_PersistsCorrectly" storage="f:\etwork\bin\tests\sysintgtests.icore.common.entities.dll" id="482595cd-80f7-a86c-193c-f0cd1750af8a">
      <Execution id="0ebe886f-5191-449b-a22f-60c316ba16e7" />
      <TestMethod codeBase="F:\ETWork\bin\Tests\SysIntgTests.iCore.Common.Entities.dll" adapterTypeName="Microsoft.VisualStudio.TestTools.TestTypes.Unit.UnitTestAdapter" className="SysIntgTests.iCore.Common.Entities.JobTests" name="SetJobOutputArguments_ValidNewNullArgument_PersistsCorrectly" />
    </UnitTest>
    <UnitTest name="SetJobOutputArguments_ValidNewDoubleArgument_PersistsCorrectly" storage="f:\etwork\bin\tests\sysintgtests.icore.common.entities.dll" id="9df77f40-a476-2e68-b7eb-9e9709800bcb">
      <Execution id="32bb86dd-37b3-4675-819a-4c5db470f8d7" />
      <TestMethod codeBase="F:\ETWork\bin\Tests\SysIntgTests.iCore.Common.Entities.dll" adapterTypeName="Microsoft.VisualStudio.TestTools.TestTypes.Unit.UnitTestAdapter" className="SysIntgTests.iCore.Common.Entities.JobTests" name="SetJobOutputArguments_ValidNewDoubleArgument_PersistsCorrectly" />
    </UnitTest>
    <UnitTest name="SetJobOutputArguments_JobAlreadyHasArguments_ReplacesArgumentsCompletely" storage="f:\etwork\bin\tests\sysintgtests.icore.common.entities.dll" id="25dfaa20-685d-9dfd-c9d7-1e6155afab53">
      <Execution id="438d8484-5e03-4e79-8626-dc28351a373a" />
      <TestMethod codeBase="F:\ETWork\bin\Tests\SysIntgTests.iCore.Common.Entities.dll" adapterTypeName="Microsoft.VisualStudio.TestTools.TestTypes.Unit.UnitTestAdapter" className="SysIntgTests.iCore.Common.Entities.JobTests" name="SetJobOutputArguments_JobAlreadyHasArguments_ReplacesArgumentsCompletely" />
    </UnitTest>
    <UnitTest name="SetJobOutputArgument_DuplicateArgumentName_ThrowsSqlException" storage="f:\etwork\bin\tests\sysintgtests.icore.common.entities.dll" id="91af2710-1b78-1ad1-7202-373d2c3c8692">
      <Execution id="2c761c04-63fd-49cc-8338-5a27aa549c67" />
      <TestMethod codeBase="F:\ETWork\bin\Tests\SysIntgTests.iCore.Common.Entities.dll" adapterTypeName="Microsoft.VisualStudio.TestTools.TestTypes.Unit.UnitTestAdapter" className="SysIntgTests.iCore.Common.Entities.JobTests" name="SetJobOutputArgument_DuplicateArgumentName_ThrowsSqlException" />
    </UnitTest>
    <UnitTest name="TryGetEventTypeId_NonExistingJob_ReturnsNull" storage="f:\etwork\bin\tests\sysintgtests.icore.common.entities.dll" id="a8744862-8235-fc77-d6dd-f22edf5ced22">
      <Execution id="19c21bd9-5daa-4eb1-825b-0fdf41d24a54" />
      <TestMethod codeBase="F:\ETWork\bin\Tests\SysIntgTests.iCore.Common.Entities.dll" adapterTypeName="Microsoft.VisualStudio.TestTools.TestTypes.Unit.UnitTestAdapter" className="SysIntgTests.iCore.Common.Entities.JobTests" name="TryGetEventTypeId_NonExistingJob_ReturnsNull" />
    </UnitTest>
    <UnitTest name="TryGetEventTypeId_ExistingJob_ReturnsCorrectEventTypeId" storage="f:\etwork\bin\tests\sysintgtests.icore.common.entities.dll" id="02df0eff-645b-991d-944c-0ddd2d51eb01">
      <Execution id="bc94f0b4-b510-4b73-a703-73beb27c5419" />
      <TestMethod codeBase="F:\ETWork\bin\Tests\SysIntgTests.iCore.Common.Entities.dll" adapterTypeName="Microsoft.VisualStudio.TestTools.TestTypes.Unit.UnitTestAdapter" className="SysIntgTests.iCore.Common.Entities.JobTests" name="TryGetEventTypeId_ExistingJob_ReturnsCorrectEventTypeId" />
    </UnitTest>
    <UnitTest name="GetNonTerminatedServerPartJobsFromNewestSession_NoSuchJobsExist_ReturnsEmptySet" storage="f:\etwork\bin\tests\sysintgtests.icore.common.entities.dll" id="e034a2ff-97fa-d6ea-1f7b-3dc48794801e">
      <Execution id="e9219bcb-79a8-4fd1-8d97-839e5efc553a" />
      <TestMethod codeBase="F:\ETWork\bin\Tests\SysIntgTests.iCore.Common.Entities.dll" adapterTypeName="Microsoft.VisualStudio.TestTools.TestTypes.Unit.UnitTestAdapter" className="SysIntgTests.iCore.Common.Entities.JobTests" name="GetNonTerminatedServerPartJobsFromNewestSession_NoSuchJobsExist_ReturnsEmptySet" />
    </UnitTest>
    <UnitTest name="GetNonTerminatedServerPartJobsFromNewestSession_ServeralSuchJobsExists_ReturnsCorrectJobs" storage="f:\etwork\bin\tests\sysintgtests.icore.common.entities.dll" id="e1721135-0df6-4261-64a8-8d6ee06a5b15">
      <Execution id="6c4bb061-a516-4368-8a4d-8d8723a1b4c2" />
      <TestMethod codeBase="F:\ETWork\bin\Tests\SysIntgTests.iCore.Common.Entities.dll" adapterTypeName="Microsoft.VisualStudio.TestTools.TestTypes.Unit.UnitTestAdapter" className="SysIntgTests.iCore.Common.Entities.JobTests" name="GetNonTerminatedServerPartJobsFromNewestSession_ServeralSuchJobsExists_ReturnsCorrectJobs" />
    </UnitTest>
    <UnitTest name="GetQueuedAndRunningJobIds_NonExistingComponentConfiguration_ReturnsEmptySet" storage="f:\etwork\bin\tests\sysintgtests.icore.common.entities.dll" id="3b0e8421-4e2f-f485-5d44-87115871bd53">
      <TestCategory>
        <TestCategoryItem TestCategory="Entities" />
        <TestCategoryItem TestCategory="SystemIntegration" />
      </TestCategory>
      <Execution id="c45e3698-efdb-40c5-a5d1-fcbe3edf8322" />
      <TestMethod codeBase="F:\ETWork\bin\Tests\SysIntgTests.iCore.Common.Entities.dll" adapterTypeName="Microsoft.VisualStudio.TestTools.TestTypes.Unit.UnitTestAdapter" className="SysIntgTests.iCore.Common.Entities.JobTests" name="GetQueuedAndRunningJobIds_NonExistingComponentConfiguration_ReturnsEmptySet" />
    </UnitTest>
    <UnitTest name="GetQueuedAndRunningJobIds_NoRunningJobsForSpecifiedComponentConfigurationExists_ReturnsEmptySet" storage="f:\etwork\bin\tests\sysintgtests.icore.common.entities.dll" id="72fbed9a-3a8b-6d1a-6101-62b07225e841">
      <TestCategory>
        <TestCategoryItem TestCategory="Entities" />
        <TestCategoryItem TestCategory="SystemIntegration" />
      </TestCategory>
      <Execution id="3dcc7274-c993-4da5-9c09-50d3a0a5fcf0" />
      <TestMethod codeBase="F:\ETWork\bin\Tests\SysIntgTests.iCore.Common.Entities.dll" adapterTypeName="Microsoft.VisualStudio.TestTools.TestTypes.Unit.UnitTestAdapter" className="SysIntgTests.iCore.Common.Entities.JobTests" name="GetQueuedAndRunningJobIds_NoRunningJobsForSpecifiedComponentConfigurationExists_ReturnsEmptySet" />
    </UnitTest>
    <UnitTest name="GetQueuedAndRunningJobIds_RunningJobsForSpecifiedComponentConfigurationExists_ReturnsCorrectSet" storage="f:\etwork\bin\tests\sysintgtests.icore.common.entities.dll" id="8bd9b0da-fc9b-3d26-3d1e-bd43c94a5bb9">
      <TestCategory>
        <TestCategoryItem TestCategory="Entities" />
        <TestCategoryItem TestCategory="SystemIntegration" />
      </TestCategory>
      <Execution id="4217f31f-226a-4cbb-9234-b9b6832a35fc" />
      <TestMethod codeBase="F:\ETWork\bin\Tests\SysIntgTests.iCore.Common.Entities.dll" adapterTypeName="Microsoft.VisualStudio.TestTools.TestTypes.Unit.UnitTestAdapter" className="SysIntgTests.iCore.Common.Entities.JobTests" name="GetQueuedAndRunningJobIds_RunningJobsForSpecifiedComponentConfigurationExists_ReturnsCorrectSet" />
    </UnitTest>
    <UnitTest name="GetChildJobIdsOf_NonExistingJob_ReturnsEmptyList" storage="f:\etwork\bin\tests\sysintgtests.icore.common.entities.dll" id="23084a94-311d-0b86-1c21-4c61252001dc">
      <TestCategory>
        <TestCategoryItem TestCategory="Entities" />
        <TestCategoryItem TestCategory="SystemIntegration" />
      </TestCategory>
      <Execution id="ef75ff40-323c-4d77-af61-993f925143d5" />
      <TestMethod codeBase="F:\ETWork\bin\Tests\SysIntgTests.iCore.Common.Entities.dll" adapterTypeName="Microsoft.VisualStudio.TestTools.TestTypes.Unit.UnitTestAdapter" className="SysIntgTests.iCore.Common.Entities.JobTests" name="GetChildJobIdsOf_NonExistingJob_ReturnsEmptyList" />
    </UnitTest>
    <UnitTest name="GetChildJobIdsOf_ExistingJob_ReturnsCorrectList" storage="f:\etwork\bin\tests\sysintgtests.icore.common.entities.dll" id="49c319f9-ff43-f0dd-0b72-6f676f274558">
      <TestCategory>
        <TestCategoryItem TestCategory="Entities" />
        <TestCategoryItem TestCategory="SystemIntegration" />
      </TestCategory>
      <Execution id="4e3f7498-e4ca-4971-aa3b-d5bc779504e0" />
      <TestMethod codeBase="F:\ETWork\bin\Tests\SysIntgTests.iCore.Common.Entities.dll" adapterTypeName="Microsoft.VisualStudio.TestTools.TestTypes.Unit.UnitTestAdapter" className="SysIntgTests.iCore.Common.Entities.JobTests" name="GetChildJobIdsOf_ExistingJob_ReturnsCorrectList" />
    </UnitTest>
    <UnitTest name="GetIdsOfQueuedJobsByWhmJobId_NonExistingWhmId_ReturnsEmptyList" storage="f:\etwork\bin\tests\sysintgtests.icore.common.entities.dll" id="112f2954-42ab-3b9a-cdbc-0f14521f4fcd">
      <TestCategory>
        <TestCategoryItem TestCategory="Entities" />
        <TestCategoryItem TestCategory="SystemIntegration" />
      </TestCategory>
      <Execution id="d1faee21-ac64-4960-ad62-0e2d66eeec33" />
      <TestMethod codeBase="F:\ETWork\bin\Tests\SysIntgTests.iCore.Common.Entities.dll" adapterTypeName="Microsoft.VisualStudio.TestTools.TestTypes.Unit.UnitTestAdapter" className="SysIntgTests.iCore.Common.Entities.JobTests" name="GetIdsOfQueuedJobsByWhmJobId_NonExistingWhmId_ReturnsEmptyList" />
    </UnitTest>
    <UnitTest name="RepositoryEntityTypeId_ReturnsJob" storage="f:\etwork\bin\tests\sysintgtests.icore.common.entities.dll" id="49e399be-b362-c476-1ca0-23c85ec8a8c1">
      <TestCategory>
        <TestCategoryItem TestCategory="Entities" />
        <TestCategoryItem TestCategory="SystemIntegration" />
      </TestCategory>
      <Execution id="d221fd59-dc12-41cb-b284-5940ee4b8a36" />
      <TestMethod codeBase="F:\ETWork\bin\Tests\SysIntgTests.iCore.Common.Entities.dll" adapterTypeName="Microsoft.VisualStudio.TestTools.TestTypes.Unit.UnitTestAdapter" className="SysIntgTests.iCore.Common.Entities.JobTests" name="RepositoryEntityTypeId_ReturnsJob" />
    </UnitTest>
    <UnitTest name="RepositoryEntityType_ReturnsIJob" storage="f:\etwork\bin\tests\sysintgtests.icore.common.entities.dll" id="9cc3f468-5068-0bfe-5fae-3665ad18a92c">
      <TestCategory>
        <TestCategoryItem TestCategory="Entities" />
        <TestCategoryItem TestCategory="SystemIntegration" />
      </TestCategory>
      <Execution id="aec8179a-254e-467a-8b0f-931611a01065" />
      <TestMethod codeBase="F:\ETWork\bin\Tests\SysIntgTests.iCore.Common.Entities.dll" adapterTypeName="Microsoft.VisualStudio.TestTools.TestTypes.Unit.UnitTestAdapter" className="SysIntgTests.iCore.Common.Entities.JobTests" name="RepositoryEntityType_ReturnsIJob" />
    </UnitTest>
    <UnitTest name="RepositorySystemContext_MatchesActualSystemContext" storage="f:\etwork\bin\tests\sysintgtests.icore.common.entities.dll" id="c5164169-e707-dc8a-2920-6b24e393fa65">
      <TestCategory>
        <TestCategoryItem TestCategory="Entities" />
        <TestCategoryItem TestCategory="SystemIntegration" />
      </TestCategory>
      <Execution id="e90ceb8d-7e24-4d84-b118-d49bd667f37b" />
      <TestMethod codeBase="F:\ETWork\bin\Tests\SysIntgTests.iCore.Common.Entities.dll" adapterTypeName="Microsoft.VisualStudio.TestTools.TestTypes.Unit.UnitTestAdapter" className="SysIntgTests.iCore.Common.Entities.JobTests" name="RepositorySystemContext_MatchesActualSystemContext" />
    </UnitTest>
    <UnitTest name="Exists_JobAttributeTypeKey_ThrowsArgumentException" storage="f:\etwork\bin\tests\sysintgtests.icore.common.entities.dll" id="b6a2d6da-9506-44fd-7eea-478b9454e805">
      <TestCategory>
        <TestCategoryItem TestCategory="Entities" />
        <TestCategoryItem TestCategory="SystemIntegration" />
      </TestCategory>
      <Execution id="ffff5b9b-9a1c-4623-9f57-46450a9f6c59" />
      <TestMethod codeBase="F:\ETWork\bin\Tests\SysIntgTests.iCore.Common.Entities.dll" adapterTypeName="Microsoft.VisualStudio.TestTools.TestTypes.Unit.UnitTestAdapter" className="SysIntgTests.iCore.Common.Entities.JobTests" name="Exists_JobAttributeTypeKey_ThrowsArgumentException" />
    </UnitTest>
    <UnitTest name="Exists_KnownJobKey_ReturnsTrue (Data Row 0)" storage="f:\etwork\bin\tests\sysintgtests.icore.common.entities.dll" id="867f60ab-40ae-4b73-a3ed-178b4dd50c76">
      <TestCategory>
        <TestCategoryItem TestCategory="Entities" />
        <TestCategoryItem TestCategory="SystemIntegration" />
      </TestCategory>
      <Execution id="8b62a027-03e6-4601-9c99-cd722f4e96f9" />
      <TestMethod codeBase="F:\ETWork\bin\Tests\SysIntgTests.iCore.Common.Entities.dll" adapterTypeName="Microsoft.VisualStudio.TestTools.TestTypes.Unit.UnitTestAdapter" className="SysIntgTests.iCore.Common.Entities.JobTests" name="Exists_KnownJobKey_ReturnsTrue (Data Row 0)" />
    </UnitTest>
    <UnitTest name="Exists_KnownJobKey_ReturnsTrue (Data Row 1)" storage="f:\etwork\bin\tests\sysintgtests.icore.common.entities.dll" id="9953d1cf-6de6-4319-805d-8c9fd6235952">
      <TestCategory>
        <TestCategoryItem TestCategory="Entities" />
        <TestCategoryItem TestCategory="SystemIntegration" />
      </TestCategory>
      <Execution id="66b92e0a-9086-4360-a899-652ed2ada1cc" />
      <TestMethod codeBase="F:\ETWork\bin\Tests\SysIntgTests.iCore.Common.Entities.dll" adapterTypeName="Microsoft.VisualStudio.TestTools.TestTypes.Unit.UnitTestAdapter" className="SysIntgTests.iCore.Common.Entities.JobTests" name="Exists_KnownJobKey_ReturnsTrue (Data Row 1)" />
    </UnitTest>
    <UnitTest name="Exists_NonExistingJobKey_ReturnsFalse" storage="f:\etwork\bin\tests\sysintgtests.icore.common.entities.dll" id="d8168d25-44db-4e66-41dd-c856deca66f1">
      <TestCategory>
        <TestCategoryItem TestCategory="Entities" />
        <TestCategoryItem TestCategory="SystemIntegration" />
      </TestCategory>
      <Execution id="9935a525-6b5e-44b1-a66d-5bd8337efeb3" />
      <TestMethod codeBase="F:\ETWork\bin\Tests\SysIntgTests.iCore.Common.Entities.dll" adapterTypeName="Microsoft.VisualStudio.TestTools.TestTypes.Unit.UnitTestAdapter" className="SysIntgTests.iCore.Common.Entities.JobTests" name="Exists_NonExistingJobKey_ReturnsFalse" />
    </UnitTest>
    <UnitTest name="CreateInstance_CreatesNewJob" storage="f:\etwork\bin\tests\sysintgtests.icore.common.entities.dll" id="6d3e34a7-35a5-55ef-33e9-44ac84419713">
      <Execution id="30eb6992-1584-407d-b4b2-d62fcd73728b" />
      <TestMethod codeBase="F:\ETWork\bin\Tests\SysIntgTests.iCore.Common.Entities.dll" adapterTypeName="Microsoft.VisualStudio.TestTools.TestTypes.Unit.UnitTestAdapter" className="SysIntgTests.iCore.Common.Entities.JobTests" name="CreateInstance_CreatesNewJob" />
    </UnitTest>
    <UnitTest name="GetByKey_NewGuid_ThrowsEntityNotFoundException" storage="f:\etwork\bin\tests\sysintgtests.icore.common.entities.dll" id="dbb8f9c6-ce21-f488-928d-6ae93eb5615f">
      <TestCategory>
        <TestCategoryItem TestCategory="Entities" />
        <TestCategoryItem TestCategory="SystemIntegration" />
      </TestCategory>
      <Execution id="da2cc31d-4bd5-4843-a013-9f72bdda90d6" />
      <TestMethod codeBase="F:\ETWork\bin\Tests\SysIntgTests.iCore.Common.Entities.dll" adapterTypeName="Microsoft.VisualStudio.TestTools.TestTypes.Unit.UnitTestAdapter" className="SysIntgTests.iCore.Common.Entities.JobTests" name="GetByKey_NewGuid_ThrowsEntityNotFoundException" />
    </UnitTest>
    <UnitTest name="GetByKey_KnownKey_ReturnsEntityWithCorrectProperties (Data Row 0)" storage="f:\etwork\bin\tests\sysintgtests.icore.common.entities.dll" id="9ed55493-e1dd-4a87-9521-b57f4277ef2d">
      <TestCategory>
        <TestCategoryItem TestCategory="Entities" />
        <TestCategoryItem TestCategory="SystemIntegration" />
      </TestCategory>
      <Execution id="a9ed8d84-deb4-4ccc-90b1-4c7b798cacbd" />
      <TestMethod codeBase="F:\ETWork\bin\Tests\SysIntgTests.iCore.Common.Entities.dll" adapterTypeName="Microsoft.VisualStudio.TestTools.TestTypes.Unit.UnitTestAdapter" className="SysIntgTests.iCore.Common.Entities.JobTests" name="GetByKey_KnownKey_ReturnsEntityWithCorrectProperties (Data Row 0)" />
    </UnitTest>
    <UnitTest name="GetByKey_KnownKey_ReturnsEntityWithCorrectProperties (Data Row 1)" storage="f:\etwork\bin\tests\sysintgtests.icore.common.entities.dll" id="440cb629-035c-451b-a08f-cdcc7e7b1c86">
      <TestCategory>
        <TestCategoryItem TestCategory="Entities" />
        <TestCategoryItem TestCategory="SystemIntegration" />
      </TestCategory>
      <Execution id="a67888a4-bf4a-4c86-b00b-1402a8014df4" />
      <TestMethod codeBase="F:\ETWork\bin\Tests\SysIntgTests.iCore.Common.Entities.dll" adapterTypeName="Microsoft.VisualStudio.TestTools.TestTypes.Unit.UnitTestAdapter" className="SysIntgTests.iCore.Common.Entities.JobTests" name="GetByKey_KnownKey_ReturnsEntityWithCorrectProperties (Data Row 1)" />
    </UnitTest>
    <UnitTest name="GetByKey_UnsupportedKey_ThrowsArgumentException" storage="f:\etwork\bin\tests\sysintgtests.icore.common.entities.dll" id="9432c986-2860-a1a0-7b1a-5269b72458f2">
      <TestCategory>
        <TestCategoryItem TestCategory="Entities" />
        <TestCategoryItem TestCategory="SystemIntegration" />
      </TestCategory>
      <Execution id="e2b14ea7-27d9-4309-ae64-4c850e28a34f" />
      <TestMethod codeBase="F:\ETWork\bin\Tests\SysIntgTests.iCore.Common.Entities.dll" adapterTypeName="Microsoft.VisualStudio.TestTools.TestTypes.Unit.UnitTestAdapter" className="SysIntgTests.iCore.Common.Entities.JobTests" name="GetByKey_UnsupportedKey_ThrowsArgumentException" />
    </UnitTest>
    <UnitTest name="GetById_NewGuid_ThrowsEntityNotFoundException" storage="f:\etwork\bin\tests\sysintgtests.icore.common.entities.dll" id="05290b01-9182-6cd3-4370-3af624ca9f81">
      <TestCategory>
        <TestCategoryItem TestCategory="Entities" />
        <TestCategoryItem TestCategory="SystemIntegration" />
      </TestCategory>
      <Execution id="d366ef36-a8ea-4779-a4b9-66b96eee0ec5" />
      <TestMethod codeBase="F:\ETWork\bin\Tests\SysIntgTests.iCore.Common.Entities.dll" adapterTypeName="Microsoft.VisualStudio.TestTools.TestTypes.Unit.UnitTestAdapter" className="SysIntgTests.iCore.Common.Entities.JobTests" name="GetById_NewGuid_ThrowsEntityNotFoundException" />
    </UnitTest>
    <UnitTest name="GetById_KnownJobId_ReturnsEntityWithCorrectProperties (Data Row 0)" storage="f:\etwork\bin\tests\sysintgtests.icore.common.entities.dll" id="9066cddf-e860-480e-8703-33043b2fae18">
      <TestCategory>
        <TestCategoryItem TestCategory="Entities" />
        <TestCategoryItem TestCategory="SystemIntegration" />
      </TestCategory>
      <Execution id="8d70b8a4-2818-4ae6-86cc-892101c3a228" />
      <TestMethod codeBase="F:\ETWork\bin\Tests\SysIntgTests.iCore.Common.Entities.dll" adapterTypeName="Microsoft.VisualStudio.TestTools.TestTypes.Unit.UnitTestAdapter" className="SysIntgTests.iCore.Common.Entities.JobTests" name="GetById_KnownJobId_ReturnsEntityWithCorrectProperties (Data Row 0)" />
    </UnitTest>
    <UnitTest name="GetById_KnownJobId_ReturnsEntityWithCorrectProperties (Data Row 1)" storage="f:\etwork\bin\tests\sysintgtests.icore.common.entities.dll" id="d5dc5e2b-844f-4e42-8846-d9d5d50cb137">
      <TestCategory>
        <TestCategoryItem TestCategory="Entities" />
        <TestCategoryItem TestCategory="SystemIntegration" />
      </TestCategory>
      <Execution id="e9024b4a-83c4-4f91-96b4-9ef5cd242029" />
      <TestMethod codeBase="F:\ETWork\bin\Tests\SysIntgTests.iCore.Common.Entities.dll" adapterTypeName="Microsoft.VisualStudio.TestTools.TestTypes.Unit.UnitTestAdapter" className="SysIntgTests.iCore.Common.Entities.JobTests" name="GetById_KnownJobId_ReturnsEntityWithCorrectProperties (Data Row 1)" />
    </UnitTest>
    <UnitTest name="TryGetById_NonExistingJobId_ReturnsNull" storage="f:\etwork\bin\tests\sysintgtests.icore.common.entities.dll" id="be3608a3-c8eb-6918-18d7-e9a76b1a1d70">
      <TestCategory>
        <TestCategoryItem TestCategory="Entities" />
        <TestCategoryItem TestCategory="SystemIntegration" />
      </TestCategory>
      <Execution id="c1fbf49d-86e1-4ebc-a319-abdeb67500f6" />
      <TestMethod codeBase="F:\ETWork\bin\Tests\SysIntgTests.iCore.Common.Entities.dll" adapterTypeName="Microsoft.VisualStudio.TestTools.TestTypes.Unit.UnitTestAdapter" className="SysIntgTests.iCore.Common.Entities.JobTests" name="TryGetById_NonExistingJobId_ReturnsNull" />
    </UnitTest>
    <UnitTest name="TryGetById_KnownJobId_ReturnsEntityWithCorrectProperties (Data Row 0)" storage="f:\etwork\bin\tests\sysintgtests.icore.common.entities.dll" id="fdb83dad-c1ca-4d37-ac3a-4ad96015b757">
      <TestCategory>
        <TestCategoryItem TestCategory="Entities" />
        <TestCategoryItem TestCategory="SystemIntegration" />
      </TestCategory>
      <Execution id="f12f8a44-e281-494b-b6d8-d8c0583235c4" />
      <TestMethod codeBase="F:\ETWork\bin\Tests\SysIntgTests.iCore.Common.Entities.dll" adapterTypeName="Microsoft.VisualStudio.TestTools.TestTypes.Unit.UnitTestAdapter" className="SysIntgTests.iCore.Common.Entities.JobTests" name="TryGetById_KnownJobId_ReturnsEntityWithCorrectProperties (Data Row 0)" />
    </UnitTest>
    <UnitTest name="TryGetById_KnownJobId_ReturnsEntityWithCorrectProperties (Data Row 1)" storage="f:\etwork\bin\tests\sysintgtests.icore.common.entities.dll" id="9d3967e3-c1e7-4ea3-b3e4-e76ab0fb8553">
      <TestCategory>
        <TestCategoryItem TestCategory="Entities" />
        <TestCategoryItem TestCategory="SystemIntegration" />
      </TestCategory>
      <Execution id="63048cdf-d5e4-4c41-88c6-d5d7e48e40ae" />
      <TestMethod codeBase="F:\ETWork\bin\Tests\SysIntgTests.iCore.Common.Entities.dll" adapterTypeName="Microsoft.VisualStudio.TestTools.TestTypes.Unit.UnitTestAdapter" className="SysIntgTests.iCore.Common.Entities.JobTests" name="TryGetById_KnownJobId_ReturnsEntityWithCorrectProperties (Data Row 1)" />
    </UnitTest>
    <UnitTest name="CreateRunningJob_ValidParameters_ShouldPersistCorrectly" storage="f:\etwork\bin\tests\sysintgtests.icore.common.entities.dll" id="82755bb3-6fed-3979-8bb3-30feca17cd0a">
      <TestCategory>
        <TestCategoryItem TestCategory="Entities" />
        <TestCategoryItem TestCategory="SystemIntegration" />
      </TestCategory>
      <Execution id="569b6cb8-c6be-4b9f-9fdf-439b09b60d99" />
      <TestMethod codeBase="F:\ETWork\bin\Tests\SysIntgTests.iCore.Common.Entities.dll" adapterTypeName="Microsoft.VisualStudio.TestTools.TestTypes.Unit.UnitTestAdapter" className="SysIntgTests.iCore.Common.Entities.JobTests" name="CreateRunningJob_ValidParameters_ShouldPersistCorrectly" />
    </UnitTest>
    <UnitTest name="CreateRunningJob_NonExistingComponentConfiguration_ThrowsSqlException" storage="f:\etwork\bin\tests\sysintgtests.icore.common.entities.dll" id="3ad5abc3-8e59-d53e-f799-56e05c9bd0e0">
      <TestCategory>
        <TestCategoryItem TestCategory="Entities" />
        <TestCategoryItem TestCategory="SystemIntegration" />
      </TestCategory>
      <Execution id="c9009b01-6777-4375-992c-626e4d85239d" />
      <TestMethod codeBase="F:\ETWork\bin\Tests\SysIntgTests.iCore.Common.Entities.dll" adapterTypeName="Microsoft.VisualStudio.TestTools.TestTypes.Unit.UnitTestAdapter" className="SysIntgTests.iCore.Common.Entities.JobTests" name="CreateRunningJob_NonExistingComponentConfiguration_ThrowsSqlException" />
    </UnitTest>
    <UnitTest name="CreateRunningJob_NonExistingServer_ThrowsSqlException" storage="f:\etwork\bin\tests\sysintgtests.icore.common.entities.dll" id="ccf42d92-acb7-2e99-6f7f-95d0983f457a">
      <TestCategory>
        <TestCategoryItem TestCategory="Entities" />
        <TestCategoryItem TestCategory="SystemIntegration" />
      </TestCategory>
      <Execution id="8c73200c-238d-4c81-ac30-c7da80aeb346" />
      <TestMethod codeBase="F:\ETWork\bin\Tests\SysIntgTests.iCore.Common.Entities.dll" adapterTypeName="Microsoft.VisualStudio.TestTools.TestTypes.Unit.UnitTestAdapter" className="SysIntgTests.iCore.Common.Entities.JobTests" name="CreateRunningJob_NonExistingServer_ThrowsSqlException" />
    </UnitTest>
    <UnitTest name="CreateRunningJob_NonExistingApplicationPool_ThrowsSqlException" storage="f:\etwork\bin\tests\sysintgtests.icore.common.entities.dll" id="8572a327-6aab-b0d8-abc6-f112630bf025">
      <TestCategory>
        <TestCategoryItem TestCategory="Entities" />
        <TestCategoryItem TestCategory="SystemIntegration" />
      </TestCategory>
      <Execution id="5612e452-d004-46e0-8b03-af954368ae48" />
      <TestMethod codeBase="F:\ETWork\bin\Tests\SysIntgTests.iCore.Common.Entities.dll" adapterTypeName="Microsoft.VisualStudio.TestTools.TestTypes.Unit.UnitTestAdapter" className="SysIntgTests.iCore.Common.Entities.JobTests" name="CreateRunningJob_NonExistingApplicationPool_ThrowsSqlException" />
    </UnitTest>
    <UnitTest name="CreateRunningJob_NonExistingCallingJobId_ThrowsSqlException" storage="f:\etwork\bin\tests\sysintgtests.icore.common.entities.dll" id="a1dcc477-0a3f-a765-3893-2cf151b0cab0">
      <TestCategory>
        <TestCategoryItem TestCategory="Entities" />
        <TestCategoryItem TestCategory="SystemIntegration" />
      </TestCategory>
      <Execution id="8b1a1cfc-da47-4ed4-9fff-452362099d06" />
      <TestMethod codeBase="F:\ETWork\bin\Tests\SysIntgTests.iCore.Common.Entities.dll" adapterTypeName="Microsoft.VisualStudio.TestTools.TestTypes.Unit.UnitTestAdapter" className="SysIntgTests.iCore.Common.Entities.JobTests" name="CreateRunningJob_NonExistingCallingJobId_ThrowsSqlException" />
    </UnitTest>
    <UnitTest name="CreateRunningJob_NonExistingTargetWorkerHostJobId_ThrowsSqlException" storage="f:\etwork\bin\tests\sysintgtests.icore.common.entities.dll" id="7164b719-2b6c-f906-ac99-8ba83ef3115b">
      <TestCategory>
        <TestCategoryItem TestCategory="Entities" />
        <TestCategoryItem TestCategory="SystemIntegration" />
      </TestCategory>
      <Execution id="a32be870-075d-4402-8769-284520a36c1c" />
      <TestMethod codeBase="F:\ETWork\bin\Tests\SysIntgTests.iCore.Common.Entities.dll" adapterTypeName="Microsoft.VisualStudio.TestTools.TestTypes.Unit.UnitTestAdapter" className="SysIntgTests.iCore.Common.Entities.JobTests" name="CreateRunningJob_NonExistingTargetWorkerHostJobId_ThrowsSqlException" />
    </UnitTest>
    <UnitTest name="CreatePendingJob_ValidArguments_PersistsCorrectly" storage="f:\etwork\bin\tests\sysintgtests.icore.common.entities.dll" id="6d45226b-733a-ab5f-f2fb-147b64ef889b">
      <Execution id="2664ca5e-45d1-4a0d-9d32-1107ff83b636" />
      <TestMethod codeBase="F:\ETWork\bin\Tests\SysIntgTests.iCore.Common.Entities.dll" adapterTypeName="Microsoft.VisualStudio.TestTools.TestTypes.Unit.UnitTestAdapter" className="SysIntgTests.iCore.Common.Entities.JobTests" name="CreatePendingJob_ValidArguments_PersistsCorrectly" />
    </UnitTest>
    <UnitTest name="CreatePendingJob_NewArgumentDuplicatesNameFromExistingArguments_ThrowsSqlException" storage="f:\etwork\bin\tests\sysintgtests.icore.common.entities.dll" id="b6a7629b-dc7c-b345-06af-9dac6bb62e29">
      <Execution id="c1706cab-d97a-45da-ba49-c50d46a1933f" />
      <TestMethod codeBase="F:\ETWork\bin\Tests\SysIntgTests.iCore.Common.Entities.dll" adapterTypeName="Microsoft.VisualStudio.TestTools.TestTypes.Unit.UnitTestAdapter" className="SysIntgTests.iCore.Common.Entities.JobTests" name="CreatePendingJob_NewArgumentDuplicatesNameFromExistingArguments_ThrowsSqlException" />
    </UnitTest>
    <UnitTest name="CreatePendingJob_DuplicateArgumentNamesInNewArguments_ThrowsSqlException" storage="f:\etwork\bin\tests\sysintgtests.icore.common.entities.dll" id="8db9388a-ca71-ffc0-fe9e-d50e57f7e1b0">
      <Execution id="c411af74-6678-4fa5-91b3-d33c737140c4" />
      <TestMethod codeBase="F:\ETWork\bin\Tests\SysIntgTests.iCore.Common.Entities.dll" adapterTypeName="Microsoft.VisualStudio.TestTools.TestTypes.Unit.UnitTestAdapter" className="SysIntgTests.iCore.Common.Entities.JobTests" name="CreatePendingJob_DuplicateArgumentNamesInNewArguments_ThrowsSqlException" />
    </UnitTest>
    <UnitTest name="CreatePendingJob_DuplicateArgumentNamesInExistingArguments_ThrowsSqlException" storage="f:\etwork\bin\tests\sysintgtests.icore.common.entities.dll" id="2bd43abd-fa7c-1363-0b9c-df688d98b6b8">
      <Execution id="8087cbbb-4c4d-4a71-b775-0f44e4c81a8e" />
      <TestMethod codeBase="F:\ETWork\bin\Tests\SysIntgTests.iCore.Common.Entities.dll" adapterTypeName="Microsoft.VisualStudio.TestTools.TestTypes.Unit.UnitTestAdapter" className="SysIntgTests.iCore.Common.Entities.JobTests" name="CreatePendingJob_DuplicateArgumentNamesInExistingArguments_ThrowsSqlException" />
    </UnitTest>
    <UnitTest name="ReRunJob_TryingToRecreateServerJob_ThrowsInvalidOperationException" storage="f:\etwork\bin\tests\sysintgtests.icore.common.entities.dll" id="290635d0-6881-e912-cab5-4fcbe26aec7f">
      <Execution id="3e86b0d0-00af-44a5-b8fc-cbe9e22ba4ed" />
      <TestMethod codeBase="F:\ETWork\bin\Tests\SysIntgTests.iCore.Common.Entities.dll" adapterTypeName="Microsoft.VisualStudio.TestTools.TestTypes.Unit.UnitTestAdapter" className="SysIntgTests.iCore.Common.Entities.JobTests" name="ReRunJob_TryingToRecreateServerJob_ThrowsInvalidOperationException" />
    </UnitTest>
    <UnitTest name="ReRunJob_TryingToRecreateJobWithDispatchPendingStatus_ThrowsInvalidOperationException" storage="f:\etwork\bin\tests\sysintgtests.icore.common.entities.dll" id="9219f9af-1c95-a527-a28f-3d9074d6fc0d">
      <Execution id="8ad629c6-982c-4f95-9245-baae9e6e5f55" />
      <TestMethod codeBase="F:\ETWork\bin\Tests\SysIntgTests.iCore.Common.Entities.dll" adapterTypeName="Microsoft.VisualStudio.TestTools.TestTypes.Unit.UnitTestAdapter" className="SysIntgTests.iCore.Common.Entities.JobTests" name="ReRunJob_TryingToRecreateJobWithDispatchPendingStatus_ThrowsInvalidOperationException" />
    </UnitTest>
    <UnitTest name="ReRunJob_TryingToRecreateJobWithDispatchStatus_ThrowsInvalidOperationException" storage="f:\etwork\bin\tests\sysintgtests.icore.common.entities.dll" id="f791a129-944e-9f53-158a-a3feab166b81">
      <Execution id="b9e3424b-64c4-47b7-a30d-de1094c3e36d" />
      <TestMethod codeBase="F:\ETWork\bin\Tests\SysIntgTests.iCore.Common.Entities.dll" adapterTypeName="Microsoft.VisualStudio.TestTools.TestTypes.Unit.UnitTestAdapter" className="SysIntgTests.iCore.Common.Entities.JobTests" name="ReRunJob_TryingToRecreateJobWithDispatchStatus_ThrowsInvalidOperationException" />
    </UnitTest>
    <UnitTest name="ReRunJob_TryingToRecreateJobWithStartPendingStatus_ThrowsInvalidOperationException" storage="f:\etwork\bin\tests\sysintgtests.icore.common.entities.dll" id="475889f1-0e37-2747-308b-55ad45ab80fb">
      <Execution id="212fdabe-19bc-43bc-b15f-e105edc2cbc7" />
      <TestMethod codeBase="F:\ETWork\bin\Tests\SysIntgTests.iCore.Common.Entities.dll" adapterTypeName="Microsoft.VisualStudio.TestTools.TestTypes.Unit.UnitTestAdapter" className="SysIntgTests.iCore.Common.Entities.JobTests" name="ReRunJob_TryingToRecreateJobWithStartPendingStatus_ThrowsInvalidOperationException" />
    </UnitTest>
    <UnitTest name="ReRunJob_TryingToRecreateJobWithRunningStatus_ThrowsInvalidOperationException" storage="f:\etwork\bin\tests\sysintgtests.icore.common.entities.dll" id="e52d7b82-35cf-512b-0514-471918dc7d7f">
      <Execution id="5c385c96-f911-48ba-aabb-3774d8f9610d" />
      <TestMethod codeBase="F:\ETWork\bin\Tests\SysIntgTests.iCore.Common.Entities.dll" adapterTypeName="Microsoft.VisualStudio.TestTools.TestTypes.Unit.UnitTestAdapter" className="SysIntgTests.iCore.Common.Entities.JobTests" name="ReRunJob_TryingToRecreateJobWithRunningStatus_ThrowsInvalidOperationException" />
    </UnitTest>
    <UnitTest name="ReRunJob_TryingToRecreateJobWithFinishedSucceededStatus_JobIsReRundWithStatusDispatchPending" storage="f:\etwork\bin\tests\sysintgtests.icore.common.entities.dll" id="541570c3-c3f7-8dc1-3e0c-3ddc008a0b9c">
      <Execution id="e702b877-98af-4b9d-a894-8289431891dd" />
      <TestMethod codeBase="F:\ETWork\bin\Tests\SysIntgTests.iCore.Common.Entities.dll" adapterTypeName="Microsoft.VisualStudio.TestTools.TestTypes.Unit.UnitTestAdapter" className="SysIntgTests.iCore.Common.Entities.JobTests" name="ReRunJob_TryingToRecreateJobWithFinishedSucceededStatus_JobIsReRundWithStatusDispatchPending" />
    </UnitTest>
    <UnitTest name="ReRunJob_TryingToRecreateJobWithFinsihedFailedStatus_JobIsReRundWithStatusDispatchPending" storage="f:\etwork\bin\tests\sysintgtests.icore.common.entities.dll" id="6e6e015b-589b-e96e-1ca2-147634da4743">
      <Execution id="c349fd12-fcad-4564-ad99-b95bd0cc5164" />
      <TestMethod codeBase="F:\ETWork\bin\Tests\SysIntgTests.iCore.Common.Entities.dll" adapterTypeName="Microsoft.VisualStudio.TestTools.TestTypes.Unit.UnitTestAdapter" className="SysIntgTests.iCore.Common.Entities.JobTests" name="ReRunJob_TryingToRecreateJobWithFinsihedFailedStatus_JobIsReRundWithStatusDispatchPending" />
    </UnitTest>
    <UnitTest name="ReRunJob_TryingToRecreateJobWithFinsihedLostStatus_JobIsReRundWithStatusDispatchPending" storage="f:\etwork\bin\tests\sysintgtests.icore.common.entities.dll" id="96aac6a7-9944-b364-4456-226a71b046ca">
      <Execution id="8485de2c-7e91-46ea-b430-f85168642074" />
      <TestMethod codeBase="F:\ETWork\bin\Tests\SysIntgTests.iCore.Common.Entities.dll" adapterTypeName="Microsoft.VisualStudio.TestTools.TestTypes.Unit.UnitTestAdapter" className="SysIntgTests.iCore.Common.Entities.JobTests" name="ReRunJob_TryingToRecreateJobWithFinsihedLostStatus_JobIsReRundWithStatusDispatchPending" />
    </UnitTest>
    <UnitTest name="SetStateFinished_InvalidCallingJobId_ThrowsSqlException" storage="f:\etwork\bin\tests\sysintgtests.icore.common.entities.dll" id="6359243c-bf10-b000-f632-dc9c2e8c8558">
      <TestCategory>
        <TestCategoryItem TestCategory="Entities" />
        <TestCategoryItem TestCategory="SystemIntegration" />
      </TestCategory>
      <Execution id="d66f2141-8d4e-4b43-9b20-efa3db47c204" />
      <TestMethod codeBase="F:\ETWork\bin\Tests\SysIntgTests.iCore.Common.Entities.dll" adapterTypeName="Microsoft.VisualStudio.TestTools.TestTypes.Unit.UnitTestAdapter" className="SysIntgTests.iCore.Common.Entities.JobTests" name="SetStateFinished_InvalidCallingJobId_ThrowsSqlException" />
    </UnitTest>
    <UnitTest name="SetStateFinished_ValidArgumentsSucceeded_Succeeds" storage="f:\etwork\bin\tests\sysintgtests.icore.common.entities.dll" id="3d0acaf3-d8dc-09c0-9154-69a13af52c3b">
      <TestCategory>
        <TestCategoryItem TestCategory="Entities" />
        <TestCategoryItem TestCategory="SystemIntegration" />
      </TestCategory>
      <Execution id="a19303e7-94a1-454e-ad82-9e127a57ee07" />
      <TestMethod codeBase="F:\ETWork\bin\Tests\SysIntgTests.iCore.Common.Entities.dll" adapterTypeName="Microsoft.VisualStudio.TestTools.TestTypes.Unit.UnitTestAdapter" className="SysIntgTests.iCore.Common.Entities.JobTests" name="SetStateFinished_ValidArgumentsSucceeded_Succeeds" />
    </UnitTest>
    <UnitTest name="SetStateFinished_PendingJob_JobIsNoLongedInPendingQueue" storage="f:\etwork\bin\tests\sysintgtests.icore.common.entities.dll" id="f1f7a491-7433-7b92-802e-0056e9610638">
      <TestCategory>
        <TestCategoryItem TestCategory="Entities" />
        <TestCategoryItem TestCategory="SystemIntegration" />
      </TestCategory>
      <Execution id="19707e58-730f-4ff5-af94-bc8b9ccc9185" />
      <TestMethod codeBase="F:\ETWork\bin\Tests\SysIntgTests.iCore.Common.Entities.dll" adapterTypeName="Microsoft.VisualStudio.TestTools.TestTypes.Unit.UnitTestAdapter" className="SysIntgTests.iCore.Common.Entities.JobTests" name="SetStateFinished_PendingJob_JobIsNoLongedInPendingQueue" />
    </UnitTest>
    <UnitTest name="SetStateFinished_ValidArgumentsFailed_Succeeds" storage="f:\etwork\bin\tests\sysintgtests.icore.common.entities.dll" id="41ad690a-8b13-39f0-d6bf-252ae19df77f">
      <TestCategory>
        <TestCategoryItem TestCategory="Entities" />
        <TestCategoryItem TestCategory="SystemIntegration" />
      </TestCategory>
      <Execution id="5dd6b86f-5253-4a06-bcbd-defb90c10351" />
      <TestMethod codeBase="F:\ETWork\bin\Tests\SysIntgTests.iCore.Common.Entities.dll" adapterTypeName="Microsoft.VisualStudio.TestTools.TestTypes.Unit.UnitTestAdapter" className="SysIntgTests.iCore.Common.Entities.JobTests" name="SetStateFinished_ValidArgumentsFailed_Succeeds" />
    </UnitTest>
    <UnitTest name="SetStateFinished_NonFinishedState_ThrowsArgumentException" storage="f:\etwork\bin\tests\sysintgtests.icore.common.entities.dll" id="0c948d49-d815-36ec-b84a-50d6c94da19d">
      <TestCategory>
        <TestCategoryItem TestCategory="Entities" />
        <TestCategoryItem TestCategory="SystemIntegration" />
      </TestCategory>
      <Execution id="d67c916e-e853-4aba-9e93-ee77cde5c57a" />
      <TestMethod codeBase="F:\ETWork\bin\Tests\SysIntgTests.iCore.Common.Entities.dll" adapterTypeName="Microsoft.VisualStudio.TestTools.TestTypes.Unit.UnitTestAdapter" className="SysIntgTests.iCore.Common.Entities.JobTests" name="SetStateFinished_NonFinishedState_ThrowsArgumentException" />
    </UnitTest>
    <UnitTest name="SetStateFinishedOnInstance_NullJob_ThrowsArgumentNullException" storage="f:\etwork\bin\tests\sysintgtests.icore.common.entities.dll" id="8c0ba4c4-1b16-6b94-8f80-ba89108d2082">
      <TestCategory>
        <TestCategoryItem TestCategory="Entities" />
        <TestCategoryItem TestCategory="SystemIntegration" />
      </TestCategory>
      <Execution id="e6b8d049-7694-4007-bab4-58e3ee4ec939" />
      <TestMethod codeBase="F:\ETWork\bin\Tests\SysIntgTests.iCore.Common.Entities.dll" adapterTypeName="Microsoft.VisualStudio.TestTools.TestTypes.Unit.UnitTestAdapter" className="SysIntgTests.iCore.Common.Entities.JobTests" name="SetStateFinishedOnInstance_NullJob_ThrowsArgumentNullException" />
    </UnitTest>
    <UnitTest name="SetStateFinishedOnInstance_InvalidCallingJobId_ThrowsSqlException" storage="f:\etwork\bin\tests\sysintgtests.icore.common.entities.dll" id="fe94b414-19ef-0218-019c-1ca6a1e75db7">
      <TestCategory>
        <TestCategoryItem TestCategory="Entities" />
        <TestCategoryItem TestCategory="SystemIntegration" />
      </TestCategory>
      <Execution id="b116ae16-658f-4583-bf14-d44d80de80d1" />
      <TestMethod codeBase="F:\ETWork\bin\Tests\SysIntgTests.iCore.Common.Entities.dll" adapterTypeName="Microsoft.VisualStudio.TestTools.TestTypes.Unit.UnitTestAdapter" className="SysIntgTests.iCore.Common.Entities.JobTests" name="SetStateFinishedOnInstance_InvalidCallingJobId_ThrowsSqlException" />
    </UnitTest>
    <UnitTest name="SetStateFinishedOnInstance_ValidArgumentsSucceeded_Succeeds" storage="f:\etwork\bin\tests\sysintgtests.icore.common.entities.dll" id="ff74a06f-cb12-a663-ac6f-05a352a86427">
      <TestCategory>
        <TestCategoryItem TestCategory="Entities" />
        <TestCategoryItem TestCategory="SystemIntegration" />
      </TestCategory>
      <Execution id="e5d478bc-a54a-4f4f-86f2-cf24408a64e6" />
      <TestMethod codeBase="F:\ETWork\bin\Tests\SysIntgTests.iCore.Common.Entities.dll" adapterTypeName="Microsoft.VisualStudio.TestTools.TestTypes.Unit.UnitTestAdapter" className="SysIntgTests.iCore.Common.Entities.JobTests" name="SetStateFinishedOnInstance_ValidArgumentsSucceeded_Succeeds" />
    </UnitTest>
    <UnitTest name="SetStateFinishedOnInstance_ValidArgumentsFailed_Succeeds" storage="f:\etwork\bin\tests\sysintgtests.icore.common.entities.dll" id="584d0a50-caaa-f3b7-8ce2-6904b95d3be1">
      <TestCategory>
        <TestCategoryItem TestCategory="Entities" />
        <TestCategoryItem TestCategory="SystemIntegration" />
      </TestCategory>
      <Execution id="5803949f-ea0b-4453-b592-03f263660158" />
      <TestMethod codeBase="F:\ETWork\bin\Tests\SysIntgTests.iCore.Common.Entities.dll" adapterTypeName="Microsoft.VisualStudio.TestTools.TestTypes.Unit.UnitTestAdapter" className="SysIntgTests.iCore.Common.Entities.JobTests" name="SetStateFinishedOnInstance_ValidArgumentsFailed_Succeeds" />
    </UnitTest>
    <UnitTest name="SetStateFinishedOnInstance_NonFinishedState_ThrowsArgumentException" storage="f:\etwork\bin\tests\sysintgtests.icore.common.entities.dll" id="0d0bc988-4331-b901-9a13-09a35b3934db">
      <TestCategory>
        <TestCategoryItem TestCategory="Entities" />
        <TestCategoryItem TestCategory="SystemIntegration" />
      </TestCategory>
      <Execution id="320aa042-e3df-49a8-9d2c-6a2c04be5f95" />
      <TestMethod codeBase="F:\ETWork\bin\Tests\SysIntgTests.iCore.Common.Entities.dll" adapterTypeName="Microsoft.VisualStudio.TestTools.TestTypes.Unit.UnitTestAdapter" className="SysIntgTests.iCore.Common.Entities.JobTests" name="SetStateFinishedOnInstance_NonFinishedState_ThrowsArgumentException" />
    </UnitTest>
    <UnitTest name="SetStateDispatched_InvalidCallerJobId_ThrowsSqlException" storage="f:\etwork\bin\tests\sysintgtests.icore.common.entities.dll" id="f45098ec-dc80-7f80-3b87-16849d55ec7b">
      <TestCategory>
        <TestCategoryItem TestCategory="Entities" />
        <TestCategoryItem TestCategory="SystemIntegration" />
      </TestCategory>
      <Execution id="e59135b2-0a7c-41cb-a4d9-50035391c626" />
      <TestMethod codeBase="F:\ETWork\bin\Tests\SysIntgTests.iCore.Common.Entities.dll" adapterTypeName="Microsoft.VisualStudio.TestTools.TestTypes.Unit.UnitTestAdapter" className="SysIntgTests.iCore.Common.Entities.JobTests" name="SetStateDispatched_InvalidCallerJobId_ThrowsSqlException" />
    </UnitTest>
    <UnitTest name="SetStateDispatched_InvalidWhmJobId_ThrowsSqlException" storage="f:\etwork\bin\tests\sysintgtests.icore.common.entities.dll" id="6435d2a8-3179-401b-db2f-2f04a5334c52">
      <TestCategory>
        <TestCategoryItem TestCategory="Entities" />
        <TestCategoryItem TestCategory="SystemIntegration" />
      </TestCategory>
      <Execution id="9cdbb73f-c431-411d-9dbd-a9329ec7d47f" />
      <TestMethod codeBase="F:\ETWork\bin\Tests\SysIntgTests.iCore.Common.Entities.dll" adapterTypeName="Microsoft.VisualStudio.TestTools.TestTypes.Unit.UnitTestAdapter" className="SysIntgTests.iCore.Common.Entities.JobTests" name="SetStateDispatched_InvalidWhmJobId_ThrowsSqlException" />
    </UnitTest>
    <UnitTest name="SetStateDispatched_InvalidServerId_ThrowsSqlException" storage="f:\etwork\bin\tests\sysintgtests.icore.common.entities.dll" id="3f6bf044-d22a-f225-87b5-ef3eb3ec8c26">
      <TestCategory>
        <TestCategoryItem TestCategory="Entities" />
        <TestCategoryItem TestCategory="SystemIntegration" />
      </TestCategory>
      <Execution id="1ac70059-f47c-48c2-b680-7ed431a7361d" />
      <TestMethod codeBase="F:\ETWork\bin\Tests\SysIntgTests.iCore.Common.Entities.dll" adapterTypeName="Microsoft.VisualStudio.TestTools.TestTypes.Unit.UnitTestAdapter" className="SysIntgTests.iCore.Common.Entities.JobTests" name="SetStateDispatched_InvalidServerId_ThrowsSqlException" />
    </UnitTest>
    <UnitTest name="StateQueued_ValidArguments_Succeeds" storage="f:\etwork\bin\tests\sysintgtests.icore.common.entities.dll" id="ddb07a5b-2311-3aaf-1d07-ed9d8db98eb1">
      <TestCategory>
        <TestCategoryItem TestCategory="Entities" />
        <TestCategoryItem TestCategory="SystemIntegration" />
      </TestCategory>
      <Execution id="78e06bf9-f498-407a-bdb9-4b05e927dcfb" />
      <TestMethod codeBase="F:\ETWork\bin\Tests\SysIntgTests.iCore.Common.Entities.dll" adapterTypeName="Microsoft.VisualStudio.TestTools.TestTypes.Unit.UnitTestAdapter" className="SysIntgTests.iCore.Common.Entities.JobTests" name="StateQueued_ValidArguments_Succeeds" />
    </UnitTest>
    <UnitTest name="TrySetStateLost_InvalidCallerJobId_ThrowsSqlException" storage="f:\etwork\bin\tests\sysintgtests.icore.common.entities.dll" id="eb5313ee-9540-2f72-cefb-2975f062dc29">
      <TestCategory>
        <TestCategoryItem TestCategory="Entities" />
        <TestCategoryItem TestCategory="SystemIntegration" />
      </TestCategory>
      <Execution id="d2337757-cee1-4e54-a75d-6fc1f14e9d44" />
      <TestMethod codeBase="F:\ETWork\bin\Tests\SysIntgTests.iCore.Common.Entities.dll" adapterTypeName="Microsoft.VisualStudio.TestTools.TestTypes.Unit.UnitTestAdapter" className="SysIntgTests.iCore.Common.Entities.JobTests" name="TrySetStateLost_InvalidCallerJobId_ThrowsSqlException" />
    </UnitTest>
    <UnitTest name="TrySetStateLost_InvalidJobId_ReturnsFalse" storage="f:\etwork\bin\tests\sysintgtests.icore.common.entities.dll" id="ff62724b-3d0c-9111-4356-9f9a73bc8891">
      <TestCategory>
        <TestCategoryItem TestCategory="Entities" />
        <TestCategoryItem TestCategory="SystemIntegration" />
      </TestCategory>
      <Execution id="3531bab7-b84e-42d2-a979-31dfcd526849" />
      <TestMethod codeBase="F:\ETWork\bin\Tests\SysIntgTests.iCore.Common.Entities.dll" adapterTypeName="Microsoft.VisualStudio.TestTools.TestTypes.Unit.UnitTestAdapter" className="SysIntgTests.iCore.Common.Entities.JobTests" name="TrySetStateLost_InvalidJobId_ReturnsFalse" />
    </UnitTest>
    <UnitTest name="TrySetStateLost_JobInDispatchPendingState_ReturnsFalseAndLeavesStateUnchanged" storage="f:\etwork\bin\tests\sysintgtests.icore.common.entities.dll" id="0e2dda5d-b178-e4c3-da03-c0941b6fda5e">
      <TestCategory>
        <TestCategoryItem TestCategory="Entities" />
        <TestCategoryItem TestCategory="SystemIntegration" />
      </TestCategory>
      <Execution id="50f538d2-cece-4686-9633-00ae8a49c11a" />
      <TestMethod codeBase="F:\ETWork\bin\Tests\SysIntgTests.iCore.Common.Entities.dll" adapterTypeName="Microsoft.VisualStudio.TestTools.TestTypes.Unit.UnitTestAdapter" className="SysIntgTests.iCore.Common.Entities.JobTests" name="TrySetStateLost_JobInDispatchPendingState_ReturnsFalseAndLeavesStateUnchanged" />
    </UnitTest>
    <UnitTest name="TrySetStateLost_JobInDispatchedState_ReturnsFalseAndLeavesStateUnchanged" storage="f:\etwork\bin\tests\sysintgtests.icore.common.entities.dll" id="c39a0fdc-3e87-6388-491b-98d418be41fd">
      <TestCategory>
        <TestCategoryItem TestCategory="Entities" />
        <TestCategoryItem TestCategory="SystemIntegration" />
      </TestCategory>
      <Execution id="0e1adf6a-515c-43d7-876f-22d3df9375ae" />
      <TestMethod codeBase="F:\ETWork\bin\Tests\SysIntgTests.iCore.Common.Entities.dll" adapterTypeName="Microsoft.VisualStudio.TestTools.TestTypes.Unit.UnitTestAdapter" className="SysIntgTests.iCore.Common.Entities.JobTests" name="TrySetStateLost_JobInDispatchedState_ReturnsFalseAndLeavesStateUnchanged" />
    </UnitTest>
    <UnitTest name="TrySetStateLost_JobInStartPendingState_ReturnsFalseAndLeavesStateUnchanged" storage="f:\etwork\bin\tests\sysintgtests.icore.common.entities.dll" id="e5670a7d-b2f6-5fc9-36c7-fc85315fb1c7">
      <TestCategory>
        <TestCategoryItem TestCategory="Entities" />
        <TestCategoryItem TestCategory="SystemIntegration" />
      </TestCategory>
      <Execution id="8a15436c-f7a0-46d6-b6a2-e95624c6d586" />
      <TestMethod codeBase="F:\ETWork\bin\Tests\SysIntgTests.iCore.Common.Entities.dll" adapterTypeName="Microsoft.VisualStudio.TestTools.TestTypes.Unit.UnitTestAdapter" className="SysIntgTests.iCore.Common.Entities.JobTests" name="TrySetStateLost_JobInStartPendingState_ReturnsFalseAndLeavesStateUnchanged" />
    </UnitTest>
    <UnitTest name="TrySetStateLost_JobInSucceededState_ReturnsFalseAndLeavesStateUnchanged" storage="f:\etwork\bin\tests\sysintgtests.icore.common.entities.dll" id="36b9b6b3-6884-22f0-d88f-211986ee8735">
      <TestCategory>
        <TestCategoryItem TestCategory="Entities" />
        <TestCategoryItem TestCategory="SystemIntegration" />
      </TestCategory>
      <Execution id="8daefbe9-7cd0-4cb8-acf3-5a3ef8bceeaa" />
      <TestMethod codeBase="F:\ETWork\bin\Tests\SysIntgTests.iCore.Common.Entities.dll" adapterTypeName="Microsoft.VisualStudio.TestTools.TestTypes.Unit.UnitTestAdapter" className="SysIntgTests.iCore.Common.Entities.JobTests" name="TrySetStateLost_JobInSucceededState_ReturnsFalseAndLeavesStateUnchanged" />
    </UnitTest>
    <UnitTest name="TrySetStateLost_JobInFailedState_ReturnsFalseAndLeavesStateUnchanged" storage="f:\etwork\bin\tests\sysintgtests.icore.common.entities.dll" id="8a769ce6-8118-03db-fc71-5680e3ec9337">
      <TestCategory>
        <TestCategoryItem TestCategory="Entities" />
        <TestCategoryItem TestCategory="SystemIntegration" />
      </TestCategory>
      <Execution id="809cc561-f525-48e7-a11c-7d8d87153214" />
      <TestMethod codeBase="F:\ETWork\bin\Tests\SysIntgTests.iCore.Common.Entities.dll" adapterTypeName="Microsoft.VisualStudio.TestTools.TestTypes.Unit.UnitTestAdapter" className="SysIntgTests.iCore.Common.Entities.JobTests" name="TrySetStateLost_JobInFailedState_ReturnsFalseAndLeavesStateUnchanged" />
    </UnitTest>
    <UnitTest name="TrySetStateLost_JobInRunningState_ReturnsTrueAndChangesStateOfJobToLost" storage="f:\etwork\bin\tests\sysintgtests.icore.common.entities.dll" id="58177738-c12f-ad35-d40d-e5ce8f7dd457">
      <TestCategory>
        <TestCategoryItem TestCategory="Entities" />
        <TestCategoryItem TestCategory="SystemIntegration" />
      </TestCategory>
      <Execution id="30f93d16-5a90-4942-93d4-0d10477ce388" />
      <TestMethod codeBase="F:\ETWork\bin\Tests\SysIntgTests.iCore.Common.Entities.dll" adapterTypeName="Microsoft.VisualStudio.TestTools.TestTypes.Unit.UnitTestAdapter" className="SysIntgTests.iCore.Common.Entities.JobTests" name="TrySetStateLost_JobInRunningState_ReturnsTrueAndChangesStateOfJobToLost" />
    </UnitTest>
    <UnitTest name="TrySetStateLost_ServerLessJobInRunningState_ReturnsTrueAndChangesStateOfJobToLost" storage="f:\etwork\bin\tests\sysintgtests.icore.common.entities.dll" id="5fef56f3-1f6a-31a4-8ff0-7d081389c997">
      <TestCategory>
        <TestCategoryItem TestCategory="Entities" />
        <TestCategoryItem TestCategory="SystemIntegration" />
      </TestCategory>
      <Execution id="5666f72c-62f2-4636-ba26-210ff43d97be" />
      <TestMethod codeBase="F:\ETWork\bin\Tests\SysIntgTests.iCore.Common.Entities.dll" adapterTypeName="Microsoft.VisualStudio.TestTools.TestTypes.Unit.UnitTestAdapter" className="SysIntgTests.iCore.Common.Entities.JobTests" name="TrySetStateLost_ServerLessJobInRunningState_ReturnsTrueAndChangesStateOfJobToLost" />
    </UnitTest>
    <UnitTest name="TrySetStateLost_JobInInactiveState_ReturnsTrueAndChangesStateOfJobToLost" storage="f:\etwork\bin\tests\sysintgtests.icore.common.entities.dll" id="0e1b3d29-d75c-07dd-cbac-fdb19e5fe348">
      <TestCategory>
        <TestCategoryItem TestCategory="Entities" />
        <TestCategoryItem TestCategory="SystemIntegration" />
      </TestCategory>
      <Execution id="c6390f2d-50d0-43f3-a1c7-2e0ba70b86ca" />
      <TestMethod codeBase="F:\ETWork\bin\Tests\SysIntgTests.iCore.Common.Entities.dll" adapterTypeName="Microsoft.VisualStudio.TestTools.TestTypes.Unit.UnitTestAdapter" className="SysIntgTests.iCore.Common.Entities.JobTests" name="TrySetStateLost_JobInInactiveState_ReturnsTrueAndChangesStateOfJobToLost" />
    </UnitTest>
    <UnitTest name="TrySetStateRunning_InvalidCallerJobId_ThrowsSqlException" storage="f:\etwork\bin\tests\sysintgtests.icore.common.entities.dll" id="dd810e0e-f44b-ad8e-62e3-bfb2713d174e">
      <TestCategory>
        <TestCategoryItem TestCategory="Entities" />
        <TestCategoryItem TestCategory="SystemIntegration" />
      </TestCategory>
      <Execution id="01035ea4-c9be-4591-94f7-f19bf15761e7" />
      <TestMethod codeBase="F:\ETWork\bin\Tests\SysIntgTests.iCore.Common.Entities.dll" adapterTypeName="Microsoft.VisualStudio.TestTools.TestTypes.Unit.UnitTestAdapter" className="SysIntgTests.iCore.Common.Entities.JobTests" name="TrySetStateRunning_InvalidCallerJobId_ThrowsSqlException" />
    </UnitTest>
    <UnitTest name="TrySetStateRunning_InvalidJobId_ReturnsFalse" storage="f:\etwork\bin\tests\sysintgtests.icore.common.entities.dll" id="92e8bf50-29cb-5f85-3454-7b032c009d01">
      <TestCategory>
        <TestCategoryItem TestCategory="Entities" />
        <TestCategoryItem TestCategory="SystemIntegration" />
      </TestCategory>
      <Execution id="0b7b2000-c2a5-40f4-810c-043db452602d" />
      <TestMethod codeBase="F:\ETWork\bin\Tests\SysIntgTests.iCore.Common.Entities.dll" adapterTypeName="Microsoft.VisualStudio.TestTools.TestTypes.Unit.UnitTestAdapter" className="SysIntgTests.iCore.Common.Entities.JobTests" name="TrySetStateRunning_InvalidJobId_ReturnsFalse" />
    </UnitTest>
    <UnitTest name="TrySetStateStartRunning_InvalidWorkerHostJobId_ThrowsSqlException" storage="f:\etwork\bin\tests\sysintgtests.icore.common.entities.dll" id="67c90e39-9198-57d2-c3a5-03e2bef4eb68">
      <TestCategory>
        <TestCategoryItem TestCategory="Entities" />
        <TestCategoryItem TestCategory="SystemIntegration" />
      </TestCategory>
      <Execution id="12a701ef-ed81-458e-b718-1769f217e2fb" />
      <TestMethod codeBase="F:\ETWork\bin\Tests\SysIntgTests.iCore.Common.Entities.dll" adapterTypeName="Microsoft.VisualStudio.TestTools.TestTypes.Unit.UnitTestAdapter" className="SysIntgTests.iCore.Common.Entities.JobTests" name="TrySetStateStartRunning_InvalidWorkerHostJobId_ThrowsSqlException" />
    </UnitTest>
    <UnitTest name="TrySetStateRunning_JobInRunningState_ReturnsFalseAndLeavesStateRunning" storage="f:\etwork\bin\tests\sysintgtests.icore.common.entities.dll" id="915cb7cd-f880-7b74-6bb3-6e39fba81567">
      <TestCategory>
        <TestCategoryItem TestCategory="Entities" />
        <TestCategoryItem TestCategory="SystemIntegration" />
      </TestCategory>
      <Execution id="527cd407-b6bc-4bc6-9c55-9f98a4555a0e" />
      <TestMethod codeBase="F:\ETWork\bin\Tests\SysIntgTests.iCore.Common.Entities.dll" adapterTypeName="Microsoft.VisualStudio.TestTools.TestTypes.Unit.UnitTestAdapter" className="SysIntgTests.iCore.Common.Entities.JobTests" name="TrySetStateRunning_JobInRunningState_ReturnsFalseAndLeavesStateRunning" />
    </UnitTest>
    <UnitTest name="TrySetStateRunning_JobInDispatchPendingState_ReturnsFalseAndLeavesStateDispatchPending" storage="f:\etwork\bin\tests\sysintgtests.icore.common.entities.dll" id="e65b2a90-1931-094b-3764-64eb6eb89d03">
      <TestCategory>
        <TestCategoryItem TestCategory="Entities" />
        <TestCategoryItem TestCategory="SystemIntegration" />
      </TestCategory>
      <Execution id="91e2fff0-a253-4951-bda4-81276ccf72d4" />
      <TestMethod codeBase="F:\ETWork\bin\Tests\SysIntgTests.iCore.Common.Entities.dll" adapterTypeName="Microsoft.VisualStudio.TestTools.TestTypes.Unit.UnitTestAdapter" className="SysIntgTests.iCore.Common.Entities.JobTests" name="TrySetStateRunning_JobInDispatchPendingState_ReturnsFalseAndLeavesStateDispatchPending" />
    </UnitTest>
    <UnitTest name="TrySetStateRunning_JobInDispatchedState_ReturnsFalseAndLeavesStateDispatched" storage="f:\etwork\bin\tests\sysintgtests.icore.common.entities.dll" id="16a246fa-947b-8828-5fb6-31f529d191b1">
      <TestCategory>
        <TestCategoryItem TestCategory="Entities" />
        <TestCategoryItem TestCategory="SystemIntegration" />
      </TestCategory>
      <Execution id="051f588f-420a-4c33-ac48-414c99a90456" />
      <TestMethod codeBase="F:\ETWork\bin\Tests\SysIntgTests.iCore.Common.Entities.dll" adapterTypeName="Microsoft.VisualStudio.TestTools.TestTypes.Unit.UnitTestAdapter" className="SysIntgTests.iCore.Common.Entities.JobTests" name="TrySetStateRunning_JobInDispatchedState_ReturnsFalseAndLeavesStateDispatched" />
    </UnitTest>
    <UnitTest name="TrySetStateRunning_JobInFailedState_ReturnsFalseAndLeavesStateFailed" storage="f:\etwork\bin\tests\sysintgtests.icore.common.entities.dll" id="19f95a24-830c-fd09-3644-0f8b3d968919">
      <TestCategory>
        <TestCategoryItem TestCategory="Entities" />
        <TestCategoryItem TestCategory="SystemIntegration" />
      </TestCategory>
      <Execution id="71557fd3-4886-4edb-86a5-a1a478952d6f" />
      <TestMethod codeBase="F:\ETWork\bin\Tests\SysIntgTests.iCore.Common.Entities.dll" adapterTypeName="Microsoft.VisualStudio.TestTools.TestTypes.Unit.UnitTestAdapter" className="SysIntgTests.iCore.Common.Entities.JobTests" name="TrySetStateRunning_JobInFailedState_ReturnsFalseAndLeavesStateFailed" />
    </UnitTest>
    <UnitTest name="TrySetStateRunning_JobInSucceededState_ReturnsFalseAndLeavesStateSucceeded" storage="f:\etwork\bin\tests\sysintgtests.icore.common.entities.dll" id="36e0c860-21e2-e325-c92b-ab5b2b7e8680">
      <TestCategory>
        <TestCategoryItem TestCategory="Entities" />
        <TestCategoryItem TestCategory="SystemIntegration" />
      </TestCategory>
      <Execution id="928f8e31-5a7a-4e7f-bafb-016a1602b810" />
      <TestMethod codeBase="F:\ETWork\bin\Tests\SysIntgTests.iCore.Common.Entities.dll" adapterTypeName="Microsoft.VisualStudio.TestTools.TestTypes.Unit.UnitTestAdapter" className="SysIntgTests.iCore.Common.Entities.JobTests" name="TrySetStateRunning_JobInSucceededState_ReturnsFalseAndLeavesStateSucceeded" />
    </UnitTest>
    <UnitTest name="TrySetStateRunning_JobInLostState_ReturnsFalseAndLeavesStateLost" storage="f:\etwork\bin\tests\sysintgtests.icore.common.entities.dll" id="211b1fd6-e4d9-0a28-48cd-bc72ce0b3a20">
      <TestCategory>
        <TestCategoryItem TestCategory="Entities" />
        <TestCategoryItem TestCategory="SystemIntegration" />
      </TestCategory>
      <Execution id="6b7bf95e-47f2-4361-ad4f-fbf22ec2ad0e" />
      <TestMethod codeBase="F:\ETWork\bin\Tests\SysIntgTests.iCore.Common.Entities.dll" adapterTypeName="Microsoft.VisualStudio.TestTools.TestTypes.Unit.UnitTestAdapter" className="SysIntgTests.iCore.Common.Entities.JobTests" name="TrySetStateRunning_JobInLostState_ReturnsFalseAndLeavesStateLost" />
    </UnitTest>
    <UnitTest name="TrySetStateRunning_JobInStartPendingState_ReturnsTrueAndUpdatesStateToRunning" storage="f:\etwork\bin\tests\sysintgtests.icore.common.entities.dll" id="d6b59164-c05d-af9e-6244-c37dff94b8f7">
      <TestCategory>
        <TestCategoryItem TestCategory="Entities" />
        <TestCategoryItem TestCategory="SystemIntegration" />
      </TestCategory>
      <Execution id="49ded15a-d959-4fd8-9506-621ba3b8e407" />
      <TestMethod codeBase="F:\ETWork\bin\Tests\SysIntgTests.iCore.Common.Entities.dll" adapterTypeName="Microsoft.VisualStudio.TestTools.TestTypes.Unit.UnitTestAdapter" className="SysIntgTests.iCore.Common.Entities.JobTests" name="TrySetStateRunning_JobInStartPendingState_ReturnsTrueAndUpdatesStateToRunning" />
    </UnitTest>
    <UnitTest name="TrySetStateStartPending_InvalidWorkerHostJobId_ThrowsSqlException" storage="f:\etwork\bin\tests\sysintgtests.icore.common.entities.dll" id="67ea44a8-8ccb-e2fc-7f2d-09b32ace790b">
      <TestCategory>
        <TestCategoryItem TestCategory="Entities" />
        <TestCategoryItem TestCategory="SystemIntegration" />
      </TestCategory>
      <Execution id="fa25af73-7092-4fdc-8a82-23777fa938fa" />
      <TestMethod codeBase="F:\ETWork\bin\Tests\SysIntgTests.iCore.Common.Entities.dll" adapterTypeName="Microsoft.VisualStudio.TestTools.TestTypes.Unit.UnitTestAdapter" className="SysIntgTests.iCore.Common.Entities.JobTests" name="TrySetStateStartPending_InvalidWorkerHostJobId_ThrowsSqlException" />
    </UnitTest>
    <UnitTest name="TrySetStateStartPending_InvalidServerId_ThrowsSqlException" storage="f:\etwork\bin\tests\sysintgtests.icore.common.entities.dll" id="e9422b9f-993b-135f-107f-ef8d1a34a7a7">
      <TestCategory>
        <TestCategoryItem TestCategory="Entities" />
        <TestCategoryItem TestCategory="SystemIntegration" />
      </TestCategory>
      <Execution id="1ba84367-0d16-477f-9204-ee28cb14ad64" />
      <TestMethod codeBase="F:\ETWork\bin\Tests\SysIntgTests.iCore.Common.Entities.dll" adapterTypeName="Microsoft.VisualStudio.TestTools.TestTypes.Unit.UnitTestAdapter" className="SysIntgTests.iCore.Common.Entities.JobTests" name="TrySetStateStartPending_InvalidServerId_ThrowsSqlException" />
    </UnitTest>
    <UnitTest name="TrySetStateStartPending_InvalidApplicationPoolId_ThrowsSqlException" storage="f:\etwork\bin\tests\sysintgtests.icore.common.entities.dll" id="ebb70f61-0cf5-b7cb-781e-40e6d3962219">
      <TestCategory>
        <TestCategoryItem TestCategory="Entities" />
        <TestCategoryItem TestCategory="SystemIntegration" />
      </TestCategory>
      <Execution id="fc43db9f-c375-45c4-b8cf-25bd19fd5dd5" />
      <TestMethod codeBase="F:\ETWork\bin\Tests\SysIntgTests.iCore.Common.Entities.dll" adapterTypeName="Microsoft.VisualStudio.TestTools.TestTypes.Unit.UnitTestAdapter" className="SysIntgTests.iCore.Common.Entities.JobTests" name="TrySetStateStartPending_InvalidApplicationPoolId_ThrowsSqlException" />
    </UnitTest>
    <UnitTest name="TrySetStateStartPending_JobInDispatchPendingState_ReturnsFalseAndLeavesStateUntouched" storage="f:\etwork\bin\tests\sysintgtests.icore.common.entities.dll" id="346cf976-bd0d-dcb4-ff4c-811aa26a21f9">
      <TestCategory>
        <TestCategoryItem TestCategory="Entities" />
        <TestCategoryItem TestCategory="SystemIntegration" />
      </TestCategory>
      <Execution id="18d73c27-7841-47d0-990a-f3a8c58f61a0" />
      <TestMethod codeBase="F:\ETWork\bin\Tests\SysIntgTests.iCore.Common.Entities.dll" adapterTypeName="Microsoft.VisualStudio.TestTools.TestTypes.Unit.UnitTestAdapter" className="SysIntgTests.iCore.Common.Entities.JobTests" name="TrySetStateStartPending_JobInDispatchPendingState_ReturnsFalseAndLeavesStateUntouched" />
    </UnitTest>
    <UnitTest name="TrySetStateStartPending_JobInDispatchedState_ReturnsTrueAndUpdatesState" storage="f:\etwork\bin\tests\sysintgtests.icore.common.entities.dll" id="c1cfa849-857e-312e-08ac-90b87ab9952f">
      <TestCategory>
        <TestCategoryItem TestCategory="Entities" />
        <TestCategoryItem TestCategory="SystemIntegration" />
      </TestCategory>
      <Execution id="b6a5b8c8-6436-4b74-84b0-2b4a67c9dc1c" />
      <TestMethod codeBase="F:\ETWork\bin\Tests\SysIntgTests.iCore.Common.Entities.dll" adapterTypeName="Microsoft.VisualStudio.TestTools.TestTypes.Unit.UnitTestAdapter" className="SysIntgTests.iCore.Common.Entities.JobTests" name="TrySetStateStartPending_JobInDispatchedState_ReturnsTrueAndUpdatesState" />
    </UnitTest>
    <UnitTest name="TrySetStateStartPending_JobInDispatchedStateWithOtherWHM_ReturnsFalseAndLeavesStateUnmodified" storage="f:\etwork\bin\tests\sysintgtests.icore.common.entities.dll" id="e94f29cb-993d-4690-50c6-d0fc5acc3ee7">
      <TestCategory>
        <TestCategoryItem TestCategory="Entities" />
        <TestCategoryItem TestCategory="SystemIntegration" />
      </TestCategory>
      <Execution id="41856a57-6b37-4819-9ce7-d324a34f46b9" />
      <TestMethod codeBase="F:\ETWork\bin\Tests\SysIntgTests.iCore.Common.Entities.dll" adapterTypeName="Microsoft.VisualStudio.TestTools.TestTypes.Unit.UnitTestAdapter" className="SysIntgTests.iCore.Common.Entities.JobTests" name="TrySetStateStartPending_JobInDispatchedStateWithOtherWHM_ReturnsFalseAndLeavesStateUnmodified" />
    </UnitTest>
    <UnitTest name="TrySetStateStartPending_JobInDispatchedStateWithCorrectWHM_ReturnsTrueAndUpdatesState" storage="f:\etwork\bin\tests\sysintgtests.icore.common.entities.dll" id="5f777e64-7212-32cd-8322-88853d5d0573">
      <TestCategory>
        <TestCategoryItem TestCategory="Entities" />
        <TestCategoryItem TestCategory="SystemIntegration" />
      </TestCategory>
      <Execution id="caba3a74-acbe-4dba-81f2-82596a801646" />
      <TestMethod codeBase="F:\ETWork\bin\Tests\SysIntgTests.iCore.Common.Entities.dll" adapterTypeName="Microsoft.VisualStudio.TestTools.TestTypes.Unit.UnitTestAdapter" className="SysIntgTests.iCore.Common.Entities.JobTests" name="TrySetStateStartPending_JobInDispatchedStateWithCorrectWHM_ReturnsTrueAndUpdatesState" />
    </UnitTest>
    <UnitTest name="TrySetStateStartPending_JobInStartPendingState_ReturnsFalseAndLeavesStateUntouched" storage="f:\etwork\bin\tests\sysintgtests.icore.common.entities.dll" id="259f6d90-5126-bee7-53ed-bffb5b9c56a4">
      <TestCategory>
        <TestCategoryItem TestCategory="Entities" />
        <TestCategoryItem TestCategory="SystemIntegration" />
      </TestCategory>
      <Execution id="be7bf890-4f05-4d9f-919e-52ac184fb6bb" />
      <TestMethod codeBase="F:\ETWork\bin\Tests\SysIntgTests.iCore.Common.Entities.dll" adapterTypeName="Microsoft.VisualStudio.TestTools.TestTypes.Unit.UnitTestAdapter" className="SysIntgTests.iCore.Common.Entities.JobTests" name="TrySetStateStartPending_JobInStartPendingState_ReturnsFalseAndLeavesStateUntouched" />
    </UnitTest>
    <UnitTest name="TrySetStateStartPending_JobInRunningState_ReturnsFalseAndLeavesStateUntouched" storage="f:\etwork\bin\tests\sysintgtests.icore.common.entities.dll" id="e1d30c70-635e-380c-d45f-ac7eeeec6d0d">
      <TestCategory>
        <TestCategoryItem TestCategory="Entities" />
        <TestCategoryItem TestCategory="SystemIntegration" />
      </TestCategory>
      <Execution id="39ed8263-a223-40e5-a867-cecc671bc0c3" />
      <TestMethod codeBase="F:\ETWork\bin\Tests\SysIntgTests.iCore.Common.Entities.dll" adapterTypeName="Microsoft.VisualStudio.TestTools.TestTypes.Unit.UnitTestAdapter" className="SysIntgTests.iCore.Common.Entities.JobTests" name="TrySetStateStartPending_JobInRunningState_ReturnsFalseAndLeavesStateUntouched" />
    </UnitTest>
    <UnitTest name="TrySetStateStartPending_JobInSucceededState_ReturnsFalseAndLeavesStateUntouched" storage="f:\etwork\bin\tests\sysintgtests.icore.common.entities.dll" id="d2f7976c-3de5-7e62-a6a1-71ea2bf1e703">
      <TestCategory>
        <TestCategoryItem TestCategory="Entities" />
        <TestCategoryItem TestCategory="SystemIntegration" />
      </TestCategory>
      <Execution id="396310ff-b332-4065-a5ee-bf7ba3fd94e1" />
      <TestMethod codeBase="F:\ETWork\bin\Tests\SysIntgTests.iCore.Common.Entities.dll" adapterTypeName="Microsoft.VisualStudio.TestTools.TestTypes.Unit.UnitTestAdapter" className="SysIntgTests.iCore.Common.Entities.JobTests" name="TrySetStateStartPending_JobInSucceededState_ReturnsFalseAndLeavesStateUntouched" />
    </UnitTest>
    <UnitTest name="TrySetStateStartPending_JobInFailedState_ReturnsFalseAndLeavesStateUntouched" storage="f:\etwork\bin\tests\sysintgtests.icore.common.entities.dll" id="ef1c4840-e63e-d4e1-a2bd-931b850aa687">
      <TestCategory>
        <TestCategoryItem TestCategory="Entities" />
        <TestCategoryItem TestCategory="SystemIntegration" />
      </TestCategory>
      <Execution id="d5c16486-df98-4b16-b6c6-ba1c56cb175c" />
      <TestMethod codeBase="F:\ETWork\bin\Tests\SysIntgTests.iCore.Common.Entities.dll" adapterTypeName="Microsoft.VisualStudio.TestTools.TestTypes.Unit.UnitTestAdapter" className="SysIntgTests.iCore.Common.Entities.JobTests" name="TrySetStateStartPending_JobInFailedState_ReturnsFalseAndLeavesStateUntouched" />
    </UnitTest>
    <UnitTest name="TrySetStateStartPending_JobInLostState_ReturnsFalseAndLeavesStateUntouched" storage="f:\etwork\bin\tests\sysintgtests.icore.common.entities.dll" id="d92620e3-5efe-3122-8366-01c5a76e71ba">
      <TestCategory>
        <TestCategoryItem TestCategory="Entities" />
        <TestCategoryItem TestCategory="SystemIntegration" />
      </TestCategory>
      <Execution id="171fc353-7d82-45f4-ba5e-583506feef21" />
      <TestMethod codeBase="F:\ETWork\bin\Tests\SysIntgTests.iCore.Common.Entities.dll" adapterTypeName="Microsoft.VisualStudio.TestTools.TestTypes.Unit.UnitTestAdapter" className="SysIntgTests.iCore.Common.Entities.JobTests" name="TrySetStateStartPending_JobInLostState_ReturnsFalseAndLeavesStateUntouched" />
    </UnitTest>
    <UnitTest name="TrySetStateStartPending_JobInInactiveState_ReturnsFalseAndLeavesStateUntouched" storage="f:\etwork\bin\tests\sysintgtests.icore.common.entities.dll" id="41406bec-935f-aeb2-6c89-b08785777b44">
      <TestCategory>
        <TestCategoryItem TestCategory="Entities" />
        <TestCategoryItem TestCategory="SystemIntegration" />
      </TestCategory>
      <Execution id="86d3e857-f2c6-4fdc-826a-d6f9599adcae" />
      <TestMethod codeBase="F:\ETWork\bin\Tests\SysIntgTests.iCore.Common.Entities.dll" adapterTypeName="Microsoft.VisualStudio.TestTools.TestTypes.Unit.UnitTestAdapter" className="SysIntgTests.iCore.Common.Entities.JobTests" name="TrySetStateStartPending_JobInInactiveState_ReturnsFalseAndLeavesStateUntouched" />
    </UnitTest>
    <UnitTest name="TrySetStateFinishedOnDispatchPendingJob_InvalidCallerJobId_ThrowsSqlException" storage="f:\etwork\bin\tests\sysintgtests.icore.common.entities.dll" id="0205e5db-ee1a-7dfa-6225-b17ccb0ab352">
      <TestCategory>
        <TestCategoryItem TestCategory="Entities" />
        <TestCategoryItem TestCategory="SystemIntegration" />
      </TestCategory>
      <Execution id="df57fc83-09e6-443d-8f8f-94a2fdf61be3" />
      <TestMethod codeBase="F:\ETWork\bin\Tests\SysIntgTests.iCore.Common.Entities.dll" adapterTypeName="Microsoft.VisualStudio.TestTools.TestTypes.Unit.UnitTestAdapter" className="SysIntgTests.iCore.Common.Entities.JobTests" name="TrySetStateFinishedOnDispatchPendingJob_InvalidCallerJobId_ThrowsSqlException" />
    </UnitTest>
    <UnitTest name="TrySetStateFinishedOnDispatchPendingJob_InvalidJobId_ReturnsFalse" storage="f:\etwork\bin\tests\sysintgtests.icore.common.entities.dll" id="fa9b1227-52b5-06b3-a54b-a6acb5edb1c4">
      <TestCategory>
        <TestCategoryItem TestCategory="Entities" />
        <TestCategoryItem TestCategory="SystemIntegration" />
      </TestCategory>
      <Execution id="55fb5715-5ea9-48db-8661-98e91afad159" />
      <TestMethod codeBase="F:\ETWork\bin\Tests\SysIntgTests.iCore.Common.Entities.dll" adapterTypeName="Microsoft.VisualStudio.TestTools.TestTypes.Unit.UnitTestAdapter" className="SysIntgTests.iCore.Common.Entities.JobTests" name="TrySetStateFinishedOnDispatchPendingJob_InvalidJobId_ReturnsFalse" />
    </UnitTest>
    <UnitTest name="RepositoryEntityTypeId_ReturnsCategory" storage="f:\etwork\bin\tests\sysintgtests.icore.common.entities.dll" id="383503d6-a885-3158-2f75-6c4866b394c4">
      <TestCategory>
        <TestCategoryItem TestCategory="Entities" />
        <TestCategoryItem TestCategory="SystemIntegration" />
      </TestCategory>
      <Execution id="9f36ea7d-33dc-4994-8fd0-dc1818581c74" />
      <TestMethod codeBase="F:\ETWork\bin\Tests\SysIntgTests.iCore.Common.Entities.dll" adapterTypeName="Microsoft.VisualStudio.TestTools.TestTypes.Unit.UnitTestAdapter" className="SysIntgTests.iCore.Common.Entities.CategoryTests" name="RepositoryEntityTypeId_ReturnsCategory" />
    </UnitTest>
    <UnitTest name="RepositoryEntityType_ReturnsICategory" storage="f:\etwork\bin\tests\sysintgtests.icore.common.entities.dll" id="ff783750-3e5c-2ad8-d27b-96a48c6e45da">
      <TestCategory>
        <TestCategoryItem TestCategory="Entities" />
        <TestCategoryItem TestCategory="SystemIntegration" />
      </TestCategory>
      <Execution id="9fbed352-19cd-4f1c-8a84-02d4b9c6ab5b" />
      <TestMethod codeBase="F:\ETWork\bin\Tests\SysIntgTests.iCore.Common.Entities.dll" adapterTypeName="Microsoft.VisualStudio.TestTools.TestTypes.Unit.UnitTestAdapter" className="SysIntgTests.iCore.Common.Entities.CategoryTests" name="RepositoryEntityType_ReturnsICategory" />
    </UnitTest>
    <UnitTest name="RepositorySystemContext_MatchesActualSystemContext" storage="f:\etwork\bin\tests\sysintgtests.icore.common.entities.dll" id="aad7f93c-8cac-719a-7817-11a2021729cf">
      <TestCategory>
        <TestCategoryItem TestCategory="Entities" />
        <TestCategoryItem TestCategory="SystemIntegration" />
      </TestCategory>
      <Execution id="34584007-4074-45f9-9ddb-1b14a08cdb8b" />
      <TestMethod codeBase="F:\ETWork\bin\Tests\SysIntgTests.iCore.Common.Entities.dll" adapterTypeName="Microsoft.VisualStudio.TestTools.TestTypes.Unit.UnitTestAdapter" className="SysIntgTests.iCore.Common.Entities.CategoryTests" name="RepositorySystemContext_MatchesActualSystemContext" />
    </UnitTest>
    <UnitTest name="Exists_KnownCategoryId_ReturnsTrue (Data Row 0)" storage="f:\etwork\bin\tests\sysintgtests.icore.common.entities.dll" id="7cb9b044-b0bf-46f5-a9ca-7ac51717f5b0">
      <TestCategory>
        <TestCategoryItem TestCategory="Entities" />
        <TestCategoryItem TestCategory="SystemIntegration" />
      </TestCategory>
      <Execution id="3353e086-2956-4551-848c-4a8e05fd1ad9" />
      <TestMethod codeBase="F:\ETWork\bin\Tests\SysIntgTests.iCore.Common.Entities.dll" adapterTypeName="Microsoft.VisualStudio.TestTools.TestTypes.Unit.UnitTestAdapter" className="SysIntgTests.iCore.Common.Entities.CategoryTests" name="Exists_KnownCategoryId_ReturnsTrue (Data Row 0)" />
    </UnitTest>
    <UnitTest name="Exists_KnownCategoryId_ReturnsTrue (Data Row 1)" storage="f:\etwork\bin\tests\sysintgtests.icore.common.entities.dll" id="26e26ac4-ec0f-4841-810c-178536b4e01f">
      <TestCategory>
        <TestCategoryItem TestCategory="Entities" />
        <TestCategoryItem TestCategory="SystemIntegration" />
      </TestCategory>
      <Execution id="042a2153-97da-487a-b4a8-3e7bdff6738e" />
      <TestMethod codeBase="F:\ETWork\bin\Tests\SysIntgTests.iCore.Common.Entities.dll" adapterTypeName="Microsoft.VisualStudio.TestTools.TestTypes.Unit.UnitTestAdapter" className="SysIntgTests.iCore.Common.Entities.CategoryTests" name="Exists_KnownCategoryId_ReturnsTrue (Data Row 1)" />
    </UnitTest>
    <UnitTest name="Exists_KnownCategoryId_ReturnsTrue (Data Row 2)" storage="f:\etwork\bin\tests\sysintgtests.icore.common.entities.dll" id="e2b5a3dd-c078-45e8-bdb7-18e9c42ae548">
      <TestCategory>
        <TestCategoryItem TestCategory="Entities" />
        <TestCategoryItem TestCategory="SystemIntegration" />
      </TestCategory>
      <Execution id="c8434fe6-1efa-4bae-9669-a506381a6f1a" />
      <TestMethod codeBase="F:\ETWork\bin\Tests\SysIntgTests.iCore.Common.Entities.dll" adapterTypeName="Microsoft.VisualStudio.TestTools.TestTypes.Unit.UnitTestAdapter" className="SysIntgTests.iCore.Common.Entities.CategoryTests" name="Exists_KnownCategoryId_ReturnsTrue (Data Row 2)" />
    </UnitTest>
    <UnitTest name="Exists_KnownCategoryId_ReturnsTrue (Data Row 3)" storage="f:\etwork\bin\tests\sysintgtests.icore.common.entities.dll" id="b1713ad9-2b06-4844-af26-9d5f4313d2fa">
      <TestCategory>
        <TestCategoryItem TestCategory="Entities" />
        <TestCategoryItem TestCategory="SystemIntegration" />
      </TestCategory>
      <Execution id="aa752f76-2e65-4d94-8ef1-452b52108ff0" />
      <TestMethod codeBase="F:\ETWork\bin\Tests\SysIntgTests.iCore.Common.Entities.dll" adapterTypeName="Microsoft.VisualStudio.TestTools.TestTypes.Unit.UnitTestAdapter" className="SysIntgTests.iCore.Common.Entities.CategoryTests" name="Exists_KnownCategoryId_ReturnsTrue (Data Row 3)" />
    </UnitTest>
    <UnitTest name="Exists_KnownCategoryId_ReturnsTrue (Data Row 4)" storage="f:\etwork\bin\tests\sysintgtests.icore.common.entities.dll" id="052682b1-dc93-4c3c-86df-6f06e0842f41">
      <TestCategory>
        <TestCategoryItem TestCategory="Entities" />
        <TestCategoryItem TestCategory="SystemIntegration" />
      </TestCategory>
      <Execution id="0f9ba743-32b9-4716-b4a8-ce392a1336c4" />
      <TestMethod codeBase="F:\ETWork\bin\Tests\SysIntgTests.iCore.Common.Entities.dll" adapterTypeName="Microsoft.VisualStudio.TestTools.TestTypes.Unit.UnitTestAdapter" className="SysIntgTests.iCore.Common.Entities.CategoryTests" name="Exists_KnownCategoryId_ReturnsTrue (Data Row 4)" />
    </UnitTest>
    <UnitTest name="Exists_KnownCategoryId_ReturnsTrue (Data Row 5)" storage="f:\etwork\bin\tests\sysintgtests.icore.common.entities.dll" id="97e5d192-085f-4bf9-b9ce-afcaaa6fa639">
      <TestCategory>
        <TestCategoryItem TestCategory="Entities" />
        <TestCategoryItem TestCategory="SystemIntegration" />
      </TestCategory>
      <Execution id="4fc54f67-bae1-4739-b587-29bbc1c47eae" />
      <TestMethod codeBase="F:\ETWork\bin\Tests\SysIntgTests.iCore.Common.Entities.dll" adapterTypeName="Microsoft.VisualStudio.TestTools.TestTypes.Unit.UnitTestAdapter" className="SysIntgTests.iCore.Common.Entities.CategoryTests" name="Exists_KnownCategoryId_ReturnsTrue (Data Row 5)" />
    </UnitTest>
    <UnitTest name="Exists_KnownCategoryId_ReturnsTrue (Data Row 6)" storage="f:\etwork\bin\tests\sysintgtests.icore.common.entities.dll" id="dbd9b5eb-7617-4e58-93d1-1bf491fecce6">
      <TestCategory>
        <TestCategoryItem TestCategory="Entities" />
        <TestCategoryItem TestCategory="SystemIntegration" />
      </TestCategory>
      <Execution id="e0fbff7b-0435-4e10-b94c-0c8ae8c94a5f" />
      <TestMethod codeBase="F:\ETWork\bin\Tests\SysIntgTests.iCore.Common.Entities.dll" adapterTypeName="Microsoft.VisualStudio.TestTools.TestTypes.Unit.UnitTestAdapter" className="SysIntgTests.iCore.Common.Entities.CategoryTests" name="Exists_KnownCategoryId_ReturnsTrue (Data Row 6)" />
    </UnitTest>
    <UnitTest name="Exists_KnownCategoryId_ReturnsTrue (Data Row 7)" storage="f:\etwork\bin\tests\sysintgtests.icore.common.entities.dll" id="7d4efdf7-3239-41c0-b661-4815b6a7d2d7">
      <TestCategory>
        <TestCategoryItem TestCategory="Entities" />
        <TestCategoryItem TestCategory="SystemIntegration" />
      </TestCategory>
      <Execution id="9ade7a2e-4475-4e9f-8759-b2a4a7b45851" />
      <TestMethod codeBase="F:\ETWork\bin\Tests\SysIntgTests.iCore.Common.Entities.dll" adapterTypeName="Microsoft.VisualStudio.TestTools.TestTypes.Unit.UnitTestAdapter" className="SysIntgTests.iCore.Common.Entities.CategoryTests" name="Exists_KnownCategoryId_ReturnsTrue (Data Row 7)" />
    </UnitTest>
    <UnitTest name="Exists_NonExistingCategoryId_ReturnsFalse" storage="f:\etwork\bin\tests\sysintgtests.icore.common.entities.dll" id="d72ce0ff-e0ed-36ad-506f-f4977e11c20a">
      <TestCategory>
        <TestCategoryItem TestCategory="Entities" />
        <TestCategoryItem TestCategory="SystemIntegration" />
      </TestCategory>
      <Execution id="831a9047-fb9f-4cfa-a90a-0e9a8028a894" />
      <TestMethod codeBase="F:\ETWork\bin\Tests\SysIntgTests.iCore.Common.Entities.dll" adapterTypeName="Microsoft.VisualStudio.TestTools.TestTypes.Unit.UnitTestAdapter" className="SysIntgTests.iCore.Common.Entities.CategoryTests" name="Exists_NonExistingCategoryId_ReturnsFalse" />
    </UnitTest>
    <UnitTest name="Exists_UnsupportedKey_ThrowsArgumentException" storage="f:\etwork\bin\tests\sysintgtests.icore.common.entities.dll" id="9bf1cb07-64a4-46c8-a07d-c5e3c9064107">
      <TestCategory>
        <TestCategoryItem TestCategory="Entities" />
        <TestCategoryItem TestCategory="SystemIntegration" />
      </TestCategory>
      <Execution id="bd4a0234-ec64-4cb0-a46c-31d814ff3118" />
      <TestMethod codeBase="F:\ETWork\bin\Tests\SysIntgTests.iCore.Common.Entities.dll" adapterTypeName="Microsoft.VisualStudio.TestTools.TestTypes.Unit.UnitTestAdapter" className="SysIntgTests.iCore.Common.Entities.CategoryTests" name="Exists_UnsupportedKey_ThrowsArgumentException" />
    </UnitTest>
    <UnitTest name="Exists_KnownCategoryKey_ReturnsTrue (Data Row 0)" storage="f:\etwork\bin\tests\sysintgtests.icore.common.entities.dll" id="b92754c6-1c01-4d04-afff-cce13f6a40de">
      <TestCategory>
        <TestCategoryItem TestCategory="Entities" />
        <TestCategoryItem TestCategory="SystemIntegration" />
      </TestCategory>
      <Execution id="80d904e2-6243-4050-9b13-d02b02c361dd" />
      <TestMethod codeBase="F:\ETWork\bin\Tests\SysIntgTests.iCore.Common.Entities.dll" adapterTypeName="Microsoft.VisualStudio.TestTools.TestTypes.Unit.UnitTestAdapter" className="SysIntgTests.iCore.Common.Entities.CategoryTests" name="Exists_KnownCategoryKey_ReturnsTrue (Data Row 0)" />
    </UnitTest>
    <UnitTest name="Exists_KnownCategoryKey_ReturnsTrue (Data Row 1)" storage="f:\etwork\bin\tests\sysintgtests.icore.common.entities.dll" id="4a611b67-cabf-42f7-b229-2c4327239f8e">
      <TestCategory>
        <TestCategoryItem TestCategory="Entities" />
        <TestCategoryItem TestCategory="SystemIntegration" />
      </TestCategory>
      <Execution id="ed098ecf-a588-4194-8992-441e46450b84" />
      <TestMethod codeBase="F:\ETWork\bin\Tests\SysIntgTests.iCore.Common.Entities.dll" adapterTypeName="Microsoft.VisualStudio.TestTools.TestTypes.Unit.UnitTestAdapter" className="SysIntgTests.iCore.Common.Entities.CategoryTests" name="Exists_KnownCategoryKey_ReturnsTrue (Data Row 1)" />
    </UnitTest>
    <UnitTest name="Exists_KnownCategoryKey_ReturnsTrue (Data Row 2)" storage="f:\etwork\bin\tests\sysintgtests.icore.common.entities.dll" id="ff274c4f-222c-485a-ac38-6f23b9fa2820">
      <TestCategory>
        <TestCategoryItem TestCategory="Entities" />
        <TestCategoryItem TestCategory="SystemIntegration" />
      </TestCategory>
      <Execution id="ebc00b39-0c65-4df3-a178-3225d3d606b9" />
      <TestMethod codeBase="F:\ETWork\bin\Tests\SysIntgTests.iCore.Common.Entities.dll" adapterTypeName="Microsoft.VisualStudio.TestTools.TestTypes.Unit.UnitTestAdapter" className="SysIntgTests.iCore.Common.Entities.CategoryTests" name="Exists_KnownCategoryKey_ReturnsTrue (Data Row 2)" />
    </UnitTest>
    <UnitTest name="Exists_KnownCategoryKey_ReturnsTrue (Data Row 3)" storage="f:\etwork\bin\tests\sysintgtests.icore.common.entities.dll" id="98e65992-3fef-4a8a-baea-0d6b0124769a">
      <TestCategory>
        <TestCategoryItem TestCategory="Entities" />
        <TestCategoryItem TestCategory="SystemIntegration" />
      </TestCategory>
      <Execution id="89d82e11-4130-4452-89eb-2c8e1d0fb5d0" />
      <TestMethod codeBase="F:\ETWork\bin\Tests\SysIntgTests.iCore.Common.Entities.dll" adapterTypeName="Microsoft.VisualStudio.TestTools.TestTypes.Unit.UnitTestAdapter" className="SysIntgTests.iCore.Common.Entities.CategoryTests" name="Exists_KnownCategoryKey_ReturnsTrue (Data Row 3)" />
    </UnitTest>
    <UnitTest name="Exists_KnownCategoryKey_ReturnsTrue (Data Row 4)" storage="f:\etwork\bin\tests\sysintgtests.icore.common.entities.dll" id="076af328-a109-46ce-9dd2-5c9fd85f4bae">
      <TestCategory>
        <TestCategoryItem TestCategory="Entities" />
        <TestCategoryItem TestCategory="SystemIntegration" />
      </TestCategory>
      <Execution id="8474398a-873e-4257-bd2a-e12022eb49d1" />
      <TestMethod codeBase="F:\ETWork\bin\Tests\SysIntgTests.iCore.Common.Entities.dll" adapterTypeName="Microsoft.VisualStudio.TestTools.TestTypes.Unit.UnitTestAdapter" className="SysIntgTests.iCore.Common.Entities.CategoryTests" name="Exists_KnownCategoryKey_ReturnsTrue (Data Row 4)" />
    </UnitTest>
    <UnitTest name="Exists_KnownCategoryKey_ReturnsTrue (Data Row 5)" storage="f:\etwork\bin\tests\sysintgtests.icore.common.entities.dll" id="59210b18-2dbc-4d24-9958-8fea9310174b">
      <TestCategory>
        <TestCategoryItem TestCategory="Entities" />
        <TestCategoryItem TestCategory="SystemIntegration" />
      </TestCategory>
      <Execution id="d3d98e81-31e5-4d7b-8cf4-89cac8b7e6a9" />
      <TestMethod codeBase="F:\ETWork\bin\Tests\SysIntgTests.iCore.Common.Entities.dll" adapterTypeName="Microsoft.VisualStudio.TestTools.TestTypes.Unit.UnitTestAdapter" className="SysIntgTests.iCore.Common.Entities.CategoryTests" name="Exists_KnownCategoryKey_ReturnsTrue (Data Row 5)" />
    </UnitTest>
    <UnitTest name="Exists_KnownCategoryKey_ReturnsTrue (Data Row 6)" storage="f:\etwork\bin\tests\sysintgtests.icore.common.entities.dll" id="1a20f5a5-6ea3-485d-82b0-8b551cffb93b">
      <TestCategory>
        <TestCategoryItem TestCategory="Entities" />
        <TestCategoryItem TestCategory="SystemIntegration" />
      </TestCategory>
      <Execution id="1f81b1b3-433f-40c9-838b-81750c7a6c21" />
      <TestMethod codeBase="F:\ETWork\bin\Tests\SysIntgTests.iCore.Common.Entities.dll" adapterTypeName="Microsoft.VisualStudio.TestTools.TestTypes.Unit.UnitTestAdapter" className="SysIntgTests.iCore.Common.Entities.CategoryTests" name="Exists_KnownCategoryKey_ReturnsTrue (Data Row 6)" />
    </UnitTest>
    <UnitTest name="Exists_KnownCategoryKey_ReturnsTrue (Data Row 7)" storage="f:\etwork\bin\tests\sysintgtests.icore.common.entities.dll" id="efde316f-2c70-48c8-a9e4-bd2db807ee97">
      <TestCategory>
        <TestCategoryItem TestCategory="Entities" />
        <TestCategoryItem TestCategory="SystemIntegration" />
      </TestCategory>
      <Execution id="31931c61-ee9b-46ab-8be6-09de4ba8dadd" />
      <TestMethod codeBase="F:\ETWork\bin\Tests\SysIntgTests.iCore.Common.Entities.dll" adapterTypeName="Microsoft.VisualStudio.TestTools.TestTypes.Unit.UnitTestAdapter" className="SysIntgTests.iCore.Common.Entities.CategoryTests" name="Exists_KnownCategoryKey_ReturnsTrue (Data Row 7)" />
    </UnitTest>
    <UnitTest name="Exists_NonExistingCategoryKey_ReturnsFalse" storage="f:\etwork\bin\tests\sysintgtests.icore.common.entities.dll" id="39f93dd3-9baf-25d0-db4e-1b6b0274deb0">
      <TestCategory>
        <TestCategoryItem TestCategory="Entities" />
        <TestCategoryItem TestCategory="SystemIntegration" />
      </TestCategory>
      <Execution id="e4d0d63d-93a5-4c16-8435-16b1f81fe603" />
      <TestMethod codeBase="F:\ETWork\bin\Tests\SysIntgTests.iCore.Common.Entities.dll" adapterTypeName="Microsoft.VisualStudio.TestTools.TestTypes.Unit.UnitTestAdapter" className="SysIntgTests.iCore.Common.Entities.CategoryTests" name="Exists_NonExistingCategoryKey_ReturnsFalse" />
    </UnitTest>
    <UnitTest name="CreateInstance_CreatesNewCategory" storage="f:\etwork\bin\tests\sysintgtests.icore.common.entities.dll" id="9f47eb40-caf8-e355-fdbb-679467a531bd">
      <Execution id="50dfee6c-2afc-4235-a751-103873aa3707" />
      <TestMethod codeBase="F:\ETWork\bin\Tests\SysIntgTests.iCore.Common.Entities.dll" adapterTypeName="Microsoft.VisualStudio.TestTools.TestTypes.Unit.UnitTestAdapter" className="SysIntgTests.iCore.Common.Entities.CategoryTests" name="CreateInstance_CreatesNewCategory" />
    </UnitTest>
    <UnitTest name="List_ContainsEachKnownCategoryOnce (Data Row 0)" storage="f:\etwork\bin\tests\sysintgtests.icore.common.entities.dll" id="73e6ea20-03da-4dcb-bc4b-5a2affc911d2">
      <TestCategory>
        <TestCategoryItem TestCategory="Entities" />
        <TestCategoryItem TestCategory="SystemIntegration" />
      </TestCategory>
      <Execution id="664fad23-a005-4656-a42c-7479b72d943a" />
      <TestMethod codeBase="F:\ETWork\bin\Tests\SysIntgTests.iCore.Common.Entities.dll" adapterTypeName="Microsoft.VisualStudio.TestTools.TestTypes.Unit.UnitTestAdapter" className="SysIntgTests.iCore.Common.Entities.CategoryTests" name="List_ContainsEachKnownCategoryOnce (Data Row 0)" />
    </UnitTest>
    <UnitTest name="List_ContainsEachKnownCategoryOnce (Data Row 1)" storage="f:\etwork\bin\tests\sysintgtests.icore.common.entities.dll" id="c22cafdb-51de-430e-b38e-7c210c4b091d">
      <TestCategory>
        <TestCategoryItem TestCategory="Entities" />
        <TestCategoryItem TestCategory="SystemIntegration" />
      </TestCategory>
      <Execution id="89633369-81ff-4d35-88dd-90453c7ec0ac" />
      <TestMethod codeBase="F:\ETWork\bin\Tests\SysIntgTests.iCore.Common.Entities.dll" adapterTypeName="Microsoft.VisualStudio.TestTools.TestTypes.Unit.UnitTestAdapter" className="SysIntgTests.iCore.Common.Entities.CategoryTests" name="List_ContainsEachKnownCategoryOnce (Data Row 1)" />
    </UnitTest>
    <UnitTest name="List_ContainsEachKnownCategoryOnce (Data Row 2)" storage="f:\etwork\bin\tests\sysintgtests.icore.common.entities.dll" id="eed117bf-e26b-4d50-8687-460564ccd0ba">
      <TestCategory>
        <TestCategoryItem TestCategory="Entities" />
        <TestCategoryItem TestCategory="SystemIntegration" />
      </TestCategory>
      <Execution id="184b839c-2e4b-4536-8a2a-cbdb681ebfba" />
      <TestMethod codeBase="F:\ETWork\bin\Tests\SysIntgTests.iCore.Common.Entities.dll" adapterTypeName="Microsoft.VisualStudio.TestTools.TestTypes.Unit.UnitTestAdapter" className="SysIntgTests.iCore.Common.Entities.CategoryTests" name="List_ContainsEachKnownCategoryOnce (Data Row 2)" />
    </UnitTest>
    <UnitTest name="List_ContainsEachKnownCategoryOnce (Data Row 3)" storage="f:\etwork\bin\tests\sysintgtests.icore.common.entities.dll" id="b4ff0b28-329c-474f-b300-96b9d6f62247">
      <TestCategory>
        <TestCategoryItem TestCategory="Entities" />
        <TestCategoryItem TestCategory="SystemIntegration" />
      </TestCategory>
      <Execution id="69ed7fc8-fa65-47b9-969d-0e5059447bfe" />
      <TestMethod codeBase="F:\ETWork\bin\Tests\SysIntgTests.iCore.Common.Entities.dll" adapterTypeName="Microsoft.VisualStudio.TestTools.TestTypes.Unit.UnitTestAdapter" className="SysIntgTests.iCore.Common.Entities.CategoryTests" name="List_ContainsEachKnownCategoryOnce (Data Row 3)" />
    </UnitTest>
    <UnitTest name="List_ContainsEachKnownCategoryOnce (Data Row 4)" storage="f:\etwork\bin\tests\sysintgtests.icore.common.entities.dll" id="e167f02e-45b9-4ef8-a544-dbd8c9cce913">
      <TestCategory>
        <TestCategoryItem TestCategory="Entities" />
        <TestCategoryItem TestCategory="SystemIntegration" />
      </TestCategory>
      <Execution id="5aca8d09-e262-42f6-a925-f498c1973e05" />
      <TestMethod codeBase="F:\ETWork\bin\Tests\SysIntgTests.iCore.Common.Entities.dll" adapterTypeName="Microsoft.VisualStudio.TestTools.TestTypes.Unit.UnitTestAdapter" className="SysIntgTests.iCore.Common.Entities.CategoryTests" name="List_ContainsEachKnownCategoryOnce (Data Row 4)" />
    </UnitTest>
    <UnitTest name="List_ContainsEachKnownCategoryOnce (Data Row 5)" storage="f:\etwork\bin\tests\sysintgtests.icore.common.entities.dll" id="5bc37535-0758-422d-95af-91dd0100998a">
      <TestCategory>
        <TestCategoryItem TestCategory="Entities" />
        <TestCategoryItem TestCategory="SystemIntegration" />
      </TestCategory>
      <Execution id="62a2037b-d004-438c-9daf-29b131d21c4a" />
      <TestMethod codeBase="F:\ETWork\bin\Tests\SysIntgTests.iCore.Common.Entities.dll" adapterTypeName="Microsoft.VisualStudio.TestTools.TestTypes.Unit.UnitTestAdapter" className="SysIntgTests.iCore.Common.Entities.CategoryTests" name="List_ContainsEachKnownCategoryOnce (Data Row 5)" />
    </UnitTest>
    <UnitTest name="List_ContainsEachKnownCategoryOnce (Data Row 6)" storage="f:\etwork\bin\tests\sysintgtests.icore.common.entities.dll" id="083814aa-cd6f-48c3-a18e-da6260fa6536">
      <TestCategory>
        <TestCategoryItem TestCategory="Entities" />
        <TestCategoryItem TestCategory="SystemIntegration" />
      </TestCategory>
      <Execution id="394031cd-4906-4a75-9a3f-db10217f56cd" />
      <TestMethod codeBase="F:\ETWork\bin\Tests\SysIntgTests.iCore.Common.Entities.dll" adapterTypeName="Microsoft.VisualStudio.TestTools.TestTypes.Unit.UnitTestAdapter" className="SysIntgTests.iCore.Common.Entities.CategoryTests" name="List_ContainsEachKnownCategoryOnce (Data Row 6)" />
    </UnitTest>
    <UnitTest name="List_ContainsEachKnownCategoryOnce (Data Row 7)" storage="f:\etwork\bin\tests\sysintgtests.icore.common.entities.dll" id="04990a73-6fcb-4cab-ab51-a4fc14b6d780">
      <TestCategory>
        <TestCategoryItem TestCategory="Entities" />
        <TestCategoryItem TestCategory="SystemIntegration" />
      </TestCategory>
      <Execution id="4c890b9c-0d0e-4c12-8c52-87023a778d44" />
      <TestMethod codeBase="F:\ETWork\bin\Tests\SysIntgTests.iCore.Common.Entities.dll" adapterTypeName="Microsoft.VisualStudio.TestTools.TestTypes.Unit.UnitTestAdapter" className="SysIntgTests.iCore.Common.Entities.CategoryTests" name="List_ContainsEachKnownCategoryOnce (Data Row 7)" />
    </UnitTest>
    <UnitTest name="List_ShouldSetSystemContextCorrectly" storage="f:\etwork\bin\tests\sysintgtests.icore.common.entities.dll" id="3b956cdd-1ac2-5fad-2609-3624343143bd">
      <TestCategory>
        <TestCategoryItem TestCategory="Entities" />
        <TestCategoryItem TestCategory="SystemIntegration" />
      </TestCategory>
      <Execution id="5c323afe-dc83-4b9f-a7d3-7fd349b39c24" />
      <TestMethod codeBase="F:\ETWork\bin\Tests\SysIntgTests.iCore.Common.Entities.dll" adapterTypeName="Microsoft.VisualStudio.TestTools.TestTypes.Unit.UnitTestAdapter" className="SysIntgTests.iCore.Common.Entities.CategoryTests" name="List_ShouldSetSystemContextCorrectly" />
    </UnitTest>
    <UnitTest name="GetByPath_NullPath_ThrowsArgumentNullException" storage="f:\etwork\bin\tests\sysintgtests.icore.common.entities.dll" id="d314373f-b332-1f28-d0e6-b8e756d39995">
      <TestCategory>
        <TestCategoryItem TestCategory="Entities" />
        <TestCategoryItem TestCategory="SystemIntegration" />
      </TestCategory>
      <Execution id="5ab9a50f-3729-4df7-8fe2-77e1afd8810a" />
      <TestMethod codeBase="F:\ETWork\bin\Tests\SysIntgTests.iCore.Common.Entities.dll" adapterTypeName="Microsoft.VisualStudio.TestTools.TestTypes.Unit.UnitTestAdapter" className="SysIntgTests.iCore.Common.Entities.CategoryTests" name="GetByPath_NullPath_ThrowsArgumentNullException" />
    </UnitTest>
    <UnitTest name="GetByPath_NonExistingPath_ThrowsEntityNotFoundException" storage="f:\etwork\bin\tests\sysintgtests.icore.common.entities.dll" id="b9b8b956-2bbc-6b28-70ef-d8ffac724633">
      <TestCategory>
        <TestCategoryItem TestCategory="Entities" />
        <TestCategoryItem TestCategory="SystemIntegration" />
      </TestCategory>
      <Execution id="af41960d-58d0-4267-9d10-7e3e739199c1" />
      <TestMethod codeBase="F:\ETWork\bin\Tests\SysIntgTests.iCore.Common.Entities.dll" adapterTypeName="Microsoft.VisualStudio.TestTools.TestTypes.Unit.UnitTestAdapter" className="SysIntgTests.iCore.Common.Entities.CategoryTests" name="GetByPath_NonExistingPath_ThrowsEntityNotFoundException" />
    </UnitTest>
    <UnitTest name="GetByPath_KnownCategoryPath_ReturnsEntityWithCorrectProperties (Data Row 0)" storage="f:\etwork\bin\tests\sysintgtests.icore.common.entities.dll" id="588a581b-e4ec-4f60-ad5c-80b93baca2ce">
      <TestCategory>
        <TestCategoryItem TestCategory="Entities" />
        <TestCategoryItem TestCategory="SystemIntegration" />
      </TestCategory>
      <Execution id="c3d986f1-81ee-4e3f-8311-49c4f86fc2df" />
      <TestMethod codeBase="F:\ETWork\bin\Tests\SysIntgTests.iCore.Common.Entities.dll" adapterTypeName="Microsoft.VisualStudio.TestTools.TestTypes.Unit.UnitTestAdapter" className="SysIntgTests.iCore.Common.Entities.CategoryTests" name="GetByPath_KnownCategoryPath_ReturnsEntityWithCorrectProperties (Data Row 0)" />
    </UnitTest>
    <UnitTest name="GetByPath_KnownCategoryPath_ReturnsEntityWithCorrectProperties (Data Row 1)" storage="f:\etwork\bin\tests\sysintgtests.icore.common.entities.dll" id="bf120bf0-e58c-4e42-b46e-d594aa71fe3b">
      <TestCategory>
        <TestCategoryItem TestCategory="Entities" />
        <TestCategoryItem TestCategory="SystemIntegration" />
      </TestCategory>
      <Execution id="8d76df11-855f-4bdd-aa0d-aaa03535c046" />
      <TestMethod codeBase="F:\ETWork\bin\Tests\SysIntgTests.iCore.Common.Entities.dll" adapterTypeName="Microsoft.VisualStudio.TestTools.TestTypes.Unit.UnitTestAdapter" className="SysIntgTests.iCore.Common.Entities.CategoryTests" name="GetByPath_KnownCategoryPath_ReturnsEntityWithCorrectProperties (Data Row 1)" />
    </UnitTest>
    <UnitTest name="GetByPath_KnownCategoryPath_ReturnsEntityWithCorrectProperties (Data Row 2)" storage="f:\etwork\bin\tests\sysintgtests.icore.common.entities.dll" id="0de66548-4213-4294-9ec2-a50a3dde4514">
      <TestCategory>
        <TestCategoryItem TestCategory="Entities" />
        <TestCategoryItem TestCategory="SystemIntegration" />
      </TestCategory>
      <Execution id="a949d0e5-7035-44c2-8cb7-e84a8dfd35f7" />
      <TestMethod codeBase="F:\ETWork\bin\Tests\SysIntgTests.iCore.Common.Entities.dll" adapterTypeName="Microsoft.VisualStudio.TestTools.TestTypes.Unit.UnitTestAdapter" className="SysIntgTests.iCore.Common.Entities.CategoryTests" name="GetByPath_KnownCategoryPath_ReturnsEntityWithCorrectProperties (Data Row 2)" />
    </UnitTest>
    <UnitTest name="GetByPath_KnownCategoryPath_ReturnsEntityWithCorrectProperties (Data Row 3)" storage="f:\etwork\bin\tests\sysintgtests.icore.common.entities.dll" id="75e02276-0b2b-4ca2-a256-3f6f8a1b7b24">
      <TestCategory>
        <TestCategoryItem TestCategory="Entities" />
        <TestCategoryItem TestCategory="SystemIntegration" />
      </TestCategory>
      <Execution id="79280ccc-5676-4a0c-89f5-11a754863b7b" />
      <TestMethod codeBase="F:\ETWork\bin\Tests\SysIntgTests.iCore.Common.Entities.dll" adapterTypeName="Microsoft.VisualStudio.TestTools.TestTypes.Unit.UnitTestAdapter" className="SysIntgTests.iCore.Common.Entities.CategoryTests" name="GetByPath_KnownCategoryPath_ReturnsEntityWithCorrectProperties (Data Row 3)" />
    </UnitTest>
    <UnitTest name="GetByPath_KnownCategoryPath_ReturnsEntityWithCorrectProperties (Data Row 4)" storage="f:\etwork\bin\tests\sysintgtests.icore.common.entities.dll" id="c612f918-6c00-46bf-be7e-f261c07e6d14">
      <TestCategory>
        <TestCategoryItem TestCategory="Entities" />
        <TestCategoryItem TestCategory="SystemIntegration" />
      </TestCategory>
      <Execution id="75eec82f-d498-4fae-b7e8-7645cc594c44" />
      <TestMethod codeBase="F:\ETWork\bin\Tests\SysIntgTests.iCore.Common.Entities.dll" adapterTypeName="Microsoft.VisualStudio.TestTools.TestTypes.Unit.UnitTestAdapter" className="SysIntgTests.iCore.Common.Entities.CategoryTests" name="GetByPath_KnownCategoryPath_ReturnsEntityWithCorrectProperties (Data Row 4)" />
    </UnitTest>
    <UnitTest name="GetByPath_KnownCategoryPath_ReturnsEntityWithCorrectProperties (Data Row 5)" storage="f:\etwork\bin\tests\sysintgtests.icore.common.entities.dll" id="24fd19e8-bdd7-45d9-a38d-d75eba7c3bbe">
      <TestCategory>
        <TestCategoryItem TestCategory="Entities" />
        <TestCategoryItem TestCategory="SystemIntegration" />
      </TestCategory>
      <Execution id="cc1cb66e-584f-45b6-9ef1-a4ee5d027f0e" />
      <TestMethod codeBase="F:\ETWork\bin\Tests\SysIntgTests.iCore.Common.Entities.dll" adapterTypeName="Microsoft.VisualStudio.TestTools.TestTypes.Unit.UnitTestAdapter" className="SysIntgTests.iCore.Common.Entities.CategoryTests" name="GetByPath_KnownCategoryPath_ReturnsEntityWithCorrectProperties (Data Row 5)" />
    </UnitTest>
    <UnitTest name="GetByPath_KnownCategoryPath_ReturnsEntityWithCorrectProperties (Data Row 6)" storage="f:\etwork\bin\tests\sysintgtests.icore.common.entities.dll" id="8d05074e-1730-4755-8781-06dcc7709138">
      <TestCategory>
        <TestCategoryItem TestCategory="Entities" />
        <TestCategoryItem TestCategory="SystemIntegration" />
      </TestCategory>
      <Execution id="30fbea59-4f44-4a79-a84f-652f13074da1" />
      <TestMethod codeBase="F:\ETWork\bin\Tests\SysIntgTests.iCore.Common.Entities.dll" adapterTypeName="Microsoft.VisualStudio.TestTools.TestTypes.Unit.UnitTestAdapter" className="SysIntgTests.iCore.Common.Entities.CategoryTests" name="GetByPath_KnownCategoryPath_ReturnsEntityWithCorrectProperties (Data Row 6)" />
    </UnitTest>
    <UnitTest name="GetByPath_KnownCategoryPath_ReturnsEntityWithCorrectProperties (Data Row 7)" storage="f:\etwork\bin\tests\sysintgtests.icore.common.entities.dll" id="ddd02014-b22e-4d3a-9a12-68e901f2f72d">
      <TestCategory>
        <TestCategoryItem TestCategory="Entities" />
        <TestCategoryItem TestCategory="SystemIntegration" />
      </TestCategory>
      <Execution id="373678f7-f8b3-4672-8296-0f36a5a9c00b" />
      <TestMethod codeBase="F:\ETWork\bin\Tests\SysIntgTests.iCore.Common.Entities.dll" adapterTypeName="Microsoft.VisualStudio.TestTools.TestTypes.Unit.UnitTestAdapter" className="SysIntgTests.iCore.Common.Entities.CategoryTests" name="GetByPath_KnownCategoryPath_ReturnsEntityWithCorrectProperties (Data Row 7)" />
    </UnitTest>
    <UnitTest name="GetById_NewGuid_ThrowsEntityNotFoundException" storage="f:\etwork\bin\tests\sysintgtests.icore.common.entities.dll" id="d8468f18-8f26-af8b-472b-818d1360e56d">
      <TestCategory>
        <TestCategoryItem TestCategory="Entities" />
        <TestCategoryItem TestCategory="SystemIntegration" />
      </TestCategory>
      <Execution id="4eb9b3a2-80bc-4b8e-bca6-06d03a57cfa5" />
      <TestMethod codeBase="F:\ETWork\bin\Tests\SysIntgTests.iCore.Common.Entities.dll" adapterTypeName="Microsoft.VisualStudio.TestTools.TestTypes.Unit.UnitTestAdapter" className="SysIntgTests.iCore.Common.Entities.CategoryTests" name="GetById_NewGuid_ThrowsEntityNotFoundException" />
    </UnitTest>
    <UnitTest name="GetById_KnownCategoryId_ReturnsEntityWithCorrectProperties (Data Row 0)" storage="f:\etwork\bin\tests\sysintgtests.icore.common.entities.dll" id="184d6483-1a60-4a2c-bea6-7b18083a4d7e">
      <TestCategory>
        <TestCategoryItem TestCategory="Entities" />
        <TestCategoryItem TestCategory="SystemIntegration" />
      </TestCategory>
      <Execution id="c8fceefc-232a-4145-9f02-40500214db55" />
      <TestMethod codeBase="F:\ETWork\bin\Tests\SysIntgTests.iCore.Common.Entities.dll" adapterTypeName="Microsoft.VisualStudio.TestTools.TestTypes.Unit.UnitTestAdapter" className="SysIntgTests.iCore.Common.Entities.CategoryTests" name="GetById_KnownCategoryId_ReturnsEntityWithCorrectProperties (Data Row 0)" />
    </UnitTest>
    <UnitTest name="GetById_KnownCategoryId_ReturnsEntityWithCorrectProperties (Data Row 1)" storage="f:\etwork\bin\tests\sysintgtests.icore.common.entities.dll" id="0343fa90-68b5-4d96-bf41-f90530ec105d">
      <TestCategory>
        <TestCategoryItem TestCategory="Entities" />
        <TestCategoryItem TestCategory="SystemIntegration" />
      </TestCategory>
      <Execution id="72eaa3b3-54b6-4115-b097-4e792392757f" />
      <TestMethod codeBase="F:\ETWork\bin\Tests\SysIntgTests.iCore.Common.Entities.dll" adapterTypeName="Microsoft.VisualStudio.TestTools.TestTypes.Unit.UnitTestAdapter" className="SysIntgTests.iCore.Common.Entities.CategoryTests" name="GetById_KnownCategoryId_ReturnsEntityWithCorrectProperties (Data Row 1)" />
    </UnitTest>
    <UnitTest name="GetById_KnownCategoryId_ReturnsEntityWithCorrectProperties (Data Row 2)" storage="f:\etwork\bin\tests\sysintgtests.icore.common.entities.dll" id="25194b82-1d0c-472c-942c-4e80b8e5e3c2">
      <TestCategory>
        <TestCategoryItem TestCategory="Entities" />
        <TestCategoryItem TestCategory="SystemIntegration" />
      </TestCategory>
      <Execution id="3a2de3cb-2317-4a6c-87da-b93402fb2d94" />
      <TestMethod codeBase="F:\ETWork\bin\Tests\SysIntgTests.iCore.Common.Entities.dll" adapterTypeName="Microsoft.VisualStudio.TestTools.TestTypes.Unit.UnitTestAdapter" className="SysIntgTests.iCore.Common.Entities.CategoryTests" name="GetById_KnownCategoryId_ReturnsEntityWithCorrectProperties (Data Row 2)" />
    </UnitTest>
    <UnitTest name="GetById_KnownCategoryId_ReturnsEntityWithCorrectProperties (Data Row 3)" storage="f:\etwork\bin\tests\sysintgtests.icore.common.entities.dll" id="d05d4090-6c20-4d23-a55b-c2c714e3bf54">
      <TestCategory>
        <TestCategoryItem TestCategory="Entities" />
        <TestCategoryItem TestCategory="SystemIntegration" />
      </TestCategory>
      <Execution id="d099230c-889d-4236-9c7e-ed7101cb6359" />
      <TestMethod codeBase="F:\ETWork\bin\Tests\SysIntgTests.iCore.Common.Entities.dll" adapterTypeName="Microsoft.VisualStudio.TestTools.TestTypes.Unit.UnitTestAdapter" className="SysIntgTests.iCore.Common.Entities.CategoryTests" name="GetById_KnownCategoryId_ReturnsEntityWithCorrectProperties (Data Row 3)" />
    </UnitTest>
    <UnitTest name="GetById_KnownCategoryId_ReturnsEntityWithCorrectProperties (Data Row 4)" storage="f:\etwork\bin\tests\sysintgtests.icore.common.entities.dll" id="c1f2a16f-e138-4ac9-9fbb-e40690787111">
      <TestCategory>
        <TestCategoryItem TestCategory="Entities" />
        <TestCategoryItem TestCategory="SystemIntegration" />
      </TestCategory>
      <Execution id="9405b8fc-480b-4355-837b-221308472414" />
      <TestMethod codeBase="F:\ETWork\bin\Tests\SysIntgTests.iCore.Common.Entities.dll" adapterTypeName="Microsoft.VisualStudio.TestTools.TestTypes.Unit.UnitTestAdapter" className="SysIntgTests.iCore.Common.Entities.CategoryTests" name="GetById_KnownCategoryId_ReturnsEntityWithCorrectProperties (Data Row 4)" />
    </UnitTest>
    <UnitTest name="GetById_KnownCategoryId_ReturnsEntityWithCorrectProperties (Data Row 5)" storage="f:\etwork\bin\tests\sysintgtests.icore.common.entities.dll" id="312cec6a-8469-4a93-8f6a-e158860cea8e">
      <TestCategory>
        <TestCategoryItem TestCategory="Entities" />
        <TestCategoryItem TestCategory="SystemIntegration" />
      </TestCategory>
      <Execution id="38fd7a8a-2bd4-4a37-b08c-b0d6e6897f38" />
      <TestMethod codeBase="F:\ETWork\bin\Tests\SysIntgTests.iCore.Common.Entities.dll" adapterTypeName="Microsoft.VisualStudio.TestTools.TestTypes.Unit.UnitTestAdapter" className="SysIntgTests.iCore.Common.Entities.CategoryTests" name="GetById_KnownCategoryId_ReturnsEntityWithCorrectProperties (Data Row 5)" />
    </UnitTest>
    <UnitTest name="GetById_KnownCategoryId_ReturnsEntityWithCorrectProperties (Data Row 6)" storage="f:\etwork\bin\tests\sysintgtests.icore.common.entities.dll" id="1789340b-e418-43df-9c5b-ae68d41b447c">
      <TestCategory>
        <TestCategoryItem TestCategory="Entities" />
        <TestCategoryItem TestCategory="SystemIntegration" />
      </TestCategory>
      <Execution id="a21839aa-3e40-42c5-bd82-3936ce43b338" />
      <TestMethod codeBase="F:\ETWork\bin\Tests\SysIntgTests.iCore.Common.Entities.dll" adapterTypeName="Microsoft.VisualStudio.TestTools.TestTypes.Unit.UnitTestAdapter" className="SysIntgTests.iCore.Common.Entities.CategoryTests" name="GetById_KnownCategoryId_ReturnsEntityWithCorrectProperties (Data Row 6)" />
    </UnitTest>
    <UnitTest name="GetById_KnownCategoryId_ReturnsEntityWithCorrectProperties (Data Row 7)" storage="f:\etwork\bin\tests\sysintgtests.icore.common.entities.dll" id="be7edb9c-214b-4f3b-ad92-3c1e7d9ecd42">
      <TestCategory>
        <TestCategoryItem TestCategory="Entities" />
        <TestCategoryItem TestCategory="SystemIntegration" />
      </TestCategory>
      <Execution id="c76c41fe-b274-4066-b994-baebc6a2cae8" />
      <TestMethod codeBase="F:\ETWork\bin\Tests\SysIntgTests.iCore.Common.Entities.dll" adapterTypeName="Microsoft.VisualStudio.TestTools.TestTypes.Unit.UnitTestAdapter" className="SysIntgTests.iCore.Common.Entities.CategoryTests" name="GetById_KnownCategoryId_ReturnsEntityWithCorrectProperties (Data Row 7)" />
    </UnitTest>
    <UnitTest name="GetByKey_NewGuid_ThrowsEntityNotFoundException" storage="f:\etwork\bin\tests\sysintgtests.icore.common.entities.dll" id="a4d414fd-702f-5f8f-dcd9-f85e4c6031b3">
      <TestCategory>
        <TestCategoryItem TestCategory="Entities" />
        <TestCategoryItem TestCategory="SystemIntegration" />
      </TestCategory>
      <Execution id="2a338715-1e0d-4281-9ad8-24c15368db18" />
      <TestMethod codeBase="F:\ETWork\bin\Tests\SysIntgTests.iCore.Common.Entities.dll" adapterTypeName="Microsoft.VisualStudio.TestTools.TestTypes.Unit.UnitTestAdapter" className="SysIntgTests.iCore.Common.Entities.CategoryTests" name="GetByKey_NewGuid_ThrowsEntityNotFoundException" />
    </UnitTest>
    <UnitTest name="GetByKey_KnownCategoryKey_ReturnsEntityWithCorrectProperties (Data Row 0)" storage="f:\etwork\bin\tests\sysintgtests.icore.common.entities.dll" id="6706c0ba-e21a-4e06-8743-1e3c1fdf6de3">
      <TestCategory>
        <TestCategoryItem TestCategory="Entities" />
        <TestCategoryItem TestCategory="SystemIntegration" />
      </TestCategory>
      <Execution id="4ae74e38-e4f4-4a0b-96a2-0989823f2a46" />
      <TestMethod codeBase="F:\ETWork\bin\Tests\SysIntgTests.iCore.Common.Entities.dll" adapterTypeName="Microsoft.VisualStudio.TestTools.TestTypes.Unit.UnitTestAdapter" className="SysIntgTests.iCore.Common.Entities.CategoryTests" name="GetByKey_KnownCategoryKey_ReturnsEntityWithCorrectProperties (Data Row 0)" />
    </UnitTest>
    <UnitTest name="GetByKey_KnownCategoryKey_ReturnsEntityWithCorrectProperties (Data Row 1)" storage="f:\etwork\bin\tests\sysintgtests.icore.common.entities.dll" id="8cda7fdd-b3d1-49d4-bd22-4a65290c23f7">
      <TestCategory>
        <TestCategoryItem TestCategory="Entities" />
        <TestCategoryItem TestCategory="SystemIntegration" />
      </TestCategory>
      <Execution id="b18cfcde-0f59-4a62-af49-17255259a3b8" />
      <TestMethod codeBase="F:\ETWork\bin\Tests\SysIntgTests.iCore.Common.Entities.dll" adapterTypeName="Microsoft.VisualStudio.TestTools.TestTypes.Unit.UnitTestAdapter" className="SysIntgTests.iCore.Common.Entities.CategoryTests" name="GetByKey_KnownCategoryKey_ReturnsEntityWithCorrectProperties (Data Row 1)" />
    </UnitTest>
    <UnitTest name="GetByKey_KnownCategoryKey_ReturnsEntityWithCorrectProperties (Data Row 2)" storage="f:\etwork\bin\tests\sysintgtests.icore.common.entities.dll" id="104816fd-d326-436d-8629-6285c14841c5">
      <TestCategory>
        <TestCategoryItem TestCategory="Entities" />
        <TestCategoryItem TestCategory="SystemIntegration" />
      </TestCategory>
      <Execution id="2a38faba-7fb7-497e-b342-56ae818790b5" />
      <TestMethod codeBase="F:\ETWork\bin\Tests\SysIntgTests.iCore.Common.Entities.dll" adapterTypeName="Microsoft.VisualStudio.TestTools.TestTypes.Unit.UnitTestAdapter" className="SysIntgTests.iCore.Common.Entities.CategoryTests" name="GetByKey_KnownCategoryKey_ReturnsEntityWithCorrectProperties (Data Row 2)" />
    </UnitTest>
    <UnitTest name="GetByKey_KnownCategoryKey_ReturnsEntityWithCorrectProperties (Data Row 3)" storage="f:\etwork\bin\tests\sysintgtests.icore.common.entities.dll" id="0f51999b-e93c-42ac-8e7a-b378df56a7a1">
      <TestCategory>
        <TestCategoryItem TestCategory="Entities" />
        <TestCategoryItem TestCategory="SystemIntegration" />
      </TestCategory>
      <Execution id="c9e0bef5-94b1-4711-a943-afc918b3a270" />
      <TestMethod codeBase="F:\ETWork\bin\Tests\SysIntgTests.iCore.Common.Entities.dll" adapterTypeName="Microsoft.VisualStudio.TestTools.TestTypes.Unit.UnitTestAdapter" className="SysIntgTests.iCore.Common.Entities.CategoryTests" name="GetByKey_KnownCategoryKey_ReturnsEntityWithCorrectProperties (Data Row 3)" />
    </UnitTest>
    <UnitTest name="GetByKey_KnownCategoryKey_ReturnsEntityWithCorrectProperties (Data Row 4)" storage="f:\etwork\bin\tests\sysintgtests.icore.common.entities.dll" id="5dd2e7e4-8f24-430a-a4f9-e6e5186e7302">
      <TestCategory>
        <TestCategoryItem TestCategory="Entities" />
        <TestCategoryItem TestCategory="SystemIntegration" />
      </TestCategory>
      <Execution id="2531973e-7a7e-4309-9fb5-ed4e0155d5e7" />
      <TestMethod codeBase="F:\ETWork\bin\Tests\SysIntgTests.iCore.Common.Entities.dll" adapterTypeName="Microsoft.VisualStudio.TestTools.TestTypes.Unit.UnitTestAdapter" className="SysIntgTests.iCore.Common.Entities.CategoryTests" name="GetByKey_KnownCategoryKey_ReturnsEntityWithCorrectProperties (Data Row 4)" />
    </UnitTest>
    <UnitTest name="GetByKey_KnownCategoryKey_ReturnsEntityWithCorrectProperties (Data Row 5)" storage="f:\etwork\bin\tests\sysintgtests.icore.common.entities.dll" id="ab5d4dac-c6e1-4bbf-aa13-1b3f4bd42bb3">
      <TestCategory>
        <TestCategoryItem TestCategory="Entities" />
        <TestCategoryItem TestCategory="SystemIntegration" />
      </TestCategory>
      <Execution id="a8d007fa-f586-482a-aac6-7939d2081f62" />
      <TestMethod codeBase="F:\ETWork\bin\Tests\SysIntgTests.iCore.Common.Entities.dll" adapterTypeName="Microsoft.VisualStudio.TestTools.TestTypes.Unit.UnitTestAdapter" className="SysIntgTests.iCore.Common.Entities.CategoryTests" name="GetByKey_KnownCategoryKey_ReturnsEntityWithCorrectProperties (Data Row 5)" />
    </UnitTest>
    <UnitTest name="GetByKey_KnownCategoryKey_ReturnsEntityWithCorrectProperties (Data Row 6)" storage="f:\etwork\bin\tests\sysintgtests.icore.common.entities.dll" id="2f7fd07e-0430-4792-8a4c-750318d74985">
      <TestCategory>
        <TestCategoryItem TestCategory="Entities" />
        <TestCategoryItem TestCategory="SystemIntegration" />
      </TestCategory>
      <Execution id="85ba828a-0112-4703-8bb0-ed2979685a8c" />
      <TestMethod codeBase="F:\ETWork\bin\Tests\SysIntgTests.iCore.Common.Entities.dll" adapterTypeName="Microsoft.VisualStudio.TestTools.TestTypes.Unit.UnitTestAdapter" className="SysIntgTests.iCore.Common.Entities.CategoryTests" name="GetByKey_KnownCategoryKey_ReturnsEntityWithCorrectProperties (Data Row 6)" />
    </UnitTest>
    <UnitTest name="GetByKey_KnownCategoryKey_ReturnsEntityWithCorrectProperties (Data Row 7)" storage="f:\etwork\bin\tests\sysintgtests.icore.common.entities.dll" id="73405d3f-baec-4324-a2b9-643953260d60">
      <TestCategory>
        <TestCategoryItem TestCategory="Entities" />
        <TestCategoryItem TestCategory="SystemIntegration" />
      </TestCategory>
      <Execution id="53076198-2a0e-4642-a8e8-00cb6b59a4df" />
      <TestMethod codeBase="F:\ETWork\bin\Tests\SysIntgTests.iCore.Common.Entities.dll" adapterTypeName="Microsoft.VisualStudio.TestTools.TestTypes.Unit.UnitTestAdapter" className="SysIntgTests.iCore.Common.Entities.CategoryTests" name="GetByKey_KnownCategoryKey_ReturnsEntityWithCorrectProperties (Data Row 7)" />
    </UnitTest>
    <UnitTest name="GetByKey_UnsupportedKey_ThrowsArgumentException" storage="f:\etwork\bin\tests\sysintgtests.icore.common.entities.dll" id="0647eb4c-24e9-aca8-03ad-2ab50c84228b">
      <TestCategory>
        <TestCategoryItem TestCategory="Entities" />
        <TestCategoryItem TestCategory="SystemIntegration" />
      </TestCategory>
      <Execution id="7dd1214a-9c9d-483c-baec-9065567a412e" />
      <TestMethod codeBase="F:\ETWork\bin\Tests\SysIntgTests.iCore.Common.Entities.dll" adapterTypeName="Microsoft.VisualStudio.TestTools.TestTypes.Unit.UnitTestAdapter" className="SysIntgTests.iCore.Common.Entities.CategoryTests" name="GetByKey_UnsupportedKey_ThrowsArgumentException" />
    </UnitTest>
    <UnitTest name="TryGetById_NewGuid_ReturnsNull" storage="f:\etwork\bin\tests\sysintgtests.icore.common.entities.dll" id="b726afce-dccd-9a9d-5406-71761fba9c5b">
      <TestCategory>
        <TestCategoryItem TestCategory="Entities" />
        <TestCategoryItem TestCategory="SystemIntegration" />
      </TestCategory>
      <Execution id="c1426274-40a8-40fa-b6aa-1519626b71dc" />
      <TestMethod codeBase="F:\ETWork\bin\Tests\SysIntgTests.iCore.Common.Entities.dll" adapterTypeName="Microsoft.VisualStudio.TestTools.TestTypes.Unit.UnitTestAdapter" className="SysIntgTests.iCore.Common.Entities.CategoryTests" name="TryGetById_NewGuid_ReturnsNull" />
    </UnitTest>
    <UnitTest name="TryGetById_KnownCategoryId_ReturnsEntityWithCorrectProperties (Data Row 0)" storage="f:\etwork\bin\tests\sysintgtests.icore.common.entities.dll" id="bc1b1cd7-f85d-4a1b-a809-81ec735b9e63">
      <TestCategory>
        <TestCategoryItem TestCategory="Entities" />
        <TestCategoryItem TestCategory="SystemIntegration" />
      </TestCategory>
      <Execution id="13db0b16-4822-48a3-9959-bc4a9337ea33" />
      <TestMethod codeBase="F:\ETWork\bin\Tests\SysIntgTests.iCore.Common.Entities.dll" adapterTypeName="Microsoft.VisualStudio.TestTools.TestTypes.Unit.UnitTestAdapter" className="SysIntgTests.iCore.Common.Entities.CategoryTests" name="TryGetById_KnownCategoryId_ReturnsEntityWithCorrectProperties (Data Row 0)" />
    </UnitTest>
    <UnitTest name="TryGetById_KnownCategoryId_ReturnsEntityWithCorrectProperties (Data Row 1)" storage="f:\etwork\bin\tests\sysintgtests.icore.common.entities.dll" id="08dea6be-a707-4944-83fe-3efaf76f9a26">
      <TestCategory>
        <TestCategoryItem TestCategory="Entities" />
        <TestCategoryItem TestCategory="SystemIntegration" />
      </TestCategory>
      <Execution id="26ec24c4-79ea-462b-b423-da0f4a2fece9" />
      <TestMethod codeBase="F:\ETWork\bin\Tests\SysIntgTests.iCore.Common.Entities.dll" adapterTypeName="Microsoft.VisualStudio.TestTools.TestTypes.Unit.UnitTestAdapter" className="SysIntgTests.iCore.Common.Entities.CategoryTests" name="TryGetById_KnownCategoryId_ReturnsEntityWithCorrectProperties (Data Row 1)" />
    </UnitTest>
    <UnitTest name="TryGetById_KnownCategoryId_ReturnsEntityWithCorrectProperties (Data Row 2)" storage="f:\etwork\bin\tests\sysintgtests.icore.common.entities.dll" id="b49d3850-0da8-49f2-8196-4983c01b41d6">
      <TestCategory>
        <TestCategoryItem TestCategory="Entities" />
        <TestCategoryItem TestCategory="SystemIntegration" />
      </TestCategory>
      <Execution id="aa7bf4c5-02b4-4efb-b728-589a2263bd68" />
      <TestMethod codeBase="F:\ETWork\bin\Tests\SysIntgTests.iCore.Common.Entities.dll" adapterTypeName="Microsoft.VisualStudio.TestTools.TestTypes.Unit.UnitTestAdapter" className="SysIntgTests.iCore.Common.Entities.CategoryTests" name="TryGetById_KnownCategoryId_ReturnsEntityWithCorrectProperties (Data Row 2)" />
    </UnitTest>
    <UnitTest name="TryGetById_KnownCategoryId_ReturnsEntityWithCorrectProperties (Data Row 3)" storage="f:\etwork\bin\tests\sysintgtests.icore.common.entities.dll" id="a084fd28-e6bf-4ea7-a20d-abff385e38e7">
      <TestCategory>
        <TestCategoryItem TestCategory="Entities" />
        <TestCategoryItem TestCategory="SystemIntegration" />
      </TestCategory>
      <Execution id="f7e362f2-cd04-4a30-b739-e9e77660360d" />
      <TestMethod codeBase="F:\ETWork\bin\Tests\SysIntgTests.iCore.Common.Entities.dll" adapterTypeName="Microsoft.VisualStudio.TestTools.TestTypes.Unit.UnitTestAdapter" className="SysIntgTests.iCore.Common.Entities.CategoryTests" name="TryGetById_KnownCategoryId_ReturnsEntityWithCorrectProperties (Data Row 3)" />
    </UnitTest>
    <UnitTest name="TryGetById_KnownCategoryId_ReturnsEntityWithCorrectProperties (Data Row 4)" storage="f:\etwork\bin\tests\sysintgtests.icore.common.entities.dll" id="2d2443c9-962e-403b-8a64-00c92be830e2">
      <TestCategory>
        <TestCategoryItem TestCategory="Entities" />
        <TestCategoryItem TestCategory="SystemIntegration" />
      </TestCategory>
      <Execution id="cc327679-0273-4ec4-b96a-5bfa80c2d9c8" />
      <TestMethod codeBase="F:\ETWork\bin\Tests\SysIntgTests.iCore.Common.Entities.dll" adapterTypeName="Microsoft.VisualStudio.TestTools.TestTypes.Unit.UnitTestAdapter" className="SysIntgTests.iCore.Common.Entities.CategoryTests" name="TryGetById_KnownCategoryId_ReturnsEntityWithCorrectProperties (Data Row 4)" />
    </UnitTest>
    <UnitTest name="TryGetById_KnownCategoryId_ReturnsEntityWithCorrectProperties (Data Row 5)" storage="f:\etwork\bin\tests\sysintgtests.icore.common.entities.dll" id="4c6bcd3d-73b7-4b9a-9f1d-363a8ba2bfd0">
      <TestCategory>
        <TestCategoryItem TestCategory="Entities" />
        <TestCategoryItem TestCategory="SystemIntegration" />
      </TestCategory>
      <Execution id="06d35ac2-3489-47ee-ac69-37fef281a30e" />
      <TestMethod codeBase="F:\ETWork\bin\Tests\SysIntgTests.iCore.Common.Entities.dll" adapterTypeName="Microsoft.VisualStudio.TestTools.TestTypes.Unit.UnitTestAdapter" className="SysIntgTests.iCore.Common.Entities.CategoryTests" name="TryGetById_KnownCategoryId_ReturnsEntityWithCorrectProperties (Data Row 5)" />
    </UnitTest>
    <UnitTest name="TryGetById_KnownCategoryId_ReturnsEntityWithCorrectProperties (Data Row 6)" storage="f:\etwork\bin\tests\sysintgtests.icore.common.entities.dll" id="58f0cfc8-162e-4f4a-a2da-775e1cc3ea1a">
      <TestCategory>
        <TestCategoryItem TestCategory="Entities" />
        <TestCategoryItem TestCategory="SystemIntegration" />
      </TestCategory>
      <Execution id="7ccf1331-b566-4170-b756-bddc5dbd78d2" />
      <TestMethod codeBase="F:\ETWork\bin\Tests\SysIntgTests.iCore.Common.Entities.dll" adapterTypeName="Microsoft.VisualStudio.TestTools.TestTypes.Unit.UnitTestAdapter" className="SysIntgTests.iCore.Common.Entities.CategoryTests" name="TryGetById_KnownCategoryId_ReturnsEntityWithCorrectProperties (Data Row 6)" />
    </UnitTest>
    <UnitTest name="TryGetById_KnownCategoryId_ReturnsEntityWithCorrectProperties (Data Row 7)" storage="f:\etwork\bin\tests\sysintgtests.icore.common.entities.dll" id="7a3c5664-0ac0-451d-a773-f957b5e67bf4">
      <TestCategory>
        <TestCategoryItem TestCategory="Entities" />
        <TestCategoryItem TestCategory="SystemIntegration" />
      </TestCategory>
      <Execution id="e988780e-0eb4-45b6-bc8a-f21a41875521" />
      <TestMethod codeBase="F:\ETWork\bin\Tests\SysIntgTests.iCore.Common.Entities.dll" adapterTypeName="Microsoft.VisualStudio.TestTools.TestTypes.Unit.UnitTestAdapter" className="SysIntgTests.iCore.Common.Entities.CategoryTests" name="TryGetById_KnownCategoryId_ReturnsEntityWithCorrectProperties (Data Row 7)" />
    </UnitTest>
    <UnitTest name="TryGetByPath_NonExistingPath_ReturnsNull" storage="f:\etwork\bin\tests\sysintgtests.icore.common.entities.dll" id="ff5c43a8-350c-dcc5-a064-f8f9e07fcf2d">
      <TestCategory>
        <TestCategoryItem TestCategory="Entities" />
        <TestCategoryItem TestCategory="SystemIntegration" />
      </TestCategory>
      <Execution id="a1f33495-f835-423a-9c3e-a674e58acd7a" />
      <TestMethod codeBase="F:\ETWork\bin\Tests\SysIntgTests.iCore.Common.Entities.dll" adapterTypeName="Microsoft.VisualStudio.TestTools.TestTypes.Unit.UnitTestAdapter" className="SysIntgTests.iCore.Common.Entities.CategoryTests" name="TryGetByPath_NonExistingPath_ReturnsNull" />
    </UnitTest>
    <UnitTest name="TryGetByPath_ExistingPath_ReturnsCorrectEntity (Data Row 0)" storage="f:\etwork\bin\tests\sysintgtests.icore.common.entities.dll" id="051891a8-7b50-4ed7-a0b8-fb4e3cd568d2">
      <TestCategory>
        <TestCategoryItem TestCategory="Entities" />
        <TestCategoryItem TestCategory="SystemIntegration" />
      </TestCategory>
      <Execution id="091edbfc-59cf-4c97-9406-a2a8eb16fbe1" />
      <TestMethod codeBase="F:\ETWork\bin\Tests\SysIntgTests.iCore.Common.Entities.dll" adapterTypeName="Microsoft.VisualStudio.TestTools.TestTypes.Unit.UnitTestAdapter" className="SysIntgTests.iCore.Common.Entities.CategoryTests" name="TryGetByPath_ExistingPath_ReturnsCorrectEntity (Data Row 0)" />
    </UnitTest>
    <UnitTest name="TryGetByPath_ExistingPath_ReturnsCorrectEntity (Data Row 1)" storage="f:\etwork\bin\tests\sysintgtests.icore.common.entities.dll" id="a18733d2-6111-4c10-8a62-3051ff83ad22">
      <TestCategory>
        <TestCategoryItem TestCategory="Entities" />
        <TestCategoryItem TestCategory="SystemIntegration" />
      </TestCategory>
      <Execution id="5df692b5-172e-4612-b764-3d20db965338" />
      <TestMethod codeBase="F:\ETWork\bin\Tests\SysIntgTests.iCore.Common.Entities.dll" adapterTypeName="Microsoft.VisualStudio.TestTools.TestTypes.Unit.UnitTestAdapter" className="SysIntgTests.iCore.Common.Entities.CategoryTests" name="TryGetByPath_ExistingPath_ReturnsCorrectEntity (Data Row 1)" />
    </UnitTest>
    <UnitTest name="TryGetByPath_ExistingPath_ReturnsCorrectEntity (Data Row 2)" storage="f:\etwork\bin\tests\sysintgtests.icore.common.entities.dll" id="3ad5eaef-1a0a-4c66-80de-83f947453d8f">
      <TestCategory>
        <TestCategoryItem TestCategory="Entities" />
        <TestCategoryItem TestCategory="SystemIntegration" />
      </TestCategory>
      <Execution id="d158789c-ec1a-40a5-80a7-d801aee49adc" />
      <TestMethod codeBase="F:\ETWork\bin\Tests\SysIntgTests.iCore.Common.Entities.dll" adapterTypeName="Microsoft.VisualStudio.TestTools.TestTypes.Unit.UnitTestAdapter" className="SysIntgTests.iCore.Common.Entities.CategoryTests" name="TryGetByPath_ExistingPath_ReturnsCorrectEntity (Data Row 2)" />
    </UnitTest>
    <UnitTest name="TryGetByPath_ExistingPath_ReturnsCorrectEntity (Data Row 3)" storage="f:\etwork\bin\tests\sysintgtests.icore.common.entities.dll" id="771e95a1-b954-4190-a906-1bea6786d36f">
      <TestCategory>
        <TestCategoryItem TestCategory="Entities" />
        <TestCategoryItem TestCategory="SystemIntegration" />
      </TestCategory>
      <Execution id="a4c5ca1b-d13b-401e-9ef5-504840922967" />
      <TestMethod codeBase="F:\ETWork\bin\Tests\SysIntgTests.iCore.Common.Entities.dll" adapterTypeName="Microsoft.VisualStudio.TestTools.TestTypes.Unit.UnitTestAdapter" className="SysIntgTests.iCore.Common.Entities.CategoryTests" name="TryGetByPath_ExistingPath_ReturnsCorrectEntity (Data Row 3)" />
    </UnitTest>
    <UnitTest name="TryGetByPath_ExistingPath_ReturnsCorrectEntity (Data Row 4)" storage="f:\etwork\bin\tests\sysintgtests.icore.common.entities.dll" id="b2181409-37c0-49bf-a248-c2458602483f">
      <TestCategory>
        <TestCategoryItem TestCategory="Entities" />
        <TestCategoryItem TestCategory="SystemIntegration" />
      </TestCategory>
      <Execution id="06f115e2-b26b-4a4c-aab7-afc8dfe5bb52" />
      <TestMethod codeBase="F:\ETWork\bin\Tests\SysIntgTests.iCore.Common.Entities.dll" adapterTypeName="Microsoft.VisualStudio.TestTools.TestTypes.Unit.UnitTestAdapter" className="SysIntgTests.iCore.Common.Entities.CategoryTests" name="TryGetByPath_ExistingPath_ReturnsCorrectEntity (Data Row 4)" />
    </UnitTest>
    <UnitTest name="TryGetByPath_ExistingPath_ReturnsCorrectEntity (Data Row 5)" storage="f:\etwork\bin\tests\sysintgtests.icore.common.entities.dll" id="9ce238e8-a535-4cbf-a378-c2ac5fad4165">
      <TestCategory>
        <TestCategoryItem TestCategory="Entities" />
        <TestCategoryItem TestCategory="SystemIntegration" />
      </TestCategory>
      <Execution id="dc16e8d5-65db-4ef9-9315-e1ae6f888d86" />
      <TestMethod codeBase="F:\ETWork\bin\Tests\SysIntgTests.iCore.Common.Entities.dll" adapterTypeName="Microsoft.VisualStudio.TestTools.TestTypes.Unit.UnitTestAdapter" className="SysIntgTests.iCore.Common.Entities.CategoryTests" name="TryGetByPath_ExistingPath_ReturnsCorrectEntity (Data Row 5)" />
    </UnitTest>
    <UnitTest name="TryGetByPath_ExistingPath_ReturnsCorrectEntity (Data Row 6)" storage="f:\etwork\bin\tests\sysintgtests.icore.common.entities.dll" id="36ebbef2-51fc-4e41-9672-3ca5f558922b">
      <TestCategory>
        <TestCategoryItem TestCategory="Entities" />
        <TestCategoryItem TestCategory="SystemIntegration" />
      </TestCategory>
      <Execution id="c3fa6ce0-3386-4ff0-ac3b-26a1de67b255" />
      <TestMethod codeBase="F:\ETWork\bin\Tests\SysIntgTests.iCore.Common.Entities.dll" adapterTypeName="Microsoft.VisualStudio.TestTools.TestTypes.Unit.UnitTestAdapter" className="SysIntgTests.iCore.Common.Entities.CategoryTests" name="TryGetByPath_ExistingPath_ReturnsCorrectEntity (Data Row 6)" />
    </UnitTest>
    <UnitTest name="TryGetByPath_ExistingPath_ReturnsCorrectEntity (Data Row 7)" storage="f:\etwork\bin\tests\sysintgtests.icore.common.entities.dll" id="96bee050-c759-411b-b3c7-bb534b177453">
      <TestCategory>
        <TestCategoryItem TestCategory="Entities" />
        <TestCategoryItem TestCategory="SystemIntegration" />
      </TestCategory>
      <Execution id="468d6865-39f3-411e-abf5-cd473440330d" />
      <TestMethod codeBase="F:\ETWork\bin\Tests\SysIntgTests.iCore.Common.Entities.dll" adapterTypeName="Microsoft.VisualStudio.TestTools.TestTypes.Unit.UnitTestAdapter" className="SysIntgTests.iCore.Common.Entities.CategoryTests" name="TryGetByPath_ExistingPath_ReturnsCorrectEntity (Data Row 7)" />
    </UnitTest>
    <UnitTest name="Delete_NonSystemInternalCategory_SuccessfullyDeletesCategory" storage="f:\etwork\bin\tests\sysintgtests.icore.common.entities.dll" id="f8423a9d-bcd6-c183-a087-c40c8f95ad36">
      <TestCategory>
        <TestCategoryItem TestCategory="Entities" />
        <TestCategoryItem TestCategory="SystemIntegration" />
      </TestCategory>
      <Execution id="683c9b3f-d2a3-4221-8cd6-c88898352275" />
      <TestMethod codeBase="F:\ETWork\bin\Tests\SysIntgTests.iCore.Common.Entities.dll" adapterTypeName="Microsoft.VisualStudio.TestTools.TestTypes.Unit.UnitTestAdapter" className="SysIntgTests.iCore.Common.Entities.CategoryTests" name="Delete_NonSystemInternalCategory_SuccessfullyDeletesCategory" />
    </UnitTest>
    <UnitTest name="Add_NullName_ThrowsConditionalErrorException" storage="f:\etwork\bin\tests\sysintgtests.icore.common.entities.dll" id="517473fe-0d64-3378-3f6e-3bde668e83a8">
      <TestCategory>
        <TestCategoryItem TestCategory="Entities" />
        <TestCategoryItem TestCategory="SystemIntegration" />
      </TestCategory>
      <Execution id="84f74938-8256-4e89-8281-0a8b2a28a1f5" />
      <TestMethod codeBase="F:\ETWork\bin\Tests\SysIntgTests.iCore.Common.Entities.dll" adapterTypeName="Microsoft.VisualStudio.TestTools.TestTypes.Unit.UnitTestAdapter" className="SysIntgTests.iCore.Common.Entities.CategoryTests" name="Add_NullName_ThrowsConditionalErrorException" />
    </UnitTest>
    <UnitTest name="Add_EmptyName_ThrowsStringLengthErrorException" storage="f:\etwork\bin\tests\sysintgtests.icore.common.entities.dll" id="318853e8-5e53-08c7-834b-c61ab9fa976f">
      <TestCategory>
        <TestCategoryItem TestCategory="Entities" />
        <TestCategoryItem TestCategory="SystemIntegration" />
      </TestCategory>
      <Execution id="edf5a779-dc16-43de-b03e-0431bf377f16" />
      <TestMethod codeBase="F:\ETWork\bin\Tests\SysIntgTests.iCore.Common.Entities.dll" adapterTypeName="Microsoft.VisualStudio.TestTools.TestTypes.Unit.UnitTestAdapter" className="SysIntgTests.iCore.Common.Entities.CategoryTests" name="Add_EmptyName_ThrowsStringLengthErrorException" />
    </UnitTest>
    <UnitTest name="Add_WhiteSpaceOnlyName_ThrowsStringLengthErrorException" storage="f:\etwork\bin\tests\sysintgtests.icore.common.entities.dll" id="2ec1c6eb-7be1-8aa2-dfe7-963dd5b20200">
      <TestCategory>
        <TestCategoryItem TestCategory="Entities" />
        <TestCategoryItem TestCategory="SystemIntegration" />
      </TestCategory>
      <Execution id="b756aa10-6705-4681-babb-805e2e31ac93" />
      <TestMethod codeBase="F:\ETWork\bin\Tests\SysIntgTests.iCore.Common.Entities.dll" adapterTypeName="Microsoft.VisualStudio.TestTools.TestTypes.Unit.UnitTestAdapter" className="SysIntgTests.iCore.Common.Entities.CategoryTests" name="Add_WhiteSpaceOnlyName_ThrowsStringLengthErrorException" />
    </UnitTest>
    <UnitTest name="Add_TooLongName_ThrowsStringLengthErrorException" storage="f:\etwork\bin\tests\sysintgtests.icore.common.entities.dll" id="0b60e23c-8b7b-615c-f0ce-a25aba8231d5">
      <TestCategory>
        <TestCategoryItem TestCategory="Entities" />
        <TestCategoryItem TestCategory="SystemIntegration" />
      </TestCategory>
      <Execution id="45f31f02-ab5d-4828-8f28-80963d692430" />
      <TestMethod codeBase="F:\ETWork\bin\Tests\SysIntgTests.iCore.Common.Entities.dll" adapterTypeName="Microsoft.VisualStudio.TestTools.TestTypes.Unit.UnitTestAdapter" className="SysIntgTests.iCore.Common.Entities.CategoryTests" name="Add_TooLongName_ThrowsStringLengthErrorException" />
    </UnitTest>
    <UnitTest name="Add_LongDescription_Succeeds" storage="f:\etwork\bin\tests\sysintgtests.icore.common.entities.dll" id="28e9ac9d-e78b-2e8f-194f-5901f1ad8e5e">
      <TestCategory>
        <TestCategoryItem TestCategory="Entities" />
        <TestCategoryItem TestCategory="SystemIntegration" />
      </TestCategory>
      <Execution id="a88accf6-74cc-4413-9bc0-082053ec3046" />
      <TestMethod codeBase="F:\ETWork\bin\Tests\SysIntgTests.iCore.Common.Entities.dll" adapterTypeName="Microsoft.VisualStudio.TestTools.TestTypes.Unit.UnitTestAdapter" className="SysIntgTests.iCore.Common.Entities.CategoryTests" name="Add_LongDescription_Succeeds" />
    </UnitTest>
    <UnitTest name="Add_ValidProperties_IdAndTimesAreUpdatedCorrectly" storage="f:\etwork\bin\tests\sysintgtests.icore.common.entities.dll" id="e343ef72-330c-642f-ff3a-a447b8a3cf71">
      <TestCategory>
        <TestCategoryItem TestCategory="Entities" />
        <TestCategoryItem TestCategory="SystemIntegration" />
      </TestCategory>
      <Execution id="6da13528-9f67-4a07-85ab-43ed8cec9b24" />
      <TestMethod codeBase="F:\ETWork\bin\Tests\SysIntgTests.iCore.Common.Entities.dll" adapterTypeName="Microsoft.VisualStudio.TestTools.TestTypes.Unit.UnitTestAdapter" className="SysIntgTests.iCore.Common.Entities.CategoryTests" name="Add_ValidProperties_IdAndTimesAreUpdatedCorrectly" />
    </UnitTest>
    <UnitTest name="Add_ComplexProperties_ArePersistedCorrectly" storage="f:\etwork\bin\tests\sysintgtests.icore.common.entities.dll" id="32d94c40-7966-6a0e-70e0-56ff76d22c20">
      <TestCategory>
        <TestCategoryItem TestCategory="Entities" />
        <TestCategoryItem TestCategory="SystemIntegration" />
      </TestCategory>
      <Execution id="f9766f22-8e51-482b-aa71-61ff34f4f196" />
      <TestMethod codeBase="F:\ETWork\bin\Tests\SysIntgTests.iCore.Common.Entities.dll" adapterTypeName="Microsoft.VisualStudio.TestTools.TestTypes.Unit.UnitTestAdapter" className="SysIntgTests.iCore.Common.Entities.CategoryTests" name="Add_ComplexProperties_ArePersistedCorrectly" />
    </UnitTest>
    <UnitTest name="Add_DuplicateNameWithSameParent_ThrowsUniqueValueAddConflictException" storage="f:\etwork\bin\tests\sysintgtests.icore.common.entities.dll" id="cad8e3cd-ae47-9c8c-ac7c-c997f148fe39">
      <TestCategory>
        <TestCategoryItem TestCategory="Entities" />
        <TestCategoryItem TestCategory="SystemIntegration" />
      </TestCategory>
      <Execution id="40d0684b-183c-4136-acca-ad3e010babc4" />
      <TestMethod codeBase="F:\ETWork\bin\Tests\SysIntgTests.iCore.Common.Entities.dll" adapterTypeName="Microsoft.VisualStudio.TestTools.TestTypes.Unit.UnitTestAdapter" className="SysIntgTests.iCore.Common.Entities.CategoryTests" name="Add_DuplicateNameWithSameParent_ThrowsUniqueValueAddConflictException" />
    </UnitTest>
    <UnitTest name="ImportExistingCategoryWithNewerModifiedDate" storage="f:\etwork\bin\tests\sysintgtests.icore.common.entities.dll" id="792310d5-82cf-8d07-bb1e-369023ac0215">
      <TestCategory>
        <TestCategoryItem TestCategory="Entities" />
        <TestCategoryItem TestCategory="SystemIntegration" />
      </TestCategory>
      <Execution id="cebffde8-2829-42c8-ae07-2c48fdf88646" />
      <TestMethod codeBase="F:\ETWork\bin\Tests\SysIntgTests.iCore.Common.Entities.dll" adapterTypeName="Microsoft.VisualStudio.TestTools.TestTypes.Unit.UnitTestAdapter" className="SysIntgTests.iCore.Common.Entities.CategoryTests" name="ImportExistingCategoryWithNewerModifiedDate" />
    </UnitTest>
    <UnitTest name="RepositoryEntityTypeId_ReturnsEntityReference" storage="f:\etwork\bin\tests\sysintgtests.icore.common.entities.dll" id="8411cb24-1b23-7815-8780-4729dc11fcba">
      <TestCategory>
        <TestCategoryItem TestCategory="Entities" />
        <TestCategoryItem TestCategory="SystemIntegration" />
      </TestCategory>
      <Execution id="824f8aea-1b52-4242-8a48-ada6b3df4102" />
      <TestMethod codeBase="F:\ETWork\bin\Tests\SysIntgTests.iCore.Common.Entities.dll" adapterTypeName="Microsoft.VisualStudio.TestTools.TestTypes.Unit.UnitTestAdapter" className="SysIntgTests.iCore.Common.Entities.TrackingEntityReferenceTests" name="RepositoryEntityTypeId_ReturnsEntityReference" />
    </UnitTest>
    <UnitTest name="RepositoryEntityType_ReturnsITrackingEntityReference" storage="f:\etwork\bin\tests\sysintgtests.icore.common.entities.dll" id="65478d97-4473-68f4-3359-83962083ac42">
      <TestCategory>
        <TestCategoryItem TestCategory="Entities" />
        <TestCategoryItem TestCategory="SystemIntegration" />
      </TestCategory>
      <Execution id="9e8da9a8-1070-4719-89b1-7a9d5ef301ce" />
      <TestMethod codeBase="F:\ETWork\bin\Tests\SysIntgTests.iCore.Common.Entities.dll" adapterTypeName="Microsoft.VisualStudio.TestTools.TestTypes.Unit.UnitTestAdapter" className="SysIntgTests.iCore.Common.Entities.TrackingEntityReferenceTests" name="RepositoryEntityType_ReturnsITrackingEntityReference" />
    </UnitTest>
    <UnitTest name="RepositorySystemContext_MatchesActualSystemContext" storage="f:\etwork\bin\tests\sysintgtests.icore.common.entities.dll" id="2a17dc6d-0405-2cac-0820-2f877efb454a">
      <TestCategory>
        <TestCategoryItem TestCategory="Entities" />
        <TestCategoryItem TestCategory="SystemIntegration" />
      </TestCategory>
      <Execution id="35857008-eb87-46e3-ab61-7a43b29bbe7b" />
      <TestMethod codeBase="F:\ETWork\bin\Tests\SysIntgTests.iCore.Common.Entities.dll" adapterTypeName="Microsoft.VisualStudio.TestTools.TestTypes.Unit.UnitTestAdapter" className="SysIntgTests.iCore.Common.Entities.TrackingEntityReferenceTests" name="RepositorySystemContext_MatchesActualSystemContext" />
    </UnitTest>
    <UnitTest name="Add_ValidArgumentsById_Succeeds" storage="f:\etwork\bin\tests\sysintgtests.icore.common.entities.dll" id="48c021b4-3c06-077c-cfe5-4ecf729685c9">
      <Execution id="7ace6ec6-9ad8-43d4-a431-887785217953" />
      <TestMethod codeBase="F:\ETWork\bin\Tests\SysIntgTests.iCore.Common.Entities.dll" adapterTypeName="Microsoft.VisualStudio.TestTools.TestTypes.Unit.UnitTestAdapter" className="SysIntgTests.iCore.Common.Entities.TrackingEntityReferenceTests" name="Add_ValidArgumentsById_Succeeds" />
    </UnitTest>
    <UnitTest name="Add_ValidArgumentsByKey_Succeeds" storage="f:\etwork\bin\tests\sysintgtests.icore.common.entities.dll" id="543f0ec4-22b8-4413-602d-7844268323d8">
      <Execution id="79903f5d-4dd1-49b7-9863-8f23a5769779" />
      <TestMethod codeBase="F:\ETWork\bin\Tests\SysIntgTests.iCore.Common.Entities.dll" adapterTypeName="Microsoft.VisualStudio.TestTools.TestTypes.Unit.UnitTestAdapter" className="SysIntgTests.iCore.Common.Entities.TrackingEntityReferenceTests" name="Add_ValidArgumentsByKey_Succeeds" />
    </UnitTest>
    <UnitTest name="Add_AlreadyExistingReference_Succeeds" storage="f:\etwork\bin\tests\sysintgtests.icore.common.entities.dll" id="5b5c1fde-01e6-880d-5c5f-742281a81eb5">
      <Execution id="0579b8a0-9e80-4631-9487-43775269ff63" />
      <TestMethod codeBase="F:\ETWork\bin\Tests\SysIntgTests.iCore.Common.Entities.dll" adapterTypeName="Microsoft.VisualStudio.TestTools.TestTypes.Unit.UnitTestAdapter" className="SysIntgTests.iCore.Common.Entities.TrackingEntityReferenceTests" name="Add_AlreadyExistingReference_Succeeds" />
    </UnitTest>
    <UnitTest name="Add_ToDescriptiveEntityViaGuidKey_Succeeds" storage="f:\etwork\bin\tests\sysintgtests.icore.common.entities.dll" id="0133c93d-43e6-00ba-ce2f-e9402a081690">
      <Execution id="c05a4aba-b3ed-4e3d-9409-2552ef480e03" />
      <TestMethod codeBase="F:\ETWork\bin\Tests\SysIntgTests.iCore.Common.Entities.dll" adapterTypeName="Microsoft.VisualStudio.TestTools.TestTypes.Unit.UnitTestAdapter" className="SysIntgTests.iCore.Common.Entities.TrackingEntityReferenceTests" name="Add_ToDescriptiveEntityViaGuidKey_Succeeds" />
    </UnitTest>
    <UnitTest name="Add_FromDescriptiveEntityViaGuidKey_Succeeds" storage="f:\etwork\bin\tests\sysintgtests.icore.common.entities.dll" id="49dd29b5-cc6a-59e9-bee5-6ff52aeaa5ab">
      <Execution id="feaf32d0-29ec-4a91-9429-dc6a64b50303" />
      <TestMethod codeBase="F:\ETWork\bin\Tests\SysIntgTests.iCore.Common.Entities.dll" adapterTypeName="Microsoft.VisualStudio.TestTools.TestTypes.Unit.UnitTestAdapter" className="SysIntgTests.iCore.Common.Entities.TrackingEntityReferenceTests" name="Add_FromDescriptiveEntityViaGuidKey_Succeeds" />
    </UnitTest>
    <UnitTest name="Exists_ReferenceIdOfExistingReference_ReturnsTrue" storage="f:\etwork\bin\tests\sysintgtests.icore.common.entities.dll" id="0aa5fb71-e520-6f1f-47cd-6e1f719245a4">
      <Execution id="6d32cea8-cdd0-4ba8-85ce-23f2ffb7ee07" />
      <TestMethod codeBase="F:\ETWork\bin\Tests\SysIntgTests.iCore.Common.Entities.dll" adapterTypeName="Microsoft.VisualStudio.TestTools.TestTypes.Unit.UnitTestAdapter" className="SysIntgTests.iCore.Common.Entities.TrackingEntityReferenceTests" name="Exists_ReferenceIdOfExistingReference_ReturnsTrue" />
    </UnitTest>
    <UnitTest name="Exists_ReferenceIdOfNonExistingReference_ReturnsFalse" storage="f:\etwork\bin\tests\sysintgtests.icore.common.entities.dll" id="faf31626-bafc-b73a-fd58-273f35dde510">
      <Execution id="518f39fb-5bf4-43bc-8c49-550b2ee3a9b3" />
      <TestMethod codeBase="F:\ETWork\bin\Tests\SysIntgTests.iCore.Common.Entities.dll" adapterTypeName="Microsoft.VisualStudio.TestTools.TestTypes.Unit.UnitTestAdapter" className="SysIntgTests.iCore.Common.Entities.TrackingEntityReferenceTests" name="Exists_ReferenceIdOfNonExistingReference_ReturnsFalse" />
    </UnitTest>
    <UnitTest name="Exists_ByEntityKey_VariousTests_ReturnsCorrectValue" storage="f:\etwork\bin\tests\sysintgtests.icore.common.entities.dll" id="4fb32fc3-a365-9873-be4c-27034ddf4e02">
      <Execution id="dc86bbb6-c7f7-4223-b014-ee0d33bbbfed" />
      <TestMethod codeBase="F:\ETWork\bin\Tests\SysIntgTests.iCore.Common.Entities.dll" adapterTypeName="Microsoft.VisualStudio.TestTools.TestTypes.Unit.UnitTestAdapter" className="SysIntgTests.iCore.Common.Entities.TrackingEntityReferenceTests" name="Exists_ByEntityKey_VariousTests_ReturnsCorrectValue" />
    </UnitTest>
    <UnitTest name="Delete_NonExistingReferenceId_Succeeds" storage="f:\etwork\bin\tests\sysintgtests.icore.common.entities.dll" id="1e482d6d-4baf-c954-6c7c-d9f77a864b97">
      <Execution id="5e290df3-97bf-4fc2-938e-df9a7f5736d4" />
      <TestMethod codeBase="F:\ETWork\bin\Tests\SysIntgTests.iCore.Common.Entities.dll" adapterTypeName="Microsoft.VisualStudio.TestTools.TestTypes.Unit.UnitTestAdapter" className="SysIntgTests.iCore.Common.Entities.TrackingEntityReferenceTests" name="Delete_NonExistingReferenceId_Succeeds" />
    </UnitTest>
    <UnitTest name="Delete_ExistingReferenceId_Succeeds" storage="f:\etwork\bin\tests\sysintgtests.icore.common.entities.dll" id="d3c40ed8-a1f0-f736-e36b-743bf86228b5">
      <Execution id="495cd2cf-46f8-4e8c-a2de-a9d29e9660b3" />
      <TestMethod codeBase="F:\ETWork\bin\Tests\SysIntgTests.iCore.Common.Entities.dll" adapterTypeName="Microsoft.VisualStudio.TestTools.TestTypes.Unit.UnitTestAdapter" className="SysIntgTests.iCore.Common.Entities.TrackingEntityReferenceTests" name="Delete_ExistingReferenceId_Succeeds" />
    </UnitTest>
    <UnitTest name="Delete_SingleExistingReferenceType_Succeeds" storage="f:\etwork\bin\tests\sysintgtests.icore.common.entities.dll" id="5307fa1f-935f-d80a-ff1c-720b3b9d9f02">
      <Execution id="89724585-752c-403f-9fc7-7c33dff1c2bc" />
      <TestMethod codeBase="F:\ETWork\bin\Tests\SysIntgTests.iCore.Common.Entities.dll" adapterTypeName="Microsoft.VisualStudio.TestTools.TestTypes.Unit.UnitTestAdapter" className="SysIntgTests.iCore.Common.Entities.TrackingEntityReferenceTests" name="Delete_SingleExistingReferenceType_Succeeds" />
    </UnitTest>
    <UnitTest name="Delete_MultipleExistingReferenceType_Succeeds" storage="f:\etwork\bin\tests\sysintgtests.icore.common.entities.dll" id="eddb88f2-7190-6fe4-a020-222ac08dc232">
      <Execution id="8e2fee65-f5e9-4d9f-915b-3c4ad779773b" />
      <TestMethod codeBase="F:\ETWork\bin\Tests\SysIntgTests.iCore.Common.Entities.dll" adapterTypeName="Microsoft.VisualStudio.TestTools.TestTypes.Unit.UnitTestAdapter" className="SysIntgTests.iCore.Common.Entities.TrackingEntityReferenceTests" name="Delete_MultipleExistingReferenceType_Succeeds" />
    </UnitTest>
    <UnitTest name="Delete_AnyExistingReferenceType_Succeeds" storage="f:\etwork\bin\tests\sysintgtests.icore.common.entities.dll" id="029c3b2e-f7be-a448-e92c-538d47321c4e">
      <Execution id="fd7072a4-ce87-4acf-bb04-74541ddd350f" />
      <TestMethod codeBase="F:\ETWork\bin\Tests\SysIntgTests.iCore.Common.Entities.dll" adapterTypeName="Microsoft.VisualStudio.TestTools.TestTypes.Unit.UnitTestAdapter" className="SysIntgTests.iCore.Common.Entities.TrackingEntityReferenceTests" name="Delete_AnyExistingReferenceType_Succeeds" />
    </UnitTest>
    <UnitTest name="DeleteAllFrom_NonExistingEntity_Succeeds" storage="f:\etwork\bin\tests\sysintgtests.icore.common.entities.dll" id="115bd6f2-9944-cfc0-da20-8f2bd3d45cc0">
      <Execution id="437e6317-4297-433d-8a88-8ae7fc50cbb3" />
      <TestMethod codeBase="F:\ETWork\bin\Tests\SysIntgTests.iCore.Common.Entities.dll" adapterTypeName="Microsoft.VisualStudio.TestTools.TestTypes.Unit.UnitTestAdapter" className="SysIntgTests.iCore.Common.Entities.TrackingEntityReferenceTests" name="DeleteAllFrom_NonExistingEntity_Succeeds" />
    </UnitTest>
    <UnitTest name="DeleteAllFrom_ExistingReferrerAllReferees_Succeeds" storage="f:\etwork\bin\tests\sysintgtests.icore.common.entities.dll" id="10ed73ab-f8fc-a16f-1d6f-58cb83ef80ff">
      <Execution id="9e902b3c-697a-4c64-8252-3ca40db0aa98" />
      <TestMethod codeBase="F:\ETWork\bin\Tests\SysIntgTests.iCore.Common.Entities.dll" adapterTypeName="Microsoft.VisualStudio.TestTools.TestTypes.Unit.UnitTestAdapter" className="SysIntgTests.iCore.Common.Entities.TrackingEntityReferenceTests" name="DeleteAllFrom_ExistingReferrerAllReferees_Succeeds" />
    </UnitTest>
    <UnitTest name="DeleteAllFrom_ExistingReferrerSingleRefereeType_Succeeds" storage="f:\etwork\bin\tests\sysintgtests.icore.common.entities.dll" id="02337ffd-e3b6-5562-db64-d0a28f625c3c">
      <Execution id="572c7b6f-baac-4982-acdf-b1028b7fe446" />
      <TestMethod codeBase="F:\ETWork\bin\Tests\SysIntgTests.iCore.Common.Entities.dll" adapterTypeName="Microsoft.VisualStudio.TestTools.TestTypes.Unit.UnitTestAdapter" className="SysIntgTests.iCore.Common.Entities.TrackingEntityReferenceTests" name="DeleteAllFrom_ExistingReferrerSingleRefereeType_Succeeds" />
    </UnitTest>
    <UnitTest name="DeleteAllTo_NonExistingEntity_Succeeds" storage="f:\etwork\bin\tests\sysintgtests.icore.common.entities.dll" id="53d3ddeb-eaf5-fb54-8061-b5152a1bc3eb">
      <Execution id="c7686494-4309-430e-9448-1bb55b05661d" />
      <TestMethod codeBase="F:\ETWork\bin\Tests\SysIntgTests.iCore.Common.Entities.dll" adapterTypeName="Microsoft.VisualStudio.TestTools.TestTypes.Unit.UnitTestAdapter" className="SysIntgTests.iCore.Common.Entities.TrackingEntityReferenceTests" name="DeleteAllTo_NonExistingEntity_Succeeds" />
    </UnitTest>
    <UnitTest name="DeleteAllTo_ExistingReferreeAllReferrers_Succeeds" storage="f:\etwork\bin\tests\sysintgtests.icore.common.entities.dll" id="699b22d1-a2a5-0d60-2afe-06c68786df72">
      <Execution id="3f1a3193-7bc7-4e63-bf8d-fd919d0e744b" />
      <TestMethod codeBase="F:\ETWork\bin\Tests\SysIntgTests.iCore.Common.Entities.dll" adapterTypeName="Microsoft.VisualStudio.TestTools.TestTypes.Unit.UnitTestAdapter" className="SysIntgTests.iCore.Common.Entities.TrackingEntityReferenceTests" name="DeleteAllTo_ExistingReferreeAllReferrers_Succeeds" />
    </UnitTest>
    <UnitTest name="DeleteAllTo_ExistingReferreeSingleReferrerType_Succeeds" storage="f:\etwork\bin\tests\sysintgtests.icore.common.entities.dll" id="15d67caa-6a54-24c7-2319-61deb6fb9955">
      <Execution id="e27a1f05-ce17-44ec-ba75-bc5e4139f7a3" />
      <TestMethod codeBase="F:\ETWork\bin\Tests\SysIntgTests.iCore.Common.Entities.dll" adapterTypeName="Microsoft.VisualStudio.TestTools.TestTypes.Unit.UnitTestAdapter" className="SysIntgTests.iCore.Common.Entities.TrackingEntityReferenceTests" name="DeleteAllTo_ExistingReferreeSingleReferrerType_Succeeds" />
    </UnitTest>
    <UnitTest name="DeleteAllInvolving_NonExistingEntity_Succeeds" storage="f:\etwork\bin\tests\sysintgtests.icore.common.entities.dll" id="7a5e2ab6-f7ab-5922-6d0d-d39ab8922447">
      <Execution id="89363042-8b81-4916-990a-698782a340e3" />
      <TestMethod codeBase="F:\ETWork\bin\Tests\SysIntgTests.iCore.Common.Entities.dll" adapterTypeName="Microsoft.VisualStudio.TestTools.TestTypes.Unit.UnitTestAdapter" className="SysIntgTests.iCore.Common.Entities.TrackingEntityReferenceTests" name="DeleteAllInvolving_NonExistingEntity_Succeeds" />
    </UnitTest>
    <UnitTest name="DeleteAllInvolving_ExistingEntity_Succeeds" storage="f:\etwork\bin\tests\sysintgtests.icore.common.entities.dll" id="623f8d7e-cc00-5b3e-4619-9af678ae4859">
      <Execution id="3b9874dd-925a-41f4-8eff-7bfcc9ba92ed" />
      <TestMethod codeBase="F:\ETWork\bin\Tests\SysIntgTests.iCore.Common.Entities.dll" adapterTypeName="Microsoft.VisualStudio.TestTools.TestTypes.Unit.UnitTestAdapter" className="SysIntgTests.iCore.Common.Entities.TrackingEntityReferenceTests" name="DeleteAllInvolving_ExistingEntity_Succeeds" />
    </UnitTest>
    <UnitTest name="FindByReferrer_NonExistingReferrer_ReturnsCorrectSequence" storage="f:\etwork\bin\tests\sysintgtests.icore.common.entities.dll" id="33829e7d-2e39-9ad5-b07a-17b863550c5b">
      <Execution id="ad82fb43-a9fb-422d-ba6a-39f17e130e2c" />
      <TestMethod codeBase="F:\ETWork\bin\Tests\SysIntgTests.iCore.Common.Entities.dll" adapterTypeName="Microsoft.VisualStudio.TestTools.TestTypes.Unit.UnitTestAdapter" className="SysIntgTests.iCore.Common.Entities.TrackingEntityReferenceTests" name="FindByReferrer_NonExistingReferrer_ReturnsCorrectSequence" />
    </UnitTest>
    <UnitTest name="FindByReferrer_ExistingReferrer_AnyReferenceType_ReturnsCorrectSequence" storage="f:\etwork\bin\tests\sysintgtests.icore.common.entities.dll" id="79aecae3-3809-ec21-fda1-d75adb25cf6f">
      <Execution id="6b1fea9f-fe6d-4c95-941e-67350a9b7b53" />
      <TestMethod codeBase="F:\ETWork\bin\Tests\SysIntgTests.iCore.Common.Entities.dll" adapterTypeName="Microsoft.VisualStudio.TestTools.TestTypes.Unit.UnitTestAdapter" className="SysIntgTests.iCore.Common.Entities.TrackingEntityReferenceTests" name="FindByReferrer_ExistingReferrer_AnyReferenceType_ReturnsCorrectSequence" />
    </UnitTest>
    <UnitTest name="FindByReferrer_ExistingReferrer_SingleReferenceType_ReturnsCorrectSequence" storage="f:\etwork\bin\tests\sysintgtests.icore.common.entities.dll" id="9cf3cf2f-2718-b58c-ded9-94073d7593bf">
      <Execution id="f9ed69e4-e09a-414f-8fe9-fff26049d6b5" />
      <TestMethod codeBase="F:\ETWork\bin\Tests\SysIntgTests.iCore.Common.Entities.dll" adapterTypeName="Microsoft.VisualStudio.TestTools.TestTypes.Unit.UnitTestAdapter" className="SysIntgTests.iCore.Common.Entities.TrackingEntityReferenceTests" name="FindByReferrer_ExistingReferrer_SingleReferenceType_ReturnsCorrectSequence" />
    </UnitTest>
    <UnitTest name="FindByReferrer_ExistingReferrer_SingleReferenceTypeAndRefereeType_ReturnsCorrectSequence" storage="f:\etwork\bin\tests\sysintgtests.icore.common.entities.dll" id="b83581e3-1e76-8425-62e9-51b0633e9f8b">
      <Execution id="2ffaae80-b361-4c8c-ad47-23538d5fe643" />
      <TestMethod codeBase="F:\ETWork\bin\Tests\SysIntgTests.iCore.Common.Entities.dll" adapterTypeName="Microsoft.VisualStudio.TestTools.TestTypes.Unit.UnitTestAdapter" className="SysIntgTests.iCore.Common.Entities.TrackingEntityReferenceTests" name="FindByReferrer_ExistingReferrer_SingleReferenceTypeAndRefereeType_ReturnsCorrectSequence" />
    </UnitTest>
    <UnitTest name="FindByReferrerRecursive_MultipleCombinations_Succeeds" storage="f:\etwork\bin\tests\sysintgtests.icore.common.entities.dll" id="9e18f3ee-5efd-6b82-c68a-94d4f173431c">
      <Execution id="2e519b25-e65e-4d91-be20-b0e0521f4edd" />
      <TestMethod codeBase="F:\ETWork\bin\Tests\SysIntgTests.iCore.Common.Entities.dll" adapterTypeName="Microsoft.VisualStudio.TestTools.TestTypes.Unit.UnitTestAdapter" className="SysIntgTests.iCore.Common.Entities.TrackingEntityReferenceTests" name="FindByReferrerRecursive_MultipleCombinations_Succeeds" />
    </UnitTest>
    <UnitTest name="FindByReferee_NonExistingReferee_ReturnsCorrectSequence" storage="f:\etwork\bin\tests\sysintgtests.icore.common.entities.dll" id="65a5ab4a-0a2f-cad8-9e01-ef0adb44ccdd">
      <Execution id="3765e4c3-959f-4a03-9482-b75fd2fdea06" />
      <TestMethod codeBase="F:\ETWork\bin\Tests\SysIntgTests.iCore.Common.Entities.dll" adapterTypeName="Microsoft.VisualStudio.TestTools.TestTypes.Unit.UnitTestAdapter" className="SysIntgTests.iCore.Common.Entities.TrackingEntityReferenceTests" name="FindByReferee_NonExistingReferee_ReturnsCorrectSequence" />
    </UnitTest>
    <UnitTest name="FindByReferee_ExistingReferee_AnyReferenceType_ReturnsCorrectSequence" storage="f:\etwork\bin\tests\sysintgtests.icore.common.entities.dll" id="5310b5ea-8947-75d6-7806-93e3bffb7bc4">
      <Execution id="cfdc95b8-1059-4f06-991c-643f5cdebaf0" />
      <TestMethod codeBase="F:\ETWork\bin\Tests\SysIntgTests.iCore.Common.Entities.dll" adapterTypeName="Microsoft.VisualStudio.TestTools.TestTypes.Unit.UnitTestAdapter" className="SysIntgTests.iCore.Common.Entities.TrackingEntityReferenceTests" name="FindByReferee_ExistingReferee_AnyReferenceType_ReturnsCorrectSequence" />
    </UnitTest>
    <UnitTest name="FindByReferee_ExistingReferee_SingleReferenceType_ReturnsCorrectSequence" storage="f:\etwork\bin\tests\sysintgtests.icore.common.entities.dll" id="e1f9b1a3-1c03-67cc-660c-88425e42ee32">
      <Execution id="3aac0b35-002a-4103-b3cc-55d9ad90bc3a" />
      <TestMethod codeBase="F:\ETWork\bin\Tests\SysIntgTests.iCore.Common.Entities.dll" adapterTypeName="Microsoft.VisualStudio.TestTools.TestTypes.Unit.UnitTestAdapter" className="SysIntgTests.iCore.Common.Entities.TrackingEntityReferenceTests" name="FindByReferee_ExistingReferee_SingleReferenceType_ReturnsCorrectSequence" />
    </UnitTest>
    <UnitTest name="FindByReferee_ExistingReferee_SingleReferenceTypeAndRefereeType_ReturnsCorrectSequence" storage="f:\etwork\bin\tests\sysintgtests.icore.common.entities.dll" id="d24b70dc-86e9-02fd-8227-9022d249e624">
      <Execution id="2dddd8c7-5c99-4058-aa7c-174d90b02c28" />
      <TestMethod codeBase="F:\ETWork\bin\Tests\SysIntgTests.iCore.Common.Entities.dll" adapterTypeName="Microsoft.VisualStudio.TestTools.TestTypes.Unit.UnitTestAdapter" className="SysIntgTests.iCore.Common.Entities.TrackingEntityReferenceTests" name="FindByReferee_ExistingReferee_SingleReferenceTypeAndRefereeType_ReturnsCorrectSequence" />
    </UnitTest>
    <UnitTest name="HasReferees_MultipleCombinations_ReturnsCorrectResults" storage="f:\etwork\bin\tests\sysintgtests.icore.common.entities.dll" id="87ae33bd-a5eb-0097-7155-d309028997b5">
      <Execution id="732e4efb-bbf2-4aa5-81be-4a0dc32aca42" />
      <TestMethod codeBase="F:\ETWork\bin\Tests\SysIntgTests.iCore.Common.Entities.dll" adapterTypeName="Microsoft.VisualStudio.TestTools.TestTypes.Unit.UnitTestAdapter" className="SysIntgTests.iCore.Common.Entities.TrackingEntityReferenceTests" name="HasReferees_MultipleCombinations_ReturnsCorrectResults" />
    </UnitTest>
    <UnitTest name="HasReferrers_MultipleCombinations_ReturnsCorrectResults" storage="f:\etwork\bin\tests\sysintgtests.icore.common.entities.dll" id="d2599e8e-0f71-eb13-826e-f190de81f52a">
      <Execution id="cd120440-5f75-4e3b-85cd-4e7069600330" />
      <TestMethod codeBase="F:\ETWork\bin\Tests\SysIntgTests.iCore.Common.Entities.dll" adapterTypeName="Microsoft.VisualStudio.TestTools.TestTypes.Unit.UnitTestAdapter" className="SysIntgTests.iCore.Common.Entities.TrackingEntityReferenceTests" name="HasReferrers_MultipleCombinations_ReturnsCorrectResults" />
    </UnitTest>
    <UnitTest name="HasReferences_MultipleCombinations_ReturnsCorrectResults" storage="f:\etwork\bin\tests\sysintgtests.icore.common.entities.dll" id="1e6b42ea-7542-96e1-e83b-6b582b9425de">
      <Execution id="4ae93d74-d5c7-4666-a78b-80af06ce3191" />
      <TestMethod codeBase="F:\ETWork\bin\Tests\SysIntgTests.iCore.Common.Entities.dll" adapterTypeName="Microsoft.VisualStudio.TestTools.TestTypes.Unit.UnitTestAdapter" className="SysIntgTests.iCore.Common.Entities.TrackingEntityReferenceTests" name="HasReferences_MultipleCombinations_ReturnsCorrectResults" />
    </UnitTest>
    <UnitTest name="RepositoryEntityTypeId_ReturnsFilter" storage="f:\etwork\bin\tests\sysintgtests.icore.common.entities.dll" id="cf9f3a29-dae9-c80f-e5c0-b1556fd56213">
      <TestCategory>
        <TestCategoryItem TestCategory="Entities" />
        <TestCategoryItem TestCategory="SystemIntegration" />
      </TestCategory>
      <Execution id="2a054870-a81c-4166-9ef8-f8e367cad1cc" />
      <TestMethod codeBase="F:\ETWork\bin\Tests\SysIntgTests.iCore.Common.Entities.dll" adapterTypeName="Microsoft.VisualStudio.TestTools.TestTypes.Unit.UnitTestAdapter" className="SysIntgTests.iCore.Common.Entities.EntityFilterTests" name="RepositoryEntityTypeId_ReturnsFilter" />
    </UnitTest>
    <UnitTest name="RepositoryEntityType_ReturnsIEntityFilter" storage="f:\etwork\bin\tests\sysintgtests.icore.common.entities.dll" id="b39b2bab-a462-eac2-9de1-65be71c39b11">
      <TestCategory>
        <TestCategoryItem TestCategory="Entities" />
        <TestCategoryItem TestCategory="SystemIntegration" />
      </TestCategory>
      <Execution id="0b7c504b-54e2-4d36-847f-8d1cab010f0e" />
      <TestMethod codeBase="F:\ETWork\bin\Tests\SysIntgTests.iCore.Common.Entities.dll" adapterTypeName="Microsoft.VisualStudio.TestTools.TestTypes.Unit.UnitTestAdapter" className="SysIntgTests.iCore.Common.Entities.EntityFilterTests" name="RepositoryEntityType_ReturnsIEntityFilter" />
    </UnitTest>
    <UnitTest name="RepositorySystemContext_MatchesActualSystemContext" storage="f:\etwork\bin\tests\sysintgtests.icore.common.entities.dll" id="dc9e17ae-b86e-9319-9e9d-1f7d6822e9d3">
      <TestCategory>
        <TestCategoryItem TestCategory="Entities" />
        <TestCategoryItem TestCategory="SystemIntegration" />
      </TestCategory>
      <Execution id="ccdad787-1140-4418-8b1c-41f254d43f77" />
      <TestMethod codeBase="F:\ETWork\bin\Tests\SysIntgTests.iCore.Common.Entities.dll" adapterTypeName="Microsoft.VisualStudio.TestTools.TestTypes.Unit.UnitTestAdapter" className="SysIntgTests.iCore.Common.Entities.EntityFilterTests" name="RepositorySystemContext_MatchesActualSystemContext" />
    </UnitTest>
    <UnitTest name="Add_Properties_ArePersistedCorrectly" storage="f:\etwork\bin\tests\sysintgtests.icore.common.entities.dll" id="bc647912-1287-3c99-3fef-5477563851bd">
      <TestCategory>
        <TestCategoryItem TestCategory="Entities" />
        <TestCategoryItem TestCategory="SystemIntegration" />
      </TestCategory>
      <Execution id="c29ce12c-07fa-40cd-82e4-92c1b117cbf4" />
      <TestMethod codeBase="F:\ETWork\bin\Tests\SysIntgTests.iCore.Common.Entities.dll" adapterTypeName="Microsoft.VisualStudio.TestTools.TestTypes.Unit.UnitTestAdapter" className="SysIntgTests.iCore.Common.Entities.EntityFilterTests" name="Add_Properties_ArePersistedCorrectly" />
    </UnitTest>
    <UnitTest name="DefaultFilters_CanBeListed" storage="f:\etwork\bin\tests\sysintgtests.icore.common.entities.dll" id="3ea148b4-0541-bacf-4902-e80f2f1fc099">
      <TestCategory>
        <TestCategoryItem TestCategory="Entities" />
        <TestCategoryItem TestCategory="SystemIntegration" />
      </TestCategory>
      <Execution id="abce7327-c3e1-44fd-bfe7-9df6f3e7994d" />
      <TestMethod codeBase="F:\ETWork\bin\Tests\SysIntgTests.iCore.Common.Entities.dll" adapterTypeName="Microsoft.VisualStudio.TestTools.TestTypes.Unit.UnitTestAdapter" className="SysIntgTests.iCore.Common.Entities.EntityFilterTests" name="DefaultFilters_CanBeListed" />
    </UnitTest>
    <UnitTest name="MakeSql_NonCompositeWithoutParams_ProducesValidSql" storage="f:\etwork\bin\tests\sysintgtests.icore.common.entities.dll" id="05930d5c-a198-7c85-d9a5-e98b3ed465c2">
      <TestCategory>
        <TestCategoryItem TestCategory="SystemIntegration" />
        <TestCategoryItem TestCategory="PerformanceClasses" />
      </TestCategory>
      <Execution id="53369bed-3afe-415a-8cd9-b4c69802bbe6" />
      <TestMethod codeBase="F:\ETWork\bin\Tests\SysIntgTests.iCore.Common.Entities.dll" adapterTypeName="Microsoft.VisualStudio.TestTools.TestTypes.Unit.UnitTestAdapter" className="SysIntgTests.iCore.Common.Entities.CategoryIsNotInFilterOpAttributeTest" name="MakeSql_NonCompositeWithoutParams_ProducesValidSql" />
    </UnitTest>
    <UnitTest name="MakeSql_NonCompositeWithParams_ProducesValidSql" storage="f:\etwork\bin\tests\sysintgtests.icore.common.entities.dll" id="a0914620-d70d-dc78-e7e1-84678f027a2a">
      <TestCategory>
        <TestCategoryItem TestCategory="SystemIntegration" />
        <TestCategoryItem TestCategory="PerformanceClasses" />
      </TestCategory>
      <Execution id="9c3bb802-ca04-4a13-ac68-b084a2a6f13d" />
      <TestMethod codeBase="F:\ETWork\bin\Tests\SysIntgTests.iCore.Common.Entities.dll" adapterTypeName="Microsoft.VisualStudio.TestTools.TestTypes.Unit.UnitTestAdapter" className="SysIntgTests.iCore.Common.Entities.CategoryIsNotInFilterOpAttributeTest" name="MakeSql_NonCompositeWithParams_ProducesValidSql" />
    </UnitTest>
    <UnitTest name="MakeSql_CompositeWithoutParams_ProducesValidSql" storage="f:\etwork\bin\tests\sysintgtests.icore.common.entities.dll" id="c98b7227-ed80-4af1-2956-bed084b289f5">
      <TestCategory>
        <TestCategoryItem TestCategory="SystemIntegration" />
        <TestCategoryItem TestCategory="PerformanceClasses" />
      </TestCategory>
      <Execution id="eb468a92-bc66-4cb0-aebe-842098e8f743" />
      <TestMethod codeBase="F:\ETWork\bin\Tests\SysIntgTests.iCore.Common.Entities.dll" adapterTypeName="Microsoft.VisualStudio.TestTools.TestTypes.Unit.UnitTestAdapter" className="SysIntgTests.iCore.Common.Entities.CategoryIsNotInFilterOpAttributeTest" name="MakeSql_CompositeWithoutParams_ProducesValidSql" />
    </UnitTest>
    <UnitTest name="MakeSql_CompositeWithParam_ProducesValidSql" storage="f:\etwork\bin\tests\sysintgtests.icore.common.entities.dll" id="2c7127e1-4ef3-3987-3560-a376eab0cc6a">
      <TestCategory>
        <TestCategoryItem TestCategory="SystemIntegration" />
        <TestCategoryItem TestCategory="PerformanceClasses" />
      </TestCategory>
      <Execution id="e8258c2d-cff4-4ba3-b86f-f14ce11f74e7" />
      <TestMethod codeBase="F:\ETWork\bin\Tests\SysIntgTests.iCore.Common.Entities.dll" adapterTypeName="Microsoft.VisualStudio.TestTools.TestTypes.Unit.UnitTestAdapter" className="SysIntgTests.iCore.Common.Entities.CategoryIsNotInFilterOpAttributeTest" name="MakeSql_CompositeWithParam_ProducesValidSql" />
    </UnitTest>
    <UnitTest name="MakeSql_NonCompositeWithoutParams_ProducesValidSql" storage="f:\etwork\bin\tests\sysintgtests.icore.common.entities.dll" id="3d061dcd-f7a5-86ea-b1a3-2bf1a980415c">
      <TestCategory>
        <TestCategoryItem TestCategory="SystemIntegration" />
        <TestCategoryItem TestCategory="PerformanceClasses" />
      </TestCategory>
      <Execution id="71526362-2b3d-4c7d-8cef-e544f509db2d" />
      <TestMethod codeBase="F:\ETWork\bin\Tests\SysIntgTests.iCore.Common.Entities.dll" adapterTypeName="Microsoft.VisualStudio.TestTools.TestTypes.Unit.UnitTestAdapter" className="SysIntgTests.iCore.Common.Entities.CategoryIsUnderFilterOpAttributeTest" name="MakeSql_NonCompositeWithoutParams_ProducesValidSql" />
    </UnitTest>
    <UnitTest name="MakeSql_NonCompositeWithParams_ProducesValidSql" storage="f:\etwork\bin\tests\sysintgtests.icore.common.entities.dll" id="5864678e-4a17-8027-6d9d-ec11b4f4ace6">
      <TestCategory>
        <TestCategoryItem TestCategory="SystemIntegration" />
        <TestCategoryItem TestCategory="PerformanceClasses" />
      </TestCategory>
      <Execution id="59ee178e-12fe-44cb-a795-a70f8cb3fa80" />
      <TestMethod codeBase="F:\ETWork\bin\Tests\SysIntgTests.iCore.Common.Entities.dll" adapterTypeName="Microsoft.VisualStudio.TestTools.TestTypes.Unit.UnitTestAdapter" className="SysIntgTests.iCore.Common.Entities.CategoryIsUnderFilterOpAttributeTest" name="MakeSql_NonCompositeWithParams_ProducesValidSql" />
    </UnitTest>
    <UnitTest name="MakeSql_CompositeWithoutParams_ProducesValidSql" storage="f:\etwork\bin\tests\sysintgtests.icore.common.entities.dll" id="b30ebf65-8757-6734-81f5-f9807bae73d8">
      <TestCategory>
        <TestCategoryItem TestCategory="SystemIntegration" />
        <TestCategoryItem TestCategory="PerformanceClasses" />
      </TestCategory>
      <Execution id="0e855da6-384e-44db-8a92-4f7465ecc8b7" />
      <TestMethod codeBase="F:\ETWork\bin\Tests\SysIntgTests.iCore.Common.Entities.dll" adapterTypeName="Microsoft.VisualStudio.TestTools.TestTypes.Unit.UnitTestAdapter" className="SysIntgTests.iCore.Common.Entities.CategoryIsUnderFilterOpAttributeTest" name="MakeSql_CompositeWithoutParams_ProducesValidSql" />
    </UnitTest>
    <UnitTest name="MakeSql_CompositeWithParam_ProducesValidSql" storage="f:\etwork\bin\tests\sysintgtests.icore.common.entities.dll" id="328e00a6-a1b9-0d93-04e1-c25c68d20564">
      <TestCategory>
        <TestCategoryItem TestCategory="SystemIntegration" />
        <TestCategoryItem TestCategory="PerformanceClasses" />
      </TestCategory>
      <Execution id="9f84e048-0381-4d09-a9cc-e194ecc4710c" />
      <TestMethod codeBase="F:\ETWork\bin\Tests\SysIntgTests.iCore.Common.Entities.dll" adapterTypeName="Microsoft.VisualStudio.TestTools.TestTypes.Unit.UnitTestAdapter" className="SysIntgTests.iCore.Common.Entities.CategoryIsUnderFilterOpAttributeTest" name="MakeSql_CompositeWithParam_ProducesValidSql" />
    </UnitTest>
    <UnitTest name="MakeSql_NonCompositeWithoutParams_ProducesValidSql" storage="f:\etwork\bin\tests\sysintgtests.icore.common.entities.dll" id="50ca3e4c-ad7e-6b66-0df9-4b45a5a1e27f">
      <TestCategory>
        <TestCategoryItem TestCategory="SystemIntegration" />
        <TestCategoryItem TestCategory="PerformanceClasses" />
      </TestCategory>
      <Execution id="aaeae1fe-58ab-40d6-99f2-5a72904c0790" />
      <TestMethod codeBase="F:\ETWork\bin\Tests\SysIntgTests.iCore.Common.Entities.dll" adapterTypeName="Microsoft.VisualStudio.TestTools.TestTypes.Unit.UnitTestAdapter" className="SysIntgTests.iCore.Common.Entities.CategoryIsNotUnderFilterOpAttributeTest" name="MakeSql_NonCompositeWithoutParams_ProducesValidSql" />
    </UnitTest>
    <UnitTest name="MakeSql_NonCompositeWithParams_ProducesValidSql" storage="f:\etwork\bin\tests\sysintgtests.icore.common.entities.dll" id="fc2d08a0-cd2e-1987-8591-909b14526c6a">
      <TestCategory>
        <TestCategoryItem TestCategory="SystemIntegration" />
        <TestCategoryItem TestCategory="PerformanceClasses" />
      </TestCategory>
      <Execution id="6c8c31e3-12e6-4e61-844f-bde97b9ad20b" />
      <TestMethod codeBase="F:\ETWork\bin\Tests\SysIntgTests.iCore.Common.Entities.dll" adapterTypeName="Microsoft.VisualStudio.TestTools.TestTypes.Unit.UnitTestAdapter" className="SysIntgTests.iCore.Common.Entities.CategoryIsNotUnderFilterOpAttributeTest" name="MakeSql_NonCompositeWithParams_ProducesValidSql" />
    </UnitTest>
    <UnitTest name="MakeSql_CompositeWithoutParams_ProducesValidSql" storage="f:\etwork\bin\tests\sysintgtests.icore.common.entities.dll" id="b4cc378c-9969-e679-1ce3-6ce3526a114b">
      <TestCategory>
        <TestCategoryItem TestCategory="SystemIntegration" />
        <TestCategoryItem TestCategory="PerformanceClasses" />
      </TestCategory>
      <Execution id="abd4553e-39da-4dd6-9eb4-8a91d7d89fd6" />
      <TestMethod codeBase="F:\ETWork\bin\Tests\SysIntgTests.iCore.Common.Entities.dll" adapterTypeName="Microsoft.VisualStudio.TestTools.TestTypes.Unit.UnitTestAdapter" className="SysIntgTests.iCore.Common.Entities.CategoryIsNotUnderFilterOpAttributeTest" name="MakeSql_CompositeWithoutParams_ProducesValidSql" />
    </UnitTest>
    <UnitTest name="MakeSql_CompositeWithParam_ProducesValidSql" storage="f:\etwork\bin\tests\sysintgtests.icore.common.entities.dll" id="2517d169-eccd-4eab-4391-450012a9e5f3">
      <TestCategory>
        <TestCategoryItem TestCategory="SystemIntegration" />
        <TestCategoryItem TestCategory="PerformanceClasses" />
      </TestCategory>
      <Execution id="bef9fb2f-d72e-4ffc-b9bb-d3227e0b5bcb" />
      <TestMethod codeBase="F:\ETWork\bin\Tests\SysIntgTests.iCore.Common.Entities.dll" adapterTypeName="Microsoft.VisualStudio.TestTools.TestTypes.Unit.UnitTestAdapter" className="SysIntgTests.iCore.Common.Entities.CategoryIsNotUnderFilterOpAttributeTest" name="MakeSql_CompositeWithParam_ProducesValidSql" />
    </UnitTest>
    <UnitTest name="MakeSql_WithoutParams_ProducesValidSql" storage="f:\etwork\bin\tests\sysintgtests.icore.common.entities.dll" id="626ab8b0-2d4b-13db-129e-7f006c2dbb9d">
      <TestCategory>
        <TestCategoryItem TestCategory="SystemIntegration" />
        <TestCategoryItem TestCategory="PerformanceClasses" />
      </TestCategory>
      <Execution id="c2ecbfd2-7f67-425f-ab48-2725b2f3b2d4" />
      <TestMethod codeBase="F:\ETWork\bin\Tests\SysIntgTests.iCore.Common.Entities.dll" adapterTypeName="Microsoft.VisualStudio.TestTools.TestTypes.Unit.UnitTestAdapter" className="SysIntgTests.iCore.Common.Entities.LogMessageTypeIdIsNotOneOfAttributeTest" name="MakeSql_WithoutParams_ProducesValidSql" />
    </UnitTest>
    <UnitTest name="MakeSql_WithParams_ProducesValidSql" storage="f:\etwork\bin\tests\sysintgtests.icore.common.entities.dll" id="d4cadcf8-7f8b-fa27-2c7d-c1b9d59142a2">
      <TestCategory>
        <TestCategoryItem TestCategory="SystemIntegration" />
        <TestCategoryItem TestCategory="PerformanceClasses" />
      </TestCategory>
      <Execution id="ba920a15-4d4d-45fc-a17b-cddc888b3e35" />
      <TestMethod codeBase="F:\ETWork\bin\Tests\SysIntgTests.iCore.Common.Entities.dll" adapterTypeName="Microsoft.VisualStudio.TestTools.TestTypes.Unit.UnitTestAdapter" className="SysIntgTests.iCore.Common.Entities.LogMessageTypeIdIsNotOneOfAttributeTest" name="MakeSql_WithParams_ProducesValidSql" />
    </UnitTest>
    <UnitTest name="MakeSql_WithoutParams_ProducesValidSql" storage="f:\etwork\bin\tests\sysintgtests.icore.common.entities.dll" id="624ef01a-1c13-ec9c-5ec6-16951392ce4f">
      <TestCategory>
        <TestCategoryItem TestCategory="SystemIntegration" />
        <TestCategoryItem TestCategory="PerformanceClasses" />
      </TestCategory>
      <Execution id="d480c9a3-163c-48f2-a9bb-8d11a0398ee4" />
      <TestMethod codeBase="F:\ETWork\bin\Tests\SysIntgTests.iCore.Common.Entities.dll" adapterTypeName="Microsoft.VisualStudio.TestTools.TestTypes.Unit.UnitTestAdapter" className="SysIntgTests.iCore.Common.Entities.LogMessageTypeIdIsOneOfAttributeTest" name="MakeSql_WithoutParams_ProducesValidSql" />
    </UnitTest>
    <UnitTest name="MakeSql_WithParams_ProducesValidSql" storage="f:\etwork\bin\tests\sysintgtests.icore.common.entities.dll" id="3e362eef-cfc3-a64a-0ebb-0bdbf8a86a70">
      <TestCategory>
        <TestCategoryItem TestCategory="SystemIntegration" />
        <TestCategoryItem TestCategory="PerformanceClasses" />
      </TestCategory>
      <Execution id="f04f68f8-5542-4265-a7ee-b68b55da4616" />
      <TestMethod codeBase="F:\ETWork\bin\Tests\SysIntgTests.iCore.Common.Entities.dll" adapterTypeName="Microsoft.VisualStudio.TestTools.TestTypes.Unit.UnitTestAdapter" className="SysIntgTests.iCore.Common.Entities.LogMessageTypeIdIsOneOfAttributeTest" name="MakeSql_WithParams_ProducesValidSql" />
    </UnitTest>
    <UnitTest name="MakeSql_WithoutParams_ProducesValidSql" storage="f:\etwork\bin\tests\sysintgtests.icore.common.entities.dll" id="d8676666-4f1f-a50b-d4a4-e63a9bd38e67">
      <TestCategory>
        <TestCategoryItem TestCategory="SystemIntegration" />
        <TestCategoryItem TestCategory="PerformanceClasses" />
      </TestCategory>
      <Execution id="49c7947c-abd6-47aa-87e3-b87d93ac157f" />
      <TestMethod codeBase="F:\ETWork\bin\Tests\SysIntgTests.iCore.Common.Entities.dll" adapterTypeName="Microsoft.VisualStudio.TestTools.TestTypes.Unit.UnitTestAdapter" className="SysIntgTests.iCore.Common.Entities.SettingAttribGrpContainsAttributeTest" name="MakeSql_WithoutParams_ProducesValidSql" />
    </UnitTest>
    <UnitTest name="MakeSql_WithParams_ProducesValidSql" storage="f:\etwork\bin\tests\sysintgtests.icore.common.entities.dll" id="87f6260d-e1f5-8899-8c5f-a6bc4378d1d8">
      <TestCategory>
        <TestCategoryItem TestCategory="SystemIntegration" />
        <TestCategoryItem TestCategory="PerformanceClasses" />
      </TestCategory>
      <Execution id="9b958557-058e-4e02-8181-012a50fd1eaa" />
      <TestMethod codeBase="F:\ETWork\bin\Tests\SysIntgTests.iCore.Common.Entities.dll" adapterTypeName="Microsoft.VisualStudio.TestTools.TestTypes.Unit.UnitTestAdapter" className="SysIntgTests.iCore.Common.Entities.SettingAttribGrpContainsAttributeTest" name="MakeSql_WithParams_ProducesValidSql" />
    </UnitTest>
    <UnitTest name="MakeSql_WithoutParams_ProducesValidSql" storage="f:\etwork\bin\tests\sysintgtests.icore.common.entities.dll" id="fe0dacde-12a9-9018-2075-664c693c39d2">
      <TestCategory>
        <TestCategoryItem TestCategory="SystemIntegration" />
        <TestCategoryItem TestCategory="PerformanceClasses" />
      </TestCategory>
      <Execution id="c342452c-c901-4d6d-b653-73a4c8b78bfa" />
      <TestMethod codeBase="F:\ETWork\bin\Tests\SysIntgTests.iCore.Common.Entities.dll" adapterTypeName="Microsoft.VisualStudio.TestTools.TestTypes.Unit.UnitTestAdapter" className="SysIntgTests.iCore.Common.Entities.SettingAttribGrpContainsNotAttributeTest" name="MakeSql_WithoutParams_ProducesValidSql" />
    </UnitTest>
    <UnitTest name="MakeSql_WithParams_ProducesValidSql" storage="f:\etwork\bin\tests\sysintgtests.icore.common.entities.dll" id="7a279cb0-4923-94b7-013f-30f1a8cbe019">
      <TestCategory>
        <TestCategoryItem TestCategory="SystemIntegration" />
        <TestCategoryItem TestCategory="PerformanceClasses" />
      </TestCategory>
      <Execution id="b4fa6b0b-dcd7-4b6a-b9d9-62f036e351c4" />
      <TestMethod codeBase="F:\ETWork\bin\Tests\SysIntgTests.iCore.Common.Entities.dll" adapterTypeName="Microsoft.VisualStudio.TestTools.TestTypes.Unit.UnitTestAdapter" className="SysIntgTests.iCore.Common.Entities.SettingAttribGrpContainsNotAttributeTest" name="MakeSql_WithParams_ProducesValidSql" />
    </UnitTest>
    <UnitTest name="MakeSql_WithoutParams_ProducesValidSql" storage="f:\etwork\bin\tests\sysintgtests.icore.common.entities.dll" id="b9e10dc7-df8d-4f73-7a49-254ae8338013">
      <TestCategory>
        <TestCategoryItem TestCategory="SystemIntegration" />
        <TestCategoryItem TestCategory="PerformanceClasses" />
      </TestCategory>
      <Execution id="1360f4df-88c5-40c4-9b1f-477b9ac312ca" />
      <TestMethod codeBase="F:\ETWork\bin\Tests\SysIntgTests.iCore.Common.Entities.dll" adapterTypeName="Microsoft.VisualStudio.TestTools.TestTypes.Unit.UnitTestAdapter" className="SysIntgTests.iCore.Common.Entities.SettingIdentitiesContainsAttributeTest" name="MakeSql_WithoutParams_ProducesValidSql" />
    </UnitTest>
    <UnitTest name="MakeSql_WithParams_ProducesValidSql" storage="f:\etwork\bin\tests\sysintgtests.icore.common.entities.dll" id="9d2f43ab-8558-b3e0-067a-a21658faee6d">
      <TestCategory>
        <TestCategoryItem TestCategory="SystemIntegration" />
        <TestCategoryItem TestCategory="PerformanceClasses" />
      </TestCategory>
      <Execution id="0b777996-c440-4372-a22c-114f8f745a7f" />
      <TestMethod codeBase="F:\ETWork\bin\Tests\SysIntgTests.iCore.Common.Entities.dll" adapterTypeName="Microsoft.VisualStudio.TestTools.TestTypes.Unit.UnitTestAdapter" className="SysIntgTests.iCore.Common.Entities.SettingIdentitiesContainsAttributeTest" name="MakeSql_WithParams_ProducesValidSql" />
    </UnitTest>
    <UnitTest name="MakeSql_WithoutParams_ProducesValidSql" storage="f:\etwork\bin\tests\sysintgtests.icore.common.entities.dll" id="9453797d-d62d-0202-3859-05c58f228ba1">
      <TestCategory>
        <TestCategoryItem TestCategory="SystemIntegration" />
        <TestCategoryItem TestCategory="PerformanceClasses" />
      </TestCategory>
      <Execution id="6f19d096-3970-40b3-bdfe-f2b32325912d" />
      <TestMethod codeBase="F:\ETWork\bin\Tests\SysIntgTests.iCore.Common.Entities.dll" adapterTypeName="Microsoft.VisualStudio.TestTools.TestTypes.Unit.UnitTestAdapter" className="SysIntgTests.iCore.Common.Entities.SettingIdentitiesContainsNotAttributeTest" name="MakeSql_WithoutParams_ProducesValidSql" />
    </UnitTest>
    <UnitTest name="MakeSql_WithParams_ProducesValidSql" storage="f:\etwork\bin\tests\sysintgtests.icore.common.entities.dll" id="6fbae834-f830-fce1-cd24-a3b9b2b0affc">
      <TestCategory>
        <TestCategoryItem TestCategory="SystemIntegration" />
        <TestCategoryItem TestCategory="PerformanceClasses" />
      </TestCategory>
      <Execution id="c4340def-0d3f-45db-b0e8-40f14875d2cf" />
      <TestMethod codeBase="F:\ETWork\bin\Tests\SysIntgTests.iCore.Common.Entities.dll" adapterTypeName="Microsoft.VisualStudio.TestTools.TestTypes.Unit.UnitTestAdapter" className="SysIntgTests.iCore.Common.Entities.SettingIdentitiesContainsNotAttributeTest" name="MakeSql_WithParams_ProducesValidSql" />
    </UnitTest>
    <UnitTest name="MakeSql_WithoutParams_ProducesValidSql" storage="f:\etwork\bin\tests\sysintgtests.icore.common.entities.dll" id="711321be-14dc-132d-e4e1-28ff9dca22c1">
      <TestCategory>
        <TestCategoryItem TestCategory="SystemIntegration" />
        <TestCategoryItem TestCategory="PerformanceClasses" />
      </TestCategory>
      <Execution id="1427de89-2f34-4e36-b160-05d54e83c9a0" />
      <TestMethod codeBase="F:\ETWork\bin\Tests\SysIntgTests.iCore.Common.Entities.dll" adapterTypeName="Microsoft.VisualStudio.TestTools.TestTypes.Unit.UnitTestAdapter" className="SysIntgTests.iCore.Common.Entities.PartnerAttribGrpContainsNotAttributeTest" name="MakeSql_WithoutParams_ProducesValidSql" />
    </UnitTest>
    <UnitTest name="MakeSql_WithParams_ProducesValidSql" storage="f:\etwork\bin\tests\sysintgtests.icore.common.entities.dll" id="82dd83cf-3388-66f8-7467-152e3153e7a9">
      <TestCategory>
        <TestCategoryItem TestCategory="SystemIntegration" />
        <TestCategoryItem TestCategory="PerformanceClasses" />
      </TestCategory>
      <Execution id="64cb6300-f579-4bcf-bf6e-93d578b8ffe4" />
      <TestMethod codeBase="F:\ETWork\bin\Tests\SysIntgTests.iCore.Common.Entities.dll" adapterTypeName="Microsoft.VisualStudio.TestTools.TestTypes.Unit.UnitTestAdapter" className="SysIntgTests.iCore.Common.Entities.PartnerAttribGrpContainsNotAttributeTest" name="MakeSql_WithParams_ProducesValidSql" />
    </UnitTest>
    <UnitTest name="MakeSql_WithoutParams_ProducesValidSql" storage="f:\etwork\bin\tests\sysintgtests.icore.common.entities.dll" id="68847856-c182-de34-275c-a98c7effa01a">
      <TestCategory>
        <TestCategoryItem TestCategory="SystemIntegration" />
        <TestCategoryItem TestCategory="PerformanceClasses" />
      </TestCategory>
      <Execution id="bd7d060a-da99-4a30-b5a0-042e1378cfdf" />
      <TestMethod codeBase="F:\ETWork\bin\Tests\SysIntgTests.iCore.Common.Entities.dll" adapterTypeName="Microsoft.VisualStudio.TestTools.TestTypes.Unit.UnitTestAdapter" className="SysIntgTests.iCore.Common.Entities.PartnerAttribGrpContainsAttributeTest" name="MakeSql_WithoutParams_ProducesValidSql" />
    </UnitTest>
    <UnitTest name="MakeSql_WithParams_ProducesValidSql" storage="f:\etwork\bin\tests\sysintgtests.icore.common.entities.dll" id="865a20f6-5ef0-87c1-6d7f-f33c3c7af184">
      <TestCategory>
        <TestCategoryItem TestCategory="SystemIntegration" />
        <TestCategoryItem TestCategory="PerformanceClasses" />
      </TestCategory>
      <Execution id="2f0f0299-f588-46bf-ba2d-6f94900afa06" />
      <TestMethod codeBase="F:\ETWork\bin\Tests\SysIntgTests.iCore.Common.Entities.dll" adapterTypeName="Microsoft.VisualStudio.TestTools.TestTypes.Unit.UnitTestAdapter" className="SysIntgTests.iCore.Common.Entities.PartnerAttribGrpContainsAttributeTest" name="MakeSql_WithParams_ProducesValidSql" />
    </UnitTest>
    <UnitTest name="MakeSql_WithoutParams_ProducesValidSql" storage="f:\etwork\bin\tests\sysintgtests.icore.common.entities.dll" id="80a816ae-a046-fe73-5850-91dd4af34ac9">
      <TestCategory>
        <TestCategoryItem TestCategory="SystemIntegration" />
        <TestCategoryItem TestCategory="PerformanceClasses" />
      </TestCategory>
      <Execution id="e22ee712-043a-4a1e-af79-515d2228baaf" />
      <TestMethod codeBase="F:\ETWork\bin\Tests\SysIntgTests.iCore.Common.Entities.dll" adapterTypeName="Microsoft.VisualStudio.TestTools.TestTypes.Unit.UnitTestAdapter" className="SysIntgTests.iCore.Common.Entities.PartnerIdentitiesContainsNotAttributeTest" name="MakeSql_WithoutParams_ProducesValidSql" />
    </UnitTest>
    <UnitTest name="MakeSql_WithParams_ProducesValidSql" storage="f:\etwork\bin\tests\sysintgtests.icore.common.entities.dll" id="b7f2ab65-6d0f-59ce-094d-06883486ebc0">
      <TestCategory>
        <TestCategoryItem TestCategory="SystemIntegration" />
        <TestCategoryItem TestCategory="PerformanceClasses" />
      </TestCategory>
      <Execution id="4b82e16a-1abf-4202-8ca6-68c684029834" />
      <TestMethod codeBase="F:\ETWork\bin\Tests\SysIntgTests.iCore.Common.Entities.dll" adapterTypeName="Microsoft.VisualStudio.TestTools.TestTypes.Unit.UnitTestAdapter" className="SysIntgTests.iCore.Common.Entities.PartnerIdentitiesContainsNotAttributeTest" name="MakeSql_WithParams_ProducesValidSql" />
    </UnitTest>
    <UnitTest name="MakeSql_WithoutParams_ProducesValidSql" storage="f:\etwork\bin\tests\sysintgtests.icore.common.entities.dll" id="bcfd8b41-ea7c-a9f4-888f-5d0dc97c95ac">
      <TestCategory>
        <TestCategoryItem TestCategory="SystemIntegration" />
        <TestCategoryItem TestCategory="PerformanceClasses" />
      </TestCategory>
      <Execution id="801f11fa-7d2b-4ef9-b0ef-3fb4c488058f" />
      <TestMethod codeBase="F:\ETWork\bin\Tests\SysIntgTests.iCore.Common.Entities.dll" adapterTypeName="Microsoft.VisualStudio.TestTools.TestTypes.Unit.UnitTestAdapter" className="SysIntgTests.iCore.Common.Entities.PartnerIdentitiesContainsAttributeTest" name="MakeSql_WithoutParams_ProducesValidSql" />
    </UnitTest>
    <UnitTest name="MakeSql_WithParams_ProducesValidSql" storage="f:\etwork\bin\tests\sysintgtests.icore.common.entities.dll" id="79aed6c4-fcd6-af97-3e14-e68a27bf5fee">
      <TestCategory>
        <TestCategoryItem TestCategory="SystemIntegration" />
        <TestCategoryItem TestCategory="PerformanceClasses" />
      </TestCategory>
      <Execution id="385f9513-6c23-4bde-bcb0-b78c33db303a" />
      <TestMethod codeBase="F:\ETWork\bin\Tests\SysIntgTests.iCore.Common.Entities.dll" adapterTypeName="Microsoft.VisualStudio.TestTools.TestTypes.Unit.UnitTestAdapter" className="SysIntgTests.iCore.Common.Entities.PartnerIdentitiesContainsAttributeTest" name="MakeSql_WithParams_ProducesValidSql" />
    </UnitTest>
    <UnitTest name="MakeSql_WithoutParams_ProducesValidSql" storage="f:\etwork\bin\tests\sysintgtests.icore.common.entities.dll" id="dc43e54a-e404-ea92-6ae0-179d4f131412">
      <TestCategory>
        <TestCategoryItem TestCategory="SystemIntegration" />
        <TestCategoryItem TestCategory="PerformanceClasses" />
      </TestCategory>
      <Execution id="180c264a-5a3c-44c0-b985-396e6eff0778" />
      <TestMethod codeBase="F:\ETWork\bin\Tests\SysIntgTests.iCore.Common.Entities.dll" adapterTypeName="Microsoft.VisualStudio.TestTools.TestTypes.Unit.UnitTestAdapter" className="SysIntgTests.iCore.Common.Entities.NodeAttributesContainsNotAttributeTest" name="MakeSql_WithoutParams_ProducesValidSql" />
    </UnitTest>
    <UnitTest name="MakeSql_WithParams_ProducesValidSql" storage="f:\etwork\bin\tests\sysintgtests.icore.common.entities.dll" id="4044e47b-d20a-fcfc-abac-97ce7acf8b16">
      <TestCategory>
        <TestCategoryItem TestCategory="SystemIntegration" />
        <TestCategoryItem TestCategory="PerformanceClasses" />
      </TestCategory>
      <Execution id="dd4c2089-f057-4d30-ac0e-5ea7f3666a96" />
      <TestMethod codeBase="F:\ETWork\bin\Tests\SysIntgTests.iCore.Common.Entities.dll" adapterTypeName="Microsoft.VisualStudio.TestTools.TestTypes.Unit.UnitTestAdapter" className="SysIntgTests.iCore.Common.Entities.NodeAttributesContainsNotAttributeTest" name="MakeSql_WithParams_ProducesValidSql" />
    </UnitTest>
    <UnitTest name="MakeSql_WithoutParams_ProducesValidSql" storage="f:\etwork\bin\tests\sysintgtests.icore.common.entities.dll" id="ae12dcd0-7766-e0ab-4372-3edf29865284">
      <TestCategory>
        <TestCategoryItem TestCategory="SystemIntegration" />
        <TestCategoryItem TestCategory="PerformanceClasses" />
      </TestCategory>
      <Execution id="e1573426-c880-47e4-b453-3279b38ffda5" />
      <TestMethod codeBase="F:\ETWork\bin\Tests\SysIntgTests.iCore.Common.Entities.dll" adapterTypeName="Microsoft.VisualStudio.TestTools.TestTypes.Unit.UnitTestAdapter" className="SysIntgTests.iCore.Common.Entities.NodeAttributesContainsAttributeTest" name="MakeSql_WithoutParams_ProducesValidSql" />
    </UnitTest>
    <UnitTest name="MakeSql_WithParams_ProducesValidSql" storage="f:\etwork\bin\tests\sysintgtests.icore.common.entities.dll" id="6a0bfbae-5764-8404-4ec3-010eee2d16e0">
      <TestCategory>
        <TestCategoryItem TestCategory="SystemIntegration" />
        <TestCategoryItem TestCategory="PerformanceClasses" />
      </TestCategory>
      <Execution id="f51f6f81-6c2f-426d-936c-b9f7144da0b8" />
      <TestMethod codeBase="F:\ETWork\bin\Tests\SysIntgTests.iCore.Common.Entities.dll" adapterTypeName="Microsoft.VisualStudio.TestTools.TestTypes.Unit.UnitTestAdapter" className="SysIntgTests.iCore.Common.Entities.NodeAttributesContainsAttributeTest" name="MakeSql_WithParams_ProducesValidSql" />
    </UnitTest>
    <UnitTest name="MakeSql_NonCompositeWithoutParams_ProducesValidSql" storage="f:\etwork\bin\tests\sysintgtests.icore.common.entities.dll" id="373e7042-dc5f-e099-3659-a4b351b9cb73">
      <TestCategory>
        <TestCategoryItem TestCategory="SystemIntegration" />
        <TestCategoryItem TestCategory="PerformanceClasses" />
      </TestCategory>
      <Execution id="4aefbd5e-a768-4b93-b26c-f4307cbd9ac0" />
      <TestMethod codeBase="F:\ETWork\bin\Tests\SysIntgTests.iCore.Common.Entities.dll" adapterTypeName="Microsoft.VisualStudio.TestTools.TestTypes.Unit.UnitTestAdapter" className="SysIntgTests.iCore.Common.Entities.CategoryIsInFilterOpAttributeTest" name="MakeSql_NonCompositeWithoutParams_ProducesValidSql" />
    </UnitTest>
    <UnitTest name="MakeSql_NonCompositeWithParams_ProducesValidSql" storage="f:\etwork\bin\tests\sysintgtests.icore.common.entities.dll" id="533f12a1-f5b4-cf51-5706-41554b9192e6">
      <TestCategory>
        <TestCategoryItem TestCategory="SystemIntegration" />
        <TestCategoryItem TestCategory="PerformanceClasses" />
      </TestCategory>
      <Execution id="c215d8d9-1441-4dd7-8d7a-ff9da145f04e" />
      <TestMethod codeBase="F:\ETWork\bin\Tests\SysIntgTests.iCore.Common.Entities.dll" adapterTypeName="Microsoft.VisualStudio.TestTools.TestTypes.Unit.UnitTestAdapter" className="SysIntgTests.iCore.Common.Entities.CategoryIsInFilterOpAttributeTest" name="MakeSql_NonCompositeWithParams_ProducesValidSql" />
    </UnitTest>
    <UnitTest name="MakeSql_CompositeWithoutParams_ProducesValidSql" storage="f:\etwork\bin\tests\sysintgtests.icore.common.entities.dll" id="7efd03b2-46bb-1cd8-0db3-609ba2aa6dd2">
      <TestCategory>
        <TestCategoryItem TestCategory="SystemIntegration" />
        <TestCategoryItem TestCategory="PerformanceClasses" />
      </TestCategory>
      <Execution id="b1314065-dbaa-4af7-aafd-7e58f92bb85e" />
      <TestMethod codeBase="F:\ETWork\bin\Tests\SysIntgTests.iCore.Common.Entities.dll" adapterTypeName="Microsoft.VisualStudio.TestTools.TestTypes.Unit.UnitTestAdapter" className="SysIntgTests.iCore.Common.Entities.CategoryIsInFilterOpAttributeTest" name="MakeSql_CompositeWithoutParams_ProducesValidSql" />
    </UnitTest>
    <UnitTest name="MakeSql_CompositeWithParam_ProducesValidSql" storage="f:\etwork\bin\tests\sysintgtests.icore.common.entities.dll" id="64c22c88-b9be-9395-2195-b79e867110f7">
      <TestCategory>
        <TestCategoryItem TestCategory="SystemIntegration" />
        <TestCategoryItem TestCategory="PerformanceClasses" />
      </TestCategory>
      <Execution id="ee753291-0404-4035-bbf0-3687021a3cde" />
      <TestMethod codeBase="F:\ETWork\bin\Tests\SysIntgTests.iCore.Common.Entities.dll" adapterTypeName="Microsoft.VisualStudio.TestTools.TestTypes.Unit.UnitTestAdapter" className="SysIntgTests.iCore.Common.Entities.CategoryIsInFilterOpAttributeTest" name="MakeSql_CompositeWithParam_ProducesValidSql" />
    </UnitTest>
    <UnitTest name="RepositoryEntityTypeId_ReturnsWebServiceDefinition" storage="f:\etwork\bin\tests\sysintgtests.icore.common.entities.dll" id="69a7bb9b-1d78-8e02-9a9b-64cd19bb8b3f">
      <TestCategory>
        <TestCategoryItem TestCategory="Entities" />
        <TestCategoryItem TestCategory="SystemIntegration" />
      </TestCategory>
      <Execution id="4d6c39c6-42f0-42ba-8f05-231c0bf3ecae" />
      <TestMethod codeBase="F:\ETWork\bin\Tests\SysIntgTests.iCore.Common.Entities.dll" adapterTypeName="Microsoft.VisualStudio.TestTools.TestTypes.Unit.UnitTestAdapter" className="SysIntgTests.iCore.Common.Entities.WebServiceDefinitionTests" name="RepositoryEntityTypeId_ReturnsWebServiceDefinition" />
    </UnitTest>
    <UnitTest name="RepositoryEntityType_ReturnsIWebServiceDefinition" storage="f:\etwork\bin\tests\sysintgtests.icore.common.entities.dll" id="3d0bdbba-a9c6-1d49-fa3d-dfeaa6cc1d58">
      <TestCategory>
        <TestCategoryItem TestCategory="Entities" />
        <TestCategoryItem TestCategory="SystemIntegration" />
      </TestCategory>
      <Execution id="ced25dcf-d6d5-4d25-95f8-7d2c8cd6634f" />
      <TestMethod codeBase="F:\ETWork\bin\Tests\SysIntgTests.iCore.Common.Entities.dll" adapterTypeName="Microsoft.VisualStudio.TestTools.TestTypes.Unit.UnitTestAdapter" className="SysIntgTests.iCore.Common.Entities.WebServiceDefinitionTests" name="RepositoryEntityType_ReturnsIWebServiceDefinition" />
    </UnitTest>
    <UnitTest name="RepositorySystemContext_MatchesActualSystemContext" storage="f:\etwork\bin\tests\sysintgtests.icore.common.entities.dll" id="852e8678-a4a1-6760-637a-fc928acc9fbb">
      <TestCategory>
        <TestCategoryItem TestCategory="Entities" />
        <TestCategoryItem TestCategory="SystemIntegration" />
      </TestCategory>
      <Execution id="0008c577-f249-45a1-912f-1220d1465e93" />
      <TestMethod codeBase="F:\ETWork\bin\Tests\SysIntgTests.iCore.Common.Entities.dll" adapterTypeName="Microsoft.VisualStudio.TestTools.TestTypes.Unit.UnitTestAdapter" className="SysIntgTests.iCore.Common.Entities.WebServiceDefinitionTests" name="RepositorySystemContext_MatchesActualSystemContext" />
    </UnitTest>
    <UnitTest name="Exists_KnownWebServiceDefinitionKey_ReturnsTrue (Data Row 0)" storage="f:\etwork\bin\tests\sysintgtests.icore.common.entities.dll" id="31d637c0-63b8-482a-a55e-9dcbff8fe942">
      <TestCategory>
        <TestCategoryItem TestCategory="Entities" />
        <TestCategoryItem TestCategory="SystemIntegration" />
      </TestCategory>
      <Execution id="d6fa98e8-c138-49c3-8859-a45a239a6076" />
      <TestMethod codeBase="F:\ETWork\bin\Tests\SysIntgTests.iCore.Common.Entities.dll" adapterTypeName="Microsoft.VisualStudio.TestTools.TestTypes.Unit.UnitTestAdapter" className="SysIntgTests.iCore.Common.Entities.WebServiceDefinitionTests" name="Exists_KnownWebServiceDefinitionKey_ReturnsTrue (Data Row 0)" />
    </UnitTest>
    <UnitTest name="Exists_KnownWebServiceDefinitionKey_ReturnsTrue (Data Row 1)" storage="f:\etwork\bin\tests\sysintgtests.icore.common.entities.dll" id="8845f433-52d4-4a37-baf7-3e9348c0f411">
      <TestCategory>
        <TestCategoryItem TestCategory="Entities" />
        <TestCategoryItem TestCategory="SystemIntegration" />
      </TestCategory>
      <Execution id="49a28fef-f921-42b7-a4be-69468ec01ef8" />
      <TestMethod codeBase="F:\ETWork\bin\Tests\SysIntgTests.iCore.Common.Entities.dll" adapterTypeName="Microsoft.VisualStudio.TestTools.TestTypes.Unit.UnitTestAdapter" className="SysIntgTests.iCore.Common.Entities.WebServiceDefinitionTests" name="Exists_KnownWebServiceDefinitionKey_ReturnsTrue (Data Row 1)" />
    </UnitTest>
    <UnitTest name="Exists_KnownWebServiceDefinitionKey_ReturnsTrue (Data Row 2)" storage="f:\etwork\bin\tests\sysintgtests.icore.common.entities.dll" id="7a1578cc-3428-4bc1-bb36-7e815a879ce4">
      <TestCategory>
        <TestCategoryItem TestCategory="Entities" />
        <TestCategoryItem TestCategory="SystemIntegration" />
      </TestCategory>
      <Execution id="0aa7b165-bb57-4dac-8a55-19474638ada2" />
      <TestMethod codeBase="F:\ETWork\bin\Tests\SysIntgTests.iCore.Common.Entities.dll" adapterTypeName="Microsoft.VisualStudio.TestTools.TestTypes.Unit.UnitTestAdapter" className="SysIntgTests.iCore.Common.Entities.WebServiceDefinitionTests" name="Exists_KnownWebServiceDefinitionKey_ReturnsTrue (Data Row 2)" />
    </UnitTest>
    <UnitTest name="Exists_KnownWebServiceDefinitionKey_ReturnsTrue (Data Row 3)" storage="f:\etwork\bin\tests\sysintgtests.icore.common.entities.dll" id="0e673525-326e-4fdf-bf22-3b3c86978f4e">
      <TestCategory>
        <TestCategoryItem TestCategory="Entities" />
        <TestCategoryItem TestCategory="SystemIntegration" />
      </TestCategory>
      <Execution id="a6f65649-10e7-4c5c-9ff2-8429e8364561" />
      <TestMethod codeBase="F:\ETWork\bin\Tests\SysIntgTests.iCore.Common.Entities.dll" adapterTypeName="Microsoft.VisualStudio.TestTools.TestTypes.Unit.UnitTestAdapter" className="SysIntgTests.iCore.Common.Entities.WebServiceDefinitionTests" name="Exists_KnownWebServiceDefinitionKey_ReturnsTrue (Data Row 3)" />
    </UnitTest>
    <UnitTest name="Exists_NonExistingWebServiceDefinitionKey_ReturnsFalse" storage="f:\etwork\bin\tests\sysintgtests.icore.common.entities.dll" id="7f0e4674-c3a0-9c0e-0276-e06091dcf2a0">
      <TestCategory>
        <TestCategoryItem TestCategory="Entities" />
        <TestCategoryItem TestCategory="SystemIntegration" />
      </TestCategory>
      <Execution id="0bfcbdc3-4017-4ea8-847b-3e1c8956b790" />
      <TestMethod codeBase="F:\ETWork\bin\Tests\SysIntgTests.iCore.Common.Entities.dll" adapterTypeName="Microsoft.VisualStudio.TestTools.TestTypes.Unit.UnitTestAdapter" className="SysIntgTests.iCore.Common.Entities.WebServiceDefinitionTests" name="Exists_NonExistingWebServiceDefinitionKey_ReturnsFalse" />
    </UnitTest>
    <UnitTest name="CreateInstance_Succeeds" storage="f:\etwork\bin\tests\sysintgtests.icore.common.entities.dll" id="86ce0491-206b-20a0-0bc3-9468e585e615">
      <TestCategory>
        <TestCategoryItem TestCategory="Entities" />
        <TestCategoryItem TestCategory="SystemIntegration" />
      </TestCategory>
      <Execution id="1822244e-89a2-4550-bded-33106a651e6b" />
      <TestMethod codeBase="F:\ETWork\bin\Tests\SysIntgTests.iCore.Common.Entities.dll" adapterTypeName="Microsoft.VisualStudio.TestTools.TestTypes.Unit.UnitTestAdapter" className="SysIntgTests.iCore.Common.Entities.WebServiceDefinitionTests" name="CreateInstance_Succeeds" />
    </UnitTest>
    <UnitTest name="List_ContainsEachKnownWebServiceDefinitionOnce (Data Row 0)" storage="f:\etwork\bin\tests\sysintgtests.icore.common.entities.dll" id="a0bb47d9-a5f5-4691-8a41-5361eb4024be">
      <TestCategory>
        <TestCategoryItem TestCategory="Entities" />
        <TestCategoryItem TestCategory="SystemIntegration" />
      </TestCategory>
      <Execution id="a3d0d6f5-8f78-4a0d-a2c4-b5491f245aff" />
      <TestMethod codeBase="F:\ETWork\bin\Tests\SysIntgTests.iCore.Common.Entities.dll" adapterTypeName="Microsoft.VisualStudio.TestTools.TestTypes.Unit.UnitTestAdapter" className="SysIntgTests.iCore.Common.Entities.WebServiceDefinitionTests" name="List_ContainsEachKnownWebServiceDefinitionOnce (Data Row 0)" />
    </UnitTest>
    <UnitTest name="List_ContainsEachKnownWebServiceDefinitionOnce (Data Row 1)" storage="f:\etwork\bin\tests\sysintgtests.icore.common.entities.dll" id="edc24f49-8452-4f83-9b5a-0a6993a7b948">
      <TestCategory>
        <TestCategoryItem TestCategory="Entities" />
        <TestCategoryItem TestCategory="SystemIntegration" />
      </TestCategory>
      <Execution id="67b40261-d025-4c2d-be3c-b134bbc40263" />
      <TestMethod codeBase="F:\ETWork\bin\Tests\SysIntgTests.iCore.Common.Entities.dll" adapterTypeName="Microsoft.VisualStudio.TestTools.TestTypes.Unit.UnitTestAdapter" className="SysIntgTests.iCore.Common.Entities.WebServiceDefinitionTests" name="List_ContainsEachKnownWebServiceDefinitionOnce (Data Row 1)" />
    </UnitTest>
    <UnitTest name="List_ContainsEachKnownWebServiceDefinitionOnce (Data Row 2)" storage="f:\etwork\bin\tests\sysintgtests.icore.common.entities.dll" id="48964669-d7a5-4fd0-965f-5df3653f2515">
      <TestCategory>
        <TestCategoryItem TestCategory="Entities" />
        <TestCategoryItem TestCategory="SystemIntegration" />
      </TestCategory>
      <Execution id="d31c4db8-da4f-4867-bb90-62d3405c98d8" />
      <TestMethod codeBase="F:\ETWork\bin\Tests\SysIntgTests.iCore.Common.Entities.dll" adapterTypeName="Microsoft.VisualStudio.TestTools.TestTypes.Unit.UnitTestAdapter" className="SysIntgTests.iCore.Common.Entities.WebServiceDefinitionTests" name="List_ContainsEachKnownWebServiceDefinitionOnce (Data Row 2)" />
    </UnitTest>
    <UnitTest name="List_ContainsEachKnownWebServiceDefinitionOnce (Data Row 3)" storage="f:\etwork\bin\tests\sysintgtests.icore.common.entities.dll" id="7801acf4-fd81-4bc2-b713-81b6b8e2bf68">
      <TestCategory>
        <TestCategoryItem TestCategory="Entities" />
        <TestCategoryItem TestCategory="SystemIntegration" />
      </TestCategory>
      <Execution id="02130cd5-41da-4b9b-8baa-e74d35029adb" />
      <TestMethod codeBase="F:\ETWork\bin\Tests\SysIntgTests.iCore.Common.Entities.dll" adapterTypeName="Microsoft.VisualStudio.TestTools.TestTypes.Unit.UnitTestAdapter" className="SysIntgTests.iCore.Common.Entities.WebServiceDefinitionTests" name="List_ContainsEachKnownWebServiceDefinitionOnce (Data Row 3)" />
    </UnitTest>
    <UnitTest name="List_ShouldSetSystemContextCorrectly" storage="f:\etwork\bin\tests\sysintgtests.icore.common.entities.dll" id="f2dc8609-6209-969b-7f77-d81c144aafc9">
      <TestCategory>
        <TestCategoryItem TestCategory="Entities" />
        <TestCategoryItem TestCategory="SystemIntegration" />
      </TestCategory>
      <Execution id="ccda851c-c6d8-45e5-84fd-715d9d1c0c7e" />
      <TestMethod codeBase="F:\ETWork\bin\Tests\SysIntgTests.iCore.Common.Entities.dll" adapterTypeName="Microsoft.VisualStudio.TestTools.TestTypes.Unit.UnitTestAdapter" className="SysIntgTests.iCore.Common.Entities.WebServiceDefinitionTests" name="List_ShouldSetSystemContextCorrectly" />
    </UnitTest>
    <UnitTest name="GetById_NewGuid_ThrowsEntityNotFoundException" storage="f:\etwork\bin\tests\sysintgtests.icore.common.entities.dll" id="beb67921-0dfb-4af4-1d66-105872052b28">
      <TestCategory>
        <TestCategoryItem TestCategory="Entities" />
        <TestCategoryItem TestCategory="SystemIntegration" />
      </TestCategory>
      <Execution id="a3ff0ead-cd4c-4848-b2e6-cadc3a9a8a40" />
      <TestMethod codeBase="F:\ETWork\bin\Tests\SysIntgTests.iCore.Common.Entities.dll" adapterTypeName="Microsoft.VisualStudio.TestTools.TestTypes.Unit.UnitTestAdapter" className="SysIntgTests.iCore.Common.Entities.WebServiceDefinitionTests" name="GetById_NewGuid_ThrowsEntityNotFoundException" />
    </UnitTest>
    <UnitTest name="GetById_KnownWebServiceDefinitionId_ReturnsEntityWithCorrectProperties (Data Row 0)" storage="f:\etwork\bin\tests\sysintgtests.icore.common.entities.dll" id="97f4944f-5bfd-4892-a123-9471d81ebe35">
      <TestCategory>
        <TestCategoryItem TestCategory="Entities" />
        <TestCategoryItem TestCategory="SystemIntegration" />
      </TestCategory>
      <Execution id="6025bdf8-17d6-4bc0-97e4-b1a5243dd40a" />
      <TestMethod codeBase="F:\ETWork\bin\Tests\SysIntgTests.iCore.Common.Entities.dll" adapterTypeName="Microsoft.VisualStudio.TestTools.TestTypes.Unit.UnitTestAdapter" className="SysIntgTests.iCore.Common.Entities.WebServiceDefinitionTests" name="GetById_KnownWebServiceDefinitionId_ReturnsEntityWithCorrectProperties (Data Row 0)" />
    </UnitTest>
    <UnitTest name="GetById_KnownWebServiceDefinitionId_ReturnsEntityWithCorrectProperties (Data Row 1)" storage="f:\etwork\bin\tests\sysintgtests.icore.common.entities.dll" id="6595cbcb-e301-4263-949d-2a6165579a8b">
      <TestCategory>
        <TestCategoryItem TestCategory="Entities" />
        <TestCategoryItem TestCategory="SystemIntegration" />
      </TestCategory>
      <Execution id="ab10aa22-e6d6-45af-9ae9-31c0af9db266" />
      <TestMethod codeBase="F:\ETWork\bin\Tests\SysIntgTests.iCore.Common.Entities.dll" adapterTypeName="Microsoft.VisualStudio.TestTools.TestTypes.Unit.UnitTestAdapter" className="SysIntgTests.iCore.Common.Entities.WebServiceDefinitionTests" name="GetById_KnownWebServiceDefinitionId_ReturnsEntityWithCorrectProperties (Data Row 1)" />
    </UnitTest>
    <UnitTest name="GetById_KnownWebServiceDefinitionId_ReturnsEntityWithCorrectProperties (Data Row 2)" storage="f:\etwork\bin\tests\sysintgtests.icore.common.entities.dll" id="bcc25d6e-cebf-423c-ac80-50da4fa71a7b">
      <TestCategory>
        <TestCategoryItem TestCategory="Entities" />
        <TestCategoryItem TestCategory="SystemIntegration" />
      </TestCategory>
      <Execution id="f9103582-5480-4a7c-804b-6fb7ac902287" />
      <TestMethod codeBase="F:\ETWork\bin\Tests\SysIntgTests.iCore.Common.Entities.dll" adapterTypeName="Microsoft.VisualStudio.TestTools.TestTypes.Unit.UnitTestAdapter" className="SysIntgTests.iCore.Common.Entities.WebServiceDefinitionTests" name="GetById_KnownWebServiceDefinitionId_ReturnsEntityWithCorrectProperties (Data Row 2)" />
    </UnitTest>
    <UnitTest name="GetById_KnownWebServiceDefinitionId_ReturnsEntityWithCorrectProperties (Data Row 3)" storage="f:\etwork\bin\tests\sysintgtests.icore.common.entities.dll" id="a6647e7f-c45f-400b-976d-d10751e27ea5">
      <TestCategory>
        <TestCategoryItem TestCategory="Entities" />
        <TestCategoryItem TestCategory="SystemIntegration" />
      </TestCategory>
      <Execution id="b53ce83a-9ff5-4577-b989-b3d6b1e34460" />
      <TestMethod codeBase="F:\ETWork\bin\Tests\SysIntgTests.iCore.Common.Entities.dll" adapterTypeName="Microsoft.VisualStudio.TestTools.TestTypes.Unit.UnitTestAdapter" className="SysIntgTests.iCore.Common.Entities.WebServiceDefinitionTests" name="GetById_KnownWebServiceDefinitionId_ReturnsEntityWithCorrectProperties (Data Row 3)" />
    </UnitTest>
    <UnitTest name="TryGetById_NewGuid_ReturnsNull" storage="f:\etwork\bin\tests\sysintgtests.icore.common.entities.dll" id="2aaaf7d5-606e-352f-18d2-56aa964cb0b8">
      <TestCategory>
        <TestCategoryItem TestCategory="Entities" />
        <TestCategoryItem TestCategory="SystemIntegration" />
      </TestCategory>
      <Execution id="b769b005-255c-4b47-94d8-3c28ea0b4456" />
      <TestMethod codeBase="F:\ETWork\bin\Tests\SysIntgTests.iCore.Common.Entities.dll" adapterTypeName="Microsoft.VisualStudio.TestTools.TestTypes.Unit.UnitTestAdapter" className="SysIntgTests.iCore.Common.Entities.WebServiceDefinitionTests" name="TryGetById_NewGuid_ReturnsNull" />
    </UnitTest>
    <UnitTest name="TryGetById_KnownWebServiceDefinitionId_ReturnsEntityWithCorrectProperties (Data Row 0)" storage="f:\etwork\bin\tests\sysintgtests.icore.common.entities.dll" id="1797d72a-9ecb-48c6-86e7-a66a37aff053">
      <TestCategory>
        <TestCategoryItem TestCategory="Entities" />
        <TestCategoryItem TestCategory="SystemIntegration" />
      </TestCategory>
      <Execution id="869955fe-c07a-4d7c-93b6-e85ddc31a086" />
      <TestMethod codeBase="F:\ETWork\bin\Tests\SysIntgTests.iCore.Common.Entities.dll" adapterTypeName="Microsoft.VisualStudio.TestTools.TestTypes.Unit.UnitTestAdapter" className="SysIntgTests.iCore.Common.Entities.WebServiceDefinitionTests" name="TryGetById_KnownWebServiceDefinitionId_ReturnsEntityWithCorrectProperties (Data Row 0)" />
    </UnitTest>
    <UnitTest name="TryGetById_KnownWebServiceDefinitionId_ReturnsEntityWithCorrectProperties (Data Row 1)" storage="f:\etwork\bin\tests\sysintgtests.icore.common.entities.dll" id="8ad10fbe-db8a-41de-8cb3-404df3886733">
      <TestCategory>
        <TestCategoryItem TestCategory="Entities" />
        <TestCategoryItem TestCategory="SystemIntegration" />
      </TestCategory>
      <Execution id="fae9db2e-afdb-432c-9b6d-54127e95391b" />
      <TestMethod codeBase="F:\ETWork\bin\Tests\SysIntgTests.iCore.Common.Entities.dll" adapterTypeName="Microsoft.VisualStudio.TestTools.TestTypes.Unit.UnitTestAdapter" className="SysIntgTests.iCore.Common.Entities.WebServiceDefinitionTests" name="TryGetById_KnownWebServiceDefinitionId_ReturnsEntityWithCorrectProperties (Data Row 1)" />
    </UnitTest>
    <UnitTest name="TryGetById_KnownWebServiceDefinitionId_ReturnsEntityWithCorrectProperties (Data Row 2)" storage="f:\etwork\bin\tests\sysintgtests.icore.common.entities.dll" id="a679b02a-1161-487b-882b-f52c79dac2d3">
      <TestCategory>
        <TestCategoryItem TestCategory="Entities" />
        <TestCategoryItem TestCategory="SystemIntegration" />
      </TestCategory>
      <Execution id="ca99ef87-75fa-4219-8dbe-fb85549efee4" />
      <TestMethod codeBase="F:\ETWork\bin\Tests\SysIntgTests.iCore.Common.Entities.dll" adapterTypeName="Microsoft.VisualStudio.TestTools.TestTypes.Unit.UnitTestAdapter" className="SysIntgTests.iCore.Common.Entities.WebServiceDefinitionTests" name="TryGetById_KnownWebServiceDefinitionId_ReturnsEntityWithCorrectProperties (Data Row 2)" />
    </UnitTest>
    <UnitTest name="TryGetById_KnownWebServiceDefinitionId_ReturnsEntityWithCorrectProperties (Data Row 3)" storage="f:\etwork\bin\tests\sysintgtests.icore.common.entities.dll" id="f6d3b815-2346-4b97-959c-aa2e6de53347">
      <TestCategory>
        <TestCategoryItem TestCategory="Entities" />
        <TestCategoryItem TestCategory="SystemIntegration" />
      </TestCategory>
      <Execution id="216374bd-43cf-480c-8f5c-ab400a4828d6" />
      <TestMethod codeBase="F:\ETWork\bin\Tests\SysIntgTests.iCore.Common.Entities.dll" adapterTypeName="Microsoft.VisualStudio.TestTools.TestTypes.Unit.UnitTestAdapter" className="SysIntgTests.iCore.Common.Entities.WebServiceDefinitionTests" name="TryGetById_KnownWebServiceDefinitionId_ReturnsEntityWithCorrectProperties (Data Row 3)" />
    </UnitTest>
    <UnitTest name="GetByKey_NewGuid_ThrowsEntityNotFoundException" storage="f:\etwork\bin\tests\sysintgtests.icore.common.entities.dll" id="749aca9d-14fb-5b01-2ca9-a74eb82888d9">
      <TestCategory>
        <TestCategoryItem TestCategory="Entities" />
        <TestCategoryItem TestCategory="SystemIntegration" />
      </TestCategory>
      <Execution id="8dc0ef14-d471-4db2-bb32-04653c88c564" />
      <TestMethod codeBase="F:\ETWork\bin\Tests\SysIntgTests.iCore.Common.Entities.dll" adapterTypeName="Microsoft.VisualStudio.TestTools.TestTypes.Unit.UnitTestAdapter" className="SysIntgTests.iCore.Common.Entities.WebServiceDefinitionTests" name="GetByKey_NewGuid_ThrowsEntityNotFoundException" />
    </UnitTest>
    <UnitTest name="GetByKey_KnownWebServiceDefinitionKey_ReturnsEntityWithCorrectProperties (Data Row 0)" storage="f:\etwork\bin\tests\sysintgtests.icore.common.entities.dll" id="86990efb-f97c-4fa0-8267-b5263094ae49">
      <TestCategory>
        <TestCategoryItem TestCategory="Entities" />
        <TestCategoryItem TestCategory="SystemIntegration" />
      </TestCategory>
      <Execution id="1849183b-ccce-486e-82c0-52a40d175643" />
      <TestMethod codeBase="F:\ETWork\bin\Tests\SysIntgTests.iCore.Common.Entities.dll" adapterTypeName="Microsoft.VisualStudio.TestTools.TestTypes.Unit.UnitTestAdapter" className="SysIntgTests.iCore.Common.Entities.WebServiceDefinitionTests" name="GetByKey_KnownWebServiceDefinitionKey_ReturnsEntityWithCorrectProperties (Data Row 0)" />
    </UnitTest>
    <UnitTest name="GetByKey_KnownWebServiceDefinitionKey_ReturnsEntityWithCorrectProperties (Data Row 1)" storage="f:\etwork\bin\tests\sysintgtests.icore.common.entities.dll" id="edce6940-8618-4ef8-bb3e-42dc16f473c9">
      <TestCategory>
        <TestCategoryItem TestCategory="Entities" />
        <TestCategoryItem TestCategory="SystemIntegration" />
      </TestCategory>
      <Execution id="5e85c971-a0cf-495d-8a4e-3e82170bda94" />
      <TestMethod codeBase="F:\ETWork\bin\Tests\SysIntgTests.iCore.Common.Entities.dll" adapterTypeName="Microsoft.VisualStudio.TestTools.TestTypes.Unit.UnitTestAdapter" className="SysIntgTests.iCore.Common.Entities.WebServiceDefinitionTests" name="GetByKey_KnownWebServiceDefinitionKey_ReturnsEntityWithCorrectProperties (Data Row 1)" />
    </UnitTest>
    <UnitTest name="GetByKey_KnownWebServiceDefinitionKey_ReturnsEntityWithCorrectProperties (Data Row 2)" storage="f:\etwork\bin\tests\sysintgtests.icore.common.entities.dll" id="ab9ee1b6-b0fc-4fd6-a307-0c550f7849c7">
      <TestCategory>
        <TestCategoryItem TestCategory="Entities" />
        <TestCategoryItem TestCategory="SystemIntegration" />
      </TestCategory>
      <Execution id="037a4cc8-e065-4a73-958a-5433d3956f9a" />
      <TestMethod codeBase="F:\ETWork\bin\Tests\SysIntgTests.iCore.Common.Entities.dll" adapterTypeName="Microsoft.VisualStudio.TestTools.TestTypes.Unit.UnitTestAdapter" className="SysIntgTests.iCore.Common.Entities.WebServiceDefinitionTests" name="GetByKey_KnownWebServiceDefinitionKey_ReturnsEntityWithCorrectProperties (Data Row 2)" />
    </UnitTest>
    <UnitTest name="GetByKey_KnownWebServiceDefinitionKey_ReturnsEntityWithCorrectProperties (Data Row 3)" storage="f:\etwork\bin\tests\sysintgtests.icore.common.entities.dll" id="65a8a08b-ac5b-480d-8894-524645915107">
      <TestCategory>
        <TestCategoryItem TestCategory="Entities" />
        <TestCategoryItem TestCategory="SystemIntegration" />
      </TestCategory>
      <Execution id="ad667ac3-7f1e-4810-8293-ef37698c43d9" />
      <TestMethod codeBase="F:\ETWork\bin\Tests\SysIntgTests.iCore.Common.Entities.dll" adapterTypeName="Microsoft.VisualStudio.TestTools.TestTypes.Unit.UnitTestAdapter" className="SysIntgTests.iCore.Common.Entities.WebServiceDefinitionTests" name="GetByKey_KnownWebServiceDefinitionKey_ReturnsEntityWithCorrectProperties (Data Row 3)" />
    </UnitTest>
    <UnitTest name="GetByKey_UnsupportedKey_ThrowsArgumentException" storage="f:\etwork\bin\tests\sysintgtests.icore.common.entities.dll" id="6153ea56-6075-0aa5-33d9-b840675b01ec">
      <TestCategory>
        <TestCategoryItem TestCategory="Entities" />
        <TestCategoryItem TestCategory="SystemIntegration" />
      </TestCategory>
      <Execution id="dd061dbb-5b81-4d2e-9b1a-67a3903a3d52" />
      <TestMethod codeBase="F:\ETWork\bin\Tests\SysIntgTests.iCore.Common.Entities.dll" adapterTypeName="Microsoft.VisualStudio.TestTools.TestTypes.Unit.UnitTestAdapter" className="SysIntgTests.iCore.Common.Entities.WebServiceDefinitionTests" name="GetByKey_UnsupportedKey_ThrowsArgumentException" />
    </UnitTest>
    <UnitTest name="Delete_UnusedWebServiceDefinition_SuccessfullyDeletesWebServiceDefinition" storage="f:\etwork\bin\tests\sysintgtests.icore.common.entities.dll" id="ecf15e8c-3ae1-4ba4-6f4f-9ae37db6f91c">
      <TestCategory>
        <TestCategoryItem TestCategory="Entities" />
        <TestCategoryItem TestCategory="SystemIntegration" />
      </TestCategory>
      <Execution id="b5d161ee-d789-4954-92e4-0665d86718a0" />
      <TestMethod codeBase="F:\ETWork\bin\Tests\SysIntgTests.iCore.Common.Entities.dll" adapterTypeName="Microsoft.VisualStudio.TestTools.TestTypes.Unit.UnitTestAdapter" className="SysIntgTests.iCore.Common.Entities.WebServiceDefinitionTests" name="Delete_UnusedWebServiceDefinition_SuccessfullyDeletesWebServiceDefinition" />
    </UnitTest>
    <UnitTest name="Delete_NonDeletableWebServiceDefinition_Throws" storage="f:\etwork\bin\tests\sysintgtests.icore.common.entities.dll" id="71de8b71-fd80-db9c-7ecb-8ad1b086a019">
      <TestCategory>
        <TestCategoryItem TestCategory="Entities" />
        <TestCategoryItem TestCategory="SystemIntegration" />
      </TestCategory>
      <Execution id="6d1ef263-9918-41b7-8c81-6db5aabce16c" />
      <TestMethod codeBase="F:\ETWork\bin\Tests\SysIntgTests.iCore.Common.Entities.dll" adapterTypeName="Microsoft.VisualStudio.TestTools.TestTypes.Unit.UnitTestAdapter" className="SysIntgTests.iCore.Common.Entities.WebServiceDefinitionTests" name="Delete_NonDeletableWebServiceDefinition_Throws" />
    </UnitTest>
    <UnitTest name="Add_ValidProperties_Succeeds" storage="f:\etwork\bin\tests\sysintgtests.icore.common.entities.dll" id="afc80224-c905-9427-b052-b83dd0cd58cb">
      <TestCategory>
        <TestCategoryItem TestCategory="Entities" />
        <TestCategoryItem TestCategory="SystemIntegration" />
      </TestCategory>
      <Execution id="1bf84c33-6ac3-4345-bda4-8216150ce188" />
      <TestMethod codeBase="F:\ETWork\bin\Tests\SysIntgTests.iCore.Common.Entities.dll" adapterTypeName="Microsoft.VisualStudio.TestTools.TestTypes.Unit.UnitTestAdapter" className="SysIntgTests.iCore.Common.Entities.WebServiceDefinitionTests" name="Add_ValidProperties_Succeeds" />
    </UnitTest>
    <UnitTest name="Compile_IgnoreAllCache_Succeeds" storage="f:\etwork\bin\tests\sysintgtests.icore.common.entities.dll" id="42916694-16c1-7275-548f-beb9ca817caa">
      <TestCategory>
        <TestCategoryItem TestCategory="Entities" />
        <TestCategoryItem TestCategory="SystemIntegration" />
      </TestCategory>
      <Execution id="af824031-9295-4068-bed1-c420e51999b6" />
      <TestMethod codeBase="F:\ETWork\bin\Tests\SysIntgTests.iCore.Common.Entities.dll" adapterTypeName="Microsoft.VisualStudio.TestTools.TestTypes.Unit.UnitTestAdapter" className="SysIntgTests.iCore.Common.Entities.WebServiceDefinitionTests" name="Compile_IgnoreAllCache_Succeeds" />
    </UnitTest>
    <UnitTest name="Compile_UseCachedCode_Succeeds" storage="f:\etwork\bin\tests\sysintgtests.icore.common.entities.dll" id="0952c412-d1c3-6444-1b64-9257a87ac47e">
      <TestCategory>
        <TestCategoryItem TestCategory="Entities" />
        <TestCategoryItem TestCategory="SystemIntegration" />
      </TestCategory>
      <Execution id="f5da275f-d4cf-4ce7-ab01-1254dd7fe333" />
      <TestMethod codeBase="F:\ETWork\bin\Tests\SysIntgTests.iCore.Common.Entities.dll" adapterTypeName="Microsoft.VisualStudio.TestTools.TestTypes.Unit.UnitTestAdapter" className="SysIntgTests.iCore.Common.Entities.WebServiceDefinitionTests" name="Compile_UseCachedCode_Succeeds" />
    </UnitTest>
    <UnitTest name="Compile_UseCachedWsdl_Succeeds" storage="f:\etwork\bin\tests\sysintgtests.icore.common.entities.dll" id="0e8dc8d8-41cb-3a22-8188-1a577309d846">
      <TestCategory>
        <TestCategoryItem TestCategory="Entities" />
        <TestCategoryItem TestCategory="SystemIntegration" />
      </TestCategory>
      <Execution id="16571995-4e52-4d4c-83fc-206d33e1978f" />
      <TestMethod codeBase="F:\ETWork\bin\Tests\SysIntgTests.iCore.Common.Entities.dll" adapterTypeName="Microsoft.VisualStudio.TestTools.TestTypes.Unit.UnitTestAdapter" className="SysIntgTests.iCore.Common.Entities.WebServiceDefinitionTests" name="Compile_UseCachedWsdl_Succeeds" />
    </UnitTest>
    <UnitTest name="Compile_CompileWithDifferentCompilationSourceOptions_OnlyIgnoreAllChangesModifiedDate" storage="f:\etwork\bin\tests\sysintgtests.icore.common.entities.dll" id="472df992-5e4a-4ff2-e5a0-115f409b2883">
      <TestCategory>
        <TestCategoryItem TestCategory="Entities" />
        <TestCategoryItem TestCategory="SystemIntegration" />
      </TestCategory>
      <Execution id="86b351ae-4aed-4db7-b7cd-101285da9920" />
      <TestMethod codeBase="F:\ETWork\bin\Tests\SysIntgTests.iCore.Common.Entities.dll" adapterTypeName="Microsoft.VisualStudio.TestTools.TestTypes.Unit.UnitTestAdapter" className="SysIntgTests.iCore.Common.Entities.WebServiceDefinitionTests" name="Compile_CompileWithDifferentCompilationSourceOptions_OnlyIgnoreAllChangesModifiedDate" />
    </UnitTest>
    <UnitTest name="GetOperationsInContract_CheckNumberOfOperationsInContract_Succeeds" storage="f:\etwork\bin\tests\sysintgtests.icore.common.entities.dll" id="3beefe37-abbc-c48a-f672-6d2e33e09c7a">
      <TestCategory>
        <TestCategoryItem TestCategory="Entities" />
        <TestCategoryItem TestCategory="SystemIntegration" />
      </TestCategory>
      <Execution id="087f1a77-c1f8-4657-80dc-b38518f64e33" />
      <TestMethod codeBase="F:\ETWork\bin\Tests\SysIntgTests.iCore.Common.Entities.dll" adapterTypeName="Microsoft.VisualStudio.TestTools.TestTypes.Unit.UnitTestAdapter" className="SysIntgTests.iCore.Common.Entities.WebServiceDefinitionTests" name="GetOperationsInContract_CheckNumberOfOperationsInContract_Succeeds" />
    </UnitTest>
    <UnitTest name="GetContractsInWsdlAssembly_FetchingContractsFromAssembly_Succeeds" storage="f:\etwork\bin\tests\sysintgtests.icore.common.entities.dll" id="f0095fed-0e77-c0a9-7a5b-18742c1b1fd9">
      <TestCategory>
        <TestCategoryItem TestCategory="Entities" />
        <TestCategoryItem TestCategory="SystemIntegration" />
      </TestCategory>
      <Execution id="af66c797-0cd3-4477-b039-0d2de7216d20" />
      <TestMethod codeBase="F:\ETWork\bin\Tests\SysIntgTests.iCore.Common.Entities.dll" adapterTypeName="Microsoft.VisualStudio.TestTools.TestTypes.Unit.UnitTestAdapter" className="SysIntgTests.iCore.Common.Entities.WebServiceDefinitionTests" name="GetContractsInWsdlAssembly_FetchingContractsFromAssembly_Succeeds" />
    </UnitTest>
    <UnitTest name="RepositoryEntityTypeId_ReturnsEvent" storage="f:\etwork\bin\tests\sysintgtests.icore.common.entities.dll" id="d1b21bc5-a416-7a69-8ea1-64410e047bb1">
      <TestCategory>
        <TestCategoryItem TestCategory="Entities" />
        <TestCategoryItem TestCategory="SystemIntegration" />
      </TestCategory>
      <Execution id="aa534df9-7e59-4c50-ae78-1af451e7b091" />
      <TestMethod codeBase="F:\ETWork\bin\Tests\SysIntgTests.iCore.Common.Entities.dll" adapterTypeName="Microsoft.VisualStudio.TestTools.TestTypes.Unit.UnitTestAdapter" className="SysIntgTests.iCore.Common.Entities.EventTests" name="RepositoryEntityTypeId_ReturnsEvent" />
    </UnitTest>
    <UnitTest name="RepositoryEntityType_ReturnsIEvent" storage="f:\etwork\bin\tests\sysintgtests.icore.common.entities.dll" id="1c5f21ef-8df1-234c-0f61-9e3b031bb332">
      <TestCategory>
        <TestCategoryItem TestCategory="Entities" />
        <TestCategoryItem TestCategory="SystemIntegration" />
      </TestCategory>
      <Execution id="f8951458-6851-41ce-a01d-1d51e715a74c" />
      <TestMethod codeBase="F:\ETWork\bin\Tests\SysIntgTests.iCore.Common.Entities.dll" adapterTypeName="Microsoft.VisualStudio.TestTools.TestTypes.Unit.UnitTestAdapter" className="SysIntgTests.iCore.Common.Entities.EventTests" name="RepositoryEntityType_ReturnsIEvent" />
    </UnitTest>
    <UnitTest name="RepositorySystemContext_MatchesActualSystemContext" storage="f:\etwork\bin\tests\sysintgtests.icore.common.entities.dll" id="84ae607f-b853-09ae-102a-ae0eaf8192a1">
      <TestCategory>
        <TestCategoryItem TestCategory="Entities" />
        <TestCategoryItem TestCategory="SystemIntegration" />
      </TestCategory>
      <Execution id="85c342e0-e77b-4a83-ac35-547110452042" />
      <TestMethod codeBase="F:\ETWork\bin\Tests\SysIntgTests.iCore.Common.Entities.dll" adapterTypeName="Microsoft.VisualStudio.TestTools.TestTypes.Unit.UnitTestAdapter" className="SysIntgTests.iCore.Common.Entities.EventTests" name="RepositorySystemContext_MatchesActualSystemContext" />
    </UnitTest>
    <UnitTest name="Exists_EventAttributeTypeKey_ThrowsArgumentException" storage="f:\etwork\bin\tests\sysintgtests.icore.common.entities.dll" id="61190d88-0371-849a-99b9-b91436721da5">
      <TestCategory>
        <TestCategoryItem TestCategory="Entities" />
        <TestCategoryItem TestCategory="SystemIntegration" />
      </TestCategory>
      <Execution id="6f55109c-fa2b-481f-83eb-6c99905f3dce" />
      <TestMethod codeBase="F:\ETWork\bin\Tests\SysIntgTests.iCore.Common.Entities.dll" adapterTypeName="Microsoft.VisualStudio.TestTools.TestTypes.Unit.UnitTestAdapter" className="SysIntgTests.iCore.Common.Entities.EventTests" name="Exists_EventAttributeTypeKey_ThrowsArgumentException" />
    </UnitTest>
    <UnitTest name="Exists_KnownEventKey_ReturnsTrue (Data Row 0)" storage="f:\etwork\bin\tests\sysintgtests.icore.common.entities.dll" id="29a4a651-1003-4084-9125-c2a6bf7228a9">
      <TestCategory>
        <TestCategoryItem TestCategory="Entities" />
        <TestCategoryItem TestCategory="SystemIntegration" />
      </TestCategory>
      <Execution id="e4f28bc8-2bdd-47c8-a0eb-a78fa7953418" />
      <TestMethod codeBase="F:\ETWork\bin\Tests\SysIntgTests.iCore.Common.Entities.dll" adapterTypeName="Microsoft.VisualStudio.TestTools.TestTypes.Unit.UnitTestAdapter" className="SysIntgTests.iCore.Common.Entities.EventTests" name="Exists_KnownEventKey_ReturnsTrue (Data Row 0)" />
    </UnitTest>
    <UnitTest name="Exists_NonExistingEventKey_ReturnsFalse" storage="f:\etwork\bin\tests\sysintgtests.icore.common.entities.dll" id="8b884966-fc2c-cc0e-80e3-9535d592edcc">
      <TestCategory>
        <TestCategoryItem TestCategory="Entities" />
        <TestCategoryItem TestCategory="SystemIntegration" />
      </TestCategory>
      <Execution id="3a41ceb3-d5b2-4287-a0c4-f00634930beb" />
      <TestMethod codeBase="F:\ETWork\bin\Tests\SysIntgTests.iCore.Common.Entities.dll" adapterTypeName="Microsoft.VisualStudio.TestTools.TestTypes.Unit.UnitTestAdapter" className="SysIntgTests.iCore.Common.Entities.EventTests" name="Exists_NonExistingEventKey_ReturnsFalse" />
    </UnitTest>
    <UnitTest name="CreateInstance_CreatesNewEvent" storage="f:\etwork\bin\tests\sysintgtests.icore.common.entities.dll" id="7502a092-08c0-8dbb-8352-ad7853ea91ef">
      <Execution id="94b3e396-4f56-473c-b498-540a43d8edd2" />
      <TestMethod codeBase="F:\ETWork\bin\Tests\SysIntgTests.iCore.Common.Entities.dll" adapterTypeName="Microsoft.VisualStudio.TestTools.TestTypes.Unit.UnitTestAdapter" className="SysIntgTests.iCore.Common.Entities.EventTests" name="CreateInstance_CreatesNewEvent" />
    </UnitTest>
    <UnitTest name="List_ContainsEachKnownEventOnce (Data Row 0)" storage="f:\etwork\bin\tests\sysintgtests.icore.common.entities.dll" id="7c14a1a8-302e-42fd-b52d-203f905d0a0c">
      <TestCategory>
        <TestCategoryItem TestCategory="Entities" />
        <TestCategoryItem TestCategory="SystemIntegration" />
      </TestCategory>
      <Execution id="4b1bf2eb-a540-4640-88b1-acc4bfe62221" />
      <TestMethod codeBase="F:\ETWork\bin\Tests\SysIntgTests.iCore.Common.Entities.dll" adapterTypeName="Microsoft.VisualStudio.TestTools.TestTypes.Unit.UnitTestAdapter" className="SysIntgTests.iCore.Common.Entities.EventTests" name="List_ContainsEachKnownEventOnce (Data Row 0)" />
    </UnitTest>
    <UnitTest name="List_ShouldSetSystemContextCorrectly" storage="f:\etwork\bin\tests\sysintgtests.icore.common.entities.dll" id="e5d3cf63-2847-20c1-2d6e-af93eff1443e">
      <TestCategory>
        <TestCategoryItem TestCategory="Entities" />
        <TestCategoryItem TestCategory="SystemIntegration" />
      </TestCategory>
      <Execution id="e90d4978-950c-4e19-b89b-5a513392a862" />
      <TestMethod codeBase="F:\ETWork\bin\Tests\SysIntgTests.iCore.Common.Entities.dll" adapterTypeName="Microsoft.VisualStudio.TestTools.TestTypes.Unit.UnitTestAdapter" className="SysIntgTests.iCore.Common.Entities.EventTests" name="List_ShouldSetSystemContextCorrectly" />
    </UnitTest>
    <UnitTest name="GetByKey_NewGuid_ThrowsEntityNotFoundException" storage="f:\etwork\bin\tests\sysintgtests.icore.common.entities.dll" id="503c8247-926d-2721-4039-b3c698fa3815">
      <TestCategory>
        <TestCategoryItem TestCategory="Entities" />
        <TestCategoryItem TestCategory="SystemIntegration" />
      </TestCategory>
      <Execution id="79bee1c4-fa7c-4c7f-98b3-880a3bf82ae5" />
      <TestMethod codeBase="F:\ETWork\bin\Tests\SysIntgTests.iCore.Common.Entities.dll" adapterTypeName="Microsoft.VisualStudio.TestTools.TestTypes.Unit.UnitTestAdapter" className="SysIntgTests.iCore.Common.Entities.EventTests" name="GetByKey_NewGuid_ThrowsEntityNotFoundException" />
    </UnitTest>
    <UnitTest name="GetByKey_KnownKey_ReturnsEntityWithCorrectProperties (Data Row 0)" storage="f:\etwork\bin\tests\sysintgtests.icore.common.entities.dll" id="1ad28c4c-5ecc-42ef-b944-03ff0cc94209">
      <TestCategory>
        <TestCategoryItem TestCategory="Entities" />
        <TestCategoryItem TestCategory="SystemIntegration" />
      </TestCategory>
      <Execution id="653a2cf0-40ca-43ce-bcfc-99509a81a8fc" />
      <TestMethod codeBase="F:\ETWork\bin\Tests\SysIntgTests.iCore.Common.Entities.dll" adapterTypeName="Microsoft.VisualStudio.TestTools.TestTypes.Unit.UnitTestAdapter" className="SysIntgTests.iCore.Common.Entities.EventTests" name="GetByKey_KnownKey_ReturnsEntityWithCorrectProperties (Data Row 0)" />
    </UnitTest>
    <UnitTest name="GetByKey_UnsupportedKey_ThrowsArgumentException" storage="f:\etwork\bin\tests\sysintgtests.icore.common.entities.dll" id="1e874f4b-82bc-c646-bf98-cf54f2513b93">
      <TestCategory>
        <TestCategoryItem TestCategory="Entities" />
        <TestCategoryItem TestCategory="SystemIntegration" />
      </TestCategory>
      <Execution id="14b96e81-ccb0-4057-b1d3-7c728d6ee095" />
      <TestMethod codeBase="F:\ETWork\bin\Tests\SysIntgTests.iCore.Common.Entities.dll" adapterTypeName="Microsoft.VisualStudio.TestTools.TestTypes.Unit.UnitTestAdapter" className="SysIntgTests.iCore.Common.Entities.EventTests" name="GetByKey_UnsupportedKey_ThrowsArgumentException" />
    </UnitTest>
    <UnitTest name="GetById_NewGuid_ThrowsEntityNotFoundException" storage="f:\etwork\bin\tests\sysintgtests.icore.common.entities.dll" id="97c95fbf-42e2-c83b-f979-d5880a4d518f">
      <TestCategory>
        <TestCategoryItem TestCategory="Entities" />
        <TestCategoryItem TestCategory="SystemIntegration" />
      </TestCategory>
      <Execution id="5c43909b-aad7-4ddc-93b0-f2adb4993ffa" />
      <TestMethod codeBase="F:\ETWork\bin\Tests\SysIntgTests.iCore.Common.Entities.dll" adapterTypeName="Microsoft.VisualStudio.TestTools.TestTypes.Unit.UnitTestAdapter" className="SysIntgTests.iCore.Common.Entities.EventTests" name="GetById_NewGuid_ThrowsEntityNotFoundException" />
    </UnitTest>
    <UnitTest name="GetById_KnownEventId_ReturnsEntityWithCorrectProperties (Data Row 0)" storage="f:\etwork\bin\tests\sysintgtests.icore.common.entities.dll" id="39a4c654-e409-4bb3-b682-a9e83084dbee">
      <TestCategory>
        <TestCategoryItem TestCategory="Entities" />
        <TestCategoryItem TestCategory="SystemIntegration" />
      </TestCategory>
      <Execution id="d77b8936-118a-4f61-83f8-fd0d7f681641" />
      <TestMethod codeBase="F:\ETWork\bin\Tests\SysIntgTests.iCore.Common.Entities.dll" adapterTypeName="Microsoft.VisualStudio.TestTools.TestTypes.Unit.UnitTestAdapter" className="SysIntgTests.iCore.Common.Entities.EventTests" name="GetById_KnownEventId_ReturnsEntityWithCorrectProperties (Data Row 0)" />
    </UnitTest>
    <UnitTest name="TryGetById_NonExistingEventId_ReturnsNull" storage="f:\etwork\bin\tests\sysintgtests.icore.common.entities.dll" id="b21a8251-dd2f-19f6-0cc0-bfdf20091d24">
      <TestCategory>
        <TestCategoryItem TestCategory="Entities" />
        <TestCategoryItem TestCategory="SystemIntegration" />
      </TestCategory>
      <Execution id="e66d1fa3-7c81-4b90-b417-0668558767a5" />
      <TestMethod codeBase="F:\ETWork\bin\Tests\SysIntgTests.iCore.Common.Entities.dll" adapterTypeName="Microsoft.VisualStudio.TestTools.TestTypes.Unit.UnitTestAdapter" className="SysIntgTests.iCore.Common.Entities.EventTests" name="TryGetById_NonExistingEventId_ReturnsNull" />
    </UnitTest>
    <UnitTest name="TryGetById_KnownEventId_ReturnsEntityWithCorrectProperties (Data Row 0)" storage="f:\etwork\bin\tests\sysintgtests.icore.common.entities.dll" id="b16d8d74-3b3a-44f8-b0e1-f9d9fb370edf">
      <TestCategory>
        <TestCategoryItem TestCategory="Entities" />
        <TestCategoryItem TestCategory="SystemIntegration" />
      </TestCategory>
      <Execution id="49b321d3-52ce-4642-accf-a27ae6760d22" />
      <TestMethod codeBase="F:\ETWork\bin\Tests\SysIntgTests.iCore.Common.Entities.dll" adapterTypeName="Microsoft.VisualStudio.TestTools.TestTypes.Unit.UnitTestAdapter" className="SysIntgTests.iCore.Common.Entities.EventTests" name="TryGetById_KnownEventId_ReturnsEntityWithCorrectProperties (Data Row 0)" />
    </UnitTest>
    <UnitTest name="Delete_CompletedEvent_Throws" storage="f:\etwork\bin\tests\sysintgtests.icore.common.entities.dll" id="e2cf5931-ea01-9602-dabd-4add5a85a298">
      <TestCategory>
        <TestCategoryItem TestCategory="Entities" />
        <TestCategoryItem TestCategory="SystemIntegration" />
      </TestCategory>
      <Execution id="cd188dc9-bfef-404b-9675-c5e520ba6ddf" />
      <TestMethod codeBase="F:\ETWork\bin\Tests\SysIntgTests.iCore.Common.Entities.dll" adapterTypeName="Microsoft.VisualStudio.TestTools.TestTypes.Unit.UnitTestAdapter" className="SysIntgTests.iCore.Common.Entities.EventTests" name="Delete_CompletedEvent_Throws" />
    </UnitTest>
    <UnitTest name="Delete_NewEvent_SuccessfullyDeletesEvent" storage="f:\etwork\bin\tests\sysintgtests.icore.common.entities.dll" id="a12b9c61-4d4e-a56c-a7e7-fbd69fe9a69a">
      <TestCategory>
        <TestCategoryItem TestCategory="Entities" />
        <TestCategoryItem TestCategory="SystemIntegration" />
      </TestCategory>
      <Execution id="fa8df423-a959-48e1-b986-b1592bbd0695" />
      <TestMethod codeBase="F:\ETWork\bin\Tests\SysIntgTests.iCore.Common.Entities.dll" adapterTypeName="Microsoft.VisualStudio.TestTools.TestTypes.Unit.UnitTestAdapter" className="SysIntgTests.iCore.Common.Entities.EventTests" name="Delete_NewEvent_SuccessfullyDeletesEvent" />
    </UnitTest>
    <UnitTest name="Delete_DelayedEvent_SuccessfullyDeletesEvent" storage="f:\etwork\bin\tests\sysintgtests.icore.common.entities.dll" id="349430c2-86de-5505-ae93-5ed970b0bb25">
      <TestCategory>
        <TestCategoryItem TestCategory="Entities" />
        <TestCategoryItem TestCategory="SystemIntegration" />
      </TestCategory>
      <Execution id="05e4dec5-9a62-408f-b5d7-340e4d6de417" />
      <TestMethod codeBase="F:\ETWork\bin\Tests\SysIntgTests.iCore.Common.Entities.dll" adapterTypeName="Microsoft.VisualStudio.TestTools.TestTypes.Unit.UnitTestAdapter" className="SysIntgTests.iCore.Common.Entities.EventTests" name="Delete_DelayedEvent_SuccessfullyDeletesEvent" />
    </UnitTest>
    <UnitTest name="ChangeState_NonExistingEvent_ThrowsEntitySqlException" storage="f:\etwork\bin\tests\sysintgtests.icore.common.entities.dll" id="3dbd3f03-a647-861f-074a-34b23a2f1a67">
      <TestCategory>
        <TestCategoryItem TestCategory="Entities" />
        <TestCategoryItem TestCategory="SystemIntegration" />
      </TestCategory>
      <Execution id="b1f6a41b-e503-4a13-96c5-20bc49a847cf" />
      <TestMethod codeBase="F:\ETWork\bin\Tests\SysIntgTests.iCore.Common.Entities.dll" adapterTypeName="Microsoft.VisualStudio.TestTools.TestTypes.Unit.UnitTestAdapter" className="SysIntgTests.iCore.Common.Entities.EventTests" name="ChangeState_NonExistingEvent_ThrowsEntitySqlException" />
    </UnitTest>
    <UnitTest name="ChangeState_ExistingEvent_ChangesEventState" storage="f:\etwork\bin\tests\sysintgtests.icore.common.entities.dll" id="23faf931-a796-26ca-8c93-a11a69d0ad7b">
      <Execution id="96c48fe2-1490-4e65-bfe1-9f98c6a805de" />
      <TestMethod codeBase="F:\ETWork\bin\Tests\SysIntgTests.iCore.Common.Entities.dll" adapterTypeName="Microsoft.VisualStudio.TestTools.TestTypes.Unit.UnitTestAdapter" className="SysIntgTests.iCore.Common.Entities.EventTests" name="ChangeState_ExistingEvent_ChangesEventState" />
    </UnitTest>
    <UnitTest name="RecreateEvent_TryingToReCreateAnCompletedEvent_NewEventRecreated" storage="f:\etwork\bin\tests\sysintgtests.icore.common.entities.dll" id="89a5e46a-59a6-45e0-02e5-6bff38613461">
      <TestCategory>
        <TestCategoryItem TestCategory="Entities" />
        <TestCategoryItem TestCategory="SystemIntegration" />
      </TestCategory>
      <Execution id="73445748-d1ff-44d1-acc5-c8855f2b646c" />
      <TestMethod codeBase="F:\ETWork\bin\Tests\SysIntgTests.iCore.Common.Entities.dll" adapterTypeName="Microsoft.VisualStudio.TestTools.TestTypes.Unit.UnitTestAdapter" className="SysIntgTests.iCore.Common.Entities.EventTests" name="RecreateEvent_TryingToReCreateAnCompletedEvent_NewEventRecreated" />
    </UnitTest>
    <UnitTest name="RecreateEventsAsync_TryingToReCreateAnCompletedEvent_NewEventRecreated" storage="f:\etwork\bin\tests\sysintgtests.icore.common.entities.dll" id="f375bd71-12d5-afc8-7cdb-26daf72dcb84">
      <TestCategory>
        <TestCategoryItem TestCategory="Entities" />
        <TestCategoryItem TestCategory="SystemIntegration" />
      </TestCategory>
      <Execution id="329357a4-d880-4993-9c6d-eeb1e5c4fa24" />
      <TestMethod codeBase="F:\ETWork\bin\Tests\SysIntgTests.iCore.Common.Entities.dll" adapterTypeName="Microsoft.VisualStudio.TestTools.TestTypes.Unit.UnitTestAdapter" className="SysIntgTests.iCore.Common.Entities.EventTests" name="RecreateEventsAsync_TryingToReCreateAnCompletedEvent_NewEventRecreated" />
    </UnitTest>
    <UnitTest name="RecreateEvent_TryingToReCreateAnCompletedSystemEvent_ArgumentExceptionIsThrown" storage="f:\etwork\bin\tests\sysintgtests.icore.common.entities.dll" id="5fbbf243-8e96-5010-34e6-4020f639bfbe">
      <TestCategory>
        <TestCategoryItem TestCategory="Entities" />
        <TestCategoryItem TestCategory="SystemIntegration" />
      </TestCategory>
      <Execution id="a38fe633-09cb-48e5-b93f-b14f1e2fe7e2" />
      <TestMethod codeBase="F:\ETWork\bin\Tests\SysIntgTests.iCore.Common.Entities.dll" adapterTypeName="Microsoft.VisualStudio.TestTools.TestTypes.Unit.UnitTestAdapter" className="SysIntgTests.iCore.Common.Entities.EventTests" name="RecreateEvent_TryingToReCreateAnCompletedSystemEvent_ArgumentExceptionIsThrown" />
    </UnitTest>
    <UnitTest name="RecreateEventsAsync_TryingToReCreateAnCompletedSystemEvent_ArgumentExceptionIsThrown" storage="f:\etwork\bin\tests\sysintgtests.icore.common.entities.dll" id="2ca4131f-e8fa-7ba3-b637-512a7f281483">
      <TestCategory>
        <TestCategoryItem TestCategory="Entities" />
        <TestCategoryItem TestCategory="SystemIntegration" />
      </TestCategory>
      <Execution id="bbe55dad-da21-46e4-bc7a-276be4183281" />
      <TestMethod codeBase="F:\ETWork\bin\Tests\SysIntgTests.iCore.Common.Entities.dll" adapterTypeName="Microsoft.VisualStudio.TestTools.TestTypes.Unit.UnitTestAdapter" className="SysIntgTests.iCore.Common.Entities.EventTests" name="RecreateEventsAsync_TryingToReCreateAnCompletedSystemEvent_ArgumentExceptionIsThrown" />
    </UnitTest>
    <UnitTest name="RecreateEvents_TryingToReCreateNonExistingEvent_ArgumentExceptionIsThrown" storage="f:\etwork\bin\tests\sysintgtests.icore.common.entities.dll" id="e609d23c-8b01-d72c-a078-48f6c7925a14">
      <TestCategory>
        <TestCategoryItem TestCategory="Entities" />
        <TestCategoryItem TestCategory="SystemIntegration" />
      </TestCategory>
      <Execution id="526edbd9-baf9-401d-ac99-df23c587b159" />
      <TestMethod codeBase="F:\ETWork\bin\Tests\SysIntgTests.iCore.Common.Entities.dll" adapterTypeName="Microsoft.VisualStudio.TestTools.TestTypes.Unit.UnitTestAdapter" className="SysIntgTests.iCore.Common.Entities.EventTests" name="RecreateEvents_TryingToReCreateNonExistingEvent_ArgumentExceptionIsThrown" />
    </UnitTest>
    <UnitTest name="RecreateEventsAsync_TryingToReCreateNonExistingEvent_ArgumentExceptionIsThrown" storage="f:\etwork\bin\tests\sysintgtests.icore.common.entities.dll" id="4f39d110-fa9d-4976-03f9-0c1ebdaa1796">
      <TestCategory>
        <TestCategoryItem TestCategory="Entities" />
        <TestCategoryItem TestCategory="SystemIntegration" />
      </TestCategory>
      <Execution id="041adfe8-68c7-464a-8535-cccf763097be" />
      <TestMethod codeBase="F:\ETWork\bin\Tests\SysIntgTests.iCore.Common.Entities.dll" adapterTypeName="Microsoft.VisualStudio.TestTools.TestTypes.Unit.UnitTestAdapter" className="SysIntgTests.iCore.Common.Entities.EventTests" name="RecreateEventsAsync_TryingToReCreateNonExistingEvent_ArgumentExceptionIsThrown" />
    </UnitTest>
    <UnitTest name="Add_NonExistingEventType_Throws" storage="f:\etwork\bin\tests\sysintgtests.icore.common.entities.dll" id="80350a34-3980-b5d5-175e-6ec3d25c9e87">
      <TestCategory>
        <TestCategoryItem TestCategory="Entities" />
        <TestCategoryItem TestCategory="SystemIntegration" />
      </TestCategory>
      <Execution id="7cd8b615-584e-4abb-8fb2-ddd0f47ecf67" />
      <TestMethod codeBase="F:\ETWork\bin\Tests\SysIntgTests.iCore.Common.Entities.dll" adapterTypeName="Microsoft.VisualStudio.TestTools.TestTypes.Unit.UnitTestAdapter" className="SysIntgTests.iCore.Common.Entities.EventTests" name="Add_NonExistingEventType_Throws" />
    </UnitTest>
    <UnitTest name="Add_ValidArguments_PersistsCorrectly" storage="f:\etwork\bin\tests\sysintgtests.icore.common.entities.dll" id="d701691f-59b4-f7f7-3b65-780ca8cb537e">
      <TestCategory>
        <TestCategoryItem TestCategory="Entities" />
        <TestCategoryItem TestCategory="SystemIntegration" />
      </TestCategory>
      <Execution id="db1986c4-6ac3-4f0d-a912-3c9b23961f77" />
      <TestMethod codeBase="F:\ETWork\bin\Tests\SysIntgTests.iCore.Common.Entities.dll" adapterTypeName="Microsoft.VisualStudio.TestTools.TestTypes.Unit.UnitTestAdapter" className="SysIntgTests.iCore.Common.Entities.EventTests" name="Add_ValidArguments_PersistsCorrectly" />
    </UnitTest>
    <UnitTest name="Add_ValidArguments_DequeuesCorrectly" storage="f:\etwork\bin\tests\sysintgtests.icore.common.entities.dll" id="48c2cf08-6175-542b-dba7-5756182397ee">
      <TestCategory>
        <TestCategoryItem TestCategory="Entities" />
        <TestCategoryItem TestCategory="SystemIntegration" />
      </TestCategory>
      <Execution id="563713ad-9745-4a2f-a28c-d405730d7e72" />
      <TestMethod codeBase="F:\ETWork\bin\Tests\SysIntgTests.iCore.Common.Entities.dll" adapterTypeName="Microsoft.VisualStudio.TestTools.TestTypes.Unit.UnitTestAdapter" className="SysIntgTests.iCore.Common.Entities.EventTests" name="Add_ValidArguments_DequeuesCorrectly" />
    </UnitTest>
    <UnitTest name="Add_ValidNullArguments_PersistsCorrectly" storage="f:\etwork\bin\tests\sysintgtests.icore.common.entities.dll" id="ec93591c-c900-2ba2-75ee-41e3c3243e9a">
      <TestCategory>
        <TestCategoryItem TestCategory="Entities" />
        <TestCategoryItem TestCategory="SystemIntegration" />
      </TestCategory>
      <Execution id="5037340e-d409-45d7-bce0-64836f2b51e6" />
      <TestMethod codeBase="F:\ETWork\bin\Tests\SysIntgTests.iCore.Common.Entities.dll" adapterTypeName="Microsoft.VisualStudio.TestTools.TestTypes.Unit.UnitTestAdapter" className="SysIntgTests.iCore.Common.Entities.EventTests" name="Add_ValidNullArguments_PersistsCorrectly" />
    </UnitTest>
    <UnitTest name="Add_DuplicateArguments_ThrowsSqlException" storage="f:\etwork\bin\tests\sysintgtests.icore.common.entities.dll" id="ab621675-9681-c143-dd79-6219b87fde64">
      <Execution id="7841e1e8-21ae-48f8-aa2c-0bd63c5d0cd4" />
      <TestMethod codeBase="F:\ETWork\bin\Tests\SysIntgTests.iCore.Common.Entities.dll" adapterTypeName="Microsoft.VisualStudio.TestTools.TestTypes.Unit.UnitTestAdapter" className="SysIntgTests.iCore.Common.Entities.EventTests" name="Add_DuplicateArguments_ThrowsSqlException" />
    </UnitTest>
    <UnitTest name="Add_RelatedEntities_PersistsCorrectly" storage="f:\etwork\bin\tests\sysintgtests.icore.common.entities.dll" id="38375362-adf9-87e1-3a60-c6f3cda17483">
      <Execution id="3eedd015-c32b-4cd5-8b5b-12bb859c1132" />
      <TestMethod codeBase="F:\ETWork\bin\Tests\SysIntgTests.iCore.Common.Entities.dll" adapterTypeName="Microsoft.VisualStudio.TestTools.TestTypes.Unit.UnitTestAdapter" className="SysIntgTests.iCore.Common.Entities.EventTests" name="Add_RelatedEntities_PersistsCorrectly" />
    </UnitTest>
    <UnitTest name="Add_DelayUntilNotNull_EventStateIsDelayedAndReasonIsScheduled" storage="f:\etwork\bin\tests\sysintgtests.icore.common.entities.dll" id="e5971f6e-9638-33ee-1b57-d19506a9d7df">
      <Execution id="6d4bcb66-b4ad-4b06-9dfe-f51300b33abf" />
      <TestMethod codeBase="F:\ETWork\bin\Tests\SysIntgTests.iCore.Common.Entities.dll" adapterTypeName="Microsoft.VisualStudio.TestTools.TestTypes.Unit.UnitTestAdapter" className="SysIntgTests.iCore.Common.Entities.EventTests" name="Add_DelayUntilNotNull_EventStateIsDelayedAndReasonIsScheduled" />
    </UnitTest>
    <UnitTest name="Add_DelayUntilIsNull_EventStateIsNewAndReasonIsCreated" storage="f:\etwork\bin\tests\sysintgtests.icore.common.entities.dll" id="9543317b-b808-7fd7-4537-ae9f661ca247">
      <Execution id="bd89aad8-c195-481d-a217-7cba6d165458" />
      <TestMethod codeBase="F:\ETWork\bin\Tests\SysIntgTests.iCore.Common.Entities.dll" adapterTypeName="Microsoft.VisualStudio.TestTools.TestTypes.Unit.UnitTestAdapter" className="SysIntgTests.iCore.Common.Entities.EventTests" name="Add_DelayUntilIsNull_EventStateIsNewAndReasonIsCreated" />
    </UnitTest>
    <UnitTest name="DequeueUnprocessedEventMatchings_SingleAllMatchEventTypeWithNoExistingConfiguration_ReturnsSingleUnmatchedEvent" storage="f:\etwork\bin\tests\sysintgtests.icore.common.entities.dll" id="a096f844-901d-9fdf-0811-7eb376d04658">
      <TestCategory>
        <TestCategoryItem TestCategory="Entities" />
        <TestCategoryItem TestCategory="SystemIntegration" />
      </TestCategory>
      <Execution id="422a6aad-3ce1-4e28-9c83-d4fd787a9b7e" />
      <TestMethod codeBase="F:\ETWork\bin\Tests\SysIntgTests.iCore.Common.Entities.dll" adapterTypeName="Microsoft.VisualStudio.TestTools.TestTypes.Unit.UnitTestAdapter" className="SysIntgTests.iCore.Common.Entities.EventTests" name="DequeueUnprocessedEventMatchings_SingleAllMatchEventTypeWithNoExistingConfiguration_ReturnsSingleUnmatchedEvent" />
    </UnitTest>
    <UnitTest name="DequeueUnprocessedEventMatchings_SingleSingleMatchEventTypeWithNoExistingConfiguration_ReturnsSingleUnmatchedEvent" storage="f:\etwork\bin\tests\sysintgtests.icore.common.entities.dll" id="59f56987-cb39-38a0-dff1-00ed98421310">
      <TestCategory>
        <TestCategoryItem TestCategory="Entities" />
        <TestCategoryItem TestCategory="SystemIntegration" />
      </TestCategory>
      <Execution id="6f4d4cac-8a6e-42e8-80d5-b19d1c4ae8ce" />
      <TestMethod codeBase="F:\ETWork\bin\Tests\SysIntgTests.iCore.Common.Entities.dll" adapterTypeName="Microsoft.VisualStudio.TestTools.TestTypes.Unit.UnitTestAdapter" className="SysIntgTests.iCore.Common.Entities.EventTests" name="DequeueUnprocessedEventMatchings_SingleSingleMatchEventTypeWithNoExistingConfiguration_ReturnsSingleUnmatchedEvent" />
    </UnitTest>
    <UnitTest name="DequeueUnprocessedEventMatchings_SingleAllMatchEventTypeWithMultipleMatchingEventConfigurations_ReturnsAllMatches" storage="f:\etwork\bin\tests\sysintgtests.icore.common.entities.dll" id="297a5193-da0a-af87-279e-8160d8d33e43">
      <TestCategory>
        <TestCategoryItem TestCategory="Entities" />
        <TestCategoryItem TestCategory="SystemIntegration" />
      </TestCategory>
      <Execution id="528d315c-a70d-4c53-ab18-0278a0519a80" />
      <TestMethod codeBase="F:\ETWork\bin\Tests\SysIntgTests.iCore.Common.Entities.dll" adapterTypeName="Microsoft.VisualStudio.TestTools.TestTypes.Unit.UnitTestAdapter" className="SysIntgTests.iCore.Common.Entities.EventTests" name="DequeueUnprocessedEventMatchings_SingleAllMatchEventTypeWithMultipleMatchingEventConfigurations_ReturnsAllMatches" />
    </UnitTest>
    <UnitTest name="DequeueUnprocessedEventMatchings_SingleAllMatchEventTypeWithNoneNodeType_ReturnsCorrectMatch" storage="f:\etwork\bin\tests\sysintgtests.icore.common.entities.dll" id="e52a21ec-453a-cfc0-6027-e989e8a44b83">
      <TestCategory>
        <TestCategoryItem TestCategory="Entities" />
        <TestCategoryItem TestCategory="SystemIntegration" />
      </TestCategory>
      <Execution id="5cdb0952-9097-441f-a0e0-1f57d0038459" />
      <TestMethod codeBase="F:\ETWork\bin\Tests\SysIntgTests.iCore.Common.Entities.dll" adapterTypeName="Microsoft.VisualStudio.TestTools.TestTypes.Unit.UnitTestAdapter" className="SysIntgTests.iCore.Common.Entities.EventTests" name="DequeueUnprocessedEventMatchings_SingleAllMatchEventTypeWithNoneNodeType_ReturnsCorrectMatch" />
    </UnitTest>
    <UnitTest name="DequeueUnprocessedEventMatchings_SingleAllMatchEventTypeWithMultipleMatchingEventConfigurationsSomeInactivated_ReturnsAllMatches" storage="f:\etwork\bin\tests\sysintgtests.icore.common.entities.dll" id="e53793e7-bc06-438e-57df-dd95f757dcd9">
      <TestCategory>
        <TestCategoryItem TestCategory="Entities" />
        <TestCategoryItem TestCategory="SystemIntegration" />
      </TestCategory>
      <Execution id="3fd334af-876a-4e80-9790-8bf635d293c0" />
      <TestMethod codeBase="F:\ETWork\bin\Tests\SysIntgTests.iCore.Common.Entities.dll" adapterTypeName="Microsoft.VisualStudio.TestTools.TestTypes.Unit.UnitTestAdapter" className="SysIntgTests.iCore.Common.Entities.EventTests" name="DequeueUnprocessedEventMatchings_SingleAllMatchEventTypeWithMultipleMatchingEventConfigurationsSomeInactivated_ReturnsAllMatches" />
    </UnitTest>
    <UnitTest name="DequeueUnprocessedEventMatchings_MultipleEvents_ReturnsCorrectMatches" storage="f:\etwork\bin\tests\sysintgtests.icore.common.entities.dll" id="165aea86-5819-a1f7-ec3b-c8acea4267d0">
      <TestCategory>
        <TestCategoryItem TestCategory="Entities" />
        <TestCategoryItem TestCategory="SystemIntegration" />
      </TestCategory>
      <Execution id="09b0387a-1d28-4905-89d7-209deb214a56" />
      <TestMethod codeBase="F:\ETWork\bin\Tests\SysIntgTests.iCore.Common.Entities.dll" adapterTypeName="Microsoft.VisualStudio.TestTools.TestTypes.Unit.UnitTestAdapter" className="SysIntgTests.iCore.Common.Entities.EventTests" name="DequeueUnprocessedEventMatchings_MultipleEvents_ReturnsCorrectMatches" />
    </UnitTest>
    <UnitTest name="TryGetSessionEventIdBySystemStartedEventId_NonExistingEventId_ReturnsNull" storage="f:\etwork\bin\tests\sysintgtests.icore.common.entities.dll" id="b772884e-5419-b55c-4c6b-98ccbe08dd31">
      <TestCategory>
        <TestCategoryItem TestCategory="Entities" />
        <TestCategoryItem TestCategory="SystemIntegration" />
      </TestCategory>
      <Execution id="88f49fb9-2f39-4c1b-a5c3-6c0e252251cf" />
      <TestMethod codeBase="F:\ETWork\bin\Tests\SysIntgTests.iCore.Common.Entities.dll" adapterTypeName="Microsoft.VisualStudio.TestTools.TestTypes.Unit.UnitTestAdapter" className="SysIntgTests.iCore.Common.Entities.EventTests" name="TryGetSessionEventIdBySystemStartedEventId_NonExistingEventId_ReturnsNull" />
    </UnitTest>
    <UnitTest name="TryGetSessionEventIdBySystemStartedEventId_ValidSystemStartedEvent_ReturnsCorrespondingSystemEvent" storage="f:\etwork\bin\tests\sysintgtests.icore.common.entities.dll" id="2ec5baad-fb02-878e-dda3-6a874c74902c">
      <TestCategory>
        <TestCategoryItem TestCategory="Entities" />
        <TestCategoryItem TestCategory="SystemIntegration" />
      </TestCategory>
      <Execution id="7347e5f7-d781-47d9-bc91-ef14f21b1abc" />
      <TestMethod codeBase="F:\ETWork\bin\Tests\SysIntgTests.iCore.Common.Entities.dll" adapterTypeName="Microsoft.VisualStudio.TestTools.TestTypes.Unit.UnitTestAdapter" className="SysIntgTests.iCore.Common.Entities.EventTests" name="TryGetSessionEventIdBySystemStartedEventId_ValidSystemStartedEvent_ReturnsCorrespondingSystemEvent" />
    </UnitTest>
    <UnitTest name="GetEventArguments_NonExistingEvent_ReturnsEmtpyList" storage="f:\etwork\bin\tests\sysintgtests.icore.common.entities.dll" id="047f5bd4-9b4d-53ef-e9cb-66e6829d21d2">
      <Execution id="c5962b20-af3b-41e7-a266-740c9d58c0bf" />
      <TestMethod codeBase="F:\ETWork\bin\Tests\SysIntgTests.iCore.Common.Entities.dll" adapterTypeName="Microsoft.VisualStudio.TestTools.TestTypes.Unit.UnitTestAdapter" className="SysIntgTests.iCore.Common.Entities.EventTests" name="GetEventArguments_NonExistingEvent_ReturnsEmtpyList" />
    </UnitTest>
    <UnitTest name="GetEventArguments_ExistingEvent_ReturnsProperList" storage="f:\etwork\bin\tests\sysintgtests.icore.common.entities.dll" id="3dee167f-4742-7dc4-6f4e-f3ea2a765a61">
      <Execution id="49c59e8b-a9b3-4a96-b3a6-8c975a03647e" />
      <TestMethod codeBase="F:\ETWork\bin\Tests\SysIntgTests.iCore.Common.Entities.dll" adapterTypeName="Microsoft.VisualStudio.TestTools.TestTypes.Unit.UnitTestAdapter" className="SysIntgTests.iCore.Common.Entities.EventTests" name="GetEventArguments_ExistingEvent_ReturnsProperList" />
    </UnitTest>
    <UnitTest name="DeleteByBookmark_ValidArguments_CorrectEventsAreDeleted" storage="f:\etwork\bin\tests\sysintgtests.icore.common.entities.dll" id="81ee32e4-ab61-154b-1473-c9fae457d861">
      <Execution id="30a2983a-3e99-4ee7-96cb-f45fefabbff9" />
      <TestMethod codeBase="F:\ETWork\bin\Tests\SysIntgTests.iCore.Common.Entities.dll" adapterTypeName="Microsoft.VisualStudio.TestTools.TestTypes.Unit.UnitTestAdapter" className="SysIntgTests.iCore.Common.Entities.EventTests" name="DeleteByBookmark_ValidArguments_CorrectEventsAreDeleted" />
    </UnitTest>
    <UnitTest name="RepositoryEntityTypeId_ReturnsAdapterFlow" storage="f:\etwork\bin\tests\sysintgtests.icore.common.entities.dll" id="3cbae721-72e1-b615-b35f-0f389d81fdb2">
      <TestCategory>
        <TestCategoryItem TestCategory="Entities" />
        <TestCategoryItem TestCategory="SystemIntegration" />
      </TestCategory>
      <Execution id="736bab58-e89c-4595-abcf-8df851589bfc" />
      <TestMethod codeBase="F:\ETWork\bin\Tests\SysIntgTests.iCore.Common.Entities.dll" adapterTypeName="Microsoft.VisualStudio.TestTools.TestTypes.Unit.UnitTestAdapter" className="SysIntgTests.iCore.Common.Entities.AdapterFlowTests" name="RepositoryEntityTypeId_ReturnsAdapterFlow" />
    </UnitTest>
    <UnitTest name="RepositoryEntityType_ReturnsIAdapterFlow" storage="f:\etwork\bin\tests\sysintgtests.icore.common.entities.dll" id="13ebb768-aa5c-0daf-a76e-b51eb60766a1">
      <TestCategory>
        <TestCategoryItem TestCategory="Entities" />
        <TestCategoryItem TestCategory="SystemIntegration" />
      </TestCategory>
      <Execution id="3b87e87d-9738-4c84-a25d-d68b876b5df9" />
      <TestMethod codeBase="F:\ETWork\bin\Tests\SysIntgTests.iCore.Common.Entities.dll" adapterTypeName="Microsoft.VisualStudio.TestTools.TestTypes.Unit.UnitTestAdapter" className="SysIntgTests.iCore.Common.Entities.AdapterFlowTests" name="RepositoryEntityType_ReturnsIAdapterFlow" />
    </UnitTest>
    <UnitTest name="RepositorySystemContext_MatchesActualSystemContext" storage="f:\etwork\bin\tests\sysintgtests.icore.common.entities.dll" id="4c84616a-c2d5-b9f3-23e2-af5a805f52a6">
      <TestCategory>
        <TestCategoryItem TestCategory="Entities" />
        <TestCategoryItem TestCategory="SystemIntegration" />
      </TestCategory>
      <Execution id="8f6a6ea1-55b7-49bc-8d7a-ec159c5e1b92" />
      <TestMethod codeBase="F:\ETWork\bin\Tests\SysIntgTests.iCore.Common.Entities.dll" adapterTypeName="Microsoft.VisualStudio.TestTools.TestTypes.Unit.UnitTestAdapter" className="SysIntgTests.iCore.Common.Entities.AdapterFlowTests" name="RepositorySystemContext_MatchesActualSystemContext" />
    </UnitTest>
    <UnitTest name="Exists_UnsupportedKey_ThrowsArgumentException" storage="f:\etwork\bin\tests\sysintgtests.icore.common.entities.dll" id="89cb14c9-c776-42b4-013c-70a5e36debda">
      <TestCategory>
        <TestCategoryItem TestCategory="Entities" />
        <TestCategoryItem TestCategory="SystemIntegration" />
      </TestCategory>
      <Execution id="45b6ab77-f610-4ecb-bbb6-0cdd372d1f3d" />
      <TestMethod codeBase="F:\ETWork\bin\Tests\SysIntgTests.iCore.Common.Entities.dll" adapterTypeName="Microsoft.VisualStudio.TestTools.TestTypes.Unit.UnitTestAdapter" className="SysIntgTests.iCore.Common.Entities.AdapterFlowTests" name="Exists_UnsupportedKey_ThrowsArgumentException" />
    </UnitTest>
    <UnitTest name="Exists_KnownAdapterFlowKey_ReturnsTrue (Data Row 0)" storage="f:\etwork\bin\tests\sysintgtests.icore.common.entities.dll" id="c9c8d034-7ccc-4b1d-9cb2-dd5af7b5e9b7">
      <TestCategory>
        <TestCategoryItem TestCategory="Entities" />
        <TestCategoryItem TestCategory="SystemIntegration" />
      </TestCategory>
      <Execution id="5ce707da-eb1a-44e1-88b0-dcda03acdb05" />
      <TestMethod codeBase="F:\ETWork\bin\Tests\SysIntgTests.iCore.Common.Entities.dll" adapterTypeName="Microsoft.VisualStudio.TestTools.TestTypes.Unit.UnitTestAdapter" className="SysIntgTests.iCore.Common.Entities.AdapterFlowTests" name="Exists_KnownAdapterFlowKey_ReturnsTrue (Data Row 0)" />
    </UnitTest>
    <UnitTest name="Exists_KnownAdapterFlowKey_ReturnsTrue (Data Row 1)" storage="f:\etwork\bin\tests\sysintgtests.icore.common.entities.dll" id="200e1c84-48cc-4292-8b8d-313b818f43b6">
      <TestCategory>
        <TestCategoryItem TestCategory="Entities" />
        <TestCategoryItem TestCategory="SystemIntegration" />
      </TestCategory>
      <Execution id="4dfc2294-5a06-4c47-9240-fa1e88ff5910" />
      <TestMethod codeBase="F:\ETWork\bin\Tests\SysIntgTests.iCore.Common.Entities.dll" adapterTypeName="Microsoft.VisualStudio.TestTools.TestTypes.Unit.UnitTestAdapter" className="SysIntgTests.iCore.Common.Entities.AdapterFlowTests" name="Exists_KnownAdapterFlowKey_ReturnsTrue (Data Row 1)" />
    </UnitTest>
    <UnitTest name="Exists_KnownAdapterFlowKey_ReturnsTrue (Data Row 2)" storage="f:\etwork\bin\tests\sysintgtests.icore.common.entities.dll" id="c9404faf-deb6-4e36-bede-14a4c3374134">
      <TestCategory>
        <TestCategoryItem TestCategory="Entities" />
        <TestCategoryItem TestCategory="SystemIntegration" />
      </TestCategory>
      <Execution id="a14c6546-27d0-437a-b883-486f3e8bfeb9" />
      <TestMethod codeBase="F:\ETWork\bin\Tests\SysIntgTests.iCore.Common.Entities.dll" adapterTypeName="Microsoft.VisualStudio.TestTools.TestTypes.Unit.UnitTestAdapter" className="SysIntgTests.iCore.Common.Entities.AdapterFlowTests" name="Exists_KnownAdapterFlowKey_ReturnsTrue (Data Row 2)" />
    </UnitTest>
    <UnitTest name="Exists_KnownAdapterFlowKey_ReturnsTrue (Data Row 3)" storage="f:\etwork\bin\tests\sysintgtests.icore.common.entities.dll" id="c53673a4-b06d-45da-a514-ca6a9d75a4c6">
      <TestCategory>
        <TestCategoryItem TestCategory="Entities" />
        <TestCategoryItem TestCategory="SystemIntegration" />
      </TestCategory>
      <Execution id="b2672606-3940-4a80-9bf5-c3e139fef526" />
      <TestMethod codeBase="F:\ETWork\bin\Tests\SysIntgTests.iCore.Common.Entities.dll" adapterTypeName="Microsoft.VisualStudio.TestTools.TestTypes.Unit.UnitTestAdapter" className="SysIntgTests.iCore.Common.Entities.AdapterFlowTests" name="Exists_KnownAdapterFlowKey_ReturnsTrue (Data Row 3)" />
    </UnitTest>
    <UnitTest name="Exists_NonExistingAdapterFlowKey_ReturnsFalse" storage="f:\etwork\bin\tests\sysintgtests.icore.common.entities.dll" id="dc0fcab3-7063-e700-91a3-296cdeb423a4">
      <TestCategory>
        <TestCategoryItem TestCategory="Entities" />
        <TestCategoryItem TestCategory="SystemIntegration" />
      </TestCategory>
      <Execution id="986de660-e8c2-4db3-81ff-c9290f7f467f" />
      <TestMethod codeBase="F:\ETWork\bin\Tests\SysIntgTests.iCore.Common.Entities.dll" adapterTypeName="Microsoft.VisualStudio.TestTools.TestTypes.Unit.UnitTestAdapter" className="SysIntgTests.iCore.Common.Entities.AdapterFlowTests" name="Exists_NonExistingAdapterFlowKey_ReturnsFalse" />
    </UnitTest>
    <UnitTest name="CreateInstance_CreatesNewAdapterFlow" storage="f:\etwork\bin\tests\sysintgtests.icore.common.entities.dll" id="ffbf918f-d24f-9e94-9b92-ee15859e59f3">
      <Execution id="4f8ffb46-4d39-488e-ba32-bea5098b37e7" />
      <TestMethod codeBase="F:\ETWork\bin\Tests\SysIntgTests.iCore.Common.Entities.dll" adapterTypeName="Microsoft.VisualStudio.TestTools.TestTypes.Unit.UnitTestAdapter" className="SysIntgTests.iCore.Common.Entities.AdapterFlowTests" name="CreateInstance_CreatesNewAdapterFlow" />
    </UnitTest>
    <UnitTest name="CreateInstance_UpgradeHistoryLatestVersionIsSameAsCurrentVersion" storage="f:\etwork\bin\tests\sysintgtests.icore.common.entities.dll" id="736437d7-c7d7-40cb-eccb-97f5c89f6199">
      <Execution id="7839fa8a-8843-4930-8e72-3e881a636874" />
      <TestMethod codeBase="F:\ETWork\bin\Tests\SysIntgTests.iCore.Common.Entities.dll" adapterTypeName="Microsoft.VisualStudio.TestTools.TestTypes.Unit.UnitTestAdapter" className="SysIntgTests.iCore.Common.Entities.AdapterFlowTests" name="CreateInstance_UpgradeHistoryLatestVersionIsSameAsCurrentVersion" />
    </UnitTest>
    <UnitTest name="List_ContainsEachKnownAdapterFlowOnce (Data Row 0)" storage="f:\etwork\bin\tests\sysintgtests.icore.common.entities.dll" id="8550f1f5-fc31-40c9-8e86-a8fb3f398748">
      <TestCategory>
        <TestCategoryItem TestCategory="Entities" />
        <TestCategoryItem TestCategory="SystemIntegration" />
      </TestCategory>
      <Execution id="796d5b1e-86d3-4f21-88eb-aebdad5ae084" />
      <TestMethod codeBase="F:\ETWork\bin\Tests\SysIntgTests.iCore.Common.Entities.dll" adapterTypeName="Microsoft.VisualStudio.TestTools.TestTypes.Unit.UnitTestAdapter" className="SysIntgTests.iCore.Common.Entities.AdapterFlowTests" name="List_ContainsEachKnownAdapterFlowOnce (Data Row 0)" />
    </UnitTest>
    <UnitTest name="List_ContainsEachKnownAdapterFlowOnce (Data Row 1)" storage="f:\etwork\bin\tests\sysintgtests.icore.common.entities.dll" id="1fbdc4c5-3c30-41f0-8226-dc783669fe8d">
      <TestCategory>
        <TestCategoryItem TestCategory="Entities" />
        <TestCategoryItem TestCategory="SystemIntegration" />
      </TestCategory>
      <Execution id="22226e57-8748-4103-935f-2223111589eb" />
      <TestMethod codeBase="F:\ETWork\bin\Tests\SysIntgTests.iCore.Common.Entities.dll" adapterTypeName="Microsoft.VisualStudio.TestTools.TestTypes.Unit.UnitTestAdapter" className="SysIntgTests.iCore.Common.Entities.AdapterFlowTests" name="List_ContainsEachKnownAdapterFlowOnce (Data Row 1)" />
    </UnitTest>
    <UnitTest name="List_ContainsEachKnownAdapterFlowOnce (Data Row 2)" storage="f:\etwork\bin\tests\sysintgtests.icore.common.entities.dll" id="d2e93698-660a-4520-8a81-4c9897642d0b">
      <TestCategory>
        <TestCategoryItem TestCategory="Entities" />
        <TestCategoryItem TestCategory="SystemIntegration" />
      </TestCategory>
      <Execution id="c1d1b6fc-27e2-479c-b925-02303d46417b" />
      <TestMethod codeBase="F:\ETWork\bin\Tests\SysIntgTests.iCore.Common.Entities.dll" adapterTypeName="Microsoft.VisualStudio.TestTools.TestTypes.Unit.UnitTestAdapter" className="SysIntgTests.iCore.Common.Entities.AdapterFlowTests" name="List_ContainsEachKnownAdapterFlowOnce (Data Row 2)" />
    </UnitTest>
    <UnitTest name="List_ContainsEachKnownAdapterFlowOnce (Data Row 3)" storage="f:\etwork\bin\tests\sysintgtests.icore.common.entities.dll" id="2d4ce0de-98ec-47c3-ac4c-bb254be3f8f0">
      <TestCategory>
        <TestCategoryItem TestCategory="Entities" />
        <TestCategoryItem TestCategory="SystemIntegration" />
      </TestCategory>
      <Execution id="06a7a960-6083-4630-8462-8f7f8609c5e7" />
      <TestMethod codeBase="F:\ETWork\bin\Tests\SysIntgTests.iCore.Common.Entities.dll" adapterTypeName="Microsoft.VisualStudio.TestTools.TestTypes.Unit.UnitTestAdapter" className="SysIntgTests.iCore.Common.Entities.AdapterFlowTests" name="List_ContainsEachKnownAdapterFlowOnce (Data Row 3)" />
    </UnitTest>
    <UnitTest name="List_ShouldSetSystemContextCorrectly" storage="f:\etwork\bin\tests\sysintgtests.icore.common.entities.dll" id="88ff7700-476a-f395-af91-7425c085808d">
      <TestCategory>
        <TestCategoryItem TestCategory="Entities" />
        <TestCategoryItem TestCategory="SystemIntegration" />
      </TestCategory>
      <Execution id="af0d8bc1-0a97-4929-909f-6f034a1a4fc7" />
      <TestMethod codeBase="F:\ETWork\bin\Tests\SysIntgTests.iCore.Common.Entities.dll" adapterTypeName="Microsoft.VisualStudio.TestTools.TestTypes.Unit.UnitTestAdapter" className="SysIntgTests.iCore.Common.Entities.AdapterFlowTests" name="List_ShouldSetSystemContextCorrectly" />
    </UnitTest>
    <UnitTest name="List_ShouldHaveUpgradeHistory" storage="f:\etwork\bin\tests\sysintgtests.icore.common.entities.dll" id="652d3fc9-730c-a28e-cd44-f87c407e6eca">
      <TestCategory>
        <TestCategoryItem TestCategory="Entities" />
        <TestCategoryItem TestCategory="SystemIntegration" />
      </TestCategory>
      <Execution id="7e9303e3-eacd-4b3a-bb22-126a9116c63b" />
      <TestMethod codeBase="F:\ETWork\bin\Tests\SysIntgTests.iCore.Common.Entities.dll" adapterTypeName="Microsoft.VisualStudio.TestTools.TestTypes.Unit.UnitTestAdapter" className="SysIntgTests.iCore.Common.Entities.AdapterFlowTests" name="List_ShouldHaveUpgradeHistory" />
    </UnitTest>
    <UnitTest name="ExistsByName_KnownAdapterFlowName_ReturnsTrue (Data Row 0)" storage="f:\etwork\bin\tests\sysintgtests.icore.common.entities.dll" id="924c20bb-1677-4d70-891a-a7090eb4bd0c">
      <TestCategory>
        <TestCategoryItem TestCategory="Entities" />
        <TestCategoryItem TestCategory="SystemIntegration" />
      </TestCategory>
      <Execution id="bcff2210-c9e6-4f33-a909-ef012db8c231" />
      <TestMethod codeBase="F:\ETWork\bin\Tests\SysIntgTests.iCore.Common.Entities.dll" adapterTypeName="Microsoft.VisualStudio.TestTools.TestTypes.Unit.UnitTestAdapter" className="SysIntgTests.iCore.Common.Entities.AdapterFlowTests" name="ExistsByName_KnownAdapterFlowName_ReturnsTrue (Data Row 0)" />
    </UnitTest>
    <UnitTest name="ExistsByName_KnownAdapterFlowName_ReturnsTrue (Data Row 1)" storage="f:\etwork\bin\tests\sysintgtests.icore.common.entities.dll" id="66e5d099-b8fa-4caf-aa48-b47fd407dd25">
      <TestCategory>
        <TestCategoryItem TestCategory="Entities" />
        <TestCategoryItem TestCategory="SystemIntegration" />
      </TestCategory>
      <Execution id="25c21b86-b716-4c94-af9f-55ba59819443" />
      <TestMethod codeBase="F:\ETWork\bin\Tests\SysIntgTests.iCore.Common.Entities.dll" adapterTypeName="Microsoft.VisualStudio.TestTools.TestTypes.Unit.UnitTestAdapter" className="SysIntgTests.iCore.Common.Entities.AdapterFlowTests" name="ExistsByName_KnownAdapterFlowName_ReturnsTrue (Data Row 1)" />
    </UnitTest>
    <UnitTest name="ExistsByName_KnownAdapterFlowName_ReturnsTrue (Data Row 2)" storage="f:\etwork\bin\tests\sysintgtests.icore.common.entities.dll" id="24149c64-4837-44f9-aa2f-210d627ca80b">
      <TestCategory>
        <TestCategoryItem TestCategory="Entities" />
        <TestCategoryItem TestCategory="SystemIntegration" />
      </TestCategory>
      <Execution id="7b879735-8801-46f2-867c-0c6abe505826" />
      <TestMethod codeBase="F:\ETWork\bin\Tests\SysIntgTests.iCore.Common.Entities.dll" adapterTypeName="Microsoft.VisualStudio.TestTools.TestTypes.Unit.UnitTestAdapter" className="SysIntgTests.iCore.Common.Entities.AdapterFlowTests" name="ExistsByName_KnownAdapterFlowName_ReturnsTrue (Data Row 2)" />
    </UnitTest>
    <UnitTest name="ExistsByName_KnownAdapterFlowName_ReturnsTrue (Data Row 3)" storage="f:\etwork\bin\tests\sysintgtests.icore.common.entities.dll" id="d9b5a3f3-2bef-4572-b0ce-c294a44080bb">
      <TestCategory>
        <TestCategoryItem TestCategory="Entities" />
        <TestCategoryItem TestCategory="SystemIntegration" />
      </TestCategory>
      <Execution id="267e2f95-ff25-46cf-9570-dcf3fd198b45" />
      <TestMethod codeBase="F:\ETWork\bin\Tests\SysIntgTests.iCore.Common.Entities.dll" adapterTypeName="Microsoft.VisualStudio.TestTools.TestTypes.Unit.UnitTestAdapter" className="SysIntgTests.iCore.Common.Entities.AdapterFlowTests" name="ExistsByName_KnownAdapterFlowName_ReturnsTrue (Data Row 3)" />
    </UnitTest>
    <UnitTest name="ExistsByName_NonExistingAdapterFlowName_ReturnsFalse" storage="f:\etwork\bin\tests\sysintgtests.icore.common.entities.dll" id="e193675d-8144-2152-79c2-80debd1a2c94">
      <TestCategory>
        <TestCategoryItem TestCategory="Entities" />
        <TestCategoryItem TestCategory="SystemIntegration" />
      </TestCategory>
      <Execution id="a5eb3e5f-37d1-409a-a603-fa45108bca36" />
      <TestMethod codeBase="F:\ETWork\bin\Tests\SysIntgTests.iCore.Common.Entities.dll" adapterTypeName="Microsoft.VisualStudio.TestTools.TestTypes.Unit.UnitTestAdapter" className="SysIntgTests.iCore.Common.Entities.AdapterFlowTests" name="ExistsByName_NonExistingAdapterFlowName_ReturnsFalse" />
    </UnitTest>
    <UnitTest name="GetModificationDateById_NonExistingId_ThrowsEntityNotFoundException" storage="f:\etwork\bin\tests\sysintgtests.icore.common.entities.dll" id="8ca19de6-4fa5-fe76-706a-e6af134f4ca4">
      <TestCategory>
        <TestCategoryItem TestCategory="Entities" />
        <TestCategoryItem TestCategory="SystemIntegration" />
      </TestCategory>
      <Execution id="9bc3aebf-f851-4430-b73a-1488e6e28fe0" />
      <TestMethod codeBase="F:\ETWork\bin\Tests\SysIntgTests.iCore.Common.Entities.dll" adapterTypeName="Microsoft.VisualStudio.TestTools.TestTypes.Unit.UnitTestAdapter" className="SysIntgTests.iCore.Common.Entities.AdapterFlowTests" name="GetModificationDateById_NonExistingId_ThrowsEntityNotFoundException" />
    </UnitTest>
    <UnitTest name="GetModificationDateById_KnownEntity_ReturnsCorrectDate (Data Row 0)" storage="f:\etwork\bin\tests\sysintgtests.icore.common.entities.dll" id="4c3a21e9-35c2-41cc-ad36-361795653f3f">
      <TestCategory>
        <TestCategoryItem TestCategory="Entities" />
        <TestCategoryItem TestCategory="SystemIntegration" />
      </TestCategory>
      <Execution id="7d08e139-51b1-430e-87ee-4d57f12057e4" />
      <TestMethod codeBase="F:\ETWork\bin\Tests\SysIntgTests.iCore.Common.Entities.dll" adapterTypeName="Microsoft.VisualStudio.TestTools.TestTypes.Unit.UnitTestAdapter" className="SysIntgTests.iCore.Common.Entities.AdapterFlowTests" name="GetModificationDateById_KnownEntity_ReturnsCorrectDate (Data Row 0)" />
    </UnitTest>
    <UnitTest name="GetModificationDateById_KnownEntity_ReturnsCorrectDate (Data Row 1)" storage="f:\etwork\bin\tests\sysintgtests.icore.common.entities.dll" id="9975e7db-4879-4cd1-9b33-c1b223df3d21">
      <TestCategory>
        <TestCategoryItem TestCategory="Entities" />
        <TestCategoryItem TestCategory="SystemIntegration" />
      </TestCategory>
      <Execution id="36e9d55b-067e-43ab-89dc-4006f9530be9" />
      <TestMethod codeBase="F:\ETWork\bin\Tests\SysIntgTests.iCore.Common.Entities.dll" adapterTypeName="Microsoft.VisualStudio.TestTools.TestTypes.Unit.UnitTestAdapter" className="SysIntgTests.iCore.Common.Entities.AdapterFlowTests" name="GetModificationDateById_KnownEntity_ReturnsCorrectDate (Data Row 1)" />
    </UnitTest>
    <UnitTest name="GetModificationDateById_KnownEntity_ReturnsCorrectDate (Data Row 2)" storage="f:\etwork\bin\tests\sysintgtests.icore.common.entities.dll" id="9fa1c6fe-e7b3-4d41-ada7-437809b808ad">
      <TestCategory>
        <TestCategoryItem TestCategory="Entities" />
        <TestCategoryItem TestCategory="SystemIntegration" />
      </TestCategory>
      <Execution id="5b4f1e45-87bb-477c-8b03-51122a14e88c" />
      <TestMethod codeBase="F:\ETWork\bin\Tests\SysIntgTests.iCore.Common.Entities.dll" adapterTypeName="Microsoft.VisualStudio.TestTools.TestTypes.Unit.UnitTestAdapter" className="SysIntgTests.iCore.Common.Entities.AdapterFlowTests" name="GetModificationDateById_KnownEntity_ReturnsCorrectDate (Data Row 2)" />
    </UnitTest>
    <UnitTest name="GetModificationDateById_KnownEntity_ReturnsCorrectDate (Data Row 3)" storage="f:\etwork\bin\tests\sysintgtests.icore.common.entities.dll" id="aca954e1-a47b-4c13-8429-c67988586db3">
      <TestCategory>
        <TestCategoryItem TestCategory="Entities" />
        <TestCategoryItem TestCategory="SystemIntegration" />
      </TestCategory>
      <Execution id="fac8a5b8-0bc8-4ce6-b77e-fb196eb52e1e" />
      <TestMethod codeBase="F:\ETWork\bin\Tests\SysIntgTests.iCore.Common.Entities.dll" adapterTypeName="Microsoft.VisualStudio.TestTools.TestTypes.Unit.UnitTestAdapter" className="SysIntgTests.iCore.Common.Entities.AdapterFlowTests" name="GetModificationDateById_KnownEntity_ReturnsCorrectDate (Data Row 3)" />
    </UnitTest>
    <UnitTest name="GetByName_NullName_ThrowsArgumentNullException" storage="f:\etwork\bin\tests\sysintgtests.icore.common.entities.dll" id="fd4b7d75-1f6c-89a0-f5c5-a1c7595ec723">
      <TestCategory>
        <TestCategoryItem TestCategory="Entities" />
        <TestCategoryItem TestCategory="SystemIntegration" />
      </TestCategory>
      <Execution id="561d26b2-168a-41f2-bef4-e3837d073989" />
      <TestMethod codeBase="F:\ETWork\bin\Tests\SysIntgTests.iCore.Common.Entities.dll" adapterTypeName="Microsoft.VisualStudio.TestTools.TestTypes.Unit.UnitTestAdapter" className="SysIntgTests.iCore.Common.Entities.AdapterFlowTests" name="GetByName_NullName_ThrowsArgumentNullException" />
    </UnitTest>
    <UnitTest name="GetByName_NewGuid_ThrowsEntityNotFoundException" storage="f:\etwork\bin\tests\sysintgtests.icore.common.entities.dll" id="a0b116d7-8dbb-b0de-1547-9bb5bf56e366">
      <TestCategory>
        <TestCategoryItem TestCategory="Entities" />
        <TestCategoryItem TestCategory="SystemIntegration" />
      </TestCategory>
      <Execution id="d0d1a25e-19a7-45c6-8fbb-4a6dbfb12aef" />
      <TestMethod codeBase="F:\ETWork\bin\Tests\SysIntgTests.iCore.Common.Entities.dll" adapterTypeName="Microsoft.VisualStudio.TestTools.TestTypes.Unit.UnitTestAdapter" className="SysIntgTests.iCore.Common.Entities.AdapterFlowTests" name="GetByName_NewGuid_ThrowsEntityNotFoundException" />
    </UnitTest>
    <UnitTest name="GetByName_KnownAdapterFlowId_ReturnsEntityWithCorrectProperties (Data Row 0)" storage="f:\etwork\bin\tests\sysintgtests.icore.common.entities.dll" id="414794ac-831d-4232-8524-06be43f9e323">
      <TestCategory>
        <TestCategoryItem TestCategory="Entities" />
        <TestCategoryItem TestCategory="SystemIntegration" />
      </TestCategory>
      <Execution id="8e47918c-4915-4e05-89da-3c57453b1730" />
      <TestMethod codeBase="F:\ETWork\bin\Tests\SysIntgTests.iCore.Common.Entities.dll" adapterTypeName="Microsoft.VisualStudio.TestTools.TestTypes.Unit.UnitTestAdapter" className="SysIntgTests.iCore.Common.Entities.AdapterFlowTests" name="GetByName_KnownAdapterFlowId_ReturnsEntityWithCorrectProperties (Data Row 0)" />
    </UnitTest>
    <UnitTest name="GetByName_KnownAdapterFlowId_ReturnsEntityWithCorrectProperties (Data Row 1)" storage="f:\etwork\bin\tests\sysintgtests.icore.common.entities.dll" id="698a64d5-3b47-49f4-9c80-37f65863291d">
      <TestCategory>
        <TestCategoryItem TestCategory="Entities" />
        <TestCategoryItem TestCategory="SystemIntegration" />
      </TestCategory>
      <Execution id="b6282878-4fd0-460f-85dc-c2232db2b876" />
      <TestMethod codeBase="F:\ETWork\bin\Tests\SysIntgTests.iCore.Common.Entities.dll" adapterTypeName="Microsoft.VisualStudio.TestTools.TestTypes.Unit.UnitTestAdapter" className="SysIntgTests.iCore.Common.Entities.AdapterFlowTests" name="GetByName_KnownAdapterFlowId_ReturnsEntityWithCorrectProperties (Data Row 1)" />
    </UnitTest>
    <UnitTest name="GetByName_KnownAdapterFlowId_ReturnsEntityWithCorrectProperties (Data Row 2)" storage="f:\etwork\bin\tests\sysintgtests.icore.common.entities.dll" id="0dd898ea-c38d-4c2d-9f4a-d2889f6326f4">
      <TestCategory>
        <TestCategoryItem TestCategory="Entities" />
        <TestCategoryItem TestCategory="SystemIntegration" />
      </TestCategory>
      <Execution id="5e0ad41b-ce31-4045-a9c3-acee12f3fbeb" />
      <TestMethod codeBase="F:\ETWork\bin\Tests\SysIntgTests.iCore.Common.Entities.dll" adapterTypeName="Microsoft.VisualStudio.TestTools.TestTypes.Unit.UnitTestAdapter" className="SysIntgTests.iCore.Common.Entities.AdapterFlowTests" name="GetByName_KnownAdapterFlowId_ReturnsEntityWithCorrectProperties (Data Row 2)" />
    </UnitTest>
    <UnitTest name="GetByName_KnownAdapterFlowId_ReturnsEntityWithCorrectProperties (Data Row 3)" storage="f:\etwork\bin\tests\sysintgtests.icore.common.entities.dll" id="db307bd8-fddb-46ce-8d76-9d3f8c114713">
      <TestCategory>
        <TestCategoryItem TestCategory="Entities" />
        <TestCategoryItem TestCategory="SystemIntegration" />
      </TestCategory>
      <Execution id="ace1b1b9-7e36-40cd-9639-a9b1c4a4e1ef" />
      <TestMethod codeBase="F:\ETWork\bin\Tests\SysIntgTests.iCore.Common.Entities.dll" adapterTypeName="Microsoft.VisualStudio.TestTools.TestTypes.Unit.UnitTestAdapter" className="SysIntgTests.iCore.Common.Entities.AdapterFlowTests" name="GetByName_KnownAdapterFlowId_ReturnsEntityWithCorrectProperties (Data Row 3)" />
    </UnitTest>
    <UnitTest name="GetById_NewGuid_ThrowsEntityNotFoundException" storage="f:\etwork\bin\tests\sysintgtests.icore.common.entities.dll" id="585c5cf2-70da-b278-c8e0-3a0247abce7f">
      <TestCategory>
        <TestCategoryItem TestCategory="Entities" />
        <TestCategoryItem TestCategory="SystemIntegration" />
      </TestCategory>
      <Execution id="dd28a5c4-417c-4cfd-8656-e2f79b49b00b" />
      <TestMethod codeBase="F:\ETWork\bin\Tests\SysIntgTests.iCore.Common.Entities.dll" adapterTypeName="Microsoft.VisualStudio.TestTools.TestTypes.Unit.UnitTestAdapter" className="SysIntgTests.iCore.Common.Entities.AdapterFlowTests" name="GetById_NewGuid_ThrowsEntityNotFoundException" />
    </UnitTest>
    <UnitTest name="GetById_KnownAdapterFlowId_ReturnsEntityWithCorrectProperties (Data Row 0)" storage="f:\etwork\bin\tests\sysintgtests.icore.common.entities.dll" id="37092227-fe05-4145-9ca7-502db270116a">
      <TestCategory>
        <TestCategoryItem TestCategory="Entities" />
        <TestCategoryItem TestCategory="SystemIntegration" />
      </TestCategory>
      <Execution id="a726ad7f-3e87-4302-9314-ea3e033dabb7" />
      <TestMethod codeBase="F:\ETWork\bin\Tests\SysIntgTests.iCore.Common.Entities.dll" adapterTypeName="Microsoft.VisualStudio.TestTools.TestTypes.Unit.UnitTestAdapter" className="SysIntgTests.iCore.Common.Entities.AdapterFlowTests" name="GetById_KnownAdapterFlowId_ReturnsEntityWithCorrectProperties (Data Row 0)" />
    </UnitTest>
    <UnitTest name="GetById_KnownAdapterFlowId_ReturnsEntityWithCorrectProperties (Data Row 1)" storage="f:\etwork\bin\tests\sysintgtests.icore.common.entities.dll" id="9ae8d46c-0d18-4821-8107-a9f41af3fd1d">
      <TestCategory>
        <TestCategoryItem TestCategory="Entities" />
        <TestCategoryItem TestCategory="SystemIntegration" />
      </TestCategory>
      <Execution id="873c4c2c-2c06-41e2-95d2-11b17dc38e33" />
      <TestMethod codeBase="F:\ETWork\bin\Tests\SysIntgTests.iCore.Common.Entities.dll" adapterTypeName="Microsoft.VisualStudio.TestTools.TestTypes.Unit.UnitTestAdapter" className="SysIntgTests.iCore.Common.Entities.AdapterFlowTests" name="GetById_KnownAdapterFlowId_ReturnsEntityWithCorrectProperties (Data Row 1)" />
    </UnitTest>
    <UnitTest name="GetById_KnownAdapterFlowId_ReturnsEntityWithCorrectProperties (Data Row 2)" storage="f:\etwork\bin\tests\sysintgtests.icore.common.entities.dll" id="2bd2dbd3-ea46-4635-915a-90043c45b26c">
      <TestCategory>
        <TestCategoryItem TestCategory="Entities" />
        <TestCategoryItem TestCategory="SystemIntegration" />
      </TestCategory>
      <Execution id="7027eceb-e7ba-4d82-b9af-0f58ffb034a6" />
      <TestMethod codeBase="F:\ETWork\bin\Tests\SysIntgTests.iCore.Common.Entities.dll" adapterTypeName="Microsoft.VisualStudio.TestTools.TestTypes.Unit.UnitTestAdapter" className="SysIntgTests.iCore.Common.Entities.AdapterFlowTests" name="GetById_KnownAdapterFlowId_ReturnsEntityWithCorrectProperties (Data Row 2)" />
    </UnitTest>
    <UnitTest name="GetById_KnownAdapterFlowId_ReturnsEntityWithCorrectProperties (Data Row 3)" storage="f:\etwork\bin\tests\sysintgtests.icore.common.entities.dll" id="0507aa10-b535-427a-a073-454460e8e17d">
      <TestCategory>
        <TestCategoryItem TestCategory="Entities" />
        <TestCategoryItem TestCategory="SystemIntegration" />
      </TestCategory>
      <Execution id="953c2400-6772-4a66-a036-52bd7afa2620" />
      <TestMethod codeBase="F:\ETWork\bin\Tests\SysIntgTests.iCore.Common.Entities.dll" adapterTypeName="Microsoft.VisualStudio.TestTools.TestTypes.Unit.UnitTestAdapter" className="SysIntgTests.iCore.Common.Entities.AdapterFlowTests" name="GetById_KnownAdapterFlowId_ReturnsEntityWithCorrectProperties (Data Row 3)" />
    </UnitTest>
    <UnitTest name="GetByKey_NewGuid_ThrowsEntityNotFoundException" storage="f:\etwork\bin\tests\sysintgtests.icore.common.entities.dll" id="947a0d2c-7622-d24a-2910-ddb7bfabe024">
      <TestCategory>
        <TestCategoryItem TestCategory="Entities" />
        <TestCategoryItem TestCategory="SystemIntegration" />
      </TestCategory>
      <Execution id="c4c4e6c3-bf3f-4cba-a8de-e00ee5126986" />
      <TestMethod codeBase="F:\ETWork\bin\Tests\SysIntgTests.iCore.Common.Entities.dll" adapterTypeName="Microsoft.VisualStudio.TestTools.TestTypes.Unit.UnitTestAdapter" className="SysIntgTests.iCore.Common.Entities.AdapterFlowTests" name="GetByKey_NewGuid_ThrowsEntityNotFoundException" />
    </UnitTest>
    <UnitTest name="GetByKey_KnownAdapterFlowKey_ReturnsEntityWithCorrectProperties (Data Row 0)" storage="f:\etwork\bin\tests\sysintgtests.icore.common.entities.dll" id="60dc6b92-12fc-471a-b29b-8ecec126a0e5">
      <TestCategory>
        <TestCategoryItem TestCategory="Entities" />
        <TestCategoryItem TestCategory="SystemIntegration" />
      </TestCategory>
      <Execution id="3260a1d7-0328-4394-8755-ea633d0848f8" />
      <TestMethod codeBase="F:\ETWork\bin\Tests\SysIntgTests.iCore.Common.Entities.dll" adapterTypeName="Microsoft.VisualStudio.TestTools.TestTypes.Unit.UnitTestAdapter" className="SysIntgTests.iCore.Common.Entities.AdapterFlowTests" name="GetByKey_KnownAdapterFlowKey_ReturnsEntityWithCorrectProperties (Data Row 0)" />
    </UnitTest>
    <UnitTest name="GetByKey_KnownAdapterFlowKey_ReturnsEntityWithCorrectProperties (Data Row 1)" storage="f:\etwork\bin\tests\sysintgtests.icore.common.entities.dll" id="4221e46a-7f4a-483a-9f79-4728028d9d05">
      <TestCategory>
        <TestCategoryItem TestCategory="Entities" />
        <TestCategoryItem TestCategory="SystemIntegration" />
      </TestCategory>
      <Execution id="ca069086-58b0-4562-8dbd-8e194838d5ea" />
      <TestMethod codeBase="F:\ETWork\bin\Tests\SysIntgTests.iCore.Common.Entities.dll" adapterTypeName="Microsoft.VisualStudio.TestTools.TestTypes.Unit.UnitTestAdapter" className="SysIntgTests.iCore.Common.Entities.AdapterFlowTests" name="GetByKey_KnownAdapterFlowKey_ReturnsEntityWithCorrectProperties (Data Row 1)" />
    </UnitTest>
    <UnitTest name="GetByKey_KnownAdapterFlowKey_ReturnsEntityWithCorrectProperties (Data Row 2)" storage="f:\etwork\bin\tests\sysintgtests.icore.common.entities.dll" id="8ceae8ca-3242-4c2f-bb7a-cc083f3fb819">
      <TestCategory>
        <TestCategoryItem TestCategory="Entities" />
        <TestCategoryItem TestCategory="SystemIntegration" />
      </TestCategory>
      <Execution id="ab0b61db-a554-49cb-99ac-6ab2fc9eea72" />
      <TestMethod codeBase="F:\ETWork\bin\Tests\SysIntgTests.iCore.Common.Entities.dll" adapterTypeName="Microsoft.VisualStudio.TestTools.TestTypes.Unit.UnitTestAdapter" className="SysIntgTests.iCore.Common.Entities.AdapterFlowTests" name="GetByKey_KnownAdapterFlowKey_ReturnsEntityWithCorrectProperties (Data Row 2)" />
    </UnitTest>
    <UnitTest name="GetByKey_KnownAdapterFlowKey_ReturnsEntityWithCorrectProperties (Data Row 3)" storage="f:\etwork\bin\tests\sysintgtests.icore.common.entities.dll" id="7e1ac249-b9b3-4e17-bdbd-f99746ef3f19">
      <TestCategory>
        <TestCategoryItem TestCategory="Entities" />
        <TestCategoryItem TestCategory="SystemIntegration" />
      </TestCategory>
      <Execution id="9f7a3d2c-32bd-4d54-b953-7887fd093aaa" />
      <TestMethod codeBase="F:\ETWork\bin\Tests\SysIntgTests.iCore.Common.Entities.dll" adapterTypeName="Microsoft.VisualStudio.TestTools.TestTypes.Unit.UnitTestAdapter" className="SysIntgTests.iCore.Common.Entities.AdapterFlowTests" name="GetByKey_KnownAdapterFlowKey_ReturnsEntityWithCorrectProperties (Data Row 3)" />
    </UnitTest>
    <UnitTest name="GetByKey_UnsupportedKey_ThrowsArgumentException" storage="f:\etwork\bin\tests\sysintgtests.icore.common.entities.dll" id="39114c7d-bddd-5835-eed6-cae052c8d948">
      <TestCategory>
        <TestCategoryItem TestCategory="Entities" />
        <TestCategoryItem TestCategory="SystemIntegration" />
      </TestCategory>
      <Execution id="df67217b-af5c-4fb6-a6fa-27fcaed1aefd" />
      <TestMethod codeBase="F:\ETWork\bin\Tests\SysIntgTests.iCore.Common.Entities.dll" adapterTypeName="Microsoft.VisualStudio.TestTools.TestTypes.Unit.UnitTestAdapter" className="SysIntgTests.iCore.Common.Entities.AdapterFlowTests" name="GetByKey_UnsupportedKey_ThrowsArgumentException" />
    </UnitTest>
    <UnitTest name="GetTypeById" storage="f:\etwork\bin\tests\sysintgtests.icore.common.entities.dll" id="51f478b1-4dd2-9c75-b7f3-a73b3f360a7f">
      <TestCategory>
        <TestCategoryItem TestCategory="Entities" />
        <TestCategoryItem TestCategory="SystemIntegration" />
      </TestCategory>
      <Execution id="2d1908b8-6ee1-4cb3-90b7-b36ac3f8c26b" />
      <TestMethod codeBase="F:\ETWork\bin\Tests\SysIntgTests.iCore.Common.Entities.dll" adapterTypeName="Microsoft.VisualStudio.TestTools.TestTypes.Unit.UnitTestAdapter" className="SysIntgTests.iCore.Common.Entities.AdapterFlowTests" name="GetTypeById" />
    </UnitTest>
    <UnitTest name="Delete_UnusedAdapterFlow_SuccessfullyDeletesAdapterFlow" storage="f:\etwork\bin\tests\sysintgtests.icore.common.entities.dll" id="81c7a28e-4a32-dc12-7a6c-8e3382cca8bf">
      <TestCategory>
        <TestCategoryItem TestCategory="Entities" />
        <TestCategoryItem TestCategory="SystemIntegration" />
      </TestCategory>
      <Execution id="45eea3f6-3285-42c7-80ed-6df9cd72f4c2" />
      <TestMethod codeBase="F:\ETWork\bin\Tests\SysIntgTests.iCore.Common.Entities.dll" adapterTypeName="Microsoft.VisualStudio.TestTools.TestTypes.Unit.UnitTestAdapter" className="SysIntgTests.iCore.Common.Entities.AdapterFlowTests" name="Delete_UnusedAdapterFlow_SuccessfullyDeletesAdapterFlow" />
    </UnitTest>
    <UnitTest name="Delete_NonDeletableAdapterFlow_Throws" storage="f:\etwork\bin\tests\sysintgtests.icore.common.entities.dll" id="7dc72524-3b07-2e87-5d96-19320a02979f">
      <TestCategory>
        <TestCategoryItem TestCategory="Entities" />
        <TestCategoryItem TestCategory="SystemIntegration" />
      </TestCategory>
      <Execution id="cc3e2ab1-eb7c-4106-b296-6e63287f8c4d" />
      <TestMethod codeBase="F:\ETWork\bin\Tests\SysIntgTests.iCore.Common.Entities.dll" adapterTypeName="Microsoft.VisualStudio.TestTools.TestTypes.Unit.UnitTestAdapter" className="SysIntgTests.iCore.Common.Entities.AdapterFlowTests" name="Delete_NonDeletableAdapterFlow_Throws" />
    </UnitTest>
    <UnitTest name="Delete_WithCascade_DispatchedJobExist_ThrowsEntityDependencyException" storage="f:\etwork\bin\tests\sysintgtests.icore.common.entities.dll" id="e35bfc56-95af-b816-67b2-d0fdf5165646">
      <TestCategory>
        <TestCategoryItem TestCategory="Entities" />
        <TestCategoryItem TestCategory="SystemIntegration" />
      </TestCategory>
      <Execution id="4b9d3783-db77-49e2-8c52-664b8bb263eb" />
      <TestMethod codeBase="F:\ETWork\bin\Tests\SysIntgTests.iCore.Common.Entities.dll" adapterTypeName="Microsoft.VisualStudio.TestTools.TestTypes.Unit.UnitTestAdapter" className="SysIntgTests.iCore.Common.Entities.AdapterFlowTests" name="Delete_WithCascade_DispatchedJobExist_ThrowsEntityDependencyException" />
    </UnitTest>
    <UnitTest name="Delete_WithCascade_StartPendingJobExist_ThrowsEntityDependencyException" storage="f:\etwork\bin\tests\sysintgtests.icore.common.entities.dll" id="5c6444e3-dc6f-7aca-62bc-25fe5af408ec">
      <TestCategory>
        <TestCategoryItem TestCategory="Entities" />
        <TestCategoryItem TestCategory="SystemIntegration" />
      </TestCategory>
      <Execution id="0a6050dc-70cf-4614-8004-bd63b0fb037e" />
      <TestMethod codeBase="F:\ETWork\bin\Tests\SysIntgTests.iCore.Common.Entities.dll" adapterTypeName="Microsoft.VisualStudio.TestTools.TestTypes.Unit.UnitTestAdapter" className="SysIntgTests.iCore.Common.Entities.AdapterFlowTests" name="Delete_WithCascade_StartPendingJobExist_ThrowsEntityDependencyException" />
    </UnitTest>
    <UnitTest name="Delete_WithCascade_RunningJobExist_ThrowsEntityDependencyException" storage="f:\etwork\bin\tests\sysintgtests.icore.common.entities.dll" id="b7a464aa-c3f6-17e8-b510-10403158e249">
      <TestCategory>
        <TestCategoryItem TestCategory="Entities" />
        <TestCategoryItem TestCategory="SystemIntegration" />
      </TestCategory>
      <Execution id="6120721d-1274-4fd1-9715-29e4da149ce0" />
      <TestMethod codeBase="F:\ETWork\bin\Tests\SysIntgTests.iCore.Common.Entities.dll" adapterTypeName="Microsoft.VisualStudio.TestTools.TestTypes.Unit.UnitTestAdapter" className="SysIntgTests.iCore.Common.Entities.AdapterFlowTests" name="Delete_WithCascade_RunningJobExist_ThrowsEntityDependencyException" />
    </UnitTest>
    <UnitTest name="Delete_WithCascade_FinishedJobsExist_Succeeds" storage="f:\etwork\bin\tests\sysintgtests.icore.common.entities.dll" id="a906428c-2ccb-1c1d-5cd2-f1ae0f52b996">
      <TestCategory>
        <TestCategoryItem TestCategory="Entities" />
        <TestCategoryItem TestCategory="SystemIntegration" />
      </TestCategory>
      <Execution id="06f71656-a78c-45df-a098-4c3d98e483a7" />
      <TestMethod codeBase="F:\ETWork\bin\Tests\SysIntgTests.iCore.Common.Entities.dll" adapterTypeName="Microsoft.VisualStudio.TestTools.TestTypes.Unit.UnitTestAdapter" className="SysIntgTests.iCore.Common.Entities.AdapterFlowTests" name="Delete_WithCascade_FinishedJobsExist_Succeeds" />
    </UnitTest>
    <UnitTest name="Update_NullName_ThrowsConditionalErrorException" storage="f:\etwork\bin\tests\sysintgtests.icore.common.entities.dll" id="fec0d6ea-5e29-63ee-c039-2902f10d804f">
      <TestCategory>
        <TestCategoryItem TestCategory="Entities" />
        <TestCategoryItem TestCategory="SystemIntegration" />
      </TestCategory>
      <Execution id="f3ba8b26-3be8-4ac4-8b7a-b5fefde7b7c4" />
      <TestMethod codeBase="F:\ETWork\bin\Tests\SysIntgTests.iCore.Common.Entities.dll" adapterTypeName="Microsoft.VisualStudio.TestTools.TestTypes.Unit.UnitTestAdapter" className="SysIntgTests.iCore.Common.Entities.AdapterFlowTests" name="Update_NullName_ThrowsConditionalErrorException" />
    </UnitTest>
    <UnitTest name="Update_EmtpyName_ThrowsStringLengthErrorException" storage="f:\etwork\bin\tests\sysintgtests.icore.common.entities.dll" id="6e1046c8-2264-8d5c-0690-2dca9bf67fe5">
      <TestCategory>
        <TestCategoryItem TestCategory="Entities" />
        <TestCategoryItem TestCategory="SystemIntegration" />
      </TestCategory>
      <Execution id="fade75da-38ec-4b3f-8d63-2e8edaabff72" />
      <TestMethod codeBase="F:\ETWork\bin\Tests\SysIntgTests.iCore.Common.Entities.dll" adapterTypeName="Microsoft.VisualStudio.TestTools.TestTypes.Unit.UnitTestAdapter" className="SysIntgTests.iCore.Common.Entities.AdapterFlowTests" name="Update_EmtpyName_ThrowsStringLengthErrorException" />
    </UnitTest>
    <UnitTest name="Update_WhitespaceOnlyName_ThrowsStringLengthErrorException" storage="f:\etwork\bin\tests\sysintgtests.icore.common.entities.dll" id="a893f7c4-b629-baf2-88bf-f89d996d5886">
      <TestCategory>
        <TestCategoryItem TestCategory="Entities" />
        <TestCategoryItem TestCategory="SystemIntegration" />
      </TestCategory>
      <Execution id="aadb79af-331e-45c2-b587-d849a3b0c7b5" />
      <TestMethod codeBase="F:\ETWork\bin\Tests\SysIntgTests.iCore.Common.Entities.dll" adapterTypeName="Microsoft.VisualStudio.TestTools.TestTypes.Unit.UnitTestAdapter" className="SysIntgTests.iCore.Common.Entities.AdapterFlowTests" name="Update_WhitespaceOnlyName_ThrowsStringLengthErrorException" />
    </UnitTest>
    <UnitTest name="Update_TooLongName_ThrowsStringLengthErrorException" storage="f:\etwork\bin\tests\sysintgtests.icore.common.entities.dll" id="32f91501-e6dc-a2ba-0a9e-331fb2fd9ba2">
      <TestCategory>
        <TestCategoryItem TestCategory="Entities" />
        <TestCategoryItem TestCategory="SystemIntegration" />
      </TestCategory>
      <Execution id="8b5375b5-c7ae-4f06-ae3b-25ad66341e97" />
      <TestMethod codeBase="F:\ETWork\bin\Tests\SysIntgTests.iCore.Common.Entities.dll" adapterTypeName="Microsoft.VisualStudio.TestTools.TestTypes.Unit.UnitTestAdapter" className="SysIntgTests.iCore.Common.Entities.AdapterFlowTests" name="Update_TooLongName_ThrowsStringLengthErrorException" />
    </UnitTest>
    <UnitTest name="Update_TooLongDescription_ThrowsStringLengthErrorException" storage="f:\etwork\bin\tests\sysintgtests.icore.common.entities.dll" id="356cde82-8f63-32f5-32bc-2d77417aefb1">
      <TestCategory>
        <TestCategoryItem TestCategory="Entities" />
        <TestCategoryItem TestCategory="SystemIntegration" />
      </TestCategory>
      <Execution id="520ba12f-9bbe-49de-b7ba-2a5bd9107f33" />
      <TestMethod codeBase="F:\ETWork\bin\Tests\SysIntgTests.iCore.Common.Entities.dll" adapterTypeName="Microsoft.VisualStudio.TestTools.TestTypes.Unit.UnitTestAdapter" className="SysIntgTests.iCore.Common.Entities.AdapterFlowTests" name="Update_TooLongDescription_ThrowsStringLengthErrorException" />
    </UnitTest>
    <UnitTest name="Update_DuplicateName_ThrowsUniqueValueAddConflictException" storage="f:\etwork\bin\tests\sysintgtests.icore.common.entities.dll" id="810e9767-6d81-0b80-dcd6-692afa35e0d5">
      <TestCategory>
        <TestCategoryItem TestCategory="Entities" />
        <TestCategoryItem TestCategory="SystemIntegration" />
      </TestCategory>
      <Execution id="87905be9-530f-4f97-a499-eb997f25ef79" />
      <TestMethod codeBase="F:\ETWork\bin\Tests\SysIntgTests.iCore.Common.Entities.dll" adapterTypeName="Microsoft.VisualStudio.TestTools.TestTypes.Unit.UnitTestAdapter" className="SysIntgTests.iCore.Common.Entities.AdapterFlowTests" name="Update_DuplicateName_ThrowsUniqueValueAddConflictException" />
    </UnitTest>
    <UnitTest name="Update_ComplexProperties_ArePersistedCorrectly" storage="f:\etwork\bin\tests\sysintgtests.icore.common.entities.dll" id="db48c456-1f59-4d7b-9e3f-0caaea12d1a9">
      <TestCategory>
        <TestCategoryItem TestCategory="Entities" />
        <TestCategoryItem TestCategory="SystemIntegration" />
      </TestCategory>
      <Execution id="7522b93c-d6b7-4047-bd4b-b2657532ec21" />
      <TestMethod codeBase="F:\ETWork\bin\Tests\SysIntgTests.iCore.Common.Entities.dll" adapterTypeName="Microsoft.VisualStudio.TestTools.TestTypes.Unit.UnitTestAdapter" className="SysIntgTests.iCore.Common.Entities.AdapterFlowTests" name="Update_ComplexProperties_ArePersistedCorrectly" />
    </UnitTest>
    <UnitTest name="Update_UnchangedName_Succeeds" storage="f:\etwork\bin\tests\sysintgtests.icore.common.entities.dll" id="259c6ba4-783e-5488-c90a-e1656f9645ac">
      <TestCategory>
        <TestCategoryItem TestCategory="Entities" />
        <TestCategoryItem TestCategory="SystemIntegration" />
      </TestCategory>
      <Execution id="a264f39e-00a3-4696-97ad-370618920514" />
      <TestMethod codeBase="F:\ETWork\bin\Tests\SysIntgTests.iCore.Common.Entities.dll" adapterTypeName="Microsoft.VisualStudio.TestTools.TestTypes.Unit.UnitTestAdapter" className="SysIntgTests.iCore.Common.Entities.AdapterFlowTests" name="Update_UnchangedName_Succeeds" />
    </UnitTest>
    <UnitTest name="Update_ExistingWorkflowDefinitionWithOldVersion_VersionIsUpdated" storage="f:\etwork\bin\tests\sysintgtests.icore.common.entities.dll" id="4bc3992e-81a2-5833-73da-f3e6ab47e15e">
      <TestCategory>
        <TestCategoryItem TestCategory="Entities" />
        <TestCategoryItem TestCategory="SystemIntegration" />
      </TestCategory>
      <Execution id="1ecb187f-09d0-4a8e-90c1-864d55ac2695" />
      <TestMethod codeBase="F:\ETWork\bin\Tests\SysIntgTests.iCore.Common.Entities.dll" adapterTypeName="Microsoft.VisualStudio.TestTools.TestTypes.Unit.UnitTestAdapter" className="SysIntgTests.iCore.Common.Entities.AdapterFlowTests" name="Update_ExistingWorkflowDefinitionWithOldVersion_VersionIsUpdated" />
    </UnitTest>
    <UnitTest name="Update_ExistingWorkflowDefinitionWithVersionInconsistency_ThrowsInvalidOperationException" storage="f:\etwork\bin\tests\sysintgtests.icore.common.entities.dll" id="a66484dc-a938-c35a-84d8-5ea882b67d2d">
      <TestCategory>
        <TestCategoryItem TestCategory="Entities" />
        <TestCategoryItem TestCategory="SystemIntegration" />
      </TestCategory>
      <Execution id="395524d2-408d-40ef-b537-f5711468d6e2" />
      <TestMethod codeBase="F:\ETWork\bin\Tests\SysIntgTests.iCore.Common.Entities.dll" adapterTypeName="Microsoft.VisualStudio.TestTools.TestTypes.Unit.UnitTestAdapter" className="SysIntgTests.iCore.Common.Entities.AdapterFlowTests" name="Update_ExistingWorkflowDefinitionWithVersionInconsistency_ThrowsInvalidOperationException" />
    </UnitTest>
    <UnitTest name="UpdateAndCompile_NewName_AdapterFlowCompilesAfterRename" storage="f:\etwork\bin\tests\sysintgtests.icore.common.entities.dll" id="c06afe8e-d1e1-03dc-2334-9009f4fd1fd2">
      <TestCategory>
        <TestCategoryItem TestCategory="Entities" />
        <TestCategoryItem TestCategory="SystemIntegration" />
      </TestCategory>
      <Execution id="e7e758a7-7dad-48e6-8dca-8e6819387774" />
      <TestMethod codeBase="F:\ETWork\bin\Tests\SysIntgTests.iCore.Common.Entities.dll" adapterTypeName="Microsoft.VisualStudio.TestTools.TestTypes.Unit.UnitTestAdapter" className="SysIntgTests.iCore.Common.Entities.AdapterFlowTests" name="UpdateAndCompile_NewName_AdapterFlowCompilesAfterRename" />
    </UnitTest>
    <UnitTest name="Update_UpdateModifiedDateFalse_ModifiedDateNotChanged" storage="f:\etwork\bin\tests\sysintgtests.icore.common.entities.dll" id="8a4131a7-3361-aba7-9202-12294b7edb1f">
      <TestCategory>
        <TestCategoryItem TestCategory="Entities" />
        <TestCategoryItem TestCategory="SystemIntegration" />
      </TestCategory>
      <Execution id="d69f576a-309c-4ceb-ba28-946fb0d2f2e5" />
      <TestMethod codeBase="F:\ETWork\bin\Tests\SysIntgTests.iCore.Common.Entities.dll" adapterTypeName="Microsoft.VisualStudio.TestTools.TestTypes.Unit.UnitTestAdapter" className="SysIntgTests.iCore.Common.Entities.AdapterFlowTests" name="Update_UpdateModifiedDateFalse_ModifiedDateNotChanged" />
    </UnitTest>
    <UnitTest name="Compile_CompilingAllAdapterflows_CompileSuccess" storage="f:\etwork\bin\tests\sysintgtests.icore.common.entities.dll" id="66f2e73b-16c1-e329-e455-f809ed80e00f">
      <TestCategory>
        <TestCategoryItem TestCategory="Entities" />
        <TestCategoryItem TestCategory="SystemIntegration" />
      </TestCategory>
      <Execution id="f6c198cc-ed5a-4460-b328-f09383480044" />
      <TestMethod codeBase="F:\ETWork\bin\Tests\SysIntgTests.iCore.Common.Entities.dll" adapterTypeName="Microsoft.VisualStudio.TestTools.TestTypes.Unit.UnitTestAdapter" className="SysIntgTests.iCore.Common.Entities.AdapterFlowTests" name="Compile_CompilingAllAdapterflows_CompileSuccess" />
    </UnitTest>
    <UnitTest name="UpdateCompileAndSave_AlreadyUpdatedAdapter_NoNewUpgradeHistory" storage="f:\etwork\bin\tests\sysintgtests.icore.common.entities.dll" id="8beea235-410c-a030-e0f6-1f5783a7e32d">
      <TestCategory>
        <TestCategoryItem TestCategory="Entities" />
        <TestCategoryItem TestCategory="SystemIntegration" />
      </TestCategory>
      <Execution id="355a4622-5f02-4ada-bcb4-c13ef19ce892" />
      <TestMethod codeBase="F:\ETWork\bin\Tests\SysIntgTests.iCore.Common.Entities.dll" adapterTypeName="Microsoft.VisualStudio.TestTools.TestTypes.Unit.UnitTestAdapter" className="SysIntgTests.iCore.Common.Entities.AdapterFlowTests" name="UpdateCompileAndSave_AlreadyUpdatedAdapter_NoNewUpgradeHistory" />
    </UnitTest>
    <UnitTest name="UpdateCompileAndSave_AdapterNotOfLatestVersion_UpgradeHistoryUpdated" storage="f:\etwork\bin\tests\sysintgtests.icore.common.entities.dll" id="3e764147-a4b3-0e89-b212-da650971a4b9">
      <TestCategory>
        <TestCategoryItem TestCategory="Entities" />
        <TestCategoryItem TestCategory="SystemIntegration" />
      </TestCategory>
      <Execution id="de99f949-dffa-4341-b9fa-8c8374f504b9" />
      <TestMethod codeBase="F:\ETWork\bin\Tests\SysIntgTests.iCore.Common.Entities.dll" adapterTypeName="Microsoft.VisualStudio.TestTools.TestTypes.Unit.UnitTestAdapter" className="SysIntgTests.iCore.Common.Entities.AdapterFlowTests" name="UpdateCompileAndSave_AdapterNotOfLatestVersion_UpgradeHistoryUpdated" />
    </UnitTest>
    <UnitTest name="Create_NoImplementationProvided_ArgumentNullExceptionIsThrown" storage="f:\etwork\bin\tests\sysintgtests.icore.common.entities.dll" id="b423174e-5d2e-6302-6ae6-0de2111d1f3f">
      <TestCategory>
        <TestCategoryItem TestCategory="Entities" />
        <TestCategoryItem TestCategory="SystemIntegration" />
      </TestCategory>
      <Execution id="513d1f3f-83c2-4a20-a705-2b77a8a89d2c" />
      <TestMethod codeBase="F:\ETWork\bin\Tests\SysIntgTests.iCore.Common.Entities.dll" adapterTypeName="Microsoft.VisualStudio.TestTools.TestTypes.Unit.UnitTestAdapter" className="SysIntgTests.iCore.Common.Entities.AdapterFlowTests" name="Create_NoImplementationProvided_ArgumentNullExceptionIsThrown" />
    </UnitTest>
    <UnitTest name="Create_NoEntryPointInImplementationProvided_ArgumentNullExceptionIsThrown" storage="f:\etwork\bin\tests\sysintgtests.icore.common.entities.dll" id="ce021033-b9e0-6375-4630-a4a029e0aeda">
      <TestCategory>
        <TestCategoryItem TestCategory="Entities" />
        <TestCategoryItem TestCategory="SystemIntegration" />
      </TestCategory>
      <Execution id="86091f65-5dd3-40e6-8773-a346bb363236" />
      <TestMethod codeBase="F:\ETWork\bin\Tests\SysIntgTests.iCore.Common.Entities.dll" adapterTypeName="Microsoft.VisualStudio.TestTools.TestTypes.Unit.UnitTestAdapter" className="SysIntgTests.iCore.Common.Entities.AdapterFlowTests" name="Create_NoEntryPointInImplementationProvided_ArgumentNullExceptionIsThrown" />
    </UnitTest>
    <UnitTest name="Create_NewValidAdapterFlow_UpgradeHistoryAddedWithCurrentVersion" storage="f:\etwork\bin\tests\sysintgtests.icore.common.entities.dll" id="d8373c79-8c98-597e-2100-948aea61608d">
      <TestCategory>
        <TestCategoryItem TestCategory="Entities" />
        <TestCategoryItem TestCategory="SystemIntegration" />
      </TestCategory>
      <Execution id="de1bb6b5-1722-4131-b85c-2e1560c7709f" />
      <TestMethod codeBase="F:\ETWork\bin\Tests\SysIntgTests.iCore.Common.Entities.dll" adapterTypeName="Microsoft.VisualStudio.TestTools.TestTypes.Unit.UnitTestAdapter" className="SysIntgTests.iCore.Common.Entities.AdapterFlowTests" name="Create_NewValidAdapterFlow_UpgradeHistoryAddedWithCurrentVersion" />
    </UnitTest>
    <UnitTest name="CopyFrom_ValidArgs_NewAFCreatedWithCorrectName" storage="f:\etwork\bin\tests\sysintgtests.icore.common.entities.dll" id="d815a166-daeb-c6b4-323d-80059b4b2800">
      <TestCategory>
        <TestCategoryItem TestCategory="Entities" />
        <TestCategoryItem TestCategory="SystemIntegration" />
      </TestCategory>
      <Execution id="db8fa948-0d5a-40ea-9585-935850052740" />
      <TestMethod codeBase="F:\ETWork\bin\Tests\SysIntgTests.iCore.Common.Entities.dll" adapterTypeName="Microsoft.VisualStudio.TestTools.TestTypes.Unit.UnitTestAdapter" className="SysIntgTests.iCore.Common.Entities.AdapterFlowTests" name="CopyFrom_ValidArgs_NewAFCreatedWithCorrectName" />
    </UnitTest>
    <UnitTest name="Save_UsingExistingAFName_ConflictNameExceptionThrown" storage="f:\etwork\bin\tests\sysintgtests.icore.common.entities.dll" id="5b3dcc56-f83c-e649-0762-7fd15d2cb46f">
      <TestCategory>
        <TestCategoryItem TestCategory="Entities" />
        <TestCategoryItem TestCategory="SystemIntegration" />
      </TestCategory>
      <Execution id="b6d502d3-36f0-46e7-a31a-88584ba98a7d" />
      <TestMethod codeBase="F:\ETWork\bin\Tests\SysIntgTests.iCore.Common.Entities.dll" adapterTypeName="Microsoft.VisualStudio.TestTools.TestTypes.Unit.UnitTestAdapter" className="SysIntgTests.iCore.Common.Entities.AdapterFlowTests" name="Save_UsingExistingAFName_ConflictNameExceptionThrown" />
    </UnitTest>
    <UnitTest name="CopyFrom_FromInstanceArgumentIsNull_Throws" storage="f:\etwork\bin\tests\sysintgtests.icore.common.entities.dll" id="69865308-ed60-1ac9-dcfe-5147854344d9">
      <TestCategory>
        <TestCategoryItem TestCategory="Entities" />
        <TestCategoryItem TestCategory="SystemIntegration" />
      </TestCategory>
      <Execution id="a72bf620-2c5a-493f-98f8-7a23ada75ff5" />
      <TestMethod codeBase="F:\ETWork\bin\Tests\SysIntgTests.iCore.Common.Entities.dll" adapterTypeName="Microsoft.VisualStudio.TestTools.TestTypes.Unit.UnitTestAdapter" className="SysIntgTests.iCore.Common.Entities.AdapterFlowTests" name="CopyFrom_FromInstanceArgumentIsNull_Throws" />
    </UnitTest>
    <UnitTest name="CopyFrom_OnCopyFromArgumentIsNull_Throws" storage="f:\etwork\bin\tests\sysintgtests.icore.common.entities.dll" id="71671d19-858d-f17c-4100-f03adc7c8b52">
      <TestCategory>
        <TestCategoryItem TestCategory="Entities" />
        <TestCategoryItem TestCategory="SystemIntegration" />
      </TestCategory>
      <Execution id="849a98ac-7efb-4289-8863-13ce33151504" />
      <TestMethod codeBase="F:\ETWork\bin\Tests\SysIntgTests.iCore.Common.Entities.dll" adapterTypeName="Microsoft.VisualStudio.TestTools.TestTypes.Unit.UnitTestAdapter" className="SysIntgTests.iCore.Common.Entities.AdapterFlowTests" name="CopyFrom_OnCopyFromArgumentIsNull_Throws" />
    </UnitTest>
    <UnitTest name="Import_AdapterWithOlderUpgradeHistory_HistoryIsImported" storage="f:\etwork\bin\tests\sysintgtests.icore.common.entities.dll" id="5749f5bb-e9bf-a5b1-6e2e-25a348d95963">
      <TestCategory>
        <TestCategoryItem TestCategory="Entities" />
        <TestCategoryItem TestCategory="SystemIntegration" />
      </TestCategory>
      <Execution id="dce016f6-e1c8-4353-a859-5534c7b8a985" />
      <TestMethod codeBase="F:\ETWork\bin\Tests\SysIntgTests.iCore.Common.Entities.dll" adapterTypeName="Microsoft.VisualStudio.TestTools.TestTypes.Unit.UnitTestAdapter" className="SysIntgTests.iCore.Common.Entities.AdapterFlowTests" name="Import_AdapterWithOlderUpgradeHistory_HistoryIsImported" />
    </UnitTest>
    <UnitTest name="Import_AdapterWithoutUpgradeHistory_UpdateDoesNotCrashAfterImport" storage="f:\etwork\bin\tests\sysintgtests.icore.common.entities.dll" id="a9e9fc84-5be0-9453-714b-2a3f2d021330">
      <TestCategory>
        <TestCategoryItem TestCategory="Entities" />
        <TestCategoryItem TestCategory="SystemIntegration" />
      </TestCategory>
      <Execution id="5df1b6bd-55d6-46d2-acb5-bee40b0c01ba" />
      <TestMethod codeBase="F:\ETWork\bin\Tests\SysIntgTests.iCore.Common.Entities.dll" adapterTypeName="Microsoft.VisualStudio.TestTools.TestTypes.Unit.UnitTestAdapter" className="SysIntgTests.iCore.Common.Entities.AdapterFlowTests" name="Import_AdapterWithoutUpgradeHistory_UpdateDoesNotCrashAfterImport" />
    </UnitTest>
    <UnitTest name="Import_AdapterWithoutUpgradeHistory_VersionPreserved" storage="f:\etwork\bin\tests\sysintgtests.icore.common.entities.dll" id="5aadc034-290c-68f2-4bcd-c4e53c6fc833">
      <TestCategory>
        <TestCategoryItem TestCategory="Entities" />
        <TestCategoryItem TestCategory="SystemIntegration" />
      </TestCategory>
      <Execution id="08d41664-d58f-48c9-b1a6-ca74a0c2298a" />
      <TestMethod codeBase="F:\ETWork\bin\Tests\SysIntgTests.iCore.Common.Entities.dll" adapterTypeName="Microsoft.VisualStudio.TestTools.TestTypes.Unit.UnitTestAdapter" className="SysIntgTests.iCore.Common.Entities.AdapterFlowTests" name="Import_AdapterWithoutUpgradeHistory_VersionPreserved" />
    </UnitTest>
    <UnitTest name="ExportToSerializableEntity_AdapterNotOfLatestVersion_ExportNotUpgraded" storage="f:\etwork\bin\tests\sysintgtests.icore.common.entities.dll" id="b5e676d2-c256-a97a-6f9f-768785174756">
      <TestCategory>
        <TestCategoryItem TestCategory="Entities" />
        <TestCategoryItem TestCategory="SystemIntegration" />
      </TestCategory>
      <Execution id="64434a01-32d0-40ad-be23-188af4a7a9b9" />
      <TestMethod codeBase="F:\ETWork\bin\Tests\SysIntgTests.iCore.Common.Entities.dll" adapterTypeName="Microsoft.VisualStudio.TestTools.TestTypes.Unit.UnitTestAdapter" className="SysIntgTests.iCore.Common.Entities.AdapterFlowTests" name="ExportToSerializableEntity_AdapterNotOfLatestVersion_ExportNotUpgraded" />
    </UnitTest>
    <UnitTest name="RepositoryEntityTypeId_ReturnsUser" storage="f:\etwork\bin\tests\sysintgtests.icore.common.entities.dll" id="c9b5c4bb-a31c-cd4f-375c-8e4c09bbb8c3">
      <TestCategory>
        <TestCategoryItem TestCategory="Entities" />
        <TestCategoryItem TestCategory="SystemIntegration" />
      </TestCategory>
      <Execution id="df1c0c82-e2e2-4b76-ac2f-c629105d1d27" />
      <TestMethod codeBase="F:\ETWork\bin\Tests\SysIntgTests.iCore.Common.Entities.dll" adapterTypeName="Microsoft.VisualStudio.TestTools.TestTypes.Unit.UnitTestAdapter" className="SysIntgTests.iCore.Common.Entities.UserTests" name="RepositoryEntityTypeId_ReturnsUser" />
    </UnitTest>
    <UnitTest name="RepositoryEntityType_ReturnsIUser" storage="f:\etwork\bin\tests\sysintgtests.icore.common.entities.dll" id="e88935b0-526b-ef0a-ffc0-9332e9177d2d">
      <TestCategory>
        <TestCategoryItem TestCategory="Entities" />
        <TestCategoryItem TestCategory="SystemIntegration" />
      </TestCategory>
      <Execution id="0df7dc93-e037-4be9-ac78-dc705e7b9ec7" />
      <TestMethod codeBase="F:\ETWork\bin\Tests\SysIntgTests.iCore.Common.Entities.dll" adapterTypeName="Microsoft.VisualStudio.TestTools.TestTypes.Unit.UnitTestAdapter" className="SysIntgTests.iCore.Common.Entities.UserTests" name="RepositoryEntityType_ReturnsIUser" />
    </UnitTest>
    <UnitTest name="RepositorySystemContext_MatchesActualSystemContext" storage="f:\etwork\bin\tests\sysintgtests.icore.common.entities.dll" id="e649b56c-dfbe-f2db-2726-a18bde0f390f">
      <TestCategory>
        <TestCategoryItem TestCategory="Entities" />
        <TestCategoryItem TestCategory="SystemIntegration" />
      </TestCategory>
      <Execution id="626ea927-64c8-422d-a710-bdb4b61c883e" />
      <TestMethod codeBase="F:\ETWork\bin\Tests\SysIntgTests.iCore.Common.Entities.dll" adapterTypeName="Microsoft.VisualStudio.TestTools.TestTypes.Unit.UnitTestAdapter" className="SysIntgTests.iCore.Common.Entities.UserTests" name="RepositorySystemContext_MatchesActualSystemContext" />
    </UnitTest>
    <UnitTest name="Exists_UnsupportedKey_ThrowsArgumentException" storage="f:\etwork\bin\tests\sysintgtests.icore.common.entities.dll" id="035ca042-54b9-b59c-c14e-6c8df0f217d3">
      <TestCategory>
        <TestCategoryItem TestCategory="Entities" />
        <TestCategoryItem TestCategory="SystemIntegration" />
      </TestCategory>
      <Execution id="94f058cb-7d06-4d89-9d55-7c31405c82f1" />
      <TestMethod codeBase="F:\ETWork\bin\Tests\SysIntgTests.iCore.Common.Entities.dll" adapterTypeName="Microsoft.VisualStudio.TestTools.TestTypes.Unit.UnitTestAdapter" className="SysIntgTests.iCore.Common.Entities.UserTests" name="Exists_UnsupportedKey_ThrowsArgumentException" />
    </UnitTest>
    <UnitTest name="Exists_KnownUserKey_ReturnsTrue (Data Row 0)" storage="f:\etwork\bin\tests\sysintgtests.icore.common.entities.dll" id="c4de0686-c8fe-4ac9-a5c8-b3c0efc0f5c1">
      <TestCategory>
        <TestCategoryItem TestCategory="Entities" />
        <TestCategoryItem TestCategory="SystemIntegration" />
      </TestCategory>
      <Execution id="e8beb894-ba4f-4ac1-bd9e-0e1e71c7f70c" />
      <TestMethod codeBase="F:\ETWork\bin\Tests\SysIntgTests.iCore.Common.Entities.dll" adapterTypeName="Microsoft.VisualStudio.TestTools.TestTypes.Unit.UnitTestAdapter" className="SysIntgTests.iCore.Common.Entities.UserTests" name="Exists_KnownUserKey_ReturnsTrue (Data Row 0)" />
    </UnitTest>
    <UnitTest name="Exists_KnownUserKey_ReturnsTrue (Data Row 1)" storage="f:\etwork\bin\tests\sysintgtests.icore.common.entities.dll" id="b2f90dba-ac11-4a46-8d3f-ea21de17eb44">
      <TestCategory>
        <TestCategoryItem TestCategory="Entities" />
        <TestCategoryItem TestCategory="SystemIntegration" />
      </TestCategory>
      <Execution id="6c74e345-e2e6-4af8-9202-ccffad28fd38" />
      <TestMethod codeBase="F:\ETWork\bin\Tests\SysIntgTests.iCore.Common.Entities.dll" adapterTypeName="Microsoft.VisualStudio.TestTools.TestTypes.Unit.UnitTestAdapter" className="SysIntgTests.iCore.Common.Entities.UserTests" name="Exists_KnownUserKey_ReturnsTrue (Data Row 1)" />
    </UnitTest>
    <UnitTest name="Exists_KnownUserKey_ReturnsTrue (Data Row 2)" storage="f:\etwork\bin\tests\sysintgtests.icore.common.entities.dll" id="95e575c6-716f-41d6-96ad-0dc070b3d528">
      <TestCategory>
        <TestCategoryItem TestCategory="Entities" />
        <TestCategoryItem TestCategory="SystemIntegration" />
      </TestCategory>
      <Execution id="83e76aa3-0d53-415f-b0fc-9188b07f45a6" />
      <TestMethod codeBase="F:\ETWork\bin\Tests\SysIntgTests.iCore.Common.Entities.dll" adapterTypeName="Microsoft.VisualStudio.TestTools.TestTypes.Unit.UnitTestAdapter" className="SysIntgTests.iCore.Common.Entities.UserTests" name="Exists_KnownUserKey_ReturnsTrue (Data Row 2)" />
    </UnitTest>
    <UnitTest name="Exists_KnownUserKey_ReturnsTrue (Data Row 3)" storage="f:\etwork\bin\tests\sysintgtests.icore.common.entities.dll" id="07c74301-e3c6-494c-880f-41bc9a18300c">
      <TestCategory>
        <TestCategoryItem TestCategory="Entities" />
        <TestCategoryItem TestCategory="SystemIntegration" />
      </TestCategory>
      <Execution id="371d69af-de0a-4424-bd6f-b4a76b86c8e3" />
      <TestMethod codeBase="F:\ETWork\bin\Tests\SysIntgTests.iCore.Common.Entities.dll" adapterTypeName="Microsoft.VisualStudio.TestTools.TestTypes.Unit.UnitTestAdapter" className="SysIntgTests.iCore.Common.Entities.UserTests" name="Exists_KnownUserKey_ReturnsTrue (Data Row 3)" />
    </UnitTest>
    <UnitTest name="Exists_NonExistingUserKey_ReturnsFalse" storage="f:\etwork\bin\tests\sysintgtests.icore.common.entities.dll" id="3801c0a4-9e71-0dac-f233-9a179945f360">
      <TestCategory>
        <TestCategoryItem TestCategory="Entities" />
        <TestCategoryItem TestCategory="SystemIntegration" />
      </TestCategory>
      <Execution id="0c55b39e-f3e8-4a6b-87b8-68f46f29982d" />
      <TestMethod codeBase="F:\ETWork\bin\Tests\SysIntgTests.iCore.Common.Entities.dll" adapterTypeName="Microsoft.VisualStudio.TestTools.TestTypes.Unit.UnitTestAdapter" className="SysIntgTests.iCore.Common.Entities.UserTests" name="Exists_NonExistingUserKey_ReturnsFalse" />
    </UnitTest>
    <UnitTest name="Exists_NonExistingUserId_ReturnsFalse" storage="f:\etwork\bin\tests\sysintgtests.icore.common.entities.dll" id="aec9fe9d-18ee-6474-e1a0-d0fbdecb2ede">
      <TestCategory>
        <TestCategoryItem TestCategory="Entities" />
        <TestCategoryItem TestCategory="SystemIntegration" />
      </TestCategory>
      <Execution id="0633b38b-86b7-4fbf-8959-1bb1557198ae" />
      <TestMethod codeBase="F:\ETWork\bin\Tests\SysIntgTests.iCore.Common.Entities.dll" adapterTypeName="Microsoft.VisualStudio.TestTools.TestTypes.Unit.UnitTestAdapter" className="SysIntgTests.iCore.Common.Entities.UserTests" name="Exists_NonExistingUserId_ReturnsFalse" />
    </UnitTest>
    <UnitTest name="Exists_KnownUserId_ReturnsTrue (Data Row 0)" storage="f:\etwork\bin\tests\sysintgtests.icore.common.entities.dll" id="2264d8af-c0be-444b-9fd0-c49463d9aaf5">
      <TestCategory>
        <TestCategoryItem TestCategory="Entities" />
        <TestCategoryItem TestCategory="SystemIntegration" />
      </TestCategory>
      <Execution id="de592a3d-1a34-41c7-aa81-834cb3d31c0a" />
      <TestMethod codeBase="F:\ETWork\bin\Tests\SysIntgTests.iCore.Common.Entities.dll" adapterTypeName="Microsoft.VisualStudio.TestTools.TestTypes.Unit.UnitTestAdapter" className="SysIntgTests.iCore.Common.Entities.UserTests" name="Exists_KnownUserId_ReturnsTrue (Data Row 0)" />
    </UnitTest>
    <UnitTest name="Exists_KnownUserId_ReturnsTrue (Data Row 1)" storage="f:\etwork\bin\tests\sysintgtests.icore.common.entities.dll" id="e74ad646-4616-4a8a-8406-ceae50a5c0e2">
      <TestCategory>
        <TestCategoryItem TestCategory="Entities" />
        <TestCategoryItem TestCategory="SystemIntegration" />
      </TestCategory>
      <Execution id="3fd15dce-b2a0-411b-86c9-1b621ff008ea" />
      <TestMethod codeBase="F:\ETWork\bin\Tests\SysIntgTests.iCore.Common.Entities.dll" adapterTypeName="Microsoft.VisualStudio.TestTools.TestTypes.Unit.UnitTestAdapter" className="SysIntgTests.iCore.Common.Entities.UserTests" name="Exists_KnownUserId_ReturnsTrue (Data Row 1)" />
    </UnitTest>
    <UnitTest name="Exists_KnownUserId_ReturnsTrue (Data Row 2)" storage="f:\etwork\bin\tests\sysintgtests.icore.common.entities.dll" id="daeed501-2346-4fdb-9a62-270b47facd41">
      <TestCategory>
        <TestCategoryItem TestCategory="Entities" />
        <TestCategoryItem TestCategory="SystemIntegration" />
      </TestCategory>
      <Execution id="4663dc4c-d762-43e0-a3c7-bbf3b6ebf3e5" />
      <TestMethod codeBase="F:\ETWork\bin\Tests\SysIntgTests.iCore.Common.Entities.dll" adapterTypeName="Microsoft.VisualStudio.TestTools.TestTypes.Unit.UnitTestAdapter" className="SysIntgTests.iCore.Common.Entities.UserTests" name="Exists_KnownUserId_ReturnsTrue (Data Row 2)" />
    </UnitTest>
    <UnitTest name="Exists_KnownUserId_ReturnsTrue (Data Row 3)" storage="f:\etwork\bin\tests\sysintgtests.icore.common.entities.dll" id="41043682-1158-4449-a4e9-9b0e31bc4919">
      <TestCategory>
        <TestCategoryItem TestCategory="Entities" />
        <TestCategoryItem TestCategory="SystemIntegration" />
      </TestCategory>
      <Execution id="56388a05-1472-43c4-a5c5-1bd6c73f2cd7" />
      <TestMethod codeBase="F:\ETWork\bin\Tests\SysIntgTests.iCore.Common.Entities.dll" adapterTypeName="Microsoft.VisualStudio.TestTools.TestTypes.Unit.UnitTestAdapter" className="SysIntgTests.iCore.Common.Entities.UserTests" name="Exists_KnownUserId_ReturnsTrue (Data Row 3)" />
    </UnitTest>
    <UnitTest name="CreateInstance_CreatesNewUser" storage="f:\etwork\bin\tests\sysintgtests.icore.common.entities.dll" id="3ab04ed2-ad12-651e-1f0e-d3ef35aadbe0">
      <Execution id="4a0c7246-cd56-49e0-8267-48840d85a959" />
      <TestMethod codeBase="F:\ETWork\bin\Tests\SysIntgTests.iCore.Common.Entities.dll" adapterTypeName="Microsoft.VisualStudio.TestTools.TestTypes.Unit.UnitTestAdapter" className="SysIntgTests.iCore.Common.Entities.UserTests" name="CreateInstance_CreatesNewUser" />
    </UnitTest>
    <UnitTest name="List_ContainsEachNonSystemInternalKnownUserOnce (Data Row 0)" storage="f:\etwork\bin\tests\sysintgtests.icore.common.entities.dll" id="d7816fea-25db-4eff-86c5-00527002a2aa">
      <TestCategory>
        <TestCategoryItem TestCategory="Entities" />
        <TestCategoryItem TestCategory="SystemIntegration" />
      </TestCategory>
      <Execution id="789cdc32-2927-4878-aae1-3f8e75846c00" />
      <TestMethod codeBase="F:\ETWork\bin\Tests\SysIntgTests.iCore.Common.Entities.dll" adapterTypeName="Microsoft.VisualStudio.TestTools.TestTypes.Unit.UnitTestAdapter" className="SysIntgTests.iCore.Common.Entities.UserTests" name="List_ContainsEachNonSystemInternalKnownUserOnce (Data Row 0)" />
    </UnitTest>
    <UnitTest name="List_ContainsEachNonSystemInternalKnownUserOnce (Data Row 1)" storage="f:\etwork\bin\tests\sysintgtests.icore.common.entities.dll" id="6ed38a90-312e-43b3-9a09-83d4dbb8eade">
      <TestCategory>
        <TestCategoryItem TestCategory="Entities" />
        <TestCategoryItem TestCategory="SystemIntegration" />
      </TestCategory>
      <Execution id="1572007b-143a-4145-9579-ee2bb84c2d11" />
      <TestMethod codeBase="F:\ETWork\bin\Tests\SysIntgTests.iCore.Common.Entities.dll" adapterTypeName="Microsoft.VisualStudio.TestTools.TestTypes.Unit.UnitTestAdapter" className="SysIntgTests.iCore.Common.Entities.UserTests" name="List_ContainsEachNonSystemInternalKnownUserOnce (Data Row 1)" />
    </UnitTest>
    <UnitTest name="List_ContainsEachNonSystemInternalKnownUserOnce (Data Row 2)" storage="f:\etwork\bin\tests\sysintgtests.icore.common.entities.dll" id="ddd0951b-2ad0-4dc4-9ded-cef973c676cb">
      <TestCategory>
        <TestCategoryItem TestCategory="Entities" />
        <TestCategoryItem TestCategory="SystemIntegration" />
      </TestCategory>
      <Execution id="3899e2b2-e2e4-4cb2-af35-66d7357a9b5e" />
      <TestMethod codeBase="F:\ETWork\bin\Tests\SysIntgTests.iCore.Common.Entities.dll" adapterTypeName="Microsoft.VisualStudio.TestTools.TestTypes.Unit.UnitTestAdapter" className="SysIntgTests.iCore.Common.Entities.UserTests" name="List_ContainsEachNonSystemInternalKnownUserOnce (Data Row 2)" />
    </UnitTest>
    <UnitTest name="List_ContainsEachNonSystemInternalKnownUserOnce (Data Row 3)" storage="f:\etwork\bin\tests\sysintgtests.icore.common.entities.dll" id="a0c4de45-f067-48d6-b2a9-947ea51b8c0d">
      <TestCategory>
        <TestCategoryItem TestCategory="Entities" />
        <TestCategoryItem TestCategory="SystemIntegration" />
      </TestCategory>
      <Execution id="8f9afc86-abb6-4270-a4da-49cd18dba109" />
      <TestMethod codeBase="F:\ETWork\bin\Tests\SysIntgTests.iCore.Common.Entities.dll" adapterTypeName="Microsoft.VisualStudio.TestTools.TestTypes.Unit.UnitTestAdapter" className="SysIntgTests.iCore.Common.Entities.UserTests" name="List_ContainsEachNonSystemInternalKnownUserOnce (Data Row 3)" />
    </UnitTest>
    <UnitTest name="List_ShouldSetSystemContextCorrectly" storage="f:\etwork\bin\tests\sysintgtests.icore.common.entities.dll" id="f998b007-6bac-b04c-0f04-05456248889c">
      <TestCategory>
        <TestCategoryItem TestCategory="Entities" />
        <TestCategoryItem TestCategory="SystemIntegration" />
      </TestCategory>
      <Execution id="1a477370-1411-419a-860a-0d04f560e015" />
      <TestMethod codeBase="F:\ETWork\bin\Tests\SysIntgTests.iCore.Common.Entities.dll" adapterTypeName="Microsoft.VisualStudio.TestTools.TestTypes.Unit.UnitTestAdapter" className="SysIntgTests.iCore.Common.Entities.UserTests" name="List_ShouldSetSystemContextCorrectly" />
    </UnitTest>
    <UnitTest name="GetByKey_NonExistingId_ThrowsEntityNotFoundException" storage="f:\etwork\bin\tests\sysintgtests.icore.common.entities.dll" id="1e6aeb84-a926-f1bc-fc05-21d4204e5dcd">
      <TestCategory>
        <TestCategoryItem TestCategory="Entities" />
        <TestCategoryItem TestCategory="SystemIntegration" />
      </TestCategory>
      <Execution id="1edb7eb6-bbb5-4e05-849a-f93526c0b1e9" />
      <TestMethod codeBase="F:\ETWork\bin\Tests\SysIntgTests.iCore.Common.Entities.dll" adapterTypeName="Microsoft.VisualStudio.TestTools.TestTypes.Unit.UnitTestAdapter" className="SysIntgTests.iCore.Common.Entities.UserTests" name="GetByKey_NonExistingId_ThrowsEntityNotFoundException" />
    </UnitTest>
    <UnitTest name="GetByKey_KnownUserKey_ReturnsEntityWithCorrectProperties (Data Row 0)" storage="f:\etwork\bin\tests\sysintgtests.icore.common.entities.dll" id="926dbb6c-4d1d-47f7-91c3-63b917e81ef0">
      <TestCategory>
        <TestCategoryItem TestCategory="Entities" />
        <TestCategoryItem TestCategory="SystemIntegration" />
      </TestCategory>
      <Execution id="561b84d8-d037-4388-9128-720c38a136f7" />
      <TestMethod codeBase="F:\ETWork\bin\Tests\SysIntgTests.iCore.Common.Entities.dll" adapterTypeName="Microsoft.VisualStudio.TestTools.TestTypes.Unit.UnitTestAdapter" className="SysIntgTests.iCore.Common.Entities.UserTests" name="GetByKey_KnownUserKey_ReturnsEntityWithCorrectProperties (Data Row 0)" />
    </UnitTest>
    <UnitTest name="GetByKey_KnownUserKey_ReturnsEntityWithCorrectProperties (Data Row 1)" storage="f:\etwork\bin\tests\sysintgtests.icore.common.entities.dll" id="e3a8198b-d2cd-481b-a5c6-f9907a8f8360">
      <TestCategory>
        <TestCategoryItem TestCategory="Entities" />
        <TestCategoryItem TestCategory="SystemIntegration" />
      </TestCategory>
      <Execution id="0fc5eec5-23d9-407c-9dcf-8ef7c751c784" />
      <TestMethod codeBase="F:\ETWork\bin\Tests\SysIntgTests.iCore.Common.Entities.dll" adapterTypeName="Microsoft.VisualStudio.TestTools.TestTypes.Unit.UnitTestAdapter" className="SysIntgTests.iCore.Common.Entities.UserTests" name="GetByKey_KnownUserKey_ReturnsEntityWithCorrectProperties (Data Row 1)" />
    </UnitTest>
    <UnitTest name="GetByKey_KnownUserKey_ReturnsEntityWithCorrectProperties (Data Row 2)" storage="f:\etwork\bin\tests\sysintgtests.icore.common.entities.dll" id="b7d45e46-e635-4e6b-b0ce-2976d23ba824">
      <TestCategory>
        <TestCategoryItem TestCategory="Entities" />
        <TestCategoryItem TestCategory="SystemIntegration" />
      </TestCategory>
      <Execution id="88368139-c0f7-4331-ad9b-9561bf84202f" />
      <TestMethod codeBase="F:\ETWork\bin\Tests\SysIntgTests.iCore.Common.Entities.dll" adapterTypeName="Microsoft.VisualStudio.TestTools.TestTypes.Unit.UnitTestAdapter" className="SysIntgTests.iCore.Common.Entities.UserTests" name="GetByKey_KnownUserKey_ReturnsEntityWithCorrectProperties (Data Row 2)" />
    </UnitTest>
    <UnitTest name="GetByKey_KnownUserKey_ReturnsEntityWithCorrectProperties (Data Row 3)" storage="f:\etwork\bin\tests\sysintgtests.icore.common.entities.dll" id="60d0dc01-d368-4b48-aa67-26b25e62914b">
      <TestCategory>
        <TestCategoryItem TestCategory="Entities" />
        <TestCategoryItem TestCategory="SystemIntegration" />
      </TestCategory>
      <Execution id="81f2cb2c-2048-4495-872b-3c6d080a964f" />
      <TestMethod codeBase="F:\ETWork\bin\Tests\SysIntgTests.iCore.Common.Entities.dll" adapterTypeName="Microsoft.VisualStudio.TestTools.TestTypes.Unit.UnitTestAdapter" className="SysIntgTests.iCore.Common.Entities.UserTests" name="GetByKey_KnownUserKey_ReturnsEntityWithCorrectProperties (Data Row 3)" />
    </UnitTest>
    <UnitTest name="GetByKey_UnsupportedKey_ThrowsArgumentException" storage="f:\etwork\bin\tests\sysintgtests.icore.common.entities.dll" id="3da63d51-8fdd-6261-edd6-f5d136d744cd">
      <TestCategory>
        <TestCategoryItem TestCategory="Entities" />
        <TestCategoryItem TestCategory="SystemIntegration" />
      </TestCategory>
      <Execution id="623cd6cb-1d72-4d98-b577-4869a28b141c" />
      <TestMethod codeBase="F:\ETWork\bin\Tests\SysIntgTests.iCore.Common.Entities.dll" adapterTypeName="Microsoft.VisualStudio.TestTools.TestTypes.Unit.UnitTestAdapter" className="SysIntgTests.iCore.Common.Entities.UserTests" name="GetByKey_UnsupportedKey_ThrowsArgumentException" />
    </UnitTest>
    <UnitTest name="GetById_NewGuid_ThrowsEntityNotFoundException" storage="f:\etwork\bin\tests\sysintgtests.icore.common.entities.dll" id="b777347d-ed09-04b4-5bfa-15a03c91716c">
      <TestCategory>
        <TestCategoryItem TestCategory="Entities" />
        <TestCategoryItem TestCategory="SystemIntegration" />
      </TestCategory>
      <Execution id="724d58c0-2562-4358-add6-56c81cffcd35" />
      <TestMethod codeBase="F:\ETWork\bin\Tests\SysIntgTests.iCore.Common.Entities.dll" adapterTypeName="Microsoft.VisualStudio.TestTools.TestTypes.Unit.UnitTestAdapter" className="SysIntgTests.iCore.Common.Entities.UserTests" name="GetById_NewGuid_ThrowsEntityNotFoundException" />
    </UnitTest>
    <UnitTest name="GetById_KnownUserId_ReturnsEntityWithCorrectProperties (Data Row 0)" storage="f:\etwork\bin\tests\sysintgtests.icore.common.entities.dll" id="bd4882f9-77d8-4633-9297-3dc8fbcb107e">
      <TestCategory>
        <TestCategoryItem TestCategory="Entities" />
        <TestCategoryItem TestCategory="SystemIntegration" />
      </TestCategory>
      <Execution id="47568bdd-8cc2-44ea-8cda-82361a6ae9eb" />
      <TestMethod codeBase="F:\ETWork\bin\Tests\SysIntgTests.iCore.Common.Entities.dll" adapterTypeName="Microsoft.VisualStudio.TestTools.TestTypes.Unit.UnitTestAdapter" className="SysIntgTests.iCore.Common.Entities.UserTests" name="GetById_KnownUserId_ReturnsEntityWithCorrectProperties (Data Row 0)" />
    </UnitTest>
    <UnitTest name="GetById_KnownUserId_ReturnsEntityWithCorrectProperties (Data Row 1)" storage="f:\etwork\bin\tests\sysintgtests.icore.common.entities.dll" id="2747a5ec-badd-4071-8701-a53648011c8b">
      <TestCategory>
        <TestCategoryItem TestCategory="Entities" />
        <TestCategoryItem TestCategory="SystemIntegration" />
      </TestCategory>
      <Execution id="24d9893d-23ee-476f-a58a-f46fa6f46c14" />
      <TestMethod codeBase="F:\ETWork\bin\Tests\SysIntgTests.iCore.Common.Entities.dll" adapterTypeName="Microsoft.VisualStudio.TestTools.TestTypes.Unit.UnitTestAdapter" className="SysIntgTests.iCore.Common.Entities.UserTests" name="GetById_KnownUserId_ReturnsEntityWithCorrectProperties (Data Row 1)" />
    </UnitTest>
    <UnitTest name="GetById_KnownUserId_ReturnsEntityWithCorrectProperties (Data Row 2)" storage="f:\etwork\bin\tests\sysintgtests.icore.common.entities.dll" id="02d976ab-181d-4dc5-ab2c-7f73a5b3866a">
      <TestCategory>
        <TestCategoryItem TestCategory="Entities" />
        <TestCategoryItem TestCategory="SystemIntegration" />
      </TestCategory>
      <Execution id="27867a86-57d8-4160-ac2f-d300dc8cd6d3" />
      <TestMethod codeBase="F:\ETWork\bin\Tests\SysIntgTests.iCore.Common.Entities.dll" adapterTypeName="Microsoft.VisualStudio.TestTools.TestTypes.Unit.UnitTestAdapter" className="SysIntgTests.iCore.Common.Entities.UserTests" name="GetById_KnownUserId_ReturnsEntityWithCorrectProperties (Data Row 2)" />
    </UnitTest>
    <UnitTest name="GetById_KnownUserId_ReturnsEntityWithCorrectProperties (Data Row 3)" storage="f:\etwork\bin\tests\sysintgtests.icore.common.entities.dll" id="cdae1358-f038-4b6c-a033-2d752e26bbe1">
      <TestCategory>
        <TestCategoryItem TestCategory="Entities" />
        <TestCategoryItem TestCategory="SystemIntegration" />
      </TestCategory>
      <Execution id="c5997532-0792-4439-8887-03a7ffca44d5" />
      <TestMethod codeBase="F:\ETWork\bin\Tests\SysIntgTests.iCore.Common.Entities.dll" adapterTypeName="Microsoft.VisualStudio.TestTools.TestTypes.Unit.UnitTestAdapter" className="SysIntgTests.iCore.Common.Entities.UserTests" name="GetById_KnownUserId_ReturnsEntityWithCorrectProperties (Data Row 3)" />
    </UnitTest>
    <UnitTest name="TryGetById_NonExistingId_ReturnsNull" storage="f:\etwork\bin\tests\sysintgtests.icore.common.entities.dll" id="956d19f8-03b5-074e-098a-439f2e9738e3">
      <TestCategory>
        <TestCategoryItem TestCategory="Entities" />
        <TestCategoryItem TestCategory="SystemIntegration" />
      </TestCategory>
      <Execution id="6d9779b8-ed55-45df-82ed-520bbd455746" />
      <TestMethod codeBase="F:\ETWork\bin\Tests\SysIntgTests.iCore.Common.Entities.dll" adapterTypeName="Microsoft.VisualStudio.TestTools.TestTypes.Unit.UnitTestAdapter" className="SysIntgTests.iCore.Common.Entities.UserTests" name="TryGetById_NonExistingId_ReturnsNull" />
    </UnitTest>
    <UnitTest name="TryGetById_KnownUserId_ReturnsEntityWithCorrectProperties (Data Row 0)" storage="f:\etwork\bin\tests\sysintgtests.icore.common.entities.dll" id="6b7b12c6-d62a-4f1d-8cd9-95d7d8849619">
      <TestCategory>
        <TestCategoryItem TestCategory="Entities" />
        <TestCategoryItem TestCategory="SystemIntegration" />
      </TestCategory>
      <Execution id="f8ca49a0-e91f-4606-a713-6a8aca6a3418" />
      <TestMethod codeBase="F:\ETWork\bin\Tests\SysIntgTests.iCore.Common.Entities.dll" adapterTypeName="Microsoft.VisualStudio.TestTools.TestTypes.Unit.UnitTestAdapter" className="SysIntgTests.iCore.Common.Entities.UserTests" name="TryGetById_KnownUserId_ReturnsEntityWithCorrectProperties (Data Row 0)" />
    </UnitTest>
    <UnitTest name="TryGetById_KnownUserId_ReturnsEntityWithCorrectProperties (Data Row 1)" storage="f:\etwork\bin\tests\sysintgtests.icore.common.entities.dll" id="8d046a5c-9751-4648-9524-f0cb53e2b2e0">
      <TestCategory>
        <TestCategoryItem TestCategory="Entities" />
        <TestCategoryItem TestCategory="SystemIntegration" />
      </TestCategory>
      <Execution id="f01fa309-1dfe-4fb7-8c2f-39183ef4a06b" />
      <TestMethod codeBase="F:\ETWork\bin\Tests\SysIntgTests.iCore.Common.Entities.dll" adapterTypeName="Microsoft.VisualStudio.TestTools.TestTypes.Unit.UnitTestAdapter" className="SysIntgTests.iCore.Common.Entities.UserTests" name="TryGetById_KnownUserId_ReturnsEntityWithCorrectProperties (Data Row 1)" />
    </UnitTest>
    <UnitTest name="TryGetById_KnownUserId_ReturnsEntityWithCorrectProperties (Data Row 2)" storage="f:\etwork\bin\tests\sysintgtests.icore.common.entities.dll" id="ebe7d15f-efa7-4efb-b0c4-641e701bdb4a">
      <TestCategory>
        <TestCategoryItem TestCategory="Entities" />
        <TestCategoryItem TestCategory="SystemIntegration" />
      </TestCategory>
      <Execution id="da42263b-edc5-49ff-96fe-9a8e64d4d68c" />
      <TestMethod codeBase="F:\ETWork\bin\Tests\SysIntgTests.iCore.Common.Entities.dll" adapterTypeName="Microsoft.VisualStudio.TestTools.TestTypes.Unit.UnitTestAdapter" className="SysIntgTests.iCore.Common.Entities.UserTests" name="TryGetById_KnownUserId_ReturnsEntityWithCorrectProperties (Data Row 2)" />
    </UnitTest>
    <UnitTest name="TryGetById_KnownUserId_ReturnsEntityWithCorrectProperties (Data Row 3)" storage="f:\etwork\bin\tests\sysintgtests.icore.common.entities.dll" id="aad57bfe-eaaf-4974-8568-e6eccfc79b67">
      <TestCategory>
        <TestCategoryItem TestCategory="Entities" />
        <TestCategoryItem TestCategory="SystemIntegration" />
      </TestCategory>
      <Execution id="9aeb0ebc-b819-4953-9df6-5b6069ef1fce" />
      <TestMethod codeBase="F:\ETWork\bin\Tests\SysIntgTests.iCore.Common.Entities.dll" adapterTypeName="Microsoft.VisualStudio.TestTools.TestTypes.Unit.UnitTestAdapter" className="SysIntgTests.iCore.Common.Entities.UserTests" name="TryGetById_KnownUserId_ReturnsEntityWithCorrectProperties (Data Row 3)" />
    </UnitTest>
    <UnitTest name="GetNameById_NonExistingId_ThrowsEntityNotFoundException" storage="f:\etwork\bin\tests\sysintgtests.icore.common.entities.dll" id="58eb0162-8eb8-26e6-d4fd-dae284fa38f1">
      <TestCategory>
        <TestCategoryItem TestCategory="Entities" />
        <TestCategoryItem TestCategory="SystemIntegration" />
      </TestCategory>
      <Execution id="2f73b528-6a15-47b7-af2c-d4e09e56ca4b" />
      <TestMethod codeBase="F:\ETWork\bin\Tests\SysIntgTests.iCore.Common.Entities.dll" adapterTypeName="Microsoft.VisualStudio.TestTools.TestTypes.Unit.UnitTestAdapter" className="SysIntgTests.iCore.Common.Entities.UserTests" name="GetNameById_NonExistingId_ThrowsEntityNotFoundException" />
    </UnitTest>
    <UnitTest name="GetNameById_KnownUserId_ReturnsCorrectName (Data Row 0)" storage="f:\etwork\bin\tests\sysintgtests.icore.common.entities.dll" id="f9dd56ce-04f2-44de-844a-dc06c31df29a">
      <TestCategory>
        <TestCategoryItem TestCategory="Entities" />
        <TestCategoryItem TestCategory="SystemIntegration" />
      </TestCategory>
      <Execution id="1b75fb5e-21f7-4c8f-a285-850bcd238a40" />
      <TestMethod codeBase="F:\ETWork\bin\Tests\SysIntgTests.iCore.Common.Entities.dll" adapterTypeName="Microsoft.VisualStudio.TestTools.TestTypes.Unit.UnitTestAdapter" className="SysIntgTests.iCore.Common.Entities.UserTests" name="GetNameById_KnownUserId_ReturnsCorrectName (Data Row 0)" />
    </UnitTest>
    <UnitTest name="GetNameById_KnownUserId_ReturnsCorrectName (Data Row 1)" storage="f:\etwork\bin\tests\sysintgtests.icore.common.entities.dll" id="b894a9cb-73a0-4e55-8247-dbeda47a9f67">
      <TestCategory>
        <TestCategoryItem TestCategory="Entities" />
        <TestCategoryItem TestCategory="SystemIntegration" />
      </TestCategory>
      <Execution id="92abea61-55d6-4abb-8461-5ef09883ce00" />
      <TestMethod codeBase="F:\ETWork\bin\Tests\SysIntgTests.iCore.Common.Entities.dll" adapterTypeName="Microsoft.VisualStudio.TestTools.TestTypes.Unit.UnitTestAdapter" className="SysIntgTests.iCore.Common.Entities.UserTests" name="GetNameById_KnownUserId_ReturnsCorrectName (Data Row 1)" />
    </UnitTest>
    <UnitTest name="GetNameById_KnownUserId_ReturnsCorrectName (Data Row 2)" storage="f:\etwork\bin\tests\sysintgtests.icore.common.entities.dll" id="21d41f09-3cd6-4859-b6f8-863091e07c12">
      <TestCategory>
        <TestCategoryItem TestCategory="Entities" />
        <TestCategoryItem TestCategory="SystemIntegration" />
      </TestCategory>
      <Execution id="2cbbbed8-365e-4478-8945-d9ff7855fcdd" />
      <TestMethod codeBase="F:\ETWork\bin\Tests\SysIntgTests.iCore.Common.Entities.dll" adapterTypeName="Microsoft.VisualStudio.TestTools.TestTypes.Unit.UnitTestAdapter" className="SysIntgTests.iCore.Common.Entities.UserTests" name="GetNameById_KnownUserId_ReturnsCorrectName (Data Row 2)" />
    </UnitTest>
    <UnitTest name="GetNameById_KnownUserId_ReturnsCorrectName (Data Row 3)" storage="f:\etwork\bin\tests\sysintgtests.icore.common.entities.dll" id="607b6c91-48b1-4085-ab9b-3cc7ad1f0ce7">
      <TestCategory>
        <TestCategoryItem TestCategory="Entities" />
        <TestCategoryItem TestCategory="SystemIntegration" />
      </TestCategory>
      <Execution id="647c6a67-4311-46ac-ab94-41c010189600" />
      <TestMethod codeBase="F:\ETWork\bin\Tests\SysIntgTests.iCore.Common.Entities.dll" adapterTypeName="Microsoft.VisualStudio.TestTools.TestTypes.Unit.UnitTestAdapter" className="SysIntgTests.iCore.Common.Entities.UserTests" name="GetNameById_KnownUserId_ReturnsCorrectName (Data Row 3)" />
    </UnitTest>
    <UnitTest name="Delete_ExistingDeletableUser_SuccessfullyDeletesUser" storage="f:\etwork\bin\tests\sysintgtests.icore.common.entities.dll" id="f95eb715-05de-8daa-1ae0-e9d971bc83ad">
      <TestCategory>
        <TestCategoryItem TestCategory="Entities" />
        <TestCategoryItem TestCategory="SystemIntegration" />
      </TestCategory>
      <Execution id="198797da-f169-45ec-b6fa-09b10ccf9987" />
      <TestMethod codeBase="F:\ETWork\bin\Tests\SysIntgTests.iCore.Common.Entities.dll" adapterTypeName="Microsoft.VisualStudio.TestTools.TestTypes.Unit.UnitTestAdapter" className="SysIntgTests.iCore.Common.Entities.UserTests" name="Delete_ExistingDeletableUser_SuccessfullyDeletesUser" />
    </UnitTest>
    <UnitTest name="Delete_AsIEntity_SuccessfullyDeletesUser" storage="f:\etwork\bin\tests\sysintgtests.icore.common.entities.dll" id="42ca477e-b7f3-c442-13bf-0045aacfa0b8">
      <TestCategory>
        <TestCategoryItem TestCategory="Entities" />
        <TestCategoryItem TestCategory="SystemIntegration" />
      </TestCategory>
      <Execution id="3e0eea41-d56c-40e0-9c77-8c73095c3e33" />
      <TestMethod codeBase="F:\ETWork\bin\Tests\SysIntgTests.iCore.Common.Entities.dll" adapterTypeName="Microsoft.VisualStudio.TestTools.TestTypes.Unit.UnitTestAdapter" className="SysIntgTests.iCore.Common.Entities.UserTests" name="Delete_AsIEntity_SuccessfullyDeletesUser" />
    </UnitTest>
    <UnitTest name="Delete_NonDeletableUser_ThrowsEntityDependencyException (Data Row 0)" storage="f:\etwork\bin\tests\sysintgtests.icore.common.entities.dll" id="ac147d2e-3b79-475d-8162-888f1bb15af6">
      <TestCategory>
        <TestCategoryItem TestCategory="Entities" />
        <TestCategoryItem TestCategory="SystemIntegration" />
      </TestCategory>
      <Execution id="11e8f914-7836-4927-8510-dd7373849e56" />
      <TestMethod codeBase="F:\ETWork\bin\Tests\SysIntgTests.iCore.Common.Entities.dll" adapterTypeName="Microsoft.VisualStudio.TestTools.TestTypes.Unit.UnitTestAdapter" className="SysIntgTests.iCore.Common.Entities.UserTests" name="Delete_NonDeletableUser_ThrowsEntityDependencyException (Data Row 0)" />
    </UnitTest>
    <UnitTest name="Delete_NonDeletableUser_ThrowsEntityDependencyException (Data Row 1)" storage="f:\etwork\bin\tests\sysintgtests.icore.common.entities.dll" id="26f4cc0a-8508-4a3d-9b2b-3ee35e1c2fc5">
      <TestCategory>
        <TestCategoryItem TestCategory="Entities" />
        <TestCategoryItem TestCategory="SystemIntegration" />
      </TestCategory>
      <Execution id="18357292-f55c-4466-842a-1ad54f154c9d" />
      <TestMethod codeBase="F:\ETWork\bin\Tests\SysIntgTests.iCore.Common.Entities.dll" adapterTypeName="Microsoft.VisualStudio.TestTools.TestTypes.Unit.UnitTestAdapter" className="SysIntgTests.iCore.Common.Entities.UserTests" name="Delete_NonDeletableUser_ThrowsEntityDependencyException (Data Row 1)" />
    </UnitTest>
    <UnitTest name="Delete_NonDeletableUser_ThrowsEntityDependencyException (Data Row 2)" storage="f:\etwork\bin\tests\sysintgtests.icore.common.entities.dll" id="88e850e3-d8da-4b41-a964-94ea95e04ed3">
      <TestCategory>
        <TestCategoryItem TestCategory="Entities" />
        <TestCategoryItem TestCategory="SystemIntegration" />
      </TestCategory>
      <Execution id="64b176b4-1af5-491c-a1ac-7cc25bc43605" />
      <TestMethod codeBase="F:\ETWork\bin\Tests\SysIntgTests.iCore.Common.Entities.dll" adapterTypeName="Microsoft.VisualStudio.TestTools.TestTypes.Unit.UnitTestAdapter" className="SysIntgTests.iCore.Common.Entities.UserTests" name="Delete_NonDeletableUser_ThrowsEntityDependencyException (Data Row 2)" />
    </UnitTest>
    <UnitTest name="Delete_NonDeletableUser_ThrowsEntityDependencyException (Data Row 3)" storage="f:\etwork\bin\tests\sysintgtests.icore.common.entities.dll" id="d1f33d5e-af41-4ae2-ace8-1ef38db56d32">
      <TestCategory>
        <TestCategoryItem TestCategory="Entities" />
        <TestCategoryItem TestCategory="SystemIntegration" />
      </TestCategory>
      <Execution id="60bd49d4-3b74-4c29-891d-63d518eaacfb" />
      <TestMethod codeBase="F:\ETWork\bin\Tests\SysIntgTests.iCore.Common.Entities.dll" adapterTypeName="Microsoft.VisualStudio.TestTools.TestTypes.Unit.UnitTestAdapter" className="SysIntgTests.iCore.Common.Entities.UserTests" name="Delete_NonDeletableUser_ThrowsEntityDependencyException (Data Row 3)" />
    </UnitTest>
    <UnitTest name="Delete_AtLeasteOneMoreUserWithUserRestriction_SuccessfullyDeletesUser" storage="f:\etwork\bin\tests\sysintgtests.icore.common.entities.dll" id="6fce277c-ec8f-17b9-d591-617b2e8917ba">
      <TestCategory>
        <TestCategoryItem TestCategory="Entities" />
        <TestCategoryItem TestCategory="SystemIntegration" />
      </TestCategory>
      <Execution id="e6007657-2b2b-4935-8286-460c445ad831" />
      <TestMethod codeBase="F:\ETWork\bin\Tests\SysIntgTests.iCore.Common.Entities.dll" adapterTypeName="Microsoft.VisualStudio.TestTools.TestTypes.Unit.UnitTestAdapter" className="SysIntgTests.iCore.Common.Entities.UserTests" name="Delete_AtLeasteOneMoreUserWithUserRestriction_SuccessfullyDeletesUser" />
    </UnitTest>
    <UnitTest name="Delete_AtLeasteOneMoreUserWithUserRestrictionUserNotAllowed_Throws" storage="f:\etwork\bin\tests\sysintgtests.icore.common.entities.dll" id="3c8ab35a-dd76-8412-97e0-c463b2a2787a">
      <TestCategory>
        <TestCategoryItem TestCategory="Entities" />
        <TestCategoryItem TestCategory="SystemIntegration" />
      </TestCategory>
      <Execution id="386ae8fc-20c9-4a57-a2ee-a3c8ec48d33a" />
      <TestMethod codeBase="F:\ETWork\bin\Tests\SysIntgTests.iCore.Common.Entities.dll" adapterTypeName="Microsoft.VisualStudio.TestTools.TestTypes.Unit.UnitTestAdapter" className="SysIntgTests.iCore.Common.Entities.UserTests" name="Delete_AtLeasteOneMoreUserWithUserRestrictionUserNotAllowed_Throws" />
    </UnitTest>
    <UnitTest name="Delete_DeletingUserWithUserRestrictionAndCurrentUserWithoutUserRestriction_Throws" storage="f:\etwork\bin\tests\sysintgtests.icore.common.entities.dll" id="265b5768-09f7-3f9f-e441-76d37e10e29d">
      <TestCategory>
        <TestCategoryItem TestCategory="Entities" />
        <TestCategoryItem TestCategory="SystemIntegration" />
      </TestCategory>
      <Execution id="ed9a6cda-6e6b-41aa-88ae-5880cf825c83" />
      <TestMethod codeBase="F:\ETWork\bin\Tests\SysIntgTests.iCore.Common.Entities.dll" adapterTypeName="Microsoft.VisualStudio.TestTools.TestTypes.Unit.UnitTestAdapter" className="SysIntgTests.iCore.Common.Entities.UserTests" name="Delete_DeletingUserWithUserRestrictionAndCurrentUserWithoutUserRestriction_Throws" />
    </UnitTest>
    <UnitTest name="Delete_OnlyUserWithUserRestrictionOperationsLeft_Throws" storage="f:\etwork\bin\tests\sysintgtests.icore.common.entities.dll" id="ab99cc8e-8ef5-3539-4c89-c776ad0eb7c5">
      <TestCategory>
        <TestCategoryItem TestCategory="Entities" />
        <TestCategoryItem TestCategory="SystemIntegration" />
      </TestCategory>
      <Execution id="da150570-cd3c-4645-a49f-9b207bb53d75" />
      <TestMethod codeBase="F:\ETWork\bin\Tests\SysIntgTests.iCore.Common.Entities.dll" adapterTypeName="Microsoft.VisualStudio.TestTools.TestTypes.Unit.UnitTestAdapter" className="SysIntgTests.iCore.Common.Entities.UserTests" name="Delete_OnlyUserWithUserRestrictionOperationsLeft_Throws" />
    </UnitTest>
    <UnitTest name="Add_NullName_ThrowsConditionalErrorException" storage="f:\etwork\bin\tests\sysintgtests.icore.common.entities.dll" id="60f91cf1-44fb-104f-29aa-5d0a25e60d13">
      <TestCategory>
        <TestCategoryItem TestCategory="Entities" />
        <TestCategoryItem TestCategory="SystemIntegration" />
      </TestCategory>
      <Execution id="28e91d06-74ec-482d-85ff-80dd67220769" />
      <TestMethod codeBase="F:\ETWork\bin\Tests\SysIntgTests.iCore.Common.Entities.dll" adapterTypeName="Microsoft.VisualStudio.TestTools.TestTypes.Unit.UnitTestAdapter" className="SysIntgTests.iCore.Common.Entities.UserTests" name="Add_NullName_ThrowsConditionalErrorException" />
    </UnitTest>
    <UnitTest name="Add_EmptyName_ThrowsStringLengthErrorException" storage="f:\etwork\bin\tests\sysintgtests.icore.common.entities.dll" id="adb5235f-e4fd-d3e6-263d-04dc812f793b">
      <TestCategory>
        <TestCategoryItem TestCategory="Entities" />
        <TestCategoryItem TestCategory="SystemIntegration" />
      </TestCategory>
      <Execution id="c626a1c2-7c3f-4ac6-a7f6-f59d898d1657" />
      <TestMethod codeBase="F:\ETWork\bin\Tests\SysIntgTests.iCore.Common.Entities.dll" adapterTypeName="Microsoft.VisualStudio.TestTools.TestTypes.Unit.UnitTestAdapter" className="SysIntgTests.iCore.Common.Entities.UserTests" name="Add_EmptyName_ThrowsStringLengthErrorException" />
    </UnitTest>
    <UnitTest name="Add_WhiteSpaceOnlyName_ThrowsStringLengthErrorException" storage="f:\etwork\bin\tests\sysintgtests.icore.common.entities.dll" id="0fed5728-45a5-5c87-9730-e047570c850d">
      <TestCategory>
        <TestCategoryItem TestCategory="Entities" />
        <TestCategoryItem TestCategory="SystemIntegration" />
      </TestCategory>
      <Execution id="6013c9ae-cebb-4d95-9a1a-4ae3b1e5b1fa" />
      <TestMethod codeBase="F:\ETWork\bin\Tests\SysIntgTests.iCore.Common.Entities.dll" adapterTypeName="Microsoft.VisualStudio.TestTools.TestTypes.Unit.UnitTestAdapter" className="SysIntgTests.iCore.Common.Entities.UserTests" name="Add_WhiteSpaceOnlyName_ThrowsStringLengthErrorException" />
    </UnitTest>
    <UnitTest name="Add_TooLongName_ThrowsStringLengthErrorException" storage="f:\etwork\bin\tests\sysintgtests.icore.common.entities.dll" id="22efeb2b-da17-17a2-5a94-9e99403eebaa">
      <TestCategory>
        <TestCategoryItem TestCategory="Entities" />
        <TestCategoryItem TestCategory="SystemIntegration" />
      </TestCategory>
      <Execution id="acb8487c-aa31-4565-86d2-c233569504ef" />
      <TestMethod codeBase="F:\ETWork\bin\Tests\SysIntgTests.iCore.Common.Entities.dll" adapterTypeName="Microsoft.VisualStudio.TestTools.TestTypes.Unit.UnitTestAdapter" className="SysIntgTests.iCore.Common.Entities.UserTests" name="Add_TooLongName_ThrowsStringLengthErrorException" />
    </UnitTest>
    <UnitTest name="Add_LongDescription_Succeeds" storage="f:\etwork\bin\tests\sysintgtests.icore.common.entities.dll" id="0d1ec8ee-5216-063c-a461-e820fbcf42f9">
      <TestCategory>
        <TestCategoryItem TestCategory="Entities" />
        <TestCategoryItem TestCategory="SystemIntegration" />
      </TestCategory>
      <Execution id="79affaeb-d9d8-4b38-84e0-4cce6adf3088" />
      <TestMethod codeBase="F:\ETWork\bin\Tests\SysIntgTests.iCore.Common.Entities.dll" adapterTypeName="Microsoft.VisualStudio.TestTools.TestTypes.Unit.UnitTestAdapter" className="SysIntgTests.iCore.Common.Entities.UserTests" name="Add_LongDescription_Succeeds" />
    </UnitTest>
    <UnitTest name="Add_ValidProperties_IsPersistedCorrectly" storage="f:\etwork\bin\tests\sysintgtests.icore.common.entities.dll" id="72650048-a3a6-5d1a-3759-073d0e341eae">
      <TestCategory>
        <TestCategoryItem TestCategory="Entities" />
        <TestCategoryItem TestCategory="SystemIntegration" />
      </TestCategory>
      <Execution id="39a81d95-844c-4a7c-9ff2-5a3b78c152fe" />
      <TestMethod codeBase="F:\ETWork\bin\Tests\SysIntgTests.iCore.Common.Entities.dll" adapterTypeName="Microsoft.VisualStudio.TestTools.TestTypes.Unit.UnitTestAdapter" className="SysIntgTests.iCore.Common.Entities.UserTests" name="Add_ValidProperties_IsPersistedCorrectly" />
    </UnitTest>
    <UnitTest name="Add_AsIEntity_IsPersistedCorrectly" storage="f:\etwork\bin\tests\sysintgtests.icore.common.entities.dll" id="a8b055f1-c82a-181f-fc4f-819d4d55b196">
      <TestCategory>
        <TestCategoryItem TestCategory="Entities" />
        <TestCategoryItem TestCategory="SystemIntegration" />
      </TestCategory>
      <Execution id="ebd6c3d9-3963-43e6-a30b-13da81f72104" />
      <TestMethod codeBase="F:\ETWork\bin\Tests\SysIntgTests.iCore.Common.Entities.dll" adapterTypeName="Microsoft.VisualStudio.TestTools.TestTypes.Unit.UnitTestAdapter" className="SysIntgTests.iCore.Common.Entities.UserTests" name="Add_AsIEntity_IsPersistedCorrectly" />
    </UnitTest>
    <UnitTest name="Add_WithUserRestrictionEnabledAndCurrentUserHasUserRestriction_Succeds" storage="f:\etwork\bin\tests\sysintgtests.icore.common.entities.dll" id="65fa91f2-53a1-8fc3-fc6c-d7f87f1b70c4">
      <TestCategory>
        <TestCategoryItem TestCategory="Entities" />
        <TestCategoryItem TestCategory="SystemIntegration" />
      </TestCategory>
      <Execution id="ec8c0d60-669e-41a8-ae88-f660a202a881" />
      <TestMethod codeBase="F:\ETWork\bin\Tests\SysIntgTests.iCore.Common.Entities.dll" adapterTypeName="Microsoft.VisualStudio.TestTools.TestTypes.Unit.UnitTestAdapter" className="SysIntgTests.iCore.Common.Entities.UserTests" name="Add_WithUserRestrictionEnabledAndCurrentUserHasUserRestriction_Succeds" />
    </UnitTest>
    <UnitTest name="Add_WithUserRestrictionEnabledAndCurrentUserHasNotUserRestriction_Throws" storage="f:\etwork\bin\tests\sysintgtests.icore.common.entities.dll" id="d5dbd3bd-9dd2-6a02-9ac2-bb126dc3e0b8">
      <TestCategory>
        <TestCategoryItem TestCategory="Entities" />
        <TestCategoryItem TestCategory="SystemIntegration" />
      </TestCategory>
      <Execution id="975366df-3741-4534-892e-0aee4399b559" />
      <TestMethod codeBase="F:\ETWork\bin\Tests\SysIntgTests.iCore.Common.Entities.dll" adapterTypeName="Microsoft.VisualStudio.TestTools.TestTypes.Unit.UnitTestAdapter" className="SysIntgTests.iCore.Common.Entities.UserTests" name="Add_WithUserRestrictionEnabledAndCurrentUserHasNotUserRestriction_Throws" />
    </UnitTest>
    <UnitTest name="Add_DuplicateName_ThrowsUniqueValueAddConflictException" storage="f:\etwork\bin\tests\sysintgtests.icore.common.entities.dll" id="9f47cffd-5494-1013-5833-e9d8fb4b4bf2">
      <TestCategory>
        <TestCategoryItem TestCategory="Entities" />
        <TestCategoryItem TestCategory="SystemIntegration" />
      </TestCategory>
      <Execution id="415b4060-f7e6-47b9-8c0c-877d2885ef09" />
      <TestMethod codeBase="F:\ETWork\bin\Tests\SysIntgTests.iCore.Common.Entities.dll" adapterTypeName="Microsoft.VisualStudio.TestTools.TestTypes.Unit.UnitTestAdapter" className="SysIntgTests.iCore.Common.Entities.UserTests" name="Add_DuplicateName_ThrowsUniqueValueAddConflictException" />
    </UnitTest>
    <UnitTest name="Update_NullName_ThrowsConditionalErrorException" storage="f:\etwork\bin\tests\sysintgtests.icore.common.entities.dll" id="41a02ae5-ee70-7371-d46a-bc96fdd67309">
      <TestCategory>
        <TestCategoryItem TestCategory="Entities" />
        <TestCategoryItem TestCategory="SystemIntegration" />
      </TestCategory>
      <Execution id="e24196d1-a860-4c06-9fff-d2cc33d7850f" />
      <TestMethod codeBase="F:\ETWork\bin\Tests\SysIntgTests.iCore.Common.Entities.dll" adapterTypeName="Microsoft.VisualStudio.TestTools.TestTypes.Unit.UnitTestAdapter" className="SysIntgTests.iCore.Common.Entities.UserTests" name="Update_NullName_ThrowsConditionalErrorException" />
    </UnitTest>
    <UnitTest name="Update_EmtpyName_ThrowsStringLengthErrorException" storage="f:\etwork\bin\tests\sysintgtests.icore.common.entities.dll" id="59109512-f366-2e33-1a88-445dc656d112">
      <TestCategory>
        <TestCategoryItem TestCategory="Entities" />
        <TestCategoryItem TestCategory="SystemIntegration" />
      </TestCategory>
      <Execution id="402c61bf-e2b7-4596-b8c1-5df1c1d7cf41" />
      <TestMethod codeBase="F:\ETWork\bin\Tests\SysIntgTests.iCore.Common.Entities.dll" adapterTypeName="Microsoft.VisualStudio.TestTools.TestTypes.Unit.UnitTestAdapter" className="SysIntgTests.iCore.Common.Entities.UserTests" name="Update_EmtpyName_ThrowsStringLengthErrorException" />
    </UnitTest>
    <UnitTest name="Update_WhitespaceOnlyName_ThrowsStringLengthErrorException" storage="f:\etwork\bin\tests\sysintgtests.icore.common.entities.dll" id="133a6aae-2661-89a0-4266-170207c1b614">
      <TestCategory>
        <TestCategoryItem TestCategory="Entities" />
        <TestCategoryItem TestCategory="SystemIntegration" />
      </TestCategory>
      <Execution id="14703b86-ed4b-4c41-aae0-60ec07ee28e4" />
      <TestMethod codeBase="F:\ETWork\bin\Tests\SysIntgTests.iCore.Common.Entities.dll" adapterTypeName="Microsoft.VisualStudio.TestTools.TestTypes.Unit.UnitTestAdapter" className="SysIntgTests.iCore.Common.Entities.UserTests" name="Update_WhitespaceOnlyName_ThrowsStringLengthErrorException" />
    </UnitTest>
    <UnitTest name="Update_TooLongName_ThrowsStringLengthErrorException" storage="f:\etwork\bin\tests\sysintgtests.icore.common.entities.dll" id="3d3ad12d-e3ab-5b93-9a8d-142edae0ca10">
      <TestCategory>
        <TestCategoryItem TestCategory="Entities" />
        <TestCategoryItem TestCategory="SystemIntegration" />
      </TestCategory>
      <Execution id="3b9eacf7-8cdf-4b82-91ed-534c23435fbf" />
      <TestMethod codeBase="F:\ETWork\bin\Tests\SysIntgTests.iCore.Common.Entities.dll" adapterTypeName="Microsoft.VisualStudio.TestTools.TestTypes.Unit.UnitTestAdapter" className="SysIntgTests.iCore.Common.Entities.UserTests" name="Update_TooLongName_ThrowsStringLengthErrorException" />
    </UnitTest>
    <UnitTest name="Update_LongDescription_Succeeds" storage="f:\etwork\bin\tests\sysintgtests.icore.common.entities.dll" id="0f69bc98-4cbf-4728-3d25-45ff3fe72a27">
      <TestCategory>
        <TestCategoryItem TestCategory="Entities" />
        <TestCategoryItem TestCategory="SystemIntegration" />
      </TestCategory>
      <Execution id="ee05453b-dc41-42a7-bcea-a891e18eb778" />
      <TestMethod codeBase="F:\ETWork\bin\Tests\SysIntgTests.iCore.Common.Entities.dll" adapterTypeName="Microsoft.VisualStudio.TestTools.TestTypes.Unit.UnitTestAdapter" className="SysIntgTests.iCore.Common.Entities.UserTests" name="Update_LongDescription_Succeeds" />
    </UnitTest>
    <UnitTest name="Update_AsIEntity_Succeeds" storage="f:\etwork\bin\tests\sysintgtests.icore.common.entities.dll" id="6b1f3760-5518-77f7-188e-321d83ccec1c">
      <TestCategory>
        <TestCategoryItem TestCategory="Entities" />
        <TestCategoryItem TestCategory="SystemIntegration" />
      </TestCategory>
      <Execution id="d9edc2b2-6032-4691-8f84-52b1e5f58dee" />
      <TestMethod codeBase="F:\ETWork\bin\Tests\SysIntgTests.iCore.Common.Entities.dll" adapterTypeName="Microsoft.VisualStudio.TestTools.TestTypes.Unit.UnitTestAdapter" className="SysIntgTests.iCore.Common.Entities.UserTests" name="Update_AsIEntity_Succeeds" />
    </UnitTest>
    <UnitTest name="Update_DuplicateName_ThrowsUniqueValueAddConflictException" storage="f:\etwork\bin\tests\sysintgtests.icore.common.entities.dll" id="69fff350-b1b2-f9fd-2adf-8fbc2f672df0">
      <TestCategory>
        <TestCategoryItem TestCategory="Entities" />
        <TestCategoryItem TestCategory="SystemIntegration" />
      </TestCategory>
      <Execution id="1da2c127-b8fd-4829-8a45-a7086088d157" />
      <TestMethod codeBase="F:\ETWork\bin\Tests\SysIntgTests.iCore.Common.Entities.dll" adapterTypeName="Microsoft.VisualStudio.TestTools.TestTypes.Unit.UnitTestAdapter" className="SysIntgTests.iCore.Common.Entities.UserTests" name="Update_DuplicateName_ThrowsUniqueValueAddConflictException" />
    </UnitTest>
    <UnitTest name="Update_ComplexProperties_ArePersistedCorrectly" storage="f:\etwork\bin\tests\sysintgtests.icore.common.entities.dll" id="be33554c-1496-10e8-a9a6-5af0556c3552">
      <TestCategory>
        <TestCategoryItem TestCategory="Entities" />
        <TestCategoryItem TestCategory="SystemIntegration" />
      </TestCategory>
      <Execution id="e05a4849-54fc-46c2-a9a0-23ae418d78f4" />
      <TestMethod codeBase="F:\ETWork\bin\Tests\SysIntgTests.iCore.Common.Entities.dll" adapterTypeName="Microsoft.VisualStudio.TestTools.TestTypes.Unit.UnitTestAdapter" className="SysIntgTests.iCore.Common.Entities.UserTests" name="Update_ComplexProperties_ArePersistedCorrectly" />
    </UnitTest>
    <UnitTest name="Update_UnchangedName_Succeeds" storage="f:\etwork\bin\tests\sysintgtests.icore.common.entities.dll" id="3a5d3939-9542-9532-88b1-96e85b090987">
      <TestCategory>
        <TestCategoryItem TestCategory="Entities" />
        <TestCategoryItem TestCategory="SystemIntegration" />
      </TestCategory>
      <Execution id="ea51f25a-fb47-4578-bbaf-39a522e38237" />
      <TestMethod codeBase="F:\ETWork\bin\Tests\SysIntgTests.iCore.Common.Entities.dll" adapterTypeName="Microsoft.VisualStudio.TestTools.TestTypes.Unit.UnitTestAdapter" className="SysIntgTests.iCore.Common.Entities.UserTests" name="Update_UnchangedName_Succeeds" />
    </UnitTest>
    <UnitTest name="Update_UserWithUserRestrictionOperationAndCurrentUserHasNotUserRestriction_Throws" storage="f:\etwork\bin\tests\sysintgtests.icore.common.entities.dll" id="e693058f-b0a7-6a9d-1250-7fe36498e172">
      <TestCategory>
        <TestCategoryItem TestCategory="Entities" />
        <TestCategoryItem TestCategory="SystemIntegration" />
      </TestCategory>
      <Execution id="80e4ee67-9a4e-4503-89e6-8db795e4fa68" />
      <TestMethod codeBase="F:\ETWork\bin\Tests\SysIntgTests.iCore.Common.Entities.dll" adapterTypeName="Microsoft.VisualStudio.TestTools.TestTypes.Unit.UnitTestAdapter" className="SysIntgTests.iCore.Common.Entities.UserTests" name="Update_UserWithUserRestrictionOperationAndCurrentUserHasNotUserRestriction_Throws" />
    </UnitTest>
    <UnitTest name="Update_SeveralUsersWithUserRestrictionOperationsLeft_CanRemoveUserRestrictionOperation" storage="f:\etwork\bin\tests\sysintgtests.icore.common.entities.dll" id="21970f1b-2d74-834f-ebf7-c28f9f9d5414">
      <TestCategory>
        <TestCategoryItem TestCategory="Entities" />
        <TestCategoryItem TestCategory="SystemIntegration" />
      </TestCategory>
      <Execution id="ef0a269d-25ec-43fb-a109-7fdbbf81cc53" />
      <TestMethod codeBase="F:\ETWork\bin\Tests\SysIntgTests.iCore.Common.Entities.dll" adapterTypeName="Microsoft.VisualStudio.TestTools.TestTypes.Unit.UnitTestAdapter" className="SysIntgTests.iCore.Common.Entities.UserTests" name="Update_SeveralUsersWithUserRestrictionOperationsLeft_CanRemoveUserRestrictionOperation" />
    </UnitTest>
    <UnitTest name="Update_OnlyUserWithUserRestrictionOperationsLeftAndAttemptToRemoveUserRestrictionOperation_Throws" storage="f:\etwork\bin\tests\sysintgtests.icore.common.entities.dll" id="791a5036-3605-1568-0cd8-48fcb6358c9b">
      <TestCategory>
        <TestCategoryItem TestCategory="Entities" />
        <TestCategoryItem TestCategory="SystemIntegration" />
      </TestCategory>
      <Execution id="0634c7ee-594d-45a1-b777-9233610678b7" />
      <TestMethod codeBase="F:\ETWork\bin\Tests\SysIntgTests.iCore.Common.Entities.dll" adapterTypeName="Microsoft.VisualStudio.TestTools.TestTypes.Unit.UnitTestAdapter" className="SysIntgTests.iCore.Common.Entities.UserTests" name="Update_OnlyUserWithUserRestrictionOperationsLeftAndAttemptToRemoveUserRestrictionOperation_Throws" />
    </UnitTest>
    <UnitTest name="TrackedPropertyStates_UserFetchedFromRepository_AllStatesAreFalse" storage="f:\etwork\bin\tests\sysintgtests.icore.common.entities.dll" id="41da33cb-a95e-142c-1ae6-a375421b2e40">
      <TestCategory>
        <TestCategoryItem TestCategory="Entities" />
        <TestCategoryItem TestCategory="SystemIntegration" />
      </TestCategory>
      <Execution id="07b315dc-6b5c-41aa-828e-70a7902be68e" />
      <TestMethod codeBase="F:\ETWork\bin\Tests\SysIntgTests.iCore.Common.Entities.dll" adapterTypeName="Microsoft.VisualStudio.TestTools.TestTypes.Unit.UnitTestAdapter" className="SysIntgTests.iCore.Common.Entities.UserTests" name="TrackedPropertyStates_UserFetchedFromRepository_AllStatesAreFalse" />
    </UnitTest>
    <UnitTest name="TrackedPropertyStates_UserFetchedFromRepository_ThereIsOneTrackedProperty" storage="f:\etwork\bin\tests\sysintgtests.icore.common.entities.dll" id="8ec540fa-b958-0154-bed7-9df908334370">
      <TestCategory>
        <TestCategoryItem TestCategory="Entities" />
        <TestCategoryItem TestCategory="SystemIntegration" />
      </TestCategory>
      <Execution id="ae215778-073f-42e2-9236-2b731ee1667c" />
      <TestMethod codeBase="F:\ETWork\bin\Tests\SysIntgTests.iCore.Common.Entities.dll" adapterTypeName="Microsoft.VisualStudio.TestTools.TestTypes.Unit.UnitTestAdapter" className="SysIntgTests.iCore.Common.Entities.UserTests" name="TrackedPropertyStates_UserFetchedFromRepository_ThereIsOneTrackedProperty" />
    </UnitTest>
    <UnitTest name="TrackedPropertyStates_RestrictedOperationsIsChangedOnUser_RestrictedOperationsStateIsTrue" storage="f:\etwork\bin\tests\sysintgtests.icore.common.entities.dll" id="56702786-e21d-8874-84e3-00754ba92cad">
      <TestCategory>
        <TestCategoryItem TestCategory="Entities" />
        <TestCategoryItem TestCategory="SystemIntegration" />
      </TestCategory>
      <Execution id="c7d4c221-2827-4f4c-b9dd-7b516c7010fc" />
      <TestMethod codeBase="F:\ETWork\bin\Tests\SysIntgTests.iCore.Common.Entities.dll" adapterTypeName="Microsoft.VisualStudio.TestTools.TestTypes.Unit.UnitTestAdapter" className="SysIntgTests.iCore.Common.Entities.UserTests" name="TrackedPropertyStates_RestrictedOperationsIsChangedOnUser_RestrictedOperationsStateIsTrue" />
    </UnitTest>
    <UnitTest name="TrackedPropertyStates_RestrictedOperationsIsSetWithSameValueOnUser_RestrictedOperationsStateIsFalse" storage="f:\etwork\bin\tests\sysintgtests.icore.common.entities.dll" id="bf0fc25a-1263-c712-a48b-323d0d2c4815">
      <TestCategory>
        <TestCategoryItem TestCategory="Entities" />
        <TestCategoryItem TestCategory="SystemIntegration" />
      </TestCategory>
      <Execution id="8b6a447d-5af8-4518-bde0-41bc41ea08d1" />
      <TestMethod codeBase="F:\ETWork\bin\Tests\SysIntgTests.iCore.Common.Entities.dll" adapterTypeName="Microsoft.VisualStudio.TestTools.TestTypes.Unit.UnitTestAdapter" className="SysIntgTests.iCore.Common.Entities.UserTests" name="TrackedPropertyStates_RestrictedOperationsIsSetWithSameValueOnUser_RestrictedOperationsStateIsFalse" />
    </UnitTest>
    <UnitTest name="TrackedPropertyStates_RestrictedOperationsIsChangedOnUserThenUpdated_RestrictedOperationsStateIsFalse" storage="f:\etwork\bin\tests\sysintgtests.icore.common.entities.dll" id="238d0aeb-4d14-fe00-a392-6a277db7bd9e">
      <TestCategory>
        <TestCategoryItem TestCategory="Entities" />
        <TestCategoryItem TestCategory="SystemIntegration" />
      </TestCategory>
      <Execution id="e5206577-5fe3-4d24-a0b2-cb7727730841" />
      <TestMethod codeBase="F:\ETWork\bin\Tests\SysIntgTests.iCore.Common.Entities.dll" adapterTypeName="Microsoft.VisualStudio.TestTools.TestTypes.Unit.UnitTestAdapter" className="SysIntgTests.iCore.Common.Entities.UserTests" name="TrackedPropertyStates_RestrictedOperationsIsChangedOnUserThenUpdated_RestrictedOperationsStateIsFalse" />
    </UnitTest>
    <UnitTest name="TrackedPropertyStates_RestrictedOperationsIsChangedThenSetWithSameValueOnUser_RestrictedOperationsStateIsTrue" storage="f:\etwork\bin\tests\sysintgtests.icore.common.entities.dll" id="b2201eae-5444-1029-787f-e6f2178fd049">
      <TestCategory>
        <TestCategoryItem TestCategory="Entities" />
        <TestCategoryItem TestCategory="SystemIntegration" />
      </TestCategory>
      <Execution id="4bc10de9-a858-4dfb-ae4d-4409dd2fe93f" />
      <TestMethod codeBase="F:\ETWork\bin\Tests\SysIntgTests.iCore.Common.Entities.dll" adapterTypeName="Microsoft.VisualStudio.TestTools.TestTypes.Unit.UnitTestAdapter" className="SysIntgTests.iCore.Common.Entities.UserTests" name="TrackedPropertyStates_RestrictedOperationsIsChangedThenSetWithSameValueOnUser_RestrictedOperationsStateIsTrue" />
    </UnitTest>
    <UnitTest name="RepositoryEntityTypeId_ReturnsServer" storage="f:\etwork\bin\tests\sysintgtests.icore.common.entities.dll" id="8f361dbd-4e08-912d-3918-1bbb44acf5f5">
      <TestCategory>
        <TestCategoryItem TestCategory="Entities" />
        <TestCategoryItem TestCategory="SystemIntegration" />
      </TestCategory>
      <Execution id="68b0032c-5620-47c0-81b0-107ba3426052" />
      <TestMethod codeBase="F:\ETWork\bin\Tests\SysIntgTests.iCore.Common.Entities.dll" adapterTypeName="Microsoft.VisualStudio.TestTools.TestTypes.Unit.UnitTestAdapter" className="SysIntgTests.iCore.Common.Entities.ServerTests" name="RepositoryEntityTypeId_ReturnsServer" />
    </UnitTest>
    <UnitTest name="RepositoryEntityType_ReturnsIServer" storage="f:\etwork\bin\tests\sysintgtests.icore.common.entities.dll" id="cd00d2e0-3d0a-7b21-412b-59b75293405f">
      <TestCategory>
        <TestCategoryItem TestCategory="Entities" />
        <TestCategoryItem TestCategory="SystemIntegration" />
      </TestCategory>
      <Execution id="55494da2-c191-4f5a-9700-e53f605730f8" />
      <TestMethod codeBase="F:\ETWork\bin\Tests\SysIntgTests.iCore.Common.Entities.dll" adapterTypeName="Microsoft.VisualStudio.TestTools.TestTypes.Unit.UnitTestAdapter" className="SysIntgTests.iCore.Common.Entities.ServerTests" name="RepositoryEntityType_ReturnsIServer" />
    </UnitTest>
    <UnitTest name="RepositorySystemContext_MatchesActualSystemContext" storage="f:\etwork\bin\tests\sysintgtests.icore.common.entities.dll" id="a882b0b1-f614-3503-4e0c-250c0445546a">
      <TestCategory>
        <TestCategoryItem TestCategory="Entities" />
        <TestCategoryItem TestCategory="SystemIntegration" />
      </TestCategory>
      <Execution id="808eb7d8-e11a-44c6-b551-7f1116daddf0" />
      <TestMethod codeBase="F:\ETWork\bin\Tests\SysIntgTests.iCore.Common.Entities.dll" adapterTypeName="Microsoft.VisualStudio.TestTools.TestTypes.Unit.UnitTestAdapter" className="SysIntgTests.iCore.Common.Entities.ServerTests" name="RepositorySystemContext_MatchesActualSystemContext" />
    </UnitTest>
    <UnitTest name="Exists_EmptyGuid_Succeeds" storage="f:\etwork\bin\tests\sysintgtests.icore.common.entities.dll" id="cf71248d-9797-ce49-c3a7-600f71590648">
      <TestCategory>
        <TestCategoryItem TestCategory="Entities" />
        <TestCategoryItem TestCategory="SystemIntegration" />
      </TestCategory>
      <Execution id="829f86b6-2640-4b46-9e03-5a551d25a808" />
      <TestMethod codeBase="F:\ETWork\bin\Tests\SysIntgTests.iCore.Common.Entities.dll" adapterTypeName="Microsoft.VisualStudio.TestTools.TestTypes.Unit.UnitTestAdapter" className="SysIntgTests.iCore.Common.Entities.ServerTests" name="Exists_EmptyGuid_Succeeds" />
    </UnitTest>
    <UnitTest name="Exists_KnownServerKey_ReturnsTrue (Data Row 0)" storage="f:\etwork\bin\tests\sysintgtests.icore.common.entities.dll" id="94483fa2-f72c-4f22-b18c-94ae63ee0647">
      <TestCategory>
        <TestCategoryItem TestCategory="Entities" />
        <TestCategoryItem TestCategory="SystemIntegration" />
      </TestCategory>
      <Execution id="c756847e-2c85-4619-a7ef-2c78b30bbf19" />
      <TestMethod codeBase="F:\ETWork\bin\Tests\SysIntgTests.iCore.Common.Entities.dll" adapterTypeName="Microsoft.VisualStudio.TestTools.TestTypes.Unit.UnitTestAdapter" className="SysIntgTests.iCore.Common.Entities.ServerTests" name="Exists_KnownServerKey_ReturnsTrue (Data Row 0)" />
    </UnitTest>
    <UnitTest name="Exists_KnownServerKey_ReturnsTrue (Data Row 1)" storage="f:\etwork\bin\tests\sysintgtests.icore.common.entities.dll" id="ae66f07f-ba38-40f0-aaac-262b3ef4423e">
      <TestCategory>
        <TestCategoryItem TestCategory="Entities" />
        <TestCategoryItem TestCategory="SystemIntegration" />
      </TestCategory>
      <Execution id="cc310f86-c4af-41ca-85c2-7e966d8e7313" />
      <TestMethod codeBase="F:\ETWork\bin\Tests\SysIntgTests.iCore.Common.Entities.dll" adapterTypeName="Microsoft.VisualStudio.TestTools.TestTypes.Unit.UnitTestAdapter" className="SysIntgTests.iCore.Common.Entities.ServerTests" name="Exists_KnownServerKey_ReturnsTrue (Data Row 1)" />
    </UnitTest>
    <UnitTest name="Exists_KnownServerKey_ReturnsTrue (Data Row 2)" storage="f:\etwork\bin\tests\sysintgtests.icore.common.entities.dll" id="ec1890e1-aa27-41fa-96ad-adf9a0b50be9">
      <TestCategory>
        <TestCategoryItem TestCategory="Entities" />
        <TestCategoryItem TestCategory="SystemIntegration" />
      </TestCategory>
      <Execution id="a9ba524e-47f1-45e0-ad6c-f33cffbe4607" />
      <TestMethod codeBase="F:\ETWork\bin\Tests\SysIntgTests.iCore.Common.Entities.dll" adapterTypeName="Microsoft.VisualStudio.TestTools.TestTypes.Unit.UnitTestAdapter" className="SysIntgTests.iCore.Common.Entities.ServerTests" name="Exists_KnownServerKey_ReturnsTrue (Data Row 2)" />
    </UnitTest>
    <UnitTest name="Exists_NonExistingServerKey_ReturnsFalse" storage="f:\etwork\bin\tests\sysintgtests.icore.common.entities.dll" id="f141d56d-5a59-fb09-8936-c2759f9380c2">
      <TestCategory>
        <TestCategoryItem TestCategory="Entities" />
        <TestCategoryItem TestCategory="SystemIntegration" />
      </TestCategory>
      <Execution id="382ece38-69cc-47b1-b68f-65313cdc4232" />
      <TestMethod codeBase="F:\ETWork\bin\Tests\SysIntgTests.iCore.Common.Entities.dll" adapterTypeName="Microsoft.VisualStudio.TestTools.TestTypes.Unit.UnitTestAdapter" className="SysIntgTests.iCore.Common.Entities.ServerTests" name="Exists_NonExistingServerKey_ReturnsFalse" />
    </UnitTest>
    <UnitTest name="Exists_NonExistingServerId_ReturnsFalse" storage="f:\etwork\bin\tests\sysintgtests.icore.common.entities.dll" id="1005c915-46c9-fcbe-bf34-728b5bfe872f">
      <TestCategory>
        <TestCategoryItem TestCategory="Entities" />
        <TestCategoryItem TestCategory="SystemIntegration" />
      </TestCategory>
      <Execution id="d6efb7cc-7b52-4d74-b061-2d87d2fcefc0" />
      <TestMethod codeBase="F:\ETWork\bin\Tests\SysIntgTests.iCore.Common.Entities.dll" adapterTypeName="Microsoft.VisualStudio.TestTools.TestTypes.Unit.UnitTestAdapter" className="SysIntgTests.iCore.Common.Entities.ServerTests" name="Exists_NonExistingServerId_ReturnsFalse" />
    </UnitTest>
    <UnitTest name="Exists_KnownServerId_ReturnsTrue (Data Row 0)" storage="f:\etwork\bin\tests\sysintgtests.icore.common.entities.dll" id="7b889457-df65-47f4-8174-d74de23f8ff0">
      <TestCategory>
        <TestCategoryItem TestCategory="Entities" />
        <TestCategoryItem TestCategory="SystemIntegration" />
      </TestCategory>
      <Execution id="be5cf356-2440-4407-89c2-51bf82fd1f4d" />
      <TestMethod codeBase="F:\ETWork\bin\Tests\SysIntgTests.iCore.Common.Entities.dll" adapterTypeName="Microsoft.VisualStudio.TestTools.TestTypes.Unit.UnitTestAdapter" className="SysIntgTests.iCore.Common.Entities.ServerTests" name="Exists_KnownServerId_ReturnsTrue (Data Row 0)" />
    </UnitTest>
    <UnitTest name="Exists_KnownServerId_ReturnsTrue (Data Row 1)" storage="f:\etwork\bin\tests\sysintgtests.icore.common.entities.dll" id="f083c3e4-7339-41ba-a36e-4639c0da9892">
      <TestCategory>
        <TestCategoryItem TestCategory="Entities" />
        <TestCategoryItem TestCategory="SystemIntegration" />
      </TestCategory>
      <Execution id="dd0436d6-04d7-41a2-a5e9-88d9e24ce1e3" />
      <TestMethod codeBase="F:\ETWork\bin\Tests\SysIntgTests.iCore.Common.Entities.dll" adapterTypeName="Microsoft.VisualStudio.TestTools.TestTypes.Unit.UnitTestAdapter" className="SysIntgTests.iCore.Common.Entities.ServerTests" name="Exists_KnownServerId_ReturnsTrue (Data Row 1)" />
    </UnitTest>
    <UnitTest name="Exists_KnownServerId_ReturnsTrue (Data Row 2)" storage="f:\etwork\bin\tests\sysintgtests.icore.common.entities.dll" id="37663491-c786-463f-be21-6f7f98fa6739">
      <TestCategory>
        <TestCategoryItem TestCategory="Entities" />
        <TestCategoryItem TestCategory="SystemIntegration" />
      </TestCategory>
      <Execution id="eb71e640-b2fb-4244-986b-69006039679a" />
      <TestMethod codeBase="F:\ETWork\bin\Tests\SysIntgTests.iCore.Common.Entities.dll" adapterTypeName="Microsoft.VisualStudio.TestTools.TestTypes.Unit.UnitTestAdapter" className="SysIntgTests.iCore.Common.Entities.ServerTests" name="Exists_KnownServerId_ReturnsTrue (Data Row 2)" />
    </UnitTest>
    <UnitTest name="CreateInstance_CreatesNewServer" storage="f:\etwork\bin\tests\sysintgtests.icore.common.entities.dll" id="8d87fc05-4628-5eec-6c08-1588fad44249">
      <Execution id="f4fde5e6-f100-47f5-a1b9-4914b0691a90" />
      <TestMethod codeBase="F:\ETWork\bin\Tests\SysIntgTests.iCore.Common.Entities.dll" adapterTypeName="Microsoft.VisualStudio.TestTools.TestTypes.Unit.UnitTestAdapter" className="SysIntgTests.iCore.Common.Entities.ServerTests" name="CreateInstance_CreatesNewServer" />
    </UnitTest>
    <UnitTest name="CreateInstance_SetsDefaultIP" storage="f:\etwork\bin\tests\sysintgtests.icore.common.entities.dll" id="1608f67a-7e63-7914-ede3-ceda29398619">
      <Execution id="a9ee92d2-eb53-4b3c-a78b-52d6d4e67e05" />
      <TestMethod codeBase="F:\ETWork\bin\Tests\SysIntgTests.iCore.Common.Entities.dll" adapterTypeName="Microsoft.VisualStudio.TestTools.TestTypes.Unit.UnitTestAdapter" className="SysIntgTests.iCore.Common.Entities.ServerTests" name="CreateInstance_SetsDefaultIP" />
    </UnitTest>
    <UnitTest name="List_ContainsEachKnownServerOnce (Data Row 0)" storage="f:\etwork\bin\tests\sysintgtests.icore.common.entities.dll" id="97ec3444-10b5-42aa-b605-3de5e8d63391">
      <TestCategory>
        <TestCategoryItem TestCategory="Entities" />
        <TestCategoryItem TestCategory="SystemIntegration" />
      </TestCategory>
      <Execution id="7be4332e-aebb-4415-89d9-4346635a6d43" />
      <TestMethod codeBase="F:\ETWork\bin\Tests\SysIntgTests.iCore.Common.Entities.dll" adapterTypeName="Microsoft.VisualStudio.TestTools.TestTypes.Unit.UnitTestAdapter" className="SysIntgTests.iCore.Common.Entities.ServerTests" name="List_ContainsEachKnownServerOnce (Data Row 0)" />
    </UnitTest>
    <UnitTest name="List_ContainsEachKnownServerOnce (Data Row 1)" storage="f:\etwork\bin\tests\sysintgtests.icore.common.entities.dll" id="2de42eea-dd4f-47bf-9bfb-5cbce0699ae2">
      <TestCategory>
        <TestCategoryItem TestCategory="Entities" />
        <TestCategoryItem TestCategory="SystemIntegration" />
      </TestCategory>
      <Execution id="4bb34001-da8b-4c23-9d0c-408112165072" />
      <TestMethod codeBase="F:\ETWork\bin\Tests\SysIntgTests.iCore.Common.Entities.dll" adapterTypeName="Microsoft.VisualStudio.TestTools.TestTypes.Unit.UnitTestAdapter" className="SysIntgTests.iCore.Common.Entities.ServerTests" name="List_ContainsEachKnownServerOnce (Data Row 1)" />
    </UnitTest>
    <UnitTest name="List_ContainsEachKnownServerOnce (Data Row 2)" storage="f:\etwork\bin\tests\sysintgtests.icore.common.entities.dll" id="c52d206a-8ca5-47df-8073-f18bae2cdd3f">
      <TestCategory>
        <TestCategoryItem TestCategory="Entities" />
        <TestCategoryItem TestCategory="SystemIntegration" />
      </TestCategory>
      <Execution id="c09f4f52-e7fb-4586-8b2a-357ac5a58b1c" />
      <TestMethod codeBase="F:\ETWork\bin\Tests\SysIntgTests.iCore.Common.Entities.dll" adapterTypeName="Microsoft.VisualStudio.TestTools.TestTypes.Unit.UnitTestAdapter" className="SysIntgTests.iCore.Common.Entities.ServerTests" name="List_ContainsEachKnownServerOnce (Data Row 2)" />
    </UnitTest>
    <UnitTest name="List_ShouldSetSystemContextCorrectly" storage="f:\etwork\bin\tests\sysintgtests.icore.common.entities.dll" id="034d023c-b31b-0843-fe41-2dff55cda0e5">
      <TestCategory>
        <TestCategoryItem TestCategory="Entities" />
        <TestCategoryItem TestCategory="SystemIntegration" />
      </TestCategory>
      <Execution id="5f2a8a3d-8842-43db-a385-b3a396eeebe8" />
      <TestMethod codeBase="F:\ETWork\bin\Tests\SysIntgTests.iCore.Common.Entities.dll" adapterTypeName="Microsoft.VisualStudio.TestTools.TestTypes.Unit.UnitTestAdapter" className="SysIntgTests.iCore.Common.Entities.ServerTests" name="List_ShouldSetSystemContextCorrectly" />
    </UnitTest>
    <UnitTest name="GetById_NewGuid_ThrowsEntityNotFoundException" storage="f:\etwork\bin\tests\sysintgtests.icore.common.entities.dll" id="cb926fbc-5d52-04cf-d9ab-53fbc10fe9da">
      <TestCategory>
        <TestCategoryItem TestCategory="Entities" />
        <TestCategoryItem TestCategory="SystemIntegration" />
      </TestCategory>
      <Execution id="c8ad4202-dca1-4d34-b63b-634bbf69e67f" />
      <TestMethod codeBase="F:\ETWork\bin\Tests\SysIntgTests.iCore.Common.Entities.dll" adapterTypeName="Microsoft.VisualStudio.TestTools.TestTypes.Unit.UnitTestAdapter" className="SysIntgTests.iCore.Common.Entities.ServerTests" name="GetById_NewGuid_ThrowsEntityNotFoundException" />
    </UnitTest>
    <UnitTest name="GetById_KnownServerId_ReturnsEntityWithCorrectProperties (Data Row 0)" storage="f:\etwork\bin\tests\sysintgtests.icore.common.entities.dll" id="ee97be81-60e5-4029-b108-bd1681af485f">
      <TestCategory>
        <TestCategoryItem TestCategory="Entities" />
        <TestCategoryItem TestCategory="SystemIntegration" />
      </TestCategory>
      <Execution id="58452d36-1c0e-46ed-9e72-5dc9fd9cf8bd" />
      <TestMethod codeBase="F:\ETWork\bin\Tests\SysIntgTests.iCore.Common.Entities.dll" adapterTypeName="Microsoft.VisualStudio.TestTools.TestTypes.Unit.UnitTestAdapter" className="SysIntgTests.iCore.Common.Entities.ServerTests" name="GetById_KnownServerId_ReturnsEntityWithCorrectProperties (Data Row 0)" />
    </UnitTest>
    <UnitTest name="GetById_KnownServerId_ReturnsEntityWithCorrectProperties (Data Row 1)" storage="f:\etwork\bin\tests\sysintgtests.icore.common.entities.dll" id="82828e4b-1d7b-4896-bbd7-6cde57a25b85">
      <TestCategory>
        <TestCategoryItem TestCategory="Entities" />
        <TestCategoryItem TestCategory="SystemIntegration" />
      </TestCategory>
      <Execution id="e776de9e-e843-4989-9b06-da07e0f5d444" />
      <TestMethod codeBase="F:\ETWork\bin\Tests\SysIntgTests.iCore.Common.Entities.dll" adapterTypeName="Microsoft.VisualStudio.TestTools.TestTypes.Unit.UnitTestAdapter" className="SysIntgTests.iCore.Common.Entities.ServerTests" name="GetById_KnownServerId_ReturnsEntityWithCorrectProperties (Data Row 1)" />
    </UnitTest>
    <UnitTest name="GetById_KnownServerId_ReturnsEntityWithCorrectProperties (Data Row 2)" storage="f:\etwork\bin\tests\sysintgtests.icore.common.entities.dll" id="8aa44f2e-1676-49c7-8505-39da1b0ae9a8">
      <TestCategory>
        <TestCategoryItem TestCategory="Entities" />
        <TestCategoryItem TestCategory="SystemIntegration" />
      </TestCategory>
      <Execution id="059be0a7-be28-4427-9f08-0c1d72134292" />
      <TestMethod codeBase="F:\ETWork\bin\Tests\SysIntgTests.iCore.Common.Entities.dll" adapterTypeName="Microsoft.VisualStudio.TestTools.TestTypes.Unit.UnitTestAdapter" className="SysIntgTests.iCore.Common.Entities.ServerTests" name="GetById_KnownServerId_ReturnsEntityWithCorrectProperties (Data Row 2)" />
    </UnitTest>
    <UnitTest name="TryGetById_NewGuid_ReturnsNull" storage="f:\etwork\bin\tests\sysintgtests.icore.common.entities.dll" id="76280909-97a3-c673-15d7-f6ad43090bb5">
      <TestCategory>
        <TestCategoryItem TestCategory="Entities" />
        <TestCategoryItem TestCategory="SystemIntegration" />
      </TestCategory>
      <Execution id="c24e0f14-902d-4e0e-8ee1-254431fb9119" />
      <TestMethod codeBase="F:\ETWork\bin\Tests\SysIntgTests.iCore.Common.Entities.dll" adapterTypeName="Microsoft.VisualStudio.TestTools.TestTypes.Unit.UnitTestAdapter" className="SysIntgTests.iCore.Common.Entities.ServerTests" name="TryGetById_NewGuid_ReturnsNull" />
    </UnitTest>
    <UnitTest name="TryGetById_KnownServerId_ReturnsEntityWithCorrectProperties (Data Row 0)" storage="f:\etwork\bin\tests\sysintgtests.icore.common.entities.dll" id="83b2dd3b-0baa-4905-ab2f-edf60f9fb59a">
      <TestCategory>
        <TestCategoryItem TestCategory="Entities" />
        <TestCategoryItem TestCategory="SystemIntegration" />
      </TestCategory>
      <Execution id="77cd84fd-e133-4de9-bfa8-81e9fa310afe" />
      <TestMethod codeBase="F:\ETWork\bin\Tests\SysIntgTests.iCore.Common.Entities.dll" adapterTypeName="Microsoft.VisualStudio.TestTools.TestTypes.Unit.UnitTestAdapter" className="SysIntgTests.iCore.Common.Entities.ServerTests" name="TryGetById_KnownServerId_ReturnsEntityWithCorrectProperties (Data Row 0)" />
    </UnitTest>
    <UnitTest name="TryGetById_KnownServerId_ReturnsEntityWithCorrectProperties (Data Row 1)" storage="f:\etwork\bin\tests\sysintgtests.icore.common.entities.dll" id="a9a1713a-3903-4a2c-b137-083071f7302c">
      <TestCategory>
        <TestCategoryItem TestCategory="Entities" />
        <TestCategoryItem TestCategory="SystemIntegration" />
      </TestCategory>
      <Execution id="1a74b2f7-bb45-4320-88b5-f2ee12d64caf" />
      <TestMethod codeBase="F:\ETWork\bin\Tests\SysIntgTests.iCore.Common.Entities.dll" adapterTypeName="Microsoft.VisualStudio.TestTools.TestTypes.Unit.UnitTestAdapter" className="SysIntgTests.iCore.Common.Entities.ServerTests" name="TryGetById_KnownServerId_ReturnsEntityWithCorrectProperties (Data Row 1)" />
    </UnitTest>
    <UnitTest name="TryGetById_KnownServerId_ReturnsEntityWithCorrectProperties (Data Row 2)" storage="f:\etwork\bin\tests\sysintgtests.icore.common.entities.dll" id="37868ba6-23a3-4db8-9954-3f5de7ab368b">
      <TestCategory>
        <TestCategoryItem TestCategory="Entities" />
        <TestCategoryItem TestCategory="SystemIntegration" />
      </TestCategory>
      <Execution id="a437a3c0-16b4-49d0-968c-c8883830c7cf" />
      <TestMethod codeBase="F:\ETWork\bin\Tests\SysIntgTests.iCore.Common.Entities.dll" adapterTypeName="Microsoft.VisualStudio.TestTools.TestTypes.Unit.UnitTestAdapter" className="SysIntgTests.iCore.Common.Entities.ServerTests" name="TryGetById_KnownServerId_ReturnsEntityWithCorrectProperties (Data Row 2)" />
    </UnitTest>
    <UnitTest name="GetSubEntityByKey_EnumerateValidApplicationPoolImpl_AppPoolImplAreReturned" storage="f:\etwork\bin\tests\sysintgtests.icore.common.entities.dll" id="cba514fd-1418-e0b6-3780-faa3997b8432">
      <Execution id="94ea77c0-c78d-40c1-ba61-45531b985528" />
      <TestMethod codeBase="F:\ETWork\bin\Tests\SysIntgTests.iCore.Common.Entities.dll" adapterTypeName="Microsoft.VisualStudio.TestTools.TestTypes.Unit.UnitTestAdapter" className="SysIntgTests.iCore.Common.Entities.ServerTests" name="GetSubEntityByKey_EnumerateValidApplicationPoolImpl_AppPoolImplAreReturned" />
    </UnitTest>
    <UnitTest name="GetSubEntityByKey_InvokedWithInvalidApplicationPoolImplId_EntityNotFoundExceptionIsThrown" storage="f:\etwork\bin\tests\sysintgtests.icore.common.entities.dll" id="d4d2bcb3-ef90-8dcd-824d-e9e757c4b401">
      <Execution id="2dabf945-71ad-4402-a7c2-e101a64def51" />
      <TestMethod codeBase="F:\ETWork\bin\Tests\SysIntgTests.iCore.Common.Entities.dll" adapterTypeName="Microsoft.VisualStudio.TestTools.TestTypes.Unit.UnitTestAdapter" className="SysIntgTests.iCore.Common.Entities.ServerTests" name="GetSubEntityByKey_InvokedWithInvalidApplicationPoolImplId_EntityNotFoundExceptionIsThrown" />
    </UnitTest>
    <UnitTest name="GetSubEntityByKey_InvokedWithInvalidTypeId_ArgumentExceptionIsThrown" storage="f:\etwork\bin\tests\sysintgtests.icore.common.entities.dll" id="41c01cb7-f837-dcc9-5b0f-2b7cc4fd6d9f">
      <Execution id="ab8037e7-55c6-4961-afc9-f898a6e8fd6f" />
      <TestMethod codeBase="F:\ETWork\bin\Tests\SysIntgTests.iCore.Common.Entities.dll" adapterTypeName="Microsoft.VisualStudio.TestTools.TestTypes.Unit.UnitTestAdapter" className="SysIntgTests.iCore.Common.Entities.ServerTests" name="GetSubEntityByKey_InvokedWithInvalidTypeId_ArgumentExceptionIsThrown" />
    </UnitTest>
    <UnitTest name="GetByKey_NewGuid_ThrowsEntityNotFoundException" storage="f:\etwork\bin\tests\sysintgtests.icore.common.entities.dll" id="6e7d75e7-565b-ab05-c5cf-712530c1d7c4">
      <TestCategory>
        <TestCategoryItem TestCategory="Entities" />
        <TestCategoryItem TestCategory="SystemIntegration" />
      </TestCategory>
      <Execution id="6aaf53e6-8bf7-49d3-9aca-5135d7a9616c" />
      <TestMethod codeBase="F:\ETWork\bin\Tests\SysIntgTests.iCore.Common.Entities.dll" adapterTypeName="Microsoft.VisualStudio.TestTools.TestTypes.Unit.UnitTestAdapter" className="SysIntgTests.iCore.Common.Entities.ServerTests" name="GetByKey_NewGuid_ThrowsEntityNotFoundException" />
    </UnitTest>
    <UnitTest name="GetByKey_KnownServerKey_ReturnsEntityWithCorrectProperties (Data Row 0)" storage="f:\etwork\bin\tests\sysintgtests.icore.common.entities.dll" id="8d1d2239-66fb-45f5-8662-efbef653ec1f">
      <TestCategory>
        <TestCategoryItem TestCategory="Entities" />
        <TestCategoryItem TestCategory="SystemIntegration" />
      </TestCategory>
      <Execution id="8e51f06f-068a-4cf3-908b-cdb112869742" />
      <TestMethod codeBase="F:\ETWork\bin\Tests\SysIntgTests.iCore.Common.Entities.dll" adapterTypeName="Microsoft.VisualStudio.TestTools.TestTypes.Unit.UnitTestAdapter" className="SysIntgTests.iCore.Common.Entities.ServerTests" name="GetByKey_KnownServerKey_ReturnsEntityWithCorrectProperties (Data Row 0)" />
    </UnitTest>
    <UnitTest name="GetByKey_KnownServerKey_ReturnsEntityWithCorrectProperties (Data Row 1)" storage="f:\etwork\bin\tests\sysintgtests.icore.common.entities.dll" id="4dc7619a-9321-42c1-8407-07cff1161281">
      <TestCategory>
        <TestCategoryItem TestCategory="Entities" />
        <TestCategoryItem TestCategory="SystemIntegration" />
      </TestCategory>
      <Execution id="6b9bf3fe-1665-4741-a508-87ea2df813a8" />
      <TestMethod codeBase="F:\ETWork\bin\Tests\SysIntgTests.iCore.Common.Entities.dll" adapterTypeName="Microsoft.VisualStudio.TestTools.TestTypes.Unit.UnitTestAdapter" className="SysIntgTests.iCore.Common.Entities.ServerTests" name="GetByKey_KnownServerKey_ReturnsEntityWithCorrectProperties (Data Row 1)" />
    </UnitTest>
    <UnitTest name="GetByKey_KnownServerKey_ReturnsEntityWithCorrectProperties (Data Row 2)" storage="f:\etwork\bin\tests\sysintgtests.icore.common.entities.dll" id="88d6c79b-f6f0-4caa-b15b-5feaf9f7653e">
      <TestCategory>
        <TestCategoryItem TestCategory="Entities" />
        <TestCategoryItem TestCategory="SystemIntegration" />
      </TestCategory>
      <Execution id="e19440d8-520c-4dac-865b-7af5859af5cb" />
      <TestMethod codeBase="F:\ETWork\bin\Tests\SysIntgTests.iCore.Common.Entities.dll" adapterTypeName="Microsoft.VisualStudio.TestTools.TestTypes.Unit.UnitTestAdapter" className="SysIntgTests.iCore.Common.Entities.ServerTests" name="GetByKey_KnownServerKey_ReturnsEntityWithCorrectProperties (Data Row 2)" />
    </UnitTest>
    <UnitTest name="GetByKey_UnsupportedKey_ThrowsArgumentException" storage="f:\etwork\bin\tests\sysintgtests.icore.common.entities.dll" id="f1772436-8b79-e9b6-21f4-0306f6c666b4">
      <TestCategory>
        <TestCategoryItem TestCategory="Entities" />
        <TestCategoryItem TestCategory="SystemIntegration" />
      </TestCategory>
      <Execution id="2726ba7f-bd8a-4b8e-84bf-e0cd088cec38" />
      <TestMethod codeBase="F:\ETWork\bin\Tests\SysIntgTests.iCore.Common.Entities.dll" adapterTypeName="Microsoft.VisualStudio.TestTools.TestTypes.Unit.UnitTestAdapter" className="SysIntgTests.iCore.Common.Entities.ServerTests" name="GetByKey_UnsupportedKey_ThrowsArgumentException" />
    </UnitTest>
    <UnitTest name="GetByName_NonExistingName_ThrowsEntityNotFoundException" storage="f:\etwork\bin\tests\sysintgtests.icore.common.entities.dll" id="e1edc985-db2e-47c5-4f63-fab612c0091f">
      <TestCategory>
        <TestCategoryItem TestCategory="Entities" />
        <TestCategoryItem TestCategory="SystemIntegration" />
      </TestCategory>
      <Execution id="2ebc8eae-bd15-45f5-ad44-76919e8727b9" />
      <TestMethod codeBase="F:\ETWork\bin\Tests\SysIntgTests.iCore.Common.Entities.dll" adapterTypeName="Microsoft.VisualStudio.TestTools.TestTypes.Unit.UnitTestAdapter" className="SysIntgTests.iCore.Common.Entities.ServerTests" name="GetByName_NonExistingName_ThrowsEntityNotFoundException" />
    </UnitTest>
    <UnitTest name="GetByName_KnownServerName_ReturnsEntityWithCorrectProperties (Data Row 0)" storage="f:\etwork\bin\tests\sysintgtests.icore.common.entities.dll" id="3061ba67-8800-4246-b336-dbd0ddf89a7b">
      <TestCategory>
        <TestCategoryItem TestCategory="Entities" />
        <TestCategoryItem TestCategory="SystemIntegration" />
      </TestCategory>
      <Execution id="03bc7c6e-f699-4afe-a70d-721f2ec900f5" />
      <TestMethod codeBase="F:\ETWork\bin\Tests\SysIntgTests.iCore.Common.Entities.dll" adapterTypeName="Microsoft.VisualStudio.TestTools.TestTypes.Unit.UnitTestAdapter" className="SysIntgTests.iCore.Common.Entities.ServerTests" name="GetByName_KnownServerName_ReturnsEntityWithCorrectProperties (Data Row 0)" />
    </UnitTest>
    <UnitTest name="GetByName_KnownServerName_ReturnsEntityWithCorrectProperties (Data Row 1)" storage="f:\etwork\bin\tests\sysintgtests.icore.common.entities.dll" id="4366533a-99d3-4c1f-b150-cd6e9bc848ab">
      <TestCategory>
        <TestCategoryItem TestCategory="Entities" />
        <TestCategoryItem TestCategory="SystemIntegration" />
      </TestCategory>
      <Execution id="d207058e-ec83-4621-abc4-582348edcddb" />
      <TestMethod codeBase="F:\ETWork\bin\Tests\SysIntgTests.iCore.Common.Entities.dll" adapterTypeName="Microsoft.VisualStudio.TestTools.TestTypes.Unit.UnitTestAdapter" className="SysIntgTests.iCore.Common.Entities.ServerTests" name="GetByName_KnownServerName_ReturnsEntityWithCorrectProperties (Data Row 1)" />
    </UnitTest>
    <UnitTest name="GetByName_KnownServerName_ReturnsEntityWithCorrectProperties (Data Row 2)" storage="f:\etwork\bin\tests\sysintgtests.icore.common.entities.dll" id="62b64d50-c7a7-4c5c-ac9f-0152c7c5c9ae">
      <TestCategory>
        <TestCategoryItem TestCategory="Entities" />
        <TestCategoryItem TestCategory="SystemIntegration" />
      </TestCategory>
      <Execution id="69a32653-78d9-4305-8102-7b3e5ce6c7ab" />
      <TestMethod codeBase="F:\ETWork\bin\Tests\SysIntgTests.iCore.Common.Entities.dll" adapterTypeName="Microsoft.VisualStudio.TestTools.TestTypes.Unit.UnitTestAdapter" className="SysIntgTests.iCore.Common.Entities.ServerTests" name="GetByName_KnownServerName_ReturnsEntityWithCorrectProperties (Data Row 2)" />
    </UnitTest>
    <UnitTest name="Add_NullName_ThrowsConditionalErrorException" storage="f:\etwork\bin\tests\sysintgtests.icore.common.entities.dll" id="f0d8bca8-cdf0-279c-279b-4548d60898ea">
      <TestCategory>
        <TestCategoryItem TestCategory="Entities" />
        <TestCategoryItem TestCategory="SystemIntegration" />
      </TestCategory>
      <Execution id="c2cff6c2-6524-4131-9710-79bf8f1bdbb7" />
      <TestMethod codeBase="F:\ETWork\bin\Tests\SysIntgTests.iCore.Common.Entities.dll" adapterTypeName="Microsoft.VisualStudio.TestTools.TestTypes.Unit.UnitTestAdapter" className="SysIntgTests.iCore.Common.Entities.ServerTests" name="Add_NullName_ThrowsConditionalErrorException" />
    </UnitTest>
    <UnitTest name="Add_EmptyName_ThrowsStringLengthErrorException" storage="f:\etwork\bin\tests\sysintgtests.icore.common.entities.dll" id="34864f5b-303b-6d6c-eaf0-a59c24425f9d">
      <TestCategory>
        <TestCategoryItem TestCategory="Entities" />
        <TestCategoryItem TestCategory="SystemIntegration" />
      </TestCategory>
      <Execution id="35bbc8ea-d49d-426c-88b5-b1d6fd49a4ed" />
      <TestMethod codeBase="F:\ETWork\bin\Tests\SysIntgTests.iCore.Common.Entities.dll" adapterTypeName="Microsoft.VisualStudio.TestTools.TestTypes.Unit.UnitTestAdapter" className="SysIntgTests.iCore.Common.Entities.ServerTests" name="Add_EmptyName_ThrowsStringLengthErrorException" />
    </UnitTest>
    <UnitTest name="Add_WhiteSpaceOnlyName_ThrowsStringLengthErrorException" storage="f:\etwork\bin\tests\sysintgtests.icore.common.entities.dll" id="675c0948-b4f2-a827-d3c9-87d2ccdd035b">
      <TestCategory>
        <TestCategoryItem TestCategory="Entities" />
        <TestCategoryItem TestCategory="SystemIntegration" />
      </TestCategory>
      <Execution id="5b3bd53f-748b-47e8-9c7b-e512a55fe58b" />
      <TestMethod codeBase="F:\ETWork\bin\Tests\SysIntgTests.iCore.Common.Entities.dll" adapterTypeName="Microsoft.VisualStudio.TestTools.TestTypes.Unit.UnitTestAdapter" className="SysIntgTests.iCore.Common.Entities.ServerTests" name="Add_WhiteSpaceOnlyName_ThrowsStringLengthErrorException" />
    </UnitTest>
    <UnitTest name="Add_TooLongName_ThrowsStringLengthErrorException" storage="f:\etwork\bin\tests\sysintgtests.icore.common.entities.dll" id="e97350a0-a3ab-c6b6-a2ea-3fa7f3548cb0">
      <TestCategory>
        <TestCategoryItem TestCategory="Entities" />
        <TestCategoryItem TestCategory="SystemIntegration" />
      </TestCategory>
      <Execution id="234bbe21-6d31-43c0-a529-1cf8108dac26" />
      <TestMethod codeBase="F:\ETWork\bin\Tests\SysIntgTests.iCore.Common.Entities.dll" adapterTypeName="Microsoft.VisualStudio.TestTools.TestTypes.Unit.UnitTestAdapter" className="SysIntgTests.iCore.Common.Entities.ServerTests" name="Add_TooLongName_ThrowsStringLengthErrorException" />
    </UnitTest>
    <UnitTest name="Add_LongDescription_Succeeds" storage="f:\etwork\bin\tests\sysintgtests.icore.common.entities.dll" id="61b9d8cc-d8d9-cd52-91fd-0dbcf539a06a">
      <TestCategory>
        <TestCategoryItem TestCategory="Entities" />
        <TestCategoryItem TestCategory="SystemIntegration" />
      </TestCategory>
      <Execution id="559942c2-ad93-4dd3-8c39-f54df9e6c208" />
      <TestMethod codeBase="F:\ETWork\bin\Tests\SysIntgTests.iCore.Common.Entities.dll" adapterTypeName="Microsoft.VisualStudio.TestTools.TestTypes.Unit.UnitTestAdapter" className="SysIntgTests.iCore.Common.Entities.ServerTests" name="Add_LongDescription_Succeeds" />
    </UnitTest>
    <UnitTest name="Add_ValidProperties_IdAndTimesAreUpdatedCorrectly" storage="f:\etwork\bin\tests\sysintgtests.icore.common.entities.dll" id="b30e3616-fa16-87c3-016e-9b3c262c6cda">
      <TestCategory>
        <TestCategoryItem TestCategory="Entities" />
        <TestCategoryItem TestCategory="SystemIntegration" />
      </TestCategory>
      <Execution id="60958e3b-e9bf-40c3-a5c8-cc86f3e7d3af" />
      <TestMethod codeBase="F:\ETWork\bin\Tests\SysIntgTests.iCore.Common.Entities.dll" adapterTypeName="Microsoft.VisualStudio.TestTools.TestTypes.Unit.UnitTestAdapter" className="SysIntgTests.iCore.Common.Entities.ServerTests" name="Add_ValidProperties_IdAndTimesAreUpdatedCorrectly" />
    </UnitTest>
    <UnitTest name="Add_ComplexProperties_ArePersistedCorrectly" storage="f:\etwork\bin\tests\sysintgtests.icore.common.entities.dll" id="c219e793-100b-ea94-8723-678e7a77716c">
      <TestCategory>
        <TestCategoryItem TestCategory="Entities" />
        <TestCategoryItem TestCategory="SystemIntegration" />
      </TestCategory>
      <Execution id="7f42504f-fce1-48ef-959e-0ad93bd93b8c" />
      <TestMethod codeBase="F:\ETWork\bin\Tests\SysIntgTests.iCore.Common.Entities.dll" adapterTypeName="Microsoft.VisualStudio.TestTools.TestTypes.Unit.UnitTestAdapter" className="SysIntgTests.iCore.Common.Entities.ServerTests" name="Add_ComplexProperties_ArePersistedCorrectly" />
    </UnitTest>
    <UnitTest name="Add_DuplicateName_ThrowsUniqueValueAddConflictException" storage="f:\etwork\bin\tests\sysintgtests.icore.common.entities.dll" id="99d401fa-0f3b-4aec-3c8b-dbe7f115c063">
      <TestCategory>
        <TestCategoryItem TestCategory="Entities" />
        <TestCategoryItem TestCategory="SystemIntegration" />
      </TestCategory>
      <Execution id="dc988949-2114-40ba-9ff9-810f908a5993" />
      <TestMethod codeBase="F:\ETWork\bin\Tests\SysIntgTests.iCore.Common.Entities.dll" adapterTypeName="Microsoft.VisualStudio.TestTools.TestTypes.Unit.UnitTestAdapter" className="SysIntgTests.iCore.Common.Entities.ServerTests" name="Add_DuplicateName_ThrowsUniqueValueAddConflictException" />
    </UnitTest>
    <UnitTest name="Add_NullMachineName_ThrowsConditionalErrorException" storage="f:\etwork\bin\tests\sysintgtests.icore.common.entities.dll" id="156f337c-2b97-01a3-a62d-a40937435e97">
      <TestCategory>
        <TestCategoryItem TestCategory="Entities" />
        <TestCategoryItem TestCategory="SystemIntegration" />
      </TestCategory>
      <Execution id="ba0b3086-714c-451f-9674-963efbcb4255" />
      <TestMethod codeBase="F:\ETWork\bin\Tests\SysIntgTests.iCore.Common.Entities.dll" adapterTypeName="Microsoft.VisualStudio.TestTools.TestTypes.Unit.UnitTestAdapter" className="SysIntgTests.iCore.Common.Entities.ServerTests" name="Add_NullMachineName_ThrowsConditionalErrorException" />
    </UnitTest>
    <UnitTest name="Add_EmptyMachineName_ThrowsStringLengthErrorException" storage="f:\etwork\bin\tests\sysintgtests.icore.common.entities.dll" id="81d66c51-ab1a-3b4b-7916-8fe74d9605b0">
      <TestCategory>
        <TestCategoryItem TestCategory="Entities" />
        <TestCategoryItem TestCategory="SystemIntegration" />
      </TestCategory>
      <Execution id="0a803b52-1696-4894-8470-8311484c4ac6" />
      <TestMethod codeBase="F:\ETWork\bin\Tests\SysIntgTests.iCore.Common.Entities.dll" adapterTypeName="Microsoft.VisualStudio.TestTools.TestTypes.Unit.UnitTestAdapter" className="SysIntgTests.iCore.Common.Entities.ServerTests" name="Add_EmptyMachineName_ThrowsStringLengthErrorException" />
    </UnitTest>
    <UnitTest name="Add_WhitespaceOnlyMachineName_ThrowsStringLengthErrorException" storage="f:\etwork\bin\tests\sysintgtests.icore.common.entities.dll" id="2801c0cb-c707-14d8-5cae-8d70a2104aa0">
      <TestCategory>
        <TestCategoryItem TestCategory="Entities" />
        <TestCategoryItem TestCategory="SystemIntegration" />
      </TestCategory>
      <Execution id="3647b42c-505d-4b09-8f96-af5f6a81ebf6" />
      <TestMethod codeBase="F:\ETWork\bin\Tests\SysIntgTests.iCore.Common.Entities.dll" adapterTypeName="Microsoft.VisualStudio.TestTools.TestTypes.Unit.UnitTestAdapter" className="SysIntgTests.iCore.Common.Entities.ServerTests" name="Add_WhitespaceOnlyMachineName_ThrowsStringLengthErrorException" />
    </UnitTest>
    <UnitTest name="Add_TooLongMachineName_ThrowsStringLengthErrorException" storage="f:\etwork\bin\tests\sysintgtests.icore.common.entities.dll" id="bc70d10e-16a1-8317-e29a-d63fec3a2457">
      <TestCategory>
        <TestCategoryItem TestCategory="Entities" />
        <TestCategoryItem TestCategory="SystemIntegration" />
      </TestCategory>
      <Execution id="d66426ea-d40d-4d3a-9448-16524829701c" />
      <TestMethod codeBase="F:\ETWork\bin\Tests\SysIntgTests.iCore.Common.Entities.dll" adapterTypeName="Microsoft.VisualStudio.TestTools.TestTypes.Unit.UnitTestAdapter" className="SysIntgTests.iCore.Common.Entities.ServerTests" name="Add_TooLongMachineName_ThrowsStringLengthErrorException" />
    </UnitTest>
    <UnitTest name="Add_RelativeComponentPath_ThrowsFormatException" storage="f:\etwork\bin\tests\sysintgtests.icore.common.entities.dll" id="2c723a85-c87a-9b10-5904-b8e76505e89f">
      <TestCategory>
        <TestCategoryItem TestCategory="Entities" />
        <TestCategoryItem TestCategory="SystemIntegration" />
      </TestCategory>
      <Execution id="087988fa-022f-44da-acdf-d75697295216" />
      <TestMethod codeBase="F:\ETWork\bin\Tests\SysIntgTests.iCore.Common.Entities.dll" adapterTypeName="Microsoft.VisualStudio.TestTools.TestTypes.Unit.UnitTestAdapter" className="SysIntgTests.iCore.Common.Entities.ServerTests" name="Add_RelativeComponentPath_ThrowsFormatException" />
    </UnitTest>
    <UnitTest name="Add_AbsoluteComponentPath_Succeeds" storage="f:\etwork\bin\tests\sysintgtests.icore.common.entities.dll" id="3e8fbf27-6796-b5ac-9bcc-2ed097ed4515">
      <TestCategory>
        <TestCategoryItem TestCategory="Entities" />
        <TestCategoryItem TestCategory="SystemIntegration" />
      </TestCategory>
      <Execution id="35232794-34f1-4080-a4cf-508c4ce5f812" />
      <TestMethod codeBase="F:\ETWork\bin\Tests\SysIntgTests.iCore.Common.Entities.dll" adapterTypeName="Microsoft.VisualStudio.TestTools.TestTypes.Unit.UnitTestAdapter" className="SysIntgTests.iCore.Common.Entities.ServerTests" name="Add_AbsoluteComponentPath_Succeeds" />
    </UnitTest>
    <UnitTest name="Add_UNCComponentPath_Succeeds" storage="f:\etwork\bin\tests\sysintgtests.icore.common.entities.dll" id="5fd18070-726f-428d-dcf7-d70ea24b9a1f">
      <TestCategory>
        <TestCategoryItem TestCategory="Entities" />
        <TestCategoryItem TestCategory="SystemIntegration" />
      </TestCategory>
      <Execution id="617a28a7-3cf1-42a9-a87b-e75ee0a0c1b7" />
      <TestMethod codeBase="F:\ETWork\bin\Tests\SysIntgTests.iCore.Common.Entities.dll" adapterTypeName="Microsoft.VisualStudio.TestTools.TestTypes.Unit.UnitTestAdapter" className="SysIntgTests.iCore.Common.Entities.ServerTests" name="Add_UNCComponentPath_Succeeds" />
    </UnitTest>
    <UnitTest name="Add_EmptyComponentPath_Succeeds" storage="f:\etwork\bin\tests\sysintgtests.icore.common.entities.dll" id="f49ad609-3374-fd89-70ff-0b82ca435017">
      <TestCategory>
        <TestCategoryItem TestCategory="Entities" />
        <TestCategoryItem TestCategory="SystemIntegration" />
      </TestCategory>
      <Execution id="6a7bd5b4-f778-4d39-ab0c-d0e16af5668b" />
      <TestMethod codeBase="F:\ETWork\bin\Tests\SysIntgTests.iCore.Common.Entities.dll" adapterTypeName="Microsoft.VisualStudio.TestTools.TestTypes.Unit.UnitTestAdapter" className="SysIntgTests.iCore.Common.Entities.ServerTests" name="Add_EmptyComponentPath_Succeeds" />
    </UnitTest>
    <UnitTest name="Add_NullIpAddress_ThrowsConditionalErrorException" storage="f:\etwork\bin\tests\sysintgtests.icore.common.entities.dll" id="184cad12-2dfc-f879-e4ba-28b0d07f9046">
      <TestCategory>
        <TestCategoryItem TestCategory="Entities" />
        <TestCategoryItem TestCategory="SystemIntegration" />
      </TestCategory>
      <Execution id="c5daf3a8-1031-4402-aa75-78d9cd0ebb71" />
      <TestMethod codeBase="F:\ETWork\bin\Tests\SysIntgTests.iCore.Common.Entities.dll" adapterTypeName="Microsoft.VisualStudio.TestTools.TestTypes.Unit.UnitTestAdapter" className="SysIntgTests.iCore.Common.Entities.ServerTests" name="Add_NullIpAddress_ThrowsConditionalErrorException" />
    </UnitTest>
    <UnitTest name="Add_InvalidIpAddress_ThrowsConditionalErrorException" storage="f:\etwork\bin\tests\sysintgtests.icore.common.entities.dll" id="8d28573a-8d7f-d76d-bfa2-0c07b6c2693a">
      <TestCategory>
        <TestCategoryItem TestCategory="Entities" />
        <TestCategoryItem TestCategory="SystemIntegration" />
      </TestCategory>
      <Execution id="ea2ca522-4959-41d6-8fdb-4aa36b5a828d" />
      <TestMethod codeBase="F:\ETWork\bin\Tests\SysIntgTests.iCore.Common.Entities.dll" adapterTypeName="Microsoft.VisualStudio.TestTools.TestTypes.Unit.UnitTestAdapter" className="SysIntgTests.iCore.Common.Entities.ServerTests" name="Add_InvalidIpAddress_ThrowsConditionalErrorException" />
    </UnitTest>
    <UnitTest name="Add_NegativeEventListenerPriority_ThrowsConditionalErrorException" storage="f:\etwork\bin\tests\sysintgtests.icore.common.entities.dll" id="c68aa1fb-cfbe-92b4-9305-65a0b25220d1">
      <TestCategory>
        <TestCategoryItem TestCategory="Entities" />
        <TestCategoryItem TestCategory="SystemIntegration" />
      </TestCategory>
      <Execution id="4d4a57c6-ab09-4653-a3e7-081d239dcc1e" />
      <TestMethod codeBase="F:\ETWork\bin\Tests\SysIntgTests.iCore.Common.Entities.dll" adapterTypeName="Microsoft.VisualStudio.TestTools.TestTypes.Unit.UnitTestAdapter" className="SysIntgTests.iCore.Common.Entities.ServerTests" name="Add_NegativeEventListenerPriority_ThrowsConditionalErrorException" />
    </UnitTest>
    <UnitTest name="Add_NegativeEventGeneratorPriority_ThrowsConditionalErrorException" storage="f:\etwork\bin\tests\sysintgtests.icore.common.entities.dll" id="6e0e21fb-78ab-7943-7a82-2eb40dfd9830">
      <TestCategory>
        <TestCategoryItem TestCategory="Entities" />
        <TestCategoryItem TestCategory="SystemIntegration" />
      </TestCategory>
      <Execution id="0e9c63be-576f-40d5-8618-f3b239c05f68" />
      <TestMethod codeBase="F:\ETWork\bin\Tests\SysIntgTests.iCore.Common.Entities.dll" adapterTypeName="Microsoft.VisualStudio.TestTools.TestTypes.Unit.UnitTestAdapter" className="SysIntgTests.iCore.Common.Entities.ServerTests" name="Add_NegativeEventGeneratorPriority_ThrowsConditionalErrorException" />
    </UnitTest>
    <UnitTest name="Add_NegativeEventProcessorPriority_ThrowsConditionalErrorException" storage="f:\etwork\bin\tests\sysintgtests.icore.common.entities.dll" id="90548cf1-a27b-8db5-41f6-af6ca47117a3">
      <TestCategory>
        <TestCategoryItem TestCategory="Entities" />
        <TestCategoryItem TestCategory="SystemIntegration" />
      </TestCategory>
      <Execution id="ddcc625b-9e2e-4ad0-8f71-b946667d9d98" />
      <TestMethod codeBase="F:\ETWork\bin\Tests\SysIntgTests.iCore.Common.Entities.dll" adapterTypeName="Microsoft.VisualStudio.TestTools.TestTypes.Unit.UnitTestAdapter" className="SysIntgTests.iCore.Common.Entities.ServerTests" name="Add_NegativeEventProcessorPriority_ThrowsConditionalErrorException" />
    </UnitTest>
    <UnitTest name="Add_NegativeJobManagerPriority_ThrowsConditionalErrorException" storage="f:\etwork\bin\tests\sysintgtests.icore.common.entities.dll" id="943afe91-9052-e806-3fbd-2ebe3f8abafa">
      <TestCategory>
        <TestCategoryItem TestCategory="Entities" />
        <TestCategoryItem TestCategory="SystemIntegration" />
      </TestCategory>
      <Execution id="b006dbaf-866a-4d64-8458-ef1506128c01" />
      <TestMethod codeBase="F:\ETWork\bin\Tests\SysIntgTests.iCore.Common.Entities.dll" adapterTypeName="Microsoft.VisualStudio.TestTools.TestTypes.Unit.UnitTestAdapter" className="SysIntgTests.iCore.Common.Entities.ServerTests" name="Add_NegativeJobManagerPriority_ThrowsConditionalErrorException" />
    </UnitTest>
    <UnitTest name="Add_DuplicateMachineIdAndEnabledTrue_ThrowsConditionalErrorException" storage="f:\etwork\bin\tests\sysintgtests.icore.common.entities.dll" id="d81ee7e7-f7eb-1c1c-b56d-a5ca4ebbd873">
      <TestCategory>
        <TestCategoryItem TestCategory="Entities" />
        <TestCategoryItem TestCategory="SystemIntegration" />
      </TestCategory>
      <Execution id="337ecbd8-ad65-4d48-ab4e-6b7c63fd8a43" />
      <TestMethod codeBase="F:\ETWork\bin\Tests\SysIntgTests.iCore.Common.Entities.dll" adapterTypeName="Microsoft.VisualStudio.TestTools.TestTypes.Unit.UnitTestAdapter" className="SysIntgTests.iCore.Common.Entities.ServerTests" name="Add_DuplicateMachineIdAndEnabledTrue_ThrowsConditionalErrorException" />
    </UnitTest>
    <UnitTest name="Delete_ExistingServer_SuccessfullyDeletesServer (Data Row 0)" storage="f:\etwork\bin\tests\sysintgtests.icore.common.entities.dll" id="4b99dd7c-99fc-4165-81b6-a88102655669">
      <TestCategory>
        <TestCategoryItem TestCategory="Entities" />
        <TestCategoryItem TestCategory="SystemIntegration" />
      </TestCategory>
      <Execution id="5087aa92-151e-44cf-9778-00d8e709f7cf" />
      <TestMethod codeBase="F:\ETWork\bin\Tests\SysIntgTests.iCore.Common.Entities.dll" adapterTypeName="Microsoft.VisualStudio.TestTools.TestTypes.Unit.UnitTestAdapter" className="SysIntgTests.iCore.Common.Entities.ServerTests" name="Delete_ExistingServer_SuccessfullyDeletesServer (Data Row 0)" />
    </UnitTest>
    <UnitTest name="Delete_ExistingServer_SuccessfullyDeletesServer (Data Row 1)" storage="f:\etwork\bin\tests\sysintgtests.icore.common.entities.dll" id="acb55342-efaf-43d5-ab02-10ce852a814f">
      <TestCategory>
        <TestCategoryItem TestCategory="Entities" />
        <TestCategoryItem TestCategory="SystemIntegration" />
      </TestCategory>
      <Execution id="ec1c23a3-55eb-4726-aa65-ffe8dbe7b47c" />
      <TestMethod codeBase="F:\ETWork\bin\Tests\SysIntgTests.iCore.Common.Entities.dll" adapterTypeName="Microsoft.VisualStudio.TestTools.TestTypes.Unit.UnitTestAdapter" className="SysIntgTests.iCore.Common.Entities.ServerTests" name="Delete_ExistingServer_SuccessfullyDeletesServer (Data Row 1)" />
    </UnitTest>
    <UnitTest name="Delete_ExistingServer_SuccessfullyDeletesServer (Data Row 2)" storage="f:\etwork\bin\tests\sysintgtests.icore.common.entities.dll" id="4fe95a23-a621-4029-9b22-4cdab0d0d58d">
      <TestCategory>
        <TestCategoryItem TestCategory="Entities" />
        <TestCategoryItem TestCategory="SystemIntegration" />
      </TestCategory>
      <Execution id="b0dc4d93-f1bf-4db4-964a-b050c4c66525" />
      <TestMethod codeBase="F:\ETWork\bin\Tests\SysIntgTests.iCore.Common.Entities.dll" adapterTypeName="Microsoft.VisualStudio.TestTools.TestTypes.Unit.UnitTestAdapter" className="SysIntgTests.iCore.Common.Entities.ServerTests" name="Delete_ExistingServer_SuccessfullyDeletesServer (Data Row 2)" />
    </UnitTest>
    <UnitTest name="Update_NullName_ThrowsConditionalErrorException" storage="f:\etwork\bin\tests\sysintgtests.icore.common.entities.dll" id="0ea3af9a-827f-312d-73e1-39c09c533c6d">
      <TestCategory>
        <TestCategoryItem TestCategory="Entities" />
        <TestCategoryItem TestCategory="SystemIntegration" />
      </TestCategory>
      <Execution id="785b2e45-8cc3-4739-97b6-db60f84f951d" />
      <TestMethod codeBase="F:\ETWork\bin\Tests\SysIntgTests.iCore.Common.Entities.dll" adapterTypeName="Microsoft.VisualStudio.TestTools.TestTypes.Unit.UnitTestAdapter" className="SysIntgTests.iCore.Common.Entities.ServerTests" name="Update_NullName_ThrowsConditionalErrorException" />
    </UnitTest>
    <UnitTest name="Update_EmtpyName_ThrowsStringLengthErrorException" storage="f:\etwork\bin\tests\sysintgtests.icore.common.entities.dll" id="9ece289a-c0dc-4fcd-890b-aac35268294c">
      <TestCategory>
        <TestCategoryItem TestCategory="Entities" />
        <TestCategoryItem TestCategory="SystemIntegration" />
      </TestCategory>
      <Execution id="6ec705cb-7315-4606-a180-f774cc43706c" />
      <TestMethod codeBase="F:\ETWork\bin\Tests\SysIntgTests.iCore.Common.Entities.dll" adapterTypeName="Microsoft.VisualStudio.TestTools.TestTypes.Unit.UnitTestAdapter" className="SysIntgTests.iCore.Common.Entities.ServerTests" name="Update_EmtpyName_ThrowsStringLengthErrorException" />
    </UnitTest>
    <UnitTest name="Update_WhitespaceOnlyName_ThrowsStringLengthErrorException" storage="f:\etwork\bin\tests\sysintgtests.icore.common.entities.dll" id="80494c45-acb3-706e-ff5e-d61198697bea">
      <TestCategory>
        <TestCategoryItem TestCategory="Entities" />
        <TestCategoryItem TestCategory="SystemIntegration" />
      </TestCategory>
      <Execution id="8f02cd46-86c0-49a2-96c6-010a2df57821" />
      <TestMethod codeBase="F:\ETWork\bin\Tests\SysIntgTests.iCore.Common.Entities.dll" adapterTypeName="Microsoft.VisualStudio.TestTools.TestTypes.Unit.UnitTestAdapter" className="SysIntgTests.iCore.Common.Entities.ServerTests" name="Update_WhitespaceOnlyName_ThrowsStringLengthErrorException" />
    </UnitTest>
    <UnitTest name="Update_TooLongName_ThrowsStringLengthErrorException" storage="f:\etwork\bin\tests\sysintgtests.icore.common.entities.dll" id="409e3400-54c0-d5d1-9f85-284945637b15">
      <TestCategory>
        <TestCategoryItem TestCategory="Entities" />
        <TestCategoryItem TestCategory="SystemIntegration" />
      </TestCategory>
      <Execution id="272fc3d3-b8e1-4725-834b-0fda7bbcfab6" />
      <TestMethod codeBase="F:\ETWork\bin\Tests\SysIntgTests.iCore.Common.Entities.dll" adapterTypeName="Microsoft.VisualStudio.TestTools.TestTypes.Unit.UnitTestAdapter" className="SysIntgTests.iCore.Common.Entities.ServerTests" name="Update_TooLongName_ThrowsStringLengthErrorException" />
    </UnitTest>
    <UnitTest name="Update_LongDescription_Succeeds" storage="f:\etwork\bin\tests\sysintgtests.icore.common.entities.dll" id="2ea8aad5-d67c-b28f-f933-01b3ebc561af">
      <TestCategory>
        <TestCategoryItem TestCategory="Entities" />
        <TestCategoryItem TestCategory="SystemIntegration" />
      </TestCategory>
      <Execution id="e8194b41-a168-4126-8647-037869421f6c" />
      <TestMethod codeBase="F:\ETWork\bin\Tests\SysIntgTests.iCore.Common.Entities.dll" adapterTypeName="Microsoft.VisualStudio.TestTools.TestTypes.Unit.UnitTestAdapter" className="SysIntgTests.iCore.Common.Entities.ServerTests" name="Update_LongDescription_Succeeds" />
    </UnitTest>
    <UnitTest name="Update_DuplicateName_ThrowsUniqueValueAddConflictException" storage="f:\etwork\bin\tests\sysintgtests.icore.common.entities.dll" id="9b418e43-6bca-9562-6f6a-5955dc946d18">
      <TestCategory>
        <TestCategoryItem TestCategory="Entities" />
        <TestCategoryItem TestCategory="SystemIntegration" />
      </TestCategory>
      <Execution id="f6f17a62-019e-4286-950b-b8f18f69a2cb" />
      <TestMethod codeBase="F:\ETWork\bin\Tests\SysIntgTests.iCore.Common.Entities.dll" adapterTypeName="Microsoft.VisualStudio.TestTools.TestTypes.Unit.UnitTestAdapter" className="SysIntgTests.iCore.Common.Entities.ServerTests" name="Update_DuplicateName_ThrowsUniqueValueAddConflictException" />
    </UnitTest>
    <UnitTest name="Update_NullMachineId_ThrowsConditionalErrorException" storage="f:\etwork\bin\tests\sysintgtests.icore.common.entities.dll" id="4d4782a3-44a2-9494-eafe-daa767494a1b">
      <TestCategory>
        <TestCategoryItem TestCategory="Entities" />
        <TestCategoryItem TestCategory="SystemIntegration" />
      </TestCategory>
      <Execution id="2cd9682a-c9c8-4f84-a959-6b4615d1f773" />
      <TestMethod codeBase="F:\ETWork\bin\Tests\SysIntgTests.iCore.Common.Entities.dll" adapterTypeName="Microsoft.VisualStudio.TestTools.TestTypes.Unit.UnitTestAdapter" className="SysIntgTests.iCore.Common.Entities.ServerTests" name="Update_NullMachineId_ThrowsConditionalErrorException" />
    </UnitTest>
    <UnitTest name="Update_EmptyMachineId_ThrowsStringLengthErrorException" storage="f:\etwork\bin\tests\sysintgtests.icore.common.entities.dll" id="a6c183bb-d52a-b804-f686-e17d30320a0c">
      <TestCategory>
        <TestCategoryItem TestCategory="Entities" />
        <TestCategoryItem TestCategory="SystemIntegration" />
      </TestCategory>
      <Execution id="c5b969b3-0f1a-4fda-91d9-097a00865c3a" />
      <TestMethod codeBase="F:\ETWork\bin\Tests\SysIntgTests.iCore.Common.Entities.dll" adapterTypeName="Microsoft.VisualStudio.TestTools.TestTypes.Unit.UnitTestAdapter" className="SysIntgTests.iCore.Common.Entities.ServerTests" name="Update_EmptyMachineId_ThrowsStringLengthErrorException" />
    </UnitTest>
    <UnitTest name="Update_WhitespaceOnlyMachineId_ThrowsStringLengthErrorException" storage="f:\etwork\bin\tests\sysintgtests.icore.common.entities.dll" id="d87b727a-598a-63bc-d0e2-85f8825b8a00">
      <TestCategory>
        <TestCategoryItem TestCategory="Entities" />
        <TestCategoryItem TestCategory="SystemIntegration" />
      </TestCategory>
      <Execution id="e4a9ec20-e3de-4e6e-a060-1f12c0391da2" />
      <TestMethod codeBase="F:\ETWork\bin\Tests\SysIntgTests.iCore.Common.Entities.dll" adapterTypeName="Microsoft.VisualStudio.TestTools.TestTypes.Unit.UnitTestAdapter" className="SysIntgTests.iCore.Common.Entities.ServerTests" name="Update_WhitespaceOnlyMachineId_ThrowsStringLengthErrorException" />
    </UnitTest>
    <UnitTest name="Update_TooLongMachineId_ThrowsStringLengthErrorException" storage="f:\etwork\bin\tests\sysintgtests.icore.common.entities.dll" id="fae4bc3f-feeb-80dc-84f6-10c88658a71b">
      <TestCategory>
        <TestCategoryItem TestCategory="Entities" />
        <TestCategoryItem TestCategory="SystemIntegration" />
      </TestCategory>
      <Execution id="b9fc4388-cea6-449f-88e9-079ab299a11a" />
      <TestMethod codeBase="F:\ETWork\bin\Tests\SysIntgTests.iCore.Common.Entities.dll" adapterTypeName="Microsoft.VisualStudio.TestTools.TestTypes.Unit.UnitTestAdapter" className="SysIntgTests.iCore.Common.Entities.ServerTests" name="Update_TooLongMachineId_ThrowsStringLengthErrorException" />
    </UnitTest>
    <UnitTest name="Update_NullIpAddress_ThrowsConditionalErrorException" storage="f:\etwork\bin\tests\sysintgtests.icore.common.entities.dll" id="41036884-e112-5dec-06b3-990667a2ca17">
      <TestCategory>
        <TestCategoryItem TestCategory="Entities" />
        <TestCategoryItem TestCategory="SystemIntegration" />
      </TestCategory>
      <Execution id="fb6b260f-41ad-42e9-9d70-952deacc5a09" />
      <TestMethod codeBase="F:\ETWork\bin\Tests\SysIntgTests.iCore.Common.Entities.dll" adapterTypeName="Microsoft.VisualStudio.TestTools.TestTypes.Unit.UnitTestAdapter" className="SysIntgTests.iCore.Common.Entities.ServerTests" name="Update_NullIpAddress_ThrowsConditionalErrorException" />
    </UnitTest>
    <UnitTest name="Update_InvalidIpAddress_ThrowsFormatException" storage="f:\etwork\bin\tests\sysintgtests.icore.common.entities.dll" id="e1ca09ef-1548-9e13-4d2c-f1ed8eb38e72">
      <TestCategory>
        <TestCategoryItem TestCategory="Entities" />
        <TestCategoryItem TestCategory="SystemIntegration" />
      </TestCategory>
      <Execution id="f5f41391-ecd5-4b17-84db-7ca9e5404f28" />
      <TestMethod codeBase="F:\ETWork\bin\Tests\SysIntgTests.iCore.Common.Entities.dll" adapterTypeName="Microsoft.VisualStudio.TestTools.TestTypes.Unit.UnitTestAdapter" className="SysIntgTests.iCore.Common.Entities.ServerTests" name="Update_InvalidIpAddress_ThrowsFormatException" />
    </UnitTest>
    <UnitTest name="Update_InvalidEventListenerPriority_ThrowsValueOutOfRangeErrorException" storage="f:\etwork\bin\tests\sysintgtests.icore.common.entities.dll" id="e377c667-c4e1-60f4-6e36-44d34133461e">
      <TestCategory>
        <TestCategoryItem TestCategory="Entities" />
        <TestCategoryItem TestCategory="SystemIntegration" />
      </TestCategory>
      <Execution id="6ebba864-b689-42c8-bacb-c212c1ca6c63" />
      <TestMethod codeBase="F:\ETWork\bin\Tests\SysIntgTests.iCore.Common.Entities.dll" adapterTypeName="Microsoft.VisualStudio.TestTools.TestTypes.Unit.UnitTestAdapter" className="SysIntgTests.iCore.Common.Entities.ServerTests" name="Update_InvalidEventListenerPriority_ThrowsValueOutOfRangeErrorException" />
    </UnitTest>
    <UnitTest name="Update_InvalidEventGeneratorPriority_ThrowsValueOutOfRangeErrorException" storage="f:\etwork\bin\tests\sysintgtests.icore.common.entities.dll" id="4c30032d-51df-69d4-26eb-10f741d1986b">
      <TestCategory>
        <TestCategoryItem TestCategory="Entities" />
        <TestCategoryItem TestCategory="SystemIntegration" />
      </TestCategory>
      <Execution id="ef291ad7-d685-48f9-a548-1544f25c5239" />
      <TestMethod codeBase="F:\ETWork\bin\Tests\SysIntgTests.iCore.Common.Entities.dll" adapterTypeName="Microsoft.VisualStudio.TestTools.TestTypes.Unit.UnitTestAdapter" className="SysIntgTests.iCore.Common.Entities.ServerTests" name="Update_InvalidEventGeneratorPriority_ThrowsValueOutOfRangeErrorException" />
    </UnitTest>
    <UnitTest name="Update_InvalidEventProcessorPriority_ThrowsValueOutOfRangeErrorException" storage="f:\etwork\bin\tests\sysintgtests.icore.common.entities.dll" id="b23abe4a-2108-b714-80e3-12c5c9d24469">
      <TestCategory>
        <TestCategoryItem TestCategory="Entities" />
        <TestCategoryItem TestCategory="SystemIntegration" />
      </TestCategory>
      <Execution id="9befd368-bda2-4a79-b392-50e56029e879" />
      <TestMethod codeBase="F:\ETWork\bin\Tests\SysIntgTests.iCore.Common.Entities.dll" adapterTypeName="Microsoft.VisualStudio.TestTools.TestTypes.Unit.UnitTestAdapter" className="SysIntgTests.iCore.Common.Entities.ServerTests" name="Update_InvalidEventProcessorPriority_ThrowsValueOutOfRangeErrorException" />
    </UnitTest>
    <UnitTest name="Update_InvalidJobManagerPriority_ThrowsValueOutOfRangeErrorException" storage="f:\etwork\bin\tests\sysintgtests.icore.common.entities.dll" id="ec6d5db0-3829-08ca-162a-32d5846bcc18">
      <TestCategory>
        <TestCategoryItem TestCategory="Entities" />
        <TestCategoryItem TestCategory="SystemIntegration" />
      </TestCategory>
      <Execution id="f8aff347-55d3-42a1-a216-1b9f8aa9009a" />
      <TestMethod codeBase="F:\ETWork\bin\Tests\SysIntgTests.iCore.Common.Entities.dll" adapterTypeName="Microsoft.VisualStudio.TestTools.TestTypes.Unit.UnitTestAdapter" className="SysIntgTests.iCore.Common.Entities.ServerTests" name="Update_InvalidJobManagerPriority_ThrowsValueOutOfRangeErrorException" />
    </UnitTest>
    <UnitTest name="Update_ComplexProperties_ArePersistedCorrectly" storage="f:\etwork\bin\tests\sysintgtests.icore.common.entities.dll" id="0af610c1-25e8-4d45-b698-e9ee1cede74a">
      <TestCategory>
        <TestCategoryItem TestCategory="Entities" />
        <TestCategoryItem TestCategory="SystemIntegration" />
      </TestCategory>
      <Execution id="7859fbb5-dda9-49b8-bfea-064e1a1b0454" />
      <TestMethod codeBase="F:\ETWork\bin\Tests\SysIntgTests.iCore.Common.Entities.dll" adapterTypeName="Microsoft.VisualStudio.TestTools.TestTypes.Unit.UnitTestAdapter" className="SysIntgTests.iCore.Common.Entities.ServerTests" name="Update_ComplexProperties_ArePersistedCorrectly" />
    </UnitTest>
    <UnitTest name="RepositoryEntityTypeId_ReturnsPartnerAttributeType" storage="f:\etwork\bin\tests\sysintgtests.icore.common.entities.dll" id="ba4db4aa-669d-f2eb-118a-1f101f683f8b">
      <TestCategory>
        <TestCategoryItem TestCategory="Entities" />
        <TestCategoryItem TestCategory="SystemIntegration" />
      </TestCategory>
      <Execution id="5bab1f4c-619c-4c98-b520-7a94f41d4666" />
      <TestMethod codeBase="F:\ETWork\bin\Tests\SysIntgTests.iCore.Common.Entities.dll" adapterTypeName="Microsoft.VisualStudio.TestTools.TestTypes.Unit.UnitTestAdapter" className="SysIntgTests.iCore.Common.Entities.PartnerAttributeGroupTypeTests" name="RepositoryEntityTypeId_ReturnsPartnerAttributeType" />
    </UnitTest>
    <UnitTest name="RepositoryEntityType_ReturnsIPartnerAttributeType" storage="f:\etwork\bin\tests\sysintgtests.icore.common.entities.dll" id="eb58642c-4da6-8761-6ce9-1ff81ee2e819">
      <TestCategory>
        <TestCategoryItem TestCategory="Entities" />
        <TestCategoryItem TestCategory="SystemIntegration" />
      </TestCategory>
      <Execution id="61b72c80-581c-4f74-bbf5-f08f7a23a759" />
      <TestMethod codeBase="F:\ETWork\bin\Tests\SysIntgTests.iCore.Common.Entities.dll" adapterTypeName="Microsoft.VisualStudio.TestTools.TestTypes.Unit.UnitTestAdapter" className="SysIntgTests.iCore.Common.Entities.PartnerAttributeGroupTypeTests" name="RepositoryEntityType_ReturnsIPartnerAttributeType" />
    </UnitTest>
    <UnitTest name="RepositorySystemContext_MatchesActualSystemContext" storage="f:\etwork\bin\tests\sysintgtests.icore.common.entities.dll" id="e8b04ae2-e9d3-841a-97cc-cae50043ad53">
      <TestCategory>
        <TestCategoryItem TestCategory="Entities" />
        <TestCategoryItem TestCategory="SystemIntegration" />
      </TestCategory>
      <Execution id="07c07f54-2ec0-4d95-b66e-d38f59484398" />
      <TestMethod codeBase="F:\ETWork\bin\Tests\SysIntgTests.iCore.Common.Entities.dll" adapterTypeName="Microsoft.VisualStudio.TestTools.TestTypes.Unit.UnitTestAdapter" className="SysIntgTests.iCore.Common.Entities.PartnerAttributeGroupTypeTests" name="RepositorySystemContext_MatchesActualSystemContext" />
    </UnitTest>
    <UnitTest name="Exists_NodeTypeKey_ThrowsArgumentException" storage="f:\etwork\bin\tests\sysintgtests.icore.common.entities.dll" id="7e6dcb78-4728-bf71-7ea7-3a480a71ce2f">
      <TestCategory>
        <TestCategoryItem TestCategory="Entities" />
        <TestCategoryItem TestCategory="SystemIntegration" />
      </TestCategory>
      <Execution id="8b5e7123-25e5-4f3e-848e-973e7e2db533" />
      <TestMethod codeBase="F:\ETWork\bin\Tests\SysIntgTests.iCore.Common.Entities.dll" adapterTypeName="Microsoft.VisualStudio.TestTools.TestTypes.Unit.UnitTestAdapter" className="SysIntgTests.iCore.Common.Entities.PartnerAttributeGroupTypeTests" name="Exists_NodeTypeKey_ThrowsArgumentException" />
    </UnitTest>
    <UnitTest name="Exists_KnownPartnerAttributeTypeKey_ReturnsTrue (Data Row 0)" storage="f:\etwork\bin\tests\sysintgtests.icore.common.entities.dll" id="0742ad3b-5a60-47fc-9b2a-129df9d318f8">
      <TestCategory>
        <TestCategoryItem TestCategory="Entities" />
        <TestCategoryItem TestCategory="SystemIntegration" />
      </TestCategory>
      <Execution id="b2cecfe0-522a-40f7-9ffd-938c7b2e4475" />
      <TestMethod codeBase="F:\ETWork\bin\Tests\SysIntgTests.iCore.Common.Entities.dll" adapterTypeName="Microsoft.VisualStudio.TestTools.TestTypes.Unit.UnitTestAdapter" className="SysIntgTests.iCore.Common.Entities.PartnerAttributeGroupTypeTests" name="Exists_KnownPartnerAttributeTypeKey_ReturnsTrue (Data Row 0)" />
    </UnitTest>
    <UnitTest name="Exists_KnownPartnerAttributeTypeKey_ReturnsTrue (Data Row 1)" storage="f:\etwork\bin\tests\sysintgtests.icore.common.entities.dll" id="907caf3a-5ba5-461b-ad5e-76c08d1942d9">
      <TestCategory>
        <TestCategoryItem TestCategory="Entities" />
        <TestCategoryItem TestCategory="SystemIntegration" />
      </TestCategory>
      <Execution id="d3da85a8-91c8-489e-a1bd-d34d2d30c208" />
      <TestMethod codeBase="F:\ETWork\bin\Tests\SysIntgTests.iCore.Common.Entities.dll" adapterTypeName="Microsoft.VisualStudio.TestTools.TestTypes.Unit.UnitTestAdapter" className="SysIntgTests.iCore.Common.Entities.PartnerAttributeGroupTypeTests" name="Exists_KnownPartnerAttributeTypeKey_ReturnsTrue (Data Row 1)" />
    </UnitTest>
    <UnitTest name="Exists_KnownPartnerAttributeTypeKey_ReturnsTrue (Data Row 2)" storage="f:\etwork\bin\tests\sysintgtests.icore.common.entities.dll" id="920bcaf0-3ccf-40a5-b65e-18ddbeaaa687">
      <TestCategory>
        <TestCategoryItem TestCategory="Entities" />
        <TestCategoryItem TestCategory="SystemIntegration" />
      </TestCategory>
      <Execution id="ce94829b-0ec4-4a1c-81b2-fa94c22751e2" />
      <TestMethod codeBase="F:\ETWork\bin\Tests\SysIntgTests.iCore.Common.Entities.dll" adapterTypeName="Microsoft.VisualStudio.TestTools.TestTypes.Unit.UnitTestAdapter" className="SysIntgTests.iCore.Common.Entities.PartnerAttributeGroupTypeTests" name="Exists_KnownPartnerAttributeTypeKey_ReturnsTrue (Data Row 2)" />
    </UnitTest>
    <UnitTest name="Exists_KnownPartnerAttributeTypeKey_ReturnsTrue (Data Row 3)" storage="f:\etwork\bin\tests\sysintgtests.icore.common.entities.dll" id="251f670d-56b3-4889-8a77-9cb60281dc92">
      <TestCategory>
        <TestCategoryItem TestCategory="Entities" />
        <TestCategoryItem TestCategory="SystemIntegration" />
      </TestCategory>
      <Execution id="df7ce98f-30a1-4ddc-952a-afc124dfe21e" />
      <TestMethod codeBase="F:\ETWork\bin\Tests\SysIntgTests.iCore.Common.Entities.dll" adapterTypeName="Microsoft.VisualStudio.TestTools.TestTypes.Unit.UnitTestAdapter" className="SysIntgTests.iCore.Common.Entities.PartnerAttributeGroupTypeTests" name="Exists_KnownPartnerAttributeTypeKey_ReturnsTrue (Data Row 3)" />
    </UnitTest>
    <UnitTest name="Exists_KnownPartnerAttributeTypeKey_ReturnsTrue (Data Row 4)" storage="f:\etwork\bin\tests\sysintgtests.icore.common.entities.dll" id="d85f241e-92db-4940-8ac5-7d91498c6c97">
      <TestCategory>
        <TestCategoryItem TestCategory="Entities" />
        <TestCategoryItem TestCategory="SystemIntegration" />
      </TestCategory>
      <Execution id="5fbbd2b2-7df7-4792-b100-43ae51097a0e" />
      <TestMethod codeBase="F:\ETWork\bin\Tests\SysIntgTests.iCore.Common.Entities.dll" adapterTypeName="Microsoft.VisualStudio.TestTools.TestTypes.Unit.UnitTestAdapter" className="SysIntgTests.iCore.Common.Entities.PartnerAttributeGroupTypeTests" name="Exists_KnownPartnerAttributeTypeKey_ReturnsTrue (Data Row 4)" />
    </UnitTest>
    <UnitTest name="Exists_NonExistingPartnerAttributeTypeKey_ReturnsFalse" storage="f:\etwork\bin\tests\sysintgtests.icore.common.entities.dll" id="fc8673f5-d4fd-1acb-3fff-7a74d3aebe7a">
      <TestCategory>
        <TestCategoryItem TestCategory="Entities" />
        <TestCategoryItem TestCategory="SystemIntegration" />
      </TestCategory>
      <Execution id="c0a8b4fc-e3f1-4fa5-8659-a67dfebc3026" />
      <TestMethod codeBase="F:\ETWork\bin\Tests\SysIntgTests.iCore.Common.Entities.dll" adapterTypeName="Microsoft.VisualStudio.TestTools.TestTypes.Unit.UnitTestAdapter" className="SysIntgTests.iCore.Common.Entities.PartnerAttributeGroupTypeTests" name="Exists_NonExistingPartnerAttributeTypeKey_ReturnsFalse" />
    </UnitTest>
    <UnitTest name="CreateInstance_CreatesNewPartnerAttributeType" storage="f:\etwork\bin\tests\sysintgtests.icore.common.entities.dll" id="36a697a8-498f-69bd-dcdb-6bf71f6a0780">
      <Execution id="49717869-8e7f-4957-a7a3-ad87303062bb" />
      <TestMethod codeBase="F:\ETWork\bin\Tests\SysIntgTests.iCore.Common.Entities.dll" adapterTypeName="Microsoft.VisualStudio.TestTools.TestTypes.Unit.UnitTestAdapter" className="SysIntgTests.iCore.Common.Entities.PartnerAttributeGroupTypeTests" name="CreateInstance_CreatesNewPartnerAttributeType" />
    </UnitTest>
    <UnitTest name="List_ContainsEachKnownPartnerAttributeTypeOnce (Data Row 0)" storage="f:\etwork\bin\tests\sysintgtests.icore.common.entities.dll" id="e4d05191-4d22-44d8-9b62-56b81640e6b7">
      <TestCategory>
        <TestCategoryItem TestCategory="Entities" />
        <TestCategoryItem TestCategory="SystemIntegration" />
      </TestCategory>
      <Execution id="c9619497-96af-4227-909a-ecb615e76b82" />
      <TestMethod codeBase="F:\ETWork\bin\Tests\SysIntgTests.iCore.Common.Entities.dll" adapterTypeName="Microsoft.VisualStudio.TestTools.TestTypes.Unit.UnitTestAdapter" className="SysIntgTests.iCore.Common.Entities.PartnerAttributeGroupTypeTests" name="List_ContainsEachKnownPartnerAttributeTypeOnce (Data Row 0)" />
    </UnitTest>
    <UnitTest name="List_ContainsEachKnownPartnerAttributeTypeOnce (Data Row 1)" storage="f:\etwork\bin\tests\sysintgtests.icore.common.entities.dll" id="5a110702-899b-4352-a7c7-f01fdea96b7e">
      <TestCategory>
        <TestCategoryItem TestCategory="Entities" />
        <TestCategoryItem TestCategory="SystemIntegration" />
      </TestCategory>
      <Execution id="091401b1-ee54-4bd2-a3b0-628e9811709e" />
      <TestMethod codeBase="F:\ETWork\bin\Tests\SysIntgTests.iCore.Common.Entities.dll" adapterTypeName="Microsoft.VisualStudio.TestTools.TestTypes.Unit.UnitTestAdapter" className="SysIntgTests.iCore.Common.Entities.PartnerAttributeGroupTypeTests" name="List_ContainsEachKnownPartnerAttributeTypeOnce (Data Row 1)" />
    </UnitTest>
    <UnitTest name="List_ContainsEachKnownPartnerAttributeTypeOnce (Data Row 2)" storage="f:\etwork\bin\tests\sysintgtests.icore.common.entities.dll" id="0e04b907-67bf-40e8-9f45-1a30d02a5d52">
      <TestCategory>
        <TestCategoryItem TestCategory="Entities" />
        <TestCategoryItem TestCategory="SystemIntegration" />
      </TestCategory>
      <Execution id="ead43c87-b290-4718-8448-656aecc4e3f9" />
      <TestMethod codeBase="F:\ETWork\bin\Tests\SysIntgTests.iCore.Common.Entities.dll" adapterTypeName="Microsoft.VisualStudio.TestTools.TestTypes.Unit.UnitTestAdapter" className="SysIntgTests.iCore.Common.Entities.PartnerAttributeGroupTypeTests" name="List_ContainsEachKnownPartnerAttributeTypeOnce (Data Row 2)" />
    </UnitTest>
    <UnitTest name="List_ContainsEachKnownPartnerAttributeTypeOnce (Data Row 3)" storage="f:\etwork\bin\tests\sysintgtests.icore.common.entities.dll" id="71ff787b-49b8-4674-a42a-b34936811514">
      <TestCategory>
        <TestCategoryItem TestCategory="Entities" />
        <TestCategoryItem TestCategory="SystemIntegration" />
      </TestCategory>
      <Execution id="6aa056d5-04b1-47bc-9f46-4bd225b850d9" />
      <TestMethod codeBase="F:\ETWork\bin\Tests\SysIntgTests.iCore.Common.Entities.dll" adapterTypeName="Microsoft.VisualStudio.TestTools.TestTypes.Unit.UnitTestAdapter" className="SysIntgTests.iCore.Common.Entities.PartnerAttributeGroupTypeTests" name="List_ContainsEachKnownPartnerAttributeTypeOnce (Data Row 3)" />
    </UnitTest>
    <UnitTest name="List_ContainsEachKnownPartnerAttributeTypeOnce (Data Row 4)" storage="f:\etwork\bin\tests\sysintgtests.icore.common.entities.dll" id="0b329063-ea98-488a-b786-b8752a404166">
      <TestCategory>
        <TestCategoryItem TestCategory="Entities" />
        <TestCategoryItem TestCategory="SystemIntegration" />
      </TestCategory>
      <Execution id="e20e4e42-d7e9-4e1d-bf90-ed2625e3c9ec" />
      <TestMethod codeBase="F:\ETWork\bin\Tests\SysIntgTests.iCore.Common.Entities.dll" adapterTypeName="Microsoft.VisualStudio.TestTools.TestTypes.Unit.UnitTestAdapter" className="SysIntgTests.iCore.Common.Entities.PartnerAttributeGroupTypeTests" name="List_ContainsEachKnownPartnerAttributeTypeOnce (Data Row 4)" />
    </UnitTest>
    <UnitTest name="List_ShouldSetSystemContextCorrectly" storage="f:\etwork\bin\tests\sysintgtests.icore.common.entities.dll" id="1285f814-372a-5f56-a1ba-f90df4d404e3">
      <TestCategory>
        <TestCategoryItem TestCategory="Entities" />
        <TestCategoryItem TestCategory="SystemIntegration" />
      </TestCategory>
      <Execution id="77fc8c1c-7deb-4d92-a6f6-e629cf36ebae" />
      <TestMethod codeBase="F:\ETWork\bin\Tests\SysIntgTests.iCore.Common.Entities.dll" adapterTypeName="Microsoft.VisualStudio.TestTools.TestTypes.Unit.UnitTestAdapter" className="SysIntgTests.iCore.Common.Entities.PartnerAttributeGroupTypeTests" name="List_ShouldSetSystemContextCorrectly" />
    </UnitTest>
    <UnitTest name="GetById_NewGuid_ThrowsEntityNotFoundException" storage="f:\etwork\bin\tests\sysintgtests.icore.common.entities.dll" id="8d27cf52-4586-13cd-8544-406ca2a072f3">
      <TestCategory>
        <TestCategoryItem TestCategory="Entities" />
        <TestCategoryItem TestCategory="SystemIntegration" />
      </TestCategory>
      <Execution id="159edb6b-e48c-443d-8524-ce911eb50809" />
      <TestMethod codeBase="F:\ETWork\bin\Tests\SysIntgTests.iCore.Common.Entities.dll" adapterTypeName="Microsoft.VisualStudio.TestTools.TestTypes.Unit.UnitTestAdapter" className="SysIntgTests.iCore.Common.Entities.PartnerAttributeGroupTypeTests" name="GetById_NewGuid_ThrowsEntityNotFoundException" />
    </UnitTest>
    <UnitTest name="GetById_KnownPartnerAttributeTypeId_ReturnsEntityWithCorrectProperties (Data Row 0)" storage="f:\etwork\bin\tests\sysintgtests.icore.common.entities.dll" id="c9a8b2ef-ae43-43fc-8b9b-703d06e1844a">
      <TestCategory>
        <TestCategoryItem TestCategory="Entities" />
        <TestCategoryItem TestCategory="SystemIntegration" />
      </TestCategory>
      <Execution id="5b078344-9e25-49b4-bf45-afa924ebf117" />
      <TestMethod codeBase="F:\ETWork\bin\Tests\SysIntgTests.iCore.Common.Entities.dll" adapterTypeName="Microsoft.VisualStudio.TestTools.TestTypes.Unit.UnitTestAdapter" className="SysIntgTests.iCore.Common.Entities.PartnerAttributeGroupTypeTests" name="GetById_KnownPartnerAttributeTypeId_ReturnsEntityWithCorrectProperties (Data Row 0)" />
    </UnitTest>
    <UnitTest name="GetById_KnownPartnerAttributeTypeId_ReturnsEntityWithCorrectProperties (Data Row 1)" storage="f:\etwork\bin\tests\sysintgtests.icore.common.entities.dll" id="2a52b1f4-8ba2-4afe-a89d-a340560a166b">
      <TestCategory>
        <TestCategoryItem TestCategory="Entities" />
        <TestCategoryItem TestCategory="SystemIntegration" />
      </TestCategory>
      <Execution id="2b211d9e-340a-4420-af76-139f7dcf8882" />
      <TestMethod codeBase="F:\ETWork\bin\Tests\SysIntgTests.iCore.Common.Entities.dll" adapterTypeName="Microsoft.VisualStudio.TestTools.TestTypes.Unit.UnitTestAdapter" className="SysIntgTests.iCore.Common.Entities.PartnerAttributeGroupTypeTests" name="GetById_KnownPartnerAttributeTypeId_ReturnsEntityWithCorrectProperties (Data Row 1)" />
    </UnitTest>
    <UnitTest name="GetById_KnownPartnerAttributeTypeId_ReturnsEntityWithCorrectProperties (Data Row 2)" storage="f:\etwork\bin\tests\sysintgtests.icore.common.entities.dll" id="90636fca-6f84-413e-a958-6817fb44b750">
      <TestCategory>
        <TestCategoryItem TestCategory="Entities" />
        <TestCategoryItem TestCategory="SystemIntegration" />
      </TestCategory>
      <Execution id="8547c956-5d69-47d1-a8e5-d11f89ef324a" />
      <TestMethod codeBase="F:\ETWork\bin\Tests\SysIntgTests.iCore.Common.Entities.dll" adapterTypeName="Microsoft.VisualStudio.TestTools.TestTypes.Unit.UnitTestAdapter" className="SysIntgTests.iCore.Common.Entities.PartnerAttributeGroupTypeTests" name="GetById_KnownPartnerAttributeTypeId_ReturnsEntityWithCorrectProperties (Data Row 2)" />
    </UnitTest>
    <UnitTest name="GetById_KnownPartnerAttributeTypeId_ReturnsEntityWithCorrectProperties (Data Row 3)" storage="f:\etwork\bin\tests\sysintgtests.icore.common.entities.dll" id="e343a2f2-419f-473f-b894-4ee0f5d31b6e">
      <TestCategory>
        <TestCategoryItem TestCategory="Entities" />
        <TestCategoryItem TestCategory="SystemIntegration" />
      </TestCategory>
      <Execution id="59b94efb-2276-4d7c-998b-550f3b9bd832" />
      <TestMethod codeBase="F:\ETWork\bin\Tests\SysIntgTests.iCore.Common.Entities.dll" adapterTypeName="Microsoft.VisualStudio.TestTools.TestTypes.Unit.UnitTestAdapter" className="SysIntgTests.iCore.Common.Entities.PartnerAttributeGroupTypeTests" name="GetById_KnownPartnerAttributeTypeId_ReturnsEntityWithCorrectProperties (Data Row 3)" />
    </UnitTest>
    <UnitTest name="GetById_KnownPartnerAttributeTypeId_ReturnsEntityWithCorrectProperties (Data Row 4)" storage="f:\etwork\bin\tests\sysintgtests.icore.common.entities.dll" id="c946c112-7206-430e-ab5f-dc9ec722518e">
      <TestCategory>
        <TestCategoryItem TestCategory="Entities" />
        <TestCategoryItem TestCategory="SystemIntegration" />
      </TestCategory>
      <Execution id="d0e57d65-4995-43cb-ab18-3e20f28ae810" />
      <TestMethod codeBase="F:\ETWork\bin\Tests\SysIntgTests.iCore.Common.Entities.dll" adapterTypeName="Microsoft.VisualStudio.TestTools.TestTypes.Unit.UnitTestAdapter" className="SysIntgTests.iCore.Common.Entities.PartnerAttributeGroupTypeTests" name="GetById_KnownPartnerAttributeTypeId_ReturnsEntityWithCorrectProperties (Data Row 4)" />
    </UnitTest>
    <UnitTest name="GetByName_NullName_ThrowsArgumentNullException" storage="f:\etwork\bin\tests\sysintgtests.icore.common.entities.dll" id="0690ee4d-9bd2-992f-157c-a840e8d1c513">
      <TestCategory>
        <TestCategoryItem TestCategory="Entities" />
        <TestCategoryItem TestCategory="SystemIntegration" />
      </TestCategory>
      <Execution id="a289a2a0-01e9-48e9-b8f9-2d00b821dc6d" />
      <TestMethod codeBase="F:\ETWork\bin\Tests\SysIntgTests.iCore.Common.Entities.dll" adapterTypeName="Microsoft.VisualStudio.TestTools.TestTypes.Unit.UnitTestAdapter" className="SysIntgTests.iCore.Common.Entities.PartnerAttributeGroupTypeTests" name="GetByName_NullName_ThrowsArgumentNullException" />
    </UnitTest>
    <UnitTest name="GetByName_NewGuid_ThrowsEntityNotFoundException" storage="f:\etwork\bin\tests\sysintgtests.icore.common.entities.dll" id="a4813a39-5cc5-5c24-5571-4ecfa03b83ee">
      <TestCategory>
        <TestCategoryItem TestCategory="Entities" />
        <TestCategoryItem TestCategory="SystemIntegration" />
      </TestCategory>
      <Execution id="f016ce97-f84a-452f-90d6-97cc5dedcd18" />
      <TestMethod codeBase="F:\ETWork\bin\Tests\SysIntgTests.iCore.Common.Entities.dll" adapterTypeName="Microsoft.VisualStudio.TestTools.TestTypes.Unit.UnitTestAdapter" className="SysIntgTests.iCore.Common.Entities.PartnerAttributeGroupTypeTests" name="GetByName_NewGuid_ThrowsEntityNotFoundException" />
    </UnitTest>
    <UnitTest name="GetByName_KnownPartnerAttributeTypeId_ReturnsEntityWithCorrectProperties (Data Row 0)" storage="f:\etwork\bin\tests\sysintgtests.icore.common.entities.dll" id="c3ef1c5f-b44f-4139-a03b-4c46d04273ec">
      <TestCategory>
        <TestCategoryItem TestCategory="Entities" />
        <TestCategoryItem TestCategory="SystemIntegration" />
      </TestCategory>
      <Execution id="9b4fe17e-44b2-47a6-b841-b008a396f4fb" />
      <TestMethod codeBase="F:\ETWork\bin\Tests\SysIntgTests.iCore.Common.Entities.dll" adapterTypeName="Microsoft.VisualStudio.TestTools.TestTypes.Unit.UnitTestAdapter" className="SysIntgTests.iCore.Common.Entities.PartnerAttributeGroupTypeTests" name="GetByName_KnownPartnerAttributeTypeId_ReturnsEntityWithCorrectProperties (Data Row 0)" />
    </UnitTest>
    <UnitTest name="GetByName_KnownPartnerAttributeTypeId_ReturnsEntityWithCorrectProperties (Data Row 1)" storage="f:\etwork\bin\tests\sysintgtests.icore.common.entities.dll" id="8224e559-0e17-4a86-8cbc-cee0d4aff191">
      <TestCategory>
        <TestCategoryItem TestCategory="Entities" />
        <TestCategoryItem TestCategory="SystemIntegration" />
      </TestCategory>
      <Execution id="92962340-3013-44d4-a518-e93799f8a825" />
      <TestMethod codeBase="F:\ETWork\bin\Tests\SysIntgTests.iCore.Common.Entities.dll" adapterTypeName="Microsoft.VisualStudio.TestTools.TestTypes.Unit.UnitTestAdapter" className="SysIntgTests.iCore.Common.Entities.PartnerAttributeGroupTypeTests" name="GetByName_KnownPartnerAttributeTypeId_ReturnsEntityWithCorrectProperties (Data Row 1)" />
    </UnitTest>
    <UnitTest name="GetByName_KnownPartnerAttributeTypeId_ReturnsEntityWithCorrectProperties (Data Row 2)" storage="f:\etwork\bin\tests\sysintgtests.icore.common.entities.dll" id="83f455b4-c43c-4a47-ade3-1912f041764d">
      <TestCategory>
        <TestCategoryItem TestCategory="Entities" />
        <TestCategoryItem TestCategory="SystemIntegration" />
      </TestCategory>
      <Execution id="918e0fb9-d1d7-417e-88f9-711c7224e179" />
      <TestMethod codeBase="F:\ETWork\bin\Tests\SysIntgTests.iCore.Common.Entities.dll" adapterTypeName="Microsoft.VisualStudio.TestTools.TestTypes.Unit.UnitTestAdapter" className="SysIntgTests.iCore.Common.Entities.PartnerAttributeGroupTypeTests" name="GetByName_KnownPartnerAttributeTypeId_ReturnsEntityWithCorrectProperties (Data Row 2)" />
    </UnitTest>
    <UnitTest name="GetByName_KnownPartnerAttributeTypeId_ReturnsEntityWithCorrectProperties (Data Row 3)" storage="f:\etwork\bin\tests\sysintgtests.icore.common.entities.dll" id="d0bf4ffd-d82f-4f65-90d7-153f4d4b2a4c">
      <TestCategory>
        <TestCategoryItem TestCategory="Entities" />
        <TestCategoryItem TestCategory="SystemIntegration" />
      </TestCategory>
      <Execution id="7614938e-eed8-43cf-a042-6743306b833a" />
      <TestMethod codeBase="F:\ETWork\bin\Tests\SysIntgTests.iCore.Common.Entities.dll" adapterTypeName="Microsoft.VisualStudio.TestTools.TestTypes.Unit.UnitTestAdapter" className="SysIntgTests.iCore.Common.Entities.PartnerAttributeGroupTypeTests" name="GetByName_KnownPartnerAttributeTypeId_ReturnsEntityWithCorrectProperties (Data Row 3)" />
    </UnitTest>
    <UnitTest name="GetByName_KnownPartnerAttributeTypeId_ReturnsEntityWithCorrectProperties (Data Row 4)" storage="f:\etwork\bin\tests\sysintgtests.icore.common.entities.dll" id="e579cfc4-26fa-4065-adc5-7bfac4743138">
      <TestCategory>
        <TestCategoryItem TestCategory="Entities" />
        <TestCategoryItem TestCategory="SystemIntegration" />
      </TestCategory>
      <Execution id="95149d5b-e938-4593-b25f-15acc3b016d5" />
      <TestMethod codeBase="F:\ETWork\bin\Tests\SysIntgTests.iCore.Common.Entities.dll" adapterTypeName="Microsoft.VisualStudio.TestTools.TestTypes.Unit.UnitTestAdapter" className="SysIntgTests.iCore.Common.Entities.PartnerAttributeGroupTypeTests" name="GetByName_KnownPartnerAttributeTypeId_ReturnsEntityWithCorrectProperties (Data Row 4)" />
    </UnitTest>
    <UnitTest name="GetByKey_NewGuid_ThrowsEntityNotFoundException" storage="f:\etwork\bin\tests\sysintgtests.icore.common.entities.dll" id="dc1078cd-a682-089a-257f-59233f78890b">
      <TestCategory>
        <TestCategoryItem TestCategory="Entities" />
        <TestCategoryItem TestCategory="SystemIntegration" />
      </TestCategory>
      <Execution id="14911b1e-78c0-4fc6-bb3e-9933212d11fc" />
      <TestMethod codeBase="F:\ETWork\bin\Tests\SysIntgTests.iCore.Common.Entities.dll" adapterTypeName="Microsoft.VisualStudio.TestTools.TestTypes.Unit.UnitTestAdapter" className="SysIntgTests.iCore.Common.Entities.PartnerAttributeGroupTypeTests" name="GetByKey_NewGuid_ThrowsEntityNotFoundException" />
    </UnitTest>
    <UnitTest name="GetByKey_KnownPartnerAttributeTypeKey_ReturnsEntityWithCorrectProperties (Data Row 0)" storage="f:\etwork\bin\tests\sysintgtests.icore.common.entities.dll" id="33a47bf2-5e62-46a9-992f-6a3eb65f2db9">
      <TestCategory>
        <TestCategoryItem TestCategory="Entities" />
        <TestCategoryItem TestCategory="SystemIntegration" />
      </TestCategory>
      <Execution id="74c69081-d246-49d7-9f1c-22a6d4a68e2b" />
      <TestMethod codeBase="F:\ETWork\bin\Tests\SysIntgTests.iCore.Common.Entities.dll" adapterTypeName="Microsoft.VisualStudio.TestTools.TestTypes.Unit.UnitTestAdapter" className="SysIntgTests.iCore.Common.Entities.PartnerAttributeGroupTypeTests" name="GetByKey_KnownPartnerAttributeTypeKey_ReturnsEntityWithCorrectProperties (Data Row 0)" />
    </UnitTest>
    <UnitTest name="GetByKey_KnownPartnerAttributeTypeKey_ReturnsEntityWithCorrectProperties (Data Row 1)" storage="f:\etwork\bin\tests\sysintgtests.icore.common.entities.dll" id="3a5dba6b-c058-48ab-b62a-b76172a83fef">
      <TestCategory>
        <TestCategoryItem TestCategory="Entities" />
        <TestCategoryItem TestCategory="SystemIntegration" />
      </TestCategory>
      <Execution id="60597389-afa1-46f5-8297-c396c11ac02e" />
      <TestMethod codeBase="F:\ETWork\bin\Tests\SysIntgTests.iCore.Common.Entities.dll" adapterTypeName="Microsoft.VisualStudio.TestTools.TestTypes.Unit.UnitTestAdapter" className="SysIntgTests.iCore.Common.Entities.PartnerAttributeGroupTypeTests" name="GetByKey_KnownPartnerAttributeTypeKey_ReturnsEntityWithCorrectProperties (Data Row 1)" />
    </UnitTest>
    <UnitTest name="GetByKey_KnownPartnerAttributeTypeKey_ReturnsEntityWithCorrectProperties (Data Row 2)" storage="f:\etwork\bin\tests\sysintgtests.icore.common.entities.dll" id="0d0434c7-6053-4dd0-8d30-5ac74f90e633">
      <TestCategory>
        <TestCategoryItem TestCategory="Entities" />
        <TestCategoryItem TestCategory="SystemIntegration" />
      </TestCategory>
      <Execution id="547491a3-d47e-4446-abac-eb87f91e29d2" />
      <TestMethod codeBase="F:\ETWork\bin\Tests\SysIntgTests.iCore.Common.Entities.dll" adapterTypeName="Microsoft.VisualStudio.TestTools.TestTypes.Unit.UnitTestAdapter" className="SysIntgTests.iCore.Common.Entities.PartnerAttributeGroupTypeTests" name="GetByKey_KnownPartnerAttributeTypeKey_ReturnsEntityWithCorrectProperties (Data Row 2)" />
    </UnitTest>
    <UnitTest name="GetByKey_KnownPartnerAttributeTypeKey_ReturnsEntityWithCorrectProperties (Data Row 3)" storage="f:\etwork\bin\tests\sysintgtests.icore.common.entities.dll" id="278377cd-9cfe-4b53-9441-a0764c218457">
      <TestCategory>
        <TestCategoryItem TestCategory="Entities" />
        <TestCategoryItem TestCategory="SystemIntegration" />
      </TestCategory>
      <Execution id="2293f974-e2a9-4968-a8f7-efad31f44971" />
      <TestMethod codeBase="F:\ETWork\bin\Tests\SysIntgTests.iCore.Common.Entities.dll" adapterTypeName="Microsoft.VisualStudio.TestTools.TestTypes.Unit.UnitTestAdapter" className="SysIntgTests.iCore.Common.Entities.PartnerAttributeGroupTypeTests" name="GetByKey_KnownPartnerAttributeTypeKey_ReturnsEntityWithCorrectProperties (Data Row 3)" />
    </UnitTest>
    <UnitTest name="GetByKey_KnownPartnerAttributeTypeKey_ReturnsEntityWithCorrectProperties (Data Row 4)" storage="f:\etwork\bin\tests\sysintgtests.icore.common.entities.dll" id="e064dccb-664b-46ec-8fb3-79e9c8300b9a">
      <TestCategory>
        <TestCategoryItem TestCategory="Entities" />
        <TestCategoryItem TestCategory="SystemIntegration" />
      </TestCategory>
      <Execution id="a8ca61b9-eb68-4bb7-9fa1-db8d247e340c" />
      <TestMethod codeBase="F:\ETWork\bin\Tests\SysIntgTests.iCore.Common.Entities.dll" adapterTypeName="Microsoft.VisualStudio.TestTools.TestTypes.Unit.UnitTestAdapter" className="SysIntgTests.iCore.Common.Entities.PartnerAttributeGroupTypeTests" name="GetByKey_KnownPartnerAttributeTypeKey_ReturnsEntityWithCorrectProperties (Data Row 4)" />
    </UnitTest>
    <UnitTest name="GetByKey_UnsupportedKey_ThrowsArgumentException" storage="f:\etwork\bin\tests\sysintgtests.icore.common.entities.dll" id="b2004a48-36bb-c7db-8c7c-d1688f7ff250">
      <TestCategory>
        <TestCategoryItem TestCategory="Entities" />
        <TestCategoryItem TestCategory="SystemIntegration" />
      </TestCategory>
      <Execution id="251fd51a-c7f3-47be-a167-3c4656780f2d" />
      <TestMethod codeBase="F:\ETWork\bin\Tests\SysIntgTests.iCore.Common.Entities.dll" adapterTypeName="Microsoft.VisualStudio.TestTools.TestTypes.Unit.UnitTestAdapter" className="SysIntgTests.iCore.Common.Entities.PartnerAttributeGroupTypeTests" name="GetByKey_UnsupportedKey_ThrowsArgumentException" />
    </UnitTest>
    <UnitTest name="Delete_UnusedPartnerAttributeType_SuccessfullyDeletesPartnerAttributeType" storage="f:\etwork\bin\tests\sysintgtests.icore.common.entities.dll" id="a822c3b4-e723-3257-4ba0-2cf2cf8cc1a3">
      <TestCategory>
        <TestCategoryItem TestCategory="Entities" />
        <TestCategoryItem TestCategory="SystemIntegration" />
      </TestCategory>
      <Execution id="b1852bfe-70b8-49c8-91ed-6d5f97c4230d" />
      <TestMethod codeBase="F:\ETWork\bin\Tests\SysIntgTests.iCore.Common.Entities.dll" adapterTypeName="Microsoft.VisualStudio.TestTools.TestTypes.Unit.UnitTestAdapter" className="SysIntgTests.iCore.Common.Entities.PartnerAttributeGroupTypeTests" name="Delete_UnusedPartnerAttributeType_SuccessfullyDeletesPartnerAttributeType" />
    </UnitTest>
    <UnitTest name="Delete_UnusedPartnerAttributeTypeIsSystemInternal_ThrowsUnauthorizedAccessException" storage="f:\etwork\bin\tests\sysintgtests.icore.common.entities.dll" id="e9d886b3-8e13-87ea-596a-8992bfc52399">
      <TestCategory>
        <TestCategoryItem TestCategory="Entities" />
        <TestCategoryItem TestCategory="SystemIntegration" />
      </TestCategory>
      <Execution id="4ef41099-61cf-4ba4-afcd-4e6741b0272f" />
      <TestMethod codeBase="F:\ETWork\bin\Tests\SysIntgTests.iCore.Common.Entities.dll" adapterTypeName="Microsoft.VisualStudio.TestTools.TestTypes.Unit.UnitTestAdapter" className="SysIntgTests.iCore.Common.Entities.PartnerAttributeGroupTypeTests" name="Delete_UnusedPartnerAttributeTypeIsSystemInternal_ThrowsUnauthorizedAccessException" />
    </UnitTest>
    <UnitTest name="Delete_NonDeletablePartnerAttributeType_ThrowsEntityDependencyException" storage="f:\etwork\bin\tests\sysintgtests.icore.common.entities.dll" id="56ce0aa4-bf69-b266-269a-c70ddb330a96">
      <TestCategory>
        <TestCategoryItem TestCategory="Entities" />
        <TestCategoryItem TestCategory="SystemIntegration" />
      </TestCategory>
      <Execution id="7bafd07a-58fb-4d0b-b836-81df472564b2" />
      <TestMethod codeBase="F:\ETWork\bin\Tests\SysIntgTests.iCore.Common.Entities.dll" adapterTypeName="Microsoft.VisualStudio.TestTools.TestTypes.Unit.UnitTestAdapter" className="SysIntgTests.iCore.Common.Entities.PartnerAttributeGroupTypeTests" name="Delete_NonDeletablePartnerAttributeType_ThrowsEntityDependencyException" />
    </UnitTest>
    <UnitTest name="Add_NullName_ThrowsConditionalErrorException" storage="f:\etwork\bin\tests\sysintgtests.icore.common.entities.dll" id="ad113cf7-0255-adc9-429c-c6398e88af38">
      <TestCategory>
        <TestCategoryItem TestCategory="Entities" />
        <TestCategoryItem TestCategory="SystemIntegration" />
      </TestCategory>
      <Execution id="7ddecf95-7d33-4247-ac98-f8e43068a589" />
      <TestMethod codeBase="F:\ETWork\bin\Tests\SysIntgTests.iCore.Common.Entities.dll" adapterTypeName="Microsoft.VisualStudio.TestTools.TestTypes.Unit.UnitTestAdapter" className="SysIntgTests.iCore.Common.Entities.PartnerAttributeGroupTypeTests" name="Add_NullName_ThrowsConditionalErrorException" />
    </UnitTest>
    <UnitTest name="Add_EmptyName_ThrowsStringLengthErrorException" storage="f:\etwork\bin\tests\sysintgtests.icore.common.entities.dll" id="04294f90-9fb3-0d5a-ca9c-b7598602b936">
      <TestCategory>
        <TestCategoryItem TestCategory="Entities" />
        <TestCategoryItem TestCategory="SystemIntegration" />
      </TestCategory>
      <Execution id="d119af35-cf93-4b92-ab13-afc56501ea93" />
      <TestMethod codeBase="F:\ETWork\bin\Tests\SysIntgTests.iCore.Common.Entities.dll" adapterTypeName="Microsoft.VisualStudio.TestTools.TestTypes.Unit.UnitTestAdapter" className="SysIntgTests.iCore.Common.Entities.PartnerAttributeGroupTypeTests" name="Add_EmptyName_ThrowsStringLengthErrorException" />
    </UnitTest>
    <UnitTest name="Add_WhiteSpaceOnlyName_ThrowsStringLengthErrorException" storage="f:\etwork\bin\tests\sysintgtests.icore.common.entities.dll" id="e8b29d75-4d24-1782-d222-3336fe274dd7">
      <TestCategory>
        <TestCategoryItem TestCategory="Entities" />
        <TestCategoryItem TestCategory="SystemIntegration" />
      </TestCategory>
      <Execution id="10c9d816-1515-4c90-b8ec-3211de041d61" />
      <TestMethod codeBase="F:\ETWork\bin\Tests\SysIntgTests.iCore.Common.Entities.dll" adapterTypeName="Microsoft.VisualStudio.TestTools.TestTypes.Unit.UnitTestAdapter" className="SysIntgTests.iCore.Common.Entities.PartnerAttributeGroupTypeTests" name="Add_WhiteSpaceOnlyName_ThrowsStringLengthErrorException" />
    </UnitTest>
    <UnitTest name="Add_TooLongName_ThrowsStringLengthErrorException" storage="f:\etwork\bin\tests\sysintgtests.icore.common.entities.dll" id="f2af23cf-3f15-737a-4858-76afbe88670e">
      <TestCategory>
        <TestCategoryItem TestCategory="Entities" />
        <TestCategoryItem TestCategory="SystemIntegration" />
      </TestCategory>
      <Execution id="a6ccff8d-d65b-4e35-9733-eef2a92f2ce1" />
      <TestMethod codeBase="F:\ETWork\bin\Tests\SysIntgTests.iCore.Common.Entities.dll" adapterTypeName="Microsoft.VisualStudio.TestTools.TestTypes.Unit.UnitTestAdapter" className="SysIntgTests.iCore.Common.Entities.PartnerAttributeGroupTypeTests" name="Add_TooLongName_ThrowsStringLengthErrorException" />
    </UnitTest>
    <UnitTest name="Add_LongDescription_Succeeds" storage="f:\etwork\bin\tests\sysintgtests.icore.common.entities.dll" id="778e4ac2-6232-6dbe-5c7c-1a0793d42a5e">
      <TestCategory>
        <TestCategoryItem TestCategory="Entities" />
        <TestCategoryItem TestCategory="SystemIntegration" />
      </TestCategory>
      <Execution id="8a3cca25-6701-46a7-b8a8-4dcd88d10b13" />
      <TestMethod codeBase="F:\ETWork\bin\Tests\SysIntgTests.iCore.Common.Entities.dll" adapterTypeName="Microsoft.VisualStudio.TestTools.TestTypes.Unit.UnitTestAdapter" className="SysIntgTests.iCore.Common.Entities.PartnerAttributeGroupTypeTests" name="Add_LongDescription_Succeeds" />
    </UnitTest>
    <UnitTest name="Add_ValidProperties_IdAndTimesAreUpdatedCorrectly" storage="f:\etwork\bin\tests\sysintgtests.icore.common.entities.dll" id="e502e747-ccd2-408e-13da-f6d61b0c4789">
      <TestCategory>
        <TestCategoryItem TestCategory="Entities" />
        <TestCategoryItem TestCategory="SystemIntegration" />
      </TestCategory>
      <Execution id="2eed0fbe-d44e-4636-98d5-4783c0a7607b" />
      <TestMethod codeBase="F:\ETWork\bin\Tests\SysIntgTests.iCore.Common.Entities.dll" adapterTypeName="Microsoft.VisualStudio.TestTools.TestTypes.Unit.UnitTestAdapter" className="SysIntgTests.iCore.Common.Entities.PartnerAttributeGroupTypeTests" name="Add_ValidProperties_IdAndTimesAreUpdatedCorrectly" />
    </UnitTest>
    <UnitTest name="Add_ComplexProperties_ArePersistedCorrectly" storage="f:\etwork\bin\tests\sysintgtests.icore.common.entities.dll" id="3d33c7a8-58cd-aa1e-dc6a-1b43157b9b7f">
      <TestCategory>
        <TestCategoryItem TestCategory="Entities" />
        <TestCategoryItem TestCategory="SystemIntegration" />
      </TestCategory>
      <Execution id="afcf6a57-eec2-4c66-982b-25602d81ca33" />
      <TestMethod codeBase="F:\ETWork\bin\Tests\SysIntgTests.iCore.Common.Entities.dll" adapterTypeName="Microsoft.VisualStudio.TestTools.TestTypes.Unit.UnitTestAdapter" className="SysIntgTests.iCore.Common.Entities.PartnerAttributeGroupTypeTests" name="Add_ComplexProperties_ArePersistedCorrectly" />
    </UnitTest>
    <UnitTest name="Add_DuplicateName_ThrowsUniqueValueAddConflictException" storage="f:\etwork\bin\tests\sysintgtests.icore.common.entities.dll" id="4d0a1d3e-69d5-a504-68e2-9974d1e2551b">
      <TestCategory>
        <TestCategoryItem TestCategory="Entities" />
        <TestCategoryItem TestCategory="SystemIntegration" />
      </TestCategory>
      <Execution id="2387d889-c3d1-4b2a-a92e-217cc0db6b6a" />
      <TestMethod codeBase="F:\ETWork\bin\Tests\SysIntgTests.iCore.Common.Entities.dll" adapterTypeName="Microsoft.VisualStudio.TestTools.TestTypes.Unit.UnitTestAdapter" className="SysIntgTests.iCore.Common.Entities.PartnerAttributeGroupTypeTests" name="Add_DuplicateName_ThrowsUniqueValueAddConflictException" />
    </UnitTest>
    <UnitTest name="Add_DuplicateClrName_ThrowsUniqueValidAddConflictException" storage="f:\etwork\bin\tests\sysintgtests.icore.common.entities.dll" id="7c7a4f8c-cf48-4e98-8570-5eb99f7de543">
      <TestCategory>
        <TestCategoryItem TestCategory="Entities" />
        <TestCategoryItem TestCategory="SystemIntegration" />
      </TestCategory>
      <Execution id="0a6439e1-147d-4194-9542-b78d2cfe622e" />
      <TestMethod codeBase="F:\ETWork\bin\Tests\SysIntgTests.iCore.Common.Entities.dll" adapterTypeName="Microsoft.VisualStudio.TestTools.TestTypes.Unit.UnitTestAdapter" className="SysIntgTests.iCore.Common.Entities.PartnerAttributeGroupTypeTests" name="Add_DuplicateClrName_ThrowsUniqueValidAddConflictException" />
    </UnitTest>
    <UnitTest name="Add_InvalidClrName_Throws" storage="f:\etwork\bin\tests\sysintgtests.icore.common.entities.dll" id="574b41e2-321a-c5b1-569e-672a84ac8cdb">
      <TestCategory>
        <TestCategoryItem TestCategory="Entities" />
        <TestCategoryItem TestCategory="SystemIntegration" />
      </TestCategory>
      <Execution id="5c310dea-3048-427b-8af8-67b9211f2650" />
      <TestMethod codeBase="F:\ETWork\bin\Tests\SysIntgTests.iCore.Common.Entities.dll" adapterTypeName="Microsoft.VisualStudio.TestTools.TestTypes.Unit.UnitTestAdapter" className="SysIntgTests.iCore.Common.Entities.PartnerAttributeGroupTypeTests" name="Add_InvalidClrName_Throws" />
    </UnitTest>
    <UnitTest name="Add_NullClrName_GeneratesClrName" storage="f:\etwork\bin\tests\sysintgtests.icore.common.entities.dll" id="9cbf5c31-b6b6-5ff6-38f9-554f1fe8a3a1">
      <TestCategory>
        <TestCategoryItem TestCategory="Entities" />
        <TestCategoryItem TestCategory="SystemIntegration" />
      </TestCategory>
      <Execution id="f0afb268-163c-4364-862e-2c544fad1670" />
      <TestMethod codeBase="F:\ETWork\bin\Tests\SysIntgTests.iCore.Common.Entities.dll" adapterTypeName="Microsoft.VisualStudio.TestTools.TestTypes.Unit.UnitTestAdapter" className="SysIntgTests.iCore.Common.Entities.PartnerAttributeGroupTypeTests" name="Add_NullClrName_GeneratesClrName" />
    </UnitTest>
    <UnitTest name="Add_TooLongClrName_ThrowsStringLengthErrorException" storage="f:\etwork\bin\tests\sysintgtests.icore.common.entities.dll" id="7047b5db-ce92-3b72-cd38-4b075d375a09">
      <TestCategory>
        <TestCategoryItem TestCategory="Entities" />
        <TestCategoryItem TestCategory="SystemIntegration" />
      </TestCategory>
      <Execution id="7a213e4c-38e7-4862-b950-796d62fab7ce" />
      <TestMethod codeBase="F:\ETWork\bin\Tests\SysIntgTests.iCore.Common.Entities.dll" adapterTypeName="Microsoft.VisualStudio.TestTools.TestTypes.Unit.UnitTestAdapter" className="SysIntgTests.iCore.Common.Entities.PartnerAttributeGroupTypeTests" name="Add_TooLongClrName_ThrowsStringLengthErrorException" />
    </UnitTest>
    <UnitTest name="Add_MemberWithInvalidClrName_Throws" storage="f:\etwork\bin\tests\sysintgtests.icore.common.entities.dll" id="b94c2ce4-c87b-76f0-4c91-22194332cdc8">
      <TestCategory>
        <TestCategoryItem TestCategory="Entities" />
        <TestCategoryItem TestCategory="SystemIntegration" />
      </TestCategory>
      <Execution id="b9b8cf10-9938-490c-880d-c683e6a297de" />
      <TestMethod codeBase="F:\ETWork\bin\Tests\SysIntgTests.iCore.Common.Entities.dll" adapterTypeName="Microsoft.VisualStudio.TestTools.TestTypes.Unit.UnitTestAdapter" className="SysIntgTests.iCore.Common.Entities.PartnerAttributeGroupTypeTests" name="Add_MemberWithInvalidClrName_Throws" />
    </UnitTest>
    <UnitTest name="Add_MemberWithNullName_Throws" storage="f:\etwork\bin\tests\sysintgtests.icore.common.entities.dll" id="7b953f06-3b58-9d92-d5d5-6ef4a9f438d7">
      <TestCategory>
        <TestCategoryItem TestCategory="Entities" />
        <TestCategoryItem TestCategory="SystemIntegration" />
      </TestCategory>
      <Execution id="12546b78-e8f1-426e-9e90-52608e0f95e0" />
      <TestMethod codeBase="F:\ETWork\bin\Tests\SysIntgTests.iCore.Common.Entities.dll" adapterTypeName="Microsoft.VisualStudio.TestTools.TestTypes.Unit.UnitTestAdapter" className="SysIntgTests.iCore.Common.Entities.PartnerAttributeGroupTypeTests" name="Add_MemberWithNullName_Throws" />
    </UnitTest>
    <UnitTest name="Add_MemberWithWhitespaceOnlyName_Throws" storage="f:\etwork\bin\tests\sysintgtests.icore.common.entities.dll" id="d1406247-2860-a8c0-c62a-b0dd2a807bdf">
      <TestCategory>
        <TestCategoryItem TestCategory="Entities" />
        <TestCategoryItem TestCategory="SystemIntegration" />
      </TestCategory>
      <Execution id="912fe9c2-a15c-4b6e-b9a2-48b2c3aebbca" />
      <TestMethod codeBase="F:\ETWork\bin\Tests\SysIntgTests.iCore.Common.Entities.dll" adapterTypeName="Microsoft.VisualStudio.TestTools.TestTypes.Unit.UnitTestAdapter" className="SysIntgTests.iCore.Common.Entities.PartnerAttributeGroupTypeTests" name="Add_MemberWithWhitespaceOnlyName_Throws" />
    </UnitTest>
    <UnitTest name="Add_MemberWithTooLongName_Throws" storage="f:\etwork\bin\tests\sysintgtests.icore.common.entities.dll" id="e2efcdc7-c0f8-70e4-daa2-8eff57e0a5ff">
      <TestCategory>
        <TestCategoryItem TestCategory="Entities" />
        <TestCategoryItem TestCategory="SystemIntegration" />
      </TestCategory>
      <Execution id="0dfb1324-3050-4365-8afa-b37234844231" />
      <TestMethod codeBase="F:\ETWork\bin\Tests\SysIntgTests.iCore.Common.Entities.dll" adapterTypeName="Microsoft.VisualStudio.TestTools.TestTypes.Unit.UnitTestAdapter" className="SysIntgTests.iCore.Common.Entities.PartnerAttributeGroupTypeTests" name="Add_MemberWithTooLongName_Throws" />
    </UnitTest>
    <UnitTest name="Add_MemberWithLongDescription_Succeeds" storage="f:\etwork\bin\tests\sysintgtests.icore.common.entities.dll" id="6a4099c8-465c-0d9b-c290-a08a79c4615a">
      <TestCategory>
        <TestCategoryItem TestCategory="Entities" />
        <TestCategoryItem TestCategory="SystemIntegration" />
      </TestCategory>
      <Execution id="68f68556-3eee-4d79-bfb1-84021f8e1daa" />
      <TestMethod codeBase="F:\ETWork\bin\Tests\SysIntgTests.iCore.Common.Entities.dll" adapterTypeName="Microsoft.VisualStudio.TestTools.TestTypes.Unit.UnitTestAdapter" className="SysIntgTests.iCore.Common.Entities.PartnerAttributeGroupTypeTests" name="Add_MemberWithLongDescription_Succeeds" />
    </UnitTest>
    <UnitTest name="Add_MemberWithTooLongClrName_Throws" storage="f:\etwork\bin\tests\sysintgtests.icore.common.entities.dll" id="72d46e54-f9c8-d6ed-68f7-bf706f25519e">
      <TestCategory>
        <TestCategoryItem TestCategory="Entities" />
        <TestCategoryItem TestCategory="SystemIntegration" />
      </TestCategory>
      <Execution id="2a7c8e78-e0ba-40eb-b3b8-d43da549c792" />
      <TestMethod codeBase="F:\ETWork\bin\Tests\SysIntgTests.iCore.Common.Entities.dll" adapterTypeName="Microsoft.VisualStudio.TestTools.TestTypes.Unit.UnitTestAdapter" className="SysIntgTests.iCore.Common.Entities.PartnerAttributeGroupTypeTests" name="Add_MemberWithTooLongClrName_Throws" />
    </UnitTest>
    <UnitTest name="Add_MemberWithSameClrNameAsParent_Throws" storage="f:\etwork\bin\tests\sysintgtests.icore.common.entities.dll" id="272a7aee-bb58-ef71-3422-ac5f6aa8b964">
      <TestCategory>
        <TestCategoryItem TestCategory="Entities" />
        <TestCategoryItem TestCategory="SystemIntegration" />
      </TestCategory>
      <Execution id="6ac2e21e-d92c-45dc-b5b4-cdac6a04e0c9" />
      <TestMethod codeBase="F:\ETWork\bin\Tests\SysIntgTests.iCore.Common.Entities.dll" adapterTypeName="Microsoft.VisualStudio.TestTools.TestTypes.Unit.UnitTestAdapter" className="SysIntgTests.iCore.Common.Entities.PartnerAttributeGroupTypeTests" name="Add_MemberWithSameClrNameAsParent_Throws" />
    </UnitTest>
    <UnitTest name="Add_MemberIsProtectedAndSystemSetForEncryption_MemberStoredEncrypted" storage="f:\etwork\bin\tests\sysintgtests.icore.common.entities.dll" id="6bfe994a-e9c3-29d0-05be-86c89ed6117d">
      <TestCategory>
        <TestCategoryItem TestCategory="Entities" />
        <TestCategoryItem TestCategory="SystemIntegration" />
      </TestCategory>
      <Execution id="36a8798d-1d4c-41a5-a2f3-becd5abd573b" />
      <TestMethod codeBase="F:\ETWork\bin\Tests\SysIntgTests.iCore.Common.Entities.dll" adapterTypeName="Microsoft.VisualStudio.TestTools.TestTypes.Unit.UnitTestAdapter" className="SysIntgTests.iCore.Common.Entities.PartnerAttributeGroupTypeTests" name="Add_MemberIsProtectedAndSystemSetForEncryption_MemberStoredEncrypted" />
    </UnitTest>
    <UnitTest name="Update_NullName_ThrowsConditionalErrorException" storage="f:\etwork\bin\tests\sysintgtests.icore.common.entities.dll" id="0a1b6b1a-c874-c5a3-a9e5-ad1847869e05">
      <TestCategory>
        <TestCategoryItem TestCategory="Entities" />
        <TestCategoryItem TestCategory="SystemIntegration" />
      </TestCategory>
      <Execution id="55199a5d-6dd6-4388-92f3-c4aabea711c2" />
      <TestMethod codeBase="F:\ETWork\bin\Tests\SysIntgTests.iCore.Common.Entities.dll" adapterTypeName="Microsoft.VisualStudio.TestTools.TestTypes.Unit.UnitTestAdapter" className="SysIntgTests.iCore.Common.Entities.PartnerAttributeGroupTypeTests" name="Update_NullName_ThrowsConditionalErrorException" />
    </UnitTest>
    <UnitTest name="Update_EmtpyName_ThrowsStringLengthErrorException" storage="f:\etwork\bin\tests\sysintgtests.icore.common.entities.dll" id="113ac157-7a7b-a857-e60b-ef523ab7c039">
      <TestCategory>
        <TestCategoryItem TestCategory="Entities" />
        <TestCategoryItem TestCategory="SystemIntegration" />
      </TestCategory>
      <Execution id="d667e217-5f22-461d-8cc4-c238554c1d11" />
      <TestMethod codeBase="F:\ETWork\bin\Tests\SysIntgTests.iCore.Common.Entities.dll" adapterTypeName="Microsoft.VisualStudio.TestTools.TestTypes.Unit.UnitTestAdapter" className="SysIntgTests.iCore.Common.Entities.PartnerAttributeGroupTypeTests" name="Update_EmtpyName_ThrowsStringLengthErrorException" />
    </UnitTest>
    <UnitTest name="Update_WhitespaceOnlyName_ThrowsStringLengthErrorException" storage="f:\etwork\bin\tests\sysintgtests.icore.common.entities.dll" id="1ff0fc48-782c-84cb-c863-1a1a5852ac6b">
      <TestCategory>
        <TestCategoryItem TestCategory="Entities" />
        <TestCategoryItem TestCategory="SystemIntegration" />
      </TestCategory>
      <Execution id="a32b8db7-df70-4e17-a2ce-85c6b7c2ee6d" />
      <TestMethod codeBase="F:\ETWork\bin\Tests\SysIntgTests.iCore.Common.Entities.dll" adapterTypeName="Microsoft.VisualStudio.TestTools.TestTypes.Unit.UnitTestAdapter" className="SysIntgTests.iCore.Common.Entities.PartnerAttributeGroupTypeTests" name="Update_WhitespaceOnlyName_ThrowsStringLengthErrorException" />
    </UnitTest>
    <UnitTest name="Update_TooLongName_ThrowsStringLengthErrorException" storage="f:\etwork\bin\tests\sysintgtests.icore.common.entities.dll" id="d5e740e4-05d7-15cf-eb08-4b0e2c3ed462">
      <TestCategory>
        <TestCategoryItem TestCategory="Entities" />
        <TestCategoryItem TestCategory="SystemIntegration" />
      </TestCategory>
      <Execution id="959b5282-90ee-456c-a9cc-c819c611b02f" />
      <TestMethod codeBase="F:\ETWork\bin\Tests\SysIntgTests.iCore.Common.Entities.dll" adapterTypeName="Microsoft.VisualStudio.TestTools.TestTypes.Unit.UnitTestAdapter" className="SysIntgTests.iCore.Common.Entities.PartnerAttributeGroupTypeTests" name="Update_TooLongName_ThrowsStringLengthErrorException" />
    </UnitTest>
    <UnitTest name="Update_LongDescription_Succeeds" storage="f:\etwork\bin\tests\sysintgtests.icore.common.entities.dll" id="e6ae64f1-5c05-fa91-add3-f4099d421bc2">
      <TestCategory>
        <TestCategoryItem TestCategory="Entities" />
        <TestCategoryItem TestCategory="SystemIntegration" />
      </TestCategory>
      <Execution id="8d199e77-82ae-48fa-991a-dfb7866e94b4" />
      <TestMethod codeBase="F:\ETWork\bin\Tests\SysIntgTests.iCore.Common.Entities.dll" adapterTypeName="Microsoft.VisualStudio.TestTools.TestTypes.Unit.UnitTestAdapter" className="SysIntgTests.iCore.Common.Entities.PartnerAttributeGroupTypeTests" name="Update_LongDescription_Succeeds" />
    </UnitTest>
    <UnitTest name="Update_DuplicateClrName_ThrowsUniqueValueUpdateConflictErrorException" storage="f:\etwork\bin\tests\sysintgtests.icore.common.entities.dll" id="551dbd00-f2b4-b551-f4a3-98c11246ce05">
      <TestCategory>
        <TestCategoryItem TestCategory="Entities" />
        <TestCategoryItem TestCategory="SystemIntegration" />
      </TestCategory>
      <Execution id="50684aaf-6388-4ec7-9193-27f33ebd3adc" />
      <TestMethod codeBase="F:\ETWork\bin\Tests\SysIntgTests.iCore.Common.Entities.dll" adapterTypeName="Microsoft.VisualStudio.TestTools.TestTypes.Unit.UnitTestAdapter" className="SysIntgTests.iCore.Common.Entities.PartnerAttributeGroupTypeTests" name="Update_DuplicateClrName_ThrowsUniqueValueUpdateConflictErrorException" />
    </UnitTest>
    <UnitTest name="Update_TooLongClrName_ThrowsStringLengthErrorException" storage="f:\etwork\bin\tests\sysintgtests.icore.common.entities.dll" id="33c10757-2964-3cc6-4eec-14a39446c7ad">
      <TestCategory>
        <TestCategoryItem TestCategory="Entities" />
        <TestCategoryItem TestCategory="SystemIntegration" />
      </TestCategory>
      <Execution id="26417be7-8971-4fa3-856c-27f38092d729" />
      <TestMethod codeBase="F:\ETWork\bin\Tests\SysIntgTests.iCore.Common.Entities.dll" adapterTypeName="Microsoft.VisualStudio.TestTools.TestTypes.Unit.UnitTestAdapter" className="SysIntgTests.iCore.Common.Entities.PartnerAttributeGroupTypeTests" name="Update_TooLongClrName_ThrowsStringLengthErrorException" />
    </UnitTest>
    <UnitTest name="Update_InvalidClrName_Throws" storage="f:\etwork\bin\tests\sysintgtests.icore.common.entities.dll" id="227ce71b-90d7-7be1-e8e6-4280b019bf99">
      <TestCategory>
        <TestCategoryItem TestCategory="Entities" />
        <TestCategoryItem TestCategory="SystemIntegration" />
      </TestCategory>
      <Execution id="e4710fd0-c61a-4602-8a28-b391b0d9c576" />
      <TestMethod codeBase="F:\ETWork\bin\Tests\SysIntgTests.iCore.Common.Entities.dll" adapterTypeName="Microsoft.VisualStudio.TestTools.TestTypes.Unit.UnitTestAdapter" className="SysIntgTests.iCore.Common.Entities.PartnerAttributeGroupTypeTests" name="Update_InvalidClrName_Throws" />
    </UnitTest>
    <UnitTest name="Update_DuplicateName_ThrowsUniqueValueAddConflictException" storage="f:\etwork\bin\tests\sysintgtests.icore.common.entities.dll" id="98257716-9e9e-0331-00af-19cb9f7a3fd1">
      <TestCategory>
        <TestCategoryItem TestCategory="Entities" />
        <TestCategoryItem TestCategory="SystemIntegration" />
      </TestCategory>
      <Execution id="ac1bf51c-fa64-4263-a1cf-a072677e3f3b" />
      <TestMethod codeBase="F:\ETWork\bin\Tests\SysIntgTests.iCore.Common.Entities.dll" adapterTypeName="Microsoft.VisualStudio.TestTools.TestTypes.Unit.UnitTestAdapter" className="SysIntgTests.iCore.Common.Entities.PartnerAttributeGroupTypeTests" name="Update_DuplicateName_ThrowsUniqueValueAddConflictException" />
    </UnitTest>
    <UnitTest name="Update_ComplexProperties_ArePersistedCorrectly" storage="f:\etwork\bin\tests\sysintgtests.icore.common.entities.dll" id="c5c20953-a965-bf89-38d5-001da955b710">
      <TestCategory>
        <TestCategoryItem TestCategory="Entities" />
        <TestCategoryItem TestCategory="SystemIntegration" />
      </TestCategory>
      <Execution id="3cca5871-c4ec-4723-88b6-5febe46672be" />
      <TestMethod codeBase="F:\ETWork\bin\Tests\SysIntgTests.iCore.Common.Entities.dll" adapterTypeName="Microsoft.VisualStudio.TestTools.TestTypes.Unit.UnitTestAdapter" className="SysIntgTests.iCore.Common.Entities.PartnerAttributeGroupTypeTests" name="Update_ComplexProperties_ArePersistedCorrectly" />
    </UnitTest>
    <UnitTest name="Update_UnchangedName_Succeeds" storage="f:\etwork\bin\tests\sysintgtests.icore.common.entities.dll" id="71d24e0e-b3da-8b47-c0a1-b63c5a89d1bb">
      <TestCategory>
        <TestCategoryItem TestCategory="Entities" />
        <TestCategoryItem TestCategory="SystemIntegration" />
      </TestCategory>
      <Execution id="cc084262-780e-4350-8a62-8bb1b390705f" />
      <TestMethod codeBase="F:\ETWork\bin\Tests\SysIntgTests.iCore.Common.Entities.dll" adapterTypeName="Microsoft.VisualStudio.TestTools.TestTypes.Unit.UnitTestAdapter" className="SysIntgTests.iCore.Common.Entities.PartnerAttributeGroupTypeTests" name="Update_UnchangedName_Succeeds" />
    </UnitTest>
    <UnitTest name="Update_IsProtectedChangedAndUserIsDeveloper_Succeeds" storage="f:\etwork\bin\tests\sysintgtests.icore.common.entities.dll" id="f3a02ca3-8cdf-11fa-cf69-2ac360858abd">
      <TestCategory>
        <TestCategoryItem TestCategory="Entities" />
        <TestCategoryItem TestCategory="SystemIntegration" />
      </TestCategory>
      <Execution id="5b26a5b2-70bc-4def-82c1-6d270af0414d" />
      <TestMethod codeBase="F:\ETWork\bin\Tests\SysIntgTests.iCore.Common.Entities.dll" adapterTypeName="Microsoft.VisualStudio.TestTools.TestTypes.Unit.UnitTestAdapter" className="SysIntgTests.iCore.Common.Entities.PartnerAttributeGroupTypeTests" name="Update_IsProtectedChangedAndUserIsDeveloper_Succeeds" />
    </UnitTest>
    <UnitTest name="Update_IsProtectedChangedAndUserIsAdministrator_Throws" storage="f:\etwork\bin\tests\sysintgtests.icore.common.entities.dll" id="7f11cb21-2d5a-5523-2fc7-84990a493f16">
      <TestCategory>
        <TestCategoryItem TestCategory="Entities" />
        <TestCategoryItem TestCategory="SystemIntegration" />
      </TestCategory>
      <Execution id="3cc89ec3-2f3e-4d47-9c2f-9b97d7c32fa0" />
      <TestMethod codeBase="F:\ETWork\bin\Tests\SysIntgTests.iCore.Common.Entities.dll" adapterTypeName="Microsoft.VisualStudio.TestTools.TestTypes.Unit.UnitTestAdapter" className="SysIntgTests.iCore.Common.Entities.PartnerAttributeGroupTypeTests" name="Update_IsProtectedChangedAndUserIsAdministrator_Throws" />
    </UnitTest>
    <UnitTest name="Update_IsProtectedChangedAndUserIsUser_Throws" storage="f:\etwork\bin\tests\sysintgtests.icore.common.entities.dll" id="875ba775-3661-db39-fb4d-089eb31fbfcd">
      <TestCategory>
        <TestCategoryItem TestCategory="Entities" />
        <TestCategoryItem TestCategory="SystemIntegration" />
      </TestCategory>
      <Execution id="85c33476-543b-4d73-b160-ccaf805c030d" />
      <TestMethod codeBase="F:\ETWork\bin\Tests\SysIntgTests.iCore.Common.Entities.dll" adapterTypeName="Microsoft.VisualStudio.TestTools.TestTypes.Unit.UnitTestAdapter" className="SysIntgTests.iCore.Common.Entities.PartnerAttributeGroupTypeTests" name="Update_IsProtectedChangedAndUserIsUser_Throws" />
    </UnitTest>
    <UnitTest name="Update_IsProtectedChangedAndUserIsViewer_Throws" storage="f:\etwork\bin\tests\sysintgtests.icore.common.entities.dll" id="457f0749-05b4-618c-76fc-027add7becd9">
      <TestCategory>
        <TestCategoryItem TestCategory="Entities" />
        <TestCategoryItem TestCategory="SystemIntegration" />
      </TestCategory>
      <Execution id="40f63d02-241a-4ab6-bde6-74c011d225f3" />
      <TestMethod codeBase="F:\ETWork\bin\Tests\SysIntgTests.iCore.Common.Entities.dll" adapterTypeName="Microsoft.VisualStudio.TestTools.TestTypes.Unit.UnitTestAdapter" className="SysIntgTests.iCore.Common.Entities.PartnerAttributeGroupTypeTests" name="Update_IsProtectedChangedAndUserIsViewer_Throws" />
    </UnitTest>
    <UnitTest name="Update_IsProtectedNotChangedAndUserIsDeveloper_Succeeds" storage="f:\etwork\bin\tests\sysintgtests.icore.common.entities.dll" id="b8746d89-fbe6-c84c-2368-07585209e1b0">
      <TestCategory>
        <TestCategoryItem TestCategory="Entities" />
        <TestCategoryItem TestCategory="SystemIntegration" />
      </TestCategory>
      <Execution id="c705481e-2d28-4571-b9da-bbed72e04c60" />
      <TestMethod codeBase="F:\ETWork\bin\Tests\SysIntgTests.iCore.Common.Entities.dll" adapterTypeName="Microsoft.VisualStudio.TestTools.TestTypes.Unit.UnitTestAdapter" className="SysIntgTests.iCore.Common.Entities.PartnerAttributeGroupTypeTests" name="Update_IsProtectedNotChangedAndUserIsDeveloper_Succeeds" />
    </UnitTest>
    <UnitTest name="Update_IsProtectedNotChangedAndUserIsAdministrator_Succeeds" storage="f:\etwork\bin\tests\sysintgtests.icore.common.entities.dll" id="ce9dabfa-3d23-1a7a-cad5-b88e59b08e55">
      <TestCategory>
        <TestCategoryItem TestCategory="Entities" />
        <TestCategoryItem TestCategory="SystemIntegration" />
      </TestCategory>
      <Execution id="ed4fc531-c6c6-490d-acb7-08ee63bb8f7e" />
      <TestMethod codeBase="F:\ETWork\bin\Tests\SysIntgTests.iCore.Common.Entities.dll" adapterTypeName="Microsoft.VisualStudio.TestTools.TestTypes.Unit.UnitTestAdapter" className="SysIntgTests.iCore.Common.Entities.PartnerAttributeGroupTypeTests" name="Update_IsProtectedNotChangedAndUserIsAdministrator_Succeeds" />
    </UnitTest>
    <UnitTest name="Update_IsProtectedNotChangedAndUserIsUser_Succeeds" storage="f:\etwork\bin\tests\sysintgtests.icore.common.entities.dll" id="a7a97ec3-252c-357a-e8a4-713635ed3dff">
      <TestCategory>
        <TestCategoryItem TestCategory="Entities" />
        <TestCategoryItem TestCategory="SystemIntegration" />
      </TestCategory>
      <Execution id="bf857326-587b-4e75-b340-9203ac090c7c" />
      <TestMethod codeBase="F:\ETWork\bin\Tests\SysIntgTests.iCore.Common.Entities.dll" adapterTypeName="Microsoft.VisualStudio.TestTools.TestTypes.Unit.UnitTestAdapter" className="SysIntgTests.iCore.Common.Entities.PartnerAttributeGroupTypeTests" name="Update_IsProtectedNotChangedAndUserIsUser_Succeeds" />
    </UnitTest>
    <UnitTest name="Update_IsProtectedNotChangedAndUserIsViewer_Succeeds" storage="f:\etwork\bin\tests\sysintgtests.icore.common.entities.dll" id="5608443f-b522-9398-2c78-7e576b5e49ee">
      <TestCategory>
        <TestCategoryItem TestCategory="Entities" />
        <TestCategoryItem TestCategory="SystemIntegration" />
      </TestCategory>
      <Execution id="3a263de2-e1e0-48dc-b69f-ee6cf299fb20" />
      <TestMethod codeBase="F:\ETWork\bin\Tests\SysIntgTests.iCore.Common.Entities.dll" adapterTypeName="Microsoft.VisualStudio.TestTools.TestTypes.Unit.UnitTestAdapter" className="SysIntgTests.iCore.Common.Entities.PartnerAttributeGroupTypeTests" name="Update_IsProtectedNotChangedAndUserIsViewer_Succeeds" />
    </UnitTest>
    <UnitTest name="Update_MemberWithInvalidClrName_Throws" storage="f:\etwork\bin\tests\sysintgtests.icore.common.entities.dll" id="c2c82a45-d7ca-4add-3396-5b3fcb6f85da">
      <TestCategory>
        <TestCategoryItem TestCategory="Entities" />
        <TestCategoryItem TestCategory="SystemIntegration" />
      </TestCategory>
      <Execution id="9f6b7b57-b29c-4d22-b123-11fe3b37578c" />
      <TestMethod codeBase="F:\ETWork\bin\Tests\SysIntgTests.iCore.Common.Entities.dll" adapterTypeName="Microsoft.VisualStudio.TestTools.TestTypes.Unit.UnitTestAdapter" className="SysIntgTests.iCore.Common.Entities.PartnerAttributeGroupTypeTests" name="Update_MemberWithInvalidClrName_Throws" />
    </UnitTest>
    <UnitTest name="Update_MemberWithNullName_Throws" storage="f:\etwork\bin\tests\sysintgtests.icore.common.entities.dll" id="cdfb6738-439c-f526-b3f9-9b22c8dd8b4b">
      <TestCategory>
        <TestCategoryItem TestCategory="Entities" />
        <TestCategoryItem TestCategory="SystemIntegration" />
      </TestCategory>
      <Execution id="7a129efb-57bd-4bf1-b61e-f237a88bad7c" />
      <TestMethod codeBase="F:\ETWork\bin\Tests\SysIntgTests.iCore.Common.Entities.dll" adapterTypeName="Microsoft.VisualStudio.TestTools.TestTypes.Unit.UnitTestAdapter" className="SysIntgTests.iCore.Common.Entities.PartnerAttributeGroupTypeTests" name="Update_MemberWithNullName_Throws" />
    </UnitTest>
    <UnitTest name="Update_MemberWithWhitespaceOnlyName_Throws" storage="f:\etwork\bin\tests\sysintgtests.icore.common.entities.dll" id="8935a4d0-cd09-13ae-ade5-59818e6bd92e">
      <TestCategory>
        <TestCategoryItem TestCategory="Entities" />
        <TestCategoryItem TestCategory="SystemIntegration" />
      </TestCategory>
      <Execution id="e6ed8f97-7585-46e1-8dc2-a421ead47226" />
      <TestMethod codeBase="F:\ETWork\bin\Tests\SysIntgTests.iCore.Common.Entities.dll" adapterTypeName="Microsoft.VisualStudio.TestTools.TestTypes.Unit.UnitTestAdapter" className="SysIntgTests.iCore.Common.Entities.PartnerAttributeGroupTypeTests" name="Update_MemberWithWhitespaceOnlyName_Throws" />
    </UnitTest>
    <UnitTest name="Update_MemberWithTooLongName_Throws" storage="f:\etwork\bin\tests\sysintgtests.icore.common.entities.dll" id="d5149f1d-f1c7-b2e1-d65c-92b4383fcfd2">
      <TestCategory>
        <TestCategoryItem TestCategory="Entities" />
        <TestCategoryItem TestCategory="SystemIntegration" />
      </TestCategory>
      <Execution id="393fc048-7aab-4db4-8ed8-3d67fd2804b5" />
      <TestMethod codeBase="F:\ETWork\bin\Tests\SysIntgTests.iCore.Common.Entities.dll" adapterTypeName="Microsoft.VisualStudio.TestTools.TestTypes.Unit.UnitTestAdapter" className="SysIntgTests.iCore.Common.Entities.PartnerAttributeGroupTypeTests" name="Update_MemberWithTooLongName_Throws" />
    </UnitTest>
    <UnitTest name="Update_MemberWithLongDescription_Succeeds" storage="f:\etwork\bin\tests\sysintgtests.icore.common.entities.dll" id="18a27d1e-253f-b989-41f5-54e3c706b249">
      <TestCategory>
        <TestCategoryItem TestCategory="Entities" />
        <TestCategoryItem TestCategory="SystemIntegration" />
      </TestCategory>
      <Execution id="5ed25c5c-a438-4c56-9c04-b4fe048a5b9b" />
      <TestMethod codeBase="F:\ETWork\bin\Tests\SysIntgTests.iCore.Common.Entities.dll" adapterTypeName="Microsoft.VisualStudio.TestTools.TestTypes.Unit.UnitTestAdapter" className="SysIntgTests.iCore.Common.Entities.PartnerAttributeGroupTypeTests" name="Update_MemberWithLongDescription_Succeeds" />
    </UnitTest>
    <UnitTest name="Update_MemberWithTooLongClrName_Throws" storage="f:\etwork\bin\tests\sysintgtests.icore.common.entities.dll" id="13f71716-93da-f7d3-442d-81d9b2673628">
      <TestCategory>
        <TestCategoryItem TestCategory="Entities" />
        <TestCategoryItem TestCategory="SystemIntegration" />
      </TestCategory>
      <Execution id="789c39b3-abb9-4d8b-8286-b057b6e0d86f" />
      <TestMethod codeBase="F:\ETWork\bin\Tests\SysIntgTests.iCore.Common.Entities.dll" adapterTypeName="Microsoft.VisualStudio.TestTools.TestTypes.Unit.UnitTestAdapter" className="SysIntgTests.iCore.Common.Entities.PartnerAttributeGroupTypeTests" name="Update_MemberWithTooLongClrName_Throws" />
    </UnitTest>
    <UnitTest name="Update_MemberWithSameClrNameAsParent_Throws" storage="f:\etwork\bin\tests\sysintgtests.icore.common.entities.dll" id="7ee1cdb0-11a9-c39f-4f56-2355910218a9">
      <TestCategory>
        <TestCategoryItem TestCategory="Entities" />
        <TestCategoryItem TestCategory="SystemIntegration" />
      </TestCategory>
      <Execution id="a308ec44-0b93-4f50-b4fe-652c4f6a9046" />
      <TestMethod codeBase="F:\ETWork\bin\Tests\SysIntgTests.iCore.Common.Entities.dll" adapterTypeName="Microsoft.VisualStudio.TestTools.TestTypes.Unit.UnitTestAdapter" className="SysIntgTests.iCore.Common.Entities.PartnerAttributeGroupTypeTests" name="Update_MemberWithSameClrNameAsParent_Throws" />
    </UnitTest>
    <UnitTest name="Update_IsProtectedChangedAndUserIsDeveloper_ValueEncrypted" storage="f:\etwork\bin\tests\sysintgtests.icore.common.entities.dll" id="cb1cf787-eb8f-727f-ee91-70d0a8ca3692">
      <TestCategory>
        <TestCategoryItem TestCategory="Entities" />
        <TestCategoryItem TestCategory="SystemIntegration" />
      </TestCategory>
      <Execution id="cbdb178c-ead8-415d-bc51-e4e289528ffb" />
      <TestMethod codeBase="F:\ETWork\bin\Tests\SysIntgTests.iCore.Common.Entities.dll" adapterTypeName="Microsoft.VisualStudio.TestTools.TestTypes.Unit.UnitTestAdapter" className="SysIntgTests.iCore.Common.Entities.PartnerAttributeGroupTypeTests" name="Update_IsProtectedChangedAndUserIsDeveloper_ValueEncrypted" />
    </UnitTest>
    <UnitTest name="UpdateAllMembers_ComplexProperties_Success" storage="f:\etwork\bin\tests\sysintgtests.icore.common.entities.dll" id="3eb530fc-bf78-502b-5c14-d274200cdb4d">
      <TestCategory>
        <TestCategoryItem TestCategory="Entities" />
        <TestCategoryItem TestCategory="SystemIntegration" />
      </TestCategory>
      <Execution id="c9180b14-79b2-4a0d-82d7-2a0989644a0e" />
      <TestMethod codeBase="F:\ETWork\bin\Tests\SysIntgTests.iCore.Common.Entities.dll" adapterTypeName="Microsoft.VisualStudio.TestTools.TestTypes.Unit.UnitTestAdapter" className="SysIntgTests.iCore.Common.Entities.PartnerAttributeGroupTypeTests" name="UpdateAllMembers_ComplexProperties_Success" />
    </UnitTest>
    <UnitTest name="ListIsProtected_ComplexProperties_ReturnsProtectedTypes" storage="f:\etwork\bin\tests\sysintgtests.icore.common.entities.dll" id="33dd7644-a1e7-8b0a-0ce8-d3fadf722df0">
      <TestCategory>
        <TestCategoryItem TestCategory="Entities" />
        <TestCategoryItem TestCategory="SystemIntegration" />
      </TestCategory>
      <Execution id="a5a0db62-aa85-43d1-85d1-e75507d4cf35" />
      <TestMethod codeBase="F:\ETWork\bin\Tests\SysIntgTests.iCore.Common.Entities.dll" adapterTypeName="Microsoft.VisualStudio.TestTools.TestTypes.Unit.UnitTestAdapter" className="SysIntgTests.iCore.Common.Entities.PartnerAttributeGroupTypeTests" name="ListIsProtected_ComplexProperties_ReturnsProtectedTypes" />
    </UnitTest>
    <UnitTest name="RepositoryEntityTypeId_ReturnsSettingAttributeType" storage="f:\etwork\bin\tests\sysintgtests.icore.common.entities.dll" id="72c6c988-427e-1954-51e5-126fae21ee9f">
      <TestCategory>
        <TestCategoryItem TestCategory="Entities" />
        <TestCategoryItem TestCategory="SystemIntegration" />
      </TestCategory>
      <Execution id="e1b4e62c-188e-4065-a6a3-5116fd429b31" />
      <TestMethod codeBase="F:\ETWork\bin\Tests\SysIntgTests.iCore.Common.Entities.dll" adapterTypeName="Microsoft.VisualStudio.TestTools.TestTypes.Unit.UnitTestAdapter" className="SysIntgTests.iCore.Common.Entities.SettingAttributeGroupTypeTests" name="RepositoryEntityTypeId_ReturnsSettingAttributeType" />
    </UnitTest>
    <UnitTest name="RepositoryEntityType_ReturnsISettingAttributeType" storage="f:\etwork\bin\tests\sysintgtests.icore.common.entities.dll" id="4b5d61c5-5224-8c1a-be4f-12ea1a6eb920">
      <TestCategory>
        <TestCategoryItem TestCategory="Entities" />
        <TestCategoryItem TestCategory="SystemIntegration" />
      </TestCategory>
      <Execution id="1f1e60a5-1145-4242-950f-3960a4a31f1f" />
      <TestMethod codeBase="F:\ETWork\bin\Tests\SysIntgTests.iCore.Common.Entities.dll" adapterTypeName="Microsoft.VisualStudio.TestTools.TestTypes.Unit.UnitTestAdapter" className="SysIntgTests.iCore.Common.Entities.SettingAttributeGroupTypeTests" name="RepositoryEntityType_ReturnsISettingAttributeType" />
    </UnitTest>
    <UnitTest name="RepositorySystemContext_MatchesActualSystemContext" storage="f:\etwork\bin\tests\sysintgtests.icore.common.entities.dll" id="7d8f4b83-d64c-f2db-26b0-37e3b214434e">
      <TestCategory>
        <TestCategoryItem TestCategory="Entities" />
        <TestCategoryItem TestCategory="SystemIntegration" />
      </TestCategory>
      <Execution id="42586506-2aa8-4db7-a717-af459b3c8d88" />
      <TestMethod codeBase="F:\ETWork\bin\Tests\SysIntgTests.iCore.Common.Entities.dll" adapterTypeName="Microsoft.VisualStudio.TestTools.TestTypes.Unit.UnitTestAdapter" className="SysIntgTests.iCore.Common.Entities.SettingAttributeGroupTypeTests" name="RepositorySystemContext_MatchesActualSystemContext" />
    </UnitTest>
    <UnitTest name="Exists_NodeTypeKey_ThrowsArgumentException" storage="f:\etwork\bin\tests\sysintgtests.icore.common.entities.dll" id="cf4241b3-be07-890b-17bd-3fc122a41f6e">
      <TestCategory>
        <TestCategoryItem TestCategory="Entities" />
        <TestCategoryItem TestCategory="SystemIntegration" />
      </TestCategory>
      <Execution id="f88b1283-a93d-45e9-877f-287ffec3255b" />
      <TestMethod codeBase="F:\ETWork\bin\Tests\SysIntgTests.iCore.Common.Entities.dll" adapterTypeName="Microsoft.VisualStudio.TestTools.TestTypes.Unit.UnitTestAdapter" className="SysIntgTests.iCore.Common.Entities.SettingAttributeGroupTypeTests" name="Exists_NodeTypeKey_ThrowsArgumentException" />
    </UnitTest>
    <UnitTest name="Exists_KnownSettingAttributeTypeKey_ReturnsTrue (Data Row 0)" storage="f:\etwork\bin\tests\sysintgtests.icore.common.entities.dll" id="db841184-1579-4f5b-9ae4-3f97459f12bb">
      <TestCategory>
        <TestCategoryItem TestCategory="Entities" />
        <TestCategoryItem TestCategory="SystemIntegration" />
      </TestCategory>
      <Execution id="43608e57-f32b-4718-bc47-a7470e39c2da" />
      <TestMethod codeBase="F:\ETWork\bin\Tests\SysIntgTests.iCore.Common.Entities.dll" adapterTypeName="Microsoft.VisualStudio.TestTools.TestTypes.Unit.UnitTestAdapter" className="SysIntgTests.iCore.Common.Entities.SettingAttributeGroupTypeTests" name="Exists_KnownSettingAttributeTypeKey_ReturnsTrue (Data Row 0)" />
    </UnitTest>
    <UnitTest name="Exists_KnownSettingAttributeTypeKey_ReturnsTrue (Data Row 1)" storage="f:\etwork\bin\tests\sysintgtests.icore.common.entities.dll" id="b4592732-9ff5-4c74-8e0f-0220cba2d212">
      <TestCategory>
        <TestCategoryItem TestCategory="Entities" />
        <TestCategoryItem TestCategory="SystemIntegration" />
      </TestCategory>
      <Execution id="818ef3f0-c35b-44b7-8a7c-c31bbc16164a" />
      <TestMethod codeBase="F:\ETWork\bin\Tests\SysIntgTests.iCore.Common.Entities.dll" adapterTypeName="Microsoft.VisualStudio.TestTools.TestTypes.Unit.UnitTestAdapter" className="SysIntgTests.iCore.Common.Entities.SettingAttributeGroupTypeTests" name="Exists_KnownSettingAttributeTypeKey_ReturnsTrue (Data Row 1)" />
    </UnitTest>
    <UnitTest name="Exists_KnownSettingAttributeTypeKey_ReturnsTrue (Data Row 2)" storage="f:\etwork\bin\tests\sysintgtests.icore.common.entities.dll" id="41e38047-a6bd-4078-a433-7c9c8add61b6">
      <TestCategory>
        <TestCategoryItem TestCategory="Entities" />
        <TestCategoryItem TestCategory="SystemIntegration" />
      </TestCategory>
      <Execution id="5c53a38c-42af-441c-b8a1-4f0fccac9d18" />
      <TestMethod codeBase="F:\ETWork\bin\Tests\SysIntgTests.iCore.Common.Entities.dll" adapterTypeName="Microsoft.VisualStudio.TestTools.TestTypes.Unit.UnitTestAdapter" className="SysIntgTests.iCore.Common.Entities.SettingAttributeGroupTypeTests" name="Exists_KnownSettingAttributeTypeKey_ReturnsTrue (Data Row 2)" />
    </UnitTest>
    <UnitTest name="Exists_KnownSettingAttributeTypeKey_ReturnsTrue (Data Row 3)" storage="f:\etwork\bin\tests\sysintgtests.icore.common.entities.dll" id="7827bdac-f5a4-4b87-9b38-4a3302f1b8cd">
      <TestCategory>
        <TestCategoryItem TestCategory="Entities" />
        <TestCategoryItem TestCategory="SystemIntegration" />
      </TestCategory>
      <Execution id="e9cf30ea-92f3-4a56-815f-1ba1915fa000" />
      <TestMethod codeBase="F:\ETWork\bin\Tests\SysIntgTests.iCore.Common.Entities.dll" adapterTypeName="Microsoft.VisualStudio.TestTools.TestTypes.Unit.UnitTestAdapter" className="SysIntgTests.iCore.Common.Entities.SettingAttributeGroupTypeTests" name="Exists_KnownSettingAttributeTypeKey_ReturnsTrue (Data Row 3)" />
    </UnitTest>
    <UnitTest name="Exists_KnownSettingAttributeTypeKey_ReturnsTrue (Data Row 4)" storage="f:\etwork\bin\tests\sysintgtests.icore.common.entities.dll" id="cdc6ff22-05f7-416c-b4cd-8994c5bfe884">
      <TestCategory>
        <TestCategoryItem TestCategory="Entities" />
        <TestCategoryItem TestCategory="SystemIntegration" />
      </TestCategory>
      <Execution id="90760cb1-b697-4620-b5c0-73bf88fcdfb4" />
      <TestMethod codeBase="F:\ETWork\bin\Tests\SysIntgTests.iCore.Common.Entities.dll" adapterTypeName="Microsoft.VisualStudio.TestTools.TestTypes.Unit.UnitTestAdapter" className="SysIntgTests.iCore.Common.Entities.SettingAttributeGroupTypeTests" name="Exists_KnownSettingAttributeTypeKey_ReturnsTrue (Data Row 4)" />
    </UnitTest>
    <UnitTest name="Exists_NonExistingSettingAttributeTypeKey_ReturnsFalse" storage="f:\etwork\bin\tests\sysintgtests.icore.common.entities.dll" id="725a0a3a-b2e3-c71e-4acf-e283f33339d1">
      <TestCategory>
        <TestCategoryItem TestCategory="Entities" />
        <TestCategoryItem TestCategory="SystemIntegration" />
      </TestCategory>
      <Execution id="baac479f-074a-48b5-ba28-a3184cc8ba2e" />
      <TestMethod codeBase="F:\ETWork\bin\Tests\SysIntgTests.iCore.Common.Entities.dll" adapterTypeName="Microsoft.VisualStudio.TestTools.TestTypes.Unit.UnitTestAdapter" className="SysIntgTests.iCore.Common.Entities.SettingAttributeGroupTypeTests" name="Exists_NonExistingSettingAttributeTypeKey_ReturnsFalse" />
    </UnitTest>
    <UnitTest name="CreateInstance_CreatesNewSettingAttributeType" storage="f:\etwork\bin\tests\sysintgtests.icore.common.entities.dll" id="c00120f7-27d7-e6fa-3a74-f69c9610cef8">
      <Execution id="b3425cc3-e788-4a8b-b26c-c0d304655650" />
      <TestMethod codeBase="F:\ETWork\bin\Tests\SysIntgTests.iCore.Common.Entities.dll" adapterTypeName="Microsoft.VisualStudio.TestTools.TestTypes.Unit.UnitTestAdapter" className="SysIntgTests.iCore.Common.Entities.SettingAttributeGroupTypeTests" name="CreateInstance_CreatesNewSettingAttributeType" />
    </UnitTest>
    <UnitTest name="List_ContainsEachKnownSettingAttributeTypeOnce (Data Row 0)" storage="f:\etwork\bin\tests\sysintgtests.icore.common.entities.dll" id="337c8b1a-6395-4618-859e-021d3976cc4a">
      <TestCategory>
        <TestCategoryItem TestCategory="Entities" />
        <TestCategoryItem TestCategory="SystemIntegration" />
      </TestCategory>
      <Execution id="e374485d-4fba-48b7-a2c9-f03a14276d85" />
      <TestMethod codeBase="F:\ETWork\bin\Tests\SysIntgTests.iCore.Common.Entities.dll" adapterTypeName="Microsoft.VisualStudio.TestTools.TestTypes.Unit.UnitTestAdapter" className="SysIntgTests.iCore.Common.Entities.SettingAttributeGroupTypeTests" name="List_ContainsEachKnownSettingAttributeTypeOnce (Data Row 0)" />
    </UnitTest>
    <UnitTest name="List_ContainsEachKnownSettingAttributeTypeOnce (Data Row 1)" storage="f:\etwork\bin\tests\sysintgtests.icore.common.entities.dll" id="39c33e5c-1822-4164-a1e1-8443a7cee297">
      <TestCategory>
        <TestCategoryItem TestCategory="Entities" />
        <TestCategoryItem TestCategory="SystemIntegration" />
      </TestCategory>
      <Execution id="e6d7d722-9f17-4157-bbfb-482e1e1548f8" />
      <TestMethod codeBase="F:\ETWork\bin\Tests\SysIntgTests.iCore.Common.Entities.dll" adapterTypeName="Microsoft.VisualStudio.TestTools.TestTypes.Unit.UnitTestAdapter" className="SysIntgTests.iCore.Common.Entities.SettingAttributeGroupTypeTests" name="List_ContainsEachKnownSettingAttributeTypeOnce (Data Row 1)" />
    </UnitTest>
    <UnitTest name="List_ContainsEachKnownSettingAttributeTypeOnce (Data Row 2)" storage="f:\etwork\bin\tests\sysintgtests.icore.common.entities.dll" id="613ad502-1141-41fb-8bfa-1aad1eee76fd">
      <TestCategory>
        <TestCategoryItem TestCategory="Entities" />
        <TestCategoryItem TestCategory="SystemIntegration" />
      </TestCategory>
      <Execution id="34b594a5-25cc-428e-bb6f-5f59bc670d2d" />
      <TestMethod codeBase="F:\ETWork\bin\Tests\SysIntgTests.iCore.Common.Entities.dll" adapterTypeName="Microsoft.VisualStudio.TestTools.TestTypes.Unit.UnitTestAdapter" className="SysIntgTests.iCore.Common.Entities.SettingAttributeGroupTypeTests" name="List_ContainsEachKnownSettingAttributeTypeOnce (Data Row 2)" />
    </UnitTest>
    <UnitTest name="List_ContainsEachKnownSettingAttributeTypeOnce (Data Row 3)" storage="f:\etwork\bin\tests\sysintgtests.icore.common.entities.dll" id="45d816ca-a164-4355-a918-a79e1bf6e997">
      <TestCategory>
        <TestCategoryItem TestCategory="Entities" />
        <TestCategoryItem TestCategory="SystemIntegration" />
      </TestCategory>
      <Execution id="3df3632b-b7f8-48ae-a7bc-ee1f38ac4d6f" />
      <TestMethod codeBase="F:\ETWork\bin\Tests\SysIntgTests.iCore.Common.Entities.dll" adapterTypeName="Microsoft.VisualStudio.TestTools.TestTypes.Unit.UnitTestAdapter" className="SysIntgTests.iCore.Common.Entities.SettingAttributeGroupTypeTests" name="List_ContainsEachKnownSettingAttributeTypeOnce (Data Row 3)" />
    </UnitTest>
    <UnitTest name="List_ContainsEachKnownSettingAttributeTypeOnce (Data Row 4)" storage="f:\etwork\bin\tests\sysintgtests.icore.common.entities.dll" id="590565ad-25ad-4574-9f3f-1845e3699f7e">
      <TestCategory>
        <TestCategoryItem TestCategory="Entities" />
        <TestCategoryItem TestCategory="SystemIntegration" />
      </TestCategory>
      <Execution id="3337a335-2464-4eec-b8e9-44044cdc49d7" />
      <TestMethod codeBase="F:\ETWork\bin\Tests\SysIntgTests.iCore.Common.Entities.dll" adapterTypeName="Microsoft.VisualStudio.TestTools.TestTypes.Unit.UnitTestAdapter" className="SysIntgTests.iCore.Common.Entities.SettingAttributeGroupTypeTests" name="List_ContainsEachKnownSettingAttributeTypeOnce (Data Row 4)" />
    </UnitTest>
    <UnitTest name="List_ShouldSetSystemContextCorrectly" storage="f:\etwork\bin\tests\sysintgtests.icore.common.entities.dll" id="d9fd60e2-414a-e805-0886-c309e9aac01f">
      <TestCategory>
        <TestCategoryItem TestCategory="Entities" />
        <TestCategoryItem TestCategory="SystemIntegration" />
      </TestCategory>
      <Execution id="2b83bc5e-7c96-41bb-9577-0264b341ff7e" />
      <TestMethod codeBase="F:\ETWork\bin\Tests\SysIntgTests.iCore.Common.Entities.dll" adapterTypeName="Microsoft.VisualStudio.TestTools.TestTypes.Unit.UnitTestAdapter" className="SysIntgTests.iCore.Common.Entities.SettingAttributeGroupTypeTests" name="List_ShouldSetSystemContextCorrectly" />
    </UnitTest>
    <UnitTest name="GetById_NewGuid_ThrowsEntityNotFoundException" storage="f:\etwork\bin\tests\sysintgtests.icore.common.entities.dll" id="1c4d7d12-d4e2-e013-143c-3f6a8057de6e">
      <TestCategory>
        <TestCategoryItem TestCategory="Entities" />
        <TestCategoryItem TestCategory="SystemIntegration" />
      </TestCategory>
      <Execution id="cdc5d94e-0962-4d66-a075-dcf4ea655984" />
      <TestMethod codeBase="F:\ETWork\bin\Tests\SysIntgTests.iCore.Common.Entities.dll" adapterTypeName="Microsoft.VisualStudio.TestTools.TestTypes.Unit.UnitTestAdapter" className="SysIntgTests.iCore.Common.Entities.SettingAttributeGroupTypeTests" name="GetById_NewGuid_ThrowsEntityNotFoundException" />
    </UnitTest>
    <UnitTest name="GetById_KnownSettingAttributeTypeId_ReturnsEntityWithCorrectProperties (Data Row 0)" storage="f:\etwork\bin\tests\sysintgtests.icore.common.entities.dll" id="f716848e-f6a2-4ddc-b94e-a61d32178076">
      <TestCategory>
        <TestCategoryItem TestCategory="Entities" />
        <TestCategoryItem TestCategory="SystemIntegration" />
      </TestCategory>
      <Execution id="4db5e732-c993-4ce2-b8b1-d830799ae7af" />
      <TestMethod codeBase="F:\ETWork\bin\Tests\SysIntgTests.iCore.Common.Entities.dll" adapterTypeName="Microsoft.VisualStudio.TestTools.TestTypes.Unit.UnitTestAdapter" className="SysIntgTests.iCore.Common.Entities.SettingAttributeGroupTypeTests" name="GetById_KnownSettingAttributeTypeId_ReturnsEntityWithCorrectProperties (Data Row 0)" />
    </UnitTest>
    <UnitTest name="GetById_KnownSettingAttributeTypeId_ReturnsEntityWithCorrectProperties (Data Row 1)" storage="f:\etwork\bin\tests\sysintgtests.icore.common.entities.dll" id="75656252-34a7-4efa-b937-a4d7549ab0e1">
      <TestCategory>
        <TestCategoryItem TestCategory="Entities" />
        <TestCategoryItem TestCategory="SystemIntegration" />
      </TestCategory>
      <Execution id="ac95d621-e467-42ed-b10e-614b2c581ca3" />
      <TestMethod codeBase="F:\ETWork\bin\Tests\SysIntgTests.iCore.Common.Entities.dll" adapterTypeName="Microsoft.VisualStudio.TestTools.TestTypes.Unit.UnitTestAdapter" className="SysIntgTests.iCore.Common.Entities.SettingAttributeGroupTypeTests" name="GetById_KnownSettingAttributeTypeId_ReturnsEntityWithCorrectProperties (Data Row 1)" />
    </UnitTest>
    <UnitTest name="GetById_KnownSettingAttributeTypeId_ReturnsEntityWithCorrectProperties (Data Row 2)" storage="f:\etwork\bin\tests\sysintgtests.icore.common.entities.dll" id="f48de181-c71f-47a2-a6d6-629787ee91e2">
      <TestCategory>
        <TestCategoryItem TestCategory="Entities" />
        <TestCategoryItem TestCategory="SystemIntegration" />
      </TestCategory>
      <Execution id="5cc97e84-f351-48f5-b89c-c56ba330a057" />
      <TestMethod codeBase="F:\ETWork\bin\Tests\SysIntgTests.iCore.Common.Entities.dll" adapterTypeName="Microsoft.VisualStudio.TestTools.TestTypes.Unit.UnitTestAdapter" className="SysIntgTests.iCore.Common.Entities.SettingAttributeGroupTypeTests" name="GetById_KnownSettingAttributeTypeId_ReturnsEntityWithCorrectProperties (Data Row 2)" />
    </UnitTest>
    <UnitTest name="GetById_KnownSettingAttributeTypeId_ReturnsEntityWithCorrectProperties (Data Row 3)" storage="f:\etwork\bin\tests\sysintgtests.icore.common.entities.dll" id="7186b674-56fe-415a-b3e9-4ccf7e3ca360">
      <TestCategory>
        <TestCategoryItem TestCategory="Entities" />
        <TestCategoryItem TestCategory="SystemIntegration" />
      </TestCategory>
      <Execution id="e47d3988-7500-4bb9-aab9-b49740692416" />
      <TestMethod codeBase="F:\ETWork\bin\Tests\SysIntgTests.iCore.Common.Entities.dll" adapterTypeName="Microsoft.VisualStudio.TestTools.TestTypes.Unit.UnitTestAdapter" className="SysIntgTests.iCore.Common.Entities.SettingAttributeGroupTypeTests" name="GetById_KnownSettingAttributeTypeId_ReturnsEntityWithCorrectProperties (Data Row 3)" />
    </UnitTest>
    <UnitTest name="GetById_KnownSettingAttributeTypeId_ReturnsEntityWithCorrectProperties (Data Row 4)" storage="f:\etwork\bin\tests\sysintgtests.icore.common.entities.dll" id="fa437a13-485b-4a8d-8a69-187b341fdc81">
      <TestCategory>
        <TestCategoryItem TestCategory="Entities" />
        <TestCategoryItem TestCategory="SystemIntegration" />
      </TestCategory>
      <Execution id="204c98e9-a01d-493e-b998-ce754896860a" />
      <TestMethod codeBase="F:\ETWork\bin\Tests\SysIntgTests.iCore.Common.Entities.dll" adapterTypeName="Microsoft.VisualStudio.TestTools.TestTypes.Unit.UnitTestAdapter" className="SysIntgTests.iCore.Common.Entities.SettingAttributeGroupTypeTests" name="GetById_KnownSettingAttributeTypeId_ReturnsEntityWithCorrectProperties (Data Row 4)" />
    </UnitTest>
    <UnitTest name="GetByName_NullName_ThrowsArgumentNullException" storage="f:\etwork\bin\tests\sysintgtests.icore.common.entities.dll" id="64c64ca4-d60c-9c81-8c42-4bdd472ed911">
      <TestCategory>
        <TestCategoryItem TestCategory="Entities" />
        <TestCategoryItem TestCategory="SystemIntegration" />
      </TestCategory>
      <Execution id="06844bf4-f081-449e-8561-a89d72c9edca" />
      <TestMethod codeBase="F:\ETWork\bin\Tests\SysIntgTests.iCore.Common.Entities.dll" adapterTypeName="Microsoft.VisualStudio.TestTools.TestTypes.Unit.UnitTestAdapter" className="SysIntgTests.iCore.Common.Entities.SettingAttributeGroupTypeTests" name="GetByName_NullName_ThrowsArgumentNullException" />
    </UnitTest>
    <UnitTest name="GetByName_NewGuid_ThrowsEntityNotFoundException" storage="f:\etwork\bin\tests\sysintgtests.icore.common.entities.dll" id="cec21d27-b177-fdf3-51a4-91771b181a00">
      <TestCategory>
        <TestCategoryItem TestCategory="Entities" />
        <TestCategoryItem TestCategory="SystemIntegration" />
      </TestCategory>
      <Execution id="dcb4a6f5-960e-4526-822b-18d82103ccce" />
      <TestMethod codeBase="F:\ETWork\bin\Tests\SysIntgTests.iCore.Common.Entities.dll" adapterTypeName="Microsoft.VisualStudio.TestTools.TestTypes.Unit.UnitTestAdapter" className="SysIntgTests.iCore.Common.Entities.SettingAttributeGroupTypeTests" name="GetByName_NewGuid_ThrowsEntityNotFoundException" />
    </UnitTest>
    <UnitTest name="GetByName_KnownSettingAttributeTypeId_ReturnsEntityWithCorrectProperties (Data Row 0)" storage="f:\etwork\bin\tests\sysintgtests.icore.common.entities.dll" id="97f028f2-8be0-40e7-a176-acf902a2295b">
      <TestCategory>
        <TestCategoryItem TestCategory="Entities" />
        <TestCategoryItem TestCategory="SystemIntegration" />
      </TestCategory>
      <Execution id="faa50d4c-ee41-474b-b282-e7db7d7b7e39" />
      <TestMethod codeBase="F:\ETWork\bin\Tests\SysIntgTests.iCore.Common.Entities.dll" adapterTypeName="Microsoft.VisualStudio.TestTools.TestTypes.Unit.UnitTestAdapter" className="SysIntgTests.iCore.Common.Entities.SettingAttributeGroupTypeTests" name="GetByName_KnownSettingAttributeTypeId_ReturnsEntityWithCorrectProperties (Data Row 0)" />
    </UnitTest>
    <UnitTest name="GetByName_KnownSettingAttributeTypeId_ReturnsEntityWithCorrectProperties (Data Row 1)" storage="f:\etwork\bin\tests\sysintgtests.icore.common.entities.dll" id="5f8a8592-0c4b-4164-9e92-a45fe91eea47">
      <TestCategory>
        <TestCategoryItem TestCategory="Entities" />
        <TestCategoryItem TestCategory="SystemIntegration" />
      </TestCategory>
      <Execution id="3ba1713a-242f-4f4d-92cc-cd357293a10a" />
      <TestMethod codeBase="F:\ETWork\bin\Tests\SysIntgTests.iCore.Common.Entities.dll" adapterTypeName="Microsoft.VisualStudio.TestTools.TestTypes.Unit.UnitTestAdapter" className="SysIntgTests.iCore.Common.Entities.SettingAttributeGroupTypeTests" name="GetByName_KnownSettingAttributeTypeId_ReturnsEntityWithCorrectProperties (Data Row 1)" />
    </UnitTest>
    <UnitTest name="GetByName_KnownSettingAttributeTypeId_ReturnsEntityWithCorrectProperties (Data Row 2)" storage="f:\etwork\bin\tests\sysintgtests.icore.common.entities.dll" id="b777c464-1692-455e-9ea0-63925f0c67d5">
      <TestCategory>
        <TestCategoryItem TestCategory="Entities" />
        <TestCategoryItem TestCategory="SystemIntegration" />
      </TestCategory>
      <Execution id="e1854c87-59df-4ecf-928e-07b937a56d1d" />
      <TestMethod codeBase="F:\ETWork\bin\Tests\SysIntgTests.iCore.Common.Entities.dll" adapterTypeName="Microsoft.VisualStudio.TestTools.TestTypes.Unit.UnitTestAdapter" className="SysIntgTests.iCore.Common.Entities.SettingAttributeGroupTypeTests" name="GetByName_KnownSettingAttributeTypeId_ReturnsEntityWithCorrectProperties (Data Row 2)" />
    </UnitTest>
    <UnitTest name="GetByName_KnownSettingAttributeTypeId_ReturnsEntityWithCorrectProperties (Data Row 3)" storage="f:\etwork\bin\tests\sysintgtests.icore.common.entities.dll" id="5e0d0650-226a-4f3b-88d9-9eb5c34e12f4">
      <TestCategory>
        <TestCategoryItem TestCategory="Entities" />
        <TestCategoryItem TestCategory="SystemIntegration" />
      </TestCategory>
      <Execution id="2edaf320-c297-4917-8e92-1c1d63bd426c" />
      <TestMethod codeBase="F:\ETWork\bin\Tests\SysIntgTests.iCore.Common.Entities.dll" adapterTypeName="Microsoft.VisualStudio.TestTools.TestTypes.Unit.UnitTestAdapter" className="SysIntgTests.iCore.Common.Entities.SettingAttributeGroupTypeTests" name="GetByName_KnownSettingAttributeTypeId_ReturnsEntityWithCorrectProperties (Data Row 3)" />
    </UnitTest>
    <UnitTest name="GetByName_KnownSettingAttributeTypeId_ReturnsEntityWithCorrectProperties (Data Row 4)" storage="f:\etwork\bin\tests\sysintgtests.icore.common.entities.dll" id="8bc920ae-6036-4fbc-b7e9-9bca1fa9182c">
      <TestCategory>
        <TestCategoryItem TestCategory="Entities" />
        <TestCategoryItem TestCategory="SystemIntegration" />
      </TestCategory>
      <Execution id="eb973e3d-34b4-4c8d-b90f-0ef7deb87df2" />
      <TestMethod codeBase="F:\ETWork\bin\Tests\SysIntgTests.iCore.Common.Entities.dll" adapterTypeName="Microsoft.VisualStudio.TestTools.TestTypes.Unit.UnitTestAdapter" className="SysIntgTests.iCore.Common.Entities.SettingAttributeGroupTypeTests" name="GetByName_KnownSettingAttributeTypeId_ReturnsEntityWithCorrectProperties (Data Row 4)" />
    </UnitTest>
    <UnitTest name="GetByKey_NewGuid_ThrowsEntityNotFoundException" storage="f:\etwork\bin\tests\sysintgtests.icore.common.entities.dll" id="27258027-141f-f834-ef40-dca70989f5b8">
      <TestCategory>
        <TestCategoryItem TestCategory="Entities" />
        <TestCategoryItem TestCategory="SystemIntegration" />
      </TestCategory>
      <Execution id="944335ff-2890-44a7-9dc9-dfb540cbf6d2" />
      <TestMethod codeBase="F:\ETWork\bin\Tests\SysIntgTests.iCore.Common.Entities.dll" adapterTypeName="Microsoft.VisualStudio.TestTools.TestTypes.Unit.UnitTestAdapter" className="SysIntgTests.iCore.Common.Entities.SettingAttributeGroupTypeTests" name="GetByKey_NewGuid_ThrowsEntityNotFoundException" />
    </UnitTest>
    <UnitTest name="GetByKey_KnownSettingAttributeTypeKey_ReturnsEntityWithCorrectProperties (Data Row 0)" storage="f:\etwork\bin\tests\sysintgtests.icore.common.entities.dll" id="a70ef2d8-e8bc-4f5d-96c0-cb6970e10911">
      <TestCategory>
        <TestCategoryItem TestCategory="Entities" />
        <TestCategoryItem TestCategory="SystemIntegration" />
      </TestCategory>
      <Execution id="fb2987d5-0241-4095-b19d-924e6cfe2691" />
      <TestMethod codeBase="F:\ETWork\bin\Tests\SysIntgTests.iCore.Common.Entities.dll" adapterTypeName="Microsoft.VisualStudio.TestTools.TestTypes.Unit.UnitTestAdapter" className="SysIntgTests.iCore.Common.Entities.SettingAttributeGroupTypeTests" name="GetByKey_KnownSettingAttributeTypeKey_ReturnsEntityWithCorrectProperties (Data Row 0)" />
    </UnitTest>
    <UnitTest name="GetByKey_KnownSettingAttributeTypeKey_ReturnsEntityWithCorrectProperties (Data Row 1)" storage="f:\etwork\bin\tests\sysintgtests.icore.common.entities.dll" id="2da559a4-a882-4c6c-adcf-d2dd74092e52">
      <TestCategory>
        <TestCategoryItem TestCategory="Entities" />
        <TestCategoryItem TestCategory="SystemIntegration" />
      </TestCategory>
      <Execution id="3ce64a27-b004-403d-9443-387523576646" />
      <TestMethod codeBase="F:\ETWork\bin\Tests\SysIntgTests.iCore.Common.Entities.dll" adapterTypeName="Microsoft.VisualStudio.TestTools.TestTypes.Unit.UnitTestAdapter" className="SysIntgTests.iCore.Common.Entities.SettingAttributeGroupTypeTests" name="GetByKey_KnownSettingAttributeTypeKey_ReturnsEntityWithCorrectProperties (Data Row 1)" />
    </UnitTest>
    <UnitTest name="GetByKey_KnownSettingAttributeTypeKey_ReturnsEntityWithCorrectProperties (Data Row 2)" storage="f:\etwork\bin\tests\sysintgtests.icore.common.entities.dll" id="b7c9d3c5-e9df-44ec-b27d-0d5090597d94">
      <TestCategory>
        <TestCategoryItem TestCategory="Entities" />
        <TestCategoryItem TestCategory="SystemIntegration" />
      </TestCategory>
      <Execution id="2e8bdd73-6c8b-479c-bab8-172b8eb6d32a" />
      <TestMethod codeBase="F:\ETWork\bin\Tests\SysIntgTests.iCore.Common.Entities.dll" adapterTypeName="Microsoft.VisualStudio.TestTools.TestTypes.Unit.UnitTestAdapter" className="SysIntgTests.iCore.Common.Entities.SettingAttributeGroupTypeTests" name="GetByKey_KnownSettingAttributeTypeKey_ReturnsEntityWithCorrectProperties (Data Row 2)" />
    </UnitTest>
    <UnitTest name="GetByKey_KnownSettingAttributeTypeKey_ReturnsEntityWithCorrectProperties (Data Row 3)" storage="f:\etwork\bin\tests\sysintgtests.icore.common.entities.dll" id="8143aa73-b667-42b1-8af8-bec9bc63421f">
      <TestCategory>
        <TestCategoryItem TestCategory="Entities" />
        <TestCategoryItem TestCategory="SystemIntegration" />
      </TestCategory>
      <Execution id="1eb1eb44-e8b7-4b5e-b6e1-46ffcaa3674c" />
      <TestMethod codeBase="F:\ETWork\bin\Tests\SysIntgTests.iCore.Common.Entities.dll" adapterTypeName="Microsoft.VisualStudio.TestTools.TestTypes.Unit.UnitTestAdapter" className="SysIntgTests.iCore.Common.Entities.SettingAttributeGroupTypeTests" name="GetByKey_KnownSettingAttributeTypeKey_ReturnsEntityWithCorrectProperties (Data Row 3)" />
    </UnitTest>
    <UnitTest name="GetByKey_KnownSettingAttributeTypeKey_ReturnsEntityWithCorrectProperties (Data Row 4)" storage="f:\etwork\bin\tests\sysintgtests.icore.common.entities.dll" id="ccf3867f-d14b-4d87-a38e-8fd92a327551">
      <TestCategory>
        <TestCategoryItem TestCategory="Entities" />
        <TestCategoryItem TestCategory="SystemIntegration" />
      </TestCategory>
      <Execution id="1409ab28-148e-40b9-b7a6-0304d1fc835b" />
      <TestMethod codeBase="F:\ETWork\bin\Tests\SysIntgTests.iCore.Common.Entities.dll" adapterTypeName="Microsoft.VisualStudio.TestTools.TestTypes.Unit.UnitTestAdapter" className="SysIntgTests.iCore.Common.Entities.SettingAttributeGroupTypeTests" name="GetByKey_KnownSettingAttributeTypeKey_ReturnsEntityWithCorrectProperties (Data Row 4)" />
    </UnitTest>
    <UnitTest name="GetByKey_UnsupportedKey_ThrowsArgumentException" storage="f:\etwork\bin\tests\sysintgtests.icore.common.entities.dll" id="dcdc3452-ec67-6d95-e78f-0d1664d38bee">
      <TestCategory>
        <TestCategoryItem TestCategory="Entities" />
        <TestCategoryItem TestCategory="SystemIntegration" />
      </TestCategory>
      <Execution id="73ed63e8-4bd4-4eca-9234-36c4e198d628" />
      <TestMethod codeBase="F:\ETWork\bin\Tests\SysIntgTests.iCore.Common.Entities.dll" adapterTypeName="Microsoft.VisualStudio.TestTools.TestTypes.Unit.UnitTestAdapter" className="SysIntgTests.iCore.Common.Entities.SettingAttributeGroupTypeTests" name="GetByKey_UnsupportedKey_ThrowsArgumentException" />
    </UnitTest>
    <UnitTest name="Delete_UnusedSettingAttributeType_SuccessfullyDeletesSettingAttributeType" storage="f:\etwork\bin\tests\sysintgtests.icore.common.entities.dll" id="7d78b9bb-33f7-f26d-55eb-fae822972226">
      <TestCategory>
        <TestCategoryItem TestCategory="Entities" />
        <TestCategoryItem TestCategory="SystemIntegration" />
      </TestCategory>
      <Execution id="cacc370c-8873-4f05-81f5-257bdbde7ba6" />
      <TestMethod codeBase="F:\ETWork\bin\Tests\SysIntgTests.iCore.Common.Entities.dll" adapterTypeName="Microsoft.VisualStudio.TestTools.TestTypes.Unit.UnitTestAdapter" className="SysIntgTests.iCore.Common.Entities.SettingAttributeGroupTypeTests" name="Delete_UnusedSettingAttributeType_SuccessfullyDeletesSettingAttributeType" />
    </UnitTest>
    <UnitTest name="Delete_UnusedSettingAttributeType_ThrowsUnauthorizedAccessException" storage="f:\etwork\bin\tests\sysintgtests.icore.common.entities.dll" id="fb8af4c4-b1c4-ef6f-2f43-1c50a09f694b">
      <TestCategory>
        <TestCategoryItem TestCategory="Entities" />
        <TestCategoryItem TestCategory="SystemIntegration" />
      </TestCategory>
      <Execution id="f482ff02-eb97-47bd-a4d0-6064df8b6f7a" />
      <TestMethod codeBase="F:\ETWork\bin\Tests\SysIntgTests.iCore.Common.Entities.dll" adapterTypeName="Microsoft.VisualStudio.TestTools.TestTypes.Unit.UnitTestAdapter" className="SysIntgTests.iCore.Common.Entities.SettingAttributeGroupTypeTests" name="Delete_UnusedSettingAttributeType_ThrowsUnauthorizedAccessException" />
    </UnitTest>
    <UnitTest name="Delete_NonDeletableSettingAttributeType_ThrowsEntityDependencyException" storage="f:\etwork\bin\tests\sysintgtests.icore.common.entities.dll" id="edeb85b1-1ec0-403a-fc4c-c0eaa242ea0b">
      <TestCategory>
        <TestCategoryItem TestCategory="Entities" />
        <TestCategoryItem TestCategory="SystemIntegration" />
      </TestCategory>
      <Execution id="cc2f6658-cff8-494b-bc28-ab3707ffea63" />
      <TestMethod codeBase="F:\ETWork\bin\Tests\SysIntgTests.iCore.Common.Entities.dll" adapterTypeName="Microsoft.VisualStudio.TestTools.TestTypes.Unit.UnitTestAdapter" className="SysIntgTests.iCore.Common.Entities.SettingAttributeGroupTypeTests" name="Delete_NonDeletableSettingAttributeType_ThrowsEntityDependencyException" />
    </UnitTest>
    <UnitTest name="Add_NullName_ThrowsConditionalErrorException" storage="f:\etwork\bin\tests\sysintgtests.icore.common.entities.dll" id="421f9624-cc85-dc26-202d-c1f1db7fc663">
      <TestCategory>
        <TestCategoryItem TestCategory="Entities" />
        <TestCategoryItem TestCategory="SystemIntegration" />
      </TestCategory>
      <Execution id="dd3125db-1314-44c2-b453-c64954dd4165" />
      <TestMethod codeBase="F:\ETWork\bin\Tests\SysIntgTests.iCore.Common.Entities.dll" adapterTypeName="Microsoft.VisualStudio.TestTools.TestTypes.Unit.UnitTestAdapter" className="SysIntgTests.iCore.Common.Entities.SettingAttributeGroupTypeTests" name="Add_NullName_ThrowsConditionalErrorException" />
    </UnitTest>
    <UnitTest name="Add_EmptyName_ThrowsStringLengthErrorException" storage="f:\etwork\bin\tests\sysintgtests.icore.common.entities.dll" id="5f52b7b2-6bd8-2819-a025-247aa29a127e">
      <TestCategory>
        <TestCategoryItem TestCategory="Entities" />
        <TestCategoryItem TestCategory="SystemIntegration" />
      </TestCategory>
      <Execution id="c2eddf5a-8b9f-441c-aa4c-e08294a26abe" />
      <TestMethod codeBase="F:\ETWork\bin\Tests\SysIntgTests.iCore.Common.Entities.dll" adapterTypeName="Microsoft.VisualStudio.TestTools.TestTypes.Unit.UnitTestAdapter" className="SysIntgTests.iCore.Common.Entities.SettingAttributeGroupTypeTests" name="Add_EmptyName_ThrowsStringLengthErrorException" />
    </UnitTest>
    <UnitTest name="Add_WhiteSpaceOnlyName_ThrowsStringLengthErrorException" storage="f:\etwork\bin\tests\sysintgtests.icore.common.entities.dll" id="624534c5-e303-854c-783e-175ca708c961">
      <TestCategory>
        <TestCategoryItem TestCategory="Entities" />
        <TestCategoryItem TestCategory="SystemIntegration" />
      </TestCategory>
      <Execution id="e3beb11c-b3d6-4687-bfbe-78ace7ad54df" />
      <TestMethod codeBase="F:\ETWork\bin\Tests\SysIntgTests.iCore.Common.Entities.dll" adapterTypeName="Microsoft.VisualStudio.TestTools.TestTypes.Unit.UnitTestAdapter" className="SysIntgTests.iCore.Common.Entities.SettingAttributeGroupTypeTests" name="Add_WhiteSpaceOnlyName_ThrowsStringLengthErrorException" />
    </UnitTest>
    <UnitTest name="Add_TooLongName_ThrowsStringLengthErrorException" storage="f:\etwork\bin\tests\sysintgtests.icore.common.entities.dll" id="56f848dd-e1d9-2541-740b-b30c306289ca">
      <TestCategory>
        <TestCategoryItem TestCategory="Entities" />
        <TestCategoryItem TestCategory="SystemIntegration" />
      </TestCategory>
      <Execution id="f05165e9-baaa-4511-992d-3795cdad2fec" />
      <TestMethod codeBase="F:\ETWork\bin\Tests\SysIntgTests.iCore.Common.Entities.dll" adapterTypeName="Microsoft.VisualStudio.TestTools.TestTypes.Unit.UnitTestAdapter" className="SysIntgTests.iCore.Common.Entities.SettingAttributeGroupTypeTests" name="Add_TooLongName_ThrowsStringLengthErrorException" />
    </UnitTest>
    <UnitTest name="Add_LongDescription_Succeeds" storage="f:\etwork\bin\tests\sysintgtests.icore.common.entities.dll" id="f1583a66-e8dd-d88e-e833-75848dab17a8">
      <TestCategory>
        <TestCategoryItem TestCategory="Entities" />
        <TestCategoryItem TestCategory="SystemIntegration" />
      </TestCategory>
      <Execution id="1b4ab625-cff5-49b0-9c17-7250b4e9327a" />
      <TestMethod codeBase="F:\ETWork\bin\Tests\SysIntgTests.iCore.Common.Entities.dll" adapterTypeName="Microsoft.VisualStudio.TestTools.TestTypes.Unit.UnitTestAdapter" className="SysIntgTests.iCore.Common.Entities.SettingAttributeGroupTypeTests" name="Add_LongDescription_Succeeds" />
    </UnitTest>
    <UnitTest name="Add_ValidProperties_IdAndTimesAreUpdatedCorrectly" storage="f:\etwork\bin\tests\sysintgtests.icore.common.entities.dll" id="55663d08-f87d-599a-1d28-931299b661c3">
      <TestCategory>
        <TestCategoryItem TestCategory="Entities" />
        <TestCategoryItem TestCategory="SystemIntegration" />
      </TestCategory>
      <Execution id="7b3ad624-8123-4c36-a52f-077964ca6bb1" />
      <TestMethod codeBase="F:\ETWork\bin\Tests\SysIntgTests.iCore.Common.Entities.dll" adapterTypeName="Microsoft.VisualStudio.TestTools.TestTypes.Unit.UnitTestAdapter" className="SysIntgTests.iCore.Common.Entities.SettingAttributeGroupTypeTests" name="Add_ValidProperties_IdAndTimesAreUpdatedCorrectly" />
    </UnitTest>
    <UnitTest name="Add_ComplexProperties_ArePersistedCorrectly" storage="f:\etwork\bin\tests\sysintgtests.icore.common.entities.dll" id="0b2aa059-2716-db18-2203-79c887d9feb7">
      <TestCategory>
        <TestCategoryItem TestCategory="Entities" />
        <TestCategoryItem TestCategory="SystemIntegration" />
      </TestCategory>
      <Execution id="a7a73fae-253b-4867-8df7-2af7d92338e5" />
      <TestMethod codeBase="F:\ETWork\bin\Tests\SysIntgTests.iCore.Common.Entities.dll" adapterTypeName="Microsoft.VisualStudio.TestTools.TestTypes.Unit.UnitTestAdapter" className="SysIntgTests.iCore.Common.Entities.SettingAttributeGroupTypeTests" name="Add_ComplexProperties_ArePersistedCorrectly" />
    </UnitTest>
    <UnitTest name="Add_DuplicateName_ThrowsUniqueValueAddConflictException" storage="f:\etwork\bin\tests\sysintgtests.icore.common.entities.dll" id="24c59163-b0e7-53ef-7a15-309cd6eaf594">
      <TestCategory>
        <TestCategoryItem TestCategory="Entities" />
        <TestCategoryItem TestCategory="SystemIntegration" />
      </TestCategory>
      <Execution id="fd26b617-e069-4ec6-8710-23b01350b431" />
      <TestMethod codeBase="F:\ETWork\bin\Tests\SysIntgTests.iCore.Common.Entities.dll" adapterTypeName="Microsoft.VisualStudio.TestTools.TestTypes.Unit.UnitTestAdapter" className="SysIntgTests.iCore.Common.Entities.SettingAttributeGroupTypeTests" name="Add_DuplicateName_ThrowsUniqueValueAddConflictException" />
    </UnitTest>
    <UnitTest name="Add_DuplicateClrName_ThrowsUniqueValidAddConflictException" storage="f:\etwork\bin\tests\sysintgtests.icore.common.entities.dll" id="cac470ef-783d-aa82-f4d1-8201798cf710">
      <TestCategory>
        <TestCategoryItem TestCategory="Entities" />
        <TestCategoryItem TestCategory="SystemIntegration" />
      </TestCategory>
      <Execution id="9228e388-c780-4d38-82e7-041d3f39f59a" />
      <TestMethod codeBase="F:\ETWork\bin\Tests\SysIntgTests.iCore.Common.Entities.dll" adapterTypeName="Microsoft.VisualStudio.TestTools.TestTypes.Unit.UnitTestAdapter" className="SysIntgTests.iCore.Common.Entities.SettingAttributeGroupTypeTests" name="Add_DuplicateClrName_ThrowsUniqueValidAddConflictException" />
    </UnitTest>
    <UnitTest name="Add_InvalidClrName_Throws" storage="f:\etwork\bin\tests\sysintgtests.icore.common.entities.dll" id="645adbce-9b94-00b8-df66-9b8427c4966b">
      <TestCategory>
        <TestCategoryItem TestCategory="Entities" />
        <TestCategoryItem TestCategory="SystemIntegration" />
      </TestCategory>
      <Execution id="0942c722-ed7f-43fd-adbe-25ce27e59b94" />
      <TestMethod codeBase="F:\ETWork\bin\Tests\SysIntgTests.iCore.Common.Entities.dll" adapterTypeName="Microsoft.VisualStudio.TestTools.TestTypes.Unit.UnitTestAdapter" className="SysIntgTests.iCore.Common.Entities.SettingAttributeGroupTypeTests" name="Add_InvalidClrName_Throws" />
    </UnitTest>
    <UnitTest name="Add_NullClrName_GeneratesClrName" storage="f:\etwork\bin\tests\sysintgtests.icore.common.entities.dll" id="2dcca2ae-3a74-b523-9a2b-0dac6c0faa1d">
      <TestCategory>
        <TestCategoryItem TestCategory="Entities" />
        <TestCategoryItem TestCategory="SystemIntegration" />
      </TestCategory>
      <Execution id="14cfca5d-2445-41e6-9a19-6843b7745a85" />
      <TestMethod codeBase="F:\ETWork\bin\Tests\SysIntgTests.iCore.Common.Entities.dll" adapterTypeName="Microsoft.VisualStudio.TestTools.TestTypes.Unit.UnitTestAdapter" className="SysIntgTests.iCore.Common.Entities.SettingAttributeGroupTypeTests" name="Add_NullClrName_GeneratesClrName" />
    </UnitTest>
    <UnitTest name="Add_TooLongClrName_ThrowsStringLengthErrorException" storage="f:\etwork\bin\tests\sysintgtests.icore.common.entities.dll" id="0c309ebb-5a4c-50ce-6bf0-509ddb9b6e93">
      <TestCategory>
        <TestCategoryItem TestCategory="Entities" />
        <TestCategoryItem TestCategory="SystemIntegration" />
      </TestCategory>
      <Execution id="ebe095a0-ad8e-4fcd-ac7a-0e9b659c1330" />
      <TestMethod codeBase="F:\ETWork\bin\Tests\SysIntgTests.iCore.Common.Entities.dll" adapterTypeName="Microsoft.VisualStudio.TestTools.TestTypes.Unit.UnitTestAdapter" className="SysIntgTests.iCore.Common.Entities.SettingAttributeGroupTypeTests" name="Add_TooLongClrName_ThrowsStringLengthErrorException" />
    </UnitTest>
    <UnitTest name="Add_MemberWithInvalidClrName_Throws" storage="f:\etwork\bin\tests\sysintgtests.icore.common.entities.dll" id="90a52c41-169a-bc36-2a7b-9e8e4754482f">
      <TestCategory>
        <TestCategoryItem TestCategory="Entities" />
        <TestCategoryItem TestCategory="SystemIntegration" />
      </TestCategory>
      <Execution id="f684b3b4-0e6e-4017-af4e-ddd4bc9878df" />
      <TestMethod codeBase="F:\ETWork\bin\Tests\SysIntgTests.iCore.Common.Entities.dll" adapterTypeName="Microsoft.VisualStudio.TestTools.TestTypes.Unit.UnitTestAdapter" className="SysIntgTests.iCore.Common.Entities.SettingAttributeGroupTypeTests" name="Add_MemberWithInvalidClrName_Throws" />
    </UnitTest>
    <UnitTest name="Add_MemberWithSameClrNameAsParent_Throws" storage="f:\etwork\bin\tests\sysintgtests.icore.common.entities.dll" id="a3389b3b-4d8b-ae70-ae91-9e1f99da566a">
      <TestCategory>
        <TestCategoryItem TestCategory="Entities" />
        <TestCategoryItem TestCategory="SystemIntegration" />
      </TestCategory>
      <Execution id="b176fd70-acc2-45c8-b29f-bd088cc64328" />
      <TestMethod codeBase="F:\ETWork\bin\Tests\SysIntgTests.iCore.Common.Entities.dll" adapterTypeName="Microsoft.VisualStudio.TestTools.TestTypes.Unit.UnitTestAdapter" className="SysIntgTests.iCore.Common.Entities.SettingAttributeGroupTypeTests" name="Add_MemberWithSameClrNameAsParent_Throws" />
    </UnitTest>
    <UnitTest name="Add_MemberIsProtectedAndSystemSetForEncryption_MemberStoredEncrypted" storage="f:\etwork\bin\tests\sysintgtests.icore.common.entities.dll" id="1332bc89-75e0-90ad-5927-7874682a1222">
      <TestCategory>
        <TestCategoryItem TestCategory="Entities" />
        <TestCategoryItem TestCategory="SystemIntegration" />
      </TestCategory>
      <Execution id="79ed309e-ce15-4baf-bc3e-166dcda79b71" />
      <TestMethod codeBase="F:\ETWork\bin\Tests\SysIntgTests.iCore.Common.Entities.dll" adapterTypeName="Microsoft.VisualStudio.TestTools.TestTypes.Unit.UnitTestAdapter" className="SysIntgTests.iCore.Common.Entities.SettingAttributeGroupTypeTests" name="Add_MemberIsProtectedAndSystemSetForEncryption_MemberStoredEncrypted" />
    </UnitTest>
    <UnitTest name="Update_NullName_ThrowsConditionalErrorException" storage="f:\etwork\bin\tests\sysintgtests.icore.common.entities.dll" id="58474cb3-c417-08cf-a57b-d1b4aa609ae1">
      <TestCategory>
        <TestCategoryItem TestCategory="Entities" />
        <TestCategoryItem TestCategory="SystemIntegration" />
      </TestCategory>
      <Execution id="5c976582-1614-4371-96d5-6718514a7606" />
      <TestMethod codeBase="F:\ETWork\bin\Tests\SysIntgTests.iCore.Common.Entities.dll" adapterTypeName="Microsoft.VisualStudio.TestTools.TestTypes.Unit.UnitTestAdapter" className="SysIntgTests.iCore.Common.Entities.SettingAttributeGroupTypeTests" name="Update_NullName_ThrowsConditionalErrorException" />
    </UnitTest>
    <UnitTest name="Update_EmtpyName_ThrowsStringLengthErrorException" storage="f:\etwork\bin\tests\sysintgtests.icore.common.entities.dll" id="95becb3c-cfd9-4c18-4142-6764b79c1e8a">
      <TestCategory>
        <TestCategoryItem TestCategory="Entities" />
        <TestCategoryItem TestCategory="SystemIntegration" />
      </TestCategory>
      <Execution id="54c5d85b-0d46-4368-a45b-dcf5cc523802" />
      <TestMethod codeBase="F:\ETWork\bin\Tests\SysIntgTests.iCore.Common.Entities.dll" adapterTypeName="Microsoft.VisualStudio.TestTools.TestTypes.Unit.UnitTestAdapter" className="SysIntgTests.iCore.Common.Entities.SettingAttributeGroupTypeTests" name="Update_EmtpyName_ThrowsStringLengthErrorException" />
    </UnitTest>
    <UnitTest name="Update_WhitespaceOnlyName_ThrowsStringLengthErrorException" storage="f:\etwork\bin\tests\sysintgtests.icore.common.entities.dll" id="794bba79-3f94-eb77-2537-79bfaeca7a69">
      <TestCategory>
        <TestCategoryItem TestCategory="Entities" />
        <TestCategoryItem TestCategory="SystemIntegration" />
      </TestCategory>
      <Execution id="9312d133-f3d2-4682-8a29-105c593e8c4d" />
      <TestMethod codeBase="F:\ETWork\bin\Tests\SysIntgTests.iCore.Common.Entities.dll" adapterTypeName="Microsoft.VisualStudio.TestTools.TestTypes.Unit.UnitTestAdapter" className="SysIntgTests.iCore.Common.Entities.SettingAttributeGroupTypeTests" name="Update_WhitespaceOnlyName_ThrowsStringLengthErrorException" />
    </UnitTest>
    <UnitTest name="Update_TooLongName_ThrowsStringLengthErrorException" storage="f:\etwork\bin\tests\sysintgtests.icore.common.entities.dll" id="8b72a64e-3f72-8519-2582-dccfde7ff0fd">
      <TestCategory>
        <TestCategoryItem TestCategory="Entities" />
        <TestCategoryItem TestCategory="SystemIntegration" />
      </TestCategory>
      <Execution id="096179e6-d9e5-4bbc-ae5e-9b779441dfa6" />
      <TestMethod codeBase="F:\ETWork\bin\Tests\SysIntgTests.iCore.Common.Entities.dll" adapterTypeName="Microsoft.VisualStudio.TestTools.TestTypes.Unit.UnitTestAdapter" className="SysIntgTests.iCore.Common.Entities.SettingAttributeGroupTypeTests" name="Update_TooLongName_ThrowsStringLengthErrorException" />
    </UnitTest>
    <UnitTest name="Update_LongDescription_Succeeds" storage="f:\etwork\bin\tests\sysintgtests.icore.common.entities.dll" id="3e1a80b5-3aa3-5dce-65d4-f5c63cc0aa38">
      <TestCategory>
        <TestCategoryItem TestCategory="Entities" />
        <TestCategoryItem TestCategory="SystemIntegration" />
      </TestCategory>
      <Execution id="7ed6c690-2982-49a9-a509-73b8b97a03ca" />
      <TestMethod codeBase="F:\ETWork\bin\Tests\SysIntgTests.iCore.Common.Entities.dll" adapterTypeName="Microsoft.VisualStudio.TestTools.TestTypes.Unit.UnitTestAdapter" className="SysIntgTests.iCore.Common.Entities.SettingAttributeGroupTypeTests" name="Update_LongDescription_Succeeds" />
    </UnitTest>
    <UnitTest name="Update_DuplicateClrName_ThrowsUniqueValueUpdateConflictErrorException" storage="f:\etwork\bin\tests\sysintgtests.icore.common.entities.dll" id="fb21b1db-8d3c-5dfc-7a59-d17113772cfe">
      <TestCategory>
        <TestCategoryItem TestCategory="Entities" />
        <TestCategoryItem TestCategory="SystemIntegration" />
      </TestCategory>
      <Execution id="405710ad-fdc6-44a3-ac01-930fae98e171" />
      <TestMethod codeBase="F:\ETWork\bin\Tests\SysIntgTests.iCore.Common.Entities.dll" adapterTypeName="Microsoft.VisualStudio.TestTools.TestTypes.Unit.UnitTestAdapter" className="SysIntgTests.iCore.Common.Entities.SettingAttributeGroupTypeTests" name="Update_DuplicateClrName_ThrowsUniqueValueUpdateConflictErrorException" />
    </UnitTest>
    <UnitTest name="Update_TooLongClrName_ThrowsStringLengthErrorException" storage="f:\etwork\bin\tests\sysintgtests.icore.common.entities.dll" id="e6ba2176-d54c-ec48-5644-024e2c2957b5">
      <TestCategory>
        <TestCategoryItem TestCategory="Entities" />
        <TestCategoryItem TestCategory="SystemIntegration" />
      </TestCategory>
      <Execution id="ac2e1a38-d8ff-4162-8e61-9e1c34409906" />
      <TestMethod codeBase="F:\ETWork\bin\Tests\SysIntgTests.iCore.Common.Entities.dll" adapterTypeName="Microsoft.VisualStudio.TestTools.TestTypes.Unit.UnitTestAdapter" className="SysIntgTests.iCore.Common.Entities.SettingAttributeGroupTypeTests" name="Update_TooLongClrName_ThrowsStringLengthErrorException" />
    </UnitTest>
    <UnitTest name="Update_InvalidClrName_Throws" storage="f:\etwork\bin\tests\sysintgtests.icore.common.entities.dll" id="6f866f0f-744f-1154-16c0-bc0c1a3ac0c2">
      <TestCategory>
        <TestCategoryItem TestCategory="Entities" />
        <TestCategoryItem TestCategory="SystemIntegration" />
      </TestCategory>
      <Execution id="937de90b-6956-4e7c-a330-c7a5cd1896c4" />
      <TestMethod codeBase="F:\ETWork\bin\Tests\SysIntgTests.iCore.Common.Entities.dll" adapterTypeName="Microsoft.VisualStudio.TestTools.TestTypes.Unit.UnitTestAdapter" className="SysIntgTests.iCore.Common.Entities.SettingAttributeGroupTypeTests" name="Update_InvalidClrName_Throws" />
    </UnitTest>
    <UnitTest name="Update_DuplicateName_ThrowsUniqueValueAddConflictException" storage="f:\etwork\bin\tests\sysintgtests.icore.common.entities.dll" id="fa4d21fd-d401-0636-a7d0-c1397e0e37cd">
      <TestCategory>
        <TestCategoryItem TestCategory="Entities" />
        <TestCategoryItem TestCategory="SystemIntegration" />
      </TestCategory>
      <Execution id="afed2c9a-4a3f-4c8d-a9b3-b92c0ce04184" />
      <TestMethod codeBase="F:\ETWork\bin\Tests\SysIntgTests.iCore.Common.Entities.dll" adapterTypeName="Microsoft.VisualStudio.TestTools.TestTypes.Unit.UnitTestAdapter" className="SysIntgTests.iCore.Common.Entities.SettingAttributeGroupTypeTests" name="Update_DuplicateName_ThrowsUniqueValueAddConflictException" />
    </UnitTest>
    <UnitTest name="Update_ComplexProperties_ArePersistedCorrectly" storage="f:\etwork\bin\tests\sysintgtests.icore.common.entities.dll" id="bfb84357-71d8-75a5-3c9f-108ee4d4550b">
      <TestCategory>
        <TestCategoryItem TestCategory="Entities" />
        <TestCategoryItem TestCategory="SystemIntegration" />
      </TestCategory>
      <Execution id="33d26932-2b86-465c-b25d-ca76a62eba94" />
      <TestMethod codeBase="F:\ETWork\bin\Tests\SysIntgTests.iCore.Common.Entities.dll" adapterTypeName="Microsoft.VisualStudio.TestTools.TestTypes.Unit.UnitTestAdapter" className="SysIntgTests.iCore.Common.Entities.SettingAttributeGroupTypeTests" name="Update_ComplexProperties_ArePersistedCorrectly" />
    </UnitTest>
    <UnitTest name="Update_UnchangedName_Succeeds" storage="f:\etwork\bin\tests\sysintgtests.icore.common.entities.dll" id="3d0f560b-6cd8-3f4d-a5f8-fb4dac17eb76">
      <TestCategory>
        <TestCategoryItem TestCategory="Entities" />
        <TestCategoryItem TestCategory="SystemIntegration" />
      </TestCategory>
      <Execution id="803bcca0-da85-4edd-87ae-60e0818e6b27" />
      <TestMethod codeBase="F:\ETWork\bin\Tests\SysIntgTests.iCore.Common.Entities.dll" adapterTypeName="Microsoft.VisualStudio.TestTools.TestTypes.Unit.UnitTestAdapter" className="SysIntgTests.iCore.Common.Entities.SettingAttributeGroupTypeTests" name="Update_UnchangedName_Succeeds" />
    </UnitTest>
    <UnitTest name="Update_MemberWithInvalidClrName_Throws" storage="f:\etwork\bin\tests\sysintgtests.icore.common.entities.dll" id="7b874380-465c-4c7c-6e52-b54bcc186d36">
      <TestCategory>
        <TestCategoryItem TestCategory="Entities" />
        <TestCategoryItem TestCategory="SystemIntegration" />
      </TestCategory>
      <Execution id="5745b767-530a-4917-8086-f4457fd31583" />
      <TestMethod codeBase="F:\ETWork\bin\Tests\SysIntgTests.iCore.Common.Entities.dll" adapterTypeName="Microsoft.VisualStudio.TestTools.TestTypes.Unit.UnitTestAdapter" className="SysIntgTests.iCore.Common.Entities.SettingAttributeGroupTypeTests" name="Update_MemberWithInvalidClrName_Throws" />
    </UnitTest>
    <UnitTest name="Update_MemberWithSameClrNameAsParent_Throws" storage="f:\etwork\bin\tests\sysintgtests.icore.common.entities.dll" id="44570d4b-de68-f853-417e-7e8d019b4ec4">
      <TestCategory>
        <TestCategoryItem TestCategory="Entities" />
        <TestCategoryItem TestCategory="SystemIntegration" />
      </TestCategory>
      <Execution id="5c617087-6fb1-47ad-8b5f-8fb3477b0d66" />
      <TestMethod codeBase="F:\ETWork\bin\Tests\SysIntgTests.iCore.Common.Entities.dll" adapterTypeName="Microsoft.VisualStudio.TestTools.TestTypes.Unit.UnitTestAdapter" className="SysIntgTests.iCore.Common.Entities.SettingAttributeGroupTypeTests" name="Update_MemberWithSameClrNameAsParent_Throws" />
    </UnitTest>
    <UnitTest name="Update_MemberWithNullName_Throws" storage="f:\etwork\bin\tests\sysintgtests.icore.common.entities.dll" id="6ebcd766-eb59-7c84-5583-ba531b2d8879">
      <TestCategory>
        <TestCategoryItem TestCategory="Entities" />
        <TestCategoryItem TestCategory="SystemIntegration" />
      </TestCategory>
      <Execution id="ab5e677c-aea9-407e-86a3-dd5de3eca29c" />
      <TestMethod codeBase="F:\ETWork\bin\Tests\SysIntgTests.iCore.Common.Entities.dll" adapterTypeName="Microsoft.VisualStudio.TestTools.TestTypes.Unit.UnitTestAdapter" className="SysIntgTests.iCore.Common.Entities.SettingAttributeGroupTypeTests" name="Update_MemberWithNullName_Throws" />
    </UnitTest>
    <UnitTest name="Update_MemberWithWhitespaceOnlyName_Throws" storage="f:\etwork\bin\tests\sysintgtests.icore.common.entities.dll" id="fd631ee2-0d9a-a67e-1cc5-c1d2705f9de6">
      <TestCategory>
        <TestCategoryItem TestCategory="Entities" />
        <TestCategoryItem TestCategory="SystemIntegration" />
      </TestCategory>
      <Execution id="535c166e-0914-4838-bac3-b3d4c596b51c" />
      <TestMethod codeBase="F:\ETWork\bin\Tests\SysIntgTests.iCore.Common.Entities.dll" adapterTypeName="Microsoft.VisualStudio.TestTools.TestTypes.Unit.UnitTestAdapter" className="SysIntgTests.iCore.Common.Entities.SettingAttributeGroupTypeTests" name="Update_MemberWithWhitespaceOnlyName_Throws" />
    </UnitTest>
    <UnitTest name="Update_MemberWithTooLongName_Throws" storage="f:\etwork\bin\tests\sysintgtests.icore.common.entities.dll" id="a6b84363-2002-0f40-c7ca-a2153e2f7897">
      <TestCategory>
        <TestCategoryItem TestCategory="Entities" />
        <TestCategoryItem TestCategory="SystemIntegration" />
      </TestCategory>
      <Execution id="b24c4b5e-a2ee-4577-8ce6-e5cd79921245" />
      <TestMethod codeBase="F:\ETWork\bin\Tests\SysIntgTests.iCore.Common.Entities.dll" adapterTypeName="Microsoft.VisualStudio.TestTools.TestTypes.Unit.UnitTestAdapter" className="SysIntgTests.iCore.Common.Entities.SettingAttributeGroupTypeTests" name="Update_MemberWithTooLongName_Throws" />
    </UnitTest>
    <UnitTest name="Update_MemberWithLongDescription_Succeeds" storage="f:\etwork\bin\tests\sysintgtests.icore.common.entities.dll" id="7b6ae81e-1721-f3ad-39f5-320894ecc038">
      <TestCategory>
        <TestCategoryItem TestCategory="Entities" />
        <TestCategoryItem TestCategory="SystemIntegration" />
      </TestCategory>
      <Execution id="d05f6f21-1e54-4105-a317-f8e825f96feb" />
      <TestMethod codeBase="F:\ETWork\bin\Tests\SysIntgTests.iCore.Common.Entities.dll" adapterTypeName="Microsoft.VisualStudio.TestTools.TestTypes.Unit.UnitTestAdapter" className="SysIntgTests.iCore.Common.Entities.SettingAttributeGroupTypeTests" name="Update_MemberWithLongDescription_Succeeds" />
    </UnitTest>
    <UnitTest name="Update_MemberWithTooLongClrName_Throws" storage="f:\etwork\bin\tests\sysintgtests.icore.common.entities.dll" id="259efa7b-87ba-7cda-7c53-e05af9c04085">
      <TestCategory>
        <TestCategoryItem TestCategory="Entities" />
        <TestCategoryItem TestCategory="SystemIntegration" />
      </TestCategory>
      <Execution id="97a74b1d-f495-4cb7-8462-283c79553058" />
      <TestMethod codeBase="F:\ETWork\bin\Tests\SysIntgTests.iCore.Common.Entities.dll" adapterTypeName="Microsoft.VisualStudio.TestTools.TestTypes.Unit.UnitTestAdapter" className="SysIntgTests.iCore.Common.Entities.SettingAttributeGroupTypeTests" name="Update_MemberWithTooLongClrName_Throws" />
    </UnitTest>
    <UnitTest name="Update_IsProtectedChangedAndUserIsDeveloper_Succeeds" storage="f:\etwork\bin\tests\sysintgtests.icore.common.entities.dll" id="f2c91e08-441e-a73d-1e1b-ec0ea31d109d">
      <TestCategory>
        <TestCategoryItem TestCategory="Entities" />
        <TestCategoryItem TestCategory="SystemIntegration" />
      </TestCategory>
      <Execution id="a247ead8-f838-4114-a1dc-6a65c93ee42c" />
      <TestMethod codeBase="F:\ETWork\bin\Tests\SysIntgTests.iCore.Common.Entities.dll" adapterTypeName="Microsoft.VisualStudio.TestTools.TestTypes.Unit.UnitTestAdapter" className="SysIntgTests.iCore.Common.Entities.SettingAttributeGroupTypeTests" name="Update_IsProtectedChangedAndUserIsDeveloper_Succeeds" />
    </UnitTest>
    <UnitTest name="Update_IsProtectedChangedAndUserIsAdministrator_Throws" storage="f:\etwork\bin\tests\sysintgtests.icore.common.entities.dll" id="5eebcea1-c89a-2d84-e457-236af6818041">
      <TestCategory>
        <TestCategoryItem TestCategory="Entities" />
        <TestCategoryItem TestCategory="SystemIntegration" />
      </TestCategory>
      <Execution id="fb182281-4a10-4f1f-9f13-32414251fbde" />
      <TestMethod codeBase="F:\ETWork\bin\Tests\SysIntgTests.iCore.Common.Entities.dll" adapterTypeName="Microsoft.VisualStudio.TestTools.TestTypes.Unit.UnitTestAdapter" className="SysIntgTests.iCore.Common.Entities.SettingAttributeGroupTypeTests" name="Update_IsProtectedChangedAndUserIsAdministrator_Throws" />
    </UnitTest>
    <UnitTest name="Update_IsProtectedChangedAndUserIsUser_Throws" storage="f:\etwork\bin\tests\sysintgtests.icore.common.entities.dll" id="4aab50c1-3a42-79f7-4a44-c84c86d42fb5">
      <TestCategory>
        <TestCategoryItem TestCategory="Entities" />
        <TestCategoryItem TestCategory="SystemIntegration" />
      </TestCategory>
      <Execution id="0cfaec26-15ee-457c-8854-c9973cad0400" />
      <TestMethod codeBase="F:\ETWork\bin\Tests\SysIntgTests.iCore.Common.Entities.dll" adapterTypeName="Microsoft.VisualStudio.TestTools.TestTypes.Unit.UnitTestAdapter" className="SysIntgTests.iCore.Common.Entities.SettingAttributeGroupTypeTests" name="Update_IsProtectedChangedAndUserIsUser_Throws" />
    </UnitTest>
    <UnitTest name="Update_IsProtectedChangedAndUserIsViewer_Throws" storage="f:\etwork\bin\tests\sysintgtests.icore.common.entities.dll" id="c0a9bd7d-96b6-96fd-9cdd-e70ba0c7d664">
      <TestCategory>
        <TestCategoryItem TestCategory="Entities" />
        <TestCategoryItem TestCategory="SystemIntegration" />
      </TestCategory>
      <Execution id="d98dc748-3c1f-4357-b666-0201d68863d3" />
      <TestMethod codeBase="F:\ETWork\bin\Tests\SysIntgTests.iCore.Common.Entities.dll" adapterTypeName="Microsoft.VisualStudio.TestTools.TestTypes.Unit.UnitTestAdapter" className="SysIntgTests.iCore.Common.Entities.SettingAttributeGroupTypeTests" name="Update_IsProtectedChangedAndUserIsViewer_Throws" />
    </UnitTest>
    <UnitTest name="Update_IsProtectedNotChangedAndUserIsDeveloper_Succeeds" storage="f:\etwork\bin\tests\sysintgtests.icore.common.entities.dll" id="1446d8bb-1247-7092-99de-162b142b6df8">
      <TestCategory>
        <TestCategoryItem TestCategory="Entities" />
        <TestCategoryItem TestCategory="SystemIntegration" />
      </TestCategory>
      <Execution id="e3be3603-ee5b-4dee-bee7-eb8d0e880c87" />
      <TestMethod codeBase="F:\ETWork\bin\Tests\SysIntgTests.iCore.Common.Entities.dll" adapterTypeName="Microsoft.VisualStudio.TestTools.TestTypes.Unit.UnitTestAdapter" className="SysIntgTests.iCore.Common.Entities.SettingAttributeGroupTypeTests" name="Update_IsProtectedNotChangedAndUserIsDeveloper_Succeeds" />
    </UnitTest>
    <UnitTest name="Update_IsProtectedNotChangedAndUserIsAdministrator_Succeeds" storage="f:\etwork\bin\tests\sysintgtests.icore.common.entities.dll" id="c58116c2-1f18-151b-c86a-4fee0d00048d">
      <TestCategory>
        <TestCategoryItem TestCategory="Entities" />
        <TestCategoryItem TestCategory="SystemIntegration" />
      </TestCategory>
      <Execution id="4e1e398f-276c-4ea7-a6e5-67cdaf8cad82" />
      <TestMethod codeBase="F:\ETWork\bin\Tests\SysIntgTests.iCore.Common.Entities.dll" adapterTypeName="Microsoft.VisualStudio.TestTools.TestTypes.Unit.UnitTestAdapter" className="SysIntgTests.iCore.Common.Entities.SettingAttributeGroupTypeTests" name="Update_IsProtectedNotChangedAndUserIsAdministrator_Succeeds" />
    </UnitTest>
    <UnitTest name="Update_IsProtectedNotChangedAndUserIsUser_Succeeds" storage="f:\etwork\bin\tests\sysintgtests.icore.common.entities.dll" id="8453f5d6-0fbb-0d91-1a1d-15d6424204df">
      <TestCategory>
        <TestCategoryItem TestCategory="Entities" />
        <TestCategoryItem TestCategory="SystemIntegration" />
      </TestCategory>
      <Execution id="5937f404-a78f-46b7-a988-fc46d0b66733" />
      <TestMethod codeBase="F:\ETWork\bin\Tests\SysIntgTests.iCore.Common.Entities.dll" adapterTypeName="Microsoft.VisualStudio.TestTools.TestTypes.Unit.UnitTestAdapter" className="SysIntgTests.iCore.Common.Entities.SettingAttributeGroupTypeTests" name="Update_IsProtectedNotChangedAndUserIsUser_Succeeds" />
    </UnitTest>
    <UnitTest name="Update_IsProtectedNotChangedAndUserIsViewer_Succeeds" storage="f:\etwork\bin\tests\sysintgtests.icore.common.entities.dll" id="4f86fa8a-590f-48e3-9a61-2c89df8f2616">
      <TestCategory>
        <TestCategoryItem TestCategory="Entities" />
        <TestCategoryItem TestCategory="SystemIntegration" />
      </TestCategory>
      <Execution id="459b6ab9-bf1e-46c0-a8f2-d93c9b5ec811" />
      <TestMethod codeBase="F:\ETWork\bin\Tests\SysIntgTests.iCore.Common.Entities.dll" adapterTypeName="Microsoft.VisualStudio.TestTools.TestTypes.Unit.UnitTestAdapter" className="SysIntgTests.iCore.Common.Entities.SettingAttributeGroupTypeTests" name="Update_IsProtectedNotChangedAndUserIsViewer_Succeeds" />
    </UnitTest>
    <UnitTest name="Update_IsProtectedChangedAndUserIsDeveloper_ValueEncrypted" storage="f:\etwork\bin\tests\sysintgtests.icore.common.entities.dll" id="418855a8-ccf9-6273-49c9-3444b3369bfd">
      <TestCategory>
        <TestCategoryItem TestCategory="Entities" />
        <TestCategoryItem TestCategory="SystemIntegration" />
      </TestCategory>
      <Execution id="13096e78-2d9c-4e2a-8f59-c30faa22d978" />
      <TestMethod codeBase="F:\ETWork\bin\Tests\SysIntgTests.iCore.Common.Entities.dll" adapterTypeName="Microsoft.VisualStudio.TestTools.TestTypes.Unit.UnitTestAdapter" className="SysIntgTests.iCore.Common.Entities.SettingAttributeGroupTypeTests" name="Update_IsProtectedChangedAndUserIsDeveloper_ValueEncrypted" />
    </UnitTest>
    <UnitTest name="UpdateAllMembers_ComplexProperties_Success" storage="f:\etwork\bin\tests\sysintgtests.icore.common.entities.dll" id="6b080bf7-0788-b425-e1d9-c4a9cc4deb50">
      <TestCategory>
        <TestCategoryItem TestCategory="Entities" />
        <TestCategoryItem TestCategory="SystemIntegration" />
      </TestCategory>
      <Execution id="80203fe2-0e55-484b-890a-8e7cb5937e09" />
      <TestMethod codeBase="F:\ETWork\bin\Tests\SysIntgTests.iCore.Common.Entities.dll" adapterTypeName="Microsoft.VisualStudio.TestTools.TestTypes.Unit.UnitTestAdapter" className="SysIntgTests.iCore.Common.Entities.SettingAttributeGroupTypeTests" name="UpdateAllMembers_ComplexProperties_Success" />
    </UnitTest>
    <UnitTest name="ListIsProtected_ComplexProperties_ReturnsProtectedTypes" storage="f:\etwork\bin\tests\sysintgtests.icore.common.entities.dll" id="3eff8e83-b32e-284a-e7c3-6577eef748cb">
      <TestCategory>
        <TestCategoryItem TestCategory="Entities" />
        <TestCategoryItem TestCategory="SystemIntegration" />
      </TestCategory>
      <Execution id="dc178ef1-ef07-4098-a143-8f7a94a2d02b" />
      <TestMethod codeBase="F:\ETWork\bin\Tests\SysIntgTests.iCore.Common.Entities.dll" adapterTypeName="Microsoft.VisualStudio.TestTools.TestTypes.Unit.UnitTestAdapter" className="SysIntgTests.iCore.Common.Entities.SettingAttributeGroupTypeTests" name="ListIsProtected_ComplexProperties_ReturnsProtectedTypes" />
    </UnitTest>
    <UnitTest name="RepositoryEntityTypeId_ReturnsNodeAttributeType" storage="f:\etwork\bin\tests\sysintgtests.icore.common.entities.dll" id="76f983d5-b792-d90a-05bf-8160ea1d4dc0">
      <TestCategory>
        <TestCategoryItem TestCategory="Entities" />
        <TestCategoryItem TestCategory="SystemIntegration" />
      </TestCategory>
      <Execution id="bd590011-1928-4f16-af36-1a0f17cca789" />
      <TestMethod codeBase="F:\ETWork\bin\Tests\SysIntgTests.iCore.Common.Entities.dll" adapterTypeName="Microsoft.VisualStudio.TestTools.TestTypes.Unit.UnitTestAdapter" className="SysIntgTests.iCore.Common.Entities.NodeAttributeTypeTests" name="RepositoryEntityTypeId_ReturnsNodeAttributeType" />
    </UnitTest>
    <UnitTest name="RepositoryEntityType_ReturnsINodeAttributeType" storage="f:\etwork\bin\tests\sysintgtests.icore.common.entities.dll" id="e22be9cc-c793-6bba-f391-bf939128a63c">
      <TestCategory>
        <TestCategoryItem TestCategory="Entities" />
        <TestCategoryItem TestCategory="SystemIntegration" />
      </TestCategory>
      <Execution id="f42943ca-84eb-404e-bf65-4b28ea1c9fb0" />
      <TestMethod codeBase="F:\ETWork\bin\Tests\SysIntgTests.iCore.Common.Entities.dll" adapterTypeName="Microsoft.VisualStudio.TestTools.TestTypes.Unit.UnitTestAdapter" className="SysIntgTests.iCore.Common.Entities.NodeAttributeTypeTests" name="RepositoryEntityType_ReturnsINodeAttributeType" />
    </UnitTest>
    <UnitTest name="RepositorySystemContext_MatchesActualSystemContext" storage="f:\etwork\bin\tests\sysintgtests.icore.common.entities.dll" id="50f94a10-623d-c66f-c56c-ba60f1ed4235">
      <TestCategory>
        <TestCategoryItem TestCategory="Entities" />
        <TestCategoryItem TestCategory="SystemIntegration" />
      </TestCategory>
      <Execution id="18de9bf3-c541-4a1a-9d5d-5a67adad0e51" />
      <TestMethod codeBase="F:\ETWork\bin\Tests\SysIntgTests.iCore.Common.Entities.dll" adapterTypeName="Microsoft.VisualStudio.TestTools.TestTypes.Unit.UnitTestAdapter" className="SysIntgTests.iCore.Common.Entities.NodeAttributeTypeTests" name="RepositorySystemContext_MatchesActualSystemContext" />
    </UnitTest>
    <UnitTest name="Exists_NodeTypeKey_ThrowsArgumentException" storage="f:\etwork\bin\tests\sysintgtests.icore.common.entities.dll" id="117ac72a-3544-f60a-9bf3-210d15d5a967">
      <TestCategory>
        <TestCategoryItem TestCategory="Entities" />
        <TestCategoryItem TestCategory="SystemIntegration" />
      </TestCategory>
      <Execution id="e7e0e0ea-8c43-4281-b770-9e319b6475be" />
      <TestMethod codeBase="F:\ETWork\bin\Tests\SysIntgTests.iCore.Common.Entities.dll" adapterTypeName="Microsoft.VisualStudio.TestTools.TestTypes.Unit.UnitTestAdapter" className="SysIntgTests.iCore.Common.Entities.NodeAttributeTypeTests" name="Exists_NodeTypeKey_ThrowsArgumentException" />
    </UnitTest>
    <UnitTest name="Exists_KnownNodeAttributeTypeKey_ReturnsTrue (Data Row 0)" storage="f:\etwork\bin\tests\sysintgtests.icore.common.entities.dll" id="c6a9186a-36a3-4dd6-830e-a1a823cc5580">
      <TestCategory>
        <TestCategoryItem TestCategory="Entities" />
        <TestCategoryItem TestCategory="SystemIntegration" />
      </TestCategory>
      <Execution id="95b8fcc4-9c6a-4bfc-8716-eff052d2b445" />
      <TestMethod codeBase="F:\ETWork\bin\Tests\SysIntgTests.iCore.Common.Entities.dll" adapterTypeName="Microsoft.VisualStudio.TestTools.TestTypes.Unit.UnitTestAdapter" className="SysIntgTests.iCore.Common.Entities.NodeAttributeTypeTests" name="Exists_KnownNodeAttributeTypeKey_ReturnsTrue (Data Row 0)" />
    </UnitTest>
    <UnitTest name="Exists_KnownNodeAttributeTypeKey_ReturnsTrue (Data Row 1)" storage="f:\etwork\bin\tests\sysintgtests.icore.common.entities.dll" id="f90e77e2-36ac-416b-836f-ca6b305ecc8c">
      <TestCategory>
        <TestCategoryItem TestCategory="Entities" />
        <TestCategoryItem TestCategory="SystemIntegration" />
      </TestCategory>
      <Execution id="72f43271-f549-43c2-8fd8-f6e654bee530" />
      <TestMethod codeBase="F:\ETWork\bin\Tests\SysIntgTests.iCore.Common.Entities.dll" adapterTypeName="Microsoft.VisualStudio.TestTools.TestTypes.Unit.UnitTestAdapter" className="SysIntgTests.iCore.Common.Entities.NodeAttributeTypeTests" name="Exists_KnownNodeAttributeTypeKey_ReturnsTrue (Data Row 1)" />
    </UnitTest>
    <UnitTest name="Exists_KnownNodeAttributeTypeKey_ReturnsTrue (Data Row 2)" storage="f:\etwork\bin\tests\sysintgtests.icore.common.entities.dll" id="dba7cc41-aa42-4dc6-8521-0dfa51fcffa7">
      <TestCategory>
        <TestCategoryItem TestCategory="Entities" />
        <TestCategoryItem TestCategory="SystemIntegration" />
      </TestCategory>
      <Execution id="4ce5c40b-9af7-4423-83ed-f951032e1223" />
      <TestMethod codeBase="F:\ETWork\bin\Tests\SysIntgTests.iCore.Common.Entities.dll" adapterTypeName="Microsoft.VisualStudio.TestTools.TestTypes.Unit.UnitTestAdapter" className="SysIntgTests.iCore.Common.Entities.NodeAttributeTypeTests" name="Exists_KnownNodeAttributeTypeKey_ReturnsTrue (Data Row 2)" />
    </UnitTest>
    <UnitTest name="Exists_KnownNodeAttributeTypeKey_ReturnsTrue (Data Row 3)" storage="f:\etwork\bin\tests\sysintgtests.icore.common.entities.dll" id="c4895077-d3e3-49cc-966d-0cef216c7188">
      <TestCategory>
        <TestCategoryItem TestCategory="Entities" />
        <TestCategoryItem TestCategory="SystemIntegration" />
      </TestCategory>
      <Execution id="c5c5c0a9-a679-4269-acbe-874b8508bf7b" />
      <TestMethod codeBase="F:\ETWork\bin\Tests\SysIntgTests.iCore.Common.Entities.dll" adapterTypeName="Microsoft.VisualStudio.TestTools.TestTypes.Unit.UnitTestAdapter" className="SysIntgTests.iCore.Common.Entities.NodeAttributeTypeTests" name="Exists_KnownNodeAttributeTypeKey_ReturnsTrue (Data Row 3)" />
    </UnitTest>
    <UnitTest name="Exists_KnownNodeAttributeTypeKey_ReturnsTrue (Data Row 4)" storage="f:\etwork\bin\tests\sysintgtests.icore.common.entities.dll" id="0752cd7f-b266-4e84-9e9d-a9db906d5515">
      <TestCategory>
        <TestCategoryItem TestCategory="Entities" />
        <TestCategoryItem TestCategory="SystemIntegration" />
      </TestCategory>
      <Execution id="7c4ee311-b68f-424b-b78f-402c3950b63c" />
      <TestMethod codeBase="F:\ETWork\bin\Tests\SysIntgTests.iCore.Common.Entities.dll" adapterTypeName="Microsoft.VisualStudio.TestTools.TestTypes.Unit.UnitTestAdapter" className="SysIntgTests.iCore.Common.Entities.NodeAttributeTypeTests" name="Exists_KnownNodeAttributeTypeKey_ReturnsTrue (Data Row 4)" />
    </UnitTest>
    <UnitTest name="Exists_NonExistingNodeAttributeTypeKey_ReturnsFalse" storage="f:\etwork\bin\tests\sysintgtests.icore.common.entities.dll" id="241aeb07-ad3c-fdc9-092d-52e323c37d56">
      <TestCategory>
        <TestCategoryItem TestCategory="Entities" />
        <TestCategoryItem TestCategory="SystemIntegration" />
      </TestCategory>
      <Execution id="00bafe9a-5b7b-4284-adc7-e56f4d0c85a8" />
      <TestMethod codeBase="F:\ETWork\bin\Tests\SysIntgTests.iCore.Common.Entities.dll" adapterTypeName="Microsoft.VisualStudio.TestTools.TestTypes.Unit.UnitTestAdapter" className="SysIntgTests.iCore.Common.Entities.NodeAttributeTypeTests" name="Exists_NonExistingNodeAttributeTypeKey_ReturnsFalse" />
    </UnitTest>
    <UnitTest name="Exists_KnownNodeAttributeTypeId_ReturnsTrue (Data Row 0)" storage="f:\etwork\bin\tests\sysintgtests.icore.common.entities.dll" id="22c95332-5710-44d6-aa1a-b81a0680887f">
      <TestCategory>
        <TestCategoryItem TestCategory="Entities" />
        <TestCategoryItem TestCategory="SystemIntegration" />
      </TestCategory>
      <Execution id="ec3792a2-d98b-49a1-a125-7dbc973af120" />
      <TestMethod codeBase="F:\ETWork\bin\Tests\SysIntgTests.iCore.Common.Entities.dll" adapterTypeName="Microsoft.VisualStudio.TestTools.TestTypes.Unit.UnitTestAdapter" className="SysIntgTests.iCore.Common.Entities.NodeAttributeTypeTests" name="Exists_KnownNodeAttributeTypeId_ReturnsTrue (Data Row 0)" />
    </UnitTest>
    <UnitTest name="Exists_KnownNodeAttributeTypeId_ReturnsTrue (Data Row 1)" storage="f:\etwork\bin\tests\sysintgtests.icore.common.entities.dll" id="7e8e1ffd-1274-408f-9018-4b7617fe58b0">
      <TestCategory>
        <TestCategoryItem TestCategory="Entities" />
        <TestCategoryItem TestCategory="SystemIntegration" />
      </TestCategory>
      <Execution id="17f42e73-b79e-4457-95ff-2b7206bc200e" />
      <TestMethod codeBase="F:\ETWork\bin\Tests\SysIntgTests.iCore.Common.Entities.dll" adapterTypeName="Microsoft.VisualStudio.TestTools.TestTypes.Unit.UnitTestAdapter" className="SysIntgTests.iCore.Common.Entities.NodeAttributeTypeTests" name="Exists_KnownNodeAttributeTypeId_ReturnsTrue (Data Row 1)" />
    </UnitTest>
    <UnitTest name="Exists_KnownNodeAttributeTypeId_ReturnsTrue (Data Row 2)" storage="f:\etwork\bin\tests\sysintgtests.icore.common.entities.dll" id="93d15150-a59e-4310-a496-bfc2a0f6edec">
      <TestCategory>
        <TestCategoryItem TestCategory="Entities" />
        <TestCategoryItem TestCategory="SystemIntegration" />
      </TestCategory>
      <Execution id="8e455e7b-89df-440d-9e64-b5804dc8518e" />
      <TestMethod codeBase="F:\ETWork\bin\Tests\SysIntgTests.iCore.Common.Entities.dll" adapterTypeName="Microsoft.VisualStudio.TestTools.TestTypes.Unit.UnitTestAdapter" className="SysIntgTests.iCore.Common.Entities.NodeAttributeTypeTests" name="Exists_KnownNodeAttributeTypeId_ReturnsTrue (Data Row 2)" />
    </UnitTest>
    <UnitTest name="Exists_KnownNodeAttributeTypeId_ReturnsTrue (Data Row 3)" storage="f:\etwork\bin\tests\sysintgtests.icore.common.entities.dll" id="0e241466-22ac-4744-b4d7-a52df4a7ceb5">
      <TestCategory>
        <TestCategoryItem TestCategory="Entities" />
        <TestCategoryItem TestCategory="SystemIntegration" />
      </TestCategory>
      <Execution id="1304e8a7-1e0b-4bee-85ed-65e613050ce6" />
      <TestMethod codeBase="F:\ETWork\bin\Tests\SysIntgTests.iCore.Common.Entities.dll" adapterTypeName="Microsoft.VisualStudio.TestTools.TestTypes.Unit.UnitTestAdapter" className="SysIntgTests.iCore.Common.Entities.NodeAttributeTypeTests" name="Exists_KnownNodeAttributeTypeId_ReturnsTrue (Data Row 3)" />
    </UnitTest>
    <UnitTest name="Exists_KnownNodeAttributeTypeId_ReturnsTrue (Data Row 4)" storage="f:\etwork\bin\tests\sysintgtests.icore.common.entities.dll" id="72c2612d-0d82-4539-917d-e58d35991ca6">
      <TestCategory>
        <TestCategoryItem TestCategory="Entities" />
        <TestCategoryItem TestCategory="SystemIntegration" />
      </TestCategory>
      <Execution id="6acc4a74-41f8-4786-be08-56a9d58f2eb7" />
      <TestMethod codeBase="F:\ETWork\bin\Tests\SysIntgTests.iCore.Common.Entities.dll" adapterTypeName="Microsoft.VisualStudio.TestTools.TestTypes.Unit.UnitTestAdapter" className="SysIntgTests.iCore.Common.Entities.NodeAttributeTypeTests" name="Exists_KnownNodeAttributeTypeId_ReturnsTrue (Data Row 4)" />
    </UnitTest>
    <UnitTest name="Exists_NonExistingNodeAttributeTypeId_ReturnsFalse" storage="f:\etwork\bin\tests\sysintgtests.icore.common.entities.dll" id="d3a5a8cc-0471-c609-1f4e-38861c608a4a">
      <TestCategory>
        <TestCategoryItem TestCategory="Entities" />
        <TestCategoryItem TestCategory="SystemIntegration" />
      </TestCategory>
      <Execution id="25927589-c8c2-4230-bf4d-7f1e24030395" />
      <TestMethod codeBase="F:\ETWork\bin\Tests\SysIntgTests.iCore.Common.Entities.dll" adapterTypeName="Microsoft.VisualStudio.TestTools.TestTypes.Unit.UnitTestAdapter" className="SysIntgTests.iCore.Common.Entities.NodeAttributeTypeTests" name="Exists_NonExistingNodeAttributeTypeId_ReturnsFalse" />
    </UnitTest>
    <UnitTest name="CreateInstance_CreatesNewNodeAttributeType" storage="f:\etwork\bin\tests\sysintgtests.icore.common.entities.dll" id="39dd66d1-575d-0ea7-fa31-3b3df58e6741">
      <Execution id="fa9a654f-a4fc-4a21-b8c3-3af7239ac29c" />
      <TestMethod codeBase="F:\ETWork\bin\Tests\SysIntgTests.iCore.Common.Entities.dll" adapterTypeName="Microsoft.VisualStudio.TestTools.TestTypes.Unit.UnitTestAdapter" className="SysIntgTests.iCore.Common.Entities.NodeAttributeTypeTests" name="CreateInstance_CreatesNewNodeAttributeType" />
    </UnitTest>
    <UnitTest name="List_ContainsEachKnownNodeAttributeTypeOnce (Data Row 0)" storage="f:\etwork\bin\tests\sysintgtests.icore.common.entities.dll" id="01ab4d73-e2ba-4adc-b471-f4fc77a7daf6">
      <TestCategory>
        <TestCategoryItem TestCategory="Entities" />
        <TestCategoryItem TestCategory="SystemIntegration" />
      </TestCategory>
      <Execution id="abfe60d3-e833-4895-970d-22f5b55e1db7" />
      <TestMethod codeBase="F:\ETWork\bin\Tests\SysIntgTests.iCore.Common.Entities.dll" adapterTypeName="Microsoft.VisualStudio.TestTools.TestTypes.Unit.UnitTestAdapter" className="SysIntgTests.iCore.Common.Entities.NodeAttributeTypeTests" name="List_ContainsEachKnownNodeAttributeTypeOnce (Data Row 0)" />
    </UnitTest>
    <UnitTest name="List_ContainsEachKnownNodeAttributeTypeOnce (Data Row 1)" storage="f:\etwork\bin\tests\sysintgtests.icore.common.entities.dll" id="060c1244-225c-4b76-bfc3-dc3abc82814f">
      <TestCategory>
        <TestCategoryItem TestCategory="Entities" />
        <TestCategoryItem TestCategory="SystemIntegration" />
      </TestCategory>
      <Execution id="205f52f1-a672-4529-a736-b84bdf24555c" />
      <TestMethod codeBase="F:\ETWork\bin\Tests\SysIntgTests.iCore.Common.Entities.dll" adapterTypeName="Microsoft.VisualStudio.TestTools.TestTypes.Unit.UnitTestAdapter" className="SysIntgTests.iCore.Common.Entities.NodeAttributeTypeTests" name="List_ContainsEachKnownNodeAttributeTypeOnce (Data Row 1)" />
    </UnitTest>
    <UnitTest name="List_ContainsEachKnownNodeAttributeTypeOnce (Data Row 2)" storage="f:\etwork\bin\tests\sysintgtests.icore.common.entities.dll" id="6d4be838-d1e7-4da2-98c6-8298b5c9819b">
      <TestCategory>
        <TestCategoryItem TestCategory="Entities" />
        <TestCategoryItem TestCategory="SystemIntegration" />
      </TestCategory>
      <Execution id="c9472c4a-78d1-4e82-a4bf-20c336c3f3b6" />
      <TestMethod codeBase="F:\ETWork\bin\Tests\SysIntgTests.iCore.Common.Entities.dll" adapterTypeName="Microsoft.VisualStudio.TestTools.TestTypes.Unit.UnitTestAdapter" className="SysIntgTests.iCore.Common.Entities.NodeAttributeTypeTests" name="List_ContainsEachKnownNodeAttributeTypeOnce (Data Row 2)" />
    </UnitTest>
    <UnitTest name="List_ContainsEachKnownNodeAttributeTypeOnce (Data Row 3)" storage="f:\etwork\bin\tests\sysintgtests.icore.common.entities.dll" id="30085ea8-3496-40e2-a2c2-e23fdd4becbe">
      <TestCategory>
        <TestCategoryItem TestCategory="Entities" />
        <TestCategoryItem TestCategory="SystemIntegration" />
      </TestCategory>
      <Execution id="3d5f6043-9067-4c99-9038-7ea7343e436f" />
      <TestMethod codeBase="F:\ETWork\bin\Tests\SysIntgTests.iCore.Common.Entities.dll" adapterTypeName="Microsoft.VisualStudio.TestTools.TestTypes.Unit.UnitTestAdapter" className="SysIntgTests.iCore.Common.Entities.NodeAttributeTypeTests" name="List_ContainsEachKnownNodeAttributeTypeOnce (Data Row 3)" />
    </UnitTest>
    <UnitTest name="List_ContainsEachKnownNodeAttributeTypeOnce (Data Row 4)" storage="f:\etwork\bin\tests\sysintgtests.icore.common.entities.dll" id="06b668d4-8960-4b39-95a0-ee66fd5f7d3c">
      <TestCategory>
        <TestCategoryItem TestCategory="Entities" />
        <TestCategoryItem TestCategory="SystemIntegration" />
      </TestCategory>
      <Execution id="fcdec2b3-4e04-4fdc-b804-1485381d34f6" />
      <TestMethod codeBase="F:\ETWork\bin\Tests\SysIntgTests.iCore.Common.Entities.dll" adapterTypeName="Microsoft.VisualStudio.TestTools.TestTypes.Unit.UnitTestAdapter" className="SysIntgTests.iCore.Common.Entities.NodeAttributeTypeTests" name="List_ContainsEachKnownNodeAttributeTypeOnce (Data Row 4)" />
    </UnitTest>
    <UnitTest name="List_ShouldSetSystemContextCorrectly" storage="f:\etwork\bin\tests\sysintgtests.icore.common.entities.dll" id="5ae3d5ba-68cf-f1cb-5be4-a51b853a117c">
      <TestCategory>
        <TestCategoryItem TestCategory="Entities" />
        <TestCategoryItem TestCategory="SystemIntegration" />
      </TestCategory>
      <Execution id="ef318894-3df8-40e3-a1b9-8b461fb1e4a8" />
      <TestMethod codeBase="F:\ETWork\bin\Tests\SysIntgTests.iCore.Common.Entities.dll" adapterTypeName="Microsoft.VisualStudio.TestTools.TestTypes.Unit.UnitTestAdapter" className="SysIntgTests.iCore.Common.Entities.NodeAttributeTypeTests" name="List_ShouldSetSystemContextCorrectly" />
    </UnitTest>
    <UnitTest name="GetById_NewGuid_ThrowsEntityNotFoundException" storage="f:\etwork\bin\tests\sysintgtests.icore.common.entities.dll" id="c840df09-5951-2095-04bf-55dede766766">
      <TestCategory>
        <TestCategoryItem TestCategory="Entities" />
        <TestCategoryItem TestCategory="SystemIntegration" />
      </TestCategory>
      <Execution id="b1db38c2-89a6-441d-a182-57010ed8d5c6" />
      <TestMethod codeBase="F:\ETWork\bin\Tests\SysIntgTests.iCore.Common.Entities.dll" adapterTypeName="Microsoft.VisualStudio.TestTools.TestTypes.Unit.UnitTestAdapter" className="SysIntgTests.iCore.Common.Entities.NodeAttributeTypeTests" name="GetById_NewGuid_ThrowsEntityNotFoundException" />
    </UnitTest>
    <UnitTest name="GetById_KnownNodeAttributeTypeId_ReturnsEntityWithCorrectProperties (Data Row 0)" storage="f:\etwork\bin\tests\sysintgtests.icore.common.entities.dll" id="87e2148a-5def-43eb-b6e7-6bc48880a687">
      <TestCategory>
        <TestCategoryItem TestCategory="Entities" />
        <TestCategoryItem TestCategory="SystemIntegration" />
      </TestCategory>
      <Execution id="fc8f1b0d-28e1-40a0-83d7-4df46fe2419d" />
      <TestMethod codeBase="F:\ETWork\bin\Tests\SysIntgTests.iCore.Common.Entities.dll" adapterTypeName="Microsoft.VisualStudio.TestTools.TestTypes.Unit.UnitTestAdapter" className="SysIntgTests.iCore.Common.Entities.NodeAttributeTypeTests" name="GetById_KnownNodeAttributeTypeId_ReturnsEntityWithCorrectProperties (Data Row 0)" />
    </UnitTest>
    <UnitTest name="GetById_KnownNodeAttributeTypeId_ReturnsEntityWithCorrectProperties (Data Row 1)" storage="f:\etwork\bin\tests\sysintgtests.icore.common.entities.dll" id="78e5609b-4e35-4f0f-82be-88011edcd7e9">
      <TestCategory>
        <TestCategoryItem TestCategory="Entities" />
        <TestCategoryItem TestCategory="SystemIntegration" />
      </TestCategory>
      <Execution id="d59816f0-806f-4c7e-85dd-112634a8fb48" />
      <TestMethod codeBase="F:\ETWork\bin\Tests\SysIntgTests.iCore.Common.Entities.dll" adapterTypeName="Microsoft.VisualStudio.TestTools.TestTypes.Unit.UnitTestAdapter" className="SysIntgTests.iCore.Common.Entities.NodeAttributeTypeTests" name="GetById_KnownNodeAttributeTypeId_ReturnsEntityWithCorrectProperties (Data Row 1)" />
    </UnitTest>
    <UnitTest name="GetById_KnownNodeAttributeTypeId_ReturnsEntityWithCorrectProperties (Data Row 2)" storage="f:\etwork\bin\tests\sysintgtests.icore.common.entities.dll" id="8b2fc6a0-9437-4933-9144-a8f223fb98d7">
      <TestCategory>
        <TestCategoryItem TestCategory="Entities" />
        <TestCategoryItem TestCategory="SystemIntegration" />
      </TestCategory>
      <Execution id="90adca73-8c47-46ae-9a05-19ef21d67922" />
      <TestMethod codeBase="F:\ETWork\bin\Tests\SysIntgTests.iCore.Common.Entities.dll" adapterTypeName="Microsoft.VisualStudio.TestTools.TestTypes.Unit.UnitTestAdapter" className="SysIntgTests.iCore.Common.Entities.NodeAttributeTypeTests" name="GetById_KnownNodeAttributeTypeId_ReturnsEntityWithCorrectProperties (Data Row 2)" />
    </UnitTest>
    <UnitTest name="GetById_KnownNodeAttributeTypeId_ReturnsEntityWithCorrectProperties (Data Row 3)" storage="f:\etwork\bin\tests\sysintgtests.icore.common.entities.dll" id="884feb85-01cb-4e03-8ab6-33625dd470b2">
      <TestCategory>
        <TestCategoryItem TestCategory="Entities" />
        <TestCategoryItem TestCategory="SystemIntegration" />
      </TestCategory>
      <Execution id="1e1a7e05-4370-43d4-8208-aae8916477eb" />
      <TestMethod codeBase="F:\ETWork\bin\Tests\SysIntgTests.iCore.Common.Entities.dll" adapterTypeName="Microsoft.VisualStudio.TestTools.TestTypes.Unit.UnitTestAdapter" className="SysIntgTests.iCore.Common.Entities.NodeAttributeTypeTests" name="GetById_KnownNodeAttributeTypeId_ReturnsEntityWithCorrectProperties (Data Row 3)" />
    </UnitTest>
    <UnitTest name="GetById_KnownNodeAttributeTypeId_ReturnsEntityWithCorrectProperties (Data Row 4)" storage="f:\etwork\bin\tests\sysintgtests.icore.common.entities.dll" id="3cba3892-0f8e-437b-a562-0931d0b24d6c">
      <TestCategory>
        <TestCategoryItem TestCategory="Entities" />
        <TestCategoryItem TestCategory="SystemIntegration" />
      </TestCategory>
      <Execution id="079c0267-8396-4fe2-9f22-b1c7dd92b5c9" />
      <TestMethod codeBase="F:\ETWork\bin\Tests\SysIntgTests.iCore.Common.Entities.dll" adapterTypeName="Microsoft.VisualStudio.TestTools.TestTypes.Unit.UnitTestAdapter" className="SysIntgTests.iCore.Common.Entities.NodeAttributeTypeTests" name="GetById_KnownNodeAttributeTypeId_ReturnsEntityWithCorrectProperties (Data Row 4)" />
    </UnitTest>
    <UnitTest name="GetByKey_NewGuid_ThrowsEntityNotFoundException" storage="f:\etwork\bin\tests\sysintgtests.icore.common.entities.dll" id="7d2d43f0-f503-f1a6-e2c9-9816a10bf979">
      <TestCategory>
        <TestCategoryItem TestCategory="Entities" />
        <TestCategoryItem TestCategory="SystemIntegration" />
      </TestCategory>
      <Execution id="b3952236-af16-4949-a7f2-58aba868839f" />
      <TestMethod codeBase="F:\ETWork\bin\Tests\SysIntgTests.iCore.Common.Entities.dll" adapterTypeName="Microsoft.VisualStudio.TestTools.TestTypes.Unit.UnitTestAdapter" className="SysIntgTests.iCore.Common.Entities.NodeAttributeTypeTests" name="GetByKey_NewGuid_ThrowsEntityNotFoundException" />
    </UnitTest>
    <UnitTest name="GetByKey_KnownNodeAttributeTypeKey_ReturnsEntityWithCorrectProperties (Data Row 0)" storage="f:\etwork\bin\tests\sysintgtests.icore.common.entities.dll" id="0df6886c-6619-4e46-8f3b-7a1ead87acb4">
      <TestCategory>
        <TestCategoryItem TestCategory="Entities" />
        <TestCategoryItem TestCategory="SystemIntegration" />
      </TestCategory>
      <Execution id="a91b13dc-0e5c-4988-b61c-3536d9c8cf11" />
      <TestMethod codeBase="F:\ETWork\bin\Tests\SysIntgTests.iCore.Common.Entities.dll" adapterTypeName="Microsoft.VisualStudio.TestTools.TestTypes.Unit.UnitTestAdapter" className="SysIntgTests.iCore.Common.Entities.NodeAttributeTypeTests" name="GetByKey_KnownNodeAttributeTypeKey_ReturnsEntityWithCorrectProperties (Data Row 0)" />
    </UnitTest>
    <UnitTest name="GetByKey_KnownNodeAttributeTypeKey_ReturnsEntityWithCorrectProperties (Data Row 1)" storage="f:\etwork\bin\tests\sysintgtests.icore.common.entities.dll" id="63533380-c493-478f-bc1a-e6d3981c1e3f">
      <TestCategory>
        <TestCategoryItem TestCategory="Entities" />
        <TestCategoryItem TestCategory="SystemIntegration" />
      </TestCategory>
      <Execution id="1372e8cb-15c6-40b6-90c1-b1b006d658e6" />
      <TestMethod codeBase="F:\ETWork\bin\Tests\SysIntgTests.iCore.Common.Entities.dll" adapterTypeName="Microsoft.VisualStudio.TestTools.TestTypes.Unit.UnitTestAdapter" className="SysIntgTests.iCore.Common.Entities.NodeAttributeTypeTests" name="GetByKey_KnownNodeAttributeTypeKey_ReturnsEntityWithCorrectProperties (Data Row 1)" />
    </UnitTest>
    <UnitTest name="GetByKey_KnownNodeAttributeTypeKey_ReturnsEntityWithCorrectProperties (Data Row 2)" storage="f:\etwork\bin\tests\sysintgtests.icore.common.entities.dll" id="dece3d72-ca52-45bf-8e8b-9980c40a763e">
      <TestCategory>
        <TestCategoryItem TestCategory="Entities" />
        <TestCategoryItem TestCategory="SystemIntegration" />
      </TestCategory>
      <Execution id="94397215-d9ab-42f6-affa-8f1502cb2f50" />
      <TestMethod codeBase="F:\ETWork\bin\Tests\SysIntgTests.iCore.Common.Entities.dll" adapterTypeName="Microsoft.VisualStudio.TestTools.TestTypes.Unit.UnitTestAdapter" className="SysIntgTests.iCore.Common.Entities.NodeAttributeTypeTests" name="GetByKey_KnownNodeAttributeTypeKey_ReturnsEntityWithCorrectProperties (Data Row 2)" />
    </UnitTest>
    <UnitTest name="GetByKey_KnownNodeAttributeTypeKey_ReturnsEntityWithCorrectProperties (Data Row 3)" storage="f:\etwork\bin\tests\sysintgtests.icore.common.entities.dll" id="8899e566-4182-4bf7-801b-29b7b5366c82">
      <TestCategory>
        <TestCategoryItem TestCategory="Entities" />
        <TestCategoryItem TestCategory="SystemIntegration" />
      </TestCategory>
      <Execution id="b0173e46-d1eb-4c62-b6c8-dc995fcc2092" />
      <TestMethod codeBase="F:\ETWork\bin\Tests\SysIntgTests.iCore.Common.Entities.dll" adapterTypeName="Microsoft.VisualStudio.TestTools.TestTypes.Unit.UnitTestAdapter" className="SysIntgTests.iCore.Common.Entities.NodeAttributeTypeTests" name="GetByKey_KnownNodeAttributeTypeKey_ReturnsEntityWithCorrectProperties (Data Row 3)" />
    </UnitTest>
    <UnitTest name="GetByKey_KnownNodeAttributeTypeKey_ReturnsEntityWithCorrectProperties (Data Row 4)" storage="f:\etwork\bin\tests\sysintgtests.icore.common.entities.dll" id="c0c5c73f-366f-4241-b4ee-37d34c430b76">
      <TestCategory>
        <TestCategoryItem TestCategory="Entities" />
        <TestCategoryItem TestCategory="SystemIntegration" />
      </TestCategory>
      <Execution id="de272c9e-ad71-44f9-b3ba-f01653e305c3" />
      <TestMethod codeBase="F:\ETWork\bin\Tests\SysIntgTests.iCore.Common.Entities.dll" adapterTypeName="Microsoft.VisualStudio.TestTools.TestTypes.Unit.UnitTestAdapter" className="SysIntgTests.iCore.Common.Entities.NodeAttributeTypeTests" name="GetByKey_KnownNodeAttributeTypeKey_ReturnsEntityWithCorrectProperties (Data Row 4)" />
    </UnitTest>
    <UnitTest name="GetByKey_UnsupportedKey_ThrowsArgumentException" storage="f:\etwork\bin\tests\sysintgtests.icore.common.entities.dll" id="9bf23ef2-8a88-d17a-f81d-6d9a25771e0a">
      <TestCategory>
        <TestCategoryItem TestCategory="Entities" />
        <TestCategoryItem TestCategory="SystemIntegration" />
      </TestCategory>
      <Execution id="bd6fe46b-3362-4b1f-a84a-60f5bf96d024" />
      <TestMethod codeBase="F:\ETWork\bin\Tests\SysIntgTests.iCore.Common.Entities.dll" adapterTypeName="Microsoft.VisualStudio.TestTools.TestTypes.Unit.UnitTestAdapter" className="SysIntgTests.iCore.Common.Entities.NodeAttributeTypeTests" name="GetByKey_UnsupportedKey_ThrowsArgumentException" />
    </UnitTest>
    <UnitTest name="GetByName_NonExistingName_ThrowsEntityNotFoundException" storage="f:\etwork\bin\tests\sysintgtests.icore.common.entities.dll" id="64b37141-ae74-975f-8ccc-2ce76b8434db">
      <TestCategory>
        <TestCategoryItem TestCategory="Entities" />
        <TestCategoryItem TestCategory="SystemIntegration" />
      </TestCategory>
      <Execution id="3343d9e0-5251-4667-a6e8-2366ecf62c56" />
      <TestMethod codeBase="F:\ETWork\bin\Tests\SysIntgTests.iCore.Common.Entities.dll" adapterTypeName="Microsoft.VisualStudio.TestTools.TestTypes.Unit.UnitTestAdapter" className="SysIntgTests.iCore.Common.Entities.NodeAttributeTypeTests" name="GetByName_NonExistingName_ThrowsEntityNotFoundException" />
    </UnitTest>
    <UnitTest name="GetByName_KnownNodeAttributeTypeName_ReturnsEntityWithCorrectProperties (Data Row 0)" storage="f:\etwork\bin\tests\sysintgtests.icore.common.entities.dll" id="e04de6a9-c262-47da-b2f1-7379bb98f9a9">
      <TestCategory>
        <TestCategoryItem TestCategory="Entities" />
        <TestCategoryItem TestCategory="SystemIntegration" />
      </TestCategory>
      <Execution id="6403ace3-7f55-4611-8b32-fbf18dd9ea2a" />
      <TestMethod codeBase="F:\ETWork\bin\Tests\SysIntgTests.iCore.Common.Entities.dll" adapterTypeName="Microsoft.VisualStudio.TestTools.TestTypes.Unit.UnitTestAdapter" className="SysIntgTests.iCore.Common.Entities.NodeAttributeTypeTests" name="GetByName_KnownNodeAttributeTypeName_ReturnsEntityWithCorrectProperties (Data Row 0)" />
    </UnitTest>
    <UnitTest name="GetByName_KnownNodeAttributeTypeName_ReturnsEntityWithCorrectProperties (Data Row 1)" storage="f:\etwork\bin\tests\sysintgtests.icore.common.entities.dll" id="cdc1dd83-de01-45d0-a135-c3221598ea98">
      <TestCategory>
        <TestCategoryItem TestCategory="Entities" />
        <TestCategoryItem TestCategory="SystemIntegration" />
      </TestCategory>
      <Execution id="8e112f7f-378d-4d51-b9b8-924139d817b1" />
      <TestMethod codeBase="F:\ETWork\bin\Tests\SysIntgTests.iCore.Common.Entities.dll" adapterTypeName="Microsoft.VisualStudio.TestTools.TestTypes.Unit.UnitTestAdapter" className="SysIntgTests.iCore.Common.Entities.NodeAttributeTypeTests" name="GetByName_KnownNodeAttributeTypeName_ReturnsEntityWithCorrectProperties (Data Row 1)" />
    </UnitTest>
    <UnitTest name="GetByName_KnownNodeAttributeTypeName_ReturnsEntityWithCorrectProperties (Data Row 2)" storage="f:\etwork\bin\tests\sysintgtests.icore.common.entities.dll" id="ec0fc4c7-9ed8-4980-afc6-6bc1e08942d4">
      <TestCategory>
        <TestCategoryItem TestCategory="Entities" />
        <TestCategoryItem TestCategory="SystemIntegration" />
      </TestCategory>
      <Execution id="7a8bfb73-6ecf-49cf-a1ca-fc435e5fe5df" />
      <TestMethod codeBase="F:\ETWork\bin\Tests\SysIntgTests.iCore.Common.Entities.dll" adapterTypeName="Microsoft.VisualStudio.TestTools.TestTypes.Unit.UnitTestAdapter" className="SysIntgTests.iCore.Common.Entities.NodeAttributeTypeTests" name="GetByName_KnownNodeAttributeTypeName_ReturnsEntityWithCorrectProperties (Data Row 2)" />
    </UnitTest>
    <UnitTest name="GetByName_KnownNodeAttributeTypeName_ReturnsEntityWithCorrectProperties (Data Row 3)" storage="f:\etwork\bin\tests\sysintgtests.icore.common.entities.dll" id="a8baf1b8-646b-4f84-8b7e-f08d9bab871a">
      <TestCategory>
        <TestCategoryItem TestCategory="Entities" />
        <TestCategoryItem TestCategory="SystemIntegration" />
      </TestCategory>
      <Execution id="42da2421-d30a-45ea-abd2-5cb905114cc8" />
      <TestMethod codeBase="F:\ETWork\bin\Tests\SysIntgTests.iCore.Common.Entities.dll" adapterTypeName="Microsoft.VisualStudio.TestTools.TestTypes.Unit.UnitTestAdapter" className="SysIntgTests.iCore.Common.Entities.NodeAttributeTypeTests" name="GetByName_KnownNodeAttributeTypeName_ReturnsEntityWithCorrectProperties (Data Row 3)" />
    </UnitTest>
    <UnitTest name="GetByName_KnownNodeAttributeTypeName_ReturnsEntityWithCorrectProperties (Data Row 4)" storage="f:\etwork\bin\tests\sysintgtests.icore.common.entities.dll" id="d6bd34a0-9faa-45af-b20d-45d68d93b946">
      <TestCategory>
        <TestCategoryItem TestCategory="Entities" />
        <TestCategoryItem TestCategory="SystemIntegration" />
      </TestCategory>
      <Execution id="cf072f6b-78f1-4092-aba2-07b3f30a91f9" />
      <TestMethod codeBase="F:\ETWork\bin\Tests\SysIntgTests.iCore.Common.Entities.dll" adapterTypeName="Microsoft.VisualStudio.TestTools.TestTypes.Unit.UnitTestAdapter" className="SysIntgTests.iCore.Common.Entities.NodeAttributeTypeTests" name="GetByName_KnownNodeAttributeTypeName_ReturnsEntityWithCorrectProperties (Data Row 4)" />
    </UnitTest>
    <UnitTest name="Delete_NonExistingId_ThrowsEntityNotFoundException" storage="f:\etwork\bin\tests\sysintgtests.icore.common.entities.dll" id="6f1819fb-66ba-ca17-f7f3-8754269adc9b">
      <TestCategory>
        <TestCategoryItem TestCategory="Entities" />
        <TestCategoryItem TestCategory="SystemIntegration" />
      </TestCategory>
      <Execution id="c94c0f8b-6539-45e9-b771-af78dfd0e93f" />
      <TestMethod codeBase="F:\ETWork\bin\Tests\SysIntgTests.iCore.Common.Entities.dll" adapterTypeName="Microsoft.VisualStudio.TestTools.TestTypes.Unit.UnitTestAdapter" className="SysIntgTests.iCore.Common.Entities.NodeAttributeTypeTests" name="Delete_NonExistingId_ThrowsEntityNotFoundException" />
    </UnitTest>
    <UnitTest name="Delete_UsingIdUnusedNodeAttributeType_SuccessfullyDeletesNodeAttributeType" storage="f:\etwork\bin\tests\sysintgtests.icore.common.entities.dll" id="f5577f8e-445a-4166-c597-f160ed7544bd">
      <TestCategory>
        <TestCategoryItem TestCategory="Entities" />
        <TestCategoryItem TestCategory="SystemIntegration" />
      </TestCategory>
      <Execution id="03fed889-b654-4554-b702-b13cb1dbd3f6" />
      <TestMethod codeBase="F:\ETWork\bin\Tests\SysIntgTests.iCore.Common.Entities.dll" adapterTypeName="Microsoft.VisualStudio.TestTools.TestTypes.Unit.UnitTestAdapter" className="SysIntgTests.iCore.Common.Entities.NodeAttributeTypeTests" name="Delete_UsingIdUnusedNodeAttributeType_SuccessfullyDeletesNodeAttributeType" />
    </UnitTest>
    <UnitTest name="Delete_UsedNodeAttributeType_ThrowsEntityDependencyException" storage="f:\etwork\bin\tests\sysintgtests.icore.common.entities.dll" id="7b824c20-926c-1a20-b49f-5863a27547e4">
      <TestCategory>
        <TestCategoryItem TestCategory="Entities" />
        <TestCategoryItem TestCategory="SystemIntegration" />
      </TestCategory>
      <Execution id="d9827657-4a76-4623-bc98-b64024f689e2" />
      <TestMethod codeBase="F:\ETWork\bin\Tests\SysIntgTests.iCore.Common.Entities.dll" adapterTypeName="Microsoft.VisualStudio.TestTools.TestTypes.Unit.UnitTestAdapter" className="SysIntgTests.iCore.Common.Entities.NodeAttributeTypeTests" name="Delete_UsedNodeAttributeType_ThrowsEntityDependencyException" />
    </UnitTest>
    <UnitTest name="Delete_UnusedNodeAttributeType_SuccessfullyDeletesNodeAttributeType" storage="f:\etwork\bin\tests\sysintgtests.icore.common.entities.dll" id="2d8ec8e6-dd0f-c5f6-ea53-dda9043d602e">
      <TestCategory>
        <TestCategoryItem TestCategory="Entities" />
        <TestCategoryItem TestCategory="SystemIntegration" />
      </TestCategory>
      <Execution id="562d9ef2-06c5-4b16-9ac4-47ef1caa91d3" />
      <TestMethod codeBase="F:\ETWork\bin\Tests\SysIntgTests.iCore.Common.Entities.dll" adapterTypeName="Microsoft.VisualStudio.TestTools.TestTypes.Unit.UnitTestAdapter" className="SysIntgTests.iCore.Common.Entities.NodeAttributeTypeTests" name="Delete_UnusedNodeAttributeType_SuccessfullyDeletesNodeAttributeType" />
    </UnitTest>
    <UnitTest name="Delete_NonDeletableNodeAttributeType_ThrowsEntityDependencyException" storage="f:\etwork\bin\tests\sysintgtests.icore.common.entities.dll" id="2eb9e10f-a4ef-e0f1-fc76-e9c94908a233">
      <TestCategory>
        <TestCategoryItem TestCategory="Entities" />
        <TestCategoryItem TestCategory="SystemIntegration" />
      </TestCategory>
      <Execution id="e4b06e8b-7cd6-41e7-94f5-ddd9a1529797" />
      <TestMethod codeBase="F:\ETWork\bin\Tests\SysIntgTests.iCore.Common.Entities.dll" adapterTypeName="Microsoft.VisualStudio.TestTools.TestTypes.Unit.UnitTestAdapter" className="SysIntgTests.iCore.Common.Entities.NodeAttributeTypeTests" name="Delete_NonDeletableNodeAttributeType_ThrowsEntityDependencyException" />
    </UnitTest>
    <UnitTest name="Add_NullName_ThrowsConditionalErrorException" storage="f:\etwork\bin\tests\sysintgtests.icore.common.entities.dll" id="1e1cc6a7-0a34-df86-35c5-fc2d95907db9">
      <TestCategory>
        <TestCategoryItem TestCategory="Entities" />
        <TestCategoryItem TestCategory="SystemIntegration" />
      </TestCategory>
      <Execution id="d704e91f-8795-4391-99b0-4f660ec18560" />
      <TestMethod codeBase="F:\ETWork\bin\Tests\SysIntgTests.iCore.Common.Entities.dll" adapterTypeName="Microsoft.VisualStudio.TestTools.TestTypes.Unit.UnitTestAdapter" className="SysIntgTests.iCore.Common.Entities.NodeAttributeTypeTests" name="Add_NullName_ThrowsConditionalErrorException" />
    </UnitTest>
    <UnitTest name="Add_EmptyName_ThrowsStringLengthErrorException" storage="f:\etwork\bin\tests\sysintgtests.icore.common.entities.dll" id="baaec7b3-e889-fd1d-837e-ec4707004382">
      <TestCategory>
        <TestCategoryItem TestCategory="Entities" />
        <TestCategoryItem TestCategory="SystemIntegration" />
      </TestCategory>
      <Execution id="17b1f162-0a18-4673-a622-07a8c257cd3b" />
      <TestMethod codeBase="F:\ETWork\bin\Tests\SysIntgTests.iCore.Common.Entities.dll" adapterTypeName="Microsoft.VisualStudio.TestTools.TestTypes.Unit.UnitTestAdapter" className="SysIntgTests.iCore.Common.Entities.NodeAttributeTypeTests" name="Add_EmptyName_ThrowsStringLengthErrorException" />
    </UnitTest>
    <UnitTest name="Add_WhiteSpaceOnlyName_ThrowsStringLengthErrorException" storage="f:\etwork\bin\tests\sysintgtests.icore.common.entities.dll" id="fc4544f5-d82c-a8c6-4131-e599b21fd681">
      <TestCategory>
        <TestCategoryItem TestCategory="Entities" />
        <TestCategoryItem TestCategory="SystemIntegration" />
      </TestCategory>
      <Execution id="cc5a9be7-5400-479e-83f3-23c53433c2a7" />
      <TestMethod codeBase="F:\ETWork\bin\Tests\SysIntgTests.iCore.Common.Entities.dll" adapterTypeName="Microsoft.VisualStudio.TestTools.TestTypes.Unit.UnitTestAdapter" className="SysIntgTests.iCore.Common.Entities.NodeAttributeTypeTests" name="Add_WhiteSpaceOnlyName_ThrowsStringLengthErrorException" />
    </UnitTest>
    <UnitTest name="Add_TooLongName_ThrowsStringLengthErrorException" storage="f:\etwork\bin\tests\sysintgtests.icore.common.entities.dll" id="ee310c6f-7b25-f4f4-fd2d-48ca38e3cde6">
      <TestCategory>
        <TestCategoryItem TestCategory="Entities" />
        <TestCategoryItem TestCategory="SystemIntegration" />
      </TestCategory>
      <Execution id="0000db1a-3ee0-45e6-a856-41367a7efb00" />
      <TestMethod codeBase="F:\ETWork\bin\Tests\SysIntgTests.iCore.Common.Entities.dll" adapterTypeName="Microsoft.VisualStudio.TestTools.TestTypes.Unit.UnitTestAdapter" className="SysIntgTests.iCore.Common.Entities.NodeAttributeTypeTests" name="Add_TooLongName_ThrowsStringLengthErrorException" />
    </UnitTest>
    <UnitTest name="Add_LongDescription_Succeeds" storage="f:\etwork\bin\tests\sysintgtests.icore.common.entities.dll" id="b6118395-ad2a-8f1d-9301-57155ae3dbdf">
      <TestCategory>
        <TestCategoryItem TestCategory="Entities" />
        <TestCategoryItem TestCategory="SystemIntegration" />
      </TestCategory>
      <Execution id="2468be85-803e-416f-8fa3-b2ecc96b36e1" />
      <TestMethod codeBase="F:\ETWork\bin\Tests\SysIntgTests.iCore.Common.Entities.dll" adapterTypeName="Microsoft.VisualStudio.TestTools.TestTypes.Unit.UnitTestAdapter" className="SysIntgTests.iCore.Common.Entities.NodeAttributeTypeTests" name="Add_LongDescription_Succeeds" />
    </UnitTest>
    <UnitTest name="Add_ValidProperties_IdAndTimesAreUpdatedCorrectly" storage="f:\etwork\bin\tests\sysintgtests.icore.common.entities.dll" id="dccd3434-8804-d195-395d-7489dabef6aa">
      <TestCategory>
        <TestCategoryItem TestCategory="Entities" />
        <TestCategoryItem TestCategory="SystemIntegration" />
      </TestCategory>
      <Execution id="2ba11049-7200-46ff-9d9e-109ff1fc8060" />
      <TestMethod codeBase="F:\ETWork\bin\Tests\SysIntgTests.iCore.Common.Entities.dll" adapterTypeName="Microsoft.VisualStudio.TestTools.TestTypes.Unit.UnitTestAdapter" className="SysIntgTests.iCore.Common.Entities.NodeAttributeTypeTests" name="Add_ValidProperties_IdAndTimesAreUpdatedCorrectly" />
    </UnitTest>
    <UnitTest name="Add_ComplexProperties_ArePersistedCorrectly" storage="f:\etwork\bin\tests\sysintgtests.icore.common.entities.dll" id="1777cb97-ee4f-6dd2-0eab-753a5f6a84d5">
      <TestCategory>
        <TestCategoryItem TestCategory="Entities" />
        <TestCategoryItem TestCategory="SystemIntegration" />
      </TestCategory>
      <Execution id="d8cb0bc9-02fa-4074-8e65-d7bca071be7f" />
      <TestMethod codeBase="F:\ETWork\bin\Tests\SysIntgTests.iCore.Common.Entities.dll" adapterTypeName="Microsoft.VisualStudio.TestTools.TestTypes.Unit.UnitTestAdapter" className="SysIntgTests.iCore.Common.Entities.NodeAttributeTypeTests" name="Add_ComplexProperties_ArePersistedCorrectly" />
    </UnitTest>
    <UnitTest name="Add_DuplicateName_ThrowsUniqueValueAddConflictException" storage="f:\etwork\bin\tests\sysintgtests.icore.common.entities.dll" id="28cbd4f5-09f2-e9ec-e7b0-cddd20398c46">
      <TestCategory>
        <TestCategoryItem TestCategory="Entities" />
        <TestCategoryItem TestCategory="SystemIntegration" />
      </TestCategory>
      <Execution id="66761176-41ad-4e94-975d-501a78598766" />
      <TestMethod codeBase="F:\ETWork\bin\Tests\SysIntgTests.iCore.Common.Entities.dll" adapterTypeName="Microsoft.VisualStudio.TestTools.TestTypes.Unit.UnitTestAdapter" className="SysIntgTests.iCore.Common.Entities.NodeAttributeTypeTests" name="Add_DuplicateName_ThrowsUniqueValueAddConflictException" />
    </UnitTest>
    <UnitTest name="Update_NullName_ThrowsConditionalErrorException" storage="f:\etwork\bin\tests\sysintgtests.icore.common.entities.dll" id="2c9c36ba-f836-886a-1939-13409bd4d010">
      <TestCategory>
        <TestCategoryItem TestCategory="Entities" />
        <TestCategoryItem TestCategory="SystemIntegration" />
      </TestCategory>
      <Execution id="b8c44031-696d-4c97-9a56-4242e5c4423b" />
      <TestMethod codeBase="F:\ETWork\bin\Tests\SysIntgTests.iCore.Common.Entities.dll" adapterTypeName="Microsoft.VisualStudio.TestTools.TestTypes.Unit.UnitTestAdapter" className="SysIntgTests.iCore.Common.Entities.NodeAttributeTypeTests" name="Update_NullName_ThrowsConditionalErrorException" />
    </UnitTest>
    <UnitTest name="Update_EmtpyName_ThrowsStringLengthErrorException" storage="f:\etwork\bin\tests\sysintgtests.icore.common.entities.dll" id="e6717a06-71d4-cd67-10a5-29ab3a365d80">
      <TestCategory>
        <TestCategoryItem TestCategory="Entities" />
        <TestCategoryItem TestCategory="SystemIntegration" />
      </TestCategory>
      <Execution id="e38b5ff1-4116-4146-95bf-d8d7ef6fe852" />
      <TestMethod codeBase="F:\ETWork\bin\Tests\SysIntgTests.iCore.Common.Entities.dll" adapterTypeName="Microsoft.VisualStudio.TestTools.TestTypes.Unit.UnitTestAdapter" className="SysIntgTests.iCore.Common.Entities.NodeAttributeTypeTests" name="Update_EmtpyName_ThrowsStringLengthErrorException" />
    </UnitTest>
    <UnitTest name="Update_WhitespaceOnlyName_ThrowsStringLengthErrorException" storage="f:\etwork\bin\tests\sysintgtests.icore.common.entities.dll" id="16a1a879-45cf-1490-8c23-327d80e9cd75">
      <TestCategory>
        <TestCategoryItem TestCategory="Entities" />
        <TestCategoryItem TestCategory="SystemIntegration" />
      </TestCategory>
      <Execution id="d2df6681-e2c9-4672-ab45-211f85006bb6" />
      <TestMethod codeBase="F:\ETWork\bin\Tests\SysIntgTests.iCore.Common.Entities.dll" adapterTypeName="Microsoft.VisualStudio.TestTools.TestTypes.Unit.UnitTestAdapter" className="SysIntgTests.iCore.Common.Entities.NodeAttributeTypeTests" name="Update_WhitespaceOnlyName_ThrowsStringLengthErrorException" />
    </UnitTest>
    <UnitTest name="Update_TooLongName_ThrowsStringLengthErrorException" storage="f:\etwork\bin\tests\sysintgtests.icore.common.entities.dll" id="b54808ec-6b05-9244-9dae-3cbe76518d1c">
      <TestCategory>
        <TestCategoryItem TestCategory="Entities" />
        <TestCategoryItem TestCategory="SystemIntegration" />
      </TestCategory>
      <Execution id="d961edee-39e4-4845-917b-99b1a7714c5c" />
      <TestMethod codeBase="F:\ETWork\bin\Tests\SysIntgTests.iCore.Common.Entities.dll" adapterTypeName="Microsoft.VisualStudio.TestTools.TestTypes.Unit.UnitTestAdapter" className="SysIntgTests.iCore.Common.Entities.NodeAttributeTypeTests" name="Update_TooLongName_ThrowsStringLengthErrorException" />
    </UnitTest>
    <UnitTest name="Update_LongDescription_Succeeds" storage="f:\etwork\bin\tests\sysintgtests.icore.common.entities.dll" id="8fe0d8b7-94c0-039f-1b75-dc7550e4391f">
      <TestCategory>
        <TestCategoryItem TestCategory="Entities" />
        <TestCategoryItem TestCategory="SystemIntegration" />
      </TestCategory>
      <Execution id="8b26b240-f349-44b6-8f16-52a1a42c8f54" />
      <TestMethod codeBase="F:\ETWork\bin\Tests\SysIntgTests.iCore.Common.Entities.dll" adapterTypeName="Microsoft.VisualStudio.TestTools.TestTypes.Unit.UnitTestAdapter" className="SysIntgTests.iCore.Common.Entities.NodeAttributeTypeTests" name="Update_LongDescription_Succeeds" />
    </UnitTest>
    <UnitTest name="Update_DuplicateName_ThrowsUniqueValueAddConflictException" storage="f:\etwork\bin\tests\sysintgtests.icore.common.entities.dll" id="dca953c3-578e-abf7-4720-d7eba2421373">
      <TestCategory>
        <TestCategoryItem TestCategory="Entities" />
        <TestCategoryItem TestCategory="SystemIntegration" />
      </TestCategory>
      <Execution id="4258d2bb-215c-47f9-aea7-8f1e30cb0e14" />
      <TestMethod codeBase="F:\ETWork\bin\Tests\SysIntgTests.iCore.Common.Entities.dll" adapterTypeName="Microsoft.VisualStudio.TestTools.TestTypes.Unit.UnitTestAdapter" className="SysIntgTests.iCore.Common.Entities.NodeAttributeTypeTests" name="Update_DuplicateName_ThrowsUniqueValueAddConflictException" />
    </UnitTest>
    <UnitTest name="Update_ComplexProperties_ArePersistedCorrectly" storage="f:\etwork\bin\tests\sysintgtests.icore.common.entities.dll" id="3af5218d-141a-dc87-15c9-97091e292fbb">
      <TestCategory>
        <TestCategoryItem TestCategory="Entities" />
        <TestCategoryItem TestCategory="SystemIntegration" />
      </TestCategory>
      <Execution id="73077fc9-f245-4f9d-8525-02c5557a3dcc" />
      <TestMethod codeBase="F:\ETWork\bin\Tests\SysIntgTests.iCore.Common.Entities.dll" adapterTypeName="Microsoft.VisualStudio.TestTools.TestTypes.Unit.UnitTestAdapter" className="SysIntgTests.iCore.Common.Entities.NodeAttributeTypeTests" name="Update_ComplexProperties_ArePersistedCorrectly" />
    </UnitTest>
    <UnitTest name="Update_UnchangedName_Succeeds" storage="f:\etwork\bin\tests\sysintgtests.icore.common.entities.dll" id="17792a1e-6ae1-a380-22ca-9d00bda7bb92">
      <TestCategory>
        <TestCategoryItem TestCategory="Entities" />
        <TestCategoryItem TestCategory="SystemIntegration" />
      </TestCategory>
      <Execution id="ed2f5d10-fc8a-4875-b002-f2a6aaf94b3e" />
      <TestMethod codeBase="F:\ETWork\bin\Tests\SysIntgTests.iCore.Common.Entities.dll" adapterTypeName="Microsoft.VisualStudio.TestTools.TestTypes.Unit.UnitTestAdapter" className="SysIntgTests.iCore.Common.Entities.NodeAttributeTypeTests" name="Update_UnchangedName_Succeeds" />
    </UnitTest>
    <UnitTest name="Update_IsProtectedChangedAndUserIsDeveloper_Succeeds" storage="f:\etwork\bin\tests\sysintgtests.icore.common.entities.dll" id="1ca77365-f99f-7acc-8631-a32278e1fa3e">
      <TestCategory>
        <TestCategoryItem TestCategory="Entities" />
        <TestCategoryItem TestCategory="SystemIntegration" />
      </TestCategory>
      <Execution id="516e2d9f-5444-4d8b-a6c2-bf2cae017ad2" />
      <TestMethod codeBase="F:\ETWork\bin\Tests\SysIntgTests.iCore.Common.Entities.dll" adapterTypeName="Microsoft.VisualStudio.TestTools.TestTypes.Unit.UnitTestAdapter" className="SysIntgTests.iCore.Common.Entities.NodeAttributeTypeTests" name="Update_IsProtectedChangedAndUserIsDeveloper_Succeeds" />
    </UnitTest>
    <UnitTest name="Update_IsProtectedChangedAndUserIsAdministrator_Throws" storage="f:\etwork\bin\tests\sysintgtests.icore.common.entities.dll" id="c40928a9-d4d4-2832-7987-057de5446340">
      <TestCategory>
        <TestCategoryItem TestCategory="Entities" />
        <TestCategoryItem TestCategory="SystemIntegration" />
      </TestCategory>
      <Execution id="6025b11f-8bea-4202-a936-120f1d530765" />
      <TestMethod codeBase="F:\ETWork\bin\Tests\SysIntgTests.iCore.Common.Entities.dll" adapterTypeName="Microsoft.VisualStudio.TestTools.TestTypes.Unit.UnitTestAdapter" className="SysIntgTests.iCore.Common.Entities.NodeAttributeTypeTests" name="Update_IsProtectedChangedAndUserIsAdministrator_Throws" />
    </UnitTest>
    <UnitTest name="Update_IsProtectedChangedAndUserIsUser_Throws" storage="f:\etwork\bin\tests\sysintgtests.icore.common.entities.dll" id="29ac9858-412e-4ae1-3520-02ec51644727">
      <TestCategory>
        <TestCategoryItem TestCategory="Entities" />
        <TestCategoryItem TestCategory="SystemIntegration" />
      </TestCategory>
      <Execution id="c29e80d1-8064-4251-ab71-a9a299738dcd" />
      <TestMethod codeBase="F:\ETWork\bin\Tests\SysIntgTests.iCore.Common.Entities.dll" adapterTypeName="Microsoft.VisualStudio.TestTools.TestTypes.Unit.UnitTestAdapter" className="SysIntgTests.iCore.Common.Entities.NodeAttributeTypeTests" name="Update_IsProtectedChangedAndUserIsUser_Throws" />
    </UnitTest>
    <UnitTest name="Update_IsProtectedChangedAndUserIsViewer_Throws" storage="f:\etwork\bin\tests\sysintgtests.icore.common.entities.dll" id="3af342a9-098f-274d-2705-a781d5cfdc25">
      <TestCategory>
        <TestCategoryItem TestCategory="Entities" />
        <TestCategoryItem TestCategory="SystemIntegration" />
      </TestCategory>
      <Execution id="75ee08eb-215c-4f76-b109-16931e14f928" />
      <TestMethod codeBase="F:\ETWork\bin\Tests\SysIntgTests.iCore.Common.Entities.dll" adapterTypeName="Microsoft.VisualStudio.TestTools.TestTypes.Unit.UnitTestAdapter" className="SysIntgTests.iCore.Common.Entities.NodeAttributeTypeTests" name="Update_IsProtectedChangedAndUserIsViewer_Throws" />
    </UnitTest>
    <UnitTest name="Update_IsProtectedNotChangedAndUserIsDeveloper_Succeeds" storage="f:\etwork\bin\tests\sysintgtests.icore.common.entities.dll" id="1858260f-8573-5da8-fe4b-343800fdecfc">
      <TestCategory>
        <TestCategoryItem TestCategory="Entities" />
        <TestCategoryItem TestCategory="SystemIntegration" />
      </TestCategory>
      <Execution id="8f838744-14d0-413f-b638-ea65a7890964" />
      <TestMethod codeBase="F:\ETWork\bin\Tests\SysIntgTests.iCore.Common.Entities.dll" adapterTypeName="Microsoft.VisualStudio.TestTools.TestTypes.Unit.UnitTestAdapter" className="SysIntgTests.iCore.Common.Entities.NodeAttributeTypeTests" name="Update_IsProtectedNotChangedAndUserIsDeveloper_Succeeds" />
    </UnitTest>
    <UnitTest name="Update_IsProtectedNotChangedAndUserIsAdministrator_Succeeds" storage="f:\etwork\bin\tests\sysintgtests.icore.common.entities.dll" id="a31d3dcc-f743-d8e4-34c1-a45ee8c9743e">
      <TestCategory>
        <TestCategoryItem TestCategory="Entities" />
        <TestCategoryItem TestCategory="SystemIntegration" />
      </TestCategory>
      <Execution id="9e1d1589-c6ab-4990-83c9-70ec78f43777" />
      <TestMethod codeBase="F:\ETWork\bin\Tests\SysIntgTests.iCore.Common.Entities.dll" adapterTypeName="Microsoft.VisualStudio.TestTools.TestTypes.Unit.UnitTestAdapter" className="SysIntgTests.iCore.Common.Entities.NodeAttributeTypeTests" name="Update_IsProtectedNotChangedAndUserIsAdministrator_Succeeds" />
    </UnitTest>
    <UnitTest name="Update_IsProtectedNotChangedAndUserIsUser_Succeeds" storage="f:\etwork\bin\tests\sysintgtests.icore.common.entities.dll" id="51dbe341-389c-3dc2-326b-e389bee66eaa">
      <TestCategory>
        <TestCategoryItem TestCategory="Entities" />
        <TestCategoryItem TestCategory="SystemIntegration" />
      </TestCategory>
      <Execution id="bbb092e2-f621-4a86-90d8-3514dbc34e25" />
      <TestMethod codeBase="F:\ETWork\bin\Tests\SysIntgTests.iCore.Common.Entities.dll" adapterTypeName="Microsoft.VisualStudio.TestTools.TestTypes.Unit.UnitTestAdapter" className="SysIntgTests.iCore.Common.Entities.NodeAttributeTypeTests" name="Update_IsProtectedNotChangedAndUserIsUser_Succeeds" />
    </UnitTest>
    <UnitTest name="Update_IsProtectedNotChangedAndUserIsViewer_Succeeds" storage="f:\etwork\bin\tests\sysintgtests.icore.common.entities.dll" id="96c5a626-0c9e-24c9-da28-784ee01de797">
      <TestCategory>
        <TestCategoryItem TestCategory="Entities" />
        <TestCategoryItem TestCategory="SystemIntegration" />
      </TestCategory>
      <Execution id="edba2637-ab0a-4b2a-a75f-d17ad7390093" />
      <TestMethod codeBase="F:\ETWork\bin\Tests\SysIntgTests.iCore.Common.Entities.dll" adapterTypeName="Microsoft.VisualStudio.TestTools.TestTypes.Unit.UnitTestAdapter" className="SysIntgTests.iCore.Common.Entities.NodeAttributeTypeTests" name="Update_IsProtectedNotChangedAndUserIsViewer_Succeeds" />
    </UnitTest>
    <UnitTest name="SetAttributeValue_ExistingProtectedFloatAttributeWithIntegerGenericTypeArgument_ReturnsCorrectValue" storage="f:\etwork\bin\tests\sysintgtests.icore.common.entities.dll" id="c81b1f0c-45a7-b0c9-e39f-434442405563">
      <TestCategory>
        <TestCategoryItem TestCategory="Entities" />
        <TestCategoryItem TestCategory="SystemIntegration" />
      </TestCategory>
      <Execution id="04a2c0e5-c60e-4a0b-a833-08c735eeeb28" />
      <TestMethod codeBase="F:\ETWork\bin\Tests\SysIntgTests.iCore.Common.Entities.dll" adapterTypeName="Microsoft.VisualStudio.TestTools.TestTypes.Unit.UnitTestAdapter" className="SysIntgTests.iCore.Common.Entities.NodeTests" name="SetAttributeValue_ExistingProtectedFloatAttributeWithIntegerGenericTypeArgument_ReturnsCorrectValue" />
    </UnitTest>
    <UnitTest name="Validate_UpdateOnProtectedChangedAttributeUserDoesNotHaveRestrictedOperationDataAccess_Throws" storage="f:\etwork\bin\tests\sysintgtests.icore.common.entities.dll" id="7ab8157f-abef-d70d-f3e0-7bde8de8c6d6">
      <TestCategory>
        <TestCategoryItem TestCategory="Entities" />
        <TestCategoryItem TestCategory="SystemIntegration" />
      </TestCategory>
      <Execution id="ce1f76ab-d1c5-45e0-987e-74ac9bdf89ed" />
      <TestMethod codeBase="F:\ETWork\bin\Tests\SysIntgTests.iCore.Common.Entities.dll" adapterTypeName="Microsoft.VisualStudio.TestTools.TestTypes.Unit.UnitTestAdapter" className="SysIntgTests.iCore.Common.Entities.NodeTests" name="Validate_UpdateOnProtectedChangedAttributeUserDoesNotHaveRestrictedOperationDataAccess_Throws" />
    </UnitTest>
    <UnitTest name="Validate_UpdateOnProtectedChangedAttributeUserHaveRestrictedOperationDataAccess_Success" storage="f:\etwork\bin\tests\sysintgtests.icore.common.entities.dll" id="9bb42ebb-0977-b76e-b82e-5b53529af40a">
      <TestCategory>
        <TestCategoryItem TestCategory="Entities" />
        <TestCategoryItem TestCategory="SystemIntegration" />
      </TestCategory>
      <Execution id="ba70ef15-e9a8-44c3-8f94-59c48d3de320" />
      <TestMethod codeBase="F:\ETWork\bin\Tests\SysIntgTests.iCore.Common.Entities.dll" adapterTypeName="Microsoft.VisualStudio.TestTools.TestTypes.Unit.UnitTestAdapter" className="SysIntgTests.iCore.Common.Entities.NodeTests" name="Validate_UpdateOnProtectedChangedAttributeUserHaveRestrictedOperationDataAccess_Success" />
    </UnitTest>
    <UnitTest name="Validate_UnmodifiedProtectedAttributeTypeUserDoesNotHaveRestrictedOperationModifyProtectableConcurrentUpdateOfIsProtected_Success" storage="f:\etwork\bin\tests\sysintgtests.icore.common.entities.dll" id="3b3d728d-b53b-ea44-3e46-f5f290810f92">
      <TestCategory>
        <TestCategoryItem TestCategory="Entities" />
        <TestCategoryItem TestCategory="SystemIntegration" />
      </TestCategory>
      <Execution id="95526268-5ab1-4bde-9ab6-ebf7f7d03e46" />
      <TestMethod codeBase="F:\ETWork\bin\Tests\SysIntgTests.iCore.Common.Entities.dll" adapterTypeName="Microsoft.VisualStudio.TestTools.TestTypes.Unit.UnitTestAdapter" className="SysIntgTests.iCore.Common.Entities.NodeTests" name="Validate_UnmodifiedProtectedAttributeTypeUserDoesNotHaveRestrictedOperationModifyProtectableConcurrentUpdateOfIsProtected_Success" />
    </UnitTest>
    <UnitTest name="Validate_UnmodifiedProtectedAttributeUserDoesNotHaveRestrictedOperationDataAccessConcurrentUpdateOfValue_Success" storage="f:\etwork\bin\tests\sysintgtests.icore.common.entities.dll" id="8a47d559-cdcb-be16-2204-00ebafa32e86">
      <TestCategory>
        <TestCategoryItem TestCategory="Entities" />
        <TestCategoryItem TestCategory="SystemIntegration" />
      </TestCategory>
      <Execution id="12a3046c-ed77-4e67-ad1b-89997ab054cc" />
      <TestMethod codeBase="F:\ETWork\bin\Tests\SysIntgTests.iCore.Common.Entities.dll" adapterTypeName="Microsoft.VisualStudio.TestTools.TestTypes.Unit.UnitTestAdapter" className="SysIntgTests.iCore.Common.Entities.NodeTests" name="Validate_UnmodifiedProtectedAttributeUserDoesNotHaveRestrictedOperationDataAccessConcurrentUpdateOfValue_Success" />
    </UnitTest>
    <UnitTest name="SetAttributeValue_ProtectionPerformanceTest_Success" storage="f:\etwork\bin\tests\sysintgtests.icore.common.entities.dll" id="0aa5604c-dd81-6e1b-5e5d-6ac42c1640e6">
      <TestCategory>
        <TestCategoryItem TestCategory="SystemIntegration" />
        <TestCategoryItem TestCategory="Performance Test" />
        <TestCategoryItem TestCategory="Entities" />
      </TestCategory>
      <Execution id="cdfc1b03-d385-4530-b0eb-5acd854c2a72" />
      <TestMethod codeBase="F:\ETWork\bin\Tests\SysIntgTests.iCore.Common.Entities.dll" adapterTypeName="Microsoft.VisualStudio.TestTools.TestTypes.Unit.UnitTestAdapter" className="SysIntgTests.iCore.Common.Entities.NodeTests" name="SetAttributeValue_ProtectionPerformanceTest_Success" />
    </UnitTest>
    <UnitTest name="SetAttributeValue_ProtectionPerformanceTestWithRuntimeService_Success" storage="f:\etwork\bin\tests\sysintgtests.icore.common.entities.dll" id="20b00f6d-795b-72e6-d280-017ca56c376f">
      <TestCategory>
        <TestCategoryItem TestCategory="SystemIntegration" />
        <TestCategoryItem TestCategory="Performance Test" />
        <TestCategoryItem TestCategory="Entities" />
      </TestCategory>
      <Execution id="efbed1a9-27e0-4ff3-ac92-781f0e7fc57b" />
      <TestMethod codeBase="F:\ETWork\bin\Tests\SysIntgTests.iCore.Common.Entities.dll" adapterTypeName="Microsoft.VisualStudio.TestTools.TestTypes.Unit.UnitTestAdapter" className="SysIntgTests.iCore.Common.Entities.NodeTests" name="SetAttributeValue_ProtectionPerformanceTestWithRuntimeService_Success" />
    </UnitTest>
    <UnitTest name="GetAttributeValue_ProtectionPerformanceTest_Success" storage="f:\etwork\bin\tests\sysintgtests.icore.common.entities.dll" id="590df3ac-1bc8-5523-9a37-5feb10bf8581">
      <TestCategory>
        <TestCategoryItem TestCategory="SystemIntegration" />
        <TestCategoryItem TestCategory="Performance Test" />
        <TestCategoryItem TestCategory="Entities" />
      </TestCategory>
      <Execution id="14b90b2c-ca7a-4b2e-8246-d2880e1a0dbf" />
      <TestMethod codeBase="F:\ETWork\bin\Tests\SysIntgTests.iCore.Common.Entities.dll" adapterTypeName="Microsoft.VisualStudio.TestTools.TestTypes.Unit.UnitTestAdapter" className="SysIntgTests.iCore.Common.Entities.NodeTests" name="GetAttributeValue_ProtectionPerformanceTest_Success" />
    </UnitTest>
    <UnitTest name="GetAttributeValue_ProtectionPerformanceTestWithRuntimeService_Success" storage="f:\etwork\bin\tests\sysintgtests.icore.common.entities.dll" id="c4a48ca7-bdda-62aa-ea7f-bfde3760e59a">
      <TestCategory>
        <TestCategoryItem TestCategory="SystemIntegration" />
        <TestCategoryItem TestCategory="Performance Test" />
        <TestCategoryItem TestCategory="Entities" />
      </TestCategory>
      <Execution id="4f0329a5-2a7f-443a-bb1d-09da767f296c" />
      <TestMethod codeBase="F:\ETWork\bin\Tests\SysIntgTests.iCore.Common.Entities.dll" adapterTypeName="Microsoft.VisualStudio.TestTools.TestTypes.Unit.UnitTestAdapter" className="SysIntgTests.iCore.Common.Entities.NodeTests" name="GetAttributeValue_ProtectionPerformanceTestWithRuntimeService_Success" />
    </UnitTest>
    <UnitTest name="Update_NullName_SetsNameEmpty" storage="f:\etwork\bin\tests\sysintgtests.icore.common.entities.dll" id="cb42b49c-fe5b-637b-97aa-367f6e520a81">
      <TestCategory>
        <TestCategoryItem TestCategory="Entities" />
        <TestCategoryItem TestCategory="SystemIntegration" />
      </TestCategory>
      <Execution id="272ceb62-36f3-4242-9d89-a74142b719df" />
      <TestMethod codeBase="F:\ETWork\bin\Tests\SysIntgTests.iCore.Common.Entities.dll" adapterTypeName="Microsoft.VisualStudio.TestTools.TestTypes.Unit.UnitTestAdapter" className="SysIntgTests.iCore.Common.Entities.NodeTests" name="Update_NullName_SetsNameEmpty" />
    </UnitTest>
    <UnitTest name="Update_EmtpyName_Succeeds" storage="f:\etwork\bin\tests\sysintgtests.icore.common.entities.dll" id="82e6d77e-70d0-934d-707e-cf3893cfdfef">
      <TestCategory>
        <TestCategoryItem TestCategory="Entities" />
        <TestCategoryItem TestCategory="SystemIntegration" />
      </TestCategory>
      <Execution id="808245f1-2fea-4a1e-b2d0-261fb77592ce" />
      <TestMethod codeBase="F:\ETWork\bin\Tests\SysIntgTests.iCore.Common.Entities.dll" adapterTypeName="Microsoft.VisualStudio.TestTools.TestTypes.Unit.UnitTestAdapter" className="SysIntgTests.iCore.Common.Entities.NodeTests" name="Update_EmtpyName_Succeeds" />
    </UnitTest>
    <UnitTest name="Update_EmtpyName_ThrowsNotSupportedException" storage="f:\etwork\bin\tests\sysintgtests.icore.common.entities.dll" id="205d31be-7fe6-4405-a826-12c16da359a5">
      <TestCategory>
        <TestCategoryItem TestCategory="Entities" />
        <TestCategoryItem TestCategory="SystemIntegration" />
      </TestCategory>
      <Execution id="f011ddbe-1eff-4e60-9c2c-6e22a2edf3e9" />
      <TestMethod codeBase="F:\ETWork\bin\Tests\SysIntgTests.iCore.Common.Entities.dll" adapterTypeName="Microsoft.VisualStudio.TestTools.TestTypes.Unit.UnitTestAdapter" className="SysIntgTests.iCore.Common.Entities.NodeTests" name="Update_EmtpyName_ThrowsNotSupportedException" />
    </UnitTest>
    <UnitTest name="Update_TooLongName_ThrowsStringLengthErrorException" storage="f:\etwork\bin\tests\sysintgtests.icore.common.entities.dll" id="34ce35e8-35cf-04f8-b980-333879e1a8a1">
      <TestCategory>
        <TestCategoryItem TestCategory="Entities" />
        <TestCategoryItem TestCategory="SystemIntegration" />
      </TestCategory>
      <Execution id="2951c0ec-097a-46f3-9efd-2949d3258dd2" />
      <TestMethod codeBase="F:\ETWork\bin\Tests\SysIntgTests.iCore.Common.Entities.dll" adapterTypeName="Microsoft.VisualStudio.TestTools.TestTypes.Unit.UnitTestAdapter" className="SysIntgTests.iCore.Common.Entities.NodeTests" name="Update_TooLongName_ThrowsStringLengthErrorException" />
    </UnitTest>
    <UnitTest name="Update_ComplexProperties_ArePersistedCorrectly" storage="f:\etwork\bin\tests\sysintgtests.icore.common.entities.dll" id="21969340-7963-d6d7-b9c2-ab2e455dc0b4">
      <TestCategory>
        <TestCategoryItem TestCategory="Entities" />
        <TestCategoryItem TestCategory="SystemIntegration" />
      </TestCategory>
      <Execution id="d329381c-a09e-4b2b-8e98-bbdbefdbad8d" />
      <TestMethod codeBase="F:\ETWork\bin\Tests\SysIntgTests.iCore.Common.Entities.dll" adapterTypeName="Microsoft.VisualStudio.TestTools.TestTypes.Unit.UnitTestAdapter" className="SysIntgTests.iCore.Common.Entities.NodeTests" name="Update_ComplexProperties_ArePersistedCorrectly" />
    </UnitTest>
    <UnitTest name="Update_Retain_SucceedsAndDoesNotChangeModifiedDate" storage="f:\etwork\bin\tests\sysintgtests.icore.common.entities.dll" id="0cb2f16b-8138-6711-8092-06aa88dfed09">
      <TestCategory>
        <TestCategoryItem TestCategory="Entities" />
        <TestCategoryItem TestCategory="SystemIntegration" />
      </TestCategory>
      <Execution id="670ef3a4-cda8-49f1-a8f9-1b684ddb309f" />
      <TestMethod codeBase="F:\ETWork\bin\Tests\SysIntgTests.iCore.Common.Entities.dll" adapterTypeName="Microsoft.VisualStudio.TestTools.TestTypes.Unit.UnitTestAdapter" className="SysIntgTests.iCore.Common.Entities.NodeTests" name="Update_Retain_SucceedsAndDoesNotChangeModifiedDate" />
    </UnitTest>
    <UnitTest name="UpdateAllAttributes_ComplexProperties_Success" storage="f:\etwork\bin\tests\sysintgtests.icore.common.entities.dll" id="d971ed2e-686e-1157-683f-245a615f9656">
      <TestCategory>
        <TestCategoryItem TestCategory="Entities" />
        <TestCategoryItem TestCategory="SystemIntegration" />
      </TestCategory>
      <Execution id="58d78ad6-afc2-46f0-9a62-198c0aa7a6a2" />
      <TestMethod codeBase="F:\ETWork\bin\Tests\SysIntgTests.iCore.Common.Entities.dll" adapterTypeName="Microsoft.VisualStudio.TestTools.TestTypes.Unit.UnitTestAdapter" className="SysIntgTests.iCore.Common.Entities.NodeTests" name="UpdateAllAttributes_ComplexProperties_Success" />
    </UnitTest>
    <UnitTest name="ListIsProtected_ComplexProperties_ReturnsProtectedTypes" storage="f:\etwork\bin\tests\sysintgtests.icore.common.entities.dll" id="5be8907c-1635-11f0-f1e9-a4aa95fe650e">
      <TestCategory>
        <TestCategoryItem TestCategory="Entities" />
        <TestCategoryItem TestCategory="SystemIntegration" />
      </TestCategory>
      <Execution id="f874203b-3a9b-4fff-85b5-fe799b1913b1" />
      <TestMethod codeBase="F:\ETWork\bin\Tests\SysIntgTests.iCore.Common.Entities.dll" adapterTypeName="Microsoft.VisualStudio.TestTools.TestTypes.Unit.UnitTestAdapter" className="SysIntgTests.iCore.Common.Entities.NodeTests" name="ListIsProtected_ComplexProperties_ReturnsProtectedTypes" />
    </UnitTest>
    <UnitTest name="TrackedPropertyStates_AttributeTypeFetchedFromRepository_AllStatesAreFalse" storage="f:\etwork\bin\tests\sysintgtests.icore.common.entities.dll" id="4e4db924-816a-7419-cc3e-0573833d8df3">
      <TestCategory>
        <TestCategoryItem TestCategory="Entities" />
        <TestCategoryItem TestCategory="SystemIntegration" />
      </TestCategory>
      <Execution id="15b32b12-85fe-4f77-92df-c1e2c6110aa3" />
      <TestMethod codeBase="F:\ETWork\bin\Tests\SysIntgTests.iCore.Common.Entities.dll" adapterTypeName="Microsoft.VisualStudio.TestTools.TestTypes.Unit.UnitTestAdapter" className="SysIntgTests.iCore.Common.Entities.NodeTests" name="TrackedPropertyStates_AttributeTypeFetchedFromRepository_AllStatesAreFalse" />
    </UnitTest>
    <UnitTest name="TrackedPropertyStates_AttributeTypeFetchedFromRepository_ThereIsOneTrackedProperty" storage="f:\etwork\bin\tests\sysintgtests.icore.common.entities.dll" id="6fd25452-916a-573e-e52c-d7e02929ba26">
      <TestCategory>
        <TestCategoryItem TestCategory="Entities" />
        <TestCategoryItem TestCategory="SystemIntegration" />
      </TestCategory>
      <Execution id="c21b59c7-576a-4109-8902-dd00a036e1b7" />
      <TestMethod codeBase="F:\ETWork\bin\Tests\SysIntgTests.iCore.Common.Entities.dll" adapterTypeName="Microsoft.VisualStudio.TestTools.TestTypes.Unit.UnitTestAdapter" className="SysIntgTests.iCore.Common.Entities.NodeTests" name="TrackedPropertyStates_AttributeTypeFetchedFromRepository_ThereIsOneTrackedProperty" />
    </UnitTest>
    <UnitTest name="TrackedPropertyStates_IsProtectedIsChangedOnAttributeType_IsProtectedStateIsTrue" storage="f:\etwork\bin\tests\sysintgtests.icore.common.entities.dll" id="7c3323b5-6fa5-8727-2276-f7a9685506f0">
      <TestCategory>
        <TestCategoryItem TestCategory="Entities" />
        <TestCategoryItem TestCategory="SystemIntegration" />
      </TestCategory>
      <Execution id="dc015f61-dd72-4d06-ac73-c09ff5521d5f" />
      <TestMethod codeBase="F:\ETWork\bin\Tests\SysIntgTests.iCore.Common.Entities.dll" adapterTypeName="Microsoft.VisualStudio.TestTools.TestTypes.Unit.UnitTestAdapter" className="SysIntgTests.iCore.Common.Entities.NodeTests" name="TrackedPropertyStates_IsProtectedIsChangedOnAttributeType_IsProtectedStateIsTrue" />
    </UnitTest>
    <UnitTest name="TrackedPropertyStates_IsProtectedIsSetWithSameValueOnAttributeType_IsProtectedStateIsFalse" storage="f:\etwork\bin\tests\sysintgtests.icore.common.entities.dll" id="a42468cf-09d6-e366-4cc5-3d728c246069">
      <TestCategory>
        <TestCategoryItem TestCategory="Entities" />
        <TestCategoryItem TestCategory="SystemIntegration" />
      </TestCategory>
      <Execution id="0c14e92b-4696-46d0-b855-d16d59be3014" />
      <TestMethod codeBase="F:\ETWork\bin\Tests\SysIntgTests.iCore.Common.Entities.dll" adapterTypeName="Microsoft.VisualStudio.TestTools.TestTypes.Unit.UnitTestAdapter" className="SysIntgTests.iCore.Common.Entities.NodeTests" name="TrackedPropertyStates_IsProtectedIsSetWithSameValueOnAttributeType_IsProtectedStateIsFalse" />
    </UnitTest>
    <UnitTest name="TrackedPropertyStates_IsProtectedIsSetWithNewValueThenSameValueOnAttributeType_IsProtectedStateIsTrue" storage="f:\etwork\bin\tests\sysintgtests.icore.common.entities.dll" id="6de21e75-5f9e-26fc-f354-477f474d85a3">
      <TestCategory>
        <TestCategoryItem TestCategory="Entities" />
        <TestCategoryItem TestCategory="SystemIntegration" />
      </TestCategory>
      <Execution id="a80fe5e2-52e7-4cd4-816f-5a9ac629b7f8" />
      <TestMethod codeBase="F:\ETWork\bin\Tests\SysIntgTests.iCore.Common.Entities.dll" adapterTypeName="Microsoft.VisualStudio.TestTools.TestTypes.Unit.UnitTestAdapter" className="SysIntgTests.iCore.Common.Entities.NodeTests" name="TrackedPropertyStates_IsProtectedIsSetWithNewValueThenSameValueOnAttributeType_IsProtectedStateIsTrue" />
    </UnitTest>
    <UnitTest name="TrackedPropertyStates_IsProtectedIsChangedOnAttributeTypeThenUpdated_IsProtectedStateIsFalse" storage="f:\etwork\bin\tests\sysintgtests.icore.common.entities.dll" id="f1b728e2-44f9-13a3-d1d4-3d98ab75def8">
      <TestCategory>
        <TestCategoryItem TestCategory="Entities" />
        <TestCategoryItem TestCategory="SystemIntegration" />
      </TestCategory>
      <Execution id="692a4e6e-4ae8-4ef5-8a36-672ec9417c33" />
      <TestMethod codeBase="F:\ETWork\bin\Tests\SysIntgTests.iCore.Common.Entities.dll" adapterTypeName="Microsoft.VisualStudio.TestTools.TestTypes.Unit.UnitTestAdapter" className="SysIntgTests.iCore.Common.Entities.NodeTests" name="TrackedPropertyStates_IsProtectedIsChangedOnAttributeTypeThenUpdated_IsProtectedStateIsFalse" />
    </UnitTest>
    <UnitTest name="TrackedPropertyStates_OnAttributeValueFetchedFromRepository_AllStatesAreFalse" storage="f:\etwork\bin\tests\sysintgtests.icore.common.entities.dll" id="14f1bb4b-c147-a69e-a6dd-06685a9833c8">
      <TestCategory>
        <TestCategoryItem TestCategory="Entities" />
        <TestCategoryItem TestCategory="SystemIntegration" />
      </TestCategory>
      <Execution id="8e2683e0-7393-43c5-ac40-4f6f55a4536a" />
      <TestMethod codeBase="F:\ETWork\bin\Tests\SysIntgTests.iCore.Common.Entities.dll" adapterTypeName="Microsoft.VisualStudio.TestTools.TestTypes.Unit.UnitTestAdapter" className="SysIntgTests.iCore.Common.Entities.NodeTests" name="TrackedPropertyStates_OnAttributeValueFetchedFromRepository_AllStatesAreFalse" />
    </UnitTest>
    <UnitTest name="TrackedPropertyStates_OnAttributeValueFetchedFromRepository_ThereIsOneTrackedProperty" storage="f:\etwork\bin\tests\sysintgtests.icore.common.entities.dll" id="725d6fd6-2ea6-b7fb-5630-a25d707fced7">
      <TestCategory>
        <TestCategoryItem TestCategory="Entities" />
        <TestCategoryItem TestCategory="SystemIntegration" />
      </TestCategory>
      <Execution id="034fc71f-b153-49bd-8345-c5ad23742806" />
      <TestMethod codeBase="F:\ETWork\bin\Tests\SysIntgTests.iCore.Common.Entities.dll" adapterTypeName="Microsoft.VisualStudio.TestTools.TestTypes.Unit.UnitTestAdapter" className="SysIntgTests.iCore.Common.Entities.NodeTests" name="TrackedPropertyStates_OnAttributeValueFetchedFromRepository_ThereIsOneTrackedProperty" />
    </UnitTest>
    <UnitTest name="TrackedPropertyStates_ValueIsChangedOnAttributeValue_ValuesStateIsTrue" storage="f:\etwork\bin\tests\sysintgtests.icore.common.entities.dll" id="26eb7c3e-66f6-a4ab-5bbb-b6a75fbc9c52">
      <TestCategory>
        <TestCategoryItem TestCategory="Entities" />
        <TestCategoryItem TestCategory="SystemIntegration" />
      </TestCategory>
      <Execution id="271f57a8-e037-4a80-92c8-025c2f31c9b1" />
      <TestMethod codeBase="F:\ETWork\bin\Tests\SysIntgTests.iCore.Common.Entities.dll" adapterTypeName="Microsoft.VisualStudio.TestTools.TestTypes.Unit.UnitTestAdapter" className="SysIntgTests.iCore.Common.Entities.NodeTests" name="TrackedPropertyStates_ValueIsChangedOnAttributeValue_ValuesStateIsTrue" />
    </UnitTest>
    <UnitTest name="TrackedPropertyStates_StringValueIsSetWithSameValueOnAttributeValue_ValuesStateIsFalse" storage="f:\etwork\bin\tests\sysintgtests.icore.common.entities.dll" id="587dcf75-959e-7492-a47d-b238363cd13a">
      <TestCategory>
        <TestCategoryItem TestCategory="Entities" />
        <TestCategoryItem TestCategory="SystemIntegration" />
      </TestCategory>
      <Execution id="a8cbaff8-3de8-42b7-ab64-2a7f8e61775c" />
      <TestMethod codeBase="F:\ETWork\bin\Tests\SysIntgTests.iCore.Common.Entities.dll" adapterTypeName="Microsoft.VisualStudio.TestTools.TestTypes.Unit.UnitTestAdapter" className="SysIntgTests.iCore.Common.Entities.NodeTests" name="TrackedPropertyStates_StringValueIsSetWithSameValueOnAttributeValue_ValuesStateIsFalse" />
    </UnitTest>
    <UnitTest name="TrackedPropertyStates_IntegerValueIsSetWithSameValueOnAttributeValue_ValuesStateIsFalse" storage="f:\etwork\bin\tests\sysintgtests.icore.common.entities.dll" id="883a1ce2-da5c-0891-2f95-c9b577fe6e81">
      <TestCategory>
        <TestCategoryItem TestCategory="Entities" />
        <TestCategoryItem TestCategory="SystemIntegration" />
      </TestCategory>
      <Execution id="8f42cc29-739d-4ea5-a5bd-348082e2515b" />
      <TestMethod codeBase="F:\ETWork\bin\Tests\SysIntgTests.iCore.Common.Entities.dll" adapterTypeName="Microsoft.VisualStudio.TestTools.TestTypes.Unit.UnitTestAdapter" className="SysIntgTests.iCore.Common.Entities.NodeTests" name="TrackedPropertyStates_IntegerValueIsSetWithSameValueOnAttributeValue_ValuesStateIsFalse" />
    </UnitTest>
    <UnitTest name="TrackedPropertyStates_FloatValueIsSetWithSameValueOnAttributeValue_ValuesStateIsFalse" storage="f:\etwork\bin\tests\sysintgtests.icore.common.entities.dll" id="272f5ef6-f6f8-9718-6ebf-1be74fb84855">
      <TestCategory>
        <TestCategoryItem TestCategory="Entities" />
        <TestCategoryItem TestCategory="SystemIntegration" />
      </TestCategory>
      <Execution id="3a3e634f-0bf7-4dde-b6ae-7adedf13eebb" />
      <TestMethod codeBase="F:\ETWork\bin\Tests\SysIntgTests.iCore.Common.Entities.dll" adapterTypeName="Microsoft.VisualStudio.TestTools.TestTypes.Unit.UnitTestAdapter" className="SysIntgTests.iCore.Common.Entities.NodeTests" name="TrackedPropertyStates_FloatValueIsSetWithSameValueOnAttributeValue_ValuesStateIsFalse" />
    </UnitTest>
    <UnitTest name="TrackedPropertyStates_ValueIsChangedOnAttributeValueThenUpdated_ValuesStateIsFalse" storage="f:\etwork\bin\tests\sysintgtests.icore.common.entities.dll" id="8e63da65-bc12-52f3-c971-0568de98d20f">
      <TestCategory>
        <TestCategoryItem TestCategory="Entities" />
        <TestCategoryItem TestCategory="SystemIntegration" />
      </TestCategory>
      <Execution id="33af344f-a25d-4d03-94b0-dcb98492795c" />
      <TestMethod codeBase="F:\ETWork\bin\Tests\SysIntgTests.iCore.Common.Entities.dll" adapterTypeName="Microsoft.VisualStudio.TestTools.TestTypes.Unit.UnitTestAdapter" className="SysIntgTests.iCore.Common.Entities.NodeTests" name="TrackedPropertyStates_ValueIsChangedOnAttributeValueThenUpdated_ValuesStateIsFalse" />
    </UnitTest>
    <UnitTest name="TrackedPropertyStates_ValueIsChangedOnAttributeValueAttributeNotProtectedSystemEncrypted_ValuesStateIsTrue" storage="f:\etwork\bin\tests\sysintgtests.icore.common.entities.dll" id="3e2e0e04-4ec3-e946-64e5-e997b6c28b86">
      <TestCategory>
        <TestCategoryItem TestCategory="Entities" />
        <TestCategoryItem TestCategory="SystemIntegration" />
      </TestCategory>
      <Execution id="83627fd8-1879-44cd-8128-3f4504c85920" />
      <TestMethod codeBase="F:\ETWork\bin\Tests\SysIntgTests.iCore.Common.Entities.dll" adapterTypeName="Microsoft.VisualStudio.TestTools.TestTypes.Unit.UnitTestAdapter" className="SysIntgTests.iCore.Common.Entities.NodeTests" name="TrackedPropertyStates_ValueIsChangedOnAttributeValueAttributeNotProtectedSystemEncrypted_ValuesStateIsTrue" />
    </UnitTest>
    <UnitTest name="TrackedPropertyStates_ValueIsChangedOnAttributeValueAttributeProtectedSystemEncrypted_ValuesStateIsTrue" storage="f:\etwork\bin\tests\sysintgtests.icore.common.entities.dll" id="218fc7cd-f63e-ef89-ae91-ce7d7fe6449b">
      <TestCategory>
        <TestCategoryItem TestCategory="Entities" />
        <TestCategoryItem TestCategory="SystemIntegration" />
      </TestCategory>
      <Execution id="40d233db-3924-4f70-96c0-05b370d3c118" />
      <TestMethod codeBase="F:\ETWork\bin\Tests\SysIntgTests.iCore.Common.Entities.dll" adapterTypeName="Microsoft.VisualStudio.TestTools.TestTypes.Unit.UnitTestAdapter" className="SysIntgTests.iCore.Common.Entities.NodeTests" name="TrackedPropertyStates_ValueIsChangedOnAttributeValueAttributeProtectedSystemEncrypted_ValuesStateIsTrue" />
    </UnitTest>
    <UnitTest name="GetRelations_ParentWhereRelationExists_RelationFound" storage="f:\etwork\bin\tests\sysintgtests.icore.common.entities.dll" id="a9ff4d77-7078-3259-f439-00a66e539524">
      <TestCategory>
        <TestCategoryItem TestCategory="Entities" />
        <TestCategoryItem TestCategory="SystemIntegration" />
      </TestCategory>
      <Execution id="c0929d8c-fb9a-46f2-b354-f02486ff382a" />
      <TestMethod codeBase="F:\ETWork\bin\Tests\SysIntgTests.iCore.Common.Entities.dll" adapterTypeName="Microsoft.VisualStudio.TestTools.TestTypes.Unit.UnitTestAdapter" className="SysIntgTests.iCore.Common.Entities.NodeTests" name="GetRelations_ParentWhereRelationExists_RelationFound" />
    </UnitTest>
    <UnitTest name="GetRelations_ParentWhereRelationDoesNotExists_NoRelationFound" storage="f:\etwork\bin\tests\sysintgtests.icore.common.entities.dll" id="5b767cbc-7611-3350-eb5a-21f2f3bfead5">
      <TestCategory>
        <TestCategoryItem TestCategory="Entities" />
        <TestCategoryItem TestCategory="SystemIntegration" />
      </TestCategory>
      <Execution id="a6e1e42a-39c7-4214-9cef-5ddea45bfd24" />
      <TestMethod codeBase="F:\ETWork\bin\Tests\SysIntgTests.iCore.Common.Entities.dll" adapterTypeName="Microsoft.VisualStudio.TestTools.TestTypes.Unit.UnitTestAdapter" className="SysIntgTests.iCore.Common.Entities.NodeTests" name="GetRelations_ParentWhereRelationDoesNotExists_NoRelationFound" />
    </UnitTest>
    <UnitTest name="GetRelations_ChildWhereRelationsExists_RelationsFound" storage="f:\etwork\bin\tests\sysintgtests.icore.common.entities.dll" id="da8d8063-7fa8-4078-28c6-b806c21158e1">
      <TestCategory>
        <TestCategoryItem TestCategory="Entities" />
        <TestCategoryItem TestCategory="SystemIntegration" />
      </TestCategory>
      <Execution id="824227a4-d089-418a-a66a-461f7049f5c8" />
      <TestMethod codeBase="F:\ETWork\bin\Tests\SysIntgTests.iCore.Common.Entities.dll" adapterTypeName="Microsoft.VisualStudio.TestTools.TestTypes.Unit.UnitTestAdapter" className="SysIntgTests.iCore.Common.Entities.NodeTests" name="GetRelations_ChildWhereRelationsExists_RelationsFound" />
    </UnitTest>
    <UnitTest name="GetRelations_ChildWhereRelationDoesNotExists_NoRelationFound" storage="f:\etwork\bin\tests\sysintgtests.icore.common.entities.dll" id="473f98f8-b3a3-703b-de24-43d9c1c64fdb">
      <TestCategory>
        <TestCategoryItem TestCategory="Entities" />
        <TestCategoryItem TestCategory="SystemIntegration" />
      </TestCategory>
      <Execution id="ffa2d1d8-66b7-4612-a2fe-5b44f279a05a" />
      <TestMethod codeBase="F:\ETWork\bin\Tests\SysIntgTests.iCore.Common.Entities.dll" adapterTypeName="Microsoft.VisualStudio.TestTools.TestTypes.Unit.UnitTestAdapter" className="SysIntgTests.iCore.Common.Entities.NodeTests" name="GetRelations_ChildWhereRelationDoesNotExists_NoRelationFound" />
    </UnitTest>
    <UnitTest name="GetRelations_AssociationWhereRelationExists_RelationFound" storage="f:\etwork\bin\tests\sysintgtests.icore.common.entities.dll" id="af150cd5-118c-83c6-05f6-6ba987b20aaf">
      <TestCategory>
        <TestCategoryItem TestCategory="Entities" />
        <TestCategoryItem TestCategory="SystemIntegration" />
      </TestCategory>
      <Execution id="edb77443-8315-4c43-824a-5c2d5ab4a5d5" />
      <TestMethod codeBase="F:\ETWork\bin\Tests\SysIntgTests.iCore.Common.Entities.dll" adapterTypeName="Microsoft.VisualStudio.TestTools.TestTypes.Unit.UnitTestAdapter" className="SysIntgTests.iCore.Common.Entities.NodeTests" name="GetRelations_AssociationWhereRelationExists_RelationFound" />
    </UnitTest>
    <UnitTest name="GetRelations_AssociationWhereRelationDoesNotExists_NoRelationFound" storage="f:\etwork\bin\tests\sysintgtests.icore.common.entities.dll" id="c3c8b199-0a31-f1dd-704e-704d2b54f88d">
      <TestCategory>
        <TestCategoryItem TestCategory="Entities" />
        <TestCategoryItem TestCategory="SystemIntegration" />
      </TestCategory>
      <Execution id="31bf97b6-68b9-47b0-b7a1-92f9d2a66b07" />
      <TestMethod codeBase="F:\ETWork\bin\Tests\SysIntgTests.iCore.Common.Entities.dll" adapterTypeName="Microsoft.VisualStudio.TestTools.TestTypes.Unit.UnitTestAdapter" className="SysIntgTests.iCore.Common.Entities.NodeTests" name="GetRelations_AssociationWhereRelationDoesNotExists_NoRelationFound" />
    </UnitTest>
    <UnitTest name="GetRelations_AssociationAndParentAndChildWhereAllRelationExists_RelationFoundAndCorrectlyReturned" storage="f:\etwork\bin\tests\sysintgtests.icore.common.entities.dll" id="feaf4740-a3eb-1a25-615c-28b3917d2065">
      <TestCategory>
        <TestCategoryItem TestCategory="Entities" />
        <TestCategoryItem TestCategory="SystemIntegration" />
      </TestCategory>
      <Execution id="6190d7c8-2f96-4524-b0f7-55df2524be96" />
      <TestMethod codeBase="F:\ETWork\bin\Tests\SysIntgTests.iCore.Common.Entities.dll" adapterTypeName="Microsoft.VisualStudio.TestTools.TestTypes.Unit.UnitTestAdapter" className="SysIntgTests.iCore.Common.Entities.NodeTests" name="GetRelations_AssociationAndParentAndChildWhereAllRelationExists_RelationFoundAndCorrectlyReturned" />
    </UnitTest>
    <UnitTest name="RepositoryEntityTypeId_ReturnsNode" storage="f:\etwork\bin\tests\sysintgtests.icore.common.entities.dll" id="02f0dfb5-984e-e288-cf6f-bfb9adb31514">
      <TestCategory>
        <TestCategoryItem TestCategory="Entities" />
        <TestCategoryItem TestCategory="SystemIntegration" />
      </TestCategory>
      <Execution id="865194ce-8d86-47d6-951d-f7dd4f51999b" />
      <TestMethod codeBase="F:\ETWork\bin\Tests\SysIntgTests.iCore.Common.Entities.dll" adapterTypeName="Microsoft.VisualStudio.TestTools.TestTypes.Unit.UnitTestAdapter" className="SysIntgTests.iCore.Common.Entities.NodeTests" name="RepositoryEntityTypeId_ReturnsNode" />
    </UnitTest>
    <UnitTest name="RepositoryEntityType_ReturnsINode" storage="f:\etwork\bin\tests\sysintgtests.icore.common.entities.dll" id="b4ab231d-a982-a01b-8706-64c8f498d54a">
      <TestCategory>
        <TestCategoryItem TestCategory="Entities" />
        <TestCategoryItem TestCategory="SystemIntegration" />
      </TestCategory>
      <Execution id="b2fbd26e-8917-4095-bccd-d5bb2e51d7e8" />
      <TestMethod codeBase="F:\ETWork\bin\Tests\SysIntgTests.iCore.Common.Entities.dll" adapterTypeName="Microsoft.VisualStudio.TestTools.TestTypes.Unit.UnitTestAdapter" className="SysIntgTests.iCore.Common.Entities.NodeTests" name="RepositoryEntityType_ReturnsINode" />
    </UnitTest>
    <UnitTest name="RepositorySystemContext_MatchesActualSystemContext" storage="f:\etwork\bin\tests\sysintgtests.icore.common.entities.dll" id="8bce012e-0d23-15de-1a21-f971bd34bf4b">
      <TestCategory>
        <TestCategoryItem TestCategory="Entities" />
        <TestCategoryItem TestCategory="SystemIntegration" />
      </TestCategory>
      <Execution id="a147b0e3-e535-498b-8dbe-6f0bb95348d3" />
      <TestMethod codeBase="F:\ETWork\bin\Tests\SysIntgTests.iCore.Common.Entities.dll" adapterTypeName="Microsoft.VisualStudio.TestTools.TestTypes.Unit.UnitTestAdapter" className="SysIntgTests.iCore.Common.Entities.NodeTests" name="RepositorySystemContext_MatchesActualSystemContext" />
    </UnitTest>
    <UnitTest name="Exists_NodeAttributeTypeKey_ThrowsArgumentException" storage="f:\etwork\bin\tests\sysintgtests.icore.common.entities.dll" id="9d8116b1-be3b-7de0-19a4-6af1e9f60664">
      <TestCategory>
        <TestCategoryItem TestCategory="Entities" />
        <TestCategoryItem TestCategory="SystemIntegration" />
      </TestCategory>
      <Execution id="966f86d4-b627-4f27-8397-ad98b0b29036" />
      <TestMethod codeBase="F:\ETWork\bin\Tests\SysIntgTests.iCore.Common.Entities.dll" adapterTypeName="Microsoft.VisualStudio.TestTools.TestTypes.Unit.UnitTestAdapter" className="SysIntgTests.iCore.Common.Entities.NodeTests" name="Exists_NodeAttributeTypeKey_ThrowsArgumentException" />
    </UnitTest>
    <UnitTest name="Exists_KnownNodeKey_ReturnsTrue (Data Row 0)" storage="f:\etwork\bin\tests\sysintgtests.icore.common.entities.dll" id="94b06285-5a18-4852-abf1-fc8e73476704">
      <TestCategory>
        <TestCategoryItem TestCategory="Entities" />
        <TestCategoryItem TestCategory="SystemIntegration" />
      </TestCategory>
      <Execution id="285be5d7-aa1b-4ae3-9d59-10c2fad12e5f" />
      <TestMethod codeBase="F:\ETWork\bin\Tests\SysIntgTests.iCore.Common.Entities.dll" adapterTypeName="Microsoft.VisualStudio.TestTools.TestTypes.Unit.UnitTestAdapter" className="SysIntgTests.iCore.Common.Entities.NodeTests" name="Exists_KnownNodeKey_ReturnsTrue (Data Row 0)" />
    </UnitTest>
    <UnitTest name="Exists_KnownNodeKey_ReturnsTrue (Data Row 1)" storage="f:\etwork\bin\tests\sysintgtests.icore.common.entities.dll" id="0e917500-13b1-4bd2-87f9-0bdff73886a0">
      <TestCategory>
        <TestCategoryItem TestCategory="Entities" />
        <TestCategoryItem TestCategory="SystemIntegration" />
      </TestCategory>
      <Execution id="ef5bc95d-f925-49cc-a58e-272c5a8524a5" />
      <TestMethod codeBase="F:\ETWork\bin\Tests\SysIntgTests.iCore.Common.Entities.dll" adapterTypeName="Microsoft.VisualStudio.TestTools.TestTypes.Unit.UnitTestAdapter" className="SysIntgTests.iCore.Common.Entities.NodeTests" name="Exists_KnownNodeKey_ReturnsTrue (Data Row 1)" />
    </UnitTest>
    <UnitTest name="Exists_KnownNodeKey_ReturnsTrue (Data Row 2)" storage="f:\etwork\bin\tests\sysintgtests.icore.common.entities.dll" id="dcf40e59-2408-432a-a4b0-0319b836921e">
      <TestCategory>
        <TestCategoryItem TestCategory="Entities" />
        <TestCategoryItem TestCategory="SystemIntegration" />
      </TestCategory>
      <Execution id="6193c1c6-6aa3-4c0e-8ed8-d23c64c41e6b" />
      <TestMethod codeBase="F:\ETWork\bin\Tests\SysIntgTests.iCore.Common.Entities.dll" adapterTypeName="Microsoft.VisualStudio.TestTools.TestTypes.Unit.UnitTestAdapter" className="SysIntgTests.iCore.Common.Entities.NodeTests" name="Exists_KnownNodeKey_ReturnsTrue (Data Row 2)" />
    </UnitTest>
    <UnitTest name="Exists_KnownNodeKey_ReturnsTrue (Data Row 3)" storage="f:\etwork\bin\tests\sysintgtests.icore.common.entities.dll" id="35ae65f1-e90e-4416-8f81-846631a9e0db">
      <TestCategory>
        <TestCategoryItem TestCategory="Entities" />
        <TestCategoryItem TestCategory="SystemIntegration" />
      </TestCategory>
      <Execution id="3ad0e894-8812-4888-90d6-82576b836e70" />
      <TestMethod codeBase="F:\ETWork\bin\Tests\SysIntgTests.iCore.Common.Entities.dll" adapterTypeName="Microsoft.VisualStudio.TestTools.TestTypes.Unit.UnitTestAdapter" className="SysIntgTests.iCore.Common.Entities.NodeTests" name="Exists_KnownNodeKey_ReturnsTrue (Data Row 3)" />
    </UnitTest>
    <UnitTest name="Exists_KnownNodeKey_ReturnsTrue (Data Row 4)" storage="f:\etwork\bin\tests\sysintgtests.icore.common.entities.dll" id="e6905350-29d3-4d09-ae75-f55cb4d6403a">
      <TestCategory>
        <TestCategoryItem TestCategory="Entities" />
        <TestCategoryItem TestCategory="SystemIntegration" />
      </TestCategory>
      <Execution id="00d1aafa-6816-4c9b-936c-192145274512" />
      <TestMethod codeBase="F:\ETWork\bin\Tests\SysIntgTests.iCore.Common.Entities.dll" adapterTypeName="Microsoft.VisualStudio.TestTools.TestTypes.Unit.UnitTestAdapter" className="SysIntgTests.iCore.Common.Entities.NodeTests" name="Exists_KnownNodeKey_ReturnsTrue (Data Row 4)" />
    </UnitTest>
    <UnitTest name="Exists_NonExistingNodeKey_ReturnsFalse" storage="f:\etwork\bin\tests\sysintgtests.icore.common.entities.dll" id="7afae6e5-7277-882f-b72c-7a57ed75eb23">
      <TestCategory>
        <TestCategoryItem TestCategory="Entities" />
        <TestCategoryItem TestCategory="SystemIntegration" />
      </TestCategory>
      <Execution id="9d41d5af-948f-4610-9838-6e61cd6fd57b" />
      <TestMethod codeBase="F:\ETWork\bin\Tests\SysIntgTests.iCore.Common.Entities.dll" adapterTypeName="Microsoft.VisualStudio.TestTools.TestTypes.Unit.UnitTestAdapter" className="SysIntgTests.iCore.Common.Entities.NodeTests" name="Exists_NonExistingNodeKey_ReturnsFalse" />
    </UnitTest>
    <UnitTest name="CreateInstance_CreatesNewNode" storage="f:\etwork\bin\tests\sysintgtests.icore.common.entities.dll" id="10744765-7cea-3609-5932-e29dc02899d3">
      <Execution id="a563ff2d-e70d-43c5-92b1-d50ebebbfe82" />
      <TestMethod codeBase="F:\ETWork\bin\Tests\SysIntgTests.iCore.Common.Entities.dll" adapterTypeName="Microsoft.VisualStudio.TestTools.TestTypes.Unit.UnitTestAdapter" className="SysIntgTests.iCore.Common.Entities.NodeTests" name="CreateInstance_CreatesNewNode" />
    </UnitTest>
    <UnitTest name="List_ContainsEachKnownNodeOnce (Data Row 0)" storage="f:\etwork\bin\tests\sysintgtests.icore.common.entities.dll" id="0ed8d0a4-1448-4dac-a770-32746b9c55b6">
      <TestCategory>
        <TestCategoryItem TestCategory="Entities" />
        <TestCategoryItem TestCategory="SystemIntegration" />
      </TestCategory>
      <Execution id="882e8ab9-b1a5-4832-bd0b-6639ab081eab" />
      <TestMethod codeBase="F:\ETWork\bin\Tests\SysIntgTests.iCore.Common.Entities.dll" adapterTypeName="Microsoft.VisualStudio.TestTools.TestTypes.Unit.UnitTestAdapter" className="SysIntgTests.iCore.Common.Entities.NodeTests" name="List_ContainsEachKnownNodeOnce (Data Row 0)" />
    </UnitTest>
    <UnitTest name="List_ContainsEachKnownNodeOnce (Data Row 1)" storage="f:\etwork\bin\tests\sysintgtests.icore.common.entities.dll" id="391a9862-21a9-4205-9ccc-af99cdb6a4dc">
      <TestCategory>
        <TestCategoryItem TestCategory="Entities" />
        <TestCategoryItem TestCategory="SystemIntegration" />
      </TestCategory>
      <Execution id="f03801cb-8aa7-4682-9072-d09ab20d3553" />
      <TestMethod codeBase="F:\ETWork\bin\Tests\SysIntgTests.iCore.Common.Entities.dll" adapterTypeName="Microsoft.VisualStudio.TestTools.TestTypes.Unit.UnitTestAdapter" className="SysIntgTests.iCore.Common.Entities.NodeTests" name="List_ContainsEachKnownNodeOnce (Data Row 1)" />
    </UnitTest>
    <UnitTest name="List_ContainsEachKnownNodeOnce (Data Row 2)" storage="f:\etwork\bin\tests\sysintgtests.icore.common.entities.dll" id="c858a921-5252-4777-9795-bb800b360ee0">
      <TestCategory>
        <TestCategoryItem TestCategory="Entities" />
        <TestCategoryItem TestCategory="SystemIntegration" />
      </TestCategory>
      <Execution id="af668cd7-e13a-4493-8b15-9fe11a20e59a" />
      <TestMethod codeBase="F:\ETWork\bin\Tests\SysIntgTests.iCore.Common.Entities.dll" adapterTypeName="Microsoft.VisualStudio.TestTools.TestTypes.Unit.UnitTestAdapter" className="SysIntgTests.iCore.Common.Entities.NodeTests" name="List_ContainsEachKnownNodeOnce (Data Row 2)" />
    </UnitTest>
    <UnitTest name="List_ContainsEachKnownNodeOnce (Data Row 3)" storage="f:\etwork\bin\tests\sysintgtests.icore.common.entities.dll" id="4b10ce62-859c-44b6-9509-21d64af05db4">
      <TestCategory>
        <TestCategoryItem TestCategory="Entities" />
        <TestCategoryItem TestCategory="SystemIntegration" />
      </TestCategory>
      <Execution id="15086580-0786-4767-9486-8a508015f544" />
      <TestMethod codeBase="F:\ETWork\bin\Tests\SysIntgTests.iCore.Common.Entities.dll" adapterTypeName="Microsoft.VisualStudio.TestTools.TestTypes.Unit.UnitTestAdapter" className="SysIntgTests.iCore.Common.Entities.NodeTests" name="List_ContainsEachKnownNodeOnce (Data Row 3)" />
    </UnitTest>
    <UnitTest name="List_ContainsEachKnownNodeOnce (Data Row 4)" storage="f:\etwork\bin\tests\sysintgtests.icore.common.entities.dll" id="251048b8-af20-43dc-85c5-1c30f2477026">
      <TestCategory>
        <TestCategoryItem TestCategory="Entities" />
        <TestCategoryItem TestCategory="SystemIntegration" />
      </TestCategory>
      <Execution id="99af1806-b435-4e9f-b304-377b7bf50b99" />
      <TestMethod codeBase="F:\ETWork\bin\Tests\SysIntgTests.iCore.Common.Entities.dll" adapterTypeName="Microsoft.VisualStudio.TestTools.TestTypes.Unit.UnitTestAdapter" className="SysIntgTests.iCore.Common.Entities.NodeTests" name="List_ContainsEachKnownNodeOnce (Data Row 4)" />
    </UnitTest>
    <UnitTest name="List_ShouldSetSystemContextCorrectly" storage="f:\etwork\bin\tests\sysintgtests.icore.common.entities.dll" id="82754f7e-e96b-f794-9853-f235e04455a1">
      <TestCategory>
        <TestCategoryItem TestCategory="Entities" />
        <TestCategoryItem TestCategory="SystemIntegration" />
      </TestCategory>
      <Execution id="28629fdd-fde6-4704-a945-66336a8e420f" />
      <TestMethod codeBase="F:\ETWork\bin\Tests\SysIntgTests.iCore.Common.Entities.dll" adapterTypeName="Microsoft.VisualStudio.TestTools.TestTypes.Unit.UnitTestAdapter" className="SysIntgTests.iCore.Common.Entities.NodeTests" name="List_ShouldSetSystemContextCorrectly" />
    </UnitTest>
    <UnitTest name="GetByKey_NewGuid_ThrowsEntityNotFoundException" storage="f:\etwork\bin\tests\sysintgtests.icore.common.entities.dll" id="e296dc1b-867f-bb98-8d8e-f5a897e22b75">
      <TestCategory>
        <TestCategoryItem TestCategory="Entities" />
        <TestCategoryItem TestCategory="SystemIntegration" />
      </TestCategory>
      <Execution id="e3bc44d2-8cac-4916-b881-0d1fe23bc5d8" />
      <TestMethod codeBase="F:\ETWork\bin\Tests\SysIntgTests.iCore.Common.Entities.dll" adapterTypeName="Microsoft.VisualStudio.TestTools.TestTypes.Unit.UnitTestAdapter" className="SysIntgTests.iCore.Common.Entities.NodeTests" name="GetByKey_NewGuid_ThrowsEntityNotFoundException" />
    </UnitTest>
    <UnitTest name="GetByKey_KnownKey_ReturnsEntityWithCorrectProperties (Data Row 0)" storage="f:\etwork\bin\tests\sysintgtests.icore.common.entities.dll" id="25ecde23-91ed-40e5-bee1-daaeac0f6fa3">
      <TestCategory>
        <TestCategoryItem TestCategory="Entities" />
        <TestCategoryItem TestCategory="SystemIntegration" />
      </TestCategory>
      <Execution id="2928b5d4-ea95-4409-a0d0-30f474fc8572" />
      <TestMethod codeBase="F:\ETWork\bin\Tests\SysIntgTests.iCore.Common.Entities.dll" adapterTypeName="Microsoft.VisualStudio.TestTools.TestTypes.Unit.UnitTestAdapter" className="SysIntgTests.iCore.Common.Entities.NodeTests" name="GetByKey_KnownKey_ReturnsEntityWithCorrectProperties (Data Row 0)" />
    </UnitTest>
    <UnitTest name="GetByKey_KnownKey_ReturnsEntityWithCorrectProperties (Data Row 1)" storage="f:\etwork\bin\tests\sysintgtests.icore.common.entities.dll" id="b30db8e7-41a0-423f-a467-7ad0b3e1f3f7">
      <TestCategory>
        <TestCategoryItem TestCategory="Entities" />
        <TestCategoryItem TestCategory="SystemIntegration" />
      </TestCategory>
      <Execution id="ebe7d30e-66fe-460e-a634-c8f8ad0e7c69" />
      <TestMethod codeBase="F:\ETWork\bin\Tests\SysIntgTests.iCore.Common.Entities.dll" adapterTypeName="Microsoft.VisualStudio.TestTools.TestTypes.Unit.UnitTestAdapter" className="SysIntgTests.iCore.Common.Entities.NodeTests" name="GetByKey_KnownKey_ReturnsEntityWithCorrectProperties (Data Row 1)" />
    </UnitTest>
    <UnitTest name="GetByKey_KnownKey_ReturnsEntityWithCorrectProperties (Data Row 2)" storage="f:\etwork\bin\tests\sysintgtests.icore.common.entities.dll" id="dcb72fb1-0216-4cbe-997e-18e62608e7d6">
      <TestCategory>
        <TestCategoryItem TestCategory="Entities" />
        <TestCategoryItem TestCategory="SystemIntegration" />
      </TestCategory>
      <Execution id="2a8e3ff5-b4ef-4d7d-9cc7-20a48f3f43df" />
      <TestMethod codeBase="F:\ETWork\bin\Tests\SysIntgTests.iCore.Common.Entities.dll" adapterTypeName="Microsoft.VisualStudio.TestTools.TestTypes.Unit.UnitTestAdapter" className="SysIntgTests.iCore.Common.Entities.NodeTests" name="GetByKey_KnownKey_ReturnsEntityWithCorrectProperties (Data Row 2)" />
    </UnitTest>
    <UnitTest name="GetByKey_KnownKey_ReturnsEntityWithCorrectProperties (Data Row 3)" storage="f:\etwork\bin\tests\sysintgtests.icore.common.entities.dll" id="dcc88ec6-844c-4e8d-bf20-bf44e42ece3b">
      <TestCategory>
        <TestCategoryItem TestCategory="Entities" />
        <TestCategoryItem TestCategory="SystemIntegration" />
      </TestCategory>
      <Execution id="ee01017c-5368-40d7-a7d6-933118bff4c1" />
      <TestMethod codeBase="F:\ETWork\bin\Tests\SysIntgTests.iCore.Common.Entities.dll" adapterTypeName="Microsoft.VisualStudio.TestTools.TestTypes.Unit.UnitTestAdapter" className="SysIntgTests.iCore.Common.Entities.NodeTests" name="GetByKey_KnownKey_ReturnsEntityWithCorrectProperties (Data Row 3)" />
    </UnitTest>
    <UnitTest name="GetByKey_KnownKey_ReturnsEntityWithCorrectProperties (Data Row 4)" storage="f:\etwork\bin\tests\sysintgtests.icore.common.entities.dll" id="53435517-da44-423a-9755-e2ac83a57b26">
      <TestCategory>
        <TestCategoryItem TestCategory="Entities" />
        <TestCategoryItem TestCategory="SystemIntegration" />
      </TestCategory>
      <Execution id="f4b98a22-501a-4f48-8792-a336604fdf80" />
      <TestMethod codeBase="F:\ETWork\bin\Tests\SysIntgTests.iCore.Common.Entities.dll" adapterTypeName="Microsoft.VisualStudio.TestTools.TestTypes.Unit.UnitTestAdapter" className="SysIntgTests.iCore.Common.Entities.NodeTests" name="GetByKey_KnownKey_ReturnsEntityWithCorrectProperties (Data Row 4)" />
    </UnitTest>
    <UnitTest name="GetByKey_UnsupportedKey_ThrowsArgumentException" storage="f:\etwork\bin\tests\sysintgtests.icore.common.entities.dll" id="726c9069-d0bd-2659-793b-f61e8fa73ca2">
      <TestCategory>
        <TestCategoryItem TestCategory="Entities" />
        <TestCategoryItem TestCategory="SystemIntegration" />
      </TestCategory>
      <Execution id="564dfaa5-9fdf-4412-8536-21ac48e0dbcc" />
      <TestMethod codeBase="F:\ETWork\bin\Tests\SysIntgTests.iCore.Common.Entities.dll" adapterTypeName="Microsoft.VisualStudio.TestTools.TestTypes.Unit.UnitTestAdapter" className="SysIntgTests.iCore.Common.Entities.NodeTests" name="GetByKey_UnsupportedKey_ThrowsArgumentException" />
    </UnitTest>
    <UnitTest name="GetById_NewGuid_ThrowsEntityNotFoundException" storage="f:\etwork\bin\tests\sysintgtests.icore.common.entities.dll" id="cf6feb00-224e-4e27-e793-7fc40067dcef">
      <TestCategory>
        <TestCategoryItem TestCategory="Entities" />
        <TestCategoryItem TestCategory="SystemIntegration" />
      </TestCategory>
      <Execution id="feaba7dc-6361-474b-9f77-c5b3efe39442" />
      <TestMethod codeBase="F:\ETWork\bin\Tests\SysIntgTests.iCore.Common.Entities.dll" adapterTypeName="Microsoft.VisualStudio.TestTools.TestTypes.Unit.UnitTestAdapter" className="SysIntgTests.iCore.Common.Entities.NodeTests" name="GetById_NewGuid_ThrowsEntityNotFoundException" />
    </UnitTest>
    <UnitTest name="GetById_KnownNodeId_ReturnsEntityWithCorrectProperties (Data Row 0)" storage="f:\etwork\bin\tests\sysintgtests.icore.common.entities.dll" id="360a1ff4-f3bd-459e-a15e-30788aa7e956">
      <TestCategory>
        <TestCategoryItem TestCategory="Entities" />
        <TestCategoryItem TestCategory="SystemIntegration" />
      </TestCategory>
      <Execution id="d17bd3be-4e45-4a47-a064-bc4b3027a6e0" />
      <TestMethod codeBase="F:\ETWork\bin\Tests\SysIntgTests.iCore.Common.Entities.dll" adapterTypeName="Microsoft.VisualStudio.TestTools.TestTypes.Unit.UnitTestAdapter" className="SysIntgTests.iCore.Common.Entities.NodeTests" name="GetById_KnownNodeId_ReturnsEntityWithCorrectProperties (Data Row 0)" />
    </UnitTest>
    <UnitTest name="GetById_KnownNodeId_ReturnsEntityWithCorrectProperties (Data Row 1)" storage="f:\etwork\bin\tests\sysintgtests.icore.common.entities.dll" id="30ce385b-7b1c-407d-b62b-39d5a544986c">
      <TestCategory>
        <TestCategoryItem TestCategory="Entities" />
        <TestCategoryItem TestCategory="SystemIntegration" />
      </TestCategory>
      <Execution id="c072c182-06aa-4c5d-93cf-e679ab1810c5" />
      <TestMethod codeBase="F:\ETWork\bin\Tests\SysIntgTests.iCore.Common.Entities.dll" adapterTypeName="Microsoft.VisualStudio.TestTools.TestTypes.Unit.UnitTestAdapter" className="SysIntgTests.iCore.Common.Entities.NodeTests" name="GetById_KnownNodeId_ReturnsEntityWithCorrectProperties (Data Row 1)" />
    </UnitTest>
    <UnitTest name="GetById_KnownNodeId_ReturnsEntityWithCorrectProperties (Data Row 2)" storage="f:\etwork\bin\tests\sysintgtests.icore.common.entities.dll" id="e1579edc-2be3-4f0a-aa5b-630bf6a3a548">
      <TestCategory>
        <TestCategoryItem TestCategory="Entities" />
        <TestCategoryItem TestCategory="SystemIntegration" />
      </TestCategory>
      <Execution id="bbc91972-8195-4a92-8ad7-d7a7c3fe6753" />
      <TestMethod codeBase="F:\ETWork\bin\Tests\SysIntgTests.iCore.Common.Entities.dll" adapterTypeName="Microsoft.VisualStudio.TestTools.TestTypes.Unit.UnitTestAdapter" className="SysIntgTests.iCore.Common.Entities.NodeTests" name="GetById_KnownNodeId_ReturnsEntityWithCorrectProperties (Data Row 2)" />
    </UnitTest>
    <UnitTest name="GetById_KnownNodeId_ReturnsEntityWithCorrectProperties (Data Row 3)" storage="f:\etwork\bin\tests\sysintgtests.icore.common.entities.dll" id="f3472122-27ce-41d9-bacd-f41bb599914f">
      <TestCategory>
        <TestCategoryItem TestCategory="Entities" />
        <TestCategoryItem TestCategory="SystemIntegration" />
      </TestCategory>
      <Execution id="70407238-62e5-4403-bc15-9a7011649086" />
      <TestMethod codeBase="F:\ETWork\bin\Tests\SysIntgTests.iCore.Common.Entities.dll" adapterTypeName="Microsoft.VisualStudio.TestTools.TestTypes.Unit.UnitTestAdapter" className="SysIntgTests.iCore.Common.Entities.NodeTests" name="GetById_KnownNodeId_ReturnsEntityWithCorrectProperties (Data Row 3)" />
    </UnitTest>
    <UnitTest name="GetById_KnownNodeId_ReturnsEntityWithCorrectProperties (Data Row 4)" storage="f:\etwork\bin\tests\sysintgtests.icore.common.entities.dll" id="385d0f33-c81c-4236-b72b-03126818b8f7">
      <TestCategory>
        <TestCategoryItem TestCategory="Entities" />
        <TestCategoryItem TestCategory="SystemIntegration" />
      </TestCategory>
      <Execution id="9692ddfa-faa3-401a-854c-f8c5c9d7c200" />
      <TestMethod codeBase="F:\ETWork\bin\Tests\SysIntgTests.iCore.Common.Entities.dll" adapterTypeName="Microsoft.VisualStudio.TestTools.TestTypes.Unit.UnitTestAdapter" className="SysIntgTests.iCore.Common.Entities.NodeTests" name="GetById_KnownNodeId_ReturnsEntityWithCorrectProperties (Data Row 4)" />
    </UnitTest>
    <UnitTest name="TryGetById_NonExistingNodeId_ReturnsNull" storage="f:\etwork\bin\tests\sysintgtests.icore.common.entities.dll" id="9c41cde7-6a66-6684-4e2a-48e26ffb18b3">
      <TestCategory>
        <TestCategoryItem TestCategory="Entities" />
        <TestCategoryItem TestCategory="SystemIntegration" />
      </TestCategory>
      <Execution id="c0428514-e0d6-4fa9-97b3-6a76864cb2da" />
      <TestMethod codeBase="F:\ETWork\bin\Tests\SysIntgTests.iCore.Common.Entities.dll" adapterTypeName="Microsoft.VisualStudio.TestTools.TestTypes.Unit.UnitTestAdapter" className="SysIntgTests.iCore.Common.Entities.NodeTests" name="TryGetById_NonExistingNodeId_ReturnsNull" />
    </UnitTest>
    <UnitTest name="TryGetById_KnownNodeId_ReturnsEntityWithCorrectProperties (Data Row 0)" storage="f:\etwork\bin\tests\sysintgtests.icore.common.entities.dll" id="716f04eb-c911-468b-8d6a-6d5600024354">
      <TestCategory>
        <TestCategoryItem TestCategory="Entities" />
        <TestCategoryItem TestCategory="SystemIntegration" />
      </TestCategory>
      <Execution id="5f64958c-f2af-4616-92cd-0452684b0ed5" />
      <TestMethod codeBase="F:\ETWork\bin\Tests\SysIntgTests.iCore.Common.Entities.dll" adapterTypeName="Microsoft.VisualStudio.TestTools.TestTypes.Unit.UnitTestAdapter" className="SysIntgTests.iCore.Common.Entities.NodeTests" name="TryGetById_KnownNodeId_ReturnsEntityWithCorrectProperties (Data Row 0)" />
    </UnitTest>
    <UnitTest name="TryGetById_KnownNodeId_ReturnsEntityWithCorrectProperties (Data Row 1)" storage="f:\etwork\bin\tests\sysintgtests.icore.common.entities.dll" id="cd5798e3-b4c3-485e-851a-7dce9bc60d7b">
      <TestCategory>
        <TestCategoryItem TestCategory="Entities" />
        <TestCategoryItem TestCategory="SystemIntegration" />
      </TestCategory>
      <Execution id="f5cede13-5dc8-41ab-8568-c84d10ce66dc" />
      <TestMethod codeBase="F:\ETWork\bin\Tests\SysIntgTests.iCore.Common.Entities.dll" adapterTypeName="Microsoft.VisualStudio.TestTools.TestTypes.Unit.UnitTestAdapter" className="SysIntgTests.iCore.Common.Entities.NodeTests" name="TryGetById_KnownNodeId_ReturnsEntityWithCorrectProperties (Data Row 1)" />
    </UnitTest>
    <UnitTest name="TryGetById_KnownNodeId_ReturnsEntityWithCorrectProperties (Data Row 2)" storage="f:\etwork\bin\tests\sysintgtests.icore.common.entities.dll" id="2fce3986-d7bf-44b5-9d75-f3e502d8ac15">
      <TestCategory>
        <TestCategoryItem TestCategory="Entities" />
        <TestCategoryItem TestCategory="SystemIntegration" />
      </TestCategory>
      <Execution id="86d28cf4-aecc-4880-afe0-099e145a9f0e" />
      <TestMethod codeBase="F:\ETWork\bin\Tests\SysIntgTests.iCore.Common.Entities.dll" adapterTypeName="Microsoft.VisualStudio.TestTools.TestTypes.Unit.UnitTestAdapter" className="SysIntgTests.iCore.Common.Entities.NodeTests" name="TryGetById_KnownNodeId_ReturnsEntityWithCorrectProperties (Data Row 2)" />
    </UnitTest>
    <UnitTest name="TryGetById_KnownNodeId_ReturnsEntityWithCorrectProperties (Data Row 3)" storage="f:\etwork\bin\tests\sysintgtests.icore.common.entities.dll" id="0ffab138-0ff9-42ab-a0f7-fb23d2fa14ae">
      <TestCategory>
        <TestCategoryItem TestCategory="Entities" />
        <TestCategoryItem TestCategory="SystemIntegration" />
      </TestCategory>
      <Execution id="a5bb1950-e618-413d-bec5-6b8b0438af81" />
      <TestMethod codeBase="F:\ETWork\bin\Tests\SysIntgTests.iCore.Common.Entities.dll" adapterTypeName="Microsoft.VisualStudio.TestTools.TestTypes.Unit.UnitTestAdapter" className="SysIntgTests.iCore.Common.Entities.NodeTests" name="TryGetById_KnownNodeId_ReturnsEntityWithCorrectProperties (Data Row 3)" />
    </UnitTest>
    <UnitTest name="TryGetById_KnownNodeId_ReturnsEntityWithCorrectProperties (Data Row 4)" storage="f:\etwork\bin\tests\sysintgtests.icore.common.entities.dll" id="a54644df-0cfe-4cce-bfda-e0e02ecc9017">
      <TestCategory>
        <TestCategoryItem TestCategory="Entities" />
        <TestCategoryItem TestCategory="SystemIntegration" />
      </TestCategory>
      <Execution id="47710513-fcd4-43ba-b446-796b5729b9ba" />
      <TestMethod codeBase="F:\ETWork\bin\Tests\SysIntgTests.iCore.Common.Entities.dll" adapterTypeName="Microsoft.VisualStudio.TestTools.TestTypes.Unit.UnitTestAdapter" className="SysIntgTests.iCore.Common.Entities.NodeTests" name="TryGetById_KnownNodeId_ReturnsEntityWithCorrectProperties (Data Row 4)" />
    </UnitTest>
    <UnitTest name="TryGetByIdAsync_NonExistingNodeId_ReturnsNull" storage="f:\etwork\bin\tests\sysintgtests.icore.common.entities.dll" id="81b3dac1-498f-b50e-d649-173a90639522">
      <TestCategory>
        <TestCategoryItem TestCategory="Entities" />
        <TestCategoryItem TestCategory="SystemIntegration" />
      </TestCategory>
      <Execution id="75d3f75c-5201-4c24-af03-942d8c560d1d" />
      <TestMethod codeBase="F:\ETWork\bin\Tests\SysIntgTests.iCore.Common.Entities.dll" adapterTypeName="Microsoft.VisualStudio.TestTools.TestTypes.Unit.UnitTestAdapter" className="SysIntgTests.iCore.Common.Entities.NodeTests" name="TryGetByIdAsync_NonExistingNodeId_ReturnsNull" />
    </UnitTest>
    <UnitTest name="TryGetByIdAsync_KnownNodeId_ReturnsEntityWithCorrectProperties (Data Row 0)" storage="f:\etwork\bin\tests\sysintgtests.icore.common.entities.dll" id="2064bfef-a1f0-4813-85ad-5592d3d2064c">
      <TestCategory>
        <TestCategoryItem TestCategory="Entities" />
        <TestCategoryItem TestCategory="SystemIntegration" />
      </TestCategory>
      <Execution id="63718be5-d2d7-4bda-b431-b1eec615d229" />
      <TestMethod codeBase="F:\ETWork\bin\Tests\SysIntgTests.iCore.Common.Entities.dll" adapterTypeName="Microsoft.VisualStudio.TestTools.TestTypes.Unit.UnitTestAdapter" className="SysIntgTests.iCore.Common.Entities.NodeTests" name="TryGetByIdAsync_KnownNodeId_ReturnsEntityWithCorrectProperties (Data Row 0)" />
    </UnitTest>
    <UnitTest name="TryGetByIdAsync_KnownNodeId_ReturnsEntityWithCorrectProperties (Data Row 1)" storage="f:\etwork\bin\tests\sysintgtests.icore.common.entities.dll" id="f37e9f90-c6ab-4c77-a670-8ed53bee3d46">
      <TestCategory>
        <TestCategoryItem TestCategory="Entities" />
        <TestCategoryItem TestCategory="SystemIntegration" />
      </TestCategory>
      <Execution id="6e1d775d-5a2a-4f2b-a47c-1b8e22bff5c5" />
      <TestMethod codeBase="F:\ETWork\bin\Tests\SysIntgTests.iCore.Common.Entities.dll" adapterTypeName="Microsoft.VisualStudio.TestTools.TestTypes.Unit.UnitTestAdapter" className="SysIntgTests.iCore.Common.Entities.NodeTests" name="TryGetByIdAsync_KnownNodeId_ReturnsEntityWithCorrectProperties (Data Row 1)" />
    </UnitTest>
    <UnitTest name="TryGetByIdAsync_KnownNodeId_ReturnsEntityWithCorrectProperties (Data Row 2)" storage="f:\etwork\bin\tests\sysintgtests.icore.common.entities.dll" id="65656589-91e6-4e63-b2e3-0d11d777eb86">
      <TestCategory>
        <TestCategoryItem TestCategory="Entities" />
        <TestCategoryItem TestCategory="SystemIntegration" />
      </TestCategory>
      <Execution id="194f88aa-b267-4910-a12e-59820559679d" />
      <TestMethod codeBase="F:\ETWork\bin\Tests\SysIntgTests.iCore.Common.Entities.dll" adapterTypeName="Microsoft.VisualStudio.TestTools.TestTypes.Unit.UnitTestAdapter" className="SysIntgTests.iCore.Common.Entities.NodeTests" name="TryGetByIdAsync_KnownNodeId_ReturnsEntityWithCorrectProperties (Data Row 2)" />
    </UnitTest>
    <UnitTest name="TryGetByIdAsync_KnownNodeId_ReturnsEntityWithCorrectProperties (Data Row 3)" storage="f:\etwork\bin\tests\sysintgtests.icore.common.entities.dll" id="e4d050e2-4f76-48fe-9578-2106952714bc">
      <TestCategory>
        <TestCategoryItem TestCategory="Entities" />
        <TestCategoryItem TestCategory="SystemIntegration" />
      </TestCategory>
      <Execution id="0e3a9ae2-5572-4a93-8acb-beba2dee8387" />
      <TestMethod codeBase="F:\ETWork\bin\Tests\SysIntgTests.iCore.Common.Entities.dll" adapterTypeName="Microsoft.VisualStudio.TestTools.TestTypes.Unit.UnitTestAdapter" className="SysIntgTests.iCore.Common.Entities.NodeTests" name="TryGetByIdAsync_KnownNodeId_ReturnsEntityWithCorrectProperties (Data Row 3)" />
    </UnitTest>
    <UnitTest name="TryGetByIdAsync_KnownNodeId_ReturnsEntityWithCorrectProperties (Data Row 4)" storage="f:\etwork\bin\tests\sysintgtests.icore.common.entities.dll" id="54126b36-3aa9-4456-8005-80347fdd1b39">
      <TestCategory>
        <TestCategoryItem TestCategory="Entities" />
        <TestCategoryItem TestCategory="SystemIntegration" />
      </TestCategory>
      <Execution id="ded7517d-cdaf-49df-b38e-2a51a6f2627a" />
      <TestMethod codeBase="F:\ETWork\bin\Tests\SysIntgTests.iCore.Common.Entities.dll" adapterTypeName="Microsoft.VisualStudio.TestTools.TestTypes.Unit.UnitTestAdapter" className="SysIntgTests.iCore.Common.Entities.NodeTests" name="TryGetByIdAsync_KnownNodeId_ReturnsEntityWithCorrectProperties (Data Row 4)" />
    </UnitTest>
    <UnitTest name="GetIdsOfRelatedNodes_OnlyNonExistingNodeIds_ReturnsEmtpySequence" storage="f:\etwork\bin\tests\sysintgtests.icore.common.entities.dll" id="87a7a8a2-d01b-92cf-5abd-701ca375c334">
      <TestCategory>
        <TestCategoryItem TestCategory="Entities" />
        <TestCategoryItem TestCategory="SystemIntegration" />
      </TestCategory>
      <Execution id="d2254c70-bee4-498f-901c-261343dc3152" />
      <TestMethod codeBase="F:\ETWork\bin\Tests\SysIntgTests.iCore.Common.Entities.dll" adapterTypeName="Microsoft.VisualStudio.TestTools.TestTypes.Unit.UnitTestAdapter" className="SysIntgTests.iCore.Common.Entities.NodeTests" name="GetIdsOfRelatedNodes_OnlyNonExistingNodeIds_ReturnsEmtpySequence" />
    </UnitTest>
    <UnitTest name="GetRelatedNodes_NullNode_ThrowsArgumentNullException" storage="f:\etwork\bin\tests\sysintgtests.icore.common.entities.dll" id="c296b460-eae6-a6a5-eb7c-926fd5282cdf">
      <TestCategory>
        <TestCategoryItem TestCategory="Entities" />
        <TestCategoryItem TestCategory="SystemIntegration" />
      </TestCategory>
      <Execution id="642af956-6b11-490c-bfb1-eb5f89effaa4" />
      <TestMethod codeBase="F:\ETWork\bin\Tests\SysIntgTests.iCore.Common.Entities.dll" adapterTypeName="Microsoft.VisualStudio.TestTools.TestTypes.Unit.UnitTestAdapter" className="SysIntgTests.iCore.Common.Entities.NodeTests" name="GetRelatedNodes_NullNode_ThrowsArgumentNullException" />
    </UnitTest>
    <UnitTest name="GetRelatedNodes_ExistingNode_Association_ReturnsCorrectResult (Data Row 0)" storage="f:\etwork\bin\tests\sysintgtests.icore.common.entities.dll" id="390fccd8-abbf-486d-ba95-80d0296ed496">
      <TestCategory>
        <TestCategoryItem TestCategory="Entities" />
        <TestCategoryItem TestCategory="SystemIntegration" />
      </TestCategory>
      <Execution id="15720985-eebc-4482-b675-5169dd56f1c2" />
      <TestMethod codeBase="F:\ETWork\bin\Tests\SysIntgTests.iCore.Common.Entities.dll" adapterTypeName="Microsoft.VisualStudio.TestTools.TestTypes.Unit.UnitTestAdapter" className="SysIntgTests.iCore.Common.Entities.NodeTests" name="GetRelatedNodes_ExistingNode_Association_ReturnsCorrectResult (Data Row 0)" />
    </UnitTest>
    <UnitTest name="GetRelatedNodes_ExistingNode_Association_ReturnsCorrectResult (Data Row 1)" storage="f:\etwork\bin\tests\sysintgtests.icore.common.entities.dll" id="448c4daf-bb53-4330-8516-64e05ce93cc5">
      <TestCategory>
        <TestCategoryItem TestCategory="Entities" />
        <TestCategoryItem TestCategory="SystemIntegration" />
      </TestCategory>
      <Execution id="fc928e85-642a-417e-bf83-a19b993bedb7" />
      <TestMethod codeBase="F:\ETWork\bin\Tests\SysIntgTests.iCore.Common.Entities.dll" adapterTypeName="Microsoft.VisualStudio.TestTools.TestTypes.Unit.UnitTestAdapter" className="SysIntgTests.iCore.Common.Entities.NodeTests" name="GetRelatedNodes_ExistingNode_Association_ReturnsCorrectResult (Data Row 1)" />
    </UnitTest>
    <UnitTest name="GetRelatedNodes_ExistingNode_Association_ReturnsCorrectResult (Data Row 2)" storage="f:\etwork\bin\tests\sysintgtests.icore.common.entities.dll" id="1e432b82-3b4d-4720-bf4e-4f0c2ce0c981">
      <TestCategory>
        <TestCategoryItem TestCategory="Entities" />
        <TestCategoryItem TestCategory="SystemIntegration" />
      </TestCategory>
      <Execution id="de55a05b-4ea0-43c8-b1e2-43b53ba18f33" />
      <TestMethod codeBase="F:\ETWork\bin\Tests\SysIntgTests.iCore.Common.Entities.dll" adapterTypeName="Microsoft.VisualStudio.TestTools.TestTypes.Unit.UnitTestAdapter" className="SysIntgTests.iCore.Common.Entities.NodeTests" name="GetRelatedNodes_ExistingNode_Association_ReturnsCorrectResult (Data Row 2)" />
    </UnitTest>
    <UnitTest name="GetRelatedNodes_ExistingNode_Association_ReturnsCorrectResult (Data Row 3)" storage="f:\etwork\bin\tests\sysintgtests.icore.common.entities.dll" id="f0a98f0d-fb1f-414b-a29b-111f914912ef">
      <TestCategory>
        <TestCategoryItem TestCategory="Entities" />
        <TestCategoryItem TestCategory="SystemIntegration" />
      </TestCategory>
      <Execution id="15725b57-a2fd-4307-835a-40f74fca5ca9" />
      <TestMethod codeBase="F:\ETWork\bin\Tests\SysIntgTests.iCore.Common.Entities.dll" adapterTypeName="Microsoft.VisualStudio.TestTools.TestTypes.Unit.UnitTestAdapter" className="SysIntgTests.iCore.Common.Entities.NodeTests" name="GetRelatedNodes_ExistingNode_Association_ReturnsCorrectResult (Data Row 3)" />
    </UnitTest>
    <UnitTest name="GetRelatedNodes_ExistingNode_Association_ReturnsCorrectResult (Data Row 4)" storage="f:\etwork\bin\tests\sysintgtests.icore.common.entities.dll" id="39492483-b922-48eb-a27f-38be73caadc7">
      <TestCategory>
        <TestCategoryItem TestCategory="Entities" />
        <TestCategoryItem TestCategory="SystemIntegration" />
      </TestCategory>
      <Execution id="091fae57-07e2-4f52-9a7e-78e9d9dce402" />
      <TestMethod codeBase="F:\ETWork\bin\Tests\SysIntgTests.iCore.Common.Entities.dll" adapterTypeName="Microsoft.VisualStudio.TestTools.TestTypes.Unit.UnitTestAdapter" className="SysIntgTests.iCore.Common.Entities.NodeTests" name="GetRelatedNodes_ExistingNode_Association_ReturnsCorrectResult (Data Row 4)" />
    </UnitTest>
    <UnitTest name="Delete_ExistingNodeWithoutChildrenNonCascade_DeletesRequestedNode (Data Row 0)" storage="f:\etwork\bin\tests\sysintgtests.icore.common.entities.dll" id="d4e19f99-cf06-4f88-ba24-c9161a59e533">
      <TestCategory>
        <TestCategoryItem TestCategory="Entities" />
        <TestCategoryItem TestCategory="SystemIntegration" />
      </TestCategory>
      <Execution id="47b751d6-b0ea-462c-b523-0c57e511467d" />
      <TestMethod codeBase="F:\ETWork\bin\Tests\SysIntgTests.iCore.Common.Entities.dll" adapterTypeName="Microsoft.VisualStudio.TestTools.TestTypes.Unit.UnitTestAdapter" className="SysIntgTests.iCore.Common.Entities.NodeTests" name="Delete_ExistingNodeWithoutChildrenNonCascade_DeletesRequestedNode (Data Row 0)" />
    </UnitTest>
    <UnitTest name="Delete_ExistingNodeWithoutChildrenNonCascade_DeletesRequestedNode (Data Row 1)" storage="f:\etwork\bin\tests\sysintgtests.icore.common.entities.dll" id="e5bf3eca-457b-4bc9-b6eb-ee597a8d091c">
      <TestCategory>
        <TestCategoryItem TestCategory="Entities" />
        <TestCategoryItem TestCategory="SystemIntegration" />
      </TestCategory>
      <Execution id="332b7814-a62c-4b20-ab76-5ee83234c740" />
      <TestMethod codeBase="F:\ETWork\bin\Tests\SysIntgTests.iCore.Common.Entities.dll" adapterTypeName="Microsoft.VisualStudio.TestTools.TestTypes.Unit.UnitTestAdapter" className="SysIntgTests.iCore.Common.Entities.NodeTests" name="Delete_ExistingNodeWithoutChildrenNonCascade_DeletesRequestedNode (Data Row 1)" />
    </UnitTest>
    <UnitTest name="Delete_ExistingNodeWithoutChildrenNonCascade_DeletesRequestedNode (Data Row 2)" storage="f:\etwork\bin\tests\sysintgtests.icore.common.entities.dll" id="83e37087-ab7c-4c6e-84c6-667c6efb7f7c">
      <TestCategory>
        <TestCategoryItem TestCategory="Entities" />
        <TestCategoryItem TestCategory="SystemIntegration" />
      </TestCategory>
      <Execution id="8d2d67dc-ddd1-4154-aadb-92faea593ca4" />
      <TestMethod codeBase="F:\ETWork\bin\Tests\SysIntgTests.iCore.Common.Entities.dll" adapterTypeName="Microsoft.VisualStudio.TestTools.TestTypes.Unit.UnitTestAdapter" className="SysIntgTests.iCore.Common.Entities.NodeTests" name="Delete_ExistingNodeWithoutChildrenNonCascade_DeletesRequestedNode (Data Row 2)" />
    </UnitTest>
    <UnitTest name="Delete_ExistingNodeWithoutChildrenNonCascade_DeletesRequestedNode (Data Row 3)" storage="f:\etwork\bin\tests\sysintgtests.icore.common.entities.dll" id="5b1850dc-9e53-4c77-92be-53ee3203e8af">
      <TestCategory>
        <TestCategoryItem TestCategory="Entities" />
        <TestCategoryItem TestCategory="SystemIntegration" />
      </TestCategory>
      <Execution id="8bbc69bc-acf7-4fab-b2e2-2260d2ea0767" />
      <TestMethod codeBase="F:\ETWork\bin\Tests\SysIntgTests.iCore.Common.Entities.dll" adapterTypeName="Microsoft.VisualStudio.TestTools.TestTypes.Unit.UnitTestAdapter" className="SysIntgTests.iCore.Common.Entities.NodeTests" name="Delete_ExistingNodeWithoutChildrenNonCascade_DeletesRequestedNode (Data Row 3)" />
    </UnitTest>
    <UnitTest name="Delete_ExistingNodeWithoutChildrenNonCascade_DeletesRequestedNode (Data Row 4)" storage="f:\etwork\bin\tests\sysintgtests.icore.common.entities.dll" id="8cba13c3-3751-44ad-8158-6a9ef1037470">
      <TestCategory>
        <TestCategoryItem TestCategory="Entities" />
        <TestCategoryItem TestCategory="SystemIntegration" />
      </TestCategory>
      <Execution id="29e7ce69-0e91-4397-8afb-727ebce27ff5" />
      <TestMethod codeBase="F:\ETWork\bin\Tests\SysIntgTests.iCore.Common.Entities.dll" adapterTypeName="Microsoft.VisualStudio.TestTools.TestTypes.Unit.UnitTestAdapter" className="SysIntgTests.iCore.Common.Entities.NodeTests" name="Delete_ExistingNodeWithoutChildrenNonCascade_DeletesRequestedNode (Data Row 4)" />
    </UnitTest>
    <UnitTest name="Delete_AsIEntity_ThrowsNotSupportedException (Data Row 0)" storage="f:\etwork\bin\tests\sysintgtests.icore.common.entities.dll" id="87369f23-f717-4d72-9fee-ec3028dd84d9">
      <TestCategory>
        <TestCategoryItem TestCategory="Entities" />
        <TestCategoryItem TestCategory="SystemIntegration" />
      </TestCategory>
      <Execution id="2e0d2a11-6019-41f1-abec-1055f6cd7aca" />
      <TestMethod codeBase="F:\ETWork\bin\Tests\SysIntgTests.iCore.Common.Entities.dll" adapterTypeName="Microsoft.VisualStudio.TestTools.TestTypes.Unit.UnitTestAdapter" className="SysIntgTests.iCore.Common.Entities.NodeTests" name="Delete_AsIEntity_ThrowsNotSupportedException (Data Row 0)" />
    </UnitTest>
    <UnitTest name="Delete_AsIEntity_ThrowsNotSupportedException (Data Row 1)" storage="f:\etwork\bin\tests\sysintgtests.icore.common.entities.dll" id="d95dd6f8-ddfc-4072-a991-5ac4101b9611">
      <TestCategory>
        <TestCategoryItem TestCategory="Entities" />
        <TestCategoryItem TestCategory="SystemIntegration" />
      </TestCategory>
      <Execution id="ae3f2f96-6cfc-4242-b1fa-3006ae53a890" />
      <TestMethod codeBase="F:\ETWork\bin\Tests\SysIntgTests.iCore.Common.Entities.dll" adapterTypeName="Microsoft.VisualStudio.TestTools.TestTypes.Unit.UnitTestAdapter" className="SysIntgTests.iCore.Common.Entities.NodeTests" name="Delete_AsIEntity_ThrowsNotSupportedException (Data Row 1)" />
    </UnitTest>
    <UnitTest name="Delete_AsIEntity_ThrowsNotSupportedException (Data Row 2)" storage="f:\etwork\bin\tests\sysintgtests.icore.common.entities.dll" id="20febe5a-81b0-4060-ba8c-6c67230c54f1">
      <TestCategory>
        <TestCategoryItem TestCategory="Entities" />
        <TestCategoryItem TestCategory="SystemIntegration" />
      </TestCategory>
      <Execution id="5679ada0-4b09-4b44-9475-551062473ca1" />
      <TestMethod codeBase="F:\ETWork\bin\Tests\SysIntgTests.iCore.Common.Entities.dll" adapterTypeName="Microsoft.VisualStudio.TestTools.TestTypes.Unit.UnitTestAdapter" className="SysIntgTests.iCore.Common.Entities.NodeTests" name="Delete_AsIEntity_ThrowsNotSupportedException (Data Row 2)" />
    </UnitTest>
    <UnitTest name="Delete_AsIEntity_ThrowsNotSupportedException (Data Row 3)" storage="f:\etwork\bin\tests\sysintgtests.icore.common.entities.dll" id="503a5f3d-3721-4472-af35-9e1981ff3547">
      <TestCategory>
        <TestCategoryItem TestCategory="Entities" />
        <TestCategoryItem TestCategory="SystemIntegration" />
      </TestCategory>
      <Execution id="00f1b1c9-8c69-4c66-84be-9875e9b568ac" />
      <TestMethod codeBase="F:\ETWork\bin\Tests\SysIntgTests.iCore.Common.Entities.dll" adapterTypeName="Microsoft.VisualStudio.TestTools.TestTypes.Unit.UnitTestAdapter" className="SysIntgTests.iCore.Common.Entities.NodeTests" name="Delete_AsIEntity_ThrowsNotSupportedException (Data Row 3)" />
    </UnitTest>
    <UnitTest name="Delete_AsIEntity_ThrowsNotSupportedException (Data Row 4)" storage="f:\etwork\bin\tests\sysintgtests.icore.common.entities.dll" id="d0737c89-94c9-434d-96b3-4aa4782583ae">
      <TestCategory>
        <TestCategoryItem TestCategory="Entities" />
        <TestCategoryItem TestCategory="SystemIntegration" />
      </TestCategory>
      <Execution id="cf0092ff-eebd-4213-b508-4d7664b73a2b" />
      <TestMethod codeBase="F:\ETWork\bin\Tests\SysIntgTests.iCore.Common.Entities.dll" adapterTypeName="Microsoft.VisualStudio.TestTools.TestTypes.Unit.UnitTestAdapter" className="SysIntgTests.iCore.Common.Entities.NodeTests" name="Delete_AsIEntity_ThrowsNotSupportedException (Data Row 4)" />
    </UnitTest>
    <UnitTest name="Delete_ExistingNodeWithChildrenNonCascade_ThrowsEntityDependencyErrorException" storage="f:\etwork\bin\tests\sysintgtests.icore.common.entities.dll" id="6c5a6406-60ee-268c-8caa-10a4e4169a39">
      <TestCategory>
        <TestCategoryItem TestCategory="Entities" />
        <TestCategoryItem TestCategory="SystemIntegration" />
      </TestCategory>
      <Execution id="65223f71-ba81-46ec-b7f0-e905f9278581" />
      <TestMethod codeBase="F:\ETWork\bin\Tests\SysIntgTests.iCore.Common.Entities.dll" adapterTypeName="Microsoft.VisualStudio.TestTools.TestTypes.Unit.UnitTestAdapter" className="SysIntgTests.iCore.Common.Entities.NodeTests" name="Delete_ExistingNodeWithChildrenNonCascade_ThrowsEntityDependencyErrorException" />
    </UnitTest>
    <UnitTest name="DeleteById_CascadeWithNodeHierarchy_DeletesCorrectNodes" storage="f:\etwork\bin\tests\sysintgtests.icore.common.entities.dll" id="ae50c378-5e88-9bdf-c32c-1b6453475354">
      <TestCategory>
        <TestCategoryItem TestCategory="Entities" />
        <TestCategoryItem TestCategory="SystemIntegration" />
      </TestCategory>
      <Execution id="1938e6ee-04ad-463c-87ed-5d1292a693ea" />
      <TestMethod codeBase="F:\ETWork\bin\Tests\SysIntgTests.iCore.Common.Entities.dll" adapterTypeName="Microsoft.VisualStudio.TestTools.TestTypes.Unit.UnitTestAdapter" className="SysIntgTests.iCore.Common.Entities.NodeTests" name="DeleteById_CascadeWithNodeHierarchy_DeletesCorrectNodes" />
    </UnitTest>
    <UnitTest name="DeleteById_ExistingNodeWithoutChildrenNonCascade_DeletesRequestedNode (Data Row 0)" storage="f:\etwork\bin\tests\sysintgtests.icore.common.entities.dll" id="f7a25309-9db1-4f66-aed4-4543745cd79f">
      <TestCategory>
        <TestCategoryItem TestCategory="Entities" />
        <TestCategoryItem TestCategory="SystemIntegration" />
      </TestCategory>
      <Execution id="1e264ece-f228-4a3e-800d-38752be05351" />
      <TestMethod codeBase="F:\ETWork\bin\Tests\SysIntgTests.iCore.Common.Entities.dll" adapterTypeName="Microsoft.VisualStudio.TestTools.TestTypes.Unit.UnitTestAdapter" className="SysIntgTests.iCore.Common.Entities.NodeTests" name="DeleteById_ExistingNodeWithoutChildrenNonCascade_DeletesRequestedNode (Data Row 0)" />
    </UnitTest>
    <UnitTest name="DeleteById_ExistingNodeWithoutChildrenNonCascade_DeletesRequestedNode (Data Row 1)" storage="f:\etwork\bin\tests\sysintgtests.icore.common.entities.dll" id="d729a406-5272-4240-95ef-be92f50f7d99">
      <TestCategory>
        <TestCategoryItem TestCategory="Entities" />
        <TestCategoryItem TestCategory="SystemIntegration" />
      </TestCategory>
      <Execution id="bccba562-64c1-4242-98fd-08ac4e4c6d4e" />
      <TestMethod codeBase="F:\ETWork\bin\Tests\SysIntgTests.iCore.Common.Entities.dll" adapterTypeName="Microsoft.VisualStudio.TestTools.TestTypes.Unit.UnitTestAdapter" className="SysIntgTests.iCore.Common.Entities.NodeTests" name="DeleteById_ExistingNodeWithoutChildrenNonCascade_DeletesRequestedNode (Data Row 1)" />
    </UnitTest>
    <UnitTest name="DeleteById_ExistingNodeWithoutChildrenNonCascade_DeletesRequestedNode (Data Row 2)" storage="f:\etwork\bin\tests\sysintgtests.icore.common.entities.dll" id="ce817366-05d7-466b-911c-e61bd7f1072c">
      <TestCategory>
        <TestCategoryItem TestCategory="Entities" />
        <TestCategoryItem TestCategory="SystemIntegration" />
      </TestCategory>
      <Execution id="4be43f2d-3f29-4767-a6ba-d8d06e36ef1d" />
      <TestMethod codeBase="F:\ETWork\bin\Tests\SysIntgTests.iCore.Common.Entities.dll" adapterTypeName="Microsoft.VisualStudio.TestTools.TestTypes.Unit.UnitTestAdapter" className="SysIntgTests.iCore.Common.Entities.NodeTests" name="DeleteById_ExistingNodeWithoutChildrenNonCascade_DeletesRequestedNode (Data Row 2)" />
    </UnitTest>
    <UnitTest name="DeleteById_ExistingNodeWithoutChildrenNonCascade_DeletesRequestedNode (Data Row 3)" storage="f:\etwork\bin\tests\sysintgtests.icore.common.entities.dll" id="45f8249d-b455-441d-a5e9-caa9a4d91d06">
      <TestCategory>
        <TestCategoryItem TestCategory="Entities" />
        <TestCategoryItem TestCategory="SystemIntegration" />
      </TestCategory>
      <Execution id="613149f3-0c77-4bc2-ad5d-2ce96a44901f" />
      <TestMethod codeBase="F:\ETWork\bin\Tests\SysIntgTests.iCore.Common.Entities.dll" adapterTypeName="Microsoft.VisualStudio.TestTools.TestTypes.Unit.UnitTestAdapter" className="SysIntgTests.iCore.Common.Entities.NodeTests" name="DeleteById_ExistingNodeWithoutChildrenNonCascade_DeletesRequestedNode (Data Row 3)" />
    </UnitTest>
    <UnitTest name="DeleteById_ExistingNodeWithoutChildrenNonCascade_DeletesRequestedNode (Data Row 4)" storage="f:\etwork\bin\tests\sysintgtests.icore.common.entities.dll" id="66530246-7df1-4bba-a242-8803b9712b0d">
      <TestCategory>
        <TestCategoryItem TestCategory="Entities" />
        <TestCategoryItem TestCategory="SystemIntegration" />
      </TestCategory>
      <Execution id="acc1dabf-edcd-4ec6-a7ed-81c5bf6c7590" />
      <TestMethod codeBase="F:\ETWork\bin\Tests\SysIntgTests.iCore.Common.Entities.dll" adapterTypeName="Microsoft.VisualStudio.TestTools.TestTypes.Unit.UnitTestAdapter" className="SysIntgTests.iCore.Common.Entities.NodeTests" name="DeleteById_ExistingNodeWithoutChildrenNonCascade_DeletesRequestedNode (Data Row 4)" />
    </UnitTest>
    <UnitTest name="DeleteById_ExistingNodeWithChildrenNonCascade_ThrowsEntityDependencyErrorException" storage="f:\etwork\bin\tests\sysintgtests.icore.common.entities.dll" id="30330532-1c64-9a56-fefa-835c1c90c666">
      <TestCategory>
        <TestCategoryItem TestCategory="Entities" />
        <TestCategoryItem TestCategory="SystemIntegration" />
      </TestCategory>
      <Execution id="c93b6600-6f87-4911-995f-99db08252342" />
      <TestMethod codeBase="F:\ETWork\bin\Tests\SysIntgTests.iCore.Common.Entities.dll" adapterTypeName="Microsoft.VisualStudio.TestTools.TestTypes.Unit.UnitTestAdapter" className="SysIntgTests.iCore.Common.Entities.NodeTests" name="DeleteById_ExistingNodeWithChildrenNonCascade_ThrowsEntityDependencyErrorException" />
    </UnitTest>
    <UnitTest name="DeleteByIdThenPurge_CascadeWithNodeHierarchy_DeletesCorrectNodesAndThenPurgesTheFiles" storage="f:\etwork\bin\tests\sysintgtests.icore.common.entities.dll" id="fbe2af38-3277-009f-b5eb-cb20f5e114a0">
      <TestCategory>
        <TestCategoryItem TestCategory="Entities" />
        <TestCategoryItem TestCategory="SystemIntegration" />
      </TestCategory>
      <Execution id="e2f5b72b-b172-49ea-88d3-e4d16aef6c6e" />
      <TestMethod codeBase="F:\ETWork\bin\Tests\SysIntgTests.iCore.Common.Entities.dll" adapterTypeName="Microsoft.VisualStudio.TestTools.TestTypes.Unit.UnitTestAdapter" className="SysIntgTests.iCore.Common.Entities.NodeTests" name="DeleteByIdThenPurge_CascadeWithNodeHierarchy_DeletesCorrectNodesAndThenPurgesTheFiles" />
    </UnitTest>
    <UnitTest name="ListNonPurgedNodeIdsAsync_ListsCorrectNodes" storage="f:\etwork\bin\tests\sysintgtests.icore.common.entities.dll" id="879f1280-eaf8-fd5a-f387-f4b77c53435c">
      <TestCategory>
        <TestCategoryItem TestCategory="Entities" />
        <TestCategoryItem TestCategory="SystemIntegration" />
      </TestCategory>
      <Execution id="176b6feb-1d55-4e97-bf5b-50a1ca882fe4" />
      <TestMethod codeBase="F:\ETWork\bin\Tests\SysIntgTests.iCore.Common.Entities.dll" adapterTypeName="Microsoft.VisualStudio.TestTools.TestTypes.Unit.UnitTestAdapter" className="SysIntgTests.iCore.Common.Entities.NodeTests" name="ListNonPurgedNodeIdsAsync_ListsCorrectNodes" />
    </UnitTest>
    <UnitTest name="AddRelation_ParentToChildNoExistingRelations_Success" storage="f:\etwork\bin\tests\sysintgtests.icore.common.entities.dll" id="0958fc75-10b6-8177-7244-832553c442bf">
      <TestCategory>
        <TestCategoryItem TestCategory="Entities" />
        <TestCategoryItem TestCategory="SystemIntegration" />
      </TestCategory>
      <Execution id="08b87d36-b6a0-4d64-8586-9dc3b5573eb2" />
      <TestMethod codeBase="F:\ETWork\bin\Tests\SysIntgTests.iCore.Common.Entities.dll" adapterTypeName="Microsoft.VisualStudio.TestTools.TestTypes.Unit.UnitTestAdapter" className="SysIntgTests.iCore.Common.Entities.NodeTests" name="AddRelation_ParentToChildNoExistingRelations_Success" />
    </UnitTest>
    <UnitTest name="AddRelation_RelativeNoExistingRelations_Success" storage="f:\etwork\bin\tests\sysintgtests.icore.common.entities.dll" id="7d24e0ee-8109-fbcc-717d-10de31b7e050">
      <TestCategory>
        <TestCategoryItem TestCategory="Entities" />
        <TestCategoryItem TestCategory="SystemIntegration" />
      </TestCategory>
      <Execution id="23277d6d-4c69-4d62-b168-6c0b17361eb2" />
      <TestMethod codeBase="F:\ETWork\bin\Tests\SysIntgTests.iCore.Common.Entities.dll" adapterTypeName="Microsoft.VisualStudio.TestTools.TestTypes.Unit.UnitTestAdapter" className="SysIntgTests.iCore.Common.Entities.NodeTests" name="AddRelation_RelativeNoExistingRelations_Success" />
    </UnitTest>
    <UnitTest name="AddRelation_ParentToChildAndParentRelativeChild_Success" storage="f:\etwork\bin\tests\sysintgtests.icore.common.entities.dll" id="e07e295d-cb67-bff7-4038-94a4669131de">
      <TestCategory>
        <TestCategoryItem TestCategory="Entities" />
        <TestCategoryItem TestCategory="SystemIntegration" />
      </TestCategory>
      <Execution id="943de044-e674-4724-8962-fb99a949b4c9" />
      <TestMethod codeBase="F:\ETWork\bin\Tests\SysIntgTests.iCore.Common.Entities.dll" adapterTypeName="Microsoft.VisualStudio.TestTools.TestTypes.Unit.UnitTestAdapter" className="SysIntgTests.iCore.Common.Entities.NodeTests" name="AddRelation_ParentToChildAndParentRelativeChild_Success" />
    </UnitTest>
    <UnitTest name="AddRelation_ParentRelativeChildAndParentToChild_Success" storage="f:\etwork\bin\tests\sysintgtests.icore.common.entities.dll" id="ee11c0fc-874f-98a5-fa7a-5af74c4a89d4">
      <TestCategory>
        <TestCategoryItem TestCategory="Entities" />
        <TestCategoryItem TestCategory="SystemIntegration" />
      </TestCategory>
      <Execution id="e8b92df2-b6fe-4e09-b60a-bf40a592413f" />
      <TestMethod codeBase="F:\ETWork\bin\Tests\SysIntgTests.iCore.Common.Entities.dll" adapterTypeName="Microsoft.VisualStudio.TestTools.TestTypes.Unit.UnitTestAdapter" className="SysIntgTests.iCore.Common.Entities.NodeTests" name="AddRelation_ParentRelativeChildAndParentToChild_Success" />
    </UnitTest>
    <UnitTest name="AddRelation_TwoWayRelative_Fail" storage="f:\etwork\bin\tests\sysintgtests.icore.common.entities.dll" id="5a71d02b-a34d-2c85-ad49-7738ace3028e">
      <TestCategory>
        <TestCategoryItem TestCategory="Entities" />
        <TestCategoryItem TestCategory="SystemIntegration" />
      </TestCategory>
      <Execution id="2d1738c0-1f16-4fb1-8262-11b2cf93ba37" />
      <TestMethod codeBase="F:\ETWork\bin\Tests\SysIntgTests.iCore.Common.Entities.dll" adapterTypeName="Microsoft.VisualStudio.TestTools.TestTypes.Unit.UnitTestAdapter" className="SysIntgTests.iCore.Common.Entities.NodeTests" name="AddRelation_TwoWayRelative_Fail" />
    </UnitTest>
    <UnitTest name="AddRelation_TwoParentToChild_Success" storage="f:\etwork\bin\tests\sysintgtests.icore.common.entities.dll" id="137a085a-9212-160a-ccd2-4228156f3347">
      <TestCategory>
        <TestCategoryItem TestCategory="Entities" />
        <TestCategoryItem TestCategory="SystemIntegration" />
      </TestCategory>
      <Execution id="7cb307ba-84ad-4fd5-9893-3d10fbe1c1ed" />
      <TestMethod codeBase="F:\ETWork\bin\Tests\SysIntgTests.iCore.Common.Entities.dll" adapterTypeName="Microsoft.VisualStudio.TestTools.TestTypes.Unit.UnitTestAdapter" className="SysIntgTests.iCore.Common.Entities.NodeTests" name="AddRelation_TwoParentToChild_Success" />
    </UnitTest>
    <UnitTest name="AddRelation_TwoRelative_Success" storage="f:\etwork\bin\tests\sysintgtests.icore.common.entities.dll" id="199eee44-ef3c-f4e9-0e38-1dee1b921060">
      <TestCategory>
        <TestCategoryItem TestCategory="Entities" />
        <TestCategoryItem TestCategory="SystemIntegration" />
      </TestCategory>
      <Execution id="72c38fa1-0b67-4931-aec8-0f6881602311" />
      <TestMethod codeBase="F:\ETWork\bin\Tests\SysIntgTests.iCore.Common.Entities.dll" adapterTypeName="Microsoft.VisualStudio.TestTools.TestTypes.Unit.UnitTestAdapter" className="SysIntgTests.iCore.Common.Entities.NodeTests" name="AddRelation_TwoRelative_Success" />
    </UnitTest>
    <UnitTest name="AddRelation_ParentChildToSelf_Fails" storage="f:\etwork\bin\tests\sysintgtests.icore.common.entities.dll" id="bccf6664-a30e-fec7-673e-6800440ac496">
      <TestCategory>
        <TestCategoryItem TestCategory="Entities" />
        <TestCategoryItem TestCategory="SystemIntegration" />
      </TestCategory>
      <Execution id="d5436af8-a523-4e78-8841-154b983ae163" />
      <TestMethod codeBase="F:\ETWork\bin\Tests\SysIntgTests.iCore.Common.Entities.dll" adapterTypeName="Microsoft.VisualStudio.TestTools.TestTypes.Unit.UnitTestAdapter" className="SysIntgTests.iCore.Common.Entities.NodeTests" name="AddRelation_ParentChildToSelf_Fails" />
    </UnitTest>
    <UnitTest name="AddRelation_RelativeToSelf_Fails" storage="f:\etwork\bin\tests\sysintgtests.icore.common.entities.dll" id="82ae7624-7d01-3799-c588-a7d71f5912ba">
      <TestCategory>
        <TestCategoryItem TestCategory="Entities" />
        <TestCategoryItem TestCategory="SystemIntegration" />
      </TestCategory>
      <Execution id="3f1e87b9-ca1f-405c-abfd-adb31afd6512" />
      <TestMethod codeBase="F:\ETWork\bin\Tests\SysIntgTests.iCore.Common.Entities.dll" adapterTypeName="Microsoft.VisualStudio.TestTools.TestTypes.Unit.UnitTestAdapter" className="SysIntgTests.iCore.Common.Entities.NodeTests" name="AddRelation_RelativeToSelf_Fails" />
    </UnitTest>
    <UnitTest name="AddRelation_AddDuplicateRelative_Fails" storage="f:\etwork\bin\tests\sysintgtests.icore.common.entities.dll" id="237c2e18-09eb-156e-6c80-4a4967befb2b">
      <TestCategory>
        <TestCategoryItem TestCategory="Entities" />
        <TestCategoryItem TestCategory="SystemIntegration" />
      </TestCategory>
      <Execution id="69dca50f-d361-4dff-8a5c-94412d96bd3e" />
      <TestMethod codeBase="F:\ETWork\bin\Tests\SysIntgTests.iCore.Common.Entities.dll" adapterTypeName="Microsoft.VisualStudio.TestTools.TestTypes.Unit.UnitTestAdapter" className="SysIntgTests.iCore.Common.Entities.NodeTests" name="AddRelation_AddDuplicateRelative_Fails" />
    </UnitTest>
    <UnitTest name="AddRelation_AddDuplicateParentChild_Fails" storage="f:\etwork\bin\tests\sysintgtests.icore.common.entities.dll" id="cfd2430d-58f3-a31a-6141-e0f9c17c3e10">
      <TestCategory>
        <TestCategoryItem TestCategory="Entities" />
        <TestCategoryItem TestCategory="SystemIntegration" />
      </TestCategory>
      <Execution id="2920d7c6-c501-4e01-9870-fea62896774f" />
      <TestMethod codeBase="F:\ETWork\bin\Tests\SysIntgTests.iCore.Common.Entities.dll" adapterTypeName="Microsoft.VisualStudio.TestTools.TestTypes.Unit.UnitTestAdapter" className="SysIntgTests.iCore.Common.Entities.NodeTests" name="AddRelation_AddDuplicateParentChild_Fails" />
    </UnitTest>
    <UnitTest name="AddRelation_ManyInParallel_Succeeds" storage="f:\etwork\bin\tests\sysintgtests.icore.common.entities.dll" id="2c0f5902-5088-97fc-ba39-34ba27f0852b">
      <TestCategory>
        <TestCategoryItem TestCategory="Entities" />
        <TestCategoryItem TestCategory="SystemIntegration" />
      </TestCategory>
      <Execution id="da565934-224c-44a8-9ca8-45768a83faff" />
      <TestMethod codeBase="F:\ETWork\bin\Tests\SysIntgTests.iCore.Common.Entities.dll" adapterTypeName="Microsoft.VisualStudio.TestTools.TestTypes.Unit.UnitTestAdapter" className="SysIntgTests.iCore.Common.Entities.NodeTests" name="AddRelation_ManyInParallel_Succeeds" />
    </UnitTest>
    <UnitTest name="GetAttributeValue_ExistingIntegerAttributeWithObjectGenericTypeArgument_ReturnsCorrectValue" storage="f:\etwork\bin\tests\sysintgtests.icore.common.entities.dll" id="77cd9c00-0ff1-f247-e080-268eca7f1a3b">
      <TestCategory>
        <TestCategoryItem TestCategory="Entities" />
        <TestCategoryItem TestCategory="SystemIntegration" />
      </TestCategory>
      <Execution id="3acb8701-3680-4631-a57d-32dd2d9f1c88" />
      <TestMethod codeBase="F:\ETWork\bin\Tests\SysIntgTests.iCore.Common.Entities.dll" adapterTypeName="Microsoft.VisualStudio.TestTools.TestTypes.Unit.UnitTestAdapter" className="SysIntgTests.iCore.Common.Entities.NodeTests" name="GetAttributeValue_ExistingIntegerAttributeWithObjectGenericTypeArgument_ReturnsCorrectValue" />
    </UnitTest>
    <UnitTest name="GetAttributeValue_ExistingIntegerAttributeWithIntegerGenericTypeArgument_ReturnsCorrectValue" storage="f:\etwork\bin\tests\sysintgtests.icore.common.entities.dll" id="5f33d7a8-8cbb-d5a7-4a73-33236632ff40">
      <TestCategory>
        <TestCategoryItem TestCategory="Entities" />
        <TestCategoryItem TestCategory="SystemIntegration" />
      </TestCategory>
      <Execution id="1a6b941a-e44b-4876-8084-a6a5ec53d8f9" />
      <TestMethod codeBase="F:\ETWork\bin\Tests\SysIntgTests.iCore.Common.Entities.dll" adapterTypeName="Microsoft.VisualStudio.TestTools.TestTypes.Unit.UnitTestAdapter" className="SysIntgTests.iCore.Common.Entities.NodeTests" name="GetAttributeValue_ExistingIntegerAttributeWithIntegerGenericTypeArgument_ReturnsCorrectValue" />
    </UnitTest>
    <UnitTest name="GetAttributeValue_ExistingStringAttributeWithObjectGenericTypeArgument_ReturnsCorrectValue" storage="f:\etwork\bin\tests\sysintgtests.icore.common.entities.dll" id="671c3960-20ea-0a91-88b7-294eefdb1d50">
      <TestCategory>
        <TestCategoryItem TestCategory="Entities" />
        <TestCategoryItem TestCategory="SystemIntegration" />
      </TestCategory>
      <Execution id="016a7a15-076e-45a2-a499-feb6d7c5784c" />
      <TestMethod codeBase="F:\ETWork\bin\Tests\SysIntgTests.iCore.Common.Entities.dll" adapterTypeName="Microsoft.VisualStudio.TestTools.TestTypes.Unit.UnitTestAdapter" className="SysIntgTests.iCore.Common.Entities.NodeTests" name="GetAttributeValue_ExistingStringAttributeWithObjectGenericTypeArgument_ReturnsCorrectValue" />
    </UnitTest>
    <UnitTest name="GetAttributeValue_ExistingStringAttributeWithStringGenericTypeArgument_ReturnsCorrectValue" storage="f:\etwork\bin\tests\sysintgtests.icore.common.entities.dll" id="0a8dbf5f-3c11-0f43-1e18-f9f5c1e3d992">
      <TestCategory>
        <TestCategoryItem TestCategory="Entities" />
        <TestCategoryItem TestCategory="SystemIntegration" />
      </TestCategory>
      <Execution id="4909cc7a-60fb-427e-8258-7dcd0ecbec9d" />
      <TestMethod codeBase="F:\ETWork\bin\Tests\SysIntgTests.iCore.Common.Entities.dll" adapterTypeName="Microsoft.VisualStudio.TestTools.TestTypes.Unit.UnitTestAdapter" className="SysIntgTests.iCore.Common.Entities.NodeTests" name="GetAttributeValue_ExistingStringAttributeWithStringGenericTypeArgument_ReturnsCorrectValue" />
    </UnitTest>
    <UnitTest name="GetAttributeValue_ExistingFloatAttributeWithObjectGenericTypeArgument_ReturnsCorrectValue" storage="f:\etwork\bin\tests\sysintgtests.icore.common.entities.dll" id="59af4d4b-6945-137e-25fd-9689f84a3515">
      <TestCategory>
        <TestCategoryItem TestCategory="Entities" />
        <TestCategoryItem TestCategory="SystemIntegration" />
      </TestCategory>
      <Execution id="37f867d9-df6e-416b-91e0-07b93793b972" />
      <TestMethod codeBase="F:\ETWork\bin\Tests\SysIntgTests.iCore.Common.Entities.dll" adapterTypeName="Microsoft.VisualStudio.TestTools.TestTypes.Unit.UnitTestAdapter" className="SysIntgTests.iCore.Common.Entities.NodeTests" name="GetAttributeValue_ExistingFloatAttributeWithObjectGenericTypeArgument_ReturnsCorrectValue" />
    </UnitTest>
    <UnitTest name="GetAttributeValue_ExistingFloatAttributeWithFloatGenericTypeArgument_ReturnsCorrectValue" storage="f:\etwork\bin\tests\sysintgtests.icore.common.entities.dll" id="167a97e3-aeb5-5983-3aac-b290929f1328">
      <TestCategory>
        <TestCategoryItem TestCategory="Entities" />
        <TestCategoryItem TestCategory="SystemIntegration" />
      </TestCategory>
      <Execution id="c45d40f4-84d3-4507-a211-3f260bea9b8a" />
      <TestMethod codeBase="F:\ETWork\bin\Tests\SysIntgTests.iCore.Common.Entities.dll" adapterTypeName="Microsoft.VisualStudio.TestTools.TestTypes.Unit.UnitTestAdapter" className="SysIntgTests.iCore.Common.Entities.NodeTests" name="GetAttributeValue_ExistingFloatAttributeWithFloatGenericTypeArgument_ReturnsCorrectValue" />
    </UnitTest>
    <UnitTest name="GetAttributeValue_ExistingIntegerAttributeWithDateTimeGenericTypeArgument_ThrowsInvalidCastException" storage="f:\etwork\bin\tests\sysintgtests.icore.common.entities.dll" id="c8fe3dab-9d51-7a45-57f0-559ce1ef8359">
      <TestCategory>
        <TestCategoryItem TestCategory="Entities" />
        <TestCategoryItem TestCategory="SystemIntegration" />
      </TestCategory>
      <Execution id="670b265b-225c-4d27-86d7-c3894082a1d4" />
      <TestMethod codeBase="F:\ETWork\bin\Tests\SysIntgTests.iCore.Common.Entities.dll" adapterTypeName="Microsoft.VisualStudio.TestTools.TestTypes.Unit.UnitTestAdapter" className="SysIntgTests.iCore.Common.Entities.NodeTests" name="GetAttributeValue_ExistingIntegerAttributeWithDateTimeGenericTypeArgument_ThrowsInvalidCastException" />
    </UnitTest>
    <UnitTest name="GetAttributeValue_NonExistingAttributeValue_ThrowsEntityNotFoundException" storage="f:\etwork\bin\tests\sysintgtests.icore.common.entities.dll" id="9c7b8e84-0b19-8fdd-ceb6-9ecf10b746c5">
      <TestCategory>
        <TestCategoryItem TestCategory="Entities" />
        <TestCategoryItem TestCategory="SystemIntegration" />
      </TestCategory>
      <Execution id="24723e4a-bcb7-4124-8e5d-9c41a5494992" />
      <TestMethod codeBase="F:\ETWork\bin\Tests\SysIntgTests.iCore.Common.Entities.dll" adapterTypeName="Microsoft.VisualStudio.TestTools.TestTypes.Unit.UnitTestAdapter" className="SysIntgTests.iCore.Common.Entities.NodeTests" name="GetAttributeValue_NonExistingAttributeValue_ThrowsEntityNotFoundException" />
    </UnitTest>
    <UnitTest name="SetNodeAttributeValue_CorrectValue_Success" storage="f:\etwork\bin\tests\sysintgtests.icore.common.entities.dll" id="73a77780-c0c8-d727-dd48-193582cf6fc2">
      <TestCategory>
        <TestCategoryItem TestCategory="Entities" />
        <TestCategoryItem TestCategory="SystemIntegration" />
      </TestCategory>
      <Execution id="21b180aa-df4b-4246-8b25-9641a1f7358a" />
      <TestMethod codeBase="F:\ETWork\bin\Tests\SysIntgTests.iCore.Common.Entities.dll" adapterTypeName="Microsoft.VisualStudio.TestTools.TestTypes.Unit.UnitTestAdapter" className="SysIntgTests.iCore.Common.Entities.NodeTests" name="SetNodeAttributeValue_CorrectValue_Success" />
    </UnitTest>
    <UnitTest name="SetNodeAttributeValue_ValueIs4Kb_Success" storage="f:\etwork\bin\tests\sysintgtests.icore.common.entities.dll" id="edb162f0-c6a9-f7fb-f126-bafa646d7472">
      <TestCategory>
        <TestCategoryItem TestCategory="Entities" />
        <TestCategoryItem TestCategory="SystemIntegration" />
      </TestCategory>
      <Execution id="c1f97a71-b3e7-4c86-90eb-d003d4c7312f" />
      <TestMethod codeBase="F:\ETWork\bin\Tests\SysIntgTests.iCore.Common.Entities.dll" adapterTypeName="Microsoft.VisualStudio.TestTools.TestTypes.Unit.UnitTestAdapter" className="SysIntgTests.iCore.Common.Entities.NodeTests" name="SetNodeAttributeValue_ValueIs4Kb_Success" />
    </UnitTest>
    <UnitTest name="SetProperties_InvalidNodeId_ThrowsEntityNotFoundException" storage="f:\etwork\bin\tests\sysintgtests.icore.common.entities.dll" id="8b3295b0-e70f-6273-bdb2-5eec9b9acda9">
      <TestCategory>
        <TestCategoryItem TestCategory="Entities" />
        <TestCategoryItem TestCategory="SystemIntegration" />
      </TestCategory>
      <Execution id="658c80e1-0f35-44f0-a447-a72af7aee9c8" />
      <TestMethod codeBase="F:\ETWork\bin\Tests\SysIntgTests.iCore.Common.Entities.dll" adapterTypeName="Microsoft.VisualStudio.TestTools.TestTypes.Unit.UnitTestAdapter" className="SysIntgTests.iCore.Common.Entities.NodeTests" name="SetProperties_InvalidNodeId_ThrowsEntityNotFoundException" />
    </UnitTest>
    <UnitTest name="SetProperties_AllNullArguments_LeavesNodeUnmodified" storage="f:\etwork\bin\tests\sysintgtests.icore.common.entities.dll" id="d71d23ae-6bae-bb8b-ad12-2e93e556fa7e">
      <TestCategory>
        <TestCategoryItem TestCategory="Entities" />
        <TestCategoryItem TestCategory="SystemIntegration" />
      </TestCategory>
      <Execution id="bc6f3d73-7c0d-42f6-9bf3-47f660c1fad5" />
      <TestMethod codeBase="F:\ETWork\bin\Tests\SysIntgTests.iCore.Common.Entities.dll" adapterTypeName="Microsoft.VisualStudio.TestTools.TestTypes.Unit.UnitTestAdapter" className="SysIntgTests.iCore.Common.Entities.NodeTests" name="SetProperties_AllNullArguments_LeavesNodeUnmodified" />
    </UnitTest>
    <UnitTest name="SetProperties_NewName_UpdatesCorrectly" storage="f:\etwork\bin\tests\sysintgtests.icore.common.entities.dll" id="ec675539-241e-8518-1ec7-25a11222781c">
      <TestCategory>
        <TestCategoryItem TestCategory="Entities" />
        <TestCategoryItem TestCategory="SystemIntegration" />
      </TestCategory>
      <Execution id="1ec885f8-ca8d-4a87-87a6-d20b6cc7d264" />
      <TestMethod codeBase="F:\ETWork\bin\Tests\SysIntgTests.iCore.Common.Entities.dll" adapterTypeName="Microsoft.VisualStudio.TestTools.TestTypes.Unit.UnitTestAdapter" className="SysIntgTests.iCore.Common.Entities.NodeTests" name="SetProperties_NewName_UpdatesCorrectly" />
    </UnitTest>
    <UnitTest name="SetProperties_NewNodeTypeVersionAndRetain_UpdatesCorrectly" storage="f:\etwork\bin\tests\sysintgtests.icore.common.entities.dll" id="66893fc2-163a-d628-3b65-d4e6bf41dc2d">
      <TestCategory>
        <TestCategoryItem TestCategory="Entities" />
        <TestCategoryItem TestCategory="SystemIntegration" />
      </TestCategory>
      <Execution id="a5335d16-9a05-4c83-9de6-38106e4f0ff4" />
      <TestMethod codeBase="F:\ETWork\bin\Tests\SysIntgTests.iCore.Common.Entities.dll" adapterTypeName="Microsoft.VisualStudio.TestTools.TestTypes.Unit.UnitTestAdapter" className="SysIntgTests.iCore.Common.Entities.NodeTests" name="SetProperties_NewNodeTypeVersionAndRetain_UpdatesCorrectly" />
    </UnitTest>
    <UnitTest name="SetProperties_NewPartner_UpdatesCorrectly" storage="f:\etwork\bin\tests\sysintgtests.icore.common.entities.dll" id="304cc5ed-e193-b420-fc86-0e4da86e0319">
      <TestCategory>
        <TestCategoryItem TestCategory="Entities" />
        <TestCategoryItem TestCategory="SystemIntegration" />
      </TestCategory>
      <Execution id="6ee0cc89-0abe-4985-8641-a4949f9f56f0" />
      <TestMethod codeBase="F:\ETWork\bin\Tests\SysIntgTests.iCore.Common.Entities.dll" adapterTypeName="Microsoft.VisualStudio.TestTools.TestTypes.Unit.UnitTestAdapter" className="SysIntgTests.iCore.Common.Entities.NodeTests" name="SetProperties_NewPartner_UpdatesCorrectly" />
    </UnitTest>
    <UnitTest name="SetProperties_NewNodeType_UpdatesCorrectly" storage="f:\etwork\bin\tests\sysintgtests.icore.common.entities.dll" id="cc5397e6-f155-e71e-320f-17893e8d0bd3">
      <TestCategory>
        <TestCategoryItem TestCategory="Entities" />
        <TestCategoryItem TestCategory="SystemIntegration" />
      </TestCategory>
      <Execution id="0b02daa8-3e63-442b-83f9-1b324be2bf8e" />
      <TestMethod codeBase="F:\ETWork\bin\Tests\SysIntgTests.iCore.Common.Entities.dll" adapterTypeName="Microsoft.VisualStudio.TestTools.TestTypes.Unit.UnitTestAdapter" className="SysIntgTests.iCore.Common.Entities.NodeTests" name="SetProperties_NewNodeType_UpdatesCorrectly" />
    </UnitTest>
    <UnitTest name="SetProperties_NewNodeTypeVersion_UpdatesCorrectly" storage="f:\etwork\bin\tests\sysintgtests.icore.common.entities.dll" id="ac3d5f86-4b23-0ea1-e36d-68edbb0443c3">
      <TestCategory>
        <TestCategoryItem TestCategory="Entities" />
        <TestCategoryItem TestCategory="SystemIntegration" />
      </TestCategory>
      <Execution id="1446d2bd-4ea4-4c1c-8594-9eb065d5a614" />
      <TestMethod codeBase="F:\ETWork\bin\Tests\SysIntgTests.iCore.Common.Entities.dll" adapterTypeName="Microsoft.VisualStudio.TestTools.TestTypes.Unit.UnitTestAdapter" className="SysIntgTests.iCore.Common.Entities.NodeTests" name="SetProperties_NewNodeTypeVersion_UpdatesCorrectly" />
    </UnitTest>
    <UnitTest name="SetProperties_NewRetain_UpdatesCorrectlyAndDoesNotChangeModifiedDate" storage="f:\etwork\bin\tests\sysintgtests.icore.common.entities.dll" id="5aab9fd5-fe61-10ee-16b1-2236e3c5d17f">
      <TestCategory>
        <TestCategoryItem TestCategory="Entities" />
        <TestCategoryItem TestCategory="SystemIntegration" />
      </TestCategory>
      <Execution id="ce0513db-2b4a-497f-97d8-876bce8d26d3" />
      <TestMethod codeBase="F:\ETWork\bin\Tests\SysIntgTests.iCore.Common.Entities.dll" adapterTypeName="Microsoft.VisualStudio.TestTools.TestTypes.Unit.UnitTestAdapter" className="SysIntgTests.iCore.Common.Entities.NodeTests" name="SetProperties_NewRetain_UpdatesCorrectlyAndDoesNotChangeModifiedDate" />
    </UnitTest>
    <UnitTest name="SetProperties_NewEverything_UpdatesCorrectly" storage="f:\etwork\bin\tests\sysintgtests.icore.common.entities.dll" id="622307de-5973-6666-9a3c-1258c513bfd5">
      <TestCategory>
        <TestCategoryItem TestCategory="Entities" />
        <TestCategoryItem TestCategory="SystemIntegration" />
      </TestCategory>
      <Execution id="cdf397df-bc7b-499c-86f4-adb3a8adf4a1" />
      <TestMethod codeBase="F:\ETWork\bin\Tests\SysIntgTests.iCore.Common.Entities.dll" adapterTypeName="Microsoft.VisualStudio.TestTools.TestTypes.Unit.UnitTestAdapter" className="SysIntgTests.iCore.Common.Entities.NodeTests" name="SetProperties_NewEverything_UpdatesCorrectly" />
    </UnitTest>
    <UnitTest name="Add_NullName_SetsNameEmpty" storage="f:\etwork\bin\tests\sysintgtests.icore.common.entities.dll" id="6e33c6bb-193c-8621-f72c-57babf146f6a">
      <TestCategory>
        <TestCategoryItem TestCategory="Entities" />
        <TestCategoryItem TestCategory="SystemIntegration" />
      </TestCategory>
      <Execution id="992e407f-bb0d-488b-89ec-d738cc0795fb" />
      <TestMethod codeBase="F:\ETWork\bin\Tests\SysIntgTests.iCore.Common.Entities.dll" adapterTypeName="Microsoft.VisualStudio.TestTools.TestTypes.Unit.UnitTestAdapter" className="SysIntgTests.iCore.Common.Entities.NodeTests" name="Add_NullName_SetsNameEmpty" />
    </UnitTest>
    <UnitTest name="Add_EmptyName_Succeeds" storage="f:\etwork\bin\tests\sysintgtests.icore.common.entities.dll" id="de6f6204-f60e-d0d3-0b4f-9fc0373b6038">
      <TestCategory>
        <TestCategoryItem TestCategory="Entities" />
        <TestCategoryItem TestCategory="SystemIntegration" />
      </TestCategory>
      <Execution id="9a48e9c3-f38c-4774-8c24-d723ee41a89e" />
      <TestMethod codeBase="F:\ETWork\bin\Tests\SysIntgTests.iCore.Common.Entities.dll" adapterTypeName="Microsoft.VisualStudio.TestTools.TestTypes.Unit.UnitTestAdapter" className="SysIntgTests.iCore.Common.Entities.NodeTests" name="Add_EmptyName_Succeeds" />
    </UnitTest>
    <UnitTest name="Add_AsIEntity_TrowsNotSupportedException" storage="f:\etwork\bin\tests\sysintgtests.icore.common.entities.dll" id="8ea0dd02-6785-41e5-fa01-c66d281718e5">
      <TestCategory>
        <TestCategoryItem TestCategory="Entities" />
        <TestCategoryItem TestCategory="SystemIntegration" />
      </TestCategory>
      <Execution id="7aaed3f1-fe13-4b4b-be89-4dc93140f64d" />
      <TestMethod codeBase="F:\ETWork\bin\Tests\SysIntgTests.iCore.Common.Entities.dll" adapterTypeName="Microsoft.VisualStudio.TestTools.TestTypes.Unit.UnitTestAdapter" className="SysIntgTests.iCore.Common.Entities.NodeTests" name="Add_AsIEntity_TrowsNotSupportedException" />
    </UnitTest>
    <UnitTest name="Add_TooLongName_ThrowsStringLengthErrorException" storage="f:\etwork\bin\tests\sysintgtests.icore.common.entities.dll" id="ab30ec00-9d79-91e8-73fc-83c9a30ea7b4">
      <TestCategory>
        <TestCategoryItem TestCategory="Entities" />
        <TestCategoryItem TestCategory="SystemIntegration" />
      </TestCategory>
      <Execution id="03839a44-a9aa-4b6e-ab8e-a1b4cf21e753" />
      <TestMethod codeBase="F:\ETWork\bin\Tests\SysIntgTests.iCore.Common.Entities.dll" adapterTypeName="Microsoft.VisualStudio.TestTools.TestTypes.Unit.UnitTestAdapter" className="SysIntgTests.iCore.Common.Entities.NodeTests" name="Add_TooLongName_ThrowsStringLengthErrorException" />
    </UnitTest>
    <UnitTest name="Add_ValidProperties_IdAndTimesAreUpdatedCorrectly" storage="f:\etwork\bin\tests\sysintgtests.icore.common.entities.dll" id="2ddf9a66-c5f0-c3f4-4f55-b00c25625c4b">
      <TestCategory>
        <TestCategoryItem TestCategory="Entities" />
        <TestCategoryItem TestCategory="SystemIntegration" />
      </TestCategory>
      <Execution id="bb2d47e2-5a23-45e5-ad4b-ba83709c5ebd" />
      <TestMethod codeBase="F:\ETWork\bin\Tests\SysIntgTests.iCore.Common.Entities.dll" adapterTypeName="Microsoft.VisualStudio.TestTools.TestTypes.Unit.UnitTestAdapter" className="SysIntgTests.iCore.Common.Entities.NodeTests" name="Add_ValidProperties_IdAndTimesAreUpdatedCorrectly" />
    </UnitTest>
    <UnitTest name="Add_ComplexProperties_ArePersistedCorrectly" storage="f:\etwork\bin\tests\sysintgtests.icore.common.entities.dll" id="baed69f8-32d0-e2f8-8896-7d5d103c183b">
      <TestCategory>
        <TestCategoryItem TestCategory="Entities" />
        <TestCategoryItem TestCategory="SystemIntegration" />
      </TestCategory>
      <Execution id="ea2c4465-0f66-488a-93ab-142176b77fb9" />
      <TestMethod codeBase="F:\ETWork\bin\Tests\SysIntgTests.iCore.Common.Entities.dll" adapterTypeName="Microsoft.VisualStudio.TestTools.TestTypes.Unit.UnitTestAdapter" className="SysIntgTests.iCore.Common.Entities.NodeTests" name="Add_ComplexProperties_ArePersistedCorrectly" />
    </UnitTest>
    <UnitTest name="Add_ProtectedAttributeAndSystemSetToEncrypt_AttributesValueAddedEncryped" storage="f:\etwork\bin\tests\sysintgtests.icore.common.entities.dll" id="01fc0583-64b7-1be9-6fe1-42008b5660db">
      <TestCategory>
        <TestCategoryItem TestCategory="Entities" />
        <TestCategoryItem TestCategory="SystemIntegration" />
      </TestCategory>
      <Execution id="60c4a4c4-665b-4dbf-abbd-170a6c256a5b" />
      <TestMethod codeBase="F:\ETWork\bin\Tests\SysIntgTests.iCore.Common.Entities.dll" adapterTypeName="Microsoft.VisualStudio.TestTools.TestTypes.Unit.UnitTestAdapter" className="SysIntgTests.iCore.Common.Entities.NodeTests" name="Add_ProtectedAttributeAndSystemSetToEncrypt_AttributesValueAddedEncryped" />
    </UnitTest>
    <UnitTest name="IsProtectedChangedToTrueOnAttributeType_SystemSetToEncrypt_AttributesValueEncrypted" storage="f:\etwork\bin\tests\sysintgtests.icore.common.entities.dll" id="5fcb2095-9897-67e4-804b-eaf3ca0d0396">
      <TestCategory>
        <TestCategoryItem TestCategory="Entities" />
        <TestCategoryItem TestCategory="SystemIntegration" />
      </TestCategory>
      <Execution id="ed210ef5-08a5-4da5-968f-657dca806361" />
      <TestMethod codeBase="F:\ETWork\bin\Tests\SysIntgTests.iCore.Common.Entities.dll" adapterTypeName="Microsoft.VisualStudio.TestTools.TestTypes.Unit.UnitTestAdapter" className="SysIntgTests.iCore.Common.Entities.NodeTests" name="IsProtectedChangedToTrueOnAttributeType_SystemSetToEncrypt_AttributesValueEncrypted" />
    </UnitTest>
    <UnitTest name="IsProtectedResetToFalseOnAttributeType_SystemSetToEncrypt_AttributesValueEncrypted" storage="f:\etwork\bin\tests\sysintgtests.icore.common.entities.dll" id="c1ed354b-92dc-86e4-9f47-b938828735e3">
      <TestCategory>
        <TestCategoryItem TestCategory="Entities" />
        <TestCategoryItem TestCategory="SystemIntegration" />
      </TestCategory>
      <Execution id="b06a03db-35ef-4d42-a59e-077ad0d1b4c0" />
      <TestMethod codeBase="F:\ETWork\bin\Tests\SysIntgTests.iCore.Common.Entities.dll" adapterTypeName="Microsoft.VisualStudio.TestTools.TestTypes.Unit.UnitTestAdapter" className="SysIntgTests.iCore.Common.Entities.NodeTests" name="IsProtectedResetToFalseOnAttributeType_SystemSetToEncrypt_AttributesValueEncrypted" />
    </UnitTest>
    <UnitTest name="IsProtectedChangedToFalseOnAttributeType_SystemSetToEncrypt_AttributesValuesDecrypted" storage="f:\etwork\bin\tests\sysintgtests.icore.common.entities.dll" id="39243958-28b8-c574-0942-b3b2581bdf13">
      <TestCategory>
        <TestCategoryItem TestCategory="Entities" />
        <TestCategoryItem TestCategory="SystemIntegration" />
      </TestCategory>
      <Execution id="244dabf1-4bb4-4456-ae2a-f81469241995" />
      <TestMethod codeBase="F:\ETWork\bin\Tests\SysIntgTests.iCore.Common.Entities.dll" adapterTypeName="Microsoft.VisualStudio.TestTools.TestTypes.Unit.UnitTestAdapter" className="SysIntgTests.iCore.Common.Entities.NodeTests" name="IsProtectedChangedToFalseOnAttributeType_SystemSetToEncrypt_AttributesValuesDecrypted" />
    </UnitTest>
    <UnitTest name="ValueFromAttributeValue_ExistingProtectedStringAttribute_ReturnsCorrectValue" storage="f:\etwork\bin\tests\sysintgtests.icore.common.entities.dll" id="e1b95c04-b0d3-4080-b9a9-598c891d52ed">
      <TestCategory>
        <TestCategoryItem TestCategory="Entities" />
        <TestCategoryItem TestCategory="SystemIntegration" />
      </TestCategory>
      <Execution id="14450b92-5e65-4f44-a7bb-02c82ef23b1b" />
      <TestMethod codeBase="F:\ETWork\bin\Tests\SysIntgTests.iCore.Common.Entities.dll" adapterTypeName="Microsoft.VisualStudio.TestTools.TestTypes.Unit.UnitTestAdapter" className="SysIntgTests.iCore.Common.Entities.NodeTests" name="ValueFromAttributeValue_ExistingProtectedStringAttribute_ReturnsCorrectValue" />
    </UnitTest>
    <UnitTest name="ValueFromAttributeValue_ExistingProtectedIntegerAttribute_ReturnsCorrectValue" storage="f:\etwork\bin\tests\sysintgtests.icore.common.entities.dll" id="389ea35e-7357-4a6b-363f-111f8e44a89f">
      <TestCategory>
        <TestCategoryItem TestCategory="Entities" />
        <TestCategoryItem TestCategory="SystemIntegration" />
      </TestCategory>
      <Execution id="bc1dc759-7d3a-4a47-95ce-1c9dbaa2ea48" />
      <TestMethod codeBase="F:\ETWork\bin\Tests\SysIntgTests.iCore.Common.Entities.dll" adapterTypeName="Microsoft.VisualStudio.TestTools.TestTypes.Unit.UnitTestAdapter" className="SysIntgTests.iCore.Common.Entities.NodeTests" name="ValueFromAttributeValue_ExistingProtectedIntegerAttribute_ReturnsCorrectValue" />
    </UnitTest>
    <UnitTest name="ValueFromAttributeValue_ExistingProtectedFloatAttribute_ReturnsCorrectValue" storage="f:\etwork\bin\tests\sysintgtests.icore.common.entities.dll" id="d729c074-0409-1276-221e-c6ac3714e5bf">
      <TestCategory>
        <TestCategoryItem TestCategory="Entities" />
        <TestCategoryItem TestCategory="SystemIntegration" />
      </TestCategory>
      <Execution id="6ba635ff-bb28-4909-be2a-7a8a359c4f31" />
      <TestMethod codeBase="F:\ETWork\bin\Tests\SysIntgTests.iCore.Common.Entities.dll" adapterTypeName="Microsoft.VisualStudio.TestTools.TestTypes.Unit.UnitTestAdapter" className="SysIntgTests.iCore.Common.Entities.NodeTests" name="ValueFromAttributeValue_ExistingProtectedFloatAttribute_ReturnsCorrectValue" />
    </UnitTest>
    <UnitTest name="UpdateAllAttributes_ExistingProtectedStringAttribute_PersistsEncryptedValue" storage="f:\etwork\bin\tests\sysintgtests.icore.common.entities.dll" id="40ad9c01-0499-7957-4d1e-ce23444646e7">
      <TestCategory>
        <TestCategoryItem TestCategory="Entities" />
        <TestCategoryItem TestCategory="SystemIntegration" />
      </TestCategory>
      <Execution id="d8603821-576c-4c9d-b737-f8627f093b95" />
      <TestMethod codeBase="F:\ETWork\bin\Tests\SysIntgTests.iCore.Common.Entities.dll" adapterTypeName="Microsoft.VisualStudio.TestTools.TestTypes.Unit.UnitTestAdapter" className="SysIntgTests.iCore.Common.Entities.NodeTests" name="UpdateAllAttributes_ExistingProtectedStringAttribute_PersistsEncryptedValue" />
    </UnitTest>
    <UnitTest name="UpdateAllAttributes_ExistingProtectedIntegerAttribute_PersistsEncryptedValue" storage="f:\etwork\bin\tests\sysintgtests.icore.common.entities.dll" id="a31d66d7-58f5-7467-fdf8-09bca30941ef">
      <TestCategory>
        <TestCategoryItem TestCategory="Entities" />
        <TestCategoryItem TestCategory="SystemIntegration" />
      </TestCategory>
      <Execution id="46469da9-20db-42a0-b2f3-72fa64de983e" />
      <TestMethod codeBase="F:\ETWork\bin\Tests\SysIntgTests.iCore.Common.Entities.dll" adapterTypeName="Microsoft.VisualStudio.TestTools.TestTypes.Unit.UnitTestAdapter" className="SysIntgTests.iCore.Common.Entities.NodeTests" name="UpdateAllAttributes_ExistingProtectedIntegerAttribute_PersistsEncryptedValue" />
    </UnitTest>
    <UnitTest name="UpdateAllAttributes_ExistingProtectedFloatAttribute_PersistsEncryptedValue" storage="f:\etwork\bin\tests\sysintgtests.icore.common.entities.dll" id="aff50075-5cfe-0620-9f1c-bd1deaf58db9">
      <TestCategory>
        <TestCategoryItem TestCategory="Entities" />
        <TestCategoryItem TestCategory="SystemIntegration" />
      </TestCategory>
      <Execution id="4ee2132d-d5ba-44ec-89ff-06193dab7a83" />
      <TestMethod codeBase="F:\ETWork\bin\Tests\SysIntgTests.iCore.Common.Entities.dll" adapterTypeName="Microsoft.VisualStudio.TestTools.TestTypes.Unit.UnitTestAdapter" className="SysIntgTests.iCore.Common.Entities.NodeTests" name="UpdateAllAttributes_ExistingProtectedFloatAttribute_PersistsEncryptedValue" />
    </UnitTest>
    <UnitTest name="GetAttributeValue_ExistingProtectedStringAttributeWithIntegerGenericTypeArgument_ReturnsCorrectValue" storage="f:\etwork\bin\tests\sysintgtests.icore.common.entities.dll" id="82d2200b-8d92-b562-b993-c0d1d133a145">
      <TestCategory>
        <TestCategoryItem TestCategory="Entities" />
        <TestCategoryItem TestCategory="SystemIntegration" />
      </TestCategory>
      <Execution id="82af5578-8337-44f7-a8fe-1af61dfd5d4a" />
      <TestMethod codeBase="F:\ETWork\bin\Tests\SysIntgTests.iCore.Common.Entities.dll" adapterTypeName="Microsoft.VisualStudio.TestTools.TestTypes.Unit.UnitTestAdapter" className="SysIntgTests.iCore.Common.Entities.NodeTests" name="GetAttributeValue_ExistingProtectedStringAttributeWithIntegerGenericTypeArgument_ReturnsCorrectValue" />
    </UnitTest>
    <UnitTest name="GetAttributeValue_ExistingProtectedIntegerAttributeWithIntegerGenericTypeArgument_ReturnsCorrectValue" storage="f:\etwork\bin\tests\sysintgtests.icore.common.entities.dll" id="02c5d68f-187e-802e-e1ff-92de478a0648">
      <TestCategory>
        <TestCategoryItem TestCategory="Entities" />
        <TestCategoryItem TestCategory="SystemIntegration" />
      </TestCategory>
      <Execution id="905f0627-1ea7-4ab1-9670-bc2e18470aef" />
      <TestMethod codeBase="F:\ETWork\bin\Tests\SysIntgTests.iCore.Common.Entities.dll" adapterTypeName="Microsoft.VisualStudio.TestTools.TestTypes.Unit.UnitTestAdapter" className="SysIntgTests.iCore.Common.Entities.NodeTests" name="GetAttributeValue_ExistingProtectedIntegerAttributeWithIntegerGenericTypeArgument_ReturnsCorrectValue" />
    </UnitTest>
    <UnitTest name="GetAttributeValue_ExistingProtectedFloatAttributeWithIntegerGenericTypeArgument_ReturnsCorrectValue" storage="f:\etwork\bin\tests\sysintgtests.icore.common.entities.dll" id="2c460657-735a-c662-31da-e79932af7531">
      <TestCategory>
        <TestCategoryItem TestCategory="Entities" />
        <TestCategoryItem TestCategory="SystemIntegration" />
      </TestCategory>
      <Execution id="2aeaec13-448d-4a97-a2aa-8bd69832bb67" />
      <TestMethod codeBase="F:\ETWork\bin\Tests\SysIntgTests.iCore.Common.Entities.dll" adapterTypeName="Microsoft.VisualStudio.TestTools.TestTypes.Unit.UnitTestAdapter" className="SysIntgTests.iCore.Common.Entities.NodeTests" name="GetAttributeValue_ExistingProtectedFloatAttributeWithIntegerGenericTypeArgument_ReturnsCorrectValue" />
    </UnitTest>
    <UnitTest name="SetAttributeValue_ExistingProtectedStringAttributeWithStringGenericTypeArgument_ReturnsCorrectValue" storage="f:\etwork\bin\tests\sysintgtests.icore.common.entities.dll" id="ff99b30e-b4cc-cf2d-bc95-3e1e1a1fa2f7">
      <TestCategory>
        <TestCategoryItem TestCategory="Entities" />
        <TestCategoryItem TestCategory="SystemIntegration" />
      </TestCategory>
      <Execution id="9ef34875-6ed8-4822-9a58-ed382c613404" />
      <TestMethod codeBase="F:\ETWork\bin\Tests\SysIntgTests.iCore.Common.Entities.dll" adapterTypeName="Microsoft.VisualStudio.TestTools.TestTypes.Unit.UnitTestAdapter" className="SysIntgTests.iCore.Common.Entities.NodeTests" name="SetAttributeValue_ExistingProtectedStringAttributeWithStringGenericTypeArgument_ReturnsCorrectValue" />
    </UnitTest>
    <UnitTest name="SetAttributeValue_ExistingProtectedIntegerAttributeWithIntegerGenericTypeArgument_ReturnsCorrectValue" storage="f:\etwork\bin\tests\sysintgtests.icore.common.entities.dll" id="dbda1aa6-62dc-1f36-b044-2aa13d9ea816">
      <TestCategory>
        <TestCategoryItem TestCategory="Entities" />
        <TestCategoryItem TestCategory="SystemIntegration" />
      </TestCategory>
      <Execution id="902872ee-6131-4381-aa83-5fce2e767688" />
      <TestMethod codeBase="F:\ETWork\bin\Tests\SysIntgTests.iCore.Common.Entities.dll" adapterTypeName="Microsoft.VisualStudio.TestTools.TestTypes.Unit.UnitTestAdapter" className="SysIntgTests.iCore.Common.Entities.NodeTests" name="SetAttributeValue_ExistingProtectedIntegerAttributeWithIntegerGenericTypeArgument_ReturnsCorrectValue" />
    </UnitTest>
    <UnitTest name="ConvertFrom_EPartnerAttributeType_To_PartnerAttribTypeIDValue_Test" storage="f:\etwork\bin\tests\sysintgtests.icore.common.entities.dll" id="b4769b0a-9f38-960c-f9cd-952c947b5318">
      <Execution id="224362f5-0410-443c-9e98-09a60d1c1aa6" />
      <TestMethod codeBase="F:\ETWork\bin\Tests\SysIntgTests.iCore.Common.Entities.dll" adapterTypeName="Microsoft.VisualStudio.TestTools.TestTypes.Unit.UnitTestAdapter" className="SysIntgTests.iCore.Common.Entities.PartnerAttribTypeConverterTest" name="ConvertFrom_EPartnerAttributeType_To_PartnerAttribTypeIDValue_Test" />
    </UnitTest>
    <UnitTest name="ConvertFrom_PartnerAttribTypeIDValue_To_EPartnerAttributeType_Test" storage="f:\etwork\bin\tests\sysintgtests.icore.common.entities.dll" id="11c05688-f0dd-6cb9-4371-d2aa6c5630f5">
      <Execution id="c92106ea-a625-4c56-b7a9-0f7ca48e0dc2" />
      <TestMethod codeBase="F:\ETWork\bin\Tests\SysIntgTests.iCore.Common.Entities.dll" adapterTypeName="Microsoft.VisualStudio.TestTools.TestTypes.Unit.UnitTestAdapter" className="SysIntgTests.iCore.Common.Entities.PartnerAttribTypeConverterTest" name="ConvertFrom_PartnerAttribTypeIDValue_To_EPartnerAttributeType_Test" />
    </UnitTest>
    <UnitTest name="CanConvertTo_PartnerAttribIDValue_Test" storage="f:\etwork\bin\tests\sysintgtests.icore.common.entities.dll" id="08f9e72d-90ad-bb0a-85b3-01c350f41b9e">
      <Execution id="57f4d111-fa52-4faa-9066-525081c62bc9" />
      <TestMethod codeBase="F:\ETWork\bin\Tests\SysIntgTests.iCore.Common.Entities.dll" adapterTypeName="Microsoft.VisualStudio.TestTools.TestTypes.Unit.UnitTestAdapter" className="SysIntgTests.iCore.Common.Entities.PartnerAttribTypeConverterTest" name="CanConvertTo_PartnerAttribIDValue_Test" />
    </UnitTest>
    <UnitTest name="CanConvertFrom_PartnerAttribValue_Test" storage="f:\etwork\bin\tests\sysintgtests.icore.common.entities.dll" id="16918b6f-a994-88f6-00e1-cdee48f9316b">
      <Execution id="3ae61521-3c6d-4948-aad5-2d9129acd1b7" />
      <TestMethod codeBase="F:\ETWork\bin\Tests\SysIntgTests.iCore.Common.Entities.dll" adapterTypeName="Microsoft.VisualStudio.TestTools.TestTypes.Unit.UnitTestAdapter" className="SysIntgTests.iCore.Common.Entities.PartnerAttribTypeConverterTest" name="CanConvertFrom_PartnerAttribValue_Test" />
    </UnitTest>
    <UnitTest name="ConvertFrom_ESetting_To_PartnerIDValue_Test" storage="f:\etwork\bin\tests\sysintgtests.icore.common.entities.dll" id="ded53dd6-b8c2-4000-f22b-9d6d5742418c">
      <Execution id="e8995550-7791-4054-82a7-f44630fe7ea5" />
      <TestMethod codeBase="F:\ETWork\bin\Tests\SysIntgTests.iCore.Common.Entities.dll" adapterTypeName="Microsoft.VisualStudio.TestTools.TestTypes.Unit.UnitTestAdapter" className="SysIntgTests.iCore.Common.Entities.SettingConverterTest" name="ConvertFrom_ESetting_To_PartnerIDValue_Test" />
    </UnitTest>
    <UnitTest name="ConvertFrom_PartnerIDValue_To_ESetting_Test" storage="f:\etwork\bin\tests\sysintgtests.icore.common.entities.dll" id="16245504-302c-a784-d1fd-35d04e037c36">
      <Execution id="4f6ef8fe-7bf0-4bfe-a635-d2fc19a92d03" />
      <TestMethod codeBase="F:\ETWork\bin\Tests\SysIntgTests.iCore.Common.Entities.dll" adapterTypeName="Microsoft.VisualStudio.TestTools.TestTypes.Unit.UnitTestAdapter" className="SysIntgTests.iCore.Common.Entities.SettingConverterTest" name="ConvertFrom_PartnerIDValue_To_ESetting_Test" />
    </UnitTest>
    <UnitTest name="CanConvertTo_ESettingIDValue_Test" storage="f:\etwork\bin\tests\sysintgtests.icore.common.entities.dll" id="547b112c-0bea-7d6d-e2d9-c3b01e389125">
      <Execution id="4a9ff280-27ab-4c57-8f89-5614a1bd05f1" />
      <TestMethod codeBase="F:\ETWork\bin\Tests\SysIntgTests.iCore.Common.Entities.dll" adapterTypeName="Microsoft.VisualStudio.TestTools.TestTypes.Unit.UnitTestAdapter" className="SysIntgTests.iCore.Common.Entities.SettingConverterTest" name="CanConvertTo_ESettingIDValue_Test" />
    </UnitTest>
    <UnitTest name="CanConvertFrom_ESettingValue_Test" storage="f:\etwork\bin\tests\sysintgtests.icore.common.entities.dll" id="15242a85-61e8-7b53-f6a3-2418aa9ace1c">
      <Execution id="6983e986-4203-4718-84d3-487edbcd3e72" />
      <TestMethod codeBase="F:\ETWork\bin\Tests\SysIntgTests.iCore.Common.Entities.dll" adapterTypeName="Microsoft.VisualStudio.TestTools.TestTypes.Unit.UnitTestAdapter" className="SysIntgTests.iCore.Common.Entities.SettingConverterTest" name="CanConvertFrom_ESettingValue_Test" />
    </UnitTest>
    <UnitTest name="ConvertFrom_ESettingAttributeType_To_SettingAttribTypeIDValue_Test" storage="f:\etwork\bin\tests\sysintgtests.icore.common.entities.dll" id="085edc57-18a7-4da8-237b-ff5099adceef">
      <Execution id="ced2feff-f41c-46f7-8751-9b692bbbdeb5" />
      <TestMethod codeBase="F:\ETWork\bin\Tests\SysIntgTests.iCore.Common.Entities.dll" adapterTypeName="Microsoft.VisualStudio.TestTools.TestTypes.Unit.UnitTestAdapter" className="SysIntgTests.iCore.Common.Entities.SettingAttribTypeConverterTest" name="ConvertFrom_ESettingAttributeType_To_SettingAttribTypeIDValue_Test" />
    </UnitTest>
    <UnitTest name="ConvertFrom_SettingAttribTypeIDValue_To_ESettingAttributeType_Test" storage="f:\etwork\bin\tests\sysintgtests.icore.common.entities.dll" id="5f7b88a7-0cfd-0125-af06-dfcabb574c1f">
      <Execution id="631c0f88-e1f0-472e-be03-50b4f39e097d" />
      <TestMethod codeBase="F:\ETWork\bin\Tests\SysIntgTests.iCore.Common.Entities.dll" adapterTypeName="Microsoft.VisualStudio.TestTools.TestTypes.Unit.UnitTestAdapter" className="SysIntgTests.iCore.Common.Entities.SettingAttribTypeConverterTest" name="ConvertFrom_SettingAttribTypeIDValue_To_ESettingAttributeType_Test" />
    </UnitTest>
    <UnitTest name="CanConvertTo_SettingAttribIDValue_Test" storage="f:\etwork\bin\tests\sysintgtests.icore.common.entities.dll" id="8b9a9a49-7e8b-0239-50a6-155db95586b4">
      <Execution id="5134a173-cfe0-40c3-a9f4-e6077ab82c8a" />
      <TestMethod codeBase="F:\ETWork\bin\Tests\SysIntgTests.iCore.Common.Entities.dll" adapterTypeName="Microsoft.VisualStudio.TestTools.TestTypes.Unit.UnitTestAdapter" className="SysIntgTests.iCore.Common.Entities.SettingAttribTypeConverterTest" name="CanConvertTo_SettingAttribIDValue_Test" />
    </UnitTest>
    <UnitTest name="CanConvertFrom_SettingAttribValue_Test" storage="f:\etwork\bin\tests\sysintgtests.icore.common.entities.dll" id="6949b790-4eba-591a-e583-1d7ac3c62d88">
      <Execution id="3278dfc6-7d78-40e4-b32f-2e3297f152eb" />
      <TestMethod codeBase="F:\ETWork\bin\Tests\SysIntgTests.iCore.Common.Entities.dll" adapterTypeName="Microsoft.VisualStudio.TestTools.TestTypes.Unit.UnitTestAdapter" className="SysIntgTests.iCore.Common.Entities.SettingAttribTypeConverterTest" name="CanConvertFrom_SettingAttribValue_Test" />
    </UnitTest>
    <UnitTest name="ConvertFrom_ENodeAttributeType_To_NodeAttribTypeIDValue_Test" storage="f:\etwork\bin\tests\sysintgtests.icore.common.entities.dll" id="19f5aee0-c0b1-673e-cc57-5ba4dc95ce6c">
      <Execution id="36edfe7f-3080-40ce-af8d-df3e025932ec" />
      <TestMethod codeBase="F:\ETWork\bin\Tests\SysIntgTests.iCore.Common.Entities.dll" adapterTypeName="Microsoft.VisualStudio.TestTools.TestTypes.Unit.UnitTestAdapter" className="SysIntgTests.iCore.Common.Entities.NodeAttributeTypeConverterTest" name="ConvertFrom_ENodeAttributeType_To_NodeAttribTypeIDValue_Test" />
    </UnitTest>
    <UnitTest name="ConvertFrom_NodeAttribTypeIDValue_To_ENodeAttributeType_Test" storage="f:\etwork\bin\tests\sysintgtests.icore.common.entities.dll" id="25e97d9e-339f-cf96-15ad-24fc04309419">
      <Execution id="a24baeef-b420-47e8-9fed-c6c2b80784e2" />
      <TestMethod codeBase="F:\ETWork\bin\Tests\SysIntgTests.iCore.Common.Entities.dll" adapterTypeName="Microsoft.VisualStudio.TestTools.TestTypes.Unit.UnitTestAdapter" className="SysIntgTests.iCore.Common.Entities.NodeAttributeTypeConverterTest" name="ConvertFrom_NodeAttribTypeIDValue_To_ENodeAttributeType_Test" />
    </UnitTest>
    <UnitTest name="CanConvertTo_NodeAttribTypeIDValue_Test" storage="f:\etwork\bin\tests\sysintgtests.icore.common.entities.dll" id="c8d36562-1ed9-cc08-2544-b6dc6de2e19e">
      <Execution id="579a3dae-15a9-4dc4-b37f-698da1a4c304" />
      <TestMethod codeBase="F:\ETWork\bin\Tests\SysIntgTests.iCore.Common.Entities.dll" adapterTypeName="Microsoft.VisualStudio.TestTools.TestTypes.Unit.UnitTestAdapter" className="SysIntgTests.iCore.Common.Entities.NodeAttributeTypeConverterTest" name="CanConvertTo_NodeAttribTypeIDValue_Test" />
    </UnitTest>
    <UnitTest name="CanConvertFrom_NodeAttribTypeIDValue_Test" storage="f:\etwork\bin\tests\sysintgtests.icore.common.entities.dll" id="58398306-b421-7001-8491-7ff8455125f8">
      <Execution id="b03a0b4d-3ffd-4819-a8e3-9f6e77dfa93b" />
      <TestMethod codeBase="F:\ETWork\bin\Tests\SysIntgTests.iCore.Common.Entities.dll" adapterTypeName="Microsoft.VisualStudio.TestTools.TestTypes.Unit.UnitTestAdapter" className="SysIntgTests.iCore.Common.Entities.NodeAttributeTypeConverterTest" name="CanConvertFrom_NodeAttribTypeIDValue_Test" />
    </UnitTest>
    <UnitTest name="ConvertFrom_ECounter_To_CounterIDValue_Test" storage="f:\etwork\bin\tests\sysintgtests.icore.common.entities.dll" id="fc45bf5d-2f1b-d57b-1478-e05da148b07a">
      <Execution id="7c61c69e-4803-44aa-8371-54e5fafb0040" />
      <TestMethod codeBase="F:\ETWork\bin\Tests\SysIntgTests.iCore.Common.Entities.dll" adapterTypeName="Microsoft.VisualStudio.TestTools.TestTypes.Unit.UnitTestAdapter" className="SysIntgTests.iCore.Common.Entities.CounterTypeConverterTest" name="ConvertFrom_ECounter_To_CounterIDValue_Test" />
    </UnitTest>
    <UnitTest name="ConvertFrom_CounterIDValue_To_ECounter_Test" storage="f:\etwork\bin\tests\sysintgtests.icore.common.entities.dll" id="bf14f93f-b52a-a6d2-ac67-161209e67f59">
      <Execution id="458446b1-02bf-42b4-9a5c-7dbaf3965a04" />
      <TestMethod codeBase="F:\ETWork\bin\Tests\SysIntgTests.iCore.Common.Entities.dll" adapterTypeName="Microsoft.VisualStudio.TestTools.TestTypes.Unit.UnitTestAdapter" className="SysIntgTests.iCore.Common.Entities.CounterTypeConverterTest" name="ConvertFrom_CounterIDValue_To_ECounter_Test" />
    </UnitTest>
    <UnitTest name="CanConvertTo_CounterIDValue_Test" storage="f:\etwork\bin\tests\sysintgtests.icore.common.entities.dll" id="df3cad42-5e37-9836-a0fc-6248bfa63119">
      <Execution id="144b5791-0356-4e79-bf43-62070e3bded4" />
      <TestMethod codeBase="F:\ETWork\bin\Tests\SysIntgTests.iCore.Common.Entities.dll" adapterTypeName="Microsoft.VisualStudio.TestTools.TestTypes.Unit.UnitTestAdapter" className="SysIntgTests.iCore.Common.Entities.CounterTypeConverterTest" name="CanConvertTo_CounterIDValue_Test" />
    </UnitTest>
    <UnitTest name="CanConvertFrom_CounterIDValue_Test" storage="f:\etwork\bin\tests\sysintgtests.icore.common.entities.dll" id="9cdc9d16-bfa8-8cb3-7281-fc1b284f9767">
      <Execution id="df928669-1bbc-4383-8dd3-a573c87445ba" />
      <TestMethod codeBase="F:\ETWork\bin\Tests\SysIntgTests.iCore.Common.Entities.dll" adapterTypeName="Microsoft.VisualStudio.TestTools.TestTypes.Unit.UnitTestAdapter" className="SysIntgTests.iCore.Common.Entities.CounterTypeConverterTest" name="CanConvertFrom_CounterIDValue_Test" />
    </UnitTest>
    <UnitTest name="ConvertFrom_ENodeTypeVersion_To_NodeTypeVersionIDValue_Test" storage="f:\etwork\bin\tests\sysintgtests.icore.common.entities.dll" id="f0d8c873-9ca0-f637-41de-c40c84d9626e">
      <Execution id="a9219733-c576-44eb-9205-d24ece99d456" />
      <TestMethod codeBase="F:\ETWork\bin\Tests\SysIntgTests.iCore.Common.Entities.dll" adapterTypeName="Microsoft.VisualStudio.TestTools.TestTypes.Unit.UnitTestAdapter" className="SysIntgTests.iCore.Common.Entities.NodeTypeVersionConverterTest" name="ConvertFrom_ENodeTypeVersion_To_NodeTypeVersionIDValue_Test" />
    </UnitTest>
    <UnitTest name="ConvertFrom_NodeTypeVersionIDValue_To_ENodeTypeVersion_Test" storage="f:\etwork\bin\tests\sysintgtests.icore.common.entities.dll" id="a0392f7c-e975-9f89-ec26-257009f3df5a">
      <Execution id="a6db28b9-6015-42c4-91e9-2d2f6e97aef7" />
      <TestMethod codeBase="F:\ETWork\bin\Tests\SysIntgTests.iCore.Common.Entities.dll" adapterTypeName="Microsoft.VisualStudio.TestTools.TestTypes.Unit.UnitTestAdapter" className="SysIntgTests.iCore.Common.Entities.NodeTypeVersionConverterTest" name="ConvertFrom_NodeTypeVersionIDValue_To_ENodeTypeVersion_Test" />
    </UnitTest>
    <UnitTest name="CanConvertTo_NodeTypeVersionIDValue_Test" storage="f:\etwork\bin\tests\sysintgtests.icore.common.entities.dll" id="664b557b-4977-389c-f6f8-f698e8d5799b">
      <Execution id="8491ced9-a277-4475-99e6-a1d1dd40976a" />
      <TestMethod codeBase="F:\ETWork\bin\Tests\SysIntgTests.iCore.Common.Entities.dll" adapterTypeName="Microsoft.VisualStudio.TestTools.TestTypes.Unit.UnitTestAdapter" className="SysIntgTests.iCore.Common.Entities.NodeTypeVersionConverterTest" name="CanConvertTo_NodeTypeVersionIDValue_Test" />
    </UnitTest>
    <UnitTest name="CanConvertFrom_NodeTypeVersionID_ValueTest" storage="f:\etwork\bin\tests\sysintgtests.icore.common.entities.dll" id="441a0a6e-f0ad-ac95-6610-6ac8c7434af3">
      <Execution id="fd866140-f3ad-4677-af2c-10f39dbff623" />
      <TestMethod codeBase="F:\ETWork\bin\Tests\SysIntgTests.iCore.Common.Entities.dll" adapterTypeName="Microsoft.VisualStudio.TestTools.TestTypes.Unit.UnitTestAdapter" className="SysIntgTests.iCore.Common.Entities.NodeTypeVersionConverterTest" name="CanConvertFrom_NodeTypeVersionID_ValueTest" />
    </UnitTest>
    <UnitTest name="ConvertFrom_ENodeType_To_NodeTypeIDValue_Test" storage="f:\etwork\bin\tests\sysintgtests.icore.common.entities.dll" id="14cc77ca-1538-b470-d0e2-93e0202a30aa">
      <Execution id="569a9844-1c23-4b6f-9f86-1ae4087d2e4b" />
      <TestMethod codeBase="F:\ETWork\bin\Tests\SysIntgTests.iCore.Common.Entities.dll" adapterTypeName="Microsoft.VisualStudio.TestTools.TestTypes.Unit.UnitTestAdapter" className="SysIntgTests.iCore.Common.Entities.NodeTypeConverterTest" name="ConvertFrom_ENodeType_To_NodeTypeIDValue_Test" />
    </UnitTest>
    <UnitTest name="ConvertFrom_NodeTypeIDValue_To_ENodeType_Test" storage="f:\etwork\bin\tests\sysintgtests.icore.common.entities.dll" id="8eff060c-56ad-1191-3d57-728ab8eaaa44">
      <Execution id="db04532d-f693-4c15-8562-e934d613600f" />
      <TestMethod codeBase="F:\ETWork\bin\Tests\SysIntgTests.iCore.Common.Entities.dll" adapterTypeName="Microsoft.VisualStudio.TestTools.TestTypes.Unit.UnitTestAdapter" className="SysIntgTests.iCore.Common.Entities.NodeTypeConverterTest" name="ConvertFrom_NodeTypeIDValue_To_ENodeType_Test" />
    </UnitTest>
    <UnitTest name="CanConvertTo_NodeTypeIDValue_Test" storage="f:\etwork\bin\tests\sysintgtests.icore.common.entities.dll" id="37ea91d2-2467-f802-4788-db36844b206e">
      <Execution id="b1d3fe40-0f9d-48ae-abd7-191bb9ad730c" />
      <TestMethod codeBase="F:\ETWork\bin\Tests\SysIntgTests.iCore.Common.Entities.dll" adapterTypeName="Microsoft.VisualStudio.TestTools.TestTypes.Unit.UnitTestAdapter" className="SysIntgTests.iCore.Common.Entities.NodeTypeConverterTest" name="CanConvertTo_NodeTypeIDValue_Test" />
    </UnitTest>
    <UnitTest name="CanConvertFrom_NodeTypeIDValue_Test" storage="f:\etwork\bin\tests\sysintgtests.icore.common.entities.dll" id="1f72308e-1798-b612-3878-c5d8af790720">
      <Execution id="3812a936-dee9-44fd-a883-4facc3bc35aa" />
      <TestMethod codeBase="F:\ETWork\bin\Tests\SysIntgTests.iCore.Common.Entities.dll" adapterTypeName="Microsoft.VisualStudio.TestTools.TestTypes.Unit.UnitTestAdapter" className="SysIntgTests.iCore.Common.Entities.NodeTypeConverterTest" name="CanConvertFrom_NodeTypeIDValue_Test" />
    </UnitTest>
    <UnitTest name="ConvertFrom_EEvent_To_EventTypeIDValue_Test" storage="f:\etwork\bin\tests\sysintgtests.icore.common.entities.dll" id="af7f55cc-a8eb-5c72-30e2-3c0b014d6054">
      <Execution id="c5cbbdff-64db-414b-aad7-3e2bb7fd6214" />
      <TestMethod codeBase="F:\ETWork\bin\Tests\SysIntgTests.iCore.Common.Entities.dll" adapterTypeName="Microsoft.VisualStudio.TestTools.TestTypes.Unit.UnitTestAdapter" className="SysIntgTests.iCore.Common.Entities.EventTypeConverterTest" name="ConvertFrom_EEvent_To_EventTypeIDValue_Test" />
    </UnitTest>
    <UnitTest name="ConvertFrom_EventTypeIDValue_To_EEventType_Test" storage="f:\etwork\bin\tests\sysintgtests.icore.common.entities.dll" id="dd996387-07c8-d9d9-80fe-660022d79c1b">
      <Execution id="c0ecd5c6-4506-4807-9393-5c0180e817c6" />
      <TestMethod codeBase="F:\ETWork\bin\Tests\SysIntgTests.iCore.Common.Entities.dll" adapterTypeName="Microsoft.VisualStudio.TestTools.TestTypes.Unit.UnitTestAdapter" className="SysIntgTests.iCore.Common.Entities.EventTypeConverterTest" name="ConvertFrom_EventTypeIDValue_To_EEventType_Test" />
    </UnitTest>
    <UnitTest name="CanConvertTo_EventTypeIDValue_Test" storage="f:\etwork\bin\tests\sysintgtests.icore.common.entities.dll" id="796b2568-fc64-2ba1-c24b-d9ff75d8934b">
      <Execution id="a82e23e3-9a08-463c-a8a6-93cae4b727d3" />
      <TestMethod codeBase="F:\ETWork\bin\Tests\SysIntgTests.iCore.Common.Entities.dll" adapterTypeName="Microsoft.VisualStudio.TestTools.TestTypes.Unit.UnitTestAdapter" className="SysIntgTests.iCore.Common.Entities.EventTypeConverterTest" name="CanConvertTo_EventTypeIDValue_Test" />
    </UnitTest>
    <UnitTest name="CanConvertFrom_EventTypeIDValue_Test" storage="f:\etwork\bin\tests\sysintgtests.icore.common.entities.dll" id="ef0c3255-b573-1841-5f5e-4517e4044606">
      <Execution id="ab6e2adc-1f88-437f-acb5-e9138e37e668" />
      <TestMethod codeBase="F:\ETWork\bin\Tests\SysIntgTests.iCore.Common.Entities.dll" adapterTypeName="Microsoft.VisualStudio.TestTools.TestTypes.Unit.UnitTestAdapter" className="SysIntgTests.iCore.Common.Entities.EventTypeConverterTest" name="CanConvertFrom_EventTypeIDValue_Test" />
    </UnitTest>
    <UnitTest name="CanConvertToShouldReturnTrueForString" storage="f:\etwork\bin\tests\sysintgtests.icore.common.entities.dll" id="249bf2b4-8597-4662-14f9-658c3f1464bb">
      <Execution id="7066ec99-e68d-4cd2-ae0d-842566b08964" />
      <TestMethod codeBase="F:\ETWork\bin\Tests\SysIntgTests.iCore.Common.Entities.dll" adapterTypeName="Microsoft.VisualStudio.TestTools.TestTypes.Unit.UnitTestAdapter" className="SysIntgTests.iCore.Common.Entities.EventTypeConverterTest" name="CanConvertToShouldReturnTrueForString" />
    </UnitTest>
    <UnitTest name="ConvertToStringShouldReturnCorrectResult (Data Row 0)" storage="f:\etwork\bin\tests\sysintgtests.icore.common.entities.dll" id="1d469863-2dc7-4887-91cb-6f30fee2e953">
      <Execution id="4a3a4e9b-7525-4a7c-ac06-d86cacdf5df8" />
      <TestMethod codeBase="F:\ETWork\bin\Tests\SysIntgTests.iCore.Common.Entities.dll" adapterTypeName="Microsoft.VisualStudio.TestTools.TestTypes.Unit.UnitTestAdapter" className="SysIntgTests.iCore.Common.Entities.EventTypeConverterTest" name="ConvertToStringShouldReturnCorrectResult (Data Row 0)" />
    </UnitTest>
    <UnitTest name="ConvertToStringShouldReturnCorrectResult (Data Row 1)" storage="f:\etwork\bin\tests\sysintgtests.icore.common.entities.dll" id="de9bc859-b43f-47d5-bb9f-25b3c001df09">
      <Execution id="c1ec639b-70c7-4a0b-a42e-e2c9dd4de9a7" />
      <TestMethod codeBase="F:\ETWork\bin\Tests\SysIntgTests.iCore.Common.Entities.dll" adapterTypeName="Microsoft.VisualStudio.TestTools.TestTypes.Unit.UnitTestAdapter" className="SysIntgTests.iCore.Common.Entities.EventTypeConverterTest" name="ConvertToStringShouldReturnCorrectResult (Data Row 1)" />
    </UnitTest>
    <UnitTest name="ConvertToStringShouldReturnCorrectResult (Data Row 2)" storage="f:\etwork\bin\tests\sysintgtests.icore.common.entities.dll" id="858bc329-6be5-417e-bf94-777e95f5fafd">
      <Execution id="4a379459-452e-4576-907d-10ea020675f1" />
      <TestMethod codeBase="F:\ETWork\bin\Tests\SysIntgTests.iCore.Common.Entities.dll" adapterTypeName="Microsoft.VisualStudio.TestTools.TestTypes.Unit.UnitTestAdapter" className="SysIntgTests.iCore.Common.Entities.EventTypeConverterTest" name="ConvertToStringShouldReturnCorrectResult (Data Row 2)" />
    </UnitTest>
    <UnitTest name="ConvertToStringShouldReturnCorrectResult (Data Row 3)" storage="f:\etwork\bin\tests\sysintgtests.icore.common.entities.dll" id="a4ac58b4-494f-4356-8a83-2800c208fca2">
      <Execution id="3208ac12-de21-4d6e-8591-8e860d81a64e" />
      <TestMethod codeBase="F:\ETWork\bin\Tests\SysIntgTests.iCore.Common.Entities.dll" adapterTypeName="Microsoft.VisualStudio.TestTools.TestTypes.Unit.UnitTestAdapter" className="SysIntgTests.iCore.Common.Entities.EventTypeConverterTest" name="ConvertToStringShouldReturnCorrectResult (Data Row 3)" />
    </UnitTest>
    <UnitTest name="ConvertToStringShouldReturnCorrectResult (Data Row 4)" storage="f:\etwork\bin\tests\sysintgtests.icore.common.entities.dll" id="85e6a9ce-bd4a-47fb-90ec-2b03f2330c81">
      <Execution id="9e04dccd-82bd-4956-a9e2-d767b9100232" />
      <TestMethod codeBase="F:\ETWork\bin\Tests\SysIntgTests.iCore.Common.Entities.dll" adapterTypeName="Microsoft.VisualStudio.TestTools.TestTypes.Unit.UnitTestAdapter" className="SysIntgTests.iCore.Common.Entities.EventTypeConverterTest" name="ConvertToStringShouldReturnCorrectResult (Data Row 4)" />
    </UnitTest>
    <UnitTest name="ConvertToStringShouldReturnCorrectResult (Data Row 5)" storage="f:\etwork\bin\tests\sysintgtests.icore.common.entities.dll" id="df0ed849-aca6-4fd9-be9d-01310c07c26c">
      <Execution id="df975c9d-ca4a-45b2-8325-e2eba96ff411" />
      <TestMethod codeBase="F:\ETWork\bin\Tests\SysIntgTests.iCore.Common.Entities.dll" adapterTypeName="Microsoft.VisualStudio.TestTools.TestTypes.Unit.UnitTestAdapter" className="SysIntgTests.iCore.Common.Entities.EventTypeConverterTest" name="ConvertToStringShouldReturnCorrectResult (Data Row 5)" />
    </UnitTest>
    <UnitTest name="ConvertToStringShouldReturnCorrectResult (Data Row 6)" storage="f:\etwork\bin\tests\sysintgtests.icore.common.entities.dll" id="0bf08676-ed32-4847-aca8-ff22061c698e">
      <Execution id="6972985e-0ce9-49ef-a89b-6563fd807fa1" />
      <TestMethod codeBase="F:\ETWork\bin\Tests\SysIntgTests.iCore.Common.Entities.dll" adapterTypeName="Microsoft.VisualStudio.TestTools.TestTypes.Unit.UnitTestAdapter" className="SysIntgTests.iCore.Common.Entities.EventTypeConverterTest" name="ConvertToStringShouldReturnCorrectResult (Data Row 6)" />
    </UnitTest>
    <UnitTest name="ConvertToStringShouldReturnCorrectResult (Data Row 7)" storage="f:\etwork\bin\tests\sysintgtests.icore.common.entities.dll" id="110beeea-f0f7-434e-8c17-4e6a9f560bc5">
      <Execution id="c8edeb40-b357-48f0-becc-742d2b03f829" />
      <TestMethod codeBase="F:\ETWork\bin\Tests\SysIntgTests.iCore.Common.Entities.dll" adapterTypeName="Microsoft.VisualStudio.TestTools.TestTypes.Unit.UnitTestAdapter" className="SysIntgTests.iCore.Common.Entities.EventTypeConverterTest" name="ConvertToStringShouldReturnCorrectResult (Data Row 7)" />
    </UnitTest>
    <UnitTest name="ConvertFrom_EPartner_To_PartnerIDValue_Test" storage="f:\etwork\bin\tests\sysintgtests.icore.common.entities.dll" id="f13eb0d5-a8fc-ccc0-8705-0bcf7e08b946">
      <Execution id="dddb3433-8fd5-4ece-bcb4-685a80911243" />
      <TestMethod codeBase="F:\ETWork\bin\Tests\SysIntgTests.iCore.Common.Entities.dll" adapterTypeName="Microsoft.VisualStudio.TestTools.TestTypes.Unit.UnitTestAdapter" className="SysIntgTests.iCore.Common.Entities.PartnerConverterTest" name="ConvertFrom_EPartner_To_PartnerIDValue_Test" />
    </UnitTest>
    <UnitTest name="ConvertFrom_PartnerIDValue_To_EPartnerTest" storage="f:\etwork\bin\tests\sysintgtests.icore.common.entities.dll" id="d3024f63-2e3d-f324-ba9c-4be8a8df9c2a">
      <Execution id="bd71ffc9-84df-45fb-a14e-be6cc6da2028" />
      <TestMethod codeBase="F:\ETWork\bin\Tests\SysIntgTests.iCore.Common.Entities.dll" adapterTypeName="Microsoft.VisualStudio.TestTools.TestTypes.Unit.UnitTestAdapter" className="SysIntgTests.iCore.Common.Entities.PartnerConverterTest" name="ConvertFrom_PartnerIDValue_To_EPartnerTest" />
    </UnitTest>
    <UnitTest name="CanConvertTo_EPartnerIDValue_Test" storage="f:\etwork\bin\tests\sysintgtests.icore.common.entities.dll" id="5c2a47df-9c13-6697-7598-94ebf1bbd6e9">
      <Execution id="9e3f7a5e-1b7e-4797-8d7b-f65bffac1442" />
      <TestMethod codeBase="F:\ETWork\bin\Tests\SysIntgTests.iCore.Common.Entities.dll" adapterTypeName="Microsoft.VisualStudio.TestTools.TestTypes.Unit.UnitTestAdapter" className="SysIntgTests.iCore.Common.Entities.PartnerConverterTest" name="CanConvertTo_EPartnerIDValue_Test" />
    </UnitTest>
    <UnitTest name="CanConvertFrom_EPartnerValue_Test" storage="f:\etwork\bin\tests\sysintgtests.icore.common.entities.dll" id="0d2665fb-e49e-06f3-6f60-a7a9182a1180">
      <Execution id="d86531e2-25f3-4e5b-ad19-3d5d8f34a830" />
      <TestMethod codeBase="F:\ETWork\bin\Tests\SysIntgTests.iCore.Common.Entities.dll" adapterTypeName="Microsoft.VisualStudio.TestTools.TestTypes.Unit.UnitTestAdapter" className="SysIntgTests.iCore.Common.Entities.PartnerConverterTest" name="CanConvertFrom_EPartnerValue_Test" />
    </UnitTest>
    <UnitTest name="ConvertFrom_EComponent_To_ComponentIDValue_Test" storage="f:\etwork\bin\tests\sysintgtests.icore.common.entities.dll" id="f446d842-b376-4e7b-16da-6a379b45c5d6">
      <Execution id="7e3bd22e-6f63-4a97-8840-c1db94e5a7cf" />
      <TestMethod codeBase="F:\ETWork\bin\Tests\SysIntgTests.iCore.Common.Entities.dll" adapterTypeName="Microsoft.VisualStudio.TestTools.TestTypes.Unit.UnitTestAdapter" className="SysIntgTests.iCore.Common.Entities.ComponentConverterTest" name="ConvertFrom_EComponent_To_ComponentIDValue_Test" />
    </UnitTest>
    <UnitTest name="ConvertFrom_ComponentIDValue_To_EComponent_Test" storage="f:\etwork\bin\tests\sysintgtests.icore.common.entities.dll" id="9d19dda3-2402-20d8-615b-1631da2be3e3">
      <Execution id="f4fd5c5b-a4d9-4da5-a318-80cf1dfb11cf" />
      <TestMethod codeBase="F:\ETWork\bin\Tests\SysIntgTests.iCore.Common.Entities.dll" adapterTypeName="Microsoft.VisualStudio.TestTools.TestTypes.Unit.UnitTestAdapter" className="SysIntgTests.iCore.Common.Entities.ComponentConverterTest" name="ConvertFrom_ComponentIDValue_To_EComponent_Test" />
    </UnitTest>
    <UnitTest name="CanConvertTo_ComponentIDValue_Test" storage="f:\etwork\bin\tests\sysintgtests.icore.common.entities.dll" id="610e654d-2843-d858-b996-92832caed145">
      <Execution id="72519737-c6bd-4665-8fa2-1514749182cf" />
      <TestMethod codeBase="F:\ETWork\bin\Tests\SysIntgTests.iCore.Common.Entities.dll" adapterTypeName="Microsoft.VisualStudio.TestTools.TestTypes.Unit.UnitTestAdapter" className="SysIntgTests.iCore.Common.Entities.ComponentConverterTest" name="CanConvertTo_ComponentIDValue_Test" />
    </UnitTest>
    <UnitTest name="CanConvertFrom_ComponentIDValue_Test" storage="f:\etwork\bin\tests\sysintgtests.icore.common.entities.dll" id="41caedaf-fee5-9e47-59c2-9ea3c1b079e7">
      <Execution id="9b9772ed-bb13-45a1-866a-579059f09445" />
      <TestMethod codeBase="F:\ETWork\bin\Tests\SysIntgTests.iCore.Common.Entities.dll" adapterTypeName="Microsoft.VisualStudio.TestTools.TestTypes.Unit.UnitTestAdapter" className="SysIntgTests.iCore.Common.Entities.ComponentConverterTest" name="CanConvertFrom_ComponentIDValue_Test" />
    </UnitTest>
    <UnitTest name="RepositoryEntityTypeId_ReturnsEventHandler" storage="f:\etwork\bin\tests\sysintgtests.icore.common.entities.dll" id="3d784330-85b7-58d2-a967-de6bc9d63264">
      <TestCategory>
        <TestCategoryItem TestCategory="Entities" />
        <TestCategoryItem TestCategory="SystemIntegration" />
      </TestCategory>
      <Execution id="69b0920d-7a1e-440a-a8fe-eb3c9f0876bf" />
      <TestMethod codeBase="F:\ETWork\bin\Tests\SysIntgTests.iCore.Common.Entities.dll" adapterTypeName="Microsoft.VisualStudio.TestTools.TestTypes.Unit.UnitTestAdapter" className="SysIntgTests.iCore.Common.Entities.EventHandlerTests" name="RepositoryEntityTypeId_ReturnsEventHandler" />
    </UnitTest>
    <UnitTest name="RepositoryEntityType_ReturnsIEventHandler" storage="f:\etwork\bin\tests\sysintgtests.icore.common.entities.dll" id="3b8a1acb-f68f-8a0d-f627-37a62f0b7e3f">
      <TestCategory>
        <TestCategoryItem TestCategory="Entities" />
        <TestCategoryItem TestCategory="SystemIntegration" />
      </TestCategory>
      <Execution id="8f9353a9-e284-4fb4-aca4-4c4ba82432cd" />
      <TestMethod codeBase="F:\ETWork\bin\Tests\SysIntgTests.iCore.Common.Entities.dll" adapterTypeName="Microsoft.VisualStudio.TestTools.TestTypes.Unit.UnitTestAdapter" className="SysIntgTests.iCore.Common.Entities.EventHandlerTests" name="RepositoryEntityType_ReturnsIEventHandler" />
    </UnitTest>
    <UnitTest name="RepositorySystemContext_MatchesActualSystemContext" storage="f:\etwork\bin\tests\sysintgtests.icore.common.entities.dll" id="b5e58d48-fbfa-58e9-2ba7-d28611ee6561">
      <TestCategory>
        <TestCategoryItem TestCategory="Entities" />
        <TestCategoryItem TestCategory="SystemIntegration" />
      </TestCategory>
      <Execution id="ffbaba37-c508-47de-8bf2-f85c8870c291" />
      <TestMethod codeBase="F:\ETWork\bin\Tests\SysIntgTests.iCore.Common.Entities.dll" adapterTypeName="Microsoft.VisualStudio.TestTools.TestTypes.Unit.UnitTestAdapter" className="SysIntgTests.iCore.Common.Entities.EventHandlerTests" name="RepositorySystemContext_MatchesActualSystemContext" />
    </UnitTest>
    <UnitTest name="Exists_UnsupportedKey_ThrowsArgumentException" storage="f:\etwork\bin\tests\sysintgtests.icore.common.entities.dll" id="81d060bc-39aa-1cef-49ff-ff1c90f62b7f">
      <TestCategory>
        <TestCategoryItem TestCategory="Entities" />
        <TestCategoryItem TestCategory="SystemIntegration" />
      </TestCategory>
      <Execution id="089f32ed-a9a8-4a3f-8612-1968fcd0f57a" />
      <TestMethod codeBase="F:\ETWork\bin\Tests\SysIntgTests.iCore.Common.Entities.dll" adapterTypeName="Microsoft.VisualStudio.TestTools.TestTypes.Unit.UnitTestAdapter" className="SysIntgTests.iCore.Common.Entities.EventHandlerTests" name="Exists_UnsupportedKey_ThrowsArgumentException" />
    </UnitTest>
    <UnitTest name="Exists_KnownEventHandlerKey_ReturnsTrue (Data Row 0)" storage="f:\etwork\bin\tests\sysintgtests.icore.common.entities.dll" id="8a128978-65b5-4c3c-9b76-36317b418bda">
      <TestCategory>
        <TestCategoryItem TestCategory="Entities" />
        <TestCategoryItem TestCategory="SystemIntegration" />
      </TestCategory>
      <Execution id="45266085-3e0a-43cc-be39-eee28550fc24" />
      <TestMethod codeBase="F:\ETWork\bin\Tests\SysIntgTests.iCore.Common.Entities.dll" adapterTypeName="Microsoft.VisualStudio.TestTools.TestTypes.Unit.UnitTestAdapter" className="SysIntgTests.iCore.Common.Entities.EventHandlerTests" name="Exists_KnownEventHandlerKey_ReturnsTrue (Data Row 0)" />
    </UnitTest>
    <UnitTest name="Exists_KnownEventHandlerKey_ReturnsTrue (Data Row 1)" storage="f:\etwork\bin\tests\sysintgtests.icore.common.entities.dll" id="908a98d4-2f01-4eab-9970-ec3939c3e463">
      <TestCategory>
        <TestCategoryItem TestCategory="Entities" />
        <TestCategoryItem TestCategory="SystemIntegration" />
      </TestCategory>
      <Execution id="c1d69b92-5741-4e4b-88c6-3d4d3dd9ba73" />
      <TestMethod codeBase="F:\ETWork\bin\Tests\SysIntgTests.iCore.Common.Entities.dll" adapterTypeName="Microsoft.VisualStudio.TestTools.TestTypes.Unit.UnitTestAdapter" className="SysIntgTests.iCore.Common.Entities.EventHandlerTests" name="Exists_KnownEventHandlerKey_ReturnsTrue (Data Row 1)" />
    </UnitTest>
    <UnitTest name="Exists_NonExistingEventHandlerKey_ReturnsFalse" storage="f:\etwork\bin\tests\sysintgtests.icore.common.entities.dll" id="6f09ca33-0ba9-709e-d6f5-f76aa77ab33f">
      <TestCategory>
        <TestCategoryItem TestCategory="Entities" />
        <TestCategoryItem TestCategory="SystemIntegration" />
      </TestCategory>
      <Execution id="255cfe54-0068-4d1e-8bac-5282be832e1a" />
      <TestMethod codeBase="F:\ETWork\bin\Tests\SysIntgTests.iCore.Common.Entities.dll" adapterTypeName="Microsoft.VisualStudio.TestTools.TestTypes.Unit.UnitTestAdapter" className="SysIntgTests.iCore.Common.Entities.EventHandlerTests" name="Exists_NonExistingEventHandlerKey_ReturnsFalse" />
    </UnitTest>
    <UnitTest name="CreateInstance_CreatesNewEventHandler" storage="f:\etwork\bin\tests\sysintgtests.icore.common.entities.dll" id="d7ae8fcb-a05e-810e-1355-a44e47ca33c7">
      <Execution id="7061d5a3-3718-46b4-a959-6d3c3f3c63c9" />
      <TestMethod codeBase="F:\ETWork\bin\Tests\SysIntgTests.iCore.Common.Entities.dll" adapterTypeName="Microsoft.VisualStudio.TestTools.TestTypes.Unit.UnitTestAdapter" className="SysIntgTests.iCore.Common.Entities.EventHandlerTests" name="CreateInstance_CreatesNewEventHandler" />
    </UnitTest>
    <UnitTest name="List_ContainsEachKnownEventHandlerOnce (Data Row 0)" storage="f:\etwork\bin\tests\sysintgtests.icore.common.entities.dll" id="676fe44c-f53e-4350-b656-7f7cf54b2103">
      <TestCategory>
        <TestCategoryItem TestCategory="Entities" />
        <TestCategoryItem TestCategory="SystemIntegration" />
      </TestCategory>
      <Execution id="951b2cd6-8fd1-495c-b8ea-9c3b5beb758f" />
      <TestMethod codeBase="F:\ETWork\bin\Tests\SysIntgTests.iCore.Common.Entities.dll" adapterTypeName="Microsoft.VisualStudio.TestTools.TestTypes.Unit.UnitTestAdapter" className="SysIntgTests.iCore.Common.Entities.EventHandlerTests" name="List_ContainsEachKnownEventHandlerOnce (Data Row 0)" />
    </UnitTest>
    <UnitTest name="List_ContainsEachKnownEventHandlerOnce (Data Row 1)" storage="f:\etwork\bin\tests\sysintgtests.icore.common.entities.dll" id="fdd12339-8997-468c-bf95-82e57f93370a">
      <TestCategory>
        <TestCategoryItem TestCategory="Entities" />
        <TestCategoryItem TestCategory="SystemIntegration" />
      </TestCategory>
      <Execution id="3cbfd5df-b059-448c-b128-5aa1f7854fe6" />
      <TestMethod codeBase="F:\ETWork\bin\Tests\SysIntgTests.iCore.Common.Entities.dll" adapterTypeName="Microsoft.VisualStudio.TestTools.TestTypes.Unit.UnitTestAdapter" className="SysIntgTests.iCore.Common.Entities.EventHandlerTests" name="List_ContainsEachKnownEventHandlerOnce (Data Row 1)" />
    </UnitTest>
    <UnitTest name="List_ShouldSetSystemContextCorrectly" storage="f:\etwork\bin\tests\sysintgtests.icore.common.entities.dll" id="e80bb6f4-cb57-b5c8-692b-4e1b46f3f73c">
      <TestCategory>
        <TestCategoryItem TestCategory="Entities" />
        <TestCategoryItem TestCategory="SystemIntegration" />
      </TestCategory>
      <Execution id="b0b5c4c2-5827-43be-9f42-7d9994768394" />
      <TestMethod codeBase="F:\ETWork\bin\Tests\SysIntgTests.iCore.Common.Entities.dll" adapterTypeName="Microsoft.VisualStudio.TestTools.TestTypes.Unit.UnitTestAdapter" className="SysIntgTests.iCore.Common.Entities.EventHandlerTests" name="List_ShouldSetSystemContextCorrectly" />
    </UnitTest>
    <UnitTest name="GetByName_NullName_ThrowsArgumentNullException" storage="f:\etwork\bin\tests\sysintgtests.icore.common.entities.dll" id="16bcfa8b-1cec-8756-fc97-02c77f2bd808">
      <TestCategory>
        <TestCategoryItem TestCategory="Entities" />
        <TestCategoryItem TestCategory="SystemIntegration" />
      </TestCategory>
      <Execution id="bc5af065-3555-4ef1-bc3d-20d8aea5f998" />
      <TestMethod codeBase="F:\ETWork\bin\Tests\SysIntgTests.iCore.Common.Entities.dll" adapterTypeName="Microsoft.VisualStudio.TestTools.TestTypes.Unit.UnitTestAdapter" className="SysIntgTests.iCore.Common.Entities.EventHandlerTests" name="GetByName_NullName_ThrowsArgumentNullException" />
    </UnitTest>
    <UnitTest name="GetByName_NewGuid_ThrowsEntityNotFoundException" storage="f:\etwork\bin\tests\sysintgtests.icore.common.entities.dll" id="014b9e90-2dcf-0a1c-c4a5-d7a4bcc318f2">
      <TestCategory>
        <TestCategoryItem TestCategory="Entities" />
        <TestCategoryItem TestCategory="SystemIntegration" />
      </TestCategory>
      <Execution id="92eec34b-d980-474b-9a3b-302b5389b5f8" />
      <TestMethod codeBase="F:\ETWork\bin\Tests\SysIntgTests.iCore.Common.Entities.dll" adapterTypeName="Microsoft.VisualStudio.TestTools.TestTypes.Unit.UnitTestAdapter" className="SysIntgTests.iCore.Common.Entities.EventHandlerTests" name="GetByName_NewGuid_ThrowsEntityNotFoundException" />
    </UnitTest>
    <UnitTest name="GetByName_KnownEventHandlerName_ReturnsEntityWithCorrectProperties (Data Row 0)" storage="f:\etwork\bin\tests\sysintgtests.icore.common.entities.dll" id="0fb683c3-3632-4ddf-b0f2-d5ab6ebee5b7">
      <TestCategory>
        <TestCategoryItem TestCategory="Entities" />
        <TestCategoryItem TestCategory="SystemIntegration" />
      </TestCategory>
      <Execution id="20840753-b6bf-4f79-88fa-51a6d5ab6de8" />
      <TestMethod codeBase="F:\ETWork\bin\Tests\SysIntgTests.iCore.Common.Entities.dll" adapterTypeName="Microsoft.VisualStudio.TestTools.TestTypes.Unit.UnitTestAdapter" className="SysIntgTests.iCore.Common.Entities.EventHandlerTests" name="GetByName_KnownEventHandlerName_ReturnsEntityWithCorrectProperties (Data Row 0)" />
    </UnitTest>
    <UnitTest name="GetByName_KnownEventHandlerName_ReturnsEntityWithCorrectProperties (Data Row 1)" storage="f:\etwork\bin\tests\sysintgtests.icore.common.entities.dll" id="431a5e6a-fe9d-43a3-839a-1797081001e8">
      <TestCategory>
        <TestCategoryItem TestCategory="Entities" />
        <TestCategoryItem TestCategory="SystemIntegration" />
      </TestCategory>
      <Execution id="d04d2952-dadf-4455-b840-c84111deabef" />
      <TestMethod codeBase="F:\ETWork\bin\Tests\SysIntgTests.iCore.Common.Entities.dll" adapterTypeName="Microsoft.VisualStudio.TestTools.TestTypes.Unit.UnitTestAdapter" className="SysIntgTests.iCore.Common.Entities.EventHandlerTests" name="GetByName_KnownEventHandlerName_ReturnsEntityWithCorrectProperties (Data Row 1)" />
    </UnitTest>
    <UnitTest name="GetById_NewGuid_ThrowsEntityNotFoundException" storage="f:\etwork\bin\tests\sysintgtests.icore.common.entities.dll" id="2f8de2c1-c3ee-310e-8c99-d09e267911ee">
      <TestCategory>
        <TestCategoryItem TestCategory="Entities" />
        <TestCategoryItem TestCategory="SystemIntegration" />
      </TestCategory>
      <Execution id="39bbb818-b644-473b-826e-439793d234f9" />
      <TestMethod codeBase="F:\ETWork\bin\Tests\SysIntgTests.iCore.Common.Entities.dll" adapterTypeName="Microsoft.VisualStudio.TestTools.TestTypes.Unit.UnitTestAdapter" className="SysIntgTests.iCore.Common.Entities.EventHandlerTests" name="GetById_NewGuid_ThrowsEntityNotFoundException" />
    </UnitTest>
    <UnitTest name="GetById_KnownEventHandlerId_ReturnsEntityWithCorrectProperties (Data Row 0)" storage="f:\etwork\bin\tests\sysintgtests.icore.common.entities.dll" id="128f33b3-ad11-4e0f-a9e7-77e2a6af6331">
      <TestCategory>
        <TestCategoryItem TestCategory="Entities" />
        <TestCategoryItem TestCategory="SystemIntegration" />
      </TestCategory>
      <Execution id="00d01f3c-6383-4e59-9804-306dcea8087f" />
      <TestMethod codeBase="F:\ETWork\bin\Tests\SysIntgTests.iCore.Common.Entities.dll" adapterTypeName="Microsoft.VisualStudio.TestTools.TestTypes.Unit.UnitTestAdapter" className="SysIntgTests.iCore.Common.Entities.EventHandlerTests" name="GetById_KnownEventHandlerId_ReturnsEntityWithCorrectProperties (Data Row 0)" />
    </UnitTest>
    <UnitTest name="GetById_KnownEventHandlerId_ReturnsEntityWithCorrectProperties (Data Row 1)" storage="f:\etwork\bin\tests\sysintgtests.icore.common.entities.dll" id="ea0012c2-34ee-464d-9150-85cfd5b3fcda">
      <TestCategory>
        <TestCategoryItem TestCategory="Entities" />
        <TestCategoryItem TestCategory="SystemIntegration" />
      </TestCategory>
      <Execution id="33480b9f-df63-4c5f-8a50-5074af1e981c" />
      <TestMethod codeBase="F:\ETWork\bin\Tests\SysIntgTests.iCore.Common.Entities.dll" adapterTypeName="Microsoft.VisualStudio.TestTools.TestTypes.Unit.UnitTestAdapter" className="SysIntgTests.iCore.Common.Entities.EventHandlerTests" name="GetById_KnownEventHandlerId_ReturnsEntityWithCorrectProperties (Data Row 1)" />
    </UnitTest>
    <UnitTest name="TryGetById_NewGuid_ReturnsNull" storage="f:\etwork\bin\tests\sysintgtests.icore.common.entities.dll" id="75f082a9-e784-30c2-1b04-352eeb77b695">
      <TestCategory>
        <TestCategoryItem TestCategory="Entities" />
        <TestCategoryItem TestCategory="SystemIntegration" />
      </TestCategory>
      <Execution id="feecc309-1fd3-4e0a-b3cf-3e914ac89cee" />
      <TestMethod codeBase="F:\ETWork\bin\Tests\SysIntgTests.iCore.Common.Entities.dll" adapterTypeName="Microsoft.VisualStudio.TestTools.TestTypes.Unit.UnitTestAdapter" className="SysIntgTests.iCore.Common.Entities.EventHandlerTests" name="TryGetById_NewGuid_ReturnsNull" />
    </UnitTest>
    <UnitTest name="TryGetById_KnownEventHandlerId_ReturnsEntityWithCorrectProperties (Data Row 0)" storage="f:\etwork\bin\tests\sysintgtests.icore.common.entities.dll" id="2afd4214-f3ee-4037-b157-0af59ecf1395">
      <TestCategory>
        <TestCategoryItem TestCategory="Entities" />
        <TestCategoryItem TestCategory="SystemIntegration" />
      </TestCategory>
      <Execution id="0d250a9c-0dc7-46a0-a181-baaa7f8656c8" />
      <TestMethod codeBase="F:\ETWork\bin\Tests\SysIntgTests.iCore.Common.Entities.dll" adapterTypeName="Microsoft.VisualStudio.TestTools.TestTypes.Unit.UnitTestAdapter" className="SysIntgTests.iCore.Common.Entities.EventHandlerTests" name="TryGetById_KnownEventHandlerId_ReturnsEntityWithCorrectProperties (Data Row 0)" />
    </UnitTest>
    <UnitTest name="TryGetById_KnownEventHandlerId_ReturnsEntityWithCorrectProperties (Data Row 1)" storage="f:\etwork\bin\tests\sysintgtests.icore.common.entities.dll" id="53892fcf-d518-4036-b989-5d1f5dafa490">
      <TestCategory>
        <TestCategoryItem TestCategory="Entities" />
        <TestCategoryItem TestCategory="SystemIntegration" />
      </TestCategory>
      <Execution id="9e79fe50-d8c0-4306-b8a7-4f0104963144" />
      <TestMethod codeBase="F:\ETWork\bin\Tests\SysIntgTests.iCore.Common.Entities.dll" adapterTypeName="Microsoft.VisualStudio.TestTools.TestTypes.Unit.UnitTestAdapter" className="SysIntgTests.iCore.Common.Entities.EventHandlerTests" name="TryGetById_KnownEventHandlerId_ReturnsEntityWithCorrectProperties (Data Row 1)" />
    </UnitTest>
    <UnitTest name="GetByKey_NewGuid_ThrowsEntityNotFoundException" storage="f:\etwork\bin\tests\sysintgtests.icore.common.entities.dll" id="fae8ca15-4930-8dc3-b097-81b19107ff16">
      <TestCategory>
        <TestCategoryItem TestCategory="Entities" />
        <TestCategoryItem TestCategory="SystemIntegration" />
      </TestCategory>
      <Execution id="a1b042d7-fb88-41ff-a6fc-9664d51b777b" />
      <TestMethod codeBase="F:\ETWork\bin\Tests\SysIntgTests.iCore.Common.Entities.dll" adapterTypeName="Microsoft.VisualStudio.TestTools.TestTypes.Unit.UnitTestAdapter" className="SysIntgTests.iCore.Common.Entities.EventHandlerTests" name="GetByKey_NewGuid_ThrowsEntityNotFoundException" />
    </UnitTest>
    <UnitTest name="GetByKey_KnownEventHandlerKey_ReturnsEntityWithCorrectProperties (Data Row 0)" storage="f:\etwork\bin\tests\sysintgtests.icore.common.entities.dll" id="5b3e205d-5e9a-4f88-ab3e-f3c974bd2c9b">
      <TestCategory>
        <TestCategoryItem TestCategory="Entities" />
        <TestCategoryItem TestCategory="SystemIntegration" />
      </TestCategory>
      <Execution id="2785f08c-ba99-454c-8675-b5411ab7c3a7" />
      <TestMethod codeBase="F:\ETWork\bin\Tests\SysIntgTests.iCore.Common.Entities.dll" adapterTypeName="Microsoft.VisualStudio.TestTools.TestTypes.Unit.UnitTestAdapter" className="SysIntgTests.iCore.Common.Entities.EventHandlerTests" name="GetByKey_KnownEventHandlerKey_ReturnsEntityWithCorrectProperties (Data Row 0)" />
    </UnitTest>
    <UnitTest name="GetByKey_KnownEventHandlerKey_ReturnsEntityWithCorrectProperties (Data Row 1)" storage="f:\etwork\bin\tests\sysintgtests.icore.common.entities.dll" id="030d627c-a7f5-4792-b578-455f91714929">
      <TestCategory>
        <TestCategoryItem TestCategory="Entities" />
        <TestCategoryItem TestCategory="SystemIntegration" />
      </TestCategory>
      <Execution id="41703125-bf53-403a-8823-4477998a7bcc" />
      <TestMethod codeBase="F:\ETWork\bin\Tests\SysIntgTests.iCore.Common.Entities.dll" adapterTypeName="Microsoft.VisualStudio.TestTools.TestTypes.Unit.UnitTestAdapter" className="SysIntgTests.iCore.Common.Entities.EventHandlerTests" name="GetByKey_KnownEventHandlerKey_ReturnsEntityWithCorrectProperties (Data Row 1)" />
    </UnitTest>
    <UnitTest name="GetByKey_UnsupportedKey_ThrowsArgumentException" storage="f:\etwork\bin\tests\sysintgtests.icore.common.entities.dll" id="1835a9b1-569f-fa47-e993-903211910619">
      <TestCategory>
        <TestCategoryItem TestCategory="Entities" />
        <TestCategoryItem TestCategory="SystemIntegration" />
      </TestCategory>
      <Execution id="c1815d90-bdf5-4eed-88bc-5cc1fb97c16f" />
      <TestMethod codeBase="F:\ETWork\bin\Tests\SysIntgTests.iCore.Common.Entities.dll" adapterTypeName="Microsoft.VisualStudio.TestTools.TestTypes.Unit.UnitTestAdapter" className="SysIntgTests.iCore.Common.Entities.EventHandlerTests" name="GetByKey_UnsupportedKey_ThrowsArgumentException" />
    </UnitTest>
    <UnitTest name="Delete_UnusedEventHandler_SuccessfullyDeletesEventHandler" storage="f:\etwork\bin\tests\sysintgtests.icore.common.entities.dll" id="56a84e48-c9b3-825e-f84b-52d65c66e0d5">
      <TestCategory>
        <TestCategoryItem TestCategory="Entities" />
        <TestCategoryItem TestCategory="SystemIntegration" />
      </TestCategory>
      <Execution id="d8d4440e-3e08-4abc-a40c-6e1bf2d19975" />
      <TestMethod codeBase="F:\ETWork\bin\Tests\SysIntgTests.iCore.Common.Entities.dll" adapterTypeName="Microsoft.VisualStudio.TestTools.TestTypes.Unit.UnitTestAdapter" className="SysIntgTests.iCore.Common.Entities.EventHandlerTests" name="Delete_UnusedEventHandler_SuccessfullyDeletesEventHandler" />
    </UnitTest>
    <UnitTest name="Delete_NonDeletableEventHandler_ThrowsEntityDependencyException" storage="f:\etwork\bin\tests\sysintgtests.icore.common.entities.dll" id="92dab4a4-5049-398a-47d0-3f79a5eba604">
      <TestCategory>
        <TestCategoryItem TestCategory="Entities" />
        <TestCategoryItem TestCategory="SystemIntegration" />
      </TestCategory>
      <Execution id="78f08506-6743-474a-ab48-f9292b686372" />
      <TestMethod codeBase="F:\ETWork\bin\Tests\SysIntgTests.iCore.Common.Entities.dll" adapterTypeName="Microsoft.VisualStudio.TestTools.TestTypes.Unit.UnitTestAdapter" className="SysIntgTests.iCore.Common.Entities.EventHandlerTests" name="Delete_NonDeletableEventHandler_ThrowsEntityDependencyException" />
    </UnitTest>
    <UnitTest name="Delete_WithCascade_DispatchedJobExist_ThrowsEntityDependencyException" storage="f:\etwork\bin\tests\sysintgtests.icore.common.entities.dll" id="11199903-2d03-4332-16f5-a1c37b85ed13">
      <TestCategory>
        <TestCategoryItem TestCategory="Entities" />
        <TestCategoryItem TestCategory="SystemIntegration" />
      </TestCategory>
      <Execution id="03c13e83-622d-455b-b5a6-504bad8b00a0" />
      <TestMethod codeBase="F:\ETWork\bin\Tests\SysIntgTests.iCore.Common.Entities.dll" adapterTypeName="Microsoft.VisualStudio.TestTools.TestTypes.Unit.UnitTestAdapter" className="SysIntgTests.iCore.Common.Entities.EventHandlerTests" name="Delete_WithCascade_DispatchedJobExist_ThrowsEntityDependencyException" />
    </UnitTest>
    <UnitTest name="Delete_WithCascade_StartPendingJobExist_ThrowsEntityDependencyException" storage="f:\etwork\bin\tests\sysintgtests.icore.common.entities.dll" id="710a6889-5dfc-c732-0b90-55bf2ddac993">
      <TestCategory>
        <TestCategoryItem TestCategory="Entities" />
        <TestCategoryItem TestCategory="SystemIntegration" />
      </TestCategory>
      <Execution id="38672566-c98e-45ab-9f4b-5ecb9e74bd09" />
      <TestMethod codeBase="F:\ETWork\bin\Tests\SysIntgTests.iCore.Common.Entities.dll" adapterTypeName="Microsoft.VisualStudio.TestTools.TestTypes.Unit.UnitTestAdapter" className="SysIntgTests.iCore.Common.Entities.EventHandlerTests" name="Delete_WithCascade_StartPendingJobExist_ThrowsEntityDependencyException" />
    </UnitTest>
    <UnitTest name="Delete_WithCascade_RunningJobExist_ThrowsEntityDependencyException" storage="f:\etwork\bin\tests\sysintgtests.icore.common.entities.dll" id="52998856-19a9-f189-93d8-0f49e7a4287c">
      <TestCategory>
        <TestCategoryItem TestCategory="Entities" />
        <TestCategoryItem TestCategory="SystemIntegration" />
      </TestCategory>
      <Execution id="ab653e66-390d-44e9-a292-7c65fc32cfdc" />
      <TestMethod codeBase="F:\ETWork\bin\Tests\SysIntgTests.iCore.Common.Entities.dll" adapterTypeName="Microsoft.VisualStudio.TestTools.TestTypes.Unit.UnitTestAdapter" className="SysIntgTests.iCore.Common.Entities.EventHandlerTests" name="Delete_WithCascade_RunningJobExist_ThrowsEntityDependencyException" />
    </UnitTest>
    <UnitTest name="Delete_WithCascade_DispatchedPendingJobExist_Succeeds" storage="f:\etwork\bin\tests\sysintgtests.icore.common.entities.dll" id="80b6bf1f-247c-3356-871f-d17ab3bc0f90">
      <TestCategory>
        <TestCategoryItem TestCategory="Entities" />
        <TestCategoryItem TestCategory="SystemIntegration" />
      </TestCategory>
      <Execution id="3f61bb0e-597b-4ac8-8e5d-b6647bb12183" />
      <TestMethod codeBase="F:\ETWork\bin\Tests\SysIntgTests.iCore.Common.Entities.dll" adapterTypeName="Microsoft.VisualStudio.TestTools.TestTypes.Unit.UnitTestAdapter" className="SysIntgTests.iCore.Common.Entities.EventHandlerTests" name="Delete_WithCascade_DispatchedPendingJobExist_Succeeds" />
    </UnitTest>
    <UnitTest name="Delete_WithCascade_FinishedJobsExist_Succeeds" storage="f:\etwork\bin\tests\sysintgtests.icore.common.entities.dll" id="9d16ffbf-be81-4be2-0f67-e562be79f4c7">
      <TestCategory>
        <TestCategoryItem TestCategory="Entities" />
        <TestCategoryItem TestCategory="SystemIntegration" />
      </TestCategory>
      <Execution id="3b50d5e6-468a-4d20-a3ef-38d19959c166" />
      <TestMethod codeBase="F:\ETWork\bin\Tests\SysIntgTests.iCore.Common.Entities.dll" adapterTypeName="Microsoft.VisualStudio.TestTools.TestTypes.Unit.UnitTestAdapter" className="SysIntgTests.iCore.Common.Entities.EventHandlerTests" name="Delete_WithCascade_FinishedJobsExist_Succeeds" />
    </UnitTest>
    <UnitTest name="Add_NullName_ThrowsConditionalErrorException" storage="f:\etwork\bin\tests\sysintgtests.icore.common.entities.dll" id="b93419d8-c713-d1ad-e7fc-7aaedf8d86f0">
      <TestCategory>
        <TestCategoryItem TestCategory="Entities" />
        <TestCategoryItem TestCategory="SystemIntegration" />
      </TestCategory>
      <Execution id="95430ec6-a39f-4be7-afb9-1bf0dc061539" />
      <TestMethod codeBase="F:\ETWork\bin\Tests\SysIntgTests.iCore.Common.Entities.dll" adapterTypeName="Microsoft.VisualStudio.TestTools.TestTypes.Unit.UnitTestAdapter" className="SysIntgTests.iCore.Common.Entities.EventHandlerTests" name="Add_NullName_ThrowsConditionalErrorException" />
    </UnitTest>
    <UnitTest name="Add_EmptyName_ThrowsStringLengthErrorException" storage="f:\etwork\bin\tests\sysintgtests.icore.common.entities.dll" id="f8367486-0501-7765-77e4-a1c1dbd64cd8">
      <TestCategory>
        <TestCategoryItem TestCategory="Entities" />
        <TestCategoryItem TestCategory="SystemIntegration" />
      </TestCategory>
      <Execution id="50de75f1-b991-489f-91c2-24c92fe8b53f" />
      <TestMethod codeBase="F:\ETWork\bin\Tests\SysIntgTests.iCore.Common.Entities.dll" adapterTypeName="Microsoft.VisualStudio.TestTools.TestTypes.Unit.UnitTestAdapter" className="SysIntgTests.iCore.Common.Entities.EventHandlerTests" name="Add_EmptyName_ThrowsStringLengthErrorException" />
    </UnitTest>
    <UnitTest name="Add_WhiteSpaceOnlyName_ThrowsStringLengthErrorException" storage="f:\etwork\bin\tests\sysintgtests.icore.common.entities.dll" id="262e5d87-255b-fbe9-88d3-a0f7cc64b9a5">
      <TestCategory>
        <TestCategoryItem TestCategory="Entities" />
        <TestCategoryItem TestCategory="SystemIntegration" />
      </TestCategory>
      <Execution id="520dc622-fbd1-4a84-a4c3-042165485864" />
      <TestMethod codeBase="F:\ETWork\bin\Tests\SysIntgTests.iCore.Common.Entities.dll" adapterTypeName="Microsoft.VisualStudio.TestTools.TestTypes.Unit.UnitTestAdapter" className="SysIntgTests.iCore.Common.Entities.EventHandlerTests" name="Add_WhiteSpaceOnlyName_ThrowsStringLengthErrorException" />
    </UnitTest>
    <UnitTest name="Add_TooLongName_ThrowsStringLengthErrorException" storage="f:\etwork\bin\tests\sysintgtests.icore.common.entities.dll" id="797602cf-e6a5-de7f-b4bb-3eda8b2fb489">
      <TestCategory>
        <TestCategoryItem TestCategory="Entities" />
        <TestCategoryItem TestCategory="SystemIntegration" />
      </TestCategory>
      <Execution id="203cb00a-598c-4ff5-98bf-366ad3e3e698" />
      <TestMethod codeBase="F:\ETWork\bin\Tests\SysIntgTests.iCore.Common.Entities.dll" adapterTypeName="Microsoft.VisualStudio.TestTools.TestTypes.Unit.UnitTestAdapter" className="SysIntgTests.iCore.Common.Entities.EventHandlerTests" name="Add_TooLongName_ThrowsStringLengthErrorException" />
    </UnitTest>
    <UnitTest name="Add_LongDescription_Succeeds" storage="f:\etwork\bin\tests\sysintgtests.icore.common.entities.dll" id="4cd46871-2642-b521-ad1a-54483dd58c89">
      <TestCategory>
        <TestCategoryItem TestCategory="Entities" />
        <TestCategoryItem TestCategory="SystemIntegration" />
      </TestCategory>
      <Execution id="67ee827e-86ab-453a-8741-ff24f1e05c0d" />
      <TestMethod codeBase="F:\ETWork\bin\Tests\SysIntgTests.iCore.Common.Entities.dll" adapterTypeName="Microsoft.VisualStudio.TestTools.TestTypes.Unit.UnitTestAdapter" className="SysIntgTests.iCore.Common.Entities.EventHandlerTests" name="Add_LongDescription_Succeeds" />
    </UnitTest>
    <UnitTest name="Add_ValidProperties_IdAndTimesAreUpdatedCorrectly" storage="f:\etwork\bin\tests\sysintgtests.icore.common.entities.dll" id="260dff13-10a3-46ab-e664-bfa637460e4d">
      <TestCategory>
        <TestCategoryItem TestCategory="Entities" />
        <TestCategoryItem TestCategory="SystemIntegration" />
      </TestCategory>
      <Execution id="e0684cf2-cbb3-4d63-ac99-4deb2413467c" />
      <TestMethod codeBase="F:\ETWork\bin\Tests\SysIntgTests.iCore.Common.Entities.dll" adapterTypeName="Microsoft.VisualStudio.TestTools.TestTypes.Unit.UnitTestAdapter" className="SysIntgTests.iCore.Common.Entities.EventHandlerTests" name="Add_ValidProperties_IdAndTimesAreUpdatedCorrectly" />
    </UnitTest>
    <UnitTest name="Add_ComplexProperties_ArePersistedCorrectly" storage="f:\etwork\bin\tests\sysintgtests.icore.common.entities.dll" id="71c99f9c-8944-1134-2569-00fcbe598e04">
      <TestCategory>
        <TestCategoryItem TestCategory="Entities" />
        <TestCategoryItem TestCategory="SystemIntegration" />
      </TestCategory>
      <Execution id="cbdba38d-0e94-4d75-a320-ea8b17cb587b" />
      <TestMethod codeBase="F:\ETWork\bin\Tests\SysIntgTests.iCore.Common.Entities.dll" adapterTypeName="Microsoft.VisualStudio.TestTools.TestTypes.Unit.UnitTestAdapter" className="SysIntgTests.iCore.Common.Entities.EventHandlerTests" name="Add_ComplexProperties_ArePersistedCorrectly" />
    </UnitTest>
    <UnitTest name="Add_DuplicateName_ThrowsUniqueValueAddConflictException" storage="f:\etwork\bin\tests\sysintgtests.icore.common.entities.dll" id="b3d99045-8a38-5afb-842c-7fec4da9b6b8">
      <TestCategory>
        <TestCategoryItem TestCategory="Entities" />
        <TestCategoryItem TestCategory="SystemIntegration" />
      </TestCategory>
      <Execution id="151141fd-f5ad-4acb-b694-c29dfe12cf9b" />
      <TestMethod codeBase="F:\ETWork\bin\Tests\SysIntgTests.iCore.Common.Entities.dll" adapterTypeName="Microsoft.VisualStudio.TestTools.TestTypes.Unit.UnitTestAdapter" className="SysIntgTests.iCore.Common.Entities.EventHandlerTests" name="Add_DuplicateName_ThrowsUniqueValueAddConflictException" />
    </UnitTest>
    <UnitTest name="Add_SingleMatchEventWithDuplicateSelectionProperties_ThrowsUniqueValueAddConflictErrorException" storage="f:\etwork\bin\tests\sysintgtests.icore.common.entities.dll" id="e80e3b7d-3fd9-5f84-96ee-59825ba27c79">
      <TestCategory>
        <TestCategoryItem TestCategory="Entities" />
        <TestCategoryItem TestCategory="SystemIntegration" />
      </TestCategory>
      <Execution id="c58754e1-c745-47a7-8ab2-20b079b99be9" />
      <TestMethod codeBase="F:\ETWork\bin\Tests\SysIntgTests.iCore.Common.Entities.dll" adapterTypeName="Microsoft.VisualStudio.TestTools.TestTypes.Unit.UnitTestAdapter" className="SysIntgTests.iCore.Common.Entities.EventHandlerTests" name="Add_SingleMatchEventWithDuplicateSelectionProperties_ThrowsUniqueValueAddConflictErrorException" />
    </UnitTest>
    <UnitTest name="Add_SingleMatchEventWithDuplicateSelectionPropertiesSetToAll_ThrowsUniqueValueAddConflictErrorException" storage="f:\etwork\bin\tests\sysintgtests.icore.common.entities.dll" id="7211c057-fb1a-c74f-8bda-fa56407ef270">
      <TestCategory>
        <TestCategoryItem TestCategory="Entities" />
        <TestCategoryItem TestCategory="SystemIntegration" />
      </TestCategory>
      <Execution id="9f84cb52-2722-4f7c-ab9d-40eed5a872be" />
      <TestMethod codeBase="F:\ETWork\bin\Tests\SysIntgTests.iCore.Common.Entities.dll" adapterTypeName="Microsoft.VisualStudio.TestTools.TestTypes.Unit.UnitTestAdapter" className="SysIntgTests.iCore.Common.Entities.EventHandlerTests" name="Add_SingleMatchEventWithDuplicateSelectionPropertiesSetToAll_ThrowsUniqueValueAddConflictErrorException" />
    </UnitTest>
    <UnitTest name="Add_AllMatchEventWithDuplicateSelectionProperties_Succeeds" storage="f:\etwork\bin\tests\sysintgtests.icore.common.entities.dll" id="044e2634-0c27-c7dd-4a7a-af25049da98a">
      <TestCategory>
        <TestCategoryItem TestCategory="Entities" />
        <TestCategoryItem TestCategory="SystemIntegration" />
      </TestCategory>
      <Execution id="e2274452-4c14-4cf2-a9cc-45dda96f1886" />
      <TestMethod codeBase="F:\ETWork\bin\Tests\SysIntgTests.iCore.Common.Entities.dll" adapterTypeName="Microsoft.VisualStudio.TestTools.TestTypes.Unit.UnitTestAdapter" className="SysIntgTests.iCore.Common.Entities.EventHandlerTests" name="Add_AllMatchEventWithDuplicateSelectionProperties_Succeeds" />
    </UnitTest>
    <UnitTest name="Add_NonExistingPartner_ThrowsEntityNotFoundException" storage="f:\etwork\bin\tests\sysintgtests.icore.common.entities.dll" id="23015fc4-a3d1-ed5e-c39f-ed4b6c7af6c4">
      <TestCategory>
        <TestCategoryItem TestCategory="Entities" />
        <TestCategoryItem TestCategory="SystemIntegration" />
      </TestCategory>
      <Execution id="d9a92f52-890f-4dee-ae59-90db81e9face" />
      <TestMethod codeBase="F:\ETWork\bin\Tests\SysIntgTests.iCore.Common.Entities.dll" adapterTypeName="Microsoft.VisualStudio.TestTools.TestTypes.Unit.UnitTestAdapter" className="SysIntgTests.iCore.Common.Entities.EventHandlerTests" name="Add_NonExistingPartner_ThrowsEntityNotFoundException" />
    </UnitTest>
    <UnitTest name="Add_NonExistingNodeType_ThrowsEntityNotFoundException" storage="f:\etwork\bin\tests\sysintgtests.icore.common.entities.dll" id="d998f092-96c9-6b75-bc7e-d3e51c54bba1">
      <TestCategory>
        <TestCategoryItem TestCategory="Entities" />
        <TestCategoryItem TestCategory="SystemIntegration" />
      </TestCategory>
      <Execution id="9e809e30-c20e-438e-a3e9-01e3239636de" />
      <TestMethod codeBase="F:\ETWork\bin\Tests\SysIntgTests.iCore.Common.Entities.dll" adapterTypeName="Microsoft.VisualStudio.TestTools.TestTypes.Unit.UnitTestAdapter" className="SysIntgTests.iCore.Common.Entities.EventHandlerTests" name="Add_NonExistingNodeType_ThrowsEntityNotFoundException" />
    </UnitTest>
    <UnitTest name="Add_NonExistingNodeTypeVersion_ThrowsEntityNotFoundException" storage="f:\etwork\bin\tests\sysintgtests.icore.common.entities.dll" id="23f1441b-d236-dffe-cf6c-35dcacec9a82">
      <TestCategory>
        <TestCategoryItem TestCategory="Entities" />
        <TestCategoryItem TestCategory="SystemIntegration" />
      </TestCategory>
      <Execution id="660c54a8-c8aa-45ff-a118-a66f6a1b7ab8" />
      <TestMethod codeBase="F:\ETWork\bin\Tests\SysIntgTests.iCore.Common.Entities.dll" adapterTypeName="Microsoft.VisualStudio.TestTools.TestTypes.Unit.UnitTestAdapter" className="SysIntgTests.iCore.Common.Entities.EventHandlerTests" name="Add_NonExistingNodeTypeVersion_ThrowsEntityNotFoundException" />
    </UnitTest>
    <UnitTest name="Copy_TemplateIsNull_ThrowsArgumentNullException" storage="f:\etwork\bin\tests\sysintgtests.icore.common.entities.dll" id="a992875c-20ec-4bd5-3e93-c4e26f5cf5fc">
      <TestCategory>
        <TestCategoryItem TestCategory="Entities" />
        <TestCategoryItem TestCategory="SystemIntegration" />
      </TestCategory>
      <Execution id="e076f0bf-f73e-4ac1-b539-dd3f40b31648" />
      <TestMethod codeBase="F:\ETWork\bin\Tests\SysIntgTests.iCore.Common.Entities.dll" adapterTypeName="Microsoft.VisualStudio.TestTools.TestTypes.Unit.UnitTestAdapter" className="SysIntgTests.iCore.Common.Entities.EventHandlerTests" name="Copy_TemplateIsNull_ThrowsArgumentNullException" />
    </UnitTest>
    <UnitTest name="Copy_AllOverrideArgumentsAreNull_CopyGetsCorrectValues" storage="f:\etwork\bin\tests\sysintgtests.icore.common.entities.dll" id="e87df1a4-1a9f-e2b4-7f25-224fa9a0d71b">
      <TestCategory>
        <TestCategoryItem TestCategory="Entities" />
        <TestCategoryItem TestCategory="SystemIntegration" />
      </TestCategory>
      <Execution id="12dd4248-b417-4ca5-969a-6296a95e8eb0" />
      <TestMethod codeBase="F:\ETWork\bin\Tests\SysIntgTests.iCore.Common.Entities.dll" adapterTypeName="Microsoft.VisualStudio.TestTools.TestTypes.Unit.UnitTestAdapter" className="SysIntgTests.iCore.Common.Entities.EventHandlerTests" name="Copy_AllOverrideArgumentsAreNull_CopyGetsCorrectValues" />
    </UnitTest>
    <UnitTest name="Copy_AllOverrideArgumentsAreUsed_CopyGetsCorrectValues" storage="f:\etwork\bin\tests\sysintgtests.icore.common.entities.dll" id="0fee45d3-f042-4a7e-87f1-a3d50526ac6a">
      <TestCategory>
        <TestCategoryItem TestCategory="Entities" />
        <TestCategoryItem TestCategory="SystemIntegration" />
      </TestCategory>
      <Execution id="3cd802c1-9cf1-4382-aa0a-e2e70956d079" />
      <TestMethod codeBase="F:\ETWork\bin\Tests\SysIntgTests.iCore.Common.Entities.dll" adapterTypeName="Microsoft.VisualStudio.TestTools.TestTypes.Unit.UnitTestAdapter" className="SysIntgTests.iCore.Common.Entities.EventHandlerTests" name="Copy_AllOverrideArgumentsAreUsed_CopyGetsCorrectValues" />
    </UnitTest>
    <UnitTest name="Copy_OverriddenPartnerIdDoesNotExist_ThrowsEntityNotFoundException" storage="f:\etwork\bin\tests\sysintgtests.icore.common.entities.dll" id="8fad4614-e31a-ece3-6592-10bae4148fef">
      <TestCategory>
        <TestCategoryItem TestCategory="Entities" />
        <TestCategoryItem TestCategory="SystemIntegration" />
      </TestCategory>
      <Execution id="e023803f-d716-4fc6-a0da-f5032451fde4" />
      <TestMethod codeBase="F:\ETWork\bin\Tests\SysIntgTests.iCore.Common.Entities.dll" adapterTypeName="Microsoft.VisualStudio.TestTools.TestTypes.Unit.UnitTestAdapter" className="SysIntgTests.iCore.Common.Entities.EventHandlerTests" name="Copy_OverriddenPartnerIdDoesNotExist_ThrowsEntityNotFoundException" />
    </UnitTest>
    <UnitTest name="Copy_OverriddenNodeTypeIdDoesNotExist_ThrowsEntityNotFoundException" storage="f:\etwork\bin\tests\sysintgtests.icore.common.entities.dll" id="b713b6ee-798e-e05e-1e46-11818f502df8">
      <TestCategory>
        <TestCategoryItem TestCategory="Entities" />
        <TestCategoryItem TestCategory="SystemIntegration" />
      </TestCategory>
      <Execution id="271d2219-73b7-4bee-b9b4-34837c449e7d" />
      <TestMethod codeBase="F:\ETWork\bin\Tests\SysIntgTests.iCore.Common.Entities.dll" adapterTypeName="Microsoft.VisualStudio.TestTools.TestTypes.Unit.UnitTestAdapter" className="SysIntgTests.iCore.Common.Entities.EventHandlerTests" name="Copy_OverriddenNodeTypeIdDoesNotExist_ThrowsEntityNotFoundException" />
    </UnitTest>
    <UnitTest name="Copy_OverriddenNodeTypeVersionIdDoesNotExist_ThrowsEntityNotFoundException" storage="f:\etwork\bin\tests\sysintgtests.icore.common.entities.dll" id="15542ff0-a169-1817-7450-870f3244fbc4">
      <TestCategory>
        <TestCategoryItem TestCategory="Entities" />
        <TestCategoryItem TestCategory="SystemIntegration" />
      </TestCategory>
      <Execution id="fa61da46-9196-48f2-9fa5-a4c2b5e4a16c" />
      <TestMethod codeBase="F:\ETWork\bin\Tests\SysIntgTests.iCore.Common.Entities.dll" adapterTypeName="Microsoft.VisualStudio.TestTools.TestTypes.Unit.UnitTestAdapter" className="SysIntgTests.iCore.Common.Entities.EventHandlerTests" name="Copy_OverriddenNodeTypeVersionIdDoesNotExist_ThrowsEntityNotFoundException" />
    </UnitTest>
    <UnitTest name="Copy_OverriddenNameAlreadyExists_ThrowsValidationErrorException" storage="f:\etwork\bin\tests\sysintgtests.icore.common.entities.dll" id="ac3e00f0-bfca-cfd6-f3a4-b869b0878931">
      <TestCategory>
        <TestCategoryItem TestCategory="Entities" />
        <TestCategoryItem TestCategory="SystemIntegration" />
      </TestCategory>
      <Execution id="87fc8a24-f5da-4d04-bc72-2874fb7ee87e" />
      <TestMethod codeBase="F:\ETWork\bin\Tests\SysIntgTests.iCore.Common.Entities.dll" adapterTypeName="Microsoft.VisualStudio.TestTools.TestTypes.Unit.UnitTestAdapter" className="SysIntgTests.iCore.Common.Entities.EventHandlerTests" name="Copy_OverriddenNameAlreadyExists_ThrowsValidationErrorException" />
    </UnitTest>
    <UnitTest name="Copy_OverriddenNameIsEmpty_ThrowsStringLengthErrorException" storage="f:\etwork\bin\tests\sysintgtests.icore.common.entities.dll" id="70c1419c-890e-3894-aca3-507c0ab84845">
      <TestCategory>
        <TestCategoryItem TestCategory="Entities" />
        <TestCategoryItem TestCategory="SystemIntegration" />
      </TestCategory>
      <Execution id="55806e0e-a25b-432f-bfbe-44d894c472e5" />
      <TestMethod codeBase="F:\ETWork\bin\Tests\SysIntgTests.iCore.Common.Entities.dll" adapterTypeName="Microsoft.VisualStudio.TestTools.TestTypes.Unit.UnitTestAdapter" className="SysIntgTests.iCore.Common.Entities.EventHandlerTests" name="Copy_OverriddenNameIsEmpty_ThrowsStringLengthErrorException" />
    </UnitTest>
    <UnitTest name="Copy_OverriddenDescriptionIsEmpty_CopysDescriptionIsEmpty" storage="f:\etwork\bin\tests\sysintgtests.icore.common.entities.dll" id="83aec82b-fd78-57e6-b501-9c9a64d172a6">
      <TestCategory>
        <TestCategoryItem TestCategory="Entities" />
        <TestCategoryItem TestCategory="SystemIntegration" />
      </TestCategory>
      <Execution id="48c6806d-c7fb-4963-97e6-e38c1c610fd8" />
      <TestMethod codeBase="F:\ETWork\bin\Tests\SysIntgTests.iCore.Common.Entities.dll" adapterTypeName="Microsoft.VisualStudio.TestTools.TestTypes.Unit.UnitTestAdapter" className="SysIntgTests.iCore.Common.Entities.EventHandlerTests" name="Copy_OverriddenDescriptionIsEmpty_CopysDescriptionIsEmpty" />
    </UnitTest>
    <UnitTest name="Update_NullName_ThrowsConditionalErrorException" storage="f:\etwork\bin\tests\sysintgtests.icore.common.entities.dll" id="dbf509ab-0907-74d2-a29d-eacd243610ae">
      <TestCategory>
        <TestCategoryItem TestCategory="Entities" />
        <TestCategoryItem TestCategory="SystemIntegration" />
      </TestCategory>
      <Execution id="524a74e7-55b9-4e0d-b319-5bb87e999d95" />
      <TestMethod codeBase="F:\ETWork\bin\Tests\SysIntgTests.iCore.Common.Entities.dll" adapterTypeName="Microsoft.VisualStudio.TestTools.TestTypes.Unit.UnitTestAdapter" className="SysIntgTests.iCore.Common.Entities.EventHandlerTests" name="Update_NullName_ThrowsConditionalErrorException" />
    </UnitTest>
    <UnitTest name="Update_EmtpyName_ThrowsStringLengthErrorException" storage="f:\etwork\bin\tests\sysintgtests.icore.common.entities.dll" id="ea6fc3cd-d794-3012-4a24-ad85d1a8c482">
      <TestCategory>
        <TestCategoryItem TestCategory="Entities" />
        <TestCategoryItem TestCategory="SystemIntegration" />
      </TestCategory>
      <Execution id="e4b75e2f-fa7a-4d0f-abd7-0428ef304066" />
      <TestMethod codeBase="F:\ETWork\bin\Tests\SysIntgTests.iCore.Common.Entities.dll" adapterTypeName="Microsoft.VisualStudio.TestTools.TestTypes.Unit.UnitTestAdapter" className="SysIntgTests.iCore.Common.Entities.EventHandlerTests" name="Update_EmtpyName_ThrowsStringLengthErrorException" />
    </UnitTest>
    <UnitTest name="Update_WhitespaceOnlyName_ThrowsStringLengthErrorException" storage="f:\etwork\bin\tests\sysintgtests.icore.common.entities.dll" id="27cd9546-210f-59b8-1dc7-13f0ab87e874">
      <TestCategory>
        <TestCategoryItem TestCategory="Entities" />
        <TestCategoryItem TestCategory="SystemIntegration" />
      </TestCategory>
      <Execution id="ca4a4647-5bdc-436a-85af-152bd0be4ee3" />
      <TestMethod codeBase="F:\ETWork\bin\Tests\SysIntgTests.iCore.Common.Entities.dll" adapterTypeName="Microsoft.VisualStudio.TestTools.TestTypes.Unit.UnitTestAdapter" className="SysIntgTests.iCore.Common.Entities.EventHandlerTests" name="Update_WhitespaceOnlyName_ThrowsStringLengthErrorException" />
    </UnitTest>
    <UnitTest name="Update_TooLongName_ThrowsStringLengthErrorException" storage="f:\etwork\bin\tests\sysintgtests.icore.common.entities.dll" id="44a10e14-5e01-1056-e0d2-ace84858109c">
      <TestCategory>
        <TestCategoryItem TestCategory="Entities" />
        <TestCategoryItem TestCategory="SystemIntegration" />
      </TestCategory>
      <Execution id="d2a68c02-6d18-422f-b022-2511995b3637" />
      <TestMethod codeBase="F:\ETWork\bin\Tests\SysIntgTests.iCore.Common.Entities.dll" adapterTypeName="Microsoft.VisualStudio.TestTools.TestTypes.Unit.UnitTestAdapter" className="SysIntgTests.iCore.Common.Entities.EventHandlerTests" name="Update_TooLongName_ThrowsStringLengthErrorException" />
    </UnitTest>
    <UnitTest name="Update_LongDescription_Succeeds" storage="f:\etwork\bin\tests\sysintgtests.icore.common.entities.dll" id="fc394f36-8e4e-f195-840a-3b47bdbcdc90">
      <TestCategory>
        <TestCategoryItem TestCategory="Entities" />
        <TestCategoryItem TestCategory="SystemIntegration" />
      </TestCategory>
      <Execution id="10a11805-877d-4866-9af6-17c396e13a48" />
      <TestMethod codeBase="F:\ETWork\bin\Tests\SysIntgTests.iCore.Common.Entities.dll" adapterTypeName="Microsoft.VisualStudio.TestTools.TestTypes.Unit.UnitTestAdapter" className="SysIntgTests.iCore.Common.Entities.EventHandlerTests" name="Update_LongDescription_Succeeds" />
    </UnitTest>
    <UnitTest name="Update_DuplicateName_ThrowsUniqueValueAddConflictException" storage="f:\etwork\bin\tests\sysintgtests.icore.common.entities.dll" id="0d66ff25-8878-a1a7-246a-7899a2a513f8">
      <TestCategory>
        <TestCategoryItem TestCategory="Entities" />
        <TestCategoryItem TestCategory="SystemIntegration" />
      </TestCategory>
      <Execution id="371ac9f2-8f1f-4405-b38d-719830ecdece" />
      <TestMethod codeBase="F:\ETWork\bin\Tests\SysIntgTests.iCore.Common.Entities.dll" adapterTypeName="Microsoft.VisualStudio.TestTools.TestTypes.Unit.UnitTestAdapter" className="SysIntgTests.iCore.Common.Entities.EventHandlerTests" name="Update_DuplicateName_ThrowsUniqueValueAddConflictException" />
    </UnitTest>
    <UnitTest name="Update_ComplexProperties_ArePersistedCorrectly" storage="f:\etwork\bin\tests\sysintgtests.icore.common.entities.dll" id="7c7d6967-7b4a-4acf-48c9-23e15b184ca1">
      <TestCategory>
        <TestCategoryItem TestCategory="Entities" />
        <TestCategoryItem TestCategory="SystemIntegration" />
      </TestCategory>
      <Execution id="e108c5da-3a37-4a72-82b7-9adfff89ad12" />
      <TestMethod codeBase="F:\ETWork\bin\Tests\SysIntgTests.iCore.Common.Entities.dll" adapterTypeName="Microsoft.VisualStudio.TestTools.TestTypes.Unit.UnitTestAdapter" className="SysIntgTests.iCore.Common.Entities.EventHandlerTests" name="Update_ComplexProperties_ArePersistedCorrectly" />
    </UnitTest>
    <UnitTest name="Update_SingleMatchEventWithDuplicateSelectionProperties_ThrowsUniqueValueAddConflictErrorException" storage="f:\etwork\bin\tests\sysintgtests.icore.common.entities.dll" id="c7501fe3-852a-0822-2623-684bd2980fe8">
      <TestCategory>
        <TestCategoryItem TestCategory="Entities" />
        <TestCategoryItem TestCategory="SystemIntegration" />
      </TestCategory>
      <Execution id="08943123-cba4-439d-bd47-5861fc806b07" />
      <TestMethod codeBase="F:\ETWork\bin\Tests\SysIntgTests.iCore.Common.Entities.dll" adapterTypeName="Microsoft.VisualStudio.TestTools.TestTypes.Unit.UnitTestAdapter" className="SysIntgTests.iCore.Common.Entities.EventHandlerTests" name="Update_SingleMatchEventWithDuplicateSelectionProperties_ThrowsUniqueValueAddConflictErrorException" />
    </UnitTest>
    <UnitTest name="Update_AllMatchEventWithDuplicateSelectionProperties_Succeeds" storage="f:\etwork\bin\tests\sysintgtests.icore.common.entities.dll" id="f549e438-a40c-6682-cba7-d1a131bd86e2">
      <TestCategory>
        <TestCategoryItem TestCategory="Entities" />
        <TestCategoryItem TestCategory="SystemIntegration" />
      </TestCategory>
      <Execution id="7b0ac3dc-b793-41e4-8cd8-48c964d7a76d" />
      <TestMethod codeBase="F:\ETWork\bin\Tests\SysIntgTests.iCore.Common.Entities.dll" adapterTypeName="Microsoft.VisualStudio.TestTools.TestTypes.Unit.UnitTestAdapter" className="SysIntgTests.iCore.Common.Entities.EventHandlerTests" name="Update_AllMatchEventWithDuplicateSelectionProperties_Succeeds" />
    </UnitTest>
    <UnitTest name="RepositoryEntityTypeId_ReturnsComponentConfiguration" storage="f:\etwork\bin\tests\sysintgtests.icore.common.entities.dll" id="c2d54e1c-e2aa-2b8a-9d9c-d993452b14a3">
      <TestCategory>
        <TestCategoryItem TestCategory="Entities" />
        <TestCategoryItem TestCategory="SystemIntegration" />
      </TestCategory>
      <Execution id="5bea9207-4141-4e39-b419-33ac3ee7fb2e" />
      <TestMethod codeBase="F:\ETWork\bin\Tests\SysIntgTests.iCore.Common.Entities.dll" adapterTypeName="Microsoft.VisualStudio.TestTools.TestTypes.Unit.UnitTestAdapter" className="SysIntgTests.iCore.Common.Entities.ComponentConfigurationTests" name="RepositoryEntityTypeId_ReturnsComponentConfiguration" />
    </UnitTest>
    <UnitTest name="RepositoryEntityType_ReturnsIComponentConfiguration" storage="f:\etwork\bin\tests\sysintgtests.icore.common.entities.dll" id="a9bc3a82-6270-e010-5971-ce2fc233204b">
      <TestCategory>
        <TestCategoryItem TestCategory="Entities" />
        <TestCategoryItem TestCategory="SystemIntegration" />
      </TestCategory>
      <Execution id="29ee6aba-4455-4c62-ac25-1de1f23704d2" />
      <TestMethod codeBase="F:\ETWork\bin\Tests\SysIntgTests.iCore.Common.Entities.dll" adapterTypeName="Microsoft.VisualStudio.TestTools.TestTypes.Unit.UnitTestAdapter" className="SysIntgTests.iCore.Common.Entities.ComponentConfigurationTests" name="RepositoryEntityType_ReturnsIComponentConfiguration" />
    </UnitTest>
    <UnitTest name="RepositorySystemContext_MatchesActualSystemContext" storage="f:\etwork\bin\tests\sysintgtests.icore.common.entities.dll" id="114a5f61-327d-5958-6e74-21d4e1dac82b">
      <TestCategory>
        <TestCategoryItem TestCategory="Entities" />
        <TestCategoryItem TestCategory="SystemIntegration" />
      </TestCategory>
      <Execution id="dfde4041-fdbd-475b-b5c2-ac6e2cbd4fb3" />
      <TestMethod codeBase="F:\ETWork\bin\Tests\SysIntgTests.iCore.Common.Entities.dll" adapterTypeName="Microsoft.VisualStudio.TestTools.TestTypes.Unit.UnitTestAdapter" className="SysIntgTests.iCore.Common.Entities.ComponentConfigurationTests" name="RepositorySystemContext_MatchesActualSystemContext" />
    </UnitTest>
    <UnitTest name="Exists_KnownComponentId_ReturnsTrue (Data Row 0)" storage="f:\etwork\bin\tests\sysintgtests.icore.common.entities.dll" id="6f27a1e1-3c2c-4599-8fab-f6c20240f34f">
      <TestCategory>
        <TestCategoryItem TestCategory="Entities" />
        <TestCategoryItem TestCategory="SystemIntegration" />
      </TestCategory>
      <Execution id="84af456d-44b3-4517-a774-4811bafb31d5" />
      <TestMethod codeBase="F:\ETWork\bin\Tests\SysIntgTests.iCore.Common.Entities.dll" adapterTypeName="Microsoft.VisualStudio.TestTools.TestTypes.Unit.UnitTestAdapter" className="SysIntgTests.iCore.Common.Entities.ComponentConfigurationTests" name="Exists_KnownComponentId_ReturnsTrue (Data Row 0)" />
    </UnitTest>
    <UnitTest name="Exists_KnownComponentId_ReturnsTrue (Data Row 1)" storage="f:\etwork\bin\tests\sysintgtests.icore.common.entities.dll" id="e727fe38-04b7-4975-8761-ce04a03b565f">
      <TestCategory>
        <TestCategoryItem TestCategory="Entities" />
        <TestCategoryItem TestCategory="SystemIntegration" />
      </TestCategory>
      <Execution id="b810429c-3b3f-40bc-9eae-e12628b4f32a" />
      <TestMethod codeBase="F:\ETWork\bin\Tests\SysIntgTests.iCore.Common.Entities.dll" adapterTypeName="Microsoft.VisualStudio.TestTools.TestTypes.Unit.UnitTestAdapter" className="SysIntgTests.iCore.Common.Entities.ComponentConfigurationTests" name="Exists_KnownComponentId_ReturnsTrue (Data Row 1)" />
    </UnitTest>
    <UnitTest name="Exists_KnownComponentId_ReturnsTrue (Data Row 2)" storage="f:\etwork\bin\tests\sysintgtests.icore.common.entities.dll" id="a15dcecd-a7c6-4792-8aac-33a87012dbd8">
      <TestCategory>
        <TestCategoryItem TestCategory="Entities" />
        <TestCategoryItem TestCategory="SystemIntegration" />
      </TestCategory>
      <Execution id="15e9f90d-3c03-4bc0-86be-120d2b07c62a" />
      <TestMethod codeBase="F:\ETWork\bin\Tests\SysIntgTests.iCore.Common.Entities.dll" adapterTypeName="Microsoft.VisualStudio.TestTools.TestTypes.Unit.UnitTestAdapter" className="SysIntgTests.iCore.Common.Entities.ComponentConfigurationTests" name="Exists_KnownComponentId_ReturnsTrue (Data Row 2)" />
    </UnitTest>
    <UnitTest name="Exists_NonExistingComponentConfigurationId_ReturnsFalse" storage="f:\etwork\bin\tests\sysintgtests.icore.common.entities.dll" id="5ac59f26-1e49-2c63-c77f-57e1fe75f3ac">
      <TestCategory>
        <TestCategoryItem TestCategory="Entities" />
        <TestCategoryItem TestCategory="SystemIntegration" />
      </TestCategory>
      <Execution id="fea6ea11-715f-437f-b534-910008f78ff8" />
      <TestMethod codeBase="F:\ETWork\bin\Tests\SysIntgTests.iCore.Common.Entities.dll" adapterTypeName="Microsoft.VisualStudio.TestTools.TestTypes.Unit.UnitTestAdapter" className="SysIntgTests.iCore.Common.Entities.ComponentConfigurationTests" name="Exists_NonExistingComponentConfigurationId_ReturnsFalse" />
    </UnitTest>
    <UnitTest name="Exists_UnsupportedKey_ThrowsArgumentException" storage="f:\etwork\bin\tests\sysintgtests.icore.common.entities.dll" id="5d1500d8-a384-3c48-5747-602e982d4ca7">
      <TestCategory>
        <TestCategoryItem TestCategory="Entities" />
        <TestCategoryItem TestCategory="SystemIntegration" />
      </TestCategory>
      <Execution id="1d0883f0-dce6-4516-875c-bea73773a316" />
      <TestMethod codeBase="F:\ETWork\bin\Tests\SysIntgTests.iCore.Common.Entities.dll" adapterTypeName="Microsoft.VisualStudio.TestTools.TestTypes.Unit.UnitTestAdapter" className="SysIntgTests.iCore.Common.Entities.ComponentConfigurationTests" name="Exists_UnsupportedKey_ThrowsArgumentException" />
    </UnitTest>
    <UnitTest name="Exists_KnownComponentKey_ReturnsTrue (Data Row 0)" storage="f:\etwork\bin\tests\sysintgtests.icore.common.entities.dll" id="f0ad2314-11ac-4f14-9628-003cf38415b1">
      <TestCategory>
        <TestCategoryItem TestCategory="Entities" />
        <TestCategoryItem TestCategory="SystemIntegration" />
      </TestCategory>
      <Execution id="3df31d8c-42f1-4776-bf17-691b0b6a342d" />
      <TestMethod codeBase="F:\ETWork\bin\Tests\SysIntgTests.iCore.Common.Entities.dll" adapterTypeName="Microsoft.VisualStudio.TestTools.TestTypes.Unit.UnitTestAdapter" className="SysIntgTests.iCore.Common.Entities.ComponentConfigurationTests" name="Exists_KnownComponentKey_ReturnsTrue (Data Row 0)" />
    </UnitTest>
    <UnitTest name="Exists_KnownComponentKey_ReturnsTrue (Data Row 1)" storage="f:\etwork\bin\tests\sysintgtests.icore.common.entities.dll" id="527fefc1-b5aa-4209-854c-3634cf1613cd">
      <TestCategory>
        <TestCategoryItem TestCategory="Entities" />
        <TestCategoryItem TestCategory="SystemIntegration" />
      </TestCategory>
      <Execution id="46120818-5578-491e-bd40-05e114cf78e6" />
      <TestMethod codeBase="F:\ETWork\bin\Tests\SysIntgTests.iCore.Common.Entities.dll" adapterTypeName="Microsoft.VisualStudio.TestTools.TestTypes.Unit.UnitTestAdapter" className="SysIntgTests.iCore.Common.Entities.ComponentConfigurationTests" name="Exists_KnownComponentKey_ReturnsTrue (Data Row 1)" />
    </UnitTest>
    <UnitTest name="Exists_KnownComponentKey_ReturnsTrue (Data Row 2)" storage="f:\etwork\bin\tests\sysintgtests.icore.common.entities.dll" id="fb964eef-3ebe-437e-9e3b-1b2b3c245ade">
      <TestCategory>
        <TestCategoryItem TestCategory="Entities" />
        <TestCategoryItem TestCategory="SystemIntegration" />
      </TestCategory>
      <Execution id="dd3f5b55-e994-4634-bb2a-cdfed8f0a059" />
      <TestMethod codeBase="F:\ETWork\bin\Tests\SysIntgTests.iCore.Common.Entities.dll" adapterTypeName="Microsoft.VisualStudio.TestTools.TestTypes.Unit.UnitTestAdapter" className="SysIntgTests.iCore.Common.Entities.ComponentConfigurationTests" name="Exists_KnownComponentKey_ReturnsTrue (Data Row 2)" />
    </UnitTest>
    <UnitTest name="Exists_NonExistingComponentConfigurationKey_ReturnsFalse" storage="f:\etwork\bin\tests\sysintgtests.icore.common.entities.dll" id="72f3ba71-8155-2ac7-0110-c5d07c3a0159">
      <TestCategory>
        <TestCategoryItem TestCategory="Entities" />
        <TestCategoryItem TestCategory="SystemIntegration" />
      </TestCategory>
      <Execution id="f16ab6c4-d4c5-4562-88f1-fe0e9eb0e196" />
      <TestMethod codeBase="F:\ETWork\bin\Tests\SysIntgTests.iCore.Common.Entities.dll" adapterTypeName="Microsoft.VisualStudio.TestTools.TestTypes.Unit.UnitTestAdapter" className="SysIntgTests.iCore.Common.Entities.ComponentConfigurationTests" name="Exists_NonExistingComponentConfigurationKey_ReturnsFalse" />
    </UnitTest>
    <UnitTest name="CreateInstance_CreatesNewComponentConfiguration" storage="f:\etwork\bin\tests\sysintgtests.icore.common.entities.dll" id="30560003-9566-3106-e804-874afa878658">
      <Execution id="ce511267-eb69-4365-9792-dbe3c6ec1d1c" />
      <TestMethod codeBase="F:\ETWork\bin\Tests\SysIntgTests.iCore.Common.Entities.dll" adapterTypeName="Microsoft.VisualStudio.TestTools.TestTypes.Unit.UnitTestAdapter" className="SysIntgTests.iCore.Common.Entities.ComponentConfigurationTests" name="CreateInstance_CreatesNewComponentConfiguration" />
    </UnitTest>
    <UnitTest name="List_ContainsEachKnownComponentOnce (Data Row 0)" storage="f:\etwork\bin\tests\sysintgtests.icore.common.entities.dll" id="8035d035-11ba-413d-bf31-1c166b755b02">
      <TestCategory>
        <TestCategoryItem TestCategory="Entities" />
        <TestCategoryItem TestCategory="SystemIntegration" />
      </TestCategory>
      <Execution id="e4e9771e-389c-4c86-824a-a983e7d7c9b2" />
      <TestMethod codeBase="F:\ETWork\bin\Tests\SysIntgTests.iCore.Common.Entities.dll" adapterTypeName="Microsoft.VisualStudio.TestTools.TestTypes.Unit.UnitTestAdapter" className="SysIntgTests.iCore.Common.Entities.ComponentConfigurationTests" name="List_ContainsEachKnownComponentOnce (Data Row 0)" />
    </UnitTest>
    <UnitTest name="List_ContainsEachKnownComponentOnce (Data Row 1)" storage="f:\etwork\bin\tests\sysintgtests.icore.common.entities.dll" id="92b0f4d0-bad8-43dc-a09c-a79ed564cee5">
      <TestCategory>
        <TestCategoryItem TestCategory="Entities" />
        <TestCategoryItem TestCategory="SystemIntegration" />
      </TestCategory>
      <Execution id="a6da6f48-63ce-4326-b467-df2c0d1d299d" />
      <TestMethod codeBase="F:\ETWork\bin\Tests\SysIntgTests.iCore.Common.Entities.dll" adapterTypeName="Microsoft.VisualStudio.TestTools.TestTypes.Unit.UnitTestAdapter" className="SysIntgTests.iCore.Common.Entities.ComponentConfigurationTests" name="List_ContainsEachKnownComponentOnce (Data Row 1)" />
    </UnitTest>
    <UnitTest name="List_ContainsEachKnownComponentOnce (Data Row 2)" storage="f:\etwork\bin\tests\sysintgtests.icore.common.entities.dll" id="683a2f32-03ff-4f60-ab1f-bde99f08fc3e">
      <TestCategory>
        <TestCategoryItem TestCategory="Entities" />
        <TestCategoryItem TestCategory="SystemIntegration" />
      </TestCategory>
      <Execution id="6fde8a23-8e90-4ed0-9318-434cb4da3b9f" />
      <TestMethod codeBase="F:\ETWork\bin\Tests\SysIntgTests.iCore.Common.Entities.dll" adapterTypeName="Microsoft.VisualStudio.TestTools.TestTypes.Unit.UnitTestAdapter" className="SysIntgTests.iCore.Common.Entities.ComponentConfigurationTests" name="List_ContainsEachKnownComponentOnce (Data Row 2)" />
    </UnitTest>
    <UnitTest name="List_ShouldSetSystemContextCorrectly" storage="f:\etwork\bin\tests\sysintgtests.icore.common.entities.dll" id="846dd08a-0d8b-afa1-5880-e9666d1952d0">
      <TestCategory>
        <TestCategoryItem TestCategory="Entities" />
        <TestCategoryItem TestCategory="SystemIntegration" />
      </TestCategory>
      <Execution id="f5c1f437-3068-41e7-b8c2-dbcf287dbe67" />
      <TestMethod codeBase="F:\ETWork\bin\Tests\SysIntgTests.iCore.Common.Entities.dll" adapterTypeName="Microsoft.VisualStudio.TestTools.TestTypes.Unit.UnitTestAdapter" className="SysIntgTests.iCore.Common.Entities.ComponentConfigurationTests" name="List_ShouldSetSystemContextCorrectly" />
    </UnitTest>
    <UnitTest name="GetByName_NullName_ThrowsArgumentNullException" storage="f:\etwork\bin\tests\sysintgtests.icore.common.entities.dll" id="00bb2241-e791-41c7-be10-0be89f78e40b">
      <TestCategory>
        <TestCategoryItem TestCategory="Entities" />
        <TestCategoryItem TestCategory="SystemIntegration" />
      </TestCategory>
      <Execution id="45b2c97c-e719-4008-a323-3f758258f481" />
      <TestMethod codeBase="F:\ETWork\bin\Tests\SysIntgTests.iCore.Common.Entities.dll" adapterTypeName="Microsoft.VisualStudio.TestTools.TestTypes.Unit.UnitTestAdapter" className="SysIntgTests.iCore.Common.Entities.ComponentConfigurationTests" name="GetByName_NullName_ThrowsArgumentNullException" />
    </UnitTest>
    <UnitTest name="GetByName_NonExistingName_ThrowsEntityNotFoundException" storage="f:\etwork\bin\tests\sysintgtests.icore.common.entities.dll" id="294324a5-2082-c1b9-dcf0-7e0fa8044559">
      <TestCategory>
        <TestCategoryItem TestCategory="Entities" />
        <TestCategoryItem TestCategory="SystemIntegration" />
      </TestCategory>
      <Execution id="9d31413e-4bbd-4da7-9de1-075a9d12f9db" />
      <TestMethod codeBase="F:\ETWork\bin\Tests\SysIntgTests.iCore.Common.Entities.dll" adapterTypeName="Microsoft.VisualStudio.TestTools.TestTypes.Unit.UnitTestAdapter" className="SysIntgTests.iCore.Common.Entities.ComponentConfigurationTests" name="GetByName_NonExistingName_ThrowsEntityNotFoundException" />
    </UnitTest>
    <UnitTest name="GetByName_KnownComponentName_ReturnsCorrectId (Data Row 0)" storage="f:\etwork\bin\tests\sysintgtests.icore.common.entities.dll" id="bc981ee0-433d-471d-9c36-089065a4fee0">
      <TestCategory>
        <TestCategoryItem TestCategory="Entities" />
        <TestCategoryItem TestCategory="SystemIntegration" />
      </TestCategory>
      <Execution id="a473c315-e429-4bb6-abfd-f0c77b6d118c" />
      <TestMethod codeBase="F:\ETWork\bin\Tests\SysIntgTests.iCore.Common.Entities.dll" adapterTypeName="Microsoft.VisualStudio.TestTools.TestTypes.Unit.UnitTestAdapter" className="SysIntgTests.iCore.Common.Entities.ComponentConfigurationTests" name="GetByName_KnownComponentName_ReturnsCorrectId (Data Row 0)" />
    </UnitTest>
    <UnitTest name="GetByName_KnownComponentName_ReturnsCorrectId (Data Row 1)" storage="f:\etwork\bin\tests\sysintgtests.icore.common.entities.dll" id="ca63fb9e-cd4d-4807-b15b-9402461febbd">
      <TestCategory>
        <TestCategoryItem TestCategory="Entities" />
        <TestCategoryItem TestCategory="SystemIntegration" />
      </TestCategory>
      <Execution id="8c0c42ce-6cbf-4100-9764-a9dd1408618c" />
      <TestMethod codeBase="F:\ETWork\bin\Tests\SysIntgTests.iCore.Common.Entities.dll" adapterTypeName="Microsoft.VisualStudio.TestTools.TestTypes.Unit.UnitTestAdapter" className="SysIntgTests.iCore.Common.Entities.ComponentConfigurationTests" name="GetByName_KnownComponentName_ReturnsCorrectId (Data Row 1)" />
    </UnitTest>
    <UnitTest name="GetByName_KnownComponentName_ReturnsCorrectId (Data Row 2)" storage="f:\etwork\bin\tests\sysintgtests.icore.common.entities.dll" id="73872033-5d71-4e3b-8445-16c3d1dbe152">
      <TestCategory>
        <TestCategoryItem TestCategory="Entities" />
        <TestCategoryItem TestCategory="SystemIntegration" />
      </TestCategory>
      <Execution id="1f2f9494-e44d-4a87-9bb0-60076e009771" />
      <TestMethod codeBase="F:\ETWork\bin\Tests\SysIntgTests.iCore.Common.Entities.dll" adapterTypeName="Microsoft.VisualStudio.TestTools.TestTypes.Unit.UnitTestAdapter" className="SysIntgTests.iCore.Common.Entities.ComponentConfigurationTests" name="GetByName_KnownComponentName_ReturnsCorrectId (Data Row 2)" />
    </UnitTest>
    <UnitTest name="GetIdByName_NonExistingName_ThrowsEntityNotFoundException" storage="f:\etwork\bin\tests\sysintgtests.icore.common.entities.dll" id="095b6e4f-5e17-34d6-1156-af6a9d7affb5">
      <TestCategory>
        <TestCategoryItem TestCategory="Entities" />
        <TestCategoryItem TestCategory="SystemIntegration" />
      </TestCategory>
      <Execution id="0012e985-5a15-40e0-baa9-0f7ab8108458" />
      <TestMethod codeBase="F:\ETWork\bin\Tests\SysIntgTests.iCore.Common.Entities.dll" adapterTypeName="Microsoft.VisualStudio.TestTools.TestTypes.Unit.UnitTestAdapter" className="SysIntgTests.iCore.Common.Entities.ComponentConfigurationTests" name="GetIdByName_NonExistingName_ThrowsEntityNotFoundException" />
    </UnitTest>
    <UnitTest name="GetIdByName_KnownComponentName_ReturnsCorrectId (Data Row 0)" storage="f:\etwork\bin\tests\sysintgtests.icore.common.entities.dll" id="523a0110-e924-4302-a4db-0bbecfa921f0">
      <TestCategory>
        <TestCategoryItem TestCategory="Entities" />
        <TestCategoryItem TestCategory="SystemIntegration" />
      </TestCategory>
      <Execution id="833dc2f7-4e83-49fb-9622-39534eca039d" />
      <TestMethod codeBase="F:\ETWork\bin\Tests\SysIntgTests.iCore.Common.Entities.dll" adapterTypeName="Microsoft.VisualStudio.TestTools.TestTypes.Unit.UnitTestAdapter" className="SysIntgTests.iCore.Common.Entities.ComponentConfigurationTests" name="GetIdByName_KnownComponentName_ReturnsCorrectId (Data Row 0)" />
    </UnitTest>
    <UnitTest name="GetIdByName_KnownComponentName_ReturnsCorrectId (Data Row 1)" storage="f:\etwork\bin\tests\sysintgtests.icore.common.entities.dll" id="8b790cfd-daec-4892-800c-9d6e76713b3a">
      <TestCategory>
        <TestCategoryItem TestCategory="Entities" />
        <TestCategoryItem TestCategory="SystemIntegration" />
      </TestCategory>
      <Execution id="9ed7ed89-146d-4914-a243-af087570b24b" />
      <TestMethod codeBase="F:\ETWork\bin\Tests\SysIntgTests.iCore.Common.Entities.dll" adapterTypeName="Microsoft.VisualStudio.TestTools.TestTypes.Unit.UnitTestAdapter" className="SysIntgTests.iCore.Common.Entities.ComponentConfigurationTests" name="GetIdByName_KnownComponentName_ReturnsCorrectId (Data Row 1)" />
    </UnitTest>
    <UnitTest name="GetIdByName_KnownComponentName_ReturnsCorrectId (Data Row 2)" storage="f:\etwork\bin\tests\sysintgtests.icore.common.entities.dll" id="c241ce7c-ce26-4e14-bfa6-b579f6af8616">
      <TestCategory>
        <TestCategoryItem TestCategory="Entities" />
        <TestCategoryItem TestCategory="SystemIntegration" />
      </TestCategory>
      <Execution id="8b1ff320-24b9-46f3-942c-58454380b9cb" />
      <TestMethod codeBase="F:\ETWork\bin\Tests\SysIntgTests.iCore.Common.Entities.dll" adapterTypeName="Microsoft.VisualStudio.TestTools.TestTypes.Unit.UnitTestAdapter" className="SysIntgTests.iCore.Common.Entities.ComponentConfigurationTests" name="GetIdByName_KnownComponentName_ReturnsCorrectId (Data Row 2)" />
    </UnitTest>
    <UnitTest name="GetNameById_NonExistingId_ThrowsEntityNotFoundException" storage="f:\etwork\bin\tests\sysintgtests.icore.common.entities.dll" id="9568e25f-a876-d699-e544-ab5843951f17">
      <TestCategory>
        <TestCategoryItem TestCategory="Entities" />
        <TestCategoryItem TestCategory="SystemIntegration" />
      </TestCategory>
      <Execution id="4e68f396-342d-412e-a81c-b6b2eb285b3e" />
      <TestMethod codeBase="F:\ETWork\bin\Tests\SysIntgTests.iCore.Common.Entities.dll" adapterTypeName="Microsoft.VisualStudio.TestTools.TestTypes.Unit.UnitTestAdapter" className="SysIntgTests.iCore.Common.Entities.ComponentConfigurationTests" name="GetNameById_NonExistingId_ThrowsEntityNotFoundException" />
    </UnitTest>
    <UnitTest name="GetNameById_KnownComponentId_ReturnsCorrectName (Data Row 0)" storage="f:\etwork\bin\tests\sysintgtests.icore.common.entities.dll" id="883928a4-8a95-4b32-acb7-b57a0c04c9df">
      <TestCategory>
        <TestCategoryItem TestCategory="Entities" />
        <TestCategoryItem TestCategory="SystemIntegration" />
      </TestCategory>
      <Execution id="65368375-32a2-438c-82cc-9392431dee79" />
      <TestMethod codeBase="F:\ETWork\bin\Tests\SysIntgTests.iCore.Common.Entities.dll" adapterTypeName="Microsoft.VisualStudio.TestTools.TestTypes.Unit.UnitTestAdapter" className="SysIntgTests.iCore.Common.Entities.ComponentConfigurationTests" name="GetNameById_KnownComponentId_ReturnsCorrectName (Data Row 0)" />
    </UnitTest>
    <UnitTest name="GetNameById_KnownComponentId_ReturnsCorrectName (Data Row 1)" storage="f:\etwork\bin\tests\sysintgtests.icore.common.entities.dll" id="35c32f05-70f0-43ee-ae4b-dc6af429cd49">
      <TestCategory>
        <TestCategoryItem TestCategory="Entities" />
        <TestCategoryItem TestCategory="SystemIntegration" />
      </TestCategory>
      <Execution id="11aa1e91-1b8e-4283-8fbf-2509585b470f" />
      <TestMethod codeBase="F:\ETWork\bin\Tests\SysIntgTests.iCore.Common.Entities.dll" adapterTypeName="Microsoft.VisualStudio.TestTools.TestTypes.Unit.UnitTestAdapter" className="SysIntgTests.iCore.Common.Entities.ComponentConfigurationTests" name="GetNameById_KnownComponentId_ReturnsCorrectName (Data Row 1)" />
    </UnitTest>
    <UnitTest name="GetNameById_KnownComponentId_ReturnsCorrectName (Data Row 2)" storage="f:\etwork\bin\tests\sysintgtests.icore.common.entities.dll" id="0248ef49-66af-4b69-9ef4-b1a46c3c27f0">
      <TestCategory>
        <TestCategoryItem TestCategory="Entities" />
        <TestCategoryItem TestCategory="SystemIntegration" />
      </TestCategory>
      <Execution id="4c7c824d-70e4-4db4-ad04-5964a379ede8" />
      <TestMethod codeBase="F:\ETWork\bin\Tests\SysIntgTests.iCore.Common.Entities.dll" adapterTypeName="Microsoft.VisualStudio.TestTools.TestTypes.Unit.UnitTestAdapter" className="SysIntgTests.iCore.Common.Entities.ComponentConfigurationTests" name="GetNameById_KnownComponentId_ReturnsCorrectName (Data Row 2)" />
    </UnitTest>
    <UnitTest name="GetById_NewGuid_ThrowsEntityNotFoundException" storage="f:\etwork\bin\tests\sysintgtests.icore.common.entities.dll" id="dfa4076f-5da1-ba27-33a1-b1288b53092b">
      <TestCategory>
        <TestCategoryItem TestCategory="Entities" />
        <TestCategoryItem TestCategory="SystemIntegration" />
      </TestCategory>
      <Execution id="9c6fd7a2-4636-4526-96cc-428ae01bbe3b" />
      <TestMethod codeBase="F:\ETWork\bin\Tests\SysIntgTests.iCore.Common.Entities.dll" adapterTypeName="Microsoft.VisualStudio.TestTools.TestTypes.Unit.UnitTestAdapter" className="SysIntgTests.iCore.Common.Entities.ComponentConfigurationTests" name="GetById_NewGuid_ThrowsEntityNotFoundException" />
    </UnitTest>
    <UnitTest name="GetById_KnownComponentId_ReturnsEntityWithCorrectProperties (Data Row 0)" storage="f:\etwork\bin\tests\sysintgtests.icore.common.entities.dll" id="80d9b44e-b57c-4b1f-9d30-3bf103697e55">
      <TestCategory>
        <TestCategoryItem TestCategory="Entities" />
        <TestCategoryItem TestCategory="SystemIntegration" />
      </TestCategory>
      <Execution id="9e9dab16-5c82-44ed-93f2-22a52073307e" />
      <TestMethod codeBase="F:\ETWork\bin\Tests\SysIntgTests.iCore.Common.Entities.dll" adapterTypeName="Microsoft.VisualStudio.TestTools.TestTypes.Unit.UnitTestAdapter" className="SysIntgTests.iCore.Common.Entities.ComponentConfigurationTests" name="GetById_KnownComponentId_ReturnsEntityWithCorrectProperties (Data Row 0)" />
    </UnitTest>
    <UnitTest name="GetById_KnownComponentId_ReturnsEntityWithCorrectProperties (Data Row 1)" storage="f:\etwork\bin\tests\sysintgtests.icore.common.entities.dll" id="76e7c590-3909-4666-a011-90a3d3591beb">
      <TestCategory>
        <TestCategoryItem TestCategory="Entities" />
        <TestCategoryItem TestCategory="SystemIntegration" />
      </TestCategory>
      <Execution id="850297db-2b15-4759-b136-8b8d426b73f5" />
      <TestMethod codeBase="F:\ETWork\bin\Tests\SysIntgTests.iCore.Common.Entities.dll" adapterTypeName="Microsoft.VisualStudio.TestTools.TestTypes.Unit.UnitTestAdapter" className="SysIntgTests.iCore.Common.Entities.ComponentConfigurationTests" name="GetById_KnownComponentId_ReturnsEntityWithCorrectProperties (Data Row 1)" />
    </UnitTest>
    <UnitTest name="GetById_KnownComponentId_ReturnsEntityWithCorrectProperties (Data Row 2)" storage="f:\etwork\bin\tests\sysintgtests.icore.common.entities.dll" id="bba65084-2bbe-4fe7-957d-a07d1f24d44c">
      <TestCategory>
        <TestCategoryItem TestCategory="Entities" />
        <TestCategoryItem TestCategory="SystemIntegration" />
      </TestCategory>
      <Execution id="c4cfc7f0-2b84-4b1f-9418-a8ec6c71cfaf" />
      <TestMethod codeBase="F:\ETWork\bin\Tests\SysIntgTests.iCore.Common.Entities.dll" adapterTypeName="Microsoft.VisualStudio.TestTools.TestTypes.Unit.UnitTestAdapter" className="SysIntgTests.iCore.Common.Entities.ComponentConfigurationTests" name="GetById_KnownComponentId_ReturnsEntityWithCorrectProperties (Data Row 2)" />
    </UnitTest>
    <UnitTest name="TryGetById_NewGuid_ReturnsNull" storage="f:\etwork\bin\tests\sysintgtests.icore.common.entities.dll" id="e690a9c4-2fcf-8cc4-028f-3323d30778f2">
      <TestCategory>
        <TestCategoryItem TestCategory="Entities" />
        <TestCategoryItem TestCategory="SystemIntegration" />
      </TestCategory>
      <Execution id="355c2909-e6ad-46c4-8fce-1424a148bc6c" />
      <TestMethod codeBase="F:\ETWork\bin\Tests\SysIntgTests.iCore.Common.Entities.dll" adapterTypeName="Microsoft.VisualStudio.TestTools.TestTypes.Unit.UnitTestAdapter" className="SysIntgTests.iCore.Common.Entities.ComponentConfigurationTests" name="TryGetById_NewGuid_ReturnsNull" />
    </UnitTest>
    <UnitTest name="TryGetById_KnownComponentId_ReturnsEntityWithCorrectProperties (Data Row 0)" storage="f:\etwork\bin\tests\sysintgtests.icore.common.entities.dll" id="9b453094-3943-4589-a92b-12fff3421a22">
      <TestCategory>
        <TestCategoryItem TestCategory="Entities" />
        <TestCategoryItem TestCategory="SystemIntegration" />
      </TestCategory>
      <Execution id="f4a1d85a-246b-4774-8079-b47606722d8a" />
      <TestMethod codeBase="F:\ETWork\bin\Tests\SysIntgTests.iCore.Common.Entities.dll" adapterTypeName="Microsoft.VisualStudio.TestTools.TestTypes.Unit.UnitTestAdapter" className="SysIntgTests.iCore.Common.Entities.ComponentConfigurationTests" name="TryGetById_KnownComponentId_ReturnsEntityWithCorrectProperties (Data Row 0)" />
    </UnitTest>
    <UnitTest name="TryGetById_KnownComponentId_ReturnsEntityWithCorrectProperties (Data Row 1)" storage="f:\etwork\bin\tests\sysintgtests.icore.common.entities.dll" id="bef76dd9-3c16-4e5d-bdf8-d7004f8712a2">
      <TestCategory>
        <TestCategoryItem TestCategory="Entities" />
        <TestCategoryItem TestCategory="SystemIntegration" />
      </TestCategory>
      <Execution id="96f99a88-911c-4711-a33c-f1b6d34e959c" />
      <TestMethod codeBase="F:\ETWork\bin\Tests\SysIntgTests.iCore.Common.Entities.dll" adapterTypeName="Microsoft.VisualStudio.TestTools.TestTypes.Unit.UnitTestAdapter" className="SysIntgTests.iCore.Common.Entities.ComponentConfigurationTests" name="TryGetById_KnownComponentId_ReturnsEntityWithCorrectProperties (Data Row 1)" />
    </UnitTest>
    <UnitTest name="TryGetById_KnownComponentId_ReturnsEntityWithCorrectProperties (Data Row 2)" storage="f:\etwork\bin\tests\sysintgtests.icore.common.entities.dll" id="06cc2171-ad44-430d-957d-36490f55f169">
      <TestCategory>
        <TestCategoryItem TestCategory="Entities" />
        <TestCategoryItem TestCategory="SystemIntegration" />
      </TestCategory>
      <Execution id="dbf8cccf-cd81-46a3-b0df-7771356324e9" />
      <TestMethod codeBase="F:\ETWork\bin\Tests\SysIntgTests.iCore.Common.Entities.dll" adapterTypeName="Microsoft.VisualStudio.TestTools.TestTypes.Unit.UnitTestAdapter" className="SysIntgTests.iCore.Common.Entities.ComponentConfigurationTests" name="TryGetById_KnownComponentId_ReturnsEntityWithCorrectProperties (Data Row 2)" />
    </UnitTest>
    <UnitTest name="GetByKey_NewGuid_ThrowsEntityNotFoundException" storage="f:\etwork\bin\tests\sysintgtests.icore.common.entities.dll" id="fdd3b3f8-35bc-5541-f230-6af12868f306">
      <TestCategory>
        <TestCategoryItem TestCategory="Entities" />
        <TestCategoryItem TestCategory="SystemIntegration" />
      </TestCategory>
      <Execution id="1f030395-37b7-46b3-82ee-85d6a5184eb5" />
      <TestMethod codeBase="F:\ETWork\bin\Tests\SysIntgTests.iCore.Common.Entities.dll" adapterTypeName="Microsoft.VisualStudio.TestTools.TestTypes.Unit.UnitTestAdapter" className="SysIntgTests.iCore.Common.Entities.ComponentConfigurationTests" name="GetByKey_NewGuid_ThrowsEntityNotFoundException" />
    </UnitTest>
    <UnitTest name="GetByKey_KnownComponentKey_ReturnsEntityWithCorrectProperties (Data Row 0)" storage="f:\etwork\bin\tests\sysintgtests.icore.common.entities.dll" id="b91e6320-a593-435e-8797-eaef39cee647">
      <TestCategory>
        <TestCategoryItem TestCategory="Entities" />
        <TestCategoryItem TestCategory="SystemIntegration" />
      </TestCategory>
      <Execution id="71b5b0a9-12ea-4770-bc2a-9801016cdbc8" />
      <TestMethod codeBase="F:\ETWork\bin\Tests\SysIntgTests.iCore.Common.Entities.dll" adapterTypeName="Microsoft.VisualStudio.TestTools.TestTypes.Unit.UnitTestAdapter" className="SysIntgTests.iCore.Common.Entities.ComponentConfigurationTests" name="GetByKey_KnownComponentKey_ReturnsEntityWithCorrectProperties (Data Row 0)" />
    </UnitTest>
    <UnitTest name="GetByKey_KnownComponentKey_ReturnsEntityWithCorrectProperties (Data Row 1)" storage="f:\etwork\bin\tests\sysintgtests.icore.common.entities.dll" id="c0b9344e-ad59-4a14-8cb2-35f1970acaf3">
      <TestCategory>
        <TestCategoryItem TestCategory="Entities" />
        <TestCategoryItem TestCategory="SystemIntegration" />
      </TestCategory>
      <Execution id="6c6658d9-24b2-4689-8c12-1bdbc5db1e6e" />
      <TestMethod codeBase="F:\ETWork\bin\Tests\SysIntgTests.iCore.Common.Entities.dll" adapterTypeName="Microsoft.VisualStudio.TestTools.TestTypes.Unit.UnitTestAdapter" className="SysIntgTests.iCore.Common.Entities.ComponentConfigurationTests" name="GetByKey_KnownComponentKey_ReturnsEntityWithCorrectProperties (Data Row 1)" />
    </UnitTest>
    <UnitTest name="GetByKey_KnownComponentKey_ReturnsEntityWithCorrectProperties (Data Row 2)" storage="f:\etwork\bin\tests\sysintgtests.icore.common.entities.dll" id="6b920165-6ea0-444c-8c49-5a1ba7fa1e42">
      <TestCategory>
        <TestCategoryItem TestCategory="Entities" />
        <TestCategoryItem TestCategory="SystemIntegration" />
      </TestCategory>
      <Execution id="d9d53f16-4721-426c-a4f0-4fc71156f99b" />
      <TestMethod codeBase="F:\ETWork\bin\Tests\SysIntgTests.iCore.Common.Entities.dll" adapterTypeName="Microsoft.VisualStudio.TestTools.TestTypes.Unit.UnitTestAdapter" className="SysIntgTests.iCore.Common.Entities.ComponentConfigurationTests" name="GetByKey_KnownComponentKey_ReturnsEntityWithCorrectProperties (Data Row 2)" />
    </UnitTest>
    <UnitTest name="GetByKey_UnsupportedKey_ThrowsArgumentException" storage="f:\etwork\bin\tests\sysintgtests.icore.common.entities.dll" id="7366c2ca-f1ee-0431-b6a2-24e6a898f67f">
      <TestCategory>
        <TestCategoryItem TestCategory="Entities" />
        <TestCategoryItem TestCategory="SystemIntegration" />
      </TestCategory>
      <Execution id="c222b3b2-e51a-406f-8f10-21dfa9707c53" />
      <TestMethod codeBase="F:\ETWork\bin\Tests\SysIntgTests.iCore.Common.Entities.dll" adapterTypeName="Microsoft.VisualStudio.TestTools.TestTypes.Unit.UnitTestAdapter" className="SysIntgTests.iCore.Common.Entities.ComponentConfigurationTests" name="GetByKey_UnsupportedKey_ThrowsArgumentException" />
    </UnitTest>
    <UnitTest name="Add_NullName_ThrowsConditionalErrorException" storage="f:\etwork\bin\tests\sysintgtests.icore.common.entities.dll" id="604d6e66-4f50-eeaf-c91c-00618cdd4be9">
      <TestCategory>
        <TestCategoryItem TestCategory="Entities" />
        <TestCategoryItem TestCategory="SystemIntegration" />
      </TestCategory>
      <Execution id="f2f5c981-d7b7-4367-bd9f-210c37ca20ef" />
      <TestMethod codeBase="F:\ETWork\bin\Tests\SysIntgTests.iCore.Common.Entities.dll" adapterTypeName="Microsoft.VisualStudio.TestTools.TestTypes.Unit.UnitTestAdapter" className="SysIntgTests.iCore.Common.Entities.ComponentConfigurationTests" name="Add_NullName_ThrowsConditionalErrorException" />
    </UnitTest>
    <UnitTest name="Add_EmptyName_ThrowsStringLengthErrorException" storage="f:\etwork\bin\tests\sysintgtests.icore.common.entities.dll" id="b441a0ff-cc3e-d765-9f9f-45b774c13534">
      <TestCategory>
        <TestCategoryItem TestCategory="Entities" />
        <TestCategoryItem TestCategory="SystemIntegration" />
      </TestCategory>
      <Execution id="97d6888f-4fab-4aae-adc2-2a16fa2e7040" />
      <TestMethod codeBase="F:\ETWork\bin\Tests\SysIntgTests.iCore.Common.Entities.dll" adapterTypeName="Microsoft.VisualStudio.TestTools.TestTypes.Unit.UnitTestAdapter" className="SysIntgTests.iCore.Common.Entities.ComponentConfigurationTests" name="Add_EmptyName_ThrowsStringLengthErrorException" />
    </UnitTest>
    <UnitTest name="Add_WhiteSpaceOnlyName_ThrowsStringLengthErrorException" storage="f:\etwork\bin\tests\sysintgtests.icore.common.entities.dll" id="1d255d32-6b6e-b100-4063-1c61d5abb39e">
      <TestCategory>
        <TestCategoryItem TestCategory="Entities" />
        <TestCategoryItem TestCategory="SystemIntegration" />
      </TestCategory>
      <Execution id="0f994b80-7c0c-45cf-8342-773e9935ed58" />
      <TestMethod codeBase="F:\ETWork\bin\Tests\SysIntgTests.iCore.Common.Entities.dll" adapterTypeName="Microsoft.VisualStudio.TestTools.TestTypes.Unit.UnitTestAdapter" className="SysIntgTests.iCore.Common.Entities.ComponentConfigurationTests" name="Add_WhiteSpaceOnlyName_ThrowsStringLengthErrorException" />
    </UnitTest>
    <UnitTest name="Add_TooLongName_ThrowsStringLengthErrorException" storage="f:\etwork\bin\tests\sysintgtests.icore.common.entities.dll" id="f68e0df1-a29c-8086-d693-bc4391100e64">
      <TestCategory>
        <TestCategoryItem TestCategory="Entities" />
        <TestCategoryItem TestCategory="SystemIntegration" />
      </TestCategory>
      <Execution id="b9b4bc5b-df4b-41f7-a8dd-44c14969eec2" />
      <TestMethod codeBase="F:\ETWork\bin\Tests\SysIntgTests.iCore.Common.Entities.dll" adapterTypeName="Microsoft.VisualStudio.TestTools.TestTypes.Unit.UnitTestAdapter" className="SysIntgTests.iCore.Common.Entities.ComponentConfigurationTests" name="Add_TooLongName_ThrowsStringLengthErrorException" />
    </UnitTest>
    <UnitTest name="Add_LongDescription_ThrowsStringLengthErrorException" storage="f:\etwork\bin\tests\sysintgtests.icore.common.entities.dll" id="8447594b-3610-7622-4414-6ab8f73c1c84">
      <TestCategory>
        <TestCategoryItem TestCategory="Entities" />
        <TestCategoryItem TestCategory="SystemIntegration" />
      </TestCategory>
      <Execution id="fa5f77b9-0b86-4854-8c78-e10a770918a1" />
      <TestMethod codeBase="F:\ETWork\bin\Tests\SysIntgTests.iCore.Common.Entities.dll" adapterTypeName="Microsoft.VisualStudio.TestTools.TestTypes.Unit.UnitTestAdapter" className="SysIntgTests.iCore.Common.Entities.ComponentConfigurationTests" name="Add_LongDescription_ThrowsStringLengthErrorException" />
    </UnitTest>
    <UnitTest name="Add_ValidProperties_PropertiesAndTimesAreUpdatedCorrectly" storage="f:\etwork\bin\tests\sysintgtests.icore.common.entities.dll" id="2014bc56-360b-950c-eb68-907c75c1d77b">
      <TestCategory>
        <TestCategoryItem TestCategory="Entities" />
        <TestCategoryItem TestCategory="SystemIntegration" />
      </TestCategory>
      <Execution id="536dc3c5-e4e1-4788-90a5-5da5c5218893" />
      <TestMethod codeBase="F:\ETWork\bin\Tests\SysIntgTests.iCore.Common.Entities.dll" adapterTypeName="Microsoft.VisualStudio.TestTools.TestTypes.Unit.UnitTestAdapter" className="SysIntgTests.iCore.Common.Entities.ComponentConfigurationTests" name="Add_ValidProperties_PropertiesAndTimesAreUpdatedCorrectly" />
    </UnitTest>
    <UnitTest name="Add_ValidPropertiesWithNullExpressLookupId_PropertiesAndTimesAreUpdatedCorrectly" storage="f:\etwork\bin\tests\sysintgtests.icore.common.entities.dll" id="25e53356-18af-1edd-1483-1da7f106419f">
      <TestCategory>
        <TestCategoryItem TestCategory="Entities" />
        <TestCategoryItem TestCategory="SystemIntegration" />
      </TestCategory>
      <Execution id="92462ba8-7bbd-4ead-90a7-3b3194feaec3" />
      <TestMethod codeBase="F:\ETWork\bin\Tests\SysIntgTests.iCore.Common.Entities.dll" adapterTypeName="Microsoft.VisualStudio.TestTools.TestTypes.Unit.UnitTestAdapter" className="SysIntgTests.iCore.Common.Entities.ComponentConfigurationTests" name="Add_ValidPropertiesWithNullExpressLookupId_PropertiesAndTimesAreUpdatedCorrectly" />
    </UnitTest>
    <UnitTest name="Add_DuplicateName_ThrowsUniqueValueAddConflictException" storage="f:\etwork\bin\tests\sysintgtests.icore.common.entities.dll" id="9cc66408-aa4e-777c-b436-61b820ad0bed">
      <TestCategory>
        <TestCategoryItem TestCategory="Entities" />
        <TestCategoryItem TestCategory="SystemIntegration" />
      </TestCategory>
      <Execution id="16c95a3f-0050-4c50-a3df-734c7207b88e" />
      <TestMethod codeBase="F:\ETWork\bin\Tests\SysIntgTests.iCore.Common.Entities.dll" adapterTypeName="Microsoft.VisualStudio.TestTools.TestTypes.Unit.UnitTestAdapter" className="SysIntgTests.iCore.Common.Entities.ComponentConfigurationTests" name="Add_DuplicateName_ThrowsUniqueValueAddConflictException" />
    </UnitTest>
    <UnitTest name="Add_TooLongInitParam_ThrowsStringLengthError" storage="f:\etwork\bin\tests\sysintgtests.icore.common.entities.dll" id="4b0c4959-93be-06b5-4c3d-04c3fb8388e6">
      <TestCategory>
        <TestCategoryItem TestCategory="Entities" />
        <TestCategoryItem TestCategory="SystemIntegration" />
      </TestCategory>
      <Execution id="59ebda25-3883-4bff-a17b-01fc0eb704b0" />
      <TestMethod codeBase="F:\ETWork\bin\Tests\SysIntgTests.iCore.Common.Entities.dll" adapterTypeName="Microsoft.VisualStudio.TestTools.TestTypes.Unit.UnitTestAdapter" className="SysIntgTests.iCore.Common.Entities.ComponentConfigurationTests" name="Add_TooLongInitParam_ThrowsStringLengthError" />
    </UnitTest>
    <UnitTest name="Add_NegativeMaxConcurrent_ThrowsValueOutOfRangeErrorException" storage="f:\etwork\bin\tests\sysintgtests.icore.common.entities.dll" id="252bef3d-38e4-e012-24a5-d764f66ce942">
      <TestCategory>
        <TestCategoryItem TestCategory="Entities" />
        <TestCategoryItem TestCategory="SystemIntegration" />
      </TestCategory>
      <Execution id="559ce384-ad48-4e5e-b146-61c700d1b1c8" />
      <TestMethod codeBase="F:\ETWork\bin\Tests\SysIntgTests.iCore.Common.Entities.dll" adapterTypeName="Microsoft.VisualStudio.TestTools.TestTypes.Unit.UnitTestAdapter" className="SysIntgTests.iCore.Common.Entities.ComponentConfigurationTests" name="Add_NegativeMaxConcurrent_ThrowsValueOutOfRangeErrorException" />
    </UnitTest>
    <UnitTest name="Add_NegativeRestartDelayTime_ThrowsValueOutOfRangeErrorException" storage="f:\etwork\bin\tests\sysintgtests.icore.common.entities.dll" id="2c88f810-dfef-a49a-0828-5abb98dd2e37">
      <TestCategory>
        <TestCategoryItem TestCategory="Entities" />
        <TestCategoryItem TestCategory="SystemIntegration" />
      </TestCategory>
      <Execution id="263347d2-6bd3-4d28-941a-9c2c7d011950" />
      <TestMethod codeBase="F:\ETWork\bin\Tests\SysIntgTests.iCore.Common.Entities.dll" adapterTypeName="Microsoft.VisualStudio.TestTools.TestTypes.Unit.UnitTestAdapter" className="SysIntgTests.iCore.Common.Entities.ComponentConfigurationTests" name="Add_NegativeRestartDelayTime_ThrowsValueOutOfRangeErrorException" />
    </UnitTest>
    <UnitTest name="Update_NullName_ThrowsConditionalErrorException" storage="f:\etwork\bin\tests\sysintgtests.icore.common.entities.dll" id="486340e0-57d2-18b0-f701-7eaeabf1d2ea">
      <TestCategory>
        <TestCategoryItem TestCategory="Entities" />
        <TestCategoryItem TestCategory="SystemIntegration" />
      </TestCategory>
      <Execution id="52de8ebd-6492-4658-9eed-a85acb033724" />
      <TestMethod codeBase="F:\ETWork\bin\Tests\SysIntgTests.iCore.Common.Entities.dll" adapterTypeName="Microsoft.VisualStudio.TestTools.TestTypes.Unit.UnitTestAdapter" className="SysIntgTests.iCore.Common.Entities.ComponentConfigurationTests" name="Update_NullName_ThrowsConditionalErrorException" />
    </UnitTest>
    <UnitTest name="Update_EmptyName_ThrowsStringLengthErrorException" storage="f:\etwork\bin\tests\sysintgtests.icore.common.entities.dll" id="ad4ddfe5-78ca-ee38-1a0b-a75cf339b6f3">
      <TestCategory>
        <TestCategoryItem TestCategory="Entities" />
        <TestCategoryItem TestCategory="SystemIntegration" />
      </TestCategory>
      <Execution id="bb2f2c00-d57d-4d76-8096-186e8586faeb" />
      <TestMethod codeBase="F:\ETWork\bin\Tests\SysIntgTests.iCore.Common.Entities.dll" adapterTypeName="Microsoft.VisualStudio.TestTools.TestTypes.Unit.UnitTestAdapter" className="SysIntgTests.iCore.Common.Entities.ComponentConfigurationTests" name="Update_EmptyName_ThrowsStringLengthErrorException" />
    </UnitTest>
    <UnitTest name="Update_WhiteSpaceOnlyName_ThrowsStringLengthErrorException" storage="f:\etwork\bin\tests\sysintgtests.icore.common.entities.dll" id="8f13a6ce-1126-5318-6277-ddad8cd44709">
      <TestCategory>
        <TestCategoryItem TestCategory="Entities" />
        <TestCategoryItem TestCategory="SystemIntegration" />
      </TestCategory>
      <Execution id="f4de0b1a-7425-4cb9-9e6c-7d3a0b779070" />
      <TestMethod codeBase="F:\ETWork\bin\Tests\SysIntgTests.iCore.Common.Entities.dll" adapterTypeName="Microsoft.VisualStudio.TestTools.TestTypes.Unit.UnitTestAdapter" className="SysIntgTests.iCore.Common.Entities.ComponentConfigurationTests" name="Update_WhiteSpaceOnlyName_ThrowsStringLengthErrorException" />
    </UnitTest>
    <UnitTest name="Update_TooLongName_ThrowsStringLengthErrorException" storage="f:\etwork\bin\tests\sysintgtests.icore.common.entities.dll" id="06213074-5f15-9f71-a8b1-0e3f58333a8f">
      <TestCategory>
        <TestCategoryItem TestCategory="Entities" />
        <TestCategoryItem TestCategory="SystemIntegration" />
      </TestCategory>
      <Execution id="7df8410b-4b50-498e-99b8-4e1053da92c6" />
      <TestMethod codeBase="F:\ETWork\bin\Tests\SysIntgTests.iCore.Common.Entities.dll" adapterTypeName="Microsoft.VisualStudio.TestTools.TestTypes.Unit.UnitTestAdapter" className="SysIntgTests.iCore.Common.Entities.ComponentConfigurationTests" name="Update_TooLongName_ThrowsStringLengthErrorException" />
    </UnitTest>
    <UnitTest name="Update_LongDescription_Succeeds" storage="f:\etwork\bin\tests\sysintgtests.icore.common.entities.dll" id="382379ec-c934-6b5a-eefd-d130bc8eafc9">
      <TestCategory>
        <TestCategoryItem TestCategory="Entities" />
        <TestCategoryItem TestCategory="SystemIntegration" />
      </TestCategory>
      <Execution id="78bebf9d-f7dd-488e-9f73-82a51451c52b" />
      <TestMethod codeBase="F:\ETWork\bin\Tests\SysIntgTests.iCore.Common.Entities.dll" adapterTypeName="Microsoft.VisualStudio.TestTools.TestTypes.Unit.UnitTestAdapter" className="SysIntgTests.iCore.Common.Entities.ComponentConfigurationTests" name="Update_LongDescription_Succeeds" />
    </UnitTest>
    <UnitTest name="Update_DuplicateName_ThrowsUniqueValueAddConflictException" storage="f:\etwork\bin\tests\sysintgtests.icore.common.entities.dll" id="565fd67a-b8df-cc0f-eb64-d6180950a31e">
      <TestCategory>
        <TestCategoryItem TestCategory="Entities" />
        <TestCategoryItem TestCategory="SystemIntegration" />
      </TestCategory>
      <Execution id="6041f595-3658-4bc9-9762-98175d6980ca" />
      <TestMethod codeBase="F:\ETWork\bin\Tests\SysIntgTests.iCore.Common.Entities.dll" adapterTypeName="Microsoft.VisualStudio.TestTools.TestTypes.Unit.UnitTestAdapter" className="SysIntgTests.iCore.Common.Entities.ComponentConfigurationTests" name="Update_DuplicateName_ThrowsUniqueValueAddConflictException" />
    </UnitTest>
    <UnitTest name="Update_ValidProperties_PropertiesAndTimesAreUpdatedCorrectly" storage="f:\etwork\bin\tests\sysintgtests.icore.common.entities.dll" id="ece2f032-85b8-3441-aa8c-570d4be33ffe">
      <TestCategory>
        <TestCategoryItem TestCategory="Entities" />
        <TestCategoryItem TestCategory="SystemIntegration" />
      </TestCategory>
      <Execution id="080be64d-5a94-4dac-bc6a-8b648e345624" />
      <TestMethod codeBase="F:\ETWork\bin\Tests\SysIntgTests.iCore.Common.Entities.dll" adapterTypeName="Microsoft.VisualStudio.TestTools.TestTypes.Unit.UnitTestAdapter" className="SysIntgTests.iCore.Common.Entities.ComponentConfigurationTests" name="Update_ValidProperties_PropertiesAndTimesAreUpdatedCorrectly" />
    </UnitTest>
    <UnitTest name="Update_ValidPropertiesWithExpressLookupIdNull_PropertiesAndTimesAreUpdatedCorrectly" storage="f:\etwork\bin\tests\sysintgtests.icore.common.entities.dll" id="e4dd5cc6-7802-d98c-ab9f-bbf7602b6c04">
      <TestCategory>
        <TestCategoryItem TestCategory="Entities" />
        <TestCategoryItem TestCategory="SystemIntegration" />
      </TestCategory>
      <Execution id="fa54ad65-b35f-4d28-9492-1ea3c025c17a" />
      <TestMethod codeBase="F:\ETWork\bin\Tests\SysIntgTests.iCore.Common.Entities.dll" adapterTypeName="Microsoft.VisualStudio.TestTools.TestTypes.Unit.UnitTestAdapter" className="SysIntgTests.iCore.Common.Entities.ComponentConfigurationTests" name="Update_ValidPropertiesWithExpressLookupIdNull_PropertiesAndTimesAreUpdatedCorrectly" />
    </UnitTest>
    <UnitTest name="Update_TooLongInitParam_ThrowsStringLengthError" storage="f:\etwork\bin\tests\sysintgtests.icore.common.entities.dll" id="08851839-8a81-cef6-bb0b-74cb777eec2f">
      <TestCategory>
        <TestCategoryItem TestCategory="Entities" />
        <TestCategoryItem TestCategory="SystemIntegration" />
      </TestCategory>
      <Execution id="f91aa55d-ef8e-4faf-b585-89593eac4633" />
      <TestMethod codeBase="F:\ETWork\bin\Tests\SysIntgTests.iCore.Common.Entities.dll" adapterTypeName="Microsoft.VisualStudio.TestTools.TestTypes.Unit.UnitTestAdapter" className="SysIntgTests.iCore.Common.Entities.ComponentConfigurationTests" name="Update_TooLongInitParam_ThrowsStringLengthError" />
    </UnitTest>
    <UnitTest name="Update_NegativeMaxConcurrent_ThrowsValueOutOfRangeErrorException" storage="f:\etwork\bin\tests\sysintgtests.icore.common.entities.dll" id="ddbebcf8-ac95-e782-9c6b-10c390bcc3e2">
      <TestCategory>
        <TestCategoryItem TestCategory="Entities" />
        <TestCategoryItem TestCategory="SystemIntegration" />
      </TestCategory>
      <Execution id="37f84bb0-052a-4e22-9cff-38a12ba28bbc" />
      <TestMethod codeBase="F:\ETWork\bin\Tests\SysIntgTests.iCore.Common.Entities.dll" adapterTypeName="Microsoft.VisualStudio.TestTools.TestTypes.Unit.UnitTestAdapter" className="SysIntgTests.iCore.Common.Entities.ComponentConfigurationTests" name="Update_NegativeMaxConcurrent_ThrowsValueOutOfRangeErrorException" />
    </UnitTest>
    <UnitTest name="Update_NegativeRestartDelayTime_ThrowsValueOutOfRangeErrorException" storage="f:\etwork\bin\tests\sysintgtests.icore.common.entities.dll" id="cd800f9a-755c-ca92-f749-273efb302403">
      <TestCategory>
        <TestCategoryItem TestCategory="Entities" />
        <TestCategoryItem TestCategory="SystemIntegration" />
      </TestCategory>
      <Execution id="b84693a0-322a-4de7-ba82-0cee0dea2991" />
      <TestMethod codeBase="F:\ETWork\bin\Tests\SysIntgTests.iCore.Common.Entities.dll" adapterTypeName="Microsoft.VisualStudio.TestTools.TestTypes.Unit.UnitTestAdapter" className="SysIntgTests.iCore.Common.Entities.ComponentConfigurationTests" name="Update_NegativeRestartDelayTime_ThrowsValueOutOfRangeErrorException" />
    </UnitTest>
    <UnitTest name="Update_UnchangedName_Succeeds" storage="f:\etwork\bin\tests\sysintgtests.icore.common.entities.dll" id="2a341307-2af3-f8cf-376a-ac92f03992df">
      <TestCategory>
        <TestCategoryItem TestCategory="Entities" />
        <TestCategoryItem TestCategory="SystemIntegration" />
      </TestCategory>
      <Execution id="c729809e-25bf-44f2-85c6-b55c320c3333" />
      <TestMethod codeBase="F:\ETWork\bin\Tests\SysIntgTests.iCore.Common.Entities.dll" adapterTypeName="Microsoft.VisualStudio.TestTools.TestTypes.Unit.UnitTestAdapter" className="SysIntgTests.iCore.Common.Entities.ComponentConfigurationTests" name="Update_UnchangedName_Succeeds" />
    </UnitTest>
    <UnitTest name="Delete_UnusedComponentConfiguration_SuccessfullyDeletesComponentConfiguration" storage="f:\etwork\bin\tests\sysintgtests.icore.common.entities.dll" id="03837349-39f0-14f5-22d5-8c9b78531b96">
      <TestCategory>
        <TestCategoryItem TestCategory="Entities" />
        <TestCategoryItem TestCategory="SystemIntegration" />
      </TestCategory>
      <Execution id="bd87a8d7-dcee-4209-96ed-4c5181ec51eb" />
      <TestMethod codeBase="F:\ETWork\bin\Tests\SysIntgTests.iCore.Common.Entities.dll" adapterTypeName="Microsoft.VisualStudio.TestTools.TestTypes.Unit.UnitTestAdapter" className="SysIntgTests.iCore.Common.Entities.ComponentConfigurationTests" name="Delete_UnusedComponentConfiguration_SuccessfullyDeletesComponentConfiguration" />
    </UnitTest>
    <UnitTest name="Delete_NonDeletableComponentConfiguration_Throws" storage="f:\etwork\bin\tests\sysintgtests.icore.common.entities.dll" id="75cdc96e-c98c-dc2f-a4aa-f25d2fb75fe9">
      <TestCategory>
        <TestCategoryItem TestCategory="Entities" />
        <TestCategoryItem TestCategory="SystemIntegration" />
      </TestCategory>
      <Execution id="cb7c13cc-8f07-46bb-abbe-2e4fe3d4e6e4" />
      <TestMethod codeBase="F:\ETWork\bin\Tests\SysIntgTests.iCore.Common.Entities.dll" adapterTypeName="Microsoft.VisualStudio.TestTools.TestTypes.Unit.UnitTestAdapter" className="SysIntgTests.iCore.Common.Entities.ComponentConfigurationTests" name="Delete_NonDeletableComponentConfiguration_Throws" />
    </UnitTest>
    <UnitTest name="Delete_WithCascade_DispatchedJobExist_ThrowsEntityDependencyException" storage="f:\etwork\bin\tests\sysintgtests.icore.common.entities.dll" id="ae05526f-23bc-5f87-b05a-a69507d45d3b">
      <TestCategory>
        <TestCategoryItem TestCategory="Entities" />
        <TestCategoryItem TestCategory="SystemIntegration" />
      </TestCategory>
      <Execution id="38c93b14-c44c-420a-901e-fcf46a73de04" />
      <TestMethod codeBase="F:\ETWork\bin\Tests\SysIntgTests.iCore.Common.Entities.dll" adapterTypeName="Microsoft.VisualStudio.TestTools.TestTypes.Unit.UnitTestAdapter" className="SysIntgTests.iCore.Common.Entities.ComponentConfigurationTests" name="Delete_WithCascade_DispatchedJobExist_ThrowsEntityDependencyException" />
    </UnitTest>
    <UnitTest name="Delete_WithCascade_StartPendingJobExist_ThrowsEntityDependencyException" storage="f:\etwork\bin\tests\sysintgtests.icore.common.entities.dll" id="d8e69c15-4ed3-738e-d1e9-93575173a635">
      <TestCategory>
        <TestCategoryItem TestCategory="Entities" />
        <TestCategoryItem TestCategory="SystemIntegration" />
      </TestCategory>
      <Execution id="c4ebaed3-8f3d-4caa-ab56-21aee78ad662" />
      <TestMethod codeBase="F:\ETWork\bin\Tests\SysIntgTests.iCore.Common.Entities.dll" adapterTypeName="Microsoft.VisualStudio.TestTools.TestTypes.Unit.UnitTestAdapter" className="SysIntgTests.iCore.Common.Entities.ComponentConfigurationTests" name="Delete_WithCascade_StartPendingJobExist_ThrowsEntityDependencyException" />
    </UnitTest>
    <UnitTest name="Delete_WithCascade_FinishedJobExist_Succeeds" storage="f:\etwork\bin\tests\sysintgtests.icore.common.entities.dll" id="eba3c3a6-4f85-13dd-0e35-b53c10ab0a1e">
      <TestCategory>
        <TestCategoryItem TestCategory="Entities" />
        <TestCategoryItem TestCategory="SystemIntegration" />
      </TestCategory>
      <Execution id="d03a9188-f20d-4b99-a9c7-844804a6c0ea" />
      <TestMethod codeBase="F:\ETWork\bin\Tests\SysIntgTests.iCore.Common.Entities.dll" adapterTypeName="Microsoft.VisualStudio.TestTools.TestTypes.Unit.UnitTestAdapter" className="SysIntgTests.iCore.Common.Entities.ComponentConfigurationTests" name="Delete_WithCascade_FinishedJobExist_Succeeds" />
    </UnitTest>
    <UnitTest name="Delete_WithCascade_EventHandlerAndFinishedJobsExist_Succeeds" storage="f:\etwork\bin\tests\sysintgtests.icore.common.entities.dll" id="b2b429a6-ea8c-f2c1-a97c-fc8ae2326857">
      <TestCategory>
        <TestCategoryItem TestCategory="Entities" />
        <TestCategoryItem TestCategory="SystemIntegration" />
      </TestCategory>
      <Execution id="4c6c2311-426d-4aaf-aee2-fd26ff7b9ab2" />
      <TestMethod codeBase="F:\ETWork\bin\Tests\SysIntgTests.iCore.Common.Entities.dll" adapterTypeName="Microsoft.VisualStudio.TestTools.TestTypes.Unit.UnitTestAdapter" className="SysIntgTests.iCore.Common.Entities.ComponentConfigurationTests" name="Delete_WithCascade_EventHandlerAndFinishedJobsExist_Succeeds" />
    </UnitTest>
    <UnitTest name="RepositoryEntityTypeId_ReturnsNodeTypeVersion" storage="f:\etwork\bin\tests\sysintgtests.icore.common.entities.dll" id="380ccfc1-2c99-0f96-58fe-5bb859092720">
      <TestCategory>
        <TestCategoryItem TestCategory="Entities" />
        <TestCategoryItem TestCategory="SystemIntegration" />
      </TestCategory>
      <Execution id="2e3fca46-8901-4d27-b905-251dae71c4e0" />
      <TestMethod codeBase="F:\ETWork\bin\Tests\SysIntgTests.iCore.Common.Entities.dll" adapterTypeName="Microsoft.VisualStudio.TestTools.TestTypes.Unit.UnitTestAdapter" className="SysIntgTests.iCore.Common.Entities.NodeTypeVersionTests" name="RepositoryEntityTypeId_ReturnsNodeTypeVersion" />
    </UnitTest>
    <UnitTest name="RepositoryEntityType_ReturnsINodeTypeVersion" storage="f:\etwork\bin\tests\sysintgtests.icore.common.entities.dll" id="ea969617-a214-a9b2-3ee2-1e2b11ab7fd9">
      <TestCategory>
        <TestCategoryItem TestCategory="Entities" />
        <TestCategoryItem TestCategory="SystemIntegration" />
      </TestCategory>
      <Execution id="7189aae9-91b4-406c-a858-b9d19e26d9bd" />
      <TestMethod codeBase="F:\ETWork\bin\Tests\SysIntgTests.iCore.Common.Entities.dll" adapterTypeName="Microsoft.VisualStudio.TestTools.TestTypes.Unit.UnitTestAdapter" className="SysIntgTests.iCore.Common.Entities.NodeTypeVersionTests" name="RepositoryEntityType_ReturnsINodeTypeVersion" />
    </UnitTest>
    <UnitTest name="RepositorySystemContext_MatchesActualSystemContext" storage="f:\etwork\bin\tests\sysintgtests.icore.common.entities.dll" id="ef92680b-8a42-f804-af11-8ac5116fd3a4">
      <TestCategory>
        <TestCategoryItem TestCategory="Entities" />
        <TestCategoryItem TestCategory="SystemIntegration" />
      </TestCategory>
      <Execution id="49e812c7-02fa-46e5-b9e1-20a2ac4dd194" />
      <TestMethod codeBase="F:\ETWork\bin\Tests\SysIntgTests.iCore.Common.Entities.dll" adapterTypeName="Microsoft.VisualStudio.TestTools.TestTypes.Unit.UnitTestAdapter" className="SysIntgTests.iCore.Common.Entities.NodeTypeVersionTests" name="RepositorySystemContext_MatchesActualSystemContext" />
    </UnitTest>
    <UnitTest name="Exists_NodeTypeKey_ThrowsArgumentException" storage="f:\etwork\bin\tests\sysintgtests.icore.common.entities.dll" id="d6160c8b-d9f8-0157-5002-b0f933f00ae2">
      <TestCategory>
        <TestCategoryItem TestCategory="Entities" />
        <TestCategoryItem TestCategory="SystemIntegration" />
      </TestCategory>
      <Execution id="63457032-072c-44fa-94db-cc9ebc114e8d" />
      <TestMethod codeBase="F:\ETWork\bin\Tests\SysIntgTests.iCore.Common.Entities.dll" adapterTypeName="Microsoft.VisualStudio.TestTools.TestTypes.Unit.UnitTestAdapter" className="SysIntgTests.iCore.Common.Entities.NodeTypeVersionTests" name="Exists_NodeTypeKey_ThrowsArgumentException" />
    </UnitTest>
    <UnitTest name="Exists_KnownNodeTypeVersionKey_ReturnsTrue (Data Row 0)" storage="f:\etwork\bin\tests\sysintgtests.icore.common.entities.dll" id="7577b4b6-3925-44de-8960-d9c2d3b9ada1">
      <TestCategory>
        <TestCategoryItem TestCategory="Entities" />
        <TestCategoryItem TestCategory="SystemIntegration" />
      </TestCategory>
      <Execution id="3718c703-8e5d-4f1a-a4ad-dea7ec0d22d4" />
      <TestMethod codeBase="F:\ETWork\bin\Tests\SysIntgTests.iCore.Common.Entities.dll" adapterTypeName="Microsoft.VisualStudio.TestTools.TestTypes.Unit.UnitTestAdapter" className="SysIntgTests.iCore.Common.Entities.NodeTypeVersionTests" name="Exists_KnownNodeTypeVersionKey_ReturnsTrue (Data Row 0)" />
    </UnitTest>
    <UnitTest name="Exists_KnownNodeTypeVersionKey_ReturnsTrue (Data Row 1)" storage="f:\etwork\bin\tests\sysintgtests.icore.common.entities.dll" id="2a3507b0-2100-4d28-b0d5-6491d1863341">
      <TestCategory>
        <TestCategoryItem TestCategory="Entities" />
        <TestCategoryItem TestCategory="SystemIntegration" />
      </TestCategory>
      <Execution id="917c5025-665a-4273-83c0-83e6c791dd8f" />
      <TestMethod codeBase="F:\ETWork\bin\Tests\SysIntgTests.iCore.Common.Entities.dll" adapterTypeName="Microsoft.VisualStudio.TestTools.TestTypes.Unit.UnitTestAdapter" className="SysIntgTests.iCore.Common.Entities.NodeTypeVersionTests" name="Exists_KnownNodeTypeVersionKey_ReturnsTrue (Data Row 1)" />
    </UnitTest>
    <UnitTest name="Exists_KnownNodeTypeVersionKey_ReturnsTrue (Data Row 2)" storage="f:\etwork\bin\tests\sysintgtests.icore.common.entities.dll" id="40ff3422-f15d-4b30-b9f8-47ece9429478">
      <TestCategory>
        <TestCategoryItem TestCategory="Entities" />
        <TestCategoryItem TestCategory="SystemIntegration" />
      </TestCategory>
      <Execution id="fec44f5f-ff02-4df7-bf7a-5399c92a39e9" />
      <TestMethod codeBase="F:\ETWork\bin\Tests\SysIntgTests.iCore.Common.Entities.dll" adapterTypeName="Microsoft.VisualStudio.TestTools.TestTypes.Unit.UnitTestAdapter" className="SysIntgTests.iCore.Common.Entities.NodeTypeVersionTests" name="Exists_KnownNodeTypeVersionKey_ReturnsTrue (Data Row 2)" />
    </UnitTest>
    <UnitTest name="Exists_KnownNodeTypeVersionKey_ReturnsTrue (Data Row 3)" storage="f:\etwork\bin\tests\sysintgtests.icore.common.entities.dll" id="bde6143d-32f0-4361-9596-8a49800d0e86">
      <TestCategory>
        <TestCategoryItem TestCategory="Entities" />
        <TestCategoryItem TestCategory="SystemIntegration" />
      </TestCategory>
      <Execution id="a5bf6b46-6976-4c4a-91a5-5429bc592b01" />
      <TestMethod codeBase="F:\ETWork\bin\Tests\SysIntgTests.iCore.Common.Entities.dll" adapterTypeName="Microsoft.VisualStudio.TestTools.TestTypes.Unit.UnitTestAdapter" className="SysIntgTests.iCore.Common.Entities.NodeTypeVersionTests" name="Exists_KnownNodeTypeVersionKey_ReturnsTrue (Data Row 3)" />
    </UnitTest>
    <UnitTest name="Exists_KnownNodeTypeVersionKey_ReturnsTrue (Data Row 4)" storage="f:\etwork\bin\tests\sysintgtests.icore.common.entities.dll" id="802577ba-f482-49ab-821d-66166f7ddc6a">
      <TestCategory>
        <TestCategoryItem TestCategory="Entities" />
        <TestCategoryItem TestCategory="SystemIntegration" />
      </TestCategory>
      <Execution id="d23b2873-418f-42bf-8c71-c2d7542ebca1" />
      <TestMethod codeBase="F:\ETWork\bin\Tests\SysIntgTests.iCore.Common.Entities.dll" adapterTypeName="Microsoft.VisualStudio.TestTools.TestTypes.Unit.UnitTestAdapter" className="SysIntgTests.iCore.Common.Entities.NodeTypeVersionTests" name="Exists_KnownNodeTypeVersionKey_ReturnsTrue (Data Row 4)" />
    </UnitTest>
    <UnitTest name="Exists_NonExistingNodeTypeVersionKey_ReturnsFalse" storage="f:\etwork\bin\tests\sysintgtests.icore.common.entities.dll" id="963fa6af-e46b-4556-afcb-87ac430f31a2">
      <TestCategory>
        <TestCategoryItem TestCategory="Entities" />
        <TestCategoryItem TestCategory="SystemIntegration" />
      </TestCategory>
      <Execution id="483adf0c-6365-4fa1-8c25-730f67cac762" />
      <TestMethod codeBase="F:\ETWork\bin\Tests\SysIntgTests.iCore.Common.Entities.dll" adapterTypeName="Microsoft.VisualStudio.TestTools.TestTypes.Unit.UnitTestAdapter" className="SysIntgTests.iCore.Common.Entities.NodeTypeVersionTests" name="Exists_NonExistingNodeTypeVersionKey_ReturnsFalse" />
    </UnitTest>
    <UnitTest name="CreateInstance_CreatesNewNodeTypeVersion" storage="f:\etwork\bin\tests\sysintgtests.icore.common.entities.dll" id="844a832b-1f9e-f2c4-8d2f-9d05f292af16">
      <Execution id="565c5f15-d173-45a1-bbd5-ccc826f2378c" />
      <TestMethod codeBase="F:\ETWork\bin\Tests\SysIntgTests.iCore.Common.Entities.dll" adapterTypeName="Microsoft.VisualStudio.TestTools.TestTypes.Unit.UnitTestAdapter" className="SysIntgTests.iCore.Common.Entities.NodeTypeVersionTests" name="CreateInstance_CreatesNewNodeTypeVersion" />
    </UnitTest>
    <UnitTest name="List_ContainsEachKnownNodeTypeVersionOnce (Data Row 0)" storage="f:\etwork\bin\tests\sysintgtests.icore.common.entities.dll" id="6edc386b-d2ee-4bd1-952f-ad10509f7fec">
      <TestCategory>
        <TestCategoryItem TestCategory="Entities" />
        <TestCategoryItem TestCategory="SystemIntegration" />
      </TestCategory>
      <Execution id="68b92d60-2588-442a-9747-1a1690950319" />
      <TestMethod codeBase="F:\ETWork\bin\Tests\SysIntgTests.iCore.Common.Entities.dll" adapterTypeName="Microsoft.VisualStudio.TestTools.TestTypes.Unit.UnitTestAdapter" className="SysIntgTests.iCore.Common.Entities.NodeTypeVersionTests" name="List_ContainsEachKnownNodeTypeVersionOnce (Data Row 0)" />
    </UnitTest>
    <UnitTest name="List_ContainsEachKnownNodeTypeVersionOnce (Data Row 1)" storage="f:\etwork\bin\tests\sysintgtests.icore.common.entities.dll" id="51ab218a-d2c2-4065-84e7-3ffcbf0cca08">
      <TestCategory>
        <TestCategoryItem TestCategory="Entities" />
        <TestCategoryItem TestCategory="SystemIntegration" />
      </TestCategory>
      <Execution id="88721d88-e527-490b-91bf-9eee5cd799eb" />
      <TestMethod codeBase="F:\ETWork\bin\Tests\SysIntgTests.iCore.Common.Entities.dll" adapterTypeName="Microsoft.VisualStudio.TestTools.TestTypes.Unit.UnitTestAdapter" className="SysIntgTests.iCore.Common.Entities.NodeTypeVersionTests" name="List_ContainsEachKnownNodeTypeVersionOnce (Data Row 1)" />
    </UnitTest>
    <UnitTest name="List_ContainsEachKnownNodeTypeVersionOnce (Data Row 2)" storage="f:\etwork\bin\tests\sysintgtests.icore.common.entities.dll" id="75c95302-4bce-449d-bd1e-e2a7306c1495">
      <TestCategory>
        <TestCategoryItem TestCategory="Entities" />
        <TestCategoryItem TestCategory="SystemIntegration" />
      </TestCategory>
      <Execution id="890118ba-c9b3-47bd-94be-a9b9d02170f1" />
      <TestMethod codeBase="F:\ETWork\bin\Tests\SysIntgTests.iCore.Common.Entities.dll" adapterTypeName="Microsoft.VisualStudio.TestTools.TestTypes.Unit.UnitTestAdapter" className="SysIntgTests.iCore.Common.Entities.NodeTypeVersionTests" name="List_ContainsEachKnownNodeTypeVersionOnce (Data Row 2)" />
    </UnitTest>
    <UnitTest name="List_ContainsEachKnownNodeTypeVersionOnce (Data Row 3)" storage="f:\etwork\bin\tests\sysintgtests.icore.common.entities.dll" id="29738b56-147b-41c6-8f6a-c9ef42fd3285">
      <TestCategory>
        <TestCategoryItem TestCategory="Entities" />
        <TestCategoryItem TestCategory="SystemIntegration" />
      </TestCategory>
      <Execution id="a425abe5-ad20-4b0f-9a84-90d0cbf63677" />
      <TestMethod codeBase="F:\ETWork\bin\Tests\SysIntgTests.iCore.Common.Entities.dll" adapterTypeName="Microsoft.VisualStudio.TestTools.TestTypes.Unit.UnitTestAdapter" className="SysIntgTests.iCore.Common.Entities.NodeTypeVersionTests" name="List_ContainsEachKnownNodeTypeVersionOnce (Data Row 3)" />
    </UnitTest>
    <UnitTest name="List_ContainsEachKnownNodeTypeVersionOnce (Data Row 4)" storage="f:\etwork\bin\tests\sysintgtests.icore.common.entities.dll" id="7336516a-bfbf-4382-ab12-6b67ba30f761">
      <TestCategory>
        <TestCategoryItem TestCategory="Entities" />
        <TestCategoryItem TestCategory="SystemIntegration" />
      </TestCategory>
      <Execution id="f4fb93c0-d276-4b28-b656-001d9120e9a7" />
      <TestMethod codeBase="F:\ETWork\bin\Tests\SysIntgTests.iCore.Common.Entities.dll" adapterTypeName="Microsoft.VisualStudio.TestTools.TestTypes.Unit.UnitTestAdapter" className="SysIntgTests.iCore.Common.Entities.NodeTypeVersionTests" name="List_ContainsEachKnownNodeTypeVersionOnce (Data Row 4)" />
    </UnitTest>
    <UnitTest name="List_ShouldSetSystemContextCorrectly" storage="f:\etwork\bin\tests\sysintgtests.icore.common.entities.dll" id="5ab1cc2d-5f56-b709-9d87-04d5041ff39f">
      <TestCategory>
        <TestCategoryItem TestCategory="Entities" />
        <TestCategoryItem TestCategory="SystemIntegration" />
      </TestCategory>
      <Execution id="2acd61c3-18b4-43e5-9368-0c421c651621" />
      <TestMethod codeBase="F:\ETWork\bin\Tests\SysIntgTests.iCore.Common.Entities.dll" adapterTypeName="Microsoft.VisualStudio.TestTools.TestTypes.Unit.UnitTestAdapter" className="SysIntgTests.iCore.Common.Entities.NodeTypeVersionTests" name="List_ShouldSetSystemContextCorrectly" />
    </UnitTest>
    <UnitTest name="GetById_NewGuid_ThrowsEntityNotFoundException" storage="f:\etwork\bin\tests\sysintgtests.icore.common.entities.dll" id="185cbff5-708d-91a5-459f-71fbfbe49b4b">
      <TestCategory>
        <TestCategoryItem TestCategory="Entities" />
        <TestCategoryItem TestCategory="SystemIntegration" />
      </TestCategory>
      <Execution id="cfbd0c06-f153-455b-a692-54ebc0416a90" />
      <TestMethod codeBase="F:\ETWork\bin\Tests\SysIntgTests.iCore.Common.Entities.dll" adapterTypeName="Microsoft.VisualStudio.TestTools.TestTypes.Unit.UnitTestAdapter" className="SysIntgTests.iCore.Common.Entities.NodeTypeVersionTests" name="GetById_NewGuid_ThrowsEntityNotFoundException" />
    </UnitTest>
    <UnitTest name="GetById_KnownNodeTypeVersionId_ReturnsEntityWithCorrectProperties (Data Row 0)" storage="f:\etwork\bin\tests\sysintgtests.icore.common.entities.dll" id="70cbeb02-93e5-4120-86b9-63ee73a02cc2">
      <TestCategory>
        <TestCategoryItem TestCategory="Entities" />
        <TestCategoryItem TestCategory="SystemIntegration" />
      </TestCategory>
      <Execution id="800f5f54-8c46-4d81-b4f0-38f6519ff6f9" />
      <TestMethod codeBase="F:\ETWork\bin\Tests\SysIntgTests.iCore.Common.Entities.dll" adapterTypeName="Microsoft.VisualStudio.TestTools.TestTypes.Unit.UnitTestAdapter" className="SysIntgTests.iCore.Common.Entities.NodeTypeVersionTests" name="GetById_KnownNodeTypeVersionId_ReturnsEntityWithCorrectProperties (Data Row 0)" />
    </UnitTest>
    <UnitTest name="GetById_KnownNodeTypeVersionId_ReturnsEntityWithCorrectProperties (Data Row 1)" storage="f:\etwork\bin\tests\sysintgtests.icore.common.entities.dll" id="41af28f9-7463-4040-a9a5-8eaf1ea3227c">
      <TestCategory>
        <TestCategoryItem TestCategory="Entities" />
        <TestCategoryItem TestCategory="SystemIntegration" />
      </TestCategory>
      <Execution id="0c0d9620-d3dc-49c6-972c-a6898b89e2ec" />
      <TestMethod codeBase="F:\ETWork\bin\Tests\SysIntgTests.iCore.Common.Entities.dll" adapterTypeName="Microsoft.VisualStudio.TestTools.TestTypes.Unit.UnitTestAdapter" className="SysIntgTests.iCore.Common.Entities.NodeTypeVersionTests" name="GetById_KnownNodeTypeVersionId_ReturnsEntityWithCorrectProperties (Data Row 1)" />
    </UnitTest>
    <UnitTest name="GetById_KnownNodeTypeVersionId_ReturnsEntityWithCorrectProperties (Data Row 2)" storage="f:\etwork\bin\tests\sysintgtests.icore.common.entities.dll" id="a0df0c1e-6b81-4914-9d2e-087aee95c1f1">
      <TestCategory>
        <TestCategoryItem TestCategory="Entities" />
        <TestCategoryItem TestCategory="SystemIntegration" />
      </TestCategory>
      <Execution id="3b8646b9-3be3-4a5f-aec5-0a5fad6859c4" />
      <TestMethod codeBase="F:\ETWork\bin\Tests\SysIntgTests.iCore.Common.Entities.dll" adapterTypeName="Microsoft.VisualStudio.TestTools.TestTypes.Unit.UnitTestAdapter" className="SysIntgTests.iCore.Common.Entities.NodeTypeVersionTests" name="GetById_KnownNodeTypeVersionId_ReturnsEntityWithCorrectProperties (Data Row 2)" />
    </UnitTest>
    <UnitTest name="GetById_KnownNodeTypeVersionId_ReturnsEntityWithCorrectProperties (Data Row 3)" storage="f:\etwork\bin\tests\sysintgtests.icore.common.entities.dll" id="52060845-c994-4a66-a900-5a3528415641">
      <TestCategory>
        <TestCategoryItem TestCategory="Entities" />
        <TestCategoryItem TestCategory="SystemIntegration" />
      </TestCategory>
      <Execution id="17a86121-027c-4cdc-9d57-f76ddd37f1a2" />
      <TestMethod codeBase="F:\ETWork\bin\Tests\SysIntgTests.iCore.Common.Entities.dll" adapterTypeName="Microsoft.VisualStudio.TestTools.TestTypes.Unit.UnitTestAdapter" className="SysIntgTests.iCore.Common.Entities.NodeTypeVersionTests" name="GetById_KnownNodeTypeVersionId_ReturnsEntityWithCorrectProperties (Data Row 3)" />
    </UnitTest>
    <UnitTest name="GetById_KnownNodeTypeVersionId_ReturnsEntityWithCorrectProperties (Data Row 4)" storage="f:\etwork\bin\tests\sysintgtests.icore.common.entities.dll" id="e17f3963-c98f-4088-a783-594db9cf9801">
      <TestCategory>
        <TestCategoryItem TestCategory="Entities" />
        <TestCategoryItem TestCategory="SystemIntegration" />
      </TestCategory>
      <Execution id="6ddfaa71-a04f-4351-b925-a75c60423afa" />
      <TestMethod codeBase="F:\ETWork\bin\Tests\SysIntgTests.iCore.Common.Entities.dll" adapterTypeName="Microsoft.VisualStudio.TestTools.TestTypes.Unit.UnitTestAdapter" className="SysIntgTests.iCore.Common.Entities.NodeTypeVersionTests" name="GetById_KnownNodeTypeVersionId_ReturnsEntityWithCorrectProperties (Data Row 4)" />
    </UnitTest>
    <UnitTest name="TryGetById_NewGuid_ReturnsNull" storage="f:\etwork\bin\tests\sysintgtests.icore.common.entities.dll" id="1a48a66d-7533-ae46-4240-324ddf732fdb">
      <TestCategory>
        <TestCategoryItem TestCategory="Entities" />
        <TestCategoryItem TestCategory="SystemIntegration" />
      </TestCategory>
      <Execution id="493101ab-dd05-444d-a11a-aa0b51818e52" />
      <TestMethod codeBase="F:\ETWork\bin\Tests\SysIntgTests.iCore.Common.Entities.dll" adapterTypeName="Microsoft.VisualStudio.TestTools.TestTypes.Unit.UnitTestAdapter" className="SysIntgTests.iCore.Common.Entities.NodeTypeVersionTests" name="TryGetById_NewGuid_ReturnsNull" />
    </UnitTest>
    <UnitTest name="TryGetById_KnownNodeTypeVersionId_ReturnsEntityWithCorrectProperties (Data Row 0)" storage="f:\etwork\bin\tests\sysintgtests.icore.common.entities.dll" id="480b80a8-e8ff-4808-acf9-44460d1ee277">
      <TestCategory>
        <TestCategoryItem TestCategory="Entities" />
        <TestCategoryItem TestCategory="SystemIntegration" />
      </TestCategory>
      <Execution id="d2561e50-7149-4aeb-abd1-38321e85d372" />
      <TestMethod codeBase="F:\ETWork\bin\Tests\SysIntgTests.iCore.Common.Entities.dll" adapterTypeName="Microsoft.VisualStudio.TestTools.TestTypes.Unit.UnitTestAdapter" className="SysIntgTests.iCore.Common.Entities.NodeTypeVersionTests" name="TryGetById_KnownNodeTypeVersionId_ReturnsEntityWithCorrectProperties (Data Row 0)" />
    </UnitTest>
    <UnitTest name="TryGetById_KnownNodeTypeVersionId_ReturnsEntityWithCorrectProperties (Data Row 1)" storage="f:\etwork\bin\tests\sysintgtests.icore.common.entities.dll" id="b2971798-287d-4da7-8651-51229cf4ba5f">
      <TestCategory>
        <TestCategoryItem TestCategory="Entities" />
        <TestCategoryItem TestCategory="SystemIntegration" />
      </TestCategory>
      <Execution id="388d311d-6016-4b2f-bad9-ec6face11c34" />
      <TestMethod codeBase="F:\ETWork\bin\Tests\SysIntgTests.iCore.Common.Entities.dll" adapterTypeName="Microsoft.VisualStudio.TestTools.TestTypes.Unit.UnitTestAdapter" className="SysIntgTests.iCore.Common.Entities.NodeTypeVersionTests" name="TryGetById_KnownNodeTypeVersionId_ReturnsEntityWithCorrectProperties (Data Row 1)" />
    </UnitTest>
    <UnitTest name="TryGetById_KnownNodeTypeVersionId_ReturnsEntityWithCorrectProperties (Data Row 2)" storage="f:\etwork\bin\tests\sysintgtests.icore.common.entities.dll" id="3bc89178-8fa3-4c02-aa78-22686064ebc0">
      <TestCategory>
        <TestCategoryItem TestCategory="Entities" />
        <TestCategoryItem TestCategory="SystemIntegration" />
      </TestCategory>
      <Execution id="c35c66f7-a0a0-40e4-a723-be2ba93e01bd" />
      <TestMethod codeBase="F:\ETWork\bin\Tests\SysIntgTests.iCore.Common.Entities.dll" adapterTypeName="Microsoft.VisualStudio.TestTools.TestTypes.Unit.UnitTestAdapter" className="SysIntgTests.iCore.Common.Entities.NodeTypeVersionTests" name="TryGetById_KnownNodeTypeVersionId_ReturnsEntityWithCorrectProperties (Data Row 2)" />
    </UnitTest>
    <UnitTest name="TryGetById_KnownNodeTypeVersionId_ReturnsEntityWithCorrectProperties (Data Row 3)" storage="f:\etwork\bin\tests\sysintgtests.icore.common.entities.dll" id="14e8f0cf-93b7-432b-a29d-9503999be3f5">
      <TestCategory>
        <TestCategoryItem TestCategory="Entities" />
        <TestCategoryItem TestCategory="SystemIntegration" />
      </TestCategory>
      <Execution id="158bf1cb-8609-4bff-b112-b40750e37035" />
      <TestMethod codeBase="F:\ETWork\bin\Tests\SysIntgTests.iCore.Common.Entities.dll" adapterTypeName="Microsoft.VisualStudio.TestTools.TestTypes.Unit.UnitTestAdapter" className="SysIntgTests.iCore.Common.Entities.NodeTypeVersionTests" name="TryGetById_KnownNodeTypeVersionId_ReturnsEntityWithCorrectProperties (Data Row 3)" />
    </UnitTest>
    <UnitTest name="TryGetById_KnownNodeTypeVersionId_ReturnsEntityWithCorrectProperties (Data Row 4)" storage="f:\etwork\bin\tests\sysintgtests.icore.common.entities.dll" id="5d1ae591-4e75-4439-baa2-17d3da3d3a70">
      <TestCategory>
        <TestCategoryItem TestCategory="Entities" />
        <TestCategoryItem TestCategory="SystemIntegration" />
      </TestCategory>
      <Execution id="436ce6cc-194b-4d34-ad94-d6e748221c7d" />
      <TestMethod codeBase="F:\ETWork\bin\Tests\SysIntgTests.iCore.Common.Entities.dll" adapterTypeName="Microsoft.VisualStudio.TestTools.TestTypes.Unit.UnitTestAdapter" className="SysIntgTests.iCore.Common.Entities.NodeTypeVersionTests" name="TryGetById_KnownNodeTypeVersionId_ReturnsEntityWithCorrectProperties (Data Row 4)" />
    </UnitTest>
    <UnitTest name="GetByName_NullName_ThrowsArgumentNullException" storage="f:\etwork\bin\tests\sysintgtests.icore.common.entities.dll" id="56db262c-c1e2-e0bd-c98b-cff2309651cf">
      <TestCategory>
        <TestCategoryItem TestCategory="Entities" />
        <TestCategoryItem TestCategory="SystemIntegration" />
      </TestCategory>
      <Execution id="143e5dd4-358a-4c22-b79f-d3e909281dbe" />
      <TestMethod codeBase="F:\ETWork\bin\Tests\SysIntgTests.iCore.Common.Entities.dll" adapterTypeName="Microsoft.VisualStudio.TestTools.TestTypes.Unit.UnitTestAdapter" className="SysIntgTests.iCore.Common.Entities.NodeTypeVersionTests" name="GetByName_NullName_ThrowsArgumentNullException" />
    </UnitTest>
    <UnitTest name="GetByName_NonExistingName_ThrowsEntityNotFoundException" storage="f:\etwork\bin\tests\sysintgtests.icore.common.entities.dll" id="f81a969e-d410-9620-1a3b-24ab271c730f">
      <TestCategory>
        <TestCategoryItem TestCategory="Entities" />
        <TestCategoryItem TestCategory="SystemIntegration" />
      </TestCategory>
      <Execution id="e17d6f78-acc9-41fa-9e0a-3bb74c7db487" />
      <TestMethod codeBase="F:\ETWork\bin\Tests\SysIntgTests.iCore.Common.Entities.dll" adapterTypeName="Microsoft.VisualStudio.TestTools.TestTypes.Unit.UnitTestAdapter" className="SysIntgTests.iCore.Common.Entities.NodeTypeVersionTests" name="GetByName_NonExistingName_ThrowsEntityNotFoundException" />
    </UnitTest>
    <UnitTest name="GetByName_KnownNodeTypeVersionName_ReturnsEntityWithCorrectProperties (Data Row 0)" storage="f:\etwork\bin\tests\sysintgtests.icore.common.entities.dll" id="a24fda83-301a-4806-8a6f-9449d8286157">
      <TestCategory>
        <TestCategoryItem TestCategory="Entities" />
        <TestCategoryItem TestCategory="SystemIntegration" />
      </TestCategory>
      <Execution id="22f91797-87c5-4af6-aab4-4107dce02037" />
      <TestMethod codeBase="F:\ETWork\bin\Tests\SysIntgTests.iCore.Common.Entities.dll" adapterTypeName="Microsoft.VisualStudio.TestTools.TestTypes.Unit.UnitTestAdapter" className="SysIntgTests.iCore.Common.Entities.NodeTypeVersionTests" name="GetByName_KnownNodeTypeVersionName_ReturnsEntityWithCorrectProperties (Data Row 0)" />
    </UnitTest>
    <UnitTest name="GetByName_KnownNodeTypeVersionName_ReturnsEntityWithCorrectProperties (Data Row 1)" storage="f:\etwork\bin\tests\sysintgtests.icore.common.entities.dll" id="b33b6504-39f8-4dd9-85f1-b37d38c9aa8c">
      <TestCategory>
        <TestCategoryItem TestCategory="Entities" />
        <TestCategoryItem TestCategory="SystemIntegration" />
      </TestCategory>
      <Execution id="45590620-6efe-4eeb-94cb-fc650a40cee1" />
      <TestMethod codeBase="F:\ETWork\bin\Tests\SysIntgTests.iCore.Common.Entities.dll" adapterTypeName="Microsoft.VisualStudio.TestTools.TestTypes.Unit.UnitTestAdapter" className="SysIntgTests.iCore.Common.Entities.NodeTypeVersionTests" name="GetByName_KnownNodeTypeVersionName_ReturnsEntityWithCorrectProperties (Data Row 1)" />
    </UnitTest>
    <UnitTest name="GetByName_KnownNodeTypeVersionName_ReturnsEntityWithCorrectProperties (Data Row 2)" storage="f:\etwork\bin\tests\sysintgtests.icore.common.entities.dll" id="689aa4ba-72a2-44d8-8383-27340aa53bb5">
      <TestCategory>
        <TestCategoryItem TestCategory="Entities" />
        <TestCategoryItem TestCategory="SystemIntegration" />
      </TestCategory>
      <Execution id="1350af3a-56e9-45a3-a817-7be5073674f2" />
      <TestMethod codeBase="F:\ETWork\bin\Tests\SysIntgTests.iCore.Common.Entities.dll" adapterTypeName="Microsoft.VisualStudio.TestTools.TestTypes.Unit.UnitTestAdapter" className="SysIntgTests.iCore.Common.Entities.NodeTypeVersionTests" name="GetByName_KnownNodeTypeVersionName_ReturnsEntityWithCorrectProperties (Data Row 2)" />
    </UnitTest>
    <UnitTest name="GetByName_KnownNodeTypeVersionName_ReturnsEntityWithCorrectProperties (Data Row 3)" storage="f:\etwork\bin\tests\sysintgtests.icore.common.entities.dll" id="d538cdc6-d3d6-454a-95ab-787f9e77fb37">
      <TestCategory>
        <TestCategoryItem TestCategory="Entities" />
        <TestCategoryItem TestCategory="SystemIntegration" />
      </TestCategory>
      <Execution id="02aab04f-1a8d-4b18-b9c1-4b1195f44f3d" />
      <TestMethod codeBase="F:\ETWork\bin\Tests\SysIntgTests.iCore.Common.Entities.dll" adapterTypeName="Microsoft.VisualStudio.TestTools.TestTypes.Unit.UnitTestAdapter" className="SysIntgTests.iCore.Common.Entities.NodeTypeVersionTests" name="GetByName_KnownNodeTypeVersionName_ReturnsEntityWithCorrectProperties (Data Row 3)" />
    </UnitTest>
    <UnitTest name="GetByName_KnownNodeTypeVersionName_ReturnsEntityWithCorrectProperties (Data Row 4)" storage="f:\etwork\bin\tests\sysintgtests.icore.common.entities.dll" id="656db21c-feda-4d47-9a17-882d6bf72291">
      <TestCategory>
        <TestCategoryItem TestCategory="Entities" />
        <TestCategoryItem TestCategory="SystemIntegration" />
      </TestCategory>
      <Execution id="453d25f6-fdf6-4ed3-ac4a-15924ee6f52b" />
      <TestMethod codeBase="F:\ETWork\bin\Tests\SysIntgTests.iCore.Common.Entities.dll" adapterTypeName="Microsoft.VisualStudio.TestTools.TestTypes.Unit.UnitTestAdapter" className="SysIntgTests.iCore.Common.Entities.NodeTypeVersionTests" name="GetByName_KnownNodeTypeVersionName_ReturnsEntityWithCorrectProperties (Data Row 4)" />
    </UnitTest>
    <UnitTest name="GetByKey_NewGuid_ThrowsEntityNotFoundException" storage="f:\etwork\bin\tests\sysintgtests.icore.common.entities.dll" id="6a2de5cb-c7f4-dc1f-d75a-0e6030bee195">
      <TestCategory>
        <TestCategoryItem TestCategory="Entities" />
        <TestCategoryItem TestCategory="SystemIntegration" />
      </TestCategory>
      <Execution id="ce0a6a0b-1905-444b-9e4b-431de99da29c" />
      <TestMethod codeBase="F:\ETWork\bin\Tests\SysIntgTests.iCore.Common.Entities.dll" adapterTypeName="Microsoft.VisualStudio.TestTools.TestTypes.Unit.UnitTestAdapter" className="SysIntgTests.iCore.Common.Entities.NodeTypeVersionTests" name="GetByKey_NewGuid_ThrowsEntityNotFoundException" />
    </UnitTest>
    <UnitTest name="GetByKey_KnownNodeTypeVersionKey_ReturnsEntityWithCorrectProperties (Data Row 0)" storage="f:\etwork\bin\tests\sysintgtests.icore.common.entities.dll" id="afdfbcd5-1485-419d-937a-6a306392e26b">
      <TestCategory>
        <TestCategoryItem TestCategory="Entities" />
        <TestCategoryItem TestCategory="SystemIntegration" />
      </TestCategory>
      <Execution id="a0be036a-dafe-4257-a827-67613803ca78" />
      <TestMethod codeBase="F:\ETWork\bin\Tests\SysIntgTests.iCore.Common.Entities.dll" adapterTypeName="Microsoft.VisualStudio.TestTools.TestTypes.Unit.UnitTestAdapter" className="SysIntgTests.iCore.Common.Entities.NodeTypeVersionTests" name="GetByKey_KnownNodeTypeVersionKey_ReturnsEntityWithCorrectProperties (Data Row 0)" />
    </UnitTest>
    <UnitTest name="GetByKey_KnownNodeTypeVersionKey_ReturnsEntityWithCorrectProperties (Data Row 1)" storage="f:\etwork\bin\tests\sysintgtests.icore.common.entities.dll" id="479dbfb8-b896-49b1-93c8-4bb91f743956">
      <TestCategory>
        <TestCategoryItem TestCategory="Entities" />
        <TestCategoryItem TestCategory="SystemIntegration" />
      </TestCategory>
      <Execution id="1c1085b4-dcbc-46ed-a0c5-985ed182e100" />
      <TestMethod codeBase="F:\ETWork\bin\Tests\SysIntgTests.iCore.Common.Entities.dll" adapterTypeName="Microsoft.VisualStudio.TestTools.TestTypes.Unit.UnitTestAdapter" className="SysIntgTests.iCore.Common.Entities.NodeTypeVersionTests" name="GetByKey_KnownNodeTypeVersionKey_ReturnsEntityWithCorrectProperties (Data Row 1)" />
    </UnitTest>
    <UnitTest name="GetByKey_KnownNodeTypeVersionKey_ReturnsEntityWithCorrectProperties (Data Row 2)" storage="f:\etwork\bin\tests\sysintgtests.icore.common.entities.dll" id="cf73efa4-209c-43fd-a39d-16109c4cac8c">
      <TestCategory>
        <TestCategoryItem TestCategory="Entities" />
        <TestCategoryItem TestCategory="SystemIntegration" />
      </TestCategory>
      <Execution id="d7bd4717-59a5-4a8a-9502-d7c986970159" />
      <TestMethod codeBase="F:\ETWork\bin\Tests\SysIntgTests.iCore.Common.Entities.dll" adapterTypeName="Microsoft.VisualStudio.TestTools.TestTypes.Unit.UnitTestAdapter" className="SysIntgTests.iCore.Common.Entities.NodeTypeVersionTests" name="GetByKey_KnownNodeTypeVersionKey_ReturnsEntityWithCorrectProperties (Data Row 2)" />
    </UnitTest>
    <UnitTest name="GetByKey_KnownNodeTypeVersionKey_ReturnsEntityWithCorrectProperties (Data Row 3)" storage="f:\etwork\bin\tests\sysintgtests.icore.common.entities.dll" id="4d0fc83a-b5ca-4278-990a-b69bdd5713ba">
      <TestCategory>
        <TestCategoryItem TestCategory="Entities" />
        <TestCategoryItem TestCategory="SystemIntegration" />
      </TestCategory>
      <Execution id="2c97442a-8622-4b9e-8f24-ff72e8071561" />
      <TestMethod codeBase="F:\ETWork\bin\Tests\SysIntgTests.iCore.Common.Entities.dll" adapterTypeName="Microsoft.VisualStudio.TestTools.TestTypes.Unit.UnitTestAdapter" className="SysIntgTests.iCore.Common.Entities.NodeTypeVersionTests" name="GetByKey_KnownNodeTypeVersionKey_ReturnsEntityWithCorrectProperties (Data Row 3)" />
    </UnitTest>
    <UnitTest name="GetByKey_KnownNodeTypeVersionKey_ReturnsEntityWithCorrectProperties (Data Row 4)" storage="f:\etwork\bin\tests\sysintgtests.icore.common.entities.dll" id="67d8f5a0-9dde-48ef-831f-eb4409684940">
      <TestCategory>
        <TestCategoryItem TestCategory="Entities" />
        <TestCategoryItem TestCategory="SystemIntegration" />
      </TestCategory>
      <Execution id="8cf82af4-9489-45d0-a962-a3d55fe78047" />
      <TestMethod codeBase="F:\ETWork\bin\Tests\SysIntgTests.iCore.Common.Entities.dll" adapterTypeName="Microsoft.VisualStudio.TestTools.TestTypes.Unit.UnitTestAdapter" className="SysIntgTests.iCore.Common.Entities.NodeTypeVersionTests" name="GetByKey_KnownNodeTypeVersionKey_ReturnsEntityWithCorrectProperties (Data Row 4)" />
    </UnitTest>
    <UnitTest name="GetByKey_UnsupportedKey_ThrowsArgumentException" storage="f:\etwork\bin\tests\sysintgtests.icore.common.entities.dll" id="45f608ef-0843-5099-1c7b-656538cf92c5">
      <TestCategory>
        <TestCategoryItem TestCategory="Entities" />
        <TestCategoryItem TestCategory="SystemIntegration" />
      </TestCategory>
      <Execution id="ffbdd1be-e6c1-4332-96d7-7ef666321daf" />
      <TestMethod codeBase="F:\ETWork\bin\Tests\SysIntgTests.iCore.Common.Entities.dll" adapterTypeName="Microsoft.VisualStudio.TestTools.TestTypes.Unit.UnitTestAdapter" className="SysIntgTests.iCore.Common.Entities.NodeTypeVersionTests" name="GetByKey_UnsupportedKey_ThrowsArgumentException" />
    </UnitTest>
    <UnitTest name="Delete_NonExistingId_DoesNotDeleteAnything" storage="f:\etwork\bin\tests\sysintgtests.icore.common.entities.dll" id="3976e825-1a90-d912-806c-2dd2c4182542">
      <TestCategory>
        <TestCategoryItem TestCategory="Entities" />
        <TestCategoryItem TestCategory="SystemIntegration" />
      </TestCategory>
      <Execution id="263d7599-7396-4e05-9fda-05df4c7d33d6" />
      <TestMethod codeBase="F:\ETWork\bin\Tests\SysIntgTests.iCore.Common.Entities.dll" adapterTypeName="Microsoft.VisualStudio.TestTools.TestTypes.Unit.UnitTestAdapter" className="SysIntgTests.iCore.Common.Entities.NodeTypeVersionTests" name="Delete_NonExistingId_DoesNotDeleteAnything" />
    </UnitTest>
    <UnitTest name="Delete_UnusedNodeTypeVersion_SuccessfullyDeletesNodeTypeVersion" storage="f:\etwork\bin\tests\sysintgtests.icore.common.entities.dll" id="de15ccd9-b969-db55-9a1e-5cef0d068e3f">
      <TestCategory>
        <TestCategoryItem TestCategory="Entities" />
        <TestCategoryItem TestCategory="SystemIntegration" />
      </TestCategory>
      <Execution id="23ba6c69-daf2-42ad-bccd-af7ffcd28800" />
      <TestMethod codeBase="F:\ETWork\bin\Tests\SysIntgTests.iCore.Common.Entities.dll" adapterTypeName="Microsoft.VisualStudio.TestTools.TestTypes.Unit.UnitTestAdapter" className="SysIntgTests.iCore.Common.Entities.NodeTypeVersionTests" name="Delete_UnusedNodeTypeVersion_SuccessfullyDeletesNodeTypeVersion" />
    </UnitTest>
    <UnitTest name="Delete_UsedNodeTypeVersion_ThrowsEntityDependencyException" storage="f:\etwork\bin\tests\sysintgtests.icore.common.entities.dll" id="3b294add-c6a4-70ed-0304-875ce5c58b7b">
      <TestCategory>
        <TestCategoryItem TestCategory="Entities" />
        <TestCategoryItem TestCategory="SystemIntegration" />
      </TestCategory>
      <Execution id="60ffd9ab-ced4-43c4-9242-5d8568b8c05f" />
      <TestMethod codeBase="F:\ETWork\bin\Tests\SysIntgTests.iCore.Common.Entities.dll" adapterTypeName="Microsoft.VisualStudio.TestTools.TestTypes.Unit.UnitTestAdapter" className="SysIntgTests.iCore.Common.Entities.NodeTypeVersionTests" name="Delete_UsedNodeTypeVersion_ThrowsEntityDependencyException" />
    </UnitTest>
    <UnitTest name="Add_NullName_ThrowsConditionalErrorException" storage="f:\etwork\bin\tests\sysintgtests.icore.common.entities.dll" id="dda2459f-7beb-b3d5-e1da-14764f282e93">
      <TestCategory>
        <TestCategoryItem TestCategory="Entities" />
        <TestCategoryItem TestCategory="SystemIntegration" />
      </TestCategory>
      <Execution id="34e36b93-9673-4327-9297-75aaf867e69e" />
      <TestMethod codeBase="F:\ETWork\bin\Tests\SysIntgTests.iCore.Common.Entities.dll" adapterTypeName="Microsoft.VisualStudio.TestTools.TestTypes.Unit.UnitTestAdapter" className="SysIntgTests.iCore.Common.Entities.NodeTypeVersionTests" name="Add_NullName_ThrowsConditionalErrorException" />
    </UnitTest>
    <UnitTest name="Add_EmptyName_ThrowsStringLengthErrorException" storage="f:\etwork\bin\tests\sysintgtests.icore.common.entities.dll" id="89fa9b62-1138-0286-680b-36e7fb01e5d1">
      <TestCategory>
        <TestCategoryItem TestCategory="Entities" />
        <TestCategoryItem TestCategory="SystemIntegration" />
      </TestCategory>
      <Execution id="e1a63e15-5ee4-4607-8452-ddcb5629a093" />
      <TestMethod codeBase="F:\ETWork\bin\Tests\SysIntgTests.iCore.Common.Entities.dll" adapterTypeName="Microsoft.VisualStudio.TestTools.TestTypes.Unit.UnitTestAdapter" className="SysIntgTests.iCore.Common.Entities.NodeTypeVersionTests" name="Add_EmptyName_ThrowsStringLengthErrorException" />
    </UnitTest>
    <UnitTest name="Add_WhiteSpaceOnlyName_ThrowsStringLengthErrorException" storage="f:\etwork\bin\tests\sysintgtests.icore.common.entities.dll" id="6fe5b19d-28e6-2c5f-b634-e5d87ae0aa0f">
      <TestCategory>
        <TestCategoryItem TestCategory="Entities" />
        <TestCategoryItem TestCategory="SystemIntegration" />
      </TestCategory>
      <Execution id="e660c1af-b276-4541-8645-bfbd38ca936d" />
      <TestMethod codeBase="F:\ETWork\bin\Tests\SysIntgTests.iCore.Common.Entities.dll" adapterTypeName="Microsoft.VisualStudio.TestTools.TestTypes.Unit.UnitTestAdapter" className="SysIntgTests.iCore.Common.Entities.NodeTypeVersionTests" name="Add_WhiteSpaceOnlyName_ThrowsStringLengthErrorException" />
    </UnitTest>
    <UnitTest name="Add_TooLongName_ThrowsStringLengthErrorException" storage="f:\etwork\bin\tests\sysintgtests.icore.common.entities.dll" id="afdcb8bb-ea32-a71e-42a3-472fce346712">
      <TestCategory>
        <TestCategoryItem TestCategory="Entities" />
        <TestCategoryItem TestCategory="SystemIntegration" />
      </TestCategory>
      <Execution id="8dc43545-dfdb-4ab0-b2e4-1aedcfd3e303" />
      <TestMethod codeBase="F:\ETWork\bin\Tests\SysIntgTests.iCore.Common.Entities.dll" adapterTypeName="Microsoft.VisualStudio.TestTools.TestTypes.Unit.UnitTestAdapter" className="SysIntgTests.iCore.Common.Entities.NodeTypeVersionTests" name="Add_TooLongName_ThrowsStringLengthErrorException" />
    </UnitTest>
    <UnitTest name="Add_LongDescription_Succeeds" storage="f:\etwork\bin\tests\sysintgtests.icore.common.entities.dll" id="6fa0a7ef-0fc5-e2dd-9dd8-cf34b4b9d144">
      <TestCategory>
        <TestCategoryItem TestCategory="Entities" />
        <TestCategoryItem TestCategory="SystemIntegration" />
      </TestCategory>
      <Execution id="5a85e2c9-b037-4197-b3dc-a8a931da2d99" />
      <TestMethod codeBase="F:\ETWork\bin\Tests\SysIntgTests.iCore.Common.Entities.dll" adapterTypeName="Microsoft.VisualStudio.TestTools.TestTypes.Unit.UnitTestAdapter" className="SysIntgTests.iCore.Common.Entities.NodeTypeVersionTests" name="Add_LongDescription_Succeeds" />
    </UnitTest>
    <UnitTest name="Add_ValidProperties_IdAndTimesAreUpdatedCorrectly" storage="f:\etwork\bin\tests\sysintgtests.icore.common.entities.dll" id="fa1f0b04-c710-d0df-d389-f0cdb1d89a74">
      <TestCategory>
        <TestCategoryItem TestCategory="Entities" />
        <TestCategoryItem TestCategory="SystemIntegration" />
      </TestCategory>
      <Execution id="0b0074cc-ea01-4dab-9ab4-abae4d1046e0" />
      <TestMethod codeBase="F:\ETWork\bin\Tests\SysIntgTests.iCore.Common.Entities.dll" adapterTypeName="Microsoft.VisualStudio.TestTools.TestTypes.Unit.UnitTestAdapter" className="SysIntgTests.iCore.Common.Entities.NodeTypeVersionTests" name="Add_ValidProperties_IdAndTimesAreUpdatedCorrectly" />
    </UnitTest>
    <UnitTest name="Add_ComplexProperties_ArePersistedCorrectly" storage="f:\etwork\bin\tests\sysintgtests.icore.common.entities.dll" id="ac6d53ce-a249-b934-f2df-b0af23bab116">
      <TestCategory>
        <TestCategoryItem TestCategory="Entities" />
        <TestCategoryItem TestCategory="SystemIntegration" />
      </TestCategory>
      <Execution id="92a1a3f1-3f8f-4c84-b12c-dc77922426c5" />
      <TestMethod codeBase="F:\ETWork\bin\Tests\SysIntgTests.iCore.Common.Entities.dll" adapterTypeName="Microsoft.VisualStudio.TestTools.TestTypes.Unit.UnitTestAdapter" className="SysIntgTests.iCore.Common.Entities.NodeTypeVersionTests" name="Add_ComplexProperties_ArePersistedCorrectly" />
    </UnitTest>
    <UnitTest name="Add_DuplicateName_ThrowsUniqueValueAddConflictException" storage="f:\etwork\bin\tests\sysintgtests.icore.common.entities.dll" id="b30dc43b-b282-977a-8e76-bc7d716302c5">
      <TestCategory>
        <TestCategoryItem TestCategory="Entities" />
        <TestCategoryItem TestCategory="SystemIntegration" />
      </TestCategory>
      <Execution id="050d1f05-989c-43dc-9074-db532ec6bfa4" />
      <TestMethod codeBase="F:\ETWork\bin\Tests\SysIntgTests.iCore.Common.Entities.dll" adapterTypeName="Microsoft.VisualStudio.TestTools.TestTypes.Unit.UnitTestAdapter" className="SysIntgTests.iCore.Common.Entities.NodeTypeVersionTests" name="Add_DuplicateName_ThrowsUniqueValueAddConflictException" />
    </UnitTest>
    <UnitTest name="Update_NullName_ThrowsConditionalErrorException" storage="f:\etwork\bin\tests\sysintgtests.icore.common.entities.dll" id="e16ab802-a1cc-e7c9-ca4d-523cb5080bed">
      <TestCategory>
        <TestCategoryItem TestCategory="Entities" />
        <TestCategoryItem TestCategory="SystemIntegration" />
      </TestCategory>
      <Execution id="ddb3040b-cf52-4002-831d-adb3db021168" />
      <TestMethod codeBase="F:\ETWork\bin\Tests\SysIntgTests.iCore.Common.Entities.dll" adapterTypeName="Microsoft.VisualStudio.TestTools.TestTypes.Unit.UnitTestAdapter" className="SysIntgTests.iCore.Common.Entities.NodeTypeVersionTests" name="Update_NullName_ThrowsConditionalErrorException" />
    </UnitTest>
    <UnitTest name="Update_EmtpyName_ThrowsStringLengthErrorException" storage="f:\etwork\bin\tests\sysintgtests.icore.common.entities.dll" id="8db3adc9-ab00-fe19-0142-6d26f23db692">
      <TestCategory>
        <TestCategoryItem TestCategory="Entities" />
        <TestCategoryItem TestCategory="SystemIntegration" />
      </TestCategory>
      <Execution id="7b795390-f2fc-4ff3-852a-ac121180219d" />
      <TestMethod codeBase="F:\ETWork\bin\Tests\SysIntgTests.iCore.Common.Entities.dll" adapterTypeName="Microsoft.VisualStudio.TestTools.TestTypes.Unit.UnitTestAdapter" className="SysIntgTests.iCore.Common.Entities.NodeTypeVersionTests" name="Update_EmtpyName_ThrowsStringLengthErrorException" />
    </UnitTest>
    <UnitTest name="Update_WhitespaceOnlyName_ThrowsStringLengthErrorException" storage="f:\etwork\bin\tests\sysintgtests.icore.common.entities.dll" id="e3d67054-63a2-7f4c-0046-dc28eb5155f6">
      <TestCategory>
        <TestCategoryItem TestCategory="Entities" />
        <TestCategoryItem TestCategory="SystemIntegration" />
      </TestCategory>
      <Execution id="208248b3-db69-449b-80f8-7012630a4b78" />
      <TestMethod codeBase="F:\ETWork\bin\Tests\SysIntgTests.iCore.Common.Entities.dll" adapterTypeName="Microsoft.VisualStudio.TestTools.TestTypes.Unit.UnitTestAdapter" className="SysIntgTests.iCore.Common.Entities.NodeTypeVersionTests" name="Update_WhitespaceOnlyName_ThrowsStringLengthErrorException" />
    </UnitTest>
    <UnitTest name="Update_TooLongName_ThrowsStringLengthErrorException" storage="f:\etwork\bin\tests\sysintgtests.icore.common.entities.dll" id="690398ee-c8bf-592f-3804-ff311a7841ba">
      <TestCategory>
        <TestCategoryItem TestCategory="Entities" />
        <TestCategoryItem TestCategory="SystemIntegration" />
      </TestCategory>
      <Execution id="7d342d4c-5426-46f4-a74f-718ecc3ae147" />
      <TestMethod codeBase="F:\ETWork\bin\Tests\SysIntgTests.iCore.Common.Entities.dll" adapterTypeName="Microsoft.VisualStudio.TestTools.TestTypes.Unit.UnitTestAdapter" className="SysIntgTests.iCore.Common.Entities.NodeTypeVersionTests" name="Update_TooLongName_ThrowsStringLengthErrorException" />
    </UnitTest>
    <UnitTest name="Update_LongDescription_Succeeds" storage="f:\etwork\bin\tests\sysintgtests.icore.common.entities.dll" id="87b9cba3-01ea-732d-ed06-c25f27179ef5">
      <TestCategory>
        <TestCategoryItem TestCategory="Entities" />
        <TestCategoryItem TestCategory="SystemIntegration" />
      </TestCategory>
      <Execution id="5d806ed4-fef8-4c7c-9960-4c89fa9762f9" />
      <TestMethod codeBase="F:\ETWork\bin\Tests\SysIntgTests.iCore.Common.Entities.dll" adapterTypeName="Microsoft.VisualStudio.TestTools.TestTypes.Unit.UnitTestAdapter" className="SysIntgTests.iCore.Common.Entities.NodeTypeVersionTests" name="Update_LongDescription_Succeeds" />
    </UnitTest>
    <UnitTest name="Update_DuplicateName_ThrowsUniqueValueAddConflictException" storage="f:\etwork\bin\tests\sysintgtests.icore.common.entities.dll" id="f73cefa9-34b6-149d-60bf-338282726649">
      <TestCategory>
        <TestCategoryItem TestCategory="Entities" />
        <TestCategoryItem TestCategory="SystemIntegration" />
      </TestCategory>
      <Execution id="8ae47521-439d-4dd0-bca3-f26bdf2eab72" />
      <TestMethod codeBase="F:\ETWork\bin\Tests\SysIntgTests.iCore.Common.Entities.dll" adapterTypeName="Microsoft.VisualStudio.TestTools.TestTypes.Unit.UnitTestAdapter" className="SysIntgTests.iCore.Common.Entities.NodeTypeVersionTests" name="Update_DuplicateName_ThrowsUniqueValueAddConflictException" />
    </UnitTest>
    <UnitTest name="Update_ComplexProperties_ArePersistedCorrectly" storage="f:\etwork\bin\tests\sysintgtests.icore.common.entities.dll" id="83b2fd1c-f2e8-0af8-1847-00453ca47f8f">
      <TestCategory>
        <TestCategoryItem TestCategory="Entities" />
        <TestCategoryItem TestCategory="SystemIntegration" />
      </TestCategory>
      <Execution id="2b7ebe7e-b65a-4eff-b575-ec8f9d744904" />
      <TestMethod codeBase="F:\ETWork\bin\Tests\SysIntgTests.iCore.Common.Entities.dll" adapterTypeName="Microsoft.VisualStudio.TestTools.TestTypes.Unit.UnitTestAdapter" className="SysIntgTests.iCore.Common.Entities.NodeTypeVersionTests" name="Update_ComplexProperties_ArePersistedCorrectly" />
    </UnitTest>
    <UnitTest name="Update_UnchangedName_Succeeds" storage="f:\etwork\bin\tests\sysintgtests.icore.common.entities.dll" id="08fb6902-3bc4-4141-61a1-b2a483f78af8">
      <TestCategory>
        <TestCategoryItem TestCategory="Entities" />
        <TestCategoryItem TestCategory="SystemIntegration" />
      </TestCategory>
      <Execution id="5ae12799-0ea9-4b09-906f-53d67d3feac0" />
      <TestMethod codeBase="F:\ETWork\bin\Tests\SysIntgTests.iCore.Common.Entities.dll" adapterTypeName="Microsoft.VisualStudio.TestTools.TestTypes.Unit.UnitTestAdapter" className="SysIntgTests.iCore.Common.Entities.NodeTypeVersionTests" name="Update_UnchangedName_Succeeds" />
    </UnitTest>
    <UnitTest name="Delete_AndUnusedNodeTypeVersion_SuccessfullyDeletesNodeTypeVersion" storage="f:\etwork\bin\tests\sysintgtests.icore.common.entities.dll" id="5b792d0f-853f-dac3-4410-aa6a1afa3710">
      <TestCategory>
        <TestCategoryItem TestCategory="Entities" />
        <TestCategoryItem TestCategory="SystemIntegration" />
      </TestCategory>
      <Execution id="eae84052-e398-4783-ab7d-70131d02aec8" />
      <TestMethod codeBase="F:\ETWork\bin\Tests\SysIntgTests.iCore.Common.Entities.dll" adapterTypeName="Microsoft.VisualStudio.TestTools.TestTypes.Unit.UnitTestAdapter" className="SysIntgTests.iCore.Common.Entities.NodeTypeVersionTests" name="Delete_AndUnusedNodeTypeVersion_SuccessfullyDeletesNodeTypeVersion" />
    </UnitTest>
    <UnitTest name="Delete_NonDeletableNodeTypeVersion_ThrowsEntityDependencyException" storage="f:\etwork\bin\tests\sysintgtests.icore.common.entities.dll" id="0c974ef8-cdcf-cae3-b62f-b73a73bdc0e0">
      <TestCategory>
        <TestCategoryItem TestCategory="Entities" />
        <TestCategoryItem TestCategory="SystemIntegration" />
      </TestCategory>
      <Execution id="8a79951d-ed71-457d-8b53-d3135841b2f4" />
      <TestMethod codeBase="F:\ETWork\bin\Tests\SysIntgTests.iCore.Common.Entities.dll" adapterTypeName="Microsoft.VisualStudio.TestTools.TestTypes.Unit.UnitTestAdapter" className="SysIntgTests.iCore.Common.Entities.NodeTypeVersionTests" name="Delete_NonDeletableNodeTypeVersion_ThrowsEntityDependencyException" />
    </UnitTest>
    <UnitTest name="Import_SimpleSerializableNodeTypeVersion_ShouldPersistCorrectly" storage="f:\etwork\bin\tests\sysintgtests.icore.common.entities.dll" id="f796eb09-8150-e47d-e52d-f7ff17b19f0b">
      <TestCategory>
        <TestCategoryItem TestCategory="Entities" />
        <TestCategoryItem TestCategory="SystemIntegration" />
      </TestCategory>
      <Execution id="b020385e-2c9c-40b6-a2d3-ed3fc63423dc" />
      <TestMethod codeBase="F:\ETWork\bin\Tests\SysIntgTests.iCore.Common.Entities.dll" adapterTypeName="Microsoft.VisualStudio.TestTools.TestTypes.Unit.UnitTestAdapter" className="SysIntgTests.iCore.Common.Entities.NodeTypeVersionTests" name="Import_SimpleSerializableNodeTypeVersion_ShouldPersistCorrectly" />
    </UnitTest>
    <UnitTest name="RepositoryEntityTypeId_ReturnsCounter" storage="f:\etwork\bin\tests\sysintgtests.icore.common.entities.dll" id="95220ae7-7233-b096-6546-ee4dd4528cb1">
      <TestCategory>
        <TestCategoryItem TestCategory="Entities" />
        <TestCategoryItem TestCategory="SystemIntegration" />
      </TestCategory>
      <Execution id="3dc28253-8b24-41e6-b8a2-15020613ccb4" />
      <TestMethod codeBase="F:\ETWork\bin\Tests\SysIntgTests.iCore.Common.Entities.dll" adapterTypeName="Microsoft.VisualStudio.TestTools.TestTypes.Unit.UnitTestAdapter" className="SysIntgTests.iCore.Common.Entities.CounterTests" name="RepositoryEntityTypeId_ReturnsCounter" />
    </UnitTest>
    <UnitTest name="RepositoryEntityType_ReturnsICounter" storage="f:\etwork\bin\tests\sysintgtests.icore.common.entities.dll" id="abe46ff4-8ad9-5a15-649e-32b345ec0119">
      <TestCategory>
        <TestCategoryItem TestCategory="Entities" />
        <TestCategoryItem TestCategory="SystemIntegration" />
      </TestCategory>
      <Execution id="bb3bfe65-863d-411e-aeca-26fe47258386" />
      <TestMethod codeBase="F:\ETWork\bin\Tests\SysIntgTests.iCore.Common.Entities.dll" adapterTypeName="Microsoft.VisualStudio.TestTools.TestTypes.Unit.UnitTestAdapter" className="SysIntgTests.iCore.Common.Entities.CounterTests" name="RepositoryEntityType_ReturnsICounter" />
    </UnitTest>
    <UnitTest name="RepositorySystemContext_MatchesActualSystemContext" storage="f:\etwork\bin\tests\sysintgtests.icore.common.entities.dll" id="95813c1b-7722-370c-836a-1a75fc58f2fb">
      <TestCategory>
        <TestCategoryItem TestCategory="Entities" />
        <TestCategoryItem TestCategory="SystemIntegration" />
      </TestCategory>
      <Execution id="d73b9503-4b22-4f7b-ab0f-25f1bb317c6d" />
      <TestMethod codeBase="F:\ETWork\bin\Tests\SysIntgTests.iCore.Common.Entities.dll" adapterTypeName="Microsoft.VisualStudio.TestTools.TestTypes.Unit.UnitTestAdapter" className="SysIntgTests.iCore.Common.Entities.CounterTests" name="RepositorySystemContext_MatchesActualSystemContext" />
    </UnitTest>
    <UnitTest name="Exists_NodeTypeVersionKey_ThrowsArgumentException" storage="f:\etwork\bin\tests\sysintgtests.icore.common.entities.dll" id="9bf48900-f633-b2a8-b729-e08b6fb18df7">
      <TestCategory>
        <TestCategoryItem TestCategory="Entities" />
        <TestCategoryItem TestCategory="SystemIntegration" />
      </TestCategory>
      <Execution id="a408df09-4d43-4f72-bffd-28c2542d9163" />
      <TestMethod codeBase="F:\ETWork\bin\Tests\SysIntgTests.iCore.Common.Entities.dll" adapterTypeName="Microsoft.VisualStudio.TestTools.TestTypes.Unit.UnitTestAdapter" className="SysIntgTests.iCore.Common.Entities.CounterTests" name="Exists_NodeTypeVersionKey_ThrowsArgumentException" />
    </UnitTest>
    <UnitTest name="Exists_KnownCounterKey_ReturnsTrue (Data Row 0)" storage="f:\etwork\bin\tests\sysintgtests.icore.common.entities.dll" id="bba50d40-a05e-4f3f-a38a-2d1f4f7a018a">
      <TestCategory>
        <TestCategoryItem TestCategory="Entities" />
        <TestCategoryItem TestCategory="SystemIntegration" />
      </TestCategory>
      <Execution id="e6a1c2cd-45f1-4cae-aca5-eb9086152913" />
      <TestMethod codeBase="F:\ETWork\bin\Tests\SysIntgTests.iCore.Common.Entities.dll" adapterTypeName="Microsoft.VisualStudio.TestTools.TestTypes.Unit.UnitTestAdapter" className="SysIntgTests.iCore.Common.Entities.CounterTests" name="Exists_KnownCounterKey_ReturnsTrue (Data Row 0)" />
    </UnitTest>
    <UnitTest name="Exists_KnownCounterKey_ReturnsTrue (Data Row 1)" storage="f:\etwork\bin\tests\sysintgtests.icore.common.entities.dll" id="e83ff2d0-8f09-48fd-a766-767fa5f9f869">
      <TestCategory>
        <TestCategoryItem TestCategory="Entities" />
        <TestCategoryItem TestCategory="SystemIntegration" />
      </TestCategory>
      <Execution id="f271e18c-f006-4ac6-8f6b-a04af415506c" />
      <TestMethod codeBase="F:\ETWork\bin\Tests\SysIntgTests.iCore.Common.Entities.dll" adapterTypeName="Microsoft.VisualStudio.TestTools.TestTypes.Unit.UnitTestAdapter" className="SysIntgTests.iCore.Common.Entities.CounterTests" name="Exists_KnownCounterKey_ReturnsTrue (Data Row 1)" />
    </UnitTest>
    <UnitTest name="Exists_KnownCounterKey_ReturnsTrue (Data Row 2)" storage="f:\etwork\bin\tests\sysintgtests.icore.common.entities.dll" id="0664a636-7463-4c3e-951b-8f57527516a6">
      <TestCategory>
        <TestCategoryItem TestCategory="Entities" />
        <TestCategoryItem TestCategory="SystemIntegration" />
      </TestCategory>
      <Execution id="0084481f-0830-40c4-be81-7c1e94d9aecb" />
      <TestMethod codeBase="F:\ETWork\bin\Tests\SysIntgTests.iCore.Common.Entities.dll" adapterTypeName="Microsoft.VisualStudio.TestTools.TestTypes.Unit.UnitTestAdapter" className="SysIntgTests.iCore.Common.Entities.CounterTests" name="Exists_KnownCounterKey_ReturnsTrue (Data Row 2)" />
    </UnitTest>
    <UnitTest name="Exists_NonExistingCounterKey_ReturnsFalse" storage="f:\etwork\bin\tests\sysintgtests.icore.common.entities.dll" id="a7ead3c2-1e68-0917-0a10-12ec48924694">
      <TestCategory>
        <TestCategoryItem TestCategory="Entities" />
        <TestCategoryItem TestCategory="SystemIntegration" />
      </TestCategory>
      <Execution id="c95be7fb-14ce-41e9-b0ea-4940130ef685" />
      <TestMethod codeBase="F:\ETWork\bin\Tests\SysIntgTests.iCore.Common.Entities.dll" adapterTypeName="Microsoft.VisualStudio.TestTools.TestTypes.Unit.UnitTestAdapter" className="SysIntgTests.iCore.Common.Entities.CounterTests" name="Exists_NonExistingCounterKey_ReturnsFalse" />
    </UnitTest>
    <UnitTest name="CreateInstance_CreatesNewCounter" storage="f:\etwork\bin\tests\sysintgtests.icore.common.entities.dll" id="fe00f18e-9713-9df6-9794-d169f52cb1c9">
      <Execution id="d8c6eb3f-7354-4baf-a35d-af479a4b2989" />
      <TestMethod codeBase="F:\ETWork\bin\Tests\SysIntgTests.iCore.Common.Entities.dll" adapterTypeName="Microsoft.VisualStudio.TestTools.TestTypes.Unit.UnitTestAdapter" className="SysIntgTests.iCore.Common.Entities.CounterTests" name="CreateInstance_CreatesNewCounter" />
    </UnitTest>
    <UnitTest name="List_ContainsEachKnownCounterOnce (Data Row 0)" storage="f:\etwork\bin\tests\sysintgtests.icore.common.entities.dll" id="854fcd94-2263-40b3-b789-96d88f1c5200">
      <TestCategory>
        <TestCategoryItem TestCategory="Entities" />
        <TestCategoryItem TestCategory="SystemIntegration" />
      </TestCategory>
      <Execution id="5e9f563a-759b-47a7-b36f-3930ca7bbbca" />
      <TestMethod codeBase="F:\ETWork\bin\Tests\SysIntgTests.iCore.Common.Entities.dll" adapterTypeName="Microsoft.VisualStudio.TestTools.TestTypes.Unit.UnitTestAdapter" className="SysIntgTests.iCore.Common.Entities.CounterTests" name="List_ContainsEachKnownCounterOnce (Data Row 0)" />
    </UnitTest>
    <UnitTest name="List_ContainsEachKnownCounterOnce (Data Row 1)" storage="f:\etwork\bin\tests\sysintgtests.icore.common.entities.dll" id="d079d7e3-2559-492e-a28c-fcea86e59102">
      <TestCategory>
        <TestCategoryItem TestCategory="Entities" />
        <TestCategoryItem TestCategory="SystemIntegration" />
      </TestCategory>
      <Execution id="23aa0e21-76d1-4238-adf7-3a5e64f01b05" />
      <TestMethod codeBase="F:\ETWork\bin\Tests\SysIntgTests.iCore.Common.Entities.dll" adapterTypeName="Microsoft.VisualStudio.TestTools.TestTypes.Unit.UnitTestAdapter" className="SysIntgTests.iCore.Common.Entities.CounterTests" name="List_ContainsEachKnownCounterOnce (Data Row 1)" />
    </UnitTest>
    <UnitTest name="List_ContainsEachKnownCounterOnce (Data Row 2)" storage="f:\etwork\bin\tests\sysintgtests.icore.common.entities.dll" id="2db5bf4c-28bf-4d2b-a23c-6c3e95156ed8">
      <TestCategory>
        <TestCategoryItem TestCategory="Entities" />
        <TestCategoryItem TestCategory="SystemIntegration" />
      </TestCategory>
      <Execution id="45c227d9-40cc-44f4-8e2f-e424a9a81406" />
      <TestMethod codeBase="F:\ETWork\bin\Tests\SysIntgTests.iCore.Common.Entities.dll" adapterTypeName="Microsoft.VisualStudio.TestTools.TestTypes.Unit.UnitTestAdapter" className="SysIntgTests.iCore.Common.Entities.CounterTests" name="List_ContainsEachKnownCounterOnce (Data Row 2)" />
    </UnitTest>
    <UnitTest name="List_ShouldSetSystemContextCorrectly" storage="f:\etwork\bin\tests\sysintgtests.icore.common.entities.dll" id="ce84239f-97b8-b4e9-1d87-9e74b7d4e441">
      <TestCategory>
        <TestCategoryItem TestCategory="Entities" />
        <TestCategoryItem TestCategory="SystemIntegration" />
      </TestCategory>
      <Execution id="0a5bc6d3-6334-497a-85f5-c330477649ed" />
      <TestMethod codeBase="F:\ETWork\bin\Tests\SysIntgTests.iCore.Common.Entities.dll" adapterTypeName="Microsoft.VisualStudio.TestTools.TestTypes.Unit.UnitTestAdapter" className="SysIntgTests.iCore.Common.Entities.CounterTests" name="List_ShouldSetSystemContextCorrectly" />
    </UnitTest>
    <UnitTest name="GetById_NewGuid_ThrowsEntityNotFoundException" storage="f:\etwork\bin\tests\sysintgtests.icore.common.entities.dll" id="52376edc-b054-af8a-bdbb-51d2904eea33">
      <TestCategory>
        <TestCategoryItem TestCategory="Entities" />
        <TestCategoryItem TestCategory="SystemIntegration" />
      </TestCategory>
      <Execution id="9cd916bf-ee2f-4cfb-99cf-7a14f18e3fc7" />
      <TestMethod codeBase="F:\ETWork\bin\Tests\SysIntgTests.iCore.Common.Entities.dll" adapterTypeName="Microsoft.VisualStudio.TestTools.TestTypes.Unit.UnitTestAdapter" className="SysIntgTests.iCore.Common.Entities.CounterTests" name="GetById_NewGuid_ThrowsEntityNotFoundException" />
    </UnitTest>
    <UnitTest name="GetById_KnownCounterId_ReturnsEntityWithCorrectProperties (Data Row 0)" storage="f:\etwork\bin\tests\sysintgtests.icore.common.entities.dll" id="8133d07b-6681-480c-8d49-a528597f2cd2">
      <TestCategory>
        <TestCategoryItem TestCategory="Entities" />
        <TestCategoryItem TestCategory="SystemIntegration" />
      </TestCategory>
      <Execution id="ed8658ff-f77d-45d5-837c-f3d366aafd97" />
      <TestMethod codeBase="F:\ETWork\bin\Tests\SysIntgTests.iCore.Common.Entities.dll" adapterTypeName="Microsoft.VisualStudio.TestTools.TestTypes.Unit.UnitTestAdapter" className="SysIntgTests.iCore.Common.Entities.CounterTests" name="GetById_KnownCounterId_ReturnsEntityWithCorrectProperties (Data Row 0)" />
    </UnitTest>
    <UnitTest name="GetById_KnownCounterId_ReturnsEntityWithCorrectProperties (Data Row 1)" storage="f:\etwork\bin\tests\sysintgtests.icore.common.entities.dll" id="e1a2e3fb-d209-4a2e-8480-5007a6d4c05f">
      <TestCategory>
        <TestCategoryItem TestCategory="Entities" />
        <TestCategoryItem TestCategory="SystemIntegration" />
      </TestCategory>
      <Execution id="75582818-fdfa-4d5a-bd3c-bada97297768" />
      <TestMethod codeBase="F:\ETWork\bin\Tests\SysIntgTests.iCore.Common.Entities.dll" adapterTypeName="Microsoft.VisualStudio.TestTools.TestTypes.Unit.UnitTestAdapter" className="SysIntgTests.iCore.Common.Entities.CounterTests" name="GetById_KnownCounterId_ReturnsEntityWithCorrectProperties (Data Row 1)" />
    </UnitTest>
    <UnitTest name="GetById_KnownCounterId_ReturnsEntityWithCorrectProperties (Data Row 2)" storage="f:\etwork\bin\tests\sysintgtests.icore.common.entities.dll" id="394533be-1eea-4ef6-be2c-ca3c850fe675">
      <TestCategory>
        <TestCategoryItem TestCategory="Entities" />
        <TestCategoryItem TestCategory="SystemIntegration" />
      </TestCategory>
      <Execution id="2e1c1ecb-4b50-40b2-8bd6-7aecdb598f7b" />
      <TestMethod codeBase="F:\ETWork\bin\Tests\SysIntgTests.iCore.Common.Entities.dll" adapterTypeName="Microsoft.VisualStudio.TestTools.TestTypes.Unit.UnitTestAdapter" className="SysIntgTests.iCore.Common.Entities.CounterTests" name="GetById_KnownCounterId_ReturnsEntityWithCorrectProperties (Data Row 2)" />
    </UnitTest>
    <UnitTest name="GetByKey_NewGuid_ThrowsEntityNotFoundException" storage="f:\etwork\bin\tests\sysintgtests.icore.common.entities.dll" id="639ce220-4b6f-e265-366b-f8969f87df2e">
      <TestCategory>
        <TestCategoryItem TestCategory="Entities" />
        <TestCategoryItem TestCategory="SystemIntegration" />
      </TestCategory>
      <Execution id="9ded7141-c265-4249-a32a-1e28109e9953" />
      <TestMethod codeBase="F:\ETWork\bin\Tests\SysIntgTests.iCore.Common.Entities.dll" adapterTypeName="Microsoft.VisualStudio.TestTools.TestTypes.Unit.UnitTestAdapter" className="SysIntgTests.iCore.Common.Entities.CounterTests" name="GetByKey_NewGuid_ThrowsEntityNotFoundException" />
    </UnitTest>
    <UnitTest name="GetByKey_KnownKey_ReturnsEntityWithCorrectProperties (Data Row 0)" storage="f:\etwork\bin\tests\sysintgtests.icore.common.entities.dll" id="b885d24b-0802-4a68-a858-38481d6a1e97">
      <TestCategory>
        <TestCategoryItem TestCategory="Entities" />
        <TestCategoryItem TestCategory="SystemIntegration" />
      </TestCategory>
      <Execution id="89d79ce3-80b0-40bd-b8b3-31d8cfd0f548" />
      <TestMethod codeBase="F:\ETWork\bin\Tests\SysIntgTests.iCore.Common.Entities.dll" adapterTypeName="Microsoft.VisualStudio.TestTools.TestTypes.Unit.UnitTestAdapter" className="SysIntgTests.iCore.Common.Entities.CounterTests" name="GetByKey_KnownKey_ReturnsEntityWithCorrectProperties (Data Row 0)" />
    </UnitTest>
    <UnitTest name="GetByKey_KnownKey_ReturnsEntityWithCorrectProperties (Data Row 1)" storage="f:\etwork\bin\tests\sysintgtests.icore.common.entities.dll" id="5a344834-e8fe-426c-bc61-0a2a3b8829f4">
      <TestCategory>
        <TestCategoryItem TestCategory="Entities" />
        <TestCategoryItem TestCategory="SystemIntegration" />
      </TestCategory>
      <Execution id="c84a2e6f-37d8-4576-ab65-9cd147222978" />
      <TestMethod codeBase="F:\ETWork\bin\Tests\SysIntgTests.iCore.Common.Entities.dll" adapterTypeName="Microsoft.VisualStudio.TestTools.TestTypes.Unit.UnitTestAdapter" className="SysIntgTests.iCore.Common.Entities.CounterTests" name="GetByKey_KnownKey_ReturnsEntityWithCorrectProperties (Data Row 1)" />
    </UnitTest>
    <UnitTest name="GetByKey_KnownKey_ReturnsEntityWithCorrectProperties (Data Row 2)" storage="f:\etwork\bin\tests\sysintgtests.icore.common.entities.dll" id="999db8c4-db39-443d-987e-60ad6eae509a">
      <TestCategory>
        <TestCategoryItem TestCategory="Entities" />
        <TestCategoryItem TestCategory="SystemIntegration" />
      </TestCategory>
      <Execution id="2203ca00-434c-4146-9f11-7a1e34701260" />
      <TestMethod codeBase="F:\ETWork\bin\Tests\SysIntgTests.iCore.Common.Entities.dll" adapterTypeName="Microsoft.VisualStudio.TestTools.TestTypes.Unit.UnitTestAdapter" className="SysIntgTests.iCore.Common.Entities.CounterTests" name="GetByKey_KnownKey_ReturnsEntityWithCorrectProperties (Data Row 2)" />
    </UnitTest>
    <UnitTest name="GetByKey_UnsupportedKey_ThrowsArgumentException" storage="f:\etwork\bin\tests\sysintgtests.icore.common.entities.dll" id="19b8f893-152c-6393-af2f-241d45890656">
      <TestCategory>
        <TestCategoryItem TestCategory="Entities" />
        <TestCategoryItem TestCategory="SystemIntegration" />
      </TestCategory>
      <Execution id="f5868f8e-09f2-48c2-a6b1-fe2e061d8e44" />
      <TestMethod codeBase="F:\ETWork\bin\Tests\SysIntgTests.iCore.Common.Entities.dll" adapterTypeName="Microsoft.VisualStudio.TestTools.TestTypes.Unit.UnitTestAdapter" className="SysIntgTests.iCore.Common.Entities.CounterTests" name="GetByKey_UnsupportedKey_ThrowsArgumentException" />
    </UnitTest>
    <UnitTest name="GetByName_NonExistingName_ThrowsEntityNotFoundException" storage="f:\etwork\bin\tests\sysintgtests.icore.common.entities.dll" id="09ae5e8f-94e9-0516-dbfa-bb519718257f">
      <TestCategory>
        <TestCategoryItem TestCategory="Entities" />
        <TestCategoryItem TestCategory="SystemIntegration" />
      </TestCategory>
      <Execution id="ba07bea5-da9e-41e2-a70e-76d45b2a8632" />
      <TestMethod codeBase="F:\ETWork\bin\Tests\SysIntgTests.iCore.Common.Entities.dll" adapterTypeName="Microsoft.VisualStudio.TestTools.TestTypes.Unit.UnitTestAdapter" className="SysIntgTests.iCore.Common.Entities.CounterTests" name="GetByName_NonExistingName_ThrowsEntityNotFoundException" />
    </UnitTest>
    <UnitTest name="GetByName_KnownCounterName_ReturnsEntityWithCorrectProperties (Data Row 0)" storage="f:\etwork\bin\tests\sysintgtests.icore.common.entities.dll" id="09897b97-4b3a-4ed5-9f1e-3f646d720d5b">
      <TestCategory>
        <TestCategoryItem TestCategory="Entities" />
        <TestCategoryItem TestCategory="SystemIntegration" />
      </TestCategory>
      <Execution id="140f8795-50d0-42ff-bcc7-f9265f5cb0fe" />
      <TestMethod codeBase="F:\ETWork\bin\Tests\SysIntgTests.iCore.Common.Entities.dll" adapterTypeName="Microsoft.VisualStudio.TestTools.TestTypes.Unit.UnitTestAdapter" className="SysIntgTests.iCore.Common.Entities.CounterTests" name="GetByName_KnownCounterName_ReturnsEntityWithCorrectProperties (Data Row 0)" />
    </UnitTest>
    <UnitTest name="GetByName_KnownCounterName_ReturnsEntityWithCorrectProperties (Data Row 1)" storage="f:\etwork\bin\tests\sysintgtests.icore.common.entities.dll" id="0f0112f0-48c6-404f-8795-8941b6439611">
      <TestCategory>
        <TestCategoryItem TestCategory="Entities" />
        <TestCategoryItem TestCategory="SystemIntegration" />
      </TestCategory>
      <Execution id="47017d92-1fc5-4779-9e3d-3901a88e1f48" />
      <TestMethod codeBase="F:\ETWork\bin\Tests\SysIntgTests.iCore.Common.Entities.dll" adapterTypeName="Microsoft.VisualStudio.TestTools.TestTypes.Unit.UnitTestAdapter" className="SysIntgTests.iCore.Common.Entities.CounterTests" name="GetByName_KnownCounterName_ReturnsEntityWithCorrectProperties (Data Row 1)" />
    </UnitTest>
    <UnitTest name="GetByName_KnownCounterName_ReturnsEntityWithCorrectProperties (Data Row 2)" storage="f:\etwork\bin\tests\sysintgtests.icore.common.entities.dll" id="ef209243-156f-43c5-bdaa-59ee912407bb">
      <TestCategory>
        <TestCategoryItem TestCategory="Entities" />
        <TestCategoryItem TestCategory="SystemIntegration" />
      </TestCategory>
      <Execution id="90765581-eb33-4387-b2f3-eb4cec9ff5d7" />
      <TestMethod codeBase="F:\ETWork\bin\Tests\SysIntgTests.iCore.Common.Entities.dll" adapterTypeName="Microsoft.VisualStudio.TestTools.TestTypes.Unit.UnitTestAdapter" className="SysIntgTests.iCore.Common.Entities.CounterTests" name="GetByName_KnownCounterName_ReturnsEntityWithCorrectProperties (Data Row 2)" />
    </UnitTest>
    <UnitTest name="GetIdByName_NonExistingName_ThrowsEntityNotFoundException" storage="f:\etwork\bin\tests\sysintgtests.icore.common.entities.dll" id="03e248b7-cce3-3871-3dd3-3dba03c2524b">
      <TestCategory>
        <TestCategoryItem TestCategory="Entities" />
        <TestCategoryItem TestCategory="SystemIntegration" />
      </TestCategory>
      <Execution id="9d9d774e-e1a7-44e7-a02f-4fa823e6ea2c" />
      <TestMethod codeBase="F:\ETWork\bin\Tests\SysIntgTests.iCore.Common.Entities.dll" adapterTypeName="Microsoft.VisualStudio.TestTools.TestTypes.Unit.UnitTestAdapter" className="SysIntgTests.iCore.Common.Entities.CounterTests" name="GetIdByName_NonExistingName_ThrowsEntityNotFoundException" />
    </UnitTest>
    <UnitTest name="GetIdByName_KnownCounterName_ReturnsCorrectId (Data Row 0)" storage="f:\etwork\bin\tests\sysintgtests.icore.common.entities.dll" id="fd6ea477-7826-42b8-985d-919646345839">
      <TestCategory>
        <TestCategoryItem TestCategory="Entities" />
        <TestCategoryItem TestCategory="SystemIntegration" />
      </TestCategory>
      <Execution id="6b3adb46-4d2f-4f30-b3f8-d83d2ea69e5d" />
      <TestMethod codeBase="F:\ETWork\bin\Tests\SysIntgTests.iCore.Common.Entities.dll" adapterTypeName="Microsoft.VisualStudio.TestTools.TestTypes.Unit.UnitTestAdapter" className="SysIntgTests.iCore.Common.Entities.CounterTests" name="GetIdByName_KnownCounterName_ReturnsCorrectId (Data Row 0)" />
    </UnitTest>
    <UnitTest name="GetIdByName_KnownCounterName_ReturnsCorrectId (Data Row 1)" storage="f:\etwork\bin\tests\sysintgtests.icore.common.entities.dll" id="4473d3fb-7f6d-4fb4-b841-6f01e164f47f">
      <TestCategory>
        <TestCategoryItem TestCategory="Entities" />
        <TestCategoryItem TestCategory="SystemIntegration" />
      </TestCategory>
      <Execution id="e7ab58dc-f427-4467-8590-14b7dbc6bec8" />
      <TestMethod codeBase="F:\ETWork\bin\Tests\SysIntgTests.iCore.Common.Entities.dll" adapterTypeName="Microsoft.VisualStudio.TestTools.TestTypes.Unit.UnitTestAdapter" className="SysIntgTests.iCore.Common.Entities.CounterTests" name="GetIdByName_KnownCounterName_ReturnsCorrectId (Data Row 1)" />
    </UnitTest>
    <UnitTest name="GetIdByName_KnownCounterName_ReturnsCorrectId (Data Row 2)" storage="f:\etwork\bin\tests\sysintgtests.icore.common.entities.dll" id="05c0769a-75a5-4181-9be1-5aecc29706f0">
      <TestCategory>
        <TestCategoryItem TestCategory="Entities" />
        <TestCategoryItem TestCategory="SystemIntegration" />
      </TestCategory>
      <Execution id="4d0f1a62-9f8b-4eef-a598-f561aca7d4b8" />
      <TestMethod codeBase="F:\ETWork\bin\Tests\SysIntgTests.iCore.Common.Entities.dll" adapterTypeName="Microsoft.VisualStudio.TestTools.TestTypes.Unit.UnitTestAdapter" className="SysIntgTests.iCore.Common.Entities.CounterTests" name="GetIdByName_KnownCounterName_ReturnsCorrectId (Data Row 2)" />
    </UnitTest>
    <UnitTest name="Add_NullName_ThrowsConditionalErrorException" storage="f:\etwork\bin\tests\sysintgtests.icore.common.entities.dll" id="df62cff5-9d66-5d21-4bab-f70306213af0">
      <TestCategory>
        <TestCategoryItem TestCategory="Entities" />
        <TestCategoryItem TestCategory="SystemIntegration" />
      </TestCategory>
      <Execution id="f7db8081-4a0d-4763-835a-ab4b71540759" />
      <TestMethod codeBase="F:\ETWork\bin\Tests\SysIntgTests.iCore.Common.Entities.dll" adapterTypeName="Microsoft.VisualStudio.TestTools.TestTypes.Unit.UnitTestAdapter" className="SysIntgTests.iCore.Common.Entities.CounterTests" name="Add_NullName_ThrowsConditionalErrorException" />
    </UnitTest>
    <UnitTest name="Add_EmptyName_ThrowsStringLengthErrorException" storage="f:\etwork\bin\tests\sysintgtests.icore.common.entities.dll" id="75a71154-ed43-e432-10e8-1bafe24cb2d3">
      <TestCategory>
        <TestCategoryItem TestCategory="Entities" />
        <TestCategoryItem TestCategory="SystemIntegration" />
      </TestCategory>
      <Execution id="af540d04-ecf8-435e-a218-d8f0f11fa1b4" />
      <TestMethod codeBase="F:\ETWork\bin\Tests\SysIntgTests.iCore.Common.Entities.dll" adapterTypeName="Microsoft.VisualStudio.TestTools.TestTypes.Unit.UnitTestAdapter" className="SysIntgTests.iCore.Common.Entities.CounterTests" name="Add_EmptyName_ThrowsStringLengthErrorException" />
    </UnitTest>
    <UnitTest name="Add_WhiteSpaceOnlyName_ThrowsStringLengthErrorException" storage="f:\etwork\bin\tests\sysintgtests.icore.common.entities.dll" id="5aa221e5-1bca-a836-180f-5d7c2a62a170">
      <TestCategory>
        <TestCategoryItem TestCategory="Entities" />
        <TestCategoryItem TestCategory="SystemIntegration" />
      </TestCategory>
      <Execution id="50adde8e-cf9c-4622-b741-9ba9279aaccd" />
      <TestMethod codeBase="F:\ETWork\bin\Tests\SysIntgTests.iCore.Common.Entities.dll" adapterTypeName="Microsoft.VisualStudio.TestTools.TestTypes.Unit.UnitTestAdapter" className="SysIntgTests.iCore.Common.Entities.CounterTests" name="Add_WhiteSpaceOnlyName_ThrowsStringLengthErrorException" />
    </UnitTest>
    <UnitTest name="Add_TooLongName_ThrowsStringLengthErrorException" storage="f:\etwork\bin\tests\sysintgtests.icore.common.entities.dll" id="df3be14a-9213-7c60-d7a2-6a43c7be312a">
      <TestCategory>
        <TestCategoryItem TestCategory="Entities" />
        <TestCategoryItem TestCategory="SystemIntegration" />
      </TestCategory>
      <Execution id="8ca32422-6581-4ac0-910a-56b17f528fa1" />
      <TestMethod codeBase="F:\ETWork\bin\Tests\SysIntgTests.iCore.Common.Entities.dll" adapterTypeName="Microsoft.VisualStudio.TestTools.TestTypes.Unit.UnitTestAdapter" className="SysIntgTests.iCore.Common.Entities.CounterTests" name="Add_TooLongName_ThrowsStringLengthErrorException" />
    </UnitTest>
    <UnitTest name="Add_TooLongDescription_ThrowsStringLengthErrorException" storage="f:\etwork\bin\tests\sysintgtests.icore.common.entities.dll" id="d655f019-b1b5-38a0-c6b8-5529b97b79d2">
      <TestCategory>
        <TestCategoryItem TestCategory="Entities" />
        <TestCategoryItem TestCategory="SystemIntegration" />
      </TestCategory>
      <Execution id="587174b2-2928-4fcf-88c7-32bc1034e17b" />
      <TestMethod codeBase="F:\ETWork\bin\Tests\SysIntgTests.iCore.Common.Entities.dll" adapterTypeName="Microsoft.VisualStudio.TestTools.TestTypes.Unit.UnitTestAdapter" className="SysIntgTests.iCore.Common.Entities.CounterTests" name="Add_TooLongDescription_ThrowsStringLengthErrorException" />
    </UnitTest>
    <UnitTest name="Add_ValidProperties_IdAndTimesAreUpdatedCorrectly" storage="f:\etwork\bin\tests\sysintgtests.icore.common.entities.dll" id="c0fd5db6-962b-fb6c-21ed-bb8728162d05">
      <TestCategory>
        <TestCategoryItem TestCategory="Entities" />
        <TestCategoryItem TestCategory="SystemIntegration" />
      </TestCategory>
      <Execution id="ac25e392-b683-4dd7-881c-4ca9b1e9a5cd" />
      <TestMethod codeBase="F:\ETWork\bin\Tests\SysIntgTests.iCore.Common.Entities.dll" adapterTypeName="Microsoft.VisualStudio.TestTools.TestTypes.Unit.UnitTestAdapter" className="SysIntgTests.iCore.Common.Entities.CounterTests" name="Add_ValidProperties_IdAndTimesAreUpdatedCorrectly" />
    </UnitTest>
    <UnitTest name="Add_ComplexProperties_ArePersistedCorrectly" storage="f:\etwork\bin\tests\sysintgtests.icore.common.entities.dll" id="26c29bb6-f00e-299c-fc75-e0936e7a9c0a">
      <TestCategory>
        <TestCategoryItem TestCategory="Entities" />
        <TestCategoryItem TestCategory="SystemIntegration" />
      </TestCategory>
      <Execution id="3c92cc11-244a-4116-9b47-e59e3d76c4a2" />
      <TestMethod codeBase="F:\ETWork\bin\Tests\SysIntgTests.iCore.Common.Entities.dll" adapterTypeName="Microsoft.VisualStudio.TestTools.TestTypes.Unit.UnitTestAdapter" className="SysIntgTests.iCore.Common.Entities.CounterTests" name="Add_ComplexProperties_ArePersistedCorrectly" />
    </UnitTest>
    <UnitTest name="Add_DuplicateName_ThrowsUniqueValueAddConflictException" storage="f:\etwork\bin\tests\sysintgtests.icore.common.entities.dll" id="90529529-c219-9bd4-f391-354757d65a09">
      <TestCategory>
        <TestCategoryItem TestCategory="Entities" />
        <TestCategoryItem TestCategory="SystemIntegration" />
      </TestCategory>
      <Execution id="7b812dca-224c-448d-bf15-ee106097707d" />
      <TestMethod codeBase="F:\ETWork\bin\Tests\SysIntgTests.iCore.Common.Entities.dll" adapterTypeName="Microsoft.VisualStudio.TestTools.TestTypes.Unit.UnitTestAdapter" className="SysIntgTests.iCore.Common.Entities.CounterTests" name="Add_DuplicateName_ThrowsUniqueValueAddConflictException" />
    </UnitTest>
    <UnitTest name="Add_ValueOutsideOfMinMaxRange_ThrowsArgumentException" storage="f:\etwork\bin\tests\sysintgtests.icore.common.entities.dll" id="6a92502b-4ffb-6f42-3cee-cd3f12d2c0e5">
      <TestCategory>
        <TestCategoryItem TestCategory="Entities" />
        <TestCategoryItem TestCategory="SystemIntegration" />
      </TestCategory>
      <Execution id="0772b475-8f26-4e7e-b545-a6a018e09dc6" />
      <TestMethod codeBase="F:\ETWork\bin\Tests\SysIntgTests.iCore.Common.Entities.dll" adapterTypeName="Microsoft.VisualStudio.TestTools.TestTypes.Unit.UnitTestAdapter" className="SysIntgTests.iCore.Common.Entities.CounterTests" name="Add_ValueOutsideOfMinMaxRange_ThrowsArgumentException" />
    </UnitTest>
    <UnitTest name="Add_MaxValueLessThanMinValue_ThrowsArgumentException" storage="f:\etwork\bin\tests\sysintgtests.icore.common.entities.dll" id="0456e1e8-2eaa-e5b3-e677-e5a354103f40">
      <TestCategory>
        <TestCategoryItem TestCategory="Entities" />
        <TestCategoryItem TestCategory="SystemIntegration" />
      </TestCategory>
      <Execution id="5d24c495-b7c2-4f46-b211-53be04261cd7" />
      <TestMethod codeBase="F:\ETWork\bin\Tests\SysIntgTests.iCore.Common.Entities.dll" adapterTypeName="Microsoft.VisualStudio.TestTools.TestTypes.Unit.UnitTestAdapter" className="SysIntgTests.iCore.Common.Entities.CounterTests" name="Add_MaxValueLessThanMinValue_ThrowsArgumentException" />
    </UnitTest>
    <UnitTest name="Update_NullName_ThrowsConditionalErrorException" storage="f:\etwork\bin\tests\sysintgtests.icore.common.entities.dll" id="a54de6b9-03b6-fb07-dfe1-b0e344d54b0c">
      <TestCategory>
        <TestCategoryItem TestCategory="Entities" />
        <TestCategoryItem TestCategory="SystemIntegration" />
      </TestCategory>
      <Execution id="8fba3015-7883-4033-84ab-b59720eae878" />
      <TestMethod codeBase="F:\ETWork\bin\Tests\SysIntgTests.iCore.Common.Entities.dll" adapterTypeName="Microsoft.VisualStudio.TestTools.TestTypes.Unit.UnitTestAdapter" className="SysIntgTests.iCore.Common.Entities.CounterTests" name="Update_NullName_ThrowsConditionalErrorException" />
    </UnitTest>
    <UnitTest name="Update_EmtpyName_ThrowsStringLengthErrorException" storage="f:\etwork\bin\tests\sysintgtests.icore.common.entities.dll" id="37989477-5b66-0eb1-9a6f-3f8c0f7f0cc8">
      <TestCategory>
        <TestCategoryItem TestCategory="Entities" />
        <TestCategoryItem TestCategory="SystemIntegration" />
      </TestCategory>
      <Execution id="afc4f813-c239-455f-80fd-3e52d830516a" />
      <TestMethod codeBase="F:\ETWork\bin\Tests\SysIntgTests.iCore.Common.Entities.dll" adapterTypeName="Microsoft.VisualStudio.TestTools.TestTypes.Unit.UnitTestAdapter" className="SysIntgTests.iCore.Common.Entities.CounterTests" name="Update_EmtpyName_ThrowsStringLengthErrorException" />
    </UnitTest>
    <UnitTest name="Update_WhitespaceOnlyName_ThrowsStringLengthErrorException" storage="f:\etwork\bin\tests\sysintgtests.icore.common.entities.dll" id="2303ba84-26bd-9a04-96b9-fe09413a0a34">
      <TestCategory>
        <TestCategoryItem TestCategory="Entities" />
        <TestCategoryItem TestCategory="SystemIntegration" />
      </TestCategory>
      <Execution id="9fe58956-2e15-40a6-a23b-e66d7609356d" />
      <TestMethod codeBase="F:\ETWork\bin\Tests\SysIntgTests.iCore.Common.Entities.dll" adapterTypeName="Microsoft.VisualStudio.TestTools.TestTypes.Unit.UnitTestAdapter" className="SysIntgTests.iCore.Common.Entities.CounterTests" name="Update_WhitespaceOnlyName_ThrowsStringLengthErrorException" />
    </UnitTest>
    <UnitTest name="Update_TooLongName_ThrowsStringLengthErrorException" storage="f:\etwork\bin\tests\sysintgtests.icore.common.entities.dll" id="87ca244c-aa7b-f27d-66b2-d899cc9d8a1d">
      <TestCategory>
        <TestCategoryItem TestCategory="Entities" />
        <TestCategoryItem TestCategory="SystemIntegration" />
      </TestCategory>
      <Execution id="0b2a6ea9-cd24-4a2c-a9b3-7d65b2cc45b8" />
      <TestMethod codeBase="F:\ETWork\bin\Tests\SysIntgTests.iCore.Common.Entities.dll" adapterTypeName="Microsoft.VisualStudio.TestTools.TestTypes.Unit.UnitTestAdapter" className="SysIntgTests.iCore.Common.Entities.CounterTests" name="Update_TooLongName_ThrowsStringLengthErrorException" />
    </UnitTest>
    <UnitTest name="Update_TooLongDescription_ThrowsStringLengthErrorException" storage="f:\etwork\bin\tests\sysintgtests.icore.common.entities.dll" id="735111f9-0717-9d3e-48fb-c9f2356740a6">
      <TestCategory>
        <TestCategoryItem TestCategory="Entities" />
        <TestCategoryItem TestCategory="SystemIntegration" />
      </TestCategory>
      <Execution id="eec04f03-628b-4bb1-8703-fadcca372228" />
      <TestMethod codeBase="F:\ETWork\bin\Tests\SysIntgTests.iCore.Common.Entities.dll" adapterTypeName="Microsoft.VisualStudio.TestTools.TestTypes.Unit.UnitTestAdapter" className="SysIntgTests.iCore.Common.Entities.CounterTests" name="Update_TooLongDescription_ThrowsStringLengthErrorException" />
    </UnitTest>
    <UnitTest name="Update_DuplicateName_ThrowsUniqueValueAddConflictException" storage="f:\etwork\bin\tests\sysintgtests.icore.common.entities.dll" id="1311ea2a-d1ca-c712-a78a-2a216d065ee0">
      <TestCategory>
        <TestCategoryItem TestCategory="Entities" />
        <TestCategoryItem TestCategory="SystemIntegration" />
      </TestCategory>
      <Execution id="b119d7d1-1f86-4c82-907c-62e1e48e0d94" />
      <TestMethod codeBase="F:\ETWork\bin\Tests\SysIntgTests.iCore.Common.Entities.dll" adapterTypeName="Microsoft.VisualStudio.TestTools.TestTypes.Unit.UnitTestAdapter" className="SysIntgTests.iCore.Common.Entities.CounterTests" name="Update_DuplicateName_ThrowsUniqueValueAddConflictException" />
    </UnitTest>
    <UnitTest name="Update_ComplexProperties_ArePersistedCorrectly" storage="f:\etwork\bin\tests\sysintgtests.icore.common.entities.dll" id="40bdcc5e-2e49-c3a0-b141-1c506cf5233f">
      <TestCategory>
        <TestCategoryItem TestCategory="Entities" />
        <TestCategoryItem TestCategory="SystemIntegration" />
      </TestCategory>
      <Execution id="07524969-34ac-4b49-b353-4b78ea2cc0c0" />
      <TestMethod codeBase="F:\ETWork\bin\Tests\SysIntgTests.iCore.Common.Entities.dll" adapterTypeName="Microsoft.VisualStudio.TestTools.TestTypes.Unit.UnitTestAdapter" className="SysIntgTests.iCore.Common.Entities.CounterTests" name="Update_ComplexProperties_ArePersistedCorrectly" />
    </UnitTest>
    <UnitTest name="Update_UnchangedName_Succeeds" storage="f:\etwork\bin\tests\sysintgtests.icore.common.entities.dll" id="ee0f27e3-a828-1feb-6041-905d4146d84e">
      <TestCategory>
        <TestCategoryItem TestCategory="Entities" />
        <TestCategoryItem TestCategory="SystemIntegration" />
      </TestCategory>
      <Execution id="c1eebeab-3932-4515-bb12-c12b7d12c9df" />
      <TestMethod codeBase="F:\ETWork\bin\Tests\SysIntgTests.iCore.Common.Entities.dll" adapterTypeName="Microsoft.VisualStudio.TestTools.TestTypes.Unit.UnitTestAdapter" className="SysIntgTests.iCore.Common.Entities.CounterTests" name="Update_UnchangedName_Succeeds" />
    </UnitTest>
    <UnitTest name="Update_ValueBelowMinMaxRange_ThrowsValueOutOfRangeErrorException" storage="f:\etwork\bin\tests\sysintgtests.icore.common.entities.dll" id="0fe4b764-2d73-bcc3-1153-77c7bbaeb3e4">
      <TestCategory>
        <TestCategoryItem TestCategory="Entities" />
        <TestCategoryItem TestCategory="SystemIntegration" />
      </TestCategory>
      <Execution id="5d80cefc-91ae-4598-8bd5-4aacaff53031" />
      <TestMethod codeBase="F:\ETWork\bin\Tests\SysIntgTests.iCore.Common.Entities.dll" adapterTypeName="Microsoft.VisualStudio.TestTools.TestTypes.Unit.UnitTestAdapter" className="SysIntgTests.iCore.Common.Entities.CounterTests" name="Update_ValueBelowMinMaxRange_ThrowsValueOutOfRangeErrorException" />
    </UnitTest>
    <UnitTest name="Update_ValueGreaterThanMinMaxRange_ThrowsValueOutOfRangeErrorException" storage="f:\etwork\bin\tests\sysintgtests.icore.common.entities.dll" id="98e18db3-6510-68a2-7735-78ab158de419">
      <TestCategory>
        <TestCategoryItem TestCategory="Entities" />
        <TestCategoryItem TestCategory="SystemIntegration" />
      </TestCategory>
      <Execution id="ca3df3e8-4e04-48b4-9327-d39ec9a589fe" />
      <TestMethod codeBase="F:\ETWork\bin\Tests\SysIntgTests.iCore.Common.Entities.dll" adapterTypeName="Microsoft.VisualStudio.TestTools.TestTypes.Unit.UnitTestAdapter" className="SysIntgTests.iCore.Common.Entities.CounterTests" name="Update_ValueGreaterThanMinMaxRange_ThrowsValueOutOfRangeErrorException" />
    </UnitTest>
    <UnitTest name="DeleteExistingCounter_SuccessfullyDeletesCounter" storage="f:\etwork\bin\tests\sysintgtests.icore.common.entities.dll" id="fd5f390d-5ae0-c70a-984b-28309c5e1013">
      <TestCategory>
        <TestCategoryItem TestCategory="Entities" />
        <TestCategoryItem TestCategory="SystemIntegration" />
      </TestCategory>
      <Execution id="a5ad6190-c18d-47be-91a2-baf6a4a4eca6" />
      <TestMethod codeBase="F:\ETWork\bin\Tests\SysIntgTests.iCore.Common.Entities.dll" adapterTypeName="Microsoft.VisualStudio.TestTools.TestTypes.Unit.UnitTestAdapter" className="SysIntgTests.iCore.Common.Entities.CounterTests" name="DeleteExistingCounter_SuccessfullyDeletesCounter" />
    </UnitTest>
    <UnitTest name="GetNextValue_PositiveStep_ValueIsIncreasedByStep (Data Row 0)" storage="f:\etwork\bin\tests\sysintgtests.icore.common.entities.dll" id="d3dd4de0-b993-432b-9dbe-d4a3acbce3e0">
      <TestCategory>
        <TestCategoryItem TestCategory="Entities" />
        <TestCategoryItem TestCategory="SystemIntegration" />
      </TestCategory>
      <Execution id="7841c147-31db-4f04-ba05-a67f97a005d3" />
      <TestMethod codeBase="F:\ETWork\bin\Tests\SysIntgTests.iCore.Common.Entities.dll" adapterTypeName="Microsoft.VisualStudio.TestTools.TestTypes.Unit.UnitTestAdapter" className="SysIntgTests.iCore.Common.Entities.CounterTests" name="GetNextValue_PositiveStep_ValueIsIncreasedByStep (Data Row 0)" />
    </UnitTest>
    <UnitTest name="GetNextValue_PositiveStep_ValueIsIncreasedByStep (Data Row 1)" storage="f:\etwork\bin\tests\sysintgtests.icore.common.entities.dll" id="cd4b6100-b413-4576-a3c3-4b2c184f5a3b">
      <TestCategory>
        <TestCategoryItem TestCategory="Entities" />
        <TestCategoryItem TestCategory="SystemIntegration" />
      </TestCategory>
      <Execution id="eae19f4f-8ad4-4157-b96c-9479d8767229" />
      <TestMethod codeBase="F:\ETWork\bin\Tests\SysIntgTests.iCore.Common.Entities.dll" adapterTypeName="Microsoft.VisualStudio.TestTools.TestTypes.Unit.UnitTestAdapter" className="SysIntgTests.iCore.Common.Entities.CounterTests" name="GetNextValue_PositiveStep_ValueIsIncreasedByStep (Data Row 1)" />
    </UnitTest>
    <UnitTest name="GetNextValue_PositiveStep_ValueIsIncreasedByStep (Data Row 2)" storage="f:\etwork\bin\tests\sysintgtests.icore.common.entities.dll" id="d7db7f4e-de47-44f5-bfd8-1086289262bb">
      <TestCategory>
        <TestCategoryItem TestCategory="Entities" />
        <TestCategoryItem TestCategory="SystemIntegration" />
      </TestCategory>
      <Execution id="19544286-8019-45db-b571-74e2b42bdca0" />
      <TestMethod codeBase="F:\ETWork\bin\Tests\SysIntgTests.iCore.Common.Entities.dll" adapterTypeName="Microsoft.VisualStudio.TestTools.TestTypes.Unit.UnitTestAdapter" className="SysIntgTests.iCore.Common.Entities.CounterTests" name="GetNextValue_PositiveStep_ValueIsIncreasedByStep (Data Row 2)" />
    </UnitTest>
    <UnitTest name="GetNextValue_NegativeStep_ValueIsIncreasedByStep (Data Row 0)" storage="f:\etwork\bin\tests\sysintgtests.icore.common.entities.dll" id="0d8c4ec7-9f56-490d-b355-ed24132c7de0">
      <TestCategory>
        <TestCategoryItem TestCategory="Entities" />
        <TestCategoryItem TestCategory="SystemIntegration" />
      </TestCategory>
      <Execution id="f112d231-dea3-4c51-a6a4-302e0e6a37f9" />
      <TestMethod codeBase="F:\ETWork\bin\Tests\SysIntgTests.iCore.Common.Entities.dll" adapterTypeName="Microsoft.VisualStudio.TestTools.TestTypes.Unit.UnitTestAdapter" className="SysIntgTests.iCore.Common.Entities.CounterTests" name="GetNextValue_NegativeStep_ValueIsIncreasedByStep (Data Row 0)" />
    </UnitTest>
    <UnitTest name="GetNextValue_NegativeStep_ValueIsIncreasedByStep (Data Row 1)" storage="f:\etwork\bin\tests\sysintgtests.icore.common.entities.dll" id="c0bbbf17-5f86-478c-9725-34ab3694b049">
      <TestCategory>
        <TestCategoryItem TestCategory="Entities" />
        <TestCategoryItem TestCategory="SystemIntegration" />
      </TestCategory>
      <Execution id="028ef578-292d-4f86-b71f-ae2c2e1156f9" />
      <TestMethod codeBase="F:\ETWork\bin\Tests\SysIntgTests.iCore.Common.Entities.dll" adapterTypeName="Microsoft.VisualStudio.TestTools.TestTypes.Unit.UnitTestAdapter" className="SysIntgTests.iCore.Common.Entities.CounterTests" name="GetNextValue_NegativeStep_ValueIsIncreasedByStep (Data Row 1)" />
    </UnitTest>
    <UnitTest name="GetNextValue_NegativeStep_ValueIsIncreasedByStep (Data Row 2)" storage="f:\etwork\bin\tests\sysintgtests.icore.common.entities.dll" id="e5864e3f-bb18-48d3-a295-64a3b4ef0cf8">
      <TestCategory>
        <TestCategoryItem TestCategory="Entities" />
        <TestCategoryItem TestCategory="SystemIntegration" />
      </TestCategory>
      <Execution id="cce3d76e-0d21-4f67-a30e-a1001b18f35d" />
      <TestMethod codeBase="F:\ETWork\bin\Tests\SysIntgTests.iCore.Common.Entities.dll" adapterTypeName="Microsoft.VisualStudio.TestTools.TestTypes.Unit.UnitTestAdapter" className="SysIntgTests.iCore.Common.Entities.CounterTests" name="GetNextValue_NegativeStep_ValueIsIncreasedByStep (Data Row 2)" />
    </UnitTest>
    <UnitTest name="GetNextValueConcurrencyTest" storage="f:\etwork\bin\tests\sysintgtests.icore.common.entities.dll" id="3c7dbe33-5207-9927-a87d-5b166619e22a">
      <Execution id="85aaaed6-1a25-4b13-8c71-4a7df09d935a" />
      <TestMethod codeBase="F:\ETWork\bin\Tests\SysIntgTests.iCore.Common.Entities.dll" adapterTypeName="Microsoft.VisualStudio.TestTools.TestTypes.Unit.UnitTestAdapter" className="SysIntgTests.iCore.Common.Entities.CounterTests" name="GetNextValueConcurrencyTest" />
    </UnitTest>
    <UnitTest name="Import_NewSimpleSerializableCounter_ShouldPersistCorrectly" storage="f:\etwork\bin\tests\sysintgtests.icore.common.entities.dll" id="d1c2c763-24ad-7df4-2f3e-327b518c4b57">
      <TestCategory>
        <TestCategoryItem TestCategory="Entities" />
        <TestCategoryItem TestCategory="SystemIntegration" />
      </TestCategory>
      <Execution id="c1e168f4-54c3-411b-94ad-e3e143cb4233" />
      <TestMethod codeBase="F:\ETWork\bin\Tests\SysIntgTests.iCore.Common.Entities.dll" adapterTypeName="Microsoft.VisualStudio.TestTools.TestTypes.Unit.UnitTestAdapter" className="SysIntgTests.iCore.Common.Entities.CounterTests" name="Import_NewSimpleSerializableCounter_ShouldPersistCorrectly" />
    </UnitTest>
    <UnitTest name="RepositoryEntityTypeId_ReturnsEventType" storage="f:\etwork\bin\tests\sysintgtests.icore.common.entities.dll" id="56526a4d-6258-5848-51a0-7f1f83254450">
      <TestCategory>
        <TestCategoryItem TestCategory="Entities" />
        <TestCategoryItem TestCategory="SystemIntegration" />
      </TestCategory>
      <Execution id="919e53f8-a60a-442b-ada0-b643a0efa269" />
      <TestMethod codeBase="F:\ETWork\bin\Tests\SysIntgTests.iCore.Common.Entities.dll" adapterTypeName="Microsoft.VisualStudio.TestTools.TestTypes.Unit.UnitTestAdapter" className="SysIntgTests.iCore.Common.Entities.EventTypeTests" name="RepositoryEntityTypeId_ReturnsEventType" />
    </UnitTest>
    <UnitTest name="RepositoryEntityType_ReturnsIEventType" storage="f:\etwork\bin\tests\sysintgtests.icore.common.entities.dll" id="6814a742-3143-753e-030b-da26d62e58fa">
      <TestCategory>
        <TestCategoryItem TestCategory="Entities" />
        <TestCategoryItem TestCategory="SystemIntegration" />
      </TestCategory>
      <Execution id="000c3851-6cb6-4588-b6a5-dbd06d80e0e7" />
      <TestMethod codeBase="F:\ETWork\bin\Tests\SysIntgTests.iCore.Common.Entities.dll" adapterTypeName="Microsoft.VisualStudio.TestTools.TestTypes.Unit.UnitTestAdapter" className="SysIntgTests.iCore.Common.Entities.EventTypeTests" name="RepositoryEntityType_ReturnsIEventType" />
    </UnitTest>
    <UnitTest name="RepositorySystemContext_MatchesActualSystemContext" storage="f:\etwork\bin\tests\sysintgtests.icore.common.entities.dll" id="1a3c493b-8ce6-1554-1691-8d6dbfa0c83d">
      <TestCategory>
        <TestCategoryItem TestCategory="Entities" />
        <TestCategoryItem TestCategory="SystemIntegration" />
      </TestCategory>
      <Execution id="553f6543-2afd-492f-91fb-ce03f8ac377f" />
      <TestMethod codeBase="F:\ETWork\bin\Tests\SysIntgTests.iCore.Common.Entities.dll" adapterTypeName="Microsoft.VisualStudio.TestTools.TestTypes.Unit.UnitTestAdapter" className="SysIntgTests.iCore.Common.Entities.EventTypeTests" name="RepositorySystemContext_MatchesActualSystemContext" />
    </UnitTest>
    <UnitTest name="Exists_KnownEventTypeId_ReturnsTrue (Data Row 0)" storage="f:\etwork\bin\tests\sysintgtests.icore.common.entities.dll" id="f52bf0b1-efd7-4cdc-8903-169d6e73348d">
      <TestCategory>
        <TestCategoryItem TestCategory="Entities" />
        <TestCategoryItem TestCategory="SystemIntegration" />
      </TestCategory>
      <Execution id="2326b245-64cf-414d-8489-a61029193be0" />
      <TestMethod codeBase="F:\ETWork\bin\Tests\SysIntgTests.iCore.Common.Entities.dll" adapterTypeName="Microsoft.VisualStudio.TestTools.TestTypes.Unit.UnitTestAdapter" className="SysIntgTests.iCore.Common.Entities.EventTypeTests" name="Exists_KnownEventTypeId_ReturnsTrue (Data Row 0)" />
    </UnitTest>
    <UnitTest name="Exists_KnownEventTypeId_ReturnsTrue (Data Row 1)" storage="f:\etwork\bin\tests\sysintgtests.icore.common.entities.dll" id="e25ab65e-4c65-4101-adf1-4fc568c48414">
      <TestCategory>
        <TestCategoryItem TestCategory="Entities" />
        <TestCategoryItem TestCategory="SystemIntegration" />
      </TestCategory>
      <Execution id="1832b960-fb28-4ce2-9dd8-b1d89b6a7e3b" />
      <TestMethod codeBase="F:\ETWork\bin\Tests\SysIntgTests.iCore.Common.Entities.dll" adapterTypeName="Microsoft.VisualStudio.TestTools.TestTypes.Unit.UnitTestAdapter" className="SysIntgTests.iCore.Common.Entities.EventTypeTests" name="Exists_KnownEventTypeId_ReturnsTrue (Data Row 1)" />
    </UnitTest>
    <UnitTest name="Exists_KnownEventTypeId_ReturnsTrue (Data Row 2)" storage="f:\etwork\bin\tests\sysintgtests.icore.common.entities.dll" id="e30b708a-74ab-417e-a095-e789e592bbbc">
      <TestCategory>
        <TestCategoryItem TestCategory="Entities" />
        <TestCategoryItem TestCategory="SystemIntegration" />
      </TestCategory>
      <Execution id="5a96caba-655d-41af-8485-bd299fb51b47" />
      <TestMethod codeBase="F:\ETWork\bin\Tests\SysIntgTests.iCore.Common.Entities.dll" adapterTypeName="Microsoft.VisualStudio.TestTools.TestTypes.Unit.UnitTestAdapter" className="SysIntgTests.iCore.Common.Entities.EventTypeTests" name="Exists_KnownEventTypeId_ReturnsTrue (Data Row 2)" />
    </UnitTest>
    <UnitTest name="Exists_KnownEventTypeId_ReturnsTrue (Data Row 3)" storage="f:\etwork\bin\tests\sysintgtests.icore.common.entities.dll" id="9cf77929-191c-4649-bdd9-a62e8718e0b3">
      <TestCategory>
        <TestCategoryItem TestCategory="Entities" />
        <TestCategoryItem TestCategory="SystemIntegration" />
      </TestCategory>
      <Execution id="dee6e971-1dae-46e2-9bef-9da04898a01d" />
      <TestMethod codeBase="F:\ETWork\bin\Tests\SysIntgTests.iCore.Common.Entities.dll" adapterTypeName="Microsoft.VisualStudio.TestTools.TestTypes.Unit.UnitTestAdapter" className="SysIntgTests.iCore.Common.Entities.EventTypeTests" name="Exists_KnownEventTypeId_ReturnsTrue (Data Row 3)" />
    </UnitTest>
    <UnitTest name="Exists_KnownEventTypeId_ReturnsTrue (Data Row 4)" storage="f:\etwork\bin\tests\sysintgtests.icore.common.entities.dll" id="43b6aff3-97f4-4142-941c-73da7170a0e7">
      <TestCategory>
        <TestCategoryItem TestCategory="Entities" />
        <TestCategoryItem TestCategory="SystemIntegration" />
      </TestCategory>
      <Execution id="ea87b54e-82a0-4933-b24d-81c0b1bf172f" />
      <TestMethod codeBase="F:\ETWork\bin\Tests\SysIntgTests.iCore.Common.Entities.dll" adapterTypeName="Microsoft.VisualStudio.TestTools.TestTypes.Unit.UnitTestAdapter" className="SysIntgTests.iCore.Common.Entities.EventTypeTests" name="Exists_KnownEventTypeId_ReturnsTrue (Data Row 4)" />
    </UnitTest>
    <UnitTest name="Exists_KnownEventTypeId_ReturnsTrue (Data Row 5)" storage="f:\etwork\bin\tests\sysintgtests.icore.common.entities.dll" id="a7a7503c-6b8a-4114-b68b-0eaebd7314d5">
      <TestCategory>
        <TestCategoryItem TestCategory="Entities" />
        <TestCategoryItem TestCategory="SystemIntegration" />
      </TestCategory>
      <Execution id="7326ae32-b1f1-4298-b331-aabbb2a80928" />
      <TestMethod codeBase="F:\ETWork\bin\Tests\SysIntgTests.iCore.Common.Entities.dll" adapterTypeName="Microsoft.VisualStudio.TestTools.TestTypes.Unit.UnitTestAdapter" className="SysIntgTests.iCore.Common.Entities.EventTypeTests" name="Exists_KnownEventTypeId_ReturnsTrue (Data Row 5)" />
    </UnitTest>
    <UnitTest name="Exists_KnownEventTypeId_ReturnsTrue (Data Row 6)" storage="f:\etwork\bin\tests\sysintgtests.icore.common.entities.dll" id="96d0b905-c337-4072-a53e-49d4cf17f69b">
      <TestCategory>
        <TestCategoryItem TestCategory="Entities" />
        <TestCategoryItem TestCategory="SystemIntegration" />
      </TestCategory>
      <Execution id="b01f5be7-7de5-48a2-8afc-0d78e5fe14d1" />
      <TestMethod codeBase="F:\ETWork\bin\Tests\SysIntgTests.iCore.Common.Entities.dll" adapterTypeName="Microsoft.VisualStudio.TestTools.TestTypes.Unit.UnitTestAdapter" className="SysIntgTests.iCore.Common.Entities.EventTypeTests" name="Exists_KnownEventTypeId_ReturnsTrue (Data Row 6)" />
    </UnitTest>
    <UnitTest name="Exists_KnownEventTypeId_ReturnsTrue (Data Row 7)" storage="f:\etwork\bin\tests\sysintgtests.icore.common.entities.dll" id="fc8ed08d-538f-4c73-ae0f-18d0bfe07aae">
      <TestCategory>
        <TestCategoryItem TestCategory="Entities" />
        <TestCategoryItem TestCategory="SystemIntegration" />
      </TestCategory>
      <Execution id="3f304a54-2e42-4e5c-850e-d884f04b1b05" />
      <TestMethod codeBase="F:\ETWork\bin\Tests\SysIntgTests.iCore.Common.Entities.dll" adapterTypeName="Microsoft.VisualStudio.TestTools.TestTypes.Unit.UnitTestAdapter" className="SysIntgTests.iCore.Common.Entities.EventTypeTests" name="Exists_KnownEventTypeId_ReturnsTrue (Data Row 7)" />
    </UnitTest>
    <UnitTest name="Exists_NonExistingEventTypeId_ReturnsFalse" storage="f:\etwork\bin\tests\sysintgtests.icore.common.entities.dll" id="25301a79-43e4-9d8c-5ded-213e25737cfa">
      <TestCategory>
        <TestCategoryItem TestCategory="Entities" />
        <TestCategoryItem TestCategory="SystemIntegration" />
      </TestCategory>
      <Execution id="6a79c810-e920-4358-a94f-4931677194cb" />
      <TestMethod codeBase="F:\ETWork\bin\Tests\SysIntgTests.iCore.Common.Entities.dll" adapterTypeName="Microsoft.VisualStudio.TestTools.TestTypes.Unit.UnitTestAdapter" className="SysIntgTests.iCore.Common.Entities.EventTypeTests" name="Exists_NonExistingEventTypeId_ReturnsFalse" />
    </UnitTest>
    <UnitTest name="Exists_UnsupportedKey_ThrowsArgumentException" storage="f:\etwork\bin\tests\sysintgtests.icore.common.entities.dll" id="21f42443-d480-acb0-b6c5-114ee86fddfe">
      <TestCategory>
        <TestCategoryItem TestCategory="Entities" />
        <TestCategoryItem TestCategory="SystemIntegration" />
      </TestCategory>
      <Execution id="dc062185-31f4-4ffc-a28c-e00feb03a9a3" />
      <TestMethod codeBase="F:\ETWork\bin\Tests\SysIntgTests.iCore.Common.Entities.dll" adapterTypeName="Microsoft.VisualStudio.TestTools.TestTypes.Unit.UnitTestAdapter" className="SysIntgTests.iCore.Common.Entities.EventTypeTests" name="Exists_UnsupportedKey_ThrowsArgumentException" />
    </UnitTest>
    <UnitTest name="Exists_KnownEventTypeKey_ReturnsTrue (Data Row 0)" storage="f:\etwork\bin\tests\sysintgtests.icore.common.entities.dll" id="5cc9c9f3-cf2d-47e3-993c-093c7ec6c53d">
      <TestCategory>
        <TestCategoryItem TestCategory="Entities" />
        <TestCategoryItem TestCategory="SystemIntegration" />
      </TestCategory>
      <Execution id="b9dc0a57-2c1c-426e-ac7b-a35644ce65e2" />
      <TestMethod codeBase="F:\ETWork\bin\Tests\SysIntgTests.iCore.Common.Entities.dll" adapterTypeName="Microsoft.VisualStudio.TestTools.TestTypes.Unit.UnitTestAdapter" className="SysIntgTests.iCore.Common.Entities.EventTypeTests" name="Exists_KnownEventTypeKey_ReturnsTrue (Data Row 0)" />
    </UnitTest>
    <UnitTest name="Exists_KnownEventTypeKey_ReturnsTrue (Data Row 1)" storage="f:\etwork\bin\tests\sysintgtests.icore.common.entities.dll" id="b9e98c47-9f2d-477d-847c-163d4bec2bff">
      <TestCategory>
        <TestCategoryItem TestCategory="Entities" />
        <TestCategoryItem TestCategory="SystemIntegration" />
      </TestCategory>
      <Execution id="729cce8e-1adc-4a9a-b3a8-0889baa3ef9a" />
      <TestMethod codeBase="F:\ETWork\bin\Tests\SysIntgTests.iCore.Common.Entities.dll" adapterTypeName="Microsoft.VisualStudio.TestTools.TestTypes.Unit.UnitTestAdapter" className="SysIntgTests.iCore.Common.Entities.EventTypeTests" name="Exists_KnownEventTypeKey_ReturnsTrue (Data Row 1)" />
    </UnitTest>
    <UnitTest name="Exists_KnownEventTypeKey_ReturnsTrue (Data Row 2)" storage="f:\etwork\bin\tests\sysintgtests.icore.common.entities.dll" id="f5a37356-46a2-49bb-9ec8-e8866933dded">
      <TestCategory>
        <TestCategoryItem TestCategory="Entities" />
        <TestCategoryItem TestCategory="SystemIntegration" />
      </TestCategory>
      <Execution id="5ad4a907-b8f0-497d-a7a6-0a5b4c1db796" />
      <TestMethod codeBase="F:\ETWork\bin\Tests\SysIntgTests.iCore.Common.Entities.dll" adapterTypeName="Microsoft.VisualStudio.TestTools.TestTypes.Unit.UnitTestAdapter" className="SysIntgTests.iCore.Common.Entities.EventTypeTests" name="Exists_KnownEventTypeKey_ReturnsTrue (Data Row 2)" />
    </UnitTest>
    <UnitTest name="Exists_KnownEventTypeKey_ReturnsTrue (Data Row 3)" storage="f:\etwork\bin\tests\sysintgtests.icore.common.entities.dll" id="4d014e52-6c08-44a6-ba52-4fd25266e0cb">
      <TestCategory>
        <TestCategoryItem TestCategory="Entities" />
        <TestCategoryItem TestCategory="SystemIntegration" />
      </TestCategory>
      <Execution id="85173ad6-b703-451f-a4f8-88afe5bc5ad2" />
      <TestMethod codeBase="F:\ETWork\bin\Tests\SysIntgTests.iCore.Common.Entities.dll" adapterTypeName="Microsoft.VisualStudio.TestTools.TestTypes.Unit.UnitTestAdapter" className="SysIntgTests.iCore.Common.Entities.EventTypeTests" name="Exists_KnownEventTypeKey_ReturnsTrue (Data Row 3)" />
    </UnitTest>
    <UnitTest name="Exists_KnownEventTypeKey_ReturnsTrue (Data Row 4)" storage="f:\etwork\bin\tests\sysintgtests.icore.common.entities.dll" id="6922f4d4-f7c7-4157-8ef7-b7ae101b294e">
      <TestCategory>
        <TestCategoryItem TestCategory="Entities" />
        <TestCategoryItem TestCategory="SystemIntegration" />
      </TestCategory>
      <Execution id="3a6e579c-4b7f-4b0e-9c63-198e4f01d599" />
      <TestMethod codeBase="F:\ETWork\bin\Tests\SysIntgTests.iCore.Common.Entities.dll" adapterTypeName="Microsoft.VisualStudio.TestTools.TestTypes.Unit.UnitTestAdapter" className="SysIntgTests.iCore.Common.Entities.EventTypeTests" name="Exists_KnownEventTypeKey_ReturnsTrue (Data Row 4)" />
    </UnitTest>
    <UnitTest name="Exists_KnownEventTypeKey_ReturnsTrue (Data Row 5)" storage="f:\etwork\bin\tests\sysintgtests.icore.common.entities.dll" id="ba10eb97-ad1a-4e5b-9f4e-bcb789c96e42">
      <TestCategory>
        <TestCategoryItem TestCategory="Entities" />
        <TestCategoryItem TestCategory="SystemIntegration" />
      </TestCategory>
      <Execution id="c42572a5-80ac-4005-b96a-36a839ef1599" />
      <TestMethod codeBase="F:\ETWork\bin\Tests\SysIntgTests.iCore.Common.Entities.dll" adapterTypeName="Microsoft.VisualStudio.TestTools.TestTypes.Unit.UnitTestAdapter" className="SysIntgTests.iCore.Common.Entities.EventTypeTests" name="Exists_KnownEventTypeKey_ReturnsTrue (Data Row 5)" />
    </UnitTest>
    <UnitTest name="Exists_KnownEventTypeKey_ReturnsTrue (Data Row 6)" storage="f:\etwork\bin\tests\sysintgtests.icore.common.entities.dll" id="6143fb2c-36a1-4dda-988a-646af506b5d0">
      <TestCategory>
        <TestCategoryItem TestCategory="Entities" />
        <TestCategoryItem TestCategory="SystemIntegration" />
      </TestCategory>
      <Execution id="1807b8bb-c895-4849-81e8-b51312419c34" />
      <TestMethod codeBase="F:\ETWork\bin\Tests\SysIntgTests.iCore.Common.Entities.dll" adapterTypeName="Microsoft.VisualStudio.TestTools.TestTypes.Unit.UnitTestAdapter" className="SysIntgTests.iCore.Common.Entities.EventTypeTests" name="Exists_KnownEventTypeKey_ReturnsTrue (Data Row 6)" />
    </UnitTest>
    <UnitTest name="Exists_KnownEventTypeKey_ReturnsTrue (Data Row 7)" storage="f:\etwork\bin\tests\sysintgtests.icore.common.entities.dll" id="f912d644-0b54-4016-9c61-9b047d09d895">
      <TestCategory>
        <TestCategoryItem TestCategory="Entities" />
        <TestCategoryItem TestCategory="SystemIntegration" />
      </TestCategory>
      <Execution id="297e60bf-de13-410a-a807-12c920adbc17" />
      <TestMethod codeBase="F:\ETWork\bin\Tests\SysIntgTests.iCore.Common.Entities.dll" adapterTypeName="Microsoft.VisualStudio.TestTools.TestTypes.Unit.UnitTestAdapter" className="SysIntgTests.iCore.Common.Entities.EventTypeTests" name="Exists_KnownEventTypeKey_ReturnsTrue (Data Row 7)" />
    </UnitTest>
    <UnitTest name="Exists_NonExistingEventTypeKey_ReturnsFalse" storage="f:\etwork\bin\tests\sysintgtests.icore.common.entities.dll" id="7f509a70-4d7e-85bd-52a2-517ace7aea44">
      <TestCategory>
        <TestCategoryItem TestCategory="Entities" />
        <TestCategoryItem TestCategory="SystemIntegration" />
      </TestCategory>
      <Execution id="493c4f7c-55d4-4661-ad9d-519803b7fc64" />
      <TestMethod codeBase="F:\ETWork\bin\Tests\SysIntgTests.iCore.Common.Entities.dll" adapterTypeName="Microsoft.VisualStudio.TestTools.TestTypes.Unit.UnitTestAdapter" className="SysIntgTests.iCore.Common.Entities.EventTypeTests" name="Exists_NonExistingEventTypeKey_ReturnsFalse" />
    </UnitTest>
    <UnitTest name="CreateInstance_CreatesNewEventType" storage="f:\etwork\bin\tests\sysintgtests.icore.common.entities.dll" id="74632249-857d-a5a4-a24f-f857a6f9b9b6">
      <Execution id="b51fa6c6-af62-4ff4-b2af-dc943591386a" />
      <TestMethod codeBase="F:\ETWork\bin\Tests\SysIntgTests.iCore.Common.Entities.dll" adapterTypeName="Microsoft.VisualStudio.TestTools.TestTypes.Unit.UnitTestAdapter" className="SysIntgTests.iCore.Common.Entities.EventTypeTests" name="CreateInstance_CreatesNewEventType" />
    </UnitTest>
    <UnitTest name="List_ContainsEachKnownEventTypeOnce (Data Row 0)" storage="f:\etwork\bin\tests\sysintgtests.icore.common.entities.dll" id="f697e65e-afd7-42d0-8032-a0d6b2f3bf58">
      <TestCategory>
        <TestCategoryItem TestCategory="Entities" />
        <TestCategoryItem TestCategory="SystemIntegration" />
      </TestCategory>
      <Execution id="e3058682-1cef-4c2e-835a-14b25e62e394" />
      <TestMethod codeBase="F:\ETWork\bin\Tests\SysIntgTests.iCore.Common.Entities.dll" adapterTypeName="Microsoft.VisualStudio.TestTools.TestTypes.Unit.UnitTestAdapter" className="SysIntgTests.iCore.Common.Entities.EventTypeTests" name="List_ContainsEachKnownEventTypeOnce (Data Row 0)" />
    </UnitTest>
    <UnitTest name="List_ContainsEachKnownEventTypeOnce (Data Row 1)" storage="f:\etwork\bin\tests\sysintgtests.icore.common.entities.dll" id="ee6e4547-6f46-40e1-bb3c-0ded480f86cf">
      <TestCategory>
        <TestCategoryItem TestCategory="Entities" />
        <TestCategoryItem TestCategory="SystemIntegration" />
      </TestCategory>
      <Execution id="e35ec487-0aaa-4de7-8d53-cfbb29a6ae42" />
      <TestMethod codeBase="F:\ETWork\bin\Tests\SysIntgTests.iCore.Common.Entities.dll" adapterTypeName="Microsoft.VisualStudio.TestTools.TestTypes.Unit.UnitTestAdapter" className="SysIntgTests.iCore.Common.Entities.EventTypeTests" name="List_ContainsEachKnownEventTypeOnce (Data Row 1)" />
    </UnitTest>
    <UnitTest name="List_ContainsEachKnownEventTypeOnce (Data Row 2)" storage="f:\etwork\bin\tests\sysintgtests.icore.common.entities.dll" id="dda97fca-ad47-444f-89a7-603755034e68">
      <TestCategory>
        <TestCategoryItem TestCategory="Entities" />
        <TestCategoryItem TestCategory="SystemIntegration" />
      </TestCategory>
      <Execution id="d1155395-f19d-4517-984f-456b090aea52" />
      <TestMethod codeBase="F:\ETWork\bin\Tests\SysIntgTests.iCore.Common.Entities.dll" adapterTypeName="Microsoft.VisualStudio.TestTools.TestTypes.Unit.UnitTestAdapter" className="SysIntgTests.iCore.Common.Entities.EventTypeTests" name="List_ContainsEachKnownEventTypeOnce (Data Row 2)" />
    </UnitTest>
    <UnitTest name="List_ContainsEachKnownEventTypeOnce (Data Row 3)" storage="f:\etwork\bin\tests\sysintgtests.icore.common.entities.dll" id="e8b70631-2945-4969-9ac6-59b4202a716e">
      <TestCategory>
        <TestCategoryItem TestCategory="Entities" />
        <TestCategoryItem TestCategory="SystemIntegration" />
      </TestCategory>
      <Execution id="ebe2bca9-ff54-4dd1-b100-e33eb5cbf49b" />
      <TestMethod codeBase="F:\ETWork\bin\Tests\SysIntgTests.iCore.Common.Entities.dll" adapterTypeName="Microsoft.VisualStudio.TestTools.TestTypes.Unit.UnitTestAdapter" className="SysIntgTests.iCore.Common.Entities.EventTypeTests" name="List_ContainsEachKnownEventTypeOnce (Data Row 3)" />
    </UnitTest>
    <UnitTest name="List_ContainsEachKnownEventTypeOnce (Data Row 4)" storage="f:\etwork\bin\tests\sysintgtests.icore.common.entities.dll" id="0e0d6ffe-f01a-4198-a39a-744ca19e875e">
      <TestCategory>
        <TestCategoryItem TestCategory="Entities" />
        <TestCategoryItem TestCategory="SystemIntegration" />
      </TestCategory>
      <Execution id="336b4408-1fe3-4bd6-967e-83839f4b3ee4" />
      <TestMethod codeBase="F:\ETWork\bin\Tests\SysIntgTests.iCore.Common.Entities.dll" adapterTypeName="Microsoft.VisualStudio.TestTools.TestTypes.Unit.UnitTestAdapter" className="SysIntgTests.iCore.Common.Entities.EventTypeTests" name="List_ContainsEachKnownEventTypeOnce (Data Row 4)" />
    </UnitTest>
    <UnitTest name="List_ContainsEachKnownEventTypeOnce (Data Row 5)" storage="f:\etwork\bin\tests\sysintgtests.icore.common.entities.dll" id="5d407495-e986-4f34-9079-6d15b1351acb">
      <TestCategory>
        <TestCategoryItem TestCategory="Entities" />
        <TestCategoryItem TestCategory="SystemIntegration" />
      </TestCategory>
      <Execution id="87a11150-185f-4029-8fa5-9fcb38fc9868" />
      <TestMethod codeBase="F:\ETWork\bin\Tests\SysIntgTests.iCore.Common.Entities.dll" adapterTypeName="Microsoft.VisualStudio.TestTools.TestTypes.Unit.UnitTestAdapter" className="SysIntgTests.iCore.Common.Entities.EventTypeTests" name="List_ContainsEachKnownEventTypeOnce (Data Row 5)" />
    </UnitTest>
    <UnitTest name="List_ContainsEachKnownEventTypeOnce (Data Row 6)" storage="f:\etwork\bin\tests\sysintgtests.icore.common.entities.dll" id="4aac8e7e-23f9-453a-b673-dd4b4e1883bc">
      <TestCategory>
        <TestCategoryItem TestCategory="Entities" />
        <TestCategoryItem TestCategory="SystemIntegration" />
      </TestCategory>
      <Execution id="97f2fea6-abb2-4a2e-a1bd-0ad881511ea0" />
      <TestMethod codeBase="F:\ETWork\bin\Tests\SysIntgTests.iCore.Common.Entities.dll" adapterTypeName="Microsoft.VisualStudio.TestTools.TestTypes.Unit.UnitTestAdapter" className="SysIntgTests.iCore.Common.Entities.EventTypeTests" name="List_ContainsEachKnownEventTypeOnce (Data Row 6)" />
    </UnitTest>
    <UnitTest name="List_ContainsEachKnownEventTypeOnce (Data Row 7)" storage="f:\etwork\bin\tests\sysintgtests.icore.common.entities.dll" id="86388cac-90bd-4065-9c12-c5128dde0f62">
      <TestCategory>
        <TestCategoryItem TestCategory="Entities" />
        <TestCategoryItem TestCategory="SystemIntegration" />
      </TestCategory>
      <Execution id="00fdbe6a-dd9c-480c-98e0-2b9981b90fb6" />
      <TestMethod codeBase="F:\ETWork\bin\Tests\SysIntgTests.iCore.Common.Entities.dll" adapterTypeName="Microsoft.VisualStudio.TestTools.TestTypes.Unit.UnitTestAdapter" className="SysIntgTests.iCore.Common.Entities.EventTypeTests" name="List_ContainsEachKnownEventTypeOnce (Data Row 7)" />
    </UnitTest>
    <UnitTest name="List_ShouldSetSystemContextCorrectly" storage="f:\etwork\bin\tests\sysintgtests.icore.common.entities.dll" id="6524a0a5-f831-4927-abdb-8e88c9d25ab5">
      <TestCategory>
        <TestCategoryItem TestCategory="Entities" />
        <TestCategoryItem TestCategory="SystemIntegration" />
      </TestCategory>
      <Execution id="9f2c6107-458a-42c1-8abd-3045345b4f9c" />
      <TestMethod codeBase="F:\ETWork\bin\Tests\SysIntgTests.iCore.Common.Entities.dll" adapterTypeName="Microsoft.VisualStudio.TestTools.TestTypes.Unit.UnitTestAdapter" className="SysIntgTests.iCore.Common.Entities.EventTypeTests" name="List_ShouldSetSystemContextCorrectly" />
    </UnitTest>
    <UnitTest name="GetById_NewGuid_ThrowsEntityNotFoundException" storage="f:\etwork\bin\tests\sysintgtests.icore.common.entities.dll" id="31e44551-6a00-9dff-44ec-cc70dd1c0a8e">
      <TestCategory>
        <TestCategoryItem TestCategory="Entities" />
        <TestCategoryItem TestCategory="SystemIntegration" />
      </TestCategory>
      <Execution id="a27a3139-6bcc-48a4-847f-e68f1aadc18e" />
      <TestMethod codeBase="F:\ETWork\bin\Tests\SysIntgTests.iCore.Common.Entities.dll" adapterTypeName="Microsoft.VisualStudio.TestTools.TestTypes.Unit.UnitTestAdapter" className="SysIntgTests.iCore.Common.Entities.EventTypeTests" name="GetById_NewGuid_ThrowsEntityNotFoundException" />
    </UnitTest>
    <UnitTest name="GetById_KnownEventTypeId_ReturnsEntityWithCorrectProperties (Data Row 0)" storage="f:\etwork\bin\tests\sysintgtests.icore.common.entities.dll" id="765adbe1-3c8f-4d7c-8e93-fa94e57c6539">
      <TestCategory>
        <TestCategoryItem TestCategory="Entities" />
        <TestCategoryItem TestCategory="SystemIntegration" />
      </TestCategory>
      <Execution id="ad24f4ec-c796-4276-a4ec-2850bba3885b" />
      <TestMethod codeBase="F:\ETWork\bin\Tests\SysIntgTests.iCore.Common.Entities.dll" adapterTypeName="Microsoft.VisualStudio.TestTools.TestTypes.Unit.UnitTestAdapter" className="SysIntgTests.iCore.Common.Entities.EventTypeTests" name="GetById_KnownEventTypeId_ReturnsEntityWithCorrectProperties (Data Row 0)" />
    </UnitTest>
    <UnitTest name="GetById_KnownEventTypeId_ReturnsEntityWithCorrectProperties (Data Row 1)" storage="f:\etwork\bin\tests\sysintgtests.icore.common.entities.dll" id="2b67aada-743a-4f21-82e8-3c4e71edbe4f">
      <TestCategory>
        <TestCategoryItem TestCategory="Entities" />
        <TestCategoryItem TestCategory="SystemIntegration" />
      </TestCategory>
      <Execution id="47d9919f-375f-4c13-9703-2add64d60ef1" />
      <TestMethod codeBase="F:\ETWork\bin\Tests\SysIntgTests.iCore.Common.Entities.dll" adapterTypeName="Microsoft.VisualStudio.TestTools.TestTypes.Unit.UnitTestAdapter" className="SysIntgTests.iCore.Common.Entities.EventTypeTests" name="GetById_KnownEventTypeId_ReturnsEntityWithCorrectProperties (Data Row 1)" />
    </UnitTest>
    <UnitTest name="GetById_KnownEventTypeId_ReturnsEntityWithCorrectProperties (Data Row 2)" storage="f:\etwork\bin\tests\sysintgtests.icore.common.entities.dll" id="885847d0-995e-4f0f-b8b7-0908a30ecc9c">
      <TestCategory>
        <TestCategoryItem TestCategory="Entities" />
        <TestCategoryItem TestCategory="SystemIntegration" />
      </TestCategory>
      <Execution id="4eb70af6-6e6e-4604-b70e-f59c1cd5f5cd" />
      <TestMethod codeBase="F:\ETWork\bin\Tests\SysIntgTests.iCore.Common.Entities.dll" adapterTypeName="Microsoft.VisualStudio.TestTools.TestTypes.Unit.UnitTestAdapter" className="SysIntgTests.iCore.Common.Entities.EventTypeTests" name="GetById_KnownEventTypeId_ReturnsEntityWithCorrectProperties (Data Row 2)" />
    </UnitTest>
    <UnitTest name="GetById_KnownEventTypeId_ReturnsEntityWithCorrectProperties (Data Row 3)" storage="f:\etwork\bin\tests\sysintgtests.icore.common.entities.dll" id="92f73700-7009-42c2-a080-2d52f6de6ff4">
      <TestCategory>
        <TestCategoryItem TestCategory="Entities" />
        <TestCategoryItem TestCategory="SystemIntegration" />
      </TestCategory>
      <Execution id="6cebe3f6-f288-42b0-815a-d9a2ba49fc3b" />
      <TestMethod codeBase="F:\ETWork\bin\Tests\SysIntgTests.iCore.Common.Entities.dll" adapterTypeName="Microsoft.VisualStudio.TestTools.TestTypes.Unit.UnitTestAdapter" className="SysIntgTests.iCore.Common.Entities.EventTypeTests" name="GetById_KnownEventTypeId_ReturnsEntityWithCorrectProperties (Data Row 3)" />
    </UnitTest>
    <UnitTest name="GetById_KnownEventTypeId_ReturnsEntityWithCorrectProperties (Data Row 4)" storage="f:\etwork\bin\tests\sysintgtests.icore.common.entities.dll" id="5737bd83-153e-4fd7-bc65-7078a9ca5929">
      <TestCategory>
        <TestCategoryItem TestCategory="Entities" />
        <TestCategoryItem TestCategory="SystemIntegration" />
      </TestCategory>
      <Execution id="db71ff18-6971-4d68-876b-88e21c64def4" />
      <TestMethod codeBase="F:\ETWork\bin\Tests\SysIntgTests.iCore.Common.Entities.dll" adapterTypeName="Microsoft.VisualStudio.TestTools.TestTypes.Unit.UnitTestAdapter" className="SysIntgTests.iCore.Common.Entities.EventTypeTests" name="GetById_KnownEventTypeId_ReturnsEntityWithCorrectProperties (Data Row 4)" />
    </UnitTest>
    <UnitTest name="GetById_KnownEventTypeId_ReturnsEntityWithCorrectProperties (Data Row 5)" storage="f:\etwork\bin\tests\sysintgtests.icore.common.entities.dll" id="d8fcc29d-e494-466d-9341-ad38838b40af">
      <TestCategory>
        <TestCategoryItem TestCategory="Entities" />
        <TestCategoryItem TestCategory="SystemIntegration" />
      </TestCategory>
      <Execution id="917765a5-8bdc-4122-adec-b3a70a5e54e6" />
      <TestMethod codeBase="F:\ETWork\bin\Tests\SysIntgTests.iCore.Common.Entities.dll" adapterTypeName="Microsoft.VisualStudio.TestTools.TestTypes.Unit.UnitTestAdapter" className="SysIntgTests.iCore.Common.Entities.EventTypeTests" name="GetById_KnownEventTypeId_ReturnsEntityWithCorrectProperties (Data Row 5)" />
    </UnitTest>
    <UnitTest name="GetById_KnownEventTypeId_ReturnsEntityWithCorrectProperties (Data Row 6)" storage="f:\etwork\bin\tests\sysintgtests.icore.common.entities.dll" id="dc41eb72-4847-43fe-a7d0-ffdc275688a8">
      <TestCategory>
        <TestCategoryItem TestCategory="Entities" />
        <TestCategoryItem TestCategory="SystemIntegration" />
      </TestCategory>
      <Execution id="84598a7b-51da-452b-bfe6-9bef1451f485" />
      <TestMethod codeBase="F:\ETWork\bin\Tests\SysIntgTests.iCore.Common.Entities.dll" adapterTypeName="Microsoft.VisualStudio.TestTools.TestTypes.Unit.UnitTestAdapter" className="SysIntgTests.iCore.Common.Entities.EventTypeTests" name="GetById_KnownEventTypeId_ReturnsEntityWithCorrectProperties (Data Row 6)" />
    </UnitTest>
    <UnitTest name="GetById_KnownEventTypeId_ReturnsEntityWithCorrectProperties (Data Row 7)" storage="f:\etwork\bin\tests\sysintgtests.icore.common.entities.dll" id="5a6390d5-32f2-4e38-b48f-deedc1d754d1">
      <TestCategory>
        <TestCategoryItem TestCategory="Entities" />
        <TestCategoryItem TestCategory="SystemIntegration" />
      </TestCategory>
      <Execution id="e6d8ce04-e926-4fd0-b9a5-947a32e7bfd7" />
      <TestMethod codeBase="F:\ETWork\bin\Tests\SysIntgTests.iCore.Common.Entities.dll" adapterTypeName="Microsoft.VisualStudio.TestTools.TestTypes.Unit.UnitTestAdapter" className="SysIntgTests.iCore.Common.Entities.EventTypeTests" name="GetById_KnownEventTypeId_ReturnsEntityWithCorrectProperties (Data Row 7)" />
    </UnitTest>
    <UnitTest name="TryGetById_NewGuid_ReturnsNull" storage="f:\etwork\bin\tests\sysintgtests.icore.common.entities.dll" id="1cc68a49-5d58-18e6-da49-b3ee6044cad8">
      <TestCategory>
        <TestCategoryItem TestCategory="Entities" />
        <TestCategoryItem TestCategory="SystemIntegration" />
      </TestCategory>
      <Execution id="9c80a15b-a439-40cc-b6e1-63597c3eb3b6" />
      <TestMethod codeBase="F:\ETWork\bin\Tests\SysIntgTests.iCore.Common.Entities.dll" adapterTypeName="Microsoft.VisualStudio.TestTools.TestTypes.Unit.UnitTestAdapter" className="SysIntgTests.iCore.Common.Entities.EventTypeTests" name="TryGetById_NewGuid_ReturnsNull" />
    </UnitTest>
    <UnitTest name="TryGetById_KnownEventTypeId_ReturnsEntityWithCorrectProperties (Data Row 0)" storage="f:\etwork\bin\tests\sysintgtests.icore.common.entities.dll" id="9891cdea-464e-45bf-8432-273596dbe8f4">
      <TestCategory>
        <TestCategoryItem TestCategory="Entities" />
        <TestCategoryItem TestCategory="SystemIntegration" />
      </TestCategory>
      <Execution id="ba350b89-37fd-4dd6-9fb1-0fd6d6d5ae7d" />
      <TestMethod codeBase="F:\ETWork\bin\Tests\SysIntgTests.iCore.Common.Entities.dll" adapterTypeName="Microsoft.VisualStudio.TestTools.TestTypes.Unit.UnitTestAdapter" className="SysIntgTests.iCore.Common.Entities.EventTypeTests" name="TryGetById_KnownEventTypeId_ReturnsEntityWithCorrectProperties (Data Row 0)" />
    </UnitTest>
    <UnitTest name="TryGetById_KnownEventTypeId_ReturnsEntityWithCorrectProperties (Data Row 1)" storage="f:\etwork\bin\tests\sysintgtests.icore.common.entities.dll" id="691e8520-3bef-41b8-8126-224c5cb6e7b9">
      <TestCategory>
        <TestCategoryItem TestCategory="Entities" />
        <TestCategoryItem TestCategory="SystemIntegration" />
      </TestCategory>
      <Execution id="1add730f-7a5e-4d79-aa0f-c8939ac0057f" />
      <TestMethod codeBase="F:\ETWork\bin\Tests\SysIntgTests.iCore.Common.Entities.dll" adapterTypeName="Microsoft.VisualStudio.TestTools.TestTypes.Unit.UnitTestAdapter" className="SysIntgTests.iCore.Common.Entities.EventTypeTests" name="TryGetById_KnownEventTypeId_ReturnsEntityWithCorrectProperties (Data Row 1)" />
    </UnitTest>
    <UnitTest name="TryGetById_KnownEventTypeId_ReturnsEntityWithCorrectProperties (Data Row 2)" storage="f:\etwork\bin\tests\sysintgtests.icore.common.entities.dll" id="4bad3335-1886-4739-84e7-4f7f4eef3aab">
      <TestCategory>
        <TestCategoryItem TestCategory="Entities" />
        <TestCategoryItem TestCategory="SystemIntegration" />
      </TestCategory>
      <Execution id="56e3fa60-1d0b-4338-b700-c70aae7270fa" />
      <TestMethod codeBase="F:\ETWork\bin\Tests\SysIntgTests.iCore.Common.Entities.dll" adapterTypeName="Microsoft.VisualStudio.TestTools.TestTypes.Unit.UnitTestAdapter" className="SysIntgTests.iCore.Common.Entities.EventTypeTests" name="TryGetById_KnownEventTypeId_ReturnsEntityWithCorrectProperties (Data Row 2)" />
    </UnitTest>
    <UnitTest name="TryGetById_KnownEventTypeId_ReturnsEntityWithCorrectProperties (Data Row 3)" storage="f:\etwork\bin\tests\sysintgtests.icore.common.entities.dll" id="a31d2bb3-dc4d-4c6c-9400-f8cdf957319d">
      <TestCategory>
        <TestCategoryItem TestCategory="Entities" />
        <TestCategoryItem TestCategory="SystemIntegration" />
      </TestCategory>
      <Execution id="e4410537-070e-43e3-8ca5-18fdecc4c3f2" />
      <TestMethod codeBase="F:\ETWork\bin\Tests\SysIntgTests.iCore.Common.Entities.dll" adapterTypeName="Microsoft.VisualStudio.TestTools.TestTypes.Unit.UnitTestAdapter" className="SysIntgTests.iCore.Common.Entities.EventTypeTests" name="TryGetById_KnownEventTypeId_ReturnsEntityWithCorrectProperties (Data Row 3)" />
    </UnitTest>
    <UnitTest name="TryGetById_KnownEventTypeId_ReturnsEntityWithCorrectProperties (Data Row 4)" storage="f:\etwork\bin\tests\sysintgtests.icore.common.entities.dll" id="61f48652-7e12-4f3e-8960-8f16934ec32d">
      <TestCategory>
        <TestCategoryItem TestCategory="Entities" />
        <TestCategoryItem TestCategory="SystemIntegration" />
      </TestCategory>
      <Execution id="2b91463f-748c-4735-b540-130024689eed" />
      <TestMethod codeBase="F:\ETWork\bin\Tests\SysIntgTests.iCore.Common.Entities.dll" adapterTypeName="Microsoft.VisualStudio.TestTools.TestTypes.Unit.UnitTestAdapter" className="SysIntgTests.iCore.Common.Entities.EventTypeTests" name="TryGetById_KnownEventTypeId_ReturnsEntityWithCorrectProperties (Data Row 4)" />
    </UnitTest>
    <UnitTest name="TryGetById_KnownEventTypeId_ReturnsEntityWithCorrectProperties (Data Row 5)" storage="f:\etwork\bin\tests\sysintgtests.icore.common.entities.dll" id="000e5432-0578-4ce9-acea-b3dfb6d0e70f">
      <TestCategory>
        <TestCategoryItem TestCategory="Entities" />
        <TestCategoryItem TestCategory="SystemIntegration" />
      </TestCategory>
      <Execution id="b09388b8-b644-4ce9-9592-c37bb850e2a7" />
      <TestMethod codeBase="F:\ETWork\bin\Tests\SysIntgTests.iCore.Common.Entities.dll" adapterTypeName="Microsoft.VisualStudio.TestTools.TestTypes.Unit.UnitTestAdapter" className="SysIntgTests.iCore.Common.Entities.EventTypeTests" name="TryGetById_KnownEventTypeId_ReturnsEntityWithCorrectProperties (Data Row 5)" />
    </UnitTest>
    <UnitTest name="TryGetById_KnownEventTypeId_ReturnsEntityWithCorrectProperties (Data Row 6)" storage="f:\etwork\bin\tests\sysintgtests.icore.common.entities.dll" id="32d2f593-f463-4fb9-9f68-85811386f570">
      <TestCategory>
        <TestCategoryItem TestCategory="Entities" />
        <TestCategoryItem TestCategory="SystemIntegration" />
      </TestCategory>
      <Execution id="54ec2f27-1eb7-4350-bac2-19d4407f745d" />
      <TestMethod codeBase="F:\ETWork\bin\Tests\SysIntgTests.iCore.Common.Entities.dll" adapterTypeName="Microsoft.VisualStudio.TestTools.TestTypes.Unit.UnitTestAdapter" className="SysIntgTests.iCore.Common.Entities.EventTypeTests" name="TryGetById_KnownEventTypeId_ReturnsEntityWithCorrectProperties (Data Row 6)" />
    </UnitTest>
    <UnitTest name="TryGetById_KnownEventTypeId_ReturnsEntityWithCorrectProperties (Data Row 7)" storage="f:\etwork\bin\tests\sysintgtests.icore.common.entities.dll" id="22eb4751-ffb1-4b1f-a827-d06e404ced0a">
      <TestCategory>
        <TestCategoryItem TestCategory="Entities" />
        <TestCategoryItem TestCategory="SystemIntegration" />
      </TestCategory>
      <Execution id="48ab2fa3-0e8b-45fc-9426-2061cbf309f0" />
      <TestMethod codeBase="F:\ETWork\bin\Tests\SysIntgTests.iCore.Common.Entities.dll" adapterTypeName="Microsoft.VisualStudio.TestTools.TestTypes.Unit.UnitTestAdapter" className="SysIntgTests.iCore.Common.Entities.EventTypeTests" name="TryGetById_KnownEventTypeId_ReturnsEntityWithCorrectProperties (Data Row 7)" />
    </UnitTest>
    <UnitTest name="GetByKey_NewGuid_ThrowsEntityNotFoundException" storage="f:\etwork\bin\tests\sysintgtests.icore.common.entities.dll" id="94ab92ae-0008-4648-fc8e-526bbd8f7268">
      <TestCategory>
        <TestCategoryItem TestCategory="Entities" />
        <TestCategoryItem TestCategory="SystemIntegration" />
      </TestCategory>
      <Execution id="36d0c1f3-047a-4794-b80a-7b9de110d676" />
      <TestMethod codeBase="F:\ETWork\bin\Tests\SysIntgTests.iCore.Common.Entities.dll" adapterTypeName="Microsoft.VisualStudio.TestTools.TestTypes.Unit.UnitTestAdapter" className="SysIntgTests.iCore.Common.Entities.EventTypeTests" name="GetByKey_NewGuid_ThrowsEntityNotFoundException" />
    </UnitTest>
    <UnitTest name="GetByKey_KnownEventTypeKey_ReturnsEntityWithCorrectProperties (Data Row 0)" storage="f:\etwork\bin\tests\sysintgtests.icore.common.entities.dll" id="4146ee9c-399c-4682-8e28-9c79528b674c">
      <TestCategory>
        <TestCategoryItem TestCategory="Entities" />
        <TestCategoryItem TestCategory="SystemIntegration" />
      </TestCategory>
      <Execution id="08c6e721-30ee-4908-a581-b1b62218cef8" />
      <TestMethod codeBase="F:\ETWork\bin\Tests\SysIntgTests.iCore.Common.Entities.dll" adapterTypeName="Microsoft.VisualStudio.TestTools.TestTypes.Unit.UnitTestAdapter" className="SysIntgTests.iCore.Common.Entities.EventTypeTests" name="GetByKey_KnownEventTypeKey_ReturnsEntityWithCorrectProperties (Data Row 0)" />
    </UnitTest>
    <UnitTest name="GetByKey_KnownEventTypeKey_ReturnsEntityWithCorrectProperties (Data Row 1)" storage="f:\etwork\bin\tests\sysintgtests.icore.common.entities.dll" id="7a79580c-d2e8-4993-8e46-0cded4357fbb">
      <TestCategory>
        <TestCategoryItem TestCategory="Entities" />
        <TestCategoryItem TestCategory="SystemIntegration" />
      </TestCategory>
      <Execution id="e420dadd-0c2e-4483-8634-d0e5d3d25491" />
      <TestMethod codeBase="F:\ETWork\bin\Tests\SysIntgTests.iCore.Common.Entities.dll" adapterTypeName="Microsoft.VisualStudio.TestTools.TestTypes.Unit.UnitTestAdapter" className="SysIntgTests.iCore.Common.Entities.EventTypeTests" name="GetByKey_KnownEventTypeKey_ReturnsEntityWithCorrectProperties (Data Row 1)" />
    </UnitTest>
    <UnitTest name="GetByKey_KnownEventTypeKey_ReturnsEntityWithCorrectProperties (Data Row 2)" storage="f:\etwork\bin\tests\sysintgtests.icore.common.entities.dll" id="9bb1604b-b4a1-464d-be72-b5e9a74b54bf">
      <TestCategory>
        <TestCategoryItem TestCategory="Entities" />
        <TestCategoryItem TestCategory="SystemIntegration" />
      </TestCategory>
      <Execution id="b02e7f6e-4468-4138-b77f-4e14a0e2d480" />
      <TestMethod codeBase="F:\ETWork\bin\Tests\SysIntgTests.iCore.Common.Entities.dll" adapterTypeName="Microsoft.VisualStudio.TestTools.TestTypes.Unit.UnitTestAdapter" className="SysIntgTests.iCore.Common.Entities.EventTypeTests" name="GetByKey_KnownEventTypeKey_ReturnsEntityWithCorrectProperties (Data Row 2)" />
    </UnitTest>
    <UnitTest name="GetByKey_KnownEventTypeKey_ReturnsEntityWithCorrectProperties (Data Row 3)" storage="f:\etwork\bin\tests\sysintgtests.icore.common.entities.dll" id="1685d13f-20df-47cd-8f90-87487bffa3c4">
      <TestCategory>
        <TestCategoryItem TestCategory="Entities" />
        <TestCategoryItem TestCategory="SystemIntegration" />
      </TestCategory>
      <Execution id="19d5672a-5de7-4036-8dfb-dc6831cf034e" />
      <TestMethod codeBase="F:\ETWork\bin\Tests\SysIntgTests.iCore.Common.Entities.dll" adapterTypeName="Microsoft.VisualStudio.TestTools.TestTypes.Unit.UnitTestAdapter" className="SysIntgTests.iCore.Common.Entities.EventTypeTests" name="GetByKey_KnownEventTypeKey_ReturnsEntityWithCorrectProperties (Data Row 3)" />
    </UnitTest>
    <UnitTest name="GetByKey_KnownEventTypeKey_ReturnsEntityWithCorrectProperties (Data Row 4)" storage="f:\etwork\bin\tests\sysintgtests.icore.common.entities.dll" id="879476ba-3361-43d9-b63e-1960b335b7d5">
      <TestCategory>
        <TestCategoryItem TestCategory="Entities" />
        <TestCategoryItem TestCategory="SystemIntegration" />
      </TestCategory>
      <Execution id="f5a12aba-82ce-4aaa-9f68-ce2cc8eb7ab7" />
      <TestMethod codeBase="F:\ETWork\bin\Tests\SysIntgTests.iCore.Common.Entities.dll" adapterTypeName="Microsoft.VisualStudio.TestTools.TestTypes.Unit.UnitTestAdapter" className="SysIntgTests.iCore.Common.Entities.EventTypeTests" name="GetByKey_KnownEventTypeKey_ReturnsEntityWithCorrectProperties (Data Row 4)" />
    </UnitTest>
    <UnitTest name="GetByKey_KnownEventTypeKey_ReturnsEntityWithCorrectProperties (Data Row 5)" storage="f:\etwork\bin\tests\sysintgtests.icore.common.entities.dll" id="884c15f7-265d-43ed-8bff-a36d5bec034b">
      <TestCategory>
        <TestCategoryItem TestCategory="Entities" />
        <TestCategoryItem TestCategory="SystemIntegration" />
      </TestCategory>
      <Execution id="c9f8b628-1999-4ded-b6fb-9cc74181861d" />
      <TestMethod codeBase="F:\ETWork\bin\Tests\SysIntgTests.iCore.Common.Entities.dll" adapterTypeName="Microsoft.VisualStudio.TestTools.TestTypes.Unit.UnitTestAdapter" className="SysIntgTests.iCore.Common.Entities.EventTypeTests" name="GetByKey_KnownEventTypeKey_ReturnsEntityWithCorrectProperties (Data Row 5)" />
    </UnitTest>
    <UnitTest name="GetByKey_KnownEventTypeKey_ReturnsEntityWithCorrectProperties (Data Row 6)" storage="f:\etwork\bin\tests\sysintgtests.icore.common.entities.dll" id="7cf65c6c-9bc9-4960-a548-41f3254eefc7">
      <TestCategory>
        <TestCategoryItem TestCategory="Entities" />
        <TestCategoryItem TestCategory="SystemIntegration" />
      </TestCategory>
      <Execution id="b8650afd-f720-4195-a362-000641b6d381" />
      <TestMethod codeBase="F:\ETWork\bin\Tests\SysIntgTests.iCore.Common.Entities.dll" adapterTypeName="Microsoft.VisualStudio.TestTools.TestTypes.Unit.UnitTestAdapter" className="SysIntgTests.iCore.Common.Entities.EventTypeTests" name="GetByKey_KnownEventTypeKey_ReturnsEntityWithCorrectProperties (Data Row 6)" />
    </UnitTest>
    <UnitTest name="GetByKey_KnownEventTypeKey_ReturnsEntityWithCorrectProperties (Data Row 7)" storage="f:\etwork\bin\tests\sysintgtests.icore.common.entities.dll" id="b41a30e7-b9f4-4938-b07c-b5f0b0ca8f8b">
      <TestCategory>
        <TestCategoryItem TestCategory="Entities" />
        <TestCategoryItem TestCategory="SystemIntegration" />
      </TestCategory>
      <Execution id="0c6b7850-cd02-419a-94dc-78b9bc67fda8" />
      <TestMethod codeBase="F:\ETWork\bin\Tests\SysIntgTests.iCore.Common.Entities.dll" adapterTypeName="Microsoft.VisualStudio.TestTools.TestTypes.Unit.UnitTestAdapter" className="SysIntgTests.iCore.Common.Entities.EventTypeTests" name="GetByKey_KnownEventTypeKey_ReturnsEntityWithCorrectProperties (Data Row 7)" />
    </UnitTest>
    <UnitTest name="GetByKey_UnsupportedKey_ThrowsArgumentException" storage="f:\etwork\bin\tests\sysintgtests.icore.common.entities.dll" id="2c159783-88b9-83f2-7bf2-95e84215bd43">
      <TestCategory>
        <TestCategoryItem TestCategory="Entities" />
        <TestCategoryItem TestCategory="SystemIntegration" />
      </TestCategory>
      <Execution id="c9fb5169-53a1-4d42-9bf9-aac3a775b021" />
      <TestMethod codeBase="F:\ETWork\bin\Tests\SysIntgTests.iCore.Common.Entities.dll" adapterTypeName="Microsoft.VisualStudio.TestTools.TestTypes.Unit.UnitTestAdapter" className="SysIntgTests.iCore.Common.Entities.EventTypeTests" name="GetByKey_UnsupportedKey_ThrowsArgumentException" />
    </UnitTest>
    <UnitTest name="GetNameById_NonExistingId_ThrowsEntityNotFoundException" storage="f:\etwork\bin\tests\sysintgtests.icore.common.entities.dll" id="ea95efcd-a18c-f92d-9c18-86d068bedcb8">
      <TestCategory>
        <TestCategoryItem TestCategory="Entities" />
        <TestCategoryItem TestCategory="SystemIntegration" />
      </TestCategory>
      <Execution id="86fd17cb-9efc-499d-8626-10794137f565" />
      <TestMethod codeBase="F:\ETWork\bin\Tests\SysIntgTests.iCore.Common.Entities.dll" adapterTypeName="Microsoft.VisualStudio.TestTools.TestTypes.Unit.UnitTestAdapter" className="SysIntgTests.iCore.Common.Entities.EventTypeTests" name="GetNameById_NonExistingId_ThrowsEntityNotFoundException" />
    </UnitTest>
    <UnitTest name="GetNameById_KnownEventTypeId_ReturnsCorrectName (Data Row 0)" storage="f:\etwork\bin\tests\sysintgtests.icore.common.entities.dll" id="f38030ac-3899-44ac-9318-378de2f6e938">
      <TestCategory>
        <TestCategoryItem TestCategory="Entities" />
        <TestCategoryItem TestCategory="SystemIntegration" />
      </TestCategory>
      <Execution id="798380db-3d35-492e-8ae8-a2788804301b" />
      <TestMethod codeBase="F:\ETWork\bin\Tests\SysIntgTests.iCore.Common.Entities.dll" adapterTypeName="Microsoft.VisualStudio.TestTools.TestTypes.Unit.UnitTestAdapter" className="SysIntgTests.iCore.Common.Entities.EventTypeTests" name="GetNameById_KnownEventTypeId_ReturnsCorrectName (Data Row 0)" />
    </UnitTest>
    <UnitTest name="GetNameById_KnownEventTypeId_ReturnsCorrectName (Data Row 1)" storage="f:\etwork\bin\tests\sysintgtests.icore.common.entities.dll" id="32a5928f-add3-4ce8-be25-afd615cad86d">
      <TestCategory>
        <TestCategoryItem TestCategory="Entities" />
        <TestCategoryItem TestCategory="SystemIntegration" />
      </TestCategory>
      <Execution id="00eba5c1-4a35-41cc-b5b8-2d01de9daa89" />
      <TestMethod codeBase="F:\ETWork\bin\Tests\SysIntgTests.iCore.Common.Entities.dll" adapterTypeName="Microsoft.VisualStudio.TestTools.TestTypes.Unit.UnitTestAdapter" className="SysIntgTests.iCore.Common.Entities.EventTypeTests" name="GetNameById_KnownEventTypeId_ReturnsCorrectName (Data Row 1)" />
    </UnitTest>
    <UnitTest name="GetNameById_KnownEventTypeId_ReturnsCorrectName (Data Row 2)" storage="f:\etwork\bin\tests\sysintgtests.icore.common.entities.dll" id="0c0610a5-e24c-4842-9928-c994947b1c3b">
      <TestCategory>
        <TestCategoryItem TestCategory="Entities" />
        <TestCategoryItem TestCategory="SystemIntegration" />
      </TestCategory>
      <Execution id="55f550d7-aedd-4d11-b7ff-3a22d72739cb" />
      <TestMethod codeBase="F:\ETWork\bin\Tests\SysIntgTests.iCore.Common.Entities.dll" adapterTypeName="Microsoft.VisualStudio.TestTools.TestTypes.Unit.UnitTestAdapter" className="SysIntgTests.iCore.Common.Entities.EventTypeTests" name="GetNameById_KnownEventTypeId_ReturnsCorrectName (Data Row 2)" />
    </UnitTest>
    <UnitTest name="GetNameById_KnownEventTypeId_ReturnsCorrectName (Data Row 3)" storage="f:\etwork\bin\tests\sysintgtests.icore.common.entities.dll" id="bba56ca3-7c19-4bb2-8c98-ae177a9145ae">
      <TestCategory>
        <TestCategoryItem TestCategory="Entities" />
        <TestCategoryItem TestCategory="SystemIntegration" />
      </TestCategory>
      <Execution id="2168495a-e134-4162-a2c7-38ab82add5ab" />
      <TestMethod codeBase="F:\ETWork\bin\Tests\SysIntgTests.iCore.Common.Entities.dll" adapterTypeName="Microsoft.VisualStudio.TestTools.TestTypes.Unit.UnitTestAdapter" className="SysIntgTests.iCore.Common.Entities.EventTypeTests" name="GetNameById_KnownEventTypeId_ReturnsCorrectName (Data Row 3)" />
    </UnitTest>
    <UnitTest name="GetNameById_KnownEventTypeId_ReturnsCorrectName (Data Row 4)" storage="f:\etwork\bin\tests\sysintgtests.icore.common.entities.dll" id="f1634463-aeba-4437-8436-c400aa338d83">
      <TestCategory>
        <TestCategoryItem TestCategory="Entities" />
        <TestCategoryItem TestCategory="SystemIntegration" />
      </TestCategory>
      <Execution id="d489e15f-e8bb-412a-b233-634680e5ed97" />
      <TestMethod codeBase="F:\ETWork\bin\Tests\SysIntgTests.iCore.Common.Entities.dll" adapterTypeName="Microsoft.VisualStudio.TestTools.TestTypes.Unit.UnitTestAdapter" className="SysIntgTests.iCore.Common.Entities.EventTypeTests" name="GetNameById_KnownEventTypeId_ReturnsCorrectName (Data Row 4)" />
    </UnitTest>
    <UnitTest name="GetNameById_KnownEventTypeId_ReturnsCorrectName (Data Row 5)" storage="f:\etwork\bin\tests\sysintgtests.icore.common.entities.dll" id="f89441ee-9d83-4bd7-a56b-52e8ad63466d">
      <TestCategory>
        <TestCategoryItem TestCategory="Entities" />
        <TestCategoryItem TestCategory="SystemIntegration" />
      </TestCategory>
      <Execution id="82ebc881-31ea-49d9-9ea8-ce8a607efc05" />
      <TestMethod codeBase="F:\ETWork\bin\Tests\SysIntgTests.iCore.Common.Entities.dll" adapterTypeName="Microsoft.VisualStudio.TestTools.TestTypes.Unit.UnitTestAdapter" className="SysIntgTests.iCore.Common.Entities.EventTypeTests" name="GetNameById_KnownEventTypeId_ReturnsCorrectName (Data Row 5)" />
    </UnitTest>
    <UnitTest name="GetNameById_KnownEventTypeId_ReturnsCorrectName (Data Row 6)" storage="f:\etwork\bin\tests\sysintgtests.icore.common.entities.dll" id="eee13e3f-3b1d-4b46-9852-895198e0d799">
      <TestCategory>
        <TestCategoryItem TestCategory="Entities" />
        <TestCategoryItem TestCategory="SystemIntegration" />
      </TestCategory>
      <Execution id="aec63487-a0ba-42c8-8b1b-a6f25ee470b8" />
      <TestMethod codeBase="F:\ETWork\bin\Tests\SysIntgTests.iCore.Common.Entities.dll" adapterTypeName="Microsoft.VisualStudio.TestTools.TestTypes.Unit.UnitTestAdapter" className="SysIntgTests.iCore.Common.Entities.EventTypeTests" name="GetNameById_KnownEventTypeId_ReturnsCorrectName (Data Row 6)" />
    </UnitTest>
    <UnitTest name="GetNameById_KnownEventTypeId_ReturnsCorrectName (Data Row 7)" storage="f:\etwork\bin\tests\sysintgtests.icore.common.entities.dll" id="c608fa0e-0dc7-4d32-86b6-3d9352db840c">
      <TestCategory>
        <TestCategoryItem TestCategory="Entities" />
        <TestCategoryItem TestCategory="SystemIntegration" />
      </TestCategory>
      <Execution id="fdf6ea79-de90-422b-838b-08ab7ef78026" />
      <TestMethod codeBase="F:\ETWork\bin\Tests\SysIntgTests.iCore.Common.Entities.dll" adapterTypeName="Microsoft.VisualStudio.TestTools.TestTypes.Unit.UnitTestAdapter" className="SysIntgTests.iCore.Common.Entities.EventTypeTests" name="GetNameById_KnownEventTypeId_ReturnsCorrectName (Data Row 7)" />
    </UnitTest>
    <UnitTest name="Delete_UnusedEventType_SuccessfullyDeletesEventType" storage="f:\etwork\bin\tests\sysintgtests.icore.common.entities.dll" id="11385e8b-1732-da41-eb9d-1b71d55feeab">
      <TestCategory>
        <TestCategoryItem TestCategory="Entities" />
        <TestCategoryItem TestCategory="SystemIntegration" />
      </TestCategory>
      <Execution id="4b96513f-14a7-4b4b-8058-f15be1469d66" />
      <TestMethod codeBase="F:\ETWork\bin\Tests\SysIntgTests.iCore.Common.Entities.dll" adapterTypeName="Microsoft.VisualStudio.TestTools.TestTypes.Unit.UnitTestAdapter" className="SysIntgTests.iCore.Common.Entities.EventTypeTests" name="Delete_UnusedEventType_SuccessfullyDeletesEventType" />
    </UnitTest>
    <UnitTest name="Delete_NonDeletableEventType_Throws" storage="f:\etwork\bin\tests\sysintgtests.icore.common.entities.dll" id="81030529-e882-1dda-e01e-07f79523e18a">
      <TestCategory>
        <TestCategoryItem TestCategory="Entities" />
        <TestCategoryItem TestCategory="SystemIntegration" />
      </TestCategory>
      <Execution id="de4afcbe-0f8f-4b7e-930a-4d62b1cac486" />
      <TestMethod codeBase="F:\ETWork\bin\Tests\SysIntgTests.iCore.Common.Entities.dll" adapterTypeName="Microsoft.VisualStudio.TestTools.TestTypes.Unit.UnitTestAdapter" className="SysIntgTests.iCore.Common.Entities.EventTypeTests" name="Delete_NonDeletableEventType_Throws" />
    </UnitTest>
    <UnitTest name="Delete_WithCascade_DispatchedJobExist_ThrowsEntityDependencyException" storage="f:\etwork\bin\tests\sysintgtests.icore.common.entities.dll" id="dc281fc6-65f9-9998-deb4-a43f78dd1b65">
      <TestCategory>
        <TestCategoryItem TestCategory="Entities" />
        <TestCategoryItem TestCategory="SystemIntegration" />
      </TestCategory>
      <Execution id="850a4262-1c40-4013-aae2-44ae34a48377" />
      <TestMethod codeBase="F:\ETWork\bin\Tests\SysIntgTests.iCore.Common.Entities.dll" adapterTypeName="Microsoft.VisualStudio.TestTools.TestTypes.Unit.UnitTestAdapter" className="SysIntgTests.iCore.Common.Entities.EventTypeTests" name="Delete_WithCascade_DispatchedJobExist_ThrowsEntityDependencyException" />
    </UnitTest>
    <UnitTest name="Delete_WithCascade_StartPendingJobExist_ThrowsEntityDependencyException" storage="f:\etwork\bin\tests\sysintgtests.icore.common.entities.dll" id="2b82fe61-8964-32ea-17fe-de52cadbe681">
      <TestCategory>
        <TestCategoryItem TestCategory="Entities" />
        <TestCategoryItem TestCategory="SystemIntegration" />
      </TestCategory>
      <Execution id="5bc93458-9513-4c76-ba57-8aeae84b5a5b" />
      <TestMethod codeBase="F:\ETWork\bin\Tests\SysIntgTests.iCore.Common.Entities.dll" adapterTypeName="Microsoft.VisualStudio.TestTools.TestTypes.Unit.UnitTestAdapter" className="SysIntgTests.iCore.Common.Entities.EventTypeTests" name="Delete_WithCascade_StartPendingJobExist_ThrowsEntityDependencyException" />
    </UnitTest>
    <UnitTest name="Delete_WithCascade_RunningJobExist_ThrowsEntityDependencyException" storage="f:\etwork\bin\tests\sysintgtests.icore.common.entities.dll" id="7e2792ca-54ce-c406-189a-80b273f84840">
      <TestCategory>
        <TestCategoryItem TestCategory="Entities" />
        <TestCategoryItem TestCategory="SystemIntegration" />
      </TestCategory>
      <Execution id="ec652004-b4a9-4579-8466-2ecffb4eae3d" />
      <TestMethod codeBase="F:\ETWork\bin\Tests\SysIntgTests.iCore.Common.Entities.dll" adapterTypeName="Microsoft.VisualStudio.TestTools.TestTypes.Unit.UnitTestAdapter" className="SysIntgTests.iCore.Common.Entities.EventTypeTests" name="Delete_WithCascade_RunningJobExist_ThrowsEntityDependencyException" />
    </UnitTest>
    <UnitTest name="Delete_WithCascade_SucceededJobExist_Succeeds" storage="f:\etwork\bin\tests\sysintgtests.icore.common.entities.dll" id="dacacbd4-0f04-9d77-42c1-048a5159c849">
      <TestCategory>
        <TestCategoryItem TestCategory="Entities" />
        <TestCategoryItem TestCategory="SystemIntegration" />
      </TestCategory>
      <Execution id="c39a426a-758e-4b31-82e0-2f8673f165fa" />
      <TestMethod codeBase="F:\ETWork\bin\Tests\SysIntgTests.iCore.Common.Entities.dll" adapterTypeName="Microsoft.VisualStudio.TestTools.TestTypes.Unit.UnitTestAdapter" className="SysIntgTests.iCore.Common.Entities.EventTypeTests" name="Delete_WithCascade_SucceededJobExist_Succeeds" />
    </UnitTest>
    <UnitTest name="Delete_WithCascade_EventHandlerNonDeletable_Fails" storage="f:\etwork\bin\tests\sysintgtests.icore.common.entities.dll" id="26b7698c-e51e-b48a-73f1-add538a80d7f">
      <TestCategory>
        <TestCategoryItem TestCategory="Entities" />
        <TestCategoryItem TestCategory="SystemIntegration" />
      </TestCategory>
      <Execution id="8459e16e-a716-4f78-a624-f152558de5c6" />
      <TestMethod codeBase="F:\ETWork\bin\Tests\SysIntgTests.iCore.Common.Entities.dll" adapterTypeName="Microsoft.VisualStudio.TestTools.TestTypes.Unit.UnitTestAdapter" className="SysIntgTests.iCore.Common.Entities.EventTypeTests" name="Delete_WithCascade_EventHandlerNonDeletable_Fails" />
    </UnitTest>
    <UnitTest name="Add_NullName_ThrowsConditionalErrorException" storage="f:\etwork\bin\tests\sysintgtests.icore.common.entities.dll" id="46e5a0ac-d7f1-fcb6-2cfe-1dbb7f691155">
      <TestCategory>
        <TestCategoryItem TestCategory="Entities" />
        <TestCategoryItem TestCategory="SystemIntegration" />
      </TestCategory>
      <Execution id="5ec85230-5794-4512-aa65-100121b9757f" />
      <TestMethod codeBase="F:\ETWork\bin\Tests\SysIntgTests.iCore.Common.Entities.dll" adapterTypeName="Microsoft.VisualStudio.TestTools.TestTypes.Unit.UnitTestAdapter" className="SysIntgTests.iCore.Common.Entities.EventTypeTests" name="Add_NullName_ThrowsConditionalErrorException" />
    </UnitTest>
    <UnitTest name="Add_EmptyName_ThrowsStringLengthErrorException" storage="f:\etwork\bin\tests\sysintgtests.icore.common.entities.dll" id="6a0e2970-0b77-cfc1-2621-b98b75b317a9">
      <TestCategory>
        <TestCategoryItem TestCategory="Entities" />
        <TestCategoryItem TestCategory="SystemIntegration" />
      </TestCategory>
      <Execution id="b279fe90-aeb8-4a6c-91da-3c01552d4cbb" />
      <TestMethod codeBase="F:\ETWork\bin\Tests\SysIntgTests.iCore.Common.Entities.dll" adapterTypeName="Microsoft.VisualStudio.TestTools.TestTypes.Unit.UnitTestAdapter" className="SysIntgTests.iCore.Common.Entities.EventTypeTests" name="Add_EmptyName_ThrowsStringLengthErrorException" />
    </UnitTest>
    <UnitTest name="Add_WhiteSpaceOnlyName_ThrowsStringLengthErrorException" storage="f:\etwork\bin\tests\sysintgtests.icore.common.entities.dll" id="d9b9b773-2181-eee5-3370-53b03a87d29c">
      <TestCategory>
        <TestCategoryItem TestCategory="Entities" />
        <TestCategoryItem TestCategory="SystemIntegration" />
      </TestCategory>
      <Execution id="82c09e29-5ee7-42cb-bcef-9923c1bb04ca" />
      <TestMethod codeBase="F:\ETWork\bin\Tests\SysIntgTests.iCore.Common.Entities.dll" adapterTypeName="Microsoft.VisualStudio.TestTools.TestTypes.Unit.UnitTestAdapter" className="SysIntgTests.iCore.Common.Entities.EventTypeTests" name="Add_WhiteSpaceOnlyName_ThrowsStringLengthErrorException" />
    </UnitTest>
    <UnitTest name="Add_TooLongName_ThrowsStringLengthErrorException" storage="f:\etwork\bin\tests\sysintgtests.icore.common.entities.dll" id="c0878ae8-ca1a-fe7d-008b-c72d8e5feeeb">
      <TestCategory>
        <TestCategoryItem TestCategory="Entities" />
        <TestCategoryItem TestCategory="SystemIntegration" />
      </TestCategory>
      <Execution id="d01c2ebd-009c-4154-9416-ea6b19aa3f28" />
      <TestMethod codeBase="F:\ETWork\bin\Tests\SysIntgTests.iCore.Common.Entities.dll" adapterTypeName="Microsoft.VisualStudio.TestTools.TestTypes.Unit.UnitTestAdapter" className="SysIntgTests.iCore.Common.Entities.EventTypeTests" name="Add_TooLongName_ThrowsStringLengthErrorException" />
    </UnitTest>
    <UnitTest name="Add_LongDescription_Succeeds" storage="f:\etwork\bin\tests\sysintgtests.icore.common.entities.dll" id="13daa352-e296-356e-f9a7-e91afce9eb3d">
      <TestCategory>
        <TestCategoryItem TestCategory="Entities" />
        <TestCategoryItem TestCategory="SystemIntegration" />
      </TestCategory>
      <Execution id="91d5421a-01e2-4789-b8e2-6e964e200380" />
      <TestMethod codeBase="F:\ETWork\bin\Tests\SysIntgTests.iCore.Common.Entities.dll" adapterTypeName="Microsoft.VisualStudio.TestTools.TestTypes.Unit.UnitTestAdapter" className="SysIntgTests.iCore.Common.Entities.EventTypeTests" name="Add_LongDescription_Succeeds" />
    </UnitTest>
    <UnitTest name="Add_ValidProperties_IdAndTimesAreUpdatedCorrectly" storage="f:\etwork\bin\tests\sysintgtests.icore.common.entities.dll" id="e474e71c-a04b-2375-cfdc-4bad936e4152">
      <TestCategory>
        <TestCategoryItem TestCategory="Entities" />
        <TestCategoryItem TestCategory="SystemIntegration" />
      </TestCategory>
      <Execution id="a1ca6c23-ad8b-4f66-b696-2f3e5104c70d" />
      <TestMethod codeBase="F:\ETWork\bin\Tests\SysIntgTests.iCore.Common.Entities.dll" adapterTypeName="Microsoft.VisualStudio.TestTools.TestTypes.Unit.UnitTestAdapter" className="SysIntgTests.iCore.Common.Entities.EventTypeTests" name="Add_ValidProperties_IdAndTimesAreUpdatedCorrectly" />
    </UnitTest>
    <UnitTest name="Add_ComplexProperties_ArePersistedCorrectly" storage="f:\etwork\bin\tests\sysintgtests.icore.common.entities.dll" id="36bd4512-dbe4-8c39-5005-d6e909c11db8">
      <TestCategory>
        <TestCategoryItem TestCategory="Entities" />
        <TestCategoryItem TestCategory="SystemIntegration" />
      </TestCategory>
      <Execution id="f9471402-9274-4f84-a55c-23f2dc6ecd0c" />
      <TestMethod codeBase="F:\ETWork\bin\Tests\SysIntgTests.iCore.Common.Entities.dll" adapterTypeName="Microsoft.VisualStudio.TestTools.TestTypes.Unit.UnitTestAdapter" className="SysIntgTests.iCore.Common.Entities.EventTypeTests" name="Add_ComplexProperties_ArePersistedCorrectly" />
    </UnitTest>
    <UnitTest name="Add_DuplicateName_ThrowsUniqueValueAddConflictException" storage="f:\etwork\bin\tests\sysintgtests.icore.common.entities.dll" id="d73fc377-ccdc-0bb2-1c2c-17840ed29b83">
      <TestCategory>
        <TestCategoryItem TestCategory="Entities" />
        <TestCategoryItem TestCategory="SystemIntegration" />
      </TestCategory>
      <Execution id="c274aff8-5ef5-4478-bc20-c841901d4a38" />
      <TestMethod codeBase="F:\ETWork\bin\Tests\SysIntgTests.iCore.Common.Entities.dll" adapterTypeName="Microsoft.VisualStudio.TestTools.TestTypes.Unit.UnitTestAdapter" className="SysIntgTests.iCore.Common.Entities.EventTypeTests" name="Add_DuplicateName_ThrowsUniqueValueAddConflictException" />
    </UnitTest>
    <UnitTest name="Update_NullName_ThrowsConditionalErrorException" storage="f:\etwork\bin\tests\sysintgtests.icore.common.entities.dll" id="024c1f79-2463-a15b-02b3-b7e447151ffc">
      <TestCategory>
        <TestCategoryItem TestCategory="Entities" />
        <TestCategoryItem TestCategory="SystemIntegration" />
      </TestCategory>
      <Execution id="4cfb8576-62e5-40db-92e9-8db99b7d0fe7" />
      <TestMethod codeBase="F:\ETWork\bin\Tests\SysIntgTests.iCore.Common.Entities.dll" adapterTypeName="Microsoft.VisualStudio.TestTools.TestTypes.Unit.UnitTestAdapter" className="SysIntgTests.iCore.Common.Entities.EventTypeTests" name="Update_NullName_ThrowsConditionalErrorException" />
    </UnitTest>
    <UnitTest name="Update_EmtpyName_ThrowsStringLengthErrorException" storage="f:\etwork\bin\tests\sysintgtests.icore.common.entities.dll" id="40ee407a-447f-66d3-bb74-7527ac3b4d3f">
      <TestCategory>
        <TestCategoryItem TestCategory="Entities" />
        <TestCategoryItem TestCategory="SystemIntegration" />
      </TestCategory>
      <Execution id="8cfbe3c5-7e9c-46c2-a206-3784c4436a08" />
      <TestMethod codeBase="F:\ETWork\bin\Tests\SysIntgTests.iCore.Common.Entities.dll" adapterTypeName="Microsoft.VisualStudio.TestTools.TestTypes.Unit.UnitTestAdapter" className="SysIntgTests.iCore.Common.Entities.EventTypeTests" name="Update_EmtpyName_ThrowsStringLengthErrorException" />
    </UnitTest>
    <UnitTest name="Update_WhitespaceOnlyName_ThrowsStringLengthErrorException" storage="f:\etwork\bin\tests\sysintgtests.icore.common.entities.dll" id="c477d382-fc2f-ab70-8617-184e7d45db12">
      <TestCategory>
        <TestCategoryItem TestCategory="Entities" />
        <TestCategoryItem TestCategory="SystemIntegration" />
      </TestCategory>
      <Execution id="5229fc33-221b-4db4-982c-a077bf495062" />
      <TestMethod codeBase="F:\ETWork\bin\Tests\SysIntgTests.iCore.Common.Entities.dll" adapterTypeName="Microsoft.VisualStudio.TestTools.TestTypes.Unit.UnitTestAdapter" className="SysIntgTests.iCore.Common.Entities.EventTypeTests" name="Update_WhitespaceOnlyName_ThrowsStringLengthErrorException" />
    </UnitTest>
    <UnitTest name="Update_TooLongName_ThrowsStringLengthErrorException" storage="f:\etwork\bin\tests\sysintgtests.icore.common.entities.dll" id="50872818-320d-1de3-c9ef-5f5cffa671c2">
      <TestCategory>
        <TestCategoryItem TestCategory="Entities" />
        <TestCategoryItem TestCategory="SystemIntegration" />
      </TestCategory>
      <Execution id="630f47b7-2d81-429a-b261-492bef0eec63" />
      <TestMethod codeBase="F:\ETWork\bin\Tests\SysIntgTests.iCore.Common.Entities.dll" adapterTypeName="Microsoft.VisualStudio.TestTools.TestTypes.Unit.UnitTestAdapter" className="SysIntgTests.iCore.Common.Entities.EventTypeTests" name="Update_TooLongName_ThrowsStringLengthErrorException" />
    </UnitTest>
    <UnitTest name="Update_LongDescription_Succeeds" storage="f:\etwork\bin\tests\sysintgtests.icore.common.entities.dll" id="8d9ad162-b608-59dd-c93a-63803939c7bb">
      <TestCategory>
        <TestCategoryItem TestCategory="Entities" />
        <TestCategoryItem TestCategory="SystemIntegration" />
      </TestCategory>
      <Execution id="be0a7d28-9d10-4733-a61c-1275c245b771" />
      <TestMethod codeBase="F:\ETWork\bin\Tests\SysIntgTests.iCore.Common.Entities.dll" adapterTypeName="Microsoft.VisualStudio.TestTools.TestTypes.Unit.UnitTestAdapter" className="SysIntgTests.iCore.Common.Entities.EventTypeTests" name="Update_LongDescription_Succeeds" />
    </UnitTest>
    <UnitTest name="Update_DuplicateName_ThrowsUniqueValueAddConflictException" storage="f:\etwork\bin\tests\sysintgtests.icore.common.entities.dll" id="807b0bfd-771e-6fce-3faf-f3443d50ebc7">
      <TestCategory>
        <TestCategoryItem TestCategory="Entities" />
        <TestCategoryItem TestCategory="SystemIntegration" />
      </TestCategory>
      <Execution id="ee20019e-86cf-4dfb-b1d2-6e1e24fc239c" />
      <TestMethod codeBase="F:\ETWork\bin\Tests\SysIntgTests.iCore.Common.Entities.dll" adapterTypeName="Microsoft.VisualStudio.TestTools.TestTypes.Unit.UnitTestAdapter" className="SysIntgTests.iCore.Common.Entities.EventTypeTests" name="Update_DuplicateName_ThrowsUniqueValueAddConflictException" />
    </UnitTest>
    <UnitTest name="Update_ComplexProperties_ArePersistedCorrectly" storage="f:\etwork\bin\tests\sysintgtests.icore.common.entities.dll" id="515e33f4-7287-ec4b-c145-15da90521c0a">
      <TestCategory>
        <TestCategoryItem TestCategory="Entities" />
        <TestCategoryItem TestCategory="SystemIntegration" />
      </TestCategory>
      <Execution id="1290de35-7265-4587-91ec-2c3c3fd64020" />
      <TestMethod codeBase="F:\ETWork\bin\Tests\SysIntgTests.iCore.Common.Entities.dll" adapterTypeName="Microsoft.VisualStudio.TestTools.TestTypes.Unit.UnitTestAdapter" className="SysIntgTests.iCore.Common.Entities.EventTypeTests" name="Update_ComplexProperties_ArePersistedCorrectly" />
    </UnitTest>
    <UnitTest name="Update_UnchangedName_Succeeds" storage="f:\etwork\bin\tests\sysintgtests.icore.common.entities.dll" id="53257d6d-b1a3-12ae-3a4b-f663b4463fdd">
      <TestCategory>
        <TestCategoryItem TestCategory="Entities" />
        <TestCategoryItem TestCategory="SystemIntegration" />
      </TestCategory>
      <Execution id="98d2806b-de42-4eda-ac2f-be4984e3a2f6" />
      <TestMethod codeBase="F:\ETWork\bin\Tests\SysIntgTests.iCore.Common.Entities.dll" adapterTypeName="Microsoft.VisualStudio.TestTools.TestTypes.Unit.UnitTestAdapter" className="SysIntgTests.iCore.Common.Entities.EventTypeTests" name="Update_UnchangedName_Succeeds" />
    </UnitTest>
    <UnitTest name="DeleteCrossReferenceValue_CorrectArgumentsAndNoKey2_ValueDeleted" storage="f:\etwork\bin\tests\sysintgtests.icore.common.entities.dll" id="dc6d4e82-21c0-9ee3-a76c-995d95abe25e">
      <Execution id="8569a98e-2df4-4775-a2a4-3f45e1d6f987" />
      <TestMethod codeBase="F:\ETWork\bin\Tests\SysIntgTests.iCore.Common.Entities.dll" adapterTypeName="Microsoft.VisualStudio.TestTools.TestTypes.Unit.UnitTestAdapter" className="SysIntgTests.iCore.Common.Entities.CrossReferenceTableTests" name="DeleteCrossReferenceValue_CorrectArgumentsAndNoKey2_ValueDeleted" />
    </UnitTest>
    <UnitTest name="DeleteCrossReferenceValue_ValueDoesNotExist_NoException" storage="f:\etwork\bin\tests\sysintgtests.icore.common.entities.dll" id="eca0ea3e-f3b4-5814-cf09-694ab39eb559">
      <Execution id="46bfb2ba-7282-4876-99a3-0e393a8d3c18" />
      <TestMethod codeBase="F:\ETWork\bin\Tests\SysIntgTests.iCore.Common.Entities.dll" adapterTypeName="Microsoft.VisualStudio.TestTools.TestTypes.Unit.UnitTestAdapter" className="SysIntgTests.iCore.Common.Entities.CrossReferenceTableTests" name="DeleteCrossReferenceValue_ValueDoesNotExist_NoException" />
    </UnitTest>
    <UnitTest name="DeleteCrossReferenceValue_ValueDoesNotExist_ModifiedDateUnchanged" storage="f:\etwork\bin\tests\sysintgtests.icore.common.entities.dll" id="cdbc11a2-81f3-f96d-0063-30251959ef12">
      <Execution id="3a057011-5ed8-49e4-8d64-5c628a0271ad" />
      <TestMethod codeBase="F:\ETWork\bin\Tests\SysIntgTests.iCore.Common.Entities.dll" adapterTypeName="Microsoft.VisualStudio.TestTools.TestTypes.Unit.UnitTestAdapter" className="SysIntgTests.iCore.Common.Entities.CrossReferenceTableTests" name="DeleteCrossReferenceValue_ValueDoesNotExist_ModifiedDateUnchanged" />
    </UnitTest>
    <UnitTest name="RepositoryEntityTypeId_ReturnsCrossReferenceTable" storage="f:\etwork\bin\tests\sysintgtests.icore.common.entities.dll" id="1a566103-a454-7f04-6ebf-cb073fc12d1d">
      <TestCategory>
        <TestCategoryItem TestCategory="Entities" />
        <TestCategoryItem TestCategory="SystemIntegration" />
      </TestCategory>
      <Execution id="a15cc47a-46ef-495e-8048-805954605c67" />
      <TestMethod codeBase="F:\ETWork\bin\Tests\SysIntgTests.iCore.Common.Entities.dll" adapterTypeName="Microsoft.VisualStudio.TestTools.TestTypes.Unit.UnitTestAdapter" className="SysIntgTests.iCore.Common.Entities.CrossReferenceTableTests" name="RepositoryEntityTypeId_ReturnsCrossReferenceTable" />
    </UnitTest>
    <UnitTest name="RepositoryEntityType_ReturnsICrossReferenceTable" storage="f:\etwork\bin\tests\sysintgtests.icore.common.entities.dll" id="7b8d623e-cd24-421c-a147-563a574b5ced">
      <TestCategory>
        <TestCategoryItem TestCategory="Entities" />
        <TestCategoryItem TestCategory="SystemIntegration" />
      </TestCategory>
      <Execution id="fdcbf55e-40b4-4385-aa62-27bf7b3d1822" />
      <TestMethod codeBase="F:\ETWork\bin\Tests\SysIntgTests.iCore.Common.Entities.dll" adapterTypeName="Microsoft.VisualStudio.TestTools.TestTypes.Unit.UnitTestAdapter" className="SysIntgTests.iCore.Common.Entities.CrossReferenceTableTests" name="RepositoryEntityType_ReturnsICrossReferenceTable" />
    </UnitTest>
    <UnitTest name="RepositorySystemContext_MatchesActualSystemContext" storage="f:\etwork\bin\tests\sysintgtests.icore.common.entities.dll" id="b5e7afca-267b-693c-7118-e374b4e4c0b5">
      <TestCategory>
        <TestCategoryItem TestCategory="Entities" />
        <TestCategoryItem TestCategory="SystemIntegration" />
      </TestCategory>
      <Execution id="92b0b315-369f-4313-8283-2d2536c83c9d" />
      <TestMethod codeBase="F:\ETWork\bin\Tests\SysIntgTests.iCore.Common.Entities.dll" adapterTypeName="Microsoft.VisualStudio.TestTools.TestTypes.Unit.UnitTestAdapter" className="SysIntgTests.iCore.Common.Entities.CrossReferenceTableTests" name="RepositorySystemContext_MatchesActualSystemContext" />
    </UnitTest>
    <UnitTest name="Exists_NodeTypeVersionKey_ThrowsArgumentException" storage="f:\etwork\bin\tests\sysintgtests.icore.common.entities.dll" id="eefdb931-5236-f6e8-d93b-f05b8d03e8ed">
      <TestCategory>
        <TestCategoryItem TestCategory="Entities" />
        <TestCategoryItem TestCategory="SystemIntegration" />
      </TestCategory>
      <Execution id="cce7de06-3c31-4a2e-b11b-d19c13a73979" />
      <TestMethod codeBase="F:\ETWork\bin\Tests\SysIntgTests.iCore.Common.Entities.dll" adapterTypeName="Microsoft.VisualStudio.TestTools.TestTypes.Unit.UnitTestAdapter" className="SysIntgTests.iCore.Common.Entities.CrossReferenceTableTests" name="Exists_NodeTypeVersionKey_ThrowsArgumentException" />
    </UnitTest>
    <UnitTest name="Exists_KnownCrossReferenceTableKey_ReturnsTrue (Data Row 0)" storage="f:\etwork\bin\tests\sysintgtests.icore.common.entities.dll" id="fd1adb6d-e84e-45c7-aff7-040fb24a72f1">
      <TestCategory>
        <TestCategoryItem TestCategory="Entities" />
        <TestCategoryItem TestCategory="SystemIntegration" />
      </TestCategory>
      <Execution id="1fc3d8c4-2424-4f2c-aa33-ae36e5246f56" />
      <TestMethod codeBase="F:\ETWork\bin\Tests\SysIntgTests.iCore.Common.Entities.dll" adapterTypeName="Microsoft.VisualStudio.TestTools.TestTypes.Unit.UnitTestAdapter" className="SysIntgTests.iCore.Common.Entities.CrossReferenceTableTests" name="Exists_KnownCrossReferenceTableKey_ReturnsTrue (Data Row 0)" />
    </UnitTest>
    <UnitTest name="Exists_KnownCrossReferenceTableKey_ReturnsTrue (Data Row 1)" storage="f:\etwork\bin\tests\sysintgtests.icore.common.entities.dll" id="062a8abc-c980-40f5-882a-98e40998ba5a">
      <TestCategory>
        <TestCategoryItem TestCategory="Entities" />
        <TestCategoryItem TestCategory="SystemIntegration" />
      </TestCategory>
      <Execution id="e84f020b-0e7b-47ab-9173-6c3d0ec8e98b" />
      <TestMethod codeBase="F:\ETWork\bin\Tests\SysIntgTests.iCore.Common.Entities.dll" adapterTypeName="Microsoft.VisualStudio.TestTools.TestTypes.Unit.UnitTestAdapter" className="SysIntgTests.iCore.Common.Entities.CrossReferenceTableTests" name="Exists_KnownCrossReferenceTableKey_ReturnsTrue (Data Row 1)" />
    </UnitTest>
    <UnitTest name="Exists_NonExistingCrossReferenceTableKey_ReturnsFalse" storage="f:\etwork\bin\tests\sysintgtests.icore.common.entities.dll" id="482464de-9300-ca81-7cf7-2b061d21e0de">
      <TestCategory>
        <TestCategoryItem TestCategory="Entities" />
        <TestCategoryItem TestCategory="SystemIntegration" />
      </TestCategory>
      <Execution id="f75e7fdf-7e58-4708-9033-2053a74e3a59" />
      <TestMethod codeBase="F:\ETWork\bin\Tests\SysIntgTests.iCore.Common.Entities.dll" adapterTypeName="Microsoft.VisualStudio.TestTools.TestTypes.Unit.UnitTestAdapter" className="SysIntgTests.iCore.Common.Entities.CrossReferenceTableTests" name="Exists_NonExistingCrossReferenceTableKey_ReturnsFalse" />
    </UnitTest>
    <UnitTest name="CreateInstance_CreatesNewCrossReferenceTable" storage="f:\etwork\bin\tests\sysintgtests.icore.common.entities.dll" id="388d3b2f-d49d-edb3-067c-e0e66687feaf">
      <Execution id="2967b49f-4ba7-44df-be40-b75544608f9b" />
      <TestMethod codeBase="F:\ETWork\bin\Tests\SysIntgTests.iCore.Common.Entities.dll" adapterTypeName="Microsoft.VisualStudio.TestTools.TestTypes.Unit.UnitTestAdapter" className="SysIntgTests.iCore.Common.Entities.CrossReferenceTableTests" name="CreateInstance_CreatesNewCrossReferenceTable" />
    </UnitTest>
    <UnitTest name="List_ContainsEachKnownCrossReferenceTableOnce (Data Row 0)" storage="f:\etwork\bin\tests\sysintgtests.icore.common.entities.dll" id="520356d3-0742-4719-b656-1621274a285a">
      <TestCategory>
        <TestCategoryItem TestCategory="Entities" />
        <TestCategoryItem TestCategory="SystemIntegration" />
      </TestCategory>
      <Execution id="965ee9f1-ef84-4aeb-9f50-6371c5c96d52" />
      <TestMethod codeBase="F:\ETWork\bin\Tests\SysIntgTests.iCore.Common.Entities.dll" adapterTypeName="Microsoft.VisualStudio.TestTools.TestTypes.Unit.UnitTestAdapter" className="SysIntgTests.iCore.Common.Entities.CrossReferenceTableTests" name="List_ContainsEachKnownCrossReferenceTableOnce (Data Row 0)" />
    </UnitTest>
    <UnitTest name="List_ContainsEachKnownCrossReferenceTableOnce (Data Row 1)" storage="f:\etwork\bin\tests\sysintgtests.icore.common.entities.dll" id="d80b1dee-ef53-4944-818e-9121a5dc9b2a">
      <TestCategory>
        <TestCategoryItem TestCategory="Entities" />
        <TestCategoryItem TestCategory="SystemIntegration" />
      </TestCategory>
      <Execution id="81bef5af-4b84-47ae-b249-70afee6a7177" />
      <TestMethod codeBase="F:\ETWork\bin\Tests\SysIntgTests.iCore.Common.Entities.dll" adapterTypeName="Microsoft.VisualStudio.TestTools.TestTypes.Unit.UnitTestAdapter" className="SysIntgTests.iCore.Common.Entities.CrossReferenceTableTests" name="List_ContainsEachKnownCrossReferenceTableOnce (Data Row 1)" />
    </UnitTest>
    <UnitTest name="List_ShouldSetSystemContextCorrectly" storage="f:\etwork\bin\tests\sysintgtests.icore.common.entities.dll" id="7c6c22a8-bce8-8ee0-f38f-04854ed6aa54">
      <TestCategory>
        <TestCategoryItem TestCategory="Entities" />
        <TestCategoryItem TestCategory="SystemIntegration" />
      </TestCategory>
      <Execution id="55d67ca9-71a3-4f27-b9eb-d68f35e6a5dd" />
      <TestMethod codeBase="F:\ETWork\bin\Tests\SysIntgTests.iCore.Common.Entities.dll" adapterTypeName="Microsoft.VisualStudio.TestTools.TestTypes.Unit.UnitTestAdapter" className="SysIntgTests.iCore.Common.Entities.CrossReferenceTableTests" name="List_ShouldSetSystemContextCorrectly" />
    </UnitTest>
    <UnitTest name="GetByKey_NewGuid_ThrowsEntityNotFoundException" storage="f:\etwork\bin\tests\sysintgtests.icore.common.entities.dll" id="5e643520-3e2a-e6fb-2984-644c023d7d0b">
      <TestCategory>
        <TestCategoryItem TestCategory="Entities" />
        <TestCategoryItem TestCategory="SystemIntegration" />
      </TestCategory>
      <Execution id="ac07f9b2-dee7-4bbf-8f2a-efd38553229e" />
      <TestMethod codeBase="F:\ETWork\bin\Tests\SysIntgTests.iCore.Common.Entities.dll" adapterTypeName="Microsoft.VisualStudio.TestTools.TestTypes.Unit.UnitTestAdapter" className="SysIntgTests.iCore.Common.Entities.CrossReferenceTableTests" name="GetByKey_NewGuid_ThrowsEntityNotFoundException" />
    </UnitTest>
    <UnitTest name="GetByKey_KnownCrossReferenceTableKey_ReturnsEntityWithCorrectProperties (Data Row 0)" storage="f:\etwork\bin\tests\sysintgtests.icore.common.entities.dll" id="f7fdc83e-d75f-4ccc-aa7a-73c5ba8e6485">
      <TestCategory>
        <TestCategoryItem TestCategory="Entities" />
        <TestCategoryItem TestCategory="SystemIntegration" />
      </TestCategory>
      <Execution id="baa77c95-3612-4086-819b-516218fc03fc" />
      <TestMethod codeBase="F:\ETWork\bin\Tests\SysIntgTests.iCore.Common.Entities.dll" adapterTypeName="Microsoft.VisualStudio.TestTools.TestTypes.Unit.UnitTestAdapter" className="SysIntgTests.iCore.Common.Entities.CrossReferenceTableTests" name="GetByKey_KnownCrossReferenceTableKey_ReturnsEntityWithCorrectProperties (Data Row 0)" />
    </UnitTest>
    <UnitTest name="GetByKey_KnownCrossReferenceTableKey_ReturnsEntityWithCorrectProperties (Data Row 1)" storage="f:\etwork\bin\tests\sysintgtests.icore.common.entities.dll" id="0c24a68e-88dd-4fbd-83b2-f4c88e09d38d">
      <TestCategory>
        <TestCategoryItem TestCategory="Entities" />
        <TestCategoryItem TestCategory="SystemIntegration" />
      </TestCategory>
      <Execution id="0180f88b-8908-4ca8-8604-4e88b5c5cb9a" />
      <TestMethod codeBase="F:\ETWork\bin\Tests\SysIntgTests.iCore.Common.Entities.dll" adapterTypeName="Microsoft.VisualStudio.TestTools.TestTypes.Unit.UnitTestAdapter" className="SysIntgTests.iCore.Common.Entities.CrossReferenceTableTests" name="GetByKey_KnownCrossReferenceTableKey_ReturnsEntityWithCorrectProperties (Data Row 1)" />
    </UnitTest>
    <UnitTest name="GetByKey_UnsupportedKey_ThrowsArgumentException" storage="f:\etwork\bin\tests\sysintgtests.icore.common.entities.dll" id="ddafb73b-d015-a7ef-ba89-2308a660c669">
      <TestCategory>
        <TestCategoryItem TestCategory="Entities" />
        <TestCategoryItem TestCategory="SystemIntegration" />
      </TestCategory>
      <Execution id="842d2e8f-a522-49f3-8890-b0c062010fbc" />
      <TestMethod codeBase="F:\ETWork\bin\Tests\SysIntgTests.iCore.Common.Entities.dll" adapterTypeName="Microsoft.VisualStudio.TestTools.TestTypes.Unit.UnitTestAdapter" className="SysIntgTests.iCore.Common.Entities.CrossReferenceTableTests" name="GetByKey_UnsupportedKey_ThrowsArgumentException" />
    </UnitTest>
    <UnitTest name="Add_NullName_ThrowsConditionalErrorException" storage="f:\etwork\bin\tests\sysintgtests.icore.common.entities.dll" id="bf221764-1037-2786-26a3-c30e2dd4e6c4">
      <TestCategory>
        <TestCategoryItem TestCategory="Entities" />
        <TestCategoryItem TestCategory="SystemIntegration" />
      </TestCategory>
      <Execution id="444c8497-5cb8-4a13-8aa8-bcd3d8705d6b" />
      <TestMethod codeBase="F:\ETWork\bin\Tests\SysIntgTests.iCore.Common.Entities.dll" adapterTypeName="Microsoft.VisualStudio.TestTools.TestTypes.Unit.UnitTestAdapter" className="SysIntgTests.iCore.Common.Entities.CrossReferenceTableTests" name="Add_NullName_ThrowsConditionalErrorException" />
    </UnitTest>
    <UnitTest name="Add_EmptyName_ThrowsStringLengthErrorException" storage="f:\etwork\bin\tests\sysintgtests.icore.common.entities.dll" id="794010e2-0baf-c073-847a-5773b36a4f32">
      <TestCategory>
        <TestCategoryItem TestCategory="Entities" />
        <TestCategoryItem TestCategory="SystemIntegration" />
      </TestCategory>
      <Execution id="687c4484-c679-476c-823a-e870d76809d3" />
      <TestMethod codeBase="F:\ETWork\bin\Tests\SysIntgTests.iCore.Common.Entities.dll" adapterTypeName="Microsoft.VisualStudio.TestTools.TestTypes.Unit.UnitTestAdapter" className="SysIntgTests.iCore.Common.Entities.CrossReferenceTableTests" name="Add_EmptyName_ThrowsStringLengthErrorException" />
    </UnitTest>
    <UnitTest name="Add_WhiteSpaceOnlyName_ThrowsStringLengthErrorException" storage="f:\etwork\bin\tests\sysintgtests.icore.common.entities.dll" id="b7b96655-4213-062e-3537-c3b1effe7118">
      <TestCategory>
        <TestCategoryItem TestCategory="Entities" />
        <TestCategoryItem TestCategory="SystemIntegration" />
      </TestCategory>
      <Execution id="3194cb8f-9eb1-473b-8a12-3eaf149c3e2a" />
      <TestMethod codeBase="F:\ETWork\bin\Tests\SysIntgTests.iCore.Common.Entities.dll" adapterTypeName="Microsoft.VisualStudio.TestTools.TestTypes.Unit.UnitTestAdapter" className="SysIntgTests.iCore.Common.Entities.CrossReferenceTableTests" name="Add_WhiteSpaceOnlyName_ThrowsStringLengthErrorException" />
    </UnitTest>
    <UnitTest name="Add_TooLongName_ThrowsStringLengthErrorException" storage="f:\etwork\bin\tests\sysintgtests.icore.common.entities.dll" id="4b5bdf2a-ac1d-b3c7-c302-4dcf53dbe21a">
      <TestCategory>
        <TestCategoryItem TestCategory="Entities" />
        <TestCategoryItem TestCategory="SystemIntegration" />
      </TestCategory>
      <Execution id="e59a3c18-bead-4825-9c01-b5a0094d07d4" />
      <TestMethod codeBase="F:\ETWork\bin\Tests\SysIntgTests.iCore.Common.Entities.dll" adapterTypeName="Microsoft.VisualStudio.TestTools.TestTypes.Unit.UnitTestAdapter" className="SysIntgTests.iCore.Common.Entities.CrossReferenceTableTests" name="Add_TooLongName_ThrowsStringLengthErrorException" />
    </UnitTest>
    <UnitTest name="Add_LongDescription_Succeeds" storage="f:\etwork\bin\tests\sysintgtests.icore.common.entities.dll" id="9c83e6d0-b240-c4f0-4c00-26d8896d3f54">
      <TestCategory>
        <TestCategoryItem TestCategory="Entities" />
        <TestCategoryItem TestCategory="SystemIntegration" />
      </TestCategory>
      <Execution id="89df73d9-ff68-4801-b610-5e824963beed" />
      <TestMethod codeBase="F:\ETWork\bin\Tests\SysIntgTests.iCore.Common.Entities.dll" adapterTypeName="Microsoft.VisualStudio.TestTools.TestTypes.Unit.UnitTestAdapter" className="SysIntgTests.iCore.Common.Entities.CrossReferenceTableTests" name="Add_LongDescription_Succeeds" />
    </UnitTest>
    <UnitTest name="Add_ValidProperties_IdAndTimesAreUpdatedCorrectly" storage="f:\etwork\bin\tests\sysintgtests.icore.common.entities.dll" id="e9d3a776-598a-f167-1b6c-ec47f8096e61">
      <TestCategory>
        <TestCategoryItem TestCategory="Entities" />
        <TestCategoryItem TestCategory="SystemIntegration" />
      </TestCategory>
      <Execution id="ea119990-7da8-46fb-9830-5f0549832a06" />
      <TestMethod codeBase="F:\ETWork\bin\Tests\SysIntgTests.iCore.Common.Entities.dll" adapterTypeName="Microsoft.VisualStudio.TestTools.TestTypes.Unit.UnitTestAdapter" className="SysIntgTests.iCore.Common.Entities.CrossReferenceTableTests" name="Add_ValidProperties_IdAndTimesAreUpdatedCorrectly" />
    </UnitTest>
    <UnitTest name="Add_ComplexProperties_ArePersistedCorrectly" storage="f:\etwork\bin\tests\sysintgtests.icore.common.entities.dll" id="75a0240d-33e2-4f33-7215-0b7ad1360e8d">
      <TestCategory>
        <TestCategoryItem TestCategory="Entities" />
        <TestCategoryItem TestCategory="SystemIntegration" />
      </TestCategory>
      <Execution id="d47f4019-3045-4b8e-9ea5-6214d4d74f5e" />
      <TestMethod codeBase="F:\ETWork\bin\Tests\SysIntgTests.iCore.Common.Entities.dll" adapterTypeName="Microsoft.VisualStudio.TestTools.TestTypes.Unit.UnitTestAdapter" className="SysIntgTests.iCore.Common.Entities.CrossReferenceTableTests" name="Add_ComplexProperties_ArePersistedCorrectly" />
    </UnitTest>
    <UnitTest name="Add_DuplicateName_ThrowsUniqueValueAddConflictException" storage="f:\etwork\bin\tests\sysintgtests.icore.common.entities.dll" id="442b2641-4c35-6273-3f64-3b3b9ba2430d">
      <TestCategory>
        <TestCategoryItem TestCategory="Entities" />
        <TestCategoryItem TestCategory="SystemIntegration" />
      </TestCategory>
      <Execution id="092135db-e950-4408-aa08-cdf90b1899c0" />
      <TestMethod codeBase="F:\ETWork\bin\Tests\SysIntgTests.iCore.Common.Entities.dll" adapterTypeName="Microsoft.VisualStudio.TestTools.TestTypes.Unit.UnitTestAdapter" className="SysIntgTests.iCore.Common.Entities.CrossReferenceTableTests" name="Add_DuplicateName_ThrowsUniqueValueAddConflictException" />
    </UnitTest>
    <UnitTest name="Update_NullName_ThrowsConditionalErrorException" storage="f:\etwork\bin\tests\sysintgtests.icore.common.entities.dll" id="b6df1047-6315-7cea-5838-53c6729dacb6">
      <TestCategory>
        <TestCategoryItem TestCategory="Entities" />
        <TestCategoryItem TestCategory="SystemIntegration" />
      </TestCategory>
      <Execution id="3cf31d71-71c0-4cff-980f-145a7f26cd2d" />
      <TestMethod codeBase="F:\ETWork\bin\Tests\SysIntgTests.iCore.Common.Entities.dll" adapterTypeName="Microsoft.VisualStudio.TestTools.TestTypes.Unit.UnitTestAdapter" className="SysIntgTests.iCore.Common.Entities.CrossReferenceTableTests" name="Update_NullName_ThrowsConditionalErrorException" />
    </UnitTest>
    <UnitTest name="Update_EmtpyName_ThrowsStringLengthErrorException" storage="f:\etwork\bin\tests\sysintgtests.icore.common.entities.dll" id="96028340-8577-e77b-d1ec-62b9fbc86561">
      <TestCategory>
        <TestCategoryItem TestCategory="Entities" />
        <TestCategoryItem TestCategory="SystemIntegration" />
      </TestCategory>
      <Execution id="7611bbad-d321-426f-88f5-4c6b4b7213b6" />
      <TestMethod codeBase="F:\ETWork\bin\Tests\SysIntgTests.iCore.Common.Entities.dll" adapterTypeName="Microsoft.VisualStudio.TestTools.TestTypes.Unit.UnitTestAdapter" className="SysIntgTests.iCore.Common.Entities.CrossReferenceTableTests" name="Update_EmtpyName_ThrowsStringLengthErrorException" />
    </UnitTest>
    <UnitTest name="Update_WhitespaceOnlyName_ThrowsStringLengthErrorException" storage="f:\etwork\bin\tests\sysintgtests.icore.common.entities.dll" id="77bc7ac3-e29b-a870-c440-3fd742b550cb">
      <TestCategory>
        <TestCategoryItem TestCategory="Entities" />
        <TestCategoryItem TestCategory="SystemIntegration" />
      </TestCategory>
      <Execution id="c5484643-348a-489d-8f92-5ff1a701c795" />
      <TestMethod codeBase="F:\ETWork\bin\Tests\SysIntgTests.iCore.Common.Entities.dll" adapterTypeName="Microsoft.VisualStudio.TestTools.TestTypes.Unit.UnitTestAdapter" className="SysIntgTests.iCore.Common.Entities.CrossReferenceTableTests" name="Update_WhitespaceOnlyName_ThrowsStringLengthErrorException" />
    </UnitTest>
    <UnitTest name="Update_TooLongName_ThrowsStringLengthErrorException" storage="f:\etwork\bin\tests\sysintgtests.icore.common.entities.dll" id="2b065227-d04b-d6f2-167e-1d99b2ed943f">
      <TestCategory>
        <TestCategoryItem TestCategory="Entities" />
        <TestCategoryItem TestCategory="SystemIntegration" />
      </TestCategory>
      <Execution id="5fae97c6-c519-4321-bba8-255f53fd4022" />
      <TestMethod codeBase="F:\ETWork\bin\Tests\SysIntgTests.iCore.Common.Entities.dll" adapterTypeName="Microsoft.VisualStudio.TestTools.TestTypes.Unit.UnitTestAdapter" className="SysIntgTests.iCore.Common.Entities.CrossReferenceTableTests" name="Update_TooLongName_ThrowsStringLengthErrorException" />
    </UnitTest>
    <UnitTest name="Update_LongDescription_Succeeds" storage="f:\etwork\bin\tests\sysintgtests.icore.common.entities.dll" id="625788c2-e132-19a0-aeb0-25a6659935b4">
      <TestCategory>
        <TestCategoryItem TestCategory="Entities" />
        <TestCategoryItem TestCategory="SystemIntegration" />
      </TestCategory>
      <Execution id="b917bd7b-0662-4cf2-9c23-9e7a7db3e0eb" />
      <TestMethod codeBase="F:\ETWork\bin\Tests\SysIntgTests.iCore.Common.Entities.dll" adapterTypeName="Microsoft.VisualStudio.TestTools.TestTypes.Unit.UnitTestAdapter" className="SysIntgTests.iCore.Common.Entities.CrossReferenceTableTests" name="Update_LongDescription_Succeeds" />
    </UnitTest>
    <UnitTest name="Update_DuplicateName_ThrowsUniqueValueUpdateConflictException" storage="f:\etwork\bin\tests\sysintgtests.icore.common.entities.dll" id="c1e3a90f-332b-b318-ea77-2d30f318fd6d">
      <TestCategory>
        <TestCategoryItem TestCategory="Entities" />
        <TestCategoryItem TestCategory="SystemIntegration" />
      </TestCategory>
      <Execution id="57264243-4973-43b1-b0cb-63e6807493fb" />
      <TestMethod codeBase="F:\ETWork\bin\Tests\SysIntgTests.iCore.Common.Entities.dll" adapterTypeName="Microsoft.VisualStudio.TestTools.TestTypes.Unit.UnitTestAdapter" className="SysIntgTests.iCore.Common.Entities.CrossReferenceTableTests" name="Update_DuplicateName_ThrowsUniqueValueUpdateConflictException" />
    </UnitTest>
    <UnitTest name="Update_ComplexProperties_ArePersistedCorrectly" storage="f:\etwork\bin\tests\sysintgtests.icore.common.entities.dll" id="9ca0f14b-a173-468b-e1aa-5c9f0104c864">
      <TestCategory>
        <TestCategoryItem TestCategory="Entities" />
        <TestCategoryItem TestCategory="SystemIntegration" />
      </TestCategory>
      <Execution id="bc07a5e2-ede6-4a38-b2f2-9540939e49c8" />
      <TestMethod codeBase="F:\ETWork\bin\Tests\SysIntgTests.iCore.Common.Entities.dll" adapterTypeName="Microsoft.VisualStudio.TestTools.TestTypes.Unit.UnitTestAdapter" className="SysIntgTests.iCore.Common.Entities.CrossReferenceTableTests" name="Update_ComplexProperties_ArePersistedCorrectly" />
    </UnitTest>
    <UnitTest name="Update_UnchangedName_Succeeds" storage="f:\etwork\bin\tests\sysintgtests.icore.common.entities.dll" id="87dfc1f3-1d25-e824-ae3d-a10e3a205599">
      <TestCategory>
        <TestCategoryItem TestCategory="Entities" />
        <TestCategoryItem TestCategory="SystemIntegration" />
      </TestCategory>
      <Execution id="0113b358-7603-499e-90bc-f716dffde264" />
      <TestMethod codeBase="F:\ETWork\bin\Tests\SysIntgTests.iCore.Common.Entities.dll" adapterTypeName="Microsoft.VisualStudio.TestTools.TestTypes.Unit.UnitTestAdapter" className="SysIntgTests.iCore.Common.Entities.CrossReferenceTableTests" name="Update_UnchangedName_Succeeds" />
    </UnitTest>
    <UnitTest name="DeleteExistingCrossReferenceTable_SuccessfullyDeletesCrossReferenceTable" storage="f:\etwork\bin\tests\sysintgtests.icore.common.entities.dll" id="6dbfff62-53f1-d498-ba42-18edaf4eb93f">
      <TestCategory>
        <TestCategoryItem TestCategory="Entities" />
        <TestCategoryItem TestCategory="SystemIntegration" />
      </TestCategory>
      <Execution id="f503c749-14b8-4a94-8c10-9f42e6279f10" />
      <TestMethod codeBase="F:\ETWork\bin\Tests\SysIntgTests.iCore.Common.Entities.dll" adapterTypeName="Microsoft.VisualStudio.TestTools.TestTypes.Unit.UnitTestAdapter" className="SysIntgTests.iCore.Common.Entities.CrossReferenceTableTests" name="DeleteExistingCrossReferenceTable_SuccessfullyDeletesCrossReferenceTable" />
    </UnitTest>
    <UnitTest name="Delete_DeleteById_SuccessfullyDeletesCrossReferenceTable" storage="f:\etwork\bin\tests\sysintgtests.icore.common.entities.dll" id="4888af46-2e48-6f31-001c-267718790903">
      <TestCategory>
        <TestCategoryItem TestCategory="Entities" />
        <TestCategoryItem TestCategory="SystemIntegration" />
      </TestCategory>
      <Execution id="eef41fbc-5c3c-4645-bba2-ea91eec0c081" />
      <TestMethod codeBase="F:\ETWork\bin\Tests\SysIntgTests.iCore.Common.Entities.dll" adapterTypeName="Microsoft.VisualStudio.TestTools.TestTypes.Unit.UnitTestAdapter" className="SysIntgTests.iCore.Common.Entities.CrossReferenceTableTests" name="Delete_DeleteById_SuccessfullyDeletesCrossReferenceTable" />
    </UnitTest>
    <UnitTest name="TryGetValueByNameAndKeys_ValidNameAndKeys_ReturnedEntryHasCorrectTableId" storage="f:\etwork\bin\tests\sysintgtests.icore.common.entities.dll" id="3506c85c-437d-72ba-ef51-7d4fc73db285">
      <TestCategory>
        <TestCategoryItem TestCategory="Entities" />
        <TestCategoryItem TestCategory="SystemIntegration" />
      </TestCategory>
      <Execution id="526541ab-a6f7-4429-baca-32391e0bc904" />
      <TestMethod codeBase="F:\ETWork\bin\Tests\SysIntgTests.iCore.Common.Entities.dll" adapterTypeName="Microsoft.VisualStudio.TestTools.TestTypes.Unit.UnitTestAdapter" className="SysIntgTests.iCore.Common.Entities.CrossReferenceTableTests" name="TryGetValueByNameAndKeys_ValidNameAndKeys_ReturnedEntryHasCorrectTableId" />
    </UnitTest>
    <UnitTest name="TryGetValueByNameAndKeys_ValidNameAndKeys_ReturnedEntryHasCorrectKey1" storage="f:\etwork\bin\tests\sysintgtests.icore.common.entities.dll" id="236aed74-c302-8191-122f-b8dded39bde1">
      <TestCategory>
        <TestCategoryItem TestCategory="Entities" />
        <TestCategoryItem TestCategory="SystemIntegration" />
      </TestCategory>
      <Execution id="3d1e3cc8-aa18-44bf-aa19-946ef814fb6e" />
      <TestMethod codeBase="F:\ETWork\bin\Tests\SysIntgTests.iCore.Common.Entities.dll" adapterTypeName="Microsoft.VisualStudio.TestTools.TestTypes.Unit.UnitTestAdapter" className="SysIntgTests.iCore.Common.Entities.CrossReferenceTableTests" name="TryGetValueByNameAndKeys_ValidNameAndKeys_ReturnedEntryHasCorrectKey1" />
    </UnitTest>
    <UnitTest name="TryGetValueByNameAndKeys_ValidNameAndKeys_ReturnedEntryHasCorrectKey2" storage="f:\etwork\bin\tests\sysintgtests.icore.common.entities.dll" id="ce0f4c47-c45d-47c7-2139-fa9c9dcb7bb3">
      <TestCategory>
        <TestCategoryItem TestCategory="Entities" />
        <TestCategoryItem TestCategory="SystemIntegration" />
      </TestCategory>
      <Execution id="0a8f0a62-36df-4413-a918-6c290124b234" />
      <TestMethod codeBase="F:\ETWork\bin\Tests\SysIntgTests.iCore.Common.Entities.dll" adapterTypeName="Microsoft.VisualStudio.TestTools.TestTypes.Unit.UnitTestAdapter" className="SysIntgTests.iCore.Common.Entities.CrossReferenceTableTests" name="TryGetValueByNameAndKeys_ValidNameAndKeys_ReturnedEntryHasCorrectKey2" />
    </UnitTest>
    <UnitTest name="TryGetValueByNameAndKeys_ValidNameAndKeys_ReturnedEntryHasCorrectValue1" storage="f:\etwork\bin\tests\sysintgtests.icore.common.entities.dll" id="81e8f33b-e38c-e2c1-2c09-ca3889047043">
      <TestCategory>
        <TestCategoryItem TestCategory="Entities" />
        <TestCategoryItem TestCategory="SystemIntegration" />
      </TestCategory>
      <Execution id="9f5b4a78-b756-48aa-8880-238664d3fce4" />
      <TestMethod codeBase="F:\ETWork\bin\Tests\SysIntgTests.iCore.Common.Entities.dll" adapterTypeName="Microsoft.VisualStudio.TestTools.TestTypes.Unit.UnitTestAdapter" className="SysIntgTests.iCore.Common.Entities.CrossReferenceTableTests" name="TryGetValueByNameAndKeys_ValidNameAndKeys_ReturnedEntryHasCorrectValue1" />
    </UnitTest>
    <UnitTest name="TryGetValueByNameAndKeys_ValidIdAndKeys_ReturnedEntryHasCorrectValue2" storage="f:\etwork\bin\tests\sysintgtests.icore.common.entities.dll" id="600250d2-0842-61ea-3ecc-dc550ccb37c2">
      <TestCategory>
        <TestCategoryItem TestCategory="Entities" />
        <TestCategoryItem TestCategory="SystemIntegration" />
      </TestCategory>
      <Execution id="dcae5abf-7bb0-4c3e-acb5-83e4bcb19d12" />
      <TestMethod codeBase="F:\ETWork\bin\Tests\SysIntgTests.iCore.Common.Entities.dll" adapterTypeName="Microsoft.VisualStudio.TestTools.TestTypes.Unit.UnitTestAdapter" className="SysIntgTests.iCore.Common.Entities.CrossReferenceTableTests" name="TryGetValueByNameAndKeys_ValidIdAndKeys_ReturnedEntryHasCorrectValue2" />
    </UnitTest>
    <UnitTest name="TryGetValueByNameAndKeys_EntryWithOneKey_ReturnedEntryHasCorrectTableId" storage="f:\etwork\bin\tests\sysintgtests.icore.common.entities.dll" id="e1ccce83-1940-20a0-0c08-648f75c5171e">
      <TestCategory>
        <TestCategoryItem TestCategory="Entities" />
        <TestCategoryItem TestCategory="SystemIntegration" />
      </TestCategory>
      <Execution id="9151e1a3-01d0-4a9b-81c9-e07ca1500b79" />
      <TestMethod codeBase="F:\ETWork\bin\Tests\SysIntgTests.iCore.Common.Entities.dll" adapterTypeName="Microsoft.VisualStudio.TestTools.TestTypes.Unit.UnitTestAdapter" className="SysIntgTests.iCore.Common.Entities.CrossReferenceTableTests" name="TryGetValueByNameAndKeys_EntryWithOneKey_ReturnedEntryHasCorrectTableId" />
    </UnitTest>
    <UnitTest name="TryGetValueByNameAndKeys_EntryNotFound_ReturnsNull" storage="f:\etwork\bin\tests\sysintgtests.icore.common.entities.dll" id="5289010d-5536-182d-068f-9cd4ce10b20a">
      <TestCategory>
        <TestCategoryItem TestCategory="Entities" />
        <TestCategoryItem TestCategory="SystemIntegration" />
      </TestCategory>
      <Execution id="dd57709c-6933-4716-9016-341c9c29705f" />
      <TestMethod codeBase="F:\ETWork\bin\Tests\SysIntgTests.iCore.Common.Entities.dll" adapterTypeName="Microsoft.VisualStudio.TestTools.TestTypes.Unit.UnitTestAdapter" className="SysIntgTests.iCore.Common.Entities.CrossReferenceTableTests" name="TryGetValueByNameAndKeys_EntryNotFound_ReturnsNull" />
    </UnitTest>
    <UnitTest name="TryGetValueByNameAndKeys_KeysAreNull_ReturnsNull" storage="f:\etwork\bin\tests\sysintgtests.icore.common.entities.dll" id="3ec56bbf-7fe9-d71e-da6c-0863724952bf">
      <TestCategory>
        <TestCategoryItem TestCategory="Entities" />
        <TestCategoryItem TestCategory="SystemIntegration" />
      </TestCategory>
      <Execution id="b23c0c87-75ae-4e37-bba5-e5240a3f17a4" />
      <TestMethod codeBase="F:\ETWork\bin\Tests\SysIntgTests.iCore.Common.Entities.dll" adapterTypeName="Microsoft.VisualStudio.TestTools.TestTypes.Unit.UnitTestAdapter" className="SysIntgTests.iCore.Common.Entities.CrossReferenceTableTests" name="TryGetValueByNameAndKeys_KeysAreNull_ReturnsNull" />
    </UnitTest>
    <UnitTest name="TryGetValueByIdAndKeys_ValidIdAndKeys_ReturnedEntryHasCorrectTableId" storage="f:\etwork\bin\tests\sysintgtests.icore.common.entities.dll" id="92e25065-8c68-27cd-dfa1-4ab9a2caa43e">
      <TestCategory>
        <TestCategoryItem TestCategory="Entities" />
        <TestCategoryItem TestCategory="SystemIntegration" />
      </TestCategory>
      <Execution id="f2c4f380-2ba3-448c-adfe-28419e66664c" />
      <TestMethod codeBase="F:\ETWork\bin\Tests\SysIntgTests.iCore.Common.Entities.dll" adapterTypeName="Microsoft.VisualStudio.TestTools.TestTypes.Unit.UnitTestAdapter" className="SysIntgTests.iCore.Common.Entities.CrossReferenceTableTests" name="TryGetValueByIdAndKeys_ValidIdAndKeys_ReturnedEntryHasCorrectTableId" />
    </UnitTest>
    <UnitTest name="TryGetValueByIdAndKeys_ValidIdAndKeys_ReturnedEntryHasCorrectKey1" storage="f:\etwork\bin\tests\sysintgtests.icore.common.entities.dll" id="ab415bfa-1757-27e7-e18b-1c785b6fd7c8">
      <TestCategory>
        <TestCategoryItem TestCategory="Entities" />
        <TestCategoryItem TestCategory="SystemIntegration" />
      </TestCategory>
      <Execution id="202a042b-3d15-4c5f-915d-6a4b79a10a8b" />
      <TestMethod codeBase="F:\ETWork\bin\Tests\SysIntgTests.iCore.Common.Entities.dll" adapterTypeName="Microsoft.VisualStudio.TestTools.TestTypes.Unit.UnitTestAdapter" className="SysIntgTests.iCore.Common.Entities.CrossReferenceTableTests" name="TryGetValueByIdAndKeys_ValidIdAndKeys_ReturnedEntryHasCorrectKey1" />
    </UnitTest>
    <UnitTest name="TryGetValueByIdAndKeys_ValidIdAndKeys_ReturnedEntryHasCorrectKey2" storage="f:\etwork\bin\tests\sysintgtests.icore.common.entities.dll" id="5ffbf9ad-302b-2bbc-2246-98f1d684f743">
      <TestCategory>
        <TestCategoryItem TestCategory="Entities" />
        <TestCategoryItem TestCategory="SystemIntegration" />
      </TestCategory>
      <Execution id="09dbc4ad-7c05-4728-b86a-3158be9231bb" />
      <TestMethod codeBase="F:\ETWork\bin\Tests\SysIntgTests.iCore.Common.Entities.dll" adapterTypeName="Microsoft.VisualStudio.TestTools.TestTypes.Unit.UnitTestAdapter" className="SysIntgTests.iCore.Common.Entities.CrossReferenceTableTests" name="TryGetValueByIdAndKeys_ValidIdAndKeys_ReturnedEntryHasCorrectKey2" />
    </UnitTest>
    <UnitTest name="TryGetValueByIdAndKeys_ValidIdAndKeys_ReturnedEntryHasCorrectValue1" storage="f:\etwork\bin\tests\sysintgtests.icore.common.entities.dll" id="91e30193-4caf-c792-6796-69d7befc3766">
      <TestCategory>
        <TestCategoryItem TestCategory="Entities" />
        <TestCategoryItem TestCategory="SystemIntegration" />
      </TestCategory>
      <Execution id="515669b9-b362-4079-8265-bc6d76f913ba" />
      <TestMethod codeBase="F:\ETWork\bin\Tests\SysIntgTests.iCore.Common.Entities.dll" adapterTypeName="Microsoft.VisualStudio.TestTools.TestTypes.Unit.UnitTestAdapter" className="SysIntgTests.iCore.Common.Entities.CrossReferenceTableTests" name="TryGetValueByIdAndKeys_ValidIdAndKeys_ReturnedEntryHasCorrectValue1" />
    </UnitTest>
    <UnitTest name="TryGetValueByIdAndKeys_ValidIdAndKeys_ReturnedEntryHasCorrectValue2" storage="f:\etwork\bin\tests\sysintgtests.icore.common.entities.dll" id="6df4569f-709e-f3a7-1090-3022ed0e19f5">
      <TestCategory>
        <TestCategoryItem TestCategory="Entities" />
        <TestCategoryItem TestCategory="SystemIntegration" />
      </TestCategory>
      <Execution id="928c6385-6bf2-4109-a83b-3b164d3d4f3a" />
      <TestMethod codeBase="F:\ETWork\bin\Tests\SysIntgTests.iCore.Common.Entities.dll" adapterTypeName="Microsoft.VisualStudio.TestTools.TestTypes.Unit.UnitTestAdapter" className="SysIntgTests.iCore.Common.Entities.CrossReferenceTableTests" name="TryGetValueByIdAndKeys_ValidIdAndKeys_ReturnedEntryHasCorrectValue2" />
    </UnitTest>
    <UnitTest name="TryGetValueByIdAndKeys_EntryWithOneKey_ReturnedEntryHasCorrectTableId" storage="f:\etwork\bin\tests\sysintgtests.icore.common.entities.dll" id="25daaf9d-c680-869e-b491-7cf89a9b0631">
      <TestCategory>
        <TestCategoryItem TestCategory="Entities" />
        <TestCategoryItem TestCategory="SystemIntegration" />
      </TestCategory>
      <Execution id="d966479c-a05d-450c-97e5-a9ed7c3d5ed0" />
      <TestMethod codeBase="F:\ETWork\bin\Tests\SysIntgTests.iCore.Common.Entities.dll" adapterTypeName="Microsoft.VisualStudio.TestTools.TestTypes.Unit.UnitTestAdapter" className="SysIntgTests.iCore.Common.Entities.CrossReferenceTableTests" name="TryGetValueByIdAndKeys_EntryWithOneKey_ReturnedEntryHasCorrectTableId" />
    </UnitTest>
    <UnitTest name="TryGetValueByIdAndKeys_EntryNotFound_ReturnsNull" storage="f:\etwork\bin\tests\sysintgtests.icore.common.entities.dll" id="bd4bdea9-33e8-417f-f995-a50667739c55">
      <TestCategory>
        <TestCategoryItem TestCategory="Entities" />
        <TestCategoryItem TestCategory="SystemIntegration" />
      </TestCategory>
      <Execution id="f5fa630c-e1ae-49cd-9d40-e878cc298a01" />
      <TestMethod codeBase="F:\ETWork\bin\Tests\SysIntgTests.iCore.Common.Entities.dll" adapterTypeName="Microsoft.VisualStudio.TestTools.TestTypes.Unit.UnitTestAdapter" className="SysIntgTests.iCore.Common.Entities.CrossReferenceTableTests" name="TryGetValueByIdAndKeys_EntryNotFound_ReturnsNull" />
    </UnitTest>
    <UnitTest name="TryGetValueByIdAndKeys_KeysAreNull_ReturnsNull" storage="f:\etwork\bin\tests\sysintgtests.icore.common.entities.dll" id="d342dc81-35be-9779-8fde-113f4caba789">
      <TestCategory>
        <TestCategoryItem TestCategory="Entities" />
        <TestCategoryItem TestCategory="SystemIntegration" />
      </TestCategory>
      <Execution id="6c818251-35dd-4e0b-be9e-abaae45788d6" />
      <TestMethod codeBase="F:\ETWork\bin\Tests\SysIntgTests.iCore.Common.Entities.dll" adapterTypeName="Microsoft.VisualStudio.TestTools.TestTypes.Unit.UnitTestAdapter" className="SysIntgTests.iCore.Common.Entities.CrossReferenceTableTests" name="TryGetValueByIdAndKeys_KeysAreNull_ReturnsNull" />
    </UnitTest>
    <UnitTest name="GetSubEntityByKey_EnumerateValidCrossRefEntries_CrossRefEntriesAreReturned" storage="f:\etwork\bin\tests\sysintgtests.icore.common.entities.dll" id="3c50e0b3-ddba-2d29-9177-c975ba258b77">
      <TestCategory>
        <TestCategoryItem TestCategory="Entities" />
        <TestCategoryItem TestCategory="SystemIntegration" />
      </TestCategory>
      <Execution id="ece11dae-64c5-47d0-8cf5-a28c35b62dbe" />
      <TestMethod codeBase="F:\ETWork\bin\Tests\SysIntgTests.iCore.Common.Entities.dll" adapterTypeName="Microsoft.VisualStudio.TestTools.TestTypes.Unit.UnitTestAdapter" className="SysIntgTests.iCore.Common.Entities.CrossReferenceTableTests" name="GetSubEntityByKey_EnumerateValidCrossRefEntries_CrossRefEntriesAreReturned" />
    </UnitTest>
    <UnitTest name="GetSubEntityByKey_InvokedWithInvalidCrossRefEntryId_EntityNotFoundExceptionIsThrown" storage="f:\etwork\bin\tests\sysintgtests.icore.common.entities.dll" id="ef18e394-e24e-d009-fe6c-a8c43a22dc10">
      <TestCategory>
        <TestCategoryItem TestCategory="Entities" />
        <TestCategoryItem TestCategory="SystemIntegration" />
      </TestCategory>
      <Execution id="9d59a5ed-8f31-4819-b160-ab240af1964e" />
      <TestMethod codeBase="F:\ETWork\bin\Tests\SysIntgTests.iCore.Common.Entities.dll" adapterTypeName="Microsoft.VisualStudio.TestTools.TestTypes.Unit.UnitTestAdapter" className="SysIntgTests.iCore.Common.Entities.CrossReferenceTableTests" name="GetSubEntityByKey_InvokedWithInvalidCrossRefEntryId_EntityNotFoundExceptionIsThrown" />
    </UnitTest>
    <UnitTest name="GetSubEntityByKey_InvokedWithInvalidTypeId_ArgumentExceptionIsThrown" storage="f:\etwork\bin\tests\sysintgtests.icore.common.entities.dll" id="c36c8dd8-6db4-10b8-d70a-6b9e3d5d6925">
      <TestCategory>
        <TestCategoryItem TestCategory="Entities" />
        <TestCategoryItem TestCategory="SystemIntegration" />
      </TestCategory>
      <Execution id="450bb31e-bc11-4cd6-9a25-7e171ba613eb" />
      <TestMethod codeBase="F:\ETWork\bin\Tests\SysIntgTests.iCore.Common.Entities.dll" adapterTypeName="Microsoft.VisualStudio.TestTools.TestTypes.Unit.UnitTestAdapter" className="SysIntgTests.iCore.Common.Entities.CrossReferenceTableTests" name="GetSubEntityByKey_InvokedWithInvalidTypeId_ArgumentExceptionIsThrown" />
    </UnitTest>
    <UnitTest name="AddCrossReferenceEntry_OneTableAndTwoValuesWithSameKeyCombination" storage="f:\etwork\bin\tests\sysintgtests.icore.common.entities.dll" id="40c8046e-12cc-6fc2-6ae1-4a8b7426054d">
      <Execution id="17e709c6-0574-4677-af87-332cb4737d45" />
      <TestMethod codeBase="F:\ETWork\bin\Tests\SysIntgTests.iCore.Common.Entities.dll" adapterTypeName="Microsoft.VisualStudio.TestTools.TestTypes.Unit.UnitTestAdapter" className="SysIntgTests.iCore.Common.Entities.CrossReferenceTableTests" name="AddCrossReferenceEntry_OneTableAndTwoValuesWithSameKeyCombination" />
    </UnitTest>
    <UnitTest name="AddCrossReferenceEntry_OneTableAndTwoValuesWithSameKey1AndEmptyKey2" storage="f:\etwork\bin\tests\sysintgtests.icore.common.entities.dll" id="313991f3-ae66-252a-8d08-93f027c665d7">
      <Execution id="3d39be68-6784-435b-bdec-152ad69eb1d2" />
      <TestMethod codeBase="F:\ETWork\bin\Tests\SysIntgTests.iCore.Common.Entities.dll" adapterTypeName="Microsoft.VisualStudio.TestTools.TestTypes.Unit.UnitTestAdapter" className="SysIntgTests.iCore.Common.Entities.CrossReferenceTableTests" name="AddCrossReferenceEntry_OneTableAndTwoValuesWithSameKey1AndEmptyKey2" />
    </UnitTest>
    <UnitTest name="AddCrossReferenceEntry_TwoTablesAndTwoValuesWithSameKeyCombination" storage="f:\etwork\bin\tests\sysintgtests.icore.common.entities.dll" id="0567e5ed-9b2f-421e-609f-8aef0fadc78c">
      <Execution id="26e7619a-d920-46ae-96f1-6a6b403a56eb" />
      <TestMethod codeBase="F:\ETWork\bin\Tests\SysIntgTests.iCore.Common.Entities.dll" adapterTypeName="Microsoft.VisualStudio.TestTools.TestTypes.Unit.UnitTestAdapter" className="SysIntgTests.iCore.Common.Entities.CrossReferenceTableTests" name="AddCrossReferenceEntry_TwoTablesAndTwoValuesWithSameKeyCombination" />
    </UnitTest>
    <UnitTest name="AddCrossReferenceEntry_TwoTablesAndTwoValuesWithSameKey1AndEmptykey2" storage="f:\etwork\bin\tests\sysintgtests.icore.common.entities.dll" id="f6727dda-a9b5-b2d9-b519-02faabaaed9e">
      <Execution id="39555e22-c884-4d62-a6be-075980854974" />
      <TestMethod codeBase="F:\ETWork\bin\Tests\SysIntgTests.iCore.Common.Entities.dll" adapterTypeName="Microsoft.VisualStudio.TestTools.TestTypes.Unit.UnitTestAdapter" className="SysIntgTests.iCore.Common.Entities.CrossReferenceTableTests" name="AddCrossReferenceEntry_TwoTablesAndTwoValuesWithSameKey1AndEmptykey2" />
    </UnitTest>
    <UnitTest name="UpdateCrossReferenceEntry_OneTableAndValuesWithSameKeyCombinationExists" storage="f:\etwork\bin\tests\sysintgtests.icore.common.entities.dll" id="cb12a6f9-6346-d3f4-285c-867250e685ff">
      <Execution id="e916707b-7c84-4493-b95c-f36f4dff291f" />
      <TestMethod codeBase="F:\ETWork\bin\Tests\SysIntgTests.iCore.Common.Entities.dll" adapterTypeName="Microsoft.VisualStudio.TestTools.TestTypes.Unit.UnitTestAdapter" className="SysIntgTests.iCore.Common.Entities.CrossReferenceTableTests" name="UpdateCrossReferenceEntry_OneTableAndValuesWithSameKeyCombinationExists" />
    </UnitTest>
    <UnitTest name="UpdateCrossReferenceEntry_OneTableAndOnlyKey1AndValuesWithSameKeyCombinationExists" storage="f:\etwork\bin\tests\sysintgtests.icore.common.entities.dll" id="50d4fbc3-a0df-eb21-fe0a-0e503a5025dc">
      <Execution id="47b8a19b-8d02-45fa-9b0f-6be42ba58743" />
      <TestMethod codeBase="F:\ETWork\bin\Tests\SysIntgTests.iCore.Common.Entities.dll" adapterTypeName="Microsoft.VisualStudio.TestTools.TestTypes.Unit.UnitTestAdapter" className="SysIntgTests.iCore.Common.Entities.CrossReferenceTableTests" name="UpdateCrossReferenceEntry_OneTableAndOnlyKey1AndValuesWithSameKeyCombinationExists" />
    </UnitTest>
    <UnitTest name="UpdateCrossReferenceEntry_TwoTablesAndValuesWithSameKeyCombinationExists" storage="f:\etwork\bin\tests\sysintgtests.icore.common.entities.dll" id="001423c7-7074-6e30-deca-db60a29b6f3a">
      <Execution id="b3a6c386-e088-474c-a4b3-4a724cea40e3" />
      <TestMethod codeBase="F:\ETWork\bin\Tests\SysIntgTests.iCore.Common.Entities.dll" adapterTypeName="Microsoft.VisualStudio.TestTools.TestTypes.Unit.UnitTestAdapter" className="SysIntgTests.iCore.Common.Entities.CrossReferenceTableTests" name="UpdateCrossReferenceEntry_TwoTablesAndValuesWithSameKeyCombinationExists" />
    </UnitTest>
    <UnitTest name="UpdateCrossReferenceEntry_TwoTablesAndOnlyKey1AndValuesWithSameKeyCombinationExists" storage="f:\etwork\bin\tests\sysintgtests.icore.common.entities.dll" id="7471a5c0-dfc1-f934-ed80-cfd05fa11ef1">
      <Execution id="387ef3ea-143e-4b39-b354-7b687a2bdafd" />
      <TestMethod codeBase="F:\ETWork\bin\Tests\SysIntgTests.iCore.Common.Entities.dll" adapterTypeName="Microsoft.VisualStudio.TestTools.TestTypes.Unit.UnitTestAdapter" className="SysIntgTests.iCore.Common.Entities.CrossReferenceTableTests" name="UpdateCrossReferenceEntry_TwoTablesAndOnlyKey1AndValuesWithSameKeyCombinationExists" />
    </UnitTest>
    <UnitTest name="AddCrossReferenceValue_CorrectArguments_LastModifiedOnTableUpdated" storage="f:\etwork\bin\tests\sysintgtests.icore.common.entities.dll" id="ca2c5c07-ef17-cd00-15c2-ad7d5f6db218">
      <Execution id="b17ea199-f31b-40fa-8d1c-3c9de22067f1" />
      <TestMethod codeBase="F:\ETWork\bin\Tests\SysIntgTests.iCore.Common.Entities.dll" adapterTypeName="Microsoft.VisualStudio.TestTools.TestTypes.Unit.UnitTestAdapter" className="SysIntgTests.iCore.Common.Entities.CrossReferenceTableTests" name="AddCrossReferenceValue_CorrectArguments_LastModifiedOnTableUpdated" />
    </UnitTest>
    <UnitTest name="AddCrossReferenceValue_NullAsValue_ValuesReturnedAsEmptyString" storage="f:\etwork\bin\tests\sysintgtests.icore.common.entities.dll" id="1434a910-d02a-d17b-d43b-bf7cd0cc049a">
      <Execution id="2a708400-5a6a-4237-87ac-c3204662ab54" />
      <TestMethod codeBase="F:\ETWork\bin\Tests\SysIntgTests.iCore.Common.Entities.dll" adapterTypeName="Microsoft.VisualStudio.TestTools.TestTypes.Unit.UnitTestAdapter" className="SysIntgTests.iCore.Common.Entities.CrossReferenceTableTests" name="AddCrossReferenceValue_NullAsValue_ValuesReturnedAsEmptyString" />
    </UnitTest>
    <UnitTest name="AddCrossReferenceValue_CorrectArguments_ValuesAddedCorrectly" storage="f:\etwork\bin\tests\sysintgtests.icore.common.entities.dll" id="d3f254fc-670c-a999-1862-753b10617d0a">
      <Execution id="f9380ecf-e1fd-4813-b7d9-319058a60fb8" />
      <TestMethod codeBase="F:\ETWork\bin\Tests\SysIntgTests.iCore.Common.Entities.dll" adapterTypeName="Microsoft.VisualStudio.TestTools.TestTypes.Unit.UnitTestAdapter" className="SysIntgTests.iCore.Common.Entities.CrossReferenceTableTests" name="AddCrossReferenceValue_CorrectArguments_ValuesAddedCorrectly" />
    </UnitTest>
    <UnitTest name="AddCrossReferenceValue_Key2IsEmpty_ValuesUpdatedCorrectly" storage="f:\etwork\bin\tests\sysintgtests.icore.common.entities.dll" id="6fb4bf6f-a6c4-fd71-0add-ed3e476eb148">
      <Execution id="8a375a93-264b-4439-b353-7b6be3a0215c" />
      <TestMethod codeBase="F:\ETWork\bin\Tests\SysIntgTests.iCore.Common.Entities.dll" adapterTypeName="Microsoft.VisualStudio.TestTools.TestTypes.Unit.UnitTestAdapter" className="SysIntgTests.iCore.Common.Entities.CrossReferenceTableTests" name="AddCrossReferenceValue_Key2IsEmpty_ValuesUpdatedCorrectly" />
    </UnitTest>
    <UnitTest name="AddCrossReferenceValue_KeyCombinationExists_ThrowsUniqueValueAddConflictException" storage="f:\etwork\bin\tests\sysintgtests.icore.common.entities.dll" id="0151af46-5dcd-c0ae-08dc-d09a36060af1">
      <Execution id="4530bf7c-b405-475a-93bf-8d1a7c8df063" />
      <TestMethod codeBase="F:\ETWork\bin\Tests\SysIntgTests.iCore.Common.Entities.dll" adapterTypeName="Microsoft.VisualStudio.TestTools.TestTypes.Unit.UnitTestAdapter" className="SysIntgTests.iCore.Common.Entities.CrossReferenceTableTests" name="AddCrossReferenceValue_KeyCombinationExists_ThrowsUniqueValueAddConflictException" />
    </UnitTest>
    <UnitTest name="AddCrossReferenceValue_KeyCombinationExistsAndKey2IsEmpty_ThrowsUniqueValueAddConflictException" storage="f:\etwork\bin\tests\sysintgtests.icore.common.entities.dll" id="fb36cac8-ec48-774f-504e-c36b2d6c8c1c">
      <Execution id="7756ff30-abdd-4623-9533-55d090f8e460" />
      <TestMethod codeBase="F:\ETWork\bin\Tests\SysIntgTests.iCore.Common.Entities.dll" adapterTypeName="Microsoft.VisualStudio.TestTools.TestTypes.Unit.UnitTestAdapter" className="SysIntgTests.iCore.Common.Entities.CrossReferenceTableTests" name="AddCrossReferenceValue_KeyCombinationExistsAndKey2IsEmpty_ThrowsUniqueValueAddConflictException" />
    </UnitTest>
    <UnitTest name="AddCrossReferenceValue_InvalidCrossReferenceTable_ThrowsException" storage="f:\etwork\bin\tests\sysintgtests.icore.common.entities.dll" id="d8d06585-b8d6-7176-0224-f38d7babd5e4">
      <Execution id="ad4bd5df-63c6-4c3c-92fd-3a069e84a053" />
      <TestMethod codeBase="F:\ETWork\bin\Tests\SysIntgTests.iCore.Common.Entities.dll" adapterTypeName="Microsoft.VisualStudio.TestTools.TestTypes.Unit.UnitTestAdapter" className="SysIntgTests.iCore.Common.Entities.CrossReferenceTableTests" name="AddCrossReferenceValue_InvalidCrossReferenceTable_ThrowsException" />
    </UnitTest>
    <UnitTest name="UpdateCrossReferenceValue_CorrectArguments_LastModifiedOnTableUpdated" storage="f:\etwork\bin\tests\sysintgtests.icore.common.entities.dll" id="9d6c7c73-7de1-f10f-6edc-e906aaa2fc65">
      <Execution id="2f458bc9-dcb9-4e24-9e89-448f1c290856" />
      <TestMethod codeBase="F:\ETWork\bin\Tests\SysIntgTests.iCore.Common.Entities.dll" adapterTypeName="Microsoft.VisualStudio.TestTools.TestTypes.Unit.UnitTestAdapter" className="SysIntgTests.iCore.Common.Entities.CrossReferenceTableTests" name="UpdateCrossReferenceValue_CorrectArguments_LastModifiedOnTableUpdated" />
    </UnitTest>
    <UnitTest name="UpdateCrossReferenceValue_NullAsValue_ValuesReturnedAsEmptyString" storage="f:\etwork\bin\tests\sysintgtests.icore.common.entities.dll" id="01b2a6c0-5ac9-7d44-ebe3-eefc48ed09ae">
      <Execution id="0a142a3f-b1b6-4d5a-884c-10a5c88421cf" />
      <TestMethod codeBase="F:\ETWork\bin\Tests\SysIntgTests.iCore.Common.Entities.dll" adapterTypeName="Microsoft.VisualStudio.TestTools.TestTypes.Unit.UnitTestAdapter" className="SysIntgTests.iCore.Common.Entities.CrossReferenceTableTests" name="UpdateCrossReferenceValue_NullAsValue_ValuesReturnedAsEmptyString" />
    </UnitTest>
    <UnitTest name="UpdateCrossReferenceValue_CorrectArguments_ValuesUpdatedCorrectly" storage="f:\etwork\bin\tests\sysintgtests.icore.common.entities.dll" id="b76b3f56-a1d7-d135-8b0a-b672c52c8f80">
      <Execution id="44d4857b-f2d9-46eb-b480-55336db6fe4a" />
      <TestMethod codeBase="F:\ETWork\bin\Tests\SysIntgTests.iCore.Common.Entities.dll" adapterTypeName="Microsoft.VisualStudio.TestTools.TestTypes.Unit.UnitTestAdapter" className="SysIntgTests.iCore.Common.Entities.CrossReferenceTableTests" name="UpdateCrossReferenceValue_CorrectArguments_ValuesUpdatedCorrectly" />
    </UnitTest>
    <UnitTest name="UpdateCrossReferenceValue_Key2IsEmpty_ValuesUpdatedCorrectly" storage="f:\etwork\bin\tests\sysintgtests.icore.common.entities.dll" id="d0e761f4-58cd-c02f-8d68-886c43944af0">
      <Execution id="46a17fcc-520e-4ab5-bc5e-fc23103d771e" />
      <TestMethod codeBase="F:\ETWork\bin\Tests\SysIntgTests.iCore.Common.Entities.dll" adapterTypeName="Microsoft.VisualStudio.TestTools.TestTypes.Unit.UnitTestAdapter" className="SysIntgTests.iCore.Common.Entities.CrossReferenceTableTests" name="UpdateCrossReferenceValue_Key2IsEmpty_ValuesUpdatedCorrectly" />
    </UnitTest>
    <UnitTest name="UpdateCrossReferenceValue_OnlyKey1IsSet_ValuesUpdatedCorrectly" storage="f:\etwork\bin\tests\sysintgtests.icore.common.entities.dll" id="a62eaade-4b9b-f563-848e-47dbec50f8fc">
      <Execution id="ce007895-44fd-4913-80cc-8e72918472cd" />
      <TestMethod codeBase="F:\ETWork\bin\Tests\SysIntgTests.iCore.Common.Entities.dll" adapterTypeName="Microsoft.VisualStudio.TestTools.TestTypes.Unit.UnitTestAdapter" className="SysIntgTests.iCore.Common.Entities.CrossReferenceTableTests" name="UpdateCrossReferenceValue_OnlyKey1IsSet_ValuesUpdatedCorrectly" />
    </UnitTest>
    <UnitTest name="UpdateCrossReferenceValue_CrossReferenceTableDoesNotExists_ThrowsEntityNotFoundException" storage="f:\etwork\bin\tests\sysintgtests.icore.common.entities.dll" id="b6122e6e-601a-1414-2e6b-d84dd21ff2bb">
      <Execution id="b91e672d-f266-4aa5-b69f-079a0fc10634" />
      <TestMethod codeBase="F:\ETWork\bin\Tests\SysIntgTests.iCore.Common.Entities.dll" adapterTypeName="Microsoft.VisualStudio.TestTools.TestTypes.Unit.UnitTestAdapter" className="SysIntgTests.iCore.Common.Entities.CrossReferenceTableTests" name="UpdateCrossReferenceValue_CrossReferenceTableDoesNotExists_ThrowsEntityNotFoundException" />
    </UnitTest>
    <UnitTest name="UpdateCrossReferenceValue_CrossReferenceValueDoesNotExists_ThrowsEntityNotFoundException" storage="f:\etwork\bin\tests\sysintgtests.icore.common.entities.dll" id="bcbbe298-b533-4877-1dd7-2269e026312a">
      <Execution id="8912faea-805f-4c8e-9470-24fadfad68e7" />
      <TestMethod codeBase="F:\ETWork\bin\Tests\SysIntgTests.iCore.Common.Entities.dll" adapterTypeName="Microsoft.VisualStudio.TestTools.TestTypes.Unit.UnitTestAdapter" className="SysIntgTests.iCore.Common.Entities.CrossReferenceTableTests" name="UpdateCrossReferenceValue_CrossReferenceValueDoesNotExists_ThrowsEntityNotFoundException" />
    </UnitTest>
    <UnitTest name="UpdateOrAddCrossReferenceValue_CorrectArguments_LastModifiedOnTableUpdated" storage="f:\etwork\bin\tests\sysintgtests.icore.common.entities.dll" id="634501c7-af3e-19a9-f295-f7f352d7d868">
      <Execution id="f558ad78-6ad6-4032-98a7-c4484bdf730d" />
      <TestMethod codeBase="F:\ETWork\bin\Tests\SysIntgTests.iCore.Common.Entities.dll" adapterTypeName="Microsoft.VisualStudio.TestTools.TestTypes.Unit.UnitTestAdapter" className="SysIntgTests.iCore.Common.Entities.CrossReferenceTableTests" name="UpdateOrAddCrossReferenceValue_CorrectArguments_LastModifiedOnTableUpdated" />
    </UnitTest>
    <UnitTest name="UpdateOrAddCrossReferenceValue_NullAsValueMatching_ValuesReturnedAsEmptyString" storage="f:\etwork\bin\tests\sysintgtests.icore.common.entities.dll" id="836ac0f6-93e2-9b2d-ce1e-1fcad70dee7c">
      <Execution id="af080eb3-6380-4d3c-8400-c9b064aa7f46" />
      <TestMethod codeBase="F:\ETWork\bin\Tests\SysIntgTests.iCore.Common.Entities.dll" adapterTypeName="Microsoft.VisualStudio.TestTools.TestTypes.Unit.UnitTestAdapter" className="SysIntgTests.iCore.Common.Entities.CrossReferenceTableTests" name="UpdateOrAddCrossReferenceValue_NullAsValueMatching_ValuesReturnedAsEmptyString" />
    </UnitTest>
    <UnitTest name="UpdateOrAddCrossReferenceValue_CorrectArgumentsMatching_ValuesUpdatedCorrectly" storage="f:\etwork\bin\tests\sysintgtests.icore.common.entities.dll" id="e60ec041-b25b-1ccc-d552-7d2685fab2ed">
      <Execution id="73ef4380-feea-44dc-a150-0e51d2ff8ead" />
      <TestMethod codeBase="F:\ETWork\bin\Tests\SysIntgTests.iCore.Common.Entities.dll" adapterTypeName="Microsoft.VisualStudio.TestTools.TestTypes.Unit.UnitTestAdapter" className="SysIntgTests.iCore.Common.Entities.CrossReferenceTableTests" name="UpdateOrAddCrossReferenceValue_CorrectArgumentsMatching_ValuesUpdatedCorrectly" />
    </UnitTest>
    <UnitTest name="UpdateOrAddCrossReferenceValue_Key2IsEmptyMatching_ValuesUpdatedCorrectly" storage="f:\etwork\bin\tests\sysintgtests.icore.common.entities.dll" id="102983e3-343e-3ac0-9f4d-720b044babe7">
      <Execution id="c1ed248b-d5bd-4f7e-8806-78d42640b977" />
      <TestMethod codeBase="F:\ETWork\bin\Tests\SysIntgTests.iCore.Common.Entities.dll" adapterTypeName="Microsoft.VisualStudio.TestTools.TestTypes.Unit.UnitTestAdapter" className="SysIntgTests.iCore.Common.Entities.CrossReferenceTableTests" name="UpdateOrAddCrossReferenceValue_Key2IsEmptyMatching_ValuesUpdatedCorrectly" />
    </UnitTest>
    <UnitTest name="UpdateOrAddCrossReferenceValue_OnlyKey1IsSetMatching_ValuesUpdatedCorrectly" storage="f:\etwork\bin\tests\sysintgtests.icore.common.entities.dll" id="62e5b9bb-41a7-0222-8a48-3ac6cdc116ff">
      <Execution id="e70a5a53-5e47-4f4c-8099-32806b89665e" />
      <TestMethod codeBase="F:\ETWork\bin\Tests\SysIntgTests.iCore.Common.Entities.dll" adapterTypeName="Microsoft.VisualStudio.TestTools.TestTypes.Unit.UnitTestAdapter" className="SysIntgTests.iCore.Common.Entities.CrossReferenceTableTests" name="UpdateOrAddCrossReferenceValue_OnlyKey1IsSetMatching_ValuesUpdatedCorrectly" />
    </UnitTest>
    <UnitTest name="UpdateOrAddCrossReferenceValue_CrossReferenceTableDoesNotExists_ThrowsEntityNotFoundException" storage="f:\etwork\bin\tests\sysintgtests.icore.common.entities.dll" id="3ffe3b0e-74e4-0280-e092-a894a49b3234">
      <Execution id="cf185d69-ff68-4fa0-aa03-4315906fcc20" />
      <TestMethod codeBase="F:\ETWork\bin\Tests\SysIntgTests.iCore.Common.Entities.dll" adapterTypeName="Microsoft.VisualStudio.TestTools.TestTypes.Unit.UnitTestAdapter" className="SysIntgTests.iCore.Common.Entities.CrossReferenceTableTests" name="UpdateOrAddCrossReferenceValue_CrossReferenceTableDoesNotExists_ThrowsEntityNotFoundException" />
    </UnitTest>
    <UnitTest name="UpdateOrAddCrossReferenceValue_CorrectArgumentsNotMatching_ValuesAddedCorrectly" storage="f:\etwork\bin\tests\sysintgtests.icore.common.entities.dll" id="6714f7c6-40d0-216d-b0b0-e882f4cecdba">
      <Execution id="710a04dc-c7d7-41b3-bb82-69e81a3a90c6" />
      <TestMethod codeBase="F:\ETWork\bin\Tests\SysIntgTests.iCore.Common.Entities.dll" adapterTypeName="Microsoft.VisualStudio.TestTools.TestTypes.Unit.UnitTestAdapter" className="SysIntgTests.iCore.Common.Entities.CrossReferenceTableTests" name="UpdateOrAddCrossReferenceValue_CorrectArgumentsNotMatching_ValuesAddedCorrectly" />
    </UnitTest>
    <UnitTest name="UpdateOrAddCrossReferenceValue_Key2IsEmptyNotMatching_ValuesAddedCorrectly" storage="f:\etwork\bin\tests\sysintgtests.icore.common.entities.dll" id="a8795dd7-22ff-b6c1-4869-6a31e80acf3f">
      <Execution id="460c7200-1981-42c6-a326-e60641c09f00" />
      <TestMethod codeBase="F:\ETWork\bin\Tests\SysIntgTests.iCore.Common.Entities.dll" adapterTypeName="Microsoft.VisualStudio.TestTools.TestTypes.Unit.UnitTestAdapter" className="SysIntgTests.iCore.Common.Entities.CrossReferenceTableTests" name="UpdateOrAddCrossReferenceValue_Key2IsEmptyNotMatching_ValuesAddedCorrectly" />
    </UnitTest>
    <UnitTest name="UpdateOrAddCrossReferenceValue_OnlyKey1IsSetNotMatching_ValuesAddedCorrectly" storage="f:\etwork\bin\tests\sysintgtests.icore.common.entities.dll" id="7aa25b8f-02be-2a55-e301-8e10a93823ad">
      <Execution id="ac3eebfe-dc22-4cc4-a60b-3ea32f3bd647" />
      <TestMethod codeBase="F:\ETWork\bin\Tests\SysIntgTests.iCore.Common.Entities.dll" adapterTypeName="Microsoft.VisualStudio.TestTools.TestTypes.Unit.UnitTestAdapter" className="SysIntgTests.iCore.Common.Entities.CrossReferenceTableTests" name="UpdateOrAddCrossReferenceValue_OnlyKey1IsSetNotMatching_ValuesAddedCorrectly" />
    </UnitTest>
    <UnitTest name="UpdateOrAddCrossReferenceValue_NullAsValueNotMatching_ValuesReturnedAsEmptyString" storage="f:\etwork\bin\tests\sysintgtests.icore.common.entities.dll" id="59c8d226-96cd-1eb3-4efc-33bf25b62a3a">
      <Execution id="48788b95-f35d-4cb9-8c8c-e188d996c89e" />
      <TestMethod codeBase="F:\ETWork\bin\Tests\SysIntgTests.iCore.Common.Entities.dll" adapterTypeName="Microsoft.VisualStudio.TestTools.TestTypes.Unit.UnitTestAdapter" className="SysIntgTests.iCore.Common.Entities.CrossReferenceTableTests" name="UpdateOrAddCrossReferenceValue_NullAsValueNotMatching_ValuesReturnedAsEmptyString" />
    </UnitTest>
    <UnitTest name="DeleteCrossReferenceValue_CorrectArguments_LastModifiedOnTableUpdated" storage="f:\etwork\bin\tests\sysintgtests.icore.common.entities.dll" id="62e23b80-ee25-2657-132e-b145842464b1">
      <Execution id="ad392adb-0e05-429d-ba44-6d3d076093a5" />
      <TestMethod codeBase="F:\ETWork\bin\Tests\SysIntgTests.iCore.Common.Entities.dll" adapterTypeName="Microsoft.VisualStudio.TestTools.TestTypes.Unit.UnitTestAdapter" className="SysIntgTests.iCore.Common.Entities.CrossReferenceTableTests" name="DeleteCrossReferenceValue_CorrectArguments_LastModifiedOnTableUpdated" />
    </UnitTest>
    <UnitTest name="DeleteCrossReferenceValue_CorrectArguments_ValueDeleted" storage="f:\etwork\bin\tests\sysintgtests.icore.common.entities.dll" id="e1a52796-bd29-c801-8e94-72cc312ceb70">
      <Execution id="b89fba63-edb6-4fb6-ab63-9021fe31f6f3" />
      <TestMethod codeBase="F:\ETWork\bin\Tests\SysIntgTests.iCore.Common.Entities.dll" adapterTypeName="Microsoft.VisualStudio.TestTools.TestTypes.Unit.UnitTestAdapter" className="SysIntgTests.iCore.Common.Entities.CrossReferenceTableTests" name="DeleteCrossReferenceValue_CorrectArguments_ValueDeleted" />
    </UnitTest>
    <UnitTest name="SetAttributeValue_StringWithNonInvariantDecimalPointToFloatAttribute_ThrowsFormatException" storage="f:\etwork\bin\tests\sysintgtests.icore.common.entities.dll" id="0bdc8e44-ca03-d71b-f322-5b34093ab468">
      <TestCategory>
        <TestCategoryItem TestCategory="Entities" />
        <TestCategoryItem TestCategory="SystemIntegration" />
      </TestCategory>
      <Execution id="51058791-b45a-4551-bc60-6b8e0c2a931e" />
      <TestMethod codeBase="F:\ETWork\bin\Tests\SysIntgTests.iCore.Common.Entities.dll" adapterTypeName="Microsoft.VisualStudio.TestTools.TestTypes.Unit.UnitTestAdapter" className="SysIntgTests.iCore.Common.Entities.SettingTests" name="SetAttributeValue_StringWithNonInvariantDecimalPointToFloatAttribute_ThrowsFormatException" />
    </UnitTest>
    <UnitTest name="SetAttributeValue_IntegerValueToStringAttribute_Succeeds" storage="f:\etwork\bin\tests\sysintgtests.icore.common.entities.dll" id="074e3c8f-f7fd-92b6-015f-c1c1353ef070">
      <TestCategory>
        <TestCategoryItem TestCategory="Entities" />
        <TestCategoryItem TestCategory="SystemIntegration" />
      </TestCategory>
      <Execution id="afc75a46-cd7b-48c5-ad65-8ce9bd1b51c1" />
      <TestMethod codeBase="F:\ETWork\bin\Tests\SysIntgTests.iCore.Common.Entities.dll" adapterTypeName="Microsoft.VisualStudio.TestTools.TestTypes.Unit.UnitTestAdapter" className="SysIntgTests.iCore.Common.Entities.SettingTests" name="SetAttributeValue_IntegerValueToStringAttribute_Succeeds" />
    </UnitTest>
    <UnitTest name="SetAttributeValue_IntegerValueToFloatAttribute_Succeeds" storage="f:\etwork\bin\tests\sysintgtests.icore.common.entities.dll" id="a084d61d-8e8b-b069-974c-2a2fe0bd4eef">
      <TestCategory>
        <TestCategoryItem TestCategory="Entities" />
        <TestCategoryItem TestCategory="SystemIntegration" />
      </TestCategory>
      <Execution id="dd694431-a8e5-4fe3-ac61-2ce7444e4be1" />
      <TestMethod codeBase="F:\ETWork\bin\Tests\SysIntgTests.iCore.Common.Entities.dll" adapterTypeName="Microsoft.VisualStudio.TestTools.TestTypes.Unit.UnitTestAdapter" className="SysIntgTests.iCore.Common.Entities.SettingTests" name="SetAttributeValue_IntegerValueToFloatAttribute_Succeeds" />
    </UnitTest>
    <UnitTest name="SetAttributeValue_FloatValueToStringAttribute_Succeeds" storage="f:\etwork\bin\tests\sysintgtests.icore.common.entities.dll" id="ca2a3529-6fe2-9772-dc71-80600c8a534c">
      <TestCategory>
        <TestCategoryItem TestCategory="Entities" />
        <TestCategoryItem TestCategory="SystemIntegration" />
      </TestCategory>
      <Execution id="d3887d66-676a-4926-8cda-0f11e6cc9b4b" />
      <TestMethod codeBase="F:\ETWork\bin\Tests\SysIntgTests.iCore.Common.Entities.dll" adapterTypeName="Microsoft.VisualStudio.TestTools.TestTypes.Unit.UnitTestAdapter" className="SysIntgTests.iCore.Common.Entities.SettingTests" name="SetAttributeValue_FloatValueToStringAttribute_Succeeds" />
    </UnitTest>
    <UnitTest name="AddAttributes_ValidArgumentsAnd2Attributes_AttributesAdded" storage="f:\etwork\bin\tests\sysintgtests.icore.common.entities.dll" id="aa99ca40-aeec-6003-abc8-a990f1a031ef">
      <TestCategory>
        <TestCategoryItem TestCategory="Entities" />
        <TestCategoryItem TestCategory="SystemIntegration" />
      </TestCategory>
      <Execution id="b2f7d476-7de0-4771-974b-7dd0ac9404c8" />
      <TestMethod codeBase="F:\ETWork\bin\Tests\SysIntgTests.iCore.Common.Entities.dll" adapterTypeName="Microsoft.VisualStudio.TestTools.TestTypes.Unit.UnitTestAdapter" className="SysIntgTests.iCore.Common.Entities.SettingTests" name="AddAttributes_ValidArgumentsAnd2Attributes_AttributesAdded" />
    </UnitTest>
    <UnitTest name="AddAttributes_ValidArgumentsAnd1Attribute_AttributesAdded" storage="f:\etwork\bin\tests\sysintgtests.icore.common.entities.dll" id="53181a6e-86d2-5664-7408-2a617753dd9d">
      <TestCategory>
        <TestCategoryItem TestCategory="Entities" />
        <TestCategoryItem TestCategory="SystemIntegration" />
      </TestCategory>
      <Execution id="608a5ef5-0493-49a8-8446-b281a1499df1" />
      <TestMethod codeBase="F:\ETWork\bin\Tests\SysIntgTests.iCore.Common.Entities.dll" adapterTypeName="Microsoft.VisualStudio.TestTools.TestTypes.Unit.UnitTestAdapter" className="SysIntgTests.iCore.Common.Entities.SettingTests" name="AddAttributes_ValidArgumentsAnd1Attribute_AttributesAdded" />
    </UnitTest>
    <UnitTest name="AddAttributes_ValidArgumentsAndNoAttributes_NoAttributesAdded" storage="f:\etwork\bin\tests\sysintgtests.icore.common.entities.dll" id="0b342f9c-a954-9f80-3092-9322eba68445">
      <TestCategory>
        <TestCategoryItem TestCategory="Entities" />
        <TestCategoryItem TestCategory="SystemIntegration" />
      </TestCategory>
      <Execution id="5ed86775-3a59-454c-9b3b-495823302a6a" />
      <TestMethod codeBase="F:\ETWork\bin\Tests\SysIntgTests.iCore.Common.Entities.dll" adapterTypeName="Microsoft.VisualStudio.TestTools.TestTypes.Unit.UnitTestAdapter" className="SysIntgTests.iCore.Common.Entities.SettingTests" name="AddAttributes_ValidArgumentsAndNoAttributes_NoAttributesAdded" />
    </UnitTest>
    <UnitTest name="AddAttributes_ValidArgumentsAndNullAttributes_NoAttributesAdded" storage="f:\etwork\bin\tests\sysintgtests.icore.common.entities.dll" id="381a5564-a4ef-f87f-b7ef-7dbe2b9a6613">
      <TestCategory>
        <TestCategoryItem TestCategory="Entities" />
        <TestCategoryItem TestCategory="SystemIntegration" />
      </TestCategory>
      <Execution id="4b2c6128-8d75-4585-8aa3-69c889ce17e4" />
      <TestMethod codeBase="F:\ETWork\bin\Tests\SysIntgTests.iCore.Common.Entities.dll" adapterTypeName="Microsoft.VisualStudio.TestTools.TestTypes.Unit.UnitTestAdapter" className="SysIntgTests.iCore.Common.Entities.SettingTests" name="AddAttributes_ValidArgumentsAndNullAttributes_NoAttributesAdded" />
    </UnitTest>
    <UnitTest name="AddAttributes_NonExistentAttribute_ThrowsEntityNotFoundException" storage="f:\etwork\bin\tests\sysintgtests.icore.common.entities.dll" id="b9df65b6-1c8d-5eac-08e6-0ecc3079a24a">
      <TestCategory>
        <TestCategoryItem TestCategory="Entities" />
        <TestCategoryItem TestCategory="SystemIntegration" />
      </TestCategory>
      <Execution id="7cd1ff16-026a-4f8c-9b72-1d8eaf85e463" />
      <TestMethod codeBase="F:\ETWork\bin\Tests\SysIntgTests.iCore.Common.Entities.dll" adapterTypeName="Microsoft.VisualStudio.TestTools.TestTypes.Unit.UnitTestAdapter" className="SysIntgTests.iCore.Common.Entities.SettingTests" name="AddAttributes_NonExistentAttribute_ThrowsEntityNotFoundException" />
    </UnitTest>
    <UnitTest name="AddAttributes_NonExistentSetting_ThrowsEntityNotFoundException" storage="f:\etwork\bin\tests\sysintgtests.icore.common.entities.dll" id="18e1eba3-447d-be99-6af0-823717bb4875">
      <TestCategory>
        <TestCategoryItem TestCategory="Entities" />
        <TestCategoryItem TestCategory="SystemIntegration" />
      </TestCategory>
      <Execution id="9d9c3728-cec0-490b-a9e8-ebf4f98d5c54" />
      <TestMethod codeBase="F:\ETWork\bin\Tests\SysIntgTests.iCore.Common.Entities.dll" adapterTypeName="Microsoft.VisualStudio.TestTools.TestTypes.Unit.UnitTestAdapter" className="SysIntgTests.iCore.Common.Entities.SettingTests" name="AddAttributes_NonExistentSetting_ThrowsEntityNotFoundException" />
    </UnitTest>
    <UnitTest name="AddAttributes_ProtectedAttributeAndSystemSetToEncrypt_AttributesValueAddedEncryped" storage="f:\etwork\bin\tests\sysintgtests.icore.common.entities.dll" id="7c05bab9-f637-2c3b-5dbe-afcaed0f4c83">
      <TestCategory>
        <TestCategoryItem TestCategory="Entities" />
        <TestCategoryItem TestCategory="SystemIntegration" />
      </TestCategory>
      <Execution id="0d2f6ea9-4477-4fe6-8b75-320ea5ee3486" />
      <TestMethod codeBase="F:\ETWork\bin\Tests\SysIntgTests.iCore.Common.Entities.dll" adapterTypeName="Microsoft.VisualStudio.TestTools.TestTypes.Unit.UnitTestAdapter" className="SysIntgTests.iCore.Common.Entities.SettingTests" name="AddAttributes_ProtectedAttributeAndSystemSetToEncrypt_AttributesValueAddedEncryped" />
    </UnitTest>
    <UnitTest name="Import_NewSettingImported_SettingIsAdded" storage="f:\etwork\bin\tests\sysintgtests.icore.common.entities.dll" id="ea449f51-1d1e-98f6-62ed-c13293bd5179">
      <TestCategory>
        <TestCategoryItem TestCategory="Entities" />
        <TestCategoryItem TestCategory="SystemIntegration" />
      </TestCategory>
      <Execution id="f60b9c25-71e2-4698-8e73-edf9a2e60e06" />
      <TestMethod codeBase="F:\ETWork\bin\Tests\SysIntgTests.iCore.Common.Entities.dll" adapterTypeName="Microsoft.VisualStudio.TestTools.TestTypes.Unit.UnitTestAdapter" className="SysIntgTests.iCore.Common.Entities.SettingTests" name="Import_NewSettingImported_SettingIsAdded" />
    </UnitTest>
    <UnitTest name="Import_SettingExists_SettingIsOverwritten" storage="f:\etwork\bin\tests\sysintgtests.icore.common.entities.dll" id="5af7b2bd-63fa-a62a-8222-e80487c24a5d">
      <TestCategory>
        <TestCategoryItem TestCategory="Entities" />
        <TestCategoryItem TestCategory="SystemIntegration" />
      </TestCategory>
      <Execution id="de6c4f78-ef0a-41b3-9627-e6fce0e6e5b5" />
      <TestMethod codeBase="F:\ETWork\bin\Tests\SysIntgTests.iCore.Common.Entities.dll" adapterTypeName="Microsoft.VisualStudio.TestTools.TestTypes.Unit.UnitTestAdapter" className="SysIntgTests.iCore.Common.Entities.SettingTests" name="Import_SettingExists_SettingIsOverwritten" />
    </UnitTest>
    <UnitTest name="Import_SettingExistsWithDifferentAttributeGroup_NoOrphanedReferencesForSetting" storage="f:\etwork\bin\tests\sysintgtests.icore.common.entities.dll" id="eabb2745-c87d-74b5-3a62-9a72d5d715de">
      <TestCategory>
        <TestCategoryItem TestCategory="Entities" />
        <TestCategoryItem TestCategory="SystemIntegration" />
      </TestCategory>
      <Execution id="f5a2e20f-c8da-4d92-9b4d-9b46dc12056a" />
      <TestMethod codeBase="F:\ETWork\bin\Tests\SysIntgTests.iCore.Common.Entities.dll" adapterTypeName="Microsoft.VisualStudio.TestTools.TestTypes.Unit.UnitTestAdapter" className="SysIntgTests.iCore.Common.Entities.SettingTests" name="Import_SettingExistsWithDifferentAttributeGroup_NoOrphanedReferencesForSetting" />
    </UnitTest>
    <UnitTest name="UpdateAllGroups_ComplexProperties_Success" storage="f:\etwork\bin\tests\sysintgtests.icore.common.entities.dll" id="7fd6c5b6-5c3d-e75b-16c4-b6eed7f7e091">
      <TestCategory>
        <TestCategoryItem TestCategory="Entities" />
        <TestCategoryItem TestCategory="SystemIntegration" />
      </TestCategory>
      <Execution id="1210bab2-8ff3-44c4-a146-096faa5d09ad" />
      <TestMethod codeBase="F:\ETWork\bin\Tests\SysIntgTests.iCore.Common.Entities.dll" adapterTypeName="Microsoft.VisualStudio.TestTools.TestTypes.Unit.UnitTestAdapter" className="SysIntgTests.iCore.Common.Entities.SettingTests" name="UpdateAllGroups_ComplexProperties_Success" />
    </UnitTest>
    <UnitTest name="ListIsProtected_ComplexProperties_ReturnsProtectedSettings" storage="f:\etwork\bin\tests\sysintgtests.icore.common.entities.dll" id="28169486-f973-bb92-6266-fbbe2bb942dc">
      <Execution id="50d928f9-0e64-42e3-b496-9301f2f6537a" />
      <TestMethod codeBase="F:\ETWork\bin\Tests\SysIntgTests.iCore.Common.Entities.dll" adapterTypeName="Microsoft.VisualStudio.TestTools.TestTypes.Unit.UnitTestAdapter" className="SysIntgTests.iCore.Common.Entities.SettingTests" name="ListIsProtected_ComplexProperties_ReturnsProtectedSettings" />
    </UnitTest>
    <UnitTest name="DefaultValueFromAttribute_ExistingProtectedStringAttribute_ReturnsCorrectValue" storage="f:\etwork\bin\tests\sysintgtests.icore.common.entities.dll" id="1df4a223-acc2-d9db-c222-8478bcd1218e">
      <TestCategory>
        <TestCategoryItem TestCategory="Entities" />
        <TestCategoryItem TestCategory="SystemIntegration" />
      </TestCategory>
      <Execution id="aabe4d49-d5dd-4220-9f59-c64f69bb68b9" />
      <TestMethod codeBase="F:\ETWork\bin\Tests\SysIntgTests.iCore.Common.Entities.dll" adapterTypeName="Microsoft.VisualStudio.TestTools.TestTypes.Unit.UnitTestAdapter" className="SysIntgTests.iCore.Common.Entities.SettingTests" name="DefaultValueFromAttribute_ExistingProtectedStringAttribute_ReturnsCorrectValue" />
    </UnitTest>
    <UnitTest name="DefaultValueFromAttribute_ExistingProtectedIntegerAttribute_ReturnsCorrectValue" storage="f:\etwork\bin\tests\sysintgtests.icore.common.entities.dll" id="470a13c6-53f9-2b30-a027-9ec263b64f4e">
      <TestCategory>
        <TestCategoryItem TestCategory="Entities" />
        <TestCategoryItem TestCategory="SystemIntegration" />
      </TestCategory>
      <Execution id="6cfed73b-888b-46a2-a4c1-48aa5076831b" />
      <TestMethod codeBase="F:\ETWork\bin\Tests\SysIntgTests.iCore.Common.Entities.dll" adapterTypeName="Microsoft.VisualStudio.TestTools.TestTypes.Unit.UnitTestAdapter" className="SysIntgTests.iCore.Common.Entities.SettingTests" name="DefaultValueFromAttribute_ExistingProtectedIntegerAttribute_ReturnsCorrectValue" />
    </UnitTest>
    <UnitTest name="DefaultValueFromAttribute_ExistingProtectedFloatAttribute_ReturnsCorrectValue" storage="f:\etwork\bin\tests\sysintgtests.icore.common.entities.dll" id="5c9dbffb-269a-7656-c0b7-f1b9c1266253">
      <TestCategory>
        <TestCategoryItem TestCategory="Entities" />
        <TestCategoryItem TestCategory="SystemIntegration" />
      </TestCategory>
      <Execution id="89e9597c-7c00-4902-939d-a04a911a56b3" />
      <TestMethod codeBase="F:\ETWork\bin\Tests\SysIntgTests.iCore.Common.Entities.dll" adapterTypeName="Microsoft.VisualStudio.TestTools.TestTypes.Unit.UnitTestAdapter" className="SysIntgTests.iCore.Common.Entities.SettingTests" name="DefaultValueFromAttribute_ExistingProtectedFloatAttribute_ReturnsCorrectValue" />
    </UnitTest>
    <UnitTest name="DefaultValueFromAttribute_ExistingProtectedStringAttributeWithNoDefault_ReturnsCorrectValue" storage="f:\etwork\bin\tests\sysintgtests.icore.common.entities.dll" id="acd04e07-fba0-9e9d-7c2a-466fe92b17c4">
      <TestCategory>
        <TestCategoryItem TestCategory="Entities" />
        <TestCategoryItem TestCategory="SystemIntegration" />
      </TestCategory>
      <Execution id="33585c1e-b431-440f-9c8d-429561c1124d" />
      <TestMethod codeBase="F:\ETWork\bin\Tests\SysIntgTests.iCore.Common.Entities.dll" adapterTypeName="Microsoft.VisualStudio.TestTools.TestTypes.Unit.UnitTestAdapter" className="SysIntgTests.iCore.Common.Entities.SettingTests" name="DefaultValueFromAttribute_ExistingProtectedStringAttributeWithNoDefault_ReturnsCorrectValue" />
    </UnitTest>
    <UnitTest name="ValueFromAttributeValue_ExistingProtectedStringAttribute_ReturnsCorrectValue" storage="f:\etwork\bin\tests\sysintgtests.icore.common.entities.dll" id="061478ba-bcea-4e2f-ce84-9f7dc795900c">
      <TestCategory>
        <TestCategoryItem TestCategory="Entities" />
        <TestCategoryItem TestCategory="SystemIntegration" />
      </TestCategory>
      <Execution id="e04ca43b-1686-41d2-aa8f-f1c2fdd8cf2b" />
      <TestMethod codeBase="F:\ETWork\bin\Tests\SysIntgTests.iCore.Common.Entities.dll" adapterTypeName="Microsoft.VisualStudio.TestTools.TestTypes.Unit.UnitTestAdapter" className="SysIntgTests.iCore.Common.Entities.SettingTests" name="ValueFromAttributeValue_ExistingProtectedStringAttribute_ReturnsCorrectValue" />
    </UnitTest>
    <UnitTest name="ValueFromAttributeValue_ExistingProtectedIntegerAttribute_ReturnsCorrectValue" storage="f:\etwork\bin\tests\sysintgtests.icore.common.entities.dll" id="beda1b1f-fcd2-1728-61fb-0391f306405d">
      <TestCategory>
        <TestCategoryItem TestCategory="Entities" />
        <TestCategoryItem TestCategory="SystemIntegration" />
      </TestCategory>
      <Execution id="e26b864f-d649-47e6-9f28-1c24467a16b6" />
      <TestMethod codeBase="F:\ETWork\bin\Tests\SysIntgTests.iCore.Common.Entities.dll" adapterTypeName="Microsoft.VisualStudio.TestTools.TestTypes.Unit.UnitTestAdapter" className="SysIntgTests.iCore.Common.Entities.SettingTests" name="ValueFromAttributeValue_ExistingProtectedIntegerAttribute_ReturnsCorrectValue" />
    </UnitTest>
    <UnitTest name="ValueFromAttributeValue_ExistingProtectedFloatAttribute_ReturnsCorrectValue" storage="f:\etwork\bin\tests\sysintgtests.icore.common.entities.dll" id="78f6abe0-cc49-fc82-ab88-689ee7df4061">
      <TestCategory>
        <TestCategoryItem TestCategory="Entities" />
        <TestCategoryItem TestCategory="SystemIntegration" />
      </TestCategory>
      <Execution id="20aa4bc1-7f54-47da-85a7-78f26b2951fd" />
      <TestMethod codeBase="F:\ETWork\bin\Tests\SysIntgTests.iCore.Common.Entities.dll" adapterTypeName="Microsoft.VisualStudio.TestTools.TestTypes.Unit.UnitTestAdapter" className="SysIntgTests.iCore.Common.Entities.SettingTests" name="ValueFromAttributeValue_ExistingProtectedFloatAttribute_ReturnsCorrectValue" />
    </UnitTest>
    <UnitTest name="UpdateAttributes_ExistingProtectedStringAttribute_PersistsEncryptedValue" storage="f:\etwork\bin\tests\sysintgtests.icore.common.entities.dll" id="f085acbd-439c-4d25-189d-bfcd3df248ff">
      <TestCategory>
        <TestCategoryItem TestCategory="Entities" />
        <TestCategoryItem TestCategory="SystemIntegration" />
      </TestCategory>
      <Execution id="f37888ea-1a7f-4832-b3c1-30ba50486099" />
      <TestMethod codeBase="F:\ETWork\bin\Tests\SysIntgTests.iCore.Common.Entities.dll" adapterTypeName="Microsoft.VisualStudio.TestTools.TestTypes.Unit.UnitTestAdapter" className="SysIntgTests.iCore.Common.Entities.SettingTests" name="UpdateAttributes_ExistingProtectedStringAttribute_PersistsEncryptedValue" />
    </UnitTest>
    <UnitTest name="UpdateAttributes_ExistingProtectedIntegerAttribute_PersistsEncryptedValue" storage="f:\etwork\bin\tests\sysintgtests.icore.common.entities.dll" id="3671dcf1-7b40-85fd-920b-f263628a76ae">
      <TestCategory>
        <TestCategoryItem TestCategory="Entities" />
        <TestCategoryItem TestCategory="SystemIntegration" />
      </TestCategory>
      <Execution id="9b58022d-a75b-4119-a367-da5830ff6b06" />
      <TestMethod codeBase="F:\ETWork\bin\Tests\SysIntgTests.iCore.Common.Entities.dll" adapterTypeName="Microsoft.VisualStudio.TestTools.TestTypes.Unit.UnitTestAdapter" className="SysIntgTests.iCore.Common.Entities.SettingTests" name="UpdateAttributes_ExistingProtectedIntegerAttribute_PersistsEncryptedValue" />
    </UnitTest>
    <UnitTest name="UpdateAttributes_ExistingProtectedFloatAttribute_PersistsEncryptedValue" storage="f:\etwork\bin\tests\sysintgtests.icore.common.entities.dll" id="b8c120e3-6401-e6cd-7c77-b1849b1e2988">
      <TestCategory>
        <TestCategoryItem TestCategory="Entities" />
        <TestCategoryItem TestCategory="SystemIntegration" />
      </TestCategory>
      <Execution id="9af0ba01-42da-4430-814d-12a05bf2c2b6" />
      <TestMethod codeBase="F:\ETWork\bin\Tests\SysIntgTests.iCore.Common.Entities.dll" adapterTypeName="Microsoft.VisualStudio.TestTools.TestTypes.Unit.UnitTestAdapter" className="SysIntgTests.iCore.Common.Entities.SettingTests" name="UpdateAttributes_ExistingProtectedFloatAttribute_PersistsEncryptedValue" />
    </UnitTest>
    <UnitTest name="GetAttributeValue_ExistingProtectedStringAttributeWithIntegerGenericTypeArgument_ReturnsCorrectValue" storage="f:\etwork\bin\tests\sysintgtests.icore.common.entities.dll" id="2c2991e8-c59c-77ba-6dd2-7a9b588be305">
      <TestCategory>
        <TestCategoryItem TestCategory="Entities" />
        <TestCategoryItem TestCategory="SystemIntegration" />
      </TestCategory>
      <Execution id="8a1bfa0d-2fa3-4dd2-a576-1041a1d62a26" />
      <TestMethod codeBase="F:\ETWork\bin\Tests\SysIntgTests.iCore.Common.Entities.dll" adapterTypeName="Microsoft.VisualStudio.TestTools.TestTypes.Unit.UnitTestAdapter" className="SysIntgTests.iCore.Common.Entities.SettingTests" name="GetAttributeValue_ExistingProtectedStringAttributeWithIntegerGenericTypeArgument_ReturnsCorrectValue" />
    </UnitTest>
    <UnitTest name="GetAttributeValue_ExistingProtectedIntegerAttributeWithIntegerGenericTypeArgument_ReturnsCorrectValue" storage="f:\etwork\bin\tests\sysintgtests.icore.common.entities.dll" id="2d0204ac-b76f-ca1a-c274-6fb5083b388b">
      <TestCategory>
        <TestCategoryItem TestCategory="Entities" />
        <TestCategoryItem TestCategory="SystemIntegration" />
      </TestCategory>
      <Execution id="a8baef17-ad9b-47f0-8685-c47beb3fb6a9" />
      <TestMethod codeBase="F:\ETWork\bin\Tests\SysIntgTests.iCore.Common.Entities.dll" adapterTypeName="Microsoft.VisualStudio.TestTools.TestTypes.Unit.UnitTestAdapter" className="SysIntgTests.iCore.Common.Entities.SettingTests" name="GetAttributeValue_ExistingProtectedIntegerAttributeWithIntegerGenericTypeArgument_ReturnsCorrectValue" />
    </UnitTest>
    <UnitTest name="GetAttributeValue_ExistingProtectedFloatAttributeWithIntegerGenericTypeArgument_ReturnsCorrectValue" storage="f:\etwork\bin\tests\sysintgtests.icore.common.entities.dll" id="7e0f7e55-0bb3-4d0b-d2d7-ccda912bd0ce">
      <TestCategory>
        <TestCategoryItem TestCategory="Entities" />
        <TestCategoryItem TestCategory="SystemIntegration" />
      </TestCategory>
      <Execution id="39f694c2-4447-40be-b345-e92eae30d9af" />
      <TestMethod codeBase="F:\ETWork\bin\Tests\SysIntgTests.iCore.Common.Entities.dll" adapterTypeName="Microsoft.VisualStudio.TestTools.TestTypes.Unit.UnitTestAdapter" className="SysIntgTests.iCore.Common.Entities.SettingTests" name="GetAttributeValue_ExistingProtectedFloatAttributeWithIntegerGenericTypeArgument_ReturnsCorrectValue" />
    </UnitTest>
    <UnitTest name="SetAttributeValue_ExistingProtectedStringAttributeWithIntegerGenericTypeArgument_ReturnsCorrectValue" storage="f:\etwork\bin\tests\sysintgtests.icore.common.entities.dll" id="9d581f4c-c523-fb6b-ad58-4041968da3a8">
      <TestCategory>
        <TestCategoryItem TestCategory="Entities" />
        <TestCategoryItem TestCategory="SystemIntegration" />
      </TestCategory>
      <Execution id="5d3138ca-7f97-4442-bc77-121d7c7ffe0c" />
      <TestMethod codeBase="F:\ETWork\bin\Tests\SysIntgTests.iCore.Common.Entities.dll" adapterTypeName="Microsoft.VisualStudio.TestTools.TestTypes.Unit.UnitTestAdapter" className="SysIntgTests.iCore.Common.Entities.SettingTests" name="SetAttributeValue_ExistingProtectedStringAttributeWithIntegerGenericTypeArgument_ReturnsCorrectValue" />
    </UnitTest>
    <UnitTest name="SetAttributeValue_ExistingProtectedIntegerAttributeWithIntegerGenericTypeArgument_ReturnsCorrectValue" storage="f:\etwork\bin\tests\sysintgtests.icore.common.entities.dll" id="d18d47e6-5611-0f97-34ba-b14cbceebb59">
      <TestCategory>
        <TestCategoryItem TestCategory="Entities" />
        <TestCategoryItem TestCategory="SystemIntegration" />
      </TestCategory>
      <Execution id="7c91472b-fa79-4039-9247-e438910fe744" />
      <TestMethod codeBase="F:\ETWork\bin\Tests\SysIntgTests.iCore.Common.Entities.dll" adapterTypeName="Microsoft.VisualStudio.TestTools.TestTypes.Unit.UnitTestAdapter" className="SysIntgTests.iCore.Common.Entities.SettingTests" name="SetAttributeValue_ExistingProtectedIntegerAttributeWithIntegerGenericTypeArgument_ReturnsCorrectValue" />
    </UnitTest>
    <UnitTest name="SetAttributeValue_ExistingProtectedFloatAttributeWithIntegerGenericTypeArgument_ReturnsCorrectValue" storage="f:\etwork\bin\tests\sysintgtests.icore.common.entities.dll" id="b2d399a0-06b0-240a-e72a-59bfd6deca2d">
      <TestCategory>
        <TestCategoryItem TestCategory="Entities" />
        <TestCategoryItem TestCategory="SystemIntegration" />
      </TestCategory>
      <Execution id="9838df4c-c1d4-4e00-b04c-ba5dd79ff081" />
      <TestMethod codeBase="F:\ETWork\bin\Tests\SysIntgTests.iCore.Common.Entities.dll" adapterTypeName="Microsoft.VisualStudio.TestTools.TestTypes.Unit.UnitTestAdapter" className="SysIntgTests.iCore.Common.Entities.SettingTests" name="SetAttributeValue_ExistingProtectedFloatAttributeWithIntegerGenericTypeArgument_ReturnsCorrectValue" />
    </UnitTest>
    <UnitTest name="SetAttributeValue_ExistingProtectedFloatSetWithNewFloatAndSystemNotEncrypted_ValueIsSetUnEncrypted" storage="f:\etwork\bin\tests\sysintgtests.icore.common.entities.dll" id="e0030da8-e14f-7213-c069-bde0e73aadbb">
      <TestCategory>
        <TestCategoryItem TestCategory="Entities" />
        <TestCategoryItem TestCategory="SystemIntegration" />
      </TestCategory>
      <Execution id="3353d5ff-2cf6-4a19-aa48-fdef236cf550" />
      <TestMethod codeBase="F:\ETWork\bin\Tests\SysIntgTests.iCore.Common.Entities.dll" adapterTypeName="Microsoft.VisualStudio.TestTools.TestTypes.Unit.UnitTestAdapter" className="SysIntgTests.iCore.Common.Entities.SettingTests" name="SetAttributeValue_ExistingProtectedFloatSetWithNewFloatAndSystemNotEncrypted_ValueIsSetUnEncrypted" />
    </UnitTest>
    <UnitTest name="SetAttributeValue_ExistingProtectedFloatSetWithNewFloatAndSystemEncryptionDeactivated_ValueIsSetUnEncrypted" storage="f:\etwork\bin\tests\sysintgtests.icore.common.entities.dll" id="61370792-8237-ede0-64ad-1e732a029cda">
      <TestCategory>
        <TestCategoryItem TestCategory="Entities" />
        <TestCategoryItem TestCategory="SystemIntegration" />
      </TestCategory>
      <Execution id="82a90f6e-ccaf-484c-b128-b1c34c05b9cb" />
      <TestMethod codeBase="F:\ETWork\bin\Tests\SysIntgTests.iCore.Common.Entities.dll" adapterTypeName="Microsoft.VisualStudio.TestTools.TestTypes.Unit.UnitTestAdapter" className="SysIntgTests.iCore.Common.Entities.SettingTests" name="SetAttributeValue_ExistingProtectedFloatSetWithNewFloatAndSystemEncryptionDeactivated_ValueIsSetUnEncrypted" />
    </UnitTest>
    <UnitTest name="SetAttributeValue_ExistingProtectedIntegerSetWithNewIntegerAndSystemNotEncrypted_ValueIsSetUnEncrypted" storage="f:\etwork\bin\tests\sysintgtests.icore.common.entities.dll" id="f76079c1-5ac6-2df7-0c13-a5cbd13e239f">
      <TestCategory>
        <TestCategoryItem TestCategory="Entities" />
        <TestCategoryItem TestCategory="SystemIntegration" />
      </TestCategory>
      <Execution id="1e1ad0fa-c6f6-4bad-be0a-38b0b16372bb" />
      <TestMethod codeBase="F:\ETWork\bin\Tests\SysIntgTests.iCore.Common.Entities.dll" adapterTypeName="Microsoft.VisualStudio.TestTools.TestTypes.Unit.UnitTestAdapter" className="SysIntgTests.iCore.Common.Entities.SettingTests" name="SetAttributeValue_ExistingProtectedIntegerSetWithNewIntegerAndSystemNotEncrypted_ValueIsSetUnEncrypted" />
    </UnitTest>
    <UnitTest name="SetAttributeValue_ExistingProtectedIntegerSetWithNewIntegerAndSystemEncryptionDeactivated_ValueIsSetUnEncrypted" storage="f:\etwork\bin\tests\sysintgtests.icore.common.entities.dll" id="aa24a3b4-33e5-6f53-c2f6-937216cd2af3">
      <TestCategory>
        <TestCategoryItem TestCategory="Entities" />
        <TestCategoryItem TestCategory="SystemIntegration" />
      </TestCategory>
      <Execution id="96c00af8-8248-4edb-bede-286e6a34f777" />
      <TestMethod codeBase="F:\ETWork\bin\Tests\SysIntgTests.iCore.Common.Entities.dll" adapterTypeName="Microsoft.VisualStudio.TestTools.TestTypes.Unit.UnitTestAdapter" className="SysIntgTests.iCore.Common.Entities.SettingTests" name="SetAttributeValue_ExistingProtectedIntegerSetWithNewIntegerAndSystemEncryptionDeactivated_ValueIsSetUnEncrypted" />
    </UnitTest>
    <UnitTest name="SetAttributeValue_ExistingProtectedStringSetWithNewStringAndSystemNotEncrypted_ValueIsSetUnEncrypted" storage="f:\etwork\bin\tests\sysintgtests.icore.common.entities.dll" id="f83a0da9-7089-0b15-dfcf-4ea0679036fd">
      <TestCategory>
        <TestCategoryItem TestCategory="Entities" />
        <TestCategoryItem TestCategory="SystemIntegration" />
      </TestCategory>
      <Execution id="188fd818-7e5e-4f0d-b9b9-9914fd4f0b3a" />
      <TestMethod codeBase="F:\ETWork\bin\Tests\SysIntgTests.iCore.Common.Entities.dll" adapterTypeName="Microsoft.VisualStudio.TestTools.TestTypes.Unit.UnitTestAdapter" className="SysIntgTests.iCore.Common.Entities.SettingTests" name="SetAttributeValue_ExistingProtectedStringSetWithNewStringAndSystemNotEncrypted_ValueIsSetUnEncrypted" />
    </UnitTest>
    <UnitTest name="SetAttributeValue_ExistingProtectedStringSetWithNewStringAndSystemEncryptionDeactivated_ValueIsSetUnEncrypted" storage="f:\etwork\bin\tests\sysintgtests.icore.common.entities.dll" id="1affbe49-8d61-d1f1-0c65-ec8e3f207b86">
      <TestCategory>
        <TestCategoryItem TestCategory="Entities" />
        <TestCategoryItem TestCategory="SystemIntegration" />
      </TestCategory>
      <Execution id="9b87a987-e82a-4d7e-b067-8e690e1411d0" />
      <TestMethod codeBase="F:\ETWork\bin\Tests\SysIntgTests.iCore.Common.Entities.dll" adapterTypeName="Microsoft.VisualStudio.TestTools.TestTypes.Unit.UnitTestAdapter" className="SysIntgTests.iCore.Common.Entities.SettingTests" name="SetAttributeValue_ExistingProtectedStringSetWithNewStringAndSystemEncryptionDeactivated_ValueIsSetUnEncrypted" />
    </UnitTest>
    <UnitTest name="Validate_UpdateOnProtectedChangedAttributeUserDoesNotHaveRestrictedOperationDataAccess_Throws" storage="f:\etwork\bin\tests\sysintgtests.icore.common.entities.dll" id="0350f423-6ff4-0497-7aa5-269eb0887887">
      <TestCategory>
        <TestCategoryItem TestCategory="Entities" />
        <TestCategoryItem TestCategory="SystemIntegration" />
      </TestCategory>
      <Execution id="24ae04f9-d0d1-4953-89e4-a80984955ac2" />
      <TestMethod codeBase="F:\ETWork\bin\Tests\SysIntgTests.iCore.Common.Entities.dll" adapterTypeName="Microsoft.VisualStudio.TestTools.TestTypes.Unit.UnitTestAdapter" className="SysIntgTests.iCore.Common.Entities.SettingTests" name="Validate_UpdateOnProtectedChangedAttributeUserDoesNotHaveRestrictedOperationDataAccess_Throws" />
    </UnitTest>
    <UnitTest name="Validate_UpdateOnProtectedChangedAttributeUserHaveRestrictedOperationDataAccess_Succeeds" storage="f:\etwork\bin\tests\sysintgtests.icore.common.entities.dll" id="6dd069db-38ce-9e72-c5f7-0848c902e5d6">
      <TestCategory>
        <TestCategoryItem TestCategory="Entities" />
        <TestCategoryItem TestCategory="SystemIntegration" />
      </TestCategory>
      <Execution id="32ec2ded-0ec5-4783-bb51-dde0f259bb85" />
      <TestMethod codeBase="F:\ETWork\bin\Tests\SysIntgTests.iCore.Common.Entities.dll" adapterTypeName="Microsoft.VisualStudio.TestTools.TestTypes.Unit.UnitTestAdapter" className="SysIntgTests.iCore.Common.Entities.SettingTests" name="Validate_UpdateOnProtectedChangedAttributeUserHaveRestrictedOperationDataAccess_Succeeds" />
    </UnitTest>
    <UnitTest name="Validate_UnmodifiedProtectedAttributeTypeUserDoesNotHaveRestrictedOperationModifyProtectableConcurrentUpdateOfDefaultValue_Success" storage="f:\etwork\bin\tests\sysintgtests.icore.common.entities.dll" id="fdc67835-b297-0c9a-d974-89bbcc47a198">
      <TestCategory>
        <TestCategoryItem TestCategory="Entities" />
        <TestCategoryItem TestCategory="SystemIntegration" />
      </TestCategory>
      <Execution id="b720210f-5338-4d06-81f1-757d737cfd25" />
      <TestMethod codeBase="F:\ETWork\bin\Tests\SysIntgTests.iCore.Common.Entities.dll" adapterTypeName="Microsoft.VisualStudio.TestTools.TestTypes.Unit.UnitTestAdapter" className="SysIntgTests.iCore.Common.Entities.SettingTests" name="Validate_UnmodifiedProtectedAttributeTypeUserDoesNotHaveRestrictedOperationModifyProtectableConcurrentUpdateOfDefaultValue_Success" />
    </UnitTest>
    <UnitTest name="Validate_UnmodifiedProtectedAttributeUserDoesNotHaveRestrictedOperationModifyProtectableConcurrentUpdateOfValue_Success" storage="f:\etwork\bin\tests\sysintgtests.icore.common.entities.dll" id="9168d834-5f76-a66f-9b95-d99432c859a6">
      <TestCategory>
        <TestCategoryItem TestCategory="Entities" />
        <TestCategoryItem TestCategory="SystemIntegration" />
      </TestCategory>
      <Execution id="53f0bf2f-d5c8-4f9a-a371-421bce94b024" />
      <TestMethod codeBase="F:\ETWork\bin\Tests\SysIntgTests.iCore.Common.Entities.dll" adapterTypeName="Microsoft.VisualStudio.TestTools.TestTypes.Unit.UnitTestAdapter" className="SysIntgTests.iCore.Common.Entities.SettingTests" name="Validate_UnmodifiedProtectedAttributeUserDoesNotHaveRestrictedOperationModifyProtectableConcurrentUpdateOfValue_Success" />
    </UnitTest>
    <UnitTest name="SetAttributeValue_ProtectionPerformanceTest_Success" storage="f:\etwork\bin\tests\sysintgtests.icore.common.entities.dll" id="641fce7a-927f-c9bd-b53f-c9cf8847e0c6">
      <TestCategory>
        <TestCategoryItem TestCategory="SystemIntegration" />
        <TestCategoryItem TestCategory="Performance Test" />
        <TestCategoryItem TestCategory="Entities" />
      </TestCategory>
      <Execution id="79a2d6fc-9911-417c-a53c-b51460dc6366" />
      <TestMethod codeBase="F:\ETWork\bin\Tests\SysIntgTests.iCore.Common.Entities.dll" adapterTypeName="Microsoft.VisualStudio.TestTools.TestTypes.Unit.UnitTestAdapter" className="SysIntgTests.iCore.Common.Entities.SettingTests" name="SetAttributeValue_ProtectionPerformanceTest_Success" />
    </UnitTest>
    <UnitTest name="SetAttributeValue_ProtectionPerformanceTestWithRuntimeService_Success" storage="f:\etwork\bin\tests\sysintgtests.icore.common.entities.dll" id="bf214f8c-fe7d-0bf4-2f58-4d9125468eba">
      <TestCategory>
        <TestCategoryItem TestCategory="SystemIntegration" />
        <TestCategoryItem TestCategory="Performance Test" />
        <TestCategoryItem TestCategory="Entities" />
      </TestCategory>
      <Execution id="5f03aeb6-ddf2-42e2-b826-75cb1fa6a0dc" />
      <TestMethod codeBase="F:\ETWork\bin\Tests\SysIntgTests.iCore.Common.Entities.dll" adapterTypeName="Microsoft.VisualStudio.TestTools.TestTypes.Unit.UnitTestAdapter" className="SysIntgTests.iCore.Common.Entities.SettingTests" name="SetAttributeValue_ProtectionPerformanceTestWithRuntimeService_Success" />
    </UnitTest>
    <UnitTest name="GetAttributeValue_ProtectionPerformanceTest_Success" storage="f:\etwork\bin\tests\sysintgtests.icore.common.entities.dll" id="4a59a11c-200f-aa45-b1ae-53e8ed098cc3">
      <TestCategory>
        <TestCategoryItem TestCategory="SystemIntegration" />
        <TestCategoryItem TestCategory="Performance Test" />
        <TestCategoryItem TestCategory="Entities" />
      </TestCategory>
      <Execution id="1a462074-3f91-4ff0-960b-65165f5bf688" />
      <TestMethod codeBase="F:\ETWork\bin\Tests\SysIntgTests.iCore.Common.Entities.dll" adapterTypeName="Microsoft.VisualStudio.TestTools.TestTypes.Unit.UnitTestAdapter" className="SysIntgTests.iCore.Common.Entities.SettingTests" name="GetAttributeValue_ProtectionPerformanceTest_Success" />
    </UnitTest>
    <UnitTest name="GetAttributeValue_ProtectionPerformanceTestWithRuntimeService_Success" storage="f:\etwork\bin\tests\sysintgtests.icore.common.entities.dll" id="d1b499f1-eddf-e023-fb44-bb356fa24ce2">
      <TestCategory>
        <TestCategoryItem TestCategory="SystemIntegration" />
        <TestCategoryItem TestCategory="Performance Test" />
        <TestCategoryItem TestCategory="Entities" />
      </TestCategory>
      <Execution id="2e3168b8-9d56-4e53-aa2b-433615092809" />
      <TestMethod codeBase="F:\ETWork\bin\Tests\SysIntgTests.iCore.Common.Entities.dll" adapterTypeName="Microsoft.VisualStudio.TestTools.TestTypes.Unit.UnitTestAdapter" className="SysIntgTests.iCore.Common.Entities.SettingTests" name="GetAttributeValue_ProtectionPerformanceTestWithRuntimeService_Success" />
    </UnitTest>
    <UnitTest name="TrackedPropertyStates_AttributeTypeFetchedFromRepository_AllStatesAreFalse" storage="f:\etwork\bin\tests\sysintgtests.icore.common.entities.dll" id="32f08226-eab6-d048-9a51-fa591b1c6eed">
      <TestCategory>
        <TestCategoryItem TestCategory="Entities" />
        <TestCategoryItem TestCategory="SystemIntegration" />
      </TestCategory>
      <Execution id="57a471ea-85fb-4096-a742-680410e39416" />
      <TestMethod codeBase="F:\ETWork\bin\Tests\SysIntgTests.iCore.Common.Entities.dll" adapterTypeName="Microsoft.VisualStudio.TestTools.TestTypes.Unit.UnitTestAdapter" className="SysIntgTests.iCore.Common.Entities.SettingTests" name="TrackedPropertyStates_AttributeTypeFetchedFromRepository_AllStatesAreFalse" />
    </UnitTest>
    <UnitTest name="TrackedPropertyStates_AttributeTypeFetchedFromRepository_ThereAreTwoTrackedProperties" storage="f:\etwork\bin\tests\sysintgtests.icore.common.entities.dll" id="8aa4b9af-578a-6598-4ab7-bd3d302c08e1">
      <TestCategory>
        <TestCategoryItem TestCategory="Entities" />
        <TestCategoryItem TestCategory="SystemIntegration" />
      </TestCategory>
      <Execution id="f5713722-31e6-423e-92c1-31f6a4234a00" />
      <TestMethod codeBase="F:\ETWork\bin\Tests\SysIntgTests.iCore.Common.Entities.dll" adapterTypeName="Microsoft.VisualStudio.TestTools.TestTypes.Unit.UnitTestAdapter" className="SysIntgTests.iCore.Common.Entities.SettingTests" name="TrackedPropertyStates_AttributeTypeFetchedFromRepository_ThereAreTwoTrackedProperties" />
    </UnitTest>
    <UnitTest name="TrackedPropertyStates_IsProtectedIsChangedOnAttributeType_IsProtectedStateIsTrue" storage="f:\etwork\bin\tests\sysintgtests.icore.common.entities.dll" id="a132f518-a14c-4e32-443e-921647ec9b13">
      <TestCategory>
        <TestCategoryItem TestCategory="Entities" />
        <TestCategoryItem TestCategory="SystemIntegration" />
      </TestCategory>
      <Execution id="6a131272-313d-4e04-869b-580efa63c4f7" />
      <TestMethod codeBase="F:\ETWork\bin\Tests\SysIntgTests.iCore.Common.Entities.dll" adapterTypeName="Microsoft.VisualStudio.TestTools.TestTypes.Unit.UnitTestAdapter" className="SysIntgTests.iCore.Common.Entities.SettingTests" name="TrackedPropertyStates_IsProtectedIsChangedOnAttributeType_IsProtectedStateIsTrue" />
    </UnitTest>
    <UnitTest name="TrackedPropertyStates_DefaultValueIsChangedOnAttributeType_DefaultValueStateIsTrue" storage="f:\etwork\bin\tests\sysintgtests.icore.common.entities.dll" id="b87b29e8-a58f-957e-d35c-aeabc467944c">
      <TestCategory>
        <TestCategoryItem TestCategory="Entities" />
        <TestCategoryItem TestCategory="SystemIntegration" />
      </TestCategory>
      <Execution id="a0c8f62a-f623-4c2a-a61d-53e260774b1b" />
      <TestMethod codeBase="F:\ETWork\bin\Tests\SysIntgTests.iCore.Common.Entities.dll" adapterTypeName="Microsoft.VisualStudio.TestTools.TestTypes.Unit.UnitTestAdapter" className="SysIntgTests.iCore.Common.Entities.SettingTests" name="TrackedPropertyStates_DefaultValueIsChangedOnAttributeType_DefaultValueStateIsTrue" />
    </UnitTest>
    <UnitTest name="TrackedPropertyStates_IsProtectedIsSetWithSameValueOnAttributeType_IsProtectedStateIsFalse" storage="f:\etwork\bin\tests\sysintgtests.icore.common.entities.dll" id="077c1727-bbeb-fe6e-9369-9f6c6e2c4687">
      <TestCategory>
        <TestCategoryItem TestCategory="Entities" />
        <TestCategoryItem TestCategory="SystemIntegration" />
      </TestCategory>
      <Execution id="8dc59c37-d6ff-46e1-9483-60ce06124b1d" />
      <TestMethod codeBase="F:\ETWork\bin\Tests\SysIntgTests.iCore.Common.Entities.dll" adapterTypeName="Microsoft.VisualStudio.TestTools.TestTypes.Unit.UnitTestAdapter" className="SysIntgTests.iCore.Common.Entities.SettingTests" name="TrackedPropertyStates_IsProtectedIsSetWithSameValueOnAttributeType_IsProtectedStateIsFalse" />
    </UnitTest>
    <UnitTest name="TrackedPropertyStates_DefaultValueIsSetWithSameValueOnAttributeType_DefaultValueStateIsFalse" storage="f:\etwork\bin\tests\sysintgtests.icore.common.entities.dll" id="ec0c10f9-6573-396c-cae9-98e664d7dd54">
      <TestCategory>
        <TestCategoryItem TestCategory="Entities" />
        <TestCategoryItem TestCategory="SystemIntegration" />
      </TestCategory>
      <Execution id="f4736dc6-fbce-4651-be94-4c9c29b71ce1" />
      <TestMethod codeBase="F:\ETWork\bin\Tests\SysIntgTests.iCore.Common.Entities.dll" adapterTypeName="Microsoft.VisualStudio.TestTools.TestTypes.Unit.UnitTestAdapter" className="SysIntgTests.iCore.Common.Entities.SettingTests" name="TrackedPropertyStates_DefaultValueIsSetWithSameValueOnAttributeType_DefaultValueStateIsFalse" />
    </UnitTest>
    <UnitTest name="TrackedPropertyStates_IsProtectedIsChangedOnAttributeTypeThenUpdated_IsProtectedStateIsFalse" storage="f:\etwork\bin\tests\sysintgtests.icore.common.entities.dll" id="e95ba1d6-b047-9d32-d5d7-1bfb237412bd">
      <TestCategory>
        <TestCategoryItem TestCategory="Entities" />
        <TestCategoryItem TestCategory="SystemIntegration" />
      </TestCategory>
      <Execution id="0ca61312-dc63-4004-a212-a69eab4b909b" />
      <TestMethod codeBase="F:\ETWork\bin\Tests\SysIntgTests.iCore.Common.Entities.dll" adapterTypeName="Microsoft.VisualStudio.TestTools.TestTypes.Unit.UnitTestAdapter" className="SysIntgTests.iCore.Common.Entities.SettingTests" name="TrackedPropertyStates_IsProtectedIsChangedOnAttributeTypeThenUpdated_IsProtectedStateIsFalse" />
    </UnitTest>
    <UnitTest name="TrackedPropertyStates_DefaultValueIsChangedOnAttributeTypeThenUpdated_DefaultValueStateIsFalse" storage="f:\etwork\bin\tests\sysintgtests.icore.common.entities.dll" id="dc0eef22-eed1-5a9b-0276-9e8a6d3b0457">
      <TestCategory>
        <TestCategoryItem TestCategory="Entities" />
        <TestCategoryItem TestCategory="SystemIntegration" />
      </TestCategory>
      <Execution id="38e1b7a8-6ced-4df7-80ee-002686355ac1" />
      <TestMethod codeBase="F:\ETWork\bin\Tests\SysIntgTests.iCore.Common.Entities.dll" adapterTypeName="Microsoft.VisualStudio.TestTools.TestTypes.Unit.UnitTestAdapter" className="SysIntgTests.iCore.Common.Entities.SettingTests" name="TrackedPropertyStates_DefaultValueIsChangedOnAttributeTypeThenUpdated_DefaultValueStateIsFalse" />
    </UnitTest>
    <UnitTest name="TrackedPropertyStates_OnAttributeValueFetchedFromRepository_AllStatesAreFalse" storage="f:\etwork\bin\tests\sysintgtests.icore.common.entities.dll" id="a052c6f6-a87b-7906-a8a1-93f3eb1a69f5">
      <TestCategory>
        <TestCategoryItem TestCategory="Entities" />
        <TestCategoryItem TestCategory="SystemIntegration" />
      </TestCategory>
      <Execution id="f28b3311-9e37-45d8-a0c9-7dfc07b86a9a" />
      <TestMethod codeBase="F:\ETWork\bin\Tests\SysIntgTests.iCore.Common.Entities.dll" adapterTypeName="Microsoft.VisualStudio.TestTools.TestTypes.Unit.UnitTestAdapter" className="SysIntgTests.iCore.Common.Entities.SettingTests" name="TrackedPropertyStates_OnAttributeValueFetchedFromRepository_AllStatesAreFalse" />
    </UnitTest>
    <UnitTest name="TrackedPropertyStates_OnAttributeValueFetchedFromRepository_ThereIsOneTrackedProperty" storage="f:\etwork\bin\tests\sysintgtests.icore.common.entities.dll" id="7c47f98f-4df1-0256-a8a5-9a036bac283a">
      <TestCategory>
        <TestCategoryItem TestCategory="Entities" />
        <TestCategoryItem TestCategory="SystemIntegration" />
      </TestCategory>
      <Execution id="846668fd-14e2-41be-ac20-7e25cd02c113" />
      <TestMethod codeBase="F:\ETWork\bin\Tests\SysIntgTests.iCore.Common.Entities.dll" adapterTypeName="Microsoft.VisualStudio.TestTools.TestTypes.Unit.UnitTestAdapter" className="SysIntgTests.iCore.Common.Entities.SettingTests" name="TrackedPropertyStates_OnAttributeValueFetchedFromRepository_ThereIsOneTrackedProperty" />
    </UnitTest>
    <UnitTest name="TrackedPropertyStates_ValueIsChangedOnAttributeValue_ValuesStateIsTrue" storage="f:\etwork\bin\tests\sysintgtests.icore.common.entities.dll" id="1ca030be-56df-6db4-e3bb-8b3b5c504547">
      <TestCategory>
        <TestCategoryItem TestCategory="Entities" />
        <TestCategoryItem TestCategory="SystemIntegration" />
      </TestCategory>
      <Execution id="aa005ee6-4728-4f91-8b3d-8853b7b4d9ee" />
      <TestMethod codeBase="F:\ETWork\bin\Tests\SysIntgTests.iCore.Common.Entities.dll" adapterTypeName="Microsoft.VisualStudio.TestTools.TestTypes.Unit.UnitTestAdapter" className="SysIntgTests.iCore.Common.Entities.SettingTests" name="TrackedPropertyStates_ValueIsChangedOnAttributeValue_ValuesStateIsTrue" />
    </UnitTest>
    <UnitTest name="TrackedPropertyStates_ValueIsChangedThenSetWithSameValueOnAttributeValue_ValuesStateIsTrue" storage="f:\etwork\bin\tests\sysintgtests.icore.common.entities.dll" id="088bbd3a-f4b8-aa1e-9bcc-be79df579b98">
      <TestCategory>
        <TestCategoryItem TestCategory="Entities" />
        <TestCategoryItem TestCategory="SystemIntegration" />
      </TestCategory>
      <Execution id="8e77c889-ed10-4931-a654-04b6b45a720d" />
      <TestMethod codeBase="F:\ETWork\bin\Tests\SysIntgTests.iCore.Common.Entities.dll" adapterTypeName="Microsoft.VisualStudio.TestTools.TestTypes.Unit.UnitTestAdapter" className="SysIntgTests.iCore.Common.Entities.SettingTests" name="TrackedPropertyStates_ValueIsChangedThenSetWithSameValueOnAttributeValue_ValuesStateIsTrue" />
    </UnitTest>
    <UnitTest name="TrackedPropertyStates_StringValueIsSetWithSameValueOnAttributeValue_ValuesStateIsFalse" storage="f:\etwork\bin\tests\sysintgtests.icore.common.entities.dll" id="de168127-3b30-7ac5-909b-fc9a56940745">
      <TestCategory>
        <TestCategoryItem TestCategory="Entities" />
        <TestCategoryItem TestCategory="SystemIntegration" />
      </TestCategory>
      <Execution id="86b8ccc5-d7c3-4889-9aa0-4278edbf49c6" />
      <TestMethod codeBase="F:\ETWork\bin\Tests\SysIntgTests.iCore.Common.Entities.dll" adapterTypeName="Microsoft.VisualStudio.TestTools.TestTypes.Unit.UnitTestAdapter" className="SysIntgTests.iCore.Common.Entities.SettingTests" name="TrackedPropertyStates_StringValueIsSetWithSameValueOnAttributeValue_ValuesStateIsFalse" />
    </UnitTest>
    <UnitTest name="TrackedPropertyStates_IntegerValueIsSetWithSameValueOnAttributeValue_ValuesStateIsFalse" storage="f:\etwork\bin\tests\sysintgtests.icore.common.entities.dll" id="7a5006dc-f12a-af7b-1cb3-903d4363f771">
      <TestCategory>
        <TestCategoryItem TestCategory="Entities" />
        <TestCategoryItem TestCategory="SystemIntegration" />
      </TestCategory>
      <Execution id="1342567a-5ad8-4c9e-bb3c-2d5f44962b19" />
      <TestMethod codeBase="F:\ETWork\bin\Tests\SysIntgTests.iCore.Common.Entities.dll" adapterTypeName="Microsoft.VisualStudio.TestTools.TestTypes.Unit.UnitTestAdapter" className="SysIntgTests.iCore.Common.Entities.SettingTests" name="TrackedPropertyStates_IntegerValueIsSetWithSameValueOnAttributeValue_ValuesStateIsFalse" />
    </UnitTest>
    <UnitTest name="TrackedPropertyStates_FloatValueIsSetWithSameValueOnAttributeValue_ValuesStateIsFalse" storage="f:\etwork\bin\tests\sysintgtests.icore.common.entities.dll" id="f866e7e3-0ac2-e245-60a7-ea4308bca5d3">
      <TestCategory>
        <TestCategoryItem TestCategory="Entities" />
        <TestCategoryItem TestCategory="SystemIntegration" />
      </TestCategory>
      <Execution id="fbad56a9-4a80-49b6-8078-2199e26dad64" />
      <TestMethod codeBase="F:\ETWork\bin\Tests\SysIntgTests.iCore.Common.Entities.dll" adapterTypeName="Microsoft.VisualStudio.TestTools.TestTypes.Unit.UnitTestAdapter" className="SysIntgTests.iCore.Common.Entities.SettingTests" name="TrackedPropertyStates_FloatValueIsSetWithSameValueOnAttributeValue_ValuesStateIsFalse" />
    </UnitTest>
    <UnitTest name="TrackedPropertyStates_ValueIsChangedOnAttributeValueThenUpdated_ValuesStateIsFalse" storage="f:\etwork\bin\tests\sysintgtests.icore.common.entities.dll" id="1954db6a-4120-ef0c-ad51-44c167732679">
      <TestCategory>
        <TestCategoryItem TestCategory="Entities" />
        <TestCategoryItem TestCategory="SystemIntegration" />
      </TestCategory>
      <Execution id="365c2331-2680-43f5-b446-81b432336f17" />
      <TestMethod codeBase="F:\ETWork\bin\Tests\SysIntgTests.iCore.Common.Entities.dll" adapterTypeName="Microsoft.VisualStudio.TestTools.TestTypes.Unit.UnitTestAdapter" className="SysIntgTests.iCore.Common.Entities.SettingTests" name="TrackedPropertyStates_ValueIsChangedOnAttributeValueThenUpdated_ValuesStateIsFalse" />
    </UnitTest>
    <UnitTest name="TrackedPropertyStates_ValueIsChangedOnAttributeValueAttributeNotProtectedSystemEncrypted_ValuesStateIsTrue" storage="f:\etwork\bin\tests\sysintgtests.icore.common.entities.dll" id="d5fe5d68-cb78-5bba-9f7a-da290c27d349">
      <TestCategory>
        <TestCategoryItem TestCategory="Entities" />
        <TestCategoryItem TestCategory="SystemIntegration" />
      </TestCategory>
      <Execution id="3850bcdc-3729-4ae5-99ae-4053e5816f55" />
      <TestMethod codeBase="F:\ETWork\bin\Tests\SysIntgTests.iCore.Common.Entities.dll" adapterTypeName="Microsoft.VisualStudio.TestTools.TestTypes.Unit.UnitTestAdapter" className="SysIntgTests.iCore.Common.Entities.SettingTests" name="TrackedPropertyStates_ValueIsChangedOnAttributeValueAttributeNotProtectedSystemEncrypted_ValuesStateIsTrue" />
    </UnitTest>
    <UnitTest name="TrackedPropertyStates_ValueIsChangedOnAttributeValueAttributeProtectedSystemEncrypted_ValuesStateIsTrue" storage="f:\etwork\bin\tests\sysintgtests.icore.common.entities.dll" id="479eab6c-862e-6633-3d08-effc3bd1fabd">
      <TestCategory>
        <TestCategoryItem TestCategory="Entities" />
        <TestCategoryItem TestCategory="SystemIntegration" />
      </TestCategory>
      <Execution id="fb19e34a-d10c-4389-83d0-805d65e4d095" />
      <TestMethod codeBase="F:\ETWork\bin\Tests\SysIntgTests.iCore.Common.Entities.dll" adapterTypeName="Microsoft.VisualStudio.TestTools.TestTypes.Unit.UnitTestAdapter" className="SysIntgTests.iCore.Common.Entities.SettingTests" name="TrackedPropertyStates_ValueIsChangedOnAttributeValueAttributeProtectedSystemEncrypted_ValuesStateIsTrue" />
    </UnitTest>
    <UnitTest name="RepositoryEntityTypeId_ReturnsSetting" storage="f:\etwork\bin\tests\sysintgtests.icore.common.entities.dll" id="908277c2-39ec-e2bd-5b3f-7d6ed7898e59">
      <TestCategory>
        <TestCategoryItem TestCategory="Entities" />
        <TestCategoryItem TestCategory="SystemIntegration" />
      </TestCategory>
      <Execution id="b0433220-7a57-4dc6-8391-dec59024372e" />
      <TestMethod codeBase="F:\ETWork\bin\Tests\SysIntgTests.iCore.Common.Entities.dll" adapterTypeName="Microsoft.VisualStudio.TestTools.TestTypes.Unit.UnitTestAdapter" className="SysIntgTests.iCore.Common.Entities.SettingTests" name="RepositoryEntityTypeId_ReturnsSetting" />
    </UnitTest>
    <UnitTest name="RepositoryEntityType_ReturnsISetting" storage="f:\etwork\bin\tests\sysintgtests.icore.common.entities.dll" id="15267aed-219f-b721-c26f-f043cbdbeee8">
      <TestCategory>
        <TestCategoryItem TestCategory="Entities" />
        <TestCategoryItem TestCategory="SystemIntegration" />
      </TestCategory>
      <Execution id="7de13e32-a52b-473b-a4ac-835b163bb4e1" />
      <TestMethod codeBase="F:\ETWork\bin\Tests\SysIntgTests.iCore.Common.Entities.dll" adapterTypeName="Microsoft.VisualStudio.TestTools.TestTypes.Unit.UnitTestAdapter" className="SysIntgTests.iCore.Common.Entities.SettingTests" name="RepositoryEntityType_ReturnsISetting" />
    </UnitTest>
    <UnitTest name="RepositorySystemContext_MatchesActualSystemContext" storage="f:\etwork\bin\tests\sysintgtests.icore.common.entities.dll" id="57788717-59ea-65f0-8fc9-6f98f73bba20">
      <TestCategory>
        <TestCategoryItem TestCategory="Entities" />
        <TestCategoryItem TestCategory="SystemIntegration" />
      </TestCategory>
      <Execution id="26f68b47-0781-4321-af00-b415bc9fed14" />
      <TestMethod codeBase="F:\ETWork\bin\Tests\SysIntgTests.iCore.Common.Entities.dll" adapterTypeName="Microsoft.VisualStudio.TestTools.TestTypes.Unit.UnitTestAdapter" className="SysIntgTests.iCore.Common.Entities.SettingTests" name="RepositorySystemContext_MatchesActualSystemContext" />
    </UnitTest>
    <UnitTest name="Exists_SettingAttributeTypeKey_ThrowsArgumentException" storage="f:\etwork\bin\tests\sysintgtests.icore.common.entities.dll" id="b6a32f7c-ae65-d6c2-1879-6b96bec7279b">
      <TestCategory>
        <TestCategoryItem TestCategory="Entities" />
        <TestCategoryItem TestCategory="SystemIntegration" />
      </TestCategory>
      <Execution id="0cd4a42a-ca3b-442e-a5bb-78ed82d524ac" />
      <TestMethod codeBase="F:\ETWork\bin\Tests\SysIntgTests.iCore.Common.Entities.dll" adapterTypeName="Microsoft.VisualStudio.TestTools.TestTypes.Unit.UnitTestAdapter" className="SysIntgTests.iCore.Common.Entities.SettingTests" name="Exists_SettingAttributeTypeKey_ThrowsArgumentException" />
    </UnitTest>
    <UnitTest name="Exists_KnownSettingKey_ReturnsTrue (Data Row 0)" storage="f:\etwork\bin\tests\sysintgtests.icore.common.entities.dll" id="e5de413d-e03a-46d8-ae43-0ea60e026ae6">
      <TestCategory>
        <TestCategoryItem TestCategory="Entities" />
        <TestCategoryItem TestCategory="SystemIntegration" />
      </TestCategory>
      <Execution id="6c20d09b-5131-4469-8608-d91a463ca3bd" />
      <TestMethod codeBase="F:\ETWork\bin\Tests\SysIntgTests.iCore.Common.Entities.dll" adapterTypeName="Microsoft.VisualStudio.TestTools.TestTypes.Unit.UnitTestAdapter" className="SysIntgTests.iCore.Common.Entities.SettingTests" name="Exists_KnownSettingKey_ReturnsTrue (Data Row 0)" />
    </UnitTest>
    <UnitTest name="Exists_KnownSettingKey_ReturnsTrue (Data Row 1)" storage="f:\etwork\bin\tests\sysintgtests.icore.common.entities.dll" id="69d8225d-7f77-40ec-a474-e924e94d6118">
      <TestCategory>
        <TestCategoryItem TestCategory="Entities" />
        <TestCategoryItem TestCategory="SystemIntegration" />
      </TestCategory>
      <Execution id="358268e9-291d-41e6-b826-4ed618614572" />
      <TestMethod codeBase="F:\ETWork\bin\Tests\SysIntgTests.iCore.Common.Entities.dll" adapterTypeName="Microsoft.VisualStudio.TestTools.TestTypes.Unit.UnitTestAdapter" className="SysIntgTests.iCore.Common.Entities.SettingTests" name="Exists_KnownSettingKey_ReturnsTrue (Data Row 1)" />
    </UnitTest>
    <UnitTest name="Exists_KnownSettingKey_ReturnsTrue (Data Row 2)" storage="f:\etwork\bin\tests\sysintgtests.icore.common.entities.dll" id="88a23a15-5b33-4263-9981-310c508496ed">
      <TestCategory>
        <TestCategoryItem TestCategory="Entities" />
        <TestCategoryItem TestCategory="SystemIntegration" />
      </TestCategory>
      <Execution id="b4b55ebb-8174-46cc-a4e9-9bc871432f3d" />
      <TestMethod codeBase="F:\ETWork\bin\Tests\SysIntgTests.iCore.Common.Entities.dll" adapterTypeName="Microsoft.VisualStudio.TestTools.TestTypes.Unit.UnitTestAdapter" className="SysIntgTests.iCore.Common.Entities.SettingTests" name="Exists_KnownSettingKey_ReturnsTrue (Data Row 2)" />
    </UnitTest>
    <UnitTest name="Exists_NonExistingSettingKey_ReturnsFalse" storage="f:\etwork\bin\tests\sysintgtests.icore.common.entities.dll" id="87a04fd5-5a18-48c7-8d82-6714fbc859d7">
      <TestCategory>
        <TestCategoryItem TestCategory="Entities" />
        <TestCategoryItem TestCategory="SystemIntegration" />
      </TestCategory>
      <Execution id="8540214a-9035-486e-826a-bb1428530907" />
      <TestMethod codeBase="F:\ETWork\bin\Tests\SysIntgTests.iCore.Common.Entities.dll" adapterTypeName="Microsoft.VisualStudio.TestTools.TestTypes.Unit.UnitTestAdapter" className="SysIntgTests.iCore.Common.Entities.SettingTests" name="Exists_NonExistingSettingKey_ReturnsFalse" />
    </UnitTest>
    <UnitTest name="CreateInstance_CreatesNewSetting" storage="f:\etwork\bin\tests\sysintgtests.icore.common.entities.dll" id="4c8a3217-830f-dc98-02c5-6cf109ff6bf4">
      <Execution id="06ba4afa-d80d-4f5b-ae7b-fb6a43fa0051" />
      <TestMethod codeBase="F:\ETWork\bin\Tests\SysIntgTests.iCore.Common.Entities.dll" adapterTypeName="Microsoft.VisualStudio.TestTools.TestTypes.Unit.UnitTestAdapter" className="SysIntgTests.iCore.Common.Entities.SettingTests" name="CreateInstance_CreatesNewSetting" />
    </UnitTest>
    <UnitTest name="List_ContainsEachKnownSettingOnce (Data Row 0)" storage="f:\etwork\bin\tests\sysintgtests.icore.common.entities.dll" id="87d0f5d7-bcce-4a3f-8583-e461688a1113">
      <TestCategory>
        <TestCategoryItem TestCategory="Entities" />
        <TestCategoryItem TestCategory="SystemIntegration" />
      </TestCategory>
      <Execution id="712a6b07-9030-45f3-867b-d21de2c974bb" />
      <TestMethod codeBase="F:\ETWork\bin\Tests\SysIntgTests.iCore.Common.Entities.dll" adapterTypeName="Microsoft.VisualStudio.TestTools.TestTypes.Unit.UnitTestAdapter" className="SysIntgTests.iCore.Common.Entities.SettingTests" name="List_ContainsEachKnownSettingOnce (Data Row 0)" />
    </UnitTest>
    <UnitTest name="List_ContainsEachKnownSettingOnce (Data Row 1)" storage="f:\etwork\bin\tests\sysintgtests.icore.common.entities.dll" id="3782da21-38ef-4215-b5de-08d887ca5210">
      <TestCategory>
        <TestCategoryItem TestCategory="Entities" />
        <TestCategoryItem TestCategory="SystemIntegration" />
      </TestCategory>
      <Execution id="7bcab14b-6c7f-45c2-ba61-fb498af35779" />
      <TestMethod codeBase="F:\ETWork\bin\Tests\SysIntgTests.iCore.Common.Entities.dll" adapterTypeName="Microsoft.VisualStudio.TestTools.TestTypes.Unit.UnitTestAdapter" className="SysIntgTests.iCore.Common.Entities.SettingTests" name="List_ContainsEachKnownSettingOnce (Data Row 1)" />
    </UnitTest>
    <UnitTest name="List_ContainsEachKnownSettingOnce (Data Row 2)" storage="f:\etwork\bin\tests\sysintgtests.icore.common.entities.dll" id="d087f5ad-58ef-4d1d-aa96-c7f0c2c5e187">
      <TestCategory>
        <TestCategoryItem TestCategory="Entities" />
        <TestCategoryItem TestCategory="SystemIntegration" />
      </TestCategory>
      <Execution id="9f72aab8-480c-4744-b608-2851ad14b97e" />
      <TestMethod codeBase="F:\ETWork\bin\Tests\SysIntgTests.iCore.Common.Entities.dll" adapterTypeName="Microsoft.VisualStudio.TestTools.TestTypes.Unit.UnitTestAdapter" className="SysIntgTests.iCore.Common.Entities.SettingTests" name="List_ContainsEachKnownSettingOnce (Data Row 2)" />
    </UnitTest>
    <UnitTest name="List_ShouldSetSystemContextCorrectly" storage="f:\etwork\bin\tests\sysintgtests.icore.common.entities.dll" id="be1226fe-2a82-10e6-2761-d2365e4ab959">
      <TestCategory>
        <TestCategoryItem TestCategory="Entities" />
        <TestCategoryItem TestCategory="SystemIntegration" />
      </TestCategory>
      <Execution id="19ffb4d6-5eed-47f8-93c2-3454634582a0" />
      <TestMethod codeBase="F:\ETWork\bin\Tests\SysIntgTests.iCore.Common.Entities.dll" adapterTypeName="Microsoft.VisualStudio.TestTools.TestTypes.Unit.UnitTestAdapter" className="SysIntgTests.iCore.Common.Entities.SettingTests" name="List_ShouldSetSystemContextCorrectly" />
    </UnitTest>
    <UnitTest name="GetByName_NonExistingName_ThrowsEntityNotFoundException" storage="f:\etwork\bin\tests\sysintgtests.icore.common.entities.dll" id="23a12256-f49e-329a-d982-372a9b53a248">
      <TestCategory>
        <TestCategoryItem TestCategory="Entities" />
        <TestCategoryItem TestCategory="SystemIntegration" />
      </TestCategory>
      <Execution id="e243d9df-7423-4748-a619-7640a4e869fa" />
      <TestMethod codeBase="F:\ETWork\bin\Tests\SysIntgTests.iCore.Common.Entities.dll" adapterTypeName="Microsoft.VisualStudio.TestTools.TestTypes.Unit.UnitTestAdapter" className="SysIntgTests.iCore.Common.Entities.SettingTests" name="GetByName_NonExistingName_ThrowsEntityNotFoundException" />
    </UnitTest>
    <UnitTest name="GetByName_NullName_ThrowsArgumentNullException" storage="f:\etwork\bin\tests\sysintgtests.icore.common.entities.dll" id="b0e0645c-3fac-3a33-2fc9-e5d95a6560ac">
      <TestCategory>
        <TestCategoryItem TestCategory="Entities" />
        <TestCategoryItem TestCategory="SystemIntegration" />
      </TestCategory>
      <Execution id="eec76341-d720-4a70-ac06-18722232a172" />
      <TestMethod codeBase="F:\ETWork\bin\Tests\SysIntgTests.iCore.Common.Entities.dll" adapterTypeName="Microsoft.VisualStudio.TestTools.TestTypes.Unit.UnitTestAdapter" className="SysIntgTests.iCore.Common.Entities.SettingTests" name="GetByName_NullName_ThrowsArgumentNullException" />
    </UnitTest>
    <UnitTest name="GetByName_KnownSettingName_ReturnsEntityWithCorrectProperties (Data Row 0)" storage="f:\etwork\bin\tests\sysintgtests.icore.common.entities.dll" id="77bd1226-0c18-4651-9c50-ae2fd67c14ed">
      <TestCategory>
        <TestCategoryItem TestCategory="Entities" />
        <TestCategoryItem TestCategory="SystemIntegration" />
      </TestCategory>
      <Execution id="26b1fd14-fa63-4c16-9612-256229a1fc67" />
      <TestMethod codeBase="F:\ETWork\bin\Tests\SysIntgTests.iCore.Common.Entities.dll" adapterTypeName="Microsoft.VisualStudio.TestTools.TestTypes.Unit.UnitTestAdapter" className="SysIntgTests.iCore.Common.Entities.SettingTests" name="GetByName_KnownSettingName_ReturnsEntityWithCorrectProperties (Data Row 0)" />
    </UnitTest>
    <UnitTest name="GetByName_KnownSettingName_ReturnsEntityWithCorrectProperties (Data Row 1)" storage="f:\etwork\bin\tests\sysintgtests.icore.common.entities.dll" id="7f165680-ecc2-4cc2-88b9-6e61c0698561">
      <TestCategory>
        <TestCategoryItem TestCategory="Entities" />
        <TestCategoryItem TestCategory="SystemIntegration" />
      </TestCategory>
      <Execution id="9b73fc34-8838-44d6-8400-d75d43862f3d" />
      <TestMethod codeBase="F:\ETWork\bin\Tests\SysIntgTests.iCore.Common.Entities.dll" adapterTypeName="Microsoft.VisualStudio.TestTools.TestTypes.Unit.UnitTestAdapter" className="SysIntgTests.iCore.Common.Entities.SettingTests" name="GetByName_KnownSettingName_ReturnsEntityWithCorrectProperties (Data Row 1)" />
    </UnitTest>
    <UnitTest name="GetByName_KnownSettingName_ReturnsEntityWithCorrectProperties (Data Row 2)" storage="f:\etwork\bin\tests\sysintgtests.icore.common.entities.dll" id="cf918f21-949c-48af-b475-d877521aff25">
      <TestCategory>
        <TestCategoryItem TestCategory="Entities" />
        <TestCategoryItem TestCategory="SystemIntegration" />
      </TestCategory>
      <Execution id="b72b16f8-f19d-4efe-b21e-95d6af062d7d" />
      <TestMethod codeBase="F:\ETWork\bin\Tests\SysIntgTests.iCore.Common.Entities.dll" adapterTypeName="Microsoft.VisualStudio.TestTools.TestTypes.Unit.UnitTestAdapter" className="SysIntgTests.iCore.Common.Entities.SettingTests" name="GetByName_KnownSettingName_ReturnsEntityWithCorrectProperties (Data Row 2)" />
    </UnitTest>
    <UnitTest name="GetById_NewGuid_ThrowsEntityNotFoundException" storage="f:\etwork\bin\tests\sysintgtests.icore.common.entities.dll" id="488c9240-46b2-be5d-19c9-e43bc6d32d38">
      <TestCategory>
        <TestCategoryItem TestCategory="Entities" />
        <TestCategoryItem TestCategory="SystemIntegration" />
      </TestCategory>
      <Execution id="1c6c0861-98fc-4929-b453-f894c886d2ba" />
      <TestMethod codeBase="F:\ETWork\bin\Tests\SysIntgTests.iCore.Common.Entities.dll" adapterTypeName="Microsoft.VisualStudio.TestTools.TestTypes.Unit.UnitTestAdapter" className="SysIntgTests.iCore.Common.Entities.SettingTests" name="GetById_NewGuid_ThrowsEntityNotFoundException" />
    </UnitTest>
    <UnitTest name="GetById_KnownSettingId_ReturnsEntityWithCorrectProperties (Data Row 0)" storage="f:\etwork\bin\tests\sysintgtests.icore.common.entities.dll" id="63d881cf-33c4-4c10-a3f6-ab0d3969c8d2">
      <TestCategory>
        <TestCategoryItem TestCategory="Entities" />
        <TestCategoryItem TestCategory="SystemIntegration" />
      </TestCategory>
      <Execution id="64fcdc8e-b9a7-47ad-975f-937c07fe8349" />
      <TestMethod codeBase="F:\ETWork\bin\Tests\SysIntgTests.iCore.Common.Entities.dll" adapterTypeName="Microsoft.VisualStudio.TestTools.TestTypes.Unit.UnitTestAdapter" className="SysIntgTests.iCore.Common.Entities.SettingTests" name="GetById_KnownSettingId_ReturnsEntityWithCorrectProperties (Data Row 0)" />
    </UnitTest>
    <UnitTest name="GetById_KnownSettingId_ReturnsEntityWithCorrectProperties (Data Row 1)" storage="f:\etwork\bin\tests\sysintgtests.icore.common.entities.dll" id="68fe7381-5659-417d-8641-c92eee52a33c">
      <TestCategory>
        <TestCategoryItem TestCategory="Entities" />
        <TestCategoryItem TestCategory="SystemIntegration" />
      </TestCategory>
      <Execution id="63ba6d44-370f-4676-ac4f-fc6c96a74da3" />
      <TestMethod codeBase="F:\ETWork\bin\Tests\SysIntgTests.iCore.Common.Entities.dll" adapterTypeName="Microsoft.VisualStudio.TestTools.TestTypes.Unit.UnitTestAdapter" className="SysIntgTests.iCore.Common.Entities.SettingTests" name="GetById_KnownSettingId_ReturnsEntityWithCorrectProperties (Data Row 1)" />
    </UnitTest>
    <UnitTest name="GetById_KnownSettingId_ReturnsEntityWithCorrectProperties (Data Row 2)" storage="f:\etwork\bin\tests\sysintgtests.icore.common.entities.dll" id="d7bbc059-43c1-4d1d-b57c-653e31c99132">
      <TestCategory>
        <TestCategoryItem TestCategory="Entities" />
        <TestCategoryItem TestCategory="SystemIntegration" />
      </TestCategory>
      <Execution id="88cafb91-6ae0-4831-aa86-95a59f91a6fd" />
      <TestMethod codeBase="F:\ETWork\bin\Tests\SysIntgTests.iCore.Common.Entities.dll" adapterTypeName="Microsoft.VisualStudio.TestTools.TestTypes.Unit.UnitTestAdapter" className="SysIntgTests.iCore.Common.Entities.SettingTests" name="GetById_KnownSettingId_ReturnsEntityWithCorrectProperties (Data Row 2)" />
    </UnitTest>
    <UnitTest name="GetByKey_NewGuid_ThrowsEntityNotFoundException" storage="f:\etwork\bin\tests\sysintgtests.icore.common.entities.dll" id="0962bec3-1e42-5e9d-eadb-fcc5a2add828">
      <TestCategory>
        <TestCategoryItem TestCategory="Entities" />
        <TestCategoryItem TestCategory="SystemIntegration" />
      </TestCategory>
      <Execution id="b4127eb0-3eff-457e-baf8-c557fd7ae216" />
      <TestMethod codeBase="F:\ETWork\bin\Tests\SysIntgTests.iCore.Common.Entities.dll" adapterTypeName="Microsoft.VisualStudio.TestTools.TestTypes.Unit.UnitTestAdapter" className="SysIntgTests.iCore.Common.Entities.SettingTests" name="GetByKey_NewGuid_ThrowsEntityNotFoundException" />
    </UnitTest>
    <UnitTest name="GetByKey_KnownKey_ReturnsEntityWithCorrectProperties (Data Row 0)" storage="f:\etwork\bin\tests\sysintgtests.icore.common.entities.dll" id="8ff74ca0-d43a-4117-a6c7-9b37bbd25459">
      <TestCategory>
        <TestCategoryItem TestCategory="Entities" />
        <TestCategoryItem TestCategory="SystemIntegration" />
      </TestCategory>
      <Execution id="444b1c72-fbd6-4cbe-8005-2a7874161a94" />
      <TestMethod codeBase="F:\ETWork\bin\Tests\SysIntgTests.iCore.Common.Entities.dll" adapterTypeName="Microsoft.VisualStudio.TestTools.TestTypes.Unit.UnitTestAdapter" className="SysIntgTests.iCore.Common.Entities.SettingTests" name="GetByKey_KnownKey_ReturnsEntityWithCorrectProperties (Data Row 0)" />
    </UnitTest>
    <UnitTest name="GetByKey_KnownKey_ReturnsEntityWithCorrectProperties (Data Row 1)" storage="f:\etwork\bin\tests\sysintgtests.icore.common.entities.dll" id="5fc6076d-c48c-497a-8060-663818b4f136">
      <TestCategory>
        <TestCategoryItem TestCategory="Entities" />
        <TestCategoryItem TestCategory="SystemIntegration" />
      </TestCategory>
      <Execution id="4fb651e7-fc54-4530-8320-20f26d250ece" />
      <TestMethod codeBase="F:\ETWork\bin\Tests\SysIntgTests.iCore.Common.Entities.dll" adapterTypeName="Microsoft.VisualStudio.TestTools.TestTypes.Unit.UnitTestAdapter" className="SysIntgTests.iCore.Common.Entities.SettingTests" name="GetByKey_KnownKey_ReturnsEntityWithCorrectProperties (Data Row 1)" />
    </UnitTest>
    <UnitTest name="GetByKey_KnownKey_ReturnsEntityWithCorrectProperties (Data Row 2)" storage="f:\etwork\bin\tests\sysintgtests.icore.common.entities.dll" id="0f77a9ab-2c46-4c1a-8e6b-a278a6e66869">
      <TestCategory>
        <TestCategoryItem TestCategory="Entities" />
        <TestCategoryItem TestCategory="SystemIntegration" />
      </TestCategory>
      <Execution id="45683b20-6590-4968-968b-2208084ad61b" />
      <TestMethod codeBase="F:\ETWork\bin\Tests\SysIntgTests.iCore.Common.Entities.dll" adapterTypeName="Microsoft.VisualStudio.TestTools.TestTypes.Unit.UnitTestAdapter" className="SysIntgTests.iCore.Common.Entities.SettingTests" name="GetByKey_KnownKey_ReturnsEntityWithCorrectProperties (Data Row 2)" />
    </UnitTest>
    <UnitTest name="GetByKey_UnsupportedKey_ThrowsArgumentException" storage="f:\etwork\bin\tests\sysintgtests.icore.common.entities.dll" id="adb42ce9-8b8a-4b8d-aaa0-157d9fd56444">
      <TestCategory>
        <TestCategoryItem TestCategory="Entities" />
        <TestCategoryItem TestCategory="SystemIntegration" />
      </TestCategory>
      <Execution id="1e5c48b4-84ef-4f90-8650-e0cb806cbbca" />
      <TestMethod codeBase="F:\ETWork\bin\Tests\SysIntgTests.iCore.Common.Entities.dll" adapterTypeName="Microsoft.VisualStudio.TestTools.TestTypes.Unit.UnitTestAdapter" className="SysIntgTests.iCore.Common.Entities.SettingTests" name="GetByKey_UnsupportedKey_ThrowsArgumentException" />
    </UnitTest>
    <UnitTest name="GetSubEntityByKey_EnumerateValidSystemSettingAttributes_SystemSettingAttributValuesAreReturned" storage="f:\etwork\bin\tests\sysintgtests.icore.common.entities.dll" id="3f8523bb-ab42-bf29-2666-936cc68a48d7">
      <TestCategory>
        <TestCategoryItem TestCategory="Entities" />
        <TestCategoryItem TestCategory="SystemIntegration" />
      </TestCategory>
      <Execution id="4b4a85ed-b2c5-4be4-a749-89fbda8b784a" />
      <TestMethod codeBase="F:\ETWork\bin\Tests\SysIntgTests.iCore.Common.Entities.dll" adapterTypeName="Microsoft.VisualStudio.TestTools.TestTypes.Unit.UnitTestAdapter" className="SysIntgTests.iCore.Common.Entities.SettingTests" name="GetSubEntityByKey_EnumerateValidSystemSettingAttributes_SystemSettingAttributValuesAreReturned" />
    </UnitTest>
    <UnitTest name="GetSubEntityByKey_EnumerateValidSystemSettingGroupInstanceValues_SystemSettingGroupInstanceValuesAreReturned" storage="f:\etwork\bin\tests\sysintgtests.icore.common.entities.dll" id="a3cab530-0054-1c97-ab2a-bbad1dde2df8">
      <TestCategory>
        <TestCategoryItem TestCategory="Entities" />
        <TestCategoryItem TestCategory="SystemIntegration" />
      </TestCategory>
      <Execution id="218bf41d-73a2-43c7-a6a4-b22bc966c8d4" />
      <TestMethod codeBase="F:\ETWork\bin\Tests\SysIntgTests.iCore.Common.Entities.dll" adapterTypeName="Microsoft.VisualStudio.TestTools.TestTypes.Unit.UnitTestAdapter" className="SysIntgTests.iCore.Common.Entities.SettingTests" name="GetSubEntityByKey_EnumerateValidSystemSettingGroupInstanceValues_SystemSettingGroupInstanceValuesAreReturned" />
    </UnitTest>
    <UnitTest name="GetSubEntityByKey_EnumerateValidSystemSettingIdentities_SystemSettingIdentitiesAreReturned" storage="f:\etwork\bin\tests\sysintgtests.icore.common.entities.dll" id="a2b36234-465e-e7d7-6e6a-276d97829d88">
      <TestCategory>
        <TestCategoryItem TestCategory="Entities" />
        <TestCategoryItem TestCategory="SystemIntegration" />
      </TestCategory>
      <Execution id="340c4136-849b-4a1c-9a1e-301e180a34cd" />
      <TestMethod codeBase="F:\ETWork\bin\Tests\SysIntgTests.iCore.Common.Entities.dll" adapterTypeName="Microsoft.VisualStudio.TestTools.TestTypes.Unit.UnitTestAdapter" className="SysIntgTests.iCore.Common.Entities.SettingTests" name="GetSubEntityByKey_EnumerateValidSystemSettingIdentities_SystemSettingIdentitiesAreReturned" />
    </UnitTest>
    <UnitTest name="GetSubEntityByKey_InvokedWithInvalidSettingAttributeValueId_EntityNotFoundExceptionIsThrown" storage="f:\etwork\bin\tests\sysintgtests.icore.common.entities.dll" id="cb8e611b-c462-8df8-391e-10a5a02f2dcb">
      <TestCategory>
        <TestCategoryItem TestCategory="Entities" />
        <TestCategoryItem TestCategory="SystemIntegration" />
      </TestCategory>
      <Execution id="9ff18502-49fd-4925-b164-7a9d040304a5" />
      <TestMethod codeBase="F:\ETWork\bin\Tests\SysIntgTests.iCore.Common.Entities.dll" adapterTypeName="Microsoft.VisualStudio.TestTools.TestTypes.Unit.UnitTestAdapter" className="SysIntgTests.iCore.Common.Entities.SettingTests" name="GetSubEntityByKey_InvokedWithInvalidSettingAttributeValueId_EntityNotFoundExceptionIsThrown" />
    </UnitTest>
    <UnitTest name="GetSubEntityByKey_InvokedWithInvalidTypeId_ArgumentExceptionIsThrown" storage="f:\etwork\bin\tests\sysintgtests.icore.common.entities.dll" id="5c4e322a-d2b2-c52d-7b74-3cf29e4fb163">
      <TestCategory>
        <TestCategoryItem TestCategory="Entities" />
        <TestCategoryItem TestCategory="SystemIntegration" />
      </TestCategory>
      <Execution id="7e6923e7-0ff2-4fb3-b2fd-b8ebce406876" />
      <TestMethod codeBase="F:\ETWork\bin\Tests\SysIntgTests.iCore.Common.Entities.dll" adapterTypeName="Microsoft.VisualStudio.TestTools.TestTypes.Unit.UnitTestAdapter" className="SysIntgTests.iCore.Common.Entities.SettingTests" name="GetSubEntityByKey_InvokedWithInvalidTypeId_ArgumentExceptionIsThrown" />
    </UnitTest>
    <UnitTest name="GetByIdentity_NonExistingIdentity_ThrowsEntityNotFoundException" storage="f:\etwork\bin\tests\sysintgtests.icore.common.entities.dll" id="557d0251-7fb1-3251-410d-e48c816dc26d">
      <TestCategory>
        <TestCategoryItem TestCategory="Entities" />
        <TestCategoryItem TestCategory="SystemIntegration" />
      </TestCategory>
      <Execution id="f9038d6d-bfb5-4319-8c96-268f2352c959" />
      <TestMethod codeBase="F:\ETWork\bin\Tests\SysIntgTests.iCore.Common.Entities.dll" adapterTypeName="Microsoft.VisualStudio.TestTools.TestTypes.Unit.UnitTestAdapter" className="SysIntgTests.iCore.Common.Entities.SettingTests" name="GetByIdentity_NonExistingIdentity_ThrowsEntityNotFoundException" />
    </UnitTest>
    <UnitTest name="GetByIdentity_KnownSettingName_ReturnsEntityWithCorrectProperties (Data Row 0)" storage="f:\etwork\bin\tests\sysintgtests.icore.common.entities.dll" id="2fd7e71a-3f93-48b4-b903-75f4efdfa0eb">
      <TestCategory>
        <TestCategoryItem TestCategory="Entities" />
        <TestCategoryItem TestCategory="SystemIntegration" />
      </TestCategory>
      <Execution id="57a52a27-1137-43de-912b-aa167b93a44d" />
      <TestMethod codeBase="F:\ETWork\bin\Tests\SysIntgTests.iCore.Common.Entities.dll" adapterTypeName="Microsoft.VisualStudio.TestTools.TestTypes.Unit.UnitTestAdapter" className="SysIntgTests.iCore.Common.Entities.SettingTests" name="GetByIdentity_KnownSettingName_ReturnsEntityWithCorrectProperties (Data Row 0)" />
    </UnitTest>
    <UnitTest name="GetByIdentity_KnownSettingName_ReturnsEntityWithCorrectProperties (Data Row 1)" storage="f:\etwork\bin\tests\sysintgtests.icore.common.entities.dll" id="0b87fec3-726d-4151-a40a-da01fec8b26b">
      <TestCategory>
        <TestCategoryItem TestCategory="Entities" />
        <TestCategoryItem TestCategory="SystemIntegration" />
      </TestCategory>
      <Execution id="5dcda07a-a24a-4d10-8aff-7b53fd7fd5eb" />
      <TestMethod codeBase="F:\ETWork\bin\Tests\SysIntgTests.iCore.Common.Entities.dll" adapterTypeName="Microsoft.VisualStudio.TestTools.TestTypes.Unit.UnitTestAdapter" className="SysIntgTests.iCore.Common.Entities.SettingTests" name="GetByIdentity_KnownSettingName_ReturnsEntityWithCorrectProperties (Data Row 1)" />
    </UnitTest>
    <UnitTest name="GetByIdentity_KnownSettingName_ReturnsEntityWithCorrectProperties (Data Row 2)" storage="f:\etwork\bin\tests\sysintgtests.icore.common.entities.dll" id="b68ad3d0-46c5-4910-9311-6b43ec07f4ee">
      <TestCategory>
        <TestCategoryItem TestCategory="Entities" />
        <TestCategoryItem TestCategory="SystemIntegration" />
      </TestCategory>
      <Execution id="6f9c4af1-9eac-48bd-bde3-27d2588b0b13" />
      <TestMethod codeBase="F:\ETWork\bin\Tests\SysIntgTests.iCore.Common.Entities.dll" adapterTypeName="Microsoft.VisualStudio.TestTools.TestTypes.Unit.UnitTestAdapter" className="SysIntgTests.iCore.Common.Entities.SettingTests" name="GetByIdentity_KnownSettingName_ReturnsEntityWithCorrectProperties (Data Row 2)" />
    </UnitTest>
    <UnitTest name="GetIdByIdentity_NonExistingName_ThrowsEntityNotFoundException" storage="f:\etwork\bin\tests\sysintgtests.icore.common.entities.dll" id="1c76097a-22bc-28b8-ea05-4fd3eeb3d21d">
      <TestCategory>
        <TestCategoryItem TestCategory="Entities" />
        <TestCategoryItem TestCategory="SystemIntegration" />
      </TestCategory>
      <Execution id="c2b92c6a-d6ab-4c95-9252-a00608207741" />
      <TestMethod codeBase="F:\ETWork\bin\Tests\SysIntgTests.iCore.Common.Entities.dll" adapterTypeName="Microsoft.VisualStudio.TestTools.TestTypes.Unit.UnitTestAdapter" className="SysIntgTests.iCore.Common.Entities.SettingTests" name="GetIdByIdentity_NonExistingName_ThrowsEntityNotFoundException" />
    </UnitTest>
    <UnitTest name="GetIdByIdentity_KnownSettingName_ReturnsCorrectId (Data Row 0)" storage="f:\etwork\bin\tests\sysintgtests.icore.common.entities.dll" id="2d8e6beb-0889-45b0-a94b-342c9fe7d9ad">
      <TestCategory>
        <TestCategoryItem TestCategory="Entities" />
        <TestCategoryItem TestCategory="SystemIntegration" />
      </TestCategory>
      <Execution id="348e6d6e-11a5-4dc9-a938-999b850ef36a" />
      <TestMethod codeBase="F:\ETWork\bin\Tests\SysIntgTests.iCore.Common.Entities.dll" adapterTypeName="Microsoft.VisualStudio.TestTools.TestTypes.Unit.UnitTestAdapter" className="SysIntgTests.iCore.Common.Entities.SettingTests" name="GetIdByIdentity_KnownSettingName_ReturnsCorrectId (Data Row 0)" />
    </UnitTest>
    <UnitTest name="GetIdByIdentity_KnownSettingName_ReturnsCorrectId (Data Row 1)" storage="f:\etwork\bin\tests\sysintgtests.icore.common.entities.dll" id="f16dc15c-3bf3-459f-8f2b-38703c557cb9">
      <TestCategory>
        <TestCategoryItem TestCategory="Entities" />
        <TestCategoryItem TestCategory="SystemIntegration" />
      </TestCategory>
      <Execution id="2a39b9fe-ae75-41c6-9bc6-6f1bf39355c7" />
      <TestMethod codeBase="F:\ETWork\bin\Tests\SysIntgTests.iCore.Common.Entities.dll" adapterTypeName="Microsoft.VisualStudio.TestTools.TestTypes.Unit.UnitTestAdapter" className="SysIntgTests.iCore.Common.Entities.SettingTests" name="GetIdByIdentity_KnownSettingName_ReturnsCorrectId (Data Row 1)" />
    </UnitTest>
    <UnitTest name="GetIdByIdentity_KnownSettingName_ReturnsCorrectId (Data Row 2)" storage="f:\etwork\bin\tests\sysintgtests.icore.common.entities.dll" id="015413b4-c011-4a80-879c-973616ac7901">
      <TestCategory>
        <TestCategoryItem TestCategory="Entities" />
        <TestCategoryItem TestCategory="SystemIntegration" />
      </TestCategory>
      <Execution id="21291485-7582-491c-879d-7b67d93799b9" />
      <TestMethod codeBase="F:\ETWork\bin\Tests\SysIntgTests.iCore.Common.Entities.dll" adapterTypeName="Microsoft.VisualStudio.TestTools.TestTypes.Unit.UnitTestAdapter" className="SysIntgTests.iCore.Common.Entities.SettingTests" name="GetIdByIdentity_KnownSettingName_ReturnsCorrectId (Data Row 2)" />
    </UnitTest>
    <UnitTest name="Add_NullName_ThrowsConditionalErrorException" storage="f:\etwork\bin\tests\sysintgtests.icore.common.entities.dll" id="518bbf12-7da5-3e33-41b3-05510a430553">
      <TestCategory>
        <TestCategoryItem TestCategory="Entities" />
        <TestCategoryItem TestCategory="SystemIntegration" />
      </TestCategory>
      <Execution id="157249e7-814e-46bc-b803-20ddba309735" />
      <TestMethod codeBase="F:\ETWork\bin\Tests\SysIntgTests.iCore.Common.Entities.dll" adapterTypeName="Microsoft.VisualStudio.TestTools.TestTypes.Unit.UnitTestAdapter" className="SysIntgTests.iCore.Common.Entities.SettingTests" name="Add_NullName_ThrowsConditionalErrorException" />
    </UnitTest>
    <UnitTest name="Add_EmptyName_ThrowsStringLengthErrorException" storage="f:\etwork\bin\tests\sysintgtests.icore.common.entities.dll" id="1bd8701b-c854-a125-2569-514775d65cd5">
      <TestCategory>
        <TestCategoryItem TestCategory="Entities" />
        <TestCategoryItem TestCategory="SystemIntegration" />
      </TestCategory>
      <Execution id="ee105baf-df09-4ae8-8cfb-fa23b4205247" />
      <TestMethod codeBase="F:\ETWork\bin\Tests\SysIntgTests.iCore.Common.Entities.dll" adapterTypeName="Microsoft.VisualStudio.TestTools.TestTypes.Unit.UnitTestAdapter" className="SysIntgTests.iCore.Common.Entities.SettingTests" name="Add_EmptyName_ThrowsStringLengthErrorException" />
    </UnitTest>
    <UnitTest name="Add_WhiteSpaceOnlyName_ThrowsStringLengthErrorException" storage="f:\etwork\bin\tests\sysintgtests.icore.common.entities.dll" id="c48b6b37-7a8e-dbea-d000-8a1f8359e6c5">
      <TestCategory>
        <TestCategoryItem TestCategory="Entities" />
        <TestCategoryItem TestCategory="SystemIntegration" />
      </TestCategory>
      <Execution id="b20fec8f-491d-4b82-b315-80ff6565d2cd" />
      <TestMethod codeBase="F:\ETWork\bin\Tests\SysIntgTests.iCore.Common.Entities.dll" adapterTypeName="Microsoft.VisualStudio.TestTools.TestTypes.Unit.UnitTestAdapter" className="SysIntgTests.iCore.Common.Entities.SettingTests" name="Add_WhiteSpaceOnlyName_ThrowsStringLengthErrorException" />
    </UnitTest>
    <UnitTest name="Add_TooLongName_ThrowsStringLengthErrorException" storage="f:\etwork\bin\tests\sysintgtests.icore.common.entities.dll" id="b079bb90-3c0c-4b9a-8263-c36adb3b8d9f">
      <TestCategory>
        <TestCategoryItem TestCategory="Entities" />
        <TestCategoryItem TestCategory="SystemIntegration" />
      </TestCategory>
      <Execution id="0ef76c16-f01f-43c8-839c-7f723fc1a779" />
      <TestMethod codeBase="F:\ETWork\bin\Tests\SysIntgTests.iCore.Common.Entities.dll" adapterTypeName="Microsoft.VisualStudio.TestTools.TestTypes.Unit.UnitTestAdapter" className="SysIntgTests.iCore.Common.Entities.SettingTests" name="Add_TooLongName_ThrowsStringLengthErrorException" />
    </UnitTest>
    <UnitTest name="Add_LongDescription_Succeeds" storage="f:\etwork\bin\tests\sysintgtests.icore.common.entities.dll" id="ea5fcfc0-bf44-df50-de48-73756d02bf87">
      <TestCategory>
        <TestCategoryItem TestCategory="Entities" />
        <TestCategoryItem TestCategory="SystemIntegration" />
      </TestCategory>
      <Execution id="4fb2aa98-0b50-40d8-97dc-a085c8214743" />
      <TestMethod codeBase="F:\ETWork\bin\Tests\SysIntgTests.iCore.Common.Entities.dll" adapterTypeName="Microsoft.VisualStudio.TestTools.TestTypes.Unit.UnitTestAdapter" className="SysIntgTests.iCore.Common.Entities.SettingTests" name="Add_LongDescription_Succeeds" />
    </UnitTest>
    <UnitTest name="Add_ValidProperties_IdAndTimesAreUpdatedCorrectly" storage="f:\etwork\bin\tests\sysintgtests.icore.common.entities.dll" id="b014df27-533f-898e-0e17-732dffb7bf76">
      <TestCategory>
        <TestCategoryItem TestCategory="Entities" />
        <TestCategoryItem TestCategory="SystemIntegration" />
      </TestCategory>
      <Execution id="29a76404-fbb6-4594-9fa1-9fccf07a292f" />
      <TestMethod codeBase="F:\ETWork\bin\Tests\SysIntgTests.iCore.Common.Entities.dll" adapterTypeName="Microsoft.VisualStudio.TestTools.TestTypes.Unit.UnitTestAdapter" className="SysIntgTests.iCore.Common.Entities.SettingTests" name="Add_ValidProperties_IdAndTimesAreUpdatedCorrectly" />
    </UnitTest>
    <UnitTest name="Add_ComplexProperties_ArePersistedCorrectly" storage="f:\etwork\bin\tests\sysintgtests.icore.common.entities.dll" id="46d27197-64f7-ee44-a45f-6b39c864ac7d">
      <TestCategory>
        <TestCategoryItem TestCategory="Entities" />
        <TestCategoryItem TestCategory="SystemIntegration" />
      </TestCategory>
      <Execution id="6269d965-7409-4241-ac0f-14a36a5c3e9c" />
      <TestMethod codeBase="F:\ETWork\bin\Tests\SysIntgTests.iCore.Common.Entities.dll" adapterTypeName="Microsoft.VisualStudio.TestTools.TestTypes.Unit.UnitTestAdapter" className="SysIntgTests.iCore.Common.Entities.SettingTests" name="Add_ComplexProperties_ArePersistedCorrectly" />
    </UnitTest>
    <UnitTest name="Add_DuplicateName_ThrowsUniqueValueAddConflictException" storage="f:\etwork\bin\tests\sysintgtests.icore.common.entities.dll" id="836c261d-22a8-e90d-ffe8-f60a4573b8f9">
      <TestCategory>
        <TestCategoryItem TestCategory="Entities" />
        <TestCategoryItem TestCategory="SystemIntegration" />
      </TestCategory>
      <Execution id="45119cb1-fbf4-454e-bc38-dc4517a0cc07" />
      <TestMethod codeBase="F:\ETWork\bin\Tests\SysIntgTests.iCore.Common.Entities.dll" adapterTypeName="Microsoft.VisualStudio.TestTools.TestTypes.Unit.UnitTestAdapter" className="SysIntgTests.iCore.Common.Entities.SettingTests" name="Add_DuplicateName_ThrowsUniqueValueAddConflictException" />
    </UnitTest>
    <UnitTest name="AddNoIdentity_ThrowsValidationErrorException" storage="f:\etwork\bin\tests\sysintgtests.icore.common.entities.dll" id="be50114b-1742-0780-15cc-c0ead25523b2">
      <TestCategory>
        <TestCategoryItem TestCategory="Entities" />
        <TestCategoryItem TestCategory="SystemIntegration" />
      </TestCategory>
      <Execution id="a5d92035-90e5-4c9c-b101-3d6f63284c28" />
      <TestMethod codeBase="F:\ETWork\bin\Tests\SysIntgTests.iCore.Common.Entities.dll" adapterTypeName="Microsoft.VisualStudio.TestTools.TestTypes.Unit.UnitTestAdapter" className="SysIntgTests.iCore.Common.Entities.SettingTests" name="AddNoIdentity_ThrowsValidationErrorException" />
    </UnitTest>
    <UnitTest name="Add_ValidArguments_CorrectSettingAdded" storage="f:\etwork\bin\tests\sysintgtests.icore.common.entities.dll" id="e26050ed-a48b-a5e9-d6a5-3a5eff0274ea">
      <TestCategory>
        <TestCategoryItem TestCategory="Entities" />
        <TestCategoryItem TestCategory="SystemIntegration" />
      </TestCategory>
      <Execution id="b447d2fb-000c-4621-93e9-3176c05b85e3" />
      <TestMethod codeBase="F:\ETWork\bin\Tests\SysIntgTests.iCore.Common.Entities.dll" adapterTypeName="Microsoft.VisualStudio.TestTools.TestTypes.Unit.UnitTestAdapter" className="SysIntgTests.iCore.Common.Entities.SettingTests" name="Add_ValidArguments_CorrectSettingAdded" />
    </UnitTest>
    <UnitTest name="Add_AttributeGroupsIsNull_CorrectSettingAdded" storage="f:\etwork\bin\tests\sysintgtests.icore.common.entities.dll" id="191d4a4a-f52a-ba00-b257-2c1fbadd54b6">
      <TestCategory>
        <TestCategoryItem TestCategory="Entities" />
        <TestCategoryItem TestCategory="SystemIntegration" />
      </TestCategory>
      <Execution id="f8cf4c7b-f180-48c5-a5ce-57c9c7a64a3d" />
      <TestMethod codeBase="F:\ETWork\bin\Tests\SysIntgTests.iCore.Common.Entities.dll" adapterTypeName="Microsoft.VisualStudio.TestTools.TestTypes.Unit.UnitTestAdapter" className="SysIntgTests.iCore.Common.Entities.SettingTests" name="Add_AttributeGroupsIsNull_CorrectSettingAdded" />
    </UnitTest>
    <UnitTest name="Add_AttributeGroupsIsEmpty_CorrectSettingAdded" storage="f:\etwork\bin\tests\sysintgtests.icore.common.entities.dll" id="eb2fe1a0-06d7-8d30-49ab-cf97e9fa78b8">
      <TestCategory>
        <TestCategoryItem TestCategory="Entities" />
        <TestCategoryItem TestCategory="SystemIntegration" />
      </TestCategory>
      <Execution id="28f2e8c1-15ec-48b9-9013-b1d20ea450ae" />
      <TestMethod codeBase="F:\ETWork\bin\Tests\SysIntgTests.iCore.Common.Entities.dll" adapterTypeName="Microsoft.VisualStudio.TestTools.TestTypes.Unit.UnitTestAdapter" className="SysIntgTests.iCore.Common.Entities.SettingTests" name="Add_AttributeGroupsIsEmpty_CorrectSettingAdded" />
    </UnitTest>
    <UnitTest name="Add_NonExistentAttributeGroup_ThrowsEntityNotFoundException" storage="f:\etwork\bin\tests\sysintgtests.icore.common.entities.dll" id="949f5c64-cd49-bbc2-4927-68571e808de9">
      <TestCategory>
        <TestCategoryItem TestCategory="Entities" />
        <TestCategoryItem TestCategory="SystemIntegration" />
      </TestCategory>
      <Execution id="e36a7c68-f7e7-44e8-b2ce-c065ae40d5c4" />
      <TestMethod codeBase="F:\ETWork\bin\Tests\SysIntgTests.iCore.Common.Entities.dll" adapterTypeName="Microsoft.VisualStudio.TestTools.TestTypes.Unit.UnitTestAdapter" className="SysIntgTests.iCore.Common.Entities.SettingTests" name="Add_NonExistentAttributeGroup_ThrowsEntityNotFoundException" />
    </UnitTest>
    <UnitTest name="Copy_ValidArgumentsAndCopyValuesIsTrue_CorrectSettingAdded" storage="f:\etwork\bin\tests\sysintgtests.icore.common.entities.dll" id="af8c2e6b-b7b9-81aa-77f1-cfcaed13edfb">
      <TestCategory>
        <TestCategoryItem TestCategory="Entities" />
        <TestCategoryItem TestCategory="SystemIntegration" />
      </TestCategory>
      <Execution id="f46071a5-f558-41b3-b782-38b6a67ff9ab" />
      <TestMethod codeBase="F:\ETWork\bin\Tests\SysIntgTests.iCore.Common.Entities.dll" adapterTypeName="Microsoft.VisualStudio.TestTools.TestTypes.Unit.UnitTestAdapter" className="SysIntgTests.iCore.Common.Entities.SettingTests" name="Copy_ValidArgumentsAndCopyValuesIsTrue_CorrectSettingAdded" />
    </UnitTest>
    <UnitTest name="Copy_ValidArgumentsAndCopyValuesIsFalse_CorrectSettingAdded" storage="f:\etwork\bin\tests\sysintgtests.icore.common.entities.dll" id="0e9ed127-9628-b128-127d-154777c660a0">
      <TestCategory>
        <TestCategoryItem TestCategory="Entities" />
        <TestCategoryItem TestCategory="SystemIntegration" />
      </TestCategory>
      <Execution id="a13d2da0-5f4a-470a-90c1-dcb552b07fab" />
      <TestMethod codeBase="F:\ETWork\bin\Tests\SysIntgTests.iCore.Common.Entities.dll" adapterTypeName="Microsoft.VisualStudio.TestTools.TestTypes.Unit.UnitTestAdapter" className="SysIntgTests.iCore.Common.Entities.SettingTests" name="Copy_ValidArgumentsAndCopyValuesIsFalse_CorrectSettingAdded" />
    </UnitTest>
    <UnitTest name="Copy_TemplateSettingIsNoneAndCopyValuesIsTrue_CorrectSettingAdded" storage="f:\etwork\bin\tests\sysintgtests.icore.common.entities.dll" id="888f6658-c464-5a14-be48-fdba0b5d3ee0">
      <TestCategory>
        <TestCategoryItem TestCategory="Entities" />
        <TestCategoryItem TestCategory="SystemIntegration" />
      </TestCategory>
      <Execution id="214a9ee3-085f-4c50-bc68-99d32c57ce52" />
      <TestMethod codeBase="F:\ETWork\bin\Tests\SysIntgTests.iCore.Common.Entities.dll" adapterTypeName="Microsoft.VisualStudio.TestTools.TestTypes.Unit.UnitTestAdapter" className="SysIntgTests.iCore.Common.Entities.SettingTests" name="Copy_TemplateSettingIsNoneAndCopyValuesIsTrue_CorrectSettingAdded" />
    </UnitTest>
    <UnitTest name="Copy_TemplateSettingIsNoneAndCopyValuesIsFalse_CorrectSettingAdded" storage="f:\etwork\bin\tests\sysintgtests.icore.common.entities.dll" id="e48c914c-68f4-bad2-092d-537a81fec848">
      <TestCategory>
        <TestCategoryItem TestCategory="Entities" />
        <TestCategoryItem TestCategory="SystemIntegration" />
      </TestCategory>
      <Execution id="044ea4c6-9581-446a-a83d-f188602fcb04" />
      <TestMethod codeBase="F:\ETWork\bin\Tests\SysIntgTests.iCore.Common.Entities.dll" adapterTypeName="Microsoft.VisualStudio.TestTools.TestTypes.Unit.UnitTestAdapter" className="SysIntgTests.iCore.Common.Entities.SettingTests" name="Copy_TemplateSettingIsNoneAndCopyValuesIsFalse_CorrectSettingAdded" />
    </UnitTest>
    <UnitTest name="Copy_TemplateSettingDoesNotExist_Throws" storage="f:\etwork\bin\tests\sysintgtests.icore.common.entities.dll" id="9b5a4714-5546-3bbb-4064-ddf453d0bc95">
      <TestCategory>
        <TestCategoryItem TestCategory="Entities" />
        <TestCategoryItem TestCategory="SystemIntegration" />
      </TestCategory>
      <Execution id="3ded7f4c-d7f5-44a4-82a8-ef89ddfcee05" />
      <TestMethod codeBase="F:\ETWork\bin\Tests\SysIntgTests.iCore.Common.Entities.dll" adapterTypeName="Microsoft.VisualStudio.TestTools.TestTypes.Unit.UnitTestAdapter" className="SysIntgTests.iCore.Common.Entities.SettingTests" name="Copy_TemplateSettingDoesNotExist_Throws" />
    </UnitTest>
    <UnitTest name="Copy_NameIsEmpty_Throws" storage="f:\etwork\bin\tests\sysintgtests.icore.common.entities.dll" id="ec0e2d8d-7c16-33d4-7a48-cd69ac10353e">
      <TestCategory>
        <TestCategoryItem TestCategory="Entities" />
        <TestCategoryItem TestCategory="SystemIntegration" />
      </TestCategory>
      <Execution id="c7fe30cb-2853-45f5-84fe-b72f3087a0ed" />
      <TestMethod codeBase="F:\ETWork\bin\Tests\SysIntgTests.iCore.Common.Entities.dll" adapterTypeName="Microsoft.VisualStudio.TestTools.TestTypes.Unit.UnitTestAdapter" className="SysIntgTests.iCore.Common.Entities.SettingTests" name="Copy_NameIsEmpty_Throws" />
    </UnitTest>
    <UnitTest name="Copy_IdentityIsEmpty_Throws" storage="f:\etwork\bin\tests\sysintgtests.icore.common.entities.dll" id="9d9b2933-8c99-04d8-f5b2-47b22d11fce2">
      <TestCategory>
        <TestCategoryItem TestCategory="Entities" />
        <TestCategoryItem TestCategory="SystemIntegration" />
      </TestCategory>
      <Execution id="14cbf695-91a5-4f33-80b4-17f6493dc8a6" />
      <TestMethod codeBase="F:\ETWork\bin\Tests\SysIntgTests.iCore.Common.Entities.dll" adapterTypeName="Microsoft.VisualStudio.TestTools.TestTypes.Unit.UnitTestAdapter" className="SysIntgTests.iCore.Common.Entities.SettingTests" name="Copy_IdentityIsEmpty_Throws" />
    </UnitTest>
    <UnitTest name="Update_NullName_ThrowsConditionalErrorException" storage="f:\etwork\bin\tests\sysintgtests.icore.common.entities.dll" id="db8dcdc5-f0be-dc8f-7527-9bc19164d3b8">
      <TestCategory>
        <TestCategoryItem TestCategory="Entities" />
        <TestCategoryItem TestCategory="SystemIntegration" />
      </TestCategory>
      <Execution id="f6ea33de-9e95-4c84-a8df-3888e742c2fa" />
      <TestMethod codeBase="F:\ETWork\bin\Tests\SysIntgTests.iCore.Common.Entities.dll" adapterTypeName="Microsoft.VisualStudio.TestTools.TestTypes.Unit.UnitTestAdapter" className="SysIntgTests.iCore.Common.Entities.SettingTests" name="Update_NullName_ThrowsConditionalErrorException" />
    </UnitTest>
    <UnitTest name="Update_EmtpyName_ThrowsStringLengthErrorException" storage="f:\etwork\bin\tests\sysintgtests.icore.common.entities.dll" id="a0ae4bce-6b1d-f825-d4d2-fbf299b60c6b">
      <TestCategory>
        <TestCategoryItem TestCategory="Entities" />
        <TestCategoryItem TestCategory="SystemIntegration" />
      </TestCategory>
      <Execution id="80cfa6c0-a226-4534-83a7-6077d86e2b3b" />
      <TestMethod codeBase="F:\ETWork\bin\Tests\SysIntgTests.iCore.Common.Entities.dll" adapterTypeName="Microsoft.VisualStudio.TestTools.TestTypes.Unit.UnitTestAdapter" className="SysIntgTests.iCore.Common.Entities.SettingTests" name="Update_EmtpyName_ThrowsStringLengthErrorException" />
    </UnitTest>
    <UnitTest name="Update_WhitespaceOnlyName_ThrowsStringLengthErrorException" storage="f:\etwork\bin\tests\sysintgtests.icore.common.entities.dll" id="b2499db1-4547-f6b0-a957-e94555618cfc">
      <TestCategory>
        <TestCategoryItem TestCategory="Entities" />
        <TestCategoryItem TestCategory="SystemIntegration" />
      </TestCategory>
      <Execution id="1a858b4c-6abb-4ebc-b836-5c9766a5a182" />
      <TestMethod codeBase="F:\ETWork\bin\Tests\SysIntgTests.iCore.Common.Entities.dll" adapterTypeName="Microsoft.VisualStudio.TestTools.TestTypes.Unit.UnitTestAdapter" className="SysIntgTests.iCore.Common.Entities.SettingTests" name="Update_WhitespaceOnlyName_ThrowsStringLengthErrorException" />
    </UnitTest>
    <UnitTest name="Update_TooLongName_ThrowsStringLengthErrorException" storage="f:\etwork\bin\tests\sysintgtests.icore.common.entities.dll" id="4764fc6b-47f9-c04c-e31a-011338a92f91">
      <TestCategory>
        <TestCategoryItem TestCategory="Entities" />
        <TestCategoryItem TestCategory="SystemIntegration" />
      </TestCategory>
      <Execution id="3b1bfe28-bcf4-4f36-88fb-0a61bbdc16b1" />
      <TestMethod codeBase="F:\ETWork\bin\Tests\SysIntgTests.iCore.Common.Entities.dll" adapterTypeName="Microsoft.VisualStudio.TestTools.TestTypes.Unit.UnitTestAdapter" className="SysIntgTests.iCore.Common.Entities.SettingTests" name="Update_TooLongName_ThrowsStringLengthErrorException" />
    </UnitTest>
    <UnitTest name="Update_LongDescription_Succeeds" storage="f:\etwork\bin\tests\sysintgtests.icore.common.entities.dll" id="a842161d-054d-e455-b2de-cda59e992655">
      <TestCategory>
        <TestCategoryItem TestCategory="Entities" />
        <TestCategoryItem TestCategory="SystemIntegration" />
      </TestCategory>
      <Execution id="291ade16-de83-4125-8c93-cef9788f3deb" />
      <TestMethod codeBase="F:\ETWork\bin\Tests\SysIntgTests.iCore.Common.Entities.dll" adapterTypeName="Microsoft.VisualStudio.TestTools.TestTypes.Unit.UnitTestAdapter" className="SysIntgTests.iCore.Common.Entities.SettingTests" name="Update_LongDescription_Succeeds" />
    </UnitTest>
    <UnitTest name="Update_DuplicateName_ThrowsUniqueValueAddConflictException" storage="f:\etwork\bin\tests\sysintgtests.icore.common.entities.dll" id="507e84e0-d269-ad62-1c50-0c4e0584cbf0">
      <TestCategory>
        <TestCategoryItem TestCategory="Entities" />
        <TestCategoryItem TestCategory="SystemIntegration" />
      </TestCategory>
      <Execution id="239ac332-bf76-4ddb-afc0-33228b0d59fe" />
      <TestMethod codeBase="F:\ETWork\bin\Tests\SysIntgTests.iCore.Common.Entities.dll" adapterTypeName="Microsoft.VisualStudio.TestTools.TestTypes.Unit.UnitTestAdapter" className="SysIntgTests.iCore.Common.Entities.SettingTests" name="Update_DuplicateName_ThrowsUniqueValueAddConflictException" />
    </UnitTest>
    <UnitTest name="Update_ComplexProperties_ArePersistedCorrectly" storage="f:\etwork\bin\tests\sysintgtests.icore.common.entities.dll" id="48edae99-5d7f-5aae-1f8e-d4cb59d4f518">
      <TestCategory>
        <TestCategoryItem TestCategory="Entities" />
        <TestCategoryItem TestCategory="SystemIntegration" />
      </TestCategory>
      <Execution id="2622c1b6-4d58-4df5-a867-88cded7b3458" />
      <TestMethod codeBase="F:\ETWork\bin\Tests\SysIntgTests.iCore.Common.Entities.dll" adapterTypeName="Microsoft.VisualStudio.TestTools.TestTypes.Unit.UnitTestAdapter" className="SysIntgTests.iCore.Common.Entities.SettingTests" name="Update_ComplexProperties_ArePersistedCorrectly" />
    </UnitTest>
    <UnitTest name="Update_UnchangedName_Succeeds" storage="f:\etwork\bin\tests\sysintgtests.icore.common.entities.dll" id="949b75ae-d2b5-fbb6-00cb-7cac4091c32c">
      <TestCategory>
        <TestCategoryItem TestCategory="Entities" />
        <TestCategoryItem TestCategory="SystemIntegration" />
      </TestCategory>
      <Execution id="f6d754d9-bbc2-4b8c-913f-5eda7339dc92" />
      <TestMethod codeBase="F:\ETWork\bin\Tests\SysIntgTests.iCore.Common.Entities.dll" adapterTypeName="Microsoft.VisualStudio.TestTools.TestTypes.Unit.UnitTestAdapter" className="SysIntgTests.iCore.Common.Entities.SettingTests" name="Update_UnchangedName_Succeeds" />
    </UnitTest>
    <UnitTest name="Update_ProtectedAttributesValueChandedAndSystemSetToEncrypt_AttributesValueEncryped" storage="f:\etwork\bin\tests\sysintgtests.icore.common.entities.dll" id="77da3192-41a9-95e4-cfdb-29055cd6272c">
      <TestCategory>
        <TestCategoryItem TestCategory="Entities" />
        <TestCategoryItem TestCategory="SystemIntegration" />
      </TestCategory>
      <Execution id="3707818d-0f9f-4bef-80b5-ac3c945af9a3" />
      <TestMethod codeBase="F:\ETWork\bin\Tests\SysIntgTests.iCore.Common.Entities.dll" adapterTypeName="Microsoft.VisualStudio.TestTools.TestTypes.Unit.UnitTestAdapter" className="SysIntgTests.iCore.Common.Entities.SettingTests" name="Update_ProtectedAttributesValueChandedAndSystemSetToEncrypt_AttributesValueEncryped" />
    </UnitTest>
    <UnitTest name="IsProtectedChangedToTrueOnAttributeType_SystemSetToEncrypt_AttributesValueEncrypted" storage="f:\etwork\bin\tests\sysintgtests.icore.common.entities.dll" id="a6c94282-608d-2762-5b40-ce6e8915bc32">
      <TestCategory>
        <TestCategoryItem TestCategory="Entities" />
        <TestCategoryItem TestCategory="SystemIntegration" />
      </TestCategory>
      <Execution id="8918db1e-6b4f-4fcb-920b-26ad40a1d1b2" />
      <TestMethod codeBase="F:\ETWork\bin\Tests\SysIntgTests.iCore.Common.Entities.dll" adapterTypeName="Microsoft.VisualStudio.TestTools.TestTypes.Unit.UnitTestAdapter" className="SysIntgTests.iCore.Common.Entities.SettingTests" name="IsProtectedChangedToTrueOnAttributeType_SystemSetToEncrypt_AttributesValueEncrypted" />
    </UnitTest>
    <UnitTest name="IsProtectedChangedToFalseOnAttributeType_SystemSetToEncrypt_AttributesValuesDecrypted" storage="f:\etwork\bin\tests\sysintgtests.icore.common.entities.dll" id="016d8c0c-057d-39ed-b913-6892284226e6">
      <TestCategory>
        <TestCategoryItem TestCategory="Entities" />
        <TestCategoryItem TestCategory="SystemIntegration" />
      </TestCategory>
      <Execution id="79280825-05b3-4f71-b887-165e36d7ed1f" />
      <TestMethod codeBase="F:\ETWork\bin\Tests\SysIntgTests.iCore.Common.Entities.dll" adapterTypeName="Microsoft.VisualStudio.TestTools.TestTypes.Unit.UnitTestAdapter" className="SysIntgTests.iCore.Common.Entities.SettingTests" name="IsProtectedChangedToFalseOnAttributeType_SystemSetToEncrypt_AttributesValuesDecrypted" />
    </UnitTest>
    <UnitTest name="IsProtectedResetToFalseOnAttributeType_SystemSetToEncrypt_AttributesValueEncrypted" storage="f:\etwork\bin\tests\sysintgtests.icore.common.entities.dll" id="586ce23c-a0cd-ee04-a731-ab8857838c4c">
      <TestCategory>
        <TestCategoryItem TestCategory="Entities" />
        <TestCategoryItem TestCategory="SystemIntegration" />
      </TestCategory>
      <Execution id="4e53be28-1d4a-41c8-8bd8-b87239ad28bf" />
      <TestMethod codeBase="F:\ETWork\bin\Tests\SysIntgTests.iCore.Common.Entities.dll" adapterTypeName="Microsoft.VisualStudio.TestTools.TestTypes.Unit.UnitTestAdapter" className="SysIntgTests.iCore.Common.Entities.SettingTests" name="IsProtectedResetToFalseOnAttributeType_SystemSetToEncrypt_AttributesValueEncrypted" />
    </UnitTest>
    <UnitTest name="Delete_ExistingSetting_SuccessfullyDeletesSetting" storage="f:\etwork\bin\tests\sysintgtests.icore.common.entities.dll" id="6acdbca8-05af-d0a8-2af1-44014ee31c0d">
      <TestCategory>
        <TestCategoryItem TestCategory="Entities" />
        <TestCategoryItem TestCategory="SystemIntegration" />
      </TestCategory>
      <Execution id="a432ce53-d7b5-4dbb-b242-df9c5dee66dc" />
      <TestMethod codeBase="F:\ETWork\bin\Tests\SysIntgTests.iCore.Common.Entities.dll" adapterTypeName="Microsoft.VisualStudio.TestTools.TestTypes.Unit.UnitTestAdapter" className="SysIntgTests.iCore.Common.Entities.SettingTests" name="Delete_ExistingSetting_SuccessfullyDeletesSetting" />
    </UnitTest>
    <UnitTest name="GetAttributeValue_ExistingIntegerAttributeWithObjectGenericTypeArgument_ReturnsCorrectValue" storage="f:\etwork\bin\tests\sysintgtests.icore.common.entities.dll" id="65e7872a-8163-1f8f-79c1-e6097bc45a92">
      <TestCategory>
        <TestCategoryItem TestCategory="Entities" />
        <TestCategoryItem TestCategory="SystemIntegration" />
      </TestCategory>
      <Execution id="92b356b6-30aa-44cb-b550-b9c81d8d040b" />
      <TestMethod codeBase="F:\ETWork\bin\Tests\SysIntgTests.iCore.Common.Entities.dll" adapterTypeName="Microsoft.VisualStudio.TestTools.TestTypes.Unit.UnitTestAdapter" className="SysIntgTests.iCore.Common.Entities.SettingTests" name="GetAttributeValue_ExistingIntegerAttributeWithObjectGenericTypeArgument_ReturnsCorrectValue" />
    </UnitTest>
    <UnitTest name="GetAttributeValue_ExistingIntegerAttributeWithIntegerGenericTypeArgument_ReturnsCorrectValue" storage="f:\etwork\bin\tests\sysintgtests.icore.common.entities.dll" id="9d895b1e-cc8e-6b92-8b5e-2cd8b7d9c388">
      <TestCategory>
        <TestCategoryItem TestCategory="Entities" />
        <TestCategoryItem TestCategory="SystemIntegration" />
      </TestCategory>
      <Execution id="5f578e1d-ae2d-452a-9e24-ece29ba385ac" />
      <TestMethod codeBase="F:\ETWork\bin\Tests\SysIntgTests.iCore.Common.Entities.dll" adapterTypeName="Microsoft.VisualStudio.TestTools.TestTypes.Unit.UnitTestAdapter" className="SysIntgTests.iCore.Common.Entities.SettingTests" name="GetAttributeValue_ExistingIntegerAttributeWithIntegerGenericTypeArgument_ReturnsCorrectValue" />
    </UnitTest>
    <UnitTest name="GetAttributeValue_ExistingStringAttributeWithObjectGenericTypeArgument_ReturnsCorrectValue" storage="f:\etwork\bin\tests\sysintgtests.icore.common.entities.dll" id="27e115fa-4869-22d8-aa0b-c3dceac37d4d">
      <TestCategory>
        <TestCategoryItem TestCategory="Entities" />
        <TestCategoryItem TestCategory="SystemIntegration" />
      </TestCategory>
      <Execution id="2adac206-e42f-40a7-b8b9-30d8413ac0df" />
      <TestMethod codeBase="F:\ETWork\bin\Tests\SysIntgTests.iCore.Common.Entities.dll" adapterTypeName="Microsoft.VisualStudio.TestTools.TestTypes.Unit.UnitTestAdapter" className="SysIntgTests.iCore.Common.Entities.SettingTests" name="GetAttributeValue_ExistingStringAttributeWithObjectGenericTypeArgument_ReturnsCorrectValue" />
    </UnitTest>
    <UnitTest name="GetAttributeValue_ExistingStringAttributeWithStringGenericTypeArgument_ReturnsCorrectValue" storage="f:\etwork\bin\tests\sysintgtests.icore.common.entities.dll" id="3172852d-84c7-eabc-9d34-4508a095ff75">
      <TestCategory>
        <TestCategoryItem TestCategory="Entities" />
        <TestCategoryItem TestCategory="SystemIntegration" />
      </TestCategory>
      <Execution id="feca8151-d629-49aa-be5d-630a2d4a8dd4" />
      <TestMethod codeBase="F:\ETWork\bin\Tests\SysIntgTests.iCore.Common.Entities.dll" adapterTypeName="Microsoft.VisualStudio.TestTools.TestTypes.Unit.UnitTestAdapter" className="SysIntgTests.iCore.Common.Entities.SettingTests" name="GetAttributeValue_ExistingStringAttributeWithStringGenericTypeArgument_ReturnsCorrectValue" />
    </UnitTest>
    <UnitTest name="GetAttributeValue_ExistingFloatAttributeWithObjectGenericTypeArgument_ReturnsCorrectValue" storage="f:\etwork\bin\tests\sysintgtests.icore.common.entities.dll" id="f683f2df-2d69-3c1e-5069-08a76d890f76">
      <TestCategory>
        <TestCategoryItem TestCategory="Entities" />
        <TestCategoryItem TestCategory="SystemIntegration" />
      </TestCategory>
      <Execution id="98abc047-7a36-4203-af9e-ca20bd519737" />
      <TestMethod codeBase="F:\ETWork\bin\Tests\SysIntgTests.iCore.Common.Entities.dll" adapterTypeName="Microsoft.VisualStudio.TestTools.TestTypes.Unit.UnitTestAdapter" className="SysIntgTests.iCore.Common.Entities.SettingTests" name="GetAttributeValue_ExistingFloatAttributeWithObjectGenericTypeArgument_ReturnsCorrectValue" />
    </UnitTest>
    <UnitTest name="GetAttributeValue_ExistingFloatAttributeWithFloatGenericTypeArgument_ReturnsCorrectValue" storage="f:\etwork\bin\tests\sysintgtests.icore.common.entities.dll" id="7e5a9175-65d0-923f-fa58-521756490259">
      <TestCategory>
        <TestCategoryItem TestCategory="Entities" />
        <TestCategoryItem TestCategory="SystemIntegration" />
      </TestCategory>
      <Execution id="86c23794-2762-4b02-a261-53f58a181fee" />
      <TestMethod codeBase="F:\ETWork\bin\Tests\SysIntgTests.iCore.Common.Entities.dll" adapterTypeName="Microsoft.VisualStudio.TestTools.TestTypes.Unit.UnitTestAdapter" className="SysIntgTests.iCore.Common.Entities.SettingTests" name="GetAttributeValue_ExistingFloatAttributeWithFloatGenericTypeArgument_ReturnsCorrectValue" />
    </UnitTest>
    <UnitTest name="GetAttributeValue_ExistingIntegerAttributeWithDateTimeGenericTypeArgument_ThrowsInvalidCastException" storage="f:\etwork\bin\tests\sysintgtests.icore.common.entities.dll" id="d2ebe55b-a915-5d5b-9a45-610b2ff363bf">
      <TestCategory>
        <TestCategoryItem TestCategory="Entities" />
        <TestCategoryItem TestCategory="SystemIntegration" />
      </TestCategory>
      <Execution id="4c7a4504-7525-4461-b270-bc09d1dbc3cd" />
      <TestMethod codeBase="F:\ETWork\bin\Tests\SysIntgTests.iCore.Common.Entities.dll" adapterTypeName="Microsoft.VisualStudio.TestTools.TestTypes.Unit.UnitTestAdapter" className="SysIntgTests.iCore.Common.Entities.SettingTests" name="GetAttributeValue_ExistingIntegerAttributeWithDateTimeGenericTypeArgument_ThrowsInvalidCastException" />
    </UnitTest>
    <UnitTest name="GetAttributeValue_NonExistingAttributeValue_ThrowsEntityNotFoundException" storage="f:\etwork\bin\tests\sysintgtests.icore.common.entities.dll" id="837bd274-b2d5-213f-23c5-e1472d123889">
      <TestCategory>
        <TestCategoryItem TestCategory="Entities" />
        <TestCategoryItem TestCategory="SystemIntegration" />
      </TestCategory>
      <Execution id="327e2f05-1f3b-4e88-8718-75f770424117" />
      <TestMethod codeBase="F:\ETWork\bin\Tests\SysIntgTests.iCore.Common.Entities.dll" adapterTypeName="Microsoft.VisualStudio.TestTools.TestTypes.Unit.UnitTestAdapter" className="SysIntgTests.iCore.Common.Entities.SettingTests" name="GetAttributeValue_NonExistingAttributeValue_ThrowsEntityNotFoundException" />
    </UnitTest>
    <UnitTest name="GetAttributeValue_NonExistingAttributeValue_ReturnsDefaultValue" storage="f:\etwork\bin\tests\sysintgtests.icore.common.entities.dll" id="d83c3cd4-4e9b-fe17-88f0-0bb4b4a0d188">
      <TestCategory>
        <TestCategoryItem TestCategory="Entities" />
        <TestCategoryItem TestCategory="SystemIntegration" />
      </TestCategory>
      <Execution id="9aaca465-2d9d-446e-bfed-84ff86693369" />
      <TestMethod codeBase="F:\ETWork\bin\Tests\SysIntgTests.iCore.Common.Entities.dll" adapterTypeName="Microsoft.VisualStudio.TestTools.TestTypes.Unit.UnitTestAdapter" className="SysIntgTests.iCore.Common.Entities.SettingTests" name="GetAttributeValue_NonExistingAttributeValue_ReturnsDefaultValue" />
    </UnitTest>
    <UnitTest name="SetAttributeValue_NonExistingSetting_ThrowsEntityNotFoundException" storage="f:\etwork\bin\tests\sysintgtests.icore.common.entities.dll" id="ed6969a3-7b24-a129-1039-28b467005fea">
      <TestCategory>
        <TestCategoryItem TestCategory="Entities" />
        <TestCategoryItem TestCategory="SystemIntegration" />
      </TestCategory>
      <Execution id="d65d9413-d31c-47b9-8a8f-f0d6370637e2" />
      <TestMethod codeBase="F:\ETWork\bin\Tests\SysIntgTests.iCore.Common.Entities.dll" adapterTypeName="Microsoft.VisualStudio.TestTools.TestTypes.Unit.UnitTestAdapter" className="SysIntgTests.iCore.Common.Entities.SettingTests" name="SetAttributeValue_NonExistingSetting_ThrowsEntityNotFoundException" />
    </UnitTest>
    <UnitTest name="SetAttributeValue_NonExistingSetting_NoThrow_DoesNotThrow" storage="f:\etwork\bin\tests\sysintgtests.icore.common.entities.dll" id="3c737987-61b9-23a5-d1b2-ec0bf8a58379">
      <TestCategory>
        <TestCategoryItem TestCategory="Entities" />
        <TestCategoryItem TestCategory="SystemIntegration" />
      </TestCategory>
      <Execution id="376232f1-c971-4a21-83b9-265e526f2a96" />
      <TestMethod codeBase="F:\ETWork\bin\Tests\SysIntgTests.iCore.Common.Entities.dll" adapterTypeName="Microsoft.VisualStudio.TestTools.TestTypes.Unit.UnitTestAdapter" className="SysIntgTests.iCore.Common.Entities.SettingTests" name="SetAttributeValue_NonExistingSetting_NoThrow_DoesNotThrow" />
    </UnitTest>
    <UnitTest name="SetAttributeValue_NonExistingSettingAttributeType_ThrowsEntityNotFoundException" storage="f:\etwork\bin\tests\sysintgtests.icore.common.entities.dll" id="58e99376-986e-c278-e3c9-538da9137a0e">
      <TestCategory>
        <TestCategoryItem TestCategory="Entities" />
        <TestCategoryItem TestCategory="SystemIntegration" />
      </TestCategory>
      <Execution id="e26290c1-ec0f-4c06-a7a8-073e8b034d4b" />
      <TestMethod codeBase="F:\ETWork\bin\Tests\SysIntgTests.iCore.Common.Entities.dll" adapterTypeName="Microsoft.VisualStudio.TestTools.TestTypes.Unit.UnitTestAdapter" className="SysIntgTests.iCore.Common.Entities.SettingTests" name="SetAttributeValue_NonExistingSettingAttributeType_ThrowsEntityNotFoundException" />
    </UnitTest>
    <UnitTest name="SetAttributeValue_NonExistingSettingAttributeType_NoThrow_DoesNotThrow" storage="f:\etwork\bin\tests\sysintgtests.icore.common.entities.dll" id="94bdef3a-1d1f-7313-58d1-323bf97da496">
      <TestCategory>
        <TestCategoryItem TestCategory="Entities" />
        <TestCategoryItem TestCategory="SystemIntegration" />
      </TestCategory>
      <Execution id="cfc0de1d-e309-4625-b0e1-3918173e993c" />
      <TestMethod codeBase="F:\ETWork\bin\Tests\SysIntgTests.iCore.Common.Entities.dll" adapterTypeName="Microsoft.VisualStudio.TestTools.TestTypes.Unit.UnitTestAdapter" className="SysIntgTests.iCore.Common.Entities.SettingTests" name="SetAttributeValue_NonExistingSettingAttributeType_NoThrow_DoesNotThrow" />
    </UnitTest>
    <UnitTest name="SetAttributeValue_StringValueToStringAttribute_Succeeds" storage="f:\etwork\bin\tests\sysintgtests.icore.common.entities.dll" id="be2fcaac-5cfc-b6a4-7d8c-7287a9ff3624">
      <TestCategory>
        <TestCategoryItem TestCategory="Entities" />
        <TestCategoryItem TestCategory="SystemIntegration" />
      </TestCategory>
      <Execution id="24e4b56d-e302-433e-9e85-dd212dc6800b" />
      <TestMethod codeBase="F:\ETWork\bin\Tests\SysIntgTests.iCore.Common.Entities.dll" adapterTypeName="Microsoft.VisualStudio.TestTools.TestTypes.Unit.UnitTestAdapter" className="SysIntgTests.iCore.Common.Entities.SettingTests" name="SetAttributeValue_StringValueToStringAttribute_Succeeds" />
    </UnitTest>
    <UnitTest name="SetAttributeValue_FloatValueToFloatAttribute_Succeeds" storage="f:\etwork\bin\tests\sysintgtests.icore.common.entities.dll" id="5d3b66b6-0b42-3af1-40ea-796ddfec3c03">
      <TestCategory>
        <TestCategoryItem TestCategory="Entities" />
        <TestCategoryItem TestCategory="SystemIntegration" />
      </TestCategory>
      <Execution id="fe0769c8-fcf8-4dc3-9f6f-6f386aeb2694" />
      <TestMethod codeBase="F:\ETWork\bin\Tests\SysIntgTests.iCore.Common.Entities.dll" adapterTypeName="Microsoft.VisualStudio.TestTools.TestTypes.Unit.UnitTestAdapter" className="SysIntgTests.iCore.Common.Entities.SettingTests" name="SetAttributeValue_FloatValueToFloatAttribute_Succeeds" />
    </UnitTest>
    <UnitTest name="SetAttributeValue_IntegerValueToIntegerAttribute_Succeeds" storage="f:\etwork\bin\tests\sysintgtests.icore.common.entities.dll" id="9e465dca-96be-52d0-7bb3-4034403ad5f3">
      <TestCategory>
        <TestCategoryItem TestCategory="Entities" />
        <TestCategoryItem TestCategory="SystemIntegration" />
      </TestCategory>
      <Execution id="d693544a-876c-4f65-b8c1-f94c2b618988" />
      <TestMethod codeBase="F:\ETWork\bin\Tests\SysIntgTests.iCore.Common.Entities.dll" adapterTypeName="Microsoft.VisualStudio.TestTools.TestTypes.Unit.UnitTestAdapter" className="SysIntgTests.iCore.Common.Entities.SettingTests" name="SetAttributeValue_IntegerValueToIntegerAttribute_Succeeds" />
    </UnitTest>
    <UnitTest name="SetAttributeValue_InvalidStringValueToIntegerAttribute_ThrowsInvalidCastException" storage="f:\etwork\bin\tests\sysintgtests.icore.common.entities.dll" id="3510c80a-e147-61b5-ddea-84401beacb09">
      <TestCategory>
        <TestCategoryItem TestCategory="Entities" />
        <TestCategoryItem TestCategory="SystemIntegration" />
      </TestCategory>
      <Execution id="2a18d01f-d50f-4b4a-8549-96911229ee1a" />
      <TestMethod codeBase="F:\ETWork\bin\Tests\SysIntgTests.iCore.Common.Entities.dll" adapterTypeName="Microsoft.VisualStudio.TestTools.TestTypes.Unit.UnitTestAdapter" className="SysIntgTests.iCore.Common.Entities.SettingTests" name="SetAttributeValue_InvalidStringValueToIntegerAttribute_ThrowsInvalidCastException" />
    </UnitTest>
    <UnitTest name="SetAttributeValue_ValidStringValueToIntegerAttribute_Succeeds" storage="f:\etwork\bin\tests\sysintgtests.icore.common.entities.dll" id="bf58688b-a387-ed15-c8b1-bf2b43793a0c">
      <TestCategory>
        <TestCategoryItem TestCategory="Entities" />
        <TestCategoryItem TestCategory="SystemIntegration" />
      </TestCategory>
      <Execution id="a118b47f-c86a-4e71-9910-8bfe2801a2ec" />
      <TestMethod codeBase="F:\ETWork\bin\Tests\SysIntgTests.iCore.Common.Entities.dll" adapterTypeName="Microsoft.VisualStudio.TestTools.TestTypes.Unit.UnitTestAdapter" className="SysIntgTests.iCore.Common.Entities.SettingTests" name="SetAttributeValue_ValidStringValueToIntegerAttribute_Succeeds" />
    </UnitTest>
    <UnitTest name="SetAttributeValue_ValidFloatValueToIntegerAttribute_Succeeds" storage="f:\etwork\bin\tests\sysintgtests.icore.common.entities.dll" id="0f9514cc-dc83-c383-a2f2-7682a0937681">
      <TestCategory>
        <TestCategoryItem TestCategory="Entities" />
        <TestCategoryItem TestCategory="SystemIntegration" />
      </TestCategory>
      <Execution id="e65b2f9d-4dc1-4f39-8145-b83c5ead1263" />
      <TestMethod codeBase="F:\ETWork\bin\Tests\SysIntgTests.iCore.Common.Entities.dll" adapterTypeName="Microsoft.VisualStudio.TestTools.TestTypes.Unit.UnitTestAdapter" className="SysIntgTests.iCore.Common.Entities.SettingTests" name="SetAttributeValue_ValidFloatValueToIntegerAttribute_Succeeds" />
    </UnitTest>
    <UnitTest name="SetAttributeValue_TooLargeFloatValueToIntegerAttribute_ThrowsInvalidCastException" storage="f:\etwork\bin\tests\sysintgtests.icore.common.entities.dll" id="5620606e-599e-4241-af87-687dc009a8db">
      <TestCategory>
        <TestCategoryItem TestCategory="Entities" />
        <TestCategoryItem TestCategory="SystemIntegration" />
      </TestCategory>
      <Execution id="15a5645d-cd9a-45c8-a63a-f0a82604f6bc" />
      <TestMethod codeBase="F:\ETWork\bin\Tests\SysIntgTests.iCore.Common.Entities.dll" adapterTypeName="Microsoft.VisualStudio.TestTools.TestTypes.Unit.UnitTestAdapter" className="SysIntgTests.iCore.Common.Entities.SettingTests" name="SetAttributeValue_TooLargeFloatValueToIntegerAttribute_ThrowsInvalidCastException" />
    </UnitTest>
    <UnitTest name="SetAttributeValue_InvalidStringValueToFloatAttribute_ThrowsInvalidCastException" storage="f:\etwork\bin\tests\sysintgtests.icore.common.entities.dll" id="1078b67f-57d8-c376-33dc-022e5a10bebc">
      <TestCategory>
        <TestCategoryItem TestCategory="Entities" />
        <TestCategoryItem TestCategory="SystemIntegration" />
      </TestCategory>
      <Execution id="bbf693bf-65d7-4270-8cf2-1cd0b35aed48" />
      <TestMethod codeBase="F:\ETWork\bin\Tests\SysIntgTests.iCore.Common.Entities.dll" adapterTypeName="Microsoft.VisualStudio.TestTools.TestTypes.Unit.UnitTestAdapter" className="SysIntgTests.iCore.Common.Entities.SettingTests" name="SetAttributeValue_InvalidStringValueToFloatAttribute_ThrowsInvalidCastException" />
    </UnitTest>
    <UnitTest name="SetAttributeValue_ValidStringValueToFloatAttribute_Succeeds" storage="f:\etwork\bin\tests\sysintgtests.icore.common.entities.dll" id="83243a82-da97-3de1-cca0-8d0f937bf963">
      <TestCategory>
        <TestCategoryItem TestCategory="Entities" />
        <TestCategoryItem TestCategory="SystemIntegration" />
      </TestCategory>
      <Execution id="f362d1e1-5b07-4d47-9090-5d9bff95bccf" />
      <TestMethod codeBase="F:\ETWork\bin\Tests\SysIntgTests.iCore.Common.Entities.dll" adapterTypeName="Microsoft.VisualStudio.TestTools.TestTypes.Unit.UnitTestAdapter" className="SysIntgTests.iCore.Common.Entities.SettingTests" name="SetAttributeValue_ValidStringValueToFloatAttribute_Succeeds" />
    </UnitTest>
    <UnitTest name="RepositoryEntityTypeId_ReturnsTimer" storage="f:\etwork\bin\tests\sysintgtests.icore.common.entities.dll" id="62993288-99a0-4c45-cc8c-ea3850f198d1">
      <TestCategory>
        <TestCategoryItem TestCategory="Entities" />
        <TestCategoryItem TestCategory="SystemIntegration" />
      </TestCategory>
      <Execution id="f6a8974b-82e3-474e-a460-f0cb99a44a58" />
      <TestMethod codeBase="F:\ETWork\bin\Tests\SysIntgTests.iCore.Common.Entities.dll" adapterTypeName="Microsoft.VisualStudio.TestTools.TestTypes.Unit.UnitTestAdapter" className="SysIntgTests.iCore.Common.Entities.TimerTests" name="RepositoryEntityTypeId_ReturnsTimer" />
    </UnitTest>
    <UnitTest name="RepositoryEntityType_ReturnsITimer" storage="f:\etwork\bin\tests\sysintgtests.icore.common.entities.dll" id="5ff1eba7-ab11-1766-2c18-2fb92fa83d59">
      <TestCategory>
        <TestCategoryItem TestCategory="Entities" />
        <TestCategoryItem TestCategory="SystemIntegration" />
      </TestCategory>
      <Execution id="abb5b2b4-6fc6-43d9-b5ce-4da960ce2079" />
      <TestMethod codeBase="F:\ETWork\bin\Tests\SysIntgTests.iCore.Common.Entities.dll" adapterTypeName="Microsoft.VisualStudio.TestTools.TestTypes.Unit.UnitTestAdapter" className="SysIntgTests.iCore.Common.Entities.TimerTests" name="RepositoryEntityType_ReturnsITimer" />
    </UnitTest>
    <UnitTest name="RepositorySystemContext_MatchesActualSystemContext" storage="f:\etwork\bin\tests\sysintgtests.icore.common.entities.dll" id="10effeef-af4c-b083-8ab6-22f9d3975367">
      <TestCategory>
        <TestCategoryItem TestCategory="Entities" />
        <TestCategoryItem TestCategory="SystemIntegration" />
      </TestCategory>
      <Execution id="aab8aa9e-99e1-4d1c-9e55-78ce8989b926" />
      <TestMethod codeBase="F:\ETWork\bin\Tests\SysIntgTests.iCore.Common.Entities.dll" adapterTypeName="Microsoft.VisualStudio.TestTools.TestTypes.Unit.UnitTestAdapter" className="SysIntgTests.iCore.Common.Entities.TimerTests" name="RepositorySystemContext_MatchesActualSystemContext" />
    </UnitTest>
    <UnitTest name="Exists_NodeTypeVersionKey_ThrowsArgumentException" storage="f:\etwork\bin\tests\sysintgtests.icore.common.entities.dll" id="70b2ab69-5671-e188-cdc5-b519bcb03783">
      <TestCategory>
        <TestCategoryItem TestCategory="Entities" />
        <TestCategoryItem TestCategory="SystemIntegration" />
      </TestCategory>
      <Execution id="546cf606-82e2-42e9-a320-16f7aae9e6c9" />
      <TestMethod codeBase="F:\ETWork\bin\Tests\SysIntgTests.iCore.Common.Entities.dll" adapterTypeName="Microsoft.VisualStudio.TestTools.TestTypes.Unit.UnitTestAdapter" className="SysIntgTests.iCore.Common.Entities.TimerTests" name="Exists_NodeTypeVersionKey_ThrowsArgumentException" />
    </UnitTest>
    <UnitTest name="Exists_KnownTimerKey_ReturnsTrue (Data Row 0)" storage="f:\etwork\bin\tests\sysintgtests.icore.common.entities.dll" id="3e08950c-7bc7-49dd-8651-c6b425602c01">
      <TestCategory>
        <TestCategoryItem TestCategory="Entities" />
        <TestCategoryItem TestCategory="SystemIntegration" />
      </TestCategory>
      <Execution id="acc0e609-1d9c-4702-905e-d3730dfcd383" />
      <TestMethod codeBase="F:\ETWork\bin\Tests\SysIntgTests.iCore.Common.Entities.dll" adapterTypeName="Microsoft.VisualStudio.TestTools.TestTypes.Unit.UnitTestAdapter" className="SysIntgTests.iCore.Common.Entities.TimerTests" name="Exists_KnownTimerKey_ReturnsTrue (Data Row 0)" />
    </UnitTest>
    <UnitTest name="Exists_KnownTimerKey_ReturnsTrue (Data Row 1)" storage="f:\etwork\bin\tests\sysintgtests.icore.common.entities.dll" id="ae227b9f-8940-4183-ba67-03750cf47d2c">
      <TestCategory>
        <TestCategoryItem TestCategory="Entities" />
        <TestCategoryItem TestCategory="SystemIntegration" />
      </TestCategory>
      <Execution id="3a48911f-f527-46e4-ba67-1111123c2239" />
      <TestMethod codeBase="F:\ETWork\bin\Tests\SysIntgTests.iCore.Common.Entities.dll" adapterTypeName="Microsoft.VisualStudio.TestTools.TestTypes.Unit.UnitTestAdapter" className="SysIntgTests.iCore.Common.Entities.TimerTests" name="Exists_KnownTimerKey_ReturnsTrue (Data Row 1)" />
    </UnitTest>
    <UnitTest name="Exists_NonExistingTimerKey_ReturnsFalse" storage="f:\etwork\bin\tests\sysintgtests.icore.common.entities.dll" id="86e491c1-cf5e-13f6-653a-3ddf56caa111">
      <TestCategory>
        <TestCategoryItem TestCategory="Entities" />
        <TestCategoryItem TestCategory="SystemIntegration" />
      </TestCategory>
      <Execution id="198c670c-cedf-4ff9-91af-879805c35434" />
      <TestMethod codeBase="F:\ETWork\bin\Tests\SysIntgTests.iCore.Common.Entities.dll" adapterTypeName="Microsoft.VisualStudio.TestTools.TestTypes.Unit.UnitTestAdapter" className="SysIntgTests.iCore.Common.Entities.TimerTests" name="Exists_NonExistingTimerKey_ReturnsFalse" />
    </UnitTest>
    <UnitTest name="Exists_NonExistingTimerId_ReturnsFalse" storage="f:\etwork\bin\tests\sysintgtests.icore.common.entities.dll" id="630ff102-5ec4-06dc-9cab-420a2d6e0fa4">
      <TestCategory>
        <TestCategoryItem TestCategory="Entities" />
        <TestCategoryItem TestCategory="SystemIntegration" />
      </TestCategory>
      <Execution id="e2205eaf-5a52-411e-a204-c3b7e196071e" />
      <TestMethod codeBase="F:\ETWork\bin\Tests\SysIntgTests.iCore.Common.Entities.dll" adapterTypeName="Microsoft.VisualStudio.TestTools.TestTypes.Unit.UnitTestAdapter" className="SysIntgTests.iCore.Common.Entities.TimerTests" name="Exists_NonExistingTimerId_ReturnsFalse" />
    </UnitTest>
    <UnitTest name="Exists_KnownTimerId_ReturnsTrue (Data Row 0)" storage="f:\etwork\bin\tests\sysintgtests.icore.common.entities.dll" id="b31413b1-1733-482d-ac25-41ee864750bd">
      <TestCategory>
        <TestCategoryItem TestCategory="Entities" />
        <TestCategoryItem TestCategory="SystemIntegration" />
      </TestCategory>
      <Execution id="ec7be3dc-5863-428d-b520-63eb0c41c29c" />
      <TestMethod codeBase="F:\ETWork\bin\Tests\SysIntgTests.iCore.Common.Entities.dll" adapterTypeName="Microsoft.VisualStudio.TestTools.TestTypes.Unit.UnitTestAdapter" className="SysIntgTests.iCore.Common.Entities.TimerTests" name="Exists_KnownTimerId_ReturnsTrue (Data Row 0)" />
    </UnitTest>
    <UnitTest name="Exists_KnownTimerId_ReturnsTrue (Data Row 1)" storage="f:\etwork\bin\tests\sysintgtests.icore.common.entities.dll" id="3cd856dd-5146-4642-968b-c33b705e67c7">
      <TestCategory>
        <TestCategoryItem TestCategory="Entities" />
        <TestCategoryItem TestCategory="SystemIntegration" />
      </TestCategory>
      <Execution id="531e8335-999e-4d8e-8e93-f77058e1ba53" />
      <TestMethod codeBase="F:\ETWork\bin\Tests\SysIntgTests.iCore.Common.Entities.dll" adapterTypeName="Microsoft.VisualStudio.TestTools.TestTypes.Unit.UnitTestAdapter" className="SysIntgTests.iCore.Common.Entities.TimerTests" name="Exists_KnownTimerId_ReturnsTrue (Data Row 1)" />
    </UnitTest>
    <UnitTest name="CreateInstance_CreatesNewTimer" storage="f:\etwork\bin\tests\sysintgtests.icore.common.entities.dll" id="8f8f7bed-af70-9c40-475d-a767efb45dd4">
      <Execution id="6c195799-a4d5-4924-a4a7-4fd4da776eaa" />
      <TestMethod codeBase="F:\ETWork\bin\Tests\SysIntgTests.iCore.Common.Entities.dll" adapterTypeName="Microsoft.VisualStudio.TestTools.TestTypes.Unit.UnitTestAdapter" className="SysIntgTests.iCore.Common.Entities.TimerTests" name="CreateInstance_CreatesNewTimer" />
    </UnitTest>
    <UnitTest name="List_ContainsEachKnownTimerOnce (Data Row 0)" storage="f:\etwork\bin\tests\sysintgtests.icore.common.entities.dll" id="6b043e4a-afa3-483d-82b5-47bf92118995">
      <TestCategory>
        <TestCategoryItem TestCategory="Entities" />
        <TestCategoryItem TestCategory="SystemIntegration" />
      </TestCategory>
      <Execution id="325ed33e-6d4a-43a6-99ee-bc86f3cf3129" />
      <TestMethod codeBase="F:\ETWork\bin\Tests\SysIntgTests.iCore.Common.Entities.dll" adapterTypeName="Microsoft.VisualStudio.TestTools.TestTypes.Unit.UnitTestAdapter" className="SysIntgTests.iCore.Common.Entities.TimerTests" name="List_ContainsEachKnownTimerOnce (Data Row 0)" />
    </UnitTest>
    <UnitTest name="List_ContainsEachKnownTimerOnce (Data Row 1)" storage="f:\etwork\bin\tests\sysintgtests.icore.common.entities.dll" id="2cccbdfb-dcee-46a6-b2d9-0ae3e8e98b5d">
      <TestCategory>
        <TestCategoryItem TestCategory="Entities" />
        <TestCategoryItem TestCategory="SystemIntegration" />
      </TestCategory>
      <Execution id="a1c8bfe8-4b2c-48f6-a90e-79852afe12f4" />
      <TestMethod codeBase="F:\ETWork\bin\Tests\SysIntgTests.iCore.Common.Entities.dll" adapterTypeName="Microsoft.VisualStudio.TestTools.TestTypes.Unit.UnitTestAdapter" className="SysIntgTests.iCore.Common.Entities.TimerTests" name="List_ContainsEachKnownTimerOnce (Data Row 1)" />
    </UnitTest>
    <UnitTest name="List_ShouldSetSystemContextCorrectly" storage="f:\etwork\bin\tests\sysintgtests.icore.common.entities.dll" id="b504b60c-66f1-5b77-f677-7817ad2ccdb8">
      <TestCategory>
        <TestCategoryItem TestCategory="Entities" />
        <TestCategoryItem TestCategory="SystemIntegration" />
      </TestCategory>
      <Execution id="df8dd632-15e9-4f74-b7b6-51e102c736a1" />
      <TestMethod codeBase="F:\ETWork\bin\Tests\SysIntgTests.iCore.Common.Entities.dll" adapterTypeName="Microsoft.VisualStudio.TestTools.TestTypes.Unit.UnitTestAdapter" className="SysIntgTests.iCore.Common.Entities.TimerTests" name="List_ShouldSetSystemContextCorrectly" />
    </UnitTest>
    <UnitTest name="GetByKey_NewGuid_ThrowsEntityNotFoundException" storage="f:\etwork\bin\tests\sysintgtests.icore.common.entities.dll" id="97590e75-30e5-f4d0-56bb-0ca53cffc436">
      <TestCategory>
        <TestCategoryItem TestCategory="Entities" />
        <TestCategoryItem TestCategory="SystemIntegration" />
      </TestCategory>
      <Execution id="e89d5f51-faed-4527-8ee8-c67d2603da86" />
      <TestMethod codeBase="F:\ETWork\bin\Tests\SysIntgTests.iCore.Common.Entities.dll" adapterTypeName="Microsoft.VisualStudio.TestTools.TestTypes.Unit.UnitTestAdapter" className="SysIntgTests.iCore.Common.Entities.TimerTests" name="GetByKey_NewGuid_ThrowsEntityNotFoundException" />
    </UnitTest>
    <UnitTest name="GetByKey_KnownTimerKey_ReturnsEntityWithCorrectProperties (Data Row 0)" storage="f:\etwork\bin\tests\sysintgtests.icore.common.entities.dll" id="eaf68dd5-73a6-4dfb-bd03-fc1958bc334d">
      <TestCategory>
        <TestCategoryItem TestCategory="Entities" />
        <TestCategoryItem TestCategory="SystemIntegration" />
      </TestCategory>
      <Execution id="90194d1a-962b-4b1b-9232-5d91a737e96c" />
      <TestMethod codeBase="F:\ETWork\bin\Tests\SysIntgTests.iCore.Common.Entities.dll" adapterTypeName="Microsoft.VisualStudio.TestTools.TestTypes.Unit.UnitTestAdapter" className="SysIntgTests.iCore.Common.Entities.TimerTests" name="GetByKey_KnownTimerKey_ReturnsEntityWithCorrectProperties (Data Row 0)" />
    </UnitTest>
    <UnitTest name="GetByKey_KnownTimerKey_ReturnsEntityWithCorrectProperties (Data Row 1)" storage="f:\etwork\bin\tests\sysintgtests.icore.common.entities.dll" id="15113f32-6510-4b6a-a58d-2846bc15a7da">
      <TestCategory>
        <TestCategoryItem TestCategory="Entities" />
        <TestCategoryItem TestCategory="SystemIntegration" />
      </TestCategory>
      <Execution id="b3f69532-99a6-4812-b2e0-1b473baa336e" />
      <TestMethod codeBase="F:\ETWork\bin\Tests\SysIntgTests.iCore.Common.Entities.dll" adapterTypeName="Microsoft.VisualStudio.TestTools.TestTypes.Unit.UnitTestAdapter" className="SysIntgTests.iCore.Common.Entities.TimerTests" name="GetByKey_KnownTimerKey_ReturnsEntityWithCorrectProperties (Data Row 1)" />
    </UnitTest>
    <UnitTest name="GetByKey_UnsupportedKey_ThrowsArgumentException" storage="f:\etwork\bin\tests\sysintgtests.icore.common.entities.dll" id="d5ebd471-e957-7bf1-d3b3-e017763c3c3a">
      <TestCategory>
        <TestCategoryItem TestCategory="Entities" />
        <TestCategoryItem TestCategory="SystemIntegration" />
      </TestCategory>
      <Execution id="ee39897d-ed06-4ea3-94c5-1d0bf6a448ef" />
      <TestMethod codeBase="F:\ETWork\bin\Tests\SysIntgTests.iCore.Common.Entities.dll" adapterTypeName="Microsoft.VisualStudio.TestTools.TestTypes.Unit.UnitTestAdapter" className="SysIntgTests.iCore.Common.Entities.TimerTests" name="GetByKey_UnsupportedKey_ThrowsArgumentException" />
    </UnitTest>
    <UnitTest name="GetById_NewGuid_ThrowsEntityNotFoundException" storage="f:\etwork\bin\tests\sysintgtests.icore.common.entities.dll" id="03697323-3e72-0f44-6a32-85db4d016f55">
      <TestCategory>
        <TestCategoryItem TestCategory="Entities" />
        <TestCategoryItem TestCategory="SystemIntegration" />
      </TestCategory>
      <Execution id="56b5641f-2078-49fb-b25d-7cb13fbfc64c" />
      <TestMethod codeBase="F:\ETWork\bin\Tests\SysIntgTests.iCore.Common.Entities.dll" adapterTypeName="Microsoft.VisualStudio.TestTools.TestTypes.Unit.UnitTestAdapter" className="SysIntgTests.iCore.Common.Entities.TimerTests" name="GetById_NewGuid_ThrowsEntityNotFoundException" />
    </UnitTest>
    <UnitTest name="GetById_KnownTimerId_ReturnsEntityWithCorrectProperties (Data Row 0)" storage="f:\etwork\bin\tests\sysintgtests.icore.common.entities.dll" id="da236810-ac6b-47b1-be73-925f8811cb21">
      <TestCategory>
        <TestCategoryItem TestCategory="Entities" />
        <TestCategoryItem TestCategory="SystemIntegration" />
      </TestCategory>
      <Execution id="f9de6f1e-0a36-455d-9a6d-44658b8b1dac" />
      <TestMethod codeBase="F:\ETWork\bin\Tests\SysIntgTests.iCore.Common.Entities.dll" adapterTypeName="Microsoft.VisualStudio.TestTools.TestTypes.Unit.UnitTestAdapter" className="SysIntgTests.iCore.Common.Entities.TimerTests" name="GetById_KnownTimerId_ReturnsEntityWithCorrectProperties (Data Row 0)" />
    </UnitTest>
    <UnitTest name="GetById_KnownTimerId_ReturnsEntityWithCorrectProperties (Data Row 1)" storage="f:\etwork\bin\tests\sysintgtests.icore.common.entities.dll" id="4abdf29f-43ff-4ff4-9f79-8caa2e2d88f5">
      <TestCategory>
        <TestCategoryItem TestCategory="Entities" />
        <TestCategoryItem TestCategory="SystemIntegration" />
      </TestCategory>
      <Execution id="385ac669-1f08-460e-9b55-a67bcb591770" />
      <TestMethod codeBase="F:\ETWork\bin\Tests\SysIntgTests.iCore.Common.Entities.dll" adapterTypeName="Microsoft.VisualStudio.TestTools.TestTypes.Unit.UnitTestAdapter" className="SysIntgTests.iCore.Common.Entities.TimerTests" name="GetById_KnownTimerId_ReturnsEntityWithCorrectProperties (Data Row 1)" />
    </UnitTest>
    <UnitTest name="GetByName_Null_ThrowsArgumentNullException" storage="f:\etwork\bin\tests\sysintgtests.icore.common.entities.dll" id="25d6043a-7158-e98b-7a39-e77567a7f704">
      <TestCategory>
        <TestCategoryItem TestCategory="Entities" />
        <TestCategoryItem TestCategory="SystemIntegration" />
      </TestCategory>
      <Execution id="e2d6c7b9-6964-46d4-8c41-74364ad38fd2" />
      <TestMethod codeBase="F:\ETWork\bin\Tests\SysIntgTests.iCore.Common.Entities.dll" adapterTypeName="Microsoft.VisualStudio.TestTools.TestTypes.Unit.UnitTestAdapter" className="SysIntgTests.iCore.Common.Entities.TimerTests" name="GetByName_Null_ThrowsArgumentNullException" />
    </UnitTest>
    <UnitTest name="GetByName_NonExistingName_ThrowsEntityNotFoundException" storage="f:\etwork\bin\tests\sysintgtests.icore.common.entities.dll" id="5d85c0c5-06a3-6887-4505-63fb64abaf56">
      <TestCategory>
        <TestCategoryItem TestCategory="Entities" />
        <TestCategoryItem TestCategory="SystemIntegration" />
      </TestCategory>
      <Execution id="f0ed492c-9537-4bde-be69-71517c47a392" />
      <TestMethod codeBase="F:\ETWork\bin\Tests\SysIntgTests.iCore.Common.Entities.dll" adapterTypeName="Microsoft.VisualStudio.TestTools.TestTypes.Unit.UnitTestAdapter" className="SysIntgTests.iCore.Common.Entities.TimerTests" name="GetByName_NonExistingName_ThrowsEntityNotFoundException" />
    </UnitTest>
    <UnitTest name="GetByName_KnownTimerName_ReturnsEntityWithCorrectProperties (Data Row 0)" storage="f:\etwork\bin\tests\sysintgtests.icore.common.entities.dll" id="ce3dce05-81d8-48d1-a2ef-22295a39c813">
      <TestCategory>
        <TestCategoryItem TestCategory="Entities" />
        <TestCategoryItem TestCategory="SystemIntegration" />
      </TestCategory>
      <Execution id="425ac3a7-0593-4d8b-a734-c1d84f610288" />
      <TestMethod codeBase="F:\ETWork\bin\Tests\SysIntgTests.iCore.Common.Entities.dll" adapterTypeName="Microsoft.VisualStudio.TestTools.TestTypes.Unit.UnitTestAdapter" className="SysIntgTests.iCore.Common.Entities.TimerTests" name="GetByName_KnownTimerName_ReturnsEntityWithCorrectProperties (Data Row 0)" />
    </UnitTest>
    <UnitTest name="GetByName_KnownTimerName_ReturnsEntityWithCorrectProperties (Data Row 1)" storage="f:\etwork\bin\tests\sysintgtests.icore.common.entities.dll" id="a1cd4f8e-a27d-4ac4-a1ed-9ee8ce41966a">
      <TestCategory>
        <TestCategoryItem TestCategory="Entities" />
        <TestCategoryItem TestCategory="SystemIntegration" />
      </TestCategory>
      <Execution id="b018f2cc-2d95-4dc4-accc-b3f174abfd1d" />
      <TestMethod codeBase="F:\ETWork\bin\Tests\SysIntgTests.iCore.Common.Entities.dll" adapterTypeName="Microsoft.VisualStudio.TestTools.TestTypes.Unit.UnitTestAdapter" className="SysIntgTests.iCore.Common.Entities.TimerTests" name="GetByName_KnownTimerName_ReturnsEntityWithCorrectProperties (Data Row 1)" />
    </UnitTest>
    <UnitTest name="GetNameById_NonExistingId_ThrowsEntityNotFoundException" storage="f:\etwork\bin\tests\sysintgtests.icore.common.entities.dll" id="40124673-8dc3-d69e-248e-fe52a4a2ec97">
      <TestCategory>
        <TestCategoryItem TestCategory="Entities" />
        <TestCategoryItem TestCategory="SystemIntegration" />
      </TestCategory>
      <Execution id="a4011de5-f549-46a5-9c84-e5adad43c144" />
      <TestMethod codeBase="F:\ETWork\bin\Tests\SysIntgTests.iCore.Common.Entities.dll" adapterTypeName="Microsoft.VisualStudio.TestTools.TestTypes.Unit.UnitTestAdapter" className="SysIntgTests.iCore.Common.Entities.TimerTests" name="GetNameById_NonExistingId_ThrowsEntityNotFoundException" />
    </UnitTest>
    <UnitTest name="GetNameById_KnownTimerId_ReturnsCorrectName (Data Row 0)" storage="f:\etwork\bin\tests\sysintgtests.icore.common.entities.dll" id="0b6901b9-be08-41c3-b3a0-30049d978f15">
      <TestCategory>
        <TestCategoryItem TestCategory="Entities" />
        <TestCategoryItem TestCategory="SystemIntegration" />
      </TestCategory>
      <Execution id="f82fdff3-0801-471d-829f-a4f9a3601075" />
      <TestMethod codeBase="F:\ETWork\bin\Tests\SysIntgTests.iCore.Common.Entities.dll" adapterTypeName="Microsoft.VisualStudio.TestTools.TestTypes.Unit.UnitTestAdapter" className="SysIntgTests.iCore.Common.Entities.TimerTests" name="GetNameById_KnownTimerId_ReturnsCorrectName (Data Row 0)" />
    </UnitTest>
    <UnitTest name="GetNameById_KnownTimerId_ReturnsCorrectName (Data Row 1)" storage="f:\etwork\bin\tests\sysintgtests.icore.common.entities.dll" id="c58a5eab-2917-4bde-8c3f-d0e831d825f0">
      <TestCategory>
        <TestCategoryItem TestCategory="Entities" />
        <TestCategoryItem TestCategory="SystemIntegration" />
      </TestCategory>
      <Execution id="80b7954d-c848-41f8-8149-a76047ac4c74" />
      <TestMethod codeBase="F:\ETWork\bin\Tests\SysIntgTests.iCore.Common.Entities.dll" adapterTypeName="Microsoft.VisualStudio.TestTools.TestTypes.Unit.UnitTestAdapter" className="SysIntgTests.iCore.Common.Entities.TimerTests" name="GetNameById_KnownTimerId_ReturnsCorrectName (Data Row 1)" />
    </UnitTest>
    <UnitTest name="GetSubEntityByKey_EnumerateValidTimerEvents_TimerEventsAreReturned" storage="f:\etwork\bin\tests\sysintgtests.icore.common.entities.dll" id="67ac16c2-8939-1b38-3be1-0882267d91fa">
      <TestCategory>
        <TestCategoryItem TestCategory="Entities" />
        <TestCategoryItem TestCategory="SystemIntegration" />
      </TestCategory>
      <Execution id="9d9be8ee-0b69-478e-8d45-a76dccb6aa10" />
      <TestMethod codeBase="F:\ETWork\bin\Tests\SysIntgTests.iCore.Common.Entities.dll" adapterTypeName="Microsoft.VisualStudio.TestTools.TestTypes.Unit.UnitTestAdapter" className="SysIntgTests.iCore.Common.Entities.TimerTests" name="GetSubEntityByKey_EnumerateValidTimerEvents_TimerEventsAreReturned" />
    </UnitTest>
    <UnitTest name="GetSubEntityByKey_InvokedWithInvalidTimerEventId_EntityNotFoundExceptionIsThrown" storage="f:\etwork\bin\tests\sysintgtests.icore.common.entities.dll" id="5b38c7ec-0b92-5da9-232f-440a3955b17f">
      <TestCategory>
        <TestCategoryItem TestCategory="Entities" />
        <TestCategoryItem TestCategory="SystemIntegration" />
      </TestCategory>
      <Execution id="2435aa23-3e28-486f-8763-4580d7731457" />
      <TestMethod codeBase="F:\ETWork\bin\Tests\SysIntgTests.iCore.Common.Entities.dll" adapterTypeName="Microsoft.VisualStudio.TestTools.TestTypes.Unit.UnitTestAdapter" className="SysIntgTests.iCore.Common.Entities.TimerTests" name="GetSubEntityByKey_InvokedWithInvalidTimerEventId_EntityNotFoundExceptionIsThrown" />
    </UnitTest>
    <UnitTest name="GetSubEntityByKey_InvokedWithInvalidTypeId_ArgumentExceptionIsThrown" storage="f:\etwork\bin\tests\sysintgtests.icore.common.entities.dll" id="46d4d389-db41-415a-1ec0-67535c83ac2c">
      <TestCategory>
        <TestCategoryItem TestCategory="Entities" />
        <TestCategoryItem TestCategory="SystemIntegration" />
      </TestCategory>
      <Execution id="fe5a1487-6807-47ae-b9c6-3c179513e330" />
      <TestMethod codeBase="F:\ETWork\bin\Tests\SysIntgTests.iCore.Common.Entities.dll" adapterTypeName="Microsoft.VisualStudio.TestTools.TestTypes.Unit.UnitTestAdapter" className="SysIntgTests.iCore.Common.Entities.TimerTests" name="GetSubEntityByKey_InvokedWithInvalidTypeId_ArgumentExceptionIsThrown" />
    </UnitTest>
    <UnitTest name="Add_NullName_ThrowsConditionalErrorException" storage="f:\etwork\bin\tests\sysintgtests.icore.common.entities.dll" id="d749b82d-a261-55f7-d74f-df6a84589f6e">
      <TestCategory>
        <TestCategoryItem TestCategory="Entities" />
        <TestCategoryItem TestCategory="SystemIntegration" />
      </TestCategory>
      <Execution id="57e35b46-5762-45e0-a4b2-b8a9be2b1439" />
      <TestMethod codeBase="F:\ETWork\bin\Tests\SysIntgTests.iCore.Common.Entities.dll" adapterTypeName="Microsoft.VisualStudio.TestTools.TestTypes.Unit.UnitTestAdapter" className="SysIntgTests.iCore.Common.Entities.TimerTests" name="Add_NullName_ThrowsConditionalErrorException" />
    </UnitTest>
    <UnitTest name="Add_EmptyName_ThrowsStringLengthErrorException" storage="f:\etwork\bin\tests\sysintgtests.icore.common.entities.dll" id="801edf6f-24dd-590c-c92e-55aaee21723a">
      <TestCategory>
        <TestCategoryItem TestCategory="Entities" />
        <TestCategoryItem TestCategory="SystemIntegration" />
      </TestCategory>
      <Execution id="1ed51244-fd9e-4b15-a7c4-d67946e9e67c" />
      <TestMethod codeBase="F:\ETWork\bin\Tests\SysIntgTests.iCore.Common.Entities.dll" adapterTypeName="Microsoft.VisualStudio.TestTools.TestTypes.Unit.UnitTestAdapter" className="SysIntgTests.iCore.Common.Entities.TimerTests" name="Add_EmptyName_ThrowsStringLengthErrorException" />
    </UnitTest>
    <UnitTest name="Add_WhiteSpaceOnlyName_ThrowsStringLengthErrorException" storage="f:\etwork\bin\tests\sysintgtests.icore.common.entities.dll" id="bced4d5e-cac6-ffec-fc1b-ce522d0dc025">
      <TestCategory>
        <TestCategoryItem TestCategory="Entities" />
        <TestCategoryItem TestCategory="SystemIntegration" />
      </TestCategory>
      <Execution id="f7150a5c-c351-4952-9388-1b3ba88b82f5" />
      <TestMethod codeBase="F:\ETWork\bin\Tests\SysIntgTests.iCore.Common.Entities.dll" adapterTypeName="Microsoft.VisualStudio.TestTools.TestTypes.Unit.UnitTestAdapter" className="SysIntgTests.iCore.Common.Entities.TimerTests" name="Add_WhiteSpaceOnlyName_ThrowsStringLengthErrorException" />
    </UnitTest>
    <UnitTest name="Add_TooLongName_ThrowsStringLengthErrorException" storage="f:\etwork\bin\tests\sysintgtests.icore.common.entities.dll" id="9575ec04-2ec7-be56-7164-ad3b42a30655">
      <TestCategory>
        <TestCategoryItem TestCategory="Entities" />
        <TestCategoryItem TestCategory="SystemIntegration" />
      </TestCategory>
      <Execution id="965dd38d-7d18-49d9-891b-5e2ddb20e611" />
      <TestMethod codeBase="F:\ETWork\bin\Tests\SysIntgTests.iCore.Common.Entities.dll" adapterTypeName="Microsoft.VisualStudio.TestTools.TestTypes.Unit.UnitTestAdapter" className="SysIntgTests.iCore.Common.Entities.TimerTests" name="Add_TooLongName_ThrowsStringLengthErrorException" />
    </UnitTest>
    <UnitTest name="Add_LongDescription_Succeeds" storage="f:\etwork\bin\tests\sysintgtests.icore.common.entities.dll" id="5097a6b3-d771-a80a-3665-a1cea01be6b2">
      <TestCategory>
        <TestCategoryItem TestCategory="Entities" />
        <TestCategoryItem TestCategory="SystemIntegration" />
      </TestCategory>
      <Execution id="bcb5dc09-02f3-49b8-ad08-e50f5eb5cc85" />
      <TestMethod codeBase="F:\ETWork\bin\Tests\SysIntgTests.iCore.Common.Entities.dll" adapterTypeName="Microsoft.VisualStudio.TestTools.TestTypes.Unit.UnitTestAdapter" className="SysIntgTests.iCore.Common.Entities.TimerTests" name="Add_LongDescription_Succeeds" />
    </UnitTest>
    <UnitTest name="Add_ValidProperties_IdAndTimesAreUpdatedCorrectly" storage="f:\etwork\bin\tests\sysintgtests.icore.common.entities.dll" id="b572c3f9-ea9e-907e-f530-3c9eaf6593df">
      <TestCategory>
        <TestCategoryItem TestCategory="Entities" />
        <TestCategoryItem TestCategory="SystemIntegration" />
      </TestCategory>
      <Execution id="41ebeeba-b392-4383-a037-a495f882163e" />
      <TestMethod codeBase="F:\ETWork\bin\Tests\SysIntgTests.iCore.Common.Entities.dll" adapterTypeName="Microsoft.VisualStudio.TestTools.TestTypes.Unit.UnitTestAdapter" className="SysIntgTests.iCore.Common.Entities.TimerTests" name="Add_ValidProperties_IdAndTimesAreUpdatedCorrectly" />
    </UnitTest>
    <UnitTest name="Add_ValidFromEqualsValidTo_ThrowsValidationErrorException" storage="f:\etwork\bin\tests\sysintgtests.icore.common.entities.dll" id="d41cdabd-124f-11b3-93ec-272e8e75fc57">
      <TestCategory>
        <TestCategoryItem TestCategory="Entities" />
        <TestCategoryItem TestCategory="SystemIntegration" />
      </TestCategory>
      <Execution id="c2201194-f14e-4bf2-86ad-f426df7ffed4" />
      <TestMethod codeBase="F:\ETWork\bin\Tests\SysIntgTests.iCore.Common.Entities.dll" adapterTypeName="Microsoft.VisualStudio.TestTools.TestTypes.Unit.UnitTestAdapter" className="SysIntgTests.iCore.Common.Entities.TimerTests" name="Add_ValidFromEqualsValidTo_ThrowsValidationErrorException" />
    </UnitTest>
    <UnitTest name="Add_ComplexProperties_ArePersistedCorrectly" storage="f:\etwork\bin\tests\sysintgtests.icore.common.entities.dll" id="23a0ee5e-d3b7-d26b-5848-456d6798a5f7">
      <TestCategory>
        <TestCategoryItem TestCategory="Entities" />
        <TestCategoryItem TestCategory="SystemIntegration" />
      </TestCategory>
      <Execution id="e24ab490-5dae-4708-ad4a-18427dbe49a4" />
      <TestMethod codeBase="F:\ETWork\bin\Tests\SysIntgTests.iCore.Common.Entities.dll" adapterTypeName="Microsoft.VisualStudio.TestTools.TestTypes.Unit.UnitTestAdapter" className="SysIntgTests.iCore.Common.Entities.TimerTests" name="Add_ComplexProperties_ArePersistedCorrectly" />
    </UnitTest>
    <UnitTest name="Add_DuplicateName_ThrowsUniqueValueAddConflictException" storage="f:\etwork\bin\tests\sysintgtests.icore.common.entities.dll" id="e4e5756f-7869-dbf7-8595-320ad2a72468">
      <TestCategory>
        <TestCategoryItem TestCategory="Entities" />
        <TestCategoryItem TestCategory="SystemIntegration" />
      </TestCategory>
      <Execution id="e4187fe4-cbc5-40f3-8264-f695176a42d0" />
      <TestMethod codeBase="F:\ETWork\bin\Tests\SysIntgTests.iCore.Common.Entities.dll" adapterTypeName="Microsoft.VisualStudio.TestTools.TestTypes.Unit.UnitTestAdapter" className="SysIntgTests.iCore.Common.Entities.TimerTests" name="Add_DuplicateName_ThrowsUniqueValueAddConflictException" />
    </UnitTest>
    <UnitTest name="Add_NoValidWeekDays_Throws" storage="f:\etwork\bin\tests\sysintgtests.icore.common.entities.dll" id="62729322-4f00-bf7c-e06f-9b4a0dc9d7b2">
      <TestCategory>
        <TestCategoryItem TestCategory="Entities" />
        <TestCategoryItem TestCategory="SystemIntegration" />
      </TestCategory>
      <Execution id="a3669e81-456f-4dc8-b2ae-36487a17ea84" />
      <TestMethod codeBase="F:\ETWork\bin\Tests\SysIntgTests.iCore.Common.Entities.dll" adapterTypeName="Microsoft.VisualStudio.TestTools.TestTypes.Unit.UnitTestAdapter" className="SysIntgTests.iCore.Common.Entities.TimerTests" name="Add_NoValidWeekDays_Throws" />
    </UnitTest>
    <UnitTest name="Add_NoDaysOfMonth_Throws" storage="f:\etwork\bin\tests\sysintgtests.icore.common.entities.dll" id="ec42e077-1bf1-384b-afcb-78091000741e">
      <TestCategory>
        <TestCategoryItem TestCategory="Entities" />
        <TestCategoryItem TestCategory="SystemIntegration" />
      </TestCategory>
      <Execution id="8940244e-c1c6-4856-84cd-dc2696710de9" />
      <TestMethod codeBase="F:\ETWork\bin\Tests\SysIntgTests.iCore.Common.Entities.dll" adapterTypeName="Microsoft.VisualStudio.TestTools.TestTypes.Unit.UnitTestAdapter" className="SysIntgTests.iCore.Common.Entities.TimerTests" name="Add_NoDaysOfMonth_Throws" />
    </UnitTest>
    <UnitTest name="Add_InvalidServiceWindowForAbsoluteTimer_Throws" storage="f:\etwork\bin\tests\sysintgtests.icore.common.entities.dll" id="0f8be53c-c6ec-d78e-4dbe-34bfc3462524">
      <TestCategory>
        <TestCategoryItem TestCategory="Entities" />
        <TestCategoryItem TestCategory="SystemIntegration" />
      </TestCategory>
      <Execution id="ca5572cb-5b76-4e7e-9186-36deac3f2f07" />
      <TestMethod codeBase="F:\ETWork\bin\Tests\SysIntgTests.iCore.Common.Entities.dll" adapterTypeName="Microsoft.VisualStudio.TestTools.TestTypes.Unit.UnitTestAdapter" className="SysIntgTests.iCore.Common.Entities.TimerTests" name="Add_InvalidServiceWindowForAbsoluteTimer_Throws" />
    </UnitTest>
    <UnitTest name="Update_NullName_ThrowsConditionalErrorException" storage="f:\etwork\bin\tests\sysintgtests.icore.common.entities.dll" id="f8ab4b24-5e84-f41f-f288-ed66092c61cc">
      <TestCategory>
        <TestCategoryItem TestCategory="Entities" />
        <TestCategoryItem TestCategory="SystemIntegration" />
      </TestCategory>
      <Execution id="ca16fa25-0ee6-4220-8b95-d155fc6c9528" />
      <TestMethod codeBase="F:\ETWork\bin\Tests\SysIntgTests.iCore.Common.Entities.dll" adapterTypeName="Microsoft.VisualStudio.TestTools.TestTypes.Unit.UnitTestAdapter" className="SysIntgTests.iCore.Common.Entities.TimerTests" name="Update_NullName_ThrowsConditionalErrorException" />
    </UnitTest>
    <UnitTest name="Update_EmtpyName_ThrowsStringLengthErrorException" storage="f:\etwork\bin\tests\sysintgtests.icore.common.entities.dll" id="8f1085d2-581a-71d9-2c4e-f7db97f9bc5b">
      <TestCategory>
        <TestCategoryItem TestCategory="Entities" />
        <TestCategoryItem TestCategory="SystemIntegration" />
      </TestCategory>
      <Execution id="142172ce-cbc7-43bd-97e5-2dacfe364c12" />
      <TestMethod codeBase="F:\ETWork\bin\Tests\SysIntgTests.iCore.Common.Entities.dll" adapterTypeName="Microsoft.VisualStudio.TestTools.TestTypes.Unit.UnitTestAdapter" className="SysIntgTests.iCore.Common.Entities.TimerTests" name="Update_EmtpyName_ThrowsStringLengthErrorException" />
    </UnitTest>
    <UnitTest name="Update_WhitespaceOnlyName_ThrowsStringLengthErrorException" storage="f:\etwork\bin\tests\sysintgtests.icore.common.entities.dll" id="9514862f-97cd-6743-ec24-8afe58dcb5a9">
      <TestCategory>
        <TestCategoryItem TestCategory="Entities" />
        <TestCategoryItem TestCategory="SystemIntegration" />
      </TestCategory>
      <Execution id="3238045e-e53d-4b6f-81ef-ef58a9a8d4aa" />
      <TestMethod codeBase="F:\ETWork\bin\Tests\SysIntgTests.iCore.Common.Entities.dll" adapterTypeName="Microsoft.VisualStudio.TestTools.TestTypes.Unit.UnitTestAdapter" className="SysIntgTests.iCore.Common.Entities.TimerTests" name="Update_WhitespaceOnlyName_ThrowsStringLengthErrorException" />
    </UnitTest>
    <UnitTest name="Update_TooLongName_ThrowsStringLengthErrorException" storage="f:\etwork\bin\tests\sysintgtests.icore.common.entities.dll" id="87fb7966-d15f-564a-3abf-8a3fca677ebb">
      <TestCategory>
        <TestCategoryItem TestCategory="Entities" />
        <TestCategoryItem TestCategory="SystemIntegration" />
      </TestCategory>
      <Execution id="0cdbbaea-faa5-41cb-a192-b7b69b79113e" />
      <TestMethod codeBase="F:\ETWork\bin\Tests\SysIntgTests.iCore.Common.Entities.dll" adapterTypeName="Microsoft.VisualStudio.TestTools.TestTypes.Unit.UnitTestAdapter" className="SysIntgTests.iCore.Common.Entities.TimerTests" name="Update_TooLongName_ThrowsStringLengthErrorException" />
    </UnitTest>
    <UnitTest name="Update_LongDescription_Succeeds" storage="f:\etwork\bin\tests\sysintgtests.icore.common.entities.dll" id="4ba91838-984f-bf8a-3c6c-73d40973f338">
      <TestCategory>
        <TestCategoryItem TestCategory="Entities" />
        <TestCategoryItem TestCategory="SystemIntegration" />
      </TestCategory>
      <Execution id="d8ac6533-f3a4-41f7-9b5a-d640aecb5322" />
      <TestMethod codeBase="F:\ETWork\bin\Tests\SysIntgTests.iCore.Common.Entities.dll" adapterTypeName="Microsoft.VisualStudio.TestTools.TestTypes.Unit.UnitTestAdapter" className="SysIntgTests.iCore.Common.Entities.TimerTests" name="Update_LongDescription_Succeeds" />
    </UnitTest>
    <UnitTest name="Update_DuplicateName_ThrowsUniqueValueAddConflictException" storage="f:\etwork\bin\tests\sysintgtests.icore.common.entities.dll" id="814a9a3f-b73f-8fe7-f227-b03a5d336ecd">
      <TestCategory>
        <TestCategoryItem TestCategory="Entities" />
        <TestCategoryItem TestCategory="SystemIntegration" />
      </TestCategory>
      <Execution id="51484c0a-1922-4bd9-b068-b337f86cbe4a" />
      <TestMethod codeBase="F:\ETWork\bin\Tests\SysIntgTests.iCore.Common.Entities.dll" adapterTypeName="Microsoft.VisualStudio.TestTools.TestTypes.Unit.UnitTestAdapter" className="SysIntgTests.iCore.Common.Entities.TimerTests" name="Update_DuplicateName_ThrowsUniqueValueAddConflictException" />
    </UnitTest>
    <UnitTest name="Update_ComplexProperties_ArePersistedCorrectly" storage="f:\etwork\bin\tests\sysintgtests.icore.common.entities.dll" id="09e258dd-e920-f01f-1285-f194cceea820">
      <TestCategory>
        <TestCategoryItem TestCategory="Entities" />
        <TestCategoryItem TestCategory="SystemIntegration" />
      </TestCategory>
      <Execution id="4f2686c5-7fb0-4bf1-8231-d2c075a0e9da" />
      <TestMethod codeBase="F:\ETWork\bin\Tests\SysIntgTests.iCore.Common.Entities.dll" adapterTypeName="Microsoft.VisualStudio.TestTools.TestTypes.Unit.UnitTestAdapter" className="SysIntgTests.iCore.Common.Entities.TimerTests" name="Update_ComplexProperties_ArePersistedCorrectly" />
    </UnitTest>
    <UnitTest name="Update_UnchangedName_Succeeds" storage="f:\etwork\bin\tests\sysintgtests.icore.common.entities.dll" id="666392e9-de33-f2a7-6d3d-7b29a8fb136d">
      <TestCategory>
        <TestCategoryItem TestCategory="Entities" />
        <TestCategoryItem TestCategory="SystemIntegration" />
      </TestCategory>
      <Execution id="29065dd7-d9b4-4aef-9f94-7def530ddb8a" />
      <TestMethod codeBase="F:\ETWork\bin\Tests\SysIntgTests.iCore.Common.Entities.dll" adapterTypeName="Microsoft.VisualStudio.TestTools.TestTypes.Unit.UnitTestAdapter" className="SysIntgTests.iCore.Common.Entities.TimerTests" name="Update_UnchangedName_Succeeds" />
    </UnitTest>
    <UnitTest name="Update_TimerEventsAdded_TimerEventsArePersistedCorrectly" storage="f:\etwork\bin\tests\sysintgtests.icore.common.entities.dll" id="866ecfac-1236-293f-96fd-cf6d82a91325">
      <TestCategory>
        <TestCategoryItem TestCategory="Entities" />
        <TestCategoryItem TestCategory="SystemIntegration" />
      </TestCategory>
      <Execution id="2fc12f6b-4e80-4370-95f5-99a2cb895f00" />
      <TestMethod codeBase="F:\ETWork\bin\Tests\SysIntgTests.iCore.Common.Entities.dll" adapterTypeName="Microsoft.VisualStudio.TestTools.TestTypes.Unit.UnitTestAdapter" className="SysIntgTests.iCore.Common.Entities.TimerTests" name="Update_TimerEventsAdded_TimerEventsArePersistedCorrectly" />
    </UnitTest>
    <UnitTest name="Update_TimerEventsAdded_LastModifiedTimeUpdatedCorrectly" storage="f:\etwork\bin\tests\sysintgtests.icore.common.entities.dll" id="36c15edd-1de0-9fb0-8f3f-a4517fa36b94">
      <TestCategory>
        <TestCategoryItem TestCategory="Entities" />
        <TestCategoryItem TestCategory="SystemIntegration" />
      </TestCategory>
      <Execution id="013bafff-918a-4716-9a16-0f3a20874e9d" />
      <TestMethod codeBase="F:\ETWork\bin\Tests\SysIntgTests.iCore.Common.Entities.dll" adapterTypeName="Microsoft.VisualStudio.TestTools.TestTypes.Unit.UnitTestAdapter" className="SysIntgTests.iCore.Common.Entities.TimerTests" name="Update_TimerEventsAdded_LastModifiedTimeUpdatedCorrectly" />
    </UnitTest>
    <UnitTest name="DeleteExistingTimer_SuccessfullyDeletesTimer" storage="f:\etwork\bin\tests\sysintgtests.icore.common.entities.dll" id="616aebde-1c0f-2051-3c10-64f5b2f99e58">
      <TestCategory>
        <TestCategoryItem TestCategory="Entities" />
        <TestCategoryItem TestCategory="SystemIntegration" />
      </TestCategory>
      <Execution id="cbf9845f-fec2-4d53-ad76-cc1c03748b2c" />
      <TestMethod codeBase="F:\ETWork\bin\Tests\SysIntgTests.iCore.Common.Entities.dll" adapterTypeName="Microsoft.VisualStudio.TestTools.TestTypes.Unit.UnitTestAdapter" className="SysIntgTests.iCore.Common.Entities.TimerTests" name="DeleteExistingTimer_SuccessfullyDeletesTimer" />
    </UnitTest>
    <UnitTest name="RepositoryEntityTypeId_ReturnsScript" storage="f:\etwork\bin\tests\sysintgtests.icore.common.entities.dll" id="7fcc33f7-8623-8794-18e3-c37e91315504">
      <TestCategory>
        <TestCategoryItem TestCategory="Entities" />
        <TestCategoryItem TestCategory="SystemIntegration" />
      </TestCategory>
      <Execution id="a2fdc119-6279-44c8-8a54-a17ffb9e1d18" />
      <TestMethod codeBase="F:\ETWork\bin\Tests\SysIntgTests.iCore.Common.Entities.dll" adapterTypeName="Microsoft.VisualStudio.TestTools.TestTypes.Unit.UnitTestAdapter" className="SysIntgTests.iCore.Common.Entities.ScriptTests" name="RepositoryEntityTypeId_ReturnsScript" />
    </UnitTest>
    <UnitTest name="RepositoryEntityType_ReturnsIScript" storage="f:\etwork\bin\tests\sysintgtests.icore.common.entities.dll" id="c0c2ca34-c3ae-4f79-da6b-4c3e0528cd32">
      <TestCategory>
        <TestCategoryItem TestCategory="Entities" />
        <TestCategoryItem TestCategory="SystemIntegration" />
      </TestCategory>
      <Execution id="c50e46fc-cf72-4df6-9915-7d1a8e62c594" />
      <TestMethod codeBase="F:\ETWork\bin\Tests\SysIntgTests.iCore.Common.Entities.dll" adapterTypeName="Microsoft.VisualStudio.TestTools.TestTypes.Unit.UnitTestAdapter" className="SysIntgTests.iCore.Common.Entities.ScriptTests" name="RepositoryEntityType_ReturnsIScript" />
    </UnitTest>
    <UnitTest name="RepositorySystemContext_MatchesActualSystemContext" storage="f:\etwork\bin\tests\sysintgtests.icore.common.entities.dll" id="0a2382a6-ca03-275f-4d19-d0a4ee735df4">
      <TestCategory>
        <TestCategoryItem TestCategory="Entities" />
        <TestCategoryItem TestCategory="SystemIntegration" />
      </TestCategory>
      <Execution id="f81eb2cc-c731-4cf8-aff4-38edd06bdcb6" />
      <TestMethod codeBase="F:\ETWork\bin\Tests\SysIntgTests.iCore.Common.Entities.dll" adapterTypeName="Microsoft.VisualStudio.TestTools.TestTypes.Unit.UnitTestAdapter" className="SysIntgTests.iCore.Common.Entities.ScriptTests" name="RepositorySystemContext_MatchesActualSystemContext" />
    </UnitTest>
    <UnitTest name="Exists_KnownScriptKey_ReturnsTrue (Data Row 0)" storage="f:\etwork\bin\tests\sysintgtests.icore.common.entities.dll" id="be6abb59-5c2e-4b10-aa8b-0bcc979d64d4">
      <TestCategory>
        <TestCategoryItem TestCategory="Entities" />
        <TestCategoryItem TestCategory="SystemIntegration" />
      </TestCategory>
      <Execution id="e7087f1c-c3c2-4d74-ab9b-d050923a0185" />
      <TestMethod codeBase="F:\ETWork\bin\Tests\SysIntgTests.iCore.Common.Entities.dll" adapterTypeName="Microsoft.VisualStudio.TestTools.TestTypes.Unit.UnitTestAdapter" className="SysIntgTests.iCore.Common.Entities.ScriptTests" name="Exists_KnownScriptKey_ReturnsTrue (Data Row 0)" />
    </UnitTest>
    <UnitTest name="Exists_KnownScriptKey_ReturnsTrue (Data Row 1)" storage="f:\etwork\bin\tests\sysintgtests.icore.common.entities.dll" id="77d7e317-04a7-4daf-9834-a9f560043cf5">
      <TestCategory>
        <TestCategoryItem TestCategory="Entities" />
        <TestCategoryItem TestCategory="SystemIntegration" />
      </TestCategory>
      <Execution id="ff32cfe9-a01e-4452-bb80-ab9d38a55519" />
      <TestMethod codeBase="F:\ETWork\bin\Tests\SysIntgTests.iCore.Common.Entities.dll" adapterTypeName="Microsoft.VisualStudio.TestTools.TestTypes.Unit.UnitTestAdapter" className="SysIntgTests.iCore.Common.Entities.ScriptTests" name="Exists_KnownScriptKey_ReturnsTrue (Data Row 1)" />
    </UnitTest>
    <UnitTest name="Exists_KnownScriptKey_ReturnsTrue (Data Row 2)" storage="f:\etwork\bin\tests\sysintgtests.icore.common.entities.dll" id="4d6f5858-67b4-4e83-83ee-61cd9e700b4e">
      <TestCategory>
        <TestCategoryItem TestCategory="Entities" />
        <TestCategoryItem TestCategory="SystemIntegration" />
      </TestCategory>
      <Execution id="14187eac-2fc7-4a3e-8e02-4d0c27be1833" />
      <TestMethod codeBase="F:\ETWork\bin\Tests\SysIntgTests.iCore.Common.Entities.dll" adapterTypeName="Microsoft.VisualStudio.TestTools.TestTypes.Unit.UnitTestAdapter" className="SysIntgTests.iCore.Common.Entities.ScriptTests" name="Exists_KnownScriptKey_ReturnsTrue (Data Row 2)" />
    </UnitTest>
    <UnitTest name="Exists_KnownScriptKey_ReturnsTrue (Data Row 3)" storage="f:\etwork\bin\tests\sysintgtests.icore.common.entities.dll" id="014f07d8-8ed4-4a29-961c-d3ef637631c5">
      <TestCategory>
        <TestCategoryItem TestCategory="Entities" />
        <TestCategoryItem TestCategory="SystemIntegration" />
      </TestCategory>
      <Execution id="d1725461-8df0-4f74-aee8-888e5b842f05" />
      <TestMethod codeBase="F:\ETWork\bin\Tests\SysIntgTests.iCore.Common.Entities.dll" adapterTypeName="Microsoft.VisualStudio.TestTools.TestTypes.Unit.UnitTestAdapter" className="SysIntgTests.iCore.Common.Entities.ScriptTests" name="Exists_KnownScriptKey_ReturnsTrue (Data Row 3)" />
    </UnitTest>
    <UnitTest name="Exists_KnownScriptKey_ReturnsTrue (Data Row 4)" storage="f:\etwork\bin\tests\sysintgtests.icore.common.entities.dll" id="3861cb62-622e-4d8b-aae0-3c6f08bef9a5">
      <TestCategory>
        <TestCategoryItem TestCategory="Entities" />
        <TestCategoryItem TestCategory="SystemIntegration" />
      </TestCategory>
      <Execution id="231fd492-fb43-4435-a5b5-bcedc5c537a5" />
      <TestMethod codeBase="F:\ETWork\bin\Tests\SysIntgTests.iCore.Common.Entities.dll" adapterTypeName="Microsoft.VisualStudio.TestTools.TestTypes.Unit.UnitTestAdapter" className="SysIntgTests.iCore.Common.Entities.ScriptTests" name="Exists_KnownScriptKey_ReturnsTrue (Data Row 4)" />
    </UnitTest>
    <UnitTest name="Exists_KnownScriptKey_ReturnsTrue (Data Row 5)" storage="f:\etwork\bin\tests\sysintgtests.icore.common.entities.dll" id="177074b8-7c21-411d-8120-160213115082">
      <TestCategory>
        <TestCategoryItem TestCategory="Entities" />
        <TestCategoryItem TestCategory="SystemIntegration" />
      </TestCategory>
      <Execution id="f2bd6d4a-5501-4dcb-82c6-95d17dd74c62" />
      <TestMethod codeBase="F:\ETWork\bin\Tests\SysIntgTests.iCore.Common.Entities.dll" adapterTypeName="Microsoft.VisualStudio.TestTools.TestTypes.Unit.UnitTestAdapter" className="SysIntgTests.iCore.Common.Entities.ScriptTests" name="Exists_KnownScriptKey_ReturnsTrue (Data Row 5)" />
    </UnitTest>
    <UnitTest name="Exists_KnownScriptKey_ReturnsTrue (Data Row 6)" storage="f:\etwork\bin\tests\sysintgtests.icore.common.entities.dll" id="3648110e-c336-4f72-a46b-37f98193bd32">
      <TestCategory>
        <TestCategoryItem TestCategory="Entities" />
        <TestCategoryItem TestCategory="SystemIntegration" />
      </TestCategory>
      <Execution id="aeb29ad8-637a-43cd-83b6-3281389c6fd6" />
      <TestMethod codeBase="F:\ETWork\bin\Tests\SysIntgTests.iCore.Common.Entities.dll" adapterTypeName="Microsoft.VisualStudio.TestTools.TestTypes.Unit.UnitTestAdapter" className="SysIntgTests.iCore.Common.Entities.ScriptTests" name="Exists_KnownScriptKey_ReturnsTrue (Data Row 6)" />
    </UnitTest>
    <UnitTest name="Exists_KnownScriptKey_ReturnsTrue (Data Row 7)" storage="f:\etwork\bin\tests\sysintgtests.icore.common.entities.dll" id="398e0515-41a7-4058-8095-106c945b5202">
      <TestCategory>
        <TestCategoryItem TestCategory="Entities" />
        <TestCategoryItem TestCategory="SystemIntegration" />
      </TestCategory>
      <Execution id="701a0453-9418-43a8-8ef5-6471cc738bee" />
      <TestMethod codeBase="F:\ETWork\bin\Tests\SysIntgTests.iCore.Common.Entities.dll" adapterTypeName="Microsoft.VisualStudio.TestTools.TestTypes.Unit.UnitTestAdapter" className="SysIntgTests.iCore.Common.Entities.ScriptTests" name="Exists_KnownScriptKey_ReturnsTrue (Data Row 7)" />
    </UnitTest>
    <UnitTest name="Exists_KnownScriptKey_ReturnsTrue (Data Row 8)" storage="f:\etwork\bin\tests\sysintgtests.icore.common.entities.dll" id="d2e9805e-a7fb-4ace-9880-e0da81728d0a">
      <TestCategory>
        <TestCategoryItem TestCategory="Entities" />
        <TestCategoryItem TestCategory="SystemIntegration" />
      </TestCategory>
      <Execution id="85a53504-48a2-408d-a4a9-4135314701c5" />
      <TestMethod codeBase="F:\ETWork\bin\Tests\SysIntgTests.iCore.Common.Entities.dll" adapterTypeName="Microsoft.VisualStudio.TestTools.TestTypes.Unit.UnitTestAdapter" className="SysIntgTests.iCore.Common.Entities.ScriptTests" name="Exists_KnownScriptKey_ReturnsTrue (Data Row 8)" />
    </UnitTest>
    <UnitTest name="Exists_NonExistingScriptKey_ReturnsFalse" storage="f:\etwork\bin\tests\sysintgtests.icore.common.entities.dll" id="aed1fdf4-4778-8efd-52ab-6283c493706d">
      <TestCategory>
        <TestCategoryItem TestCategory="Entities" />
        <TestCategoryItem TestCategory="SystemIntegration" />
      </TestCategory>
      <Execution id="512f36b7-6dcb-4022-af37-5a099b6c11b7" />
      <TestMethod codeBase="F:\ETWork\bin\Tests\SysIntgTests.iCore.Common.Entities.dll" adapterTypeName="Microsoft.VisualStudio.TestTools.TestTypes.Unit.UnitTestAdapter" className="SysIntgTests.iCore.Common.Entities.ScriptTests" name="Exists_NonExistingScriptKey_ReturnsFalse" />
    </UnitTest>
    <UnitTest name="ExistsByName_KnownScriptName_ReturnsTrue (Data Row 0)" storage="f:\etwork\bin\tests\sysintgtests.icore.common.entities.dll" id="3cd627d3-8a57-4d64-a5b2-89900c6b657a">
      <TestCategory>
        <TestCategoryItem TestCategory="Entities" />
        <TestCategoryItem TestCategory="SystemIntegration" />
      </TestCategory>
      <Execution id="916c35cb-166f-4aa3-b6df-27bd6205a986" />
      <TestMethod codeBase="F:\ETWork\bin\Tests\SysIntgTests.iCore.Common.Entities.dll" adapterTypeName="Microsoft.VisualStudio.TestTools.TestTypes.Unit.UnitTestAdapter" className="SysIntgTests.iCore.Common.Entities.ScriptTests" name="ExistsByName_KnownScriptName_ReturnsTrue (Data Row 0)" />
    </UnitTest>
    <UnitTest name="ExistsByName_KnownScriptName_ReturnsTrue (Data Row 1)" storage="f:\etwork\bin\tests\sysintgtests.icore.common.entities.dll" id="c9ad4b9b-e08e-42bc-a57c-a5808836ba0e">
      <TestCategory>
        <TestCategoryItem TestCategory="Entities" />
        <TestCategoryItem TestCategory="SystemIntegration" />
      </TestCategory>
      <Execution id="16489e30-f632-4d3f-bbed-36d46b7afa39" />
      <TestMethod codeBase="F:\ETWork\bin\Tests\SysIntgTests.iCore.Common.Entities.dll" adapterTypeName="Microsoft.VisualStudio.TestTools.TestTypes.Unit.UnitTestAdapter" className="SysIntgTests.iCore.Common.Entities.ScriptTests" name="ExistsByName_KnownScriptName_ReturnsTrue (Data Row 1)" />
    </UnitTest>
    <UnitTest name="ExistsByName_KnownScriptName_ReturnsTrue (Data Row 2)" storage="f:\etwork\bin\tests\sysintgtests.icore.common.entities.dll" id="4fcfb9cc-f663-4ae9-99f4-f783342775b3">
      <TestCategory>
        <TestCategoryItem TestCategory="Entities" />
        <TestCategoryItem TestCategory="SystemIntegration" />
      </TestCategory>
      <Execution id="870b24ee-12d1-4e0a-a306-e5936c62d107" />
      <TestMethod codeBase="F:\ETWork\bin\Tests\SysIntgTests.iCore.Common.Entities.dll" adapterTypeName="Microsoft.VisualStudio.TestTools.TestTypes.Unit.UnitTestAdapter" className="SysIntgTests.iCore.Common.Entities.ScriptTests" name="ExistsByName_KnownScriptName_ReturnsTrue (Data Row 2)" />
    </UnitTest>
    <UnitTest name="ExistsByName_KnownScriptName_ReturnsTrue (Data Row 3)" storage="f:\etwork\bin\tests\sysintgtests.icore.common.entities.dll" id="2ffeacbb-3ce0-4a2b-9b5e-5e1c79a3f5b3">
      <TestCategory>
        <TestCategoryItem TestCategory="Entities" />
        <TestCategoryItem TestCategory="SystemIntegration" />
      </TestCategory>
      <Execution id="591b6fc5-704d-4830-810a-6a105f28c64a" />
      <TestMethod codeBase="F:\ETWork\bin\Tests\SysIntgTests.iCore.Common.Entities.dll" adapterTypeName="Microsoft.VisualStudio.TestTools.TestTypes.Unit.UnitTestAdapter" className="SysIntgTests.iCore.Common.Entities.ScriptTests" name="ExistsByName_KnownScriptName_ReturnsTrue (Data Row 3)" />
    </UnitTest>
    <UnitTest name="ExistsByName_KnownScriptName_ReturnsTrue (Data Row 4)" storage="f:\etwork\bin\tests\sysintgtests.icore.common.entities.dll" id="ebf93561-df11-4f76-a229-0084069de07d">
      <TestCategory>
        <TestCategoryItem TestCategory="Entities" />
        <TestCategoryItem TestCategory="SystemIntegration" />
      </TestCategory>
      <Execution id="b8385f72-ed08-4ec8-909c-69b28870df7e" />
      <TestMethod codeBase="F:\ETWork\bin\Tests\SysIntgTests.iCore.Common.Entities.dll" adapterTypeName="Microsoft.VisualStudio.TestTools.TestTypes.Unit.UnitTestAdapter" className="SysIntgTests.iCore.Common.Entities.ScriptTests" name="ExistsByName_KnownScriptName_ReturnsTrue (Data Row 4)" />
    </UnitTest>
    <UnitTest name="ExistsByName_KnownScriptName_ReturnsTrue (Data Row 5)" storage="f:\etwork\bin\tests\sysintgtests.icore.common.entities.dll" id="ab76923b-8829-4ed3-a7ed-629a185b4bab">
      <TestCategory>
        <TestCategoryItem TestCategory="Entities" />
        <TestCategoryItem TestCategory="SystemIntegration" />
      </TestCategory>
      <Execution id="4216fa34-e194-41fa-bb35-af0943b27ed5" />
      <TestMethod codeBase="F:\ETWork\bin\Tests\SysIntgTests.iCore.Common.Entities.dll" adapterTypeName="Microsoft.VisualStudio.TestTools.TestTypes.Unit.UnitTestAdapter" className="SysIntgTests.iCore.Common.Entities.ScriptTests" name="ExistsByName_KnownScriptName_ReturnsTrue (Data Row 5)" />
    </UnitTest>
    <UnitTest name="ExistsByName_KnownScriptName_ReturnsTrue (Data Row 6)" storage="f:\etwork\bin\tests\sysintgtests.icore.common.entities.dll" id="9ae5c53a-d2b1-43fd-af83-2aa4e933f986">
      <TestCategory>
        <TestCategoryItem TestCategory="Entities" />
        <TestCategoryItem TestCategory="SystemIntegration" />
      </TestCategory>
      <Execution id="687d7765-a42b-4363-9ee4-f0ad2d5b29cb" />
      <TestMethod codeBase="F:\ETWork\bin\Tests\SysIntgTests.iCore.Common.Entities.dll" adapterTypeName="Microsoft.VisualStudio.TestTools.TestTypes.Unit.UnitTestAdapter" className="SysIntgTests.iCore.Common.Entities.ScriptTests" name="ExistsByName_KnownScriptName_ReturnsTrue (Data Row 6)" />
    </UnitTest>
    <UnitTest name="ExistsByName_KnownScriptName_ReturnsTrue (Data Row 7)" storage="f:\etwork\bin\tests\sysintgtests.icore.common.entities.dll" id="c5929298-2ded-4587-a2f8-e07a83ecda43">
      <TestCategory>
        <TestCategoryItem TestCategory="Entities" />
        <TestCategoryItem TestCategory="SystemIntegration" />
      </TestCategory>
      <Execution id="67011d24-0055-4db3-902b-c89f5663aa8d" />
      <TestMethod codeBase="F:\ETWork\bin\Tests\SysIntgTests.iCore.Common.Entities.dll" adapterTypeName="Microsoft.VisualStudio.TestTools.TestTypes.Unit.UnitTestAdapter" className="SysIntgTests.iCore.Common.Entities.ScriptTests" name="ExistsByName_KnownScriptName_ReturnsTrue (Data Row 7)" />
    </UnitTest>
    <UnitTest name="ExistsByName_KnownScriptName_ReturnsTrue (Data Row 8)" storage="f:\etwork\bin\tests\sysintgtests.icore.common.entities.dll" id="e09567d3-b88f-4b0f-8d7c-2dbc5609a83c">
      <TestCategory>
        <TestCategoryItem TestCategory="Entities" />
        <TestCategoryItem TestCategory="SystemIntegration" />
      </TestCategory>
      <Execution id="452307db-2809-4cb9-b035-776812ffa4d1" />
      <TestMethod codeBase="F:\ETWork\bin\Tests\SysIntgTests.iCore.Common.Entities.dll" adapterTypeName="Microsoft.VisualStudio.TestTools.TestTypes.Unit.UnitTestAdapter" className="SysIntgTests.iCore.Common.Entities.ScriptTests" name="ExistsByName_KnownScriptName_ReturnsTrue (Data Row 8)" />
    </UnitTest>
    <UnitTest name="ExistsByName_NonExistingScriptName_ReturnsFalse" storage="f:\etwork\bin\tests\sysintgtests.icore.common.entities.dll" id="adff13a4-403f-6fb4-ff06-a11bec3cead5">
      <TestCategory>
        <TestCategoryItem TestCategory="Entities" />
        <TestCategoryItem TestCategory="SystemIntegration" />
      </TestCategory>
      <Execution id="e407622a-c9f9-43c0-b5e1-ef66475d74da" />
      <TestMethod codeBase="F:\ETWork\bin\Tests\SysIntgTests.iCore.Common.Entities.dll" adapterTypeName="Microsoft.VisualStudio.TestTools.TestTypes.Unit.UnitTestAdapter" className="SysIntgTests.iCore.Common.Entities.ScriptTests" name="ExistsByName_NonExistingScriptName_ReturnsFalse" />
    </UnitTest>
    <UnitTest name="CreateInstance_ThrowsNotSupportedException" storage="f:\etwork\bin\tests\sysintgtests.icore.common.entities.dll" id="9c803465-7896-f4ae-660d-91455b4df83e">
      <Execution id="f841bd74-99f5-403a-9e75-c93ea142f572" />
      <TestMethod codeBase="F:\ETWork\bin\Tests\SysIntgTests.iCore.Common.Entities.dll" adapterTypeName="Microsoft.VisualStudio.TestTools.TestTypes.Unit.UnitTestAdapter" className="SysIntgTests.iCore.Common.Entities.ScriptTests" name="CreateInstance_ThrowsNotSupportedException" />
    </UnitTest>
    <UnitTest name="List_ContainsEachKnownScriptOnce (Data Row 0)" storage="f:\etwork\bin\tests\sysintgtests.icore.common.entities.dll" id="29592728-1381-4725-bcdc-cfaf435dd555">
      <TestCategory>
        <TestCategoryItem TestCategory="Entities" />
        <TestCategoryItem TestCategory="SystemIntegration" />
      </TestCategory>
      <Execution id="31f263d3-b7c5-475f-9639-7f4c2a1daab8" />
      <TestMethod codeBase="F:\ETWork\bin\Tests\SysIntgTests.iCore.Common.Entities.dll" adapterTypeName="Microsoft.VisualStudio.TestTools.TestTypes.Unit.UnitTestAdapter" className="SysIntgTests.iCore.Common.Entities.ScriptTests" name="List_ContainsEachKnownScriptOnce (Data Row 0)" />
    </UnitTest>
    <UnitTest name="List_ContainsEachKnownScriptOnce (Data Row 1)" storage="f:\etwork\bin\tests\sysintgtests.icore.common.entities.dll" id="da424f2c-8aef-46b4-b8c6-1cc863fbdf2a">
      <TestCategory>
        <TestCategoryItem TestCategory="Entities" />
        <TestCategoryItem TestCategory="SystemIntegration" />
      </TestCategory>
      <Execution id="57e876b2-5902-4276-ac0f-1e3a86d4f5c5" />
      <TestMethod codeBase="F:\ETWork\bin\Tests\SysIntgTests.iCore.Common.Entities.dll" adapterTypeName="Microsoft.VisualStudio.TestTools.TestTypes.Unit.UnitTestAdapter" className="SysIntgTests.iCore.Common.Entities.ScriptTests" name="List_ContainsEachKnownScriptOnce (Data Row 1)" />
    </UnitTest>
    <UnitTest name="List_ContainsEachKnownScriptOnce (Data Row 2)" storage="f:\etwork\bin\tests\sysintgtests.icore.common.entities.dll" id="628d5825-01b6-4404-9a1e-9a0b7f10fb0b">
      <TestCategory>
        <TestCategoryItem TestCategory="Entities" />
        <TestCategoryItem TestCategory="SystemIntegration" />
      </TestCategory>
      <Execution id="520078f7-5c2c-4be8-a30a-f20aa28c3e0d" />
      <TestMethod codeBase="F:\ETWork\bin\Tests\SysIntgTests.iCore.Common.Entities.dll" adapterTypeName="Microsoft.VisualStudio.TestTools.TestTypes.Unit.UnitTestAdapter" className="SysIntgTests.iCore.Common.Entities.ScriptTests" name="List_ContainsEachKnownScriptOnce (Data Row 2)" />
    </UnitTest>
    <UnitTest name="List_ContainsEachKnownScriptOnce (Data Row 3)" storage="f:\etwork\bin\tests\sysintgtests.icore.common.entities.dll" id="1c39d733-688c-4e6c-8966-2af11cc38647">
      <TestCategory>
        <TestCategoryItem TestCategory="Entities" />
        <TestCategoryItem TestCategory="SystemIntegration" />
      </TestCategory>
      <Execution id="b9a970d8-7338-4ff7-8d1f-56f3ea76d112" />
      <TestMethod codeBase="F:\ETWork\bin\Tests\SysIntgTests.iCore.Common.Entities.dll" adapterTypeName="Microsoft.VisualStudio.TestTools.TestTypes.Unit.UnitTestAdapter" className="SysIntgTests.iCore.Common.Entities.ScriptTests" name="List_ContainsEachKnownScriptOnce (Data Row 3)" />
    </UnitTest>
    <UnitTest name="List_ContainsEachKnownScriptOnce (Data Row 4)" storage="f:\etwork\bin\tests\sysintgtests.icore.common.entities.dll" id="c378756a-c9f5-486c-b9c4-a5e916e7f481">
      <TestCategory>
        <TestCategoryItem TestCategory="Entities" />
        <TestCategoryItem TestCategory="SystemIntegration" />
      </TestCategory>
      <Execution id="b1f28d3d-0eb6-49d8-a5d7-2944808b4c07" />
      <TestMethod codeBase="F:\ETWork\bin\Tests\SysIntgTests.iCore.Common.Entities.dll" adapterTypeName="Microsoft.VisualStudio.TestTools.TestTypes.Unit.UnitTestAdapter" className="SysIntgTests.iCore.Common.Entities.ScriptTests" name="List_ContainsEachKnownScriptOnce (Data Row 4)" />
    </UnitTest>
    <UnitTest name="List_ContainsEachKnownScriptOnce (Data Row 5)" storage="f:\etwork\bin\tests\sysintgtests.icore.common.entities.dll" id="3d383aa5-10fa-43a9-9adf-575ac2f894cb">
      <TestCategory>
        <TestCategoryItem TestCategory="Entities" />
        <TestCategoryItem TestCategory="SystemIntegration" />
      </TestCategory>
      <Execution id="9b1d274e-90ff-4434-9490-e12b1f67d190" />
      <TestMethod codeBase="F:\ETWork\bin\Tests\SysIntgTests.iCore.Common.Entities.dll" adapterTypeName="Microsoft.VisualStudio.TestTools.TestTypes.Unit.UnitTestAdapter" className="SysIntgTests.iCore.Common.Entities.ScriptTests" name="List_ContainsEachKnownScriptOnce (Data Row 5)" />
    </UnitTest>
    <UnitTest name="List_ContainsEachKnownScriptOnce (Data Row 6)" storage="f:\etwork\bin\tests\sysintgtests.icore.common.entities.dll" id="c33a511c-3d61-4881-a05c-af07fc8798fe">
      <TestCategory>
        <TestCategoryItem TestCategory="Entities" />
        <TestCategoryItem TestCategory="SystemIntegration" />
      </TestCategory>
      <Execution id="819d9f98-68e1-4af6-affa-40a5f366c9f6" />
      <TestMethod codeBase="F:\ETWork\bin\Tests\SysIntgTests.iCore.Common.Entities.dll" adapterTypeName="Microsoft.VisualStudio.TestTools.TestTypes.Unit.UnitTestAdapter" className="SysIntgTests.iCore.Common.Entities.ScriptTests" name="List_ContainsEachKnownScriptOnce (Data Row 6)" />
    </UnitTest>
    <UnitTest name="List_ContainsEachKnownScriptOnce (Data Row 7)" storage="f:\etwork\bin\tests\sysintgtests.icore.common.entities.dll" id="55663fbc-26a7-446f-9bcc-729b56067b24">
      <TestCategory>
        <TestCategoryItem TestCategory="Entities" />
        <TestCategoryItem TestCategory="SystemIntegration" />
      </TestCategory>
      <Execution id="5cd57297-cc5a-459a-9ea9-90149cce10ce" />
      <TestMethod codeBase="F:\ETWork\bin\Tests\SysIntgTests.iCore.Common.Entities.dll" adapterTypeName="Microsoft.VisualStudio.TestTools.TestTypes.Unit.UnitTestAdapter" className="SysIntgTests.iCore.Common.Entities.ScriptTests" name="List_ContainsEachKnownScriptOnce (Data Row 7)" />
    </UnitTest>
    <UnitTest name="List_ContainsEachKnownScriptOnce (Data Row 8)" storage="f:\etwork\bin\tests\sysintgtests.icore.common.entities.dll" id="b718339b-5880-4c98-af93-840a1f9c4f98">
      <TestCategory>
        <TestCategoryItem TestCategory="Entities" />
        <TestCategoryItem TestCategory="SystemIntegration" />
      </TestCategory>
      <Execution id="fa8c4049-2517-488e-bb4c-bde3e2cbe2b0" />
      <TestMethod codeBase="F:\ETWork\bin\Tests\SysIntgTests.iCore.Common.Entities.dll" adapterTypeName="Microsoft.VisualStudio.TestTools.TestTypes.Unit.UnitTestAdapter" className="SysIntgTests.iCore.Common.Entities.ScriptTests" name="List_ContainsEachKnownScriptOnce (Data Row 8)" />
    </UnitTest>
    <UnitTest name="List_ShouldSetSystemContextCorrectly" storage="f:\etwork\bin\tests\sysintgtests.icore.common.entities.dll" id="4e0cdfda-3db8-0574-9973-e24c7b5c674f">
      <TestCategory>
        <TestCategoryItem TestCategory="Entities" />
        <TestCategoryItem TestCategory="SystemIntegration" />
      </TestCategory>
      <Execution id="4866488b-73fa-4030-961e-5f44225f3b9d" />
      <TestMethod codeBase="F:\ETWork\bin\Tests\SysIntgTests.iCore.Common.Entities.dll" adapterTypeName="Microsoft.VisualStudio.TestTools.TestTypes.Unit.UnitTestAdapter" className="SysIntgTests.iCore.Common.Entities.ScriptTests" name="List_ShouldSetSystemContextCorrectly" />
    </UnitTest>
    <UnitTest name="GetSystemInternalByLocalId_ExistingScript_ReturnsCorrectValue (Data Row 0)" storage="f:\etwork\bin\tests\sysintgtests.icore.common.entities.dll" id="615deaac-6e7f-46a4-9155-5261fb3da6ca">
      <TestCategory>
        <TestCategoryItem TestCategory="Entities" />
        <TestCategoryItem TestCategory="SystemIntegration" />
      </TestCategory>
      <Execution id="e51fb06f-2f24-4ba6-8dab-cfb7cc5c523e" />
      <TestMethod codeBase="F:\ETWork\bin\Tests\SysIntgTests.iCore.Common.Entities.dll" adapterTypeName="Microsoft.VisualStudio.TestTools.TestTypes.Unit.UnitTestAdapter" className="SysIntgTests.iCore.Common.Entities.ScriptTests" name="GetSystemInternalByLocalId_ExistingScript_ReturnsCorrectValue (Data Row 0)" />
    </UnitTest>
    <UnitTest name="GetSystemInternalByLocalId_ExistingScript_ReturnsCorrectValue (Data Row 1)" storage="f:\etwork\bin\tests\sysintgtests.icore.common.entities.dll" id="c7ea17cd-d066-4971-9f79-c7e9db816511">
      <TestCategory>
        <TestCategoryItem TestCategory="Entities" />
        <TestCategoryItem TestCategory="SystemIntegration" />
      </TestCategory>
      <Execution id="1c3c675d-693e-4946-8350-a33d5b0cb71c" />
      <TestMethod codeBase="F:\ETWork\bin\Tests\SysIntgTests.iCore.Common.Entities.dll" adapterTypeName="Microsoft.VisualStudio.TestTools.TestTypes.Unit.UnitTestAdapter" className="SysIntgTests.iCore.Common.Entities.ScriptTests" name="GetSystemInternalByLocalId_ExistingScript_ReturnsCorrectValue (Data Row 1)" />
    </UnitTest>
    <UnitTest name="GetSystemInternalByLocalId_ExistingScript_ReturnsCorrectValue (Data Row 2)" storage="f:\etwork\bin\tests\sysintgtests.icore.common.entities.dll" id="03924c54-9a32-4cca-9b40-09ebbbfadd25">
      <TestCategory>
        <TestCategoryItem TestCategory="Entities" />
        <TestCategoryItem TestCategory="SystemIntegration" />
      </TestCategory>
      <Execution id="7d2d7557-1eef-4fee-a9af-1fc37c740525" />
      <TestMethod codeBase="F:\ETWork\bin\Tests\SysIntgTests.iCore.Common.Entities.dll" adapterTypeName="Microsoft.VisualStudio.TestTools.TestTypes.Unit.UnitTestAdapter" className="SysIntgTests.iCore.Common.Entities.ScriptTests" name="GetSystemInternalByLocalId_ExistingScript_ReturnsCorrectValue (Data Row 2)" />
    </UnitTest>
    <UnitTest name="GetSystemInternalByLocalId_ExistingScript_ReturnsCorrectValue (Data Row 3)" storage="f:\etwork\bin\tests\sysintgtests.icore.common.entities.dll" id="559cf067-7c26-4f63-ba48-2ad3abd7794c">
      <TestCategory>
        <TestCategoryItem TestCategory="Entities" />
        <TestCategoryItem TestCategory="SystemIntegration" />
      </TestCategory>
      <Execution id="cdc0d9a0-fac2-4b34-b35b-3d26453864e0" />
      <TestMethod codeBase="F:\ETWork\bin\Tests\SysIntgTests.iCore.Common.Entities.dll" adapterTypeName="Microsoft.VisualStudio.TestTools.TestTypes.Unit.UnitTestAdapter" className="SysIntgTests.iCore.Common.Entities.ScriptTests" name="GetSystemInternalByLocalId_ExistingScript_ReturnsCorrectValue (Data Row 3)" />
    </UnitTest>
    <UnitTest name="GetSystemInternalByLocalId_ExistingScript_ReturnsCorrectValue (Data Row 4)" storage="f:\etwork\bin\tests\sysintgtests.icore.common.entities.dll" id="9c6a3074-1937-4b70-bc86-b90e5ff48071">
      <TestCategory>
        <TestCategoryItem TestCategory="Entities" />
        <TestCategoryItem TestCategory="SystemIntegration" />
      </TestCategory>
      <Execution id="72a17240-4f75-4963-9c7b-4fd64f5a925e" />
      <TestMethod codeBase="F:\ETWork\bin\Tests\SysIntgTests.iCore.Common.Entities.dll" adapterTypeName="Microsoft.VisualStudio.TestTools.TestTypes.Unit.UnitTestAdapter" className="SysIntgTests.iCore.Common.Entities.ScriptTests" name="GetSystemInternalByLocalId_ExistingScript_ReturnsCorrectValue (Data Row 4)" />
    </UnitTest>
    <UnitTest name="GetSystemInternalByLocalId_ExistingScript_ReturnsCorrectValue (Data Row 5)" storage="f:\etwork\bin\tests\sysintgtests.icore.common.entities.dll" id="315629e2-ca10-4b6d-a350-76af9a8d9a1a">
      <TestCategory>
        <TestCategoryItem TestCategory="Entities" />
        <TestCategoryItem TestCategory="SystemIntegration" />
      </TestCategory>
      <Execution id="11491ef8-322e-494b-b751-8270bd303c08" />
      <TestMethod codeBase="F:\ETWork\bin\Tests\SysIntgTests.iCore.Common.Entities.dll" adapterTypeName="Microsoft.VisualStudio.TestTools.TestTypes.Unit.UnitTestAdapter" className="SysIntgTests.iCore.Common.Entities.ScriptTests" name="GetSystemInternalByLocalId_ExistingScript_ReturnsCorrectValue (Data Row 5)" />
    </UnitTest>
    <UnitTest name="GetSystemInternalByLocalId_ExistingScript_ReturnsCorrectValue (Data Row 6)" storage="f:\etwork\bin\tests\sysintgtests.icore.common.entities.dll" id="1e0baf41-a22f-4e89-8016-dfd7baa1e07a">
      <TestCategory>
        <TestCategoryItem TestCategory="Entities" />
        <TestCategoryItem TestCategory="SystemIntegration" />
      </TestCategory>
      <Execution id="3d819291-7f93-4384-ae45-2929afd7a515" />
      <TestMethod codeBase="F:\ETWork\bin\Tests\SysIntgTests.iCore.Common.Entities.dll" adapterTypeName="Microsoft.VisualStudio.TestTools.TestTypes.Unit.UnitTestAdapter" className="SysIntgTests.iCore.Common.Entities.ScriptTests" name="GetSystemInternalByLocalId_ExistingScript_ReturnsCorrectValue (Data Row 6)" />
    </UnitTest>
    <UnitTest name="GetSystemInternalByLocalId_ExistingScript_ReturnsCorrectValue (Data Row 7)" storage="f:\etwork\bin\tests\sysintgtests.icore.common.entities.dll" id="2e998064-f809-41f6-9d28-ce82e900f107">
      <TestCategory>
        <TestCategoryItem TestCategory="Entities" />
        <TestCategoryItem TestCategory="SystemIntegration" />
      </TestCategory>
      <Execution id="e4586163-b5b3-4201-b269-c40b9add0313" />
      <TestMethod codeBase="F:\ETWork\bin\Tests\SysIntgTests.iCore.Common.Entities.dll" adapterTypeName="Microsoft.VisualStudio.TestTools.TestTypes.Unit.UnitTestAdapter" className="SysIntgTests.iCore.Common.Entities.ScriptTests" name="GetSystemInternalByLocalId_ExistingScript_ReturnsCorrectValue (Data Row 7)" />
    </UnitTest>
    <UnitTest name="GetSystemInternalByLocalId_ExistingScript_ReturnsCorrectValue (Data Row 8)" storage="f:\etwork\bin\tests\sysintgtests.icore.common.entities.dll" id="b04bb143-cba3-4c4b-a050-c022b8cbe669">
      <TestCategory>
        <TestCategoryItem TestCategory="Entities" />
        <TestCategoryItem TestCategory="SystemIntegration" />
      </TestCategory>
      <Execution id="62c5dee9-6719-4dbe-a2b0-7a09f1b37805" />
      <TestMethod codeBase="F:\ETWork\bin\Tests\SysIntgTests.iCore.Common.Entities.dll" adapterTypeName="Microsoft.VisualStudio.TestTools.TestTypes.Unit.UnitTestAdapter" className="SysIntgTests.iCore.Common.Entities.ScriptTests" name="GetSystemInternalByLocalId_ExistingScript_ReturnsCorrectValue (Data Row 8)" />
    </UnitTest>
    <UnitTest name="GetSystemInternalByLocalId_NonExistingScript_ThrowsEntityNotFoundException (Data Row 0)" storage="f:\etwork\bin\tests\sysintgtests.icore.common.entities.dll" id="74936087-29f7-4958-979d-c4e150e254aa">
      <TestCategory>
        <TestCategoryItem TestCategory="Entities" />
        <TestCategoryItem TestCategory="SystemIntegration" />
      </TestCategory>
      <Execution id="ccb80eb9-5ff0-4ee8-afba-47c366fe0bf9" />
      <TestMethod codeBase="F:\ETWork\bin\Tests\SysIntgTests.iCore.Common.Entities.dll" adapterTypeName="Microsoft.VisualStudio.TestTools.TestTypes.Unit.UnitTestAdapter" className="SysIntgTests.iCore.Common.Entities.ScriptTests" name="GetSystemInternalByLocalId_NonExistingScript_ThrowsEntityNotFoundException (Data Row 0)" />
    </UnitTest>
    <UnitTest name="GetSystemInternalByLocalId_NonExistingScript_ThrowsEntityNotFoundException (Data Row 1)" storage="f:\etwork\bin\tests\sysintgtests.icore.common.entities.dll" id="7c0eed88-50d9-4afc-84ba-dbb477452e68">
      <TestCategory>
        <TestCategoryItem TestCategory="Entities" />
        <TestCategoryItem TestCategory="SystemIntegration" />
      </TestCategory>
      <Execution id="578a091f-998d-43c6-83a4-57f164ea0b9b" />
      <TestMethod codeBase="F:\ETWork\bin\Tests\SysIntgTests.iCore.Common.Entities.dll" adapterTypeName="Microsoft.VisualStudio.TestTools.TestTypes.Unit.UnitTestAdapter" className="SysIntgTests.iCore.Common.Entities.ScriptTests" name="GetSystemInternalByLocalId_NonExistingScript_ThrowsEntityNotFoundException (Data Row 1)" />
    </UnitTest>
    <UnitTest name="GetSystemInternalByLocalId_NonExistingScript_ThrowsEntityNotFoundException (Data Row 2)" storage="f:\etwork\bin\tests\sysintgtests.icore.common.entities.dll" id="fce5dc32-6ddd-4bc4-a601-74dbb4d32fe4">
      <TestCategory>
        <TestCategoryItem TestCategory="Entities" />
        <TestCategoryItem TestCategory="SystemIntegration" />
      </TestCategory>
      <Execution id="f5926c76-3895-43b6-bf57-5d1cd6eb106c" />
      <TestMethod codeBase="F:\ETWork\bin\Tests\SysIntgTests.iCore.Common.Entities.dll" adapterTypeName="Microsoft.VisualStudio.TestTools.TestTypes.Unit.UnitTestAdapter" className="SysIntgTests.iCore.Common.Entities.ScriptTests" name="GetSystemInternalByLocalId_NonExistingScript_ThrowsEntityNotFoundException (Data Row 2)" />
    </UnitTest>
    <UnitTest name="GetSystemInternalByLocalId_NonExistingScript_ThrowsEntityNotFoundException (Data Row 3)" storage="f:\etwork\bin\tests\sysintgtests.icore.common.entities.dll" id="73e81580-c2fa-4b57-a174-7d1bc37cf71a">
      <TestCategory>
        <TestCategoryItem TestCategory="Entities" />
        <TestCategoryItem TestCategory="SystemIntegration" />
      </TestCategory>
      <Execution id="70922535-4845-4218-825f-2ba7a5c6da6c" />
      <TestMethod codeBase="F:\ETWork\bin\Tests\SysIntgTests.iCore.Common.Entities.dll" adapterTypeName="Microsoft.VisualStudio.TestTools.TestTypes.Unit.UnitTestAdapter" className="SysIntgTests.iCore.Common.Entities.ScriptTests" name="GetSystemInternalByLocalId_NonExistingScript_ThrowsEntityNotFoundException (Data Row 3)" />
    </UnitTest>
    <UnitTest name="GetSystemInternalByLocalId_NonExistingScript_ThrowsEntityNotFoundException (Data Row 4)" storage="f:\etwork\bin\tests\sysintgtests.icore.common.entities.dll" id="a21b640e-6006-49fb-8168-939fc9a9e1b5">
      <TestCategory>
        <TestCategoryItem TestCategory="Entities" />
        <TestCategoryItem TestCategory="SystemIntegration" />
      </TestCategory>
      <Execution id="8cdfafa0-885e-4ae3-bf9e-2479fe0b44c1" />
      <TestMethod codeBase="F:\ETWork\bin\Tests\SysIntgTests.iCore.Common.Entities.dll" adapterTypeName="Microsoft.VisualStudio.TestTools.TestTypes.Unit.UnitTestAdapter" className="SysIntgTests.iCore.Common.Entities.ScriptTests" name="GetSystemInternalByLocalId_NonExistingScript_ThrowsEntityNotFoundException (Data Row 4)" />
    </UnitTest>
    <UnitTest name="GetSystemInternalByLocalId_NonExistingScript_ThrowsEntityNotFoundException (Data Row 5)" storage="f:\etwork\bin\tests\sysintgtests.icore.common.entities.dll" id="6032c433-65bf-4425-bffe-18474b0d2696">
      <TestCategory>
        <TestCategoryItem TestCategory="Entities" />
        <TestCategoryItem TestCategory="SystemIntegration" />
      </TestCategory>
      <Execution id="22490990-7991-4bdf-b734-270bd1e5f0c6" />
      <TestMethod codeBase="F:\ETWork\bin\Tests\SysIntgTests.iCore.Common.Entities.dll" adapterTypeName="Microsoft.VisualStudio.TestTools.TestTypes.Unit.UnitTestAdapter" className="SysIntgTests.iCore.Common.Entities.ScriptTests" name="GetSystemInternalByLocalId_NonExistingScript_ThrowsEntityNotFoundException (Data Row 5)" />
    </UnitTest>
    <UnitTest name="GetSystemInternalByLocalId_NonExistingScript_ThrowsEntityNotFoundException (Data Row 6)" storage="f:\etwork\bin\tests\sysintgtests.icore.common.entities.dll" id="64df9f08-3879-4cf4-af76-6d83902ccfe5">
      <TestCategory>
        <TestCategoryItem TestCategory="Entities" />
        <TestCategoryItem TestCategory="SystemIntegration" />
      </TestCategory>
      <Execution id="28927d6a-6070-4f3c-9049-4cb7c0db2a90" />
      <TestMethod codeBase="F:\ETWork\bin\Tests\SysIntgTests.iCore.Common.Entities.dll" adapterTypeName="Microsoft.VisualStudio.TestTools.TestTypes.Unit.UnitTestAdapter" className="SysIntgTests.iCore.Common.Entities.ScriptTests" name="GetSystemInternalByLocalId_NonExistingScript_ThrowsEntityNotFoundException (Data Row 6)" />
    </UnitTest>
    <UnitTest name="GetSystemInternalByLocalId_NonExistingScript_ThrowsEntityNotFoundException (Data Row 7)" storage="f:\etwork\bin\tests\sysintgtests.icore.common.entities.dll" id="f1bf2ef7-ef3e-479c-bb81-b14c831ef8ac">
      <TestCategory>
        <TestCategoryItem TestCategory="Entities" />
        <TestCategoryItem TestCategory="SystemIntegration" />
      </TestCategory>
      <Execution id="e0d67fb5-3b6a-4cb9-8dff-e566d0b80504" />
      <TestMethod codeBase="F:\ETWork\bin\Tests\SysIntgTests.iCore.Common.Entities.dll" adapterTypeName="Microsoft.VisualStudio.TestTools.TestTypes.Unit.UnitTestAdapter" className="SysIntgTests.iCore.Common.Entities.ScriptTests" name="GetSystemInternalByLocalId_NonExistingScript_ThrowsEntityNotFoundException (Data Row 7)" />
    </UnitTest>
    <UnitTest name="GetSystemInternalByLocalId_NonExistingScript_ThrowsEntityNotFoundException (Data Row 8)" storage="f:\etwork\bin\tests\sysintgtests.icore.common.entities.dll" id="589ed437-c769-4574-933b-8b85029a9cd0">
      <TestCategory>
        <TestCategoryItem TestCategory="Entities" />
        <TestCategoryItem TestCategory="SystemIntegration" />
      </TestCategory>
      <Execution id="5dbd81ac-ed78-44df-af0a-b23362c67c31" />
      <TestMethod codeBase="F:\ETWork\bin\Tests\SysIntgTests.iCore.Common.Entities.dll" adapterTypeName="Microsoft.VisualStudio.TestTools.TestTypes.Unit.UnitTestAdapter" className="SysIntgTests.iCore.Common.Entities.ScriptTests" name="GetSystemInternalByLocalId_NonExistingScript_ThrowsEntityNotFoundException (Data Row 8)" />
    </UnitTest>
    <UnitTest name="GetById_NewGuid_ThrowsEntityNotFoundException" storage="f:\etwork\bin\tests\sysintgtests.icore.common.entities.dll" id="0d3c4bd5-ee7e-9b49-8a8a-485d138e88bb">
      <TestCategory>
        <TestCategoryItem TestCategory="Entities" />
        <TestCategoryItem TestCategory="SystemIntegration" />
      </TestCategory>
      <Execution id="a0545b0f-66a1-4b56-abc1-88b493a80e01" />
      <TestMethod codeBase="F:\ETWork\bin\Tests\SysIntgTests.iCore.Common.Entities.dll" adapterTypeName="Microsoft.VisualStudio.TestTools.TestTypes.Unit.UnitTestAdapter" className="SysIntgTests.iCore.Common.Entities.ScriptTests" name="GetById_NewGuid_ThrowsEntityNotFoundException" />
    </UnitTest>
    <UnitTest name="GetById_KnownScriptId_ReturnsEntityWithCorrectProperties (Data Row 0)" storage="f:\etwork\bin\tests\sysintgtests.icore.common.entities.dll" id="87124270-4ad0-4321-9b49-6b3e2e765b05">
      <TestCategory>
        <TestCategoryItem TestCategory="Entities" />
        <TestCategoryItem TestCategory="SystemIntegration" />
      </TestCategory>
      <Execution id="2921b61d-bf2e-4879-b937-039159134b56" />
      <TestMethod codeBase="F:\ETWork\bin\Tests\SysIntgTests.iCore.Common.Entities.dll" adapterTypeName="Microsoft.VisualStudio.TestTools.TestTypes.Unit.UnitTestAdapter" className="SysIntgTests.iCore.Common.Entities.ScriptTests" name="GetById_KnownScriptId_ReturnsEntityWithCorrectProperties (Data Row 0)" />
    </UnitTest>
    <UnitTest name="GetById_KnownScriptId_ReturnsEntityWithCorrectProperties (Data Row 1)" storage="f:\etwork\bin\tests\sysintgtests.icore.common.entities.dll" id="c4a7a0f2-8cd1-40ec-beec-083045d73604">
      <TestCategory>
        <TestCategoryItem TestCategory="Entities" />
        <TestCategoryItem TestCategory="SystemIntegration" />
      </TestCategory>
      <Execution id="59012db6-ec67-4023-a3a4-a14bc9b0ad45" />
      <TestMethod codeBase="F:\ETWork\bin\Tests\SysIntgTests.iCore.Common.Entities.dll" adapterTypeName="Microsoft.VisualStudio.TestTools.TestTypes.Unit.UnitTestAdapter" className="SysIntgTests.iCore.Common.Entities.ScriptTests" name="GetById_KnownScriptId_ReturnsEntityWithCorrectProperties (Data Row 1)" />
    </UnitTest>
    <UnitTest name="GetById_KnownScriptId_ReturnsEntityWithCorrectProperties (Data Row 2)" storage="f:\etwork\bin\tests\sysintgtests.icore.common.entities.dll" id="6fb67321-4758-4fc3-becc-5cc25b1e12dd">
      <TestCategory>
        <TestCategoryItem TestCategory="Entities" />
        <TestCategoryItem TestCategory="SystemIntegration" />
      </TestCategory>
      <Execution id="d5c9e507-1115-41b5-b9d1-5f541d155a46" />
      <TestMethod codeBase="F:\ETWork\bin\Tests\SysIntgTests.iCore.Common.Entities.dll" adapterTypeName="Microsoft.VisualStudio.TestTools.TestTypes.Unit.UnitTestAdapter" className="SysIntgTests.iCore.Common.Entities.ScriptTests" name="GetById_KnownScriptId_ReturnsEntityWithCorrectProperties (Data Row 2)" />
    </UnitTest>
    <UnitTest name="GetById_KnownScriptId_ReturnsEntityWithCorrectProperties (Data Row 3)" storage="f:\etwork\bin\tests\sysintgtests.icore.common.entities.dll" id="fe9b3919-673b-459e-b6d4-4d8b6a844e09">
      <TestCategory>
        <TestCategoryItem TestCategory="Entities" />
        <TestCategoryItem TestCategory="SystemIntegration" />
      </TestCategory>
      <Execution id="484e5492-1caf-481e-ba05-12447307bcff" />
      <TestMethod codeBase="F:\ETWork\bin\Tests\SysIntgTests.iCore.Common.Entities.dll" adapterTypeName="Microsoft.VisualStudio.TestTools.TestTypes.Unit.UnitTestAdapter" className="SysIntgTests.iCore.Common.Entities.ScriptTests" name="GetById_KnownScriptId_ReturnsEntityWithCorrectProperties (Data Row 3)" />
    </UnitTest>
    <UnitTest name="GetById_KnownScriptId_ReturnsEntityWithCorrectProperties (Data Row 4)" storage="f:\etwork\bin\tests\sysintgtests.icore.common.entities.dll" id="57272543-9482-433f-9628-90eebe9dd4a4">
      <TestCategory>
        <TestCategoryItem TestCategory="Entities" />
        <TestCategoryItem TestCategory="SystemIntegration" />
      </TestCategory>
      <Execution id="cc9cac3f-acb7-4653-bfa8-156b27b9710f" />
      <TestMethod codeBase="F:\ETWork\bin\Tests\SysIntgTests.iCore.Common.Entities.dll" adapterTypeName="Microsoft.VisualStudio.TestTools.TestTypes.Unit.UnitTestAdapter" className="SysIntgTests.iCore.Common.Entities.ScriptTests" name="GetById_KnownScriptId_ReturnsEntityWithCorrectProperties (Data Row 4)" />
    </UnitTest>
    <UnitTest name="GetById_KnownScriptId_ReturnsEntityWithCorrectProperties (Data Row 5)" storage="f:\etwork\bin\tests\sysintgtests.icore.common.entities.dll" id="39734f21-c88e-4f5c-a2e4-8338fa9b5cdf">
      <TestCategory>
        <TestCategoryItem TestCategory="Entities" />
        <TestCategoryItem TestCategory="SystemIntegration" />
      </TestCategory>
      <Execution id="ef8af93e-50df-4555-aa66-55bf77d19bf0" />
      <TestMethod codeBase="F:\ETWork\bin\Tests\SysIntgTests.iCore.Common.Entities.dll" adapterTypeName="Microsoft.VisualStudio.TestTools.TestTypes.Unit.UnitTestAdapter" className="SysIntgTests.iCore.Common.Entities.ScriptTests" name="GetById_KnownScriptId_ReturnsEntityWithCorrectProperties (Data Row 5)" />
    </UnitTest>
    <UnitTest name="GetById_KnownScriptId_ReturnsEntityWithCorrectProperties (Data Row 6)" storage="f:\etwork\bin\tests\sysintgtests.icore.common.entities.dll" id="d161c7e1-6297-4d1b-a153-73890646c835">
      <TestCategory>
        <TestCategoryItem TestCategory="Entities" />
        <TestCategoryItem TestCategory="SystemIntegration" />
      </TestCategory>
      <Execution id="ea102631-2ee0-483c-aba9-fbaee1b5cb0b" />
      <TestMethod codeBase="F:\ETWork\bin\Tests\SysIntgTests.iCore.Common.Entities.dll" adapterTypeName="Microsoft.VisualStudio.TestTools.TestTypes.Unit.UnitTestAdapter" className="SysIntgTests.iCore.Common.Entities.ScriptTests" name="GetById_KnownScriptId_ReturnsEntityWithCorrectProperties (Data Row 6)" />
    </UnitTest>
    <UnitTest name="GetById_KnownScriptId_ReturnsEntityWithCorrectProperties (Data Row 7)" storage="f:\etwork\bin\tests\sysintgtests.icore.common.entities.dll" id="0a07ce2d-a829-4ea6-b6c6-7abc75fe3d1e">
      <TestCategory>
        <TestCategoryItem TestCategory="Entities" />
        <TestCategoryItem TestCategory="SystemIntegration" />
      </TestCategory>
      <Execution id="2017e055-2df7-4e0b-830a-17c423e672e1" />
      <TestMethod codeBase="F:\ETWork\bin\Tests\SysIntgTests.iCore.Common.Entities.dll" adapterTypeName="Microsoft.VisualStudio.TestTools.TestTypes.Unit.UnitTestAdapter" className="SysIntgTests.iCore.Common.Entities.ScriptTests" name="GetById_KnownScriptId_ReturnsEntityWithCorrectProperties (Data Row 7)" />
    </UnitTest>
    <UnitTest name="GetById_KnownScriptId_ReturnsEntityWithCorrectProperties (Data Row 8)" storage="f:\etwork\bin\tests\sysintgtests.icore.common.entities.dll" id="f4fbccd4-a40b-494e-82fa-989e9675809f">
      <TestCategory>
        <TestCategoryItem TestCategory="Entities" />
        <TestCategoryItem TestCategory="SystemIntegration" />
      </TestCategory>
      <Execution id="85cb3bbd-5a76-4423-bbd0-c6c6a4bffd97" />
      <TestMethod codeBase="F:\ETWork\bin\Tests\SysIntgTests.iCore.Common.Entities.dll" adapterTypeName="Microsoft.VisualStudio.TestTools.TestTypes.Unit.UnitTestAdapter" className="SysIntgTests.iCore.Common.Entities.ScriptTests" name="GetById_KnownScriptId_ReturnsEntityWithCorrectProperties (Data Row 8)" />
    </UnitTest>
    <UnitTest name="GetByKey_NewGuid_ThrowsEntityNotFoundException" storage="f:\etwork\bin\tests\sysintgtests.icore.common.entities.dll" id="43b2788e-e554-4a6b-5947-b7d6243de2e0">
      <TestCategory>
        <TestCategoryItem TestCategory="Entities" />
        <TestCategoryItem TestCategory="SystemIntegration" />
      </TestCategory>
      <Execution id="94f0c033-c792-4741-850b-31722438d7b7" />
      <TestMethod codeBase="F:\ETWork\bin\Tests\SysIntgTests.iCore.Common.Entities.dll" adapterTypeName="Microsoft.VisualStudio.TestTools.TestTypes.Unit.UnitTestAdapter" className="SysIntgTests.iCore.Common.Entities.ScriptTests" name="GetByKey_NewGuid_ThrowsEntityNotFoundException" />
    </UnitTest>
    <UnitTest name="GetByKey_KnownScriptKey_ReturnsEntityWithCorrectProperties (Data Row 0)" storage="f:\etwork\bin\tests\sysintgtests.icore.common.entities.dll" id="064dcd03-b15c-4373-af1f-d87e1ce8d565">
      <TestCategory>
        <TestCategoryItem TestCategory="Entities" />
        <TestCategoryItem TestCategory="SystemIntegration" />
      </TestCategory>
      <Execution id="fef56ae2-ebe6-4d94-a489-a722767026b3" />
      <TestMethod codeBase="F:\ETWork\bin\Tests\SysIntgTests.iCore.Common.Entities.dll" adapterTypeName="Microsoft.VisualStudio.TestTools.TestTypes.Unit.UnitTestAdapter" className="SysIntgTests.iCore.Common.Entities.ScriptTests" name="GetByKey_KnownScriptKey_ReturnsEntityWithCorrectProperties (Data Row 0)" />
    </UnitTest>
    <UnitTest name="GetByKey_KnownScriptKey_ReturnsEntityWithCorrectProperties (Data Row 1)" storage="f:\etwork\bin\tests\sysintgtests.icore.common.entities.dll" id="b74ca1dc-ba85-4ead-ac38-8c85af0f25f5">
      <TestCategory>
        <TestCategoryItem TestCategory="Entities" />
        <TestCategoryItem TestCategory="SystemIntegration" />
      </TestCategory>
      <Execution id="b7c3ca14-aacc-4207-b9e0-6f5ec3b4e0f4" />
      <TestMethod codeBase="F:\ETWork\bin\Tests\SysIntgTests.iCore.Common.Entities.dll" adapterTypeName="Microsoft.VisualStudio.TestTools.TestTypes.Unit.UnitTestAdapter" className="SysIntgTests.iCore.Common.Entities.ScriptTests" name="GetByKey_KnownScriptKey_ReturnsEntityWithCorrectProperties (Data Row 1)" />
    </UnitTest>
    <UnitTest name="GetByKey_KnownScriptKey_ReturnsEntityWithCorrectProperties (Data Row 2)" storage="f:\etwork\bin\tests\sysintgtests.icore.common.entities.dll" id="5f3f9f88-b251-43b2-8df7-16b0d6ed0be3">
      <TestCategory>
        <TestCategoryItem TestCategory="Entities" />
        <TestCategoryItem TestCategory="SystemIntegration" />
      </TestCategory>
      <Execution id="dd9277a1-22b0-4e5c-8fbd-fce8b124db5c" />
      <TestMethod codeBase="F:\ETWork\bin\Tests\SysIntgTests.iCore.Common.Entities.dll" adapterTypeName="Microsoft.VisualStudio.TestTools.TestTypes.Unit.UnitTestAdapter" className="SysIntgTests.iCore.Common.Entities.ScriptTests" name="GetByKey_KnownScriptKey_ReturnsEntityWithCorrectProperties (Data Row 2)" />
    </UnitTest>
    <UnitTest name="GetByKey_KnownScriptKey_ReturnsEntityWithCorrectProperties (Data Row 3)" storage="f:\etwork\bin\tests\sysintgtests.icore.common.entities.dll" id="3c351d13-1883-4c2e-b740-ebe85878aeb7">
      <TestCategory>
        <TestCategoryItem TestCategory="Entities" />
        <TestCategoryItem TestCategory="SystemIntegration" />
      </TestCategory>
      <Execution id="7ae86c3f-b40d-420a-bbfe-3d809c2f65d4" />
      <TestMethod codeBase="F:\ETWork\bin\Tests\SysIntgTests.iCore.Common.Entities.dll" adapterTypeName="Microsoft.VisualStudio.TestTools.TestTypes.Unit.UnitTestAdapter" className="SysIntgTests.iCore.Common.Entities.ScriptTests" name="GetByKey_KnownScriptKey_ReturnsEntityWithCorrectProperties (Data Row 3)" />
    </UnitTest>
    <UnitTest name="GetByKey_KnownScriptKey_ReturnsEntityWithCorrectProperties (Data Row 4)" storage="f:\etwork\bin\tests\sysintgtests.icore.common.entities.dll" id="360b7ba7-9570-4a6b-a754-96ed4d6e52d5">
      <TestCategory>
        <TestCategoryItem TestCategory="Entities" />
        <TestCategoryItem TestCategory="SystemIntegration" />
      </TestCategory>
      <Execution id="af43225b-587d-45ce-b775-a71db91d6084" />
      <TestMethod codeBase="F:\ETWork\bin\Tests\SysIntgTests.iCore.Common.Entities.dll" adapterTypeName="Microsoft.VisualStudio.TestTools.TestTypes.Unit.UnitTestAdapter" className="SysIntgTests.iCore.Common.Entities.ScriptTests" name="GetByKey_KnownScriptKey_ReturnsEntityWithCorrectProperties (Data Row 4)" />
    </UnitTest>
    <UnitTest name="GetByKey_KnownScriptKey_ReturnsEntityWithCorrectProperties (Data Row 5)" storage="f:\etwork\bin\tests\sysintgtests.icore.common.entities.dll" id="673191eb-1c5b-453a-a08c-5417643c84e1">
      <TestCategory>
        <TestCategoryItem TestCategory="Entities" />
        <TestCategoryItem TestCategory="SystemIntegration" />
      </TestCategory>
      <Execution id="65411a24-58a3-407b-aaaf-5ca799edb7b5" />
      <TestMethod codeBase="F:\ETWork\bin\Tests\SysIntgTests.iCore.Common.Entities.dll" adapterTypeName="Microsoft.VisualStudio.TestTools.TestTypes.Unit.UnitTestAdapter" className="SysIntgTests.iCore.Common.Entities.ScriptTests" name="GetByKey_KnownScriptKey_ReturnsEntityWithCorrectProperties (Data Row 5)" />
    </UnitTest>
    <UnitTest name="GetByKey_KnownScriptKey_ReturnsEntityWithCorrectProperties (Data Row 6)" storage="f:\etwork\bin\tests\sysintgtests.icore.common.entities.dll" id="86fa6ba8-c180-4a71-9a62-b48f52d78be3">
      <TestCategory>
        <TestCategoryItem TestCategory="Entities" />
        <TestCategoryItem TestCategory="SystemIntegration" />
      </TestCategory>
      <Execution id="35adb90c-8bcc-4856-bec1-fa003cbbd96c" />
      <TestMethod codeBase="F:\ETWork\bin\Tests\SysIntgTests.iCore.Common.Entities.dll" adapterTypeName="Microsoft.VisualStudio.TestTools.TestTypes.Unit.UnitTestAdapter" className="SysIntgTests.iCore.Common.Entities.ScriptTests" name="GetByKey_KnownScriptKey_ReturnsEntityWithCorrectProperties (Data Row 6)" />
    </UnitTest>
    <UnitTest name="GetByKey_KnownScriptKey_ReturnsEntityWithCorrectProperties (Data Row 7)" storage="f:\etwork\bin\tests\sysintgtests.icore.common.entities.dll" id="0881cde5-8e4b-498c-afa6-f47fe90b305c">
      <TestCategory>
        <TestCategoryItem TestCategory="Entities" />
        <TestCategoryItem TestCategory="SystemIntegration" />
      </TestCategory>
      <Execution id="0bb858a3-16f5-46a7-b140-211c535d4e30" />
      <TestMethod codeBase="F:\ETWork\bin\Tests\SysIntgTests.iCore.Common.Entities.dll" adapterTypeName="Microsoft.VisualStudio.TestTools.TestTypes.Unit.UnitTestAdapter" className="SysIntgTests.iCore.Common.Entities.ScriptTests" name="GetByKey_KnownScriptKey_ReturnsEntityWithCorrectProperties (Data Row 7)" />
    </UnitTest>
    <UnitTest name="GetByKey_KnownScriptKey_ReturnsEntityWithCorrectProperties (Data Row 8)" storage="f:\etwork\bin\tests\sysintgtests.icore.common.entities.dll" id="552cdd57-17f8-462f-896f-20b2cc2c76a2">
      <TestCategory>
        <TestCategoryItem TestCategory="Entities" />
        <TestCategoryItem TestCategory="SystemIntegration" />
      </TestCategory>
      <Execution id="433663c1-1543-403b-bb77-58ad33e3b1bb" />
      <TestMethod codeBase="F:\ETWork\bin\Tests\SysIntgTests.iCore.Common.Entities.dll" adapterTypeName="Microsoft.VisualStudio.TestTools.TestTypes.Unit.UnitTestAdapter" className="SysIntgTests.iCore.Common.Entities.ScriptTests" name="GetByKey_KnownScriptKey_ReturnsEntityWithCorrectProperties (Data Row 8)" />
    </UnitTest>
    <UnitTest name="GetByKey_UnsupportedKey_ThrowsArgumentException" storage="f:\etwork\bin\tests\sysintgtests.icore.common.entities.dll" id="5f8c5653-ea8a-49a8-d404-e3bfbd93c50a">
      <TestCategory>
        <TestCategoryItem TestCategory="Entities" />
        <TestCategoryItem TestCategory="SystemIntegration" />
      </TestCategory>
      <Execution id="43367bc0-05a6-4b08-a1a2-2ccabff76092" />
      <TestMethod codeBase="F:\ETWork\bin\Tests\SysIntgTests.iCore.Common.Entities.dll" adapterTypeName="Microsoft.VisualStudio.TestTools.TestTypes.Unit.UnitTestAdapter" className="SysIntgTests.iCore.Common.Entities.ScriptTests" name="GetByKey_UnsupportedKey_ThrowsArgumentException" />
    </UnitTest>
    <UnitTest name="GetByLocalId_NewGuLocalId_ThrowsEntityNotFoundException" storage="f:\etwork\bin\tests\sysintgtests.icore.common.entities.dll" id="ad51deb7-da70-65ec-5f98-d097e72e13a5">
      <TestCategory>
        <TestCategoryItem TestCategory="Entities" />
        <TestCategoryItem TestCategory="SystemIntegration" />
      </TestCategory>
      <Execution id="2d7a2c20-7f98-46df-afdb-2904e28cfd84" />
      <TestMethod codeBase="F:\ETWork\bin\Tests\SysIntgTests.iCore.Common.Entities.dll" adapterTypeName="Microsoft.VisualStudio.TestTools.TestTypes.Unit.UnitTestAdapter" className="SysIntgTests.iCore.Common.Entities.ScriptTests" name="GetByLocalId_NewGuLocalId_ThrowsEntityNotFoundException" />
    </UnitTest>
    <UnitTest name="GetByLocalId_KnownScriptLocalId_ReturnsEntityWithCorrectProperties (Data Row 0)" storage="f:\etwork\bin\tests\sysintgtests.icore.common.entities.dll" id="6bac7b49-1b70-4890-9306-1c5cb2cc8812">
      <TestCategory>
        <TestCategoryItem TestCategory="Entities" />
        <TestCategoryItem TestCategory="SystemIntegration" />
      </TestCategory>
      <Execution id="9de89d43-c405-4378-a79f-a00f0fa9559b" />
      <TestMethod codeBase="F:\ETWork\bin\Tests\SysIntgTests.iCore.Common.Entities.dll" adapterTypeName="Microsoft.VisualStudio.TestTools.TestTypes.Unit.UnitTestAdapter" className="SysIntgTests.iCore.Common.Entities.ScriptTests" name="GetByLocalId_KnownScriptLocalId_ReturnsEntityWithCorrectProperties (Data Row 0)" />
    </UnitTest>
    <UnitTest name="GetByLocalId_KnownScriptLocalId_ReturnsEntityWithCorrectProperties (Data Row 1)" storage="f:\etwork\bin\tests\sysintgtests.icore.common.entities.dll" id="e957e2a7-c61e-4971-ade3-c49db08bd584">
      <TestCategory>
        <TestCategoryItem TestCategory="Entities" />
        <TestCategoryItem TestCategory="SystemIntegration" />
      </TestCategory>
      <Execution id="4b38f35d-fdc9-4964-96ba-f21001d8f826" />
      <TestMethod codeBase="F:\ETWork\bin\Tests\SysIntgTests.iCore.Common.Entities.dll" adapterTypeName="Microsoft.VisualStudio.TestTools.TestTypes.Unit.UnitTestAdapter" className="SysIntgTests.iCore.Common.Entities.ScriptTests" name="GetByLocalId_KnownScriptLocalId_ReturnsEntityWithCorrectProperties (Data Row 1)" />
    </UnitTest>
    <UnitTest name="GetByLocalId_KnownScriptLocalId_ReturnsEntityWithCorrectProperties (Data Row 2)" storage="f:\etwork\bin\tests\sysintgtests.icore.common.entities.dll" id="f16fbad2-3525-4129-a49f-6c3e39fd9cec">
      <TestCategory>
        <TestCategoryItem TestCategory="Entities" />
        <TestCategoryItem TestCategory="SystemIntegration" />
      </TestCategory>
      <Execution id="2b1a9188-7043-4aa9-b4a6-7e5a1e640114" />
      <TestMethod codeBase="F:\ETWork\bin\Tests\SysIntgTests.iCore.Common.Entities.dll" adapterTypeName="Microsoft.VisualStudio.TestTools.TestTypes.Unit.UnitTestAdapter" className="SysIntgTests.iCore.Common.Entities.ScriptTests" name="GetByLocalId_KnownScriptLocalId_ReturnsEntityWithCorrectProperties (Data Row 2)" />
    </UnitTest>
    <UnitTest name="GetByLocalId_KnownScriptLocalId_ReturnsEntityWithCorrectProperties (Data Row 3)" storage="f:\etwork\bin\tests\sysintgtests.icore.common.entities.dll" id="e235d692-8664-448e-b41f-fa38e6460a23">
      <TestCategory>
        <TestCategoryItem TestCategory="Entities" />
        <TestCategoryItem TestCategory="SystemIntegration" />
      </TestCategory>
      <Execution id="e5090297-d63a-457c-8c18-055c2c33ee3b" />
      <TestMethod codeBase="F:\ETWork\bin\Tests\SysIntgTests.iCore.Common.Entities.dll" adapterTypeName="Microsoft.VisualStudio.TestTools.TestTypes.Unit.UnitTestAdapter" className="SysIntgTests.iCore.Common.Entities.ScriptTests" name="GetByLocalId_KnownScriptLocalId_ReturnsEntityWithCorrectProperties (Data Row 3)" />
    </UnitTest>
    <UnitTest name="GetByLocalId_KnownScriptLocalId_ReturnsEntityWithCorrectProperties (Data Row 4)" storage="f:\etwork\bin\tests\sysintgtests.icore.common.entities.dll" id="6b978133-249d-46af-ade2-4fa87095a0e2">
      <TestCategory>
        <TestCategoryItem TestCategory="Entities" />
        <TestCategoryItem TestCategory="SystemIntegration" />
      </TestCategory>
      <Execution id="954b3a59-20c9-4bc2-ab91-1ae769d7888b" />
      <TestMethod codeBase="F:\ETWork\bin\Tests\SysIntgTests.iCore.Common.Entities.dll" adapterTypeName="Microsoft.VisualStudio.TestTools.TestTypes.Unit.UnitTestAdapter" className="SysIntgTests.iCore.Common.Entities.ScriptTests" name="GetByLocalId_KnownScriptLocalId_ReturnsEntityWithCorrectProperties (Data Row 4)" />
    </UnitTest>
    <UnitTest name="GetByLocalId_KnownScriptLocalId_ReturnsEntityWithCorrectProperties (Data Row 5)" storage="f:\etwork\bin\tests\sysintgtests.icore.common.entities.dll" id="7a92ff5e-99ef-4367-bff0-bc277d2f61b2">
      <TestCategory>
        <TestCategoryItem TestCategory="Entities" />
        <TestCategoryItem TestCategory="SystemIntegration" />
      </TestCategory>
      <Execution id="8cf34277-773a-4f59-bf50-0dc1a1f21a88" />
      <TestMethod codeBase="F:\ETWork\bin\Tests\SysIntgTests.iCore.Common.Entities.dll" adapterTypeName="Microsoft.VisualStudio.TestTools.TestTypes.Unit.UnitTestAdapter" className="SysIntgTests.iCore.Common.Entities.ScriptTests" name="GetByLocalId_KnownScriptLocalId_ReturnsEntityWithCorrectProperties (Data Row 5)" />
    </UnitTest>
    <UnitTest name="GetByLocalId_KnownScriptLocalId_ReturnsEntityWithCorrectProperties (Data Row 6)" storage="f:\etwork\bin\tests\sysintgtests.icore.common.entities.dll" id="e841f87b-3259-4e50-88a8-dce5e3d2095c">
      <TestCategory>
        <TestCategoryItem TestCategory="Entities" />
        <TestCategoryItem TestCategory="SystemIntegration" />
      </TestCategory>
      <Execution id="c0bec822-7a38-449e-bde2-9ddae0d63df2" />
      <TestMethod codeBase="F:\ETWork\bin\Tests\SysIntgTests.iCore.Common.Entities.dll" adapterTypeName="Microsoft.VisualStudio.TestTools.TestTypes.Unit.UnitTestAdapter" className="SysIntgTests.iCore.Common.Entities.ScriptTests" name="GetByLocalId_KnownScriptLocalId_ReturnsEntityWithCorrectProperties (Data Row 6)" />
    </UnitTest>
    <UnitTest name="GetByLocalId_KnownScriptLocalId_ReturnsEntityWithCorrectProperties (Data Row 7)" storage="f:\etwork\bin\tests\sysintgtests.icore.common.entities.dll" id="1b48e8ba-81ff-44ff-9ed4-ccd0d0264e8a">
      <TestCategory>
        <TestCategoryItem TestCategory="Entities" />
        <TestCategoryItem TestCategory="SystemIntegration" />
      </TestCategory>
      <Execution id="c63d1960-33e9-40e4-89d7-6d903681eb5b" />
      <TestMethod codeBase="F:\ETWork\bin\Tests\SysIntgTests.iCore.Common.Entities.dll" adapterTypeName="Microsoft.VisualStudio.TestTools.TestTypes.Unit.UnitTestAdapter" className="SysIntgTests.iCore.Common.Entities.ScriptTests" name="GetByLocalId_KnownScriptLocalId_ReturnsEntityWithCorrectProperties (Data Row 7)" />
    </UnitTest>
    <UnitTest name="GetByLocalId_KnownScriptLocalId_ReturnsEntityWithCorrectProperties (Data Row 8)" storage="f:\etwork\bin\tests\sysintgtests.icore.common.entities.dll" id="2e3ce67c-4dd3-49c6-9352-42bea6c5f479">
      <TestCategory>
        <TestCategoryItem TestCategory="Entities" />
        <TestCategoryItem TestCategory="SystemIntegration" />
      </TestCategory>
      <Execution id="ee32e0c9-6f65-4abb-adda-75e088670475" />
      <TestMethod codeBase="F:\ETWork\bin\Tests\SysIntgTests.iCore.Common.Entities.dll" adapterTypeName="Microsoft.VisualStudio.TestTools.TestTypes.Unit.UnitTestAdapter" className="SysIntgTests.iCore.Common.Entities.ScriptTests" name="GetByLocalId_KnownScriptLocalId_ReturnsEntityWithCorrectProperties (Data Row 8)" />
    </UnitTest>
    <UnitTest name="GetByName_NonExistingName_ThrowsEntityNotFoundException" storage="f:\etwork\bin\tests\sysintgtests.icore.common.entities.dll" id="38fdb73a-3ad5-1521-bab6-5ea87d326029">
      <TestCategory>
        <TestCategoryItem TestCategory="Entities" />
        <TestCategoryItem TestCategory="SystemIntegration" />
      </TestCategory>
      <Execution id="0f1cacca-e87c-4b87-910f-09f81e93f599" />
      <TestMethod codeBase="F:\ETWork\bin\Tests\SysIntgTests.iCore.Common.Entities.dll" adapterTypeName="Microsoft.VisualStudio.TestTools.TestTypes.Unit.UnitTestAdapter" className="SysIntgTests.iCore.Common.Entities.ScriptTests" name="GetByName_NonExistingName_ThrowsEntityNotFoundException" />
    </UnitTest>
    <UnitTest name="GetByName_KnownScriptName_ReturnsEntityWithCorrectProperties (Data Row 0)" storage="f:\etwork\bin\tests\sysintgtests.icore.common.entities.dll" id="fcbd7e2b-ae61-4f0f-b5a3-a089a1e7b6c6">
      <TestCategory>
        <TestCategoryItem TestCategory="Entities" />
        <TestCategoryItem TestCategory="SystemIntegration" />
      </TestCategory>
      <Execution id="f91bac8e-7669-4bba-9b56-85a64941a7ff" />
      <TestMethod codeBase="F:\ETWork\bin\Tests\SysIntgTests.iCore.Common.Entities.dll" adapterTypeName="Microsoft.VisualStudio.TestTools.TestTypes.Unit.UnitTestAdapter" className="SysIntgTests.iCore.Common.Entities.ScriptTests" name="GetByName_KnownScriptName_ReturnsEntityWithCorrectProperties (Data Row 0)" />
    </UnitTest>
    <UnitTest name="GetByName_KnownScriptName_ReturnsEntityWithCorrectProperties (Data Row 1)" storage="f:\etwork\bin\tests\sysintgtests.icore.common.entities.dll" id="c61ce54b-72ca-4879-b59e-1dd36dcad7ca">
      <TestCategory>
        <TestCategoryItem TestCategory="Entities" />
        <TestCategoryItem TestCategory="SystemIntegration" />
      </TestCategory>
      <Execution id="b6dd52f5-9418-4276-b65b-256de419e1d9" />
      <TestMethod codeBase="F:\ETWork\bin\Tests\SysIntgTests.iCore.Common.Entities.dll" adapterTypeName="Microsoft.VisualStudio.TestTools.TestTypes.Unit.UnitTestAdapter" className="SysIntgTests.iCore.Common.Entities.ScriptTests" name="GetByName_KnownScriptName_ReturnsEntityWithCorrectProperties (Data Row 1)" />
    </UnitTest>
    <UnitTest name="GetByName_KnownScriptName_ReturnsEntityWithCorrectProperties (Data Row 2)" storage="f:\etwork\bin\tests\sysintgtests.icore.common.entities.dll" id="3a5a2012-722c-4082-84b3-8c1ab837f436">
      <TestCategory>
        <TestCategoryItem TestCategory="Entities" />
        <TestCategoryItem TestCategory="SystemIntegration" />
      </TestCategory>
      <Execution id="3cf21400-ec91-458c-9bef-b6edbdd9b44f" />
      <TestMethod codeBase="F:\ETWork\bin\Tests\SysIntgTests.iCore.Common.Entities.dll" adapterTypeName="Microsoft.VisualStudio.TestTools.TestTypes.Unit.UnitTestAdapter" className="SysIntgTests.iCore.Common.Entities.ScriptTests" name="GetByName_KnownScriptName_ReturnsEntityWithCorrectProperties (Data Row 2)" />
    </UnitTest>
    <UnitTest name="GetByName_KnownScriptName_ReturnsEntityWithCorrectProperties (Data Row 3)" storage="f:\etwork\bin\tests\sysintgtests.icore.common.entities.dll" id="2c107608-3642-47da-a22c-bff66912ce15">
      <TestCategory>
        <TestCategoryItem TestCategory="Entities" />
        <TestCategoryItem TestCategory="SystemIntegration" />
      </TestCategory>
      <Execution id="282af306-a286-4dce-93dd-6e3166ff615f" />
      <TestMethod codeBase="F:\ETWork\bin\Tests\SysIntgTests.iCore.Common.Entities.dll" adapterTypeName="Microsoft.VisualStudio.TestTools.TestTypes.Unit.UnitTestAdapter" className="SysIntgTests.iCore.Common.Entities.ScriptTests" name="GetByName_KnownScriptName_ReturnsEntityWithCorrectProperties (Data Row 3)" />
    </UnitTest>
    <UnitTest name="GetByName_KnownScriptName_ReturnsEntityWithCorrectProperties (Data Row 4)" storage="f:\etwork\bin\tests\sysintgtests.icore.common.entities.dll" id="fb3f21b6-54ea-4f4b-a0de-d978188780a9">
      <TestCategory>
        <TestCategoryItem TestCategory="Entities" />
        <TestCategoryItem TestCategory="SystemIntegration" />
      </TestCategory>
      <Execution id="4d461461-4976-4f61-835a-e1fad9fe506f" />
      <TestMethod codeBase="F:\ETWork\bin\Tests\SysIntgTests.iCore.Common.Entities.dll" adapterTypeName="Microsoft.VisualStudio.TestTools.TestTypes.Unit.UnitTestAdapter" className="SysIntgTests.iCore.Common.Entities.ScriptTests" name="GetByName_KnownScriptName_ReturnsEntityWithCorrectProperties (Data Row 4)" />
    </UnitTest>
    <UnitTest name="GetByName_KnownScriptName_ReturnsEntityWithCorrectProperties (Data Row 5)" storage="f:\etwork\bin\tests\sysintgtests.icore.common.entities.dll" id="cc43d1f7-37f0-4450-9107-50b556989b96">
      <TestCategory>
        <TestCategoryItem TestCategory="Entities" />
        <TestCategoryItem TestCategory="SystemIntegration" />
      </TestCategory>
      <Execution id="8624c8f0-2ba5-4fc0-a67a-0287b49af1d6" />
      <TestMethod codeBase="F:\ETWork\bin\Tests\SysIntgTests.iCore.Common.Entities.dll" adapterTypeName="Microsoft.VisualStudio.TestTools.TestTypes.Unit.UnitTestAdapter" className="SysIntgTests.iCore.Common.Entities.ScriptTests" name="GetByName_KnownScriptName_ReturnsEntityWithCorrectProperties (Data Row 5)" />
    </UnitTest>
    <UnitTest name="GetByName_KnownScriptName_ReturnsEntityWithCorrectProperties (Data Row 6)" storage="f:\etwork\bin\tests\sysintgtests.icore.common.entities.dll" id="087e5821-9d9f-41c4-b374-26de0fe346b4">
      <TestCategory>
        <TestCategoryItem TestCategory="Entities" />
        <TestCategoryItem TestCategory="SystemIntegration" />
      </TestCategory>
      <Execution id="ca2e3906-847e-4dca-a29a-3ae0f1aaf133" />
      <TestMethod codeBase="F:\ETWork\bin\Tests\SysIntgTests.iCore.Common.Entities.dll" adapterTypeName="Microsoft.VisualStudio.TestTools.TestTypes.Unit.UnitTestAdapter" className="SysIntgTests.iCore.Common.Entities.ScriptTests" name="GetByName_KnownScriptName_ReturnsEntityWithCorrectProperties (Data Row 6)" />
    </UnitTest>
    <UnitTest name="GetByName_KnownScriptName_ReturnsEntityWithCorrectProperties (Data Row 7)" storage="f:\etwork\bin\tests\sysintgtests.icore.common.entities.dll" id="50bae5a3-2c93-493b-bf55-6db43238ef32">
      <TestCategory>
        <TestCategoryItem TestCategory="Entities" />
        <TestCategoryItem TestCategory="SystemIntegration" />
      </TestCategory>
      <Execution id="f06fff48-60b6-4c11-a149-fe6e42c9cfda" />
      <TestMethod codeBase="F:\ETWork\bin\Tests\SysIntgTests.iCore.Common.Entities.dll" adapterTypeName="Microsoft.VisualStudio.TestTools.TestTypes.Unit.UnitTestAdapter" className="SysIntgTests.iCore.Common.Entities.ScriptTests" name="GetByName_KnownScriptName_ReturnsEntityWithCorrectProperties (Data Row 7)" />
    </UnitTest>
    <UnitTest name="GetByName_KnownScriptName_ReturnsEntityWithCorrectProperties (Data Row 8)" storage="f:\etwork\bin\tests\sysintgtests.icore.common.entities.dll" id="29e6df64-8a41-4a66-98c3-821f5eb4fc8d">
      <TestCategory>
        <TestCategoryItem TestCategory="Entities" />
        <TestCategoryItem TestCategory="SystemIntegration" />
      </TestCategory>
      <Execution id="470e2ad6-2079-4c20-a248-b6727d04e859" />
      <TestMethod codeBase="F:\ETWork\bin\Tests\SysIntgTests.iCore.Common.Entities.dll" adapterTypeName="Microsoft.VisualStudio.TestTools.TestTypes.Unit.UnitTestAdapter" className="SysIntgTests.iCore.Common.Entities.ScriptTests" name="GetByName_KnownScriptName_ReturnsEntityWithCorrectProperties (Data Row 8)" />
    </UnitTest>
    <UnitTest name="ListComponentCandidateScripts_DoesNotIncludeNonCandidateScripts" storage="f:\etwork\bin\tests\sysintgtests.icore.common.entities.dll" id="0651e938-3bdd-0b14-aa14-102655958ae7">
      <TestCategory>
        <TestCategoryItem TestCategory="Entities" />
        <TestCategoryItem TestCategory="SystemIntegration" />
      </TestCategory>
      <Execution id="2ef913a6-ed24-488f-8007-556c8d781325" />
      <TestMethod codeBase="F:\ETWork\bin\Tests\SysIntgTests.iCore.Common.Entities.dll" adapterTypeName="Microsoft.VisualStudio.TestTools.TestTypes.Unit.UnitTestAdapter" className="SysIntgTests.iCore.Common.Entities.ScriptTests" name="ListComponentCandidateScripts_DoesNotIncludeNonCandidateScripts" />
    </UnitTest>
    <UnitTest name="Delete_UnusedScript_SuccessfullyDeletesScript" storage="f:\etwork\bin\tests\sysintgtests.icore.common.entities.dll" id="8e663a3b-4cd5-4c78-4210-659ec599686c">
      <TestCategory>
        <TestCategoryItem TestCategory="Entities" />
        <TestCategoryItem TestCategory="SystemIntegration" />
      </TestCategory>
      <Execution id="9d71dc55-117d-406c-962c-0ca9178c8925" />
      <TestMethod codeBase="F:\ETWork\bin\Tests\SysIntgTests.iCore.Common.Entities.dll" adapterTypeName="Microsoft.VisualStudio.TestTools.TestTypes.Unit.UnitTestAdapter" className="SysIntgTests.iCore.Common.Entities.ScriptTests" name="Delete_UnusedScript_SuccessfullyDeletesScript" />
    </UnitTest>
    <UnitTest name="Delete_NonDeletableScript_Throws" storage="f:\etwork\bin\tests\sysintgtests.icore.common.entities.dll" id="453a7854-1828-15b8-e27e-1e6bad6dcdc1">
      <TestCategory>
        <TestCategoryItem TestCategory="Entities" />
        <TestCategoryItem TestCategory="SystemIntegration" />
      </TestCategory>
      <Execution id="20c4e340-b417-4aa4-aba2-ec7309037972" />
      <TestMethod codeBase="F:\ETWork\bin\Tests\SysIntgTests.iCore.Common.Entities.dll" adapterTypeName="Microsoft.VisualStudio.TestTools.TestTypes.Unit.UnitTestAdapter" className="SysIntgTests.iCore.Common.Entities.ScriptTests" name="Delete_NonDeletableScript_Throws" />
    </UnitTest>
    <UnitTest name="Delete_WithCascade_DispatchedJobExist_ThrowsEntityDependencyException" storage="f:\etwork\bin\tests\sysintgtests.icore.common.entities.dll" id="2ce35f95-3af4-fb5d-ad61-8e5d13d2b678">
      <TestCategory>
        <TestCategoryItem TestCategory="Entities" />
        <TestCategoryItem TestCategory="SystemIntegration" />
      </TestCategory>
      <Execution id="2b129270-aa77-4d8a-8b48-fe3a9ae9711d" />
      <TestMethod codeBase="F:\ETWork\bin\Tests\SysIntgTests.iCore.Common.Entities.dll" adapterTypeName="Microsoft.VisualStudio.TestTools.TestTypes.Unit.UnitTestAdapter" className="SysIntgTests.iCore.Common.Entities.ScriptTests" name="Delete_WithCascade_DispatchedJobExist_ThrowsEntityDependencyException" />
    </UnitTest>
    <UnitTest name="Delete_WithCascade_StartPendingJobExist_ThrowsEntityDependencyException" storage="f:\etwork\bin\tests\sysintgtests.icore.common.entities.dll" id="be51dd59-745b-22db-81c5-a116275e7760">
      <TestCategory>
        <TestCategoryItem TestCategory="Entities" />
        <TestCategoryItem TestCategory="SystemIntegration" />
      </TestCategory>
      <Execution id="97e01ade-9f47-40c9-bcab-672dd3a61270" />
      <TestMethod codeBase="F:\ETWork\bin\Tests\SysIntgTests.iCore.Common.Entities.dll" adapterTypeName="Microsoft.VisualStudio.TestTools.TestTypes.Unit.UnitTestAdapter" className="SysIntgTests.iCore.Common.Entities.ScriptTests" name="Delete_WithCascade_StartPendingJobExist_ThrowsEntityDependencyException" />
    </UnitTest>
    <UnitTest name="Delete_WithCascade_RunningJobExist_ThrowsEntityDependencyException" storage="f:\etwork\bin\tests\sysintgtests.icore.common.entities.dll" id="28175ae8-eb67-423c-b3fe-64ba8c49fe47">
      <TestCategory>
        <TestCategoryItem TestCategory="Entities" />
        <TestCategoryItem TestCategory="SystemIntegration" />
      </TestCategory>
      <Execution id="12321692-a502-484e-916c-40d0ced531da" />
      <TestMethod codeBase="F:\ETWork\bin\Tests\SysIntgTests.iCore.Common.Entities.dll" adapterTypeName="Microsoft.VisualStudio.TestTools.TestTypes.Unit.UnitTestAdapter" className="SysIntgTests.iCore.Common.Entities.ScriptTests" name="Delete_WithCascade_RunningJobExist_ThrowsEntityDependencyException" />
    </UnitTest>
    <UnitTest name="Delete_WithCascade_FinishedJobsExist_Succeeds" storage="f:\etwork\bin\tests\sysintgtests.icore.common.entities.dll" id="773b9a03-bcaa-46e1-5a3e-33492d7e9e67">
      <TestCategory>
        <TestCategoryItem TestCategory="Entities" />
        <TestCategoryItem TestCategory="SystemIntegration" />
      </TestCategory>
      <Execution id="15c36e6f-7647-451f-a25c-c93e01fd8d08" />
      <TestMethod codeBase="F:\ETWork\bin\Tests\SysIntgTests.iCore.Common.Entities.dll" adapterTypeName="Microsoft.VisualStudio.TestTools.TestTypes.Unit.UnitTestAdapter" className="SysIntgTests.iCore.Common.Entities.ScriptTests" name="Delete_WithCascade_FinishedJobsExist_Succeeds" />
    </UnitTest>
    <UnitTest name="Update_CategoriesModified_ArePersistedCorrectly" storage="f:\etwork\bin\tests\sysintgtests.icore.common.entities.dll" id="87426400-f38f-b200-8ba8-572acf2d1acb">
      <TestCategory>
        <TestCategoryItem TestCategory="Entities" />
        <TestCategoryItem TestCategory="SystemIntegration" />
      </TestCategory>
      <Execution id="2b86ab74-e313-4c85-b468-7f58fe784ed3" />
      <TestMethod codeBase="F:\ETWork\bin\Tests\SysIntgTests.iCore.Common.Entities.dll" adapterTypeName="Microsoft.VisualStudio.TestTools.TestTypes.Unit.UnitTestAdapter" className="SysIntgTests.iCore.Common.Entities.ScriptTests" name="Update_CategoriesModified_ArePersistedCorrectly" />
    </UnitTest>
    <UnitTest name="AddInline_Succeeds" storage="f:\etwork\bin\tests\sysintgtests.icore.common.entities.dll" id="d20411fa-3c9e-ec08-a32e-13aa83c0eef8">
      <Execution id="fd23ee64-d1f2-47d2-af39-a11217fe6004" />
      <TestMethod codeBase="F:\ETWork\bin\Tests\SysIntgTests.iCore.Common.Entities.dll" adapterTypeName="Microsoft.VisualStudio.TestTools.TestTypes.Unit.UnitTestAdapter" className="SysIntgTests.iCore.Common.Entities.ScriptTests" name="AddInline_Succeeds" />
    </UnitTest>
    <UnitTest name="SetAttributeValue_NonExistingPartnerAttributeType_ThrowsEntityNotFoundException" storage="f:\etwork\bin\tests\sysintgtests.icore.common.entities.dll" id="1b935081-b65e-b8f3-58d7-b5dfcb8cc55a">
      <TestCategory>
        <TestCategoryItem TestCategory="Entities" />
        <TestCategoryItem TestCategory="SystemIntegration" />
      </TestCategory>
      <Execution id="427243ff-0074-4342-b819-deaade181541" />
      <TestMethod codeBase="F:\ETWork\bin\Tests\SysIntgTests.iCore.Common.Entities.dll" adapterTypeName="Microsoft.VisualStudio.TestTools.TestTypes.Unit.UnitTestAdapter" className="SysIntgTests.iCore.Common.Entities.PartnerTests" name="SetAttributeValue_NonExistingPartnerAttributeType_ThrowsEntityNotFoundException" />
    </UnitTest>
    <UnitTest name="SetAttributeValue_NonExistingPartnerAttributeType_NoThrow_DoesNotThrow" storage="f:\etwork\bin\tests\sysintgtests.icore.common.entities.dll" id="a1bbbf1d-bedc-1faf-7d50-c90521f28dc4">
      <TestCategory>
        <TestCategoryItem TestCategory="Entities" />
        <TestCategoryItem TestCategory="SystemIntegration" />
      </TestCategory>
      <Execution id="335509c5-4b5a-438a-a83d-fe87a60989dd" />
      <TestMethod codeBase="F:\ETWork\bin\Tests\SysIntgTests.iCore.Common.Entities.dll" adapterTypeName="Microsoft.VisualStudio.TestTools.TestTypes.Unit.UnitTestAdapter" className="SysIntgTests.iCore.Common.Entities.PartnerTests" name="SetAttributeValue_NonExistingPartnerAttributeType_NoThrow_DoesNotThrow" />
    </UnitTest>
    <UnitTest name="SetAttributeValue_StringValueToStringAttribute_Succeeds" storage="f:\etwork\bin\tests\sysintgtests.icore.common.entities.dll" id="5b912864-9ab4-16df-f475-62c8fa7bd1de">
      <TestCategory>
        <TestCategoryItem TestCategory="Entities" />
        <TestCategoryItem TestCategory="SystemIntegration" />
      </TestCategory>
      <Execution id="8de80f3f-73d1-4860-b4c8-9e4f931830ef" />
      <TestMethod codeBase="F:\ETWork\bin\Tests\SysIntgTests.iCore.Common.Entities.dll" adapterTypeName="Microsoft.VisualStudio.TestTools.TestTypes.Unit.UnitTestAdapter" className="SysIntgTests.iCore.Common.Entities.PartnerTests" name="SetAttributeValue_StringValueToStringAttribute_Succeeds" />
    </UnitTest>
    <UnitTest name="SetAttributeValue_FloatValueToFloatAttribute_Succeeds" storage="f:\etwork\bin\tests\sysintgtests.icore.common.entities.dll" id="9c7dc599-9a2a-a50e-01eb-6040befc7877">
      <TestCategory>
        <TestCategoryItem TestCategory="Entities" />
        <TestCategoryItem TestCategory="SystemIntegration" />
      </TestCategory>
      <Execution id="e65a712f-17e0-4051-885a-02a00412a8b8" />
      <TestMethod codeBase="F:\ETWork\bin\Tests\SysIntgTests.iCore.Common.Entities.dll" adapterTypeName="Microsoft.VisualStudio.TestTools.TestTypes.Unit.UnitTestAdapter" className="SysIntgTests.iCore.Common.Entities.PartnerTests" name="SetAttributeValue_FloatValueToFloatAttribute_Succeeds" />
    </UnitTest>
    <UnitTest name="SetAttributeValue_IntegerValueToIntegerAttribute_Succeeds" storage="f:\etwork\bin\tests\sysintgtests.icore.common.entities.dll" id="6fa085d1-2c8d-7a33-861b-862a68a2fd9f">
      <TestCategory>
        <TestCategoryItem TestCategory="Entities" />
        <TestCategoryItem TestCategory="SystemIntegration" />
      </TestCategory>
      <Execution id="4feb9dff-0510-46de-96f3-f0703a03c686" />
      <TestMethod codeBase="F:\ETWork\bin\Tests\SysIntgTests.iCore.Common.Entities.dll" adapterTypeName="Microsoft.VisualStudio.TestTools.TestTypes.Unit.UnitTestAdapter" className="SysIntgTests.iCore.Common.Entities.PartnerTests" name="SetAttributeValue_IntegerValueToIntegerAttribute_Succeeds" />
    </UnitTest>
    <UnitTest name="SetAttributeValue_InvalidStringValueToIntegerAttribute_ThrowsInvalidCastException" storage="f:\etwork\bin\tests\sysintgtests.icore.common.entities.dll" id="05899491-45b2-1fe1-6930-6ddbb3635bf4">
      <TestCategory>
        <TestCategoryItem TestCategory="Entities" />
        <TestCategoryItem TestCategory="SystemIntegration" />
      </TestCategory>
      <Execution id="0fc5af96-a5a4-425a-974c-3619dfa6b10b" />
      <TestMethod codeBase="F:\ETWork\bin\Tests\SysIntgTests.iCore.Common.Entities.dll" adapterTypeName="Microsoft.VisualStudio.TestTools.TestTypes.Unit.UnitTestAdapter" className="SysIntgTests.iCore.Common.Entities.PartnerTests" name="SetAttributeValue_InvalidStringValueToIntegerAttribute_ThrowsInvalidCastException" />
    </UnitTest>
    <UnitTest name="SetAttributeValue_ValidStringValueToIntegerAttribute_Succeeds" storage="f:\etwork\bin\tests\sysintgtests.icore.common.entities.dll" id="3b86aefa-8e6f-c307-9801-9d1bbd9e824c">
      <TestCategory>
        <TestCategoryItem TestCategory="Entities" />
        <TestCategoryItem TestCategory="SystemIntegration" />
      </TestCategory>
      <Execution id="72e37ba7-4ebf-4e16-a83e-38ab1e7bcace" />
      <TestMethod codeBase="F:\ETWork\bin\Tests\SysIntgTests.iCore.Common.Entities.dll" adapterTypeName="Microsoft.VisualStudio.TestTools.TestTypes.Unit.UnitTestAdapter" className="SysIntgTests.iCore.Common.Entities.PartnerTests" name="SetAttributeValue_ValidStringValueToIntegerAttribute_Succeeds" />
    </UnitTest>
    <UnitTest name="SetAttributeValue_ValidFloatValueToIntegerAttribute_Succeeds" storage="f:\etwork\bin\tests\sysintgtests.icore.common.entities.dll" id="a6df8396-599a-4d9f-1e84-7a19ad1a93c2">
      <TestCategory>
        <TestCategoryItem TestCategory="Entities" />
        <TestCategoryItem TestCategory="SystemIntegration" />
      </TestCategory>
      <Execution id="6b3c1292-5b92-4be4-952a-5aee7f19cae9" />
      <TestMethod codeBase="F:\ETWork\bin\Tests\SysIntgTests.iCore.Common.Entities.dll" adapterTypeName="Microsoft.VisualStudio.TestTools.TestTypes.Unit.UnitTestAdapter" className="SysIntgTests.iCore.Common.Entities.PartnerTests" name="SetAttributeValue_ValidFloatValueToIntegerAttribute_Succeeds" />
    </UnitTest>
    <UnitTest name="SetAttributeValue_TooLargeFloatValueToIntegerAttribute_ThrowsInvalidCastException" storage="f:\etwork\bin\tests\sysintgtests.icore.common.entities.dll" id="09a421ae-e10e-523a-7610-eb725f56c47b">
      <TestCategory>
        <TestCategoryItem TestCategory="Entities" />
        <TestCategoryItem TestCategory="SystemIntegration" />
      </TestCategory>
      <Execution id="c9a6a625-b132-48b1-8cac-3d1f3cdff720" />
      <TestMethod codeBase="F:\ETWork\bin\Tests\SysIntgTests.iCore.Common.Entities.dll" adapterTypeName="Microsoft.VisualStudio.TestTools.TestTypes.Unit.UnitTestAdapter" className="SysIntgTests.iCore.Common.Entities.PartnerTests" name="SetAttributeValue_TooLargeFloatValueToIntegerAttribute_ThrowsInvalidCastException" />
    </UnitTest>
    <UnitTest name="SetAttributeValue_InvalidStringValueToFloatAttribute_ThrowsInvalidCastException" storage="f:\etwork\bin\tests\sysintgtests.icore.common.entities.dll" id="6e068cfd-e9b6-55f9-20ae-e3072882971c">
      <TestCategory>
        <TestCategoryItem TestCategory="Entities" />
        <TestCategoryItem TestCategory="SystemIntegration" />
      </TestCategory>
      <Execution id="09c5a962-0988-4445-94d1-8cb04709df7d" />
      <TestMethod codeBase="F:\ETWork\bin\Tests\SysIntgTests.iCore.Common.Entities.dll" adapterTypeName="Microsoft.VisualStudio.TestTools.TestTypes.Unit.UnitTestAdapter" className="SysIntgTests.iCore.Common.Entities.PartnerTests" name="SetAttributeValue_InvalidStringValueToFloatAttribute_ThrowsInvalidCastException" />
    </UnitTest>
    <UnitTest name="SetAttributeValue_ValidStringValueToFloatAttribute_Succeeds" storage="f:\etwork\bin\tests\sysintgtests.icore.common.entities.dll" id="bf5cce7b-7c1f-1934-2961-b343eb4d5fca">
      <TestCategory>
        <TestCategoryItem TestCategory="Entities" />
        <TestCategoryItem TestCategory="SystemIntegration" />
      </TestCategory>
      <Execution id="29b1beb9-3a96-48b3-a38d-2fea97c20d81" />
      <TestMethod codeBase="F:\ETWork\bin\Tests\SysIntgTests.iCore.Common.Entities.dll" adapterTypeName="Microsoft.VisualStudio.TestTools.TestTypes.Unit.UnitTestAdapter" className="SysIntgTests.iCore.Common.Entities.PartnerTests" name="SetAttributeValue_ValidStringValueToFloatAttribute_Succeeds" />
    </UnitTest>
    <UnitTest name="SetAttributeValue_StringWithNonInvariantDecimalPointToFloatAttribute_ThrowsFormatException" storage="f:\etwork\bin\tests\sysintgtests.icore.common.entities.dll" id="37efd8ae-ab35-8527-c964-c46dcd400a8d">
      <TestCategory>
        <TestCategoryItem TestCategory="Entities" />
        <TestCategoryItem TestCategory="SystemIntegration" />
      </TestCategory>
      <Execution id="5958c793-4b79-44ee-bd1e-0036ae32333b" />
      <TestMethod codeBase="F:\ETWork\bin\Tests\SysIntgTests.iCore.Common.Entities.dll" adapterTypeName="Microsoft.VisualStudio.TestTools.TestTypes.Unit.UnitTestAdapter" className="SysIntgTests.iCore.Common.Entities.PartnerTests" name="SetAttributeValue_StringWithNonInvariantDecimalPointToFloatAttribute_ThrowsFormatException" />
    </UnitTest>
    <UnitTest name="SetAttributeValue_IntegerValueToStringAttribute_Succeeds" storage="f:\etwork\bin\tests\sysintgtests.icore.common.entities.dll" id="d982194a-2552-8078-549d-f289a669a188">
      <TestCategory>
        <TestCategoryItem TestCategory="Entities" />
        <TestCategoryItem TestCategory="SystemIntegration" />
      </TestCategory>
      <Execution id="1289d809-f9a2-4aa6-a8e5-fce3b38fb99d" />
      <TestMethod codeBase="F:\ETWork\bin\Tests\SysIntgTests.iCore.Common.Entities.dll" adapterTypeName="Microsoft.VisualStudio.TestTools.TestTypes.Unit.UnitTestAdapter" className="SysIntgTests.iCore.Common.Entities.PartnerTests" name="SetAttributeValue_IntegerValueToStringAttribute_Succeeds" />
    </UnitTest>
    <UnitTest name="SetAttributeValue_IntegerValueToFloatAttribute_Succeeds" storage="f:\etwork\bin\tests\sysintgtests.icore.common.entities.dll" id="181fe108-9532-e715-6d62-10d5b7c35fe8">
      <TestCategory>
        <TestCategoryItem TestCategory="Entities" />
        <TestCategoryItem TestCategory="SystemIntegration" />
      </TestCategory>
      <Execution id="1a97dc13-41a7-4f8a-96d2-50bd387212a6" />
      <TestMethod codeBase="F:\ETWork\bin\Tests\SysIntgTests.iCore.Common.Entities.dll" adapterTypeName="Microsoft.VisualStudio.TestTools.TestTypes.Unit.UnitTestAdapter" className="SysIntgTests.iCore.Common.Entities.PartnerTests" name="SetAttributeValue_IntegerValueToFloatAttribute_Succeeds" />
    </UnitTest>
    <UnitTest name="SetAttributeValue_FloatValueToStringAttribute_Succeeds" storage="f:\etwork\bin\tests\sysintgtests.icore.common.entities.dll" id="64ab5d91-586a-df18-6960-1b283c065dbd">
      <TestCategory>
        <TestCategoryItem TestCategory="Entities" />
        <TestCategoryItem TestCategory="SystemIntegration" />
      </TestCategory>
      <Execution id="b8636a62-c4e6-4637-946a-dc3d34431f4d" />
      <TestMethod codeBase="F:\ETWork\bin\Tests\SysIntgTests.iCore.Common.Entities.dll" adapterTypeName="Microsoft.VisualStudio.TestTools.TestTypes.Unit.UnitTestAdapter" className="SysIntgTests.iCore.Common.Entities.PartnerTests" name="SetAttributeValue_FloatValueToStringAttribute_Succeeds" />
    </UnitTest>
    <UnitTest name="Import_NewPartnerImported_PartnerIsAdded" storage="f:\etwork\bin\tests\sysintgtests.icore.common.entities.dll" id="c7826727-9346-2e17-a0b9-b219196728b0">
      <TestCategory>
        <TestCategoryItem TestCategory="Entities" />
        <TestCategoryItem TestCategory="SystemIntegration" />
      </TestCategory>
      <Execution id="aef59a15-9940-4447-88a1-6108f9869b73" />
      <TestMethod codeBase="F:\ETWork\bin\Tests\SysIntgTests.iCore.Common.Entities.dll" adapterTypeName="Microsoft.VisualStudio.TestTools.TestTypes.Unit.UnitTestAdapter" className="SysIntgTests.iCore.Common.Entities.PartnerTests" name="Import_NewPartnerImported_PartnerIsAdded" />
    </UnitTest>
    <UnitTest name="Import_PartnerExists_PartnerIsOverwritten" storage="f:\etwork\bin\tests\sysintgtests.icore.common.entities.dll" id="f9f6b8d1-d8ee-08c9-c247-d8fbaa8d15d0">
      <TestCategory>
        <TestCategoryItem TestCategory="Entities" />
        <TestCategoryItem TestCategory="SystemIntegration" />
      </TestCategory>
      <Execution id="4dbf52be-9aad-41ba-bbac-86c347074809" />
      <TestMethod codeBase="F:\ETWork\bin\Tests\SysIntgTests.iCore.Common.Entities.dll" adapterTypeName="Microsoft.VisualStudio.TestTools.TestTypes.Unit.UnitTestAdapter" className="SysIntgTests.iCore.Common.Entities.PartnerTests" name="Import_PartnerExists_PartnerIsOverwritten" />
    </UnitTest>
    <UnitTest name="Import_PartnerExistsWithDifferentAttributeGroup_NoOrphanedReferencesForPartner" storage="f:\etwork\bin\tests\sysintgtests.icore.common.entities.dll" id="c0cfe906-0cc8-13f6-2c7b-981af9c6071c">
      <TestCategory>
        <TestCategoryItem TestCategory="Entities" />
        <TestCategoryItem TestCategory="SystemIntegration" />
      </TestCategory>
      <Execution id="85f4dd9f-8b5b-4bf5-831b-03de0a1cf700" />
      <TestMethod codeBase="F:\ETWork\bin\Tests\SysIntgTests.iCore.Common.Entities.dll" adapterTypeName="Microsoft.VisualStudio.TestTools.TestTypes.Unit.UnitTestAdapter" className="SysIntgTests.iCore.Common.Entities.PartnerTests" name="Import_PartnerExistsWithDifferentAttributeGroup_NoOrphanedReferencesForPartner" />
    </UnitTest>
    <UnitTest name="UpdateAllGroups_ComplexProperties_Success" storage="f:\etwork\bin\tests\sysintgtests.icore.common.entities.dll" id="7c03aade-1328-6cd8-8ee0-ee7992fab003">
      <Execution id="0451fdd1-3f9f-4a75-b40d-1d89c7740172" />
      <TestMethod codeBase="F:\ETWork\bin\Tests\SysIntgTests.iCore.Common.Entities.dll" adapterTypeName="Microsoft.VisualStudio.TestTools.TestTypes.Unit.UnitTestAdapter" className="SysIntgTests.iCore.Common.Entities.PartnerTests" name="UpdateAllGroups_ComplexProperties_Success" />
    </UnitTest>
    <UnitTest name="ListIsProtected_ComplexProperties_ReturnsProtectedPartners" storage="f:\etwork\bin\tests\sysintgtests.icore.common.entities.dll" id="e04fc009-4f13-46bd-fd06-f0f9d3e93e98">
      <Execution id="a3cb48a5-1d12-4aa0-b54e-eacbccbfa05e" />
      <TestMethod codeBase="F:\ETWork\bin\Tests\SysIntgTests.iCore.Common.Entities.dll" adapterTypeName="Microsoft.VisualStudio.TestTools.TestTypes.Unit.UnitTestAdapter" className="SysIntgTests.iCore.Common.Entities.PartnerTests" name="ListIsProtected_ComplexProperties_ReturnsProtectedPartners" />
    </UnitTest>
    <UnitTest name="DefaultValueFromAttribute_ExistingProtectedStringAttribute_ReturnsCorrectValue" storage="f:\etwork\bin\tests\sysintgtests.icore.common.entities.dll" id="bea306a4-e0d8-5b24-7cfb-69f8aa80954f">
      <TestCategory>
        <TestCategoryItem TestCategory="Entities" />
        <TestCategoryItem TestCategory="SystemIntegration" />
      </TestCategory>
      <Execution id="ca86802b-4dcc-42a7-9e7c-f653f509e394" />
      <TestMethod codeBase="F:\ETWork\bin\Tests\SysIntgTests.iCore.Common.Entities.dll" adapterTypeName="Microsoft.VisualStudio.TestTools.TestTypes.Unit.UnitTestAdapter" className="SysIntgTests.iCore.Common.Entities.PartnerTests" name="DefaultValueFromAttribute_ExistingProtectedStringAttribute_ReturnsCorrectValue" />
    </UnitTest>
    <UnitTest name="DefaultValueFromAttribute_ExistingProtectedIntegerAttribute_ReturnsCorrectValue" storage="f:\etwork\bin\tests\sysintgtests.icore.common.entities.dll" id="7d5e1238-6694-d1e8-cf5c-ad4d24c47315">
      <TestCategory>
        <TestCategoryItem TestCategory="Entities" />
        <TestCategoryItem TestCategory="SystemIntegration" />
      </TestCategory>
      <Execution id="83b8ef8a-cfbd-4c1c-954a-43f49601d136" />
      <TestMethod codeBase="F:\ETWork\bin\Tests\SysIntgTests.iCore.Common.Entities.dll" adapterTypeName="Microsoft.VisualStudio.TestTools.TestTypes.Unit.UnitTestAdapter" className="SysIntgTests.iCore.Common.Entities.PartnerTests" name="DefaultValueFromAttribute_ExistingProtectedIntegerAttribute_ReturnsCorrectValue" />
    </UnitTest>
    <UnitTest name="DefaultValueFromAttribute_ExistingProtectedFloatAttribute_ReturnsCorrectValue" storage="f:\etwork\bin\tests\sysintgtests.icore.common.entities.dll" id="c1ee07ca-aab7-d890-2eb9-8aa05686288b">
      <TestCategory>
        <TestCategoryItem TestCategory="Entities" />
        <TestCategoryItem TestCategory="SystemIntegration" />
      </TestCategory>
      <Execution id="01047a29-9641-41a3-b974-63f7ce16ace0" />
      <TestMethod codeBase="F:\ETWork\bin\Tests\SysIntgTests.iCore.Common.Entities.dll" adapterTypeName="Microsoft.VisualStudio.TestTools.TestTypes.Unit.UnitTestAdapter" className="SysIntgTests.iCore.Common.Entities.PartnerTests" name="DefaultValueFromAttribute_ExistingProtectedFloatAttribute_ReturnsCorrectValue" />
    </UnitTest>
    <UnitTest name="DefaultValueFromAttribute_ExistingProtectedStringAttributeWithNoDefault_ReturnsCorrectValue" storage="f:\etwork\bin\tests\sysintgtests.icore.common.entities.dll" id="ababfbf7-9405-fb0f-e1e5-00844f5a1f51">
      <TestCategory>
        <TestCategoryItem TestCategory="Entities" />
        <TestCategoryItem TestCategory="SystemIntegration" />
      </TestCategory>
      <Execution id="8a221806-8f84-4845-85d9-e3cc3615854f" />
      <TestMethod codeBase="F:\ETWork\bin\Tests\SysIntgTests.iCore.Common.Entities.dll" adapterTypeName="Microsoft.VisualStudio.TestTools.TestTypes.Unit.UnitTestAdapter" className="SysIntgTests.iCore.Common.Entities.PartnerTests" name="DefaultValueFromAttribute_ExistingProtectedStringAttributeWithNoDefault_ReturnsCorrectValue" />
    </UnitTest>
    <UnitTest name="ValueFromAttributeValue_ExistingProtectedStringAttribute_ReturnsCorrectValue" storage="f:\etwork\bin\tests\sysintgtests.icore.common.entities.dll" id="a5df494e-0f91-e56e-4e28-cee5b99055f0">
      <TestCategory>
        <TestCategoryItem TestCategory="Entities" />
        <TestCategoryItem TestCategory="SystemIntegration" />
      </TestCategory>
      <Execution id="28c58957-29dc-44f7-be46-86abc9fc7978" />
      <TestMethod codeBase="F:\ETWork\bin\Tests\SysIntgTests.iCore.Common.Entities.dll" adapterTypeName="Microsoft.VisualStudio.TestTools.TestTypes.Unit.UnitTestAdapter" className="SysIntgTests.iCore.Common.Entities.PartnerTests" name="ValueFromAttributeValue_ExistingProtectedStringAttribute_ReturnsCorrectValue" />
    </UnitTest>
    <UnitTest name="ValueFromAttributeValue_ExistingProtectedIntegerAttribute_ReturnsCorrectValue" storage="f:\etwork\bin\tests\sysintgtests.icore.common.entities.dll" id="b0597656-e653-f565-e2ad-bae485d2600c">
      <TestCategory>
        <TestCategoryItem TestCategory="Entities" />
        <TestCategoryItem TestCategory="SystemIntegration" />
      </TestCategory>
      <Execution id="63dbda2e-3416-4b5b-aca1-c36472617a90" />
      <TestMethod codeBase="F:\ETWork\bin\Tests\SysIntgTests.iCore.Common.Entities.dll" adapterTypeName="Microsoft.VisualStudio.TestTools.TestTypes.Unit.UnitTestAdapter" className="SysIntgTests.iCore.Common.Entities.PartnerTests" name="ValueFromAttributeValue_ExistingProtectedIntegerAttribute_ReturnsCorrectValue" />
    </UnitTest>
    <UnitTest name="ValueFromAttributeValue_ExistingProtectedFloatAttribute_ReturnsCorrectValue" storage="f:\etwork\bin\tests\sysintgtests.icore.common.entities.dll" id="23afb1be-6ccc-3a44-afe4-e1aece1e788e">
      <TestCategory>
        <TestCategoryItem TestCategory="Entities" />
        <TestCategoryItem TestCategory="SystemIntegration" />
      </TestCategory>
      <Execution id="b8797136-2456-4760-aeee-7c03c65c2386" />
      <TestMethod codeBase="F:\ETWork\bin\Tests\SysIntgTests.iCore.Common.Entities.dll" adapterTypeName="Microsoft.VisualStudio.TestTools.TestTypes.Unit.UnitTestAdapter" className="SysIntgTests.iCore.Common.Entities.PartnerTests" name="ValueFromAttributeValue_ExistingProtectedFloatAttribute_ReturnsCorrectValue" />
    </UnitTest>
    <UnitTest name="UpdateAllGroups_ExistingProtectedStringAttribute_PersistsEncryptedValue" storage="f:\etwork\bin\tests\sysintgtests.icore.common.entities.dll" id="047b4df2-8e38-2e44-e914-dfb4cd0c4efd">
      <TestCategory>
        <TestCategoryItem TestCategory="Entities" />
        <TestCategoryItem TestCategory="SystemIntegration" />
      </TestCategory>
      <Execution id="7b983b8f-868c-4920-b1c2-6b1a51ebbed2" />
      <TestMethod codeBase="F:\ETWork\bin\Tests\SysIntgTests.iCore.Common.Entities.dll" adapterTypeName="Microsoft.VisualStudio.TestTools.TestTypes.Unit.UnitTestAdapter" className="SysIntgTests.iCore.Common.Entities.PartnerTests" name="UpdateAllGroups_ExistingProtectedStringAttribute_PersistsEncryptedValue" />
    </UnitTest>
    <UnitTest name="UpdateAllGroups_ExistingProtectedIntegerAttribute_PersistsEncryptedValue" storage="f:\etwork\bin\tests\sysintgtests.icore.common.entities.dll" id="5008ebd0-681c-b351-bf24-07a0a322ca84">
      <TestCategory>
        <TestCategoryItem TestCategory="Entities" />
        <TestCategoryItem TestCategory="SystemIntegration" />
      </TestCategory>
      <Execution id="1fe02fa7-432e-4b35-88e3-e191541c1b89" />
      <TestMethod codeBase="F:\ETWork\bin\Tests\SysIntgTests.iCore.Common.Entities.dll" adapterTypeName="Microsoft.VisualStudio.TestTools.TestTypes.Unit.UnitTestAdapter" className="SysIntgTests.iCore.Common.Entities.PartnerTests" name="UpdateAllGroups_ExistingProtectedIntegerAttribute_PersistsEncryptedValue" />
    </UnitTest>
    <UnitTest name="UpdateAllGroups_ExistingProtectedFloatAttribute_PersistsEncryptedValue" storage="f:\etwork\bin\tests\sysintgtests.icore.common.entities.dll" id="d03930c5-b0e2-5048-ba4a-be518d0f52c9">
      <TestCategory>
        <TestCategoryItem TestCategory="Entities" />
        <TestCategoryItem TestCategory="SystemIntegration" />
      </TestCategory>
      <Execution id="4a395ec1-6832-4f91-847a-525357cf8052" />
      <TestMethod codeBase="F:\ETWork\bin\Tests\SysIntgTests.iCore.Common.Entities.dll" adapterTypeName="Microsoft.VisualStudio.TestTools.TestTypes.Unit.UnitTestAdapter" className="SysIntgTests.iCore.Common.Entities.PartnerTests" name="UpdateAllGroups_ExistingProtectedFloatAttribute_PersistsEncryptedValue" />
    </UnitTest>
    <UnitTest name="GetAttributeValue_ExistingProtectedStringAttributeWithIntegerGenericTypeArgument_ReturnsCorrectValue" storage="f:\etwork\bin\tests\sysintgtests.icore.common.entities.dll" id="da9c4d69-3ae4-1558-5cff-b4f63420bfe6">
      <TestCategory>
        <TestCategoryItem TestCategory="Entities" />
        <TestCategoryItem TestCategory="SystemIntegration" />
      </TestCategory>
      <Execution id="8068d2b4-3d6a-4aa1-a6af-6accba57092a" />
      <TestMethod codeBase="F:\ETWork\bin\Tests\SysIntgTests.iCore.Common.Entities.dll" adapterTypeName="Microsoft.VisualStudio.TestTools.TestTypes.Unit.UnitTestAdapter" className="SysIntgTests.iCore.Common.Entities.PartnerTests" name="GetAttributeValue_ExistingProtectedStringAttributeWithIntegerGenericTypeArgument_ReturnsCorrectValue" />
    </UnitTest>
    <UnitTest name="GetAttributeValue_ExistingProtectedIntegerAttributeWithIntegerGenericTypeArgument_ReturnsCorrectValue" storage="f:\etwork\bin\tests\sysintgtests.icore.common.entities.dll" id="75236a23-266d-794e-c5c8-2f94ce33fe31">
      <TestCategory>
        <TestCategoryItem TestCategory="Entities" />
        <TestCategoryItem TestCategory="SystemIntegration" />
      </TestCategory>
      <Execution id="bd2cacc8-5d4d-47b1-b264-433a0ea63906" />
      <TestMethod codeBase="F:\ETWork\bin\Tests\SysIntgTests.iCore.Common.Entities.dll" adapterTypeName="Microsoft.VisualStudio.TestTools.TestTypes.Unit.UnitTestAdapter" className="SysIntgTests.iCore.Common.Entities.PartnerTests" name="GetAttributeValue_ExistingProtectedIntegerAttributeWithIntegerGenericTypeArgument_ReturnsCorrectValue" />
    </UnitTest>
    <UnitTest name="GetAttributeValue_ExistingProtectedFloatAttributeWithIntegerGenericTypeArgument_ReturnsCorrectValue" storage="f:\etwork\bin\tests\sysintgtests.icore.common.entities.dll" id="bd50d61f-d0a1-ea5b-c5e4-02ca22fa443e">
      <TestCategory>
        <TestCategoryItem TestCategory="Entities" />
        <TestCategoryItem TestCategory="SystemIntegration" />
      </TestCategory>
      <Execution id="58cf5082-f039-4f05-9470-8252d794ef36" />
      <TestMethod codeBase="F:\ETWork\bin\Tests\SysIntgTests.iCore.Common.Entities.dll" adapterTypeName="Microsoft.VisualStudio.TestTools.TestTypes.Unit.UnitTestAdapter" className="SysIntgTests.iCore.Common.Entities.PartnerTests" name="GetAttributeValue_ExistingProtectedFloatAttributeWithIntegerGenericTypeArgument_ReturnsCorrectValue" />
    </UnitTest>
    <UnitTest name="SetAttributeValue_ExistingProtectedStringAttributeWithIntegerGenericTypeArgument_ReturnsCorrectValue" storage="f:\etwork\bin\tests\sysintgtests.icore.common.entities.dll" id="bab4ba7d-174f-d606-ebb5-ec8dcc8a9239">
      <TestCategory>
        <TestCategoryItem TestCategory="Entities" />
        <TestCategoryItem TestCategory="SystemIntegration" />
      </TestCategory>
      <Execution id="e443bdcb-b59b-47fe-ab7e-9fa9906ba8c4" />
      <TestMethod codeBase="F:\ETWork\bin\Tests\SysIntgTests.iCore.Common.Entities.dll" adapterTypeName="Microsoft.VisualStudio.TestTools.TestTypes.Unit.UnitTestAdapter" className="SysIntgTests.iCore.Common.Entities.PartnerTests" name="SetAttributeValue_ExistingProtectedStringAttributeWithIntegerGenericTypeArgument_ReturnsCorrectValue" />
    </UnitTest>
    <UnitTest name="SetAttributeValue_ExistingProtectedIntegerAttributeWithIntegerGenericTypeArgument_ReturnsCorrectValue" storage="f:\etwork\bin\tests\sysintgtests.icore.common.entities.dll" id="b8a6c853-ff09-20c0-c526-35173ec31c29">
      <TestCategory>
        <TestCategoryItem TestCategory="Entities" />
        <TestCategoryItem TestCategory="SystemIntegration" />
      </TestCategory>
      <Execution id="2216848b-b40d-48ff-be9f-5a7b58bc59ae" />
      <TestMethod codeBase="F:\ETWork\bin\Tests\SysIntgTests.iCore.Common.Entities.dll" adapterTypeName="Microsoft.VisualStudio.TestTools.TestTypes.Unit.UnitTestAdapter" className="SysIntgTests.iCore.Common.Entities.PartnerTests" name="SetAttributeValue_ExistingProtectedIntegerAttributeWithIntegerGenericTypeArgument_ReturnsCorrectValue" />
    </UnitTest>
    <UnitTest name="SetAttributeValue_ExistingProtectedFloatAttributeWithIntegerGenericTypeArgument_ReturnsCorrectValue" storage="f:\etwork\bin\tests\sysintgtests.icore.common.entities.dll" id="7b819451-2d91-85ca-418e-e99ee0f34c9e">
      <TestCategory>
        <TestCategoryItem TestCategory="Entities" />
        <TestCategoryItem TestCategory="SystemIntegration" />
      </TestCategory>
      <Execution id="c7d3400c-15f3-4e1a-99d1-3ea5599d11fb" />
      <TestMethod codeBase="F:\ETWork\bin\Tests\SysIntgTests.iCore.Common.Entities.dll" adapterTypeName="Microsoft.VisualStudio.TestTools.TestTypes.Unit.UnitTestAdapter" className="SysIntgTests.iCore.Common.Entities.PartnerTests" name="SetAttributeValue_ExistingProtectedFloatAttributeWithIntegerGenericTypeArgument_ReturnsCorrectValue" />
    </UnitTest>
    <UnitTest name="SetAttributeValue_ExistingProtectedFloatSetWithNewFloatAndSystemNotEncrypted_ValueIsSetUnEncrypted" storage="f:\etwork\bin\tests\sysintgtests.icore.common.entities.dll" id="a01a793c-fbb5-e11b-27cd-6102bf715d49">
      <TestCategory>
        <TestCategoryItem TestCategory="Entities" />
        <TestCategoryItem TestCategory="SystemIntegration" />
      </TestCategory>
      <Execution id="77be7d33-d842-4b20-82ad-5ec477fdf7ce" />
      <TestMethod codeBase="F:\ETWork\bin\Tests\SysIntgTests.iCore.Common.Entities.dll" adapterTypeName="Microsoft.VisualStudio.TestTools.TestTypes.Unit.UnitTestAdapter" className="SysIntgTests.iCore.Common.Entities.PartnerTests" name="SetAttributeValue_ExistingProtectedFloatSetWithNewFloatAndSystemNotEncrypted_ValueIsSetUnEncrypted" />
    </UnitTest>
    <UnitTest name="SetAttributeValue_ExistingProtectedFloatSetWithNewFloatAndSystemEncryptionDeactivated_ValueIsSetUnEncrypted" storage="f:\etwork\bin\tests\sysintgtests.icore.common.entities.dll" id="b12ba9d7-d5b6-0ff7-e38e-f66d3a34ef5a">
      <TestCategory>
        <TestCategoryItem TestCategory="Entities" />
        <TestCategoryItem TestCategory="SystemIntegration" />
      </TestCategory>
      <Execution id="32258433-03da-4426-af2e-eb6564445079" />
      <TestMethod codeBase="F:\ETWork\bin\Tests\SysIntgTests.iCore.Common.Entities.dll" adapterTypeName="Microsoft.VisualStudio.TestTools.TestTypes.Unit.UnitTestAdapter" className="SysIntgTests.iCore.Common.Entities.PartnerTests" name="SetAttributeValue_ExistingProtectedFloatSetWithNewFloatAndSystemEncryptionDeactivated_ValueIsSetUnEncrypted" />
    </UnitTest>
    <UnitTest name="SetAttributeValue_ExistingProtectedIntegerSetWithNewIntegerAndSystemNotEncrypted_ValueIsSetUnEncrypted" storage="f:\etwork\bin\tests\sysintgtests.icore.common.entities.dll" id="fc8d325f-9e8f-10e6-b415-7575fc756335">
      <TestCategory>
        <TestCategoryItem TestCategory="Entities" />
        <TestCategoryItem TestCategory="SystemIntegration" />
      </TestCategory>
      <Execution id="d16f4699-a17d-4716-9f8b-a9d541c165ed" />
      <TestMethod codeBase="F:\ETWork\bin\Tests\SysIntgTests.iCore.Common.Entities.dll" adapterTypeName="Microsoft.VisualStudio.TestTools.TestTypes.Unit.UnitTestAdapter" className="SysIntgTests.iCore.Common.Entities.PartnerTests" name="SetAttributeValue_ExistingProtectedIntegerSetWithNewIntegerAndSystemNotEncrypted_ValueIsSetUnEncrypted" />
    </UnitTest>
    <UnitTest name="SetAttributeValue_ExistingProtectedIntegerSetWithNewIntegerAndSystemEncryptionDeactivated_ValueIsSetUnEncrypted" storage="f:\etwork\bin\tests\sysintgtests.icore.common.entities.dll" id="68ad3f53-a292-eb31-50f3-675ae26d4b13">
      <TestCategory>
        <TestCategoryItem TestCategory="Entities" />
        <TestCategoryItem TestCategory="SystemIntegration" />
      </TestCategory>
      <Execution id="6c1b5cb8-55b8-4732-83c9-c9dc2d85d413" />
      <TestMethod codeBase="F:\ETWork\bin\Tests\SysIntgTests.iCore.Common.Entities.dll" adapterTypeName="Microsoft.VisualStudio.TestTools.TestTypes.Unit.UnitTestAdapter" className="SysIntgTests.iCore.Common.Entities.PartnerTests" name="SetAttributeValue_ExistingProtectedIntegerSetWithNewIntegerAndSystemEncryptionDeactivated_ValueIsSetUnEncrypted" />
    </UnitTest>
    <UnitTest name="SetAttributeValue_ExistingProtectedStringSetWithNewStringAndSystemNotEncrypted_ValueIsSetUnEncrypted" storage="f:\etwork\bin\tests\sysintgtests.icore.common.entities.dll" id="0eae4b68-64e1-4e88-2119-271f532f6fe2">
      <TestCategory>
        <TestCategoryItem TestCategory="Entities" />
        <TestCategoryItem TestCategory="SystemIntegration" />
      </TestCategory>
      <Execution id="100f0fd2-9fd0-4a14-a817-dc0a697fffac" />
      <TestMethod codeBase="F:\ETWork\bin\Tests\SysIntgTests.iCore.Common.Entities.dll" adapterTypeName="Microsoft.VisualStudio.TestTools.TestTypes.Unit.UnitTestAdapter" className="SysIntgTests.iCore.Common.Entities.PartnerTests" name="SetAttributeValue_ExistingProtectedStringSetWithNewStringAndSystemNotEncrypted_ValueIsSetUnEncrypted" />
    </UnitTest>
    <UnitTest name="SetAttributeValue_ExistingProtectedStringSetWithNewStringAndSystemEncryptionDeactivated_ValueIsSetUnEncrypted" storage="f:\etwork\bin\tests\sysintgtests.icore.common.entities.dll" id="15b5d1fd-012b-eb3c-01bd-57510adc058b">
      <TestCategory>
        <TestCategoryItem TestCategory="Entities" />
        <TestCategoryItem TestCategory="SystemIntegration" />
      </TestCategory>
      <Execution id="6c1737cb-fbca-44ae-a489-fc92b0b30e6f" />
      <TestMethod codeBase="F:\ETWork\bin\Tests\SysIntgTests.iCore.Common.Entities.dll" adapterTypeName="Microsoft.VisualStudio.TestTools.TestTypes.Unit.UnitTestAdapter" className="SysIntgTests.iCore.Common.Entities.PartnerTests" name="SetAttributeValue_ExistingProtectedStringSetWithNewStringAndSystemEncryptionDeactivated_ValueIsSetUnEncrypted" />
    </UnitTest>
    <UnitTest name="Validate_UpdateOnProtectedChangedAttributeUserDoesNotHaveRestrictedOperationDataAccess_Throws" storage="f:\etwork\bin\tests\sysintgtests.icore.common.entities.dll" id="30ae7bd2-e43e-5ec9-2789-b10440a3830a">
      <TestCategory>
        <TestCategoryItem TestCategory="Entities" />
        <TestCategoryItem TestCategory="SystemIntegration" />
      </TestCategory>
      <Execution id="b11308f9-8457-415c-8e90-fa7e28b21293" />
      <TestMethod codeBase="F:\ETWork\bin\Tests\SysIntgTests.iCore.Common.Entities.dll" adapterTypeName="Microsoft.VisualStudio.TestTools.TestTypes.Unit.UnitTestAdapter" className="SysIntgTests.iCore.Common.Entities.PartnerTests" name="Validate_UpdateOnProtectedChangedAttributeUserDoesNotHaveRestrictedOperationDataAccess_Throws" />
    </UnitTest>
    <UnitTest name="Validate_UpdateOnProtectedChangedAttributeUserHaveRestrictedOperationDataAccess_Succeeds" storage="f:\etwork\bin\tests\sysintgtests.icore.common.entities.dll" id="5782d02e-f411-181c-3008-ef3904371712">
      <TestCategory>
        <TestCategoryItem TestCategory="Entities" />
        <TestCategoryItem TestCategory="SystemIntegration" />
      </TestCategory>
      <Execution id="8f024a92-2321-473c-bf8d-b5fd28576858" />
      <TestMethod codeBase="F:\ETWork\bin\Tests\SysIntgTests.iCore.Common.Entities.dll" adapterTypeName="Microsoft.VisualStudio.TestTools.TestTypes.Unit.UnitTestAdapter" className="SysIntgTests.iCore.Common.Entities.PartnerTests" name="Validate_UpdateOnProtectedChangedAttributeUserHaveRestrictedOperationDataAccess_Succeeds" />
    </UnitTest>
    <UnitTest name="Validate_UnmodifiedProtectedAttributeTypeUserDoesNotHaveRestrictedOperationModifyProtectableConcurrentUpdateOfDefaultValue_Success" storage="f:\etwork\bin\tests\sysintgtests.icore.common.entities.dll" id="fe705e9b-0c6b-be63-f053-441ecdbf62c4">
      <TestCategory>
        <TestCategoryItem TestCategory="Entities" />
        <TestCategoryItem TestCategory="SystemIntegration" />
      </TestCategory>
      <Execution id="62b7858e-2f14-4585-99ed-005876c97fa3" />
      <TestMethod codeBase="F:\ETWork\bin\Tests\SysIntgTests.iCore.Common.Entities.dll" adapterTypeName="Microsoft.VisualStudio.TestTools.TestTypes.Unit.UnitTestAdapter" className="SysIntgTests.iCore.Common.Entities.PartnerTests" name="Validate_UnmodifiedProtectedAttributeTypeUserDoesNotHaveRestrictedOperationModifyProtectableConcurrentUpdateOfDefaultValue_Success" />
    </UnitTest>
    <UnitTest name="Validate_UnmodifiedProtectedAttributeUserDoesNotHaveRestrictedOperationModifyProtectableConcurrentUpdateOfValue_Success" storage="f:\etwork\bin\tests\sysintgtests.icore.common.entities.dll" id="3012ed98-06e3-08ae-eec0-32daf7513abe">
      <TestCategory>
        <TestCategoryItem TestCategory="Entities" />
        <TestCategoryItem TestCategory="SystemIntegration" />
      </TestCategory>
      <Execution id="7a52e339-8a3c-4f48-b1fc-73e5910345ce" />
      <TestMethod codeBase="F:\ETWork\bin\Tests\SysIntgTests.iCore.Common.Entities.dll" adapterTypeName="Microsoft.VisualStudio.TestTools.TestTypes.Unit.UnitTestAdapter" className="SysIntgTests.iCore.Common.Entities.PartnerTests" name="Validate_UnmodifiedProtectedAttributeUserDoesNotHaveRestrictedOperationModifyProtectableConcurrentUpdateOfValue_Success" />
    </UnitTest>
    <UnitTest name="SetAttributeValue_ProtectionPerformanceTest_Success" storage="f:\etwork\bin\tests\sysintgtests.icore.common.entities.dll" id="feb5047d-34ae-9270-58c7-368fbeefcb36">
      <TestCategory>
        <TestCategoryItem TestCategory="SystemIntegration" />
        <TestCategoryItem TestCategory="Performance Test" />
        <TestCategoryItem TestCategory="Entities" />
      </TestCategory>
      <Execution id="61e1c633-bf51-4506-a8b5-e452acf8bfc5" />
      <TestMethod codeBase="F:\ETWork\bin\Tests\SysIntgTests.iCore.Common.Entities.dll" adapterTypeName="Microsoft.VisualStudio.TestTools.TestTypes.Unit.UnitTestAdapter" className="SysIntgTests.iCore.Common.Entities.PartnerTests" name="SetAttributeValue_ProtectionPerformanceTest_Success" />
    </UnitTest>
    <UnitTest name="SetAttributeValue_ProtectionPerformanceTestWithRuntimeService_Success" storage="f:\etwork\bin\tests\sysintgtests.icore.common.entities.dll" id="74ad51f6-53ca-c015-f25c-2f8808b3ed39">
      <TestCategory>
        <TestCategoryItem TestCategory="SystemIntegration" />
        <TestCategoryItem TestCategory="Performance Test" />
        <TestCategoryItem TestCategory="Entities" />
      </TestCategory>
      <Execution id="fe34f6d4-6c76-4991-92b3-17107ecef6d2" />
      <TestMethod codeBase="F:\ETWork\bin\Tests\SysIntgTests.iCore.Common.Entities.dll" adapterTypeName="Microsoft.VisualStudio.TestTools.TestTypes.Unit.UnitTestAdapter" className="SysIntgTests.iCore.Common.Entities.PartnerTests" name="SetAttributeValue_ProtectionPerformanceTestWithRuntimeService_Success" />
    </UnitTest>
    <UnitTest name="GetAttributeValue_ProtectionPerformanceTest_Success" storage="f:\etwork\bin\tests\sysintgtests.icore.common.entities.dll" id="469e0cb7-953e-4632-6e37-650d2619a83a">
      <TestCategory>
        <TestCategoryItem TestCategory="SystemIntegration" />
        <TestCategoryItem TestCategory="Performance Test" />
        <TestCategoryItem TestCategory="Entities" />
      </TestCategory>
      <Execution id="562dcce9-7c52-429a-a8e5-10188cab4bdb" />
      <TestMethod codeBase="F:\ETWork\bin\Tests\SysIntgTests.iCore.Common.Entities.dll" adapterTypeName="Microsoft.VisualStudio.TestTools.TestTypes.Unit.UnitTestAdapter" className="SysIntgTests.iCore.Common.Entities.PartnerTests" name="GetAttributeValue_ProtectionPerformanceTest_Success" />
    </UnitTest>
    <UnitTest name="GetAttributeValue_ProtectionPerformanceTestWithRuntimeService_Success" storage="f:\etwork\bin\tests\sysintgtests.icore.common.entities.dll" id="44beaa3e-25a9-0b74-89dc-395092fff65f">
      <TestCategory>
        <TestCategoryItem TestCategory="SystemIntegration" />
        <TestCategoryItem TestCategory="Performance Test" />
        <TestCategoryItem TestCategory="Entities" />
      </TestCategory>
      <Execution id="c16b5aa2-2440-42fa-80fb-50ffbbb05176" />
      <TestMethod codeBase="F:\ETWork\bin\Tests\SysIntgTests.iCore.Common.Entities.dll" adapterTypeName="Microsoft.VisualStudio.TestTools.TestTypes.Unit.UnitTestAdapter" className="SysIntgTests.iCore.Common.Entities.PartnerTests" name="GetAttributeValue_ProtectionPerformanceTestWithRuntimeService_Success" />
    </UnitTest>
    <UnitTest name="TrackedPropertyStates_AttributeTypeFetchedFromRepository_AllStatesAreFalse" storage="f:\etwork\bin\tests\sysintgtests.icore.common.entities.dll" id="55c14e9f-7232-58ce-a450-a872160106c2">
      <TestCategory>
        <TestCategoryItem TestCategory="Entities" />
        <TestCategoryItem TestCategory="SystemIntegration" />
      </TestCategory>
      <Execution id="a7b0c4da-7cc0-4217-ac3c-69a3ae520828" />
      <TestMethod codeBase="F:\ETWork\bin\Tests\SysIntgTests.iCore.Common.Entities.dll" adapterTypeName="Microsoft.VisualStudio.TestTools.TestTypes.Unit.UnitTestAdapter" className="SysIntgTests.iCore.Common.Entities.PartnerTests" name="TrackedPropertyStates_AttributeTypeFetchedFromRepository_AllStatesAreFalse" />
    </UnitTest>
    <UnitTest name="TrackedPropertyStates_AttributeTypeFetchedFromRepository_ThereAreTwoTrackedProperties" storage="f:\etwork\bin\tests\sysintgtests.icore.common.entities.dll" id="65255e3b-dbe7-5c68-ab6d-2157f3e72df8">
      <TestCategory>
        <TestCategoryItem TestCategory="Entities" />
        <TestCategoryItem TestCategory="SystemIntegration" />
      </TestCategory>
      <Execution id="1063cf64-6d79-4b40-b7b8-65d1641a7285" />
      <TestMethod codeBase="F:\ETWork\bin\Tests\SysIntgTests.iCore.Common.Entities.dll" adapterTypeName="Microsoft.VisualStudio.TestTools.TestTypes.Unit.UnitTestAdapter" className="SysIntgTests.iCore.Common.Entities.PartnerTests" name="TrackedPropertyStates_AttributeTypeFetchedFromRepository_ThereAreTwoTrackedProperties" />
    </UnitTest>
    <UnitTest name="TrackedPropertyStates_IsProtectedIsChangedOnAttributeType_IsProtectedStateIsTrue" storage="f:\etwork\bin\tests\sysintgtests.icore.common.entities.dll" id="5a668c84-ea12-3c36-f40c-c1849ead727b">
      <TestCategory>
        <TestCategoryItem TestCategory="Entities" />
        <TestCategoryItem TestCategory="SystemIntegration" />
      </TestCategory>
      <Execution id="cd3ed1ad-90ba-4212-b8c6-23bce1806d7c" />
      <TestMethod codeBase="F:\ETWork\bin\Tests\SysIntgTests.iCore.Common.Entities.dll" adapterTypeName="Microsoft.VisualStudio.TestTools.TestTypes.Unit.UnitTestAdapter" className="SysIntgTests.iCore.Common.Entities.PartnerTests" name="TrackedPropertyStates_IsProtectedIsChangedOnAttributeType_IsProtectedStateIsTrue" />
    </UnitTest>
    <UnitTest name="TrackedPropertyStates_DefaultValueIsChangedOnAttributeType_DefaultValueStateIsTrue" storage="f:\etwork\bin\tests\sysintgtests.icore.common.entities.dll" id="abe46090-dcc1-8874-750c-9b30dccf2947">
      <TestCategory>
        <TestCategoryItem TestCategory="Entities" />
        <TestCategoryItem TestCategory="SystemIntegration" />
      </TestCategory>
      <Execution id="3e698d15-cafc-41b8-8fe9-3bc66ce7c605" />
      <TestMethod codeBase="F:\ETWork\bin\Tests\SysIntgTests.iCore.Common.Entities.dll" adapterTypeName="Microsoft.VisualStudio.TestTools.TestTypes.Unit.UnitTestAdapter" className="SysIntgTests.iCore.Common.Entities.PartnerTests" name="TrackedPropertyStates_DefaultValueIsChangedOnAttributeType_DefaultValueStateIsTrue" />
    </UnitTest>
    <UnitTest name="TrackedPropertyStates_IsProtectedIsSetWithSameValueOnAttributeType_IsProtectedStateIsFalse" storage="f:\etwork\bin\tests\sysintgtests.icore.common.entities.dll" id="f6d52587-9aa8-a7bd-b7a5-782dc8b127df">
      <TestCategory>
        <TestCategoryItem TestCategory="Entities" />
        <TestCategoryItem TestCategory="SystemIntegration" />
      </TestCategory>
      <Execution id="26a3cc21-7552-4c6c-8070-c5db4f4aa012" />
      <TestMethod codeBase="F:\ETWork\bin\Tests\SysIntgTests.iCore.Common.Entities.dll" adapterTypeName="Microsoft.VisualStudio.TestTools.TestTypes.Unit.UnitTestAdapter" className="SysIntgTests.iCore.Common.Entities.PartnerTests" name="TrackedPropertyStates_IsProtectedIsSetWithSameValueOnAttributeType_IsProtectedStateIsFalse" />
    </UnitTest>
    <UnitTest name="TrackedPropertyStates_DefaultValueIsSetWithSameValueOnAttributeType_DefaultValueStateIsFalse" storage="f:\etwork\bin\tests\sysintgtests.icore.common.entities.dll" id="5a9b0890-a2fd-acbd-6e51-1d141db459cf">
      <TestCategory>
        <TestCategoryItem TestCategory="Entities" />
        <TestCategoryItem TestCategory="SystemIntegration" />
      </TestCategory>
      <Execution id="5a58c64d-c837-408a-a29e-106a027b93bd" />
      <TestMethod codeBase="F:\ETWork\bin\Tests\SysIntgTests.iCore.Common.Entities.dll" adapterTypeName="Microsoft.VisualStudio.TestTools.TestTypes.Unit.UnitTestAdapter" className="SysIntgTests.iCore.Common.Entities.PartnerTests" name="TrackedPropertyStates_DefaultValueIsSetWithSameValueOnAttributeType_DefaultValueStateIsFalse" />
    </UnitTest>
    <UnitTest name="TrackedPropertyStates_IsProtectedIsChangedOnAttributeTypeThenUpdated_IsProtectedStateIsFalse" storage="f:\etwork\bin\tests\sysintgtests.icore.common.entities.dll" id="ab57f6ff-cecc-5ef2-4d6f-66eb347c7a24">
      <TestCategory>
        <TestCategoryItem TestCategory="Entities" />
        <TestCategoryItem TestCategory="SystemIntegration" />
      </TestCategory>
      <Execution id="4aa0dd47-71be-427e-916f-09e8f9c3b818" />
      <TestMethod codeBase="F:\ETWork\bin\Tests\SysIntgTests.iCore.Common.Entities.dll" adapterTypeName="Microsoft.VisualStudio.TestTools.TestTypes.Unit.UnitTestAdapter" className="SysIntgTests.iCore.Common.Entities.PartnerTests" name="TrackedPropertyStates_IsProtectedIsChangedOnAttributeTypeThenUpdated_IsProtectedStateIsFalse" />
    </UnitTest>
    <UnitTest name="TrackedPropertyStates_DefaultValueIsChangedOnAttributeTypeThenUpdated_DefaultValueStateIsFalse" storage="f:\etwork\bin\tests\sysintgtests.icore.common.entities.dll" id="0608b06b-04c2-ca56-2130-327070c514f8">
      <TestCategory>
        <TestCategoryItem TestCategory="Entities" />
        <TestCategoryItem TestCategory="SystemIntegration" />
      </TestCategory>
      <Execution id="727744d1-55ae-4059-8794-23c27c5e02ff" />
      <TestMethod codeBase="F:\ETWork\bin\Tests\SysIntgTests.iCore.Common.Entities.dll" adapterTypeName="Microsoft.VisualStudio.TestTools.TestTypes.Unit.UnitTestAdapter" className="SysIntgTests.iCore.Common.Entities.PartnerTests" name="TrackedPropertyStates_DefaultValueIsChangedOnAttributeTypeThenUpdated_DefaultValueStateIsFalse" />
    </UnitTest>
    <UnitTest name="TrackedPropertyStates_OnAttributeValueFetchedFromRepository_AllStatesAreFalse" storage="f:\etwork\bin\tests\sysintgtests.icore.common.entities.dll" id="6ec4c302-c8fc-bb70-e341-76524d31d1fa">
      <TestCategory>
        <TestCategoryItem TestCategory="Entities" />
        <TestCategoryItem TestCategory="SystemIntegration" />
      </TestCategory>
      <Execution id="95043521-2e21-414c-b784-af7c5d9dd6f4" />
      <TestMethod codeBase="F:\ETWork\bin\Tests\SysIntgTests.iCore.Common.Entities.dll" adapterTypeName="Microsoft.VisualStudio.TestTools.TestTypes.Unit.UnitTestAdapter" className="SysIntgTests.iCore.Common.Entities.PartnerTests" name="TrackedPropertyStates_OnAttributeValueFetchedFromRepository_AllStatesAreFalse" />
    </UnitTest>
    <UnitTest name="TrackedPropertyStates_OnAttributeValueFetchedFromRepository_ThereIsOneTrackedProperty" storage="f:\etwork\bin\tests\sysintgtests.icore.common.entities.dll" id="524a4e9a-936d-ecca-57c8-28ecf37ec339">
      <TestCategory>
        <TestCategoryItem TestCategory="Entities" />
        <TestCategoryItem TestCategory="SystemIntegration" />
      </TestCategory>
      <Execution id="31a633b6-02c9-4bdb-b3bf-4914b85cd205" />
      <TestMethod codeBase="F:\ETWork\bin\Tests\SysIntgTests.iCore.Common.Entities.dll" adapterTypeName="Microsoft.VisualStudio.TestTools.TestTypes.Unit.UnitTestAdapter" className="SysIntgTests.iCore.Common.Entities.PartnerTests" name="TrackedPropertyStates_OnAttributeValueFetchedFromRepository_ThereIsOneTrackedProperty" />
    </UnitTest>
    <UnitTest name="TrackedPropertyStates_ValueIsChangedOnAttributeValue_ValuesStateIsTrue" storage="f:\etwork\bin\tests\sysintgtests.icore.common.entities.dll" id="c64e79ef-6812-8c32-6f1b-37fe8e533629">
      <TestCategory>
        <TestCategoryItem TestCategory="Entities" />
        <TestCategoryItem TestCategory="SystemIntegration" />
      </TestCategory>
      <Execution id="8ab0e77d-ccf5-42a9-ad8f-615a71fe5b6d" />
      <TestMethod codeBase="F:\ETWork\bin\Tests\SysIntgTests.iCore.Common.Entities.dll" adapterTypeName="Microsoft.VisualStudio.TestTools.TestTypes.Unit.UnitTestAdapter" className="SysIntgTests.iCore.Common.Entities.PartnerTests" name="TrackedPropertyStates_ValueIsChangedOnAttributeValue_ValuesStateIsTrue" />
    </UnitTest>
    <UnitTest name="TrackedPropertyStates_ValueIsChangedThenSetWithSameValueOnAttributeValue_ValuesStateIsTrue" storage="f:\etwork\bin\tests\sysintgtests.icore.common.entities.dll" id="6476de4c-20b9-a7ad-bedf-95ce93d3c4b5">
      <TestCategory>
        <TestCategoryItem TestCategory="Entities" />
        <TestCategoryItem TestCategory="SystemIntegration" />
      </TestCategory>
      <Execution id="4ac4b160-3ae5-4e53-bc35-77bfce0bbb7a" />
      <TestMethod codeBase="F:\ETWork\bin\Tests\SysIntgTests.iCore.Common.Entities.dll" adapterTypeName="Microsoft.VisualStudio.TestTools.TestTypes.Unit.UnitTestAdapter" className="SysIntgTests.iCore.Common.Entities.PartnerTests" name="TrackedPropertyStates_ValueIsChangedThenSetWithSameValueOnAttributeValue_ValuesStateIsTrue" />
    </UnitTest>
    <UnitTest name="TrackedPropertyStates_StringValueIsSetWithSameValueOnAttributeValue_ValuesStateIsFalse" storage="f:\etwork\bin\tests\sysintgtests.icore.common.entities.dll" id="2d4b0ea6-7af5-8f05-8cdd-a7a58fc3f268">
      <TestCategory>
        <TestCategoryItem TestCategory="Entities" />
        <TestCategoryItem TestCategory="SystemIntegration" />
      </TestCategory>
      <Execution id="c1eb38ab-b7e8-40a5-8c67-71722f4663d0" />
      <TestMethod codeBase="F:\ETWork\bin\Tests\SysIntgTests.iCore.Common.Entities.dll" adapterTypeName="Microsoft.VisualStudio.TestTools.TestTypes.Unit.UnitTestAdapter" className="SysIntgTests.iCore.Common.Entities.PartnerTests" name="TrackedPropertyStates_StringValueIsSetWithSameValueOnAttributeValue_ValuesStateIsFalse" />
    </UnitTest>
    <UnitTest name="TrackedPropertyStates_IntegerValueIsSetWithSameValueOnAttributeValue_ValuesStateIsFalse" storage="f:\etwork\bin\tests\sysintgtests.icore.common.entities.dll" id="36414e8a-63c9-544e-5b96-8ca566a02fb8">
      <TestCategory>
        <TestCategoryItem TestCategory="Entities" />
        <TestCategoryItem TestCategory="SystemIntegration" />
      </TestCategory>
      <Execution id="fd4cda7d-f83d-4a4a-af0c-ae1438256a60" />
      <TestMethod codeBase="F:\ETWork\bin\Tests\SysIntgTests.iCore.Common.Entities.dll" adapterTypeName="Microsoft.VisualStudio.TestTools.TestTypes.Unit.UnitTestAdapter" className="SysIntgTests.iCore.Common.Entities.PartnerTests" name="TrackedPropertyStates_IntegerValueIsSetWithSameValueOnAttributeValue_ValuesStateIsFalse" />
    </UnitTest>
    <UnitTest name="TrackedPropertyStates_FloatValueIsSetWithSameValueOnAttributeValue_ValuesStateIsFalse" storage="f:\etwork\bin\tests\sysintgtests.icore.common.entities.dll" id="81eaa915-736b-191e-02f1-63cdf0ad0382">
      <TestCategory>
        <TestCategoryItem TestCategory="Entities" />
        <TestCategoryItem TestCategory="SystemIntegration" />
      </TestCategory>
      <Execution id="bf9d79ef-506c-4752-9da6-0ba29393a325" />
      <TestMethod codeBase="F:\ETWork\bin\Tests\SysIntgTests.iCore.Common.Entities.dll" adapterTypeName="Microsoft.VisualStudio.TestTools.TestTypes.Unit.UnitTestAdapter" className="SysIntgTests.iCore.Common.Entities.PartnerTests" name="TrackedPropertyStates_FloatValueIsSetWithSameValueOnAttributeValue_ValuesStateIsFalse" />
    </UnitTest>
    <UnitTest name="TrackedPropertyStates_ValueIsChangedOnAttributeValueThenUpdated_ValuesStateIsFalse" storage="f:\etwork\bin\tests\sysintgtests.icore.common.entities.dll" id="ae5699aa-d851-7dde-691a-d5816a81c2a3">
      <TestCategory>
        <TestCategoryItem TestCategory="Entities" />
        <TestCategoryItem TestCategory="SystemIntegration" />
      </TestCategory>
      <Execution id="02bb23e2-419e-4d22-8d8f-bb22d6b250c6" />
      <TestMethod codeBase="F:\ETWork\bin\Tests\SysIntgTests.iCore.Common.Entities.dll" adapterTypeName="Microsoft.VisualStudio.TestTools.TestTypes.Unit.UnitTestAdapter" className="SysIntgTests.iCore.Common.Entities.PartnerTests" name="TrackedPropertyStates_ValueIsChangedOnAttributeValueThenUpdated_ValuesStateIsFalse" />
    </UnitTest>
    <UnitTest name="TrackedPropertyStates_ValueIsChangedOnAttributeValueAttributeNotProtectedSystemEncrypted_ValuesStateIsTrue" storage="f:\etwork\bin\tests\sysintgtests.icore.common.entities.dll" id="e5eec7a5-563a-415d-be03-151369198e42">
      <TestCategory>
        <TestCategoryItem TestCategory="Entities" />
        <TestCategoryItem TestCategory="SystemIntegration" />
      </TestCategory>
      <Execution id="2ebfc0d9-d862-4d66-983f-e50c7bc27549" />
      <TestMethod codeBase="F:\ETWork\bin\Tests\SysIntgTests.iCore.Common.Entities.dll" adapterTypeName="Microsoft.VisualStudio.TestTools.TestTypes.Unit.UnitTestAdapter" className="SysIntgTests.iCore.Common.Entities.PartnerTests" name="TrackedPropertyStates_ValueIsChangedOnAttributeValueAttributeNotProtectedSystemEncrypted_ValuesStateIsTrue" />
    </UnitTest>
    <UnitTest name="TrackedPropertyStates_ValueIsChangedOnAttributeValueAttributeProtectedSystemEncrypted_ValuesStateIsTrue" storage="f:\etwork\bin\tests\sysintgtests.icore.common.entities.dll" id="2d964892-d54b-354f-e1a2-1720a3b5be34">
      <TestCategory>
        <TestCategoryItem TestCategory="Entities" />
        <TestCategoryItem TestCategory="SystemIntegration" />
      </TestCategory>
      <Execution id="b79c6cc0-84d6-4072-976f-0969811d4f68" />
      <TestMethod codeBase="F:\ETWork\bin\Tests\SysIntgTests.iCore.Common.Entities.dll" adapterTypeName="Microsoft.VisualStudio.TestTools.TestTypes.Unit.UnitTestAdapter" className="SysIntgTests.iCore.Common.Entities.PartnerTests" name="TrackedPropertyStates_ValueIsChangedOnAttributeValueAttributeProtectedSystemEncrypted_ValuesStateIsTrue" />
    </UnitTest>
    <UnitTest name="RepositoryEntityTypeId_ReturnsPartner" storage="f:\etwork\bin\tests\sysintgtests.icore.common.entities.dll" id="ab764159-4147-07f5-b6c8-ed51d4a0a9de">
      <TestCategory>
        <TestCategoryItem TestCategory="Entities" />
        <TestCategoryItem TestCategory="SystemIntegration" />
      </TestCategory>
      <Execution id="fdf98dfe-22e3-4194-88e4-fb3b54c519fd" />
      <TestMethod codeBase="F:\ETWork\bin\Tests\SysIntgTests.iCore.Common.Entities.dll" adapterTypeName="Microsoft.VisualStudio.TestTools.TestTypes.Unit.UnitTestAdapter" className="SysIntgTests.iCore.Common.Entities.PartnerTests" name="RepositoryEntityTypeId_ReturnsPartner" />
    </UnitTest>
    <UnitTest name="RepositoryEntityType_ReturnsIPartner" storage="f:\etwork\bin\tests\sysintgtests.icore.common.entities.dll" id="ae45ea86-510f-820e-4f76-507f41b59852">
      <TestCategory>
        <TestCategoryItem TestCategory="Entities" />
        <TestCategoryItem TestCategory="SystemIntegration" />
      </TestCategory>
      <Execution id="60b10c24-8acc-4363-82e3-3baa01fa8e92" />
      <TestMethod codeBase="F:\ETWork\bin\Tests\SysIntgTests.iCore.Common.Entities.dll" adapterTypeName="Microsoft.VisualStudio.TestTools.TestTypes.Unit.UnitTestAdapter" className="SysIntgTests.iCore.Common.Entities.PartnerTests" name="RepositoryEntityType_ReturnsIPartner" />
    </UnitTest>
    <UnitTest name="RepositorySystemContext_MatchesActualSystemContext" storage="f:\etwork\bin\tests\sysintgtests.icore.common.entities.dll" id="956bc26b-b8c9-7004-4e64-f2407cb8a366">
      <TestCategory>
        <TestCategoryItem TestCategory="Entities" />
        <TestCategoryItem TestCategory="SystemIntegration" />
      </TestCategory>
      <Execution id="3af8dde1-e019-4389-8681-9c8efbd0c6b8" />
      <TestMethod codeBase="F:\ETWork\bin\Tests\SysIntgTests.iCore.Common.Entities.dll" adapterTypeName="Microsoft.VisualStudio.TestTools.TestTypes.Unit.UnitTestAdapter" className="SysIntgTests.iCore.Common.Entities.PartnerTests" name="RepositorySystemContext_MatchesActualSystemContext" />
    </UnitTest>
    <UnitTest name="Exists_PartnerAttributeTypeKey_ThrowsArgumentException" storage="f:\etwork\bin\tests\sysintgtests.icore.common.entities.dll" id="8a66d751-3a91-6b68-312d-162647392db8">
      <TestCategory>
        <TestCategoryItem TestCategory="Entities" />
        <TestCategoryItem TestCategory="SystemIntegration" />
      </TestCategory>
      <Execution id="ecb611dc-7298-4c03-aad6-17faa3ce71a5" />
      <TestMethod codeBase="F:\ETWork\bin\Tests\SysIntgTests.iCore.Common.Entities.dll" adapterTypeName="Microsoft.VisualStudio.TestTools.TestTypes.Unit.UnitTestAdapter" className="SysIntgTests.iCore.Common.Entities.PartnerTests" name="Exists_PartnerAttributeTypeKey_ThrowsArgumentException" />
    </UnitTest>
    <UnitTest name="Exists_KnownPartnerKey_ReturnsTrue (Data Row 0)" storage="f:\etwork\bin\tests\sysintgtests.icore.common.entities.dll" id="978978ef-5e15-4bc8-97f6-b13d61957141">
      <TestCategory>
        <TestCategoryItem TestCategory="Entities" />
        <TestCategoryItem TestCategory="SystemIntegration" />
      </TestCategory>
      <Execution id="734b7801-849f-4ae7-80e5-16d4bced9347" />
      <TestMethod codeBase="F:\ETWork\bin\Tests\SysIntgTests.iCore.Common.Entities.dll" adapterTypeName="Microsoft.VisualStudio.TestTools.TestTypes.Unit.UnitTestAdapter" className="SysIntgTests.iCore.Common.Entities.PartnerTests" name="Exists_KnownPartnerKey_ReturnsTrue (Data Row 0)" />
    </UnitTest>
    <UnitTest name="Exists_KnownPartnerKey_ReturnsTrue (Data Row 1)" storage="f:\etwork\bin\tests\sysintgtests.icore.common.entities.dll" id="803883db-e514-4a3f-9f11-2d51cc3990f8">
      <TestCategory>
        <TestCategoryItem TestCategory="Entities" />
        <TestCategoryItem TestCategory="SystemIntegration" />
      </TestCategory>
      <Execution id="6cd57396-f221-4102-af2a-79ec1261612c" />
      <TestMethod codeBase="F:\ETWork\bin\Tests\SysIntgTests.iCore.Common.Entities.dll" adapterTypeName="Microsoft.VisualStudio.TestTools.TestTypes.Unit.UnitTestAdapter" className="SysIntgTests.iCore.Common.Entities.PartnerTests" name="Exists_KnownPartnerKey_ReturnsTrue (Data Row 1)" />
    </UnitTest>
    <UnitTest name="Exists_KnownPartnerKey_ReturnsTrue (Data Row 2)" storage="f:\etwork\bin\tests\sysintgtests.icore.common.entities.dll" id="b6a082f4-a323-41c3-8b29-fbe0767a6dd0">
      <TestCategory>
        <TestCategoryItem TestCategory="Entities" />
        <TestCategoryItem TestCategory="SystemIntegration" />
      </TestCategory>
      <Execution id="9ae187e1-6e6a-464d-80bb-81e16840e90f" />
      <TestMethod codeBase="F:\ETWork\bin\Tests\SysIntgTests.iCore.Common.Entities.dll" adapterTypeName="Microsoft.VisualStudio.TestTools.TestTypes.Unit.UnitTestAdapter" className="SysIntgTests.iCore.Common.Entities.PartnerTests" name="Exists_KnownPartnerKey_ReturnsTrue (Data Row 2)" />
    </UnitTest>
    <UnitTest name="Exists_KnownPartnerKey_ReturnsTrue (Data Row 3)" storage="f:\etwork\bin\tests\sysintgtests.icore.common.entities.dll" id="b25d8b93-46f5-419a-9023-08f316e5b7ee">
      <TestCategory>
        <TestCategoryItem TestCategory="Entities" />
        <TestCategoryItem TestCategory="SystemIntegration" />
      </TestCategory>
      <Execution id="75000544-a578-486a-8e5f-5342c467a877" />
      <TestMethod codeBase="F:\ETWork\bin\Tests\SysIntgTests.iCore.Common.Entities.dll" adapterTypeName="Microsoft.VisualStudio.TestTools.TestTypes.Unit.UnitTestAdapter" className="SysIntgTests.iCore.Common.Entities.PartnerTests" name="Exists_KnownPartnerKey_ReturnsTrue (Data Row 3)" />
    </UnitTest>
    <UnitTest name="Exists_NonExistingPartnerKey_ReturnsFalse" storage="f:\etwork\bin\tests\sysintgtests.icore.common.entities.dll" id="a35f6af5-ab7e-98f4-3a54-4cbbdf1b7079">
      <TestCategory>
        <TestCategoryItem TestCategory="Entities" />
        <TestCategoryItem TestCategory="SystemIntegration" />
      </TestCategory>
      <Execution id="ac12ce7e-aac3-4a9d-8e3f-c5ad628767bc" />
      <TestMethod codeBase="F:\ETWork\bin\Tests\SysIntgTests.iCore.Common.Entities.dll" adapterTypeName="Microsoft.VisualStudio.TestTools.TestTypes.Unit.UnitTestAdapter" className="SysIntgTests.iCore.Common.Entities.PartnerTests" name="Exists_NonExistingPartnerKey_ReturnsFalse" />
    </UnitTest>
    <UnitTest name="CreateInstance_CreatesNewPartner" storage="f:\etwork\bin\tests\sysintgtests.icore.common.entities.dll" id="224e7587-b393-ebbc-f145-37ab4d38b64e">
      <Execution id="c47760d6-3004-4c1a-a64c-799c0b685d22" />
      <TestMethod codeBase="F:\ETWork\bin\Tests\SysIntgTests.iCore.Common.Entities.dll" adapterTypeName="Microsoft.VisualStudio.TestTools.TestTypes.Unit.UnitTestAdapter" className="SysIntgTests.iCore.Common.Entities.PartnerTests" name="CreateInstance_CreatesNewPartner" />
    </UnitTest>
    <UnitTest name="List_ContainsEachKnownPartnerOnce (Data Row 0)" storage="f:\etwork\bin\tests\sysintgtests.icore.common.entities.dll" id="7b540154-74fc-44d2-a02d-a339ad7e90a2">
      <TestCategory>
        <TestCategoryItem TestCategory="Entities" />
        <TestCategoryItem TestCategory="SystemIntegration" />
      </TestCategory>
      <Execution id="eac7459b-e398-41d6-ad73-1a0ad4c61be8" />
      <TestMethod codeBase="F:\ETWork\bin\Tests\SysIntgTests.iCore.Common.Entities.dll" adapterTypeName="Microsoft.VisualStudio.TestTools.TestTypes.Unit.UnitTestAdapter" className="SysIntgTests.iCore.Common.Entities.PartnerTests" name="List_ContainsEachKnownPartnerOnce (Data Row 0)" />
    </UnitTest>
    <UnitTest name="List_ContainsEachKnownPartnerOnce (Data Row 1)" storage="f:\etwork\bin\tests\sysintgtests.icore.common.entities.dll" id="a11fe1bf-5ca8-4e14-9ce8-4ba5b9d3f231">
      <TestCategory>
        <TestCategoryItem TestCategory="Entities" />
        <TestCategoryItem TestCategory="SystemIntegration" />
      </TestCategory>
      <Execution id="14dd3066-2d43-4cdb-8809-2825942f06b7" />
      <TestMethod codeBase="F:\ETWork\bin\Tests\SysIntgTests.iCore.Common.Entities.dll" adapterTypeName="Microsoft.VisualStudio.TestTools.TestTypes.Unit.UnitTestAdapter" className="SysIntgTests.iCore.Common.Entities.PartnerTests" name="List_ContainsEachKnownPartnerOnce (Data Row 1)" />
    </UnitTest>
    <UnitTest name="List_ContainsEachKnownPartnerOnce (Data Row 2)" storage="f:\etwork\bin\tests\sysintgtests.icore.common.entities.dll" id="bd950fae-7e24-4cd5-aaf4-101bd29fb543">
      <TestCategory>
        <TestCategoryItem TestCategory="Entities" />
        <TestCategoryItem TestCategory="SystemIntegration" />
      </TestCategory>
      <Execution id="00282251-e2b3-498f-874e-d6d53eee7f6a" />
      <TestMethod codeBase="F:\ETWork\bin\Tests\SysIntgTests.iCore.Common.Entities.dll" adapterTypeName="Microsoft.VisualStudio.TestTools.TestTypes.Unit.UnitTestAdapter" className="SysIntgTests.iCore.Common.Entities.PartnerTests" name="List_ContainsEachKnownPartnerOnce (Data Row 2)" />
    </UnitTest>
    <UnitTest name="List_ContainsEachKnownPartnerOnce (Data Row 3)" storage="f:\etwork\bin\tests\sysintgtests.icore.common.entities.dll" id="55630a2b-114d-425a-a9b7-74629d2817fd">
      <TestCategory>
        <TestCategoryItem TestCategory="Entities" />
        <TestCategoryItem TestCategory="SystemIntegration" />
      </TestCategory>
      <Execution id="cca755a6-bb2b-4111-ac84-b4c9a8ed4585" />
      <TestMethod codeBase="F:\ETWork\bin\Tests\SysIntgTests.iCore.Common.Entities.dll" adapterTypeName="Microsoft.VisualStudio.TestTools.TestTypes.Unit.UnitTestAdapter" className="SysIntgTests.iCore.Common.Entities.PartnerTests" name="List_ContainsEachKnownPartnerOnce (Data Row 3)" />
    </UnitTest>
    <UnitTest name="List_ShouldSetSystemContextCorrectly" storage="f:\etwork\bin\tests\sysintgtests.icore.common.entities.dll" id="2b7e32f3-f3e4-17e6-785b-d2f9a18ade67">
      <TestCategory>
        <TestCategoryItem TestCategory="Entities" />
        <TestCategoryItem TestCategory="SystemIntegration" />
      </TestCategory>
      <Execution id="8636af8b-1549-40bd-a19e-1217dcac2971" />
      <TestMethod codeBase="F:\ETWork\bin\Tests\SysIntgTests.iCore.Common.Entities.dll" adapterTypeName="Microsoft.VisualStudio.TestTools.TestTypes.Unit.UnitTestAdapter" className="SysIntgTests.iCore.Common.Entities.PartnerTests" name="List_ShouldSetSystemContextCorrectly" />
    </UnitTest>
    <UnitTest name="GetByName_NullName_ThrowsArgumentNullException" storage="f:\etwork\bin\tests\sysintgtests.icore.common.entities.dll" id="48354bcd-ee81-ce4c-7ed3-94657b9e966b">
      <TestCategory>
        <TestCategoryItem TestCategory="Entities" />
        <TestCategoryItem TestCategory="SystemIntegration" />
      </TestCategory>
      <Execution id="fe8642fd-14d5-4a49-955f-fd514227fe8a" />
      <TestMethod codeBase="F:\ETWork\bin\Tests\SysIntgTests.iCore.Common.Entities.dll" adapterTypeName="Microsoft.VisualStudio.TestTools.TestTypes.Unit.UnitTestAdapter" className="SysIntgTests.iCore.Common.Entities.PartnerTests" name="GetByName_NullName_ThrowsArgumentNullException" />
    </UnitTest>
    <UnitTest name="GetByName_NonExistingName_ThrowsEntityNotFoundException" storage="f:\etwork\bin\tests\sysintgtests.icore.common.entities.dll" id="0d86ca12-8457-a636-f7df-7bf96f8a1d4a">
      <TestCategory>
        <TestCategoryItem TestCategory="Entities" />
        <TestCategoryItem TestCategory="SystemIntegration" />
      </TestCategory>
      <Execution id="345f2a76-4190-41b6-9e29-7eb75a09cca7" />
      <TestMethod codeBase="F:\ETWork\bin\Tests\SysIntgTests.iCore.Common.Entities.dll" adapterTypeName="Microsoft.VisualStudio.TestTools.TestTypes.Unit.UnitTestAdapter" className="SysIntgTests.iCore.Common.Entities.PartnerTests" name="GetByName_NonExistingName_ThrowsEntityNotFoundException" />
    </UnitTest>
    <UnitTest name="GetByName_KnownPartnerName_ReturnsEntityWithCorrectProperties (Data Row 0)" storage="f:\etwork\bin\tests\sysintgtests.icore.common.entities.dll" id="83890734-5e81-4db1-bb4c-cd6a01ede398">
      <TestCategory>
        <TestCategoryItem TestCategory="Entities" />
        <TestCategoryItem TestCategory="SystemIntegration" />
      </TestCategory>
      <Execution id="0f104961-b949-41df-805b-3189a3694188" />
      <TestMethod codeBase="F:\ETWork\bin\Tests\SysIntgTests.iCore.Common.Entities.dll" adapterTypeName="Microsoft.VisualStudio.TestTools.TestTypes.Unit.UnitTestAdapter" className="SysIntgTests.iCore.Common.Entities.PartnerTests" name="GetByName_KnownPartnerName_ReturnsEntityWithCorrectProperties (Data Row 0)" />
    </UnitTest>
    <UnitTest name="GetByName_KnownPartnerName_ReturnsEntityWithCorrectProperties (Data Row 1)" storage="f:\etwork\bin\tests\sysintgtests.icore.common.entities.dll" id="413a26c9-1693-4967-8efb-c299ac361a74">
      <TestCategory>
        <TestCategoryItem TestCategory="Entities" />
        <TestCategoryItem TestCategory="SystemIntegration" />
      </TestCategory>
      <Execution id="5b8d906f-7826-49ce-bff2-1d63cfff3437" />
      <TestMethod codeBase="F:\ETWork\bin\Tests\SysIntgTests.iCore.Common.Entities.dll" adapterTypeName="Microsoft.VisualStudio.TestTools.TestTypes.Unit.UnitTestAdapter" className="SysIntgTests.iCore.Common.Entities.PartnerTests" name="GetByName_KnownPartnerName_ReturnsEntityWithCorrectProperties (Data Row 1)" />
    </UnitTest>
    <UnitTest name="GetByName_KnownPartnerName_ReturnsEntityWithCorrectProperties (Data Row 2)" storage="f:\etwork\bin\tests\sysintgtests.icore.common.entities.dll" id="c34cc421-b9e1-45d7-82be-7f870653ede7">
      <TestCategory>
        <TestCategoryItem TestCategory="Entities" />
        <TestCategoryItem TestCategory="SystemIntegration" />
      </TestCategory>
      <Execution id="ef652c44-7e6f-435c-b6ca-b33d7f189d47" />
      <TestMethod codeBase="F:\ETWork\bin\Tests\SysIntgTests.iCore.Common.Entities.dll" adapterTypeName="Microsoft.VisualStudio.TestTools.TestTypes.Unit.UnitTestAdapter" className="SysIntgTests.iCore.Common.Entities.PartnerTests" name="GetByName_KnownPartnerName_ReturnsEntityWithCorrectProperties (Data Row 2)" />
    </UnitTest>
    <UnitTest name="GetByName_KnownPartnerName_ReturnsEntityWithCorrectProperties (Data Row 3)" storage="f:\etwork\bin\tests\sysintgtests.icore.common.entities.dll" id="f0dc6292-3de5-4152-bf82-6623242a6158">
      <TestCategory>
        <TestCategoryItem TestCategory="Entities" />
        <TestCategoryItem TestCategory="SystemIntegration" />
      </TestCategory>
      <Execution id="2d179422-7e99-4410-be8f-7b768b37fe14" />
      <TestMethod codeBase="F:\ETWork\bin\Tests\SysIntgTests.iCore.Common.Entities.dll" adapterTypeName="Microsoft.VisualStudio.TestTools.TestTypes.Unit.UnitTestAdapter" className="SysIntgTests.iCore.Common.Entities.PartnerTests" name="GetByName_KnownPartnerName_ReturnsEntityWithCorrectProperties (Data Row 3)" />
    </UnitTest>
    <UnitTest name="GetById_NewGuid_ThrowsEntityNotFoundException" storage="f:\etwork\bin\tests\sysintgtests.icore.common.entities.dll" id="7b6e18e1-c7a8-13c6-0edf-e8d972ad03bb">
      <TestCategory>
        <TestCategoryItem TestCategory="Entities" />
        <TestCategoryItem TestCategory="SystemIntegration" />
      </TestCategory>
      <Execution id="27a790ea-ea22-409c-b050-defcf736e92a" />
      <TestMethod codeBase="F:\ETWork\bin\Tests\SysIntgTests.iCore.Common.Entities.dll" adapterTypeName="Microsoft.VisualStudio.TestTools.TestTypes.Unit.UnitTestAdapter" className="SysIntgTests.iCore.Common.Entities.PartnerTests" name="GetById_NewGuid_ThrowsEntityNotFoundException" />
    </UnitTest>
    <UnitTest name="GetById_KnownPartnerId_ReturnsEntityWithCorrectProperties (Data Row 0)" storage="f:\etwork\bin\tests\sysintgtests.icore.common.entities.dll" id="b20435b9-ac91-4868-b019-1e646b8789f0">
      <TestCategory>
        <TestCategoryItem TestCategory="Entities" />
        <TestCategoryItem TestCategory="SystemIntegration" />
      </TestCategory>
      <Execution id="a705cd6b-edca-48b1-b19d-70811e744cd8" />
      <TestMethod codeBase="F:\ETWork\bin\Tests\SysIntgTests.iCore.Common.Entities.dll" adapterTypeName="Microsoft.VisualStudio.TestTools.TestTypes.Unit.UnitTestAdapter" className="SysIntgTests.iCore.Common.Entities.PartnerTests" name="GetById_KnownPartnerId_ReturnsEntityWithCorrectProperties (Data Row 0)" />
    </UnitTest>
    <UnitTest name="GetById_KnownPartnerId_ReturnsEntityWithCorrectProperties (Data Row 1)" storage="f:\etwork\bin\tests\sysintgtests.icore.common.entities.dll" id="abfc7b98-df2c-43cb-a420-6f1227dc5705">
      <TestCategory>
        <TestCategoryItem TestCategory="Entities" />
        <TestCategoryItem TestCategory="SystemIntegration" />
      </TestCategory>
      <Execution id="6fb2ec9b-7199-49f4-97b5-71cbd3d9d536" />
      <TestMethod codeBase="F:\ETWork\bin\Tests\SysIntgTests.iCore.Common.Entities.dll" adapterTypeName="Microsoft.VisualStudio.TestTools.TestTypes.Unit.UnitTestAdapter" className="SysIntgTests.iCore.Common.Entities.PartnerTests" name="GetById_KnownPartnerId_ReturnsEntityWithCorrectProperties (Data Row 1)" />
    </UnitTest>
    <UnitTest name="GetById_KnownPartnerId_ReturnsEntityWithCorrectProperties (Data Row 2)" storage="f:\etwork\bin\tests\sysintgtests.icore.common.entities.dll" id="84938746-2834-4418-b1ed-80bd1704999d">
      <TestCategory>
        <TestCategoryItem TestCategory="Entities" />
        <TestCategoryItem TestCategory="SystemIntegration" />
      </TestCategory>
      <Execution id="d5e3de3a-5b04-49da-8cf4-638b25b2a0b6" />
      <TestMethod codeBase="F:\ETWork\bin\Tests\SysIntgTests.iCore.Common.Entities.dll" adapterTypeName="Microsoft.VisualStudio.TestTools.TestTypes.Unit.UnitTestAdapter" className="SysIntgTests.iCore.Common.Entities.PartnerTests" name="GetById_KnownPartnerId_ReturnsEntityWithCorrectProperties (Data Row 2)" />
    </UnitTest>
    <UnitTest name="GetById_KnownPartnerId_ReturnsEntityWithCorrectProperties (Data Row 3)" storage="f:\etwork\bin\tests\sysintgtests.icore.common.entities.dll" id="a655f27e-6e6c-4537-99ed-f3d82c3bebdb">
      <TestCategory>
        <TestCategoryItem TestCategory="Entities" />
        <TestCategoryItem TestCategory="SystemIntegration" />
      </TestCategory>
      <Execution id="7febb7fc-107b-46d9-bd67-383f54d5700e" />
      <TestMethod codeBase="F:\ETWork\bin\Tests\SysIntgTests.iCore.Common.Entities.dll" adapterTypeName="Microsoft.VisualStudio.TestTools.TestTypes.Unit.UnitTestAdapter" className="SysIntgTests.iCore.Common.Entities.PartnerTests" name="GetById_KnownPartnerId_ReturnsEntityWithCorrectProperties (Data Row 3)" />
    </UnitTest>
    <UnitTest name="GetByKey_NewGuid_ThrowsEntityNotFoundException" storage="f:\etwork\bin\tests\sysintgtests.icore.common.entities.dll" id="3b7c2f57-391c-a197-4437-aac456a95711">
      <TestCategory>
        <TestCategoryItem TestCategory="Entities" />
        <TestCategoryItem TestCategory="SystemIntegration" />
      </TestCategory>
      <Execution id="23eb352d-03f6-4899-b264-f3366634f4f6" />
      <TestMethod codeBase="F:\ETWork\bin\Tests\SysIntgTests.iCore.Common.Entities.dll" adapterTypeName="Microsoft.VisualStudio.TestTools.TestTypes.Unit.UnitTestAdapter" className="SysIntgTests.iCore.Common.Entities.PartnerTests" name="GetByKey_NewGuid_ThrowsEntityNotFoundException" />
    </UnitTest>
    <UnitTest name="GetByKey_KnownKey_ReturnsEntityWithCorrectProperties (Data Row 0)" storage="f:\etwork\bin\tests\sysintgtests.icore.common.entities.dll" id="e8873623-c6b4-4c5f-a539-636793dd3ae9">
      <TestCategory>
        <TestCategoryItem TestCategory="Entities" />
        <TestCategoryItem TestCategory="SystemIntegration" />
      </TestCategory>
      <Execution id="ea69cd01-868f-4fab-83fc-e8505383eeaa" />
      <TestMethod codeBase="F:\ETWork\bin\Tests\SysIntgTests.iCore.Common.Entities.dll" adapterTypeName="Microsoft.VisualStudio.TestTools.TestTypes.Unit.UnitTestAdapter" className="SysIntgTests.iCore.Common.Entities.PartnerTests" name="GetByKey_KnownKey_ReturnsEntityWithCorrectProperties (Data Row 0)" />
    </UnitTest>
    <UnitTest name="GetByKey_KnownKey_ReturnsEntityWithCorrectProperties (Data Row 1)" storage="f:\etwork\bin\tests\sysintgtests.icore.common.entities.dll" id="dc7e4939-1ec3-4c54-ad9f-08fcddb04890">
      <TestCategory>
        <TestCategoryItem TestCategory="Entities" />
        <TestCategoryItem TestCategory="SystemIntegration" />
      </TestCategory>
      <Execution id="5355bf91-2a1e-4812-a433-b43057514c5f" />
      <TestMethod codeBase="F:\ETWork\bin\Tests\SysIntgTests.iCore.Common.Entities.dll" adapterTypeName="Microsoft.VisualStudio.TestTools.TestTypes.Unit.UnitTestAdapter" className="SysIntgTests.iCore.Common.Entities.PartnerTests" name="GetByKey_KnownKey_ReturnsEntityWithCorrectProperties (Data Row 1)" />
    </UnitTest>
    <UnitTest name="GetByKey_KnownKey_ReturnsEntityWithCorrectProperties (Data Row 2)" storage="f:\etwork\bin\tests\sysintgtests.icore.common.entities.dll" id="217dba29-4a17-4688-82cd-0b1c84117f3c">
      <TestCategory>
        <TestCategoryItem TestCategory="Entities" />
        <TestCategoryItem TestCategory="SystemIntegration" />
      </TestCategory>
      <Execution id="a44e3dcb-ae94-44d0-9421-acd7cf0c26d3" />
      <TestMethod codeBase="F:\ETWork\bin\Tests\SysIntgTests.iCore.Common.Entities.dll" adapterTypeName="Microsoft.VisualStudio.TestTools.TestTypes.Unit.UnitTestAdapter" className="SysIntgTests.iCore.Common.Entities.PartnerTests" name="GetByKey_KnownKey_ReturnsEntityWithCorrectProperties (Data Row 2)" />
    </UnitTest>
    <UnitTest name="GetByKey_KnownKey_ReturnsEntityWithCorrectProperties (Data Row 3)" storage="f:\etwork\bin\tests\sysintgtests.icore.common.entities.dll" id="2dcb56cf-9734-412e-a2d6-53cfb41a64db">
      <TestCategory>
        <TestCategoryItem TestCategory="Entities" />
        <TestCategoryItem TestCategory="SystemIntegration" />
      </TestCategory>
      <Execution id="dc371a18-166f-4aab-8a74-d85007114c3e" />
      <TestMethod codeBase="F:\ETWork\bin\Tests\SysIntgTests.iCore.Common.Entities.dll" adapterTypeName="Microsoft.VisualStudio.TestTools.TestTypes.Unit.UnitTestAdapter" className="SysIntgTests.iCore.Common.Entities.PartnerTests" name="GetByKey_KnownKey_ReturnsEntityWithCorrectProperties (Data Row 3)" />
    </UnitTest>
    <UnitTest name="GetByKey_UnsupportedKey_ThrowsArgumentException" storage="f:\etwork\bin\tests\sysintgtests.icore.common.entities.dll" id="b31d4b68-3e15-ba9d-2e27-21d097d1bac7">
      <TestCategory>
        <TestCategoryItem TestCategory="Entities" />
        <TestCategoryItem TestCategory="SystemIntegration" />
      </TestCategory>
      <Execution id="86ab588b-e521-4a46-a7c9-4e3a82310936" />
      <TestMethod codeBase="F:\ETWork\bin\Tests\SysIntgTests.iCore.Common.Entities.dll" adapterTypeName="Microsoft.VisualStudio.TestTools.TestTypes.Unit.UnitTestAdapter" className="SysIntgTests.iCore.Common.Entities.PartnerTests" name="GetByKey_UnsupportedKey_ThrowsArgumentException" />
    </UnitTest>
    <UnitTest name="GetSubEntityByKey_EnumerateValidSystemPartnerAttributeValues_SystemPartnerAttributValuesAreReturned" storage="f:\etwork\bin\tests\sysintgtests.icore.common.entities.dll" id="8a9b430c-9c89-2b4f-7293-bb046f7042c3">
      <TestCategory>
        <TestCategoryItem TestCategory="Entities" />
        <TestCategoryItem TestCategory="SystemIntegration" />
      </TestCategory>
      <Execution id="bd86d8bc-00a1-4398-bdb5-a44aeaf6e1ea" />
      <TestMethod codeBase="F:\ETWork\bin\Tests\SysIntgTests.iCore.Common.Entities.dll" adapterTypeName="Microsoft.VisualStudio.TestTools.TestTypes.Unit.UnitTestAdapter" className="SysIntgTests.iCore.Common.Entities.PartnerTests" name="GetSubEntityByKey_EnumerateValidSystemPartnerAttributeValues_SystemPartnerAttributValuesAreReturned" />
    </UnitTest>
    <UnitTest name="GetSubEntityByKey_EnumerateValidSystemPartnerGroupInstanceValues_SystemPartnerGroupInstanceValuesAreReturned" storage="f:\etwork\bin\tests\sysintgtests.icore.common.entities.dll" id="c8cb47cf-224b-da85-0c97-c179cbc1c990">
      <TestCategory>
        <TestCategoryItem TestCategory="Entities" />
        <TestCategoryItem TestCategory="SystemIntegration" />
      </TestCategory>
      <Execution id="791abe6a-ab52-4bcc-8a3a-5fdedaec4b20" />
      <TestMethod codeBase="F:\ETWork\bin\Tests\SysIntgTests.iCore.Common.Entities.dll" adapterTypeName="Microsoft.VisualStudio.TestTools.TestTypes.Unit.UnitTestAdapter" className="SysIntgTests.iCore.Common.Entities.PartnerTests" name="GetSubEntityByKey_EnumerateValidSystemPartnerGroupInstanceValues_SystemPartnerGroupInstanceValuesAreReturned" />
    </UnitTest>
    <UnitTest name="GetSubEntityByKey_EnumerateValidSystemPartnerIdentities_SystemPartnerIdentitiesAreReturned" storage="f:\etwork\bin\tests\sysintgtests.icore.common.entities.dll" id="59fc31cd-7496-5286-e3ee-324d719e3cec">
      <TestCategory>
        <TestCategoryItem TestCategory="Entities" />
        <TestCategoryItem TestCategory="SystemIntegration" />
      </TestCategory>
      <Execution id="ba180c76-2801-43b5-a992-380cf495676a" />
      <TestMethod codeBase="F:\ETWork\bin\Tests\SysIntgTests.iCore.Common.Entities.dll" adapterTypeName="Microsoft.VisualStudio.TestTools.TestTypes.Unit.UnitTestAdapter" className="SysIntgTests.iCore.Common.Entities.PartnerTests" name="GetSubEntityByKey_EnumerateValidSystemPartnerIdentities_SystemPartnerIdentitiesAreReturned" />
    </UnitTest>
    <UnitTest name="GetSubEntityByKey_InvokedWithInvalidPartnerAttributeValueId_EntityNotFoundExceptionIsThrown" storage="f:\etwork\bin\tests\sysintgtests.icore.common.entities.dll" id="46952ea8-9784-15d6-8555-a103361df48a">
      <TestCategory>
        <TestCategoryItem TestCategory="Entities" />
        <TestCategoryItem TestCategory="SystemIntegration" />
      </TestCategory>
      <Execution id="e5c288ad-8687-4612-9ca6-9b3b8b896ca3" />
      <TestMethod codeBase="F:\ETWork\bin\Tests\SysIntgTests.iCore.Common.Entities.dll" adapterTypeName="Microsoft.VisualStudio.TestTools.TestTypes.Unit.UnitTestAdapter" className="SysIntgTests.iCore.Common.Entities.PartnerTests" name="GetSubEntityByKey_InvokedWithInvalidPartnerAttributeValueId_EntityNotFoundExceptionIsThrown" />
    </UnitTest>
    <UnitTest name="GetSubEntityByKey_InvokedWithInvalidTypeId_ArgumentExceptionIsThrown" storage="f:\etwork\bin\tests\sysintgtests.icore.common.entities.dll" id="9f8771f3-8264-2a75-df2a-3d49d62ce34b">
      <TestCategory>
        <TestCategoryItem TestCategory="Entities" />
        <TestCategoryItem TestCategory="SystemIntegration" />
      </TestCategory>
      <Execution id="bef1db61-fecd-4bc0-8aa7-12ec2b8302f4" />
      <TestMethod codeBase="F:\ETWork\bin\Tests\SysIntgTests.iCore.Common.Entities.dll" adapterTypeName="Microsoft.VisualStudio.TestTools.TestTypes.Unit.UnitTestAdapter" className="SysIntgTests.iCore.Common.Entities.PartnerTests" name="GetSubEntityByKey_InvokedWithInvalidTypeId_ArgumentExceptionIsThrown" />
    </UnitTest>
    <UnitTest name="GetByIdentity_NonExistingIdentity_ThrowsEntityNotFoundException" storage="f:\etwork\bin\tests\sysintgtests.icore.common.entities.dll" id="d953acac-2bad-a08a-8e00-cd17dd4230e9">
      <TestCategory>
        <TestCategoryItem TestCategory="Entities" />
        <TestCategoryItem TestCategory="SystemIntegration" />
      </TestCategory>
      <Execution id="306dadeb-25f0-4fb3-bb11-a7438a08cd74" />
      <TestMethod codeBase="F:\ETWork\bin\Tests\SysIntgTests.iCore.Common.Entities.dll" adapterTypeName="Microsoft.VisualStudio.TestTools.TestTypes.Unit.UnitTestAdapter" className="SysIntgTests.iCore.Common.Entities.PartnerTests" name="GetByIdentity_NonExistingIdentity_ThrowsEntityNotFoundException" />
    </UnitTest>
    <UnitTest name="GetByIdentity_KnownPartnerName_ReturnsEntityWithCorrectProperties (Data Row 0)" storage="f:\etwork\bin\tests\sysintgtests.icore.common.entities.dll" id="b032a348-fe68-404a-8d37-4ab620bf5770">
      <TestCategory>
        <TestCategoryItem TestCategory="Entities" />
        <TestCategoryItem TestCategory="SystemIntegration" />
      </TestCategory>
      <Execution id="c57478a2-1e13-4267-8900-1d5e82bdc9ab" />
      <TestMethod codeBase="F:\ETWork\bin\Tests\SysIntgTests.iCore.Common.Entities.dll" adapterTypeName="Microsoft.VisualStudio.TestTools.TestTypes.Unit.UnitTestAdapter" className="SysIntgTests.iCore.Common.Entities.PartnerTests" name="GetByIdentity_KnownPartnerName_ReturnsEntityWithCorrectProperties (Data Row 0)" />
    </UnitTest>
    <UnitTest name="GetByIdentity_KnownPartnerName_ReturnsEntityWithCorrectProperties (Data Row 1)" storage="f:\etwork\bin\tests\sysintgtests.icore.common.entities.dll" id="1b7ad452-cdba-41ed-bbf1-d07b7a02958f">
      <TestCategory>
        <TestCategoryItem TestCategory="Entities" />
        <TestCategoryItem TestCategory="SystemIntegration" />
      </TestCategory>
      <Execution id="933e372f-3cc6-496b-80b0-477facb052a0" />
      <TestMethod codeBase="F:\ETWork\bin\Tests\SysIntgTests.iCore.Common.Entities.dll" adapterTypeName="Microsoft.VisualStudio.TestTools.TestTypes.Unit.UnitTestAdapter" className="SysIntgTests.iCore.Common.Entities.PartnerTests" name="GetByIdentity_KnownPartnerName_ReturnsEntityWithCorrectProperties (Data Row 1)" />
    </UnitTest>
    <UnitTest name="GetByIdentity_KnownPartnerName_ReturnsEntityWithCorrectProperties (Data Row 2)" storage="f:\etwork\bin\tests\sysintgtests.icore.common.entities.dll" id="db6aaa8f-b2e3-4c92-83ab-bceee9219c1c">
      <TestCategory>
        <TestCategoryItem TestCategory="Entities" />
        <TestCategoryItem TestCategory="SystemIntegration" />
      </TestCategory>
      <Execution id="16f6890e-e816-40bd-afc6-69f72848b948" />
      <TestMethod codeBase="F:\ETWork\bin\Tests\SysIntgTests.iCore.Common.Entities.dll" adapterTypeName="Microsoft.VisualStudio.TestTools.TestTypes.Unit.UnitTestAdapter" className="SysIntgTests.iCore.Common.Entities.PartnerTests" name="GetByIdentity_KnownPartnerName_ReturnsEntityWithCorrectProperties (Data Row 2)" />
    </UnitTest>
    <UnitTest name="GetByIdentity_KnownPartnerName_ReturnsEntityWithCorrectProperties (Data Row 3)" storage="f:\etwork\bin\tests\sysintgtests.icore.common.entities.dll" id="0db6b455-9366-4197-b7db-5f0ba89141da">
      <TestCategory>
        <TestCategoryItem TestCategory="Entities" />
        <TestCategoryItem TestCategory="SystemIntegration" />
      </TestCategory>
      <Execution id="5f5d2f37-80d2-4843-963c-ba3598d68e02" />
      <TestMethod codeBase="F:\ETWork\bin\Tests\SysIntgTests.iCore.Common.Entities.dll" adapterTypeName="Microsoft.VisualStudio.TestTools.TestTypes.Unit.UnitTestAdapter" className="SysIntgTests.iCore.Common.Entities.PartnerTests" name="GetByIdentity_KnownPartnerName_ReturnsEntityWithCorrectProperties (Data Row 3)" />
    </UnitTest>
    <UnitTest name="GetIdByIdentity_NonExistingName_ThrowsEntityNotFoundException" storage="f:\etwork\bin\tests\sysintgtests.icore.common.entities.dll" id="b761308f-12af-d425-234b-72da93f9d48b">
      <TestCategory>
        <TestCategoryItem TestCategory="Entities" />
        <TestCategoryItem TestCategory="SystemIntegration" />
      </TestCategory>
      <Execution id="113eca30-5488-4490-bd0e-81ee9eeb4465" />
      <TestMethod codeBase="F:\ETWork\bin\Tests\SysIntgTests.iCore.Common.Entities.dll" adapterTypeName="Microsoft.VisualStudio.TestTools.TestTypes.Unit.UnitTestAdapter" className="SysIntgTests.iCore.Common.Entities.PartnerTests" name="GetIdByIdentity_NonExistingName_ThrowsEntityNotFoundException" />
    </UnitTest>
    <UnitTest name="GetIdByIdentity_KnownPartnerName_ReturnsCorrectId (Data Row 0)" storage="f:\etwork\bin\tests\sysintgtests.icore.common.entities.dll" id="79569ca1-c4f1-405f-aa3c-b693c896d761">
      <TestCategory>
        <TestCategoryItem TestCategory="Entities" />
        <TestCategoryItem TestCategory="SystemIntegration" />
      </TestCategory>
      <Execution id="fea9182c-946b-43da-b2f0-26e38359d99b" />
      <TestMethod codeBase="F:\ETWork\bin\Tests\SysIntgTests.iCore.Common.Entities.dll" adapterTypeName="Microsoft.VisualStudio.TestTools.TestTypes.Unit.UnitTestAdapter" className="SysIntgTests.iCore.Common.Entities.PartnerTests" name="GetIdByIdentity_KnownPartnerName_ReturnsCorrectId (Data Row 0)" />
    </UnitTest>
    <UnitTest name="GetIdByIdentity_KnownPartnerName_ReturnsCorrectId (Data Row 1)" storage="f:\etwork\bin\tests\sysintgtests.icore.common.entities.dll" id="8a4e2f57-20cd-498d-a2af-d06f26d2ac82">
      <TestCategory>
        <TestCategoryItem TestCategory="Entities" />
        <TestCategoryItem TestCategory="SystemIntegration" />
      </TestCategory>
      <Execution id="6d27e6b1-39d4-4bc6-b333-23fbfbfb14de" />
      <TestMethod codeBase="F:\ETWork\bin\Tests\SysIntgTests.iCore.Common.Entities.dll" adapterTypeName="Microsoft.VisualStudio.TestTools.TestTypes.Unit.UnitTestAdapter" className="SysIntgTests.iCore.Common.Entities.PartnerTests" name="GetIdByIdentity_KnownPartnerName_ReturnsCorrectId (Data Row 1)" />
    </UnitTest>
    <UnitTest name="GetIdByIdentity_KnownPartnerName_ReturnsCorrectId (Data Row 2)" storage="f:\etwork\bin\tests\sysintgtests.icore.common.entities.dll" id="e728bd7c-b006-41d5-9497-61b7c5622ba1">
      <TestCategory>
        <TestCategoryItem TestCategory="Entities" />
        <TestCategoryItem TestCategory="SystemIntegration" />
      </TestCategory>
      <Execution id="a09b93e5-b0cb-4012-a16f-0a8b5ac0a074" />
      <TestMethod codeBase="F:\ETWork\bin\Tests\SysIntgTests.iCore.Common.Entities.dll" adapterTypeName="Microsoft.VisualStudio.TestTools.TestTypes.Unit.UnitTestAdapter" className="SysIntgTests.iCore.Common.Entities.PartnerTests" name="GetIdByIdentity_KnownPartnerName_ReturnsCorrectId (Data Row 2)" />
    </UnitTest>
    <UnitTest name="GetIdByIdentity_KnownPartnerName_ReturnsCorrectId (Data Row 3)" storage="f:\etwork\bin\tests\sysintgtests.icore.common.entities.dll" id="b6fcc84a-b4a3-4362-9e6c-283f8ad77e0d">
      <TestCategory>
        <TestCategoryItem TestCategory="Entities" />
        <TestCategoryItem TestCategory="SystemIntegration" />
      </TestCategory>
      <Execution id="67c8e80b-70dc-4170-afd3-1d70001fd672" />
      <TestMethod codeBase="F:\ETWork\bin\Tests\SysIntgTests.iCore.Common.Entities.dll" adapterTypeName="Microsoft.VisualStudio.TestTools.TestTypes.Unit.UnitTestAdapter" className="SysIntgTests.iCore.Common.Entities.PartnerTests" name="GetIdByIdentity_KnownPartnerName_ReturnsCorrectId (Data Row 3)" />
    </UnitTest>
    <UnitTest name="Add_NullName_ThrowsConditionalErrorException" storage="f:\etwork\bin\tests\sysintgtests.icore.common.entities.dll" id="74a651eb-218b-d1a2-4759-2efcebffdb3c">
      <TestCategory>
        <TestCategoryItem TestCategory="Entities" />
        <TestCategoryItem TestCategory="SystemIntegration" />
      </TestCategory>
      <Execution id="510cedbb-96d2-42eb-a07f-540d894c2a08" />
      <TestMethod codeBase="F:\ETWork\bin\Tests\SysIntgTests.iCore.Common.Entities.dll" adapterTypeName="Microsoft.VisualStudio.TestTools.TestTypes.Unit.UnitTestAdapter" className="SysIntgTests.iCore.Common.Entities.PartnerTests" name="Add_NullName_ThrowsConditionalErrorException" />
    </UnitTest>
    <UnitTest name="Add_EmptyName_ThrowsStringLengthErrorException" storage="f:\etwork\bin\tests\sysintgtests.icore.common.entities.dll" id="67a15be7-99e8-cde8-a332-8218e136ba92">
      <TestCategory>
        <TestCategoryItem TestCategory="Entities" />
        <TestCategoryItem TestCategory="SystemIntegration" />
      </TestCategory>
      <Execution id="7268edfb-49ab-4bd5-8df5-2a726a6d59c8" />
      <TestMethod codeBase="F:\ETWork\bin\Tests\SysIntgTests.iCore.Common.Entities.dll" adapterTypeName="Microsoft.VisualStudio.TestTools.TestTypes.Unit.UnitTestAdapter" className="SysIntgTests.iCore.Common.Entities.PartnerTests" name="Add_EmptyName_ThrowsStringLengthErrorException" />
    </UnitTest>
    <UnitTest name="Add_WhiteSpaceOnlyName_ThrowsStringLengthErrorException" storage="f:\etwork\bin\tests\sysintgtests.icore.common.entities.dll" id="d021a554-88ba-afa8-7472-cc2cfb3118f2">
      <TestCategory>
        <TestCategoryItem TestCategory="Entities" />
        <TestCategoryItem TestCategory="SystemIntegration" />
      </TestCategory>
      <Execution id="bb54ca10-5b4c-495d-b8f6-7014264df7e2" />
      <TestMethod codeBase="F:\ETWork\bin\Tests\SysIntgTests.iCore.Common.Entities.dll" adapterTypeName="Microsoft.VisualStudio.TestTools.TestTypes.Unit.UnitTestAdapter" className="SysIntgTests.iCore.Common.Entities.PartnerTests" name="Add_WhiteSpaceOnlyName_ThrowsStringLengthErrorException" />
    </UnitTest>
    <UnitTest name="Add_TooLongName_ThrowsStringLengthErrorException" storage="f:\etwork\bin\tests\sysintgtests.icore.common.entities.dll" id="c3a56a3e-f7ab-2d23-82b4-fe028a8961bf">
      <TestCategory>
        <TestCategoryItem TestCategory="Entities" />
        <TestCategoryItem TestCategory="SystemIntegration" />
      </TestCategory>
      <Execution id="47414f78-8681-464e-8887-55e00d4b9f73" />
      <TestMethod codeBase="F:\ETWork\bin\Tests\SysIntgTests.iCore.Common.Entities.dll" adapterTypeName="Microsoft.VisualStudio.TestTools.TestTypes.Unit.UnitTestAdapter" className="SysIntgTests.iCore.Common.Entities.PartnerTests" name="Add_TooLongName_ThrowsStringLengthErrorException" />
    </UnitTest>
    <UnitTest name="Add_LongDescription_Succeeds" storage="f:\etwork\bin\tests\sysintgtests.icore.common.entities.dll" id="4dd939d0-a1bf-6cf3-f38f-1783c26bb487">
      <TestCategory>
        <TestCategoryItem TestCategory="Entities" />
        <TestCategoryItem TestCategory="SystemIntegration" />
      </TestCategory>
      <Execution id="7a445462-6c9e-4a48-b15c-23dcebfaa895" />
      <TestMethod codeBase="F:\ETWork\bin\Tests\SysIntgTests.iCore.Common.Entities.dll" adapterTypeName="Microsoft.VisualStudio.TestTools.TestTypes.Unit.UnitTestAdapter" className="SysIntgTests.iCore.Common.Entities.PartnerTests" name="Add_LongDescription_Succeeds" />
    </UnitTest>
    <UnitTest name="Add_ValidProperties_IdAndTimesAreUpdatedCorrectly" storage="f:\etwork\bin\tests\sysintgtests.icore.common.entities.dll" id="0801c37b-9e40-0529-d5ff-42d802c891ba">
      <TestCategory>
        <TestCategoryItem TestCategory="Entities" />
        <TestCategoryItem TestCategory="SystemIntegration" />
      </TestCategory>
      <Execution id="9113947a-6704-4cdf-bb85-a343d8253d5c" />
      <TestMethod codeBase="F:\ETWork\bin\Tests\SysIntgTests.iCore.Common.Entities.dll" adapterTypeName="Microsoft.VisualStudio.TestTools.TestTypes.Unit.UnitTestAdapter" className="SysIntgTests.iCore.Common.Entities.PartnerTests" name="Add_ValidProperties_IdAndTimesAreUpdatedCorrectly" />
    </UnitTest>
    <UnitTest name="Add_ComplexProperties_ArePersistedCorrectly" storage="f:\etwork\bin\tests\sysintgtests.icore.common.entities.dll" id="9e1efe99-03d3-5b09-9270-86547c4f209c">
      <TestCategory>
        <TestCategoryItem TestCategory="Entities" />
        <TestCategoryItem TestCategory="SystemIntegration" />
      </TestCategory>
      <Execution id="d4d8c676-1da8-4f3f-9212-89dab80f791a" />
      <TestMethod codeBase="F:\ETWork\bin\Tests\SysIntgTests.iCore.Common.Entities.dll" adapterTypeName="Microsoft.VisualStudio.TestTools.TestTypes.Unit.UnitTestAdapter" className="SysIntgTests.iCore.Common.Entities.PartnerTests" name="Add_ComplexProperties_ArePersistedCorrectly" />
    </UnitTest>
    <UnitTest name="Add_DuplicateName_ThrowsUniqueValueAddConflictException" storage="f:\etwork\bin\tests\sysintgtests.icore.common.entities.dll" id="8ecb890a-bc86-c723-4aab-d68c7c4bbf4a">
      <TestCategory>
        <TestCategoryItem TestCategory="Entities" />
        <TestCategoryItem TestCategory="SystemIntegration" />
      </TestCategory>
      <Execution id="f08262d0-7f57-471c-b768-2ca2d84b73fe" />
      <TestMethod codeBase="F:\ETWork\bin\Tests\SysIntgTests.iCore.Common.Entities.dll" adapterTypeName="Microsoft.VisualStudio.TestTools.TestTypes.Unit.UnitTestAdapter" className="SysIntgTests.iCore.Common.Entities.PartnerTests" name="Add_DuplicateName_ThrowsUniqueValueAddConflictException" />
    </UnitTest>
    <UnitTest name="AddNoIdentity_ThrowsValidationErrorException" storage="f:\etwork\bin\tests\sysintgtests.icore.common.entities.dll" id="76625da6-b33d-3e6e-9daf-01ff905814da">
      <TestCategory>
        <TestCategoryItem TestCategory="Entities" />
        <TestCategoryItem TestCategory="SystemIntegration" />
      </TestCategory>
      <Execution id="549c0f60-cb4e-4678-9d24-39af8056bfea" />
      <TestMethod codeBase="F:\ETWork\bin\Tests\SysIntgTests.iCore.Common.Entities.dll" adapterTypeName="Microsoft.VisualStudio.TestTools.TestTypes.Unit.UnitTestAdapter" className="SysIntgTests.iCore.Common.Entities.PartnerTests" name="AddNoIdentity_ThrowsValidationErrorException" />
    </UnitTest>
    <UnitTest name="Add_ValidArguments_CorrectPartnerAdded" storage="f:\etwork\bin\tests\sysintgtests.icore.common.entities.dll" id="b07bec23-900b-6ee3-aa28-e86c712060fa">
      <TestCategory>
        <TestCategoryItem TestCategory="Entities" />
        <TestCategoryItem TestCategory="SystemIntegration" />
      </TestCategory>
      <Execution id="a3790406-a079-423e-809f-638275ad81e0" />
      <TestMethod codeBase="F:\ETWork\bin\Tests\SysIntgTests.iCore.Common.Entities.dll" adapterTypeName="Microsoft.VisualStudio.TestTools.TestTypes.Unit.UnitTestAdapter" className="SysIntgTests.iCore.Common.Entities.PartnerTests" name="Add_ValidArguments_CorrectPartnerAdded" />
    </UnitTest>
    <UnitTest name="Add_AttributeGroupsIsNull_CorrectPartnerAdded" storage="f:\etwork\bin\tests\sysintgtests.icore.common.entities.dll" id="36e3b0d9-002b-567a-7f18-e430ef449c80">
      <TestCategory>
        <TestCategoryItem TestCategory="Entities" />
        <TestCategoryItem TestCategory="SystemIntegration" />
      </TestCategory>
      <Execution id="9c18c4cc-60c9-46c1-ad01-5dd418b2e6d2" />
      <TestMethod codeBase="F:\ETWork\bin\Tests\SysIntgTests.iCore.Common.Entities.dll" adapterTypeName="Microsoft.VisualStudio.TestTools.TestTypes.Unit.UnitTestAdapter" className="SysIntgTests.iCore.Common.Entities.PartnerTests" name="Add_AttributeGroupsIsNull_CorrectPartnerAdded" />
    </UnitTest>
    <UnitTest name="Add_AttributeGroupsIsEmpty_CorrectPartnerAdded" storage="f:\etwork\bin\tests\sysintgtests.icore.common.entities.dll" id="c71f598e-a2f3-69a1-d439-533d9d176abb">
      <TestCategory>
        <TestCategoryItem TestCategory="Entities" />
        <TestCategoryItem TestCategory="SystemIntegration" />
      </TestCategory>
      <Execution id="70802a55-a6dd-497c-b90f-01828b3df5de" />
      <TestMethod codeBase="F:\ETWork\bin\Tests\SysIntgTests.iCore.Common.Entities.dll" adapterTypeName="Microsoft.VisualStudio.TestTools.TestTypes.Unit.UnitTestAdapter" className="SysIntgTests.iCore.Common.Entities.PartnerTests" name="Add_AttributeGroupsIsEmpty_CorrectPartnerAdded" />
    </UnitTest>
    <UnitTest name="Add_NonExistentAttributeGroup_ThrowsEntityNotFoundException" storage="f:\etwork\bin\tests\sysintgtests.icore.common.entities.dll" id="a0230e2f-f8ea-fe67-6b2f-5b958af3ec03">
      <TestCategory>
        <TestCategoryItem TestCategory="Entities" />
        <TestCategoryItem TestCategory="SystemIntegration" />
      </TestCategory>
      <Execution id="7a631763-68ce-4080-946b-6b44d4fb4744" />
      <TestMethod codeBase="F:\ETWork\bin\Tests\SysIntgTests.iCore.Common.Entities.dll" adapterTypeName="Microsoft.VisualStudio.TestTools.TestTypes.Unit.UnitTestAdapter" className="SysIntgTests.iCore.Common.Entities.PartnerTests" name="Add_NonExistentAttributeGroup_ThrowsEntityNotFoundException" />
    </UnitTest>
    <UnitTest name="Copy_ValidArgumentsAndCopyValuesIsTrue_CorrectPartnerAdded" storage="f:\etwork\bin\tests\sysintgtests.icore.common.entities.dll" id="27c44be9-bfcf-7356-639c-9d05d33e1e94">
      <TestCategory>
        <TestCategoryItem TestCategory="Entities" />
        <TestCategoryItem TestCategory="SystemIntegration" />
      </TestCategory>
      <Execution id="f83172eb-d520-47b7-ae5e-23c497a27572" />
      <TestMethod codeBase="F:\ETWork\bin\Tests\SysIntgTests.iCore.Common.Entities.dll" adapterTypeName="Microsoft.VisualStudio.TestTools.TestTypes.Unit.UnitTestAdapter" className="SysIntgTests.iCore.Common.Entities.PartnerTests" name="Copy_ValidArgumentsAndCopyValuesIsTrue_CorrectPartnerAdded" />
    </UnitTest>
    <UnitTest name="Copy_ValidArgumentsAndCopyValuesIsFalse_CorrectPartnerAdded" storage="f:\etwork\bin\tests\sysintgtests.icore.common.entities.dll" id="2201e9b2-2add-f97f-78a9-f510ae67ae80">
      <TestCategory>
        <TestCategoryItem TestCategory="Entities" />
        <TestCategoryItem TestCategory="SystemIntegration" />
      </TestCategory>
      <Execution id="5b8d0609-ea71-48f3-8db3-061470d93cee" />
      <TestMethod codeBase="F:\ETWork\bin\Tests\SysIntgTests.iCore.Common.Entities.dll" adapterTypeName="Microsoft.VisualStudio.TestTools.TestTypes.Unit.UnitTestAdapter" className="SysIntgTests.iCore.Common.Entities.PartnerTests" name="Copy_ValidArgumentsAndCopyValuesIsFalse_CorrectPartnerAdded" />
    </UnitTest>
    <UnitTest name="Copy_TemplatePartnerIsNoneAndCopyValuesIsTrue_CorrectPartnerAdded" storage="f:\etwork\bin\tests\sysintgtests.icore.common.entities.dll" id="18f629ed-a752-461b-356b-549e78514e95">
      <TestCategory>
        <TestCategoryItem TestCategory="Entities" />
        <TestCategoryItem TestCategory="SystemIntegration" />
      </TestCategory>
      <Execution id="44387ce4-2ba0-4811-b669-cd8e6ad60fe0" />
      <TestMethod codeBase="F:\ETWork\bin\Tests\SysIntgTests.iCore.Common.Entities.dll" adapterTypeName="Microsoft.VisualStudio.TestTools.TestTypes.Unit.UnitTestAdapter" className="SysIntgTests.iCore.Common.Entities.PartnerTests" name="Copy_TemplatePartnerIsNoneAndCopyValuesIsTrue_CorrectPartnerAdded" />
    </UnitTest>
    <UnitTest name="Copy_TemplatePartnerIsNoneAndCopyValuesIsFalse_CorrectPartnerAdded" storage="f:\etwork\bin\tests\sysintgtests.icore.common.entities.dll" id="c6d8090e-5e32-5bae-a229-85c612db50e4">
      <TestCategory>
        <TestCategoryItem TestCategory="Entities" />
        <TestCategoryItem TestCategory="SystemIntegration" />
      </TestCategory>
      <Execution id="94143913-1395-486f-990c-15afd2693a05" />
      <TestMethod codeBase="F:\ETWork\bin\Tests\SysIntgTests.iCore.Common.Entities.dll" adapterTypeName="Microsoft.VisualStudio.TestTools.TestTypes.Unit.UnitTestAdapter" className="SysIntgTests.iCore.Common.Entities.PartnerTests" name="Copy_TemplatePartnerIsNoneAndCopyValuesIsFalse_CorrectPartnerAdded" />
    </UnitTest>
    <UnitTest name="Copy_TemplatePartnerDoesNotExist_Throws" storage="f:\etwork\bin\tests\sysintgtests.icore.common.entities.dll" id="882299fa-666c-cbcd-6735-1d977b8c1207">
      <TestCategory>
        <TestCategoryItem TestCategory="Entities" />
        <TestCategoryItem TestCategory="SystemIntegration" />
      </TestCategory>
      <Execution id="58d5ddc5-b1ec-4976-97cf-0b21379666d0" />
      <TestMethod codeBase="F:\ETWork\bin\Tests\SysIntgTests.iCore.Common.Entities.dll" adapterTypeName="Microsoft.VisualStudio.TestTools.TestTypes.Unit.UnitTestAdapter" className="SysIntgTests.iCore.Common.Entities.PartnerTests" name="Copy_TemplatePartnerDoesNotExist_Throws" />
    </UnitTest>
    <UnitTest name="Copy_NameIsEmpty_Throws" storage="f:\etwork\bin\tests\sysintgtests.icore.common.entities.dll" id="4c8791c0-6f73-4618-02bf-f971d023ed0d">
      <TestCategory>
        <TestCategoryItem TestCategory="Entities" />
        <TestCategoryItem TestCategory="SystemIntegration" />
      </TestCategory>
      <Execution id="a2645056-8fba-4e5e-9cac-f6bbe371d8e9" />
      <TestMethod codeBase="F:\ETWork\bin\Tests\SysIntgTests.iCore.Common.Entities.dll" adapterTypeName="Microsoft.VisualStudio.TestTools.TestTypes.Unit.UnitTestAdapter" className="SysIntgTests.iCore.Common.Entities.PartnerTests" name="Copy_NameIsEmpty_Throws" />
    </UnitTest>
    <UnitTest name="Copy_IdentityIsEmpty_Throws" storage="f:\etwork\bin\tests\sysintgtests.icore.common.entities.dll" id="1d15053b-8fce-2709-c385-b56744a4b521">
      <TestCategory>
        <TestCategoryItem TestCategory="Entities" />
        <TestCategoryItem TestCategory="SystemIntegration" />
      </TestCategory>
      <Execution id="6b9bfd11-1511-4773-8caa-0d148172f841" />
      <TestMethod codeBase="F:\ETWork\bin\Tests\SysIntgTests.iCore.Common.Entities.dll" adapterTypeName="Microsoft.VisualStudio.TestTools.TestTypes.Unit.UnitTestAdapter" className="SysIntgTests.iCore.Common.Entities.PartnerTests" name="Copy_IdentityIsEmpty_Throws" />
    </UnitTest>
    <UnitTest name="AddAttributes_ValidArgumentsAnd2Attributes_AttributesAdded" storage="f:\etwork\bin\tests\sysintgtests.icore.common.entities.dll" id="6b5bd225-dda7-9ae4-f1d8-dc04dc441a3e">
      <TestCategory>
        <TestCategoryItem TestCategory="Entities" />
        <TestCategoryItem TestCategory="SystemIntegration" />
      </TestCategory>
      <Execution id="6c339dca-e423-4982-a8fe-28260e255595" />
      <TestMethod codeBase="F:\ETWork\bin\Tests\SysIntgTests.iCore.Common.Entities.dll" adapterTypeName="Microsoft.VisualStudio.TestTools.TestTypes.Unit.UnitTestAdapter" className="SysIntgTests.iCore.Common.Entities.PartnerTests" name="AddAttributes_ValidArgumentsAnd2Attributes_AttributesAdded" />
    </UnitTest>
    <UnitTest name="AddAttributes_ValidArgumentsAnd1Attribute_AttributesAdded" storage="f:\etwork\bin\tests\sysintgtests.icore.common.entities.dll" id="bae1e4e6-07db-2781-184e-d6912e1b843d">
      <TestCategory>
        <TestCategoryItem TestCategory="Entities" />
        <TestCategoryItem TestCategory="SystemIntegration" />
      </TestCategory>
      <Execution id="5eec88a6-f20c-4278-a079-e9ccdf35de00" />
      <TestMethod codeBase="F:\ETWork\bin\Tests\SysIntgTests.iCore.Common.Entities.dll" adapterTypeName="Microsoft.VisualStudio.TestTools.TestTypes.Unit.UnitTestAdapter" className="SysIntgTests.iCore.Common.Entities.PartnerTests" name="AddAttributes_ValidArgumentsAnd1Attribute_AttributesAdded" />
    </UnitTest>
    <UnitTest name="AddAttributes_ValidArgumentsAndNoAttributes_NoAttributesAdded" storage="f:\etwork\bin\tests\sysintgtests.icore.common.entities.dll" id="8d9516aa-8343-ca22-9e6f-4bde714c2b34">
      <TestCategory>
        <TestCategoryItem TestCategory="Entities" />
        <TestCategoryItem TestCategory="SystemIntegration" />
      </TestCategory>
      <Execution id="5ba1d908-e320-4e9c-b64b-92263c685fe4" />
      <TestMethod codeBase="F:\ETWork\bin\Tests\SysIntgTests.iCore.Common.Entities.dll" adapterTypeName="Microsoft.VisualStudio.TestTools.TestTypes.Unit.UnitTestAdapter" className="SysIntgTests.iCore.Common.Entities.PartnerTests" name="AddAttributes_ValidArgumentsAndNoAttributes_NoAttributesAdded" />
    </UnitTest>
    <UnitTest name="AddAttributes_ValidArgumentsAndNullAttributes_NoAttributesAdded" storage="f:\etwork\bin\tests\sysintgtests.icore.common.entities.dll" id="09563ca9-7068-0549-0b0f-fd0473babf14">
      <TestCategory>
        <TestCategoryItem TestCategory="Entities" />
        <TestCategoryItem TestCategory="SystemIntegration" />
      </TestCategory>
      <Execution id="657f691f-2912-4827-aa4b-e30566926400" />
      <TestMethod codeBase="F:\ETWork\bin\Tests\SysIntgTests.iCore.Common.Entities.dll" adapterTypeName="Microsoft.VisualStudio.TestTools.TestTypes.Unit.UnitTestAdapter" className="SysIntgTests.iCore.Common.Entities.PartnerTests" name="AddAttributes_ValidArgumentsAndNullAttributes_NoAttributesAdded" />
    </UnitTest>
    <UnitTest name="AddAttributes_NonExistentAttribute_ThrowsEntityNotFoundException" storage="f:\etwork\bin\tests\sysintgtests.icore.common.entities.dll" id="17ef67d7-3951-49b9-f548-41fc478543cc">
      <TestCategory>
        <TestCategoryItem TestCategory="Entities" />
        <TestCategoryItem TestCategory="SystemIntegration" />
      </TestCategory>
      <Execution id="8f670616-36d6-48e1-b510-5fb6b0081509" />
      <TestMethod codeBase="F:\ETWork\bin\Tests\SysIntgTests.iCore.Common.Entities.dll" adapterTypeName="Microsoft.VisualStudio.TestTools.TestTypes.Unit.UnitTestAdapter" className="SysIntgTests.iCore.Common.Entities.PartnerTests" name="AddAttributes_NonExistentAttribute_ThrowsEntityNotFoundException" />
    </UnitTest>
    <UnitTest name="AddAttributes_NonExistentPartner_ThrowsEntityNotFoundException" storage="f:\etwork\bin\tests\sysintgtests.icore.common.entities.dll" id="95ccfca1-e6f6-e940-b594-da1db25dbdee">
      <TestCategory>
        <TestCategoryItem TestCategory="Entities" />
        <TestCategoryItem TestCategory="SystemIntegration" />
      </TestCategory>
      <Execution id="d82549dc-d09c-4277-9d44-fcd7d285aaf6" />
      <TestMethod codeBase="F:\ETWork\bin\Tests\SysIntgTests.iCore.Common.Entities.dll" adapterTypeName="Microsoft.VisualStudio.TestTools.TestTypes.Unit.UnitTestAdapter" className="SysIntgTests.iCore.Common.Entities.PartnerTests" name="AddAttributes_NonExistentPartner_ThrowsEntityNotFoundException" />
    </UnitTest>
    <UnitTest name="AddAttributes_PartnerNoneAnd1Attribute_ThrowsArgumentException" storage="f:\etwork\bin\tests\sysintgtests.icore.common.entities.dll" id="3256876c-3f35-fd1c-52b9-34fdaa589b3a">
      <TestCategory>
        <TestCategoryItem TestCategory="Entities" />
        <TestCategoryItem TestCategory="SystemIntegration" />
      </TestCategory>
      <Execution id="7a4129d8-3e2c-42bf-acc3-da550fd2bef0" />
      <TestMethod codeBase="F:\ETWork\bin\Tests\SysIntgTests.iCore.Common.Entities.dll" adapterTypeName="Microsoft.VisualStudio.TestTools.TestTypes.Unit.UnitTestAdapter" className="SysIntgTests.iCore.Common.Entities.PartnerTests" name="AddAttributes_PartnerNoneAnd1Attribute_ThrowsArgumentException" />
    </UnitTest>
    <UnitTest name="AddAttributes_ProtectedAttributeAndSystemSetToEncrypt_AttributesValueAddedEncryped" storage="f:\etwork\bin\tests\sysintgtests.icore.common.entities.dll" id="b3613f5e-546b-71d0-69df-e2a71a950579">
      <TestCategory>
        <TestCategoryItem TestCategory="Entities" />
        <TestCategoryItem TestCategory="SystemIntegration" />
      </TestCategory>
      <Execution id="2501cb1c-244e-4011-a28e-e8e8b3c8225c" />
      <TestMethod codeBase="F:\ETWork\bin\Tests\SysIntgTests.iCore.Common.Entities.dll" adapterTypeName="Microsoft.VisualStudio.TestTools.TestTypes.Unit.UnitTestAdapter" className="SysIntgTests.iCore.Common.Entities.PartnerTests" name="AddAttributes_ProtectedAttributeAndSystemSetToEncrypt_AttributesValueAddedEncryped" />
    </UnitTest>
    <UnitTest name="IsProtectedChangedToTrueOnAttributeType_SystemSetToEncrypt_AttributesValueEncrypted" storage="f:\etwork\bin\tests\sysintgtests.icore.common.entities.dll" id="e596dea5-5871-d1ce-fc76-b8a3b1f69bd6">
      <TestCategory>
        <TestCategoryItem TestCategory="Entities" />
        <TestCategoryItem TestCategory="SystemIntegration" />
      </TestCategory>
      <Execution id="fb14cc8e-1c44-415c-981d-26e1cf12388e" />
      <TestMethod codeBase="F:\ETWork\bin\Tests\SysIntgTests.iCore.Common.Entities.dll" adapterTypeName="Microsoft.VisualStudio.TestTools.TestTypes.Unit.UnitTestAdapter" className="SysIntgTests.iCore.Common.Entities.PartnerTests" name="IsProtectedChangedToTrueOnAttributeType_SystemSetToEncrypt_AttributesValueEncrypted" />
    </UnitTest>
    <UnitTest name="IsProtectedChangedToFalseOnAttributeType_SystemSetToEncrypt_AttributesValuesDecrypted" storage="f:\etwork\bin\tests\sysintgtests.icore.common.entities.dll" id="137f7dd9-6150-fe4d-ee6b-928d7279072a">
      <TestCategory>
        <TestCategoryItem TestCategory="Entities" />
        <TestCategoryItem TestCategory="SystemIntegration" />
      </TestCategory>
      <Execution id="58a0ee37-5f0b-448c-9684-5e4efbd2a699" />
      <TestMethod codeBase="F:\ETWork\bin\Tests\SysIntgTests.iCore.Common.Entities.dll" adapterTypeName="Microsoft.VisualStudio.TestTools.TestTypes.Unit.UnitTestAdapter" className="SysIntgTests.iCore.Common.Entities.PartnerTests" name="IsProtectedChangedToFalseOnAttributeType_SystemSetToEncrypt_AttributesValuesDecrypted" />
    </UnitTest>
    <UnitTest name="IsProtectedResetToFalseOnAttributeType_SystemSetToEncrypt_AttributesValueEncrypted" storage="f:\etwork\bin\tests\sysintgtests.icore.common.entities.dll" id="15dd62d3-6b80-c663-b9a8-bba97c91a042">
      <TestCategory>
        <TestCategoryItem TestCategory="Entities" />
        <TestCategoryItem TestCategory="SystemIntegration" />
      </TestCategory>
      <Execution id="dadda732-02fe-4fe3-b1ca-5c1f41044558" />
      <TestMethod codeBase="F:\ETWork\bin\Tests\SysIntgTests.iCore.Common.Entities.dll" adapterTypeName="Microsoft.VisualStudio.TestTools.TestTypes.Unit.UnitTestAdapter" className="SysIntgTests.iCore.Common.Entities.PartnerTests" name="IsProtectedResetToFalseOnAttributeType_SystemSetToEncrypt_AttributesValueEncrypted" />
    </UnitTest>
    <UnitTest name="Update_NullName_ThrowsConditionalErrorException" storage="f:\etwork\bin\tests\sysintgtests.icore.common.entities.dll" id="1465538f-7aa7-cb4f-9a9f-dc9059fed05d">
      <TestCategory>
        <TestCategoryItem TestCategory="Entities" />
        <TestCategoryItem TestCategory="SystemIntegration" />
      </TestCategory>
      <Execution id="80eeab72-55cb-407a-9eeb-b8eddec4c5ec" />
      <TestMethod codeBase="F:\ETWork\bin\Tests\SysIntgTests.iCore.Common.Entities.dll" adapterTypeName="Microsoft.VisualStudio.TestTools.TestTypes.Unit.UnitTestAdapter" className="SysIntgTests.iCore.Common.Entities.PartnerTests" name="Update_NullName_ThrowsConditionalErrorException" />
    </UnitTest>
    <UnitTest name="Update_EmtpyName_ThrowsStringLengthErrorException" storage="f:\etwork\bin\tests\sysintgtests.icore.common.entities.dll" id="4dc7a6d2-42ec-a49b-2be4-44bf32e622e6">
      <TestCategory>
        <TestCategoryItem TestCategory="Entities" />
        <TestCategoryItem TestCategory="SystemIntegration" />
      </TestCategory>
      <Execution id="2ac30654-cac3-4510-b5a6-73bfe497a4c9" />
      <TestMethod codeBase="F:\ETWork\bin\Tests\SysIntgTests.iCore.Common.Entities.dll" adapterTypeName="Microsoft.VisualStudio.TestTools.TestTypes.Unit.UnitTestAdapter" className="SysIntgTests.iCore.Common.Entities.PartnerTests" name="Update_EmtpyName_ThrowsStringLengthErrorException" />
    </UnitTest>
    <UnitTest name="Update_WhitespaceOnlyName_ThrowsStringLengthErrorException" storage="f:\etwork\bin\tests\sysintgtests.icore.common.entities.dll" id="b0ef61a4-cae3-5023-a11b-fac2f20aee3f">
      <TestCategory>
        <TestCategoryItem TestCategory="Entities" />
        <TestCategoryItem TestCategory="SystemIntegration" />
      </TestCategory>
      <Execution id="41e4d92a-7993-4362-b865-7aaf6b6af239" />
      <TestMethod codeBase="F:\ETWork\bin\Tests\SysIntgTests.iCore.Common.Entities.dll" adapterTypeName="Microsoft.VisualStudio.TestTools.TestTypes.Unit.UnitTestAdapter" className="SysIntgTests.iCore.Common.Entities.PartnerTests" name="Update_WhitespaceOnlyName_ThrowsStringLengthErrorException" />
    </UnitTest>
    <UnitTest name="Update_TooLongName_ThrowsStringLengthErrorException" storage="f:\etwork\bin\tests\sysintgtests.icore.common.entities.dll" id="9787c482-14d0-b7b0-ed5a-9fd6524262b8">
      <TestCategory>
        <TestCategoryItem TestCategory="Entities" />
        <TestCategoryItem TestCategory="SystemIntegration" />
      </TestCategory>
      <Execution id="9d996db2-6f54-40d3-b45c-b9ee63c61472" />
      <TestMethod codeBase="F:\ETWork\bin\Tests\SysIntgTests.iCore.Common.Entities.dll" adapterTypeName="Microsoft.VisualStudio.TestTools.TestTypes.Unit.UnitTestAdapter" className="SysIntgTests.iCore.Common.Entities.PartnerTests" name="Update_TooLongName_ThrowsStringLengthErrorException" />
    </UnitTest>
    <UnitTest name="Update_LongDescription_Succeeds" storage="f:\etwork\bin\tests\sysintgtests.icore.common.entities.dll" id="e83c5634-d231-98c5-c710-75b8518b2c7a">
      <TestCategory>
        <TestCategoryItem TestCategory="Entities" />
        <TestCategoryItem TestCategory="SystemIntegration" />
      </TestCategory>
      <Execution id="465c93ff-d85c-417c-a478-d48cb24e9386" />
      <TestMethod codeBase="F:\ETWork\bin\Tests\SysIntgTests.iCore.Common.Entities.dll" adapterTypeName="Microsoft.VisualStudio.TestTools.TestTypes.Unit.UnitTestAdapter" className="SysIntgTests.iCore.Common.Entities.PartnerTests" name="Update_LongDescription_Succeeds" />
    </UnitTest>
    <UnitTest name="Update_DuplicateName_ThrowsUniqueValueAddConflictException" storage="f:\etwork\bin\tests\sysintgtests.icore.common.entities.dll" id="07ff3db5-21c0-ca15-2b71-1bd3515ab03f">
      <TestCategory>
        <TestCategoryItem TestCategory="Entities" />
        <TestCategoryItem TestCategory="SystemIntegration" />
      </TestCategory>
      <Execution id="b12b11ba-0220-4558-94c4-290e5fc8263b" />
      <TestMethod codeBase="F:\ETWork\bin\Tests\SysIntgTests.iCore.Common.Entities.dll" adapterTypeName="Microsoft.VisualStudio.TestTools.TestTypes.Unit.UnitTestAdapter" className="SysIntgTests.iCore.Common.Entities.PartnerTests" name="Update_DuplicateName_ThrowsUniqueValueAddConflictException" />
    </UnitTest>
    <UnitTest name="Update_ComplexProperties_ArePersistedCorrectly" storage="f:\etwork\bin\tests\sysintgtests.icore.common.entities.dll" id="3c93cd23-94c5-f8ce-49bd-bd1d4da37b98">
      <TestCategory>
        <TestCategoryItem TestCategory="Entities" />
        <TestCategoryItem TestCategory="SystemIntegration" />
      </TestCategory>
      <Execution id="2bc09a22-7191-4b16-8770-4a2757df42fa" />
      <TestMethod codeBase="F:\ETWork\bin\Tests\SysIntgTests.iCore.Common.Entities.dll" adapterTypeName="Microsoft.VisualStudio.TestTools.TestTypes.Unit.UnitTestAdapter" className="SysIntgTests.iCore.Common.Entities.PartnerTests" name="Update_ComplexProperties_ArePersistedCorrectly" />
    </UnitTest>
    <UnitTest name="Update_UnchangedName_Succeeds" storage="f:\etwork\bin\tests\sysintgtests.icore.common.entities.dll" id="181226fc-a990-4f90-9e4b-78c72006c8d4">
      <TestCategory>
        <TestCategoryItem TestCategory="Entities" />
        <TestCategoryItem TestCategory="SystemIntegration" />
      </TestCategory>
      <Execution id="6c8ee004-b7e7-47f9-8ac3-e2103098c46a" />
      <TestMethod codeBase="F:\ETWork\bin\Tests\SysIntgTests.iCore.Common.Entities.dll" adapterTypeName="Microsoft.VisualStudio.TestTools.TestTypes.Unit.UnitTestAdapter" className="SysIntgTests.iCore.Common.Entities.PartnerTests" name="Update_UnchangedName_Succeeds" />
    </UnitTest>
    <UnitTest name="Update_ProtectedAttributesValueChandedAndSystemSetToEncrypt_AttributesValueEncryped" storage="f:\etwork\bin\tests\sysintgtests.icore.common.entities.dll" id="7fac8de0-f2de-c0e3-3e1b-653656e3cd1b">
      <TestCategory>
        <TestCategoryItem TestCategory="Entities" />
        <TestCategoryItem TestCategory="SystemIntegration" />
      </TestCategory>
      <Execution id="c1389486-043c-4dea-af56-9c25b8817f6b" />
      <TestMethod codeBase="F:\ETWork\bin\Tests\SysIntgTests.iCore.Common.Entities.dll" adapterTypeName="Microsoft.VisualStudio.TestTools.TestTypes.Unit.UnitTestAdapter" className="SysIntgTests.iCore.Common.Entities.PartnerTests" name="Update_ProtectedAttributesValueChandedAndSystemSetToEncrypt_AttributesValueEncryped" />
    </UnitTest>
    <UnitTest name="Delete_ExistingDeletablePartner_SuccessfullyDeletesPartner" storage="f:\etwork\bin\tests\sysintgtests.icore.common.entities.dll" id="8337a32a-ca7b-1d55-1ac5-09bbc62c7a2a">
      <TestCategory>
        <TestCategoryItem TestCategory="Entities" />
        <TestCategoryItem TestCategory="SystemIntegration" />
      </TestCategory>
      <Execution id="7938f548-30d6-436c-96ad-f36e94cd0cfd" />
      <TestMethod codeBase="F:\ETWork\bin\Tests\SysIntgTests.iCore.Common.Entities.dll" adapterTypeName="Microsoft.VisualStudio.TestTools.TestTypes.Unit.UnitTestAdapter" className="SysIntgTests.iCore.Common.Entities.PartnerTests" name="Delete_ExistingDeletablePartner_SuccessfullyDeletesPartner" />
    </UnitTest>
    <UnitTest name="Delete_NonExistingId_ThrowsEntityNotFoundException" storage="f:\etwork\bin\tests\sysintgtests.icore.common.entities.dll" id="5f38b2ba-f839-1e32-28ca-10578739e1d4">
      <TestCategory>
        <TestCategoryItem TestCategory="Entities" />
        <TestCategoryItem TestCategory="SystemIntegration" />
      </TestCategory>
      <Execution id="00091171-c069-4531-a6a6-0ec5a5df35b5" />
      <TestMethod codeBase="F:\ETWork\bin\Tests\SysIntgTests.iCore.Common.Entities.dll" adapterTypeName="Microsoft.VisualStudio.TestTools.TestTypes.Unit.UnitTestAdapter" className="SysIntgTests.iCore.Common.Entities.PartnerTests" name="Delete_NonExistingId_ThrowsEntityNotFoundException" />
    </UnitTest>
    <UnitTest name="Delete_UnusedPartner_SuccessfullyDeletesPartner" storage="f:\etwork\bin\tests\sysintgtests.icore.common.entities.dll" id="85265aff-8e65-857c-0618-c5c441d91c5b">
      <TestCategory>
        <TestCategoryItem TestCategory="Entities" />
        <TestCategoryItem TestCategory="SystemIntegration" />
      </TestCategory>
      <Execution id="897afe3b-d07c-493f-9fa1-0d5da7bafae4" />
      <TestMethod codeBase="F:\ETWork\bin\Tests\SysIntgTests.iCore.Common.Entities.dll" adapterTypeName="Microsoft.VisualStudio.TestTools.TestTypes.Unit.UnitTestAdapter" className="SysIntgTests.iCore.Common.Entities.PartnerTests" name="Delete_UnusedPartner_SuccessfullyDeletesPartner" />
    </UnitTest>
    <UnitTest name="Delete_UsedPartner_ThrowsEntityDependencyException" storage="f:\etwork\bin\tests\sysintgtests.icore.common.entities.dll" id="916ebb41-20f0-c334-4783-4017b878ba0d">
      <TestCategory>
        <TestCategoryItem TestCategory="Entities" />
        <TestCategoryItem TestCategory="SystemIntegration" />
      </TestCategory>
      <Execution id="567cf2af-06db-4e57-b583-22ba3744404d" />
      <TestMethod codeBase="F:\ETWork\bin\Tests\SysIntgTests.iCore.Common.Entities.dll" adapterTypeName="Microsoft.VisualStudio.TestTools.TestTypes.Unit.UnitTestAdapter" className="SysIntgTests.iCore.Common.Entities.PartnerTests" name="Delete_UsedPartner_ThrowsEntityDependencyException" />
    </UnitTest>
    <UnitTest name="GetAttributeValue_ExistingIntegerAttributeWithObjectGenericTypeArgument_ReturnsCorrectValue" storage="f:\etwork\bin\tests\sysintgtests.icore.common.entities.dll" id="eba08974-490b-4efb-2e38-f0a8c4afd459">
      <TestCategory>
        <TestCategoryItem TestCategory="Entities" />
        <TestCategoryItem TestCategory="SystemIntegration" />
      </TestCategory>
      <Execution id="3b86e39c-3e3d-4a72-9b51-9ec7e2977fda" />
      <TestMethod codeBase="F:\ETWork\bin\Tests\SysIntgTests.iCore.Common.Entities.dll" adapterTypeName="Microsoft.VisualStudio.TestTools.TestTypes.Unit.UnitTestAdapter" className="SysIntgTests.iCore.Common.Entities.PartnerTests" name="GetAttributeValue_ExistingIntegerAttributeWithObjectGenericTypeArgument_ReturnsCorrectValue" />
    </UnitTest>
    <UnitTest name="GetAttributeValue_ExistingIntegerAttributeWithIntegerGenericTypeArgument_ReturnsCorrectValue" storage="f:\etwork\bin\tests\sysintgtests.icore.common.entities.dll" id="8e76fa30-8ab9-db77-f72b-88287e407dd8">
      <TestCategory>
        <TestCategoryItem TestCategory="Entities" />
        <TestCategoryItem TestCategory="SystemIntegration" />
      </TestCategory>
      <Execution id="40e50759-4eac-46f5-aba5-912ec38b8929" />
      <TestMethod codeBase="F:\ETWork\bin\Tests\SysIntgTests.iCore.Common.Entities.dll" adapterTypeName="Microsoft.VisualStudio.TestTools.TestTypes.Unit.UnitTestAdapter" className="SysIntgTests.iCore.Common.Entities.PartnerTests" name="GetAttributeValue_ExistingIntegerAttributeWithIntegerGenericTypeArgument_ReturnsCorrectValue" />
    </UnitTest>
    <UnitTest name="GetAttributeValue_ExistingStringAttributeWithObjectGenericTypeArgument_ReturnsCorrectValue" storage="f:\etwork\bin\tests\sysintgtests.icore.common.entities.dll" id="5db3784c-7d07-d713-d00d-5d7f44c76bda">
      <TestCategory>
        <TestCategoryItem TestCategory="Entities" />
        <TestCategoryItem TestCategory="SystemIntegration" />
      </TestCategory>
      <Execution id="0bc6c0f9-2178-41c0-a3cd-54fce19b33d4" />
      <TestMethod codeBase="F:\ETWork\bin\Tests\SysIntgTests.iCore.Common.Entities.dll" adapterTypeName="Microsoft.VisualStudio.TestTools.TestTypes.Unit.UnitTestAdapter" className="SysIntgTests.iCore.Common.Entities.PartnerTests" name="GetAttributeValue_ExistingStringAttributeWithObjectGenericTypeArgument_ReturnsCorrectValue" />
    </UnitTest>
    <UnitTest name="GetAttributeValue_ExistingStringAttributeWithStringGenericTypeArgument_ReturnsCorrectValue" storage="f:\etwork\bin\tests\sysintgtests.icore.common.entities.dll" id="47fc8451-a40c-0382-b071-b4822b057383">
      <TestCategory>
        <TestCategoryItem TestCategory="Entities" />
        <TestCategoryItem TestCategory="SystemIntegration" />
      </TestCategory>
      <Execution id="4e58725d-a476-407a-9ee4-784182ef5b96" />
      <TestMethod codeBase="F:\ETWork\bin\Tests\SysIntgTests.iCore.Common.Entities.dll" adapterTypeName="Microsoft.VisualStudio.TestTools.TestTypes.Unit.UnitTestAdapter" className="SysIntgTests.iCore.Common.Entities.PartnerTests" name="GetAttributeValue_ExistingStringAttributeWithStringGenericTypeArgument_ReturnsCorrectValue" />
    </UnitTest>
    <UnitTest name="GetAttributeValue_ExistingFloatAttributeWithObjectGenericTypeArgument_ReturnsCorrectValue" storage="f:\etwork\bin\tests\sysintgtests.icore.common.entities.dll" id="d28a0d2f-3738-b89a-1ef3-0710ce2521cd">
      <TestCategory>
        <TestCategoryItem TestCategory="Entities" />
        <TestCategoryItem TestCategory="SystemIntegration" />
      </TestCategory>
      <Execution id="2ddc94f7-5df4-4786-b9aa-ec880a34b594" />
      <TestMethod codeBase="F:\ETWork\bin\Tests\SysIntgTests.iCore.Common.Entities.dll" adapterTypeName="Microsoft.VisualStudio.TestTools.TestTypes.Unit.UnitTestAdapter" className="SysIntgTests.iCore.Common.Entities.PartnerTests" name="GetAttributeValue_ExistingFloatAttributeWithObjectGenericTypeArgument_ReturnsCorrectValue" />
    </UnitTest>
    <UnitTest name="GetAttributeValue_ExistingFloatAttributeWithFloatGenericTypeArgument_ReturnsCorrectValue" storage="f:\etwork\bin\tests\sysintgtests.icore.common.entities.dll" id="34e81b04-4e0e-c6ac-d528-d8a9f0d95c2d">
      <TestCategory>
        <TestCategoryItem TestCategory="Entities" />
        <TestCategoryItem TestCategory="SystemIntegration" />
      </TestCategory>
      <Execution id="d100d936-b251-4bb2-ae24-b46ad8ba31af" />
      <TestMethod codeBase="F:\ETWork\bin\Tests\SysIntgTests.iCore.Common.Entities.dll" adapterTypeName="Microsoft.VisualStudio.TestTools.TestTypes.Unit.UnitTestAdapter" className="SysIntgTests.iCore.Common.Entities.PartnerTests" name="GetAttributeValue_ExistingFloatAttributeWithFloatGenericTypeArgument_ReturnsCorrectValue" />
    </UnitTest>
    <UnitTest name="GetAttributeValue_ExistingIntegerAttributeWithDateTimeGenericTypeArgument_ThrowsInvalidCastException" storage="f:\etwork\bin\tests\sysintgtests.icore.common.entities.dll" id="d73e8b50-40ce-0c6d-6f03-fa6881e92739">
      <TestCategory>
        <TestCategoryItem TestCategory="Entities" />
        <TestCategoryItem TestCategory="SystemIntegration" />
      </TestCategory>
      <Execution id="1a96aa03-95ab-48d3-9f1b-0b41791e4e79" />
      <TestMethod codeBase="F:\ETWork\bin\Tests\SysIntgTests.iCore.Common.Entities.dll" adapterTypeName="Microsoft.VisualStudio.TestTools.TestTypes.Unit.UnitTestAdapter" className="SysIntgTests.iCore.Common.Entities.PartnerTests" name="GetAttributeValue_ExistingIntegerAttributeWithDateTimeGenericTypeArgument_ThrowsInvalidCastException" />
    </UnitTest>
    <UnitTest name="GetAttributeValue_NonExistingAttributeValue_ThrowsEntityNotFoundException" storage="f:\etwork\bin\tests\sysintgtests.icore.common.entities.dll" id="0d5991a6-1b94-b753-6c1e-9185f1bb8130">
      <TestCategory>
        <TestCategoryItem TestCategory="Entities" />
        <TestCategoryItem TestCategory="SystemIntegration" />
      </TestCategory>
      <Execution id="2c4a0097-232d-4b3d-995e-69b9e8c97058" />
      <TestMethod codeBase="F:\ETWork\bin\Tests\SysIntgTests.iCore.Common.Entities.dll" adapterTypeName="Microsoft.VisualStudio.TestTools.TestTypes.Unit.UnitTestAdapter" className="SysIntgTests.iCore.Common.Entities.PartnerTests" name="GetAttributeValue_NonExistingAttributeValue_ThrowsEntityNotFoundException" />
    </UnitTest>
    <UnitTest name="GetAttributeValue_NonExistingAttributeValue_ReturnsDefaultValue" storage="f:\etwork\bin\tests\sysintgtests.icore.common.entities.dll" id="b910e60e-3b61-55e5-681e-de0640b69ed1">
      <TestCategory>
        <TestCategoryItem TestCategory="Entities" />
        <TestCategoryItem TestCategory="SystemIntegration" />
      </TestCategory>
      <Execution id="e10712f5-a179-4234-a33d-55cc0b658f3b" />
      <TestMethod codeBase="F:\ETWork\bin\Tests\SysIntgTests.iCore.Common.Entities.dll" adapterTypeName="Microsoft.VisualStudio.TestTools.TestTypes.Unit.UnitTestAdapter" className="SysIntgTests.iCore.Common.Entities.PartnerTests" name="GetAttributeValue_NonExistingAttributeValue_ReturnsDefaultValue" />
    </UnitTest>
    <UnitTest name="SetAttributeValue_NonExistingPartner_ThrowsEntityNotFoundException" storage="f:\etwork\bin\tests\sysintgtests.icore.common.entities.dll" id="0107eba6-8e81-435a-f0d6-bee5f839fcda">
      <TestCategory>
        <TestCategoryItem TestCategory="Entities" />
        <TestCategoryItem TestCategory="SystemIntegration" />
      </TestCategory>
      <Execution id="1c4635ac-915c-459b-993d-e24cfd930e50" />
      <TestMethod codeBase="F:\ETWork\bin\Tests\SysIntgTests.iCore.Common.Entities.dll" adapterTypeName="Microsoft.VisualStudio.TestTools.TestTypes.Unit.UnitTestAdapter" className="SysIntgTests.iCore.Common.Entities.PartnerTests" name="SetAttributeValue_NonExistingPartner_ThrowsEntityNotFoundException" />
    </UnitTest>
    <UnitTest name="SetAttributeValue_NonExistingPartner_NoThrow_DoesNotThrow" storage="f:\etwork\bin\tests\sysintgtests.icore.common.entities.dll" id="9d99e4a8-74e4-f3e8-6e1c-43bdce7ef547">
      <TestCategory>
        <TestCategoryItem TestCategory="Entities" />
        <TestCategoryItem TestCategory="SystemIntegration" />
      </TestCategory>
      <Execution id="bdb1b81a-40aa-4a49-a6bd-fbf5588df5cf" />
      <TestMethod codeBase="F:\ETWork\bin\Tests\SysIntgTests.iCore.Common.Entities.dll" adapterTypeName="Microsoft.VisualStudio.TestTools.TestTypes.Unit.UnitTestAdapter" className="SysIntgTests.iCore.Common.Entities.PartnerTests" name="SetAttributeValue_NonExistingPartner_NoThrow_DoesNotThrow" />
    </UnitTest>
    <UnitTest name="RepositoryEntityTypeId_ReturnsEntityReference" storage="f:\etwork\bin\tests\sysintgtests.icore.common.entities.dll" id="1a1b8c1d-9b8e-9e55-b3f9-c0e9de909a48">
      <TestCategory>
        <TestCategoryItem TestCategory="Entities" />
        <TestCategoryItem TestCategory="SystemIntegration" />
      </TestCategory>
      <Execution id="0ee9a7a3-9ef4-416c-8261-e86a8c3a5054" />
      <TestMethod codeBase="F:\ETWork\bin\Tests\SysIntgTests.iCore.Common.Entities.dll" adapterTypeName="Microsoft.VisualStudio.TestTools.TestTypes.Unit.UnitTestAdapter" className="SysIntgTests.iCore.Common.Entities.EntityReferenceTests" name="RepositoryEntityTypeId_ReturnsEntityReference" />
    </UnitTest>
    <UnitTest name="RepositoryEntityType_ReturnsIEntityReference" storage="f:\etwork\bin\tests\sysintgtests.icore.common.entities.dll" id="52ebfbf3-8540-7876-3361-e23fd315e158">
      <TestCategory>
        <TestCategoryItem TestCategory="Entities" />
        <TestCategoryItem TestCategory="SystemIntegration" />
      </TestCategory>
      <Execution id="4912871e-5cc8-4964-b689-04d189cfa1a1" />
      <TestMethod codeBase="F:\ETWork\bin\Tests\SysIntgTests.iCore.Common.Entities.dll" adapterTypeName="Microsoft.VisualStudio.TestTools.TestTypes.Unit.UnitTestAdapter" className="SysIntgTests.iCore.Common.Entities.EntityReferenceTests" name="RepositoryEntityType_ReturnsIEntityReference" />
    </UnitTest>
    <UnitTest name="RepositorySystemContext_MatchesActualSystemContext" storage="f:\etwork\bin\tests\sysintgtests.icore.common.entities.dll" id="203170a1-665e-7c4e-8429-0678e69f738f">
      <TestCategory>
        <TestCategoryItem TestCategory="Entities" />
        <TestCategoryItem TestCategory="SystemIntegration" />
      </TestCategory>
      <Execution id="7baad3b0-6f17-45b8-9eec-9d6cb9eee7e1" />
      <TestMethod codeBase="F:\ETWork\bin\Tests\SysIntgTests.iCore.Common.Entities.dll" adapterTypeName="Microsoft.VisualStudio.TestTools.TestTypes.Unit.UnitTestAdapter" className="SysIntgTests.iCore.Common.Entities.EntityReferenceTests" name="RepositorySystemContext_MatchesActualSystemContext" />
    </UnitTest>
    <UnitTest name="CreateInstance_ThrowsNotSupportedException" storage="f:\etwork\bin\tests\sysintgtests.icore.common.entities.dll" id="80d4e702-680c-b921-7250-0504c7633f1c">
      <TestCategory>
        <TestCategoryItem TestCategory="Entities" />
        <TestCategoryItem TestCategory="SystemIntegration" />
      </TestCategory>
      <Execution id="1fe2e869-3914-4a85-8d39-26e21877eacd" />
      <TestMethod codeBase="F:\ETWork\bin\Tests\SysIntgTests.iCore.Common.Entities.dll" adapterTypeName="Microsoft.VisualStudio.TestTools.TestTypes.Unit.UnitTestAdapter" className="SysIntgTests.iCore.Common.Entities.EntityReferenceTests" name="CreateInstance_ThrowsNotSupportedException" />
    </UnitTest>
    <UnitTest name="Exists_KnownEntityReferenceId_ReturnsTrue (Data Row 0)" storage="f:\etwork\bin\tests\sysintgtests.icore.common.entities.dll" id="4c4da651-3ab8-4ae3-bd77-4994fb10d145">
      <TestCategory>
        <TestCategoryItem TestCategory="Entities" />
        <TestCategoryItem TestCategory="SystemIntegration" />
      </TestCategory>
      <Execution id="1c402884-a499-42f5-bc7f-f483c965f000" />
      <TestMethod codeBase="F:\ETWork\bin\Tests\SysIntgTests.iCore.Common.Entities.dll" adapterTypeName="Microsoft.VisualStudio.TestTools.TestTypes.Unit.UnitTestAdapter" className="SysIntgTests.iCore.Common.Entities.EntityReferenceTests" name="Exists_KnownEntityReferenceId_ReturnsTrue (Data Row 0)" />
    </UnitTest>
    <UnitTest name="Exists_KnownEntityReferenceId_ReturnsTrue (Data Row 1)" storage="f:\etwork\bin\tests\sysintgtests.icore.common.entities.dll" id="de4871d9-3d0f-4e09-9e26-6e5ce621837e">
      <TestCategory>
        <TestCategoryItem TestCategory="Entities" />
        <TestCategoryItem TestCategory="SystemIntegration" />
      </TestCategory>
      <Execution id="0c6108c2-9703-42ea-b777-f0880d46a122" />
      <TestMethod codeBase="F:\ETWork\bin\Tests\SysIntgTests.iCore.Common.Entities.dll" adapterTypeName="Microsoft.VisualStudio.TestTools.TestTypes.Unit.UnitTestAdapter" className="SysIntgTests.iCore.Common.Entities.EntityReferenceTests" name="Exists_KnownEntityReferenceId_ReturnsTrue (Data Row 1)" />
    </UnitTest>
    <UnitTest name="Exists_KnownEntityReferenceId_ReturnsTrue (Data Row 2)" storage="f:\etwork\bin\tests\sysintgtests.icore.common.entities.dll" id="ca31d2df-0c57-4ba7-a1d6-090025148f73">
      <TestCategory>
        <TestCategoryItem TestCategory="Entities" />
        <TestCategoryItem TestCategory="SystemIntegration" />
      </TestCategory>
      <Execution id="f0f602f9-eb71-4274-9995-a249a0f6ddf9" />
      <TestMethod codeBase="F:\ETWork\bin\Tests\SysIntgTests.iCore.Common.Entities.dll" adapterTypeName="Microsoft.VisualStudio.TestTools.TestTypes.Unit.UnitTestAdapter" className="SysIntgTests.iCore.Common.Entities.EntityReferenceTests" name="Exists_KnownEntityReferenceId_ReturnsTrue (Data Row 2)" />
    </UnitTest>
    <UnitTest name="Exists_KnownEntityReferenceId_ReturnsTrue (Data Row 3)" storage="f:\etwork\bin\tests\sysintgtests.icore.common.entities.dll" id="0d2a1f87-e69e-4b2a-a443-eff44bf2941c">
      <TestCategory>
        <TestCategoryItem TestCategory="Entities" />
        <TestCategoryItem TestCategory="SystemIntegration" />
      </TestCategory>
      <Execution id="9215df08-191e-48d1-a356-cfadb268fbbe" />
      <TestMethod codeBase="F:\ETWork\bin\Tests\SysIntgTests.iCore.Common.Entities.dll" adapterTypeName="Microsoft.VisualStudio.TestTools.TestTypes.Unit.UnitTestAdapter" className="SysIntgTests.iCore.Common.Entities.EntityReferenceTests" name="Exists_KnownEntityReferenceId_ReturnsTrue (Data Row 3)" />
    </UnitTest>
    <UnitTest name="Exists_NonExistingEntityReferenceId_ReturnsFalse" storage="f:\etwork\bin\tests\sysintgtests.icore.common.entities.dll" id="717b771a-ec25-5915-f8fa-ca59a914107c">
      <TestCategory>
        <TestCategoryItem TestCategory="Entities" />
        <TestCategoryItem TestCategory="SystemIntegration" />
      </TestCategory>
      <Execution id="2c23ceaa-d115-46b7-baed-0ffbc0d8c519" />
      <TestMethod codeBase="F:\ETWork\bin\Tests\SysIntgTests.iCore.Common.Entities.dll" adapterTypeName="Microsoft.VisualStudio.TestTools.TestTypes.Unit.UnitTestAdapter" className="SysIntgTests.iCore.Common.Entities.EntityReferenceTests" name="Exists_NonExistingEntityReferenceId_ReturnsFalse" />
    </UnitTest>
    <UnitTest name="Exists_UnsupportedKey_ThrowsArgumentException" storage="f:\etwork\bin\tests\sysintgtests.icore.common.entities.dll" id="fb1d5747-ba10-5c45-ad10-d89870377104">
      <TestCategory>
        <TestCategoryItem TestCategory="Entities" />
        <TestCategoryItem TestCategory="SystemIntegration" />
      </TestCategory>
      <Execution id="324ebc46-b9c0-46c0-bb60-590f22fb0f86" />
      <TestMethod codeBase="F:\ETWork\bin\Tests\SysIntgTests.iCore.Common.Entities.dll" adapterTypeName="Microsoft.VisualStudio.TestTools.TestTypes.Unit.UnitTestAdapter" className="SysIntgTests.iCore.Common.Entities.EntityReferenceTests" name="Exists_UnsupportedKey_ThrowsArgumentException" />
    </UnitTest>
    <UnitTest name="Exists_KnownEntityReferenceKey_ReturnsTrue (Data Row 0)" storage="f:\etwork\bin\tests\sysintgtests.icore.common.entities.dll" id="16756e97-0a4f-41db-ab33-65b5b5603afa">
      <TestCategory>
        <TestCategoryItem TestCategory="Entities" />
        <TestCategoryItem TestCategory="SystemIntegration" />
      </TestCategory>
      <Execution id="e503fafa-9e23-46be-b106-d656865847cb" />
      <TestMethod codeBase="F:\ETWork\bin\Tests\SysIntgTests.iCore.Common.Entities.dll" adapterTypeName="Microsoft.VisualStudio.TestTools.TestTypes.Unit.UnitTestAdapter" className="SysIntgTests.iCore.Common.Entities.EntityReferenceTests" name="Exists_KnownEntityReferenceKey_ReturnsTrue (Data Row 0)" />
    </UnitTest>
    <UnitTest name="Exists_KnownEntityReferenceKey_ReturnsTrue (Data Row 1)" storage="f:\etwork\bin\tests\sysintgtests.icore.common.entities.dll" id="3a09cfc7-2f47-4562-a51b-25a082584fff">
      <TestCategory>
        <TestCategoryItem TestCategory="Entities" />
        <TestCategoryItem TestCategory="SystemIntegration" />
      </TestCategory>
      <Execution id="c5ab9c74-0844-4973-8042-d36ff902f36e" />
      <TestMethod codeBase="F:\ETWork\bin\Tests\SysIntgTests.iCore.Common.Entities.dll" adapterTypeName="Microsoft.VisualStudio.TestTools.TestTypes.Unit.UnitTestAdapter" className="SysIntgTests.iCore.Common.Entities.EntityReferenceTests" name="Exists_KnownEntityReferenceKey_ReturnsTrue (Data Row 1)" />
    </UnitTest>
    <UnitTest name="Exists_KnownEntityReferenceKey_ReturnsTrue (Data Row 2)" storage="f:\etwork\bin\tests\sysintgtests.icore.common.entities.dll" id="778c6f84-b705-47da-85f6-748b9bb04bf6">
      <TestCategory>
        <TestCategoryItem TestCategory="Entities" />
        <TestCategoryItem TestCategory="SystemIntegration" />
      </TestCategory>
      <Execution id="51ed08bf-acdc-4364-b686-8a5a6ace376b" />
      <TestMethod codeBase="F:\ETWork\bin\Tests\SysIntgTests.iCore.Common.Entities.dll" adapterTypeName="Microsoft.VisualStudio.TestTools.TestTypes.Unit.UnitTestAdapter" className="SysIntgTests.iCore.Common.Entities.EntityReferenceTests" name="Exists_KnownEntityReferenceKey_ReturnsTrue (Data Row 2)" />
    </UnitTest>
    <UnitTest name="Exists_KnownEntityReferenceKey_ReturnsTrue (Data Row 3)" storage="f:\etwork\bin\tests\sysintgtests.icore.common.entities.dll" id="72a0e5ae-df5c-487a-b98e-2752331f570b">
      <TestCategory>
        <TestCategoryItem TestCategory="Entities" />
        <TestCategoryItem TestCategory="SystemIntegration" />
      </TestCategory>
      <Execution id="6afbdf70-c33d-4ee3-a646-a12842989083" />
      <TestMethod codeBase="F:\ETWork\bin\Tests\SysIntgTests.iCore.Common.Entities.dll" adapterTypeName="Microsoft.VisualStudio.TestTools.TestTypes.Unit.UnitTestAdapter" className="SysIntgTests.iCore.Common.Entities.EntityReferenceTests" name="Exists_KnownEntityReferenceKey_ReturnsTrue (Data Row 3)" />
    </UnitTest>
    <UnitTest name="Exists_NonExistingEntityReferenceKey_ReturnsFalse" storage="f:\etwork\bin\tests\sysintgtests.icore.common.entities.dll" id="711818aa-8b88-8be4-6538-04d2bd6e92d9">
      <TestCategory>
        <TestCategoryItem TestCategory="Entities" />
        <TestCategoryItem TestCategory="SystemIntegration" />
      </TestCategory>
      <Execution id="76e99894-a543-423f-a228-1dfa93c0fd3c" />
      <TestMethod codeBase="F:\ETWork\bin\Tests\SysIntgTests.iCore.Common.Entities.dll" adapterTypeName="Microsoft.VisualStudio.TestTools.TestTypes.Unit.UnitTestAdapter" className="SysIntgTests.iCore.Common.Entities.EntityReferenceTests" name="Exists_NonExistingEntityReferenceKey_ReturnsFalse" />
    </UnitTest>
    <UnitTest name="List_ContainsEachKnownEntityReferenceOnce (Data Row 0)" storage="f:\etwork\bin\tests\sysintgtests.icore.common.entities.dll" id="79e708cf-4b6f-42b7-8f0d-61fede0e7bb4">
      <TestCategory>
        <TestCategoryItem TestCategory="Entities" />
        <TestCategoryItem TestCategory="SystemIntegration" />
      </TestCategory>
      <Execution id="7bbbb411-26b0-4ecb-afb0-e74c7e99583c" />
      <TestMethod codeBase="F:\ETWork\bin\Tests\SysIntgTests.iCore.Common.Entities.dll" adapterTypeName="Microsoft.VisualStudio.TestTools.TestTypes.Unit.UnitTestAdapter" className="SysIntgTests.iCore.Common.Entities.EntityReferenceTests" name="List_ContainsEachKnownEntityReferenceOnce (Data Row 0)" />
    </UnitTest>
    <UnitTest name="List_ContainsEachKnownEntityReferenceOnce (Data Row 1)" storage="f:\etwork\bin\tests\sysintgtests.icore.common.entities.dll" id="b8d51b5d-c232-45bd-befa-ca0d3eb1fc83">
      <TestCategory>
        <TestCategoryItem TestCategory="Entities" />
        <TestCategoryItem TestCategory="SystemIntegration" />
      </TestCategory>
      <Execution id="5bf861e9-8d5b-485a-8326-7c0bbe54218f" />
      <TestMethod codeBase="F:\ETWork\bin\Tests\SysIntgTests.iCore.Common.Entities.dll" adapterTypeName="Microsoft.VisualStudio.TestTools.TestTypes.Unit.UnitTestAdapter" className="SysIntgTests.iCore.Common.Entities.EntityReferenceTests" name="List_ContainsEachKnownEntityReferenceOnce (Data Row 1)" />
    </UnitTest>
    <UnitTest name="List_ContainsEachKnownEntityReferenceOnce (Data Row 2)" storage="f:\etwork\bin\tests\sysintgtests.icore.common.entities.dll" id="4a2f76b6-94bc-4473-97b2-635ea30d414b">
      <TestCategory>
        <TestCategoryItem TestCategory="Entities" />
        <TestCategoryItem TestCategory="SystemIntegration" />
      </TestCategory>
      <Execution id="fa2e58e6-2eb3-4138-a662-17d94bb962cd" />
      <TestMethod codeBase="F:\ETWork\bin\Tests\SysIntgTests.iCore.Common.Entities.dll" adapterTypeName="Microsoft.VisualStudio.TestTools.TestTypes.Unit.UnitTestAdapter" className="SysIntgTests.iCore.Common.Entities.EntityReferenceTests" name="List_ContainsEachKnownEntityReferenceOnce (Data Row 2)" />
    </UnitTest>
    <UnitTest name="List_ContainsEachKnownEntityReferenceOnce (Data Row 3)" storage="f:\etwork\bin\tests\sysintgtests.icore.common.entities.dll" id="c04993e1-f94d-49b3-8494-fbbc47ce4f73">
      <TestCategory>
        <TestCategoryItem TestCategory="Entities" />
        <TestCategoryItem TestCategory="SystemIntegration" />
      </TestCategory>
      <Execution id="324b4da7-1188-4577-842a-cb3103ec6219" />
      <TestMethod codeBase="F:\ETWork\bin\Tests\SysIntgTests.iCore.Common.Entities.dll" adapterTypeName="Microsoft.VisualStudio.TestTools.TestTypes.Unit.UnitTestAdapter" className="SysIntgTests.iCore.Common.Entities.EntityReferenceTests" name="List_ContainsEachKnownEntityReferenceOnce (Data Row 3)" />
    </UnitTest>
    <UnitTest name="List_ShouldSetSystemContextCorrectly" storage="f:\etwork\bin\tests\sysintgtests.icore.common.entities.dll" id="df6e51c2-70d5-822f-5e48-080212e95496">
      <TestCategory>
        <TestCategoryItem TestCategory="Entities" />
        <TestCategoryItem TestCategory="SystemIntegration" />
      </TestCategory>
      <Execution id="4989b53f-2f78-490c-ad47-1aa9dec29e64" />
      <TestMethod codeBase="F:\ETWork\bin\Tests\SysIntgTests.iCore.Common.Entities.dll" adapterTypeName="Microsoft.VisualStudio.TestTools.TestTypes.Unit.UnitTestAdapter" className="SysIntgTests.iCore.Common.Entities.EntityReferenceTests" name="List_ShouldSetSystemContextCorrectly" />
    </UnitTest>
    <UnitTest name="HasReferrers_EntityKeyExistingAsReferee_ReturnsTrue" storage="f:\etwork\bin\tests\sysintgtests.icore.common.entities.dll" id="a4c73f35-7e7d-a14e-ff7d-46225d031d88">
      <TestCategory>
        <TestCategoryItem TestCategory="Entities" />
        <TestCategoryItem TestCategory="SystemIntegration" />
      </TestCategory>
      <Execution id="ce4f1c3b-80b9-4cac-810a-471fd34e3a92" />
      <TestMethod codeBase="F:\ETWork\bin\Tests\SysIntgTests.iCore.Common.Entities.dll" adapterTypeName="Microsoft.VisualStudio.TestTools.TestTypes.Unit.UnitTestAdapter" className="SysIntgTests.iCore.Common.Entities.EntityReferenceTests" name="HasReferrers_EntityKeyExistingAsReferee_ReturnsTrue" />
    </UnitTest>
    <UnitTest name="HasReferrers_NonExistingEntityKey_ReturnsFalse" storage="f:\etwork\bin\tests\sysintgtests.icore.common.entities.dll" id="51034520-e6bd-f789-937c-84953fc58398">
      <TestCategory>
        <TestCategoryItem TestCategory="Entities" />
        <TestCategoryItem TestCategory="SystemIntegration" />
      </TestCategory>
      <Execution id="91c6052b-bbba-48a0-9a8e-d8a2face63c5" />
      <TestMethod codeBase="F:\ETWork\bin\Tests\SysIntgTests.iCore.Common.Entities.dll" adapterTypeName="Microsoft.VisualStudio.TestTools.TestTypes.Unit.UnitTestAdapter" className="SysIntgTests.iCore.Common.Entities.EntityReferenceTests" name="HasReferrers_NonExistingEntityKey_ReturnsFalse" />
    </UnitTest>
    <UnitTest name="HasReferrers_EntityExistingAsReferrer_ReturnsCorrectValue" storage="f:\etwork\bin\tests\sysintgtests.icore.common.entities.dll" id="face7523-0487-539a-af75-73e4c55cb4f6">
      <TestCategory>
        <TestCategoryItem TestCategory="Entities" />
        <TestCategoryItem TestCategory="SystemIntegration" />
      </TestCategory>
      <Execution id="a14afcd7-643c-4f47-85bb-a7012ff42c9a" />
      <TestMethod codeBase="F:\ETWork\bin\Tests\SysIntgTests.iCore.Common.Entities.dll" adapterTypeName="Microsoft.VisualStudio.TestTools.TestTypes.Unit.UnitTestAdapter" className="SysIntgTests.iCore.Common.Entities.EntityReferenceTests" name="HasReferrers_EntityExistingAsReferrer_ReturnsCorrectValue" />
    </UnitTest>
    <UnitTest name="HasReferees_EntityKeyExistingAsReferee_ReturnsTrue" storage="f:\etwork\bin\tests\sysintgtests.icore.common.entities.dll" id="22e5c3df-da9b-1c9f-0e4f-12701ff85291">
      <TestCategory>
        <TestCategoryItem TestCategory="Entities" />
        <TestCategoryItem TestCategory="SystemIntegration" />
      </TestCategory>
      <Execution id="a3b4a784-9877-4fed-b379-34d06c220a6f" />
      <TestMethod codeBase="F:\ETWork\bin\Tests\SysIntgTests.iCore.Common.Entities.dll" adapterTypeName="Microsoft.VisualStudio.TestTools.TestTypes.Unit.UnitTestAdapter" className="SysIntgTests.iCore.Common.Entities.EntityReferenceTests" name="HasReferees_EntityKeyExistingAsReferee_ReturnsTrue" />
    </UnitTest>
    <UnitTest name="HasReferees_NonExistingEntityKey_ReturnsFalse" storage="f:\etwork\bin\tests\sysintgtests.icore.common.entities.dll" id="ccd5091e-3150-d921-3460-2bee8bc18220">
      <TestCategory>
        <TestCategoryItem TestCategory="Entities" />
        <TestCategoryItem TestCategory="SystemIntegration" />
      </TestCategory>
      <Execution id="f57c41db-b059-44cb-868f-354d4d15a194" />
      <TestMethod codeBase="F:\ETWork\bin\Tests\SysIntgTests.iCore.Common.Entities.dll" adapterTypeName="Microsoft.VisualStudio.TestTools.TestTypes.Unit.UnitTestAdapter" className="SysIntgTests.iCore.Common.Entities.EntityReferenceTests" name="HasReferees_NonExistingEntityKey_ReturnsFalse" />
    </UnitTest>
    <UnitTest name="HasReferees_EntityExistingAsReferrer_ReturnsCorrectValue" storage="f:\etwork\bin\tests\sysintgtests.icore.common.entities.dll" id="e7e11d91-04a6-20a9-bc45-a9735442b35a">
      <TestCategory>
        <TestCategoryItem TestCategory="Entities" />
        <TestCategoryItem TestCategory="SystemIntegration" />
      </TestCategory>
      <Execution id="56f70f57-b4db-4ec4-9bf3-7b4650825a20" />
      <TestMethod codeBase="F:\ETWork\bin\Tests\SysIntgTests.iCore.Common.Entities.dll" adapterTypeName="Microsoft.VisualStudio.TestTools.TestTypes.Unit.UnitTestAdapter" className="SysIntgTests.iCore.Common.Entities.EntityReferenceTests" name="HasReferees_EntityExistingAsReferrer_ReturnsCorrectValue" />
    </UnitTest>
    <UnitTest name="FindByReferee_NonExistingKey_ReturnsEmptySequence" storage="f:\etwork\bin\tests\sysintgtests.icore.common.entities.dll" id="d063dedc-d5c4-b3f3-c988-82d53051b008">
      <TestCategory>
        <TestCategoryItem TestCategory="Entities" />
        <TestCategoryItem TestCategory="SystemIntegration" />
      </TestCategory>
      <Execution id="f3c9a733-0bcc-465e-9632-007f103630bf" />
      <TestMethod codeBase="F:\ETWork\bin\Tests\SysIntgTests.iCore.Common.Entities.dll" adapterTypeName="Microsoft.VisualStudio.TestTools.TestTypes.Unit.UnitTestAdapter" className="SysIntgTests.iCore.Common.Entities.EntityReferenceTests" name="FindByReferee_NonExistingKey_ReturnsEmptySequence" />
    </UnitTest>
    <UnitTest name="FindByReferee_EntityKeyExistingAsReferee_ReturnsCorrectSequence" storage="f:\etwork\bin\tests\sysintgtests.icore.common.entities.dll" id="e9f3c186-e565-920d-27dc-797002e2aaf5">
      <TestCategory>
        <TestCategoryItem TestCategory="Entities" />
        <TestCategoryItem TestCategory="SystemIntegration" />
      </TestCategory>
      <Execution id="78a9c009-fd29-4e48-86c8-1c6fa06a03b5" />
      <TestMethod codeBase="F:\ETWork\bin\Tests\SysIntgTests.iCore.Common.Entities.dll" adapterTypeName="Microsoft.VisualStudio.TestTools.TestTypes.Unit.UnitTestAdapter" className="SysIntgTests.iCore.Common.Entities.EntityReferenceTests" name="FindByReferee_EntityKeyExistingAsReferee_ReturnsCorrectSequence" />
    </UnitTest>
    <UnitTest name="FindByReferee_EntityKeyExistingAsReferrer_ReturnsCorrectSequence" storage="f:\etwork\bin\tests\sysintgtests.icore.common.entities.dll" id="228622bb-d517-4cf6-f694-abcf4a73b207">
      <TestCategory>
        <TestCategoryItem TestCategory="Entities" />
        <TestCategoryItem TestCategory="SystemIntegration" />
      </TestCategory>
      <Execution id="2fd472c4-0507-4a4d-a9c0-d61a634968a2" />
      <TestMethod codeBase="F:\ETWork\bin\Tests\SysIntgTests.iCore.Common.Entities.dll" adapterTypeName="Microsoft.VisualStudio.TestTools.TestTypes.Unit.UnitTestAdapter" className="SysIntgTests.iCore.Common.Entities.EntityReferenceTests" name="FindByReferee_EntityKeyExistingAsReferrer_ReturnsCorrectSequence" />
    </UnitTest>
    <UnitTest name="FindByReferrer_NonExistingKey_ReturnsEmptySequence" storage="f:\etwork\bin\tests\sysintgtests.icore.common.entities.dll" id="546c999b-987f-8fb8-9dc4-49db8fb50f52">
      <TestCategory>
        <TestCategoryItem TestCategory="Entities" />
        <TestCategoryItem TestCategory="SystemIntegration" />
      </TestCategory>
      <Execution id="347a96cc-c748-4b2f-bd19-ffcb446fa11b" />
      <TestMethod codeBase="F:\ETWork\bin\Tests\SysIntgTests.iCore.Common.Entities.dll" adapterTypeName="Microsoft.VisualStudio.TestTools.TestTypes.Unit.UnitTestAdapter" className="SysIntgTests.iCore.Common.Entities.EntityReferenceTests" name="FindByReferrer_NonExistingKey_ReturnsEmptySequence" />
    </UnitTest>
    <UnitTest name="FindByReferrer_EntityKeyExistingAsReferee_ReturnsCorrectSequence" storage="f:\etwork\bin\tests\sysintgtests.icore.common.entities.dll" id="16b20b52-1326-d3f5-b9c0-d9cb62d60605">
      <TestCategory>
        <TestCategoryItem TestCategory="Entities" />
        <TestCategoryItem TestCategory="SystemIntegration" />
      </TestCategory>
      <Execution id="f1a5af9f-b20a-4db8-9722-aaa87521f42b" />
      <TestMethod codeBase="F:\ETWork\bin\Tests\SysIntgTests.iCore.Common.Entities.dll" adapterTypeName="Microsoft.VisualStudio.TestTools.TestTypes.Unit.UnitTestAdapter" className="SysIntgTests.iCore.Common.Entities.EntityReferenceTests" name="FindByReferrer_EntityKeyExistingAsReferee_ReturnsCorrectSequence" />
    </UnitTest>
    <UnitTest name="FindByReferrer_EntityKeyExistingAsReferrer_ReturnsCorrectSequence" storage="f:\etwork\bin\tests\sysintgtests.icore.common.entities.dll" id="38be211c-7a85-fa70-ad4e-d82c2b8f754d">
      <TestCategory>
        <TestCategoryItem TestCategory="Entities" />
        <TestCategoryItem TestCategory="SystemIntegration" />
      </TestCategory>
      <Execution id="0fc4a434-b1a0-4fff-b0b5-346e712985e5" />
      <TestMethod codeBase="F:\ETWork\bin\Tests\SysIntgTests.iCore.Common.Entities.dll" adapterTypeName="Microsoft.VisualStudio.TestTools.TestTypes.Unit.UnitTestAdapter" className="SysIntgTests.iCore.Common.Entities.EntityReferenceTests" name="FindByReferrer_EntityKeyExistingAsReferrer_ReturnsCorrectSequence" />
    </UnitTest>
    <UnitTest name="ExistsAnyInvolving_NonExistingEntityKey_ReturnsFalse" storage="f:\etwork\bin\tests\sysintgtests.icore.common.entities.dll" id="5831b66b-c9d8-b59b-8b7b-627b45b09541">
      <TestCategory>
        <TestCategoryItem TestCategory="Entities" />
        <TestCategoryItem TestCategory="SystemIntegration" />
      </TestCategory>
      <Execution id="2f54804b-3cd4-4ad4-8a35-0cd933ea11b3" />
      <TestMethod codeBase="F:\ETWork\bin\Tests\SysIntgTests.iCore.Common.Entities.dll" adapterTypeName="Microsoft.VisualStudio.TestTools.TestTypes.Unit.UnitTestAdapter" className="SysIntgTests.iCore.Common.Entities.EntityReferenceTests" name="ExistsAnyInvolving_NonExistingEntityKey_ReturnsFalse" />
    </UnitTest>
    <UnitTest name="ExistsAnyInvolving_EntityKeyExistingAsAReferrer_ReturnsTrue" storage="f:\etwork\bin\tests\sysintgtests.icore.common.entities.dll" id="cd68c89e-ae30-8f13-0280-2e3d00915733">
      <TestCategory>
        <TestCategoryItem TestCategory="Entities" />
        <TestCategoryItem TestCategory="SystemIntegration" />
      </TestCategory>
      <Execution id="1f45f525-bbea-4591-b986-23cbb61cac13" />
      <TestMethod codeBase="F:\ETWork\bin\Tests\SysIntgTests.iCore.Common.Entities.dll" adapterTypeName="Microsoft.VisualStudio.TestTools.TestTypes.Unit.UnitTestAdapter" className="SysIntgTests.iCore.Common.Entities.EntityReferenceTests" name="ExistsAnyInvolving_EntityKeyExistingAsAReferrer_ReturnsTrue" />
    </UnitTest>
    <UnitTest name="ExistsAnyInvolving_EntityKeyExistingAsAReferee_ReturnsTrue" storage="f:\etwork\bin\tests\sysintgtests.icore.common.entities.dll" id="18f217f8-f17b-4926-2ca5-231fb692735f">
      <TestCategory>
        <TestCategoryItem TestCategory="Entities" />
        <TestCategoryItem TestCategory="SystemIntegration" />
      </TestCategory>
      <Execution id="1a48d74f-940b-47ae-9f05-1bd21a41ff92" />
      <TestMethod codeBase="F:\ETWork\bin\Tests\SysIntgTests.iCore.Common.Entities.dll" adapterTypeName="Microsoft.VisualStudio.TestTools.TestTypes.Unit.UnitTestAdapter" className="SysIntgTests.iCore.Common.Entities.EntityReferenceTests" name="ExistsAnyInvolving_EntityKeyExistingAsAReferee_ReturnsTrue" />
    </UnitTest>
    <UnitTest name="RepositoryEntityTypeId_ReturnsWorkflow" storage="f:\etwork\bin\tests\sysintgtests.icore.common.entities.dll" id="4d9f61a3-e6cb-33d2-d829-e2889ed37f4c">
      <TestCategory>
        <TestCategoryItem TestCategory="Entities" />
        <TestCategoryItem TestCategory="SystemIntegration" />
      </TestCategory>
      <Execution id="450c2998-7701-4ace-840b-a3f974c8b4aa" />
      <TestMethod codeBase="F:\ETWork\bin\Tests\SysIntgTests.iCore.Common.Entities.dll" adapterTypeName="Microsoft.VisualStudio.TestTools.TestTypes.Unit.UnitTestAdapter" className="SysIntgTests.iCore.Common.Entities.WorkflowTests" name="RepositoryEntityTypeId_ReturnsWorkflow" />
    </UnitTest>
    <UnitTest name="RepositoryEntityType_ReturnsIWorkflow" storage="f:\etwork\bin\tests\sysintgtests.icore.common.entities.dll" id="13f0adad-d844-91f6-fb04-b63e6b7a06d9">
      <TestCategory>
        <TestCategoryItem TestCategory="Entities" />
        <TestCategoryItem TestCategory="SystemIntegration" />
      </TestCategory>
      <Execution id="f94e4f8c-7623-40d0-94be-6a875c9fe301" />
      <TestMethod codeBase="F:\ETWork\bin\Tests\SysIntgTests.iCore.Common.Entities.dll" adapterTypeName="Microsoft.VisualStudio.TestTools.TestTypes.Unit.UnitTestAdapter" className="SysIntgTests.iCore.Common.Entities.WorkflowTests" name="RepositoryEntityType_ReturnsIWorkflow" />
    </UnitTest>
    <UnitTest name="RepositorySystemContext_MatchesActualSystemContext" storage="f:\etwork\bin\tests\sysintgtests.icore.common.entities.dll" id="8e769ef4-9934-58db-9f3e-fb77b65c39b1">
      <TestCategory>
        <TestCategoryItem TestCategory="Entities" />
        <TestCategoryItem TestCategory="SystemIntegration" />
      </TestCategory>
      <Execution id="351d7dc9-9264-4ba5-ba6d-ec177632bcbc" />
      <TestMethod codeBase="F:\ETWork\bin\Tests\SysIntgTests.iCore.Common.Entities.dll" adapterTypeName="Microsoft.VisualStudio.TestTools.TestTypes.Unit.UnitTestAdapter" className="SysIntgTests.iCore.Common.Entities.WorkflowTests" name="RepositorySystemContext_MatchesActualSystemContext" />
    </UnitTest>
    <UnitTest name="Exists_KnownWorkflowId_ReturnsTrue (Data Row 0)" storage="f:\etwork\bin\tests\sysintgtests.icore.common.entities.dll" id="c2e3d3b0-dbcd-40bc-99f7-399d865b30a7">
      <TestCategory>
        <TestCategoryItem TestCategory="Entities" />
        <TestCategoryItem TestCategory="SystemIntegration" />
      </TestCategory>
      <Execution id="7928a23f-4b52-4b74-968e-e8d972a2176a" />
      <TestMethod codeBase="F:\ETWork\bin\Tests\SysIntgTests.iCore.Common.Entities.dll" adapterTypeName="Microsoft.VisualStudio.TestTools.TestTypes.Unit.UnitTestAdapter" className="SysIntgTests.iCore.Common.Entities.WorkflowTests" name="Exists_KnownWorkflowId_ReturnsTrue (Data Row 0)" />
    </UnitTest>
    <UnitTest name="Exists_KnownWorkflowId_ReturnsTrue (Data Row 1)" storage="f:\etwork\bin\tests\sysintgtests.icore.common.entities.dll" id="416dd826-8842-4d0b-b62a-777123117d83">
      <TestCategory>
        <TestCategoryItem TestCategory="Entities" />
        <TestCategoryItem TestCategory="SystemIntegration" />
      </TestCategory>
      <Execution id="e4a2755c-4b82-4f9e-8499-35943601cf2f" />
      <TestMethod codeBase="F:\ETWork\bin\Tests\SysIntgTests.iCore.Common.Entities.dll" adapterTypeName="Microsoft.VisualStudio.TestTools.TestTypes.Unit.UnitTestAdapter" className="SysIntgTests.iCore.Common.Entities.WorkflowTests" name="Exists_KnownWorkflowId_ReturnsTrue (Data Row 1)" />
    </UnitTest>
    <UnitTest name="Exists_KnownWorkflowId_ReturnsTrue (Data Row 2)" storage="f:\etwork\bin\tests\sysintgtests.icore.common.entities.dll" id="a600d024-734f-4b7a-9f86-a74c4a99ff00">
      <TestCategory>
        <TestCategoryItem TestCategory="Entities" />
        <TestCategoryItem TestCategory="SystemIntegration" />
      </TestCategory>
      <Execution id="8c9a854c-af74-454b-a63c-dc3a64593e6b" />
      <TestMethod codeBase="F:\ETWork\bin\Tests\SysIntgTests.iCore.Common.Entities.dll" adapterTypeName="Microsoft.VisualStudio.TestTools.TestTypes.Unit.UnitTestAdapter" className="SysIntgTests.iCore.Common.Entities.WorkflowTests" name="Exists_KnownWorkflowId_ReturnsTrue (Data Row 2)" />
    </UnitTest>
    <UnitTest name="Exists_KnownWorkflowId_ReturnsTrue (Data Row 3)" storage="f:\etwork\bin\tests\sysintgtests.icore.common.entities.dll" id="bbd6457c-d1b7-4ddf-b037-bb8f1c633db3">
      <TestCategory>
        <TestCategoryItem TestCategory="Entities" />
        <TestCategoryItem TestCategory="SystemIntegration" />
      </TestCategory>
      <Execution id="f06b5c17-7656-4750-92e9-47f45519dc1d" />
      <TestMethod codeBase="F:\ETWork\bin\Tests\SysIntgTests.iCore.Common.Entities.dll" adapterTypeName="Microsoft.VisualStudio.TestTools.TestTypes.Unit.UnitTestAdapter" className="SysIntgTests.iCore.Common.Entities.WorkflowTests" name="Exists_KnownWorkflowId_ReturnsTrue (Data Row 3)" />
    </UnitTest>
    <UnitTest name="Exists_NonExistingWorkflowId_ReturnsFalse" storage="f:\etwork\bin\tests\sysintgtests.icore.common.entities.dll" id="ad7fbe37-1b45-32de-1c18-6b1b7c2bb5b3">
      <TestCategory>
        <TestCategoryItem TestCategory="Entities" />
        <TestCategoryItem TestCategory="SystemIntegration" />
      </TestCategory>
      <Execution id="23af31b8-970e-43f3-8f0b-3b0dfc705c92" />
      <TestMethod codeBase="F:\ETWork\bin\Tests\SysIntgTests.iCore.Common.Entities.dll" adapterTypeName="Microsoft.VisualStudio.TestTools.TestTypes.Unit.UnitTestAdapter" className="SysIntgTests.iCore.Common.Entities.WorkflowTests" name="Exists_NonExistingWorkflowId_ReturnsFalse" />
    </UnitTest>
    <UnitTest name="Exists_UnsupportedKey_ThrowsArgumentException" storage="f:\etwork\bin\tests\sysintgtests.icore.common.entities.dll" id="412da81a-74b9-c7e4-aaa3-44e7dd0b5c45">
      <TestCategory>
        <TestCategoryItem TestCategory="Entities" />
        <TestCategoryItem TestCategory="SystemIntegration" />
      </TestCategory>
      <Execution id="f16b8a35-982d-4e81-be39-db3ef5e140f5" />
      <TestMethod codeBase="F:\ETWork\bin\Tests\SysIntgTests.iCore.Common.Entities.dll" adapterTypeName="Microsoft.VisualStudio.TestTools.TestTypes.Unit.UnitTestAdapter" className="SysIntgTests.iCore.Common.Entities.WorkflowTests" name="Exists_UnsupportedKey_ThrowsArgumentException" />
    </UnitTest>
    <UnitTest name="Exists_KnownWorkflowKey_ReturnsTrue (Data Row 0)" storage="f:\etwork\bin\tests\sysintgtests.icore.common.entities.dll" id="09af38e0-4ee7-40c3-a954-0064d427877f">
      <TestCategory>
        <TestCategoryItem TestCategory="Entities" />
        <TestCategoryItem TestCategory="SystemIntegration" />
      </TestCategory>
      <Execution id="8efd2d2f-faae-43dd-a600-46a9cb6d4061" />
      <TestMethod codeBase="F:\ETWork\bin\Tests\SysIntgTests.iCore.Common.Entities.dll" adapterTypeName="Microsoft.VisualStudio.TestTools.TestTypes.Unit.UnitTestAdapter" className="SysIntgTests.iCore.Common.Entities.WorkflowTests" name="Exists_KnownWorkflowKey_ReturnsTrue (Data Row 0)" />
    </UnitTest>
    <UnitTest name="Exists_KnownWorkflowKey_ReturnsTrue (Data Row 1)" storage="f:\etwork\bin\tests\sysintgtests.icore.common.entities.dll" id="b42fdb6c-2d3a-4904-89eb-70b1d57bacba">
      <TestCategory>
        <TestCategoryItem TestCategory="Entities" />
        <TestCategoryItem TestCategory="SystemIntegration" />
      </TestCategory>
      <Execution id="1f545f7e-161e-49e1-9d2c-d8ca2672bfba" />
      <TestMethod codeBase="F:\ETWork\bin\Tests\SysIntgTests.iCore.Common.Entities.dll" adapterTypeName="Microsoft.VisualStudio.TestTools.TestTypes.Unit.UnitTestAdapter" className="SysIntgTests.iCore.Common.Entities.WorkflowTests" name="Exists_KnownWorkflowKey_ReturnsTrue (Data Row 1)" />
    </UnitTest>
    <UnitTest name="Exists_KnownWorkflowKey_ReturnsTrue (Data Row 2)" storage="f:\etwork\bin\tests\sysintgtests.icore.common.entities.dll" id="cc23275f-7b64-41e4-9afd-8d1abf7b9865">
      <TestCategory>
        <TestCategoryItem TestCategory="Entities" />
        <TestCategoryItem TestCategory="SystemIntegration" />
      </TestCategory>
      <Execution id="02a0fbf4-29ec-47f7-a17a-aa54c0d90383" />
      <TestMethod codeBase="F:\ETWork\bin\Tests\SysIntgTests.iCore.Common.Entities.dll" adapterTypeName="Microsoft.VisualStudio.TestTools.TestTypes.Unit.UnitTestAdapter" className="SysIntgTests.iCore.Common.Entities.WorkflowTests" name="Exists_KnownWorkflowKey_ReturnsTrue (Data Row 2)" />
    </UnitTest>
    <UnitTest name="Exists_KnownWorkflowKey_ReturnsTrue (Data Row 3)" storage="f:\etwork\bin\tests\sysintgtests.icore.common.entities.dll" id="557615d2-af30-4a43-bfd3-67e57cd57a8f">
      <TestCategory>
        <TestCategoryItem TestCategory="Entities" />
        <TestCategoryItem TestCategory="SystemIntegration" />
      </TestCategory>
      <Execution id="10594d88-037c-490d-9399-ca8d8ba63fb1" />
      <TestMethod codeBase="F:\ETWork\bin\Tests\SysIntgTests.iCore.Common.Entities.dll" adapterTypeName="Microsoft.VisualStudio.TestTools.TestTypes.Unit.UnitTestAdapter" className="SysIntgTests.iCore.Common.Entities.WorkflowTests" name="Exists_KnownWorkflowKey_ReturnsTrue (Data Row 3)" />
    </UnitTest>
    <UnitTest name="Exists_NonExistingWorkflowKey_ReturnsFalse" storage="f:\etwork\bin\tests\sysintgtests.icore.common.entities.dll" id="1fe9e65c-76a4-b4ff-2587-eca08228b523">
      <TestCategory>
        <TestCategoryItem TestCategory="Entities" />
        <TestCategoryItem TestCategory="SystemIntegration" />
      </TestCategory>
      <Execution id="762d9bb6-c9f7-481f-aab6-357f58aca58d" />
      <TestMethod codeBase="F:\ETWork\bin\Tests\SysIntgTests.iCore.Common.Entities.dll" adapterTypeName="Microsoft.VisualStudio.TestTools.TestTypes.Unit.UnitTestAdapter" className="SysIntgTests.iCore.Common.Entities.WorkflowTests" name="Exists_NonExistingWorkflowKey_ReturnsFalse" />
    </UnitTest>
    <UnitTest name="CreateInstance_CreatesNewWorkflow" storage="f:\etwork\bin\tests\sysintgtests.icore.common.entities.dll" id="cc024b15-0873-c33b-882e-78f743940bd6">
      <Execution id="e447cebe-3a08-4289-a822-ae53e8a115a1" />
      <TestMethod codeBase="F:\ETWork\bin\Tests\SysIntgTests.iCore.Common.Entities.dll" adapterTypeName="Microsoft.VisualStudio.TestTools.TestTypes.Unit.UnitTestAdapter" className="SysIntgTests.iCore.Common.Entities.WorkflowTests" name="CreateInstance_CreatesNewWorkflow" />
    </UnitTest>
    <UnitTest name="List_ContainsEachKnownWorkflowOnce (Data Row 0)" storage="f:\etwork\bin\tests\sysintgtests.icore.common.entities.dll" id="df10c78d-36e1-4b15-8f13-a85d83d0be6b">
      <TestCategory>
        <TestCategoryItem TestCategory="Entities" />
        <TestCategoryItem TestCategory="SystemIntegration" />
      </TestCategory>
      <Execution id="ccb331fd-a206-4be2-9543-388cee5e63cc" />
      <TestMethod codeBase="F:\ETWork\bin\Tests\SysIntgTests.iCore.Common.Entities.dll" adapterTypeName="Microsoft.VisualStudio.TestTools.TestTypes.Unit.UnitTestAdapter" className="SysIntgTests.iCore.Common.Entities.WorkflowTests" name="List_ContainsEachKnownWorkflowOnce (Data Row 0)" />
    </UnitTest>
    <UnitTest name="List_ContainsEachKnownWorkflowOnce (Data Row 1)" storage="f:\etwork\bin\tests\sysintgtests.icore.common.entities.dll" id="0a2c4c6d-0067-4dd7-a414-3625d41d28b6">
      <TestCategory>
        <TestCategoryItem TestCategory="Entities" />
        <TestCategoryItem TestCategory="SystemIntegration" />
      </TestCategory>
      <Execution id="b225964c-83a5-4085-b3b6-bb52204cd1ff" />
      <TestMethod codeBase="F:\ETWork\bin\Tests\SysIntgTests.iCore.Common.Entities.dll" adapterTypeName="Microsoft.VisualStudio.TestTools.TestTypes.Unit.UnitTestAdapter" className="SysIntgTests.iCore.Common.Entities.WorkflowTests" name="List_ContainsEachKnownWorkflowOnce (Data Row 1)" />
    </UnitTest>
    <UnitTest name="List_ContainsEachKnownWorkflowOnce (Data Row 2)" storage="f:\etwork\bin\tests\sysintgtests.icore.common.entities.dll" id="845f8541-2052-48ba-b394-7c6cf743d4fe">
      <TestCategory>
        <TestCategoryItem TestCategory="Entities" />
        <TestCategoryItem TestCategory="SystemIntegration" />
      </TestCategory>
      <Execution id="457caca6-76e8-4597-83e6-6e499e835717" />
      <TestMethod codeBase="F:\ETWork\bin\Tests\SysIntgTests.iCore.Common.Entities.dll" adapterTypeName="Microsoft.VisualStudio.TestTools.TestTypes.Unit.UnitTestAdapter" className="SysIntgTests.iCore.Common.Entities.WorkflowTests" name="List_ContainsEachKnownWorkflowOnce (Data Row 2)" />
    </UnitTest>
    <UnitTest name="List_ContainsEachKnownWorkflowOnce (Data Row 3)" storage="f:\etwork\bin\tests\sysintgtests.icore.common.entities.dll" id="3d9d07cd-9afc-4cf5-9434-cfa5ab352e54">
      <TestCategory>
        <TestCategoryItem TestCategory="Entities" />
        <TestCategoryItem TestCategory="SystemIntegration" />
      </TestCategory>
      <Execution id="c29eb7dd-b93a-4720-bc25-7d25cc37440e" />
      <TestMethod codeBase="F:\ETWork\bin\Tests\SysIntgTests.iCore.Common.Entities.dll" adapterTypeName="Microsoft.VisualStudio.TestTools.TestTypes.Unit.UnitTestAdapter" className="SysIntgTests.iCore.Common.Entities.WorkflowTests" name="List_ContainsEachKnownWorkflowOnce (Data Row 3)" />
    </UnitTest>
    <UnitTest name="List_ShouldSetSystemContextCorrectly" storage="f:\etwork\bin\tests\sysintgtests.icore.common.entities.dll" id="8ceb078d-00d1-9221-8df6-986730b5f134">
      <TestCategory>
        <TestCategoryItem TestCategory="Entities" />
        <TestCategoryItem TestCategory="SystemIntegration" />
      </TestCategory>
      <Execution id="8ad42929-7e16-483e-97bd-ace91f7834ae" />
      <TestMethod codeBase="F:\ETWork\bin\Tests\SysIntgTests.iCore.Common.Entities.dll" adapterTypeName="Microsoft.VisualStudio.TestTools.TestTypes.Unit.UnitTestAdapter" className="SysIntgTests.iCore.Common.Entities.WorkflowTests" name="List_ShouldSetSystemContextCorrectly" />
    </UnitTest>
    <UnitTest name="GetByName_NullName_ThrowsArgumentNullException" storage="f:\etwork\bin\tests\sysintgtests.icore.common.entities.dll" id="3d01d8b4-c748-aeba-c64e-5c0ce68a152a">
      <TestCategory>
        <TestCategoryItem TestCategory="Entities" />
        <TestCategoryItem TestCategory="SystemIntegration" />
      </TestCategory>
      <Execution id="9f241167-02ee-4c45-8ded-110522a24610" />
      <TestMethod codeBase="F:\ETWork\bin\Tests\SysIntgTests.iCore.Common.Entities.dll" adapterTypeName="Microsoft.VisualStudio.TestTools.TestTypes.Unit.UnitTestAdapter" className="SysIntgTests.iCore.Common.Entities.WorkflowTests" name="GetByName_NullName_ThrowsArgumentNullException" />
    </UnitTest>
    <UnitTest name="GetByName_NonExistingName_ThrowsEntityNotFoundException" storage="f:\etwork\bin\tests\sysintgtests.icore.common.entities.dll" id="d5afda4a-63f0-3da3-7d08-3c6337f709f4">
      <TestCategory>
        <TestCategoryItem TestCategory="Entities" />
        <TestCategoryItem TestCategory="SystemIntegration" />
      </TestCategory>
      <Execution id="26a4a4f4-8383-4787-9d05-8d8184d2d9d6" />
      <TestMethod codeBase="F:\ETWork\bin\Tests\SysIntgTests.iCore.Common.Entities.dll" adapterTypeName="Microsoft.VisualStudio.TestTools.TestTypes.Unit.UnitTestAdapter" className="SysIntgTests.iCore.Common.Entities.WorkflowTests" name="GetByName_NonExistingName_ThrowsEntityNotFoundException" />
    </UnitTest>
    <UnitTest name="GetByName_KnownWorkflowId_ReturnsEntityWithCorrectProperties (Data Row 0)" storage="f:\etwork\bin\tests\sysintgtests.icore.common.entities.dll" id="572f2ba5-62fb-4bec-88f5-7f0d4c8f58cd">
      <TestCategory>
        <TestCategoryItem TestCategory="Entities" />
        <TestCategoryItem TestCategory="SystemIntegration" />
      </TestCategory>
      <Execution id="7595a05d-e577-43db-969b-7a5471c90af5" />
      <TestMethod codeBase="F:\ETWork\bin\Tests\SysIntgTests.iCore.Common.Entities.dll" adapterTypeName="Microsoft.VisualStudio.TestTools.TestTypes.Unit.UnitTestAdapter" className="SysIntgTests.iCore.Common.Entities.WorkflowTests" name="GetByName_KnownWorkflowId_ReturnsEntityWithCorrectProperties (Data Row 0)" />
    </UnitTest>
    <UnitTest name="GetByName_KnownWorkflowId_ReturnsEntityWithCorrectProperties (Data Row 1)" storage="f:\etwork\bin\tests\sysintgtests.icore.common.entities.dll" id="8a21e5f8-0d70-47ab-80d7-855be428f05c">
      <TestCategory>
        <TestCategoryItem TestCategory="Entities" />
        <TestCategoryItem TestCategory="SystemIntegration" />
      </TestCategory>
      <Execution id="5d1ef429-557c-4029-b6ec-2cc866eb2ba2" />
      <TestMethod codeBase="F:\ETWork\bin\Tests\SysIntgTests.iCore.Common.Entities.dll" adapterTypeName="Microsoft.VisualStudio.TestTools.TestTypes.Unit.UnitTestAdapter" className="SysIntgTests.iCore.Common.Entities.WorkflowTests" name="GetByName_KnownWorkflowId_ReturnsEntityWithCorrectProperties (Data Row 1)" />
    </UnitTest>
    <UnitTest name="GetByName_KnownWorkflowId_ReturnsEntityWithCorrectProperties (Data Row 2)" storage="f:\etwork\bin\tests\sysintgtests.icore.common.entities.dll" id="ac8b81cf-255d-49d8-bcc4-fc23b8c5934c">
      <TestCategory>
        <TestCategoryItem TestCategory="Entities" />
        <TestCategoryItem TestCategory="SystemIntegration" />
      </TestCategory>
      <Execution id="214e0cc3-484a-4800-9481-d06cb5ee22fe" />
      <TestMethod codeBase="F:\ETWork\bin\Tests\SysIntgTests.iCore.Common.Entities.dll" adapterTypeName="Microsoft.VisualStudio.TestTools.TestTypes.Unit.UnitTestAdapter" className="SysIntgTests.iCore.Common.Entities.WorkflowTests" name="GetByName_KnownWorkflowId_ReturnsEntityWithCorrectProperties (Data Row 2)" />
    </UnitTest>
    <UnitTest name="GetByName_KnownWorkflowId_ReturnsEntityWithCorrectProperties (Data Row 3)" storage="f:\etwork\bin\tests\sysintgtests.icore.common.entities.dll" id="7b28c793-91ce-4959-b0e6-dab1af135d1a">
      <TestCategory>
        <TestCategoryItem TestCategory="Entities" />
        <TestCategoryItem TestCategory="SystemIntegration" />
      </TestCategory>
      <Execution id="e73ecd2f-f771-4972-9597-5935320cf7b2" />
      <TestMethod codeBase="F:\ETWork\bin\Tests\SysIntgTests.iCore.Common.Entities.dll" adapterTypeName="Microsoft.VisualStudio.TestTools.TestTypes.Unit.UnitTestAdapter" className="SysIntgTests.iCore.Common.Entities.WorkflowTests" name="GetByName_KnownWorkflowId_ReturnsEntityWithCorrectProperties (Data Row 3)" />
    </UnitTest>
    <UnitTest name="GetById_NewGuid_ThrowsEntityNotFoundException" storage="f:\etwork\bin\tests\sysintgtests.icore.common.entities.dll" id="82105131-4956-d550-626d-f234e248617a">
      <TestCategory>
        <TestCategoryItem TestCategory="Entities" />
        <TestCategoryItem TestCategory="SystemIntegration" />
      </TestCategory>
      <Execution id="4426cc09-ae4d-4d1a-bee0-add7a4d3c78e" />
      <TestMethod codeBase="F:\ETWork\bin\Tests\SysIntgTests.iCore.Common.Entities.dll" adapterTypeName="Microsoft.VisualStudio.TestTools.TestTypes.Unit.UnitTestAdapter" className="SysIntgTests.iCore.Common.Entities.WorkflowTests" name="GetById_NewGuid_ThrowsEntityNotFoundException" />
    </UnitTest>
    <UnitTest name="GetById_KnownWorkflowId_ReturnsEntityWithCorrectProperties (Data Row 0)" storage="f:\etwork\bin\tests\sysintgtests.icore.common.entities.dll" id="b2c64bbb-cbd1-4e43-be28-c9725ca2901c">
      <TestCategory>
        <TestCategoryItem TestCategory="Entities" />
        <TestCategoryItem TestCategory="SystemIntegration" />
      </TestCategory>
      <Execution id="3a2fa3ef-0de7-4142-9cb8-2ceccfd2df6c" />
      <TestMethod codeBase="F:\ETWork\bin\Tests\SysIntgTests.iCore.Common.Entities.dll" adapterTypeName="Microsoft.VisualStudio.TestTools.TestTypes.Unit.UnitTestAdapter" className="SysIntgTests.iCore.Common.Entities.WorkflowTests" name="GetById_KnownWorkflowId_ReturnsEntityWithCorrectProperties (Data Row 0)" />
    </UnitTest>
    <UnitTest name="GetById_KnownWorkflowId_ReturnsEntityWithCorrectProperties (Data Row 1)" storage="f:\etwork\bin\tests\sysintgtests.icore.common.entities.dll" id="6f9fed82-857c-4b57-babb-f022f335c62e">
      <TestCategory>
        <TestCategoryItem TestCategory="Entities" />
        <TestCategoryItem TestCategory="SystemIntegration" />
      </TestCategory>
      <Execution id="1b6da4d1-4624-4487-b6a9-40ded69b1b02" />
      <TestMethod codeBase="F:\ETWork\bin\Tests\SysIntgTests.iCore.Common.Entities.dll" adapterTypeName="Microsoft.VisualStudio.TestTools.TestTypes.Unit.UnitTestAdapter" className="SysIntgTests.iCore.Common.Entities.WorkflowTests" name="GetById_KnownWorkflowId_ReturnsEntityWithCorrectProperties (Data Row 1)" />
    </UnitTest>
    <UnitTest name="GetById_KnownWorkflowId_ReturnsEntityWithCorrectProperties (Data Row 2)" storage="f:\etwork\bin\tests\sysintgtests.icore.common.entities.dll" id="93d73029-47cc-4a23-a020-83d24d60117b">
      <TestCategory>
        <TestCategoryItem TestCategory="Entities" />
        <TestCategoryItem TestCategory="SystemIntegration" />
      </TestCategory>
      <Execution id="92e00d65-9881-4cf5-8c9e-a42a10870a6d" />
      <TestMethod codeBase="F:\ETWork\bin\Tests\SysIntgTests.iCore.Common.Entities.dll" adapterTypeName="Microsoft.VisualStudio.TestTools.TestTypes.Unit.UnitTestAdapter" className="SysIntgTests.iCore.Common.Entities.WorkflowTests" name="GetById_KnownWorkflowId_ReturnsEntityWithCorrectProperties (Data Row 2)" />
    </UnitTest>
    <UnitTest name="GetById_KnownWorkflowId_ReturnsEntityWithCorrectProperties (Data Row 3)" storage="f:\etwork\bin\tests\sysintgtests.icore.common.entities.dll" id="0571ae5a-4a8f-4d04-b291-b59670598771">
      <TestCategory>
        <TestCategoryItem TestCategory="Entities" />
        <TestCategoryItem TestCategory="SystemIntegration" />
      </TestCategory>
      <Execution id="206804c9-62ca-479b-a0e0-542dcacaf175" />
      <TestMethod codeBase="F:\ETWork\bin\Tests\SysIntgTests.iCore.Common.Entities.dll" adapterTypeName="Microsoft.VisualStudio.TestTools.TestTypes.Unit.UnitTestAdapter" className="SysIntgTests.iCore.Common.Entities.WorkflowTests" name="GetById_KnownWorkflowId_ReturnsEntityWithCorrectProperties (Data Row 3)" />
    </UnitTest>
    <UnitTest name="TryGetById_NewGuid_ReturnsNull" storage="f:\etwork\bin\tests\sysintgtests.icore.common.entities.dll" id="161aeb24-b8b5-c6d4-a526-17bb8249006c">
      <TestCategory>
        <TestCategoryItem TestCategory="Entities" />
        <TestCategoryItem TestCategory="SystemIntegration" />
      </TestCategory>
      <Execution id="f0648f8a-3cf9-479d-978d-9be0bf94bc21" />
      <TestMethod codeBase="F:\ETWork\bin\Tests\SysIntgTests.iCore.Common.Entities.dll" adapterTypeName="Microsoft.VisualStudio.TestTools.TestTypes.Unit.UnitTestAdapter" className="SysIntgTests.iCore.Common.Entities.WorkflowTests" name="TryGetById_NewGuid_ReturnsNull" />
    </UnitTest>
    <UnitTest name="TryGetById_KnownWorkflowId_ReturnsEntityWithCorrectProperties (Data Row 0)" storage="f:\etwork\bin\tests\sysintgtests.icore.common.entities.dll" id="928ee483-f3a0-4310-ad64-718d3ce4611e">
      <TestCategory>
        <TestCategoryItem TestCategory="Entities" />
        <TestCategoryItem TestCategory="SystemIntegration" />
      </TestCategory>
      <Execution id="5a6d0a6a-7796-44ea-a71a-1aa981d3c7f3" />
      <TestMethod codeBase="F:\ETWork\bin\Tests\SysIntgTests.iCore.Common.Entities.dll" adapterTypeName="Microsoft.VisualStudio.TestTools.TestTypes.Unit.UnitTestAdapter" className="SysIntgTests.iCore.Common.Entities.WorkflowTests" name="TryGetById_KnownWorkflowId_ReturnsEntityWithCorrectProperties (Data Row 0)" />
    </UnitTest>
    <UnitTest name="TryGetById_KnownWorkflowId_ReturnsEntityWithCorrectProperties (Data Row 1)" storage="f:\etwork\bin\tests\sysintgtests.icore.common.entities.dll" id="46b457b5-3243-4e91-ace2-2f892984dbc0">
      <TestCategory>
        <TestCategoryItem TestCategory="Entities" />
        <TestCategoryItem TestCategory="SystemIntegration" />
      </TestCategory>
      <Execution id="bcf56e7b-8a5b-4a76-a158-c028362b40ba" />
      <TestMethod codeBase="F:\ETWork\bin\Tests\SysIntgTests.iCore.Common.Entities.dll" adapterTypeName="Microsoft.VisualStudio.TestTools.TestTypes.Unit.UnitTestAdapter" className="SysIntgTests.iCore.Common.Entities.WorkflowTests" name="TryGetById_KnownWorkflowId_ReturnsEntityWithCorrectProperties (Data Row 1)" />
    </UnitTest>
    <UnitTest name="TryGetById_KnownWorkflowId_ReturnsEntityWithCorrectProperties (Data Row 2)" storage="f:\etwork\bin\tests\sysintgtests.icore.common.entities.dll" id="08920e2e-9bdb-4016-b214-7762cf2df5fd">
      <TestCategory>
        <TestCategoryItem TestCategory="Entities" />
        <TestCategoryItem TestCategory="SystemIntegration" />
      </TestCategory>
      <Execution id="a98974a0-1fd7-43a6-b1e6-3f6d2c90987b" />
      <TestMethod codeBase="F:\ETWork\bin\Tests\SysIntgTests.iCore.Common.Entities.dll" adapterTypeName="Microsoft.VisualStudio.TestTools.TestTypes.Unit.UnitTestAdapter" className="SysIntgTests.iCore.Common.Entities.WorkflowTests" name="TryGetById_KnownWorkflowId_ReturnsEntityWithCorrectProperties (Data Row 2)" />
    </UnitTest>
    <UnitTest name="TryGetById_KnownWorkflowId_ReturnsEntityWithCorrectProperties (Data Row 3)" storage="f:\etwork\bin\tests\sysintgtests.icore.common.entities.dll" id="73fb6e9d-d8fd-4104-99cc-2f03e38d3dc7">
      <TestCategory>
        <TestCategoryItem TestCategory="Entities" />
        <TestCategoryItem TestCategory="SystemIntegration" />
      </TestCategory>
      <Execution id="10340cfc-f3af-4cdb-8bd3-4f17f9211920" />
      <TestMethod codeBase="F:\ETWork\bin\Tests\SysIntgTests.iCore.Common.Entities.dll" adapterTypeName="Microsoft.VisualStudio.TestTools.TestTypes.Unit.UnitTestAdapter" className="SysIntgTests.iCore.Common.Entities.WorkflowTests" name="TryGetById_KnownWorkflowId_ReturnsEntityWithCorrectProperties (Data Row 3)" />
    </UnitTest>
    <UnitTest name="GetByKey_NewGuid_ThrowsEntityNotFoundException" storage="f:\etwork\bin\tests\sysintgtests.icore.common.entities.dll" id="e8b46d0c-b887-4e8f-b8e9-aa617589d1e4">
      <TestCategory>
        <TestCategoryItem TestCategory="Entities" />
        <TestCategoryItem TestCategory="SystemIntegration" />
      </TestCategory>
      <Execution id="05b5f7e0-fb06-4a09-af40-20a5c1658fb7" />
      <TestMethod codeBase="F:\ETWork\bin\Tests\SysIntgTests.iCore.Common.Entities.dll" adapterTypeName="Microsoft.VisualStudio.TestTools.TestTypes.Unit.UnitTestAdapter" className="SysIntgTests.iCore.Common.Entities.WorkflowTests" name="GetByKey_NewGuid_ThrowsEntityNotFoundException" />
    </UnitTest>
    <UnitTest name="GetByKey_KnownWorkflowKey_ReturnsEntityWithCorrectProperties (Data Row 0)" storage="f:\etwork\bin\tests\sysintgtests.icore.common.entities.dll" id="561a6376-09e4-42be-844d-2c4bd584ab21">
      <TestCategory>
        <TestCategoryItem TestCategory="Entities" />
        <TestCategoryItem TestCategory="SystemIntegration" />
      </TestCategory>
      <Execution id="54371505-4766-4182-bea8-d10a0d3905ac" />
      <TestMethod codeBase="F:\ETWork\bin\Tests\SysIntgTests.iCore.Common.Entities.dll" adapterTypeName="Microsoft.VisualStudio.TestTools.TestTypes.Unit.UnitTestAdapter" className="SysIntgTests.iCore.Common.Entities.WorkflowTests" name="GetByKey_KnownWorkflowKey_ReturnsEntityWithCorrectProperties (Data Row 0)" />
    </UnitTest>
    <UnitTest name="GetByKey_KnownWorkflowKey_ReturnsEntityWithCorrectProperties (Data Row 1)" storage="f:\etwork\bin\tests\sysintgtests.icore.common.entities.dll" id="037f4eb3-5240-49e4-a66a-19b46236b2a8">
      <TestCategory>
        <TestCategoryItem TestCategory="Entities" />
        <TestCategoryItem TestCategory="SystemIntegration" />
      </TestCategory>
      <Execution id="bfdfb751-d7d9-4f67-83cd-9157b6b0efd4" />
      <TestMethod codeBase="F:\ETWork\bin\Tests\SysIntgTests.iCore.Common.Entities.dll" adapterTypeName="Microsoft.VisualStudio.TestTools.TestTypes.Unit.UnitTestAdapter" className="SysIntgTests.iCore.Common.Entities.WorkflowTests" name="GetByKey_KnownWorkflowKey_ReturnsEntityWithCorrectProperties (Data Row 1)" />
    </UnitTest>
    <UnitTest name="GetByKey_KnownWorkflowKey_ReturnsEntityWithCorrectProperties (Data Row 2)" storage="f:\etwork\bin\tests\sysintgtests.icore.common.entities.dll" id="72311f7a-7ab4-4755-99ab-f88b066986f3">
      <TestCategory>
        <TestCategoryItem TestCategory="Entities" />
        <TestCategoryItem TestCategory="SystemIntegration" />
      </TestCategory>
      <Execution id="003d4a34-43ba-4611-ae1e-788c661b75e2" />
      <TestMethod codeBase="F:\ETWork\bin\Tests\SysIntgTests.iCore.Common.Entities.dll" adapterTypeName="Microsoft.VisualStudio.TestTools.TestTypes.Unit.UnitTestAdapter" className="SysIntgTests.iCore.Common.Entities.WorkflowTests" name="GetByKey_KnownWorkflowKey_ReturnsEntityWithCorrectProperties (Data Row 2)" />
    </UnitTest>
    <UnitTest name="GetByKey_KnownWorkflowKey_ReturnsEntityWithCorrectProperties (Data Row 3)" storage="f:\etwork\bin\tests\sysintgtests.icore.common.entities.dll" id="4bd3e1d8-3f4e-48fe-961e-c237a5d7c3f5">
      <TestCategory>
        <TestCategoryItem TestCategory="Entities" />
        <TestCategoryItem TestCategory="SystemIntegration" />
      </TestCategory>
      <Execution id="b78580f7-8ef4-4e2b-9052-4a79b9988871" />
      <TestMethod codeBase="F:\ETWork\bin\Tests\SysIntgTests.iCore.Common.Entities.dll" adapterTypeName="Microsoft.VisualStudio.TestTools.TestTypes.Unit.UnitTestAdapter" className="SysIntgTests.iCore.Common.Entities.WorkflowTests" name="GetByKey_KnownWorkflowKey_ReturnsEntityWithCorrectProperties (Data Row 3)" />
    </UnitTest>
    <UnitTest name="GetByKey_UnsupportedKey_ThrowsArgumentException" storage="f:\etwork\bin\tests\sysintgtests.icore.common.entities.dll" id="16caab43-7018-b2c6-2ab5-26909e3e29a4">
      <TestCategory>
        <TestCategoryItem TestCategory="Entities" />
        <TestCategoryItem TestCategory="SystemIntegration" />
      </TestCategory>
      <Execution id="6ff14848-8c3a-47ba-be06-020decd28d96" />
      <TestMethod codeBase="F:\ETWork\bin\Tests\SysIntgTests.iCore.Common.Entities.dll" adapterTypeName="Microsoft.VisualStudio.TestTools.TestTypes.Unit.UnitTestAdapter" className="SysIntgTests.iCore.Common.Entities.WorkflowTests" name="GetByKey_UnsupportedKey_ThrowsArgumentException" />
    </UnitTest>
    <UnitTest name="ExistsByName_KnownWorkflowName_ReturnsTrue (Data Row 0)" storage="f:\etwork\bin\tests\sysintgtests.icore.common.entities.dll" id="4b036cf1-7aa0-42ea-840d-52645b077804">
      <TestCategory>
        <TestCategoryItem TestCategory="Entities" />
        <TestCategoryItem TestCategory="SystemIntegration" />
      </TestCategory>
      <Execution id="9036f905-c2c2-4c15-a502-7d357392b174" />
      <TestMethod codeBase="F:\ETWork\bin\Tests\SysIntgTests.iCore.Common.Entities.dll" adapterTypeName="Microsoft.VisualStudio.TestTools.TestTypes.Unit.UnitTestAdapter" className="SysIntgTests.iCore.Common.Entities.WorkflowTests" name="ExistsByName_KnownWorkflowName_ReturnsTrue (Data Row 0)" />
    </UnitTest>
    <UnitTest name="ExistsByName_KnownWorkflowName_ReturnsTrue (Data Row 1)" storage="f:\etwork\bin\tests\sysintgtests.icore.common.entities.dll" id="ec5d7fc8-b530-4aa8-b752-f95e4595849d">
      <TestCategory>
        <TestCategoryItem TestCategory="Entities" />
        <TestCategoryItem TestCategory="SystemIntegration" />
      </TestCategory>
      <Execution id="ee56b7b2-b070-47d4-a343-f20be2d2e1a7" />
      <TestMethod codeBase="F:\ETWork\bin\Tests\SysIntgTests.iCore.Common.Entities.dll" adapterTypeName="Microsoft.VisualStudio.TestTools.TestTypes.Unit.UnitTestAdapter" className="SysIntgTests.iCore.Common.Entities.WorkflowTests" name="ExistsByName_KnownWorkflowName_ReturnsTrue (Data Row 1)" />
    </UnitTest>
    <UnitTest name="ExistsByName_KnownWorkflowName_ReturnsTrue (Data Row 2)" storage="f:\etwork\bin\tests\sysintgtests.icore.common.entities.dll" id="80719233-a8e0-49aa-85a9-9a9f4651db02">
      <TestCategory>
        <TestCategoryItem TestCategory="Entities" />
        <TestCategoryItem TestCategory="SystemIntegration" />
      </TestCategory>
      <Execution id="83d348a2-a8ef-41da-89de-e9be98bea96c" />
      <TestMethod codeBase="F:\ETWork\bin\Tests\SysIntgTests.iCore.Common.Entities.dll" adapterTypeName="Microsoft.VisualStudio.TestTools.TestTypes.Unit.UnitTestAdapter" className="SysIntgTests.iCore.Common.Entities.WorkflowTests" name="ExistsByName_KnownWorkflowName_ReturnsTrue (Data Row 2)" />
    </UnitTest>
    <UnitTest name="ExistsByName_KnownWorkflowName_ReturnsTrue (Data Row 3)" storage="f:\etwork\bin\tests\sysintgtests.icore.common.entities.dll" id="3a9a89c0-ecdc-4b4a-9700-27c763b06640">
      <TestCategory>
        <TestCategoryItem TestCategory="Entities" />
        <TestCategoryItem TestCategory="SystemIntegration" />
      </TestCategory>
      <Execution id="f767a729-e4c3-4cd5-96d6-05dca78e257e" />
      <TestMethod codeBase="F:\ETWork\bin\Tests\SysIntgTests.iCore.Common.Entities.dll" adapterTypeName="Microsoft.VisualStudio.TestTools.TestTypes.Unit.UnitTestAdapter" className="SysIntgTests.iCore.Common.Entities.WorkflowTests" name="ExistsByName_KnownWorkflowName_ReturnsTrue (Data Row 3)" />
    </UnitTest>
    <UnitTest name="ExistsByName_NonExistingWorkflowName_ReturnsFalse" storage="f:\etwork\bin\tests\sysintgtests.icore.common.entities.dll" id="87c8eafe-b71d-a9e5-5fee-8d06247a48ce">
      <TestCategory>
        <TestCategoryItem TestCategory="Entities" />
        <TestCategoryItem TestCategory="SystemIntegration" />
      </TestCategory>
      <Execution id="210f27fe-e4e0-4b3f-b215-0675e83ddfef" />
      <TestMethod codeBase="F:\ETWork\bin\Tests\SysIntgTests.iCore.Common.Entities.dll" adapterTypeName="Microsoft.VisualStudio.TestTools.TestTypes.Unit.UnitTestAdapter" className="SysIntgTests.iCore.Common.Entities.WorkflowTests" name="ExistsByName_NonExistingWorkflowName_ReturnsFalse" />
    </UnitTest>
    <UnitTest name="CompileWithCurrentConfig_NonSystemInternal_CompilationSuccess (Data Row 0)" storage="f:\etwork\bin\tests\sysintgtests.icore.common.entities.dll" id="38d0c597-1984-454e-91e5-2aba637b382d">
      <TestCategory>
        <TestCategoryItem TestCategory="Entities" />
        <TestCategoryItem TestCategory="SystemIntegration" />
      </TestCategory>
      <Execution id="db3a1877-6466-4999-b883-7ca0f78dfb18" />
      <TestMethod codeBase="F:\ETWork\bin\Tests\SysIntgTests.iCore.Common.Entities.dll" adapterTypeName="Microsoft.VisualStudio.TestTools.TestTypes.Unit.UnitTestAdapter" className="SysIntgTests.iCore.Common.Entities.WorkflowTests" name="CompileWithCurrentConfig_NonSystemInternal_CompilationSuccess (Data Row 0)" />
    </UnitTest>
    <UnitTest name="CompileWithCurrentConfig_NonSystemInternal_CompilationSuccess (Data Row 1)" storage="f:\etwork\bin\tests\sysintgtests.icore.common.entities.dll" id="af582980-d874-4b02-8d6e-35703086ec9f">
      <TestCategory>
        <TestCategoryItem TestCategory="Entities" />
        <TestCategoryItem TestCategory="SystemIntegration" />
      </TestCategory>
      <Execution id="4684d151-3bca-4df4-9c4c-07e7df501d76" />
      <TestMethod codeBase="F:\ETWork\bin\Tests\SysIntgTests.iCore.Common.Entities.dll" adapterTypeName="Microsoft.VisualStudio.TestTools.TestTypes.Unit.UnitTestAdapter" className="SysIntgTests.iCore.Common.Entities.WorkflowTests" name="CompileWithCurrentConfig_NonSystemInternal_CompilationSuccess (Data Row 1)" />
    </UnitTest>
    <UnitTest name="CompileWithCurrentConfig_NonSystemInternal_CompilationSuccess (Data Row 2)" storage="f:\etwork\bin\tests\sysintgtests.icore.common.entities.dll" id="fc957b4d-374b-4c4a-b673-0f6823bac657">
      <TestCategory>
        <TestCategoryItem TestCategory="Entities" />
        <TestCategoryItem TestCategory="SystemIntegration" />
      </TestCategory>
      <Execution id="78d43203-5fa3-4fad-80df-176a67118830" />
      <TestMethod codeBase="F:\ETWork\bin\Tests\SysIntgTests.iCore.Common.Entities.dll" adapterTypeName="Microsoft.VisualStudio.TestTools.TestTypes.Unit.UnitTestAdapter" className="SysIntgTests.iCore.Common.Entities.WorkflowTests" name="CompileWithCurrentConfig_NonSystemInternal_CompilationSuccess (Data Row 2)" />
    </UnitTest>
    <UnitTest name="CompileWithCurrentConfig_NonSystemInternal_CompilationSuccess (Data Row 3)" storage="f:\etwork\bin\tests\sysintgtests.icore.common.entities.dll" id="a10f34e6-5912-4fe9-af08-f23a610fa57e">
      <TestCategory>
        <TestCategoryItem TestCategory="Entities" />
        <TestCategoryItem TestCategory="SystemIntegration" />
      </TestCategory>
      <Execution id="2d190da7-395e-484c-b8e5-64436b5ec870" />
      <TestMethod codeBase="F:\ETWork\bin\Tests\SysIntgTests.iCore.Common.Entities.dll" adapterTypeName="Microsoft.VisualStudio.TestTools.TestTypes.Unit.UnitTestAdapter" className="SysIntgTests.iCore.Common.Entities.WorkflowTests" name="CompileWithCurrentConfig_NonSystemInternal_CompilationSuccess (Data Row 3)" />
    </UnitTest>
    <UnitTest name="CompileAndSave_NonSystemInternal_Success (Data Row 0)" storage="f:\etwork\bin\tests\sysintgtests.icore.common.entities.dll" id="f5946d3a-ded8-4bd2-a587-262b6af2f84a">
      <TestCategory>
        <TestCategoryItem TestCategory="Entities" />
        <TestCategoryItem TestCategory="SystemIntegration" />
      </TestCategory>
      <Execution id="4650fe75-d305-4da3-b958-9eb620c43bae" />
      <TestMethod codeBase="F:\ETWork\bin\Tests\SysIntgTests.iCore.Common.Entities.dll" adapterTypeName="Microsoft.VisualStudio.TestTools.TestTypes.Unit.UnitTestAdapter" className="SysIntgTests.iCore.Common.Entities.WorkflowTests" name="CompileAndSave_NonSystemInternal_Success (Data Row 0)" />
    </UnitTest>
    <UnitTest name="CompileAndSave_NonSystemInternal_Success (Data Row 1)" storage="f:\etwork\bin\tests\sysintgtests.icore.common.entities.dll" id="41b1f2ff-7d0b-4032-b4fd-490540b6c1fd">
      <TestCategory>
        <TestCategoryItem TestCategory="Entities" />
        <TestCategoryItem TestCategory="SystemIntegration" />
      </TestCategory>
      <Execution id="bec2564b-d950-41ba-b6ee-312a01c3e5fc" />
      <TestMethod codeBase="F:\ETWork\bin\Tests\SysIntgTests.iCore.Common.Entities.dll" adapterTypeName="Microsoft.VisualStudio.TestTools.TestTypes.Unit.UnitTestAdapter" className="SysIntgTests.iCore.Common.Entities.WorkflowTests" name="CompileAndSave_NonSystemInternal_Success (Data Row 1)" />
    </UnitTest>
    <UnitTest name="CompileAndSave_NonSystemInternal_Success (Data Row 2)" storage="f:\etwork\bin\tests\sysintgtests.icore.common.entities.dll" id="4ccb3e64-bad8-492f-b7b9-4bd2769924f9">
      <TestCategory>
        <TestCategoryItem TestCategory="Entities" />
        <TestCategoryItem TestCategory="SystemIntegration" />
      </TestCategory>
      <Execution id="d75af05d-d1e2-4306-91c1-487ce7f99d16" />
      <TestMethod codeBase="F:\ETWork\bin\Tests\SysIntgTests.iCore.Common.Entities.dll" adapterTypeName="Microsoft.VisualStudio.TestTools.TestTypes.Unit.UnitTestAdapter" className="SysIntgTests.iCore.Common.Entities.WorkflowTests" name="CompileAndSave_NonSystemInternal_Success (Data Row 2)" />
    </UnitTest>
    <UnitTest name="CompileAndSave_NonSystemInternal_Success (Data Row 3)" storage="f:\etwork\bin\tests\sysintgtests.icore.common.entities.dll" id="77e8d31f-5782-408e-bc9e-70e9460cc8e6">
      <TestCategory>
        <TestCategoryItem TestCategory="Entities" />
        <TestCategoryItem TestCategory="SystemIntegration" />
      </TestCategory>
      <Execution id="d4407cc5-766e-49f7-a37a-f9391fcc3222" />
      <TestMethod codeBase="F:\ETWork\bin\Tests\SysIntgTests.iCore.Common.Entities.dll" adapterTypeName="Microsoft.VisualStudio.TestTools.TestTypes.Unit.UnitTestAdapter" className="SysIntgTests.iCore.Common.Entities.WorkflowTests" name="CompileAndSave_NonSystemInternal_Success (Data Row 3)" />
    </UnitTest>
    <UnitTest name="CompileWithCurrentConfig_NonExistingWorkflow_ThrowsEntityNotFoundException" storage="f:\etwork\bin\tests\sysintgtests.icore.common.entities.dll" id="3de92855-8b2f-f6c0-4ac8-efb65ad34c48">
      <TestCategory>
        <TestCategoryItem TestCategory="Entities" />
        <TestCategoryItem TestCategory="SystemIntegration" />
      </TestCategory>
      <Execution id="269aecaa-d2ff-4407-b814-e20869ce5609" />
      <TestMethod codeBase="F:\ETWork\bin\Tests\SysIntgTests.iCore.Common.Entities.dll" adapterTypeName="Microsoft.VisualStudio.TestTools.TestTypes.Unit.UnitTestAdapter" className="SysIntgTests.iCore.Common.Entities.WorkflowTests" name="CompileWithCurrentConfig_NonExistingWorkflow_ThrowsEntityNotFoundException" />
    </UnitTest>
    <UnitTest name="Delete_UnusedWorkflow_SuccessfullyDeletesWorkflow" storage="f:\etwork\bin\tests\sysintgtests.icore.common.entities.dll" id="0ddeff3d-0a69-7b5a-1efa-f6bdb7ff5299">
      <TestCategory>
        <TestCategoryItem TestCategory="Entities" />
        <TestCategoryItem TestCategory="SystemIntegration" />
      </TestCategory>
      <Execution id="c47a7c97-ac98-4507-a52e-f44138effeb8" />
      <TestMethod codeBase="F:\ETWork\bin\Tests\SysIntgTests.iCore.Common.Entities.dll" adapterTypeName="Microsoft.VisualStudio.TestTools.TestTypes.Unit.UnitTestAdapter" className="SysIntgTests.iCore.Common.Entities.WorkflowTests" name="Delete_UnusedWorkflow_SuccessfullyDeletesWorkflow" />
    </UnitTest>
    <UnitTest name="Delete_NonDeletableWorkflow_Throws" storage="f:\etwork\bin\tests\sysintgtests.icore.common.entities.dll" id="42fa1864-6de1-7d34-cf45-e806ff6668ea">
      <TestCategory>
        <TestCategoryItem TestCategory="Entities" />
        <TestCategoryItem TestCategory="SystemIntegration" />
      </TestCategory>
      <Execution id="51663a8d-7728-405c-8690-fce4356afe14" />
      <TestMethod codeBase="F:\ETWork\bin\Tests\SysIntgTests.iCore.Common.Entities.dll" adapterTypeName="Microsoft.VisualStudio.TestTools.TestTypes.Unit.UnitTestAdapter" className="SysIntgTests.iCore.Common.Entities.WorkflowTests" name="Delete_NonDeletableWorkflow_Throws" />
    </UnitTest>
    <UnitTest name="Delete_WithCascade_DispatchedJobExist_ThrowsEntityDependencyException" storage="f:\etwork\bin\tests\sysintgtests.icore.common.entities.dll" id="973397bd-0292-9358-cc41-389bd90cd826">
      <TestCategory>
        <TestCategoryItem TestCategory="Entities" />
        <TestCategoryItem TestCategory="SystemIntegration" />
      </TestCategory>
      <Execution id="ec5d6992-03d7-4f5d-b6f6-280ac1f8d623" />
      <TestMethod codeBase="F:\ETWork\bin\Tests\SysIntgTests.iCore.Common.Entities.dll" adapterTypeName="Microsoft.VisualStudio.TestTools.TestTypes.Unit.UnitTestAdapter" className="SysIntgTests.iCore.Common.Entities.WorkflowTests" name="Delete_WithCascade_DispatchedJobExist_ThrowsEntityDependencyException" />
    </UnitTest>
    <UnitTest name="Delete_WithCascade_StartPendingJobExist_ThrowsEntityDependencyException" storage="f:\etwork\bin\tests\sysintgtests.icore.common.entities.dll" id="470d8939-f117-f00d-09ed-855a0ba32f29">
      <TestCategory>
        <TestCategoryItem TestCategory="Entities" />
        <TestCategoryItem TestCategory="SystemIntegration" />
      </TestCategory>
      <Execution id="19f6bb75-fae1-4276-9e14-7a4123dcd027" />
      <TestMethod codeBase="F:\ETWork\bin\Tests\SysIntgTests.iCore.Common.Entities.dll" adapterTypeName="Microsoft.VisualStudio.TestTools.TestTypes.Unit.UnitTestAdapter" className="SysIntgTests.iCore.Common.Entities.WorkflowTests" name="Delete_WithCascade_StartPendingJobExist_ThrowsEntityDependencyException" />
    </UnitTest>
    <UnitTest name="Delete_WithCascade_RunningJobExist_ThrowsEntityDependencyException" storage="f:\etwork\bin\tests\sysintgtests.icore.common.entities.dll" id="768fc910-1e26-0e44-e653-b4ffdfee6d36">
      <TestCategory>
        <TestCategoryItem TestCategory="Entities" />
        <TestCategoryItem TestCategory="SystemIntegration" />
      </TestCategory>
      <Execution id="7cbdc5a3-27c4-45aa-ad67-fcd6fa9e6bb1" />
      <TestMethod codeBase="F:\ETWork\bin\Tests\SysIntgTests.iCore.Common.Entities.dll" adapterTypeName="Microsoft.VisualStudio.TestTools.TestTypes.Unit.UnitTestAdapter" className="SysIntgTests.iCore.Common.Entities.WorkflowTests" name="Delete_WithCascade_RunningJobExist_ThrowsEntityDependencyException" />
    </UnitTest>
    <UnitTest name="Delete_WithCascade_FinishedJobsExist_Succeeds" storage="f:\etwork\bin\tests\sysintgtests.icore.common.entities.dll" id="48c12ac8-78d8-059c-f3f6-fa4324fd2c76">
      <TestCategory>
        <TestCategoryItem TestCategory="Entities" />
        <TestCategoryItem TestCategory="SystemIntegration" />
      </TestCategory>
      <Execution id="2191ad16-7fcf-4cf1-a91f-1d9bbcad0897" />
      <TestMethod codeBase="F:\ETWork\bin\Tests\SysIntgTests.iCore.Common.Entities.dll" adapterTypeName="Microsoft.VisualStudio.TestTools.TestTypes.Unit.UnitTestAdapter" className="SysIntgTests.iCore.Common.Entities.WorkflowTests" name="Delete_WithCascade_FinishedJobsExist_Succeeds" />
    </UnitTest>
    <UnitTest name="Workflow_ExportImportTest" storage="f:\etwork\bin\tests\sysintgtests.icore.common.entities.dll" id="f174d42d-4fd5-9e34-977f-5fe9ffc31bd2">
      <TestCategory>
        <TestCategoryItem TestCategory="Entities" />
        <TestCategoryItem TestCategory="SystemIntegration" />
      </TestCategory>
      <Execution id="b7927427-44b2-46cf-a313-9e430251cee5" />
      <TestMethod codeBase="F:\ETWork\bin\Tests\SysIntgTests.iCore.Common.Entities.dll" adapterTypeName="Microsoft.VisualStudio.TestTools.TestTypes.Unit.UnitTestAdapter" className="SysIntgTests.iCore.Common.Entities.WorkflowTests" name="Workflow_ExportImportTest" />
    </UnitTest>
    <UnitTest name="GetAssemblyName_VerifyAssemblyName_AssemblyNameNameIsEqualToEntityName" storage="f:\etwork\bin\tests\sysintgtests.icore.common.entities.dll" id="0c6e1dfd-48ea-0c13-c535-c4f7ab8dbec8">
      <TestCategory>
        <TestCategoryItem TestCategory="Entities" />
        <TestCategoryItem TestCategory="SystemIntegration" />
      </TestCategory>
      <Execution id="1e643887-8f1a-4189-887e-3095f5a3b385" />
      <TestMethod codeBase="F:\ETWork\bin\Tests\SysIntgTests.iCore.Common.Entities.dll" adapterTypeName="Microsoft.VisualStudio.TestTools.TestTypes.Unit.UnitTestAdapter" className="SysIntgTests.iCore.Common.Entities.WorkflowTests" name="GetAssemblyName_VerifyAssemblyName_AssemblyNameNameIsEqualToEntityName" />
    </UnitTest>
    <UnitTest name="Update_NullName_ThrowsArgumentNullException" storage="f:\etwork\bin\tests\sysintgtests.icore.common.entities.dll" id="cc401b74-ac4e-4569-f721-cd77c383bc47">
      <TestCategory>
        <TestCategoryItem TestCategory="Entities" />
        <TestCategoryItem TestCategory="SystemIntegration" />
      </TestCategory>
      <Execution id="773a164e-1852-4790-9d0f-75d1fd9cec98" />
      <TestMethod codeBase="F:\ETWork\bin\Tests\SysIntgTests.iCore.Common.Entities.dll" adapterTypeName="Microsoft.VisualStudio.TestTools.TestTypes.Unit.UnitTestAdapter" className="SysIntgTests.iCore.Common.Entities.WorkflowTests" name="Update_NullName_ThrowsArgumentNullException" />
    </UnitTest>
    <UnitTest name="Update_EmtpyName_ThrowsStringLengthErrorException" storage="f:\etwork\bin\tests\sysintgtests.icore.common.entities.dll" id="48b55259-51a2-ee78-0e03-3b3d9a417346">
      <TestCategory>
        <TestCategoryItem TestCategory="Entities" />
        <TestCategoryItem TestCategory="SystemIntegration" />
      </TestCategory>
      <Execution id="7f17cbbe-c647-4b75-b38c-6a8ad55bb771" />
      <TestMethod codeBase="F:\ETWork\bin\Tests\SysIntgTests.iCore.Common.Entities.dll" adapterTypeName="Microsoft.VisualStudio.TestTools.TestTypes.Unit.UnitTestAdapter" className="SysIntgTests.iCore.Common.Entities.WorkflowTests" name="Update_EmtpyName_ThrowsStringLengthErrorException" />
    </UnitTest>
    <UnitTest name="Update_WhitespaceOnlyName_ThrowsStringLengthErrorException" storage="f:\etwork\bin\tests\sysintgtests.icore.common.entities.dll" id="f00b6649-6c90-42d9-694d-17a0b7beca33">
      <TestCategory>
        <TestCategoryItem TestCategory="Entities" />
        <TestCategoryItem TestCategory="SystemIntegration" />
      </TestCategory>
      <Execution id="91fb1d57-28a2-4968-83d2-3324baea4c03" />
      <TestMethod codeBase="F:\ETWork\bin\Tests\SysIntgTests.iCore.Common.Entities.dll" adapterTypeName="Microsoft.VisualStudio.TestTools.TestTypes.Unit.UnitTestAdapter" className="SysIntgTests.iCore.Common.Entities.WorkflowTests" name="Update_WhitespaceOnlyName_ThrowsStringLengthErrorException" />
    </UnitTest>
    <UnitTest name="Update_TooLongName_ThrowsStringLengthErrorException" storage="f:\etwork\bin\tests\sysintgtests.icore.common.entities.dll" id="5e94a716-b438-aad1-9b41-c779797409a3">
      <TestCategory>
        <TestCategoryItem TestCategory="Entities" />
        <TestCategoryItem TestCategory="SystemIntegration" />
      </TestCategory>
      <Execution id="feb08f86-c277-4148-9941-49c29d054b6d" />
      <TestMethod codeBase="F:\ETWork\bin\Tests\SysIntgTests.iCore.Common.Entities.dll" adapterTypeName="Microsoft.VisualStudio.TestTools.TestTypes.Unit.UnitTestAdapter" className="SysIntgTests.iCore.Common.Entities.WorkflowTests" name="Update_TooLongName_ThrowsStringLengthErrorException" />
    </UnitTest>
    <UnitTest name="Update_LongDescription_Succeeds" storage="f:\etwork\bin\tests\sysintgtests.icore.common.entities.dll" id="d2cdf257-52da-b644-8d84-a434c4957e75">
      <TestCategory>
        <TestCategoryItem TestCategory="Entities" />
        <TestCategoryItem TestCategory="SystemIntegration" />
      </TestCategory>
      <Execution id="e1e3cc6a-92d5-4930-86e7-850409eda964" />
      <TestMethod codeBase="F:\ETWork\bin\Tests\SysIntgTests.iCore.Common.Entities.dll" adapterTypeName="Microsoft.VisualStudio.TestTools.TestTypes.Unit.UnitTestAdapter" className="SysIntgTests.iCore.Common.Entities.WorkflowTests" name="Update_LongDescription_Succeeds" />
    </UnitTest>
    <UnitTest name="Update_DuplicateName_ThrowsUniqueValueAddConflictException" storage="f:\etwork\bin\tests\sysintgtests.icore.common.entities.dll" id="4c642838-bc38-c741-1074-15340d792e77">
      <TestCategory>
        <TestCategoryItem TestCategory="Entities" />
        <TestCategoryItem TestCategory="SystemIntegration" />
      </TestCategory>
      <Execution id="c069c3b5-0c7b-47ab-a47d-6d2e307a984f" />
      <TestMethod codeBase="F:\ETWork\bin\Tests\SysIntgTests.iCore.Common.Entities.dll" adapterTypeName="Microsoft.VisualStudio.TestTools.TestTypes.Unit.UnitTestAdapter" className="SysIntgTests.iCore.Common.Entities.WorkflowTests" name="Update_DuplicateName_ThrowsUniqueValueAddConflictException" />
    </UnitTest>
    <UnitTest name="Update_ComplexProperties_ArePersistedCorrectly" storage="f:\etwork\bin\tests\sysintgtests.icore.common.entities.dll" id="723a8610-c55c-f137-5728-2efc4b3b1778">
      <TestCategory>
        <TestCategoryItem TestCategory="Entities" />
        <TestCategoryItem TestCategory="SystemIntegration" />
      </TestCategory>
      <Execution id="96e53d09-144e-4b02-8550-c351b0c27dc1" />
      <TestMethod codeBase="F:\ETWork\bin\Tests\SysIntgTests.iCore.Common.Entities.dll" adapterTypeName="Microsoft.VisualStudio.TestTools.TestTypes.Unit.UnitTestAdapter" className="SysIntgTests.iCore.Common.Entities.WorkflowTests" name="Update_ComplexProperties_ArePersistedCorrectly" />
    </UnitTest>
    <UnitTest name="Update_UnchangedName_Succeeds" storage="f:\etwork\bin\tests\sysintgtests.icore.common.entities.dll" id="1a880199-4517-8d08-6ba5-11b77c2cddfb">
      <TestCategory>
        <TestCategoryItem TestCategory="Entities" />
        <TestCategoryItem TestCategory="SystemIntegration" />
      </TestCategory>
      <Execution id="1e258840-88fc-454c-8fb7-462f326fc493" />
      <TestMethod codeBase="F:\ETWork\bin\Tests\SysIntgTests.iCore.Common.Entities.dll" adapterTypeName="Microsoft.VisualStudio.TestTools.TestTypes.Unit.UnitTestAdapter" className="SysIntgTests.iCore.Common.Entities.WorkflowTests" name="Update_UnchangedName_Succeeds" />
    </UnitTest>
    <UnitTest name="Update_DuplicateClrName_ThrowsUniqueValueUpdateConflictErrorException" storage="f:\etwork\bin\tests\sysintgtests.icore.common.entities.dll" id="8ad4431e-1f37-a923-108e-973d80682ef2">
      <TestCategory>
        <TestCategoryItem TestCategory="Entities" />
        <TestCategoryItem TestCategory="SystemIntegration" />
      </TestCategory>
      <Execution id="25ef9362-8058-4230-896d-a8dbbdae65b0" />
      <TestMethod codeBase="F:\ETWork\bin\Tests\SysIntgTests.iCore.Common.Entities.dll" adapterTypeName="Microsoft.VisualStudio.TestTools.TestTypes.Unit.UnitTestAdapter" className="SysIntgTests.iCore.Common.Entities.WorkflowTests" name="Update_DuplicateClrName_ThrowsUniqueValueUpdateConflictErrorException" />
    </UnitTest>
    <UnitTest name="Save_NewValidWorkflow_SucceedsAndPersistsEntityCorrectly" storage="f:\etwork\bin\tests\sysintgtests.icore.common.entities.dll" id="96655489-03b2-8d48-97ed-1e1a62675502">
      <TestCategory>
        <TestCategoryItem TestCategory="Entities" />
        <TestCategoryItem TestCategory="SystemIntegration" />
      </TestCategory>
      <Execution id="84479fb6-8562-4a3e-a9da-c896b90cfef7" />
      <TestMethod codeBase="F:\ETWork\bin\Tests\SysIntgTests.iCore.Common.Entities.dll" adapterTypeName="Microsoft.VisualStudio.TestTools.TestTypes.Unit.UnitTestAdapter" className="SysIntgTests.iCore.Common.Entities.WorkflowTests" name="Save_NewValidWorkflow_SucceedsAndPersistsEntityCorrectly" />
    </UnitTest>
    <UnitTest name="AssignDesignTimeXaml_MetaDataIsAdded_MetaDataContainsVersion" storage="f:\etwork\bin\tests\sysintgtests.icore.common.entities.dll" id="6f9861c9-6c86-3692-1bf7-b00a4d76e90e">
      <TestCategory>
        <TestCategoryItem TestCategory="Entities" />
        <TestCategoryItem TestCategory="SystemIntegration" />
      </TestCategory>
      <Execution id="daef8c9a-47aa-426c-831e-9243d6382b56" />
      <TestMethod codeBase="F:\ETWork\bin\Tests\SysIntgTests.iCore.Common.Entities.dll" adapterTypeName="Microsoft.VisualStudio.TestTools.TestTypes.Unit.UnitTestAdapter" className="SysIntgTests.iCore.Common.Entities.WorkflowTests" name="AssignDesignTimeXaml_MetaDataIsAdded_MetaDataContainsVersion" />
    </UnitTest>
    <UnitTest name="ValidateAndUpdateName_NullValue_ThrowsArgumentNullException" storage="f:\etwork\bin\tests\sysintgtests.icore.common.entities.dll" id="7edb16cb-27a3-be9b-d219-fc38d183e686">
      <TestCategory>
        <TestCategoryItem TestCategory="Entities" />
        <TestCategoryItem TestCategory="SystemIntegration" />
      </TestCategory>
      <Execution id="2d72c0b7-b928-4a65-a451-fe49667484d7" />
      <TestMethod codeBase="F:\ETWork\bin\Tests\SysIntgTests.iCore.Common.Entities.dll" adapterTypeName="Microsoft.VisualStudio.TestTools.TestTypes.Unit.UnitTestAdapter" className="SysIntgTests.iCore.Common.Entities.WorkflowTests" name="ValidateAndUpdateName_NullValue_ThrowsArgumentNullException" />
    </UnitTest>
    <UnitTest name="ValidateAndUpdateName_EmptyString_ThrowsStringLengthErrorException" storage="f:\etwork\bin\tests\sysintgtests.icore.common.entities.dll" id="1b5f1436-2217-c7d1-b9b3-a7a5706e6429">
      <TestCategory>
        <TestCategoryItem TestCategory="Entities" />
        <TestCategoryItem TestCategory="SystemIntegration" />
      </TestCategory>
      <Execution id="700013b4-2796-4740-93d4-b67b98baed46" />
      <TestMethod codeBase="F:\ETWork\bin\Tests\SysIntgTests.iCore.Common.Entities.dll" adapterTypeName="Microsoft.VisualStudio.TestTools.TestTypes.Unit.UnitTestAdapter" className="SysIntgTests.iCore.Common.Entities.WorkflowTests" name="ValidateAndUpdateName_EmptyString_ThrowsStringLengthErrorException" />
    </UnitTest>
    <UnitTest name="ValidateAndUpdateName__WhitespaceOnlyString_ThrowsStringLengthErrorException" storage="f:\etwork\bin\tests\sysintgtests.icore.common.entities.dll" id="0e95a0ef-fe2e-93ff-348e-bd1c6cf21b70">
      <TestCategory>
        <TestCategoryItem TestCategory="Entities" />
        <TestCategoryItem TestCategory="SystemIntegration" />
      </TestCategory>
      <Execution id="1004645c-8153-401b-9db5-8e93593106cb" />
      <TestMethod codeBase="F:\ETWork\bin\Tests\SysIntgTests.iCore.Common.Entities.dll" adapterTypeName="Microsoft.VisualStudio.TestTools.TestTypes.Unit.UnitTestAdapter" className="SysIntgTests.iCore.Common.Entities.WorkflowTests" name="ValidateAndUpdateName__WhitespaceOnlyString_ThrowsStringLengthErrorException" />
    </UnitTest>
    <UnitTest name="ValidateAndUpdateName_TooLongName_ThrowsStringLengthErrorException" storage="f:\etwork\bin\tests\sysintgtests.icore.common.entities.dll" id="e37ae6b6-a8ae-ea05-2b8d-7a1f451e5c28">
      <TestCategory>
        <TestCategoryItem TestCategory="Entities" />
        <TestCategoryItem TestCategory="SystemIntegration" />
      </TestCategory>
      <Execution id="04e4c0d6-86ae-4f65-97b2-5d4db47d5139" />
      <TestMethod codeBase="F:\ETWork\bin\Tests\SysIntgTests.iCore.Common.Entities.dll" adapterTypeName="Microsoft.VisualStudio.TestTools.TestTypes.Unit.UnitTestAdapter" className="SysIntgTests.iCore.Common.Entities.WorkflowTests" name="ValidateAndUpdateName_TooLongName_ThrowsStringLengthErrorException" />
    </UnitTest>
    <UnitTest name="ValidateAndUpdateName_ValidName_NameIsUpdated" storage="f:\etwork\bin\tests\sysintgtests.icore.common.entities.dll" id="da334f3e-3389-65b4-dae4-a2d41c43b6fe">
      <TestCategory>
        <TestCategoryItem TestCategory="Entities" />
        <TestCategoryItem TestCategory="SystemIntegration" />
      </TestCategory>
      <Execution id="65171117-5547-4851-b9e5-f9beb8fac3e2" />
      <TestMethod codeBase="F:\ETWork\bin\Tests\SysIntgTests.iCore.Common.Entities.dll" adapterTypeName="Microsoft.VisualStudio.TestTools.TestTypes.Unit.UnitTestAdapter" className="SysIntgTests.iCore.Common.Entities.WorkflowTests" name="ValidateAndUpdateName_ValidName_NameIsUpdated" />
    </UnitTest>
    <UnitTest name="ValidateAndUpdateName_ValidName_ClrNameIsUpdated" storage="f:\etwork\bin\tests\sysintgtests.icore.common.entities.dll" id="b4016b88-1968-ec29-0011-bfdf1cad1d5d">
      <TestCategory>
        <TestCategoryItem TestCategory="Entities" />
        <TestCategoryItem TestCategory="SystemIntegration" />
      </TestCategory>
      <Execution id="c970ad8a-18be-4a58-beae-546d9db3a092" />
      <TestMethod codeBase="F:\ETWork\bin\Tests\SysIntgTests.iCore.Common.Entities.dll" adapterTypeName="Microsoft.VisualStudio.TestTools.TestTypes.Unit.UnitTestAdapter" className="SysIntgTests.iCore.Common.Entities.WorkflowTests" name="ValidateAndUpdateName_ValidName_ClrNameIsUpdated" />
    </UnitTest>
    <UnitTest name="RepositoryEntityTypeId_ReturnsNodeType" storage="f:\etwork\bin\tests\sysintgtests.icore.common.entities.dll" id="21dab211-6cff-c7a1-097b-e0f92f74562a">
      <TestCategory>
        <TestCategoryItem TestCategory="Entities" />
        <TestCategoryItem TestCategory="SystemIntegration" />
      </TestCategory>
      <Execution id="b0c253c5-adda-45b0-a3c8-3cf6980ec112" />
      <TestMethod codeBase="F:\ETWork\bin\Tests\SysIntgTests.iCore.Common.Entities.dll" adapterTypeName="Microsoft.VisualStudio.TestTools.TestTypes.Unit.UnitTestAdapter" className="SysIntgTests.iCore.Common.Entities.NodeTypeTests" name="RepositoryEntityTypeId_ReturnsNodeType" />
    </UnitTest>
    <UnitTest name="RepositoryEntityType_ReturnsINodeType" storage="f:\etwork\bin\tests\sysintgtests.icore.common.entities.dll" id="ba714e6e-2e2a-a62b-a721-7085c686f292">
      <TestCategory>
        <TestCategoryItem TestCategory="Entities" />
        <TestCategoryItem TestCategory="SystemIntegration" />
      </TestCategory>
      <Execution id="c2efdea1-4263-4b1e-a142-46dc7b32d5b6" />
      <TestMethod codeBase="F:\ETWork\bin\Tests\SysIntgTests.iCore.Common.Entities.dll" adapterTypeName="Microsoft.VisualStudio.TestTools.TestTypes.Unit.UnitTestAdapter" className="SysIntgTests.iCore.Common.Entities.NodeTypeTests" name="RepositoryEntityType_ReturnsINodeType" />
    </UnitTest>
    <UnitTest name="RepositorySystemContext_MatchesActualSystemContext" storage="f:\etwork\bin\tests\sysintgtests.icore.common.entities.dll" id="7d8b3324-90e3-cad5-988e-bd7d4d44d688">
      <TestCategory>
        <TestCategoryItem TestCategory="Entities" />
        <TestCategoryItem TestCategory="SystemIntegration" />
      </TestCategory>
      <Execution id="d826c17d-d100-4a29-a38f-34d37b23b984" />
      <TestMethod codeBase="F:\ETWork\bin\Tests\SysIntgTests.iCore.Common.Entities.dll" adapterTypeName="Microsoft.VisualStudio.TestTools.TestTypes.Unit.UnitTestAdapter" className="SysIntgTests.iCore.Common.Entities.NodeTypeTests" name="RepositorySystemContext_MatchesActualSystemContext" />
    </UnitTest>
    <UnitTest name="Exists_KnownNodeTypeId_ReturnsTrue (Data Row 0)" storage="f:\etwork\bin\tests\sysintgtests.icore.common.entities.dll" id="c68b4508-b8d7-470b-a16d-f2a5e1e3de3b">
      <TestCategory>
        <TestCategoryItem TestCategory="Entities" />
        <TestCategoryItem TestCategory="SystemIntegration" />
      </TestCategory>
      <Execution id="790ffd18-cbe2-4762-87b5-a985e9c28e6a" />
      <TestMethod codeBase="F:\ETWork\bin\Tests\SysIntgTests.iCore.Common.Entities.dll" adapterTypeName="Microsoft.VisualStudio.TestTools.TestTypes.Unit.UnitTestAdapter" className="SysIntgTests.iCore.Common.Entities.NodeTypeTests" name="Exists_KnownNodeTypeId_ReturnsTrue (Data Row 0)" />
    </UnitTest>
    <UnitTest name="Exists_KnownNodeTypeId_ReturnsTrue (Data Row 1)" storage="f:\etwork\bin\tests\sysintgtests.icore.common.entities.dll" id="e1ac3326-3a89-4124-9a72-3da7ff976d4f">
      <TestCategory>
        <TestCategoryItem TestCategory="Entities" />
        <TestCategoryItem TestCategory="SystemIntegration" />
      </TestCategory>
      <Execution id="f25dfce2-24c0-4563-b211-94c712cd2984" />
      <TestMethod codeBase="F:\ETWork\bin\Tests\SysIntgTests.iCore.Common.Entities.dll" adapterTypeName="Microsoft.VisualStudio.TestTools.TestTypes.Unit.UnitTestAdapter" className="SysIntgTests.iCore.Common.Entities.NodeTypeTests" name="Exists_KnownNodeTypeId_ReturnsTrue (Data Row 1)" />
    </UnitTest>
    <UnitTest name="Exists_KnownNodeTypeId_ReturnsTrue (Data Row 2)" storage="f:\etwork\bin\tests\sysintgtests.icore.common.entities.dll" id="f9a6ad0f-3995-4aec-b1b6-10d0dbfe7b51">
      <TestCategory>
        <TestCategoryItem TestCategory="Entities" />
        <TestCategoryItem TestCategory="SystemIntegration" />
      </TestCategory>
      <Execution id="9e9bedd6-f1ab-4498-8b6a-f709d71e8c44" />
      <TestMethod codeBase="F:\ETWork\bin\Tests\SysIntgTests.iCore.Common.Entities.dll" adapterTypeName="Microsoft.VisualStudio.TestTools.TestTypes.Unit.UnitTestAdapter" className="SysIntgTests.iCore.Common.Entities.NodeTypeTests" name="Exists_KnownNodeTypeId_ReturnsTrue (Data Row 2)" />
    </UnitTest>
    <UnitTest name="Exists_KnownNodeTypeId_ReturnsTrue (Data Row 3)" storage="f:\etwork\bin\tests\sysintgtests.icore.common.entities.dll" id="2b20b93a-9a9a-4379-9a4b-a7f81c73a846">
      <TestCategory>
        <TestCategoryItem TestCategory="Entities" />
        <TestCategoryItem TestCategory="SystemIntegration" />
      </TestCategory>
      <Execution id="a7f3f049-b0e5-4efa-8552-d57f84b5f163" />
      <TestMethod codeBase="F:\ETWork\bin\Tests\SysIntgTests.iCore.Common.Entities.dll" adapterTypeName="Microsoft.VisualStudio.TestTools.TestTypes.Unit.UnitTestAdapter" className="SysIntgTests.iCore.Common.Entities.NodeTypeTests" name="Exists_KnownNodeTypeId_ReturnsTrue (Data Row 3)" />
    </UnitTest>
    <UnitTest name="Exists_NonExistingNodeTypeId_ReturnsFalse" storage="f:\etwork\bin\tests\sysintgtests.icore.common.entities.dll" id="d578b053-f9a8-789c-a9b1-cc464a49772f">
      <TestCategory>
        <TestCategoryItem TestCategory="Entities" />
        <TestCategoryItem TestCategory="SystemIntegration" />
      </TestCategory>
      <Execution id="64cc0550-f553-449d-89e1-3683e6422b3b" />
      <TestMethod codeBase="F:\ETWork\bin\Tests\SysIntgTests.iCore.Common.Entities.dll" adapterTypeName="Microsoft.VisualStudio.TestTools.TestTypes.Unit.UnitTestAdapter" className="SysIntgTests.iCore.Common.Entities.NodeTypeTests" name="Exists_NonExistingNodeTypeId_ReturnsFalse" />
    </UnitTest>
    <UnitTest name="Exists_NodeTypeVersionKey_ThrowsArgumentException" storage="f:\etwork\bin\tests\sysintgtests.icore.common.entities.dll" id="a910230e-e0fd-9169-a8fe-36e9f2e00269">
      <TestCategory>
        <TestCategoryItem TestCategory="Entities" />
        <TestCategoryItem TestCategory="SystemIntegration" />
      </TestCategory>
      <Execution id="fc5de7fc-d51b-4890-bd1a-42c002ef732a" />
      <TestMethod codeBase="F:\ETWork\bin\Tests\SysIntgTests.iCore.Common.Entities.dll" adapterTypeName="Microsoft.VisualStudio.TestTools.TestTypes.Unit.UnitTestAdapter" className="SysIntgTests.iCore.Common.Entities.NodeTypeTests" name="Exists_NodeTypeVersionKey_ThrowsArgumentException" />
    </UnitTest>
    <UnitTest name="Exists_KnownNodeTypeKey_ReturnsTrue (Data Row 0)" storage="f:\etwork\bin\tests\sysintgtests.icore.common.entities.dll" id="a1202401-6227-4cd0-a4f8-f15ff5e08c22">
      <TestCategory>
        <TestCategoryItem TestCategory="Entities" />
        <TestCategoryItem TestCategory="SystemIntegration" />
      </TestCategory>
      <Execution id="151f1826-254a-4948-96f9-749770b7cbd5" />
      <TestMethod codeBase="F:\ETWork\bin\Tests\SysIntgTests.iCore.Common.Entities.dll" adapterTypeName="Microsoft.VisualStudio.TestTools.TestTypes.Unit.UnitTestAdapter" className="SysIntgTests.iCore.Common.Entities.NodeTypeTests" name="Exists_KnownNodeTypeKey_ReturnsTrue (Data Row 0)" />
    </UnitTest>
    <UnitTest name="Exists_KnownNodeTypeKey_ReturnsTrue (Data Row 1)" storage="f:\etwork\bin\tests\sysintgtests.icore.common.entities.dll" id="66c615a1-9eab-42ad-a744-39979dedec7c">
      <TestCategory>
        <TestCategoryItem TestCategory="Entities" />
        <TestCategoryItem TestCategory="SystemIntegration" />
      </TestCategory>
      <Execution id="fbe176fe-5d2f-441b-be41-1baf5f888241" />
      <TestMethod codeBase="F:\ETWork\bin\Tests\SysIntgTests.iCore.Common.Entities.dll" adapterTypeName="Microsoft.VisualStudio.TestTools.TestTypes.Unit.UnitTestAdapter" className="SysIntgTests.iCore.Common.Entities.NodeTypeTests" name="Exists_KnownNodeTypeKey_ReturnsTrue (Data Row 1)" />
    </UnitTest>
    <UnitTest name="Exists_KnownNodeTypeKey_ReturnsTrue (Data Row 2)" storage="f:\etwork\bin\tests\sysintgtests.icore.common.entities.dll" id="435f1ce6-96e3-43f2-a9e4-587a631cb7a0">
      <TestCategory>
        <TestCategoryItem TestCategory="Entities" />
        <TestCategoryItem TestCategory="SystemIntegration" />
      </TestCategory>
      <Execution id="6f64f9b7-2425-49d7-acf7-0f533ef1e20f" />
      <TestMethod codeBase="F:\ETWork\bin\Tests\SysIntgTests.iCore.Common.Entities.dll" adapterTypeName="Microsoft.VisualStudio.TestTools.TestTypes.Unit.UnitTestAdapter" className="SysIntgTests.iCore.Common.Entities.NodeTypeTests" name="Exists_KnownNodeTypeKey_ReturnsTrue (Data Row 2)" />
    </UnitTest>
    <UnitTest name="Exists_KnownNodeTypeKey_ReturnsTrue (Data Row 3)" storage="f:\etwork\bin\tests\sysintgtests.icore.common.entities.dll" id="1652bf1c-c14e-463f-9f59-f9e97a1c7191">
      <TestCategory>
        <TestCategoryItem TestCategory="Entities" />
        <TestCategoryItem TestCategory="SystemIntegration" />
      </TestCategory>
      <Execution id="e9121a92-e7a4-4542-8b86-2eceb86391b1" />
      <TestMethod codeBase="F:\ETWork\bin\Tests\SysIntgTests.iCore.Common.Entities.dll" adapterTypeName="Microsoft.VisualStudio.TestTools.TestTypes.Unit.UnitTestAdapter" className="SysIntgTests.iCore.Common.Entities.NodeTypeTests" name="Exists_KnownNodeTypeKey_ReturnsTrue (Data Row 3)" />
    </UnitTest>
    <UnitTest name="Exists_NonExistingNodeTypeKey_ReturnsFalse" storage="f:\etwork\bin\tests\sysintgtests.icore.common.entities.dll" id="371d80b8-ecc3-7149-1f0d-d0282a36e777">
      <TestCategory>
        <TestCategoryItem TestCategory="Entities" />
        <TestCategoryItem TestCategory="SystemIntegration" />
      </TestCategory>
      <Execution id="2dfe5dce-44a1-4a2d-9c4f-34132c3541f1" />
      <TestMethod codeBase="F:\ETWork\bin\Tests\SysIntgTests.iCore.Common.Entities.dll" adapterTypeName="Microsoft.VisualStudio.TestTools.TestTypes.Unit.UnitTestAdapter" className="SysIntgTests.iCore.Common.Entities.NodeTypeTests" name="Exists_NonExistingNodeTypeKey_ReturnsFalse" />
    </UnitTest>
    <UnitTest name="CreateInstance_CreatesNewNodeType" storage="f:\etwork\bin\tests\sysintgtests.icore.common.entities.dll" id="83f89849-d19e-093f-ea8b-55522ad98497">
      <Execution id="e9fe9ab0-2177-4309-9090-67a9f5064e45" />
      <TestMethod codeBase="F:\ETWork\bin\Tests\SysIntgTests.iCore.Common.Entities.dll" adapterTypeName="Microsoft.VisualStudio.TestTools.TestTypes.Unit.UnitTestAdapter" className="SysIntgTests.iCore.Common.Entities.NodeTypeTests" name="CreateInstance_CreatesNewNodeType" />
    </UnitTest>
    <UnitTest name="List_ContainsEachKnownNodeTypeOnce (Data Row 0)" storage="f:\etwork\bin\tests\sysintgtests.icore.common.entities.dll" id="85962db1-27ce-4899-a0d8-26219b9792c2">
      <TestCategory>
        <TestCategoryItem TestCategory="Entities" />
        <TestCategoryItem TestCategory="SystemIntegration" />
      </TestCategory>
      <Execution id="e3476d4c-aceb-44f2-8f6b-d46f2624a32f" />
      <TestMethod codeBase="F:\ETWork\bin\Tests\SysIntgTests.iCore.Common.Entities.dll" adapterTypeName="Microsoft.VisualStudio.TestTools.TestTypes.Unit.UnitTestAdapter" className="SysIntgTests.iCore.Common.Entities.NodeTypeTests" name="List_ContainsEachKnownNodeTypeOnce (Data Row 0)" />
    </UnitTest>
    <UnitTest name="List_ContainsEachKnownNodeTypeOnce (Data Row 1)" storage="f:\etwork\bin\tests\sysintgtests.icore.common.entities.dll" id="abba97ee-9567-4fe0-afdd-8cdb002558e1">
      <TestCategory>
        <TestCategoryItem TestCategory="Entities" />
        <TestCategoryItem TestCategory="SystemIntegration" />
      </TestCategory>
      <Execution id="b173a241-ef80-40df-8145-709319ac655d" />
      <TestMethod codeBase="F:\ETWork\bin\Tests\SysIntgTests.iCore.Common.Entities.dll" adapterTypeName="Microsoft.VisualStudio.TestTools.TestTypes.Unit.UnitTestAdapter" className="SysIntgTests.iCore.Common.Entities.NodeTypeTests" name="List_ContainsEachKnownNodeTypeOnce (Data Row 1)" />
    </UnitTest>
    <UnitTest name="List_ContainsEachKnownNodeTypeOnce (Data Row 2)" storage="f:\etwork\bin\tests\sysintgtests.icore.common.entities.dll" id="2813a369-0859-414c-b6bc-2fede17d55ae">
      <TestCategory>
        <TestCategoryItem TestCategory="Entities" />
        <TestCategoryItem TestCategory="SystemIntegration" />
      </TestCategory>
      <Execution id="4dca53db-78fd-48d3-82e5-3e3b84e1f1b5" />
      <TestMethod codeBase="F:\ETWork\bin\Tests\SysIntgTests.iCore.Common.Entities.dll" adapterTypeName="Microsoft.VisualStudio.TestTools.TestTypes.Unit.UnitTestAdapter" className="SysIntgTests.iCore.Common.Entities.NodeTypeTests" name="List_ContainsEachKnownNodeTypeOnce (Data Row 2)" />
    </UnitTest>
    <UnitTest name="List_ContainsEachKnownNodeTypeOnce (Data Row 3)" storage="f:\etwork\bin\tests\sysintgtests.icore.common.entities.dll" id="cbdef5f6-404e-4b7d-9568-df5dc25240d8">
      <TestCategory>
        <TestCategoryItem TestCategory="Entities" />
        <TestCategoryItem TestCategory="SystemIntegration" />
      </TestCategory>
      <Execution id="feae4c25-5d67-48d1-b835-f5ca10ba700e" />
      <TestMethod codeBase="F:\ETWork\bin\Tests\SysIntgTests.iCore.Common.Entities.dll" adapterTypeName="Microsoft.VisualStudio.TestTools.TestTypes.Unit.UnitTestAdapter" className="SysIntgTests.iCore.Common.Entities.NodeTypeTests" name="List_ContainsEachKnownNodeTypeOnce (Data Row 3)" />
    </UnitTest>
    <UnitTest name="List_ShouldSetSystemContextCorrectly" storage="f:\etwork\bin\tests\sysintgtests.icore.common.entities.dll" id="36359baa-c850-c0ee-d496-6cb9cea5b415">
      <TestCategory>
        <TestCategoryItem TestCategory="Entities" />
        <TestCategoryItem TestCategory="SystemIntegration" />
      </TestCategory>
      <Execution id="21118a64-a231-40e9-b841-8456ffda4776" />
      <TestMethod codeBase="F:\ETWork\bin\Tests\SysIntgTests.iCore.Common.Entities.dll" adapterTypeName="Microsoft.VisualStudio.TestTools.TestTypes.Unit.UnitTestAdapter" className="SysIntgTests.iCore.Common.Entities.NodeTypeTests" name="List_ShouldSetSystemContextCorrectly" />
    </UnitTest>
    <UnitTest name="GetByName_NullName_ThrowsArgumentNullException" storage="f:\etwork\bin\tests\sysintgtests.icore.common.entities.dll" id="51c74371-9039-78e3-0fcc-8ff3290582cc">
      <TestCategory>
        <TestCategoryItem TestCategory="Entities" />
        <TestCategoryItem TestCategory="SystemIntegration" />
      </TestCategory>
      <Execution id="8dfa5b87-72f8-4782-8543-26f07dd9c60a" />
      <TestMethod codeBase="F:\ETWork\bin\Tests\SysIntgTests.iCore.Common.Entities.dll" adapterTypeName="Microsoft.VisualStudio.TestTools.TestTypes.Unit.UnitTestAdapter" className="SysIntgTests.iCore.Common.Entities.NodeTypeTests" name="GetByName_NullName_ThrowsArgumentNullException" />
    </UnitTest>
    <UnitTest name="GetByName_NonExistingName_ThrowsEntityNotFoundException" storage="f:\etwork\bin\tests\sysintgtests.icore.common.entities.dll" id="50545805-c8ab-12d8-0431-1e7e8af275ed">
      <TestCategory>
        <TestCategoryItem TestCategory="Entities" />
        <TestCategoryItem TestCategory="SystemIntegration" />
      </TestCategory>
      <Execution id="37f6be67-5db8-434d-a0fd-892a92516a1d" />
      <TestMethod codeBase="F:\ETWork\bin\Tests\SysIntgTests.iCore.Common.Entities.dll" adapterTypeName="Microsoft.VisualStudio.TestTools.TestTypes.Unit.UnitTestAdapter" className="SysIntgTests.iCore.Common.Entities.NodeTypeTests" name="GetByName_NonExistingName_ThrowsEntityNotFoundException" />
    </UnitTest>
    <UnitTest name="GetByName_KnownNodeTypeName_ReturnsEntityWithCorrectProperties (Data Row 0)" storage="f:\etwork\bin\tests\sysintgtests.icore.common.entities.dll" id="59e7d351-c714-4cb8-ba5c-c13abc818cdb">
      <TestCategory>
        <TestCategoryItem TestCategory="Entities" />
        <TestCategoryItem TestCategory="SystemIntegration" />
      </TestCategory>
      <Execution id="01ece5ab-d1a8-4ead-a888-a0c87966d940" />
      <TestMethod codeBase="F:\ETWork\bin\Tests\SysIntgTests.iCore.Common.Entities.dll" adapterTypeName="Microsoft.VisualStudio.TestTools.TestTypes.Unit.UnitTestAdapter" className="SysIntgTests.iCore.Common.Entities.NodeTypeTests" name="GetByName_KnownNodeTypeName_ReturnsEntityWithCorrectProperties (Data Row 0)" />
    </UnitTest>
    <UnitTest name="GetByName_KnownNodeTypeName_ReturnsEntityWithCorrectProperties (Data Row 1)" storage="f:\etwork\bin\tests\sysintgtests.icore.common.entities.dll" id="63206eac-256a-435b-81a5-90591518b8ad">
      <TestCategory>
        <TestCategoryItem TestCategory="Entities" />
        <TestCategoryItem TestCategory="SystemIntegration" />
      </TestCategory>
      <Execution id="3a7e91aa-f28a-4e97-8913-be8d70b4e26a" />
      <TestMethod codeBase="F:\ETWork\bin\Tests\SysIntgTests.iCore.Common.Entities.dll" adapterTypeName="Microsoft.VisualStudio.TestTools.TestTypes.Unit.UnitTestAdapter" className="SysIntgTests.iCore.Common.Entities.NodeTypeTests" name="GetByName_KnownNodeTypeName_ReturnsEntityWithCorrectProperties (Data Row 1)" />
    </UnitTest>
    <UnitTest name="GetByName_KnownNodeTypeName_ReturnsEntityWithCorrectProperties (Data Row 2)" storage="f:\etwork\bin\tests\sysintgtests.icore.common.entities.dll" id="7a61f6e1-d7e2-4106-80b3-458c67cc78db">
      <TestCategory>
        <TestCategoryItem TestCategory="Entities" />
        <TestCategoryItem TestCategory="SystemIntegration" />
      </TestCategory>
      <Execution id="9e3ab654-9bfe-4cc1-9c02-304c712b78be" />
      <TestMethod codeBase="F:\ETWork\bin\Tests\SysIntgTests.iCore.Common.Entities.dll" adapterTypeName="Microsoft.VisualStudio.TestTools.TestTypes.Unit.UnitTestAdapter" className="SysIntgTests.iCore.Common.Entities.NodeTypeTests" name="GetByName_KnownNodeTypeName_ReturnsEntityWithCorrectProperties (Data Row 2)" />
    </UnitTest>
    <UnitTest name="GetByName_KnownNodeTypeName_ReturnsEntityWithCorrectProperties (Data Row 3)" storage="f:\etwork\bin\tests\sysintgtests.icore.common.entities.dll" id="3a9d95e0-ce26-4aac-8c3d-13dc10f6746b">
      <TestCategory>
        <TestCategoryItem TestCategory="Entities" />
        <TestCategoryItem TestCategory="SystemIntegration" />
      </TestCategory>
      <Execution id="e3d6a3fc-0797-49cb-a95d-352794353c0e" />
      <TestMethod codeBase="F:\ETWork\bin\Tests\SysIntgTests.iCore.Common.Entities.dll" adapterTypeName="Microsoft.VisualStudio.TestTools.TestTypes.Unit.UnitTestAdapter" className="SysIntgTests.iCore.Common.Entities.NodeTypeTests" name="GetByName_KnownNodeTypeName_ReturnsEntityWithCorrectProperties (Data Row 3)" />
    </UnitTest>
    <UnitTest name="GetById_NewGuid_ThrowsEntityNotFoundException" storage="f:\etwork\bin\tests\sysintgtests.icore.common.entities.dll" id="237e70ed-125c-dbd4-3b7e-16719b3b4197">
      <TestCategory>
        <TestCategoryItem TestCategory="Entities" />
        <TestCategoryItem TestCategory="SystemIntegration" />
      </TestCategory>
      <Execution id="36863fa7-96ee-4719-a716-57504ec33515" />
      <TestMethod codeBase="F:\ETWork\bin\Tests\SysIntgTests.iCore.Common.Entities.dll" adapterTypeName="Microsoft.VisualStudio.TestTools.TestTypes.Unit.UnitTestAdapter" className="SysIntgTests.iCore.Common.Entities.NodeTypeTests" name="GetById_NewGuid_ThrowsEntityNotFoundException" />
    </UnitTest>
    <UnitTest name="GetById_KnownNodeTypeId_ReturnsEntityWithCorrectProperties (Data Row 0)" storage="f:\etwork\bin\tests\sysintgtests.icore.common.entities.dll" id="e7367745-540e-4678-8e4b-9f858280e98e">
      <TestCategory>
        <TestCategoryItem TestCategory="Entities" />
        <TestCategoryItem TestCategory="SystemIntegration" />
      </TestCategory>
      <Execution id="c0309406-4ccc-4b19-ba2b-4d10d7a4e873" />
      <TestMethod codeBase="F:\ETWork\bin\Tests\SysIntgTests.iCore.Common.Entities.dll" adapterTypeName="Microsoft.VisualStudio.TestTools.TestTypes.Unit.UnitTestAdapter" className="SysIntgTests.iCore.Common.Entities.NodeTypeTests" name="GetById_KnownNodeTypeId_ReturnsEntityWithCorrectProperties (Data Row 0)" />
    </UnitTest>
    <UnitTest name="GetById_KnownNodeTypeId_ReturnsEntityWithCorrectProperties (Data Row 1)" storage="f:\etwork\bin\tests\sysintgtests.icore.common.entities.dll" id="c5d9bb00-accd-4844-8e45-0581bbfb3dcd">
      <TestCategory>
        <TestCategoryItem TestCategory="Entities" />
        <TestCategoryItem TestCategory="SystemIntegration" />
      </TestCategory>
      <Execution id="8f322ca7-4b32-4f8b-90d4-0ffedd68bc91" />
      <TestMethod codeBase="F:\ETWork\bin\Tests\SysIntgTests.iCore.Common.Entities.dll" adapterTypeName="Microsoft.VisualStudio.TestTools.TestTypes.Unit.UnitTestAdapter" className="SysIntgTests.iCore.Common.Entities.NodeTypeTests" name="GetById_KnownNodeTypeId_ReturnsEntityWithCorrectProperties (Data Row 1)" />
    </UnitTest>
    <UnitTest name="GetById_KnownNodeTypeId_ReturnsEntityWithCorrectProperties (Data Row 2)" storage="f:\etwork\bin\tests\sysintgtests.icore.common.entities.dll" id="836522c2-312f-4940-9d86-7861546900b6">
      <TestCategory>
        <TestCategoryItem TestCategory="Entities" />
        <TestCategoryItem TestCategory="SystemIntegration" />
      </TestCategory>
      <Execution id="70a5005c-5401-4439-8d74-de8a4be94a7c" />
      <TestMethod codeBase="F:\ETWork\bin\Tests\SysIntgTests.iCore.Common.Entities.dll" adapterTypeName="Microsoft.VisualStudio.TestTools.TestTypes.Unit.UnitTestAdapter" className="SysIntgTests.iCore.Common.Entities.NodeTypeTests" name="GetById_KnownNodeTypeId_ReturnsEntityWithCorrectProperties (Data Row 2)" />
    </UnitTest>
    <UnitTest name="GetById_KnownNodeTypeId_ReturnsEntityWithCorrectProperties (Data Row 3)" storage="f:\etwork\bin\tests\sysintgtests.icore.common.entities.dll" id="670c1ea6-c75e-4867-90ff-2c857e6c41b9">
      <TestCategory>
        <TestCategoryItem TestCategory="Entities" />
        <TestCategoryItem TestCategory="SystemIntegration" />
      </TestCategory>
      <Execution id="579acef1-3119-4682-9ded-979d60ff6447" />
      <TestMethod codeBase="F:\ETWork\bin\Tests\SysIntgTests.iCore.Common.Entities.dll" adapterTypeName="Microsoft.VisualStudio.TestTools.TestTypes.Unit.UnitTestAdapter" className="SysIntgTests.iCore.Common.Entities.NodeTypeTests" name="GetById_KnownNodeTypeId_ReturnsEntityWithCorrectProperties (Data Row 3)" />
    </UnitTest>
    <UnitTest name="TryGetById_NewGuid_ReturnsNull" storage="f:\etwork\bin\tests\sysintgtests.icore.common.entities.dll" id="0576e9f0-edd2-1f22-0754-cda41ef6625d">
      <TestCategory>
        <TestCategoryItem TestCategory="Entities" />
        <TestCategoryItem TestCategory="SystemIntegration" />
      </TestCategory>
      <Execution id="11bd2c60-71ee-4238-bf05-08346557b647" />
      <TestMethod codeBase="F:\ETWork\bin\Tests\SysIntgTests.iCore.Common.Entities.dll" adapterTypeName="Microsoft.VisualStudio.TestTools.TestTypes.Unit.UnitTestAdapter" className="SysIntgTests.iCore.Common.Entities.NodeTypeTests" name="TryGetById_NewGuid_ReturnsNull" />
    </UnitTest>
    <UnitTest name="TryGetById_KnownNodeTypeId_ReturnsEntityWithCorrectProperties (Data Row 0)" storage="f:\etwork\bin\tests\sysintgtests.icore.common.entities.dll" id="4a474fc2-07f7-4856-a7af-fef295427210">
      <TestCategory>
        <TestCategoryItem TestCategory="Entities" />
        <TestCategoryItem TestCategory="SystemIntegration" />
      </TestCategory>
      <Execution id="899e82e6-d4e5-47bb-810b-967cddefa516" />
      <TestMethod codeBase="F:\ETWork\bin\Tests\SysIntgTests.iCore.Common.Entities.dll" adapterTypeName="Microsoft.VisualStudio.TestTools.TestTypes.Unit.UnitTestAdapter" className="SysIntgTests.iCore.Common.Entities.NodeTypeTests" name="TryGetById_KnownNodeTypeId_ReturnsEntityWithCorrectProperties (Data Row 0)" />
    </UnitTest>
    <UnitTest name="TryGetById_KnownNodeTypeId_ReturnsEntityWithCorrectProperties (Data Row 1)" storage="f:\etwork\bin\tests\sysintgtests.icore.common.entities.dll" id="2d908111-dc38-44fc-afb5-2a748f998b08">
      <TestCategory>
        <TestCategoryItem TestCategory="Entities" />
        <TestCategoryItem TestCategory="SystemIntegration" />
      </TestCategory>
      <Execution id="8f9f18c2-3b44-42d1-a20b-6468eb46fa75" />
      <TestMethod codeBase="F:\ETWork\bin\Tests\SysIntgTests.iCore.Common.Entities.dll" adapterTypeName="Microsoft.VisualStudio.TestTools.TestTypes.Unit.UnitTestAdapter" className="SysIntgTests.iCore.Common.Entities.NodeTypeTests" name="TryGetById_KnownNodeTypeId_ReturnsEntityWithCorrectProperties (Data Row 1)" />
    </UnitTest>
    <UnitTest name="TryGetById_KnownNodeTypeId_ReturnsEntityWithCorrectProperties (Data Row 2)" storage="f:\etwork\bin\tests\sysintgtests.icore.common.entities.dll" id="3afa254f-8f85-4a65-9c9e-0a5c5bbcd935">
      <TestCategory>
        <TestCategoryItem TestCategory="Entities" />
        <TestCategoryItem TestCategory="SystemIntegration" />
      </TestCategory>
      <Execution id="52caf0fa-41d6-4896-b186-8ed8c1415024" />
      <TestMethod codeBase="F:\ETWork\bin\Tests\SysIntgTests.iCore.Common.Entities.dll" adapterTypeName="Microsoft.VisualStudio.TestTools.TestTypes.Unit.UnitTestAdapter" className="SysIntgTests.iCore.Common.Entities.NodeTypeTests" name="TryGetById_KnownNodeTypeId_ReturnsEntityWithCorrectProperties (Data Row 2)" />
    </UnitTest>
    <UnitTest name="TryGetById_KnownNodeTypeId_ReturnsEntityWithCorrectProperties (Data Row 3)" storage="f:\etwork\bin\tests\sysintgtests.icore.common.entities.dll" id="4fc9fc8f-7ea8-4b26-bbef-e7ae8b92ad9b">
      <TestCategory>
        <TestCategoryItem TestCategory="Entities" />
        <TestCategoryItem TestCategory="SystemIntegration" />
      </TestCategory>
      <Execution id="50496f42-194b-438b-a490-de21c1e0d59a" />
      <TestMethod codeBase="F:\ETWork\bin\Tests\SysIntgTests.iCore.Common.Entities.dll" adapterTypeName="Microsoft.VisualStudio.TestTools.TestTypes.Unit.UnitTestAdapter" className="SysIntgTests.iCore.Common.Entities.NodeTypeTests" name="TryGetById_KnownNodeTypeId_ReturnsEntityWithCorrectProperties (Data Row 3)" />
    </UnitTest>
    <UnitTest name="GetByKey_NewGuid_ThrowsEntityNotFoundException" storage="f:\etwork\bin\tests\sysintgtests.icore.common.entities.dll" id="75176912-5584-4ec4-a3f1-e1bc562915e1">
      <TestCategory>
        <TestCategoryItem TestCategory="Entities" />
        <TestCategoryItem TestCategory="SystemIntegration" />
      </TestCategory>
      <Execution id="dcbb11bb-51ec-4675-93d1-f38757d849a9" />
      <TestMethod codeBase="F:\ETWork\bin\Tests\SysIntgTests.iCore.Common.Entities.dll" adapterTypeName="Microsoft.VisualStudio.TestTools.TestTypes.Unit.UnitTestAdapter" className="SysIntgTests.iCore.Common.Entities.NodeTypeTests" name="GetByKey_NewGuid_ThrowsEntityNotFoundException" />
    </UnitTest>
    <UnitTest name="GetByKey_KnownNodeTypeKey_ReturnsEntityWithCorrectProperties (Data Row 0)" storage="f:\etwork\bin\tests\sysintgtests.icore.common.entities.dll" id="cfd88c8a-da2f-42ad-9c07-288f7777fb3f">
      <TestCategory>
        <TestCategoryItem TestCategory="Entities" />
        <TestCategoryItem TestCategory="SystemIntegration" />
      </TestCategory>
      <Execution id="be409a54-d946-4353-8ab1-ff02e153ae75" />
      <TestMethod codeBase="F:\ETWork\bin\Tests\SysIntgTests.iCore.Common.Entities.dll" adapterTypeName="Microsoft.VisualStudio.TestTools.TestTypes.Unit.UnitTestAdapter" className="SysIntgTests.iCore.Common.Entities.NodeTypeTests" name="GetByKey_KnownNodeTypeKey_ReturnsEntityWithCorrectProperties (Data Row 0)" />
    </UnitTest>
    <UnitTest name="GetByKey_KnownNodeTypeKey_ReturnsEntityWithCorrectProperties (Data Row 1)" storage="f:\etwork\bin\tests\sysintgtests.icore.common.entities.dll" id="78e6c54c-8c6f-4e15-a699-31b2fd9f00cc">
      <TestCategory>
        <TestCategoryItem TestCategory="Entities" />
        <TestCategoryItem TestCategory="SystemIntegration" />
      </TestCategory>
      <Execution id="0ec1f320-fd8e-4860-88ab-f5fd23e6d248" />
      <TestMethod codeBase="F:\ETWork\bin\Tests\SysIntgTests.iCore.Common.Entities.dll" adapterTypeName="Microsoft.VisualStudio.TestTools.TestTypes.Unit.UnitTestAdapter" className="SysIntgTests.iCore.Common.Entities.NodeTypeTests" name="GetByKey_KnownNodeTypeKey_ReturnsEntityWithCorrectProperties (Data Row 1)" />
    </UnitTest>
    <UnitTest name="GetByKey_KnownNodeTypeKey_ReturnsEntityWithCorrectProperties (Data Row 2)" storage="f:\etwork\bin\tests\sysintgtests.icore.common.entities.dll" id="0918d5a4-913c-44e1-9614-c7641982646f">
      <TestCategory>
        <TestCategoryItem TestCategory="Entities" />
        <TestCategoryItem TestCategory="SystemIntegration" />
      </TestCategory>
      <Execution id="b9b5776a-31d3-4f16-8c7f-120d77a35a73" />
      <TestMethod codeBase="F:\ETWork\bin\Tests\SysIntgTests.iCore.Common.Entities.dll" adapterTypeName="Microsoft.VisualStudio.TestTools.TestTypes.Unit.UnitTestAdapter" className="SysIntgTests.iCore.Common.Entities.NodeTypeTests" name="GetByKey_KnownNodeTypeKey_ReturnsEntityWithCorrectProperties (Data Row 2)" />
    </UnitTest>
    <UnitTest name="GetByKey_KnownNodeTypeKey_ReturnsEntityWithCorrectProperties (Data Row 3)" storage="f:\etwork\bin\tests\sysintgtests.icore.common.entities.dll" id="8d70458a-b96b-4a00-a86c-2f4a13cce55f">
      <TestCategory>
        <TestCategoryItem TestCategory="Entities" />
        <TestCategoryItem TestCategory="SystemIntegration" />
      </TestCategory>
      <Execution id="155fbda4-97d6-4af7-b211-5c99bc384368" />
      <TestMethod codeBase="F:\ETWork\bin\Tests\SysIntgTests.iCore.Common.Entities.dll" adapterTypeName="Microsoft.VisualStudio.TestTools.TestTypes.Unit.UnitTestAdapter" className="SysIntgTests.iCore.Common.Entities.NodeTypeTests" name="GetByKey_KnownNodeTypeKey_ReturnsEntityWithCorrectProperties (Data Row 3)" />
    </UnitTest>
    <UnitTest name="GetByKey_UnsupportedKey_ThrowsArgumentException" storage="f:\etwork\bin\tests\sysintgtests.icore.common.entities.dll" id="c8847554-9e6c-1045-7071-a581f5c0fb33">
      <TestCategory>
        <TestCategoryItem TestCategory="Entities" />
        <TestCategoryItem TestCategory="SystemIntegration" />
      </TestCategory>
      <Execution id="f5902426-be78-475b-9f51-43a98932c6e0" />
      <TestMethod codeBase="F:\ETWork\bin\Tests\SysIntgTests.iCore.Common.Entities.dll" adapterTypeName="Microsoft.VisualStudio.TestTools.TestTypes.Unit.UnitTestAdapter" className="SysIntgTests.iCore.Common.Entities.NodeTypeTests" name="GetByKey_UnsupportedKey_ThrowsArgumentException" />
    </UnitTest>
    <UnitTest name="Delete_NonExistingId_DoesNotDeleteAnything" storage="f:\etwork\bin\tests\sysintgtests.icore.common.entities.dll" id="f8384859-d1b5-279d-b2bc-2e6d29a7b8c6">
      <TestCategory>
        <TestCategoryItem TestCategory="Entities" />
        <TestCategoryItem TestCategory="SystemIntegration" />
      </TestCategory>
      <Execution id="00344d4b-2a04-4567-95be-5e36ef9e468d" />
      <TestMethod codeBase="F:\ETWork\bin\Tests\SysIntgTests.iCore.Common.Entities.dll" adapterTypeName="Microsoft.VisualStudio.TestTools.TestTypes.Unit.UnitTestAdapter" className="SysIntgTests.iCore.Common.Entities.NodeTypeTests" name="Delete_NonExistingId_DoesNotDeleteAnything" />
    </UnitTest>
    <UnitTest name="Delete_UsingIdAndUnusedNodeType_SuccessfullyDeletesNodeType" storage="f:\etwork\bin\tests\sysintgtests.icore.common.entities.dll" id="0a424db9-b069-33c4-3376-2bdf0f4c9039">
      <TestCategory>
        <TestCategoryItem TestCategory="Entities" />
        <TestCategoryItem TestCategory="SystemIntegration" />
      </TestCategory>
      <Execution id="fb683aae-ef32-4369-a2f9-952a090ba31c" />
      <TestMethod codeBase="F:\ETWork\bin\Tests\SysIntgTests.iCore.Common.Entities.dll" adapterTypeName="Microsoft.VisualStudio.TestTools.TestTypes.Unit.UnitTestAdapter" className="SysIntgTests.iCore.Common.Entities.NodeTypeTests" name="Delete_UsingIdAndUnusedNodeType_SuccessfullyDeletesNodeType" />
    </UnitTest>
    <UnitTest name="Delete_UsedNodeType_ThrowsEntityDependencyException" storage="f:\etwork\bin\tests\sysintgtests.icore.common.entities.dll" id="f1421cdc-0954-9f9f-86a6-755cc2fe4fac">
      <TestCategory>
        <TestCategoryItem TestCategory="Entities" />
        <TestCategoryItem TestCategory="SystemIntegration" />
      </TestCategory>
      <Execution id="936a50d2-bc0d-4483-a5e8-e6750879b4dd" />
      <TestMethod codeBase="F:\ETWork\bin\Tests\SysIntgTests.iCore.Common.Entities.dll" adapterTypeName="Microsoft.VisualStudio.TestTools.TestTypes.Unit.UnitTestAdapter" className="SysIntgTests.iCore.Common.Entities.NodeTypeTests" name="Delete_UsedNodeType_ThrowsEntityDependencyException" />
    </UnitTest>
    <UnitTest name="Add_NullName_ThrowsConditionalErrorException" storage="f:\etwork\bin\tests\sysintgtests.icore.common.entities.dll" id="b1ba4d3a-b04e-1bb0-862b-4450f12807b5">
      <TestCategory>
        <TestCategoryItem TestCategory="Entities" />
        <TestCategoryItem TestCategory="SystemIntegration" />
      </TestCategory>
      <Execution id="d372fc2f-32f7-4a96-a01a-09db3f45a300" />
      <TestMethod codeBase="F:\ETWork\bin\Tests\SysIntgTests.iCore.Common.Entities.dll" adapterTypeName="Microsoft.VisualStudio.TestTools.TestTypes.Unit.UnitTestAdapter" className="SysIntgTests.iCore.Common.Entities.NodeTypeTests" name="Add_NullName_ThrowsConditionalErrorException" />
    </UnitTest>
    <UnitTest name="Add_EmptyName_ThrowsStringLengthErrorException" storage="f:\etwork\bin\tests\sysintgtests.icore.common.entities.dll" id="a7e76c9b-3424-406c-b6ae-936c18765815">
      <TestCategory>
        <TestCategoryItem TestCategory="Entities" />
        <TestCategoryItem TestCategory="SystemIntegration" />
      </TestCategory>
      <Execution id="a78bb637-e7e6-4c86-9a7f-b22eed058a52" />
      <TestMethod codeBase="F:\ETWork\bin\Tests\SysIntgTests.iCore.Common.Entities.dll" adapterTypeName="Microsoft.VisualStudio.TestTools.TestTypes.Unit.UnitTestAdapter" className="SysIntgTests.iCore.Common.Entities.NodeTypeTests" name="Add_EmptyName_ThrowsStringLengthErrorException" />
    </UnitTest>
    <UnitTest name="Add_WhiteSpaceOnlyName_ThrowsStringLengthErrorException" storage="f:\etwork\bin\tests\sysintgtests.icore.common.entities.dll" id="bf7d7d9c-79da-e746-2746-cb8594a77cd9">
      <TestCategory>
        <TestCategoryItem TestCategory="Entities" />
        <TestCategoryItem TestCategory="SystemIntegration" />
      </TestCategory>
      <Execution id="c2d542b9-3fba-4cbb-93f1-60a79ff71edf" />
      <TestMethod codeBase="F:\ETWork\bin\Tests\SysIntgTests.iCore.Common.Entities.dll" adapterTypeName="Microsoft.VisualStudio.TestTools.TestTypes.Unit.UnitTestAdapter" className="SysIntgTests.iCore.Common.Entities.NodeTypeTests" name="Add_WhiteSpaceOnlyName_ThrowsStringLengthErrorException" />
    </UnitTest>
    <UnitTest name="Add_TooLongName_ThrowsStringLengthErrorException" storage="f:\etwork\bin\tests\sysintgtests.icore.common.entities.dll" id="9e3d56e4-1e2f-c5f2-5c9e-af256e79836a">
      <TestCategory>
        <TestCategoryItem TestCategory="Entities" />
        <TestCategoryItem TestCategory="SystemIntegration" />
      </TestCategory>
      <Execution id="52c32d02-fe8a-4e8b-9634-9e5434f0c03f" />
      <TestMethod codeBase="F:\ETWork\bin\Tests\SysIntgTests.iCore.Common.Entities.dll" adapterTypeName="Microsoft.VisualStudio.TestTools.TestTypes.Unit.UnitTestAdapter" className="SysIntgTests.iCore.Common.Entities.NodeTypeTests" name="Add_TooLongName_ThrowsStringLengthErrorException" />
    </UnitTest>
    <UnitTest name="Add_LongDescription_Succeeds" storage="f:\etwork\bin\tests\sysintgtests.icore.common.entities.dll" id="9c0f9060-39fd-bef1-d767-92920fc5c560">
      <TestCategory>
        <TestCategoryItem TestCategory="Entities" />
        <TestCategoryItem TestCategory="SystemIntegration" />
      </TestCategory>
      <Execution id="1fe8da1e-2242-4b41-a08d-3c77844626dc" />
      <TestMethod codeBase="F:\ETWork\bin\Tests\SysIntgTests.iCore.Common.Entities.dll" adapterTypeName="Microsoft.VisualStudio.TestTools.TestTypes.Unit.UnitTestAdapter" className="SysIntgTests.iCore.Common.Entities.NodeTypeTests" name="Add_LongDescription_Succeeds" />
    </UnitTest>
    <UnitTest name="Add_ValidProperties_IdAndTimesAreUpdatedCorrectly" storage="f:\etwork\bin\tests\sysintgtests.icore.common.entities.dll" id="5ed9ce8b-e35a-ca94-d060-524c784f442e">
      <TestCategory>
        <TestCategoryItem TestCategory="Entities" />
        <TestCategoryItem TestCategory="SystemIntegration" />
      </TestCategory>
      <Execution id="ad339ac1-453a-4489-969f-81d44657d45d" />
      <TestMethod codeBase="F:\ETWork\bin\Tests\SysIntgTests.iCore.Common.Entities.dll" adapterTypeName="Microsoft.VisualStudio.TestTools.TestTypes.Unit.UnitTestAdapter" className="SysIntgTests.iCore.Common.Entities.NodeTypeTests" name="Add_ValidProperties_IdAndTimesAreUpdatedCorrectly" />
    </UnitTest>
    <UnitTest name="Add_ComplexProperties_ArePersistedCorrectly" storage="f:\etwork\bin\tests\sysintgtests.icore.common.entities.dll" id="50ee27cb-82b9-84ac-84ea-c01796032cbb">
      <TestCategory>
        <TestCategoryItem TestCategory="Entities" />
        <TestCategoryItem TestCategory="SystemIntegration" />
      </TestCategory>
      <Execution id="f2d817dc-608d-40d0-9038-99bfc32818a2" />
      <TestMethod codeBase="F:\ETWork\bin\Tests\SysIntgTests.iCore.Common.Entities.dll" adapterTypeName="Microsoft.VisualStudio.TestTools.TestTypes.Unit.UnitTestAdapter" className="SysIntgTests.iCore.Common.Entities.NodeTypeTests" name="Add_ComplexProperties_ArePersistedCorrectly" />
    </UnitTest>
    <UnitTest name="Add_DuplicateName_ThrowsUniqueValueAddConflictException" storage="f:\etwork\bin\tests\sysintgtests.icore.common.entities.dll" id="7606959b-140d-110f-5a86-375e368d237e">
      <TestCategory>
        <TestCategoryItem TestCategory="Entities" />
        <TestCategoryItem TestCategory="SystemIntegration" />
      </TestCategory>
      <Execution id="b4c1b98b-48d6-43e7-b226-427cd65959b7" />
      <TestMethod codeBase="F:\ETWork\bin\Tests\SysIntgTests.iCore.Common.Entities.dll" adapterTypeName="Microsoft.VisualStudio.TestTools.TestTypes.Unit.UnitTestAdapter" className="SysIntgTests.iCore.Common.Entities.NodeTypeTests" name="Add_DuplicateName_ThrowsUniqueValueAddConflictException" />
    </UnitTest>
    <UnitTest name="Update_NullName_ThrowsConditionalErrorException" storage="f:\etwork\bin\tests\sysintgtests.icore.common.entities.dll" id="a7449dfb-07a5-3a1a-51f9-9fbe831e7d68">
      <TestCategory>
        <TestCategoryItem TestCategory="Entities" />
        <TestCategoryItem TestCategory="SystemIntegration" />
      </TestCategory>
      <Execution id="cae9b2f2-0e8f-46b9-946d-a799a5e1dce9" />
      <TestMethod codeBase="F:\ETWork\bin\Tests\SysIntgTests.iCore.Common.Entities.dll" adapterTypeName="Microsoft.VisualStudio.TestTools.TestTypes.Unit.UnitTestAdapter" className="SysIntgTests.iCore.Common.Entities.NodeTypeTests" name="Update_NullName_ThrowsConditionalErrorException" />
    </UnitTest>
    <UnitTest name="Update_EmtpyName_ThrowsStringLengthErrorException" storage="f:\etwork\bin\tests\sysintgtests.icore.common.entities.dll" id="67a15bff-0f98-bbab-0670-02d1299127ae">
      <TestCategory>
        <TestCategoryItem TestCategory="Entities" />
        <TestCategoryItem TestCategory="SystemIntegration" />
      </TestCategory>
      <Execution id="0b47871a-ac1c-44fd-82fe-74e509c0b4b1" />
      <TestMethod codeBase="F:\ETWork\bin\Tests\SysIntgTests.iCore.Common.Entities.dll" adapterTypeName="Microsoft.VisualStudio.TestTools.TestTypes.Unit.UnitTestAdapter" className="SysIntgTests.iCore.Common.Entities.NodeTypeTests" name="Update_EmtpyName_ThrowsStringLengthErrorException" />
    </UnitTest>
    <UnitTest name="Update_WhitespaceOnlyName_ThrowsStringLengthErrorException" storage="f:\etwork\bin\tests\sysintgtests.icore.common.entities.dll" id="a20813f5-eef5-7a57-ea1e-03d9b7a3bf5d">
      <TestCategory>
        <TestCategoryItem TestCategory="Entities" />
        <TestCategoryItem TestCategory="SystemIntegration" />
      </TestCategory>
      <Execution id="5693b519-391d-4bc2-a601-7d3688969cbe" />
      <TestMethod codeBase="F:\ETWork\bin\Tests\SysIntgTests.iCore.Common.Entities.dll" adapterTypeName="Microsoft.VisualStudio.TestTools.TestTypes.Unit.UnitTestAdapter" className="SysIntgTests.iCore.Common.Entities.NodeTypeTests" name="Update_WhitespaceOnlyName_ThrowsStringLengthErrorException" />
    </UnitTest>
    <UnitTest name="Update_TooLongName_ThrowsStringLengthErrorException" storage="f:\etwork\bin\tests\sysintgtests.icore.common.entities.dll" id="2acc4baa-3abb-e8ef-cea9-36b0c36901f8">
      <TestCategory>
        <TestCategoryItem TestCategory="Entities" />
        <TestCategoryItem TestCategory="SystemIntegration" />
      </TestCategory>
      <Execution id="5f0f19b2-8608-4be2-b056-ef9d9609e04f" />
      <TestMethod codeBase="F:\ETWork\bin\Tests\SysIntgTests.iCore.Common.Entities.dll" adapterTypeName="Microsoft.VisualStudio.TestTools.TestTypes.Unit.UnitTestAdapter" className="SysIntgTests.iCore.Common.Entities.NodeTypeTests" name="Update_TooLongName_ThrowsStringLengthErrorException" />
    </UnitTest>
    <UnitTest name="Update_LongDescription_Succeeds" storage="f:\etwork\bin\tests\sysintgtests.icore.common.entities.dll" id="bd3bb719-1d77-0bb6-c5fe-86c8fe3d35fa">
      <TestCategory>
        <TestCategoryItem TestCategory="Entities" />
        <TestCategoryItem TestCategory="SystemIntegration" />
      </TestCategory>
      <Execution id="850e43f4-0ec4-46c2-a0a5-c2a46f85e650" />
      <TestMethod codeBase="F:\ETWork\bin\Tests\SysIntgTests.iCore.Common.Entities.dll" adapterTypeName="Microsoft.VisualStudio.TestTools.TestTypes.Unit.UnitTestAdapter" className="SysIntgTests.iCore.Common.Entities.NodeTypeTests" name="Update_LongDescription_Succeeds" />
    </UnitTest>
    <UnitTest name="Update_DuplicateName_ThrowsUniqueValueAddConflictException" storage="f:\etwork\bin\tests\sysintgtests.icore.common.entities.dll" id="df6d987d-5ac2-cf68-10ec-63bf2eef4c44">
      <TestCategory>
        <TestCategoryItem TestCategory="Entities" />
        <TestCategoryItem TestCategory="SystemIntegration" />
      </TestCategory>
      <Execution id="1e0773c2-9413-4675-a217-21fd24b796ec" />
      <TestMethod codeBase="F:\ETWork\bin\Tests\SysIntgTests.iCore.Common.Entities.dll" adapterTypeName="Microsoft.VisualStudio.TestTools.TestTypes.Unit.UnitTestAdapter" className="SysIntgTests.iCore.Common.Entities.NodeTypeTests" name="Update_DuplicateName_ThrowsUniqueValueAddConflictException" />
    </UnitTest>
    <UnitTest name="Update_ComplexProperties_ArePersistedCorrectly" storage="f:\etwork\bin\tests\sysintgtests.icore.common.entities.dll" id="c2ac8232-7e9c-3d19-5afc-a0bad8fb1996">
      <TestCategory>
        <TestCategoryItem TestCategory="Entities" />
        <TestCategoryItem TestCategory="SystemIntegration" />
      </TestCategory>
      <Execution id="905cc473-e30a-401d-9559-44d8b04b1157" />
      <TestMethod codeBase="F:\ETWork\bin\Tests\SysIntgTests.iCore.Common.Entities.dll" adapterTypeName="Microsoft.VisualStudio.TestTools.TestTypes.Unit.UnitTestAdapter" className="SysIntgTests.iCore.Common.Entities.NodeTypeTests" name="Update_ComplexProperties_ArePersistedCorrectly" />
    </UnitTest>
    <UnitTest name="Update_UnchangedName_Succeeds" storage="f:\etwork\bin\tests\sysintgtests.icore.common.entities.dll" id="1c9725a3-5132-47f1-482b-cfbbf781cce3">
      <TestCategory>
        <TestCategoryItem TestCategory="Entities" />
        <TestCategoryItem TestCategory="SystemIntegration" />
      </TestCategory>
      <Execution id="760370ab-e41c-47ef-ab5f-056efebf0653" />
      <TestMethod codeBase="F:\ETWork\bin\Tests\SysIntgTests.iCore.Common.Entities.dll" adapterTypeName="Microsoft.VisualStudio.TestTools.TestTypes.Unit.UnitTestAdapter" className="SysIntgTests.iCore.Common.Entities.NodeTypeTests" name="Update_UnchangedName_Succeeds" />
    </UnitTest>
    <UnitTest name="Delete_UnusedNodeType_SuccessfullyDeletesNodeType" storage="f:\etwork\bin\tests\sysintgtests.icore.common.entities.dll" id="aa1b0566-48bf-08a5-bba0-3d55519bb21a">
      <TestCategory>
        <TestCategoryItem TestCategory="Entities" />
        <TestCategoryItem TestCategory="SystemIntegration" />
      </TestCategory>
      <Execution id="9a5e653b-f8b4-4a9f-9c70-a9cc1078e184" />
      <TestMethod codeBase="F:\ETWork\bin\Tests\SysIntgTests.iCore.Common.Entities.dll" adapterTypeName="Microsoft.VisualStudio.TestTools.TestTypes.Unit.UnitTestAdapter" className="SysIntgTests.iCore.Common.Entities.NodeTypeTests" name="Delete_UnusedNodeType_SuccessfullyDeletesNodeType" />
    </UnitTest>
    <UnitTest name="Delete_NonDeletableNodeType_Throws" storage="f:\etwork\bin\tests\sysintgtests.icore.common.entities.dll" id="729b420e-8e73-a748-4742-dfe0d8a6ea7b">
      <TestCategory>
        <TestCategoryItem TestCategory="Entities" />
        <TestCategoryItem TestCategory="SystemIntegration" />
      </TestCategory>
      <Execution id="7c2bc6b5-8f21-4015-be02-03618eba51b1" />
      <TestMethod codeBase="F:\ETWork\bin\Tests\SysIntgTests.iCore.Common.Entities.dll" adapterTypeName="Microsoft.VisualStudio.TestTools.TestTypes.Unit.UnitTestAdapter" className="SysIntgTests.iCore.Common.Entities.NodeTypeTests" name="Delete_NonDeletableNodeType_Throws" />
    </UnitTest>
    <UnitTest name="Import_SimpleSerializableNodeType_ShouldPersistCorrectly" storage="f:\etwork\bin\tests\sysintgtests.icore.common.entities.dll" id="b615afc1-f190-298e-b91e-d7225853e300">
      <TestCategory>
        <TestCategoryItem TestCategory="Entities" />
        <TestCategoryItem TestCategory="SystemIntegration" />
      </TestCategory>
      <Execution id="516ad2a9-60d4-4afc-b42c-dddaf683ffc2" />
      <TestMethod codeBase="F:\ETWork\bin\Tests\SysIntgTests.iCore.Common.Entities.dll" adapterTypeName="Microsoft.VisualStudio.TestTools.TestTypes.Unit.UnitTestAdapter" className="SysIntgTests.iCore.Common.Entities.NodeTypeTests" name="Import_SimpleSerializableNodeType_ShouldPersistCorrectly" />
    </UnitTest>
    <UnitTest name="FilterNodePartnerName" storage="f:\etwork\bin\tests\sysintgtests.icore.common.entities.dll" id="c193284b-f4d2-7cd1-9cf1-fd19800c866d">
      <TestCategory>
        <TestCategoryItem TestCategory="SystemIntegration" />
        <TestCategoryItem TestCategory="PerformanceClasses" />
      </TestCategory>
      <Execution id="13cc62e7-5004-49a9-8ea1-33390f7df0c6" />
      <TestMethod codeBase="F:\ETWork\bin\Tests\SysIntgTests.iCore.Common.Entities.dll" adapterTypeName="Microsoft.VisualStudio.TestTools.TestTypes.Unit.UnitTestAdapter" className="SysIntgTests.iCore.Common.Entities.EntityFilterDefinitionTest" name="FilterNodePartnerName" />
    </UnitTest>
    <UnitTest name="FilterNodePartnerNameAsync" storage="f:\etwork\bin\tests\sysintgtests.icore.common.entities.dll" id="dabea0a7-3972-dc78-1422-d53eb2bc8795">
      <TestCategory>
        <TestCategoryItem TestCategory="SystemIntegration" />
        <TestCategoryItem TestCategory="PerformanceClasses" />
      </TestCategory>
      <Execution id="f779f3d0-bd8b-4dfe-921e-08c8fbaf2723" />
      <TestMethod codeBase="F:\ETWork\bin\Tests\SysIntgTests.iCore.Common.Entities.dll" adapterTypeName="Microsoft.VisualStudio.TestTools.TestTypes.Unit.UnitTestAdapter" className="SysIntgTests.iCore.Common.Entities.EntityFilterDefinitionTest" name="FilterNodePartnerNameAsync" />
    </UnitTest>
    <UnitTest name="FilterPartnerColumns" storage="f:\etwork\bin\tests\sysintgtests.icore.common.entities.dll" id="ae66943e-b600-55a9-8884-426b16551edc">
      <TestCategory>
        <TestCategoryItem TestCategory="SystemIntegration" />
        <TestCategoryItem TestCategory="PerformanceClasses" />
      </TestCategory>
      <Execution id="4ecfa756-7fce-4781-bbf1-8f94731782e0" />
      <TestMethod codeBase="F:\ETWork\bin\Tests\SysIntgTests.iCore.Common.Entities.dll" adapterTypeName="Microsoft.VisualStudio.TestTools.TestTypes.Unit.UnitTestAdapter" className="SysIntgTests.iCore.Common.Entities.EntityFilterDefinitionTest" name="FilterPartnerColumns" />
    </UnitTest>
    <UnitTest name="FilterPartnerColumnsAsync" storage="f:\etwork\bin\tests\sysintgtests.icore.common.entities.dll" id="f7b4815d-cb42-7f6a-2a62-c4c49162af6f">
      <TestCategory>
        <TestCategoryItem TestCategory="SystemIntegration" />
        <TestCategoryItem TestCategory="PerformanceClasses" />
      </TestCategory>
      <Execution id="9f60a6eb-4133-4329-92fe-98605ba80e0d" />
      <TestMethod codeBase="F:\ETWork\bin\Tests\SysIntgTests.iCore.Common.Entities.dll" adapterTypeName="Microsoft.VisualStudio.TestTools.TestTypes.Unit.UnitTestAdapter" className="SysIntgTests.iCore.Common.Entities.EntityFilterDefinitionTest" name="FilterPartnerColumnsAsync" />
    </UnitTest>
    <UnitTest name="FilterLogScopeJoin" storage="f:\etwork\bin\tests\sysintgtests.icore.common.entities.dll" id="9220be5e-8400-646c-422e-c3347f7804f4">
      <TestCategory>
        <TestCategoryItem TestCategory="SystemIntegration" />
        <TestCategoryItem TestCategory="PerformanceClasses" />
      </TestCategory>
      <Execution id="cd6653cb-5b50-4a3b-8a0c-a8feff0b149b" />
      <TestMethod codeBase="F:\ETWork\bin\Tests\SysIntgTests.iCore.Common.Entities.dll" adapterTypeName="Microsoft.VisualStudio.TestTools.TestTypes.Unit.UnitTestAdapter" className="SysIntgTests.iCore.Common.Entities.EntityFilterDefinitionTest" name="FilterLogScopeJoin" />
    </UnitTest>
    <UnitTest name="FilterPartnerAllColumns" storage="f:\etwork\bin\tests\sysintgtests.icore.common.entities.dll" id="452513b1-3035-e635-ebec-ba8fe55cfd32">
      <TestCategory>
        <TestCategoryItem TestCategory="SystemIntegration" />
        <TestCategoryItem TestCategory="PerformanceClasses" />
      </TestCategory>
      <Execution id="800a70f5-1cbd-4da2-bee8-0733bc22133f" />
      <TestMethod codeBase="F:\ETWork\bin\Tests\SysIntgTests.iCore.Common.Entities.dll" adapterTypeName="Microsoft.VisualStudio.TestTools.TestTypes.Unit.UnitTestAdapter" className="SysIntgTests.iCore.Common.Entities.EntityFilterDefinitionTest" name="FilterPartnerAllColumns" />
    </UnitTest>
    <UnitTest name="FilterOnNode_AllColumns_Success" storage="f:\etwork\bin\tests\sysintgtests.icore.common.entities.dll" id="9db81d18-958f-b696-2559-15e24cd06222">
      <TestCategory>
        <TestCategoryItem TestCategory="SystemIntegration" />
        <TestCategoryItem TestCategory="PerformanceClasses" />
      </TestCategory>
      <Execution id="5cf9f8e3-d756-4994-8d47-4d7ed435c790" />
      <TestMethod codeBase="F:\ETWork\bin\Tests\SysIntgTests.iCore.Common.Entities.dll" adapterTypeName="Microsoft.VisualStudio.TestTools.TestTypes.Unit.UnitTestAdapter" className="SysIntgTests.iCore.Common.Entities.EntityFilterDefinitionTest" name="FilterOnNode_AllColumns_Success" />
    </UnitTest>
    <UnitTest name="FilterResolve_NodeJobEventEventTypeName_Success" storage="f:\etwork\bin\tests\sysintgtests.icore.common.entities.dll" id="ede6d8ba-debe-da70-d8d3-4ce04726da64">
      <TestCategory>
        <TestCategoryItem TestCategory="SystemIntegration" />
        <TestCategoryItem TestCategory="PerformanceClasses" />
      </TestCategory>
      <Execution id="ab420179-3c46-4e2a-8056-2cd1256c995e" />
      <TestMethod codeBase="F:\ETWork\bin\Tests\SysIntgTests.iCore.Common.Entities.dll" adapterTypeName="Microsoft.VisualStudio.TestTools.TestTypes.Unit.UnitTestAdapter" className="SysIntgTests.iCore.Common.Entities.EntityFilterDefinitionTest" name="FilterResolve_NodeJobEventEventTypeName_Success" />
    </UnitTest>
    <UnitTest name="FilterVerifyDisplayMap" storage="f:\etwork\bin\tests\sysintgtests.icore.common.entities.dll" id="e9c2bc41-23da-ee55-2e0f-81d73865f9fb">
      <TestCategory>
        <TestCategoryItem TestCategory="SystemIntegration" />
        <TestCategoryItem TestCategory="PerformanceClasses" />
      </TestCategory>
      <Execution id="70bd877d-0b20-4e13-87b4-7b96cbb76e81" />
      <TestMethod codeBase="F:\ETWork\bin\Tests\SysIntgTests.iCore.Common.Entities.dll" adapterTypeName="Microsoft.VisualStudio.TestTools.TestTypes.Unit.UnitTestAdapter" className="SysIntgTests.iCore.Common.Entities.EntityFilterDefinitionTest" name="FilterVerifyDisplayMap" />
    </UnitTest>
    <UnitTest name="FilterResolve_LogNodeJobEventEventTypeName_Success" storage="f:\etwork\bin\tests\sysintgtests.icore.common.entities.dll" id="9c3a8425-87b4-7384-654c-c106825b4cc6">
      <TestCategory>
        <TestCategoryItem TestCategory="SystemIntegration" />
        <TestCategoryItem TestCategory="PerformanceClasses" />
      </TestCategory>
      <Execution id="2064ccb3-bf90-4df0-ae2f-c31d18be6e09" />
      <TestMethod codeBase="F:\ETWork\bin\Tests\SysIntgTests.iCore.Common.Entities.dll" adapterTypeName="Microsoft.VisualStudio.TestTools.TestTypes.Unit.UnitTestAdapter" className="SysIntgTests.iCore.Common.Entities.EntityFilterDefinitionTest" name="FilterResolve_LogNodeJobEventEventTypeName_Success" />
    </UnitTest>
    <UnitTest name="FilterResolvePartnerAttributeGroupsApaTestApa" storage="f:\etwork\bin\tests\sysintgtests.icore.common.entities.dll" id="b477a6c0-c71d-18dd-bac8-3536153030a8">
      <TestCategory>
        <TestCategoryItem TestCategory="SystemIntegration" />
        <TestCategoryItem TestCategory="PerformanceClasses" />
      </TestCategory>
      <Execution id="18b8a21d-98de-4b8e-b8ce-2f6618b730b8" />
      <TestMethod codeBase="F:\ETWork\bin\Tests\SysIntgTests.iCore.Common.Entities.dll" adapterTypeName="Microsoft.VisualStudio.TestTools.TestTypes.Unit.UnitTestAdapter" className="SysIntgTests.iCore.Common.Entities.EntityFilterDefinitionTest" name="FilterResolvePartnerAttributeGroupsApaTestApa" />
    </UnitTest>
    <UnitTest name="FilterResolveNodeAttributesBepa" storage="f:\etwork\bin\tests\sysintgtests.icore.common.entities.dll" id="4cae6d94-3bb6-512c-cacb-9fe196d7e39e">
      <TestCategory>
        <TestCategoryItem TestCategory="SystemIntegration" />
        <TestCategoryItem TestCategory="PerformanceClasses" />
      </TestCategory>
      <Execution id="05db6878-556f-47e7-8ce0-bec55828963a" />
      <TestMethod codeBase="F:\ETWork\bin\Tests\SysIntgTests.iCore.Common.Entities.dll" adapterTypeName="Microsoft.VisualStudio.TestTools.TestTypes.Unit.UnitTestAdapter" className="SysIntgTests.iCore.Common.Entities.EntityFilterDefinitionTest" name="FilterResolveNodeAttributesBepa" />
    </UnitTest>
    <UnitTest name="FilterResolveAndIterateNode" storage="f:\etwork\bin\tests\sysintgtests.icore.common.entities.dll" id="ef299d5e-60b0-98d7-5fea-1dece2e59b2e">
      <TestCategory>
        <TestCategoryItem TestCategory="SystemIntegration" />
        <TestCategoryItem TestCategory="PerformanceClasses" />
      </TestCategory>
      <Execution id="4d8a84cd-ce0c-4dfd-ab38-3d2e0e2d0646" />
      <TestMethod codeBase="F:\ETWork\bin\Tests\SysIntgTests.iCore.Common.Entities.dll" adapterTypeName="Microsoft.VisualStudio.TestTools.TestTypes.Unit.UnitTestAdapter" className="SysIntgTests.iCore.Common.Entities.EntityFilterDefinitionTest" name="FilterResolveAndIterateNode" />
    </UnitTest>
    <UnitTest name="FilterResolveAndIterateLogEntry" storage="f:\etwork\bin\tests\sysintgtests.icore.common.entities.dll" id="08757410-1140-3f72-8d1c-4edb91feeb90">
      <TestCategory>
        <TestCategoryItem TestCategory="SystemIntegration" />
        <TestCategoryItem TestCategory="PerformanceClasses" />
      </TestCategory>
      <Execution id="187ec9f4-3b01-4948-98c2-1d3ec4cf5d43" />
      <TestMethod codeBase="F:\ETWork\bin\Tests\SysIntgTests.iCore.Common.Entities.dll" adapterTypeName="Microsoft.VisualStudio.TestTools.TestTypes.Unit.UnitTestAdapter" className="SysIntgTests.iCore.Common.Entities.EntityFilterDefinitionTest" name="FilterResolveAndIterateLogEntry" />
    </UnitTest>
    <UnitTest name="FilterResolveAndIterateEvent" storage="f:\etwork\bin\tests\sysintgtests.icore.common.entities.dll" id="7028faae-7920-3f1a-ecf7-66fcb490a7fa">
      <TestCategory>
        <TestCategoryItem TestCategory="SystemIntegration" />
        <TestCategoryItem TestCategory="PerformanceClasses" />
      </TestCategory>
      <Execution id="642795a4-ef5f-4734-8786-8639ced74b0a" />
      <TestMethod codeBase="F:\ETWork\bin\Tests\SysIntgTests.iCore.Common.Entities.dll" adapterTypeName="Microsoft.VisualStudio.TestTools.TestTypes.Unit.UnitTestAdapter" className="SysIntgTests.iCore.Common.Entities.EntityFilterDefinitionTest" name="FilterResolveAndIterateEvent" />
    </UnitTest>
    <UnitTest name="FilterResolveAndIteratePartner" storage="f:\etwork\bin\tests\sysintgtests.icore.common.entities.dll" id="0bd50204-25fc-e4b3-e8fd-158fc4fdb39a">
      <TestCategory>
        <TestCategoryItem TestCategory="SystemIntegration" />
        <TestCategoryItem TestCategory="PerformanceClasses" />
      </TestCategory>
      <Execution id="128c7ad6-819b-405b-85fb-737becf56318" />
      <TestMethod codeBase="F:\ETWork\bin\Tests\SysIntgTests.iCore.Common.Entities.dll" adapterTypeName="Microsoft.VisualStudio.TestTools.TestTypes.Unit.UnitTestAdapter" className="SysIntgTests.iCore.Common.Entities.EntityFilterDefinitionTest" name="FilterResolveAndIteratePartner" />
    </UnitTest>
    <UnitTest name="FilterResolveAndIterateEventHandler" storage="f:\etwork\bin\tests\sysintgtests.icore.common.entities.dll" id="76ecd493-d30e-2bad-d16e-37783e7e0e95">
      <TestCategory>
        <TestCategoryItem TestCategory="SystemIntegration" />
        <TestCategoryItem TestCategory="PerformanceClasses" />
      </TestCategory>
      <Execution id="66b322db-0fac-4046-8c20-5467ca3ba872" />
      <TestMethod codeBase="F:\ETWork\bin\Tests\SysIntgTests.iCore.Common.Entities.dll" adapterTypeName="Microsoft.VisualStudio.TestTools.TestTypes.Unit.UnitTestAdapter" className="SysIntgTests.iCore.Common.Entities.EntityFilterDefinitionTest" name="FilterResolveAndIterateEventHandler" />
    </UnitTest>
    <UnitTest name="FilterResolveAndIterateWSDefinition" storage="f:\etwork\bin\tests\sysintgtests.icore.common.entities.dll" id="1341f54c-09b1-55bd-f8b9-0730bc5c5fc8">
      <TestCategory>
        <TestCategoryItem TestCategory="SystemIntegration" />
        <TestCategoryItem TestCategory="PerformanceClasses" />
      </TestCategory>
      <Execution id="6b5da83d-249a-4d90-9a55-af38f4057ef0" />
      <TestMethod codeBase="F:\ETWork\bin\Tests\SysIntgTests.iCore.Common.Entities.dll" adapterTypeName="Microsoft.VisualStudio.TestTools.TestTypes.Unit.UnitTestAdapter" className="SysIntgTests.iCore.Common.Entities.EntityFilterDefinitionTest" name="FilterResolveAndIterateWSDefinition" />
    </UnitTest>
    <UnitTest name="FilterWSDefinitionsAllColumns" storage="f:\etwork\bin\tests\sysintgtests.icore.common.entities.dll" id="c1e31ce0-be46-8583-bb69-81a5090c0828">
      <TestCategory>
        <TestCategoryItem TestCategory="SystemIntegration" />
        <TestCategoryItem TestCategory="PerformanceClasses" />
      </TestCategory>
      <Execution id="dbff03f4-855a-4bb6-a4e3-784b0840f91a" />
      <TestMethod codeBase="F:\ETWork\bin\Tests\SysIntgTests.iCore.Common.Entities.dll" adapterTypeName="Microsoft.VisualStudio.TestTools.TestTypes.Unit.UnitTestAdapter" className="SysIntgTests.iCore.Common.Entities.EntityFilterDefinitionTest" name="FilterWSDefinitionsAllColumns" />
    </UnitTest>
    <UnitTest name="GetSystemIdFromDb_ProperValues_SuccessFullyReturnsId" storage="f:\etwork\bin\tests\sysintgtests.icore.common.entities.dll" id="d455c785-fcd7-811a-e29f-6aade65e9120">
      <Execution id="02f39e7e-fc31-4950-8a8a-66ddda1c788f" />
      <TestMethod codeBase="F:\ETWork\bin\Tests\SysIntgTests.iCore.Common.Entities.dll" adapterTypeName="Microsoft.VisualStudio.TestTools.TestTypes.Unit.UnitTestAdapter" className="SysIntgTests.iCore.Common.Entities.Repositories.SystemRepositoryImplTest" name="GetSystemIdFromDb_ProperValues_SuccessFullyReturnsId" />
    </UnitTest>
    <UnitTest name="GetSystemIdFromDb_InvalidValues_SuccessFullyReturnsNull" storage="f:\etwork\bin\tests\sysintgtests.icore.common.entities.dll" id="637c0fa3-833f-a550-b864-896a6a6f2fd8">
      <Execution id="53299342-cccf-4c48-8ef7-8807ea2533cd" />
      <TestMethod codeBase="F:\ETWork\bin\Tests\SysIntgTests.iCore.Common.Entities.dll" adapterTypeName="Microsoft.VisualStudio.TestTools.TestTypes.Unit.UnitTestAdapter" className="SysIntgTests.iCore.Common.Entities.Repositories.SystemRepositoryImplTest" name="GetSystemIdFromDb_InvalidValues_SuccessFullyReturnsNull" />
    </UnitTest>
    <UnitTest name="Export_ExportNodeFilterWithPartnerAttributeGroupColumns_ExportIsSuccessful" storage="f:\etwork\bin\tests\sysintgtests.icore.common.entities.dll" id="eb144763-12b3-50fc-7691-d8d682a7d4a8">
      <TestCategory>
        <TestCategoryItem TestCategory="ImportExport" />
        <TestCategoryItem TestCategory="SystemIntegration" />
      </TestCategory>
      <Execution id="80ad2f13-74b3-4f17-b271-a737e41bc541" />
      <TestMethod codeBase="F:\ETWork\bin\Tests\SysIntgTests.iCore.Common.Entities.dll" adapterTypeName="Microsoft.VisualStudio.TestTools.TestTypes.Unit.UnitTestAdapter" className="SysIntgTests.iCore.Common.Entities.ImportExport.ExportDocumentTests" name="Export_ExportNodeFilterWithPartnerAttributeGroupColumns_ExportIsSuccessful" />
    </UnitTest>
    <UnitTest name="Export_ExportWithPasswordEncryption_ExportIsSuccessful" storage="f:\etwork\bin\tests\sysintgtests.icore.common.entities.dll" id="b579d18d-1159-6fad-8638-8d25cdef1957">
      <TestCategory>
        <TestCategoryItem TestCategory="ImportExport" />
        <TestCategoryItem TestCategory="SystemIntegration" />
      </TestCategory>
      <Execution id="34a687d5-c9aa-46ea-a27b-de285d695a45" />
      <TestMethod codeBase="F:\ETWork\bin\Tests\SysIntgTests.iCore.Common.Entities.dll" adapterTypeName="Microsoft.VisualStudio.TestTools.TestTypes.Unit.UnitTestAdapter" className="SysIntgTests.iCore.Common.Entities.ImportExport.ExportDocumentTests" name="Export_ExportWithPasswordEncryption_ExportIsSuccessful" />
    </UnitTest>
    <UnitTest name="Load_DocumentExportedToFile_LoadDeserializesCorrectly" storage="f:\etwork\bin\tests\sysintgtests.icore.common.entities.dll" id="50107273-3160-9f56-ee6c-d48a3edecd32">
      <TestCategory>
        <TestCategoryItem TestCategory="ImportExport" />
        <TestCategoryItem TestCategory="SystemIntegration" />
      </TestCategory>
      <Execution id="b24e00e7-33c9-47c9-a085-316a11d86ebb" />
      <TestMethod codeBase="F:\ETWork\bin\Tests\SysIntgTests.iCore.Common.Entities.dll" adapterTypeName="Microsoft.VisualStudio.TestTools.TestTypes.Unit.UnitTestAdapter" className="SysIntgTests.iCore.Common.Entities.ImportExport.ImportDocumentTests" name="Load_DocumentExportedToFile_LoadDeserializesCorrectly" />
    </UnitTest>
    <UnitTest name="Load_DocumentExportToFileEncrypted_LoadDeserializesCorrectly" storage="f:\etwork\bin\tests\sysintgtests.icore.common.entities.dll" id="a4989a62-2482-9f0c-2892-f367015afc93">
      <TestCategory>
        <TestCategoryItem TestCategory="ImportExport" />
        <TestCategoryItem TestCategory="SystemIntegration" />
      </TestCategory>
      <Execution id="c876a13b-0c03-4f3d-9832-647aa3ae67d5" />
      <TestMethod codeBase="F:\ETWork\bin\Tests\SysIntgTests.iCore.Common.Entities.dll" adapterTypeName="Microsoft.VisualStudio.TestTools.TestTypes.Unit.UnitTestAdapter" className="SysIntgTests.iCore.Common.Entities.ImportExport.ImportDocumentTests" name="Load_DocumentExportToFileEncrypted_LoadDeserializesCorrectly" />
    </UnitTest>
    <UnitTest name="Load_Version1EncryptedFile_Success" storage="f:\etwork\bin\tests\sysintgtests.icore.common.entities.dll" id="437ff271-0a65-f133-0f4f-6a5833af40c9">
      <TestCategory>
        <TestCategoryItem TestCategory="ImportExport" />
        <TestCategoryItem TestCategory="SystemIntegration" />
      </TestCategory>
      <Execution id="14611344-3157-429f-b9fe-46cf82015b7d" />
      <TestMethod codeBase="F:\ETWork\bin\Tests\SysIntgTests.iCore.Common.Entities.dll" adapterTypeName="Microsoft.VisualStudio.TestTools.TestTypes.Unit.UnitTestAdapter" className="SysIntgTests.iCore.Common.Entities.ImportExport.ImportDocumentTests" name="Load_Version1EncryptedFile_Success" />
    </UnitTest>
    <UnitTest name="RepositoryEntityTypeId_ReturnsFavorite" storage="f:\etwork\bin\tests\sysintgtests.icore.common.entities.dll" id="1be8ceea-8fc2-4831-7f0e-8125d870ca3a">
      <TestCategory>
        <TestCategoryItem TestCategory="Entities" />
        <TestCategoryItem TestCategory="SystemIntegration" />
      </TestCategory>
      <Execution id="d4f4a55a-b790-438c-836c-83eab4608222" />
      <TestMethod codeBase="F:\ETWork\bin\Tests\SysIntgTests.iCore.Common.Entities.dll" adapterTypeName="Microsoft.VisualStudio.TestTools.TestTypes.Unit.UnitTestAdapter" className="SysIntgTests.iCore.Common.Entities.EntityTests.FavoriteTests" name="RepositoryEntityTypeId_ReturnsFavorite" />
    </UnitTest>
    <UnitTest name="RepositoryEntityType_ReturnsIFavorite" storage="f:\etwork\bin\tests\sysintgtests.icore.common.entities.dll" id="3e4b2836-39be-57db-ab81-25cce9b79f81">
      <TestCategory>
        <TestCategoryItem TestCategory="Entities" />
        <TestCategoryItem TestCategory="SystemIntegration" />
      </TestCategory>
      <Execution id="0c39a9af-d5ab-4e11-9eb4-5e99041a0937" />
      <TestMethod codeBase="F:\ETWork\bin\Tests\SysIntgTests.iCore.Common.Entities.dll" adapterTypeName="Microsoft.VisualStudio.TestTools.TestTypes.Unit.UnitTestAdapter" className="SysIntgTests.iCore.Common.Entities.EntityTests.FavoriteTests" name="RepositoryEntityType_ReturnsIFavorite" />
    </UnitTest>
    <UnitTest name="RepositorySystemContext_MatchesActualSystemContext" storage="f:\etwork\bin\tests\sysintgtests.icore.common.entities.dll" id="f12d4bdc-e99e-b877-17cd-900cc3332116">
      <TestCategory>
        <TestCategoryItem TestCategory="Entities" />
        <TestCategoryItem TestCategory="SystemIntegration" />
      </TestCategory>
      <Execution id="2e0fbfbd-ce24-482d-abad-0a0890c86a3e" />
      <TestMethod codeBase="F:\ETWork\bin\Tests\SysIntgTests.iCore.Common.Entities.dll" adapterTypeName="Microsoft.VisualStudio.TestTools.TestTypes.Unit.UnitTestAdapter" className="SysIntgTests.iCore.Common.Entities.EntityTests.FavoriteTests" name="RepositorySystemContext_MatchesActualSystemContext" />
    </UnitTest>
    <UnitTest name="Exists_NodeTypeVersionKey_ThrowsArgumentException" storage="f:\etwork\bin\tests\sysintgtests.icore.common.entities.dll" id="05ab32f6-13af-de8d-7188-5f30d94bd195">
      <TestCategory>
        <TestCategoryItem TestCategory="Entities" />
        <TestCategoryItem TestCategory="SystemIntegration" />
      </TestCategory>
      <Execution id="d0a57677-2ed4-4cd9-ba7f-c5b1922ecd6b" />
      <TestMethod codeBase="F:\ETWork\bin\Tests\SysIntgTests.iCore.Common.Entities.dll" adapterTypeName="Microsoft.VisualStudio.TestTools.TestTypes.Unit.UnitTestAdapter" className="SysIntgTests.iCore.Common.Entities.EntityTests.FavoriteTests" name="Exists_NodeTypeVersionKey_ThrowsArgumentException" />
    </UnitTest>
    <UnitTest name="Exists_KnownFavoriteKey_ReturnsTrue (Data Row 0)" storage="f:\etwork\bin\tests\sysintgtests.icore.common.entities.dll" id="a8d83e56-405d-44fc-aed0-d4a65b158875">
      <TestCategory>
        <TestCategoryItem TestCategory="Entities" />
        <TestCategoryItem TestCategory="SystemIntegration" />
      </TestCategory>
      <Execution id="4e95b772-afbd-4a5a-b9ce-c7cf80265e1d" />
      <TestMethod codeBase="F:\ETWork\bin\Tests\SysIntgTests.iCore.Common.Entities.dll" adapterTypeName="Microsoft.VisualStudio.TestTools.TestTypes.Unit.UnitTestAdapter" className="SysIntgTests.iCore.Common.Entities.EntityTests.FavoriteTests" name="Exists_KnownFavoriteKey_ReturnsTrue (Data Row 0)" />
    </UnitTest>
    <UnitTest name="Exists_KnownFavoriteKey_ReturnsTrue (Data Row 1)" storage="f:\etwork\bin\tests\sysintgtests.icore.common.entities.dll" id="eb5ed5d9-dff8-42dd-be7b-102081e86259">
      <TestCategory>
        <TestCategoryItem TestCategory="Entities" />
        <TestCategoryItem TestCategory="SystemIntegration" />
      </TestCategory>
      <Execution id="a350ae64-9a1d-4d33-8f92-d5f047f8a052" />
      <TestMethod codeBase="F:\ETWork\bin\Tests\SysIntgTests.iCore.Common.Entities.dll" adapterTypeName="Microsoft.VisualStudio.TestTools.TestTypes.Unit.UnitTestAdapter" className="SysIntgTests.iCore.Common.Entities.EntityTests.FavoriteTests" name="Exists_KnownFavoriteKey_ReturnsTrue (Data Row 1)" />
    </UnitTest>
    <UnitTest name="Exists_KnownFavoriteKey_ReturnsTrue (Data Row 2)" storage="f:\etwork\bin\tests\sysintgtests.icore.common.entities.dll" id="d2707d4a-9e8c-4c6e-aa7b-e019bd7ee8ee">
      <TestCategory>
        <TestCategoryItem TestCategory="Entities" />
        <TestCategoryItem TestCategory="SystemIntegration" />
      </TestCategory>
      <Execution id="b1de6f5c-9fbd-498d-b5b3-fb5fc6549551" />
      <TestMethod codeBase="F:\ETWork\bin\Tests\SysIntgTests.iCore.Common.Entities.dll" adapterTypeName="Microsoft.VisualStudio.TestTools.TestTypes.Unit.UnitTestAdapter" className="SysIntgTests.iCore.Common.Entities.EntityTests.FavoriteTests" name="Exists_KnownFavoriteKey_ReturnsTrue (Data Row 2)" />
    </UnitTest>
    <UnitTest name="Exists_KnownFavoriteKey_ReturnsTrue (Data Row 3)" storage="f:\etwork\bin\tests\sysintgtests.icore.common.entities.dll" id="dfe91239-c518-4afb-95d2-3c2c283bd8aa">
      <TestCategory>
        <TestCategoryItem TestCategory="Entities" />
        <TestCategoryItem TestCategory="SystemIntegration" />
      </TestCategory>
      <Execution id="b8b149bd-8ef4-4102-91e6-24005276e880" />
      <TestMethod codeBase="F:\ETWork\bin\Tests\SysIntgTests.iCore.Common.Entities.dll" adapterTypeName="Microsoft.VisualStudio.TestTools.TestTypes.Unit.UnitTestAdapter" className="SysIntgTests.iCore.Common.Entities.EntityTests.FavoriteTests" name="Exists_KnownFavoriteKey_ReturnsTrue (Data Row 3)" />
    </UnitTest>
    <UnitTest name="Exists_KnownFavoriteKey_ReturnsTrue (Data Row 4)" storage="f:\etwork\bin\tests\sysintgtests.icore.common.entities.dll" id="ee4e6a32-d7a1-4c2e-a550-3d3593adbe67">
      <TestCategory>
        <TestCategoryItem TestCategory="Entities" />
        <TestCategoryItem TestCategory="SystemIntegration" />
      </TestCategory>
      <Execution id="bea517bd-6ba2-4fbb-b6eb-8af29d444938" />
      <TestMethod codeBase="F:\ETWork\bin\Tests\SysIntgTests.iCore.Common.Entities.dll" adapterTypeName="Microsoft.VisualStudio.TestTools.TestTypes.Unit.UnitTestAdapter" className="SysIntgTests.iCore.Common.Entities.EntityTests.FavoriteTests" name="Exists_KnownFavoriteKey_ReturnsTrue (Data Row 4)" />
    </UnitTest>
    <UnitTest name="Exists_KnownFavoriteKey_ReturnsTrue (Data Row 5)" storage="f:\etwork\bin\tests\sysintgtests.icore.common.entities.dll" id="ec5b1125-0c30-4142-b11e-6c2d9e9f7c91">
      <TestCategory>
        <TestCategoryItem TestCategory="Entities" />
        <TestCategoryItem TestCategory="SystemIntegration" />
      </TestCategory>
      <Execution id="8a4d0b0d-1473-4fba-86ee-dcd574567b00" />
      <TestMethod codeBase="F:\ETWork\bin\Tests\SysIntgTests.iCore.Common.Entities.dll" adapterTypeName="Microsoft.VisualStudio.TestTools.TestTypes.Unit.UnitTestAdapter" className="SysIntgTests.iCore.Common.Entities.EntityTests.FavoriteTests" name="Exists_KnownFavoriteKey_ReturnsTrue (Data Row 5)" />
    </UnitTest>
    <UnitTest name="Exists_NonExistingFavoriteKey_ReturnsFalse" storage="f:\etwork\bin\tests\sysintgtests.icore.common.entities.dll" id="42e78bbc-14f2-e22d-8846-77a21733ccd0">
      <TestCategory>
        <TestCategoryItem TestCategory="Entities" />
        <TestCategoryItem TestCategory="SystemIntegration" />
      </TestCategory>
      <Execution id="b5f3cae0-a423-4964-a447-fef96461bfd7" />
      <TestMethod codeBase="F:\ETWork\bin\Tests\SysIntgTests.iCore.Common.Entities.dll" adapterTypeName="Microsoft.VisualStudio.TestTools.TestTypes.Unit.UnitTestAdapter" className="SysIntgTests.iCore.Common.Entities.EntityTests.FavoriteTests" name="Exists_NonExistingFavoriteKey_ReturnsFalse" />
    </UnitTest>
    <UnitTest name="List_ContainsEachKnownFavoriteOnce (Data Row 0)" storage="f:\etwork\bin\tests\sysintgtests.icore.common.entities.dll" id="850365f9-e057-40cb-96e7-6df58facbfad">
      <TestCategory>
        <TestCategoryItem TestCategory="Entities" />
        <TestCategoryItem TestCategory="SystemIntegration" />
      </TestCategory>
      <Execution id="f8b0ce43-1bcb-47d4-bb84-589475468cb6" />
      <TestMethod codeBase="F:\ETWork\bin\Tests\SysIntgTests.iCore.Common.Entities.dll" adapterTypeName="Microsoft.VisualStudio.TestTools.TestTypes.Unit.UnitTestAdapter" className="SysIntgTests.iCore.Common.Entities.EntityTests.FavoriteTests" name="List_ContainsEachKnownFavoriteOnce (Data Row 0)" />
    </UnitTest>
    <UnitTest name="List_ContainsEachKnownFavoriteOnce (Data Row 1)" storage="f:\etwork\bin\tests\sysintgtests.icore.common.entities.dll" id="f80ec334-cfa6-4043-a661-d183d0b904b7">
      <TestCategory>
        <TestCategoryItem TestCategory="Entities" />
        <TestCategoryItem TestCategory="SystemIntegration" />
      </TestCategory>
      <Execution id="9602747b-5049-444b-8a87-07708f1144c0" />
      <TestMethod codeBase="F:\ETWork\bin\Tests\SysIntgTests.iCore.Common.Entities.dll" adapterTypeName="Microsoft.VisualStudio.TestTools.TestTypes.Unit.UnitTestAdapter" className="SysIntgTests.iCore.Common.Entities.EntityTests.FavoriteTests" name="List_ContainsEachKnownFavoriteOnce (Data Row 1)" />
    </UnitTest>
    <UnitTest name="List_ContainsEachKnownFavoriteOnce (Data Row 2)" storage="f:\etwork\bin\tests\sysintgtests.icore.common.entities.dll" id="4a5a711a-07d2-4594-8440-5fe5acb29d25">
      <TestCategory>
        <TestCategoryItem TestCategory="Entities" />
        <TestCategoryItem TestCategory="SystemIntegration" />
      </TestCategory>
      <Execution id="bd9b4096-6bfe-4954-bcab-717ec2ab0f33" />
      <TestMethod codeBase="F:\ETWork\bin\Tests\SysIntgTests.iCore.Common.Entities.dll" adapterTypeName="Microsoft.VisualStudio.TestTools.TestTypes.Unit.UnitTestAdapter" className="SysIntgTests.iCore.Common.Entities.EntityTests.FavoriteTests" name="List_ContainsEachKnownFavoriteOnce (Data Row 2)" />
    </UnitTest>
    <UnitTest name="List_ContainsEachKnownFavoriteOnce (Data Row 3)" storage="f:\etwork\bin\tests\sysintgtests.icore.common.entities.dll" id="2c79a280-8f4b-487d-ae88-5164675dec2d">
      <TestCategory>
        <TestCategoryItem TestCategory="Entities" />
        <TestCategoryItem TestCategory="SystemIntegration" />
      </TestCategory>
      <Execution id="73fa9131-63d0-4df9-b9da-17b5f99e3f8f" />
      <TestMethod codeBase="F:\ETWork\bin\Tests\SysIntgTests.iCore.Common.Entities.dll" adapterTypeName="Microsoft.VisualStudio.TestTools.TestTypes.Unit.UnitTestAdapter" className="SysIntgTests.iCore.Common.Entities.EntityTests.FavoriteTests" name="List_ContainsEachKnownFavoriteOnce (Data Row 3)" />
    </UnitTest>
    <UnitTest name="List_ContainsEachKnownFavoriteOnce (Data Row 4)" storage="f:\etwork\bin\tests\sysintgtests.icore.common.entities.dll" id="5e662bf0-f5a8-4f17-829f-d0593efd9e08">
      <TestCategory>
        <TestCategoryItem TestCategory="Entities" />
        <TestCategoryItem TestCategory="SystemIntegration" />
      </TestCategory>
      <Execution id="67c6d24e-cb9e-42a9-967f-34d6a9a50c7e" />
      <TestMethod codeBase="F:\ETWork\bin\Tests\SysIntgTests.iCore.Common.Entities.dll" adapterTypeName="Microsoft.VisualStudio.TestTools.TestTypes.Unit.UnitTestAdapter" className="SysIntgTests.iCore.Common.Entities.EntityTests.FavoriteTests" name="List_ContainsEachKnownFavoriteOnce (Data Row 4)" />
    </UnitTest>
    <UnitTest name="List_ContainsEachKnownFavoriteOnce (Data Row 5)" storage="f:\etwork\bin\tests\sysintgtests.icore.common.entities.dll" id="399b50bd-e707-4727-bc78-283e8ae8ed28">
      <TestCategory>
        <TestCategoryItem TestCategory="Entities" />
        <TestCategoryItem TestCategory="SystemIntegration" />
      </TestCategory>
      <Execution id="aeb892eb-4a84-4b61-aea3-a209a5a73787" />
      <TestMethod codeBase="F:\ETWork\bin\Tests\SysIntgTests.iCore.Common.Entities.dll" adapterTypeName="Microsoft.VisualStudio.TestTools.TestTypes.Unit.UnitTestAdapter" className="SysIntgTests.iCore.Common.Entities.EntityTests.FavoriteTests" name="List_ContainsEachKnownFavoriteOnce (Data Row 5)" />
    </UnitTest>
    <UnitTest name="List_ShouldSetSystemContextCorrectly" storage="f:\etwork\bin\tests\sysintgtests.icore.common.entities.dll" id="ef06433b-a16d-dd5b-0a7a-c622d1b5e829">
      <TestCategory>
        <TestCategoryItem TestCategory="Entities" />
        <TestCategoryItem TestCategory="SystemIntegration" />
      </TestCategory>
      <Execution id="f2c3d8b7-f353-455c-8641-07dd866efc5a" />
      <TestMethod codeBase="F:\ETWork\bin\Tests\SysIntgTests.iCore.Common.Entities.dll" adapterTypeName="Microsoft.VisualStudio.TestTools.TestTypes.Unit.UnitTestAdapter" className="SysIntgTests.iCore.Common.Entities.EntityTests.FavoriteTests" name="List_ShouldSetSystemContextCorrectly" />
    </UnitTest>
    <UnitTest name="GetByKey_NewGuid_ThrowsEntityNotFoundException" storage="f:\etwork\bin\tests\sysintgtests.icore.common.entities.dll" id="53b4d5c9-7247-3ce6-3de3-3dd3d1d2d868">
      <TestCategory>
        <TestCategoryItem TestCategory="Entities" />
        <TestCategoryItem TestCategory="SystemIntegration" />
      </TestCategory>
      <Execution id="dffa3fa8-6d05-4990-9c6f-cee56d0aa05c" />
      <TestMethod codeBase="F:\ETWork\bin\Tests\SysIntgTests.iCore.Common.Entities.dll" adapterTypeName="Microsoft.VisualStudio.TestTools.TestTypes.Unit.UnitTestAdapter" className="SysIntgTests.iCore.Common.Entities.EntityTests.FavoriteTests" name="GetByKey_NewGuid_ThrowsEntityNotFoundException" />
    </UnitTest>
    <UnitTest name="GetByKey_KnownKey_ReturnsEntityWithCorrectProperties (Data Row 0)" storage="f:\etwork\bin\tests\sysintgtests.icore.common.entities.dll" id="3ae1b7db-6e93-42dd-b547-8e451c13eaf2">
      <TestCategory>
        <TestCategoryItem TestCategory="Entities" />
        <TestCategoryItem TestCategory="SystemIntegration" />
      </TestCategory>
      <Execution id="43fc88e5-8bee-4206-a2d3-ab45211fc7ff" />
      <TestMethod codeBase="F:\ETWork\bin\Tests\SysIntgTests.iCore.Common.Entities.dll" adapterTypeName="Microsoft.VisualStudio.TestTools.TestTypes.Unit.UnitTestAdapter" className="SysIntgTests.iCore.Common.Entities.EntityTests.FavoriteTests" name="GetByKey_KnownKey_ReturnsEntityWithCorrectProperties (Data Row 0)" />
    </UnitTest>
    <UnitTest name="GetByKey_KnownKey_ReturnsEntityWithCorrectProperties (Data Row 1)" storage="f:\etwork\bin\tests\sysintgtests.icore.common.entities.dll" id="c6ba8b07-4665-4298-b53e-aaa045e38e76">
      <TestCategory>
        <TestCategoryItem TestCategory="Entities" />
        <TestCategoryItem TestCategory="SystemIntegration" />
      </TestCategory>
      <Execution id="323f37f7-af30-4d82-bd0d-cb0c88bc3967" />
      <TestMethod codeBase="F:\ETWork\bin\Tests\SysIntgTests.iCore.Common.Entities.dll" adapterTypeName="Microsoft.VisualStudio.TestTools.TestTypes.Unit.UnitTestAdapter" className="SysIntgTests.iCore.Common.Entities.EntityTests.FavoriteTests" name="GetByKey_KnownKey_ReturnsEntityWithCorrectProperties (Data Row 1)" />
    </UnitTest>
    <UnitTest name="GetByKey_KnownKey_ReturnsEntityWithCorrectProperties (Data Row 2)" storage="f:\etwork\bin\tests\sysintgtests.icore.common.entities.dll" id="8bd4ebb2-159b-479f-9b05-9b4bd9b9f7ce">
      <TestCategory>
        <TestCategoryItem TestCategory="Entities" />
        <TestCategoryItem TestCategory="SystemIntegration" />
      </TestCategory>
      <Execution id="b7ef83e1-f2fb-4e89-bcd5-37f6d3487f08" />
      <TestMethod codeBase="F:\ETWork\bin\Tests\SysIntgTests.iCore.Common.Entities.dll" adapterTypeName="Microsoft.VisualStudio.TestTools.TestTypes.Unit.UnitTestAdapter" className="SysIntgTests.iCore.Common.Entities.EntityTests.FavoriteTests" name="GetByKey_KnownKey_ReturnsEntityWithCorrectProperties (Data Row 2)" />
    </UnitTest>
    <UnitTest name="GetByKey_KnownKey_ReturnsEntityWithCorrectProperties (Data Row 3)" storage="f:\etwork\bin\tests\sysintgtests.icore.common.entities.dll" id="5e8a5df5-dcf2-4dbb-9d9e-e48958727856">
      <TestCategory>
        <TestCategoryItem TestCategory="Entities" />
        <TestCategoryItem TestCategory="SystemIntegration" />
      </TestCategory>
      <Execution id="e16aee16-d703-47d0-8a1c-9e20635a6291" />
      <TestMethod codeBase="F:\ETWork\bin\Tests\SysIntgTests.iCore.Common.Entities.dll" adapterTypeName="Microsoft.VisualStudio.TestTools.TestTypes.Unit.UnitTestAdapter" className="SysIntgTests.iCore.Common.Entities.EntityTests.FavoriteTests" name="GetByKey_KnownKey_ReturnsEntityWithCorrectProperties (Data Row 3)" />
    </UnitTest>
    <UnitTest name="GetByKey_KnownKey_ReturnsEntityWithCorrectProperties (Data Row 4)" storage="f:\etwork\bin\tests\sysintgtests.icore.common.entities.dll" id="3576877f-9a66-4f81-8ce4-5bc5fcbb806c">
      <TestCategory>
        <TestCategoryItem TestCategory="Entities" />
        <TestCategoryItem TestCategory="SystemIntegration" />
      </TestCategory>
      <Execution id="fb3f3c53-a4f6-491b-b6a8-b95ca4a0ff6d" />
      <TestMethod codeBase="F:\ETWork\bin\Tests\SysIntgTests.iCore.Common.Entities.dll" adapterTypeName="Microsoft.VisualStudio.TestTools.TestTypes.Unit.UnitTestAdapter" className="SysIntgTests.iCore.Common.Entities.EntityTests.FavoriteTests" name="GetByKey_KnownKey_ReturnsEntityWithCorrectProperties (Data Row 4)" />
    </UnitTest>
    <UnitTest name="GetByKey_KnownKey_ReturnsEntityWithCorrectProperties (Data Row 5)" storage="f:\etwork\bin\tests\sysintgtests.icore.common.entities.dll" id="f27b2b95-9e70-468b-9043-cc5f7bfcfc7e">
      <TestCategory>
        <TestCategoryItem TestCategory="Entities" />
        <TestCategoryItem TestCategory="SystemIntegration" />
      </TestCategory>
      <Execution id="b9e04972-aade-4371-9c42-81100dec3ec4" />
      <TestMethod codeBase="F:\ETWork\bin\Tests\SysIntgTests.iCore.Common.Entities.dll" adapterTypeName="Microsoft.VisualStudio.TestTools.TestTypes.Unit.UnitTestAdapter" className="SysIntgTests.iCore.Common.Entities.EntityTests.FavoriteTests" name="GetByKey_KnownKey_ReturnsEntityWithCorrectProperties (Data Row 5)" />
    </UnitTest>
    <UnitTest name="GetByKey_UnsupportedKey_ThrowsArgumentException" storage="f:\etwork\bin\tests\sysintgtests.icore.common.entities.dll" id="e88f47dc-968f-8d55-a925-cb5dbd3a6603">
      <TestCategory>
        <TestCategoryItem TestCategory="Entities" />
        <TestCategoryItem TestCategory="SystemIntegration" />
      </TestCategory>
      <Execution id="e69a315e-1798-4191-b39f-3a060eb0ab06" />
      <TestMethod codeBase="F:\ETWork\bin\Tests\SysIntgTests.iCore.Common.Entities.dll" adapterTypeName="Microsoft.VisualStudio.TestTools.TestTypes.Unit.UnitTestAdapter" className="SysIntgTests.iCore.Common.Entities.EntityTests.FavoriteTests" name="GetByKey_UnsupportedKey_ThrowsArgumentException" />
    </UnitTest>
    <UnitTest name="GetByIdentifier_NonExistingIdentifier_ReturnsNull" storage="f:\etwork\bin\tests\sysintgtests.icore.common.entities.dll" id="7b241cee-1387-e0b0-adab-a7de32b3cbe8">
      <TestCategory>
        <TestCategoryItem TestCategory="Entities" />
        <TestCategoryItem TestCategory="SystemIntegration" />
      </TestCategory>
      <Execution id="583bcae5-ca7d-4bcc-bf3b-12553dfe8bc1" />
      <TestMethod codeBase="F:\ETWork\bin\Tests\SysIntgTests.iCore.Common.Entities.dll" adapterTypeName="Microsoft.VisualStudio.TestTools.TestTypes.Unit.UnitTestAdapter" className="SysIntgTests.iCore.Common.Entities.EntityTests.FavoriteTests" name="GetByIdentifier_NonExistingIdentifier_ReturnsNull" />
    </UnitTest>
    <UnitTest name="GetByIdentifier_KnownIdentifier_ReturnsEntityWithCorrectProperties (Data Row 0)" storage="f:\etwork\bin\tests\sysintgtests.icore.common.entities.dll" id="c40fbcda-16ac-48af-accc-f04dde569197">
      <TestCategory>
        <TestCategoryItem TestCategory="Entities" />
        <TestCategoryItem TestCategory="SystemIntegration" />
      </TestCategory>
      <Execution id="9ba0a4b6-41a6-4350-96de-9eeef58fd137" />
      <TestMethod codeBase="F:\ETWork\bin\Tests\SysIntgTests.iCore.Common.Entities.dll" adapterTypeName="Microsoft.VisualStudio.TestTools.TestTypes.Unit.UnitTestAdapter" className="SysIntgTests.iCore.Common.Entities.EntityTests.FavoriteTests" name="GetByIdentifier_KnownIdentifier_ReturnsEntityWithCorrectProperties (Data Row 0)" />
    </UnitTest>
    <UnitTest name="GetByIdentifier_KnownIdentifier_ReturnsEntityWithCorrectProperties (Data Row 1)" storage="f:\etwork\bin\tests\sysintgtests.icore.common.entities.dll" id="cbaf9f0c-53b0-4f0f-9685-5e9f55a91c6d">
      <TestCategory>
        <TestCategoryItem TestCategory="Entities" />
        <TestCategoryItem TestCategory="SystemIntegration" />
      </TestCategory>
      <Execution id="b8a1b5a8-ddd4-4097-a7d6-a1e247dfb698" />
      <TestMethod codeBase="F:\ETWork\bin\Tests\SysIntgTests.iCore.Common.Entities.dll" adapterTypeName="Microsoft.VisualStudio.TestTools.TestTypes.Unit.UnitTestAdapter" className="SysIntgTests.iCore.Common.Entities.EntityTests.FavoriteTests" name="GetByIdentifier_KnownIdentifier_ReturnsEntityWithCorrectProperties (Data Row 1)" />
    </UnitTest>
    <UnitTest name="GetByIdentifier_KnownIdentifier_ReturnsEntityWithCorrectProperties (Data Row 2)" storage="f:\etwork\bin\tests\sysintgtests.icore.common.entities.dll" id="983e1eff-ad60-4a39-a0e6-25c9f961a23c">
      <TestCategory>
        <TestCategoryItem TestCategory="Entities" />
        <TestCategoryItem TestCategory="SystemIntegration" />
      </TestCategory>
      <Execution id="aca56d63-bdc4-4122-88af-07635c71a386" />
      <TestMethod codeBase="F:\ETWork\bin\Tests\SysIntgTests.iCore.Common.Entities.dll" adapterTypeName="Microsoft.VisualStudio.TestTools.TestTypes.Unit.UnitTestAdapter" className="SysIntgTests.iCore.Common.Entities.EntityTests.FavoriteTests" name="GetByIdentifier_KnownIdentifier_ReturnsEntityWithCorrectProperties (Data Row 2)" />
    </UnitTest>
    <UnitTest name="GetByIdentifier_KnownIdentifier_ReturnsEntityWithCorrectProperties (Data Row 3)" storage="f:\etwork\bin\tests\sysintgtests.icore.common.entities.dll" id="b6e2faaf-08e8-4681-88c5-59a1e2a0576d">
      <TestCategory>
        <TestCategoryItem TestCategory="Entities" />
        <TestCategoryItem TestCategory="SystemIntegration" />
      </TestCategory>
      <Execution id="ab7c5f11-b47b-4d75-83c2-fd2235d3d7be" />
      <TestMethod codeBase="F:\ETWork\bin\Tests\SysIntgTests.iCore.Common.Entities.dll" adapterTypeName="Microsoft.VisualStudio.TestTools.TestTypes.Unit.UnitTestAdapter" className="SysIntgTests.iCore.Common.Entities.EntityTests.FavoriteTests" name="GetByIdentifier_KnownIdentifier_ReturnsEntityWithCorrectProperties (Data Row 3)" />
    </UnitTest>
    <UnitTest name="GetByIdentifier_KnownIdentifier_ReturnsEntityWithCorrectProperties (Data Row 4)" storage="f:\etwork\bin\tests\sysintgtests.icore.common.entities.dll" id="9376f6ab-388d-4cc1-ad42-a99ea428444b">
      <TestCategory>
        <TestCategoryItem TestCategory="Entities" />
        <TestCategoryItem TestCategory="SystemIntegration" />
      </TestCategory>
      <Execution id="6211207b-924a-4bb5-ad4e-e71ae373cdf4" />
      <TestMethod codeBase="F:\ETWork\bin\Tests\SysIntgTests.iCore.Common.Entities.dll" adapterTypeName="Microsoft.VisualStudio.TestTools.TestTypes.Unit.UnitTestAdapter" className="SysIntgTests.iCore.Common.Entities.EntityTests.FavoriteTests" name="GetByIdentifier_KnownIdentifier_ReturnsEntityWithCorrectProperties (Data Row 4)" />
    </UnitTest>
    <UnitTest name="GetByIdentifier_KnownIdentifier_ReturnsEntityWithCorrectProperties (Data Row 5)" storage="f:\etwork\bin\tests\sysintgtests.icore.common.entities.dll" id="85c238eb-4ca1-4faa-bbfb-cc6cad2d0a8e">
      <TestCategory>
        <TestCategoryItem TestCategory="Entities" />
        <TestCategoryItem TestCategory="SystemIntegration" />
      </TestCategory>
      <Execution id="f22f245f-2f1b-42e3-bac7-6be48d22c765" />
      <TestMethod codeBase="F:\ETWork\bin\Tests\SysIntgTests.iCore.Common.Entities.dll" adapterTypeName="Microsoft.VisualStudio.TestTools.TestTypes.Unit.UnitTestAdapter" className="SysIntgTests.iCore.Common.Entities.EntityTests.FavoriteTests" name="GetByIdentifier_KnownIdentifier_ReturnsEntityWithCorrectProperties (Data Row 5)" />
    </UnitTest>
    <UnitTest name="GetByIdentifier_UserFavoritesIsEmpty_ReturnsNull (Data Row 0)" storage="f:\etwork\bin\tests\sysintgtests.icore.common.entities.dll" id="f8695b94-b4f4-4dca-81f5-5debab3cb09b">
      <TestCategory>
        <TestCategoryItem TestCategory="Entities" />
        <TestCategoryItem TestCategory="SystemIntegration" />
      </TestCategory>
      <Execution id="4a10b24d-9db1-4aac-bd12-69a686baed19" />
      <TestMethod codeBase="F:\ETWork\bin\Tests\SysIntgTests.iCore.Common.Entities.dll" adapterTypeName="Microsoft.VisualStudio.TestTools.TestTypes.Unit.UnitTestAdapter" className="SysIntgTests.iCore.Common.Entities.EntityTests.FavoriteTests" name="GetByIdentifier_UserFavoritesIsEmpty_ReturnsNull (Data Row 0)" />
    </UnitTest>
    <UnitTest name="GetByIdentifier_UserFavoritesIsEmpty_ReturnsNull (Data Row 1)" storage="f:\etwork\bin\tests\sysintgtests.icore.common.entities.dll" id="5935c021-6256-4f89-bf3e-3f08d1642b98">
      <TestCategory>
        <TestCategoryItem TestCategory="Entities" />
        <TestCategoryItem TestCategory="SystemIntegration" />
      </TestCategory>
      <Execution id="ae2817bd-1b02-4c2d-8ecb-b6031d7df9df" />
      <TestMethod codeBase="F:\ETWork\bin\Tests\SysIntgTests.iCore.Common.Entities.dll" adapterTypeName="Microsoft.VisualStudio.TestTools.TestTypes.Unit.UnitTestAdapter" className="SysIntgTests.iCore.Common.Entities.EntityTests.FavoriteTests" name="GetByIdentifier_UserFavoritesIsEmpty_ReturnsNull (Data Row 1)" />
    </UnitTest>
    <UnitTest name="GetByIdentifier_UserFavoritesIsEmpty_ReturnsNull (Data Row 2)" storage="f:\etwork\bin\tests\sysintgtests.icore.common.entities.dll" id="be60c70c-51de-4425-a73b-46ec84e081c0">
      <TestCategory>
        <TestCategoryItem TestCategory="Entities" />
        <TestCategoryItem TestCategory="SystemIntegration" />
      </TestCategory>
      <Execution id="bb297e27-a635-4b4a-8d06-21afa4b88acc" />
      <TestMethod codeBase="F:\ETWork\bin\Tests\SysIntgTests.iCore.Common.Entities.dll" adapterTypeName="Microsoft.VisualStudio.TestTools.TestTypes.Unit.UnitTestAdapter" className="SysIntgTests.iCore.Common.Entities.EntityTests.FavoriteTests" name="GetByIdentifier_UserFavoritesIsEmpty_ReturnsNull (Data Row 2)" />
    </UnitTest>
    <UnitTest name="GetByIdentifier_UserFavoritesIsEmpty_ReturnsNull (Data Row 3)" storage="f:\etwork\bin\tests\sysintgtests.icore.common.entities.dll" id="afce6ee8-742e-406a-8b48-d7d9affd7cf8">
      <TestCategory>
        <TestCategoryItem TestCategory="Entities" />
        <TestCategoryItem TestCategory="SystemIntegration" />
      </TestCategory>
      <Execution id="48635a69-82e6-4bce-bfa7-3e52097d1a0b" />
      <TestMethod codeBase="F:\ETWork\bin\Tests\SysIntgTests.iCore.Common.Entities.dll" adapterTypeName="Microsoft.VisualStudio.TestTools.TestTypes.Unit.UnitTestAdapter" className="SysIntgTests.iCore.Common.Entities.EntityTests.FavoriteTests" name="GetByIdentifier_UserFavoritesIsEmpty_ReturnsNull (Data Row 3)" />
    </UnitTest>
    <UnitTest name="GetByIdentifier_UserFavoritesIsEmpty_ReturnsNull (Data Row 4)" storage="f:\etwork\bin\tests\sysintgtests.icore.common.entities.dll" id="db6907ae-a02a-4da3-b3cb-a17dcfbdd326">
      <TestCategory>
        <TestCategoryItem TestCategory="Entities" />
        <TestCategoryItem TestCategory="SystemIntegration" />
      </TestCategory>
      <Execution id="06eda19e-dd3a-4415-bfff-d13978042668" />
      <TestMethod codeBase="F:\ETWork\bin\Tests\SysIntgTests.iCore.Common.Entities.dll" adapterTypeName="Microsoft.VisualStudio.TestTools.TestTypes.Unit.UnitTestAdapter" className="SysIntgTests.iCore.Common.Entities.EntityTests.FavoriteTests" name="GetByIdentifier_UserFavoritesIsEmpty_ReturnsNull (Data Row 4)" />
    </UnitTest>
    <UnitTest name="GetByIdentifier_UserFavoritesIsEmpty_ReturnsNull (Data Row 5)" storage="f:\etwork\bin\tests\sysintgtests.icore.common.entities.dll" id="a93bc544-ffa8-4fce-ab3b-08c579aee923">
      <TestCategory>
        <TestCategoryItem TestCategory="Entities" />
        <TestCategoryItem TestCategory="SystemIntegration" />
      </TestCategory>
      <Execution id="87e94013-0292-4636-8b59-c03832228df9" />
      <TestMethod codeBase="F:\ETWork\bin\Tests\SysIntgTests.iCore.Common.Entities.dll" adapterTypeName="Microsoft.VisualStudio.TestTools.TestTypes.Unit.UnitTestAdapter" className="SysIntgTests.iCore.Common.Entities.EntityTests.FavoriteTests" name="GetByIdentifier_UserFavoritesIsEmpty_ReturnsNull (Data Row 5)" />
    </UnitTest>
    <UnitTest name="Add_NullName_ThrowsConditionalErrorException" storage="f:\etwork\bin\tests\sysintgtests.icore.common.entities.dll" id="8064549e-2294-d241-3f6a-6227dbd4271e">
      <TestCategory>
        <TestCategoryItem TestCategory="Entities" />
        <TestCategoryItem TestCategory="SystemIntegration" />
      </TestCategory>
      <Execution id="18f3caaa-4446-48d6-ae25-336350082647" />
      <TestMethod codeBase="F:\ETWork\bin\Tests\SysIntgTests.iCore.Common.Entities.dll" adapterTypeName="Microsoft.VisualStudio.TestTools.TestTypes.Unit.UnitTestAdapter" className="SysIntgTests.iCore.Common.Entities.EntityTests.FavoriteTests" name="Add_NullName_ThrowsConditionalErrorException" />
    </UnitTest>
    <UnitTest name="Add_EmptyName_ThrowsStringLengthErrorException" storage="f:\etwork\bin\tests\sysintgtests.icore.common.entities.dll" id="089bd3c8-ee74-a1f4-d9b3-236b0097e533">
      <TestCategory>
        <TestCategoryItem TestCategory="Entities" />
        <TestCategoryItem TestCategory="SystemIntegration" />
      </TestCategory>
      <Execution id="59cdefd9-1753-4066-a9d4-3a90971507f6" />
      <TestMethod codeBase="F:\ETWork\bin\Tests\SysIntgTests.iCore.Common.Entities.dll" adapterTypeName="Microsoft.VisualStudio.TestTools.TestTypes.Unit.UnitTestAdapter" className="SysIntgTests.iCore.Common.Entities.EntityTests.FavoriteTests" name="Add_EmptyName_ThrowsStringLengthErrorException" />
    </UnitTest>
    <UnitTest name="Add_WhiteSpaceOnlyName_ThrowsStringLengthErrorException" storage="f:\etwork\bin\tests\sysintgtests.icore.common.entities.dll" id="ebf6e21a-372c-afe4-d062-b7b832935f5e">
      <TestCategory>
        <TestCategoryItem TestCategory="Entities" />
        <TestCategoryItem TestCategory="SystemIntegration" />
      </TestCategory>
      <Execution id="ff5c2f60-b627-4570-9da3-586e46f61002" />
      <TestMethod codeBase="F:\ETWork\bin\Tests\SysIntgTests.iCore.Common.Entities.dll" adapterTypeName="Microsoft.VisualStudio.TestTools.TestTypes.Unit.UnitTestAdapter" className="SysIntgTests.iCore.Common.Entities.EntityTests.FavoriteTests" name="Add_WhiteSpaceOnlyName_ThrowsStringLengthErrorException" />
    </UnitTest>
    <UnitTest name="Add_TooLongName_ThrowsStringLengthErrorException" storage="f:\etwork\bin\tests\sysintgtests.icore.common.entities.dll" id="6c72e759-f24c-b5c3-18c6-455f483e5050">
      <TestCategory>
        <TestCategoryItem TestCategory="Entities" />
        <TestCategoryItem TestCategory="SystemIntegration" />
      </TestCategory>
      <Execution id="177c178f-4f5b-4ffc-84fe-5ee85a855066" />
      <TestMethod codeBase="F:\ETWork\bin\Tests\SysIntgTests.iCore.Common.Entities.dll" adapterTypeName="Microsoft.VisualStudio.TestTools.TestTypes.Unit.UnitTestAdapter" className="SysIntgTests.iCore.Common.Entities.EntityTests.FavoriteTests" name="Add_TooLongName_ThrowsStringLengthErrorException" />
    </UnitTest>
    <UnitTest name="Add_ValidProperties_IdAndTimesAreUpdatedCorrectly" storage="f:\etwork\bin\tests\sysintgtests.icore.common.entities.dll" id="f1fda5c7-ec38-b0f6-30e3-00051939f97d">
      <TestCategory>
        <TestCategoryItem TestCategory="Entities" />
        <TestCategoryItem TestCategory="SystemIntegration" />
      </TestCategory>
      <Execution id="f0cf73d0-e404-469f-9dfb-b0c161f50332" />
      <TestMethod codeBase="F:\ETWork\bin\Tests\SysIntgTests.iCore.Common.Entities.dll" adapterTypeName="Microsoft.VisualStudio.TestTools.TestTypes.Unit.UnitTestAdapter" className="SysIntgTests.iCore.Common.Entities.EntityTests.FavoriteTests" name="Add_ValidProperties_IdAndTimesAreUpdatedCorrectly" />
    </UnitTest>
    <UnitTest name="Add_ComplexProperties_ArePersistedCorrectly" storage="f:\etwork\bin\tests\sysintgtests.icore.common.entities.dll" id="2897cf61-9947-e46c-cb39-10f6bc1ab849">
      <TestCategory>
        <TestCategoryItem TestCategory="Entities" />
        <TestCategoryItem TestCategory="SystemIntegration" />
      </TestCategory>
      <Execution id="9d706cfb-2f49-4dfe-a6e2-d9d07bd138e0" />
      <TestMethod codeBase="F:\ETWork\bin\Tests\SysIntgTests.iCore.Common.Entities.dll" adapterTypeName="Microsoft.VisualStudio.TestTools.TestTypes.Unit.UnitTestAdapter" className="SysIntgTests.iCore.Common.Entities.EntityTests.FavoriteTests" name="Add_ComplexProperties_ArePersistedCorrectly" />
    </UnitTest>
    <UnitTest name="Update_NullName_ThrowsConditionalErrorException" storage="f:\etwork\bin\tests\sysintgtests.icore.common.entities.dll" id="41ad1846-17c6-ee1d-36d4-2fd2cabbab7a">
      <TestCategory>
        <TestCategoryItem TestCategory="Entities" />
        <TestCategoryItem TestCategory="SystemIntegration" />
      </TestCategory>
      <Execution id="80283b38-4a52-41d0-841f-48c4fd8bce67" />
      <TestMethod codeBase="F:\ETWork\bin\Tests\SysIntgTests.iCore.Common.Entities.dll" adapterTypeName="Microsoft.VisualStudio.TestTools.TestTypes.Unit.UnitTestAdapter" className="SysIntgTests.iCore.Common.Entities.EntityTests.FavoriteTests" name="Update_NullName_ThrowsConditionalErrorException" />
    </UnitTest>
    <UnitTest name="Update_EmtpyName_ThrowsStringLengthErrorException" storage="f:\etwork\bin\tests\sysintgtests.icore.common.entities.dll" id="dbc55ad4-6cff-7e7d-5475-ad40913b0f8d">
      <TestCategory>
        <TestCategoryItem TestCategory="Entities" />
        <TestCategoryItem TestCategory="SystemIntegration" />
      </TestCategory>
      <Execution id="5f014134-9b5d-45af-b1d7-9cbeb5437bfb" />
      <TestMethod codeBase="F:\ETWork\bin\Tests\SysIntgTests.iCore.Common.Entities.dll" adapterTypeName="Microsoft.VisualStudio.TestTools.TestTypes.Unit.UnitTestAdapter" className="SysIntgTests.iCore.Common.Entities.EntityTests.FavoriteTests" name="Update_EmtpyName_ThrowsStringLengthErrorException" />
    </UnitTest>
    <UnitTest name="Update_WhitespaceOnlyName_ThrowsStringLengthErrorException" storage="f:\etwork\bin\tests\sysintgtests.icore.common.entities.dll" id="c4082036-05e5-df0b-7c6c-e7e2ffe658c1">
      <TestCategory>
        <TestCategoryItem TestCategory="Entities" />
        <TestCategoryItem TestCategory="SystemIntegration" />
      </TestCategory>
      <Execution id="fa46f308-e7d1-4370-8874-a10da957529d" />
      <TestMethod codeBase="F:\ETWork\bin\Tests\SysIntgTests.iCore.Common.Entities.dll" adapterTypeName="Microsoft.VisualStudio.TestTools.TestTypes.Unit.UnitTestAdapter" className="SysIntgTests.iCore.Common.Entities.EntityTests.FavoriteTests" name="Update_WhitespaceOnlyName_ThrowsStringLengthErrorException" />
    </UnitTest>
    <UnitTest name="Update_TooLongName_ThrowsStringLengthErrorException" storage="f:\etwork\bin\tests\sysintgtests.icore.common.entities.dll" id="bf2613aa-a8a6-7d50-8827-42bafcb225db">
      <TestCategory>
        <TestCategoryItem TestCategory="Entities" />
        <TestCategoryItem TestCategory="SystemIntegration" />
      </TestCategory>
      <Execution id="d65a3b1e-80d1-47e2-b523-d3c4da702667" />
      <TestMethod codeBase="F:\ETWork\bin\Tests\SysIntgTests.iCore.Common.Entities.dll" adapterTypeName="Microsoft.VisualStudio.TestTools.TestTypes.Unit.UnitTestAdapter" className="SysIntgTests.iCore.Common.Entities.EntityTests.FavoriteTests" name="Update_TooLongName_ThrowsStringLengthErrorException" />
    </UnitTest>
    <UnitTest name="Update_ComplexProperties_ArePersistedCorrectly" storage="f:\etwork\bin\tests\sysintgtests.icore.common.entities.dll" id="f8be8179-d5d1-4f38-4b95-cbfee3d567d1">
      <TestCategory>
        <TestCategoryItem TestCategory="Entities" />
        <TestCategoryItem TestCategory="SystemIntegration" />
      </TestCategory>
      <Execution id="04ffae03-30ae-4599-8bca-37f65ef5d683" />
      <TestMethod codeBase="F:\ETWork\bin\Tests\SysIntgTests.iCore.Common.Entities.dll" adapterTypeName="Microsoft.VisualStudio.TestTools.TestTypes.Unit.UnitTestAdapter" className="SysIntgTests.iCore.Common.Entities.EntityTests.FavoriteTests" name="Update_ComplexProperties_ArePersistedCorrectly" />
    </UnitTest>
    <UnitTest name="Update_UnchangedName_Succeeds" storage="f:\etwork\bin\tests\sysintgtests.icore.common.entities.dll" id="3c797a24-3ef7-49c6-402f-b8a5d0c37387">
      <TestCategory>
        <TestCategoryItem TestCategory="Entities" />
        <TestCategoryItem TestCategory="SystemIntegration" />
      </TestCategory>
      <Execution id="a985af12-703a-427b-9bc2-58a088cb63db" />
      <TestMethod codeBase="F:\ETWork\bin\Tests\SysIntgTests.iCore.Common.Entities.dll" adapterTypeName="Microsoft.VisualStudio.TestTools.TestTypes.Unit.UnitTestAdapter" className="SysIntgTests.iCore.Common.Entities.EntityTests.FavoriteTests" name="Update_UnchangedName_Succeeds" />
    </UnitTest>
    <UnitTest name="DeleteExistingFavorite_SuccessfullyDeletesFavorite" storage="f:\etwork\bin\tests\sysintgtests.icore.common.entities.dll" id="1cd87d10-2fa9-6d4c-cbf4-3ec3bb028b06">
      <TestCategory>
        <TestCategoryItem TestCategory="Entities" />
        <TestCategoryItem TestCategory="SystemIntegration" />
      </TestCategory>
      <Execution id="b627ab06-e222-448a-8216-7050497be3e5" />
      <TestMethod codeBase="F:\ETWork\bin\Tests\SysIntgTests.iCore.Common.Entities.dll" adapterTypeName="Microsoft.VisualStudio.TestTools.TestTypes.Unit.UnitTestAdapter" className="SysIntgTests.iCore.Common.Entities.EntityTests.FavoriteTests" name="DeleteExistingFavorite_SuccessfullyDeletesFavorite" />
    </UnitTest>
    <UnitTest name="GetUserFavorites_ValidUsers_ReturnsCorrectSequence" storage="f:\etwork\bin\tests\sysintgtests.icore.common.entities.dll" id="e31198b6-9e9f-55c8-50f8-a36c465c6b7d">
      <Execution id="599f5ffc-7420-4cce-a61b-dfc2629f5101" />
      <TestMethod codeBase="F:\ETWork\bin\Tests\SysIntgTests.iCore.Common.Entities.dll" adapterTypeName="Microsoft.VisualStudio.TestTools.TestTypes.Unit.UnitTestAdapter" className="SysIntgTests.iCore.Common.Entities.EntityTests.FavoriteTests" name="GetUserFavorites_ValidUsers_ReturnsCorrectSequence" />
    </UnitTest>
    <UnitTest name="GetUserFavorites_InvalidUser_ReturnsEmptySequence" storage="f:\etwork\bin\tests\sysintgtests.icore.common.entities.dll" id="e66b7832-0be9-2249-1de7-6566c659acfb">
      <Execution id="1a546e9d-09bf-4247-9967-a89b130faacb" />
      <TestMethod codeBase="F:\ETWork\bin\Tests\SysIntgTests.iCore.Common.Entities.dll" adapterTypeName="Microsoft.VisualStudio.TestTools.TestTypes.Unit.UnitTestAdapter" className="SysIntgTests.iCore.Common.Entities.EntityTests.FavoriteTests" name="GetUserFavorites_InvalidUser_ReturnsEmptySequence" />
    </UnitTest>
    <UnitTest name="GetUserFavoritesAsync_ValidUsers_ReturnsCorrectSequence" storage="f:\etwork\bin\tests\sysintgtests.icore.common.entities.dll" id="b4414ccd-3b7c-dbf1-0e3d-069270f860ae">
      <Execution id="dac97dd1-95d7-4225-89b8-2f2f2f31eae7" />
      <TestMethod codeBase="F:\ETWork\bin\Tests\SysIntgTests.iCore.Common.Entities.dll" adapterTypeName="Microsoft.VisualStudio.TestTools.TestTypes.Unit.UnitTestAdapter" className="SysIntgTests.iCore.Common.Entities.EntityTests.FavoriteTests" name="GetUserFavoritesAsync_ValidUsers_ReturnsCorrectSequence" />
    </UnitTest>
    <UnitTest name="GetUserFavoritesAsync_InvalidUser_ReturnsEmptySequence" storage="f:\etwork\bin\tests\sysintgtests.icore.common.entities.dll" id="835ffb59-1293-4493-8bca-823517f80995">
      <Execution id="7849bfe7-e05d-4561-b163-cf4fe3df1bd9" />
      <TestMethod codeBase="F:\ETWork\bin\Tests\SysIntgTests.iCore.Common.Entities.dll" adapterTypeName="Microsoft.VisualStudio.TestTools.TestTypes.Unit.UnitTestAdapter" className="SysIntgTests.iCore.Common.Entities.EntityTests.FavoriteTests" name="GetUserFavoritesAsync_InvalidUser_ReturnsEmptySequence" />
    </UnitTest>
  </TestDefinitions>
  <TestEntries>
    <TestEntry testId="84f3d16e-388c-5139-85d1-0a1e0b7ff23c" executionId="368f40cc-a14d-4873-ba37-ebf01c1d8255" testListId="8c84fa94-04c1-424b-9868-57a2d4851a1d" />
    <TestEntry testId="7921075c-e798-5ced-9653-5754933ea5fa" executionId="26b822c3-7db4-4ff7-a99b-af978d47d6bc" testListId="8c84fa94-04c1-424b-9868-57a2d4851a1d" />
    <TestEntry testId="d6ce8262-259f-74e2-2bf5-daa77a932845" executionId="b4803e45-bc77-49c0-81da-f57b7947a9e3" testListId="8c84fa94-04c1-424b-9868-57a2d4851a1d" />
    <TestEntry testId="dbff6c32-bc95-ee6b-f994-8c15928acaa0" executionId="e26c0238-c6b1-4391-bf8a-a8bb337c3929" testListId="8c84fa94-04c1-424b-9868-57a2d4851a1d" />
    <TestEntry testId="e5bb89e5-5aed-ce69-72a7-3c314da78d02" executionId="0e429b66-ebb8-4e71-a6df-beac76151f06" testListId="8c84fa94-04c1-424b-9868-57a2d4851a1d" />
    <TestEntry testId="b4d3a324-8ce3-5f55-c620-39712f8348c3" executionId="08dedb3b-5e9e-4c4e-8319-23a83bfe1703" testListId="8c84fa94-04c1-424b-9868-57a2d4851a1d" />
    <TestEntry testId="d3aad799-833b-99b4-0d3c-b51932b42c78" executionId="a19f1fb3-5435-4664-aff4-38d055951ab9" testListId="8c84fa94-04c1-424b-9868-57a2d4851a1d" />
    <TestEntry testId="548013a4-e774-291e-0e78-08b2eab431e1" executionId="9b3b8359-f6f3-476f-93e3-b83ba0ecfce1" testListId="8c84fa94-04c1-424b-9868-57a2d4851a1d" />
    <TestEntry testId="dfacec83-f1be-76ad-e27c-4eae7e4736bf" executionId="f94d0f4f-e333-4326-b993-899c3ece8ed5" testListId="8c84fa94-04c1-424b-9868-57a2d4851a1d" />
    <TestEntry testId="ef0332b2-87b8-fb54-919d-b0f85376ca1b" executionId="8afcd8ee-4f4b-432b-94f3-35d314d52011" testListId="8c84fa94-04c1-424b-9868-57a2d4851a1d" />
    <TestEntry testId="602a5413-2631-9ac0-4b5e-898497ebbd84" executionId="3eb84853-0a67-40c9-abd3-1d5438f30d59" testListId="8c84fa94-04c1-424b-9868-57a2d4851a1d" />
    <TestEntry testId="d8e9bb70-f0d1-19fe-b4b6-502f50241903" executionId="37edd1fb-236a-4041-9aa0-cb8f9706b927" testListId="8c84fa94-04c1-424b-9868-57a2d4851a1d" />
    <TestEntry testId="e6a91f4f-089d-0099-e35d-a94befab8677" executionId="bf6100ed-b5ba-4fc0-8d65-fd966fb3a9dd" testListId="8c84fa94-04c1-424b-9868-57a2d4851a1d" />
    <TestEntry testId="fdef10c2-44ec-b74a-5130-97c839f5d1da" executionId="13c00fdb-63f2-4aee-99e6-45c4ac62904e" testListId="8c84fa94-04c1-424b-9868-57a2d4851a1d" />
    <TestEntry testId="4a287084-b960-c671-fb73-569b29a45e4f" executionId="72f81835-0225-49e3-9b3a-b9c5678a92d2" testListId="8c84fa94-04c1-424b-9868-57a2d4851a1d" />
    <TestEntry testId="b8176bd5-6a03-19a4-83fd-677319111bea" executionId="d2526cea-1c8d-4522-b706-c2c45ee04d85" testListId="8c84fa94-04c1-424b-9868-57a2d4851a1d" />
    <TestEntry testId="d969dc0b-3265-a1d1-4aed-2cae0b6f96fa" executionId="cab9fcc5-9817-4ec6-9276-e299e7161013" testListId="8c84fa94-04c1-424b-9868-57a2d4851a1d" />
    <TestEntry testId="e319bf19-3125-dbc2-ba5d-2fa3803476fe" executionId="a9984366-55a0-40b3-8e6f-f1a9116787d7" testListId="8c84fa94-04c1-424b-9868-57a2d4851a1d" />
    <TestEntry testId="4e37b941-7b2c-4447-acd1-16cb2bcf2ce2" executionId="32199a4a-664f-438c-804e-6f71dc444cbd" testListId="8c84fa94-04c1-424b-9868-57a2d4851a1d" />
    <TestEntry testId="26f93ad6-fd3b-466e-9ea7-be0eb9707dab" executionId="a71adbae-f397-419d-a1e0-6345d4b75153" testListId="8c84fa94-04c1-424b-9868-57a2d4851a1d" />
    <TestEntry testId="d3420231-41ed-4f85-9c59-354c5276913d" executionId="b4bb2616-3acb-42aa-bbbb-565b66a4ebfd" testListId="8c84fa94-04c1-424b-9868-57a2d4851a1d" />
    <TestEntry testId="942ed137-72b2-43d4-8d37-2b0988e96c97" executionId="e8a4577a-6082-4af8-b4f8-3af3dd7211de" testListId="8c84fa94-04c1-424b-9868-57a2d4851a1d" />
    <TestEntry testId="aec348e0-cb2a-ee17-5c50-49ad3246a90a" executionId="a20142fc-3bff-442f-ac07-f926c469e4b3" testListId="8c84fa94-04c1-424b-9868-57a2d4851a1d" />
    <TestEntry testId="60019d20-ad77-f7db-ecd6-b323af60d12d" executionId="aa7b0e5c-f074-41fb-bce6-dfe3d8bac955" testListId="8c84fa94-04c1-424b-9868-57a2d4851a1d" />
    <TestEntry testId="59464acc-d618-6caa-b377-5535e918ce27" executionId="e71372fd-c415-4557-a661-b59d249d4d2d" testListId="8c84fa94-04c1-424b-9868-57a2d4851a1d" />
    <TestEntry testId="fbe60db0-fbb1-dc72-e294-dd659e951aee" executionId="fc49d70d-7c90-400d-9ff6-d943d5e54a3e" testListId="8c84fa94-04c1-424b-9868-57a2d4851a1d" />
    <TestEntry testId="a6530685-9e07-8799-b1ca-e4baf1879727" executionId="b939dbab-6ce6-4b0b-bd4a-e99004aa1c28" testListId="8c84fa94-04c1-424b-9868-57a2d4851a1d" />
    <TestEntry testId="c6de67e7-8f1f-ca3e-ee89-1658c9c77f2d" executionId="b8a2ecad-71f4-426d-8132-851b20025ee5" testListId="8c84fa94-04c1-424b-9868-57a2d4851a1d" />
    <TestEntry testId="0f7e946d-d211-4b7b-98ef-43188f96303e" executionId="26566544-6656-4bb9-b933-f6303c2bae56" testListId="8c84fa94-04c1-424b-9868-57a2d4851a1d" />
    <TestEntry testId="334d2673-649b-4cfd-ad91-e839ab8c21b6" executionId="5a4e430d-9fed-4407-8d4f-07e2821ca2a4" testListId="8c84fa94-04c1-424b-9868-57a2d4851a1d" />
    <TestEntry testId="ec82c45f-69fa-0ffd-0d9e-4e2bcdad62bd" executionId="34d8b707-e13c-4175-8f41-ee6858022230" testListId="8c84fa94-04c1-424b-9868-57a2d4851a1d" />
    <TestEntry testId="ffe28b7b-57ed-4d6e-9b08-c6c1bb901c56" executionId="5b619cb0-2aae-4d78-942e-44b52cc22cac" testListId="8c84fa94-04c1-424b-9868-57a2d4851a1d" />
    <TestEntry testId="9428af85-c6ed-4e59-bd36-e0a219c47bc8" executionId="aec92fb5-6afb-4353-9dc9-1e38207fbfc8" testListId="8c84fa94-04c1-424b-9868-57a2d4851a1d" />
    <TestEntry testId="2838bb16-e939-17e9-e0b1-9197b85da247" executionId="c213feca-b8b5-4b2f-a5fe-c65f7ccde849" testListId="8c84fa94-04c1-424b-9868-57a2d4851a1d" />
    <TestEntry testId="142162d7-f1e7-0785-a738-a73f3cc21bf8" executionId="1d0cb852-95a9-4139-b4b1-07acf620d2c4" testListId="8c84fa94-04c1-424b-9868-57a2d4851a1d" />
    <TestEntry testId="df696e89-3e34-9b2c-ee46-5954a7dbb475" executionId="761cc62d-3072-4616-8562-19dcbfe30397" testListId="8c84fa94-04c1-424b-9868-57a2d4851a1d" />
    <TestEntry testId="18b96e34-2c4e-449c-a75c-2300b8e948ce" executionId="11a572fa-58f5-4fdf-9436-e39476e5a6c8" testListId="8c84fa94-04c1-424b-9868-57a2d4851a1d" />
    <TestEntry testId="43900829-f83f-4c84-804c-6f3e89befffd" executionId="0ebf9e72-a2ce-450a-b3db-674e251a9401" testListId="8c84fa94-04c1-424b-9868-57a2d4851a1d" />
    <TestEntry testId="8371ffd1-e6b8-52ef-e0fb-a618a2459ef2" executionId="cc4228df-a46b-4214-abd3-b7ad74366881" testListId="8c84fa94-04c1-424b-9868-57a2d4851a1d" />
    <TestEntry testId="d1655a74-51b8-5371-7d52-64529d5bce37" executionId="4bccb028-ddee-4c18-8ba2-caa4f85d743e" testListId="8c84fa94-04c1-424b-9868-57a2d4851a1d" />
    <TestEntry testId="fad5d4c8-dedc-1713-2a94-11e3d607808c" executionId="f3a590f4-59ef-4b2d-a546-e8a38b6fc14e" testListId="8c84fa94-04c1-424b-9868-57a2d4851a1d" />
    <TestEntry testId="04c703d6-99e8-cb73-6a6f-0bdd61770ea3" executionId="44aecd91-e0ea-46b5-bf8b-6e771ff9a856" testListId="8c84fa94-04c1-424b-9868-57a2d4851a1d" />
    <TestEntry testId="23bde909-7ba3-50fc-0971-d5431fe2be83" executionId="d6a13f06-0013-469d-b27a-524d38d04671" testListId="8c84fa94-04c1-424b-9868-57a2d4851a1d" />
    <TestEntry testId="7b10f4ff-82d1-a294-692e-5699c70cf752" executionId="47a72f89-5097-4a09-b329-702aef6f8c07" testListId="8c84fa94-04c1-424b-9868-57a2d4851a1d" />
    <TestEntry testId="c0fb210c-9040-e0e9-dcdb-94ecdfb4436f" executionId="492b245d-68cd-4781-b780-3d69dcc2dbc0" testListId="8c84fa94-04c1-424b-9868-57a2d4851a1d" />
    <TestEntry testId="46582fe4-8175-3d7b-79e4-7fefedad89bd" executionId="c312ca6b-7416-4173-9a55-d25382c43e8b" testListId="8c84fa94-04c1-424b-9868-57a2d4851a1d" />
    <TestEntry testId="5bf658f8-78d5-c039-f0fb-2dd3d088181a" executionId="ad3e8171-282e-4470-bc45-ec72cdec293e" testListId="8c84fa94-04c1-424b-9868-57a2d4851a1d" />
    <TestEntry testId="1cbee3a9-9b2c-736e-b831-c956302d7ca8" executionId="ee159787-1fd1-437a-9cd2-f1fff053ea1b" testListId="8c84fa94-04c1-424b-9868-57a2d4851a1d" />
    <TestEntry testId="95103477-31eb-dc2f-f8ef-abc15903ccbb" executionId="9b739e29-1641-4f6a-9fb4-ff8f89fa779b" testListId="8c84fa94-04c1-424b-9868-57a2d4851a1d" />
    <TestEntry testId="b67196e5-e490-c05a-0fac-2411e186cce0" executionId="dce06c7c-1348-4c04-a0c3-eecad9b83544" testListId="8c84fa94-04c1-424b-9868-57a2d4851a1d" />
    <TestEntry testId="cc7db5d8-9708-17fb-9f58-56050d9412f8" executionId="6e73f357-5a70-4eed-82b4-807f6eeaae80" testListId="8c84fa94-04c1-424b-9868-57a2d4851a1d" />
    <TestEntry testId="ced89b7d-7048-7f20-cb46-427b6d7c9901" executionId="b623e6da-a88f-486f-9244-a2f81223b2bf" testListId="8c84fa94-04c1-424b-9868-57a2d4851a1d" />
    <TestEntry testId="6135bb5e-9724-30bd-0131-def077806361" executionId="4900c621-2567-4f1f-8a56-72121361d884" testListId="8c84fa94-04c1-424b-9868-57a2d4851a1d" />
    <TestEntry testId="ed76e81e-4638-fdfb-5800-ade210df0f7b" executionId="12cbbc82-c4c2-4e75-ac45-e8f38f5b9fde" testListId="8c84fa94-04c1-424b-9868-57a2d4851a1d" />
    <TestEntry testId="1f14875c-cb52-0951-011d-7f9a35b51125" executionId="f871f736-c408-4fc2-8a81-5974b2365a24" testListId="8c84fa94-04c1-424b-9868-57a2d4851a1d" />
    <TestEntry testId="7976bc30-6aa8-b756-6552-e9bd091b3080" executionId="bb2e23a7-56ce-4435-b9c6-e796fa3149e4" testListId="8c84fa94-04c1-424b-9868-57a2d4851a1d" />
    <TestEntry testId="d0879f88-0451-db60-c406-08ffef21784e" executionId="c55a65c3-ab8c-4a6f-91ec-f15c81e42509" testListId="8c84fa94-04c1-424b-9868-57a2d4851a1d" />
    <TestEntry testId="ddb076e2-c091-9e4e-0145-95a55e5bc228" executionId="736dcb40-e242-46fa-a31b-95b3ab53a76c" testListId="8c84fa94-04c1-424b-9868-57a2d4851a1d" />
    <TestEntry testId="1054dd40-c807-a9be-4a88-10a1fa0b806f" executionId="39472892-c126-40e7-8a03-38caaa47b967" testListId="8c84fa94-04c1-424b-9868-57a2d4851a1d" />
    <TestEntry testId="048f8b77-2376-68d1-4a28-77d7432398de" executionId="04e994d2-4393-49a5-b88e-b15a6ddd4e5a" testListId="8c84fa94-04c1-424b-9868-57a2d4851a1d" />
    <TestEntry testId="e186e470-9a9d-e9ce-5423-7ab1ff49d2a4" executionId="665aec03-0706-4126-b316-7826b3a02e03" testListId="8c84fa94-04c1-424b-9868-57a2d4851a1d" />
    <TestEntry testId="f28de81a-7317-9b7a-f3fa-e8872099ad19" executionId="b91c0a92-0d3d-45e5-aaa4-b5fc36b101fe" testListId="8c84fa94-04c1-424b-9868-57a2d4851a1d" />
    <TestEntry testId="b29ff863-b59e-3fbb-d832-4c0d9160a5af" executionId="d6ede911-070d-4445-891e-24562fc28a87" testListId="8c84fa94-04c1-424b-9868-57a2d4851a1d" />
    <TestEntry testId="79213a5b-bda0-3880-55a6-1f43426cea4f" executionId="e179022b-711f-4503-9b01-3476826a7eb1" testListId="8c84fa94-04c1-424b-9868-57a2d4851a1d" />
    <TestEntry testId="7ecd009b-9c46-a908-4b9e-ba417139b2fa" executionId="18e46e62-e733-44a7-8745-4b89f326d6ee" testListId="8c84fa94-04c1-424b-9868-57a2d4851a1d" />
    <TestEntry testId="098b900d-4030-9f61-9a91-27eb69e9385d" executionId="a49ee833-568a-48a0-8253-f1cff2431748" testListId="8c84fa94-04c1-424b-9868-57a2d4851a1d" />
    <TestEntry testId="5073c99a-a291-e4a0-cce5-b22dc9a640a2" executionId="f80fc8de-47d2-46d8-8d62-814710408283" testListId="8c84fa94-04c1-424b-9868-57a2d4851a1d" />
    <TestEntry testId="e5e406f8-9494-100b-cafa-59a3a08649a8" executionId="3a0817a5-893d-45dc-b4d9-0aad2cf03770" testListId="8c84fa94-04c1-424b-9868-57a2d4851a1d" />
    <TestEntry testId="94570a0f-9197-8bd3-2e74-45b35724d801" executionId="0f27c2a1-64b6-4a7e-9310-12ebf15b793b" testListId="8c84fa94-04c1-424b-9868-57a2d4851a1d" />
    <TestEntry testId="f1b18637-6258-7a2b-8105-6144aa21086e" executionId="f32fea7f-795c-4086-865a-08d5bf308a47" testListId="8c84fa94-04c1-424b-9868-57a2d4851a1d" />
    <TestEntry testId="65fc34e0-d156-eed6-cf33-196fceba437c" executionId="6d2bc032-c19f-4b22-87a1-458f6039964d" testListId="8c84fa94-04c1-424b-9868-57a2d4851a1d" />
    <TestEntry testId="38f3e74f-5725-78be-dc80-d9a6a9cb7e61" executionId="0a31c85e-b44c-45d9-923f-e6b119960fe7" testListId="8c84fa94-04c1-424b-9868-57a2d4851a1d" />
    <TestEntry testId="73f96e50-adc4-b11a-47eb-6f63483031ef" executionId="ba8f3ef3-0689-467b-b622-a59e872b5407" testListId="8c84fa94-04c1-424b-9868-57a2d4851a1d" />
    <TestEntry testId="600d4021-1dcd-5294-b48e-4181a435fc64" executionId="41b784f0-002e-4ae0-affc-501ae9d3efeb" testListId="8c84fa94-04c1-424b-9868-57a2d4851a1d" />
    <TestEntry testId="ae0ae35c-34e4-547f-5424-b2c00b59e165" executionId="c2f5b3c1-bdbd-4597-a75d-ce02b723927a" testListId="8c84fa94-04c1-424b-9868-57a2d4851a1d" />
    <TestEntry testId="8d5a00f6-800e-bc9b-81e5-098bb426803a" executionId="c84541eb-9c46-4678-b2c2-0ee9e2569f4e" testListId="8c84fa94-04c1-424b-9868-57a2d4851a1d" />
    <TestEntry testId="4bc189ef-2b3a-ba1c-780b-1b6350dde1cc" executionId="c66d8e6a-818e-477f-accb-d9bcc4dc1fde" testListId="8c84fa94-04c1-424b-9868-57a2d4851a1d" />
    <TestEntry testId="fe773de9-f099-4289-d513-5b714f46a69e" executionId="1ffef13b-092f-4ff8-8ae5-d8f69305ed6a" testListId="8c84fa94-04c1-424b-9868-57a2d4851a1d" />
    <TestEntry testId="9aa26c65-21c0-058e-7af7-e13276dee14c" executionId="b0058544-654d-4049-92e8-88db818aacf5" testListId="8c84fa94-04c1-424b-9868-57a2d4851a1d" />
    <TestEntry testId="46491e0a-f4a4-56b8-c22c-c4c0dc888ebe" executionId="64cbb914-a662-4fb1-8bed-5489d828c432" testListId="8c84fa94-04c1-424b-9868-57a2d4851a1d" />
    <TestEntry testId="b99ecc04-18e5-6d9f-68e9-f1d3824f5267" executionId="f68205d4-0234-4629-9002-30c8190aacf3" testListId="8c84fa94-04c1-424b-9868-57a2d4851a1d" />
    <TestEntry testId="2707a08e-9251-3d85-942e-58ce1bce9a4d" executionId="485c3c9f-87c2-4e8d-b690-f135da438c5a" testListId="8c84fa94-04c1-424b-9868-57a2d4851a1d" />
    <TestEntry testId="b4091963-1fe2-6035-9ff2-e72bdfa25c7c" executionId="2a3b4a0b-a3fd-42e4-b978-70752ca113dc" testListId="8c84fa94-04c1-424b-9868-57a2d4851a1d" />
    <TestEntry testId="ca638cbc-4440-2f3d-59d2-48fa8a29f162" executionId="d50b1d89-5980-4d87-8ea6-d59b3bc01600" testListId="8c84fa94-04c1-424b-9868-57a2d4851a1d" />
    <TestEntry testId="9ec69a93-d93d-86af-39bc-9b59932a8ce2" executionId="37ed71ed-7bd9-46b8-ab6d-e490444b1e2a" testListId="8c84fa94-04c1-424b-9868-57a2d4851a1d" />
    <TestEntry testId="82977d4d-03a4-84f3-757d-2811c9f90d4e" executionId="a1838e64-06fd-4ed5-b184-7314a5ba3135" testListId="8c84fa94-04c1-424b-9868-57a2d4851a1d" />
    <TestEntry testId="884a9cac-0f7b-7904-2d29-936bbb6b36f3" executionId="657e551a-c5cc-4088-aeb8-90c7f8603d2a" testListId="8c84fa94-04c1-424b-9868-57a2d4851a1d" />
    <TestEntry testId="92799294-00e3-b9e8-fccb-949b0e7696e2" executionId="ae6f282c-25ab-4e04-905a-aaa9a1698194" testListId="8c84fa94-04c1-424b-9868-57a2d4851a1d" />
    <TestEntry testId="81bdfd27-c381-9bd3-b334-544771d2f77c" executionId="90752f9f-383a-4a23-8def-e24defc9e5de" testListId="8c84fa94-04c1-424b-9868-57a2d4851a1d" />
    <TestEntry testId="4b6edfe0-b76f-58bc-c976-759afe6ff976" executionId="21f1ab57-3b76-4d99-9518-b87c691ce137" testListId="8c84fa94-04c1-424b-9868-57a2d4851a1d" />
    <TestEntry testId="69e2a0f8-95df-6c15-fedf-e702030720f4" executionId="f2f9b59c-e75e-435a-8ad6-97ff4e58fbca" testListId="8c84fa94-04c1-424b-9868-57a2d4851a1d" />
    <TestEntry testId="aaf3fe7a-c189-1c63-14ef-fcb9738d3967" executionId="08c42f20-2103-4454-9e05-3c2a4371c8ca" testListId="8c84fa94-04c1-424b-9868-57a2d4851a1d" />
    <TestEntry testId="7009ef4c-58db-101a-e565-c30d829ed06c" executionId="09f18158-59cd-4449-beb6-352e284969e8" testListId="8c84fa94-04c1-424b-9868-57a2d4851a1d" />
    <TestEntry testId="0263f43d-395e-4dd1-0b29-84361b3d89fe" executionId="400f4ef3-6b05-444f-b57b-10c8d0484df0" testListId="8c84fa94-04c1-424b-9868-57a2d4851a1d" />
    <TestEntry testId="5c029b5d-0c4d-ce0c-cbd3-08281627b84e" executionId="b64c0a3f-3af1-42c0-840a-4e54bffb8f72" testListId="8c84fa94-04c1-424b-9868-57a2d4851a1d" />
    <TestEntry testId="bb7d5b92-b887-2028-3704-caa80584dad6" executionId="86457d5c-5870-4283-86dd-28613205b430" testListId="8c84fa94-04c1-424b-9868-57a2d4851a1d" />
    <TestEntry testId="e98204d3-2df5-b213-0165-eb17587c0956" executionId="9bd42308-6012-4bc2-9366-97756705ae6a" testListId="8c84fa94-04c1-424b-9868-57a2d4851a1d" />
    <TestEntry testId="d075bac2-417b-ead0-9069-eb19e54eb0cf" executionId="9408c0ff-557a-428f-bdd2-17b96c734bba" testListId="8c84fa94-04c1-424b-9868-57a2d4851a1d" />
    <TestEntry testId="b464dfb7-faee-3601-2917-24bf8dbf07a8" executionId="85f1cfa3-a19d-454b-b829-53382cfd5115" testListId="8c84fa94-04c1-424b-9868-57a2d4851a1d" />
    <TestEntry testId="ea3a5513-40cf-c104-2787-9aed18a09758" executionId="f3f31744-4f39-45f3-b950-37293645b435" testListId="8c84fa94-04c1-424b-9868-57a2d4851a1d" />
    <TestEntry testId="faf14748-3d5c-13c4-db1a-13f6288a7c9e" executionId="ea9de6f1-953c-4384-94fb-08cd18ca5d72" testListId="8c84fa94-04c1-424b-9868-57a2d4851a1d" />
    <TestEntry testId="db366558-3fc9-1c2c-cfde-24c12abe438f" executionId="ed263cfc-c7ae-4947-929c-5ec5798ac58e" testListId="8c84fa94-04c1-424b-9868-57a2d4851a1d" />
    <TestEntry testId="68157e50-a2ea-da06-e214-a880236bd950" executionId="8b24ef3a-78bf-4137-9099-a74394ca931e" testListId="8c84fa94-04c1-424b-9868-57a2d4851a1d" />
    <TestEntry testId="6399fd76-f94f-53e3-f32f-9a65d4c4c3b2" executionId="7c2b5fa5-9a95-4c7e-8fc6-30cfca00ca04" testListId="8c84fa94-04c1-424b-9868-57a2d4851a1d" />
    <TestEntry testId="750613c5-4ef2-a8dc-d73d-ec6fae90797e" executionId="fcbaa2fc-8b95-491d-a429-3220d7d79210" testListId="8c84fa94-04c1-424b-9868-57a2d4851a1d" />
    <TestEntry testId="1b9d187a-f81e-3027-1bee-491eb5b7a479" executionId="5a6215a2-f5cf-4844-8594-32aaf25c10d1" testListId="8c84fa94-04c1-424b-9868-57a2d4851a1d" />
    <TestEntry testId="a4f50494-bcc0-f89b-3907-f1a8d00cb06d" executionId="e3e2ec6b-f252-4e8f-8711-6ab97e0d2a0f" testListId="8c84fa94-04c1-424b-9868-57a2d4851a1d" />
    <TestEntry testId="44639add-b2a7-e60b-7bd4-ef9427a3b211" executionId="f3003524-d7bb-41cb-8229-1de71b14702a" testListId="8c84fa94-04c1-424b-9868-57a2d4851a1d" />
    <TestEntry testId="6657da10-53b0-6769-7dcf-2942c77ed7e3" executionId="b2b6b014-5e2e-42d0-b036-5454444b13d9" testListId="8c84fa94-04c1-424b-9868-57a2d4851a1d" />
    <TestEntry testId="97ab4546-09ef-ee09-c649-725f7fb52772" executionId="04bff65e-ac79-4b44-b90d-76e3452f0de4" testListId="8c84fa94-04c1-424b-9868-57a2d4851a1d" />
    <TestEntry testId="9d56e46f-4d89-0015-f0a8-ecccdfe34dae" executionId="87f839c9-9048-4949-a7b9-7e10fc0088b5" testListId="8c84fa94-04c1-424b-9868-57a2d4851a1d" />
    <TestEntry testId="952660fb-dd02-de77-679b-1265edd8d2af" executionId="6a41d8c1-d8e0-4ae3-ac83-8f06822d3a0d" testListId="8c84fa94-04c1-424b-9868-57a2d4851a1d" />
    <TestEntry testId="f3e5057b-12d7-e6e6-a8dc-5b7b475d80cc" executionId="bea966fa-a6f5-401a-af43-0a2a02728425" testListId="8c84fa94-04c1-424b-9868-57a2d4851a1d" />
    <TestEntry testId="f1b0607d-e1f1-39a2-17bb-151fb6d36dd2" executionId="b717c789-9ad3-46d9-bef6-e4c6399c398e" testListId="8c84fa94-04c1-424b-9868-57a2d4851a1d" />
    <TestEntry testId="59f6aa10-129e-5cf0-0602-2185d5db2caf" executionId="53fe775d-3ff4-4e13-97e7-c457038cb1ee" testListId="8c84fa94-04c1-424b-9868-57a2d4851a1d" />
    <TestEntry testId="46d86df0-6e88-3b34-2985-5c58917e6349" executionId="5529ea48-8b24-441c-b5c4-8ec07781813b" testListId="8c84fa94-04c1-424b-9868-57a2d4851a1d" />
    <TestEntry testId="face1ca3-6726-ec37-66cc-012ef2ce3299" executionId="8d539d19-152f-4c71-97cc-4b97b8f01685" testListId="8c84fa94-04c1-424b-9868-57a2d4851a1d" />
    <TestEntry testId="a952ec65-5816-2db1-1473-1a1a1f3b97cf" executionId="d121d067-1c5b-473c-b74b-e4bad8df11cf" testListId="8c84fa94-04c1-424b-9868-57a2d4851a1d" />
    <TestEntry testId="63eeaeb0-68bb-d7b9-ca53-9e4ecbb1d757" executionId="130d7dd1-0d12-44b7-bb54-a348cca7e934" testListId="8c84fa94-04c1-424b-9868-57a2d4851a1d" />
    <TestEntry testId="6a51dda4-2f2a-7187-72e4-f1fd47798144" executionId="35ce8125-cbe7-4ed1-a26e-8c5490080cb4" testListId="8c84fa94-04c1-424b-9868-57a2d4851a1d" />
    <TestEntry testId="ad396608-e66d-3afb-66c9-b24a66101533" executionId="4c0245ea-7532-4601-a912-456f8fddb894" testListId="8c84fa94-04c1-424b-9868-57a2d4851a1d" />
    <TestEntry testId="9e5e5ab8-b5d7-c262-3c65-0c9314f63388" executionId="13bb0e6c-0963-474f-8380-7943236395d4" testListId="8c84fa94-04c1-424b-9868-57a2d4851a1d" />
    <TestEntry testId="425d9f94-1ffc-723f-d4ae-f7dbdba6791a" executionId="701a7cfe-fd5c-4078-84df-28f1779cd348" testListId="8c84fa94-04c1-424b-9868-57a2d4851a1d" />
    <TestEntry testId="95b451b2-6fea-7bff-918e-e0402028a7d8" executionId="37ef93c7-69d1-4f0c-86de-334ac99a6972" testListId="8c84fa94-04c1-424b-9868-57a2d4851a1d" />
    <TestEntry testId="4dd7e325-19ff-619a-91aa-09ce914d4caa" executionId="7f18992c-d2c2-4901-bea0-1a94a9f567dc" testListId="8c84fa94-04c1-424b-9868-57a2d4851a1d" />
    <TestEntry testId="feab5c98-da86-8c2d-67b7-5626cf3f246b" executionId="686d5f83-dbdd-4757-b515-1e1f0b8fcd8d" testListId="8c84fa94-04c1-424b-9868-57a2d4851a1d" />
    <TestEntry testId="c46d73ea-4908-4814-b7e1-24205dd47b63" executionId="13897cd6-9233-4271-a131-8ae26677b44e" testListId="8c84fa94-04c1-424b-9868-57a2d4851a1d" />
    <TestEntry testId="33f4864e-0e98-fb1d-5b85-a4a57e6544eb" executionId="93ede630-99d6-4153-9827-24814e482c35" testListId="8c84fa94-04c1-424b-9868-57a2d4851a1d" />
    <TestEntry testId="f555de08-1b74-6a85-0153-58824ca9e440" executionId="ab83eae6-e1e5-4ee2-847b-75e4e8491bbd" testListId="8c84fa94-04c1-424b-9868-57a2d4851a1d" />
    <TestEntry testId="af22db2f-43b2-4738-b17b-b30ae6c3fffc" executionId="be5b5dca-d336-44ce-8b90-8f88badf6758" testListId="8c84fa94-04c1-424b-9868-57a2d4851a1d" />
    <TestEntry testId="4c46579c-4115-4832-1bea-9738cd3cacc0" executionId="bbecc43c-4194-4cde-804d-ff838ae3d495" testListId="8c84fa94-04c1-424b-9868-57a2d4851a1d" />
    <TestEntry testId="345d3694-bd91-b9bb-3500-893f1ab2d782" executionId="75cbc2d5-d631-492f-bc48-4608033858b3" testListId="8c84fa94-04c1-424b-9868-57a2d4851a1d" />
    <TestEntry testId="cb78ab3d-86f6-c9c6-a8d3-609c4cd2a4f1" executionId="9ddf9f09-7ab9-4301-9fad-2cd1acd670dd" testListId="8c84fa94-04c1-424b-9868-57a2d4851a1d" />
    <TestEntry testId="556e0363-803f-5959-92c3-bd49ff9ce5b9" executionId="633b677d-461e-4c97-ad2b-0a5dc9241a54" testListId="8c84fa94-04c1-424b-9868-57a2d4851a1d" />
    <TestEntry testId="03fead0d-123b-188d-aa2c-94d9d6237484" executionId="fd455b1a-cd72-426d-a8bb-ffb32df2ec98" testListId="8c84fa94-04c1-424b-9868-57a2d4851a1d" />
    <TestEntry testId="e5fb001b-d4ab-4237-80f4-74c6264898d5" executionId="c7a472c7-6ec0-46c0-bfb3-2e63a72f57b0" testListId="8c84fa94-04c1-424b-9868-57a2d4851a1d" />
    <TestEntry testId="b0c1ecee-521d-5aba-6cc1-eabeb636c462" executionId="2daeb6e4-14be-46a6-9fc0-d020fa4a19d2" testListId="8c84fa94-04c1-424b-9868-57a2d4851a1d" />
    <TestEntry testId="89f99b4b-9712-c950-dc34-6edfca969309" executionId="d39678cc-d21e-4767-9048-4d11c4b084ff" testListId="8c84fa94-04c1-424b-9868-57a2d4851a1d" />
    <TestEntry testId="ef8f9b50-2a9c-4474-b753-29737c0c76f6" executionId="496f6f7b-b192-4187-b0c1-d39596f354fb" testListId="8c84fa94-04c1-424b-9868-57a2d4851a1d" />
    <TestEntry testId="f6d8e456-7b4b-452c-74b2-460cadc91c81" executionId="32fdea57-5bd6-4c4a-8f0c-ed7a5a5ffd0b" testListId="8c84fa94-04c1-424b-9868-57a2d4851a1d" />
    <TestEntry testId="04c3657d-35a7-4b13-a49a-32cf305d4754" executionId="efd03e4f-4c0d-4e01-a017-c6f238eb9cae" testListId="8c84fa94-04c1-424b-9868-57a2d4851a1d" />
    <TestEntry testId="24250b8b-8291-3ecc-4605-50ecd1f863b5" executionId="5b270e1e-b47e-4438-a3f2-d14ce7622a89" testListId="8c84fa94-04c1-424b-9868-57a2d4851a1d" />
    <TestEntry testId="356847ab-0670-ec0c-4e2c-f49427d9b8ce" executionId="209f3a4a-9532-4f0b-8692-3f55c706ab21" testListId="8c84fa94-04c1-424b-9868-57a2d4851a1d" />
    <TestEntry testId="0fbdaa94-97a9-5413-58ca-25a1e6b86833" executionId="561c65a9-421c-4653-bdf8-dc14943f2223" testListId="8c84fa94-04c1-424b-9868-57a2d4851a1d" />
    <TestEntry testId="f26d3ad5-aa0f-55a2-3b5f-4c1e5ab37ba2" executionId="e055b8aa-4588-4014-8cc8-585424742ccd" testListId="8c84fa94-04c1-424b-9868-57a2d4851a1d" />
    <TestEntry testId="123d96fb-c221-0e0c-268b-730f80e33846" executionId="185fe8eb-422d-460b-af58-bac95dfd890e" testListId="8c84fa94-04c1-424b-9868-57a2d4851a1d" />
    <TestEntry testId="ea02f57f-038c-cab2-2ef1-62790ea0faac" executionId="502a3ff2-b788-4ef9-9853-29716fbb1ddf" testListId="8c84fa94-04c1-424b-9868-57a2d4851a1d" />
    <TestEntry testId="1cab8286-1339-e639-fa0f-348d0aebbe21" executionId="42e11d74-6f43-4da1-a6c7-858e1dd313a5" testListId="8c84fa94-04c1-424b-9868-57a2d4851a1d" />
    <TestEntry testId="8c924126-5046-4f95-9514-ed0a708e9e1c" executionId="28234ef0-f0a8-4267-aa11-0d77a57416b4" testListId="8c84fa94-04c1-424b-9868-57a2d4851a1d" />
    <TestEntry testId="ebcc4c8d-2600-4ac8-8474-ac530504127e" executionId="c4ef1c31-6d48-4ba5-be68-d485a2c2913b" testListId="8c84fa94-04c1-424b-9868-57a2d4851a1d" />
    <TestEntry testId="bccf8cf3-b14c-4fd8-be18-a120bd299b42" executionId="d5a1ce59-6614-4a01-9de3-a13f017ce403" testListId="8c84fa94-04c1-424b-9868-57a2d4851a1d" />
    <TestEntry testId="a00d64db-846e-4cf1-9138-d7fa065aff3c" executionId="17c75164-169b-4d69-9e96-4fe6e153a339" testListId="8c84fa94-04c1-424b-9868-57a2d4851a1d" />
    <TestEntry testId="3a48f45c-6ab7-8d0c-5b57-b27f975be4c8" executionId="2505c7fc-94f4-44e9-8b1e-5eb72d6d6738" testListId="8c84fa94-04c1-424b-9868-57a2d4851a1d" />
    <TestEntry testId="f3bc5183-16be-9328-b54c-47ce1b5097f3" executionId="5260d284-c2f8-4b5e-93c4-be0085549f06" testListId="8c84fa94-04c1-424b-9868-57a2d4851a1d" />
    <TestEntry testId="52817276-f8d6-4d36-862b-bc12673a41dd" executionId="b097b979-7126-43b6-a394-0ecf357913e3" testListId="8c84fa94-04c1-424b-9868-57a2d4851a1d" />
    <TestEntry testId="926ec36d-b962-47d6-8b2f-e5e8322f5b03" executionId="366d6403-7e02-4c3c-a168-71c9fd0df097" testListId="8c84fa94-04c1-424b-9868-57a2d4851a1d" />
    <TestEntry testId="c28883a6-8105-4c1e-9a9b-86ee221162e3" executionId="09dff592-a4ef-49e7-a73e-3bfa1c99e8a2" testListId="8c84fa94-04c1-424b-9868-57a2d4851a1d" />
    <TestEntry testId="10818291-2224-447d-9140-da4758dfd2f1" executionId="32b6f077-f87f-43b0-ad91-ca5857227ee6" testListId="8c84fa94-04c1-424b-9868-57a2d4851a1d" />
    <TestEntry testId="bef79441-7f9b-98e8-5c48-3434afaafcc1" executionId="034395dc-adc3-4f39-8bd4-627f1f920f8d" testListId="8c84fa94-04c1-424b-9868-57a2d4851a1d" />
    <TestEntry testId="6eebc1aa-c6db-d6db-bb55-fe69f6cee3c5" executionId="2fb45301-b242-4132-b214-ea2af74b4138" testListId="8c84fa94-04c1-424b-9868-57a2d4851a1d" />
    <TestEntry testId="337def5d-d25a-4f7b-b675-30721e412943" executionId="7c2e954c-c4e5-4339-9370-38dac5364cd5" testListId="8c84fa94-04c1-424b-9868-57a2d4851a1d" />
    <TestEntry testId="f4de1f74-b0d1-45b8-b1df-8033be17e7f5" executionId="35e88ddb-f30d-4304-93b8-8ccadae57416" testListId="8c84fa94-04c1-424b-9868-57a2d4851a1d" />
    <TestEntry testId="809eb115-1060-4d58-a2d0-405f89799985" executionId="81789031-189c-4f57-b693-e450e3b3037d" testListId="8c84fa94-04c1-424b-9868-57a2d4851a1d" />
    <TestEntry testId="ea934332-9c86-4c01-8758-bcabfb8e90d2" executionId="1eb3f565-20ea-41d9-a85c-0177e469137d" testListId="8c84fa94-04c1-424b-9868-57a2d4851a1d" />
    <TestEntry testId="d47f8901-4963-0c29-78ae-f04768c02833" executionId="c46bcb03-d837-4015-a54c-8524a97ed880" testListId="8c84fa94-04c1-424b-9868-57a2d4851a1d" />
    <TestEntry testId="4b295dc4-81d1-2d9f-c846-6ceab4b63ae0" executionId="6a7b9a39-4432-4271-9e76-e72c82d266e8" testListId="8c84fa94-04c1-424b-9868-57a2d4851a1d" />
    <TestEntry testId="b1167e64-83c4-4686-a1dd-b23349b18b99" executionId="8be157de-dc8b-472f-908c-3ee838db6141" testListId="8c84fa94-04c1-424b-9868-57a2d4851a1d" />
    <TestEntry testId="483bf8db-a401-4cf2-b6df-c70f5406966f" executionId="64fe469f-9bd7-4fc2-a36b-4d9a223722c3" testListId="8c84fa94-04c1-424b-9868-57a2d4851a1d" />
    <TestEntry testId="2c2c1b67-7002-40e3-b96e-2584be7985f7" executionId="e158f245-a7b2-4572-9256-202398945a85" testListId="8c84fa94-04c1-424b-9868-57a2d4851a1d" />
    <TestEntry testId="87492d78-b6e7-4002-ae06-0346cbb0c00d" executionId="9aa72334-03ac-4305-a1ab-dec117888488" testListId="8c84fa94-04c1-424b-9868-57a2d4851a1d" />
    <TestEntry testId="6b570543-ac60-b5da-0dbd-579ecabb115d" executionId="afce4ff6-f6c4-4b00-a936-960a2f99e751" testListId="8c84fa94-04c1-424b-9868-57a2d4851a1d" />
    <TestEntry testId="631b0755-8a7e-44ee-9b66-5f8ae4fb7ae2" executionId="a8d2c89a-f32d-4e87-b51e-1bc883f225fa" testListId="8c84fa94-04c1-424b-9868-57a2d4851a1d" />
    <TestEntry testId="7e74029b-e37d-44d4-af56-ad346499d878" executionId="de2f111a-2945-400e-b133-c0b22157e005" testListId="8c84fa94-04c1-424b-9868-57a2d4851a1d" />
    <TestEntry testId="604a030a-af11-4eb1-b5c7-25ff4df320bf" executionId="d73d8fa9-896e-4b78-b635-dac2cc2cd314" testListId="8c84fa94-04c1-424b-9868-57a2d4851a1d" />
    <TestEntry testId="3d612452-0c87-4d4a-be30-092b47b01d75" executionId="f0c28b1f-7517-4d4f-859b-09f5a3ff01d1" testListId="8c84fa94-04c1-424b-9868-57a2d4851a1d" />
    <TestEntry testId="a60ec8c0-fd82-a15f-8328-1efa4752e573" executionId="27010560-b0b7-44a1-9135-d9bf2e8a9d68" testListId="8c84fa94-04c1-424b-9868-57a2d4851a1d" />
    <TestEntry testId="ca7f1d66-44ce-b2ef-1936-1670cbde7315" executionId="c66ced53-b0ae-483a-8ef1-54dacd047c1d" testListId="8c84fa94-04c1-424b-9868-57a2d4851a1d" />
    <TestEntry testId="6f185da0-abaf-4f52-bed4-f062536528a1" executionId="e2a0b51e-446e-4d03-98f8-7c80710214c8" testListId="8c84fa94-04c1-424b-9868-57a2d4851a1d" />
    <TestEntry testId="0de48a15-1bc5-4c86-babf-4463b37048ad" executionId="97f10c7d-d5bb-4d4e-9ded-779341eb4f99" testListId="8c84fa94-04c1-424b-9868-57a2d4851a1d" />
    <TestEntry testId="69d1e89f-f23c-4175-8005-337c6c68efdb" executionId="7c108ca4-c023-4fca-b458-aeacce7e8099" testListId="8c84fa94-04c1-424b-9868-57a2d4851a1d" />
    <TestEntry testId="6af884ed-0599-4a16-b9d0-db14079bd6fa" executionId="86cd0ada-dd0e-4dfe-8451-3c11a647c054" testListId="8c84fa94-04c1-424b-9868-57a2d4851a1d" />
    <TestEntry testId="c7279d69-5fe1-9a21-eb9d-c9b8b901ac4b" executionId="b1dfd8ff-d5b2-47c6-baf8-3d66788f11c0" testListId="8c84fa94-04c1-424b-9868-57a2d4851a1d" />
    <TestEntry testId="109eaf9c-a87f-445e-a626-a01ddda78977" executionId="b905a05a-c28c-44f7-bce7-f3411c6d1fd7" testListId="8c84fa94-04c1-424b-9868-57a2d4851a1d" />
    <TestEntry testId="fc8a6c33-a205-41b5-a4b8-bb482dd4d949" executionId="2a849fc9-f14d-4ec8-b2b1-0ca4abd88bc8" testListId="8c84fa94-04c1-424b-9868-57a2d4851a1d" />
    <TestEntry testId="4e71a9ed-0c92-457d-9cec-2933e137c1cb" executionId="5d51dfc9-6884-4c18-b3d4-bf18bed472c3" testListId="8c84fa94-04c1-424b-9868-57a2d4851a1d" />
    <TestEntry testId="9da72dd5-47d0-472f-b613-89e295251f30" executionId="45c76e5b-2c0c-462f-bf08-b878f1d12f1e" testListId="8c84fa94-04c1-424b-9868-57a2d4851a1d" />
    <TestEntry testId="a597e55c-770c-01e7-7709-31ee67864b2c" executionId="7e247076-934f-4c88-8937-928bd6a5c0e4" testListId="8c84fa94-04c1-424b-9868-57a2d4851a1d" />
    <TestEntry testId="10f81089-5af2-5e4f-ee3d-e5a19cb6caee" executionId="2d7b60c8-a451-4302-9af1-a5616f493300" testListId="8c84fa94-04c1-424b-9868-57a2d4851a1d" />
    <TestEntry testId="bb1e1f1c-1c87-5bba-9213-891236db85d7" executionId="5a93051e-dd4f-454d-af0d-3c3490f6aace" testListId="8c84fa94-04c1-424b-9868-57a2d4851a1d" />
    <TestEntry testId="246a4680-bfa4-6e3c-2254-b77f78605c88" executionId="ea0701e2-5c43-48a7-803e-38fec250d29d" testListId="8c84fa94-04c1-424b-9868-57a2d4851a1d" />
    <TestEntry testId="db26d1bc-b44c-d302-c575-5fa061371194" executionId="92b54a7e-b834-4f69-b552-2b5db375ae50" testListId="8c84fa94-04c1-424b-9868-57a2d4851a1d" />
    <TestEntry testId="07a1e3db-fbc9-6319-8107-57920cbc60d8" executionId="907e279a-8a02-4900-9ce7-a4f4285063e4" testListId="8c84fa94-04c1-424b-9868-57a2d4851a1d" />
    <TestEntry testId="ca69bccd-5afb-cef4-9511-c6e654d2f2e1" executionId="4d97aa1f-0a10-40e3-b2e6-808590c0a833" testListId="8c84fa94-04c1-424b-9868-57a2d4851a1d" />
    <TestEntry testId="0b91caef-8e30-dbbe-904d-c957f1829d60" executionId="3c887755-5a34-4b14-bc9f-7e89dee6dccf" testListId="8c84fa94-04c1-424b-9868-57a2d4851a1d" />
    <TestEntry testId="06fd705f-180f-fdd0-e440-4671972c6259" executionId="ccffe7da-4077-45cc-a188-20acee57b357" testListId="8c84fa94-04c1-424b-9868-57a2d4851a1d" />
    <TestEntry testId="4224a10c-9b93-3f6b-3c4c-1fd239f04269" executionId="f5f7a9fd-90f2-4580-b802-43e73b6c4fc4" testListId="8c84fa94-04c1-424b-9868-57a2d4851a1d" />
    <TestEntry testId="afcefa5b-7616-e34b-a3a8-afea74219598" executionId="71927aac-5cf6-4e45-8f96-5bce64bb3714" testListId="8c84fa94-04c1-424b-9868-57a2d4851a1d" />
    <TestEntry testId="313bbcd2-905e-f072-5751-4a56c4b755e8" executionId="36d2954e-4d02-4c11-b6fa-2901da7702ba" testListId="8c84fa94-04c1-424b-9868-57a2d4851a1d" />
    <TestEntry testId="06e95395-34f0-f03d-1042-e56900c3ed66" executionId="62885cc4-c4ca-4dfa-8392-344257a31ae1" testListId="8c84fa94-04c1-424b-9868-57a2d4851a1d" />
    <TestEntry testId="d7a6bb91-b893-278c-4926-ad7b466e6036" executionId="2e6b4df4-e935-4a8f-9407-9d57bbf423b9" testListId="8c84fa94-04c1-424b-9868-57a2d4851a1d" />
    <TestEntry testId="fd9a1ce5-c0a4-e359-2fa1-9a50bdcc04a0" executionId="0ae1c3ac-45a5-4e9c-a60c-073a27324853" testListId="8c84fa94-04c1-424b-9868-57a2d4851a1d" />
    <TestEntry testId="b0d79832-93d9-a4a9-d606-71975019dfa2" executionId="c022ec9b-d3d1-4fbe-8dd9-879d599568bc" testListId="8c84fa94-04c1-424b-9868-57a2d4851a1d" />
    <TestEntry testId="e463c885-e8a2-4703-0fab-94074ad676b8" executionId="05341273-0938-4fba-88dd-1e9d58f9b828" testListId="8c84fa94-04c1-424b-9868-57a2d4851a1d" />
    <TestEntry testId="4c232a92-6434-47aa-ab37-6f6903bea41b" executionId="e2490d0d-fa60-4351-a50a-702266e32191" testListId="8c84fa94-04c1-424b-9868-57a2d4851a1d" />
    <TestEntry testId="5e958a91-c238-f466-bd1b-f219a5d422e6" executionId="6a50ee25-8679-4aca-a76e-20c065339f0b" testListId="8c84fa94-04c1-424b-9868-57a2d4851a1d" />
    <TestEntry testId="31d78bbd-2f41-c3ca-e909-05b9886f84a0" executionId="31fe654c-7309-4c5b-a1c7-8b71263df235" testListId="8c84fa94-04c1-424b-9868-57a2d4851a1d" />
    <TestEntry testId="3da7cd12-41f4-1498-9a27-670992b31fd1" executionId="2956c07b-20a7-4e57-a374-34dda9d70308" testListId="8c84fa94-04c1-424b-9868-57a2d4851a1d" />
    <TestEntry testId="762d5233-e039-83db-47c4-3b1118d8f2a9" executionId="2e3ec8b8-e9ca-4f2f-8e64-baeb40b42719" testListId="8c84fa94-04c1-424b-9868-57a2d4851a1d" />
    <TestEntry testId="04cdf2a1-7867-13bf-b8e8-b387fa3c92e3" executionId="2dd927e3-e3f8-4577-b3e6-4b4214b8ed1e" testListId="8c84fa94-04c1-424b-9868-57a2d4851a1d" />
    <TestEntry testId="6a491dd0-f958-1f40-c0bb-686b88884c2f" executionId="392865b7-8711-44d7-9653-a9f423f3bd8f" testListId="8c84fa94-04c1-424b-9868-57a2d4851a1d" />
    <TestEntry testId="32489d68-03fe-90b4-a594-c5de6d411c62" executionId="ce143e94-7d3e-4995-8192-3b64e5043aaa" testListId="8c84fa94-04c1-424b-9868-57a2d4851a1d" />
    <TestEntry testId="af671c88-14b3-a091-447d-6059ef025e66" executionId="de27da36-2db4-4047-a85c-9f9e9a97b408" testListId="8c84fa94-04c1-424b-9868-57a2d4851a1d" />
    <TestEntry testId="7fc5ebc2-b3e3-eb18-cfdc-5b0dc8768a7f" executionId="4c046ad1-de41-4722-94c8-fdd46e2f18e0" testListId="8c84fa94-04c1-424b-9868-57a2d4851a1d" />
    <TestEntry testId="e06be915-51e0-ce05-025f-a2cd49cf7ed0" executionId="3f5295cb-eddb-4a6b-93e7-d93dd86a977c" testListId="8c84fa94-04c1-424b-9868-57a2d4851a1d" />
    <TestEntry testId="e90d105a-804f-67a0-3653-08545426450a" executionId="c7780f01-ee89-4854-bf28-6dd438f8c755" testListId="8c84fa94-04c1-424b-9868-57a2d4851a1d" />
    <TestEntry testId="203a0b56-8aef-a6f8-6246-019d8e2b7ec0" executionId="5d3fa054-1f86-466d-9949-3a6d9a67728b" testListId="8c84fa94-04c1-424b-9868-57a2d4851a1d" />
    <TestEntry testId="e9f3553b-d45f-526b-7c91-e571523a346e" executionId="0b9e0298-17c4-4bb5-8763-c8fe3da2aa22" testListId="8c84fa94-04c1-424b-9868-57a2d4851a1d" />
    <TestEntry testId="7d0ae66b-0e85-23c1-7be6-ab8f08a935a0" executionId="3a243f3e-bf3d-4b95-af16-b9e59cf6d9c3" testListId="8c84fa94-04c1-424b-9868-57a2d4851a1d" />
    <TestEntry testId="92508e64-22e5-8027-cfd9-864539b35b44" executionId="40ec7b20-6d7c-4e73-bbef-b688dc8f37ff" testListId="8c84fa94-04c1-424b-9868-57a2d4851a1d" />
    <TestEntry testId="f5c312df-24ce-6637-6419-464ee3abf34b" executionId="485f0cd5-e5f4-41cf-9893-87d93b09227d" testListId="8c84fa94-04c1-424b-9868-57a2d4851a1d" />
    <TestEntry testId="f5ac0ed6-6169-077c-4f37-8312d508a031" executionId="8e24d7e1-d5bd-40da-9b4d-f859fdc58c47" testListId="8c84fa94-04c1-424b-9868-57a2d4851a1d" />
    <TestEntry testId="fd501e6f-28a0-e2d2-2d99-506c16917e06" executionId="cf0b9bed-0fb2-42ca-844e-988e400cbf63" testListId="8c84fa94-04c1-424b-9868-57a2d4851a1d" />
    <TestEntry testId="4de85e1f-b174-a093-9fab-4e7612988c3c" executionId="801ef83e-03d4-4969-b581-01a4e3fd41dc" testListId="8c84fa94-04c1-424b-9868-57a2d4851a1d" />
    <TestEntry testId="60e9a4bb-1398-3e10-60ed-04feb6fed87c" executionId="ae27c1e8-67ed-4087-b102-01f5c11a137e" testListId="8c84fa94-04c1-424b-9868-57a2d4851a1d" />
    <TestEntry testId="c0617d97-2d38-3f89-8566-f94f93a7e003" executionId="57242ebe-81bb-49f1-9c37-7a2443333822" testListId="8c84fa94-04c1-424b-9868-57a2d4851a1d" />
    <TestEntry testId="492461c8-46f6-36e4-d546-ef2e5648a6f3" executionId="da44880a-b098-4a37-a2e8-037aea986695" testListId="8c84fa94-04c1-424b-9868-57a2d4851a1d" />
    <TestEntry testId="7e91bbbf-722a-0856-c25b-8610eb0188db" executionId="4e07be87-a6dd-42e1-a3a5-979dd9303fdf" testListId="8c84fa94-04c1-424b-9868-57a2d4851a1d" />
    <TestEntry testId="85a10193-78c8-025f-3aab-6b481e304b0f" executionId="d2e353b8-464c-4d16-b918-525424f2616d" testListId="8c84fa94-04c1-424b-9868-57a2d4851a1d" />
    <TestEntry testId="0deef349-0f41-c3aa-a997-60ffdb793781" executionId="0b98e2df-5cf1-432a-b486-6d55619fa473" testListId="8c84fa94-04c1-424b-9868-57a2d4851a1d" />
    <TestEntry testId="aca0a2ae-a0f3-d76c-7017-155dc1bb3bd6" executionId="9d405bf9-044f-455d-9eab-b98764334a9b" testListId="8c84fa94-04c1-424b-9868-57a2d4851a1d" />
    <TestEntry testId="fe1c2e27-f7e4-e3f8-a0d3-2eb1a28867ba" executionId="73e8bc5c-25c7-46bb-9653-4f522f844684" testListId="8c84fa94-04c1-424b-9868-57a2d4851a1d" />
    <TestEntry testId="3ff8e75f-9068-1197-65f2-ab1dd11252d0" executionId="65d40b40-0dd1-45df-81fe-16134809239c" testListId="8c84fa94-04c1-424b-9868-57a2d4851a1d" />
    <TestEntry testId="5c82d581-da62-5ba8-f9a3-6060bcd606e4" executionId="99949535-13a6-480d-aa1d-b2c7d89d00b0" testListId="8c84fa94-04c1-424b-9868-57a2d4851a1d" />
    <TestEntry testId="e0c8e0f5-d102-c0f1-099c-1952b3b28799" executionId="240bff5d-234d-4986-93c7-a10fe284abcd" testListId="8c84fa94-04c1-424b-9868-57a2d4851a1d" />
    <TestEntry testId="1c5d25a5-f225-3160-187c-da3c762dd5b2" executionId="31e20cdb-7e5d-457e-8278-745513e4bdc7" testListId="8c84fa94-04c1-424b-9868-57a2d4851a1d" />
    <TestEntry testId="633f1ddb-1fd5-fd37-0c62-0896640de247" executionId="b1acd52c-1494-496f-9e70-ed27b1dee850" testListId="8c84fa94-04c1-424b-9868-57a2d4851a1d" />
    <TestEntry testId="cf47aa53-37cb-f405-415f-5e3a0fcc6f92" executionId="4a065e0c-1a6e-44d6-bada-ce9400dca17d" testListId="8c84fa94-04c1-424b-9868-57a2d4851a1d" />
    <TestEntry testId="a4307ccb-a269-a9e8-f3c0-9ac5c8caa5a2" executionId="720abe4a-2826-408d-8db6-e82a83250dfc" testListId="8c84fa94-04c1-424b-9868-57a2d4851a1d" />
    <TestEntry testId="aa991c73-e667-bba7-10d6-9cf606195bc8" executionId="03ec85fb-4546-4e79-8c4a-099155cae004" testListId="8c84fa94-04c1-424b-9868-57a2d4851a1d" />
    <TestEntry testId="a4d365e4-f5bb-3b55-9fc4-f412d3807bcd" executionId="2216d92c-60e8-45f6-902b-5c0f4acd595b" testListId="8c84fa94-04c1-424b-9868-57a2d4851a1d" />
    <TestEntry testId="ecfbac6c-eab4-4a78-4665-b6deb4b55bcf" executionId="41af36b9-d035-490d-9014-c0c80e137c5c" testListId="8c84fa94-04c1-424b-9868-57a2d4851a1d" />
    <TestEntry testId="6f69e548-29c5-f1ed-5bf1-c0baa6e7901c" executionId="eecd4bd7-4c40-4dcb-a75d-d96db48a5c65" testListId="8c84fa94-04c1-424b-9868-57a2d4851a1d" />
    <TestEntry testId="dfecc985-95d3-b961-4283-0d20d9944e6a" executionId="ec6ccaac-c15b-48e1-829f-09a837351539" testListId="8c84fa94-04c1-424b-9868-57a2d4851a1d" />
    <TestEntry testId="9bfa642a-eab3-4e86-a5d2-ac100d6d75ed" executionId="b5635f35-7ad9-486f-bcea-1bdf76c915b4" testListId="8c84fa94-04c1-424b-9868-57a2d4851a1d" />
    <TestEntry testId="73fead8b-cd85-bff6-4284-9d9fe5f704ea" executionId="18ec3913-c648-4070-99d2-5b5b29e443ce" testListId="8c84fa94-04c1-424b-9868-57a2d4851a1d" />
    <TestEntry testId="9d5d942d-ecf9-da92-f0cc-92db2035d843" executionId="56bc72d5-82a2-4a83-811f-0b34ae0575df" testListId="8c84fa94-04c1-424b-9868-57a2d4851a1d" />
    <TestEntry testId="532b5580-06d1-1caa-d9a2-264c33cb9c14" executionId="f4fcd7d9-134f-4d3d-b58f-46150f0b0ef6" testListId="8c84fa94-04c1-424b-9868-57a2d4851a1d" />
    <TestEntry testId="53b3307c-1d12-0d7f-870c-5a91e715c1a1" executionId="dde40740-cacf-4669-819f-2771308fcabc" testListId="8c84fa94-04c1-424b-9868-57a2d4851a1d" />
    <TestEntry testId="4717995a-e0c5-d738-a705-8972ba73c486" executionId="93acc046-7c88-4d8b-b7de-4fed6c11c959" testListId="8c84fa94-04c1-424b-9868-57a2d4851a1d" />
    <TestEntry testId="bd6fe1c3-cea8-2071-2768-b40b8e70d5b4" executionId="2a467302-b614-479b-b5d2-0b6926e42eef" testListId="8c84fa94-04c1-424b-9868-57a2d4851a1d" />
    <TestEntry testId="0e515393-383e-3c17-dda9-003b7284d58c" executionId="198c025a-cdcc-4757-bad4-adf80012a07a" testListId="8c84fa94-04c1-424b-9868-57a2d4851a1d" />
    <TestEntry testId="526325d6-61aa-6104-059a-541d6882ad5f" executionId="db2f65be-6565-48a5-a5e7-344f80d093a8" testListId="8c84fa94-04c1-424b-9868-57a2d4851a1d" />
    <TestEntry testId="cae65cb3-a80f-d7b8-bb57-4dc5e99c6959" executionId="83418c32-5067-4359-b99d-4e924df53ba1" testListId="8c84fa94-04c1-424b-9868-57a2d4851a1d" />
    <TestEntry testId="364c4c35-0b3d-b66f-7e75-4203c79a200f" executionId="90547ed2-99dd-4270-9390-21b84f7ce68c" testListId="8c84fa94-04c1-424b-9868-57a2d4851a1d" />
    <TestEntry testId="8dae993d-574f-a4c2-c7a1-58f8d1440c29" executionId="8bfd17b0-529b-4106-b711-3218802d7522" testListId="8c84fa94-04c1-424b-9868-57a2d4851a1d" />
    <TestEntry testId="c86fca8b-4066-f6f5-77a2-fa35a860d2cd" executionId="54028963-4612-4787-af69-6952397207c8" testListId="8c84fa94-04c1-424b-9868-57a2d4851a1d" />
    <TestEntry testId="3238fd1f-3d81-9c2d-9876-87c8000b32e5" executionId="37ac73c2-305e-4ac7-90ab-11a9d9da0159" testListId="8c84fa94-04c1-424b-9868-57a2d4851a1d" />
    <TestEntry testId="8a2992be-df10-d3cc-db85-47b6ac403579" executionId="52d0f3d4-fab0-447a-bf0d-609002f35b46" testListId="8c84fa94-04c1-424b-9868-57a2d4851a1d" />
    <TestEntry testId="6a048bce-fe0c-0f72-17ec-8bd5963a2b07" executionId="5fc7065a-9de7-4598-af11-d7920dd6ae5d" testListId="8c84fa94-04c1-424b-9868-57a2d4851a1d" />
    <TestEntry testId="a7a61f47-b6c7-3dd3-09ed-ae771c8826dc" executionId="b83f4cb5-7619-4440-95c3-7ec254e3bf2c" testListId="8c84fa94-04c1-424b-9868-57a2d4851a1d" />
    <TestEntry testId="266f90ed-fad9-6fff-1bd9-c6c9d05b8b23" executionId="0bba6453-f78a-4b64-be80-5bdc284836bc" testListId="8c84fa94-04c1-424b-9868-57a2d4851a1d" />
    <TestEntry testId="5dfd0322-4adf-7316-906e-b8b0904998d8" executionId="c31c57d9-20b0-4ea2-abba-846c48bea5c3" testListId="8c84fa94-04c1-424b-9868-57a2d4851a1d" />
    <TestEntry testId="ff0f805b-71d1-b37b-87e8-439773f8b010" executionId="1fad96cc-becf-4483-b851-491f0ea989e8" testListId="8c84fa94-04c1-424b-9868-57a2d4851a1d" />
    <TestEntry testId="1386bd59-b2f0-ea08-d38b-391e8846cd55" executionId="66023e11-7d62-4721-9669-0298d9a1ad49" testListId="8c84fa94-04c1-424b-9868-57a2d4851a1d" />
    <TestEntry testId="539dc811-3974-2c52-b1eb-8e9bc78f720d" executionId="d7e08425-1613-4927-8ad7-380b4bd8652d" testListId="8c84fa94-04c1-424b-9868-57a2d4851a1d" />
    <TestEntry testId="32296597-29e0-608c-7005-d3a4189c4986" executionId="41f04f36-a730-4dfc-926b-2a440f65fde8" testListId="8c84fa94-04c1-424b-9868-57a2d4851a1d" />
    <TestEntry testId="01398e51-345e-629c-cfea-6b2271665616" executionId="8285ddf1-d3bd-49bb-a5f9-52150b845acc" testListId="8c84fa94-04c1-424b-9868-57a2d4851a1d" />
    <TestEntry testId="3e9a702f-4733-7f68-d8bc-e36bcae3c48d" executionId="a8b3c0c8-62c3-4ea8-b597-d25b204f760e" testListId="8c84fa94-04c1-424b-9868-57a2d4851a1d" />
    <TestEntry testId="604e60c5-e618-8746-8cef-97c18fb655f8" executionId="f472ae65-fa98-4cfd-85a7-f8d27df418a3" testListId="8c84fa94-04c1-424b-9868-57a2d4851a1d" />
    <TestEntry testId="bf1c3dae-d2d2-f140-8142-b1cefc768c6d" executionId="556afc00-13d8-4a5f-9164-478c4106f8bc" testListId="8c84fa94-04c1-424b-9868-57a2d4851a1d" />
    <TestEntry testId="2b1b7356-606e-af1f-1cd3-52de6325a7c4" executionId="d14e5951-5721-45fa-a96e-981e0e969f64" testListId="8c84fa94-04c1-424b-9868-57a2d4851a1d" />
    <TestEntry testId="b8626556-302b-a53d-b6ed-f95989eea36d" executionId="921186ad-369d-40e5-8403-ca71ecb077d7" testListId="8c84fa94-04c1-424b-9868-57a2d4851a1d" />
    <TestEntry testId="1530c6bf-e352-7f1b-4510-e9faac6e4010" executionId="1ce01c46-b3f7-433b-8783-9a60ed263715" testListId="8c84fa94-04c1-424b-9868-57a2d4851a1d" />
    <TestEntry testId="ff58c26b-cea7-f70d-5ce1-d35b957ee49a" executionId="71814bca-522f-4bbe-aea0-ee4d998f1ba3" testListId="8c84fa94-04c1-424b-9868-57a2d4851a1d" />
    <TestEntry testId="e166626b-0da1-460a-017a-b70b9aedd9b2" executionId="876ae39c-9f7e-4fa9-980c-c0f848c37ee4" testListId="8c84fa94-04c1-424b-9868-57a2d4851a1d" />
    <TestEntry testId="dfadb1b9-c054-540e-eaf8-12369d60d8e4" executionId="2e66b976-23c2-4661-8823-0127bf3b7fbc" testListId="8c84fa94-04c1-424b-9868-57a2d4851a1d" />
    <TestEntry testId="1b4cf3d2-febb-3a6c-4419-6cdb17434a4c" executionId="4e158c3a-406d-4442-b37a-7839b6cf04c5" testListId="8c84fa94-04c1-424b-9868-57a2d4851a1d" />
    <TestEntry testId="e25aca1b-ab21-20f2-0d1d-e9449b3872ed" executionId="602cd1af-4e82-4bb1-8cb0-66d2a8385f20" testListId="8c84fa94-04c1-424b-9868-57a2d4851a1d" />
    <TestEntry testId="c0efeecc-4bae-e5db-2a28-e416e6cb8842" executionId="9cd60abb-dc46-4718-907b-9c8c70cd962d" testListId="8c84fa94-04c1-424b-9868-57a2d4851a1d" />
    <TestEntry testId="31ba1546-5961-d033-8319-53b5c9379f4d" executionId="94b53558-16f6-4667-9524-6068a9e11849" testListId="8c84fa94-04c1-424b-9868-57a2d4851a1d" />
    <TestEntry testId="c21ba344-15c9-78c2-f317-1c5199f317dc" executionId="9174803e-776b-4b05-819d-a46ee6192330" testListId="8c84fa94-04c1-424b-9868-57a2d4851a1d" />
    <TestEntry testId="3c52218c-0a43-6a8f-b586-dafb1a012e6a" executionId="cd1c4bce-8ab5-49fa-ab9d-63aa8d672613" testListId="8c84fa94-04c1-424b-9868-57a2d4851a1d" />
    <TestEntry testId="10e99d01-6ed1-d114-6757-ae40408cfeff" executionId="f221738a-2589-4966-a2d2-da25f441412e" testListId="8c84fa94-04c1-424b-9868-57a2d4851a1d" />
    <TestEntry testId="eee34261-f733-235d-6054-e11f32a7ccfc" executionId="01261e43-3b3e-4bec-b603-50a27d0d76bf" testListId="8c84fa94-04c1-424b-9868-57a2d4851a1d" />
    <TestEntry testId="91ab256f-6e58-c42d-88b5-c3941e662a63" executionId="b7e46ab6-1f98-4d46-a66c-da36d1dbfcdd" testListId="8c84fa94-04c1-424b-9868-57a2d4851a1d" />
    <TestEntry testId="1fbc2b86-8571-604a-3208-43b7475fd027" executionId="52cd1454-6d90-4bb6-8072-febee3ce5010" testListId="8c84fa94-04c1-424b-9868-57a2d4851a1d" />
    <TestEntry testId="e9f1ca47-eca6-d232-8899-17155368b395" executionId="0b4d51e7-9203-45a1-b3f4-a2340a780dec" testListId="8c84fa94-04c1-424b-9868-57a2d4851a1d" />
    <TestEntry testId="697894b9-667f-4370-3e78-92323f66e5b6" executionId="8d5a3b92-4030-4135-8ec4-96c161b0d915" testListId="8c84fa94-04c1-424b-9868-57a2d4851a1d" />
    <TestEntry testId="7bb62708-d0e3-7ad8-3c46-4918f5677931" executionId="a037cb14-3688-497f-95fc-c294fd147081" testListId="8c84fa94-04c1-424b-9868-57a2d4851a1d" />
    <TestEntry testId="fa861d79-badc-dc23-39df-60daf8d1d3a6" executionId="28277202-5e3e-48cf-96d1-747f7cd78de7" testListId="8c84fa94-04c1-424b-9868-57a2d4851a1d" />
    <TestEntry testId="6e9e9e0f-0456-2e1a-d3b2-fe3595007f6e" executionId="6f8f26a4-2c23-4829-81f1-beacf8fff5e6" testListId="8c84fa94-04c1-424b-9868-57a2d4851a1d" />
    <TestEntry testId="6d436ad2-78cc-39b3-a5fb-635b01ba35c5" executionId="7d705d44-69b7-4cb3-b174-c4fcd0c7753f" testListId="8c84fa94-04c1-424b-9868-57a2d4851a1d" />
    <TestEntry testId="93df025e-af8a-5dc5-466b-c9b24dfa4292" executionId="202499b2-b5cd-40b5-b46b-511625910b58" testListId="8c84fa94-04c1-424b-9868-57a2d4851a1d" />
    <TestEntry testId="b215238b-6d92-3660-acef-2d20b6475bb4" executionId="adec490e-3820-4a02-8c96-a691bb94a0b2" testListId="8c84fa94-04c1-424b-9868-57a2d4851a1d" />
    <TestEntry testId="866e4700-722d-fd7a-18ee-e7cb2a8c9aa2" executionId="a8356d30-8f81-46da-bb36-9e3c0e3598e9" testListId="8c84fa94-04c1-424b-9868-57a2d4851a1d" />
    <TestEntry testId="d530ba53-e0cd-05f5-24d4-5d1cf97e0582" executionId="0ed465a8-e8c8-4d81-bed7-a7e261b5c885" testListId="8c84fa94-04c1-424b-9868-57a2d4851a1d" />
    <TestEntry testId="99b35b4c-911a-7041-aab2-d56001148707" executionId="48e6d373-5384-4bed-a36c-97def52c7f04" testListId="8c84fa94-04c1-424b-9868-57a2d4851a1d" />
    <TestEntry testId="5d58926d-0258-3afd-4007-29c33c65b80e" executionId="273c4e03-803b-4759-b265-ff5ab5d563e8" testListId="8c84fa94-04c1-424b-9868-57a2d4851a1d" />
    <TestEntry testId="ab760fe8-df37-1975-0ff4-4adf9db5c13a" executionId="104be25e-fe9c-40c1-8091-3dd7ac7a94ab" testListId="8c84fa94-04c1-424b-9868-57a2d4851a1d" />
    <TestEntry testId="b09716f3-06ca-5285-53c3-8bcfeb7e9270" executionId="cf2e3d38-5dea-4fc7-9d8b-c805d6c67849" testListId="8c84fa94-04c1-424b-9868-57a2d4851a1d" />
    <TestEntry testId="382fb73c-8ff2-1e64-5506-a39528fcbc82" executionId="6a4bd6b9-bd65-478e-84a7-eca4e36728dc" testListId="8c84fa94-04c1-424b-9868-57a2d4851a1d" />
    <TestEntry testId="151893e8-26fc-5670-7a04-c492865e61d1" executionId="3166288d-6b4d-4926-8ffe-20787a6fed10" testListId="8c84fa94-04c1-424b-9868-57a2d4851a1d" />
    <TestEntry testId="848864e4-2469-eabf-f19b-17a623a86702" executionId="4cae1496-1fb8-49f5-982c-1c89fecac525" testListId="8c84fa94-04c1-424b-9868-57a2d4851a1d" />
    <TestEntry testId="a2734dfc-92af-c596-3cfe-b4dc35085cff" executionId="32099a58-df6a-481a-8707-be7dddb90c3f" testListId="8c84fa94-04c1-424b-9868-57a2d4851a1d" />
    <TestEntry testId="faa6493b-45b2-4a77-4c26-39a569cf216b" executionId="5b4a71a0-e6dd-41ee-9c93-a7afcb498410" testListId="8c84fa94-04c1-424b-9868-57a2d4851a1d" />
    <TestEntry testId="2c947fa9-f56d-14cb-ca9d-1296e12fdb1a" executionId="83f1f10c-a13c-402f-9629-c1fa0868b13d" testListId="8c84fa94-04c1-424b-9868-57a2d4851a1d" />
    <TestEntry testId="ed1958f4-7683-bc29-ab91-caa1d10edca5" executionId="a4230d0d-60ec-4e7e-8b4a-4bdd5ff89ce1" testListId="8c84fa94-04c1-424b-9868-57a2d4851a1d" />
    <TestEntry testId="d652b993-0356-2d7c-97c6-229d300c1f73" executionId="450d8806-5be8-4f20-99ee-e488f42170c4" testListId="8c84fa94-04c1-424b-9868-57a2d4851a1d" />
    <TestEntry testId="f873c733-930a-1c24-7f2e-8080c369ca1a" executionId="674253bf-78ba-4913-9862-3653eda2070d" testListId="8c84fa94-04c1-424b-9868-57a2d4851a1d" />
    <TestEntry testId="4f3d384c-e9e1-7bdb-b8ce-9047d94cc5ee" executionId="5ab39959-45b7-4d9f-911d-053f1c23c52e" testListId="8c84fa94-04c1-424b-9868-57a2d4851a1d" />
    <TestEntry testId="d27fd30e-5df6-65d7-da7b-0cbd4d8dfb3d" executionId="b8e0c175-1a58-47b3-b8df-0ee157401a58" testListId="8c84fa94-04c1-424b-9868-57a2d4851a1d" />
    <TestEntry testId="f9a2f9c3-d986-44b1-2bd6-77a366ff5802" executionId="a5300407-de17-4436-b21d-b3cac5bc4ac3" testListId="8c84fa94-04c1-424b-9868-57a2d4851a1d" />
    <TestEntry testId="1e39b078-75e0-0881-d994-0b2820b37d62" executionId="e2a2e217-ff83-4cb7-b96c-f2f77631af11" testListId="8c84fa94-04c1-424b-9868-57a2d4851a1d" />
    <TestEntry testId="f4c92c89-f00b-bc02-c65f-353f475bc289" executionId="582a38d5-4a79-4b06-afa7-2f96b0d9a1ad" testListId="8c84fa94-04c1-424b-9868-57a2d4851a1d" />
    <TestEntry testId="8f313ec3-dfd2-ae5d-3692-f5c291ea9739" executionId="2191fae3-ce92-4767-a213-02e5e8ad46f3" testListId="8c84fa94-04c1-424b-9868-57a2d4851a1d" />
    <TestEntry testId="bf5b497b-9683-6d9a-fe58-7728c1304eae" executionId="0ba25587-4f49-4fab-833d-183644b3db9d" testListId="8c84fa94-04c1-424b-9868-57a2d4851a1d" />
    <TestEntry testId="ca0c8b99-35b6-086d-a40d-0fa9047437cf" executionId="f900cd00-eb27-48ea-90a8-a090418519dd" testListId="8c84fa94-04c1-424b-9868-57a2d4851a1d" />
    <TestEntry testId="6c9b2c7c-7476-812e-7658-ff16f2eb8b6b" executionId="dde8f8e8-be94-4a97-aeee-bad1c663e55a" testListId="8c84fa94-04c1-424b-9868-57a2d4851a1d" />
    <TestEntry testId="cc7349f3-d9cd-bfbc-842f-4e1a61fb3fbf" executionId="4a9a5fa4-690e-4ccc-a455-6a0c33821879" testListId="8c84fa94-04c1-424b-9868-57a2d4851a1d" />
    <TestEntry testId="38f7f0d6-cec5-8b7c-d688-d4e64bcf4bdf" executionId="a94e5ac6-b779-4239-91a8-a9d7a5f1cac4" testListId="8c84fa94-04c1-424b-9868-57a2d4851a1d" />
    <TestEntry testId="304bfecb-4af4-3be5-edfb-d18a578fca48" executionId="1a667f24-5be0-4ba8-b4a4-289160f34c90" testListId="8c84fa94-04c1-424b-9868-57a2d4851a1d" />
    <TestEntry testId="85eec630-25eb-143b-b971-623531e4c1d7" executionId="c6f39c79-e0b4-4565-8cad-f7220b953f6c" testListId="8c84fa94-04c1-424b-9868-57a2d4851a1d" />
    <TestEntry testId="9dc82e84-4af8-d04c-a8ab-c7d6b90937d3" executionId="d634f590-3b79-4d35-905f-d7667344ea70" testListId="8c84fa94-04c1-424b-9868-57a2d4851a1d" />
    <TestEntry testId="ff09b10c-e867-7c9b-7880-553bcce60e1b" executionId="57928ee3-9218-4200-814f-4b61053d388d" testListId="8c84fa94-04c1-424b-9868-57a2d4851a1d" />
    <TestEntry testId="949f9dee-9347-eff9-50ab-811003704d35" executionId="72e8c64c-b4bb-4e2c-b52d-5315cec4c3d5" testListId="8c84fa94-04c1-424b-9868-57a2d4851a1d" />
    <TestEntry testId="82ec902c-744f-45f5-68fe-2639e05ce0a4" executionId="f1be4bb9-e99d-4172-b15c-8fa5052af5cb" testListId="8c84fa94-04c1-424b-9868-57a2d4851a1d" />
    <TestEntry testId="17a7262c-b93a-46de-ae91-ae8c5425a790" executionId="7ee57e8c-48c6-49b4-b56b-0ca00c7d3b4d" testListId="8c84fa94-04c1-424b-9868-57a2d4851a1d" />
    <TestEntry testId="df1dbbb9-b221-4418-ea8e-2568710a5c7f" executionId="bf4a0fcf-6411-489b-ae1a-5b21772a53ee" testListId="8c84fa94-04c1-424b-9868-57a2d4851a1d" />
    <TestEntry testId="084ae0f5-8c83-21d8-b37e-8ce8088086b2" executionId="5d8a546c-a42b-4469-adc4-83324d8b2edc" testListId="8c84fa94-04c1-424b-9868-57a2d4851a1d" />
    <TestEntry testId="fb7ed7cf-a546-db7d-398c-cc202e4cacd3" executionId="b4be464c-881d-425e-9e9b-97778e40cae4" testListId="8c84fa94-04c1-424b-9868-57a2d4851a1d" />
    <TestEntry testId="91e6ef0c-e0f9-7b2d-8798-b63990f3d465" executionId="4a065b43-1dea-489d-9e79-50af0865faaa" testListId="8c84fa94-04c1-424b-9868-57a2d4851a1d" />
    <TestEntry testId="1bf328a6-997a-7d7b-85d0-7d5b09e496d9" executionId="db0ce8ae-288a-4a94-a270-5fefe8727440" testListId="8c84fa94-04c1-424b-9868-57a2d4851a1d" />
    <TestEntry testId="482595cd-80f7-a86c-193c-f0cd1750af8a" executionId="0ebe886f-5191-449b-a22f-60c316ba16e7" testListId="8c84fa94-04c1-424b-9868-57a2d4851a1d" />
    <TestEntry testId="9df77f40-a476-2e68-b7eb-9e9709800bcb" executionId="32bb86dd-37b3-4675-819a-4c5db470f8d7" testListId="8c84fa94-04c1-424b-9868-57a2d4851a1d" />
    <TestEntry testId="25dfaa20-685d-9dfd-c9d7-1e6155afab53" executionId="438d8484-5e03-4e79-8626-dc28351a373a" testListId="8c84fa94-04c1-424b-9868-57a2d4851a1d" />
    <TestEntry testId="91af2710-1b78-1ad1-7202-373d2c3c8692" executionId="2c761c04-63fd-49cc-8338-5a27aa549c67" testListId="8c84fa94-04c1-424b-9868-57a2d4851a1d" />
    <TestEntry testId="a8744862-8235-fc77-d6dd-f22edf5ced22" executionId="19c21bd9-5daa-4eb1-825b-0fdf41d24a54" testListId="8c84fa94-04c1-424b-9868-57a2d4851a1d" />
    <TestEntry testId="02df0eff-645b-991d-944c-0ddd2d51eb01" executionId="bc94f0b4-b510-4b73-a703-73beb27c5419" testListId="8c84fa94-04c1-424b-9868-57a2d4851a1d" />
    <TestEntry testId="e034a2ff-97fa-d6ea-1f7b-3dc48794801e" executionId="e9219bcb-79a8-4fd1-8d97-839e5efc553a" testListId="8c84fa94-04c1-424b-9868-57a2d4851a1d" />
    <TestEntry testId="e1721135-0df6-4261-64a8-8d6ee06a5b15" executionId="6c4bb061-a516-4368-8a4d-8d8723a1b4c2" testListId="8c84fa94-04c1-424b-9868-57a2d4851a1d" />
    <TestEntry testId="3b0e8421-4e2f-f485-5d44-87115871bd53" executionId="c45e3698-efdb-40c5-a5d1-fcbe3edf8322" testListId="8c84fa94-04c1-424b-9868-57a2d4851a1d" />
    <TestEntry testId="72fbed9a-3a8b-6d1a-6101-62b07225e841" executionId="3dcc7274-c993-4da5-9c09-50d3a0a5fcf0" testListId="8c84fa94-04c1-424b-9868-57a2d4851a1d" />
    <TestEntry testId="8bd9b0da-fc9b-3d26-3d1e-bd43c94a5bb9" executionId="4217f31f-226a-4cbb-9234-b9b6832a35fc" testListId="8c84fa94-04c1-424b-9868-57a2d4851a1d" />
    <TestEntry testId="23084a94-311d-0b86-1c21-4c61252001dc" executionId="ef75ff40-323c-4d77-af61-993f925143d5" testListId="8c84fa94-04c1-424b-9868-57a2d4851a1d" />
    <TestEntry testId="49c319f9-ff43-f0dd-0b72-6f676f274558" executionId="4e3f7498-e4ca-4971-aa3b-d5bc779504e0" testListId="8c84fa94-04c1-424b-9868-57a2d4851a1d" />
    <TestEntry testId="112f2954-42ab-3b9a-cdbc-0f14521f4fcd" executionId="d1faee21-ac64-4960-ad62-0e2d66eeec33" testListId="8c84fa94-04c1-424b-9868-57a2d4851a1d" />
    <TestEntry testId="49e399be-b362-c476-1ca0-23c85ec8a8c1" executionId="d221fd59-dc12-41cb-b284-5940ee4b8a36" testListId="8c84fa94-04c1-424b-9868-57a2d4851a1d" />
    <TestEntry testId="9cc3f468-5068-0bfe-5fae-3665ad18a92c" executionId="aec8179a-254e-467a-8b0f-931611a01065" testListId="8c84fa94-04c1-424b-9868-57a2d4851a1d" />
    <TestEntry testId="c5164169-e707-dc8a-2920-6b24e393fa65" executionId="e90ceb8d-7e24-4d84-b118-d49bd667f37b" testListId="8c84fa94-04c1-424b-9868-57a2d4851a1d" />
    <TestEntry testId="b6a2d6da-9506-44fd-7eea-478b9454e805" executionId="ffff5b9b-9a1c-4623-9f57-46450a9f6c59" testListId="8c84fa94-04c1-424b-9868-57a2d4851a1d" />
    <TestEntry testId="867f60ab-40ae-4b73-a3ed-178b4dd50c76" executionId="8b62a027-03e6-4601-9c99-cd722f4e96f9" testListId="8c84fa94-04c1-424b-9868-57a2d4851a1d" />
    <TestEntry testId="9953d1cf-6de6-4319-805d-8c9fd6235952" executionId="66b92e0a-9086-4360-a899-652ed2ada1cc" testListId="8c84fa94-04c1-424b-9868-57a2d4851a1d" />
    <TestEntry testId="d8168d25-44db-4e66-41dd-c856deca66f1" executionId="9935a525-6b5e-44b1-a66d-5bd8337efeb3" testListId="8c84fa94-04c1-424b-9868-57a2d4851a1d" />
    <TestEntry testId="6d3e34a7-35a5-55ef-33e9-44ac84419713" executionId="30eb6992-1584-407d-b4b2-d62fcd73728b" testListId="8c84fa94-04c1-424b-9868-57a2d4851a1d" />
    <TestEntry testId="dbb8f9c6-ce21-f488-928d-6ae93eb5615f" executionId="da2cc31d-4bd5-4843-a013-9f72bdda90d6" testListId="8c84fa94-04c1-424b-9868-57a2d4851a1d" />
    <TestEntry testId="9ed55493-e1dd-4a87-9521-b57f4277ef2d" executionId="a9ed8d84-deb4-4ccc-90b1-4c7b798cacbd" testListId="8c84fa94-04c1-424b-9868-57a2d4851a1d" />
    <TestEntry testId="440cb629-035c-451b-a08f-cdcc7e7b1c86" executionId="a67888a4-bf4a-4c86-b00b-1402a8014df4" testListId="8c84fa94-04c1-424b-9868-57a2d4851a1d" />
    <TestEntry testId="9432c986-2860-a1a0-7b1a-5269b72458f2" executionId="e2b14ea7-27d9-4309-ae64-4c850e28a34f" testListId="8c84fa94-04c1-424b-9868-57a2d4851a1d" />
    <TestEntry testId="05290b01-9182-6cd3-4370-3af624ca9f81" executionId="d366ef36-a8ea-4779-a4b9-66b96eee0ec5" testListId="8c84fa94-04c1-424b-9868-57a2d4851a1d" />
    <TestEntry testId="9066cddf-e860-480e-8703-33043b2fae18" executionId="8d70b8a4-2818-4ae6-86cc-892101c3a228" testListId="8c84fa94-04c1-424b-9868-57a2d4851a1d" />
    <TestEntry testId="d5dc5e2b-844f-4e42-8846-d9d5d50cb137" executionId="e9024b4a-83c4-4f91-96b4-9ef5cd242029" testListId="8c84fa94-04c1-424b-9868-57a2d4851a1d" />
    <TestEntry testId="be3608a3-c8eb-6918-18d7-e9a76b1a1d70" executionId="c1fbf49d-86e1-4ebc-a319-abdeb67500f6" testListId="8c84fa94-04c1-424b-9868-57a2d4851a1d" />
    <TestEntry testId="fdb83dad-c1ca-4d37-ac3a-4ad96015b757" executionId="f12f8a44-e281-494b-b6d8-d8c0583235c4" testListId="8c84fa94-04c1-424b-9868-57a2d4851a1d" />
    <TestEntry testId="9d3967e3-c1e7-4ea3-b3e4-e76ab0fb8553" executionId="63048cdf-d5e4-4c41-88c6-d5d7e48e40ae" testListId="8c84fa94-04c1-424b-9868-57a2d4851a1d" />
    <TestEntry testId="82755bb3-6fed-3979-8bb3-30feca17cd0a" executionId="569b6cb8-c6be-4b9f-9fdf-439b09b60d99" testListId="8c84fa94-04c1-424b-9868-57a2d4851a1d" />
    <TestEntry testId="3ad5abc3-8e59-d53e-f799-56e05c9bd0e0" executionId="c9009b01-6777-4375-992c-626e4d85239d" testListId="8c84fa94-04c1-424b-9868-57a2d4851a1d" />
    <TestEntry testId="ccf42d92-acb7-2e99-6f7f-95d0983f457a" executionId="8c73200c-238d-4c81-ac30-c7da80aeb346" testListId="8c84fa94-04c1-424b-9868-57a2d4851a1d" />
    <TestEntry testId="8572a327-6aab-b0d8-abc6-f112630bf025" executionId="5612e452-d004-46e0-8b03-af954368ae48" testListId="8c84fa94-04c1-424b-9868-57a2d4851a1d" />
    <TestEntry testId="a1dcc477-0a3f-a765-3893-2cf151b0cab0" executionId="8b1a1cfc-da47-4ed4-9fff-452362099d06" testListId="8c84fa94-04c1-424b-9868-57a2d4851a1d" />
    <TestEntry testId="7164b719-2b6c-f906-ac99-8ba83ef3115b" executionId="a32be870-075d-4402-8769-284520a36c1c" testListId="8c84fa94-04c1-424b-9868-57a2d4851a1d" />
    <TestEntry testId="6d45226b-733a-ab5f-f2fb-147b64ef889b" executionId="2664ca5e-45d1-4a0d-9d32-1107ff83b636" testListId="8c84fa94-04c1-424b-9868-57a2d4851a1d" />
    <TestEntry testId="b6a7629b-dc7c-b345-06af-9dac6bb62e29" executionId="c1706cab-d97a-45da-ba49-c50d46a1933f" testListId="8c84fa94-04c1-424b-9868-57a2d4851a1d" />
    <TestEntry testId="8db9388a-ca71-ffc0-fe9e-d50e57f7e1b0" executionId="c411af74-6678-4fa5-91b3-d33c737140c4" testListId="8c84fa94-04c1-424b-9868-57a2d4851a1d" />
    <TestEntry testId="2bd43abd-fa7c-1363-0b9c-df688d98b6b8" executionId="8087cbbb-4c4d-4a71-b775-0f44e4c81a8e" testListId="8c84fa94-04c1-424b-9868-57a2d4851a1d" />
    <TestEntry testId="290635d0-6881-e912-cab5-4fcbe26aec7f" executionId="3e86b0d0-00af-44a5-b8fc-cbe9e22ba4ed" testListId="8c84fa94-04c1-424b-9868-57a2d4851a1d" />
    <TestEntry testId="9219f9af-1c95-a527-a28f-3d9074d6fc0d" executionId="8ad629c6-982c-4f95-9245-baae9e6e5f55" testListId="8c84fa94-04c1-424b-9868-57a2d4851a1d" />
    <TestEntry testId="f791a129-944e-9f53-158a-a3feab166b81" executionId="b9e3424b-64c4-47b7-a30d-de1094c3e36d" testListId="8c84fa94-04c1-424b-9868-57a2d4851a1d" />
    <TestEntry testId="475889f1-0e37-2747-308b-55ad45ab80fb" executionId="212fdabe-19bc-43bc-b15f-e105edc2cbc7" testListId="8c84fa94-04c1-424b-9868-57a2d4851a1d" />
    <TestEntry testId="e52d7b82-35cf-512b-0514-471918dc7d7f" executionId="5c385c96-f911-48ba-aabb-3774d8f9610d" testListId="8c84fa94-04c1-424b-9868-57a2d4851a1d" />
    <TestEntry testId="541570c3-c3f7-8dc1-3e0c-3ddc008a0b9c" executionId="e702b877-98af-4b9d-a894-8289431891dd" testListId="8c84fa94-04c1-424b-9868-57a2d4851a1d" />
    <TestEntry testId="6e6e015b-589b-e96e-1ca2-147634da4743" executionId="c349fd12-fcad-4564-ad99-b95bd0cc5164" testListId="8c84fa94-04c1-424b-9868-57a2d4851a1d" />
    <TestEntry testId="96aac6a7-9944-b364-4456-226a71b046ca" executionId="8485de2c-7e91-46ea-b430-f85168642074" testListId="8c84fa94-04c1-424b-9868-57a2d4851a1d" />
    <TestEntry testId="6359243c-bf10-b000-f632-dc9c2e8c8558" executionId="d66f2141-8d4e-4b43-9b20-efa3db47c204" testListId="8c84fa94-04c1-424b-9868-57a2d4851a1d" />
    <TestEntry testId="3d0acaf3-d8dc-09c0-9154-69a13af52c3b" executionId="a19303e7-94a1-454e-ad82-9e127a57ee07" testListId="8c84fa94-04c1-424b-9868-57a2d4851a1d" />
    <TestEntry testId="f1f7a491-7433-7b92-802e-0056e9610638" executionId="19707e58-730f-4ff5-af94-bc8b9ccc9185" testListId="8c84fa94-04c1-424b-9868-57a2d4851a1d" />
    <TestEntry testId="41ad690a-8b13-39f0-d6bf-252ae19df77f" executionId="5dd6b86f-5253-4a06-bcbd-defb90c10351" testListId="8c84fa94-04c1-424b-9868-57a2d4851a1d" />
    <TestEntry testId="0c948d49-d815-36ec-b84a-50d6c94da19d" executionId="d67c916e-e853-4aba-9e93-ee77cde5c57a" testListId="8c84fa94-04c1-424b-9868-57a2d4851a1d" />
    <TestEntry testId="8c0ba4c4-1b16-6b94-8f80-ba89108d2082" executionId="e6b8d049-7694-4007-bab4-58e3ee4ec939" testListId="8c84fa94-04c1-424b-9868-57a2d4851a1d" />
    <TestEntry testId="fe94b414-19ef-0218-019c-1ca6a1e75db7" executionId="b116ae16-658f-4583-bf14-d44d80de80d1" testListId="8c84fa94-04c1-424b-9868-57a2d4851a1d" />
    <TestEntry testId="ff74a06f-cb12-a663-ac6f-05a352a86427" executionId="e5d478bc-a54a-4f4f-86f2-cf24408a64e6" testListId="8c84fa94-04c1-424b-9868-57a2d4851a1d" />
    <TestEntry testId="584d0a50-caaa-f3b7-8ce2-6904b95d3be1" executionId="5803949f-ea0b-4453-b592-03f263660158" testListId="8c84fa94-04c1-424b-9868-57a2d4851a1d" />
    <TestEntry testId="0d0bc988-4331-b901-9a13-09a35b3934db" executionId="320aa042-e3df-49a8-9d2c-6a2c04be5f95" testListId="8c84fa94-04c1-424b-9868-57a2d4851a1d" />
    <TestEntry testId="f45098ec-dc80-7f80-3b87-16849d55ec7b" executionId="e59135b2-0a7c-41cb-a4d9-50035391c626" testListId="8c84fa94-04c1-424b-9868-57a2d4851a1d" />
    <TestEntry testId="6435d2a8-3179-401b-db2f-2f04a5334c52" executionId="9cdbb73f-c431-411d-9dbd-a9329ec7d47f" testListId="8c84fa94-04c1-424b-9868-57a2d4851a1d" />
    <TestEntry testId="3f6bf044-d22a-f225-87b5-ef3eb3ec8c26" executionId="1ac70059-f47c-48c2-b680-7ed431a7361d" testListId="8c84fa94-04c1-424b-9868-57a2d4851a1d" />
    <TestEntry testId="ddb07a5b-2311-3aaf-1d07-ed9d8db98eb1" executionId="78e06bf9-f498-407a-bdb9-4b05e927dcfb" testListId="8c84fa94-04c1-424b-9868-57a2d4851a1d" />
    <TestEntry testId="eb5313ee-9540-2f72-cefb-2975f062dc29" executionId="d2337757-cee1-4e54-a75d-6fc1f14e9d44" testListId="8c84fa94-04c1-424b-9868-57a2d4851a1d" />
    <TestEntry testId="ff62724b-3d0c-9111-4356-9f9a73bc8891" executionId="3531bab7-b84e-42d2-a979-31dfcd526849" testListId="8c84fa94-04c1-424b-9868-57a2d4851a1d" />
    <TestEntry testId="0e2dda5d-b178-e4c3-da03-c0941b6fda5e" executionId="50f538d2-cece-4686-9633-00ae8a49c11a" testListId="8c84fa94-04c1-424b-9868-57a2d4851a1d" />
    <TestEntry testId="c39a0fdc-3e87-6388-491b-98d418be41fd" executionId="0e1adf6a-515c-43d7-876f-22d3df9375ae" testListId="8c84fa94-04c1-424b-9868-57a2d4851a1d" />
    <TestEntry testId="e5670a7d-b2f6-5fc9-36c7-fc85315fb1c7" executionId="8a15436c-f7a0-46d6-b6a2-e95624c6d586" testListId="8c84fa94-04c1-424b-9868-57a2d4851a1d" />
    <TestEntry testId="36b9b6b3-6884-22f0-d88f-211986ee8735" executionId="8daefbe9-7cd0-4cb8-acf3-5a3ef8bceeaa" testListId="8c84fa94-04c1-424b-9868-57a2d4851a1d" />
    <TestEntry testId="8a769ce6-8118-03db-fc71-5680e3ec9337" executionId="809cc561-f525-48e7-a11c-7d8d87153214" testListId="8c84fa94-04c1-424b-9868-57a2d4851a1d" />
    <TestEntry testId="58177738-c12f-ad35-d40d-e5ce8f7dd457" executionId="30f93d16-5a90-4942-93d4-0d10477ce388" testListId="8c84fa94-04c1-424b-9868-57a2d4851a1d" />
    <TestEntry testId="5fef56f3-1f6a-31a4-8ff0-7d081389c997" executionId="5666f72c-62f2-4636-ba26-210ff43d97be" testListId="8c84fa94-04c1-424b-9868-57a2d4851a1d" />
    <TestEntry testId="0e1b3d29-d75c-07dd-cbac-fdb19e5fe348" executionId="c6390f2d-50d0-43f3-a1c7-2e0ba70b86ca" testListId="8c84fa94-04c1-424b-9868-57a2d4851a1d" />
    <TestEntry testId="dd810e0e-f44b-ad8e-62e3-bfb2713d174e" executionId="01035ea4-c9be-4591-94f7-f19bf15761e7" testListId="8c84fa94-04c1-424b-9868-57a2d4851a1d" />
    <TestEntry testId="92e8bf50-29cb-5f85-3454-7b032c009d01" executionId="0b7b2000-c2a5-40f4-810c-043db452602d" testListId="8c84fa94-04c1-424b-9868-57a2d4851a1d" />
    <TestEntry testId="67c90e39-9198-57d2-c3a5-03e2bef4eb68" executionId="12a701ef-ed81-458e-b718-1769f217e2fb" testListId="8c84fa94-04c1-424b-9868-57a2d4851a1d" />
    <TestEntry testId="915cb7cd-f880-7b74-6bb3-6e39fba81567" executionId="527cd407-b6bc-4bc6-9c55-9f98a4555a0e" testListId="8c84fa94-04c1-424b-9868-57a2d4851a1d" />
    <TestEntry testId="e65b2a90-1931-094b-3764-64eb6eb89d03" executionId="91e2fff0-a253-4951-bda4-81276ccf72d4" testListId="8c84fa94-04c1-424b-9868-57a2d4851a1d" />
    <TestEntry testId="16a246fa-947b-8828-5fb6-31f529d191b1" executionId="051f588f-420a-4c33-ac48-414c99a90456" testListId="8c84fa94-04c1-424b-9868-57a2d4851a1d" />
    <TestEntry testId="19f95a24-830c-fd09-3644-0f8b3d968919" executionId="71557fd3-4886-4edb-86a5-a1a478952d6f" testListId="8c84fa94-04c1-424b-9868-57a2d4851a1d" />
    <TestEntry testId="36e0c860-21e2-e325-c92b-ab5b2b7e8680" executionId="928f8e31-5a7a-4e7f-bafb-016a1602b810" testListId="8c84fa94-04c1-424b-9868-57a2d4851a1d" />
    <TestEntry testId="211b1fd6-e4d9-0a28-48cd-bc72ce0b3a20" executionId="6b7bf95e-47f2-4361-ad4f-fbf22ec2ad0e" testListId="8c84fa94-04c1-424b-9868-57a2d4851a1d" />
    <TestEntry testId="d6b59164-c05d-af9e-6244-c37dff94b8f7" executionId="49ded15a-d959-4fd8-9506-621ba3b8e407" testListId="8c84fa94-04c1-424b-9868-57a2d4851a1d" />
    <TestEntry testId="67ea44a8-8ccb-e2fc-7f2d-09b32ace790b" executionId="fa25af73-7092-4fdc-8a82-23777fa938fa" testListId="8c84fa94-04c1-424b-9868-57a2d4851a1d" />
    <TestEntry testId="e9422b9f-993b-135f-107f-ef8d1a34a7a7" executionId="1ba84367-0d16-477f-9204-ee28cb14ad64" testListId="8c84fa94-04c1-424b-9868-57a2d4851a1d" />
    <TestEntry testId="ebb70f61-0cf5-b7cb-781e-40e6d3962219" executionId="fc43db9f-c375-45c4-b8cf-25bd19fd5dd5" testListId="8c84fa94-04c1-424b-9868-57a2d4851a1d" />
    <TestEntry testId="346cf976-bd0d-dcb4-ff4c-811aa26a21f9" executionId="18d73c27-7841-47d0-990a-f3a8c58f61a0" testListId="8c84fa94-04c1-424b-9868-57a2d4851a1d" />
    <TestEntry testId="c1cfa849-857e-312e-08ac-90b87ab9952f" executionId="b6a5b8c8-6436-4b74-84b0-2b4a67c9dc1c" testListId="8c84fa94-04c1-424b-9868-57a2d4851a1d" />
    <TestEntry testId="e94f29cb-993d-4690-50c6-d0fc5acc3ee7" executionId="41856a57-6b37-4819-9ce7-d324a34f46b9" testListId="8c84fa94-04c1-424b-9868-57a2d4851a1d" />
    <TestEntry testId="5f777e64-7212-32cd-8322-88853d5d0573" executionId="caba3a74-acbe-4dba-81f2-82596a801646" testListId="8c84fa94-04c1-424b-9868-57a2d4851a1d" />
    <TestEntry testId="259f6d90-5126-bee7-53ed-bffb5b9c56a4" executionId="be7bf890-4f05-4d9f-919e-52ac184fb6bb" testListId="8c84fa94-04c1-424b-9868-57a2d4851a1d" />
    <TestEntry testId="e1d30c70-635e-380c-d45f-ac7eeeec6d0d" executionId="39ed8263-a223-40e5-a867-cecc671bc0c3" testListId="8c84fa94-04c1-424b-9868-57a2d4851a1d" />
    <TestEntry testId="d2f7976c-3de5-7e62-a6a1-71ea2bf1e703" executionId="396310ff-b332-4065-a5ee-bf7ba3fd94e1" testListId="8c84fa94-04c1-424b-9868-57a2d4851a1d" />
    <TestEntry testId="ef1c4840-e63e-d4e1-a2bd-931b850aa687" executionId="d5c16486-df98-4b16-b6c6-ba1c56cb175c" testListId="8c84fa94-04c1-424b-9868-57a2d4851a1d" />
    <TestEntry testId="d92620e3-5efe-3122-8366-01c5a76e71ba" executionId="171fc353-7d82-45f4-ba5e-583506feef21" testListId="8c84fa94-04c1-424b-9868-57a2d4851a1d" />
    <TestEntry testId="41406bec-935f-aeb2-6c89-b08785777b44" executionId="86d3e857-f2c6-4fdc-826a-d6f9599adcae" testListId="8c84fa94-04c1-424b-9868-57a2d4851a1d" />
    <TestEntry testId="0205e5db-ee1a-7dfa-6225-b17ccb0ab352" executionId="df57fc83-09e6-443d-8f8f-94a2fdf61be3" testListId="8c84fa94-04c1-424b-9868-57a2d4851a1d" />
    <TestEntry testId="fa9b1227-52b5-06b3-a54b-a6acb5edb1c4" executionId="55fb5715-5ea9-48db-8661-98e91afad159" testListId="8c84fa94-04c1-424b-9868-57a2d4851a1d" />
    <TestEntry testId="383503d6-a885-3158-2f75-6c4866b394c4" executionId="9f36ea7d-33dc-4994-8fd0-dc1818581c74" testListId="8c84fa94-04c1-424b-9868-57a2d4851a1d" />
    <TestEntry testId="ff783750-3e5c-2ad8-d27b-96a48c6e45da" executionId="9fbed352-19cd-4f1c-8a84-02d4b9c6ab5b" testListId="8c84fa94-04c1-424b-9868-57a2d4851a1d" />
    <TestEntry testId="aad7f93c-8cac-719a-7817-11a2021729cf" executionId="34584007-4074-45f9-9ddb-1b14a08cdb8b" testListId="8c84fa94-04c1-424b-9868-57a2d4851a1d" />
    <TestEntry testId="7cb9b044-b0bf-46f5-a9ca-7ac51717f5b0" executionId="3353e086-2956-4551-848c-4a8e05fd1ad9" testListId="8c84fa94-04c1-424b-9868-57a2d4851a1d" />
    <TestEntry testId="26e26ac4-ec0f-4841-810c-178536b4e01f" executionId="042a2153-97da-487a-b4a8-3e7bdff6738e" testListId="8c84fa94-04c1-424b-9868-57a2d4851a1d" />
    <TestEntry testId="e2b5a3dd-c078-45e8-bdb7-18e9c42ae548" executionId="c8434fe6-1efa-4bae-9669-a506381a6f1a" testListId="8c84fa94-04c1-424b-9868-57a2d4851a1d" />
    <TestEntry testId="b1713ad9-2b06-4844-af26-9d5f4313d2fa" executionId="aa752f76-2e65-4d94-8ef1-452b52108ff0" testListId="8c84fa94-04c1-424b-9868-57a2d4851a1d" />
    <TestEntry testId="052682b1-dc93-4c3c-86df-6f06e0842f41" executionId="0f9ba743-32b9-4716-b4a8-ce392a1336c4" testListId="8c84fa94-04c1-424b-9868-57a2d4851a1d" />
    <TestEntry testId="97e5d192-085f-4bf9-b9ce-afcaaa6fa639" executionId="4fc54f67-bae1-4739-b587-29bbc1c47eae" testListId="8c84fa94-04c1-424b-9868-57a2d4851a1d" />
    <TestEntry testId="dbd9b5eb-7617-4e58-93d1-1bf491fecce6" executionId="e0fbff7b-0435-4e10-b94c-0c8ae8c94a5f" testListId="8c84fa94-04c1-424b-9868-57a2d4851a1d" />
    <TestEntry testId="7d4efdf7-3239-41c0-b661-4815b6a7d2d7" executionId="9ade7a2e-4475-4e9f-8759-b2a4a7b45851" testListId="8c84fa94-04c1-424b-9868-57a2d4851a1d" />
    <TestEntry testId="d72ce0ff-e0ed-36ad-506f-f4977e11c20a" executionId="831a9047-fb9f-4cfa-a90a-0e9a8028a894" testListId="8c84fa94-04c1-424b-9868-57a2d4851a1d" />
    <TestEntry testId="9bf1cb07-64a4-46c8-a07d-c5e3c9064107" executionId="bd4a0234-ec64-4cb0-a46c-31d814ff3118" testListId="8c84fa94-04c1-424b-9868-57a2d4851a1d" />
    <TestEntry testId="b92754c6-1c01-4d04-afff-cce13f6a40de" executionId="80d904e2-6243-4050-9b13-d02b02c361dd" testListId="8c84fa94-04c1-424b-9868-57a2d4851a1d" />
    <TestEntry testId="4a611b67-cabf-42f7-b229-2c4327239f8e" executionId="ed098ecf-a588-4194-8992-441e46450b84" testListId="8c84fa94-04c1-424b-9868-57a2d4851a1d" />
    <TestEntry testId="ff274c4f-222c-485a-ac38-6f23b9fa2820" executionId="ebc00b39-0c65-4df3-a178-3225d3d606b9" testListId="8c84fa94-04c1-424b-9868-57a2d4851a1d" />
    <TestEntry testId="98e65992-3fef-4a8a-baea-0d6b0124769a" executionId="89d82e11-4130-4452-89eb-2c8e1d0fb5d0" testListId="8c84fa94-04c1-424b-9868-57a2d4851a1d" />
    <TestEntry testId="076af328-a109-46ce-9dd2-5c9fd85f4bae" executionId="8474398a-873e-4257-bd2a-e12022eb49d1" testListId="8c84fa94-04c1-424b-9868-57a2d4851a1d" />
    <TestEntry testId="59210b18-2dbc-4d24-9958-8fea9310174b" executionId="d3d98e81-31e5-4d7b-8cf4-89cac8b7e6a9" testListId="8c84fa94-04c1-424b-9868-57a2d4851a1d" />
    <TestEntry testId="1a20f5a5-6ea3-485d-82b0-8b551cffb93b" executionId="1f81b1b3-433f-40c9-838b-81750c7a6c21" testListId="8c84fa94-04c1-424b-9868-57a2d4851a1d" />
    <TestEntry testId="efde316f-2c70-48c8-a9e4-bd2db807ee97" executionId="31931c61-ee9b-46ab-8be6-09de4ba8dadd" testListId="8c84fa94-04c1-424b-9868-57a2d4851a1d" />
    <TestEntry testId="39f93dd3-9baf-25d0-db4e-1b6b0274deb0" executionId="e4d0d63d-93a5-4c16-8435-16b1f81fe603" testListId="8c84fa94-04c1-424b-9868-57a2d4851a1d" />
    <TestEntry testId="9f47eb40-caf8-e355-fdbb-679467a531bd" executionId="50dfee6c-2afc-4235-a751-103873aa3707" testListId="8c84fa94-04c1-424b-9868-57a2d4851a1d" />
    <TestEntry testId="73e6ea20-03da-4dcb-bc4b-5a2affc911d2" executionId="664fad23-a005-4656-a42c-7479b72d943a" testListId="8c84fa94-04c1-424b-9868-57a2d4851a1d" />
    <TestEntry testId="c22cafdb-51de-430e-b38e-7c210c4b091d" executionId="89633369-81ff-4d35-88dd-90453c7ec0ac" testListId="8c84fa94-04c1-424b-9868-57a2d4851a1d" />
    <TestEntry testId="eed117bf-e26b-4d50-8687-460564ccd0ba" executionId="184b839c-2e4b-4536-8a2a-cbdb681ebfba" testListId="8c84fa94-04c1-424b-9868-57a2d4851a1d" />
    <TestEntry testId="b4ff0b28-329c-474f-b300-96b9d6f62247" executionId="69ed7fc8-fa65-47b9-969d-0e5059447bfe" testListId="8c84fa94-04c1-424b-9868-57a2d4851a1d" />
    <TestEntry testId="e167f02e-45b9-4ef8-a544-dbd8c9cce913" executionId="5aca8d09-e262-42f6-a925-f498c1973e05" testListId="8c84fa94-04c1-424b-9868-57a2d4851a1d" />
    <TestEntry testId="5bc37535-0758-422d-95af-91dd0100998a" executionId="62a2037b-d004-438c-9daf-29b131d21c4a" testListId="8c84fa94-04c1-424b-9868-57a2d4851a1d" />
    <TestEntry testId="083814aa-cd6f-48c3-a18e-da6260fa6536" executionId="394031cd-4906-4a75-9a3f-db10217f56cd" testListId="8c84fa94-04c1-424b-9868-57a2d4851a1d" />
    <TestEntry testId="04990a73-6fcb-4cab-ab51-a4fc14b6d780" executionId="4c890b9c-0d0e-4c12-8c52-87023a778d44" testListId="8c84fa94-04c1-424b-9868-57a2d4851a1d" />
    <TestEntry testId="3b956cdd-1ac2-5fad-2609-3624343143bd" executionId="5c323afe-dc83-4b9f-a7d3-7fd349b39c24" testListId="8c84fa94-04c1-424b-9868-57a2d4851a1d" />
    <TestEntry testId="d314373f-b332-1f28-d0e6-b8e756d39995" executionId="5ab9a50f-3729-4df7-8fe2-77e1afd8810a" testListId="8c84fa94-04c1-424b-9868-57a2d4851a1d" />
    <TestEntry testId="b9b8b956-2bbc-6b28-70ef-d8ffac724633" executionId="af41960d-58d0-4267-9d10-7e3e739199c1" testListId="8c84fa94-04c1-424b-9868-57a2d4851a1d" />
    <TestEntry testId="588a581b-e4ec-4f60-ad5c-80b93baca2ce" executionId="c3d986f1-81ee-4e3f-8311-49c4f86fc2df" testListId="8c84fa94-04c1-424b-9868-57a2d4851a1d" />
    <TestEntry testId="bf120bf0-e58c-4e42-b46e-d594aa71fe3b" executionId="8d76df11-855f-4bdd-aa0d-aaa03535c046" testListId="8c84fa94-04c1-424b-9868-57a2d4851a1d" />
    <TestEntry testId="0de66548-4213-4294-9ec2-a50a3dde4514" executionId="a949d0e5-7035-44c2-8cb7-e84a8dfd35f7" testListId="8c84fa94-04c1-424b-9868-57a2d4851a1d" />
    <TestEntry testId="75e02276-0b2b-4ca2-a256-3f6f8a1b7b24" executionId="79280ccc-5676-4a0c-89f5-11a754863b7b" testListId="8c84fa94-04c1-424b-9868-57a2d4851a1d" />
    <TestEntry testId="c612f918-6c00-46bf-be7e-f261c07e6d14" executionId="75eec82f-d498-4fae-b7e8-7645cc594c44" testListId="8c84fa94-04c1-424b-9868-57a2d4851a1d" />
    <TestEntry testId="24fd19e8-bdd7-45d9-a38d-d75eba7c3bbe" executionId="cc1cb66e-584f-45b6-9ef1-a4ee5d027f0e" testListId="8c84fa94-04c1-424b-9868-57a2d4851a1d" />
    <TestEntry testId="8d05074e-1730-4755-8781-06dcc7709138" executionId="30fbea59-4f44-4a79-a84f-652f13074da1" testListId="8c84fa94-04c1-424b-9868-57a2d4851a1d" />
    <TestEntry testId="ddd02014-b22e-4d3a-9a12-68e901f2f72d" executionId="373678f7-f8b3-4672-8296-0f36a5a9c00b" testListId="8c84fa94-04c1-424b-9868-57a2d4851a1d" />
    <TestEntry testId="d8468f18-8f26-af8b-472b-818d1360e56d" executionId="4eb9b3a2-80bc-4b8e-bca6-06d03a57cfa5" testListId="8c84fa94-04c1-424b-9868-57a2d4851a1d" />
    <TestEntry testId="184d6483-1a60-4a2c-bea6-7b18083a4d7e" executionId="c8fceefc-232a-4145-9f02-40500214db55" testListId="8c84fa94-04c1-424b-9868-57a2d4851a1d" />
    <TestEntry testId="0343fa90-68b5-4d96-bf41-f90530ec105d" executionId="72eaa3b3-54b6-4115-b097-4e792392757f" testListId="8c84fa94-04c1-424b-9868-57a2d4851a1d" />
    <TestEntry testId="25194b82-1d0c-472c-942c-4e80b8e5e3c2" executionId="3a2de3cb-2317-4a6c-87da-b93402fb2d94" testListId="8c84fa94-04c1-424b-9868-57a2d4851a1d" />
    <TestEntry testId="d05d4090-6c20-4d23-a55b-c2c714e3bf54" executionId="d099230c-889d-4236-9c7e-ed7101cb6359" testListId="8c84fa94-04c1-424b-9868-57a2d4851a1d" />
    <TestEntry testId="c1f2a16f-e138-4ac9-9fbb-e40690787111" executionId="9405b8fc-480b-4355-837b-221308472414" testListId="8c84fa94-04c1-424b-9868-57a2d4851a1d" />
    <TestEntry testId="312cec6a-8469-4a93-8f6a-e158860cea8e" executionId="38fd7a8a-2bd4-4a37-b08c-b0d6e6897f38" testListId="8c84fa94-04c1-424b-9868-57a2d4851a1d" />
    <TestEntry testId="1789340b-e418-43df-9c5b-ae68d41b447c" executionId="a21839aa-3e40-42c5-bd82-3936ce43b338" testListId="8c84fa94-04c1-424b-9868-57a2d4851a1d" />
    <TestEntry testId="be7edb9c-214b-4f3b-ad92-3c1e7d9ecd42" executionId="c76c41fe-b274-4066-b994-baebc6a2cae8" testListId="8c84fa94-04c1-424b-9868-57a2d4851a1d" />
    <TestEntry testId="a4d414fd-702f-5f8f-dcd9-f85e4c6031b3" executionId="2a338715-1e0d-4281-9ad8-24c15368db18" testListId="8c84fa94-04c1-424b-9868-57a2d4851a1d" />
    <TestEntry testId="6706c0ba-e21a-4e06-8743-1e3c1fdf6de3" executionId="4ae74e38-e4f4-4a0b-96a2-0989823f2a46" testListId="8c84fa94-04c1-424b-9868-57a2d4851a1d" />
    <TestEntry testId="8cda7fdd-b3d1-49d4-bd22-4a65290c23f7" executionId="b18cfcde-0f59-4a62-af49-17255259a3b8" testListId="8c84fa94-04c1-424b-9868-57a2d4851a1d" />
    <TestEntry testId="104816fd-d326-436d-8629-6285c14841c5" executionId="2a38faba-7fb7-497e-b342-56ae818790b5" testListId="8c84fa94-04c1-424b-9868-57a2d4851a1d" />
    <TestEntry testId="0f51999b-e93c-42ac-8e7a-b378df56a7a1" executionId="c9e0bef5-94b1-4711-a943-afc918b3a270" testListId="8c84fa94-04c1-424b-9868-57a2d4851a1d" />
    <TestEntry testId="5dd2e7e4-8f24-430a-a4f9-e6e5186e7302" executionId="2531973e-7a7e-4309-9fb5-ed4e0155d5e7" testListId="8c84fa94-04c1-424b-9868-57a2d4851a1d" />
    <TestEntry testId="ab5d4dac-c6e1-4bbf-aa13-1b3f4bd42bb3" executionId="a8d007fa-f586-482a-aac6-7939d2081f62" testListId="8c84fa94-04c1-424b-9868-57a2d4851a1d" />
    <TestEntry testId="2f7fd07e-0430-4792-8a4c-750318d74985" executionId="85ba828a-0112-4703-8bb0-ed2979685a8c" testListId="8c84fa94-04c1-424b-9868-57a2d4851a1d" />
    <TestEntry testId="73405d3f-baec-4324-a2b9-643953260d60" executionId="53076198-2a0e-4642-a8e8-00cb6b59a4df" testListId="8c84fa94-04c1-424b-9868-57a2d4851a1d" />
    <TestEntry testId="0647eb4c-24e9-aca8-03ad-2ab50c84228b" executionId="7dd1214a-9c9d-483c-baec-9065567a412e" testListId="8c84fa94-04c1-424b-9868-57a2d4851a1d" />
    <TestEntry testId="b726afce-dccd-9a9d-5406-71761fba9c5b" executionId="c1426274-40a8-40fa-b6aa-1519626b71dc" testListId="8c84fa94-04c1-424b-9868-57a2d4851a1d" />
    <TestEntry testId="bc1b1cd7-f85d-4a1b-a809-81ec735b9e63" executionId="13db0b16-4822-48a3-9959-bc4a9337ea33" testListId="8c84fa94-04c1-424b-9868-57a2d4851a1d" />
    <TestEntry testId="08dea6be-a707-4944-83fe-3efaf76f9a26" executionId="26ec24c4-79ea-462b-b423-da0f4a2fece9" testListId="8c84fa94-04c1-424b-9868-57a2d4851a1d" />
    <TestEntry testId="b49d3850-0da8-49f2-8196-4983c01b41d6" executionId="aa7bf4c5-02b4-4efb-b728-589a2263bd68" testListId="8c84fa94-04c1-424b-9868-57a2d4851a1d" />
    <TestEntry testId="a084fd28-e6bf-4ea7-a20d-abff385e38e7" executionId="f7e362f2-cd04-4a30-b739-e9e77660360d" testListId="8c84fa94-04c1-424b-9868-57a2d4851a1d" />
    <TestEntry testId="2d2443c9-962e-403b-8a64-00c92be830e2" executionId="cc327679-0273-4ec4-b96a-5bfa80c2d9c8" testListId="8c84fa94-04c1-424b-9868-57a2d4851a1d" />
    <TestEntry testId="4c6bcd3d-73b7-4b9a-9f1d-363a8ba2bfd0" executionId="06d35ac2-3489-47ee-ac69-37fef281a30e" testListId="8c84fa94-04c1-424b-9868-57a2d4851a1d" />
    <TestEntry testId="58f0cfc8-162e-4f4a-a2da-775e1cc3ea1a" executionId="7ccf1331-b566-4170-b756-bddc5dbd78d2" testListId="8c84fa94-04c1-424b-9868-57a2d4851a1d" />
    <TestEntry testId="7a3c5664-0ac0-451d-a773-f957b5e67bf4" executionId="e988780e-0eb4-45b6-bc8a-f21a41875521" testListId="8c84fa94-04c1-424b-9868-57a2d4851a1d" />
    <TestEntry testId="ff5c43a8-350c-dcc5-a064-f8f9e07fcf2d" executionId="a1f33495-f835-423a-9c3e-a674e58acd7a" testListId="8c84fa94-04c1-424b-9868-57a2d4851a1d" />
    <TestEntry testId="051891a8-7b50-4ed7-a0b8-fb4e3cd568d2" executionId="091edbfc-59cf-4c97-9406-a2a8eb16fbe1" testListId="8c84fa94-04c1-424b-9868-57a2d4851a1d" />
    <TestEntry testId="a18733d2-6111-4c10-8a62-3051ff83ad22" executionId="5df692b5-172e-4612-b764-3d20db965338" testListId="8c84fa94-04c1-424b-9868-57a2d4851a1d" />
    <TestEntry testId="3ad5eaef-1a0a-4c66-80de-83f947453d8f" executionId="d158789c-ec1a-40a5-80a7-d801aee49adc" testListId="8c84fa94-04c1-424b-9868-57a2d4851a1d" />
    <TestEntry testId="771e95a1-b954-4190-a906-1bea6786d36f" executionId="a4c5ca1b-d13b-401e-9ef5-504840922967" testListId="8c84fa94-04c1-424b-9868-57a2d4851a1d" />
    <TestEntry testId="b2181409-37c0-49bf-a248-c2458602483f" executionId="06f115e2-b26b-4a4c-aab7-afc8dfe5bb52" testListId="8c84fa94-04c1-424b-9868-57a2d4851a1d" />
    <TestEntry testId="9ce238e8-a535-4cbf-a378-c2ac5fad4165" executionId="dc16e8d5-65db-4ef9-9315-e1ae6f888d86" testListId="8c84fa94-04c1-424b-9868-57a2d4851a1d" />
    <TestEntry testId="36ebbef2-51fc-4e41-9672-3ca5f558922b" executionId="c3fa6ce0-3386-4ff0-ac3b-26a1de67b255" testListId="8c84fa94-04c1-424b-9868-57a2d4851a1d" />
    <TestEntry testId="96bee050-c759-411b-b3c7-bb534b177453" executionId="468d6865-39f3-411e-abf5-cd473440330d" testListId="8c84fa94-04c1-424b-9868-57a2d4851a1d" />
    <TestEntry testId="f8423a9d-bcd6-c183-a087-c40c8f95ad36" executionId="683c9b3f-d2a3-4221-8cd6-c88898352275" testListId="8c84fa94-04c1-424b-9868-57a2d4851a1d" />
    <TestEntry testId="517473fe-0d64-3378-3f6e-3bde668e83a8" executionId="84f74938-8256-4e89-8281-0a8b2a28a1f5" testListId="8c84fa94-04c1-424b-9868-57a2d4851a1d" />
    <TestEntry testId="318853e8-5e53-08c7-834b-c61ab9fa976f" executionId="edf5a779-dc16-43de-b03e-0431bf377f16" testListId="8c84fa94-04c1-424b-9868-57a2d4851a1d" />
    <TestEntry testId="2ec1c6eb-7be1-8aa2-dfe7-963dd5b20200" executionId="b756aa10-6705-4681-babb-805e2e31ac93" testListId="8c84fa94-04c1-424b-9868-57a2d4851a1d" />
    <TestEntry testId="0b60e23c-8b7b-615c-f0ce-a25aba8231d5" executionId="45f31f02-ab5d-4828-8f28-80963d692430" testListId="8c84fa94-04c1-424b-9868-57a2d4851a1d" />
    <TestEntry testId="28e9ac9d-e78b-2e8f-194f-5901f1ad8e5e" executionId="a88accf6-74cc-4413-9bc0-082053ec3046" testListId="8c84fa94-04c1-424b-9868-57a2d4851a1d" />
    <TestEntry testId="e343ef72-330c-642f-ff3a-a447b8a3cf71" executionId="6da13528-9f67-4a07-85ab-43ed8cec9b24" testListId="8c84fa94-04c1-424b-9868-57a2d4851a1d" />
    <TestEntry testId="32d94c40-7966-6a0e-70e0-56ff76d22c20" executionId="f9766f22-8e51-482b-aa71-61ff34f4f196" testListId="8c84fa94-04c1-424b-9868-57a2d4851a1d" />
    <TestEntry testId="cad8e3cd-ae47-9c8c-ac7c-c997f148fe39" executionId="40d0684b-183c-4136-acca-ad3e010babc4" testListId="8c84fa94-04c1-424b-9868-57a2d4851a1d" />
    <TestEntry testId="792310d5-82cf-8d07-bb1e-369023ac0215" executionId="cebffde8-2829-42c8-ae07-2c48fdf88646" testListId="8c84fa94-04c1-424b-9868-57a2d4851a1d" />
    <TestEntry testId="8411cb24-1b23-7815-8780-4729dc11fcba" executionId="824f8aea-1b52-4242-8a48-ada6b3df4102" testListId="8c84fa94-04c1-424b-9868-57a2d4851a1d" />
    <TestEntry testId="65478d97-4473-68f4-3359-83962083ac42" executionId="9e8da9a8-1070-4719-89b1-7a9d5ef301ce" testListId="8c84fa94-04c1-424b-9868-57a2d4851a1d" />
    <TestEntry testId="2a17dc6d-0405-2cac-0820-2f877efb454a" executionId="35857008-eb87-46e3-ab61-7a43b29bbe7b" testListId="8c84fa94-04c1-424b-9868-57a2d4851a1d" />
    <TestEntry testId="48c021b4-3c06-077c-cfe5-4ecf729685c9" executionId="7ace6ec6-9ad8-43d4-a431-887785217953" testListId="8c84fa94-04c1-424b-9868-57a2d4851a1d" />
    <TestEntry testId="543f0ec4-22b8-4413-602d-7844268323d8" executionId="79903f5d-4dd1-49b7-9863-8f23a5769779" testListId="8c84fa94-04c1-424b-9868-57a2d4851a1d" />
    <TestEntry testId="5b5c1fde-01e6-880d-5c5f-742281a81eb5" executionId="0579b8a0-9e80-4631-9487-43775269ff63" testListId="8c84fa94-04c1-424b-9868-57a2d4851a1d" />
    <TestEntry testId="0133c93d-43e6-00ba-ce2f-e9402a081690" executionId="c05a4aba-b3ed-4e3d-9409-2552ef480e03" testListId="8c84fa94-04c1-424b-9868-57a2d4851a1d" />
    <TestEntry testId="49dd29b5-cc6a-59e9-bee5-6ff52aeaa5ab" executionId="feaf32d0-29ec-4a91-9429-dc6a64b50303" testListId="8c84fa94-04c1-424b-9868-57a2d4851a1d" />
    <TestEntry testId="0aa5fb71-e520-6f1f-47cd-6e1f719245a4" executionId="6d32cea8-cdd0-4ba8-85ce-23f2ffb7ee07" testListId="8c84fa94-04c1-424b-9868-57a2d4851a1d" />
    <TestEntry testId="faf31626-bafc-b73a-fd58-273f35dde510" executionId="518f39fb-5bf4-43bc-8c49-550b2ee3a9b3" testListId="8c84fa94-04c1-424b-9868-57a2d4851a1d" />
    <TestEntry testId="4fb32fc3-a365-9873-be4c-27034ddf4e02" executionId="dc86bbb6-c7f7-4223-b014-ee0d33bbbfed" testListId="8c84fa94-04c1-424b-9868-57a2d4851a1d" />
    <TestEntry testId="1e482d6d-4baf-c954-6c7c-d9f77a864b97" executionId="5e290df3-97bf-4fc2-938e-df9a7f5736d4" testListId="8c84fa94-04c1-424b-9868-57a2d4851a1d" />
    <TestEntry testId="d3c40ed8-a1f0-f736-e36b-743bf86228b5" executionId="495cd2cf-46f8-4e8c-a2de-a9d29e9660b3" testListId="8c84fa94-04c1-424b-9868-57a2d4851a1d" />
    <TestEntry testId="5307fa1f-935f-d80a-ff1c-720b3b9d9f02" executionId="89724585-752c-403f-9fc7-7c33dff1c2bc" testListId="8c84fa94-04c1-424b-9868-57a2d4851a1d" />
    <TestEntry testId="eddb88f2-7190-6fe4-a020-222ac08dc232" executionId="8e2fee65-f5e9-4d9f-915b-3c4ad779773b" testListId="8c84fa94-04c1-424b-9868-57a2d4851a1d" />
    <TestEntry testId="029c3b2e-f7be-a448-e92c-538d47321c4e" executionId="fd7072a4-ce87-4acf-bb04-74541ddd350f" testListId="8c84fa94-04c1-424b-9868-57a2d4851a1d" />
    <TestEntry testId="115bd6f2-9944-cfc0-da20-8f2bd3d45cc0" executionId="437e6317-4297-433d-8a88-8ae7fc50cbb3" testListId="8c84fa94-04c1-424b-9868-57a2d4851a1d" />
    <TestEntry testId="10ed73ab-f8fc-a16f-1d6f-58cb83ef80ff" executionId="9e902b3c-697a-4c64-8252-3ca40db0aa98" testListId="8c84fa94-04c1-424b-9868-57a2d4851a1d" />
    <TestEntry testId="02337ffd-e3b6-5562-db64-d0a28f625c3c" executionId="572c7b6f-baac-4982-acdf-b1028b7fe446" testListId="8c84fa94-04c1-424b-9868-57a2d4851a1d" />
    <TestEntry testId="53d3ddeb-eaf5-fb54-8061-b5152a1bc3eb" executionId="c7686494-4309-430e-9448-1bb55b05661d" testListId="8c84fa94-04c1-424b-9868-57a2d4851a1d" />
    <TestEntry testId="699b22d1-a2a5-0d60-2afe-06c68786df72" executionId="3f1a3193-7bc7-4e63-bf8d-fd919d0e744b" testListId="8c84fa94-04c1-424b-9868-57a2d4851a1d" />
    <TestEntry testId="15d67caa-6a54-24c7-2319-61deb6fb9955" executionId="e27a1f05-ce17-44ec-ba75-bc5e4139f7a3" testListId="8c84fa94-04c1-424b-9868-57a2d4851a1d" />
    <TestEntry testId="7a5e2ab6-f7ab-5922-6d0d-d39ab8922447" executionId="89363042-8b81-4916-990a-698782a340e3" testListId="8c84fa94-04c1-424b-9868-57a2d4851a1d" />
    <TestEntry testId="623f8d7e-cc00-5b3e-4619-9af678ae4859" executionId="3b9874dd-925a-41f4-8eff-7bfcc9ba92ed" testListId="8c84fa94-04c1-424b-9868-57a2d4851a1d" />
    <TestEntry testId="33829e7d-2e39-9ad5-b07a-17b863550c5b" executionId="ad82fb43-a9fb-422d-ba6a-39f17e130e2c" testListId="8c84fa94-04c1-424b-9868-57a2d4851a1d" />
    <TestEntry testId="79aecae3-3809-ec21-fda1-d75adb25cf6f" executionId="6b1fea9f-fe6d-4c95-941e-67350a9b7b53" testListId="8c84fa94-04c1-424b-9868-57a2d4851a1d" />
    <TestEntry testId="9cf3cf2f-2718-b58c-ded9-94073d7593bf" executionId="f9ed69e4-e09a-414f-8fe9-fff26049d6b5" testListId="8c84fa94-04c1-424b-9868-57a2d4851a1d" />
    <TestEntry testId="b83581e3-1e76-8425-62e9-51b0633e9f8b" executionId="2ffaae80-b361-4c8c-ad47-23538d5fe643" testListId="8c84fa94-04c1-424b-9868-57a2d4851a1d" />
    <TestEntry testId="9e18f3ee-5efd-6b82-c68a-94d4f173431c" executionId="2e519b25-e65e-4d91-be20-b0e0521f4edd" testListId="8c84fa94-04c1-424b-9868-57a2d4851a1d" />
    <TestEntry testId="65a5ab4a-0a2f-cad8-9e01-ef0adb44ccdd" executionId="3765e4c3-959f-4a03-9482-b75fd2fdea06" testListId="8c84fa94-04c1-424b-9868-57a2d4851a1d" />
    <TestEntry testId="5310b5ea-8947-75d6-7806-93e3bffb7bc4" executionId="cfdc95b8-1059-4f06-991c-643f5cdebaf0" testListId="8c84fa94-04c1-424b-9868-57a2d4851a1d" />
    <TestEntry testId="e1f9b1a3-1c03-67cc-660c-88425e42ee32" executionId="3aac0b35-002a-4103-b3cc-55d9ad90bc3a" testListId="8c84fa94-04c1-424b-9868-57a2d4851a1d" />
    <TestEntry testId="d24b70dc-86e9-02fd-8227-9022d249e624" executionId="2dddd8c7-5c99-4058-aa7c-174d90b02c28" testListId="8c84fa94-04c1-424b-9868-57a2d4851a1d" />
    <TestEntry testId="87ae33bd-a5eb-0097-7155-d309028997b5" executionId="732e4efb-bbf2-4aa5-81be-4a0dc32aca42" testListId="8c84fa94-04c1-424b-9868-57a2d4851a1d" />
    <TestEntry testId="d2599e8e-0f71-eb13-826e-f190de81f52a" executionId="cd120440-5f75-4e3b-85cd-4e7069600330" testListId="8c84fa94-04c1-424b-9868-57a2d4851a1d" />
    <TestEntry testId="1e6b42ea-7542-96e1-e83b-6b582b9425de" executionId="4ae93d74-d5c7-4666-a78b-80af06ce3191" testListId="8c84fa94-04c1-424b-9868-57a2d4851a1d" />
    <TestEntry testId="cf9f3a29-dae9-c80f-e5c0-b1556fd56213" executionId="2a054870-a81c-4166-9ef8-f8e367cad1cc" testListId="8c84fa94-04c1-424b-9868-57a2d4851a1d" />
    <TestEntry testId="b39b2bab-a462-eac2-9de1-65be71c39b11" executionId="0b7c504b-54e2-4d36-847f-8d1cab010f0e" testListId="8c84fa94-04c1-424b-9868-57a2d4851a1d" />
    <TestEntry testId="dc9e17ae-b86e-9319-9e9d-1f7d6822e9d3" executionId="ccdad787-1140-4418-8b1c-41f254d43f77" testListId="8c84fa94-04c1-424b-9868-57a2d4851a1d" />
    <TestEntry testId="bc647912-1287-3c99-3fef-5477563851bd" executionId="c29ce12c-07fa-40cd-82e4-92c1b117cbf4" testListId="8c84fa94-04c1-424b-9868-57a2d4851a1d" />
    <TestEntry testId="3ea148b4-0541-bacf-4902-e80f2f1fc099" executionId="abce7327-c3e1-44fd-bfe7-9df6f3e7994d" testListId="8c84fa94-04c1-424b-9868-57a2d4851a1d" />
    <TestEntry testId="05930d5c-a198-7c85-d9a5-e98b3ed465c2" executionId="53369bed-3afe-415a-8cd9-b4c69802bbe6" testListId="8c84fa94-04c1-424b-9868-57a2d4851a1d" />
    <TestEntry testId="a0914620-d70d-dc78-e7e1-84678f027a2a" executionId="9c3bb802-ca04-4a13-ac68-b084a2a6f13d" testListId="8c84fa94-04c1-424b-9868-57a2d4851a1d" />
    <TestEntry testId="c98b7227-ed80-4af1-2956-bed084b289f5" executionId="eb468a92-bc66-4cb0-aebe-842098e8f743" testListId="8c84fa94-04c1-424b-9868-57a2d4851a1d" />
    <TestEntry testId="2c7127e1-4ef3-3987-3560-a376eab0cc6a" executionId="e8258c2d-cff4-4ba3-b86f-f14ce11f74e7" testListId="8c84fa94-04c1-424b-9868-57a2d4851a1d" />
    <TestEntry testId="3d061dcd-f7a5-86ea-b1a3-2bf1a980415c" executionId="71526362-2b3d-4c7d-8cef-e544f509db2d" testListId="8c84fa94-04c1-424b-9868-57a2d4851a1d" />
    <TestEntry testId="5864678e-4a17-8027-6d9d-ec11b4f4ace6" executionId="59ee178e-12fe-44cb-a795-a70f8cb3fa80" testListId="8c84fa94-04c1-424b-9868-57a2d4851a1d" />
    <TestEntry testId="b30ebf65-8757-6734-81f5-f9807bae73d8" executionId="0e855da6-384e-44db-8a92-4f7465ecc8b7" testListId="8c84fa94-04c1-424b-9868-57a2d4851a1d" />
    <TestEntry testId="328e00a6-a1b9-0d93-04e1-c25c68d20564" executionId="9f84e048-0381-4d09-a9cc-e194ecc4710c" testListId="8c84fa94-04c1-424b-9868-57a2d4851a1d" />
    <TestEntry testId="50ca3e4c-ad7e-6b66-0df9-4b45a5a1e27f" executionId="aaeae1fe-58ab-40d6-99f2-5a72904c0790" testListId="8c84fa94-04c1-424b-9868-57a2d4851a1d" />
    <TestEntry testId="fc2d08a0-cd2e-1987-8591-909b14526c6a" executionId="6c8c31e3-12e6-4e61-844f-bde97b9ad20b" testListId="8c84fa94-04c1-424b-9868-57a2d4851a1d" />
    <TestEntry testId="b4cc378c-9969-e679-1ce3-6ce3526a114b" executionId="abd4553e-39da-4dd6-9eb4-8a91d7d89fd6" testListId="8c84fa94-04c1-424b-9868-57a2d4851a1d" />
    <TestEntry testId="2517d169-eccd-4eab-4391-450012a9e5f3" executionId="bef9fb2f-d72e-4ffc-b9bb-d3227e0b5bcb" testListId="8c84fa94-04c1-424b-9868-57a2d4851a1d" />
    <TestEntry testId="626ab8b0-2d4b-13db-129e-7f006c2dbb9d" executionId="c2ecbfd2-7f67-425f-ab48-2725b2f3b2d4" testListId="8c84fa94-04c1-424b-9868-57a2d4851a1d" />
    <TestEntry testId="d4cadcf8-7f8b-fa27-2c7d-c1b9d59142a2" executionId="ba920a15-4d4d-45fc-a17b-cddc888b3e35" testListId="8c84fa94-04c1-424b-9868-57a2d4851a1d" />
    <TestEntry testId="624ef01a-1c13-ec9c-5ec6-16951392ce4f" executionId="d480c9a3-163c-48f2-a9bb-8d11a0398ee4" testListId="8c84fa94-04c1-424b-9868-57a2d4851a1d" />
    <TestEntry testId="3e362eef-cfc3-a64a-0ebb-0bdbf8a86a70" executionId="f04f68f8-5542-4265-a7ee-b68b55da4616" testListId="8c84fa94-04c1-424b-9868-57a2d4851a1d" />
    <TestEntry testId="d8676666-4f1f-a50b-d4a4-e63a9bd38e67" executionId="49c7947c-abd6-47aa-87e3-b87d93ac157f" testListId="8c84fa94-04c1-424b-9868-57a2d4851a1d" />
    <TestEntry testId="87f6260d-e1f5-8899-8c5f-a6bc4378d1d8" executionId="9b958557-058e-4e02-8181-012a50fd1eaa" testListId="8c84fa94-04c1-424b-9868-57a2d4851a1d" />
    <TestEntry testId="fe0dacde-12a9-9018-2075-664c693c39d2" executionId="c342452c-c901-4d6d-b653-73a4c8b78bfa" testListId="8c84fa94-04c1-424b-9868-57a2d4851a1d" />
    <TestEntry testId="7a279cb0-4923-94b7-013f-30f1a8cbe019" executionId="b4fa6b0b-dcd7-4b6a-b9d9-62f036e351c4" testListId="8c84fa94-04c1-424b-9868-57a2d4851a1d" />
    <TestEntry testId="b9e10dc7-df8d-4f73-7a49-254ae8338013" executionId="1360f4df-88c5-40c4-9b1f-477b9ac312ca" testListId="8c84fa94-04c1-424b-9868-57a2d4851a1d" />
    <TestEntry testId="9d2f43ab-8558-b3e0-067a-a21658faee6d" executionId="0b777996-c440-4372-a22c-114f8f745a7f" testListId="8c84fa94-04c1-424b-9868-57a2d4851a1d" />
    <TestEntry testId="9453797d-d62d-0202-3859-05c58f228ba1" executionId="6f19d096-3970-40b3-bdfe-f2b32325912d" testListId="8c84fa94-04c1-424b-9868-57a2d4851a1d" />
    <TestEntry testId="6fbae834-f830-fce1-cd24-a3b9b2b0affc" executionId="c4340def-0d3f-45db-b0e8-40f14875d2cf" testListId="8c84fa94-04c1-424b-9868-57a2d4851a1d" />
    <TestEntry testId="711321be-14dc-132d-e4e1-28ff9dca22c1" executionId="1427de89-2f34-4e36-b160-05d54e83c9a0" testListId="8c84fa94-04c1-424b-9868-57a2d4851a1d" />
    <TestEntry testId="82dd83cf-3388-66f8-7467-152e3153e7a9" executionId="64cb6300-f579-4bcf-bf6e-93d578b8ffe4" testListId="8c84fa94-04c1-424b-9868-57a2d4851a1d" />
    <TestEntry testId="68847856-c182-de34-275c-a98c7effa01a" executionId="bd7d060a-da99-4a30-b5a0-042e1378cfdf" testListId="8c84fa94-04c1-424b-9868-57a2d4851a1d" />
    <TestEntry testId="865a20f6-5ef0-87c1-6d7f-f33c3c7af184" executionId="2f0f0299-f588-46bf-ba2d-6f94900afa06" testListId="8c84fa94-04c1-424b-9868-57a2d4851a1d" />
    <TestEntry testId="80a816ae-a046-fe73-5850-91dd4af34ac9" executionId="e22ee712-043a-4a1e-af79-515d2228baaf" testListId="8c84fa94-04c1-424b-9868-57a2d4851a1d" />
    <TestEntry testId="b7f2ab65-6d0f-59ce-094d-06883486ebc0" executionId="4b82e16a-1abf-4202-8ca6-68c684029834" testListId="8c84fa94-04c1-424b-9868-57a2d4851a1d" />
    <TestEntry testId="bcfd8b41-ea7c-a9f4-888f-5d0dc97c95ac" executionId="801f11fa-7d2b-4ef9-b0ef-3fb4c488058f" testListId="8c84fa94-04c1-424b-9868-57a2d4851a1d" />
    <TestEntry testId="79aed6c4-fcd6-af97-3e14-e68a27bf5fee" executionId="385f9513-6c23-4bde-bcb0-b78c33db303a" testListId="8c84fa94-04c1-424b-9868-57a2d4851a1d" />
    <TestEntry testId="dc43e54a-e404-ea92-6ae0-179d4f131412" executionId="180c264a-5a3c-44c0-b985-396e6eff0778" testListId="8c84fa94-04c1-424b-9868-57a2d4851a1d" />
    <TestEntry testId="4044e47b-d20a-fcfc-abac-97ce7acf8b16" executionId="dd4c2089-f057-4d30-ac0e-5ea7f3666a96" testListId="8c84fa94-04c1-424b-9868-57a2d4851a1d" />
    <TestEntry testId="ae12dcd0-7766-e0ab-4372-3edf29865284" executionId="e1573426-c880-47e4-b453-3279b38ffda5" testListId="8c84fa94-04c1-424b-9868-57a2d4851a1d" />
    <TestEntry testId="6a0bfbae-5764-8404-4ec3-010eee2d16e0" executionId="f51f6f81-6c2f-426d-936c-b9f7144da0b8" testListId="8c84fa94-04c1-424b-9868-57a2d4851a1d" />
    <TestEntry testId="373e7042-dc5f-e099-3659-a4b351b9cb73" executionId="4aefbd5e-a768-4b93-b26c-f4307cbd9ac0" testListId="8c84fa94-04c1-424b-9868-57a2d4851a1d" />
    <TestEntry testId="533f12a1-f5b4-cf51-5706-41554b9192e6" executionId="c215d8d9-1441-4dd7-8d7a-ff9da145f04e" testListId="8c84fa94-04c1-424b-9868-57a2d4851a1d" />
    <TestEntry testId="7efd03b2-46bb-1cd8-0db3-609ba2aa6dd2" executionId="b1314065-dbaa-4af7-aafd-7e58f92bb85e" testListId="8c84fa94-04c1-424b-9868-57a2d4851a1d" />
    <TestEntry testId="64c22c88-b9be-9395-2195-b79e867110f7" executionId="ee753291-0404-4035-bbf0-3687021a3cde" testListId="8c84fa94-04c1-424b-9868-57a2d4851a1d" />
    <TestEntry testId="69a7bb9b-1d78-8e02-9a9b-64cd19bb8b3f" executionId="4d6c39c6-42f0-42ba-8f05-231c0bf3ecae" testListId="8c84fa94-04c1-424b-9868-57a2d4851a1d" />
    <TestEntry testId="3d0bdbba-a9c6-1d49-fa3d-dfeaa6cc1d58" executionId="ced25dcf-d6d5-4d25-95f8-7d2c8cd6634f" testListId="8c84fa94-04c1-424b-9868-57a2d4851a1d" />
    <TestEntry testId="852e8678-a4a1-6760-637a-fc928acc9fbb" executionId="0008c577-f249-45a1-912f-1220d1465e93" testListId="8c84fa94-04c1-424b-9868-57a2d4851a1d" />
    <TestEntry testId="31d637c0-63b8-482a-a55e-9dcbff8fe942" executionId="d6fa98e8-c138-49c3-8859-a45a239a6076" testListId="8c84fa94-04c1-424b-9868-57a2d4851a1d" />
    <TestEntry testId="8845f433-52d4-4a37-baf7-3e9348c0f411" executionId="49a28fef-f921-42b7-a4be-69468ec01ef8" testListId="8c84fa94-04c1-424b-9868-57a2d4851a1d" />
    <TestEntry testId="7a1578cc-3428-4bc1-bb36-7e815a879ce4" executionId="0aa7b165-bb57-4dac-8a55-19474638ada2" testListId="8c84fa94-04c1-424b-9868-57a2d4851a1d" />
    <TestEntry testId="0e673525-326e-4fdf-bf22-3b3c86978f4e" executionId="a6f65649-10e7-4c5c-9ff2-8429e8364561" testListId="8c84fa94-04c1-424b-9868-57a2d4851a1d" />
    <TestEntry testId="7f0e4674-c3a0-9c0e-0276-e06091dcf2a0" executionId="0bfcbdc3-4017-4ea8-847b-3e1c8956b790" testListId="8c84fa94-04c1-424b-9868-57a2d4851a1d" />
    <TestEntry testId="86ce0491-206b-20a0-0bc3-9468e585e615" executionId="1822244e-89a2-4550-bded-33106a651e6b" testListId="8c84fa94-04c1-424b-9868-57a2d4851a1d" />
    <TestEntry testId="a0bb47d9-a5f5-4691-8a41-5361eb4024be" executionId="a3d0d6f5-8f78-4a0d-a2c4-b5491f245aff" testListId="8c84fa94-04c1-424b-9868-57a2d4851a1d" />
    <TestEntry testId="edc24f49-8452-4f83-9b5a-0a6993a7b948" executionId="67b40261-d025-4c2d-be3c-b134bbc40263" testListId="8c84fa94-04c1-424b-9868-57a2d4851a1d" />
    <TestEntry testId="48964669-d7a5-4fd0-965f-5df3653f2515" executionId="d31c4db8-da4f-4867-bb90-62d3405c98d8" testListId="8c84fa94-04c1-424b-9868-57a2d4851a1d" />
    <TestEntry testId="7801acf4-fd81-4bc2-b713-81b6b8e2bf68" executionId="02130cd5-41da-4b9b-8baa-e74d35029adb" testListId="8c84fa94-04c1-424b-9868-57a2d4851a1d" />
    <TestEntry testId="f2dc8609-6209-969b-7f77-d81c144aafc9" executionId="ccda851c-c6d8-45e5-84fd-715d9d1c0c7e" testListId="8c84fa94-04c1-424b-9868-57a2d4851a1d" />
    <TestEntry testId="beb67921-0dfb-4af4-1d66-105872052b28" executionId="a3ff0ead-cd4c-4848-b2e6-cadc3a9a8a40" testListId="8c84fa94-04c1-424b-9868-57a2d4851a1d" />
    <TestEntry testId="97f4944f-5bfd-4892-a123-9471d81ebe35" executionId="6025bdf8-17d6-4bc0-97e4-b1a5243dd40a" testListId="8c84fa94-04c1-424b-9868-57a2d4851a1d" />
    <TestEntry testId="6595cbcb-e301-4263-949d-2a6165579a8b" executionId="ab10aa22-e6d6-45af-9ae9-31c0af9db266" testListId="8c84fa94-04c1-424b-9868-57a2d4851a1d" />
    <TestEntry testId="bcc25d6e-cebf-423c-ac80-50da4fa71a7b" executionId="f9103582-5480-4a7c-804b-6fb7ac902287" testListId="8c84fa94-04c1-424b-9868-57a2d4851a1d" />
    <TestEntry testId="a6647e7f-c45f-400b-976d-d10751e27ea5" executionId="b53ce83a-9ff5-4577-b989-b3d6b1e34460" testListId="8c84fa94-04c1-424b-9868-57a2d4851a1d" />
    <TestEntry testId="2aaaf7d5-606e-352f-18d2-56aa964cb0b8" executionId="b769b005-255c-4b47-94d8-3c28ea0b4456" testListId="8c84fa94-04c1-424b-9868-57a2d4851a1d" />
    <TestEntry testId="1797d72a-9ecb-48c6-86e7-a66a37aff053" executionId="869955fe-c07a-4d7c-93b6-e85ddc31a086" testListId="8c84fa94-04c1-424b-9868-57a2d4851a1d" />
    <TestEntry testId="8ad10fbe-db8a-41de-8cb3-404df3886733" executionId="fae9db2e-afdb-432c-9b6d-54127e95391b" testListId="8c84fa94-04c1-424b-9868-57a2d4851a1d" />
    <TestEntry testId="a679b02a-1161-487b-882b-f52c79dac2d3" executionId="ca99ef87-75fa-4219-8dbe-fb85549efee4" testListId="8c84fa94-04c1-424b-9868-57a2d4851a1d" />
    <TestEntry testId="f6d3b815-2346-4b97-959c-aa2e6de53347" executionId="216374bd-43cf-480c-8f5c-ab400a4828d6" testListId="8c84fa94-04c1-424b-9868-57a2d4851a1d" />
    <TestEntry testId="749aca9d-14fb-5b01-2ca9-a74eb82888d9" executionId="8dc0ef14-d471-4db2-bb32-04653c88c564" testListId="8c84fa94-04c1-424b-9868-57a2d4851a1d" />
    <TestEntry testId="86990efb-f97c-4fa0-8267-b5263094ae49" executionId="1849183b-ccce-486e-82c0-52a40d175643" testListId="8c84fa94-04c1-424b-9868-57a2d4851a1d" />
    <TestEntry testId="edce6940-8618-4ef8-bb3e-42dc16f473c9" executionId="5e85c971-a0cf-495d-8a4e-3e82170bda94" testListId="8c84fa94-04c1-424b-9868-57a2d4851a1d" />
    <TestEntry testId="ab9ee1b6-b0fc-4fd6-a307-0c550f7849c7" executionId="037a4cc8-e065-4a73-958a-5433d3956f9a" testListId="8c84fa94-04c1-424b-9868-57a2d4851a1d" />
    <TestEntry testId="65a8a08b-ac5b-480d-8894-524645915107" executionId="ad667ac3-7f1e-4810-8293-ef37698c43d9" testListId="8c84fa94-04c1-424b-9868-57a2d4851a1d" />
    <TestEntry testId="6153ea56-6075-0aa5-33d9-b840675b01ec" executionId="dd061dbb-5b81-4d2e-9b1a-67a3903a3d52" testListId="8c84fa94-04c1-424b-9868-57a2d4851a1d" />
    <TestEntry testId="ecf15e8c-3ae1-4ba4-6f4f-9ae37db6f91c" executionId="b5d161ee-d789-4954-92e4-0665d86718a0" testListId="8c84fa94-04c1-424b-9868-57a2d4851a1d" />
    <TestEntry testId="71de8b71-fd80-db9c-7ecb-8ad1b086a019" executionId="6d1ef263-9918-41b7-8c81-6db5aabce16c" testListId="8c84fa94-04c1-424b-9868-57a2d4851a1d" />
    <TestEntry testId="afc80224-c905-9427-b052-b83dd0cd58cb" executionId="1bf84c33-6ac3-4345-bda4-8216150ce188" testListId="8c84fa94-04c1-424b-9868-57a2d4851a1d" />
    <TestEntry testId="42916694-16c1-7275-548f-beb9ca817caa" executionId="af824031-9295-4068-bed1-c420e51999b6" testListId="8c84fa94-04c1-424b-9868-57a2d4851a1d" />
    <TestEntry testId="0952c412-d1c3-6444-1b64-9257a87ac47e" executionId="f5da275f-d4cf-4ce7-ab01-1254dd7fe333" testListId="8c84fa94-04c1-424b-9868-57a2d4851a1d" />
    <TestEntry testId="0e8dc8d8-41cb-3a22-8188-1a577309d846" executionId="16571995-4e52-4d4c-83fc-206d33e1978f" testListId="8c84fa94-04c1-424b-9868-57a2d4851a1d" />
    <TestEntry testId="472df992-5e4a-4ff2-e5a0-115f409b2883" executionId="86b351ae-4aed-4db7-b7cd-101285da9920" testListId="8c84fa94-04c1-424b-9868-57a2d4851a1d" />
    <TestEntry testId="3beefe37-abbc-c48a-f672-6d2e33e09c7a" executionId="087f1a77-c1f8-4657-80dc-b38518f64e33" testListId="8c84fa94-04c1-424b-9868-57a2d4851a1d" />
    <TestEntry testId="f0095fed-0e77-c0a9-7a5b-18742c1b1fd9" executionId="af66c797-0cd3-4477-b039-0d2de7216d20" testListId="8c84fa94-04c1-424b-9868-57a2d4851a1d" />
    <TestEntry testId="d1b21bc5-a416-7a69-8ea1-64410e047bb1" executionId="aa534df9-7e59-4c50-ae78-1af451e7b091" testListId="8c84fa94-04c1-424b-9868-57a2d4851a1d" />
    <TestEntry testId="1c5f21ef-8df1-234c-0f61-9e3b031bb332" executionId="f8951458-6851-41ce-a01d-1d51e715a74c" testListId="8c84fa94-04c1-424b-9868-57a2d4851a1d" />
    <TestEntry testId="84ae607f-b853-09ae-102a-ae0eaf8192a1" executionId="85c342e0-e77b-4a83-ac35-547110452042" testListId="8c84fa94-04c1-424b-9868-57a2d4851a1d" />
    <TestEntry testId="61190d88-0371-849a-99b9-b91436721da5" executionId="6f55109c-fa2b-481f-83eb-6c99905f3dce" testListId="8c84fa94-04c1-424b-9868-57a2d4851a1d" />
    <TestEntry testId="29a4a651-1003-4084-9125-c2a6bf7228a9" executionId="e4f28bc8-2bdd-47c8-a0eb-a78fa7953418" testListId="8c84fa94-04c1-424b-9868-57a2d4851a1d" />
    <TestEntry testId="8b884966-fc2c-cc0e-80e3-9535d592edcc" executionId="3a41ceb3-d5b2-4287-a0c4-f00634930beb" testListId="8c84fa94-04c1-424b-9868-57a2d4851a1d" />
    <TestEntry testId="7502a092-08c0-8dbb-8352-ad7853ea91ef" executionId="94b3e396-4f56-473c-b498-540a43d8edd2" testListId="8c84fa94-04c1-424b-9868-57a2d4851a1d" />
    <TestEntry testId="7c14a1a8-302e-42fd-b52d-203f905d0a0c" executionId="4b1bf2eb-a540-4640-88b1-acc4bfe62221" testListId="8c84fa94-04c1-424b-9868-57a2d4851a1d" />
    <TestEntry testId="e5d3cf63-2847-20c1-2d6e-af93eff1443e" executionId="e90d4978-950c-4e19-b89b-5a513392a862" testListId="8c84fa94-04c1-424b-9868-57a2d4851a1d" />
    <TestEntry testId="503c8247-926d-2721-4039-b3c698fa3815" executionId="79bee1c4-fa7c-4c7f-98b3-880a3bf82ae5" testListId="8c84fa94-04c1-424b-9868-57a2d4851a1d" />
    <TestEntry testId="1ad28c4c-5ecc-42ef-b944-03ff0cc94209" executionId="653a2cf0-40ca-43ce-bcfc-99509a81a8fc" testListId="8c84fa94-04c1-424b-9868-57a2d4851a1d" />
    <TestEntry testId="1e874f4b-82bc-c646-bf98-cf54f2513b93" executionId="14b96e81-ccb0-4057-b1d3-7c728d6ee095" testListId="8c84fa94-04c1-424b-9868-57a2d4851a1d" />
    <TestEntry testId="97c95fbf-42e2-c83b-f979-d5880a4d518f" executionId="5c43909b-aad7-4ddc-93b0-f2adb4993ffa" testListId="8c84fa94-04c1-424b-9868-57a2d4851a1d" />
    <TestEntry testId="39a4c654-e409-4bb3-b682-a9e83084dbee" executionId="d77b8936-118a-4f61-83f8-fd0d7f681641" testListId="8c84fa94-04c1-424b-9868-57a2d4851a1d" />
    <TestEntry testId="b21a8251-dd2f-19f6-0cc0-bfdf20091d24" executionId="e66d1fa3-7c81-4b90-b417-0668558767a5" testListId="8c84fa94-04c1-424b-9868-57a2d4851a1d" />
    <TestEntry testId="b16d8d74-3b3a-44f8-b0e1-f9d9fb370edf" executionId="49b321d3-52ce-4642-accf-a27ae6760d22" testListId="8c84fa94-04c1-424b-9868-57a2d4851a1d" />
    <TestEntry testId="e2cf5931-ea01-9602-dabd-4add5a85a298" executionId="cd188dc9-bfef-404b-9675-c5e520ba6ddf" testListId="8c84fa94-04c1-424b-9868-57a2d4851a1d" />
    <TestEntry testId="a12b9c61-4d4e-a56c-a7e7-fbd69fe9a69a" executionId="fa8df423-a959-48e1-b986-b1592bbd0695" testListId="8c84fa94-04c1-424b-9868-57a2d4851a1d" />
    <TestEntry testId="349430c2-86de-5505-ae93-5ed970b0bb25" executionId="05e4dec5-9a62-408f-b5d7-340e4d6de417" testListId="8c84fa94-04c1-424b-9868-57a2d4851a1d" />
    <TestEntry testId="3dbd3f03-a647-861f-074a-34b23a2f1a67" executionId="b1f6a41b-e503-4a13-96c5-20bc49a847cf" testListId="8c84fa94-04c1-424b-9868-57a2d4851a1d" />
    <TestEntry testId="23faf931-a796-26ca-8c93-a11a69d0ad7b" executionId="96c48fe2-1490-4e65-bfe1-9f98c6a805de" testListId="8c84fa94-04c1-424b-9868-57a2d4851a1d" />
    <TestEntry testId="89a5e46a-59a6-45e0-02e5-6bff38613461" executionId="73445748-d1ff-44d1-acc5-c8855f2b646c" testListId="8c84fa94-04c1-424b-9868-57a2d4851a1d" />
    <TestEntry testId="f375bd71-12d5-afc8-7cdb-26daf72dcb84" executionId="329357a4-d880-4993-9c6d-eeb1e5c4fa24" testListId="8c84fa94-04c1-424b-9868-57a2d4851a1d" />
    <TestEntry testId="5fbbf243-8e96-5010-34e6-4020f639bfbe" executionId="a38fe633-09cb-48e5-b93f-b14f1e2fe7e2" testListId="8c84fa94-04c1-424b-9868-57a2d4851a1d" />
    <TestEntry testId="2ca4131f-e8fa-7ba3-b637-512a7f281483" executionId="bbe55dad-da21-46e4-bc7a-276be4183281" testListId="8c84fa94-04c1-424b-9868-57a2d4851a1d" />
    <TestEntry testId="e609d23c-8b01-d72c-a078-48f6c7925a14" executionId="526edbd9-baf9-401d-ac99-df23c587b159" testListId="8c84fa94-04c1-424b-9868-57a2d4851a1d" />
    <TestEntry testId="4f39d110-fa9d-4976-03f9-0c1ebdaa1796" executionId="041adfe8-68c7-464a-8535-cccf763097be" testListId="8c84fa94-04c1-424b-9868-57a2d4851a1d" />
    <TestEntry testId="80350a34-3980-b5d5-175e-6ec3d25c9e87" executionId="7cd8b615-584e-4abb-8fb2-ddd0f47ecf67" testListId="8c84fa94-04c1-424b-9868-57a2d4851a1d" />
    <TestEntry testId="d701691f-59b4-f7f7-3b65-780ca8cb537e" executionId="db1986c4-6ac3-4f0d-a912-3c9b23961f77" testListId="8c84fa94-04c1-424b-9868-57a2d4851a1d" />
    <TestEntry testId="48c2cf08-6175-542b-dba7-5756182397ee" executionId="563713ad-9745-4a2f-a28c-d405730d7e72" testListId="8c84fa94-04c1-424b-9868-57a2d4851a1d" />
    <TestEntry testId="ec93591c-c900-2ba2-75ee-41e3c3243e9a" executionId="5037340e-d409-45d7-bce0-64836f2b51e6" testListId="8c84fa94-04c1-424b-9868-57a2d4851a1d" />
    <TestEntry testId="ab621675-9681-c143-dd79-6219b87fde64" executionId="7841e1e8-21ae-48f8-aa2c-0bd63c5d0cd4" testListId="8c84fa94-04c1-424b-9868-57a2d4851a1d" />
    <TestEntry testId="38375362-adf9-87e1-3a60-c6f3cda17483" executionId="3eedd015-c32b-4cd5-8b5b-12bb859c1132" testListId="8c84fa94-04c1-424b-9868-57a2d4851a1d" />
    <TestEntry testId="e5971f6e-9638-33ee-1b57-d19506a9d7df" executionId="6d4bcb66-b4ad-4b06-9dfe-f51300b33abf" testListId="8c84fa94-04c1-424b-9868-57a2d4851a1d" />
    <TestEntry testId="9543317b-b808-7fd7-4537-ae9f661ca247" executionId="bd89aad8-c195-481d-a217-7cba6d165458" testListId="8c84fa94-04c1-424b-9868-57a2d4851a1d" />
    <TestEntry testId="a096f844-901d-9fdf-0811-7eb376d04658" executionId="422a6aad-3ce1-4e28-9c83-d4fd787a9b7e" testListId="8c84fa94-04c1-424b-9868-57a2d4851a1d" />
    <TestEntry testId="59f56987-cb39-38a0-dff1-00ed98421310" executionId="6f4d4cac-8a6e-42e8-80d5-b19d1c4ae8ce" testListId="8c84fa94-04c1-424b-9868-57a2d4851a1d" />
    <TestEntry testId="297a5193-da0a-af87-279e-8160d8d33e43" executionId="528d315c-a70d-4c53-ab18-0278a0519a80" testListId="8c84fa94-04c1-424b-9868-57a2d4851a1d" />
    <TestEntry testId="e52a21ec-453a-cfc0-6027-e989e8a44b83" executionId="5cdb0952-9097-441f-a0e0-1f57d0038459" testListId="8c84fa94-04c1-424b-9868-57a2d4851a1d" />
    <TestEntry testId="e53793e7-bc06-438e-57df-dd95f757dcd9" executionId="3fd334af-876a-4e80-9790-8bf635d293c0" testListId="8c84fa94-04c1-424b-9868-57a2d4851a1d" />
    <TestEntry testId="165aea86-5819-a1f7-ec3b-c8acea4267d0" executionId="09b0387a-1d28-4905-89d7-209deb214a56" testListId="8c84fa94-04c1-424b-9868-57a2d4851a1d" />
    <TestEntry testId="b772884e-5419-b55c-4c6b-98ccbe08dd31" executionId="88f49fb9-2f39-4c1b-a5c3-6c0e252251cf" testListId="8c84fa94-04c1-424b-9868-57a2d4851a1d" />
    <TestEntry testId="2ec5baad-fb02-878e-dda3-6a874c74902c" executionId="7347e5f7-d781-47d9-bc91-ef14f21b1abc" testListId="8c84fa94-04c1-424b-9868-57a2d4851a1d" />
    <TestEntry testId="047f5bd4-9b4d-53ef-e9cb-66e6829d21d2" executionId="c5962b20-af3b-41e7-a266-740c9d58c0bf" testListId="8c84fa94-04c1-424b-9868-57a2d4851a1d" />
    <TestEntry testId="3dee167f-4742-7dc4-6f4e-f3ea2a765a61" executionId="49c59e8b-a9b3-4a96-b3a6-8c975a03647e" testListId="8c84fa94-04c1-424b-9868-57a2d4851a1d" />
    <TestEntry testId="81ee32e4-ab61-154b-1473-c9fae457d861" executionId="30a2983a-3e99-4ee7-96cb-f45fefabbff9" testListId="8c84fa94-04c1-424b-9868-57a2d4851a1d" />
    <TestEntry testId="3cbae721-72e1-b615-b35f-0f389d81fdb2" executionId="736bab58-e89c-4595-abcf-8df851589bfc" testListId="8c84fa94-04c1-424b-9868-57a2d4851a1d" />
    <TestEntry testId="13ebb768-aa5c-0daf-a76e-b51eb60766a1" executionId="3b87e87d-9738-4c84-a25d-d68b876b5df9" testListId="8c84fa94-04c1-424b-9868-57a2d4851a1d" />
    <TestEntry testId="4c84616a-c2d5-b9f3-23e2-af5a805f52a6" executionId="8f6a6ea1-55b7-49bc-8d7a-ec159c5e1b92" testListId="8c84fa94-04c1-424b-9868-57a2d4851a1d" />
    <TestEntry testId="89cb14c9-c776-42b4-013c-70a5e36debda" executionId="45b6ab77-f610-4ecb-bbb6-0cdd372d1f3d" testListId="8c84fa94-04c1-424b-9868-57a2d4851a1d" />
    <TestEntry testId="c9c8d034-7ccc-4b1d-9cb2-dd5af7b5e9b7" executionId="5ce707da-eb1a-44e1-88b0-dcda03acdb05" testListId="8c84fa94-04c1-424b-9868-57a2d4851a1d" />
    <TestEntry testId="200e1c84-48cc-4292-8b8d-313b818f43b6" executionId="4dfc2294-5a06-4c47-9240-fa1e88ff5910" testListId="8c84fa94-04c1-424b-9868-57a2d4851a1d" />
    <TestEntry testId="c9404faf-deb6-4e36-bede-14a4c3374134" executionId="a14c6546-27d0-437a-b883-486f3e8bfeb9" testListId="8c84fa94-04c1-424b-9868-57a2d4851a1d" />
    <TestEntry testId="c53673a4-b06d-45da-a514-ca6a9d75a4c6" executionId="b2672606-3940-4a80-9bf5-c3e139fef526" testListId="8c84fa94-04c1-424b-9868-57a2d4851a1d" />
    <TestEntry testId="dc0fcab3-7063-e700-91a3-296cdeb423a4" executionId="986de660-e8c2-4db3-81ff-c9290f7f467f" testListId="8c84fa94-04c1-424b-9868-57a2d4851a1d" />
    <TestEntry testId="ffbf918f-d24f-9e94-9b92-ee15859e59f3" executionId="4f8ffb46-4d39-488e-ba32-bea5098b37e7" testListId="8c84fa94-04c1-424b-9868-57a2d4851a1d" />
    <TestEntry testId="736437d7-c7d7-40cb-eccb-97f5c89f6199" executionId="7839fa8a-8843-4930-8e72-3e881a636874" testListId="8c84fa94-04c1-424b-9868-57a2d4851a1d" />
    <TestEntry testId="8550f1f5-fc31-40c9-8e86-a8fb3f398748" executionId="796d5b1e-86d3-4f21-88eb-aebdad5ae084" testListId="8c84fa94-04c1-424b-9868-57a2d4851a1d" />
    <TestEntry testId="1fbdc4c5-3c30-41f0-8226-dc783669fe8d" executionId="22226e57-8748-4103-935f-2223111589eb" testListId="8c84fa94-04c1-424b-9868-57a2d4851a1d" />
    <TestEntry testId="d2e93698-660a-4520-8a81-4c9897642d0b" executionId="c1d1b6fc-27e2-479c-b925-02303d46417b" testListId="8c84fa94-04c1-424b-9868-57a2d4851a1d" />
    <TestEntry testId="2d4ce0de-98ec-47c3-ac4c-bb254be3f8f0" executionId="06a7a960-6083-4630-8462-8f7f8609c5e7" testListId="8c84fa94-04c1-424b-9868-57a2d4851a1d" />
    <TestEntry testId="88ff7700-476a-f395-af91-7425c085808d" executionId="af0d8bc1-0a97-4929-909f-6f034a1a4fc7" testListId="8c84fa94-04c1-424b-9868-57a2d4851a1d" />
    <TestEntry testId="652d3fc9-730c-a28e-cd44-f87c407e6eca" executionId="7e9303e3-eacd-4b3a-bb22-126a9116c63b" testListId="8c84fa94-04c1-424b-9868-57a2d4851a1d" />
    <TestEntry testId="924c20bb-1677-4d70-891a-a7090eb4bd0c" executionId="bcff2210-c9e6-4f33-a909-ef012db8c231" testListId="8c84fa94-04c1-424b-9868-57a2d4851a1d" />
    <TestEntry testId="66e5d099-b8fa-4caf-aa48-b47fd407dd25" executionId="25c21b86-b716-4c94-af9f-55ba59819443" testListId="8c84fa94-04c1-424b-9868-57a2d4851a1d" />
    <TestEntry testId="24149c64-4837-44f9-aa2f-210d627ca80b" executionId="7b879735-8801-46f2-867c-0c6abe505826" testListId="8c84fa94-04c1-424b-9868-57a2d4851a1d" />
    <TestEntry testId="d9b5a3f3-2bef-4572-b0ce-c294a44080bb" executionId="267e2f95-ff25-46cf-9570-dcf3fd198b45" testListId="8c84fa94-04c1-424b-9868-57a2d4851a1d" />
    <TestEntry testId="e193675d-8144-2152-79c2-80debd1a2c94" executionId="a5eb3e5f-37d1-409a-a603-fa45108bca36" testListId="8c84fa94-04c1-424b-9868-57a2d4851a1d" />
    <TestEntry testId="8ca19de6-4fa5-fe76-706a-e6af134f4ca4" executionId="9bc3aebf-f851-4430-b73a-1488e6e28fe0" testListId="8c84fa94-04c1-424b-9868-57a2d4851a1d" />
    <TestEntry testId="4c3a21e9-35c2-41cc-ad36-361795653f3f" executionId="7d08e139-51b1-430e-87ee-4d57f12057e4" testListId="8c84fa94-04c1-424b-9868-57a2d4851a1d" />
    <TestEntry testId="9975e7db-4879-4cd1-9b33-c1b223df3d21" executionId="36e9d55b-067e-43ab-89dc-4006f9530be9" testListId="8c84fa94-04c1-424b-9868-57a2d4851a1d" />
    <TestEntry testId="9fa1c6fe-e7b3-4d41-ada7-437809b808ad" executionId="5b4f1e45-87bb-477c-8b03-51122a14e88c" testListId="8c84fa94-04c1-424b-9868-57a2d4851a1d" />
    <TestEntry testId="aca954e1-a47b-4c13-8429-c67988586db3" executionId="fac8a5b8-0bc8-4ce6-b77e-fb196eb52e1e" testListId="8c84fa94-04c1-424b-9868-57a2d4851a1d" />
    <TestEntry testId="fd4b7d75-1f6c-89a0-f5c5-a1c7595ec723" executionId="561d26b2-168a-41f2-bef4-e3837d073989" testListId="8c84fa94-04c1-424b-9868-57a2d4851a1d" />
    <TestEntry testId="a0b116d7-8dbb-b0de-1547-9bb5bf56e366" executionId="d0d1a25e-19a7-45c6-8fbb-4a6dbfb12aef" testListId="8c84fa94-04c1-424b-9868-57a2d4851a1d" />
    <TestEntry testId="414794ac-831d-4232-8524-06be43f9e323" executionId="8e47918c-4915-4e05-89da-3c57453b1730" testListId="8c84fa94-04c1-424b-9868-57a2d4851a1d" />
    <TestEntry testId="698a64d5-3b47-49f4-9c80-37f65863291d" executionId="b6282878-4fd0-460f-85dc-c2232db2b876" testListId="8c84fa94-04c1-424b-9868-57a2d4851a1d" />
    <TestEntry testId="0dd898ea-c38d-4c2d-9f4a-d2889f6326f4" executionId="5e0ad41b-ce31-4045-a9c3-acee12f3fbeb" testListId="8c84fa94-04c1-424b-9868-57a2d4851a1d" />
    <TestEntry testId="db307bd8-fddb-46ce-8d76-9d3f8c114713" executionId="ace1b1b9-7e36-40cd-9639-a9b1c4a4e1ef" testListId="8c84fa94-04c1-424b-9868-57a2d4851a1d" />
    <TestEntry testId="585c5cf2-70da-b278-c8e0-3a0247abce7f" executionId="dd28a5c4-417c-4cfd-8656-e2f79b49b00b" testListId="8c84fa94-04c1-424b-9868-57a2d4851a1d" />
    <TestEntry testId="37092227-fe05-4145-9ca7-502db270116a" executionId="a726ad7f-3e87-4302-9314-ea3e033dabb7" testListId="8c84fa94-04c1-424b-9868-57a2d4851a1d" />
    <TestEntry testId="9ae8d46c-0d18-4821-8107-a9f41af3fd1d" executionId="873c4c2c-2c06-41e2-95d2-11b17dc38e33" testListId="8c84fa94-04c1-424b-9868-57a2d4851a1d" />
    <TestEntry testId="2bd2dbd3-ea46-4635-915a-90043c45b26c" executionId="7027eceb-e7ba-4d82-b9af-0f58ffb034a6" testListId="8c84fa94-04c1-424b-9868-57a2d4851a1d" />
    <TestEntry testId="0507aa10-b535-427a-a073-454460e8e17d" executionId="953c2400-6772-4a66-a036-52bd7afa2620" testListId="8c84fa94-04c1-424b-9868-57a2d4851a1d" />
    <TestEntry testId="947a0d2c-7622-d24a-2910-ddb7bfabe024" executionId="c4c4e6c3-bf3f-4cba-a8de-e00ee5126986" testListId="8c84fa94-04c1-424b-9868-57a2d4851a1d" />
    <TestEntry testId="60dc6b92-12fc-471a-b29b-8ecec126a0e5" executionId="3260a1d7-0328-4394-8755-ea633d0848f8" testListId="8c84fa94-04c1-424b-9868-57a2d4851a1d" />
    <TestEntry testId="4221e46a-7f4a-483a-9f79-4728028d9d05" executionId="ca069086-58b0-4562-8dbd-8e194838d5ea" testListId="8c84fa94-04c1-424b-9868-57a2d4851a1d" />
    <TestEntry testId="8ceae8ca-3242-4c2f-bb7a-cc083f3fb819" executionId="ab0b61db-a554-49cb-99ac-6ab2fc9eea72" testListId="8c84fa94-04c1-424b-9868-57a2d4851a1d" />
    <TestEntry testId="7e1ac249-b9b3-4e17-bdbd-f99746ef3f19" executionId="9f7a3d2c-32bd-4d54-b953-7887fd093aaa" testListId="8c84fa94-04c1-424b-9868-57a2d4851a1d" />
    <TestEntry testId="39114c7d-bddd-5835-eed6-cae052c8d948" executionId="df67217b-af5c-4fb6-a6fa-27fcaed1aefd" testListId="8c84fa94-04c1-424b-9868-57a2d4851a1d" />
    <TestEntry testId="51f478b1-4dd2-9c75-b7f3-a73b3f360a7f" executionId="2d1908b8-6ee1-4cb3-90b7-b36ac3f8c26b" testListId="8c84fa94-04c1-424b-9868-57a2d4851a1d" />
    <TestEntry testId="81c7a28e-4a32-dc12-7a6c-8e3382cca8bf" executionId="45eea3f6-3285-42c7-80ed-6df9cd72f4c2" testListId="8c84fa94-04c1-424b-9868-57a2d4851a1d" />
    <TestEntry testId="7dc72524-3b07-2e87-5d96-19320a02979f" executionId="cc3e2ab1-eb7c-4106-b296-6e63287f8c4d" testListId="8c84fa94-04c1-424b-9868-57a2d4851a1d" />
    <TestEntry testId="e35bfc56-95af-b816-67b2-d0fdf5165646" executionId="4b9d3783-db77-49e2-8c52-664b8bb263eb" testListId="8c84fa94-04c1-424b-9868-57a2d4851a1d" />
    <TestEntry testId="5c6444e3-dc6f-7aca-62bc-25fe5af408ec" executionId="0a6050dc-70cf-4614-8004-bd63b0fb037e" testListId="8c84fa94-04c1-424b-9868-57a2d4851a1d" />
    <TestEntry testId="b7a464aa-c3f6-17e8-b510-10403158e249" executionId="6120721d-1274-4fd1-9715-29e4da149ce0" testListId="8c84fa94-04c1-424b-9868-57a2d4851a1d" />
    <TestEntry testId="a906428c-2ccb-1c1d-5cd2-f1ae0f52b996" executionId="06f71656-a78c-45df-a098-4c3d98e483a7" testListId="8c84fa94-04c1-424b-9868-57a2d4851a1d" />
    <TestEntry testId="fec0d6ea-5e29-63ee-c039-2902f10d804f" executionId="f3ba8b26-3be8-4ac4-8b7a-b5fefde7b7c4" testListId="8c84fa94-04c1-424b-9868-57a2d4851a1d" />
    <TestEntry testId="6e1046c8-2264-8d5c-0690-2dca9bf67fe5" executionId="fade75da-38ec-4b3f-8d63-2e8edaabff72" testListId="8c84fa94-04c1-424b-9868-57a2d4851a1d" />
    <TestEntry testId="a893f7c4-b629-baf2-88bf-f89d996d5886" executionId="aadb79af-331e-45c2-b587-d849a3b0c7b5" testListId="8c84fa94-04c1-424b-9868-57a2d4851a1d" />
    <TestEntry testId="32f91501-e6dc-a2ba-0a9e-331fb2fd9ba2" executionId="8b5375b5-c7ae-4f06-ae3b-25ad66341e97" testListId="8c84fa94-04c1-424b-9868-57a2d4851a1d" />
    <TestEntry testId="356cde82-8f63-32f5-32bc-2d77417aefb1" executionId="520ba12f-9bbe-49de-b7ba-2a5bd9107f33" testListId="8c84fa94-04c1-424b-9868-57a2d4851a1d" />
    <TestEntry testId="810e9767-6d81-0b80-dcd6-692afa35e0d5" executionId="87905be9-530f-4f97-a499-eb997f25ef79" testListId="8c84fa94-04c1-424b-9868-57a2d4851a1d" />
    <TestEntry testId="db48c456-1f59-4d7b-9e3f-0caaea12d1a9" executionId="7522b93c-d6b7-4047-bd4b-b2657532ec21" testListId="8c84fa94-04c1-424b-9868-57a2d4851a1d" />
    <TestEntry testId="259c6ba4-783e-5488-c90a-e1656f9645ac" executionId="a264f39e-00a3-4696-97ad-370618920514" testListId="8c84fa94-04c1-424b-9868-57a2d4851a1d" />
    <TestEntry testId="4bc3992e-81a2-5833-73da-f3e6ab47e15e" executionId="1ecb187f-09d0-4a8e-90c1-864d55ac2695" testListId="8c84fa94-04c1-424b-9868-57a2d4851a1d" />
    <TestEntry testId="a66484dc-a938-c35a-84d8-5ea882b67d2d" executionId="395524d2-408d-40ef-b537-f5711468d6e2" testListId="8c84fa94-04c1-424b-9868-57a2d4851a1d" />
    <TestEntry testId="c06afe8e-d1e1-03dc-2334-9009f4fd1fd2" executionId="e7e758a7-7dad-48e6-8dca-8e6819387774" testListId="8c84fa94-04c1-424b-9868-57a2d4851a1d" />
    <TestEntry testId="8a4131a7-3361-aba7-9202-12294b7edb1f" executionId="d69f576a-309c-4ceb-ba28-946fb0d2f2e5" testListId="8c84fa94-04c1-424b-9868-57a2d4851a1d" />
    <TestEntry testId="66f2e73b-16c1-e329-e455-f809ed80e00f" executionId="f6c198cc-ed5a-4460-b328-f09383480044" testListId="8c84fa94-04c1-424b-9868-57a2d4851a1d" />
    <TestEntry testId="8beea235-410c-a030-e0f6-1f5783a7e32d" executionId="355a4622-5f02-4ada-bcb4-c13ef19ce892" testListId="8c84fa94-04c1-424b-9868-57a2d4851a1d" />
    <TestEntry testId="3e764147-a4b3-0e89-b212-da650971a4b9" executionId="de99f949-dffa-4341-b9fa-8c8374f504b9" testListId="8c84fa94-04c1-424b-9868-57a2d4851a1d" />
    <TestEntry testId="b423174e-5d2e-6302-6ae6-0de2111d1f3f" executionId="513d1f3f-83c2-4a20-a705-2b77a8a89d2c" testListId="8c84fa94-04c1-424b-9868-57a2d4851a1d" />
    <TestEntry testId="ce021033-b9e0-6375-4630-a4a029e0aeda" executionId="86091f65-5dd3-40e6-8773-a346bb363236" testListId="8c84fa94-04c1-424b-9868-57a2d4851a1d" />
    <TestEntry testId="d8373c79-8c98-597e-2100-948aea61608d" executionId="de1bb6b5-1722-4131-b85c-2e1560c7709f" testListId="8c84fa94-04c1-424b-9868-57a2d4851a1d" />
    <TestEntry testId="d815a166-daeb-c6b4-323d-80059b4b2800" executionId="db8fa948-0d5a-40ea-9585-935850052740" testListId="8c84fa94-04c1-424b-9868-57a2d4851a1d" />
    <TestEntry testId="5b3dcc56-f83c-e649-0762-7fd15d2cb46f" executionId="b6d502d3-36f0-46e7-a31a-88584ba98a7d" testListId="8c84fa94-04c1-424b-9868-57a2d4851a1d" />
    <TestEntry testId="69865308-ed60-1ac9-dcfe-5147854344d9" executionId="a72bf620-2c5a-493f-98f8-7a23ada75ff5" testListId="8c84fa94-04c1-424b-9868-57a2d4851a1d" />
    <TestEntry testId="71671d19-858d-f17c-4100-f03adc7c8b52" executionId="849a98ac-7efb-4289-8863-13ce33151504" testListId="8c84fa94-04c1-424b-9868-57a2d4851a1d" />
    <TestEntry testId="5749f5bb-e9bf-a5b1-6e2e-25a348d95963" executionId="dce016f6-e1c8-4353-a859-5534c7b8a985" testListId="8c84fa94-04c1-424b-9868-57a2d4851a1d" />
    <TestEntry testId="a9e9fc84-5be0-9453-714b-2a3f2d021330" executionId="5df1b6bd-55d6-46d2-acb5-bee40b0c01ba" testListId="8c84fa94-04c1-424b-9868-57a2d4851a1d" />
    <TestEntry testId="5aadc034-290c-68f2-4bcd-c4e53c6fc833" executionId="08d41664-d58f-48c9-b1a6-ca74a0c2298a" testListId="8c84fa94-04c1-424b-9868-57a2d4851a1d" />
    <TestEntry testId="b5e676d2-c256-a97a-6f9f-768785174756" executionId="64434a01-32d0-40ad-be23-188af4a7a9b9" testListId="8c84fa94-04c1-424b-9868-57a2d4851a1d" />
    <TestEntry testId="c9b5c4bb-a31c-cd4f-375c-8e4c09bbb8c3" executionId="df1c0c82-e2e2-4b76-ac2f-c629105d1d27" testListId="8c84fa94-04c1-424b-9868-57a2d4851a1d" />
    <TestEntry testId="e88935b0-526b-ef0a-ffc0-9332e9177d2d" executionId="0df7dc93-e037-4be9-ac78-dc705e7b9ec7" testListId="8c84fa94-04c1-424b-9868-57a2d4851a1d" />
    <TestEntry testId="e649b56c-dfbe-f2db-2726-a18bde0f390f" executionId="626ea927-64c8-422d-a710-bdb4b61c883e" testListId="8c84fa94-04c1-424b-9868-57a2d4851a1d" />
    <TestEntry testId="035ca042-54b9-b59c-c14e-6c8df0f217d3" executionId="94f058cb-7d06-4d89-9d55-7c31405c82f1" testListId="8c84fa94-04c1-424b-9868-57a2d4851a1d" />
    <TestEntry testId="c4de0686-c8fe-4ac9-a5c8-b3c0efc0f5c1" executionId="e8beb894-ba4f-4ac1-bd9e-0e1e71c7f70c" testListId="8c84fa94-04c1-424b-9868-57a2d4851a1d" />
    <TestEntry testId="b2f90dba-ac11-4a46-8d3f-ea21de17eb44" executionId="6c74e345-e2e6-4af8-9202-ccffad28fd38" testListId="8c84fa94-04c1-424b-9868-57a2d4851a1d" />
    <TestEntry testId="95e575c6-716f-41d6-96ad-0dc070b3d528" executionId="83e76aa3-0d53-415f-b0fc-9188b07f45a6" testListId="8c84fa94-04c1-424b-9868-57a2d4851a1d" />
    <TestEntry testId="07c74301-e3c6-494c-880f-41bc9a18300c" executionId="371d69af-de0a-4424-bd6f-b4a76b86c8e3" testListId="8c84fa94-04c1-424b-9868-57a2d4851a1d" />
    <TestEntry testId="3801c0a4-9e71-0dac-f233-9a179945f360" executionId="0c55b39e-f3e8-4a6b-87b8-68f46f29982d" testListId="8c84fa94-04c1-424b-9868-57a2d4851a1d" />
    <TestEntry testId="aec9fe9d-18ee-6474-e1a0-d0fbdecb2ede" executionId="0633b38b-86b7-4fbf-8959-1bb1557198ae" testListId="8c84fa94-04c1-424b-9868-57a2d4851a1d" />
    <TestEntry testId="2264d8af-c0be-444b-9fd0-c49463d9aaf5" executionId="de592a3d-1a34-41c7-aa81-834cb3d31c0a" testListId="8c84fa94-04c1-424b-9868-57a2d4851a1d" />
    <TestEntry testId="e74ad646-4616-4a8a-8406-ceae50a5c0e2" executionId="3fd15dce-b2a0-411b-86c9-1b621ff008ea" testListId="8c84fa94-04c1-424b-9868-57a2d4851a1d" />
    <TestEntry testId="daeed501-2346-4fdb-9a62-270b47facd41" executionId="4663dc4c-d762-43e0-a3c7-bbf3b6ebf3e5" testListId="8c84fa94-04c1-424b-9868-57a2d4851a1d" />
    <TestEntry testId="41043682-1158-4449-a4e9-9b0e31bc4919" executionId="56388a05-1472-43c4-a5c5-1bd6c73f2cd7" testListId="8c84fa94-04c1-424b-9868-57a2d4851a1d" />
    <TestEntry testId="3ab04ed2-ad12-651e-1f0e-d3ef35aadbe0" executionId="4a0c7246-cd56-49e0-8267-48840d85a959" testListId="8c84fa94-04c1-424b-9868-57a2d4851a1d" />
    <TestEntry testId="d7816fea-25db-4eff-86c5-00527002a2aa" executionId="789cdc32-2927-4878-aae1-3f8e75846c00" testListId="8c84fa94-04c1-424b-9868-57a2d4851a1d" />
    <TestEntry testId="6ed38a90-312e-43b3-9a09-83d4dbb8eade" executionId="1572007b-143a-4145-9579-ee2bb84c2d11" testListId="8c84fa94-04c1-424b-9868-57a2d4851a1d" />
    <TestEntry testId="ddd0951b-2ad0-4dc4-9ded-cef973c676cb" executionId="3899e2b2-e2e4-4cb2-af35-66d7357a9b5e" testListId="8c84fa94-04c1-424b-9868-57a2d4851a1d" />
    <TestEntry testId="a0c4de45-f067-48d6-b2a9-947ea51b8c0d" executionId="8f9afc86-abb6-4270-a4da-49cd18dba109" testListId="8c84fa94-04c1-424b-9868-57a2d4851a1d" />
    <TestEntry testId="f998b007-6bac-b04c-0f04-05456248889c" executionId="1a477370-1411-419a-860a-0d04f560e015" testListId="8c84fa94-04c1-424b-9868-57a2d4851a1d" />
    <TestEntry testId="1e6aeb84-a926-f1bc-fc05-21d4204e5dcd" executionId="1edb7eb6-bbb5-4e05-849a-f93526c0b1e9" testListId="8c84fa94-04c1-424b-9868-57a2d4851a1d" />
    <TestEntry testId="926dbb6c-4d1d-47f7-91c3-63b917e81ef0" executionId="561b84d8-d037-4388-9128-720c38a136f7" testListId="8c84fa94-04c1-424b-9868-57a2d4851a1d" />
    <TestEntry testId="e3a8198b-d2cd-481b-a5c6-f9907a8f8360" executionId="0fc5eec5-23d9-407c-9dcf-8ef7c751c784" testListId="8c84fa94-04c1-424b-9868-57a2d4851a1d" />
    <TestEntry testId="b7d45e46-e635-4e6b-b0ce-2976d23ba824" executionId="88368139-c0f7-4331-ad9b-9561bf84202f" testListId="8c84fa94-04c1-424b-9868-57a2d4851a1d" />
    <TestEntry testId="60d0dc01-d368-4b48-aa67-26b25e62914b" executionId="81f2cb2c-2048-4495-872b-3c6d080a964f" testListId="8c84fa94-04c1-424b-9868-57a2d4851a1d" />
    <TestEntry testId="3da63d51-8fdd-6261-edd6-f5d136d744cd" executionId="623cd6cb-1d72-4d98-b577-4869a28b141c" testListId="8c84fa94-04c1-424b-9868-57a2d4851a1d" />
    <TestEntry testId="b777347d-ed09-04b4-5bfa-15a03c91716c" executionId="724d58c0-2562-4358-add6-56c81cffcd35" testListId="8c84fa94-04c1-424b-9868-57a2d4851a1d" />
    <TestEntry testId="bd4882f9-77d8-4633-9297-3dc8fbcb107e" executionId="47568bdd-8cc2-44ea-8cda-82361a6ae9eb" testListId="8c84fa94-04c1-424b-9868-57a2d4851a1d" />
    <TestEntry testId="2747a5ec-badd-4071-8701-a53648011c8b" executionId="24d9893d-23ee-476f-a58a-f46fa6f46c14" testListId="8c84fa94-04c1-424b-9868-57a2d4851a1d" />
    <TestEntry testId="02d976ab-181d-4dc5-ab2c-7f73a5b3866a" executionId="27867a86-57d8-4160-ac2f-d300dc8cd6d3" testListId="8c84fa94-04c1-424b-9868-57a2d4851a1d" />
    <TestEntry testId="cdae1358-f038-4b6c-a033-2d752e26bbe1" executionId="c5997532-0792-4439-8887-03a7ffca44d5" testListId="8c84fa94-04c1-424b-9868-57a2d4851a1d" />
    <TestEntry testId="956d19f8-03b5-074e-098a-439f2e9738e3" executionId="6d9779b8-ed55-45df-82ed-520bbd455746" testListId="8c84fa94-04c1-424b-9868-57a2d4851a1d" />
    <TestEntry testId="6b7b12c6-d62a-4f1d-8cd9-95d7d8849619" executionId="f8ca49a0-e91f-4606-a713-6a8aca6a3418" testListId="8c84fa94-04c1-424b-9868-57a2d4851a1d" />
    <TestEntry testId="8d046a5c-9751-4648-9524-f0cb53e2b2e0" executionId="f01fa309-1dfe-4fb7-8c2f-39183ef4a06b" testListId="8c84fa94-04c1-424b-9868-57a2d4851a1d" />
    <TestEntry testId="ebe7d15f-efa7-4efb-b0c4-641e701bdb4a" executionId="da42263b-edc5-49ff-96fe-9a8e64d4d68c" testListId="8c84fa94-04c1-424b-9868-57a2d4851a1d" />
    <TestEntry testId="aad57bfe-eaaf-4974-8568-e6eccfc79b67" executionId="9aeb0ebc-b819-4953-9df6-5b6069ef1fce" testListId="8c84fa94-04c1-424b-9868-57a2d4851a1d" />
    <TestEntry testId="58eb0162-8eb8-26e6-d4fd-dae284fa38f1" executionId="2f73b528-6a15-47b7-af2c-d4e09e56ca4b" testListId="8c84fa94-04c1-424b-9868-57a2d4851a1d" />
    <TestEntry testId="f9dd56ce-04f2-44de-844a-dc06c31df29a" executionId="1b75fb5e-21f7-4c8f-a285-850bcd238a40" testListId="8c84fa94-04c1-424b-9868-57a2d4851a1d" />
    <TestEntry testId="b894a9cb-73a0-4e55-8247-dbeda47a9f67" executionId="92abea61-55d6-4abb-8461-5ef09883ce00" testListId="8c84fa94-04c1-424b-9868-57a2d4851a1d" />
    <TestEntry testId="21d41f09-3cd6-4859-b6f8-863091e07c12" executionId="2cbbbed8-365e-4478-8945-d9ff7855fcdd" testListId="8c84fa94-04c1-424b-9868-57a2d4851a1d" />
    <TestEntry testId="607b6c91-48b1-4085-ab9b-3cc7ad1f0ce7" executionId="647c6a67-4311-46ac-ab94-41c010189600" testListId="8c84fa94-04c1-424b-9868-57a2d4851a1d" />
    <TestEntry testId="f95eb715-05de-8daa-1ae0-e9d971bc83ad" executionId="198797da-f169-45ec-b6fa-09b10ccf9987" testListId="8c84fa94-04c1-424b-9868-57a2d4851a1d" />
    <TestEntry testId="42ca477e-b7f3-c442-13bf-0045aacfa0b8" executionId="3e0eea41-d56c-40e0-9c77-8c73095c3e33" testListId="8c84fa94-04c1-424b-9868-57a2d4851a1d" />
    <TestEntry testId="ac147d2e-3b79-475d-8162-888f1bb15af6" executionId="11e8f914-7836-4927-8510-dd7373849e56" testListId="8c84fa94-04c1-424b-9868-57a2d4851a1d" />
    <TestEntry testId="26f4cc0a-8508-4a3d-9b2b-3ee35e1c2fc5" executionId="18357292-f55c-4466-842a-1ad54f154c9d" testListId="8c84fa94-04c1-424b-9868-57a2d4851a1d" />
    <TestEntry testId="88e850e3-d8da-4b41-a964-94ea95e04ed3" executionId="64b176b4-1af5-491c-a1ac-7cc25bc43605" testListId="8c84fa94-04c1-424b-9868-57a2d4851a1d" />
    <TestEntry testId="d1f33d5e-af41-4ae2-ace8-1ef38db56d32" executionId="60bd49d4-3b74-4c29-891d-63d518eaacfb" testListId="8c84fa94-04c1-424b-9868-57a2d4851a1d" />
    <TestEntry testId="6fce277c-ec8f-17b9-d591-617b2e8917ba" executionId="e6007657-2b2b-4935-8286-460c445ad831" testListId="8c84fa94-04c1-424b-9868-57a2d4851a1d" />
    <TestEntry testId="3c8ab35a-dd76-8412-97e0-c463b2a2787a" executionId="386ae8fc-20c9-4a57-a2ee-a3c8ec48d33a" testListId="8c84fa94-04c1-424b-9868-57a2d4851a1d" />
    <TestEntry testId="265b5768-09f7-3f9f-e441-76d37e10e29d" executionId="ed9a6cda-6e6b-41aa-88ae-5880cf825c83" testListId="8c84fa94-04c1-424b-9868-57a2d4851a1d" />
    <TestEntry testId="ab99cc8e-8ef5-3539-4c89-c776ad0eb7c5" executionId="da150570-cd3c-4645-a49f-9b207bb53d75" testListId="8c84fa94-04c1-424b-9868-57a2d4851a1d" />
    <TestEntry testId="60f91cf1-44fb-104f-29aa-5d0a25e60d13" executionId="28e91d06-74ec-482d-85ff-80dd67220769" testListId="8c84fa94-04c1-424b-9868-57a2d4851a1d" />
    <TestEntry testId="adb5235f-e4fd-d3e6-263d-04dc812f793b" executionId="c626a1c2-7c3f-4ac6-a7f6-f59d898d1657" testListId="8c84fa94-04c1-424b-9868-57a2d4851a1d" />
    <TestEntry testId="0fed5728-45a5-5c87-9730-e047570c850d" executionId="6013c9ae-cebb-4d95-9a1a-4ae3b1e5b1fa" testListId="8c84fa94-04c1-424b-9868-57a2d4851a1d" />
    <TestEntry testId="22efeb2b-da17-17a2-5a94-9e99403eebaa" executionId="acb8487c-aa31-4565-86d2-c233569504ef" testListId="8c84fa94-04c1-424b-9868-57a2d4851a1d" />
    <TestEntry testId="0d1ec8ee-5216-063c-a461-e820fbcf42f9" executionId="79affaeb-d9d8-4b38-84e0-4cce6adf3088" testListId="8c84fa94-04c1-424b-9868-57a2d4851a1d" />
    <TestEntry testId="72650048-a3a6-5d1a-3759-073d0e341eae" executionId="39a81d95-844c-4a7c-9ff2-5a3b78c152fe" testListId="8c84fa94-04c1-424b-9868-57a2d4851a1d" />
    <TestEntry testId="a8b055f1-c82a-181f-fc4f-819d4d55b196" executionId="ebd6c3d9-3963-43e6-a30b-13da81f72104" testListId="8c84fa94-04c1-424b-9868-57a2d4851a1d" />
    <TestEntry testId="65fa91f2-53a1-8fc3-fc6c-d7f87f1b70c4" executionId="ec8c0d60-669e-41a8-ae88-f660a202a881" testListId="8c84fa94-04c1-424b-9868-57a2d4851a1d" />
    <TestEntry testId="d5dbd3bd-9dd2-6a02-9ac2-bb126dc3e0b8" executionId="975366df-3741-4534-892e-0aee4399b559" testListId="8c84fa94-04c1-424b-9868-57a2d4851a1d" />
    <TestEntry testId="9f47cffd-5494-1013-5833-e9d8fb4b4bf2" executionId="415b4060-f7e6-47b9-8c0c-877d2885ef09" testListId="8c84fa94-04c1-424b-9868-57a2d4851a1d" />
    <TestEntry testId="41a02ae5-ee70-7371-d46a-bc96fdd67309" executionId="e24196d1-a860-4c06-9fff-d2cc33d7850f" testListId="8c84fa94-04c1-424b-9868-57a2d4851a1d" />
    <TestEntry testId="59109512-f366-2e33-1a88-445dc656d112" executionId="402c61bf-e2b7-4596-b8c1-5df1c1d7cf41" testListId="8c84fa94-04c1-424b-9868-57a2d4851a1d" />
    <TestEntry testId="133a6aae-2661-89a0-4266-170207c1b614" executionId="14703b86-ed4b-4c41-aae0-60ec07ee28e4" testListId="8c84fa94-04c1-424b-9868-57a2d4851a1d" />
    <TestEntry testId="3d3ad12d-e3ab-5b93-9a8d-142edae0ca10" executionId="3b9eacf7-8cdf-4b82-91ed-534c23435fbf" testListId="8c84fa94-04c1-424b-9868-57a2d4851a1d" />
    <TestEntry testId="0f69bc98-4cbf-4728-3d25-45ff3fe72a27" executionId="ee05453b-dc41-42a7-bcea-a891e18eb778" testListId="8c84fa94-04c1-424b-9868-57a2d4851a1d" />
    <TestEntry testId="6b1f3760-5518-77f7-188e-321d83ccec1c" executionId="d9edc2b2-6032-4691-8f84-52b1e5f58dee" testListId="8c84fa94-04c1-424b-9868-57a2d4851a1d" />
    <TestEntry testId="69fff350-b1b2-f9fd-2adf-8fbc2f672df0" executionId="1da2c127-b8fd-4829-8a45-a7086088d157" testListId="8c84fa94-04c1-424b-9868-57a2d4851a1d" />
    <TestEntry testId="be33554c-1496-10e8-a9a6-5af0556c3552" executionId="e05a4849-54fc-46c2-a9a0-23ae418d78f4" testListId="8c84fa94-04c1-424b-9868-57a2d4851a1d" />
    <TestEntry testId="3a5d3939-9542-9532-88b1-96e85b090987" executionId="ea51f25a-fb47-4578-bbaf-39a522e38237" testListId="8c84fa94-04c1-424b-9868-57a2d4851a1d" />
    <TestEntry testId="e693058f-b0a7-6a9d-1250-7fe36498e172" executionId="80e4ee67-9a4e-4503-89e6-8db795e4fa68" testListId="8c84fa94-04c1-424b-9868-57a2d4851a1d" />
    <TestEntry testId="21970f1b-2d74-834f-ebf7-c28f9f9d5414" executionId="ef0a269d-25ec-43fb-a109-7fdbbf81cc53" testListId="8c84fa94-04c1-424b-9868-57a2d4851a1d" />
    <TestEntry testId="791a5036-3605-1568-0cd8-48fcb6358c9b" executionId="0634c7ee-594d-45a1-b777-9233610678b7" testListId="8c84fa94-04c1-424b-9868-57a2d4851a1d" />
    <TestEntry testId="41da33cb-a95e-142c-1ae6-a375421b2e40" executionId="07b315dc-6b5c-41aa-828e-70a7902be68e" testListId="8c84fa94-04c1-424b-9868-57a2d4851a1d" />
    <TestEntry testId="8ec540fa-b958-0154-bed7-9df908334370" executionId="ae215778-073f-42e2-9236-2b731ee1667c" testListId="8c84fa94-04c1-424b-9868-57a2d4851a1d" />
    <TestEntry testId="56702786-e21d-8874-84e3-00754ba92cad" executionId="c7d4c221-2827-4f4c-b9dd-7b516c7010fc" testListId="8c84fa94-04c1-424b-9868-57a2d4851a1d" />
    <TestEntry testId="bf0fc25a-1263-c712-a48b-323d0d2c4815" executionId="8b6a447d-5af8-4518-bde0-41bc41ea08d1" testListId="8c84fa94-04c1-424b-9868-57a2d4851a1d" />
    <TestEntry testId="238d0aeb-4d14-fe00-a392-6a277db7bd9e" executionId="e5206577-5fe3-4d24-a0b2-cb7727730841" testListId="8c84fa94-04c1-424b-9868-57a2d4851a1d" />
    <TestEntry testId="b2201eae-5444-1029-787f-e6f2178fd049" executionId="4bc10de9-a858-4dfb-ae4d-4409dd2fe93f" testListId="8c84fa94-04c1-424b-9868-57a2d4851a1d" />
    <TestEntry testId="8f361dbd-4e08-912d-3918-1bbb44acf5f5" executionId="68b0032c-5620-47c0-81b0-107ba3426052" testListId="8c84fa94-04c1-424b-9868-57a2d4851a1d" />
    <TestEntry testId="cd00d2e0-3d0a-7b21-412b-59b75293405f" executionId="55494da2-c191-4f5a-9700-e53f605730f8" testListId="8c84fa94-04c1-424b-9868-57a2d4851a1d" />
    <TestEntry testId="a882b0b1-f614-3503-4e0c-250c0445546a" executionId="808eb7d8-e11a-44c6-b551-7f1116daddf0" testListId="8c84fa94-04c1-424b-9868-57a2d4851a1d" />
    <TestEntry testId="cf71248d-9797-ce49-c3a7-600f71590648" executionId="829f86b6-2640-4b46-9e03-5a551d25a808" testListId="8c84fa94-04c1-424b-9868-57a2d4851a1d" />
    <TestEntry testId="94483fa2-f72c-4f22-b18c-94ae63ee0647" executionId="c756847e-2c85-4619-a7ef-2c78b30bbf19" testListId="8c84fa94-04c1-424b-9868-57a2d4851a1d" />
    <TestEntry testId="ae66f07f-ba38-40f0-aaac-262b3ef4423e" executionId="cc310f86-c4af-41ca-85c2-7e966d8e7313" testListId="8c84fa94-04c1-424b-9868-57a2d4851a1d" />
    <TestEntry testId="ec1890e1-aa27-41fa-96ad-adf9a0b50be9" executionId="a9ba524e-47f1-45e0-ad6c-f33cffbe4607" testListId="8c84fa94-04c1-424b-9868-57a2d4851a1d" />
    <TestEntry testId="f141d56d-5a59-fb09-8936-c2759f9380c2" executionId="382ece38-69cc-47b1-b68f-65313cdc4232" testListId="8c84fa94-04c1-424b-9868-57a2d4851a1d" />
    <TestEntry testId="1005c915-46c9-fcbe-bf34-728b5bfe872f" executionId="d6efb7cc-7b52-4d74-b061-2d87d2fcefc0" testListId="8c84fa94-04c1-424b-9868-57a2d4851a1d" />
    <TestEntry testId="7b889457-df65-47f4-8174-d74de23f8ff0" executionId="be5cf356-2440-4407-89c2-51bf82fd1f4d" testListId="8c84fa94-04c1-424b-9868-57a2d4851a1d" />
    <TestEntry testId="f083c3e4-7339-41ba-a36e-4639c0da9892" executionId="dd0436d6-04d7-41a2-a5e9-88d9e24ce1e3" testListId="8c84fa94-04c1-424b-9868-57a2d4851a1d" />
    <TestEntry testId="37663491-c786-463f-be21-6f7f98fa6739" executionId="eb71e640-b2fb-4244-986b-69006039679a" testListId="8c84fa94-04c1-424b-9868-57a2d4851a1d" />
    <TestEntry testId="8d87fc05-4628-5eec-6c08-1588fad44249" executionId="f4fde5e6-f100-47f5-a1b9-4914b0691a90" testListId="8c84fa94-04c1-424b-9868-57a2d4851a1d" />
    <TestEntry testId="1608f67a-7e63-7914-ede3-ceda29398619" executionId="a9ee92d2-eb53-4b3c-a78b-52d6d4e67e05" testListId="8c84fa94-04c1-424b-9868-57a2d4851a1d" />
    <TestEntry testId="97ec3444-10b5-42aa-b605-3de5e8d63391" executionId="7be4332e-aebb-4415-89d9-4346635a6d43" testListId="8c84fa94-04c1-424b-9868-57a2d4851a1d" />
    <TestEntry testId="2de42eea-dd4f-47bf-9bfb-5cbce0699ae2" executionId="4bb34001-da8b-4c23-9d0c-408112165072" testListId="8c84fa94-04c1-424b-9868-57a2d4851a1d" />
    <TestEntry testId="c52d206a-8ca5-47df-8073-f18bae2cdd3f" executionId="c09f4f52-e7fb-4586-8b2a-357ac5a58b1c" testListId="8c84fa94-04c1-424b-9868-57a2d4851a1d" />
    <TestEntry testId="034d023c-b31b-0843-fe41-2dff55cda0e5" executionId="5f2a8a3d-8842-43db-a385-b3a396eeebe8" testListId="8c84fa94-04c1-424b-9868-57a2d4851a1d" />
    <TestEntry testId="cb926fbc-5d52-04cf-d9ab-53fbc10fe9da" executionId="c8ad4202-dca1-4d34-b63b-634bbf69e67f" testListId="8c84fa94-04c1-424b-9868-57a2d4851a1d" />
    <TestEntry testId="ee97be81-60e5-4029-b108-bd1681af485f" executionId="58452d36-1c0e-46ed-9e72-5dc9fd9cf8bd" testListId="8c84fa94-04c1-424b-9868-57a2d4851a1d" />
    <TestEntry testId="82828e4b-1d7b-4896-bbd7-6cde57a25b85" executionId="e776de9e-e843-4989-9b06-da07e0f5d444" testListId="8c84fa94-04c1-424b-9868-57a2d4851a1d" />
    <TestEntry testId="8aa44f2e-1676-49c7-8505-39da1b0ae9a8" executionId="059be0a7-be28-4427-9f08-0c1d72134292" testListId="8c84fa94-04c1-424b-9868-57a2d4851a1d" />
    <TestEntry testId="76280909-97a3-c673-15d7-f6ad43090bb5" executionId="c24e0f14-902d-4e0e-8ee1-254431fb9119" testListId="8c84fa94-04c1-424b-9868-57a2d4851a1d" />
    <TestEntry testId="83b2dd3b-0baa-4905-ab2f-edf60f9fb59a" executionId="77cd84fd-e133-4de9-bfa8-81e9fa310afe" testListId="8c84fa94-04c1-424b-9868-57a2d4851a1d" />
    <TestEntry testId="a9a1713a-3903-4a2c-b137-083071f7302c" executionId="1a74b2f7-bb45-4320-88b5-f2ee12d64caf" testListId="8c84fa94-04c1-424b-9868-57a2d4851a1d" />
    <TestEntry testId="37868ba6-23a3-4db8-9954-3f5de7ab368b" executionId="a437a3c0-16b4-49d0-968c-c8883830c7cf" testListId="8c84fa94-04c1-424b-9868-57a2d4851a1d" />
    <TestEntry testId="cba514fd-1418-e0b6-3780-faa3997b8432" executionId="94ea77c0-c78d-40c1-ba61-45531b985528" testListId="8c84fa94-04c1-424b-9868-57a2d4851a1d" />
    <TestEntry testId="d4d2bcb3-ef90-8dcd-824d-e9e757c4b401" executionId="2dabf945-71ad-4402-a7c2-e101a64def51" testListId="8c84fa94-04c1-424b-9868-57a2d4851a1d" />
    <TestEntry testId="41c01cb7-f837-dcc9-5b0f-2b7cc4fd6d9f" executionId="ab8037e7-55c6-4961-afc9-f898a6e8fd6f" testListId="8c84fa94-04c1-424b-9868-57a2d4851a1d" />
    <TestEntry testId="6e7d75e7-565b-ab05-c5cf-712530c1d7c4" executionId="6aaf53e6-8bf7-49d3-9aca-5135d7a9616c" testListId="8c84fa94-04c1-424b-9868-57a2d4851a1d" />
    <TestEntry testId="8d1d2239-66fb-45f5-8662-efbef653ec1f" executionId="8e51f06f-068a-4cf3-908b-cdb112869742" testListId="8c84fa94-04c1-424b-9868-57a2d4851a1d" />
    <TestEntry testId="4dc7619a-9321-42c1-8407-07cff1161281" executionId="6b9bf3fe-1665-4741-a508-87ea2df813a8" testListId="8c84fa94-04c1-424b-9868-57a2d4851a1d" />
    <TestEntry testId="88d6c79b-f6f0-4caa-b15b-5feaf9f7653e" executionId="e19440d8-520c-4dac-865b-7af5859af5cb" testListId="8c84fa94-04c1-424b-9868-57a2d4851a1d" />
    <TestEntry testId="f1772436-8b79-e9b6-21f4-0306f6c666b4" executionId="2726ba7f-bd8a-4b8e-84bf-e0cd088cec38" testListId="8c84fa94-04c1-424b-9868-57a2d4851a1d" />
    <TestEntry testId="e1edc985-db2e-47c5-4f63-fab612c0091f" executionId="2ebc8eae-bd15-45f5-ad44-76919e8727b9" testListId="8c84fa94-04c1-424b-9868-57a2d4851a1d" />
    <TestEntry testId="3061ba67-8800-4246-b336-dbd0ddf89a7b" executionId="03bc7c6e-f699-4afe-a70d-721f2ec900f5" testListId="8c84fa94-04c1-424b-9868-57a2d4851a1d" />
    <TestEntry testId="4366533a-99d3-4c1f-b150-cd6e9bc848ab" executionId="d207058e-ec83-4621-abc4-582348edcddb" testListId="8c84fa94-04c1-424b-9868-57a2d4851a1d" />
    <TestEntry testId="62b64d50-c7a7-4c5c-ac9f-0152c7c5c9ae" executionId="69a32653-78d9-4305-8102-7b3e5ce6c7ab" testListId="8c84fa94-04c1-424b-9868-57a2d4851a1d" />
    <TestEntry testId="f0d8bca8-cdf0-279c-279b-4548d60898ea" executionId="c2cff6c2-6524-4131-9710-79bf8f1bdbb7" testListId="8c84fa94-04c1-424b-9868-57a2d4851a1d" />
    <TestEntry testId="34864f5b-303b-6d6c-eaf0-a59c24425f9d" executionId="35bbc8ea-d49d-426c-88b5-b1d6fd49a4ed" testListId="8c84fa94-04c1-424b-9868-57a2d4851a1d" />
    <TestEntry testId="675c0948-b4f2-a827-d3c9-87d2ccdd035b" executionId="5b3bd53f-748b-47e8-9c7b-e512a55fe58b" testListId="8c84fa94-04c1-424b-9868-57a2d4851a1d" />
    <TestEntry testId="e97350a0-a3ab-c6b6-a2ea-3fa7f3548cb0" executionId="234bbe21-6d31-43c0-a529-1cf8108dac26" testListId="8c84fa94-04c1-424b-9868-57a2d4851a1d" />
    <TestEntry testId="61b9d8cc-d8d9-cd52-91fd-0dbcf539a06a" executionId="559942c2-ad93-4dd3-8c39-f54df9e6c208" testListId="8c84fa94-04c1-424b-9868-57a2d4851a1d" />
    <TestEntry testId="b30e3616-fa16-87c3-016e-9b3c262c6cda" executionId="60958e3b-e9bf-40c3-a5c8-cc86f3e7d3af" testListId="8c84fa94-04c1-424b-9868-57a2d4851a1d" />
    <TestEntry testId="c219e793-100b-ea94-8723-678e7a77716c" executionId="7f42504f-fce1-48ef-959e-0ad93bd93b8c" testListId="8c84fa94-04c1-424b-9868-57a2d4851a1d" />
    <TestEntry testId="99d401fa-0f3b-4aec-3c8b-dbe7f115c063" executionId="dc988949-2114-40ba-9ff9-810f908a5993" testListId="8c84fa94-04c1-424b-9868-57a2d4851a1d" />
    <TestEntry testId="156f337c-2b97-01a3-a62d-a40937435e97" executionId="ba0b3086-714c-451f-9674-963efbcb4255" testListId="8c84fa94-04c1-424b-9868-57a2d4851a1d" />
    <TestEntry testId="81d66c51-ab1a-3b4b-7916-8fe74d9605b0" executionId="0a803b52-1696-4894-8470-8311484c4ac6" testListId="8c84fa94-04c1-424b-9868-57a2d4851a1d" />
    <TestEntry testId="2801c0cb-c707-14d8-5cae-8d70a2104aa0" executionId="3647b42c-505d-4b09-8f96-af5f6a81ebf6" testListId="8c84fa94-04c1-424b-9868-57a2d4851a1d" />
    <TestEntry testId="bc70d10e-16a1-8317-e29a-d63fec3a2457" executionId="d66426ea-d40d-4d3a-9448-16524829701c" testListId="8c84fa94-04c1-424b-9868-57a2d4851a1d" />
    <TestEntry testId="2c723a85-c87a-9b10-5904-b8e76505e89f" executionId="087988fa-022f-44da-acdf-d75697295216" testListId="8c84fa94-04c1-424b-9868-57a2d4851a1d" />
    <TestEntry testId="3e8fbf27-6796-b5ac-9bcc-2ed097ed4515" executionId="35232794-34f1-4080-a4cf-508c4ce5f812" testListId="8c84fa94-04c1-424b-9868-57a2d4851a1d" />
    <TestEntry testId="5fd18070-726f-428d-dcf7-d70ea24b9a1f" executionId="617a28a7-3cf1-42a9-a87b-e75ee0a0c1b7" testListId="8c84fa94-04c1-424b-9868-57a2d4851a1d" />
    <TestEntry testId="f49ad609-3374-fd89-70ff-0b82ca435017" executionId="6a7bd5b4-f778-4d39-ab0c-d0e16af5668b" testListId="8c84fa94-04c1-424b-9868-57a2d4851a1d" />
    <TestEntry testId="184cad12-2dfc-f879-e4ba-28b0d07f9046" executionId="c5daf3a8-1031-4402-aa75-78d9cd0ebb71" testListId="8c84fa94-04c1-424b-9868-57a2d4851a1d" />
    <TestEntry testId="8d28573a-8d7f-d76d-bfa2-0c07b6c2693a" executionId="ea2ca522-4959-41d6-8fdb-4aa36b5a828d" testListId="8c84fa94-04c1-424b-9868-57a2d4851a1d" />
    <TestEntry testId="c68aa1fb-cfbe-92b4-9305-65a0b25220d1" executionId="4d4a57c6-ab09-4653-a3e7-081d239dcc1e" testListId="8c84fa94-04c1-424b-9868-57a2d4851a1d" />
    <TestEntry testId="6e0e21fb-78ab-7943-7a82-2eb40dfd9830" executionId="0e9c63be-576f-40d5-8618-f3b239c05f68" testListId="8c84fa94-04c1-424b-9868-57a2d4851a1d" />
    <TestEntry testId="90548cf1-a27b-8db5-41f6-af6ca47117a3" executionId="ddcc625b-9e2e-4ad0-8f71-b946667d9d98" testListId="8c84fa94-04c1-424b-9868-57a2d4851a1d" />
    <TestEntry testId="943afe91-9052-e806-3fbd-2ebe3f8abafa" executionId="b006dbaf-866a-4d64-8458-ef1506128c01" testListId="8c84fa94-04c1-424b-9868-57a2d4851a1d" />
    <TestEntry testId="d81ee7e7-f7eb-1c1c-b56d-a5ca4ebbd873" executionId="337ecbd8-ad65-4d48-ab4e-6b7c63fd8a43" testListId="8c84fa94-04c1-424b-9868-57a2d4851a1d" />
    <TestEntry testId="4b99dd7c-99fc-4165-81b6-a88102655669" executionId="5087aa92-151e-44cf-9778-00d8e709f7cf" testListId="8c84fa94-04c1-424b-9868-57a2d4851a1d" />
    <TestEntry testId="acb55342-efaf-43d5-ab02-10ce852a814f" executionId="ec1c23a3-55eb-4726-aa65-ffe8dbe7b47c" testListId="8c84fa94-04c1-424b-9868-57a2d4851a1d" />
    <TestEntry testId="4fe95a23-a621-4029-9b22-4cdab0d0d58d" executionId="b0dc4d93-f1bf-4db4-964a-b050c4c66525" testListId="8c84fa94-04c1-424b-9868-57a2d4851a1d" />
    <TestEntry testId="0ea3af9a-827f-312d-73e1-39c09c533c6d" executionId="785b2e45-8cc3-4739-97b6-db60f84f951d" testListId="8c84fa94-04c1-424b-9868-57a2d4851a1d" />
    <TestEntry testId="9ece289a-c0dc-4fcd-890b-aac35268294c" executionId="6ec705cb-7315-4606-a180-f774cc43706c" testListId="8c84fa94-04c1-424b-9868-57a2d4851a1d" />
    <TestEntry testId="80494c45-acb3-706e-ff5e-d61198697bea" executionId="8f02cd46-86c0-49a2-96c6-010a2df57821" testListId="8c84fa94-04c1-424b-9868-57a2d4851a1d" />
    <TestEntry testId="409e3400-54c0-d5d1-9f85-284945637b15" executionId="272fc3d3-b8e1-4725-834b-0fda7bbcfab6" testListId="8c84fa94-04c1-424b-9868-57a2d4851a1d" />
    <TestEntry testId="2ea8aad5-d67c-b28f-f933-01b3ebc561af" executionId="e8194b41-a168-4126-8647-037869421f6c" testListId="8c84fa94-04c1-424b-9868-57a2d4851a1d" />
    <TestEntry testId="9b418e43-6bca-9562-6f6a-5955dc946d18" executionId="f6f17a62-019e-4286-950b-b8f18f69a2cb" testListId="8c84fa94-04c1-424b-9868-57a2d4851a1d" />
    <TestEntry testId="4d4782a3-44a2-9494-eafe-daa767494a1b" executionId="2cd9682a-c9c8-4f84-a959-6b4615d1f773" testListId="8c84fa94-04c1-424b-9868-57a2d4851a1d" />
    <TestEntry testId="a6c183bb-d52a-b804-f686-e17d30320a0c" executionId="c5b969b3-0f1a-4fda-91d9-097a00865c3a" testListId="8c84fa94-04c1-424b-9868-57a2d4851a1d" />
    <TestEntry testId="d87b727a-598a-63bc-d0e2-85f8825b8a00" executionId="e4a9ec20-e3de-4e6e-a060-1f12c0391da2" testListId="8c84fa94-04c1-424b-9868-57a2d4851a1d" />
    <TestEntry testId="fae4bc3f-feeb-80dc-84f6-10c88658a71b" executionId="b9fc4388-cea6-449f-88e9-079ab299a11a" testListId="8c84fa94-04c1-424b-9868-57a2d4851a1d" />
    <TestEntry testId="41036884-e112-5dec-06b3-990667a2ca17" executionId="fb6b260f-41ad-42e9-9d70-952deacc5a09" testListId="8c84fa94-04c1-424b-9868-57a2d4851a1d" />
    <TestEntry testId="e1ca09ef-1548-9e13-4d2c-f1ed8eb38e72" executionId="f5f41391-ecd5-4b17-84db-7ca9e5404f28" testListId="8c84fa94-04c1-424b-9868-57a2d4851a1d" />
    <TestEntry testId="e377c667-c4e1-60f4-6e36-44d34133461e" executionId="6ebba864-b689-42c8-bacb-c212c1ca6c63" testListId="8c84fa94-04c1-424b-9868-57a2d4851a1d" />
    <TestEntry testId="4c30032d-51df-69d4-26eb-10f741d1986b" executionId="ef291ad7-d685-48f9-a548-1544f25c5239" testListId="8c84fa94-04c1-424b-9868-57a2d4851a1d" />
    <TestEntry testId="b23abe4a-2108-b714-80e3-12c5c9d24469" executionId="9befd368-bda2-4a79-b392-50e56029e879" testListId="8c84fa94-04c1-424b-9868-57a2d4851a1d" />
    <TestEntry testId="ec6d5db0-3829-08ca-162a-32d5846bcc18" executionId="f8aff347-55d3-42a1-a216-1b9f8aa9009a" testListId="8c84fa94-04c1-424b-9868-57a2d4851a1d" />
    <TestEntry testId="0af610c1-25e8-4d45-b698-e9ee1cede74a" executionId="7859fbb5-dda9-49b8-bfea-064e1a1b0454" testListId="8c84fa94-04c1-424b-9868-57a2d4851a1d" />
    <TestEntry testId="ba4db4aa-669d-f2eb-118a-1f101f683f8b" executionId="5bab1f4c-619c-4c98-b520-7a94f41d4666" testListId="8c84fa94-04c1-424b-9868-57a2d4851a1d" />
    <TestEntry testId="eb58642c-4da6-8761-6ce9-1ff81ee2e819" executionId="61b72c80-581c-4f74-bbf5-f08f7a23a759" testListId="8c84fa94-04c1-424b-9868-57a2d4851a1d" />
    <TestEntry testId="e8b04ae2-e9d3-841a-97cc-cae50043ad53" executionId="07c07f54-2ec0-4d95-b66e-d38f59484398" testListId="8c84fa94-04c1-424b-9868-57a2d4851a1d" />
    <TestEntry testId="7e6dcb78-4728-bf71-7ea7-3a480a71ce2f" executionId="8b5e7123-25e5-4f3e-848e-973e7e2db533" testListId="8c84fa94-04c1-424b-9868-57a2d4851a1d" />
    <TestEntry testId="0742ad3b-5a60-47fc-9b2a-129df9d318f8" executionId="b2cecfe0-522a-40f7-9ffd-938c7b2e4475" testListId="8c84fa94-04c1-424b-9868-57a2d4851a1d" />
    <TestEntry testId="907caf3a-5ba5-461b-ad5e-76c08d1942d9" executionId="d3da85a8-91c8-489e-a1bd-d34d2d30c208" testListId="8c84fa94-04c1-424b-9868-57a2d4851a1d" />
    <TestEntry testId="920bcaf0-3ccf-40a5-b65e-18ddbeaaa687" executionId="ce94829b-0ec4-4a1c-81b2-fa94c22751e2" testListId="8c84fa94-04c1-424b-9868-57a2d4851a1d" />
    <TestEntry testId="251f670d-56b3-4889-8a77-9cb60281dc92" executionId="df7ce98f-30a1-4ddc-952a-afc124dfe21e" testListId="8c84fa94-04c1-424b-9868-57a2d4851a1d" />
    <TestEntry testId="d85f241e-92db-4940-8ac5-7d91498c6c97" executionId="5fbbd2b2-7df7-4792-b100-43ae51097a0e" testListId="8c84fa94-04c1-424b-9868-57a2d4851a1d" />
    <TestEntry testId="fc8673f5-d4fd-1acb-3fff-7a74d3aebe7a" executionId="c0a8b4fc-e3f1-4fa5-8659-a67dfebc3026" testListId="8c84fa94-04c1-424b-9868-57a2d4851a1d" />
    <TestEntry testId="36a697a8-498f-69bd-dcdb-6bf71f6a0780" executionId="49717869-8e7f-4957-a7a3-ad87303062bb" testListId="8c84fa94-04c1-424b-9868-57a2d4851a1d" />
    <TestEntry testId="e4d05191-4d22-44d8-9b62-56b81640e6b7" executionId="c9619497-96af-4227-909a-ecb615e76b82" testListId="8c84fa94-04c1-424b-9868-57a2d4851a1d" />
    <TestEntry testId="5a110702-899b-4352-a7c7-f01fdea96b7e" executionId="091401b1-ee54-4bd2-a3b0-628e9811709e" testListId="8c84fa94-04c1-424b-9868-57a2d4851a1d" />
    <TestEntry testId="0e04b907-67bf-40e8-9f45-1a30d02a5d52" executionId="ead43c87-b290-4718-8448-656aecc4e3f9" testListId="8c84fa94-04c1-424b-9868-57a2d4851a1d" />
    <TestEntry testId="71ff787b-49b8-4674-a42a-b34936811514" executionId="6aa056d5-04b1-47bc-9f46-4bd225b850d9" testListId="8c84fa94-04c1-424b-9868-57a2d4851a1d" />
    <TestEntry testId="0b329063-ea98-488a-b786-b8752a404166" executionId="e20e4e42-d7e9-4e1d-bf90-ed2625e3c9ec" testListId="8c84fa94-04c1-424b-9868-57a2d4851a1d" />
    <TestEntry testId="1285f814-372a-5f56-a1ba-f90df4d404e3" executionId="77fc8c1c-7deb-4d92-a6f6-e629cf36ebae" testListId="8c84fa94-04c1-424b-9868-57a2d4851a1d" />
    <TestEntry testId="8d27cf52-4586-13cd-8544-406ca2a072f3" executionId="159edb6b-e48c-443d-8524-ce911eb50809" testListId="8c84fa94-04c1-424b-9868-57a2d4851a1d" />
    <TestEntry testId="c9a8b2ef-ae43-43fc-8b9b-703d06e1844a" executionId="5b078344-9e25-49b4-bf45-afa924ebf117" testListId="8c84fa94-04c1-424b-9868-57a2d4851a1d" />
    <TestEntry testId="2a52b1f4-8ba2-4afe-a89d-a340560a166b" executionId="2b211d9e-340a-4420-af76-139f7dcf8882" testListId="8c84fa94-04c1-424b-9868-57a2d4851a1d" />
    <TestEntry testId="90636fca-6f84-413e-a958-6817fb44b750" executionId="8547c956-5d69-47d1-a8e5-d11f89ef324a" testListId="8c84fa94-04c1-424b-9868-57a2d4851a1d" />
    <TestEntry testId="e343a2f2-419f-473f-b894-4ee0f5d31b6e" executionId="59b94efb-2276-4d7c-998b-550f3b9bd832" testListId="8c84fa94-04c1-424b-9868-57a2d4851a1d" />
    <TestEntry testId="c946c112-7206-430e-ab5f-dc9ec722518e" executionId="d0e57d65-4995-43cb-ab18-3e20f28ae810" testListId="8c84fa94-04c1-424b-9868-57a2d4851a1d" />
    <TestEntry testId="0690ee4d-9bd2-992f-157c-a840e8d1c513" executionId="a289a2a0-01e9-48e9-b8f9-2d00b821dc6d" testListId="8c84fa94-04c1-424b-9868-57a2d4851a1d" />
    <TestEntry testId="a4813a39-5cc5-5c24-5571-4ecfa03b83ee" executionId="f016ce97-f84a-452f-90d6-97cc5dedcd18" testListId="8c84fa94-04c1-424b-9868-57a2d4851a1d" />
    <TestEntry testId="c3ef1c5f-b44f-4139-a03b-4c46d04273ec" executionId="9b4fe17e-44b2-47a6-b841-b008a396f4fb" testListId="8c84fa94-04c1-424b-9868-57a2d4851a1d" />
    <TestEntry testId="8224e559-0e17-4a86-8cbc-cee0d4aff191" executionId="92962340-3013-44d4-a518-e93799f8a825" testListId="8c84fa94-04c1-424b-9868-57a2d4851a1d" />
    <TestEntry testId="83f455b4-c43c-4a47-ade3-1912f041764d" executionId="918e0fb9-d1d7-417e-88f9-711c7224e179" testListId="8c84fa94-04c1-424b-9868-57a2d4851a1d" />
    <TestEntry testId="d0bf4ffd-d82f-4f65-90d7-153f4d4b2a4c" executionId="7614938e-eed8-43cf-a042-6743306b833a" testListId="8c84fa94-04c1-424b-9868-57a2d4851a1d" />
    <TestEntry testId="e579cfc4-26fa-4065-adc5-7bfac4743138" executionId="95149d5b-e938-4593-b25f-15acc3b016d5" testListId="8c84fa94-04c1-424b-9868-57a2d4851a1d" />
    <TestEntry testId="dc1078cd-a682-089a-257f-59233f78890b" executionId="14911b1e-78c0-4fc6-bb3e-9933212d11fc" testListId="8c84fa94-04c1-424b-9868-57a2d4851a1d" />
    <TestEntry testId="33a47bf2-5e62-46a9-992f-6a3eb65f2db9" executionId="74c69081-d246-49d7-9f1c-22a6d4a68e2b" testListId="8c84fa94-04c1-424b-9868-57a2d4851a1d" />
    <TestEntry testId="3a5dba6b-c058-48ab-b62a-b76172a83fef" executionId="60597389-afa1-46f5-8297-c396c11ac02e" testListId="8c84fa94-04c1-424b-9868-57a2d4851a1d" />
    <TestEntry testId="0d0434c7-6053-4dd0-8d30-5ac74f90e633" executionId="547491a3-d47e-4446-abac-eb87f91e29d2" testListId="8c84fa94-04c1-424b-9868-57a2d4851a1d" />
    <TestEntry testId="278377cd-9cfe-4b53-9441-a0764c218457" executionId="2293f974-e2a9-4968-a8f7-efad31f44971" testListId="8c84fa94-04c1-424b-9868-57a2d4851a1d" />
    <TestEntry testId="e064dccb-664b-46ec-8fb3-79e9c8300b9a" executionId="a8ca61b9-eb68-4bb7-9fa1-db8d247e340c" testListId="8c84fa94-04c1-424b-9868-57a2d4851a1d" />
    <TestEntry testId="b2004a48-36bb-c7db-8c7c-d1688f7ff250" executionId="251fd51a-c7f3-47be-a167-3c4656780f2d" testListId="8c84fa94-04c1-424b-9868-57a2d4851a1d" />
    <TestEntry testId="a822c3b4-e723-3257-4ba0-2cf2cf8cc1a3" executionId="b1852bfe-70b8-49c8-91ed-6d5f97c4230d" testListId="8c84fa94-04c1-424b-9868-57a2d4851a1d" />
    <TestEntry testId="e9d886b3-8e13-87ea-596a-8992bfc52399" executionId="4ef41099-61cf-4ba4-afcd-4e6741b0272f" testListId="8c84fa94-04c1-424b-9868-57a2d4851a1d" />
    <TestEntry testId="56ce0aa4-bf69-b266-269a-c70ddb330a96" executionId="7bafd07a-58fb-4d0b-b836-81df472564b2" testListId="8c84fa94-04c1-424b-9868-57a2d4851a1d" />
    <TestEntry testId="ad113cf7-0255-adc9-429c-c6398e88af38" executionId="7ddecf95-7d33-4247-ac98-f8e43068a589" testListId="8c84fa94-04c1-424b-9868-57a2d4851a1d" />
    <TestEntry testId="04294f90-9fb3-0d5a-ca9c-b7598602b936" executionId="d119af35-cf93-4b92-ab13-afc56501ea93" testListId="8c84fa94-04c1-424b-9868-57a2d4851a1d" />
    <TestEntry testId="e8b29d75-4d24-1782-d222-3336fe274dd7" executionId="10c9d816-1515-4c90-b8ec-3211de041d61" testListId="8c84fa94-04c1-424b-9868-57a2d4851a1d" />
    <TestEntry testId="f2af23cf-3f15-737a-4858-76afbe88670e" executionId="a6ccff8d-d65b-4e35-9733-eef2a92f2ce1" testListId="8c84fa94-04c1-424b-9868-57a2d4851a1d" />
    <TestEntry testId="778e4ac2-6232-6dbe-5c7c-1a0793d42a5e" executionId="8a3cca25-6701-46a7-b8a8-4dcd88d10b13" testListId="8c84fa94-04c1-424b-9868-57a2d4851a1d" />
    <TestEntry testId="e502e747-ccd2-408e-13da-f6d61b0c4789" executionId="2eed0fbe-d44e-4636-98d5-4783c0a7607b" testListId="8c84fa94-04c1-424b-9868-57a2d4851a1d" />
    <TestEntry testId="3d33c7a8-58cd-aa1e-dc6a-1b43157b9b7f" executionId="afcf6a57-eec2-4c66-982b-25602d81ca33" testListId="8c84fa94-04c1-424b-9868-57a2d4851a1d" />
    <TestEntry testId="4d0a1d3e-69d5-a504-68e2-9974d1e2551b" executionId="2387d889-c3d1-4b2a-a92e-217cc0db6b6a" testListId="8c84fa94-04c1-424b-9868-57a2d4851a1d" />
    <TestEntry testId="7c7a4f8c-cf48-4e98-8570-5eb99f7de543" executionId="0a6439e1-147d-4194-9542-b78d2cfe622e" testListId="8c84fa94-04c1-424b-9868-57a2d4851a1d" />
    <TestEntry testId="574b41e2-321a-c5b1-569e-672a84ac8cdb" executionId="5c310dea-3048-427b-8af8-67b9211f2650" testListId="8c84fa94-04c1-424b-9868-57a2d4851a1d" />
    <TestEntry testId="9cbf5c31-b6b6-5ff6-38f9-554f1fe8a3a1" executionId="f0afb268-163c-4364-862e-2c544fad1670" testListId="8c84fa94-04c1-424b-9868-57a2d4851a1d" />
    <TestEntry testId="7047b5db-ce92-3b72-cd38-4b075d375a09" executionId="7a213e4c-38e7-4862-b950-796d62fab7ce" testListId="8c84fa94-04c1-424b-9868-57a2d4851a1d" />
    <TestEntry testId="b94c2ce4-c87b-76f0-4c91-22194332cdc8" executionId="b9b8cf10-9938-490c-880d-c683e6a297de" testListId="8c84fa94-04c1-424b-9868-57a2d4851a1d" />
    <TestEntry testId="7b953f06-3b58-9d92-d5d5-6ef4a9f438d7" executionId="12546b78-e8f1-426e-9e90-52608e0f95e0" testListId="8c84fa94-04c1-424b-9868-57a2d4851a1d" />
    <TestEntry testId="d1406247-2860-a8c0-c62a-b0dd2a807bdf" executionId="912fe9c2-a15c-4b6e-b9a2-48b2c3aebbca" testListId="8c84fa94-04c1-424b-9868-57a2d4851a1d" />
    <TestEntry testId="e2efcdc7-c0f8-70e4-daa2-8eff57e0a5ff" executionId="0dfb1324-3050-4365-8afa-b37234844231" testListId="8c84fa94-04c1-424b-9868-57a2d4851a1d" />
    <TestEntry testId="6a4099c8-465c-0d9b-c290-a08a79c4615a" executionId="68f68556-3eee-4d79-bfb1-84021f8e1daa" testListId="8c84fa94-04c1-424b-9868-57a2d4851a1d" />
    <TestEntry testId="72d46e54-f9c8-d6ed-68f7-bf706f25519e" executionId="2a7c8e78-e0ba-40eb-b3b8-d43da549c792" testListId="8c84fa94-04c1-424b-9868-57a2d4851a1d" />
    <TestEntry testId="272a7aee-bb58-ef71-3422-ac5f6aa8b964" executionId="6ac2e21e-d92c-45dc-b5b4-cdac6a04e0c9" testListId="8c84fa94-04c1-424b-9868-57a2d4851a1d" />
    <TestEntry testId="6bfe994a-e9c3-29d0-05be-86c89ed6117d" executionId="36a8798d-1d4c-41a5-a2f3-becd5abd573b" testListId="8c84fa94-04c1-424b-9868-57a2d4851a1d" />
    <TestEntry testId="0a1b6b1a-c874-c5a3-a9e5-ad1847869e05" executionId="55199a5d-6dd6-4388-92f3-c4aabea711c2" testListId="8c84fa94-04c1-424b-9868-57a2d4851a1d" />
    <TestEntry testId="113ac157-7a7b-a857-e60b-ef523ab7c039" executionId="d667e217-5f22-461d-8cc4-c238554c1d11" testListId="8c84fa94-04c1-424b-9868-57a2d4851a1d" />
    <TestEntry testId="1ff0fc48-782c-84cb-c863-1a1a5852ac6b" executionId="a32b8db7-df70-4e17-a2ce-85c6b7c2ee6d" testListId="8c84fa94-04c1-424b-9868-57a2d4851a1d" />
    <TestEntry testId="d5e740e4-05d7-15cf-eb08-4b0e2c3ed462" executionId="959b5282-90ee-456c-a9cc-c819c611b02f" testListId="8c84fa94-04c1-424b-9868-57a2d4851a1d" />
    <TestEntry testId="e6ae64f1-5c05-fa91-add3-f4099d421bc2" executionId="8d199e77-82ae-48fa-991a-dfb7866e94b4" testListId="8c84fa94-04c1-424b-9868-57a2d4851a1d" />
    <TestEntry testId="551dbd00-f2b4-b551-f4a3-98c11246ce05" executionId="50684aaf-6388-4ec7-9193-27f33ebd3adc" testListId="8c84fa94-04c1-424b-9868-57a2d4851a1d" />
    <TestEntry testId="33c10757-2964-3cc6-4eec-14a39446c7ad" executionId="26417be7-8971-4fa3-856c-27f38092d729" testListId="8c84fa94-04c1-424b-9868-57a2d4851a1d" />
    <TestEntry testId="227ce71b-90d7-7be1-e8e6-4280b019bf99" executionId="e4710fd0-c61a-4602-8a28-b391b0d9c576" testListId="8c84fa94-04c1-424b-9868-57a2d4851a1d" />
    <TestEntry testId="98257716-9e9e-0331-00af-19cb9f7a3fd1" executionId="ac1bf51c-fa64-4263-a1cf-a072677e3f3b" testListId="8c84fa94-04c1-424b-9868-57a2d4851a1d" />
    <TestEntry testId="c5c20953-a965-bf89-38d5-001da955b710" executionId="3cca5871-c4ec-4723-88b6-5febe46672be" testListId="8c84fa94-04c1-424b-9868-57a2d4851a1d" />
    <TestEntry testId="71d24e0e-b3da-8b47-c0a1-b63c5a89d1bb" executionId="cc084262-780e-4350-8a62-8bb1b390705f" testListId="8c84fa94-04c1-424b-9868-57a2d4851a1d" />
    <TestEntry testId="f3a02ca3-8cdf-11fa-cf69-2ac360858abd" executionId="5b26a5b2-70bc-4def-82c1-6d270af0414d" testListId="8c84fa94-04c1-424b-9868-57a2d4851a1d" />
    <TestEntry testId="7f11cb21-2d5a-5523-2fc7-84990a493f16" executionId="3cc89ec3-2f3e-4d47-9c2f-9b97d7c32fa0" testListId="8c84fa94-04c1-424b-9868-57a2d4851a1d" />
    <TestEntry testId="875ba775-3661-db39-fb4d-089eb31fbfcd" executionId="85c33476-543b-4d73-b160-ccaf805c030d" testListId="8c84fa94-04c1-424b-9868-57a2d4851a1d" />
    <TestEntry testId="457f0749-05b4-618c-76fc-027add7becd9" executionId="40f63d02-241a-4ab6-bde6-74c011d225f3" testListId="8c84fa94-04c1-424b-9868-57a2d4851a1d" />
    <TestEntry testId="b8746d89-fbe6-c84c-2368-07585209e1b0" executionId="c705481e-2d28-4571-b9da-bbed72e04c60" testListId="8c84fa94-04c1-424b-9868-57a2d4851a1d" />
    <TestEntry testId="ce9dabfa-3d23-1a7a-cad5-b88e59b08e55" executionId="ed4fc531-c6c6-490d-acb7-08ee63bb8f7e" testListId="8c84fa94-04c1-424b-9868-57a2d4851a1d" />
    <TestEntry testId="a7a97ec3-252c-357a-e8a4-713635ed3dff" executionId="bf857326-587b-4e75-b340-9203ac090c7c" testListId="8c84fa94-04c1-424b-9868-57a2d4851a1d" />
    <TestEntry testId="5608443f-b522-9398-2c78-7e576b5e49ee" executionId="3a263de2-e1e0-48dc-b69f-ee6cf299fb20" testListId="8c84fa94-04c1-424b-9868-57a2d4851a1d" />
    <TestEntry testId="c2c82a45-d7ca-4add-3396-5b3fcb6f85da" executionId="9f6b7b57-b29c-4d22-b123-11fe3b37578c" testListId="8c84fa94-04c1-424b-9868-57a2d4851a1d" />
    <TestEntry testId="cdfb6738-439c-f526-b3f9-9b22c8dd8b4b" executionId="7a129efb-57bd-4bf1-b61e-f237a88bad7c" testListId="8c84fa94-04c1-424b-9868-57a2d4851a1d" />
    <TestEntry testId="8935a4d0-cd09-13ae-ade5-59818e6bd92e" executionId="e6ed8f97-7585-46e1-8dc2-a421ead47226" testListId="8c84fa94-04c1-424b-9868-57a2d4851a1d" />
    <TestEntry testId="d5149f1d-f1c7-b2e1-d65c-92b4383fcfd2" executionId="393fc048-7aab-4db4-8ed8-3d67fd2804b5" testListId="8c84fa94-04c1-424b-9868-57a2d4851a1d" />
    <TestEntry testId="18a27d1e-253f-b989-41f5-54e3c706b249" executionId="5ed25c5c-a438-4c56-9c04-b4fe048a5b9b" testListId="8c84fa94-04c1-424b-9868-57a2d4851a1d" />
    <TestEntry testId="13f71716-93da-f7d3-442d-81d9b2673628" executionId="789c39b3-abb9-4d8b-8286-b057b6e0d86f" testListId="8c84fa94-04c1-424b-9868-57a2d4851a1d" />
    <TestEntry testId="7ee1cdb0-11a9-c39f-4f56-2355910218a9" executionId="a308ec44-0b93-4f50-b4fe-652c4f6a9046" testListId="8c84fa94-04c1-424b-9868-57a2d4851a1d" />
    <TestEntry testId="cb1cf787-eb8f-727f-ee91-70d0a8ca3692" executionId="cbdb178c-ead8-415d-bc51-e4e289528ffb" testListId="8c84fa94-04c1-424b-9868-57a2d4851a1d" />
    <TestEntry testId="3eb530fc-bf78-502b-5c14-d274200cdb4d" executionId="c9180b14-79b2-4a0d-82d7-2a0989644a0e" testListId="8c84fa94-04c1-424b-9868-57a2d4851a1d" />
    <TestEntry testId="33dd7644-a1e7-8b0a-0ce8-d3fadf722df0" executionId="a5a0db62-aa85-43d1-85d1-e75507d4cf35" testListId="8c84fa94-04c1-424b-9868-57a2d4851a1d" />
    <TestEntry testId="72c6c988-427e-1954-51e5-126fae21ee9f" executionId="e1b4e62c-188e-4065-a6a3-5116fd429b31" testListId="8c84fa94-04c1-424b-9868-57a2d4851a1d" />
    <TestEntry testId="4b5d61c5-5224-8c1a-be4f-12ea1a6eb920" executionId="1f1e60a5-1145-4242-950f-3960a4a31f1f" testListId="8c84fa94-04c1-424b-9868-57a2d4851a1d" />
    <TestEntry testId="7d8f4b83-d64c-f2db-26b0-37e3b214434e" executionId="42586506-2aa8-4db7-a717-af459b3c8d88" testListId="8c84fa94-04c1-424b-9868-57a2d4851a1d" />
    <TestEntry testId="cf4241b3-be07-890b-17bd-3fc122a41f6e" executionId="f88b1283-a93d-45e9-877f-287ffec3255b" testListId="8c84fa94-04c1-424b-9868-57a2d4851a1d" />
    <TestEntry testId="db841184-1579-4f5b-9ae4-3f97459f12bb" executionId="43608e57-f32b-4718-bc47-a7470e39c2da" testListId="8c84fa94-04c1-424b-9868-57a2d4851a1d" />
    <TestEntry testId="b4592732-9ff5-4c74-8e0f-0220cba2d212" executionId="818ef3f0-c35b-44b7-8a7c-c31bbc16164a" testListId="8c84fa94-04c1-424b-9868-57a2d4851a1d" />
    <TestEntry testId="41e38047-a6bd-4078-a433-7c9c8add61b6" executionId="5c53a38c-42af-441c-b8a1-4f0fccac9d18" testListId="8c84fa94-04c1-424b-9868-57a2d4851a1d" />
    <TestEntry testId="7827bdac-f5a4-4b87-9b38-4a3302f1b8cd" executionId="e9cf30ea-92f3-4a56-815f-1ba1915fa000" testListId="8c84fa94-04c1-424b-9868-57a2d4851a1d" />
    <TestEntry testId="cdc6ff22-05f7-416c-b4cd-8994c5bfe884" executionId="90760cb1-b697-4620-b5c0-73bf88fcdfb4" testListId="8c84fa94-04c1-424b-9868-57a2d4851a1d" />
    <TestEntry testId="725a0a3a-b2e3-c71e-4acf-e283f33339d1" executionId="baac479f-074a-48b5-ba28-a3184cc8ba2e" testListId="8c84fa94-04c1-424b-9868-57a2d4851a1d" />
    <TestEntry testId="c00120f7-27d7-e6fa-3a74-f69c9610cef8" executionId="b3425cc3-e788-4a8b-b26c-c0d304655650" testListId="8c84fa94-04c1-424b-9868-57a2d4851a1d" />
    <TestEntry testId="337c8b1a-6395-4618-859e-021d3976cc4a" executionId="e374485d-4fba-48b7-a2c9-f03a14276d85" testListId="8c84fa94-04c1-424b-9868-57a2d4851a1d" />
    <TestEntry testId="39c33e5c-1822-4164-a1e1-8443a7cee297" executionId="e6d7d722-9f17-4157-bbfb-482e1e1548f8" testListId="8c84fa94-04c1-424b-9868-57a2d4851a1d" />
    <TestEntry testId="613ad502-1141-41fb-8bfa-1aad1eee76fd" executionId="34b594a5-25cc-428e-bb6f-5f59bc670d2d" testListId="8c84fa94-04c1-424b-9868-57a2d4851a1d" />
    <TestEntry testId="45d816ca-a164-4355-a918-a79e1bf6e997" executionId="3df3632b-b7f8-48ae-a7bc-ee1f38ac4d6f" testListId="8c84fa94-04c1-424b-9868-57a2d4851a1d" />
    <TestEntry testId="590565ad-25ad-4574-9f3f-1845e3699f7e" executionId="3337a335-2464-4eec-b8e9-44044cdc49d7" testListId="8c84fa94-04c1-424b-9868-57a2d4851a1d" />
    <TestEntry testId="d9fd60e2-414a-e805-0886-c309e9aac01f" executionId="2b83bc5e-7c96-41bb-9577-0264b341ff7e" testListId="8c84fa94-04c1-424b-9868-57a2d4851a1d" />
    <TestEntry testId="1c4d7d12-d4e2-e013-143c-3f6a8057de6e" executionId="cdc5d94e-0962-4d66-a075-dcf4ea655984" testListId="8c84fa94-04c1-424b-9868-57a2d4851a1d" />
    <TestEntry testId="f716848e-f6a2-4ddc-b94e-a61d32178076" executionId="4db5e732-c993-4ce2-b8b1-d830799ae7af" testListId="8c84fa94-04c1-424b-9868-57a2d4851a1d" />
    <TestEntry testId="75656252-34a7-4efa-b937-a4d7549ab0e1" executionId="ac95d621-e467-42ed-b10e-614b2c581ca3" testListId="8c84fa94-04c1-424b-9868-57a2d4851a1d" />
    <TestEntry testId="f48de181-c71f-47a2-a6d6-629787ee91e2" executionId="5cc97e84-f351-48f5-b89c-c56ba330a057" testListId="8c84fa94-04c1-424b-9868-57a2d4851a1d" />
    <TestEntry testId="7186b674-56fe-415a-b3e9-4ccf7e3ca360" executionId="e47d3988-7500-4bb9-aab9-b49740692416" testListId="8c84fa94-04c1-424b-9868-57a2d4851a1d" />
    <TestEntry testId="fa437a13-485b-4a8d-8a69-187b341fdc81" executionId="204c98e9-a01d-493e-b998-ce754896860a" testListId="8c84fa94-04c1-424b-9868-57a2d4851a1d" />
    <TestEntry testId="64c64ca4-d60c-9c81-8c42-4bdd472ed911" executionId="06844bf4-f081-449e-8561-a89d72c9edca" testListId="8c84fa94-04c1-424b-9868-57a2d4851a1d" />
    <TestEntry testId="cec21d27-b177-fdf3-51a4-91771b181a00" executionId="dcb4a6f5-960e-4526-822b-18d82103ccce" testListId="8c84fa94-04c1-424b-9868-57a2d4851a1d" />
    <TestEntry testId="97f028f2-8be0-40e7-a176-acf902a2295b" executionId="faa50d4c-ee41-474b-b282-e7db7d7b7e39" testListId="8c84fa94-04c1-424b-9868-57a2d4851a1d" />
    <TestEntry testId="5f8a8592-0c4b-4164-9e92-a45fe91eea47" executionId="3ba1713a-242f-4f4d-92cc-cd357293a10a" testListId="8c84fa94-04c1-424b-9868-57a2d4851a1d" />
    <TestEntry testId="b777c464-1692-455e-9ea0-63925f0c67d5" executionId="e1854c87-59df-4ecf-928e-07b937a56d1d" testListId="8c84fa94-04c1-424b-9868-57a2d4851a1d" />
    <TestEntry testId="5e0d0650-226a-4f3b-88d9-9eb5c34e12f4" executionId="2edaf320-c297-4917-8e92-1c1d63bd426c" testListId="8c84fa94-04c1-424b-9868-57a2d4851a1d" />
    <TestEntry testId="8bc920ae-6036-4fbc-b7e9-9bca1fa9182c" executionId="eb973e3d-34b4-4c8d-b90f-0ef7deb87df2" testListId="8c84fa94-04c1-424b-9868-57a2d4851a1d" />
    <TestEntry testId="27258027-141f-f834-ef40-dca70989f5b8" executionId="944335ff-2890-44a7-9dc9-dfb540cbf6d2" testListId="8c84fa94-04c1-424b-9868-57a2d4851a1d" />
    <TestEntry testId="a70ef2d8-e8bc-4f5d-96c0-cb6970e10911" executionId="fb2987d5-0241-4095-b19d-924e6cfe2691" testListId="8c84fa94-04c1-424b-9868-57a2d4851a1d" />
    <TestEntry testId="2da559a4-a882-4c6c-adcf-d2dd74092e52" executionId="3ce64a27-b004-403d-9443-387523576646" testListId="8c84fa94-04c1-424b-9868-57a2d4851a1d" />
    <TestEntry testId="b7c9d3c5-e9df-44ec-b27d-0d5090597d94" executionId="2e8bdd73-6c8b-479c-bab8-172b8eb6d32a" testListId="8c84fa94-04c1-424b-9868-57a2d4851a1d" />
    <TestEntry testId="8143aa73-b667-42b1-8af8-bec9bc63421f" executionId="1eb1eb44-e8b7-4b5e-b6e1-46ffcaa3674c" testListId="8c84fa94-04c1-424b-9868-57a2d4851a1d" />
    <TestEntry testId="ccf3867f-d14b-4d87-a38e-8fd92a327551" executionId="1409ab28-148e-40b9-b7a6-0304d1fc835b" testListId="8c84fa94-04c1-424b-9868-57a2d4851a1d" />
    <TestEntry testId="dcdc3452-ec67-6d95-e78f-0d1664d38bee" executionId="73ed63e8-4bd4-4eca-9234-36c4e198d628" testListId="8c84fa94-04c1-424b-9868-57a2d4851a1d" />
    <TestEntry testId="7d78b9bb-33f7-f26d-55eb-fae822972226" executionId="cacc370c-8873-4f05-81f5-257bdbde7ba6" testListId="8c84fa94-04c1-424b-9868-57a2d4851a1d" />
    <TestEntry testId="fb8af4c4-b1c4-ef6f-2f43-1c50a09f694b" executionId="f482ff02-eb97-47bd-a4d0-6064df8b6f7a" testListId="8c84fa94-04c1-424b-9868-57a2d4851a1d" />
    <TestEntry testId="edeb85b1-1ec0-403a-fc4c-c0eaa242ea0b" executionId="cc2f6658-cff8-494b-bc28-ab3707ffea63" testListId="8c84fa94-04c1-424b-9868-57a2d4851a1d" />
    <TestEntry testId="421f9624-cc85-dc26-202d-c1f1db7fc663" executionId="dd3125db-1314-44c2-b453-c64954dd4165" testListId="8c84fa94-04c1-424b-9868-57a2d4851a1d" />
    <TestEntry testId="5f52b7b2-6bd8-2819-a025-247aa29a127e" executionId="c2eddf5a-8b9f-441c-aa4c-e08294a26abe" testListId="8c84fa94-04c1-424b-9868-57a2d4851a1d" />
    <TestEntry testId="624534c5-e303-854c-783e-175ca708c961" executionId="e3beb11c-b3d6-4687-bfbe-78ace7ad54df" testListId="8c84fa94-04c1-424b-9868-57a2d4851a1d" />
    <TestEntry testId="56f848dd-e1d9-2541-740b-b30c306289ca" executionId="f05165e9-baaa-4511-992d-3795cdad2fec" testListId="8c84fa94-04c1-424b-9868-57a2d4851a1d" />
    <TestEntry testId="f1583a66-e8dd-d88e-e833-75848dab17a8" executionId="1b4ab625-cff5-49b0-9c17-7250b4e9327a" testListId="8c84fa94-04c1-424b-9868-57a2d4851a1d" />
    <TestEntry testId="55663d08-f87d-599a-1d28-931299b661c3" executionId="7b3ad624-8123-4c36-a52f-077964ca6bb1" testListId="8c84fa94-04c1-424b-9868-57a2d4851a1d" />
    <TestEntry testId="0b2aa059-2716-db18-2203-79c887d9feb7" executionId="a7a73fae-253b-4867-8df7-2af7d92338e5" testListId="8c84fa94-04c1-424b-9868-57a2d4851a1d" />
    <TestEntry testId="24c59163-b0e7-53ef-7a15-309cd6eaf594" executionId="fd26b617-e069-4ec6-8710-23b01350b431" testListId="8c84fa94-04c1-424b-9868-57a2d4851a1d" />
    <TestEntry testId="cac470ef-783d-aa82-f4d1-8201798cf710" executionId="9228e388-c780-4d38-82e7-041d3f39f59a" testListId="8c84fa94-04c1-424b-9868-57a2d4851a1d" />
    <TestEntry testId="645adbce-9b94-00b8-df66-9b8427c4966b" executionId="0942c722-ed7f-43fd-adbe-25ce27e59b94" testListId="8c84fa94-04c1-424b-9868-57a2d4851a1d" />
    <TestEntry testId="2dcca2ae-3a74-b523-9a2b-0dac6c0faa1d" executionId="14cfca5d-2445-41e6-9a19-6843b7745a85" testListId="8c84fa94-04c1-424b-9868-57a2d4851a1d" />
    <TestEntry testId="0c309ebb-5a4c-50ce-6bf0-509ddb9b6e93" executionId="ebe095a0-ad8e-4fcd-ac7a-0e9b659c1330" testListId="8c84fa94-04c1-424b-9868-57a2d4851a1d" />
    <TestEntry testId="90a52c41-169a-bc36-2a7b-9e8e4754482f" executionId="f684b3b4-0e6e-4017-af4e-ddd4bc9878df" testListId="8c84fa94-04c1-424b-9868-57a2d4851a1d" />
    <TestEntry testId="a3389b3b-4d8b-ae70-ae91-9e1f99da566a" executionId="b176fd70-acc2-45c8-b29f-bd088cc64328" testListId="8c84fa94-04c1-424b-9868-57a2d4851a1d" />
    <TestEntry testId="1332bc89-75e0-90ad-5927-7874682a1222" executionId="79ed309e-ce15-4baf-bc3e-166dcda79b71" testListId="8c84fa94-04c1-424b-9868-57a2d4851a1d" />
    <TestEntry testId="58474cb3-c417-08cf-a57b-d1b4aa609ae1" executionId="5c976582-1614-4371-96d5-6718514a7606" testListId="8c84fa94-04c1-424b-9868-57a2d4851a1d" />
    <TestEntry testId="95becb3c-cfd9-4c18-4142-6764b79c1e8a" executionId="54c5d85b-0d46-4368-a45b-dcf5cc523802" testListId="8c84fa94-04c1-424b-9868-57a2d4851a1d" />
    <TestEntry testId="794bba79-3f94-eb77-2537-79bfaeca7a69" executionId="9312d133-f3d2-4682-8a29-105c593e8c4d" testListId="8c84fa94-04c1-424b-9868-57a2d4851a1d" />
    <TestEntry testId="8b72a64e-3f72-8519-2582-dccfde7ff0fd" executionId="096179e6-d9e5-4bbc-ae5e-9b779441dfa6" testListId="8c84fa94-04c1-424b-9868-57a2d4851a1d" />
    <TestEntry testId="3e1a80b5-3aa3-5dce-65d4-f5c63cc0aa38" executionId="7ed6c690-2982-49a9-a509-73b8b97a03ca" testListId="8c84fa94-04c1-424b-9868-57a2d4851a1d" />
    <TestEntry testId="fb21b1db-8d3c-5dfc-7a59-d17113772cfe" executionId="405710ad-fdc6-44a3-ac01-930fae98e171" testListId="8c84fa94-04c1-424b-9868-57a2d4851a1d" />
    <TestEntry testId="e6ba2176-d54c-ec48-5644-024e2c2957b5" executionId="ac2e1a38-d8ff-4162-8e61-9e1c34409906" testListId="8c84fa94-04c1-424b-9868-57a2d4851a1d" />
    <TestEntry testId="6f866f0f-744f-1154-16c0-bc0c1a3ac0c2" executionId="937de90b-6956-4e7c-a330-c7a5cd1896c4" testListId="8c84fa94-04c1-424b-9868-57a2d4851a1d" />
    <TestEntry testId="fa4d21fd-d401-0636-a7d0-c1397e0e37cd" executionId="afed2c9a-4a3f-4c8d-a9b3-b92c0ce04184" testListId="8c84fa94-04c1-424b-9868-57a2d4851a1d" />
    <TestEntry testId="bfb84357-71d8-75a5-3c9f-108ee4d4550b" executionId="33d26932-2b86-465c-b25d-ca76a62eba94" testListId="8c84fa94-04c1-424b-9868-57a2d4851a1d" />
    <TestEntry testId="3d0f560b-6cd8-3f4d-a5f8-fb4dac17eb76" executionId="803bcca0-da85-4edd-87ae-60e0818e6b27" testListId="8c84fa94-04c1-424b-9868-57a2d4851a1d" />
    <TestEntry testId="7b874380-465c-4c7c-6e52-b54bcc186d36" executionId="5745b767-530a-4917-8086-f4457fd31583" testListId="8c84fa94-04c1-424b-9868-57a2d4851a1d" />
    <TestEntry testId="44570d4b-de68-f853-417e-7e8d019b4ec4" executionId="5c617087-6fb1-47ad-8b5f-8fb3477b0d66" testListId="8c84fa94-04c1-424b-9868-57a2d4851a1d" />
    <TestEntry testId="6ebcd766-eb59-7c84-5583-ba531b2d8879" executionId="ab5e677c-aea9-407e-86a3-dd5de3eca29c" testListId="8c84fa94-04c1-424b-9868-57a2d4851a1d" />
    <TestEntry testId="fd631ee2-0d9a-a67e-1cc5-c1d2705f9de6" executionId="535c166e-0914-4838-bac3-b3d4c596b51c" testListId="8c84fa94-04c1-424b-9868-57a2d4851a1d" />
    <TestEntry testId="a6b84363-2002-0f40-c7ca-a2153e2f7897" executionId="b24c4b5e-a2ee-4577-8ce6-e5cd79921245" testListId="8c84fa94-04c1-424b-9868-57a2d4851a1d" />
    <TestEntry testId="7b6ae81e-1721-f3ad-39f5-320894ecc038" executionId="d05f6f21-1e54-4105-a317-f8e825f96feb" testListId="8c84fa94-04c1-424b-9868-57a2d4851a1d" />
    <TestEntry testId="259efa7b-87ba-7cda-7c53-e05af9c04085" executionId="97a74b1d-f495-4cb7-8462-283c79553058" testListId="8c84fa94-04c1-424b-9868-57a2d4851a1d" />
    <TestEntry testId="f2c91e08-441e-a73d-1e1b-ec0ea31d109d" executionId="a247ead8-f838-4114-a1dc-6a65c93ee42c" testListId="8c84fa94-04c1-424b-9868-57a2d4851a1d" />
    <TestEntry testId="5eebcea1-c89a-2d84-e457-236af6818041" executionId="fb182281-4a10-4f1f-9f13-32414251fbde" testListId="8c84fa94-04c1-424b-9868-57a2d4851a1d" />
    <TestEntry testId="4aab50c1-3a42-79f7-4a44-c84c86d42fb5" executionId="0cfaec26-15ee-457c-8854-c9973cad0400" testListId="8c84fa94-04c1-424b-9868-57a2d4851a1d" />
    <TestEntry testId="c0a9bd7d-96b6-96fd-9cdd-e70ba0c7d664" executionId="d98dc748-3c1f-4357-b666-0201d68863d3" testListId="8c84fa94-04c1-424b-9868-57a2d4851a1d" />
    <TestEntry testId="1446d8bb-1247-7092-99de-162b142b6df8" executionId="e3be3603-ee5b-4dee-bee7-eb8d0e880c87" testListId="8c84fa94-04c1-424b-9868-57a2d4851a1d" />
    <TestEntry testId="c58116c2-1f18-151b-c86a-4fee0d00048d" executionId="4e1e398f-276c-4ea7-a6e5-67cdaf8cad82" testListId="8c84fa94-04c1-424b-9868-57a2d4851a1d" />
    <TestEntry testId="8453f5d6-0fbb-0d91-1a1d-15d6424204df" executionId="5937f404-a78f-46b7-a988-fc46d0b66733" testListId="8c84fa94-04c1-424b-9868-57a2d4851a1d" />
    <TestEntry testId="4f86fa8a-590f-48e3-9a61-2c89df8f2616" executionId="459b6ab9-bf1e-46c0-a8f2-d93c9b5ec811" testListId="8c84fa94-04c1-424b-9868-57a2d4851a1d" />
    <TestEntry testId="418855a8-ccf9-6273-49c9-3444b3369bfd" executionId="13096e78-2d9c-4e2a-8f59-c30faa22d978" testListId="8c84fa94-04c1-424b-9868-57a2d4851a1d" />
    <TestEntry testId="6b080bf7-0788-b425-e1d9-c4a9cc4deb50" executionId="80203fe2-0e55-484b-890a-8e7cb5937e09" testListId="8c84fa94-04c1-424b-9868-57a2d4851a1d" />
    <TestEntry testId="3eff8e83-b32e-284a-e7c3-6577eef748cb" executionId="dc178ef1-ef07-4098-a143-8f7a94a2d02b" testListId="8c84fa94-04c1-424b-9868-57a2d4851a1d" />
    <TestEntry testId="76f983d5-b792-d90a-05bf-8160ea1d4dc0" executionId="bd590011-1928-4f16-af36-1a0f17cca789" testListId="8c84fa94-04c1-424b-9868-57a2d4851a1d" />
    <TestEntry testId="e22be9cc-c793-6bba-f391-bf939128a63c" executionId="f42943ca-84eb-404e-bf65-4b28ea1c9fb0" testListId="8c84fa94-04c1-424b-9868-57a2d4851a1d" />
    <TestEntry testId="50f94a10-623d-c66f-c56c-ba60f1ed4235" executionId="18de9bf3-c541-4a1a-9d5d-5a67adad0e51" testListId="8c84fa94-04c1-424b-9868-57a2d4851a1d" />
    <TestEntry testId="117ac72a-3544-f60a-9bf3-210d15d5a967" executionId="e7e0e0ea-8c43-4281-b770-9e319b6475be" testListId="8c84fa94-04c1-424b-9868-57a2d4851a1d" />
    <TestEntry testId="c6a9186a-36a3-4dd6-830e-a1a823cc5580" executionId="95b8fcc4-9c6a-4bfc-8716-eff052d2b445" testListId="8c84fa94-04c1-424b-9868-57a2d4851a1d" />
    <TestEntry testId="f90e77e2-36ac-416b-836f-ca6b305ecc8c" executionId="72f43271-f549-43c2-8fd8-f6e654bee530" testListId="8c84fa94-04c1-424b-9868-57a2d4851a1d" />
    <TestEntry testId="dba7cc41-aa42-4dc6-8521-0dfa51fcffa7" executionId="4ce5c40b-9af7-4423-83ed-f951032e1223" testListId="8c84fa94-04c1-424b-9868-57a2d4851a1d" />
    <TestEntry testId="c4895077-d3e3-49cc-966d-0cef216c7188" executionId="c5c5c0a9-a679-4269-acbe-874b8508bf7b" testListId="8c84fa94-04c1-424b-9868-57a2d4851a1d" />
    <TestEntry testId="0752cd7f-b266-4e84-9e9d-a9db906d5515" executionId="7c4ee311-b68f-424b-b78f-402c3950b63c" testListId="8c84fa94-04c1-424b-9868-57a2d4851a1d" />
    <TestEntry testId="241aeb07-ad3c-fdc9-092d-52e323c37d56" executionId="00bafe9a-5b7b-4284-adc7-e56f4d0c85a8" testListId="8c84fa94-04c1-424b-9868-57a2d4851a1d" />
    <TestEntry testId="22c95332-5710-44d6-aa1a-b81a0680887f" executionId="ec3792a2-d98b-49a1-a125-7dbc973af120" testListId="8c84fa94-04c1-424b-9868-57a2d4851a1d" />
    <TestEntry testId="7e8e1ffd-1274-408f-9018-4b7617fe58b0" executionId="17f42e73-b79e-4457-95ff-2b7206bc200e" testListId="8c84fa94-04c1-424b-9868-57a2d4851a1d" />
    <TestEntry testId="93d15150-a59e-4310-a496-bfc2a0f6edec" executionId="8e455e7b-89df-440d-9e64-b5804dc8518e" testListId="8c84fa94-04c1-424b-9868-57a2d4851a1d" />
    <TestEntry testId="0e241466-22ac-4744-b4d7-a52df4a7ceb5" executionId="1304e8a7-1e0b-4bee-85ed-65e613050ce6" testListId="8c84fa94-04c1-424b-9868-57a2d4851a1d" />
    <TestEntry testId="72c2612d-0d82-4539-917d-e58d35991ca6" executionId="6acc4a74-41f8-4786-be08-56a9d58f2eb7" testListId="8c84fa94-04c1-424b-9868-57a2d4851a1d" />
    <TestEntry testId="d3a5a8cc-0471-c609-1f4e-38861c608a4a" executionId="25927589-c8c2-4230-bf4d-7f1e24030395" testListId="8c84fa94-04c1-424b-9868-57a2d4851a1d" />
    <TestEntry testId="39dd66d1-575d-0ea7-fa31-3b3df58e6741" executionId="fa9a654f-a4fc-4a21-b8c3-3af7239ac29c" testListId="8c84fa94-04c1-424b-9868-57a2d4851a1d" />
    <TestEntry testId="01ab4d73-e2ba-4adc-b471-f4fc77a7daf6" executionId="abfe60d3-e833-4895-970d-22f5b55e1db7" testListId="8c84fa94-04c1-424b-9868-57a2d4851a1d" />
    <TestEntry testId="060c1244-225c-4b76-bfc3-dc3abc82814f" executionId="205f52f1-a672-4529-a736-b84bdf24555c" testListId="8c84fa94-04c1-424b-9868-57a2d4851a1d" />
    <TestEntry testId="6d4be838-d1e7-4da2-98c6-8298b5c9819b" executionId="c9472c4a-78d1-4e82-a4bf-20c336c3f3b6" testListId="8c84fa94-04c1-424b-9868-57a2d4851a1d" />
    <TestEntry testId="30085ea8-3496-40e2-a2c2-e23fdd4becbe" executionId="3d5f6043-9067-4c99-9038-7ea7343e436f" testListId="8c84fa94-04c1-424b-9868-57a2d4851a1d" />
    <TestEntry testId="06b668d4-8960-4b39-95a0-ee66fd5f7d3c" executionId="fcdec2b3-4e04-4fdc-b804-1485381d34f6" testListId="8c84fa94-04c1-424b-9868-57a2d4851a1d" />
    <TestEntry testId="5ae3d5ba-68cf-f1cb-5be4-a51b853a117c" executionId="ef318894-3df8-40e3-a1b9-8b461fb1e4a8" testListId="8c84fa94-04c1-424b-9868-57a2d4851a1d" />
    <TestEntry testId="c840df09-5951-2095-04bf-55dede766766" executionId="b1db38c2-89a6-441d-a182-57010ed8d5c6" testListId="8c84fa94-04c1-424b-9868-57a2d4851a1d" />
    <TestEntry testId="87e2148a-5def-43eb-b6e7-6bc48880a687" executionId="fc8f1b0d-28e1-40a0-83d7-4df46fe2419d" testListId="8c84fa94-04c1-424b-9868-57a2d4851a1d" />
    <TestEntry testId="78e5609b-4e35-4f0f-82be-88011edcd7e9" executionId="d59816f0-806f-4c7e-85dd-112634a8fb48" testListId="8c84fa94-04c1-424b-9868-57a2d4851a1d" />
    <TestEntry testId="8b2fc6a0-9437-4933-9144-a8f223fb98d7" executionId="90adca73-8c47-46ae-9a05-19ef21d67922" testListId="8c84fa94-04c1-424b-9868-57a2d4851a1d" />
    <TestEntry testId="884feb85-01cb-4e03-8ab6-33625dd470b2" executionId="1e1a7e05-4370-43d4-8208-aae8916477eb" testListId="8c84fa94-04c1-424b-9868-57a2d4851a1d" />
    <TestEntry testId="3cba3892-0f8e-437b-a562-0931d0b24d6c" executionId="079c0267-8396-4fe2-9f22-b1c7dd92b5c9" testListId="8c84fa94-04c1-424b-9868-57a2d4851a1d" />
    <TestEntry testId="7d2d43f0-f503-f1a6-e2c9-9816a10bf979" executionId="b3952236-af16-4949-a7f2-58aba868839f" testListId="8c84fa94-04c1-424b-9868-57a2d4851a1d" />
    <TestEntry testId="0df6886c-6619-4e46-8f3b-7a1ead87acb4" executionId="a91b13dc-0e5c-4988-b61c-3536d9c8cf11" testListId="8c84fa94-04c1-424b-9868-57a2d4851a1d" />
    <TestEntry testId="63533380-c493-478f-bc1a-e6d3981c1e3f" executionId="1372e8cb-15c6-40b6-90c1-b1b006d658e6" testListId="8c84fa94-04c1-424b-9868-57a2d4851a1d" />
    <TestEntry testId="dece3d72-ca52-45bf-8e8b-9980c40a763e" executionId="94397215-d9ab-42f6-affa-8f1502cb2f50" testListId="8c84fa94-04c1-424b-9868-57a2d4851a1d" />
    <TestEntry testId="8899e566-4182-4bf7-801b-29b7b5366c82" executionId="b0173e46-d1eb-4c62-b6c8-dc995fcc2092" testListId="8c84fa94-04c1-424b-9868-57a2d4851a1d" />
    <TestEntry testId="c0c5c73f-366f-4241-b4ee-37d34c430b76" executionId="de272c9e-ad71-44f9-b3ba-f01653e305c3" testListId="8c84fa94-04c1-424b-9868-57a2d4851a1d" />
    <TestEntry testId="9bf23ef2-8a88-d17a-f81d-6d9a25771e0a" executionId="bd6fe46b-3362-4b1f-a84a-60f5bf96d024" testListId="8c84fa94-04c1-424b-9868-57a2d4851a1d" />
    <TestEntry testId="64b37141-ae74-975f-8ccc-2ce76b8434db" executionId="3343d9e0-5251-4667-a6e8-2366ecf62c56" testListId="8c84fa94-04c1-424b-9868-57a2d4851a1d" />
    <TestEntry testId="e04de6a9-c262-47da-b2f1-7379bb98f9a9" executionId="6403ace3-7f55-4611-8b32-fbf18dd9ea2a" testListId="8c84fa94-04c1-424b-9868-57a2d4851a1d" />
    <TestEntry testId="cdc1dd83-de01-45d0-a135-c3221598ea98" executionId="8e112f7f-378d-4d51-b9b8-924139d817b1" testListId="8c84fa94-04c1-424b-9868-57a2d4851a1d" />
    <TestEntry testId="ec0fc4c7-9ed8-4980-afc6-6bc1e08942d4" executionId="7a8bfb73-6ecf-49cf-a1ca-fc435e5fe5df" testListId="8c84fa94-04c1-424b-9868-57a2d4851a1d" />
    <TestEntry testId="a8baf1b8-646b-4f84-8b7e-f08d9bab871a" executionId="42da2421-d30a-45ea-abd2-5cb905114cc8" testListId="8c84fa94-04c1-424b-9868-57a2d4851a1d" />
    <TestEntry testId="d6bd34a0-9faa-45af-b20d-45d68d93b946" executionId="cf072f6b-78f1-4092-aba2-07b3f30a91f9" testListId="8c84fa94-04c1-424b-9868-57a2d4851a1d" />
    <TestEntry testId="6f1819fb-66ba-ca17-f7f3-8754269adc9b" executionId="c94c0f8b-6539-45e9-b771-af78dfd0e93f" testListId="8c84fa94-04c1-424b-9868-57a2d4851a1d" />
    <TestEntry testId="f5577f8e-445a-4166-c597-f160ed7544bd" executionId="03fed889-b654-4554-b702-b13cb1dbd3f6" testListId="8c84fa94-04c1-424b-9868-57a2d4851a1d" />
    <TestEntry testId="7b824c20-926c-1a20-b49f-5863a27547e4" executionId="d9827657-4a76-4623-bc98-b64024f689e2" testListId="8c84fa94-04c1-424b-9868-57a2d4851a1d" />
    <TestEntry testId="2d8ec8e6-dd0f-c5f6-ea53-dda9043d602e" executionId="562d9ef2-06c5-4b16-9ac4-47ef1caa91d3" testListId="8c84fa94-04c1-424b-9868-57a2d4851a1d" />
    <TestEntry testId="2eb9e10f-a4ef-e0f1-fc76-e9c94908a233" executionId="e4b06e8b-7cd6-41e7-94f5-ddd9a1529797" testListId="8c84fa94-04c1-424b-9868-57a2d4851a1d" />
    <TestEntry testId="1e1cc6a7-0a34-df86-35c5-fc2d95907db9" executionId="d704e91f-8795-4391-99b0-4f660ec18560" testListId="8c84fa94-04c1-424b-9868-57a2d4851a1d" />
    <TestEntry testId="baaec7b3-e889-fd1d-837e-ec4707004382" executionId="17b1f162-0a18-4673-a622-07a8c257cd3b" testListId="8c84fa94-04c1-424b-9868-57a2d4851a1d" />
    <TestEntry testId="fc4544f5-d82c-a8c6-4131-e599b21fd681" executionId="cc5a9be7-5400-479e-83f3-23c53433c2a7" testListId="8c84fa94-04c1-424b-9868-57a2d4851a1d" />
    <TestEntry testId="ee310c6f-7b25-f4f4-fd2d-48ca38e3cde6" executionId="0000db1a-3ee0-45e6-a856-41367a7efb00" testListId="8c84fa94-04c1-424b-9868-57a2d4851a1d" />
    <TestEntry testId="b6118395-ad2a-8f1d-9301-57155ae3dbdf" executionId="2468be85-803e-416f-8fa3-b2ecc96b36e1" testListId="8c84fa94-04c1-424b-9868-57a2d4851a1d" />
    <TestEntry testId="dccd3434-8804-d195-395d-7489dabef6aa" executionId="2ba11049-7200-46ff-9d9e-109ff1fc8060" testListId="8c84fa94-04c1-424b-9868-57a2d4851a1d" />
    <TestEntry testId="1777cb97-ee4f-6dd2-0eab-753a5f6a84d5" executionId="d8cb0bc9-02fa-4074-8e65-d7bca071be7f" testListId="8c84fa94-04c1-424b-9868-57a2d4851a1d" />
    <TestEntry testId="28cbd4f5-09f2-e9ec-e7b0-cddd20398c46" executionId="66761176-41ad-4e94-975d-501a78598766" testListId="8c84fa94-04c1-424b-9868-57a2d4851a1d" />
    <TestEntry testId="2c9c36ba-f836-886a-1939-13409bd4d010" executionId="b8c44031-696d-4c97-9a56-4242e5c4423b" testListId="8c84fa94-04c1-424b-9868-57a2d4851a1d" />
    <TestEntry testId="e6717a06-71d4-cd67-10a5-29ab3a365d80" executionId="e38b5ff1-4116-4146-95bf-d8d7ef6fe852" testListId="8c84fa94-04c1-424b-9868-57a2d4851a1d" />
    <TestEntry testId="16a1a879-45cf-1490-8c23-327d80e9cd75" executionId="d2df6681-e2c9-4672-ab45-211f85006bb6" testListId="8c84fa94-04c1-424b-9868-57a2d4851a1d" />
    <TestEntry testId="b54808ec-6b05-9244-9dae-3cbe76518d1c" executionId="d961edee-39e4-4845-917b-99b1a7714c5c" testListId="8c84fa94-04c1-424b-9868-57a2d4851a1d" />
    <TestEntry testId="8fe0d8b7-94c0-039f-1b75-dc7550e4391f" executionId="8b26b240-f349-44b6-8f16-52a1a42c8f54" testListId="8c84fa94-04c1-424b-9868-57a2d4851a1d" />
    <TestEntry testId="dca953c3-578e-abf7-4720-d7eba2421373" executionId="4258d2bb-215c-47f9-aea7-8f1e30cb0e14" testListId="8c84fa94-04c1-424b-9868-57a2d4851a1d" />
    <TestEntry testId="3af5218d-141a-dc87-15c9-97091e292fbb" executionId="73077fc9-f245-4f9d-8525-02c5557a3dcc" testListId="8c84fa94-04c1-424b-9868-57a2d4851a1d" />
    <TestEntry testId="17792a1e-6ae1-a380-22ca-9d00bda7bb92" executionId="ed2f5d10-fc8a-4875-b002-f2a6aaf94b3e" testListId="8c84fa94-04c1-424b-9868-57a2d4851a1d" />
    <TestEntry testId="1ca77365-f99f-7acc-8631-a32278e1fa3e" executionId="516e2d9f-5444-4d8b-a6c2-bf2cae017ad2" testListId="8c84fa94-04c1-424b-9868-57a2d4851a1d" />
    <TestEntry testId="c40928a9-d4d4-2832-7987-057de5446340" executionId="6025b11f-8bea-4202-a936-120f1d530765" testListId="8c84fa94-04c1-424b-9868-57a2d4851a1d" />
    <TestEntry testId="29ac9858-412e-4ae1-3520-02ec51644727" executionId="c29e80d1-8064-4251-ab71-a9a299738dcd" testListId="8c84fa94-04c1-424b-9868-57a2d4851a1d" />
    <TestEntry testId="3af342a9-098f-274d-2705-a781d5cfdc25" executionId="75ee08eb-215c-4f76-b109-16931e14f928" testListId="8c84fa94-04c1-424b-9868-57a2d4851a1d" />
    <TestEntry testId="1858260f-8573-5da8-fe4b-343800fdecfc" executionId="8f838744-14d0-413f-b638-ea65a7890964" testListId="8c84fa94-04c1-424b-9868-57a2d4851a1d" />
    <TestEntry testId="a31d3dcc-f743-d8e4-34c1-a45ee8c9743e" executionId="9e1d1589-c6ab-4990-83c9-70ec78f43777" testListId="8c84fa94-04c1-424b-9868-57a2d4851a1d" />
    <TestEntry testId="51dbe341-389c-3dc2-326b-e389bee66eaa" executionId="bbb092e2-f621-4a86-90d8-3514dbc34e25" testListId="8c84fa94-04c1-424b-9868-57a2d4851a1d" />
    <TestEntry testId="96c5a626-0c9e-24c9-da28-784ee01de797" executionId="edba2637-ab0a-4b2a-a75f-d17ad7390093" testListId="8c84fa94-04c1-424b-9868-57a2d4851a1d" />
    <TestEntry testId="c81b1f0c-45a7-b0c9-e39f-434442405563" executionId="04a2c0e5-c60e-4a0b-a833-08c735eeeb28" testListId="8c84fa94-04c1-424b-9868-57a2d4851a1d" />
    <TestEntry testId="7ab8157f-abef-d70d-f3e0-7bde8de8c6d6" executionId="ce1f76ab-d1c5-45e0-987e-74ac9bdf89ed" testListId="8c84fa94-04c1-424b-9868-57a2d4851a1d" />
    <TestEntry testId="9bb42ebb-0977-b76e-b82e-5b53529af40a" executionId="ba70ef15-e9a8-44c3-8f94-59c48d3de320" testListId="8c84fa94-04c1-424b-9868-57a2d4851a1d" />
    <TestEntry testId="3b3d728d-b53b-ea44-3e46-f5f290810f92" executionId="95526268-5ab1-4bde-9ab6-ebf7f7d03e46" testListId="8c84fa94-04c1-424b-9868-57a2d4851a1d" />
    <TestEntry testId="8a47d559-cdcb-be16-2204-00ebafa32e86" executionId="12a3046c-ed77-4e67-ad1b-89997ab054cc" testListId="8c84fa94-04c1-424b-9868-57a2d4851a1d" />
    <TestEntry testId="0aa5604c-dd81-6e1b-5e5d-6ac42c1640e6" executionId="cdfc1b03-d385-4530-b0eb-5acd854c2a72" testListId="8c84fa94-04c1-424b-9868-57a2d4851a1d" />
    <TestEntry testId="20b00f6d-795b-72e6-d280-017ca56c376f" executionId="efbed1a9-27e0-4ff3-ac92-781f0e7fc57b" testListId="8c84fa94-04c1-424b-9868-57a2d4851a1d" />
    <TestEntry testId="590df3ac-1bc8-5523-9a37-5feb10bf8581" executionId="14b90b2c-ca7a-4b2e-8246-d2880e1a0dbf" testListId="8c84fa94-04c1-424b-9868-57a2d4851a1d" />
    <TestEntry testId="c4a48ca7-bdda-62aa-ea7f-bfde3760e59a" executionId="4f0329a5-2a7f-443a-bb1d-09da767f296c" testListId="8c84fa94-04c1-424b-9868-57a2d4851a1d" />
    <TestEntry testId="cb42b49c-fe5b-637b-97aa-367f6e520a81" executionId="272ceb62-36f3-4242-9d89-a74142b719df" testListId="8c84fa94-04c1-424b-9868-57a2d4851a1d" />
    <TestEntry testId="82e6d77e-70d0-934d-707e-cf3893cfdfef" executionId="808245f1-2fea-4a1e-b2d0-261fb77592ce" testListId="8c84fa94-04c1-424b-9868-57a2d4851a1d" />
    <TestEntry testId="205d31be-7fe6-4405-a826-12c16da359a5" executionId="f011ddbe-1eff-4e60-9c2c-6e22a2edf3e9" testListId="8c84fa94-04c1-424b-9868-57a2d4851a1d" />
    <TestEntry testId="34ce35e8-35cf-04f8-b980-333879e1a8a1" executionId="2951c0ec-097a-46f3-9efd-2949d3258dd2" testListId="8c84fa94-04c1-424b-9868-57a2d4851a1d" />
    <TestEntry testId="21969340-7963-d6d7-b9c2-ab2e455dc0b4" executionId="d329381c-a09e-4b2b-8e98-bbdbefdbad8d" testListId="8c84fa94-04c1-424b-9868-57a2d4851a1d" />
    <TestEntry testId="0cb2f16b-8138-6711-8092-06aa88dfed09" executionId="670ef3a4-cda8-49f1-a8f9-1b684ddb309f" testListId="8c84fa94-04c1-424b-9868-57a2d4851a1d" />
    <TestEntry testId="d971ed2e-686e-1157-683f-245a615f9656" executionId="58d78ad6-afc2-46f0-9a62-198c0aa7a6a2" testListId="8c84fa94-04c1-424b-9868-57a2d4851a1d" />
    <TestEntry testId="5be8907c-1635-11f0-f1e9-a4aa95fe650e" executionId="f874203b-3a9b-4fff-85b5-fe799b1913b1" testListId="8c84fa94-04c1-424b-9868-57a2d4851a1d" />
    <TestEntry testId="4e4db924-816a-7419-cc3e-0573833d8df3" executionId="15b32b12-85fe-4f77-92df-c1e2c6110aa3" testListId="8c84fa94-04c1-424b-9868-57a2d4851a1d" />
    <TestEntry testId="6fd25452-916a-573e-e52c-d7e02929ba26" executionId="c21b59c7-576a-4109-8902-dd00a036e1b7" testListId="8c84fa94-04c1-424b-9868-57a2d4851a1d" />
    <TestEntry testId="7c3323b5-6fa5-8727-2276-f7a9685506f0" executionId="dc015f61-dd72-4d06-ac73-c09ff5521d5f" testListId="8c84fa94-04c1-424b-9868-57a2d4851a1d" />
    <TestEntry testId="a42468cf-09d6-e366-4cc5-3d728c246069" executionId="0c14e92b-4696-46d0-b855-d16d59be3014" testListId="8c84fa94-04c1-424b-9868-57a2d4851a1d" />
    <TestEntry testId="6de21e75-5f9e-26fc-f354-477f474d85a3" executionId="a80fe5e2-52e7-4cd4-816f-5a9ac629b7f8" testListId="8c84fa94-04c1-424b-9868-57a2d4851a1d" />
    <TestEntry testId="f1b728e2-44f9-13a3-d1d4-3d98ab75def8" executionId="692a4e6e-4ae8-4ef5-8a36-672ec9417c33" testListId="8c84fa94-04c1-424b-9868-57a2d4851a1d" />
    <TestEntry testId="14f1bb4b-c147-a69e-a6dd-06685a9833c8" executionId="8e2683e0-7393-43c5-ac40-4f6f55a4536a" testListId="8c84fa94-04c1-424b-9868-57a2d4851a1d" />
    <TestEntry testId="725d6fd6-2ea6-b7fb-5630-a25d707fced7" executionId="034fc71f-b153-49bd-8345-c5ad23742806" testListId="8c84fa94-04c1-424b-9868-57a2d4851a1d" />
    <TestEntry testId="26eb7c3e-66f6-a4ab-5bbb-b6a75fbc9c52" executionId="271f57a8-e037-4a80-92c8-025c2f31c9b1" testListId="8c84fa94-04c1-424b-9868-57a2d4851a1d" />
    <TestEntry testId="587dcf75-959e-7492-a47d-b238363cd13a" executionId="a8cbaff8-3de8-42b7-ab64-2a7f8e61775c" testListId="8c84fa94-04c1-424b-9868-57a2d4851a1d" />
    <TestEntry testId="883a1ce2-da5c-0891-2f95-c9b577fe6e81" executionId="8f42cc29-739d-4ea5-a5bd-348082e2515b" testListId="8c84fa94-04c1-424b-9868-57a2d4851a1d" />
    <TestEntry testId="272f5ef6-f6f8-9718-6ebf-1be74fb84855" executionId="3a3e634f-0bf7-4dde-b6ae-7adedf13eebb" testListId="8c84fa94-04c1-424b-9868-57a2d4851a1d" />
    <TestEntry testId="8e63da65-bc12-52f3-c971-0568de98d20f" executionId="33af344f-a25d-4d03-94b0-dcb98492795c" testListId="8c84fa94-04c1-424b-9868-57a2d4851a1d" />
    <TestEntry testId="3e2e0e04-4ec3-e946-64e5-e997b6c28b86" executionId="83627fd8-1879-44cd-8128-3f4504c85920" testListId="8c84fa94-04c1-424b-9868-57a2d4851a1d" />
    <TestEntry testId="218fc7cd-f63e-ef89-ae91-ce7d7fe6449b" executionId="40d233db-3924-4f70-96c0-05b370d3c118" testListId="8c84fa94-04c1-424b-9868-57a2d4851a1d" />
    <TestEntry testId="a9ff4d77-7078-3259-f439-00a66e539524" executionId="c0929d8c-fb9a-46f2-b354-f02486ff382a" testListId="8c84fa94-04c1-424b-9868-57a2d4851a1d" />
    <TestEntry testId="5b767cbc-7611-3350-eb5a-21f2f3bfead5" executionId="a6e1e42a-39c7-4214-9cef-5ddea45bfd24" testListId="8c84fa94-04c1-424b-9868-57a2d4851a1d" />
    <TestEntry testId="da8d8063-7fa8-4078-28c6-b806c21158e1" executionId="824227a4-d089-418a-a66a-461f7049f5c8" testListId="8c84fa94-04c1-424b-9868-57a2d4851a1d" />
    <TestEntry testId="473f98f8-b3a3-703b-de24-43d9c1c64fdb" executionId="ffa2d1d8-66b7-4612-a2fe-5b44f279a05a" testListId="8c84fa94-04c1-424b-9868-57a2d4851a1d" />
    <TestEntry testId="af150cd5-118c-83c6-05f6-6ba987b20aaf" executionId="edb77443-8315-4c43-824a-5c2d5ab4a5d5" testListId="8c84fa94-04c1-424b-9868-57a2d4851a1d" />
    <TestEntry testId="c3c8b199-0a31-f1dd-704e-704d2b54f88d" executionId="31bf97b6-68b9-47b0-b7a1-92f9d2a66b07" testListId="8c84fa94-04c1-424b-9868-57a2d4851a1d" />
    <TestEntry testId="feaf4740-a3eb-1a25-615c-28b3917d2065" executionId="6190d7c8-2f96-4524-b0f7-55df2524be96" testListId="8c84fa94-04c1-424b-9868-57a2d4851a1d" />
    <TestEntry testId="02f0dfb5-984e-e288-cf6f-bfb9adb31514" executionId="865194ce-8d86-47d6-951d-f7dd4f51999b" testListId="8c84fa94-04c1-424b-9868-57a2d4851a1d" />
    <TestEntry testId="b4ab231d-a982-a01b-8706-64c8f498d54a" executionId="b2fbd26e-8917-4095-bccd-d5bb2e51d7e8" testListId="8c84fa94-04c1-424b-9868-57a2d4851a1d" />
    <TestEntry testId="8bce012e-0d23-15de-1a21-f971bd34bf4b" executionId="a147b0e3-e535-498b-8dbe-6f0bb95348d3" testListId="8c84fa94-04c1-424b-9868-57a2d4851a1d" />
    <TestEntry testId="9d8116b1-be3b-7de0-19a4-6af1e9f60664" executionId="966f86d4-b627-4f27-8397-ad98b0b29036" testListId="8c84fa94-04c1-424b-9868-57a2d4851a1d" />
    <TestEntry testId="94b06285-5a18-4852-abf1-fc8e73476704" executionId="285be5d7-aa1b-4ae3-9d59-10c2fad12e5f" testListId="8c84fa94-04c1-424b-9868-57a2d4851a1d" />
    <TestEntry testId="0e917500-13b1-4bd2-87f9-0bdff73886a0" executionId="ef5bc95d-f925-49cc-a58e-272c5a8524a5" testListId="8c84fa94-04c1-424b-9868-57a2d4851a1d" />
    <TestEntry testId="dcf40e59-2408-432a-a4b0-0319b836921e" executionId="6193c1c6-6aa3-4c0e-8ed8-d23c64c41e6b" testListId="8c84fa94-04c1-424b-9868-57a2d4851a1d" />
    <TestEntry testId="35ae65f1-e90e-4416-8f81-846631a9e0db" executionId="3ad0e894-8812-4888-90d6-82576b836e70" testListId="8c84fa94-04c1-424b-9868-57a2d4851a1d" />
    <TestEntry testId="e6905350-29d3-4d09-ae75-f55cb4d6403a" executionId="00d1aafa-6816-4c9b-936c-192145274512" testListId="8c84fa94-04c1-424b-9868-57a2d4851a1d" />
    <TestEntry testId="7afae6e5-7277-882f-b72c-7a57ed75eb23" executionId="9d41d5af-948f-4610-9838-6e61cd6fd57b" testListId="8c84fa94-04c1-424b-9868-57a2d4851a1d" />
    <TestEntry testId="10744765-7cea-3609-5932-e29dc02899d3" executionId="a563ff2d-e70d-43c5-92b1-d50ebebbfe82" testListId="8c84fa94-04c1-424b-9868-57a2d4851a1d" />
    <TestEntry testId="0ed8d0a4-1448-4dac-a770-32746b9c55b6" executionId="882e8ab9-b1a5-4832-bd0b-6639ab081eab" testListId="8c84fa94-04c1-424b-9868-57a2d4851a1d" />
    <TestEntry testId="391a9862-21a9-4205-9ccc-af99cdb6a4dc" executionId="f03801cb-8aa7-4682-9072-d09ab20d3553" testListId="8c84fa94-04c1-424b-9868-57a2d4851a1d" />
    <TestEntry testId="c858a921-5252-4777-9795-bb800b360ee0" executionId="af668cd7-e13a-4493-8b15-9fe11a20e59a" testListId="8c84fa94-04c1-424b-9868-57a2d4851a1d" />
    <TestEntry testId="4b10ce62-859c-44b6-9509-21d64af05db4" executionId="15086580-0786-4767-9486-8a508015f544" testListId="8c84fa94-04c1-424b-9868-57a2d4851a1d" />
    <TestEntry testId="251048b8-af20-43dc-85c5-1c30f2477026" executionId="99af1806-b435-4e9f-b304-377b7bf50b99" testListId="8c84fa94-04c1-424b-9868-57a2d4851a1d" />
    <TestEntry testId="82754f7e-e96b-f794-9853-f235e04455a1" executionId="28629fdd-fde6-4704-a945-66336a8e420f" testListId="8c84fa94-04c1-424b-9868-57a2d4851a1d" />
    <TestEntry testId="e296dc1b-867f-bb98-8d8e-f5a897e22b75" executionId="e3bc44d2-8cac-4916-b881-0d1fe23bc5d8" testListId="8c84fa94-04c1-424b-9868-57a2d4851a1d" />
    <TestEntry testId="25ecde23-91ed-40e5-bee1-daaeac0f6fa3" executionId="2928b5d4-ea95-4409-a0d0-30f474fc8572" testListId="8c84fa94-04c1-424b-9868-57a2d4851a1d" />
    <TestEntry testId="b30db8e7-41a0-423f-a467-7ad0b3e1f3f7" executionId="ebe7d30e-66fe-460e-a634-c8f8ad0e7c69" testListId="8c84fa94-04c1-424b-9868-57a2d4851a1d" />
    <TestEntry testId="dcb72fb1-0216-4cbe-997e-18e62608e7d6" executionId="2a8e3ff5-b4ef-4d7d-9cc7-20a48f3f43df" testListId="8c84fa94-04c1-424b-9868-57a2d4851a1d" />
    <TestEntry testId="dcc88ec6-844c-4e8d-bf20-bf44e42ece3b" executionId="ee01017c-5368-40d7-a7d6-933118bff4c1" testListId="8c84fa94-04c1-424b-9868-57a2d4851a1d" />
    <TestEntry testId="53435517-da44-423a-9755-e2ac83a57b26" executionId="f4b98a22-501a-4f48-8792-a336604fdf80" testListId="8c84fa94-04c1-424b-9868-57a2d4851a1d" />
    <TestEntry testId="726c9069-d0bd-2659-793b-f61e8fa73ca2" executionId="564dfaa5-9fdf-4412-8536-21ac48e0dbcc" testListId="8c84fa94-04c1-424b-9868-57a2d4851a1d" />
    <TestEntry testId="cf6feb00-224e-4e27-e793-7fc40067dcef" executionId="feaba7dc-6361-474b-9f77-c5b3efe39442" testListId="8c84fa94-04c1-424b-9868-57a2d4851a1d" />
    <TestEntry testId="360a1ff4-f3bd-459e-a15e-30788aa7e956" executionId="d17bd3be-4e45-4a47-a064-bc4b3027a6e0" testListId="8c84fa94-04c1-424b-9868-57a2d4851a1d" />
    <TestEntry testId="30ce385b-7b1c-407d-b62b-39d5a544986c" executionId="c072c182-06aa-4c5d-93cf-e679ab1810c5" testListId="8c84fa94-04c1-424b-9868-57a2d4851a1d" />
    <TestEntry testId="e1579edc-2be3-4f0a-aa5b-630bf6a3a548" executionId="bbc91972-8195-4a92-8ad7-d7a7c3fe6753" testListId="8c84fa94-04c1-424b-9868-57a2d4851a1d" />
    <TestEntry testId="f3472122-27ce-41d9-bacd-f41bb599914f" executionId="70407238-62e5-4403-bc15-9a7011649086" testListId="8c84fa94-04c1-424b-9868-57a2d4851a1d" />
    <TestEntry testId="385d0f33-c81c-4236-b72b-03126818b8f7" executionId="9692ddfa-faa3-401a-854c-f8c5c9d7c200" testListId="8c84fa94-04c1-424b-9868-57a2d4851a1d" />
    <TestEntry testId="9c41cde7-6a66-6684-4e2a-48e26ffb18b3" executionId="c0428514-e0d6-4fa9-97b3-6a76864cb2da" testListId="8c84fa94-04c1-424b-9868-57a2d4851a1d" />
    <TestEntry testId="716f04eb-c911-468b-8d6a-6d5600024354" executionId="5f64958c-f2af-4616-92cd-0452684b0ed5" testListId="8c84fa94-04c1-424b-9868-57a2d4851a1d" />
    <TestEntry testId="cd5798e3-b4c3-485e-851a-7dce9bc60d7b" executionId="f5cede13-5dc8-41ab-8568-c84d10ce66dc" testListId="8c84fa94-04c1-424b-9868-57a2d4851a1d" />
    <TestEntry testId="2fce3986-d7bf-44b5-9d75-f3e502d8ac15" executionId="86d28cf4-aecc-4880-afe0-099e145a9f0e" testListId="8c84fa94-04c1-424b-9868-57a2d4851a1d" />
    <TestEntry testId="0ffab138-0ff9-42ab-a0f7-fb23d2fa14ae" executionId="a5bb1950-e618-413d-bec5-6b8b0438af81" testListId="8c84fa94-04c1-424b-9868-57a2d4851a1d" />
    <TestEntry testId="a54644df-0cfe-4cce-bfda-e0e02ecc9017" executionId="47710513-fcd4-43ba-b446-796b5729b9ba" testListId="8c84fa94-04c1-424b-9868-57a2d4851a1d" />
    <TestEntry testId="81b3dac1-498f-b50e-d649-173a90639522" executionId="75d3f75c-5201-4c24-af03-942d8c560d1d" testListId="8c84fa94-04c1-424b-9868-57a2d4851a1d" />
    <TestEntry testId="2064bfef-a1f0-4813-85ad-5592d3d2064c" executionId="63718be5-d2d7-4bda-b431-b1eec615d229" testListId="8c84fa94-04c1-424b-9868-57a2d4851a1d" />
    <TestEntry testId="f37e9f90-c6ab-4c77-a670-8ed53bee3d46" executionId="6e1d775d-5a2a-4f2b-a47c-1b8e22bff5c5" testListId="8c84fa94-04c1-424b-9868-57a2d4851a1d" />
    <TestEntry testId="65656589-91e6-4e63-b2e3-0d11d777eb86" executionId="194f88aa-b267-4910-a12e-59820559679d" testListId="8c84fa94-04c1-424b-9868-57a2d4851a1d" />
    <TestEntry testId="e4d050e2-4f76-48fe-9578-2106952714bc" executionId="0e3a9ae2-5572-4a93-8acb-beba2dee8387" testListId="8c84fa94-04c1-424b-9868-57a2d4851a1d" />
    <TestEntry testId="54126b36-3aa9-4456-8005-80347fdd1b39" executionId="ded7517d-cdaf-49df-b38e-2a51a6f2627a" testListId="8c84fa94-04c1-424b-9868-57a2d4851a1d" />
    <TestEntry testId="87a7a8a2-d01b-92cf-5abd-701ca375c334" executionId="d2254c70-bee4-498f-901c-261343dc3152" testListId="8c84fa94-04c1-424b-9868-57a2d4851a1d" />
    <TestEntry testId="c296b460-eae6-a6a5-eb7c-926fd5282cdf" executionId="642af956-6b11-490c-bfb1-eb5f89effaa4" testListId="8c84fa94-04c1-424b-9868-57a2d4851a1d" />
    <TestEntry testId="390fccd8-abbf-486d-ba95-80d0296ed496" executionId="15720985-eebc-4482-b675-5169dd56f1c2" testListId="8c84fa94-04c1-424b-9868-57a2d4851a1d" />
    <TestEntry testId="448c4daf-bb53-4330-8516-64e05ce93cc5" executionId="fc928e85-642a-417e-bf83-a19b993bedb7" testListId="8c84fa94-04c1-424b-9868-57a2d4851a1d" />
    <TestEntry testId="1e432b82-3b4d-4720-bf4e-4f0c2ce0c981" executionId="de55a05b-4ea0-43c8-b1e2-43b53ba18f33" testListId="8c84fa94-04c1-424b-9868-57a2d4851a1d" />
    <TestEntry testId="f0a98f0d-fb1f-414b-a29b-111f914912ef" executionId="15725b57-a2fd-4307-835a-40f74fca5ca9" testListId="8c84fa94-04c1-424b-9868-57a2d4851a1d" />
    <TestEntry testId="39492483-b922-48eb-a27f-38be73caadc7" executionId="091fae57-07e2-4f52-9a7e-78e9d9dce402" testListId="8c84fa94-04c1-424b-9868-57a2d4851a1d" />
    <TestEntry testId="d4e19f99-cf06-4f88-ba24-c9161a59e533" executionId="47b751d6-b0ea-462c-b523-0c57e511467d" testListId="8c84fa94-04c1-424b-9868-57a2d4851a1d" />
    <TestEntry testId="e5bf3eca-457b-4bc9-b6eb-ee597a8d091c" executionId="332b7814-a62c-4b20-ab76-5ee83234c740" testListId="8c84fa94-04c1-424b-9868-57a2d4851a1d" />
    <TestEntry testId="83e37087-ab7c-4c6e-84c6-667c6efb7f7c" executionId="8d2d67dc-ddd1-4154-aadb-92faea593ca4" testListId="8c84fa94-04c1-424b-9868-57a2d4851a1d" />
    <TestEntry testId="5b1850dc-9e53-4c77-92be-53ee3203e8af" executionId="8bbc69bc-acf7-4fab-b2e2-2260d2ea0767" testListId="8c84fa94-04c1-424b-9868-57a2d4851a1d" />
    <TestEntry testId="8cba13c3-3751-44ad-8158-6a9ef1037470" executionId="29e7ce69-0e91-4397-8afb-727ebce27ff5" testListId="8c84fa94-04c1-424b-9868-57a2d4851a1d" />
    <TestEntry testId="87369f23-f717-4d72-9fee-ec3028dd84d9" executionId="2e0d2a11-6019-41f1-abec-1055f6cd7aca" testListId="8c84fa94-04c1-424b-9868-57a2d4851a1d" />
    <TestEntry testId="d95dd6f8-ddfc-4072-a991-5ac4101b9611" executionId="ae3f2f96-6cfc-4242-b1fa-3006ae53a890" testListId="8c84fa94-04c1-424b-9868-57a2d4851a1d" />
    <TestEntry testId="20febe5a-81b0-4060-ba8c-6c67230c54f1" executionId="5679ada0-4b09-4b44-9475-551062473ca1" testListId="8c84fa94-04c1-424b-9868-57a2d4851a1d" />
    <TestEntry testId="503a5f3d-3721-4472-af35-9e1981ff3547" executionId="00f1b1c9-8c69-4c66-84be-9875e9b568ac" testListId="8c84fa94-04c1-424b-9868-57a2d4851a1d" />
    <TestEntry testId="d0737c89-94c9-434d-96b3-4aa4782583ae" executionId="cf0092ff-eebd-4213-b508-4d7664b73a2b" testListId="8c84fa94-04c1-424b-9868-57a2d4851a1d" />
    <TestEntry testId="6c5a6406-60ee-268c-8caa-10a4e4169a39" executionId="65223f71-ba81-46ec-b7f0-e905f9278581" testListId="8c84fa94-04c1-424b-9868-57a2d4851a1d" />
    <TestEntry testId="ae50c378-5e88-9bdf-c32c-1b6453475354" executionId="1938e6ee-04ad-463c-87ed-5d1292a693ea" testListId="8c84fa94-04c1-424b-9868-57a2d4851a1d" />
    <TestEntry testId="f7a25309-9db1-4f66-aed4-4543745cd79f" executionId="1e264ece-f228-4a3e-800d-38752be05351" testListId="8c84fa94-04c1-424b-9868-57a2d4851a1d" />
    <TestEntry testId="d729a406-5272-4240-95ef-be92f50f7d99" executionId="bccba562-64c1-4242-98fd-08ac4e4c6d4e" testListId="8c84fa94-04c1-424b-9868-57a2d4851a1d" />
    <TestEntry testId="ce817366-05d7-466b-911c-e61bd7f1072c" executionId="4be43f2d-3f29-4767-a6ba-d8d06e36ef1d" testListId="8c84fa94-04c1-424b-9868-57a2d4851a1d" />
    <TestEntry testId="45f8249d-b455-441d-a5e9-caa9a4d91d06" executionId="613149f3-0c77-4bc2-ad5d-2ce96a44901f" testListId="8c84fa94-04c1-424b-9868-57a2d4851a1d" />
    <TestEntry testId="66530246-7df1-4bba-a242-8803b9712b0d" executionId="acc1dabf-edcd-4ec6-a7ed-81c5bf6c7590" testListId="8c84fa94-04c1-424b-9868-57a2d4851a1d" />
    <TestEntry testId="30330532-1c64-9a56-fefa-835c1c90c666" executionId="c93b6600-6f87-4911-995f-99db08252342" testListId="8c84fa94-04c1-424b-9868-57a2d4851a1d" />
    <TestEntry testId="fbe2af38-3277-009f-b5eb-cb20f5e114a0" executionId="e2f5b72b-b172-49ea-88d3-e4d16aef6c6e" testListId="8c84fa94-04c1-424b-9868-57a2d4851a1d" />
    <TestEntry testId="879f1280-eaf8-fd5a-f387-f4b77c53435c" executionId="176b6feb-1d55-4e97-bf5b-50a1ca882fe4" testListId="8c84fa94-04c1-424b-9868-57a2d4851a1d" />
    <TestEntry testId="0958fc75-10b6-8177-7244-832553c442bf" executionId="08b87d36-b6a0-4d64-8586-9dc3b5573eb2" testListId="8c84fa94-04c1-424b-9868-57a2d4851a1d" />
    <TestEntry testId="7d24e0ee-8109-fbcc-717d-10de31b7e050" executionId="23277d6d-4c69-4d62-b168-6c0b17361eb2" testListId="8c84fa94-04c1-424b-9868-57a2d4851a1d" />
    <TestEntry testId="e07e295d-cb67-bff7-4038-94a4669131de" executionId="943de044-e674-4724-8962-fb99a949b4c9" testListId="8c84fa94-04c1-424b-9868-57a2d4851a1d" />
    <TestEntry testId="ee11c0fc-874f-98a5-fa7a-5af74c4a89d4" executionId="e8b92df2-b6fe-4e09-b60a-bf40a592413f" testListId="8c84fa94-04c1-424b-9868-57a2d4851a1d" />
    <TestEntry testId="5a71d02b-a34d-2c85-ad49-7738ace3028e" executionId="2d1738c0-1f16-4fb1-8262-11b2cf93ba37" testListId="8c84fa94-04c1-424b-9868-57a2d4851a1d" />
    <TestEntry testId="137a085a-9212-160a-ccd2-4228156f3347" executionId="7cb307ba-84ad-4fd5-9893-3d10fbe1c1ed" testListId="8c84fa94-04c1-424b-9868-57a2d4851a1d" />
    <TestEntry testId="199eee44-ef3c-f4e9-0e38-1dee1b921060" executionId="72c38fa1-0b67-4931-aec8-0f6881602311" testListId="8c84fa94-04c1-424b-9868-57a2d4851a1d" />
    <TestEntry testId="bccf6664-a30e-fec7-673e-6800440ac496" executionId="d5436af8-a523-4e78-8841-154b983ae163" testListId="8c84fa94-04c1-424b-9868-57a2d4851a1d" />
    <TestEntry testId="82ae7624-7d01-3799-c588-a7d71f5912ba" executionId="3f1e87b9-ca1f-405c-abfd-adb31afd6512" testListId="8c84fa94-04c1-424b-9868-57a2d4851a1d" />
    <TestEntry testId="237c2e18-09eb-156e-6c80-4a4967befb2b" executionId="69dca50f-d361-4dff-8a5c-94412d96bd3e" testListId="8c84fa94-04c1-424b-9868-57a2d4851a1d" />
    <TestEntry testId="cfd2430d-58f3-a31a-6141-e0f9c17c3e10" executionId="2920d7c6-c501-4e01-9870-fea62896774f" testListId="8c84fa94-04c1-424b-9868-57a2d4851a1d" />
    <TestEntry testId="2c0f5902-5088-97fc-ba39-34ba27f0852b" executionId="da565934-224c-44a8-9ca8-45768a83faff" testListId="8c84fa94-04c1-424b-9868-57a2d4851a1d" />
    <TestEntry testId="77cd9c00-0ff1-f247-e080-268eca7f1a3b" executionId="3acb8701-3680-4631-a57d-32dd2d9f1c88" testListId="8c84fa94-04c1-424b-9868-57a2d4851a1d" />
    <TestEntry testId="5f33d7a8-8cbb-d5a7-4a73-33236632ff40" executionId="1a6b941a-e44b-4876-8084-a6a5ec53d8f9" testListId="8c84fa94-04c1-424b-9868-57a2d4851a1d" />
    <TestEntry testId="671c3960-20ea-0a91-88b7-294eefdb1d50" executionId="016a7a15-076e-45a2-a499-feb6d7c5784c" testListId="8c84fa94-04c1-424b-9868-57a2d4851a1d" />
    <TestEntry testId="0a8dbf5f-3c11-0f43-1e18-f9f5c1e3d992" executionId="4909cc7a-60fb-427e-8258-7dcd0ecbec9d" testListId="8c84fa94-04c1-424b-9868-57a2d4851a1d" />
    <TestEntry testId="59af4d4b-6945-137e-25fd-9689f84a3515" executionId="37f867d9-df6e-416b-91e0-07b93793b972" testListId="8c84fa94-04c1-424b-9868-57a2d4851a1d" />
    <TestEntry testId="167a97e3-aeb5-5983-3aac-b290929f1328" executionId="c45d40f4-84d3-4507-a211-3f260bea9b8a" testListId="8c84fa94-04c1-424b-9868-57a2d4851a1d" />
    <TestEntry testId="c8fe3dab-9d51-7a45-57f0-559ce1ef8359" executionId="670b265b-225c-4d27-86d7-c3894082a1d4" testListId="8c84fa94-04c1-424b-9868-57a2d4851a1d" />
    <TestEntry testId="9c7b8e84-0b19-8fdd-ceb6-9ecf10b746c5" executionId="24723e4a-bcb7-4124-8e5d-9c41a5494992" testListId="8c84fa94-04c1-424b-9868-57a2d4851a1d" />
    <TestEntry testId="73a77780-c0c8-d727-dd48-193582cf6fc2" executionId="21b180aa-df4b-4246-8b25-9641a1f7358a" testListId="8c84fa94-04c1-424b-9868-57a2d4851a1d" />
    <TestEntry testId="edb162f0-c6a9-f7fb-f126-bafa646d7472" executionId="c1f97a71-b3e7-4c86-90eb-d003d4c7312f" testListId="8c84fa94-04c1-424b-9868-57a2d4851a1d" />
    <TestEntry testId="8b3295b0-e70f-6273-bdb2-5eec9b9acda9" executionId="658c80e1-0f35-44f0-a447-a72af7aee9c8" testListId="8c84fa94-04c1-424b-9868-57a2d4851a1d" />
    <TestEntry testId="d71d23ae-6bae-bb8b-ad12-2e93e556fa7e" executionId="bc6f3d73-7c0d-42f6-9bf3-47f660c1fad5" testListId="8c84fa94-04c1-424b-9868-57a2d4851a1d" />
    <TestEntry testId="ec675539-241e-8518-1ec7-25a11222781c" executionId="1ec885f8-ca8d-4a87-87a6-d20b6cc7d264" testListId="8c84fa94-04c1-424b-9868-57a2d4851a1d" />
    <TestEntry testId="66893fc2-163a-d628-3b65-d4e6bf41dc2d" executionId="a5335d16-9a05-4c83-9de6-38106e4f0ff4" testListId="8c84fa94-04c1-424b-9868-57a2d4851a1d" />
    <TestEntry testId="304cc5ed-e193-b420-fc86-0e4da86e0319" executionId="6ee0cc89-0abe-4985-8641-a4949f9f56f0" testListId="8c84fa94-04c1-424b-9868-57a2d4851a1d" />
    <TestEntry testId="cc5397e6-f155-e71e-320f-17893e8d0bd3" executionId="0b02daa8-3e63-442b-83f9-1b324be2bf8e" testListId="8c84fa94-04c1-424b-9868-57a2d4851a1d" />
    <TestEntry testId="ac3d5f86-4b23-0ea1-e36d-68edbb0443c3" executionId="1446d2bd-4ea4-4c1c-8594-9eb065d5a614" testListId="8c84fa94-04c1-424b-9868-57a2d4851a1d" />
    <TestEntry testId="5aab9fd5-fe61-10ee-16b1-2236e3c5d17f" executionId="ce0513db-2b4a-497f-97d8-876bce8d26d3" testListId="8c84fa94-04c1-424b-9868-57a2d4851a1d" />
    <TestEntry testId="622307de-5973-6666-9a3c-1258c513bfd5" executionId="cdf397df-bc7b-499c-86f4-adb3a8adf4a1" testListId="8c84fa94-04c1-424b-9868-57a2d4851a1d" />
    <TestEntry testId="6e33c6bb-193c-8621-f72c-57babf146f6a" executionId="992e407f-bb0d-488b-89ec-d738cc0795fb" testListId="8c84fa94-04c1-424b-9868-57a2d4851a1d" />
    <TestEntry testId="de6f6204-f60e-d0d3-0b4f-9fc0373b6038" executionId="9a48e9c3-f38c-4774-8c24-d723ee41a89e" testListId="8c84fa94-04c1-424b-9868-57a2d4851a1d" />
    <TestEntry testId="8ea0dd02-6785-41e5-fa01-c66d281718e5" executionId="7aaed3f1-fe13-4b4b-be89-4dc93140f64d" testListId="8c84fa94-04c1-424b-9868-57a2d4851a1d" />
    <TestEntry testId="ab30ec00-9d79-91e8-73fc-83c9a30ea7b4" executionId="03839a44-a9aa-4b6e-ab8e-a1b4cf21e753" testListId="8c84fa94-04c1-424b-9868-57a2d4851a1d" />
    <TestEntry testId="2ddf9a66-c5f0-c3f4-4f55-b00c25625c4b" executionId="bb2d47e2-5a23-45e5-ad4b-ba83709c5ebd" testListId="8c84fa94-04c1-424b-9868-57a2d4851a1d" />
    <TestEntry testId="baed69f8-32d0-e2f8-8896-7d5d103c183b" executionId="ea2c4465-0f66-488a-93ab-142176b77fb9" testListId="8c84fa94-04c1-424b-9868-57a2d4851a1d" />
    <TestEntry testId="01fc0583-64b7-1be9-6fe1-42008b5660db" executionId="60c4a4c4-665b-4dbf-abbd-170a6c256a5b" testListId="8c84fa94-04c1-424b-9868-57a2d4851a1d" />
    <TestEntry testId="5fcb2095-9897-67e4-804b-eaf3ca0d0396" executionId="ed210ef5-08a5-4da5-968f-657dca806361" testListId="8c84fa94-04c1-424b-9868-57a2d4851a1d" />
    <TestEntry testId="c1ed354b-92dc-86e4-9f47-b938828735e3" executionId="b06a03db-35ef-4d42-a59e-077ad0d1b4c0" testListId="8c84fa94-04c1-424b-9868-57a2d4851a1d" />
    <TestEntry testId="39243958-28b8-c574-0942-b3b2581bdf13" executionId="244dabf1-4bb4-4456-ae2a-f81469241995" testListId="8c84fa94-04c1-424b-9868-57a2d4851a1d" />
    <TestEntry testId="e1b95c04-b0d3-4080-b9a9-598c891d52ed" executionId="14450b92-5e65-4f44-a7bb-02c82ef23b1b" testListId="8c84fa94-04c1-424b-9868-57a2d4851a1d" />
    <TestEntry testId="389ea35e-7357-4a6b-363f-111f8e44a89f" executionId="bc1dc759-7d3a-4a47-95ce-1c9dbaa2ea48" testListId="8c84fa94-04c1-424b-9868-57a2d4851a1d" />
    <TestEntry testId="d729c074-0409-1276-221e-c6ac3714e5bf" executionId="6ba635ff-bb28-4909-be2a-7a8a359c4f31" testListId="8c84fa94-04c1-424b-9868-57a2d4851a1d" />
    <TestEntry testId="40ad9c01-0499-7957-4d1e-ce23444646e7" executionId="d8603821-576c-4c9d-b737-f8627f093b95" testListId="8c84fa94-04c1-424b-9868-57a2d4851a1d" />
    <TestEntry testId="a31d66d7-58f5-7467-fdf8-09bca30941ef" executionId="46469da9-20db-42a0-b2f3-72fa64de983e" testListId="8c84fa94-04c1-424b-9868-57a2d4851a1d" />
    <TestEntry testId="aff50075-5cfe-0620-9f1c-bd1deaf58db9" executionId="4ee2132d-d5ba-44ec-89ff-06193dab7a83" testListId="8c84fa94-04c1-424b-9868-57a2d4851a1d" />
    <TestEntry testId="82d2200b-8d92-b562-b993-c0d1d133a145" executionId="82af5578-8337-44f7-a8fe-1af61dfd5d4a" testListId="8c84fa94-04c1-424b-9868-57a2d4851a1d" />
    <TestEntry testId="02c5d68f-187e-802e-e1ff-92de478a0648" executionId="905f0627-1ea7-4ab1-9670-bc2e18470aef" testListId="8c84fa94-04c1-424b-9868-57a2d4851a1d" />
    <TestEntry testId="2c460657-735a-c662-31da-e79932af7531" executionId="2aeaec13-448d-4a97-a2aa-8bd69832bb67" testListId="8c84fa94-04c1-424b-9868-57a2d4851a1d" />
    <TestEntry testId="ff99b30e-b4cc-cf2d-bc95-3e1e1a1fa2f7" executionId="9ef34875-6ed8-4822-9a58-ed382c613404" testListId="8c84fa94-04c1-424b-9868-57a2d4851a1d" />
    <TestEntry testId="dbda1aa6-62dc-1f36-b044-2aa13d9ea816" executionId="902872ee-6131-4381-aa83-5fce2e767688" testListId="8c84fa94-04c1-424b-9868-57a2d4851a1d" />
    <TestEntry testId="b4769b0a-9f38-960c-f9cd-952c947b5318" executionId="224362f5-0410-443c-9e98-09a60d1c1aa6" testListId="8c84fa94-04c1-424b-9868-57a2d4851a1d" />
    <TestEntry testId="11c05688-f0dd-6cb9-4371-d2aa6c5630f5" executionId="c92106ea-a625-4c56-b7a9-0f7ca48e0dc2" testListId="8c84fa94-04c1-424b-9868-57a2d4851a1d" />
    <TestEntry testId="08f9e72d-90ad-bb0a-85b3-01c350f41b9e" executionId="57f4d111-fa52-4faa-9066-525081c62bc9" testListId="8c84fa94-04c1-424b-9868-57a2d4851a1d" />
    <TestEntry testId="16918b6f-a994-88f6-00e1-cdee48f9316b" executionId="3ae61521-3c6d-4948-aad5-2d9129acd1b7" testListId="8c84fa94-04c1-424b-9868-57a2d4851a1d" />
    <TestEntry testId="ded53dd6-b8c2-4000-f22b-9d6d5742418c" executionId="e8995550-7791-4054-82a7-f44630fe7ea5" testListId="8c84fa94-04c1-424b-9868-57a2d4851a1d" />
    <TestEntry testId="16245504-302c-a784-d1fd-35d04e037c36" executionId="4f6ef8fe-7bf0-4bfe-a635-d2fc19a92d03" testListId="8c84fa94-04c1-424b-9868-57a2d4851a1d" />
    <TestEntry testId="547b112c-0bea-7d6d-e2d9-c3b01e389125" executionId="4a9ff280-27ab-4c57-8f89-5614a1bd05f1" testListId="8c84fa94-04c1-424b-9868-57a2d4851a1d" />
    <TestEntry testId="15242a85-61e8-7b53-f6a3-2418aa9ace1c" executionId="6983e986-4203-4718-84d3-487edbcd3e72" testListId="8c84fa94-04c1-424b-9868-57a2d4851a1d" />
    <TestEntry testId="085edc57-18a7-4da8-237b-ff5099adceef" executionId="ced2feff-f41c-46f7-8751-9b692bbbdeb5" testListId="8c84fa94-04c1-424b-9868-57a2d4851a1d" />
    <TestEntry testId="5f7b88a7-0cfd-0125-af06-dfcabb574c1f" executionId="631c0f88-e1f0-472e-be03-50b4f39e097d" testListId="8c84fa94-04c1-424b-9868-57a2d4851a1d" />
    <TestEntry testId="8b9a9a49-7e8b-0239-50a6-155db95586b4" executionId="5134a173-cfe0-40c3-a9f4-e6077ab82c8a" testListId="8c84fa94-04c1-424b-9868-57a2d4851a1d" />
    <TestEntry testId="6949b790-4eba-591a-e583-1d7ac3c62d88" executionId="3278dfc6-7d78-40e4-b32f-2e3297f152eb" testListId="8c84fa94-04c1-424b-9868-57a2d4851a1d" />
    <TestEntry testId="19f5aee0-c0b1-673e-cc57-5ba4dc95ce6c" executionId="36edfe7f-3080-40ce-af8d-df3e025932ec" testListId="8c84fa94-04c1-424b-9868-57a2d4851a1d" />
    <TestEntry testId="25e97d9e-339f-cf96-15ad-24fc04309419" executionId="a24baeef-b420-47e8-9fed-c6c2b80784e2" testListId="8c84fa94-04c1-424b-9868-57a2d4851a1d" />
    <TestEntry testId="c8d36562-1ed9-cc08-2544-b6dc6de2e19e" executionId="579a3dae-15a9-4dc4-b37f-698da1a4c304" testListId="8c84fa94-04c1-424b-9868-57a2d4851a1d" />
    <TestEntry testId="58398306-b421-7001-8491-7ff8455125f8" executionId="b03a0b4d-3ffd-4819-a8e3-9f6e77dfa93b" testListId="8c84fa94-04c1-424b-9868-57a2d4851a1d" />
    <TestEntry testId="fc45bf5d-2f1b-d57b-1478-e05da148b07a" executionId="7c61c69e-4803-44aa-8371-54e5fafb0040" testListId="8c84fa94-04c1-424b-9868-57a2d4851a1d" />
    <TestEntry testId="bf14f93f-b52a-a6d2-ac67-161209e67f59" executionId="458446b1-02bf-42b4-9a5c-7dbaf3965a04" testListId="8c84fa94-04c1-424b-9868-57a2d4851a1d" />
    <TestEntry testId="df3cad42-5e37-9836-a0fc-6248bfa63119" executionId="144b5791-0356-4e79-bf43-62070e3bded4" testListId="8c84fa94-04c1-424b-9868-57a2d4851a1d" />
    <TestEntry testId="9cdc9d16-bfa8-8cb3-7281-fc1b284f9767" executionId="df928669-1bbc-4383-8dd3-a573c87445ba" testListId="8c84fa94-04c1-424b-9868-57a2d4851a1d" />
    <TestEntry testId="f0d8c873-9ca0-f637-41de-c40c84d9626e" executionId="a9219733-c576-44eb-9205-d24ece99d456" testListId="8c84fa94-04c1-424b-9868-57a2d4851a1d" />
    <TestEntry testId="a0392f7c-e975-9f89-ec26-257009f3df5a" executionId="a6db28b9-6015-42c4-91e9-2d2f6e97aef7" testListId="8c84fa94-04c1-424b-9868-57a2d4851a1d" />
    <TestEntry testId="664b557b-4977-389c-f6f8-f698e8d5799b" executionId="8491ced9-a277-4475-99e6-a1d1dd40976a" testListId="8c84fa94-04c1-424b-9868-57a2d4851a1d" />
    <TestEntry testId="441a0a6e-f0ad-ac95-6610-6ac8c7434af3" executionId="fd866140-f3ad-4677-af2c-10f39dbff623" testListId="8c84fa94-04c1-424b-9868-57a2d4851a1d" />
    <TestEntry testId="14cc77ca-1538-b470-d0e2-93e0202a30aa" executionId="569a9844-1c23-4b6f-9f86-1ae4087d2e4b" testListId="8c84fa94-04c1-424b-9868-57a2d4851a1d" />
    <TestEntry testId="8eff060c-56ad-1191-3d57-728ab8eaaa44" executionId="db04532d-f693-4c15-8562-e934d613600f" testListId="8c84fa94-04c1-424b-9868-57a2d4851a1d" />
    <TestEntry testId="37ea91d2-2467-f802-4788-db36844b206e" executionId="b1d3fe40-0f9d-48ae-abd7-191bb9ad730c" testListId="8c84fa94-04c1-424b-9868-57a2d4851a1d" />
    <TestEntry testId="1f72308e-1798-b612-3878-c5d8af790720" executionId="3812a936-dee9-44fd-a883-4facc3bc35aa" testListId="8c84fa94-04c1-424b-9868-57a2d4851a1d" />
    <TestEntry testId="af7f55cc-a8eb-5c72-30e2-3c0b014d6054" executionId="c5cbbdff-64db-414b-aad7-3e2bb7fd6214" testListId="8c84fa94-04c1-424b-9868-57a2d4851a1d" />
    <TestEntry testId="dd996387-07c8-d9d9-80fe-660022d79c1b" executionId="c0ecd5c6-4506-4807-9393-5c0180e817c6" testListId="8c84fa94-04c1-424b-9868-57a2d4851a1d" />
    <TestEntry testId="796b2568-fc64-2ba1-c24b-d9ff75d8934b" executionId="a82e23e3-9a08-463c-a8a6-93cae4b727d3" testListId="8c84fa94-04c1-424b-9868-57a2d4851a1d" />
    <TestEntry testId="ef0c3255-b573-1841-5f5e-4517e4044606" executionId="ab6e2adc-1f88-437f-acb5-e9138e37e668" testListId="8c84fa94-04c1-424b-9868-57a2d4851a1d" />
    <TestEntry testId="249bf2b4-8597-4662-14f9-658c3f1464bb" executionId="7066ec99-e68d-4cd2-ae0d-842566b08964" testListId="8c84fa94-04c1-424b-9868-57a2d4851a1d" />
    <TestEntry testId="1d469863-2dc7-4887-91cb-6f30fee2e953" executionId="4a3a4e9b-7525-4a7c-ac06-d86cacdf5df8" testListId="8c84fa94-04c1-424b-9868-57a2d4851a1d" />
    <TestEntry testId="de9bc859-b43f-47d5-bb9f-25b3c001df09" executionId="c1ec639b-70c7-4a0b-a42e-e2c9dd4de9a7" testListId="8c84fa94-04c1-424b-9868-57a2d4851a1d" />
    <TestEntry testId="858bc329-6be5-417e-bf94-777e95f5fafd" executionId="4a379459-452e-4576-907d-10ea020675f1" testListId="8c84fa94-04c1-424b-9868-57a2d4851a1d" />
    <TestEntry testId="a4ac58b4-494f-4356-8a83-2800c208fca2" executionId="3208ac12-de21-4d6e-8591-8e860d81a64e" testListId="8c84fa94-04c1-424b-9868-57a2d4851a1d" />
    <TestEntry testId="85e6a9ce-bd4a-47fb-90ec-2b03f2330c81" executionId="9e04dccd-82bd-4956-a9e2-d767b9100232" testListId="8c84fa94-04c1-424b-9868-57a2d4851a1d" />
    <TestEntry testId="df0ed849-aca6-4fd9-be9d-01310c07c26c" executionId="df975c9d-ca4a-45b2-8325-e2eba96ff411" testListId="8c84fa94-04c1-424b-9868-57a2d4851a1d" />
    <TestEntry testId="0bf08676-ed32-4847-aca8-ff22061c698e" executionId="6972985e-0ce9-49ef-a89b-6563fd807fa1" testListId="8c84fa94-04c1-424b-9868-57a2d4851a1d" />
    <TestEntry testId="110beeea-f0f7-434e-8c17-4e6a9f560bc5" executionId="c8edeb40-b357-48f0-becc-742d2b03f829" testListId="8c84fa94-04c1-424b-9868-57a2d4851a1d" />
    <TestEntry testId="f13eb0d5-a8fc-ccc0-8705-0bcf7e08b946" executionId="dddb3433-8fd5-4ece-bcb4-685a80911243" testListId="8c84fa94-04c1-424b-9868-57a2d4851a1d" />
    <TestEntry testId="d3024f63-2e3d-f324-ba9c-4be8a8df9c2a" executionId="bd71ffc9-84df-45fb-a14e-be6cc6da2028" testListId="8c84fa94-04c1-424b-9868-57a2d4851a1d" />
    <TestEntry testId="5c2a47df-9c13-6697-7598-94ebf1bbd6e9" executionId="9e3f7a5e-1b7e-4797-8d7b-f65bffac1442" testListId="8c84fa94-04c1-424b-9868-57a2d4851a1d" />
    <TestEntry testId="0d2665fb-e49e-06f3-6f60-a7a9182a1180" executionId="d86531e2-25f3-4e5b-ad19-3d5d8f34a830" testListId="8c84fa94-04c1-424b-9868-57a2d4851a1d" />
    <TestEntry testId="f446d842-b376-4e7b-16da-6a379b45c5d6" executionId="7e3bd22e-6f63-4a97-8840-c1db94e5a7cf" testListId="8c84fa94-04c1-424b-9868-57a2d4851a1d" />
    <TestEntry testId="9d19dda3-2402-20d8-615b-1631da2be3e3" executionId="f4fd5c5b-a4d9-4da5-a318-80cf1dfb11cf" testListId="8c84fa94-04c1-424b-9868-57a2d4851a1d" />
    <TestEntry testId="610e654d-2843-d858-b996-92832caed145" executionId="72519737-c6bd-4665-8fa2-1514749182cf" testListId="8c84fa94-04c1-424b-9868-57a2d4851a1d" />
    <TestEntry testId="41caedaf-fee5-9e47-59c2-9ea3c1b079e7" executionId="9b9772ed-bb13-45a1-866a-579059f09445" testListId="8c84fa94-04c1-424b-9868-57a2d4851a1d" />
    <TestEntry testId="3d784330-85b7-58d2-a967-de6bc9d63264" executionId="69b0920d-7a1e-440a-a8fe-eb3c9f0876bf" testListId="8c84fa94-04c1-424b-9868-57a2d4851a1d" />
    <TestEntry testId="3b8a1acb-f68f-8a0d-f627-37a62f0b7e3f" executionId="8f9353a9-e284-4fb4-aca4-4c4ba82432cd" testListId="8c84fa94-04c1-424b-9868-57a2d4851a1d" />
    <TestEntry testId="b5e58d48-fbfa-58e9-2ba7-d28611ee6561" executionId="ffbaba37-c508-47de-8bf2-f85c8870c291" testListId="8c84fa94-04c1-424b-9868-57a2d4851a1d" />
    <TestEntry testId="81d060bc-39aa-1cef-49ff-ff1c90f62b7f" executionId="089f32ed-a9a8-4a3f-8612-1968fcd0f57a" testListId="8c84fa94-04c1-424b-9868-57a2d4851a1d" />
    <TestEntry testId="8a128978-65b5-4c3c-9b76-36317b418bda" executionId="45266085-3e0a-43cc-be39-eee28550fc24" testListId="8c84fa94-04c1-424b-9868-57a2d4851a1d" />
    <TestEntry testId="908a98d4-2f01-4eab-9970-ec3939c3e463" executionId="c1d69b92-5741-4e4b-88c6-3d4d3dd9ba73" testListId="8c84fa94-04c1-424b-9868-57a2d4851a1d" />
    <TestEntry testId="6f09ca33-0ba9-709e-d6f5-f76aa77ab33f" executionId="255cfe54-0068-4d1e-8bac-5282be832e1a" testListId="8c84fa94-04c1-424b-9868-57a2d4851a1d" />
    <TestEntry testId="d7ae8fcb-a05e-810e-1355-a44e47ca33c7" executionId="7061d5a3-3718-46b4-a959-6d3c3f3c63c9" testListId="8c84fa94-04c1-424b-9868-57a2d4851a1d" />
    <TestEntry testId="676fe44c-f53e-4350-b656-7f7cf54b2103" executionId="951b2cd6-8fd1-495c-b8ea-9c3b5beb758f" testListId="8c84fa94-04c1-424b-9868-57a2d4851a1d" />
    <TestEntry testId="fdd12339-8997-468c-bf95-82e57f93370a" executionId="3cbfd5df-b059-448c-b128-5aa1f7854fe6" testListId="8c84fa94-04c1-424b-9868-57a2d4851a1d" />
    <TestEntry testId="e80bb6f4-cb57-b5c8-692b-4e1b46f3f73c" executionId="b0b5c4c2-5827-43be-9f42-7d9994768394" testListId="8c84fa94-04c1-424b-9868-57a2d4851a1d" />
    <TestEntry testId="16bcfa8b-1cec-8756-fc97-02c77f2bd808" executionId="bc5af065-3555-4ef1-bc3d-20d8aea5f998" testListId="8c84fa94-04c1-424b-9868-57a2d4851a1d" />
    <TestEntry testId="014b9e90-2dcf-0a1c-c4a5-d7a4bcc318f2" executionId="92eec34b-d980-474b-9a3b-302b5389b5f8" testListId="8c84fa94-04c1-424b-9868-57a2d4851a1d" />
    <TestEntry testId="0fb683c3-3632-4ddf-b0f2-d5ab6ebee5b7" executionId="20840753-b6bf-4f79-88fa-51a6d5ab6de8" testListId="8c84fa94-04c1-424b-9868-57a2d4851a1d" />
    <TestEntry testId="431a5e6a-fe9d-43a3-839a-1797081001e8" executionId="d04d2952-dadf-4455-b840-c84111deabef" testListId="8c84fa94-04c1-424b-9868-57a2d4851a1d" />
    <TestEntry testId="2f8de2c1-c3ee-310e-8c99-d09e267911ee" executionId="39bbb818-b644-473b-826e-439793d234f9" testListId="8c84fa94-04c1-424b-9868-57a2d4851a1d" />
    <TestEntry testId="128f33b3-ad11-4e0f-a9e7-77e2a6af6331" executionId="00d01f3c-6383-4e59-9804-306dcea8087f" testListId="8c84fa94-04c1-424b-9868-57a2d4851a1d" />
    <TestEntry testId="ea0012c2-34ee-464d-9150-85cfd5b3fcda" executionId="33480b9f-df63-4c5f-8a50-5074af1e981c" testListId="8c84fa94-04c1-424b-9868-57a2d4851a1d" />
    <TestEntry testId="75f082a9-e784-30c2-1b04-352eeb77b695" executionId="feecc309-1fd3-4e0a-b3cf-3e914ac89cee" testListId="8c84fa94-04c1-424b-9868-57a2d4851a1d" />
    <TestEntry testId="2afd4214-f3ee-4037-b157-0af59ecf1395" executionId="0d250a9c-0dc7-46a0-a181-baaa7f8656c8" testListId="8c84fa94-04c1-424b-9868-57a2d4851a1d" />
    <TestEntry testId="53892fcf-d518-4036-b989-5d1f5dafa490" executionId="9e79fe50-d8c0-4306-b8a7-4f0104963144" testListId="8c84fa94-04c1-424b-9868-57a2d4851a1d" />
    <TestEntry testId="fae8ca15-4930-8dc3-b097-81b19107ff16" executionId="a1b042d7-fb88-41ff-a6fc-9664d51b777b" testListId="8c84fa94-04c1-424b-9868-57a2d4851a1d" />
    <TestEntry testId="5b3e205d-5e9a-4f88-ab3e-f3c974bd2c9b" executionId="2785f08c-ba99-454c-8675-b5411ab7c3a7" testListId="8c84fa94-04c1-424b-9868-57a2d4851a1d" />
    <TestEntry testId="030d627c-a7f5-4792-b578-455f91714929" executionId="41703125-bf53-403a-8823-4477998a7bcc" testListId="8c84fa94-04c1-424b-9868-57a2d4851a1d" />
    <TestEntry testId="1835a9b1-569f-fa47-e993-903211910619" executionId="c1815d90-bdf5-4eed-88bc-5cc1fb97c16f" testListId="8c84fa94-04c1-424b-9868-57a2d4851a1d" />
    <TestEntry testId="56a84e48-c9b3-825e-f84b-52d65c66e0d5" executionId="d8d4440e-3e08-4abc-a40c-6e1bf2d19975" testListId="8c84fa94-04c1-424b-9868-57a2d4851a1d" />
    <TestEntry testId="92dab4a4-5049-398a-47d0-3f79a5eba604" executionId="78f08506-6743-474a-ab48-f9292b686372" testListId="8c84fa94-04c1-424b-9868-57a2d4851a1d" />
    <TestEntry testId="11199903-2d03-4332-16f5-a1c37b85ed13" executionId="03c13e83-622d-455b-b5a6-504bad8b00a0" testListId="8c84fa94-04c1-424b-9868-57a2d4851a1d" />
    <TestEntry testId="710a6889-5dfc-c732-0b90-55bf2ddac993" executionId="38672566-c98e-45ab-9f4b-5ecb9e74bd09" testListId="8c84fa94-04c1-424b-9868-57a2d4851a1d" />
    <TestEntry testId="52998856-19a9-f189-93d8-0f49e7a4287c" executionId="ab653e66-390d-44e9-a292-7c65fc32cfdc" testListId="8c84fa94-04c1-424b-9868-57a2d4851a1d" />
    <TestEntry testId="80b6bf1f-247c-3356-871f-d17ab3bc0f90" executionId="3f61bb0e-597b-4ac8-8e5d-b6647bb12183" testListId="8c84fa94-04c1-424b-9868-57a2d4851a1d" />
    <TestEntry testId="9d16ffbf-be81-4be2-0f67-e562be79f4c7" executionId="3b50d5e6-468a-4d20-a3ef-38d19959c166" testListId="8c84fa94-04c1-424b-9868-57a2d4851a1d" />
    <TestEntry testId="b93419d8-c713-d1ad-e7fc-7aaedf8d86f0" executionId="95430ec6-a39f-4be7-afb9-1bf0dc061539" testListId="8c84fa94-04c1-424b-9868-57a2d4851a1d" />
    <TestEntry testId="f8367486-0501-7765-77e4-a1c1dbd64cd8" executionId="50de75f1-b991-489f-91c2-24c92fe8b53f" testListId="8c84fa94-04c1-424b-9868-57a2d4851a1d" />
    <TestEntry testId="262e5d87-255b-fbe9-88d3-a0f7cc64b9a5" executionId="520dc622-fbd1-4a84-a4c3-042165485864" testListId="8c84fa94-04c1-424b-9868-57a2d4851a1d" />
    <TestEntry testId="797602cf-e6a5-de7f-b4bb-3eda8b2fb489" executionId="203cb00a-598c-4ff5-98bf-366ad3e3e698" testListId="8c84fa94-04c1-424b-9868-57a2d4851a1d" />
    <TestEntry testId="4cd46871-2642-b521-ad1a-54483dd58c89" executionId="67ee827e-86ab-453a-8741-ff24f1e05c0d" testListId="8c84fa94-04c1-424b-9868-57a2d4851a1d" />
    <TestEntry testId="260dff13-10a3-46ab-e664-bfa637460e4d" executionId="e0684cf2-cbb3-4d63-ac99-4deb2413467c" testListId="8c84fa94-04c1-424b-9868-57a2d4851a1d" />
    <TestEntry testId="71c99f9c-8944-1134-2569-00fcbe598e04" executionId="cbdba38d-0e94-4d75-a320-ea8b17cb587b" testListId="8c84fa94-04c1-424b-9868-57a2d4851a1d" />
    <TestEntry testId="b3d99045-8a38-5afb-842c-7fec4da9b6b8" executionId="151141fd-f5ad-4acb-b694-c29dfe12cf9b" testListId="8c84fa94-04c1-424b-9868-57a2d4851a1d" />
    <TestEntry testId="e80e3b7d-3fd9-5f84-96ee-59825ba27c79" executionId="c58754e1-c745-47a7-8ab2-20b079b99be9" testListId="8c84fa94-04c1-424b-9868-57a2d4851a1d" />
    <TestEntry testId="7211c057-fb1a-c74f-8bda-fa56407ef270" executionId="9f84cb52-2722-4f7c-ab9d-40eed5a872be" testListId="8c84fa94-04c1-424b-9868-57a2d4851a1d" />
    <TestEntry testId="044e2634-0c27-c7dd-4a7a-af25049da98a" executionId="e2274452-4c14-4cf2-a9cc-45dda96f1886" testListId="8c84fa94-04c1-424b-9868-57a2d4851a1d" />
    <TestEntry testId="23015fc4-a3d1-ed5e-c39f-ed4b6c7af6c4" executionId="d9a92f52-890f-4dee-ae59-90db81e9face" testListId="8c84fa94-04c1-424b-9868-57a2d4851a1d" />
    <TestEntry testId="d998f092-96c9-6b75-bc7e-d3e51c54bba1" executionId="9e809e30-c20e-438e-a3e9-01e3239636de" testListId="8c84fa94-04c1-424b-9868-57a2d4851a1d" />
    <TestEntry testId="23f1441b-d236-dffe-cf6c-35dcacec9a82" executionId="660c54a8-c8aa-45ff-a118-a66f6a1b7ab8" testListId="8c84fa94-04c1-424b-9868-57a2d4851a1d" />
    <TestEntry testId="a992875c-20ec-4bd5-3e93-c4e26f5cf5fc" executionId="e076f0bf-f73e-4ac1-b539-dd3f40b31648" testListId="8c84fa94-04c1-424b-9868-57a2d4851a1d" />
    <TestEntry testId="e87df1a4-1a9f-e2b4-7f25-224fa9a0d71b" executionId="12dd4248-b417-4ca5-969a-6296a95e8eb0" testListId="8c84fa94-04c1-424b-9868-57a2d4851a1d" />
    <TestEntry testId="0fee45d3-f042-4a7e-87f1-a3d50526ac6a" executionId="3cd802c1-9cf1-4382-aa0a-e2e70956d079" testListId="8c84fa94-04c1-424b-9868-57a2d4851a1d" />
    <TestEntry testId="8fad4614-e31a-ece3-6592-10bae4148fef" executionId="e023803f-d716-4fc6-a0da-f5032451fde4" testListId="8c84fa94-04c1-424b-9868-57a2d4851a1d" />
    <TestEntry testId="b713b6ee-798e-e05e-1e46-11818f502df8" executionId="271d2219-73b7-4bee-b9b4-34837c449e7d" testListId="8c84fa94-04c1-424b-9868-57a2d4851a1d" />
    <TestEntry testId="15542ff0-a169-1817-7450-870f3244fbc4" executionId="fa61da46-9196-48f2-9fa5-a4c2b5e4a16c" testListId="8c84fa94-04c1-424b-9868-57a2d4851a1d" />
    <TestEntry testId="ac3e00f0-bfca-cfd6-f3a4-b869b0878931" executionId="87fc8a24-f5da-4d04-bc72-2874fb7ee87e" testListId="8c84fa94-04c1-424b-9868-57a2d4851a1d" />
    <TestEntry testId="70c1419c-890e-3894-aca3-507c0ab84845" executionId="55806e0e-a25b-432f-bfbe-44d894c472e5" testListId="8c84fa94-04c1-424b-9868-57a2d4851a1d" />
    <TestEntry testId="83aec82b-fd78-57e6-b501-9c9a64d172a6" executionId="48c6806d-c7fb-4963-97e6-e38c1c610fd8" testListId="8c84fa94-04c1-424b-9868-57a2d4851a1d" />
    <TestEntry testId="dbf509ab-0907-74d2-a29d-eacd243610ae" executionId="524a74e7-55b9-4e0d-b319-5bb87e999d95" testListId="8c84fa94-04c1-424b-9868-57a2d4851a1d" />
    <TestEntry testId="ea6fc3cd-d794-3012-4a24-ad85d1a8c482" executionId="e4b75e2f-fa7a-4d0f-abd7-0428ef304066" testListId="8c84fa94-04c1-424b-9868-57a2d4851a1d" />
    <TestEntry testId="27cd9546-210f-59b8-1dc7-13f0ab87e874" executionId="ca4a4647-5bdc-436a-85af-152bd0be4ee3" testListId="8c84fa94-04c1-424b-9868-57a2d4851a1d" />
    <TestEntry testId="44a10e14-5e01-1056-e0d2-ace84858109c" executionId="d2a68c02-6d18-422f-b022-2511995b3637" testListId="8c84fa94-04c1-424b-9868-57a2d4851a1d" />
    <TestEntry testId="fc394f36-8e4e-f195-840a-3b47bdbcdc90" executionId="10a11805-877d-4866-9af6-17c396e13a48" testListId="8c84fa94-04c1-424b-9868-57a2d4851a1d" />
    <TestEntry testId="0d66ff25-8878-a1a7-246a-7899a2a513f8" executionId="371ac9f2-8f1f-4405-b38d-719830ecdece" testListId="8c84fa94-04c1-424b-9868-57a2d4851a1d" />
    <TestEntry testId="7c7d6967-7b4a-4acf-48c9-23e15b184ca1" executionId="e108c5da-3a37-4a72-82b7-9adfff89ad12" testListId="8c84fa94-04c1-424b-9868-57a2d4851a1d" />
    <TestEntry testId="c7501fe3-852a-0822-2623-684bd2980fe8" executionId="08943123-cba4-439d-bd47-5861fc806b07" testListId="8c84fa94-04c1-424b-9868-57a2d4851a1d" />
    <TestEntry testId="f549e438-a40c-6682-cba7-d1a131bd86e2" executionId="7b0ac3dc-b793-41e4-8cd8-48c964d7a76d" testListId="8c84fa94-04c1-424b-9868-57a2d4851a1d" />
    <TestEntry testId="c2d54e1c-e2aa-2b8a-9d9c-d993452b14a3" executionId="5bea9207-4141-4e39-b419-33ac3ee7fb2e" testListId="8c84fa94-04c1-424b-9868-57a2d4851a1d" />
    <TestEntry testId="a9bc3a82-6270-e010-5971-ce2fc233204b" executionId="29ee6aba-4455-4c62-ac25-1de1f23704d2" testListId="8c84fa94-04c1-424b-9868-57a2d4851a1d" />
    <TestEntry testId="114a5f61-327d-5958-6e74-21d4e1dac82b" executionId="dfde4041-fdbd-475b-b5c2-ac6e2cbd4fb3" testListId="8c84fa94-04c1-424b-9868-57a2d4851a1d" />
    <TestEntry testId="6f27a1e1-3c2c-4599-8fab-f6c20240f34f" executionId="84af456d-44b3-4517-a774-4811bafb31d5" testListId="8c84fa94-04c1-424b-9868-57a2d4851a1d" />
    <TestEntry testId="e727fe38-04b7-4975-8761-ce04a03b565f" executionId="b810429c-3b3f-40bc-9eae-e12628b4f32a" testListId="8c84fa94-04c1-424b-9868-57a2d4851a1d" />
    <TestEntry testId="a15dcecd-a7c6-4792-8aac-33a87012dbd8" executionId="15e9f90d-3c03-4bc0-86be-120d2b07c62a" testListId="8c84fa94-04c1-424b-9868-57a2d4851a1d" />
    <TestEntry testId="5ac59f26-1e49-2c63-c77f-57e1fe75f3ac" executionId="fea6ea11-715f-437f-b534-910008f78ff8" testListId="8c84fa94-04c1-424b-9868-57a2d4851a1d" />
    <TestEntry testId="5d1500d8-a384-3c48-5747-602e982d4ca7" executionId="1d0883f0-dce6-4516-875c-bea73773a316" testListId="8c84fa94-04c1-424b-9868-57a2d4851a1d" />
    <TestEntry testId="f0ad2314-11ac-4f14-9628-003cf38415b1" executionId="3df31d8c-42f1-4776-bf17-691b0b6a342d" testListId="8c84fa94-04c1-424b-9868-57a2d4851a1d" />
    <TestEntry testId="527fefc1-b5aa-4209-854c-3634cf1613cd" executionId="46120818-5578-491e-bd40-05e114cf78e6" testListId="8c84fa94-04c1-424b-9868-57a2d4851a1d" />
    <TestEntry testId="fb964eef-3ebe-437e-9e3b-1b2b3c245ade" executionId="dd3f5b55-e994-4634-bb2a-cdfed8f0a059" testListId="8c84fa94-04c1-424b-9868-57a2d4851a1d" />
    <TestEntry testId="72f3ba71-8155-2ac7-0110-c5d07c3a0159" executionId="f16ab6c4-d4c5-4562-88f1-fe0e9eb0e196" testListId="8c84fa94-04c1-424b-9868-57a2d4851a1d" />
    <TestEntry testId="30560003-9566-3106-e804-874afa878658" executionId="ce511267-eb69-4365-9792-dbe3c6ec1d1c" testListId="8c84fa94-04c1-424b-9868-57a2d4851a1d" />
    <TestEntry testId="8035d035-11ba-413d-bf31-1c166b755b02" executionId="e4e9771e-389c-4c86-824a-a983e7d7c9b2" testListId="8c84fa94-04c1-424b-9868-57a2d4851a1d" />
    <TestEntry testId="92b0f4d0-bad8-43dc-a09c-a79ed564cee5" executionId="a6da6f48-63ce-4326-b467-df2c0d1d299d" testListId="8c84fa94-04c1-424b-9868-57a2d4851a1d" />
    <TestEntry testId="683a2f32-03ff-4f60-ab1f-bde99f08fc3e" executionId="6fde8a23-8e90-4ed0-9318-434cb4da3b9f" testListId="8c84fa94-04c1-424b-9868-57a2d4851a1d" />
    <TestEntry testId="846dd08a-0d8b-afa1-5880-e9666d1952d0" executionId="f5c1f437-3068-41e7-b8c2-dbcf287dbe67" testListId="8c84fa94-04c1-424b-9868-57a2d4851a1d" />
    <TestEntry testId="00bb2241-e791-41c7-be10-0be89f78e40b" executionId="45b2c97c-e719-4008-a323-3f758258f481" testListId="8c84fa94-04c1-424b-9868-57a2d4851a1d" />
    <TestEntry testId="294324a5-2082-c1b9-dcf0-7e0fa8044559" executionId="9d31413e-4bbd-4da7-9de1-075a9d12f9db" testListId="8c84fa94-04c1-424b-9868-57a2d4851a1d" />
    <TestEntry testId="bc981ee0-433d-471d-9c36-089065a4fee0" executionId="a473c315-e429-4bb6-abfd-f0c77b6d118c" testListId="8c84fa94-04c1-424b-9868-57a2d4851a1d" />
    <TestEntry testId="ca63fb9e-cd4d-4807-b15b-9402461febbd" executionId="8c0c42ce-6cbf-4100-9764-a9dd1408618c" testListId="8c84fa94-04c1-424b-9868-57a2d4851a1d" />
    <TestEntry testId="73872033-5d71-4e3b-8445-16c3d1dbe152" executionId="1f2f9494-e44d-4a87-9bb0-60076e009771" testListId="8c84fa94-04c1-424b-9868-57a2d4851a1d" />
    <TestEntry testId="095b6e4f-5e17-34d6-1156-af6a9d7affb5" executionId="0012e985-5a15-40e0-baa9-0f7ab8108458" testListId="8c84fa94-04c1-424b-9868-57a2d4851a1d" />
    <TestEntry testId="523a0110-e924-4302-a4db-0bbecfa921f0" executionId="833dc2f7-4e83-49fb-9622-39534eca039d" testListId="8c84fa94-04c1-424b-9868-57a2d4851a1d" />
    <TestEntry testId="8b790cfd-daec-4892-800c-9d6e76713b3a" executionId="9ed7ed89-146d-4914-a243-af087570b24b" testListId="8c84fa94-04c1-424b-9868-57a2d4851a1d" />
    <TestEntry testId="c241ce7c-ce26-4e14-bfa6-b579f6af8616" executionId="8b1ff320-24b9-46f3-942c-58454380b9cb" testListId="8c84fa94-04c1-424b-9868-57a2d4851a1d" />
    <TestEntry testId="9568e25f-a876-d699-e544-ab5843951f17" executionId="4e68f396-342d-412e-a81c-b6b2eb285b3e" testListId="8c84fa94-04c1-424b-9868-57a2d4851a1d" />
    <TestEntry testId="883928a4-8a95-4b32-acb7-b57a0c04c9df" executionId="65368375-32a2-438c-82cc-9392431dee79" testListId="8c84fa94-04c1-424b-9868-57a2d4851a1d" />
    <TestEntry testId="35c32f05-70f0-43ee-ae4b-dc6af429cd49" executionId="11aa1e91-1b8e-4283-8fbf-2509585b470f" testListId="8c84fa94-04c1-424b-9868-57a2d4851a1d" />
    <TestEntry testId="0248ef49-66af-4b69-9ef4-b1a46c3c27f0" executionId="4c7c824d-70e4-4db4-ad04-5964a379ede8" testListId="8c84fa94-04c1-424b-9868-57a2d4851a1d" />
    <TestEntry testId="dfa4076f-5da1-ba27-33a1-b1288b53092b" executionId="9c6fd7a2-4636-4526-96cc-428ae01bbe3b" testListId="8c84fa94-04c1-424b-9868-57a2d4851a1d" />
    <TestEntry testId="80d9b44e-b57c-4b1f-9d30-3bf103697e55" executionId="9e9dab16-5c82-44ed-93f2-22a52073307e" testListId="8c84fa94-04c1-424b-9868-57a2d4851a1d" />
    <TestEntry testId="76e7c590-3909-4666-a011-90a3d3591beb" executionId="850297db-2b15-4759-b136-8b8d426b73f5" testListId="8c84fa94-04c1-424b-9868-57a2d4851a1d" />
    <TestEntry testId="bba65084-2bbe-4fe7-957d-a07d1f24d44c" executionId="c4cfc7f0-2b84-4b1f-9418-a8ec6c71cfaf" testListId="8c84fa94-04c1-424b-9868-57a2d4851a1d" />
    <TestEntry testId="e690a9c4-2fcf-8cc4-028f-3323d30778f2" executionId="355c2909-e6ad-46c4-8fce-1424a148bc6c" testListId="8c84fa94-04c1-424b-9868-57a2d4851a1d" />
    <TestEntry testId="9b453094-3943-4589-a92b-12fff3421a22" executionId="f4a1d85a-246b-4774-8079-b47606722d8a" testListId="8c84fa94-04c1-424b-9868-57a2d4851a1d" />
    <TestEntry testId="bef76dd9-3c16-4e5d-bdf8-d7004f8712a2" executionId="96f99a88-911c-4711-a33c-f1b6d34e959c" testListId="8c84fa94-04c1-424b-9868-57a2d4851a1d" />
    <TestEntry testId="06cc2171-ad44-430d-957d-36490f55f169" executionId="dbf8cccf-cd81-46a3-b0df-7771356324e9" testListId="8c84fa94-04c1-424b-9868-57a2d4851a1d" />
    <TestEntry testId="fdd3b3f8-35bc-5541-f230-6af12868f306" executionId="1f030395-37b7-46b3-82ee-85d6a5184eb5" testListId="8c84fa94-04c1-424b-9868-57a2d4851a1d" />
    <TestEntry testId="b91e6320-a593-435e-8797-eaef39cee647" executionId="71b5b0a9-12ea-4770-bc2a-9801016cdbc8" testListId="8c84fa94-04c1-424b-9868-57a2d4851a1d" />
    <TestEntry testId="c0b9344e-ad59-4a14-8cb2-35f1970acaf3" executionId="6c6658d9-24b2-4689-8c12-1bdbc5db1e6e" testListId="8c84fa94-04c1-424b-9868-57a2d4851a1d" />
    <TestEntry testId="6b920165-6ea0-444c-8c49-5a1ba7fa1e42" executionId="d9d53f16-4721-426c-a4f0-4fc71156f99b" testListId="8c84fa94-04c1-424b-9868-57a2d4851a1d" />
    <TestEntry testId="7366c2ca-f1ee-0431-b6a2-24e6a898f67f" executionId="c222b3b2-e51a-406f-8f10-21dfa9707c53" testListId="8c84fa94-04c1-424b-9868-57a2d4851a1d" />
    <TestEntry testId="604d6e66-4f50-eeaf-c91c-00618cdd4be9" executionId="f2f5c981-d7b7-4367-bd9f-210c37ca20ef" testListId="8c84fa94-04c1-424b-9868-57a2d4851a1d" />
    <TestEntry testId="b441a0ff-cc3e-d765-9f9f-45b774c13534" executionId="97d6888f-4fab-4aae-adc2-2a16fa2e7040" testListId="8c84fa94-04c1-424b-9868-57a2d4851a1d" />
    <TestEntry testId="1d255d32-6b6e-b100-4063-1c61d5abb39e" executionId="0f994b80-7c0c-45cf-8342-773e9935ed58" testListId="8c84fa94-04c1-424b-9868-57a2d4851a1d" />
    <TestEntry testId="f68e0df1-a29c-8086-d693-bc4391100e64" executionId="b9b4bc5b-df4b-41f7-a8dd-44c14969eec2" testListId="8c84fa94-04c1-424b-9868-57a2d4851a1d" />
    <TestEntry testId="8447594b-3610-7622-4414-6ab8f73c1c84" executionId="fa5f77b9-0b86-4854-8c78-e10a770918a1" testListId="8c84fa94-04c1-424b-9868-57a2d4851a1d" />
    <TestEntry testId="2014bc56-360b-950c-eb68-907c75c1d77b" executionId="536dc3c5-e4e1-4788-90a5-5da5c5218893" testListId="8c84fa94-04c1-424b-9868-57a2d4851a1d" />
    <TestEntry testId="25e53356-18af-1edd-1483-1da7f106419f" executionId="92462ba8-7bbd-4ead-90a7-3b3194feaec3" testListId="8c84fa94-04c1-424b-9868-57a2d4851a1d" />
    <TestEntry testId="9cc66408-aa4e-777c-b436-61b820ad0bed" executionId="16c95a3f-0050-4c50-a3df-734c7207b88e" testListId="8c84fa94-04c1-424b-9868-57a2d4851a1d" />
    <TestEntry testId="4b0c4959-93be-06b5-4c3d-04c3fb8388e6" executionId="59ebda25-3883-4bff-a17b-01fc0eb704b0" testListId="8c84fa94-04c1-424b-9868-57a2d4851a1d" />
    <TestEntry testId="252bef3d-38e4-e012-24a5-d764f66ce942" executionId="559ce384-ad48-4e5e-b146-61c700d1b1c8" testListId="8c84fa94-04c1-424b-9868-57a2d4851a1d" />
    <TestEntry testId="2c88f810-dfef-a49a-0828-5abb98dd2e37" executionId="263347d2-6bd3-4d28-941a-9c2c7d011950" testListId="8c84fa94-04c1-424b-9868-57a2d4851a1d" />
    <TestEntry testId="486340e0-57d2-18b0-f701-7eaeabf1d2ea" executionId="52de8ebd-6492-4658-9eed-a85acb033724" testListId="8c84fa94-04c1-424b-9868-57a2d4851a1d" />
    <TestEntry testId="ad4ddfe5-78ca-ee38-1a0b-a75cf339b6f3" executionId="bb2f2c00-d57d-4d76-8096-186e8586faeb" testListId="8c84fa94-04c1-424b-9868-57a2d4851a1d" />
    <TestEntry testId="8f13a6ce-1126-5318-6277-ddad8cd44709" executionId="f4de0b1a-7425-4cb9-9e6c-7d3a0b779070" testListId="8c84fa94-04c1-424b-9868-57a2d4851a1d" />
    <TestEntry testId="06213074-5f15-9f71-a8b1-0e3f58333a8f" executionId="7df8410b-4b50-498e-99b8-4e1053da92c6" testListId="8c84fa94-04c1-424b-9868-57a2d4851a1d" />
    <TestEntry testId="382379ec-c934-6b5a-eefd-d130bc8eafc9" executionId="78bebf9d-f7dd-488e-9f73-82a51451c52b" testListId="8c84fa94-04c1-424b-9868-57a2d4851a1d" />
    <TestEntry testId="565fd67a-b8df-cc0f-eb64-d6180950a31e" executionId="6041f595-3658-4bc9-9762-98175d6980ca" testListId="8c84fa94-04c1-424b-9868-57a2d4851a1d" />
    <TestEntry testId="ece2f032-85b8-3441-aa8c-570d4be33ffe" executionId="080be64d-5a94-4dac-bc6a-8b648e345624" testListId="8c84fa94-04c1-424b-9868-57a2d4851a1d" />
    <TestEntry testId="e4dd5cc6-7802-d98c-ab9f-bbf7602b6c04" executionId="fa54ad65-b35f-4d28-9492-1ea3c025c17a" testListId="8c84fa94-04c1-424b-9868-57a2d4851a1d" />
    <TestEntry testId="08851839-8a81-cef6-bb0b-74cb777eec2f" executionId="f91aa55d-ef8e-4faf-b585-89593eac4633" testListId="8c84fa94-04c1-424b-9868-57a2d4851a1d" />
    <TestEntry testId="ddbebcf8-ac95-e782-9c6b-10c390bcc3e2" executionId="37f84bb0-052a-4e22-9cff-38a12ba28bbc" testListId="8c84fa94-04c1-424b-9868-57a2d4851a1d" />
    <TestEntry testId="cd800f9a-755c-ca92-f749-273efb302403" executionId="b84693a0-322a-4de7-ba82-0cee0dea2991" testListId="8c84fa94-04c1-424b-9868-57a2d4851a1d" />
    <TestEntry testId="2a341307-2af3-f8cf-376a-ac92f03992df" executionId="c729809e-25bf-44f2-85c6-b55c320c3333" testListId="8c84fa94-04c1-424b-9868-57a2d4851a1d" />
    <TestEntry testId="03837349-39f0-14f5-22d5-8c9b78531b96" executionId="bd87a8d7-dcee-4209-96ed-4c5181ec51eb" testListId="8c84fa94-04c1-424b-9868-57a2d4851a1d" />
    <TestEntry testId="75cdc96e-c98c-dc2f-a4aa-f25d2fb75fe9" executionId="cb7c13cc-8f07-46bb-abbe-2e4fe3d4e6e4" testListId="8c84fa94-04c1-424b-9868-57a2d4851a1d" />
    <TestEntry testId="ae05526f-23bc-5f87-b05a-a69507d45d3b" executionId="38c93b14-c44c-420a-901e-fcf46a73de04" testListId="8c84fa94-04c1-424b-9868-57a2d4851a1d" />
    <TestEntry testId="d8e69c15-4ed3-738e-d1e9-93575173a635" executionId="c4ebaed3-8f3d-4caa-ab56-21aee78ad662" testListId="8c84fa94-04c1-424b-9868-57a2d4851a1d" />
    <TestEntry testId="eba3c3a6-4f85-13dd-0e35-b53c10ab0a1e" executionId="d03a9188-f20d-4b99-a9c7-844804a6c0ea" testListId="8c84fa94-04c1-424b-9868-57a2d4851a1d" />
    <TestEntry testId="b2b429a6-ea8c-f2c1-a97c-fc8ae2326857" executionId="4c6c2311-426d-4aaf-aee2-fd26ff7b9ab2" testListId="8c84fa94-04c1-424b-9868-57a2d4851a1d" />
    <TestEntry testId="380ccfc1-2c99-0f96-58fe-5bb859092720" executionId="2e3fca46-8901-4d27-b905-251dae71c4e0" testListId="8c84fa94-04c1-424b-9868-57a2d4851a1d" />
    <TestEntry testId="ea969617-a214-a9b2-3ee2-1e2b11ab7fd9" executionId="7189aae9-91b4-406c-a858-b9d19e26d9bd" testListId="8c84fa94-04c1-424b-9868-57a2d4851a1d" />
    <TestEntry testId="ef92680b-8a42-f804-af11-8ac5116fd3a4" executionId="49e812c7-02fa-46e5-b9e1-20a2ac4dd194" testListId="8c84fa94-04c1-424b-9868-57a2d4851a1d" />
    <TestEntry testId="d6160c8b-d9f8-0157-5002-b0f933f00ae2" executionId="63457032-072c-44fa-94db-cc9ebc114e8d" testListId="8c84fa94-04c1-424b-9868-57a2d4851a1d" />
    <TestEntry testId="7577b4b6-3925-44de-8960-d9c2d3b9ada1" executionId="3718c703-8e5d-4f1a-a4ad-dea7ec0d22d4" testListId="8c84fa94-04c1-424b-9868-57a2d4851a1d" />
    <TestEntry testId="2a3507b0-2100-4d28-b0d5-6491d1863341" executionId="917c5025-665a-4273-83c0-83e6c791dd8f" testListId="8c84fa94-04c1-424b-9868-57a2d4851a1d" />
    <TestEntry testId="40ff3422-f15d-4b30-b9f8-47ece9429478" executionId="fec44f5f-ff02-4df7-bf7a-5399c92a39e9" testListId="8c84fa94-04c1-424b-9868-57a2d4851a1d" />
    <TestEntry testId="bde6143d-32f0-4361-9596-8a49800d0e86" executionId="a5bf6b46-6976-4c4a-91a5-5429bc592b01" testListId="8c84fa94-04c1-424b-9868-57a2d4851a1d" />
    <TestEntry testId="802577ba-f482-49ab-821d-66166f7ddc6a" executionId="d23b2873-418f-42bf-8c71-c2d7542ebca1" testListId="8c84fa94-04c1-424b-9868-57a2d4851a1d" />
    <TestEntry testId="963fa6af-e46b-4556-afcb-87ac430f31a2" executionId="483adf0c-6365-4fa1-8c25-730f67cac762" testListId="8c84fa94-04c1-424b-9868-57a2d4851a1d" />
    <TestEntry testId="844a832b-1f9e-f2c4-8d2f-9d05f292af16" executionId="565c5f15-d173-45a1-bbd5-ccc826f2378c" testListId="8c84fa94-04c1-424b-9868-57a2d4851a1d" />
    <TestEntry testId="6edc386b-d2ee-4bd1-952f-ad10509f7fec" executionId="68b92d60-2588-442a-9747-1a1690950319" testListId="8c84fa94-04c1-424b-9868-57a2d4851a1d" />
    <TestEntry testId="51ab218a-d2c2-4065-84e7-3ffcbf0cca08" executionId="88721d88-e527-490b-91bf-9eee5cd799eb" testListId="8c84fa94-04c1-424b-9868-57a2d4851a1d" />
    <TestEntry testId="75c95302-4bce-449d-bd1e-e2a7306c1495" executionId="890118ba-c9b3-47bd-94be-a9b9d02170f1" testListId="8c84fa94-04c1-424b-9868-57a2d4851a1d" />
    <TestEntry testId="29738b56-147b-41c6-8f6a-c9ef42fd3285" executionId="a425abe5-ad20-4b0f-9a84-90d0cbf63677" testListId="8c84fa94-04c1-424b-9868-57a2d4851a1d" />
    <TestEntry testId="7336516a-bfbf-4382-ab12-6b67ba30f761" executionId="f4fb93c0-d276-4b28-b656-001d9120e9a7" testListId="8c84fa94-04c1-424b-9868-57a2d4851a1d" />
    <TestEntry testId="5ab1cc2d-5f56-b709-9d87-04d5041ff39f" executionId="2acd61c3-18b4-43e5-9368-0c421c651621" testListId="8c84fa94-04c1-424b-9868-57a2d4851a1d" />
    <TestEntry testId="185cbff5-708d-91a5-459f-71fbfbe49b4b" executionId="cfbd0c06-f153-455b-a692-54ebc0416a90" testListId="8c84fa94-04c1-424b-9868-57a2d4851a1d" />
    <TestEntry testId="70cbeb02-93e5-4120-86b9-63ee73a02cc2" executionId="800f5f54-8c46-4d81-b4f0-38f6519ff6f9" testListId="8c84fa94-04c1-424b-9868-57a2d4851a1d" />
    <TestEntry testId="41af28f9-7463-4040-a9a5-8eaf1ea3227c" executionId="0c0d9620-d3dc-49c6-972c-a6898b89e2ec" testListId="8c84fa94-04c1-424b-9868-57a2d4851a1d" />
    <TestEntry testId="a0df0c1e-6b81-4914-9d2e-087aee95c1f1" executionId="3b8646b9-3be3-4a5f-aec5-0a5fad6859c4" testListId="8c84fa94-04c1-424b-9868-57a2d4851a1d" />
    <TestEntry testId="52060845-c994-4a66-a900-5a3528415641" executionId="17a86121-027c-4cdc-9d57-f76ddd37f1a2" testListId="8c84fa94-04c1-424b-9868-57a2d4851a1d" />
    <TestEntry testId="e17f3963-c98f-4088-a783-594db9cf9801" executionId="6ddfaa71-a04f-4351-b925-a75c60423afa" testListId="8c84fa94-04c1-424b-9868-57a2d4851a1d" />
    <TestEntry testId="1a48a66d-7533-ae46-4240-324ddf732fdb" executionId="493101ab-dd05-444d-a11a-aa0b51818e52" testListId="8c84fa94-04c1-424b-9868-57a2d4851a1d" />
    <TestEntry testId="480b80a8-e8ff-4808-acf9-44460d1ee277" executionId="d2561e50-7149-4aeb-abd1-38321e85d372" testListId="8c84fa94-04c1-424b-9868-57a2d4851a1d" />
    <TestEntry testId="b2971798-287d-4da7-8651-51229cf4ba5f" executionId="388d311d-6016-4b2f-bad9-ec6face11c34" testListId="8c84fa94-04c1-424b-9868-57a2d4851a1d" />
    <TestEntry testId="3bc89178-8fa3-4c02-aa78-22686064ebc0" executionId="c35c66f7-a0a0-40e4-a723-be2ba93e01bd" testListId="8c84fa94-04c1-424b-9868-57a2d4851a1d" />
    <TestEntry testId="14e8f0cf-93b7-432b-a29d-9503999be3f5" executionId="158bf1cb-8609-4bff-b112-b40750e37035" testListId="8c84fa94-04c1-424b-9868-57a2d4851a1d" />
    <TestEntry testId="5d1ae591-4e75-4439-baa2-17d3da3d3a70" executionId="436ce6cc-194b-4d34-ad94-d6e748221c7d" testListId="8c84fa94-04c1-424b-9868-57a2d4851a1d" />
    <TestEntry testId="56db262c-c1e2-e0bd-c98b-cff2309651cf" executionId="143e5dd4-358a-4c22-b79f-d3e909281dbe" testListId="8c84fa94-04c1-424b-9868-57a2d4851a1d" />
    <TestEntry testId="f81a969e-d410-9620-1a3b-24ab271c730f" executionId="e17d6f78-acc9-41fa-9e0a-3bb74c7db487" testListId="8c84fa94-04c1-424b-9868-57a2d4851a1d" />
    <TestEntry testId="a24fda83-301a-4806-8a6f-9449d8286157" executionId="22f91797-87c5-4af6-aab4-4107dce02037" testListId="8c84fa94-04c1-424b-9868-57a2d4851a1d" />
    <TestEntry testId="b33b6504-39f8-4dd9-85f1-b37d38c9aa8c" executionId="45590620-6efe-4eeb-94cb-fc650a40cee1" testListId="8c84fa94-04c1-424b-9868-57a2d4851a1d" />
    <TestEntry testId="689aa4ba-72a2-44d8-8383-27340aa53bb5" executionId="1350af3a-56e9-45a3-a817-7be5073674f2" testListId="8c84fa94-04c1-424b-9868-57a2d4851a1d" />
    <TestEntry testId="d538cdc6-d3d6-454a-95ab-787f9e77fb37" executionId="02aab04f-1a8d-4b18-b9c1-4b1195f44f3d" testListId="8c84fa94-04c1-424b-9868-57a2d4851a1d" />
    <TestEntry testId="656db21c-feda-4d47-9a17-882d6bf72291" executionId="453d25f6-fdf6-4ed3-ac4a-15924ee6f52b" testListId="8c84fa94-04c1-424b-9868-57a2d4851a1d" />
    <TestEntry testId="6a2de5cb-c7f4-dc1f-d75a-0e6030bee195" executionId="ce0a6a0b-1905-444b-9e4b-431de99da29c" testListId="8c84fa94-04c1-424b-9868-57a2d4851a1d" />
    <TestEntry testId="afdfbcd5-1485-419d-937a-6a306392e26b" executionId="a0be036a-dafe-4257-a827-67613803ca78" testListId="8c84fa94-04c1-424b-9868-57a2d4851a1d" />
    <TestEntry testId="479dbfb8-b896-49b1-93c8-4bb91f743956" executionId="1c1085b4-dcbc-46ed-a0c5-985ed182e100" testListId="8c84fa94-04c1-424b-9868-57a2d4851a1d" />
    <TestEntry testId="cf73efa4-209c-43fd-a39d-16109c4cac8c" executionId="d7bd4717-59a5-4a8a-9502-d7c986970159" testListId="8c84fa94-04c1-424b-9868-57a2d4851a1d" />
    <TestEntry testId="4d0fc83a-b5ca-4278-990a-b69bdd5713ba" executionId="2c97442a-8622-4b9e-8f24-ff72e8071561" testListId="8c84fa94-04c1-424b-9868-57a2d4851a1d" />
    <TestEntry testId="67d8f5a0-9dde-48ef-831f-eb4409684940" executionId="8cf82af4-9489-45d0-a962-a3d55fe78047" testListId="8c84fa94-04c1-424b-9868-57a2d4851a1d" />
    <TestEntry testId="45f608ef-0843-5099-1c7b-656538cf92c5" executionId="ffbdd1be-e6c1-4332-96d7-7ef666321daf" testListId="8c84fa94-04c1-424b-9868-57a2d4851a1d" />
    <TestEntry testId="3976e825-1a90-d912-806c-2dd2c4182542" executionId="263d7599-7396-4e05-9fda-05df4c7d33d6" testListId="8c84fa94-04c1-424b-9868-57a2d4851a1d" />
    <TestEntry testId="de15ccd9-b969-db55-9a1e-5cef0d068e3f" executionId="23ba6c69-daf2-42ad-bccd-af7ffcd28800" testListId="8c84fa94-04c1-424b-9868-57a2d4851a1d" />
    <TestEntry testId="3b294add-c6a4-70ed-0304-875ce5c58b7b" executionId="60ffd9ab-ced4-43c4-9242-5d8568b8c05f" testListId="8c84fa94-04c1-424b-9868-57a2d4851a1d" />
    <TestEntry testId="dda2459f-7beb-b3d5-e1da-14764f282e93" executionId="34e36b93-9673-4327-9297-75aaf867e69e" testListId="8c84fa94-04c1-424b-9868-57a2d4851a1d" />
    <TestEntry testId="89fa9b62-1138-0286-680b-36e7fb01e5d1" executionId="e1a63e15-5ee4-4607-8452-ddcb5629a093" testListId="8c84fa94-04c1-424b-9868-57a2d4851a1d" />
    <TestEntry testId="6fe5b19d-28e6-2c5f-b634-e5d87ae0aa0f" executionId="e660c1af-b276-4541-8645-bfbd38ca936d" testListId="8c84fa94-04c1-424b-9868-57a2d4851a1d" />
    <TestEntry testId="afdcb8bb-ea32-a71e-42a3-472fce346712" executionId="8dc43545-dfdb-4ab0-b2e4-1aedcfd3e303" testListId="8c84fa94-04c1-424b-9868-57a2d4851a1d" />
    <TestEntry testId="6fa0a7ef-0fc5-e2dd-9dd8-cf34b4b9d144" executionId="5a85e2c9-b037-4197-b3dc-a8a931da2d99" testListId="8c84fa94-04c1-424b-9868-57a2d4851a1d" />
    <TestEntry testId="fa1f0b04-c710-d0df-d389-f0cdb1d89a74" executionId="0b0074cc-ea01-4dab-9ab4-abae4d1046e0" testListId="8c84fa94-04c1-424b-9868-57a2d4851a1d" />
    <TestEntry testId="ac6d53ce-a249-b934-f2df-b0af23bab116" executionId="92a1a3f1-3f8f-4c84-b12c-dc77922426c5" testListId="8c84fa94-04c1-424b-9868-57a2d4851a1d" />
    <TestEntry testId="b30dc43b-b282-977a-8e76-bc7d716302c5" executionId="050d1f05-989c-43dc-9074-db532ec6bfa4" testListId="8c84fa94-04c1-424b-9868-57a2d4851a1d" />
    <TestEntry testId="e16ab802-a1cc-e7c9-ca4d-523cb5080bed" executionId="ddb3040b-cf52-4002-831d-adb3db021168" testListId="8c84fa94-04c1-424b-9868-57a2d4851a1d" />
    <TestEntry testId="8db3adc9-ab00-fe19-0142-6d26f23db692" executionId="7b795390-f2fc-4ff3-852a-ac121180219d" testListId="8c84fa94-04c1-424b-9868-57a2d4851a1d" />
    <TestEntry testId="e3d67054-63a2-7f4c-0046-dc28eb5155f6" executionId="208248b3-db69-449b-80f8-7012630a4b78" testListId="8c84fa94-04c1-424b-9868-57a2d4851a1d" />
    <TestEntry testId="690398ee-c8bf-592f-3804-ff311a7841ba" executionId="7d342d4c-5426-46f4-a74f-718ecc3ae147" testListId="8c84fa94-04c1-424b-9868-57a2d4851a1d" />
    <TestEntry testId="87b9cba3-01ea-732d-ed06-c25f27179ef5" executionId="5d806ed4-fef8-4c7c-9960-4c89fa9762f9" testListId="8c84fa94-04c1-424b-9868-57a2d4851a1d" />
    <TestEntry testId="f73cefa9-34b6-149d-60bf-338282726649" executionId="8ae47521-439d-4dd0-bca3-f26bdf2eab72" testListId="8c84fa94-04c1-424b-9868-57a2d4851a1d" />
    <TestEntry testId="83b2fd1c-f2e8-0af8-1847-00453ca47f8f" executionId="2b7ebe7e-b65a-4eff-b575-ec8f9d744904" testListId="8c84fa94-04c1-424b-9868-57a2d4851a1d" />
    <TestEntry testId="08fb6902-3bc4-4141-61a1-b2a483f78af8" executionId="5ae12799-0ea9-4b09-906f-53d67d3feac0" testListId="8c84fa94-04c1-424b-9868-57a2d4851a1d" />
    <TestEntry testId="5b792d0f-853f-dac3-4410-aa6a1afa3710" executionId="eae84052-e398-4783-ab7d-70131d02aec8" testListId="8c84fa94-04c1-424b-9868-57a2d4851a1d" />
    <TestEntry testId="0c974ef8-cdcf-cae3-b62f-b73a73bdc0e0" executionId="8a79951d-ed71-457d-8b53-d3135841b2f4" testListId="8c84fa94-04c1-424b-9868-57a2d4851a1d" />
    <TestEntry testId="f796eb09-8150-e47d-e52d-f7ff17b19f0b" executionId="b020385e-2c9c-40b6-a2d3-ed3fc63423dc" testListId="8c84fa94-04c1-424b-9868-57a2d4851a1d" />
    <TestEntry testId="95220ae7-7233-b096-6546-ee4dd4528cb1" executionId="3dc28253-8b24-41e6-b8a2-15020613ccb4" testListId="8c84fa94-04c1-424b-9868-57a2d4851a1d" />
    <TestEntry testId="abe46ff4-8ad9-5a15-649e-32b345ec0119" executionId="bb3bfe65-863d-411e-aeca-26fe47258386" testListId="8c84fa94-04c1-424b-9868-57a2d4851a1d" />
    <TestEntry testId="95813c1b-7722-370c-836a-1a75fc58f2fb" executionId="d73b9503-4b22-4f7b-ab0f-25f1bb317c6d" testListId="8c84fa94-04c1-424b-9868-57a2d4851a1d" />
    <TestEntry testId="9bf48900-f633-b2a8-b729-e08b6fb18df7" executionId="a408df09-4d43-4f72-bffd-28c2542d9163" testListId="8c84fa94-04c1-424b-9868-57a2d4851a1d" />
    <TestEntry testId="bba50d40-a05e-4f3f-a38a-2d1f4f7a018a" executionId="e6a1c2cd-45f1-4cae-aca5-eb9086152913" testListId="8c84fa94-04c1-424b-9868-57a2d4851a1d" />
    <TestEntry testId="e83ff2d0-8f09-48fd-a766-767fa5f9f869" executionId="f271e18c-f006-4ac6-8f6b-a04af415506c" testListId="8c84fa94-04c1-424b-9868-57a2d4851a1d" />
    <TestEntry testId="0664a636-7463-4c3e-951b-8f57527516a6" executionId="0084481f-0830-40c4-be81-7c1e94d9aecb" testListId="8c84fa94-04c1-424b-9868-57a2d4851a1d" />
    <TestEntry testId="a7ead3c2-1e68-0917-0a10-12ec48924694" executionId="c95be7fb-14ce-41e9-b0ea-4940130ef685" testListId="8c84fa94-04c1-424b-9868-57a2d4851a1d" />
    <TestEntry testId="fe00f18e-9713-9df6-9794-d169f52cb1c9" executionId="d8c6eb3f-7354-4baf-a35d-af479a4b2989" testListId="8c84fa94-04c1-424b-9868-57a2d4851a1d" />
    <TestEntry testId="854fcd94-2263-40b3-b789-96d88f1c5200" executionId="5e9f563a-759b-47a7-b36f-3930ca7bbbca" testListId="8c84fa94-04c1-424b-9868-57a2d4851a1d" />
    <TestEntry testId="d079d7e3-2559-492e-a28c-fcea86e59102" executionId="23aa0e21-76d1-4238-adf7-3a5e64f01b05" testListId="8c84fa94-04c1-424b-9868-57a2d4851a1d" />
    <TestEntry testId="2db5bf4c-28bf-4d2b-a23c-6c3e95156ed8" executionId="45c227d9-40cc-44f4-8e2f-e424a9a81406" testListId="8c84fa94-04c1-424b-9868-57a2d4851a1d" />
    <TestEntry testId="ce84239f-97b8-b4e9-1d87-9e74b7d4e441" executionId="0a5bc6d3-6334-497a-85f5-c330477649ed" testListId="8c84fa94-04c1-424b-9868-57a2d4851a1d" />
    <TestEntry testId="52376edc-b054-af8a-bdbb-51d2904eea33" executionId="9cd916bf-ee2f-4cfb-99cf-7a14f18e3fc7" testListId="8c84fa94-04c1-424b-9868-57a2d4851a1d" />
    <TestEntry testId="8133d07b-6681-480c-8d49-a528597f2cd2" executionId="ed8658ff-f77d-45d5-837c-f3d366aafd97" testListId="8c84fa94-04c1-424b-9868-57a2d4851a1d" />
    <TestEntry testId="e1a2e3fb-d209-4a2e-8480-5007a6d4c05f" executionId="75582818-fdfa-4d5a-bd3c-bada97297768" testListId="8c84fa94-04c1-424b-9868-57a2d4851a1d" />
    <TestEntry testId="394533be-1eea-4ef6-be2c-ca3c850fe675" executionId="2e1c1ecb-4b50-40b2-8bd6-7aecdb598f7b" testListId="8c84fa94-04c1-424b-9868-57a2d4851a1d" />
    <TestEntry testId="639ce220-4b6f-e265-366b-f8969f87df2e" executionId="9ded7141-c265-4249-a32a-1e28109e9953" testListId="8c84fa94-04c1-424b-9868-57a2d4851a1d" />
    <TestEntry testId="b885d24b-0802-4a68-a858-38481d6a1e97" executionId="89d79ce3-80b0-40bd-b8b3-31d8cfd0f548" testListId="8c84fa94-04c1-424b-9868-57a2d4851a1d" />
    <TestEntry testId="5a344834-e8fe-426c-bc61-0a2a3b8829f4" executionId="c84a2e6f-37d8-4576-ab65-9cd147222978" testListId="8c84fa94-04c1-424b-9868-57a2d4851a1d" />
    <TestEntry testId="999db8c4-db39-443d-987e-60ad6eae509a" executionId="2203ca00-434c-4146-9f11-7a1e34701260" testListId="8c84fa94-04c1-424b-9868-57a2d4851a1d" />
    <TestEntry testId="19b8f893-152c-6393-af2f-241d45890656" executionId="f5868f8e-09f2-48c2-a6b1-fe2e061d8e44" testListId="8c84fa94-04c1-424b-9868-57a2d4851a1d" />
    <TestEntry testId="09ae5e8f-94e9-0516-dbfa-bb519718257f" executionId="ba07bea5-da9e-41e2-a70e-76d45b2a8632" testListId="8c84fa94-04c1-424b-9868-57a2d4851a1d" />
    <TestEntry testId="09897b97-4b3a-4ed5-9f1e-3f646d720d5b" executionId="140f8795-50d0-42ff-bcc7-f9265f5cb0fe" testListId="8c84fa94-04c1-424b-9868-57a2d4851a1d" />
    <TestEntry testId="0f0112f0-48c6-404f-8795-8941b6439611" executionId="47017d92-1fc5-4779-9e3d-3901a88e1f48" testListId="8c84fa94-04c1-424b-9868-57a2d4851a1d" />
    <TestEntry testId="ef209243-156f-43c5-bdaa-59ee912407bb" executionId="90765581-eb33-4387-b2f3-eb4cec9ff5d7" testListId="8c84fa94-04c1-424b-9868-57a2d4851a1d" />
    <TestEntry testId="03e248b7-cce3-3871-3dd3-3dba03c2524b" executionId="9d9d774e-e1a7-44e7-a02f-4fa823e6ea2c" testListId="8c84fa94-04c1-424b-9868-57a2d4851a1d" />
    <TestEntry testId="fd6ea477-7826-42b8-985d-919646345839" executionId="6b3adb46-4d2f-4f30-b3f8-d83d2ea69e5d" testListId="8c84fa94-04c1-424b-9868-57a2d4851a1d" />
    <TestEntry testId="4473d3fb-7f6d-4fb4-b841-6f01e164f47f" executionId="e7ab58dc-f427-4467-8590-14b7dbc6bec8" testListId="8c84fa94-04c1-424b-9868-57a2d4851a1d" />
    <TestEntry testId="05c0769a-75a5-4181-9be1-5aecc29706f0" executionId="4d0f1a62-9f8b-4eef-a598-f561aca7d4b8" testListId="8c84fa94-04c1-424b-9868-57a2d4851a1d" />
    <TestEntry testId="df62cff5-9d66-5d21-4bab-f70306213af0" executionId="f7db8081-4a0d-4763-835a-ab4b71540759" testListId="8c84fa94-04c1-424b-9868-57a2d4851a1d" />
    <TestEntry testId="75a71154-ed43-e432-10e8-1bafe24cb2d3" executionId="af540d04-ecf8-435e-a218-d8f0f11fa1b4" testListId="8c84fa94-04c1-424b-9868-57a2d4851a1d" />
    <TestEntry testId="5aa221e5-1bca-a836-180f-5d7c2a62a170" executionId="50adde8e-cf9c-4622-b741-9ba9279aaccd" testListId="8c84fa94-04c1-424b-9868-57a2d4851a1d" />
    <TestEntry testId="df3be14a-9213-7c60-d7a2-6a43c7be312a" executionId="8ca32422-6581-4ac0-910a-56b17f528fa1" testListId="8c84fa94-04c1-424b-9868-57a2d4851a1d" />
    <TestEntry testId="d655f019-b1b5-38a0-c6b8-5529b97b79d2" executionId="587174b2-2928-4fcf-88c7-32bc1034e17b" testListId="8c84fa94-04c1-424b-9868-57a2d4851a1d" />
    <TestEntry testId="c0fd5db6-962b-fb6c-21ed-bb8728162d05" executionId="ac25e392-b683-4dd7-881c-4ca9b1e9a5cd" testListId="8c84fa94-04c1-424b-9868-57a2d4851a1d" />
    <TestEntry testId="26c29bb6-f00e-299c-fc75-e0936e7a9c0a" executionId="3c92cc11-244a-4116-9b47-e59e3d76c4a2" testListId="8c84fa94-04c1-424b-9868-57a2d4851a1d" />
    <TestEntry testId="90529529-c219-9bd4-f391-354757d65a09" executionId="7b812dca-224c-448d-bf15-ee106097707d" testListId="8c84fa94-04c1-424b-9868-57a2d4851a1d" />
    <TestEntry testId="6a92502b-4ffb-6f42-3cee-cd3f12d2c0e5" executionId="0772b475-8f26-4e7e-b545-a6a018e09dc6" testListId="8c84fa94-04c1-424b-9868-57a2d4851a1d" />
    <TestEntry testId="0456e1e8-2eaa-e5b3-e677-e5a354103f40" executionId="5d24c495-b7c2-4f46-b211-53be04261cd7" testListId="8c84fa94-04c1-424b-9868-57a2d4851a1d" />
    <TestEntry testId="a54de6b9-03b6-fb07-dfe1-b0e344d54b0c" executionId="8fba3015-7883-4033-84ab-b59720eae878" testListId="8c84fa94-04c1-424b-9868-57a2d4851a1d" />
    <TestEntry testId="37989477-5b66-0eb1-9a6f-3f8c0f7f0cc8" executionId="afc4f813-c239-455f-80fd-3e52d830516a" testListId="8c84fa94-04c1-424b-9868-57a2d4851a1d" />
    <TestEntry testId="2303ba84-26bd-9a04-96b9-fe09413a0a34" executionId="9fe58956-2e15-40a6-a23b-e66d7609356d" testListId="8c84fa94-04c1-424b-9868-57a2d4851a1d" />
    <TestEntry testId="87ca244c-aa7b-f27d-66b2-d899cc9d8a1d" executionId="0b2a6ea9-cd24-4a2c-a9b3-7d65b2cc45b8" testListId="8c84fa94-04c1-424b-9868-57a2d4851a1d" />
    <TestEntry testId="735111f9-0717-9d3e-48fb-c9f2356740a6" executionId="eec04f03-628b-4bb1-8703-fadcca372228" testListId="8c84fa94-04c1-424b-9868-57a2d4851a1d" />
    <TestEntry testId="1311ea2a-d1ca-c712-a78a-2a216d065ee0" executionId="b119d7d1-1f86-4c82-907c-62e1e48e0d94" testListId="8c84fa94-04c1-424b-9868-57a2d4851a1d" />
    <TestEntry testId="40bdcc5e-2e49-c3a0-b141-1c506cf5233f" executionId="07524969-34ac-4b49-b353-4b78ea2cc0c0" testListId="8c84fa94-04c1-424b-9868-57a2d4851a1d" />
    <TestEntry testId="ee0f27e3-a828-1feb-6041-905d4146d84e" executionId="c1eebeab-3932-4515-bb12-c12b7d12c9df" testListId="8c84fa94-04c1-424b-9868-57a2d4851a1d" />
    <TestEntry testId="0fe4b764-2d73-bcc3-1153-77c7bbaeb3e4" executionId="5d80cefc-91ae-4598-8bd5-4aacaff53031" testListId="8c84fa94-04c1-424b-9868-57a2d4851a1d" />
    <TestEntry testId="98e18db3-6510-68a2-7735-78ab158de419" executionId="ca3df3e8-4e04-48b4-9327-d39ec9a589fe" testListId="8c84fa94-04c1-424b-9868-57a2d4851a1d" />
    <TestEntry testId="fd5f390d-5ae0-c70a-984b-28309c5e1013" executionId="a5ad6190-c18d-47be-91a2-baf6a4a4eca6" testListId="8c84fa94-04c1-424b-9868-57a2d4851a1d" />
    <TestEntry testId="d3dd4de0-b993-432b-9dbe-d4a3acbce3e0" executionId="7841c147-31db-4f04-ba05-a67f97a005d3" testListId="8c84fa94-04c1-424b-9868-57a2d4851a1d" />
    <TestEntry testId="cd4b6100-b413-4576-a3c3-4b2c184f5a3b" executionId="eae19f4f-8ad4-4157-b96c-9479d8767229" testListId="8c84fa94-04c1-424b-9868-57a2d4851a1d" />
    <TestEntry testId="d7db7f4e-de47-44f5-bfd8-1086289262bb" executionId="19544286-8019-45db-b571-74e2b42bdca0" testListId="8c84fa94-04c1-424b-9868-57a2d4851a1d" />
    <TestEntry testId="0d8c4ec7-9f56-490d-b355-ed24132c7de0" executionId="f112d231-dea3-4c51-a6a4-302e0e6a37f9" testListId="8c84fa94-04c1-424b-9868-57a2d4851a1d" />
    <TestEntry testId="c0bbbf17-5f86-478c-9725-34ab3694b049" executionId="028ef578-292d-4f86-b71f-ae2c2e1156f9" testListId="8c84fa94-04c1-424b-9868-57a2d4851a1d" />
    <TestEntry testId="e5864e3f-bb18-48d3-a295-64a3b4ef0cf8" executionId="cce3d76e-0d21-4f67-a30e-a1001b18f35d" testListId="8c84fa94-04c1-424b-9868-57a2d4851a1d" />
    <TestEntry testId="3c7dbe33-5207-9927-a87d-5b166619e22a" executionId="85aaaed6-1a25-4b13-8c71-4a7df09d935a" testListId="8c84fa94-04c1-424b-9868-57a2d4851a1d" />
    <TestEntry testId="d1c2c763-24ad-7df4-2f3e-327b518c4b57" executionId="c1e168f4-54c3-411b-94ad-e3e143cb4233" testListId="8c84fa94-04c1-424b-9868-57a2d4851a1d" />
    <TestEntry testId="56526a4d-6258-5848-51a0-7f1f83254450" executionId="919e53f8-a60a-442b-ada0-b643a0efa269" testListId="8c84fa94-04c1-424b-9868-57a2d4851a1d" />
    <TestEntry testId="6814a742-3143-753e-030b-da26d62e58fa" executionId="000c3851-6cb6-4588-b6a5-dbd06d80e0e7" testListId="8c84fa94-04c1-424b-9868-57a2d4851a1d" />
    <TestEntry testId="1a3c493b-8ce6-1554-1691-8d6dbfa0c83d" executionId="553f6543-2afd-492f-91fb-ce03f8ac377f" testListId="8c84fa94-04c1-424b-9868-57a2d4851a1d" />
    <TestEntry testId="f52bf0b1-efd7-4cdc-8903-169d6e73348d" executionId="2326b245-64cf-414d-8489-a61029193be0" testListId="8c84fa94-04c1-424b-9868-57a2d4851a1d" />
    <TestEntry testId="e25ab65e-4c65-4101-adf1-4fc568c48414" executionId="1832b960-fb28-4ce2-9dd8-b1d89b6a7e3b" testListId="8c84fa94-04c1-424b-9868-57a2d4851a1d" />
    <TestEntry testId="e30b708a-74ab-417e-a095-e789e592bbbc" executionId="5a96caba-655d-41af-8485-bd299fb51b47" testListId="8c84fa94-04c1-424b-9868-57a2d4851a1d" />
    <TestEntry testId="9cf77929-191c-4649-bdd9-a62e8718e0b3" executionId="dee6e971-1dae-46e2-9bef-9da04898a01d" testListId="8c84fa94-04c1-424b-9868-57a2d4851a1d" />
    <TestEntry testId="43b6aff3-97f4-4142-941c-73da7170a0e7" executionId="ea87b54e-82a0-4933-b24d-81c0b1bf172f" testListId="8c84fa94-04c1-424b-9868-57a2d4851a1d" />
    <TestEntry testId="a7a7503c-6b8a-4114-b68b-0eaebd7314d5" executionId="7326ae32-b1f1-4298-b331-aabbb2a80928" testListId="8c84fa94-04c1-424b-9868-57a2d4851a1d" />
    <TestEntry testId="96d0b905-c337-4072-a53e-49d4cf17f69b" executionId="b01f5be7-7de5-48a2-8afc-0d78e5fe14d1" testListId="8c84fa94-04c1-424b-9868-57a2d4851a1d" />
    <TestEntry testId="fc8ed08d-538f-4c73-ae0f-18d0bfe07aae" executionId="3f304a54-2e42-4e5c-850e-d884f04b1b05" testListId="8c84fa94-04c1-424b-9868-57a2d4851a1d" />
    <TestEntry testId="25301a79-43e4-9d8c-5ded-213e25737cfa" executionId="6a79c810-e920-4358-a94f-4931677194cb" testListId="8c84fa94-04c1-424b-9868-57a2d4851a1d" />
    <TestEntry testId="21f42443-d480-acb0-b6c5-114ee86fddfe" executionId="dc062185-31f4-4ffc-a28c-e00feb03a9a3" testListId="8c84fa94-04c1-424b-9868-57a2d4851a1d" />
    <TestEntry testId="5cc9c9f3-cf2d-47e3-993c-093c7ec6c53d" executionId="b9dc0a57-2c1c-426e-ac7b-a35644ce65e2" testListId="8c84fa94-04c1-424b-9868-57a2d4851a1d" />
    <TestEntry testId="b9e98c47-9f2d-477d-847c-163d4bec2bff" executionId="729cce8e-1adc-4a9a-b3a8-0889baa3ef9a" testListId="8c84fa94-04c1-424b-9868-57a2d4851a1d" />
    <TestEntry testId="f5a37356-46a2-49bb-9ec8-e8866933dded" executionId="5ad4a907-b8f0-497d-a7a6-0a5b4c1db796" testListId="8c84fa94-04c1-424b-9868-57a2d4851a1d" />
    <TestEntry testId="4d014e52-6c08-44a6-ba52-4fd25266e0cb" executionId="85173ad6-b703-451f-a4f8-88afe5bc5ad2" testListId="8c84fa94-04c1-424b-9868-57a2d4851a1d" />
    <TestEntry testId="6922f4d4-f7c7-4157-8ef7-b7ae101b294e" executionId="3a6e579c-4b7f-4b0e-9c63-198e4f01d599" testListId="8c84fa94-04c1-424b-9868-57a2d4851a1d" />
    <TestEntry testId="ba10eb97-ad1a-4e5b-9f4e-bcb789c96e42" executionId="c42572a5-80ac-4005-b96a-36a839ef1599" testListId="8c84fa94-04c1-424b-9868-57a2d4851a1d" />
    <TestEntry testId="6143fb2c-36a1-4dda-988a-646af506b5d0" executionId="1807b8bb-c895-4849-81e8-b51312419c34" testListId="8c84fa94-04c1-424b-9868-57a2d4851a1d" />
    <TestEntry testId="f912d644-0b54-4016-9c61-9b047d09d895" executionId="297e60bf-de13-410a-a807-12c920adbc17" testListId="8c84fa94-04c1-424b-9868-57a2d4851a1d" />
    <TestEntry testId="7f509a70-4d7e-85bd-52a2-517ace7aea44" executionId="493c4f7c-55d4-4661-ad9d-519803b7fc64" testListId="8c84fa94-04c1-424b-9868-57a2d4851a1d" />
    <TestEntry testId="74632249-857d-a5a4-a24f-f857a6f9b9b6" executionId="b51fa6c6-af62-4ff4-b2af-dc943591386a" testListId="8c84fa94-04c1-424b-9868-57a2d4851a1d" />
    <TestEntry testId="f697e65e-afd7-42d0-8032-a0d6b2f3bf58" executionId="e3058682-1cef-4c2e-835a-14b25e62e394" testListId="8c84fa94-04c1-424b-9868-57a2d4851a1d" />
    <TestEntry testId="ee6e4547-6f46-40e1-bb3c-0ded480f86cf" executionId="e35ec487-0aaa-4de7-8d53-cfbb29a6ae42" testListId="8c84fa94-04c1-424b-9868-57a2d4851a1d" />
    <TestEntry testId="dda97fca-ad47-444f-89a7-603755034e68" executionId="d1155395-f19d-4517-984f-456b090aea52" testListId="8c84fa94-04c1-424b-9868-57a2d4851a1d" />
    <TestEntry testId="e8b70631-2945-4969-9ac6-59b4202a716e" executionId="ebe2bca9-ff54-4dd1-b100-e33eb5cbf49b" testListId="8c84fa94-04c1-424b-9868-57a2d4851a1d" />
    <TestEntry testId="0e0d6ffe-f01a-4198-a39a-744ca19e875e" executionId="336b4408-1fe3-4bd6-967e-83839f4b3ee4" testListId="8c84fa94-04c1-424b-9868-57a2d4851a1d" />
    <TestEntry testId="5d407495-e986-4f34-9079-6d15b1351acb" executionId="87a11150-185f-4029-8fa5-9fcb38fc9868" testListId="8c84fa94-04c1-424b-9868-57a2d4851a1d" />
    <TestEntry testId="4aac8e7e-23f9-453a-b673-dd4b4e1883bc" executionId="97f2fea6-abb2-4a2e-a1bd-0ad881511ea0" testListId="8c84fa94-04c1-424b-9868-57a2d4851a1d" />
    <TestEntry testId="86388cac-90bd-4065-9c12-c5128dde0f62" executionId="00fdbe6a-dd9c-480c-98e0-2b9981b90fb6" testListId="8c84fa94-04c1-424b-9868-57a2d4851a1d" />
    <TestEntry testId="6524a0a5-f831-4927-abdb-8e88c9d25ab5" executionId="9f2c6107-458a-42c1-8abd-3045345b4f9c" testListId="8c84fa94-04c1-424b-9868-57a2d4851a1d" />
    <TestEntry testId="31e44551-6a00-9dff-44ec-cc70dd1c0a8e" executionId="a27a3139-6bcc-48a4-847f-e68f1aadc18e" testListId="8c84fa94-04c1-424b-9868-57a2d4851a1d" />
    <TestEntry testId="765adbe1-3c8f-4d7c-8e93-fa94e57c6539" executionId="ad24f4ec-c796-4276-a4ec-2850bba3885b" testListId="8c84fa94-04c1-424b-9868-57a2d4851a1d" />
    <TestEntry testId="2b67aada-743a-4f21-82e8-3c4e71edbe4f" executionId="47d9919f-375f-4c13-9703-2add64d60ef1" testListId="8c84fa94-04c1-424b-9868-57a2d4851a1d" />
    <TestEntry testId="885847d0-995e-4f0f-b8b7-0908a30ecc9c" executionId="4eb70af6-6e6e-4604-b70e-f59c1cd5f5cd" testListId="8c84fa94-04c1-424b-9868-57a2d4851a1d" />
    <TestEntry testId="92f73700-7009-42c2-a080-2d52f6de6ff4" executionId="6cebe3f6-f288-42b0-815a-d9a2ba49fc3b" testListId="8c84fa94-04c1-424b-9868-57a2d4851a1d" />
    <TestEntry testId="5737bd83-153e-4fd7-bc65-7078a9ca5929" executionId="db71ff18-6971-4d68-876b-88e21c64def4" testListId="8c84fa94-04c1-424b-9868-57a2d4851a1d" />
    <TestEntry testId="d8fcc29d-e494-466d-9341-ad38838b40af" executionId="917765a5-8bdc-4122-adec-b3a70a5e54e6" testListId="8c84fa94-04c1-424b-9868-57a2d4851a1d" />
    <TestEntry testId="dc41eb72-4847-43fe-a7d0-ffdc275688a8" executionId="84598a7b-51da-452b-bfe6-9bef1451f485" testListId="8c84fa94-04c1-424b-9868-57a2d4851a1d" />
    <TestEntry testId="5a6390d5-32f2-4e38-b48f-deedc1d754d1" executionId="e6d8ce04-e926-4fd0-b9a5-947a32e7bfd7" testListId="8c84fa94-04c1-424b-9868-57a2d4851a1d" />
    <TestEntry testId="1cc68a49-5d58-18e6-da49-b3ee6044cad8" executionId="9c80a15b-a439-40cc-b6e1-63597c3eb3b6" testListId="8c84fa94-04c1-424b-9868-57a2d4851a1d" />
    <TestEntry testId="9891cdea-464e-45bf-8432-273596dbe8f4" executionId="ba350b89-37fd-4dd6-9fb1-0fd6d6d5ae7d" testListId="8c84fa94-04c1-424b-9868-57a2d4851a1d" />
    <TestEntry testId="691e8520-3bef-41b8-8126-224c5cb6e7b9" executionId="1add730f-7a5e-4d79-aa0f-c8939ac0057f" testListId="8c84fa94-04c1-424b-9868-57a2d4851a1d" />
    <TestEntry testId="4bad3335-1886-4739-84e7-4f7f4eef3aab" executionId="56e3fa60-1d0b-4338-b700-c70aae7270fa" testListId="8c84fa94-04c1-424b-9868-57a2d4851a1d" />
    <TestEntry testId="a31d2bb3-dc4d-4c6c-9400-f8cdf957319d" executionId="e4410537-070e-43e3-8ca5-18fdecc4c3f2" testListId="8c84fa94-04c1-424b-9868-57a2d4851a1d" />
    <TestEntry testId="61f48652-7e12-4f3e-8960-8f16934ec32d" executionId="2b91463f-748c-4735-b540-130024689eed" testListId="8c84fa94-04c1-424b-9868-57a2d4851a1d" />
    <TestEntry testId="000e5432-0578-4ce9-acea-b3dfb6d0e70f" executionId="b09388b8-b644-4ce9-9592-c37bb850e2a7" testListId="8c84fa94-04c1-424b-9868-57a2d4851a1d" />
    <TestEntry testId="32d2f593-f463-4fb9-9f68-85811386f570" executionId="54ec2f27-1eb7-4350-bac2-19d4407f745d" testListId="8c84fa94-04c1-424b-9868-57a2d4851a1d" />
    <TestEntry testId="22eb4751-ffb1-4b1f-a827-d06e404ced0a" executionId="48ab2fa3-0e8b-45fc-9426-2061cbf309f0" testListId="8c84fa94-04c1-424b-9868-57a2d4851a1d" />
    <TestEntry testId="94ab92ae-0008-4648-fc8e-526bbd8f7268" executionId="36d0c1f3-047a-4794-b80a-7b9de110d676" testListId="8c84fa94-04c1-424b-9868-57a2d4851a1d" />
    <TestEntry testId="4146ee9c-399c-4682-8e28-9c79528b674c" executionId="08c6e721-30ee-4908-a581-b1b62218cef8" testListId="8c84fa94-04c1-424b-9868-57a2d4851a1d" />
    <TestEntry testId="7a79580c-d2e8-4993-8e46-0cded4357fbb" executionId="e420dadd-0c2e-4483-8634-d0e5d3d25491" testListId="8c84fa94-04c1-424b-9868-57a2d4851a1d" />
    <TestEntry testId="9bb1604b-b4a1-464d-be72-b5e9a74b54bf" executionId="b02e7f6e-4468-4138-b77f-4e14a0e2d480" testListId="8c84fa94-04c1-424b-9868-57a2d4851a1d" />
    <TestEntry testId="1685d13f-20df-47cd-8f90-87487bffa3c4" executionId="19d5672a-5de7-4036-8dfb-dc6831cf034e" testListId="8c84fa94-04c1-424b-9868-57a2d4851a1d" />
    <TestEntry testId="879476ba-3361-43d9-b63e-1960b335b7d5" executionId="f5a12aba-82ce-4aaa-9f68-ce2cc8eb7ab7" testListId="8c84fa94-04c1-424b-9868-57a2d4851a1d" />
    <TestEntry testId="884c15f7-265d-43ed-8bff-a36d5bec034b" executionId="c9f8b628-1999-4ded-b6fb-9cc74181861d" testListId="8c84fa94-04c1-424b-9868-57a2d4851a1d" />
    <TestEntry testId="7cf65c6c-9bc9-4960-a548-41f3254eefc7" executionId="b8650afd-f720-4195-a362-000641b6d381" testListId="8c84fa94-04c1-424b-9868-57a2d4851a1d" />
    <TestEntry testId="b41a30e7-b9f4-4938-b07c-b5f0b0ca8f8b" executionId="0c6b7850-cd02-419a-94dc-78b9bc67fda8" testListId="8c84fa94-04c1-424b-9868-57a2d4851a1d" />
    <TestEntry testId="2c159783-88b9-83f2-7bf2-95e84215bd43" executionId="c9fb5169-53a1-4d42-9bf9-aac3a775b021" testListId="8c84fa94-04c1-424b-9868-57a2d4851a1d" />
    <TestEntry testId="ea95efcd-a18c-f92d-9c18-86d068bedcb8" executionId="86fd17cb-9efc-499d-8626-10794137f565" testListId="8c84fa94-04c1-424b-9868-57a2d4851a1d" />
    <TestEntry testId="f38030ac-3899-44ac-9318-378de2f6e938" executionId="798380db-3d35-492e-8ae8-a2788804301b" testListId="8c84fa94-04c1-424b-9868-57a2d4851a1d" />
    <TestEntry testId="32a5928f-add3-4ce8-be25-afd615cad86d" executionId="00eba5c1-4a35-41cc-b5b8-2d01de9daa89" testListId="8c84fa94-04c1-424b-9868-57a2d4851a1d" />
    <TestEntry testId="0c0610a5-e24c-4842-9928-c994947b1c3b" executionId="55f550d7-aedd-4d11-b7ff-3a22d72739cb" testListId="8c84fa94-04c1-424b-9868-57a2d4851a1d" />
    <TestEntry testId="bba56ca3-7c19-4bb2-8c98-ae177a9145ae" executionId="2168495a-e134-4162-a2c7-38ab82add5ab" testListId="8c84fa94-04c1-424b-9868-57a2d4851a1d" />
    <TestEntry testId="f1634463-aeba-4437-8436-c400aa338d83" executionId="d489e15f-e8bb-412a-b233-634680e5ed97" testListId="8c84fa94-04c1-424b-9868-57a2d4851a1d" />
    <TestEntry testId="f89441ee-9d83-4bd7-a56b-52e8ad63466d" executionId="82ebc881-31ea-49d9-9ea8-ce8a607efc05" testListId="8c84fa94-04c1-424b-9868-57a2d4851a1d" />
    <TestEntry testId="eee13e3f-3b1d-4b46-9852-895198e0d799" executionId="aec63487-a0ba-42c8-8b1b-a6f25ee470b8" testListId="8c84fa94-04c1-424b-9868-57a2d4851a1d" />
    <TestEntry testId="c608fa0e-0dc7-4d32-86b6-3d9352db840c" executionId="fdf6ea79-de90-422b-838b-08ab7ef78026" testListId="8c84fa94-04c1-424b-9868-57a2d4851a1d" />
    <TestEntry testId="11385e8b-1732-da41-eb9d-1b71d55feeab" executionId="4b96513f-14a7-4b4b-8058-f15be1469d66" testListId="8c84fa94-04c1-424b-9868-57a2d4851a1d" />
    <TestEntry testId="81030529-e882-1dda-e01e-07f79523e18a" executionId="de4afcbe-0f8f-4b7e-930a-4d62b1cac486" testListId="8c84fa94-04c1-424b-9868-57a2d4851a1d" />
    <TestEntry testId="dc281fc6-65f9-9998-deb4-a43f78dd1b65" executionId="850a4262-1c40-4013-aae2-44ae34a48377" testListId="8c84fa94-04c1-424b-9868-57a2d4851a1d" />
    <TestEntry testId="2b82fe61-8964-32ea-17fe-de52cadbe681" executionId="5bc93458-9513-4c76-ba57-8aeae84b5a5b" testListId="8c84fa94-04c1-424b-9868-57a2d4851a1d" />
    <TestEntry testId="7e2792ca-54ce-c406-189a-80b273f84840" executionId="ec652004-b4a9-4579-8466-2ecffb4eae3d" testListId="8c84fa94-04c1-424b-9868-57a2d4851a1d" />
    <TestEntry testId="dacacbd4-0f04-9d77-42c1-048a5159c849" executionId="c39a426a-758e-4b31-82e0-2f8673f165fa" testListId="8c84fa94-04c1-424b-9868-57a2d4851a1d" />
    <TestEntry testId="26b7698c-e51e-b48a-73f1-add538a80d7f" executionId="8459e16e-a716-4f78-a624-f152558de5c6" testListId="8c84fa94-04c1-424b-9868-57a2d4851a1d" />
    <TestEntry testId="46e5a0ac-d7f1-fcb6-2cfe-1dbb7f691155" executionId="5ec85230-5794-4512-aa65-100121b9757f" testListId="8c84fa94-04c1-424b-9868-57a2d4851a1d" />
    <TestEntry testId="6a0e2970-0b77-cfc1-2621-b98b75b317a9" executionId="b279fe90-aeb8-4a6c-91da-3c01552d4cbb" testListId="8c84fa94-04c1-424b-9868-57a2d4851a1d" />
    <TestEntry testId="d9b9b773-2181-eee5-3370-53b03a87d29c" executionId="82c09e29-5ee7-42cb-bcef-9923c1bb04ca" testListId="8c84fa94-04c1-424b-9868-57a2d4851a1d" />
    <TestEntry testId="c0878ae8-ca1a-fe7d-008b-c72d8e5feeeb" executionId="d01c2ebd-009c-4154-9416-ea6b19aa3f28" testListId="8c84fa94-04c1-424b-9868-57a2d4851a1d" />
    <TestEntry testId="13daa352-e296-356e-f9a7-e91afce9eb3d" executionId="91d5421a-01e2-4789-b8e2-6e964e200380" testListId="8c84fa94-04c1-424b-9868-57a2d4851a1d" />
    <TestEntry testId="e474e71c-a04b-2375-cfdc-4bad936e4152" executionId="a1ca6c23-ad8b-4f66-b696-2f3e5104c70d" testListId="8c84fa94-04c1-424b-9868-57a2d4851a1d" />
    <TestEntry testId="36bd4512-dbe4-8c39-5005-d6e909c11db8" executionId="f9471402-9274-4f84-a55c-23f2dc6ecd0c" testListId="8c84fa94-04c1-424b-9868-57a2d4851a1d" />
    <TestEntry testId="d73fc377-ccdc-0bb2-1c2c-17840ed29b83" executionId="c274aff8-5ef5-4478-bc20-c841901d4a38" testListId="8c84fa94-04c1-424b-9868-57a2d4851a1d" />
    <TestEntry testId="024c1f79-2463-a15b-02b3-b7e447151ffc" executionId="4cfb8576-62e5-40db-92e9-8db99b7d0fe7" testListId="8c84fa94-04c1-424b-9868-57a2d4851a1d" />
    <TestEntry testId="40ee407a-447f-66d3-bb74-7527ac3b4d3f" executionId="8cfbe3c5-7e9c-46c2-a206-3784c4436a08" testListId="8c84fa94-04c1-424b-9868-57a2d4851a1d" />
    <TestEntry testId="c477d382-fc2f-ab70-8617-184e7d45db12" executionId="5229fc33-221b-4db4-982c-a077bf495062" testListId="8c84fa94-04c1-424b-9868-57a2d4851a1d" />
    <TestEntry testId="50872818-320d-1de3-c9ef-5f5cffa671c2" executionId="630f47b7-2d81-429a-b261-492bef0eec63" testListId="8c84fa94-04c1-424b-9868-57a2d4851a1d" />
    <TestEntry testId="8d9ad162-b608-59dd-c93a-63803939c7bb" executionId="be0a7d28-9d10-4733-a61c-1275c245b771" testListId="8c84fa94-04c1-424b-9868-57a2d4851a1d" />
    <TestEntry testId="807b0bfd-771e-6fce-3faf-f3443d50ebc7" executionId="ee20019e-86cf-4dfb-b1d2-6e1e24fc239c" testListId="8c84fa94-04c1-424b-9868-57a2d4851a1d" />
    <TestEntry testId="515e33f4-7287-ec4b-c145-15da90521c0a" executionId="1290de35-7265-4587-91ec-2c3c3fd64020" testListId="8c84fa94-04c1-424b-9868-57a2d4851a1d" />
    <TestEntry testId="53257d6d-b1a3-12ae-3a4b-f663b4463fdd" executionId="98d2806b-de42-4eda-ac2f-be4984e3a2f6" testListId="8c84fa94-04c1-424b-9868-57a2d4851a1d" />
    <TestEntry testId="dc6d4e82-21c0-9ee3-a76c-995d95abe25e" executionId="8569a98e-2df4-4775-a2a4-3f45e1d6f987" testListId="8c84fa94-04c1-424b-9868-57a2d4851a1d" />
    <TestEntry testId="eca0ea3e-f3b4-5814-cf09-694ab39eb559" executionId="46bfb2ba-7282-4876-99a3-0e393a8d3c18" testListId="8c84fa94-04c1-424b-9868-57a2d4851a1d" />
    <TestEntry testId="cdbc11a2-81f3-f96d-0063-30251959ef12" executionId="3a057011-5ed8-49e4-8d64-5c628a0271ad" testListId="8c84fa94-04c1-424b-9868-57a2d4851a1d" />
    <TestEntry testId="1a566103-a454-7f04-6ebf-cb073fc12d1d" executionId="a15cc47a-46ef-495e-8048-805954605c67" testListId="8c84fa94-04c1-424b-9868-57a2d4851a1d" />
    <TestEntry testId="7b8d623e-cd24-421c-a147-563a574b5ced" executionId="fdcbf55e-40b4-4385-aa62-27bf7b3d1822" testListId="8c84fa94-04c1-424b-9868-57a2d4851a1d" />
    <TestEntry testId="b5e7afca-267b-693c-7118-e374b4e4c0b5" executionId="92b0b315-369f-4313-8283-2d2536c83c9d" testListId="8c84fa94-04c1-424b-9868-57a2d4851a1d" />
    <TestEntry testId="eefdb931-5236-f6e8-d93b-f05b8d03e8ed" executionId="cce7de06-3c31-4a2e-b11b-d19c13a73979" testListId="8c84fa94-04c1-424b-9868-57a2d4851a1d" />
    <TestEntry testId="fd1adb6d-e84e-45c7-aff7-040fb24a72f1" executionId="1fc3d8c4-2424-4f2c-aa33-ae36e5246f56" testListId="8c84fa94-04c1-424b-9868-57a2d4851a1d" />
    <TestEntry testId="062a8abc-c980-40f5-882a-98e40998ba5a" executionId="e84f020b-0e7b-47ab-9173-6c3d0ec8e98b" testListId="8c84fa94-04c1-424b-9868-57a2d4851a1d" />
    <TestEntry testId="482464de-9300-ca81-7cf7-2b061d21e0de" executionId="f75e7fdf-7e58-4708-9033-2053a74e3a59" testListId="8c84fa94-04c1-424b-9868-57a2d4851a1d" />
    <TestEntry testId="388d3b2f-d49d-edb3-067c-e0e66687feaf" executionId="2967b49f-4ba7-44df-be40-b75544608f9b" testListId="8c84fa94-04c1-424b-9868-57a2d4851a1d" />
    <TestEntry testId="520356d3-0742-4719-b656-1621274a285a" executionId="965ee9f1-ef84-4aeb-9f50-6371c5c96d52" testListId="8c84fa94-04c1-424b-9868-57a2d4851a1d" />
    <TestEntry testId="d80b1dee-ef53-4944-818e-9121a5dc9b2a" executionId="81bef5af-4b84-47ae-b249-70afee6a7177" testListId="8c84fa94-04c1-424b-9868-57a2d4851a1d" />
    <TestEntry testId="7c6c22a8-bce8-8ee0-f38f-04854ed6aa54" executionId="55d67ca9-71a3-4f27-b9eb-d68f35e6a5dd" testListId="8c84fa94-04c1-424b-9868-57a2d4851a1d" />
    <TestEntry testId="5e643520-3e2a-e6fb-2984-644c023d7d0b" executionId="ac07f9b2-dee7-4bbf-8f2a-efd38553229e" testListId="8c84fa94-04c1-424b-9868-57a2d4851a1d" />
    <TestEntry testId="f7fdc83e-d75f-4ccc-aa7a-73c5ba8e6485" executionId="baa77c95-3612-4086-819b-516218fc03fc" testListId="8c84fa94-04c1-424b-9868-57a2d4851a1d" />
    <TestEntry testId="0c24a68e-88dd-4fbd-83b2-f4c88e09d38d" executionId="0180f88b-8908-4ca8-8604-4e88b5c5cb9a" testListId="8c84fa94-04c1-424b-9868-57a2d4851a1d" />
    <TestEntry testId="ddafb73b-d015-a7ef-ba89-2308a660c669" executionId="842d2e8f-a522-49f3-8890-b0c062010fbc" testListId="8c84fa94-04c1-424b-9868-57a2d4851a1d" />
    <TestEntry testId="bf221764-1037-2786-26a3-c30e2dd4e6c4" executionId="444c8497-5cb8-4a13-8aa8-bcd3d8705d6b" testListId="8c84fa94-04c1-424b-9868-57a2d4851a1d" />
    <TestEntry testId="794010e2-0baf-c073-847a-5773b36a4f32" executionId="687c4484-c679-476c-823a-e870d76809d3" testListId="8c84fa94-04c1-424b-9868-57a2d4851a1d" />
    <TestEntry testId="b7b96655-4213-062e-3537-c3b1effe7118" executionId="3194cb8f-9eb1-473b-8a12-3eaf149c3e2a" testListId="8c84fa94-04c1-424b-9868-57a2d4851a1d" />
    <TestEntry testId="4b5bdf2a-ac1d-b3c7-c302-4dcf53dbe21a" executionId="e59a3c18-bead-4825-9c01-b5a0094d07d4" testListId="8c84fa94-04c1-424b-9868-57a2d4851a1d" />
    <TestEntry testId="9c83e6d0-b240-c4f0-4c00-26d8896d3f54" executionId="89df73d9-ff68-4801-b610-5e824963beed" testListId="8c84fa94-04c1-424b-9868-57a2d4851a1d" />
    <TestEntry testId="e9d3a776-598a-f167-1b6c-ec47f8096e61" executionId="ea119990-7da8-46fb-9830-5f0549832a06" testListId="8c84fa94-04c1-424b-9868-57a2d4851a1d" />
    <TestEntry testId="75a0240d-33e2-4f33-7215-0b7ad1360e8d" executionId="d47f4019-3045-4b8e-9ea5-6214d4d74f5e" testListId="8c84fa94-04c1-424b-9868-57a2d4851a1d" />
    <TestEntry testId="442b2641-4c35-6273-3f64-3b3b9ba2430d" executionId="092135db-e950-4408-aa08-cdf90b1899c0" testListId="8c84fa94-04c1-424b-9868-57a2d4851a1d" />
    <TestEntry testId="b6df1047-6315-7cea-5838-53c6729dacb6" executionId="3cf31d71-71c0-4cff-980f-145a7f26cd2d" testListId="8c84fa94-04c1-424b-9868-57a2d4851a1d" />
    <TestEntry testId="96028340-8577-e77b-d1ec-62b9fbc86561" executionId="7611bbad-d321-426f-88f5-4c6b4b7213b6" testListId="8c84fa94-04c1-424b-9868-57a2d4851a1d" />
    <TestEntry testId="77bc7ac3-e29b-a870-c440-3fd742b550cb" executionId="c5484643-348a-489d-8f92-5ff1a701c795" testListId="8c84fa94-04c1-424b-9868-57a2d4851a1d" />
    <TestEntry testId="2b065227-d04b-d6f2-167e-1d99b2ed943f" executionId="5fae97c6-c519-4321-bba8-255f53fd4022" testListId="8c84fa94-04c1-424b-9868-57a2d4851a1d" />
    <TestEntry testId="625788c2-e132-19a0-aeb0-25a6659935b4" executionId="b917bd7b-0662-4cf2-9c23-9e7a7db3e0eb" testListId="8c84fa94-04c1-424b-9868-57a2d4851a1d" />
    <TestEntry testId="c1e3a90f-332b-b318-ea77-2d30f318fd6d" executionId="57264243-4973-43b1-b0cb-63e6807493fb" testListId="8c84fa94-04c1-424b-9868-57a2d4851a1d" />
    <TestEntry testId="9ca0f14b-a173-468b-e1aa-5c9f0104c864" executionId="bc07a5e2-ede6-4a38-b2f2-9540939e49c8" testListId="8c84fa94-04c1-424b-9868-57a2d4851a1d" />
    <TestEntry testId="87dfc1f3-1d25-e824-ae3d-a10e3a205599" executionId="0113b358-7603-499e-90bc-f716dffde264" testListId="8c84fa94-04c1-424b-9868-57a2d4851a1d" />
    <TestEntry testId="6dbfff62-53f1-d498-ba42-18edaf4eb93f" executionId="f503c749-14b8-4a94-8c10-9f42e6279f10" testListId="8c84fa94-04c1-424b-9868-57a2d4851a1d" />
    <TestEntry testId="4888af46-2e48-6f31-001c-267718790903" executionId="eef41fbc-5c3c-4645-bba2-ea91eec0c081" testListId="8c84fa94-04c1-424b-9868-57a2d4851a1d" />
    <TestEntry testId="3506c85c-437d-72ba-ef51-7d4fc73db285" executionId="526541ab-a6f7-4429-baca-32391e0bc904" testListId="8c84fa94-04c1-424b-9868-57a2d4851a1d" />
    <TestEntry testId="236aed74-c302-8191-122f-b8dded39bde1" executionId="3d1e3cc8-aa18-44bf-aa19-946ef814fb6e" testListId="8c84fa94-04c1-424b-9868-57a2d4851a1d" />
    <TestEntry testId="ce0f4c47-c45d-47c7-2139-fa9c9dcb7bb3" executionId="0a8f0a62-36df-4413-a918-6c290124b234" testListId="8c84fa94-04c1-424b-9868-57a2d4851a1d" />
    <TestEntry testId="81e8f33b-e38c-e2c1-2c09-ca3889047043" executionId="9f5b4a78-b756-48aa-8880-238664d3fce4" testListId="8c84fa94-04c1-424b-9868-57a2d4851a1d" />
    <TestEntry testId="600250d2-0842-61ea-3ecc-dc550ccb37c2" executionId="dcae5abf-7bb0-4c3e-acb5-83e4bcb19d12" testListId="8c84fa94-04c1-424b-9868-57a2d4851a1d" />
    <TestEntry testId="e1ccce83-1940-20a0-0c08-648f75c5171e" executionId="9151e1a3-01d0-4a9b-81c9-e07ca1500b79" testListId="8c84fa94-04c1-424b-9868-57a2d4851a1d" />
    <TestEntry testId="5289010d-5536-182d-068f-9cd4ce10b20a" executionId="dd57709c-6933-4716-9016-341c9c29705f" testListId="8c84fa94-04c1-424b-9868-57a2d4851a1d" />
    <TestEntry testId="3ec56bbf-7fe9-d71e-da6c-0863724952bf" executionId="b23c0c87-75ae-4e37-bba5-e5240a3f17a4" testListId="8c84fa94-04c1-424b-9868-57a2d4851a1d" />
    <TestEntry testId="92e25065-8c68-27cd-dfa1-4ab9a2caa43e" executionId="f2c4f380-2ba3-448c-adfe-28419e66664c" testListId="8c84fa94-04c1-424b-9868-57a2d4851a1d" />
    <TestEntry testId="ab415bfa-1757-27e7-e18b-1c785b6fd7c8" executionId="202a042b-3d15-4c5f-915d-6a4b79a10a8b" testListId="8c84fa94-04c1-424b-9868-57a2d4851a1d" />
    <TestEntry testId="5ffbf9ad-302b-2bbc-2246-98f1d684f743" executionId="09dbc4ad-7c05-4728-b86a-3158be9231bb" testListId="8c84fa94-04c1-424b-9868-57a2d4851a1d" />
    <TestEntry testId="91e30193-4caf-c792-6796-69d7befc3766" executionId="515669b9-b362-4079-8265-bc6d76f913ba" testListId="8c84fa94-04c1-424b-9868-57a2d4851a1d" />
    <TestEntry testId="6df4569f-709e-f3a7-1090-3022ed0e19f5" executionId="928c6385-6bf2-4109-a83b-3b164d3d4f3a" testListId="8c84fa94-04c1-424b-9868-57a2d4851a1d" />
    <TestEntry testId="25daaf9d-c680-869e-b491-7cf89a9b0631" executionId="d966479c-a05d-450c-97e5-a9ed7c3d5ed0" testListId="8c84fa94-04c1-424b-9868-57a2d4851a1d" />
    <TestEntry testId="bd4bdea9-33e8-417f-f995-a50667739c55" executionId="f5fa630c-e1ae-49cd-9d40-e878cc298a01" testListId="8c84fa94-04c1-424b-9868-57a2d4851a1d" />
    <TestEntry testId="d342dc81-35be-9779-8fde-113f4caba789" executionId="6c818251-35dd-4e0b-be9e-abaae45788d6" testListId="8c84fa94-04c1-424b-9868-57a2d4851a1d" />
    <TestEntry testId="3c50e0b3-ddba-2d29-9177-c975ba258b77" executionId="ece11dae-64c5-47d0-8cf5-a28c35b62dbe" testListId="8c84fa94-04c1-424b-9868-57a2d4851a1d" />
    <TestEntry testId="ef18e394-e24e-d009-fe6c-a8c43a22dc10" executionId="9d59a5ed-8f31-4819-b160-ab240af1964e" testListId="8c84fa94-04c1-424b-9868-57a2d4851a1d" />
    <TestEntry testId="c36c8dd8-6db4-10b8-d70a-6b9e3d5d6925" executionId="450bb31e-bc11-4cd6-9a25-7e171ba613eb" testListId="8c84fa94-04c1-424b-9868-57a2d4851a1d" />
    <TestEntry testId="40c8046e-12cc-6fc2-6ae1-4a8b7426054d" executionId="17e709c6-0574-4677-af87-332cb4737d45" testListId="8c84fa94-04c1-424b-9868-57a2d4851a1d" />
    <TestEntry testId="313991f3-ae66-252a-8d08-93f027c665d7" executionId="3d39be68-6784-435b-bdec-152ad69eb1d2" testListId="8c84fa94-04c1-424b-9868-57a2d4851a1d" />
    <TestEntry testId="0567e5ed-9b2f-421e-609f-8aef0fadc78c" executionId="26e7619a-d920-46ae-96f1-6a6b403a56eb" testListId="8c84fa94-04c1-424b-9868-57a2d4851a1d" />
    <TestEntry testId="f6727dda-a9b5-b2d9-b519-02faabaaed9e" executionId="39555e22-c884-4d62-a6be-075980854974" testListId="8c84fa94-04c1-424b-9868-57a2d4851a1d" />
    <TestEntry testId="cb12a6f9-6346-d3f4-285c-867250e685ff" executionId="e916707b-7c84-4493-b95c-f36f4dff291f" testListId="8c84fa94-04c1-424b-9868-57a2d4851a1d" />
    <TestEntry testId="50d4fbc3-a0df-eb21-fe0a-0e503a5025dc" executionId="47b8a19b-8d02-45fa-9b0f-6be42ba58743" testListId="8c84fa94-04c1-424b-9868-57a2d4851a1d" />
    <TestEntry testId="001423c7-7074-6e30-deca-db60a29b6f3a" executionId="b3a6c386-e088-474c-a4b3-4a724cea40e3" testListId="8c84fa94-04c1-424b-9868-57a2d4851a1d" />
    <TestEntry testId="7471a5c0-dfc1-f934-ed80-cfd05fa11ef1" executionId="387ef3ea-143e-4b39-b354-7b687a2bdafd" testListId="8c84fa94-04c1-424b-9868-57a2d4851a1d" />
    <TestEntry testId="ca2c5c07-ef17-cd00-15c2-ad7d5f6db218" executionId="b17ea199-f31b-40fa-8d1c-3c9de22067f1" testListId="8c84fa94-04c1-424b-9868-57a2d4851a1d" />
    <TestEntry testId="1434a910-d02a-d17b-d43b-bf7cd0cc049a" executionId="2a708400-5a6a-4237-87ac-c3204662ab54" testListId="8c84fa94-04c1-424b-9868-57a2d4851a1d" />
    <TestEntry testId="d3f254fc-670c-a999-1862-753b10617d0a" executionId="f9380ecf-e1fd-4813-b7d9-319058a60fb8" testListId="8c84fa94-04c1-424b-9868-57a2d4851a1d" />
    <TestEntry testId="6fb4bf6f-a6c4-fd71-0add-ed3e476eb148" executionId="8a375a93-264b-4439-b353-7b6be3a0215c" testListId="8c84fa94-04c1-424b-9868-57a2d4851a1d" />
    <TestEntry testId="0151af46-5dcd-c0ae-08dc-d09a36060af1" executionId="4530bf7c-b405-475a-93bf-8d1a7c8df063" testListId="8c84fa94-04c1-424b-9868-57a2d4851a1d" />
    <TestEntry testId="fb36cac8-ec48-774f-504e-c36b2d6c8c1c" executionId="7756ff30-abdd-4623-9533-55d090f8e460" testListId="8c84fa94-04c1-424b-9868-57a2d4851a1d" />
    <TestEntry testId="d8d06585-b8d6-7176-0224-f38d7babd5e4" executionId="ad4bd5df-63c6-4c3c-92fd-3a069e84a053" testListId="8c84fa94-04c1-424b-9868-57a2d4851a1d" />
    <TestEntry testId="9d6c7c73-7de1-f10f-6edc-e906aaa2fc65" executionId="2f458bc9-dcb9-4e24-9e89-448f1c290856" testListId="8c84fa94-04c1-424b-9868-57a2d4851a1d" />
    <TestEntry testId="01b2a6c0-5ac9-7d44-ebe3-eefc48ed09ae" executionId="0a142a3f-b1b6-4d5a-884c-10a5c88421cf" testListId="8c84fa94-04c1-424b-9868-57a2d4851a1d" />
    <TestEntry testId="b76b3f56-a1d7-d135-8b0a-b672c52c8f80" executionId="44d4857b-f2d9-46eb-b480-55336db6fe4a" testListId="8c84fa94-04c1-424b-9868-57a2d4851a1d" />
    <TestEntry testId="d0e761f4-58cd-c02f-8d68-886c43944af0" executionId="46a17fcc-520e-4ab5-bc5e-fc23103d771e" testListId="8c84fa94-04c1-424b-9868-57a2d4851a1d" />
    <TestEntry testId="a62eaade-4b9b-f563-848e-47dbec50f8fc" executionId="ce007895-44fd-4913-80cc-8e72918472cd" testListId="8c84fa94-04c1-424b-9868-57a2d4851a1d" />
    <TestEntry testId="b6122e6e-601a-1414-2e6b-d84dd21ff2bb" executionId="b91e672d-f266-4aa5-b69f-079a0fc10634" testListId="8c84fa94-04c1-424b-9868-57a2d4851a1d" />
    <TestEntry testId="bcbbe298-b533-4877-1dd7-2269e026312a" executionId="8912faea-805f-4c8e-9470-24fadfad68e7" testListId="8c84fa94-04c1-424b-9868-57a2d4851a1d" />
    <TestEntry testId="634501c7-af3e-19a9-f295-f7f352d7d868" executionId="f558ad78-6ad6-4032-98a7-c4484bdf730d" testListId="8c84fa94-04c1-424b-9868-57a2d4851a1d" />
    <TestEntry testId="836ac0f6-93e2-9b2d-ce1e-1fcad70dee7c" executionId="af080eb3-6380-4d3c-8400-c9b064aa7f46" testListId="8c84fa94-04c1-424b-9868-57a2d4851a1d" />
    <TestEntry testId="e60ec041-b25b-1ccc-d552-7d2685fab2ed" executionId="73ef4380-feea-44dc-a150-0e51d2ff8ead" testListId="8c84fa94-04c1-424b-9868-57a2d4851a1d" />
    <TestEntry testId="102983e3-343e-3ac0-9f4d-720b044babe7" executionId="c1ed248b-d5bd-4f7e-8806-78d42640b977" testListId="8c84fa94-04c1-424b-9868-57a2d4851a1d" />
    <TestEntry testId="62e5b9bb-41a7-0222-8a48-3ac6cdc116ff" executionId="e70a5a53-5e47-4f4c-8099-32806b89665e" testListId="8c84fa94-04c1-424b-9868-57a2d4851a1d" />
    <TestEntry testId="3ffe3b0e-74e4-0280-e092-a894a49b3234" executionId="cf185d69-ff68-4fa0-aa03-4315906fcc20" testListId="8c84fa94-04c1-424b-9868-57a2d4851a1d" />
    <TestEntry testId="6714f7c6-40d0-216d-b0b0-e882f4cecdba" executionId="710a04dc-c7d7-41b3-bb82-69e81a3a90c6" testListId="8c84fa94-04c1-424b-9868-57a2d4851a1d" />
    <TestEntry testId="a8795dd7-22ff-b6c1-4869-6a31e80acf3f" executionId="460c7200-1981-42c6-a326-e60641c09f00" testListId="8c84fa94-04c1-424b-9868-57a2d4851a1d" />
    <TestEntry testId="7aa25b8f-02be-2a55-e301-8e10a93823ad" executionId="ac3eebfe-dc22-4cc4-a60b-3ea32f3bd647" testListId="8c84fa94-04c1-424b-9868-57a2d4851a1d" />
    <TestEntry testId="59c8d226-96cd-1eb3-4efc-33bf25b62a3a" executionId="48788b95-f35d-4cb9-8c8c-e188d996c89e" testListId="8c84fa94-04c1-424b-9868-57a2d4851a1d" />
    <TestEntry testId="62e23b80-ee25-2657-132e-b145842464b1" executionId="ad392adb-0e05-429d-ba44-6d3d076093a5" testListId="8c84fa94-04c1-424b-9868-57a2d4851a1d" />
    <TestEntry testId="e1a52796-bd29-c801-8e94-72cc312ceb70" executionId="b89fba63-edb6-4fb6-ab63-9021fe31f6f3" testListId="8c84fa94-04c1-424b-9868-57a2d4851a1d" />
    <TestEntry testId="0bdc8e44-ca03-d71b-f322-5b34093ab468" executionId="51058791-b45a-4551-bc60-6b8e0c2a931e" testListId="8c84fa94-04c1-424b-9868-57a2d4851a1d" />
    <TestEntry testId="074e3c8f-f7fd-92b6-015f-c1c1353ef070" executionId="afc75a46-cd7b-48c5-ad65-8ce9bd1b51c1" testListId="8c84fa94-04c1-424b-9868-57a2d4851a1d" />
    <TestEntry testId="a084d61d-8e8b-b069-974c-2a2fe0bd4eef" executionId="dd694431-a8e5-4fe3-ac61-2ce7444e4be1" testListId="8c84fa94-04c1-424b-9868-57a2d4851a1d" />
    <TestEntry testId="ca2a3529-6fe2-9772-dc71-80600c8a534c" executionId="d3887d66-676a-4926-8cda-0f11e6cc9b4b" testListId="8c84fa94-04c1-424b-9868-57a2d4851a1d" />
    <TestEntry testId="aa99ca40-aeec-6003-abc8-a990f1a031ef" executionId="b2f7d476-7de0-4771-974b-7dd0ac9404c8" testListId="8c84fa94-04c1-424b-9868-57a2d4851a1d" />
    <TestEntry testId="53181a6e-86d2-5664-7408-2a617753dd9d" executionId="608a5ef5-0493-49a8-8446-b281a1499df1" testListId="8c84fa94-04c1-424b-9868-57a2d4851a1d" />
    <TestEntry testId="0b342f9c-a954-9f80-3092-9322eba68445" executionId="5ed86775-3a59-454c-9b3b-495823302a6a" testListId="8c84fa94-04c1-424b-9868-57a2d4851a1d" />
    <TestEntry testId="381a5564-a4ef-f87f-b7ef-7dbe2b9a6613" executionId="4b2c6128-8d75-4585-8aa3-69c889ce17e4" testListId="8c84fa94-04c1-424b-9868-57a2d4851a1d" />
    <TestEntry testId="b9df65b6-1c8d-5eac-08e6-0ecc3079a24a" executionId="7cd1ff16-026a-4f8c-9b72-1d8eaf85e463" testListId="8c84fa94-04c1-424b-9868-57a2d4851a1d" />
    <TestEntry testId="18e1eba3-447d-be99-6af0-823717bb4875" executionId="9d9c3728-cec0-490b-a9e8-ebf4f98d5c54" testListId="8c84fa94-04c1-424b-9868-57a2d4851a1d" />
    <TestEntry testId="7c05bab9-f637-2c3b-5dbe-afcaed0f4c83" executionId="0d2f6ea9-4477-4fe6-8b75-320ea5ee3486" testListId="8c84fa94-04c1-424b-9868-57a2d4851a1d" />
    <TestEntry testId="ea449f51-1d1e-98f6-62ed-c13293bd5179" executionId="f60b9c25-71e2-4698-8e73-edf9a2e60e06" testListId="8c84fa94-04c1-424b-9868-57a2d4851a1d" />
    <TestEntry testId="5af7b2bd-63fa-a62a-8222-e80487c24a5d" executionId="de6c4f78-ef0a-41b3-9627-e6fce0e6e5b5" testListId="8c84fa94-04c1-424b-9868-57a2d4851a1d" />
    <TestEntry testId="eabb2745-c87d-74b5-3a62-9a72d5d715de" executionId="f5a2e20f-c8da-4d92-9b4d-9b46dc12056a" testListId="8c84fa94-04c1-424b-9868-57a2d4851a1d" />
    <TestEntry testId="7fd6c5b6-5c3d-e75b-16c4-b6eed7f7e091" executionId="1210bab2-8ff3-44c4-a146-096faa5d09ad" testListId="8c84fa94-04c1-424b-9868-57a2d4851a1d" />
    <TestEntry testId="28169486-f973-bb92-6266-fbbe2bb942dc" executionId="50d928f9-0e64-42e3-b496-9301f2f6537a" testListId="8c84fa94-04c1-424b-9868-57a2d4851a1d" />
    <TestEntry testId="1df4a223-acc2-d9db-c222-8478bcd1218e" executionId="aabe4d49-d5dd-4220-9f59-c64f69bb68b9" testListId="8c84fa94-04c1-424b-9868-57a2d4851a1d" />
    <TestEntry testId="470a13c6-53f9-2b30-a027-9ec263b64f4e" executionId="6cfed73b-888b-46a2-a4c1-48aa5076831b" testListId="8c84fa94-04c1-424b-9868-57a2d4851a1d" />
    <TestEntry testId="5c9dbffb-269a-7656-c0b7-f1b9c1266253" executionId="89e9597c-7c00-4902-939d-a04a911a56b3" testListId="8c84fa94-04c1-424b-9868-57a2d4851a1d" />
    <TestEntry testId="acd04e07-fba0-9e9d-7c2a-466fe92b17c4" executionId="33585c1e-b431-440f-9c8d-429561c1124d" testListId="8c84fa94-04c1-424b-9868-57a2d4851a1d" />
    <TestEntry testId="061478ba-bcea-4e2f-ce84-9f7dc795900c" executionId="e04ca43b-1686-41d2-aa8f-f1c2fdd8cf2b" testListId="8c84fa94-04c1-424b-9868-57a2d4851a1d" />
    <TestEntry testId="beda1b1f-fcd2-1728-61fb-0391f306405d" executionId="e26b864f-d649-47e6-9f28-1c24467a16b6" testListId="8c84fa94-04c1-424b-9868-57a2d4851a1d" />
    <TestEntry testId="78f6abe0-cc49-fc82-ab88-689ee7df4061" executionId="20aa4bc1-7f54-47da-85a7-78f26b2951fd" testListId="8c84fa94-04c1-424b-9868-57a2d4851a1d" />
    <TestEntry testId="f085acbd-439c-4d25-189d-bfcd3df248ff" executionId="f37888ea-1a7f-4832-b3c1-30ba50486099" testListId="8c84fa94-04c1-424b-9868-57a2d4851a1d" />
    <TestEntry testId="3671dcf1-7b40-85fd-920b-f263628a76ae" executionId="9b58022d-a75b-4119-a367-da5830ff6b06" testListId="8c84fa94-04c1-424b-9868-57a2d4851a1d" />
    <TestEntry testId="b8c120e3-6401-e6cd-7c77-b1849b1e2988" executionId="9af0ba01-42da-4430-814d-12a05bf2c2b6" testListId="8c84fa94-04c1-424b-9868-57a2d4851a1d" />
    <TestEntry testId="2c2991e8-c59c-77ba-6dd2-7a9b588be305" executionId="8a1bfa0d-2fa3-4dd2-a576-1041a1d62a26" testListId="8c84fa94-04c1-424b-9868-57a2d4851a1d" />
    <TestEntry testId="2d0204ac-b76f-ca1a-c274-6fb5083b388b" executionId="a8baef17-ad9b-47f0-8685-c47beb3fb6a9" testListId="8c84fa94-04c1-424b-9868-57a2d4851a1d" />
    <TestEntry testId="7e0f7e55-0bb3-4d0b-d2d7-ccda912bd0ce" executionId="39f694c2-4447-40be-b345-e92eae30d9af" testListId="8c84fa94-04c1-424b-9868-57a2d4851a1d" />
    <TestEntry testId="9d581f4c-c523-fb6b-ad58-4041968da3a8" executionId="5d3138ca-7f97-4442-bc77-121d7c7ffe0c" testListId="8c84fa94-04c1-424b-9868-57a2d4851a1d" />
    <TestEntry testId="d18d47e6-5611-0f97-34ba-b14cbceebb59" executionId="7c91472b-fa79-4039-9247-e438910fe744" testListId="8c84fa94-04c1-424b-9868-57a2d4851a1d" />
    <TestEntry testId="b2d399a0-06b0-240a-e72a-59bfd6deca2d" executionId="9838df4c-c1d4-4e00-b04c-ba5dd79ff081" testListId="8c84fa94-04c1-424b-9868-57a2d4851a1d" />
    <TestEntry testId="e0030da8-e14f-7213-c069-bde0e73aadbb" executionId="3353d5ff-2cf6-4a19-aa48-fdef236cf550" testListId="8c84fa94-04c1-424b-9868-57a2d4851a1d" />
    <TestEntry testId="61370792-8237-ede0-64ad-1e732a029cda" executionId="82a90f6e-ccaf-484c-b128-b1c34c05b9cb" testListId="8c84fa94-04c1-424b-9868-57a2d4851a1d" />
    <TestEntry testId="f76079c1-5ac6-2df7-0c13-a5cbd13e239f" executionId="1e1ad0fa-c6f6-4bad-be0a-38b0b16372bb" testListId="8c84fa94-04c1-424b-9868-57a2d4851a1d" />
    <TestEntry testId="aa24a3b4-33e5-6f53-c2f6-937216cd2af3" executionId="96c00af8-8248-4edb-bede-286e6a34f777" testListId="8c84fa94-04c1-424b-9868-57a2d4851a1d" />
    <TestEntry testId="f83a0da9-7089-0b15-dfcf-4ea0679036fd" executionId="188fd818-7e5e-4f0d-b9b9-9914fd4f0b3a" testListId="8c84fa94-04c1-424b-9868-57a2d4851a1d" />
    <TestEntry testId="1affbe49-8d61-d1f1-0c65-ec8e3f207b86" executionId="9b87a987-e82a-4d7e-b067-8e690e1411d0" testListId="8c84fa94-04c1-424b-9868-57a2d4851a1d" />
    <TestEntry testId="0350f423-6ff4-0497-7aa5-269eb0887887" executionId="24ae04f9-d0d1-4953-89e4-a80984955ac2" testListId="8c84fa94-04c1-424b-9868-57a2d4851a1d" />
    <TestEntry testId="6dd069db-38ce-9e72-c5f7-0848c902e5d6" executionId="32ec2ded-0ec5-4783-bb51-dde0f259bb85" testListId="8c84fa94-04c1-424b-9868-57a2d4851a1d" />
    <TestEntry testId="fdc67835-b297-0c9a-d974-89bbcc47a198" executionId="b720210f-5338-4d06-81f1-757d737cfd25" testListId="8c84fa94-04c1-424b-9868-57a2d4851a1d" />
    <TestEntry testId="9168d834-5f76-a66f-9b95-d99432c859a6" executionId="53f0bf2f-d5c8-4f9a-a371-421bce94b024" testListId="8c84fa94-04c1-424b-9868-57a2d4851a1d" />
    <TestEntry testId="641fce7a-927f-c9bd-b53f-c9cf8847e0c6" executionId="79a2d6fc-9911-417c-a53c-b51460dc6366" testListId="8c84fa94-04c1-424b-9868-57a2d4851a1d" />
    <TestEntry testId="bf214f8c-fe7d-0bf4-2f58-4d9125468eba" executionId="5f03aeb6-ddf2-42e2-b826-75cb1fa6a0dc" testListId="8c84fa94-04c1-424b-9868-57a2d4851a1d" />
    <TestEntry testId="4a59a11c-200f-aa45-b1ae-53e8ed098cc3" executionId="1a462074-3f91-4ff0-960b-65165f5bf688" testListId="8c84fa94-04c1-424b-9868-57a2d4851a1d" />
    <TestEntry testId="d1b499f1-eddf-e023-fb44-bb356fa24ce2" executionId="2e3168b8-9d56-4e53-aa2b-433615092809" testListId="8c84fa94-04c1-424b-9868-57a2d4851a1d" />
    <TestEntry testId="32f08226-eab6-d048-9a51-fa591b1c6eed" executionId="57a471ea-85fb-4096-a742-680410e39416" testListId="8c84fa94-04c1-424b-9868-57a2d4851a1d" />
    <TestEntry testId="8aa4b9af-578a-6598-4ab7-bd3d302c08e1" executionId="f5713722-31e6-423e-92c1-31f6a4234a00" testListId="8c84fa94-04c1-424b-9868-57a2d4851a1d" />
    <TestEntry testId="a132f518-a14c-4e32-443e-921647ec9b13" executionId="6a131272-313d-4e04-869b-580efa63c4f7" testListId="8c84fa94-04c1-424b-9868-57a2d4851a1d" />
    <TestEntry testId="b87b29e8-a58f-957e-d35c-aeabc467944c" executionId="a0c8f62a-f623-4c2a-a61d-53e260774b1b" testListId="8c84fa94-04c1-424b-9868-57a2d4851a1d" />
    <TestEntry testId="077c1727-bbeb-fe6e-9369-9f6c6e2c4687" executionId="8dc59c37-d6ff-46e1-9483-60ce06124b1d" testListId="8c84fa94-04c1-424b-9868-57a2d4851a1d" />
    <TestEntry testId="ec0c10f9-6573-396c-cae9-98e664d7dd54" executionId="f4736dc6-fbce-4651-be94-4c9c29b71ce1" testListId="8c84fa94-04c1-424b-9868-57a2d4851a1d" />
    <TestEntry testId="e95ba1d6-b047-9d32-d5d7-1bfb237412bd" executionId="0ca61312-dc63-4004-a212-a69eab4b909b" testListId="8c84fa94-04c1-424b-9868-57a2d4851a1d" />
    <TestEntry testId="dc0eef22-eed1-5a9b-0276-9e8a6d3b0457" executionId="38e1b7a8-6ced-4df7-80ee-002686355ac1" testListId="8c84fa94-04c1-424b-9868-57a2d4851a1d" />
    <TestEntry testId="a052c6f6-a87b-7906-a8a1-93f3eb1a69f5" executionId="f28b3311-9e37-45d8-a0c9-7dfc07b86a9a" testListId="8c84fa94-04c1-424b-9868-57a2d4851a1d" />
    <TestEntry testId="7c47f98f-4df1-0256-a8a5-9a036bac283a" executionId="846668fd-14e2-41be-ac20-7e25cd02c113" testListId="8c84fa94-04c1-424b-9868-57a2d4851a1d" />
    <TestEntry testId="1ca030be-56df-6db4-e3bb-8b3b5c504547" executionId="aa005ee6-4728-4f91-8b3d-8853b7b4d9ee" testListId="8c84fa94-04c1-424b-9868-57a2d4851a1d" />
    <TestEntry testId="088bbd3a-f4b8-aa1e-9bcc-be79df579b98" executionId="8e77c889-ed10-4931-a654-04b6b45a720d" testListId="8c84fa94-04c1-424b-9868-57a2d4851a1d" />
    <TestEntry testId="de168127-3b30-7ac5-909b-fc9a56940745" executionId="86b8ccc5-d7c3-4889-9aa0-4278edbf49c6" testListId="8c84fa94-04c1-424b-9868-57a2d4851a1d" />
    <TestEntry testId="7a5006dc-f12a-af7b-1cb3-903d4363f771" executionId="1342567a-5ad8-4c9e-bb3c-2d5f44962b19" testListId="8c84fa94-04c1-424b-9868-57a2d4851a1d" />
    <TestEntry testId="f866e7e3-0ac2-e245-60a7-ea4308bca5d3" executionId="fbad56a9-4a80-49b6-8078-2199e26dad64" testListId="8c84fa94-04c1-424b-9868-57a2d4851a1d" />
    <TestEntry testId="1954db6a-4120-ef0c-ad51-44c167732679" executionId="365c2331-2680-43f5-b446-81b432336f17" testListId="8c84fa94-04c1-424b-9868-57a2d4851a1d" />
    <TestEntry testId="d5fe5d68-cb78-5bba-9f7a-da290c27d349" executionId="3850bcdc-3729-4ae5-99ae-4053e5816f55" testListId="8c84fa94-04c1-424b-9868-57a2d4851a1d" />
    <TestEntry testId="479eab6c-862e-6633-3d08-effc3bd1fabd" executionId="fb19e34a-d10c-4389-83d0-805d65e4d095" testListId="8c84fa94-04c1-424b-9868-57a2d4851a1d" />
    <TestEntry testId="908277c2-39ec-e2bd-5b3f-7d6ed7898e59" executionId="b0433220-7a57-4dc6-8391-dec59024372e" testListId="8c84fa94-04c1-424b-9868-57a2d4851a1d" />
    <TestEntry testId="15267aed-219f-b721-c26f-f043cbdbeee8" executionId="7de13e32-a52b-473b-a4ac-835b163bb4e1" testListId="8c84fa94-04c1-424b-9868-57a2d4851a1d" />
    <TestEntry testId="57788717-59ea-65f0-8fc9-6f98f73bba20" executionId="26f68b47-0781-4321-af00-b415bc9fed14" testListId="8c84fa94-04c1-424b-9868-57a2d4851a1d" />
    <TestEntry testId="b6a32f7c-ae65-d6c2-1879-6b96bec7279b" executionId="0cd4a42a-ca3b-442e-a5bb-78ed82d524ac" testListId="8c84fa94-04c1-424b-9868-57a2d4851a1d" />
    <TestEntry testId="e5de413d-e03a-46d8-ae43-0ea60e026ae6" executionId="6c20d09b-5131-4469-8608-d91a463ca3bd" testListId="8c84fa94-04c1-424b-9868-57a2d4851a1d" />
    <TestEntry testId="69d8225d-7f77-40ec-a474-e924e94d6118" executionId="358268e9-291d-41e6-b826-4ed618614572" testListId="8c84fa94-04c1-424b-9868-57a2d4851a1d" />
    <TestEntry testId="88a23a15-5b33-4263-9981-310c508496ed" executionId="b4b55ebb-8174-46cc-a4e9-9bc871432f3d" testListId="8c84fa94-04c1-424b-9868-57a2d4851a1d" />
    <TestEntry testId="87a04fd5-5a18-48c7-8d82-6714fbc859d7" executionId="8540214a-9035-486e-826a-bb1428530907" testListId="8c84fa94-04c1-424b-9868-57a2d4851a1d" />
    <TestEntry testId="4c8a3217-830f-dc98-02c5-6cf109ff6bf4" executionId="06ba4afa-d80d-4f5b-ae7b-fb6a43fa0051" testListId="8c84fa94-04c1-424b-9868-57a2d4851a1d" />
    <TestEntry testId="87d0f5d7-bcce-4a3f-8583-e461688a1113" executionId="712a6b07-9030-45f3-867b-d21de2c974bb" testListId="8c84fa94-04c1-424b-9868-57a2d4851a1d" />
    <TestEntry testId="3782da21-38ef-4215-b5de-08d887ca5210" executionId="7bcab14b-6c7f-45c2-ba61-fb498af35779" testListId="8c84fa94-04c1-424b-9868-57a2d4851a1d" />
    <TestEntry testId="d087f5ad-58ef-4d1d-aa96-c7f0c2c5e187" executionId="9f72aab8-480c-4744-b608-2851ad14b97e" testListId="8c84fa94-04c1-424b-9868-57a2d4851a1d" />
    <TestEntry testId="be1226fe-2a82-10e6-2761-d2365e4ab959" executionId="19ffb4d6-5eed-47f8-93c2-3454634582a0" testListId="8c84fa94-04c1-424b-9868-57a2d4851a1d" />
    <TestEntry testId="23a12256-f49e-329a-d982-372a9b53a248" executionId="e243d9df-7423-4748-a619-7640a4e869fa" testListId="8c84fa94-04c1-424b-9868-57a2d4851a1d" />
    <TestEntry testId="b0e0645c-3fac-3a33-2fc9-e5d95a6560ac" executionId="eec76341-d720-4a70-ac06-18722232a172" testListId="8c84fa94-04c1-424b-9868-57a2d4851a1d" />
    <TestEntry testId="77bd1226-0c18-4651-9c50-ae2fd67c14ed" executionId="26b1fd14-fa63-4c16-9612-256229a1fc67" testListId="8c84fa94-04c1-424b-9868-57a2d4851a1d" />
    <TestEntry testId="7f165680-ecc2-4cc2-88b9-6e61c0698561" executionId="9b73fc34-8838-44d6-8400-d75d43862f3d" testListId="8c84fa94-04c1-424b-9868-57a2d4851a1d" />
    <TestEntry testId="cf918f21-949c-48af-b475-d877521aff25" executionId="b72b16f8-f19d-4efe-b21e-95d6af062d7d" testListId="8c84fa94-04c1-424b-9868-57a2d4851a1d" />
    <TestEntry testId="488c9240-46b2-be5d-19c9-e43bc6d32d38" executionId="1c6c0861-98fc-4929-b453-f894c886d2ba" testListId="8c84fa94-04c1-424b-9868-57a2d4851a1d" />
    <TestEntry testId="63d881cf-33c4-4c10-a3f6-ab0d3969c8d2" executionId="64fcdc8e-b9a7-47ad-975f-937c07fe8349" testListId="8c84fa94-04c1-424b-9868-57a2d4851a1d" />
    <TestEntry testId="68fe7381-5659-417d-8641-c92eee52a33c" executionId="63ba6d44-370f-4676-ac4f-fc6c96a74da3" testListId="8c84fa94-04c1-424b-9868-57a2d4851a1d" />
    <TestEntry testId="d7bbc059-43c1-4d1d-b57c-653e31c99132" executionId="88cafb91-6ae0-4831-aa86-95a59f91a6fd" testListId="8c84fa94-04c1-424b-9868-57a2d4851a1d" />
    <TestEntry testId="0962bec3-1e42-5e9d-eadb-fcc5a2add828" executionId="b4127eb0-3eff-457e-baf8-c557fd7ae216" testListId="8c84fa94-04c1-424b-9868-57a2d4851a1d" />
    <TestEntry testId="8ff74ca0-d43a-4117-a6c7-9b37bbd25459" executionId="444b1c72-fbd6-4cbe-8005-2a7874161a94" testListId="8c84fa94-04c1-424b-9868-57a2d4851a1d" />
    <TestEntry testId="5fc6076d-c48c-497a-8060-663818b4f136" executionId="4fb651e7-fc54-4530-8320-20f26d250ece" testListId="8c84fa94-04c1-424b-9868-57a2d4851a1d" />
    <TestEntry testId="0f77a9ab-2c46-4c1a-8e6b-a278a6e66869" executionId="45683b20-6590-4968-968b-2208084ad61b" testListId="8c84fa94-04c1-424b-9868-57a2d4851a1d" />
    <TestEntry testId="adb42ce9-8b8a-4b8d-aaa0-157d9fd56444" executionId="1e5c48b4-84ef-4f90-8650-e0cb806cbbca" testListId="8c84fa94-04c1-424b-9868-57a2d4851a1d" />
    <TestEntry testId="3f8523bb-ab42-bf29-2666-936cc68a48d7" executionId="4b4a85ed-b2c5-4be4-a749-89fbda8b784a" testListId="8c84fa94-04c1-424b-9868-57a2d4851a1d" />
    <TestEntry testId="a3cab530-0054-1c97-ab2a-bbad1dde2df8" executionId="218bf41d-73a2-43c7-a6a4-b22bc966c8d4" testListId="8c84fa94-04c1-424b-9868-57a2d4851a1d" />
    <TestEntry testId="a2b36234-465e-e7d7-6e6a-276d97829d88" executionId="340c4136-849b-4a1c-9a1e-301e180a34cd" testListId="8c84fa94-04c1-424b-9868-57a2d4851a1d" />
    <TestEntry testId="cb8e611b-c462-8df8-391e-10a5a02f2dcb" executionId="9ff18502-49fd-4925-b164-7a9d040304a5" testListId="8c84fa94-04c1-424b-9868-57a2d4851a1d" />
    <TestEntry testId="5c4e322a-d2b2-c52d-7b74-3cf29e4fb163" executionId="7e6923e7-0ff2-4fb3-b2fd-b8ebce406876" testListId="8c84fa94-04c1-424b-9868-57a2d4851a1d" />
    <TestEntry testId="557d0251-7fb1-3251-410d-e48c816dc26d" executionId="f9038d6d-bfb5-4319-8c96-268f2352c959" testListId="8c84fa94-04c1-424b-9868-57a2d4851a1d" />
    <TestEntry testId="2fd7e71a-3f93-48b4-b903-75f4efdfa0eb" executionId="57a52a27-1137-43de-912b-aa167b93a44d" testListId="8c84fa94-04c1-424b-9868-57a2d4851a1d" />
    <TestEntry testId="0b87fec3-726d-4151-a40a-da01fec8b26b" executionId="5dcda07a-a24a-4d10-8aff-7b53fd7fd5eb" testListId="8c84fa94-04c1-424b-9868-57a2d4851a1d" />
    <TestEntry testId="b68ad3d0-46c5-4910-9311-6b43ec07f4ee" executionId="6f9c4af1-9eac-48bd-bde3-27d2588b0b13" testListId="8c84fa94-04c1-424b-9868-57a2d4851a1d" />
    <TestEntry testId="1c76097a-22bc-28b8-ea05-4fd3eeb3d21d" executionId="c2b92c6a-d6ab-4c95-9252-a00608207741" testListId="8c84fa94-04c1-424b-9868-57a2d4851a1d" />
    <TestEntry testId="2d8e6beb-0889-45b0-a94b-342c9fe7d9ad" executionId="348e6d6e-11a5-4dc9-a938-999b850ef36a" testListId="8c84fa94-04c1-424b-9868-57a2d4851a1d" />
    <TestEntry testId="f16dc15c-3bf3-459f-8f2b-38703c557cb9" executionId="2a39b9fe-ae75-41c6-9bc6-6f1bf39355c7" testListId="8c84fa94-04c1-424b-9868-57a2d4851a1d" />
    <TestEntry testId="015413b4-c011-4a80-879c-973616ac7901" executionId="21291485-7582-491c-879d-7b67d93799b9" testListId="8c84fa94-04c1-424b-9868-57a2d4851a1d" />
    <TestEntry testId="518bbf12-7da5-3e33-41b3-05510a430553" executionId="157249e7-814e-46bc-b803-20ddba309735" testListId="8c84fa94-04c1-424b-9868-57a2d4851a1d" />
    <TestEntry testId="1bd8701b-c854-a125-2569-514775d65cd5" executionId="ee105baf-df09-4ae8-8cfb-fa23b4205247" testListId="8c84fa94-04c1-424b-9868-57a2d4851a1d" />
    <TestEntry testId="c48b6b37-7a8e-dbea-d000-8a1f8359e6c5" executionId="b20fec8f-491d-4b82-b315-80ff6565d2cd" testListId="8c84fa94-04c1-424b-9868-57a2d4851a1d" />
    <TestEntry testId="b079bb90-3c0c-4b9a-8263-c36adb3b8d9f" executionId="0ef76c16-f01f-43c8-839c-7f723fc1a779" testListId="8c84fa94-04c1-424b-9868-57a2d4851a1d" />
    <TestEntry testId="ea5fcfc0-bf44-df50-de48-73756d02bf87" executionId="4fb2aa98-0b50-40d8-97dc-a085c8214743" testListId="8c84fa94-04c1-424b-9868-57a2d4851a1d" />
    <TestEntry testId="b014df27-533f-898e-0e17-732dffb7bf76" executionId="29a76404-fbb6-4594-9fa1-9fccf07a292f" testListId="8c84fa94-04c1-424b-9868-57a2d4851a1d" />
    <TestEntry testId="46d27197-64f7-ee44-a45f-6b39c864ac7d" executionId="6269d965-7409-4241-ac0f-14a36a5c3e9c" testListId="8c84fa94-04c1-424b-9868-57a2d4851a1d" />
    <TestEntry testId="836c261d-22a8-e90d-ffe8-f60a4573b8f9" executionId="45119cb1-fbf4-454e-bc38-dc4517a0cc07" testListId="8c84fa94-04c1-424b-9868-57a2d4851a1d" />
    <TestEntry testId="be50114b-1742-0780-15cc-c0ead25523b2" executionId="a5d92035-90e5-4c9c-b101-3d6f63284c28" testListId="8c84fa94-04c1-424b-9868-57a2d4851a1d" />
    <TestEntry testId="e26050ed-a48b-a5e9-d6a5-3a5eff0274ea" executionId="b447d2fb-000c-4621-93e9-3176c05b85e3" testListId="8c84fa94-04c1-424b-9868-57a2d4851a1d" />
    <TestEntry testId="191d4a4a-f52a-ba00-b257-2c1fbadd54b6" executionId="f8cf4c7b-f180-48c5-a5ce-57c9c7a64a3d" testListId="8c84fa94-04c1-424b-9868-57a2d4851a1d" />
    <TestEntry testId="eb2fe1a0-06d7-8d30-49ab-cf97e9fa78b8" executionId="28f2e8c1-15ec-48b9-9013-b1d20ea450ae" testListId="8c84fa94-04c1-424b-9868-57a2d4851a1d" />
    <TestEntry testId="949f5c64-cd49-bbc2-4927-68571e808de9" executionId="e36a7c68-f7e7-44e8-b2ce-c065ae40d5c4" testListId="8c84fa94-04c1-424b-9868-57a2d4851a1d" />
    <TestEntry testId="af8c2e6b-b7b9-81aa-77f1-cfcaed13edfb" executionId="f46071a5-f558-41b3-b782-38b6a67ff9ab" testListId="8c84fa94-04c1-424b-9868-57a2d4851a1d" />
    <TestEntry testId="0e9ed127-9628-b128-127d-154777c660a0" executionId="a13d2da0-5f4a-470a-90c1-dcb552b07fab" testListId="8c84fa94-04c1-424b-9868-57a2d4851a1d" />
    <TestEntry testId="888f6658-c464-5a14-be48-fdba0b5d3ee0" executionId="214a9ee3-085f-4c50-bc68-99d32c57ce52" testListId="8c84fa94-04c1-424b-9868-57a2d4851a1d" />
    <TestEntry testId="e48c914c-68f4-bad2-092d-537a81fec848" executionId="044ea4c6-9581-446a-a83d-f188602fcb04" testListId="8c84fa94-04c1-424b-9868-57a2d4851a1d" />
    <TestEntry testId="9b5a4714-5546-3bbb-4064-ddf453d0bc95" executionId="3ded7f4c-d7f5-44a4-82a8-ef89ddfcee05" testListId="8c84fa94-04c1-424b-9868-57a2d4851a1d" />
    <TestEntry testId="ec0e2d8d-7c16-33d4-7a48-cd69ac10353e" executionId="c7fe30cb-2853-45f5-84fe-b72f3087a0ed" testListId="8c84fa94-04c1-424b-9868-57a2d4851a1d" />
    <TestEntry testId="9d9b2933-8c99-04d8-f5b2-47b22d11fce2" executionId="14cbf695-91a5-4f33-80b4-17f6493dc8a6" testListId="8c84fa94-04c1-424b-9868-57a2d4851a1d" />
    <TestEntry testId="db8dcdc5-f0be-dc8f-7527-9bc19164d3b8" executionId="f6ea33de-9e95-4c84-a8df-3888e742c2fa" testListId="8c84fa94-04c1-424b-9868-57a2d4851a1d" />
    <TestEntry testId="a0ae4bce-6b1d-f825-d4d2-fbf299b60c6b" executionId="80cfa6c0-a226-4534-83a7-6077d86e2b3b" testListId="8c84fa94-04c1-424b-9868-57a2d4851a1d" />
    <TestEntry testId="b2499db1-4547-f6b0-a957-e94555618cfc" executionId="1a858b4c-6abb-4ebc-b836-5c9766a5a182" testListId="8c84fa94-04c1-424b-9868-57a2d4851a1d" />
    <TestEntry testId="4764fc6b-47f9-c04c-e31a-011338a92f91" executionId="3b1bfe28-bcf4-4f36-88fb-0a61bbdc16b1" testListId="8c84fa94-04c1-424b-9868-57a2d4851a1d" />
    <TestEntry testId="a842161d-054d-e455-b2de-cda59e992655" executionId="291ade16-de83-4125-8c93-cef9788f3deb" testListId="8c84fa94-04c1-424b-9868-57a2d4851a1d" />
    <TestEntry testId="507e84e0-d269-ad62-1c50-0c4e0584cbf0" executionId="239ac332-bf76-4ddb-afc0-33228b0d59fe" testListId="8c84fa94-04c1-424b-9868-57a2d4851a1d" />
    <TestEntry testId="48edae99-5d7f-5aae-1f8e-d4cb59d4f518" executionId="2622c1b6-4d58-4df5-a867-88cded7b3458" testListId="8c84fa94-04c1-424b-9868-57a2d4851a1d" />
    <TestEntry testId="949b75ae-d2b5-fbb6-00cb-7cac4091c32c" executionId="f6d754d9-bbc2-4b8c-913f-5eda7339dc92" testListId="8c84fa94-04c1-424b-9868-57a2d4851a1d" />
    <TestEntry testId="77da3192-41a9-95e4-cfdb-29055cd6272c" executionId="3707818d-0f9f-4bef-80b5-ac3c945af9a3" testListId="8c84fa94-04c1-424b-9868-57a2d4851a1d" />
    <TestEntry testId="a6c94282-608d-2762-5b40-ce6e8915bc32" executionId="8918db1e-6b4f-4fcb-920b-26ad40a1d1b2" testListId="8c84fa94-04c1-424b-9868-57a2d4851a1d" />
    <TestEntry testId="016d8c0c-057d-39ed-b913-6892284226e6" executionId="79280825-05b3-4f71-b887-165e36d7ed1f" testListId="8c84fa94-04c1-424b-9868-57a2d4851a1d" />
    <TestEntry testId="586ce23c-a0cd-ee04-a731-ab8857838c4c" executionId="4e53be28-1d4a-41c8-8bd8-b87239ad28bf" testListId="8c84fa94-04c1-424b-9868-57a2d4851a1d" />
    <TestEntry testId="6acdbca8-05af-d0a8-2af1-44014ee31c0d" executionId="a432ce53-d7b5-4dbb-b242-df9c5dee66dc" testListId="8c84fa94-04c1-424b-9868-57a2d4851a1d" />
    <TestEntry testId="65e7872a-8163-1f8f-79c1-e6097bc45a92" executionId="92b356b6-30aa-44cb-b550-b9c81d8d040b" testListId="8c84fa94-04c1-424b-9868-57a2d4851a1d" />
    <TestEntry testId="9d895b1e-cc8e-6b92-8b5e-2cd8b7d9c388" executionId="5f578e1d-ae2d-452a-9e24-ece29ba385ac" testListId="8c84fa94-04c1-424b-9868-57a2d4851a1d" />
    <TestEntry testId="27e115fa-4869-22d8-aa0b-c3dceac37d4d" executionId="2adac206-e42f-40a7-b8b9-30d8413ac0df" testListId="8c84fa94-04c1-424b-9868-57a2d4851a1d" />
    <TestEntry testId="3172852d-84c7-eabc-9d34-4508a095ff75" executionId="feca8151-d629-49aa-be5d-630a2d4a8dd4" testListId="8c84fa94-04c1-424b-9868-57a2d4851a1d" />
    <TestEntry testId="f683f2df-2d69-3c1e-5069-08a76d890f76" executionId="98abc047-7a36-4203-af9e-ca20bd519737" testListId="8c84fa94-04c1-424b-9868-57a2d4851a1d" />
    <TestEntry testId="7e5a9175-65d0-923f-fa58-521756490259" executionId="86c23794-2762-4b02-a261-53f58a181fee" testListId="8c84fa94-04c1-424b-9868-57a2d4851a1d" />
    <TestEntry testId="d2ebe55b-a915-5d5b-9a45-610b2ff363bf" executionId="4c7a4504-7525-4461-b270-bc09d1dbc3cd" testListId="8c84fa94-04c1-424b-9868-57a2d4851a1d" />
    <TestEntry testId="837bd274-b2d5-213f-23c5-e1472d123889" executionId="327e2f05-1f3b-4e88-8718-75f770424117" testListId="8c84fa94-04c1-424b-9868-57a2d4851a1d" />
    <TestEntry testId="d83c3cd4-4e9b-fe17-88f0-0bb4b4a0d188" executionId="9aaca465-2d9d-446e-bfed-84ff86693369" testListId="8c84fa94-04c1-424b-9868-57a2d4851a1d" />
    <TestEntry testId="ed6969a3-7b24-a129-1039-28b467005fea" executionId="d65d9413-d31c-47b9-8a8f-f0d6370637e2" testListId="8c84fa94-04c1-424b-9868-57a2d4851a1d" />
    <TestEntry testId="3c737987-61b9-23a5-d1b2-ec0bf8a58379" executionId="376232f1-c971-4a21-83b9-265e526f2a96" testListId="8c84fa94-04c1-424b-9868-57a2d4851a1d" />
    <TestEntry testId="58e99376-986e-c278-e3c9-538da9137a0e" executionId="e26290c1-ec0f-4c06-a7a8-073e8b034d4b" testListId="8c84fa94-04c1-424b-9868-57a2d4851a1d" />
    <TestEntry testId="94bdef3a-1d1f-7313-58d1-323bf97da496" executionId="cfc0de1d-e309-4625-b0e1-3918173e993c" testListId="8c84fa94-04c1-424b-9868-57a2d4851a1d" />
    <TestEntry testId="be2fcaac-5cfc-b6a4-7d8c-7287a9ff3624" executionId="24e4b56d-e302-433e-9e85-dd212dc6800b" testListId="8c84fa94-04c1-424b-9868-57a2d4851a1d" />
    <TestEntry testId="5d3b66b6-0b42-3af1-40ea-796ddfec3c03" executionId="fe0769c8-fcf8-4dc3-9f6f-6f386aeb2694" testListId="8c84fa94-04c1-424b-9868-57a2d4851a1d" />
    <TestEntry testId="9e465dca-96be-52d0-7bb3-4034403ad5f3" executionId="d693544a-876c-4f65-b8c1-f94c2b618988" testListId="8c84fa94-04c1-424b-9868-57a2d4851a1d" />
    <TestEntry testId="3510c80a-e147-61b5-ddea-84401beacb09" executionId="2a18d01f-d50f-4b4a-8549-96911229ee1a" testListId="8c84fa94-04c1-424b-9868-57a2d4851a1d" />
    <TestEntry testId="bf58688b-a387-ed15-c8b1-bf2b43793a0c" executionId="a118b47f-c86a-4e71-9910-8bfe2801a2ec" testListId="8c84fa94-04c1-424b-9868-57a2d4851a1d" />
    <TestEntry testId="0f9514cc-dc83-c383-a2f2-7682a0937681" executionId="e65b2f9d-4dc1-4f39-8145-b83c5ead1263" testListId="8c84fa94-04c1-424b-9868-57a2d4851a1d" />
    <TestEntry testId="5620606e-599e-4241-af87-687dc009a8db" executionId="15a5645d-cd9a-45c8-a63a-f0a82604f6bc" testListId="8c84fa94-04c1-424b-9868-57a2d4851a1d" />
    <TestEntry testId="1078b67f-57d8-c376-33dc-022e5a10bebc" executionId="bbf693bf-65d7-4270-8cf2-1cd0b35aed48" testListId="8c84fa94-04c1-424b-9868-57a2d4851a1d" />
    <TestEntry testId="83243a82-da97-3de1-cca0-8d0f937bf963" executionId="f362d1e1-5b07-4d47-9090-5d9bff95bccf" testListId="8c84fa94-04c1-424b-9868-57a2d4851a1d" />
    <TestEntry testId="62993288-99a0-4c45-cc8c-ea3850f198d1" executionId="f6a8974b-82e3-474e-a460-f0cb99a44a58" testListId="8c84fa94-04c1-424b-9868-57a2d4851a1d" />
    <TestEntry testId="5ff1eba7-ab11-1766-2c18-2fb92fa83d59" executionId="abb5b2b4-6fc6-43d9-b5ce-4da960ce2079" testListId="8c84fa94-04c1-424b-9868-57a2d4851a1d" />
    <TestEntry testId="10effeef-af4c-b083-8ab6-22f9d3975367" executionId="aab8aa9e-99e1-4d1c-9e55-78ce8989b926" testListId="8c84fa94-04c1-424b-9868-57a2d4851a1d" />
    <TestEntry testId="70b2ab69-5671-e188-cdc5-b519bcb03783" executionId="546cf606-82e2-42e9-a320-16f7aae9e6c9" testListId="8c84fa94-04c1-424b-9868-57a2d4851a1d" />
    <TestEntry testId="3e08950c-7bc7-49dd-8651-c6b425602c01" executionId="acc0e609-1d9c-4702-905e-d3730dfcd383" testListId="8c84fa94-04c1-424b-9868-57a2d4851a1d" />
    <TestEntry testId="ae227b9f-8940-4183-ba67-03750cf47d2c" executionId="3a48911f-f527-46e4-ba67-1111123c2239" testListId="8c84fa94-04c1-424b-9868-57a2d4851a1d" />
    <TestEntry testId="86e491c1-cf5e-13f6-653a-3ddf56caa111" executionId="198c670c-cedf-4ff9-91af-879805c35434" testListId="8c84fa94-04c1-424b-9868-57a2d4851a1d" />
    <TestEntry testId="630ff102-5ec4-06dc-9cab-420a2d6e0fa4" executionId="e2205eaf-5a52-411e-a204-c3b7e196071e" testListId="8c84fa94-04c1-424b-9868-57a2d4851a1d" />
    <TestEntry testId="b31413b1-1733-482d-ac25-41ee864750bd" executionId="ec7be3dc-5863-428d-b520-63eb0c41c29c" testListId="8c84fa94-04c1-424b-9868-57a2d4851a1d" />
    <TestEntry testId="3cd856dd-5146-4642-968b-c33b705e67c7" executionId="531e8335-999e-4d8e-8e93-f77058e1ba53" testListId="8c84fa94-04c1-424b-9868-57a2d4851a1d" />
    <TestEntry testId="8f8f7bed-af70-9c40-475d-a767efb45dd4" executionId="6c195799-a4d5-4924-a4a7-4fd4da776eaa" testListId="8c84fa94-04c1-424b-9868-57a2d4851a1d" />
    <TestEntry testId="6b043e4a-afa3-483d-82b5-47bf92118995" executionId="325ed33e-6d4a-43a6-99ee-bc86f3cf3129" testListId="8c84fa94-04c1-424b-9868-57a2d4851a1d" />
    <TestEntry testId="2cccbdfb-dcee-46a6-b2d9-0ae3e8e98b5d" executionId="a1c8bfe8-4b2c-48f6-a90e-79852afe12f4" testListId="8c84fa94-04c1-424b-9868-57a2d4851a1d" />
    <TestEntry testId="b504b60c-66f1-5b77-f677-7817ad2ccdb8" executionId="df8dd632-15e9-4f74-b7b6-51e102c736a1" testListId="8c84fa94-04c1-424b-9868-57a2d4851a1d" />
    <TestEntry testId="97590e75-30e5-f4d0-56bb-0ca53cffc436" executionId="e89d5f51-faed-4527-8ee8-c67d2603da86" testListId="8c84fa94-04c1-424b-9868-57a2d4851a1d" />
    <TestEntry testId="eaf68dd5-73a6-4dfb-bd03-fc1958bc334d" executionId="90194d1a-962b-4b1b-9232-5d91a737e96c" testListId="8c84fa94-04c1-424b-9868-57a2d4851a1d" />
    <TestEntry testId="15113f32-6510-4b6a-a58d-2846bc15a7da" executionId="b3f69532-99a6-4812-b2e0-1b473baa336e" testListId="8c84fa94-04c1-424b-9868-57a2d4851a1d" />
    <TestEntry testId="d5ebd471-e957-7bf1-d3b3-e017763c3c3a" executionId="ee39897d-ed06-4ea3-94c5-1d0bf6a448ef" testListId="8c84fa94-04c1-424b-9868-57a2d4851a1d" />
    <TestEntry testId="03697323-3e72-0f44-6a32-85db4d016f55" executionId="56b5641f-2078-49fb-b25d-7cb13fbfc64c" testListId="8c84fa94-04c1-424b-9868-57a2d4851a1d" />
    <TestEntry testId="da236810-ac6b-47b1-be73-925f8811cb21" executionId="f9de6f1e-0a36-455d-9a6d-44658b8b1dac" testListId="8c84fa94-04c1-424b-9868-57a2d4851a1d" />
    <TestEntry testId="4abdf29f-43ff-4ff4-9f79-8caa2e2d88f5" executionId="385ac669-1f08-460e-9b55-a67bcb591770" testListId="8c84fa94-04c1-424b-9868-57a2d4851a1d" />
    <TestEntry testId="25d6043a-7158-e98b-7a39-e77567a7f704" executionId="e2d6c7b9-6964-46d4-8c41-74364ad38fd2" testListId="8c84fa94-04c1-424b-9868-57a2d4851a1d" />
    <TestEntry testId="5d85c0c5-06a3-6887-4505-63fb64abaf56" executionId="f0ed492c-9537-4bde-be69-71517c47a392" testListId="8c84fa94-04c1-424b-9868-57a2d4851a1d" />
    <TestEntry testId="ce3dce05-81d8-48d1-a2ef-22295a39c813" executionId="425ac3a7-0593-4d8b-a734-c1d84f610288" testListId="8c84fa94-04c1-424b-9868-57a2d4851a1d" />
    <TestEntry testId="a1cd4f8e-a27d-4ac4-a1ed-9ee8ce41966a" executionId="b018f2cc-2d95-4dc4-accc-b3f174abfd1d" testListId="8c84fa94-04c1-424b-9868-57a2d4851a1d" />
    <TestEntry testId="40124673-8dc3-d69e-248e-fe52a4a2ec97" executionId="a4011de5-f549-46a5-9c84-e5adad43c144" testListId="8c84fa94-04c1-424b-9868-57a2d4851a1d" />
    <TestEntry testId="0b6901b9-be08-41c3-b3a0-30049d978f15" executionId="f82fdff3-0801-471d-829f-a4f9a3601075" testListId="8c84fa94-04c1-424b-9868-57a2d4851a1d" />
    <TestEntry testId="c58a5eab-2917-4bde-8c3f-d0e831d825f0" executionId="80b7954d-c848-41f8-8149-a76047ac4c74" testListId="8c84fa94-04c1-424b-9868-57a2d4851a1d" />
    <TestEntry testId="67ac16c2-8939-1b38-3be1-0882267d91fa" executionId="9d9be8ee-0b69-478e-8d45-a76dccb6aa10" testListId="8c84fa94-04c1-424b-9868-57a2d4851a1d" />
    <TestEntry testId="5b38c7ec-0b92-5da9-232f-440a3955b17f" executionId="2435aa23-3e28-486f-8763-4580d7731457" testListId="8c84fa94-04c1-424b-9868-57a2d4851a1d" />
    <TestEntry testId="46d4d389-db41-415a-1ec0-67535c83ac2c" executionId="fe5a1487-6807-47ae-b9c6-3c179513e330" testListId="8c84fa94-04c1-424b-9868-57a2d4851a1d" />
    <TestEntry testId="d749b82d-a261-55f7-d74f-df6a84589f6e" executionId="57e35b46-5762-45e0-a4b2-b8a9be2b1439" testListId="8c84fa94-04c1-424b-9868-57a2d4851a1d" />
    <TestEntry testId="801edf6f-24dd-590c-c92e-55aaee21723a" executionId="1ed51244-fd9e-4b15-a7c4-d67946e9e67c" testListId="8c84fa94-04c1-424b-9868-57a2d4851a1d" />
    <TestEntry testId="bced4d5e-cac6-ffec-fc1b-ce522d0dc025" executionId="f7150a5c-c351-4952-9388-1b3ba88b82f5" testListId="8c84fa94-04c1-424b-9868-57a2d4851a1d" />
    <TestEntry testId="9575ec04-2ec7-be56-7164-ad3b42a30655" executionId="965dd38d-7d18-49d9-891b-5e2ddb20e611" testListId="8c84fa94-04c1-424b-9868-57a2d4851a1d" />
    <TestEntry testId="5097a6b3-d771-a80a-3665-a1cea01be6b2" executionId="bcb5dc09-02f3-49b8-ad08-e50f5eb5cc85" testListId="8c84fa94-04c1-424b-9868-57a2d4851a1d" />
    <TestEntry testId="b572c3f9-ea9e-907e-f530-3c9eaf6593df" executionId="41ebeeba-b392-4383-a037-a495f882163e" testListId="8c84fa94-04c1-424b-9868-57a2d4851a1d" />
    <TestEntry testId="d41cdabd-124f-11b3-93ec-272e8e75fc57" executionId="c2201194-f14e-4bf2-86ad-f426df7ffed4" testListId="8c84fa94-04c1-424b-9868-57a2d4851a1d" />
    <TestEntry testId="23a0ee5e-d3b7-d26b-5848-456d6798a5f7" executionId="e24ab490-5dae-4708-ad4a-18427dbe49a4" testListId="8c84fa94-04c1-424b-9868-57a2d4851a1d" />
    <TestEntry testId="e4e5756f-7869-dbf7-8595-320ad2a72468" executionId="e4187fe4-cbc5-40f3-8264-f695176a42d0" testListId="8c84fa94-04c1-424b-9868-57a2d4851a1d" />
    <TestEntry testId="62729322-4f00-bf7c-e06f-9b4a0dc9d7b2" executionId="a3669e81-456f-4dc8-b2ae-36487a17ea84" testListId="8c84fa94-04c1-424b-9868-57a2d4851a1d" />
    <TestEntry testId="ec42e077-1bf1-384b-afcb-78091000741e" executionId="8940244e-c1c6-4856-84cd-dc2696710de9" testListId="8c84fa94-04c1-424b-9868-57a2d4851a1d" />
    <TestEntry testId="0f8be53c-c6ec-d78e-4dbe-34bfc3462524" executionId="ca5572cb-5b76-4e7e-9186-36deac3f2f07" testListId="8c84fa94-04c1-424b-9868-57a2d4851a1d" />
    <TestEntry testId="f8ab4b24-5e84-f41f-f288-ed66092c61cc" executionId="ca16fa25-0ee6-4220-8b95-d155fc6c9528" testListId="8c84fa94-04c1-424b-9868-57a2d4851a1d" />
    <TestEntry testId="8f1085d2-581a-71d9-2c4e-f7db97f9bc5b" executionId="142172ce-cbc7-43bd-97e5-2dacfe364c12" testListId="8c84fa94-04c1-424b-9868-57a2d4851a1d" />
    <TestEntry testId="9514862f-97cd-6743-ec24-8afe58dcb5a9" executionId="3238045e-e53d-4b6f-81ef-ef58a9a8d4aa" testListId="8c84fa94-04c1-424b-9868-57a2d4851a1d" />
    <TestEntry testId="87fb7966-d15f-564a-3abf-8a3fca677ebb" executionId="0cdbbaea-faa5-41cb-a192-b7b69b79113e" testListId="8c84fa94-04c1-424b-9868-57a2d4851a1d" />
    <TestEntry testId="4ba91838-984f-bf8a-3c6c-73d40973f338" executionId="d8ac6533-f3a4-41f7-9b5a-d640aecb5322" testListId="8c84fa94-04c1-424b-9868-57a2d4851a1d" />
    <TestEntry testId="814a9a3f-b73f-8fe7-f227-b03a5d336ecd" executionId="51484c0a-1922-4bd9-b068-b337f86cbe4a" testListId="8c84fa94-04c1-424b-9868-57a2d4851a1d" />
    <TestEntry testId="09e258dd-e920-f01f-1285-f194cceea820" executionId="4f2686c5-7fb0-4bf1-8231-d2c075a0e9da" testListId="8c84fa94-04c1-424b-9868-57a2d4851a1d" />
    <TestEntry testId="666392e9-de33-f2a7-6d3d-7b29a8fb136d" executionId="29065dd7-d9b4-4aef-9f94-7def530ddb8a" testListId="8c84fa94-04c1-424b-9868-57a2d4851a1d" />
    <TestEntry testId="866ecfac-1236-293f-96fd-cf6d82a91325" executionId="2fc12f6b-4e80-4370-95f5-99a2cb895f00" testListId="8c84fa94-04c1-424b-9868-57a2d4851a1d" />
    <TestEntry testId="36c15edd-1de0-9fb0-8f3f-a4517fa36b94" executionId="013bafff-918a-4716-9a16-0f3a20874e9d" testListId="8c84fa94-04c1-424b-9868-57a2d4851a1d" />
    <TestEntry testId="616aebde-1c0f-2051-3c10-64f5b2f99e58" executionId="cbf9845f-fec2-4d53-ad76-cc1c03748b2c" testListId="8c84fa94-04c1-424b-9868-57a2d4851a1d" />
    <TestEntry testId="7fcc33f7-8623-8794-18e3-c37e91315504" executionId="a2fdc119-6279-44c8-8a54-a17ffb9e1d18" testListId="8c84fa94-04c1-424b-9868-57a2d4851a1d" />
    <TestEntry testId="c0c2ca34-c3ae-4f79-da6b-4c3e0528cd32" executionId="c50e46fc-cf72-4df6-9915-7d1a8e62c594" testListId="8c84fa94-04c1-424b-9868-57a2d4851a1d" />
    <TestEntry testId="0a2382a6-ca03-275f-4d19-d0a4ee735df4" executionId="f81eb2cc-c731-4cf8-aff4-38edd06bdcb6" testListId="8c84fa94-04c1-424b-9868-57a2d4851a1d" />
    <TestEntry testId="be6abb59-5c2e-4b10-aa8b-0bcc979d64d4" executionId="e7087f1c-c3c2-4d74-ab9b-d050923a0185" testListId="8c84fa94-04c1-424b-9868-57a2d4851a1d" />
    <TestEntry testId="77d7e317-04a7-4daf-9834-a9f560043cf5" executionId="ff32cfe9-a01e-4452-bb80-ab9d38a55519" testListId="8c84fa94-04c1-424b-9868-57a2d4851a1d" />
    <TestEntry testId="4d6f5858-67b4-4e83-83ee-61cd9e700b4e" executionId="14187eac-2fc7-4a3e-8e02-4d0c27be1833" testListId="8c84fa94-04c1-424b-9868-57a2d4851a1d" />
    <TestEntry testId="014f07d8-8ed4-4a29-961c-d3ef637631c5" executionId="d1725461-8df0-4f74-aee8-888e5b842f05" testListId="8c84fa94-04c1-424b-9868-57a2d4851a1d" />
    <TestEntry testId="3861cb62-622e-4d8b-aae0-3c6f08bef9a5" executionId="231fd492-fb43-4435-a5b5-bcedc5c537a5" testListId="8c84fa94-04c1-424b-9868-57a2d4851a1d" />
    <TestEntry testId="177074b8-7c21-411d-8120-160213115082" executionId="f2bd6d4a-5501-4dcb-82c6-95d17dd74c62" testListId="8c84fa94-04c1-424b-9868-57a2d4851a1d" />
    <TestEntry testId="3648110e-c336-4f72-a46b-37f98193bd32" executionId="aeb29ad8-637a-43cd-83b6-3281389c6fd6" testListId="8c84fa94-04c1-424b-9868-57a2d4851a1d" />
    <TestEntry testId="398e0515-41a7-4058-8095-106c945b5202" executionId="701a0453-9418-43a8-8ef5-6471cc738bee" testListId="8c84fa94-04c1-424b-9868-57a2d4851a1d" />
    <TestEntry testId="d2e9805e-a7fb-4ace-9880-e0da81728d0a" executionId="85a53504-48a2-408d-a4a9-4135314701c5" testListId="8c84fa94-04c1-424b-9868-57a2d4851a1d" />
    <TestEntry testId="aed1fdf4-4778-8efd-52ab-6283c493706d" executionId="512f36b7-6dcb-4022-af37-5a099b6c11b7" testListId="8c84fa94-04c1-424b-9868-57a2d4851a1d" />
    <TestEntry testId="3cd627d3-8a57-4d64-a5b2-89900c6b657a" executionId="916c35cb-166f-4aa3-b6df-27bd6205a986" testListId="8c84fa94-04c1-424b-9868-57a2d4851a1d" />
    <TestEntry testId="c9ad4b9b-e08e-42bc-a57c-a5808836ba0e" executionId="16489e30-f632-4d3f-bbed-36d46b7afa39" testListId="8c84fa94-04c1-424b-9868-57a2d4851a1d" />
    <TestEntry testId="4fcfb9cc-f663-4ae9-99f4-f783342775b3" executionId="870b24ee-12d1-4e0a-a306-e5936c62d107" testListId="8c84fa94-04c1-424b-9868-57a2d4851a1d" />
    <TestEntry testId="2ffeacbb-3ce0-4a2b-9b5e-5e1c79a3f5b3" executionId="591b6fc5-704d-4830-810a-6a105f28c64a" testListId="8c84fa94-04c1-424b-9868-57a2d4851a1d" />
    <TestEntry testId="ebf93561-df11-4f76-a229-0084069de07d" executionId="b8385f72-ed08-4ec8-909c-69b28870df7e" testListId="8c84fa94-04c1-424b-9868-57a2d4851a1d" />
    <TestEntry testId="ab76923b-8829-4ed3-a7ed-629a185b4bab" executionId="4216fa34-e194-41fa-bb35-af0943b27ed5" testListId="8c84fa94-04c1-424b-9868-57a2d4851a1d" />
    <TestEntry testId="9ae5c53a-d2b1-43fd-af83-2aa4e933f986" executionId="687d7765-a42b-4363-9ee4-f0ad2d5b29cb" testListId="8c84fa94-04c1-424b-9868-57a2d4851a1d" />
    <TestEntry testId="c5929298-2ded-4587-a2f8-e07a83ecda43" executionId="67011d24-0055-4db3-902b-c89f5663aa8d" testListId="8c84fa94-04c1-424b-9868-57a2d4851a1d" />
    <TestEntry testId="e09567d3-b88f-4b0f-8d7c-2dbc5609a83c" executionId="452307db-2809-4cb9-b035-776812ffa4d1" testListId="8c84fa94-04c1-424b-9868-57a2d4851a1d" />
    <TestEntry testId="adff13a4-403f-6fb4-ff06-a11bec3cead5" executionId="e407622a-c9f9-43c0-b5e1-ef66475d74da" testListId="8c84fa94-04c1-424b-9868-57a2d4851a1d" />
    <TestEntry testId="9c803465-7896-f4ae-660d-91455b4df83e" executionId="f841bd74-99f5-403a-9e75-c93ea142f572" testListId="8c84fa94-04c1-424b-9868-57a2d4851a1d" />
    <TestEntry testId="29592728-1381-4725-bcdc-cfaf435dd555" executionId="31f263d3-b7c5-475f-9639-7f4c2a1daab8" testListId="8c84fa94-04c1-424b-9868-57a2d4851a1d" />
    <TestEntry testId="da424f2c-8aef-46b4-b8c6-1cc863fbdf2a" executionId="57e876b2-5902-4276-ac0f-1e3a86d4f5c5" testListId="8c84fa94-04c1-424b-9868-57a2d4851a1d" />
    <TestEntry testId="628d5825-01b6-4404-9a1e-9a0b7f10fb0b" executionId="520078f7-5c2c-4be8-a30a-f20aa28c3e0d" testListId="8c84fa94-04c1-424b-9868-57a2d4851a1d" />
    <TestEntry testId="1c39d733-688c-4e6c-8966-2af11cc38647" executionId="b9a970d8-7338-4ff7-8d1f-56f3ea76d112" testListId="8c84fa94-04c1-424b-9868-57a2d4851a1d" />
    <TestEntry testId="c378756a-c9f5-486c-b9c4-a5e916e7f481" executionId="b1f28d3d-0eb6-49d8-a5d7-2944808b4c07" testListId="8c84fa94-04c1-424b-9868-57a2d4851a1d" />
    <TestEntry testId="3d383aa5-10fa-43a9-9adf-575ac2f894cb" executionId="9b1d274e-90ff-4434-9490-e12b1f67d190" testListId="8c84fa94-04c1-424b-9868-57a2d4851a1d" />
    <TestEntry testId="c33a511c-3d61-4881-a05c-af07fc8798fe" executionId="819d9f98-68e1-4af6-affa-40a5f366c9f6" testListId="8c84fa94-04c1-424b-9868-57a2d4851a1d" />
    <TestEntry testId="55663fbc-26a7-446f-9bcc-729b56067b24" executionId="5cd57297-cc5a-459a-9ea9-90149cce10ce" testListId="8c84fa94-04c1-424b-9868-57a2d4851a1d" />
    <TestEntry testId="b718339b-5880-4c98-af93-840a1f9c4f98" executionId="fa8c4049-2517-488e-bb4c-bde3e2cbe2b0" testListId="8c84fa94-04c1-424b-9868-57a2d4851a1d" />
    <TestEntry testId="4e0cdfda-3db8-0574-9973-e24c7b5c674f" executionId="4866488b-73fa-4030-961e-5f44225f3b9d" testListId="8c84fa94-04c1-424b-9868-57a2d4851a1d" />
    <TestEntry testId="615deaac-6e7f-46a4-9155-5261fb3da6ca" executionId="e51fb06f-2f24-4ba6-8dab-cfb7cc5c523e" testListId="8c84fa94-04c1-424b-9868-57a2d4851a1d" />
    <TestEntry testId="c7ea17cd-d066-4971-9f79-c7e9db816511" executionId="1c3c675d-693e-4946-8350-a33d5b0cb71c" testListId="8c84fa94-04c1-424b-9868-57a2d4851a1d" />
    <TestEntry testId="03924c54-9a32-4cca-9b40-09ebbbfadd25" executionId="7d2d7557-1eef-4fee-a9af-1fc37c740525" testListId="8c84fa94-04c1-424b-9868-57a2d4851a1d" />
    <TestEntry testId="559cf067-7c26-4f63-ba48-2ad3abd7794c" executionId="cdc0d9a0-fac2-4b34-b35b-3d26453864e0" testListId="8c84fa94-04c1-424b-9868-57a2d4851a1d" />
    <TestEntry testId="9c6a3074-1937-4b70-bc86-b90e5ff48071" executionId="72a17240-4f75-4963-9c7b-4fd64f5a925e" testListId="8c84fa94-04c1-424b-9868-57a2d4851a1d" />
    <TestEntry testId="315629e2-ca10-4b6d-a350-76af9a8d9a1a" executionId="11491ef8-322e-494b-b751-8270bd303c08" testListId="8c84fa94-04c1-424b-9868-57a2d4851a1d" />
    <TestEntry testId="1e0baf41-a22f-4e89-8016-dfd7baa1e07a" executionId="3d819291-7f93-4384-ae45-2929afd7a515" testListId="8c84fa94-04c1-424b-9868-57a2d4851a1d" />
    <TestEntry testId="2e998064-f809-41f6-9d28-ce82e900f107" executionId="e4586163-b5b3-4201-b269-c40b9add0313" testListId="8c84fa94-04c1-424b-9868-57a2d4851a1d" />
    <TestEntry testId="b04bb143-cba3-4c4b-a050-c022b8cbe669" executionId="62c5dee9-6719-4dbe-a2b0-7a09f1b37805" testListId="8c84fa94-04c1-424b-9868-57a2d4851a1d" />
    <TestEntry testId="74936087-29f7-4958-979d-c4e150e254aa" executionId="ccb80eb9-5ff0-4ee8-afba-47c366fe0bf9" testListId="8c84fa94-04c1-424b-9868-57a2d4851a1d" />
    <TestEntry testId="7c0eed88-50d9-4afc-84ba-dbb477452e68" executionId="578a091f-998d-43c6-83a4-57f164ea0b9b" testListId="8c84fa94-04c1-424b-9868-57a2d4851a1d" />
    <TestEntry testId="fce5dc32-6ddd-4bc4-a601-74dbb4d32fe4" executionId="f5926c76-3895-43b6-bf57-5d1cd6eb106c" testListId="8c84fa94-04c1-424b-9868-57a2d4851a1d" />
    <TestEntry testId="73e81580-c2fa-4b57-a174-7d1bc37cf71a" executionId="70922535-4845-4218-825f-2ba7a5c6da6c" testListId="8c84fa94-04c1-424b-9868-57a2d4851a1d" />
    <TestEntry testId="a21b640e-6006-49fb-8168-939fc9a9e1b5" executionId="8cdfafa0-885e-4ae3-bf9e-2479fe0b44c1" testListId="8c84fa94-04c1-424b-9868-57a2d4851a1d" />
    <TestEntry testId="6032c433-65bf-4425-bffe-18474b0d2696" executionId="22490990-7991-4bdf-b734-270bd1e5f0c6" testListId="8c84fa94-04c1-424b-9868-57a2d4851a1d" />
    <TestEntry testId="64df9f08-3879-4cf4-af76-6d83902ccfe5" executionId="28927d6a-6070-4f3c-9049-4cb7c0db2a90" testListId="8c84fa94-04c1-424b-9868-57a2d4851a1d" />
    <TestEntry testId="f1bf2ef7-ef3e-479c-bb81-b14c831ef8ac" executionId="e0d67fb5-3b6a-4cb9-8dff-e566d0b80504" testListId="8c84fa94-04c1-424b-9868-57a2d4851a1d" />
    <TestEntry testId="589ed437-c769-4574-933b-8b85029a9cd0" executionId="5dbd81ac-ed78-44df-af0a-b23362c67c31" testListId="8c84fa94-04c1-424b-9868-57a2d4851a1d" />
    <TestEntry testId="0d3c4bd5-ee7e-9b49-8a8a-485d138e88bb" executionId="a0545b0f-66a1-4b56-abc1-88b493a80e01" testListId="8c84fa94-04c1-424b-9868-57a2d4851a1d" />
    <TestEntry testId="87124270-4ad0-4321-9b49-6b3e2e765b05" executionId="2921b61d-bf2e-4879-b937-039159134b56" testListId="8c84fa94-04c1-424b-9868-57a2d4851a1d" />
    <TestEntry testId="c4a7a0f2-8cd1-40ec-beec-083045d73604" executionId="59012db6-ec67-4023-a3a4-a14bc9b0ad45" testListId="8c84fa94-04c1-424b-9868-57a2d4851a1d" />
    <TestEntry testId="6fb67321-4758-4fc3-becc-5cc25b1e12dd" executionId="d5c9e507-1115-41b5-b9d1-5f541d155a46" testListId="8c84fa94-04c1-424b-9868-57a2d4851a1d" />
    <TestEntry testId="fe9b3919-673b-459e-b6d4-4d8b6a844e09" executionId="484e5492-1caf-481e-ba05-12447307bcff" testListId="8c84fa94-04c1-424b-9868-57a2d4851a1d" />
    <TestEntry testId="57272543-9482-433f-9628-90eebe9dd4a4" executionId="cc9cac3f-acb7-4653-bfa8-156b27b9710f" testListId="8c84fa94-04c1-424b-9868-57a2d4851a1d" />
    <TestEntry testId="39734f21-c88e-4f5c-a2e4-8338fa9b5cdf" executionId="ef8af93e-50df-4555-aa66-55bf77d19bf0" testListId="8c84fa94-04c1-424b-9868-57a2d4851a1d" />
    <TestEntry testId="d161c7e1-6297-4d1b-a153-73890646c835" executionId="ea102631-2ee0-483c-aba9-fbaee1b5cb0b" testListId="8c84fa94-04c1-424b-9868-57a2d4851a1d" />
    <TestEntry testId="0a07ce2d-a829-4ea6-b6c6-7abc75fe3d1e" executionId="2017e055-2df7-4e0b-830a-17c423e672e1" testListId="8c84fa94-04c1-424b-9868-57a2d4851a1d" />
    <TestEntry testId="f4fbccd4-a40b-494e-82fa-989e9675809f" executionId="85cb3bbd-5a76-4423-bbd0-c6c6a4bffd97" testListId="8c84fa94-04c1-424b-9868-57a2d4851a1d" />
    <TestEntry testId="43b2788e-e554-4a6b-5947-b7d6243de2e0" executionId="94f0c033-c792-4741-850b-31722438d7b7" testListId="8c84fa94-04c1-424b-9868-57a2d4851a1d" />
    <TestEntry testId="064dcd03-b15c-4373-af1f-d87e1ce8d565" executionId="fef56ae2-ebe6-4d94-a489-a722767026b3" testListId="8c84fa94-04c1-424b-9868-57a2d4851a1d" />
    <TestEntry testId="b74ca1dc-ba85-4ead-ac38-8c85af0f25f5" executionId="b7c3ca14-aacc-4207-b9e0-6f5ec3b4e0f4" testListId="8c84fa94-04c1-424b-9868-57a2d4851a1d" />
    <TestEntry testId="5f3f9f88-b251-43b2-8df7-16b0d6ed0be3" executionId="dd9277a1-22b0-4e5c-8fbd-fce8b124db5c" testListId="8c84fa94-04c1-424b-9868-57a2d4851a1d" />
    <TestEntry testId="3c351d13-1883-4c2e-b740-ebe85878aeb7" executionId="7ae86c3f-b40d-420a-bbfe-3d809c2f65d4" testListId="8c84fa94-04c1-424b-9868-57a2d4851a1d" />
    <TestEntry testId="360b7ba7-9570-4a6b-a754-96ed4d6e52d5" executionId="af43225b-587d-45ce-b775-a71db91d6084" testListId="8c84fa94-04c1-424b-9868-57a2d4851a1d" />
    <TestEntry testId="673191eb-1c5b-453a-a08c-5417643c84e1" executionId="65411a24-58a3-407b-aaaf-5ca799edb7b5" testListId="8c84fa94-04c1-424b-9868-57a2d4851a1d" />
    <TestEntry testId="86fa6ba8-c180-4a71-9a62-b48f52d78be3" executionId="35adb90c-8bcc-4856-bec1-fa003cbbd96c" testListId="8c84fa94-04c1-424b-9868-57a2d4851a1d" />
    <TestEntry testId="0881cde5-8e4b-498c-afa6-f47fe90b305c" executionId="0bb858a3-16f5-46a7-b140-211c535d4e30" testListId="8c84fa94-04c1-424b-9868-57a2d4851a1d" />
    <TestEntry testId="552cdd57-17f8-462f-896f-20b2cc2c76a2" executionId="433663c1-1543-403b-bb77-58ad33e3b1bb" testListId="8c84fa94-04c1-424b-9868-57a2d4851a1d" />
    <TestEntry testId="5f8c5653-ea8a-49a8-d404-e3bfbd93c50a" executionId="43367bc0-05a6-4b08-a1a2-2ccabff76092" testListId="8c84fa94-04c1-424b-9868-57a2d4851a1d" />
    <TestEntry testId="ad51deb7-da70-65ec-5f98-d097e72e13a5" executionId="2d7a2c20-7f98-46df-afdb-2904e28cfd84" testListId="8c84fa94-04c1-424b-9868-57a2d4851a1d" />
    <TestEntry testId="6bac7b49-1b70-4890-9306-1c5cb2cc8812" executionId="9de89d43-c405-4378-a79f-a00f0fa9559b" testListId="8c84fa94-04c1-424b-9868-57a2d4851a1d" />
    <TestEntry testId="e957e2a7-c61e-4971-ade3-c49db08bd584" executionId="4b38f35d-fdc9-4964-96ba-f21001d8f826" testListId="8c84fa94-04c1-424b-9868-57a2d4851a1d" />
    <TestEntry testId="f16fbad2-3525-4129-a49f-6c3e39fd9cec" executionId="2b1a9188-7043-4aa9-b4a6-7e5a1e640114" testListId="8c84fa94-04c1-424b-9868-57a2d4851a1d" />
    <TestEntry testId="e235d692-8664-448e-b41f-fa38e6460a23" executionId="e5090297-d63a-457c-8c18-055c2c33ee3b" testListId="8c84fa94-04c1-424b-9868-57a2d4851a1d" />
    <TestEntry testId="6b978133-249d-46af-ade2-4fa87095a0e2" executionId="954b3a59-20c9-4bc2-ab91-1ae769d7888b" testListId="8c84fa94-04c1-424b-9868-57a2d4851a1d" />
    <TestEntry testId="7a92ff5e-99ef-4367-bff0-bc277d2f61b2" executionId="8cf34277-773a-4f59-bf50-0dc1a1f21a88" testListId="8c84fa94-04c1-424b-9868-57a2d4851a1d" />
    <TestEntry testId="e841f87b-3259-4e50-88a8-dce5e3d2095c" executionId="c0bec822-7a38-449e-bde2-9ddae0d63df2" testListId="8c84fa94-04c1-424b-9868-57a2d4851a1d" />
    <TestEntry testId="1b48e8ba-81ff-44ff-9ed4-ccd0d0264e8a" executionId="c63d1960-33e9-40e4-89d7-6d903681eb5b" testListId="8c84fa94-04c1-424b-9868-57a2d4851a1d" />
    <TestEntry testId="2e3ce67c-4dd3-49c6-9352-42bea6c5f479" executionId="ee32e0c9-6f65-4abb-adda-75e088670475" testListId="8c84fa94-04c1-424b-9868-57a2d4851a1d" />
    <TestEntry testId="38fdb73a-3ad5-1521-bab6-5ea87d326029" executionId="0f1cacca-e87c-4b87-910f-09f81e93f599" testListId="8c84fa94-04c1-424b-9868-57a2d4851a1d" />
    <TestEntry testId="fcbd7e2b-ae61-4f0f-b5a3-a089a1e7b6c6" executionId="f91bac8e-7669-4bba-9b56-85a64941a7ff" testListId="8c84fa94-04c1-424b-9868-57a2d4851a1d" />
    <TestEntry testId="c61ce54b-72ca-4879-b59e-1dd36dcad7ca" executionId="b6dd52f5-9418-4276-b65b-256de419e1d9" testListId="8c84fa94-04c1-424b-9868-57a2d4851a1d" />
    <TestEntry testId="3a5a2012-722c-4082-84b3-8c1ab837f436" executionId="3cf21400-ec91-458c-9bef-b6edbdd9b44f" testListId="8c84fa94-04c1-424b-9868-57a2d4851a1d" />
    <TestEntry testId="2c107608-3642-47da-a22c-bff66912ce15" executionId="282af306-a286-4dce-93dd-6e3166ff615f" testListId="8c84fa94-04c1-424b-9868-57a2d4851a1d" />
    <TestEntry testId="fb3f21b6-54ea-4f4b-a0de-d978188780a9" executionId="4d461461-4976-4f61-835a-e1fad9fe506f" testListId="8c84fa94-04c1-424b-9868-57a2d4851a1d" />
    <TestEntry testId="cc43d1f7-37f0-4450-9107-50b556989b96" executionId="8624c8f0-2ba5-4fc0-a67a-0287b49af1d6" testListId="8c84fa94-04c1-424b-9868-57a2d4851a1d" />
    <TestEntry testId="087e5821-9d9f-41c4-b374-26de0fe346b4" executionId="ca2e3906-847e-4dca-a29a-3ae0f1aaf133" testListId="8c84fa94-04c1-424b-9868-57a2d4851a1d" />
    <TestEntry testId="50bae5a3-2c93-493b-bf55-6db43238ef32" executionId="f06fff48-60b6-4c11-a149-fe6e42c9cfda" testListId="8c84fa94-04c1-424b-9868-57a2d4851a1d" />
    <TestEntry testId="29e6df64-8a41-4a66-98c3-821f5eb4fc8d" executionId="470e2ad6-2079-4c20-a248-b6727d04e859" testListId="8c84fa94-04c1-424b-9868-57a2d4851a1d" />
    <TestEntry testId="0651e938-3bdd-0b14-aa14-102655958ae7" executionId="2ef913a6-ed24-488f-8007-556c8d781325" testListId="8c84fa94-04c1-424b-9868-57a2d4851a1d" />
    <TestEntry testId="8e663a3b-4cd5-4c78-4210-659ec599686c" executionId="9d71dc55-117d-406c-962c-0ca9178c8925" testListId="8c84fa94-04c1-424b-9868-57a2d4851a1d" />
    <TestEntry testId="453a7854-1828-15b8-e27e-1e6bad6dcdc1" executionId="20c4e340-b417-4aa4-aba2-ec7309037972" testListId="8c84fa94-04c1-424b-9868-57a2d4851a1d" />
    <TestEntry testId="2ce35f95-3af4-fb5d-ad61-8e5d13d2b678" executionId="2b129270-aa77-4d8a-8b48-fe3a9ae9711d" testListId="8c84fa94-04c1-424b-9868-57a2d4851a1d" />
    <TestEntry testId="be51dd59-745b-22db-81c5-a116275e7760" executionId="97e01ade-9f47-40c9-bcab-672dd3a61270" testListId="8c84fa94-04c1-424b-9868-57a2d4851a1d" />
    <TestEntry testId="28175ae8-eb67-423c-b3fe-64ba8c49fe47" executionId="12321692-a502-484e-916c-40d0ced531da" testListId="8c84fa94-04c1-424b-9868-57a2d4851a1d" />
    <TestEntry testId="773b9a03-bcaa-46e1-5a3e-33492d7e9e67" executionId="15c36e6f-7647-451f-a25c-c93e01fd8d08" testListId="8c84fa94-04c1-424b-9868-57a2d4851a1d" />
    <TestEntry testId="87426400-f38f-b200-8ba8-572acf2d1acb" executionId="2b86ab74-e313-4c85-b468-7f58fe784ed3" testListId="8c84fa94-04c1-424b-9868-57a2d4851a1d" />
    <TestEntry testId="d20411fa-3c9e-ec08-a32e-13aa83c0eef8" executionId="fd23ee64-d1f2-47d2-af39-a11217fe6004" testListId="8c84fa94-04c1-424b-9868-57a2d4851a1d" />
    <TestEntry testId="1b935081-b65e-b8f3-58d7-b5dfcb8cc55a" executionId="427243ff-0074-4342-b819-deaade181541" testListId="8c84fa94-04c1-424b-9868-57a2d4851a1d" />
    <TestEntry testId="a1bbbf1d-bedc-1faf-7d50-c90521f28dc4" executionId="335509c5-4b5a-438a-a83d-fe87a60989dd" testListId="8c84fa94-04c1-424b-9868-57a2d4851a1d" />
    <TestEntry testId="5b912864-9ab4-16df-f475-62c8fa7bd1de" executionId="8de80f3f-73d1-4860-b4c8-9e4f931830ef" testListId="8c84fa94-04c1-424b-9868-57a2d4851a1d" />
    <TestEntry testId="9c7dc599-9a2a-a50e-01eb-6040befc7877" executionId="e65a712f-17e0-4051-885a-02a00412a8b8" testListId="8c84fa94-04c1-424b-9868-57a2d4851a1d" />
    <TestEntry testId="6fa085d1-2c8d-7a33-861b-862a68a2fd9f" executionId="4feb9dff-0510-46de-96f3-f0703a03c686" testListId="8c84fa94-04c1-424b-9868-57a2d4851a1d" />
    <TestEntry testId="05899491-45b2-1fe1-6930-6ddbb3635bf4" executionId="0fc5af96-a5a4-425a-974c-3619dfa6b10b" testListId="8c84fa94-04c1-424b-9868-57a2d4851a1d" />
    <TestEntry testId="3b86aefa-8e6f-c307-9801-9d1bbd9e824c" executionId="72e37ba7-4ebf-4e16-a83e-38ab1e7bcace" testListId="8c84fa94-04c1-424b-9868-57a2d4851a1d" />
    <TestEntry testId="a6df8396-599a-4d9f-1e84-7a19ad1a93c2" executionId="6b3c1292-5b92-4be4-952a-5aee7f19cae9" testListId="8c84fa94-04c1-424b-9868-57a2d4851a1d" />
    <TestEntry testId="09a421ae-e10e-523a-7610-eb725f56c47b" executionId="c9a6a625-b132-48b1-8cac-3d1f3cdff720" testListId="8c84fa94-04c1-424b-9868-57a2d4851a1d" />
    <TestEntry testId="6e068cfd-e9b6-55f9-20ae-e3072882971c" executionId="09c5a962-0988-4445-94d1-8cb04709df7d" testListId="8c84fa94-04c1-424b-9868-57a2d4851a1d" />
    <TestEntry testId="bf5cce7b-7c1f-1934-2961-b343eb4d5fca" executionId="29b1beb9-3a96-48b3-a38d-2fea97c20d81" testListId="8c84fa94-04c1-424b-9868-57a2d4851a1d" />
    <TestEntry testId="37efd8ae-ab35-8527-c964-c46dcd400a8d" executionId="5958c793-4b79-44ee-bd1e-0036ae32333b" testListId="8c84fa94-04c1-424b-9868-57a2d4851a1d" />
    <TestEntry testId="d982194a-2552-8078-549d-f289a669a188" executionId="1289d809-f9a2-4aa6-a8e5-fce3b38fb99d" testListId="8c84fa94-04c1-424b-9868-57a2d4851a1d" />
    <TestEntry testId="181fe108-9532-e715-6d62-10d5b7c35fe8" executionId="1a97dc13-41a7-4f8a-96d2-50bd387212a6" testListId="8c84fa94-04c1-424b-9868-57a2d4851a1d" />
    <TestEntry testId="64ab5d91-586a-df18-6960-1b283c065dbd" executionId="b8636a62-c4e6-4637-946a-dc3d34431f4d" testListId="8c84fa94-04c1-424b-9868-57a2d4851a1d" />
    <TestEntry testId="c7826727-9346-2e17-a0b9-b219196728b0" executionId="aef59a15-9940-4447-88a1-6108f9869b73" testListId="8c84fa94-04c1-424b-9868-57a2d4851a1d" />
    <TestEntry testId="f9f6b8d1-d8ee-08c9-c247-d8fbaa8d15d0" executionId="4dbf52be-9aad-41ba-bbac-86c347074809" testListId="8c84fa94-04c1-424b-9868-57a2d4851a1d" />
    <TestEntry testId="c0cfe906-0cc8-13f6-2c7b-981af9c6071c" executionId="85f4dd9f-8b5b-4bf5-831b-03de0a1cf700" testListId="8c84fa94-04c1-424b-9868-57a2d4851a1d" />
    <TestEntry testId="7c03aade-1328-6cd8-8ee0-ee7992fab003" executionId="0451fdd1-3f9f-4a75-b40d-1d89c7740172" testListId="8c84fa94-04c1-424b-9868-57a2d4851a1d" />
    <TestEntry testId="e04fc009-4f13-46bd-fd06-f0f9d3e93e98" executionId="a3cb48a5-1d12-4aa0-b54e-eacbccbfa05e" testListId="8c84fa94-04c1-424b-9868-57a2d4851a1d" />
    <TestEntry testId="bea306a4-e0d8-5b24-7cfb-69f8aa80954f" executionId="ca86802b-4dcc-42a7-9e7c-f653f509e394" testListId="8c84fa94-04c1-424b-9868-57a2d4851a1d" />
    <TestEntry testId="7d5e1238-6694-d1e8-cf5c-ad4d24c47315" executionId="83b8ef8a-cfbd-4c1c-954a-43f49601d136" testListId="8c84fa94-04c1-424b-9868-57a2d4851a1d" />
    <TestEntry testId="c1ee07ca-aab7-d890-2eb9-8aa05686288b" executionId="01047a29-9641-41a3-b974-63f7ce16ace0" testListId="8c84fa94-04c1-424b-9868-57a2d4851a1d" />
    <TestEntry testId="ababfbf7-9405-fb0f-e1e5-00844f5a1f51" executionId="8a221806-8f84-4845-85d9-e3cc3615854f" testListId="8c84fa94-04c1-424b-9868-57a2d4851a1d" />
    <TestEntry testId="a5df494e-0f91-e56e-4e28-cee5b99055f0" executionId="28c58957-29dc-44f7-be46-86abc9fc7978" testListId="8c84fa94-04c1-424b-9868-57a2d4851a1d" />
    <TestEntry testId="b0597656-e653-f565-e2ad-bae485d2600c" executionId="63dbda2e-3416-4b5b-aca1-c36472617a90" testListId="8c84fa94-04c1-424b-9868-57a2d4851a1d" />
    <TestEntry testId="23afb1be-6ccc-3a44-afe4-e1aece1e788e" executionId="b8797136-2456-4760-aeee-7c03c65c2386" testListId="8c84fa94-04c1-424b-9868-57a2d4851a1d" />
    <TestEntry testId="047b4df2-8e38-2e44-e914-dfb4cd0c4efd" executionId="7b983b8f-868c-4920-b1c2-6b1a51ebbed2" testListId="8c84fa94-04c1-424b-9868-57a2d4851a1d" />
    <TestEntry testId="5008ebd0-681c-b351-bf24-07a0a322ca84" executionId="1fe02fa7-432e-4b35-88e3-e191541c1b89" testListId="8c84fa94-04c1-424b-9868-57a2d4851a1d" />
    <TestEntry testId="d03930c5-b0e2-5048-ba4a-be518d0f52c9" executionId="4a395ec1-6832-4f91-847a-525357cf8052" testListId="8c84fa94-04c1-424b-9868-57a2d4851a1d" />
    <TestEntry testId="da9c4d69-3ae4-1558-5cff-b4f63420bfe6" executionId="8068d2b4-3d6a-4aa1-a6af-6accba57092a" testListId="8c84fa94-04c1-424b-9868-57a2d4851a1d" />
    <TestEntry testId="75236a23-266d-794e-c5c8-2f94ce33fe31" executionId="bd2cacc8-5d4d-47b1-b264-433a0ea63906" testListId="8c84fa94-04c1-424b-9868-57a2d4851a1d" />
    <TestEntry testId="bd50d61f-d0a1-ea5b-c5e4-02ca22fa443e" executionId="58cf5082-f039-4f05-9470-8252d794ef36" testListId="8c84fa94-04c1-424b-9868-57a2d4851a1d" />
    <TestEntry testId="bab4ba7d-174f-d606-ebb5-ec8dcc8a9239" executionId="e443bdcb-b59b-47fe-ab7e-9fa9906ba8c4" testListId="8c84fa94-04c1-424b-9868-57a2d4851a1d" />
    <TestEntry testId="b8a6c853-ff09-20c0-c526-35173ec31c29" executionId="2216848b-b40d-48ff-be9f-5a7b58bc59ae" testListId="8c84fa94-04c1-424b-9868-57a2d4851a1d" />
    <TestEntry testId="7b819451-2d91-85ca-418e-e99ee0f34c9e" executionId="c7d3400c-15f3-4e1a-99d1-3ea5599d11fb" testListId="8c84fa94-04c1-424b-9868-57a2d4851a1d" />
    <TestEntry testId="a01a793c-fbb5-e11b-27cd-6102bf715d49" executionId="77be7d33-d842-4b20-82ad-5ec477fdf7ce" testListId="8c84fa94-04c1-424b-9868-57a2d4851a1d" />
    <TestEntry testId="b12ba9d7-d5b6-0ff7-e38e-f66d3a34ef5a" executionId="32258433-03da-4426-af2e-eb6564445079" testListId="8c84fa94-04c1-424b-9868-57a2d4851a1d" />
    <TestEntry testId="fc8d325f-9e8f-10e6-b415-7575fc756335" executionId="d16f4699-a17d-4716-9f8b-a9d541c165ed" testListId="8c84fa94-04c1-424b-9868-57a2d4851a1d" />
    <TestEntry testId="68ad3f53-a292-eb31-50f3-675ae26d4b13" executionId="6c1b5cb8-55b8-4732-83c9-c9dc2d85d413" testListId="8c84fa94-04c1-424b-9868-57a2d4851a1d" />
    <TestEntry testId="0eae4b68-64e1-4e88-2119-271f532f6fe2" executionId="100f0fd2-9fd0-4a14-a817-dc0a697fffac" testListId="8c84fa94-04c1-424b-9868-57a2d4851a1d" />
    <TestEntry testId="15b5d1fd-012b-eb3c-01bd-57510adc058b" executionId="6c1737cb-fbca-44ae-a489-fc92b0b30e6f" testListId="8c84fa94-04c1-424b-9868-57a2d4851a1d" />
    <TestEntry testId="30ae7bd2-e43e-5ec9-2789-b10440a3830a" executionId="b11308f9-8457-415c-8e90-fa7e28b21293" testListId="8c84fa94-04c1-424b-9868-57a2d4851a1d" />
    <TestEntry testId="5782d02e-f411-181c-3008-ef3904371712" executionId="8f024a92-2321-473c-bf8d-b5fd28576858" testListId="8c84fa94-04c1-424b-9868-57a2d4851a1d" />
    <TestEntry testId="fe705e9b-0c6b-be63-f053-441ecdbf62c4" executionId="62b7858e-2f14-4585-99ed-005876c97fa3" testListId="8c84fa94-04c1-424b-9868-57a2d4851a1d" />
    <TestEntry testId="3012ed98-06e3-08ae-eec0-32daf7513abe" executionId="7a52e339-8a3c-4f48-b1fc-73e5910345ce" testListId="8c84fa94-04c1-424b-9868-57a2d4851a1d" />
    <TestEntry testId="feb5047d-34ae-9270-58c7-368fbeefcb36" executionId="61e1c633-bf51-4506-a8b5-e452acf8bfc5" testListId="8c84fa94-04c1-424b-9868-57a2d4851a1d" />
    <TestEntry testId="74ad51f6-53ca-c015-f25c-2f8808b3ed39" executionId="fe34f6d4-6c76-4991-92b3-17107ecef6d2" testListId="8c84fa94-04c1-424b-9868-57a2d4851a1d" />
    <TestEntry testId="469e0cb7-953e-4632-6e37-650d2619a83a" executionId="562dcce9-7c52-429a-a8e5-10188cab4bdb" testListId="8c84fa94-04c1-424b-9868-57a2d4851a1d" />
    <TestEntry testId="44beaa3e-25a9-0b74-89dc-395092fff65f" executionId="c16b5aa2-2440-42fa-80fb-50ffbbb05176" testListId="8c84fa94-04c1-424b-9868-57a2d4851a1d" />
    <TestEntry testId="55c14e9f-7232-58ce-a450-a872160106c2" executionId="a7b0c4da-7cc0-4217-ac3c-69a3ae520828" testListId="8c84fa94-04c1-424b-9868-57a2d4851a1d" />
    <TestEntry testId="65255e3b-dbe7-5c68-ab6d-2157f3e72df8" executionId="1063cf64-6d79-4b40-b7b8-65d1641a7285" testListId="8c84fa94-04c1-424b-9868-57a2d4851a1d" />
    <TestEntry testId="5a668c84-ea12-3c36-f40c-c1849ead727b" executionId="cd3ed1ad-90ba-4212-b8c6-23bce1806d7c" testListId="8c84fa94-04c1-424b-9868-57a2d4851a1d" />
    <TestEntry testId="abe46090-dcc1-8874-750c-9b30dccf2947" executionId="3e698d15-cafc-41b8-8fe9-3bc66ce7c605" testListId="8c84fa94-04c1-424b-9868-57a2d4851a1d" />
    <TestEntry testId="f6d52587-9aa8-a7bd-b7a5-782dc8b127df" executionId="26a3cc21-7552-4c6c-8070-c5db4f4aa012" testListId="8c84fa94-04c1-424b-9868-57a2d4851a1d" />
    <TestEntry testId="5a9b0890-a2fd-acbd-6e51-1d141db459cf" executionId="5a58c64d-c837-408a-a29e-106a027b93bd" testListId="8c84fa94-04c1-424b-9868-57a2d4851a1d" />
    <TestEntry testId="ab57f6ff-cecc-5ef2-4d6f-66eb347c7a24" executionId="4aa0dd47-71be-427e-916f-09e8f9c3b818" testListId="8c84fa94-04c1-424b-9868-57a2d4851a1d" />
    <TestEntry testId="0608b06b-04c2-ca56-2130-327070c514f8" executionId="727744d1-55ae-4059-8794-23c27c5e02ff" testListId="8c84fa94-04c1-424b-9868-57a2d4851a1d" />
    <TestEntry testId="6ec4c302-c8fc-bb70-e341-76524d31d1fa" executionId="95043521-2e21-414c-b784-af7c5d9dd6f4" testListId="8c84fa94-04c1-424b-9868-57a2d4851a1d" />
    <TestEntry testId="524a4e9a-936d-ecca-57c8-28ecf37ec339" executionId="31a633b6-02c9-4bdb-b3bf-4914b85cd205" testListId="8c84fa94-04c1-424b-9868-57a2d4851a1d" />
    <TestEntry testId="c64e79ef-6812-8c32-6f1b-37fe8e533629" executionId="8ab0e77d-ccf5-42a9-ad8f-615a71fe5b6d" testListId="8c84fa94-04c1-424b-9868-57a2d4851a1d" />
    <TestEntry testId="6476de4c-20b9-a7ad-bedf-95ce93d3c4b5" executionId="4ac4b160-3ae5-4e53-bc35-77bfce0bbb7a" testListId="8c84fa94-04c1-424b-9868-57a2d4851a1d" />
    <TestEntry testId="2d4b0ea6-7af5-8f05-8cdd-a7a58fc3f268" executionId="c1eb38ab-b7e8-40a5-8c67-71722f4663d0" testListId="8c84fa94-04c1-424b-9868-57a2d4851a1d" />
    <TestEntry testId="36414e8a-63c9-544e-5b96-8ca566a02fb8" executionId="fd4cda7d-f83d-4a4a-af0c-ae1438256a60" testListId="8c84fa94-04c1-424b-9868-57a2d4851a1d" />
    <TestEntry testId="81eaa915-736b-191e-02f1-63cdf0ad0382" executionId="bf9d79ef-506c-4752-9da6-0ba29393a325" testListId="8c84fa94-04c1-424b-9868-57a2d4851a1d" />
    <TestEntry testId="ae5699aa-d851-7dde-691a-d5816a81c2a3" executionId="02bb23e2-419e-4d22-8d8f-bb22d6b250c6" testListId="8c84fa94-04c1-424b-9868-57a2d4851a1d" />
    <TestEntry testId="e5eec7a5-563a-415d-be03-151369198e42" executionId="2ebfc0d9-d862-4d66-983f-e50c7bc27549" testListId="8c84fa94-04c1-424b-9868-57a2d4851a1d" />
    <TestEntry testId="2d964892-d54b-354f-e1a2-1720a3b5be34" executionId="b79c6cc0-84d6-4072-976f-0969811d4f68" testListId="8c84fa94-04c1-424b-9868-57a2d4851a1d" />
    <TestEntry testId="ab764159-4147-07f5-b6c8-ed51d4a0a9de" executionId="fdf98dfe-22e3-4194-88e4-fb3b54c519fd" testListId="8c84fa94-04c1-424b-9868-57a2d4851a1d" />
    <TestEntry testId="ae45ea86-510f-820e-4f76-507f41b59852" executionId="60b10c24-8acc-4363-82e3-3baa01fa8e92" testListId="8c84fa94-04c1-424b-9868-57a2d4851a1d" />
    <TestEntry testId="956bc26b-b8c9-7004-4e64-f2407cb8a366" executionId="3af8dde1-e019-4389-8681-9c8efbd0c6b8" testListId="8c84fa94-04c1-424b-9868-57a2d4851a1d" />
    <TestEntry testId="8a66d751-3a91-6b68-312d-162647392db8" executionId="ecb611dc-7298-4c03-aad6-17faa3ce71a5" testListId="8c84fa94-04c1-424b-9868-57a2d4851a1d" />
    <TestEntry testId="978978ef-5e15-4bc8-97f6-b13d61957141" executionId="734b7801-849f-4ae7-80e5-16d4bced9347" testListId="8c84fa94-04c1-424b-9868-57a2d4851a1d" />
    <TestEntry testId="803883db-e514-4a3f-9f11-2d51cc3990f8" executionId="6cd57396-f221-4102-af2a-79ec1261612c" testListId="8c84fa94-04c1-424b-9868-57a2d4851a1d" />
    <TestEntry testId="b6a082f4-a323-41c3-8b29-fbe0767a6dd0" executionId="9ae187e1-6e6a-464d-80bb-81e16840e90f" testListId="8c84fa94-04c1-424b-9868-57a2d4851a1d" />
    <TestEntry testId="b25d8b93-46f5-419a-9023-08f316e5b7ee" executionId="75000544-a578-486a-8e5f-5342c467a877" testListId="8c84fa94-04c1-424b-9868-57a2d4851a1d" />
    <TestEntry testId="a35f6af5-ab7e-98f4-3a54-4cbbdf1b7079" executionId="ac12ce7e-aac3-4a9d-8e3f-c5ad628767bc" testListId="8c84fa94-04c1-424b-9868-57a2d4851a1d" />
    <TestEntry testId="224e7587-b393-ebbc-f145-37ab4d38b64e" executionId="c47760d6-3004-4c1a-a64c-799c0b685d22" testListId="8c84fa94-04c1-424b-9868-57a2d4851a1d" />
    <TestEntry testId="7b540154-74fc-44d2-a02d-a339ad7e90a2" executionId="eac7459b-e398-41d6-ad73-1a0ad4c61be8" testListId="8c84fa94-04c1-424b-9868-57a2d4851a1d" />
    <TestEntry testId="a11fe1bf-5ca8-4e14-9ce8-4ba5b9d3f231" executionId="14dd3066-2d43-4cdb-8809-2825942f06b7" testListId="8c84fa94-04c1-424b-9868-57a2d4851a1d" />
    <TestEntry testId="bd950fae-7e24-4cd5-aaf4-101bd29fb543" executionId="00282251-e2b3-498f-874e-d6d53eee7f6a" testListId="8c84fa94-04c1-424b-9868-57a2d4851a1d" />
    <TestEntry testId="55630a2b-114d-425a-a9b7-74629d2817fd" executionId="cca755a6-bb2b-4111-ac84-b4c9a8ed4585" testListId="8c84fa94-04c1-424b-9868-57a2d4851a1d" />
    <TestEntry testId="2b7e32f3-f3e4-17e6-785b-d2f9a18ade67" executionId="8636af8b-1549-40bd-a19e-1217dcac2971" testListId="8c84fa94-04c1-424b-9868-57a2d4851a1d" />
    <TestEntry testId="48354bcd-ee81-ce4c-7ed3-94657b9e966b" executionId="fe8642fd-14d5-4a49-955f-fd514227fe8a" testListId="8c84fa94-04c1-424b-9868-57a2d4851a1d" />
    <TestEntry testId="0d86ca12-8457-a636-f7df-7bf96f8a1d4a" executionId="345f2a76-4190-41b6-9e29-7eb75a09cca7" testListId="8c84fa94-04c1-424b-9868-57a2d4851a1d" />
    <TestEntry testId="83890734-5e81-4db1-bb4c-cd6a01ede398" executionId="0f104961-b949-41df-805b-3189a3694188" testListId="8c84fa94-04c1-424b-9868-57a2d4851a1d" />
    <TestEntry testId="413a26c9-1693-4967-8efb-c299ac361a74" executionId="5b8d906f-7826-49ce-bff2-1d63cfff3437" testListId="8c84fa94-04c1-424b-9868-57a2d4851a1d" />
    <TestEntry testId="c34cc421-b9e1-45d7-82be-7f870653ede7" executionId="ef652c44-7e6f-435c-b6ca-b33d7f189d47" testListId="8c84fa94-04c1-424b-9868-57a2d4851a1d" />
    <TestEntry testId="f0dc6292-3de5-4152-bf82-6623242a6158" executionId="2d179422-7e99-4410-be8f-7b768b37fe14" testListId="8c84fa94-04c1-424b-9868-57a2d4851a1d" />
    <TestEntry testId="7b6e18e1-c7a8-13c6-0edf-e8d972ad03bb" executionId="27a790ea-ea22-409c-b050-defcf736e92a" testListId="8c84fa94-04c1-424b-9868-57a2d4851a1d" />
    <TestEntry testId="b20435b9-ac91-4868-b019-1e646b8789f0" executionId="a705cd6b-edca-48b1-b19d-70811e744cd8" testListId="8c84fa94-04c1-424b-9868-57a2d4851a1d" />
    <TestEntry testId="abfc7b98-df2c-43cb-a420-6f1227dc5705" executionId="6fb2ec9b-7199-49f4-97b5-71cbd3d9d536" testListId="8c84fa94-04c1-424b-9868-57a2d4851a1d" />
    <TestEntry testId="84938746-2834-4418-b1ed-80bd1704999d" executionId="d5e3de3a-5b04-49da-8cf4-638b25b2a0b6" testListId="8c84fa94-04c1-424b-9868-57a2d4851a1d" />
    <TestEntry testId="a655f27e-6e6c-4537-99ed-f3d82c3bebdb" executionId="7febb7fc-107b-46d9-bd67-383f54d5700e" testListId="8c84fa94-04c1-424b-9868-57a2d4851a1d" />
    <TestEntry testId="3b7c2f57-391c-a197-4437-aac456a95711" executionId="23eb352d-03f6-4899-b264-f3366634f4f6" testListId="8c84fa94-04c1-424b-9868-57a2d4851a1d" />
    <TestEntry testId="e8873623-c6b4-4c5f-a539-636793dd3ae9" executionId="ea69cd01-868f-4fab-83fc-e8505383eeaa" testListId="8c84fa94-04c1-424b-9868-57a2d4851a1d" />
    <TestEntry testId="dc7e4939-1ec3-4c54-ad9f-08fcddb04890" executionId="5355bf91-2a1e-4812-a433-b43057514c5f" testListId="8c84fa94-04c1-424b-9868-57a2d4851a1d" />
    <TestEntry testId="217dba29-4a17-4688-82cd-0b1c84117f3c" executionId="a44e3dcb-ae94-44d0-9421-acd7cf0c26d3" testListId="8c84fa94-04c1-424b-9868-57a2d4851a1d" />
    <TestEntry testId="2dcb56cf-9734-412e-a2d6-53cfb41a64db" executionId="dc371a18-166f-4aab-8a74-d85007114c3e" testListId="8c84fa94-04c1-424b-9868-57a2d4851a1d" />
    <TestEntry testId="b31d4b68-3e15-ba9d-2e27-21d097d1bac7" executionId="86ab588b-e521-4a46-a7c9-4e3a82310936" testListId="8c84fa94-04c1-424b-9868-57a2d4851a1d" />
    <TestEntry testId="8a9b430c-9c89-2b4f-7293-bb046f7042c3" executionId="bd86d8bc-00a1-4398-bdb5-a44aeaf6e1ea" testListId="8c84fa94-04c1-424b-9868-57a2d4851a1d" />
    <TestEntry testId="c8cb47cf-224b-da85-0c97-c179cbc1c990" executionId="791abe6a-ab52-4bcc-8a3a-5fdedaec4b20" testListId="8c84fa94-04c1-424b-9868-57a2d4851a1d" />
    <TestEntry testId="59fc31cd-7496-5286-e3ee-324d719e3cec" executionId="ba180c76-2801-43b5-a992-380cf495676a" testListId="8c84fa94-04c1-424b-9868-57a2d4851a1d" />
    <TestEntry testId="46952ea8-9784-15d6-8555-a103361df48a" executionId="e5c288ad-8687-4612-9ca6-9b3b8b896ca3" testListId="8c84fa94-04c1-424b-9868-57a2d4851a1d" />
    <TestEntry testId="9f8771f3-8264-2a75-df2a-3d49d62ce34b" executionId="bef1db61-fecd-4bc0-8aa7-12ec2b8302f4" testListId="8c84fa94-04c1-424b-9868-57a2d4851a1d" />
    <TestEntry testId="d953acac-2bad-a08a-8e00-cd17dd4230e9" executionId="306dadeb-25f0-4fb3-bb11-a7438a08cd74" testListId="8c84fa94-04c1-424b-9868-57a2d4851a1d" />
    <TestEntry testId="b032a348-fe68-404a-8d37-4ab620bf5770" executionId="c57478a2-1e13-4267-8900-1d5e82bdc9ab" testListId="8c84fa94-04c1-424b-9868-57a2d4851a1d" />
    <TestEntry testId="1b7ad452-cdba-41ed-bbf1-d07b7a02958f" executionId="933e372f-3cc6-496b-80b0-477facb052a0" testListId="8c84fa94-04c1-424b-9868-57a2d4851a1d" />
    <TestEntry testId="db6aaa8f-b2e3-4c92-83ab-bceee9219c1c" executionId="16f6890e-e816-40bd-afc6-69f72848b948" testListId="8c84fa94-04c1-424b-9868-57a2d4851a1d" />
    <TestEntry testId="0db6b455-9366-4197-b7db-5f0ba89141da" executionId="5f5d2f37-80d2-4843-963c-ba3598d68e02" testListId="8c84fa94-04c1-424b-9868-57a2d4851a1d" />
    <TestEntry testId="b761308f-12af-d425-234b-72da93f9d48b" executionId="113eca30-5488-4490-bd0e-81ee9eeb4465" testListId="8c84fa94-04c1-424b-9868-57a2d4851a1d" />
    <TestEntry testId="79569ca1-c4f1-405f-aa3c-b693c896d761" executionId="fea9182c-946b-43da-b2f0-26e38359d99b" testListId="8c84fa94-04c1-424b-9868-57a2d4851a1d" />
    <TestEntry testId="8a4e2f57-20cd-498d-a2af-d06f26d2ac82" executionId="6d27e6b1-39d4-4bc6-b333-23fbfbfb14de" testListId="8c84fa94-04c1-424b-9868-57a2d4851a1d" />
    <TestEntry testId="e728bd7c-b006-41d5-9497-61b7c5622ba1" executionId="a09b93e5-b0cb-4012-a16f-0a8b5ac0a074" testListId="8c84fa94-04c1-424b-9868-57a2d4851a1d" />
    <TestEntry testId="b6fcc84a-b4a3-4362-9e6c-283f8ad77e0d" executionId="67c8e80b-70dc-4170-afd3-1d70001fd672" testListId="8c84fa94-04c1-424b-9868-57a2d4851a1d" />
    <TestEntry testId="74a651eb-218b-d1a2-4759-2efcebffdb3c" executionId="510cedbb-96d2-42eb-a07f-540d894c2a08" testListId="8c84fa94-04c1-424b-9868-57a2d4851a1d" />
    <TestEntry testId="67a15be7-99e8-cde8-a332-8218e136ba92" executionId="7268edfb-49ab-4bd5-8df5-2a726a6d59c8" testListId="8c84fa94-04c1-424b-9868-57a2d4851a1d" />
    <TestEntry testId="d021a554-88ba-afa8-7472-cc2cfb3118f2" executionId="bb54ca10-5b4c-495d-b8f6-7014264df7e2" testListId="8c84fa94-04c1-424b-9868-57a2d4851a1d" />
    <TestEntry testId="c3a56a3e-f7ab-2d23-82b4-fe028a8961bf" executionId="47414f78-8681-464e-8887-55e00d4b9f73" testListId="8c84fa94-04c1-424b-9868-57a2d4851a1d" />
    <TestEntry testId="4dd939d0-a1bf-6cf3-f38f-1783c26bb487" executionId="7a445462-6c9e-4a48-b15c-23dcebfaa895" testListId="8c84fa94-04c1-424b-9868-57a2d4851a1d" />
    <TestEntry testId="0801c37b-9e40-0529-d5ff-42d802c891ba" executionId="9113947a-6704-4cdf-bb85-a343d8253d5c" testListId="8c84fa94-04c1-424b-9868-57a2d4851a1d" />
    <TestEntry testId="9e1efe99-03d3-5b09-9270-86547c4f209c" executionId="d4d8c676-1da8-4f3f-9212-89dab80f791a" testListId="8c84fa94-04c1-424b-9868-57a2d4851a1d" />
    <TestEntry testId="8ecb890a-bc86-c723-4aab-d68c7c4bbf4a" executionId="f08262d0-7f57-471c-b768-2ca2d84b73fe" testListId="8c84fa94-04c1-424b-9868-57a2d4851a1d" />
    <TestEntry testId="76625da6-b33d-3e6e-9daf-01ff905814da" executionId="549c0f60-cb4e-4678-9d24-39af8056bfea" testListId="8c84fa94-04c1-424b-9868-57a2d4851a1d" />
    <TestEntry testId="b07bec23-900b-6ee3-aa28-e86c712060fa" executionId="a3790406-a079-423e-809f-638275ad81e0" testListId="8c84fa94-04c1-424b-9868-57a2d4851a1d" />
    <TestEntry testId="36e3b0d9-002b-567a-7f18-e430ef449c80" executionId="9c18c4cc-60c9-46c1-ad01-5dd418b2e6d2" testListId="8c84fa94-04c1-424b-9868-57a2d4851a1d" />
    <TestEntry testId="c71f598e-a2f3-69a1-d439-533d9d176abb" executionId="70802a55-a6dd-497c-b90f-01828b3df5de" testListId="8c84fa94-04c1-424b-9868-57a2d4851a1d" />
    <TestEntry testId="a0230e2f-f8ea-fe67-6b2f-5b958af3ec03" executionId="7a631763-68ce-4080-946b-6b44d4fb4744" testListId="8c84fa94-04c1-424b-9868-57a2d4851a1d" />
    <TestEntry testId="27c44be9-bfcf-7356-639c-9d05d33e1e94" executionId="f83172eb-d520-47b7-ae5e-23c497a27572" testListId="8c84fa94-04c1-424b-9868-57a2d4851a1d" />
    <TestEntry testId="2201e9b2-2add-f97f-78a9-f510ae67ae80" executionId="5b8d0609-ea71-48f3-8db3-061470d93cee" testListId="8c84fa94-04c1-424b-9868-57a2d4851a1d" />
    <TestEntry testId="18f629ed-a752-461b-356b-549e78514e95" executionId="44387ce4-2ba0-4811-b669-cd8e6ad60fe0" testListId="8c84fa94-04c1-424b-9868-57a2d4851a1d" />
    <TestEntry testId="c6d8090e-5e32-5bae-a229-85c612db50e4" executionId="94143913-1395-486f-990c-15afd2693a05" testListId="8c84fa94-04c1-424b-9868-57a2d4851a1d" />
    <TestEntry testId="882299fa-666c-cbcd-6735-1d977b8c1207" executionId="58d5ddc5-b1ec-4976-97cf-0b21379666d0" testListId="8c84fa94-04c1-424b-9868-57a2d4851a1d" />
    <TestEntry testId="4c8791c0-6f73-4618-02bf-f971d023ed0d" executionId="a2645056-8fba-4e5e-9cac-f6bbe371d8e9" testListId="8c84fa94-04c1-424b-9868-57a2d4851a1d" />
    <TestEntry testId="1d15053b-8fce-2709-c385-b56744a4b521" executionId="6b9bfd11-1511-4773-8caa-0d148172f841" testListId="8c84fa94-04c1-424b-9868-57a2d4851a1d" />
    <TestEntry testId="6b5bd225-dda7-9ae4-f1d8-dc04dc441a3e" executionId="6c339dca-e423-4982-a8fe-28260e255595" testListId="8c84fa94-04c1-424b-9868-57a2d4851a1d" />
    <TestEntry testId="bae1e4e6-07db-2781-184e-d6912e1b843d" executionId="5eec88a6-f20c-4278-a079-e9ccdf35de00" testListId="8c84fa94-04c1-424b-9868-57a2d4851a1d" />
    <TestEntry testId="8d9516aa-8343-ca22-9e6f-4bde714c2b34" executionId="5ba1d908-e320-4e9c-b64b-92263c685fe4" testListId="8c84fa94-04c1-424b-9868-57a2d4851a1d" />
    <TestEntry testId="09563ca9-7068-0549-0b0f-fd0473babf14" executionId="657f691f-2912-4827-aa4b-e30566926400" testListId="8c84fa94-04c1-424b-9868-57a2d4851a1d" />
    <TestEntry testId="17ef67d7-3951-49b9-f548-41fc478543cc" executionId="8f670616-36d6-48e1-b510-5fb6b0081509" testListId="8c84fa94-04c1-424b-9868-57a2d4851a1d" />
    <TestEntry testId="95ccfca1-e6f6-e940-b594-da1db25dbdee" executionId="d82549dc-d09c-4277-9d44-fcd7d285aaf6" testListId="8c84fa94-04c1-424b-9868-57a2d4851a1d" />
    <TestEntry testId="3256876c-3f35-fd1c-52b9-34fdaa589b3a" executionId="7a4129d8-3e2c-42bf-acc3-da550fd2bef0" testListId="8c84fa94-04c1-424b-9868-57a2d4851a1d" />
    <TestEntry testId="b3613f5e-546b-71d0-69df-e2a71a950579" executionId="2501cb1c-244e-4011-a28e-e8e8b3c8225c" testListId="8c84fa94-04c1-424b-9868-57a2d4851a1d" />
    <TestEntry testId="e596dea5-5871-d1ce-fc76-b8a3b1f69bd6" executionId="fb14cc8e-1c44-415c-981d-26e1cf12388e" testListId="8c84fa94-04c1-424b-9868-57a2d4851a1d" />
    <TestEntry testId="137f7dd9-6150-fe4d-ee6b-928d7279072a" executionId="58a0ee37-5f0b-448c-9684-5e4efbd2a699" testListId="8c84fa94-04c1-424b-9868-57a2d4851a1d" />
    <TestEntry testId="15dd62d3-6b80-c663-b9a8-bba97c91a042" executionId="dadda732-02fe-4fe3-b1ca-5c1f41044558" testListId="8c84fa94-04c1-424b-9868-57a2d4851a1d" />
    <TestEntry testId="1465538f-7aa7-cb4f-9a9f-dc9059fed05d" executionId="80eeab72-55cb-407a-9eeb-b8eddec4c5ec" testListId="8c84fa94-04c1-424b-9868-57a2d4851a1d" />
    <TestEntry testId="4dc7a6d2-42ec-a49b-2be4-44bf32e622e6" executionId="2ac30654-cac3-4510-b5a6-73bfe497a4c9" testListId="8c84fa94-04c1-424b-9868-57a2d4851a1d" />
    <TestEntry testId="b0ef61a4-cae3-5023-a11b-fac2f20aee3f" executionId="41e4d92a-7993-4362-b865-7aaf6b6af239" testListId="8c84fa94-04c1-424b-9868-57a2d4851a1d" />
    <TestEntry testId="9787c482-14d0-b7b0-ed5a-9fd6524262b8" executionId="9d996db2-6f54-40d3-b45c-b9ee63c61472" testListId="8c84fa94-04c1-424b-9868-57a2d4851a1d" />
    <TestEntry testId="e83c5634-d231-98c5-c710-75b8518b2c7a" executionId="465c93ff-d85c-417c-a478-d48cb24e9386" testListId="8c84fa94-04c1-424b-9868-57a2d4851a1d" />
    <TestEntry testId="07ff3db5-21c0-ca15-2b71-1bd3515ab03f" executionId="b12b11ba-0220-4558-94c4-290e5fc8263b" testListId="8c84fa94-04c1-424b-9868-57a2d4851a1d" />
    <TestEntry testId="3c93cd23-94c5-f8ce-49bd-bd1d4da37b98" executionId="2bc09a22-7191-4b16-8770-4a2757df42fa" testListId="8c84fa94-04c1-424b-9868-57a2d4851a1d" />
    <TestEntry testId="181226fc-a990-4f90-9e4b-78c72006c8d4" executionId="6c8ee004-b7e7-47f9-8ac3-e2103098c46a" testListId="8c84fa94-04c1-424b-9868-57a2d4851a1d" />
    <TestEntry testId="7fac8de0-f2de-c0e3-3e1b-653656e3cd1b" executionId="c1389486-043c-4dea-af56-9c25b8817f6b" testListId="8c84fa94-04c1-424b-9868-57a2d4851a1d" />
    <TestEntry testId="8337a32a-ca7b-1d55-1ac5-09bbc62c7a2a" executionId="7938f548-30d6-436c-96ad-f36e94cd0cfd" testListId="8c84fa94-04c1-424b-9868-57a2d4851a1d" />
    <TestEntry testId="5f38b2ba-f839-1e32-28ca-10578739e1d4" executionId="00091171-c069-4531-a6a6-0ec5a5df35b5" testListId="8c84fa94-04c1-424b-9868-57a2d4851a1d" />
    <TestEntry testId="85265aff-8e65-857c-0618-c5c441d91c5b" executionId="897afe3b-d07c-493f-9fa1-0d5da7bafae4" testListId="8c84fa94-04c1-424b-9868-57a2d4851a1d" />
    <TestEntry testId="916ebb41-20f0-c334-4783-4017b878ba0d" executionId="567cf2af-06db-4e57-b583-22ba3744404d" testListId="8c84fa94-04c1-424b-9868-57a2d4851a1d" />
    <TestEntry testId="eba08974-490b-4efb-2e38-f0a8c4afd459" executionId="3b86e39c-3e3d-4a72-9b51-9ec7e2977fda" testListId="8c84fa94-04c1-424b-9868-57a2d4851a1d" />
    <TestEntry testId="8e76fa30-8ab9-db77-f72b-88287e407dd8" executionId="40e50759-4eac-46f5-aba5-912ec38b8929" testListId="8c84fa94-04c1-424b-9868-57a2d4851a1d" />
    <TestEntry testId="5db3784c-7d07-d713-d00d-5d7f44c76bda" executionId="0bc6c0f9-2178-41c0-a3cd-54fce19b33d4" testListId="8c84fa94-04c1-424b-9868-57a2d4851a1d" />
    <TestEntry testId="47fc8451-a40c-0382-b071-b4822b057383" executionId="4e58725d-a476-407a-9ee4-784182ef5b96" testListId="8c84fa94-04c1-424b-9868-57a2d4851a1d" />
    <TestEntry testId="d28a0d2f-3738-b89a-1ef3-0710ce2521cd" executionId="2ddc94f7-5df4-4786-b9aa-ec880a34b594" testListId="8c84fa94-04c1-424b-9868-57a2d4851a1d" />
    <TestEntry testId="34e81b04-4e0e-c6ac-d528-d8a9f0d95c2d" executionId="d100d936-b251-4bb2-ae24-b46ad8ba31af" testListId="8c84fa94-04c1-424b-9868-57a2d4851a1d" />
    <TestEntry testId="d73e8b50-40ce-0c6d-6f03-fa6881e92739" executionId="1a96aa03-95ab-48d3-9f1b-0b41791e4e79" testListId="8c84fa94-04c1-424b-9868-57a2d4851a1d" />
    <TestEntry testId="0d5991a6-1b94-b753-6c1e-9185f1bb8130" executionId="2c4a0097-232d-4b3d-995e-69b9e8c97058" testListId="8c84fa94-04c1-424b-9868-57a2d4851a1d" />
    <TestEntry testId="b910e60e-3b61-55e5-681e-de0640b69ed1" executionId="e10712f5-a179-4234-a33d-55cc0b658f3b" testListId="8c84fa94-04c1-424b-9868-57a2d4851a1d" />
    <TestEntry testId="0107eba6-8e81-435a-f0d6-bee5f839fcda" executionId="1c4635ac-915c-459b-993d-e24cfd930e50" testListId="8c84fa94-04c1-424b-9868-57a2d4851a1d" />
    <TestEntry testId="9d99e4a8-74e4-f3e8-6e1c-43bdce7ef547" executionId="bdb1b81a-40aa-4a49-a6bd-fbf5588df5cf" testListId="8c84fa94-04c1-424b-9868-57a2d4851a1d" />
    <TestEntry testId="1a1b8c1d-9b8e-9e55-b3f9-c0e9de909a48" executionId="0ee9a7a3-9ef4-416c-8261-e86a8c3a5054" testListId="8c84fa94-04c1-424b-9868-57a2d4851a1d" />
    <TestEntry testId="52ebfbf3-8540-7876-3361-e23fd315e158" executionId="4912871e-5cc8-4964-b689-04d189cfa1a1" testListId="8c84fa94-04c1-424b-9868-57a2d4851a1d" />
    <TestEntry testId="203170a1-665e-7c4e-8429-0678e69f738f" executionId="7baad3b0-6f17-45b8-9eec-9d6cb9eee7e1" testListId="8c84fa94-04c1-424b-9868-57a2d4851a1d" />
    <TestEntry testId="80d4e702-680c-b921-7250-0504c7633f1c" executionId="1fe2e869-3914-4a85-8d39-26e21877eacd" testListId="8c84fa94-04c1-424b-9868-57a2d4851a1d" />
    <TestEntry testId="4c4da651-3ab8-4ae3-bd77-4994fb10d145" executionId="1c402884-a499-42f5-bc7f-f483c965f000" testListId="8c84fa94-04c1-424b-9868-57a2d4851a1d" />
    <TestEntry testId="de4871d9-3d0f-4e09-9e26-6e5ce621837e" executionId="0c6108c2-9703-42ea-b777-f0880d46a122" testListId="8c84fa94-04c1-424b-9868-57a2d4851a1d" />
    <TestEntry testId="ca31d2df-0c57-4ba7-a1d6-090025148f73" executionId="f0f602f9-eb71-4274-9995-a249a0f6ddf9" testListId="8c84fa94-04c1-424b-9868-57a2d4851a1d" />
    <TestEntry testId="0d2a1f87-e69e-4b2a-a443-eff44bf2941c" executionId="9215df08-191e-48d1-a356-cfadb268fbbe" testListId="8c84fa94-04c1-424b-9868-57a2d4851a1d" />
    <TestEntry testId="717b771a-ec25-5915-f8fa-ca59a914107c" executionId="2c23ceaa-d115-46b7-baed-0ffbc0d8c519" testListId="8c84fa94-04c1-424b-9868-57a2d4851a1d" />
    <TestEntry testId="fb1d5747-ba10-5c45-ad10-d89870377104" executionId="324ebc46-b9c0-46c0-bb60-590f22fb0f86" testListId="8c84fa94-04c1-424b-9868-57a2d4851a1d" />
    <TestEntry testId="16756e97-0a4f-41db-ab33-65b5b5603afa" executionId="e503fafa-9e23-46be-b106-d656865847cb" testListId="8c84fa94-04c1-424b-9868-57a2d4851a1d" />
    <TestEntry testId="3a09cfc7-2f47-4562-a51b-25a082584fff" executionId="c5ab9c74-0844-4973-8042-d36ff902f36e" testListId="8c84fa94-04c1-424b-9868-57a2d4851a1d" />
    <TestEntry testId="778c6f84-b705-47da-85f6-748b9bb04bf6" executionId="51ed08bf-acdc-4364-b686-8a5a6ace376b" testListId="8c84fa94-04c1-424b-9868-57a2d4851a1d" />
    <TestEntry testId="72a0e5ae-df5c-487a-b98e-2752331f570b" executionId="6afbdf70-c33d-4ee3-a646-a12842989083" testListId="8c84fa94-04c1-424b-9868-57a2d4851a1d" />
    <TestEntry testId="711818aa-8b88-8be4-6538-04d2bd6e92d9" executionId="76e99894-a543-423f-a228-1dfa93c0fd3c" testListId="8c84fa94-04c1-424b-9868-57a2d4851a1d" />
    <TestEntry testId="79e708cf-4b6f-42b7-8f0d-61fede0e7bb4" executionId="7bbbb411-26b0-4ecb-afb0-e74c7e99583c" testListId="8c84fa94-04c1-424b-9868-57a2d4851a1d" />
    <TestEntry testId="b8d51b5d-c232-45bd-befa-ca0d3eb1fc83" executionId="5bf861e9-8d5b-485a-8326-7c0bbe54218f" testListId="8c84fa94-04c1-424b-9868-57a2d4851a1d" />
    <TestEntry testId="4a2f76b6-94bc-4473-97b2-635ea30d414b" executionId="fa2e58e6-2eb3-4138-a662-17d94bb962cd" testListId="8c84fa94-04c1-424b-9868-57a2d4851a1d" />
    <TestEntry testId="c04993e1-f94d-49b3-8494-fbbc47ce4f73" executionId="324b4da7-1188-4577-842a-cb3103ec6219" testListId="8c84fa94-04c1-424b-9868-57a2d4851a1d" />
    <TestEntry testId="df6e51c2-70d5-822f-5e48-080212e95496" executionId="4989b53f-2f78-490c-ad47-1aa9dec29e64" testListId="8c84fa94-04c1-424b-9868-57a2d4851a1d" />
    <TestEntry testId="a4c73f35-7e7d-a14e-ff7d-46225d031d88" executionId="ce4f1c3b-80b9-4cac-810a-471fd34e3a92" testListId="8c84fa94-04c1-424b-9868-57a2d4851a1d" />
    <TestEntry testId="51034520-e6bd-f789-937c-84953fc58398" executionId="91c6052b-bbba-48a0-9a8e-d8a2face63c5" testListId="8c84fa94-04c1-424b-9868-57a2d4851a1d" />
    <TestEntry testId="face7523-0487-539a-af75-73e4c55cb4f6" executionId="a14afcd7-643c-4f47-85bb-a7012ff42c9a" testListId="8c84fa94-04c1-424b-9868-57a2d4851a1d" />
    <TestEntry testId="22e5c3df-da9b-1c9f-0e4f-12701ff85291" executionId="a3b4a784-9877-4fed-b379-34d06c220a6f" testListId="8c84fa94-04c1-424b-9868-57a2d4851a1d" />
    <TestEntry testId="ccd5091e-3150-d921-3460-2bee8bc18220" executionId="f57c41db-b059-44cb-868f-354d4d15a194" testListId="8c84fa94-04c1-424b-9868-57a2d4851a1d" />
    <TestEntry testId="e7e11d91-04a6-20a9-bc45-a9735442b35a" executionId="56f70f57-b4db-4ec4-9bf3-7b4650825a20" testListId="8c84fa94-04c1-424b-9868-57a2d4851a1d" />
    <TestEntry testId="d063dedc-d5c4-b3f3-c988-82d53051b008" executionId="f3c9a733-0bcc-465e-9632-007f103630bf" testListId="8c84fa94-04c1-424b-9868-57a2d4851a1d" />
    <TestEntry testId="e9f3c186-e565-920d-27dc-797002e2aaf5" executionId="78a9c009-fd29-4e48-86c8-1c6fa06a03b5" testListId="8c84fa94-04c1-424b-9868-57a2d4851a1d" />
    <TestEntry testId="228622bb-d517-4cf6-f694-abcf4a73b207" executionId="2fd472c4-0507-4a4d-a9c0-d61a634968a2" testListId="8c84fa94-04c1-424b-9868-57a2d4851a1d" />
    <TestEntry testId="546c999b-987f-8fb8-9dc4-49db8fb50f52" executionId="347a96cc-c748-4b2f-bd19-ffcb446fa11b" testListId="8c84fa94-04c1-424b-9868-57a2d4851a1d" />
    <TestEntry testId="16b20b52-1326-d3f5-b9c0-d9cb62d60605" executionId="f1a5af9f-b20a-4db8-9722-aaa87521f42b" testListId="8c84fa94-04c1-424b-9868-57a2d4851a1d" />
    <TestEntry testId="38be211c-7a85-fa70-ad4e-d82c2b8f754d" executionId="0fc4a434-b1a0-4fff-b0b5-346e712985e5" testListId="8c84fa94-04c1-424b-9868-57a2d4851a1d" />
    <TestEntry testId="5831b66b-c9d8-b59b-8b7b-627b45b09541" executionId="2f54804b-3cd4-4ad4-8a35-0cd933ea11b3" testListId="8c84fa94-04c1-424b-9868-57a2d4851a1d" />
    <TestEntry testId="cd68c89e-ae30-8f13-0280-2e3d00915733" executionId="1f45f525-bbea-4591-b986-23cbb61cac13" testListId="8c84fa94-04c1-424b-9868-57a2d4851a1d" />
    <TestEntry testId="18f217f8-f17b-4926-2ca5-231fb692735f" executionId="1a48d74f-940b-47ae-9f05-1bd21a41ff92" testListId="8c84fa94-04c1-424b-9868-57a2d4851a1d" />
    <TestEntry testId="4d9f61a3-e6cb-33d2-d829-e2889ed37f4c" executionId="450c2998-7701-4ace-840b-a3f974c8b4aa" testListId="8c84fa94-04c1-424b-9868-57a2d4851a1d" />
    <TestEntry testId="13f0adad-d844-91f6-fb04-b63e6b7a06d9" executionId="f94e4f8c-7623-40d0-94be-6a875c9fe301" testListId="8c84fa94-04c1-424b-9868-57a2d4851a1d" />
    <TestEntry testId="8e769ef4-9934-58db-9f3e-fb77b65c39b1" executionId="351d7dc9-9264-4ba5-ba6d-ec177632bcbc" testListId="8c84fa94-04c1-424b-9868-57a2d4851a1d" />
    <TestEntry testId="c2e3d3b0-dbcd-40bc-99f7-399d865b30a7" executionId="7928a23f-4b52-4b74-968e-e8d972a2176a" testListId="8c84fa94-04c1-424b-9868-57a2d4851a1d" />
    <TestEntry testId="416dd826-8842-4d0b-b62a-777123117d83" executionId="e4a2755c-4b82-4f9e-8499-35943601cf2f" testListId="8c84fa94-04c1-424b-9868-57a2d4851a1d" />
    <TestEntry testId="a600d024-734f-4b7a-9f86-a74c4a99ff00" executionId="8c9a854c-af74-454b-a63c-dc3a64593e6b" testListId="8c84fa94-04c1-424b-9868-57a2d4851a1d" />
    <TestEntry testId="bbd6457c-d1b7-4ddf-b037-bb8f1c633db3" executionId="f06b5c17-7656-4750-92e9-47f45519dc1d" testListId="8c84fa94-04c1-424b-9868-57a2d4851a1d" />
    <TestEntry testId="ad7fbe37-1b45-32de-1c18-6b1b7c2bb5b3" executionId="23af31b8-970e-43f3-8f0b-3b0dfc705c92" testListId="8c84fa94-04c1-424b-9868-57a2d4851a1d" />
    <TestEntry testId="412da81a-74b9-c7e4-aaa3-44e7dd0b5c45" executionId="f16b8a35-982d-4e81-be39-db3ef5e140f5" testListId="8c84fa94-04c1-424b-9868-57a2d4851a1d" />
    <TestEntry testId="09af38e0-4ee7-40c3-a954-0064d427877f" executionId="8efd2d2f-faae-43dd-a600-46a9cb6d4061" testListId="8c84fa94-04c1-424b-9868-57a2d4851a1d" />
    <TestEntry testId="b42fdb6c-2d3a-4904-89eb-70b1d57bacba" executionId="1f545f7e-161e-49e1-9d2c-d8ca2672bfba" testListId="8c84fa94-04c1-424b-9868-57a2d4851a1d" />
    <TestEntry testId="cc23275f-7b64-41e4-9afd-8d1abf7b9865" executionId="02a0fbf4-29ec-47f7-a17a-aa54c0d90383" testListId="8c84fa94-04c1-424b-9868-57a2d4851a1d" />
    <TestEntry testId="557615d2-af30-4a43-bfd3-67e57cd57a8f" executionId="10594d88-037c-490d-9399-ca8d8ba63fb1" testListId="8c84fa94-04c1-424b-9868-57a2d4851a1d" />
    <TestEntry testId="1fe9e65c-76a4-b4ff-2587-eca08228b523" executionId="762d9bb6-c9f7-481f-aab6-357f58aca58d" testListId="8c84fa94-04c1-424b-9868-57a2d4851a1d" />
    <TestEntry testId="cc024b15-0873-c33b-882e-78f743940bd6" executionId="e447cebe-3a08-4289-a822-ae53e8a115a1" testListId="8c84fa94-04c1-424b-9868-57a2d4851a1d" />
    <TestEntry testId="df10c78d-36e1-4b15-8f13-a85d83d0be6b" executionId="ccb331fd-a206-4be2-9543-388cee5e63cc" testListId="8c84fa94-04c1-424b-9868-57a2d4851a1d" />
    <TestEntry testId="0a2c4c6d-0067-4dd7-a414-3625d41d28b6" executionId="b225964c-83a5-4085-b3b6-bb52204cd1ff" testListId="8c84fa94-04c1-424b-9868-57a2d4851a1d" />
    <TestEntry testId="845f8541-2052-48ba-b394-7c6cf743d4fe" executionId="457caca6-76e8-4597-83e6-6e499e835717" testListId="8c84fa94-04c1-424b-9868-57a2d4851a1d" />
    <TestEntry testId="3d9d07cd-9afc-4cf5-9434-cfa5ab352e54" executionId="c29eb7dd-b93a-4720-bc25-7d25cc37440e" testListId="8c84fa94-04c1-424b-9868-57a2d4851a1d" />
    <TestEntry testId="8ceb078d-00d1-9221-8df6-986730b5f134" executionId="8ad42929-7e16-483e-97bd-ace91f7834ae" testListId="8c84fa94-04c1-424b-9868-57a2d4851a1d" />
    <TestEntry testId="3d01d8b4-c748-aeba-c64e-5c0ce68a152a" executionId="9f241167-02ee-4c45-8ded-110522a24610" testListId="8c84fa94-04c1-424b-9868-57a2d4851a1d" />
    <TestEntry testId="d5afda4a-63f0-3da3-7d08-3c6337f709f4" executionId="26a4a4f4-8383-4787-9d05-8d8184d2d9d6" testListId="8c84fa94-04c1-424b-9868-57a2d4851a1d" />
    <TestEntry testId="572f2ba5-62fb-4bec-88f5-7f0d4c8f58cd" executionId="7595a05d-e577-43db-969b-7a5471c90af5" testListId="8c84fa94-04c1-424b-9868-57a2d4851a1d" />
    <TestEntry testId="8a21e5f8-0d70-47ab-80d7-855be428f05c" executionId="5d1ef429-557c-4029-b6ec-2cc866eb2ba2" testListId="8c84fa94-04c1-424b-9868-57a2d4851a1d" />
    <TestEntry testId="ac8b81cf-255d-49d8-bcc4-fc23b8c5934c" executionId="214e0cc3-484a-4800-9481-d06cb5ee22fe" testListId="8c84fa94-04c1-424b-9868-57a2d4851a1d" />
    <TestEntry testId="7b28c793-91ce-4959-b0e6-dab1af135d1a" executionId="e73ecd2f-f771-4972-9597-5935320cf7b2" testListId="8c84fa94-04c1-424b-9868-57a2d4851a1d" />
    <TestEntry testId="82105131-4956-d550-626d-f234e248617a" executionId="4426cc09-ae4d-4d1a-bee0-add7a4d3c78e" testListId="8c84fa94-04c1-424b-9868-57a2d4851a1d" />
    <TestEntry testId="b2c64bbb-cbd1-4e43-be28-c9725ca2901c" executionId="3a2fa3ef-0de7-4142-9cb8-2ceccfd2df6c" testListId="8c84fa94-04c1-424b-9868-57a2d4851a1d" />
    <TestEntry testId="6f9fed82-857c-4b57-babb-f022f335c62e" executionId="1b6da4d1-4624-4487-b6a9-40ded69b1b02" testListId="8c84fa94-04c1-424b-9868-57a2d4851a1d" />
    <TestEntry testId="93d73029-47cc-4a23-a020-83d24d60117b" executionId="92e00d65-9881-4cf5-8c9e-a42a10870a6d" testListId="8c84fa94-04c1-424b-9868-57a2d4851a1d" />
    <TestEntry testId="0571ae5a-4a8f-4d04-b291-b59670598771" executionId="206804c9-62ca-479b-a0e0-542dcacaf175" testListId="8c84fa94-04c1-424b-9868-57a2d4851a1d" />
    <TestEntry testId="161aeb24-b8b5-c6d4-a526-17bb8249006c" executionId="f0648f8a-3cf9-479d-978d-9be0bf94bc21" testListId="8c84fa94-04c1-424b-9868-57a2d4851a1d" />
    <TestEntry testId="928ee483-f3a0-4310-ad64-718d3ce4611e" executionId="5a6d0a6a-7796-44ea-a71a-1aa981d3c7f3" testListId="8c84fa94-04c1-424b-9868-57a2d4851a1d" />
    <TestEntry testId="46b457b5-3243-4e91-ace2-2f892984dbc0" executionId="bcf56e7b-8a5b-4a76-a158-c028362b40ba" testListId="8c84fa94-04c1-424b-9868-57a2d4851a1d" />
    <TestEntry testId="08920e2e-9bdb-4016-b214-7762cf2df5fd" executionId="a98974a0-1fd7-43a6-b1e6-3f6d2c90987b" testListId="8c84fa94-04c1-424b-9868-57a2d4851a1d" />
    <TestEntry testId="73fb6e9d-d8fd-4104-99cc-2f03e38d3dc7" executionId="10340cfc-f3af-4cdb-8bd3-4f17f9211920" testListId="8c84fa94-04c1-424b-9868-57a2d4851a1d" />
    <TestEntry testId="e8b46d0c-b887-4e8f-b8e9-aa617589d1e4" executionId="05b5f7e0-fb06-4a09-af40-20a5c1658fb7" testListId="8c84fa94-04c1-424b-9868-57a2d4851a1d" />
    <TestEntry testId="561a6376-09e4-42be-844d-2c4bd584ab21" executionId="54371505-4766-4182-bea8-d10a0d3905ac" testListId="8c84fa94-04c1-424b-9868-57a2d4851a1d" />
    <TestEntry testId="037f4eb3-5240-49e4-a66a-19b46236b2a8" executionId="bfdfb751-d7d9-4f67-83cd-9157b6b0efd4" testListId="8c84fa94-04c1-424b-9868-57a2d4851a1d" />
    <TestEntry testId="72311f7a-7ab4-4755-99ab-f88b066986f3" executionId="003d4a34-43ba-4611-ae1e-788c661b75e2" testListId="8c84fa94-04c1-424b-9868-57a2d4851a1d" />
    <TestEntry testId="4bd3e1d8-3f4e-48fe-961e-c237a5d7c3f5" executionId="b78580f7-8ef4-4e2b-9052-4a79b9988871" testListId="8c84fa94-04c1-424b-9868-57a2d4851a1d" />
    <TestEntry testId="16caab43-7018-b2c6-2ab5-26909e3e29a4" executionId="6ff14848-8c3a-47ba-be06-020decd28d96" testListId="8c84fa94-04c1-424b-9868-57a2d4851a1d" />
    <TestEntry testId="4b036cf1-7aa0-42ea-840d-52645b077804" executionId="9036f905-c2c2-4c15-a502-7d357392b174" testListId="8c84fa94-04c1-424b-9868-57a2d4851a1d" />
    <TestEntry testId="ec5d7fc8-b530-4aa8-b752-f95e4595849d" executionId="ee56b7b2-b070-47d4-a343-f20be2d2e1a7" testListId="8c84fa94-04c1-424b-9868-57a2d4851a1d" />
    <TestEntry testId="80719233-a8e0-49aa-85a9-9a9f4651db02" executionId="83d348a2-a8ef-41da-89de-e9be98bea96c" testListId="8c84fa94-04c1-424b-9868-57a2d4851a1d" />
    <TestEntry testId="3a9a89c0-ecdc-4b4a-9700-27c763b06640" executionId="f767a729-e4c3-4cd5-96d6-05dca78e257e" testListId="8c84fa94-04c1-424b-9868-57a2d4851a1d" />
    <TestEntry testId="87c8eafe-b71d-a9e5-5fee-8d06247a48ce" executionId="210f27fe-e4e0-4b3f-b215-0675e83ddfef" testListId="8c84fa94-04c1-424b-9868-57a2d4851a1d" />
    <TestEntry testId="38d0c597-1984-454e-91e5-2aba637b382d" executionId="db3a1877-6466-4999-b883-7ca0f78dfb18" testListId="8c84fa94-04c1-424b-9868-57a2d4851a1d" />
    <TestEntry testId="af582980-d874-4b02-8d6e-35703086ec9f" executionId="4684d151-3bca-4df4-9c4c-07e7df501d76" testListId="8c84fa94-04c1-424b-9868-57a2d4851a1d" />
    <TestEntry testId="fc957b4d-374b-4c4a-b673-0f6823bac657" executionId="78d43203-5fa3-4fad-80df-176a67118830" testListId="8c84fa94-04c1-424b-9868-57a2d4851a1d" />
    <TestEntry testId="a10f34e6-5912-4fe9-af08-f23a610fa57e" executionId="2d190da7-395e-484c-b8e5-64436b5ec870" testListId="8c84fa94-04c1-424b-9868-57a2d4851a1d" />
    <TestEntry testId="f5946d3a-ded8-4bd2-a587-262b6af2f84a" executionId="4650fe75-d305-4da3-b958-9eb620c43bae" testListId="8c84fa94-04c1-424b-9868-57a2d4851a1d" />
    <TestEntry testId="41b1f2ff-7d0b-4032-b4fd-490540b6c1fd" executionId="bec2564b-d950-41ba-b6ee-312a01c3e5fc" testListId="8c84fa94-04c1-424b-9868-57a2d4851a1d" />
    <TestEntry testId="4ccb3e64-bad8-492f-b7b9-4bd2769924f9" executionId="d75af05d-d1e2-4306-91c1-487ce7f99d16" testListId="8c84fa94-04c1-424b-9868-57a2d4851a1d" />
    <TestEntry testId="77e8d31f-5782-408e-bc9e-70e9460cc8e6" executionId="d4407cc5-766e-49f7-a37a-f9391fcc3222" testListId="8c84fa94-04c1-424b-9868-57a2d4851a1d" />
    <TestEntry testId="3de92855-8b2f-f6c0-4ac8-efb65ad34c48" executionId="269aecaa-d2ff-4407-b814-e20869ce5609" testListId="8c84fa94-04c1-424b-9868-57a2d4851a1d" />
    <TestEntry testId="0ddeff3d-0a69-7b5a-1efa-f6bdb7ff5299" executionId="c47a7c97-ac98-4507-a52e-f44138effeb8" testListId="8c84fa94-04c1-424b-9868-57a2d4851a1d" />
    <TestEntry testId="42fa1864-6de1-7d34-cf45-e806ff6668ea" executionId="51663a8d-7728-405c-8690-fce4356afe14" testListId="8c84fa94-04c1-424b-9868-57a2d4851a1d" />
    <TestEntry testId="973397bd-0292-9358-cc41-389bd90cd826" executionId="ec5d6992-03d7-4f5d-b6f6-280ac1f8d623" testListId="8c84fa94-04c1-424b-9868-57a2d4851a1d" />
    <TestEntry testId="470d8939-f117-f00d-09ed-855a0ba32f29" executionId="19f6bb75-fae1-4276-9e14-7a4123dcd027" testListId="8c84fa94-04c1-424b-9868-57a2d4851a1d" />
    <TestEntry testId="768fc910-1e26-0e44-e653-b4ffdfee6d36" executionId="7cbdc5a3-27c4-45aa-ad67-fcd6fa9e6bb1" testListId="8c84fa94-04c1-424b-9868-57a2d4851a1d" />
    <TestEntry testId="48c12ac8-78d8-059c-f3f6-fa4324fd2c76" executionId="2191ad16-7fcf-4cf1-a91f-1d9bbcad0897" testListId="8c84fa94-04c1-424b-9868-57a2d4851a1d" />
    <TestEntry testId="f174d42d-4fd5-9e34-977f-5fe9ffc31bd2" executionId="b7927427-44b2-46cf-a313-9e430251cee5" testListId="8c84fa94-04c1-424b-9868-57a2d4851a1d" />
    <TestEntry testId="0c6e1dfd-48ea-0c13-c535-c4f7ab8dbec8" executionId="1e643887-8f1a-4189-887e-3095f5a3b385" testListId="8c84fa94-04c1-424b-9868-57a2d4851a1d" />
    <TestEntry testId="cc401b74-ac4e-4569-f721-cd77c383bc47" executionId="773a164e-1852-4790-9d0f-75d1fd9cec98" testListId="8c84fa94-04c1-424b-9868-57a2d4851a1d" />
    <TestEntry testId="48b55259-51a2-ee78-0e03-3b3d9a417346" executionId="7f17cbbe-c647-4b75-b38c-6a8ad55bb771" testListId="8c84fa94-04c1-424b-9868-57a2d4851a1d" />
    <TestEntry testId="f00b6649-6c90-42d9-694d-17a0b7beca33" executionId="91fb1d57-28a2-4968-83d2-3324baea4c03" testListId="8c84fa94-04c1-424b-9868-57a2d4851a1d" />
    <TestEntry testId="5e94a716-b438-aad1-9b41-c779797409a3" executionId="feb08f86-c277-4148-9941-49c29d054b6d" testListId="8c84fa94-04c1-424b-9868-57a2d4851a1d" />
    <TestEntry testId="d2cdf257-52da-b644-8d84-a434c4957e75" executionId="e1e3cc6a-92d5-4930-86e7-850409eda964" testListId="8c84fa94-04c1-424b-9868-57a2d4851a1d" />
    <TestEntry testId="4c642838-bc38-c741-1074-15340d792e77" executionId="c069c3b5-0c7b-47ab-a47d-6d2e307a984f" testListId="8c84fa94-04c1-424b-9868-57a2d4851a1d" />
    <TestEntry testId="723a8610-c55c-f137-5728-2efc4b3b1778" executionId="96e53d09-144e-4b02-8550-c351b0c27dc1" testListId="8c84fa94-04c1-424b-9868-57a2d4851a1d" />
    <TestEntry testId="1a880199-4517-8d08-6ba5-11b77c2cddfb" executionId="1e258840-88fc-454c-8fb7-462f326fc493" testListId="8c84fa94-04c1-424b-9868-57a2d4851a1d" />
    <TestEntry testId="8ad4431e-1f37-a923-108e-973d80682ef2" executionId="25ef9362-8058-4230-896d-a8dbbdae65b0" testListId="8c84fa94-04c1-424b-9868-57a2d4851a1d" />
    <TestEntry testId="96655489-03b2-8d48-97ed-1e1a62675502" executionId="84479fb6-8562-4a3e-a9da-c896b90cfef7" testListId="8c84fa94-04c1-424b-9868-57a2d4851a1d" />
    <TestEntry testId="6f9861c9-6c86-3692-1bf7-b00a4d76e90e" executionId="daef8c9a-47aa-426c-831e-9243d6382b56" testListId="8c84fa94-04c1-424b-9868-57a2d4851a1d" />
    <TestEntry testId="7edb16cb-27a3-be9b-d219-fc38d183e686" executionId="2d72c0b7-b928-4a65-a451-fe49667484d7" testListId="8c84fa94-04c1-424b-9868-57a2d4851a1d" />
    <TestEntry testId="1b5f1436-2217-c7d1-b9b3-a7a5706e6429" executionId="700013b4-2796-4740-93d4-b67b98baed46" testListId="8c84fa94-04c1-424b-9868-57a2d4851a1d" />
    <TestEntry testId="0e95a0ef-fe2e-93ff-348e-bd1c6cf21b70" executionId="1004645c-8153-401b-9db5-8e93593106cb" testListId="8c84fa94-04c1-424b-9868-57a2d4851a1d" />
    <TestEntry testId="e37ae6b6-a8ae-ea05-2b8d-7a1f451e5c28" executionId="04e4c0d6-86ae-4f65-97b2-5d4db47d5139" testListId="8c84fa94-04c1-424b-9868-57a2d4851a1d" />
    <TestEntry testId="da334f3e-3389-65b4-dae4-a2d41c43b6fe" executionId="65171117-5547-4851-b9e5-f9beb8fac3e2" testListId="8c84fa94-04c1-424b-9868-57a2d4851a1d" />
    <TestEntry testId="b4016b88-1968-ec29-0011-bfdf1cad1d5d" executionId="c970ad8a-18be-4a58-beae-546d9db3a092" testListId="8c84fa94-04c1-424b-9868-57a2d4851a1d" />
    <TestEntry testId="21dab211-6cff-c7a1-097b-e0f92f74562a" executionId="b0c253c5-adda-45b0-a3c8-3cf6980ec112" testListId="8c84fa94-04c1-424b-9868-57a2d4851a1d" />
    <TestEntry testId="ba714e6e-2e2a-a62b-a721-7085c686f292" executionId="c2efdea1-4263-4b1e-a142-46dc7b32d5b6" testListId="8c84fa94-04c1-424b-9868-57a2d4851a1d" />
    <TestEntry testId="7d8b3324-90e3-cad5-988e-bd7d4d44d688" executionId="d826c17d-d100-4a29-a38f-34d37b23b984" testListId="8c84fa94-04c1-424b-9868-57a2d4851a1d" />
    <TestEntry testId="c68b4508-b8d7-470b-a16d-f2a5e1e3de3b" executionId="790ffd18-cbe2-4762-87b5-a985e9c28e6a" testListId="8c84fa94-04c1-424b-9868-57a2d4851a1d" />
    <TestEntry testId="e1ac3326-3a89-4124-9a72-3da7ff976d4f" executionId="f25dfce2-24c0-4563-b211-94c712cd2984" testListId="8c84fa94-04c1-424b-9868-57a2d4851a1d" />
    <TestEntry testId="f9a6ad0f-3995-4aec-b1b6-10d0dbfe7b51" executionId="9e9bedd6-f1ab-4498-8b6a-f709d71e8c44" testListId="8c84fa94-04c1-424b-9868-57a2d4851a1d" />
    <TestEntry testId="2b20b93a-9a9a-4379-9a4b-a7f81c73a846" executionId="a7f3f049-b0e5-4efa-8552-d57f84b5f163" testListId="8c84fa94-04c1-424b-9868-57a2d4851a1d" />
    <TestEntry testId="d578b053-f9a8-789c-a9b1-cc464a49772f" executionId="64cc0550-f553-449d-89e1-3683e6422b3b" testListId="8c84fa94-04c1-424b-9868-57a2d4851a1d" />
    <TestEntry testId="a910230e-e0fd-9169-a8fe-36e9f2e00269" executionId="fc5de7fc-d51b-4890-bd1a-42c002ef732a" testListId="8c84fa94-04c1-424b-9868-57a2d4851a1d" />
    <TestEntry testId="a1202401-6227-4cd0-a4f8-f15ff5e08c22" executionId="151f1826-254a-4948-96f9-749770b7cbd5" testListId="8c84fa94-04c1-424b-9868-57a2d4851a1d" />
    <TestEntry testId="66c615a1-9eab-42ad-a744-39979dedec7c" executionId="fbe176fe-5d2f-441b-be41-1baf5f888241" testListId="8c84fa94-04c1-424b-9868-57a2d4851a1d" />
    <TestEntry testId="435f1ce6-96e3-43f2-a9e4-587a631cb7a0" executionId="6f64f9b7-2425-49d7-acf7-0f533ef1e20f" testListId="8c84fa94-04c1-424b-9868-57a2d4851a1d" />
    <TestEntry testId="1652bf1c-c14e-463f-9f59-f9e97a1c7191" executionId="e9121a92-e7a4-4542-8b86-2eceb86391b1" testListId="8c84fa94-04c1-424b-9868-57a2d4851a1d" />
    <TestEntry testId="371d80b8-ecc3-7149-1f0d-d0282a36e777" executionId="2dfe5dce-44a1-4a2d-9c4f-34132c3541f1" testListId="8c84fa94-04c1-424b-9868-57a2d4851a1d" />
    <TestEntry testId="83f89849-d19e-093f-ea8b-55522ad98497" executionId="e9fe9ab0-2177-4309-9090-67a9f5064e45" testListId="8c84fa94-04c1-424b-9868-57a2d4851a1d" />
    <TestEntry testId="85962db1-27ce-4899-a0d8-26219b9792c2" executionId="e3476d4c-aceb-44f2-8f6b-d46f2624a32f" testListId="8c84fa94-04c1-424b-9868-57a2d4851a1d" />
    <TestEntry testId="abba97ee-9567-4fe0-afdd-8cdb002558e1" executionId="b173a241-ef80-40df-8145-709319ac655d" testListId="8c84fa94-04c1-424b-9868-57a2d4851a1d" />
    <TestEntry testId="2813a369-0859-414c-b6bc-2fede17d55ae" executionId="4dca53db-78fd-48d3-82e5-3e3b84e1f1b5" testListId="8c84fa94-04c1-424b-9868-57a2d4851a1d" />
    <TestEntry testId="cbdef5f6-404e-4b7d-9568-df5dc25240d8" executionId="feae4c25-5d67-48d1-b835-f5ca10ba700e" testListId="8c84fa94-04c1-424b-9868-57a2d4851a1d" />
    <TestEntry testId="36359baa-c850-c0ee-d496-6cb9cea5b415" executionId="21118a64-a231-40e9-b841-8456ffda4776" testListId="8c84fa94-04c1-424b-9868-57a2d4851a1d" />
    <TestEntry testId="51c74371-9039-78e3-0fcc-8ff3290582cc" executionId="8dfa5b87-72f8-4782-8543-26f07dd9c60a" testListId="8c84fa94-04c1-424b-9868-57a2d4851a1d" />
    <TestEntry testId="50545805-c8ab-12d8-0431-1e7e8af275ed" executionId="37f6be67-5db8-434d-a0fd-892a92516a1d" testListId="8c84fa94-04c1-424b-9868-57a2d4851a1d" />
    <TestEntry testId="59e7d351-c714-4cb8-ba5c-c13abc818cdb" executionId="01ece5ab-d1a8-4ead-a888-a0c87966d940" testListId="8c84fa94-04c1-424b-9868-57a2d4851a1d" />
    <TestEntry testId="63206eac-256a-435b-81a5-90591518b8ad" executionId="3a7e91aa-f28a-4e97-8913-be8d70b4e26a" testListId="8c84fa94-04c1-424b-9868-57a2d4851a1d" />
    <TestEntry testId="7a61f6e1-d7e2-4106-80b3-458c67cc78db" executionId="9e3ab654-9bfe-4cc1-9c02-304c712b78be" testListId="8c84fa94-04c1-424b-9868-57a2d4851a1d" />
    <TestEntry testId="3a9d95e0-ce26-4aac-8c3d-13dc10f6746b" executionId="e3d6a3fc-0797-49cb-a95d-352794353c0e" testListId="8c84fa94-04c1-424b-9868-57a2d4851a1d" />
    <TestEntry testId="237e70ed-125c-dbd4-3b7e-16719b3b4197" executionId="36863fa7-96ee-4719-a716-57504ec33515" testListId="8c84fa94-04c1-424b-9868-57a2d4851a1d" />
    <TestEntry testId="e7367745-540e-4678-8e4b-9f858280e98e" executionId="c0309406-4ccc-4b19-ba2b-4d10d7a4e873" testListId="8c84fa94-04c1-424b-9868-57a2d4851a1d" />
    <TestEntry testId="c5d9bb00-accd-4844-8e45-0581bbfb3dcd" executionId="8f322ca7-4b32-4f8b-90d4-0ffedd68bc91" testListId="8c84fa94-04c1-424b-9868-57a2d4851a1d" />
    <TestEntry testId="836522c2-312f-4940-9d86-7861546900b6" executionId="70a5005c-5401-4439-8d74-de8a4be94a7c" testListId="8c84fa94-04c1-424b-9868-57a2d4851a1d" />
    <TestEntry testId="670c1ea6-c75e-4867-90ff-2c857e6c41b9" executionId="579acef1-3119-4682-9ded-979d60ff6447" testListId="8c84fa94-04c1-424b-9868-57a2d4851a1d" />
    <TestEntry testId="0576e9f0-edd2-1f22-0754-cda41ef6625d" executionId="11bd2c60-71ee-4238-bf05-08346557b647" testListId="8c84fa94-04c1-424b-9868-57a2d4851a1d" />
    <TestEntry testId="4a474fc2-07f7-4856-a7af-fef295427210" executionId="899e82e6-d4e5-47bb-810b-967cddefa516" testListId="8c84fa94-04c1-424b-9868-57a2d4851a1d" />
    <TestEntry testId="2d908111-dc38-44fc-afb5-2a748f998b08" executionId="8f9f18c2-3b44-42d1-a20b-6468eb46fa75" testListId="8c84fa94-04c1-424b-9868-57a2d4851a1d" />
    <TestEntry testId="3afa254f-8f85-4a65-9c9e-0a5c5bbcd935" executionId="52caf0fa-41d6-4896-b186-8ed8c1415024" testListId="8c84fa94-04c1-424b-9868-57a2d4851a1d" />
    <TestEntry testId="4fc9fc8f-7ea8-4b26-bbef-e7ae8b92ad9b" executionId="50496f42-194b-438b-a490-de21c1e0d59a" testListId="8c84fa94-04c1-424b-9868-57a2d4851a1d" />
    <TestEntry testId="75176912-5584-4ec4-a3f1-e1bc562915e1" executionId="dcbb11bb-51ec-4675-93d1-f38757d849a9" testListId="8c84fa94-04c1-424b-9868-57a2d4851a1d" />
    <TestEntry testId="cfd88c8a-da2f-42ad-9c07-288f7777fb3f" executionId="be409a54-d946-4353-8ab1-ff02e153ae75" testListId="8c84fa94-04c1-424b-9868-57a2d4851a1d" />
    <TestEntry testId="78e6c54c-8c6f-4e15-a699-31b2fd9f00cc" executionId="0ec1f320-fd8e-4860-88ab-f5fd23e6d248" testListId="8c84fa94-04c1-424b-9868-57a2d4851a1d" />
    <TestEntry testId="0918d5a4-913c-44e1-9614-c7641982646f" executionId="b9b5776a-31d3-4f16-8c7f-120d77a35a73" testListId="8c84fa94-04c1-424b-9868-57a2d4851a1d" />
    <TestEntry testId="8d70458a-b96b-4a00-a86c-2f4a13cce55f" executionId="155fbda4-97d6-4af7-b211-5c99bc384368" testListId="8c84fa94-04c1-424b-9868-57a2d4851a1d" />
    <TestEntry testId="c8847554-9e6c-1045-7071-a581f5c0fb33" executionId="f5902426-be78-475b-9f51-43a98932c6e0" testListId="8c84fa94-04c1-424b-9868-57a2d4851a1d" />
    <TestEntry testId="f8384859-d1b5-279d-b2bc-2e6d29a7b8c6" executionId="00344d4b-2a04-4567-95be-5e36ef9e468d" testListId="8c84fa94-04c1-424b-9868-57a2d4851a1d" />
    <TestEntry testId="0a424db9-b069-33c4-3376-2bdf0f4c9039" executionId="fb683aae-ef32-4369-a2f9-952a090ba31c" testListId="8c84fa94-04c1-424b-9868-57a2d4851a1d" />
    <TestEntry testId="f1421cdc-0954-9f9f-86a6-755cc2fe4fac" executionId="936a50d2-bc0d-4483-a5e8-e6750879b4dd" testListId="8c84fa94-04c1-424b-9868-57a2d4851a1d" />
    <TestEntry testId="b1ba4d3a-b04e-1bb0-862b-4450f12807b5" executionId="d372fc2f-32f7-4a96-a01a-09db3f45a300" testListId="8c84fa94-04c1-424b-9868-57a2d4851a1d" />
    <TestEntry testId="a7e76c9b-3424-406c-b6ae-936c18765815" executionId="a78bb637-e7e6-4c86-9a7f-b22eed058a52" testListId="8c84fa94-04c1-424b-9868-57a2d4851a1d" />
    <TestEntry testId="bf7d7d9c-79da-e746-2746-cb8594a77cd9" executionId="c2d542b9-3fba-4cbb-93f1-60a79ff71edf" testListId="8c84fa94-04c1-424b-9868-57a2d4851a1d" />
    <TestEntry testId="9e3d56e4-1e2f-c5f2-5c9e-af256e79836a" executionId="52c32d02-fe8a-4e8b-9634-9e5434f0c03f" testListId="8c84fa94-04c1-424b-9868-57a2d4851a1d" />
    <TestEntry testId="9c0f9060-39fd-bef1-d767-92920fc5c560" executionId="1fe8da1e-2242-4b41-a08d-3c77844626dc" testListId="8c84fa94-04c1-424b-9868-57a2d4851a1d" />
    <TestEntry testId="5ed9ce8b-e35a-ca94-d060-524c784f442e" executionId="ad339ac1-453a-4489-969f-81d44657d45d" testListId="8c84fa94-04c1-424b-9868-57a2d4851a1d" />
    <TestEntry testId="50ee27cb-82b9-84ac-84ea-c01796032cbb" executionId="f2d817dc-608d-40d0-9038-99bfc32818a2" testListId="8c84fa94-04c1-424b-9868-57a2d4851a1d" />
    <TestEntry testId="7606959b-140d-110f-5a86-375e368d237e" executionId="b4c1b98b-48d6-43e7-b226-427cd65959b7" testListId="8c84fa94-04c1-424b-9868-57a2d4851a1d" />
    <TestEntry testId="a7449dfb-07a5-3a1a-51f9-9fbe831e7d68" executionId="cae9b2f2-0e8f-46b9-946d-a799a5e1dce9" testListId="8c84fa94-04c1-424b-9868-57a2d4851a1d" />
    <TestEntry testId="67a15bff-0f98-bbab-0670-02d1299127ae" executionId="0b47871a-ac1c-44fd-82fe-74e509c0b4b1" testListId="8c84fa94-04c1-424b-9868-57a2d4851a1d" />
    <TestEntry testId="a20813f5-eef5-7a57-ea1e-03d9b7a3bf5d" executionId="5693b519-391d-4bc2-a601-7d3688969cbe" testListId="8c84fa94-04c1-424b-9868-57a2d4851a1d" />
    <TestEntry testId="2acc4baa-3abb-e8ef-cea9-36b0c36901f8" executionId="5f0f19b2-8608-4be2-b056-ef9d9609e04f" testListId="8c84fa94-04c1-424b-9868-57a2d4851a1d" />
    <TestEntry testId="bd3bb719-1d77-0bb6-c5fe-86c8fe3d35fa" executionId="850e43f4-0ec4-46c2-a0a5-c2a46f85e650" testListId="8c84fa94-04c1-424b-9868-57a2d4851a1d" />
    <TestEntry testId="df6d987d-5ac2-cf68-10ec-63bf2eef4c44" executionId="1e0773c2-9413-4675-a217-21fd24b796ec" testListId="8c84fa94-04c1-424b-9868-57a2d4851a1d" />
    <TestEntry testId="c2ac8232-7e9c-3d19-5afc-a0bad8fb1996" executionId="905cc473-e30a-401d-9559-44d8b04b1157" testListId="8c84fa94-04c1-424b-9868-57a2d4851a1d" />
    <TestEntry testId="1c9725a3-5132-47f1-482b-cfbbf781cce3" executionId="760370ab-e41c-47ef-ab5f-056efebf0653" testListId="8c84fa94-04c1-424b-9868-57a2d4851a1d" />
    <TestEntry testId="aa1b0566-48bf-08a5-bba0-3d55519bb21a" executionId="9a5e653b-f8b4-4a9f-9c70-a9cc1078e184" testListId="8c84fa94-04c1-424b-9868-57a2d4851a1d" />
    <TestEntry testId="729b420e-8e73-a748-4742-dfe0d8a6ea7b" executionId="7c2bc6b5-8f21-4015-be02-03618eba51b1" testListId="8c84fa94-04c1-424b-9868-57a2d4851a1d" />
    <TestEntry testId="b615afc1-f190-298e-b91e-d7225853e300" executionId="516ad2a9-60d4-4afc-b42c-dddaf683ffc2" testListId="8c84fa94-04c1-424b-9868-57a2d4851a1d" />
    <TestEntry testId="c193284b-f4d2-7cd1-9cf1-fd19800c866d" executionId="13cc62e7-5004-49a9-8ea1-33390f7df0c6" testListId="8c84fa94-04c1-424b-9868-57a2d4851a1d" />
    <TestEntry testId="dabea0a7-3972-dc78-1422-d53eb2bc8795" executionId="f779f3d0-bd8b-4dfe-921e-08c8fbaf2723" testListId="8c84fa94-04c1-424b-9868-57a2d4851a1d" />
    <TestEntry testId="ae66943e-b600-55a9-8884-426b16551edc" executionId="4ecfa756-7fce-4781-bbf1-8f94731782e0" testListId="8c84fa94-04c1-424b-9868-57a2d4851a1d" />
    <TestEntry testId="f7b4815d-cb42-7f6a-2a62-c4c49162af6f" executionId="9f60a6eb-4133-4329-92fe-98605ba80e0d" testListId="8c84fa94-04c1-424b-9868-57a2d4851a1d" />
    <TestEntry testId="9220be5e-8400-646c-422e-c3347f7804f4" executionId="cd6653cb-5b50-4a3b-8a0c-a8feff0b149b" testListId="8c84fa94-04c1-424b-9868-57a2d4851a1d" />
    <TestEntry testId="452513b1-3035-e635-ebec-ba8fe55cfd32" executionId="800a70f5-1cbd-4da2-bee8-0733bc22133f" testListId="8c84fa94-04c1-424b-9868-57a2d4851a1d" />
    <TestEntry testId="9db81d18-958f-b696-2559-15e24cd06222" executionId="5cf9f8e3-d756-4994-8d47-4d7ed435c790" testListId="8c84fa94-04c1-424b-9868-57a2d4851a1d" />
    <TestEntry testId="ede6d8ba-debe-da70-d8d3-4ce04726da64" executionId="ab420179-3c46-4e2a-8056-2cd1256c995e" testListId="8c84fa94-04c1-424b-9868-57a2d4851a1d" />
    <TestEntry testId="e9c2bc41-23da-ee55-2e0f-81d73865f9fb" executionId="70bd877d-0b20-4e13-87b4-7b96cbb76e81" testListId="8c84fa94-04c1-424b-9868-57a2d4851a1d" />
    <TestEntry testId="9c3a8425-87b4-7384-654c-c106825b4cc6" executionId="2064ccb3-bf90-4df0-ae2f-c31d18be6e09" testListId="8c84fa94-04c1-424b-9868-57a2d4851a1d" />
    <TestEntry testId="b477a6c0-c71d-18dd-bac8-3536153030a8" executionId="18b8a21d-98de-4b8e-b8ce-2f6618b730b8" testListId="8c84fa94-04c1-424b-9868-57a2d4851a1d" />
    <TestEntry testId="4cae6d94-3bb6-512c-cacb-9fe196d7e39e" executionId="05db6878-556f-47e7-8ce0-bec55828963a" testListId="8c84fa94-04c1-424b-9868-57a2d4851a1d" />
    <TestEntry testId="ef299d5e-60b0-98d7-5fea-1dece2e59b2e" executionId="4d8a84cd-ce0c-4dfd-ab38-3d2e0e2d0646" testListId="8c84fa94-04c1-424b-9868-57a2d4851a1d" />
    <TestEntry testId="08757410-1140-3f72-8d1c-4edb91feeb90" executionId="187ec9f4-3b01-4948-98c2-1d3ec4cf5d43" testListId="8c84fa94-04c1-424b-9868-57a2d4851a1d" />
    <TestEntry testId="7028faae-7920-3f1a-ecf7-66fcb490a7fa" executionId="642795a4-ef5f-4734-8786-8639ced74b0a" testListId="8c84fa94-04c1-424b-9868-57a2d4851a1d" />
    <TestEntry testId="0bd50204-25fc-e4b3-e8fd-158fc4fdb39a" executionId="128c7ad6-819b-405b-85fb-737becf56318" testListId="8c84fa94-04c1-424b-9868-57a2d4851a1d" />
    <TestEntry testId="76ecd493-d30e-2bad-d16e-37783e7e0e95" executionId="66b322db-0fac-4046-8c20-5467ca3ba872" testListId="8c84fa94-04c1-424b-9868-57a2d4851a1d" />
    <TestEntry testId="1341f54c-09b1-55bd-f8b9-0730bc5c5fc8" executionId="6b5da83d-249a-4d90-9a55-af38f4057ef0" testListId="8c84fa94-04c1-424b-9868-57a2d4851a1d" />
    <TestEntry testId="c1e31ce0-be46-8583-bb69-81a5090c0828" executionId="dbff03f4-855a-4bb6-a4e3-784b0840f91a" testListId="8c84fa94-04c1-424b-9868-57a2d4851a1d" />
    <TestEntry testId="d455c785-fcd7-811a-e29f-6aade65e9120" executionId="02f39e7e-fc31-4950-8a8a-66ddda1c788f" testListId="8c84fa94-04c1-424b-9868-57a2d4851a1d" />
    <TestEntry testId="637c0fa3-833f-a550-b864-896a6a6f2fd8" executionId="53299342-cccf-4c48-8ef7-8807ea2533cd" testListId="8c84fa94-04c1-424b-9868-57a2d4851a1d" />
    <TestEntry testId="eb144763-12b3-50fc-7691-d8d682a7d4a8" executionId="80ad2f13-74b3-4f17-b271-a737e41bc541" testListId="8c84fa94-04c1-424b-9868-57a2d4851a1d" />
    <TestEntry testId="b579d18d-1159-6fad-8638-8d25cdef1957" executionId="34a687d5-c9aa-46ea-a27b-de285d695a45" testListId="8c84fa94-04c1-424b-9868-57a2d4851a1d" />
    <TestEntry testId="50107273-3160-9f56-ee6c-d48a3edecd32" executionId="b24e00e7-33c9-47c9-a085-316a11d86ebb" testListId="8c84fa94-04c1-424b-9868-57a2d4851a1d" />
    <TestEntry testId="a4989a62-2482-9f0c-2892-f367015afc93" executionId="c876a13b-0c03-4f3d-9832-647aa3ae67d5" testListId="8c84fa94-04c1-424b-9868-57a2d4851a1d" />
    <TestEntry testId="437ff271-0a65-f133-0f4f-6a5833af40c9" executionId="14611344-3157-429f-b9fe-46cf82015b7d" testListId="8c84fa94-04c1-424b-9868-57a2d4851a1d" />
    <TestEntry testId="1be8ceea-8fc2-4831-7f0e-8125d870ca3a" executionId="d4f4a55a-b790-438c-836c-83eab4608222" testListId="8c84fa94-04c1-424b-9868-57a2d4851a1d" />
    <TestEntry testId="3e4b2836-39be-57db-ab81-25cce9b79f81" executionId="0c39a9af-d5ab-4e11-9eb4-5e99041a0937" testListId="8c84fa94-04c1-424b-9868-57a2d4851a1d" />
    <TestEntry testId="f12d4bdc-e99e-b877-17cd-900cc3332116" executionId="2e0fbfbd-ce24-482d-abad-0a0890c86a3e" testListId="8c84fa94-04c1-424b-9868-57a2d4851a1d" />
    <TestEntry testId="05ab32f6-13af-de8d-7188-5f30d94bd195" executionId="d0a57677-2ed4-4cd9-ba7f-c5b1922ecd6b" testListId="8c84fa94-04c1-424b-9868-57a2d4851a1d" />
    <TestEntry testId="a8d83e56-405d-44fc-aed0-d4a65b158875" executionId="4e95b772-afbd-4a5a-b9ce-c7cf80265e1d" testListId="8c84fa94-04c1-424b-9868-57a2d4851a1d" />
    <TestEntry testId="eb5ed5d9-dff8-42dd-be7b-102081e86259" executionId="a350ae64-9a1d-4d33-8f92-d5f047f8a052" testListId="8c84fa94-04c1-424b-9868-57a2d4851a1d" />
    <TestEntry testId="d2707d4a-9e8c-4c6e-aa7b-e019bd7ee8ee" executionId="b1de6f5c-9fbd-498d-b5b3-fb5fc6549551" testListId="8c84fa94-04c1-424b-9868-57a2d4851a1d" />
    <TestEntry testId="dfe91239-c518-4afb-95d2-3c2c283bd8aa" executionId="b8b149bd-8ef4-4102-91e6-24005276e880" testListId="8c84fa94-04c1-424b-9868-57a2d4851a1d" />
    <TestEntry testId="ee4e6a32-d7a1-4c2e-a550-3d3593adbe67" executionId="bea517bd-6ba2-4fbb-b6eb-8af29d444938" testListId="8c84fa94-04c1-424b-9868-57a2d4851a1d" />
    <TestEntry testId="ec5b1125-0c30-4142-b11e-6c2d9e9f7c91" executionId="8a4d0b0d-1473-4fba-86ee-dcd574567b00" testListId="8c84fa94-04c1-424b-9868-57a2d4851a1d" />
    <TestEntry testId="42e78bbc-14f2-e22d-8846-77a21733ccd0" executionId="b5f3cae0-a423-4964-a447-fef96461bfd7" testListId="8c84fa94-04c1-424b-9868-57a2d4851a1d" />
    <TestEntry testId="850365f9-e057-40cb-96e7-6df58facbfad" executionId="f8b0ce43-1bcb-47d4-bb84-589475468cb6" testListId="8c84fa94-04c1-424b-9868-57a2d4851a1d" />
    <TestEntry testId="f80ec334-cfa6-4043-a661-d183d0b904b7" executionId="9602747b-5049-444b-8a87-07708f1144c0" testListId="8c84fa94-04c1-424b-9868-57a2d4851a1d" />
    <TestEntry testId="4a5a711a-07d2-4594-8440-5fe5acb29d25" executionId="bd9b4096-6bfe-4954-bcab-717ec2ab0f33" testListId="8c84fa94-04c1-424b-9868-57a2d4851a1d" />
    <TestEntry testId="2c79a280-8f4b-487d-ae88-5164675dec2d" executionId="73fa9131-63d0-4df9-b9da-17b5f99e3f8f" testListId="8c84fa94-04c1-424b-9868-57a2d4851a1d" />
    <TestEntry testId="5e662bf0-f5a8-4f17-829f-d0593efd9e08" executionId="67c6d24e-cb9e-42a9-967f-34d6a9a50c7e" testListId="8c84fa94-04c1-424b-9868-57a2d4851a1d" />
    <TestEntry testId="399b50bd-e707-4727-bc78-283e8ae8ed28" executionId="aeb892eb-4a84-4b61-aea3-a209a5a73787" testListId="8c84fa94-04c1-424b-9868-57a2d4851a1d" />
    <TestEntry testId="ef06433b-a16d-dd5b-0a7a-c622d1b5e829" executionId="f2c3d8b7-f353-455c-8641-07dd866efc5a" testListId="8c84fa94-04c1-424b-9868-57a2d4851a1d" />
    <TestEntry testId="53b4d5c9-7247-3ce6-3de3-3dd3d1d2d868" executionId="dffa3fa8-6d05-4990-9c6f-cee56d0aa05c" testListId="8c84fa94-04c1-424b-9868-57a2d4851a1d" />
    <TestEntry testId="3ae1b7db-6e93-42dd-b547-8e451c13eaf2" executionId="43fc88e5-8bee-4206-a2d3-ab45211fc7ff" testListId="8c84fa94-04c1-424b-9868-57a2d4851a1d" />
    <TestEntry testId="c6ba8b07-4665-4298-b53e-aaa045e38e76" executionId="323f37f7-af30-4d82-bd0d-cb0c88bc3967" testListId="8c84fa94-04c1-424b-9868-57a2d4851a1d" />
    <TestEntry testId="8bd4ebb2-159b-479f-9b05-9b4bd9b9f7ce" executionId="b7ef83e1-f2fb-4e89-bcd5-37f6d3487f08" testListId="8c84fa94-04c1-424b-9868-57a2d4851a1d" />
    <TestEntry testId="5e8a5df5-dcf2-4dbb-9d9e-e48958727856" executionId="e16aee16-d703-47d0-8a1c-9e20635a6291" testListId="8c84fa94-04c1-424b-9868-57a2d4851a1d" />
    <TestEntry testId="3576877f-9a66-4f81-8ce4-5bc5fcbb806c" executionId="fb3f3c53-a4f6-491b-b6a8-b95ca4a0ff6d" testListId="8c84fa94-04c1-424b-9868-57a2d4851a1d" />
    <TestEntry testId="f27b2b95-9e70-468b-9043-cc5f7bfcfc7e" executionId="b9e04972-aade-4371-9c42-81100dec3ec4" testListId="8c84fa94-04c1-424b-9868-57a2d4851a1d" />
    <TestEntry testId="e88f47dc-968f-8d55-a925-cb5dbd3a6603" executionId="e69a315e-1798-4191-b39f-3a060eb0ab06" testListId="8c84fa94-04c1-424b-9868-57a2d4851a1d" />
    <TestEntry testId="7b241cee-1387-e0b0-adab-a7de32b3cbe8" executionId="583bcae5-ca7d-4bcc-bf3b-12553dfe8bc1" testListId="8c84fa94-04c1-424b-9868-57a2d4851a1d" />
    <TestEntry testId="c40fbcda-16ac-48af-accc-f04dde569197" executionId="9ba0a4b6-41a6-4350-96de-9eeef58fd137" testListId="8c84fa94-04c1-424b-9868-57a2d4851a1d" />
    <TestEntry testId="cbaf9f0c-53b0-4f0f-9685-5e9f55a91c6d" executionId="b8a1b5a8-ddd4-4097-a7d6-a1e247dfb698" testListId="8c84fa94-04c1-424b-9868-57a2d4851a1d" />
    <TestEntry testId="983e1eff-ad60-4a39-a0e6-25c9f961a23c" executionId="aca56d63-bdc4-4122-88af-07635c71a386" testListId="8c84fa94-04c1-424b-9868-57a2d4851a1d" />
    <TestEntry testId="b6e2faaf-08e8-4681-88c5-59a1e2a0576d" executionId="ab7c5f11-b47b-4d75-83c2-fd2235d3d7be" testListId="8c84fa94-04c1-424b-9868-57a2d4851a1d" />
    <TestEntry testId="9376f6ab-388d-4cc1-ad42-a99ea428444b" executionId="6211207b-924a-4bb5-ad4e-e71ae373cdf4" testListId="8c84fa94-04c1-424b-9868-57a2d4851a1d" />
    <TestEntry testId="85c238eb-4ca1-4faa-bbfb-cc6cad2d0a8e" executionId="f22f245f-2f1b-42e3-bac7-6be48d22c765" testListId="8c84fa94-04c1-424b-9868-57a2d4851a1d" />
    <TestEntry testId="f8695b94-b4f4-4dca-81f5-5debab3cb09b" executionId="4a10b24d-9db1-4aac-bd12-69a686baed19" testListId="8c84fa94-04c1-424b-9868-57a2d4851a1d" />
    <TestEntry testId="5935c021-6256-4f89-bf3e-3f08d1642b98" executionId="ae2817bd-1b02-4c2d-8ecb-b6031d7df9df" testListId="8c84fa94-04c1-424b-9868-57a2d4851a1d" />
    <TestEntry testId="be60c70c-51de-4425-a73b-46ec84e081c0" executionId="bb297e27-a635-4b4a-8d06-21afa4b88acc" testListId="8c84fa94-04c1-424b-9868-57a2d4851a1d" />
    <TestEntry testId="afce6ee8-742e-406a-8b48-d7d9affd7cf8" executionId="48635a69-82e6-4bce-bfa7-3e52097d1a0b" testListId="8c84fa94-04c1-424b-9868-57a2d4851a1d" />
    <TestEntry testId="db6907ae-a02a-4da3-b3cb-a17dcfbdd326" executionId="06eda19e-dd3a-4415-bfff-d13978042668" testListId="8c84fa94-04c1-424b-9868-57a2d4851a1d" />
    <TestEntry testId="a93bc544-ffa8-4fce-ab3b-08c579aee923" executionId="87e94013-0292-4636-8b59-c03832228df9" testListId="8c84fa94-04c1-424b-9868-57a2d4851a1d" />
    <TestEntry testId="8064549e-2294-d241-3f6a-6227dbd4271e" executionId="18f3caaa-4446-48d6-ae25-336350082647" testListId="8c84fa94-04c1-424b-9868-57a2d4851a1d" />
    <TestEntry testId="089bd3c8-ee74-a1f4-d9b3-236b0097e533" executionId="59cdefd9-1753-4066-a9d4-3a90971507f6" testListId="8c84fa94-04c1-424b-9868-57a2d4851a1d" />
    <TestEntry testId="ebf6e21a-372c-afe4-d062-b7b832935f5e" executionId="ff5c2f60-b627-4570-9da3-586e46f61002" testListId="8c84fa94-04c1-424b-9868-57a2d4851a1d" />
    <TestEntry testId="6c72e759-f24c-b5c3-18c6-455f483e5050" executionId="177c178f-4f5b-4ffc-84fe-5ee85a855066" testListId="8c84fa94-04c1-424b-9868-57a2d4851a1d" />
    <TestEntry testId="f1fda5c7-ec38-b0f6-30e3-00051939f97d" executionId="f0cf73d0-e404-469f-9dfb-b0c161f50332" testListId="8c84fa94-04c1-424b-9868-57a2d4851a1d" />
    <TestEntry testId="2897cf61-9947-e46c-cb39-10f6bc1ab849" executionId="9d706cfb-2f49-4dfe-a6e2-d9d07bd138e0" testListId="8c84fa94-04c1-424b-9868-57a2d4851a1d" />
    <TestEntry testId="41ad1846-17c6-ee1d-36d4-2fd2cabbab7a" executionId="80283b38-4a52-41d0-841f-48c4fd8bce67" testListId="8c84fa94-04c1-424b-9868-57a2d4851a1d" />
    <TestEntry testId="dbc55ad4-6cff-7e7d-5475-ad40913b0f8d" executionId="5f014134-9b5d-45af-b1d7-9cbeb5437bfb" testListId="8c84fa94-04c1-424b-9868-57a2d4851a1d" />
    <TestEntry testId="c4082036-05e5-df0b-7c6c-e7e2ffe658c1" executionId="fa46f308-e7d1-4370-8874-a10da957529d" testListId="8c84fa94-04c1-424b-9868-57a2d4851a1d" />
    <TestEntry testId="bf2613aa-a8a6-7d50-8827-42bafcb225db" executionId="d65a3b1e-80d1-47e2-b523-d3c4da702667" testListId="8c84fa94-04c1-424b-9868-57a2d4851a1d" />
    <TestEntry testId="f8be8179-d5d1-4f38-4b95-cbfee3d567d1" executionId="04ffae03-30ae-4599-8bca-37f65ef5d683" testListId="8c84fa94-04c1-424b-9868-57a2d4851a1d" />
    <TestEntry testId="3c797a24-3ef7-49c6-402f-b8a5d0c37387" executionId="a985af12-703a-427b-9bc2-58a088cb63db" testListId="8c84fa94-04c1-424b-9868-57a2d4851a1d" />
    <TestEntry testId="1cd87d10-2fa9-6d4c-cbf4-3ec3bb028b06" executionId="b627ab06-e222-448a-8216-7050497be3e5" testListId="8c84fa94-04c1-424b-9868-57a2d4851a1d" />
    <TestEntry testId="e31198b6-9e9f-55c8-50f8-a36c465c6b7d" executionId="599f5ffc-7420-4cce-a61b-dfc2629f5101" testListId="8c84fa94-04c1-424b-9868-57a2d4851a1d" />
    <TestEntry testId="e66b7832-0be9-2249-1de7-6566c659acfb" executionId="1a546e9d-09bf-4247-9967-a89b130faacb" testListId="8c84fa94-04c1-424b-9868-57a2d4851a1d" />
    <TestEntry testId="b4414ccd-3b7c-dbf1-0e3d-069270f860ae" executionId="dac97dd1-95d7-4225-89b8-2f2f2f31eae7" testListId="8c84fa94-04c1-424b-9868-57a2d4851a1d" />
    <TestEntry testId="835ffb59-1293-4493-8bca-823517f80995" executionId="7849bfe7-e05d-4561-b163-cf4fe3df1bd9" testListId="8c84fa94-04c1-424b-9868-57a2d4851a1d" />
  </TestEntries>
  <TestLists>
    <TestList name="Results Not in a List" id="8c84fa94-04c1-424b-9868-57a2d4851a1d" />
    <TestList name="All Loaded Results" id="19431567-8539-422a-85d7-44ee4e166bda" />
  </TestLists>
  <ResultSummary outcome="Failed">
    <Counters total="2564" executed="2560" passed="2530" failed="30" error="0" timeout="0" aborted="0" inconclusive="0" passedButRunAborted="0" notRunnable="0" notExecuted="0" disconnected="0" warning="0" completed="0" inProgress="0" pending="0" />
    <Output>
      <StdOut>Test 'ActivateProtection_ManyNodes_Success' was skipped in the test run.Test 'ActivateProtection_ManyNodesNonprotected_Success' was skipped in the test run.Test 'DeactivateProtection_ManyNodes_Success' was skipped in the test run.Test 'DeactivateProtection_ManyNodes2_Success' was skipped in the test run.</StdOut>
    </Output>
    <RunInfos>
      <RunInfo computerName="ICSWS068" outcome="Warning" timestamp="2016-08-04T10:29:34.3349639+02:00">
        <Text>Warning: Test Run deployment issue: The assembly or module 'Microsoft.IdentityModel.Clients.ActiveDirectory' directly or indirectly referenced by the test container 'f:\etwork\bin\tests\sysintgtests.icore.common.entities.dll' was not found.</Text>
      </RunInfo>
      <RunInfo computerName="ICSWS068" outcome="Warning" timestamp="2016-08-04T10:29:34.3389665+02:00">
        <Text>Warning: Test Run deployment issue: The assembly or module 'Microsoft.ServiceBus' directly or indirectly referenced by the test container 'f:\etwork\bin\tests\sysintgtests.icore.common.entities.dll' was not found.</Text>
      </RunInfo>
    </RunInfos>
  </ResultSummary>
</TestRun>