<?xml version="1.0" encoding="UTF-8"?>
<TestRun id="5d30ee28-2e66-4401-8ed8-b353a3effb8c" name="bacemi@ICSWS068 2016-08-04 09:56:40" runUser="ICORE\bacemi" xmlns="http://microsoft.com/schemas/VisualStudio/TeamTest/2010">
  <Times creation="2016-08-04T09:56:40.0906241+02:00" queuing="2016-08-04T09:56:40.0906241+02:00" start="2016-08-04T09:56:39.6881770+02:00" finish="2016-08-04T09:56:48.6982117+02:00" />
  <TestSettings name="default" id="00da2111-9a65-4a50-8f26-8b464514e3f1">
    <Execution>
      <TestTypeSpecific />
    </Execution>
    <Deployment runDeploymentRoot="bacemi_ICSWS068 2016-08-04 09_56_40" />
    <Properties />
  </TestSettings>
  <Results>
    <UnitTestResult executionId="0c96dc69-2315-4ce1-89dc-9d6cf003f4d6" testId="5d533134-d9a9-f006-6c89-cb98a7ddb123" testName="DefineCodePage_DefaultCodePage_NoException" computerName="ICSWS068" duration="00:00:00.0387791" startTime="2016-08-04T09:56:39.6881770+02:00" endTime="2016-08-04T09:56:40.0032191+02:00" testType="13cdc9d9-ddb5-4fa4-a97d-d965ccfc6d4b" outcome="Passed" testListId="8c84fa94-04c1-424b-9868-57a2d4851a1d" relativeResultsDirectory="0c96dc69-2315-4ce1-89dc-9d6cf003f4d6" />
    <UnitTestResult executionId="1a3df1e8-7759-4dc7-8eb5-ad135c8ed70e" testId="d3b35e4e-ac0f-7a69-869f-b3131759c000" testName="DefineCodePage_WrongCodePageFormat_ThrowsException" computerName="ICSWS068" duration="00:00:00.0027295" startTime="2016-08-04T09:56:40.0067217+02:00" endTime="2016-08-04T09:56:40.0107246+02:00" testType="13cdc9d9-ddb5-4fa4-a97d-d965ccfc6d4b" outcome="Passed" testListId="8c84fa94-04c1-424b-9868-57a2d4851a1d" relativeResultsDirectory="1a3df1e8-7759-4dc7-8eb5-ad135c8ed70e" />
    <UnitTestResult executionId="293b1371-b7e1-4025-aca5-85172cc02ee0" testId="4c0ea50f-d4ed-7a19-1feb-0b1a10968442" testName="ConvertStringWithCodepage_UnchangedCodePageAndStringIsAllASCIIChars_Success" computerName="ICSWS068" duration="00:00:00.0013545" startTime="2016-08-04T09:56:40.0137330+02:00" endTime="2016-08-04T09:56:40.0167347+02:00" testType="13cdc9d9-ddb5-4fa4-a97d-d965ccfc6d4b" outcome="Passed" testListId="8c84fa94-04c1-424b-9868-57a2d4851a1d" relativeResultsDirectory="293b1371-b7e1-4025-aca5-85172cc02ee0" />
    <UnitTestResult executionId="d762097b-2607-426c-bcb7-81c4505626cc" testId="30654b51-441d-4580-3edc-4328a5661d3c" testName="ConvertStringWithCodepage_ChangeOneCharacterAndStringContainsChangedCharacter_Success" computerName="ICSWS068" duration="00:00:00.0009222" startTime="2016-08-04T09:56:40.0202373+02:00" endTime="2016-08-04T09:56:40.0232396+02:00" testType="13cdc9d9-ddb5-4fa4-a97d-d965ccfc6d4b" outcome="Passed" testListId="8c84fa94-04c1-424b-9868-57a2d4851a1d" relativeResultsDirectory="d762097b-2607-426c-bcb7-81c4505626cc" />
    <UnitTestResult executionId="a3c59cca-8d4a-4b14-bc73-248425d6c269" testId="8a763212-a2c1-9b80-30a0-ce55951e80b1" testName="ConvertStringWithCodepage_ChangeOneSpecialCharacterAndStringContainsChangedCharacter_Success" computerName="ICSWS068" duration="00:00:00.0003950" startTime="2016-08-04T09:56:40.0262416+02:00" endTime="2016-08-04T09:56:40.0277434+02:00" testType="13cdc9d9-ddb5-4fa4-a97d-d965ccfc6d4b" outcome="Passed" testListId="8c84fa94-04c1-424b-9868-57a2d4851a1d" relativeResultsDirectory="a3c59cca-8d4a-4b14-bc73-248425d6c269" />
    <UnitTestResult executionId="fc95cf80-85eb-4334-930a-1732bae7e7f1" testId="0854737a-2ab0-7146-0d32-9f21f57d21ee" testName="ConvertStringWithCodepage_ChangeThreeCharacterAndStringContainsTwoChangedCharacter_Success" computerName="ICSWS068" duration="00:00:00.0005920" startTime="2016-08-04T09:56:40.0307451+02:00" endTime="2016-08-04T09:56:40.0332503+02:00" testType="13cdc9d9-ddb5-4fa4-a97d-d965ccfc6d4b" outcome="Passed" testListId="8c84fa94-04c1-424b-9868-57a2d4851a1d" relativeResultsDirectory="fc95cf80-85eb-4334-930a-1732bae7e7f1" />
    <UnitTestResult executionId="3e3f49c2-6f61-4d79-857c-d68d545bfbe6" testId="f0ab0040-0223-ca34-0781-13b3d05fd4af" testName="ConvertStringWithCodepage_UnchangedCodePageAndStringIsEmpty_Success" computerName="ICSWS068" duration="00:00:00.0004067" startTime="2016-08-04T09:56:40.0362523+02:00" endTime="2016-08-04T09:56:40.0382537+02:00" testType="13cdc9d9-ddb5-4fa4-a97d-d965ccfc6d4b" outcome="Passed" testListId="8c84fa94-04c1-424b-9868-57a2d4851a1d" relativeResultsDirectory="3e3f49c2-6f61-4d79-857c-d68d545bfbe6" />
    <UnitTestResult executionId="697be128-880c-4390-8e3b-ff9537f0a611" testId="cfc3bcea-b6e2-0853-aaab-3b9e9ea5d638" testName="ConvertStringWithCodepage_UnchangedCodePageAndStringIsNull_Success" computerName="ICSWS068" duration="00:00:00.0004205" startTime="2016-08-04T09:56:40.0412557+02:00" endTime="2016-08-04T09:56:40.0427613+02:00" testType="13cdc9d9-ddb5-4fa4-a97d-d965ccfc6d4b" outcome="Passed" testListId="8c84fa94-04c1-424b-9868-57a2d4851a1d" relativeResultsDirectory="697be128-880c-4390-8e3b-ff9537f0a611" />
    <UnitTestResult executionId="66365bf5-cddc-409b-84bb-6bf4a87cb763" testId="d3200db2-3c33-199c-b5d5-348e0e34cf69" testName="ConvertStringWithCodepage_IgnoreOneCharacterAndStringContainsIgnoredCharacter_Success" computerName="ICSWS068" duration="00:00:00.0004040" startTime="2016-08-04T09:56:40.0452630+02:00" endTime="2016-08-04T09:56:40.0467656+02:00" testType="13cdc9d9-ddb5-4fa4-a97d-d965ccfc6d4b" outcome="Passed" testListId="8c84fa94-04c1-424b-9868-57a2d4851a1d" relativeResultsDirectory="66365bf5-cddc-409b-84bb-6bf4a87cb763" />
    <UnitTestResult executionId="af9adf4b-048e-4f81-adad-acfed5682ed8" testId="71677adc-04e9-d2cd-83d0-b41fbf5036d6" testName="ConvertStringWithCodepage_IgnoreThreeCharacterAndStringContainsTwoIgnoredCharacter_Success" computerName="ICSWS068" duration="00:00:00.0003782" startTime="2016-08-04T09:56:40.0492656+02:00" endTime="2016-08-04T09:56:40.0507685+02:00" testType="13cdc9d9-ddb5-4fa4-a97d-d965ccfc6d4b" outcome="Passed" testListId="8c84fa94-04c1-424b-9868-57a2d4851a1d" relativeResultsDirectory="af9adf4b-048e-4f81-adad-acfed5682ed8" />
    <UnitTestResult executionId="05afb9f0-5120-4359-b61d-86abe11decdb" testId="2d66abbc-0ace-dad4-b671-b02bc018c005" testName="ConvertStringWithCodepage_AllCharacters_Succeeds" computerName="ICSWS068" duration="00:00:00.0013996" startTime="2016-08-04T09:56:40.0537702+02:00" endTime="2016-08-04T09:56:40.0567713+02:00" testType="13cdc9d9-ddb5-4fa4-a97d-d965ccfc6d4b" outcome="Passed" testListId="8c84fa94-04c1-424b-9868-57a2d4851a1d" relativeResultsDirectory="05afb9f0-5120-4359-b61d-86abe11decdb" />
    <UnitTestResult executionId="fc7ad1a3-c081-4eae-b757-87aa76aff2de" testId="d9b46791-161b-c12e-b981-d6d93762ea10" testName="ConvertStringWithCodepage_StringContainsNonAnsiCharacters_CharactersAreStripped" computerName="ICSWS068" duration="00:00:00.0005451" startTime="2016-08-04T09:56:40.0612753+02:00" endTime="2016-08-04T09:56:40.0646058+02:00" testType="13cdc9d9-ddb5-4fa4-a97d-d965ccfc6d4b" outcome="Passed" testListId="8c84fa94-04c1-424b-9868-57a2d4851a1d" relativeResultsDirectory="fc7ad1a3-c081-4eae-b757-87aa76aff2de" />
    <UnitTestResult executionId="bd8e7b23-27c0-454c-8240-ce0ae6d64a91" testId="77fd4a66-76ff-04ad-30e4-b8637f543120" testName="ConvertStringWithCodepage_CodepageNotDefined_ReturnsInvalidOperationError" computerName="ICSWS068" duration="00:00:00.0003788" startTime="2016-08-04T09:56:40.0676078+02:00" endTime="2016-08-04T09:56:40.0691104+02:00" testType="13cdc9d9-ddb5-4fa4-a97d-d965ccfc6d4b" outcome="Passed" testListId="8c84fa94-04c1-424b-9868-57a2d4851a1d" relativeResultsDirectory="bd8e7b23-27c0-454c-8240-ce0ae6d64a91" />
    <UnitTestResult executionId="92cf958b-e52d-43d7-a15e-29e3585e9ba2" testId="75b9f89d-c622-9a9f-8c43-454442dc4515" testName="Init_ProvideValidInputs_SOKReturned" computerName="ICSWS068" duration="00:00:00.2833669" startTime="2016-08-04T09:56:40.0731124+02:00" endTime="2016-08-04T09:56:40.3581993+02:00" testType="13cdc9d9-ddb5-4fa4-a97d-d965ccfc6d4b" outcome="Passed" testListId="8c84fa94-04c1-424b-9868-57a2d4851a1d" relativeResultsDirectory="92cf958b-e52d-43d7-a15e-29e3585e9ba2" />
    <UnitTestResult executionId="280d501a-0cb4-4029-9d74-ae1c7a450479" testId="a218136c-10c6-2af9-e6e4-03a7b4f334a5" testName="CreateEvent_ProvideValidInputs_DispatchWorkerCreateAsyncEventIsCalled" computerName="ICSWS068" duration="00:00:00.0239994" startTime="2016-08-04T09:56:40.3611843+02:00" endTime="2016-08-04T09:56:40.3864320+02:00" testType="13cdc9d9-ddb5-4fa4-a97d-d965ccfc6d4b" outcome="Passed" testListId="8c84fa94-04c1-424b-9868-57a2d4851a1d" relativeResultsDirectory="280d501a-0cb4-4029-9d74-ae1c7a450479" />
    <UnitTestResult executionId="35a52e3f-a1db-416b-9cfe-8073f7924a46" testId="a7e3ecc6-2c6f-cdc0-b05c-9e115ef4f7e1" testName="CreateEvent_ProvideValidInputs_DispatchWorkerCreateSyncEventIsCalled" computerName="ICSWS068" duration="00:00:00.0074226" startTime="2016-08-04T09:56:40.3889337+02:00" endTime="2016-08-04T09:56:40.3979591+02:00" testType="13cdc9d9-ddb5-4fa4-a97d-d965ccfc6d4b" outcome="Passed" testListId="8c84fa94-04c1-424b-9868-57a2d4851a1d" relativeResultsDirectory="35a52e3f-a1db-416b-9cfe-8073f7924a46" />
    <UnitTestResult executionId="bbd6f332-5455-4c6a-af92-d131d1776470" testId="4fa419cd-15c4-dbf6-6848-06b4f6ba2652" testName="CreateEvent_ProvideValidInputsWithoutEarliestExecutionTime_CreateSyncEventExecuteAsSoonAsPossibleIsCalled" computerName="ICSWS068" duration="00:00:00.0075889" startTime="2016-08-04T09:56:40.4004435+02:00" endTime="2016-08-04T09:56:40.4091266+02:00" testType="13cdc9d9-ddb5-4fa4-a97d-d965ccfc6d4b" outcome="Passed" testListId="8c84fa94-04c1-424b-9868-57a2d4851a1d" relativeResultsDirectory="bbd6f332-5455-4c6a-af92-d131d1776470" />
    <UnitTestResult executionId="99694c23-bbce-4b37-8fdd-2086cf0b5e96" testId="e6c9cea6-a2f0-4866-61f8-69789ef4c95c" testName="CreateEvent_ProvideValidInputsWithoutEarliestExecutionTimeAsZero_CreateSyncEventExecuteAsSoonAsPossibleIsCalled" computerName="ICSWS068" duration="00:00:00.0058796" startTime="2016-08-04T09:56:40.4116125+02:00" endTime="2016-08-04T09:56:40.4191203+02:00" testType="13cdc9d9-ddb5-4fa4-a97d-d965ccfc6d4b" outcome="Passed" testListId="8c84fa94-04c1-424b-9868-57a2d4851a1d" relativeResultsDirectory="99694c23-bbce-4b37-8fdd-2086cf0b5e96" />
    <UnitTestResult executionId="32ed55c4-fc7e-4e19-a5dd-7a0a7b2193a5" testId="71775fd5-b749-1ca6-20a3-6c34df018cb9" testName="CreateEvent_ProvideInvalidEarliestExecutionTime_CreateSyncEventReturnsFailed" computerName="ICSWS068" duration="00:00:00.0048564" startTime="2016-08-04T09:56:40.4226229+02:00" endTime="2016-08-04T09:56:40.4286280+02:00" testType="13cdc9d9-ddb5-4fa4-a97d-d965ccfc6d4b" outcome="Passed" testListId="8c84fa94-04c1-424b-9868-57a2d4851a1d" relativeResultsDirectory="32ed55c4-fc7e-4e19-a5dd-7a0a7b2193a5" />
    <UnitTestResult executionId="d5365227-aee4-4447-aa14-ac00349bbd8c" testId="787b4f9c-d2e2-6d12-e36c-7d7fa62949e7" testName="CreateEvent_ProvideNoDispatchWorker_FailedHresultIsReturned" computerName="ICSWS068" duration="00:00:00.0051239" startTime="2016-08-04T09:56:40.4326332+02:00" endTime="2016-08-04T09:56:40.4396396+02:00" testType="13cdc9d9-ddb5-4fa4-a97d-d965ccfc6d4b" outcome="Passed" testListId="8c84fa94-04c1-424b-9868-57a2d4851a1d" relativeResultsDirectory="d5365227-aee4-4447-aa14-ac00349bbd8c" />
    <UnitTestResult executionId="47904855-895c-4e93-8f91-253dc6d9ba4f" testId="0b4da6a1-23b0-08c1-26ba-45b77e865377" testName="CreateEventByName_NoInitIsCalled_FailedHresultIsReturned" computerName="ICSWS068" duration="00:00:00.0046509" startTime="2016-08-04T09:56:40.4436416+02:00" endTime="2016-08-04T09:56:40.4496473+02:00" testType="13cdc9d9-ddb5-4fa4-a97d-d965ccfc6d4b" outcome="Passed" testListId="8c84fa94-04c1-424b-9868-57a2d4851a1d" relativeResultsDirectory="47904855-895c-4e93-8f91-253dc6d9ba4f" />
    <UnitTestResult executionId="a0a0efd8-06f8-44b9-82a1-1824bc517d80" testId="b7b0b86a-f7da-3379-7951-10d0f444e914" testName="CreateEventByName_ProvideValidInputs_GetIdByNameIsCalledOnEventTypeRepository" computerName="ICSWS068" duration="00:00:00.0269489" startTime="2016-08-04T09:56:40.4516485+02:00" endTime="2016-08-04T09:56:40.4811037+02:00" testType="13cdc9d9-ddb5-4fa4-a97d-d965ccfc6d4b" outcome="Passed" testListId="8c84fa94-04c1-424b-9868-57a2d4851a1d" relativeResultsDirectory="a0a0efd8-06f8-44b9-82a1-1824bc517d80" />
    <UnitTestResult executionId="80e2d8d4-e064-4323-993e-b8f76746422b" testId="6a2ed1d0-9798-6fe2-99ee-ee4e71e54eeb" testName="CreateEventByName_ProvideValidInputs_DispatchWorkerCreateSyncEventIsCalled" computerName="ICSWS068" duration="00:00:00.0053189" startTime="2016-08-04T09:56:40.4841224+02:00" endTime="2016-08-04T09:56:40.4906443+02:00" testType="13cdc9d9-ddb5-4fa4-a97d-d965ccfc6d4b" outcome="Passed" testListId="8c84fa94-04c1-424b-9868-57a2d4851a1d" relativeResultsDirectory="80e2d8d4-e064-4323-993e-b8f76746422b" />
    <UnitTestResult executionId="44bbcbf0-ae08-48a2-9d03-618c02c4acd2" testId="e0863638-3b40-ad11-c9b5-c50fc338c94e" testName="CreateEventByName_ProvideNonExistingEventTypeName_FailedHresultIsReturned" computerName="ICSWS068" duration="00:00:00.0046418" startTime="2016-08-04T09:56:40.4931486+02:00" endTime="2016-08-04T09:56:40.4991374+02:00" testType="13cdc9d9-ddb5-4fa4-a97d-d965ccfc6d4b" outcome="Passed" testListId="8c84fa94-04c1-424b-9868-57a2d4851a1d" relativeResultsDirectory="44bbcbf0-ae08-48a2-9d03-618c02c4acd2" />
    <UnitTestResult executionId="83afe096-b71e-4aea-b829-de4562e28216" testId="6ea16d94-2892-d52c-f969-c4658a2b87d5" testName="WriteLogToFileByNode_NoInit_FailedHresultReturned" computerName="ICSWS068" duration="00:00:00.0038878" startTime="2016-08-04T09:56:40.5016376+02:00" endTime="2016-08-04T09:56:40.5071417+02:00" testType="13cdc9d9-ddb5-4fa4-a97d-d965ccfc6d4b" outcome="Passed" testListId="8c84fa94-04c1-424b-9868-57a2d4851a1d" relativeResultsDirectory="83afe096-b71e-4aea-b829-de4562e28216" />
    <UnitTestResult executionId="08fcc8b0-ebff-4e0c-b6a8-c0a60db3e483" testId="57e50b8b-5263-fd7f-500e-2df0d18c6645" testName="WriteLogToFileByNode_InvalidNodeIdProvided_ReturnsSFalse" computerName="ICSWS068" duration="00:00:00.0042494" startTime="2016-08-04T09:56:40.5096448+02:00" endTime="2016-08-04T09:56:40.5151662+02:00" testType="13cdc9d9-ddb5-4fa4-a97d-d965ccfc6d4b" outcome="Passed" testListId="8c84fa94-04c1-424b-9868-57a2d4851a1d" relativeResultsDirectory="08fcc8b0-ebff-4e0c-b6a8-c0a60db3e483" />
    <UnitTestResult executionId="baf1af96-48ff-43c4-aa55-c428ea9890f4" testId="7083919c-d623-ab87-82aa-aa80d162b451" testName="WriteLogToFileByNode_ValidInputProvided_LogEntryRepositoryIsCalled" computerName="ICSWS068" duration="00:00:00.0213546" startTime="2016-08-04T09:56:40.5176526+02:00" endTime="2016-08-04T09:56:40.5406742+02:00" testType="13cdc9d9-ddb5-4fa4-a97d-d965ccfc6d4b" outcome="Passed" testListId="8c84fa94-04c1-424b-9868-57a2d4851a1d" relativeResultsDirectory="baf1af96-48ff-43c4-aa55-c428ea9890f4" />
    <UnitTestResult executionId="5da7f589-4832-4ade-b6e9-144bf4e12b0f" testId="414c8ea7-58b5-add3-f41b-f85959d466c5" testName="WriteLogToFileByNode_ValidInputProvided_LogStreamerServiceIsCalled" computerName="ICSWS068" duration="00:00:00.0048902" startTime="2016-08-04T09:56:40.5441753+02:00" endTime="2016-08-04T09:56:40.5501793+02:00" testType="13cdc9d9-ddb5-4fa4-a97d-d965ccfc6d4b" outcome="Passed" testListId="8c84fa94-04c1-424b-9868-57a2d4851a1d" relativeResultsDirectory="5da7f589-4832-4ade-b6e9-144bf4e12b0f" />
    <UnitTestResult executionId="3e6414a7-ccde-452c-be9c-f3085331eb8e" testId="69d47816-e263-63aa-4516-5fdd8e3131d8" testName="WriteLogToFileByEvent_NoInit_FailedHresultReturned" computerName="ICSWS068" duration="00:00:00.0039125" startTime="2016-08-04T09:56:40.5530286+02:00" endTime="2016-08-04T09:56:40.5580340+02:00" testType="13cdc9d9-ddb5-4fa4-a97d-d965ccfc6d4b" outcome="Passed" testListId="8c84fa94-04c1-424b-9868-57a2d4851a1d" relativeResultsDirectory="3e6414a7-ccde-452c-be9c-f3085331eb8e" />
    <UnitTestResult executionId="388b5924-836e-4a1e-8605-81f7fa95e3c1" testId="03d087ba-fb0c-0405-0815-c5961e496014" testName="WriteLogToFileByEvent_InvalidEventIdProvided_ReturnsSFalse" computerName="ICSWS068" duration="00:00:00.0054394" startTime="2016-08-04T09:56:40.5610346+02:00" endTime="2016-08-04T09:56:40.5685400+02:00" testType="13cdc9d9-ddb5-4fa4-a97d-d965ccfc6d4b" outcome="Passed" testListId="8c84fa94-04c1-424b-9868-57a2d4851a1d" relativeResultsDirectory="388b5924-836e-4a1e-8605-81f7fa95e3c1" />
    <UnitTestResult executionId="c9111551-a531-410f-a450-5551c45b223c" testId="4ddb3aaf-620b-6119-5203-9d99a5ec5985" testName="WriteLogToFileByEvent_ValidInputProvided_LogEntryRepositoryIsCalled" computerName="ICSWS068" duration="00:00:00.0046409" startTime="2016-08-04T09:56:40.5715414+02:00" endTime="2016-08-04T09:56:40.5780786+02:00" testType="13cdc9d9-ddb5-4fa4-a97d-d965ccfc6d4b" outcome="Passed" testListId="8c84fa94-04c1-424b-9868-57a2d4851a1d" relativeResultsDirectory="c9111551-a531-410f-a450-5551c45b223c" />
    <UnitTestResult executionId="8779e358-7049-44ea-9305-7adb8c8ea267" testId="293e09bf-4370-f657-a943-95ff52c4d2e0" testName="WriteLogToFileByEvent_ValidInputProvided_LogStreamerServiceIsCalled" computerName="ICSWS068" duration="00:00:00.0046157" startTime="2016-08-04T09:56:40.5805803+02:00" endTime="2016-08-04T09:56:40.5866010+02:00" testType="13cdc9d9-ddb5-4fa4-a97d-d965ccfc6d4b" outcome="Passed" testListId="8c84fa94-04c1-424b-9868-57a2d4851a1d" relativeResultsDirectory="8779e358-7049-44ea-9305-7adb8c8ea267" />
    <UnitTestResult executionId="fe7209cd-c7b0-4194-8615-2ebfedbfaa14" testId="d9b6cb5f-23bc-9cdb-62a5-798d8bfca7aa" testName="WriteLogToFileByJob_NoInit_FailedHresultReturned" computerName="ICSWS068" duration="00:00:00.0035890" startTime="2016-08-04T09:56:40.5896209+02:00" endTime="2016-08-04T09:56:40.5946636+02:00" testType="13cdc9d9-ddb5-4fa4-a97d-d965ccfc6d4b" outcome="Passed" testListId="8c84fa94-04c1-424b-9868-57a2d4851a1d" relativeResultsDirectory="fe7209cd-c7b0-4194-8615-2ebfedbfaa14" />
    <UnitTestResult executionId="8488ea9b-ac3b-49e1-aad1-ce7f4bc76d36" testId="07fd0f29-9404-fa91-3cf8-fed6882d94ae" testName="WriteLogToFileByJob_InvalidEventIdProvided_ReturnsSFalse" computerName="ICSWS068" duration="00:00:00.0040867" startTime="2016-08-04T09:56:40.5971495+02:00" endTime="2016-08-04T09:56:40.6016532+02:00" testType="13cdc9d9-ddb5-4fa4-a97d-d965ccfc6d4b" outcome="Passed" testListId="8c84fa94-04c1-424b-9868-57a2d4851a1d" relativeResultsDirectory="8488ea9b-ac3b-49e1-aad1-ce7f4bc76d36" />
    <UnitTestResult executionId="21b6a53d-45b5-48b5-b244-c5eca9e87911" testId="737c0125-9510-8625-6a3c-8173c48bf836" testName="WriteLogToFileByJob_ValidInputProvided_LogEntryRepositoryIsCalled" computerName="ICSWS068" duration="00:00:00.0042867" startTime="2016-08-04T09:56:40.6057294+02:00" endTime="2016-08-04T09:56:40.6117173+02:00" testType="13cdc9d9-ddb5-4fa4-a97d-d965ccfc6d4b" outcome="Passed" testListId="8c84fa94-04c1-424b-9868-57a2d4851a1d" relativeResultsDirectory="21b6a53d-45b5-48b5-b244-c5eca9e87911" />
    <UnitTestResult executionId="7c0ed215-a898-4428-a4ec-1e145ef9c4d5" testId="c17f6a5c-a024-8d29-c350-f2f42373e4c3" testName="WriteLogToFileByJob_ValidInputProvided_LogStreamerServiceIsCalled" computerName="ICSWS068" duration="00:00:00.0047198" startTime="2016-08-04T09:56:40.6138466+02:00" endTime="2016-08-04T09:56:40.6288584+02:00" testType="13cdc9d9-ddb5-4fa4-a97d-d965ccfc6d4b" outcome="Passed" testListId="8c84fa94-04c1-424b-9868-57a2d4851a1d" relativeResultsDirectory="7c0ed215-a898-4428-a4ec-1e145ef9c4d5" />
    <UnitTestResult executionId="fe69c318-4dc3-4383-91e1-255d15d3e723" testId="c9da30bd-b41c-d917-0bc9-12a86d34e933" testName="InitTest_NoServiceRegistered_Fails" computerName="ICSWS068" duration="00:00:00.4228378" startTime="2016-08-04T09:56:40.6318592+02:00" endTime="2016-08-04T09:56:41.0560836+02:00" testType="13cdc9d9-ddb5-4fa4-a97d-d965ccfc6d4b" outcome="Passed" testListId="8c84fa94-04c1-424b-9868-57a2d4851a1d" relativeResultsDirectory="fe69c318-4dc3-4383-91e1-255d15d3e723" />
    <UnitTestResult executionId="7fda1449-c816-40da-b49c-19ab09f83e19" testId="c995aa38-4bd0-3e4e-c61a-c4b0a5bda73a" testName="NodeNotInitialized_AllGetsAndSetsFail" computerName="ICSWS068" duration="00:00:00.0110616" startTime="2016-08-04T09:56:41.0585845+02:00" endTime="2016-08-04T09:56:41.0709675+02:00" testType="13cdc9d9-ddb5-4fa4-a97d-d965ccfc6d4b" outcome="Passed" testListId="8c84fa94-04c1-424b-9868-57a2d4851a1d" relativeResultsDirectory="7fda1449-c816-40da-b49c-19ab09f83e19" />
    <UnitTestResult executionId="01958593-961f-4138-871a-a40071e91ea8" testId="f55a2326-ab10-bfb5-3e8b-fe145a1378cd" testName="CreateNodeWithAttribs_UsesRepository_Success" computerName="ICSWS068" duration="00:00:00.0118651" startTime="2016-08-04T09:56:41.0739707+02:00" endTime="2016-08-04T09:56:41.0874796+02:00" testType="13cdc9d9-ddb5-4fa4-a97d-d965ccfc6d4b" outcome="Passed" testListId="8c84fa94-04c1-424b-9868-57a2d4851a1d" relativeResultsDirectory="01958593-961f-4138-871a-a40071e91ea8" />
    <UnitTestResult executionId="72c86ed5-c913-498c-859d-75c9a4c6d917" testId="770c1148-1b8d-5789-3d00-27599cb89a2e" testName="CreateNodeWithAttribs_ValidInput_SetsPropertiesOnNode" computerName="ICSWS068" duration="00:00:00.0362586" startTime="2016-08-04T09:56:41.0904813+02:00" endTime="2016-08-04T09:56:41.1281956+02:00" testType="13cdc9d9-ddb5-4fa4-a97d-d965ccfc6d4b" outcome="Passed" testListId="8c84fa94-04c1-424b-9868-57a2d4851a1d" relativeResultsDirectory="72c86ed5-c913-498c-859d-75c9a4c6d917" />
    <UnitTestResult executionId="4a8dd005-f0a9-4de3-bc52-8ed9f6af7ce2" testId="c13b6bbb-438b-637d-787a-b5ce472cd01a" testName="CreateNodeWithAttribs_NotInitilized_Fails" computerName="ICSWS068" duration="00:00:00.0078364" startTime="2016-08-04T09:56:41.1306982+02:00" endTime="2016-08-04T09:56:41.1402036+02:00" testType="13cdc9d9-ddb5-4fa4-a97d-d965ccfc6d4b" outcome="Passed" testListId="8c84fa94-04c1-424b-9868-57a2d4851a1d" relativeResultsDirectory="4a8dd005-f0a9-4de3-bc52-8ed9f6af7ce2" />
    <UnitTestResult executionId="90f06b1c-f9af-4438-a638-01ed9953e044" testId="8c14a678-7920-5174-f535-8685b5837141" testName="OpenNode_UsesRepository_Succesful" computerName="ICSWS068" duration="00:00:00.0093103" startTime="2016-08-04T09:56:41.1432059+02:00" endTime="2016-08-04T09:56:41.1542324+02:00" testType="13cdc9d9-ddb5-4fa4-a97d-d965ccfc6d4b" outcome="Passed" testListId="8c84fa94-04c1-424b-9868-57a2d4851a1d" relativeResultsDirectory="90f06b1c-f9af-4438-a638-01ed9953e044" />
    <UnitTestResult executionId="0f698b9b-4105-469c-b1da-0c0f3b610b6e" testId="8b2139a4-367b-8b30-334b-4a41d123157a" testName="OpenNode_NotInitilized_Fails" computerName="ICSWS068" duration="00:00:00.0072816" startTime="2016-08-04T09:56:41.1567192+02:00" endTime="2016-08-04T09:56:41.1651454+02:00" testType="13cdc9d9-ddb5-4fa4-a97d-d965ccfc6d4b" outcome="Passed" testListId="8c84fa94-04c1-424b-9868-57a2d4851a1d" relativeResultsDirectory="0f698b9b-4105-469c-b1da-0c0f3b610b6e" />
    <UnitTestResult executionId="a48af8ba-d9ff-4aed-abb6-b4c5c8a182ae" testId="b326aff3-2bfa-5f34-3048-5288d8f6922c" testName="CreateNode_UsesRepository_Succesful" computerName="ICSWS068" duration="00:00:00.0086496" startTime="2016-08-04T09:56:41.1681486+02:00" endTime="2016-08-04T09:56:41.1786387+02:00" testType="13cdc9d9-ddb5-4fa4-a97d-d965ccfc6d4b" outcome="Passed" testListId="8c84fa94-04c1-424b-9868-57a2d4851a1d" relativeResultsDirectory="a48af8ba-d9ff-4aed-abb6-b4c5c8a182ae" />
    <UnitTestResult executionId="1cfc1536-94e7-4e34-ac89-8420de958758" testId="00736008-8b8d-dde9-3901-8492b6b6ffce" testName="CreateNode_ValidInput_SetsPropertiesOnNode" computerName="ICSWS068" duration="00:00:00.0078842" startTime="2016-08-04T09:56:41.1816413+02:00" endTime="2016-08-04T09:56:41.1911494+02:00" testType="13cdc9d9-ddb5-4fa4-a97d-d965ccfc6d4b" outcome="Passed" testListId="8c84fa94-04c1-424b-9868-57a2d4851a1d" relativeResultsDirectory="1cfc1536-94e7-4e34-ac89-8420de958758" />
    <UnitTestResult executionId="a77c6fcf-21d4-433d-b984-c188fdbe1497" testId="d48cea31-17a1-db6a-3233-a5c0320443de" testName="CreateNode_NotInitilized_Fails" computerName="ICSWS068" duration="00:00:00.0079625" startTime="2016-08-04T09:56:41.1938485+02:00" endTime="2016-08-04T09:56:41.2033612+02:00" testType="13cdc9d9-ddb5-4fa4-a97d-d965ccfc6d4b" outcome="Passed" testListId="8c84fa94-04c1-424b-9868-57a2d4851a1d" relativeResultsDirectory="a77c6fcf-21d4-433d-b984-c188fdbe1497" />
    <UnitTestResult executionId="cf771c74-1d88-4d03-a63a-9d1ad3d8a1f0" testId="67871b78-14ea-eeb4-53f4-e5c627ae3b62" testName="DeleteNode_UsesRepository_Success" computerName="ICSWS068" duration="00:00:00.0096786" startTime="2016-08-04T09:56:41.2068635+02:00" endTime="2016-08-04T09:56:41.2178501+02:00" testType="13cdc9d9-ddb5-4fa4-a97d-d965ccfc6d4b" outcome="Passed" testListId="8c84fa94-04c1-424b-9868-57a2d4851a1d" relativeResultsDirectory="cf771c74-1d88-4d03-a63a-9d1ad3d8a1f0" />
    <UnitTestResult executionId="f6b93247-dbb2-4b0d-8c85-d0b065e405b1" testId="e46cb1c6-886a-3aa6-cf4d-37d7f50e224d" testName="DeleteNode_CatchesEntityDependencyExceptionAndCascadeIsFalse_ReturnsS_FALSE" computerName="ICSWS068" duration="00:00:00.0097727" startTime="2016-08-04T09:56:41.2213538+02:00" endTime="2016-08-04T09:56:41.2323762+02:00" testType="13cdc9d9-ddb5-4fa4-a97d-d965ccfc6d4b" outcome="Passed" testListId="8c84fa94-04c1-424b-9868-57a2d4851a1d" relativeResultsDirectory="f6b93247-dbb2-4b0d-8c85-d0b065e405b1" />
    <UnitTestResult executionId="60b05f88-4ef0-451a-912b-6e6bb9e68e4f" testId="03d8fb02-47ce-7e03-b54b-afec960909b2" testName="DeleteNode_CatchesEntityDependencyExceptionAndCascadeIsTrue_ReturnsError" computerName="ICSWS068" duration="00:00:00.0094206" startTime="2016-08-04T09:56:41.2353627+02:00" endTime="2016-08-04T09:56:41.2468707+02:00" testType="13cdc9d9-ddb5-4fa4-a97d-d965ccfc6d4b" outcome="Passed" testListId="8c84fa94-04c1-424b-9868-57a2d4851a1d" relativeResultsDirectory="60b05f88-4ef0-451a-912b-6e6bb9e68e4f" />
    <UnitTestResult executionId="b1e16c3c-e6f1-4936-bdb6-b3f1103c2cd6" testId="7135f1a1-915f-4858-b820-d6438ffe40ab" testName="DeleteNode_NodeNotInitialized_ReturnsError" computerName="ICSWS068" duration="00:00:00.0071798" startTime="2016-08-04T09:56:41.2498727+02:00" endTime="2016-08-04T09:56:41.2584142+02:00" testType="13cdc9d9-ddb5-4fa4-a97d-d965ccfc6d4b" outcome="Passed" testListId="8c84fa94-04c1-424b-9868-57a2d4851a1d" relativeResultsDirectory="b1e16c3c-e6f1-4936-bdb6-b3f1103c2cd6" />
    <UnitTestResult executionId="50453dd1-fa2d-4832-beb7-b308bc62a2a3" testId="57a3176c-d3e2-4f15-4fff-3a13bcd73017" testName="GetNodeFilename_UsesProperty_Success" computerName="ICSWS068" duration="00:00:00.0090493" startTime="2016-08-04T09:56:41.2613992+02:00" endTime="2016-08-04T09:56:41.2714122+02:00" testType="13cdc9d9-ddb5-4fa4-a97d-d965ccfc6d4b" outcome="Passed" testListId="8c84fa94-04c1-424b-9868-57a2d4851a1d" relativeResultsDirectory="50453dd1-fa2d-4832-beb7-b308bc62a2a3" />
    <UnitTestResult executionId="4ce94016-38ea-49cd-bced-3e03571e5ff1" testId="2f769333-7624-f45e-0273-2779ceb8e427" testName="GetNodeFilename_ThrowsException_Fails" computerName="ICSWS068" duration="00:00:00.0081748" startTime="2016-08-04T09:56:41.2744139+02:00" endTime="2016-08-04T09:56:41.2836604+02:00" testType="13cdc9d9-ddb5-4fa4-a97d-d965ccfc6d4b" outcome="Passed" testListId="8c84fa94-04c1-424b-9868-57a2d4851a1d" relativeResultsDirectory="4ce94016-38ea-49cd-bced-3e03571e5ff1" />
    <UnitTestResult executionId="eceb88f1-8581-4c71-b9ee-d05db2448242" testId="ab710820-3565-4fd3-2f6f-78159da5984b" testName="GetNodeDate_UsesProperty_Success" computerName="ICSWS068" duration="00:00:00.0092804" startTime="2016-08-04T09:56:41.2886460+02:00" endTime="2016-08-04T09:56:41.2991593+02:00" testType="13cdc9d9-ddb5-4fa4-a97d-d965ccfc6d4b" outcome="Passed" testListId="8c84fa94-04c1-424b-9868-57a2d4851a1d" relativeResultsDirectory="eceb88f1-8581-4c71-b9ee-d05db2448242" />
    <UnitTestResult executionId="c579edad-51b5-42f5-bdd3-139bfcfcc4c1" testId="f828016c-b471-8c9d-59ab-d0ee4da5726f" testName="GetNodeId_UsesProperty_Success" computerName="ICSWS068" duration="00:00:00.0084124" startTime="2016-08-04T09:56:41.3011765+02:00" endTime="2016-08-04T09:56:41.3114986+02:00" testType="13cdc9d9-ddb5-4fa4-a97d-d965ccfc6d4b" outcome="Passed" testListId="8c84fa94-04c1-424b-9868-57a2d4851a1d" relativeResultsDirectory="c579edad-51b5-42f5-bdd3-139bfcfcc4c1" />
    <UnitTestResult executionId="75a162da-9fd4-4dce-b8fa-e3df20be138d" testId="7860e42b-f2bf-c146-b5e6-71878b0385de" testName="GetNodeType_UsesProperty_Success" computerName="ICSWS068" duration="00:00:00.0088235" startTime="2016-08-04T09:56:41.3140933+02:00" endTime="2016-08-04T09:56:41.3240999+02:00" testType="13cdc9d9-ddb5-4fa4-a97d-d965ccfc6d4b" outcome="Passed" testListId="8c84fa94-04c1-424b-9868-57a2d4851a1d" relativeResultsDirectory="75a162da-9fd4-4dce-b8fa-e3df20be138d" />
    <UnitTestResult executionId="601d67c7-cb5f-4442-acc9-320e41b9d3b1" testId="b783b207-7948-8bdf-189f-32e1347731b8" testName="SetNodeType_SetsPropertyAndUpdatesNode_Success" computerName="ICSWS068" duration="00:00:00.0087197" startTime="2016-08-04T09:56:41.3266166+02:00" endTime="2016-08-04T09:56:41.3366091+02:00" testType="13cdc9d9-ddb5-4fa4-a97d-d965ccfc6d4b" outcome="Passed" testListId="8c84fa94-04c1-424b-9868-57a2d4851a1d" relativeResultsDirectory="601d67c7-cb5f-4442-acc9-320e41b9d3b1" />
    <UnitTestResult executionId="3ce70c4d-8c1d-4285-a9e1-5e3287f35cc1" testId="7c81a761-6c94-dd10-48e6-3c516b16fa74" testName="SetNodeType_UnknownNodeType_Fails" computerName="ICSWS068" duration="00:00:00.0093241" startTime="2016-08-04T09:56:41.3401108+02:00" endTime="2016-08-04T09:56:41.3508305+02:00" testType="13cdc9d9-ddb5-4fa4-a97d-d965ccfc6d4b" outcome="Passed" testListId="8c84fa94-04c1-424b-9868-57a2d4851a1d" relativeResultsDirectory="3ce70c4d-8c1d-4285-a9e1-5e3287f35cc1" />
    <UnitTestResult executionId="0046a7a1-913e-4e62-af7a-9e2309363e10" testId="7b13be2d-5033-abda-0a8e-0a9eb348f151" testName="GetNodeTypeGUID_UsesProperty_Success" computerName="ICSWS068" duration="00:00:00.0085974" startTime="2016-08-04T09:56:41.3538308+02:00" endTime="2016-08-04T09:56:41.3639195+02:00" testType="13cdc9d9-ddb5-4fa4-a97d-d965ccfc6d4b" outcome="Passed" testListId="8c84fa94-04c1-424b-9868-57a2d4851a1d" relativeResultsDirectory="0046a7a1-913e-4e62-af7a-9e2309363e10" />
    <UnitTestResult executionId="fee9afb1-51e1-4385-bf0d-97c2e0febd80" testId="5c471958-688a-bbdb-df2e-8561d3dc3484" testName="SetNodeTypeGUID_SetsPropertyAndUpdatesNode_Success" computerName="ICSWS068" duration="00:00:00.0096402" startTime="2016-08-04T09:56:41.3664209+02:00" endTime="2016-08-04T09:56:41.3774811+02:00" testType="13cdc9d9-ddb5-4fa4-a97d-d965ccfc6d4b" outcome="Passed" testListId="8c84fa94-04c1-424b-9868-57a2d4851a1d" relativeResultsDirectory="fee9afb1-51e1-4385-bf0d-97c2e0febd80" />
    <UnitTestResult executionId="18333cc0-6e59-4788-94a4-5e11b4cc9d27" testId="cedfc6b1-f77d-5644-14c5-2532857a7045" testName="SetNodeTypeGUID_UnknownNodeType_Fails" computerName="ICSWS068" duration="00:00:00.0089440" startTime="2016-08-04T09:56:41.3799673+02:00" endTime="2016-08-04T09:56:41.3899929+02:00" testType="13cdc9d9-ddb5-4fa4-a97d-d965ccfc6d4b" outcome="Passed" testListId="8c84fa94-04c1-424b-9868-57a2d4851a1d" relativeResultsDirectory="18333cc0-6e59-4788-94a4-5e11b4cc9d27" />
    <UnitTestResult executionId="699717f9-f516-489d-83a9-4e071ace7b35" testId="d21f7bd2-3fa1-4340-0a61-aad39c4164ad" testName="GetNodeTypeVersion_UsesProperty_Success" computerName="ICSWS068" duration="00:00:00.0083786" startTime="2016-08-04T09:56:41.3924943+02:00" endTime="2016-08-04T09:56:41.4025053+02:00" testType="13cdc9d9-ddb5-4fa4-a97d-d965ccfc6d4b" outcome="Passed" testListId="8c84fa94-04c1-424b-9868-57a2d4851a1d" relativeResultsDirectory="699717f9-f516-489d-83a9-4e071ace7b35" />
    <UnitTestResult executionId="c0c0c80c-140e-47d0-a1ce-517abb753c76" testId="a09f0bdb-57e6-e39f-6c40-e0cabf1f57a3" testName="SetNodeTypeVersion_SetsPropertyAndUpdatesNode_Success" computerName="ICSWS068" duration="00:00:00.0089643" startTime="2016-08-04T09:56:41.4060278+02:00" endTime="2016-08-04T09:56:41.4165373+02:00" testType="13cdc9d9-ddb5-4fa4-a97d-d965ccfc6d4b" outcome="Passed" testListId="8c84fa94-04c1-424b-9868-57a2d4851a1d" relativeResultsDirectory="c0c0c80c-140e-47d0-a1ce-517abb753c76" />
    <UnitTestResult executionId="e59c9f6c-24c5-46df-b90a-6021ce66b99b" testId="c73f50f2-1292-6f13-e810-5216f6e2d0e8" testName="SetNodeTypeVersion_UnknownNodeTypeVersion_Fails" computerName="ICSWS068" duration="00:00:00.0090713" startTime="2016-08-04T09:56:41.4195220+02:00" endTime="2016-08-04T09:56:41.4305301+02:00" testType="13cdc9d9-ddb5-4fa4-a97d-d965ccfc6d4b" outcome="Passed" testListId="8c84fa94-04c1-424b-9868-57a2d4851a1d" relativeResultsDirectory="e59c9f6c-24c5-46df-b90a-6021ce66b99b" />
    <UnitTestResult executionId="bc0ca5fe-a05c-40fa-86ba-9e6f7432b834" testId="633c5c88-92db-604c-244a-f18318173f67" testName="GetNodeTypeVersionGUID_UsesProperty_Success" computerName="ICSWS068" duration="00:00:00.0085681" startTime="2016-08-04T09:56:41.4330335+02:00" endTime="2016-08-04T09:56:41.4430559+02:00" testType="13cdc9d9-ddb5-4fa4-a97d-d965ccfc6d4b" outcome="Passed" testListId="8c84fa94-04c1-424b-9868-57a2d4851a1d" relativeResultsDirectory="bc0ca5fe-a05c-40fa-86ba-9e6f7432b834" />
    <UnitTestResult executionId="19a0d3da-1631-451f-ab4a-35f8d8ba33e1" testId="0d137c5a-2553-95d0-a0ef-b65ebe8b0a5a" testName="SetNodeTypeVersionGUID_SetsPropertyAndUpdatesNode_Success" computerName="ICSWS068" duration="00:00:00.0086795" startTime="2016-08-04T09:56:41.4455747+02:00" endTime="2016-08-04T09:56:41.4555672+02:00" testType="13cdc9d9-ddb5-4fa4-a97d-d965ccfc6d4b" outcome="Passed" testListId="8c84fa94-04c1-424b-9868-57a2d4851a1d" relativeResultsDirectory="19a0d3da-1631-451f-ab4a-35f8d8ba33e1" />
    <UnitTestResult executionId="325fc5d3-cd3d-4276-a50d-5d746d3caa57" testId="30e9a418-40c8-15b3-c4db-3c0e8fe74e2b" testName="SetNodeTypeVersionGUID_UnknownNodeTypeVersion_Fails" computerName="ICSWS068" duration="00:00:00.0090742" startTime="2016-08-04T09:56:41.4580856+02:00" endTime="2016-08-04T09:56:41.4684974+02:00" testType="13cdc9d9-ddb5-4fa4-a97d-d965ccfc6d4b" outcome="Passed" testListId="8c84fa94-04c1-424b-9868-57a2d4851a1d" relativeResultsDirectory="325fc5d3-cd3d-4276-a50d-5d746d3caa57" />
    <UnitTestResult executionId="1fabc4f2-7502-40c5-baf6-efa498c9be8e" testId="789df95a-afaf-659c-065e-ef4f44acaf96" testName="GetNodePartnerId_UsesProperty_Success" computerName="ICSWS068" duration="00:00:00.0082986" startTime="2016-08-04T09:56:41.4715006+02:00" endTime="2016-08-04T09:56:41.4810245+02:00" testType="13cdc9d9-ddb5-4fa4-a97d-d965ccfc6d4b" outcome="Passed" testListId="8c84fa94-04c1-424b-9868-57a2d4851a1d" relativeResultsDirectory="1fabc4f2-7502-40c5-baf6-efa498c9be8e" />
    <UnitTestResult executionId="0f984239-5e8d-45ec-af24-b66818c006cf" testId="02a28b08-3a36-71be-29a6-e74ac52ac6ea" testName="SetNodePartnerId_SetsPropertyAndUpdatesNode_Success" computerName="ICSWS068" duration="00:00:00.0089311" startTime="2016-08-04T09:56:41.4840110+02:00" endTime="2016-08-04T09:56:41.4940378+02:00" testType="13cdc9d9-ddb5-4fa4-a97d-d965ccfc6d4b" outcome="Passed" testListId="8c84fa94-04c1-424b-9868-57a2d4851a1d" relativeResultsDirectory="0f984239-5e8d-45ec-af24-b66818c006cf" />
    <UnitTestResult executionId="60750b56-2eed-4cad-82ba-54989423dcf2" testId="5f80ab9a-2f6f-ae3a-b479-3fa9e3a9f3be" testName="SetNodePartnerId_UnknownPartner_Fails" computerName="ICSWS068" duration="00:00:00.0090716" startTime="2016-08-04T09:56:41.4970231+02:00" endTime="2016-08-04T09:56:41.5070675+02:00" testType="13cdc9d9-ddb5-4fa4-a97d-d965ccfc6d4b" outcome="Passed" testListId="8c84fa94-04c1-424b-9868-57a2d4851a1d" relativeResultsDirectory="60750b56-2eed-4cad-82ba-54989423dcf2" />
    <UnitTestResult executionId="604731c1-874c-4d71-b1f3-55b7171873b5" testId="9ea768e4-139a-d113-7e09-f7563f2a32c4" testName="GetRetain_UsesProperty_Success" computerName="ICSWS068" duration="00:00:00.0097402" startTime="2016-08-04T09:56:41.5100525+02:00" endTime="2016-08-04T09:56:41.5210619+02:00" testType="13cdc9d9-ddb5-4fa4-a97d-d965ccfc6d4b" outcome="Passed" testListId="8c84fa94-04c1-424b-9868-57a2d4851a1d" relativeResultsDirectory="604731c1-874c-4d71-b1f3-55b7171873b5" />
    <UnitTestResult executionId="abd8cc1d-b047-4522-a18f-6de1fb2bd1c0" testId="b6ad9e98-7f3b-d817-b45c-30e8956fb963" testName="SetRetain_SetsPropertyAndUpdatesNode_Success" computerName="ICSWS068" duration="00:00:00.0083795" startTime="2016-08-04T09:56:41.5235804+02:00" endTime="2016-08-04T09:56:41.5335881+02:00" testType="13cdc9d9-ddb5-4fa4-a97d-d965ccfc6d4b" outcome="Passed" testListId="8c84fa94-04c1-424b-9868-57a2d4851a1d" relativeResultsDirectory="abd8cc1d-b047-4522-a18f-6de1fb2bd1c0" />
    <UnitTestResult executionId="252ede9d-d905-4fa7-9ab5-5a2ce9a878f9" testId="f8e947cf-427b-a46d-cc48-dd9c717cbfe1" testName="GetName_UsesProperty_Success" computerName="ICSWS068" duration="00:00:00.0083986" startTime="2016-08-04T09:56:41.5360728+02:00" endTime="2016-08-04T09:56:41.5460211+02:00" testType="13cdc9d9-ddb5-4fa4-a97d-d965ccfc6d4b" outcome="Passed" testListId="8c84fa94-04c1-424b-9868-57a2d4851a1d" relativeResultsDirectory="252ede9d-d905-4fa7-9ab5-5a2ce9a878f9" />
    <UnitTestResult executionId="15e8e43b-aef7-4e30-b4cf-501210832e60" testId="50a5837f-6fd2-6867-01aa-593a422a16a6" testName="SetName_SetsPropertyAndUpdatesNode_Success" computerName="ICSWS068" duration="00:00:00.0085091" startTime="2016-08-04T09:56:41.5485236+02:00" endTime="2016-08-04T09:56:41.5590205+02:00" testType="13cdc9d9-ddb5-4fa4-a97d-d965ccfc6d4b" outcome="Passed" testListId="8c84fa94-04c1-424b-9868-57a2d4851a1d" relativeResultsDirectory="15e8e43b-aef7-4e30-b4cf-501210832e60" />
    <UnitTestResult executionId="8b8fa8d4-b131-4ed2-9a1c-3aede3c6f5ff" testId="c0a35d43-14a3-a9ca-3747-63f347bb583c" testName="AddRelation_ParentChild" computerName="ICSWS068" duration="00:00:00.0674564" startTime="2016-08-04T09:56:41.5615387+02:00" endTime="2016-08-04T09:56:41.6305522+02:00" testType="13cdc9d9-ddb5-4fa4-a97d-d965ccfc6d4b" outcome="Passed" testListId="8c84fa94-04c1-424b-9868-57a2d4851a1d" relativeResultsDirectory="8b8fa8d4-b131-4ed2-9a1c-3aede3c6f5ff" />
    <UnitTestResult executionId="343fd393-a0cd-4e35-a330-1b3d7616f71f" testId="64287834-b2f5-f747-a4e2-331a6f75e621" testName="AddRelation_Associations" computerName="ICSWS068" duration="00:00:00.0102651" startTime="2016-08-04T09:56:41.6330386+02:00" endTime="2016-08-04T09:56:41.6444200+02:00" testType="13cdc9d9-ddb5-4fa4-a97d-d965ccfc6d4b" outcome="Passed" testListId="8c84fa94-04c1-424b-9868-57a2d4851a1d" relativeResultsDirectory="343fd393-a0cd-4e35-a330-1b3d7616f71f" />
    <UnitTestResult executionId="402a38d4-399d-47ec-9db3-bfc51be2914a" testId="1e0fa85b-735f-3cc4-0d99-37f25443754e" testName="AddRelation_ParentChild_KeepExisting" computerName="ICSWS068" duration="00:00:00.0298039" startTime="2016-08-04T09:56:41.6474058+02:00" endTime="2016-08-04T09:56:41.6784657+02:00" testType="13cdc9d9-ddb5-4fa4-a97d-d965ccfc6d4b" outcome="Passed" testListId="8c84fa94-04c1-424b-9868-57a2d4851a1d" relativeResultsDirectory="402a38d4-399d-47ec-9db3-bfc51be2914a" />
    <UnitTestResult executionId="9f0d24bb-60cd-43cb-93a3-a089e2d15bca" testId="c2e27ef9-1e7f-db7c-566d-6148452c06d6" testName="AddRelation_ParentChild_KeepExisting_NonExisted" computerName="ICSWS068" duration="00:00:00.0096581" startTime="2016-08-04T09:56:41.6809501+02:00" endTime="2016-08-04T09:56:41.6914758+02:00" testType="13cdc9d9-ddb5-4fa4-a97d-d965ccfc6d4b" outcome="Passed" testListId="8c84fa94-04c1-424b-9868-57a2d4851a1d" relativeResultsDirectory="9f0d24bb-60cd-43cb-93a3-a089e2d15bca" />
    <UnitTestResult executionId="d4f1e7d1-8525-4a3a-800b-0415108b4fa9" testId="42ec7ee1-e755-a6b1-efa6-c82a9ad19f11" testName="AddRelation_Relative_KeepExisting" computerName="ICSWS068" duration="00:00:00.0107232" startTime="2016-08-04T09:56:41.6947801+02:00" endTime="2016-08-04T09:56:41.7068063+02:00" testType="13cdc9d9-ddb5-4fa4-a97d-d965ccfc6d4b" outcome="Passed" testListId="8c84fa94-04c1-424b-9868-57a2d4851a1d" relativeResultsDirectory="d4f1e7d1-8525-4a3a-800b-0415108b4fa9" />
    <UnitTestResult executionId="0b3a8d4f-5934-40fb-a64f-e3fef16c2fc5" testId="d72283ad-2c1e-4ef0-4181-cf6bb995ed82" testName="AddRelation_Relative_KeepExisting_NonExisted" computerName="ICSWS068" duration="00:00:00.0096027" startTime="2016-08-04T09:56:41.7093080+02:00" endTime="2016-08-04T09:56:41.7203061+02:00" testType="13cdc9d9-ddb5-4fa4-a97d-d965ccfc6d4b" outcome="Passed" testListId="8c84fa94-04c1-424b-9868-57a2d4851a1d" relativeResultsDirectory="0b3a8d4f-5934-40fb-a64f-e3fef16c2fc5" />
    <UnitTestResult executionId="56005618-eb5d-4b5e-be71-0db71fdc744c" testId="2e80dc45-41f1-1ad7-26ed-223d1aee5c4e" testName="AddRelation_Relative_AlreadyExisted_Fails" computerName="ICSWS068" duration="00:00:00.0097525" startTime="2016-08-04T09:56:41.7233087+02:00" endTime="2016-08-04T09:56:41.7343302+02:00" testType="13cdc9d9-ddb5-4fa4-a97d-d965ccfc6d4b" outcome="Passed" testListId="8c84fa94-04c1-424b-9868-57a2d4851a1d" relativeResultsDirectory="56005618-eb5d-4b5e-be71-0db71fdc744c" />
    <UnitTestResult executionId="fd19fbe4-4455-4f76-85aa-3674563794e0" testId="ae34a92e-125f-b434-d916-ffeb7e3ae030" testName="AddRelation_Relative_OtherNodeDoesNotExist_Failse" computerName="ICSWS068" duration="00:00:00.0080059" startTime="2016-08-04T09:56:41.7373166+02:00" endTime="2016-08-04T09:56:41.7466781+02:00" testType="13cdc9d9-ddb5-4fa4-a97d-d965ccfc6d4b" outcome="Passed" testListId="8c84fa94-04c1-424b-9868-57a2d4851a1d" relativeResultsDirectory="fd19fbe4-4455-4f76-85aa-3674563794e0" />
    <UnitTestResult executionId="cf5c8adb-61d0-4309-b013-40f3f1bb3407" testId="ff40ded6-9066-e675-63b0-65953c95b58f" testName="GetAttrib_ValidInput_UsesRepository" computerName="ICSWS068" duration="00:00:00.0144638" startTime="2016-08-04T09:56:41.7513401+02:00" endTime="2016-08-04T09:56:41.7778681+02:00" testType="13cdc9d9-ddb5-4fa4-a97d-d965ccfc6d4b" outcome="Passed" testListId="8c84fa94-04c1-424b-9868-57a2d4851a1d" relativeResultsDirectory="cf5c8adb-61d0-4309-b013-40f3f1bb3407" />
    <UnitTestResult executionId="a58a5be0-4bb2-46f9-8d61-36410e851d9b" testId="1bb05583-94e2-f189-ffbc-c24f9859174d" testName="GetAttribString_EmptyId_ReturnsError" computerName="ICSWS068" duration="00:00:00.0073297" startTime="2016-08-04T09:56:41.7803687+02:00" endTime="2016-08-04T09:56:41.7893776+02:00" testType="13cdc9d9-ddb5-4fa4-a97d-d965ccfc6d4b" outcome="Passed" testListId="8c84fa94-04c1-424b-9868-57a2d4851a1d" relativeResultsDirectory="a58a5be0-4bb2-46f9-8d61-36410e851d9b" />
    <UnitTestResult executionId="b05b6ded-172a-438f-8d9d-4dbc2151e427" testId="60a8ece8-eb60-718f-f450-ea987393b08c" testName="GetAttribString_NotRelevantAttribute_ReturnsDefaultValue" computerName="ICSWS068" duration="00:00:00.0081959" startTime="2016-08-04T09:56:41.7923805+02:00" endTime="2016-08-04T09:56:41.8018915+02:00" testType="13cdc9d9-ddb5-4fa4-a97d-d965ccfc6d4b" outcome="Passed" testListId="8c84fa94-04c1-424b-9868-57a2d4851a1d" relativeResultsDirectory="b05b6ded-172a-438f-8d9d-4dbc2151e427" />
    <UnitTestResult executionId="8e74184a-b100-4209-9477-1a28f30c9a1d" testId="b021910f-3a7b-e1b0-adf5-052287ad6ed6" testName="GetAttribLong_EmptyId_ReturnsError" computerName="ICSWS068" duration="00:00:00.0075021" startTime="2016-08-04T09:56:41.8048952+02:00" endTime="2016-08-04T09:56:41.8139027+02:00" testType="13cdc9d9-ddb5-4fa4-a97d-d965ccfc6d4b" outcome="Passed" testListId="8c84fa94-04c1-424b-9868-57a2d4851a1d" relativeResultsDirectory="8e74184a-b100-4209-9477-1a28f30c9a1d" />
    <UnitTestResult executionId="86897002-419c-4afa-9c4d-fc082c28d1fe" testId="8f541421-efe7-5d2b-3f66-189b5b9087ba" testName="GetAttribDouble_EmptyId_ReturnsError" computerName="ICSWS068" duration="00:00:00.0087566" startTime="2016-08-04T09:56:41.8169041+02:00" endTime="2016-08-04T09:56:41.8269119+02:00" testType="13cdc9d9-ddb5-4fa4-a97d-d965ccfc6d4b" outcome="Passed" testListId="8c84fa94-04c1-424b-9868-57a2d4851a1d" relativeResultsDirectory="86897002-419c-4afa-9c4d-fc082c28d1fe" />
    <UnitTestResult executionId="a111b3ec-0c0a-4504-a7a0-9d417cc5fe73" testId="b837a5f7-acc6-af02-d2e3-ecad8898657c" testName="GetAttribStringFromAttribName_ValidInput_Success" computerName="ICSWS068" duration="00:00:00.0548526" startTime="2016-08-04T09:56:41.8299148+02:00" endTime="2016-08-04T09:56:41.8862616+02:00" testType="13cdc9d9-ddb5-4fa4-a97d-d965ccfc6d4b" outcome="Passed" testListId="8c84fa94-04c1-424b-9868-57a2d4851a1d" relativeResultsDirectory="a111b3ec-0c0a-4504-a7a0-9d417cc5fe73" />
    <UnitTestResult executionId="a358120a-5c34-4d46-92d5-b2a7b0d5b658" testId="47778211-e4a7-b4ae-1b18-818d82b735ea" testName="GetAttribStringFromAttribName_AttributeNotFound_ReturnsError" computerName="ICSWS068" duration="00:00:00.0080417" startTime="2016-08-04T09:56:41.8892639+02:00" endTime="2016-08-04T09:56:41.8983071+02:00" testType="13cdc9d9-ddb5-4fa4-a97d-d965ccfc6d4b" outcome="Passed" testListId="8c84fa94-04c1-424b-9868-57a2d4851a1d" relativeResultsDirectory="a358120a-5c34-4d46-92d5-b2a7b0d5b658" />
    <UnitTestResult executionId="7be36af9-2292-4ebb-86c1-a77707aced34" testId="1b307421-ffcc-79ca-6b37-bdf7dfffa024" testName="GetAttribStringFromAttribName_PredefinedNames_Success" computerName="ICSWS068" duration="00:00:00.0084417" startTime="2016-08-04T09:56:41.9012918+02:00" endTime="2016-08-04T09:56:41.9110371+02:00" testType="13cdc9d9-ddb5-4fa4-a97d-d965ccfc6d4b" outcome="Passed" testListId="8c84fa94-04c1-424b-9868-57a2d4851a1d" relativeResultsDirectory="7be36af9-2292-4ebb-86c1-a77707aced34" />
    <UnitTestResult executionId="55a3241f-7030-478d-9b8f-84e73c872a8c" testId="deb4a77a-7aa8-baad-2c6b-0a69893fbc1a" testName="SetAttrib_ValidInput_UsesRepository" computerName="ICSWS068" duration="00:00:00.0099223" startTime="2016-08-04T09:56:41.9135383+02:00" endTime="2016-08-04T09:56:41.9245466+02:00" testType="13cdc9d9-ddb5-4fa4-a97d-d965ccfc6d4b" outcome="Passed" testListId="8c84fa94-04c1-424b-9868-57a2d4851a1d" relativeResultsDirectory="55a3241f-7030-478d-9b8f-84e73c872a8c" />
    <UnitTestResult executionId="36c8a043-efec-4be9-8a19-cdf7a964e040" testId="5eb93e91-5592-e00c-f3a9-e5d519d7bf77" testName="SetAttribString_EmptyId_ReturnsError" computerName="ICSWS068" duration="00:00:00.0071675" startTime="2016-08-04T09:56:41.9270483+02:00" endTime="2016-08-04T09:56:41.9355710+02:00" testType="13cdc9d9-ddb5-4fa4-a97d-d965ccfc6d4b" outcome="Passed" testListId="8c84fa94-04c1-424b-9868-57a2d4851a1d" relativeResultsDirectory="36c8a043-efec-4be9-8a19-cdf7a964e040" />
    <UnitTestResult executionId="855e7527-10bd-4d62-b610-f27fad73bdb4" testId="65b837fb-de85-8cf4-cf52-17010dc7e192" testName="SetAttribLong_EmptyId_ReturnsError" computerName="ICSWS068" duration="00:00:00.0072980" startTime="2016-08-04T09:56:41.9385563+02:00" endTime="2016-08-04T09:56:41.9471767+02:00" testType="13cdc9d9-ddb5-4fa4-a97d-d965ccfc6d4b" outcome="Passed" testListId="8c84fa94-04c1-424b-9868-57a2d4851a1d" relativeResultsDirectory="855e7527-10bd-4d62-b610-f27fad73bdb4" />
    <UnitTestResult executionId="c81ac424-7bd6-4a22-81fb-092d31f0d07a" testId="e9f49daa-df98-28b4-128c-c8fb4cc3b1e8" testName="SetAttribDouble_EmptyId_ReturnsError" computerName="ICSWS068" duration="00:00:00.0074215" startTime="2016-08-04T09:56:41.9501582+02:00" endTime="2016-08-04T09:56:41.9587008+02:00" testType="13cdc9d9-ddb5-4fa4-a97d-d965ccfc6d4b" outcome="Passed" testListId="8c84fa94-04c1-424b-9868-57a2d4851a1d" relativeResultsDirectory="c81ac424-7bd6-4a22-81fb-092d31f0d07a" />
    <UnitTestResult executionId="2c393347-dde1-4284-a445-7f79c8ed4fb3" testId="50cf3432-b8d3-69ef-f28e-0334788df52c" testName="SetAttribStringFromAttribName_ValidInput_Success" computerName="ICSWS068" duration="00:00:00.0114422" startTime="2016-08-04T09:56:41.9611855+02:00" endTime="2016-08-04T09:56:41.9745023+02:00" testType="13cdc9d9-ddb5-4fa4-a97d-d965ccfc6d4b" outcome="Passed" testListId="8c84fa94-04c1-424b-9868-57a2d4851a1d" relativeResultsDirectory="2c393347-dde1-4284-a445-7f79c8ed4fb3" />
    <UnitTestResult executionId="db717d12-e71c-4df1-85da-4ec98f7b22ee" testId="258b34c0-9575-4534-617c-9264f3d4aa3b" testName="SetAttribStringFromAttribName_AttributeNotFound_ReturnsError" computerName="ICSWS068" duration="00:00:00.0078763" startTime="2016-08-04T09:56:41.9774859+02:00" endTime="2016-08-04T09:56:41.9864924+02:00" testType="13cdc9d9-ddb5-4fa4-a97d-d965ccfc6d4b" outcome="Passed" testListId="8c84fa94-04c1-424b-9868-57a2d4851a1d" relativeResultsDirectory="db717d12-e71c-4df1-85da-4ec98f7b22ee" />
    <UnitTestResult executionId="85beb44d-0305-452c-bd6b-79891ee1caf9" testId="1b391a6f-c135-7e4e-64a5-c1ab59a7e443" testName="SetAttribStringFromAttribName_PredefinedNames_Success" computerName="ICSWS068" duration="00:00:00.0096091" startTime="2016-08-04T09:56:41.9890109+02:00" endTime="2016-08-04T09:56:42.0000025+02:00" testType="13cdc9d9-ddb5-4fa4-a97d-d965ccfc6d4b" outcome="Passed" testListId="8c84fa94-04c1-424b-9868-57a2d4851a1d" relativeResultsDirectory="85beb44d-0305-452c-bd6b-79891ee1caf9" />
    <UnitTestResult executionId="16ff0749-0ce4-41e3-aa6b-ad1a3beb53d7" testId="3ac9ebc3-499c-e2e0-0955-215107a70d18" testName="DeleteEvent_ProvideBookmark_DeleteEventByBookMarkIsCalledOnRepository" computerName="ICSWS068" duration="00:00:00.0037787" startTime="2016-08-04T09:56:42.0027974+02:00" endTime="2016-08-04T09:56:42.0078041+02:00" testType="13cdc9d9-ddb5-4fa4-a97d-d965ccfc6d4b" outcome="Passed" testListId="8c84fa94-04c1-424b-9868-57a2d4851a1d" relativeResultsDirectory="16ff0749-0ce4-41e3-aa6b-ad1a3beb53d7" />
    <UnitTestResult executionId="26e74ee9-dcb2-45cb-910b-eeb3c22f9fcc" testId="15a9b385-4a17-c690-317a-d48b84bff00b" testName="DeleteEvent_NoBookmarkProvided_NoDeleteEventByBookMarkIsCalledOnRepository" computerName="ICSWS068" duration="00:00:00.0015143" startTime="2016-08-04T09:56:42.0108052+02:00" endTime="2016-08-04T09:56:42.0138266+02:00" testType="13cdc9d9-ddb5-4fa4-a97d-d965ccfc6d4b" outcome="Passed" testListId="8c84fa94-04c1-424b-9868-57a2d4851a1d" relativeResultsDirectory="26e74ee9-dcb2-45cb-910b-eeb3c22f9fcc" />
    <UnitTestResult executionId="0071b44c-0bd6-460e-932c-208225ecc08b" testId="e64b7e6c-c665-361b-3fba-f820e40e73be" testName="SetCacheOptions_ValidValuesProvided_SetPoolOptionIsCalledOnDispatchWorker" computerName="ICSWS068" duration="00:00:00.0164078" startTime="2016-08-04T09:56:42.0158283+02:00" endTime="2016-08-04T09:56:42.0333406+02:00" testType="13cdc9d9-ddb5-4fa4-a97d-d965ccfc6d4b" outcome="Passed" testListId="8c84fa94-04c1-424b-9868-57a2d4851a1d" relativeResultsDirectory="0071b44c-0bd6-460e-932c-208225ecc08b" />
    <UnitTestResult executionId="be11dceb-5caf-4b75-b9c0-492dc221b681" testId="45a399a6-cd02-1abe-1f00-beebf93096d3" testName="SetCacheOptions_NoDispatchWorkerProvided_FailedHresultIsReturned" computerName="ICSWS068" duration="00:00:00.0019703" startTime="2016-08-04T09:56:42.0363259+02:00" endTime="2016-08-04T09:56:42.0393458+02:00" testType="13cdc9d9-ddb5-4fa4-a97d-d965ccfc6d4b" outcome="Passed" testListId="8c84fa94-04c1-424b-9868-57a2d4851a1d" relativeResultsDirectory="be11dceb-5caf-4b75-b9c0-492dc221b681" />
    <UnitTestResult executionId="50a8ed72-fad5-4748-8346-9bd4315a6025" testId="07611a2a-98a5-1e5f-ce6b-ba98f316b6b4" testName="GetFormat_ScriptTimeFormat_ReturnsNotNull" computerName="ICSWS068" duration="00:00:00.0002431" startTime="2016-08-04T09:56:42.0427622+02:00" endTime="2016-08-04T09:56:42.0442660+02:00" testType="13cdc9d9-ddb5-4fa4-a97d-d965ccfc6d4b" outcome="Passed" testListId="8c84fa94-04c1-424b-9868-57a2d4851a1d" relativeResultsDirectory="50a8ed72-fad5-4748-8346-9bd4315a6025" />
    <UnitTestResult executionId="89a9e8cb-df68-4aa7-967a-fd00abc6e786" testId="14376060-3ce8-b316-1e5d-3514de2cdb11" testName="Format_ProvidingScriptDateString_DateTimeFormatReturned" computerName="ICSWS068" duration="00:00:00.0001510" startTime="2016-08-04T09:56:42.0475413+02:00" endTime="2016-08-04T09:56:42.0485594+02:00" testType="13cdc9d9-ddb5-4fa4-a97d-d965ccfc6d4b" outcome="Passed" testListId="8c84fa94-04c1-424b-9868-57a2d4851a1d" relativeResultsDirectory="89a9e8cb-df68-4aa7-967a-fd00abc6e786" />
    <UnitTestResult executionId="b2165af5-18af-43d3-8933-c1e184e37f06" testId="e801c68b-14fe-7f77-b9ad-b18bbcbc4863" testName="Format_ProvidingNullAsInputScriptDateTimeString_ArgumentNullException" computerName="ICSWS068" duration="00:00:00.0017943" startTime="2016-08-04T09:56:42.0510438+02:00" endTime="2016-08-04T09:56:42.0540505+02:00" testType="13cdc9d9-ddb5-4fa4-a97d-d965ccfc6d4b" outcome="Passed" testListId="8c84fa94-04c1-424b-9868-57a2d4851a1d" relativeResultsDirectory="b2165af5-18af-43d3-8933-c1e184e37f06" />
    <UnitTestResult executionId="a9f93a2a-b7f7-461d-b31b-a6629b5b47e8" testId="a93b667b-6397-22a0-0fba-67c15a93fc3e" testName="Format_ProvidingInvalidInputScriptDateTimeString_FormatException" computerName="ICSWS068" duration="00:00:00.0006196" startTime="2016-08-04T09:56:42.0565540+02:00" endTime="2016-08-04T09:56:42.0585543+02:00" testType="13cdc9d9-ddb5-4fa4-a97d-d965ccfc6d4b" outcome="Passed" testListId="8c84fa94-04c1-424b-9868-57a2d4851a1d" relativeResultsDirectory="a9f93a2a-b7f7-461d-b31b-a6629b5b47e8" />
    <UnitTestResult executionId="8c3ed85b-cf93-48b1-8dcd-08237d176a74" testId="34c6bb8e-a4a0-7698-6839-1ae3a8004d0c" testName="Format_ProvidingInputScriptDateTimeString_FormatCanBeParsedByDateTime" computerName="ICSWS068" duration="00:00:00.0003665" startTime="2016-08-04T09:56:42.0610712+02:00" endTime="2016-08-04T09:56:42.0626979+02:00" testType="13cdc9d9-ddb5-4fa4-a97d-d965ccfc6d4b" outcome="Passed" testListId="8c84fa94-04c1-424b-9868-57a2d4851a1d" relativeResultsDirectory="8c3ed85b-cf93-48b1-8dcd-08237d176a74" />
    <UnitTestResult executionId="12f364fb-6564-41e4-8854-c1188ae1e2b8" testId="386a7bee-565f-e627-5018-f16b1f2e5ab7" testName="GetSchemaPath_DictionaryIsEmpty_ThrowsException" computerName="ICSWS068" duration="00:00:00.0360287" startTime="2016-08-04T09:56:42.0652014+02:00" endTime="2016-08-04T09:56:42.1027142+02:00" testType="13cdc9d9-ddb5-4fa4-a97d-d965ccfc6d4b" outcome="Passed" testListId="8c84fa94-04c1-424b-9868-57a2d4851a1d" relativeResultsDirectory="12f364fb-6564-41e4-8854-c1188ae1e2b8" />
    <UnitTestResult executionId="37463a17-99a7-43ac-b41e-bd4e1eb11f72" testId="c97798b7-fb10-aea3-6cf0-39bf63a8e14d" testName="GetSchemaPath_DictionaryDoesNotContainRequestedSchema_ThrowsException" computerName="ICSWS068" duration="00:00:00.0015075" startTime="2016-08-04T09:56:42.1062186+02:00" endTime="2016-08-04T09:56:42.1087217+02:00" testType="13cdc9d9-ddb5-4fa4-a97d-d965ccfc6d4b" outcome="Passed" testListId="8c84fa94-04c1-424b-9868-57a2d4851a1d" relativeResultsDirectory="37463a17-99a7-43ac-b41e-bd4e1eb11f72" />
    <UnitTestResult executionId="0fdd624d-6096-4205-9d2a-401598549af1" testId="b2e2d28a-37b9-dc59-443b-6bdea283c89b" testName="GetSchemaPath_RequestedSchemaPathIsNull_ReturnsInternalSchemaPath" computerName="ICSWS068" duration="00:00:00.0013867" startTime="2016-08-04T09:56:42.1112331+02:00" endTime="2016-08-04T09:56:42.1137284+02:00" testType="13cdc9d9-ddb5-4fa4-a97d-d965ccfc6d4b" outcome="Passed" testListId="8c84fa94-04c1-424b-9868-57a2d4851a1d" relativeResultsDirectory="0fdd624d-6096-4205-9d2a-401598549af1" />
    <UnitTestResult executionId="54422924-d584-4639-b863-42e308f251e9" testId="2ff02c71-2ef2-0176-3826-73b0bc7c718b" testName="GetSchemaPath_RequestedSchemaPathIsValidUri_ReturnsExternalSchemaPath" computerName="ICSWS068" duration="00:00:00.0011034" startTime="2016-08-04T09:56:42.1161574+02:00" endTime="2016-08-04T09:56:42.1186788+02:00" testType="13cdc9d9-ddb5-4fa4-a97d-d965ccfc6d4b" outcome="Passed" testListId="8c84fa94-04c1-424b-9868-57a2d4851a1d" relativeResultsDirectory="54422924-d584-4639-b863-42e308f251e9" />
    <UnitTestResult executionId="1e197a0f-bc02-4aef-b629-09be87731cfe" testId="94cd8015-eddf-4dfa-7d94-a48ffdcdfda5" testName="GetSchemaPath_RequestedSchemaPathIsEmpty_ReturnsInternalSchemaPath" computerName="ICSWS068" duration="00:00:00.0011929" startTime="2016-08-04T09:56:42.1216626+02:00" endTime="2016-08-04T09:56:42.1241801+02:00" testType="13cdc9d9-ddb5-4fa4-a97d-d965ccfc6d4b" outcome="Passed" testListId="8c84fa94-04c1-424b-9868-57a2d4851a1d" relativeResultsDirectory="1e197a0f-bc02-4aef-b629-09be87731cfe" />
    <UnitTestResult executionId="072ddc0b-062e-45bd-bb5d-23884cfa503a" testId="cc3309dd-df3e-81bf-9b4a-49fff260d228" testName="GetSchemaPath_RequestedSchemaPathIsNotValidUri_ThrowException" computerName="ICSWS068" duration="00:00:00.0011005" startTime="2016-08-04T09:56:42.1266678+02:00" endTime="2016-08-04T09:56:42.1291842+02:00" testType="13cdc9d9-ddb5-4fa4-a97d-d965ccfc6d4b" outcome="Passed" testListId="8c84fa94-04c1-424b-9868-57a2d4851a1d" relativeResultsDirectory="072ddc0b-062e-45bd-bb5d-23884cfa503a" />
    <UnitTestResult executionId="eef7be25-394e-4fd7-9a21-91497bc72c24" testId="2bfd6695-dcbb-0098-1f2f-7b552b2ce389" testName="GetSchemaPath_RequestedSchemaPathIsNotAbsoluteUri_ReturnsInternalSchemaPath" computerName="ICSWS068" duration="00:00:00.0010691" startTime="2016-08-04T09:56:42.1311865+02:00" endTime="2016-08-04T09:56:42.1331864+02:00" testType="13cdc9d9-ddb5-4fa4-a97d-d965ccfc6d4b" outcome="Passed" testListId="8c84fa94-04c1-424b-9868-57a2d4851a1d" relativeResultsDirectory="eef7be25-394e-4fd7-9a21-91497bc72c24" />
    <UnitTestResult executionId="3001b7b6-d641-476a-a90b-3b7408049b08" testId="3cef33e2-6807-013c-7957-4401260a45ce" testName="CopyFile_CorrectArguments_Success" computerName="ICSWS068" duration="00:00:00.1205830" startTime="2016-08-04T09:56:42.1356729+02:00" endTime="2016-08-04T09:56:42.2575403+02:00" testType="13cdc9d9-ddb5-4fa4-a97d-d965ccfc6d4b" outcome="Passed" testListId="8c84fa94-04c1-424b-9868-57a2d4851a1d" relativeResultsDirectory="3001b7b6-d641-476a-a90b-3b7408049b08" />
    <UnitTestResult executionId="64622b81-3f5b-48bd-82c5-7fa11352014d" testId="51316c2c-9dca-a59a-e841-42fba69f2f4c" testName="CopyFile_DestinationIsDirectory_Success" computerName="ICSWS068" duration="00:00:00.0088317" startTime="2016-08-04T09:56:42.2610429+02:00" endTime="2016-08-04T09:56:42.2710509+02:00" testType="13cdc9d9-ddb5-4fa4-a97d-d965ccfc6d4b" outcome="Passed" testListId="8c84fa94-04c1-424b-9868-57a2d4851a1d" relativeResultsDirectory="64622b81-3f5b-48bd-82c5-7fa11352014d" />
    <UnitTestResult executionId="5e9d33cd-33a0-4785-a196-1286c7f9385c" testId="137df20c-b678-4156-6866-bf5d83aa35e2" testName="CopyFile_CopyFileFailed_CorrectReturnCode" computerName="ICSWS068" duration="00:00:00.0020891" startTime="2016-08-04T09:56:42.2740532+02:00" endTime="2016-08-04T09:56:42.2775549+02:00" testType="13cdc9d9-ddb5-4fa4-a97d-d965ccfc6d4b" outcome="Passed" testListId="8c84fa94-04c1-424b-9868-57a2d4851a1d" relativeResultsDirectory="5e9d33cd-33a0-4785-a196-1286c7f9385c" />
    <UnitTestResult executionId="a24f8bb3-c0a4-40be-a58b-823faf631d6f" testId="f2eeea38-cbc8-c4f8-9e98-ff19d8033cbb" testName="CreateDirectory_CorrectArguments_Success" computerName="ICSWS068" duration="00:00:00.0079270" startTime="2016-08-04T09:56:42.2800567+02:00" endTime="2016-08-04T09:56:42.2895146+02:00" testType="13cdc9d9-ddb5-4fa4-a97d-d965ccfc6d4b" outcome="Passed" testListId="8c84fa94-04c1-424b-9868-57a2d4851a1d" relativeResultsDirectory="a24f8bb3-c0a4-40be-a58b-823faf631d6f" />
    <UnitTestResult executionId="0ea28e45-2d0f-420f-8d17-9672447b4634" testId="0e6b46dd-fcb5-ebac-d2b0-001c0099b002" testName="CreateDirectory_CreateDirectoryFails_CorrectReturnCode" computerName="ICSWS068" duration="00:00:00.0015653" startTime="2016-08-04T09:56:42.2930007+02:00" endTime="2016-08-04T09:56:42.2955024+02:00" testType="13cdc9d9-ddb5-4fa4-a97d-d965ccfc6d4b" outcome="Passed" testListId="8c84fa94-04c1-424b-9868-57a2d4851a1d" relativeResultsDirectory="0ea28e45-2d0f-420f-8d17-9672447b4634" />
    <UnitTestResult executionId="6d57e352-aa4e-43fc-b4d3-c8f768243f19" testId="14dddadd-8357-9db4-b9d5-3d434e71bae5" testName="DeleteDirectory_CorrectArguments_Success" computerName="ICSWS068" duration="00:00:00.0088631" startTime="2016-08-04T09:56:42.2980045+02:00" endTime="2016-08-04T09:56:42.3085301+02:00" testType="13cdc9d9-ddb5-4fa4-a97d-d965ccfc6d4b" outcome="Passed" testListId="8c84fa94-04c1-424b-9868-57a2d4851a1d" relativeResultsDirectory="6d57e352-aa4e-43fc-b4d3-c8f768243f19" />
    <UnitTestResult executionId="f0b2ebec-6dc6-4dbb-9bc9-663ff385cb60" testId="b6de819b-7ba9-9424-1547-3b2b8d64e442" testName="DeleteDirectory_DeleteFails_CorrectReturnCode" computerName="ICSWS068" duration="00:00:00.0076971" startTime="2016-08-04T09:56:42.3115315+02:00" endTime="2016-08-04T09:56:42.3205454+02:00" testType="13cdc9d9-ddb5-4fa4-a97d-d965ccfc6d4b" outcome="Passed" testListId="8c84fa94-04c1-424b-9868-57a2d4851a1d" relativeResultsDirectory="f0b2ebec-6dc6-4dbb-9bc9-663ff385cb60" />
    <UnitTestResult executionId="d57b32e3-8d7a-43bf-bdd9-9f42a2494364" testId="7f8709cf-e24d-d1a5-2564-24d6cd6ea1c6" testName="DeleteFiles_CorrectArguments_Success" computerName="ICSWS068" duration="00:00:00.0083531" startTime="2016-08-04T09:56:42.3235477+02:00" endTime="2016-08-04T09:56:42.3335531+02:00" testType="13cdc9d9-ddb5-4fa4-a97d-d965ccfc6d4b" outcome="Passed" testListId="8c84fa94-04c1-424b-9868-57a2d4851a1d" relativeResultsDirectory="d57b32e3-8d7a-43bf-bdd9-9f42a2494364" />
    <UnitTestResult executionId="e45c78c7-65f2-4772-9d66-4ffc50e66295" testId="5809a7f4-7326-40d6-eefa-260a72b31a55" testName="DeleteFiles_DeleteFails_CorrectReturnCode" computerName="ICSWS068" duration="00:00:00.0090792" startTime="2016-08-04T09:56:42.3360545+02:00" endTime="2016-08-04T09:56:42.3471585+02:00" testType="13cdc9d9-ddb5-4fa4-a97d-d965ccfc6d4b" outcome="Passed" testListId="8c84fa94-04c1-424b-9868-57a2d4851a1d" relativeResultsDirectory="e45c78c7-65f2-4772-9d66-4ffc50e66295" />
    <UnitTestResult executionId="c6cabc59-d08c-4163-8264-6960f4d9ffcc" testId="f3c1d817-169b-528d-e823-431e97b69b3c" testName="GetFileAttribute_CorrectArguments_Success" computerName="ICSWS068" duration="00:00:00.0091604" startTime="2016-08-04T09:56:42.3501440+02:00" endTime="2016-08-04T09:56:42.3606702+02:00" testType="13cdc9d9-ddb5-4fa4-a97d-d965ccfc6d4b" outcome="Passed" testListId="8c84fa94-04c1-424b-9868-57a2d4851a1d" relativeResultsDirectory="c6cabc59-d08c-4163-8264-6960f4d9ffcc" />
    <UnitTestResult executionId="f27f1204-46e9-452a-8f6a-b4c9d67f5cfb" testId="3b90b1d7-7333-3ae8-e48a-b4bda7843301" testName="GetFileAttribute_FileNotFound_CorrectReturnCode" computerName="ICSWS068" duration="00:00:00.0097302" startTime="2016-08-04T09:56:42.3642646+02:00" endTime="2016-08-04T09:56:42.3752715+02:00" testType="13cdc9d9-ddb5-4fa4-a97d-d965ccfc6d4b" outcome="Passed" testListId="8c84fa94-04c1-424b-9868-57a2d4851a1d" relativeResultsDirectory="f27f1204-46e9-452a-8f6a-b4c9d67f5cfb" />
    <UnitTestResult executionId="cc2f4fa9-9438-45d1-9556-69d4a8364b40" testId="073ade70-f7fc-f63f-6838-fd98c6252c88" testName="GetFileAttribute_GetAttributeFails_CorrectReturnCode" computerName="ICSWS068" duration="00:00:00.0090848" startTime="2016-08-04T09:56:42.3777744+02:00" endTime="2016-08-04T09:56:42.3883006+02:00" testType="13cdc9d9-ddb5-4fa4-a97d-d965ccfc6d4b" outcome="Passed" testListId="8c84fa94-04c1-424b-9868-57a2d4851a1d" relativeResultsDirectory="cc2f4fa9-9438-45d1-9556-69d4a8364b40" />
    <UnitTestResult executionId="6b6900c6-abce-4278-ae71-cfb696bead99" testId="55972d3c-2a5b-2c51-9734-2a860801e923" testName="GetFileAttribute_AttributeArgumentIsDirectoryAndFileArgumentIsDirecotry_Returns1" computerName="ICSWS068" duration="00:00:00.0082525" startTime="2016-08-04T09:56:42.3913037+02:00" endTime="2016-08-04T09:56:42.4008094+02:00" testType="13cdc9d9-ddb5-4fa4-a97d-d965ccfc6d4b" outcome="Passed" testListId="8c84fa94-04c1-424b-9868-57a2d4851a1d" relativeResultsDirectory="6b6900c6-abce-4278-ae71-cfb696bead99" />
    <UnitTestResult executionId="505c09f2-b760-4bcd-b6a6-8c5922c25e6b" testId="7ef235e2-0bbc-3f87-9587-12afe7b96cce" testName="GetFileAttribute_AttributeArgumentIsDirectoryAndFileArgumentIsFile_Returns0" computerName="ICSWS068" duration="00:00:00.0083238" startTime="2016-08-04T09:56:42.4038117+02:00" endTime="2016-08-04T09:56:42.4133242+02:00" testType="13cdc9d9-ddb5-4fa4-a97d-d965ccfc6d4b" outcome="Passed" testListId="8c84fa94-04c1-424b-9868-57a2d4851a1d" relativeResultsDirectory="505c09f2-b760-4bcd-b6a6-8c5922c25e6b" />
    <UnitTestResult executionId="a223b37a-d48b-4314-b460-25a153f902c3" testId="5ea1eb40-b01b-62a1-fb83-daf758ace824" testName="GetFileDate_CorrectArguments_Success" computerName="ICSWS068" duration="00:00:00.0093352" startTime="2016-08-04T09:56:42.4163259+02:00" endTime="2016-08-04T09:56:42.4268483+02:00" testType="13cdc9d9-ddb5-4fa4-a97d-d965ccfc6d4b" outcome="Passed" testListId="8c84fa94-04c1-424b-9868-57a2d4851a1d" relativeResultsDirectory="a223b37a-d48b-4314-b460-25a153f902c3" />
    <UnitTestResult executionId="0a1751dc-ed69-41da-ae9a-4949747db366" testId="1ee72dfe-3869-d56f-3a06-002a6a4acd8d" testName="GetFileDate_GetFileDateFails_CorrectReturnCode" computerName="ICSWS068" duration="00:00:00.0083968" startTime="2016-08-04T09:56:42.4293515+02:00" endTime="2016-08-04T09:56:42.4388569+02:00" testType="13cdc9d9-ddb5-4fa4-a97d-d965ccfc6d4b" outcome="Passed" testListId="8c84fa94-04c1-424b-9868-57a2d4851a1d" relativeResultsDirectory="0a1751dc-ed69-41da-ae9a-4949747db366" />
    <UnitTestResult executionId="0d43dca3-6b9e-43cd-8394-e3e404b649c7" testId="9bc91e54-2369-92bd-e33f-e35e6fcc8ea1" testName="GetPartOfPath_CorrectArguments_Success" computerName="ICSWS068" duration="00:00:00.0056506" startTime="2016-08-04T09:56:42.4418451+02:00" endTime="2016-08-04T09:56:42.4485778+02:00" testType="13cdc9d9-ddb5-4fa4-a97d-d965ccfc6d4b" outcome="Passed" testListId="8c84fa94-04c1-424b-9868-57a2d4851a1d" relativeResultsDirectory="0d43dca3-6b9e-43cd-8394-e3e404b649c7" />
    <UnitTestResult executionId="66a4c1f4-2d6c-4af2-a5a0-70ecdb100b46" testId="3d9ae10a-30c7-2afd-1008-0cdb9c74550a" testName="GetPartOfPath_GetPartOfPathFails_CorrectReturnCode" computerName="ICSWS068" duration="00:00:00.0011058" startTime="2016-08-04T09:56:42.4515801+02:00" endTime="2016-08-04T09:56:42.4535833+02:00" testType="13cdc9d9-ddb5-4fa4-a97d-d965ccfc6d4b" outcome="Passed" testListId="8c84fa94-04c1-424b-9868-57a2d4851a1d" relativeResultsDirectory="66a4c1f4-2d6c-4af2-a5a0-70ecdb100b46" />
    <UnitTestResult executionId="31751970-6e90-4655-89ed-d0dd3c31dd93" testId="cfaa7f6f-35a7-ed67-9c11-a83987a9cbaa" testName="GetTempFilename_CorrectArgumentsIncludePath_Success" computerName="ICSWS068" duration="00:00:00.0025492" startTime="2016-08-04T09:56:42.4565865+02:00" endTime="2016-08-04T09:56:42.4606052+02:00" testType="13cdc9d9-ddb5-4fa4-a97d-d965ccfc6d4b" outcome="Passed" testListId="8c84fa94-04c1-424b-9868-57a2d4851a1d" relativeResultsDirectory="31751970-6e90-4655-89ed-d0dd3c31dd93" />
    <UnitTestResult executionId="f499f688-8a83-4c40-bf08-afc16a922df7" testId="f1e86d23-5b1b-c52d-2b1c-4acd4cfd4192" testName="GetTempFilename_CorrectArgumentsDoNotIncludePath_Success" computerName="ICSWS068" duration="00:00:00.0022621" startTime="2016-08-04T09:56:42.4635744+02:00" endTime="2016-08-04T09:56:42.4670758+02:00" testType="13cdc9d9-ddb5-4fa4-a97d-d965ccfc6d4b" outcome="Passed" testListId="8c84fa94-04c1-424b-9868-57a2d4851a1d" relativeResultsDirectory="f499f688-8a83-4c40-bf08-afc16a922df7" />
    <UnitTestResult executionId="6b050c4f-5167-4c06-ba37-e9b8325e8521" testId="b7267dcc-9b05-c155-44e0-2f5655439d03" testName="RenameFile_CorrectArguments_Success" computerName="ICSWS068" duration="00:00:00.0077446" startTime="2016-08-04T09:56:42.4695778+02:00" endTime="2016-08-04T09:56:42.4781339+02:00" testType="13cdc9d9-ddb5-4fa4-a97d-d965ccfc6d4b" outcome="Passed" testListId="8c84fa94-04c1-424b-9868-57a2d4851a1d" relativeResultsDirectory="6b050c4f-5167-4c06-ba37-e9b8325e8521" />
    <UnitTestResult executionId="b675b207-7749-4eb3-a142-434baac4bcac" testId="2755f071-cf8a-4c51-c39b-75473603f334" testName="RenameFile_RenameFileFails_CorrectReturnCode" computerName="ICSWS068" duration="00:00:00.0021137" startTime="2016-08-04T09:56:42.4811213+02:00" endTime="2016-08-04T09:56:42.4841637+02:00" testType="13cdc9d9-ddb5-4fa4-a97d-d965ccfc6d4b" outcome="Passed" testListId="8c84fa94-04c1-424b-9868-57a2d4851a1d" relativeResultsDirectory="b675b207-7749-4eb3-a142-434baac4bcac" />
    <UnitTestResult executionId="0cce5193-229e-4ce9-8efe-2d8cb31615a9" testId="ee3edd54-b8d3-5065-f35a-60a14f93efcc" testName="SearchForFiles_CorrectArguments_Success" computerName="ICSWS068" duration="00:00:00.0083437" startTime="2016-08-04T09:56:42.4866496+02:00" endTime="2016-08-04T09:56:42.4965319+02:00" testType="13cdc9d9-ddb5-4fa4-a97d-d965ccfc6d4b" outcome="Passed" testListId="8c84fa94-04c1-424b-9868-57a2d4851a1d" relativeResultsDirectory="0cce5193-229e-4ce9-8efe-2d8cb31615a9" />
    <UnitTestResult executionId="f3454256-6805-465d-bbda-38d8d9ca8105" testId="e1af060b-a3e7-1df6-279d-7a08097ff6e7" testName="SearchForFiles_SearchFails_CorrectReturnCode" computerName="ICSWS068" duration="00:00:00.0034635" startTime="2016-08-04T09:56:42.4995177+02:00" endTime="2016-08-04T09:56:42.5040200+02:00" testType="13cdc9d9-ddb5-4fa4-a97d-d965ccfc6d4b" outcome="Passed" testListId="8c84fa94-04c1-424b-9868-57a2d4851a1d" relativeResultsDirectory="f3454256-6805-465d-bbda-38d8d9ca8105" />
    <UnitTestResult executionId="d4771dc5-a02c-4f3a-a3fe-1e1054d2628b" testId="e9c76c36-c3c7-08bb-3f85-45fd1145e50c" testName="SetFileAttribute_CorrectArguments_Success" computerName="ICSWS068" duration="00:00:00.0076074" startTime="2016-08-04T09:56:42.5075232+02:00" endTime="2016-08-04T09:56:42.5160485+02:00" testType="13cdc9d9-ddb5-4fa4-a97d-d965ccfc6d4b" outcome="Passed" testListId="8c84fa94-04c1-424b-9868-57a2d4851a1d" relativeResultsDirectory="d4771dc5-a02c-4f3a-a3fe-1e1054d2628b" />
    <UnitTestResult executionId="45ba3d03-2b7a-4f0e-9592-6ed5cf28d394" testId="80e21c67-5466-af0c-767b-b89c87d05b8d" testName="SetFileAttribute_SetFileAttributeFails_CorrectReturnCode" computerName="ICSWS068" duration="00:00:00.0021022" startTime="2016-08-04T09:56:42.5190344+02:00" endTime="2016-08-04T09:56:42.5220352+02:00" testType="13cdc9d9-ddb5-4fa4-a97d-d965ccfc6d4b" outcome="Passed" testListId="8c84fa94-04c1-424b-9868-57a2d4851a1d" relativeResultsDirectory="45ba3d03-2b7a-4f0e-9592-6ed5cf28d394" />
    <UnitTestResult executionId="c45cb04e-9c78-4fe0-a47e-f72446479c95" testId="79e43e63-b37d-b5cc-e4e7-6de4f2d33d86" testName="SetFileDate_CorrectArguments_Success" computerName="ICSWS068" duration="00:00:00.0094455" startTime="2016-08-04T09:56:42.5250378+02:00" endTime="2016-08-04T09:56:42.5355643+02:00" testType="13cdc9d9-ddb5-4fa4-a97d-d965ccfc6d4b" outcome="Passed" testListId="8c84fa94-04c1-424b-9868-57a2d4851a1d" relativeResultsDirectory="c45cb04e-9c78-4fe0-a47e-f72446479c95" />
    <UnitTestResult executionId="a32c5d27-2b94-409a-ba27-f795c91b51a7" testId="214bc37b-0f9a-8b13-840e-79fb2a7f0ef1" testName="SetFileDate_WrongDateType_DateNotSet" computerName="ICSWS068" duration="00:00:00.0085346" startTime="2016-08-04T09:56:42.5390476+02:00" endTime="2016-08-04T09:56:42.5485591+02:00" testType="13cdc9d9-ddb5-4fa4-a97d-d965ccfc6d4b" outcome="Passed" testListId="8c84fa94-04c1-424b-9868-57a2d4851a1d" relativeResultsDirectory="a32c5d27-2b94-409a-ba27-f795c91b51a7" />
    <UnitTestResult executionId="8323538a-a68b-445d-88e0-95b61846b5b1" testId="13026c74-6dc1-5bcf-9aa6-b59b9eaef19f" testName="SetFileDate_SetFileDateFails_CorrectReturnCode" computerName="ICSWS068" duration="00:00:00.0094376" startTime="2016-08-04T09:56:42.5515605+02:00" endTime="2016-08-04T09:56:42.5620900+02:00" testType="13cdc9d9-ddb5-4fa4-a97d-d965ccfc6d4b" outcome="Passed" testListId="8c84fa94-04c1-424b-9868-57a2d4851a1d" relativeResultsDirectory="8323538a-a68b-445d-88e0-95b61846b5b1" />
    <UnitTestResult executionId="92383ef2-4f3e-431a-a330-f92c0776fd1b" testId="f734970a-7098-efee-76af-a47525131d6f" testName="SetFileDate_FileNotFound_CorrectReturnCode" computerName="ICSWS068" duration="00:00:00.0098821" startTime="2016-08-04T09:56:42.5647228+02:00" endTime="2016-08-04T09:56:42.5760044+02:00" testType="13cdc9d9-ddb5-4fa4-a97d-d965ccfc6d4b" outcome="Passed" testListId="8c84fa94-04c1-424b-9868-57a2d4851a1d" relativeResultsDirectory="92383ef2-4f3e-431a-a330-f92c0776fd1b" />
    <UnitTestResult executionId="532bfca0-c156-494f-992c-51997cdefa24" testId="be2a2a3d-33aa-27bf-160a-5aafbd1411b0" testName="URLEscape_TestCase1_Success" computerName="ICSWS068" duration="00:00:00.0317274" startTime="2016-08-04T09:56:42.5784906+02:00" endTime="2016-08-04T09:56:42.6114607+02:00" testType="13cdc9d9-ddb5-4fa4-a97d-d965ccfc6d4b" outcome="Passed" testListId="8c84fa94-04c1-424b-9868-57a2d4851a1d" relativeResultsDirectory="532bfca0-c156-494f-992c-51997cdefa24" />
    <UnitTestResult executionId="f6796a1b-0ade-4e08-8cd3-5d09f0b8b6cd" testId="1ea12466-a950-fa68-3864-d100e69270e1" testName="URLEscape_TestCase2_Success" computerName="ICSWS068" duration="00:00:00.0006357" startTime="2016-08-04T09:56:42.6144630+02:00" endTime="2016-08-04T09:56:42.6164738+02:00" testType="13cdc9d9-ddb5-4fa4-a97d-d965ccfc6d4b" outcome="Passed" testListId="8c84fa94-04c1-424b-9868-57a2d4851a1d" relativeResultsDirectory="f6796a1b-0ade-4e08-8cd3-5d09f0b8b6cd" />
    <UnitTestResult executionId="966cb00d-6ec4-4ac6-9a7e-d02f368e8ea3" testId="df0ac2a9-86f7-3c3b-0294-cd581a6c3566" testName="URLEscape_CommaEscaped" computerName="ICSWS068" duration="00:00:00.0001985" startTime="2016-08-04T09:56:42.6184823+02:00" endTime="2016-08-04T09:56:42.6199673+02:00" testType="13cdc9d9-ddb5-4fa4-a97d-d965ccfc6d4b" outcome="Passed" testListId="8c84fa94-04c1-424b-9868-57a2d4851a1d" relativeResultsDirectory="966cb00d-6ec4-4ac6-9a7e-d02f368e8ea3" />
    <UnitTestResult executionId="c796e640-d4cd-4505-b203-33b580c5a53d" testId="d67a573e-26f8-7125-3a5f-a4bfc820ec4f" testName="URLEscape_PlusEscaped" computerName="ICSWS068" duration="00:00:00.0002310" startTime="2016-08-04T09:56:42.6229755+02:00" endTime="2016-08-04T09:56:42.6244757+02:00" testType="13cdc9d9-ddb5-4fa4-a97d-d965ccfc6d4b" outcome="Passed" testListId="8c84fa94-04c1-424b-9868-57a2d4851a1d" relativeResultsDirectory="c796e640-d4cd-4505-b203-33b580c5a53d" />
    <UnitTestResult executionId="f7cce692-cfcb-4b2d-bbcf-f790ec5b2a1f" testId="8cac4fba-86d1-f5d1-157a-35d6d2e5be86" testName="URLEscape_ThenUnescaped_ReturnsInput" computerName="ICSWS068" duration="00:00:00.0043922" startTime="2016-08-04T09:56:42.6274771+02:00" endTime="2016-08-04T09:56:42.6329967+02:00" testType="13cdc9d9-ddb5-4fa4-a97d-d965ccfc6d4b" outcome="Passed" testListId="8c84fa94-04c1-424b-9868-57a2d4851a1d" relativeResultsDirectory="f7cce692-cfcb-4b2d-bbcf-f790ec5b2a1f">
      <Output>
        <StdOut>Debug Trace:
url?=#,+$&amp;;@ : url%3f%3d%23%2c%2b%24%26%3b%40</StdOut>
      </Output>
    </UnitTestResult>
    <UnitTestResult executionId="3f76dbed-2d06-47c4-a309-78a1dee36bf8" testId="62e9d627-4031-6a68-4e69-d8bab61efb3e" testName="UrlEscape_AllCharactersExceptAlphaAndNumericAndNotHashtagAndQuestionMark_Escaped" computerName="ICSWS068" duration="00:00:00.0039482" startTime="2016-08-04T09:56:42.6354990+02:00" endTime="2016-08-04T09:56:42.6409872+02:00" testType="13cdc9d9-ddb5-4fa4-a97d-d965ccfc6d4b" outcome="Passed" testListId="8c84fa94-04c1-424b-9868-57a2d4851a1d" relativeResultsDirectory="3f76dbed-2d06-47c4-a309-78a1dee36bf8">
      <Output>
        <StdOut>Debug Trace:
url\0aftersign : url%00aftersign
url&#x1;aftersign : url%01aftersign
url&#x2;aftersign : url%02aftersign
url&#x3;aftersign : url%03aftersign
url&#x4;aftersign : url%04aftersign
url&#x5;aftersign : url%05aftersign
url&#x6;aftersign : url%06aftersign
url&#x7;aftersign : url%07aftersign
url&#x8;aftersign : url%08aftersign
url	aftersign : url%09aftersign
url
aftersign : url%0aaftersign
url&#xB;aftersign : url%0baftersign
url&#xC;aftersign : url%0caftersign
urlaftersign : url%0daftersign
url&#xE;aftersign : url%0eaftersign
url&#xF;aftersign : url%0faftersign
url&#x10;aftersign : url%10aftersign
url&#x11;aftersign : url%11aftersign
url&#x12;aftersign : url%12aftersign
url&#x13;aftersign : url%13aftersign
url&#x14;aftersign : url%14aftersign
url&#x15;aftersign : url%15aftersign
url&#x16;aftersign : url%16aftersign
url&#x17;aftersign : url%17aftersign
url&#x18;aftersign : url%18aftersign
url&#x19;aftersign : url%19aftersign
url&#x1A;aftersign : url%1aaftersign
url&#x1B;aftersign : url%1baftersign
url&#x1C;aftersign : url%1caftersign
url&#x1D;aftersign : url%1daftersign
url&#x1E;aftersign : url%1eaftersign
url&#x1F;aftersign : url%1faftersign
url aftersign : url%20aftersign
url"aftersign : url%22aftersign
url$aftersign : url%24aftersign
url%aftersign : url%aftersign
url&amp;aftersign : url%26aftersign
url;aftersign : url%3baftersign
url&lt;aftersign : url%3caftersign
url=aftersign : url%3daftersign
url&gt;aftersign : url%3eaftersign
url@aftersign : url%40aftersign
url\aftersign : url%5caftersign
url^aftersign : url%5eaftersign
url`aftersign : url%60aftersign
url{aftersign : url%7baftersign
url|aftersign : url%7caftersign
url}aftersign : url%7daftersign
urlaftersign : url%7faftersign
urlaftersign : url%c2%80aftersign
urlaftersign : url%c2%81aftersign
urlaftersign : url%c2%82aftersign
urlaftersign : url%c2%83aftersign
urlaftersign : url%c2%84aftersign
urlaftersign : url%c2%85aftersign
urlaftersign : url%c2%86aftersign
urlaftersign : url%c2%87aftersign
urlaftersign : url%c2%88aftersign
urlaftersign : url%c2%89aftersign
urlaftersign : url%c2%8aaftersign
urlaftersign : url%c2%8baftersign
urlaftersign : url%c2%8caftersign
urlaftersign : url%c2%8daftersign
urlaftersign : url%c2%8eaftersign
urlaftersign : url%c2%8faftersign
urlaftersign : url%c2%90aftersign
urlaftersign : url%c2%91aftersign
urlaftersign : url%c2%92aftersign
urlaftersign : url%c2%93aftersign
urlaftersign : url%c2%94aftersign
urlaftersign : url%c2%95aftersign
urlaftersign : url%c2%96aftersign
urlaftersign : url%c2%97aftersign
urlaftersign : url%c2%98aftersign
urlaftersign : url%c2%99aftersign
urlaftersign : url%c2%9aaftersign
urlaftersign : url%c2%9baftersign
urlaftersign : url%c2%9caftersign
urlaftersign : url%c2%9daftersign
urlaftersign : url%c2%9eaftersign
urlaftersign : url%c2%9faftersign
url aftersign : url%c2%a0aftersign
url¡aftersign : url%c2%a1aftersign
url¢aftersign : url%c2%a2aftersign
url£aftersign : url%c2%a3aftersign
url¤aftersign : url%c2%a4aftersign
url¥aftersign : url%c2%a5aftersign
url¦aftersign : url%c2%a6aftersign
url§aftersign : url%c2%a7aftersign
url¨aftersign : url%c2%a8aftersign
url©aftersign : url%c2%a9aftersign
urlªaftersign : url%c2%aaaftersign
url«aftersign : url%c2%abaftersign
url¬aftersign : url%c2%acaftersign
url­aftersign : url%c2%adaftersign
url®aftersign : url%c2%aeaftersign
url¯aftersign : url%c2%afaftersign
url°aftersign : url%c2%b0aftersign
url±aftersign : url%c2%b1aftersign
url²aftersign : url%c2%b2aftersign
url³aftersign : url%c2%b3aftersign
url´aftersign : url%c2%b4aftersign
urlµaftersign : url%c2%b5aftersign
url¶aftersign : url%c2%b6aftersign
url·aftersign : url%c2%b7aftersign
url¸aftersign : url%c2%b8aftersign
url¹aftersign : url%c2%b9aftersign
urlºaftersign : url%c2%baaftersign
url»aftersign : url%c2%bbaftersign
url¼aftersign : url%c2%bcaftersign
url½aftersign : url%c2%bdaftersign
url¾aftersign : url%c2%beaftersign
url¿aftersign : url%c2%bfaftersign
urlÀaftersign : url%c3%80aftersign
urlÁaftersign : url%c3%81aftersign
urlÂaftersign : url%c3%82aftersign
urlÃaftersign : url%c3%83aftersign
urlÄaftersign : url%c3%84aftersign
urlÅaftersign : url%c3%85aftersign
urlÆaftersign : url%c3%86aftersign
urlÇaftersign : url%c3%87aftersign
urlÈaftersign : url%c3%88aftersign
urlÉaftersign : url%c3%89aftersign
urlÊaftersign : url%c3%8aaftersign
urlËaftersign : url%c3%8baftersign
urlÌaftersign : url%c3%8caftersign
urlÍaftersign : url%c3%8daftersign
urlÎaftersign : url%c3%8eaftersign
urlÏaftersign : url%c3%8faftersign
urlÐaftersign : url%c3%90aftersign
urlÑaftersign : url%c3%91aftersign
urlÒaftersign : url%c3%92aftersign
urlÓaftersign : url%c3%93aftersign
urlÔaftersign : url%c3%94aftersign
urlÕaftersign : url%c3%95aftersign
urlÖaftersign : url%c3%96aftersign
url×aftersign : url%c3%97aftersign
urlØaftersign : url%c3%98aftersign
urlÙaftersign : url%c3%99aftersign
urlÚaftersign : url%c3%9aaftersign
urlÛaftersign : url%c3%9baftersign
urlÜaftersign : url%c3%9caftersign
urlÝaftersign : url%c3%9daftersign
urlÞaftersign : url%c3%9eaftersign
urlßaftersign : url%c3%9faftersign
urlàaftersign : url%c3%a0aftersign
urláaftersign : url%c3%a1aftersign
urlâaftersign : url%c3%a2aftersign
urlãaftersign : url%c3%a3aftersign
urläaftersign : url%c3%a4aftersign
urlåaftersign : url%c3%a5aftersign
urlæaftersign : url%c3%a6aftersign
urlçaftersign : url%c3%a7aftersign
urlèaftersign : url%c3%a8aftersign
urléaftersign : url%c3%a9aftersign
urlêaftersign : url%c3%aaaftersign
urlëaftersign : url%c3%abaftersign
urlìaftersign : url%c3%acaftersign
urlíaftersign : url%c3%adaftersign
urlîaftersign : url%c3%aeaftersign
urlïaftersign : url%c3%afaftersign
urlðaftersign : url%c3%b0aftersign
urlñaftersign : url%c3%b1aftersign
urlòaftersign : url%c3%b2aftersign
urlóaftersign : url%c3%b3aftersign
urlôaftersign : url%c3%b4aftersign
urlõaftersign : url%c3%b5aftersign
urlöaftersign : url%c3%b6aftersign
url÷aftersign : url%c3%b7aftersign
urløaftersign : url%c3%b8aftersign
urlùaftersign : url%c3%b9aftersign
urlúaftersign : url%c3%baaftersign
urlûaftersign : url%c3%bbaftersign
urlüaftersign : url%c3%bcaftersign
urlýaftersign : url%c3%bdaftersign
urlþaftersign : url%c3%beaftersign</StdOut>
      </Output>
    </UnitTestResult>
    <UnitTestResult executionId="62303482-afd4-4db5-b452-47e0f66f5427" testId="89b82562-255d-274d-8a5c-9e523508f6d7" testName="URLUnescape_Success" computerName="ICSWS068" duration="00:00:00.0004272" startTime="2016-08-04T09:56:42.6435088+02:00" endTime="2016-08-04T09:56:42.6450082+02:00" testType="13cdc9d9-ddb5-4fa4-a97d-d965ccfc6d4b" outcome="Passed" testListId="8c84fa94-04c1-424b-9868-57a2d4851a1d" relativeResultsDirectory="62303482-afd4-4db5-b452-47e0f66f5427" />
    <UnitTestResult executionId="ac91d274-dd37-46d0-9c37-0d2f0cbc1bc5" testId="76d37b73-c1d0-63b5-2e4f-2352f18ecf07" testName="URLUnescape_InvalidInput_ReturnsError" computerName="ICSWS068" duration="00:00:00.0007659" startTime="2016-08-04T09:56:42.6474941+02:00" endTime="2016-08-04T09:56:42.6489958+02:00" testType="13cdc9d9-ddb5-4fa4-a97d-d965ccfc6d4b" outcome="Passed" testListId="8c84fa94-04c1-424b-9868-57a2d4851a1d" relativeResultsDirectory="ac91d274-dd37-46d0-9c37-0d2f0cbc1bc5" />
    <UnitTestResult executionId="0e586af6-37d9-49cd-9e6d-8ceb050b3a76" testId="7c9fd48c-9639-3fb5-4b05-76a91c304364" testName="EscapeXMLString_ConvertAttributes_Success" computerName="ICSWS068" duration="00:00:00.0016668" startTime="2016-08-04T09:56:42.6514979+02:00" endTime="2016-08-04T09:56:42.6544585+02:00" testType="13cdc9d9-ddb5-4fa4-a97d-d965ccfc6d4b" outcome="Passed" testListId="8c84fa94-04c1-424b-9868-57a2d4851a1d" relativeResultsDirectory="0e586af6-37d9-49cd-9e6d-8ceb050b3a76" />
    <UnitTestResult executionId="8a828653-9410-41f6-aa8c-67de45142321" testId="953a5519-d3b2-a05e-4d66-18b2e8b7804c" testName="EscapeXMLString_DoNotConvertAttributes_Success" computerName="ICSWS068" duration="00:00:00.0009753" startTime="2016-08-04T09:56:42.6574587+02:00" endTime="2016-08-04T09:56:42.6594781+02:00" testType="13cdc9d9-ddb5-4fa4-a97d-d965ccfc6d4b" outcome="Passed" testListId="8c84fa94-04c1-424b-9868-57a2d4851a1d" relativeResultsDirectory="8a828653-9410-41f6-aa8c-67de45142321" />
    <UnitTestResult executionId="0fc1f407-3f2c-4f20-8578-056e43f459a8" testId="9a78c860-a2bb-826c-b7f5-b2e114a8d8c4" testName="EscapeXMLString_DoNotConvertAttributes_Failure" computerName="ICSWS068" duration="00:00:00.0018116" startTime="2016-08-04T09:56:42.6614625+02:00" endTime="2016-08-04T09:56:42.6649096+02:00" testType="13cdc9d9-ddb5-4fa4-a97d-d965ccfc6d4b" outcome="Passed" testListId="8c84fa94-04c1-424b-9868-57a2d4851a1d" relativeResultsDirectory="0fc1f407-3f2c-4f20-8578-056e43f459a8" />
    <UnitTestResult executionId="ebf5cff3-cb57-4661-9fd6-d7f2f2c0548a" testId="ab5d133c-a1dc-c20f-7b59-12058d5139e8" testName="GetFilter_ObjectCreated_DefaultIsEmptyString" computerName="ICSWS068" duration="00:00:00.0504627" startTime="2016-08-04T09:56:42.6678935+02:00" endTime="2016-08-04T09:56:42.7195207+02:00" testType="13cdc9d9-ddb5-4fa4-a97d-d965ccfc6d4b" outcome="Passed" testListId="8c84fa94-04c1-424b-9868-57a2d4851a1d" relativeResultsDirectory="ebf5cff3-cb57-4661-9fd6-d7f2f2c0548a" />
    <UnitTestResult executionId="92f5690f-5b72-4db7-9edc-9ad7576b05d1" testId="ca217a86-3c65-54dd-7c18-ef0c4ec92e17" testName="GetInternalBufferSize_ObjectCreated_DefaultIs8192" computerName="ICSWS068" duration="00:00:00.0026269" startTime="2016-08-04T09:56:42.7230072+02:00" endTime="2016-08-04T09:56:42.7270203+02:00" testType="13cdc9d9-ddb5-4fa4-a97d-d965ccfc6d4b" outcome="Passed" testListId="8c84fa94-04c1-424b-9868-57a2d4851a1d" relativeResultsDirectory="92f5690f-5b72-4db7-9edc-9ad7576b05d1" />
    <UnitTestResult executionId="bca4d120-0635-4a0b-9e52-06de7ce5f425" testId="2dd9518f-1cb7-3bc0-d885-49f025c1d6ad" testName="GetNotifyFilter_ObjectCreated_DefaultIsFilename" computerName="ICSWS068" duration="00:00:00.0029755" startTime="2016-08-04T09:56:42.7295124+02:00" endTime="2016-08-04T09:56:42.7340152+02:00" testType="13cdc9d9-ddb5-4fa4-a97d-d965ccfc6d4b" outcome="Passed" testListId="8c84fa94-04c1-424b-9868-57a2d4851a1d" relativeResultsDirectory="bca4d120-0635-4a0b-9e52-06de7ce5f425" />
    <UnitTestResult executionId="b9bed094-180e-4362-b1a5-ede1ea66e362" testId="553d637e-aa36-d525-076f-6da80e2bb837" testName="GetWatchPath_ObjectCreated_DefaultIsEmptyString" computerName="ICSWS068" duration="00:00:00.0025858" startTime="2016-08-04T09:56:42.7365161+02:00" endTime="2016-08-04T09:56:42.7405204+02:00" testType="13cdc9d9-ddb5-4fa4-a97d-d965ccfc6d4b" outcome="Passed" testListId="8c84fa94-04c1-424b-9868-57a2d4851a1d" relativeResultsDirectory="b9bed094-180e-4362-b1a5-ede1ea66e362" />
    <UnitTestResult executionId="802af884-cd86-495f-84ad-e8797f145bbb" testId="a42dadff-a746-3fbb-d5a0-dad1b44ec4b7" testName="SetFilter_ValidValue_ReturnS_OK" computerName="ICSWS068" duration="00:00:00.0025412" startTime="2016-08-04T09:56:42.7434948+02:00" endTime="2016-08-04T09:56:42.7474992+02:00" testType="13cdc9d9-ddb5-4fa4-a97d-d965ccfc6d4b" outcome="Passed" testListId="8c84fa94-04c1-424b-9868-57a2d4851a1d" relativeResultsDirectory="802af884-cd86-495f-84ad-e8797f145bbb" />
    <UnitTestResult executionId="25940825-3a37-44c6-a593-f2aa3c8e29be" testId="1b0977e4-65cb-08bf-3819-691992098ab5" testName="SetInternalBufferSize_ValidValue_ReturnS_OK" computerName="ICSWS068" duration="00:00:00.0025213" startTime="2016-08-04T09:56:42.7500170+02:00" endTime="2016-08-04T09:56:42.7540058+02:00" testType="13cdc9d9-ddb5-4fa4-a97d-d965ccfc6d4b" outcome="Passed" testListId="8c84fa94-04c1-424b-9868-57a2d4851a1d" relativeResultsDirectory="25940825-3a37-44c6-a593-f2aa3c8e29be" />
    <UnitTestResult executionId="a700bc2e-74bf-405a-ab97-82f6c944c663" testId="7fdb4d05-796a-5280-bad8-3ba0227fc2c6" testName="SetNotifyFilter_ValidValue_ReturnS_OK" computerName="ICSWS068" duration="00:00:00.0025805" startTime="2016-08-04T09:56:42.7565075+02:00" endTime="2016-08-04T09:56:42.7605256+02:00" testType="13cdc9d9-ddb5-4fa4-a97d-d965ccfc6d4b" outcome="Passed" testListId="8c84fa94-04c1-424b-9868-57a2d4851a1d" relativeResultsDirectory="a700bc2e-74bf-405a-ab97-82f6c944c663" />
    <UnitTestResult executionId="c0cebd24-2215-4b7d-8482-3a5db7126c5f" testId="64870913-d443-9cf6-c6cd-c6a09b46062d" testName="SetWatchPath_ValidValue_ReturnS_OK" computerName="ICSWS068" duration="00:00:00.0024668" startTime="2016-08-04T09:56:42.7630320+02:00" endTime="2016-08-04T09:56:42.7665501+02:00" testType="13cdc9d9-ddb5-4fa4-a97d-d965ccfc6d4b" outcome="Passed" testListId="8c84fa94-04c1-424b-9868-57a2d4851a1d" relativeResultsDirectory="c0cebd24-2215-4b7d-8482-3a5db7126c5f" />
    <UnitTestResult executionId="980f8123-7a57-4321-98e8-dc0cf655aebf" testId="615478b3-9332-60a9-1557-1cf3652d32df" testName="GetFilter_NewValueIsSet_ReturnsNewValue" computerName="ICSWS068" duration="00:00:00.0027808" startTime="2016-08-04T09:56:42.7690357+02:00" endTime="2016-08-04T09:56:42.7730600+02:00" testType="13cdc9d9-ddb5-4fa4-a97d-d965ccfc6d4b" outcome="Passed" testListId="8c84fa94-04c1-424b-9868-57a2d4851a1d" relativeResultsDirectory="980f8123-7a57-4321-98e8-dc0cf655aebf" />
    <UnitTestResult executionId="3596013e-9e9f-47a9-a65b-180e36f26436" testId="5db538dc-8031-81b1-8b94-653c0a2ee9b1" testName="GetInternalBufferSize_NewValueIsSet_ReturnsNewValue" computerName="ICSWS068" duration="00:00:00.0024518" startTime="2016-08-04T09:56:42.7755617+02:00" endTime="2016-08-04T09:56:42.7795488+02:00" testType="13cdc9d9-ddb5-4fa4-a97d-d965ccfc6d4b" outcome="Passed" testListId="8c84fa94-04c1-424b-9868-57a2d4851a1d" relativeResultsDirectory="3596013e-9e9f-47a9-a65b-180e36f26436" />
    <UnitTestResult executionId="490260ef-8420-4747-ae9f-4a20e02c72ed" testId="d9ee4071-7973-8c40-e99f-7abc72a9a4a6" testName="GetNotifyFilter_NewValueIsSet_ReturnsNewValue" computerName="ICSWS068" duration="00:00:00.0023459" startTime="2016-08-04T09:56:42.7810490+02:00" endTime="2016-08-04T09:56:42.7855677+02:00" testType="13cdc9d9-ddb5-4fa4-a97d-d965ccfc6d4b" outcome="Passed" testListId="8c84fa94-04c1-424b-9868-57a2d4851a1d" relativeResultsDirectory="490260ef-8420-4747-ae9f-4a20e02c72ed" />
    <UnitTestResult executionId="acb887dc-4e31-42e4-a510-acc11b1bca74" testId="8f1b0e6e-8f2e-af22-7de6-55e930289b42" testName="GetWatchPath_NewValueIsSet_ReturnsNewValue" computerName="ICSWS068" duration="00:00:00.0025993" startTime="2016-08-04T09:56:42.7885556+02:00" endTime="2016-08-04T09:56:42.7925632+02:00" testType="13cdc9d9-ddb5-4fa4-a97d-d965ccfc6d4b" outcome="Passed" testListId="8c84fa94-04c1-424b-9868-57a2d4851a1d" relativeResultsDirectory="acb887dc-4e31-42e4-a510-acc11b1bca74" />
    <UnitTestResult executionId="3910aa89-daec-4e62-b526-9e12b4da8ea2" testId="c5444bb4-da68-1c5d-4f76-f75f817ebe00" testName="CancelWaitForChanged_ImplementationThrows_ErrorCodeIsReturned" computerName="ICSWS068" duration="00:00:00.0048248" startTime="2016-08-04T09:56:42.7950802+02:00" endTime="2016-08-04T09:56:42.8010680+02:00" testType="13cdc9d9-ddb5-4fa4-a97d-d965ccfc6d4b" outcome="Passed" testListId="8c84fa94-04c1-424b-9868-57a2d4851a1d" relativeResultsDirectory="3910aa89-daec-4e62-b526-9e12b4da8ea2" />
    <UnitTestResult executionId="f551d2a7-8eeb-4fe9-81f2-1a613359ffd0" testId="1251619c-c5ad-418c-bc6a-e0d3bda2da20" testName="StartWaitForChanged_ImplementationThrows_ErrorCodeIsReturned" computerName="ICSWS068" duration="00:00:00.0049872" startTime="2016-08-04T09:56:42.8036856+02:00" endTime="2016-08-04T09:56:42.8101916+02:00" testType="13cdc9d9-ddb5-4fa4-a97d-d965ccfc6d4b" outcome="Passed" testListId="8c84fa94-04c1-424b-9868-57a2d4851a1d" relativeResultsDirectory="f551d2a7-8eeb-4fe9-81f2-1a613359ffd0" />
    <UnitTestResult executionId="03da1c43-969b-4973-be7a-7c3648810f24" testId="d957d01d-06f9-00b6-c4fc-1f45bb41462b" testName="WaitForFileChanged_ImplementationThrows_ErrorCodeIsReturned" computerName="ICSWS068" duration="00:00:00.0037154" startTime="2016-08-04T09:56:42.8131954+02:00" endTime="2016-08-04T09:56:42.8182194+02:00" testType="13cdc9d9-ddb5-4fa4-a97d-d965ccfc6d4b" outcome="Passed" testListId="8c84fa94-04c1-424b-9868-57a2d4851a1d" relativeResultsDirectory="03da1c43-969b-4973-be7a-7c3648810f24" />
    <UnitTestResult executionId="676c983b-928f-4cd6-b0eb-7ae6cfbd9bde" testId="b909f30c-f38c-9313-e1bb-cce045faccf8" testName="CancelWaitForChanged_NotStarted_ReturnSOK" computerName="ICSWS068" duration="00:00:00.0029318" startTime="2016-08-04T09:56:42.8202184+02:00" endTime="2016-08-04T09:56:42.8247195+02:00" testType="13cdc9d9-ddb5-4fa4-a97d-d965ccfc6d4b" outcome="Passed" testListId="8c84fa94-04c1-424b-9868-57a2d4851a1d" relativeResultsDirectory="676c983b-928f-4cd6-b0eb-7ae6cfbd9bde" />
    <UnitTestResult executionId="a1f92cf2-40c3-414b-8430-69a6ebe2f58d" testId="93352463-36a1-1ae7-0078-74e9119c8d94" testName="WaitForFileChanged_NotStarted_ReturnError" computerName="ICSWS068" duration="00:00:00.0025805" startTime="2016-08-04T09:56:42.8277066+02:00" endTime="2016-08-04T09:56:42.8312294+02:00" testType="13cdc9d9-ddb5-4fa4-a97d-d965ccfc6d4b" outcome="Passed" testListId="8c84fa94-04c1-424b-9868-57a2d4851a1d" relativeResultsDirectory="a1f92cf2-40c3-414b-8430-69a6ebe2f58d" />
    <UnitTestResult executionId="65d5b821-eacb-42a5-9368-d83c42eb25ce" testId="f6825996-ea28-9f70-e078-68fdbd3026da" testName="StartWaitForChanged_PropertiesAreSet_CorrectValuesAreUsed" computerName="ICSWS068" duration="00:00:00.0068309" startTime="2016-08-04T09:56:42.8342109+02:00" endTime="2016-08-04T09:56:42.8412157+02:00" testType="13cdc9d9-ddb5-4fa4-a97d-d965ccfc6d4b" outcome="Passed" testListId="8c84fa94-04c1-424b-9868-57a2d4851a1d" relativeResultsDirectory="65d5b821-eacb-42a5-9368-d83c42eb25ce" />
    <UnitTestResult executionId="4eb0d8b7-0882-4ad4-a8fc-436b7eb9b2db" testId="667609b0-1e92-421b-12c1-39027b5d01ed" testName="WaitForFileChanged_ChangeIsCached_ExpectedFileAndTypeIsReturned" computerName="ICSWS068" duration="00:00:00.0056822" startTime="2016-08-04T09:56:42.8446975+02:00" endTime="2016-08-04T09:56:42.8517044+02:00" testType="13cdc9d9-ddb5-4fa4-a97d-d965ccfc6d4b" outcome="Passed" testListId="8c84fa94-04c1-424b-9868-57a2d4851a1d" relativeResultsDirectory="4eb0d8b7-0882-4ad4-a8fc-436b7eb9b2db" />
    <UnitTestResult executionId="5d6636b7-d403-4cd9-9695-0f1403ed9d36" testId="eeeae07d-9c90-b3bf-802c-7dab8fb6cce9" testName="ReadRecord_RecordReaderReturnsNull_ReturnsSFalse" computerName="ICSWS068" duration="00:00:00.0435939" startTime="2016-08-04T09:56:42.8547091+02:00" endTime="2016-08-04T09:56:42.9000273+02:00" testType="13cdc9d9-ddb5-4fa4-a97d-d965ccfc6d4b" outcome="Passed" testListId="8c84fa94-04c1-424b-9868-57a2d4851a1d" relativeResultsDirectory="5d6636b7-d403-4cd9-9695-0f1403ed9d36" />
    <UnitTestResult executionId="6c613459-8482-4b88-b5dc-58cea6211706" testId="3804707a-f1be-abfe-6bf8-204e3d364426" testName="ReadRecord_RecordReaderReturnsEmptyString_ReturnsSOK" computerName="ICSWS068" duration="00:00:00.0012788" startTime="2016-08-04T09:56:42.9030164+02:00" endTime="2016-08-04T09:56:42.9060214+02:00" testType="13cdc9d9-ddb5-4fa4-a97d-d965ccfc6d4b" outcome="Passed" testListId="8c84fa94-04c1-424b-9868-57a2d4851a1d" relativeResultsDirectory="6c613459-8482-4b88-b5dc-58cea6211706" />
    <UnitTestResult executionId="bc703365-b301-4a9a-b593-13297f065f11" testId="90e7de45-a873-5224-cbfa-49ad197be5fb" testName="ReadRecord_RecordReaderThrowsException_ReturnsFail" computerName="ICSWS068" duration="00:00:00.0012551" startTime="2016-08-04T09:56:42.9085222+02:00" endTime="2016-08-04T09:56:42.9115260+02:00" testType="13cdc9d9-ddb5-4fa4-a97d-d965ccfc6d4b" outcome="Passed" testListId="8c84fa94-04c1-424b-9868-57a2d4851a1d" relativeResultsDirectory="bc703365-b301-4a9a-b593-13297f065f11" />
    <UnitTestResult executionId="e6d37bf8-ebe7-4673-bcda-9d73e4ee3cfd" testId="b758d197-eaa5-49d0-9206-906f7328ab57" testName="OpenQueue_PathNameAndMakeFormatNameIsTrueAndPeek_CorrectParametersUsed" computerName="ICSWS068" duration="00:00:00.0723730" startTime="2016-08-04T09:56:42.9140468+02:00" endTime="2016-08-04T09:56:42.9873789+02:00" testType="13cdc9d9-ddb5-4fa4-a97d-d965ccfc6d4b" outcome="Passed" testListId="8c84fa94-04c1-424b-9868-57a2d4851a1d" relativeResultsDirectory="e6d37bf8-ebe7-4673-bcda-9d73e4ee3cfd" />
    <UnitTestResult executionId="ab5d65a9-8609-4ca6-b649-cbe794ef842d" testId="8562dc5c-c883-02f7-f7a9-a7bf6b79d488" testName="OpenQueue_PathNameAndMakeFormatNameIsTrueAndReceive_CorrectParametersUsed" computerName="ICSWS068" duration="00:00:00.0042814" startTime="2016-08-04T09:56:42.9908818+02:00" endTime="2016-08-04T09:56:42.9964064+02:00" testType="13cdc9d9-ddb5-4fa4-a97d-d965ccfc6d4b" outcome="Passed" testListId="8c84fa94-04c1-424b-9868-57a2d4851a1d" relativeResultsDirectory="ab5d65a9-8609-4ca6-b649-cbe794ef842d" />
    <UnitTestResult executionId="896ebf47-ac8f-496b-b353-b72d881d78c4" testId="a5b75a47-d651-cba7-cab4-2b708cfb43fa" testName="OpenQueue_WrongAccessMode_ErrorCodeIsReturned" computerName="ICSWS068" duration="00:00:00.0106745" startTime="2016-08-04T09:56:42.9993913+02:00" endTime="2016-08-04T09:56:43.0109038+02:00" testType="13cdc9d9-ddb5-4fa4-a97d-d965ccfc6d4b" outcome="Passed" testListId="8c84fa94-04c1-424b-9868-57a2d4851a1d" relativeResultsDirectory="896ebf47-ac8f-496b-b353-b72d881d78c4" />
    <UnitTestResult executionId="7e6e77b9-4fe0-4bfd-8cf9-e2ba40b6f053" testId="23cd7f09-2491-893e-1e00-de9db4af24a4" testName="OpenQueue_WrongFormatName_ErrorCodeIsReturned" computerName="ICSWS068" duration="00:00:00.0044365" startTime="2016-08-04T09:56:43.0139072+02:00" endTime="2016-08-04T09:56:43.0199271+02:00" testType="13cdc9d9-ddb5-4fa4-a97d-d965ccfc6d4b" outcome="Passed" testListId="8c84fa94-04c1-424b-9868-57a2d4851a1d" relativeResultsDirectory="7e6e77b9-4fe0-4bfd-8cf9-e2ba40b6f053" />
    <UnitTestResult executionId="989d0ba7-5745-4a6d-8c53-02c123c4a2dc" testId="3e194a1b-d93f-d485-ea5e-2a23129839bc" testName="OpenQueue_QueueNameIsEmpty_ErrorCodeIsReturned" computerName="ICSWS068" duration="00:00:00.0042916" startTime="2016-08-04T09:56:43.0224273+02:00" endTime="2016-08-04T09:56:43.0279331+02:00" testType="13cdc9d9-ddb5-4fa4-a97d-d965ccfc6d4b" outcome="Passed" testListId="8c84fa94-04c1-424b-9868-57a2d4851a1d" relativeResultsDirectory="989d0ba7-5745-4a6d-8c53-02c123c4a2dc" />
    <UnitTestResult executionId="3779c26d-db5e-4d6b-8192-5e78fbe67e9a" testId="dc9f1f10-3680-c842-141f-5e66a984bac2" testName="OpenQueue_QueueDoesNotExists_ErrorCodeIsReturned" computerName="ICSWS068" duration="00:00:00.0050602" startTime="2016-08-04T09:56:43.0314178+02:00" endTime="2016-08-04T09:56:43.0379230+02:00" testType="13cdc9d9-ddb5-4fa4-a97d-d965ccfc6d4b" outcome="Passed" testListId="8c84fa94-04c1-424b-9868-57a2d4851a1d" relativeResultsDirectory="3779c26d-db5e-4d6b-8192-5e78fbe67e9a" />
    <UnitTestResult executionId="3e1f2e31-70df-46fa-9104-a72824298603" testId="c92a17d3-7710-3c85-969e-97c3946ffba0" testName="OpenQueue_PeekAndNoReadRights_ErrorCodeIsReturned" computerName="ICSWS068" duration="00:00:00.0049333" startTime="2016-08-04T09:56:43.0404250+02:00" endTime="2016-08-04T09:56:43.0469073+02:00" testType="13cdc9d9-ddb5-4fa4-a97d-d965ccfc6d4b" outcome="Passed" testListId="8c84fa94-04c1-424b-9868-57a2d4851a1d" relativeResultsDirectory="3e1f2e31-70df-46fa-9104-a72824298603" />
    <UnitTestResult executionId="5718852e-7765-4cc4-b6d8-ef10b8711472" testId="c412fe77-44bb-21e7-8189-7d651a759eaf" testName="OpenQueue_ReceiveAndNoReadRights_ErrorCodeIsReturned" computerName="ICSWS068" duration="00:00:00.0047913" startTime="2016-08-04T09:56:43.0498928+02:00" endTime="2016-08-04T09:56:43.0554004+02:00" testType="13cdc9d9-ddb5-4fa4-a97d-d965ccfc6d4b" outcome="Passed" testListId="8c84fa94-04c1-424b-9868-57a2d4851a1d" relativeResultsDirectory="5718852e-7765-4cc4-b6d8-ef10b8711472" />
    <UnitTestResult executionId="2e6f130a-80da-4bc9-a78b-6a59fb7ed761" testId="3aaafae8-bb91-b5d0-ada1-67338c69fe18" testName="OpenQueue_SendAndNoWriteRights_ErrorCodeIsReturned" computerName="ICSWS068" duration="00:00:00.0049494" startTime="2016-08-04T09:56:43.0589032+02:00" endTime="2016-08-04T09:56:43.0648116+02:00" testType="13cdc9d9-ddb5-4fa4-a97d-d965ccfc6d4b" outcome="Passed" testListId="8c84fa94-04c1-424b-9868-57a2d4851a1d" relativeResultsDirectory="2e6f130a-80da-4bc9-a78b-6a59fb7ed761" />
    <UnitTestResult executionId="279ef5ca-bc3f-46c3-bf3c-65e8f4891c7e" testId="1d2d852c-337c-f462-f72d-b0f335e61d83" testName="OpenQueue_QueueServiceFail_ErrorCodeIsReturned" computerName="ICSWS068" duration="00:00:00.0060376" startTime="2016-08-04T09:56:43.0673128+02:00" endTime="2016-08-04T09:56:43.0748214+02:00" testType="13cdc9d9-ddb5-4fa4-a97d-d965ccfc6d4b" outcome="Passed" testListId="8c84fa94-04c1-424b-9868-57a2d4851a1d" relativeResultsDirectory="279ef5ca-bc3f-46c3-bf3c-65e8f4891c7e" />
    <UnitTestResult executionId="fc00c37a-bcdc-4b91-95aa-f52e9d8618ba" testId="a8909f45-40ec-b583-961d-db933542bf7f" testName="Close_CloseOpenedQueue_CorrectExecution" computerName="ICSWS068" duration="00:00:00.0040746" startTime="2016-08-04T09:56:43.0778050+02:00" endTime="2016-08-04T09:56:43.0828260+02:00" testType="13cdc9d9-ddb5-4fa4-a97d-d965ccfc6d4b" outcome="Passed" testListId="8c84fa94-04c1-424b-9868-57a2d4851a1d" relativeResultsDirectory="fc00c37a-bcdc-4b91-95aa-f52e9d8618ba" />
    <UnitTestResult executionId="832797ae-4dfc-49d2-a967-94a83e1b0304" testId="f19ba7a9-f21d-1ef7-ca89-7c8ed8744eb1" testName="Close_CloseClosedQueue_CorrectExecution" computerName="ICSWS068" duration="00:00:00.0039078" startTime="2016-08-04T09:56:43.0853295+02:00" endTime="2016-08-04T09:56:43.0903499+02:00" testType="13cdc9d9-ddb5-4fa4-a97d-d965ccfc6d4b" outcome="Passed" testListId="8c84fa94-04c1-424b-9868-57a2d4851a1d" relativeResultsDirectory="832797ae-4dfc-49d2-a967-94a83e1b0304" />
    <UnitTestResult executionId="30995a0a-9633-4cec-95c1-608ac0be2c95" testId="ac46d96e-3e02-01eb-ef23-495d820b3bbf" testName="Close_CloseOperationFail_ErrorCodeIsReturned" computerName="ICSWS068" duration="00:00:00.0038870" startTime="2016-08-04T09:56:43.0933402+02:00" endTime="2016-08-04T09:56:43.0983445+02:00" testType="13cdc9d9-ddb5-4fa4-a97d-d965ccfc6d4b" outcome="Passed" testListId="8c84fa94-04c1-424b-9868-57a2d4851a1d" relativeResultsDirectory="30995a0a-9633-4cec-95c1-608ac0be2c95" />
    <UnitTestResult executionId="51d11182-503b-49f5-9a8e-13e581321501" testId="978bf909-12af-1f94-2115-718651615118" testName="PeekMessage_ValidParameters_BeginPeakCalled" computerName="ICSWS068" duration="00:00:00.0219197" startTime="2016-08-04T09:56:43.1008448+02:00" endTime="2016-08-04T09:56:43.1240611+02:00" testType="13cdc9d9-ddb5-4fa4-a97d-d965ccfc6d4b" outcome="Passed" testListId="8c84fa94-04c1-424b-9868-57a2d4851a1d" relativeResultsDirectory="51d11182-503b-49f5-9a8e-13e581321501" />
    <UnitTestResult executionId="c05a8deb-7a87-445a-b327-52b1c1603486" testId="c6bf1991-8f61-7d89-df9c-74a42fa38c69" testName="ReceiveMessage_ValidParameters_BeginReceiveCalled" computerName="ICSWS068" duration="00:00:00.0086027" startTime="2016-08-04T09:56:43.1265648+02:00" endTime="2016-08-04T09:56:43.1370541+02:00" testType="13cdc9d9-ddb5-4fa4-a97d-d965ccfc6d4b" outcome="Passed" testListId="8c84fa94-04c1-424b-9868-57a2d4851a1d" relativeResultsDirectory="c05a8deb-7a87-445a-b327-52b1c1603486" />
    <UnitTestResult executionId="bf961133-ea35-4125-a32f-f3a8fe3ed829" testId="b369e989-a032-a3cf-5b14-e88fa99021df" testName="SendMessageToQueue_ValidParameters_ValidExecution" computerName="ICSWS068" duration="00:00:00.0048966" startTime="2016-08-04T09:56:43.1400567+02:00" endTime="2016-08-04T09:56:43.1460704+02:00" testType="13cdc9d9-ddb5-4fa4-a97d-d965ccfc6d4b" outcome="Passed" testListId="8c84fa94-04c1-424b-9868-57a2d4851a1d" relativeResultsDirectory="bf961133-ea35-4125-a32f-f3a8fe3ed829" />
    <UnitTestResult executionId="ee14740b-c476-4ca5-b7cb-7003133334fa" testId="af7ac218-2f86-7d51-b4c0-145ef7458250" testName="get_FormatName_ValidVariable_CorrectValueSet" computerName="ICSWS068" duration="00:00:00.0046039" startTime="2016-08-04T09:56:43.1490571+02:00" endTime="2016-08-04T09:56:43.1545685+02:00" testType="13cdc9d9-ddb5-4fa4-a97d-d965ccfc6d4b" outcome="Passed" testListId="8c84fa94-04c1-424b-9868-57a2d4851a1d" relativeResultsDirectory="ee14740b-c476-4ca5-b7cb-7003133334fa" />
    <UnitTestResult executionId="842855e6-b2db-4d76-8456-03f77f6c84f3" testId="dfc11193-7eb4-ea1d-303c-f015aded6364" testName="get_Path_ValidVariable_CorrectValueSet" computerName="ICSWS068" duration="00:00:00.0042638" startTime="2016-08-04T09:56:43.1575711+02:00" endTime="2016-08-04T09:56:43.1631103+02:00" testType="13cdc9d9-ddb5-4fa4-a97d-d965ccfc6d4b" outcome="Passed" testListId="8c84fa94-04c1-424b-9868-57a2d4851a1d" relativeResultsDirectory="842855e6-b2db-4d76-8456-03f77f6c84f3" />
    <UnitTestResult executionId="1b0d6785-8f0a-497c-99a2-39c124dcfc6a" testId="7129201b-f8b2-cac9-cd43-4e53f920d684" testName="get_QueueIsOpen_ValidVariable_CorrectValueSet" computerName="ICSWS068" duration="00:00:00.0043210" startTime="2016-08-04T09:56:43.1656111+02:00" endTime="2016-08-04T09:56:43.1710999+02:00" testType="13cdc9d9-ddb5-4fa4-a97d-d965ccfc6d4b" outcome="Passed" testListId="8c84fa94-04c1-424b-9868-57a2d4851a1d" relativeResultsDirectory="1b0d6785-8f0a-497c-99a2-39c124dcfc6a" />
    <UnitTestResult executionId="6cfc6a0e-4666-4534-9d84-ca8633840c62" testId="3efa07d2-e980-9f4f-1d0e-b14cd48d0549" testName="ManagedObjectNamedPipe_Connect_ValidPipeName_ReturnS_OK" computerName="ICSWS068" duration="00:00:00.0777404" startTime="2016-08-04T09:56:43.1740192+02:00" endTime="2016-08-04T09:56:43.2531929+02:00" testType="13cdc9d9-ddb5-4fa4-a97d-d965ccfc6d4b" outcome="Passed" testListId="8c84fa94-04c1-424b-9868-57a2d4851a1d" relativeResultsDirectory="6cfc6a0e-4666-4534-9d84-ca8633840c62" />
    <UnitTestResult executionId="0a7b1864-bfb6-4ffe-8689-4d32f3b72997" testId="a6f07759-be9a-ca76-45b2-a4ac5fa1a6cf" testName="ManagedObjectNamedPipe_Connect_NullPipeName" computerName="ICSWS068" duration="00:00:00.0022709" startTime="2016-08-04T09:56:43.2561788+02:00" endTime="2016-08-04T09:56:43.2596998+02:00" testType="13cdc9d9-ddb5-4fa4-a97d-d965ccfc6d4b" outcome="Passed" testListId="8c84fa94-04c1-424b-9868-57a2d4851a1d" relativeResultsDirectory="0a7b1864-bfb6-4ffe-8689-4d32f3b72997" />
    <UnitTestResult executionId="d93ead53-1dbc-4c81-bfb4-6140c5bf16be" testId="8584bad8-d425-3305-f7ec-0a30ae7a4401" testName="ManagedObjectNamedPipe_Connect_InvalidPipeName" computerName="ICSWS068" duration="00:00:00.0032336" startTime="2016-08-04T09:56:43.2616837+02:00" endTime="2016-08-04T09:56:43.2667886+02:00" testType="13cdc9d9-ddb5-4fa4-a97d-d965ccfc6d4b" outcome="Passed" testListId="8c84fa94-04c1-424b-9868-57a2d4851a1d" relativeResultsDirectory="d93ead53-1dbc-4c81-bfb4-6140c5bf16be" />
    <UnitTestResult executionId="59a6d700-f334-4741-85c0-12d6cf63de0a" testId="948c6e50-b89c-238c-9ecd-712d88ad26d6" testName="ManagedObjectNamedPipe_CreateTest_Success" computerName="ICSWS068" duration="00:00:00.0067147" startTime="2016-08-04T09:56:43.2692917+02:00" endTime="2016-08-04T09:56:43.2773983+02:00" testType="13cdc9d9-ddb5-4fa4-a97d-d965ccfc6d4b" outcome="Passed" testListId="8c84fa94-04c1-424b-9868-57a2d4851a1d" relativeResultsDirectory="59a6d700-f334-4741-85c0-12d6cf63de0a" />
    <UnitTestResult executionId="bdaf3456-c4c1-4bfa-9cc9-6da9c6ab5ecf" testId="95b9cc3e-c175-51c3-eb18-1dad3c6fb7e6" testName="ManagedObjectNamedPipe_CreateTest_Failure" computerName="ICSWS068" duration="00:00:00.0043547" startTime="2016-08-04T09:56:43.2798992+02:00" endTime="2016-08-04T09:56:43.2854102+02:00" testType="13cdc9d9-ddb5-4fa4-a97d-d965ccfc6d4b" outcome="Passed" testListId="8c84fa94-04c1-424b-9868-57a2d4851a1d" relativeResultsDirectory="bdaf3456-c4c1-4bfa-9cc9-6da9c6ab5ecf" />
    <UnitTestResult executionId="5142bee1-3a37-4942-a49a-9c1c4a79b224" testId="0b8c6ff9-d5bb-1fed-6a4a-52605a85f60c" testName="ManagedObjectNamedPipe_Close_Closes_Service_ReturnS_OK" computerName="ICSWS068" duration="00:00:00.0033679" startTime="2016-08-04T09:56:43.2883979+02:00" endTime="2016-08-04T09:56:43.2928981+02:00" testType="13cdc9d9-ddb5-4fa4-a97d-d965ccfc6d4b" outcome="Passed" testListId="8c84fa94-04c1-424b-9868-57a2d4851a1d" relativeResultsDirectory="5142bee1-3a37-4942-a49a-9c1c4a79b224" />
    <UnitTestResult executionId="81b572f1-6d21-49e9-803b-5f98d844286e" testId="35c0380f-e604-97a2-d077-d7ee55dc0e0d" testName="ManagedObjectNamedPipe_Close_ServiceFails_ReturnsError" computerName="ICSWS068" duration="00:00:00.0028339" startTime="2016-08-04T09:56:43.2959018+02:00" endTime="2016-08-04T09:56:43.2999188+02:00" testType="13cdc9d9-ddb5-4fa4-a97d-d965ccfc6d4b" outcome="Passed" testListId="8c84fa94-04c1-424b-9868-57a2d4851a1d" relativeResultsDirectory="81b572f1-6d21-49e9-803b-5f98d844286e" />
    <UnitTestResult executionId="a33ceae7-329a-479d-957d-c04d84de77d2" testId="399731ca-be7b-a4e4-ab07-0004a82f7530" testName="ManagedObjectNamedPipe_ReadString_Success_Test" computerName="ICSWS068" duration="00:00:00.0151700" startTime="2016-08-04T09:56:43.3019202+02:00" endTime="2016-08-04T09:56:43.3187018+02:00" testType="13cdc9d9-ddb5-4fa4-a97d-d965ccfc6d4b" outcome="Passed" testListId="8c84fa94-04c1-424b-9868-57a2d4851a1d" relativeResultsDirectory="a33ceae7-329a-479d-957d-c04d84de77d2" />
    <UnitTestResult executionId="d5f575b8-d985-41f8-ac16-60e000e8a79a" testId="3be58365-720e-c682-b002-481171098582" testName="ManagedObjectNamedPipe_ReadString_ReadLimitedNoOfChars_Success" computerName="ICSWS068" duration="00:00:00.0075235" startTime="2016-08-04T09:56:43.3216873+02:00" endTime="2016-08-04T09:56:43.3306954+02:00" testType="13cdc9d9-ddb5-4fa4-a97d-d965ccfc6d4b" outcome="Passed" testListId="8c84fa94-04c1-424b-9868-57a2d4851a1d" relativeResultsDirectory="d5f575b8-d985-41f8-ac16-60e000e8a79a" />
    <UnitTestResult executionId="75280b4d-d042-40f1-93d0-84a7b3a26b65" testId="5dee8f74-acb3-b4b5-dd21-b29141d0a065" testName="ManagedObjectNamedPipe_ReadString_Timeout" computerName="ICSWS068" duration="00:00:00.0323446" startTime="2016-08-04T09:56:43.3331965+02:00" endTime="2016-08-04T09:56:43.3666382+02:00" testType="13cdc9d9-ddb5-4fa4-a97d-d965ccfc6d4b" outcome="Passed" testListId="8c84fa94-04c1-424b-9868-57a2d4851a1d" relativeResultsDirectory="75280b4d-d042-40f1-93d0-84a7b3a26b65" />
    <UnitTestResult executionId="08867b50-6f5f-4158-a29f-5ba4a28ee41f" testId="fbdcf33d-7dfb-97c9-b080-d57d76af1fa7" testName="ManagedObjectNamedPipe_ReadString_NotConnected_Fails" computerName="ICSWS068" duration="00:00:00.0032629" startTime="2016-08-04T09:56:43.3711173+02:00" endTime="2016-08-04T09:56:43.3760732+02:00" testType="13cdc9d9-ddb5-4fa4-a97d-d965ccfc6d4b" outcome="Passed" testListId="8c84fa94-04c1-424b-9868-57a2d4851a1d" relativeResultsDirectory="08867b50-6f5f-4158-a29f-5ba4a28ee41f" />
    <UnitTestResult executionId="6d3c4e81-1cc4-4bcc-bd7f-3268ea05a6fc" testId="b2e89f73-4133-3b41-07b7-4ee461c2ecf7" testName="ManagedObjectNamedPipe_WriteString_Success_ReturnS_OK" computerName="ICSWS068" duration="00:00:00.0077138" startTime="2016-08-04T09:56:43.3785600+02:00" endTime="2016-08-04T09:56:43.3875669+02:00" testType="13cdc9d9-ddb5-4fa4-a97d-d965ccfc6d4b" outcome="Passed" testListId="8c84fa94-04c1-424b-9868-57a2d4851a1d" relativeResultsDirectory="6d3c4e81-1cc4-4bcc-bd7f-3268ea05a6fc" />
    <UnitTestResult executionId="0f4518bd-1e60-40bc-99b3-d1742f3a7757" testId="37de7b0f-b263-6de1-69dd-b7b31ea17157" testName="ManagedObjectNamedPipe_WriteString_PrepareSystemShutdown" computerName="ICSWS068" duration="00:00:00.0049561" startTime="2016-08-04T09:56:43.3905674+02:00" endTime="2016-08-04T09:56:43.3970775+02:00" testType="13cdc9d9-ddb5-4fa4-a97d-d965ccfc6d4b" outcome="Passed" testListId="8c84fa94-04c1-424b-9868-57a2d4851a1d" relativeResultsDirectory="0f4518bd-1e60-40bc-99b3-d1742f3a7757" />
    <UnitTestResult executionId="da46bcbf-5a5f-4acf-9fd4-04818d71e0ba" testId="f9ce4da8-267e-ccfe-fa1a-05f43c639686" testName="ManagedObjectNamedPipe_WriteString_NullArgument_Fails" computerName="ICSWS068" duration="00:00:00.0021668" startTime="2016-08-04T09:56:43.3995796+02:00" endTime="2016-08-04T09:56:43.4035824+02:00" testType="13cdc9d9-ddb5-4fa4-a97d-d965ccfc6d4b" outcome="Passed" testListId="8c84fa94-04c1-424b-9868-57a2d4851a1d" relativeResultsDirectory="da46bcbf-5a5f-4acf-9fd4-04818d71e0ba" />
    <UnitTestResult executionId="2f6e7721-97d6-4e95-9c0f-24ad8e7e41d2" testId="086a2b17-fa91-1462-dc08-4343a274ea57" testName="ManagedObjectNamedPipe_WriteString_NotConnected_Fails" computerName="ICSWS068" duration="00:00:00.0026653" startTime="2016-08-04T09:56:43.4065844+02:00" endTime="2016-08-04T09:56:43.4101093+02:00" testType="13cdc9d9-ddb5-4fa4-a97d-d965ccfc6d4b" outcome="Passed" testListId="8c84fa94-04c1-424b-9868-57a2d4851a1d" relativeResultsDirectory="2f6e7721-97d6-4e95-9c0f-24ad8e7e41d2" />
    <UnitTestResult executionId="8d07c5ae-db67-4cad-b59f-58545f1d7ba0" testId="e4c50118-0733-b5a5-a4ec-df482988938c" testName="ManagedObjectNamedPipe_ReadInteger_Success_ReturnS_OK" computerName="ICSWS068" duration="00:00:00.0080484" startTime="2016-08-04T09:56:43.4130949+02:00" endTime="2016-08-04T09:56:43.4226020+02:00" testType="13cdc9d9-ddb5-4fa4-a97d-d965ccfc6d4b" outcome="Passed" testListId="8c84fa94-04c1-424b-9868-57a2d4851a1d" relativeResultsDirectory="8d07c5ae-db67-4cad-b59f-58545f1d7ba0" />
    <UnitTestResult executionId="760ff971-5dd9-4114-8013-d287984b4e68" testId="03ab36a9-9664-6ac0-422d-3eef5867b795" testName="ManagedObjectNamedPipe_ReadInteger_SystemShutdown" computerName="ICSWS068" duration="00:00:00.0033348" startTime="2016-08-04T09:56:43.4256026+02:00" endTime="2016-08-04T09:56:43.4301066+02:00" testType="13cdc9d9-ddb5-4fa4-a97d-d965ccfc6d4b" outcome="Passed" testListId="8c84fa94-04c1-424b-9868-57a2d4851a1d" relativeResultsDirectory="760ff971-5dd9-4114-8013-d287984b4e68" />
    <UnitTestResult executionId="06b34800-25f1-4cb6-af18-08396664e260" testId="d60025df-1705-3c00-d16d-b2d6435975dc" testName="ManagedObjectNamedPipe_ReadInteger_NotConnected_Fails" computerName="ICSWS068" duration="00:00:00.0032266" startTime="2016-08-04T09:56:43.4331077+02:00" endTime="2016-08-04T09:56:43.4376112+02:00" testType="13cdc9d9-ddb5-4fa4-a97d-d965ccfc6d4b" outcome="Passed" testListId="8c84fa94-04c1-424b-9868-57a2d4851a1d" relativeResultsDirectory="06b34800-25f1-4cb6-af18-08396664e260" />
    <UnitTestResult executionId="e21a9df8-5520-4aea-8079-c8a4029bda0e" testId="405cb728-4473-0670-b8d8-6155b234ec01" testName="ManagedObjectNamedPipe_WriteInteger_Success_ReturnS_OK" computerName="ICSWS068" duration="00:00:00.0069147" startTime="2016-08-04T09:56:43.4411137+02:00" endTime="2016-08-04T09:56:43.4494171+02:00" testType="13cdc9d9-ddb5-4fa4-a97d-d965ccfc6d4b" outcome="Passed" testListId="8c84fa94-04c1-424b-9868-57a2d4851a1d" relativeResultsDirectory="e21a9df8-5520-4aea-8079-c8a4029bda0e" />
    <UnitTestResult executionId="cbf1f62e-566a-4909-95dd-27c7158a0849" testId="766fb526-767c-7fa3-8d62-a19a15e3ae57" testName="ManagedObjectNamedPipe_WriteInteger_WaitError" computerName="ICSWS068" duration="00:00:00.0027052" startTime="2016-08-04T09:56:43.4518957+02:00" endTime="2016-08-04T09:56:43.4559003+02:00" testType="13cdc9d9-ddb5-4fa4-a97d-d965ccfc6d4b" outcome="Passed" testListId="8c84fa94-04c1-424b-9868-57a2d4851a1d" relativeResultsDirectory="cbf1f62e-566a-4909-95dd-27c7158a0849" />
    <UnitTestResult executionId="982832bc-cb61-4598-94e3-98f90b25f27b" testId="dd704002-7cc9-1f8e-8488-677b2b846baf" testName="ManagedObjectNamedPipe_WriteInteger_NotConnected_Fails" computerName="ICSWS068" duration="00:00:00.0027052" startTime="2016-08-04T09:56:43.4584029+02:00" endTime="2016-08-04T09:56:43.4624058+02:00" testType="13cdc9d9-ddb5-4fa4-a97d-d965ccfc6d4b" outcome="Passed" testListId="8c84fa94-04c1-424b-9868-57a2d4851a1d" relativeResultsDirectory="982832bc-cb61-4598-94e3-98f90b25f27b" />
    <UnitTestResult executionId="35dec8a7-6cad-4b4f-8bb8-1e0535b30536" testId="fd1d86c0-a46a-6465-3cf5-7a42f7a1c6cd" testName="ManagedObjectNamedPipe_ReadBinaryData_Success" computerName="ICSWS068" duration="00:00:00.0097493" startTime="2016-08-04T09:56:43.4654072+02:00" endTime="2016-08-04T09:56:43.4764152+02:00" testType="13cdc9d9-ddb5-4fa4-a97d-d965ccfc6d4b" outcome="Passed" testListId="8c84fa94-04c1-424b-9868-57a2d4851a1d" relativeResultsDirectory="35dec8a7-6cad-4b4f-8bb8-1e0535b30536" />
    <UnitTestResult executionId="08dc3843-6bd9-4b59-8f9d-638efe90f43e" testId="637fdbf3-8d8d-10be-a15b-6dcb9493c84c" testName="ManagedObjectNamedPipe_ReadBinaryData_DataCanBeAppendedToBinaryArray" computerName="ICSWS068" duration="00:00:00.0049523" startTime="2016-08-04T09:56:43.4794172+02:00" endTime="2016-08-04T09:56:43.4859256+02:00" testType="13cdc9d9-ddb5-4fa4-a97d-d965ccfc6d4b" outcome="Passed" testListId="8c84fa94-04c1-424b-9868-57a2d4851a1d" relativeResultsDirectory="08dc3843-6bd9-4b59-8f9d-638efe90f43e" />
    <UnitTestResult executionId="199f07bb-0860-489b-a317-86bf9506b297" testId="076fee17-8b81-7e74-794b-ad9487c35570" testName="ManagedObjectNamedPipe_ReadBinaryData_LimitedNoOfBytes_Success" computerName="ICSWS068" duration="00:00:00.0092877" startTime="2016-08-04T09:56:43.4889279+02:00" endTime="2016-08-04T09:56:43.4997509+02:00" testType="13cdc9d9-ddb5-4fa4-a97d-d965ccfc6d4b" outcome="Passed" testListId="8c84fa94-04c1-424b-9868-57a2d4851a1d" relativeResultsDirectory="199f07bb-0860-489b-a317-86bf9506b297" />
    <UnitTestResult executionId="36ed22c2-c50f-4567-8685-c07f8a001a0c" testId="3eab8744-f351-7a88-77ac-b04b1768f0d6" testName="ManagedObjectNamedPipe_ReadBinaryData_LimitedNoOfBytes_Timeout" computerName="ICSWS068" duration="00:00:00.0203833" startTime="2016-08-04T09:56:43.5027532+02:00" endTime="2016-08-04T09:56:43.5242889+02:00" testType="13cdc9d9-ddb5-4fa4-a97d-d965ccfc6d4b" outcome="Passed" testListId="8c84fa94-04c1-424b-9868-57a2d4851a1d" relativeResultsDirectory="36ed22c2-c50f-4567-8685-c07f8a001a0c" />
    <UnitTestResult executionId="788c6124-d18a-4dca-a420-2210c102c6e4" testId="b39d7b02-3f3e-5760-0d38-e373b0d9e696" testName="ManagedObjectNamedPipe_ReadBinaryData_Timeout" computerName="ICSWS068" duration="00:00:00.0339745" startTime="2016-08-04T09:56:43.5272909+02:00" endTime="2016-08-04T09:56:43.5626738+02:00" testType="13cdc9d9-ddb5-4fa4-a97d-d965ccfc6d4b" outcome="Passed" testListId="8c84fa94-04c1-424b-9868-57a2d4851a1d" relativeResultsDirectory="788c6124-d18a-4dca-a420-2210c102c6e4" />
    <UnitTestResult executionId="778219c6-2607-4685-b955-0e5383cb7555" testId="8cce2bfa-fe39-f113-537b-f9758366985d" testName="ManagedObjectNamedPipe_ReadBinaryData_NotConnected_Fails" computerName="ICSWS068" duration="00:00:00.0030612" startTime="2016-08-04T09:56:43.5656776+02:00" endTime="2016-08-04T09:56:43.5696814+02:00" testType="13cdc9d9-ddb5-4fa4-a97d-d965ccfc6d4b" outcome="Passed" testListId="8c84fa94-04c1-424b-9868-57a2d4851a1d" relativeResultsDirectory="778219c6-2607-4685-b955-0e5383cb7555" />
    <UnitTestResult executionId="aa9ad3e4-d215-4736-aab0-0b56e7c7aca4" testId="2f234531-ade1-8d80-67e2-f11efcd67c27" testName="ManagedObjectNamedPipe_WriteBinaryData_Success_ReturnS_OK" computerName="ICSWS068" duration="00:00:00.0073781" startTime="2016-08-04T09:56:43.5731669+02:00" endTime="2016-08-04T09:56:43.5821735+02:00" testType="13cdc9d9-ddb5-4fa4-a97d-d965ccfc6d4b" outcome="Passed" testListId="8c84fa94-04c1-424b-9868-57a2d4851a1d" relativeResultsDirectory="aa9ad3e4-d215-4736-aab0-0b56e7c7aca4" />
    <UnitTestResult executionId="7f4b28cf-cfc8-4504-a7c1-4f22780caa64" testId="8cd965ba-9d15-02a8-d9a6-5c5c7f640da1" testName="ManagedObjectNamedPipe_WriteBinaryData_LimitedNoOfBytes_ReturnS_OK" computerName="ICSWS068" duration="00:00:00.0064969" startTime="2016-08-04T09:56:43.5846758+02:00" endTime="2016-08-04T09:56:43.5926921+02:00" testType="13cdc9d9-ddb5-4fa4-a97d-d965ccfc6d4b" outcome="Passed" testListId="8c84fa94-04c1-424b-9868-57a2d4851a1d" relativeResultsDirectory="7f4b28cf-cfc8-4504-a7c1-4f22780caa64" />
    <UnitTestResult executionId="7f131f9a-83a4-49db-8c4e-21cfeb33397f" testId="8372205f-e3c5-e884-37e3-ab7a9a816825" testName="ManagedObjectNamedPipe_WriteBinaryData_WaitError" computerName="ICSWS068" duration="00:00:00.0026662" startTime="2016-08-04T09:56:43.5966865+02:00" endTime="2016-08-04T09:56:43.6006896+02:00" testType="13cdc9d9-ddb5-4fa4-a97d-d965ccfc6d4b" outcome="Passed" testListId="8c84fa94-04c1-424b-9868-57a2d4851a1d" relativeResultsDirectory="7f131f9a-83a4-49db-8c4e-21cfeb33397f" />
    <UnitTestResult executionId="78732541-c114-4e5b-8bae-d0e5aa062a45" testId="e74b0b36-6419-48d0-867e-041b212ec0bd" testName="ManagedObjectNamedPipe_WriteBinaryData_NullArgument_Fails" computerName="ICSWS068" duration="00:00:00.0506240" startTime="2016-08-04T09:56:43.6036913+02:00" endTime="2016-08-04T09:56:43.6557746+02:00" testType="13cdc9d9-ddb5-4fa4-a97d-d965ccfc6d4b" outcome="Passed" testListId="8c84fa94-04c1-424b-9868-57a2d4851a1d" relativeResultsDirectory="78732541-c114-4e5b-8bae-d0e5aa062a45" />
    <UnitTestResult executionId="3c3f78b3-26ad-472a-97e9-1a0d18e89f56" testId="f5483390-2453-74a5-2ecb-e526102f9136" testName="ManagedObjectNamedPipe_WriteBinaryData_NotConnected_Fails" computerName="ICSWS068" duration="00:00:00.0027588" startTime="2016-08-04T09:56:43.6582754+02:00" endTime="2016-08-04T09:56:43.6617780+02:00" testType="13cdc9d9-ddb5-4fa4-a97d-d965ccfc6d4b" outcome="Passed" testListId="8c84fa94-04c1-424b-9868-57a2d4851a1d" relativeResultsDirectory="3c3f78b3-26ad-472a-97e9-1a0d18e89f56" />
    <UnitTestResult executionId="c3a478bb-e7f3-4b4d-9a6f-c9dd104456df" testId="e35ad71a-f382-997a-6948-84c2c25561ea" testName="ManagedObjectNamedPipe_WaitForClient_Success" computerName="ICSWS068" duration="00:00:00.0044104" startTime="2016-08-04T09:56:43.6654117+02:00" endTime="2016-08-04T09:56:43.6709154+02:00" testType="13cdc9d9-ddb5-4fa4-a97d-d965ccfc6d4b" outcome="Passed" testListId="8c84fa94-04c1-424b-9868-57a2d4851a1d" relativeResultsDirectory="c3a478bb-e7f3-4b4d-9a6f-c9dd104456df" />
    <UnitTestResult executionId="dd01dbd7-d474-42bb-80c6-3043d5aab3a5" testId="7835171e-dcef-89e1-d6bc-cdbd772f7679" testName="ManagedObjectNamedPipe_WaitForClient_Failure" computerName="ICSWS068" duration="00:00:00.0033107" startTime="2016-08-04T09:56:43.6734377+02:00" endTime="2016-08-04T09:56:43.6784244+02:00" testType="13cdc9d9-ddb5-4fa4-a97d-d965ccfc6d4b" outcome="Passed" testListId="8c84fa94-04c1-424b-9868-57a2d4851a1d" relativeResultsDirectory="dd01dbd7-d474-42bb-80c6-3043d5aab3a5" />
    <UnitTestResult executionId="bda5e660-4988-4e29-ac97-ff243cd425f0" testId="2a2b8e15-25c3-1ef6-20e8-81f56874fd81" testName="ManagedObjectNamedPipe_DisconnectClient_Success" computerName="ICSWS068" duration="00:00:00.0028404" startTime="2016-08-04T09:56:43.6809261+02:00" endTime="2016-08-04T09:56:43.6849483+02:00" testType="13cdc9d9-ddb5-4fa4-a97d-d965ccfc6d4b" outcome="Passed" testListId="8c84fa94-04c1-424b-9868-57a2d4851a1d" relativeResultsDirectory="bda5e660-4988-4e29-ac97-ff243cd425f0" />
    <UnitTestResult executionId="f29ea77c-2499-4cfa-81fc-602254d62f1a" testId="25941b2f-3033-621f-b224-be447fc2d6ff" testName="ManagedObjectNamedPipe_DisconnectClient_Failure" computerName="ICSWS068" duration="00:00:00.0024929" startTime="2016-08-04T09:56:43.6874336+02:00" endTime="2016-08-04T09:56:43.6914538+02:00" testType="13cdc9d9-ddb5-4fa4-a97d-d965ccfc6d4b" outcome="Passed" testListId="8c84fa94-04c1-424b-9868-57a2d4851a1d" relativeResultsDirectory="f29ea77c-2499-4cfa-81fc-602254d62f1a" />
    <UnitTestResult executionId="806eee42-6e3e-4974-868a-216ff5fd1c30" testId="e08b332e-1cd5-14e9-ef2a-9bad24b52e59" testName="ManagedObjectNamedPipe_NamedPipe_ExceptionsInLowerLayer_Fails" computerName="ICSWS068" duration="00:00:00.0089255" startTime="2016-08-04T09:56:43.6943866+02:00" endTime="2016-08-04T09:56:43.7044143+02:00" testType="13cdc9d9-ddb5-4fa4-a97d-d965ccfc6d4b" outcome="Passed" testListId="8c84fa94-04c1-424b-9868-57a2d4851a1d" relativeResultsDirectory="806eee42-6e3e-4974-868a-216ff5fd1c30" />
    <UnitTestResult executionId="6c9503b4-1202-4b39-bf65-effebbd80cc4" testId="de7cf77a-7ad7-c9f6-f8d6-17b737f2c648" testName="ManagedObjectNamedPipe_Dispose_DisposesService" computerName="ICSWS068" duration="00:00:00.0033884" startTime="2016-08-04T09:56:43.7089168+02:00" endTime="2016-08-04T09:56:43.7135285+02:00" testType="13cdc9d9-ddb5-4fa4-a97d-d965ccfc6d4b" outcome="Passed" testListId="8c84fa94-04c1-424b-9868-57a2d4851a1d" relativeResultsDirectory="6c9503b4-1202-4b39-bf65-effebbd80cc4" />
    <UnitTestResult executionId="a64e8fb1-efad-4076-b11c-01f00f68d304" testId="7c6b1f40-9994-4537-37de-95bd24302b78" testName="ManagedObjectNamedPipe_CommunicationTest" computerName="ICSWS068" duration="00:00:00.0112630" startTime="2016-08-04T09:56:43.7160146+02:00" endTime="2016-08-04T09:56:43.7281232+02:00" testType="13cdc9d9-ddb5-4fa4-a97d-d965ccfc6d4b" outcome="Passed" testListId="8c84fa94-04c1-424b-9868-57a2d4851a1d" relativeResultsDirectory="a64e8fb1-efad-4076-b11c-01f00f68d304" />
    <UnitTestResult executionId="de12d5a3-4d3c-4ff9-a073-00699f6c08f5" testId="0243185b-d224-1d0c-bb5e-57adce0b048a" testName="ManagedObjectNamedPipe_ScriptNamedPipeCommunicationMessageModeTest" computerName="ICSWS068" duration="00:00:00.0036641" startTime="2016-08-04T09:56:43.7311252+02:00" endTime="2016-08-04T09:56:43.7361293+02:00" testType="13cdc9d9-ddb5-4fa4-a97d-d965ccfc6d4b" outcome="Passed" testListId="8c84fa94-04c1-424b-9868-57a2d4851a1d" relativeResultsDirectory="de12d5a3-4d3c-4ff9-a073-00699f6c08f5" />
    <UnitTestResult executionId="db00a48b-3385-46ce-854b-08e470c06234" testId="c82d0f3c-7729-2896-1d15-094202f6d21d" testName="GetNode_UsesOpenNodeOnParameterNode_Succes" computerName="ICSWS068" duration="00:00:00.0016269" startTime="2016-08-04T09:56:43.7391313+02:00" endTime="2016-08-04T09:56:43.7421347+02:00" testType="13cdc9d9-ddb5-4fa4-a97d-d965ccfc6d4b" outcome="Passed" testListId="8c84fa94-04c1-424b-9868-57a2d4851a1d" relativeResultsDirectory="db00a48b-3385-46ce-854b-08e470c06234" />
    <UnitTestResult executionId="204b4a8c-2bba-409a-8277-e1e5cc066248" testId="2e27fb95-6c37-1b2c-b16b-1b1393146f9f" testName="GetNode_CanIgnoreErrors_Succes" computerName="ICSWS068" duration="00:00:00.0008375" startTime="2016-08-04T09:56:43.7446376+02:00" endTime="2016-08-04T09:56:43.7471402+02:00" testType="13cdc9d9-ddb5-4fa4-a97d-d965ccfc6d4b" outcome="Passed" testListId="8c84fa94-04c1-424b-9868-57a2d4851a1d" relativeResultsDirectory="204b4a8c-2bba-409a-8277-e1e5cc066248" />
    <UnitTestResult executionId="67a65237-02eb-4cf8-8486-b3cc4e639995" testId="0f0bba31-92ff-a4aa-5044-aacee9ba4063" testName="GetNode_Error" computerName="ICSWS068" duration="00:00:00.0007407" startTime="2016-08-04T09:56:43.7496581+02:00" endTime="2016-08-04T09:56:43.7516434+02:00" testType="13cdc9d9-ddb5-4fa4-a97d-d965ccfc6d4b" outcome="Passed" testListId="8c84fa94-04c1-424b-9868-57a2d4851a1d" relativeResultsDirectory="67a65237-02eb-4cf8-8486-b3cc4e639995" />
    <UnitTestResult executionId="5c620618-5f1c-40e2-bcb7-372ae8c2d809" testId="a32965de-3955-745a-dc49-ed38e6012d81" testName="GetNode_NullInput_Error" computerName="ICSWS068" duration="00:00:00.0003105" startTime="2016-08-04T09:56:43.7536615+02:00" endTime="2016-08-04T09:56:43.7551465+02:00" testType="13cdc9d9-ddb5-4fa4-a97d-d965ccfc6d4b" outcome="Passed" testListId="8c84fa94-04c1-424b-9868-57a2d4851a1d" relativeResultsDirectory="5c620618-5f1c-40e2-bcb7-372ae8c2d809" />
    <UnitTestResult executionId="e8fe0530-43b7-4efa-b9da-0a065bcaebda" testId="ec751e92-def9-4b9c-0b42-1c3097196dce" testName="AddDate_PredefinedInputFormats_Tests" computerName="ICSWS068" duration="00:00:00.0625595" startTime="2016-08-04T09:56:43.7581482+02:00" endTime="2016-08-04T09:56:43.8221794+02:00" testType="13cdc9d9-ddb5-4fa4-a97d-d965ccfc6d4b" outcome="Passed" testListId="8c84fa94-04c1-424b-9868-57a2d4851a1d" relativeResultsDirectory="e8fe0530-43b7-4efa-b9da-0a065bcaebda" />
    <UnitTestResult executionId="688c28da-3db6-407c-939c-c25d36fe7c4a" testId="03f36d95-aae4-b805-c24d-6e283ef93d28" testName="AddDate_ComplexFormat_Test" computerName="ICSWS068" duration="00:00:00.0011202" startTime="2016-08-04T09:56:43.8272292+02:00" endTime="2016-08-04T09:56:43.8292476+02:00" testType="13cdc9d9-ddb5-4fa4-a97d-d965ccfc6d4b" outcome="Passed" testListId="8c84fa94-04c1-424b-9868-57a2d4851a1d" relativeResultsDirectory="688c28da-3db6-407c-939c-c25d36fe7c4a" />
    <UnitTestResult executionId="a4cfab7f-e4c1-4b5d-a6ad-7a1c420c9c23" testId="4775c378-f058-133d-e024-8751c86215ef" testName="AddDate_InvalidFormatAndInputCombinationWeek_Fails" computerName="ICSWS068" duration="00:00:00.0007272" startTime="2016-08-04T09:56:43.8317332+02:00" endTime="2016-08-04T09:56:43.8337343+02:00" testType="13cdc9d9-ddb5-4fa4-a97d-d965ccfc6d4b" outcome="Passed" testListId="8c84fa94-04c1-424b-9868-57a2d4851a1d" relativeResultsDirectory="a4cfab7f-e4c1-4b5d-a6ad-7a1c420c9c23" />
    <UnitTestResult executionId="4457ad54-807c-4df9-8472-d975ba8f17bd" testId="625aa50c-4f64-d0c4-dfd2-4c3f7e1168c1" testName="AddDate_InvalidFormatAndInputCombination_Fails" computerName="ICSWS068" duration="00:00:00.0009703" startTime="2016-08-04T09:56:43.8357510+02:00" endTime="2016-08-04T09:56:43.8382375+02:00" testType="13cdc9d9-ddb5-4fa4-a97d-d965ccfc6d4b" outcome="Passed" testListId="8c84fa94-04c1-424b-9868-57a2d4851a1d" relativeResultsDirectory="4457ad54-807c-4df9-8472-d975ba8f17bd" />
    <UnitTestResult executionId="57d1552d-9908-443e-b1de-65ed64b6450a" testId="c15959e8-e17a-7fad-476d-b90b1e43e563" testName="AddDate_InvalidFormat_Fails" computerName="ICSWS068" duration="00:00:00.0008257" startTime="2016-08-04T09:56:43.8407389+02:00" endTime="2016-08-04T09:56:43.8432585+02:00" testType="13cdc9d9-ddb5-4fa4-a97d-d965ccfc6d4b" outcome="Passed" testListId="8c84fa94-04c1-424b-9868-57a2d4851a1d" relativeResultsDirectory="57d1552d-9908-443e-b1de-65ed64b6450a" />
    <UnitTestResult executionId="9c19b247-a3aa-4afa-8a93-caccf125c5ef" testId="e36dc63b-3d33-6a55-e50a-6f99b719f988" testName="AddDate_InvalidOutputFormat_Fails" computerName="ICSWS068" duration="00:00:00.0007298" startTime="2016-08-04T09:56:43.8452752+02:00" endTime="2016-08-04T09:56:43.8472614+02:00" testType="13cdc9d9-ddb5-4fa4-a97d-d965ccfc6d4b" outcome="Passed" testListId="8c84fa94-04c1-424b-9868-57a2d4851a1d" relativeResultsDirectory="9c19b247-a3aa-4afa-8a93-caccf125c5ef" />
    <UnitTestResult executionId="939c2cbb-b6d6-4a86-aab1-753f102050fb" testId="c417d433-4ec7-ed34-4368-bd2536be5e26" testName="AddDate_EmptyDestinationFormatReturnsEmptyString_Success" computerName="ICSWS068" duration="00:00:00.0005513" startTime="2016-08-04T09:56:43.8497616+02:00" endTime="2016-08-04T09:56:43.8517648+02:00" testType="13cdc9d9-ddb5-4fa4-a97d-d965ccfc6d4b" outcome="Passed" testListId="8c84fa94-04c1-424b-9868-57a2d4851a1d" relativeResultsDirectory="939c2cbb-b6d6-4a86-aab1-753f102050fb" />
    <UnitTestResult executionId="e47b6bda-3561-4167-adc5-6f3c2cccbbcb" testId="7c70736e-c392-bdf5-a241-d4fdc003fd32" testName="AddDate_NegativeValue_ReturnsExpectedDate" computerName="ICSWS068" duration="00:00:00.0006826" startTime="2016-08-04T09:56:43.8537847+02:00" endTime="2016-08-04T09:56:43.8562697+02:00" testType="13cdc9d9-ddb5-4fa4-a97d-d965ccfc6d4b" outcome="Passed" testListId="8c84fa94-04c1-424b-9868-57a2d4851a1d" relativeResultsDirectory="e47b6bda-3561-4167-adc5-6f3c2cccbbcb" />
    <UnitTestResult executionId="28cc4290-21d8-408e-b413-70a291c7bfb4" testId="35a2005f-4d90-f3ae-dafa-9e3754a4bbc7" testName="AddDate_SourceFormatIsEmptyString_ReturnsExpectedDate" computerName="ICSWS068" duration="00:00:00.0006659" startTime="2016-08-04T09:56:43.8587715+02:00" endTime="2016-08-04T09:56:43.8612740+02:00" testType="13cdc9d9-ddb5-4fa4-a97d-d965ccfc6d4b" outcome="Passed" testListId="8c84fa94-04c1-424b-9868-57a2d4851a1d" relativeResultsDirectory="28cc4290-21d8-408e-b413-70a291c7bfb4" />
    <UnitTestResult executionId="4335e2d4-ba52-4163-9f78-5b06feb8a091" testId="be749d0c-e7df-959f-502a-c4c409c67dbe" testName="AddDate_SourceFormatIsNull_ReturnsExpectedDate" computerName="ICSWS068" duration="00:00:00.0006310" startTime="2016-08-04T09:56:43.8637766+02:00" endTime="2016-08-04T09:56:43.8657942+02:00" testType="13cdc9d9-ddb5-4fa4-a97d-d965ccfc6d4b" outcome="Passed" testListId="8c84fa94-04c1-424b-9868-57a2d4851a1d" relativeResultsDirectory="4335e2d4-ba52-4163-9f78-5b06feb8a091" />
    <UnitTestResult executionId="e2116790-fea0-48a2-88df-2261f35472d2" testId="64a899b1-18ab-64ac-96f9-dc13a9682304" testName="SubDate_PredefinedInputFormats_Tests" computerName="ICSWS068" duration="00:00:00.0012486" startTime="2016-08-04T09:56:43.8682968+02:00" endTime="2016-08-04T09:56:43.8707971+02:00" testType="13cdc9d9-ddb5-4fa4-a97d-d965ccfc6d4b" outcome="Passed" testListId="8c84fa94-04c1-424b-9868-57a2d4851a1d" relativeResultsDirectory="e2116790-fea0-48a2-88df-2261f35472d2" />
    <UnitTestResult executionId="faf09bb6-4320-422a-be52-faa7f383e36e" testId="2a52b571-c706-cc01-037b-4ab2dd75ee42" testName="SubDate_ComplexFormat_Test" computerName="ICSWS068" duration="00:00:00.0011143" startTime="2016-08-04T09:56:43.8736920+02:00" endTime="2016-08-04T09:56:43.8761940+02:00" testType="13cdc9d9-ddb5-4fa4-a97d-d965ccfc6d4b" outcome="Passed" testListId="8c84fa94-04c1-424b-9868-57a2d4851a1d" relativeResultsDirectory="faf09bb6-4320-422a-be52-faa7f383e36e" />
    <UnitTestResult executionId="def09fb9-7832-41c9-9d7c-7a61d8912974" testId="253bd553-2045-c192-27d3-9066e641ec16" testName="SubDate_InvalidFormatAndInputCombination_Fails" computerName="ICSWS068" duration="00:00:00.0008275" startTime="2016-08-04T09:56:43.8782125+02:00" endTime="2016-08-04T09:56:43.8801987+02:00" testType="13cdc9d9-ddb5-4fa4-a97d-d965ccfc6d4b" outcome="Passed" testListId="8c84fa94-04c1-424b-9868-57a2d4851a1d" relativeResultsDirectory="def09fb9-7832-41c9-9d7c-7a61d8912974" />
    <UnitTestResult executionId="12f01e11-8222-4def-9304-8813f5ef4520" testId="43144dac-9f33-5f61-526b-0e927bbefe4a" testName="SubDate_InvalidFormat_Fails" computerName="ICSWS068" duration="00:00:00.0007970" startTime="2016-08-04T09:56:43.8832036+02:00" endTime="2016-08-04T09:56:43.8852056+02:00" testType="13cdc9d9-ddb5-4fa4-a97d-d965ccfc6d4b" outcome="Passed" testListId="8c84fa94-04c1-424b-9868-57a2d4851a1d" relativeResultsDirectory="12f01e11-8222-4def-9304-8813f5ef4520" />
    <UnitTestResult executionId="cfb04dd7-18c5-4f99-814f-e868ddadc8d0" testId="3d623816-b90d-1130-d3ce-48e59cddab4d" testName="SubDate_EmptyDestinationFormatReturnsEmptyString_Success" computerName="ICSWS068" duration="00:00:00.0005724" startTime="2016-08-04T09:56:43.8872226+02:00" endTime="2016-08-04T09:56:43.8892082+02:00" testType="13cdc9d9-ddb5-4fa4-a97d-d965ccfc6d4b" outcome="Passed" testListId="8c84fa94-04c1-424b-9868-57a2d4851a1d" relativeResultsDirectory="cfb04dd7-18c5-4f99-814f-e868ddadc8d0" />
    <UnitTestResult executionId="561fcee1-b45a-4156-ba07-671b382a2958" testId="a4c4d652-63ba-3c0d-ea37-00badaf729ea" testName="SubDate_NegativeValue_ReturnsExpectedDate" computerName="ICSWS068" duration="00:00:00.0006090" startTime="2016-08-04T09:56:43.8917096+02:00" endTime="2016-08-04T09:56:43.8937333+02:00" testType="13cdc9d9-ddb5-4fa4-a97d-d965ccfc6d4b" outcome="Passed" testListId="8c84fa94-04c1-424b-9868-57a2d4851a1d" relativeResultsDirectory="561fcee1-b45a-4156-ba07-671b382a2958" />
    <UnitTestResult executionId="4884025c-53b5-44e7-a774-40d60398dc4e" testId="5718d9ad-a8de-5c84-9c1a-051f7c977dc6" testName="SubDate_SourceFormatIsEmptyString_ReturnsExpectedDate" computerName="ICSWS068" duration="00:00:00.0006360" startTime="2016-08-04T09:56:43.8967189+02:00" endTime="2016-08-04T09:56:43.8982359+02:00" testType="13cdc9d9-ddb5-4fa4-a97d-d965ccfc6d4b" outcome="Passed" testListId="8c84fa94-04c1-424b-9868-57a2d4851a1d" relativeResultsDirectory="4884025c-53b5-44e7-a774-40d60398dc4e" />
    <UnitTestResult executionId="bafa3d43-bcc3-4cea-908b-d67c56b64d7e" testId="83c4d809-be9c-36da-c0c0-f4643a54b08d" testName="SubDate_SourceFormatIsNull_ReturnsExpectedDate" computerName="ICSWS068" duration="00:00:00.0006216" startTime="2016-08-04T09:56:43.9007382+02:00" endTime="2016-08-04T09:56:43.9030030+02:00" testType="13cdc9d9-ddb5-4fa4-a97d-d965ccfc6d4b" outcome="Passed" testListId="8c84fa94-04c1-424b-9868-57a2d4851a1d" relativeResultsDirectory="bafa3d43-bcc3-4cea-908b-d67c56b64d7e" />
    <UnitTestResult executionId="32654d11-d441-4f4d-bea4-df40b42a7ada" testId="2b5c7824-8380-8de2-63a4-04424b0e7044" testName="ConvertDate_PredefinedInputFormats_Tests" computerName="ICSWS068" duration="00:00:00.0011920" startTime="2016-08-04T09:56:43.9055064+02:00" endTime="2016-08-04T09:56:43.9075249+02:00" testType="13cdc9d9-ddb5-4fa4-a97d-d965ccfc6d4b" outcome="Passed" testListId="8c84fa94-04c1-424b-9868-57a2d4851a1d" relativeResultsDirectory="32654d11-d441-4f4d-bea4-df40b42a7ada" />
    <UnitTestResult executionId="f7dfb9a8-c47b-4157-9e23-3c7b8572078a" testId="d4687b1e-9df1-e071-1d96-3e2cf3e1c544" testName="ConvertDate_ComplexFormat_Test" computerName="ICSWS068" duration="00:00:00.0006548" startTime="2016-08-04T09:56:43.9100207+02:00" endTime="2016-08-04T09:56:43.9120107+02:00" testType="13cdc9d9-ddb5-4fa4-a97d-d965ccfc6d4b" outcome="Passed" testListId="8c84fa94-04c1-424b-9868-57a2d4851a1d" relativeResultsDirectory="f7dfb9a8-c47b-4157-9e23-3c7b8572078a" />
    <UnitTestResult executionId="385a7c15-4b99-4538-b91a-ac10e9d82eb5" testId="d6f5045b-e7df-03eb-42a0-f62bf5b375e2" testName="ConvertDate_InvalidFormatAndInputCombination_Fails" computerName="ICSWS068" duration="00:00:00.0007741" startTime="2016-08-04T09:56:43.9141550+02:00" endTime="2016-08-04T09:56:43.9161725+02:00" testType="13cdc9d9-ddb5-4fa4-a97d-d965ccfc6d4b" outcome="Passed" testListId="8c84fa94-04c1-424b-9868-57a2d4851a1d" relativeResultsDirectory="385a7c15-4b99-4538-b91a-ac10e9d82eb5" />
    <UnitTestResult executionId="e3b30be9-2ae1-48ee-b57f-c3fad234c35a" testId="19ce37e6-4c0e-5b26-19aa-1ca87fffab24" testName="ConvertDate_WeekTest_Success" computerName="ICSWS068" duration="00:00:00.0005932" startTime="2016-08-04T09:56:43.9181584+02:00" endTime="2016-08-04T09:56:43.9201745+02:00" testType="13cdc9d9-ddb5-4fa4-a97d-d965ccfc6d4b" outcome="Passed" testListId="8c84fa94-04c1-424b-9868-57a2d4851a1d" relativeResultsDirectory="e3b30be9-2ae1-48ee-b57f-c3fad234c35a" />
    <UnitTestResult executionId="ddcf08d2-3b76-4162-9985-7506dad429c4" testId="a73c886a-4dc4-c753-faa2-43a068d44d94" testName="ConvertDate_EmptyDestinationFormatReturnsEmptyString_Success" computerName="ICSWS068" duration="00:00:00.0005639" startTime="2016-08-04T09:56:43.9216604+02:00" endTime="2016-08-04T09:56:43.9246530+02:00" testType="13cdc9d9-ddb5-4fa4-a97d-d965ccfc6d4b" outcome="Passed" testListId="8c84fa94-04c1-424b-9868-57a2d4851a1d" relativeResultsDirectory="ddcf08d2-3b76-4162-9985-7506dad429c4" />
    <UnitTestResult executionId="40a13609-56a8-4f81-b96e-7e0115ea2c2f" testId="2373d25d-f5ca-0187-6723-a737192c45d9" testName="ConvertDate_SourceFormatIsEmptyString_ReturnsExpectedDate" computerName="ICSWS068" duration="00:00:00.0005721" startTime="2016-08-04T09:56:43.9271559+02:00" endTime="2016-08-04T09:56:43.9286404+02:00" testType="13cdc9d9-ddb5-4fa4-a97d-d965ccfc6d4b" outcome="Passed" testListId="8c84fa94-04c1-424b-9868-57a2d4851a1d" relativeResultsDirectory="40a13609-56a8-4f81-b96e-7e0115ea2c2f" />
    <UnitTestResult executionId="3c9be8ae-fd6d-41d5-8830-ae40baf990c7" testId="e2ad10f9-eb98-6da1-e2f3-9bce445b66df" testName="ConvertDate_SourceFormatIsNull_ReturnsExpectedDate" computerName="ICSWS068" duration="00:00:00.0006340" startTime="2016-08-04T09:56:43.9316418+02:00" endTime="2016-08-04T09:56:43.9336435+02:00" testType="13cdc9d9-ddb5-4fa4-a97d-d965ccfc6d4b" outcome="Passed" testListId="8c84fa94-04c1-424b-9868-57a2d4851a1d" relativeResultsDirectory="3c9be8ae-fd6d-41d5-8830-ae40baf990c7" />
    <UnitTestResult executionId="116ed8f3-875d-4c83-bec2-193c47a73e0d" testId="5fc943a0-c36d-f12f-5209-999fc4de5c10" testName="ConvertDate_InputMatchingStartOfFormat_Success" computerName="ICSWS068" duration="00:00:00.0006035" startTime="2016-08-04T09:56:43.9361458+02:00" endTime="2016-08-04T09:56:43.9376458+02:00" testType="13cdc9d9-ddb5-4fa4-a97d-d965ccfc6d4b" outcome="Passed" testListId="8c84fa94-04c1-424b-9868-57a2d4851a1d" relativeResultsDirectory="116ed8f3-875d-4c83-bec2-193c47a73e0d" />
    <UnitTestResult executionId="f48d0991-6c2e-4b23-a2c2-cea9b2e191d5" testId="3c118745-57e8-1cd3-bca9-530f270d1562" testName="ConvertDate_InputMatchingStartOfFormatWJunk_Success" computerName="ICSWS068" duration="00:00:00.0006929" startTime="2016-08-04T09:56:43.9406660+02:00" endTime="2016-08-04T09:56:43.9426659+02:00" testType="13cdc9d9-ddb5-4fa4-a97d-d965ccfc6d4b" outcome="Passed" testListId="8c84fa94-04c1-424b-9868-57a2d4851a1d" relativeResultsDirectory="f48d0991-6c2e-4b23-a2c2-cea9b2e191d5" />
    <UnitTestResult executionId="ad185dd4-5482-4452-b86b-a78de2fc2466" testId="5a20fcce-b964-9c58-ee53-6e7e6736acf4" testName="ConvertDate_InputTooShort_Fails" computerName="ICSWS068" duration="00:00:00.0007903" startTime="2016-08-04T09:56:43.9451521+02:00" endTime="2016-08-04T09:56:43.9471544+02:00" testType="13cdc9d9-ddb5-4fa4-a97d-d965ccfc6d4b" outcome="Passed" testListId="8c84fa94-04c1-424b-9868-57a2d4851a1d" relativeResultsDirectory="ad185dd4-5482-4452-b86b-a78de2fc2466" />
    <UnitTestResult executionId="967ab332-0afc-4cb7-b1f2-a9575eb1a78e" testId="2e5c1765-f67c-abe7-93db-eea60edea182" testName="GetSystemDate_UsesService_Success" computerName="ICSWS068" duration="00:00:00.0023802" startTime="2016-08-04T09:56:43.9496702+02:00" endTime="2016-08-04T09:56:43.9536602+02:00" testType="13cdc9d9-ddb5-4fa4-a97d-d965ccfc6d4b" outcome="Passed" testListId="8c84fa94-04c1-424b-9868-57a2d4851a1d" relativeResultsDirectory="967ab332-0afc-4cb7-b1f2-a9575eb1a78e" />
    <UnitTestResult executionId="c144df9a-5159-4cfd-a81f-54ceff59f5be" testId="11570296-260a-e449-5aee-3032d659ada8" testName="GetSystemDate_ToWeekFormat_Success" computerName="ICSWS068" duration="00:00:00.0013043" startTime="2016-08-04T09:56:43.9561613+02:00" endTime="2016-08-04T09:56:43.9586794+02:00" testType="13cdc9d9-ddb5-4fa4-a97d-d965ccfc6d4b" outcome="Passed" testListId="8c84fa94-04c1-424b-9868-57a2d4851a1d" relativeResultsDirectory="c144df9a-5159-4cfd-a81f-54ceff59f5be" />
    <UnitTestResult executionId="7e727c9b-fe28-4c57-9cab-5f8c2b43d3ec" testId="41674f16-adc5-0b17-65d7-71fb5ca006c9" testName="GetSystemDate_InvalidFormat_Fails" computerName="ICSWS068" duration="00:00:00.0008354" startTime="2016-08-04T09:56:43.9611650+02:00" endTime="2016-08-04T09:56:43.9631084+02:00" testType="13cdc9d9-ddb5-4fa4-a97d-d965ccfc6d4b" outcome="Passed" testListId="8c84fa94-04c1-424b-9868-57a2d4851a1d" relativeResultsDirectory="7e727c9b-fe28-4c57-9cab-5f8c2b43d3ec" />
    <UnitTestResult executionId="fc8c8d57-ffdf-4be8-98e8-0ec8874521d9" testId="6eca20c5-efaf-2286-5be3-5385032d9bbe" testName="ExecProgram_UsesService_Success" computerName="ICSWS068" duration="00:00:00.0021131" startTime="2016-08-04T09:56:43.9661110+02:00" endTime="2016-08-04T09:56:43.9691291+02:00" testType="13cdc9d9-ddb5-4fa4-a97d-d965ccfc6d4b" outcome="Passed" testListId="8c84fa94-04c1-424b-9868-57a2d4851a1d" relativeResultsDirectory="fc8c8d57-ffdf-4be8-98e8-0ec8874521d9" />
    <UnitTestResult executionId="0a0513bc-e961-4133-a057-9e16fbfd804c" testId="59467ccb-18ab-033a-3584-baad7cf8a369" testName="ExecProgram_ParametersPassedCorrectly_Success" computerName="ICSWS068" duration="00:00:00.0026553" startTime="2016-08-04T09:56:43.9721141+02:00" endTime="2016-08-04T09:56:43.9756176+02:00" testType="13cdc9d9-ddb5-4fa4-a97d-d965ccfc6d4b" outcome="Passed" testListId="8c84fa94-04c1-424b-9868-57a2d4851a1d" relativeResultsDirectory="0a0513bc-e961-4133-a057-9e16fbfd804c" />
    <UnitTestResult executionId="7ae8d974-8aef-49d8-9b27-dd78ac46ea91" testId="ae5555a0-37c6-c455-a4fa-32cff4839963" testName="ExecProgram_WindowStylesMappedCorrectly_Success" computerName="ICSWS068" duration="00:00:00.0028453" startTime="2016-08-04T09:56:43.9786190+02:00" endTime="2016-08-04T09:56:43.9826215+02:00" testType="13cdc9d9-ddb5-4fa4-a97d-d965ccfc6d4b" outcome="Passed" testListId="8c84fa94-04c1-424b-9868-57a2d4851a1d" relativeResultsDirectory="7ae8d974-8aef-49d8-9b27-dd78ac46ea91" />
    <UnitTestResult executionId="0e70def2-58e8-49c6-97cb-4f878a157aed" testId="7c4b1e2b-9b53-d3c4-9abe-823f5642361f" testName="ExecProgram_NullReturnCode_DoesNotReturnProcessReturnCode_Success" computerName="ICSWS068" duration="00:00:00.0012334" startTime="2016-08-04T09:56:43.9856238+02:00" endTime="2016-08-04T09:56:43.9881256+02:00" testType="13cdc9d9-ddb5-4fa4-a97d-d965ccfc6d4b" outcome="Passed" testListId="8c84fa94-04c1-424b-9868-57a2d4851a1d" relativeResultsDirectory="0e70def2-58e8-49c6-97cb-4f878a157aed" />
    <UnitTestResult executionId="966afc18-5fbc-49f7-974b-810b5e00c104" testId="eeac9b25-a4e3-6399-89fb-7237079a2de0" testName="ExecProgram_WaitForExit_ReturnCodeSet_Success" computerName="ICSWS068" duration="00:00:00.0008885" startTime="2016-08-04T09:56:43.9906284+02:00" endTime="2016-08-04T09:56:43.9926460+02:00" testType="13cdc9d9-ddb5-4fa4-a97d-d965ccfc6d4b" outcome="Passed" testListId="8c84fa94-04c1-424b-9868-57a2d4851a1d" relativeResultsDirectory="966afc18-5fbc-49f7-974b-810b5e00c104" />
    <UnitTestResult executionId="44b5f1df-7eb9-436d-8ba4-8aba3c7ddd6a" testId="5f3f7001-eef7-bb38-1e49-8decef8ed9b3" testName="ExecProgram_DoNotWaitForResult_Success" computerName="ICSWS068" duration="00:00:00.0008744" startTime="2016-08-04T09:56:43.9951492+02:00" endTime="2016-08-04T09:56:43.9971679+02:00" testType="13cdc9d9-ddb5-4fa4-a97d-d965ccfc6d4b" outcome="Passed" testListId="8c84fa94-04c1-424b-9868-57a2d4851a1d" relativeResultsDirectory="44b5f1df-7eb9-436d-8ba4-8aba3c7ddd6a" />
    <UnitTestResult executionId="0bd7a2ae-9659-4bc3-9b5e-92e05eeb8d8b" testId="71312cf5-fb82-7226-6377-aa75ed680198" testName="ExecProgram_Fails" computerName="ICSWS068" duration="00:00:00.0010492" startTime="2016-08-04T09:56:43.9991688+02:00" endTime="2016-08-04T09:56:44.0016699+02:00" testType="13cdc9d9-ddb5-4fa4-a97d-d965ccfc6d4b" outcome="Passed" testListId="8c84fa94-04c1-424b-9868-57a2d4851a1d" relativeResultsDirectory="0bd7a2ae-9659-4bc3-9b5e-92e05eeb8d8b" />
    <UnitTestResult executionId="b313f629-8fc2-4762-a394-e49028fcb4fa" testId="fefd9b19-f6bd-015a-355f-cedbc6033695" testName="Open_OverwriteIsFalse_UsesFileSystemService" computerName="ICSWS068" duration="00:00:00.0023829" startTime="2016-08-04T09:56:44.0037740+02:00" endTime="2016-08-04T09:56:44.0077610+02:00" testType="13cdc9d9-ddb5-4fa4-a97d-d965ccfc6d4b" outcome="Passed" testListId="8c84fa94-04c1-424b-9868-57a2d4851a1d" relativeResultsDirectory="b313f629-8fc2-4762-a394-e49028fcb4fa" />
    <UnitTestResult executionId="0e0b3e02-df45-4346-9cad-e3cf881cfb53" testId="a7da3ca8-2fba-28a9-7508-0ca683429351" testName="Open_OverwriteIsTrue_UsesFileSystemService" computerName="ICSWS068" duration="00:00:00.0008363" startTime="2016-08-04T09:56:44.0102786+02:00" endTime="2016-08-04T09:56:44.0122832+02:00" testType="13cdc9d9-ddb5-4fa4-a97d-d965ccfc6d4b" outcome="Passed" testListId="8c84fa94-04c1-424b-9868-57a2d4851a1d" relativeResultsDirectory="0e0b3e02-df45-4346-9cad-e3cf881cfb53" />
    <UnitTestResult executionId="736adeaa-6dbf-4664-8293-1a36b3495483" testId="8bfaa40b-60d2-df7a-8953-f32729ba7ff4" testName="Open_PreallocateSet_StreamSizeSet" computerName="ICSWS068" duration="00:00:00.0046638" startTime="2016-08-04T09:56:44.0147858+02:00" endTime="2016-08-04T09:56:44.0207801+02:00" testType="13cdc9d9-ddb5-4fa4-a97d-d965ccfc6d4b" outcome="Passed" testListId="8c84fa94-04c1-424b-9868-57a2d4851a1d" relativeResultsDirectory="736adeaa-6dbf-4664-8293-1a36b3495483" />
    <UnitTestResult executionId="fcaeb963-0899-4fa5-9066-1b4b10522a9f" testId="e5a95c71-638d-b172-ccbb-8ca986d570ba" testName="Open_PreallocateSet_SetLengthCalledOnStream" computerName="ICSWS068" duration="00:00:00.0676479" startTime="2016-08-04T09:56:44.0232745+02:00" endTime="2016-08-04T09:56:44.0922631+02:00" testType="13cdc9d9-ddb5-4fa4-a97d-d965ccfc6d4b" outcome="Passed" testListId="8c84fa94-04c1-424b-9868-57a2d4851a1d" relativeResultsDirectory="fcaeb963-0899-4fa5-9066-1b4b10522a9f" />
    <UnitTestResult executionId="f0a8029e-910e-4989-ae6d-16db9e9544cc" testId="ec85c822-abe3-f10d-56a7-ccfe38cfb712" testName="WriteRecord_OpenedAndClosed_WritesToStream" computerName="ICSWS068" duration="00:00:00.1087056" startTime="2016-08-04T09:56:44.0952645+02:00" endTime="2016-08-04T09:56:44.2049430+02:00" testType="13cdc9d9-ddb5-4fa4-a97d-d965ccfc6d4b" outcome="Passed" testListId="8c84fa94-04c1-424b-9868-57a2d4851a1d" relativeResultsDirectory="f0a8029e-910e-4989-ae6d-16db9e9544cc" />
    <UnitTestResult executionId="864654fc-f79e-465c-9521-4731d61542ad" testId="29f87f1d-50c8-cc7a-5fd8-63cf812e92ed" testName="WriteString_OpenedAndClosed_WritesToStream" computerName="ICSWS068" duration="00:00:00.0017237" startTime="2016-08-04T09:56:44.2104464+02:00" endTime="2016-08-04T09:56:44.2134818+02:00" testType="13cdc9d9-ddb5-4fa4-a97d-d965ccfc6d4b" outcome="Passed" testListId="8c84fa94-04c1-424b-9868-57a2d4851a1d" relativeResultsDirectory="864654fc-f79e-465c-9521-4731d61542ad" />
    <UnitTestResult executionId="dda129f2-4fb5-46ce-8c65-8b5c7e5fbde5" testId="78017cb6-059b-1954-e826-5016568abd9f" testName="DefaultConstructor_ImplementationInServiceLocator_Success" computerName="ICSWS068" duration="00:00:00.0687151" startTime="2016-08-04T09:56:44.2159833+02:00" endTime="2016-08-04T09:56:44.2861803+02:00" testType="13cdc9d9-ddb5-4fa4-a97d-d965ccfc6d4b" outcome="Passed" testListId="8c84fa94-04c1-424b-9868-57a2d4851a1d" relativeResultsDirectory="dda129f2-4fb5-46ce-8c65-8b5c7e5fbde5" />
    <UnitTestResult executionId="844fafe5-e1c6-4bfe-accb-a93237dae316" testId="9915ec3d-079b-2182-882d-24c14137d573" testName="DefaultConstructor_ImplementationNotInServiceLocator_Success" computerName="ICSWS068" duration="00:00:00.0008659" startTime="2016-08-04T09:56:44.2891671+02:00" endTime="2016-08-04T09:56:44.2916849+02:00" testType="13cdc9d9-ddb5-4fa4-a97d-d965ccfc6d4b" outcome="Passed" testListId="8c84fa94-04c1-424b-9868-57a2d4851a1d" relativeResultsDirectory="844fafe5-e1c6-4bfe-accb-a93237dae316" />
    <UnitTestResult executionId="6e6c3e9f-fdc7-4cf1-a6bb-8d6896a88cb9" testId="fb7c521a-b1a6-5a62-66a0-b87e2f3d620e" testName="ConnectToService_ImplementationNotInServiceLocator_Fails" computerName="ICSWS068" duration="00:00:00.0013935" startTime="2016-08-04T09:56:44.2942054+02:00" endTime="2016-08-04T09:56:44.2967062+02:00" testType="13cdc9d9-ddb5-4fa4-a97d-d965ccfc6d4b" outcome="Passed" testListId="8c84fa94-04c1-424b-9868-57a2d4851a1d" relativeResultsDirectory="6e6c3e9f-fdc7-4cf1-a6bb-8d6896a88cb9" />
    <UnitTestResult executionId="83a1bcc7-79e4-4020-b2c9-29c43f80a91c" testId="716388e6-22b2-b617-7b8a-2e0be3be5f88" testName="ConnectToService_ValidArguments_ImplementationIvokedWithExpectedArguments" computerName="ICSWS068" duration="00:00:00.0031553" startTime="2016-08-04T09:56:44.2991953+02:00" endTime="2016-08-04T09:56:44.3066976+02:00" testType="13cdc9d9-ddb5-4fa4-a97d-d965ccfc6d4b" outcome="Passed" testListId="8c84fa94-04c1-424b-9868-57a2d4851a1d" relativeResultsDirectory="83a1bcc7-79e4-4020-b2c9-29c43f80a91c" />
    <UnitTestResult executionId="9c0e34e7-5a5b-42f9-a286-13a7e3a577d5" testId="73537f6f-d3fa-940c-edea-b49f2222468b" testName="ConnectToService_NoMachineNameArguments_ImplementationIvokedWithDefaultMachineNameArgument" computerName="ICSWS068" duration="00:00:00.0017615" startTime="2016-08-04T09:56:44.3096996+02:00" endTime="2016-08-04T09:56:44.3127368+02:00" testType="13cdc9d9-ddb5-4fa4-a97d-d965ccfc6d4b" outcome="Passed" testListId="8c84fa94-04c1-424b-9868-57a2d4851a1d" relativeResultsDirectory="9c0e34e7-5a5b-42f9-a286-13a7e3a577d5" />
    <UnitTestResult executionId="16016fed-7530-4107-bfa4-56d4a544b84a" testId="e23a486c-47c0-4e0a-e71d-c5399b3a3f28" testName="ConnectToService_MachineNameArgumentIsEmptyString_ImplementationIvokedWithDefaultMachineNameArgument" computerName="ICSWS068" duration="00:00:00.0016732" startTime="2016-08-04T09:56:44.3147235+02:00" endTime="2016-08-04T09:56:44.3177414+02:00" testType="13cdc9d9-ddb5-4fa4-a97d-d965ccfc6d4b" outcome="Passed" testListId="8c84fa94-04c1-424b-9868-57a2d4851a1d" relativeResultsDirectory="16016fed-7530-4107-bfa4-56d4a544b84a" />
    <UnitTestResult executionId="85f6806a-1821-47de-8f37-d512e06440e6" testId="237862cf-2d0d-cbaf-26d4-180cb06a36d9" testName="Continue_NotConnected_Fails" computerName="ICSWS068" duration="00:00:00.0016811" startTime="2016-08-04T09:56:44.3197270+02:00" endTime="2016-08-04T09:56:44.3217272+02:00" testType="13cdc9d9-ddb5-4fa4-a97d-d965ccfc6d4b" outcome="Passed" testListId="8c84fa94-04c1-424b-9868-57a2d4851a1d" relativeResultsDirectory="85f6806a-1821-47de-8f37-d512e06440e6" />
    <UnitTestResult executionId="16eb6777-7a3e-4563-8e44-e39167e15ce0" testId="5a23b2d1-fa34-06b1-35fd-d6a94876e4ee" testName="Continue_Connected_ImplementationInvoked" computerName="ICSWS068" duration="00:00:00.0014530" startTime="2016-08-04T09:56:44.3255016+02:00" endTime="2016-08-04T09:56:44.3285036+02:00" testType="13cdc9d9-ddb5-4fa4-a97d-d965ccfc6d4b" outcome="Passed" testListId="8c84fa94-04c1-424b-9868-57a2d4851a1d" relativeResultsDirectory="16eb6777-7a3e-4563-8e44-e39167e15ce0" />
    <UnitTestResult executionId="fd72aaa6-4ce6-407e-a32f-a4fe6085de97" testId="b1d9cdba-bc33-5bab-b674-f28b01fecec4" testName="DisconnectService_NotConnected_ImplementationNotInvoked" computerName="ICSWS068" duration="00:00:00.0010495" startTime="2016-08-04T09:56:44.3310048+02:00" endTime="2016-08-04T09:56:44.3330220+02:00" testType="13cdc9d9-ddb5-4fa4-a97d-d965ccfc6d4b" outcome="Passed" testListId="8c84fa94-04c1-424b-9868-57a2d4851a1d" relativeResultsDirectory="fd72aaa6-4ce6-407e-a32f-a4fe6085de97" />
    <UnitTestResult executionId="cd48a76b-045d-4e0a-b172-8fdc118ddb0f" testId="c2c8a609-4c8c-496e-d57f-80602202f7e8" testName="DisconnectService_Connected_ImplementationInvoked" computerName="ICSWS068" duration="00:00:00.0011668" startTime="2016-08-04T09:56:44.3355097+02:00" endTime="2016-08-04T09:56:44.3375267+02:00" testType="13cdc9d9-ddb5-4fa4-a97d-d965ccfc6d4b" outcome="Passed" testListId="8c84fa94-04c1-424b-9868-57a2d4851a1d" relativeResultsDirectory="cd48a76b-045d-4e0a-b172-8fdc118ddb0f" />
    <UnitTestResult executionId="1db87d40-82e7-4e0b-b9aa-b9255755e42c" testId="6c56f43c-2481-f70b-ab36-750f8eb4a629" testName="Pause_NotConnected_Fails" computerName="ICSWS068" duration="00:00:00.0013298" startTime="2016-08-04T09:56:44.3405116+02:00" endTime="2016-08-04T09:56:44.3430292+02:00" testType="13cdc9d9-ddb5-4fa4-a97d-d965ccfc6d4b" outcome="Passed" testListId="8c84fa94-04c1-424b-9868-57a2d4851a1d" relativeResultsDirectory="1db87d40-82e7-4e0b-b9aa-b9255755e42c" />
    <UnitTestResult executionId="822b46a0-2a83-46df-9de4-586a25360059" testId="921a591d-5684-3990-4503-a415bbdb362d" testName="Pause_Connected_ImplementationInvoked" computerName="ICSWS068" duration="00:00:00.0012958" startTime="2016-08-04T09:56:44.3455151+02:00" endTime="2016-08-04T09:56:44.3480326+02:00" testType="13cdc9d9-ddb5-4fa4-a97d-d965ccfc6d4b" outcome="Passed" testListId="8c84fa94-04c1-424b-9868-57a2d4851a1d" relativeResultsDirectory="822b46a0-2a83-46df-9de4-586a25360059" />
    <UnitTestResult executionId="f326071a-3fa9-4d1c-98f4-6a3d6449846e" testId="774c5a23-7b55-7960-eb11-4650a4290038" testName="Refresh_NotConnected_Fails" computerName="ICSWS068" duration="00:00:00.0011788" startTime="2016-08-04T09:56:44.3505188+02:00" endTime="2016-08-04T09:56:44.3520375+02:00" testType="13cdc9d9-ddb5-4fa4-a97d-d965ccfc6d4b" outcome="Passed" testListId="8c84fa94-04c1-424b-9868-57a2d4851a1d" relativeResultsDirectory="f326071a-3fa9-4d1c-98f4-6a3d6449846e" />
    <UnitTestResult executionId="6e1c1b39-1251-403e-8c2a-18a208aed270" testId="4009ef10-c4a6-ac30-5c90-edc98eb9511a" testName="Refresh_Connected_ImplementationInvoked" computerName="ICSWS068" duration="00:00:00.0010993" startTime="2016-08-04T09:56:44.3550463+02:00" endTime="2016-08-04T09:56:44.3575644+02:00" testType="13cdc9d9-ddb5-4fa4-a97d-d965ccfc6d4b" outcome="Passed" testListId="8c84fa94-04c1-424b-9868-57a2d4851a1d" relativeResultsDirectory="6e1c1b39-1251-403e-8c2a-18a208aed270" />
    <UnitTestResult executionId="191c4fbc-ada2-4617-97e5-70f90a9beca9" testId="60ce74a5-b639-f92e-4845-6bac258dc7b1" testName="Start_NotConnected_Fails" computerName="ICSWS068" duration="00:00:00.0012606" startTime="2016-08-04T09:56:44.3600644+02:00" endTime="2016-08-04T09:56:44.3625679+02:00" testType="13cdc9d9-ddb5-4fa4-a97d-d965ccfc6d4b" outcome="Passed" testListId="8c84fa94-04c1-424b-9868-57a2d4851a1d" relativeResultsDirectory="191c4fbc-ada2-4617-97e5-70f90a9beca9" />
    <UnitTestResult executionId="e261cde3-0608-48c1-bdeb-6a27912ab12c" testId="7a3758e8-b584-9655-0731-a5d3a3a4352a" testName="Start_Connected_ImplementationInvoked" computerName="ICSWS068" duration="00:00:00.0012653" startTime="2016-08-04T09:56:44.3655716+02:00" endTime="2016-08-04T09:56:44.3680736+02:00" testType="13cdc9d9-ddb5-4fa4-a97d-d965ccfc6d4b" outcome="Passed" testListId="8c84fa94-04c1-424b-9868-57a2d4851a1d" relativeResultsDirectory="e261cde3-0608-48c1-bdeb-6a27912ab12c" />
    <UnitTestResult executionId="9be56dc3-f630-4fa2-9f04-73830e2fd1ab" testId="91c4e265-a65b-dfa3-0937-32368eb9cf5c" testName="Stop_NotConnected_Fails" computerName="ICSWS068" duration="00:00:00.0016430" startTime="2016-08-04T09:56:44.3705765+02:00" endTime="2016-08-04T09:56:44.3740011+02:00" testType="13cdc9d9-ddb5-4fa4-a97d-d965ccfc6d4b" outcome="Passed" testListId="8c84fa94-04c1-424b-9868-57a2d4851a1d" relativeResultsDirectory="9be56dc3-f630-4fa2-9f04-73830e2fd1ab" />
    <UnitTestResult executionId="a283c97c-1b4b-46c5-a3f1-018c41bc2355" testId="e99b59a4-9c41-bba8-3365-9019877a3116" testName="Stop_Connected_ImplementationInvoked" computerName="ICSWS068" duration="00:00:00.0012935" startTime="2016-08-04T09:56:44.3765043+02:00" endTime="2016-08-04T09:56:44.3790207+02:00" testType="13cdc9d9-ddb5-4fa4-a97d-d965ccfc6d4b" outcome="Passed" testListId="8c84fa94-04c1-424b-9868-57a2d4851a1d" relativeResultsDirectory="a283c97c-1b4b-46c5-a3f1-018c41bc2355" />
    <UnitTestResult executionId="a98a2415-db50-4503-a145-2ffd88017897" testId="dd8f2dbc-12bb-ce08-b1f0-70639974ccdb" testName="getBinaryPath_NotConnected_Fails" computerName="ICSWS068" duration="00:00:00.0009985" startTime="2016-08-04T09:56:44.3815083+02:00" endTime="2016-08-04T09:56:44.3835115+02:00" testType="13cdc9d9-ddb5-4fa4-a97d-d965ccfc6d4b" outcome="Passed" testListId="8c84fa94-04c1-424b-9868-57a2d4851a1d" relativeResultsDirectory="a98a2415-db50-4503-a145-2ffd88017897" />
    <UnitTestResult executionId="11c3c974-a596-4bd9-a991-525ec3c763f3" testId="2064b8b6-5406-e4e3-682d-40dc0dda4a29" testName="getBinaryPath_Connected_ReturnsExpectedValue" computerName="ICSWS068" duration="00:00:00.0018750" startTime="2016-08-04T09:56:44.3865144+02:00" endTime="2016-08-04T09:56:44.3895158+02:00" testType="13cdc9d9-ddb5-4fa4-a97d-d965ccfc6d4b" outcome="Passed" testListId="8c84fa94-04c1-424b-9868-57a2d4851a1d" relativeResultsDirectory="11c3c974-a596-4bd9-a991-525ec3c763f3" />
    <UnitTestResult executionId="f6c2c461-21d8-415f-befe-24e6d9d19f71" testId="a04da09a-c880-69dd-b4bc-1df833e24c50" testName="getDisplayName_NotConnected_Fails" computerName="ICSWS068" duration="00:00:00.0010143" startTime="2016-08-04T09:56:44.3925374+02:00" endTime="2016-08-04T09:56:44.3950271+02:00" testType="13cdc9d9-ddb5-4fa4-a97d-d965ccfc6d4b" outcome="Passed" testListId="8c84fa94-04c1-424b-9868-57a2d4851a1d" relativeResultsDirectory="f6c2c461-21d8-415f-befe-24e6d9d19f71" />
    <UnitTestResult executionId="1464fcbd-1627-42f4-a7e9-e4312fc195bb" testId="17c0984d-00ed-33cc-bc3a-e80eb2c5b9b9" testName="getDisplayName_Connected_ReturnsExpectedValue" computerName="ICSWS068" duration="00:00:00.0012380" startTime="2016-08-04T09:56:44.3970394+02:00" endTime="2016-08-04T09:56:44.3995432+02:00" testType="13cdc9d9-ddb5-4fa4-a97d-d965ccfc6d4b" outcome="Passed" testListId="8c84fa94-04c1-424b-9868-57a2d4851a1d" relativeResultsDirectory="1464fcbd-1627-42f4-a7e9-e4312fc195bb" />
    <UnitTestResult executionId="22bde089-2bae-4db6-92a4-d8177d997829" testId="0568c309-ef7f-70bd-ad29-6793c52fb3da" testName="getMachineName_NotConnected_Fails" computerName="ICSWS068" duration="00:00:00.0010228" startTime="2016-08-04T09:56:44.4015285+02:00" endTime="2016-08-04T09:56:44.4045985+02:00" testType="13cdc9d9-ddb5-4fa4-a97d-d965ccfc6d4b" outcome="Passed" testListId="8c84fa94-04c1-424b-9868-57a2d4851a1d" relativeResultsDirectory="22bde089-2bae-4db6-92a4-d8177d997829" />
    <UnitTestResult executionId="d31b13d2-da79-42bc-975c-ca835944f3e0" testId="66a21a84-8b8f-ebd1-7211-e7b068fe29fe" testName="getMachineName_Connected_ReturnsExpectedValue" computerName="ICSWS068" duration="00:00:00.0013656" startTime="2016-08-04T09:56:44.4070932+02:00" endTime="2016-08-04T09:56:44.4100952+02:00" testType="13cdc9d9-ddb5-4fa4-a97d-d965ccfc6d4b" outcome="Passed" testListId="8c84fa94-04c1-424b-9868-57a2d4851a1d" relativeResultsDirectory="d31b13d2-da79-42bc-975c-ca835944f3e0" />
    <UnitTestResult executionId="ed05eda8-adeb-4507-83c2-2c7942775cfc" testId="d4954e52-2dd8-0ed0-c112-15b32eb33459" testName="getProcessId_NotConnected_Fails" computerName="ICSWS068" duration="00:00:00.0010166" startTime="2016-08-04T09:56:44.4126148+02:00" endTime="2016-08-04T09:56:44.4146168+02:00" testType="13cdc9d9-ddb5-4fa4-a97d-d965ccfc6d4b" outcome="Passed" testListId="8c84fa94-04c1-424b-9868-57a2d4851a1d" relativeResultsDirectory="ed05eda8-adeb-4507-83c2-2c7942775cfc" />
    <UnitTestResult executionId="c34d8bf3-7f6b-4113-9f76-41ff6565e333" testId="400574e9-cfd2-28d7-2497-8d12875e57fe" testName="getProcessId_Connected_ReturnsExpectedValue" computerName="ICSWS068" duration="00:00:00.0017187" startTime="2016-08-04T09:56:44.4176191+02:00" endTime="2016-08-04T09:56:44.4206381+02:00" testType="13cdc9d9-ddb5-4fa4-a97d-d965ccfc6d4b" outcome="Passed" testListId="8c84fa94-04c1-424b-9868-57a2d4851a1d" relativeResultsDirectory="c34d8bf3-7f6b-4113-9f76-41ff6565e333" />
    <UnitTestResult executionId="f97a015a-47b6-407d-b931-9a47c4c4ee5f" testId="324d0d51-bb16-4866-2971-ea6ad31ad1a3" testName="getServiceName_NotConnected_Fails" computerName="ICSWS068" duration="00:00:00.0010354" startTime="2016-08-04T09:56:44.4233844+02:00" endTime="2016-08-04T09:56:44.4259017+02:00" testType="13cdc9d9-ddb5-4fa4-a97d-d965ccfc6d4b" outcome="Passed" testListId="8c84fa94-04c1-424b-9868-57a2d4851a1d" relativeResultsDirectory="f97a015a-47b6-407d-b931-9a47c4c4ee5f" />
    <UnitTestResult executionId="efe5442f-7d1b-4ec1-8005-355103d7b86e" testId="7677fc14-1b53-848a-20ff-aac9fdcfb551" testName="getServiceName_Connected_ReturnsExpectedValue" computerName="ICSWS068" duration="00:00:00.0012856" startTime="2016-08-04T09:56:44.4279040+02:00" endTime="2016-08-04T09:56:44.4304048+02:00" testType="13cdc9d9-ddb5-4fa4-a97d-d965ccfc6d4b" outcome="Passed" testListId="8c84fa94-04c1-424b-9868-57a2d4851a1d" relativeResultsDirectory="efe5442f-7d1b-4ec1-8005-355103d7b86e" />
    <UnitTestResult executionId="9f7a2d14-9e70-47ae-8e82-cef978d9dc62" testId="4c2abb17-2382-29a0-d0f8-459cc8a0f350" testName="getServiceStatus_NotConnected_Fails" computerName="ICSWS068" duration="00:00:00.0009914" startTime="2016-08-04T09:56:44.4329089+02:00" endTime="2016-08-04T09:56:44.4354089+02:00" testType="13cdc9d9-ddb5-4fa4-a97d-d965ccfc6d4b" outcome="Passed" testListId="8c84fa94-04c1-424b-9868-57a2d4851a1d" relativeResultsDirectory="9f7a2d14-9e70-47ae-8e82-cef978d9dc62" />
    <UnitTestResult executionId="79eac563-70a6-4be9-af2e-234f96032c6c" testId="452aaa1d-347b-2f07-0c00-e805036b2e18" testName="getServiceStatus_Connected_ReturnsExpectedValue" computerName="ICSWS068" duration="00:00:00.0040148" startTime="2016-08-04T09:56:44.4373947+02:00" endTime="2016-08-04T09:56:44.4429158+02:00" testType="13cdc9d9-ddb5-4fa4-a97d-d965ccfc6d4b" outcome="Passed" testListId="8c84fa94-04c1-424b-9868-57a2d4851a1d" relativeResultsDirectory="79eac563-70a6-4be9-af2e-234f96032c6c" />
    <UnitTestResult executionId="239395e6-4e63-48e5-8506-51540d1c327b" testId="40bde8fd-a09c-5ba6-91eb-ea957d7f6bde" testName="getServiceStatusText_NotConnected_Fails" computerName="ICSWS068" duration="00:00:00.0011219" startTime="2016-08-04T09:56:44.4463996+02:00" endTime="2016-08-04T09:56:44.4484019+02:00" testType="13cdc9d9-ddb5-4fa4-a97d-d965ccfc6d4b" outcome="Passed" testListId="8c84fa94-04c1-424b-9868-57a2d4851a1d" relativeResultsDirectory="239395e6-4e63-48e5-8506-51540d1c327b" />
    <UnitTestResult executionId="a78b49d2-3558-4c64-b5b2-f978bdf4c4b9" testId="e6b206ac-4c65-f54f-2e38-203cbedf1570" testName="getServiceStatusText_Connected_ReturnsExpectedValue" computerName="ICSWS068" duration="00:00:00.0011416" startTime="2016-08-04T09:56:44.4509221+02:00" endTime="2016-08-04T09:56:44.4534232+02:00" testType="13cdc9d9-ddb5-4fa4-a97d-d965ccfc6d4b" outcome="Passed" testListId="8c84fa94-04c1-424b-9868-57a2d4851a1d" relativeResultsDirectory="a78b49d2-3558-4c64-b5b2-f978bdf4c4b9" />
    <UnitTestResult executionId="923ee458-2c08-4dc9-b9b3-34af979d50e5" testId="dd9b318f-9742-5f8b-5bbc-f327a4bb22f7" testName="getServiceType_NotConnected_Fails" computerName="ICSWS068" duration="00:00:00.0010583" startTime="2016-08-04T09:56:44.4559261+02:00" endTime="2016-08-04T09:56:44.4584269+02:00" testType="13cdc9d9-ddb5-4fa4-a97d-d965ccfc6d4b" outcome="Passed" testListId="8c84fa94-04c1-424b-9868-57a2d4851a1d" relativeResultsDirectory="923ee458-2c08-4dc9-b9b3-34af979d50e5" />
    <UnitTestResult executionId="7f450d8e-8742-44e0-be45-35972b9c3311" testId="73fe65d9-1496-ecab-ac02-2dff2b3f72a7" testName="getServiceType_Connected_ReturnsExpectedValue" computerName="ICSWS068" duration="00:00:00.0043632" startTime="2016-08-04T09:56:44.4609128+02:00" endTime="2016-08-04T09:56:44.4664224+02:00" testType="13cdc9d9-ddb5-4fa4-a97d-d965ccfc6d4b" outcome="Passed" testListId="8c84fa94-04c1-424b-9868-57a2d4851a1d" relativeResultsDirectory="7f450d8e-8742-44e0-be45-35972b9c3311" />
    <UnitTestResult executionId="c710ffe0-5553-4a88-bb80-e3c28c7257f1" testId="243e4e73-b8a6-c732-cc2d-3e9aaa1a7973" testName="EnumDependantServices_NotConnected_Fails" computerName="ICSWS068" duration="00:00:00.0021597" startTime="2016-08-04T09:56:44.4689403+02:00" endTime="2016-08-04T09:56:44.4724425+02:00" testType="13cdc9d9-ddb5-4fa4-a97d-d965ccfc6d4b" outcome="Passed" testListId="8c84fa94-04c1-424b-9868-57a2d4851a1d" relativeResultsDirectory="c710ffe0-5553-4a88-bb80-e3c28c7257f1" />
    <UnitTestResult executionId="4abc67ec-fdd7-44e0-9fe8-759d8008e500" testId="6b54b967-7168-d6d2-55d6-692059056cd4" testName="EnumDependantServices_FirstIsTrueNoDependantServices_ReturnsExpectedValue" computerName="ICSWS068" duration="00:00:00.0013213" startTime="2016-08-04T09:56:44.4749487+02:00" endTime="2016-08-04T09:56:44.4774466+02:00" testType="13cdc9d9-ddb5-4fa4-a97d-d965ccfc6d4b" outcome="Passed" testListId="8c84fa94-04c1-424b-9868-57a2d4851a1d" relativeResultsDirectory="4abc67ec-fdd7-44e0-9fe8-759d8008e500" />
    <UnitTestResult executionId="d3437afc-72d8-4a8e-a781-9c45e31670fd" testId="cc06063e-4605-10cb-bbd7-93f57249e9f2" testName="EnumDependantServices_FirstIsFalseNoDependantServices_ReturnsExpectedValue" computerName="ICSWS068" duration="00:00:00.0010732" startTime="2016-08-04T09:56:44.4799316+02:00" endTime="2016-08-04T09:56:44.4819479+02:00" testType="13cdc9d9-ddb5-4fa4-a97d-d965ccfc6d4b" outcome="Passed" testListId="8c84fa94-04c1-424b-9868-57a2d4851a1d" relativeResultsDirectory="d3437afc-72d8-4a8e-a781-9c45e31670fd" />
    <UnitTestResult executionId="fafdf30f-cf63-4cb1-8471-99605cd63041" testId="6f0952ef-b78c-8cab-b1bf-22d6a6248ec2" testName="EnumDependantServices_FirstIsTrueOneDependantServices_ReturnsExpectedValue" computerName="ICSWS068" duration="00:00:00.0012263" startTime="2016-08-04T09:56:44.4845564+02:00" endTime="2016-08-04T09:56:44.4870745+02:00" testType="13cdc9d9-ddb5-4fa4-a97d-d965ccfc6d4b" outcome="Passed" testListId="8c84fa94-04c1-424b-9868-57a2d4851a1d" relativeResultsDirectory="fafdf30f-cf63-4cb1-8471-99605cd63041" />
    <UnitTestResult executionId="2a4574ab-ba99-4027-a04f-43fad6597845" testId="929fd9d5-06cf-74eb-4ab5-236799efba19" testName="EnumDependantServices_FirstIsFalseOneDependantServices_ReturnsNull" computerName="ICSWS068" duration="00:00:00.0011914" startTime="2016-08-04T09:56:44.4895590+02:00" endTime="2016-08-04T09:56:44.4920633+02:00" testType="13cdc9d9-ddb5-4fa4-a97d-d965ccfc6d4b" outcome="Passed" testListId="8c84fa94-04c1-424b-9868-57a2d4851a1d" relativeResultsDirectory="2a4574ab-ba99-4027-a04f-43fad6597845" />
    <UnitTestResult executionId="c3bbb6b7-946c-467e-93e6-68ed0c123335" testId="4cca7c3f-41dd-0543-d8d3-764bf8abcc4a" testName="EnumDependantServices_FirstIsTrueTwoDependantServicesFirstInvocation_ReturnsExpectedValue" computerName="ICSWS068" duration="00:00:00.0017207" startTime="2016-08-04T09:56:44.4945694+02:00" endTime="2016-08-04T09:56:44.4975864+02:00" testType="13cdc9d9-ddb5-4fa4-a97d-d965ccfc6d4b" outcome="Passed" testListId="8c84fa94-04c1-424b-9868-57a2d4851a1d" relativeResultsDirectory="c3bbb6b7-946c-467e-93e6-68ed0c123335" />
    <UnitTestResult executionId="eee67c83-7088-4e68-ae76-b8191012837d" testId="c3005e9d-8232-cef6-52ee-ec07bf35d1a5" testName="EnumDependantServices_FirstIsTrueTwoDependantServicesSecondInvocation_ReturnsExpectedValue" computerName="ICSWS068" duration="00:00:00.0014319" startTime="2016-08-04T09:56:44.4995893+02:00" endTime="2016-08-04T09:56:44.5020904+02:00" testType="13cdc9d9-ddb5-4fa4-a97d-d965ccfc6d4b" outcome="Passed" testListId="8c84fa94-04c1-424b-9868-57a2d4851a1d" relativeResultsDirectory="eee67c83-7088-4e68-ae76-b8191012837d" />
    <UnitTestResult executionId="05859053-aac0-4b70-bfba-c047f3e87e37" testId="c8ae1b91-943e-a0dd-93dd-70a3b0e5410f" testName="EnumDependantServices_FirstIsFalseTwoDependantServicesFirstInvocation_ReturnsExpectedValue" computerName="ICSWS068" duration="00:00:00.0014762" startTime="2016-08-04T09:56:44.5047326+02:00" endTime="2016-08-04T09:56:44.5077328+02:00" testType="13cdc9d9-ddb5-4fa4-a97d-d965ccfc6d4b" outcome="Passed" testListId="8c84fa94-04c1-424b-9868-57a2d4851a1d" relativeResultsDirectory="05859053-aac0-4b70-bfba-c047f3e87e37" />
    <UnitTestResult executionId="74b9e7f2-96e2-4891-9751-fa888796ad16" testId="c213202f-f89a-6d6f-418b-7f6c8f5e31d2" testName="EnumDependantServices_FirstIsFalseTwoDependantServicesSecondInvocation_ReturnsNull" computerName="ICSWS068" duration="00:00:00.0014779" startTime="2016-08-04T09:56:44.5102202+02:00" endTime="2016-08-04T09:56:44.5132266+02:00" testType="13cdc9d9-ddb5-4fa4-a97d-d965ccfc6d4b" outcome="Passed" testListId="8c84fa94-04c1-424b-9868-57a2d4851a1d" relativeResultsDirectory="74b9e7f2-96e2-4891-9751-fa888796ad16" />
    <UnitTestResult executionId="fc4154a9-1fd3-48be-9b7e-9933486b7f6d" testId="c276884c-829f-6c3a-d834-14ea16a5b393" testName="EnumDependantServices_FirstIsTrueTwoDependantServicesInvocationAfterFirstIsFalse_ReturnsNull" computerName="ICSWS068" duration="00:00:00.0014228" startTime="2016-08-04T09:56:44.5157277+02:00" endTime="2016-08-04T09:56:44.5182450+02:00" testType="13cdc9d9-ddb5-4fa4-a97d-d965ccfc6d4b" outcome="Passed" testListId="8c84fa94-04c1-424b-9868-57a2d4851a1d" relativeResultsDirectory="fc4154a9-1fd3-48be-9b7e-9933486b7f6d" />
    <UnitTestResult executionId="6d99738f-1f88-41a4-8e3d-f86d24ee566e" testId="fd9ea489-4b24-8207-ff9e-deab032b0788" testName="EnumDependetServices_IterateFiveServices_Success" computerName="ICSWS068" duration="00:00:00.0020512" startTime="2016-08-04T09:56:44.5207320+02:00" endTime="2016-08-04T09:56:44.5242352+02:00" testType="13cdc9d9-ddb5-4fa4-a97d-d965ccfc6d4b" outcome="Passed" testListId="8c84fa94-04c1-424b-9868-57a2d4851a1d" relativeResultsDirectory="6d99738f-1f88-41a4-8e3d-f86d24ee566e" />
    <UnitTestResult executionId="5824cfc6-facd-4f2f-b063-6867dfcf6db2" testId="e79368f5-deff-2f1a-dcf0-ec29bafa23d4" testName="EnumServicesDependedOn_NotConnected_Fails" computerName="ICSWS068" duration="00:00:00.0015800" startTime="2016-08-04T09:56:44.5267522+02:00" endTime="2016-08-04T09:56:44.5297380+02:00" testType="13cdc9d9-ddb5-4fa4-a97d-d965ccfc6d4b" outcome="Passed" testListId="8c84fa94-04c1-424b-9868-57a2d4851a1d" relativeResultsDirectory="5824cfc6-facd-4f2f-b063-6867dfcf6db2" />
    <UnitTestResult executionId="98f0e5d8-8437-4e3c-9cc8-48b5bea5a7d5" testId="a9a91aa7-c4b3-1e6d-9044-6d3a827496c7" testName="EnumServicesDependedOn_FirstIsTrueNoServicesDependedOn_ReturnsExpectedValue" computerName="ICSWS068" duration="00:00:00.0012914" startTime="2016-08-04T09:56:44.5322553+02:00" endTime="2016-08-04T09:56:44.5347579+02:00" testType="13cdc9d9-ddb5-4fa4-a97d-d965ccfc6d4b" outcome="Passed" testListId="8c84fa94-04c1-424b-9868-57a2d4851a1d" relativeResultsDirectory="98f0e5d8-8437-4e3c-9cc8-48b5bea5a7d5" />
    <UnitTestResult executionId="e880fa7a-2606-47b1-b3ae-f5c808e3b292" testId="788f7530-886b-1ac9-636d-64eb1f26fe3f" testName="EnumServicesDependedOn_FirstIsFalseNoServicesDependedOn_ReturnsExpectedValue" computerName="ICSWS068" duration="00:00:00.0011885" startTime="2016-08-04T09:56:44.5372444+02:00" endTime="2016-08-04T09:56:44.5397458+02:00" testType="13cdc9d9-ddb5-4fa4-a97d-d965ccfc6d4b" outcome="Passed" testListId="8c84fa94-04c1-424b-9868-57a2d4851a1d" relativeResultsDirectory="e880fa7a-2606-47b1-b3ae-f5c808e3b292" />
    <UnitTestResult executionId="ea841059-9b42-46ac-a7fb-cdb1c1e7aa0d" testId="f2532723-93c3-9adc-9f22-f78242178cbc" testName="EnumServicesDependedOn_FirstIsTrueOneServicesDependedOn_ReturnsExpectedValue" computerName="ICSWS068" duration="00:00:00.0012202" startTime="2016-08-04T09:56:44.5422636+02:00" endTime="2016-08-04T09:56:44.5447489+02:00" testType="13cdc9d9-ddb5-4fa4-a97d-d965ccfc6d4b" outcome="Passed" testListId="8c84fa94-04c1-424b-9868-57a2d4851a1d" relativeResultsDirectory="ea841059-9b42-46ac-a7fb-cdb1c1e7aa0d" />
    <UnitTestResult executionId="ff858b62-6c3a-4e9e-bc86-d77999e8231f" testId="e50226ec-f804-3781-1cf9-9bea009a6bbf" testName="EnumServicesDependedOn_FirstIsFalseOneServicesDependedOn_ReturnsNull" computerName="ICSWS068" duration="00:00:00.0011392" startTime="2016-08-04T09:56:44.5472662+02:00" endTime="2016-08-04T09:56:44.5497535+02:00" testType="13cdc9d9-ddb5-4fa4-a97d-d965ccfc6d4b" outcome="Passed" testListId="8c84fa94-04c1-424b-9868-57a2d4851a1d" relativeResultsDirectory="ff858b62-6c3a-4e9e-bc86-d77999e8231f" />
    <UnitTestResult executionId="9857d32e-d675-4c4d-8c3c-611ddff0a43e" testId="14e63a32-a567-d967-6a51-dc04d0b9f010" testName="EnumServicesDependedOn_FirstIsTrueTwoServicesDependedOnFirstInvocation_ReturnsExpectedValue" computerName="ICSWS068" duration="00:00:00.0014020" startTime="2016-08-04T09:56:44.5522570+02:00" endTime="2016-08-04T09:56:44.5547584+02:00" testType="13cdc9d9-ddb5-4fa4-a97d-d965ccfc6d4b" outcome="Passed" testListId="8c84fa94-04c1-424b-9868-57a2d4851a1d" relativeResultsDirectory="9857d32e-d675-4c4d-8c3c-611ddff0a43e" />
    <UnitTestResult executionId="ffcaa306-957d-44ed-8715-ef032a11c8c3" testId="4091fc18-6a36-ce6b-3164-3e0f42b4a9c6" testName="EnumServicesDependedOn_FirstIsTrueTwoServicesDependedOnSecondInvocation_ReturnsExpectedValue" computerName="ICSWS068" duration="00:00:00.0014844" startTime="2016-08-04T09:56:44.5577619+02:00" endTime="2016-08-04T09:56:44.5602633+02:00" testType="13cdc9d9-ddb5-4fa4-a97d-d965ccfc6d4b" outcome="Passed" testListId="8c84fa94-04c1-424b-9868-57a2d4851a1d" relativeResultsDirectory="ffcaa306-957d-44ed-8715-ef032a11c8c3" />
    <UnitTestResult executionId="dd3aa7b9-a71e-403b-89c2-1b294cd9f89e" testId="c0bf3097-b74d-7ec1-7858-828584137a56" testName="EnumServicesDependedOn_FirstIsFalseTwoServicesDependedOnFirstInvocation_ReturnsExpectedValue" computerName="ICSWS068" duration="00:00:00.0014067" startTime="2016-08-04T09:56:44.5627645+02:00" endTime="2016-08-04T09:56:44.5652855+02:00" testType="13cdc9d9-ddb5-4fa4-a97d-d965ccfc6d4b" outcome="Passed" testListId="8c84fa94-04c1-424b-9868-57a2d4851a1d" relativeResultsDirectory="dd3aa7b9-a71e-403b-89c2-1b294cd9f89e" />
    <UnitTestResult executionId="fef4bc8b-5bbb-4b2c-89a6-28908ccf80d7" testId="ba15ac05-7dd0-b726-9e44-54dfde2f7349" testName="EnumServicesDependedOn_FirstIsFalseTwoServicesDependedOnSecondInvocation_ReturnsNull" computerName="ICSWS068" duration="00:00:00.0013671" startTime="2016-08-04T09:56:44.5677688+02:00" endTime="2016-08-04T09:56:44.5702699+02:00" testType="13cdc9d9-ddb5-4fa4-a97d-d965ccfc6d4b" outcome="Passed" testListId="8c84fa94-04c1-424b-9868-57a2d4851a1d" relativeResultsDirectory="fef4bc8b-5bbb-4b2c-89a6-28908ccf80d7" />
    <UnitTestResult executionId="2fe60d37-0338-4ca3-b8e8-6267e4404078" testId="b225df5b-3d70-7a8f-8dd2-ba8db401618c" testName="EnumServicesDependedOn_FirstIsTrueTwoServicesDependedOnInvocationAfterFirstIsFalse_ReturnsNull" computerName="ICSWS068" duration="00:00:00.0014993" startTime="2016-08-04T09:56:44.5732734+02:00" endTime="2016-08-04T09:56:44.5762915+02:00" testType="13cdc9d9-ddb5-4fa4-a97d-d965ccfc6d4b" outcome="Passed" testListId="8c84fa94-04c1-424b-9868-57a2d4851a1d" relativeResultsDirectory="2fe60d37-0338-4ca3-b8e8-6267e4404078" />
    <UnitTestResult executionId="cddfb46b-a8b9-4a0f-b13b-9e69ec3cec0c" testId="0c5bc514-6be3-f5cf-9d07-ed906f4969e5" testName="EnumServicesDependedOn_IterateFiveServices_Success" computerName="ICSWS068" duration="00:00:00.0019586" startTime="2016-08-04T09:56:44.5787771+02:00" endTime="2016-08-04T09:56:44.5817794+02:00" testType="13cdc9d9-ddb5-4fa4-a97d-d965ccfc6d4b" outcome="Passed" testListId="8c84fa94-04c1-424b-9868-57a2d4851a1d" relativeResultsDirectory="cddfb46b-a8b9-4a0f-b13b-9e69ec3cec0c" />
    <UnitTestResult executionId="cf5c4c15-c61b-4f32-b63f-fc2af28d275a" testId="b9509132-1609-c367-97b0-5ca457307c4d" testName="get_ReplyToQ__CompletionCodeNotOk_Fails" computerName="ICSWS068" duration="00:00:00.1487962" startTime="2016-08-04T09:56:44.5843019+02:00" endTime="2016-08-04T09:56:44.7349173+02:00" testType="13cdc9d9-ddb5-4fa4-a97d-d965ccfc6d4b" outcome="Passed" testListId="8c84fa94-04c1-424b-9868-57a2d4851a1d" relativeResultsDirectory="cf5c4c15-c61b-4f32-b63f-fc2af28d275a" />
    <UnitTestResult executionId="29df8f4f-2fa1-4cef-868f-dbc08976e7ca" testId="ad0322ac-7747-9ff3-19de-bf9f1344e9e9" testName="set_ReplyToQ_UsesRuntime_Success" computerName="ICSWS068" duration="00:00:00.0021500" startTime="2016-08-04T09:56:44.7374190+02:00" endTime="2016-08-04T09:56:44.7409359+02:00" testType="13cdc9d9-ddb5-4fa4-a97d-d965ccfc6d4b" outcome="Passed" testListId="8c84fa94-04c1-424b-9868-57a2d4851a1d" relativeResultsDirectory="29df8f4f-2fa1-4cef-868f-dbc08976e7ca" />
    <UnitTestResult executionId="0d164e6b-2265-4220-a25c-8913889594f3" testId="23a68a4d-800d-c92f-13bd-0297550fa416" testName="set_ReplyToQ_NullInput_SetsNullChars" computerName="ICSWS068" duration="00:00:00.0009595" startTime="2016-08-04T09:56:44.7439238+02:00" endTime="2016-08-04T09:56:44.7464399+02:00" testType="13cdc9d9-ddb5-4fa4-a97d-d965ccfc6d4b" outcome="Passed" testListId="8c84fa94-04c1-424b-9868-57a2d4851a1d" relativeResultsDirectory="0d164e6b-2265-4220-a25c-8913889594f3" />
    <UnitTestResult executionId="7f506594-e833-427f-90d0-451a8eb43c0f" testId="fb4da0cc-70b7-c703-2a9d-eb5e02ba28b3" testName="set_ReplyToQ_RuntimeThrows_Fails" computerName="ICSWS068" duration="00:00:00.0011944" startTime="2016-08-04T09:56:44.7489437+02:00" endTime="2016-08-04T09:56:44.7514293+02:00" testType="13cdc9d9-ddb5-4fa4-a97d-d965ccfc6d4b" outcome="Passed" testListId="8c84fa94-04c1-424b-9868-57a2d4851a1d" relativeResultsDirectory="7f506594-e833-427f-90d0-451a8eb43c0f" />
    <UnitTestResult executionId="417965d5-0590-43bc-8c07-fc9ade8f9a0f" testId="69802c8a-f118-9198-80bb-2e623d8d0c2e" testName="set_ReplyToQ_CompletionCodeNotOk_Fails" computerName="ICSWS068" duration="00:00:00.0013333" startTime="2016-08-04T09:56:44.7538246+02:00" endTime="2016-08-04T09:56:44.7568251+02:00" testType="13cdc9d9-ddb5-4fa4-a97d-d965ccfc6d4b" outcome="Passed" testListId="8c84fa94-04c1-424b-9868-57a2d4851a1d" relativeResultsDirectory="417965d5-0590-43bc-8c07-fc9ade8f9a0f" />
    <UnitTestResult executionId="3881c95b-f9bc-438e-91da-3961d383b18c" testId="27fdc3f4-42f9-5da1-0839-916becdb3dec" testName="get_ReplyToQMgr_UsesRuntime_Success" computerName="ICSWS068" duration="00:00:00.0015982" startTime="2016-08-04T09:56:44.7593271+02:00" endTime="2016-08-04T09:56:44.7623499+02:00" testType="13cdc9d9-ddb5-4fa4-a97d-d965ccfc6d4b" outcome="Passed" testListId="8c84fa94-04c1-424b-9868-57a2d4851a1d" relativeResultsDirectory="3881c95b-f9bc-438e-91da-3961d383b18c" />
    <UnitTestResult executionId="6e29ebc5-72e7-4d11-88ef-bfa963b900a6" testId="35799b89-3eed-65bd-3499-d229e0539593" testName="get_ReplyToQMgr_RuntimeThrows_Fails" computerName="ICSWS068" duration="00:00:00.0010946" startTime="2016-08-04T09:56:44.7648355+02:00" endTime="2016-08-04T09:56:44.7668358+02:00" testType="13cdc9d9-ddb5-4fa4-a97d-d965ccfc6d4b" outcome="Passed" testListId="8c84fa94-04c1-424b-9868-57a2d4851a1d" relativeResultsDirectory="6e29ebc5-72e7-4d11-88ef-bfa963b900a6" />
    <UnitTestResult executionId="d692dbdd-3b98-489d-ab45-b85609490cac" testId="c7a98baf-bb7c-fed4-c06f-42b30ff37457" testName="get_ReplyToQMgr_CompletionCodeNotOk_Fails" computerName="ICSWS068" duration="00:00:00.0014034" startTime="2016-08-04T09:56:44.7693375+02:00" endTime="2016-08-04T09:56:44.7713392+02:00" testType="13cdc9d9-ddb5-4fa4-a97d-d965ccfc6d4b" outcome="Passed" testListId="8c84fa94-04c1-424b-9868-57a2d4851a1d" relativeResultsDirectory="d692dbdd-3b98-489d-ab45-b85609490cac" />
    <UnitTestResult executionId="4e055a84-fab6-41b4-929f-2af2845d7c94" testId="2af6d9f1-f554-89ec-1144-2e692b7cd2a7" testName="set_ReplyToQMgr_UsesRuntime_Success" computerName="ICSWS068" duration="00:00:00.0012671" startTime="2016-08-04T09:56:44.7747840+02:00" endTime="2016-08-04T09:56:44.7772875+02:00" testType="13cdc9d9-ddb5-4fa4-a97d-d965ccfc6d4b" outcome="Passed" testListId="8c84fa94-04c1-424b-9868-57a2d4851a1d" relativeResultsDirectory="4e055a84-fab6-41b4-929f-2af2845d7c94" />
    <UnitTestResult executionId="0d8777b9-de4c-4361-bfc7-d4e78c075518" testId="20de3cab-a1b2-8466-bd30-aa472309d19d" testName="set_ReplyToQMgr_NullInput_SetsNullChars" computerName="ICSWS068" duration="00:00:00.0009011" startTime="2016-08-04T09:56:44.7797878+02:00" endTime="2016-08-04T09:56:44.7817921+02:00" testType="13cdc9d9-ddb5-4fa4-a97d-d965ccfc6d4b" outcome="Passed" testListId="8c84fa94-04c1-424b-9868-57a2d4851a1d" relativeResultsDirectory="0d8777b9-de4c-4361-bfc7-d4e78c075518" />
    <UnitTestResult executionId="5f58e849-707e-4a98-b904-1183ae9e4211" testId="fa85d565-8cff-9ff0-c176-ef74f01d7574" testName="set_ReplyToQMgr_RuntimeThrows_Fails" computerName="ICSWS068" duration="00:00:00.0010762" startTime="2016-08-04T09:56:44.7842956+02:00" endTime="2016-08-04T09:56:44.7867976+02:00" testType="13cdc9d9-ddb5-4fa4-a97d-d965ccfc6d4b" outcome="Passed" testListId="8c84fa94-04c1-424b-9868-57a2d4851a1d" relativeResultsDirectory="5f58e849-707e-4a98-b904-1183ae9e4211" />
    <UnitTestResult executionId="4082008f-a28e-48c6-a252-bec988dcc99b" testId="291289e9-decd-0c6a-7636-79bc24256e9a" testName="set_ReplyToQMgr_CompletionCodeNotOk_Fails" computerName="ICSWS068" duration="00:00:00.0010650" startTime="2016-08-04T09:56:44.7887996+02:00" endTime="2016-08-04T09:56:44.7913008+02:00" testType="13cdc9d9-ddb5-4fa4-a97d-d965ccfc6d4b" outcome="Passed" testListId="8c84fa94-04c1-424b-9868-57a2d4851a1d" relativeResultsDirectory="4082008f-a28e-48c6-a252-bec988dcc99b" />
    <UnitTestResult executionId="0a1d8e41-ef8f-486f-8363-92945237320f" testId="1348c14f-2b8c-85d9-e48b-fc31d931696a" testName="get_ReportCorrelId_UsesRuntime_Success" computerName="ICSWS068" duration="00:00:00.0016867" startTime="2016-08-04T09:56:44.7938063+02:00" endTime="2016-08-04T09:56:44.7968086+02:00" testType="13cdc9d9-ddb5-4fa4-a97d-d965ccfc6d4b" outcome="Passed" testListId="8c84fa94-04c1-424b-9868-57a2d4851a1d" relativeResultsDirectory="0a1d8e41-ef8f-486f-8363-92945237320f" />
    <UnitTestResult executionId="d08b64ca-e1fa-4ed8-b585-578ceb5f4f72" testId="e0d2cf8a-2800-9211-2d2f-4800940d2d9a" testName="get_ReportCorrelId_RuntimeThrows_Fails" computerName="ICSWS068" duration="00:00:00.0011448" startTime="2016-08-04T09:56:44.7993100+02:00" endTime="2016-08-04T09:56:44.8018135+02:00" testType="13cdc9d9-ddb5-4fa4-a97d-d965ccfc6d4b" outcome="Passed" testListId="8c84fa94-04c1-424b-9868-57a2d4851a1d" relativeResultsDirectory="d08b64ca-e1fa-4ed8-b585-578ceb5f4f72" />
    <UnitTestResult executionId="141a38ee-3476-45f5-98c7-2a754861d179" testId="f27e7cfe-21d8-d0f1-0f34-ae907587cce6" testName="get_ReportMsgId_UsesRuntime_Success" computerName="ICSWS068" duration="00:00:00.0021421" startTime="2016-08-04T09:56:44.8048181+02:00" endTime="2016-08-04T09:56:44.8083198+02:00" testType="13cdc9d9-ddb5-4fa4-a97d-d965ccfc6d4b" outcome="Passed" testListId="8c84fa94-04c1-424b-9868-57a2d4851a1d" relativeResultsDirectory="141a38ee-3476-45f5-98c7-2a754861d179" />
    <UnitTestResult executionId="44da92ff-3cdc-4392-9b2a-f4baea3dc40b" testId="89ead613-b16f-29ca-96b4-ecc9c67c49e2" testName="get_ReportMsgId_RuntimeThrows_Fails" computerName="ICSWS068" duration="00:00:00.0011571" startTime="2016-08-04T09:56:44.8108218+02:00" endTime="2016-08-04T09:56:44.8133233+02:00" testType="13cdc9d9-ddb5-4fa4-a97d-d965ccfc6d4b" outcome="Passed" testListId="8c84fa94-04c1-424b-9868-57a2d4851a1d" relativeResultsDirectory="44da92ff-3cdc-4392-9b2a-f4baea3dc40b" />
    <UnitTestResult executionId="cdbbdb09-56be-430f-9d4e-59152e26614a" testId="56eb0094-384a-5794-daeb-95151df9ecad" testName="get_ReportNegActNot_UsesRuntime_Success" computerName="ICSWS068" duration="00:00:00.0017688" startTime="2016-08-04T09:56:44.8158452+02:00" endTime="2016-08-04T09:56:44.8188437+02:00" testType="13cdc9d9-ddb5-4fa4-a97d-d965ccfc6d4b" outcome="Passed" testListId="8c84fa94-04c1-424b-9868-57a2d4851a1d" relativeResultsDirectory="cdbbdb09-56be-430f-9d4e-59152e26614a" />
    <UnitTestResult executionId="5eddb4ca-fa40-4aad-9ca9-a4855bbb6fdf" testId="cc90a044-e2c1-15e7-003a-27d8dfd6c70e" testName="get_ReportNegActNot_RuntimeThrows_Fails" computerName="ICSWS068" duration="00:00:00.0011850" startTime="2016-08-04T09:56:44.8213287+02:00" endTime="2016-08-04T09:56:44.8243310+02:00" testType="13cdc9d9-ddb5-4fa4-a97d-d965ccfc6d4b" outcome="Passed" testListId="8c84fa94-04c1-424b-9868-57a2d4851a1d" relativeResultsDirectory="5eddb4ca-fa40-4aad-9ca9-a4855bbb6fdf" />
    <UnitTestResult executionId="b539b996-f5ce-466d-bbe0-3217410d90b6" testId="25adc324-bbeb-ba2f-2bc3-aae1d7d85a33" testName="get_ReportPosActNot_UsesRuntime_Success" computerName="ICSWS068" duration="00:00:00.0018087" startTime="2016-08-04T09:56:44.8268345+02:00" endTime="2016-08-04T09:56:44.8298526+02:00" testType="13cdc9d9-ddb5-4fa4-a97d-d965ccfc6d4b" outcome="Passed" testListId="8c84fa94-04c1-424b-9868-57a2d4851a1d" relativeResultsDirectory="b539b996-f5ce-466d-bbe0-3217410d90b6" />
    <UnitTestResult executionId="64844901-3455-4e29-b970-44fab7ab60b3" testId="e1c7f6b1-e832-e320-0571-6fe34f4ed013" testName="get_ReportPosActNot_RuntimeThrows_Fails" computerName="ICSWS068" duration="00:00:00.0010545" startTime="2016-08-04T09:56:44.8323525+02:00" endTime="2016-08-04T09:56:44.8343396+02:00" testType="13cdc9d9-ddb5-4fa4-a97d-d965ccfc6d4b" outcome="Passed" testListId="8c84fa94-04c1-424b-9868-57a2d4851a1d" relativeResultsDirectory="64844901-3455-4e29-b970-44fab7ab60b3" />
    <UnitTestResult executionId="67cc1d3c-af80-43b2-b4b0-3209a099ef9f" testId="14a2de0c-3d42-ef37-b016-8abb93d30480" testName="LoadFromFile_UsesFileSystemService_Success" computerName="ICSWS068" duration="00:00:00.0063854" startTime="2016-08-04T09:56:44.8368410+02:00" endTime="2016-08-04T09:56:44.8443453+02:00" testType="13cdc9d9-ddb5-4fa4-a97d-d965ccfc6d4b" outcome="Passed" testListId="8c84fa94-04c1-424b-9868-57a2d4851a1d" relativeResultsDirectory="67cc1d3c-af80-43b2-b4b0-3209a099ef9f" />
    <UnitTestResult executionId="83a299f0-f50e-46c8-8772-008112128fa7" testId="fc17586c-e529-6cfd-4b38-b13255eefd36" testName="LoadFromFile_WritesBytesToRuntimeMessage_Success" computerName="ICSWS068" duration="00:00:00.0036219" startTime="2016-08-04T09:56:44.8473485+02:00" endTime="2016-08-04T09:56:44.8518505+02:00" testType="13cdc9d9-ddb5-4fa4-a97d-d965ccfc6d4b" outcome="Passed" testListId="8c84fa94-04c1-424b-9868-57a2d4851a1d" relativeResultsDirectory="83a299f0-f50e-46c8-8772-008112128fa7" />
    <UnitTestResult executionId="100a01b1-7de3-4f48-a111-b0e174206dfb" testId="af3f911d-60af-e2a8-9172-319a660f79a8" testName="LoadFromFile_RuntimeThrows_Fails" computerName="ICSWS068" duration="00:00:00.0037635" startTime="2016-08-04T09:56:44.8548528+02:00" endTime="2016-08-04T09:56:44.8603568+02:00" testType="13cdc9d9-ddb5-4fa4-a97d-d965ccfc6d4b" outcome="Passed" testListId="8c84fa94-04c1-424b-9868-57a2d4851a1d" relativeResultsDirectory="100a01b1-7de3-4f48-a111-b0e174206dfb" />
    <UnitTestResult executionId="ad3f3b20-864c-4830-98db-6caf23d0b35c" testId="9edf83d7-e534-a5ed-b675-b0e59295f183" testName="ReadBinaryData_ReadsBytesFromRuntimeMessage_Success" computerName="ICSWS068" duration="00:00:00.0017961" startTime="2016-08-04T09:56:44.8628646+02:00" endTime="2016-08-04T09:56:44.8658816+02:00" testType="13cdc9d9-ddb5-4fa4-a97d-d965ccfc6d4b" outcome="Passed" testListId="8c84fa94-04c1-424b-9868-57a2d4851a1d" relativeResultsDirectory="ad3f3b20-864c-4830-98db-6caf23d0b35c" />
    <UnitTestResult executionId="3449ed76-d697-4c64-b286-68252d2e5ef2" testId="1492492d-6270-f5df-f675-c03c3b263a08" testName="ReadBinaryData_BytesToReadIsZero_ReadsAllBytes" computerName="ICSWS068" duration="00:00:00.0016806" startTime="2016-08-04T09:56:44.8683666+02:00" endTime="2016-08-04T09:56:44.8713844+02:00" testType="13cdc9d9-ddb5-4fa4-a97d-d965ccfc6d4b" outcome="Passed" testListId="8c84fa94-04c1-424b-9868-57a2d4851a1d" relativeResultsDirectory="3449ed76-d697-4c64-b286-68252d2e5ef2" />
    <UnitTestResult executionId="a28981cf-c951-48bc-8a20-507fc8da5ebc" testId="98b523b7-c357-4e48-de09-71c9c6a163ac" testName="ReadBinaryData_RuntimeThrows_Fails" computerName="ICSWS068" duration="00:00:00.0012542" startTime="2016-08-04T09:56:44.8743718+02:00" endTime="2016-08-04T09:56:44.8773729+02:00" testType="13cdc9d9-ddb5-4fa4-a97d-d965ccfc6d4b" outcome="Passed" testListId="8c84fa94-04c1-424b-9868-57a2d4851a1d" relativeResultsDirectory="a28981cf-c951-48bc-8a20-507fc8da5ebc" />
    <UnitTestResult executionId="fd6acc6a-1c18-48de-9e54-ed20be25b868" testId="b4667b12-066d-78ee-4fce-0824be98f39c" testName="ReadRFH2_NameValueData_UsesRuntime_Success" computerName="ICSWS068" duration="00:00:00.0039761" startTime="2016-08-04T09:56:44.8793758+02:00" endTime="2016-08-04T09:56:44.8848980+02:00" testType="13cdc9d9-ddb5-4fa4-a97d-d965ccfc6d4b" outcome="Passed" testListId="8c84fa94-04c1-424b-9868-57a2d4851a1d" relativeResultsDirectory="fd6acc6a-1c18-48de-9e54-ed20be25b868" />
    <UnitTestResult executionId="42162e77-9f36-4ee6-beb7-f5b10737fbca" testId="271ee9e2-539e-3ba6-2654-212206ba3616" testName="ReadRFH2_NameValueData_RuntimeThrows_Fails" computerName="ICSWS068" duration="00:00:00.0023386" startTime="2016-08-04T09:56:44.8873836+02:00" endTime="2016-08-04T09:56:44.8908867+02:00" testType="13cdc9d9-ddb5-4fa4-a97d-d965ccfc6d4b" outcome="Passed" testListId="8c84fa94-04c1-424b-9868-57a2d4851a1d" relativeResultsDirectory="42162e77-9f36-4ee6-beb7-f5b10737fbca" />
    <UnitTestResult executionId="f01275df-076c-408c-8128-d8033e12050d" testId="dc59541f-1306-9250-e964-94e9f4fbab1e" testName="ReadString_ReadsStringFromRuntimeMessage_Success" computerName="ICSWS068" duration="00:00:00.0023052" startTime="2016-08-04T09:56:44.9099090+02:00" endTime="2016-08-04T09:56:44.9134306+02:00" testType="13cdc9d9-ddb5-4fa4-a97d-d965ccfc6d4b" outcome="Passed" testListId="8c84fa94-04c1-424b-9868-57a2d4851a1d" relativeResultsDirectory="f01275df-076c-408c-8128-d8033e12050d" />
    <UnitTestResult executionId="f1499105-7d72-48aa-a725-f2303ae6ce3c" testId="a2adae8e-7dc6-2239-9c5b-b1b97ec2ecae" testName="ReadString_MaxBytesToReadIsZero_ReadsAllChars" computerName="ICSWS068" duration="00:00:00.0078889" startTime="2016-08-04T09:56:44.9159306+02:00" endTime="2016-08-04T09:56:44.9254401+02:00" testType="13cdc9d9-ddb5-4fa4-a97d-d965ccfc6d4b" outcome="Passed" testListId="8c84fa94-04c1-424b-9868-57a2d4851a1d" relativeResultsDirectory="f1499105-7d72-48aa-a725-f2303ae6ce3c" />
    <UnitTestResult executionId="ecfb0466-8a9d-4b9a-abf2-6cc8bf293768" testId="272bd6b0-2847-15c5-a087-009694106eb9" testName="ReadString_MinusOneCodepage_UsesCharacterSetFromMessage" computerName="ICSWS068" duration="00:00:00.0020366" startTime="2016-08-04T09:56:44.9279283+02:00" endTime="2016-08-04T09:56:44.9309286+02:00" testType="13cdc9d9-ddb5-4fa4-a97d-d965ccfc6d4b" outcome="Passed" testListId="8c84fa94-04c1-424b-9868-57a2d4851a1d" relativeResultsDirectory="ecfb0466-8a9d-4b9a-abf2-6cc8bf293768" />
    <UnitTestResult executionId="76ff6eab-71d7-4f4d-a11f-5f21e69688f3" testId="bf704da8-e19a-464a-6e1e-a9999a5a8212" testName="ReadString_RuntimeThrows_Fails" computerName="ICSWS068" duration="00:00:00.0014034" startTime="2016-08-04T09:56:44.9334467+02:00" endTime="2016-08-04T09:56:44.9364493+02:00" testType="13cdc9d9-ddb5-4fa4-a97d-d965ccfc6d4b" outcome="Passed" testListId="8c84fa94-04c1-424b-9868-57a2d4851a1d" relativeResultsDirectory="76ff6eab-71d7-4f4d-a11f-5f21e69688f3" />
    <UnitTestResult executionId="21dd0a70-24bd-4ec1-89b2-d0b22c387e38" testId="0b48e9ef-eed5-1eb7-6143-7bafae310f45" testName="ReadRFH_UsesRuntime_Success" computerName="ICSWS068" duration="00:00:00.0031430" startTime="2016-08-04T09:56:44.9394358+02:00" endTime="2016-08-04T09:56:44.9439395+02:00" testType="13cdc9d9-ddb5-4fa4-a97d-d965ccfc6d4b" outcome="Passed" testListId="8c84fa94-04c1-424b-9868-57a2d4851a1d" relativeResultsDirectory="21dd0a70-24bd-4ec1-89b2-d0b22c387e38" />
    <UnitTestResult executionId="8896780f-12ea-4709-b183-b7939a33375a" testId="ed8f6985-c688-2c4f-4491-d73bf7ffa458" testName="ReadRFH_RuntimeThrows_Fails" computerName="ICSWS068" duration="00:00:00.0016392" startTime="2016-08-04T09:56:44.9464568+02:00" endTime="2016-08-04T09:56:44.9494591+02:00" testType="13cdc9d9-ddb5-4fa4-a97d-d965ccfc6d4b" outcome="Passed" testListId="8c84fa94-04c1-424b-9868-57a2d4851a1d" relativeResultsDirectory="8896780f-12ea-4709-b183-b7939a33375a" />
    <UnitTestResult executionId="f73e1467-89c6-444e-a340-d2e953796f6e" testId="e7feda2d-71ba-cc63-9e9d-bdbafaec9a77" testName="ReadRFH2_UsesRuntime_Success" computerName="ICSWS068" duration="00:00:00.0051514" startTime="2016-08-04T09:56:44.9521570+02:00" endTime="2016-08-04T09:56:44.9586800+02:00" testType="13cdc9d9-ddb5-4fa4-a97d-d965ccfc6d4b" outcome="Passed" testListId="8c84fa94-04c1-424b-9868-57a2d4851a1d" relativeResultsDirectory="f73e1467-89c6-444e-a340-d2e953796f6e" />
    <UnitTestResult executionId="49ff8155-b3a1-47a6-a314-43728833eae8" testId="961f37ad-20c8-b4e8-842c-ae2e3ba64062" testName="ReadRFH2_RuntimeThrows_Fails" computerName="ICSWS068" duration="00:00:00.0016310" startTime="2016-08-04T09:56:44.9611653+02:00" endTime="2016-08-04T09:56:44.9641670+02:00" testType="13cdc9d9-ddb5-4fa4-a97d-d965ccfc6d4b" outcome="Passed" testListId="8c84fa94-04c1-424b-9868-57a2d4851a1d" relativeResultsDirectory="49ff8155-b3a1-47a6-a314-43728833eae8" />
    <UnitTestResult executionId="1f68db23-13c5-4d9e-a054-82778ebf1fa4" testId="7d79de3b-a800-1831-d73c-cd09cd3d1025" testName="SaveToFile_UsesFileSystemService_Success" computerName="ICSWS068" duration="00:00:00.0019322" startTime="2016-08-04T09:56:44.9666693+02:00" endTime="2016-08-04T09:56:44.9696880+02:00" testType="13cdc9d9-ddb5-4fa4-a97d-d965ccfc6d4b" outcome="Passed" testListId="8c84fa94-04c1-424b-9868-57a2d4851a1d" relativeResultsDirectory="1f68db23-13c5-4d9e-a054-82778ebf1fa4" />
    <UnitTestResult executionId="2a65df3b-4b0c-4652-b16c-f1800ad5b848" testId="c093199a-0ff4-5e7c-5a5f-3c95d72182a7" testName="SaveToFile_ReadBytesFromRuntimeMessage_Success" computerName="ICSWS068" duration="00:00:00.0043805" startTime="2016-08-04T09:56:44.9721727+02:00" endTime="2016-08-04T09:56:44.9781770+02:00" testType="13cdc9d9-ddb5-4fa4-a97d-d965ccfc6d4b" outcome="Passed" testListId="8c84fa94-04c1-424b-9868-57a2d4851a1d" relativeResultsDirectory="2a65df3b-4b0c-4652-b16c-f1800ad5b848" />
    <UnitTestResult executionId="ebf42521-f976-4eac-bd37-f51245af0975" testId="0ebb6cf9-bf00-c3ef-0443-21abfa41201c" testName="SaveToFile_RuntimeThrows_Fails" computerName="ICSWS068" duration="00:00:00.0028145" startTime="2016-08-04T09:56:44.9806788+02:00" endTime="2016-08-04T09:56:44.9848095+02:00" testType="13cdc9d9-ddb5-4fa4-a97d-d965ccfc6d4b" outcome="Passed" testListId="8c84fa94-04c1-424b-9868-57a2d4851a1d" relativeResultsDirectory="ebf42521-f976-4eac-bd37-f51245af0975" />
    <UnitTestResult executionId="d38f2bfe-0fb9-4558-883e-5a9a3d706579" testId="3d45d9ed-4374-03b0-cfb5-0b46098bd2fb" testName="SetReportOptions_UsesRuntime_Success" computerName="ICSWS068" duration="00:00:00.0023430" startTime="2016-08-04T09:56:44.9873121+02:00" endTime="2016-08-04T09:56:44.9908150+02:00" testType="13cdc9d9-ddb5-4fa4-a97d-d965ccfc6d4b" outcome="Passed" testListId="8c84fa94-04c1-424b-9868-57a2d4851a1d" relativeResultsDirectory="d38f2bfe-0fb9-4558-883e-5a9a3d706579" />
    <UnitTestResult executionId="4c5ca2ed-9def-4174-bce0-dc067b748f49" testId="cb939066-9d1b-d18c-22b5-bc249672fe5d" testName="SetReportOptions_RuntimeThrows_Fails" computerName="ICSWS068" duration="00:00:00.0009979" startTime="2016-08-04T09:56:44.9943211+02:00" endTime="2016-08-04T09:56:44.9963386+02:00" testType="13cdc9d9-ddb5-4fa4-a97d-d965ccfc6d4b" outcome="Passed" testListId="8c84fa94-04c1-424b-9868-57a2d4851a1d" relativeResultsDirectory="4c5ca2ed-9def-4174-bce0-dc067b748f49" />
    <UnitTestResult executionId="78cfcc0e-4250-4cf9-b469-eaff31348aaf" testId="ead338e9-2cf1-709e-87c6-3f63473aaa3a" testName="SetReportOptions_CompletionCodeNotOk_Fails" computerName="ICSWS068" duration="00:00:00.0011709" startTime="2016-08-04T09:56:44.9988406+02:00" endTime="2016-08-04T09:56:45.0013265+02:00" testType="13cdc9d9-ddb5-4fa4-a97d-d965ccfc6d4b" outcome="Passed" testListId="8c84fa94-04c1-424b-9868-57a2d4851a1d" relativeResultsDirectory="78cfcc0e-4250-4cf9-b469-eaff31348aaf" />
    <UnitTestResult executionId="b910e5de-c4c4-43aa-9e1e-63bff8146527" testId="185f707b-6a11-115d-805c-23af28ae7eeb" testName="WriteBinaryData_NullArgument_Fails" computerName="ICSWS068" duration="00:00:00.0008210" startTime="2016-08-04T09:56:45.0038435+02:00" endTime="2016-08-04T09:56:45.0063294+02:00" testType="13cdc9d9-ddb5-4fa4-a97d-d965ccfc6d4b" outcome="Passed" testListId="8c84fa94-04c1-424b-9868-57a2d4851a1d" relativeResultsDirectory="b910e5de-c4c4-43aa-9e1e-63bff8146527" />
    <UnitTestResult executionId="436e388e-b361-4d3d-9ef0-506eff457b01" testId="6e389067-a31b-aa64-8f65-c4affbf06630" testName="WriteBinaryData_CannotGetSizeOfBinArray_Fails" computerName="ICSWS068" duration="00:00:00.0016506" startTime="2016-08-04T09:56:45.0088472+02:00" endTime="2016-08-04T09:56:45.0113498+02:00" testType="13cdc9d9-ddb5-4fa4-a97d-d965ccfc6d4b" outcome="Passed" testListId="8c84fa94-04c1-424b-9868-57a2d4851a1d" relativeResultsDirectory="436e388e-b361-4d3d-9ef0-506eff457b01" />
    <UnitTestResult executionId="111aa1d8-66cd-4c31-8cff-cae390499aed" testId="2c2af547-7722-54ad-ed4c-de6a2fdce712" testName="WriteBinaryData_CannotGetPositionOfBinArray_Fails" computerName="ICSWS068" duration="00:00:00.0023706" startTime="2016-08-04T09:56:45.0152239+02:00" endTime="2016-08-04T09:56:45.0187438+02:00" testType="13cdc9d9-ddb5-4fa4-a97d-d965ccfc6d4b" outcome="Passed" testListId="8c84fa94-04c1-424b-9868-57a2d4851a1d" relativeResultsDirectory="111aa1d8-66cd-4c31-8cff-cae390499aed" />
    <UnitTestResult executionId="9e00b24a-f85d-4e09-9f4c-c81019b1927a" testId="7f6fe481-86be-b6c7-b963-da3c56a26184" testName="WriteBinaryData_CannotReadHexStringFromBinArray_Fails" computerName="ICSWS068" duration="00:00:00.0032459" startTime="2016-08-04T09:56:45.0212288+02:00" endTime="2016-08-04T09:56:45.0257487+02:00" testType="13cdc9d9-ddb5-4fa4-a97d-d965ccfc6d4b" outcome="Passed" testListId="8c84fa94-04c1-424b-9868-57a2d4851a1d" relativeResultsDirectory="9e00b24a-f85d-4e09-9f4c-c81019b1927a" />
    <UnitTestResult executionId="ba3448ae-eafc-4f7c-8770-b5538d9a5025" testId="9dfd99cd-30cd-e5d7-b7f7-3ac92702d555" testName="WriteBinaryData_UsesRuntime_Success" computerName="ICSWS068" duration="00:00:00.0031242" startTime="2016-08-04T09:56:45.0292339+02:00" endTime="2016-08-04T09:56:45.0332556+02:00" testType="13cdc9d9-ddb5-4fa4-a97d-d965ccfc6d4b" outcome="Passed" testListId="8c84fa94-04c1-424b-9868-57a2d4851a1d" relativeResultsDirectory="ba3448ae-eafc-4f7c-8770-b5538d9a5025" />
    <UnitTestResult executionId="bce5ea8a-3ec6-48dd-9079-8878a3f16744" testId="564a82c6-cc48-1250-cb1a-ebe1fee27074" testName="WriteBinaryData_RuntimeThrows_Fails" computerName="ICSWS068" duration="00:00:00.0040304" startTime="2016-08-04T09:56:45.0357541+02:00" endTime="2016-08-04T09:56:45.0412428+02:00" testType="13cdc9d9-ddb5-4fa4-a97d-d965ccfc6d4b" outcome="Passed" testListId="8c84fa94-04c1-424b-9868-57a2d4851a1d" relativeResultsDirectory="bce5ea8a-3ec6-48dd-9079-8878a3f16744" />
    <UnitTestResult executionId="0d7b934b-eb19-441f-a8e1-5ac8e038de4e" testId="16ab6ad9-784f-bcde-a415-cc8baad2179b" testName="WriteString_UsesRuntime_Success" computerName="ICSWS068" duration="00:00:00.0015650" startTime="2016-08-04T09:56:45.0437443+02:00" endTime="2016-08-04T09:56:45.0467621+02:00" testType="13cdc9d9-ddb5-4fa4-a97d-d965ccfc6d4b" outcome="Passed" testListId="8c84fa94-04c1-424b-9868-57a2d4851a1d" relativeResultsDirectory="0d7b934b-eb19-441f-a8e1-5ac8e038de4e" />
    <UnitTestResult executionId="ad439bc9-a971-43ee-a79d-400d8335ac95" testId="54f124a6-d49b-707d-195f-e2e7f1a07267" testName="WriteString_MinusOneCodepage_UsesFromRuntime" computerName="ICSWS068" duration="00:00:00.0010665" startTime="2016-08-04T09:56:45.0492489+02:00" endTime="2016-08-04T09:56:45.0512664+02:00" testType="13cdc9d9-ddb5-4fa4-a97d-d965ccfc6d4b" outcome="Passed" testListId="8c84fa94-04c1-424b-9868-57a2d4851a1d" relativeResultsDirectory="ad439bc9-a971-43ee-a79d-400d8335ac95" />
    <UnitTestResult executionId="a79909b0-c298-42cf-8378-2ca7a86b3e9b" testId="ca7ed795-f15c-db54-2db0-1dfaf85f5282" testName="WriteString_RuntimeThrows_Fails" computerName="ICSWS068" duration="00:00:00.0025169" startTime="2016-08-04T09:56:45.0537532+02:00" endTime="2016-08-04T09:56:45.0577552+02:00" testType="13cdc9d9-ddb5-4fa4-a97d-d965ccfc6d4b" outcome="Passed" testListId="8c84fa94-04c1-424b-9868-57a2d4851a1d" relativeResultsDirectory="a79909b0-c298-42cf-8378-2ca7a86b3e9b" />
    <UnitTestResult executionId="9093a29b-9aef-4682-b66d-25ff4fd7639d" testId="fa881d7a-f443-5f1a-1785-9b18bd239c44" testName="Write_RFH_UsesRuntime_Success" computerName="ICSWS068" duration="00:00:00.0012976" startTime="2016-08-04T09:56:45.0602730+02:00" endTime="2016-08-04T09:56:45.0627794+02:00" testType="13cdc9d9-ddb5-4fa4-a97d-d965ccfc6d4b" outcome="Passed" testListId="8c84fa94-04c1-424b-9868-57a2d4851a1d" relativeResultsDirectory="9093a29b-9aef-4682-b66d-25ff4fd7639d" />
    <UnitTestResult executionId="d84a6309-f9dc-46e6-939e-c75ca386eca1" testId="d51601fc-ca5e-1d57-24a6-79661f9f7a17" testName="Write_RFH_RuntimeThrows_Fails" computerName="ICSWS068" duration="00:00:00.0020586" startTime="2016-08-04T09:56:45.0652805+02:00" endTime="2016-08-04T09:56:45.0687828+02:00" testType="13cdc9d9-ddb5-4fa4-a97d-d965ccfc6d4b" outcome="Passed" testListId="8c84fa94-04c1-424b-9868-57a2d4851a1d" relativeResultsDirectory="d84a6309-f9dc-46e6-939e-c75ca386eca1" />
    <UnitTestResult executionId="807909a2-8439-4871-93dd-161c609d5b07" testId="b047b3f3-09d2-1025-070f-069aa6f75cdd" testName="Write_RFH2_UsesRuntime_Success" computerName="ICSWS068" duration="00:00:00.0013630" startTime="2016-08-04T09:56:45.0707857+02:00" endTime="2016-08-04T09:56:45.0739138+02:00" testType="13cdc9d9-ddb5-4fa4-a97d-d965ccfc6d4b" outcome="Passed" testListId="8c84fa94-04c1-424b-9868-57a2d4851a1d" relativeResultsDirectory="807909a2-8439-4871-93dd-161c609d5b07" />
    <UnitTestResult executionId="42cb28fa-efa6-48db-99a5-a22041e9fd09" testId="c8baac4f-703d-eea5-86ec-a46900446a29" testName="Write_RFH2_NullNameValueData_Fails" computerName="ICSWS068" duration="00:00:00.0005733" startTime="2016-08-04T09:56:45.0764156+02:00" endTime="2016-08-04T09:56:45.0784346+02:00" testType="13cdc9d9-ddb5-4fa4-a97d-d965ccfc6d4b" outcome="Passed" testListId="8c84fa94-04c1-424b-9868-57a2d4851a1d" relativeResultsDirectory="42cb28fa-efa6-48db-99a5-a22041e9fd09" />
    <UnitTestResult executionId="78ea30be-5043-4d90-85bd-1dc766f11538" testId="4fd4d709-da04-b4e9-f4c9-a0eda3ae5316" testName="Write_RFH2_NullFormat_Fails" computerName="ICSWS068" duration="00:00:00.0005539" startTime="2016-08-04T09:56:45.0809184+02:00" endTime="2016-08-04T09:56:45.0819348+02:00" testType="13cdc9d9-ddb5-4fa4-a97d-d965ccfc6d4b" outcome="Passed" testListId="8c84fa94-04c1-424b-9868-57a2d4851a1d" relativeResultsDirectory="78ea30be-5043-4d90-85bd-1dc766f11538" />
    <UnitTestResult executionId="c13430fa-2a27-4e0f-a821-0d88d9002fdd" testId="5b36f1be-f0c6-abc0-69b4-c0432ad28e2c" testName="Write_RFH2_RuntimeThrows_Fails" computerName="ICSWS068" duration="00:00:00.0023424" startTime="2016-08-04T09:56:45.0850351+02:00" endTime="2016-08-04T09:56:45.0885494+02:00" testType="13cdc9d9-ddb5-4fa4-a97d-d965ccfc6d4b" outcome="Passed" testListId="8c84fa94-04c1-424b-9868-57a2d4851a1d" relativeResultsDirectory="c13430fa-2a27-4e0f-a821-0d88d9002fdd" />
    <UnitTestResult executionId="7769c513-2935-4a36-9379-be22026eba52" testId="ada8108f-502a-02c2-955a-362f6d5d50d9" testName="AppendRFH2_NameValueData_UsesRuntime_Success" computerName="ICSWS068" duration="00:00:00.0011612" startTime="2016-08-04T09:56:45.0915332+02:00" endTime="2016-08-04T09:56:45.0940519+02:00" testType="13cdc9d9-ddb5-4fa4-a97d-d965ccfc6d4b" outcome="Passed" testListId="8c84fa94-04c1-424b-9868-57a2d4851a1d" relativeResultsDirectory="7769c513-2935-4a36-9379-be22026eba52" />
    <UnitTestResult executionId="1bfce515-07e2-4298-b6c4-0e2e03bd1fbe" testId="50d06fb6-b81f-62da-75e4-d6f20d312622" testName="AppendRFH2_NameValueData_RuntimeThrows_Fails" computerName="ICSWS068" duration="00:00:00.0018289" startTime="2016-08-04T09:56:45.0970390+02:00" endTime="2016-08-04T09:56:45.1000412+02:00" testType="13cdc9d9-ddb5-4fa4-a97d-d965ccfc6d4b" outcome="Passed" testListId="8c84fa94-04c1-424b-9868-57a2d4851a1d" relativeResultsDirectory="1bfce515-07e2-4298-b6c4-0e2e03bd1fbe" />
    <UnitTestResult executionId="fcbb38cd-92f5-43b0-afac-249f3bd48ff3" testId="51a88d75-b1f9-bf1d-f0e7-18deb5be448a" testName="Implementation_ReturnsInternalObject_Success" computerName="ICSWS068" duration="00:00:00.0005662" startTime="2016-08-04T09:56:45.1030427+02:00" endTime="2016-08-04T09:56:45.1050629+02:00" testType="13cdc9d9-ddb5-4fa4-a97d-d965ccfc6d4b" outcome="Passed" testListId="8c84fa94-04c1-424b-9868-57a2d4851a1d" relativeResultsDirectory="fcbb38cd-92f5-43b0-afac-249f3bd48ff3" />
    <UnitTestResult executionId="89d0b57c-7143-4071-a7a4-68bffc166cc3" testId="47afa5d8-3f1b-ab5c-4ef5-49baab52665f" testName="get_MsgId_UsesRuntime_Success" computerName="ICSWS068" duration="00:00:00.0018976" startTime="2016-08-04T09:56:45.1080484+02:00" endTime="2016-08-04T09:56:45.1110504+02:00" testType="13cdc9d9-ddb5-4fa4-a97d-d965ccfc6d4b" outcome="Passed" testListId="8c84fa94-04c1-424b-9868-57a2d4851a1d" relativeResultsDirectory="89d0b57c-7143-4071-a7a4-68bffc166cc3" />
    <UnitTestResult executionId="03c9e7a4-f88b-4d74-9467-7313aecca151" testId="3b63e438-ea59-7645-3aa1-72756d4a635d" testName="get_MsgId_RuntimeThrows_Fails" computerName="ICSWS068" duration="00:00:00.0011181" startTime="2016-08-04T09:56:45.1135560+02:00" endTime="2016-08-04T09:56:45.1160788+02:00" testType="13cdc9d9-ddb5-4fa4-a97d-d965ccfc6d4b" outcome="Passed" testListId="8c84fa94-04c1-424b-9868-57a2d4851a1d" relativeResultsDirectory="03c9e7a4-f88b-4d74-9467-7313aecca151" />
    <UnitTestResult executionId="3e2ee3a5-bc08-4dcb-9acd-c6cbd7928586" testId="e9b94199-87c3-cf92-ab81-aaf3563807a4" testName="set_MsgId_UsesRuntime_Success" computerName="ICSWS068" duration="00:00:00.0011178" startTime="2016-08-04T09:56:45.1181101+02:00" endTime="2016-08-04T09:56:45.1206298+02:00" testType="13cdc9d9-ddb5-4fa4-a97d-d965ccfc6d4b" outcome="Passed" testListId="8c84fa94-04c1-424b-9868-57a2d4851a1d" relativeResultsDirectory="3e2ee3a5-bc08-4dcb-9acd-c6cbd7928586" />
    <UnitTestResult executionId="e4e0cca9-d478-462b-adc7-ee6926130f8b" testId="b6af1e21-be59-f295-018e-5d6bf3e4fdcc" testName="set_MsgId_NullArgument_Fails" computerName="ICSWS068" duration="00:00:00.0005944" startTime="2016-08-04T09:56:45.1236156+02:00" endTime="2016-08-04T09:56:45.1256176+02:00" testType="13cdc9d9-ddb5-4fa4-a97d-d965ccfc6d4b" outcome="Passed" testListId="8c84fa94-04c1-424b-9868-57a2d4851a1d" relativeResultsDirectory="e4e0cca9-d478-462b-adc7-ee6926130f8b" />
    <UnitTestResult executionId="3665b864-9737-4d93-acc9-c631cad2795b" testId="5c73a58a-0cc7-751c-9b27-ce28a5480df0" testName="set_MsgId_CannotSetPositionInBinaryArray_Fails" computerName="ICSWS068" duration="00:00:00.0013389" startTime="2016-08-04T09:56:45.1281188+02:00" endTime="2016-08-04T09:56:45.1306378+02:00" testType="13cdc9d9-ddb5-4fa4-a97d-d965ccfc6d4b" outcome="Passed" testListId="8c84fa94-04c1-424b-9868-57a2d4851a1d" relativeResultsDirectory="3665b864-9737-4d93-acc9-c631cad2795b" />
    <UnitTestResult executionId="f6e3631a-0889-440a-8859-4d3c36abb9ac" testId="eaa8aaf6-75cb-a009-e3ca-68cc4703d7cf" testName="set_MsgId_RuntimeThrows_Fails" computerName="ICSWS068" duration="00:00:00.0009765" startTime="2016-08-04T09:56:45.1326378+02:00" endTime="2016-08-04T09:56:45.1351239+02:00" testType="13cdc9d9-ddb5-4fa4-a97d-d965ccfc6d4b" outcome="Passed" testListId="8c84fa94-04c1-424b-9868-57a2d4851a1d" relativeResultsDirectory="f6e3631a-0889-440a-8859-4d3c36abb9ac" />
    <UnitTestResult executionId="838f801a-ce25-43c3-a59a-30c445f94160" testId="68fc74e6-4237-2da4-b203-b27b36bcfd26" testName="get_CorrelId_UsesRuntime_Success" computerName="ICSWS068" duration="00:00:00.0017741" startTime="2016-08-04T09:56:45.1371406+02:00" endTime="2016-08-04T09:56:45.1406277+02:00" testType="13cdc9d9-ddb5-4fa4-a97d-d965ccfc6d4b" outcome="Passed" testListId="8c84fa94-04c1-424b-9868-57a2d4851a1d" relativeResultsDirectory="838f801a-ce25-43c3-a59a-30c445f94160" />
    <UnitTestResult executionId="4e228e13-3ae3-40bb-818d-a16605d37d70" testId="eca8c288-a377-c0f6-0669-5646bb1c22ab" testName="set_CorrelId_NullArgument_Fails" computerName="ICSWS068" duration="00:00:00.0008035" startTime="2016-08-04T09:56:45.1431452+02:00" endTime="2016-08-04T09:56:45.1451323+02:00" testType="13cdc9d9-ddb5-4fa4-a97d-d965ccfc6d4b" outcome="Passed" testListId="8c84fa94-04c1-424b-9868-57a2d4851a1d" relativeResultsDirectory="4e228e13-3ae3-40bb-818d-a16605d37d70" />
    <UnitTestResult executionId="3d1704dc-f30d-4b60-b9b3-4b1310a25cae" testId="5bc6e1aa-1bca-343d-92ed-5800afbd149f" testName="set_CorrelId_CannotSetPositionInBinaryArray_Fails" computerName="ICSWS068" duration="00:00:00.0011237" startTime="2016-08-04T09:56:45.1476331+02:00" endTime="2016-08-04T09:56:45.1501501+02:00" testType="13cdc9d9-ddb5-4fa4-a97d-d965ccfc6d4b" outcome="Passed" testListId="8c84fa94-04c1-424b-9868-57a2d4851a1d" relativeResultsDirectory="3d1704dc-f30d-4b60-b9b3-4b1310a25cae" />
    <UnitTestResult executionId="5bcc617a-3924-4e9b-9660-f81a0cb61a43" testId="eddbea42-2624-b4d5-55f5-e69c4d459464" testName="get_CorrelId_RuntimeThrows_Fails" computerName="ICSWS068" duration="00:00:00.0010914" startTime="2016-08-04T09:56:45.1526559+02:00" endTime="2016-08-04T09:56:45.1551567+02:00" testType="13cdc9d9-ddb5-4fa4-a97d-d965ccfc6d4b" outcome="Passed" testListId="8c84fa94-04c1-424b-9868-57a2d4851a1d" relativeResultsDirectory="5bcc617a-3924-4e9b-9660-f81a0cb61a43" />
    <UnitTestResult executionId="142ad407-244c-44cc-bfe9-4e73064a07c7" testId="d255b162-fd8b-71ba-b8a0-b5bc44cffa16" testName="set_CorrelId_UsesRuntime_Success" computerName="ICSWS068" duration="00:00:00.0009741" startTime="2016-08-04T09:56:45.1576426+02:00" endTime="2016-08-04T09:56:45.1596613+02:00" testType="13cdc9d9-ddb5-4fa4-a97d-d965ccfc6d4b" outcome="Passed" testListId="8c84fa94-04c1-424b-9868-57a2d4851a1d" relativeResultsDirectory="142ad407-244c-44cc-bfe9-4e73064a07c7" />
    <UnitTestResult executionId="59168eca-639c-4c58-8677-10df6e24c259" testId="0b8a13c4-59fb-952e-032e-e14ba2eee5a3" testName="set_CorrelId_RuntimeThrows_Fails" computerName="ICSWS068" duration="00:00:00.0009436" startTime="2016-08-04T09:56:45.1624214+02:00" endTime="2016-08-04T09:56:45.1644402+02:00" testType="13cdc9d9-ddb5-4fa4-a97d-d965ccfc6d4b" outcome="Passed" testListId="8c84fa94-04c1-424b-9868-57a2d4851a1d" relativeResultsDirectory="59168eca-639c-4c58-8677-10df6e24c259" />
    <UnitTestResult executionId="db755e94-9384-4470-98ad-f0d381a0142c" testId="a48d821e-145a-db52-b567-8d6172b2704c" testName="get_GroupId_UsesRuntime_Success" computerName="ICSWS068" duration="00:00:00.0014738" startTime="2016-08-04T09:56:45.1669433+02:00" endTime="2016-08-04T09:56:45.1699442+02:00" testType="13cdc9d9-ddb5-4fa4-a97d-d965ccfc6d4b" outcome="Passed" testListId="8c84fa94-04c1-424b-9868-57a2d4851a1d" relativeResultsDirectory="db755e94-9384-4470-98ad-f0d381a0142c" />
    <UnitTestResult executionId="930cac17-0b6d-4a5f-8ab8-8b805685ecc5" testId="1586afeb-ae6c-a8de-3f75-8860da491c26" testName="get_GroupId_RuntimeThrows_Fails" computerName="ICSWS068" duration="00:00:00.0012128" startTime="2016-08-04T09:56:45.1724306+02:00" endTime="2016-08-04T09:56:45.1749323+02:00" testType="13cdc9d9-ddb5-4fa4-a97d-d965ccfc6d4b" outcome="Passed" testListId="8c84fa94-04c1-424b-9868-57a2d4851a1d" relativeResultsDirectory="930cac17-0b6d-4a5f-8ab8-8b805685ecc5" />
    <UnitTestResult executionId="ea29ec7e-5aab-4948-a743-041b4fd68f85" testId="deeb3cec-6af4-3978-4046-b982f00aec25" testName="get_Codepage_UsesRuntime_Success" computerName="ICSWS068" duration="00:00:00.0011073" startTime="2016-08-04T09:56:45.1774511+02:00" endTime="2016-08-04T09:56:45.1799528+02:00" testType="13cdc9d9-ddb5-4fa4-a97d-d965ccfc6d4b" outcome="Passed" testListId="8c84fa94-04c1-424b-9868-57a2d4851a1d" relativeResultsDirectory="ea29ec7e-5aab-4948-a743-041b4fd68f85" />
    <UnitTestResult executionId="972ebd57-deb3-484a-ae1d-0763669af4c2" testId="7b1ca508-8505-fcc5-7d25-5ff8e8d05a5b" testName="get_Codepage_RuntimeThrows_Fails" computerName="ICSWS068" duration="00:00:00.0011386" startTime="2016-08-04T09:56:45.1825574+02:00" endTime="2016-08-04T09:56:45.1850624+02:00" testType="13cdc9d9-ddb5-4fa4-a97d-d965ccfc6d4b" outcome="Passed" testListId="8c84fa94-04c1-424b-9868-57a2d4851a1d" relativeResultsDirectory="972ebd57-deb3-484a-ae1d-0763669af4c2" />
    <UnitTestResult executionId="bd827e09-dd1f-4144-83b7-f5f1dcbc82b7" testId="28de25ff-5d21-7609-4275-97310194abc4" testName="set_Codepage_UsesRuntime_Success" computerName="ICSWS068" duration="00:00:00.0012656" startTime="2016-08-04T09:56:45.1875626+02:00" endTime="2016-08-04T09:56:45.1900644+02:00" testType="13cdc9d9-ddb5-4fa4-a97d-d965ccfc6d4b" outcome="Passed" testListId="8c84fa94-04c1-424b-9868-57a2d4851a1d" relativeResultsDirectory="bd827e09-dd1f-4144-83b7-f5f1dcbc82b7" />
    <UnitTestResult executionId="85348164-994a-4bce-9846-cdf1403b7f4f" testId="0971a2c8-ce8b-12b3-92c4-14efc4be929a" testName="set_Codepage_RuntimeThrows_Fails" computerName="ICSWS068" duration="00:00:00.0011319" startTime="2016-08-04T09:56:45.1931309+02:00" endTime="2016-08-04T09:56:45.1951475+02:00" testType="13cdc9d9-ddb5-4fa4-a97d-d965ccfc6d4b" outcome="Passed" testListId="8c84fa94-04c1-424b-9868-57a2d4851a1d" relativeResultsDirectory="85348164-994a-4bce-9846-cdf1403b7f4f" />
    <UnitTestResult executionId="c5e33ce6-c273-49d3-9819-861d1a02e8ab" testId="48ef4787-247b-63f9-8c63-3a2493d4acce" testName="set_Codepage_CompletionCodeNotOk_Fails" computerName="ICSWS068" duration="00:00:00.0010378" startTime="2016-08-04T09:56:45.1981346+02:00" endTime="2016-08-04T09:56:45.2001510+02:00" testType="13cdc9d9-ddb5-4fa4-a97d-d965ccfc6d4b" outcome="Passed" testListId="8c84fa94-04c1-424b-9868-57a2d4851a1d" relativeResultsDirectory="c5e33ce6-c273-49d3-9819-861d1a02e8ab" />
    <UnitTestResult executionId="5d93fdb6-710d-41b8-8f00-3e094dbd9283" testId="b3212d63-82b5-3311-976c-f611fba2f6eb" testName="get_CompletionCode_UsesRuntime_Success" computerName="ICSWS068" duration="00:00:00.0015606" startTime="2016-08-04T09:56:45.2026427+02:00" endTime="2016-08-04T09:56:45.2056450+02:00" testType="13cdc9d9-ddb5-4fa4-a97d-d965ccfc6d4b" outcome="Passed" testListId="8c84fa94-04c1-424b-9868-57a2d4851a1d" relativeResultsDirectory="5d93fdb6-710d-41b8-8f00-3e094dbd9283" />
    <UnitTestResult executionId="4f8d4e0c-e721-4f7b-9fa4-766acaf59656" testId="164c37e8-79cd-5f9a-5c10-b0dbe118021e" testName="get_CompletionCode_RuntimeThrows_Fails" computerName="ICSWS068" duration="00:00:00.0011665" startTime="2016-08-04T09:56:45.2086459+02:00" endTime="2016-08-04T09:56:45.2111634+02:00" testType="13cdc9d9-ddb5-4fa4-a97d-d965ccfc6d4b" outcome="Passed" testListId="8c84fa94-04c1-424b-9868-57a2d4851a1d" relativeResultsDirectory="4f8d4e0c-e721-4f7b-9fa4-766acaf59656" />
    <UnitTestResult executionId="7aeaf249-4f00-4271-96ff-8900ccc958f7" testId="f3d5f909-e69e-de1b-7625-81f1dfb9990c" testName="get_ReasonCode_UsesRuntime_Success" computerName="ICSWS068" duration="00:00:00.0013304" startTime="2016-08-04T09:56:45.2141510+02:00" endTime="2016-08-04T09:56:45.2171533+02:00" testType="13cdc9d9-ddb5-4fa4-a97d-d965ccfc6d4b" outcome="Passed" testListId="8c84fa94-04c1-424b-9868-57a2d4851a1d" relativeResultsDirectory="7aeaf249-4f00-4271-96ff-8900ccc958f7" />
    <UnitTestResult executionId="7974b0d6-3191-4f92-99d3-c8731de357a9" testId="7bd3f91a-852e-d7e5-5683-f87aa7c7a109" testName="get_ReasonCode_RuntimeThrows_Fails" computerName="ICSWS068" duration="00:00:00.0014093" startTime="2016-08-04T09:56:45.2196568+02:00" endTime="2016-08-04T09:56:45.2216553+02:00" testType="13cdc9d9-ddb5-4fa4-a97d-d965ccfc6d4b" outcome="Passed" testListId="8c84fa94-04c1-424b-9868-57a2d4851a1d" relativeResultsDirectory="7974b0d6-3191-4f92-99d3-c8731de357a9" />
    <UnitTestResult executionId="a55c68c0-b0c7-4999-9d91-836f9be5d63b" testId="de9d5b1d-960e-a8bd-4146-ffa1c32c5548" testName="get_DataSize_UsesRuntime_Success" computerName="ICSWS068" duration="00:00:00.0014448" startTime="2016-08-04T09:56:45.2253280+02:00" endTime="2016-08-04T09:56:45.2278312+02:00" testType="13cdc9d9-ddb5-4fa4-a97d-d965ccfc6d4b" outcome="Passed" testListId="8c84fa94-04c1-424b-9868-57a2d4851a1d" relativeResultsDirectory="a55c68c0-b0c7-4999-9d91-836f9be5d63b" />
    <UnitTestResult executionId="40be710b-f379-4b2e-9b6c-897e03478681" testId="ba793d77-f0e6-9f77-9d35-8fa0d48946ca" testName="get_DataSize_RuntimeThrows_Fails" computerName="ICSWS068" duration="00:00:00.0011058" startTime="2016-08-04T09:56:45.2308475+02:00" endTime="2016-08-04T09:56:45.2333504+02:00" testType="13cdc9d9-ddb5-4fa4-a97d-d965ccfc6d4b" outcome="Passed" testListId="8c84fa94-04c1-424b-9868-57a2d4851a1d" relativeResultsDirectory="40be710b-f379-4b2e-9b6c-897e03478681" />
    <UnitTestResult executionId="3cb8b331-8098-4c10-8020-120a844c1e85" testId="ae8f66a0-e5db-3200-9091-7255c9d3a9ad" testName="get_DataSize_CompletionCodeNotOk_Fails" computerName="ICSWS068" duration="00:00:00.0013609" startTime="2016-08-04T09:56:45.2358363+02:00" endTime="2016-08-04T09:56:45.2383374+02:00" testType="13cdc9d9-ddb5-4fa4-a97d-d965ccfc6d4b" outcome="Passed" testListId="8c84fa94-04c1-424b-9868-57a2d4851a1d" relativeResultsDirectory="3cb8b331-8098-4c10-8020-120a844c1e85" />
    <UnitTestResult executionId="f9328c9e-9e13-4e67-bd31-a0a57ef5439c" testId="891b8739-9aa8-a37e-ec46-d674b574bf9c" testName="get_Feedback_UsesRuntime_Success" computerName="ICSWS068" duration="00:00:00.0013938" startTime="2016-08-04T09:56:45.2413397+02:00" endTime="2016-08-04T09:56:45.2443420+02:00" testType="13cdc9d9-ddb5-4fa4-a97d-d965ccfc6d4b" outcome="Passed" testListId="8c84fa94-04c1-424b-9868-57a2d4851a1d" relativeResultsDirectory="f9328c9e-9e13-4e67-bd31-a0a57ef5439c" />
    <UnitTestResult executionId="8b847f48-0b6b-4ccd-9bc3-a6a9f24cc554" testId="60c9881c-3fb6-86cf-5b4d-0878006bc0a1" testName="get_Feedback_RuntimeThrows_Fails" computerName="ICSWS068" duration="00:00:00.0010568" startTime="2016-08-04T09:56:45.2469452+02:00" endTime="2016-08-04T09:56:45.2489657+02:00" testType="13cdc9d9-ddb5-4fa4-a97d-d965ccfc6d4b" outcome="Passed" testListId="8c84fa94-04c1-424b-9868-57a2d4851a1d" relativeResultsDirectory="8b847f48-0b6b-4ccd-9bc3-a6a9f24cc554" />
    <UnitTestResult executionId="888a67d0-1684-406b-a5a2-25b7c0d511fe" testId="d7318050-8f26-c60a-0e39-f2a93793d311" testName="set_Feedback_UsesRuntime_Success" computerName="ICSWS068" duration="00:00:00.0017943" startTime="2016-08-04T09:56:45.2514507+02:00" endTime="2016-08-04T09:56:45.2568433+02:00" testType="13cdc9d9-ddb5-4fa4-a97d-d965ccfc6d4b" outcome="Passed" testListId="8c84fa94-04c1-424b-9868-57a2d4851a1d" relativeResultsDirectory="888a67d0-1684-406b-a5a2-25b7c0d511fe" />
    <UnitTestResult executionId="edafcaab-fc53-4452-8800-a0135f4f7def" testId="f291f0ef-80d7-6e69-d766-8f59cd0baa94" testName="set_Feedback_RuntimeThrows_Fails" computerName="ICSWS068" duration="00:00:00.0011606" startTime="2016-08-04T09:56:45.2598438+02:00" endTime="2016-08-04T09:56:45.2623517+02:00" testType="13cdc9d9-ddb5-4fa4-a97d-d965ccfc6d4b" outcome="Passed" testListId="8c84fa94-04c1-424b-9868-57a2d4851a1d" relativeResultsDirectory="edafcaab-fc53-4452-8800-a0135f4f7def" />
    <UnitTestResult executionId="6b26ea47-279f-42fd-b668-bcef67bc4ea0" testId="806c8823-f344-b775-8278-6e8cfb316725" testName="set_Feedback_CompletionCodeNotOk_Fails" computerName="ICSWS068" duration="00:00:00.0009706" startTime="2016-08-04T09:56:45.2651299+02:00" endTime="2016-08-04T09:56:45.2671493+02:00" testType="13cdc9d9-ddb5-4fa4-a97d-d965ccfc6d4b" outcome="Passed" testListId="8c84fa94-04c1-424b-9868-57a2d4851a1d" relativeResultsDirectory="6b26ea47-279f-42fd-b668-bcef67bc4ea0" />
    <UnitTestResult executionId="b3166d70-25d1-4cfb-9c1e-f41e7a50d078" testId="174b377b-80f6-1d12-be43-60160d8c0c61" testName="get_Flags_UsesRuntime_Success" computerName="ICSWS068" duration="00:00:00.0057133" startTime="2016-08-04T09:56:45.2696351+02:00" endTime="2016-08-04T09:56:45.2766421+02:00" testType="13cdc9d9-ddb5-4fa4-a97d-d965ccfc6d4b" outcome="Passed" testListId="8c84fa94-04c1-424b-9868-57a2d4851a1d" relativeResultsDirectory="b3166d70-25d1-4cfb-9c1e-f41e7a50d078" />
    <UnitTestResult executionId="91e5964e-0991-40cf-a2be-68d626e73dc4" testId="4a451e29-94b5-661e-22f2-08c08c560ae0" testName="get_Flags_RuntimeThrows_Fails" computerName="ICSWS068" duration="00:00:00.0011231" startTime="2016-08-04T09:56:45.2791438+02:00" endTime="2016-08-04T09:56:45.2816461+02:00" testType="13cdc9d9-ddb5-4fa4-a97d-d965ccfc6d4b" outcome="Passed" testListId="8c84fa94-04c1-424b-9868-57a2d4851a1d" relativeResultsDirectory="91e5964e-0991-40cf-a2be-68d626e73dc4" />
    <UnitTestResult executionId="e5b09b7b-6955-460c-be41-3a3a97d535a0" testId="88420e18-c54f-0fc5-9276-eed1b3c7bb07" testName="set_Flags_UsesRuntime_Success" computerName="ICSWS068" duration="00:00:00.0012295" startTime="2016-08-04T09:56:45.2840126+02:00" endTime="2016-08-04T09:56:45.2865305+02:00" testType="13cdc9d9-ddb5-4fa4-a97d-d965ccfc6d4b" outcome="Passed" testListId="8c84fa94-04c1-424b-9868-57a2d4851a1d" relativeResultsDirectory="e5b09b7b-6955-460c-be41-3a3a97d535a0" />
    <UnitTestResult executionId="e115f282-3d6d-4531-8366-a054f2fc1072" testId="80467d84-d2a9-6ee0-9525-05acaabd5324" testName="set_Flags_RuntimeThrows_Fails" computerName="ICSWS068" duration="00:00:00.0026169" startTime="2016-08-04T09:56:45.2885163+02:00" endTime="2016-08-04T09:56:45.2930251+02:00" testType="13cdc9d9-ddb5-4fa4-a97d-d965ccfc6d4b" outcome="Passed" testListId="8c84fa94-04c1-424b-9868-57a2d4851a1d" relativeResultsDirectory="e115f282-3d6d-4531-8366-a054f2fc1072" />
    <UnitTestResult executionId="586a0d69-e060-4840-bac1-ffb65077f43d" testId="e5f992be-510e-afaf-e32a-a8f8825d7c73" testName="set_Flags_CompletionCodeNotOk_Fails" computerName="ICSWS068" duration="00:00:00.0010556" startTime="2016-08-04T09:56:45.2955423+02:00" endTime="2016-08-04T09:56:45.2980279+02:00" testType="13cdc9d9-ddb5-4fa4-a97d-d965ccfc6d4b" outcome="Passed" testListId="8c84fa94-04c1-424b-9868-57a2d4851a1d" relativeResultsDirectory="586a0d69-e060-4840-bac1-ffb65077f43d" />
    <UnitTestResult executionId="6bb4f92b-7365-464f-969a-5a28a60204b1" testId="8c246062-be24-b848-a87f-08a3904e0332" testName="get_Format_UsesRuntime_Success" computerName="ICSWS068" duration="00:00:00.0016668" startTime="2016-08-04T09:56:45.3005290+02:00" endTime="2016-08-04T09:56:45.3035310+02:00" testType="13cdc9d9-ddb5-4fa4-a97d-d965ccfc6d4b" outcome="Passed" testListId="8c84fa94-04c1-424b-9868-57a2d4851a1d" relativeResultsDirectory="6bb4f92b-7365-464f-969a-5a28a60204b1" />
    <UnitTestResult executionId="490cc0c8-6788-45fa-af1e-f92d7db19a0d" testId="c1a0165b-9924-aca3-be03-5f194beea2f6" testName="get_Format_RuntimeThrows_Fails" computerName="ICSWS068" duration="00:00:00.0011304" startTime="2016-08-04T09:56:45.3065336+02:00" endTime="2016-08-04T09:56:45.3090368+02:00" testType="13cdc9d9-ddb5-4fa4-a97d-d965ccfc6d4b" outcome="Passed" testListId="8c84fa94-04c1-424b-9868-57a2d4851a1d" relativeResultsDirectory="490cc0c8-6788-45fa-af1e-f92d7db19a0d" />
    <UnitTestResult executionId="8a9ce9e0-c0e6-40de-bde2-c9693fb54188" testId="2360e013-a726-8e4c-d1ff-dbd383381907" testName="get_Format_CompletionCodeNotOk_Fails" computerName="ICSWS068" duration="00:00:00.0013377" startTime="2016-08-04T09:56:45.3115382+02:00" endTime="2016-08-04T09:56:45.3140602+02:00" testType="13cdc9d9-ddb5-4fa4-a97d-d965ccfc6d4b" outcome="Passed" testListId="8c84fa94-04c1-424b-9868-57a2d4851a1d" relativeResultsDirectory="8a9ce9e0-c0e6-40de-bde2-c9693fb54188" />
    <UnitTestResult executionId="0ec8247d-ecb9-49c5-aa04-bff168c319de" testId="76de71aa-40e5-739e-29a8-b5917d5c1fcc" testName="set_Format_UsesRuntime_Success" computerName="ICSWS068" duration="00:00:00.0012026" startTime="2016-08-04T09:56:45.3160616+02:00" endTime="2016-08-04T09:56:45.3185648+02:00" testType="13cdc9d9-ddb5-4fa4-a97d-d965ccfc6d4b" outcome="Passed" testListId="8c84fa94-04c1-424b-9868-57a2d4851a1d" relativeResultsDirectory="0ec8247d-ecb9-49c5-aa04-bff168c319de" />
    <UnitTestResult executionId="c8571a19-81e2-417b-8100-044c5bf13b30" testId="8f1242f7-c6b3-f9d9-e781-a4ff1d15e219" testName="set_Format_NullInput_SetsEmptyString" computerName="ICSWS068" duration="00:00:00.0011847" startTime="2016-08-04T09:56:45.3205654+02:00" endTime="2016-08-04T09:56:45.3231914+02:00" testType="13cdc9d9-ddb5-4fa4-a97d-d965ccfc6d4b" outcome="Passed" testListId="8c84fa94-04c1-424b-9868-57a2d4851a1d" relativeResultsDirectory="c8571a19-81e2-417b-8100-044c5bf13b30" />
    <UnitTestResult executionId="c12646cc-0230-4c1d-a269-87845966c8c2" testId="89c3529d-08d8-59db-c9b6-0a5ce296642d" testName="set_Format_RuntimeThrows_Fails" computerName="ICSWS068" duration="00:00:00.0011049" startTime="2016-08-04T09:56:45.3261966+02:00" endTime="2016-08-04T09:56:45.3281990+02:00" testType="13cdc9d9-ddb5-4fa4-a97d-d965ccfc6d4b" outcome="Passed" testListId="8c84fa94-04c1-424b-9868-57a2d4851a1d" relativeResultsDirectory="c12646cc-0230-4c1d-a269-87845966c8c2" />
    <UnitTestResult executionId="0cd43278-e924-4f1d-b5d2-1cd7aad74ed5" testId="7d35eae7-eca9-8cff-994a-1a448fa967e7" testName="get_MessageInGroup_UsesRuntime_Success" computerName="ICSWS068" duration="00:00:00.0022873" startTime="2016-08-04T09:56:45.3307150+02:00" endTime="2016-08-04T09:56:45.3342179+02:00" testType="13cdc9d9-ddb5-4fa4-a97d-d965ccfc6d4b" outcome="Passed" testListId="8c84fa94-04c1-424b-9868-57a2d4851a1d" relativeResultsDirectory="0cd43278-e924-4f1d-b5d2-1cd7aad74ed5" />
    <UnitTestResult executionId="04c4d86a-c7d7-448d-b8ab-334ec8a27fab" testId="b5b0253c-f0c6-66e5-1da8-39e7d6e66018" testName="get_MessageInGroup_RuntimeThrows_Fails" computerName="ICSWS068" duration="00:00:00.0010597" startTime="2016-08-04T09:56:45.3364372+02:00" endTime="2016-08-04T09:56:45.3389401+02:00" testType="13cdc9d9-ddb5-4fa4-a97d-d965ccfc6d4b" outcome="Passed" testListId="8c84fa94-04c1-424b-9868-57a2d4851a1d" relativeResultsDirectory="04c4d86a-c7d7-448d-b8ab-334ec8a27fab" />
    <UnitTestResult executionId="5ca563f3-a088-4b6e-afcc-8ca4c4d11612" testId="6865d160-1c24-28ed-21a0-8a1bba842e42" testName="set_MessageInGroup_UsesRuntime_Success" computerName="ICSWS068" duration="00:00:00.0010210" startTime="2016-08-04T09:56:45.3424436+02:00" endTime="2016-08-04T09:56:45.3449605+02:00" testType="13cdc9d9-ddb5-4fa4-a97d-d965ccfc6d4b" outcome="Passed" testListId="8c84fa94-04c1-424b-9868-57a2d4851a1d" relativeResultsDirectory="5ca563f3-a088-4b6e-afcc-8ca4c4d11612" />
    <UnitTestResult executionId="1359ef5f-629b-4b81-9c87-b5fd509a8707" testId="9c1389ee-fe72-2f89-c5f8-4c7395945831" testName="set_MessageInGroup_RuntimeThrows_Fails" computerName="ICSWS068" duration="00:00:00.0010729" startTime="2016-08-04T09:56:45.3474705+02:00" endTime="2016-08-04T09:56:45.3494649+02:00" testType="13cdc9d9-ddb5-4fa4-a97d-d965ccfc6d4b" outcome="Passed" testListId="8c84fa94-04c1-424b-9868-57a2d4851a1d" relativeResultsDirectory="1359ef5f-629b-4b81-9c87-b5fd509a8707" />
    <UnitTestResult executionId="2f9f1312-aaa6-4e70-8d89-e5b1144e8a1e" testId="364e5a03-ba18-ce16-0922-da2dd3394fdc" testName="get_MessageIsLastSegment_UsesRuntime_Success" computerName="ICSWS068" duration="00:00:00.0018448" startTime="2016-08-04T09:56:45.3519698+02:00" endTime="2016-08-04T09:56:45.3549703+02:00" testType="13cdc9d9-ddb5-4fa4-a97d-d965ccfc6d4b" outcome="Passed" testListId="8c84fa94-04c1-424b-9868-57a2d4851a1d" relativeResultsDirectory="2f9f1312-aaa6-4e70-8d89-e5b1144e8a1e" />
    <UnitTestResult executionId="25e7b2f7-6ee1-4140-863e-abc637d22b15" testId="8869d152-4bfa-d909-bafb-5aad9157f3c5" testName="get_MessageIsLastSegment_RuntimeThrows_Fails" computerName="ICSWS068" duration="00:00:00.0011489" startTime="2016-08-04T09:56:45.3579571+02:00" endTime="2016-08-04T09:56:45.3604749+02:00" testType="13cdc9d9-ddb5-4fa4-a97d-d965ccfc6d4b" outcome="Passed" testListId="8c84fa94-04c1-424b-9868-57a2d4851a1d" relativeResultsDirectory="25e7b2f7-6ee1-4140-863e-abc637d22b15" />
    <UnitTestResult executionId="7ed0b36d-2a42-4217-8fd9-8a3fc5520cee" testId="c15fa001-f5b0-81f8-0dc1-4093e3a286c9" testName="set_MessageIsLastSegment_UsesRuntime_Success" computerName="ICSWS068" duration="00:00:00.0009246" startTime="2016-08-04T09:56:45.3629154+02:00" endTime="2016-08-04T09:56:45.3649016+02:00" testType="13cdc9d9-ddb5-4fa4-a97d-d965ccfc6d4b" outcome="Passed" testListId="8c84fa94-04c1-424b-9868-57a2d4851a1d" relativeResultsDirectory="7ed0b36d-2a42-4217-8fd9-8a3fc5520cee" />
    <UnitTestResult executionId="4679a195-36a6-4bea-a040-3a185da9104f" testId="43caceed-ae3c-c60e-7d7f-6174a8d4fbb9" testName="set_MessageIsLastSegment_RuntimeThrows_Fails" computerName="ICSWS068" duration="00:00:00.0010668" startTime="2016-08-04T09:56:45.3674018+02:00" endTime="2016-08-04T09:56:45.3699276+02:00" testType="13cdc9d9-ddb5-4fa4-a97d-d965ccfc6d4b" outcome="Passed" testListId="8c84fa94-04c1-424b-9868-57a2d4851a1d" relativeResultsDirectory="4679a195-36a6-4bea-a040-3a185da9104f" />
    <UnitTestResult executionId="eb97ad3c-f180-42d4-863e-dca0db6871f7" testId="ec9c59a6-7d9b-6e50-a0ac-00b3a299af01" testName="get_MessageIsSegment_UsesRuntime_Success" computerName="ICSWS068" duration="00:00:00.0019483" startTime="2016-08-04T09:56:45.3724067+02:00" endTime="2016-08-04T09:56:45.3754122+02:00" testType="13cdc9d9-ddb5-4fa4-a97d-d965ccfc6d4b" outcome="Passed" testListId="8c84fa94-04c1-424b-9868-57a2d4851a1d" relativeResultsDirectory="eb97ad3c-f180-42d4-863e-dca0db6871f7" />
    <UnitTestResult executionId="42e1ea77-f3f5-4643-9e68-2a03acda16f6" testId="c420d7a7-a27d-8e94-59ed-ea8fd7ffcd52" testName="get_MessageIsSegment_RuntimeThrows_Fails" computerName="ICSWS068" duration="00:00:00.0011117" startTime="2016-08-04T09:56:45.3784131+02:00" endTime="2016-08-04T09:56:45.3809171+02:00" testType="13cdc9d9-ddb5-4fa4-a97d-d965ccfc6d4b" outcome="Passed" testListId="8c84fa94-04c1-424b-9868-57a2d4851a1d" relativeResultsDirectory="42e1ea77-f3f5-4643-9e68-2a03acda16f6" />
    <UnitTestResult executionId="64f51749-1a59-4845-bc19-111c133e98e0" testId="12221648-af0f-62ef-ff07-1fea95295ebc" testName="set_MessageIsSegment_UsesRuntime_Success" computerName="ICSWS068" duration="00:00:00.0009744" startTime="2016-08-04T09:56:45.3834171+02:00" endTime="2016-08-04T09:56:45.3859343+02:00" testType="13cdc9d9-ddb5-4fa4-a97d-d965ccfc6d4b" outcome="Passed" testListId="8c84fa94-04c1-424b-9868-57a2d4851a1d" relativeResultsDirectory="64f51749-1a59-4845-bc19-111c133e98e0" />
    <UnitTestResult executionId="6b34efd2-5e81-4649-8615-686dd234b3e4" testId="fea02e76-3511-667b-950d-9f1101c86814" testName="set_MessageIsSegment_RuntimeThrows_Fails" computerName="ICSWS068" duration="00:00:00.0012155" startTime="2016-08-04T09:56:45.3884199+02:00" endTime="2016-08-04T09:56:45.3909378+02:00" testType="13cdc9d9-ddb5-4fa4-a97d-d965ccfc6d4b" outcome="Passed" testListId="8c84fa94-04c1-424b-9868-57a2d4851a1d" relativeResultsDirectory="6b34efd2-5e81-4649-8615-686dd234b3e4" />
    <UnitTestResult executionId="596ba476-47ab-44e6-b807-b56b79b8d441" testId="753ba9ac-d887-6d97-7f11-e93cb5913b3b" testName="get_MessageLastInGroup_UsesRuntime_Success" computerName="ICSWS068" duration="00:00:00.0019923" startTime="2016-08-04T09:56:45.3934236+02:00" endTime="2016-08-04T09:56:45.3969277+02:00" testType="13cdc9d9-ddb5-4fa4-a97d-d965ccfc6d4b" outcome="Passed" testListId="8c84fa94-04c1-424b-9868-57a2d4851a1d" relativeResultsDirectory="596ba476-47ab-44e6-b807-b56b79b8d441" />
    <UnitTestResult executionId="9014076f-4c63-4e62-a865-e1ba518fa962" testId="fefed614-8857-db92-f2cc-a174e84022f0" testName="get_MessageLastInGroup_RuntimeThrows_Fails" computerName="ICSWS068" duration="00:00:00.0010700" startTime="2016-08-04T09:56:45.3989444+02:00" endTime="2016-08-04T09:56:45.4014297+02:00" testType="13cdc9d9-ddb5-4fa4-a97d-d965ccfc6d4b" outcome="Passed" testListId="8c84fa94-04c1-424b-9868-57a2d4851a1d" relativeResultsDirectory="9014076f-4c63-4e62-a865-e1ba518fa962" />
    <UnitTestResult executionId="82321f9a-5469-4b76-ac26-a619c32d4e6e" testId="3f6869b4-75e7-e858-da80-b1adffe1300b" testName="set_MessageLastInGroup_UsesRuntime_Success" computerName="ICSWS068" duration="00:00:00.0009193" startTime="2016-08-04T09:56:45.4040205+02:00" endTime="2016-08-04T09:56:45.4060231+02:00" testType="13cdc9d9-ddb5-4fa4-a97d-d965ccfc6d4b" outcome="Passed" testListId="8c84fa94-04c1-424b-9868-57a2d4851a1d" relativeResultsDirectory="82321f9a-5469-4b76-ac26-a619c32d4e6e" />
    <UnitTestResult executionId="905aca0b-79cb-49d0-af61-6dfd60fc839b" testId="15d2d168-09af-c55d-b1ac-9fa07c8bc70c" testName="set_MessageLastInGroup_RuntimeThrows_Fails" computerName="ICSWS068" duration="00:00:00.0011137" startTime="2016-08-04T09:56:45.4085407+02:00" endTime="2016-08-04T09:56:45.4110409+02:00" testType="13cdc9d9-ddb5-4fa4-a97d-d965ccfc6d4b" outcome="Passed" testListId="8c84fa94-04c1-424b-9868-57a2d4851a1d" relativeResultsDirectory="905aca0b-79cb-49d0-af61-6dfd60fc839b" />
    <UnitTestResult executionId="f6fc5f65-bdc0-48a3-8b1b-c2c75d7c3166" testId="41af4a90-2ff4-08f1-0881-240352adacdb" testName="get_MoreDataAvailable_UsesRuntime_Success" computerName="ICSWS068" duration="00:00:00.0019424" startTime="2016-08-04T09:56:45.4135347+02:00" endTime="2016-08-04T09:56:45.4170376+02:00" testType="13cdc9d9-ddb5-4fa4-a97d-d965ccfc6d4b" outcome="Passed" testListId="8c84fa94-04c1-424b-9868-57a2d4851a1d" relativeResultsDirectory="f6fc5f65-bdc0-48a3-8b1b-c2c75d7c3166" />
    <UnitTestResult executionId="6f221c85-25ab-49a2-a32f-e6d8bcec5746" testId="d03ac17c-c9b7-b316-2b1d-4885c3534f53" testName="get_MoreDataAvailable_RuntimeThrows_Fails" computerName="ICSWS068" duration="00:00:00.0014020" startTime="2016-08-04T09:56:45.4210390+02:00" endTime="2016-08-04T09:56:45.4245469+02:00" testType="13cdc9d9-ddb5-4fa4-a97d-d965ccfc6d4b" outcome="Passed" testListId="8c84fa94-04c1-424b-9868-57a2d4851a1d" relativeResultsDirectory="6f221c85-25ab-49a2-a32f-e6d8bcec5746" />
    <UnitTestResult executionId="ad6d47d0-049f-4f3f-9e9e-47e212003adb" testId="a1b5153e-722a-9b86-c626-22fce9f25ae7" testName="get_MsgSeqNo_UsesRuntime_Success" computerName="ICSWS068" duration="00:00:00.0019571" startTime="2016-08-04T09:56:45.4285483+02:00" endTime="2016-08-04T09:56:45.4320511+02:00" testType="13cdc9d9-ddb5-4fa4-a97d-d965ccfc6d4b" outcome="Passed" testListId="8c84fa94-04c1-424b-9868-57a2d4851a1d" relativeResultsDirectory="ad6d47d0-049f-4f3f-9e9e-47e212003adb" />
    <UnitTestResult executionId="3cced46b-0b52-4096-9da8-637c6931de3a" testId="358b56ef-09bf-241f-adfe-708509163ee5" testName="get_MsgSeqNo_RuntimeThrows_Fails" computerName="ICSWS068" duration="00:00:00.0011952" startTime="2016-08-04T09:56:45.4355546+02:00" endTime="2016-08-04T09:56:45.4380563+02:00" testType="13cdc9d9-ddb5-4fa4-a97d-d965ccfc6d4b" outcome="Passed" testListId="8c84fa94-04c1-424b-9868-57a2d4851a1d" relativeResultsDirectory="3cced46b-0b52-4096-9da8-637c6931de3a" />
    <UnitTestResult executionId="e88d229b-411d-46aa-aaff-90877925a331" testId="49f758c0-7027-3410-75e6-e75a31d83f5b" testName="get_MsgType_UsesRuntime_Success" computerName="ICSWS068" duration="00:00:00.0057379" startTime="2016-08-04T09:56:45.4420592+02:00" endTime="2016-08-04T09:56:45.4490646+02:00" testType="13cdc9d9-ddb5-4fa4-a97d-d965ccfc6d4b" outcome="Passed" testListId="8c84fa94-04c1-424b-9868-57a2d4851a1d" relativeResultsDirectory="e88d229b-411d-46aa-aaff-90877925a331" />
    <UnitTestResult executionId="3f016773-aa59-41ac-8627-49641c9d5fac" testId="b1851b03-01e3-a203-e2bc-83b2793ea468" testName="get_MsgType_RuntimeThrows_Fails" computerName="ICSWS068" duration="00:00:00.0011307" startTime="2016-08-04T09:56:45.4520669+02:00" endTime="2016-08-04T09:56:45.4545877+02:00" testType="13cdc9d9-ddb5-4fa4-a97d-d965ccfc6d4b" outcome="Passed" testListId="8c84fa94-04c1-424b-9868-57a2d4851a1d" relativeResultsDirectory="3f016773-aa59-41ac-8627-49641c9d5fac" />
    <UnitTestResult executionId="b98ab612-eb52-4f89-b469-9996290b3696" testId="acb6df00-5e4c-1698-4ceb-b877fc470a20" testName="set_MsgType_UsesRuntime_Success" computerName="ICSWS068" duration="00:00:00.0009809" startTime="2016-08-04T09:56:45.4570730+02:00" endTime="2016-08-04T09:56:45.4595903+02:00" testType="13cdc9d9-ddb5-4fa4-a97d-d965ccfc6d4b" outcome="Passed" testListId="8c84fa94-04c1-424b-9868-57a2d4851a1d" relativeResultsDirectory="b98ab612-eb52-4f89-b469-9996290b3696" />
    <UnitTestResult executionId="2275589e-1164-4f45-938a-8c3d7f3dc246" testId="14226617-9fd2-5982-08a4-5a2be40deb67" testName="set_MsgType_RuntimeThrows_Fails" computerName="ICSWS068" duration="00:00:00.0020668" startTime="2016-08-04T09:56:45.4625770+02:00" endTime="2016-08-04T09:56:45.4660948+02:00" testType="13cdc9d9-ddb5-4fa4-a97d-d965ccfc6d4b" outcome="Passed" testListId="8c84fa94-04c1-424b-9868-57a2d4851a1d" relativeResultsDirectory="2275589e-1164-4f45-938a-8c3d7f3dc246" />
    <UnitTestResult executionId="7408a1c2-d351-4506-938a-abb644706459" testId="23784b2e-7151-b05a-33d4-61eff5a1c115" testName="get_Persistence_UsesRuntime_Success" computerName="ICSWS068" duration="00:00:00.0055743" startTime="2016-08-04T09:56:45.4685810+02:00" endTime="2016-08-04T09:56:45.4755903+02:00" testType="13cdc9d9-ddb5-4fa4-a97d-d965ccfc6d4b" outcome="Passed" testListId="8c84fa94-04c1-424b-9868-57a2d4851a1d" relativeResultsDirectory="7408a1c2-d351-4506-938a-abb644706459" />
    <UnitTestResult executionId="5b4122ad-786b-40dc-aaac-b2fcd758c6a1" testId="517e8a4e-11b6-6b75-2269-f5de56861e11" testName="get_Persistence_RuntimeThrows_Fails" computerName="ICSWS068" duration="00:00:00.0011483" startTime="2016-08-04T09:56:45.4780917+02:00" endTime="2016-08-04T09:56:45.4805934+02:00" testType="13cdc9d9-ddb5-4fa4-a97d-d965ccfc6d4b" outcome="Passed" testListId="8c84fa94-04c1-424b-9868-57a2d4851a1d" relativeResultsDirectory="5b4122ad-786b-40dc-aaac-b2fcd758c6a1" />
    <UnitTestResult executionId="a298d944-c894-43a7-a82b-3fd0c2f03138" testId="bffef4e7-bbfb-65e0-2589-9af6dd42ade0" testName="set_Persistence_UsesRuntime_Success" computerName="ICSWS068" duration="00:00:00.0009521" startTime="2016-08-04T09:56:45.4830987+02:00" endTime="2016-08-04T09:56:45.4856016+02:00" testType="13cdc9d9-ddb5-4fa4-a97d-d965ccfc6d4b" outcome="Passed" testListId="8c84fa94-04c1-424b-9868-57a2d4851a1d" relativeResultsDirectory="a298d944-c894-43a7-a82b-3fd0c2f03138" />
    <UnitTestResult executionId="bd26dca8-753e-4c5f-96ce-7d08767c36f5" testId="b1b49f2c-bc9d-17a8-9727-99edd96dada8" testName="set_Persistence_RuntimeThrows_Fails" computerName="ICSWS068" duration="00:00:00.0021720" startTime="2016-08-04T09:56:45.4876018+02:00" endTime="2016-08-04T09:56:45.4911038+02:00" testType="13cdc9d9-ddb5-4fa4-a97d-d965ccfc6d4b" outcome="Passed" testListId="8c84fa94-04c1-424b-9868-57a2d4851a1d" relativeResultsDirectory="bd26dca8-753e-4c5f-96ce-7d08767c36f5" />
    <UnitTestResult executionId="58e34917-0f1d-4b63-87e0-64ff82880b5f" testId="895fe30e-57ea-2b55-eea2-a9cbeed71d4e" testName="get_Position_UsesRuntime_Success" computerName="ICSWS068" duration="00:00:00.0011398" startTime="2016-08-04T09:56:45.4936105+02:00" endTime="2016-08-04T09:56:45.4961122+02:00" testType="13cdc9d9-ddb5-4fa4-a97d-d965ccfc6d4b" outcome="Passed" testListId="8c84fa94-04c1-424b-9868-57a2d4851a1d" relativeResultsDirectory="58e34917-0f1d-4b63-87e0-64ff82880b5f" />
    <UnitTestResult executionId="0080e15f-5518-44e0-97e6-d2ea4118aa44" testId="06517d9d-d8a7-4068-ce3c-8091fe63bf9a" testName="get_Position_RuntimeThrows_Fails" computerName="ICSWS068" duration="00:00:00.0010856" startTime="2016-08-04T09:56:45.4986142+02:00" endTime="2016-08-04T09:56:45.5011160+02:00" testType="13cdc9d9-ddb5-4fa4-a97d-d965ccfc6d4b" outcome="Passed" testListId="8c84fa94-04c1-424b-9868-57a2d4851a1d" relativeResultsDirectory="0080e15f-5518-44e0-97e6-d2ea4118aa44" />
    <UnitTestResult executionId="244e72d9-3234-4947-8c2f-1c207ed37fbc" testId="04f2e4ef-6188-d428-331d-fcde2723a57c" testName="set_Position_UsesRuntime_SetsValueMinusOne" computerName="ICSWS068" duration="00:00:00.0010108" startTime="2016-08-04T09:56:45.5036215+02:00" endTime="2016-08-04T09:56:45.5056220+02:00" testType="13cdc9d9-ddb5-4fa4-a97d-d965ccfc6d4b" outcome="Passed" testListId="8c84fa94-04c1-424b-9868-57a2d4851a1d" relativeResultsDirectory="244e72d9-3234-4947-8c2f-1c207ed37fbc" />
    <UnitTestResult executionId="0d5ee51e-4f63-4072-b593-64512a6a4be5" testId="4bf48e73-edd1-f8a9-c9f5-279d9b5091c4" testName="set_Position_NegativeValue_SetsZero" computerName="ICSWS068" duration="00:00:00.0006794" startTime="2016-08-04T09:56:45.5086234+02:00" endTime="2016-08-04T09:56:45.5106255+02:00" testType="13cdc9d9-ddb5-4fa4-a97d-d965ccfc6d4b" outcome="Passed" testListId="8c84fa94-04c1-424b-9868-57a2d4851a1d" relativeResultsDirectory="0d5ee51e-4f63-4072-b593-64512a6a4be5" />
    <UnitTestResult executionId="ae45ac45-86dd-4fe6-a8ab-c3fee9173b7e" testId="33f0a40a-e599-312e-9f76-07ea88aeb953" testName="set_Position_ZeroValue_SetsZero" computerName="ICSWS068" duration="00:00:00.0006313" startTime="2016-08-04T09:56:45.5131301+02:00" endTime="2016-08-04T09:56:45.5151327+02:00" testType="13cdc9d9-ddb5-4fa4-a97d-d965ccfc6d4b" outcome="Passed" testListId="8c84fa94-04c1-424b-9868-57a2d4851a1d" relativeResultsDirectory="ae45ac45-86dd-4fe6-a8ab-c3fee9173b7e" />
    <UnitTestResult executionId="6c7ced55-4ec8-4455-adb2-76544e9975a4" testId="65e42c7e-8533-0a66-b164-abe008af4e32" testName="set_Position_RuntimeThrows_Fails" computerName="ICSWS068" duration="00:00:00.0010122" startTime="2016-08-04T09:56:45.5171330+02:00" endTime="2016-08-04T09:56:45.5196502+02:00" testType="13cdc9d9-ddb5-4fa4-a97d-d965ccfc6d4b" outcome="Passed" testListId="8c84fa94-04c1-424b-9868-57a2d4851a1d" relativeResultsDirectory="6c7ced55-4ec8-4455-adb2-76544e9975a4" />
    <UnitTestResult executionId="1b3e3e5d-bbab-4cab-85d2-198f3856fea7" testId="a9d57c6e-9f62-268d-d554-aa495ba8761a" testName="get_Priority_UsesRuntime_Success" computerName="ICSWS068" duration="00:00:00.0013213" startTime="2016-08-04T09:56:45.5216528+02:00" endTime="2016-08-04T09:56:45.5241428+02:00" testType="13cdc9d9-ddb5-4fa4-a97d-d965ccfc6d4b" outcome="Passed" testListId="8c84fa94-04c1-424b-9868-57a2d4851a1d" relativeResultsDirectory="1b3e3e5d-bbab-4cab-85d2-198f3856fea7" />
    <UnitTestResult executionId="391607bc-538e-4e6d-8fa4-cfa710375f6a" testId="edcc96d8-09df-0adf-a5ea-3c425df79c99" testName="get_Priority_RuntimeThrows_Fails" computerName="ICSWS068" duration="00:00:00.0011202" startTime="2016-08-04T09:56:45.5266607+02:00" endTime="2016-08-04T09:56:45.5291609+02:00" testType="13cdc9d9-ddb5-4fa4-a97d-d965ccfc6d4b" outcome="Passed" testListId="8c84fa94-04c1-424b-9868-57a2d4851a1d" relativeResultsDirectory="391607bc-538e-4e6d-8fa4-cfa710375f6a" />
    <UnitTestResult executionId="27558e57-10fe-4b6a-9b1c-62c9373c0a82" testId="7f25049f-4b32-4af7-cc24-324850e428b8" testName="set_Priority_UsesRuntime_Success" computerName="ICSWS068" duration="00:00:00.0008905" startTime="2016-08-04T09:56:45.5316468+02:00" endTime="2016-08-04T09:56:45.5336497+02:00" testType="13cdc9d9-ddb5-4fa4-a97d-d965ccfc6d4b" outcome="Passed" testListId="8c84fa94-04c1-424b-9868-57a2d4851a1d" relativeResultsDirectory="27558e57-10fe-4b6a-9b1c-62c9373c0a82" />
    <UnitTestResult executionId="d4d134c5-7f2f-496b-90b9-32487a9a5180" testId="9b12c5a6-e539-7514-9fac-d7f3864dcc4b" testName="set_Priority_RuntimeThrows_Fails" computerName="ICSWS068" duration="00:00:00.0010240" startTime="2016-08-04T09:56:45.5356670+02:00" endTime="2016-08-04T09:56:45.5381631+02:00" testType="13cdc9d9-ddb5-4fa4-a97d-d965ccfc6d4b" outcome="Passed" testListId="8c84fa94-04c1-424b-9868-57a2d4851a1d" relativeResultsDirectory="d4d134c5-7f2f-496b-90b9-32487a9a5180" />
    <UnitTestResult executionId="f817713b-c9fb-468b-a3da-fcfdd32d4b0f" testId="c93fe1f5-147c-45e9-1306-8c7bc95dbabb" testName="get_ReplyToQ_UsesRuntime_Success" computerName="ICSWS068" duration="00:00:00.0013228" startTime="2016-08-04T09:56:45.5411537+02:00" endTime="2016-08-04T09:56:45.5441566+02:00" testType="13cdc9d9-ddb5-4fa4-a97d-d965ccfc6d4b" outcome="Passed" testListId="8c84fa94-04c1-424b-9868-57a2d4851a1d" relativeResultsDirectory="f817713b-c9fb-468b-a3da-fcfdd32d4b0f" />
    <UnitTestResult executionId="930a8843-1c31-449e-8e61-acb712847a8b" testId="8e49319a-5605-c1e8-173b-30f4973905bd" testName="get_ReplyToQ_RuntimeThrows_Fails" computerName="ICSWS068" duration="00:00:00.0010853" startTime="2016-08-04T09:56:45.5466589+02:00" endTime="2016-08-04T09:56:45.5491753+02:00" testType="13cdc9d9-ddb5-4fa4-a97d-d965ccfc6d4b" outcome="Passed" testListId="8c84fa94-04c1-424b-9868-57a2d4851a1d" relativeResultsDirectory="930a8843-1c31-449e-8e61-acb712847a8b" />
    <UnitTestResult executionId="e38ec09d-a5fd-4c24-8002-3f75d6dc7e20" testId="66e2de7c-9b1c-72bc-ec28-d37afbbeaa2c" testName="Implementation_ReturnsInternalObject_Success" computerName="ICSWS068" duration="00:00:00.0344868" startTime="2016-08-04T09:56:45.5511767+02:00" endTime="2016-08-04T09:56:45.5871004+02:00" testType="13cdc9d9-ddb5-4fa4-a97d-d965ccfc6d4b" outcome="Passed" testListId="8c84fa94-04c1-424b-9868-57a2d4851a1d" relativeResultsDirectory="e38ec09d-a5fd-4c24-8002-3f75d6dc7e20" />
    <UnitTestResult executionId="1deed7fa-4f59-4570-a705-8e0aaea982ce" testId="59cb6e1f-6d6e-4e08-0f1a-9beb26944bfb" testName="getQueueManagerCodePage_ThrowsException_Fails" computerName="ICSWS068" duration="00:00:00.0016973" startTime="2016-08-04T09:56:45.5900854+02:00" endTime="2016-08-04T09:56:45.5931073+02:00" testType="13cdc9d9-ddb5-4fa4-a97d-d965ccfc6d4b" outcome="Passed" testListId="8c84fa94-04c1-424b-9868-57a2d4851a1d" relativeResultsDirectory="1deed7fa-4f59-4570-a705-8e0aaea982ce" />
    <UnitTestResult executionId="3ddd9d71-94f3-4030-8c1d-1fa9c036a2a2" testId="5df0caef-070a-e0ad-858a-80e3e601773a" testName="getQueueManagerCodePage_ThrowsWsmqException_ReasonCodeIsSet" computerName="ICSWS068" duration="00:00:00.0031348" startTime="2016-08-04T09:56:45.5956079+02:00" endTime="2016-08-04T09:56:45.6001119+02:00" testType="13cdc9d9-ddb5-4fa4-a97d-d965ccfc6d4b" outcome="Passed" testListId="8c84fa94-04c1-424b-9868-57a2d4851a1d" relativeResultsDirectory="3ddd9d71-94f3-4030-8c1d-1fa9c036a2a2" />
    <UnitTestResult executionId="8e6e4aad-6795-41fc-9782-f33e1bb51ba3" testId="8c5c985a-5275-abb6-9bb8-d605dc9b0f39" testName="getQueueManagerCodePage_ThrowsWsmqException_CompletionCodeIsSet" computerName="ICSWS068" duration="00:00:00.0024421" startTime="2016-08-04T09:56:45.6020969+02:00" endTime="2016-08-04T09:56:45.6062109+02:00" testType="13cdc9d9-ddb5-4fa4-a97d-d965ccfc6d4b" outcome="Passed" testListId="8c84fa94-04c1-424b-9868-57a2d4851a1d" relativeResultsDirectory="8e6e4aad-6795-41fc-9782-f33e1bb51ba3" />
    <UnitTestResult executionId="568f34f6-e5aa-43b1-8311-796f69a72ff3" testId="13b8b3d4-5f08-cbe3-021d-3ece8b03a880" testName="getQueueManagerCodePage_NoException_SucceedsAndCompletionCodeOK" computerName="ICSWS068" duration="00:00:00.0019855" startTime="2016-08-04T09:56:45.6092141+02:00" endTime="2016-08-04T09:56:45.6122208+02:00" testType="13cdc9d9-ddb5-4fa4-a97d-d965ccfc6d4b" outcome="Passed" testListId="8c84fa94-04c1-424b-9868-57a2d4851a1d" relativeResultsDirectory="568f34f6-e5aa-43b1-8311-796f69a72ff3" />
    <UnitTestResult executionId="4a945fef-8591-4ffa-9ab9-eb5ba5861872" testId="4ef07830-c470-f2d8-fc2c-6614180a0b97" testName="Open_QueueManagerThrowsException_Fails" computerName="ICSWS068" duration="00:00:00.0022849" startTime="2016-08-04T09:56:45.6147214+02:00" endTime="2016-08-04T09:56:45.6182412+02:00" testType="13cdc9d9-ddb5-4fa4-a97d-d965ccfc6d4b" outcome="Passed" testListId="8c84fa94-04c1-424b-9868-57a2d4851a1d" relativeResultsDirectory="4a945fef-8591-4ffa-9ab9-eb5ba5861872" />
    <UnitTestResult executionId="f3349405-7000-41bf-9ccc-47d1072f9b67" testId="62495562-dfda-2268-8c62-6b3f3c6930d5" testName="Open_QueueManagerThrowsWsmqException_ReasonCodeIsSet" computerName="ICSWS068" duration="00:00:00.0026805" startTime="2016-08-04T09:56:45.6212271+02:00" endTime="2016-08-04T09:56:45.6250487+02:00" testType="13cdc9d9-ddb5-4fa4-a97d-d965ccfc6d4b" outcome="Passed" testListId="8c84fa94-04c1-424b-9868-57a2d4851a1d" relativeResultsDirectory="f3349405-7000-41bf-9ccc-47d1072f9b67" />
    <UnitTestResult executionId="7de2e499-151b-4f6a-ac14-c82aac12dd08" testId="76dc9709-7e8f-fb94-f5d5-5c68e806a0c4" testName="Open_QueueManagerThrowsWsmqException_CompletionCodeIsSet" computerName="ICSWS068" duration="00:00:00.0022976" startTime="2016-08-04T09:56:45.6280507+02:00" endTime="2016-08-04T09:56:45.6315542+02:00" testType="13cdc9d9-ddb5-4fa4-a97d-d965ccfc6d4b" outcome="Passed" testListId="8c84fa94-04c1-424b-9868-57a2d4851a1d" relativeResultsDirectory="7de2e499-151b-4f6a-ac14-c82aac12dd08" />
    <UnitTestResult executionId="e651fd4a-e535-42e6-b656-f24e227defd8" testId="662b9fe4-468c-a265-cf0a-39eace6ff602" testName="Open_QueueManagerDoesNotThrow_SucceedsAndCompletionCodeOK" computerName="ICSWS068" duration="00:00:00.0019401" startTime="2016-08-04T09:56:45.6340580+02:00" endTime="2016-08-04T09:56:45.6370764+02:00" testType="13cdc9d9-ddb5-4fa4-a97d-d965ccfc6d4b" outcome="Passed" testListId="8c84fa94-04c1-424b-9868-57a2d4851a1d" relativeResultsDirectory="e651fd4a-e535-42e6-b656-f24e227defd8" />
    <UnitTestResult executionId="7f577cfe-82cf-4433-ade2-e4085dde101b" testId="cb280d78-df0a-c813-4efc-beacee176106" testName="Close_QueueManagerThrowsException_Fails" computerName="ICSWS068" duration="00:00:00.0031333" startTime="2016-08-04T09:56:45.6395611+02:00" endTime="2016-08-04T09:56:45.6440648+02:00" testType="13cdc9d9-ddb5-4fa4-a97d-d965ccfc6d4b" outcome="Passed" testListId="8c84fa94-04c1-424b-9868-57a2d4851a1d" relativeResultsDirectory="7f577cfe-82cf-4433-ade2-e4085dde101b" />
    <UnitTestResult executionId="7b1c240e-87ed-4a5b-9ee6-a66a23a65ec7" testId="a5033efe-f06a-adef-c445-3ab9f9f94668" testName="Close_QueueManagerThrowsWsmqException_ReasonCodeIsSet" computerName="ICSWS068" duration="00:00:00.0023882" startTime="2016-08-04T09:56:45.6467657+02:00" endTime="2016-08-04T09:56:45.6502694+02:00" testType="13cdc9d9-ddb5-4fa4-a97d-d965ccfc6d4b" outcome="Passed" testListId="8c84fa94-04c1-424b-9868-57a2d4851a1d" relativeResultsDirectory="7b1c240e-87ed-4a5b-9ee6-a66a23a65ec7" />
    <UnitTestResult executionId="df15bf9b-cbed-473f-b1e5-c6ebe52ed926" testId="f56ba17a-197a-a928-1f01-b3c7f07b8a01" testName="Close_QueueManagerThrowsWsmqException_CompletionCodeIsSet" computerName="ICSWS068" duration="00:00:00.0024893" startTime="2016-08-04T09:56:45.6527506+02:00" endTime="2016-08-04T09:56:45.6562541+02:00" testType="13cdc9d9-ddb5-4fa4-a97d-d965ccfc6d4b" outcome="Passed" testListId="8c84fa94-04c1-424b-9868-57a2d4851a1d" relativeResultsDirectory="df15bf9b-cbed-473f-b1e5-c6ebe52ed926" />
    <UnitTestResult executionId="ea4ac685-b9ae-486e-b874-a1315341c34b" testId="ba073f0f-1aa6-4eaf-2a2b-1741189a1acf" testName="Close_QueueThrowsException_Fails" computerName="ICSWS068" duration="00:00:00.0027087" startTime="2016-08-04T09:56:45.6592743+02:00" endTime="2016-08-04T09:56:45.6635625+02:00" testType="13cdc9d9-ddb5-4fa4-a97d-d965ccfc6d4b" outcome="Passed" testListId="8c84fa94-04c1-424b-9868-57a2d4851a1d" relativeResultsDirectory="ea4ac685-b9ae-486e-b874-a1315341c34b" />
    <UnitTestResult executionId="c656266e-87b2-460d-b168-cdb3d15608df" testId="e452fc4e-17e6-8b83-c397-cb06c6bcde2e" testName="Close_QueueThrowsWsmqException_ReasonCodeIsSet" computerName="ICSWS068" duration="00:00:00.0023706" startTime="2016-08-04T09:56:45.6660483+02:00" endTime="2016-08-04T09:56:45.6695668+02:00" testType="13cdc9d9-ddb5-4fa4-a97d-d965ccfc6d4b" outcome="Passed" testListId="8c84fa94-04c1-424b-9868-57a2d4851a1d" relativeResultsDirectory="c656266e-87b2-460d-b168-cdb3d15608df" />
    <UnitTestResult executionId="8b419a83-37d6-40bd-8797-f61da86abd49" testId="5b802664-4615-12e5-eac2-f0119a3895a2" testName="Close_QueueThrowsWsmqException_CompletionCodeIsSet" computerName="ICSWS068" duration="00:00:00.0024430" startTime="2016-08-04T09:56:45.6715567+02:00" endTime="2016-08-04T09:56:45.6760772+02:00" testType="13cdc9d9-ddb5-4fa4-a97d-d965ccfc6d4b" outcome="Passed" testListId="8c84fa94-04c1-424b-9868-57a2d4851a1d" relativeResultsDirectory="8b419a83-37d6-40bd-8797-f61da86abd49" />
    <UnitTestResult executionId="3457a1ae-cc00-4c65-9237-d7c945220268" testId="e733cdad-053f-f16a-f549-40c80f106629" testName="Close_NoException_SucceedsAndCompletionCodeOK" computerName="ICSWS068" duration="00:00:00.0020245" startTime="2016-08-04T09:56:45.6790645+02:00" endTime="2016-08-04T09:56:45.6815657+02:00" testType="13cdc9d9-ddb5-4fa4-a97d-d965ccfc6d4b" outcome="Passed" testListId="8c84fa94-04c1-424b-9868-57a2d4851a1d" relativeResultsDirectory="3457a1ae-cc00-4c65-9237-d7c945220268" />
    <UnitTestResult executionId="5ec45922-72d1-4d4a-a764-e868e7152d46" testId="f94f54dc-f320-919a-4707-aa1cfacf9690" testName="Send_MessageIsNull_Fails" computerName="ICSWS068" duration="00:00:00.0022237" startTime="2016-08-04T09:56:45.6846595+02:00" endTime="2016-08-04T09:56:45.6881623+02:00" testType="13cdc9d9-ddb5-4fa4-a97d-d965ccfc6d4b" outcome="Passed" testListId="8c84fa94-04c1-424b-9868-57a2d4851a1d" relativeResultsDirectory="5ec45922-72d1-4d4a-a764-e868e7152d46" />
    <UnitTestResult executionId="2556b3d6-bca9-4591-b0c3-445c2716ec8e" testId="9ff0b51f-cb44-cffa-f6aa-41a2c7963214" testName="Send_MessageDoesNotImplementIManagedWsmqMessageImplementation_Fails" computerName="ICSWS068" duration="00:00:00.1346534" startTime="2016-08-04T09:56:45.6911479+02:00" endTime="2016-08-04T09:56:45.8269588+02:00" testType="13cdc9d9-ddb5-4fa4-a97d-d965ccfc6d4b" outcome="Passed" testListId="8c84fa94-04c1-424b-9868-57a2d4851a1d" relativeResultsDirectory="2556b3d6-bca9-4591-b0c3-445c2716ec8e" />
    <UnitTestResult executionId="c9eb34f0-f281-420f-8931-fe00e9d0cbfc" testId="6d973f2b-5ab4-92ba-824a-d4f33cb35459" testName="Send_NotOpened_Fails" computerName="ICSWS068" duration="00:00:00.0020744" startTime="2016-08-04T09:56:45.8299602+02:00" endTime="2016-08-04T09:56:45.8329669+02:00" testType="13cdc9d9-ddb5-4fa4-a97d-d965ccfc6d4b" outcome="Passed" testListId="8c84fa94-04c1-424b-9868-57a2d4851a1d" relativeResultsDirectory="c9eb34f0-f281-420f-8931-fe00e9d0cbfc" />
    <UnitTestResult executionId="77958f99-4621-4218-a883-057d0d051731" testId="307de189-2938-6b81-5b7f-db13fdd57d39" testName="Send_QueueThrowsException_Fails" computerName="ICSWS068" duration="00:00:00.0055717" startTime="2016-08-04T09:56:45.8359695+02:00" endTime="2016-08-04T09:56:45.8429741+02:00" testType="13cdc9d9-ddb5-4fa4-a97d-d965ccfc6d4b" outcome="Passed" testListId="8c84fa94-04c1-424b-9868-57a2d4851a1d" relativeResultsDirectory="77958f99-4621-4218-a883-057d0d051731" />
    <UnitTestResult executionId="349de61e-c849-4ff9-8c5a-a4704b3b1584" testId="d9673b73-28d1-bdf3-0a28-e0a79bdacb30" testName="Send_QueueThrowsWsmqException_ReasonCodeIsSet" computerName="ICSWS068" duration="00:00:00.0030151" startTime="2016-08-04T09:56:45.8454758+02:00" endTime="2016-08-04T09:56:45.8499792+02:00" testType="13cdc9d9-ddb5-4fa4-a97d-d965ccfc6d4b" outcome="Passed" testListId="8c84fa94-04c1-424b-9868-57a2d4851a1d" relativeResultsDirectory="349de61e-c849-4ff9-8c5a-a4704b3b1584" />
    <UnitTestResult executionId="de257335-aea3-47b0-9891-d5c13ac5027b" testId="7cd2863a-a482-fcb1-6b04-0bb49de3942e" testName="Send_QueueThrowsWsmqException_CompletionCodeIsSet" computerName="ICSWS068" duration="00:00:00.0034219" startTime="2016-08-04T09:56:45.8529830+02:00" endTime="2016-08-04T09:56:45.8579847+02:00" testType="13cdc9d9-ddb5-4fa4-a97d-d965ccfc6d4b" outcome="Passed" testListId="8c84fa94-04c1-424b-9868-57a2d4851a1d" relativeResultsDirectory="de257335-aea3-47b0-9891-d5c13ac5027b" />
    <UnitTestResult executionId="6cdc12a1-8ba2-4970-b755-c944e6a80608" testId="f344f9bf-c910-4936-cce7-334dd46c56db" testName="Send_NoException_Succeeds" computerName="ICSWS068" duration="00:00:00.0033415" startTime="2016-08-04T09:56:45.8609872+02:00" endTime="2016-08-04T09:56:45.8659904+02:00" testType="13cdc9d9-ddb5-4fa4-a97d-d965ccfc6d4b" outcome="Passed" testListId="8c84fa94-04c1-424b-9868-57a2d4851a1d" relativeResultsDirectory="6cdc12a1-8ba2-4970-b755-c944e6a80608" />
    <UnitTestResult executionId="90dff2ad-09b6-4d4f-990d-059ea26fcf5a" testId="578d1262-aa3b-1374-e405-129711227be8" testName="Receive_MessageDoesNotImplementIManagedWsmqMessageImplementation_Fails" computerName="ICSWS068" duration="00:00:00.0024269" startTime="2016-08-04T09:56:45.8689924+02:00" endTime="2016-08-04T09:56:45.8729956+02:00" testType="13cdc9d9-ddb5-4fa4-a97d-d965ccfc6d4b" outcome="Passed" testListId="8c84fa94-04c1-424b-9868-57a2d4851a1d" relativeResultsDirectory="90dff2ad-09b6-4d4f-990d-059ea26fcf5a" />
    <UnitTestResult executionId="5d47df7f-04c3-49cc-9523-2fd81f15d0df" testId="ed7e9d9e-b1ef-33d6-e01a-6361ec9faf41" testName="Receive_NotOpened_Fails" computerName="ICSWS068" duration="00:00:00.0021275" startTime="2016-08-04T09:56:45.8759978+02:00" endTime="2016-08-04T09:56:45.8789998+02:00" testType="13cdc9d9-ddb5-4fa4-a97d-d965ccfc6d4b" outcome="Passed" testListId="8c84fa94-04c1-424b-9868-57a2d4851a1d" relativeResultsDirectory="5d47df7f-04c3-49cc-9523-2fd81f15d0df" />
    <UnitTestResult executionId="d4b9abf2-edbf-48b2-9377-ebe6e573bc21" testId="cc1c2263-073c-ebaa-38e1-66c805455e15" testName="Receive_QueueThrowsException_Fails" computerName="ICSWS068" duration="00:00:00.0041028" startTime="2016-08-04T09:56:45.8815016+02:00" endTime="2016-08-04T09:56:45.8875730+02:00" testType="13cdc9d9-ddb5-4fa4-a97d-d965ccfc6d4b" outcome="Passed" testListId="8c84fa94-04c1-424b-9868-57a2d4851a1d" relativeResultsDirectory="d4b9abf2-edbf-48b2-9377-ebe6e573bc21" />
    <UnitTestResult executionId="29c76a52-2b86-4233-9797-54c6b57a1112" testId="e809af55-a39e-68a1-0b45-4bce91d44013" testName="Receive_QueueThrowsWsmqException_ReasonCodeIsSet" computerName="ICSWS068" duration="00:00:00.0029641" startTime="2016-08-04T09:56:45.8905736+02:00" endTime="2016-08-04T09:56:45.8950955+02:00" testType="13cdc9d9-ddb5-4fa4-a97d-d965ccfc6d4b" outcome="Passed" testListId="8c84fa94-04c1-424b-9868-57a2d4851a1d" relativeResultsDirectory="29c76a52-2b86-4233-9797-54c6b57a1112" />
    <UnitTestResult executionId="a50924b0-0b36-4e46-81fc-40c93f274a50" testId="2e70ceaf-b51c-a6e2-94be-7ca3510dc022" testName="Receive_QueueThrowsWsmqException_CompletionCodeIsSet" computerName="ICSWS068" duration="00:00:00.0030283" startTime="2016-08-04T09:56:45.8986130+02:00" endTime="2016-08-04T09:56:45.9028232+02:00" testType="13cdc9d9-ddb5-4fa4-a97d-d965ccfc6d4b" outcome="Passed" testListId="8c84fa94-04c1-424b-9868-57a2d4851a1d" relativeResultsDirectory="a50924b0-0b36-4e46-81fc-40c93f274a50" />
    <UnitTestResult executionId="041f0ef1-ab13-4e47-9636-83f2ee092c0e" testId="3dd8ce48-5b42-642d-cf63-e30f46d1a141" testName="Receive_NoException_Succeeds" computerName="ICSWS068" duration="00:00:00.0038148" startTime="2016-08-04T09:56:45.9068281+02:00" endTime="2016-08-04T09:56:45.9123515+02:00" testType="13cdc9d9-ddb5-4fa4-a97d-d965ccfc6d4b" outcome="Passed" testListId="8c84fa94-04c1-424b-9868-57a2d4851a1d" relativeResultsDirectory="041f0ef1-ab13-4e47-9636-83f2ee092c0e" />
    <UnitTestResult executionId="74da3144-7ba9-4bbb-ba45-6c58a785012b" testId="118294ad-903c-fcaf-5b11-0d86809827b4" testName="Commit_NotOpened_Fails" computerName="ICSWS068" duration="00:00:00.0020761" startTime="2016-08-04T09:56:45.9148379+02:00" endTime="2016-08-04T09:56:45.9183405+02:00" testType="13cdc9d9-ddb5-4fa4-a97d-d965ccfc6d4b" outcome="Passed" testListId="8c84fa94-04c1-424b-9868-57a2d4851a1d" relativeResultsDirectory="74da3144-7ba9-4bbb-ba45-6c58a785012b" />
    <UnitTestResult executionId="0be135d2-20db-4628-9278-6e7236c0c143" testId="637a44ba-aa4d-d4a6-1a63-65a13321f600" testName="Commit_QueueThrowsException_Fails" computerName="ICSWS068" duration="00:00:00.0026022" startTime="2016-08-04T09:56:45.9208516+02:00" endTime="2016-08-04T09:56:45.9248439+02:00" testType="13cdc9d9-ddb5-4fa4-a97d-d965ccfc6d4b" outcome="Passed" testListId="8c84fa94-04c1-424b-9868-57a2d4851a1d" relativeResultsDirectory="0be135d2-20db-4628-9278-6e7236c0c143" />
    <UnitTestResult executionId="75b318eb-aae5-48d8-a128-a793de6fb259" testId="5e142589-36b2-75a0-a756-de801ab37bf8" testName="Commit_QueueThrowsWsmqException_ReasonCodeIsSet" computerName="ICSWS068" duration="00:00:00.0023154" startTime="2016-08-04T09:56:45.9273454+02:00" endTime="2016-08-04T09:56:45.9308655+02:00" testType="13cdc9d9-ddb5-4fa4-a97d-d965ccfc6d4b" outcome="Passed" testListId="8c84fa94-04c1-424b-9868-57a2d4851a1d" relativeResultsDirectory="75b318eb-aae5-48d8-a128-a793de6fb259" />
    <UnitTestResult executionId="9c079c17-d598-4db2-a4d2-5a43fea63f7b" testId="6ec23b05-b777-aaa1-6b4c-31776bebc4ed" testName="Commit_QueueThrowsWsmqException_CompletionCodeIsSet" computerName="ICSWS068" duration="00:00:00.0023049" startTime="2016-08-04T09:56:45.9333673+02:00" endTime="2016-08-04T09:56:45.9373525+02:00" testType="13cdc9d9-ddb5-4fa4-a97d-d965ccfc6d4b" outcome="Passed" testListId="8c84fa94-04c1-424b-9868-57a2d4851a1d" relativeResultsDirectory="9c079c17-d598-4db2-a4d2-5a43fea63f7b" />
    <UnitTestResult executionId="1a886695-ce51-4ecf-be95-0fcfbf68f5cf" testId="feabdbcc-1ab1-7d04-7c7d-f344258ab174" testName="Commit_NoException_SucceedsAndCompletionCodeOK" computerName="ICSWS068" duration="00:00:00.0023415" startTime="2016-08-04T09:56:45.9393537+02:00" endTime="2016-08-04T09:56:45.9433568+02:00" testType="13cdc9d9-ddb5-4fa4-a97d-d965ccfc6d4b" outcome="Passed" testListId="8c84fa94-04c1-424b-9868-57a2d4851a1d" relativeResultsDirectory="1a886695-ce51-4ecf-be95-0fcfbf68f5cf" />
    <UnitTestResult executionId="da5710cf-a537-47f4-b1db-f8aeddb9aa11" testId="f114208e-4e0f-ac2d-e183-fbc5dfcc48f5" testName="Rollback_NotOpened_Fails" computerName="ICSWS068" duration="00:00:00.0021102" startTime="2016-08-04T09:56:45.9458588+02:00" endTime="2016-08-04T09:56:45.9493620+02:00" testType="13cdc9d9-ddb5-4fa4-a97d-d965ccfc6d4b" outcome="Passed" testListId="8c84fa94-04c1-424b-9868-57a2d4851a1d" relativeResultsDirectory="da5710cf-a537-47f4-b1db-f8aeddb9aa11" />
    <UnitTestResult executionId="5892ad44-0465-4dd5-a415-4b9514e50145" testId="d47e1968-ea61-8a0b-bad0-c81c70f89db8" testName="Rollback_QueueThrowsException_Fails" computerName="ICSWS068" duration="00:00:00.0025096" startTime="2016-08-04T09:56:45.9523684+02:00" endTime="2016-08-04T09:56:45.9558877+02:00" testType="13cdc9d9-ddb5-4fa4-a97d-d965ccfc6d4b" outcome="Passed" testListId="8c84fa94-04c1-424b-9868-57a2d4851a1d" relativeResultsDirectory="5892ad44-0465-4dd5-a415-4b9514e50145" />
    <UnitTestResult executionId="d930f189-b6d9-43c4-9434-ee8dc74c2d0f" testId="04f028d6-8c55-6693-d4d4-14943002bb86" testName="Rollback_QueueThrowsWsmqException_ReasonCodeIsSet" computerName="ICSWS068" duration="00:00:00.0024662" startTime="2016-08-04T09:56:45.9583882+02:00" endTime="2016-08-04T09:56:45.9618879+02:00" testType="13cdc9d9-ddb5-4fa4-a97d-d965ccfc6d4b" outcome="Passed" testListId="8c84fa94-04c1-424b-9868-57a2d4851a1d" relativeResultsDirectory="d930f189-b6d9-43c4-9434-ee8dc74c2d0f" />
    <UnitTestResult executionId="6017adb1-032c-4195-8329-0d2ac0735dd6" testId="43d9e34e-b124-4bb6-24ca-429904b03ba0" testName="Rollback_QueueThrowsWsmqException_CompletionCodeIsSet" computerName="ICSWS068" duration="00:00:00.0022984" startTime="2016-08-04T09:56:45.9653934+02:00" endTime="2016-08-04T09:56:45.9689118+02:00" testType="13cdc9d9-ddb5-4fa4-a97d-d965ccfc6d4b" outcome="Passed" testListId="8c84fa94-04c1-424b-9868-57a2d4851a1d" relativeResultsDirectory="6017adb1-032c-4195-8329-0d2ac0735dd6" />
    <UnitTestResult executionId="2613e9ea-f56a-42d0-849f-2c80388bf83e" testId="8b26264d-5722-7f7d-05a1-ab9aa8fe15a0" testName="Rollback_NoException_SucceedsAndCompletionCodeOK" computerName="ICSWS068" duration="00:00:00.0026342" startTime="2016-08-04T09:56:45.9708956+02:00" endTime="2016-08-04T09:56:45.9749179+02:00" testType="13cdc9d9-ddb5-4fa4-a97d-d965ccfc6d4b" outcome="Passed" testListId="8c84fa94-04c1-424b-9868-57a2d4851a1d" relativeResultsDirectory="2613e9ea-f56a-42d0-849f-2c80388bf83e" />
    <UnitTestResult executionId="88da8b0e-6dc1-49ff-9cf1-1a5a33fd7c58" testId="63197c5e-d268-d567-3569-48ab3e77c960" testName="StartTraceToFile_CalledBeforeLogin_TraceStarted" computerName="ICSWS068" duration="00:00:00.1835971" startTime="2016-08-04T09:56:45.9779193+02:00" endTime="2016-08-04T09:56:46.1629261+02:00" testType="13cdc9d9-ddb5-4fa4-a97d-d965ccfc6d4b" outcome="Passed" testListId="8c84fa94-04c1-424b-9868-57a2d4851a1d" relativeResultsDirectory="88da8b0e-6dc1-49ff-9cf1-1a5a33fd7c58" />
    <UnitTestResult executionId="0eb648b9-2134-449e-a71a-95b9e2e232bf" testId="eadde07a-f8e2-2ff1-947d-e9ce8adefe83" testName="StartTraceToFile_CalledBeforeLogin_RestartsAtEachLogin" computerName="ICSWS068" duration="00:00:00.0035793" startTime="2016-08-04T09:56:46.1654299+02:00" endTime="2016-08-04T09:56:46.1704315+02:00" testType="13cdc9d9-ddb5-4fa4-a97d-d965ccfc6d4b" outcome="Passed" testListId="8c84fa94-04c1-424b-9868-57a2d4851a1d" relativeResultsDirectory="0eb648b9-2134-449e-a71a-95b9e2e232bf" />
    <UnitTestResult executionId="8314198b-9512-4f2f-a1ca-939722196e08" testId="0018dd68-524a-7b44-22af-57a86c42255d" testName="StartTraceToFile_Called_Stopped_DoesNotStartAtLoginTest" computerName="ICSWS068" duration="00:00:00.0022717" startTime="2016-08-04T09:56:46.1729512+02:00" endTime="2016-08-04T09:56:46.1764693+02:00" testType="13cdc9d9-ddb5-4fa4-a97d-d965ccfc6d4b" outcome="Passed" testListId="8c84fa94-04c1-424b-9868-57a2d4851a1d" relativeResultsDirectory="8314198b-9512-4f2f-a1ca-939722196e08" />
    <UnitTestResult executionId="fe869b04-e78e-4469-9f90-ee9d74b1383d" testId="b0aa1724-d392-afc3-1594-60905762105a" testName="StartTraceToSimpleStringList_CalledBeforeLogin_TraceStarted" computerName="ICSWS068" duration="00:00:00.0038468" startTime="2016-08-04T09:56:46.1794557+02:00" endTime="2016-08-04T09:56:46.1844776+02:00" testType="13cdc9d9-ddb5-4fa4-a97d-d965ccfc6d4b" outcome="Passed" testListId="8c84fa94-04c1-424b-9868-57a2d4851a1d" relativeResultsDirectory="fe869b04-e78e-4469-9f90-ee9d74b1383d" />
    <UnitTestResult executionId="d5c773f1-0e9b-4ca4-9a86-5f079f07c17e" testId="cd3a5b8d-a912-063b-8d8a-9b9707c2a855" testName="StartTraceToSimpleStringList_AllArgumentCombinationsTested" computerName="ICSWS068" duration="00:00:00.0043362" startTime="2016-08-04T09:56:46.1874791+02:00" endTime="2016-08-04T09:56:46.1930001+02:00" testType="13cdc9d9-ddb5-4fa4-a97d-d965ccfc6d4b" outcome="Passed" testListId="8c84fa94-04c1-424b-9868-57a2d4851a1d" relativeResultsDirectory="d5c773f1-0e9b-4ca4-9a86-5f079f07c17e" />
    <UnitTestResult executionId="47f7f699-4d4a-4261-a5ff-d75a4a6ecd86" testId="5a9e745a-944c-5e2c-eef1-1b43cd7b6802" testName="StopTrace_StopsTracingInFtpClient" computerName="ICSWS068" duration="00:00:00.0016861" startTime="2016-08-04T09:56:46.1959862+02:00" endTime="2016-08-04T09:56:46.1990035+02:00" testType="13cdc9d9-ddb5-4fa4-a97d-d965ccfc6d4b" outcome="Passed" testListId="8c84fa94-04c1-424b-9868-57a2d4851a1d" relativeResultsDirectory="47f7f699-4d4a-4261-a5ff-d75a4a6ecd86" />
    <UnitTestResult executionId="e11c37f8-78be-45ba-83b6-f2f85d919c27" testId="f8cedc41-5f26-0697-3f58-b7b32cae824f" testName="Initialize_CreatedInRuntimeVersionIs2_LoginCreatedClientWithTransferTypeASCII" computerName="ICSWS068" duration="00:00:00.0027143" startTime="2016-08-04T09:56:46.2014917+02:00" endTime="2016-08-04T09:56:46.2055289+02:00" testType="13cdc9d9-ddb5-4fa4-a97d-d965ccfc6d4b" outcome="Passed" testListId="8c84fa94-04c1-424b-9868-57a2d4851a1d" relativeResultsDirectory="e11c37f8-78be-45ba-83b6-f2f85d919c27" />
    <UnitTestResult executionId="4177f79c-4fc2-4317-907d-034cd8a2cd59" testId="c3fcf472-3688-9adb-9918-a9aded700d3b" testName="Initialize_CreatedInRuntimeVersionIs3_LoginCreatedClientWithTransferTypeBinary" computerName="ICSWS068" duration="00:00:00.0022283" startTime="2016-08-04T09:56:46.2080330+02:00" endTime="2016-08-04T09:56:46.2115341+02:00" testType="13cdc9d9-ddb5-4fa4-a97d-d965ccfc6d4b" outcome="Passed" testListId="8c84fa94-04c1-424b-9868-57a2d4851a1d" relativeResultsDirectory="4177f79c-4fc2-4317-907d-034cd8a2cd59" />
    <UnitTestResult executionId="e38ba5f2-d5ae-4e64-8eb0-21bc996960a2" testId="7450d050-f18c-5e4d-7607-50a7946a2b84" testName="Initialize_CreatedInRuntimeVersionIs4_LoginCreatedClientWithTransferTypeBinary" computerName="ICSWS068" duration="00:00:00.0024931" startTime="2016-08-04T09:56:46.2155413+02:00" endTime="2016-08-04T09:56:46.2190439+02:00" testType="13cdc9d9-ddb5-4fa4-a97d-d965ccfc6d4b" outcome="Passed" testListId="8c84fa94-04c1-424b-9868-57a2d4851a1d" relativeResultsDirectory="e38ba5f2-d5ae-4e64-8eb0-21bc996960a2" />
    <UnitTestResult executionId="bca39f0d-6e9a-4828-8750-c1f95a1fc035" testId="136bad92-5c54-fad1-7480-231484310e8e" testName="ManagedXmlNodeCollectionObject_DefaultCtorTest" computerName="ICSWS068" duration="00:00:00.0183919" startTime="2016-08-04T09:56:46.2215453+02:00" endTime="2016-08-04T09:56:46.2417400+02:00" testType="13cdc9d9-ddb5-4fa4-a97d-d965ccfc6d4b" outcome="Passed" testListId="8c84fa94-04c1-424b-9868-57a2d4851a1d" relativeResultsDirectory="bca39f0d-6e9a-4828-8750-c1f95a1fc035" />
    <UnitTestResult executionId="ccb72d6a-909f-4d12-8dca-4c950ee9f60c" testId="f61a585c-4d07-9acd-b1df-5f6c9a2ea5d4" testName="get_Count_UsesRuntime_Success" computerName="ICSWS068" duration="00:00:00.0013380" startTime="2016-08-04T09:56:46.2447576+02:00" endTime="2016-08-04T09:56:46.2472607+02:00" testType="13cdc9d9-ddb5-4fa4-a97d-d965ccfc6d4b" outcome="Passed" testListId="8c84fa94-04c1-424b-9868-57a2d4851a1d" relativeResultsDirectory="ccb72d6a-909f-4d12-8dca-4c950ee9f60c" />
    <UnitTestResult executionId="71c5a573-499e-4e71-803d-cf1d9cbdbeaf" testId="7bb90c36-9409-f56d-3359-6d49f2b38a85" testName="get_Count_RuntimeThrows_ReturnsFailed" computerName="ICSWS068" duration="00:00:00.0008293" startTime="2016-08-04T09:56:46.2497630+02:00" endTime="2016-08-04T09:56:46.2517469+02:00" testType="13cdc9d9-ddb5-4fa4-a97d-d965ccfc6d4b" outcome="Passed" testListId="8c84fa94-04c1-424b-9868-57a2d4851a1d" relativeResultsDirectory="71c5a573-499e-4e71-803d-cf1d9cbdbeaf" />
    <UnitTestResult executionId="595af840-5b4d-4ae9-876c-952a7073b132" testId="0baa3d7f-ffd6-9ab8-ece9-9797312b4994" testName="get_Count_NotInitialized_Throws" computerName="ICSWS068" duration="00:00:00.0003856" startTime="2016-08-04T09:56:46.2541677+02:00" endTime="2016-08-04T09:56:46.2556524+02:00" testType="13cdc9d9-ddb5-4fa4-a97d-d965ccfc6d4b" outcome="Passed" testListId="8c84fa94-04c1-424b-9868-57a2d4851a1d" relativeResultsDirectory="595af840-5b4d-4ae9-876c-952a7073b132" />
    <UnitTestResult executionId="419f7322-8ecb-44d9-a96b-8c2e301d561c" testId="50083963-6495-9a95-23e9-e0d6b891f924" testName="get_Item_UsesRuntime_Success" computerName="ICSWS068" duration="00:00:00.0585168" startTime="2016-08-04T09:56:46.2586541+02:00" endTime="2016-08-04T09:56:46.3186279+02:00" testType="13cdc9d9-ddb5-4fa4-a97d-d965ccfc6d4b" outcome="Passed" testListId="8c84fa94-04c1-424b-9868-57a2d4851a1d" relativeResultsDirectory="419f7322-8ecb-44d9-a96b-8c2e301d561c" />
    <UnitTestResult executionId="42b3960e-e175-469a-af60-fd4f7395d7d7" testId="92e0478d-e212-6027-2725-ba436ad4f3af" testName="get_Item_RuntimeThrows_ReturnsFailed" computerName="ICSWS068" duration="00:00:00.0009958" startTime="2016-08-04T09:56:46.3211296+02:00" endTime="2016-08-04T09:56:46.3239782+02:00" testType="13cdc9d9-ddb5-4fa4-a97d-d965ccfc6d4b" outcome="Passed" testListId="8c84fa94-04c1-424b-9868-57a2d4851a1d" relativeResultsDirectory="42b3960e-e175-469a-af60-fd4f7395d7d7" />
    <UnitTestResult executionId="366f8bc4-6559-445e-9711-1275a02b9871" testId="a2ba9217-bcbf-9361-bbbc-caf8d50a8502" testName="get_Item_NotInitialized_Throws" computerName="ICSWS068" duration="00:00:00.0003293" startTime="2016-08-04T09:56:46.3269796+02:00" endTime="2016-08-04T09:56:46.3284816+02:00" testType="13cdc9d9-ddb5-4fa4-a97d-d965ccfc6d4b" outcome="Passed" testListId="8c84fa94-04c1-424b-9868-57a2d4851a1d" relativeResultsDirectory="366f8bc4-6559-445e-9711-1275a02b9871" />
    <UnitTestResult executionId="03c33dfa-e59e-4f5e-b212-4e7020fef645" testId="84a37376-e306-7490-aac7-118cf9b75124" testName="GetNamedItem_UsesRuntime_Success" computerName="ICSWS068" duration="00:00:00.0024061" startTime="2016-08-04T09:56:46.3324130+02:00" endTime="2016-08-04T09:56:46.3359185+02:00" testType="13cdc9d9-ddb5-4fa4-a97d-d965ccfc6d4b" outcome="Passed" testListId="8c84fa94-04c1-424b-9868-57a2d4851a1d" relativeResultsDirectory="03c33dfa-e59e-4f5e-b212-4e7020fef645" />
    <UnitTestResult executionId="9e84ca95-4459-4fa0-85a4-7c09512f30f5" testId="d28be012-1c6e-d620-7792-0d4453ddda14" testName="GetNamedItem_RuntimeThrows_ReturnsFailed" computerName="ICSWS068" duration="00:00:00.0014923" startTime="2016-08-04T09:56:46.3384351+02:00" endTime="2016-08-04T09:56:46.3419213+02:00" testType="13cdc9d9-ddb5-4fa4-a97d-d965ccfc6d4b" outcome="Passed" testListId="8c84fa94-04c1-424b-9868-57a2d4851a1d" relativeResultsDirectory="9e84ca95-4459-4fa0-85a4-7c09512f30f5" />
    <UnitTestResult executionId="bb7bd147-7f16-4ef6-8738-e8fabef02624" testId="668c5517-c1d3-45b2-1dae-6bcc080e0c0a" testName="GetNamedItem_RuntimeReturnsNull_ReturnsFailed" computerName="ICSWS068" duration="00:00:00.0010460" startTime="2016-08-04T09:56:46.3444242+02:00" endTime="2016-08-04T09:56:46.3469341+02:00" testType="13cdc9d9-ddb5-4fa4-a97d-d965ccfc6d4b" outcome="Passed" testListId="8c84fa94-04c1-424b-9868-57a2d4851a1d" relativeResultsDirectory="bb7bd147-7f16-4ef6-8738-e8fabef02624" />
    <UnitTestResult executionId="bdacae24-b98f-4276-a2a3-670edffc6766" testId="fa32d278-f0d4-c096-8f58-6756e29895e2" testName="GetNamedItem_NotInitialized_Throws" computerName="ICSWS068" duration="00:00:00.0003099" startTime="2016-08-04T09:56:46.3489438+02:00" endTime="2016-08-04T09:56:46.3504431+02:00" testType="13cdc9d9-ddb5-4fa4-a97d-d965ccfc6d4b" outcome="Passed" testListId="8c84fa94-04c1-424b-9868-57a2d4851a1d" relativeResultsDirectory="bdacae24-b98f-4276-a2a3-670edffc6766" />
    <UnitTestResult executionId="93fd81c8-3e40-4844-92ab-ecce728fbc07" testId="30fac3f1-5bc2-6b9b-d668-fd32758e3f58" testName="RemoveNamedItem_UsesRuntime_Success" computerName="ICSWS068" duration="00:00:00.0023691" startTime="2016-08-04T09:56:46.3529469+02:00" endTime="2016-08-04T09:56:46.3564513+02:00" testType="13cdc9d9-ddb5-4fa4-a97d-d965ccfc6d4b" outcome="Passed" testListId="8c84fa94-04c1-424b-9868-57a2d4851a1d" relativeResultsDirectory="93fd81c8-3e40-4844-92ab-ecce728fbc07" />
    <UnitTestResult executionId="ad88f9e9-e577-44be-953a-029d8e5addbc" testId="de0db55d-fd9a-c6d8-a764-42ce75b75ad9" testName="RemoveNamedItem_RuntimeThrows_ReturnsFailed" computerName="ICSWS068" duration="00:00:00.0012070" startTime="2016-08-04T09:56:46.3594533+02:00" endTime="2016-08-04T09:56:46.3614532+02:00" testType="13cdc9d9-ddb5-4fa4-a97d-d965ccfc6d4b" outcome="Passed" testListId="8c84fa94-04c1-424b-9868-57a2d4851a1d" relativeResultsDirectory="ad88f9e9-e577-44be-953a-029d8e5addbc" />
    <UnitTestResult executionId="a4842933-c42d-4cbb-9acb-683c3bf977d3" testId="e1021b8f-1bbb-463d-6dac-61e2db55bf71" testName="RemoveNamedItem_RuntimeReturnsNull_ReturnsEmptyNode" computerName="ICSWS068" duration="00:00:00.0009788" startTime="2016-08-04T09:56:46.3649602+02:00" endTime="2016-08-04T09:56:46.3669613+02:00" testType="13cdc9d9-ddb5-4fa4-a97d-d965ccfc6d4b" outcome="Passed" testListId="8c84fa94-04c1-424b-9868-57a2d4851a1d" relativeResultsDirectory="a4842933-c42d-4cbb-9acb-683c3bf977d3" />
    <UnitTestResult executionId="e6633c55-f6b9-48a2-a18e-201414bbd917" testId="6ebbeddc-ad91-2b3f-4be9-e5f7b2782c55" testName="RemoveNamedItem_NotInitialized_Throws" computerName="ICSWS068" duration="00:00:00.0003137" startTime="2016-08-04T09:56:46.3694645+02:00" endTime="2016-08-04T09:56:46.3709800+02:00" testType="13cdc9d9-ddb5-4fa4-a97d-d965ccfc6d4b" outcome="Passed" testListId="8c84fa94-04c1-424b-9868-57a2d4851a1d" relativeResultsDirectory="e6633c55-f6b9-48a2-a18e-201414bbd917" />
    <UnitTestResult executionId="3829a317-b150-42d6-8a2e-a83bfed0b336" testId="df1f347b-b835-5837-4ced-d52c5f1203fe" testName="AddItem_UsesRuntime_Success" computerName="ICSWS068" duration="00:00:00.0779682" startTime="2016-08-04T09:56:46.3737064+02:00" endTime="2016-08-04T09:56:46.4527194+02:00" testType="13cdc9d9-ddb5-4fa4-a97d-d965ccfc6d4b" outcome="Passed" testListId="8c84fa94-04c1-424b-9868-57a2d4851a1d" relativeResultsDirectory="3829a317-b150-42d6-8a2e-a83bfed0b336" />
    <UnitTestResult executionId="e8650b7a-dd14-4836-90dd-2744739d43f5" testId="0b594340-8253-4bad-5be0-c9284ab03669" testName="AddItem_RuntimeThrows_ReturnsFailed" computerName="ICSWS068" duration="00:00:00.0022002" startTime="2016-08-04T09:56:46.4552381+02:00" endTime="2016-08-04T09:56:46.4587416+02:00" testType="13cdc9d9-ddb5-4fa4-a97d-d965ccfc6d4b" outcome="Passed" testListId="8c84fa94-04c1-424b-9868-57a2d4851a1d" relativeResultsDirectory="e8650b7a-dd14-4836-90dd-2744739d43f5" />
    <UnitTestResult executionId="e8bc3d71-d70c-40a1-9e05-9aae96cbcff6" testId="49e6090d-7846-0fb3-403b-0776dd283d36" testName="AddItem_NotInitialized_Throws" computerName="ICSWS068" duration="00:00:00.0003387" startTime="2016-08-04T09:56:46.4617263+02:00" endTime="2016-08-04T09:56:46.4632274+02:00" testType="13cdc9d9-ddb5-4fa4-a97d-d965ccfc6d4b" outcome="Passed" testListId="8c84fa94-04c1-424b-9868-57a2d4851a1d" relativeResultsDirectory="e8bc3d71-d70c-40a1-9e05-9aae96cbcff6" />
    <UnitTestResult executionId="5135301a-0e34-4581-a133-43f627eeb633" testId="7fc92868-a216-aa9b-93a6-e849a1ee550c" testName="Clear_UsesRuntime_Success" computerName="ICSWS068" duration="00:00:00.0007791" startTime="2016-08-04T09:56:46.4662292+02:00" endTime="2016-08-04T09:56:46.4682464+02:00" testType="13cdc9d9-ddb5-4fa4-a97d-d965ccfc6d4b" outcome="Passed" testListId="8c84fa94-04c1-424b-9868-57a2d4851a1d" relativeResultsDirectory="5135301a-0e34-4581-a133-43f627eeb633" />
    <UnitTestResult executionId="4457af9f-b2c4-4d84-a042-8b436ccbd209" testId="bc0a16cf-499b-3dfc-b4da-5f12be581c28" testName="Clear_RuntimeThrows_ReturnsFailed" computerName="ICSWS068" duration="00:00:00.0006430" startTime="2016-08-04T09:56:46.4702479+02:00" endTime="2016-08-04T09:56:46.4722346+02:00" testType="13cdc9d9-ddb5-4fa4-a97d-d965ccfc6d4b" outcome="Passed" testListId="8c84fa94-04c1-424b-9868-57a2d4851a1d" relativeResultsDirectory="4457af9f-b2c4-4d84-a042-8b436ccbd209" />
    <UnitTestResult executionId="3b6a34db-8907-467e-a891-9be247da0175" testId="8bd25a80-67e5-dd23-3354-ad43ebe0562b" testName="Clear_NotInitialized_Throws" computerName="ICSWS068" duration="00:00:00.0003357" startTime="2016-08-04T09:56:46.4747378+02:00" endTime="2016-08-04T09:56:46.4762392+02:00" testType="13cdc9d9-ddb5-4fa4-a97d-d965ccfc6d4b" outcome="Passed" testListId="8c84fa94-04c1-424b-9868-57a2d4851a1d" relativeResultsDirectory="3b6a34db-8907-467e-a891-9be247da0175" />
    <UnitTestResult executionId="a97d349e-76c3-4074-b254-2ea551aa9ebe" testId="048c5b6c-5283-45fc-8cf9-8409dfa10512" testName="Open_UsesRuntime_Success" computerName="ICSWS068" duration="00:00:00.0915658" startTime="2016-08-04T09:56:46.4797421+02:00" endTime="2016-08-04T09:56:46.5724517+02:00" testType="13cdc9d9-ddb5-4fa4-a97d-d965ccfc6d4b" outcome="Passed" testListId="8c84fa94-04c1-424b-9868-57a2d4851a1d" relativeResultsDirectory="a97d349e-76c3-4074-b254-2ea551aa9ebe" />
    <UnitTestResult executionId="fa0d75aa-1666-430b-815b-df80e091a73f" testId="a045e8e7-cc0e-8b7e-da0e-70acc3704a34" testName="Open_RuntimeThrows_ReturnsFailed" computerName="ICSWS068" duration="00:00:00.0022160" startTime="2016-08-04T09:56:46.5774581+02:00" endTime="2016-08-04T09:56:46.5809598+02:00" testType="13cdc9d9-ddb5-4fa4-a97d-d965ccfc6d4b" outcome="Passed" testListId="8c84fa94-04c1-424b-9868-57a2d4851a1d" relativeResultsDirectory="fa0d75aa-1666-430b-815b-df80e091a73f" />
    <UnitTestResult executionId="ae24244e-0cf0-4130-a83f-ca46df80e02c" testId="ff9cb693-6721-1896-13cf-d7a4881c2d50" testName="Open_NotInitialized_Throws" computerName="ICSWS068" duration="00:00:00.0006691" startTime="2016-08-04T09:56:46.5837063+02:00" endTime="2016-08-04T09:56:46.5857245+02:00" testType="13cdc9d9-ddb5-4fa4-a97d-d965ccfc6d4b" outcome="Passed" testListId="8c84fa94-04c1-424b-9868-57a2d4851a1d" relativeResultsDirectory="ae24244e-0cf0-4130-a83f-ca46df80e02c" />
    <UnitTestResult executionId="fb6a9847-814e-462b-a7ea-a2bb8a92c489" testId="2f479540-d017-64be-56f1-03decd0e6268" testName="Save_UsesRuntime_Success" computerName="ICSWS068" duration="00:00:00.0038336" startTime="2016-08-04T09:56:46.5877101+02:00" endTime="2016-08-04T09:56:46.5927329+02:00" testType="13cdc9d9-ddb5-4fa4-a97d-d965ccfc6d4b" outcome="Passed" testListId="8c84fa94-04c1-424b-9868-57a2d4851a1d" relativeResultsDirectory="fb6a9847-814e-462b-a7ea-a2bb8a92c489" />
    <UnitTestResult executionId="b9a5ce29-b229-461e-9ea2-0d56e8abfc62" testId="4ed47952-165b-5063-d76b-567c4ffc1bcc" testName="Save_RuntimeThrows_ReturnsFailed" computerName="ICSWS068" duration="00:00:00.0017492" startTime="2016-08-04T09:56:46.5952331+02:00" endTime="2016-08-04T09:56:46.5982205+02:00" testType="13cdc9d9-ddb5-4fa4-a97d-d965ccfc6d4b" outcome="Passed" testListId="8c84fa94-04c1-424b-9868-57a2d4851a1d" relativeResultsDirectory="b9a5ce29-b229-461e-9ea2-0d56e8abfc62" />
    <UnitTestResult executionId="1bb1f9e3-2eb6-4031-967e-414d0e960ae7" testId="0f946f83-5b04-0425-858a-c16aedd87c0b" testName="Save_NotInitialized_Throws" computerName="ICSWS068" duration="00:00:00.0006791" startTime="2016-08-04T09:56:46.6012219+02:00" endTime="2016-08-04T09:56:46.6031547+02:00" testType="13cdc9d9-ddb5-4fa4-a97d-d965ccfc6d4b" outcome="Passed" testListId="8c84fa94-04c1-424b-9868-57a2d4851a1d" relativeResultsDirectory="1bb1f9e3-2eb6-4031-967e-414d0e960ae7" />
    <UnitTestResult executionId="036244bb-65c5-4ae6-8b85-ef49ce48182a" testId="101d17a3-8c5a-14b5-ce24-bc0a3c30d832" testName="XSLTTransform_UsesRuntime_Success" computerName="ICSWS068" duration="00:00:00.0755120" startTime="2016-08-04T09:56:46.6056549+02:00" endTime="2016-08-04T09:56:46.6826513+02:00" testType="13cdc9d9-ddb5-4fa4-a97d-d965ccfc6d4b" outcome="Passed" testListId="8c84fa94-04c1-424b-9868-57a2d4851a1d" relativeResultsDirectory="036244bb-65c5-4ae6-8b85-ef49ce48182a" />
    <UnitTestResult executionId="edd1ae85-9995-43c4-8458-ed86c216a24b" testId="db115f97-25d7-6aa6-58d2-9692b243bace" testName="XSLTTransform_RuntimeThrows_ReturnsFailed" computerName="ICSWS068" duration="00:00:00.0036063" startTime="2016-08-04T09:56:46.6851439+02:00" endTime="2016-08-04T09:56:46.6901412+02:00" testType="13cdc9d9-ddb5-4fa4-a97d-d965ccfc6d4b" outcome="Passed" testListId="8c84fa94-04c1-424b-9868-57a2d4851a1d" relativeResultsDirectory="edd1ae85-9995-43c4-8458-ed86c216a24b" />
    <UnitTestResult executionId="86e00b37-e67c-4340-973e-921449ec97b1" testId="63f47279-ab02-e168-c2cd-21811a50907f" testName="XSLTTransform_NotInitialized_Throws" computerName="ICSWS068" duration="00:00:00.0184086" startTime="2016-08-04T09:56:46.6926623+02:00" endTime="2016-08-04T09:56:46.7127000+02:00" testType="13cdc9d9-ddb5-4fa4-a97d-d965ccfc6d4b" outcome="Passed" testListId="8c84fa94-04c1-424b-9868-57a2d4851a1d" relativeResultsDirectory="86e00b37-e67c-4340-973e-921449ec97b1" />
    <UnitTestResult executionId="4ff4ccf6-d88a-4422-bff0-755e0ed8483d" testId="1a5f842b-7955-f9c5-f654-08cd5fadd58f" testName="AddSchema_UsesRuntime_Success" computerName="ICSWS068" duration="00:00:00.0054429" startTime="2016-08-04T09:56:46.7152009+02:00" endTime="2016-08-04T09:56:46.7221908+02:00" testType="13cdc9d9-ddb5-4fa4-a97d-d965ccfc6d4b" outcome="Passed" testListId="8c84fa94-04c1-424b-9868-57a2d4851a1d" relativeResultsDirectory="4ff4ccf6-d88a-4422-bff0-755e0ed8483d" />
    <UnitTestResult executionId="0bd1b6d4-cd8e-4e9a-b5a4-66d232f7f72a" testId="5141ce10-2b68-82d5-6c52-3cdbc1d6da7f" testName="AddSchema_RuntimeThrows_ReturnsFailed" computerName="ICSWS068" duration="00:00:00.0026008" startTime="2016-08-04T09:56:46.7246943+02:00" endTime="2016-08-04T09:56:46.7286974+02:00" testType="13cdc9d9-ddb5-4fa4-a97d-d965ccfc6d4b" outcome="Passed" testListId="8c84fa94-04c1-424b-9868-57a2d4851a1d" relativeResultsDirectory="0bd1b6d4-cd8e-4e9a-b5a4-66d232f7f72a" />
    <UnitTestResult executionId="02aff1eb-84a8-40b2-bab8-38b6fea0f770" testId="e28fe37c-7125-cd95-ba77-2d7a8f752415" testName="AddSchema_SchemaXMLDoc_NoSchema_ReturnsFailed" computerName="ICSWS068" duration="00:00:00.0007070" startTime="2016-08-04T09:56:46.7317009+02:00" endTime="2016-08-04T09:56:46.7335481+02:00" testType="13cdc9d9-ddb5-4fa4-a97d-d965ccfc6d4b" outcome="Passed" testListId="8c84fa94-04c1-424b-9868-57a2d4851a1d" relativeResultsDirectory="02aff1eb-84a8-40b2-bab8-38b6fea0f770" />
    <UnitTestResult executionId="7cfcd440-b1fb-4c6f-89e0-2143a882ea09" testId="09464ae5-edcb-0fb7-76f4-1bab5a16d848" testName="AddSchema_NotInitialized_Throws" computerName="ICSWS068" duration="00:00:00.0007002" startTime="2016-08-04T09:56:46.7360504+02:00" endTime="2016-08-04T09:56:46.7380512+02:00" testType="13cdc9d9-ddb5-4fa4-a97d-d965ccfc6d4b" outcome="Passed" testListId="8c84fa94-04c1-424b-9868-57a2d4851a1d" relativeResultsDirectory="7cfcd440-b1fb-4c6f-89e0-2143a882ea09" />
    <UnitTestResult executionId="a11ed0ef-0ae2-4b88-b1dd-eaf22ff24349" testId="5ba5fdfb-4498-262e-8d05-9cdcbe6f9f45" testName="Validate_UsesRuntime_Success" computerName="ICSWS068" duration="00:00:00.0011694" startTime="2016-08-04T09:56:46.7400359+02:00" endTime="2016-08-04T09:56:46.7425550+02:00" testType="13cdc9d9-ddb5-4fa4-a97d-d965ccfc6d4b" outcome="Passed" testListId="8c84fa94-04c1-424b-9868-57a2d4851a1d" relativeResultsDirectory="a11ed0ef-0ae2-4b88-b1dd-eaf22ff24349" />
    <UnitTestResult executionId="50771c1f-1d6f-4b7d-8e5f-782360099d7d" testId="fd23578d-7a10-5662-ed32-e8279f3b397c" testName="Validate_RuntimeThrows_ReturnsFailed" computerName="ICSWS068" duration="00:00:00.0010392" startTime="2016-08-04T09:56:46.7455408+02:00" endTime="2016-08-04T09:56:46.7475411+02:00" testType="13cdc9d9-ddb5-4fa4-a97d-d965ccfc6d4b" outcome="Passed" testListId="8c84fa94-04c1-424b-9868-57a2d4851a1d" relativeResultsDirectory="50771c1f-1d6f-4b7d-8e5f-782360099d7d" />
    <UnitTestResult executionId="813e8557-9ac6-4721-8b54-b5723701afc0" testId="758b353c-e8f8-e6d5-9c8c-7f3d51d3d723" testName="Validate_NotInitialized_Throws" computerName="ICSWS068" duration="00:00:00.0006340" startTime="2016-08-04T09:56:46.7500434+02:00" endTime="2016-08-04T09:56:46.7515615+02:00" testType="13cdc9d9-ddb5-4fa4-a97d-d965ccfc6d4b" outcome="Passed" testListId="8c84fa94-04c1-424b-9868-57a2d4851a1d" relativeResultsDirectory="813e8557-9ac6-4721-8b54-b5723701afc0" />
    <UnitTestResult executionId="68259f73-20a8-4d6b-9303-5454309085bd" testId="23588fde-7f3b-adf0-3f42-a9a47891f183" testName="CreateXMLNode_UsesRuntime_Success" computerName="ICSWS068" duration="00:00:00.0066787" startTime="2016-08-04T09:56:46.7544797+02:00" endTime="2016-08-04T09:56:46.7720081+02:00" testType="13cdc9d9-ddb5-4fa4-a97d-d965ccfc6d4b" outcome="Passed" testListId="8c84fa94-04c1-424b-9868-57a2d4851a1d" relativeResultsDirectory="68259f73-20a8-4d6b-9303-5454309085bd" />
    <UnitTestResult executionId="c0fb96d5-74f6-497d-b04d-767eb6ed9f05" testId="139c08fe-46c9-123e-bd7e-5ed2f570b2c8" testName="CreateXMLNode_RuntimeThrows_ReturnsFailed" computerName="ICSWS068" duration="00:00:00.0026201" startTime="2016-08-04T09:56:46.7754054+02:00" endTime="2016-08-04T09:56:46.7799100+02:00" testType="13cdc9d9-ddb5-4fa4-a97d-d965ccfc6d4b" outcome="Passed" testListId="8c84fa94-04c1-424b-9868-57a2d4851a1d" relativeResultsDirectory="c0fb96d5-74f6-497d-b04d-767eb6ed9f05" />
    <UnitTestResult executionId="a93719f1-ca97-44aa-ad36-ecac09fb172d" testId="33928bc1-f76c-fd6e-f752-f1516b5b30de" testName="CreateXMLNode_NotInitialized_Throws" computerName="ICSWS068" duration="00:00:00.0006970" startTime="2016-08-04T09:56:46.7831393+02:00" endTime="2016-08-04T09:56:46.7851428+02:00" testType="13cdc9d9-ddb5-4fa4-a97d-d965ccfc6d4b" outcome="Passed" testListId="8c84fa94-04c1-424b-9868-57a2d4851a1d" relativeResultsDirectory="a93719f1-ca97-44aa-ad36-ecac09fb172d" />
    <UnitTestResult executionId="c0b99c60-f799-4463-933e-a792ac0807fa" testId="18d9a991-6406-0502-05c3-ff76584b7243" testName="SelectXMLNodes_UsesRuntime_Success" computerName="ICSWS068" duration="00:00:00.0056837" startTime="2016-08-04T09:56:46.7876454+02:00" endTime="2016-08-04T09:56:46.7946532+02:00" testType="13cdc9d9-ddb5-4fa4-a97d-d965ccfc6d4b" outcome="Passed" testListId="8c84fa94-04c1-424b-9868-57a2d4851a1d" relativeResultsDirectory="c0b99c60-f799-4463-933e-a792ac0807fa" />
    <UnitTestResult executionId="877e0ac5-09c7-4f37-860a-e023c9e15b38" testId="e54f1b8e-34d5-de56-3c23-778c7e489f97" testName="SelectXMLNodes_RuntimeThrows_ReturnsFailed" computerName="ICSWS068" duration="00:00:00.0016844" startTime="2016-08-04T09:56:46.7981555+02:00" endTime="2016-08-04T09:56:46.8011584+02:00" testType="13cdc9d9-ddb5-4fa4-a97d-d965ccfc6d4b" outcome="Passed" testListId="8c84fa94-04c1-424b-9868-57a2d4851a1d" relativeResultsDirectory="877e0ac5-09c7-4f37-860a-e023c9e15b38" />
    <UnitTestResult executionId="5d5b817d-5d83-49ae-8ebf-3710545193c4" testId="d9e286f6-0cd4-55ce-9dd8-4094ad54e824" testName="SelectXMLNodes_NotInitialized_Throws" computerName="ICSWS068" duration="00:00:00.0006480" startTime="2016-08-04T09:56:46.8034929+02:00" endTime="2016-08-04T09:56:46.8054946+02:00" testType="13cdc9d9-ddb5-4fa4-a97d-d965ccfc6d4b" outcome="Passed" testListId="8c84fa94-04c1-424b-9868-57a2d4851a1d" relativeResultsDirectory="5d5b817d-5d83-49ae-8ebf-3710545193c4" />
    <UnitTestResult executionId="c1e73f09-3d69-45fb-aa45-9e3aa00b34b8" testId="8bc5b6a9-81fb-c403-17e6-e7469de2c3f3" testName="SelectSingleXMLNode_UsesRuntime_Success" computerName="ICSWS068" duration="00:00:00.0025178" startTime="2016-08-04T09:56:46.8089796+02:00" endTime="2016-08-04T09:56:46.8129828+02:00" testType="13cdc9d9-ddb5-4fa4-a97d-d965ccfc6d4b" outcome="Passed" testListId="8c84fa94-04c1-424b-9868-57a2d4851a1d" relativeResultsDirectory="c1e73f09-3d69-45fb-aa45-9e3aa00b34b8" />
    <UnitTestResult executionId="35a8e360-c1b2-4d77-9ed3-e371fef393c9" testId="a66d8361-ffe9-279a-6d4d-2c527ea414cf" testName="SelectSingleXMLNode_RuntimeThrows_ReturnsFailed" computerName="ICSWS068" duration="00:00:00.0014424" startTime="2016-08-04T09:56:46.8159845+02:00" endTime="2016-08-04T09:56:46.8189880+02:00" testType="13cdc9d9-ddb5-4fa4-a97d-d965ccfc6d4b" outcome="Passed" testListId="8c84fa94-04c1-424b-9868-57a2d4851a1d" relativeResultsDirectory="35a8e360-c1b2-4d77-9ed3-e371fef393c9" />
    <UnitTestResult executionId="491c2bbb-665e-4bc4-a501-a7267ce0c591" testId="7af87295-239f-5794-9e07-b5a87fc35b1c" testName="SelectSingleXMLNode_NotInitialized_Throws" computerName="ICSWS068" duration="00:00:00.0007084" startTime="2016-08-04T09:56:46.8214891+02:00" endTime="2016-08-04T09:56:46.8234899+02:00" testType="13cdc9d9-ddb5-4fa4-a97d-d965ccfc6d4b" outcome="Passed" testListId="8c84fa94-04c1-424b-9868-57a2d4851a1d" relativeResultsDirectory="491c2bbb-665e-4bc4-a501-a7267ce0c591" />
    <UnitTestResult executionId="6cd0ade5-0277-42b9-9573-553dfae8d3a8" testId="59fd3018-76ca-3fc4-f850-7db1153589ec" testName="AddChild_UsesRuntime_Success" computerName="ICSWS068" duration="00:00:00.0045198" startTime="2016-08-04T09:56:46.8260081+02:00" endTime="2016-08-04T09:56:46.8320153+02:00" testType="13cdc9d9-ddb5-4fa4-a97d-d965ccfc6d4b" outcome="Passed" testListId="8c84fa94-04c1-424b-9868-57a2d4851a1d" relativeResultsDirectory="6cd0ade5-0277-42b9-9573-553dfae8d3a8" />
    <UnitTestResult executionId="77d9fd2c-1eca-4e69-9fff-8f98db622a89" testId="4c212e0d-3956-518d-a662-5346af73de4d" testName="AddChild_IndexDependsOnPositionType_Success" computerName="ICSWS068" duration="00:00:00.0067675" startTime="2016-08-04T09:56:46.8345200+02:00" endTime="2016-08-04T09:56:46.8425263+02:00" testType="13cdc9d9-ddb5-4fa4-a97d-d965ccfc6d4b" outcome="Passed" testListId="8c84fa94-04c1-424b-9868-57a2d4851a1d" relativeResultsDirectory="77d9fd2c-1eca-4e69-9fff-8f98db622a89" />
    <UnitTestResult executionId="ff577525-6e34-4a32-a5cf-7d6cd128409a" testId="92c7175d-0ea0-9a5c-0e99-e0af0174be42" testName="AddChild_NotInitialized_Throws" computerName="ICSWS068" duration="00:00:00.0194068" startTime="2016-08-04T09:56:46.8455268+02:00" endTime="2016-08-04T09:56:46.8662833+02:00" testType="13cdc9d9-ddb5-4fa4-a97d-d965ccfc6d4b" outcome="Passed" testListId="8c84fa94-04c1-424b-9868-57a2d4851a1d" relativeResultsDirectory="ff577525-6e34-4a32-a5cf-7d6cd128409a" />
    <UnitTestResult executionId="9cd01cbc-ab73-4433-a547-e052c784ff3f" testId="e671ab27-7146-07a7-b8c9-c0d2344a81e5" testName="AddChild_RuntimeThrows_ReturnsFailed" computerName="ICSWS068" duration="00:00:00.0017149" startTime="2016-08-04T09:56:46.8692675+02:00" endTime="2016-08-04T09:56:46.8722859+02:00" testType="13cdc9d9-ddb5-4fa4-a97d-d965ccfc6d4b" outcome="Passed" testListId="8c84fa94-04c1-424b-9868-57a2d4851a1d" relativeResultsDirectory="9cd01cbc-ab73-4433-a547-e052c784ff3f" />
    <UnitTestResult executionId="6348d42e-0331-4e7d-8e20-378833f3f33c" testId="807b965e-6d32-7b15-039a-e79646b73e6d" testName="get_DocumentElement_UsesRuntime_Success" computerName="ICSWS068" duration="00:00:00.0013316" startTime="2016-08-04T09:56:46.8747902+02:00" endTime="2016-08-04T09:56:46.8773066+02:00" testType="13cdc9d9-ddb5-4fa4-a97d-d965ccfc6d4b" outcome="Passed" testListId="8c84fa94-04c1-424b-9868-57a2d4851a1d" relativeResultsDirectory="6348d42e-0331-4e7d-8e20-378833f3f33c" />
    <UnitTestResult executionId="314e99a3-ab9c-49c7-8daa-b612a4dfeb01" testId="87a8d3d0-2efd-1e2c-9cee-fc20e585cfdc" testName="get_DocumentElement_RuntimeThrows_ReturnsFailed" computerName="ICSWS068" duration="00:00:00.0010020" startTime="2016-08-04T09:56:46.8798086+02:00" endTime="2016-08-04T09:56:46.8818109+02:00" testType="13cdc9d9-ddb5-4fa4-a97d-d965ccfc6d4b" outcome="Passed" testListId="8c84fa94-04c1-424b-9868-57a2d4851a1d" relativeResultsDirectory="314e99a3-ab9c-49c7-8daa-b612a4dfeb01" />
    <UnitTestResult executionId="f953b40d-a109-47a9-817e-ca8c06103c80" testId="e782cd79-68d4-445e-6c23-980fff903532" testName="get_DocumentElement_NotInitialized_Throws" computerName="ICSWS068" duration="00:00:00.0006847" startTime="2016-08-04T09:56:46.8847385+02:00" endTime="2016-08-04T09:56:46.8867566+02:00" testType="13cdc9d9-ddb5-4fa4-a97d-d965ccfc6d4b" outcome="Passed" testListId="8c84fa94-04c1-424b-9868-57a2d4851a1d" relativeResultsDirectory="f953b40d-a109-47a9-817e-ca8c06103c80" />
    <UnitTestResult executionId="940df28f-2c24-4188-8b63-348e494e580e" testId="dd434261-7618-288b-371d-ace489ef80a2" testName="set_DocumentElement_UsesRuntime_Success" computerName="ICSWS068" duration="00:00:00.0030471" startTime="2016-08-04T09:56:46.8892428+02:00" endTime="2016-08-04T09:56:46.8932653+02:00" testType="13cdc9d9-ddb5-4fa4-a97d-d965ccfc6d4b" outcome="Passed" testListId="8c84fa94-04c1-424b-9868-57a2d4851a1d" relativeResultsDirectory="940df28f-2c24-4188-8b63-348e494e580e" />
    <UnitTestResult executionId="96f5d55f-4f04-4b6d-801e-06fd9c9b7c52" testId="4126628b-7a2a-b453-69cc-6d97ae449b3b" testName="set_DocumentElement_RuntimeThrows_ReturnsFailed" computerName="ICSWS068" duration="00:00:00.0011463" startTime="2016-08-04T09:56:46.8962491+02:00" endTime="2016-08-04T09:56:46.8982514+02:00" testType="13cdc9d9-ddb5-4fa4-a97d-d965ccfc6d4b" outcome="Passed" testListId="8c84fa94-04c1-424b-9868-57a2d4851a1d" relativeResultsDirectory="96f5d55f-4f04-4b6d-801e-06fd9c9b7c52" />
    <UnitTestResult executionId="81eaea46-216c-43dd-a85e-243ef4a7d277" testId="3dfee63a-b2bc-ba0a-d64f-cb18ae0fe1e2" testName="set_DocumentElement_NotInitialized_Throws" computerName="ICSWS068" duration="00:00:00.0007128" startTime="2016-08-04T09:56:46.9012528+02:00" endTime="2016-08-04T09:56:46.9029854+02:00" testType="13cdc9d9-ddb5-4fa4-a97d-d965ccfc6d4b" outcome="Passed" testListId="8c84fa94-04c1-424b-9868-57a2d4851a1d" relativeResultsDirectory="81eaea46-216c-43dd-a85e-243ef4a7d277" />
    <UnitTestResult executionId="3bea4f66-d0ce-4303-938b-165aaada2278" testId="819af280-55bd-44c3-790e-85790f44602b" testName="Clear_UsesRuntime_Success" computerName="ICSWS068" duration="00:00:00.0010835" startTime="2016-08-04T09:56:46.9054900+02:00" endTime="2016-08-04T09:56:46.9074917+02:00" testType="13cdc9d9-ddb5-4fa4-a97d-d965ccfc6d4b" outcome="Passed" testListId="8c84fa94-04c1-424b-9868-57a2d4851a1d" relativeResultsDirectory="3bea4f66-d0ce-4303-938b-165aaada2278" />
    <UnitTestResult executionId="a4b5bf11-1701-4054-8295-14f9fd975bde" testId="ae5029c0-e7a3-57a0-deee-ba2ffa464da1" testName="Clear_RuntimeThrows_ReturnsFailed" computerName="ICSWS068" duration="00:00:00.0010709" startTime="2016-08-04T09:56:46.9104929+02:00" endTime="2016-08-04T09:56:46.9129940+02:00" testType="13cdc9d9-ddb5-4fa4-a97d-d965ccfc6d4b" outcome="Passed" testListId="8c84fa94-04c1-424b-9868-57a2d4851a1d" relativeResultsDirectory="a4b5bf11-1701-4054-8295-14f9fd975bde" />
    <UnitTestResult executionId="9666da47-86ae-4dfc-8d37-3ef90822a642" testId="ee8be453-c948-2bbc-7d92-650c21b2cad5" testName="Clear_NotInitialized_Throws" computerName="ICSWS068" duration="00:00:00.0007598" startTime="2016-08-04T09:56:46.9159960+02:00" endTime="2016-08-04T09:56:46.9184980+02:00" testType="13cdc9d9-ddb5-4fa4-a97d-d965ccfc6d4b" outcome="Passed" testListId="8c84fa94-04c1-424b-9868-57a2d4851a1d" relativeResultsDirectory="9666da47-86ae-4dfc-8d37-3ef90822a642" />
    <UnitTestResult executionId="61c69c84-0f71-49bc-9cf9-f7e3dc6a3e40" testId="98b14e63-b218-2524-45ef-d0c3dede4cf8" testName="set_ValidateOnLoad_UsesRuntime_Success" computerName="ICSWS068" duration="00:00:00.0011457" startTime="2016-08-04T09:56:46.9209997+02:00" endTime="2016-08-04T09:56:46.9235014+02:00" testType="13cdc9d9-ddb5-4fa4-a97d-d965ccfc6d4b" outcome="Passed" testListId="8c84fa94-04c1-424b-9868-57a2d4851a1d" relativeResultsDirectory="61c69c84-0f71-49bc-9cf9-f7e3dc6a3e40" />
    <UnitTestResult executionId="218918dc-67fe-4a6a-a7f2-6c68d972da67" testId="b711e8ec-4f2a-4527-2dcc-173392ed0208" testName="set_ValidateOnLoad_RuntimeThrows_ReturnsFailed" computerName="ICSWS068" duration="00:00:00.0010835" startTime="2016-08-04T09:56:46.9270046+02:00" endTime="2016-08-04T09:56:46.9295227+02:00" testType="13cdc9d9-ddb5-4fa4-a97d-d965ccfc6d4b" outcome="Passed" testListId="8c84fa94-04c1-424b-9868-57a2d4851a1d" relativeResultsDirectory="218918dc-67fe-4a6a-a7f2-6c68d972da67" />
    <UnitTestResult executionId="66f2f78f-cd09-4c38-867d-271b13539dae" testId="35f2c43b-21de-ba93-51d0-2fa33e89cd8c" testName="set_ValidateOnLoad_NotInitialized_Throws" computerName="ICSWS068" duration="00:00:00.0007149" startTime="2016-08-04T09:56:46.9330268+02:00" endTime="2016-08-04T09:56:46.9350279+02:00" testType="13cdc9d9-ddb5-4fa4-a97d-d965ccfc6d4b" outcome="Passed" testListId="8c84fa94-04c1-424b-9868-57a2d4851a1d" relativeResultsDirectory="66f2f78f-cd09-4c38-867d-271b13539dae" />
    <UnitTestResult executionId="89caeeb6-ded0-472b-84ef-e47c03815afa" testId="9b14a3c0-2612-181c-8976-cc9dc12a11b7" testName="get_ValidateOnLoad_UsesRuntime_Success" computerName="ICSWS068" duration="00:00:00.0022301" startTime="2016-08-04T09:56:46.9375296+02:00" endTime="2016-08-04T09:56:46.9410322+02:00" testType="13cdc9d9-ddb5-4fa4-a97d-d965ccfc6d4b" outcome="Passed" testListId="8c84fa94-04c1-424b-9868-57a2d4851a1d" relativeResultsDirectory="89caeeb6-ded0-472b-84ef-e47c03815afa" />
    <UnitTestResult executionId="f487a986-ca80-431f-bf7d-48c2efdfd3dc" testId="d0840b1a-2b93-236c-d341-ad9816b8d6c7" testName="get_ValidateOnLoad_RuntimeThrows_ReturnsFailed" computerName="ICSWS068" duration="00:00:00.0013765" startTime="2016-08-04T09:56:46.9440339+02:00" endTime="2016-08-04T09:56:46.9465359+02:00" testType="13cdc9d9-ddb5-4fa4-a97d-d965ccfc6d4b" outcome="Passed" testListId="8c84fa94-04c1-424b-9868-57a2d4851a1d" relativeResultsDirectory="f487a986-ca80-431f-bf7d-48c2efdfd3dc" />
    <UnitTestResult executionId="80aad437-49cf-4213-89c8-6dc05cfa9d2e" testId="7e61dffe-9ba6-ded5-9492-ce7228f25c34" testName="get_ValidateOnLoad_NotInitialized_Throws" computerName="ICSWS068" duration="00:00:00.0006847" startTime="2016-08-04T09:56:46.9505394+02:00" endTime="2016-08-04T09:56:46.9525552+02:00" testType="13cdc9d9-ddb5-4fa4-a97d-d965ccfc6d4b" outcome="Passed" testListId="8c84fa94-04c1-424b-9868-57a2d4851a1d" relativeResultsDirectory="80aad437-49cf-4213-89c8-6dc05cfa9d2e" />
    <UnitTestResult executionId="acdd4af6-6da3-4aaf-a707-ae4e9b9ba339" testId="b0259b8c-3008-0420-35af-a817d0259cee" testName="set_UseInlineSchema_UsesRuntime_Success" computerName="ICSWS068" duration="00:00:00.0010709" startTime="2016-08-04T09:56:46.9545443+02:00" endTime="2016-08-04T09:56:46.9570460+02:00" testType="13cdc9d9-ddb5-4fa4-a97d-d965ccfc6d4b" outcome="Passed" testListId="8c84fa94-04c1-424b-9868-57a2d4851a1d" relativeResultsDirectory="acdd4af6-6da3-4aaf-a707-ae4e9b9ba339" />
    <UnitTestResult executionId="908f3820-7306-4434-b627-aaab445d9458" testId="8c62e7a4-54c4-7dae-516f-53acd6f7c98d" testName="set_UseInlineSchema_RuntimeThrows_ReturnsFailed" computerName="ICSWS068" duration="00:00:00.0011392" startTime="2016-08-04T09:56:46.9600480+02:00" endTime="2016-08-04T09:56:46.9624298+02:00" testType="13cdc9d9-ddb5-4fa4-a97d-d965ccfc6d4b" outcome="Passed" testListId="8c84fa94-04c1-424b-9868-57a2d4851a1d" relativeResultsDirectory="908f3820-7306-4434-b627-aaab445d9458" />
    <UnitTestResult executionId="8fdd697d-7a4f-4a40-ae1c-ac2775a112cb" testId="92092aff-71ac-37ae-503a-cdc0f78876b1" testName="set_UseInlineSchema_NotInitialized_Throws" computerName="ICSWS068" duration="00:00:00.0007175" startTime="2016-08-04T09:56:46.9659344+02:00" endTime="2016-08-04T09:56:46.9679373+02:00" testType="13cdc9d9-ddb5-4fa4-a97d-d965ccfc6d4b" outcome="Passed" testListId="8c84fa94-04c1-424b-9868-57a2d4851a1d" relativeResultsDirectory="8fdd697d-7a4f-4a40-ae1c-ac2775a112cb" />
    <UnitTestResult executionId="9381620e-2fbb-4b96-ad2a-01712226fba3" testId="5e3a5a43-c0cd-0608-fed7-178862b8df3f" testName="get_UseInlineSchema_UsesRuntime_Success" computerName="ICSWS068" duration="00:00:00.0014248" startTime="2016-08-04T09:56:46.9704373+02:00" endTime="2016-08-04T09:56:46.9734396+02:00" testType="13cdc9d9-ddb5-4fa4-a97d-d965ccfc6d4b" outcome="Passed" testListId="8c84fa94-04c1-424b-9868-57a2d4851a1d" relativeResultsDirectory="9381620e-2fbb-4b96-ad2a-01712226fba3" />
    <UnitTestResult executionId="d60a6ee2-2119-4c2a-a698-7eee1566124d" testId="77246de6-1173-a93c-5ba0-30d23c10b158" testName="get_UseInlineSchema_RuntimeThrows_ReturnsFailed" computerName="ICSWS068" duration="00:00:00.0011395" startTime="2016-08-04T09:56:46.9764431+02:00" endTime="2016-08-04T09:56:46.9784445+02:00" testType="13cdc9d9-ddb5-4fa4-a97d-d965ccfc6d4b" outcome="Passed" testListId="8c84fa94-04c1-424b-9868-57a2d4851a1d" relativeResultsDirectory="d60a6ee2-2119-4c2a-a698-7eee1566124d" />
    <UnitTestResult executionId="b1f6c774-0538-41ac-b663-27c066ccbd94" testId="937a5927-5f01-352d-2904-0dc30ef9e962" testName="get_UseInlineSchema_NotInitialized_Throws" computerName="ICSWS068" duration="00:00:00.0006970" startTime="2016-08-04T09:56:46.9814450+02:00" endTime="2016-08-04T09:56:46.9838113+02:00" testType="13cdc9d9-ddb5-4fa4-a97d-d965ccfc6d4b" outcome="Passed" testListId="8c84fa94-04c1-424b-9868-57a2d4851a1d" relativeResultsDirectory="b1f6c774-0538-41ac-b663-27c066ccbd94" />
    <UnitTestResult executionId="f75684e6-6e56-433a-994f-ef386c07063e" testId="b6b79ace-0886-5a83-ea1c-05cd953443c0" testName="set_MultipleErrorMessages_UsesRuntime_Success" computerName="ICSWS068" duration="00:00:00.0010451" startTime="2016-08-04T09:56:46.9863133+02:00" endTime="2016-08-04T09:56:46.9888135+02:00" testType="13cdc9d9-ddb5-4fa4-a97d-d965ccfc6d4b" outcome="Passed" testListId="8c84fa94-04c1-424b-9868-57a2d4851a1d" relativeResultsDirectory="f75684e6-6e56-433a-994f-ef386c07063e" />
    <UnitTestResult executionId="1028a8c6-ac1a-4127-b0ae-5c6172b156eb" testId="f3e56eeb-07a4-97e9-f7d3-9c62c3c75a02" testName="set_MultipleErrorMessage_RuntimeThrows_ReturnsFailed" computerName="ICSWS068" duration="00:00:00.0010715" startTime="2016-08-04T09:56:46.9913161+02:00" endTime="2016-08-04T09:56:46.9938369+02:00" testType="13cdc9d9-ddb5-4fa4-a97d-d965ccfc6d4b" outcome="Passed" testListId="8c84fa94-04c1-424b-9868-57a2d4851a1d" relativeResultsDirectory="1028a8c6-ac1a-4127-b0ae-5c6172b156eb" />
    <UnitTestResult executionId="5ac160da-8f3d-4a27-8964-0d95b65f9ba0" testId="121dcfb3-29be-a44b-77a2-8c202c7285c1" testName="set_MultipleErrorMessages_NotInitialized_Throws" computerName="ICSWS068" duration="00:00:00.0009489" startTime="2016-08-04T09:56:46.9968195+02:00" endTime="2016-08-04T09:56:46.9993210+02:00" testType="13cdc9d9-ddb5-4fa4-a97d-d965ccfc6d4b" outcome="Passed" testListId="8c84fa94-04c1-424b-9868-57a2d4851a1d" relativeResultsDirectory="5ac160da-8f3d-4a27-8964-0d95b65f9ba0" />
    <UnitTestResult executionId="4ace9e4e-efb3-42ed-9d0f-c315f0c9a938" testId="7de11c28-f8ba-af32-61bd-457467888718" testName="get_MultipleErrorMessages_UsesRuntime_Success" computerName="ICSWS068" duration="00:00:00.0014269" startTime="2016-08-04T09:56:47.0023282+02:00" endTime="2016-08-04T09:56:47.0053361+02:00" testType="13cdc9d9-ddb5-4fa4-a97d-d965ccfc6d4b" outcome="Passed" testListId="8c84fa94-04c1-424b-9868-57a2d4851a1d" relativeResultsDirectory="4ace9e4e-efb3-42ed-9d0f-c315f0c9a938" />
    <UnitTestResult executionId="11185f1c-982b-4992-9440-de119850efdd" testId="4920dfb1-b44d-6bbf-dfdd-e340fbd7a929" testName="get_MultipleErrorMessages_RuntimeThrows_ReturnsFailed" computerName="ICSWS068" duration="00:00:00.0014301" startTime="2016-08-04T09:56:47.0083314+02:00" endTime="2016-08-04T09:56:47.0113343+02:00" testType="13cdc9d9-ddb5-4fa4-a97d-d965ccfc6d4b" outcome="Passed" testListId="8c84fa94-04c1-424b-9868-57a2d4851a1d" relativeResultsDirectory="11185f1c-982b-4992-9440-de119850efdd" />
    <UnitTestResult executionId="52e72289-7bf8-4ab6-9125-9424f87f7b04" testId="939a9bf4-6ef8-c2d7-c5de-18c54d7cde78" testName="get_MultipleErrorMessages_NotInitialized_Throws" computerName="ICSWS068" duration="00:00:00.0007017" startTime="2016-08-04T09:56:47.0152286+02:00" endTime="2016-08-04T09:56:47.0172298+02:00" testType="13cdc9d9-ddb5-4fa4-a97d-d965ccfc6d4b" outcome="Passed" testListId="8c84fa94-04c1-424b-9868-57a2d4851a1d" relativeResultsDirectory="52e72289-7bf8-4ab6-9125-9424f87f7b04" />
    <UnitTestResult executionId="ecdd9edd-facc-4304-a785-b32bd853a9bf" testId="9f0bdcb2-4606-e6c9-d413-5a9890beeb7a" testName="set_NewParser_UsesRuntime_Success" computerName="ICSWS068" duration="00:00:00.0013724" startTime="2016-08-04T09:56:47.0197318+02:00" endTime="2016-08-04T09:56:47.0227355+02:00" testType="13cdc9d9-ddb5-4fa4-a97d-d965ccfc6d4b" outcome="Passed" testListId="8c84fa94-04c1-424b-9868-57a2d4851a1d" relativeResultsDirectory="ecdd9edd-facc-4304-a785-b32bd853a9bf" />
    <UnitTestResult executionId="7ed9345d-11b1-47c6-8448-dd38c319e34a" testId="2205c79e-efe1-7170-7f9c-3612390db062" testName="set_NewParser_RuntimeThrows_ReturnsFailed" computerName="ICSWS068" duration="00:00:00.0010888" startTime="2016-08-04T09:56:47.0262402+02:00" endTime="2016-08-04T09:56:47.0287428+02:00" testType="13cdc9d9-ddb5-4fa4-a97d-d965ccfc6d4b" outcome="Passed" testListId="8c84fa94-04c1-424b-9868-57a2d4851a1d" relativeResultsDirectory="7ed9345d-11b1-47c6-8448-dd38c319e34a" />
    <UnitTestResult executionId="a1860582-656b-4be9-81f0-26be46cf9e71" testId="51263ec3-fa9f-8f95-1b6d-5c27895220fa" testName="set_NewParser_NotInitialized_Throws" computerName="ICSWS068" duration="00:00:00.0006709" startTime="2016-08-04T09:56:47.0312445+02:00" endTime="2016-08-04T09:56:47.0332805+02:00" testType="13cdc9d9-ddb5-4fa4-a97d-d965ccfc6d4b" outcome="Passed" testListId="8c84fa94-04c1-424b-9868-57a2d4851a1d" relativeResultsDirectory="a1860582-656b-4be9-81f0-26be46cf9e71" />
    <UnitTestResult executionId="7a5c2b14-339a-4e4e-b62c-e6bb6f08c16e" testId="8632ede9-85b9-d794-817a-7a09acfa5230" testName="get_NewParser_UsesRuntime_Success" computerName="ICSWS068" duration="00:00:00.0011574" startTime="2016-08-04T09:56:47.0357652+02:00" endTime="2016-08-04T09:56:47.0377842+02:00" testType="13cdc9d9-ddb5-4fa4-a97d-d965ccfc6d4b" outcome="Passed" testListId="8c84fa94-04c1-424b-9868-57a2d4851a1d" relativeResultsDirectory="7a5c2b14-339a-4e4e-b62c-e6bb6f08c16e" />
    <UnitTestResult executionId="0f8a5828-a870-40c6-98ea-e02bb4e96249" testId="e5b95894-e08b-614a-7431-b401b2a5fbe3" testName="get_NewParser_RuntimeThrows_ReturnsFailed" computerName="ICSWS068" duration="00:00:00.0010662" startTime="2016-08-04T09:56:47.0412692+02:00" endTime="2016-08-04T09:56:47.0442712+02:00" testType="13cdc9d9-ddb5-4fa4-a97d-d965ccfc6d4b" outcome="Passed" testListId="8c84fa94-04c1-424b-9868-57a2d4851a1d" relativeResultsDirectory="0f8a5828-a870-40c6-98ea-e02bb4e96249" />
    <UnitTestResult executionId="541f7297-655f-47cd-a793-3082e68556eb" testId="b432344e-828a-ed32-f2c8-19aeb64dd32c" testName="get_NewParser_NotInitialized_Throws" computerName="ICSWS068" duration="00:00:00.0007140" startTime="2016-08-04T09:56:47.0477741+02:00" endTime="2016-08-04T09:56:47.0497752+02:00" testType="13cdc9d9-ddb5-4fa4-a97d-d965ccfc6d4b" outcome="Passed" testListId="8c84fa94-04c1-424b-9868-57a2d4851a1d" relativeResultsDirectory="541f7297-655f-47cd-a793-3082e68556eb" />
    <UnitTestResult executionId="d7865df8-0e1a-41f4-8371-b5640e33dfc1" testId="601fcddb-85fe-0bcc-b5f2-6d55c7d965a3" testName="SetImplementation_ValidValue_IsInitializedReturnsTrue" computerName="ICSWS068" duration="00:00:00.0009823" startTime="2016-08-04T09:56:47.0527775+02:00" endTime="2016-08-04T09:56:47.0547954+02:00" testType="13cdc9d9-ddb5-4fa4-a97d-d965ccfc6d4b" outcome="Passed" testListId="8c84fa94-04c1-424b-9868-57a2d4851a1d" relativeResultsDirectory="d7865df8-0e1a-41f4-8371-b5640e33dfc1" />
    <UnitTestResult executionId="0fa206aa-1ea2-47c9-a145-7443a8502a17" testId="c7b5d23b-bc8d-95de-02e3-d2d0d72e7df6" testName="SetImplementation_NotInitialized_IsInitializedReturnsFalse" computerName="ICSWS068" duration="00:00:00.0005686" startTime="2016-08-04T09:56:47.0577810+02:00" endTime="2016-08-04T09:56:47.0597827+02:00" testType="13cdc9d9-ddb5-4fa4-a97d-d965ccfc6d4b" outcome="Passed" testListId="8c84fa94-04c1-424b-9868-57a2d4851a1d" relativeResultsDirectory="0fa206aa-1ea2-47c9-a145-7443a8502a17" />
    <UnitTestResult executionId="6814ced1-14d3-48ca-a768-48f454184e3f" testId="f7f2781e-6a33-3a68-9f08-282d1c93aff7" testName="AddChild_NotInitialized_Throws" computerName="ICSWS068" duration="00:00:00.0014718" startTime="2016-08-04T09:56:47.0627844+02:00" endTime="2016-08-04T09:56:47.0657864+02:00" testType="13cdc9d9-ddb5-4fa4-a97d-d965ccfc6d4b" outcome="Passed" testListId="8c84fa94-04c1-424b-9868-57a2d4851a1d" relativeResultsDirectory="6814ced1-14d3-48ca-a768-48f454184e3f" />
    <UnitTestResult executionId="935093ab-255b-4584-868b-1bb163164c39" testId="964f9714-331a-6272-6c29-dbdeedfc12fc" testName="AddChild_ElementToAddIsNull_Throws" computerName="ICSWS068" duration="00:00:00.0003014" startTime="2016-08-04T09:56:47.0687887+02:00" endTime="2016-08-04T09:56:47.0702896+02:00" testType="13cdc9d9-ddb5-4fa4-a97d-d965ccfc6d4b" outcome="Passed" testListId="8c84fa94-04c1-424b-9868-57a2d4851a1d" relativeResultsDirectory="935093ab-255b-4584-868b-1bb163164c39" />
    <UnitTestResult executionId="ac1be8cd-55f1-4146-9b56-9240b8c040cd" testId="23b75719-28d8-22ce-69f7-52fae29e0a4b" testName="AddChild_ElementToAddIsNoInitialized_Throws" computerName="ICSWS068" duration="00:00:00.0011439" startTime="2016-08-04T09:56:47.0727916+02:00" endTime="2016-08-04T09:56:47.0752936+02:00" testType="13cdc9d9-ddb5-4fa4-a97d-d965ccfc6d4b" outcome="Passed" testListId="8c84fa94-04c1-424b-9868-57a2d4851a1d" relativeResultsDirectory="ac1be8cd-55f1-4146-9b56-9240b8c040cd" />
    <UnitTestResult executionId="1d9ab79c-fece-4b4d-9f33-62168a74ef93" testId="3b52d0e1-7f5b-3408-38f2-6c0a34d0893c" testName="AddChild_ElementToAddIsNotContainerElement" computerName="ICSWS068" duration="00:00:00.0054303" startTime="2016-08-04T09:56:47.0777947+02:00" endTime="2016-08-04T09:56:47.0848002+02:00" testType="13cdc9d9-ddb5-4fa4-a97d-d965ccfc6d4b" outcome="NotExecuted" testListId="8c84fa94-04c1-424b-9868-57a2d4851a1d" relativeResultsDirectory="1d9ab79c-fece-4b4d-9f33-62168a74ef93">
      <Output>
        <ErrorInfo>
          <Message>Assert.Inconclusive failed. TODO-XML: implement test</Message>
          <StackTrace>   at UnitTests.iCore.Component.Core.ManagedScriptObjects.XmlObjects.ManagedXmlElementObject_IEXMLDOMNodeObject_Tests.AddChild_ElementToAddIsNotContainerElement() in F:\ETWork\Main\Common\Assemblies\UnitTests.iCore.Component.Core\ManagedScriptObjects\XmlObjects\ManagedXmlElementObject_IEXMLDOMNodeObject_Tests.cs:line 75
</StackTrace>
        </ErrorInfo>
      </Output>
    </UnitTestResult>
    <UnitTestResult executionId="f59decc5-d09b-4d35-9ce1-90f03745a47f" testId="f900f33f-6abe-b365-9be1-eba64b15683c" testName="AddChild_AddElementAddChild_ReturnsAddedChild" computerName="ICSWS068" duration="00:00:00.0008422" startTime="2016-08-04T09:56:47.0873019+02:00" endTime="2016-08-04T09:56:47.0893033+02:00" testType="13cdc9d9-ddb5-4fa4-a97d-d965ccfc6d4b" outcome="Passed" testListId="8c84fa94-04c1-424b-9868-57a2d4851a1d" relativeResultsDirectory="f59decc5-d09b-4d35-9ce1-90f03745a47f" />
    <UnitTestResult executionId="f5fd3af0-c580-4504-be68-fcc14bb74671" testId="3e96bb3f-6d4c-9b58-880a-c00131e55508" testName="AddChild_AddElementAddChildFirst_AddedChildIsFirstChild" computerName="ICSWS068" duration="00:00:00.0001161" startTime="2016-08-04T09:56:47.0923059+02:00" endTime="2016-08-04T09:56:47.0938068+02:00" testType="13cdc9d9-ddb5-4fa4-a97d-d965ccfc6d4b" outcome="Passed" testListId="8c84fa94-04c1-424b-9868-57a2d4851a1d" relativeResultsDirectory="f5fd3af0-c580-4504-be68-fcc14bb74671" />
    <UnitTestResult executionId="8161d2d1-8006-413b-a92c-98ac166abc96" testId="0a2d8b48-bd36-d998-a152-550cf1c6272a" testName="AddNewChild_ParentNotInitialized_Fails" computerName="ICSWS068" duration="00:00:00.0004908" startTime="2016-08-04T09:56:47.0963082+02:00" endTime="2016-08-04T09:56:47.0978093+02:00" testType="13cdc9d9-ddb5-4fa4-a97d-d965ccfc6d4b" outcome="Passed" testListId="8c84fa94-04c1-424b-9868-57a2d4851a1d" relativeResultsDirectory="8161d2d1-8006-413b-a92c-98ac166abc96" />
    <UnitTestResult executionId="5ee56a7e-0a58-4adf-b3e3-d22d368a7268" testId="e5ba927e-3ba3-97a1-c9bb-2e1745cb0a93" testName="AddNewChild_ParentIsElementXMLNodeType_ATTRIBUTE_Success" computerName="ICSWS068" duration="00:00:00.0006894" startTime="2016-08-04T09:56:47.1003110+02:00" endTime="2016-08-04T09:56:47.1018122+02:00" testType="13cdc9d9-ddb5-4fa4-a97d-d965ccfc6d4b" outcome="NotExecuted" testListId="8c84fa94-04c1-424b-9868-57a2d4851a1d" relativeResultsDirectory="5ee56a7e-0a58-4adf-b3e3-d22d368a7268">
      <Output>
        <ErrorInfo>
          <Message>Assert.Inconclusive failed. </Message>
          <StackTrace>   at UnitTests.iCore.Component.Core.ManagedScriptObjects.XmlObjects.ManagedXmlElementObject_IEXMLDOMNodeObject_Tests.AddNewChild_ParentIsElementXMLNodeType_ATTRIBUTE_Success() in F:\ETWork\Main\Common\Assemblies\UnitTests.iCore.Component.Core\ManagedScriptObjects\XmlObjects\ManagedXmlElementObject_IEXMLDOMNodeObject_Tests.cs:line 249
</StackTrace>
        </ErrorInfo>
      </Output>
    </UnitTestResult>
    <UnitTestResult executionId="2b3c8562-46b3-4a7c-b177-be31d9c4fa23" testId="32bff74f-1391-d030-e161-6fe7f52f5226" testName="AddNewChild_ParentIsElementXMLNodeType_CDATA_SECTION_Success" computerName="ICSWS068" duration="00:00:00.0006876" startTime="2016-08-04T09:56:47.1043145+02:00" endTime="2016-08-04T09:56:47.1063156+02:00" testType="13cdc9d9-ddb5-4fa4-a97d-d965ccfc6d4b" outcome="NotExecuted" testListId="8c84fa94-04c1-424b-9868-57a2d4851a1d" relativeResultsDirectory="2b3c8562-46b3-4a7c-b177-be31d9c4fa23">
      <Output>
        <ErrorInfo>
          <Message>Assert.Inconclusive failed. </Message>
          <StackTrace>   at UnitTests.iCore.Component.Core.ManagedScriptObjects.XmlObjects.ManagedXmlElementObject_IEXMLDOMNodeObject_Tests.AddNewChild_ParentIsElementXMLNodeType_CDATA_SECTION_Success() in F:\ETWork\Main\Common\Assemblies\UnitTests.iCore.Component.Core\ManagedScriptObjects\XmlObjects\ManagedXmlElementObject_IEXMLDOMNodeObject_Tests.cs:line 266
</StackTrace>
        </ErrorInfo>
      </Output>
    </UnitTestResult>
    <UnitTestResult executionId="9258ed55-7608-4252-91ce-85ff6a5e4cf1" testId="6f091011-c2ff-1ad9-d3e2-43fa92df3fbc" testName="AddNewChild_ParentIsElementXMLNodeType_COMMENT_Success" computerName="ICSWS068" duration="00:00:00.0005826" startTime="2016-08-04T09:56:47.1088176+02:00" endTime="2016-08-04T09:56:47.1108188+02:00" testType="13cdc9d9-ddb5-4fa4-a97d-d965ccfc6d4b" outcome="NotExecuted" testListId="8c84fa94-04c1-424b-9868-57a2d4851a1d" relativeResultsDirectory="9258ed55-7608-4252-91ce-85ff6a5e4cf1">
      <Output>
        <ErrorInfo>
          <Message>Assert.Inconclusive failed. </Message>
          <StackTrace>   at UnitTests.iCore.Component.Core.ManagedScriptObjects.XmlObjects.ManagedXmlElementObject_IEXMLDOMNodeObject_Tests.AddNewChild_ParentIsElementXMLNodeType_COMMENT_Success() in F:\ETWork\Main\Common\Assemblies\UnitTests.iCore.Component.Core\ManagedScriptObjects\XmlObjects\ManagedXmlElementObject_IEXMLDOMNodeObject_Tests.cs:line 283
</StackTrace>
        </ErrorInfo>
      </Output>
    </UnitTestResult>
    <UnitTestResult executionId="381744df-a726-4ce7-9a05-43ff3de71f97" testId="5bdcc6ba-2b6d-97e5-b7ea-45d27e593f80" testName="AddNewChild_ParentIsElementXMLNodeType_ELEMENT_Success" computerName="ICSWS068" duration="00:00:00.0005756" startTime="2016-08-04T09:56:47.1133205+02:00" endTime="2016-08-04T09:56:47.1153222+02:00" testType="13cdc9d9-ddb5-4fa4-a97d-d965ccfc6d4b" outcome="NotExecuted" testListId="8c84fa94-04c1-424b-9868-57a2d4851a1d" relativeResultsDirectory="381744df-a726-4ce7-9a05-43ff3de71f97">
      <Output>
        <ErrorInfo>
          <Message>Assert.Inconclusive failed. </Message>
          <StackTrace>   at UnitTests.iCore.Component.Core.ManagedScriptObjects.XmlObjects.ManagedXmlElementObject_IEXMLDOMNodeObject_Tests.AddNewChild_ParentIsElementXMLNodeType_ELEMENT_Success() in F:\ETWork\Main\Common\Assemblies\UnitTests.iCore.Component.Core\ManagedScriptObjects\XmlObjects\ManagedXmlElementObject_IEXMLDOMNodeObject_Tests.cs:line 301
</StackTrace>
        </ErrorInfo>
      </Output>
    </UnitTestResult>
    <UnitTestResult executionId="018cc114-649b-422d-9576-b7e3c8e1c555" testId="12870e9f-4671-a90a-3cba-f83e33d62b36" testName="AddNewChild_ParentIsElementXMLNodeType_PROCESSING_INSTRUCTION_Success" computerName="ICSWS068" duration="00:00:00.0005439" startTime="2016-08-04T09:56:47.1173234+02:00" endTime="2016-08-04T09:56:47.1193248+02:00" testType="13cdc9d9-ddb5-4fa4-a97d-d965ccfc6d4b" outcome="NotExecuted" testListId="8c84fa94-04c1-424b-9868-57a2d4851a1d" relativeResultsDirectory="018cc114-649b-422d-9576-b7e3c8e1c555">
      <Output>
        <ErrorInfo>
          <Message>Assert.Inconclusive failed. </Message>
          <StackTrace>   at UnitTests.iCore.Component.Core.ManagedScriptObjects.XmlObjects.ManagedXmlElementObject_IEXMLDOMNodeObject_Tests.AddNewChild_ParentIsElementXMLNodeType_PROCESSING_INSTRUCTION_Success() in F:\ETWork\Main\Common\Assemblies\UnitTests.iCore.Component.Core\ManagedScriptObjects\XmlObjects\ManagedXmlElementObject_IEXMLDOMNodeObject_Tests.cs:line 319
</StackTrace>
        </ErrorInfo>
      </Output>
    </UnitTestResult>
    <UnitTestResult executionId="8a9c1a55-a3a0-47fa-b33d-8c55e2484fbf" testId="5ff90c8a-5320-948e-27b4-ac87f47e33da" testName="AddNewChild_ParentIsElementXMLNodeType_TEXT_Success" computerName="ICSWS068" duration="00:00:00.0005340" startTime="2016-08-04T09:56:47.1213265+02:00" endTime="2016-08-04T09:56:47.1228271+02:00" testType="13cdc9d9-ddb5-4fa4-a97d-d965ccfc6d4b" outcome="NotExecuted" testListId="8c84fa94-04c1-424b-9868-57a2d4851a1d" relativeResultsDirectory="8a9c1a55-a3a0-47fa-b33d-8c55e2484fbf">
      <Output>
        <ErrorInfo>
          <Message>Assert.Inconclusive failed. </Message>
          <StackTrace>   at UnitTests.iCore.Component.Core.ManagedScriptObjects.XmlObjects.ManagedXmlElementObject_IEXMLDOMNodeObject_Tests.AddNewChild_ParentIsElementXMLNodeType_TEXT_Success() in F:\ETWork\Main\Common\Assemblies\UnitTests.iCore.Component.Core\ManagedScriptObjects\XmlObjects\ManagedXmlElementObject_IEXMLDOMNodeObject_Tests.cs:line 338
</StackTrace>
        </ErrorInfo>
      </Output>
    </UnitTestResult>
    <UnitTestResult executionId="e396453a-7400-42b7-9767-2e0b2fe8142e" testId="e178dd12-4887-2497-3d2d-41dc82cea09a" testName="AddNewChild_ParentIsElementXMLNodeType_DOCUMENT_FRAGMENT_Failure" computerName="ICSWS068" duration="00:00:00.0005747" startTime="2016-08-04T09:56:47.1253291+02:00" endTime="2016-08-04T09:56:47.1273308+02:00" testType="13cdc9d9-ddb5-4fa4-a97d-d965ccfc6d4b" outcome="NotExecuted" testListId="8c84fa94-04c1-424b-9868-57a2d4851a1d" relativeResultsDirectory="e396453a-7400-42b7-9767-2e0b2fe8142e">
      <Output>
        <ErrorInfo>
          <Message>Assert.Inconclusive failed. </Message>
          <StackTrace>   at UnitTests.iCore.Component.Core.ManagedScriptObjects.XmlObjects.ManagedXmlElementObject_IEXMLDOMNodeObject_Tests.AddNewChild_ParentIsElementXMLNodeType_DOCUMENT_FRAGMENT_Failure() in F:\ETWork\Main\Common\Assemblies\UnitTests.iCore.Component.Core\ManagedScriptObjects\XmlObjects\ManagedXmlElementObject_IEXMLDOMNodeObject_Tests.cs:line 357
</StackTrace>
        </ErrorInfo>
      </Output>
    </UnitTestResult>
    <UnitTestResult executionId="a231d00a-6dfc-401f-a395-fe8aa26f20ff" testId="b973e6d6-b9a4-4f09-dbbd-be24fdf9f350" testName="AddNewChild_ParentIsElementXMLNodeType_DOCUMENT_Failure" computerName="ICSWS068" duration="00:00:00.0005835" startTime="2016-08-04T09:56:47.1298322+02:00" endTime="2016-08-04T09:56:47.1318337+02:00" testType="13cdc9d9-ddb5-4fa4-a97d-d965ccfc6d4b" outcome="NotExecuted" testListId="8c84fa94-04c1-424b-9868-57a2d4851a1d" relativeResultsDirectory="a231d00a-6dfc-401f-a395-fe8aa26f20ff">
      <Output>
        <ErrorInfo>
          <Message>Assert.Inconclusive failed. </Message>
          <StackTrace>   at UnitTests.iCore.Component.Core.ManagedScriptObjects.XmlObjects.ManagedXmlElementObject_IEXMLDOMNodeObject_Tests.AddNewChild_ParentIsElementXMLNodeType_DOCUMENT_Failure() in F:\ETWork\Main\Common\Assemblies\UnitTests.iCore.Component.Core\ManagedScriptObjects\XmlObjects\ManagedXmlElementObject_IEXMLDOMNodeObject_Tests.cs:line 368
</StackTrace>
        </ErrorInfo>
      </Output>
    </UnitTestResult>
    <UnitTestResult executionId="50d9b32a-edf3-4121-b64e-5dbdc7b75167" testId="54aafb4a-0fb5-cd2a-dc28-5a78c597c6f7" testName="AddNewChild_ParentIsElementXMLNodeType_DOCUMENT_TYPE_Failure" computerName="ICSWS068" duration="00:00:00.0006369" startTime="2016-08-04T09:56:47.1338354+02:00" endTime="2016-08-04T09:56:47.1358365+02:00" testType="13cdc9d9-ddb5-4fa4-a97d-d965ccfc6d4b" outcome="NotExecuted" testListId="8c84fa94-04c1-424b-9868-57a2d4851a1d" relativeResultsDirectory="50d9b32a-edf3-4121-b64e-5dbdc7b75167">
      <Output>
        <ErrorInfo>
          <Message>Assert.Inconclusive failed. </Message>
          <StackTrace>   at UnitTests.iCore.Component.Core.ManagedScriptObjects.XmlObjects.ManagedXmlElementObject_IEXMLDOMNodeObject_Tests.AddNewChild_ParentIsElementXMLNodeType_DOCUMENT_TYPE_Failure() in F:\ETWork\Main\Common\Assemblies\UnitTests.iCore.Component.Core\ManagedScriptObjects\XmlObjects\ManagedXmlElementObject_IEXMLDOMNodeObject_Tests.cs:line 378
</StackTrace>
        </ErrorInfo>
      </Output>
    </UnitTestResult>
    <UnitTestResult executionId="3ed09054-2448-4003-ba47-ac36ebe49c95" testId="08e0ae34-74ad-943a-f463-499b60bd459e" testName="AddNewChild_ParentIsElementXMLNodeType_ENTITY_Failure" computerName="ICSWS068" duration="00:00:00.0005416" startTime="2016-08-04T09:56:47.1378380+02:00" endTime="2016-08-04T09:56:47.1398394+02:00" testType="13cdc9d9-ddb5-4fa4-a97d-d965ccfc6d4b" outcome="NotExecuted" testListId="8c84fa94-04c1-424b-9868-57a2d4851a1d" relativeResultsDirectory="3ed09054-2448-4003-ba47-ac36ebe49c95">
      <Output>
        <ErrorInfo>
          <Message>Assert.Inconclusive failed. </Message>
          <StackTrace>   at UnitTests.iCore.Component.Core.ManagedScriptObjects.XmlObjects.ManagedXmlElementObject_IEXMLDOMNodeObject_Tests.AddNewChild_ParentIsElementXMLNodeType_ENTITY_Failure() in F:\ETWork\Main\Common\Assemblies\UnitTests.iCore.Component.Core\ManagedScriptObjects\XmlObjects\ManagedXmlElementObject_IEXMLDOMNodeObject_Tests.cs:line 388
</StackTrace>
        </ErrorInfo>
      </Output>
    </UnitTestResult>
    <UnitTestResult executionId="2e040146-91da-4197-bb50-15ec89f7e2e0" testId="a7117c88-3315-2bad-049c-6ab15305341d" testName="AddNewChild_ParentIsElementXMLNodeType_ENTITY_REFERENCE_Failure" computerName="ICSWS068" duration="00:00:00.0005964" startTime="2016-08-04T09:56:47.1428420+02:00" endTime="2016-08-04T09:56:47.1443428+02:00" testType="13cdc9d9-ddb5-4fa4-a97d-d965ccfc6d4b" outcome="NotExecuted" testListId="8c84fa94-04c1-424b-9868-57a2d4851a1d" relativeResultsDirectory="2e040146-91da-4197-bb50-15ec89f7e2e0">
      <Output>
        <ErrorInfo>
          <Message>Assert.Inconclusive failed. </Message>
          <StackTrace>   at UnitTests.iCore.Component.Core.ManagedScriptObjects.XmlObjects.ManagedXmlElementObject_IEXMLDOMNodeObject_Tests.AddNewChild_ParentIsElementXMLNodeType_ENTITY_REFERENCE_Failure() in F:\ETWork\Main\Common\Assemblies\UnitTests.iCore.Component.Core\ManagedScriptObjects\XmlObjects\ManagedXmlElementObject_IEXMLDOMNodeObject_Tests.cs:line 398
</StackTrace>
        </ErrorInfo>
      </Output>
    </UnitTestResult>
    <UnitTestResult executionId="a6c3d8e3-1b4c-4466-897a-32dc83d3b135" testId="ea59029f-e316-a009-11e6-cceb52222c1b" testName="AddNewChild_XMLNodeType_NOTATION_Failure" computerName="ICSWS068" duration="00:00:00.0006096" startTime="2016-08-04T09:56:47.1473448+02:00" endTime="2016-08-04T09:56:47.1488460+02:00" testType="13cdc9d9-ddb5-4fa4-a97d-d965ccfc6d4b" outcome="NotExecuted" testListId="8c84fa94-04c1-424b-9868-57a2d4851a1d" relativeResultsDirectory="a6c3d8e3-1b4c-4466-897a-32dc83d3b135">
      <Output>
        <ErrorInfo>
          <Message>Assert.Inconclusive failed. </Message>
          <StackTrace>   at UnitTests.iCore.Component.Core.ManagedScriptObjects.XmlObjects.ManagedXmlElementObject_IEXMLDOMNodeObject_Tests.AddNewChild_XMLNodeType_NOTATION_Failure() in F:\ETWork\Main\Common\Assemblies\UnitTests.iCore.Component.Core\ManagedScriptObjects\XmlObjects\ManagedXmlElementObject_IEXMLDOMNodeObject_Tests.cs:line 408
</StackTrace>
        </ErrorInfo>
      </Output>
    </UnitTestResult>
    <UnitTestResult executionId="176d7252-5659-49cc-b0b8-5acf283e976f" testId="3fc06c6a-5c77-4e18-4431-ba71df3fa26d" testName="SetImplementation_ValidValue_IsInitializedReturnsTrue" computerName="ICSWS068" duration="00:00:00.0004733" startTime="2016-08-04T09:56:47.1518483+02:00" endTime="2016-08-04T09:56:47.1538497+02:00" testType="13cdc9d9-ddb5-4fa4-a97d-d965ccfc6d4b" outcome="Passed" testListId="8c84fa94-04c1-424b-9868-57a2d4851a1d" relativeResultsDirectory="176d7252-5659-49cc-b0b8-5acf283e976f" />
    <UnitTestResult executionId="8995bde4-9de5-4e17-9cb9-d41a8ef2f3ee" testId="f30c3ae9-916c-fc29-cb2e-c6a080c9fc5f" testName="SetImplementation_NotInitialized_IsInitializedReturnsFalse" computerName="ICSWS068" duration="00:00:00.0001882" startTime="2016-08-04T09:56:47.1558511+02:00" endTime="2016-08-04T09:56:47.1573526+02:00" testType="13cdc9d9-ddb5-4fa4-a97d-d965ccfc6d4b" outcome="Passed" testListId="8c84fa94-04c1-424b-9868-57a2d4851a1d" relativeResultsDirectory="8995bde4-9de5-4e17-9cb9-d41a8ef2f3ee" />
    <UnitTestResult executionId="60d0e14e-4a96-4109-8129-adbeca5ea56b" testId="c17fb77f-1643-e570-bce7-11cc2afd4913" testName="Construct_Success" computerName="ICSWS068" duration="00:00:00.0360578" startTime="2016-08-04T09:56:47.1598537+02:00" endTime="2016-08-04T09:56:47.1973809+02:00" testType="13cdc9d9-ddb5-4fa4-a97d-d965ccfc6d4b" outcome="Passed" testListId="8c84fa94-04c1-424b-9868-57a2d4851a1d" relativeResultsDirectory="60d0e14e-4a96-4109-8129-adbeca5ea56b" />
    <UnitTestResult executionId="e6061271-8492-4525-987a-41ff0713c928" testId="d23ed0ce-6d40-9cf6-7909-67b261f4092f" testName="ImplementsInterface_IXmlParser" computerName="ICSWS068" duration="00:00:00.0020527" startTime="2016-08-04T09:56:47.2003827+02:00" endTime="2016-08-04T09:56:47.2038852+02:00" testType="13cdc9d9-ddb5-4fa4-a97d-d965ccfc6d4b" outcome="Passed" testListId="8c84fa94-04c1-424b-9868-57a2d4851a1d" relativeResultsDirectory="e6061271-8492-4525-987a-41ff0713c928" />
    <UnitTestResult executionId="8b33028a-fdf4-4d50-9e4e-916372c52a4e" testId="0682f6dd-6f14-469c-2d90-bec45e4c0717" testName="ImplementsInterface_IEXMLInDataStructure" computerName="ICSWS068" duration="00:00:00.0022011" startTime="2016-08-04T09:56:47.2063872+02:00" endTime="2016-08-04T09:56:47.2098916+02:00" testType="13cdc9d9-ddb5-4fa4-a97d-d965ccfc6d4b" outcome="Passed" testListId="8c84fa94-04c1-424b-9868-57a2d4851a1d" relativeResultsDirectory="8b33028a-fdf4-4d50-9e4e-916372c52a4e" />
    <UnitTestResult executionId="a79dcdc8-a0ca-4104-ad74-85b351a6c23d" testId="00d06ff6-da3d-d811-0e1a-9501c17fedbd" testName="ImplementsInterface_IEDisposable" computerName="ICSWS068" duration="00:00:00.0021064" startTime="2016-08-04T09:56:47.2128965+02:00" endTime="2016-08-04T09:56:47.2158988+02:00" testType="13cdc9d9-ddb5-4fa4-a97d-d965ccfc6d4b" outcome="Passed" testListId="8c84fa94-04c1-424b-9868-57a2d4851a1d" relativeResultsDirectory="a79dcdc8-a0ca-4104-ad74-85b351a6c23d" />
    <UnitTestResult executionId="c87e26c1-3f05-4dee-8b79-f4241d800aac" testId="1c9faed0-d363-05f1-2b3a-e82484224598" testName="Initialize_ValidArgs_CorrectArgsSentToImplementation" computerName="ICSWS068" duration="00:00:00.0416339" startTime="2016-08-04T09:56:47.2189002+02:00" endTime="2016-08-04T09:56:47.2614584+02:00" testType="13cdc9d9-ddb5-4fa4-a97d-d965ccfc6d4b" outcome="Passed" testListId="8c84fa94-04c1-424b-9868-57a2d4851a1d" relativeResultsDirectory="c87e26c1-3f05-4dee-8b79-f4241d800aac" />
    <UnitTestResult executionId="68be44ca-3fde-477c-8054-a350dc729782" testId="a9c01eb3-dfe1-7184-9489-821de632d0df" testName="Initialize_ValidArgs_SuppliedCompoonentReturnsEmptyPath_Throws" computerName="ICSWS068" duration="00:00:00.0030732" startTime="2016-08-04T09:56:47.2647267+02:00" endTime="2016-08-04T09:56:47.2692299+02:00" testType="13cdc9d9-ddb5-4fa4-a97d-d965ccfc6d4b" outcome="Passed" testListId="8c84fa94-04c1-424b-9868-57a2d4851a1d" relativeResultsDirectory="68be44ca-3fde-477c-8054-a350dc729782" />
    <UnitTestResult executionId="3999e175-ac9f-4b8f-b19c-37fe66ee06dd" testId="613deb76-090d-e784-e31c-3a603993024b" testName="Initialize_ValidArgs_SuppliedCompoonentDoesNotImplementCallbackInterface_Throws" computerName="ICSWS068" duration="00:00:00.0034219" startTime="2016-08-04T09:56:47.2717319+02:00" endTime="2016-08-04T09:56:47.2767714+02:00" testType="13cdc9d9-ddb5-4fa4-a97d-d965ccfc6d4b" outcome="Passed" testListId="8c84fa94-04c1-424b-9868-57a2d4851a1d" relativeResultsDirectory="3999e175-ac9f-4b8f-b19c-37fe66ee06dd" />
    <UnitTestResult executionId="34ed3fed-dd05-40d7-8e58-0cdb31cb2dea" testId="e4ab69ba-a93d-f956-3d8f-0b56bd99cb95" testName="ParseURL_CorrectArguments_CorrectArgumentsSentToImplementation" computerName="ICSWS068" duration="00:00:00.0092203" startTime="2016-08-04T09:56:47.2792728+02:00" endTime="2016-08-04T09:56:47.2897644+02:00" testType="13cdc9d9-ddb5-4fa4-a97d-d965ccfc6d4b" outcome="Passed" testListId="8c84fa94-04c1-424b-9868-57a2d4851a1d" relativeResultsDirectory="34ed3fed-dd05-40d7-8e58-0cdb31cb2dea" />
    <UnitTestResult executionId="889454a4-7f0d-4320-9a5f-0c84aa8da757" testId="ec96f358-dbad-c3f6-e15e-83aa54aa7f66" testName="ParseURL_NotInitialized_Fails" computerName="ICSWS068" duration="00:00:00.0050101" startTime="2016-08-04T09:56:47.2930397+02:00" endTime="2016-08-04T09:56:47.2995481+02:00" testType="13cdc9d9-ddb5-4fa4-a97d-d965ccfc6d4b" outcome="Passed" testListId="8c84fa94-04c1-424b-9868-57a2d4851a1d" relativeResultsDirectory="889454a4-7f0d-4320-9a5f-0c84aa8da757" />
    <UnitTestResult executionId="c3efa524-b726-4abb-a0e1-a250df9e28d1" testId="3c14bfce-cccd-8dae-6092-312d951a2bd6" testName="ParseURL_ImplementationThrows_Fails" computerName="ICSWS068" duration="00:00:00.0068514" startTime="2016-08-04T09:56:47.3015674+02:00" endTime="2016-08-04T09:56:47.3104189+02:00" testType="13cdc9d9-ddb5-4fa4-a97d-d965ccfc6d4b" outcome="Passed" testListId="8c84fa94-04c1-424b-9868-57a2d4851a1d" relativeResultsDirectory="c3efa524-b726-4abb-a0e1-a250df9e28d1" />
    <UnitTestResult executionId="23899ca8-dfb4-41b1-a51b-477d9738d93a" testId="34385f02-3b28-3ecc-c729-249d3cdf91d4" testName="ParseXMLDocument_CorrectArguments_CorrectArgumentsSentToImplementation" computerName="ICSWS068" duration="00:00:00.0284459" startTime="2016-08-04T09:56:47.3130086+02:00" endTime="2016-08-04T09:56:47.3425110+02:00" testType="13cdc9d9-ddb5-4fa4-a97d-d965ccfc6d4b" outcome="Passed" testListId="8c84fa94-04c1-424b-9868-57a2d4851a1d" relativeResultsDirectory="23899ca8-dfb4-41b1-a51b-477d9738d93a" />
    <UnitTestResult executionId="c3949889-8a3d-4bdb-95ad-c0adbb4e7d0b" testId="edfe9a24-10c8-fc15-6913-ace5dad7b2ba" testName="ParseXMLDocument_DocumentArgumentDoesNotImplementIXmlNodeImplementation_Fails" computerName="ICSWS068" duration="00:00:00.0051028" startTime="2016-08-04T09:56:47.3454987+02:00" endTime="2016-08-04T09:56:47.3515012+02:00" testType="13cdc9d9-ddb5-4fa4-a97d-d965ccfc6d4b" outcome="Passed" testListId="8c84fa94-04c1-424b-9868-57a2d4851a1d" relativeResultsDirectory="c3949889-8a3d-4bdb-95ad-c0adbb4e7d0b" />
    <UnitTestResult executionId="3fec1bc8-285f-49ee-930d-69abffe37c62" testId="19d78ae8-86b1-7ad0-6b4f-bdc3e6d95c5c" testName="ParseXMLDocument_NotInitialized_Fails" computerName="ICSWS068" duration="00:00:00.0238199" startTime="2016-08-04T09:56:47.3550205+02:00" endTime="2016-08-04T09:56:47.3800664+02:00" testType="13cdc9d9-ddb5-4fa4-a97d-d965ccfc6d4b" outcome="Passed" testListId="8c84fa94-04c1-424b-9868-57a2d4851a1d" relativeResultsDirectory="3fec1bc8-285f-49ee-930d-69abffe37c62" />
    <UnitTestResult executionId="44a98f25-5c3a-49e9-afd2-7ebca05621df" testId="ed1577e1-8962-f790-eebe-a64a3bbbe12d" testName="ParseXMLDocument_ImplementationThrows_Fails" computerName="ICSWS068" duration="00:00:00.0069631" startTime="2016-08-04T09:56:47.3825517+02:00" endTime="2016-08-04T09:56:47.3910577+02:00" testType="13cdc9d9-ddb5-4fa4-a97d-d965ccfc6d4b" outcome="Passed" testListId="8c84fa94-04c1-424b-9868-57a2d4851a1d" relativeResultsDirectory="44a98f25-5c3a-49e9-afd2-7ebca05621df" />
    <UnitTestResult executionId="a7d56efe-63ab-4452-86f5-28989027a5aa" testId="5d682b8c-8f44-c1ab-ddb8-adb116605335" testName="ParseXMLString_CorrectArguments_CorrectArgumentsSentToImplementation" computerName="ICSWS068" duration="00:00:00.0071165" startTime="2016-08-04T09:56:47.3940219+02:00" endTime="2016-08-04T09:56:47.4024036+02:00" testType="13cdc9d9-ddb5-4fa4-a97d-d965ccfc6d4b" outcome="Passed" testListId="8c84fa94-04c1-424b-9868-57a2d4851a1d" relativeResultsDirectory="a7d56efe-63ab-4452-86f5-28989027a5aa" />
    <UnitTestResult executionId="76b260c9-37eb-46d6-8f4d-7efbca0f23d9" testId="0de57581-f94d-3a71-5115-237a1566f678" testName="ParseXMLString_NotInitialized_Fails" computerName="ICSWS068" duration="00:00:00.0051998" startTime="2016-08-04T09:56:47.4049070+02:00" endTime="2016-08-04T09:56:47.4114145+02:00" testType="13cdc9d9-ddb5-4fa4-a97d-d965ccfc6d4b" outcome="Passed" testListId="8c84fa94-04c1-424b-9868-57a2d4851a1d" relativeResultsDirectory="76b260c9-37eb-46d6-8f4d-7efbca0f23d9" />
    <UnitTestResult executionId="baad3217-9f71-430a-b7af-80b062715bd5" testId="843605a0-9fb9-d248-6409-8254d517c294" testName="ParseXMLString_ImplementationThrows_Fails" computerName="ICSWS068" duration="00:00:00.0052975" startTime="2016-08-04T09:56:47.4139353+02:00" endTime="2016-08-04T09:56:47.4204396+02:00" testType="13cdc9d9-ddb5-4fa4-a97d-d965ccfc6d4b" outcome="Passed" testListId="8c84fa94-04c1-424b-9868-57a2d4851a1d" relativeResultsDirectory="baad3217-9f71-430a-b7af-80b062715bd5" />
    <UnitTestResult executionId="91d41782-3fe2-45f6-a093-244abb74ea97" testId="199e31a5-9ce1-f96e-a768-ffaa241fcf26" testName="get_CharactersData_ValueReturnedFromImplementation" computerName="ICSWS068" duration="00:00:00.0047755" startTime="2016-08-04T09:56:47.4234258+02:00" endTime="2016-08-04T09:56:47.4294468+02:00" testType="13cdc9d9-ddb5-4fa4-a97d-d965ccfc6d4b" outcome="Passed" testListId="8c84fa94-04c1-424b-9868-57a2d4851a1d" relativeResultsDirectory="91d41782-3fe2-45f6-a093-244abb74ea97" />
    <UnitTestResult executionId="bef3f78e-e4c7-4ef7-8a81-faf9670e06c4" testId="376177db-5044-4bec-6420-8a422119c019" testName="get_CharactersData_NotInitialized_Fails" computerName="ICSWS068" duration="00:00:00.0024201" startTime="2016-08-04T09:56:47.4319365+02:00" endTime="2016-08-04T09:56:47.4354531+02:00" testType="13cdc9d9-ddb5-4fa4-a97d-d965ccfc6d4b" outcome="Passed" testListId="8c84fa94-04c1-424b-9868-57a2d4851a1d" relativeResultsDirectory="bef3f78e-e4c7-4ef7-8a81-faf9670e06c4" />
    <UnitTestResult executionId="0da44a72-59d5-4f89-a573-52370ecb845a" testId="96b5ef29-8443-130b-a77a-c9a5c8f1a94a" testName="get_CharactersData_ImplementationThrow_Fails" computerName="ICSWS068" duration="00:00:00.0030776" startTime="2016-08-04T09:56:47.4379560+02:00" endTime="2016-08-04T09:56:47.4424595+02:00" testType="13cdc9d9-ddb5-4fa4-a97d-d965ccfc6d4b" outcome="Passed" testListId="8c84fa94-04c1-424b-9868-57a2d4851a1d" relativeResultsDirectory="0da44a72-59d5-4f89-a573-52370ecb845a" />
    <UnitTestResult executionId="2fc63dba-6e1a-4c86-ac7f-7d3db8b8810f" testId="206daa6c-8027-64f2-74b7-681d0c899262" testName="get_CurrentXMLNode_Initialized_ReturnsCorrectObject" computerName="ICSWS068" duration="00:00:00.0050872" startTime="2016-08-04T09:56:47.4449445+02:00" endTime="2016-08-04T09:56:47.4514488+02:00" testType="13cdc9d9-ddb5-4fa4-a97d-d965ccfc6d4b" outcome="Passed" testListId="8c84fa94-04c1-424b-9868-57a2d4851a1d" relativeResultsDirectory="2fc63dba-6e1a-4c86-ac7f-7d3db8b8810f" />
    <UnitTestResult executionId="9c4ecb06-4706-4a49-a535-1c9637afd09e" testId="0b00b104-73c9-c1d8-1165-b6930c3f9284" testName="get_CurrentXMLNode_ImplementationThrow_Fails" computerName="ICSWS068" duration="00:00:00.0032946" startTime="2016-08-04T09:56:47.4544522+02:00" endTime="2016-08-04T09:56:47.4589554+02:00" testType="13cdc9d9-ddb5-4fa4-a97d-d965ccfc6d4b" outcome="Passed" testListId="8c84fa94-04c1-424b-9868-57a2d4851a1d" relativeResultsDirectory="9c4ecb06-4706-4a49-a535-1c9637afd09e" />
    <UnitTestResult executionId="dd655b8a-d767-4272-aa1f-b070368c1d01" testId="05afd12b-d96c-019c-1d38-e92380a32d12" testName="get_CurrentXMLNode_NotInitialized_Fails" computerName="ICSWS068" duration="00:00:00.0024495" startTime="2016-08-04T09:56:47.4614577+02:00" endTime="2016-08-04T09:56:47.4651447+02:00" testType="13cdc9d9-ddb5-4fa4-a97d-d965ccfc6d4b" outcome="Passed" testListId="8c84fa94-04c1-424b-9868-57a2d4851a1d" relativeResultsDirectory="dd655b8a-d767-4272-aa1f-b070368c1d01" />
    <UnitTestResult executionId="25dbcb0d-14f8-45f2-adb7-de0cba3dd117" testId="07137c60-72b5-88b9-1cfa-4551d1502c86" testName="get_Occurrence_Initialized_ReturnsCorrectObject" computerName="ICSWS068" duration="00:00:00.0043174" startTime="2016-08-04T09:56:47.4681464+02:00" endTime="2016-08-04T09:56:47.4731525+02:00" testType="13cdc9d9-ddb5-4fa4-a97d-d965ccfc6d4b" outcome="Passed" testListId="8c84fa94-04c1-424b-9868-57a2d4851a1d" relativeResultsDirectory="25dbcb0d-14f8-45f2-adb7-de0cba3dd117" />
    <UnitTestResult executionId="e324aeb2-ba04-4ceb-b5b0-3efc25398320" testId="bd4bac5f-7aac-0454-b0b6-ae455463ab69" testName="get_Occurrence_ImplementationThrow_Fails" computerName="ICSWS068" duration="00:00:00.0031333" startTime="2016-08-04T09:56:47.4761721+02:00" endTime="2016-08-04T09:56:47.4806738+02:00" testType="13cdc9d9-ddb5-4fa4-a97d-d965ccfc6d4b" outcome="Passed" testListId="8c84fa94-04c1-424b-9868-57a2d4851a1d" relativeResultsDirectory="e324aeb2-ba04-4ceb-b5b0-3efc25398320" />
    <UnitTestResult executionId="f5e692ed-fd1f-4c91-a5ee-daa6265e70fb" testId="09825529-e1a2-3632-8161-8ea3951dfa5b" testName="get_Occurrence_NotInitialized_Fails" computerName="ICSWS068" duration="00:00:00.0024471" startTime="2016-08-04T09:56:47.4831602+02:00" endTime="2016-08-04T09:56:47.4866792+02:00" testType="13cdc9d9-ddb5-4fa4-a97d-d965ccfc6d4b" outcome="Passed" testListId="8c84fa94-04c1-424b-9868-57a2d4851a1d" relativeResultsDirectory="f5e692ed-fd1f-4c91-a5ee-daa6265e70fb" />
    <UnitTestResult executionId="49c530c2-f158-4906-a654-2e48441c0d3c" testId="0eb26b5f-cde4-cf15-be01-4cfac09f1c39" testName="get_Path_Initialized_ReturnsCorrectObject" computerName="ICSWS068" duration="00:00:00.0045629" startTime="2016-08-04T09:56:47.4891640+02:00" endTime="2016-08-04T09:56:47.4946859+02:00" testType="13cdc9d9-ddb5-4fa4-a97d-d965ccfc6d4b" outcome="Passed" testListId="8c84fa94-04c1-424b-9868-57a2d4851a1d" relativeResultsDirectory="49c530c2-f158-4906-a654-2e48441c0d3c" />
    <UnitTestResult executionId="d2753cb3-c181-42ad-80f6-09cdb264aadc" testId="0758850c-17f0-2c8a-b6e3-f793d9fb1a52" testName="get_Path_ImplementationThrow_Fails" computerName="ICSWS068" duration="00:00:00.0028852" startTime="2016-08-04T09:56:47.4976711+02:00" endTime="2016-08-04T09:56:47.5016737+02:00" testType="13cdc9d9-ddb5-4fa4-a97d-d965ccfc6d4b" outcome="Passed" testListId="8c84fa94-04c1-424b-9868-57a2d4851a1d" relativeResultsDirectory="d2753cb3-c181-42ad-80f6-09cdb264aadc" />
    <UnitTestResult executionId="fec2ea97-0198-40dd-947f-0de488290c90" testId="ff491964-401c-1fe7-1ba4-fdbf6d4d05f0" testName="get_Path_NotInitialized_Fails" computerName="ICSWS068" duration="00:00:00.0024040" startTime="2016-08-04T09:56:47.5043086+02:00" endTime="2016-08-04T09:56:47.5078117+02:00" testType="13cdc9d9-ddb5-4fa4-a97d-d965ccfc6d4b" outcome="Passed" testListId="8c84fa94-04c1-424b-9868-57a2d4851a1d" relativeResultsDirectory="fec2ea97-0198-40dd-947f-0de488290c90" />
    <UnitTestResult executionId="6abf3efa-9c6c-4eac-9fc5-18692a709d37" testId="e2daeaf3-f393-9a67-bc4d-9893469abffd" testName="get_Repetition_Initialized_ReturnsCorrectObject" computerName="ICSWS068" duration="00:00:00.0038585" startTime="2016-08-04T09:56:47.5103290+02:00" endTime="2016-08-04T09:56:47.5156529+02:00" testType="13cdc9d9-ddb5-4fa4-a97d-d965ccfc6d4b" outcome="Passed" testListId="8c84fa94-04c1-424b-9868-57a2d4851a1d" relativeResultsDirectory="6abf3efa-9c6c-4eac-9fc5-18692a709d37" />
    <UnitTestResult executionId="f7afc89d-2093-48ac-aa9a-3fd56f9f10b4" testId="93af1661-1cc8-3d68-649f-ac8352abf37a" testName="get_Repetition_ImplementationThrow_Fails" computerName="ICSWS068" duration="00:00:00.0028767" startTime="2016-08-04T09:56:47.5176383+02:00" endTime="2016-08-04T09:56:47.5216429+02:00" testType="13cdc9d9-ddb5-4fa4-a97d-d965ccfc6d4b" outcome="Passed" testListId="8c84fa94-04c1-424b-9868-57a2d4851a1d" relativeResultsDirectory="f7afc89d-2093-48ac-aa9a-3fd56f9f10b4" />
    <UnitTestResult executionId="bbbd6278-c772-4050-99ad-01e9776072ff" testId="b0e5092b-eaff-7135-fce5-1219c7d12790" testName="get_Repetition_NotInitialized_Fails" computerName="ICSWS068" duration="00:00:00.0024670" startTime="2016-08-04T09:56:47.5246481+02:00" endTime="2016-08-04T09:56:47.5286518+02:00" testType="13cdc9d9-ddb5-4fa4-a97d-d965ccfc6d4b" outcome="Passed" testListId="8c84fa94-04c1-424b-9868-57a2d4851a1d" relativeResultsDirectory="bbbd6278-c772-4050-99ad-01e9776072ff" />
    <UnitTestResult executionId="74491e44-113b-44f7-aefb-802dc30227c6" testId="a2fea1b6-2a16-5d6c-d911-d6d753d1003b" testName="set_SchemaValidate_NotInitialized_Fails" computerName="ICSWS068" duration="00:00:00.0034922" startTime="2016-08-04T09:56:47.5311515+02:00" endTime="2016-08-04T09:56:47.5356558+02:00" testType="13cdc9d9-ddb5-4fa4-a97d-d965ccfc6d4b" outcome="Passed" testListId="8c84fa94-04c1-424b-9868-57a2d4851a1d" relativeResultsDirectory="74491e44-113b-44f7-aefb-802dc30227c6" />
    <UnitTestResult executionId="517cb4f3-1105-4da8-8d86-4f9b6eb8fbf9" testId="76d4b28f-8533-ebba-c691-530655bd8653" testName="set_SchemaValidate_CorrectValueSentToImplementation" computerName="ICSWS068" duration="00:00:00.0043075" startTime="2016-08-04T09:56:47.5386584+02:00" endTime="2016-08-04T09:56:47.5441627+02:00" testType="13cdc9d9-ddb5-4fa4-a97d-d965ccfc6d4b" outcome="Passed" testListId="8c84fa94-04c1-424b-9868-57a2d4851a1d" relativeResultsDirectory="517cb4f3-1105-4da8-8d86-4f9b6eb8fbf9" />
    <UnitTestResult executionId="399873c7-7591-4117-81ef-75e7f82cc6de" testId="42cd896a-fdf4-0296-0db3-7e853a814fd6" testName="set_SchemaValidate_ImplementationThrow_Fails" computerName="ICSWS068" duration="00:00:00.0030280" startTime="2016-08-04T09:56:47.5466636+02:00" endTime="2016-08-04T09:56:47.5511837+02:00" testType="13cdc9d9-ddb5-4fa4-a97d-d965ccfc6d4b" outcome="Passed" testListId="8c84fa94-04c1-424b-9868-57a2d4851a1d" relativeResultsDirectory="399873c7-7591-4117-81ef-75e7f82cc6de" />
    <UnitTestResult executionId="f547ae6d-2178-45fd-9ecf-e35483a56cda" testId="d8189415-3659-e4ef-215d-3dec92c4218e" testName="get_SchemaValidate_ValueReturnedFromImplementation" computerName="ICSWS068" duration="00:00:00.0034928" startTime="2016-08-04T09:56:47.5536681+02:00" endTime="2016-08-04T09:56:47.5581713+02:00" testType="13cdc9d9-ddb5-4fa4-a97d-d965ccfc6d4b" outcome="Passed" testListId="8c84fa94-04c1-424b-9868-57a2d4851a1d" relativeResultsDirectory="f547ae6d-2178-45fd-9ecf-e35483a56cda" />
    <UnitTestResult executionId="39627670-6204-41be-afb4-256635e0c1dc" testId="7f8185d0-50b2-f7fc-07be-9124fedf067e" testName="get_SchemaValidate_NotInitialized_Fails" computerName="ICSWS068" duration="00:00:00.0024662" startTime="2016-08-04T09:56:47.5611733+02:00" endTime="2016-08-04T09:56:47.5646964+02:00" testType="13cdc9d9-ddb5-4fa4-a97d-d965ccfc6d4b" outcome="Passed" testListId="8c84fa94-04c1-424b-9868-57a2d4851a1d" relativeResultsDirectory="39627670-6204-41be-afb4-256635e0c1dc" />
    <UnitTestResult executionId="18957afc-1078-486c-8454-2f8cd8b69f65" testId="c857cdb8-6ed0-a5cc-bc84-95634125cf07" testName="get_SchemaValidate_ImplementationThrow_Fails" computerName="ICSWS068" duration="00:00:00.0032890" startTime="2016-08-04T09:56:47.5671826+02:00" endTime="2016-08-04T09:56:47.5716863+02:00" testType="13cdc9d9-ddb5-4fa4-a97d-d965ccfc6d4b" outcome="Passed" testListId="8c84fa94-04c1-424b-9868-57a2d4851a1d" relativeResultsDirectory="18957afc-1078-486c-8454-2f8cd8b69f65" />
    <UnitTestResult executionId="6ace0a3c-545c-43d9-8beb-68645420d601" testId="949c4391-62db-2a28-7ebd-4e6e544663eb" testName="set_UpdateElementValue_CorrectValueSentToImplementation" computerName="ICSWS068" duration="00:00:00.0037978" startTime="2016-08-04T09:56:47.5739256+02:00" endTime="2016-08-04T09:56:47.5794296+02:00" testType="13cdc9d9-ddb5-4fa4-a97d-d965ccfc6d4b" outcome="Passed" testListId="8c84fa94-04c1-424b-9868-57a2d4851a1d" relativeResultsDirectory="6ace0a3c-545c-43d9-8beb-68645420d601" />
    <UnitTestResult executionId="f6815f79-866e-41cf-beb0-7dda0ecaa9b1" testId="9382cbec-1b01-fc76-52fe-13db3925facf" testName="set_UpdateElementValue_NotInitialized_Fails" computerName="ICSWS068" duration="00:00:00.0044479" startTime="2016-08-04T09:56:47.5814468+02:00" endTime="2016-08-04T09:56:47.5874186+02:00" testType="13cdc9d9-ddb5-4fa4-a97d-d965ccfc6d4b" outcome="Passed" testListId="8c84fa94-04c1-424b-9868-57a2d4851a1d" relativeResultsDirectory="f6815f79-866e-41cf-beb0-7dda0ecaa9b1" />
    <UnitTestResult executionId="8ccbe607-41bd-45f1-bc08-fd3ce8dc3296" testId="7c7bf76b-9a7b-704e-844d-66c2ce787e1a" testName="set_UpdateElementValue_ImplementationThrow_Fails" computerName="ICSWS068" duration="00:00:00.0031427" startTime="2016-08-04T09:56:47.5904194+02:00" endTime="2016-08-04T09:56:47.5949572+02:00" testType="13cdc9d9-ddb5-4fa4-a97d-d965ccfc6d4b" outcome="Passed" testListId="8c84fa94-04c1-424b-9868-57a2d4851a1d" relativeResultsDirectory="8ccbe607-41bd-45f1-bc08-fd3ce8dc3296" />
    <UnitTestResult executionId="5824252c-a55b-4961-8c7b-0b8482b65b61" testId="d3343ef0-750f-2669-efc8-fb2200afa8c0" testName="get_UpdateElementValue_ValueReturnedFromImplementation" computerName="ICSWS068" duration="00:00:00.0036078" startTime="2016-08-04T09:56:47.5994536+02:00" endTime="2016-08-04T09:56:47.6044620+02:00" testType="13cdc9d9-ddb5-4fa4-a97d-d965ccfc6d4b" outcome="Passed" testListId="8c84fa94-04c1-424b-9868-57a2d4851a1d" relativeResultsDirectory="5824252c-a55b-4961-8c7b-0b8482b65b61" />
    <UnitTestResult executionId="984ece3f-e5fe-4a38-b47c-6ad3d8ad3f9b" testId="0c3d9dd4-02ed-2941-4d8c-f62509e11f52" testName="get_UpdateElementValue_NotInitialized_Fails" computerName="ICSWS068" duration="00:00:00.0025764" startTime="2016-08-04T09:56:47.6069625+02:00" endTime="2016-08-04T09:56:47.6104666+02:00" testType="13cdc9d9-ddb5-4fa4-a97d-d965ccfc6d4b" outcome="Passed" testListId="8c84fa94-04c1-424b-9868-57a2d4851a1d" relativeResultsDirectory="984ece3f-e5fe-4a38-b47c-6ad3d8ad3f9b" />
    <UnitTestResult executionId="027f216c-9f5b-4ad0-9335-3133b92a1489" testId="9eac6a73-c246-efef-359e-f0ae230f5183" testName="get_UpdateElementValue_ImplementationThrow_Fails" computerName="ICSWS068" duration="00:00:00.0029782" startTime="2016-08-04T09:56:47.6134868+02:00" endTime="2016-08-04T09:56:47.6180069+02:00" testType="13cdc9d9-ddb5-4fa4-a97d-d965ccfc6d4b" outcome="Passed" testListId="8c84fa94-04c1-424b-9868-57a2d4851a1d" relativeResultsDirectory="027f216c-9f5b-4ad0-9335-3133b92a1489" />
    <UnitTestResult executionId="96cc7c67-9b32-4cd8-9fee-0eb09e88964d" testId="b5a9c9c5-42d6-a34a-00f5-87cb455bc2ad" testName="get_LastErrorCode_NotInitialized_Fails" computerName="ICSWS068" duration="00:00:00.0023324" startTime="2016-08-04T09:56:47.6204931+02:00" endTime="2016-08-04T09:56:47.6239983+02:00" testType="13cdc9d9-ddb5-4fa4-a97d-d965ccfc6d4b" outcome="Passed" testListId="8c84fa94-04c1-424b-9868-57a2d4851a1d" relativeResultsDirectory="96cc7c67-9b32-4cd8-9fee-0eb09e88964d" />
    <UnitTestResult executionId="9f9cfc57-6b93-4c0c-bbbc-da6b57ab43b5" testId="ab3d0a4d-a7ea-5c8b-ab1e-2fbca4818a58" testName="get_LastErrorCode_ParseMethodSucceded_ReturnsS_OK" computerName="ICSWS068" duration="00:00:00.0042274" startTime="2016-08-04T09:56:47.6265173+02:00" endTime="2016-08-04T09:56:47.6320055+02:00" testType="13cdc9d9-ddb5-4fa4-a97d-d965ccfc6d4b" outcome="Passed" testListId="8c84fa94-04c1-424b-9868-57a2d4851a1d" relativeResultsDirectory="9f9cfc57-6b93-4c0c-bbbc-da6b57ab43b5" />
    <UnitTestResult executionId="34c516a1-36cc-4cbb-bfba-ca8435003929" testId="2abe22be-0b18-772f-238a-b2eb6a26103d" testName="get_LastErrorCode_ParseMethodFails_ReturnsSameErrorAsParseDid" computerName="ICSWS068" duration="00:00:00.0042125" startTime="2016-08-04T09:56:47.6342656+02:00" endTime="2016-08-04T09:56:47.6397696+02:00" testType="13cdc9d9-ddb5-4fa4-a97d-d965ccfc6d4b" outcome="Passed" testListId="8c84fa94-04c1-424b-9868-57a2d4851a1d" relativeResultsDirectory="34c516a1-36cc-4cbb-bfba-ca8435003929" />
    <UnitTestResult executionId="09bd2259-ea3f-4def-ae88-33ed22a15198" testId="d421ad9c-544f-97d1-ccb0-e26efbe1dd9d" testName="get_LastErrorText_NotInitialized_Fails" computerName="ICSWS068" duration="00:00:00.0024096" startTime="2016-08-04T09:56:47.6427716+02:00" endTime="2016-08-04T09:56:47.6467809+02:00" testType="13cdc9d9-ddb5-4fa4-a97d-d965ccfc6d4b" outcome="Passed" testListId="8c84fa94-04c1-424b-9868-57a2d4851a1d" relativeResultsDirectory="09bd2259-ea3f-4def-ae88-33ed22a15198" />
    <UnitTestResult executionId="b029cffd-eaec-4bca-b657-875aa02ac344" testId="86ad32c8-50a5-79c4-fa5e-e104a82983e4" testName="get_LastErrorText_ParseMethodSucceded_ReturnsEmptyString" computerName="ICSWS068" duration="00:00:00.0039019" startTime="2016-08-04T09:56:47.6492765+02:00" endTime="2016-08-04T09:56:47.6542814+02:00" testType="13cdc9d9-ddb5-4fa4-a97d-d965ccfc6d4b" outcome="Passed" testListId="8c84fa94-04c1-424b-9868-57a2d4851a1d" relativeResultsDirectory="b029cffd-eaec-4bca-b657-875aa02ac344" />
    <UnitTestResult executionId="7aec1885-522a-4dfb-a01b-bfeb2808dfc5" testId="d468c2f6-3db7-1ce2-5d20-0a08df473a05" testName="get_LastErrorText_ParseMethodFails_ReturnsErrorText" computerName="ICSWS068" duration="00:00:00.0045550" startTime="2016-08-04T09:56:47.6567816+02:00" endTime="2016-08-04T09:56:47.6629675+02:00" testType="13cdc9d9-ddb5-4fa4-a97d-d965ccfc6d4b" outcome="Passed" testListId="8c84fa94-04c1-424b-9868-57a2d4851a1d" relativeResultsDirectory="7aec1885-522a-4dfb-a01b-bfeb2808dfc5" />
    <UnitTestResult executionId="b5e6b8d3-2e5c-4ab9-819b-0562169635ad" testId="d671fca5-dae0-9174-49e9-7fefbff5833e" testName="ManagedXmlNodeCollectionObject_DefaultCtorTest" computerName="ICSWS068" duration="00:00:00.0469249" startTime="2016-08-04T09:56:47.6659545+02:00" endTime="2016-08-04T09:56:47.7139557+02:00" testType="13cdc9d9-ddb5-4fa4-a97d-d965ccfc6d4b" outcome="Passed" testListId="8c84fa94-04c1-424b-9868-57a2d4851a1d" relativeResultsDirectory="b5e6b8d3-2e5c-4ab9-819b-0562169635ad" />
    <UnitTestResult executionId="10e7faf3-87f1-4a91-b1e7-60aae0461655" testId="6601d608-c317-f3fa-506a-5d29665693e8" testName="get_Count_UsesRuntime_Success" computerName="ICSWS068" duration="00:00:00.0018421" startTime="2016-08-04T09:56:47.7164575+02:00" endTime="2016-08-04T09:56:47.7194439+02:00" testType="13cdc9d9-ddb5-4fa4-a97d-d965ccfc6d4b" outcome="Passed" testListId="8c84fa94-04c1-424b-9868-57a2d4851a1d" relativeResultsDirectory="10e7faf3-87f1-4a91-b1e7-60aae0461655" />
    <UnitTestResult executionId="b057b7ec-dbde-4d57-96b7-e54875f05399" testId="e6ee0b0a-61b9-9b63-db51-a1d8a4781209" testName="get_Count_RuntimeThrows_ReturnsFailed" computerName="ICSWS068" duration="00:00:00.0015465" startTime="2016-08-04T09:56:47.7214606+02:00" endTime="2016-08-04T09:56:47.7242951+02:00" testType="13cdc9d9-ddb5-4fa4-a97d-d965ccfc6d4b" outcome="Passed" testListId="8c84fa94-04c1-424b-9868-57a2d4851a1d" relativeResultsDirectory="b057b7ec-dbde-4d57-96b7-e54875f05399" />
    <UnitTestResult executionId="314b004a-a3d6-4b01-998c-01635608a071" testId="92badf84-7d1e-88a4-01dd-dbab1ed4f856" testName="get_Count_NotInitialized_Throws" computerName="ICSWS068" duration="00:00:00.0012292" startTime="2016-08-04T09:56:47.7272963+02:00" endTime="2016-08-04T09:56:47.7302989+02:00" testType="13cdc9d9-ddb5-4fa4-a97d-d965ccfc6d4b" outcome="Passed" testListId="8c84fa94-04c1-424b-9868-57a2d4851a1d" relativeResultsDirectory="314b004a-a3d6-4b01-998c-01635608a071" />
    <UnitTestResult executionId="dbd010fe-a06b-40a0-800b-15ae75b1853f" testId="a11d27d8-179c-8808-037a-7fc074b294db" testName="get_Item_UsesRuntime_Success" computerName="ICSWS068" duration="00:00:00.0020996" startTime="2016-08-04T09:56:47.7328056+02:00" endTime="2016-08-04T09:56:47.7358222+02:00" testType="13cdc9d9-ddb5-4fa4-a97d-d965ccfc6d4b" outcome="Passed" testListId="8c84fa94-04c1-424b-9868-57a2d4851a1d" relativeResultsDirectory="dbd010fe-a06b-40a0-800b-15ae75b1853f" />
    <UnitTestResult executionId="63ce70f6-aefe-47cb-beea-e4c47f62f036" testId="4983b516-df56-c78b-bd49-5a8c0e07fafd" testName="get_Item_RuntimeThrows_ReturnsFailed" computerName="ICSWS068" duration="00:00:00.0016266" startTime="2016-08-04T09:56:47.7383093+02:00" endTime="2016-08-04T09:56:47.7408113+02:00" testType="13cdc9d9-ddb5-4fa4-a97d-d965ccfc6d4b" outcome="Passed" testListId="8c84fa94-04c1-424b-9868-57a2d4851a1d" relativeResultsDirectory="63ce70f6-aefe-47cb-beea-e4c47f62f036" />
    <UnitTestResult executionId="2156f81a-d383-4c7d-9e82-61b720fd8462" testId="a2dfc829-a3db-3459-1a75-4163200019ab" testName="get_Item_NotInitialized_Throws" computerName="ICSWS068" duration="00:00:00.0010175" startTime="2016-08-04T09:56:47.7443124+02:00" endTime="2016-08-04T09:56:47.7468285+02:00" testType="13cdc9d9-ddb5-4fa4-a97d-d965ccfc6d4b" outcome="Passed" testListId="8c84fa94-04c1-424b-9868-57a2d4851a1d" relativeResultsDirectory="2156f81a-d383-4c7d-9e82-61b720fd8462" />
    <UnitTestResult executionId="b6ee72cb-e2d2-446d-a9cb-500d0c738620" testId="21cf2960-b537-a422-87e3-0b89733c257c" testName="GetNode_UsesRuntime_Success" computerName="ICSWS068" duration="00:00:00.0033767" startTime="2016-08-04T09:56:47.7488170+02:00" endTime="2016-08-04T09:56:47.7533205+02:00" testType="13cdc9d9-ddb5-4fa4-a97d-d965ccfc6d4b" outcome="Passed" testListId="8c84fa94-04c1-424b-9868-57a2d4851a1d" relativeResultsDirectory="b6ee72cb-e2d2-446d-a9cb-500d0c738620" />
    <UnitTestResult executionId="a144cc00-587f-4ff1-b65c-427857f5d3aa" testId="5af22e28-afba-074d-1a80-8f63d1c33ed7" testName="GetNode_RuntimeThrows_ReturnsFailed" computerName="ICSWS068" duration="00:00:00.0016125" startTime="2016-08-04T09:56:47.7558207+02:00" endTime="2016-08-04T09:56:47.7583224+02:00" testType="13cdc9d9-ddb5-4fa4-a97d-d965ccfc6d4b" outcome="Passed" testListId="8c84fa94-04c1-424b-9868-57a2d4851a1d" relativeResultsDirectory="a144cc00-587f-4ff1-b65c-427857f5d3aa" />
    <UnitTestResult executionId="236f3ee4-bbe8-41bf-b1a7-535f43b6158f" testId="c96d9e43-cb3a-3a9b-a65e-c6b282c0fd14" testName="GetNode_RuntimeReturnsNull_ReturnsFailed" computerName="ICSWS068" duration="00:00:00.0012064" startTime="2016-08-04T09:56:47.7613247+02:00" endTime="2016-08-04T09:56:47.7638625+02:00" testType="13cdc9d9-ddb5-4fa4-a97d-d965ccfc6d4b" outcome="Passed" testListId="8c84fa94-04c1-424b-9868-57a2d4851a1d" relativeResultsDirectory="236f3ee4-bbe8-41bf-b1a7-535f43b6158f" />
    <UnitTestResult executionId="d7ac02a9-d794-493d-864d-ce6ef1375338" testId="91e6abe0-593e-1558-29b5-19b362396e6b" testName="GetNode_NotInitialized_Throws" computerName="ICSWS068" duration="00:00:00.0009571" startTime="2016-08-04T09:56:47.7663484+02:00" endTime="2016-08-04T09:56:47.7683648+02:00" testType="13cdc9d9-ddb5-4fa4-a97d-d965ccfc6d4b" outcome="Passed" testListId="8c84fa94-04c1-424b-9868-57a2d4851a1d" relativeResultsDirectory="d7ac02a9-d794-493d-864d-ce6ef1375338" />
    <UnitTestResult executionId="c644a50c-4c74-4dd3-a0ca-6c442acaaa8f" testId="6f313218-1203-ea9d-c1be-0129c845ede5" testName="BooleanProperties_Uses_Runtime" computerName="ICSWS068" duration="00:00:00.0069074" startTime="2016-08-04T09:56:47.7703671+02:00" endTime="2016-08-04T09:56:47.7788620+02:00" testType="13cdc9d9-ddb5-4fa4-a97d-d965ccfc6d4b" outcome="Passed" testListId="8c84fa94-04c1-424b-9868-57a2d4851a1d" relativeResultsDirectory="c644a50c-4c74-4dd3-a0ca-6c442acaaa8f" />
    <UnitTestResult executionId="cb771de7-e1ae-41b7-add1-b12851c196ad" testId="d8f0b8f6-420a-fdb5-8983-cf4c4ca505da" testName="StringProperties_Uses_Runtime" computerName="ICSWS068" duration="00:00:00.0108847" startTime="2016-08-04T09:56:47.7818634+02:00" endTime="2016-08-04T09:56:47.7937426+02:00" testType="13cdc9d9-ddb5-4fa4-a97d-d965ccfc6d4b" outcome="Passed" testListId="8c84fa94-04c1-424b-9868-57a2d4851a1d" relativeResultsDirectory="cb771de7-e1ae-41b7-add1-b12851c196ad" />
    <UnitTestResult executionId="eb95171d-5384-4a99-85de-bf6b6f732bff" testId="3e2694be-2264-2d83-1331-4a32c9022d12" testName="NodeProperties_Uses_Runtime" computerName="ICSWS068" duration="00:00:00.0073441" startTime="2016-08-04T09:56:47.7967297+02:00" endTime="2016-08-04T09:56:47.8052342+02:00" testType="13cdc9d9-ddb5-4fa4-a97d-d965ccfc6d4b" outcome="Passed" testListId="8c84fa94-04c1-424b-9868-57a2d4851a1d" relativeResultsDirectory="eb95171d-5384-4a99-85de-bf6b6f732bff" />
    <UnitTestResult executionId="4aca5f8f-7b54-41c2-877b-6cabd2b10baa" testId="58ca5d7b-0a45-beb7-f7fa-af88081b047c" testName="get_Attributes_UsesRuntime" computerName="ICSWS068" duration="00:00:00.0029427" startTime="2016-08-04T09:56:47.8077362+02:00" endTime="2016-08-04T09:56:47.8122406+02:00" testType="13cdc9d9-ddb5-4fa4-a97d-d965ccfc6d4b" outcome="Passed" testListId="8c84fa94-04c1-424b-9868-57a2d4851a1d" relativeResultsDirectory="4aca5f8f-7b54-41c2-877b-6cabd2b10baa" />
    <UnitTestResult executionId="947ec8ae-1687-49cb-beb7-2fc4ffa8f1e7" testId="a6684501-550e-f779-5d30-eed2db00c517" testName="get_Type_UsesRuntime" computerName="ICSWS068" duration="00:00:00.0127650" startTime="2016-08-04T09:56:47.8147608+02:00" endTime="2016-08-04T09:56:47.8287670+02:00" testType="13cdc9d9-ddb5-4fa4-a97d-d965ccfc6d4b" outcome="Passed" testListId="8c84fa94-04c1-424b-9868-57a2d4851a1d" relativeResultsDirectory="947ec8ae-1687-49cb-beb7-2fc4ffa8f1e7" />
    <UnitTestResult executionId="64de8f27-7a09-4506-9f01-17b54422ebd6" testId="e5abfd40-d1ed-d50f-2b23-6cad134cc24b" testName="GetAttribute_AttributeNotFound_ReturnsNull" computerName="ICSWS068" duration="00:00:00.0013946" startTime="2016-08-04T09:56:47.8312702+02:00" endTime="2016-08-04T09:56:47.8342898+02:00" testType="13cdc9d9-ddb5-4fa4-a97d-d965ccfc6d4b" outcome="Passed" testListId="8c84fa94-04c1-424b-9868-57a2d4851a1d" relativeResultsDirectory="64de8f27-7a09-4506-9f01-17b54422ebd6" />
    <UnitTestResult executionId="9c6461ff-6bc0-493f-adc6-1b5e5747e095" testId="4d22feb2-2da3-8d37-e617-fd8dc0c3b953" testName="Comment_NotInitialized_ReturnsFailed" computerName="ICSWS068" duration="00:00:00.0731795" startTime="2016-08-04T09:56:47.8362759+02:00" endTime="2016-08-04T09:56:47.9108509+02:00" testType="13cdc9d9-ddb5-4fa4-a97d-d965ccfc6d4b" outcome="Passed" testListId="8c84fa94-04c1-424b-9868-57a2d4851a1d" relativeResultsDirectory="9c6461ff-6bc0-493f-adc6-1b5e5747e095" />
    <UnitTestResult executionId="af0b276a-eb60-46c5-a67f-ca6a90128f23" testId="ee183ebb-ad25-3d55-67a7-55134e46d3d1" testName="set_ByteOrderMark_RecreatesEncoding" computerName="ICSWS068" duration="00:00:00.0034864" startTime="2016-08-04T09:56:47.9137632+02:00" endTime="2016-08-04T09:56:47.9182678+02:00" testType="13cdc9d9-ddb5-4fa4-a97d-d965ccfc6d4b" outcome="Passed" testListId="8c84fa94-04c1-424b-9868-57a2d4851a1d" relativeResultsDirectory="af0b276a-eb60-46c5-a67f-ca6a90128f23" />
    <UnitTestResult executionId="50d70539-e8ed-4474-b136-784389320a42" testId="b2307e47-af32-4afd-7b1c-3553232a6858" testName="get_DisableOutputEscaping_UsesRuntime" computerName="ICSWS068" duration="00:00:00.0017398" startTime="2016-08-04T09:56:47.9212686+02:00" endTime="2016-08-04T09:56:47.9242744+02:00" testType="13cdc9d9-ddb5-4fa4-a97d-d965ccfc6d4b" outcome="Passed" testListId="8c84fa94-04c1-424b-9868-57a2d4851a1d" relativeResultsDirectory="50d70539-e8ed-4474-b136-784389320a42" />
    <UnitTestResult executionId="207afeac-3fa5-46b0-a28e-3f3254f10761" testId="67d179bf-bcc5-7807-aacd-d86d5510fb0f" testName="get_DisableOutputEscaping_RuntimeThrows_ReturnsFailed" computerName="ICSWS068" duration="00:00:00.0007592" startTime="2016-08-04T09:56:47.9267759+02:00" endTime="2016-08-04T09:56:47.9287937+02:00" testType="13cdc9d9-ddb5-4fa4-a97d-d965ccfc6d4b" outcome="Passed" testListId="8c84fa94-04c1-424b-9868-57a2d4851a1d" relativeResultsDirectory="207afeac-3fa5-46b0-a28e-3f3254f10761" />
    <UnitTestResult executionId="04bcdb60-acba-441b-8c20-b57ab7ba3abc" testId="219ca91d-89ee-549c-c444-35531717c0bd" testName="get_DisableOutputEscaping_NotInitialized_ReturnsFailed" computerName="ICSWS068" duration="00:00:00.0003184" startTime="2016-08-04T09:56:47.9312787+02:00" endTime="2016-08-04T09:56:47.9327851+02:00" testType="13cdc9d9-ddb5-4fa4-a97d-d965ccfc6d4b" outcome="Passed" testListId="8c84fa94-04c1-424b-9868-57a2d4851a1d" relativeResultsDirectory="04bcdb60-acba-441b-8c20-b57ab7ba3abc" />
    <UnitTestResult executionId="d376eaf3-2502-40c9-a1d7-d676a1794dc1" testId="dc413f0f-2b99-75b0-c42c-fe39d5815b51" testName="set_DisableOutputEscaping_UsesRuntime_Success" computerName="ICSWS068" duration="00:00:00.0007037" startTime="2016-08-04T09:56:47.9352869+02:00" endTime="2016-08-04T09:56:47.9368059+02:00" testType="13cdc9d9-ddb5-4fa4-a97d-d965ccfc6d4b" outcome="Passed" testListId="8c84fa94-04c1-424b-9868-57a2d4851a1d" relativeResultsDirectory="d376eaf3-2502-40c9-a1d7-d676a1794dc1" />
    <UnitTestResult executionId="4616dbb1-f9a7-4dac-9458-2e4a01e2228c" testId="2c167ac9-36c0-99e8-233e-b43cac68c3c7" testName="set_DisableOutputEscaping_RuntimeThrows_ReturnsFailed" computerName="ICSWS068" duration="00:00:00.0007905" startTime="2016-08-04T09:56:47.9392883+02:00" endTime="2016-08-04T09:56:47.9412903+02:00" testType="13cdc9d9-ddb5-4fa4-a97d-d965ccfc6d4b" outcome="Passed" testListId="8c84fa94-04c1-424b-9868-57a2d4851a1d" relativeResultsDirectory="4616dbb1-f9a7-4dac-9458-2e4a01e2228c" />
    <UnitTestResult executionId="e5041706-6372-46be-8cc6-0080080a8b70" testId="c195041e-8e10-4812-f294-acb49104bce4" testName="set_DisableOutputEscaping_NotInitialized_ReturnsFailed" computerName="ICSWS068" duration="00:00:00.0003284" startTime="2016-08-04T09:56:47.9442920+02:00" endTime="2016-08-04T09:56:47.9458087+02:00" testType="13cdc9d9-ddb5-4fa4-a97d-d965ccfc6d4b" outcome="Passed" testListId="8c84fa94-04c1-424b-9868-57a2d4851a1d" relativeResultsDirectory="e5041706-6372-46be-8cc6-0080080a8b70" />
    <UnitTestResult executionId="1e962f00-da6f-47ad-b334-6f074fafa922" testId="6018d66b-bfd8-b7a0-9e5b-1d4398de6182" testName="set_Encoding_UsesRuntime" computerName="ICSWS068" duration="00:00:00.0010771" startTime="2016-08-04T09:56:47.9482949+02:00" endTime="2016-08-04T09:56:47.9503130+02:00" testType="13cdc9d9-ddb5-4fa4-a97d-d965ccfc6d4b" outcome="Passed" testListId="8c84fa94-04c1-424b-9868-57a2d4851a1d" relativeResultsDirectory="1e962f00-da6f-47ad-b334-6f074fafa922" />
    <UnitTestResult executionId="e2d78386-e196-4301-bf58-4071bf6c68d4" testId="80a11e93-8458-9372-14a5-9a9357aaa17b" testName="set_Encoding_RuntimeThrows_ReturnsFailed" computerName="ICSWS068" duration="00:00:00.0006949" startTime="2016-08-04T09:56:47.9528153+02:00" endTime="2016-08-04T09:56:47.9548153+02:00" testType="13cdc9d9-ddb5-4fa4-a97d-d965ccfc6d4b" outcome="Passed" testListId="8c84fa94-04c1-424b-9868-57a2d4851a1d" relativeResultsDirectory="e2d78386-e196-4301-bf58-4071bf6c68d4" />
    <UnitTestResult executionId="4b5f962b-00c8-44a9-810c-82e506f58eff" testId="a015da5b-d974-19c2-6f76-b71bf8446557" testName="set_Encoding_NotInitialized_ReturnsFailed" computerName="ICSWS068" duration="00:00:00.0003184" startTime="2016-08-04T09:56:47.9568179+02:00" endTime="2016-08-04T09:56:47.9583020+02:00" testType="13cdc9d9-ddb5-4fa4-a97d-d965ccfc6d4b" outcome="Passed" testListId="8c84fa94-04c1-424b-9868-57a2d4851a1d" relativeResultsDirectory="4b5f962b-00c8-44a9-810c-82e506f58eff" />
    <UnitTestResult executionId="55a11157-67d7-4f96-849a-b53561a36fd6" testId="f76414fe-9d70-54c9-b6f9-8f54215e9022" testName="get_Indent_UsesRuntime" computerName="ICSWS068" duration="00:00:00.0011386" startTime="2016-08-04T09:56:47.9608037+02:00" endTime="2016-08-04T09:56:47.9633274+02:00" testType="13cdc9d9-ddb5-4fa4-a97d-d965ccfc6d4b" outcome="Passed" testListId="8c84fa94-04c1-424b-9868-57a2d4851a1d" relativeResultsDirectory="55a11157-67d7-4f96-849a-b53561a36fd6" />
    <UnitTestResult executionId="6b354c2d-f429-4d2d-93ea-e0ad9a97bcbc" testId="c27e602f-669f-e5e8-6d5c-70f2256edc71" testName="get_Indent_RuntimeThrows_ReturnsFailed" computerName="ICSWS068" duration="00:00:00.0005914" startTime="2016-08-04T09:56:47.9658303+02:00" endTime="2016-08-04T09:56:47.9678159+02:00" testType="13cdc9d9-ddb5-4fa4-a97d-d965ccfc6d4b" outcome="Passed" testListId="8c84fa94-04c1-424b-9868-57a2d4851a1d" relativeResultsDirectory="6b354c2d-f429-4d2d-93ea-e0ad9a97bcbc" />
    <UnitTestResult executionId="5af0cc9f-d104-4cc8-959f-09cc55b20351" testId="57fb6706-0917-a850-db93-753905cee64b" testName="get_Indent_NotInitialized_ReturnsFailed" computerName="ICSWS068" duration="00:00:00.0002909" startTime="2016-08-04T09:56:47.9703176+02:00" endTime="2016-08-04T09:56:47.9718191+02:00" testType="13cdc9d9-ddb5-4fa4-a97d-d965ccfc6d4b" outcome="Passed" testListId="8c84fa94-04c1-424b-9868-57a2d4851a1d" relativeResultsDirectory="5af0cc9f-d104-4cc8-959f-09cc55b20351" />
    <UnitTestResult executionId="58dc1b0b-e77b-4018-ae31-4e45858d7b23" testId="a485d791-ee7d-9d6f-c9b8-7465d1f59c86" testName="set_Indent_UsesRuntime_Success" computerName="ICSWS068" duration="00:00:00.0007266" startTime="2016-08-04T09:56:47.9743240+02:00" endTime="2016-08-04T09:56:47.9758246+02:00" testType="13cdc9d9-ddb5-4fa4-a97d-d965ccfc6d4b" outcome="Passed" testListId="8c84fa94-04c1-424b-9868-57a2d4851a1d" relativeResultsDirectory="58dc1b0b-e77b-4018-ae31-4e45858d7b23" />
    <UnitTestResult executionId="71cfb60d-c69f-46f2-b7a4-6d80c1ec16b4" testId="517566a9-b5f5-25c4-c9c3-527e3a7ee027" testName="set_Indent_RuntimeThrows_ReturnsFailed" computerName="ICSWS068" duration="00:00:00.0007944" startTime="2016-08-04T09:56:47.9788284+02:00" endTime="2016-08-04T09:56:47.9808439+02:00" testType="13cdc9d9-ddb5-4fa4-a97d-d965ccfc6d4b" outcome="Passed" testListId="8c84fa94-04c1-424b-9868-57a2d4851a1d" relativeResultsDirectory="71cfb60d-c69f-46f2-b7a4-6d80c1ec16b4" />
    <UnitTestResult executionId="56322356-4f44-442c-b2a2-2d0f77536b6e" testId="9f482a83-8170-01d5-ac11-0ceac25d960d" testName="set_Indent_NotInitialized_ReturnsFailed" computerName="ICSWS068" duration="00:00:00.0002944" startTime="2016-08-04T09:56:47.9833646+02:00" endTime="2016-08-04T09:56:47.9848488+02:00" testType="13cdc9d9-ddb5-4fa4-a97d-d965ccfc6d4b" outcome="Passed" testListId="8c84fa94-04c1-424b-9868-57a2d4851a1d" relativeResultsDirectory="56322356-4f44-442c-b2a2-2d0f77536b6e" />
    <UnitTestResult executionId="232629b0-e994-48b4-9880-3614dd51cd4b" testId="e4c144dd-6487-a9ad-e92c-90fc7d39babf" testName="get_OmitXMLDeclaration_UsesRuntime" computerName="ICSWS068" duration="00:00:00.0010612" startTime="2016-08-04T09:56:47.9873517+02:00" endTime="2016-08-04T09:56:47.9893678+02:00" testType="13cdc9d9-ddb5-4fa4-a97d-d965ccfc6d4b" outcome="Passed" testListId="8c84fa94-04c1-424b-9868-57a2d4851a1d" relativeResultsDirectory="232629b0-e994-48b4-9880-3614dd51cd4b" />
    <UnitTestResult executionId="a0bbecb5-cc7b-4114-9504-fec5e2011143" testId="4d9eb73e-9c1b-603c-d232-cb9d0493c485" testName="get_OmitXMLDeclaration_RuntimeThrows_ReturnsFailed" computerName="ICSWS068" duration="00:00:00.0006445" startTime="2016-08-04T09:56:47.9918542+02:00" endTime="2016-08-04T09:56:47.9936598+02:00" testType="13cdc9d9-ddb5-4fa4-a97d-d965ccfc6d4b" outcome="Passed" testListId="8c84fa94-04c1-424b-9868-57a2d4851a1d" relativeResultsDirectory="a0bbecb5-cc7b-4114-9504-fec5e2011143" />
    <UnitTestResult executionId="9ce5bd58-8850-49bf-9caa-6e5a223a8b1e" testId="b2c30a7f-5508-2a27-c649-072bcc89b995" testName="get_OmitXMLDeclaration_NotInitialized_ReturnsFailed" computerName="ICSWS068" duration="00:00:00.0002979" startTime="2016-08-04T09:56:47.9961612+02:00" endTime="2016-08-04T09:56:47.9976626+02:00" testType="13cdc9d9-ddb5-4fa4-a97d-d965ccfc6d4b" outcome="Passed" testListId="8c84fa94-04c1-424b-9868-57a2d4851a1d" relativeResultsDirectory="9ce5bd58-8850-49bf-9caa-6e5a223a8b1e" />
    <UnitTestResult executionId="611deb2e-1464-4dc6-bdba-64ad94fa01f8" testId="0bb704ad-f03b-fd07-c4b5-e04eb79dcdce" testName="set_OmitXMLDeclaration_UsesRuntime_Success" computerName="ICSWS068" duration="00:00:00.0007316" startTime="2016-08-04T09:56:48.0001649+02:00" endTime="2016-08-04T09:56:48.0021646+02:00" testType="13cdc9d9-ddb5-4fa4-a97d-d965ccfc6d4b" outcome="Passed" testListId="8c84fa94-04c1-424b-9868-57a2d4851a1d" relativeResultsDirectory="611deb2e-1464-4dc6-bdba-64ad94fa01f8" />
    <UnitTestResult executionId="a8c50c52-9687-481b-b32e-e5dc4161e442" testId="94ed4a44-04d6-bbec-d3d7-6f66607a3193" testName="set_OmitXMLDeclaration_RuntimeThrows_ReturnsFailed" computerName="ICSWS068" duration="00:00:00.0006779" startTime="2016-08-04T09:56:48.0041842+02:00" endTime="2016-08-04T09:56:48.0061860+02:00" testType="13cdc9d9-ddb5-4fa4-a97d-d965ccfc6d4b" outcome="Passed" testListId="8c84fa94-04c1-424b-9868-57a2d4851a1d" relativeResultsDirectory="a8c50c52-9687-481b-b32e-e5dc4161e442" />
    <UnitTestResult executionId="89f05b15-896a-47a7-8ffc-fadbff24a7bb" testId="4a7aa68c-6bf2-0283-dcf0-0e7488c92173" testName="set_OmitXMLDeclaration_NotInitialized_ReturnsFailed" computerName="ICSWS068" duration="00:00:00.0003231" startTime="2016-08-04T09:56:48.0086692+02:00" endTime="2016-08-04T09:56:48.0101894+02:00" testType="13cdc9d9-ddb5-4fa4-a97d-d965ccfc6d4b" outcome="Passed" testListId="8c84fa94-04c1-424b-9868-57a2d4851a1d" relativeResultsDirectory="89f05b15-896a-47a7-8ffc-fadbff24a7bb" />
    <UnitTestResult executionId="58ddeb4b-0d17-40a0-9968-6db8827bf187" testId="d1a98af5-07e9-ab84-7a12-6ddc11c19bb6" testName="get_OutputURL_UsesRuntime" computerName="ICSWS068" duration="00:00:00.0019471" startTime="2016-08-04T09:56:48.0126753+02:00" endTime="2016-08-04T09:56:48.0156943+02:00" testType="13cdc9d9-ddb5-4fa4-a97d-d965ccfc6d4b" outcome="Passed" testListId="8c84fa94-04c1-424b-9868-57a2d4851a1d" relativeResultsDirectory="58ddeb4b-0d17-40a0-9968-6db8827bf187" />
    <UnitTestResult executionId="928bb596-18b3-4250-9efc-8ea751b3b7d9" testId="be082790-bab5-4156-40ad-bea6a0257c85" testName="get_OutputURL_RuntimeThrows_ReturnsFailed" computerName="ICSWS068" duration="00:00:00.0009750" startTime="2016-08-04T09:56:48.0181981+02:00" endTime="2016-08-04T09:56:48.0201816+02:00" testType="13cdc9d9-ddb5-4fa4-a97d-d965ccfc6d4b" outcome="Passed" testListId="8c84fa94-04c1-424b-9868-57a2d4851a1d" relativeResultsDirectory="928bb596-18b3-4250-9efc-8ea751b3b7d9" />
    <UnitTestResult executionId="9302eb90-5356-4a55-952e-40bd2ee5c938" testId="674b6115-6a65-cb7b-bcf7-6c1bdbf85a1d" testName="get_OutputURL_NotInitialized_ReturnsFailed" computerName="ICSWS068" duration="00:00:00.0003794" startTime="2016-08-04T09:56:48.0231874+02:00" endTime="2016-08-04T09:56:48.0246880+02:00" testType="13cdc9d9-ddb5-4fa4-a97d-d965ccfc6d4b" outcome="Passed" testListId="8c84fa94-04c1-424b-9868-57a2d4851a1d" relativeResultsDirectory="9302eb90-5356-4a55-952e-40bd2ee5c938" />
    <UnitTestResult executionId="e515bbe2-7b07-466c-b5f6-962d7d4e048f" testId="19728a88-fcd8-7bf5-7388-d9aff018b3f5" testName="set_OutputURL_UsesRuntime" computerName="ICSWS068" duration="00:00:00.0004178" startTime="2016-08-04T09:56:48.0276906+02:00" endTime="2016-08-04T09:56:48.0292087+02:00" testType="13cdc9d9-ddb5-4fa4-a97d-d965ccfc6d4b" outcome="Passed" testListId="8c84fa94-04c1-424b-9868-57a2d4851a1d" relativeResultsDirectory="e515bbe2-7b07-466c-b5f6-962d7d4e048f" />
    <UnitTestResult executionId="968971c7-b6b4-491a-b73e-0982516448d8" testId="96f07317-6961-2998-bafc-6f1caa868f50" testName="set_OutputURL_RuntimeThrows_ReturnsFailed" computerName="ICSWS068" duration="00:00:00.0007650" startTime="2016-08-04T09:56:48.0316929+02:00" endTime="2016-08-04T09:56:48.0341635+02:00" testType="13cdc9d9-ddb5-4fa4-a97d-d965ccfc6d4b" outcome="Passed" testListId="8c84fa94-04c1-424b-9868-57a2d4851a1d" relativeResultsDirectory="968971c7-b6b4-491a-b73e-0982516448d8" />
    <UnitTestResult executionId="0e7ef1b4-9a07-4d10-8650-05128cfd6979" testId="8c750c53-a4cf-534f-19b4-a32602b31a3d" testName="set_OutputURL_NotInitialized_ReturnsFailed" computerName="ICSWS068" duration="00:00:00.0002917" startTime="2016-08-04T09:56:48.0364564+02:00" endTime="2016-08-04T09:56:48.0379397+02:00" testType="13cdc9d9-ddb5-4fa4-a97d-d965ccfc6d4b" outcome="Passed" testListId="8c84fa94-04c1-424b-9868-57a2d4851a1d" relativeResultsDirectory="0e7ef1b4-9a07-4d10-8650-05128cfd6979" />
    <UnitTestResult executionId="9b8bdc00-dc22-409d-ab4e-00a88666f20f" testId="2ae5f7ca-ba08-5286-2437-d0718619cd33" testName="set_OutputURL_EncodingUpdated" computerName="ICSWS068" duration="00:00:00.0008298" startTime="2016-08-04T09:56:48.0404417+02:00" endTime="2016-08-04T09:56:48.0434454+02:00" testType="13cdc9d9-ddb5-4fa4-a97d-d965ccfc6d4b" outcome="Passed" testListId="8c84fa94-04c1-424b-9868-57a2d4851a1d" relativeResultsDirectory="9b8bdc00-dc22-409d-ab4e-00a88666f20f" />
    <UnitTestResult executionId="77e32fce-bf9b-4c24-b73d-dd9d172f0666" testId="0423b905-d134-2fc5-b7b8-b5255da0de7e" testName="get_OutputXMLDocument_UsesRuntime" computerName="ICSWS068" duration="00:00:00.0011507" startTime="2016-08-04T09:56:48.0459621+02:00" endTime="2016-08-04T09:56:48.0484632+02:00" testType="13cdc9d9-ddb5-4fa4-a97d-d965ccfc6d4b" outcome="Passed" testListId="8c84fa94-04c1-424b-9868-57a2d4851a1d" relativeResultsDirectory="77e32fce-bf9b-4c24-b73d-dd9d172f0666" />
    <UnitTestResult executionId="77847c00-367f-42ef-9447-6112bf9394a2" testId="7fda607e-53ef-0724-a4cb-e651afdf246d" testName="get_OutputXMLDocument_RuntimeThrows_ReturnsFailed" computerName="ICSWS068" duration="00:00:00.0007510" startTime="2016-08-04T09:56:48.0504647+02:00" endTime="2016-08-04T09:56:48.0524514+02:00" testType="13cdc9d9-ddb5-4fa4-a97d-d965ccfc6d4b" outcome="Passed" testListId="8c84fa94-04c1-424b-9868-57a2d4851a1d" relativeResultsDirectory="77847c00-367f-42ef-9447-6112bf9394a2" />
    <UnitTestResult executionId="92a6f278-6aee-4ba8-9a6a-a417fa470aa8" testId="9dde7f85-2b99-ffc5-6c29-0bb4067accba" testName="get_OutputXMLDocument_NotInitialized_ReturnsFailed" computerName="ICSWS068" duration="00:00:00.0002823" startTime="2016-08-04T09:56:48.0544517+02:00" endTime="2016-08-04T09:56:48.0559528+02:00" testType="13cdc9d9-ddb5-4fa4-a97d-d965ccfc6d4b" outcome="Passed" testListId="8c84fa94-04c1-424b-9868-57a2d4851a1d" relativeResultsDirectory="92a6f278-6aee-4ba8-9a6a-a417fa470aa8" />
    <UnitTestResult executionId="08fdb613-f4af-4d46-8fdd-7ba12609d7b1" testId="b0ec78db-253a-b268-4b7f-a2626b89db41" testName="set_OutputXMLDocument_UsesRuntime" computerName="ICSWS068" duration="00:00:00.0016096" startTime="2016-08-04T09:56:48.0584540+02:00" endTime="2016-08-04T09:56:48.0614595+02:00" testType="13cdc9d9-ddb5-4fa4-a97d-d965ccfc6d4b" outcome="Passed" testListId="8c84fa94-04c1-424b-9868-57a2d4851a1d" relativeResultsDirectory="08fdb613-f4af-4d46-8fdd-7ba12609d7b1" />
    <UnitTestResult executionId="bc8bd7b8-1703-4a05-b9dd-e29ea9e5e531" testId="d441e939-8b14-c5c6-1dec-6c281022a188" testName="set_OutputXMLDocument_RuntimeThrows_ReturnsFailed" computerName="ICSWS068" duration="00:00:00.0010955" startTime="2016-08-04T09:56:48.0639630+02:00" endTime="2016-08-04T09:56:48.0664656+02:00" testType="13cdc9d9-ddb5-4fa4-a97d-d965ccfc6d4b" outcome="Passed" testListId="8c84fa94-04c1-424b-9868-57a2d4851a1d" relativeResultsDirectory="bc8bd7b8-1703-4a05-b9dd-e29ea9e5e531" />
    <UnitTestResult executionId="2243377a-c868-48f3-b707-b0c001844574" testId="fc319fb6-a150-7faa-bbab-19c9b1d01729" testName="set_OutputXMLDocument_NotInitialized_ReturnsFailed" computerName="ICSWS068" duration="00:00:00.0007257" startTime="2016-08-04T09:56:48.0684834+02:00" endTime="2016-08-04T09:56:48.0704684+02:00" testType="13cdc9d9-ddb5-4fa4-a97d-d965ccfc6d4b" outcome="Passed" testListId="8c84fa94-04c1-424b-9868-57a2d4851a1d" relativeResultsDirectory="2243377a-c868-48f3-b707-b0c001844574" />
    <UnitTestResult executionId="f049e3be-524d-4c7b-8247-66da28206454" testId="ac786274-6f8e-e942-6412-1090f25e14dc" testName="get_OutputAsXMLString_UsesRuntime" computerName="ICSWS068" duration="00:00:00.0008419" startTime="2016-08-04T09:56:48.0729875+02:00" endTime="2016-08-04T09:56:48.0749898+02:00" testType="13cdc9d9-ddb5-4fa4-a97d-d965ccfc6d4b" outcome="Passed" testListId="8c84fa94-04c1-424b-9868-57a2d4851a1d" relativeResultsDirectory="f049e3be-524d-4c7b-8247-66da28206454" />
    <UnitTestResult executionId="c6938008-d18e-481b-b0cd-1f38b132b0da" testId="1b89f976-3b38-6fab-8162-f78a8d173e6d" testName="get_OutputAsXMLString_RuntimeThrows_ReturnsFailed" computerName="ICSWS068" duration="00:00:00.0007158" startTime="2016-08-04T09:56:48.0775064+02:00" endTime="2016-08-04T09:56:48.0800090+02:00" testType="13cdc9d9-ddb5-4fa4-a97d-d965ccfc6d4b" outcome="Passed" testListId="8c84fa94-04c1-424b-9868-57a2d4851a1d" relativeResultsDirectory="c6938008-d18e-481b-b0cd-1f38b132b0da" />
    <UnitTestResult executionId="be919edb-b17c-4fb2-964d-3a375398ea5f" testId="a06332a1-3657-5658-9686-580d0012c9e0" testName="get_OutputAsXMLString_NotInitialized_ReturnsFailed" computerName="ICSWS068" duration="00:00:00.0002991" startTime="2016-08-04T09:56:48.0824984+02:00" endTime="2016-08-04T09:56:48.0840163+02:00" testType="13cdc9d9-ddb5-4fa4-a97d-d965ccfc6d4b" outcome="Passed" testListId="8c84fa94-04c1-424b-9868-57a2d4851a1d" relativeResultsDirectory="be919edb-b17c-4fb2-964d-3a375398ea5f" />
    <UnitTestResult executionId="ebc42978-7932-4b03-96f3-f07d104ce663" testId="f19f58eb-41b6-0df8-1016-7b08afa67227" testName="get_OutputType_UsesRuntime_Success" computerName="ICSWS068" duration="00:00:00.0030107" startTime="2016-08-04T09:56:48.0860174+02:00" endTime="2016-08-04T09:56:48.0905039+02:00" testType="13cdc9d9-ddb5-4fa4-a97d-d965ccfc6d4b" outcome="Passed" testListId="8c84fa94-04c1-424b-9868-57a2d4851a1d" relativeResultsDirectory="ebc42978-7932-4b03-96f3-f07d104ce663" />
    <UnitTestResult executionId="5a6edb84-8fc4-4b17-9f4e-5ddd567eb6b1" testId="f74c1c50-4c08-0ce2-1164-f1129c08a575" testName="get_OutputType_RuntimeThrows_ReturnsFailed" computerName="ICSWS068" duration="00:00:00.0018366" startTime="2016-08-04T09:56:48.0935059+02:00" endTime="2016-08-04T09:56:48.0965082+02:00" testType="13cdc9d9-ddb5-4fa4-a97d-d965ccfc6d4b" outcome="Passed" testListId="8c84fa94-04c1-424b-9868-57a2d4851a1d" relativeResultsDirectory="5a6edb84-8fc4-4b17-9f4e-5ddd567eb6b1" />
    <UnitTestResult executionId="37e3b94d-e3b1-4456-953c-ae4451e963e4" testId="7f18c47d-9760-9891-3608-895d8555f71b" testName="get_OutputType_NotInitialized_ReturnsFailed" computerName="ICSWS068" duration="00:00:00.0004199" startTime="2016-08-04T09:56:48.0990096+02:00" endTime="2016-08-04T09:56:48.1010113+02:00" testType="13cdc9d9-ddb5-4fa4-a97d-d965ccfc6d4b" outcome="Passed" testListId="8c84fa94-04c1-424b-9868-57a2d4851a1d" relativeResultsDirectory="37e3b94d-e3b1-4456-953c-ae4451e963e4" />
    <UnitTestResult executionId="84febbe2-707d-4f0b-9136-073343a73450" testId="b52d2e12-9995-5506-6553-660624d57ae8" testName="get_Standalone_UsesRuntime" computerName="ICSWS068" duration="00:00:00.0011231" startTime="2016-08-04T09:56:48.1040130+02:00" endTime="2016-08-04T09:56:48.1065162+02:00" testType="13cdc9d9-ddb5-4fa4-a97d-d965ccfc6d4b" outcome="Passed" testListId="8c84fa94-04c1-424b-9868-57a2d4851a1d" relativeResultsDirectory="84febbe2-707d-4f0b-9136-073343a73450" />
    <UnitTestResult executionId="a31afafb-fb81-4597-ba6e-87bf4b52c1f4" testId="48551c9e-c714-b84f-1568-a421a8b379b5" testName="get_Standalone_RuntimeThrows_ReturnsFailed" computerName="ICSWS068" duration="00:00:00.0006645" startTime="2016-08-04T09:56:48.1095179+02:00" endTime="2016-08-04T09:56:48.1115199+02:00" testType="13cdc9d9-ddb5-4fa4-a97d-d965ccfc6d4b" outcome="Passed" testListId="8c84fa94-04c1-424b-9868-57a2d4851a1d" relativeResultsDirectory="a31afafb-fb81-4597-ba6e-87bf4b52c1f4" />
    <UnitTestResult executionId="735f70b7-51ee-4066-b9a5-d0e6ca188b54" testId="ea5e3fd9-03bc-7bfc-450f-b3b6e68006b7" testName="get_Standalone_NotInitialized_ReturnsFailed" computerName="ICSWS068" duration="00:00:00.0003366" startTime="2016-08-04T09:56:48.1139038+02:00" endTime="2016-08-04T09:56:48.1159216+02:00" testType="13cdc9d9-ddb5-4fa4-a97d-d965ccfc6d4b" outcome="Passed" testListId="8c84fa94-04c1-424b-9868-57a2d4851a1d" relativeResultsDirectory="735f70b7-51ee-4066-b9a5-d0e6ca188b54" />
    <UnitTestResult executionId="ad404a18-f58a-45b7-9a4f-24572539616b" testId="c2e31407-0c8d-f1c1-4229-d6177f8de516" testName="set_Standalone_UsesRuntime_Success" computerName="ICSWS068" duration="00:00:00.0007169" startTime="2016-08-04T09:56:48.1184063+02:00" endTime="2016-08-04T09:56:48.1204259+02:00" testType="13cdc9d9-ddb5-4fa4-a97d-d965ccfc6d4b" outcome="Passed" testListId="8c84fa94-04c1-424b-9868-57a2d4851a1d" relativeResultsDirectory="ad404a18-f58a-45b7-9a4f-24572539616b" />
    <UnitTestResult executionId="b1efda9c-b70e-4546-aeeb-0f3f52136b94" testId="94fa3c93-90d9-5c50-c8fd-7808334c8621" testName="set_Standalone_RuntimeThrows_ReturnsFailed" computerName="ICSWS068" duration="00:00:00.0008425" startTime="2016-08-04T09:56:48.1226570+02:00" endTime="2016-08-04T09:56:48.1251605+02:00" testType="13cdc9d9-ddb5-4fa4-a97d-d965ccfc6d4b" outcome="Passed" testListId="8c84fa94-04c1-424b-9868-57a2d4851a1d" relativeResultsDirectory="b1efda9c-b70e-4546-aeeb-0f3f52136b94" />
    <UnitTestResult executionId="867effa2-6d6b-47bd-ad8f-d4198bf5ff08" testId="53a7b2d4-cf67-51ef-b462-31222d96ed60" testName="set_Standalone_NotInitialized_ReturnsFailed" computerName="ICSWS068" duration="00:00:00.0003187" startTime="2016-08-04T09:56:48.1286633+02:00" endTime="2016-08-04T09:56:48.1301812+02:00" testType="13cdc9d9-ddb5-4fa4-a97d-d965ccfc6d4b" outcome="Passed" testListId="8c84fa94-04c1-424b-9868-57a2d4851a1d" relativeResultsDirectory="867effa2-6d6b-47bd-ad8f-d4198bf5ff08" />
    <UnitTestResult executionId="c58e0c26-0450-46bf-81e3-a21cc986fd29" testId="09c47faa-64a5-e971-fbbb-548df93a5667" testName="get_BufferSize_UsesRuntime" computerName="ICSWS068" duration="00:00:00.0011941" startTime="2016-08-04T09:56:48.1326668+02:00" endTime="2016-08-04T09:56:48.1351706+02:00" testType="13cdc9d9-ddb5-4fa4-a97d-d965ccfc6d4b" outcome="Passed" testListId="8c84fa94-04c1-424b-9868-57a2d4851a1d" relativeResultsDirectory="c58e0c26-0450-46bf-81e3-a21cc986fd29" />
    <UnitTestResult executionId="fe0d2080-00c1-490f-8ab1-a0b9fd28b2e3" testId="f26bf92c-9de2-aa3d-f562-bd4235f7acea" testName="get_BufferSize_RuntimeThrows_ReturnsFailed" computerName="ICSWS068" duration="00:00:00.0007923" startTime="2016-08-04T09:56:48.1371723+02:00" endTime="2016-08-04T09:56:48.1396740+02:00" testType="13cdc9d9-ddb5-4fa4-a97d-d965ccfc6d4b" outcome="Passed" testListId="8c84fa94-04c1-424b-9868-57a2d4851a1d" relativeResultsDirectory="fe0d2080-00c1-490f-8ab1-a0b9fd28b2e3" />
    <UnitTestResult executionId="ed7710e6-694b-4b9a-a21d-c840f1b8e634" testId="81644067-f530-ab42-7005-b14bc8375918" testName="get_BufferSize_NotInitialized_ReturnsFailed" computerName="ICSWS068" duration="00:00:00.0003325" startTime="2016-08-04T09:56:48.1426760+02:00" endTime="2016-08-04T09:56:48.1446771+02:00" testType="13cdc9d9-ddb5-4fa4-a97d-d965ccfc6d4b" outcome="Passed" testListId="8c84fa94-04c1-424b-9868-57a2d4851a1d" relativeResultsDirectory="ed7710e6-694b-4b9a-a21d-c840f1b8e634" />
    <UnitTestResult executionId="2843e030-c806-472d-b0b4-cee59fb2c0f9" testId="3c5b86ab-741f-0058-bccd-82b1f6462b67" testName="set_BufferSize_UsesRuntime_Success" computerName="ICSWS068" duration="00:00:00.0007193" startTime="2016-08-04T09:56:48.1471812+02:00" endTime="2016-08-04T09:56:48.1491806+02:00" testType="13cdc9d9-ddb5-4fa4-a97d-d965ccfc6d4b" outcome="Passed" testListId="8c84fa94-04c1-424b-9868-57a2d4851a1d" relativeResultsDirectory="2843e030-c806-472d-b0b4-cee59fb2c0f9" />
    <UnitTestResult executionId="91cd009f-7f3f-469d-93fb-a1994cb25b39" testId="7c074d1d-343c-68b5-5974-5fb5c3006ccb" testName="set_BufferSize_RuntimeThrows_ReturnsFailed" computerName="ICSWS068" duration="00:00:00.0007794" startTime="2016-08-04T09:56:48.1516826+02:00" endTime="2016-08-04T09:56:48.1536852+02:00" testType="13cdc9d9-ddb5-4fa4-a97d-d965ccfc6d4b" outcome="Passed" testListId="8c84fa94-04c1-424b-9868-57a2d4851a1d" relativeResultsDirectory="91cd009f-7f3f-469d-93fb-a1994cb25b39" />
    <UnitTestResult executionId="2f45f99a-63c8-4625-b7ff-c7cec73604bb" testId="26e2210d-8647-3f4b-c390-b433a09bc7e2" testName="set_BufferSize_NotInitialized_ReturnsFailed" computerName="ICSWS068" duration="00:00:00.0002985" startTime="2016-08-04T09:56:48.1561875+02:00" endTime="2016-08-04T09:56:48.1576866+02:00" testType="13cdc9d9-ddb5-4fa4-a97d-d965ccfc6d4b" outcome="Passed" testListId="8c84fa94-04c1-424b-9868-57a2d4851a1d" relativeResultsDirectory="2f45f99a-63c8-4625-b7ff-c7cec73604bb" />
    <UnitTestResult executionId="2fee27dd-6984-467e-83cd-7bfb07f13646" testId="0395e281-f1d9-ccff-71de-42006772839d" testName="StartDocument_UsesRuntime_Success" computerName="ICSWS068" duration="00:00:00.0009020" startTime="2016-08-04T09:56:48.1601895+02:00" endTime="2016-08-04T09:56:48.1628789+02:00" testType="13cdc9d9-ddb5-4fa4-a97d-d965ccfc6d4b" outcome="Passed" testListId="8c84fa94-04c1-424b-9868-57a2d4851a1d" relativeResultsDirectory="2fee27dd-6984-467e-83cd-7bfb07f13646" />
    <UnitTestResult executionId="51d87b9e-f019-4848-abc1-e330e0a03367" testId="95e5e137-5602-c624-05ac-4c6b588068d6" testName="StartDocument_RuntimeThrows_ReturnsFailed" computerName="ICSWS068" duration="00:00:00.0008222" startTime="2016-08-04T09:56:48.1653824+02:00" endTime="2016-08-04T09:56:48.1673996+02:00" testType="13cdc9d9-ddb5-4fa4-a97d-d965ccfc6d4b" outcome="Passed" testListId="8c84fa94-04c1-424b-9868-57a2d4851a1d" relativeResultsDirectory="51d87b9e-f019-4848-abc1-e330e0a03367" />
    <UnitTestResult executionId="3d3dcabe-d5ad-4883-9da5-b2dbcc8962a4" testId="c250343c-7534-1120-c8d0-c2fe2a8fb573" testName="StartDocument_NotInitialized_ReturnsFailed" computerName="ICSWS068" duration="00:00:00.0003017" startTime="2016-08-04T09:56:48.1698855+02:00" endTime="2016-08-04T09:56:48.1713881+02:00" testType="13cdc9d9-ddb5-4fa4-a97d-d965ccfc6d4b" outcome="Passed" testListId="8c84fa94-04c1-424b-9868-57a2d4851a1d" relativeResultsDirectory="3d3dcabe-d5ad-4883-9da5-b2dbcc8962a4" />
    <UnitTestResult executionId="7007d47f-7202-4954-b9c1-c65dd96b9662" testId="736d38f6-3f8b-0390-46d7-30267796d4d4" testName="EndDocument_UsesRuntime_Success" computerName="ICSWS068" duration="00:00:00.0008301" startTime="2016-08-04T09:56:48.1737819+02:00" endTime="2016-08-04T09:56:48.1762839+02:00" testType="13cdc9d9-ddb5-4fa4-a97d-d965ccfc6d4b" outcome="Passed" testListId="8c84fa94-04c1-424b-9868-57a2d4851a1d" relativeResultsDirectory="7007d47f-7202-4954-b9c1-c65dd96b9662" />
    <UnitTestResult executionId="34939c46-2e67-44ca-a302-03024dedfbc5" testId="3694a434-03d3-b2de-5be2-6996b75dd55e" testName="EndDocument_RuntimeThrows_ReturnsFailed" computerName="ICSWS068" duration="00:00:00.0011527" startTime="2016-08-04T09:56:48.1792871+02:00" endTime="2016-08-04T09:56:48.1817897+02:00" testType="13cdc9d9-ddb5-4fa4-a97d-d965ccfc6d4b" outcome="Passed" testListId="8c84fa94-04c1-424b-9868-57a2d4851a1d" relativeResultsDirectory="34939c46-2e67-44ca-a302-03024dedfbc5" />
    <UnitTestResult executionId="408836dd-cbfc-485c-aba8-9abb10297dd1" testId="6a4959da-62cb-9a79-1f01-654157aa864e" testName="EndDocument_NotInitialized_ReturnsFailed" computerName="ICSWS068" duration="00:00:00.0003290" startTime="2016-08-04T09:56:48.1854559+02:00" endTime="2016-08-04T09:56:48.1869717+02:00" testType="13cdc9d9-ddb5-4fa4-a97d-d965ccfc6d4b" outcome="Passed" testListId="8c84fa94-04c1-424b-9868-57a2d4851a1d" relativeResultsDirectory="408836dd-cbfc-485c-aba8-9abb10297dd1" />
    <UnitTestResult executionId="3200bfc8-4cd8-4120-8844-48275ce3f8c1" testId="24a3abf4-bb49-e16f-df91-437ab93bff57" testName="ProcessingInstruction_UsesRuntime_Success" computerName="ICSWS068" duration="00:00:00.0021058" startTime="2016-08-04T09:56:48.1899582+02:00" endTime="2016-08-04T09:56:48.1934602+02:00" testType="13cdc9d9-ddb5-4fa4-a97d-d965ccfc6d4b" outcome="Passed" testListId="8c84fa94-04c1-424b-9868-57a2d4851a1d" relativeResultsDirectory="3200bfc8-4cd8-4120-8844-48275ce3f8c1" />
    <UnitTestResult executionId="8784a969-97d1-4ead-a7ff-dafc4763b304" testId="19a7a607-c308-6e25-4d23-257ec9438e13" testName="ProcessingInstruction_RuntimeThrows_ReturnsFailed" computerName="ICSWS068" duration="00:00:00.0012638" startTime="2016-08-04T09:56:48.1959622+02:00" endTime="2016-08-04T09:56:48.1989809+02:00" testType="13cdc9d9-ddb5-4fa4-a97d-d965ccfc6d4b" outcome="Passed" testListId="8c84fa94-04c1-424b-9868-57a2d4851a1d" relativeResultsDirectory="8784a969-97d1-4ead-a7ff-dafc4763b304" />
    <UnitTestResult executionId="6673e2d6-4f53-4260-a1cc-b854b02d05a8" testId="4b25095a-5f7c-6dab-b35d-2be679e6eae8" testName="ProcessingInstruction_NotInitialized_ReturnsFailed" computerName="ICSWS068" duration="00:00:00.0003454" startTime="2016-08-04T09:56:48.2014823+02:00" endTime="2016-08-04T09:56:48.2034712+02:00" testType="13cdc9d9-ddb5-4fa4-a97d-d965ccfc6d4b" outcome="Passed" testListId="8c84fa94-04c1-424b-9868-57a2d4851a1d" relativeResultsDirectory="6673e2d6-4f53-4260-a1cc-b854b02d05a8" />
    <UnitTestResult executionId="8b41dc8b-7362-44f6-a82d-b786a210d9bc" testId="86b5eb91-6222-4049-a5b9-26b935914a04" testName="StartElement_UsesRuntime_Success" computerName="ICSWS068" duration="00:00:00.0592918" startTime="2016-08-04T09:56:48.2059743+02:00" endTime="2016-08-04T09:56:48.2671223+02:00" testType="13cdc9d9-ddb5-4fa4-a97d-d965ccfc6d4b" outcome="Passed" testListId="8c84fa94-04c1-424b-9868-57a2d4851a1d" relativeResultsDirectory="8b41dc8b-7362-44f6-a82d-b786a210d9bc" />
    <UnitTestResult executionId="8ba9db22-ece6-4afd-961e-c9dcc1b70082" testId="35ad70de-8c74-fbda-0bc8-1c8c2fccca2e" testName="StartElement_RuntimeThrows_ReturnsFailed" computerName="ICSWS068" duration="00:00:00.0020606" startTime="2016-08-04T09:56:48.2696099+02:00" endTime="2016-08-04T09:56:48.2726128+02:00" testType="13cdc9d9-ddb5-4fa4-a97d-d965ccfc6d4b" outcome="Passed" testListId="8c84fa94-04c1-424b-9868-57a2d4851a1d" relativeResultsDirectory="8ba9db22-ece6-4afd-961e-c9dcc1b70082" />
    <UnitTestResult executionId="cdc58372-7cc4-4c5b-bf9e-1e8692bb7903" testId="a96ff4c9-2d77-6a81-7366-52696f5423e6" testName="StartElement_NotInitialized_ReturnsFailed" computerName="ICSWS068" duration="00:00:00.0003436" startTime="2016-08-04T09:56:48.2756177+02:00" endTime="2016-08-04T09:56:48.2771186+02:00" testType="13cdc9d9-ddb5-4fa4-a97d-d965ccfc6d4b" outcome="Passed" testListId="8c84fa94-04c1-424b-9868-57a2d4851a1d" relativeResultsDirectory="cdc58372-7cc4-4c5b-bf9e-1e8692bb7903" />
    <UnitTestResult executionId="e6f17dea-a9d4-41e9-b57d-3e77e89dbf10" testId="80fafa1e-4b64-1672-79e5-d2ce5b222461" testName="EndElement_UsesRuntime_Success" computerName="ICSWS068" duration="00:00:00.0007829" startTime="2016-08-04T09:56:48.2801200+02:00" endTime="2016-08-04T09:56:48.2816379+02:00" testType="13cdc9d9-ddb5-4fa4-a97d-d965ccfc6d4b" outcome="Passed" testListId="8c84fa94-04c1-424b-9868-57a2d4851a1d" relativeResultsDirectory="e6f17dea-a9d4-41e9-b57d-3e77e89dbf10" />
    <UnitTestResult executionId="253e35f7-bea2-4223-a2fa-6d19e0c0aa97" testId="16e56a01-dd2a-2778-4851-089c994332df" testName="EndElement_RuntimeThrows_ReturnsFailed" computerName="ICSWS068" duration="00:00:00.0006501" startTime="2016-08-04T09:56:48.2842067+02:00" endTime="2016-08-04T09:56:48.2857079+02:00" testType="13cdc9d9-ddb5-4fa4-a97d-d965ccfc6d4b" outcome="Passed" testListId="8c84fa94-04c1-424b-9868-57a2d4851a1d" relativeResultsDirectory="253e35f7-bea2-4223-a2fa-6d19e0c0aa97" />
    <UnitTestResult executionId="28705eae-7a2b-43f2-93ab-402b1af9a810" testId="d63dc288-d29f-6adb-baba-0c9119f08056" testName="EndElement_NotInitialized_ReturnsFailed" computerName="ICSWS068" duration="00:00:00.0002680" startTime="2016-08-04T09:56:48.2882081+02:00" endTime="2016-08-04T09:56:48.2892257+02:00" testType="13cdc9d9-ddb5-4fa4-a97d-d965ccfc6d4b" outcome="Passed" testListId="8c84fa94-04c1-424b-9868-57a2d4851a1d" relativeResultsDirectory="28705eae-7a2b-43f2-93ab-402b1af9a810" />
    <UnitTestResult executionId="5d7467d9-f8dc-4914-9bd8-2c9f53f66ce4" testId="7f84b494-0a2c-0e16-4576-798832bf3b80" testName="AddPrefixMapping_UsesRuntime_Success" computerName="ICSWS068" duration="00:00:00.0016888" startTime="2016-08-04T09:56:48.2922136+02:00" endTime="2016-08-04T09:56:48.2952177+02:00" testType="13cdc9d9-ddb5-4fa4-a97d-d965ccfc6d4b" outcome="Passed" testListId="8c84fa94-04c1-424b-9868-57a2d4851a1d" relativeResultsDirectory="5d7467d9-f8dc-4914-9bd8-2c9f53f66ce4" />
    <UnitTestResult executionId="2b1ab9ad-5976-4398-bd73-98c66580efa5" testId="ceda9ce3-f4a5-dc9b-2cee-a5a680d338da" testName="AddPrefixMapping_RuntimeThrows_ReturnsFailed" computerName="ICSWS068" duration="00:00:00.0009416" startTime="2016-08-04T09:56:48.2977194+02:00" endTime="2016-08-04T09:56:48.2997367+02:00" testType="13cdc9d9-ddb5-4fa4-a97d-d965ccfc6d4b" outcome="Passed" testListId="8c84fa94-04c1-424b-9868-57a2d4851a1d" relativeResultsDirectory="2b1ab9ad-5976-4398-bd73-98c66580efa5" />
    <UnitTestResult executionId="7d4ae3b4-f710-49cc-88b2-b4031f8e216c" testId="6cd05767-1810-ecb9-5b15-1e76faa5197d" testName="AddPrefixMapping_NotInitialized_ReturnsFailed" computerName="ICSWS068" duration="00:00:00.0003328" startTime="2016-08-04T09:56:48.3012205+02:00" endTime="2016-08-04T09:56:48.3036915+02:00" testType="13cdc9d9-ddb5-4fa4-a97d-d965ccfc6d4b" outcome="Passed" testListId="8c84fa94-04c1-424b-9868-57a2d4851a1d" relativeResultsDirectory="7d4ae3b4-f710-49cc-88b2-b4031f8e216c" />
    <UnitTestResult executionId="95430ac6-e53a-4c7b-b08b-2390659b017f" testId="ecf42ec6-95bc-f6bf-0255-d958f56b54ec" testName="Characters_UsesRuntime_Success" computerName="ICSWS068" duration="00:00:00.0011847" startTime="2016-08-04T09:56:48.3061935+02:00" endTime="2016-08-04T09:56:48.3086955+02:00" testType="13cdc9d9-ddb5-4fa4-a97d-d965ccfc6d4b" outcome="Passed" testListId="8c84fa94-04c1-424b-9868-57a2d4851a1d" relativeResultsDirectory="95430ac6-e53a-4c7b-b08b-2390659b017f" />
    <UnitTestResult executionId="94285301-b3ea-403d-a51b-72cab863217d" testId="c0434fe7-ed65-0802-1690-cced19d49de1" testName="Characters_RuntimeThrows_ReturnsFailed" computerName="ICSWS068" duration="00:00:00.0009442" startTime="2016-08-04T09:56:48.3112136+02:00" endTime="2016-08-04T09:56:48.3136153+02:00" testType="13cdc9d9-ddb5-4fa4-a97d-d965ccfc6d4b" outcome="Passed" testListId="8c84fa94-04c1-424b-9868-57a2d4851a1d" relativeResultsDirectory="94285301-b3ea-403d-a51b-72cab863217d" />
    <UnitTestResult executionId="39404678-443c-418e-aca2-83b026aa150a" testId="9981d6df-29aa-344f-4854-8b0519ba1620" testName="Characters_NotInitialized_ReturnsFailed" computerName="ICSWS068" duration="00:00:00.0003319" startTime="2016-08-04T09:56:48.3161170+02:00" endTime="2016-08-04T09:56:48.3176337+02:00" testType="13cdc9d9-ddb5-4fa4-a97d-d965ccfc6d4b" outcome="Passed" testListId="8c84fa94-04c1-424b-9868-57a2d4851a1d" relativeResultsDirectory="39404678-443c-418e-aca2-83b026aa150a" />
    <UnitTestResult executionId="97e6a5b7-3375-4eb7-8cfc-1f03c49da5b1" testId="4afde5d9-204f-3933-09e2-3a1e5a05a9b1" testName="StartCDATA_UsesRuntime_Success" computerName="ICSWS068" duration="00:00:00.0008216" startTime="2016-08-04T09:56:48.3201205+02:00" endTime="2016-08-04T09:56:48.3221269+02:00" testType="13cdc9d9-ddb5-4fa4-a97d-d965ccfc6d4b" outcome="Passed" testListId="8c84fa94-04c1-424b-9868-57a2d4851a1d" relativeResultsDirectory="97e6a5b7-3375-4eb7-8cfc-1f03c49da5b1" />
    <UnitTestResult executionId="049a20e1-e1c3-46d2-ab08-b18da3022520" testId="d80022b6-5357-31e5-452f-80e7788c599a" testName="StartCDATA_RuntimeThrows_ReturnsFailed" computerName="ICSWS068" duration="00:00:00.0006791" startTime="2016-08-04T09:56:48.3246272+02:00" endTime="2016-08-04T09:56:48.3266456+02:00" testType="13cdc9d9-ddb5-4fa4-a97d-d965ccfc6d4b" outcome="Passed" testListId="8c84fa94-04c1-424b-9868-57a2d4851a1d" relativeResultsDirectory="049a20e1-e1c3-46d2-ab08-b18da3022520" />
    <UnitTestResult executionId="0c14a27c-705b-4b50-ba15-0b65c428dd74" testId="0cf590db-835b-9a01-3291-e424f16ad41a" testName="StartCDATA_NotInitialized_ReturnsFailed" computerName="ICSWS068" duration="00:00:00.0002823" startTime="2016-08-04T09:56:48.3291318+02:00" endTime="2016-08-04T09:56:48.3306461+02:00" testType="13cdc9d9-ddb5-4fa4-a97d-d965ccfc6d4b" outcome="Passed" testListId="8c84fa94-04c1-424b-9868-57a2d4851a1d" relativeResultsDirectory="0c14a27c-705b-4b50-ba15-0b65c428dd74" />
    <UnitTestResult executionId="ede5cc71-15c9-4cbf-93c1-a2a3609fa638" testId="69468e4d-8bb8-7501-009f-1e212b24159a" testName="EndCDATA_UsesRuntime_Success" computerName="ICSWS068" duration="00:00:00.0007521" startTime="2016-08-04T09:56:48.3326332+02:00" endTime="2016-08-04T09:56:48.3346510+02:00" testType="13cdc9d9-ddb5-4fa4-a97d-d965ccfc6d4b" outcome="Passed" testListId="8c84fa94-04c1-424b-9868-57a2d4851a1d" relativeResultsDirectory="ede5cc71-15c9-4cbf-93c1-a2a3609fa638" />
    <UnitTestResult executionId="4ce66d84-13ad-440a-8e77-391c363c8c26" testId="a2b448a3-0f7d-94c0-ccb0-3aa948f71238" testName="EndCDATA_RuntimeThrows_ReturnsFailed" computerName="ICSWS068" duration="00:00:00.0006433" startTime="2016-08-04T09:56:48.3366519+02:00" endTime="2016-08-04T09:56:48.3386545+02:00" testType="13cdc9d9-ddb5-4fa4-a97d-d965ccfc6d4b" outcome="Passed" testListId="8c84fa94-04c1-424b-9868-57a2d4851a1d" relativeResultsDirectory="4ce66d84-13ad-440a-8e77-391c363c8c26" />
    <UnitTestResult executionId="e4e71630-c2ee-4815-bb9a-587d0c95f376" testId="682cd50e-38a5-893b-da98-f98a2e7e526b" testName="EndCDATA_NotInitialized_ReturnsFailed" computerName="ICSWS068" duration="00:00:00.0003325" startTime="2016-08-04T09:56:48.3411395+02:00" endTime="2016-08-04T09:56:48.3426418+02:00" testType="13cdc9d9-ddb5-4fa4-a97d-d965ccfc6d4b" outcome="Passed" testListId="8c84fa94-04c1-424b-9868-57a2d4851a1d" relativeResultsDirectory="e4e71630-c2ee-4815-bb9a-587d0c95f376" />
    <UnitTestResult executionId="f6a52036-9984-4dc3-85bb-bf1405a45fa3" testId="cf46751e-7bcd-eb2e-f4a1-8288f6b1ff94" testName="Comment_UsesRuntime_Success" computerName="ICSWS068" duration="00:00:00.0011046" startTime="2016-08-04T09:56:48.3456429+02:00" endTime="2016-08-04T09:56:48.3476438+02:00" testType="13cdc9d9-ddb5-4fa4-a97d-d965ccfc6d4b" outcome="Passed" testListId="8c84fa94-04c1-424b-9868-57a2d4851a1d" relativeResultsDirectory="f6a52036-9984-4dc3-85bb-bf1405a45fa3" />
    <UnitTestResult executionId="1836e939-6a7d-44a2-8c87-7bd4aa83b2b1" testId="dc7166b3-5ec2-24ec-5ca3-91c38882f122" testName="Comment_RuntimeThrows_ReturnsFailed" computerName="ICSWS068" duration="00:00:00.0009008" startTime="2016-08-04T09:56:48.3501616+02:00" endTime="2016-08-04T09:56:48.3521642+02:00" testType="13cdc9d9-ddb5-4fa4-a97d-d965ccfc6d4b" outcome="Passed" testListId="8c84fa94-04c1-424b-9868-57a2d4851a1d" relativeResultsDirectory="1836e939-6a7d-44a2-8c87-7bd4aa83b2b1" />
    <UnitTestResult executionId="3bf6650e-5807-4814-8719-a7f094ab9957" testId="86b6c48f-be89-a6fa-55a2-b2aa06e90033" testName="set_CompositeElementSeparator_ExceptionThrown_FailedResultReturned" computerName="ICSWS068" duration="00:00:00.0779632" startTime="2016-08-04T09:56:48.3551489+02:00" endTime="2016-08-04T09:56:48.4343353+02:00" testType="13cdc9d9-ddb5-4fa4-a97d-d965ccfc6d4b" outcome="Passed" testListId="8c84fa94-04c1-424b-9868-57a2d4851a1d" relativeResultsDirectory="3bf6650e-5807-4814-8719-a7f094ab9957" />
    <UnitTestResult executionId="11fb8a79-6275-42ea-b033-124e403b1496" testId="556334a9-efa4-ce39-8550-e4982a3e6281" testName="set_DecimalElementSeparator_ExceptionThrown_FailedResultReturned" computerName="ICSWS068" duration="00:00:00.0037283" startTime="2016-08-04T09:56:48.4368370+02:00" endTime="2016-08-04T09:56:48.4418258+02:00" testType="13cdc9d9-ddb5-4fa4-a97d-d965ccfc6d4b" outcome="Passed" testListId="8c84fa94-04c1-424b-9868-57a2d4851a1d" relativeResultsDirectory="11fb8a79-6275-42ea-b033-124e403b1496" />
    <UnitTestResult executionId="4bd5268b-e786-4bf7-a247-45d159747318" testId="1409e8f1-b1b4-c732-a5e9-7d690bb6abcf" testName="set_RecordElementSeparator_ExceptionThrown_FailedResultReturned" computerName="ICSWS068" duration="00:00:00.0028987" startTime="2016-08-04T09:56:48.4448275+02:00" endTime="2016-08-04T09:56:48.4488312+02:00" testType="13cdc9d9-ddb5-4fa4-a97d-d965ccfc6d4b" outcome="Passed" testListId="8c84fa94-04c1-424b-9868-57a2d4851a1d" relativeResultsDirectory="4bd5268b-e786-4bf7-a247-45d159747318" />
    <UnitTestResult executionId="b6ee662d-7de4-4cfb-a42b-ef77377911db" testId="2e69427b-afb5-d204-0832-f1ce7f2daf43" testName="set_RecordSeparator_ExceptionThrown_FailedResultReturned" computerName="ICSWS068" duration="00:00:00.0028606" startTime="2016-08-04T09:56:48.4513329+02:00" endTime="2016-08-04T09:56:48.4553505+02:00" testType="13cdc9d9-ddb5-4fa4-a97d-d965ccfc6d4b" outcome="Passed" testListId="8c84fa94-04c1-424b-9868-57a2d4851a1d" relativeResultsDirectory="b6ee662d-7de4-4cfb-a42b-ef77377911db" />
    <UnitTestResult executionId="eba8a908-1952-4568-885b-3f03e1074512" testId="c860c9fc-eee7-fa47-a0e1-e88ab5d7134a" testName="set_ReleaseCharacter_ExceptionThrown_FailedResultReturned" computerName="ICSWS068" duration="00:00:00.0028776" startTime="2016-08-04T09:56:48.4578387+02:00" endTime="2016-08-04T09:56:48.4618407+02:00" testType="13cdc9d9-ddb5-4fa4-a97d-d965ccfc6d4b" outcome="Passed" testListId="8c84fa94-04c1-424b-9868-57a2d4851a1d" relativeResultsDirectory="eba8a908-1952-4568-885b-3f03e1074512" />
    <UnitTestResult executionId="bf696e3c-2f44-412c-a7ef-afdd799f7806" testId="3727f1b5-d72d-78ed-38fd-0949137d1720" testName="set_StringBeginChar_ExceptionThrown_FailedResultReturned" computerName="ICSWS068" duration="00:00:00.0027987" startTime="2016-08-04T09:56:48.4653453+02:00" endTime="2016-08-04T09:56:48.4693634+02:00" testType="13cdc9d9-ddb5-4fa4-a97d-d965ccfc6d4b" outcome="Passed" testListId="8c84fa94-04c1-424b-9868-57a2d4851a1d" relativeResultsDirectory="bf696e3c-2f44-412c-a7ef-afdd799f7806" />
    <UnitTestResult executionId="d19a0c81-d16d-48f7-b360-e71f8f7c8f54" testId="db1eb3eb-82ed-cf5c-d20f-4c4138ebd851" testName="set_StringEndChar_ExceptionThrown_FailedResultReturned" computerName="ICSWS068" duration="00:00:00.0028729" startTime="2016-08-04T09:56:48.4713663+02:00" endTime="2016-08-04T09:56:48.4757454+02:00" testType="13cdc9d9-ddb5-4fa4-a97d-d965ccfc6d4b" outcome="Passed" testListId="8c84fa94-04c1-424b-9868-57a2d4851a1d" relativeResultsDirectory="d19a0c81-d16d-48f7-b360-e71f8f7c8f54" />
  </Results>
  <TestDefinitions>
    <UnitTest name="DefineCodePage_DefaultCodePage_NoException" storage="f:\etwork\bin\tests\unittests.icore.component.core.dll" id="5d533134-d9a9-f006-6c89-cb98a7ddb123">
      <TestCategory>
        <TestCategoryItem TestCategory="ICoreCodepage" />
      </TestCategory>
      <Execution id="0c96dc69-2315-4ce1-89dc-9d6cf003f4d6" />
      <TestMethod codeBase="F:\ETWork\bin\Tests\UnitTests.iCore.Component.Core.dll" adapterTypeName="Microsoft.VisualStudio.TestTools.TestTypes.Unit.UnitTestAdapter" className="UnitTests.iCore.Component.Core.EFuncCodePageFunctionsTest" name="DefineCodePage_DefaultCodePage_NoException" />
    </UnitTest>
    <UnitTest name="DefineCodePage_WrongCodePageFormat_ThrowsException" storage="f:\etwork\bin\tests\unittests.icore.component.core.dll" id="d3b35e4e-ac0f-7a69-869f-b3131759c000">
      <TestCategory>
        <TestCategoryItem TestCategory="ICoreCodepage" />
      </TestCategory>
      <Execution id="1a3df1e8-7759-4dc7-8eb5-ad135c8ed70e" />
      <TestMethod codeBase="F:\ETWork\bin\Tests\UnitTests.iCore.Component.Core.dll" adapterTypeName="Microsoft.VisualStudio.TestTools.TestTypes.Unit.UnitTestAdapter" className="UnitTests.iCore.Component.Core.EFuncCodePageFunctionsTest" name="DefineCodePage_WrongCodePageFormat_ThrowsException" />
    </UnitTest>
    <UnitTest name="ConvertStringWithCodepage_UnchangedCodePageAndStringIsAllASCIIChars_Success" storage="f:\etwork\bin\tests\unittests.icore.component.core.dll" id="4c0ea50f-d4ed-7a19-1feb-0b1a10968442">
      <TestCategory>
        <TestCategoryItem TestCategory="ICoreCodepage" />
      </TestCategory>
      <Execution id="293b1371-b7e1-4025-aca5-85172cc02ee0" />
      <TestMethod codeBase="F:\ETWork\bin\Tests\UnitTests.iCore.Component.Core.dll" adapterTypeName="Microsoft.VisualStudio.TestTools.TestTypes.Unit.UnitTestAdapter" className="UnitTests.iCore.Component.Core.EFuncCodePageFunctionsTest" name="ConvertStringWithCodepage_UnchangedCodePageAndStringIsAllASCIIChars_Success" />
    </UnitTest>
    <UnitTest name="ConvertStringWithCodepage_ChangeOneCharacterAndStringContainsChangedCharacter_Success" storage="f:\etwork\bin\tests\unittests.icore.component.core.dll" id="30654b51-441d-4580-3edc-4328a5661d3c">
      <TestCategory>
        <TestCategoryItem TestCategory="ICoreCodepage" />
      </TestCategory>
      <Execution id="d762097b-2607-426c-bcb7-81c4505626cc" />
      <TestMethod codeBase="F:\ETWork\bin\Tests\UnitTests.iCore.Component.Core.dll" adapterTypeName="Microsoft.VisualStudio.TestTools.TestTypes.Unit.UnitTestAdapter" className="UnitTests.iCore.Component.Core.EFuncCodePageFunctionsTest" name="ConvertStringWithCodepage_ChangeOneCharacterAndStringContainsChangedCharacter_Success" />
    </UnitTest>
    <UnitTest name="ConvertStringWithCodepage_ChangeOneSpecialCharacterAndStringContainsChangedCharacter_Success" storage="f:\etwork\bin\tests\unittests.icore.component.core.dll" id="8a763212-a2c1-9b80-30a0-ce55951e80b1">
      <TestCategory>
        <TestCategoryItem TestCategory="ICoreCodepage" />
      </TestCategory>
      <Execution id="a3c59cca-8d4a-4b14-bc73-248425d6c269" />
      <TestMethod codeBase="F:\ETWork\bin\Tests\UnitTests.iCore.Component.Core.dll" adapterTypeName="Microsoft.VisualStudio.TestTools.TestTypes.Unit.UnitTestAdapter" className="UnitTests.iCore.Component.Core.EFuncCodePageFunctionsTest" name="ConvertStringWithCodepage_ChangeOneSpecialCharacterAndStringContainsChangedCharacter_Success" />
    </UnitTest>
    <UnitTest name="ConvertStringWithCodepage_ChangeThreeCharacterAndStringContainsTwoChangedCharacter_Success" storage="f:\etwork\bin\tests\unittests.icore.component.core.dll" id="0854737a-2ab0-7146-0d32-9f21f57d21ee">
      <TestCategory>
        <TestCategoryItem TestCategory="ICoreCodepage" />
      </TestCategory>
      <Execution id="fc95cf80-85eb-4334-930a-1732bae7e7f1" />
      <TestMethod codeBase="F:\ETWork\bin\Tests\UnitTests.iCore.Component.Core.dll" adapterTypeName="Microsoft.VisualStudio.TestTools.TestTypes.Unit.UnitTestAdapter" className="UnitTests.iCore.Component.Core.EFuncCodePageFunctionsTest" name="ConvertStringWithCodepage_ChangeThreeCharacterAndStringContainsTwoChangedCharacter_Success" />
    </UnitTest>
    <UnitTest name="ConvertStringWithCodepage_UnchangedCodePageAndStringIsEmpty_Success" storage="f:\etwork\bin\tests\unittests.icore.component.core.dll" id="f0ab0040-0223-ca34-0781-13b3d05fd4af">
      <TestCategory>
        <TestCategoryItem TestCategory="ICoreCodepage" />
      </TestCategory>
      <Execution id="3e3f49c2-6f61-4d79-857c-d68d545bfbe6" />
      <TestMethod codeBase="F:\ETWork\bin\Tests\UnitTests.iCore.Component.Core.dll" adapterTypeName="Microsoft.VisualStudio.TestTools.TestTypes.Unit.UnitTestAdapter" className="UnitTests.iCore.Component.Core.EFuncCodePageFunctionsTest" name="ConvertStringWithCodepage_UnchangedCodePageAndStringIsEmpty_Success" />
    </UnitTest>
    <UnitTest name="ConvertStringWithCodepage_UnchangedCodePageAndStringIsNull_Success" storage="f:\etwork\bin\tests\unittests.icore.component.core.dll" id="cfc3bcea-b6e2-0853-aaab-3b9e9ea5d638">
      <TestCategory>
        <TestCategoryItem TestCategory="ICoreCodepage" />
      </TestCategory>
      <Execution id="697be128-880c-4390-8e3b-ff9537f0a611" />
      <TestMethod codeBase="F:\ETWork\bin\Tests\UnitTests.iCore.Component.Core.dll" adapterTypeName="Microsoft.VisualStudio.TestTools.TestTypes.Unit.UnitTestAdapter" className="UnitTests.iCore.Component.Core.EFuncCodePageFunctionsTest" name="ConvertStringWithCodepage_UnchangedCodePageAndStringIsNull_Success" />
    </UnitTest>
    <UnitTest name="ConvertStringWithCodepage_IgnoreOneCharacterAndStringContainsIgnoredCharacter_Success" storage="f:\etwork\bin\tests\unittests.icore.component.core.dll" id="d3200db2-3c33-199c-b5d5-348e0e34cf69">
      <TestCategory>
        <TestCategoryItem TestCategory="ICoreCodepage" />
      </TestCategory>
      <Execution id="66365bf5-cddc-409b-84bb-6bf4a87cb763" />
      <TestMethod codeBase="F:\ETWork\bin\Tests\UnitTests.iCore.Component.Core.dll" adapterTypeName="Microsoft.VisualStudio.TestTools.TestTypes.Unit.UnitTestAdapter" className="UnitTests.iCore.Component.Core.EFuncCodePageFunctionsTest" name="ConvertStringWithCodepage_IgnoreOneCharacterAndStringContainsIgnoredCharacter_Success" />
    </UnitTest>
    <UnitTest name="ConvertStringWithCodepage_IgnoreThreeCharacterAndStringContainsTwoIgnoredCharacter_Success" storage="f:\etwork\bin\tests\unittests.icore.component.core.dll" id="71677adc-04e9-d2cd-83d0-b41fbf5036d6">
      <TestCategory>
        <TestCategoryItem TestCategory="ICoreCodepage" />
      </TestCategory>
      <Execution id="af9adf4b-048e-4f81-adad-acfed5682ed8" />
      <TestMethod codeBase="F:\ETWork\bin\Tests\UnitTests.iCore.Component.Core.dll" adapterTypeName="Microsoft.VisualStudio.TestTools.TestTypes.Unit.UnitTestAdapter" className="UnitTests.iCore.Component.Core.EFuncCodePageFunctionsTest" name="ConvertStringWithCodepage_IgnoreThreeCharacterAndStringContainsTwoIgnoredCharacter_Success" />
    </UnitTest>
    <UnitTest name="ConvertStringWithCodepage_AllCharacters_Succeeds" storage="f:\etwork\bin\tests\unittests.icore.component.core.dll" id="2d66abbc-0ace-dad4-b671-b02bc018c005">
      <Execution id="05afb9f0-5120-4359-b61d-86abe11decdb" />
      <TestMethod codeBase="F:\ETWork\bin\Tests\UnitTests.iCore.Component.Core.dll" adapterTypeName="Microsoft.VisualStudio.TestTools.TestTypes.Unit.UnitTestAdapter" className="UnitTests.iCore.Component.Core.EFuncCodePageFunctionsTest" name="ConvertStringWithCodepage_AllCharacters_Succeeds" />
    </UnitTest>
    <UnitTest name="ConvertStringWithCodepage_StringContainsNonAnsiCharacters_CharactersAreStripped" storage="f:\etwork\bin\tests\unittests.icore.component.core.dll" id="d9b46791-161b-c12e-b981-d6d93762ea10">
      <TestCategory>
        <TestCategoryItem TestCategory="ICoreCodepage" />
      </TestCategory>
      <Execution id="fc7ad1a3-c081-4eae-b757-87aa76aff2de" />
      <TestMethod codeBase="F:\ETWork\bin\Tests\UnitTests.iCore.Component.Core.dll" adapterTypeName="Microsoft.VisualStudio.TestTools.TestTypes.Unit.UnitTestAdapter" className="UnitTests.iCore.Component.Core.EFuncCodePageFunctionsTest" name="ConvertStringWithCodepage_StringContainsNonAnsiCharacters_CharactersAreStripped" />
    </UnitTest>
    <UnitTest name="ConvertStringWithCodepage_CodepageNotDefined_ReturnsInvalidOperationError" storage="f:\etwork\bin\tests\unittests.icore.component.core.dll" id="77fd4a66-76ff-04ad-30e4-b8637f543120">
      <TestCategory>
        <TestCategoryItem TestCategory="ICoreCodepage" />
      </TestCategory>
      <Execution id="bd8e7b23-27c0-454c-8240-ce0ae6d64a91" />
      <TestMethod codeBase="F:\ETWork\bin\Tests\UnitTests.iCore.Component.Core.dll" adapterTypeName="Microsoft.VisualStudio.TestTools.TestTypes.Unit.UnitTestAdapter" className="UnitTests.iCore.Component.Core.EFuncCodePageFunctionsTest" name="ConvertStringWithCodepage_CodepageNotDefined_ReturnsInvalidOperationError" />
    </UnitTest>
    <UnitTest name="Init_ProvideValidInputs_SOKReturned" storage="f:\etwork\bin\tests\unittests.icore.component.core.dll" id="75b9f89d-c622-9a9f-8c43-454442dc4515">
      <Execution id="92cf958b-e52d-43d7-a15e-29e3585e9ba2" />
      <TestMethod codeBase="F:\ETWork\bin\Tests\UnitTests.iCore.Component.Core.dll" adapterTypeName="Microsoft.VisualStudio.TestTools.TestTypes.Unit.UnitTestAdapter" className="UnitTests.iCore.Component.Core.EFuncSystemFunctionsTest" name="Init_ProvideValidInputs_SOKReturned" />
    </UnitTest>
    <UnitTest name="CreateEvent_ProvideValidInputs_DispatchWorkerCreateAsyncEventIsCalled" storage="f:\etwork\bin\tests\unittests.icore.component.core.dll" id="a218136c-10c6-2af9-e6e4-03a7b4f334a5">
      <Execution id="280d501a-0cb4-4029-9d74-ae1c7a450479" />
      <TestMethod codeBase="F:\ETWork\bin\Tests\UnitTests.iCore.Component.Core.dll" adapterTypeName="Microsoft.VisualStudio.TestTools.TestTypes.Unit.UnitTestAdapter" className="UnitTests.iCore.Component.Core.EFuncSystemFunctionsTest" name="CreateEvent_ProvideValidInputs_DispatchWorkerCreateAsyncEventIsCalled" />
    </UnitTest>
    <UnitTest name="CreateEvent_ProvideValidInputs_DispatchWorkerCreateSyncEventIsCalled" storage="f:\etwork\bin\tests\unittests.icore.component.core.dll" id="a7e3ecc6-2c6f-cdc0-b05c-9e115ef4f7e1">
      <Execution id="35a52e3f-a1db-416b-9cfe-8073f7924a46" />
      <TestMethod codeBase="F:\ETWork\bin\Tests\UnitTests.iCore.Component.Core.dll" adapterTypeName="Microsoft.VisualStudio.TestTools.TestTypes.Unit.UnitTestAdapter" className="UnitTests.iCore.Component.Core.EFuncSystemFunctionsTest" name="CreateEvent_ProvideValidInputs_DispatchWorkerCreateSyncEventIsCalled" />
    </UnitTest>
    <UnitTest name="CreateEvent_ProvideValidInputsWithoutEarliestExecutionTime_CreateSyncEventExecuteAsSoonAsPossibleIsCalled" storage="f:\etwork\bin\tests\unittests.icore.component.core.dll" id="4fa419cd-15c4-dbf6-6848-06b4f6ba2652">
      <Execution id="bbd6f332-5455-4c6a-af92-d131d1776470" />
      <TestMethod codeBase="F:\ETWork\bin\Tests\UnitTests.iCore.Component.Core.dll" adapterTypeName="Microsoft.VisualStudio.TestTools.TestTypes.Unit.UnitTestAdapter" className="UnitTests.iCore.Component.Core.EFuncSystemFunctionsTest" name="CreateEvent_ProvideValidInputsWithoutEarliestExecutionTime_CreateSyncEventExecuteAsSoonAsPossibleIsCalled" />
    </UnitTest>
    <UnitTest name="CreateEvent_ProvideValidInputsWithoutEarliestExecutionTimeAsZero_CreateSyncEventExecuteAsSoonAsPossibleIsCalled" storage="f:\etwork\bin\tests\unittests.icore.component.core.dll" id="e6c9cea6-a2f0-4866-61f8-69789ef4c95c">
      <Execution id="99694c23-bbce-4b37-8fdd-2086cf0b5e96" />
      <TestMethod codeBase="F:\ETWork\bin\Tests\UnitTests.iCore.Component.Core.dll" adapterTypeName="Microsoft.VisualStudio.TestTools.TestTypes.Unit.UnitTestAdapter" className="UnitTests.iCore.Component.Core.EFuncSystemFunctionsTest" name="CreateEvent_ProvideValidInputsWithoutEarliestExecutionTimeAsZero_CreateSyncEventExecuteAsSoonAsPossibleIsCalled" />
    </UnitTest>
    <UnitTest name="CreateEvent_ProvideInvalidEarliestExecutionTime_CreateSyncEventReturnsFailed" storage="f:\etwork\bin\tests\unittests.icore.component.core.dll" id="71775fd5-b749-1ca6-20a3-6c34df018cb9">
      <Execution id="32ed55c4-fc7e-4e19-a5dd-7a0a7b2193a5" />
      <TestMethod codeBase="F:\ETWork\bin\Tests\UnitTests.iCore.Component.Core.dll" adapterTypeName="Microsoft.VisualStudio.TestTools.TestTypes.Unit.UnitTestAdapter" className="UnitTests.iCore.Component.Core.EFuncSystemFunctionsTest" name="CreateEvent_ProvideInvalidEarliestExecutionTime_CreateSyncEventReturnsFailed" />
    </UnitTest>
    <UnitTest name="CreateEvent_ProvideNoDispatchWorker_FailedHresultIsReturned" storage="f:\etwork\bin\tests\unittests.icore.component.core.dll" id="787b4f9c-d2e2-6d12-e36c-7d7fa62949e7">
      <Execution id="d5365227-aee4-4447-aa14-ac00349bbd8c" />
      <TestMethod codeBase="F:\ETWork\bin\Tests\UnitTests.iCore.Component.Core.dll" adapterTypeName="Microsoft.VisualStudio.TestTools.TestTypes.Unit.UnitTestAdapter" className="UnitTests.iCore.Component.Core.EFuncSystemFunctionsTest" name="CreateEvent_ProvideNoDispatchWorker_FailedHresultIsReturned" />
    </UnitTest>
    <UnitTest name="CreateEventByName_NoInitIsCalled_FailedHresultIsReturned" storage="f:\etwork\bin\tests\unittests.icore.component.core.dll" id="0b4da6a1-23b0-08c1-26ba-45b77e865377">
      <Execution id="47904855-895c-4e93-8f91-253dc6d9ba4f" />
      <TestMethod codeBase="F:\ETWork\bin\Tests\UnitTests.iCore.Component.Core.dll" adapterTypeName="Microsoft.VisualStudio.TestTools.TestTypes.Unit.UnitTestAdapter" className="UnitTests.iCore.Component.Core.EFuncSystemFunctionsTest" name="CreateEventByName_NoInitIsCalled_FailedHresultIsReturned" />
    </UnitTest>
    <UnitTest name="CreateEventByName_ProvideValidInputs_GetIdByNameIsCalledOnEventTypeRepository" storage="f:\etwork\bin\tests\unittests.icore.component.core.dll" id="b7b0b86a-f7da-3379-7951-10d0f444e914">
      <Execution id="a0a0efd8-06f8-44b9-82a1-1824bc517d80" />
      <TestMethod codeBase="F:\ETWork\bin\Tests\UnitTests.iCore.Component.Core.dll" adapterTypeName="Microsoft.VisualStudio.TestTools.TestTypes.Unit.UnitTestAdapter" className="UnitTests.iCore.Component.Core.EFuncSystemFunctionsTest" name="CreateEventByName_ProvideValidInputs_GetIdByNameIsCalledOnEventTypeRepository" />
    </UnitTest>
    <UnitTest name="CreateEventByName_ProvideValidInputs_DispatchWorkerCreateSyncEventIsCalled" storage="f:\etwork\bin\tests\unittests.icore.component.core.dll" id="6a2ed1d0-9798-6fe2-99ee-ee4e71e54eeb">
      <Execution id="80e2d8d4-e064-4323-993e-b8f76746422b" />
      <TestMethod codeBase="F:\ETWork\bin\Tests\UnitTests.iCore.Component.Core.dll" adapterTypeName="Microsoft.VisualStudio.TestTools.TestTypes.Unit.UnitTestAdapter" className="UnitTests.iCore.Component.Core.EFuncSystemFunctionsTest" name="CreateEventByName_ProvideValidInputs_DispatchWorkerCreateSyncEventIsCalled" />
    </UnitTest>
    <UnitTest name="CreateEventByName_ProvideNonExistingEventTypeName_FailedHresultIsReturned" storage="f:\etwork\bin\tests\unittests.icore.component.core.dll" id="e0863638-3b40-ad11-c9b5-c50fc338c94e">
      <Execution id="44bbcbf0-ae08-48a2-9d03-618c02c4acd2" />
      <TestMethod codeBase="F:\ETWork\bin\Tests\UnitTests.iCore.Component.Core.dll" adapterTypeName="Microsoft.VisualStudio.TestTools.TestTypes.Unit.UnitTestAdapter" className="UnitTests.iCore.Component.Core.EFuncSystemFunctionsTest" name="CreateEventByName_ProvideNonExistingEventTypeName_FailedHresultIsReturned" />
    </UnitTest>
    <UnitTest name="WriteLogToFileByNode_NoInit_FailedHresultReturned" storage="f:\etwork\bin\tests\unittests.icore.component.core.dll" id="6ea16d94-2892-d52c-f969-c4658a2b87d5">
      <Execution id="83afe096-b71e-4aea-b829-de4562e28216" />
      <TestMethod codeBase="F:\ETWork\bin\Tests\UnitTests.iCore.Component.Core.dll" adapterTypeName="Microsoft.VisualStudio.TestTools.TestTypes.Unit.UnitTestAdapter" className="UnitTests.iCore.Component.Core.EFuncSystemFunctionsTest" name="WriteLogToFileByNode_NoInit_FailedHresultReturned" />
    </UnitTest>
    <UnitTest name="WriteLogToFileByNode_InvalidNodeIdProvided_ReturnsSFalse" storage="f:\etwork\bin\tests\unittests.icore.component.core.dll" id="57e50b8b-5263-fd7f-500e-2df0d18c6645">
      <Execution id="08fcc8b0-ebff-4e0c-b6a8-c0a60db3e483" />
      <TestMethod codeBase="F:\ETWork\bin\Tests\UnitTests.iCore.Component.Core.dll" adapterTypeName="Microsoft.VisualStudio.TestTools.TestTypes.Unit.UnitTestAdapter" className="UnitTests.iCore.Component.Core.EFuncSystemFunctionsTest" name="WriteLogToFileByNode_InvalidNodeIdProvided_ReturnsSFalse" />
    </UnitTest>
    <UnitTest name="WriteLogToFileByNode_ValidInputProvided_LogEntryRepositoryIsCalled" storage="f:\etwork\bin\tests\unittests.icore.component.core.dll" id="7083919c-d623-ab87-82aa-aa80d162b451">
      <Execution id="baf1af96-48ff-43c4-aa55-c428ea9890f4" />
      <TestMethod codeBase="F:\ETWork\bin\Tests\UnitTests.iCore.Component.Core.dll" adapterTypeName="Microsoft.VisualStudio.TestTools.TestTypes.Unit.UnitTestAdapter" className="UnitTests.iCore.Component.Core.EFuncSystemFunctionsTest" name="WriteLogToFileByNode_ValidInputProvided_LogEntryRepositoryIsCalled" />
    </UnitTest>
    <UnitTest name="WriteLogToFileByNode_ValidInputProvided_LogStreamerServiceIsCalled" storage="f:\etwork\bin\tests\unittests.icore.component.core.dll" id="414c8ea7-58b5-add3-f41b-f85959d466c5">
      <Execution id="5da7f589-4832-4ade-b6e9-144bf4e12b0f" />
      <TestMethod codeBase="F:\ETWork\bin\Tests\UnitTests.iCore.Component.Core.dll" adapterTypeName="Microsoft.VisualStudio.TestTools.TestTypes.Unit.UnitTestAdapter" className="UnitTests.iCore.Component.Core.EFuncSystemFunctionsTest" name="WriteLogToFileByNode_ValidInputProvided_LogStreamerServiceIsCalled" />
    </UnitTest>
    <UnitTest name="WriteLogToFileByEvent_NoInit_FailedHresultReturned" storage="f:\etwork\bin\tests\unittests.icore.component.core.dll" id="69d47816-e263-63aa-4516-5fdd8e3131d8">
      <Execution id="3e6414a7-ccde-452c-be9c-f3085331eb8e" />
      <TestMethod codeBase="F:\ETWork\bin\Tests\UnitTests.iCore.Component.Core.dll" adapterTypeName="Microsoft.VisualStudio.TestTools.TestTypes.Unit.UnitTestAdapter" className="UnitTests.iCore.Component.Core.EFuncSystemFunctionsTest" name="WriteLogToFileByEvent_NoInit_FailedHresultReturned" />
    </UnitTest>
    <UnitTest name="WriteLogToFileByEvent_InvalidEventIdProvided_ReturnsSFalse" storage="f:\etwork\bin\tests\unittests.icore.component.core.dll" id="03d087ba-fb0c-0405-0815-c5961e496014">
      <Execution id="388b5924-836e-4a1e-8605-81f7fa95e3c1" />
      <TestMethod codeBase="F:\ETWork\bin\Tests\UnitTests.iCore.Component.Core.dll" adapterTypeName="Microsoft.VisualStudio.TestTools.TestTypes.Unit.UnitTestAdapter" className="UnitTests.iCore.Component.Core.EFuncSystemFunctionsTest" name="WriteLogToFileByEvent_InvalidEventIdProvided_ReturnsSFalse" />
    </UnitTest>
    <UnitTest name="WriteLogToFileByEvent_ValidInputProvided_LogEntryRepositoryIsCalled" storage="f:\etwork\bin\tests\unittests.icore.component.core.dll" id="4ddb3aaf-620b-6119-5203-9d99a5ec5985">
      <Execution id="c9111551-a531-410f-a450-5551c45b223c" />
      <TestMethod codeBase="F:\ETWork\bin\Tests\UnitTests.iCore.Component.Core.dll" adapterTypeName="Microsoft.VisualStudio.TestTools.TestTypes.Unit.UnitTestAdapter" className="UnitTests.iCore.Component.Core.EFuncSystemFunctionsTest" name="WriteLogToFileByEvent_ValidInputProvided_LogEntryRepositoryIsCalled" />
    </UnitTest>
    <UnitTest name="WriteLogToFileByEvent_ValidInputProvided_LogStreamerServiceIsCalled" storage="f:\etwork\bin\tests\unittests.icore.component.core.dll" id="293e09bf-4370-f657-a943-95ff52c4d2e0">
      <Execution id="8779e358-7049-44ea-9305-7adb8c8ea267" />
      <TestMethod codeBase="F:\ETWork\bin\Tests\UnitTests.iCore.Component.Core.dll" adapterTypeName="Microsoft.VisualStudio.TestTools.TestTypes.Unit.UnitTestAdapter" className="UnitTests.iCore.Component.Core.EFuncSystemFunctionsTest" name="WriteLogToFileByEvent_ValidInputProvided_LogStreamerServiceIsCalled" />
    </UnitTest>
    <UnitTest name="WriteLogToFileByJob_NoInit_FailedHresultReturned" storage="f:\etwork\bin\tests\unittests.icore.component.core.dll" id="d9b6cb5f-23bc-9cdb-62a5-798d8bfca7aa">
      <Execution id="fe7209cd-c7b0-4194-8615-2ebfedbfaa14" />
      <TestMethod codeBase="F:\ETWork\bin\Tests\UnitTests.iCore.Component.Core.dll" adapterTypeName="Microsoft.VisualStudio.TestTools.TestTypes.Unit.UnitTestAdapter" className="UnitTests.iCore.Component.Core.EFuncSystemFunctionsTest" name="WriteLogToFileByJob_NoInit_FailedHresultReturned" />
    </UnitTest>
    <UnitTest name="WriteLogToFileByJob_InvalidEventIdProvided_ReturnsSFalse" storage="f:\etwork\bin\tests\unittests.icore.component.core.dll" id="07fd0f29-9404-fa91-3cf8-fed6882d94ae">
      <Execution id="8488ea9b-ac3b-49e1-aad1-ce7f4bc76d36" />
      <TestMethod codeBase="F:\ETWork\bin\Tests\UnitTests.iCore.Component.Core.dll" adapterTypeName="Microsoft.VisualStudio.TestTools.TestTypes.Unit.UnitTestAdapter" className="UnitTests.iCore.Component.Core.EFuncSystemFunctionsTest" name="WriteLogToFileByJob_InvalidEventIdProvided_ReturnsSFalse" />
    </UnitTest>
    <UnitTest name="WriteLogToFileByJob_ValidInputProvided_LogEntryRepositoryIsCalled" storage="f:\etwork\bin\tests\unittests.icore.component.core.dll" id="737c0125-9510-8625-6a3c-8173c48bf836">
      <Execution id="21b6a53d-45b5-48b5-b244-c5eca9e87911" />
      <TestMethod codeBase="F:\ETWork\bin\Tests\UnitTests.iCore.Component.Core.dll" adapterTypeName="Microsoft.VisualStudio.TestTools.TestTypes.Unit.UnitTestAdapter" className="UnitTests.iCore.Component.Core.EFuncSystemFunctionsTest" name="WriteLogToFileByJob_ValidInputProvided_LogEntryRepositoryIsCalled" />
    </UnitTest>
    <UnitTest name="WriteLogToFileByJob_ValidInputProvided_LogStreamerServiceIsCalled" storage="f:\etwork\bin\tests\unittests.icore.component.core.dll" id="c17f6a5c-a024-8d29-c350-f2f42373e4c3">
      <Execution id="7c0ed215-a898-4428-a4ec-1e145ef9c4d5" />
      <TestMethod codeBase="F:\ETWork\bin\Tests\UnitTests.iCore.Component.Core.dll" adapterTypeName="Microsoft.VisualStudio.TestTools.TestTypes.Unit.UnitTestAdapter" className="UnitTests.iCore.Component.Core.EFuncSystemFunctionsTest" name="WriteLogToFileByJob_ValidInputProvided_LogStreamerServiceIsCalled" />
    </UnitTest>
    <UnitTest name="InitTest_NoServiceRegistered_Fails" storage="f:\etwork\bin\tests\unittests.icore.component.core.dll" id="c9da30bd-b41c-d917-0bc9-12a86d34e933">
      <Execution id="fe69c318-4dc3-4383-91e1-255d15d3e723" />
      <TestMethod codeBase="F:\ETWork\bin\Tests\UnitTests.iCore.Component.Core.dll" adapterTypeName="Microsoft.VisualStudio.TestTools.TestTypes.Unit.UnitTestAdapter" className="UnitTests.iCore.Component.Core.EFuncNodeManagedTest" name="InitTest_NoServiceRegistered_Fails" />
    </UnitTest>
    <UnitTest name="NodeNotInitialized_AllGetsAndSetsFail" storage="f:\etwork\bin\tests\unittests.icore.component.core.dll" id="c995aa38-4bd0-3e4e-c61a-c4b0a5bda73a">
      <Execution id="7fda1449-c816-40da-b49c-19ab09f83e19" />
      <TestMethod codeBase="F:\ETWork\bin\Tests\UnitTests.iCore.Component.Core.dll" adapterTypeName="Microsoft.VisualStudio.TestTools.TestTypes.Unit.UnitTestAdapter" className="UnitTests.iCore.Component.Core.EFuncNodeManagedTest" name="NodeNotInitialized_AllGetsAndSetsFail" />
    </UnitTest>
    <UnitTest name="CreateNodeWithAttribs_UsesRepository_Success" storage="f:\etwork\bin\tests\unittests.icore.component.core.dll" id="f55a2326-ab10-bfb5-3e8b-fe145a1378cd">
      <Execution id="01958593-961f-4138-871a-a40071e91ea8" />
      <TestMethod codeBase="F:\ETWork\bin\Tests\UnitTests.iCore.Component.Core.dll" adapterTypeName="Microsoft.VisualStudio.TestTools.TestTypes.Unit.UnitTestAdapter" className="UnitTests.iCore.Component.Core.EFuncNodeManagedTest" name="CreateNodeWithAttribs_UsesRepository_Success" />
    </UnitTest>
    <UnitTest name="CreateNodeWithAttribs_ValidInput_SetsPropertiesOnNode" storage="f:\etwork\bin\tests\unittests.icore.component.core.dll" id="770c1148-1b8d-5789-3d00-27599cb89a2e">
      <Execution id="72c86ed5-c913-498c-859d-75c9a4c6d917" />
      <TestMethod codeBase="F:\ETWork\bin\Tests\UnitTests.iCore.Component.Core.dll" adapterTypeName="Microsoft.VisualStudio.TestTools.TestTypes.Unit.UnitTestAdapter" className="UnitTests.iCore.Component.Core.EFuncNodeManagedTest" name="CreateNodeWithAttribs_ValidInput_SetsPropertiesOnNode" />
    </UnitTest>
    <UnitTest name="CreateNodeWithAttribs_NotInitilized_Fails" storage="f:\etwork\bin\tests\unittests.icore.component.core.dll" id="c13b6bbb-438b-637d-787a-b5ce472cd01a">
      <Execution id="4a8dd005-f0a9-4de3-bc52-8ed9f6af7ce2" />
      <TestMethod codeBase="F:\ETWork\bin\Tests\UnitTests.iCore.Component.Core.dll" adapterTypeName="Microsoft.VisualStudio.TestTools.TestTypes.Unit.UnitTestAdapter" className="UnitTests.iCore.Component.Core.EFuncNodeManagedTest" name="CreateNodeWithAttribs_NotInitilized_Fails" />
    </UnitTest>
    <UnitTest name="OpenNode_UsesRepository_Succesful" storage="f:\etwork\bin\tests\unittests.icore.component.core.dll" id="8c14a678-7920-5174-f535-8685b5837141">
      <Execution id="90f06b1c-f9af-4438-a638-01ed9953e044" />
      <TestMethod codeBase="F:\ETWork\bin\Tests\UnitTests.iCore.Component.Core.dll" adapterTypeName="Microsoft.VisualStudio.TestTools.TestTypes.Unit.UnitTestAdapter" className="UnitTests.iCore.Component.Core.EFuncNodeManagedTest" name="OpenNode_UsesRepository_Succesful" />
    </UnitTest>
    <UnitTest name="OpenNode_NotInitilized_Fails" storage="f:\etwork\bin\tests\unittests.icore.component.core.dll" id="8b2139a4-367b-8b30-334b-4a41d123157a">
      <Execution id="0f698b9b-4105-469c-b1da-0c0f3b610b6e" />
      <TestMethod codeBase="F:\ETWork\bin\Tests\UnitTests.iCore.Component.Core.dll" adapterTypeName="Microsoft.VisualStudio.TestTools.TestTypes.Unit.UnitTestAdapter" className="UnitTests.iCore.Component.Core.EFuncNodeManagedTest" name="OpenNode_NotInitilized_Fails" />
    </UnitTest>
    <UnitTest name="CreateNode_UsesRepository_Succesful" storage="f:\etwork\bin\tests\unittests.icore.component.core.dll" id="b326aff3-2bfa-5f34-3048-5288d8f6922c">
      <Execution id="a48af8ba-d9ff-4aed-abb6-b4c5c8a182ae" />
      <TestMethod codeBase="F:\ETWork\bin\Tests\UnitTests.iCore.Component.Core.dll" adapterTypeName="Microsoft.VisualStudio.TestTools.TestTypes.Unit.UnitTestAdapter" className="UnitTests.iCore.Component.Core.EFuncNodeManagedTest" name="CreateNode_UsesRepository_Succesful" />
    </UnitTest>
    <UnitTest name="CreateNode_ValidInput_SetsPropertiesOnNode" storage="f:\etwork\bin\tests\unittests.icore.component.core.dll" id="00736008-8b8d-dde9-3901-8492b6b6ffce">
      <Execution id="1cfc1536-94e7-4e34-ac89-8420de958758" />
      <TestMethod codeBase="F:\ETWork\bin\Tests\UnitTests.iCore.Component.Core.dll" adapterTypeName="Microsoft.VisualStudio.TestTools.TestTypes.Unit.UnitTestAdapter" className="UnitTests.iCore.Component.Core.EFuncNodeManagedTest" name="CreateNode_ValidInput_SetsPropertiesOnNode" />
    </UnitTest>
    <UnitTest name="CreateNode_NotInitilized_Fails" storage="f:\etwork\bin\tests\unittests.icore.component.core.dll" id="d48cea31-17a1-db6a-3233-a5c0320443de">
      <Execution id="a77c6fcf-21d4-433d-b984-c188fdbe1497" />
      <TestMethod codeBase="F:\ETWork\bin\Tests\UnitTests.iCore.Component.Core.dll" adapterTypeName="Microsoft.VisualStudio.TestTools.TestTypes.Unit.UnitTestAdapter" className="UnitTests.iCore.Component.Core.EFuncNodeManagedTest" name="CreateNode_NotInitilized_Fails" />
    </UnitTest>
    <UnitTest name="DeleteNode_UsesRepository_Success" storage="f:\etwork\bin\tests\unittests.icore.component.core.dll" id="67871b78-14ea-eeb4-53f4-e5c627ae3b62">
      <Execution id="cf771c74-1d88-4d03-a63a-9d1ad3d8a1f0" />
      <TestMethod codeBase="F:\ETWork\bin\Tests\UnitTests.iCore.Component.Core.dll" adapterTypeName="Microsoft.VisualStudio.TestTools.TestTypes.Unit.UnitTestAdapter" className="UnitTests.iCore.Component.Core.EFuncNodeManagedTest" name="DeleteNode_UsesRepository_Success" />
    </UnitTest>
    <UnitTest name="DeleteNode_CatchesEntityDependencyExceptionAndCascadeIsFalse_ReturnsS_FALSE" storage="f:\etwork\bin\tests\unittests.icore.component.core.dll" id="e46cb1c6-886a-3aa6-cf4d-37d7f50e224d">
      <Execution id="f6b93247-dbb2-4b0d-8c85-d0b065e405b1" />
      <TestMethod codeBase="F:\ETWork\bin\Tests\UnitTests.iCore.Component.Core.dll" adapterTypeName="Microsoft.VisualStudio.TestTools.TestTypes.Unit.UnitTestAdapter" className="UnitTests.iCore.Component.Core.EFuncNodeManagedTest" name="DeleteNode_CatchesEntityDependencyExceptionAndCascadeIsFalse_ReturnsS_FALSE" />
    </UnitTest>
    <UnitTest name="DeleteNode_CatchesEntityDependencyExceptionAndCascadeIsTrue_ReturnsError" storage="f:\etwork\bin\tests\unittests.icore.component.core.dll" id="03d8fb02-47ce-7e03-b54b-afec960909b2">
      <Execution id="60b05f88-4ef0-451a-912b-6e6bb9e68e4f" />
      <TestMethod codeBase="F:\ETWork\bin\Tests\UnitTests.iCore.Component.Core.dll" adapterTypeName="Microsoft.VisualStudio.TestTools.TestTypes.Unit.UnitTestAdapter" className="UnitTests.iCore.Component.Core.EFuncNodeManagedTest" name="DeleteNode_CatchesEntityDependencyExceptionAndCascadeIsTrue_ReturnsError" />
    </UnitTest>
    <UnitTest name="DeleteNode_NodeNotInitialized_ReturnsError" storage="f:\etwork\bin\tests\unittests.icore.component.core.dll" id="7135f1a1-915f-4858-b820-d6438ffe40ab">
      <Execution id="b1e16c3c-e6f1-4936-bdb6-b3f1103c2cd6" />
      <TestMethod codeBase="F:\ETWork\bin\Tests\UnitTests.iCore.Component.Core.dll" adapterTypeName="Microsoft.VisualStudio.TestTools.TestTypes.Unit.UnitTestAdapter" className="UnitTests.iCore.Component.Core.EFuncNodeManagedTest" name="DeleteNode_NodeNotInitialized_ReturnsError" />
    </UnitTest>
    <UnitTest name="GetNodeFilename_UsesProperty_Success" storage="f:\etwork\bin\tests\unittests.icore.component.core.dll" id="57a3176c-d3e2-4f15-4fff-3a13bcd73017">
      <Execution id="50453dd1-fa2d-4832-beb7-b308bc62a2a3" />
      <TestMethod codeBase="F:\ETWork\bin\Tests\UnitTests.iCore.Component.Core.dll" adapterTypeName="Microsoft.VisualStudio.TestTools.TestTypes.Unit.UnitTestAdapter" className="UnitTests.iCore.Component.Core.EFuncNodeManagedTest" name="GetNodeFilename_UsesProperty_Success" />
    </UnitTest>
    <UnitTest name="GetNodeFilename_ThrowsException_Fails" storage="f:\etwork\bin\tests\unittests.icore.component.core.dll" id="2f769333-7624-f45e-0273-2779ceb8e427">
      <Execution id="4ce94016-38ea-49cd-bced-3e03571e5ff1" />
      <TestMethod codeBase="F:\ETWork\bin\Tests\UnitTests.iCore.Component.Core.dll" adapterTypeName="Microsoft.VisualStudio.TestTools.TestTypes.Unit.UnitTestAdapter" className="UnitTests.iCore.Component.Core.EFuncNodeManagedTest" name="GetNodeFilename_ThrowsException_Fails" />
    </UnitTest>
    <UnitTest name="GetNodeDate_UsesProperty_Success" storage="f:\etwork\bin\tests\unittests.icore.component.core.dll" id="ab710820-3565-4fd3-2f6f-78159da5984b">
      <Execution id="eceb88f1-8581-4c71-b9ee-d05db2448242" />
      <TestMethod codeBase="F:\ETWork\bin\Tests\UnitTests.iCore.Component.Core.dll" adapterTypeName="Microsoft.VisualStudio.TestTools.TestTypes.Unit.UnitTestAdapter" className="UnitTests.iCore.Component.Core.EFuncNodeManagedTest" name="GetNodeDate_UsesProperty_Success" />
    </UnitTest>
    <UnitTest name="GetNodeId_UsesProperty_Success" storage="f:\etwork\bin\tests\unittests.icore.component.core.dll" id="f828016c-b471-8c9d-59ab-d0ee4da5726f">
      <Execution id="c579edad-51b5-42f5-bdd3-139bfcfcc4c1" />
      <TestMethod codeBase="F:\ETWork\bin\Tests\UnitTests.iCore.Component.Core.dll" adapterTypeName="Microsoft.VisualStudio.TestTools.TestTypes.Unit.UnitTestAdapter" className="UnitTests.iCore.Component.Core.EFuncNodeManagedTest" name="GetNodeId_UsesProperty_Success" />
    </UnitTest>
    <UnitTest name="GetNodeType_UsesProperty_Success" storage="f:\etwork\bin\tests\unittests.icore.component.core.dll" id="7860e42b-f2bf-c146-b5e6-71878b0385de">
      <Execution id="75a162da-9fd4-4dce-b8fa-e3df20be138d" />
      <TestMethod codeBase="F:\ETWork\bin\Tests\UnitTests.iCore.Component.Core.dll" adapterTypeName="Microsoft.VisualStudio.TestTools.TestTypes.Unit.UnitTestAdapter" className="UnitTests.iCore.Component.Core.EFuncNodeManagedTest" name="GetNodeType_UsesProperty_Success" />
    </UnitTest>
    <UnitTest name="SetNodeType_SetsPropertyAndUpdatesNode_Success" storage="f:\etwork\bin\tests\unittests.icore.component.core.dll" id="b783b207-7948-8bdf-189f-32e1347731b8">
      <Execution id="601d67c7-cb5f-4442-acc9-320e41b9d3b1" />
      <TestMethod codeBase="F:\ETWork\bin\Tests\UnitTests.iCore.Component.Core.dll" adapterTypeName="Microsoft.VisualStudio.TestTools.TestTypes.Unit.UnitTestAdapter" className="UnitTests.iCore.Component.Core.EFuncNodeManagedTest" name="SetNodeType_SetsPropertyAndUpdatesNode_Success" />
    </UnitTest>
    <UnitTest name="SetNodeType_UnknownNodeType_Fails" storage="f:\etwork\bin\tests\unittests.icore.component.core.dll" id="7c81a761-6c94-dd10-48e6-3c516b16fa74">
      <Execution id="3ce70c4d-8c1d-4285-a9e1-5e3287f35cc1" />
      <TestMethod codeBase="F:\ETWork\bin\Tests\UnitTests.iCore.Component.Core.dll" adapterTypeName="Microsoft.VisualStudio.TestTools.TestTypes.Unit.UnitTestAdapter" className="UnitTests.iCore.Component.Core.EFuncNodeManagedTest" name="SetNodeType_UnknownNodeType_Fails" />
    </UnitTest>
    <UnitTest name="GetNodeTypeGUID_UsesProperty_Success" storage="f:\etwork\bin\tests\unittests.icore.component.core.dll" id="7b13be2d-5033-abda-0a8e-0a9eb348f151">
      <Execution id="0046a7a1-913e-4e62-af7a-9e2309363e10" />
      <TestMethod codeBase="F:\ETWork\bin\Tests\UnitTests.iCore.Component.Core.dll" adapterTypeName="Microsoft.VisualStudio.TestTools.TestTypes.Unit.UnitTestAdapter" className="UnitTests.iCore.Component.Core.EFuncNodeManagedTest" name="GetNodeTypeGUID_UsesProperty_Success" />
    </UnitTest>
    <UnitTest name="SetNodeTypeGUID_SetsPropertyAndUpdatesNode_Success" storage="f:\etwork\bin\tests\unittests.icore.component.core.dll" id="5c471958-688a-bbdb-df2e-8561d3dc3484">
      <Execution id="fee9afb1-51e1-4385-bf0d-97c2e0febd80" />
      <TestMethod codeBase="F:\ETWork\bin\Tests\UnitTests.iCore.Component.Core.dll" adapterTypeName="Microsoft.VisualStudio.TestTools.TestTypes.Unit.UnitTestAdapter" className="UnitTests.iCore.Component.Core.EFuncNodeManagedTest" name="SetNodeTypeGUID_SetsPropertyAndUpdatesNode_Success" />
    </UnitTest>
    <UnitTest name="SetNodeTypeGUID_UnknownNodeType_Fails" storage="f:\etwork\bin\tests\unittests.icore.component.core.dll" id="cedfc6b1-f77d-5644-14c5-2532857a7045">
      <Execution id="18333cc0-6e59-4788-94a4-5e11b4cc9d27" />
      <TestMethod codeBase="F:\ETWork\bin\Tests\UnitTests.iCore.Component.Core.dll" adapterTypeName="Microsoft.VisualStudio.TestTools.TestTypes.Unit.UnitTestAdapter" className="UnitTests.iCore.Component.Core.EFuncNodeManagedTest" name="SetNodeTypeGUID_UnknownNodeType_Fails" />
    </UnitTest>
    <UnitTest name="GetNodeTypeVersion_UsesProperty_Success" storage="f:\etwork\bin\tests\unittests.icore.component.core.dll" id="d21f7bd2-3fa1-4340-0a61-aad39c4164ad">
      <Execution id="699717f9-f516-489d-83a9-4e071ace7b35" />
      <TestMethod codeBase="F:\ETWork\bin\Tests\UnitTests.iCore.Component.Core.dll" adapterTypeName="Microsoft.VisualStudio.TestTools.TestTypes.Unit.UnitTestAdapter" className="UnitTests.iCore.Component.Core.EFuncNodeManagedTest" name="GetNodeTypeVersion_UsesProperty_Success" />
    </UnitTest>
    <UnitTest name="SetNodeTypeVersion_SetsPropertyAndUpdatesNode_Success" storage="f:\etwork\bin\tests\unittests.icore.component.core.dll" id="a09f0bdb-57e6-e39f-6c40-e0cabf1f57a3">
      <Execution id="c0c0c80c-140e-47d0-a1ce-517abb753c76" />
      <TestMethod codeBase="F:\ETWork\bin\Tests\UnitTests.iCore.Component.Core.dll" adapterTypeName="Microsoft.VisualStudio.TestTools.TestTypes.Unit.UnitTestAdapter" className="UnitTests.iCore.Component.Core.EFuncNodeManagedTest" name="SetNodeTypeVersion_SetsPropertyAndUpdatesNode_Success" />
    </UnitTest>
    <UnitTest name="SetNodeTypeVersion_UnknownNodeTypeVersion_Fails" storage="f:\etwork\bin\tests\unittests.icore.component.core.dll" id="c73f50f2-1292-6f13-e810-5216f6e2d0e8">
      <Execution id="e59c9f6c-24c5-46df-b90a-6021ce66b99b" />
      <TestMethod codeBase="F:\ETWork\bin\Tests\UnitTests.iCore.Component.Core.dll" adapterTypeName="Microsoft.VisualStudio.TestTools.TestTypes.Unit.UnitTestAdapter" className="UnitTests.iCore.Component.Core.EFuncNodeManagedTest" name="SetNodeTypeVersion_UnknownNodeTypeVersion_Fails" />
    </UnitTest>
    <UnitTest name="GetNodeTypeVersionGUID_UsesProperty_Success" storage="f:\etwork\bin\tests\unittests.icore.component.core.dll" id="633c5c88-92db-604c-244a-f18318173f67">
      <Execution id="bc0ca5fe-a05c-40fa-86ba-9e6f7432b834" />
      <TestMethod codeBase="F:\ETWork\bin\Tests\UnitTests.iCore.Component.Core.dll" adapterTypeName="Microsoft.VisualStudio.TestTools.TestTypes.Unit.UnitTestAdapter" className="UnitTests.iCore.Component.Core.EFuncNodeManagedTest" name="GetNodeTypeVersionGUID_UsesProperty_Success" />
    </UnitTest>
    <UnitTest name="SetNodeTypeVersionGUID_SetsPropertyAndUpdatesNode_Success" storage="f:\etwork\bin\tests\unittests.icore.component.core.dll" id="0d137c5a-2553-95d0-a0ef-b65ebe8b0a5a">
      <Execution id="19a0d3da-1631-451f-ab4a-35f8d8ba33e1" />
      <TestMethod codeBase="F:\ETWork\bin\Tests\UnitTests.iCore.Component.Core.dll" adapterTypeName="Microsoft.VisualStudio.TestTools.TestTypes.Unit.UnitTestAdapter" className="UnitTests.iCore.Component.Core.EFuncNodeManagedTest" name="SetNodeTypeVersionGUID_SetsPropertyAndUpdatesNode_Success" />
    </UnitTest>
    <UnitTest name="SetNodeTypeVersionGUID_UnknownNodeTypeVersion_Fails" storage="f:\etwork\bin\tests\unittests.icore.component.core.dll" id="30e9a418-40c8-15b3-c4db-3c0e8fe74e2b">
      <Execution id="325fc5d3-cd3d-4276-a50d-5d746d3caa57" />
      <TestMethod codeBase="F:\ETWork\bin\Tests\UnitTests.iCore.Component.Core.dll" adapterTypeName="Microsoft.VisualStudio.TestTools.TestTypes.Unit.UnitTestAdapter" className="UnitTests.iCore.Component.Core.EFuncNodeManagedTest" name="SetNodeTypeVersionGUID_UnknownNodeTypeVersion_Fails" />
    </UnitTest>
    <UnitTest name="GetNodePartnerId_UsesProperty_Success" storage="f:\etwork\bin\tests\unittests.icore.component.core.dll" id="789df95a-afaf-659c-065e-ef4f44acaf96">
      <Execution id="1fabc4f2-7502-40c5-baf6-efa498c9be8e" />
      <TestMethod codeBase="F:\ETWork\bin\Tests\UnitTests.iCore.Component.Core.dll" adapterTypeName="Microsoft.VisualStudio.TestTools.TestTypes.Unit.UnitTestAdapter" className="UnitTests.iCore.Component.Core.EFuncNodeManagedTest" name="GetNodePartnerId_UsesProperty_Success" />
    </UnitTest>
    <UnitTest name="SetNodePartnerId_SetsPropertyAndUpdatesNode_Success" storage="f:\etwork\bin\tests\unittests.icore.component.core.dll" id="02a28b08-3a36-71be-29a6-e74ac52ac6ea">
      <Execution id="0f984239-5e8d-45ec-af24-b66818c006cf" />
      <TestMethod codeBase="F:\ETWork\bin\Tests\UnitTests.iCore.Component.Core.dll" adapterTypeName="Microsoft.VisualStudio.TestTools.TestTypes.Unit.UnitTestAdapter" className="UnitTests.iCore.Component.Core.EFuncNodeManagedTest" name="SetNodePartnerId_SetsPropertyAndUpdatesNode_Success" />
    </UnitTest>
    <UnitTest name="SetNodePartnerId_UnknownPartner_Fails" storage="f:\etwork\bin\tests\unittests.icore.component.core.dll" id="5f80ab9a-2f6f-ae3a-b479-3fa9e3a9f3be">
      <Execution id="60750b56-2eed-4cad-82ba-54989423dcf2" />
      <TestMethod codeBase="F:\ETWork\bin\Tests\UnitTests.iCore.Component.Core.dll" adapterTypeName="Microsoft.VisualStudio.TestTools.TestTypes.Unit.UnitTestAdapter" className="UnitTests.iCore.Component.Core.EFuncNodeManagedTest" name="SetNodePartnerId_UnknownPartner_Fails" />
    </UnitTest>
    <UnitTest name="GetRetain_UsesProperty_Success" storage="f:\etwork\bin\tests\unittests.icore.component.core.dll" id="9ea768e4-139a-d113-7e09-f7563f2a32c4">
      <Execution id="604731c1-874c-4d71-b1f3-55b7171873b5" />
      <TestMethod codeBase="F:\ETWork\bin\Tests\UnitTests.iCore.Component.Core.dll" adapterTypeName="Microsoft.VisualStudio.TestTools.TestTypes.Unit.UnitTestAdapter" className="UnitTests.iCore.Component.Core.EFuncNodeManagedTest" name="GetRetain_UsesProperty_Success" />
    </UnitTest>
    <UnitTest name="SetRetain_SetsPropertyAndUpdatesNode_Success" storage="f:\etwork\bin\tests\unittests.icore.component.core.dll" id="b6ad9e98-7f3b-d817-b45c-30e8956fb963">
      <Execution id="abd8cc1d-b047-4522-a18f-6de1fb2bd1c0" />
      <TestMethod codeBase="F:\ETWork\bin\Tests\UnitTests.iCore.Component.Core.dll" adapterTypeName="Microsoft.VisualStudio.TestTools.TestTypes.Unit.UnitTestAdapter" className="UnitTests.iCore.Component.Core.EFuncNodeManagedTest" name="SetRetain_SetsPropertyAndUpdatesNode_Success" />
    </UnitTest>
    <UnitTest name="GetName_UsesProperty_Success" storage="f:\etwork\bin\tests\unittests.icore.component.core.dll" id="f8e947cf-427b-a46d-cc48-dd9c717cbfe1">
      <Execution id="252ede9d-d905-4fa7-9ab5-5a2ce9a878f9" />
      <TestMethod codeBase="F:\ETWork\bin\Tests\UnitTests.iCore.Component.Core.dll" adapterTypeName="Microsoft.VisualStudio.TestTools.TestTypes.Unit.UnitTestAdapter" className="UnitTests.iCore.Component.Core.EFuncNodeManagedTest" name="GetName_UsesProperty_Success" />
    </UnitTest>
    <UnitTest name="SetName_SetsPropertyAndUpdatesNode_Success" storage="f:\etwork\bin\tests\unittests.icore.component.core.dll" id="50a5837f-6fd2-6867-01aa-593a422a16a6">
      <Execution id="15e8e43b-aef7-4e30-b4cf-501210832e60" />
      <TestMethod codeBase="F:\ETWork\bin\Tests\UnitTests.iCore.Component.Core.dll" adapterTypeName="Microsoft.VisualStudio.TestTools.TestTypes.Unit.UnitTestAdapter" className="UnitTests.iCore.Component.Core.EFuncNodeManagedTest" name="SetName_SetsPropertyAndUpdatesNode_Success" />
    </UnitTest>
    <UnitTest name="AddRelation_ParentChild" storage="f:\etwork\bin\tests\unittests.icore.component.core.dll" id="c0a35d43-14a3-a9ca-3747-63f347bb583c">
      <Execution id="8b8fa8d4-b131-4ed2-9a1c-3aede3c6f5ff" />
      <TestMethod codeBase="F:\ETWork\bin\Tests\UnitTests.iCore.Component.Core.dll" adapterTypeName="Microsoft.VisualStudio.TestTools.TestTypes.Unit.UnitTestAdapter" className="UnitTests.iCore.Component.Core.EFuncNodeManagedTest" name="AddRelation_ParentChild" />
    </UnitTest>
    <UnitTest name="AddRelation_Associations" storage="f:\etwork\bin\tests\unittests.icore.component.core.dll" id="64287834-b2f5-f747-a4e2-331a6f75e621">
      <Execution id="343fd393-a0cd-4e35-a330-1b3d7616f71f" />
      <TestMethod codeBase="F:\ETWork\bin\Tests\UnitTests.iCore.Component.Core.dll" adapterTypeName="Microsoft.VisualStudio.TestTools.TestTypes.Unit.UnitTestAdapter" className="UnitTests.iCore.Component.Core.EFuncNodeManagedTest" name="AddRelation_Associations" />
    </UnitTest>
    <UnitTest name="AddRelation_ParentChild_KeepExisting" storage="f:\etwork\bin\tests\unittests.icore.component.core.dll" id="1e0fa85b-735f-3cc4-0d99-37f25443754e">
      <Execution id="402a38d4-399d-47ec-9db3-bfc51be2914a" />
      <TestMethod codeBase="F:\ETWork\bin\Tests\UnitTests.iCore.Component.Core.dll" adapterTypeName="Microsoft.VisualStudio.TestTools.TestTypes.Unit.UnitTestAdapter" className="UnitTests.iCore.Component.Core.EFuncNodeManagedTest" name="AddRelation_ParentChild_KeepExisting" />
    </UnitTest>
    <UnitTest name="AddRelation_ParentChild_KeepExisting_NonExisted" storage="f:\etwork\bin\tests\unittests.icore.component.core.dll" id="c2e27ef9-1e7f-db7c-566d-6148452c06d6">
      <Execution id="9f0d24bb-60cd-43cb-93a3-a089e2d15bca" />
      <TestMethod codeBase="F:\ETWork\bin\Tests\UnitTests.iCore.Component.Core.dll" adapterTypeName="Microsoft.VisualStudio.TestTools.TestTypes.Unit.UnitTestAdapter" className="UnitTests.iCore.Component.Core.EFuncNodeManagedTest" name="AddRelation_ParentChild_KeepExisting_NonExisted" />
    </UnitTest>
    <UnitTest name="AddRelation_Relative_KeepExisting" storage="f:\etwork\bin\tests\unittests.icore.component.core.dll" id="42ec7ee1-e755-a6b1-efa6-c82a9ad19f11">
      <Execution id="d4f1e7d1-8525-4a3a-800b-0415108b4fa9" />
      <TestMethod codeBase="F:\ETWork\bin\Tests\UnitTests.iCore.Component.Core.dll" adapterTypeName="Microsoft.VisualStudio.TestTools.TestTypes.Unit.UnitTestAdapter" className="UnitTests.iCore.Component.Core.EFuncNodeManagedTest" name="AddRelation_Relative_KeepExisting" />
    </UnitTest>
    <UnitTest name="AddRelation_Relative_KeepExisting_NonExisted" storage="f:\etwork\bin\tests\unittests.icore.component.core.dll" id="d72283ad-2c1e-4ef0-4181-cf6bb995ed82">
      <Execution id="0b3a8d4f-5934-40fb-a64f-e3fef16c2fc5" />
      <TestMethod codeBase="F:\ETWork\bin\Tests\UnitTests.iCore.Component.Core.dll" adapterTypeName="Microsoft.VisualStudio.TestTools.TestTypes.Unit.UnitTestAdapter" className="UnitTests.iCore.Component.Core.EFuncNodeManagedTest" name="AddRelation_Relative_KeepExisting_NonExisted" />
    </UnitTest>
    <UnitTest name="AddRelation_Relative_AlreadyExisted_Fails" storage="f:\etwork\bin\tests\unittests.icore.component.core.dll" id="2e80dc45-41f1-1ad7-26ed-223d1aee5c4e">
      <Execution id="56005618-eb5d-4b5e-be71-0db71fdc744c" />
      <TestMethod codeBase="F:\ETWork\bin\Tests\UnitTests.iCore.Component.Core.dll" adapterTypeName="Microsoft.VisualStudio.TestTools.TestTypes.Unit.UnitTestAdapter" className="UnitTests.iCore.Component.Core.EFuncNodeManagedTest" name="AddRelation_Relative_AlreadyExisted_Fails" />
    </UnitTest>
    <UnitTest name="AddRelation_Relative_OtherNodeDoesNotExist_Failse" storage="f:\etwork\bin\tests\unittests.icore.component.core.dll" id="ae34a92e-125f-b434-d916-ffeb7e3ae030">
      <Execution id="fd19fbe4-4455-4f76-85aa-3674563794e0" />
      <TestMethod codeBase="F:\ETWork\bin\Tests\UnitTests.iCore.Component.Core.dll" adapterTypeName="Microsoft.VisualStudio.TestTools.TestTypes.Unit.UnitTestAdapter" className="UnitTests.iCore.Component.Core.EFuncNodeManagedTest" name="AddRelation_Relative_OtherNodeDoesNotExist_Failse" />
    </UnitTest>
    <UnitTest name="GetAttrib_ValidInput_UsesRepository" storage="f:\etwork\bin\tests\unittests.icore.component.core.dll" id="ff40ded6-9066-e675-63b0-65953c95b58f">
      <Execution id="cf5c8adb-61d0-4309-b013-40f3f1bb3407" />
      <TestMethod codeBase="F:\ETWork\bin\Tests\UnitTests.iCore.Component.Core.dll" adapterTypeName="Microsoft.VisualStudio.TestTools.TestTypes.Unit.UnitTestAdapter" className="UnitTests.iCore.Component.Core.EFuncNodeManagedTest" name="GetAttrib_ValidInput_UsesRepository" />
    </UnitTest>
    <UnitTest name="GetAttribString_EmptyId_ReturnsError" storage="f:\etwork\bin\tests\unittests.icore.component.core.dll" id="1bb05583-94e2-f189-ffbc-c24f9859174d">
      <Execution id="a58a5be0-4bb2-46f9-8d61-36410e851d9b" />
      <TestMethod codeBase="F:\ETWork\bin\Tests\UnitTests.iCore.Component.Core.dll" adapterTypeName="Microsoft.VisualStudio.TestTools.TestTypes.Unit.UnitTestAdapter" className="UnitTests.iCore.Component.Core.EFuncNodeManagedTest" name="GetAttribString_EmptyId_ReturnsError" />
    </UnitTest>
    <UnitTest name="GetAttribString_NotRelevantAttribute_ReturnsDefaultValue" storage="f:\etwork\bin\tests\unittests.icore.component.core.dll" id="60a8ece8-eb60-718f-f450-ea987393b08c">
      <Execution id="b05b6ded-172a-438f-8d9d-4dbc2151e427" />
      <TestMethod codeBase="F:\ETWork\bin\Tests\UnitTests.iCore.Component.Core.dll" adapterTypeName="Microsoft.VisualStudio.TestTools.TestTypes.Unit.UnitTestAdapter" className="UnitTests.iCore.Component.Core.EFuncNodeManagedTest" name="GetAttribString_NotRelevantAttribute_ReturnsDefaultValue" />
    </UnitTest>
    <UnitTest name="GetAttribLong_EmptyId_ReturnsError" storage="f:\etwork\bin\tests\unittests.icore.component.core.dll" id="b021910f-3a7b-e1b0-adf5-052287ad6ed6">
      <Execution id="8e74184a-b100-4209-9477-1a28f30c9a1d" />
      <TestMethod codeBase="F:\ETWork\bin\Tests\UnitTests.iCore.Component.Core.dll" adapterTypeName="Microsoft.VisualStudio.TestTools.TestTypes.Unit.UnitTestAdapter" className="UnitTests.iCore.Component.Core.EFuncNodeManagedTest" name="GetAttribLong_EmptyId_ReturnsError" />
    </UnitTest>
    <UnitTest name="GetAttribDouble_EmptyId_ReturnsError" storage="f:\etwork\bin\tests\unittests.icore.component.core.dll" id="8f541421-efe7-5d2b-3f66-189b5b9087ba">
      <Execution id="86897002-419c-4afa-9c4d-fc082c28d1fe" />
      <TestMethod codeBase="F:\ETWork\bin\Tests\UnitTests.iCore.Component.Core.dll" adapterTypeName="Microsoft.VisualStudio.TestTools.TestTypes.Unit.UnitTestAdapter" className="UnitTests.iCore.Component.Core.EFuncNodeManagedTest" name="GetAttribDouble_EmptyId_ReturnsError" />
    </UnitTest>
    <UnitTest name="GetAttribStringFromAttribName_ValidInput_Success" storage="f:\etwork\bin\tests\unittests.icore.component.core.dll" id="b837a5f7-acc6-af02-d2e3-ecad8898657c">
      <Execution id="a111b3ec-0c0a-4504-a7a0-9d417cc5fe73" />
      <TestMethod codeBase="F:\ETWork\bin\Tests\UnitTests.iCore.Component.Core.dll" adapterTypeName="Microsoft.VisualStudio.TestTools.TestTypes.Unit.UnitTestAdapter" className="UnitTests.iCore.Component.Core.EFuncNodeManagedTest" name="GetAttribStringFromAttribName_ValidInput_Success" />
    </UnitTest>
    <UnitTest name="GetAttribStringFromAttribName_AttributeNotFound_ReturnsError" storage="f:\etwork\bin\tests\unittests.icore.component.core.dll" id="47778211-e4a7-b4ae-1b18-818d82b735ea">
      <Execution id="a358120a-5c34-4d46-92d5-b2a7b0d5b658" />
      <TestMethod codeBase="F:\ETWork\bin\Tests\UnitTests.iCore.Component.Core.dll" adapterTypeName="Microsoft.VisualStudio.TestTools.TestTypes.Unit.UnitTestAdapter" className="UnitTests.iCore.Component.Core.EFuncNodeManagedTest" name="GetAttribStringFromAttribName_AttributeNotFound_ReturnsError" />
    </UnitTest>
    <UnitTest name="GetAttribStringFromAttribName_PredefinedNames_Success" storage="f:\etwork\bin\tests\unittests.icore.component.core.dll" id="1b307421-ffcc-79ca-6b37-bdf7dfffa024">
      <Execution id="7be36af9-2292-4ebb-86c1-a77707aced34" />
      <TestMethod codeBase="F:\ETWork\bin\Tests\UnitTests.iCore.Component.Core.dll" adapterTypeName="Microsoft.VisualStudio.TestTools.TestTypes.Unit.UnitTestAdapter" className="UnitTests.iCore.Component.Core.EFuncNodeManagedTest" name="GetAttribStringFromAttribName_PredefinedNames_Success" />
    </UnitTest>
    <UnitTest name="SetAttrib_ValidInput_UsesRepository" storage="f:\etwork\bin\tests\unittests.icore.component.core.dll" id="deb4a77a-7aa8-baad-2c6b-0a69893fbc1a">
      <Execution id="55a3241f-7030-478d-9b8f-84e73c872a8c" />
      <TestMethod codeBase="F:\ETWork\bin\Tests\UnitTests.iCore.Component.Core.dll" adapterTypeName="Microsoft.VisualStudio.TestTools.TestTypes.Unit.UnitTestAdapter" className="UnitTests.iCore.Component.Core.EFuncNodeManagedTest" name="SetAttrib_ValidInput_UsesRepository" />
    </UnitTest>
    <UnitTest name="SetAttribString_EmptyId_ReturnsError" storage="f:\etwork\bin\tests\unittests.icore.component.core.dll" id="5eb93e91-5592-e00c-f3a9-e5d519d7bf77">
      <Execution id="36c8a043-efec-4be9-8a19-cdf7a964e040" />
      <TestMethod codeBase="F:\ETWork\bin\Tests\UnitTests.iCore.Component.Core.dll" adapterTypeName="Microsoft.VisualStudio.TestTools.TestTypes.Unit.UnitTestAdapter" className="UnitTests.iCore.Component.Core.EFuncNodeManagedTest" name="SetAttribString_EmptyId_ReturnsError" />
    </UnitTest>
    <UnitTest name="SetAttribLong_EmptyId_ReturnsError" storage="f:\etwork\bin\tests\unittests.icore.component.core.dll" id="65b837fb-de85-8cf4-cf52-17010dc7e192">
      <Execution id="855e7527-10bd-4d62-b610-f27fad73bdb4" />
      <TestMethod codeBase="F:\ETWork\bin\Tests\UnitTests.iCore.Component.Core.dll" adapterTypeName="Microsoft.VisualStudio.TestTools.TestTypes.Unit.UnitTestAdapter" className="UnitTests.iCore.Component.Core.EFuncNodeManagedTest" name="SetAttribLong_EmptyId_ReturnsError" />
    </UnitTest>
    <UnitTest name="SetAttribDouble_EmptyId_ReturnsError" storage="f:\etwork\bin\tests\unittests.icore.component.core.dll" id="e9f49daa-df98-28b4-128c-c8fb4cc3b1e8">
      <Execution id="c81ac424-7bd6-4a22-81fb-092d31f0d07a" />
      <TestMethod codeBase="F:\ETWork\bin\Tests\UnitTests.iCore.Component.Core.dll" adapterTypeName="Microsoft.VisualStudio.TestTools.TestTypes.Unit.UnitTestAdapter" className="UnitTests.iCore.Component.Core.EFuncNodeManagedTest" name="SetAttribDouble_EmptyId_ReturnsError" />
    </UnitTest>
    <UnitTest name="SetAttribStringFromAttribName_ValidInput_Success" storage="f:\etwork\bin\tests\unittests.icore.component.core.dll" id="50cf3432-b8d3-69ef-f28e-0334788df52c">
      <Execution id="2c393347-dde1-4284-a445-7f79c8ed4fb3" />
      <TestMethod codeBase="F:\ETWork\bin\Tests\UnitTests.iCore.Component.Core.dll" adapterTypeName="Microsoft.VisualStudio.TestTools.TestTypes.Unit.UnitTestAdapter" className="UnitTests.iCore.Component.Core.EFuncNodeManagedTest" name="SetAttribStringFromAttribName_ValidInput_Success" />
    </UnitTest>
    <UnitTest name="SetAttribStringFromAttribName_AttributeNotFound_ReturnsError" storage="f:\etwork\bin\tests\unittests.icore.component.core.dll" id="258b34c0-9575-4534-617c-9264f3d4aa3b">
      <Execution id="db717d12-e71c-4df1-85da-4ec98f7b22ee" />
      <TestMethod codeBase="F:\ETWork\bin\Tests\UnitTests.iCore.Component.Core.dll" adapterTypeName="Microsoft.VisualStudio.TestTools.TestTypes.Unit.UnitTestAdapter" className="UnitTests.iCore.Component.Core.EFuncNodeManagedTest" name="SetAttribStringFromAttribName_AttributeNotFound_ReturnsError" />
    </UnitTest>
    <UnitTest name="SetAttribStringFromAttribName_PredefinedNames_Success" storage="f:\etwork\bin\tests\unittests.icore.component.core.dll" id="1b391a6f-c135-7e4e-64a5-c1ab59a7e443">
      <Execution id="85beb44d-0305-452c-bd6b-79891ee1caf9" />
      <TestMethod codeBase="F:\ETWork\bin\Tests\UnitTests.iCore.Component.Core.dll" adapterTypeName="Microsoft.VisualStudio.TestTools.TestTypes.Unit.UnitTestAdapter" className="UnitTests.iCore.Component.Core.EFuncNodeManagedTest" name="SetAttribStringFromAttribName_PredefinedNames_Success" />
    </UnitTest>
    <UnitTest name="DeleteEvent_ProvideBookmark_DeleteEventByBookMarkIsCalledOnRepository" storage="f:\etwork\bin\tests\unittests.icore.component.core.dll" id="3ac9ebc3-499c-e2e0-0955-215107a70d18">
      <Execution id="16ff0749-0ce4-41e3-aa6b-ad1a3beb53d7" />
      <TestMethod codeBase="F:\ETWork\bin\Tests\UnitTests.iCore.Component.Core.dll" adapterTypeName="Microsoft.VisualStudio.TestTools.TestTypes.Unit.UnitTestAdapter" className="UnitTests.iCore.Component.Core.ManagedAppObjectSystemMethodsTest" name="DeleteEvent_ProvideBookmark_DeleteEventByBookMarkIsCalledOnRepository" />
    </UnitTest>
    <UnitTest name="DeleteEvent_NoBookmarkProvided_NoDeleteEventByBookMarkIsCalledOnRepository" storage="f:\etwork\bin\tests\unittests.icore.component.core.dll" id="15a9b385-4a17-c690-317a-d48b84bff00b">
      <Execution id="26e74ee9-dcb2-45cb-910b-eeb3c22f9fcc" />
      <TestMethod codeBase="F:\ETWork\bin\Tests\UnitTests.iCore.Component.Core.dll" adapterTypeName="Microsoft.VisualStudio.TestTools.TestTypes.Unit.UnitTestAdapter" className="UnitTests.iCore.Component.Core.ManagedAppObjectSystemMethodsTest" name="DeleteEvent_NoBookmarkProvided_NoDeleteEventByBookMarkIsCalledOnRepository" />
    </UnitTest>
    <UnitTest name="SetCacheOptions_ValidValuesProvided_SetPoolOptionIsCalledOnDispatchWorker" storage="f:\etwork\bin\tests\unittests.icore.component.core.dll" id="e64b7e6c-c665-361b-3fba-f820e40e73be">
      <Execution id="0071b44c-0bd6-460e-932c-208225ecc08b" />
      <TestMethod codeBase="F:\ETWork\bin\Tests\UnitTests.iCore.Component.Core.dll" adapterTypeName="Microsoft.VisualStudio.TestTools.TestTypes.Unit.UnitTestAdapter" className="UnitTests.iCore.Component.Core.ManagedAppObjectSystemMethodsTest" name="SetCacheOptions_ValidValuesProvided_SetPoolOptionIsCalledOnDispatchWorker" />
    </UnitTest>
    <UnitTest name="SetCacheOptions_NoDispatchWorkerProvided_FailedHresultIsReturned" storage="f:\etwork\bin\tests\unittests.icore.component.core.dll" id="45a399a6-cd02-1abe-1f00-beebf93096d3">
      <Execution id="be11dceb-5caf-4b75-b9c0-492dc221b681" />
      <TestMethod codeBase="F:\ETWork\bin\Tests\UnitTests.iCore.Component.Core.dll" adapterTypeName="Microsoft.VisualStudio.TestTools.TestTypes.Unit.UnitTestAdapter" className="UnitTests.iCore.Component.Core.ManagedAppObjectSystemMethodsTest" name="SetCacheOptions_NoDispatchWorkerProvided_FailedHresultIsReturned" />
    </UnitTest>
    <UnitTest name="GetFormat_ScriptTimeFormat_ReturnsNotNull" storage="f:\etwork\bin\tests\unittests.icore.component.core.dll" id="07611a2a-98a5-1e5f-ce6b-ba98f316b6b4">
      <Execution id="50a8ed72-fad5-4748-8346-9bd4315a6025" />
      <TestMethod codeBase="F:\ETWork\bin\Tests\UnitTests.iCore.Component.Core.dll" adapterTypeName="Microsoft.VisualStudio.TestTools.TestTypes.Unit.UnitTestAdapter" className="UnitTests.iCore.Component.Core.ScriptTimeFormatTest" name="GetFormat_ScriptTimeFormat_ReturnsNotNull" />
    </UnitTest>
    <UnitTest name="Format_ProvidingScriptDateString_DateTimeFormatReturned" storage="f:\etwork\bin\tests\unittests.icore.component.core.dll" id="14376060-3ce8-b316-1e5d-3514de2cdb11">
      <Execution id="89a9e8cb-df68-4aa7-967a-fd00abc6e786" />
      <TestMethod codeBase="F:\ETWork\bin\Tests\UnitTests.iCore.Component.Core.dll" adapterTypeName="Microsoft.VisualStudio.TestTools.TestTypes.Unit.UnitTestAdapter" className="UnitTests.iCore.Component.Core.ScriptTimeFormatTest" name="Format_ProvidingScriptDateString_DateTimeFormatReturned" />
    </UnitTest>
    <UnitTest name="Format_ProvidingNullAsInputScriptDateTimeString_ArgumentNullException" storage="f:\etwork\bin\tests\unittests.icore.component.core.dll" id="e801c68b-14fe-7f77-b9ad-b18bbcbc4863">
      <Execution id="b2165af5-18af-43d3-8933-c1e184e37f06" />
      <TestMethod codeBase="F:\ETWork\bin\Tests\UnitTests.iCore.Component.Core.dll" adapterTypeName="Microsoft.VisualStudio.TestTools.TestTypes.Unit.UnitTestAdapter" className="UnitTests.iCore.Component.Core.ScriptTimeFormatTest" name="Format_ProvidingNullAsInputScriptDateTimeString_ArgumentNullException" />
    </UnitTest>
    <UnitTest name="Format_ProvidingInvalidInputScriptDateTimeString_FormatException" storage="f:\etwork\bin\tests\unittests.icore.component.core.dll" id="a93b667b-6397-22a0-0fba-67c15a93fc3e">
      <Execution id="a9f93a2a-b7f7-461d-b31b-a6629b5b47e8" />
      <TestMethod codeBase="F:\ETWork\bin\Tests\UnitTests.iCore.Component.Core.dll" adapterTypeName="Microsoft.VisualStudio.TestTools.TestTypes.Unit.UnitTestAdapter" className="UnitTests.iCore.Component.Core.ScriptTimeFormatTest" name="Format_ProvidingInvalidInputScriptDateTimeString_FormatException" />
    </UnitTest>
    <UnitTest name="Format_ProvidingInputScriptDateTimeString_FormatCanBeParsedByDateTime" storage="f:\etwork\bin\tests\unittests.icore.component.core.dll" id="34c6bb8e-a4a0-7698-6839-1ae3a8004d0c">
      <Execution id="8c3ed85b-cf93-48b1-8dcd-08237d176a74" />
      <TestMethod codeBase="F:\ETWork\bin\Tests\UnitTests.iCore.Component.Core.dll" adapterTypeName="Microsoft.VisualStudio.TestTools.TestTypes.Unit.UnitTestAdapter" className="UnitTests.iCore.Component.Core.ScriptTimeFormatTest" name="Format_ProvidingInputScriptDateTimeString_FormatCanBeParsedByDateTime" />
    </UnitTest>
    <UnitTest name="GetSchemaPath_DictionaryIsEmpty_ThrowsException" storage="f:\etwork\bin\tests\unittests.icore.component.core.dll" id="386a7bee-565f-e627-5018-f16b1f2e5ab7">
      <Execution id="12f364fb-6564-41e4-8854-c1188ae1e2b8" />
      <TestMethod codeBase="F:\ETWork\bin\Tests\UnitTests.iCore.Component.Core.dll" adapterTypeName="Microsoft.VisualStudio.TestTools.TestTypes.Unit.UnitTestAdapter" className="UnitTests.iCore.Component.Core.ScriptBaseTests" name="GetSchemaPath_DictionaryIsEmpty_ThrowsException" />
    </UnitTest>
    <UnitTest name="GetSchemaPath_DictionaryDoesNotContainRequestedSchema_ThrowsException" storage="f:\etwork\bin\tests\unittests.icore.component.core.dll" id="c97798b7-fb10-aea3-6cf0-39bf63a8e14d">
      <Execution id="37463a17-99a7-43ac-b41e-bd4e1eb11f72" />
      <TestMethod codeBase="F:\ETWork\bin\Tests\UnitTests.iCore.Component.Core.dll" adapterTypeName="Microsoft.VisualStudio.TestTools.TestTypes.Unit.UnitTestAdapter" className="UnitTests.iCore.Component.Core.ScriptBaseTests" name="GetSchemaPath_DictionaryDoesNotContainRequestedSchema_ThrowsException" />
    </UnitTest>
    <UnitTest name="GetSchemaPath_RequestedSchemaPathIsNull_ReturnsInternalSchemaPath" storage="f:\etwork\bin\tests\unittests.icore.component.core.dll" id="b2e2d28a-37b9-dc59-443b-6bdea283c89b">
      <Execution id="0fdd624d-6096-4205-9d2a-401598549af1" />
      <TestMethod codeBase="F:\ETWork\bin\Tests\UnitTests.iCore.Component.Core.dll" adapterTypeName="Microsoft.VisualStudio.TestTools.TestTypes.Unit.UnitTestAdapter" className="UnitTests.iCore.Component.Core.ScriptBaseTests" name="GetSchemaPath_RequestedSchemaPathIsNull_ReturnsInternalSchemaPath" />
    </UnitTest>
    <UnitTest name="GetSchemaPath_RequestedSchemaPathIsValidUri_ReturnsExternalSchemaPath" storage="f:\etwork\bin\tests\unittests.icore.component.core.dll" id="2ff02c71-2ef2-0176-3826-73b0bc7c718b">
      <Execution id="54422924-d584-4639-b863-42e308f251e9" />
      <TestMethod codeBase="F:\ETWork\bin\Tests\UnitTests.iCore.Component.Core.dll" adapterTypeName="Microsoft.VisualStudio.TestTools.TestTypes.Unit.UnitTestAdapter" className="UnitTests.iCore.Component.Core.ScriptBaseTests" name="GetSchemaPath_RequestedSchemaPathIsValidUri_ReturnsExternalSchemaPath" />
    </UnitTest>
    <UnitTest name="GetSchemaPath_RequestedSchemaPathIsEmpty_ReturnsInternalSchemaPath" storage="f:\etwork\bin\tests\unittests.icore.component.core.dll" id="94cd8015-eddf-4dfa-7d94-a48ffdcdfda5">
      <Execution id="1e197a0f-bc02-4aef-b629-09be87731cfe" />
      <TestMethod codeBase="F:\ETWork\bin\Tests\UnitTests.iCore.Component.Core.dll" adapterTypeName="Microsoft.VisualStudio.TestTools.TestTypes.Unit.UnitTestAdapter" className="UnitTests.iCore.Component.Core.ScriptBaseTests" name="GetSchemaPath_RequestedSchemaPathIsEmpty_ReturnsInternalSchemaPath" />
    </UnitTest>
    <UnitTest name="GetSchemaPath_RequestedSchemaPathIsNotValidUri_ThrowException" storage="f:\etwork\bin\tests\unittests.icore.component.core.dll" id="cc3309dd-df3e-81bf-9b4a-49fff260d228">
      <Execution id="072ddc0b-062e-45bd-bb5d-23884cfa503a" />
      <TestMethod codeBase="F:\ETWork\bin\Tests\UnitTests.iCore.Component.Core.dll" adapterTypeName="Microsoft.VisualStudio.TestTools.TestTypes.Unit.UnitTestAdapter" className="UnitTests.iCore.Component.Core.ScriptBaseTests" name="GetSchemaPath_RequestedSchemaPathIsNotValidUri_ThrowException" />
    </UnitTest>
    <UnitTest name="GetSchemaPath_RequestedSchemaPathIsNotAbsoluteUri_ReturnsInternalSchemaPath" storage="f:\etwork\bin\tests\unittests.icore.component.core.dll" id="2bfd6695-dcbb-0098-1f2f-7b552b2ce389">
      <Execution id="eef7be25-394e-4fd7-9a21-91497bc72c24" />
      <TestMethod codeBase="F:\ETWork\bin\Tests\UnitTests.iCore.Component.Core.dll" adapterTypeName="Microsoft.VisualStudio.TestTools.TestTypes.Unit.UnitTestAdapter" className="UnitTests.iCore.Component.Core.ScriptBaseTests" name="GetSchemaPath_RequestedSchemaPathIsNotAbsoluteUri_ReturnsInternalSchemaPath" />
    </UnitTest>
    <UnitTest name="CopyFile_CorrectArguments_Success" storage="f:\etwork\bin\tests\unittests.icore.component.core.dll" id="3cef33e2-6807-013c-7957-4401260a45ce">
      <Execution id="3001b7b6-d641-476a-a90b-3b7408049b08" />
      <TestMethod codeBase="F:\ETWork\bin\Tests\UnitTests.iCore.Component.Core.dll" adapterTypeName="Microsoft.VisualStudio.TestTools.TestTypes.Unit.UnitTestAdapter" className="UnitTests.iCore.Component.Core.ManagedScriptObjects.ManagedAppObjectDirectoryMethodsTests" name="CopyFile_CorrectArguments_Success" />
    </UnitTest>
    <UnitTest name="CopyFile_DestinationIsDirectory_Success" storage="f:\etwork\bin\tests\unittests.icore.component.core.dll" id="51316c2c-9dca-a59a-e841-42fba69f2f4c">
      <Execution id="64622b81-3f5b-48bd-82c5-7fa11352014d" />
      <TestMethod codeBase="F:\ETWork\bin\Tests\UnitTests.iCore.Component.Core.dll" adapterTypeName="Microsoft.VisualStudio.TestTools.TestTypes.Unit.UnitTestAdapter" className="UnitTests.iCore.Component.Core.ManagedScriptObjects.ManagedAppObjectDirectoryMethodsTests" name="CopyFile_DestinationIsDirectory_Success" />
    </UnitTest>
    <UnitTest name="CopyFile_CopyFileFailed_CorrectReturnCode" storage="f:\etwork\bin\tests\unittests.icore.component.core.dll" id="137df20c-b678-4156-6866-bf5d83aa35e2">
      <Execution id="5e9d33cd-33a0-4785-a196-1286c7f9385c" />
      <TestMethod codeBase="F:\ETWork\bin\Tests\UnitTests.iCore.Component.Core.dll" adapterTypeName="Microsoft.VisualStudio.TestTools.TestTypes.Unit.UnitTestAdapter" className="UnitTests.iCore.Component.Core.ManagedScriptObjects.ManagedAppObjectDirectoryMethodsTests" name="CopyFile_CopyFileFailed_CorrectReturnCode" />
    </UnitTest>
    <UnitTest name="CreateDirectory_CorrectArguments_Success" storage="f:\etwork\bin\tests\unittests.icore.component.core.dll" id="f2eeea38-cbc8-c4f8-9e98-ff19d8033cbb">
      <Execution id="a24f8bb3-c0a4-40be-a58b-823faf631d6f" />
      <TestMethod codeBase="F:\ETWork\bin\Tests\UnitTests.iCore.Component.Core.dll" adapterTypeName="Microsoft.VisualStudio.TestTools.TestTypes.Unit.UnitTestAdapter" className="UnitTests.iCore.Component.Core.ManagedScriptObjects.ManagedAppObjectDirectoryMethodsTests" name="CreateDirectory_CorrectArguments_Success" />
    </UnitTest>
    <UnitTest name="CreateDirectory_CreateDirectoryFails_CorrectReturnCode" storage="f:\etwork\bin\tests\unittests.icore.component.core.dll" id="0e6b46dd-fcb5-ebac-d2b0-001c0099b002">
      <Execution id="0ea28e45-2d0f-420f-8d17-9672447b4634" />
      <TestMethod codeBase="F:\ETWork\bin\Tests\UnitTests.iCore.Component.Core.dll" adapterTypeName="Microsoft.VisualStudio.TestTools.TestTypes.Unit.UnitTestAdapter" className="UnitTests.iCore.Component.Core.ManagedScriptObjects.ManagedAppObjectDirectoryMethodsTests" name="CreateDirectory_CreateDirectoryFails_CorrectReturnCode" />
    </UnitTest>
    <UnitTest name="DeleteDirectory_CorrectArguments_Success" storage="f:\etwork\bin\tests\unittests.icore.component.core.dll" id="14dddadd-8357-9db4-b9d5-3d434e71bae5">
      <Execution id="6d57e352-aa4e-43fc-b4d3-c8f768243f19" />
      <TestMethod codeBase="F:\ETWork\bin\Tests\UnitTests.iCore.Component.Core.dll" adapterTypeName="Microsoft.VisualStudio.TestTools.TestTypes.Unit.UnitTestAdapter" className="UnitTests.iCore.Component.Core.ManagedScriptObjects.ManagedAppObjectDirectoryMethodsTests" name="DeleteDirectory_CorrectArguments_Success" />
    </UnitTest>
    <UnitTest name="DeleteDirectory_DeleteFails_CorrectReturnCode" storage="f:\etwork\bin\tests\unittests.icore.component.core.dll" id="b6de819b-7ba9-9424-1547-3b2b8d64e442">
      <Execution id="f0b2ebec-6dc6-4dbb-9bc9-663ff385cb60" />
      <TestMethod codeBase="F:\ETWork\bin\Tests\UnitTests.iCore.Component.Core.dll" adapterTypeName="Microsoft.VisualStudio.TestTools.TestTypes.Unit.UnitTestAdapter" className="UnitTests.iCore.Component.Core.ManagedScriptObjects.ManagedAppObjectDirectoryMethodsTests" name="DeleteDirectory_DeleteFails_CorrectReturnCode" />
    </UnitTest>
    <UnitTest name="DeleteFiles_CorrectArguments_Success" storage="f:\etwork\bin\tests\unittests.icore.component.core.dll" id="7f8709cf-e24d-d1a5-2564-24d6cd6ea1c6">
      <Execution id="d57b32e3-8d7a-43bf-bdd9-9f42a2494364" />
      <TestMethod codeBase="F:\ETWork\bin\Tests\UnitTests.iCore.Component.Core.dll" adapterTypeName="Microsoft.VisualStudio.TestTools.TestTypes.Unit.UnitTestAdapter" className="UnitTests.iCore.Component.Core.ManagedScriptObjects.ManagedAppObjectDirectoryMethodsTests" name="DeleteFiles_CorrectArguments_Success" />
    </UnitTest>
    <UnitTest name="DeleteFiles_DeleteFails_CorrectReturnCode" storage="f:\etwork\bin\tests\unittests.icore.component.core.dll" id="5809a7f4-7326-40d6-eefa-260a72b31a55">
      <Execution id="e45c78c7-65f2-4772-9d66-4ffc50e66295" />
      <TestMethod codeBase="F:\ETWork\bin\Tests\UnitTests.iCore.Component.Core.dll" adapterTypeName="Microsoft.VisualStudio.TestTools.TestTypes.Unit.UnitTestAdapter" className="UnitTests.iCore.Component.Core.ManagedScriptObjects.ManagedAppObjectDirectoryMethodsTests" name="DeleteFiles_DeleteFails_CorrectReturnCode" />
    </UnitTest>
    <UnitTest name="GetFileAttribute_CorrectArguments_Success" storage="f:\etwork\bin\tests\unittests.icore.component.core.dll" id="f3c1d817-169b-528d-e823-431e97b69b3c">
      <Execution id="c6cabc59-d08c-4163-8264-6960f4d9ffcc" />
      <TestMethod codeBase="F:\ETWork\bin\Tests\UnitTests.iCore.Component.Core.dll" adapterTypeName="Microsoft.VisualStudio.TestTools.TestTypes.Unit.UnitTestAdapter" className="UnitTests.iCore.Component.Core.ManagedScriptObjects.ManagedAppObjectDirectoryMethodsTests" name="GetFileAttribute_CorrectArguments_Success" />
    </UnitTest>
    <UnitTest name="GetFileAttribute_FileNotFound_CorrectReturnCode" storage="f:\etwork\bin\tests\unittests.icore.component.core.dll" id="3b90b1d7-7333-3ae8-e48a-b4bda7843301">
      <Execution id="f27f1204-46e9-452a-8f6a-b4c9d67f5cfb" />
      <TestMethod codeBase="F:\ETWork\bin\Tests\UnitTests.iCore.Component.Core.dll" adapterTypeName="Microsoft.VisualStudio.TestTools.TestTypes.Unit.UnitTestAdapter" className="UnitTests.iCore.Component.Core.ManagedScriptObjects.ManagedAppObjectDirectoryMethodsTests" name="GetFileAttribute_FileNotFound_CorrectReturnCode" />
    </UnitTest>
    <UnitTest name="GetFileAttribute_GetAttributeFails_CorrectReturnCode" storage="f:\etwork\bin\tests\unittests.icore.component.core.dll" id="073ade70-f7fc-f63f-6838-fd98c6252c88">
      <Execution id="cc2f4fa9-9438-45d1-9556-69d4a8364b40" />
      <TestMethod codeBase="F:\ETWork\bin\Tests\UnitTests.iCore.Component.Core.dll" adapterTypeName="Microsoft.VisualStudio.TestTools.TestTypes.Unit.UnitTestAdapter" className="UnitTests.iCore.Component.Core.ManagedScriptObjects.ManagedAppObjectDirectoryMethodsTests" name="GetFileAttribute_GetAttributeFails_CorrectReturnCode" />
    </UnitTest>
    <UnitTest name="GetFileAttribute_AttributeArgumentIsDirectoryAndFileArgumentIsDirecotry_Returns1" storage="f:\etwork\bin\tests\unittests.icore.component.core.dll" id="55972d3c-2a5b-2c51-9734-2a860801e923">
      <Execution id="6b6900c6-abce-4278-ae71-cfb696bead99" />
      <TestMethod codeBase="F:\ETWork\bin\Tests\UnitTests.iCore.Component.Core.dll" adapterTypeName="Microsoft.VisualStudio.TestTools.TestTypes.Unit.UnitTestAdapter" className="UnitTests.iCore.Component.Core.ManagedScriptObjects.ManagedAppObjectDirectoryMethodsTests" name="GetFileAttribute_AttributeArgumentIsDirectoryAndFileArgumentIsDirecotry_Returns1" />
    </UnitTest>
    <UnitTest name="GetFileAttribute_AttributeArgumentIsDirectoryAndFileArgumentIsFile_Returns0" storage="f:\etwork\bin\tests\unittests.icore.component.core.dll" id="7ef235e2-0bbc-3f87-9587-12afe7b96cce">
      <Execution id="505c09f2-b760-4bcd-b6a6-8c5922c25e6b" />
      <TestMethod codeBase="F:\ETWork\bin\Tests\UnitTests.iCore.Component.Core.dll" adapterTypeName="Microsoft.VisualStudio.TestTools.TestTypes.Unit.UnitTestAdapter" className="UnitTests.iCore.Component.Core.ManagedScriptObjects.ManagedAppObjectDirectoryMethodsTests" name="GetFileAttribute_AttributeArgumentIsDirectoryAndFileArgumentIsFile_Returns0" />
    </UnitTest>
    <UnitTest name="GetFileDate_CorrectArguments_Success" storage="f:\etwork\bin\tests\unittests.icore.component.core.dll" id="5ea1eb40-b01b-62a1-fb83-daf758ace824">
      <Execution id="a223b37a-d48b-4314-b460-25a153f902c3" />
      <TestMethod codeBase="F:\ETWork\bin\Tests\UnitTests.iCore.Component.Core.dll" adapterTypeName="Microsoft.VisualStudio.TestTools.TestTypes.Unit.UnitTestAdapter" className="UnitTests.iCore.Component.Core.ManagedScriptObjects.ManagedAppObjectDirectoryMethodsTests" name="GetFileDate_CorrectArguments_Success" />
    </UnitTest>
    <UnitTest name="GetFileDate_GetFileDateFails_CorrectReturnCode" storage="f:\etwork\bin\tests\unittests.icore.component.core.dll" id="1ee72dfe-3869-d56f-3a06-002a6a4acd8d">
      <Execution id="0a1751dc-ed69-41da-ae9a-4949747db366" />
      <TestMethod codeBase="F:\ETWork\bin\Tests\UnitTests.iCore.Component.Core.dll" adapterTypeName="Microsoft.VisualStudio.TestTools.TestTypes.Unit.UnitTestAdapter" className="UnitTests.iCore.Component.Core.ManagedScriptObjects.ManagedAppObjectDirectoryMethodsTests" name="GetFileDate_GetFileDateFails_CorrectReturnCode" />
    </UnitTest>
    <UnitTest name="GetPartOfPath_CorrectArguments_Success" storage="f:\etwork\bin\tests\unittests.icore.component.core.dll" id="9bc91e54-2369-92bd-e33f-e35e6fcc8ea1">
      <Execution id="0d43dca3-6b9e-43cd-8394-e3e404b649c7" />
      <TestMethod codeBase="F:\ETWork\bin\Tests\UnitTests.iCore.Component.Core.dll" adapterTypeName="Microsoft.VisualStudio.TestTools.TestTypes.Unit.UnitTestAdapter" className="UnitTests.iCore.Component.Core.ManagedScriptObjects.ManagedAppObjectDirectoryMethodsTests" name="GetPartOfPath_CorrectArguments_Success" />
    </UnitTest>
    <UnitTest name="GetPartOfPath_GetPartOfPathFails_CorrectReturnCode" storage="f:\etwork\bin\tests\unittests.icore.component.core.dll" id="3d9ae10a-30c7-2afd-1008-0cdb9c74550a">
      <Execution id="66a4c1f4-2d6c-4af2-a5a0-70ecdb100b46" />
      <TestMethod codeBase="F:\ETWork\bin\Tests\UnitTests.iCore.Component.Core.dll" adapterTypeName="Microsoft.VisualStudio.TestTools.TestTypes.Unit.UnitTestAdapter" className="UnitTests.iCore.Component.Core.ManagedScriptObjects.ManagedAppObjectDirectoryMethodsTests" name="GetPartOfPath_GetPartOfPathFails_CorrectReturnCode" />
    </UnitTest>
    <UnitTest name="GetTempFilename_CorrectArgumentsIncludePath_Success" storage="f:\etwork\bin\tests\unittests.icore.component.core.dll" id="cfaa7f6f-35a7-ed67-9c11-a83987a9cbaa">
      <Execution id="31751970-6e90-4655-89ed-d0dd3c31dd93" />
      <TestMethod codeBase="F:\ETWork\bin\Tests\UnitTests.iCore.Component.Core.dll" adapterTypeName="Microsoft.VisualStudio.TestTools.TestTypes.Unit.UnitTestAdapter" className="UnitTests.iCore.Component.Core.ManagedScriptObjects.ManagedAppObjectDirectoryMethodsTests" name="GetTempFilename_CorrectArgumentsIncludePath_Success" />
    </UnitTest>
    <UnitTest name="GetTempFilename_CorrectArgumentsDoNotIncludePath_Success" storage="f:\etwork\bin\tests\unittests.icore.component.core.dll" id="f1e86d23-5b1b-c52d-2b1c-4acd4cfd4192">
      <Execution id="f499f688-8a83-4c40-bf08-afc16a922df7" />
      <TestMethod codeBase="F:\ETWork\bin\Tests\UnitTests.iCore.Component.Core.dll" adapterTypeName="Microsoft.VisualStudio.TestTools.TestTypes.Unit.UnitTestAdapter" className="UnitTests.iCore.Component.Core.ManagedScriptObjects.ManagedAppObjectDirectoryMethodsTests" name="GetTempFilename_CorrectArgumentsDoNotIncludePath_Success" />
    </UnitTest>
    <UnitTest name="RenameFile_CorrectArguments_Success" storage="f:\etwork\bin\tests\unittests.icore.component.core.dll" id="b7267dcc-9b05-c155-44e0-2f5655439d03">
      <Execution id="6b050c4f-5167-4c06-ba37-e9b8325e8521" />
      <TestMethod codeBase="F:\ETWork\bin\Tests\UnitTests.iCore.Component.Core.dll" adapterTypeName="Microsoft.VisualStudio.TestTools.TestTypes.Unit.UnitTestAdapter" className="UnitTests.iCore.Component.Core.ManagedScriptObjects.ManagedAppObjectDirectoryMethodsTests" name="RenameFile_CorrectArguments_Success" />
    </UnitTest>
    <UnitTest name="RenameFile_RenameFileFails_CorrectReturnCode" storage="f:\etwork\bin\tests\unittests.icore.component.core.dll" id="2755f071-cf8a-4c51-c39b-75473603f334">
      <Execution id="b675b207-7749-4eb3-a142-434baac4bcac" />
      <TestMethod codeBase="F:\ETWork\bin\Tests\UnitTests.iCore.Component.Core.dll" adapterTypeName="Microsoft.VisualStudio.TestTools.TestTypes.Unit.UnitTestAdapter" className="UnitTests.iCore.Component.Core.ManagedScriptObjects.ManagedAppObjectDirectoryMethodsTests" name="RenameFile_RenameFileFails_CorrectReturnCode" />
    </UnitTest>
    <UnitTest name="SearchForFiles_CorrectArguments_Success" storage="f:\etwork\bin\tests\unittests.icore.component.core.dll" id="ee3edd54-b8d3-5065-f35a-60a14f93efcc">
      <Execution id="0cce5193-229e-4ce9-8efe-2d8cb31615a9" />
      <TestMethod codeBase="F:\ETWork\bin\Tests\UnitTests.iCore.Component.Core.dll" adapterTypeName="Microsoft.VisualStudio.TestTools.TestTypes.Unit.UnitTestAdapter" className="UnitTests.iCore.Component.Core.ManagedScriptObjects.ManagedAppObjectDirectoryMethodsTests" name="SearchForFiles_CorrectArguments_Success" />
    </UnitTest>
    <UnitTest name="SearchForFiles_SearchFails_CorrectReturnCode" storage="f:\etwork\bin\tests\unittests.icore.component.core.dll" id="e1af060b-a3e7-1df6-279d-7a08097ff6e7">
      <Execution id="f3454256-6805-465d-bbda-38d8d9ca8105" />
      <TestMethod codeBase="F:\ETWork\bin\Tests\UnitTests.iCore.Component.Core.dll" adapterTypeName="Microsoft.VisualStudio.TestTools.TestTypes.Unit.UnitTestAdapter" className="UnitTests.iCore.Component.Core.ManagedScriptObjects.ManagedAppObjectDirectoryMethodsTests" name="SearchForFiles_SearchFails_CorrectReturnCode" />
    </UnitTest>
    <UnitTest name="SetFileAttribute_CorrectArguments_Success" storage="f:\etwork\bin\tests\unittests.icore.component.core.dll" id="e9c76c36-c3c7-08bb-3f85-45fd1145e50c">
      <Execution id="d4771dc5-a02c-4f3a-a3fe-1e1054d2628b" />
      <TestMethod codeBase="F:\ETWork\bin\Tests\UnitTests.iCore.Component.Core.dll" adapterTypeName="Microsoft.VisualStudio.TestTools.TestTypes.Unit.UnitTestAdapter" className="UnitTests.iCore.Component.Core.ManagedScriptObjects.ManagedAppObjectDirectoryMethodsTests" name="SetFileAttribute_CorrectArguments_Success" />
    </UnitTest>
    <UnitTest name="SetFileAttribute_SetFileAttributeFails_CorrectReturnCode" storage="f:\etwork\bin\tests\unittests.icore.component.core.dll" id="80e21c67-5466-af0c-767b-b89c87d05b8d">
      <Execution id="45ba3d03-2b7a-4f0e-9592-6ed5cf28d394" />
      <TestMethod codeBase="F:\ETWork\bin\Tests\UnitTests.iCore.Component.Core.dll" adapterTypeName="Microsoft.VisualStudio.TestTools.TestTypes.Unit.UnitTestAdapter" className="UnitTests.iCore.Component.Core.ManagedScriptObjects.ManagedAppObjectDirectoryMethodsTests" name="SetFileAttribute_SetFileAttributeFails_CorrectReturnCode" />
    </UnitTest>
    <UnitTest name="SetFileDate_CorrectArguments_Success" storage="f:\etwork\bin\tests\unittests.icore.component.core.dll" id="79e43e63-b37d-b5cc-e4e7-6de4f2d33d86">
      <Execution id="c45cb04e-9c78-4fe0-a47e-f72446479c95" />
      <TestMethod codeBase="F:\ETWork\bin\Tests\UnitTests.iCore.Component.Core.dll" adapterTypeName="Microsoft.VisualStudio.TestTools.TestTypes.Unit.UnitTestAdapter" className="UnitTests.iCore.Component.Core.ManagedScriptObjects.ManagedAppObjectDirectoryMethodsTests" name="SetFileDate_CorrectArguments_Success" />
    </UnitTest>
    <UnitTest name="SetFileDate_WrongDateType_DateNotSet" storage="f:\etwork\bin\tests\unittests.icore.component.core.dll" id="214bc37b-0f9a-8b13-840e-79fb2a7f0ef1">
      <Execution id="a32c5d27-2b94-409a-ba27-f795c91b51a7" />
      <TestMethod codeBase="F:\ETWork\bin\Tests\UnitTests.iCore.Component.Core.dll" adapterTypeName="Microsoft.VisualStudio.TestTools.TestTypes.Unit.UnitTestAdapter" className="UnitTests.iCore.Component.Core.ManagedScriptObjects.ManagedAppObjectDirectoryMethodsTests" name="SetFileDate_WrongDateType_DateNotSet" />
    </UnitTest>
    <UnitTest name="SetFileDate_SetFileDateFails_CorrectReturnCode" storage="f:\etwork\bin\tests\unittests.icore.component.core.dll" id="13026c74-6dc1-5bcf-9aa6-b59b9eaef19f">
      <Execution id="8323538a-a68b-445d-88e0-95b61846b5b1" />
      <TestMethod codeBase="F:\ETWork\bin\Tests\UnitTests.iCore.Component.Core.dll" adapterTypeName="Microsoft.VisualStudio.TestTools.TestTypes.Unit.UnitTestAdapter" className="UnitTests.iCore.Component.Core.ManagedScriptObjects.ManagedAppObjectDirectoryMethodsTests" name="SetFileDate_SetFileDateFails_CorrectReturnCode" />
    </UnitTest>
    <UnitTest name="SetFileDate_FileNotFound_CorrectReturnCode" storage="f:\etwork\bin\tests\unittests.icore.component.core.dll" id="f734970a-7098-efee-76af-a47525131d6f">
      <Execution id="92383ef2-4f3e-431a-a330-f92c0776fd1b" />
      <TestMethod codeBase="F:\ETWork\bin\Tests\UnitTests.iCore.Component.Core.dll" adapterTypeName="Microsoft.VisualStudio.TestTools.TestTypes.Unit.UnitTestAdapter" className="UnitTests.iCore.Component.Core.ManagedScriptObjects.ManagedAppObjectDirectoryMethodsTests" name="SetFileDate_FileNotFound_CorrectReturnCode" />
    </UnitTest>
    <UnitTest name="URLEscape_TestCase1_Success" storage="f:\etwork\bin\tests\unittests.icore.component.core.dll" id="be2a2a3d-33aa-27bf-160a-5aafbd1411b0">
      <Execution id="532bfca0-c156-494f-992c-51997cdefa24" />
      <TestMethod codeBase="F:\ETWork\bin\Tests\UnitTests.iCore.Component.Core.dll" adapterTypeName="Microsoft.VisualStudio.TestTools.TestTypes.Unit.UnitTestAdapter" className="UnitTests.iCore.Component.Core.ManagedScriptObjects.ManagedAppObjectUtilitiesTests" name="URLEscape_TestCase1_Success" />
    </UnitTest>
    <UnitTest name="URLEscape_TestCase2_Success" storage="f:\etwork\bin\tests\unittests.icore.component.core.dll" id="1ea12466-a950-fa68-3864-d100e69270e1">
      <Execution id="f6796a1b-0ade-4e08-8cd3-5d09f0b8b6cd" />
      <TestMethod codeBase="F:\ETWork\bin\Tests\UnitTests.iCore.Component.Core.dll" adapterTypeName="Microsoft.VisualStudio.TestTools.TestTypes.Unit.UnitTestAdapter" className="UnitTests.iCore.Component.Core.ManagedScriptObjects.ManagedAppObjectUtilitiesTests" name="URLEscape_TestCase2_Success" />
    </UnitTest>
    <UnitTest name="URLEscape_CommaEscaped" storage="f:\etwork\bin\tests\unittests.icore.component.core.dll" id="df0ac2a9-86f7-3c3b-0294-cd581a6c3566">
      <Execution id="966cb00d-6ec4-4ac6-9a7e-d02f368e8ea3" />
      <TestMethod codeBase="F:\ETWork\bin\Tests\UnitTests.iCore.Component.Core.dll" adapterTypeName="Microsoft.VisualStudio.TestTools.TestTypes.Unit.UnitTestAdapter" className="UnitTests.iCore.Component.Core.ManagedScriptObjects.ManagedAppObjectUtilitiesTests" name="URLEscape_CommaEscaped" />
    </UnitTest>
    <UnitTest name="URLEscape_PlusEscaped" storage="f:\etwork\bin\tests\unittests.icore.component.core.dll" id="d67a573e-26f8-7125-3a5f-a4bfc820ec4f">
      <Execution id="c796e640-d4cd-4505-b203-33b580c5a53d" />
      <TestMethod codeBase="F:\ETWork\bin\Tests\UnitTests.iCore.Component.Core.dll" adapterTypeName="Microsoft.VisualStudio.TestTools.TestTypes.Unit.UnitTestAdapter" className="UnitTests.iCore.Component.Core.ManagedScriptObjects.ManagedAppObjectUtilitiesTests" name="URLEscape_PlusEscaped" />
    </UnitTest>
    <UnitTest name="URLEscape_ThenUnescaped_ReturnsInput" storage="f:\etwork\bin\tests\unittests.icore.component.core.dll" id="8cac4fba-86d1-f5d1-157a-35d6d2e5be86">
      <Execution id="f7cce692-cfcb-4b2d-bbcf-f790ec5b2a1f" />
      <TestMethod codeBase="F:\ETWork\bin\Tests\UnitTests.iCore.Component.Core.dll" adapterTypeName="Microsoft.VisualStudio.TestTools.TestTypes.Unit.UnitTestAdapter" className="UnitTests.iCore.Component.Core.ManagedScriptObjects.ManagedAppObjectUtilitiesTests" name="URLEscape_ThenUnescaped_ReturnsInput" />
    </UnitTest>
    <UnitTest name="UrlEscape_AllCharactersExceptAlphaAndNumericAndNotHashtagAndQuestionMark_Escaped" storage="f:\etwork\bin\tests\unittests.icore.component.core.dll" id="62e9d627-4031-6a68-4e69-d8bab61efb3e">
      <Execution id="3f76dbed-2d06-47c4-a309-78a1dee36bf8" />
      <TestMethod codeBase="F:\ETWork\bin\Tests\UnitTests.iCore.Component.Core.dll" adapterTypeName="Microsoft.VisualStudio.TestTools.TestTypes.Unit.UnitTestAdapter" className="UnitTests.iCore.Component.Core.ManagedScriptObjects.ManagedAppObjectUtilitiesTests" name="UrlEscape_AllCharactersExceptAlphaAndNumericAndNotHashtagAndQuestionMark_Escaped" />
    </UnitTest>
    <UnitTest name="URLUnescape_Success" storage="f:\etwork\bin\tests\unittests.icore.component.core.dll" id="89b82562-255d-274d-8a5c-9e523508f6d7">
      <Execution id="62303482-afd4-4db5-b452-47e0f66f5427" />
      <TestMethod codeBase="F:\ETWork\bin\Tests\UnitTests.iCore.Component.Core.dll" adapterTypeName="Microsoft.VisualStudio.TestTools.TestTypes.Unit.UnitTestAdapter" className="UnitTests.iCore.Component.Core.ManagedScriptObjects.ManagedAppObjectUtilitiesTests" name="URLUnescape_Success" />
    </UnitTest>
    <UnitTest name="URLUnescape_InvalidInput_ReturnsError" storage="f:\etwork\bin\tests\unittests.icore.component.core.dll" id="76d37b73-c1d0-63b5-2e4f-2352f18ecf07">
      <Execution id="ac91d274-dd37-46d0-9c37-0d2f0cbc1bc5" />
      <TestMethod codeBase="F:\ETWork\bin\Tests\UnitTests.iCore.Component.Core.dll" adapterTypeName="Microsoft.VisualStudio.TestTools.TestTypes.Unit.UnitTestAdapter" className="UnitTests.iCore.Component.Core.ManagedScriptObjects.ManagedAppObjectUtilitiesTests" name="URLUnescape_InvalidInput_ReturnsError" />
    </UnitTest>
    <UnitTest name="EscapeXMLString_ConvertAttributes_Success" storage="f:\etwork\bin\tests\unittests.icore.component.core.dll" id="7c9fd48c-9639-3fb5-4b05-76a91c304364">
      <Execution id="0e586af6-37d9-49cd-9e6d-8ceb050b3a76" />
      <TestMethod codeBase="F:\ETWork\bin\Tests\UnitTests.iCore.Component.Core.dll" adapterTypeName="Microsoft.VisualStudio.TestTools.TestTypes.Unit.UnitTestAdapter" className="UnitTests.iCore.Component.Core.ManagedScriptObjects.ManagedAppObjectUtilitiesTests" name="EscapeXMLString_ConvertAttributes_Success" />
    </UnitTest>
    <UnitTest name="EscapeXMLString_DoNotConvertAttributes_Success" storage="f:\etwork\bin\tests\unittests.icore.component.core.dll" id="953a5519-d3b2-a05e-4d66-18b2e8b7804c">
      <Execution id="8a828653-9410-41f6-aa8c-67de45142321" />
      <TestMethod codeBase="F:\ETWork\bin\Tests\UnitTests.iCore.Component.Core.dll" adapterTypeName="Microsoft.VisualStudio.TestTools.TestTypes.Unit.UnitTestAdapter" className="UnitTests.iCore.Component.Core.ManagedScriptObjects.ManagedAppObjectUtilitiesTests" name="EscapeXMLString_DoNotConvertAttributes_Success" />
    </UnitTest>
    <UnitTest name="EscapeXMLString_DoNotConvertAttributes_Failure" storage="f:\etwork\bin\tests\unittests.icore.component.core.dll" id="9a78c860-a2bb-826c-b7f5-b2e114a8d8c4">
      <Execution id="0fc1f407-3f2c-4f20-8578-056e43f459a8" />
      <TestMethod codeBase="F:\ETWork\bin\Tests\UnitTests.iCore.Component.Core.dll" adapterTypeName="Microsoft.VisualStudio.TestTools.TestTypes.Unit.UnitTestAdapter" className="UnitTests.iCore.Component.Core.ManagedScriptObjects.ManagedAppObjectUtilitiesTests" name="EscapeXMLString_DoNotConvertAttributes_Failure" />
    </UnitTest>
    <UnitTest name="GetFilter_ObjectCreated_DefaultIsEmptyString" storage="f:\etwork\bin\tests\unittests.icore.component.core.dll" id="ab5d133c-a1dc-c20f-7b59-12058d5139e8">
      <Execution id="ebf5cff3-cb57-4661-9fd6-d7f2f2c0548a" />
      <TestMethod codeBase="F:\ETWork\bin\Tests\UnitTests.iCore.Component.Core.dll" adapterTypeName="Microsoft.VisualStudio.TestTools.TestTypes.Unit.UnitTestAdapter" className="UnitTests.iCore.Component.Core.ManagedScriptObjects.ManagedObjectFileSystemWatchTests" name="GetFilter_ObjectCreated_DefaultIsEmptyString" />
    </UnitTest>
    <UnitTest name="GetInternalBufferSize_ObjectCreated_DefaultIs8192" storage="f:\etwork\bin\tests\unittests.icore.component.core.dll" id="ca217a86-3c65-54dd-7c18-ef0c4ec92e17">
      <Execution id="92f5690f-5b72-4db7-9edc-9ad7576b05d1" />
      <TestMethod codeBase="F:\ETWork\bin\Tests\UnitTests.iCore.Component.Core.dll" adapterTypeName="Microsoft.VisualStudio.TestTools.TestTypes.Unit.UnitTestAdapter" className="UnitTests.iCore.Component.Core.ManagedScriptObjects.ManagedObjectFileSystemWatchTests" name="GetInternalBufferSize_ObjectCreated_DefaultIs8192" />
    </UnitTest>
    <UnitTest name="GetNotifyFilter_ObjectCreated_DefaultIsFilename" storage="f:\etwork\bin\tests\unittests.icore.component.core.dll" id="2dd9518f-1cb7-3bc0-d885-49f025c1d6ad">
      <Execution id="bca4d120-0635-4a0b-9e52-06de7ce5f425" />
      <TestMethod codeBase="F:\ETWork\bin\Tests\UnitTests.iCore.Component.Core.dll" adapterTypeName="Microsoft.VisualStudio.TestTools.TestTypes.Unit.UnitTestAdapter" className="UnitTests.iCore.Component.Core.ManagedScriptObjects.ManagedObjectFileSystemWatchTests" name="GetNotifyFilter_ObjectCreated_DefaultIsFilename" />
    </UnitTest>
    <UnitTest name="GetWatchPath_ObjectCreated_DefaultIsEmptyString" storage="f:\etwork\bin\tests\unittests.icore.component.core.dll" id="553d637e-aa36-d525-076f-6da80e2bb837">
      <Execution id="b9bed094-180e-4362-b1a5-ede1ea66e362" />
      <TestMethod codeBase="F:\ETWork\bin\Tests\UnitTests.iCore.Component.Core.dll" adapterTypeName="Microsoft.VisualStudio.TestTools.TestTypes.Unit.UnitTestAdapter" className="UnitTests.iCore.Component.Core.ManagedScriptObjects.ManagedObjectFileSystemWatchTests" name="GetWatchPath_ObjectCreated_DefaultIsEmptyString" />
    </UnitTest>
    <UnitTest name="SetFilter_ValidValue_ReturnS_OK" storage="f:\etwork\bin\tests\unittests.icore.component.core.dll" id="a42dadff-a746-3fbb-d5a0-dad1b44ec4b7">
      <Execution id="802af884-cd86-495f-84ad-e8797f145bbb" />
      <TestMethod codeBase="F:\ETWork\bin\Tests\UnitTests.iCore.Component.Core.dll" adapterTypeName="Microsoft.VisualStudio.TestTools.TestTypes.Unit.UnitTestAdapter" className="UnitTests.iCore.Component.Core.ManagedScriptObjects.ManagedObjectFileSystemWatchTests" name="SetFilter_ValidValue_ReturnS_OK" />
    </UnitTest>
    <UnitTest name="SetInternalBufferSize_ValidValue_ReturnS_OK" storage="f:\etwork\bin\tests\unittests.icore.component.core.dll" id="1b0977e4-65cb-08bf-3819-691992098ab5">
      <Execution id="25940825-3a37-44c6-a593-f2aa3c8e29be" />
      <TestMethod codeBase="F:\ETWork\bin\Tests\UnitTests.iCore.Component.Core.dll" adapterTypeName="Microsoft.VisualStudio.TestTools.TestTypes.Unit.UnitTestAdapter" className="UnitTests.iCore.Component.Core.ManagedScriptObjects.ManagedObjectFileSystemWatchTests" name="SetInternalBufferSize_ValidValue_ReturnS_OK" />
    </UnitTest>
    <UnitTest name="SetNotifyFilter_ValidValue_ReturnS_OK" storage="f:\etwork\bin\tests\unittests.icore.component.core.dll" id="7fdb4d05-796a-5280-bad8-3ba0227fc2c6">
      <Execution id="a700bc2e-74bf-405a-ab97-82f6c944c663" />
      <TestMethod codeBase="F:\ETWork\bin\Tests\UnitTests.iCore.Component.Core.dll" adapterTypeName="Microsoft.VisualStudio.TestTools.TestTypes.Unit.UnitTestAdapter" className="UnitTests.iCore.Component.Core.ManagedScriptObjects.ManagedObjectFileSystemWatchTests" name="SetNotifyFilter_ValidValue_ReturnS_OK" />
    </UnitTest>
    <UnitTest name="SetWatchPath_ValidValue_ReturnS_OK" storage="f:\etwork\bin\tests\unittests.icore.component.core.dll" id="64870913-d443-9cf6-c6cd-c6a09b46062d">
      <Execution id="c0cebd24-2215-4b7d-8482-3a5db7126c5f" />
      <TestMethod codeBase="F:\ETWork\bin\Tests\UnitTests.iCore.Component.Core.dll" adapterTypeName="Microsoft.VisualStudio.TestTools.TestTypes.Unit.UnitTestAdapter" className="UnitTests.iCore.Component.Core.ManagedScriptObjects.ManagedObjectFileSystemWatchTests" name="SetWatchPath_ValidValue_ReturnS_OK" />
    </UnitTest>
    <UnitTest name="GetFilter_NewValueIsSet_ReturnsNewValue" storage="f:\etwork\bin\tests\unittests.icore.component.core.dll" id="615478b3-9332-60a9-1557-1cf3652d32df">
      <Execution id="980f8123-7a57-4321-98e8-dc0cf655aebf" />
      <TestMethod codeBase="F:\ETWork\bin\Tests\UnitTests.iCore.Component.Core.dll" adapterTypeName="Microsoft.VisualStudio.TestTools.TestTypes.Unit.UnitTestAdapter" className="UnitTests.iCore.Component.Core.ManagedScriptObjects.ManagedObjectFileSystemWatchTests" name="GetFilter_NewValueIsSet_ReturnsNewValue" />
    </UnitTest>
    <UnitTest name="GetInternalBufferSize_NewValueIsSet_ReturnsNewValue" storage="f:\etwork\bin\tests\unittests.icore.component.core.dll" id="5db538dc-8031-81b1-8b94-653c0a2ee9b1">
      <Execution id="3596013e-9e9f-47a9-a65b-180e36f26436" />
      <TestMethod codeBase="F:\ETWork\bin\Tests\UnitTests.iCore.Component.Core.dll" adapterTypeName="Microsoft.VisualStudio.TestTools.TestTypes.Unit.UnitTestAdapter" className="UnitTests.iCore.Component.Core.ManagedScriptObjects.ManagedObjectFileSystemWatchTests" name="GetInternalBufferSize_NewValueIsSet_ReturnsNewValue" />
    </UnitTest>
    <UnitTest name="GetNotifyFilter_NewValueIsSet_ReturnsNewValue" storage="f:\etwork\bin\tests\unittests.icore.component.core.dll" id="d9ee4071-7973-8c40-e99f-7abc72a9a4a6">
      <Execution id="490260ef-8420-4747-ae9f-4a20e02c72ed" />
      <TestMethod codeBase="F:\ETWork\bin\Tests\UnitTests.iCore.Component.Core.dll" adapterTypeName="Microsoft.VisualStudio.TestTools.TestTypes.Unit.UnitTestAdapter" className="UnitTests.iCore.Component.Core.ManagedScriptObjects.ManagedObjectFileSystemWatchTests" name="GetNotifyFilter_NewValueIsSet_ReturnsNewValue" />
    </UnitTest>
    <UnitTest name="GetWatchPath_NewValueIsSet_ReturnsNewValue" storage="f:\etwork\bin\tests\unittests.icore.component.core.dll" id="8f1b0e6e-8f2e-af22-7de6-55e930289b42">
      <Execution id="acb887dc-4e31-42e4-a510-acc11b1bca74" />
      <TestMethod codeBase="F:\ETWork\bin\Tests\UnitTests.iCore.Component.Core.dll" adapterTypeName="Microsoft.VisualStudio.TestTools.TestTypes.Unit.UnitTestAdapter" className="UnitTests.iCore.Component.Core.ManagedScriptObjects.ManagedObjectFileSystemWatchTests" name="GetWatchPath_NewValueIsSet_ReturnsNewValue" />
    </UnitTest>
    <UnitTest name="CancelWaitForChanged_ImplementationThrows_ErrorCodeIsReturned" storage="f:\etwork\bin\tests\unittests.icore.component.core.dll" id="c5444bb4-da68-1c5d-4f76-f75f817ebe00">
      <Execution id="3910aa89-daec-4e62-b526-9e12b4da8ea2" />
      <TestMethod codeBase="F:\ETWork\bin\Tests\UnitTests.iCore.Component.Core.dll" adapterTypeName="Microsoft.VisualStudio.TestTools.TestTypes.Unit.UnitTestAdapter" className="UnitTests.iCore.Component.Core.ManagedScriptObjects.ManagedObjectFileSystemWatchTests" name="CancelWaitForChanged_ImplementationThrows_ErrorCodeIsReturned" />
    </UnitTest>
    <UnitTest name="StartWaitForChanged_ImplementationThrows_ErrorCodeIsReturned" storage="f:\etwork\bin\tests\unittests.icore.component.core.dll" id="1251619c-c5ad-418c-bc6a-e0d3bda2da20">
      <Execution id="f551d2a7-8eeb-4fe9-81f2-1a613359ffd0" />
      <TestMethod codeBase="F:\ETWork\bin\Tests\UnitTests.iCore.Component.Core.dll" adapterTypeName="Microsoft.VisualStudio.TestTools.TestTypes.Unit.UnitTestAdapter" className="UnitTests.iCore.Component.Core.ManagedScriptObjects.ManagedObjectFileSystemWatchTests" name="StartWaitForChanged_ImplementationThrows_ErrorCodeIsReturned" />
    </UnitTest>
    <UnitTest name="WaitForFileChanged_ImplementationThrows_ErrorCodeIsReturned" storage="f:\etwork\bin\tests\unittests.icore.component.core.dll" id="d957d01d-06f9-00b6-c4fc-1f45bb41462b">
      <Execution id="03da1c43-969b-4973-be7a-7c3648810f24" />
      <TestMethod codeBase="F:\ETWork\bin\Tests\UnitTests.iCore.Component.Core.dll" adapterTypeName="Microsoft.VisualStudio.TestTools.TestTypes.Unit.UnitTestAdapter" className="UnitTests.iCore.Component.Core.ManagedScriptObjects.ManagedObjectFileSystemWatchTests" name="WaitForFileChanged_ImplementationThrows_ErrorCodeIsReturned" />
    </UnitTest>
    <UnitTest name="CancelWaitForChanged_NotStarted_ReturnSOK" storage="f:\etwork\bin\tests\unittests.icore.component.core.dll" id="b909f30c-f38c-9313-e1bb-cce045faccf8">
      <Execution id="676c983b-928f-4cd6-b0eb-7ae6cfbd9bde" />
      <TestMethod codeBase="F:\ETWork\bin\Tests\UnitTests.iCore.Component.Core.dll" adapterTypeName="Microsoft.VisualStudio.TestTools.TestTypes.Unit.UnitTestAdapter" className="UnitTests.iCore.Component.Core.ManagedScriptObjects.ManagedObjectFileSystemWatchTests" name="CancelWaitForChanged_NotStarted_ReturnSOK" />
    </UnitTest>
    <UnitTest name="WaitForFileChanged_NotStarted_ReturnError" storage="f:\etwork\bin\tests\unittests.icore.component.core.dll" id="93352463-36a1-1ae7-0078-74e9119c8d94">
      <Execution id="a1f92cf2-40c3-414b-8430-69a6ebe2f58d" />
      <TestMethod codeBase="F:\ETWork\bin\Tests\UnitTests.iCore.Component.Core.dll" adapterTypeName="Microsoft.VisualStudio.TestTools.TestTypes.Unit.UnitTestAdapter" className="UnitTests.iCore.Component.Core.ManagedScriptObjects.ManagedObjectFileSystemWatchTests" name="WaitForFileChanged_NotStarted_ReturnError" />
    </UnitTest>
    <UnitTest name="StartWaitForChanged_PropertiesAreSet_CorrectValuesAreUsed" storage="f:\etwork\bin\tests\unittests.icore.component.core.dll" id="f6825996-ea28-9f70-e078-68fdbd3026da">
      <Execution id="65d5b821-eacb-42a5-9368-d83c42eb25ce" />
      <TestMethod codeBase="F:\ETWork\bin\Tests\UnitTests.iCore.Component.Core.dll" adapterTypeName="Microsoft.VisualStudio.TestTools.TestTypes.Unit.UnitTestAdapter" className="UnitTests.iCore.Component.Core.ManagedScriptObjects.ManagedObjectFileSystemWatchTests" name="StartWaitForChanged_PropertiesAreSet_CorrectValuesAreUsed" />
    </UnitTest>
    <UnitTest name="WaitForFileChanged_ChangeIsCached_ExpectedFileAndTypeIsReturned" storage="f:\etwork\bin\tests\unittests.icore.component.core.dll" id="667609b0-1e92-421b-12c1-39027b5d01ed">
      <Execution id="4eb0d8b7-0882-4ad4-a8fc-436b7eb9b2db" />
      <TestMethod codeBase="F:\ETWork\bin\Tests\UnitTests.iCore.Component.Core.dll" adapterTypeName="Microsoft.VisualStudio.TestTools.TestTypes.Unit.UnitTestAdapter" className="UnitTests.iCore.Component.Core.ManagedScriptObjects.ManagedObjectFileSystemWatchTests" name="WaitForFileChanged_ChangeIsCached_ExpectedFileAndTypeIsReturned" />
    </UnitTest>
    <UnitTest name="ReadRecord_RecordReaderReturnsNull_ReturnsSFalse" storage="f:\etwork\bin\tests\unittests.icore.component.core.dll" id="eeeae07d-9c90-b3bf-802c-7dab8fb6cce9">
      <TestCategory>
        <TestCategoryItem TestCategory="InFile" />
      </TestCategory>
      <Execution id="5d6636b7-d403-4cd9-9695-0f1403ed9d36" />
      <TestMethod codeBase="F:\ETWork\bin\Tests\UnitTests.iCore.Component.Core.dll" adapterTypeName="Microsoft.VisualStudio.TestTools.TestTypes.Unit.UnitTestAdapter" className="UnitTests.iCore.Component.Core.ManagedScriptObjects.ManagedObjectInfileTests" name="ReadRecord_RecordReaderReturnsNull_ReturnsSFalse" />
    </UnitTest>
    <UnitTest name="ReadRecord_RecordReaderReturnsEmptyString_ReturnsSOK" storage="f:\etwork\bin\tests\unittests.icore.component.core.dll" id="3804707a-f1be-abfe-6bf8-204e3d364426">
      <TestCategory>
        <TestCategoryItem TestCategory="InFile" />
      </TestCategory>
      <Execution id="6c613459-8482-4b88-b5dc-58cea6211706" />
      <TestMethod codeBase="F:\ETWork\bin\Tests\UnitTests.iCore.Component.Core.dll" adapterTypeName="Microsoft.VisualStudio.TestTools.TestTypes.Unit.UnitTestAdapter" className="UnitTests.iCore.Component.Core.ManagedScriptObjects.ManagedObjectInfileTests" name="ReadRecord_RecordReaderReturnsEmptyString_ReturnsSOK" />
    </UnitTest>
    <UnitTest name="ReadRecord_RecordReaderThrowsException_ReturnsFail" storage="f:\etwork\bin\tests\unittests.icore.component.core.dll" id="90e7de45-a873-5224-cbfa-49ad197be5fb">
      <TestCategory>
        <TestCategoryItem TestCategory="InFile" />
      </TestCategory>
      <Execution id="bc703365-b301-4a9a-b593-13297f065f11" />
      <TestMethod codeBase="F:\ETWork\bin\Tests\UnitTests.iCore.Component.Core.dll" adapterTypeName="Microsoft.VisualStudio.TestTools.TestTypes.Unit.UnitTestAdapter" className="UnitTests.iCore.Component.Core.ManagedScriptObjects.ManagedObjectInfileTests" name="ReadRecord_RecordReaderThrowsException_ReturnsFail" />
    </UnitTest>
    <UnitTest name="OpenQueue_PathNameAndMakeFormatNameIsTrueAndPeek_CorrectParametersUsed" storage="f:\etwork\bin\tests\unittests.icore.component.core.dll" id="b758d197-eaa5-49d0-9206-906f7328ab57">
      <Execution id="e6d37bf8-ebe7-4673-bcda-9d73e4ee3cfd" />
      <TestMethod codeBase="F:\ETWork\bin\Tests\UnitTests.iCore.Component.Core.dll" adapterTypeName="Microsoft.VisualStudio.TestTools.TestTypes.Unit.UnitTestAdapter" className="UnitTests.iCore.Component.Core.ManagedScriptObjects.ManagedObjectMSMQQueueTests" name="OpenQueue_PathNameAndMakeFormatNameIsTrueAndPeek_CorrectParametersUsed" />
    </UnitTest>
    <UnitTest name="OpenQueue_PathNameAndMakeFormatNameIsTrueAndReceive_CorrectParametersUsed" storage="f:\etwork\bin\tests\unittests.icore.component.core.dll" id="8562dc5c-c883-02f7-f7a9-a7bf6b79d488">
      <Execution id="ab5d65a9-8609-4ca6-b649-cbe794ef842d" />
      <TestMethod codeBase="F:\ETWork\bin\Tests\UnitTests.iCore.Component.Core.dll" adapterTypeName="Microsoft.VisualStudio.TestTools.TestTypes.Unit.UnitTestAdapter" className="UnitTests.iCore.Component.Core.ManagedScriptObjects.ManagedObjectMSMQQueueTests" name="OpenQueue_PathNameAndMakeFormatNameIsTrueAndReceive_CorrectParametersUsed" />
    </UnitTest>
    <UnitTest name="OpenQueue_WrongAccessMode_ErrorCodeIsReturned" storage="f:\etwork\bin\tests\unittests.icore.component.core.dll" id="a5b75a47-d651-cba7-cab4-2b708cfb43fa">
      <Execution id="896ebf47-ac8f-496b-b353-b72d881d78c4" />
      <TestMethod codeBase="F:\ETWork\bin\Tests\UnitTests.iCore.Component.Core.dll" adapterTypeName="Microsoft.VisualStudio.TestTools.TestTypes.Unit.UnitTestAdapter" className="UnitTests.iCore.Component.Core.ManagedScriptObjects.ManagedObjectMSMQQueueTests" name="OpenQueue_WrongAccessMode_ErrorCodeIsReturned" />
    </UnitTest>
    <UnitTest name="OpenQueue_WrongFormatName_ErrorCodeIsReturned" storage="f:\etwork\bin\tests\unittests.icore.component.core.dll" id="23cd7f09-2491-893e-1e00-de9db4af24a4">
      <Execution id="7e6e77b9-4fe0-4bfd-8cf9-e2ba40b6f053" />
      <TestMethod codeBase="F:\ETWork\bin\Tests\UnitTests.iCore.Component.Core.dll" adapterTypeName="Microsoft.VisualStudio.TestTools.TestTypes.Unit.UnitTestAdapter" className="UnitTests.iCore.Component.Core.ManagedScriptObjects.ManagedObjectMSMQQueueTests" name="OpenQueue_WrongFormatName_ErrorCodeIsReturned" />
    </UnitTest>
    <UnitTest name="OpenQueue_QueueNameIsEmpty_ErrorCodeIsReturned" storage="f:\etwork\bin\tests\unittests.icore.component.core.dll" id="3e194a1b-d93f-d485-ea5e-2a23129839bc">
      <Execution id="989d0ba7-5745-4a6d-8c53-02c123c4a2dc" />
      <TestMethod codeBase="F:\ETWork\bin\Tests\UnitTests.iCore.Component.Core.dll" adapterTypeName="Microsoft.VisualStudio.TestTools.TestTypes.Unit.UnitTestAdapter" className="UnitTests.iCore.Component.Core.ManagedScriptObjects.ManagedObjectMSMQQueueTests" name="OpenQueue_QueueNameIsEmpty_ErrorCodeIsReturned" />
    </UnitTest>
    <UnitTest name="OpenQueue_QueueDoesNotExists_ErrorCodeIsReturned" storage="f:\etwork\bin\tests\unittests.icore.component.core.dll" id="dc9f1f10-3680-c842-141f-5e66a984bac2">
      <Execution id="3779c26d-db5e-4d6b-8192-5e78fbe67e9a" />
      <TestMethod codeBase="F:\ETWork\bin\Tests\UnitTests.iCore.Component.Core.dll" adapterTypeName="Microsoft.VisualStudio.TestTools.TestTypes.Unit.UnitTestAdapter" className="UnitTests.iCore.Component.Core.ManagedScriptObjects.ManagedObjectMSMQQueueTests" name="OpenQueue_QueueDoesNotExists_ErrorCodeIsReturned" />
    </UnitTest>
    <UnitTest name="OpenQueue_PeekAndNoReadRights_ErrorCodeIsReturned" storage="f:\etwork\bin\tests\unittests.icore.component.core.dll" id="c92a17d3-7710-3c85-969e-97c3946ffba0">
      <Execution id="3e1f2e31-70df-46fa-9104-a72824298603" />
      <TestMethod codeBase="F:\ETWork\bin\Tests\UnitTests.iCore.Component.Core.dll" adapterTypeName="Microsoft.VisualStudio.TestTools.TestTypes.Unit.UnitTestAdapter" className="UnitTests.iCore.Component.Core.ManagedScriptObjects.ManagedObjectMSMQQueueTests" name="OpenQueue_PeekAndNoReadRights_ErrorCodeIsReturned" />
    </UnitTest>
    <UnitTest name="OpenQueue_ReceiveAndNoReadRights_ErrorCodeIsReturned" storage="f:\etwork\bin\tests\unittests.icore.component.core.dll" id="c412fe77-44bb-21e7-8189-7d651a759eaf">
      <Execution id="5718852e-7765-4cc4-b6d8-ef10b8711472" />
      <TestMethod codeBase="F:\ETWork\bin\Tests\UnitTests.iCore.Component.Core.dll" adapterTypeName="Microsoft.VisualStudio.TestTools.TestTypes.Unit.UnitTestAdapter" className="UnitTests.iCore.Component.Core.ManagedScriptObjects.ManagedObjectMSMQQueueTests" name="OpenQueue_ReceiveAndNoReadRights_ErrorCodeIsReturned" />
    </UnitTest>
    <UnitTest name="OpenQueue_SendAndNoWriteRights_ErrorCodeIsReturned" storage="f:\etwork\bin\tests\unittests.icore.component.core.dll" id="3aaafae8-bb91-b5d0-ada1-67338c69fe18">
      <Execution id="2e6f130a-80da-4bc9-a78b-6a59fb7ed761" />
      <TestMethod codeBase="F:\ETWork\bin\Tests\UnitTests.iCore.Component.Core.dll" adapterTypeName="Microsoft.VisualStudio.TestTools.TestTypes.Unit.UnitTestAdapter" className="UnitTests.iCore.Component.Core.ManagedScriptObjects.ManagedObjectMSMQQueueTests" name="OpenQueue_SendAndNoWriteRights_ErrorCodeIsReturned" />
    </UnitTest>
    <UnitTest name="OpenQueue_QueueServiceFail_ErrorCodeIsReturned" storage="f:\etwork\bin\tests\unittests.icore.component.core.dll" id="1d2d852c-337c-f462-f72d-b0f335e61d83">
      <Execution id="279ef5ca-bc3f-46c3-bf3c-65e8f4891c7e" />
      <TestMethod codeBase="F:\ETWork\bin\Tests\UnitTests.iCore.Component.Core.dll" adapterTypeName="Microsoft.VisualStudio.TestTools.TestTypes.Unit.UnitTestAdapter" className="UnitTests.iCore.Component.Core.ManagedScriptObjects.ManagedObjectMSMQQueueTests" name="OpenQueue_QueueServiceFail_ErrorCodeIsReturned" />
    </UnitTest>
    <UnitTest name="Close_CloseOpenedQueue_CorrectExecution" storage="f:\etwork\bin\tests\unittests.icore.component.core.dll" id="a8909f45-40ec-b583-961d-db933542bf7f">
      <Execution id="fc00c37a-bcdc-4b91-95aa-f52e9d8618ba" />
      <TestMethod codeBase="F:\ETWork\bin\Tests\UnitTests.iCore.Component.Core.dll" adapterTypeName="Microsoft.VisualStudio.TestTools.TestTypes.Unit.UnitTestAdapter" className="UnitTests.iCore.Component.Core.ManagedScriptObjects.ManagedObjectMSMQQueueTests" name="Close_CloseOpenedQueue_CorrectExecution" />
    </UnitTest>
    <UnitTest name="Close_CloseClosedQueue_CorrectExecution" storage="f:\etwork\bin\tests\unittests.icore.component.core.dll" id="f19ba7a9-f21d-1ef7-ca89-7c8ed8744eb1">
      <Execution id="832797ae-4dfc-49d2-a967-94a83e1b0304" />
      <TestMethod codeBase="F:\ETWork\bin\Tests\UnitTests.iCore.Component.Core.dll" adapterTypeName="Microsoft.VisualStudio.TestTools.TestTypes.Unit.UnitTestAdapter" className="UnitTests.iCore.Component.Core.ManagedScriptObjects.ManagedObjectMSMQQueueTests" name="Close_CloseClosedQueue_CorrectExecution" />
    </UnitTest>
    <UnitTest name="Close_CloseOperationFail_ErrorCodeIsReturned" storage="f:\etwork\bin\tests\unittests.icore.component.core.dll" id="ac46d96e-3e02-01eb-ef23-495d820b3bbf">
      <Execution id="30995a0a-9633-4cec-95c1-608ac0be2c95" />
      <TestMethod codeBase="F:\ETWork\bin\Tests\UnitTests.iCore.Component.Core.dll" adapterTypeName="Microsoft.VisualStudio.TestTools.TestTypes.Unit.UnitTestAdapter" className="UnitTests.iCore.Component.Core.ManagedScriptObjects.ManagedObjectMSMQQueueTests" name="Close_CloseOperationFail_ErrorCodeIsReturned" />
    </UnitTest>
    <UnitTest name="PeekMessage_ValidParameters_BeginPeakCalled" storage="f:\etwork\bin\tests\unittests.icore.component.core.dll" id="978bf909-12af-1f94-2115-718651615118">
      <Execution id="51d11182-503b-49f5-9a8e-13e581321501" />
      <TestMethod codeBase="F:\ETWork\bin\Tests\UnitTests.iCore.Component.Core.dll" adapterTypeName="Microsoft.VisualStudio.TestTools.TestTypes.Unit.UnitTestAdapter" className="UnitTests.iCore.Component.Core.ManagedScriptObjects.ManagedObjectMSMQQueueTests" name="PeekMessage_ValidParameters_BeginPeakCalled" />
    </UnitTest>
    <UnitTest name="ReceiveMessage_ValidParameters_BeginReceiveCalled" storage="f:\etwork\bin\tests\unittests.icore.component.core.dll" id="c6bf1991-8f61-7d89-df9c-74a42fa38c69">
      <Execution id="c05a8deb-7a87-445a-b327-52b1c1603486" />
      <TestMethod codeBase="F:\ETWork\bin\Tests\UnitTests.iCore.Component.Core.dll" adapterTypeName="Microsoft.VisualStudio.TestTools.TestTypes.Unit.UnitTestAdapter" className="UnitTests.iCore.Component.Core.ManagedScriptObjects.ManagedObjectMSMQQueueTests" name="ReceiveMessage_ValidParameters_BeginReceiveCalled" />
    </UnitTest>
    <UnitTest name="SendMessageToQueue_ValidParameters_ValidExecution" storage="f:\etwork\bin\tests\unittests.icore.component.core.dll" id="b369e989-a032-a3cf-5b14-e88fa99021df">
      <Execution id="bf961133-ea35-4125-a32f-f3a8fe3ed829" />
      <TestMethod codeBase="F:\ETWork\bin\Tests\UnitTests.iCore.Component.Core.dll" adapterTypeName="Microsoft.VisualStudio.TestTools.TestTypes.Unit.UnitTestAdapter" className="UnitTests.iCore.Component.Core.ManagedScriptObjects.ManagedObjectMSMQQueueTests" name="SendMessageToQueue_ValidParameters_ValidExecution" />
    </UnitTest>
    <UnitTest name="get_FormatName_ValidVariable_CorrectValueSet" storage="f:\etwork\bin\tests\unittests.icore.component.core.dll" id="af7ac218-2f86-7d51-b4c0-145ef7458250">
      <Execution id="ee14740b-c476-4ca5-b7cb-7003133334fa" />
      <TestMethod codeBase="F:\ETWork\bin\Tests\UnitTests.iCore.Component.Core.dll" adapterTypeName="Microsoft.VisualStudio.TestTools.TestTypes.Unit.UnitTestAdapter" className="UnitTests.iCore.Component.Core.ManagedScriptObjects.ManagedObjectMSMQQueueTests" name="get_FormatName_ValidVariable_CorrectValueSet" />
    </UnitTest>
    <UnitTest name="get_Path_ValidVariable_CorrectValueSet" storage="f:\etwork\bin\tests\unittests.icore.component.core.dll" id="dfc11193-7eb4-ea1d-303c-f015aded6364">
      <Execution id="842855e6-b2db-4d76-8456-03f77f6c84f3" />
      <TestMethod codeBase="F:\ETWork\bin\Tests\UnitTests.iCore.Component.Core.dll" adapterTypeName="Microsoft.VisualStudio.TestTools.TestTypes.Unit.UnitTestAdapter" className="UnitTests.iCore.Component.Core.ManagedScriptObjects.ManagedObjectMSMQQueueTests" name="get_Path_ValidVariable_CorrectValueSet" />
    </UnitTest>
    <UnitTest name="get_QueueIsOpen_ValidVariable_CorrectValueSet" storage="f:\etwork\bin\tests\unittests.icore.component.core.dll" id="7129201b-f8b2-cac9-cd43-4e53f920d684">
      <Execution id="1b0d6785-8f0a-497c-99a2-39c124dcfc6a" />
      <TestMethod codeBase="F:\ETWork\bin\Tests\UnitTests.iCore.Component.Core.dll" adapterTypeName="Microsoft.VisualStudio.TestTools.TestTypes.Unit.UnitTestAdapter" className="UnitTests.iCore.Component.Core.ManagedScriptObjects.ManagedObjectMSMQQueueTests" name="get_QueueIsOpen_ValidVariable_CorrectValueSet" />
    </UnitTest>
    <UnitTest name="ManagedObjectNamedPipe_Connect_ValidPipeName_ReturnS_OK" storage="f:\etwork\bin\tests\unittests.icore.component.core.dll" id="3efa07d2-e980-9f4f-1d0e-b14cd48d0549">
      <Execution id="6cfc6a0e-4666-4534-9d84-ca8633840c62" />
      <TestMethod codeBase="F:\ETWork\bin\Tests\UnitTests.iCore.Component.Core.dll" adapterTypeName="Microsoft.VisualStudio.TestTools.TestTypes.Unit.UnitTestAdapter" className="UnitTests.iCore.Component.Core.ManagedScriptObjects.ManagedObjectNamedPipeTests" name="ManagedObjectNamedPipe_Connect_ValidPipeName_ReturnS_OK" />
    </UnitTest>
    <UnitTest name="ManagedObjectNamedPipe_Connect_NullPipeName" storage="f:\etwork\bin\tests\unittests.icore.component.core.dll" id="a6f07759-be9a-ca76-45b2-a4ac5fa1a6cf">
      <Execution id="0a7b1864-bfb6-4ffe-8689-4d32f3b72997" />
      <TestMethod codeBase="F:\ETWork\bin\Tests\UnitTests.iCore.Component.Core.dll" adapterTypeName="Microsoft.VisualStudio.TestTools.TestTypes.Unit.UnitTestAdapter" className="UnitTests.iCore.Component.Core.ManagedScriptObjects.ManagedObjectNamedPipeTests" name="ManagedObjectNamedPipe_Connect_NullPipeName" />
    </UnitTest>
    <UnitTest name="ManagedObjectNamedPipe_Connect_InvalidPipeName" storage="f:\etwork\bin\tests\unittests.icore.component.core.dll" id="8584bad8-d425-3305-f7ec-0a30ae7a4401">
      <Execution id="d93ead53-1dbc-4c81-bfb4-6140c5bf16be" />
      <TestMethod codeBase="F:\ETWork\bin\Tests\UnitTests.iCore.Component.Core.dll" adapterTypeName="Microsoft.VisualStudio.TestTools.TestTypes.Unit.UnitTestAdapter" className="UnitTests.iCore.Component.Core.ManagedScriptObjects.ManagedObjectNamedPipeTests" name="ManagedObjectNamedPipe_Connect_InvalidPipeName" />
    </UnitTest>
    <UnitTest name="ManagedObjectNamedPipe_CreateTest_Success" storage="f:\etwork\bin\tests\unittests.icore.component.core.dll" id="948c6e50-b89c-238c-9ecd-712d88ad26d6">
      <Execution id="59a6d700-f334-4741-85c0-12d6cf63de0a" />
      <TestMethod codeBase="F:\ETWork\bin\Tests\UnitTests.iCore.Component.Core.dll" adapterTypeName="Microsoft.VisualStudio.TestTools.TestTypes.Unit.UnitTestAdapter" className="UnitTests.iCore.Component.Core.ManagedScriptObjects.ManagedObjectNamedPipeTests" name="ManagedObjectNamedPipe_CreateTest_Success" />
    </UnitTest>
    <UnitTest name="ManagedObjectNamedPipe_CreateTest_Failure" storage="f:\etwork\bin\tests\unittests.icore.component.core.dll" id="95b9cc3e-c175-51c3-eb18-1dad3c6fb7e6">
      <Execution id="bdaf3456-c4c1-4bfa-9cc9-6da9c6ab5ecf" />
      <TestMethod codeBase="F:\ETWork\bin\Tests\UnitTests.iCore.Component.Core.dll" adapterTypeName="Microsoft.VisualStudio.TestTools.TestTypes.Unit.UnitTestAdapter" className="UnitTests.iCore.Component.Core.ManagedScriptObjects.ManagedObjectNamedPipeTests" name="ManagedObjectNamedPipe_CreateTest_Failure" />
    </UnitTest>
    <UnitTest name="ManagedObjectNamedPipe_Close_Closes_Service_ReturnS_OK" storage="f:\etwork\bin\tests\unittests.icore.component.core.dll" id="0b8c6ff9-d5bb-1fed-6a4a-52605a85f60c">
      <Execution id="5142bee1-3a37-4942-a49a-9c1c4a79b224" />
      <TestMethod codeBase="F:\ETWork\bin\Tests\UnitTests.iCore.Component.Core.dll" adapterTypeName="Microsoft.VisualStudio.TestTools.TestTypes.Unit.UnitTestAdapter" className="UnitTests.iCore.Component.Core.ManagedScriptObjects.ManagedObjectNamedPipeTests" name="ManagedObjectNamedPipe_Close_Closes_Service_ReturnS_OK" />
    </UnitTest>
    <UnitTest name="ManagedObjectNamedPipe_Close_ServiceFails_ReturnsError" storage="f:\etwork\bin\tests\unittests.icore.component.core.dll" id="35c0380f-e604-97a2-d077-d7ee55dc0e0d">
      <Execution id="81b572f1-6d21-49e9-803b-5f98d844286e" />
      <TestMethod codeBase="F:\ETWork\bin\Tests\UnitTests.iCore.Component.Core.dll" adapterTypeName="Microsoft.VisualStudio.TestTools.TestTypes.Unit.UnitTestAdapter" className="UnitTests.iCore.Component.Core.ManagedScriptObjects.ManagedObjectNamedPipeTests" name="ManagedObjectNamedPipe_Close_ServiceFails_ReturnsError" />
    </UnitTest>
    <UnitTest name="ManagedObjectNamedPipe_ReadString_Success_Test" storage="f:\etwork\bin\tests\unittests.icore.component.core.dll" id="399731ca-be7b-a4e4-ab07-0004a82f7530">
      <Execution id="a33ceae7-329a-479d-957d-c04d84de77d2" />
      <TestMethod codeBase="F:\ETWork\bin\Tests\UnitTests.iCore.Component.Core.dll" adapterTypeName="Microsoft.VisualStudio.TestTools.TestTypes.Unit.UnitTestAdapter" className="UnitTests.iCore.Component.Core.ManagedScriptObjects.ManagedObjectNamedPipeTests" name="ManagedObjectNamedPipe_ReadString_Success_Test" />
    </UnitTest>
    <UnitTest name="ManagedObjectNamedPipe_ReadString_ReadLimitedNoOfChars_Success" storage="f:\etwork\bin\tests\unittests.icore.component.core.dll" id="3be58365-720e-c682-b002-481171098582">
      <Execution id="d5f575b8-d985-41f8-ac16-60e000e8a79a" />
      <TestMethod codeBase="F:\ETWork\bin\Tests\UnitTests.iCore.Component.Core.dll" adapterTypeName="Microsoft.VisualStudio.TestTools.TestTypes.Unit.UnitTestAdapter" className="UnitTests.iCore.Component.Core.ManagedScriptObjects.ManagedObjectNamedPipeTests" name="ManagedObjectNamedPipe_ReadString_ReadLimitedNoOfChars_Success" />
    </UnitTest>
    <UnitTest name="ManagedObjectNamedPipe_ReadString_Timeout" storage="f:\etwork\bin\tests\unittests.icore.component.core.dll" id="5dee8f74-acb3-b4b5-dd21-b29141d0a065">
      <Execution id="75280b4d-d042-40f1-93d0-84a7b3a26b65" />
      <TestMethod codeBase="F:\ETWork\bin\Tests\UnitTests.iCore.Component.Core.dll" adapterTypeName="Microsoft.VisualStudio.TestTools.TestTypes.Unit.UnitTestAdapter" className="UnitTests.iCore.Component.Core.ManagedScriptObjects.ManagedObjectNamedPipeTests" name="ManagedObjectNamedPipe_ReadString_Timeout" />
    </UnitTest>
    <UnitTest name="ManagedObjectNamedPipe_ReadString_NotConnected_Fails" storage="f:\etwork\bin\tests\unittests.icore.component.core.dll" id="fbdcf33d-7dfb-97c9-b080-d57d76af1fa7">
      <Execution id="08867b50-6f5f-4158-a29f-5ba4a28ee41f" />
      <TestMethod codeBase="F:\ETWork\bin\Tests\UnitTests.iCore.Component.Core.dll" adapterTypeName="Microsoft.VisualStudio.TestTools.TestTypes.Unit.UnitTestAdapter" className="UnitTests.iCore.Component.Core.ManagedScriptObjects.ManagedObjectNamedPipeTests" name="ManagedObjectNamedPipe_ReadString_NotConnected_Fails" />
    </UnitTest>
    <UnitTest name="ManagedObjectNamedPipe_WriteString_Success_ReturnS_OK" storage="f:\etwork\bin\tests\unittests.icore.component.core.dll" id="b2e89f73-4133-3b41-07b7-4ee461c2ecf7">
      <Execution id="6d3c4e81-1cc4-4bcc-bd7f-3268ea05a6fc" />
      <TestMethod codeBase="F:\ETWork\bin\Tests\UnitTests.iCore.Component.Core.dll" adapterTypeName="Microsoft.VisualStudio.TestTools.TestTypes.Unit.UnitTestAdapter" className="UnitTests.iCore.Component.Core.ManagedScriptObjects.ManagedObjectNamedPipeTests" name="ManagedObjectNamedPipe_WriteString_Success_ReturnS_OK" />
    </UnitTest>
    <UnitTest name="ManagedObjectNamedPipe_WriteString_PrepareSystemShutdown" storage="f:\etwork\bin\tests\unittests.icore.component.core.dll" id="37de7b0f-b263-6de1-69dd-b7b31ea17157">
      <Execution id="0f4518bd-1e60-40bc-99b3-d1742f3a7757" />
      <TestMethod codeBase="F:\ETWork\bin\Tests\UnitTests.iCore.Component.Core.dll" adapterTypeName="Microsoft.VisualStudio.TestTools.TestTypes.Unit.UnitTestAdapter" className="UnitTests.iCore.Component.Core.ManagedScriptObjects.ManagedObjectNamedPipeTests" name="ManagedObjectNamedPipe_WriteString_PrepareSystemShutdown" />
    </UnitTest>
    <UnitTest name="ManagedObjectNamedPipe_WriteString_NullArgument_Fails" storage="f:\etwork\bin\tests\unittests.icore.component.core.dll" id="f9ce4da8-267e-ccfe-fa1a-05f43c639686">
      <Execution id="da46bcbf-5a5f-4acf-9fd4-04818d71e0ba" />
      <TestMethod codeBase="F:\ETWork\bin\Tests\UnitTests.iCore.Component.Core.dll" adapterTypeName="Microsoft.VisualStudio.TestTools.TestTypes.Unit.UnitTestAdapter" className="UnitTests.iCore.Component.Core.ManagedScriptObjects.ManagedObjectNamedPipeTests" name="ManagedObjectNamedPipe_WriteString_NullArgument_Fails" />
    </UnitTest>
    <UnitTest name="ManagedObjectNamedPipe_WriteString_NotConnected_Fails" storage="f:\etwork\bin\tests\unittests.icore.component.core.dll" id="086a2b17-fa91-1462-dc08-4343a274ea57">
      <Execution id="2f6e7721-97d6-4e95-9c0f-24ad8e7e41d2" />
      <TestMethod codeBase="F:\ETWork\bin\Tests\UnitTests.iCore.Component.Core.dll" adapterTypeName="Microsoft.VisualStudio.TestTools.TestTypes.Unit.UnitTestAdapter" className="UnitTests.iCore.Component.Core.ManagedScriptObjects.ManagedObjectNamedPipeTests" name="ManagedObjectNamedPipe_WriteString_NotConnected_Fails" />
    </UnitTest>
    <UnitTest name="ManagedObjectNamedPipe_ReadInteger_Success_ReturnS_OK" storage="f:\etwork\bin\tests\unittests.icore.component.core.dll" id="e4c50118-0733-b5a5-a4ec-df482988938c">
      <Execution id="8d07c5ae-db67-4cad-b59f-58545f1d7ba0" />
      <TestMethod codeBase="F:\ETWork\bin\Tests\UnitTests.iCore.Component.Core.dll" adapterTypeName="Microsoft.VisualStudio.TestTools.TestTypes.Unit.UnitTestAdapter" className="UnitTests.iCore.Component.Core.ManagedScriptObjects.ManagedObjectNamedPipeTests" name="ManagedObjectNamedPipe_ReadInteger_Success_ReturnS_OK" />
    </UnitTest>
    <UnitTest name="ManagedObjectNamedPipe_ReadInteger_SystemShutdown" storage="f:\etwork\bin\tests\unittests.icore.component.core.dll" id="03ab36a9-9664-6ac0-422d-3eef5867b795">
      <Execution id="760ff971-5dd9-4114-8013-d287984b4e68" />
      <TestMethod codeBase="F:\ETWork\bin\Tests\UnitTests.iCore.Component.Core.dll" adapterTypeName="Microsoft.VisualStudio.TestTools.TestTypes.Unit.UnitTestAdapter" className="UnitTests.iCore.Component.Core.ManagedScriptObjects.ManagedObjectNamedPipeTests" name="ManagedObjectNamedPipe_ReadInteger_SystemShutdown" />
    </UnitTest>
    <UnitTest name="ManagedObjectNamedPipe_ReadInteger_NotConnected_Fails" storage="f:\etwork\bin\tests\unittests.icore.component.core.dll" id="d60025df-1705-3c00-d16d-b2d6435975dc">
      <Execution id="06b34800-25f1-4cb6-af18-08396664e260" />
      <TestMethod codeBase="F:\ETWork\bin\Tests\UnitTests.iCore.Component.Core.dll" adapterTypeName="Microsoft.VisualStudio.TestTools.TestTypes.Unit.UnitTestAdapter" className="UnitTests.iCore.Component.Core.ManagedScriptObjects.ManagedObjectNamedPipeTests" name="ManagedObjectNamedPipe_ReadInteger_NotConnected_Fails" />
    </UnitTest>
    <UnitTest name="ManagedObjectNamedPipe_WriteInteger_Success_ReturnS_OK" storage="f:\etwork\bin\tests\unittests.icore.component.core.dll" id="405cb728-4473-0670-b8d8-6155b234ec01">
      <Execution id="e21a9df8-5520-4aea-8079-c8a4029bda0e" />
      <TestMethod codeBase="F:\ETWork\bin\Tests\UnitTests.iCore.Component.Core.dll" adapterTypeName="Microsoft.VisualStudio.TestTools.TestTypes.Unit.UnitTestAdapter" className="UnitTests.iCore.Component.Core.ManagedScriptObjects.ManagedObjectNamedPipeTests" name="ManagedObjectNamedPipe_WriteInteger_Success_ReturnS_OK" />
    </UnitTest>
    <UnitTest name="ManagedObjectNamedPipe_WriteInteger_WaitError" storage="f:\etwork\bin\tests\unittests.icore.component.core.dll" id="766fb526-767c-7fa3-8d62-a19a15e3ae57">
      <Execution id="cbf1f62e-566a-4909-95dd-27c7158a0849" />
      <TestMethod codeBase="F:\ETWork\bin\Tests\UnitTests.iCore.Component.Core.dll" adapterTypeName="Microsoft.VisualStudio.TestTools.TestTypes.Unit.UnitTestAdapter" className="UnitTests.iCore.Component.Core.ManagedScriptObjects.ManagedObjectNamedPipeTests" name="ManagedObjectNamedPipe_WriteInteger_WaitError" />
    </UnitTest>
    <UnitTest name="ManagedObjectNamedPipe_WriteInteger_NotConnected_Fails" storage="f:\etwork\bin\tests\unittests.icore.component.core.dll" id="dd704002-7cc9-1f8e-8488-677b2b846baf">
      <Execution id="982832bc-cb61-4598-94e3-98f90b25f27b" />
      <TestMethod codeBase="F:\ETWork\bin\Tests\UnitTests.iCore.Component.Core.dll" adapterTypeName="Microsoft.VisualStudio.TestTools.TestTypes.Unit.UnitTestAdapter" className="UnitTests.iCore.Component.Core.ManagedScriptObjects.ManagedObjectNamedPipeTests" name="ManagedObjectNamedPipe_WriteInteger_NotConnected_Fails" />
    </UnitTest>
    <UnitTest name="ManagedObjectNamedPipe_ReadBinaryData_Success" storage="f:\etwork\bin\tests\unittests.icore.component.core.dll" id="fd1d86c0-a46a-6465-3cf5-7a42f7a1c6cd">
      <Execution id="35dec8a7-6cad-4b4f-8bb8-1e0535b30536" />
      <TestMethod codeBase="F:\ETWork\bin\Tests\UnitTests.iCore.Component.Core.dll" adapterTypeName="Microsoft.VisualStudio.TestTools.TestTypes.Unit.UnitTestAdapter" className="UnitTests.iCore.Component.Core.ManagedScriptObjects.ManagedObjectNamedPipeTests" name="ManagedObjectNamedPipe_ReadBinaryData_Success" />
    </UnitTest>
    <UnitTest name="ManagedObjectNamedPipe_ReadBinaryData_DataCanBeAppendedToBinaryArray" storage="f:\etwork\bin\tests\unittests.icore.component.core.dll" id="637fdbf3-8d8d-10be-a15b-6dcb9493c84c">
      <Execution id="08dc3843-6bd9-4b59-8f9d-638efe90f43e" />
      <TestMethod codeBase="F:\ETWork\bin\Tests\UnitTests.iCore.Component.Core.dll" adapterTypeName="Microsoft.VisualStudio.TestTools.TestTypes.Unit.UnitTestAdapter" className="UnitTests.iCore.Component.Core.ManagedScriptObjects.ManagedObjectNamedPipeTests" name="ManagedObjectNamedPipe_ReadBinaryData_DataCanBeAppendedToBinaryArray" />
    </UnitTest>
    <UnitTest name="ManagedObjectNamedPipe_ReadBinaryData_LimitedNoOfBytes_Success" storage="f:\etwork\bin\tests\unittests.icore.component.core.dll" id="076fee17-8b81-7e74-794b-ad9487c35570">
      <Execution id="199f07bb-0860-489b-a317-86bf9506b297" />
      <TestMethod codeBase="F:\ETWork\bin\Tests\UnitTests.iCore.Component.Core.dll" adapterTypeName="Microsoft.VisualStudio.TestTools.TestTypes.Unit.UnitTestAdapter" className="UnitTests.iCore.Component.Core.ManagedScriptObjects.ManagedObjectNamedPipeTests" name="ManagedObjectNamedPipe_ReadBinaryData_LimitedNoOfBytes_Success" />
    </UnitTest>
    <UnitTest name="ManagedObjectNamedPipe_ReadBinaryData_LimitedNoOfBytes_Timeout" storage="f:\etwork\bin\tests\unittests.icore.component.core.dll" id="3eab8744-f351-7a88-77ac-b04b1768f0d6">
      <Execution id="36ed22c2-c50f-4567-8685-c07f8a001a0c" />
      <TestMethod codeBase="F:\ETWork\bin\Tests\UnitTests.iCore.Component.Core.dll" adapterTypeName="Microsoft.VisualStudio.TestTools.TestTypes.Unit.UnitTestAdapter" className="UnitTests.iCore.Component.Core.ManagedScriptObjects.ManagedObjectNamedPipeTests" name="ManagedObjectNamedPipe_ReadBinaryData_LimitedNoOfBytes_Timeout" />
    </UnitTest>
    <UnitTest name="ManagedObjectNamedPipe_ReadBinaryData_Timeout" storage="f:\etwork\bin\tests\unittests.icore.component.core.dll" id="b39d7b02-3f3e-5760-0d38-e373b0d9e696">
      <Execution id="788c6124-d18a-4dca-a420-2210c102c6e4" />
      <TestMethod codeBase="F:\ETWork\bin\Tests\UnitTests.iCore.Component.Core.dll" adapterTypeName="Microsoft.VisualStudio.TestTools.TestTypes.Unit.UnitTestAdapter" className="UnitTests.iCore.Component.Core.ManagedScriptObjects.ManagedObjectNamedPipeTests" name="ManagedObjectNamedPipe_ReadBinaryData_Timeout" />
    </UnitTest>
    <UnitTest name="ManagedObjectNamedPipe_ReadBinaryData_NotConnected_Fails" storage="f:\etwork\bin\tests\unittests.icore.component.core.dll" id="8cce2bfa-fe39-f113-537b-f9758366985d">
      <Execution id="778219c6-2607-4685-b955-0e5383cb7555" />
      <TestMethod codeBase="F:\ETWork\bin\Tests\UnitTests.iCore.Component.Core.dll" adapterTypeName="Microsoft.VisualStudio.TestTools.TestTypes.Unit.UnitTestAdapter" className="UnitTests.iCore.Component.Core.ManagedScriptObjects.ManagedObjectNamedPipeTests" name="ManagedObjectNamedPipe_ReadBinaryData_NotConnected_Fails" />
    </UnitTest>
    <UnitTest name="ManagedObjectNamedPipe_WriteBinaryData_Success_ReturnS_OK" storage="f:\etwork\bin\tests\unittests.icore.component.core.dll" id="2f234531-ade1-8d80-67e2-f11efcd67c27">
      <Execution id="aa9ad3e4-d215-4736-aab0-0b56e7c7aca4" />
      <TestMethod codeBase="F:\ETWork\bin\Tests\UnitTests.iCore.Component.Core.dll" adapterTypeName="Microsoft.VisualStudio.TestTools.TestTypes.Unit.UnitTestAdapter" className="UnitTests.iCore.Component.Core.ManagedScriptObjects.ManagedObjectNamedPipeTests" name="ManagedObjectNamedPipe_WriteBinaryData_Success_ReturnS_OK" />
    </UnitTest>
    <UnitTest name="ManagedObjectNamedPipe_WriteBinaryData_LimitedNoOfBytes_ReturnS_OK" storage="f:\etwork\bin\tests\unittests.icore.component.core.dll" id="8cd965ba-9d15-02a8-d9a6-5c5c7f640da1">
      <Execution id="7f4b28cf-cfc8-4504-a7c1-4f22780caa64" />
      <TestMethod codeBase="F:\ETWork\bin\Tests\UnitTests.iCore.Component.Core.dll" adapterTypeName="Microsoft.VisualStudio.TestTools.TestTypes.Unit.UnitTestAdapter" className="UnitTests.iCore.Component.Core.ManagedScriptObjects.ManagedObjectNamedPipeTests" name="ManagedObjectNamedPipe_WriteBinaryData_LimitedNoOfBytes_ReturnS_OK" />
    </UnitTest>
    <UnitTest name="ManagedObjectNamedPipe_WriteBinaryData_WaitError" storage="f:\etwork\bin\tests\unittests.icore.component.core.dll" id="8372205f-e3c5-e884-37e3-ab7a9a816825">
      <Execution id="7f131f9a-83a4-49db-8c4e-21cfeb33397f" />
      <TestMethod codeBase="F:\ETWork\bin\Tests\UnitTests.iCore.Component.Core.dll" adapterTypeName="Microsoft.VisualStudio.TestTools.TestTypes.Unit.UnitTestAdapter" className="UnitTests.iCore.Component.Core.ManagedScriptObjects.ManagedObjectNamedPipeTests" name="ManagedObjectNamedPipe_WriteBinaryData_WaitError" />
    </UnitTest>
    <UnitTest name="ManagedObjectNamedPipe_WriteBinaryData_NullArgument_Fails" storage="f:\etwork\bin\tests\unittests.icore.component.core.dll" id="e74b0b36-6419-48d0-867e-041b212ec0bd">
      <Execution id="78732541-c114-4e5b-8bae-d0e5aa062a45" />
      <TestMethod codeBase="F:\ETWork\bin\Tests\UnitTests.iCore.Component.Core.dll" adapterTypeName="Microsoft.VisualStudio.TestTools.TestTypes.Unit.UnitTestAdapter" className="UnitTests.iCore.Component.Core.ManagedScriptObjects.ManagedObjectNamedPipeTests" name="ManagedObjectNamedPipe_WriteBinaryData_NullArgument_Fails" />
    </UnitTest>
    <UnitTest name="ManagedObjectNamedPipe_WriteBinaryData_NotConnected_Fails" storage="f:\etwork\bin\tests\unittests.icore.component.core.dll" id="f5483390-2453-74a5-2ecb-e526102f9136">
      <Execution id="3c3f78b3-26ad-472a-97e9-1a0d18e89f56" />
      <TestMethod codeBase="F:\ETWork\bin\Tests\UnitTests.iCore.Component.Core.dll" adapterTypeName="Microsoft.VisualStudio.TestTools.TestTypes.Unit.UnitTestAdapter" className="UnitTests.iCore.Component.Core.ManagedScriptObjects.ManagedObjectNamedPipeTests" name="ManagedObjectNamedPipe_WriteBinaryData_NotConnected_Fails" />
    </UnitTest>
    <UnitTest name="ManagedObjectNamedPipe_WaitForClient_Success" storage="f:\etwork\bin\tests\unittests.icore.component.core.dll" id="e35ad71a-f382-997a-6948-84c2c25561ea">
      <Execution id="c3a478bb-e7f3-4b4d-9a6f-c9dd104456df" />
      <TestMethod codeBase="F:\ETWork\bin\Tests\UnitTests.iCore.Component.Core.dll" adapterTypeName="Microsoft.VisualStudio.TestTools.TestTypes.Unit.UnitTestAdapter" className="UnitTests.iCore.Component.Core.ManagedScriptObjects.ManagedObjectNamedPipeTests" name="ManagedObjectNamedPipe_WaitForClient_Success" />
    </UnitTest>
    <UnitTest name="ManagedObjectNamedPipe_WaitForClient_Failure" storage="f:\etwork\bin\tests\unittests.icore.component.core.dll" id="7835171e-dcef-89e1-d6bc-cdbd772f7679">
      <Execution id="dd01dbd7-d474-42bb-80c6-3043d5aab3a5" />
      <TestMethod codeBase="F:\ETWork\bin\Tests\UnitTests.iCore.Component.Core.dll" adapterTypeName="Microsoft.VisualStudio.TestTools.TestTypes.Unit.UnitTestAdapter" className="UnitTests.iCore.Component.Core.ManagedScriptObjects.ManagedObjectNamedPipeTests" name="ManagedObjectNamedPipe_WaitForClient_Failure" />
    </UnitTest>
    <UnitTest name="ManagedObjectNamedPipe_DisconnectClient_Success" storage="f:\etwork\bin\tests\unittests.icore.component.core.dll" id="2a2b8e15-25c3-1ef6-20e8-81f56874fd81">
      <Execution id="bda5e660-4988-4e29-ac97-ff243cd425f0" />
      <TestMethod codeBase="F:\ETWork\bin\Tests\UnitTests.iCore.Component.Core.dll" adapterTypeName="Microsoft.VisualStudio.TestTools.TestTypes.Unit.UnitTestAdapter" className="UnitTests.iCore.Component.Core.ManagedScriptObjects.ManagedObjectNamedPipeTests" name="ManagedObjectNamedPipe_DisconnectClient_Success" />
    </UnitTest>
    <UnitTest name="ManagedObjectNamedPipe_DisconnectClient_Failure" storage="f:\etwork\bin\tests\unittests.icore.component.core.dll" id="25941b2f-3033-621f-b224-be447fc2d6ff">
      <Execution id="f29ea77c-2499-4cfa-81fc-602254d62f1a" />
      <TestMethod codeBase="F:\ETWork\bin\Tests\UnitTests.iCore.Component.Core.dll" adapterTypeName="Microsoft.VisualStudio.TestTools.TestTypes.Unit.UnitTestAdapter" className="UnitTests.iCore.Component.Core.ManagedScriptObjects.ManagedObjectNamedPipeTests" name="ManagedObjectNamedPipe_DisconnectClient_Failure" />
    </UnitTest>
    <UnitTest name="ManagedObjectNamedPipe_NamedPipe_ExceptionsInLowerLayer_Fails" storage="f:\etwork\bin\tests\unittests.icore.component.core.dll" id="e08b332e-1cd5-14e9-ef2a-9bad24b52e59">
      <Execution id="806eee42-6e3e-4974-868a-216ff5fd1c30" />
      <TestMethod codeBase="F:\ETWork\bin\Tests\UnitTests.iCore.Component.Core.dll" adapterTypeName="Microsoft.VisualStudio.TestTools.TestTypes.Unit.UnitTestAdapter" className="UnitTests.iCore.Component.Core.ManagedScriptObjects.ManagedObjectNamedPipeTests" name="ManagedObjectNamedPipe_NamedPipe_ExceptionsInLowerLayer_Fails" />
    </UnitTest>
    <UnitTest name="ManagedObjectNamedPipe_Dispose_DisposesService" storage="f:\etwork\bin\tests\unittests.icore.component.core.dll" id="de7cf77a-7ad7-c9f6-f8d6-17b737f2c648">
      <Execution id="6c9503b4-1202-4b39-bf65-effebbd80cc4" />
      <TestMethod codeBase="F:\ETWork\bin\Tests\UnitTests.iCore.Component.Core.dll" adapterTypeName="Microsoft.VisualStudio.TestTools.TestTypes.Unit.UnitTestAdapter" className="UnitTests.iCore.Component.Core.ManagedScriptObjects.ManagedObjectNamedPipeTests" name="ManagedObjectNamedPipe_Dispose_DisposesService" />
    </UnitTest>
    <UnitTest name="ManagedObjectNamedPipe_CommunicationTest" storage="f:\etwork\bin\tests\unittests.icore.component.core.dll" id="7c6b1f40-9994-4537-37de-95bd24302b78">
      <Execution id="a64e8fb1-efad-4076-b11c-01f00f68d304" />
      <TestMethod codeBase="F:\ETWork\bin\Tests\UnitTests.iCore.Component.Core.dll" adapterTypeName="Microsoft.VisualStudio.TestTools.TestTypes.Unit.UnitTestAdapter" className="UnitTests.iCore.Component.Core.ManagedScriptObjects.ManagedObjectNamedPipeTests" name="ManagedObjectNamedPipe_CommunicationTest" />
    </UnitTest>
    <UnitTest name="ManagedObjectNamedPipe_ScriptNamedPipeCommunicationMessageModeTest" storage="f:\etwork\bin\tests\unittests.icore.component.core.dll" id="0243185b-d224-1d0c-bb5e-57adce0b048a">
      <Execution id="de12d5a3-4d3c-4ff9-a073-00699f6c08f5" />
      <TestMethod codeBase="F:\ETWork\bin\Tests\UnitTests.iCore.Component.Core.dll" adapterTypeName="Microsoft.VisualStudio.TestTools.TestTypes.Unit.UnitTestAdapter" className="UnitTests.iCore.Component.Core.ManagedScriptObjects.ManagedObjectNamedPipeTests" name="ManagedObjectNamedPipe_ScriptNamedPipeCommunicationMessageModeTest" />
    </UnitTest>
    <UnitTest name="GetNode_UsesOpenNodeOnParameterNode_Succes" storage="f:\etwork\bin\tests\unittests.icore.component.core.dll" id="c82d0f3c-7729-2896-1d15-094202f6d21d">
      <Execution id="db00a48b-3385-46ce-854b-08e470c06234" />
      <TestMethod codeBase="F:\ETWork\bin\Tests\UnitTests.iCore.Component.Core.dll" adapterTypeName="Microsoft.VisualStudio.TestTools.TestTypes.Unit.UnitTestAdapter" className="UnitTests.iCore.Component.Core.ManagedScriptObjects.ManagedAppObjectNodeMethodsTests" name="GetNode_UsesOpenNodeOnParameterNode_Succes" />
    </UnitTest>
    <UnitTest name="GetNode_CanIgnoreErrors_Succes" storage="f:\etwork\bin\tests\unittests.icore.component.core.dll" id="2e27fb95-6c37-1b2c-b16b-1b1393146f9f">
      <Execution id="204b4a8c-2bba-409a-8277-e1e5cc066248" />
      <TestMethod codeBase="F:\ETWork\bin\Tests\UnitTests.iCore.Component.Core.dll" adapterTypeName="Microsoft.VisualStudio.TestTools.TestTypes.Unit.UnitTestAdapter" className="UnitTests.iCore.Component.Core.ManagedScriptObjects.ManagedAppObjectNodeMethodsTests" name="GetNode_CanIgnoreErrors_Succes" />
    </UnitTest>
    <UnitTest name="GetNode_Error" storage="f:\etwork\bin\tests\unittests.icore.component.core.dll" id="0f0bba31-92ff-a4aa-5044-aacee9ba4063">
      <Execution id="67a65237-02eb-4cf8-8486-b3cc4e639995" />
      <TestMethod codeBase="F:\ETWork\bin\Tests\UnitTests.iCore.Component.Core.dll" adapterTypeName="Microsoft.VisualStudio.TestTools.TestTypes.Unit.UnitTestAdapter" className="UnitTests.iCore.Component.Core.ManagedScriptObjects.ManagedAppObjectNodeMethodsTests" name="GetNode_Error" />
    </UnitTest>
    <UnitTest name="GetNode_NullInput_Error" storage="f:\etwork\bin\tests\unittests.icore.component.core.dll" id="a32965de-3955-745a-dc49-ed38e6012d81">
      <Execution id="5c620618-5f1c-40e2-bcb7-372ae8c2d809" />
      <TestMethod codeBase="F:\ETWork\bin\Tests\UnitTests.iCore.Component.Core.dll" adapterTypeName="Microsoft.VisualStudio.TestTools.TestTypes.Unit.UnitTestAdapter" className="UnitTests.iCore.Component.Core.ManagedScriptObjects.ManagedAppObjectNodeMethodsTests" name="GetNode_NullInput_Error" />
    </UnitTest>
    <UnitTest name="AddDate_PredefinedInputFormats_Tests" storage="f:\etwork\bin\tests\unittests.icore.component.core.dll" id="ec751e92-def9-4b9c-0b42-1c3097196dce">
      <Execution id="e8fe0530-43b7-4efa-b9da-0a065bcaebda" />
      <TestMethod codeBase="F:\ETWork\bin\Tests\UnitTests.iCore.Component.Core.dll" adapterTypeName="Microsoft.VisualStudio.TestTools.TestTypes.Unit.UnitTestAdapter" className="UnitTests.iCore.Component.Core.ManagedScriptObjects.ManagedAppObjectUtilityMethodsTests" name="AddDate_PredefinedInputFormats_Tests" />
    </UnitTest>
    <UnitTest name="AddDate_ComplexFormat_Test" storage="f:\etwork\bin\tests\unittests.icore.component.core.dll" id="03f36d95-aae4-b805-c24d-6e283ef93d28">
      <Execution id="688c28da-3db6-407c-939c-c25d36fe7c4a" />
      <TestMethod codeBase="F:\ETWork\bin\Tests\UnitTests.iCore.Component.Core.dll" adapterTypeName="Microsoft.VisualStudio.TestTools.TestTypes.Unit.UnitTestAdapter" className="UnitTests.iCore.Component.Core.ManagedScriptObjects.ManagedAppObjectUtilityMethodsTests" name="AddDate_ComplexFormat_Test" />
    </UnitTest>
    <UnitTest name="AddDate_InvalidFormatAndInputCombinationWeek_Fails" storage="f:\etwork\bin\tests\unittests.icore.component.core.dll" id="4775c378-f058-133d-e024-8751c86215ef">
      <Execution id="a4cfab7f-e4c1-4b5d-a6ad-7a1c420c9c23" />
      <TestMethod codeBase="F:\ETWork\bin\Tests\UnitTests.iCore.Component.Core.dll" adapterTypeName="Microsoft.VisualStudio.TestTools.TestTypes.Unit.UnitTestAdapter" className="UnitTests.iCore.Component.Core.ManagedScriptObjects.ManagedAppObjectUtilityMethodsTests" name="AddDate_InvalidFormatAndInputCombinationWeek_Fails" />
    </UnitTest>
    <UnitTest name="AddDate_InvalidFormatAndInputCombination_Fails" storage="f:\etwork\bin\tests\unittests.icore.component.core.dll" id="625aa50c-4f64-d0c4-dfd2-4c3f7e1168c1">
      <Execution id="4457ad54-807c-4df9-8472-d975ba8f17bd" />
      <TestMethod codeBase="F:\ETWork\bin\Tests\UnitTests.iCore.Component.Core.dll" adapterTypeName="Microsoft.VisualStudio.TestTools.TestTypes.Unit.UnitTestAdapter" className="UnitTests.iCore.Component.Core.ManagedScriptObjects.ManagedAppObjectUtilityMethodsTests" name="AddDate_InvalidFormatAndInputCombination_Fails" />
    </UnitTest>
    <UnitTest name="AddDate_InvalidFormat_Fails" storage="f:\etwork\bin\tests\unittests.icore.component.core.dll" id="c15959e8-e17a-7fad-476d-b90b1e43e563">
      <Execution id="57d1552d-9908-443e-b1de-65ed64b6450a" />
      <TestMethod codeBase="F:\ETWork\bin\Tests\UnitTests.iCore.Component.Core.dll" adapterTypeName="Microsoft.VisualStudio.TestTools.TestTypes.Unit.UnitTestAdapter" className="UnitTests.iCore.Component.Core.ManagedScriptObjects.ManagedAppObjectUtilityMethodsTests" name="AddDate_InvalidFormat_Fails" />
    </UnitTest>
    <UnitTest name="AddDate_InvalidOutputFormat_Fails" storage="f:\etwork\bin\tests\unittests.icore.component.core.dll" id="e36dc63b-3d33-6a55-e50a-6f99b719f988">
      <Execution id="9c19b247-a3aa-4afa-8a93-caccf125c5ef" />
      <TestMethod codeBase="F:\ETWork\bin\Tests\UnitTests.iCore.Component.Core.dll" adapterTypeName="Microsoft.VisualStudio.TestTools.TestTypes.Unit.UnitTestAdapter" className="UnitTests.iCore.Component.Core.ManagedScriptObjects.ManagedAppObjectUtilityMethodsTests" name="AddDate_InvalidOutputFormat_Fails" />
    </UnitTest>
    <UnitTest name="AddDate_EmptyDestinationFormatReturnsEmptyString_Success" storage="f:\etwork\bin\tests\unittests.icore.component.core.dll" id="c417d433-4ec7-ed34-4368-bd2536be5e26">
      <Execution id="939c2cbb-b6d6-4a86-aab1-753f102050fb" />
      <TestMethod codeBase="F:\ETWork\bin\Tests\UnitTests.iCore.Component.Core.dll" adapterTypeName="Microsoft.VisualStudio.TestTools.TestTypes.Unit.UnitTestAdapter" className="UnitTests.iCore.Component.Core.ManagedScriptObjects.ManagedAppObjectUtilityMethodsTests" name="AddDate_EmptyDestinationFormatReturnsEmptyString_Success" />
    </UnitTest>
    <UnitTest name="AddDate_NegativeValue_ReturnsExpectedDate" storage="f:\etwork\bin\tests\unittests.icore.component.core.dll" id="7c70736e-c392-bdf5-a241-d4fdc003fd32">
      <Execution id="e47b6bda-3561-4167-adc5-6f3c2cccbbcb" />
      <TestMethod codeBase="F:\ETWork\bin\Tests\UnitTests.iCore.Component.Core.dll" adapterTypeName="Microsoft.VisualStudio.TestTools.TestTypes.Unit.UnitTestAdapter" className="UnitTests.iCore.Component.Core.ManagedScriptObjects.ManagedAppObjectUtilityMethodsTests" name="AddDate_NegativeValue_ReturnsExpectedDate" />
    </UnitTest>
    <UnitTest name="AddDate_SourceFormatIsEmptyString_ReturnsExpectedDate" storage="f:\etwork\bin\tests\unittests.icore.component.core.dll" id="35a2005f-4d90-f3ae-dafa-9e3754a4bbc7">
      <Execution id="28cc4290-21d8-408e-b413-70a291c7bfb4" />
      <TestMethod codeBase="F:\ETWork\bin\Tests\UnitTests.iCore.Component.Core.dll" adapterTypeName="Microsoft.VisualStudio.TestTools.TestTypes.Unit.UnitTestAdapter" className="UnitTests.iCore.Component.Core.ManagedScriptObjects.ManagedAppObjectUtilityMethodsTests" name="AddDate_SourceFormatIsEmptyString_ReturnsExpectedDate" />
    </UnitTest>
    <UnitTest name="AddDate_SourceFormatIsNull_ReturnsExpectedDate" storage="f:\etwork\bin\tests\unittests.icore.component.core.dll" id="be749d0c-e7df-959f-502a-c4c409c67dbe">
      <Execution id="4335e2d4-ba52-4163-9f78-5b06feb8a091" />
      <TestMethod codeBase="F:\ETWork\bin\Tests\UnitTests.iCore.Component.Core.dll" adapterTypeName="Microsoft.VisualStudio.TestTools.TestTypes.Unit.UnitTestAdapter" className="UnitTests.iCore.Component.Core.ManagedScriptObjects.ManagedAppObjectUtilityMethodsTests" name="AddDate_SourceFormatIsNull_ReturnsExpectedDate" />
    </UnitTest>
    <UnitTest name="SubDate_PredefinedInputFormats_Tests" storage="f:\etwork\bin\tests\unittests.icore.component.core.dll" id="64a899b1-18ab-64ac-96f9-dc13a9682304">
      <Execution id="e2116790-fea0-48a2-88df-2261f35472d2" />
      <TestMethod codeBase="F:\ETWork\bin\Tests\UnitTests.iCore.Component.Core.dll" adapterTypeName="Microsoft.VisualStudio.TestTools.TestTypes.Unit.UnitTestAdapter" className="UnitTests.iCore.Component.Core.ManagedScriptObjects.ManagedAppObjectUtilityMethodsTests" name="SubDate_PredefinedInputFormats_Tests" />
    </UnitTest>
    <UnitTest name="SubDate_ComplexFormat_Test" storage="f:\etwork\bin\tests\unittests.icore.component.core.dll" id="2a52b571-c706-cc01-037b-4ab2dd75ee42">
      <Execution id="faf09bb6-4320-422a-be52-faa7f383e36e" />
      <TestMethod codeBase="F:\ETWork\bin\Tests\UnitTests.iCore.Component.Core.dll" adapterTypeName="Microsoft.VisualStudio.TestTools.TestTypes.Unit.UnitTestAdapter" className="UnitTests.iCore.Component.Core.ManagedScriptObjects.ManagedAppObjectUtilityMethodsTests" name="SubDate_ComplexFormat_Test" />
    </UnitTest>
    <UnitTest name="SubDate_InvalidFormatAndInputCombination_Fails" storage="f:\etwork\bin\tests\unittests.icore.component.core.dll" id="253bd553-2045-c192-27d3-9066e641ec16">
      <Execution id="def09fb9-7832-41c9-9d7c-7a61d8912974" />
      <TestMethod codeBase="F:\ETWork\bin\Tests\UnitTests.iCore.Component.Core.dll" adapterTypeName="Microsoft.VisualStudio.TestTools.TestTypes.Unit.UnitTestAdapter" className="UnitTests.iCore.Component.Core.ManagedScriptObjects.ManagedAppObjectUtilityMethodsTests" name="SubDate_InvalidFormatAndInputCombination_Fails" />
    </UnitTest>
    <UnitTest name="SubDate_InvalidFormat_Fails" storage="f:\etwork\bin\tests\unittests.icore.component.core.dll" id="43144dac-9f33-5f61-526b-0e927bbefe4a">
      <Execution id="12f01e11-8222-4def-9304-8813f5ef4520" />
      <TestMethod codeBase="F:\ETWork\bin\Tests\UnitTests.iCore.Component.Core.dll" adapterTypeName="Microsoft.VisualStudio.TestTools.TestTypes.Unit.UnitTestAdapter" className="UnitTests.iCore.Component.Core.ManagedScriptObjects.ManagedAppObjectUtilityMethodsTests" name="SubDate_InvalidFormat_Fails" />
    </UnitTest>
    <UnitTest name="SubDate_EmptyDestinationFormatReturnsEmptyString_Success" storage="f:\etwork\bin\tests\unittests.icore.component.core.dll" id="3d623816-b90d-1130-d3ce-48e59cddab4d">
      <Execution id="cfb04dd7-18c5-4f99-814f-e868ddadc8d0" />
      <TestMethod codeBase="F:\ETWork\bin\Tests\UnitTests.iCore.Component.Core.dll" adapterTypeName="Microsoft.VisualStudio.TestTools.TestTypes.Unit.UnitTestAdapter" className="UnitTests.iCore.Component.Core.ManagedScriptObjects.ManagedAppObjectUtilityMethodsTests" name="SubDate_EmptyDestinationFormatReturnsEmptyString_Success" />
    </UnitTest>
    <UnitTest name="SubDate_NegativeValue_ReturnsExpectedDate" storage="f:\etwork\bin\tests\unittests.icore.component.core.dll" id="a4c4d652-63ba-3c0d-ea37-00badaf729ea">
      <Execution id="561fcee1-b45a-4156-ba07-671b382a2958" />
      <TestMethod codeBase="F:\ETWork\bin\Tests\UnitTests.iCore.Component.Core.dll" adapterTypeName="Microsoft.VisualStudio.TestTools.TestTypes.Unit.UnitTestAdapter" className="UnitTests.iCore.Component.Core.ManagedScriptObjects.ManagedAppObjectUtilityMethodsTests" name="SubDate_NegativeValue_ReturnsExpectedDate" />
    </UnitTest>
    <UnitTest name="SubDate_SourceFormatIsEmptyString_ReturnsExpectedDate" storage="f:\etwork\bin\tests\unittests.icore.component.core.dll" id="5718d9ad-a8de-5c84-9c1a-051f7c977dc6">
      <Execution id="4884025c-53b5-44e7-a774-40d60398dc4e" />
      <TestMethod codeBase="F:\ETWork\bin\Tests\UnitTests.iCore.Component.Core.dll" adapterTypeName="Microsoft.VisualStudio.TestTools.TestTypes.Unit.UnitTestAdapter" className="UnitTests.iCore.Component.Core.ManagedScriptObjects.ManagedAppObjectUtilityMethodsTests" name="SubDate_SourceFormatIsEmptyString_ReturnsExpectedDate" />
    </UnitTest>
    <UnitTest name="SubDate_SourceFormatIsNull_ReturnsExpectedDate" storage="f:\etwork\bin\tests\unittests.icore.component.core.dll" id="83c4d809-be9c-36da-c0c0-f4643a54b08d">
      <Execution id="bafa3d43-bcc3-4cea-908b-d67c56b64d7e" />
      <TestMethod codeBase="F:\ETWork\bin\Tests\UnitTests.iCore.Component.Core.dll" adapterTypeName="Microsoft.VisualStudio.TestTools.TestTypes.Unit.UnitTestAdapter" className="UnitTests.iCore.Component.Core.ManagedScriptObjects.ManagedAppObjectUtilityMethodsTests" name="SubDate_SourceFormatIsNull_ReturnsExpectedDate" />
    </UnitTest>
    <UnitTest name="ConvertDate_PredefinedInputFormats_Tests" storage="f:\etwork\bin\tests\unittests.icore.component.core.dll" id="2b5c7824-8380-8de2-63a4-04424b0e7044">
      <Execution id="32654d11-d441-4f4d-bea4-df40b42a7ada" />
      <TestMethod codeBase="F:\ETWork\bin\Tests\UnitTests.iCore.Component.Core.dll" adapterTypeName="Microsoft.VisualStudio.TestTools.TestTypes.Unit.UnitTestAdapter" className="UnitTests.iCore.Component.Core.ManagedScriptObjects.ManagedAppObjectUtilityMethodsTests" name="ConvertDate_PredefinedInputFormats_Tests" />
    </UnitTest>
    <UnitTest name="ConvertDate_ComplexFormat_Test" storage="f:\etwork\bin\tests\unittests.icore.component.core.dll" id="d4687b1e-9df1-e071-1d96-3e2cf3e1c544">
      <Execution id="f7dfb9a8-c47b-4157-9e23-3c7b8572078a" />
      <TestMethod codeBase="F:\ETWork\bin\Tests\UnitTests.iCore.Component.Core.dll" adapterTypeName="Microsoft.VisualStudio.TestTools.TestTypes.Unit.UnitTestAdapter" className="UnitTests.iCore.Component.Core.ManagedScriptObjects.ManagedAppObjectUtilityMethodsTests" name="ConvertDate_ComplexFormat_Test" />
    </UnitTest>
    <UnitTest name="ConvertDate_InvalidFormatAndInputCombination_Fails" storage="f:\etwork\bin\tests\unittests.icore.component.core.dll" id="d6f5045b-e7df-03eb-42a0-f62bf5b375e2">
      <Execution id="385a7c15-4b99-4538-b91a-ac10e9d82eb5" />
      <TestMethod codeBase="F:\ETWork\bin\Tests\UnitTests.iCore.Component.Core.dll" adapterTypeName="Microsoft.VisualStudio.TestTools.TestTypes.Unit.UnitTestAdapter" className="UnitTests.iCore.Component.Core.ManagedScriptObjects.ManagedAppObjectUtilityMethodsTests" name="ConvertDate_InvalidFormatAndInputCombination_Fails" />
    </UnitTest>
    <UnitTest name="ConvertDate_WeekTest_Success" storage="f:\etwork\bin\tests\unittests.icore.component.core.dll" id="19ce37e6-4c0e-5b26-19aa-1ca87fffab24">
      <Execution id="e3b30be9-2ae1-48ee-b57f-c3fad234c35a" />
      <TestMethod codeBase="F:\ETWork\bin\Tests\UnitTests.iCore.Component.Core.dll" adapterTypeName="Microsoft.VisualStudio.TestTools.TestTypes.Unit.UnitTestAdapter" className="UnitTests.iCore.Component.Core.ManagedScriptObjects.ManagedAppObjectUtilityMethodsTests" name="ConvertDate_WeekTest_Success" />
    </UnitTest>
    <UnitTest name="ConvertDate_EmptyDestinationFormatReturnsEmptyString_Success" storage="f:\etwork\bin\tests\unittests.icore.component.core.dll" id="a73c886a-4dc4-c753-faa2-43a068d44d94">
      <Execution id="ddcf08d2-3b76-4162-9985-7506dad429c4" />
      <TestMethod codeBase="F:\ETWork\bin\Tests\UnitTests.iCore.Component.Core.dll" adapterTypeName="Microsoft.VisualStudio.TestTools.TestTypes.Unit.UnitTestAdapter" className="UnitTests.iCore.Component.Core.ManagedScriptObjects.ManagedAppObjectUtilityMethodsTests" name="ConvertDate_EmptyDestinationFormatReturnsEmptyString_Success" />
    </UnitTest>
    <UnitTest name="ConvertDate_SourceFormatIsEmptyString_ReturnsExpectedDate" storage="f:\etwork\bin\tests\unittests.icore.component.core.dll" id="2373d25d-f5ca-0187-6723-a737192c45d9">
      <Execution id="40a13609-56a8-4f81-b96e-7e0115ea2c2f" />
      <TestMethod codeBase="F:\ETWork\bin\Tests\UnitTests.iCore.Component.Core.dll" adapterTypeName="Microsoft.VisualStudio.TestTools.TestTypes.Unit.UnitTestAdapter" className="UnitTests.iCore.Component.Core.ManagedScriptObjects.ManagedAppObjectUtilityMethodsTests" name="ConvertDate_SourceFormatIsEmptyString_ReturnsExpectedDate" />
    </UnitTest>
    <UnitTest name="ConvertDate_SourceFormatIsNull_ReturnsExpectedDate" storage="f:\etwork\bin\tests\unittests.icore.component.core.dll" id="e2ad10f9-eb98-6da1-e2f3-9bce445b66df">
      <Execution id="3c9be8ae-fd6d-41d5-8830-ae40baf990c7" />
      <TestMethod codeBase="F:\ETWork\bin\Tests\UnitTests.iCore.Component.Core.dll" adapterTypeName="Microsoft.VisualStudio.TestTools.TestTypes.Unit.UnitTestAdapter" className="UnitTests.iCore.Component.Core.ManagedScriptObjects.ManagedAppObjectUtilityMethodsTests" name="ConvertDate_SourceFormatIsNull_ReturnsExpectedDate" />
    </UnitTest>
    <UnitTest name="ConvertDate_InputMatchingStartOfFormat_Success" storage="f:\etwork\bin\tests\unittests.icore.component.core.dll" id="5fc943a0-c36d-f12f-5209-999fc4de5c10">
      <Execution id="116ed8f3-875d-4c83-bec2-193c47a73e0d" />
      <TestMethod codeBase="F:\ETWork\bin\Tests\UnitTests.iCore.Component.Core.dll" adapterTypeName="Microsoft.VisualStudio.TestTools.TestTypes.Unit.UnitTestAdapter" className="UnitTests.iCore.Component.Core.ManagedScriptObjects.ManagedAppObjectUtilityMethodsTests" name="ConvertDate_InputMatchingStartOfFormat_Success" />
    </UnitTest>
    <UnitTest name="ConvertDate_InputMatchingStartOfFormatWJunk_Success" storage="f:\etwork\bin\tests\unittests.icore.component.core.dll" id="3c118745-57e8-1cd3-bca9-530f270d1562">
      <Execution id="f48d0991-6c2e-4b23-a2c2-cea9b2e191d5" />
      <TestMethod codeBase="F:\ETWork\bin\Tests\UnitTests.iCore.Component.Core.dll" adapterTypeName="Microsoft.VisualStudio.TestTools.TestTypes.Unit.UnitTestAdapter" className="UnitTests.iCore.Component.Core.ManagedScriptObjects.ManagedAppObjectUtilityMethodsTests" name="ConvertDate_InputMatchingStartOfFormatWJunk_Success" />
    </UnitTest>
    <UnitTest name="ConvertDate_InputTooShort_Fails" storage="f:\etwork\bin\tests\unittests.icore.component.core.dll" id="5a20fcce-b964-9c58-ee53-6e7e6736acf4">
      <Execution id="ad185dd4-5482-4452-b86b-a78de2fc2466" />
      <TestMethod codeBase="F:\ETWork\bin\Tests\UnitTests.iCore.Component.Core.dll" adapterTypeName="Microsoft.VisualStudio.TestTools.TestTypes.Unit.UnitTestAdapter" className="UnitTests.iCore.Component.Core.ManagedScriptObjects.ManagedAppObjectUtilityMethodsTests" name="ConvertDate_InputTooShort_Fails" />
    </UnitTest>
    <UnitTest name="GetSystemDate_UsesService_Success" storage="f:\etwork\bin\tests\unittests.icore.component.core.dll" id="2e5c1765-f67c-abe7-93db-eea60edea182">
      <Execution id="967ab332-0afc-4cb7-b1f2-a9575eb1a78e" />
      <TestMethod codeBase="F:\ETWork\bin\Tests\UnitTests.iCore.Component.Core.dll" adapterTypeName="Microsoft.VisualStudio.TestTools.TestTypes.Unit.UnitTestAdapter" className="UnitTests.iCore.Component.Core.ManagedScriptObjects.ManagedAppObjectUtilityMethodsTests" name="GetSystemDate_UsesService_Success" />
    </UnitTest>
    <UnitTest name="GetSystemDate_ToWeekFormat_Success" storage="f:\etwork\bin\tests\unittests.icore.component.core.dll" id="11570296-260a-e449-5aee-3032d659ada8">
      <Execution id="c144df9a-5159-4cfd-a81f-54ceff59f5be" />
      <TestMethod codeBase="F:\ETWork\bin\Tests\UnitTests.iCore.Component.Core.dll" adapterTypeName="Microsoft.VisualStudio.TestTools.TestTypes.Unit.UnitTestAdapter" className="UnitTests.iCore.Component.Core.ManagedScriptObjects.ManagedAppObjectUtilityMethodsTests" name="GetSystemDate_ToWeekFormat_Success" />
    </UnitTest>
    <UnitTest name="GetSystemDate_InvalidFormat_Fails" storage="f:\etwork\bin\tests\unittests.icore.component.core.dll" id="41674f16-adc5-0b17-65d7-71fb5ca006c9">
      <Execution id="7e727c9b-fe28-4c57-9cab-5f8c2b43d3ec" />
      <TestMethod codeBase="F:\ETWork\bin\Tests\UnitTests.iCore.Component.Core.dll" adapterTypeName="Microsoft.VisualStudio.TestTools.TestTypes.Unit.UnitTestAdapter" className="UnitTests.iCore.Component.Core.ManagedScriptObjects.ManagedAppObjectUtilityMethodsTests" name="GetSystemDate_InvalidFormat_Fails" />
    </UnitTest>
    <UnitTest name="ExecProgram_UsesService_Success" storage="f:\etwork\bin\tests\unittests.icore.component.core.dll" id="6eca20c5-efaf-2286-5be3-5385032d9bbe">
      <Execution id="fc8c8d57-ffdf-4be8-98e8-0ec8874521d9" />
      <TestMethod codeBase="F:\ETWork\bin\Tests\UnitTests.iCore.Component.Core.dll" adapterTypeName="Microsoft.VisualStudio.TestTools.TestTypes.Unit.UnitTestAdapter" className="UnitTests.iCore.Component.Core.ManagedScriptObjects.ManagedAppObjectUtilityMethodsTests" name="ExecProgram_UsesService_Success" />
    </UnitTest>
    <UnitTest name="ExecProgram_ParametersPassedCorrectly_Success" storage="f:\etwork\bin\tests\unittests.icore.component.core.dll" id="59467ccb-18ab-033a-3584-baad7cf8a369">
      <Execution id="0a0513bc-e961-4133-a057-9e16fbfd804c" />
      <TestMethod codeBase="F:\ETWork\bin\Tests\UnitTests.iCore.Component.Core.dll" adapterTypeName="Microsoft.VisualStudio.TestTools.TestTypes.Unit.UnitTestAdapter" className="UnitTests.iCore.Component.Core.ManagedScriptObjects.ManagedAppObjectUtilityMethodsTests" name="ExecProgram_ParametersPassedCorrectly_Success" />
    </UnitTest>
    <UnitTest name="ExecProgram_WindowStylesMappedCorrectly_Success" storage="f:\etwork\bin\tests\unittests.icore.component.core.dll" id="ae5555a0-37c6-c455-a4fa-32cff4839963">
      <Execution id="7ae8d974-8aef-49d8-9b27-dd78ac46ea91" />
      <TestMethod codeBase="F:\ETWork\bin\Tests\UnitTests.iCore.Component.Core.dll" adapterTypeName="Microsoft.VisualStudio.TestTools.TestTypes.Unit.UnitTestAdapter" className="UnitTests.iCore.Component.Core.ManagedScriptObjects.ManagedAppObjectUtilityMethodsTests" name="ExecProgram_WindowStylesMappedCorrectly_Success" />
    </UnitTest>
    <UnitTest name="ExecProgram_NullReturnCode_DoesNotReturnProcessReturnCode_Success" storage="f:\etwork\bin\tests\unittests.icore.component.core.dll" id="7c4b1e2b-9b53-d3c4-9abe-823f5642361f">
      <Execution id="0e70def2-58e8-49c6-97cb-4f878a157aed" />
      <TestMethod codeBase="F:\ETWork\bin\Tests\UnitTests.iCore.Component.Core.dll" adapterTypeName="Microsoft.VisualStudio.TestTools.TestTypes.Unit.UnitTestAdapter" className="UnitTests.iCore.Component.Core.ManagedScriptObjects.ManagedAppObjectUtilityMethodsTests" name="ExecProgram_NullReturnCode_DoesNotReturnProcessReturnCode_Success" />
    </UnitTest>
    <UnitTest name="ExecProgram_WaitForExit_ReturnCodeSet_Success" storage="f:\etwork\bin\tests\unittests.icore.component.core.dll" id="eeac9b25-a4e3-6399-89fb-7237079a2de0">
      <Execution id="966afc18-5fbc-49f7-974b-810b5e00c104" />
      <TestMethod codeBase="F:\ETWork\bin\Tests\UnitTests.iCore.Component.Core.dll" adapterTypeName="Microsoft.VisualStudio.TestTools.TestTypes.Unit.UnitTestAdapter" className="UnitTests.iCore.Component.Core.ManagedScriptObjects.ManagedAppObjectUtilityMethodsTests" name="ExecProgram_WaitForExit_ReturnCodeSet_Success" />
    </UnitTest>
    <UnitTest name="ExecProgram_DoNotWaitForResult_Success" storage="f:\etwork\bin\tests\unittests.icore.component.core.dll" id="5f3f7001-eef7-bb38-1e49-8decef8ed9b3">
      <Execution id="44b5f1df-7eb9-436d-8ba4-8aba3c7ddd6a" />
      <TestMethod codeBase="F:\ETWork\bin\Tests\UnitTests.iCore.Component.Core.dll" adapterTypeName="Microsoft.VisualStudio.TestTools.TestTypes.Unit.UnitTestAdapter" className="UnitTests.iCore.Component.Core.ManagedScriptObjects.ManagedAppObjectUtilityMethodsTests" name="ExecProgram_DoNotWaitForResult_Success" />
    </UnitTest>
    <UnitTest name="ExecProgram_Fails" storage="f:\etwork\bin\tests\unittests.icore.component.core.dll" id="71312cf5-fb82-7226-6377-aa75ed680198">
      <Execution id="0bd7a2ae-9659-4bc3-9b5e-92e05eeb8d8b" />
      <TestMethod codeBase="F:\ETWork\bin\Tests\UnitTests.iCore.Component.Core.dll" adapterTypeName="Microsoft.VisualStudio.TestTools.TestTypes.Unit.UnitTestAdapter" className="UnitTests.iCore.Component.Core.ManagedScriptObjects.ManagedAppObjectUtilityMethodsTests" name="ExecProgram_Fails" />
    </UnitTest>
    <UnitTest name="Open_OverwriteIsFalse_UsesFileSystemService" storage="f:\etwork\bin\tests\unittests.icore.component.core.dll" id="fefd9b19-f6bd-015a-355f-cedbc6033695">
      <Execution id="b313f629-8fc2-4762-a394-e49028fcb4fa" />
      <TestMethod codeBase="F:\ETWork\bin\Tests\UnitTests.iCore.Component.Core.dll" adapterTypeName="Microsoft.VisualStudio.TestTools.TestTypes.Unit.UnitTestAdapter" className="UnitTests.iCore.Component.Core.ManagedScriptObjects.ManagedObjectOutfileTests" name="Open_OverwriteIsFalse_UsesFileSystemService" />
    </UnitTest>
    <UnitTest name="Open_OverwriteIsTrue_UsesFileSystemService" storage="f:\etwork\bin\tests\unittests.icore.component.core.dll" id="a7da3ca8-2fba-28a9-7508-0ca683429351">
      <Execution id="0e0b3e02-df45-4346-9cad-e3cf881cfb53" />
      <TestMethod codeBase="F:\ETWork\bin\Tests\UnitTests.iCore.Component.Core.dll" adapterTypeName="Microsoft.VisualStudio.TestTools.TestTypes.Unit.UnitTestAdapter" className="UnitTests.iCore.Component.Core.ManagedScriptObjects.ManagedObjectOutfileTests" name="Open_OverwriteIsTrue_UsesFileSystemService" />
    </UnitTest>
    <UnitTest name="Open_PreallocateSet_StreamSizeSet" storage="f:\etwork\bin\tests\unittests.icore.component.core.dll" id="8bfaa40b-60d2-df7a-8953-f32729ba7ff4">
      <Execution id="736adeaa-6dbf-4664-8293-1a36b3495483" />
      <TestMethod codeBase="F:\ETWork\bin\Tests\UnitTests.iCore.Component.Core.dll" adapterTypeName="Microsoft.VisualStudio.TestTools.TestTypes.Unit.UnitTestAdapter" className="UnitTests.iCore.Component.Core.ManagedScriptObjects.ManagedObjectOutfileTests" name="Open_PreallocateSet_StreamSizeSet" />
    </UnitTest>
    <UnitTest name="Open_PreallocateSet_SetLengthCalledOnStream" storage="f:\etwork\bin\tests\unittests.icore.component.core.dll" id="e5a95c71-638d-b172-ccbb-8ca986d570ba">
      <Execution id="fcaeb963-0899-4fa5-9066-1b4b10522a9f" />
      <TestMethod codeBase="F:\ETWork\bin\Tests\UnitTests.iCore.Component.Core.dll" adapterTypeName="Microsoft.VisualStudio.TestTools.TestTypes.Unit.UnitTestAdapter" className="UnitTests.iCore.Component.Core.ManagedScriptObjects.ManagedObjectOutfileTests" name="Open_PreallocateSet_SetLengthCalledOnStream" />
    </UnitTest>
    <UnitTest name="WriteRecord_OpenedAndClosed_WritesToStream" storage="f:\etwork\bin\tests\unittests.icore.component.core.dll" id="ec85c822-abe3-f10d-56a7-ccfe38cfb712">
      <Execution id="f0a8029e-910e-4989-ae6d-16db9e9544cc" />
      <TestMethod codeBase="F:\ETWork\bin\Tests\UnitTests.iCore.Component.Core.dll" adapterTypeName="Microsoft.VisualStudio.TestTools.TestTypes.Unit.UnitTestAdapter" className="UnitTests.iCore.Component.Core.ManagedScriptObjects.ManagedObjectOutfileTests" name="WriteRecord_OpenedAndClosed_WritesToStream" />
    </UnitTest>
    <UnitTest name="WriteString_OpenedAndClosed_WritesToStream" storage="f:\etwork\bin\tests\unittests.icore.component.core.dll" id="29f87f1d-50c8-cc7a-5fd8-63cf812e92ed">
      <Execution id="864654fc-f79e-465c-9521-4731d61542ad" />
      <TestMethod codeBase="F:\ETWork\bin\Tests\UnitTests.iCore.Component.Core.dll" adapterTypeName="Microsoft.VisualStudio.TestTools.TestTypes.Unit.UnitTestAdapter" className="UnitTests.iCore.Component.Core.ManagedScriptObjects.ManagedObjectOutfileTests" name="WriteString_OpenedAndClosed_WritesToStream" />
    </UnitTest>
    <UnitTest name="DefaultConstructor_ImplementationInServiceLocator_Success" storage="f:\etwork\bin\tests\unittests.icore.component.core.dll" id="78017cb6-059b-1954-e826-5016568abd9f">
      <Execution id="dda129f2-4fb5-46ce-8c65-8b5c7e5fbde5" />
      <TestMethod codeBase="F:\ETWork\bin\Tests\UnitTests.iCore.Component.Core.dll" adapterTypeName="Microsoft.VisualStudio.TestTools.TestTypes.Unit.UnitTestAdapter" className="UnitTests.iCore.Component.Core.ManagedScriptObjects.ManagedObjectServiceControllerTests" name="DefaultConstructor_ImplementationInServiceLocator_Success" />
    </UnitTest>
    <UnitTest name="DefaultConstructor_ImplementationNotInServiceLocator_Success" storage="f:\etwork\bin\tests\unittests.icore.component.core.dll" id="9915ec3d-079b-2182-882d-24c14137d573">
      <Execution id="844fafe5-e1c6-4bfe-accb-a93237dae316" />
      <TestMethod codeBase="F:\ETWork\bin\Tests\UnitTests.iCore.Component.Core.dll" adapterTypeName="Microsoft.VisualStudio.TestTools.TestTypes.Unit.UnitTestAdapter" className="UnitTests.iCore.Component.Core.ManagedScriptObjects.ManagedObjectServiceControllerTests" name="DefaultConstructor_ImplementationNotInServiceLocator_Success" />
    </UnitTest>
    <UnitTest name="ConnectToService_ImplementationNotInServiceLocator_Fails" storage="f:\etwork\bin\tests\unittests.icore.component.core.dll" id="fb7c521a-b1a6-5a62-66a0-b87e2f3d620e">
      <Execution id="6e6c3e9f-fdc7-4cf1-a6bb-8d6896a88cb9" />
      <TestMethod codeBase="F:\ETWork\bin\Tests\UnitTests.iCore.Component.Core.dll" adapterTypeName="Microsoft.VisualStudio.TestTools.TestTypes.Unit.UnitTestAdapter" className="UnitTests.iCore.Component.Core.ManagedScriptObjects.ManagedObjectServiceControllerTests" name="ConnectToService_ImplementationNotInServiceLocator_Fails" />
    </UnitTest>
    <UnitTest name="ConnectToService_ValidArguments_ImplementationIvokedWithExpectedArguments" storage="f:\etwork\bin\tests\unittests.icore.component.core.dll" id="716388e6-22b2-b617-7b8a-2e0be3be5f88">
      <Execution id="83a1bcc7-79e4-4020-b2c9-29c43f80a91c" />
      <TestMethod codeBase="F:\ETWork\bin\Tests\UnitTests.iCore.Component.Core.dll" adapterTypeName="Microsoft.VisualStudio.TestTools.TestTypes.Unit.UnitTestAdapter" className="UnitTests.iCore.Component.Core.ManagedScriptObjects.ManagedObjectServiceControllerTests" name="ConnectToService_ValidArguments_ImplementationIvokedWithExpectedArguments" />
    </UnitTest>
    <UnitTest name="ConnectToService_NoMachineNameArguments_ImplementationIvokedWithDefaultMachineNameArgument" storage="f:\etwork\bin\tests\unittests.icore.component.core.dll" id="73537f6f-d3fa-940c-edea-b49f2222468b">
      <Execution id="9c0e34e7-5a5b-42f9-a286-13a7e3a577d5" />
      <TestMethod codeBase="F:\ETWork\bin\Tests\UnitTests.iCore.Component.Core.dll" adapterTypeName="Microsoft.VisualStudio.TestTools.TestTypes.Unit.UnitTestAdapter" className="UnitTests.iCore.Component.Core.ManagedScriptObjects.ManagedObjectServiceControllerTests" name="ConnectToService_NoMachineNameArguments_ImplementationIvokedWithDefaultMachineNameArgument" />
    </UnitTest>
    <UnitTest name="ConnectToService_MachineNameArgumentIsEmptyString_ImplementationIvokedWithDefaultMachineNameArgument" storage="f:\etwork\bin\tests\unittests.icore.component.core.dll" id="e23a486c-47c0-4e0a-e71d-c5399b3a3f28">
      <Execution id="16016fed-7530-4107-bfa4-56d4a544b84a" />
      <TestMethod codeBase="F:\ETWork\bin\Tests\UnitTests.iCore.Component.Core.dll" adapterTypeName="Microsoft.VisualStudio.TestTools.TestTypes.Unit.UnitTestAdapter" className="UnitTests.iCore.Component.Core.ManagedScriptObjects.ManagedObjectServiceControllerTests" name="ConnectToService_MachineNameArgumentIsEmptyString_ImplementationIvokedWithDefaultMachineNameArgument" />
    </UnitTest>
    <UnitTest name="Continue_NotConnected_Fails" storage="f:\etwork\bin\tests\unittests.icore.component.core.dll" id="237862cf-2d0d-cbaf-26d4-180cb06a36d9">
      <Execution id="85f6806a-1821-47de-8f37-d512e06440e6" />
      <TestMethod codeBase="F:\ETWork\bin\Tests\UnitTests.iCore.Component.Core.dll" adapterTypeName="Microsoft.VisualStudio.TestTools.TestTypes.Unit.UnitTestAdapter" className="UnitTests.iCore.Component.Core.ManagedScriptObjects.ManagedObjectServiceControllerTests" name="Continue_NotConnected_Fails" />
    </UnitTest>
    <UnitTest name="Continue_Connected_ImplementationInvoked" storage="f:\etwork\bin\tests\unittests.icore.component.core.dll" id="5a23b2d1-fa34-06b1-35fd-d6a94876e4ee">
      <Execution id="16eb6777-7a3e-4563-8e44-e39167e15ce0" />
      <TestMethod codeBase="F:\ETWork\bin\Tests\UnitTests.iCore.Component.Core.dll" adapterTypeName="Microsoft.VisualStudio.TestTools.TestTypes.Unit.UnitTestAdapter" className="UnitTests.iCore.Component.Core.ManagedScriptObjects.ManagedObjectServiceControllerTests" name="Continue_Connected_ImplementationInvoked" />
    </UnitTest>
    <UnitTest name="DisconnectService_NotConnected_ImplementationNotInvoked" storage="f:\etwork\bin\tests\unittests.icore.component.core.dll" id="b1d9cdba-bc33-5bab-b674-f28b01fecec4">
      <Execution id="fd72aaa6-4ce6-407e-a32f-a4fe6085de97" />
      <TestMethod codeBase="F:\ETWork\bin\Tests\UnitTests.iCore.Component.Core.dll" adapterTypeName="Microsoft.VisualStudio.TestTools.TestTypes.Unit.UnitTestAdapter" className="UnitTests.iCore.Component.Core.ManagedScriptObjects.ManagedObjectServiceControllerTests" name="DisconnectService_NotConnected_ImplementationNotInvoked" />
    </UnitTest>
    <UnitTest name="DisconnectService_Connected_ImplementationInvoked" storage="f:\etwork\bin\tests\unittests.icore.component.core.dll" id="c2c8a609-4c8c-496e-d57f-80602202f7e8">
      <Execution id="cd48a76b-045d-4e0a-b172-8fdc118ddb0f" />
      <TestMethod codeBase="F:\ETWork\bin\Tests\UnitTests.iCore.Component.Core.dll" adapterTypeName="Microsoft.VisualStudio.TestTools.TestTypes.Unit.UnitTestAdapter" className="UnitTests.iCore.Component.Core.ManagedScriptObjects.ManagedObjectServiceControllerTests" name="DisconnectService_Connected_ImplementationInvoked" />
    </UnitTest>
    <UnitTest name="Pause_NotConnected_Fails" storage="f:\etwork\bin\tests\unittests.icore.component.core.dll" id="6c56f43c-2481-f70b-ab36-750f8eb4a629">
      <Execution id="1db87d40-82e7-4e0b-b9aa-b9255755e42c" />
      <TestMethod codeBase="F:\ETWork\bin\Tests\UnitTests.iCore.Component.Core.dll" adapterTypeName="Microsoft.VisualStudio.TestTools.TestTypes.Unit.UnitTestAdapter" className="UnitTests.iCore.Component.Core.ManagedScriptObjects.ManagedObjectServiceControllerTests" name="Pause_NotConnected_Fails" />
    </UnitTest>
    <UnitTest name="Pause_Connected_ImplementationInvoked" storage="f:\etwork\bin\tests\unittests.icore.component.core.dll" id="921a591d-5684-3990-4503-a415bbdb362d">
      <Execution id="822b46a0-2a83-46df-9de4-586a25360059" />
      <TestMethod codeBase="F:\ETWork\bin\Tests\UnitTests.iCore.Component.Core.dll" adapterTypeName="Microsoft.VisualStudio.TestTools.TestTypes.Unit.UnitTestAdapter" className="UnitTests.iCore.Component.Core.ManagedScriptObjects.ManagedObjectServiceControllerTests" name="Pause_Connected_ImplementationInvoked" />
    </UnitTest>
    <UnitTest name="Refresh_NotConnected_Fails" storage="f:\etwork\bin\tests\unittests.icore.component.core.dll" id="774c5a23-7b55-7960-eb11-4650a4290038">
      <Execution id="f326071a-3fa9-4d1c-98f4-6a3d6449846e" />
      <TestMethod codeBase="F:\ETWork\bin\Tests\UnitTests.iCore.Component.Core.dll" adapterTypeName="Microsoft.VisualStudio.TestTools.TestTypes.Unit.UnitTestAdapter" className="UnitTests.iCore.Component.Core.ManagedScriptObjects.ManagedObjectServiceControllerTests" name="Refresh_NotConnected_Fails" />
    </UnitTest>
    <UnitTest name="Refresh_Connected_ImplementationInvoked" storage="f:\etwork\bin\tests\unittests.icore.component.core.dll" id="4009ef10-c4a6-ac30-5c90-edc98eb9511a">
      <Execution id="6e1c1b39-1251-403e-8c2a-18a208aed270" />
      <TestMethod codeBase="F:\ETWork\bin\Tests\UnitTests.iCore.Component.Core.dll" adapterTypeName="Microsoft.VisualStudio.TestTools.TestTypes.Unit.UnitTestAdapter" className="UnitTests.iCore.Component.Core.ManagedScriptObjects.ManagedObjectServiceControllerTests" name="Refresh_Connected_ImplementationInvoked" />
    </UnitTest>
    <UnitTest name="Start_NotConnected_Fails" storage="f:\etwork\bin\tests\unittests.icore.component.core.dll" id="60ce74a5-b639-f92e-4845-6bac258dc7b1">
      <Execution id="191c4fbc-ada2-4617-97e5-70f90a9beca9" />
      <TestMethod codeBase="F:\ETWork\bin\Tests\UnitTests.iCore.Component.Core.dll" adapterTypeName="Microsoft.VisualStudio.TestTools.TestTypes.Unit.UnitTestAdapter" className="UnitTests.iCore.Component.Core.ManagedScriptObjects.ManagedObjectServiceControllerTests" name="Start_NotConnected_Fails" />
    </UnitTest>
    <UnitTest name="Start_Connected_ImplementationInvoked" storage="f:\etwork\bin\tests\unittests.icore.component.core.dll" id="7a3758e8-b584-9655-0731-a5d3a3a4352a">
      <Execution id="e261cde3-0608-48c1-bdeb-6a27912ab12c" />
      <TestMethod codeBase="F:\ETWork\bin\Tests\UnitTests.iCore.Component.Core.dll" adapterTypeName="Microsoft.VisualStudio.TestTools.TestTypes.Unit.UnitTestAdapter" className="UnitTests.iCore.Component.Core.ManagedScriptObjects.ManagedObjectServiceControllerTests" name="Start_Connected_ImplementationInvoked" />
    </UnitTest>
    <UnitTest name="Stop_NotConnected_Fails" storage="f:\etwork\bin\tests\unittests.icore.component.core.dll" id="91c4e265-a65b-dfa3-0937-32368eb9cf5c">
      <Execution id="9be56dc3-f630-4fa2-9f04-73830e2fd1ab" />
      <TestMethod codeBase="F:\ETWork\bin\Tests\UnitTests.iCore.Component.Core.dll" adapterTypeName="Microsoft.VisualStudio.TestTools.TestTypes.Unit.UnitTestAdapter" className="UnitTests.iCore.Component.Core.ManagedScriptObjects.ManagedObjectServiceControllerTests" name="Stop_NotConnected_Fails" />
    </UnitTest>
    <UnitTest name="Stop_Connected_ImplementationInvoked" storage="f:\etwork\bin\tests\unittests.icore.component.core.dll" id="e99b59a4-9c41-bba8-3365-9019877a3116">
      <Execution id="a283c97c-1b4b-46c5-a3f1-018c41bc2355" />
      <TestMethod codeBase="F:\ETWork\bin\Tests\UnitTests.iCore.Component.Core.dll" adapterTypeName="Microsoft.VisualStudio.TestTools.TestTypes.Unit.UnitTestAdapter" className="UnitTests.iCore.Component.Core.ManagedScriptObjects.ManagedObjectServiceControllerTests" name="Stop_Connected_ImplementationInvoked" />
    </UnitTest>
    <UnitTest name="getBinaryPath_NotConnected_Fails" storage="f:\etwork\bin\tests\unittests.icore.component.core.dll" id="dd8f2dbc-12bb-ce08-b1f0-70639974ccdb">
      <Execution id="a98a2415-db50-4503-a145-2ffd88017897" />
      <TestMethod codeBase="F:\ETWork\bin\Tests\UnitTests.iCore.Component.Core.dll" adapterTypeName="Microsoft.VisualStudio.TestTools.TestTypes.Unit.UnitTestAdapter" className="UnitTests.iCore.Component.Core.ManagedScriptObjects.ManagedObjectServiceControllerTests" name="getBinaryPath_NotConnected_Fails" />
    </UnitTest>
    <UnitTest name="getBinaryPath_Connected_ReturnsExpectedValue" storage="f:\etwork\bin\tests\unittests.icore.component.core.dll" id="2064b8b6-5406-e4e3-682d-40dc0dda4a29">
      <Execution id="11c3c974-a596-4bd9-a991-525ec3c763f3" />
      <TestMethod codeBase="F:\ETWork\bin\Tests\UnitTests.iCore.Component.Core.dll" adapterTypeName="Microsoft.VisualStudio.TestTools.TestTypes.Unit.UnitTestAdapter" className="UnitTests.iCore.Component.Core.ManagedScriptObjects.ManagedObjectServiceControllerTests" name="getBinaryPath_Connected_ReturnsExpectedValue" />
    </UnitTest>
    <UnitTest name="getDisplayName_NotConnected_Fails" storage="f:\etwork\bin\tests\unittests.icore.component.core.dll" id="a04da09a-c880-69dd-b4bc-1df833e24c50">
      <Execution id="f6c2c461-21d8-415f-befe-24e6d9d19f71" />
      <TestMethod codeBase="F:\ETWork\bin\Tests\UnitTests.iCore.Component.Core.dll" adapterTypeName="Microsoft.VisualStudio.TestTools.TestTypes.Unit.UnitTestAdapter" className="UnitTests.iCore.Component.Core.ManagedScriptObjects.ManagedObjectServiceControllerTests" name="getDisplayName_NotConnected_Fails" />
    </UnitTest>
    <UnitTest name="getDisplayName_Connected_ReturnsExpectedValue" storage="f:\etwork\bin\tests\unittests.icore.component.core.dll" id="17c0984d-00ed-33cc-bc3a-e80eb2c5b9b9">
      <Execution id="1464fcbd-1627-42f4-a7e9-e4312fc195bb" />
      <TestMethod codeBase="F:\ETWork\bin\Tests\UnitTests.iCore.Component.Core.dll" adapterTypeName="Microsoft.VisualStudio.TestTools.TestTypes.Unit.UnitTestAdapter" className="UnitTests.iCore.Component.Core.ManagedScriptObjects.ManagedObjectServiceControllerTests" name="getDisplayName_Connected_ReturnsExpectedValue" />
    </UnitTest>
    <UnitTest name="getMachineName_NotConnected_Fails" storage="f:\etwork\bin\tests\unittests.icore.component.core.dll" id="0568c309-ef7f-70bd-ad29-6793c52fb3da">
      <Execution id="22bde089-2bae-4db6-92a4-d8177d997829" />
      <TestMethod codeBase="F:\ETWork\bin\Tests\UnitTests.iCore.Component.Core.dll" adapterTypeName="Microsoft.VisualStudio.TestTools.TestTypes.Unit.UnitTestAdapter" className="UnitTests.iCore.Component.Core.ManagedScriptObjects.ManagedObjectServiceControllerTests" name="getMachineName_NotConnected_Fails" />
    </UnitTest>
    <UnitTest name="getMachineName_Connected_ReturnsExpectedValue" storage="f:\etwork\bin\tests\unittests.icore.component.core.dll" id="66a21a84-8b8f-ebd1-7211-e7b068fe29fe">
      <Execution id="d31b13d2-da79-42bc-975c-ca835944f3e0" />
      <TestMethod codeBase="F:\ETWork\bin\Tests\UnitTests.iCore.Component.Core.dll" adapterTypeName="Microsoft.VisualStudio.TestTools.TestTypes.Unit.UnitTestAdapter" className="UnitTests.iCore.Component.Core.ManagedScriptObjects.ManagedObjectServiceControllerTests" name="getMachineName_Connected_ReturnsExpectedValue" />
    </UnitTest>
    <UnitTest name="getProcessId_NotConnected_Fails" storage="f:\etwork\bin\tests\unittests.icore.component.core.dll" id="d4954e52-2dd8-0ed0-c112-15b32eb33459">
      <Execution id="ed05eda8-adeb-4507-83c2-2c7942775cfc" />
      <TestMethod codeBase="F:\ETWork\bin\Tests\UnitTests.iCore.Component.Core.dll" adapterTypeName="Microsoft.VisualStudio.TestTools.TestTypes.Unit.UnitTestAdapter" className="UnitTests.iCore.Component.Core.ManagedScriptObjects.ManagedObjectServiceControllerTests" name="getProcessId_NotConnected_Fails" />
    </UnitTest>
    <UnitTest name="getProcessId_Connected_ReturnsExpectedValue" storage="f:\etwork\bin\tests\unittests.icore.component.core.dll" id="400574e9-cfd2-28d7-2497-8d12875e57fe">
      <Execution id="c34d8bf3-7f6b-4113-9f76-41ff6565e333" />
      <TestMethod codeBase="F:\ETWork\bin\Tests\UnitTests.iCore.Component.Core.dll" adapterTypeName="Microsoft.VisualStudio.TestTools.TestTypes.Unit.UnitTestAdapter" className="UnitTests.iCore.Component.Core.ManagedScriptObjects.ManagedObjectServiceControllerTests" name="getProcessId_Connected_ReturnsExpectedValue" />
    </UnitTest>
    <UnitTest name="getServiceName_NotConnected_Fails" storage="f:\etwork\bin\tests\unittests.icore.component.core.dll" id="324d0d51-bb16-4866-2971-ea6ad31ad1a3">
      <Execution id="f97a015a-47b6-407d-b931-9a47c4c4ee5f" />
      <TestMethod codeBase="F:\ETWork\bin\Tests\UnitTests.iCore.Component.Core.dll" adapterTypeName="Microsoft.VisualStudio.TestTools.TestTypes.Unit.UnitTestAdapter" className="UnitTests.iCore.Component.Core.ManagedScriptObjects.ManagedObjectServiceControllerTests" name="getServiceName_NotConnected_Fails" />
    </UnitTest>
    <UnitTest name="getServiceName_Connected_ReturnsExpectedValue" storage="f:\etwork\bin\tests\unittests.icore.component.core.dll" id="7677fc14-1b53-848a-20ff-aac9fdcfb551">
      <Execution id="efe5442f-7d1b-4ec1-8005-355103d7b86e" />
      <TestMethod codeBase="F:\ETWork\bin\Tests\UnitTests.iCore.Component.Core.dll" adapterTypeName="Microsoft.VisualStudio.TestTools.TestTypes.Unit.UnitTestAdapter" className="UnitTests.iCore.Component.Core.ManagedScriptObjects.ManagedObjectServiceControllerTests" name="getServiceName_Connected_ReturnsExpectedValue" />
    </UnitTest>
    <UnitTest name="getServiceStatus_NotConnected_Fails" storage="f:\etwork\bin\tests\unittests.icore.component.core.dll" id="4c2abb17-2382-29a0-d0f8-459cc8a0f350">
      <Execution id="9f7a2d14-9e70-47ae-8e82-cef978d9dc62" />
      <TestMethod codeBase="F:\ETWork\bin\Tests\UnitTests.iCore.Component.Core.dll" adapterTypeName="Microsoft.VisualStudio.TestTools.TestTypes.Unit.UnitTestAdapter" className="UnitTests.iCore.Component.Core.ManagedScriptObjects.ManagedObjectServiceControllerTests" name="getServiceStatus_NotConnected_Fails" />
    </UnitTest>
    <UnitTest name="getServiceStatus_Connected_ReturnsExpectedValue" storage="f:\etwork\bin\tests\unittests.icore.component.core.dll" id="452aaa1d-347b-2f07-0c00-e805036b2e18">
      <Execution id="79eac563-70a6-4be9-af2e-234f96032c6c" />
      <TestMethod codeBase="F:\ETWork\bin\Tests\UnitTests.iCore.Component.Core.dll" adapterTypeName="Microsoft.VisualStudio.TestTools.TestTypes.Unit.UnitTestAdapter" className="UnitTests.iCore.Component.Core.ManagedScriptObjects.ManagedObjectServiceControllerTests" name="getServiceStatus_Connected_ReturnsExpectedValue" />
    </UnitTest>
    <UnitTest name="getServiceStatusText_NotConnected_Fails" storage="f:\etwork\bin\tests\unittests.icore.component.core.dll" id="40bde8fd-a09c-5ba6-91eb-ea957d7f6bde">
      <Execution id="239395e6-4e63-48e5-8506-51540d1c327b" />
      <TestMethod codeBase="F:\ETWork\bin\Tests\UnitTests.iCore.Component.Core.dll" adapterTypeName="Microsoft.VisualStudio.TestTools.TestTypes.Unit.UnitTestAdapter" className="UnitTests.iCore.Component.Core.ManagedScriptObjects.ManagedObjectServiceControllerTests" name="getServiceStatusText_NotConnected_Fails" />
    </UnitTest>
    <UnitTest name="getServiceStatusText_Connected_ReturnsExpectedValue" storage="f:\etwork\bin\tests\unittests.icore.component.core.dll" id="e6b206ac-4c65-f54f-2e38-203cbedf1570">
      <Execution id="a78b49d2-3558-4c64-b5b2-f978bdf4c4b9" />
      <TestMethod codeBase="F:\ETWork\bin\Tests\UnitTests.iCore.Component.Core.dll" adapterTypeName="Microsoft.VisualStudio.TestTools.TestTypes.Unit.UnitTestAdapter" className="UnitTests.iCore.Component.Core.ManagedScriptObjects.ManagedObjectServiceControllerTests" name="getServiceStatusText_Connected_ReturnsExpectedValue" />
    </UnitTest>
    <UnitTest name="getServiceType_NotConnected_Fails" storage="f:\etwork\bin\tests\unittests.icore.component.core.dll" id="dd9b318f-9742-5f8b-5bbc-f327a4bb22f7">
      <Execution id="923ee458-2c08-4dc9-b9b3-34af979d50e5" />
      <TestMethod codeBase="F:\ETWork\bin\Tests\UnitTests.iCore.Component.Core.dll" adapterTypeName="Microsoft.VisualStudio.TestTools.TestTypes.Unit.UnitTestAdapter" className="UnitTests.iCore.Component.Core.ManagedScriptObjects.ManagedObjectServiceControllerTests" name="getServiceType_NotConnected_Fails" />
    </UnitTest>
    <UnitTest name="getServiceType_Connected_ReturnsExpectedValue" storage="f:\etwork\bin\tests\unittests.icore.component.core.dll" id="73fe65d9-1496-ecab-ac02-2dff2b3f72a7">
      <Execution id="7f450d8e-8742-44e0-be45-35972b9c3311" />
      <TestMethod codeBase="F:\ETWork\bin\Tests\UnitTests.iCore.Component.Core.dll" adapterTypeName="Microsoft.VisualStudio.TestTools.TestTypes.Unit.UnitTestAdapter" className="UnitTests.iCore.Component.Core.ManagedScriptObjects.ManagedObjectServiceControllerTests" name="getServiceType_Connected_ReturnsExpectedValue" />
    </UnitTest>
    <UnitTest name="EnumDependantServices_NotConnected_Fails" storage="f:\etwork\bin\tests\unittests.icore.component.core.dll" id="243e4e73-b8a6-c732-cc2d-3e9aaa1a7973">
      <Execution id="c710ffe0-5553-4a88-bb80-e3c28c7257f1" />
      <TestMethod codeBase="F:\ETWork\bin\Tests\UnitTests.iCore.Component.Core.dll" adapterTypeName="Microsoft.VisualStudio.TestTools.TestTypes.Unit.UnitTestAdapter" className="UnitTests.iCore.Component.Core.ManagedScriptObjects.ManagedObjectServiceControllerTests" name="EnumDependantServices_NotConnected_Fails" />
    </UnitTest>
    <UnitTest name="EnumDependantServices_FirstIsTrueNoDependantServices_ReturnsExpectedValue" storage="f:\etwork\bin\tests\unittests.icore.component.core.dll" id="6b54b967-7168-d6d2-55d6-692059056cd4">
      <Execution id="4abc67ec-fdd7-44e0-9fe8-759d8008e500" />
      <TestMethod codeBase="F:\ETWork\bin\Tests\UnitTests.iCore.Component.Core.dll" adapterTypeName="Microsoft.VisualStudio.TestTools.TestTypes.Unit.UnitTestAdapter" className="UnitTests.iCore.Component.Core.ManagedScriptObjects.ManagedObjectServiceControllerTests" name="EnumDependantServices_FirstIsTrueNoDependantServices_ReturnsExpectedValue" />
    </UnitTest>
    <UnitTest name="EnumDependantServices_FirstIsFalseNoDependantServices_ReturnsExpectedValue" storage="f:\etwork\bin\tests\unittests.icore.component.core.dll" id="cc06063e-4605-10cb-bbd7-93f57249e9f2">
      <Execution id="d3437afc-72d8-4a8e-a781-9c45e31670fd" />
      <TestMethod codeBase="F:\ETWork\bin\Tests\UnitTests.iCore.Component.Core.dll" adapterTypeName="Microsoft.VisualStudio.TestTools.TestTypes.Unit.UnitTestAdapter" className="UnitTests.iCore.Component.Core.ManagedScriptObjects.ManagedObjectServiceControllerTests" name="EnumDependantServices_FirstIsFalseNoDependantServices_ReturnsExpectedValue" />
    </UnitTest>
    <UnitTest name="EnumDependantServices_FirstIsTrueOneDependantServices_ReturnsExpectedValue" storage="f:\etwork\bin\tests\unittests.icore.component.core.dll" id="6f0952ef-b78c-8cab-b1bf-22d6a6248ec2">
      <Execution id="fafdf30f-cf63-4cb1-8471-99605cd63041" />
      <TestMethod codeBase="F:\ETWork\bin\Tests\UnitTests.iCore.Component.Core.dll" adapterTypeName="Microsoft.VisualStudio.TestTools.TestTypes.Unit.UnitTestAdapter" className="UnitTests.iCore.Component.Core.ManagedScriptObjects.ManagedObjectServiceControllerTests" name="EnumDependantServices_FirstIsTrueOneDependantServices_ReturnsExpectedValue" />
    </UnitTest>
    <UnitTest name="EnumDependantServices_FirstIsFalseOneDependantServices_ReturnsNull" storage="f:\etwork\bin\tests\unittests.icore.component.core.dll" id="929fd9d5-06cf-74eb-4ab5-236799efba19">
      <Execution id="2a4574ab-ba99-4027-a04f-43fad6597845" />
      <TestMethod codeBase="F:\ETWork\bin\Tests\UnitTests.iCore.Component.Core.dll" adapterTypeName="Microsoft.VisualStudio.TestTools.TestTypes.Unit.UnitTestAdapter" className="UnitTests.iCore.Component.Core.ManagedScriptObjects.ManagedObjectServiceControllerTests" name="EnumDependantServices_FirstIsFalseOneDependantServices_ReturnsNull" />
    </UnitTest>
    <UnitTest name="EnumDependantServices_FirstIsTrueTwoDependantServicesFirstInvocation_ReturnsExpectedValue" storage="f:\etwork\bin\tests\unittests.icore.component.core.dll" id="4cca7c3f-41dd-0543-d8d3-764bf8abcc4a">
      <Execution id="c3bbb6b7-946c-467e-93e6-68ed0c123335" />
      <TestMethod codeBase="F:\ETWork\bin\Tests\UnitTests.iCore.Component.Core.dll" adapterTypeName="Microsoft.VisualStudio.TestTools.TestTypes.Unit.UnitTestAdapter" className="UnitTests.iCore.Component.Core.ManagedScriptObjects.ManagedObjectServiceControllerTests" name="EnumDependantServices_FirstIsTrueTwoDependantServicesFirstInvocation_ReturnsExpectedValue" />
    </UnitTest>
    <UnitTest name="EnumDependantServices_FirstIsTrueTwoDependantServicesSecondInvocation_ReturnsExpectedValue" storage="f:\etwork\bin\tests\unittests.icore.component.core.dll" id="c3005e9d-8232-cef6-52ee-ec07bf35d1a5">
      <Execution id="eee67c83-7088-4e68-ae76-b8191012837d" />
      <TestMethod codeBase="F:\ETWork\bin\Tests\UnitTests.iCore.Component.Core.dll" adapterTypeName="Microsoft.VisualStudio.TestTools.TestTypes.Unit.UnitTestAdapter" className="UnitTests.iCore.Component.Core.ManagedScriptObjects.ManagedObjectServiceControllerTests" name="EnumDependantServices_FirstIsTrueTwoDependantServicesSecondInvocation_ReturnsExpectedValue" />
    </UnitTest>
    <UnitTest name="EnumDependantServices_FirstIsFalseTwoDependantServicesFirstInvocation_ReturnsExpectedValue" storage="f:\etwork\bin\tests\unittests.icore.component.core.dll" id="c8ae1b91-943e-a0dd-93dd-70a3b0e5410f">
      <Execution id="05859053-aac0-4b70-bfba-c047f3e87e37" />
      <TestMethod codeBase="F:\ETWork\bin\Tests\UnitTests.iCore.Component.Core.dll" adapterTypeName="Microsoft.VisualStudio.TestTools.TestTypes.Unit.UnitTestAdapter" className="UnitTests.iCore.Component.Core.ManagedScriptObjects.ManagedObjectServiceControllerTests" name="EnumDependantServices_FirstIsFalseTwoDependantServicesFirstInvocation_ReturnsExpectedValue" />
    </UnitTest>
    <UnitTest name="EnumDependantServices_FirstIsFalseTwoDependantServicesSecondInvocation_ReturnsNull" storage="f:\etwork\bin\tests\unittests.icore.component.core.dll" id="c213202f-f89a-6d6f-418b-7f6c8f5e31d2">
      <Execution id="74b9e7f2-96e2-4891-9751-fa888796ad16" />
      <TestMethod codeBase="F:\ETWork\bin\Tests\UnitTests.iCore.Component.Core.dll" adapterTypeName="Microsoft.VisualStudio.TestTools.TestTypes.Unit.UnitTestAdapter" className="UnitTests.iCore.Component.Core.ManagedScriptObjects.ManagedObjectServiceControllerTests" name="EnumDependantServices_FirstIsFalseTwoDependantServicesSecondInvocation_ReturnsNull" />
    </UnitTest>
    <UnitTest name="EnumDependantServices_FirstIsTrueTwoDependantServicesInvocationAfterFirstIsFalse_ReturnsNull" storage="f:\etwork\bin\tests\unittests.icore.component.core.dll" id="c276884c-829f-6c3a-d834-14ea16a5b393">
      <Execution id="fc4154a9-1fd3-48be-9b7e-9933486b7f6d" />
      <TestMethod codeBase="F:\ETWork\bin\Tests\UnitTests.iCore.Component.Core.dll" adapterTypeName="Microsoft.VisualStudio.TestTools.TestTypes.Unit.UnitTestAdapter" className="UnitTests.iCore.Component.Core.ManagedScriptObjects.ManagedObjectServiceControllerTests" name="EnumDependantServices_FirstIsTrueTwoDependantServicesInvocationAfterFirstIsFalse_ReturnsNull" />
    </UnitTest>
    <UnitTest name="EnumDependetServices_IterateFiveServices_Success" storage="f:\etwork\bin\tests\unittests.icore.component.core.dll" id="fd9ea489-4b24-8207-ff9e-deab032b0788">
      <Execution id="6d99738f-1f88-41a4-8e3d-f86d24ee566e" />
      <TestMethod codeBase="F:\ETWork\bin\Tests\UnitTests.iCore.Component.Core.dll" adapterTypeName="Microsoft.VisualStudio.TestTools.TestTypes.Unit.UnitTestAdapter" className="UnitTests.iCore.Component.Core.ManagedScriptObjects.ManagedObjectServiceControllerTests" name="EnumDependetServices_IterateFiveServices_Success" />
    </UnitTest>
    <UnitTest name="EnumServicesDependedOn_NotConnected_Fails" storage="f:\etwork\bin\tests\unittests.icore.component.core.dll" id="e79368f5-deff-2f1a-dcf0-ec29bafa23d4">
      <Execution id="5824cfc6-facd-4f2f-b063-6867dfcf6db2" />
      <TestMethod codeBase="F:\ETWork\bin\Tests\UnitTests.iCore.Component.Core.dll" adapterTypeName="Microsoft.VisualStudio.TestTools.TestTypes.Unit.UnitTestAdapter" className="UnitTests.iCore.Component.Core.ManagedScriptObjects.ManagedObjectServiceControllerTests" name="EnumServicesDependedOn_NotConnected_Fails" />
    </UnitTest>
    <UnitTest name="EnumServicesDependedOn_FirstIsTrueNoServicesDependedOn_ReturnsExpectedValue" storage="f:\etwork\bin\tests\unittests.icore.component.core.dll" id="a9a91aa7-c4b3-1e6d-9044-6d3a827496c7">
      <Execution id="98f0e5d8-8437-4e3c-9cc8-48b5bea5a7d5" />
      <TestMethod codeBase="F:\ETWork\bin\Tests\UnitTests.iCore.Component.Core.dll" adapterTypeName="Microsoft.VisualStudio.TestTools.TestTypes.Unit.UnitTestAdapter" className="UnitTests.iCore.Component.Core.ManagedScriptObjects.ManagedObjectServiceControllerTests" name="EnumServicesDependedOn_FirstIsTrueNoServicesDependedOn_ReturnsExpectedValue" />
    </UnitTest>
    <UnitTest name="EnumServicesDependedOn_FirstIsFalseNoServicesDependedOn_ReturnsExpectedValue" storage="f:\etwork\bin\tests\unittests.icore.component.core.dll" id="788f7530-886b-1ac9-636d-64eb1f26fe3f">
      <Execution id="e880fa7a-2606-47b1-b3ae-f5c808e3b292" />
      <TestMethod codeBase="F:\ETWork\bin\Tests\UnitTests.iCore.Component.Core.dll" adapterTypeName="Microsoft.VisualStudio.TestTools.TestTypes.Unit.UnitTestAdapter" className="UnitTests.iCore.Component.Core.ManagedScriptObjects.ManagedObjectServiceControllerTests" name="EnumServicesDependedOn_FirstIsFalseNoServicesDependedOn_ReturnsExpectedValue" />
    </UnitTest>
    <UnitTest name="EnumServicesDependedOn_FirstIsTrueOneServicesDependedOn_ReturnsExpectedValue" storage="f:\etwork\bin\tests\unittests.icore.component.core.dll" id="f2532723-93c3-9adc-9f22-f78242178cbc">
      <Execution id="ea841059-9b42-46ac-a7fb-cdb1c1e7aa0d" />
      <TestMethod codeBase="F:\ETWork\bin\Tests\UnitTests.iCore.Component.Core.dll" adapterTypeName="Microsoft.VisualStudio.TestTools.TestTypes.Unit.UnitTestAdapter" className="UnitTests.iCore.Component.Core.ManagedScriptObjects.ManagedObjectServiceControllerTests" name="EnumServicesDependedOn_FirstIsTrueOneServicesDependedOn_ReturnsExpectedValue" />
    </UnitTest>
    <UnitTest name="EnumServicesDependedOn_FirstIsFalseOneServicesDependedOn_ReturnsNull" storage="f:\etwork\bin\tests\unittests.icore.component.core.dll" id="e50226ec-f804-3781-1cf9-9bea009a6bbf">
      <Execution id="ff858b62-6c3a-4e9e-bc86-d77999e8231f" />
      <TestMethod codeBase="F:\ETWork\bin\Tests\UnitTests.iCore.Component.Core.dll" adapterTypeName="Microsoft.VisualStudio.TestTools.TestTypes.Unit.UnitTestAdapter" className="UnitTests.iCore.Component.Core.ManagedScriptObjects.ManagedObjectServiceControllerTests" name="EnumServicesDependedOn_FirstIsFalseOneServicesDependedOn_ReturnsNull" />
    </UnitTest>
    <UnitTest name="EnumServicesDependedOn_FirstIsTrueTwoServicesDependedOnFirstInvocation_ReturnsExpectedValue" storage="f:\etwork\bin\tests\unittests.icore.component.core.dll" id="14e63a32-a567-d967-6a51-dc04d0b9f010">
      <Execution id="9857d32e-d675-4c4d-8c3c-611ddff0a43e" />
      <TestMethod codeBase="F:\ETWork\bin\Tests\UnitTests.iCore.Component.Core.dll" adapterTypeName="Microsoft.VisualStudio.TestTools.TestTypes.Unit.UnitTestAdapter" className="UnitTests.iCore.Component.Core.ManagedScriptObjects.ManagedObjectServiceControllerTests" name="EnumServicesDependedOn_FirstIsTrueTwoServicesDependedOnFirstInvocation_ReturnsExpectedValue" />
    </UnitTest>
    <UnitTest name="EnumServicesDependedOn_FirstIsTrueTwoServicesDependedOnSecondInvocation_ReturnsExpectedValue" storage="f:\etwork\bin\tests\unittests.icore.component.core.dll" id="4091fc18-6a36-ce6b-3164-3e0f42b4a9c6">
      <Execution id="ffcaa306-957d-44ed-8715-ef032a11c8c3" />
      <TestMethod codeBase="F:\ETWork\bin\Tests\UnitTests.iCore.Component.Core.dll" adapterTypeName="Microsoft.VisualStudio.TestTools.TestTypes.Unit.UnitTestAdapter" className="UnitTests.iCore.Component.Core.ManagedScriptObjects.ManagedObjectServiceControllerTests" name="EnumServicesDependedOn_FirstIsTrueTwoServicesDependedOnSecondInvocation_ReturnsExpectedValue" />
    </UnitTest>
    <UnitTest name="EnumServicesDependedOn_FirstIsFalseTwoServicesDependedOnFirstInvocation_ReturnsExpectedValue" storage="f:\etwork\bin\tests\unittests.icore.component.core.dll" id="c0bf3097-b74d-7ec1-7858-828584137a56">
      <Execution id="dd3aa7b9-a71e-403b-89c2-1b294cd9f89e" />
      <TestMethod codeBase="F:\ETWork\bin\Tests\UnitTests.iCore.Component.Core.dll" adapterTypeName="Microsoft.VisualStudio.TestTools.TestTypes.Unit.UnitTestAdapter" className="UnitTests.iCore.Component.Core.ManagedScriptObjects.ManagedObjectServiceControllerTests" name="EnumServicesDependedOn_FirstIsFalseTwoServicesDependedOnFirstInvocation_ReturnsExpectedValue" />
    </UnitTest>
    <UnitTest name="EnumServicesDependedOn_FirstIsFalseTwoServicesDependedOnSecondInvocation_ReturnsNull" storage="f:\etwork\bin\tests\unittests.icore.component.core.dll" id="ba15ac05-7dd0-b726-9e44-54dfde2f7349">
      <Execution id="fef4bc8b-5bbb-4b2c-89a6-28908ccf80d7" />
      <TestMethod codeBase="F:\ETWork\bin\Tests\UnitTests.iCore.Component.Core.dll" adapterTypeName="Microsoft.VisualStudio.TestTools.TestTypes.Unit.UnitTestAdapter" className="UnitTests.iCore.Component.Core.ManagedScriptObjects.ManagedObjectServiceControllerTests" name="EnumServicesDependedOn_FirstIsFalseTwoServicesDependedOnSecondInvocation_ReturnsNull" />
    </UnitTest>
    <UnitTest name="EnumServicesDependedOn_FirstIsTrueTwoServicesDependedOnInvocationAfterFirstIsFalse_ReturnsNull" storage="f:\etwork\bin\tests\unittests.icore.component.core.dll" id="b225df5b-3d70-7a8f-8dd2-ba8db401618c">
      <Execution id="2fe60d37-0338-4ca3-b8e8-6267e4404078" />
      <TestMethod codeBase="F:\ETWork\bin\Tests\UnitTests.iCore.Component.Core.dll" adapterTypeName="Microsoft.VisualStudio.TestTools.TestTypes.Unit.UnitTestAdapter" className="UnitTests.iCore.Component.Core.ManagedScriptObjects.ManagedObjectServiceControllerTests" name="EnumServicesDependedOn_FirstIsTrueTwoServicesDependedOnInvocationAfterFirstIsFalse_ReturnsNull" />
    </UnitTest>
    <UnitTest name="EnumServicesDependedOn_IterateFiveServices_Success" storage="f:\etwork\bin\tests\unittests.icore.component.core.dll" id="0c5bc514-6be3-f5cf-9d07-ed906f4969e5">
      <Execution id="cddfb46b-a8b9-4a0f-b13b-9e69ec3cec0c" />
      <TestMethod codeBase="F:\ETWork\bin\Tests\UnitTests.iCore.Component.Core.dll" adapterTypeName="Microsoft.VisualStudio.TestTools.TestTypes.Unit.UnitTestAdapter" className="UnitTests.iCore.Component.Core.ManagedScriptObjects.ManagedObjectServiceControllerTests" name="EnumServicesDependedOn_IterateFiveServices_Success" />
    </UnitTest>
    <UnitTest name="get_ReplyToQ__CompletionCodeNotOk_Fails" storage="f:\etwork\bin\tests\unittests.icore.component.core.dll" id="b9509132-1609-c367-97b0-5ca457307c4d">
      <TestCategory>
        <TestCategoryItem TestCategory="WSMQ" />
      </TestCategory>
      <Execution id="cf5c4c15-c61b-4f32-b63f-fc2af28d275a" />
      <TestMethod codeBase="F:\ETWork\bin\Tests\UnitTests.iCore.Component.Core.dll" adapterTypeName="Microsoft.VisualStudio.TestTools.TestTypes.Unit.UnitTestAdapter" className="UnitTests.iCore.Component.Core.ManagedScriptObjects.ManagedObjectWsmqMessageTests" name="get_ReplyToQ__CompletionCodeNotOk_Fails" />
    </UnitTest>
    <UnitTest name="set_ReplyToQ_UsesRuntime_Success" storage="f:\etwork\bin\tests\unittests.icore.component.core.dll" id="ad0322ac-7747-9ff3-19de-bf9f1344e9e9">
      <TestCategory>
        <TestCategoryItem TestCategory="WSMQ" />
      </TestCategory>
      <Execution id="29df8f4f-2fa1-4cef-868f-dbc08976e7ca" />
      <TestMethod codeBase="F:\ETWork\bin\Tests\UnitTests.iCore.Component.Core.dll" adapterTypeName="Microsoft.VisualStudio.TestTools.TestTypes.Unit.UnitTestAdapter" className="UnitTests.iCore.Component.Core.ManagedScriptObjects.ManagedObjectWsmqMessageTests" name="set_ReplyToQ_UsesRuntime_Success" />
    </UnitTest>
    <UnitTest name="set_ReplyToQ_NullInput_SetsNullChars" storage="f:\etwork\bin\tests\unittests.icore.component.core.dll" id="23a68a4d-800d-c92f-13bd-0297550fa416">
      <TestCategory>
        <TestCategoryItem TestCategory="WSMQ" />
      </TestCategory>
      <Execution id="0d164e6b-2265-4220-a25c-8913889594f3" />
      <TestMethod codeBase="F:\ETWork\bin\Tests\UnitTests.iCore.Component.Core.dll" adapterTypeName="Microsoft.VisualStudio.TestTools.TestTypes.Unit.UnitTestAdapter" className="UnitTests.iCore.Component.Core.ManagedScriptObjects.ManagedObjectWsmqMessageTests" name="set_ReplyToQ_NullInput_SetsNullChars" />
    </UnitTest>
    <UnitTest name="set_ReplyToQ_RuntimeThrows_Fails" storage="f:\etwork\bin\tests\unittests.icore.component.core.dll" id="fb4da0cc-70b7-c703-2a9d-eb5e02ba28b3">
      <TestCategory>
        <TestCategoryItem TestCategory="WSMQ" />
      </TestCategory>
      <Execution id="7f506594-e833-427f-90d0-451a8eb43c0f" />
      <TestMethod codeBase="F:\ETWork\bin\Tests\UnitTests.iCore.Component.Core.dll" adapterTypeName="Microsoft.VisualStudio.TestTools.TestTypes.Unit.UnitTestAdapter" className="UnitTests.iCore.Component.Core.ManagedScriptObjects.ManagedObjectWsmqMessageTests" name="set_ReplyToQ_RuntimeThrows_Fails" />
    </UnitTest>
    <UnitTest name="set_ReplyToQ_CompletionCodeNotOk_Fails" storage="f:\etwork\bin\tests\unittests.icore.component.core.dll" id="69802c8a-f118-9198-80bb-2e623d8d0c2e">
      <TestCategory>
        <TestCategoryItem TestCategory="WSMQ" />
      </TestCategory>
      <Execution id="417965d5-0590-43bc-8c07-fc9ade8f9a0f" />
      <TestMethod codeBase="F:\ETWork\bin\Tests\UnitTests.iCore.Component.Core.dll" adapterTypeName="Microsoft.VisualStudio.TestTools.TestTypes.Unit.UnitTestAdapter" className="UnitTests.iCore.Component.Core.ManagedScriptObjects.ManagedObjectWsmqMessageTests" name="set_ReplyToQ_CompletionCodeNotOk_Fails" />
    </UnitTest>
    <UnitTest name="get_ReplyToQMgr_UsesRuntime_Success" storage="f:\etwork\bin\tests\unittests.icore.component.core.dll" id="27fdc3f4-42f9-5da1-0839-916becdb3dec">
      <TestCategory>
        <TestCategoryItem TestCategory="WSMQ" />
      </TestCategory>
      <Execution id="3881c95b-f9bc-438e-91da-3961d383b18c" />
      <TestMethod codeBase="F:\ETWork\bin\Tests\UnitTests.iCore.Component.Core.dll" adapterTypeName="Microsoft.VisualStudio.TestTools.TestTypes.Unit.UnitTestAdapter" className="UnitTests.iCore.Component.Core.ManagedScriptObjects.ManagedObjectWsmqMessageTests" name="get_ReplyToQMgr_UsesRuntime_Success" />
    </UnitTest>
    <UnitTest name="get_ReplyToQMgr_RuntimeThrows_Fails" storage="f:\etwork\bin\tests\unittests.icore.component.core.dll" id="35799b89-3eed-65bd-3499-d229e0539593">
      <TestCategory>
        <TestCategoryItem TestCategory="WSMQ" />
      </TestCategory>
      <Execution id="6e29ebc5-72e7-4d11-88ef-bfa963b900a6" />
      <TestMethod codeBase="F:\ETWork\bin\Tests\UnitTests.iCore.Component.Core.dll" adapterTypeName="Microsoft.VisualStudio.TestTools.TestTypes.Unit.UnitTestAdapter" className="UnitTests.iCore.Component.Core.ManagedScriptObjects.ManagedObjectWsmqMessageTests" name="get_ReplyToQMgr_RuntimeThrows_Fails" />
    </UnitTest>
    <UnitTest name="get_ReplyToQMgr_CompletionCodeNotOk_Fails" storage="f:\etwork\bin\tests\unittests.icore.component.core.dll" id="c7a98baf-bb7c-fed4-c06f-42b30ff37457">
      <TestCategory>
        <TestCategoryItem TestCategory="WSMQ" />
      </TestCategory>
      <Execution id="d692dbdd-3b98-489d-ab45-b85609490cac" />
      <TestMethod codeBase="F:\ETWork\bin\Tests\UnitTests.iCore.Component.Core.dll" adapterTypeName="Microsoft.VisualStudio.TestTools.TestTypes.Unit.UnitTestAdapter" className="UnitTests.iCore.Component.Core.ManagedScriptObjects.ManagedObjectWsmqMessageTests" name="get_ReplyToQMgr_CompletionCodeNotOk_Fails" />
    </UnitTest>
    <UnitTest name="set_ReplyToQMgr_UsesRuntime_Success" storage="f:\etwork\bin\tests\unittests.icore.component.core.dll" id="2af6d9f1-f554-89ec-1144-2e692b7cd2a7">
      <TestCategory>
        <TestCategoryItem TestCategory="WSMQ" />
      </TestCategory>
      <Execution id="4e055a84-fab6-41b4-929f-2af2845d7c94" />
      <TestMethod codeBase="F:\ETWork\bin\Tests\UnitTests.iCore.Component.Core.dll" adapterTypeName="Microsoft.VisualStudio.TestTools.TestTypes.Unit.UnitTestAdapter" className="UnitTests.iCore.Component.Core.ManagedScriptObjects.ManagedObjectWsmqMessageTests" name="set_ReplyToQMgr_UsesRuntime_Success" />
    </UnitTest>
    <UnitTest name="set_ReplyToQMgr_NullInput_SetsNullChars" storage="f:\etwork\bin\tests\unittests.icore.component.core.dll" id="20de3cab-a1b2-8466-bd30-aa472309d19d">
      <TestCategory>
        <TestCategoryItem TestCategory="WSMQ" />
      </TestCategory>
      <Execution id="0d8777b9-de4c-4361-bfc7-d4e78c075518" />
      <TestMethod codeBase="F:\ETWork\bin\Tests\UnitTests.iCore.Component.Core.dll" adapterTypeName="Microsoft.VisualStudio.TestTools.TestTypes.Unit.UnitTestAdapter" className="UnitTests.iCore.Component.Core.ManagedScriptObjects.ManagedObjectWsmqMessageTests" name="set_ReplyToQMgr_NullInput_SetsNullChars" />
    </UnitTest>
    <UnitTest name="set_ReplyToQMgr_RuntimeThrows_Fails" storage="f:\etwork\bin\tests\unittests.icore.component.core.dll" id="fa85d565-8cff-9ff0-c176-ef74f01d7574">
      <TestCategory>
        <TestCategoryItem TestCategory="WSMQ" />
      </TestCategory>
      <Execution id="5f58e849-707e-4a98-b904-1183ae9e4211" />
      <TestMethod codeBase="F:\ETWork\bin\Tests\UnitTests.iCore.Component.Core.dll" adapterTypeName="Microsoft.VisualStudio.TestTools.TestTypes.Unit.UnitTestAdapter" className="UnitTests.iCore.Component.Core.ManagedScriptObjects.ManagedObjectWsmqMessageTests" name="set_ReplyToQMgr_RuntimeThrows_Fails" />
    </UnitTest>
    <UnitTest name="set_ReplyToQMgr_CompletionCodeNotOk_Fails" storage="f:\etwork\bin\tests\unittests.icore.component.core.dll" id="291289e9-decd-0c6a-7636-79bc24256e9a">
      <TestCategory>
        <TestCategoryItem TestCategory="WSMQ" />
      </TestCategory>
      <Execution id="4082008f-a28e-48c6-a252-bec988dcc99b" />
      <TestMethod codeBase="F:\ETWork\bin\Tests\UnitTests.iCore.Component.Core.dll" adapterTypeName="Microsoft.VisualStudio.TestTools.TestTypes.Unit.UnitTestAdapter" className="UnitTests.iCore.Component.Core.ManagedScriptObjects.ManagedObjectWsmqMessageTests" name="set_ReplyToQMgr_CompletionCodeNotOk_Fails" />
    </UnitTest>
    <UnitTest name="get_ReportCorrelId_UsesRuntime_Success" storage="f:\etwork\bin\tests\unittests.icore.component.core.dll" id="1348c14f-2b8c-85d9-e48b-fc31d931696a">
      <TestCategory>
        <TestCategoryItem TestCategory="WSMQ" />
      </TestCategory>
      <Execution id="0a1d8e41-ef8f-486f-8363-92945237320f" />
      <TestMethod codeBase="F:\ETWork\bin\Tests\UnitTests.iCore.Component.Core.dll" adapterTypeName="Microsoft.VisualStudio.TestTools.TestTypes.Unit.UnitTestAdapter" className="UnitTests.iCore.Component.Core.ManagedScriptObjects.ManagedObjectWsmqMessageTests" name="get_ReportCorrelId_UsesRuntime_Success" />
    </UnitTest>
    <UnitTest name="get_ReportCorrelId_RuntimeThrows_Fails" storage="f:\etwork\bin\tests\unittests.icore.component.core.dll" id="e0d2cf8a-2800-9211-2d2f-4800940d2d9a">
      <TestCategory>
        <TestCategoryItem TestCategory="WSMQ" />
      </TestCategory>
      <Execution id="d08b64ca-e1fa-4ed8-b585-578ceb5f4f72" />
      <TestMethod codeBase="F:\ETWork\bin\Tests\UnitTests.iCore.Component.Core.dll" adapterTypeName="Microsoft.VisualStudio.TestTools.TestTypes.Unit.UnitTestAdapter" className="UnitTests.iCore.Component.Core.ManagedScriptObjects.ManagedObjectWsmqMessageTests" name="get_ReportCorrelId_RuntimeThrows_Fails" />
    </UnitTest>
    <UnitTest name="get_ReportMsgId_UsesRuntime_Success" storage="f:\etwork\bin\tests\unittests.icore.component.core.dll" id="f27e7cfe-21d8-d0f1-0f34-ae907587cce6">
      <TestCategory>
        <TestCategoryItem TestCategory="WSMQ" />
      </TestCategory>
      <Execution id="141a38ee-3476-45f5-98c7-2a754861d179" />
      <TestMethod codeBase="F:\ETWork\bin\Tests\UnitTests.iCore.Component.Core.dll" adapterTypeName="Microsoft.VisualStudio.TestTools.TestTypes.Unit.UnitTestAdapter" className="UnitTests.iCore.Component.Core.ManagedScriptObjects.ManagedObjectWsmqMessageTests" name="get_ReportMsgId_UsesRuntime_Success" />
    </UnitTest>
    <UnitTest name="get_ReportMsgId_RuntimeThrows_Fails" storage="f:\etwork\bin\tests\unittests.icore.component.core.dll" id="89ead613-b16f-29ca-96b4-ecc9c67c49e2">
      <TestCategory>
        <TestCategoryItem TestCategory="WSMQ" />
      </TestCategory>
      <Execution id="44da92ff-3cdc-4392-9b2a-f4baea3dc40b" />
      <TestMethod codeBase="F:\ETWork\bin\Tests\UnitTests.iCore.Component.Core.dll" adapterTypeName="Microsoft.VisualStudio.TestTools.TestTypes.Unit.UnitTestAdapter" className="UnitTests.iCore.Component.Core.ManagedScriptObjects.ManagedObjectWsmqMessageTests" name="get_ReportMsgId_RuntimeThrows_Fails" />
    </UnitTest>
    <UnitTest name="get_ReportNegActNot_UsesRuntime_Success" storage="f:\etwork\bin\tests\unittests.icore.component.core.dll" id="56eb0094-384a-5794-daeb-95151df9ecad">
      <TestCategory>
        <TestCategoryItem TestCategory="WSMQ" />
      </TestCategory>
      <Execution id="cdbbdb09-56be-430f-9d4e-59152e26614a" />
      <TestMethod codeBase="F:\ETWork\bin\Tests\UnitTests.iCore.Component.Core.dll" adapterTypeName="Microsoft.VisualStudio.TestTools.TestTypes.Unit.UnitTestAdapter" className="UnitTests.iCore.Component.Core.ManagedScriptObjects.ManagedObjectWsmqMessageTests" name="get_ReportNegActNot_UsesRuntime_Success" />
    </UnitTest>
    <UnitTest name="get_ReportNegActNot_RuntimeThrows_Fails" storage="f:\etwork\bin\tests\unittests.icore.component.core.dll" id="cc90a044-e2c1-15e7-003a-27d8dfd6c70e">
      <TestCategory>
        <TestCategoryItem TestCategory="WSMQ" />
      </TestCategory>
      <Execution id="5eddb4ca-fa40-4aad-9ca9-a4855bbb6fdf" />
      <TestMethod codeBase="F:\ETWork\bin\Tests\UnitTests.iCore.Component.Core.dll" adapterTypeName="Microsoft.VisualStudio.TestTools.TestTypes.Unit.UnitTestAdapter" className="UnitTests.iCore.Component.Core.ManagedScriptObjects.ManagedObjectWsmqMessageTests" name="get_ReportNegActNot_RuntimeThrows_Fails" />
    </UnitTest>
    <UnitTest name="get_ReportPosActNot_UsesRuntime_Success" storage="f:\etwork\bin\tests\unittests.icore.component.core.dll" id="25adc324-bbeb-ba2f-2bc3-aae1d7d85a33">
      <TestCategory>
        <TestCategoryItem TestCategory="WSMQ" />
      </TestCategory>
      <Execution id="b539b996-f5ce-466d-bbe0-3217410d90b6" />
      <TestMethod codeBase="F:\ETWork\bin\Tests\UnitTests.iCore.Component.Core.dll" adapterTypeName="Microsoft.VisualStudio.TestTools.TestTypes.Unit.UnitTestAdapter" className="UnitTests.iCore.Component.Core.ManagedScriptObjects.ManagedObjectWsmqMessageTests" name="get_ReportPosActNot_UsesRuntime_Success" />
    </UnitTest>
    <UnitTest name="get_ReportPosActNot_RuntimeThrows_Fails" storage="f:\etwork\bin\tests\unittests.icore.component.core.dll" id="e1c7f6b1-e832-e320-0571-6fe34f4ed013">
      <TestCategory>
        <TestCategoryItem TestCategory="WSMQ" />
      </TestCategory>
      <Execution id="64844901-3455-4e29-b970-44fab7ab60b3" />
      <TestMethod codeBase="F:\ETWork\bin\Tests\UnitTests.iCore.Component.Core.dll" adapterTypeName="Microsoft.VisualStudio.TestTools.TestTypes.Unit.UnitTestAdapter" className="UnitTests.iCore.Component.Core.ManagedScriptObjects.ManagedObjectWsmqMessageTests" name="get_ReportPosActNot_RuntimeThrows_Fails" />
    </UnitTest>
    <UnitTest name="LoadFromFile_UsesFileSystemService_Success" storage="f:\etwork\bin\tests\unittests.icore.component.core.dll" id="14a2de0c-3d42-ef37-b016-8abb93d30480">
      <TestCategory>
        <TestCategoryItem TestCategory="WSMQ" />
      </TestCategory>
      <Execution id="67cc1d3c-af80-43b2-b4b0-3209a099ef9f" />
      <TestMethod codeBase="F:\ETWork\bin\Tests\UnitTests.iCore.Component.Core.dll" adapterTypeName="Microsoft.VisualStudio.TestTools.TestTypes.Unit.UnitTestAdapter" className="UnitTests.iCore.Component.Core.ManagedScriptObjects.ManagedObjectWsmqMessageTests" name="LoadFromFile_UsesFileSystemService_Success" />
    </UnitTest>
    <UnitTest name="LoadFromFile_WritesBytesToRuntimeMessage_Success" storage="f:\etwork\bin\tests\unittests.icore.component.core.dll" id="fc17586c-e529-6cfd-4b38-b13255eefd36">
      <TestCategory>
        <TestCategoryItem TestCategory="WSMQ" />
      </TestCategory>
      <Execution id="83a299f0-f50e-46c8-8772-008112128fa7" />
      <TestMethod codeBase="F:\ETWork\bin\Tests\UnitTests.iCore.Component.Core.dll" adapterTypeName="Microsoft.VisualStudio.TestTools.TestTypes.Unit.UnitTestAdapter" className="UnitTests.iCore.Component.Core.ManagedScriptObjects.ManagedObjectWsmqMessageTests" name="LoadFromFile_WritesBytesToRuntimeMessage_Success" />
    </UnitTest>
    <UnitTest name="LoadFromFile_RuntimeThrows_Fails" storage="f:\etwork\bin\tests\unittests.icore.component.core.dll" id="af3f911d-60af-e2a8-9172-319a660f79a8">
      <TestCategory>
        <TestCategoryItem TestCategory="WSMQ" />
      </TestCategory>
      <Execution id="100a01b1-7de3-4f48-a111-b0e174206dfb" />
      <TestMethod codeBase="F:\ETWork\bin\Tests\UnitTests.iCore.Component.Core.dll" adapterTypeName="Microsoft.VisualStudio.TestTools.TestTypes.Unit.UnitTestAdapter" className="UnitTests.iCore.Component.Core.ManagedScriptObjects.ManagedObjectWsmqMessageTests" name="LoadFromFile_RuntimeThrows_Fails" />
    </UnitTest>
    <UnitTest name="ReadBinaryData_ReadsBytesFromRuntimeMessage_Success" storage="f:\etwork\bin\tests\unittests.icore.component.core.dll" id="9edf83d7-e534-a5ed-b675-b0e59295f183">
      <TestCategory>
        <TestCategoryItem TestCategory="WSMQ" />
      </TestCategory>
      <Execution id="ad3f3b20-864c-4830-98db-6caf23d0b35c" />
      <TestMethod codeBase="F:\ETWork\bin\Tests\UnitTests.iCore.Component.Core.dll" adapterTypeName="Microsoft.VisualStudio.TestTools.TestTypes.Unit.UnitTestAdapter" className="UnitTests.iCore.Component.Core.ManagedScriptObjects.ManagedObjectWsmqMessageTests" name="ReadBinaryData_ReadsBytesFromRuntimeMessage_Success" />
    </UnitTest>
    <UnitTest name="ReadBinaryData_BytesToReadIsZero_ReadsAllBytes" storage="f:\etwork\bin\tests\unittests.icore.component.core.dll" id="1492492d-6270-f5df-f675-c03c3b263a08">
      <TestCategory>
        <TestCategoryItem TestCategory="WSMQ" />
      </TestCategory>
      <Execution id="3449ed76-d697-4c64-b286-68252d2e5ef2" />
      <TestMethod codeBase="F:\ETWork\bin\Tests\UnitTests.iCore.Component.Core.dll" adapterTypeName="Microsoft.VisualStudio.TestTools.TestTypes.Unit.UnitTestAdapter" className="UnitTests.iCore.Component.Core.ManagedScriptObjects.ManagedObjectWsmqMessageTests" name="ReadBinaryData_BytesToReadIsZero_ReadsAllBytes" />
    </UnitTest>
    <UnitTest name="ReadBinaryData_RuntimeThrows_Fails" storage="f:\etwork\bin\tests\unittests.icore.component.core.dll" id="98b523b7-c357-4e48-de09-71c9c6a163ac">
      <TestCategory>
        <TestCategoryItem TestCategory="WSMQ" />
      </TestCategory>
      <Execution id="a28981cf-c951-48bc-8a20-507fc8da5ebc" />
      <TestMethod codeBase="F:\ETWork\bin\Tests\UnitTests.iCore.Component.Core.dll" adapterTypeName="Microsoft.VisualStudio.TestTools.TestTypes.Unit.UnitTestAdapter" className="UnitTests.iCore.Component.Core.ManagedScriptObjects.ManagedObjectWsmqMessageTests" name="ReadBinaryData_RuntimeThrows_Fails" />
    </UnitTest>
    <UnitTest name="ReadRFH2_NameValueData_UsesRuntime_Success" storage="f:\etwork\bin\tests\unittests.icore.component.core.dll" id="b4667b12-066d-78ee-4fce-0824be98f39c">
      <TestCategory>
        <TestCategoryItem TestCategory="WSMQ" />
      </TestCategory>
      <Execution id="fd6acc6a-1c18-48de-9e54-ed20be25b868" />
      <TestMethod codeBase="F:\ETWork\bin\Tests\UnitTests.iCore.Component.Core.dll" adapterTypeName="Microsoft.VisualStudio.TestTools.TestTypes.Unit.UnitTestAdapter" className="UnitTests.iCore.Component.Core.ManagedScriptObjects.ManagedObjectWsmqMessageTests" name="ReadRFH2_NameValueData_UsesRuntime_Success" />
    </UnitTest>
    <UnitTest name="ReadRFH2_NameValueData_RuntimeThrows_Fails" storage="f:\etwork\bin\tests\unittests.icore.component.core.dll" id="271ee9e2-539e-3ba6-2654-212206ba3616">
      <TestCategory>
        <TestCategoryItem TestCategory="WSMQ" />
      </TestCategory>
      <Execution id="42162e77-9f36-4ee6-beb7-f5b10737fbca" />
      <TestMethod codeBase="F:\ETWork\bin\Tests\UnitTests.iCore.Component.Core.dll" adapterTypeName="Microsoft.VisualStudio.TestTools.TestTypes.Unit.UnitTestAdapter" className="UnitTests.iCore.Component.Core.ManagedScriptObjects.ManagedObjectWsmqMessageTests" name="ReadRFH2_NameValueData_RuntimeThrows_Fails" />
    </UnitTest>
    <UnitTest name="ReadString_ReadsStringFromRuntimeMessage_Success" storage="f:\etwork\bin\tests\unittests.icore.component.core.dll" id="dc59541f-1306-9250-e964-94e9f4fbab1e">
      <TestCategory>
        <TestCategoryItem TestCategory="WSMQ" />
      </TestCategory>
      <Execution id="f01275df-076c-408c-8128-d8033e12050d" />
      <TestMethod codeBase="F:\ETWork\bin\Tests\UnitTests.iCore.Component.Core.dll" adapterTypeName="Microsoft.VisualStudio.TestTools.TestTypes.Unit.UnitTestAdapter" className="UnitTests.iCore.Component.Core.ManagedScriptObjects.ManagedObjectWsmqMessageTests" name="ReadString_ReadsStringFromRuntimeMessage_Success" />
    </UnitTest>
    <UnitTest name="ReadString_MaxBytesToReadIsZero_ReadsAllChars" storage="f:\etwork\bin\tests\unittests.icore.component.core.dll" id="a2adae8e-7dc6-2239-9c5b-b1b97ec2ecae">
      <TestCategory>
        <TestCategoryItem TestCategory="WSMQ" />
      </TestCategory>
      <Execution id="f1499105-7d72-48aa-a725-f2303ae6ce3c" />
      <TestMethod codeBase="F:\ETWork\bin\Tests\UnitTests.iCore.Component.Core.dll" adapterTypeName="Microsoft.VisualStudio.TestTools.TestTypes.Unit.UnitTestAdapter" className="UnitTests.iCore.Component.Core.ManagedScriptObjects.ManagedObjectWsmqMessageTests" name="ReadString_MaxBytesToReadIsZero_ReadsAllChars" />
    </UnitTest>
    <UnitTest name="ReadString_MinusOneCodepage_UsesCharacterSetFromMessage" storage="f:\etwork\bin\tests\unittests.icore.component.core.dll" id="272bd6b0-2847-15c5-a087-009694106eb9">
      <TestCategory>
        <TestCategoryItem TestCategory="WSMQ" />
      </TestCategory>
      <Execution id="ecfb0466-8a9d-4b9a-abf2-6cc8bf293768" />
      <TestMethod codeBase="F:\ETWork\bin\Tests\UnitTests.iCore.Component.Core.dll" adapterTypeName="Microsoft.VisualStudio.TestTools.TestTypes.Unit.UnitTestAdapter" className="UnitTests.iCore.Component.Core.ManagedScriptObjects.ManagedObjectWsmqMessageTests" name="ReadString_MinusOneCodepage_UsesCharacterSetFromMessage" />
    </UnitTest>
    <UnitTest name="ReadString_RuntimeThrows_Fails" storage="f:\etwork\bin\tests\unittests.icore.component.core.dll" id="bf704da8-e19a-464a-6e1e-a9999a5a8212">
      <TestCategory>
        <TestCategoryItem TestCategory="WSMQ" />
      </TestCategory>
      <Execution id="76ff6eab-71d7-4f4d-a11f-5f21e69688f3" />
      <TestMethod codeBase="F:\ETWork\bin\Tests\UnitTests.iCore.Component.Core.dll" adapterTypeName="Microsoft.VisualStudio.TestTools.TestTypes.Unit.UnitTestAdapter" className="UnitTests.iCore.Component.Core.ManagedScriptObjects.ManagedObjectWsmqMessageTests" name="ReadString_RuntimeThrows_Fails" />
    </UnitTest>
    <UnitTest name="ReadRFH_UsesRuntime_Success" storage="f:\etwork\bin\tests\unittests.icore.component.core.dll" id="0b48e9ef-eed5-1eb7-6143-7bafae310f45">
      <TestCategory>
        <TestCategoryItem TestCategory="WSMQ" />
      </TestCategory>
      <Execution id="21dd0a70-24bd-4ec1-89b2-d0b22c387e38" />
      <TestMethod codeBase="F:\ETWork\bin\Tests\UnitTests.iCore.Component.Core.dll" adapterTypeName="Microsoft.VisualStudio.TestTools.TestTypes.Unit.UnitTestAdapter" className="UnitTests.iCore.Component.Core.ManagedScriptObjects.ManagedObjectWsmqMessageTests" name="ReadRFH_UsesRuntime_Success" />
    </UnitTest>
    <UnitTest name="ReadRFH_RuntimeThrows_Fails" storage="f:\etwork\bin\tests\unittests.icore.component.core.dll" id="ed8f6985-c688-2c4f-4491-d73bf7ffa458">
      <TestCategory>
        <TestCategoryItem TestCategory="WSMQ" />
      </TestCategory>
      <Execution id="8896780f-12ea-4709-b183-b7939a33375a" />
      <TestMethod codeBase="F:\ETWork\bin\Tests\UnitTests.iCore.Component.Core.dll" adapterTypeName="Microsoft.VisualStudio.TestTools.TestTypes.Unit.UnitTestAdapter" className="UnitTests.iCore.Component.Core.ManagedScriptObjects.ManagedObjectWsmqMessageTests" name="ReadRFH_RuntimeThrows_Fails" />
    </UnitTest>
    <UnitTest name="ReadRFH2_UsesRuntime_Success" storage="f:\etwork\bin\tests\unittests.icore.component.core.dll" id="e7feda2d-71ba-cc63-9e9d-bdbafaec9a77">
      <TestCategory>
        <TestCategoryItem TestCategory="WSMQ" />
      </TestCategory>
      <Execution id="f73e1467-89c6-444e-a340-d2e953796f6e" />
      <TestMethod codeBase="F:\ETWork\bin\Tests\UnitTests.iCore.Component.Core.dll" adapterTypeName="Microsoft.VisualStudio.TestTools.TestTypes.Unit.UnitTestAdapter" className="UnitTests.iCore.Component.Core.ManagedScriptObjects.ManagedObjectWsmqMessageTests" name="ReadRFH2_UsesRuntime_Success" />
    </UnitTest>
    <UnitTest name="ReadRFH2_RuntimeThrows_Fails" storage="f:\etwork\bin\tests\unittests.icore.component.core.dll" id="961f37ad-20c8-b4e8-842c-ae2e3ba64062">
      <TestCategory>
        <TestCategoryItem TestCategory="WSMQ" />
      </TestCategory>
      <Execution id="49ff8155-b3a1-47a6-a314-43728833eae8" />
      <TestMethod codeBase="F:\ETWork\bin\Tests\UnitTests.iCore.Component.Core.dll" adapterTypeName="Microsoft.VisualStudio.TestTools.TestTypes.Unit.UnitTestAdapter" className="UnitTests.iCore.Component.Core.ManagedScriptObjects.ManagedObjectWsmqMessageTests" name="ReadRFH2_RuntimeThrows_Fails" />
    </UnitTest>
    <UnitTest name="SaveToFile_UsesFileSystemService_Success" storage="f:\etwork\bin\tests\unittests.icore.component.core.dll" id="7d79de3b-a800-1831-d73c-cd09cd3d1025">
      <TestCategory>
        <TestCategoryItem TestCategory="WSMQ" />
      </TestCategory>
      <Execution id="1f68db23-13c5-4d9e-a054-82778ebf1fa4" />
      <TestMethod codeBase="F:\ETWork\bin\Tests\UnitTests.iCore.Component.Core.dll" adapterTypeName="Microsoft.VisualStudio.TestTools.TestTypes.Unit.UnitTestAdapter" className="UnitTests.iCore.Component.Core.ManagedScriptObjects.ManagedObjectWsmqMessageTests" name="SaveToFile_UsesFileSystemService_Success" />
    </UnitTest>
    <UnitTest name="SaveToFile_ReadBytesFromRuntimeMessage_Success" storage="f:\etwork\bin\tests\unittests.icore.component.core.dll" id="c093199a-0ff4-5e7c-5a5f-3c95d72182a7">
      <TestCategory>
        <TestCategoryItem TestCategory="WSMQ" />
      </TestCategory>
      <Execution id="2a65df3b-4b0c-4652-b16c-f1800ad5b848" />
      <TestMethod codeBase="F:\ETWork\bin\Tests\UnitTests.iCore.Component.Core.dll" adapterTypeName="Microsoft.VisualStudio.TestTools.TestTypes.Unit.UnitTestAdapter" className="UnitTests.iCore.Component.Core.ManagedScriptObjects.ManagedObjectWsmqMessageTests" name="SaveToFile_ReadBytesFromRuntimeMessage_Success" />
    </UnitTest>
    <UnitTest name="SaveToFile_RuntimeThrows_Fails" storage="f:\etwork\bin\tests\unittests.icore.component.core.dll" id="0ebb6cf9-bf00-c3ef-0443-21abfa41201c">
      <TestCategory>
        <TestCategoryItem TestCategory="WSMQ" />
      </TestCategory>
      <Execution id="ebf42521-f976-4eac-bd37-f51245af0975" />
      <TestMethod codeBase="F:\ETWork\bin\Tests\UnitTests.iCore.Component.Core.dll" adapterTypeName="Microsoft.VisualStudio.TestTools.TestTypes.Unit.UnitTestAdapter" className="UnitTests.iCore.Component.Core.ManagedScriptObjects.ManagedObjectWsmqMessageTests" name="SaveToFile_RuntimeThrows_Fails" />
    </UnitTest>
    <UnitTest name="SetReportOptions_UsesRuntime_Success" storage="f:\etwork\bin\tests\unittests.icore.component.core.dll" id="3d45d9ed-4374-03b0-cfb5-0b46098bd2fb">
      <TestCategory>
        <TestCategoryItem TestCategory="WSMQ" />
      </TestCategory>
      <Execution id="d38f2bfe-0fb9-4558-883e-5a9a3d706579" />
      <TestMethod codeBase="F:\ETWork\bin\Tests\UnitTests.iCore.Component.Core.dll" adapterTypeName="Microsoft.VisualStudio.TestTools.TestTypes.Unit.UnitTestAdapter" className="UnitTests.iCore.Component.Core.ManagedScriptObjects.ManagedObjectWsmqMessageTests" name="SetReportOptions_UsesRuntime_Success" />
    </UnitTest>
    <UnitTest name="SetReportOptions_RuntimeThrows_Fails" storage="f:\etwork\bin\tests\unittests.icore.component.core.dll" id="cb939066-9d1b-d18c-22b5-bc249672fe5d">
      <TestCategory>
        <TestCategoryItem TestCategory="WSMQ" />
      </TestCategory>
      <Execution id="4c5ca2ed-9def-4174-bce0-dc067b748f49" />
      <TestMethod codeBase="F:\ETWork\bin\Tests\UnitTests.iCore.Component.Core.dll" adapterTypeName="Microsoft.VisualStudio.TestTools.TestTypes.Unit.UnitTestAdapter" className="UnitTests.iCore.Component.Core.ManagedScriptObjects.ManagedObjectWsmqMessageTests" name="SetReportOptions_RuntimeThrows_Fails" />
    </UnitTest>
    <UnitTest name="SetReportOptions_CompletionCodeNotOk_Fails" storage="f:\etwork\bin\tests\unittests.icore.component.core.dll" id="ead338e9-2cf1-709e-87c6-3f63473aaa3a">
      <TestCategory>
        <TestCategoryItem TestCategory="WSMQ" />
      </TestCategory>
      <Execution id="78cfcc0e-4250-4cf9-b469-eaff31348aaf" />
      <TestMethod codeBase="F:\ETWork\bin\Tests\UnitTests.iCore.Component.Core.dll" adapterTypeName="Microsoft.VisualStudio.TestTools.TestTypes.Unit.UnitTestAdapter" className="UnitTests.iCore.Component.Core.ManagedScriptObjects.ManagedObjectWsmqMessageTests" name="SetReportOptions_CompletionCodeNotOk_Fails" />
    </UnitTest>
    <UnitTest name="WriteBinaryData_NullArgument_Fails" storage="f:\etwork\bin\tests\unittests.icore.component.core.dll" id="185f707b-6a11-115d-805c-23af28ae7eeb">
      <TestCategory>
        <TestCategoryItem TestCategory="WSMQ" />
      </TestCategory>
      <Execution id="b910e5de-c4c4-43aa-9e1e-63bff8146527" />
      <TestMethod codeBase="F:\ETWork\bin\Tests\UnitTests.iCore.Component.Core.dll" adapterTypeName="Microsoft.VisualStudio.TestTools.TestTypes.Unit.UnitTestAdapter" className="UnitTests.iCore.Component.Core.ManagedScriptObjects.ManagedObjectWsmqMessageTests" name="WriteBinaryData_NullArgument_Fails" />
    </UnitTest>
    <UnitTest name="WriteBinaryData_CannotGetSizeOfBinArray_Fails" storage="f:\etwork\bin\tests\unittests.icore.component.core.dll" id="6e389067-a31b-aa64-8f65-c4affbf06630">
      <TestCategory>
        <TestCategoryItem TestCategory="WSMQ" />
      </TestCategory>
      <Execution id="436e388e-b361-4d3d-9ef0-506eff457b01" />
      <TestMethod codeBase="F:\ETWork\bin\Tests\UnitTests.iCore.Component.Core.dll" adapterTypeName="Microsoft.VisualStudio.TestTools.TestTypes.Unit.UnitTestAdapter" className="UnitTests.iCore.Component.Core.ManagedScriptObjects.ManagedObjectWsmqMessageTests" name="WriteBinaryData_CannotGetSizeOfBinArray_Fails" />
    </UnitTest>
    <UnitTest name="WriteBinaryData_CannotGetPositionOfBinArray_Fails" storage="f:\etwork\bin\tests\unittests.icore.component.core.dll" id="2c2af547-7722-54ad-ed4c-de6a2fdce712">
      <TestCategory>
        <TestCategoryItem TestCategory="WSMQ" />
      </TestCategory>
      <Execution id="111aa1d8-66cd-4c31-8cff-cae390499aed" />
      <TestMethod codeBase="F:\ETWork\bin\Tests\UnitTests.iCore.Component.Core.dll" adapterTypeName="Microsoft.VisualStudio.TestTools.TestTypes.Unit.UnitTestAdapter" className="UnitTests.iCore.Component.Core.ManagedScriptObjects.ManagedObjectWsmqMessageTests" name="WriteBinaryData_CannotGetPositionOfBinArray_Fails" />
    </UnitTest>
    <UnitTest name="WriteBinaryData_CannotReadHexStringFromBinArray_Fails" storage="f:\etwork\bin\tests\unittests.icore.component.core.dll" id="7f6fe481-86be-b6c7-b963-da3c56a26184">
      <TestCategory>
        <TestCategoryItem TestCategory="WSMQ" />
      </TestCategory>
      <Execution id="9e00b24a-f85d-4e09-9f4c-c81019b1927a" />
      <TestMethod codeBase="F:\ETWork\bin\Tests\UnitTests.iCore.Component.Core.dll" adapterTypeName="Microsoft.VisualStudio.TestTools.TestTypes.Unit.UnitTestAdapter" className="UnitTests.iCore.Component.Core.ManagedScriptObjects.ManagedObjectWsmqMessageTests" name="WriteBinaryData_CannotReadHexStringFromBinArray_Fails" />
    </UnitTest>
    <UnitTest name="WriteBinaryData_UsesRuntime_Success" storage="f:\etwork\bin\tests\unittests.icore.component.core.dll" id="9dfd99cd-30cd-e5d7-b7f7-3ac92702d555">
      <TestCategory>
        <TestCategoryItem TestCategory="WSMQ" />
      </TestCategory>
      <Execution id="ba3448ae-eafc-4f7c-8770-b5538d9a5025" />
      <TestMethod codeBase="F:\ETWork\bin\Tests\UnitTests.iCore.Component.Core.dll" adapterTypeName="Microsoft.VisualStudio.TestTools.TestTypes.Unit.UnitTestAdapter" className="UnitTests.iCore.Component.Core.ManagedScriptObjects.ManagedObjectWsmqMessageTests" name="WriteBinaryData_UsesRuntime_Success" />
    </UnitTest>
    <UnitTest name="WriteBinaryData_RuntimeThrows_Fails" storage="f:\etwork\bin\tests\unittests.icore.component.core.dll" id="564a82c6-cc48-1250-cb1a-ebe1fee27074">
      <TestCategory>
        <TestCategoryItem TestCategory="WSMQ" />
      </TestCategory>
      <Execution id="bce5ea8a-3ec6-48dd-9079-8878a3f16744" />
      <TestMethod codeBase="F:\ETWork\bin\Tests\UnitTests.iCore.Component.Core.dll" adapterTypeName="Microsoft.VisualStudio.TestTools.TestTypes.Unit.UnitTestAdapter" className="UnitTests.iCore.Component.Core.ManagedScriptObjects.ManagedObjectWsmqMessageTests" name="WriteBinaryData_RuntimeThrows_Fails" />
    </UnitTest>
    <UnitTest name="WriteString_UsesRuntime_Success" storage="f:\etwork\bin\tests\unittests.icore.component.core.dll" id="16ab6ad9-784f-bcde-a415-cc8baad2179b">
      <TestCategory>
        <TestCategoryItem TestCategory="WSMQ" />
      </TestCategory>
      <Execution id="0d7b934b-eb19-441f-a8e1-5ac8e038de4e" />
      <TestMethod codeBase="F:\ETWork\bin\Tests\UnitTests.iCore.Component.Core.dll" adapterTypeName="Microsoft.VisualStudio.TestTools.TestTypes.Unit.UnitTestAdapter" className="UnitTests.iCore.Component.Core.ManagedScriptObjects.ManagedObjectWsmqMessageTests" name="WriteString_UsesRuntime_Success" />
    </UnitTest>
    <UnitTest name="WriteString_MinusOneCodepage_UsesFromRuntime" storage="f:\etwork\bin\tests\unittests.icore.component.core.dll" id="54f124a6-d49b-707d-195f-e2e7f1a07267">
      <TestCategory>
        <TestCategoryItem TestCategory="WSMQ" />
      </TestCategory>
      <Execution id="ad439bc9-a971-43ee-a79d-400d8335ac95" />
      <TestMethod codeBase="F:\ETWork\bin\Tests\UnitTests.iCore.Component.Core.dll" adapterTypeName="Microsoft.VisualStudio.TestTools.TestTypes.Unit.UnitTestAdapter" className="UnitTests.iCore.Component.Core.ManagedScriptObjects.ManagedObjectWsmqMessageTests" name="WriteString_MinusOneCodepage_UsesFromRuntime" />
    </UnitTest>
    <UnitTest name="WriteString_RuntimeThrows_Fails" storage="f:\etwork\bin\tests\unittests.icore.component.core.dll" id="ca7ed795-f15c-db54-2db0-1dfaf85f5282">
      <TestCategory>
        <TestCategoryItem TestCategory="WSMQ" />
      </TestCategory>
      <Execution id="a79909b0-c298-42cf-8378-2ca7a86b3e9b" />
      <TestMethod codeBase="F:\ETWork\bin\Tests\UnitTests.iCore.Component.Core.dll" adapterTypeName="Microsoft.VisualStudio.TestTools.TestTypes.Unit.UnitTestAdapter" className="UnitTests.iCore.Component.Core.ManagedScriptObjects.ManagedObjectWsmqMessageTests" name="WriteString_RuntimeThrows_Fails" />
    </UnitTest>
    <UnitTest name="Write_RFH_UsesRuntime_Success" storage="f:\etwork\bin\tests\unittests.icore.component.core.dll" id="fa881d7a-f443-5f1a-1785-9b18bd239c44">
      <TestCategory>
        <TestCategoryItem TestCategory="WSMQ" />
      </TestCategory>
      <Execution id="9093a29b-9aef-4682-b66d-25ff4fd7639d" />
      <TestMethod codeBase="F:\ETWork\bin\Tests\UnitTests.iCore.Component.Core.dll" adapterTypeName="Microsoft.VisualStudio.TestTools.TestTypes.Unit.UnitTestAdapter" className="UnitTests.iCore.Component.Core.ManagedScriptObjects.ManagedObjectWsmqMessageTests" name="Write_RFH_UsesRuntime_Success" />
    </UnitTest>
    <UnitTest name="Write_RFH_RuntimeThrows_Fails" storage="f:\etwork\bin\tests\unittests.icore.component.core.dll" id="d51601fc-ca5e-1d57-24a6-79661f9f7a17">
      <TestCategory>
        <TestCategoryItem TestCategory="WSMQ" />
      </TestCategory>
      <Execution id="d84a6309-f9dc-46e6-939e-c75ca386eca1" />
      <TestMethod codeBase="F:\ETWork\bin\Tests\UnitTests.iCore.Component.Core.dll" adapterTypeName="Microsoft.VisualStudio.TestTools.TestTypes.Unit.UnitTestAdapter" className="UnitTests.iCore.Component.Core.ManagedScriptObjects.ManagedObjectWsmqMessageTests" name="Write_RFH_RuntimeThrows_Fails" />
    </UnitTest>
    <UnitTest name="Write_RFH2_UsesRuntime_Success" storage="f:\etwork\bin\tests\unittests.icore.component.core.dll" id="b047b3f3-09d2-1025-070f-069aa6f75cdd">
      <TestCategory>
        <TestCategoryItem TestCategory="WSMQ" />
      </TestCategory>
      <Execution id="807909a2-8439-4871-93dd-161c609d5b07" />
      <TestMethod codeBase="F:\ETWork\bin\Tests\UnitTests.iCore.Component.Core.dll" adapterTypeName="Microsoft.VisualStudio.TestTools.TestTypes.Unit.UnitTestAdapter" className="UnitTests.iCore.Component.Core.ManagedScriptObjects.ManagedObjectWsmqMessageTests" name="Write_RFH2_UsesRuntime_Success" />
    </UnitTest>
    <UnitTest name="Write_RFH2_NullNameValueData_Fails" storage="f:\etwork\bin\tests\unittests.icore.component.core.dll" id="c8baac4f-703d-eea5-86ec-a46900446a29">
      <TestCategory>
        <TestCategoryItem TestCategory="WSMQ" />
      </TestCategory>
      <Execution id="42cb28fa-efa6-48db-99a5-a22041e9fd09" />
      <TestMethod codeBase="F:\ETWork\bin\Tests\UnitTests.iCore.Component.Core.dll" adapterTypeName="Microsoft.VisualStudio.TestTools.TestTypes.Unit.UnitTestAdapter" className="UnitTests.iCore.Component.Core.ManagedScriptObjects.ManagedObjectWsmqMessageTests" name="Write_RFH2_NullNameValueData_Fails" />
    </UnitTest>
    <UnitTest name="Write_RFH2_NullFormat_Fails" storage="f:\etwork\bin\tests\unittests.icore.component.core.dll" id="4fd4d709-da04-b4e9-f4c9-a0eda3ae5316">
      <TestCategory>
        <TestCategoryItem TestCategory="WSMQ" />
      </TestCategory>
      <Execution id="78ea30be-5043-4d90-85bd-1dc766f11538" />
      <TestMethod codeBase="F:\ETWork\bin\Tests\UnitTests.iCore.Component.Core.dll" adapterTypeName="Microsoft.VisualStudio.TestTools.TestTypes.Unit.UnitTestAdapter" className="UnitTests.iCore.Component.Core.ManagedScriptObjects.ManagedObjectWsmqMessageTests" name="Write_RFH2_NullFormat_Fails" />
    </UnitTest>
    <UnitTest name="Write_RFH2_RuntimeThrows_Fails" storage="f:\etwork\bin\tests\unittests.icore.component.core.dll" id="5b36f1be-f0c6-abc0-69b4-c0432ad28e2c">
      <TestCategory>
        <TestCategoryItem TestCategory="WSMQ" />
      </TestCategory>
      <Execution id="c13430fa-2a27-4e0f-a821-0d88d9002fdd" />
      <TestMethod codeBase="F:\ETWork\bin\Tests\UnitTests.iCore.Component.Core.dll" adapterTypeName="Microsoft.VisualStudio.TestTools.TestTypes.Unit.UnitTestAdapter" className="UnitTests.iCore.Component.Core.ManagedScriptObjects.ManagedObjectWsmqMessageTests" name="Write_RFH2_RuntimeThrows_Fails" />
    </UnitTest>
    <UnitTest name="AppendRFH2_NameValueData_UsesRuntime_Success" storage="f:\etwork\bin\tests\unittests.icore.component.core.dll" id="ada8108f-502a-02c2-955a-362f6d5d50d9">
      <TestCategory>
        <TestCategoryItem TestCategory="WSMQ" />
      </TestCategory>
      <Execution id="7769c513-2935-4a36-9379-be22026eba52" />
      <TestMethod codeBase="F:\ETWork\bin\Tests\UnitTests.iCore.Component.Core.dll" adapterTypeName="Microsoft.VisualStudio.TestTools.TestTypes.Unit.UnitTestAdapter" className="UnitTests.iCore.Component.Core.ManagedScriptObjects.ManagedObjectWsmqMessageTests" name="AppendRFH2_NameValueData_UsesRuntime_Success" />
    </UnitTest>
    <UnitTest name="AppendRFH2_NameValueData_RuntimeThrows_Fails" storage="f:\etwork\bin\tests\unittests.icore.component.core.dll" id="50d06fb6-b81f-62da-75e4-d6f20d312622">
      <TestCategory>
        <TestCategoryItem TestCategory="WSMQ" />
      </TestCategory>
      <Execution id="1bfce515-07e2-4298-b6c4-0e2e03bd1fbe" />
      <TestMethod codeBase="F:\ETWork\bin\Tests\UnitTests.iCore.Component.Core.dll" adapterTypeName="Microsoft.VisualStudio.TestTools.TestTypes.Unit.UnitTestAdapter" className="UnitTests.iCore.Component.Core.ManagedScriptObjects.ManagedObjectWsmqMessageTests" name="AppendRFH2_NameValueData_RuntimeThrows_Fails" />
    </UnitTest>
    <UnitTest name="Implementation_ReturnsInternalObject_Success" storage="f:\etwork\bin\tests\unittests.icore.component.core.dll" id="51a88d75-b1f9-bf1d-f0e7-18deb5be448a">
      <TestCategory>
        <TestCategoryItem TestCategory="WSMQ" />
      </TestCategory>
      <Execution id="fcbb38cd-92f5-43b0-afac-249f3bd48ff3" />
      <TestMethod codeBase="F:\ETWork\bin\Tests\UnitTests.iCore.Component.Core.dll" adapterTypeName="Microsoft.VisualStudio.TestTools.TestTypes.Unit.UnitTestAdapter" className="UnitTests.iCore.Component.Core.ManagedScriptObjects.ManagedObjectWsmqMessageTests" name="Implementation_ReturnsInternalObject_Success" />
    </UnitTest>
    <UnitTest name="get_MsgId_UsesRuntime_Success" storage="f:\etwork\bin\tests\unittests.icore.component.core.dll" id="47afa5d8-3f1b-ab5c-4ef5-49baab52665f">
      <TestCategory>
        <TestCategoryItem TestCategory="WSMQ" />
      </TestCategory>
      <Execution id="89d0b57c-7143-4071-a7a4-68bffc166cc3" />
      <TestMethod codeBase="F:\ETWork\bin\Tests\UnitTests.iCore.Component.Core.dll" adapterTypeName="Microsoft.VisualStudio.TestTools.TestTypes.Unit.UnitTestAdapter" className="UnitTests.iCore.Component.Core.ManagedScriptObjects.ManagedObjectWsmqMessageTests" name="get_MsgId_UsesRuntime_Success" />
    </UnitTest>
    <UnitTest name="get_MsgId_RuntimeThrows_Fails" storage="f:\etwork\bin\tests\unittests.icore.component.core.dll" id="3b63e438-ea59-7645-3aa1-72756d4a635d">
      <TestCategory>
        <TestCategoryItem TestCategory="WSMQ" />
      </TestCategory>
      <Execution id="03c9e7a4-f88b-4d74-9467-7313aecca151" />
      <TestMethod codeBase="F:\ETWork\bin\Tests\UnitTests.iCore.Component.Core.dll" adapterTypeName="Microsoft.VisualStudio.TestTools.TestTypes.Unit.UnitTestAdapter" className="UnitTests.iCore.Component.Core.ManagedScriptObjects.ManagedObjectWsmqMessageTests" name="get_MsgId_RuntimeThrows_Fails" />
    </UnitTest>
    <UnitTest name="set_MsgId_UsesRuntime_Success" storage="f:\etwork\bin\tests\unittests.icore.component.core.dll" id="e9b94199-87c3-cf92-ab81-aaf3563807a4">
      <TestCategory>
        <TestCategoryItem TestCategory="WSMQ" />
      </TestCategory>
      <Execution id="3e2ee3a5-bc08-4dcb-9acd-c6cbd7928586" />
      <TestMethod codeBase="F:\ETWork\bin\Tests\UnitTests.iCore.Component.Core.dll" adapterTypeName="Microsoft.VisualStudio.TestTools.TestTypes.Unit.UnitTestAdapter" className="UnitTests.iCore.Component.Core.ManagedScriptObjects.ManagedObjectWsmqMessageTests" name="set_MsgId_UsesRuntime_Success" />
    </UnitTest>
    <UnitTest name="set_MsgId_NullArgument_Fails" storage="f:\etwork\bin\tests\unittests.icore.component.core.dll" id="b6af1e21-be59-f295-018e-5d6bf3e4fdcc">
      <TestCategory>
        <TestCategoryItem TestCategory="WSMQ" />
      </TestCategory>
      <Execution id="e4e0cca9-d478-462b-adc7-ee6926130f8b" />
      <TestMethod codeBase="F:\ETWork\bin\Tests\UnitTests.iCore.Component.Core.dll" adapterTypeName="Microsoft.VisualStudio.TestTools.TestTypes.Unit.UnitTestAdapter" className="UnitTests.iCore.Component.Core.ManagedScriptObjects.ManagedObjectWsmqMessageTests" name="set_MsgId_NullArgument_Fails" />
    </UnitTest>
    <UnitTest name="set_MsgId_CannotSetPositionInBinaryArray_Fails" storage="f:\etwork\bin\tests\unittests.icore.component.core.dll" id="5c73a58a-0cc7-751c-9b27-ce28a5480df0">
      <TestCategory>
        <TestCategoryItem TestCategory="WSMQ" />
      </TestCategory>
      <Execution id="3665b864-9737-4d93-acc9-c631cad2795b" />
      <TestMethod codeBase="F:\ETWork\bin\Tests\UnitTests.iCore.Component.Core.dll" adapterTypeName="Microsoft.VisualStudio.TestTools.TestTypes.Unit.UnitTestAdapter" className="UnitTests.iCore.Component.Core.ManagedScriptObjects.ManagedObjectWsmqMessageTests" name="set_MsgId_CannotSetPositionInBinaryArray_Fails" />
    </UnitTest>
    <UnitTest name="set_MsgId_RuntimeThrows_Fails" storage="f:\etwork\bin\tests\unittests.icore.component.core.dll" id="eaa8aaf6-75cb-a009-e3ca-68cc4703d7cf">
      <TestCategory>
        <TestCategoryItem TestCategory="WSMQ" />
      </TestCategory>
      <Execution id="f6e3631a-0889-440a-8859-4d3c36abb9ac" />
      <TestMethod codeBase="F:\ETWork\bin\Tests\UnitTests.iCore.Component.Core.dll" adapterTypeName="Microsoft.VisualStudio.TestTools.TestTypes.Unit.UnitTestAdapter" className="UnitTests.iCore.Component.Core.ManagedScriptObjects.ManagedObjectWsmqMessageTests" name="set_MsgId_RuntimeThrows_Fails" />
    </UnitTest>
    <UnitTest name="get_CorrelId_UsesRuntime_Success" storage="f:\etwork\bin\tests\unittests.icore.component.core.dll" id="68fc74e6-4237-2da4-b203-b27b36bcfd26">
      <TestCategory>
        <TestCategoryItem TestCategory="WSMQ" />
      </TestCategory>
      <Execution id="838f801a-ce25-43c3-a59a-30c445f94160" />
      <TestMethod codeBase="F:\ETWork\bin\Tests\UnitTests.iCore.Component.Core.dll" adapterTypeName="Microsoft.VisualStudio.TestTools.TestTypes.Unit.UnitTestAdapter" className="UnitTests.iCore.Component.Core.ManagedScriptObjects.ManagedObjectWsmqMessageTests" name="get_CorrelId_UsesRuntime_Success" />
    </UnitTest>
    <UnitTest name="set_CorrelId_NullArgument_Fails" storage="f:\etwork\bin\tests\unittests.icore.component.core.dll" id="eca8c288-a377-c0f6-0669-5646bb1c22ab">
      <TestCategory>
        <TestCategoryItem TestCategory="WSMQ" />
      </TestCategory>
      <Execution id="4e228e13-3ae3-40bb-818d-a16605d37d70" />
      <TestMethod codeBase="F:\ETWork\bin\Tests\UnitTests.iCore.Component.Core.dll" adapterTypeName="Microsoft.VisualStudio.TestTools.TestTypes.Unit.UnitTestAdapter" className="UnitTests.iCore.Component.Core.ManagedScriptObjects.ManagedObjectWsmqMessageTests" name="set_CorrelId_NullArgument_Fails" />
    </UnitTest>
    <UnitTest name="set_CorrelId_CannotSetPositionInBinaryArray_Fails" storage="f:\etwork\bin\tests\unittests.icore.component.core.dll" id="5bc6e1aa-1bca-343d-92ed-5800afbd149f">
      <TestCategory>
        <TestCategoryItem TestCategory="WSMQ" />
      </TestCategory>
      <Execution id="3d1704dc-f30d-4b60-b9b3-4b1310a25cae" />
      <TestMethod codeBase="F:\ETWork\bin\Tests\UnitTests.iCore.Component.Core.dll" adapterTypeName="Microsoft.VisualStudio.TestTools.TestTypes.Unit.UnitTestAdapter" className="UnitTests.iCore.Component.Core.ManagedScriptObjects.ManagedObjectWsmqMessageTests" name="set_CorrelId_CannotSetPositionInBinaryArray_Fails" />
    </UnitTest>
    <UnitTest name="get_CorrelId_RuntimeThrows_Fails" storage="f:\etwork\bin\tests\unittests.icore.component.core.dll" id="eddbea42-2624-b4d5-55f5-e69c4d459464">
      <TestCategory>
        <TestCategoryItem TestCategory="WSMQ" />
      </TestCategory>
      <Execution id="5bcc617a-3924-4e9b-9660-f81a0cb61a43" />
      <TestMethod codeBase="F:\ETWork\bin\Tests\UnitTests.iCore.Component.Core.dll" adapterTypeName="Microsoft.VisualStudio.TestTools.TestTypes.Unit.UnitTestAdapter" className="UnitTests.iCore.Component.Core.ManagedScriptObjects.ManagedObjectWsmqMessageTests" name="get_CorrelId_RuntimeThrows_Fails" />
    </UnitTest>
    <UnitTest name="set_CorrelId_UsesRuntime_Success" storage="f:\etwork\bin\tests\unittests.icore.component.core.dll" id="d255b162-fd8b-71ba-b8a0-b5bc44cffa16">
      <TestCategory>
        <TestCategoryItem TestCategory="WSMQ" />
      </TestCategory>
      <Execution id="142ad407-244c-44cc-bfe9-4e73064a07c7" />
      <TestMethod codeBase="F:\ETWork\bin\Tests\UnitTests.iCore.Component.Core.dll" adapterTypeName="Microsoft.VisualStudio.TestTools.TestTypes.Unit.UnitTestAdapter" className="UnitTests.iCore.Component.Core.ManagedScriptObjects.ManagedObjectWsmqMessageTests" name="set_CorrelId_UsesRuntime_Success" />
    </UnitTest>
    <UnitTest name="set_CorrelId_RuntimeThrows_Fails" storage="f:\etwork\bin\tests\unittests.icore.component.core.dll" id="0b8a13c4-59fb-952e-032e-e14ba2eee5a3">
      <TestCategory>
        <TestCategoryItem TestCategory="WSMQ" />
      </TestCategory>
      <Execution id="59168eca-639c-4c58-8677-10df6e24c259" />
      <TestMethod codeBase="F:\ETWork\bin\Tests\UnitTests.iCore.Component.Core.dll" adapterTypeName="Microsoft.VisualStudio.TestTools.TestTypes.Unit.UnitTestAdapter" className="UnitTests.iCore.Component.Core.ManagedScriptObjects.ManagedObjectWsmqMessageTests" name="set_CorrelId_RuntimeThrows_Fails" />
    </UnitTest>
    <UnitTest name="get_GroupId_UsesRuntime_Success" storage="f:\etwork\bin\tests\unittests.icore.component.core.dll" id="a48d821e-145a-db52-b567-8d6172b2704c">
      <TestCategory>
        <TestCategoryItem TestCategory="WSMQ" />
      </TestCategory>
      <Execution id="db755e94-9384-4470-98ad-f0d381a0142c" />
      <TestMethod codeBase="F:\ETWork\bin\Tests\UnitTests.iCore.Component.Core.dll" adapterTypeName="Microsoft.VisualStudio.TestTools.TestTypes.Unit.UnitTestAdapter" className="UnitTests.iCore.Component.Core.ManagedScriptObjects.ManagedObjectWsmqMessageTests" name="get_GroupId_UsesRuntime_Success" />
    </UnitTest>
    <UnitTest name="get_GroupId_RuntimeThrows_Fails" storage="f:\etwork\bin\tests\unittests.icore.component.core.dll" id="1586afeb-ae6c-a8de-3f75-8860da491c26">
      <TestCategory>
        <TestCategoryItem TestCategory="WSMQ" />
      </TestCategory>
      <Execution id="930cac17-0b6d-4a5f-8ab8-8b805685ecc5" />
      <TestMethod codeBase="F:\ETWork\bin\Tests\UnitTests.iCore.Component.Core.dll" adapterTypeName="Microsoft.VisualStudio.TestTools.TestTypes.Unit.UnitTestAdapter" className="UnitTests.iCore.Component.Core.ManagedScriptObjects.ManagedObjectWsmqMessageTests" name="get_GroupId_RuntimeThrows_Fails" />
    </UnitTest>
    <UnitTest name="get_Codepage_UsesRuntime_Success" storage="f:\etwork\bin\tests\unittests.icore.component.core.dll" id="deeb3cec-6af4-3978-4046-b982f00aec25">
      <TestCategory>
        <TestCategoryItem TestCategory="WSMQ" />
      </TestCategory>
      <Execution id="ea29ec7e-5aab-4948-a743-041b4fd68f85" />
      <TestMethod codeBase="F:\ETWork\bin\Tests\UnitTests.iCore.Component.Core.dll" adapterTypeName="Microsoft.VisualStudio.TestTools.TestTypes.Unit.UnitTestAdapter" className="UnitTests.iCore.Component.Core.ManagedScriptObjects.ManagedObjectWsmqMessageTests" name="get_Codepage_UsesRuntime_Success" />
    </UnitTest>
    <UnitTest name="get_Codepage_RuntimeThrows_Fails" storage="f:\etwork\bin\tests\unittests.icore.component.core.dll" id="7b1ca508-8505-fcc5-7d25-5ff8e8d05a5b">
      <TestCategory>
        <TestCategoryItem TestCategory="WSMQ" />
      </TestCategory>
      <Execution id="972ebd57-deb3-484a-ae1d-0763669af4c2" />
      <TestMethod codeBase="F:\ETWork\bin\Tests\UnitTests.iCore.Component.Core.dll" adapterTypeName="Microsoft.VisualStudio.TestTools.TestTypes.Unit.UnitTestAdapter" className="UnitTests.iCore.Component.Core.ManagedScriptObjects.ManagedObjectWsmqMessageTests" name="get_Codepage_RuntimeThrows_Fails" />
    </UnitTest>
    <UnitTest name="set_Codepage_UsesRuntime_Success" storage="f:\etwork\bin\tests\unittests.icore.component.core.dll" id="28de25ff-5d21-7609-4275-97310194abc4">
      <TestCategory>
        <TestCategoryItem TestCategory="WSMQ" />
      </TestCategory>
      <Execution id="bd827e09-dd1f-4144-83b7-f5f1dcbc82b7" />
      <TestMethod codeBase="F:\ETWork\bin\Tests\UnitTests.iCore.Component.Core.dll" adapterTypeName="Microsoft.VisualStudio.TestTools.TestTypes.Unit.UnitTestAdapter" className="UnitTests.iCore.Component.Core.ManagedScriptObjects.ManagedObjectWsmqMessageTests" name="set_Codepage_UsesRuntime_Success" />
    </UnitTest>
    <UnitTest name="set_Codepage_RuntimeThrows_Fails" storage="f:\etwork\bin\tests\unittests.icore.component.core.dll" id="0971a2c8-ce8b-12b3-92c4-14efc4be929a">
      <TestCategory>
        <TestCategoryItem TestCategory="WSMQ" />
      </TestCategory>
      <Execution id="85348164-994a-4bce-9846-cdf1403b7f4f" />
      <TestMethod codeBase="F:\ETWork\bin\Tests\UnitTests.iCore.Component.Core.dll" adapterTypeName="Microsoft.VisualStudio.TestTools.TestTypes.Unit.UnitTestAdapter" className="UnitTests.iCore.Component.Core.ManagedScriptObjects.ManagedObjectWsmqMessageTests" name="set_Codepage_RuntimeThrows_Fails" />
    </UnitTest>
    <UnitTest name="set_Codepage_CompletionCodeNotOk_Fails" storage="f:\etwork\bin\tests\unittests.icore.component.core.dll" id="48ef4787-247b-63f9-8c63-3a2493d4acce">
      <TestCategory>
        <TestCategoryItem TestCategory="WSMQ" />
      </TestCategory>
      <Execution id="c5e33ce6-c273-49d3-9819-861d1a02e8ab" />
      <TestMethod codeBase="F:\ETWork\bin\Tests\UnitTests.iCore.Component.Core.dll" adapterTypeName="Microsoft.VisualStudio.TestTools.TestTypes.Unit.UnitTestAdapter" className="UnitTests.iCore.Component.Core.ManagedScriptObjects.ManagedObjectWsmqMessageTests" name="set_Codepage_CompletionCodeNotOk_Fails" />
    </UnitTest>
    <UnitTest name="get_CompletionCode_UsesRuntime_Success" storage="f:\etwork\bin\tests\unittests.icore.component.core.dll" id="b3212d63-82b5-3311-976c-f611fba2f6eb">
      <TestCategory>
        <TestCategoryItem TestCategory="WSMQ" />
      </TestCategory>
      <Execution id="5d93fdb6-710d-41b8-8f00-3e094dbd9283" />
      <TestMethod codeBase="F:\ETWork\bin\Tests\UnitTests.iCore.Component.Core.dll" adapterTypeName="Microsoft.VisualStudio.TestTools.TestTypes.Unit.UnitTestAdapter" className="UnitTests.iCore.Component.Core.ManagedScriptObjects.ManagedObjectWsmqMessageTests" name="get_CompletionCode_UsesRuntime_Success" />
    </UnitTest>
    <UnitTest name="get_CompletionCode_RuntimeThrows_Fails" storage="f:\etwork\bin\tests\unittests.icore.component.core.dll" id="164c37e8-79cd-5f9a-5c10-b0dbe118021e">
      <TestCategory>
        <TestCategoryItem TestCategory="WSMQ" />
      </TestCategory>
      <Execution id="4f8d4e0c-e721-4f7b-9fa4-766acaf59656" />
      <TestMethod codeBase="F:\ETWork\bin\Tests\UnitTests.iCore.Component.Core.dll" adapterTypeName="Microsoft.VisualStudio.TestTools.TestTypes.Unit.UnitTestAdapter" className="UnitTests.iCore.Component.Core.ManagedScriptObjects.ManagedObjectWsmqMessageTests" name="get_CompletionCode_RuntimeThrows_Fails" />
    </UnitTest>
    <UnitTest name="get_ReasonCode_UsesRuntime_Success" storage="f:\etwork\bin\tests\unittests.icore.component.core.dll" id="f3d5f909-e69e-de1b-7625-81f1dfb9990c">
      <TestCategory>
        <TestCategoryItem TestCategory="WSMQ" />
      </TestCategory>
      <Execution id="7aeaf249-4f00-4271-96ff-8900ccc958f7" />
      <TestMethod codeBase="F:\ETWork\bin\Tests\UnitTests.iCore.Component.Core.dll" adapterTypeName="Microsoft.VisualStudio.TestTools.TestTypes.Unit.UnitTestAdapter" className="UnitTests.iCore.Component.Core.ManagedScriptObjects.ManagedObjectWsmqMessageTests" name="get_ReasonCode_UsesRuntime_Success" />
    </UnitTest>
    <UnitTest name="get_ReasonCode_RuntimeThrows_Fails" storage="f:\etwork\bin\tests\unittests.icore.component.core.dll" id="7bd3f91a-852e-d7e5-5683-f87aa7c7a109">
      <TestCategory>
        <TestCategoryItem TestCategory="WSMQ" />
      </TestCategory>
      <Execution id="7974b0d6-3191-4f92-99d3-c8731de357a9" />
      <TestMethod codeBase="F:\ETWork\bin\Tests\UnitTests.iCore.Component.Core.dll" adapterTypeName="Microsoft.VisualStudio.TestTools.TestTypes.Unit.UnitTestAdapter" className="UnitTests.iCore.Component.Core.ManagedScriptObjects.ManagedObjectWsmqMessageTests" name="get_ReasonCode_RuntimeThrows_Fails" />
    </UnitTest>
    <UnitTest name="get_DataSize_UsesRuntime_Success" storage="f:\etwork\bin\tests\unittests.icore.component.core.dll" id="de9d5b1d-960e-a8bd-4146-ffa1c32c5548">
      <TestCategory>
        <TestCategoryItem TestCategory="WSMQ" />
      </TestCategory>
      <Execution id="a55c68c0-b0c7-4999-9d91-836f9be5d63b" />
      <TestMethod codeBase="F:\ETWork\bin\Tests\UnitTests.iCore.Component.Core.dll" adapterTypeName="Microsoft.VisualStudio.TestTools.TestTypes.Unit.UnitTestAdapter" className="UnitTests.iCore.Component.Core.ManagedScriptObjects.ManagedObjectWsmqMessageTests" name="get_DataSize_UsesRuntime_Success" />
    </UnitTest>
    <UnitTest name="get_DataSize_RuntimeThrows_Fails" storage="f:\etwork\bin\tests\unittests.icore.component.core.dll" id="ba793d77-f0e6-9f77-9d35-8fa0d48946ca">
      <TestCategory>
        <TestCategoryItem TestCategory="WSMQ" />
      </TestCategory>
      <Execution id="40be710b-f379-4b2e-9b6c-897e03478681" />
      <TestMethod codeBase="F:\ETWork\bin\Tests\UnitTests.iCore.Component.Core.dll" adapterTypeName="Microsoft.VisualStudio.TestTools.TestTypes.Unit.UnitTestAdapter" className="UnitTests.iCore.Component.Core.ManagedScriptObjects.ManagedObjectWsmqMessageTests" name="get_DataSize_RuntimeThrows_Fails" />
    </UnitTest>
    <UnitTest name="get_DataSize_CompletionCodeNotOk_Fails" storage="f:\etwork\bin\tests\unittests.icore.component.core.dll" id="ae8f66a0-e5db-3200-9091-7255c9d3a9ad">
      <TestCategory>
        <TestCategoryItem TestCategory="WSMQ" />
      </TestCategory>
      <Execution id="3cb8b331-8098-4c10-8020-120a844c1e85" />
      <TestMethod codeBase="F:\ETWork\bin\Tests\UnitTests.iCore.Component.Core.dll" adapterTypeName="Microsoft.VisualStudio.TestTools.TestTypes.Unit.UnitTestAdapter" className="UnitTests.iCore.Component.Core.ManagedScriptObjects.ManagedObjectWsmqMessageTests" name="get_DataSize_CompletionCodeNotOk_Fails" />
    </UnitTest>
    <UnitTest name="get_Feedback_UsesRuntime_Success" storage="f:\etwork\bin\tests\unittests.icore.component.core.dll" id="891b8739-9aa8-a37e-ec46-d674b574bf9c">
      <TestCategory>
        <TestCategoryItem TestCategory="WSMQ" />
      </TestCategory>
      <Execution id="f9328c9e-9e13-4e67-bd31-a0a57ef5439c" />
      <TestMethod codeBase="F:\ETWork\bin\Tests\UnitTests.iCore.Component.Core.dll" adapterTypeName="Microsoft.VisualStudio.TestTools.TestTypes.Unit.UnitTestAdapter" className="UnitTests.iCore.Component.Core.ManagedScriptObjects.ManagedObjectWsmqMessageTests" name="get_Feedback_UsesRuntime_Success" />
    </UnitTest>
    <UnitTest name="get_Feedback_RuntimeThrows_Fails" storage="f:\etwork\bin\tests\unittests.icore.component.core.dll" id="60c9881c-3fb6-86cf-5b4d-0878006bc0a1">
      <TestCategory>
        <TestCategoryItem TestCategory="WSMQ" />
      </TestCategory>
      <Execution id="8b847f48-0b6b-4ccd-9bc3-a6a9f24cc554" />
      <TestMethod codeBase="F:\ETWork\bin\Tests\UnitTests.iCore.Component.Core.dll" adapterTypeName="Microsoft.VisualStudio.TestTools.TestTypes.Unit.UnitTestAdapter" className="UnitTests.iCore.Component.Core.ManagedScriptObjects.ManagedObjectWsmqMessageTests" name="get_Feedback_RuntimeThrows_Fails" />
    </UnitTest>
    <UnitTest name="set_Feedback_UsesRuntime_Success" storage="f:\etwork\bin\tests\unittests.icore.component.core.dll" id="d7318050-8f26-c60a-0e39-f2a93793d311">
      <TestCategory>
        <TestCategoryItem TestCategory="WSMQ" />
      </TestCategory>
      <Execution id="888a67d0-1684-406b-a5a2-25b7c0d511fe" />
      <TestMethod codeBase="F:\ETWork\bin\Tests\UnitTests.iCore.Component.Core.dll" adapterTypeName="Microsoft.VisualStudio.TestTools.TestTypes.Unit.UnitTestAdapter" className="UnitTests.iCore.Component.Core.ManagedScriptObjects.ManagedObjectWsmqMessageTests" name="set_Feedback_UsesRuntime_Success" />
    </UnitTest>
    <UnitTest name="set_Feedback_RuntimeThrows_Fails" storage="f:\etwork\bin\tests\unittests.icore.component.core.dll" id="f291f0ef-80d7-6e69-d766-8f59cd0baa94">
      <TestCategory>
        <TestCategoryItem TestCategory="WSMQ" />
      </TestCategory>
      <Execution id="edafcaab-fc53-4452-8800-a0135f4f7def" />
      <TestMethod codeBase="F:\ETWork\bin\Tests\UnitTests.iCore.Component.Core.dll" adapterTypeName="Microsoft.VisualStudio.TestTools.TestTypes.Unit.UnitTestAdapter" className="UnitTests.iCore.Component.Core.ManagedScriptObjects.ManagedObjectWsmqMessageTests" name="set_Feedback_RuntimeThrows_Fails" />
    </UnitTest>
    <UnitTest name="set_Feedback_CompletionCodeNotOk_Fails" storage="f:\etwork\bin\tests\unittests.icore.component.core.dll" id="806c8823-f344-b775-8278-6e8cfb316725">
      <TestCategory>
        <TestCategoryItem TestCategory="WSMQ" />
      </TestCategory>
      <Execution id="6b26ea47-279f-42fd-b668-bcef67bc4ea0" />
      <TestMethod codeBase="F:\ETWork\bin\Tests\UnitTests.iCore.Component.Core.dll" adapterTypeName="Microsoft.VisualStudio.TestTools.TestTypes.Unit.UnitTestAdapter" className="UnitTests.iCore.Component.Core.ManagedScriptObjects.ManagedObjectWsmqMessageTests" name="set_Feedback_CompletionCodeNotOk_Fails" />
    </UnitTest>
    <UnitTest name="get_Flags_UsesRuntime_Success" storage="f:\etwork\bin\tests\unittests.icore.component.core.dll" id="174b377b-80f6-1d12-be43-60160d8c0c61">
      <TestCategory>
        <TestCategoryItem TestCategory="WSMQ" />
      </TestCategory>
      <Execution id="b3166d70-25d1-4cfb-9c1e-f41e7a50d078" />
      <TestMethod codeBase="F:\ETWork\bin\Tests\UnitTests.iCore.Component.Core.dll" adapterTypeName="Microsoft.VisualStudio.TestTools.TestTypes.Unit.UnitTestAdapter" className="UnitTests.iCore.Component.Core.ManagedScriptObjects.ManagedObjectWsmqMessageTests" name="get_Flags_UsesRuntime_Success" />
    </UnitTest>
    <UnitTest name="get_Flags_RuntimeThrows_Fails" storage="f:\etwork\bin\tests\unittests.icore.component.core.dll" id="4a451e29-94b5-661e-22f2-08c08c560ae0">
      <TestCategory>
        <TestCategoryItem TestCategory="WSMQ" />
      </TestCategory>
      <Execution id="91e5964e-0991-40cf-a2be-68d626e73dc4" />
      <TestMethod codeBase="F:\ETWork\bin\Tests\UnitTests.iCore.Component.Core.dll" adapterTypeName="Microsoft.VisualStudio.TestTools.TestTypes.Unit.UnitTestAdapter" className="UnitTests.iCore.Component.Core.ManagedScriptObjects.ManagedObjectWsmqMessageTests" name="get_Flags_RuntimeThrows_Fails" />
    </UnitTest>
    <UnitTest name="set_Flags_UsesRuntime_Success" storage="f:\etwork\bin\tests\unittests.icore.component.core.dll" id="88420e18-c54f-0fc5-9276-eed1b3c7bb07">
      <TestCategory>
        <TestCategoryItem TestCategory="WSMQ" />
      </TestCategory>
      <Execution id="e5b09b7b-6955-460c-be41-3a3a97d535a0" />
      <TestMethod codeBase="F:\ETWork\bin\Tests\UnitTests.iCore.Component.Core.dll" adapterTypeName="Microsoft.VisualStudio.TestTools.TestTypes.Unit.UnitTestAdapter" className="UnitTests.iCore.Component.Core.ManagedScriptObjects.ManagedObjectWsmqMessageTests" name="set_Flags_UsesRuntime_Success" />
    </UnitTest>
    <UnitTest name="set_Flags_RuntimeThrows_Fails" storage="f:\etwork\bin\tests\unittests.icore.component.core.dll" id="80467d84-d2a9-6ee0-9525-05acaabd5324">
      <TestCategory>
        <TestCategoryItem TestCategory="WSMQ" />
      </TestCategory>
      <Execution id="e115f282-3d6d-4531-8366-a054f2fc1072" />
      <TestMethod codeBase="F:\ETWork\bin\Tests\UnitTests.iCore.Component.Core.dll" adapterTypeName="Microsoft.VisualStudio.TestTools.TestTypes.Unit.UnitTestAdapter" className="UnitTests.iCore.Component.Core.ManagedScriptObjects.ManagedObjectWsmqMessageTests" name="set_Flags_RuntimeThrows_Fails" />
    </UnitTest>
    <UnitTest name="set_Flags_CompletionCodeNotOk_Fails" storage="f:\etwork\bin\tests\unittests.icore.component.core.dll" id="e5f992be-510e-afaf-e32a-a8f8825d7c73">
      <TestCategory>
        <TestCategoryItem TestCategory="WSMQ" />
      </TestCategory>
      <Execution id="586a0d69-e060-4840-bac1-ffb65077f43d" />
      <TestMethod codeBase="F:\ETWork\bin\Tests\UnitTests.iCore.Component.Core.dll" adapterTypeName="Microsoft.VisualStudio.TestTools.TestTypes.Unit.UnitTestAdapter" className="UnitTests.iCore.Component.Core.ManagedScriptObjects.ManagedObjectWsmqMessageTests" name="set_Flags_CompletionCodeNotOk_Fails" />
    </UnitTest>
    <UnitTest name="get_Format_UsesRuntime_Success" storage="f:\etwork\bin\tests\unittests.icore.component.core.dll" id="8c246062-be24-b848-a87f-08a3904e0332">
      <TestCategory>
        <TestCategoryItem TestCategory="WSMQ" />
      </TestCategory>
      <Execution id="6bb4f92b-7365-464f-969a-5a28a60204b1" />
      <TestMethod codeBase="F:\ETWork\bin\Tests\UnitTests.iCore.Component.Core.dll" adapterTypeName="Microsoft.VisualStudio.TestTools.TestTypes.Unit.UnitTestAdapter" className="UnitTests.iCore.Component.Core.ManagedScriptObjects.ManagedObjectWsmqMessageTests" name="get_Format_UsesRuntime_Success" />
    </UnitTest>
    <UnitTest name="get_Format_RuntimeThrows_Fails" storage="f:\etwork\bin\tests\unittests.icore.component.core.dll" id="c1a0165b-9924-aca3-be03-5f194beea2f6">
      <TestCategory>
        <TestCategoryItem TestCategory="WSMQ" />
      </TestCategory>
      <Execution id="490cc0c8-6788-45fa-af1e-f92d7db19a0d" />
      <TestMethod codeBase="F:\ETWork\bin\Tests\UnitTests.iCore.Component.Core.dll" adapterTypeName="Microsoft.VisualStudio.TestTools.TestTypes.Unit.UnitTestAdapter" className="UnitTests.iCore.Component.Core.ManagedScriptObjects.ManagedObjectWsmqMessageTests" name="get_Format_RuntimeThrows_Fails" />
    </UnitTest>
    <UnitTest name="get_Format_CompletionCodeNotOk_Fails" storage="f:\etwork\bin\tests\unittests.icore.component.core.dll" id="2360e013-a726-8e4c-d1ff-dbd383381907">
      <TestCategory>
        <TestCategoryItem TestCategory="WSMQ" />
      </TestCategory>
      <Execution id="8a9ce9e0-c0e6-40de-bde2-c9693fb54188" />
      <TestMethod codeBase="F:\ETWork\bin\Tests\UnitTests.iCore.Component.Core.dll" adapterTypeName="Microsoft.VisualStudio.TestTools.TestTypes.Unit.UnitTestAdapter" className="UnitTests.iCore.Component.Core.ManagedScriptObjects.ManagedObjectWsmqMessageTests" name="get_Format_CompletionCodeNotOk_Fails" />
    </UnitTest>
    <UnitTest name="set_Format_UsesRuntime_Success" storage="f:\etwork\bin\tests\unittests.icore.component.core.dll" id="76de71aa-40e5-739e-29a8-b5917d5c1fcc">
      <TestCategory>
        <TestCategoryItem TestCategory="WSMQ" />
      </TestCategory>
      <Execution id="0ec8247d-ecb9-49c5-aa04-bff168c319de" />
      <TestMethod codeBase="F:\ETWork\bin\Tests\UnitTests.iCore.Component.Core.dll" adapterTypeName="Microsoft.VisualStudio.TestTools.TestTypes.Unit.UnitTestAdapter" className="UnitTests.iCore.Component.Core.ManagedScriptObjects.ManagedObjectWsmqMessageTests" name="set_Format_UsesRuntime_Success" />
    </UnitTest>
    <UnitTest name="set_Format_NullInput_SetsEmptyString" storage="f:\etwork\bin\tests\unittests.icore.component.core.dll" id="8f1242f7-c6b3-f9d9-e781-a4ff1d15e219">
      <TestCategory>
        <TestCategoryItem TestCategory="WSMQ" />
      </TestCategory>
      <Execution id="c8571a19-81e2-417b-8100-044c5bf13b30" />
      <TestMethod codeBase="F:\ETWork\bin\Tests\UnitTests.iCore.Component.Core.dll" adapterTypeName="Microsoft.VisualStudio.TestTools.TestTypes.Unit.UnitTestAdapter" className="UnitTests.iCore.Component.Core.ManagedScriptObjects.ManagedObjectWsmqMessageTests" name="set_Format_NullInput_SetsEmptyString" />
    </UnitTest>
    <UnitTest name="set_Format_RuntimeThrows_Fails" storage="f:\etwork\bin\tests\unittests.icore.component.core.dll" id="89c3529d-08d8-59db-c9b6-0a5ce296642d">
      <TestCategory>
        <TestCategoryItem TestCategory="WSMQ" />
      </TestCategory>
      <Execution id="c12646cc-0230-4c1d-a269-87845966c8c2" />
      <TestMethod codeBase="F:\ETWork\bin\Tests\UnitTests.iCore.Component.Core.dll" adapterTypeName="Microsoft.VisualStudio.TestTools.TestTypes.Unit.UnitTestAdapter" className="UnitTests.iCore.Component.Core.ManagedScriptObjects.ManagedObjectWsmqMessageTests" name="set_Format_RuntimeThrows_Fails" />
    </UnitTest>
    <UnitTest name="get_MessageInGroup_UsesRuntime_Success" storage="f:\etwork\bin\tests\unittests.icore.component.core.dll" id="7d35eae7-eca9-8cff-994a-1a448fa967e7">
      <TestCategory>
        <TestCategoryItem TestCategory="WSMQ" />
      </TestCategory>
      <Execution id="0cd43278-e924-4f1d-b5d2-1cd7aad74ed5" />
      <TestMethod codeBase="F:\ETWork\bin\Tests\UnitTests.iCore.Component.Core.dll" adapterTypeName="Microsoft.VisualStudio.TestTools.TestTypes.Unit.UnitTestAdapter" className="UnitTests.iCore.Component.Core.ManagedScriptObjects.ManagedObjectWsmqMessageTests" name="get_MessageInGroup_UsesRuntime_Success" />
    </UnitTest>
    <UnitTest name="get_MessageInGroup_RuntimeThrows_Fails" storage="f:\etwork\bin\tests\unittests.icore.component.core.dll" id="b5b0253c-f0c6-66e5-1da8-39e7d6e66018">
      <TestCategory>
        <TestCategoryItem TestCategory="WSMQ" />
      </TestCategory>
      <Execution id="04c4d86a-c7d7-448d-b8ab-334ec8a27fab" />
      <TestMethod codeBase="F:\ETWork\bin\Tests\UnitTests.iCore.Component.Core.dll" adapterTypeName="Microsoft.VisualStudio.TestTools.TestTypes.Unit.UnitTestAdapter" className="UnitTests.iCore.Component.Core.ManagedScriptObjects.ManagedObjectWsmqMessageTests" name="get_MessageInGroup_RuntimeThrows_Fails" />
    </UnitTest>
    <UnitTest name="set_MessageInGroup_UsesRuntime_Success" storage="f:\etwork\bin\tests\unittests.icore.component.core.dll" id="6865d160-1c24-28ed-21a0-8a1bba842e42">
      <TestCategory>
        <TestCategoryItem TestCategory="WSMQ" />
      </TestCategory>
      <Execution id="5ca563f3-a088-4b6e-afcc-8ca4c4d11612" />
      <TestMethod codeBase="F:\ETWork\bin\Tests\UnitTests.iCore.Component.Core.dll" adapterTypeName="Microsoft.VisualStudio.TestTools.TestTypes.Unit.UnitTestAdapter" className="UnitTests.iCore.Component.Core.ManagedScriptObjects.ManagedObjectWsmqMessageTests" name="set_MessageInGroup_UsesRuntime_Success" />
    </UnitTest>
    <UnitTest name="set_MessageInGroup_RuntimeThrows_Fails" storage="f:\etwork\bin\tests\unittests.icore.component.core.dll" id="9c1389ee-fe72-2f89-c5f8-4c7395945831">
      <TestCategory>
        <TestCategoryItem TestCategory="WSMQ" />
      </TestCategory>
      <Execution id="1359ef5f-629b-4b81-9c87-b5fd509a8707" />
      <TestMethod codeBase="F:\ETWork\bin\Tests\UnitTests.iCore.Component.Core.dll" adapterTypeName="Microsoft.VisualStudio.TestTools.TestTypes.Unit.UnitTestAdapter" className="UnitTests.iCore.Component.Core.ManagedScriptObjects.ManagedObjectWsmqMessageTests" name="set_MessageInGroup_RuntimeThrows_Fails" />
    </UnitTest>
    <UnitTest name="get_MessageIsLastSegment_UsesRuntime_Success" storage="f:\etwork\bin\tests\unittests.icore.component.core.dll" id="364e5a03-ba18-ce16-0922-da2dd3394fdc">
      <TestCategory>
        <TestCategoryItem TestCategory="WSMQ" />
      </TestCategory>
      <Execution id="2f9f1312-aaa6-4e70-8d89-e5b1144e8a1e" />
      <TestMethod codeBase="F:\ETWork\bin\Tests\UnitTests.iCore.Component.Core.dll" adapterTypeName="Microsoft.VisualStudio.TestTools.TestTypes.Unit.UnitTestAdapter" className="UnitTests.iCore.Component.Core.ManagedScriptObjects.ManagedObjectWsmqMessageTests" name="get_MessageIsLastSegment_UsesRuntime_Success" />
    </UnitTest>
    <UnitTest name="get_MessageIsLastSegment_RuntimeThrows_Fails" storage="f:\etwork\bin\tests\unittests.icore.component.core.dll" id="8869d152-4bfa-d909-bafb-5aad9157f3c5">
      <TestCategory>
        <TestCategoryItem TestCategory="WSMQ" />
      </TestCategory>
      <Execution id="25e7b2f7-6ee1-4140-863e-abc637d22b15" />
      <TestMethod codeBase="F:\ETWork\bin\Tests\UnitTests.iCore.Component.Core.dll" adapterTypeName="Microsoft.VisualStudio.TestTools.TestTypes.Unit.UnitTestAdapter" className="UnitTests.iCore.Component.Core.ManagedScriptObjects.ManagedObjectWsmqMessageTests" name="get_MessageIsLastSegment_RuntimeThrows_Fails" />
    </UnitTest>
    <UnitTest name="set_MessageIsLastSegment_UsesRuntime_Success" storage="f:\etwork\bin\tests\unittests.icore.component.core.dll" id="c15fa001-f5b0-81f8-0dc1-4093e3a286c9">
      <TestCategory>
        <TestCategoryItem TestCategory="WSMQ" />
      </TestCategory>
      <Execution id="7ed0b36d-2a42-4217-8fd9-8a3fc5520cee" />
      <TestMethod codeBase="F:\ETWork\bin\Tests\UnitTests.iCore.Component.Core.dll" adapterTypeName="Microsoft.VisualStudio.TestTools.TestTypes.Unit.UnitTestAdapter" className="UnitTests.iCore.Component.Core.ManagedScriptObjects.ManagedObjectWsmqMessageTests" name="set_MessageIsLastSegment_UsesRuntime_Success" />
    </UnitTest>
    <UnitTest name="set_MessageIsLastSegment_RuntimeThrows_Fails" storage="f:\etwork\bin\tests\unittests.icore.component.core.dll" id="43caceed-ae3c-c60e-7d7f-6174a8d4fbb9">
      <TestCategory>
        <TestCategoryItem TestCategory="WSMQ" />
      </TestCategory>
      <Execution id="4679a195-36a6-4bea-a040-3a185da9104f" />
      <TestMethod codeBase="F:\ETWork\bin\Tests\UnitTests.iCore.Component.Core.dll" adapterTypeName="Microsoft.VisualStudio.TestTools.TestTypes.Unit.UnitTestAdapter" className="UnitTests.iCore.Component.Core.ManagedScriptObjects.ManagedObjectWsmqMessageTests" name="set_MessageIsLastSegment_RuntimeThrows_Fails" />
    </UnitTest>
    <UnitTest name="get_MessageIsSegment_UsesRuntime_Success" storage="f:\etwork\bin\tests\unittests.icore.component.core.dll" id="ec9c59a6-7d9b-6e50-a0ac-00b3a299af01">
      <TestCategory>
        <TestCategoryItem TestCategory="WSMQ" />
      </TestCategory>
      <Execution id="eb97ad3c-f180-42d4-863e-dca0db6871f7" />
      <TestMethod codeBase="F:\ETWork\bin\Tests\UnitTests.iCore.Component.Core.dll" adapterTypeName="Microsoft.VisualStudio.TestTools.TestTypes.Unit.UnitTestAdapter" className="UnitTests.iCore.Component.Core.ManagedScriptObjects.ManagedObjectWsmqMessageTests" name="get_MessageIsSegment_UsesRuntime_Success" />
    </UnitTest>
    <UnitTest name="get_MessageIsSegment_RuntimeThrows_Fails" storage="f:\etwork\bin\tests\unittests.icore.component.core.dll" id="c420d7a7-a27d-8e94-59ed-ea8fd7ffcd52">
      <TestCategory>
        <TestCategoryItem TestCategory="WSMQ" />
      </TestCategory>
      <Execution id="42e1ea77-f3f5-4643-9e68-2a03acda16f6" />
      <TestMethod codeBase="F:\ETWork\bin\Tests\UnitTests.iCore.Component.Core.dll" adapterTypeName="Microsoft.VisualStudio.TestTools.TestTypes.Unit.UnitTestAdapter" className="UnitTests.iCore.Component.Core.ManagedScriptObjects.ManagedObjectWsmqMessageTests" name="get_MessageIsSegment_RuntimeThrows_Fails" />
    </UnitTest>
    <UnitTest name="set_MessageIsSegment_UsesRuntime_Success" storage="f:\etwork\bin\tests\unittests.icore.component.core.dll" id="12221648-af0f-62ef-ff07-1fea95295ebc">
      <TestCategory>
        <TestCategoryItem TestCategory="WSMQ" />
      </TestCategory>
      <Execution id="64f51749-1a59-4845-bc19-111c133e98e0" />
      <TestMethod codeBase="F:\ETWork\bin\Tests\UnitTests.iCore.Component.Core.dll" adapterTypeName="Microsoft.VisualStudio.TestTools.TestTypes.Unit.UnitTestAdapter" className="UnitTests.iCore.Component.Core.ManagedScriptObjects.ManagedObjectWsmqMessageTests" name="set_MessageIsSegment_UsesRuntime_Success" />
    </UnitTest>
    <UnitTest name="set_MessageIsSegment_RuntimeThrows_Fails" storage="f:\etwork\bin\tests\unittests.icore.component.core.dll" id="fea02e76-3511-667b-950d-9f1101c86814">
      <TestCategory>
        <TestCategoryItem TestCategory="WSMQ" />
      </TestCategory>
      <Execution id="6b34efd2-5e81-4649-8615-686dd234b3e4" />
      <TestMethod codeBase="F:\ETWork\bin\Tests\UnitTests.iCore.Component.Core.dll" adapterTypeName="Microsoft.VisualStudio.TestTools.TestTypes.Unit.UnitTestAdapter" className="UnitTests.iCore.Component.Core.ManagedScriptObjects.ManagedObjectWsmqMessageTests" name="set_MessageIsSegment_RuntimeThrows_Fails" />
    </UnitTest>
    <UnitTest name="get_MessageLastInGroup_UsesRuntime_Success" storage="f:\etwork\bin\tests\unittests.icore.component.core.dll" id="753ba9ac-d887-6d97-7f11-e93cb5913b3b">
      <TestCategory>
        <TestCategoryItem TestCategory="WSMQ" />
      </TestCategory>
      <Execution id="596ba476-47ab-44e6-b807-b56b79b8d441" />
      <TestMethod codeBase="F:\ETWork\bin\Tests\UnitTests.iCore.Component.Core.dll" adapterTypeName="Microsoft.VisualStudio.TestTools.TestTypes.Unit.UnitTestAdapter" className="UnitTests.iCore.Component.Core.ManagedScriptObjects.ManagedObjectWsmqMessageTests" name="get_MessageLastInGroup_UsesRuntime_Success" />
    </UnitTest>
    <UnitTest name="get_MessageLastInGroup_RuntimeThrows_Fails" storage="f:\etwork\bin\tests\unittests.icore.component.core.dll" id="fefed614-8857-db92-f2cc-a174e84022f0">
      <TestCategory>
        <TestCategoryItem TestCategory="WSMQ" />
      </TestCategory>
      <Execution id="9014076f-4c63-4e62-a865-e1ba518fa962" />
      <TestMethod codeBase="F:\ETWork\bin\Tests\UnitTests.iCore.Component.Core.dll" adapterTypeName="Microsoft.VisualStudio.TestTools.TestTypes.Unit.UnitTestAdapter" className="UnitTests.iCore.Component.Core.ManagedScriptObjects.ManagedObjectWsmqMessageTests" name="get_MessageLastInGroup_RuntimeThrows_Fails" />
    </UnitTest>
    <UnitTest name="set_MessageLastInGroup_UsesRuntime_Success" storage="f:\etwork\bin\tests\unittests.icore.component.core.dll" id="3f6869b4-75e7-e858-da80-b1adffe1300b">
      <TestCategory>
        <TestCategoryItem TestCategory="WSMQ" />
      </TestCategory>
      <Execution id="82321f9a-5469-4b76-ac26-a619c32d4e6e" />
      <TestMethod codeBase="F:\ETWork\bin\Tests\UnitTests.iCore.Component.Core.dll" adapterTypeName="Microsoft.VisualStudio.TestTools.TestTypes.Unit.UnitTestAdapter" className="UnitTests.iCore.Component.Core.ManagedScriptObjects.ManagedObjectWsmqMessageTests" name="set_MessageLastInGroup_UsesRuntime_Success" />
    </UnitTest>
    <UnitTest name="set_MessageLastInGroup_RuntimeThrows_Fails" storage="f:\etwork\bin\tests\unittests.icore.component.core.dll" id="15d2d168-09af-c55d-b1ac-9fa07c8bc70c">
      <TestCategory>
        <TestCategoryItem TestCategory="WSMQ" />
      </TestCategory>
      <Execution id="905aca0b-79cb-49d0-af61-6dfd60fc839b" />
      <TestMethod codeBase="F:\ETWork\bin\Tests\UnitTests.iCore.Component.Core.dll" adapterTypeName="Microsoft.VisualStudio.TestTools.TestTypes.Unit.UnitTestAdapter" className="UnitTests.iCore.Component.Core.ManagedScriptObjects.ManagedObjectWsmqMessageTests" name="set_MessageLastInGroup_RuntimeThrows_Fails" />
    </UnitTest>
    <UnitTest name="get_MoreDataAvailable_UsesRuntime_Success" storage="f:\etwork\bin\tests\unittests.icore.component.core.dll" id="41af4a90-2ff4-08f1-0881-240352adacdb">
      <TestCategory>
        <TestCategoryItem TestCategory="WSMQ" />
      </TestCategory>
      <Execution id="f6fc5f65-bdc0-48a3-8b1b-c2c75d7c3166" />
      <TestMethod codeBase="F:\ETWork\bin\Tests\UnitTests.iCore.Component.Core.dll" adapterTypeName="Microsoft.VisualStudio.TestTools.TestTypes.Unit.UnitTestAdapter" className="UnitTests.iCore.Component.Core.ManagedScriptObjects.ManagedObjectWsmqMessageTests" name="get_MoreDataAvailable_UsesRuntime_Success" />
    </UnitTest>
    <UnitTest name="get_MoreDataAvailable_RuntimeThrows_Fails" storage="f:\etwork\bin\tests\unittests.icore.component.core.dll" id="d03ac17c-c9b7-b316-2b1d-4885c3534f53">
      <TestCategory>
        <TestCategoryItem TestCategory="WSMQ" />
      </TestCategory>
      <Execution id="6f221c85-25ab-49a2-a32f-e6d8bcec5746" />
      <TestMethod codeBase="F:\ETWork\bin\Tests\UnitTests.iCore.Component.Core.dll" adapterTypeName="Microsoft.VisualStudio.TestTools.TestTypes.Unit.UnitTestAdapter" className="UnitTests.iCore.Component.Core.ManagedScriptObjects.ManagedObjectWsmqMessageTests" name="get_MoreDataAvailable_RuntimeThrows_Fails" />
    </UnitTest>
    <UnitTest name="get_MsgSeqNo_UsesRuntime_Success" storage="f:\etwork\bin\tests\unittests.icore.component.core.dll" id="a1b5153e-722a-9b86-c626-22fce9f25ae7">
      <TestCategory>
        <TestCategoryItem TestCategory="WSMQ" />
      </TestCategory>
      <Execution id="ad6d47d0-049f-4f3f-9e9e-47e212003adb" />
      <TestMethod codeBase="F:\ETWork\bin\Tests\UnitTests.iCore.Component.Core.dll" adapterTypeName="Microsoft.VisualStudio.TestTools.TestTypes.Unit.UnitTestAdapter" className="UnitTests.iCore.Component.Core.ManagedScriptObjects.ManagedObjectWsmqMessageTests" name="get_MsgSeqNo_UsesRuntime_Success" />
    </UnitTest>
    <UnitTest name="get_MsgSeqNo_RuntimeThrows_Fails" storage="f:\etwork\bin\tests\unittests.icore.component.core.dll" id="358b56ef-09bf-241f-adfe-708509163ee5">
      <TestCategory>
        <TestCategoryItem TestCategory="WSMQ" />
      </TestCategory>
      <Execution id="3cced46b-0b52-4096-9da8-637c6931de3a" />
      <TestMethod codeBase="F:\ETWork\bin\Tests\UnitTests.iCore.Component.Core.dll" adapterTypeName="Microsoft.VisualStudio.TestTools.TestTypes.Unit.UnitTestAdapter" className="UnitTests.iCore.Component.Core.ManagedScriptObjects.ManagedObjectWsmqMessageTests" name="get_MsgSeqNo_RuntimeThrows_Fails" />
    </UnitTest>
    <UnitTest name="get_MsgType_UsesRuntime_Success" storage="f:\etwork\bin\tests\unittests.icore.component.core.dll" id="49f758c0-7027-3410-75e6-e75a31d83f5b">
      <TestCategory>
        <TestCategoryItem TestCategory="WSMQ" />
      </TestCategory>
      <Execution id="e88d229b-411d-46aa-aaff-90877925a331" />
      <TestMethod codeBase="F:\ETWork\bin\Tests\UnitTests.iCore.Component.Core.dll" adapterTypeName="Microsoft.VisualStudio.TestTools.TestTypes.Unit.UnitTestAdapter" className="UnitTests.iCore.Component.Core.ManagedScriptObjects.ManagedObjectWsmqMessageTests" name="get_MsgType_UsesRuntime_Success" />
    </UnitTest>
    <UnitTest name="get_MsgType_RuntimeThrows_Fails" storage="f:\etwork\bin\tests\unittests.icore.component.core.dll" id="b1851b03-01e3-a203-e2bc-83b2793ea468">
      <TestCategory>
        <TestCategoryItem TestCategory="WSMQ" />
      </TestCategory>
      <Execution id="3f016773-aa59-41ac-8627-49641c9d5fac" />
      <TestMethod codeBase="F:\ETWork\bin\Tests\UnitTests.iCore.Component.Core.dll" adapterTypeName="Microsoft.VisualStudio.TestTools.TestTypes.Unit.UnitTestAdapter" className="UnitTests.iCore.Component.Core.ManagedScriptObjects.ManagedObjectWsmqMessageTests" name="get_MsgType_RuntimeThrows_Fails" />
    </UnitTest>
    <UnitTest name="set_MsgType_UsesRuntime_Success" storage="f:\etwork\bin\tests\unittests.icore.component.core.dll" id="acb6df00-5e4c-1698-4ceb-b877fc470a20">
      <TestCategory>
        <TestCategoryItem TestCategory="WSMQ" />
      </TestCategory>
      <Execution id="b98ab612-eb52-4f89-b469-9996290b3696" />
      <TestMethod codeBase="F:\ETWork\bin\Tests\UnitTests.iCore.Component.Core.dll" adapterTypeName="Microsoft.VisualStudio.TestTools.TestTypes.Unit.UnitTestAdapter" className="UnitTests.iCore.Component.Core.ManagedScriptObjects.ManagedObjectWsmqMessageTests" name="set_MsgType_UsesRuntime_Success" />
    </UnitTest>
    <UnitTest name="set_MsgType_RuntimeThrows_Fails" storage="f:\etwork\bin\tests\unittests.icore.component.core.dll" id="14226617-9fd2-5982-08a4-5a2be40deb67">
      <TestCategory>
        <TestCategoryItem TestCategory="WSMQ" />
      </TestCategory>
      <Execution id="2275589e-1164-4f45-938a-8c3d7f3dc246" />
      <TestMethod codeBase="F:\ETWork\bin\Tests\UnitTests.iCore.Component.Core.dll" adapterTypeName="Microsoft.VisualStudio.TestTools.TestTypes.Unit.UnitTestAdapter" className="UnitTests.iCore.Component.Core.ManagedScriptObjects.ManagedObjectWsmqMessageTests" name="set_MsgType_RuntimeThrows_Fails" />
    </UnitTest>
    <UnitTest name="get_Persistence_UsesRuntime_Success" storage="f:\etwork\bin\tests\unittests.icore.component.core.dll" id="23784b2e-7151-b05a-33d4-61eff5a1c115">
      <TestCategory>
        <TestCategoryItem TestCategory="WSMQ" />
      </TestCategory>
      <Execution id="7408a1c2-d351-4506-938a-abb644706459" />
      <TestMethod codeBase="F:\ETWork\bin\Tests\UnitTests.iCore.Component.Core.dll" adapterTypeName="Microsoft.VisualStudio.TestTools.TestTypes.Unit.UnitTestAdapter" className="UnitTests.iCore.Component.Core.ManagedScriptObjects.ManagedObjectWsmqMessageTests" name="get_Persistence_UsesRuntime_Success" />
    </UnitTest>
    <UnitTest name="get_Persistence_RuntimeThrows_Fails" storage="f:\etwork\bin\tests\unittests.icore.component.core.dll" id="517e8a4e-11b6-6b75-2269-f5de56861e11">
      <TestCategory>
        <TestCategoryItem TestCategory="WSMQ" />
      </TestCategory>
      <Execution id="5b4122ad-786b-40dc-aaac-b2fcd758c6a1" />
      <TestMethod codeBase="F:\ETWork\bin\Tests\UnitTests.iCore.Component.Core.dll" adapterTypeName="Microsoft.VisualStudio.TestTools.TestTypes.Unit.UnitTestAdapter" className="UnitTests.iCore.Component.Core.ManagedScriptObjects.ManagedObjectWsmqMessageTests" name="get_Persistence_RuntimeThrows_Fails" />
    </UnitTest>
    <UnitTest name="set_Persistence_UsesRuntime_Success" storage="f:\etwork\bin\tests\unittests.icore.component.core.dll" id="bffef4e7-bbfb-65e0-2589-9af6dd42ade0">
      <TestCategory>
        <TestCategoryItem TestCategory="WSMQ" />
      </TestCategory>
      <Execution id="a298d944-c894-43a7-a82b-3fd0c2f03138" />
      <TestMethod codeBase="F:\ETWork\bin\Tests\UnitTests.iCore.Component.Core.dll" adapterTypeName="Microsoft.VisualStudio.TestTools.TestTypes.Unit.UnitTestAdapter" className="UnitTests.iCore.Component.Core.ManagedScriptObjects.ManagedObjectWsmqMessageTests" name="set_Persistence_UsesRuntime_Success" />
    </UnitTest>
    <UnitTest name="set_Persistence_RuntimeThrows_Fails" storage="f:\etwork\bin\tests\unittests.icore.component.core.dll" id="b1b49f2c-bc9d-17a8-9727-99edd96dada8">
      <TestCategory>
        <TestCategoryItem TestCategory="WSMQ" />
      </TestCategory>
      <Execution id="bd26dca8-753e-4c5f-96ce-7d08767c36f5" />
      <TestMethod codeBase="F:\ETWork\bin\Tests\UnitTests.iCore.Component.Core.dll" adapterTypeName="Microsoft.VisualStudio.TestTools.TestTypes.Unit.UnitTestAdapter" className="UnitTests.iCore.Component.Core.ManagedScriptObjects.ManagedObjectWsmqMessageTests" name="set_Persistence_RuntimeThrows_Fails" />
    </UnitTest>
    <UnitTest name="get_Position_UsesRuntime_Success" storage="f:\etwork\bin\tests\unittests.icore.component.core.dll" id="895fe30e-57ea-2b55-eea2-a9cbeed71d4e">
      <TestCategory>
        <TestCategoryItem TestCategory="WSMQ" />
      </TestCategory>
      <Execution id="58e34917-0f1d-4b63-87e0-64ff82880b5f" />
      <TestMethod codeBase="F:\ETWork\bin\Tests\UnitTests.iCore.Component.Core.dll" adapterTypeName="Microsoft.VisualStudio.TestTools.TestTypes.Unit.UnitTestAdapter" className="UnitTests.iCore.Component.Core.ManagedScriptObjects.ManagedObjectWsmqMessageTests" name="get_Position_UsesRuntime_Success" />
    </UnitTest>
    <UnitTest name="get_Position_RuntimeThrows_Fails" storage="f:\etwork\bin\tests\unittests.icore.component.core.dll" id="06517d9d-d8a7-4068-ce3c-8091fe63bf9a">
      <TestCategory>
        <TestCategoryItem TestCategory="WSMQ" />
      </TestCategory>
      <Execution id="0080e15f-5518-44e0-97e6-d2ea4118aa44" />
      <TestMethod codeBase="F:\ETWork\bin\Tests\UnitTests.iCore.Component.Core.dll" adapterTypeName="Microsoft.VisualStudio.TestTools.TestTypes.Unit.UnitTestAdapter" className="UnitTests.iCore.Component.Core.ManagedScriptObjects.ManagedObjectWsmqMessageTests" name="get_Position_RuntimeThrows_Fails" />
    </UnitTest>
    <UnitTest name="set_Position_UsesRuntime_SetsValueMinusOne" storage="f:\etwork\bin\tests\unittests.icore.component.core.dll" id="04f2e4ef-6188-d428-331d-fcde2723a57c">
      <TestCategory>
        <TestCategoryItem TestCategory="WSMQ" />
      </TestCategory>
      <Execution id="244e72d9-3234-4947-8c2f-1c207ed37fbc" />
      <TestMethod codeBase="F:\ETWork\bin\Tests\UnitTests.iCore.Component.Core.dll" adapterTypeName="Microsoft.VisualStudio.TestTools.TestTypes.Unit.UnitTestAdapter" className="UnitTests.iCore.Component.Core.ManagedScriptObjects.ManagedObjectWsmqMessageTests" name="set_Position_UsesRuntime_SetsValueMinusOne" />
    </UnitTest>
    <UnitTest name="set_Position_NegativeValue_SetsZero" storage="f:\etwork\bin\tests\unittests.icore.component.core.dll" id="4bf48e73-edd1-f8a9-c9f5-279d9b5091c4">
      <TestCategory>
        <TestCategoryItem TestCategory="WSMQ" />
      </TestCategory>
      <Execution id="0d5ee51e-4f63-4072-b593-64512a6a4be5" />
      <TestMethod codeBase="F:\ETWork\bin\Tests\UnitTests.iCore.Component.Core.dll" adapterTypeName="Microsoft.VisualStudio.TestTools.TestTypes.Unit.UnitTestAdapter" className="UnitTests.iCore.Component.Core.ManagedScriptObjects.ManagedObjectWsmqMessageTests" name="set_Position_NegativeValue_SetsZero" />
    </UnitTest>
    <UnitTest name="set_Position_ZeroValue_SetsZero" storage="f:\etwork\bin\tests\unittests.icore.component.core.dll" id="33f0a40a-e599-312e-9f76-07ea88aeb953">
      <TestCategory>
        <TestCategoryItem TestCategory="WSMQ" />
      </TestCategory>
      <Execution id="ae45ac45-86dd-4fe6-a8ab-c3fee9173b7e" />
      <TestMethod codeBase="F:\ETWork\bin\Tests\UnitTests.iCore.Component.Core.dll" adapterTypeName="Microsoft.VisualStudio.TestTools.TestTypes.Unit.UnitTestAdapter" className="UnitTests.iCore.Component.Core.ManagedScriptObjects.ManagedObjectWsmqMessageTests" name="set_Position_ZeroValue_SetsZero" />
    </UnitTest>
    <UnitTest name="set_Position_RuntimeThrows_Fails" storage="f:\etwork\bin\tests\unittests.icore.component.core.dll" id="65e42c7e-8533-0a66-b164-abe008af4e32">
      <TestCategory>
        <TestCategoryItem TestCategory="WSMQ" />
      </TestCategory>
      <Execution id="6c7ced55-4ec8-4455-adb2-76544e9975a4" />
      <TestMethod codeBase="F:\ETWork\bin\Tests\UnitTests.iCore.Component.Core.dll" adapterTypeName="Microsoft.VisualStudio.TestTools.TestTypes.Unit.UnitTestAdapter" className="UnitTests.iCore.Component.Core.ManagedScriptObjects.ManagedObjectWsmqMessageTests" name="set_Position_RuntimeThrows_Fails" />
    </UnitTest>
    <UnitTest name="get_Priority_UsesRuntime_Success" storage="f:\etwork\bin\tests\unittests.icore.component.core.dll" id="a9d57c6e-9f62-268d-d554-aa495ba8761a">
      <TestCategory>
        <TestCategoryItem TestCategory="WSMQ" />
      </TestCategory>
      <Execution id="1b3e3e5d-bbab-4cab-85d2-198f3856fea7" />
      <TestMethod codeBase="F:\ETWork\bin\Tests\UnitTests.iCore.Component.Core.dll" adapterTypeName="Microsoft.VisualStudio.TestTools.TestTypes.Unit.UnitTestAdapter" className="UnitTests.iCore.Component.Core.ManagedScriptObjects.ManagedObjectWsmqMessageTests" name="get_Priority_UsesRuntime_Success" />
    </UnitTest>
    <UnitTest name="get_Priority_RuntimeThrows_Fails" storage="f:\etwork\bin\tests\unittests.icore.component.core.dll" id="edcc96d8-09df-0adf-a5ea-3c425df79c99">
      <TestCategory>
        <TestCategoryItem TestCategory="WSMQ" />
      </TestCategory>
      <Execution id="391607bc-538e-4e6d-8fa4-cfa710375f6a" />
      <TestMethod codeBase="F:\ETWork\bin\Tests\UnitTests.iCore.Component.Core.dll" adapterTypeName="Microsoft.VisualStudio.TestTools.TestTypes.Unit.UnitTestAdapter" className="UnitTests.iCore.Component.Core.ManagedScriptObjects.ManagedObjectWsmqMessageTests" name="get_Priority_RuntimeThrows_Fails" />
    </UnitTest>
    <UnitTest name="set_Priority_UsesRuntime_Success" storage="f:\etwork\bin\tests\unittests.icore.component.core.dll" id="7f25049f-4b32-4af7-cc24-324850e428b8">
      <TestCategory>
        <TestCategoryItem TestCategory="WSMQ" />
      </TestCategory>
      <Execution id="27558e57-10fe-4b6a-9b1c-62c9373c0a82" />
      <TestMethod codeBase="F:\ETWork\bin\Tests\UnitTests.iCore.Component.Core.dll" adapterTypeName="Microsoft.VisualStudio.TestTools.TestTypes.Unit.UnitTestAdapter" className="UnitTests.iCore.Component.Core.ManagedScriptObjects.ManagedObjectWsmqMessageTests" name="set_Priority_UsesRuntime_Success" />
    </UnitTest>
    <UnitTest name="set_Priority_RuntimeThrows_Fails" storage="f:\etwork\bin\tests\unittests.icore.component.core.dll" id="9b12c5a6-e539-7514-9fac-d7f3864dcc4b">
      <TestCategory>
        <TestCategoryItem TestCategory="WSMQ" />
      </TestCategory>
      <Execution id="d4d134c5-7f2f-496b-90b9-32487a9a5180" />
      <TestMethod codeBase="F:\ETWork\bin\Tests\UnitTests.iCore.Component.Core.dll" adapterTypeName="Microsoft.VisualStudio.TestTools.TestTypes.Unit.UnitTestAdapter" className="UnitTests.iCore.Component.Core.ManagedScriptObjects.ManagedObjectWsmqMessageTests" name="set_Priority_RuntimeThrows_Fails" />
    </UnitTest>
    <UnitTest name="get_ReplyToQ_UsesRuntime_Success" storage="f:\etwork\bin\tests\unittests.icore.component.core.dll" id="c93fe1f5-147c-45e9-1306-8c7bc95dbabb">
      <TestCategory>
        <TestCategoryItem TestCategory="WSMQ" />
      </TestCategory>
      <Execution id="f817713b-c9fb-468b-a3da-fcfdd32d4b0f" />
      <TestMethod codeBase="F:\ETWork\bin\Tests\UnitTests.iCore.Component.Core.dll" adapterTypeName="Microsoft.VisualStudio.TestTools.TestTypes.Unit.UnitTestAdapter" className="UnitTests.iCore.Component.Core.ManagedScriptObjects.ManagedObjectWsmqMessageTests" name="get_ReplyToQ_UsesRuntime_Success" />
    </UnitTest>
    <UnitTest name="get_ReplyToQ_RuntimeThrows_Fails" storage="f:\etwork\bin\tests\unittests.icore.component.core.dll" id="8e49319a-5605-c1e8-173b-30f4973905bd">
      <TestCategory>
        <TestCategoryItem TestCategory="WSMQ" />
      </TestCategory>
      <Execution id="930a8843-1c31-449e-8e61-acb712847a8b" />
      <TestMethod codeBase="F:\ETWork\bin\Tests\UnitTests.iCore.Component.Core.dll" adapterTypeName="Microsoft.VisualStudio.TestTools.TestTypes.Unit.UnitTestAdapter" className="UnitTests.iCore.Component.Core.ManagedScriptObjects.ManagedObjectWsmqMessageTests" name="get_ReplyToQ_RuntimeThrows_Fails" />
    </UnitTest>
    <UnitTest name="Implementation_ReturnsInternalObject_Success" storage="f:\etwork\bin\tests\unittests.icore.component.core.dll" id="66e2de7c-9b1c-72bc-ec28-d37afbbeaa2c">
      <TestCategory>
        <TestCategoryItem TestCategory="WSMQ" />
      </TestCategory>
      <Execution id="e38ec09d-a5fd-4c24-8002-3f75d6dc7e20" />
      <TestMethod codeBase="F:\ETWork\bin\Tests\UnitTests.iCore.Component.Core.dll" adapterTypeName="Microsoft.VisualStudio.TestTools.TestTypes.Unit.UnitTestAdapter" className="UnitTests.iCore.Component.Core.ManagedScriptObjects.ManagedObjectWsmqQueueTests" name="Implementation_ReturnsInternalObject_Success" />
    </UnitTest>
    <UnitTest name="getQueueManagerCodePage_ThrowsException_Fails" storage="f:\etwork\bin\tests\unittests.icore.component.core.dll" id="59cb6e1f-6d6e-4e08-0f1a-9beb26944bfb">
      <TestCategory>
        <TestCategoryItem TestCategory="WSMQ" />
      </TestCategory>
      <Execution id="1deed7fa-4f59-4570-a705-8e0aaea982ce" />
      <TestMethod codeBase="F:\ETWork\bin\Tests\UnitTests.iCore.Component.Core.dll" adapterTypeName="Microsoft.VisualStudio.TestTools.TestTypes.Unit.UnitTestAdapter" className="UnitTests.iCore.Component.Core.ManagedScriptObjects.ManagedObjectWsmqQueueTests" name="getQueueManagerCodePage_ThrowsException_Fails" />
    </UnitTest>
    <UnitTest name="getQueueManagerCodePage_ThrowsWsmqException_ReasonCodeIsSet" storage="f:\etwork\bin\tests\unittests.icore.component.core.dll" id="5df0caef-070a-e0ad-858a-80e3e601773a">
      <TestCategory>
        <TestCategoryItem TestCategory="WSMQ" />
      </TestCategory>
      <Execution id="3ddd9d71-94f3-4030-8c1d-1fa9c036a2a2" />
      <TestMethod codeBase="F:\ETWork\bin\Tests\UnitTests.iCore.Component.Core.dll" adapterTypeName="Microsoft.VisualStudio.TestTools.TestTypes.Unit.UnitTestAdapter" className="UnitTests.iCore.Component.Core.ManagedScriptObjects.ManagedObjectWsmqQueueTests" name="getQueueManagerCodePage_ThrowsWsmqException_ReasonCodeIsSet" />
    </UnitTest>
    <UnitTest name="getQueueManagerCodePage_ThrowsWsmqException_CompletionCodeIsSet" storage="f:\etwork\bin\tests\unittests.icore.component.core.dll" id="8c5c985a-5275-abb6-9bb8-d605dc9b0f39">
      <TestCategory>
        <TestCategoryItem TestCategory="WSMQ" />
      </TestCategory>
      <Execution id="8e6e4aad-6795-41fc-9782-f33e1bb51ba3" />
      <TestMethod codeBase="F:\ETWork\bin\Tests\UnitTests.iCore.Component.Core.dll" adapterTypeName="Microsoft.VisualStudio.TestTools.TestTypes.Unit.UnitTestAdapter" className="UnitTests.iCore.Component.Core.ManagedScriptObjects.ManagedObjectWsmqQueueTests" name="getQueueManagerCodePage_ThrowsWsmqException_CompletionCodeIsSet" />
    </UnitTest>
    <UnitTest name="getQueueManagerCodePage_NoException_SucceedsAndCompletionCodeOK" storage="f:\etwork\bin\tests\unittests.icore.component.core.dll" id="13b8b3d4-5f08-cbe3-021d-3ece8b03a880">
      <TestCategory>
        <TestCategoryItem TestCategory="WSMQ" />
      </TestCategory>
      <Execution id="568f34f6-e5aa-43b1-8311-796f69a72ff3" />
      <TestMethod codeBase="F:\ETWork\bin\Tests\UnitTests.iCore.Component.Core.dll" adapterTypeName="Microsoft.VisualStudio.TestTools.TestTypes.Unit.UnitTestAdapter" className="UnitTests.iCore.Component.Core.ManagedScriptObjects.ManagedObjectWsmqQueueTests" name="getQueueManagerCodePage_NoException_SucceedsAndCompletionCodeOK" />
    </UnitTest>
    <UnitTest name="Open_QueueManagerThrowsException_Fails" storage="f:\etwork\bin\tests\unittests.icore.component.core.dll" id="4ef07830-c470-f2d8-fc2c-6614180a0b97">
      <TestCategory>
        <TestCategoryItem TestCategory="WSMQ" />
      </TestCategory>
      <Execution id="4a945fef-8591-4ffa-9ab9-eb5ba5861872" />
      <TestMethod codeBase="F:\ETWork\bin\Tests\UnitTests.iCore.Component.Core.dll" adapterTypeName="Microsoft.VisualStudio.TestTools.TestTypes.Unit.UnitTestAdapter" className="UnitTests.iCore.Component.Core.ManagedScriptObjects.ManagedObjectWsmqQueueTests" name="Open_QueueManagerThrowsException_Fails" />
    </UnitTest>
    <UnitTest name="Open_QueueManagerThrowsWsmqException_ReasonCodeIsSet" storage="f:\etwork\bin\tests\unittests.icore.component.core.dll" id="62495562-dfda-2268-8c62-6b3f3c6930d5">
      <TestCategory>
        <TestCategoryItem TestCategory="WSMQ" />
      </TestCategory>
      <Execution id="f3349405-7000-41bf-9ccc-47d1072f9b67" />
      <TestMethod codeBase="F:\ETWork\bin\Tests\UnitTests.iCore.Component.Core.dll" adapterTypeName="Microsoft.VisualStudio.TestTools.TestTypes.Unit.UnitTestAdapter" className="UnitTests.iCore.Component.Core.ManagedScriptObjects.ManagedObjectWsmqQueueTests" name="Open_QueueManagerThrowsWsmqException_ReasonCodeIsSet" />
    </UnitTest>
    <UnitTest name="Open_QueueManagerThrowsWsmqException_CompletionCodeIsSet" storage="f:\etwork\bin\tests\unittests.icore.component.core.dll" id="76dc9709-7e8f-fb94-f5d5-5c68e806a0c4">
      <TestCategory>
        <TestCategoryItem TestCategory="WSMQ" />
      </TestCategory>
      <Execution id="7de2e499-151b-4f6a-ac14-c82aac12dd08" />
      <TestMethod codeBase="F:\ETWork\bin\Tests\UnitTests.iCore.Component.Core.dll" adapterTypeName="Microsoft.VisualStudio.TestTools.TestTypes.Unit.UnitTestAdapter" className="UnitTests.iCore.Component.Core.ManagedScriptObjects.ManagedObjectWsmqQueueTests" name="Open_QueueManagerThrowsWsmqException_CompletionCodeIsSet" />
    </UnitTest>
    <UnitTest name="Open_QueueManagerDoesNotThrow_SucceedsAndCompletionCodeOK" storage="f:\etwork\bin\tests\unittests.icore.component.core.dll" id="662b9fe4-468c-a265-cf0a-39eace6ff602">
      <TestCategory>
        <TestCategoryItem TestCategory="WSMQ" />
      </TestCategory>
      <Execution id="e651fd4a-e535-42e6-b656-f24e227defd8" />
      <TestMethod codeBase="F:\ETWork\bin\Tests\UnitTests.iCore.Component.Core.dll" adapterTypeName="Microsoft.VisualStudio.TestTools.TestTypes.Unit.UnitTestAdapter" className="UnitTests.iCore.Component.Core.ManagedScriptObjects.ManagedObjectWsmqQueueTests" name="Open_QueueManagerDoesNotThrow_SucceedsAndCompletionCodeOK" />
    </UnitTest>
    <UnitTest name="Close_QueueManagerThrowsException_Fails" storage="f:\etwork\bin\tests\unittests.icore.component.core.dll" id="cb280d78-df0a-c813-4efc-beacee176106">
      <TestCategory>
        <TestCategoryItem TestCategory="WSMQ" />
      </TestCategory>
      <Execution id="7f577cfe-82cf-4433-ade2-e4085dde101b" />
      <TestMethod codeBase="F:\ETWork\bin\Tests\UnitTests.iCore.Component.Core.dll" adapterTypeName="Microsoft.VisualStudio.TestTools.TestTypes.Unit.UnitTestAdapter" className="UnitTests.iCore.Component.Core.ManagedScriptObjects.ManagedObjectWsmqQueueTests" name="Close_QueueManagerThrowsException_Fails" />
    </UnitTest>
    <UnitTest name="Close_QueueManagerThrowsWsmqException_ReasonCodeIsSet" storage="f:\etwork\bin\tests\unittests.icore.component.core.dll" id="a5033efe-f06a-adef-c445-3ab9f9f94668">
      <TestCategory>
        <TestCategoryItem TestCategory="WSMQ" />
      </TestCategory>
      <Execution id="7b1c240e-87ed-4a5b-9ee6-a66a23a65ec7" />
      <TestMethod codeBase="F:\ETWork\bin\Tests\UnitTests.iCore.Component.Core.dll" adapterTypeName="Microsoft.VisualStudio.TestTools.TestTypes.Unit.UnitTestAdapter" className="UnitTests.iCore.Component.Core.ManagedScriptObjects.ManagedObjectWsmqQueueTests" name="Close_QueueManagerThrowsWsmqException_ReasonCodeIsSet" />
    </UnitTest>
    <UnitTest name="Close_QueueManagerThrowsWsmqException_CompletionCodeIsSet" storage="f:\etwork\bin\tests\unittests.icore.component.core.dll" id="f56ba17a-197a-a928-1f01-b3c7f07b8a01">
      <TestCategory>
        <TestCategoryItem TestCategory="WSMQ" />
      </TestCategory>
      <Execution id="df15bf9b-cbed-473f-b1e5-c6ebe52ed926" />
      <TestMethod codeBase="F:\ETWork\bin\Tests\UnitTests.iCore.Component.Core.dll" adapterTypeName="Microsoft.VisualStudio.TestTools.TestTypes.Unit.UnitTestAdapter" className="UnitTests.iCore.Component.Core.ManagedScriptObjects.ManagedObjectWsmqQueueTests" name="Close_QueueManagerThrowsWsmqException_CompletionCodeIsSet" />
    </UnitTest>
    <UnitTest name="Close_QueueThrowsException_Fails" storage="f:\etwork\bin\tests\unittests.icore.component.core.dll" id="ba073f0f-1aa6-4eaf-2a2b-1741189a1acf">
      <TestCategory>
        <TestCategoryItem TestCategory="WSMQ" />
      </TestCategory>
      <Execution id="ea4ac685-b9ae-486e-b874-a1315341c34b" />
      <TestMethod codeBase="F:\ETWork\bin\Tests\UnitTests.iCore.Component.Core.dll" adapterTypeName="Microsoft.VisualStudio.TestTools.TestTypes.Unit.UnitTestAdapter" className="UnitTests.iCore.Component.Core.ManagedScriptObjects.ManagedObjectWsmqQueueTests" name="Close_QueueThrowsException_Fails" />
    </UnitTest>
    <UnitTest name="Close_QueueThrowsWsmqException_ReasonCodeIsSet" storage="f:\etwork\bin\tests\unittests.icore.component.core.dll" id="e452fc4e-17e6-8b83-c397-cb06c6bcde2e">
      <TestCategory>
        <TestCategoryItem TestCategory="WSMQ" />
      </TestCategory>
      <Execution id="c656266e-87b2-460d-b168-cdb3d15608df" />
      <TestMethod codeBase="F:\ETWork\bin\Tests\UnitTests.iCore.Component.Core.dll" adapterTypeName="Microsoft.VisualStudio.TestTools.TestTypes.Unit.UnitTestAdapter" className="UnitTests.iCore.Component.Core.ManagedScriptObjects.ManagedObjectWsmqQueueTests" name="Close_QueueThrowsWsmqException_ReasonCodeIsSet" />
    </UnitTest>
    <UnitTest name="Close_QueueThrowsWsmqException_CompletionCodeIsSet" storage="f:\etwork\bin\tests\unittests.icore.component.core.dll" id="5b802664-4615-12e5-eac2-f0119a3895a2">
      <TestCategory>
        <TestCategoryItem TestCategory="WSMQ" />
      </TestCategory>
      <Execution id="8b419a83-37d6-40bd-8797-f61da86abd49" />
      <TestMethod codeBase="F:\ETWork\bin\Tests\UnitTests.iCore.Component.Core.dll" adapterTypeName="Microsoft.VisualStudio.TestTools.TestTypes.Unit.UnitTestAdapter" className="UnitTests.iCore.Component.Core.ManagedScriptObjects.ManagedObjectWsmqQueueTests" name="Close_QueueThrowsWsmqException_CompletionCodeIsSet" />
    </UnitTest>
    <UnitTest name="Close_NoException_SucceedsAndCompletionCodeOK" storage="f:\etwork\bin\tests\unittests.icore.component.core.dll" id="e733cdad-053f-f16a-f549-40c80f106629">
      <TestCategory>
        <TestCategoryItem TestCategory="WSMQ" />
      </TestCategory>
      <Execution id="3457a1ae-cc00-4c65-9237-d7c945220268" />
      <TestMethod codeBase="F:\ETWork\bin\Tests\UnitTests.iCore.Component.Core.dll" adapterTypeName="Microsoft.VisualStudio.TestTools.TestTypes.Unit.UnitTestAdapter" className="UnitTests.iCore.Component.Core.ManagedScriptObjects.ManagedObjectWsmqQueueTests" name="Close_NoException_SucceedsAndCompletionCodeOK" />
    </UnitTest>
    <UnitTest name="Send_MessageIsNull_Fails" storage="f:\etwork\bin\tests\unittests.icore.component.core.dll" id="f94f54dc-f320-919a-4707-aa1cfacf9690">
      <TestCategory>
        <TestCategoryItem TestCategory="WSMQ" />
      </TestCategory>
      <Execution id="5ec45922-72d1-4d4a-a764-e868e7152d46" />
      <TestMethod codeBase="F:\ETWork\bin\Tests\UnitTests.iCore.Component.Core.dll" adapterTypeName="Microsoft.VisualStudio.TestTools.TestTypes.Unit.UnitTestAdapter" className="UnitTests.iCore.Component.Core.ManagedScriptObjects.ManagedObjectWsmqQueueTests" name="Send_MessageIsNull_Fails" />
    </UnitTest>
    <UnitTest name="Send_MessageDoesNotImplementIManagedWsmqMessageImplementation_Fails" storage="f:\etwork\bin\tests\unittests.icore.component.core.dll" id="9ff0b51f-cb44-cffa-f6aa-41a2c7963214">
      <TestCategory>
        <TestCategoryItem TestCategory="WSMQ" />
      </TestCategory>
      <Execution id="2556b3d6-bca9-4591-b0c3-445c2716ec8e" />
      <TestMethod codeBase="F:\ETWork\bin\Tests\UnitTests.iCore.Component.Core.dll" adapterTypeName="Microsoft.VisualStudio.TestTools.TestTypes.Unit.UnitTestAdapter" className="UnitTests.iCore.Component.Core.ManagedScriptObjects.ManagedObjectWsmqQueueTests" name="Send_MessageDoesNotImplementIManagedWsmqMessageImplementation_Fails" />
    </UnitTest>
    <UnitTest name="Send_NotOpened_Fails" storage="f:\etwork\bin\tests\unittests.icore.component.core.dll" id="6d973f2b-5ab4-92ba-824a-d4f33cb35459">
      <TestCategory>
        <TestCategoryItem TestCategory="WSMQ" />
      </TestCategory>
      <Execution id="c9eb34f0-f281-420f-8931-fe00e9d0cbfc" />
      <TestMethod codeBase="F:\ETWork\bin\Tests\UnitTests.iCore.Component.Core.dll" adapterTypeName="Microsoft.VisualStudio.TestTools.TestTypes.Unit.UnitTestAdapter" className="UnitTests.iCore.Component.Core.ManagedScriptObjects.ManagedObjectWsmqQueueTests" name="Send_NotOpened_Fails" />
    </UnitTest>
    <UnitTest name="Send_QueueThrowsException_Fails" storage="f:\etwork\bin\tests\unittests.icore.component.core.dll" id="307de189-2938-6b81-5b7f-db13fdd57d39">
      <TestCategory>
        <TestCategoryItem TestCategory="WSMQ" />
      </TestCategory>
      <Execution id="77958f99-4621-4218-a883-057d0d051731" />
      <TestMethod codeBase="F:\ETWork\bin\Tests\UnitTests.iCore.Component.Core.dll" adapterTypeName="Microsoft.VisualStudio.TestTools.TestTypes.Unit.UnitTestAdapter" className="UnitTests.iCore.Component.Core.ManagedScriptObjects.ManagedObjectWsmqQueueTests" name="Send_QueueThrowsException_Fails" />
    </UnitTest>
    <UnitTest name="Send_QueueThrowsWsmqException_ReasonCodeIsSet" storage="f:\etwork\bin\tests\unittests.icore.component.core.dll" id="d9673b73-28d1-bdf3-0a28-e0a79bdacb30">
      <TestCategory>
        <TestCategoryItem TestCategory="WSMQ" />
      </TestCategory>
      <Execution id="349de61e-c849-4ff9-8c5a-a4704b3b1584" />
      <TestMethod codeBase="F:\ETWork\bin\Tests\UnitTests.iCore.Component.Core.dll" adapterTypeName="Microsoft.VisualStudio.TestTools.TestTypes.Unit.UnitTestAdapter" className="UnitTests.iCore.Component.Core.ManagedScriptObjects.ManagedObjectWsmqQueueTests" name="Send_QueueThrowsWsmqException_ReasonCodeIsSet" />
    </UnitTest>
    <UnitTest name="Send_QueueThrowsWsmqException_CompletionCodeIsSet" storage="f:\etwork\bin\tests\unittests.icore.component.core.dll" id="7cd2863a-a482-fcb1-6b04-0bb49de3942e">
      <TestCategory>
        <TestCategoryItem TestCategory="WSMQ" />
      </TestCategory>
      <Execution id="de257335-aea3-47b0-9891-d5c13ac5027b" />
      <TestMethod codeBase="F:\ETWork\bin\Tests\UnitTests.iCore.Component.Core.dll" adapterTypeName="Microsoft.VisualStudio.TestTools.TestTypes.Unit.UnitTestAdapter" className="UnitTests.iCore.Component.Core.ManagedScriptObjects.ManagedObjectWsmqQueueTests" name="Send_QueueThrowsWsmqException_CompletionCodeIsSet" />
    </UnitTest>
    <UnitTest name="Send_NoException_Succeeds" storage="f:\etwork\bin\tests\unittests.icore.component.core.dll" id="f344f9bf-c910-4936-cce7-334dd46c56db">
      <TestCategory>
        <TestCategoryItem TestCategory="WSMQ" />
      </TestCategory>
      <Execution id="6cdc12a1-8ba2-4970-b755-c944e6a80608" />
      <TestMethod codeBase="F:\ETWork\bin\Tests\UnitTests.iCore.Component.Core.dll" adapterTypeName="Microsoft.VisualStudio.TestTools.TestTypes.Unit.UnitTestAdapter" className="UnitTests.iCore.Component.Core.ManagedScriptObjects.ManagedObjectWsmqQueueTests" name="Send_NoException_Succeeds" />
    </UnitTest>
    <UnitTest name="Receive_MessageDoesNotImplementIManagedWsmqMessageImplementation_Fails" storage="f:\etwork\bin\tests\unittests.icore.component.core.dll" id="578d1262-aa3b-1374-e405-129711227be8">
      <TestCategory>
        <TestCategoryItem TestCategory="WSMQ" />
      </TestCategory>
      <Execution id="90dff2ad-09b6-4d4f-990d-059ea26fcf5a" />
      <TestMethod codeBase="F:\ETWork\bin\Tests\UnitTests.iCore.Component.Core.dll" adapterTypeName="Microsoft.VisualStudio.TestTools.TestTypes.Unit.UnitTestAdapter" className="UnitTests.iCore.Component.Core.ManagedScriptObjects.ManagedObjectWsmqQueueTests" name="Receive_MessageDoesNotImplementIManagedWsmqMessageImplementation_Fails" />
    </UnitTest>
    <UnitTest name="Receive_NotOpened_Fails" storage="f:\etwork\bin\tests\unittests.icore.component.core.dll" id="ed7e9d9e-b1ef-33d6-e01a-6361ec9faf41">
      <TestCategory>
        <TestCategoryItem TestCategory="WSMQ" />
      </TestCategory>
      <Execution id="5d47df7f-04c3-49cc-9523-2fd81f15d0df" />
      <TestMethod codeBase="F:\ETWork\bin\Tests\UnitTests.iCore.Component.Core.dll" adapterTypeName="Microsoft.VisualStudio.TestTools.TestTypes.Unit.UnitTestAdapter" className="UnitTests.iCore.Component.Core.ManagedScriptObjects.ManagedObjectWsmqQueueTests" name="Receive_NotOpened_Fails" />
    </UnitTest>
    <UnitTest name="Receive_QueueThrowsException_Fails" storage="f:\etwork\bin\tests\unittests.icore.component.core.dll" id="cc1c2263-073c-ebaa-38e1-66c805455e15">
      <TestCategory>
        <TestCategoryItem TestCategory="WSMQ" />
      </TestCategory>
      <Execution id="d4b9abf2-edbf-48b2-9377-ebe6e573bc21" />
      <TestMethod codeBase="F:\ETWork\bin\Tests\UnitTests.iCore.Component.Core.dll" adapterTypeName="Microsoft.VisualStudio.TestTools.TestTypes.Unit.UnitTestAdapter" className="UnitTests.iCore.Component.Core.ManagedScriptObjects.ManagedObjectWsmqQueueTests" name="Receive_QueueThrowsException_Fails" />
    </UnitTest>
    <UnitTest name="Receive_QueueThrowsWsmqException_ReasonCodeIsSet" storage="f:\etwork\bin\tests\unittests.icore.component.core.dll" id="e809af55-a39e-68a1-0b45-4bce91d44013">
      <TestCategory>
        <TestCategoryItem TestCategory="WSMQ" />
      </TestCategory>
      <Execution id="29c76a52-2b86-4233-9797-54c6b57a1112" />
      <TestMethod codeBase="F:\ETWork\bin\Tests\UnitTests.iCore.Component.Core.dll" adapterTypeName="Microsoft.VisualStudio.TestTools.TestTypes.Unit.UnitTestAdapter" className="UnitTests.iCore.Component.Core.ManagedScriptObjects.ManagedObjectWsmqQueueTests" name="Receive_QueueThrowsWsmqException_ReasonCodeIsSet" />
    </UnitTest>
    <UnitTest name="Receive_QueueThrowsWsmqException_CompletionCodeIsSet" storage="f:\etwork\bin\tests\unittests.icore.component.core.dll" id="2e70ceaf-b51c-a6e2-94be-7ca3510dc022">
      <TestCategory>
        <TestCategoryItem TestCategory="WSMQ" />
      </TestCategory>
      <Execution id="a50924b0-0b36-4e46-81fc-40c93f274a50" />
      <TestMethod codeBase="F:\ETWork\bin\Tests\UnitTests.iCore.Component.Core.dll" adapterTypeName="Microsoft.VisualStudio.TestTools.TestTypes.Unit.UnitTestAdapter" className="UnitTests.iCore.Component.Core.ManagedScriptObjects.ManagedObjectWsmqQueueTests" name="Receive_QueueThrowsWsmqException_CompletionCodeIsSet" />
    </UnitTest>
    <UnitTest name="Receive_NoException_Succeeds" storage="f:\etwork\bin\tests\unittests.icore.component.core.dll" id="3dd8ce48-5b42-642d-cf63-e30f46d1a141">
      <TestCategory>
        <TestCategoryItem TestCategory="WSMQ" />
      </TestCategory>
      <Execution id="041f0ef1-ab13-4e47-9636-83f2ee092c0e" />
      <TestMethod codeBase="F:\ETWork\bin\Tests\UnitTests.iCore.Component.Core.dll" adapterTypeName="Microsoft.VisualStudio.TestTools.TestTypes.Unit.UnitTestAdapter" className="UnitTests.iCore.Component.Core.ManagedScriptObjects.ManagedObjectWsmqQueueTests" name="Receive_NoException_Succeeds" />
    </UnitTest>
    <UnitTest name="Commit_NotOpened_Fails" storage="f:\etwork\bin\tests\unittests.icore.component.core.dll" id="118294ad-903c-fcaf-5b11-0d86809827b4">
      <TestCategory>
        <TestCategoryItem TestCategory="WSMQ" />
      </TestCategory>
      <Execution id="74da3144-7ba9-4bbb-ba45-6c58a785012b" />
      <TestMethod codeBase="F:\ETWork\bin\Tests\UnitTests.iCore.Component.Core.dll" adapterTypeName="Microsoft.VisualStudio.TestTools.TestTypes.Unit.UnitTestAdapter" className="UnitTests.iCore.Component.Core.ManagedScriptObjects.ManagedObjectWsmqQueueTests" name="Commit_NotOpened_Fails" />
    </UnitTest>
    <UnitTest name="Commit_QueueThrowsException_Fails" storage="f:\etwork\bin\tests\unittests.icore.component.core.dll" id="637a44ba-aa4d-d4a6-1a63-65a13321f600">
      <TestCategory>
        <TestCategoryItem TestCategory="WSMQ" />
      </TestCategory>
      <Execution id="0be135d2-20db-4628-9278-6e7236c0c143" />
      <TestMethod codeBase="F:\ETWork\bin\Tests\UnitTests.iCore.Component.Core.dll" adapterTypeName="Microsoft.VisualStudio.TestTools.TestTypes.Unit.UnitTestAdapter" className="UnitTests.iCore.Component.Core.ManagedScriptObjects.ManagedObjectWsmqQueueTests" name="Commit_QueueThrowsException_Fails" />
    </UnitTest>
    <UnitTest name="Commit_QueueThrowsWsmqException_ReasonCodeIsSet" storage="f:\etwork\bin\tests\unittests.icore.component.core.dll" id="5e142589-36b2-75a0-a756-de801ab37bf8">
      <TestCategory>
        <TestCategoryItem TestCategory="WSMQ" />
      </TestCategory>
      <Execution id="75b318eb-aae5-48d8-a128-a793de6fb259" />
      <TestMethod codeBase="F:\ETWork\bin\Tests\UnitTests.iCore.Component.Core.dll" adapterTypeName="Microsoft.VisualStudio.TestTools.TestTypes.Unit.UnitTestAdapter" className="UnitTests.iCore.Component.Core.ManagedScriptObjects.ManagedObjectWsmqQueueTests" name="Commit_QueueThrowsWsmqException_ReasonCodeIsSet" />
    </UnitTest>
    <UnitTest name="Commit_QueueThrowsWsmqException_CompletionCodeIsSet" storage="f:\etwork\bin\tests\unittests.icore.component.core.dll" id="6ec23b05-b777-aaa1-6b4c-31776bebc4ed">
      <TestCategory>
        <TestCategoryItem TestCategory="WSMQ" />
      </TestCategory>
      <Execution id="9c079c17-d598-4db2-a4d2-5a43fea63f7b" />
      <TestMethod codeBase="F:\ETWork\bin\Tests\UnitTests.iCore.Component.Core.dll" adapterTypeName="Microsoft.VisualStudio.TestTools.TestTypes.Unit.UnitTestAdapter" className="UnitTests.iCore.Component.Core.ManagedScriptObjects.ManagedObjectWsmqQueueTests" name="Commit_QueueThrowsWsmqException_CompletionCodeIsSet" />
    </UnitTest>
    <UnitTest name="Commit_NoException_SucceedsAndCompletionCodeOK" storage="f:\etwork\bin\tests\unittests.icore.component.core.dll" id="feabdbcc-1ab1-7d04-7c7d-f344258ab174">
      <TestCategory>
        <TestCategoryItem TestCategory="WSMQ" />
      </TestCategory>
      <Execution id="1a886695-ce51-4ecf-be95-0fcfbf68f5cf" />
      <TestMethod codeBase="F:\ETWork\bin\Tests\UnitTests.iCore.Component.Core.dll" adapterTypeName="Microsoft.VisualStudio.TestTools.TestTypes.Unit.UnitTestAdapter" className="UnitTests.iCore.Component.Core.ManagedScriptObjects.ManagedObjectWsmqQueueTests" name="Commit_NoException_SucceedsAndCompletionCodeOK" />
    </UnitTest>
    <UnitTest name="Rollback_NotOpened_Fails" storage="f:\etwork\bin\tests\unittests.icore.component.core.dll" id="f114208e-4e0f-ac2d-e183-fbc5dfcc48f5">
      <TestCategory>
        <TestCategoryItem TestCategory="WSMQ" />
      </TestCategory>
      <Execution id="da5710cf-a537-47f4-b1db-f8aeddb9aa11" />
      <TestMethod codeBase="F:\ETWork\bin\Tests\UnitTests.iCore.Component.Core.dll" adapterTypeName="Microsoft.VisualStudio.TestTools.TestTypes.Unit.UnitTestAdapter" className="UnitTests.iCore.Component.Core.ManagedScriptObjects.ManagedObjectWsmqQueueTests" name="Rollback_NotOpened_Fails" />
    </UnitTest>
    <UnitTest name="Rollback_QueueThrowsException_Fails" storage="f:\etwork\bin\tests\unittests.icore.component.core.dll" id="d47e1968-ea61-8a0b-bad0-c81c70f89db8">
      <TestCategory>
        <TestCategoryItem TestCategory="WSMQ" />
      </TestCategory>
      <Execution id="5892ad44-0465-4dd5-a415-4b9514e50145" />
      <TestMethod codeBase="F:\ETWork\bin\Tests\UnitTests.iCore.Component.Core.dll" adapterTypeName="Microsoft.VisualStudio.TestTools.TestTypes.Unit.UnitTestAdapter" className="UnitTests.iCore.Component.Core.ManagedScriptObjects.ManagedObjectWsmqQueueTests" name="Rollback_QueueThrowsException_Fails" />
    </UnitTest>
    <UnitTest name="Rollback_QueueThrowsWsmqException_ReasonCodeIsSet" storage="f:\etwork\bin\tests\unittests.icore.component.core.dll" id="04f028d6-8c55-6693-d4d4-14943002bb86">
      <TestCategory>
        <TestCategoryItem TestCategory="WSMQ" />
      </TestCategory>
      <Execution id="d930f189-b6d9-43c4-9434-ee8dc74c2d0f" />
      <TestMethod codeBase="F:\ETWork\bin\Tests\UnitTests.iCore.Component.Core.dll" adapterTypeName="Microsoft.VisualStudio.TestTools.TestTypes.Unit.UnitTestAdapter" className="UnitTests.iCore.Component.Core.ManagedScriptObjects.ManagedObjectWsmqQueueTests" name="Rollback_QueueThrowsWsmqException_ReasonCodeIsSet" />
    </UnitTest>
    <UnitTest name="Rollback_QueueThrowsWsmqException_CompletionCodeIsSet" storage="f:\etwork\bin\tests\unittests.icore.component.core.dll" id="43d9e34e-b124-4bb6-24ca-429904b03ba0">
      <TestCategory>
        <TestCategoryItem TestCategory="WSMQ" />
      </TestCategory>
      <Execution id="6017adb1-032c-4195-8329-0d2ac0735dd6" />
      <TestMethod codeBase="F:\ETWork\bin\Tests\UnitTests.iCore.Component.Core.dll" adapterTypeName="Microsoft.VisualStudio.TestTools.TestTypes.Unit.UnitTestAdapter" className="UnitTests.iCore.Component.Core.ManagedScriptObjects.ManagedObjectWsmqQueueTests" name="Rollback_QueueThrowsWsmqException_CompletionCodeIsSet" />
    </UnitTest>
    <UnitTest name="Rollback_NoException_SucceedsAndCompletionCodeOK" storage="f:\etwork\bin\tests\unittests.icore.component.core.dll" id="8b26264d-5722-7f7d-05a1-ab9aa8fe15a0">
      <TestCategory>
        <TestCategoryItem TestCategory="WSMQ" />
      </TestCategory>
      <Execution id="2613e9ea-f56a-42d0-849f-2c80388bf83e" />
      <TestMethod codeBase="F:\ETWork\bin\Tests\UnitTests.iCore.Component.Core.dll" adapterTypeName="Microsoft.VisualStudio.TestTools.TestTypes.Unit.UnitTestAdapter" className="UnitTests.iCore.Component.Core.ManagedScriptObjects.ManagedObjectWsmqQueueTests" name="Rollback_NoException_SucceedsAndCompletionCodeOK" />
    </UnitTest>
    <UnitTest name="StartTraceToFile_CalledBeforeLogin_TraceStarted" storage="f:\etwork\bin\tests\unittests.icore.component.core.dll" id="63197c5e-d268-d567-3569-48ab3e77c960">
      <Execution id="88da8b0e-6dc1-49ff-9cf1-1a5a33fd7c58" />
      <TestMethod codeBase="F:\ETWork\bin\Tests\UnitTests.iCore.Component.Core.dll" adapterTypeName="Microsoft.VisualStudio.TestTools.TestTypes.Unit.UnitTestAdapter" className="UnitTests.iCore.Component.Core.ManagedScriptObjects.ManagedObjectFtpServerTests" name="StartTraceToFile_CalledBeforeLogin_TraceStarted" />
    </UnitTest>
    <UnitTest name="StartTraceToFile_CalledBeforeLogin_RestartsAtEachLogin" storage="f:\etwork\bin\tests\unittests.icore.component.core.dll" id="eadde07a-f8e2-2ff1-947d-e9ce8adefe83">
      <Execution id="0eb648b9-2134-449e-a71a-95b9e2e232bf" />
      <TestMethod codeBase="F:\ETWork\bin\Tests\UnitTests.iCore.Component.Core.dll" adapterTypeName="Microsoft.VisualStudio.TestTools.TestTypes.Unit.UnitTestAdapter" className="UnitTests.iCore.Component.Core.ManagedScriptObjects.ManagedObjectFtpServerTests" name="StartTraceToFile_CalledBeforeLogin_RestartsAtEachLogin" />
    </UnitTest>
    <UnitTest name="StartTraceToFile_Called_Stopped_DoesNotStartAtLoginTest" storage="f:\etwork\bin\tests\unittests.icore.component.core.dll" id="0018dd68-524a-7b44-22af-57a86c42255d">
      <Execution id="8314198b-9512-4f2f-a1ca-939722196e08" />
      <TestMethod codeBase="F:\ETWork\bin\Tests\UnitTests.iCore.Component.Core.dll" adapterTypeName="Microsoft.VisualStudio.TestTools.TestTypes.Unit.UnitTestAdapter" className="UnitTests.iCore.Component.Core.ManagedScriptObjects.ManagedObjectFtpServerTests" name="StartTraceToFile_Called_Stopped_DoesNotStartAtLoginTest" />
    </UnitTest>
    <UnitTest name="StartTraceToSimpleStringList_CalledBeforeLogin_TraceStarted" storage="f:\etwork\bin\tests\unittests.icore.component.core.dll" id="b0aa1724-d392-afc3-1594-60905762105a">
      <Execution id="fe869b04-e78e-4469-9f90-ee9d74b1383d" />
      <TestMethod codeBase="F:\ETWork\bin\Tests\UnitTests.iCore.Component.Core.dll" adapterTypeName="Microsoft.VisualStudio.TestTools.TestTypes.Unit.UnitTestAdapter" className="UnitTests.iCore.Component.Core.ManagedScriptObjects.ManagedObjectFtpServerTests" name="StartTraceToSimpleStringList_CalledBeforeLogin_TraceStarted" />
    </UnitTest>
    <UnitTest name="StartTraceToSimpleStringList_AllArgumentCombinationsTested" storage="f:\etwork\bin\tests\unittests.icore.component.core.dll" id="cd3a5b8d-a912-063b-8d8a-9b9707c2a855">
      <Execution id="d5c773f1-0e9b-4ca4-9a86-5f079f07c17e" />
      <TestMethod codeBase="F:\ETWork\bin\Tests\UnitTests.iCore.Component.Core.dll" adapterTypeName="Microsoft.VisualStudio.TestTools.TestTypes.Unit.UnitTestAdapter" className="UnitTests.iCore.Component.Core.ManagedScriptObjects.ManagedObjectFtpServerTests" name="StartTraceToSimpleStringList_AllArgumentCombinationsTested" />
    </UnitTest>
    <UnitTest name="StopTrace_StopsTracingInFtpClient" storage="f:\etwork\bin\tests\unittests.icore.component.core.dll" id="5a9e745a-944c-5e2c-eef1-1b43cd7b6802">
      <Execution id="47f7f699-4d4a-4261-a5ff-d75a4a6ecd86" />
      <TestMethod codeBase="F:\ETWork\bin\Tests\UnitTests.iCore.Component.Core.dll" adapterTypeName="Microsoft.VisualStudio.TestTools.TestTypes.Unit.UnitTestAdapter" className="UnitTests.iCore.Component.Core.ManagedScriptObjects.ManagedObjectFtpServerTests" name="StopTrace_StopsTracingInFtpClient" />
    </UnitTest>
    <UnitTest name="Initialize_CreatedInRuntimeVersionIs2_LoginCreatedClientWithTransferTypeASCII" storage="f:\etwork\bin\tests\unittests.icore.component.core.dll" id="f8cedc41-5f26-0697-3f58-b7b32cae824f">
      <Execution id="e11c37f8-78be-45ba-83b6-f2f85d919c27" />
      <TestMethod codeBase="F:\ETWork\bin\Tests\UnitTests.iCore.Component.Core.dll" adapterTypeName="Microsoft.VisualStudio.TestTools.TestTypes.Unit.UnitTestAdapter" className="UnitTests.iCore.Component.Core.ManagedScriptObjects.ManagedObjectFtpServerTests" name="Initialize_CreatedInRuntimeVersionIs2_LoginCreatedClientWithTransferTypeASCII" />
    </UnitTest>
    <UnitTest name="Initialize_CreatedInRuntimeVersionIs3_LoginCreatedClientWithTransferTypeBinary" storage="f:\etwork\bin\tests\unittests.icore.component.core.dll" id="c3fcf472-3688-9adb-9918-a9aded700d3b">
      <Execution id="4177f79c-4fc2-4317-907d-034cd8a2cd59" />
      <TestMethod codeBase="F:\ETWork\bin\Tests\UnitTests.iCore.Component.Core.dll" adapterTypeName="Microsoft.VisualStudio.TestTools.TestTypes.Unit.UnitTestAdapter" className="UnitTests.iCore.Component.Core.ManagedScriptObjects.ManagedObjectFtpServerTests" name="Initialize_CreatedInRuntimeVersionIs3_LoginCreatedClientWithTransferTypeBinary" />
    </UnitTest>
    <UnitTest name="Initialize_CreatedInRuntimeVersionIs4_LoginCreatedClientWithTransferTypeBinary" storage="f:\etwork\bin\tests\unittests.icore.component.core.dll" id="7450d050-f18c-5e4d-7607-50a7946a2b84">
      <Execution id="e38ba5f2-d5ae-4e64-8eb0-21bc996960a2" />
      <TestMethod codeBase="F:\ETWork\bin\Tests\UnitTests.iCore.Component.Core.dll" adapterTypeName="Microsoft.VisualStudio.TestTools.TestTypes.Unit.UnitTestAdapter" className="UnitTests.iCore.Component.Core.ManagedScriptObjects.ManagedObjectFtpServerTests" name="Initialize_CreatedInRuntimeVersionIs4_LoginCreatedClientWithTransferTypeBinary" />
    </UnitTest>
    <UnitTest name="ManagedXmlNodeCollectionObject_DefaultCtorTest" storage="f:\etwork\bin\tests\unittests.icore.component.core.dll" id="136bad92-5c54-fad1-7480-231484310e8e">
      <Execution id="bca39f0d-6e9a-4828-8750-c1f95a1fc035" />
      <TestMethod codeBase="F:\ETWork\bin\Tests\UnitTests.iCore.Component.Core.dll" adapterTypeName="Microsoft.VisualStudio.TestTools.TestTypes.Unit.UnitTestAdapter" className="UnitTests.iCore.Component.Core.ManagedScriptObjects.XmlObjects.ManagedXmlAttributeCollectionObjectTests" name="ManagedXmlNodeCollectionObject_DefaultCtorTest" />
    </UnitTest>
    <UnitTest name="get_Count_UsesRuntime_Success" storage="f:\etwork\bin\tests\unittests.icore.component.core.dll" id="f61a585c-4d07-9acd-b1df-5f6c9a2ea5d4">
      <Execution id="ccb72d6a-909f-4d12-8dca-4c950ee9f60c" />
      <TestMethod codeBase="F:\ETWork\bin\Tests\UnitTests.iCore.Component.Core.dll" adapterTypeName="Microsoft.VisualStudio.TestTools.TestTypes.Unit.UnitTestAdapter" className="UnitTests.iCore.Component.Core.ManagedScriptObjects.XmlObjects.ManagedXmlAttributeCollectionObjectTests" name="get_Count_UsesRuntime_Success" />
    </UnitTest>
    <UnitTest name="get_Count_RuntimeThrows_ReturnsFailed" storage="f:\etwork\bin\tests\unittests.icore.component.core.dll" id="7bb90c36-9409-f56d-3359-6d49f2b38a85">
      <Execution id="71c5a573-499e-4e71-803d-cf1d9cbdbeaf" />
      <TestMethod codeBase="F:\ETWork\bin\Tests\UnitTests.iCore.Component.Core.dll" adapterTypeName="Microsoft.VisualStudio.TestTools.TestTypes.Unit.UnitTestAdapter" className="UnitTests.iCore.Component.Core.ManagedScriptObjects.XmlObjects.ManagedXmlAttributeCollectionObjectTests" name="get_Count_RuntimeThrows_ReturnsFailed" />
    </UnitTest>
    <UnitTest name="get_Count_NotInitialized_Throws" storage="f:\etwork\bin\tests\unittests.icore.component.core.dll" id="0baa3d7f-ffd6-9ab8-ece9-9797312b4994">
      <Execution id="595af840-5b4d-4ae9-876c-952a7073b132" />
      <TestMethod codeBase="F:\ETWork\bin\Tests\UnitTests.iCore.Component.Core.dll" adapterTypeName="Microsoft.VisualStudio.TestTools.TestTypes.Unit.UnitTestAdapter" className="UnitTests.iCore.Component.Core.ManagedScriptObjects.XmlObjects.ManagedXmlAttributeCollectionObjectTests" name="get_Count_NotInitialized_Throws" />
    </UnitTest>
    <UnitTest name="get_Item_UsesRuntime_Success" storage="f:\etwork\bin\tests\unittests.icore.component.core.dll" id="50083963-6495-9a95-23e9-e0d6b891f924">
      <Execution id="419f7322-8ecb-44d9-a96b-8c2e301d561c" />
      <TestMethod codeBase="F:\ETWork\bin\Tests\UnitTests.iCore.Component.Core.dll" adapterTypeName="Microsoft.VisualStudio.TestTools.TestTypes.Unit.UnitTestAdapter" className="UnitTests.iCore.Component.Core.ManagedScriptObjects.XmlObjects.ManagedXmlAttributeCollectionObjectTests" name="get_Item_UsesRuntime_Success" />
    </UnitTest>
    <UnitTest name="get_Item_RuntimeThrows_ReturnsFailed" storage="f:\etwork\bin\tests\unittests.icore.component.core.dll" id="92e0478d-e212-6027-2725-ba436ad4f3af">
      <Execution id="42b3960e-e175-469a-af60-fd4f7395d7d7" />
      <TestMethod codeBase="F:\ETWork\bin\Tests\UnitTests.iCore.Component.Core.dll" adapterTypeName="Microsoft.VisualStudio.TestTools.TestTypes.Unit.UnitTestAdapter" className="UnitTests.iCore.Component.Core.ManagedScriptObjects.XmlObjects.ManagedXmlAttributeCollectionObjectTests" name="get_Item_RuntimeThrows_ReturnsFailed" />
    </UnitTest>
    <UnitTest name="get_Item_NotInitialized_Throws" storage="f:\etwork\bin\tests\unittests.icore.component.core.dll" id="a2ba9217-bcbf-9361-bbbc-caf8d50a8502">
      <Execution id="366f8bc4-6559-445e-9711-1275a02b9871" />
      <TestMethod codeBase="F:\ETWork\bin\Tests\UnitTests.iCore.Component.Core.dll" adapterTypeName="Microsoft.VisualStudio.TestTools.TestTypes.Unit.UnitTestAdapter" className="UnitTests.iCore.Component.Core.ManagedScriptObjects.XmlObjects.ManagedXmlAttributeCollectionObjectTests" name="get_Item_NotInitialized_Throws" />
    </UnitTest>
    <UnitTest name="GetNamedItem_UsesRuntime_Success" storage="f:\etwork\bin\tests\unittests.icore.component.core.dll" id="84a37376-e306-7490-aac7-118cf9b75124">
      <Execution id="03c33dfa-e59e-4f5e-b212-4e7020fef645" />
      <TestMethod codeBase="F:\ETWork\bin\Tests\UnitTests.iCore.Component.Core.dll" adapterTypeName="Microsoft.VisualStudio.TestTools.TestTypes.Unit.UnitTestAdapter" className="UnitTests.iCore.Component.Core.ManagedScriptObjects.XmlObjects.ManagedXmlAttributeCollectionObjectTests" name="GetNamedItem_UsesRuntime_Success" />
    </UnitTest>
    <UnitTest name="GetNamedItem_RuntimeThrows_ReturnsFailed" storage="f:\etwork\bin\tests\unittests.icore.component.core.dll" id="d28be012-1c6e-d620-7792-0d4453ddda14">
      <Execution id="9e84ca95-4459-4fa0-85a4-7c09512f30f5" />
      <TestMethod codeBase="F:\ETWork\bin\Tests\UnitTests.iCore.Component.Core.dll" adapterTypeName="Microsoft.VisualStudio.TestTools.TestTypes.Unit.UnitTestAdapter" className="UnitTests.iCore.Component.Core.ManagedScriptObjects.XmlObjects.ManagedXmlAttributeCollectionObjectTests" name="GetNamedItem_RuntimeThrows_ReturnsFailed" />
    </UnitTest>
    <UnitTest name="GetNamedItem_RuntimeReturnsNull_ReturnsFailed" storage="f:\etwork\bin\tests\unittests.icore.component.core.dll" id="668c5517-c1d3-45b2-1dae-6bcc080e0c0a">
      <Execution id="bb7bd147-7f16-4ef6-8738-e8fabef02624" />
      <TestMethod codeBase="F:\ETWork\bin\Tests\UnitTests.iCore.Component.Core.dll" adapterTypeName="Microsoft.VisualStudio.TestTools.TestTypes.Unit.UnitTestAdapter" className="UnitTests.iCore.Component.Core.ManagedScriptObjects.XmlObjects.ManagedXmlAttributeCollectionObjectTests" name="GetNamedItem_RuntimeReturnsNull_ReturnsFailed" />
    </UnitTest>
    <UnitTest name="GetNamedItem_NotInitialized_Throws" storage="f:\etwork\bin\tests\unittests.icore.component.core.dll" id="fa32d278-f0d4-c096-8f58-6756e29895e2">
      <Execution id="bdacae24-b98f-4276-a2a3-670edffc6766" />
      <TestMethod codeBase="F:\ETWork\bin\Tests\UnitTests.iCore.Component.Core.dll" adapterTypeName="Microsoft.VisualStudio.TestTools.TestTypes.Unit.UnitTestAdapter" className="UnitTests.iCore.Component.Core.ManagedScriptObjects.XmlObjects.ManagedXmlAttributeCollectionObjectTests" name="GetNamedItem_NotInitialized_Throws" />
    </UnitTest>
    <UnitTest name="RemoveNamedItem_UsesRuntime_Success" storage="f:\etwork\bin\tests\unittests.icore.component.core.dll" id="30fac3f1-5bc2-6b9b-d668-fd32758e3f58">
      <Execution id="93fd81c8-3e40-4844-92ab-ecce728fbc07" />
      <TestMethod codeBase="F:\ETWork\bin\Tests\UnitTests.iCore.Component.Core.dll" adapterTypeName="Microsoft.VisualStudio.TestTools.TestTypes.Unit.UnitTestAdapter" className="UnitTests.iCore.Component.Core.ManagedScriptObjects.XmlObjects.ManagedXmlAttributeCollectionObjectTests" name="RemoveNamedItem_UsesRuntime_Success" />
    </UnitTest>
    <UnitTest name="RemoveNamedItem_RuntimeThrows_ReturnsFailed" storage="f:\etwork\bin\tests\unittests.icore.component.core.dll" id="de0db55d-fd9a-c6d8-a764-42ce75b75ad9">
      <Execution id="ad88f9e9-e577-44be-953a-029d8e5addbc" />
      <TestMethod codeBase="F:\ETWork\bin\Tests\UnitTests.iCore.Component.Core.dll" adapterTypeName="Microsoft.VisualStudio.TestTools.TestTypes.Unit.UnitTestAdapter" className="UnitTests.iCore.Component.Core.ManagedScriptObjects.XmlObjects.ManagedXmlAttributeCollectionObjectTests" name="RemoveNamedItem_RuntimeThrows_ReturnsFailed" />
    </UnitTest>
    <UnitTest name="RemoveNamedItem_RuntimeReturnsNull_ReturnsEmptyNode" storage="f:\etwork\bin\tests\unittests.icore.component.core.dll" id="e1021b8f-1bbb-463d-6dac-61e2db55bf71">
      <Execution id="a4842933-c42d-4cbb-9acb-683c3bf977d3" />
      <TestMethod codeBase="F:\ETWork\bin\Tests\UnitTests.iCore.Component.Core.dll" adapterTypeName="Microsoft.VisualStudio.TestTools.TestTypes.Unit.UnitTestAdapter" className="UnitTests.iCore.Component.Core.ManagedScriptObjects.XmlObjects.ManagedXmlAttributeCollectionObjectTests" name="RemoveNamedItem_RuntimeReturnsNull_ReturnsEmptyNode" />
    </UnitTest>
    <UnitTest name="RemoveNamedItem_NotInitialized_Throws" storage="f:\etwork\bin\tests\unittests.icore.component.core.dll" id="6ebbeddc-ad91-2b3f-4be9-e5f7b2782c55">
      <Execution id="e6633c55-f6b9-48a2-a18e-201414bbd917" />
      <TestMethod codeBase="F:\ETWork\bin\Tests\UnitTests.iCore.Component.Core.dll" adapterTypeName="Microsoft.VisualStudio.TestTools.TestTypes.Unit.UnitTestAdapter" className="UnitTests.iCore.Component.Core.ManagedScriptObjects.XmlObjects.ManagedXmlAttributeCollectionObjectTests" name="RemoveNamedItem_NotInitialized_Throws" />
    </UnitTest>
    <UnitTest name="AddItem_UsesRuntime_Success" storage="f:\etwork\bin\tests\unittests.icore.component.core.dll" id="df1f347b-b835-5837-4ced-d52c5f1203fe">
      <Execution id="3829a317-b150-42d6-8a2e-a83bfed0b336" />
      <TestMethod codeBase="F:\ETWork\bin\Tests\UnitTests.iCore.Component.Core.dll" adapterTypeName="Microsoft.VisualStudio.TestTools.TestTypes.Unit.UnitTestAdapter" className="UnitTests.iCore.Component.Core.ManagedScriptObjects.XmlObjects.ManagedXmlAttributeCollectionObjectTests" name="AddItem_UsesRuntime_Success" />
    </UnitTest>
    <UnitTest name="AddItem_RuntimeThrows_ReturnsFailed" storage="f:\etwork\bin\tests\unittests.icore.component.core.dll" id="0b594340-8253-4bad-5be0-c9284ab03669">
      <Execution id="e8650b7a-dd14-4836-90dd-2744739d43f5" />
      <TestMethod codeBase="F:\ETWork\bin\Tests\UnitTests.iCore.Component.Core.dll" adapterTypeName="Microsoft.VisualStudio.TestTools.TestTypes.Unit.UnitTestAdapter" className="UnitTests.iCore.Component.Core.ManagedScriptObjects.XmlObjects.ManagedXmlAttributeCollectionObjectTests" name="AddItem_RuntimeThrows_ReturnsFailed" />
    </UnitTest>
    <UnitTest name="AddItem_NotInitialized_Throws" storage="f:\etwork\bin\tests\unittests.icore.component.core.dll" id="49e6090d-7846-0fb3-403b-0776dd283d36">
      <Execution id="e8bc3d71-d70c-40a1-9e05-9aae96cbcff6" />
      <TestMethod codeBase="F:\ETWork\bin\Tests\UnitTests.iCore.Component.Core.dll" adapterTypeName="Microsoft.VisualStudio.TestTools.TestTypes.Unit.UnitTestAdapter" className="UnitTests.iCore.Component.Core.ManagedScriptObjects.XmlObjects.ManagedXmlAttributeCollectionObjectTests" name="AddItem_NotInitialized_Throws" />
    </UnitTest>
    <UnitTest name="Clear_UsesRuntime_Success" storage="f:\etwork\bin\tests\unittests.icore.component.core.dll" id="7fc92868-a216-aa9b-93a6-e849a1ee550c">
      <Execution id="5135301a-0e34-4581-a133-43f627eeb633" />
      <TestMethod codeBase="F:\ETWork\bin\Tests\UnitTests.iCore.Component.Core.dll" adapterTypeName="Microsoft.VisualStudio.TestTools.TestTypes.Unit.UnitTestAdapter" className="UnitTests.iCore.Component.Core.ManagedScriptObjects.XmlObjects.ManagedXmlAttributeCollectionObjectTests" name="Clear_UsesRuntime_Success" />
    </UnitTest>
    <UnitTest name="Clear_RuntimeThrows_ReturnsFailed" storage="f:\etwork\bin\tests\unittests.icore.component.core.dll" id="bc0a16cf-499b-3dfc-b4da-5f12be581c28">
      <Execution id="4457af9f-b2c4-4d84-a042-8b436ccbd209" />
      <TestMethod codeBase="F:\ETWork\bin\Tests\UnitTests.iCore.Component.Core.dll" adapterTypeName="Microsoft.VisualStudio.TestTools.TestTypes.Unit.UnitTestAdapter" className="UnitTests.iCore.Component.Core.ManagedScriptObjects.XmlObjects.ManagedXmlAttributeCollectionObjectTests" name="Clear_RuntimeThrows_ReturnsFailed" />
    </UnitTest>
    <UnitTest name="Clear_NotInitialized_Throws" storage="f:\etwork\bin\tests\unittests.icore.component.core.dll" id="8bd25a80-67e5-dd23-3354-ad43ebe0562b">
      <Execution id="3b6a34db-8907-467e-a891-9be247da0175" />
      <TestMethod codeBase="F:\ETWork\bin\Tests\UnitTests.iCore.Component.Core.dll" adapterTypeName="Microsoft.VisualStudio.TestTools.TestTypes.Unit.UnitTestAdapter" className="UnitTests.iCore.Component.Core.ManagedScriptObjects.XmlObjects.ManagedXmlAttributeCollectionObjectTests" name="Clear_NotInitialized_Throws" />
    </UnitTest>
    <UnitTest name="Open_UsesRuntime_Success" storage="f:\etwork\bin\tests\unittests.icore.component.core.dll" id="048c5b6c-5283-45fc-8cf9-8409dfa10512">
      <Execution id="a97d349e-76c3-4074-b254-2ea551aa9ebe" />
      <TestMethod codeBase="F:\ETWork\bin\Tests\UnitTests.iCore.Component.Core.dll" adapterTypeName="Microsoft.VisualStudio.TestTools.TestTypes.Unit.UnitTestAdapter" className="UnitTests.iCore.Component.Core.ManagedScriptObjects.XmlObjects.ManagedXmlDocumentObject_IEXMLDOMDocumentObject_Tests" name="Open_UsesRuntime_Success" />
    </UnitTest>
    <UnitTest name="Open_RuntimeThrows_ReturnsFailed" storage="f:\etwork\bin\tests\unittests.icore.component.core.dll" id="a045e8e7-cc0e-8b7e-da0e-70acc3704a34">
      <Execution id="fa0d75aa-1666-430b-815b-df80e091a73f" />
      <TestMethod codeBase="F:\ETWork\bin\Tests\UnitTests.iCore.Component.Core.dll" adapterTypeName="Microsoft.VisualStudio.TestTools.TestTypes.Unit.UnitTestAdapter" className="UnitTests.iCore.Component.Core.ManagedScriptObjects.XmlObjects.ManagedXmlDocumentObject_IEXMLDOMDocumentObject_Tests" name="Open_RuntimeThrows_ReturnsFailed" />
    </UnitTest>
    <UnitTest name="Open_NotInitialized_Throws" storage="f:\etwork\bin\tests\unittests.icore.component.core.dll" id="ff9cb693-6721-1896-13cf-d7a4881c2d50">
      <Execution id="ae24244e-0cf0-4130-a83f-ca46df80e02c" />
      <TestMethod codeBase="F:\ETWork\bin\Tests\UnitTests.iCore.Component.Core.dll" adapterTypeName="Microsoft.VisualStudio.TestTools.TestTypes.Unit.UnitTestAdapter" className="UnitTests.iCore.Component.Core.ManagedScriptObjects.XmlObjects.ManagedXmlDocumentObject_IEXMLDOMDocumentObject_Tests" name="Open_NotInitialized_Throws" />
    </UnitTest>
    <UnitTest name="Save_UsesRuntime_Success" storage="f:\etwork\bin\tests\unittests.icore.component.core.dll" id="2f479540-d017-64be-56f1-03decd0e6268">
      <Execution id="fb6a9847-814e-462b-a7ea-a2bb8a92c489" />
      <TestMethod codeBase="F:\ETWork\bin\Tests\UnitTests.iCore.Component.Core.dll" adapterTypeName="Microsoft.VisualStudio.TestTools.TestTypes.Unit.UnitTestAdapter" className="UnitTests.iCore.Component.Core.ManagedScriptObjects.XmlObjects.ManagedXmlDocumentObject_IEXMLDOMDocumentObject_Tests" name="Save_UsesRuntime_Success" />
    </UnitTest>
    <UnitTest name="Save_RuntimeThrows_ReturnsFailed" storage="f:\etwork\bin\tests\unittests.icore.component.core.dll" id="4ed47952-165b-5063-d76b-567c4ffc1bcc">
      <Execution id="b9a5ce29-b229-461e-9ea2-0d56e8abfc62" />
      <TestMethod codeBase="F:\ETWork\bin\Tests\UnitTests.iCore.Component.Core.dll" adapterTypeName="Microsoft.VisualStudio.TestTools.TestTypes.Unit.UnitTestAdapter" className="UnitTests.iCore.Component.Core.ManagedScriptObjects.XmlObjects.ManagedXmlDocumentObject_IEXMLDOMDocumentObject_Tests" name="Save_RuntimeThrows_ReturnsFailed" />
    </UnitTest>
    <UnitTest name="Save_NotInitialized_Throws" storage="f:\etwork\bin\tests\unittests.icore.component.core.dll" id="0f946f83-5b04-0425-858a-c16aedd87c0b">
      <Execution id="1bb1f9e3-2eb6-4031-967e-414d0e960ae7" />
      <TestMethod codeBase="F:\ETWork\bin\Tests\UnitTests.iCore.Component.Core.dll" adapterTypeName="Microsoft.VisualStudio.TestTools.TestTypes.Unit.UnitTestAdapter" className="UnitTests.iCore.Component.Core.ManagedScriptObjects.XmlObjects.ManagedXmlDocumentObject_IEXMLDOMDocumentObject_Tests" name="Save_NotInitialized_Throws" />
    </UnitTest>
    <UnitTest name="XSLTTransform_UsesRuntime_Success" storage="f:\etwork\bin\tests\unittests.icore.component.core.dll" id="101d17a3-8c5a-14b5-ce24-bc0a3c30d832">
      <Execution id="036244bb-65c5-4ae6-8b85-ef49ce48182a" />
      <TestMethod codeBase="F:\ETWork\bin\Tests\UnitTests.iCore.Component.Core.dll" adapterTypeName="Microsoft.VisualStudio.TestTools.TestTypes.Unit.UnitTestAdapter" className="UnitTests.iCore.Component.Core.ManagedScriptObjects.XmlObjects.ManagedXmlDocumentObject_IEXMLDOMDocumentObject_Tests" name="XSLTTransform_UsesRuntime_Success" />
    </UnitTest>
    <UnitTest name="XSLTTransform_RuntimeThrows_ReturnsFailed" storage="f:\etwork\bin\tests\unittests.icore.component.core.dll" id="db115f97-25d7-6aa6-58d2-9692b243bace">
      <Execution id="edd1ae85-9995-43c4-8458-ed86c216a24b" />
      <TestMethod codeBase="F:\ETWork\bin\Tests\UnitTests.iCore.Component.Core.dll" adapterTypeName="Microsoft.VisualStudio.TestTools.TestTypes.Unit.UnitTestAdapter" className="UnitTests.iCore.Component.Core.ManagedScriptObjects.XmlObjects.ManagedXmlDocumentObject_IEXMLDOMDocumentObject_Tests" name="XSLTTransform_RuntimeThrows_ReturnsFailed" />
    </UnitTest>
    <UnitTest name="XSLTTransform_NotInitialized_Throws" storage="f:\etwork\bin\tests\unittests.icore.component.core.dll" id="63f47279-ab02-e168-c2cd-21811a50907f">
      <Execution id="86e00b37-e67c-4340-973e-921449ec97b1" />
      <TestMethod codeBase="F:\ETWork\bin\Tests\UnitTests.iCore.Component.Core.dll" adapterTypeName="Microsoft.VisualStudio.TestTools.TestTypes.Unit.UnitTestAdapter" className="UnitTests.iCore.Component.Core.ManagedScriptObjects.XmlObjects.ManagedXmlDocumentObject_IEXMLDOMDocumentObject_Tests" name="XSLTTransform_NotInitialized_Throws" />
    </UnitTest>
    <UnitTest name="AddSchema_UsesRuntime_Success" storage="f:\etwork\bin\tests\unittests.icore.component.core.dll" id="1a5f842b-7955-f9c5-f654-08cd5fadd58f">
      <Execution id="4ff4ccf6-d88a-4422-bff0-755e0ed8483d" />
      <TestMethod codeBase="F:\ETWork\bin\Tests\UnitTests.iCore.Component.Core.dll" adapterTypeName="Microsoft.VisualStudio.TestTools.TestTypes.Unit.UnitTestAdapter" className="UnitTests.iCore.Component.Core.ManagedScriptObjects.XmlObjects.ManagedXmlDocumentObject_IEXMLDOMDocumentObject_Tests" name="AddSchema_UsesRuntime_Success" />
    </UnitTest>
    <UnitTest name="AddSchema_RuntimeThrows_ReturnsFailed" storage="f:\etwork\bin\tests\unittests.icore.component.core.dll" id="5141ce10-2b68-82d5-6c52-3cdbc1d6da7f">
      <Execution id="0bd1b6d4-cd8e-4e9a-b5a4-66d232f7f72a" />
      <TestMethod codeBase="F:\ETWork\bin\Tests\UnitTests.iCore.Component.Core.dll" adapterTypeName="Microsoft.VisualStudio.TestTools.TestTypes.Unit.UnitTestAdapter" className="UnitTests.iCore.Component.Core.ManagedScriptObjects.XmlObjects.ManagedXmlDocumentObject_IEXMLDOMDocumentObject_Tests" name="AddSchema_RuntimeThrows_ReturnsFailed" />
    </UnitTest>
    <UnitTest name="AddSchema_SchemaXMLDoc_NoSchema_ReturnsFailed" storage="f:\etwork\bin\tests\unittests.icore.component.core.dll" id="e28fe37c-7125-cd95-ba77-2d7a8f752415">
      <Execution id="02aff1eb-84a8-40b2-bab8-38b6fea0f770" />
      <TestMethod codeBase="F:\ETWork\bin\Tests\UnitTests.iCore.Component.Core.dll" adapterTypeName="Microsoft.VisualStudio.TestTools.TestTypes.Unit.UnitTestAdapter" className="UnitTests.iCore.Component.Core.ManagedScriptObjects.XmlObjects.ManagedXmlDocumentObject_IEXMLDOMDocumentObject_Tests" name="AddSchema_SchemaXMLDoc_NoSchema_ReturnsFailed" />
    </UnitTest>
    <UnitTest name="AddSchema_NotInitialized_Throws" storage="f:\etwork\bin\tests\unittests.icore.component.core.dll" id="09464ae5-edcb-0fb7-76f4-1bab5a16d848">
      <Execution id="7cfcd440-b1fb-4c6f-89e0-2143a882ea09" />
      <TestMethod codeBase="F:\ETWork\bin\Tests\UnitTests.iCore.Component.Core.dll" adapterTypeName="Microsoft.VisualStudio.TestTools.TestTypes.Unit.UnitTestAdapter" className="UnitTests.iCore.Component.Core.ManagedScriptObjects.XmlObjects.ManagedXmlDocumentObject_IEXMLDOMDocumentObject_Tests" name="AddSchema_NotInitialized_Throws" />
    </UnitTest>
    <UnitTest name="Validate_UsesRuntime_Success" storage="f:\etwork\bin\tests\unittests.icore.component.core.dll" id="5ba5fdfb-4498-262e-8d05-9cdcbe6f9f45">
      <Execution id="a11ed0ef-0ae2-4b88-b1dd-eaf22ff24349" />
      <TestMethod codeBase="F:\ETWork\bin\Tests\UnitTests.iCore.Component.Core.dll" adapterTypeName="Microsoft.VisualStudio.TestTools.TestTypes.Unit.UnitTestAdapter" className="UnitTests.iCore.Component.Core.ManagedScriptObjects.XmlObjects.ManagedXmlDocumentObject_IEXMLDOMDocumentObject_Tests" name="Validate_UsesRuntime_Success" />
    </UnitTest>
    <UnitTest name="Validate_RuntimeThrows_ReturnsFailed" storage="f:\etwork\bin\tests\unittests.icore.component.core.dll" id="fd23578d-7a10-5662-ed32-e8279f3b397c">
      <Execution id="50771c1f-1d6f-4b7d-8e5f-782360099d7d" />
      <TestMethod codeBase="F:\ETWork\bin\Tests\UnitTests.iCore.Component.Core.dll" adapterTypeName="Microsoft.VisualStudio.TestTools.TestTypes.Unit.UnitTestAdapter" className="UnitTests.iCore.Component.Core.ManagedScriptObjects.XmlObjects.ManagedXmlDocumentObject_IEXMLDOMDocumentObject_Tests" name="Validate_RuntimeThrows_ReturnsFailed" />
    </UnitTest>
    <UnitTest name="Validate_NotInitialized_Throws" storage="f:\etwork\bin\tests\unittests.icore.component.core.dll" id="758b353c-e8f8-e6d5-9c8c-7f3d51d3d723">
      <Execution id="813e8557-9ac6-4721-8b54-b5723701afc0" />
      <TestMethod codeBase="F:\ETWork\bin\Tests\UnitTests.iCore.Component.Core.dll" adapterTypeName="Microsoft.VisualStudio.TestTools.TestTypes.Unit.UnitTestAdapter" className="UnitTests.iCore.Component.Core.ManagedScriptObjects.XmlObjects.ManagedXmlDocumentObject_IEXMLDOMDocumentObject_Tests" name="Validate_NotInitialized_Throws" />
    </UnitTest>
    <UnitTest name="CreateXMLNode_UsesRuntime_Success" storage="f:\etwork\bin\tests\unittests.icore.component.core.dll" id="23588fde-7f3b-adf0-3f42-a9a47891f183">
      <Execution id="68259f73-20a8-4d6b-9303-5454309085bd" />
      <TestMethod codeBase="F:\ETWork\bin\Tests\UnitTests.iCore.Component.Core.dll" adapterTypeName="Microsoft.VisualStudio.TestTools.TestTypes.Unit.UnitTestAdapter" className="UnitTests.iCore.Component.Core.ManagedScriptObjects.XmlObjects.ManagedXmlDocumentObject_IEXMLDOMDocumentObject_Tests" name="CreateXMLNode_UsesRuntime_Success" />
    </UnitTest>
    <UnitTest name="CreateXMLNode_RuntimeThrows_ReturnsFailed" storage="f:\etwork\bin\tests\unittests.icore.component.core.dll" id="139c08fe-46c9-123e-bd7e-5ed2f570b2c8">
      <Execution id="c0fb96d5-74f6-497d-b04d-767eb6ed9f05" />
      <TestMethod codeBase="F:\ETWork\bin\Tests\UnitTests.iCore.Component.Core.dll" adapterTypeName="Microsoft.VisualStudio.TestTools.TestTypes.Unit.UnitTestAdapter" className="UnitTests.iCore.Component.Core.ManagedScriptObjects.XmlObjects.ManagedXmlDocumentObject_IEXMLDOMDocumentObject_Tests" name="CreateXMLNode_RuntimeThrows_ReturnsFailed" />
    </UnitTest>
    <UnitTest name="CreateXMLNode_NotInitialized_Throws" storage="f:\etwork\bin\tests\unittests.icore.component.core.dll" id="33928bc1-f76c-fd6e-f752-f1516b5b30de">
      <Execution id="a93719f1-ca97-44aa-ad36-ecac09fb172d" />
      <TestMethod codeBase="F:\ETWork\bin\Tests\UnitTests.iCore.Component.Core.dll" adapterTypeName="Microsoft.VisualStudio.TestTools.TestTypes.Unit.UnitTestAdapter" className="UnitTests.iCore.Component.Core.ManagedScriptObjects.XmlObjects.ManagedXmlDocumentObject_IEXMLDOMDocumentObject_Tests" name="CreateXMLNode_NotInitialized_Throws" />
    </UnitTest>
    <UnitTest name="SelectXMLNodes_UsesRuntime_Success" storage="f:\etwork\bin\tests\unittests.icore.component.core.dll" id="18d9a991-6406-0502-05c3-ff76584b7243">
      <Execution id="c0b99c60-f799-4463-933e-a792ac0807fa" />
      <TestMethod codeBase="F:\ETWork\bin\Tests\UnitTests.iCore.Component.Core.dll" adapterTypeName="Microsoft.VisualStudio.TestTools.TestTypes.Unit.UnitTestAdapter" className="UnitTests.iCore.Component.Core.ManagedScriptObjects.XmlObjects.ManagedXmlDocumentObject_IEXMLDOMDocumentObject_Tests" name="SelectXMLNodes_UsesRuntime_Success" />
    </UnitTest>
    <UnitTest name="SelectXMLNodes_RuntimeThrows_ReturnsFailed" storage="f:\etwork\bin\tests\unittests.icore.component.core.dll" id="e54f1b8e-34d5-de56-3c23-778c7e489f97">
      <Execution id="877e0ac5-09c7-4f37-860a-e023c9e15b38" />
      <TestMethod codeBase="F:\ETWork\bin\Tests\UnitTests.iCore.Component.Core.dll" adapterTypeName="Microsoft.VisualStudio.TestTools.TestTypes.Unit.UnitTestAdapter" className="UnitTests.iCore.Component.Core.ManagedScriptObjects.XmlObjects.ManagedXmlDocumentObject_IEXMLDOMDocumentObject_Tests" name="SelectXMLNodes_RuntimeThrows_ReturnsFailed" />
    </UnitTest>
    <UnitTest name="SelectXMLNodes_NotInitialized_Throws" storage="f:\etwork\bin\tests\unittests.icore.component.core.dll" id="d9e286f6-0cd4-55ce-9dd8-4094ad54e824">
      <Execution id="5d5b817d-5d83-49ae-8ebf-3710545193c4" />
      <TestMethod codeBase="F:\ETWork\bin\Tests\UnitTests.iCore.Component.Core.dll" adapterTypeName="Microsoft.VisualStudio.TestTools.TestTypes.Unit.UnitTestAdapter" className="UnitTests.iCore.Component.Core.ManagedScriptObjects.XmlObjects.ManagedXmlDocumentObject_IEXMLDOMDocumentObject_Tests" name="SelectXMLNodes_NotInitialized_Throws" />
    </UnitTest>
    <UnitTest name="SelectSingleXMLNode_UsesRuntime_Success" storage="f:\etwork\bin\tests\unittests.icore.component.core.dll" id="8bc5b6a9-81fb-c403-17e6-e7469de2c3f3">
      <Execution id="c1e73f09-3d69-45fb-aa45-9e3aa00b34b8" />
      <TestMethod codeBase="F:\ETWork\bin\Tests\UnitTests.iCore.Component.Core.dll" adapterTypeName="Microsoft.VisualStudio.TestTools.TestTypes.Unit.UnitTestAdapter" className="UnitTests.iCore.Component.Core.ManagedScriptObjects.XmlObjects.ManagedXmlDocumentObject_IEXMLDOMDocumentObject_Tests" name="SelectSingleXMLNode_UsesRuntime_Success" />
    </UnitTest>
    <UnitTest name="SelectSingleXMLNode_RuntimeThrows_ReturnsFailed" storage="f:\etwork\bin\tests\unittests.icore.component.core.dll" id="a66d8361-ffe9-279a-6d4d-2c527ea414cf">
      <Execution id="35a8e360-c1b2-4d77-9ed3-e371fef393c9" />
      <TestMethod codeBase="F:\ETWork\bin\Tests\UnitTests.iCore.Component.Core.dll" adapterTypeName="Microsoft.VisualStudio.TestTools.TestTypes.Unit.UnitTestAdapter" className="UnitTests.iCore.Component.Core.ManagedScriptObjects.XmlObjects.ManagedXmlDocumentObject_IEXMLDOMDocumentObject_Tests" name="SelectSingleXMLNode_RuntimeThrows_ReturnsFailed" />
    </UnitTest>
    <UnitTest name="SelectSingleXMLNode_NotInitialized_Throws" storage="f:\etwork\bin\tests\unittests.icore.component.core.dll" id="7af87295-239f-5794-9e07-b5a87fc35b1c">
      <Execution id="491c2bbb-665e-4bc4-a501-a7267ce0c591" />
      <TestMethod codeBase="F:\ETWork\bin\Tests\UnitTests.iCore.Component.Core.dll" adapterTypeName="Microsoft.VisualStudio.TestTools.TestTypes.Unit.UnitTestAdapter" className="UnitTests.iCore.Component.Core.ManagedScriptObjects.XmlObjects.ManagedXmlDocumentObject_IEXMLDOMDocumentObject_Tests" name="SelectSingleXMLNode_NotInitialized_Throws" />
    </UnitTest>
    <UnitTest name="AddChild_UsesRuntime_Success" storage="f:\etwork\bin\tests\unittests.icore.component.core.dll" id="59fd3018-76ca-3fc4-f850-7db1153589ec">
      <Execution id="6cd0ade5-0277-42b9-9573-553dfae8d3a8" />
      <TestMethod codeBase="F:\ETWork\bin\Tests\UnitTests.iCore.Component.Core.dll" adapterTypeName="Microsoft.VisualStudio.TestTools.TestTypes.Unit.UnitTestAdapter" className="UnitTests.iCore.Component.Core.ManagedScriptObjects.XmlObjects.ManagedXmlDocumentObject_IEXMLDOMDocumentObject_Tests" name="AddChild_UsesRuntime_Success" />
    </UnitTest>
    <UnitTest name="AddChild_IndexDependsOnPositionType_Success" storage="f:\etwork\bin\tests\unittests.icore.component.core.dll" id="4c212e0d-3956-518d-a662-5346af73de4d">
      <Execution id="77d9fd2c-1eca-4e69-9fff-8f98db622a89" />
      <TestMethod codeBase="F:\ETWork\bin\Tests\UnitTests.iCore.Component.Core.dll" adapterTypeName="Microsoft.VisualStudio.TestTools.TestTypes.Unit.UnitTestAdapter" className="UnitTests.iCore.Component.Core.ManagedScriptObjects.XmlObjects.ManagedXmlDocumentObject_IEXMLDOMDocumentObject_Tests" name="AddChild_IndexDependsOnPositionType_Success" />
    </UnitTest>
    <UnitTest name="AddChild_NotInitialized_Throws" storage="f:\etwork\bin\tests\unittests.icore.component.core.dll" id="92c7175d-0ea0-9a5c-0e99-e0af0174be42">
      <Execution id="ff577525-6e34-4a32-a5cf-7d6cd128409a" />
      <TestMethod codeBase="F:\ETWork\bin\Tests\UnitTests.iCore.Component.Core.dll" adapterTypeName="Microsoft.VisualStudio.TestTools.TestTypes.Unit.UnitTestAdapter" className="UnitTests.iCore.Component.Core.ManagedScriptObjects.XmlObjects.ManagedXmlDocumentObject_IEXMLDOMDocumentObject_Tests" name="AddChild_NotInitialized_Throws" />
    </UnitTest>
    <UnitTest name="AddChild_RuntimeThrows_ReturnsFailed" storage="f:\etwork\bin\tests\unittests.icore.component.core.dll" id="e671ab27-7146-07a7-b8c9-c0d2344a81e5">
      <Execution id="9cd01cbc-ab73-4433-a547-e052c784ff3f" />
      <TestMethod codeBase="F:\ETWork\bin\Tests\UnitTests.iCore.Component.Core.dll" adapterTypeName="Microsoft.VisualStudio.TestTools.TestTypes.Unit.UnitTestAdapter" className="UnitTests.iCore.Component.Core.ManagedScriptObjects.XmlObjects.ManagedXmlDocumentObject_IEXMLDOMDocumentObject_Tests" name="AddChild_RuntimeThrows_ReturnsFailed" />
    </UnitTest>
    <UnitTest name="get_DocumentElement_UsesRuntime_Success" storage="f:\etwork\bin\tests\unittests.icore.component.core.dll" id="807b965e-6d32-7b15-039a-e79646b73e6d">
      <Execution id="6348d42e-0331-4e7d-8e20-378833f3f33c" />
      <TestMethod codeBase="F:\ETWork\bin\Tests\UnitTests.iCore.Component.Core.dll" adapterTypeName="Microsoft.VisualStudio.TestTools.TestTypes.Unit.UnitTestAdapter" className="UnitTests.iCore.Component.Core.ManagedScriptObjects.XmlObjects.ManagedXmlDocumentObject_IEXMLDOMDocumentObject_Tests" name="get_DocumentElement_UsesRuntime_Success" />
    </UnitTest>
    <UnitTest name="get_DocumentElement_RuntimeThrows_ReturnsFailed" storage="f:\etwork\bin\tests\unittests.icore.component.core.dll" id="87a8d3d0-2efd-1e2c-9cee-fc20e585cfdc">
      <Execution id="314e99a3-ab9c-49c7-8daa-b612a4dfeb01" />
      <TestMethod codeBase="F:\ETWork\bin\Tests\UnitTests.iCore.Component.Core.dll" adapterTypeName="Microsoft.VisualStudio.TestTools.TestTypes.Unit.UnitTestAdapter" className="UnitTests.iCore.Component.Core.ManagedScriptObjects.XmlObjects.ManagedXmlDocumentObject_IEXMLDOMDocumentObject_Tests" name="get_DocumentElement_RuntimeThrows_ReturnsFailed" />
    </UnitTest>
    <UnitTest name="get_DocumentElement_NotInitialized_Throws" storage="f:\etwork\bin\tests\unittests.icore.component.core.dll" id="e782cd79-68d4-445e-6c23-980fff903532">
      <Execution id="f953b40d-a109-47a9-817e-ca8c06103c80" />
      <TestMethod codeBase="F:\ETWork\bin\Tests\UnitTests.iCore.Component.Core.dll" adapterTypeName="Microsoft.VisualStudio.TestTools.TestTypes.Unit.UnitTestAdapter" className="UnitTests.iCore.Component.Core.ManagedScriptObjects.XmlObjects.ManagedXmlDocumentObject_IEXMLDOMDocumentObject_Tests" name="get_DocumentElement_NotInitialized_Throws" />
    </UnitTest>
    <UnitTest name="set_DocumentElement_UsesRuntime_Success" storage="f:\etwork\bin\tests\unittests.icore.component.core.dll" id="dd434261-7618-288b-371d-ace489ef80a2">
      <Execution id="940df28f-2c24-4188-8b63-348e494e580e" />
      <TestMethod codeBase="F:\ETWork\bin\Tests\UnitTests.iCore.Component.Core.dll" adapterTypeName="Microsoft.VisualStudio.TestTools.TestTypes.Unit.UnitTestAdapter" className="UnitTests.iCore.Component.Core.ManagedScriptObjects.XmlObjects.ManagedXmlDocumentObject_IEXMLDOMDocumentObject_Tests" name="set_DocumentElement_UsesRuntime_Success" />
    </UnitTest>
    <UnitTest name="set_DocumentElement_RuntimeThrows_ReturnsFailed" storage="f:\etwork\bin\tests\unittests.icore.component.core.dll" id="4126628b-7a2a-b453-69cc-6d97ae449b3b">
      <Execution id="96f5d55f-4f04-4b6d-801e-06fd9c9b7c52" />
      <TestMethod codeBase="F:\ETWork\bin\Tests\UnitTests.iCore.Component.Core.dll" adapterTypeName="Microsoft.VisualStudio.TestTools.TestTypes.Unit.UnitTestAdapter" className="UnitTests.iCore.Component.Core.ManagedScriptObjects.XmlObjects.ManagedXmlDocumentObject_IEXMLDOMDocumentObject_Tests" name="set_DocumentElement_RuntimeThrows_ReturnsFailed" />
    </UnitTest>
    <UnitTest name="set_DocumentElement_NotInitialized_Throws" storage="f:\etwork\bin\tests\unittests.icore.component.core.dll" id="3dfee63a-b2bc-ba0a-d64f-cb18ae0fe1e2">
      <Execution id="81eaea46-216c-43dd-a85e-243ef4a7d277" />
      <TestMethod codeBase="F:\ETWork\bin\Tests\UnitTests.iCore.Component.Core.dll" adapterTypeName="Microsoft.VisualStudio.TestTools.TestTypes.Unit.UnitTestAdapter" className="UnitTests.iCore.Component.Core.ManagedScriptObjects.XmlObjects.ManagedXmlDocumentObject_IEXMLDOMDocumentObject_Tests" name="set_DocumentElement_NotInitialized_Throws" />
    </UnitTest>
    <UnitTest name="Clear_UsesRuntime_Success" storage="f:\etwork\bin\tests\unittests.icore.component.core.dll" id="819af280-55bd-44c3-790e-85790f44602b">
      <Execution id="3bea4f66-d0ce-4303-938b-165aaada2278" />
      <TestMethod codeBase="F:\ETWork\bin\Tests\UnitTests.iCore.Component.Core.dll" adapterTypeName="Microsoft.VisualStudio.TestTools.TestTypes.Unit.UnitTestAdapter" className="UnitTests.iCore.Component.Core.ManagedScriptObjects.XmlObjects.ManagedXmlDocumentObject_IEXMLDOMDocumentObject_Tests" name="Clear_UsesRuntime_Success" />
    </UnitTest>
    <UnitTest name="Clear_RuntimeThrows_ReturnsFailed" storage="f:\etwork\bin\tests\unittests.icore.component.core.dll" id="ae5029c0-e7a3-57a0-deee-ba2ffa464da1">
      <Execution id="a4b5bf11-1701-4054-8295-14f9fd975bde" />
      <TestMethod codeBase="F:\ETWork\bin\Tests\UnitTests.iCore.Component.Core.dll" adapterTypeName="Microsoft.VisualStudio.TestTools.TestTypes.Unit.UnitTestAdapter" className="UnitTests.iCore.Component.Core.ManagedScriptObjects.XmlObjects.ManagedXmlDocumentObject_IEXMLDOMDocumentObject_Tests" name="Clear_RuntimeThrows_ReturnsFailed" />
    </UnitTest>
    <UnitTest name="Clear_NotInitialized_Throws" storage="f:\etwork\bin\tests\unittests.icore.component.core.dll" id="ee8be453-c948-2bbc-7d92-650c21b2cad5">
      <Execution id="9666da47-86ae-4dfc-8d37-3ef90822a642" />
      <TestMethod codeBase="F:\ETWork\bin\Tests\UnitTests.iCore.Component.Core.dll" adapterTypeName="Microsoft.VisualStudio.TestTools.TestTypes.Unit.UnitTestAdapter" className="UnitTests.iCore.Component.Core.ManagedScriptObjects.XmlObjects.ManagedXmlDocumentObject_IEXMLDOMDocumentObject_Tests" name="Clear_NotInitialized_Throws" />
    </UnitTest>
    <UnitTest name="set_ValidateOnLoad_UsesRuntime_Success" storage="f:\etwork\bin\tests\unittests.icore.component.core.dll" id="98b14e63-b218-2524-45ef-d0c3dede4cf8">
      <Execution id="61c69c84-0f71-49bc-9cf9-f7e3dc6a3e40" />
      <TestMethod codeBase="F:\ETWork\bin\Tests\UnitTests.iCore.Component.Core.dll" adapterTypeName="Microsoft.VisualStudio.TestTools.TestTypes.Unit.UnitTestAdapter" className="UnitTests.iCore.Component.Core.ManagedScriptObjects.XmlObjects.ManagedXmlDocumentObject_IEXMLDOMDocumentObject_Tests" name="set_ValidateOnLoad_UsesRuntime_Success" />
    </UnitTest>
    <UnitTest name="set_ValidateOnLoad_RuntimeThrows_ReturnsFailed" storage="f:\etwork\bin\tests\unittests.icore.component.core.dll" id="b711e8ec-4f2a-4527-2dcc-173392ed0208">
      <Execution id="218918dc-67fe-4a6a-a7f2-6c68d972da67" />
      <TestMethod codeBase="F:\ETWork\bin\Tests\UnitTests.iCore.Component.Core.dll" adapterTypeName="Microsoft.VisualStudio.TestTools.TestTypes.Unit.UnitTestAdapter" className="UnitTests.iCore.Component.Core.ManagedScriptObjects.XmlObjects.ManagedXmlDocumentObject_IEXMLDOMDocumentObject_Tests" name="set_ValidateOnLoad_RuntimeThrows_ReturnsFailed" />
    </UnitTest>
    <UnitTest name="set_ValidateOnLoad_NotInitialized_Throws" storage="f:\etwork\bin\tests\unittests.icore.component.core.dll" id="35f2c43b-21de-ba93-51d0-2fa33e89cd8c">
      <Execution id="66f2f78f-cd09-4c38-867d-271b13539dae" />
      <TestMethod codeBase="F:\ETWork\bin\Tests\UnitTests.iCore.Component.Core.dll" adapterTypeName="Microsoft.VisualStudio.TestTools.TestTypes.Unit.UnitTestAdapter" className="UnitTests.iCore.Component.Core.ManagedScriptObjects.XmlObjects.ManagedXmlDocumentObject_IEXMLDOMDocumentObject_Tests" name="set_ValidateOnLoad_NotInitialized_Throws" />
    </UnitTest>
    <UnitTest name="get_ValidateOnLoad_UsesRuntime_Success" storage="f:\etwork\bin\tests\unittests.icore.component.core.dll" id="9b14a3c0-2612-181c-8976-cc9dc12a11b7">
      <Execution id="89caeeb6-ded0-472b-84ef-e47c03815afa" />
      <TestMethod codeBase="F:\ETWork\bin\Tests\UnitTests.iCore.Component.Core.dll" adapterTypeName="Microsoft.VisualStudio.TestTools.TestTypes.Unit.UnitTestAdapter" className="UnitTests.iCore.Component.Core.ManagedScriptObjects.XmlObjects.ManagedXmlDocumentObject_IEXMLDOMDocumentObject_Tests" name="get_ValidateOnLoad_UsesRuntime_Success" />
    </UnitTest>
    <UnitTest name="get_ValidateOnLoad_RuntimeThrows_ReturnsFailed" storage="f:\etwork\bin\tests\unittests.icore.component.core.dll" id="d0840b1a-2b93-236c-d341-ad9816b8d6c7">
      <Execution id="f487a986-ca80-431f-bf7d-48c2efdfd3dc" />
      <TestMethod codeBase="F:\ETWork\bin\Tests\UnitTests.iCore.Component.Core.dll" adapterTypeName="Microsoft.VisualStudio.TestTools.TestTypes.Unit.UnitTestAdapter" className="UnitTests.iCore.Component.Core.ManagedScriptObjects.XmlObjects.ManagedXmlDocumentObject_IEXMLDOMDocumentObject_Tests" name="get_ValidateOnLoad_RuntimeThrows_ReturnsFailed" />
    </UnitTest>
    <UnitTest name="get_ValidateOnLoad_NotInitialized_Throws" storage="f:\etwork\bin\tests\unittests.icore.component.core.dll" id="7e61dffe-9ba6-ded5-9492-ce7228f25c34">
      <Execution id="80aad437-49cf-4213-89c8-6dc05cfa9d2e" />
      <TestMethod codeBase="F:\ETWork\bin\Tests\UnitTests.iCore.Component.Core.dll" adapterTypeName="Microsoft.VisualStudio.TestTools.TestTypes.Unit.UnitTestAdapter" className="UnitTests.iCore.Component.Core.ManagedScriptObjects.XmlObjects.ManagedXmlDocumentObject_IEXMLDOMDocumentObject_Tests" name="get_ValidateOnLoad_NotInitialized_Throws" />
    </UnitTest>
    <UnitTest name="set_UseInlineSchema_UsesRuntime_Success" storage="f:\etwork\bin\tests\unittests.icore.component.core.dll" id="b0259b8c-3008-0420-35af-a817d0259cee">
      <Execution id="acdd4af6-6da3-4aaf-a707-ae4e9b9ba339" />
      <TestMethod codeBase="F:\ETWork\bin\Tests\UnitTests.iCore.Component.Core.dll" adapterTypeName="Microsoft.VisualStudio.TestTools.TestTypes.Unit.UnitTestAdapter" className="UnitTests.iCore.Component.Core.ManagedScriptObjects.XmlObjects.ManagedXmlDocumentObject_IEXMLDOMDocumentObject_Tests" name="set_UseInlineSchema_UsesRuntime_Success" />
    </UnitTest>
    <UnitTest name="set_UseInlineSchema_RuntimeThrows_ReturnsFailed" storage="f:\etwork\bin\tests\unittests.icore.component.core.dll" id="8c62e7a4-54c4-7dae-516f-53acd6f7c98d">
      <Execution id="908f3820-7306-4434-b627-aaab445d9458" />
      <TestMethod codeBase="F:\ETWork\bin\Tests\UnitTests.iCore.Component.Core.dll" adapterTypeName="Microsoft.VisualStudio.TestTools.TestTypes.Unit.UnitTestAdapter" className="UnitTests.iCore.Component.Core.ManagedScriptObjects.XmlObjects.ManagedXmlDocumentObject_IEXMLDOMDocumentObject_Tests" name="set_UseInlineSchema_RuntimeThrows_ReturnsFailed" />
    </UnitTest>
    <UnitTest name="set_UseInlineSchema_NotInitialized_Throws" storage="f:\etwork\bin\tests\unittests.icore.component.core.dll" id="92092aff-71ac-37ae-503a-cdc0f78876b1">
      <Execution id="8fdd697d-7a4f-4a40-ae1c-ac2775a112cb" />
      <TestMethod codeBase="F:\ETWork\bin\Tests\UnitTests.iCore.Component.Core.dll" adapterTypeName="Microsoft.VisualStudio.TestTools.TestTypes.Unit.UnitTestAdapter" className="UnitTests.iCore.Component.Core.ManagedScriptObjects.XmlObjects.ManagedXmlDocumentObject_IEXMLDOMDocumentObject_Tests" name="set_UseInlineSchema_NotInitialized_Throws" />
    </UnitTest>
    <UnitTest name="get_UseInlineSchema_UsesRuntime_Success" storage="f:\etwork\bin\tests\unittests.icore.component.core.dll" id="5e3a5a43-c0cd-0608-fed7-178862b8df3f">
      <Execution id="9381620e-2fbb-4b96-ad2a-01712226fba3" />
      <TestMethod codeBase="F:\ETWork\bin\Tests\UnitTests.iCore.Component.Core.dll" adapterTypeName="Microsoft.VisualStudio.TestTools.TestTypes.Unit.UnitTestAdapter" className="UnitTests.iCore.Component.Core.ManagedScriptObjects.XmlObjects.ManagedXmlDocumentObject_IEXMLDOMDocumentObject_Tests" name="get_UseInlineSchema_UsesRuntime_Success" />
    </UnitTest>
    <UnitTest name="get_UseInlineSchema_RuntimeThrows_ReturnsFailed" storage="f:\etwork\bin\tests\unittests.icore.component.core.dll" id="77246de6-1173-a93c-5ba0-30d23c10b158">
      <Execution id="d60a6ee2-2119-4c2a-a698-7eee1566124d" />
      <TestMethod codeBase="F:\ETWork\bin\Tests\UnitTests.iCore.Component.Core.dll" adapterTypeName="Microsoft.VisualStudio.TestTools.TestTypes.Unit.UnitTestAdapter" className="UnitTests.iCore.Component.Core.ManagedScriptObjects.XmlObjects.ManagedXmlDocumentObject_IEXMLDOMDocumentObject_Tests" name="get_UseInlineSchema_RuntimeThrows_ReturnsFailed" />
    </UnitTest>
    <UnitTest name="get_UseInlineSchema_NotInitialized_Throws" storage="f:\etwork\bin\tests\unittests.icore.component.core.dll" id="937a5927-5f01-352d-2904-0dc30ef9e962">
      <Execution id="b1f6c774-0538-41ac-b663-27c066ccbd94" />
      <TestMethod codeBase="F:\ETWork\bin\Tests\UnitTests.iCore.Component.Core.dll" adapterTypeName="Microsoft.VisualStudio.TestTools.TestTypes.Unit.UnitTestAdapter" className="UnitTests.iCore.Component.Core.ManagedScriptObjects.XmlObjects.ManagedXmlDocumentObject_IEXMLDOMDocumentObject_Tests" name="get_UseInlineSchema_NotInitialized_Throws" />
    </UnitTest>
    <UnitTest name="set_MultipleErrorMessages_UsesRuntime_Success" storage="f:\etwork\bin\tests\unittests.icore.component.core.dll" id="b6b79ace-0886-5a83-ea1c-05cd953443c0">
      <Execution id="f75684e6-6e56-433a-994f-ef386c07063e" />
      <TestMethod codeBase="F:\ETWork\bin\Tests\UnitTests.iCore.Component.Core.dll" adapterTypeName="Microsoft.VisualStudio.TestTools.TestTypes.Unit.UnitTestAdapter" className="UnitTests.iCore.Component.Core.ManagedScriptObjects.XmlObjects.ManagedXmlDocumentObject_IEXMLDOMDocumentObject_Tests" name="set_MultipleErrorMessages_UsesRuntime_Success" />
    </UnitTest>
    <UnitTest name="set_MultipleErrorMessage_RuntimeThrows_ReturnsFailed" storage="f:\etwork\bin\tests\unittests.icore.component.core.dll" id="f3e56eeb-07a4-97e9-f7d3-9c62c3c75a02">
      <Execution id="1028a8c6-ac1a-4127-b0ae-5c6172b156eb" />
      <TestMethod codeBase="F:\ETWork\bin\Tests\UnitTests.iCore.Component.Core.dll" adapterTypeName="Microsoft.VisualStudio.TestTools.TestTypes.Unit.UnitTestAdapter" className="UnitTests.iCore.Component.Core.ManagedScriptObjects.XmlObjects.ManagedXmlDocumentObject_IEXMLDOMDocumentObject_Tests" name="set_MultipleErrorMessage_RuntimeThrows_ReturnsFailed" />
    </UnitTest>
    <UnitTest name="set_MultipleErrorMessages_NotInitialized_Throws" storage="f:\etwork\bin\tests\unittests.icore.component.core.dll" id="121dcfb3-29be-a44b-77a2-8c202c7285c1">
      <Execution id="5ac160da-8f3d-4a27-8964-0d95b65f9ba0" />
      <TestMethod codeBase="F:\ETWork\bin\Tests\UnitTests.iCore.Component.Core.dll" adapterTypeName="Microsoft.VisualStudio.TestTools.TestTypes.Unit.UnitTestAdapter" className="UnitTests.iCore.Component.Core.ManagedScriptObjects.XmlObjects.ManagedXmlDocumentObject_IEXMLDOMDocumentObject_Tests" name="set_MultipleErrorMessages_NotInitialized_Throws" />
    </UnitTest>
    <UnitTest name="get_MultipleErrorMessages_UsesRuntime_Success" storage="f:\etwork\bin\tests\unittests.icore.component.core.dll" id="7de11c28-f8ba-af32-61bd-457467888718">
      <Execution id="4ace9e4e-efb3-42ed-9d0f-c315f0c9a938" />
      <TestMethod codeBase="F:\ETWork\bin\Tests\UnitTests.iCore.Component.Core.dll" adapterTypeName="Microsoft.VisualStudio.TestTools.TestTypes.Unit.UnitTestAdapter" className="UnitTests.iCore.Component.Core.ManagedScriptObjects.XmlObjects.ManagedXmlDocumentObject_IEXMLDOMDocumentObject_Tests" name="get_MultipleErrorMessages_UsesRuntime_Success" />
    </UnitTest>
    <UnitTest name="get_MultipleErrorMessages_RuntimeThrows_ReturnsFailed" storage="f:\etwork\bin\tests\unittests.icore.component.core.dll" id="4920dfb1-b44d-6bbf-dfdd-e340fbd7a929">
      <Execution id="11185f1c-982b-4992-9440-de119850efdd" />
      <TestMethod codeBase="F:\ETWork\bin\Tests\UnitTests.iCore.Component.Core.dll" adapterTypeName="Microsoft.VisualStudio.TestTools.TestTypes.Unit.UnitTestAdapter" className="UnitTests.iCore.Component.Core.ManagedScriptObjects.XmlObjects.ManagedXmlDocumentObject_IEXMLDOMDocumentObject_Tests" name="get_MultipleErrorMessages_RuntimeThrows_ReturnsFailed" />
    </UnitTest>
    <UnitTest name="get_MultipleErrorMessages_NotInitialized_Throws" storage="f:\etwork\bin\tests\unittests.icore.component.core.dll" id="939a9bf4-6ef8-c2d7-c5de-18c54d7cde78">
      <Execution id="52e72289-7bf8-4ab6-9125-9424f87f7b04" />
      <TestMethod codeBase="F:\ETWork\bin\Tests\UnitTests.iCore.Component.Core.dll" adapterTypeName="Microsoft.VisualStudio.TestTools.TestTypes.Unit.UnitTestAdapter" className="UnitTests.iCore.Component.Core.ManagedScriptObjects.XmlObjects.ManagedXmlDocumentObject_IEXMLDOMDocumentObject_Tests" name="get_MultipleErrorMessages_NotInitialized_Throws" />
    </UnitTest>
    <UnitTest name="set_NewParser_UsesRuntime_Success" storage="f:\etwork\bin\tests\unittests.icore.component.core.dll" id="9f0bdcb2-4606-e6c9-d413-5a9890beeb7a">
      <Execution id="ecdd9edd-facc-4304-a785-b32bd853a9bf" />
      <TestMethod codeBase="F:\ETWork\bin\Tests\UnitTests.iCore.Component.Core.dll" adapterTypeName="Microsoft.VisualStudio.TestTools.TestTypes.Unit.UnitTestAdapter" className="UnitTests.iCore.Component.Core.ManagedScriptObjects.XmlObjects.ManagedXmlDocumentObject_IEXMLDOMDocumentObject_Tests" name="set_NewParser_UsesRuntime_Success" />
    </UnitTest>
    <UnitTest name="set_NewParser_RuntimeThrows_ReturnsFailed" storage="f:\etwork\bin\tests\unittests.icore.component.core.dll" id="2205c79e-efe1-7170-7f9c-3612390db062">
      <Execution id="7ed9345d-11b1-47c6-8448-dd38c319e34a" />
      <TestMethod codeBase="F:\ETWork\bin\Tests\UnitTests.iCore.Component.Core.dll" adapterTypeName="Microsoft.VisualStudio.TestTools.TestTypes.Unit.UnitTestAdapter" className="UnitTests.iCore.Component.Core.ManagedScriptObjects.XmlObjects.ManagedXmlDocumentObject_IEXMLDOMDocumentObject_Tests" name="set_NewParser_RuntimeThrows_ReturnsFailed" />
    </UnitTest>
    <UnitTest name="set_NewParser_NotInitialized_Throws" storage="f:\etwork\bin\tests\unittests.icore.component.core.dll" id="51263ec3-fa9f-8f95-1b6d-5c27895220fa">
      <Execution id="a1860582-656b-4be9-81f0-26be46cf9e71" />
      <TestMethod codeBase="F:\ETWork\bin\Tests\UnitTests.iCore.Component.Core.dll" adapterTypeName="Microsoft.VisualStudio.TestTools.TestTypes.Unit.UnitTestAdapter" className="UnitTests.iCore.Component.Core.ManagedScriptObjects.XmlObjects.ManagedXmlDocumentObject_IEXMLDOMDocumentObject_Tests" name="set_NewParser_NotInitialized_Throws" />
    </UnitTest>
    <UnitTest name="get_NewParser_UsesRuntime_Success" storage="f:\etwork\bin\tests\unittests.icore.component.core.dll" id="8632ede9-85b9-d794-817a-7a09acfa5230">
      <Execution id="7a5c2b14-339a-4e4e-b62c-e6bb6f08c16e" />
      <TestMethod codeBase="F:\ETWork\bin\Tests\UnitTests.iCore.Component.Core.dll" adapterTypeName="Microsoft.VisualStudio.TestTools.TestTypes.Unit.UnitTestAdapter" className="UnitTests.iCore.Component.Core.ManagedScriptObjects.XmlObjects.ManagedXmlDocumentObject_IEXMLDOMDocumentObject_Tests" name="get_NewParser_UsesRuntime_Success" />
    </UnitTest>
    <UnitTest name="get_NewParser_RuntimeThrows_ReturnsFailed" storage="f:\etwork\bin\tests\unittests.icore.component.core.dll" id="e5b95894-e08b-614a-7431-b401b2a5fbe3">
      <Execution id="0f8a5828-a870-40c6-98ea-e02bb4e96249" />
      <TestMethod codeBase="F:\ETWork\bin\Tests\UnitTests.iCore.Component.Core.dll" adapterTypeName="Microsoft.VisualStudio.TestTools.TestTypes.Unit.UnitTestAdapter" className="UnitTests.iCore.Component.Core.ManagedScriptObjects.XmlObjects.ManagedXmlDocumentObject_IEXMLDOMDocumentObject_Tests" name="get_NewParser_RuntimeThrows_ReturnsFailed" />
    </UnitTest>
    <UnitTest name="get_NewParser_NotInitialized_Throws" storage="f:\etwork\bin\tests\unittests.icore.component.core.dll" id="b432344e-828a-ed32-f2c8-19aeb64dd32c">
      <Execution id="541f7297-655f-47cd-a793-3082e68556eb" />
      <TestMethod codeBase="F:\ETWork\bin\Tests\UnitTests.iCore.Component.Core.dll" adapterTypeName="Microsoft.VisualStudio.TestTools.TestTypes.Unit.UnitTestAdapter" className="UnitTests.iCore.Component.Core.ManagedScriptObjects.XmlObjects.ManagedXmlDocumentObject_IEXMLDOMDocumentObject_Tests" name="get_NewParser_NotInitialized_Throws" />
    </UnitTest>
    <UnitTest name="SetImplementation_ValidValue_IsInitializedReturnsTrue" storage="f:\etwork\bin\tests\unittests.icore.component.core.dll" id="601fcddb-85fe-0bcc-b5f2-6d55c7d965a3">
      <Execution id="d7865df8-0e1a-41f4-8371-b5640e33dfc1" />
      <TestMethod codeBase="F:\ETWork\bin\Tests\UnitTests.iCore.Component.Core.dll" adapterTypeName="Microsoft.VisualStudio.TestTools.TestTypes.Unit.UnitTestAdapter" className="UnitTests.iCore.Component.Core.ManagedScriptObjects.XmlObjects.ManagedXmlDocumentObject_IEXMLDOMDocumentObject_Tests" name="SetImplementation_ValidValue_IsInitializedReturnsTrue" />
    </UnitTest>
    <UnitTest name="SetImplementation_NotInitialized_IsInitializedReturnsFalse" storage="f:\etwork\bin\tests\unittests.icore.component.core.dll" id="c7b5d23b-bc8d-95de-02e3-d2d0d72e7df6">
      <Execution id="0fa206aa-1ea2-47c9-a145-7443a8502a17" />
      <TestMethod codeBase="F:\ETWork\bin\Tests\UnitTests.iCore.Component.Core.dll" adapterTypeName="Microsoft.VisualStudio.TestTools.TestTypes.Unit.UnitTestAdapter" className="UnitTests.iCore.Component.Core.ManagedScriptObjects.XmlObjects.ManagedXmlDocumentObject_IEXMLDOMDocumentObject_Tests" name="SetImplementation_NotInitialized_IsInitializedReturnsFalse" />
    </UnitTest>
    <UnitTest name="AddChild_NotInitialized_Throws" storage="f:\etwork\bin\tests\unittests.icore.component.core.dll" id="f7f2781e-6a33-3a68-9f08-282d1c93aff7">
      <Execution id="6814ced1-14d3-48ca-a768-48f454184e3f" />
      <TestMethod codeBase="F:\ETWork\bin\Tests\UnitTests.iCore.Component.Core.dll" adapterTypeName="Microsoft.VisualStudio.TestTools.TestTypes.Unit.UnitTestAdapter" className="UnitTests.iCore.Component.Core.ManagedScriptObjects.XmlObjects.ManagedXmlElementObject_IEXMLDOMNodeObject_Tests" name="AddChild_NotInitialized_Throws" />
    </UnitTest>
    <UnitTest name="AddChild_ElementToAddIsNull_Throws" storage="f:\etwork\bin\tests\unittests.icore.component.core.dll" id="964f9714-331a-6272-6c29-dbdeedfc12fc">
      <Execution id="935093ab-255b-4584-868b-1bb163164c39" />
      <TestMethod codeBase="F:\ETWork\bin\Tests\UnitTests.iCore.Component.Core.dll" adapterTypeName="Microsoft.VisualStudio.TestTools.TestTypes.Unit.UnitTestAdapter" className="UnitTests.iCore.Component.Core.ManagedScriptObjects.XmlObjects.ManagedXmlElementObject_IEXMLDOMNodeObject_Tests" name="AddChild_ElementToAddIsNull_Throws" />
    </UnitTest>
    <UnitTest name="AddChild_ElementToAddIsNoInitialized_Throws" storage="f:\etwork\bin\tests\unittests.icore.component.core.dll" id="23b75719-28d8-22ce-69f7-52fae29e0a4b">
      <Execution id="ac1be8cd-55f1-4146-9b56-9240b8c040cd" />
      <TestMethod codeBase="F:\ETWork\bin\Tests\UnitTests.iCore.Component.Core.dll" adapterTypeName="Microsoft.VisualStudio.TestTools.TestTypes.Unit.UnitTestAdapter" className="UnitTests.iCore.Component.Core.ManagedScriptObjects.XmlObjects.ManagedXmlElementObject_IEXMLDOMNodeObject_Tests" name="AddChild_ElementToAddIsNoInitialized_Throws" />
    </UnitTest>
    <UnitTest name="AddChild_ElementToAddIsNotContainerElement" storage="f:\etwork\bin\tests\unittests.icore.component.core.dll" id="3b52d0e1-7f5b-3408-38f2-6c0a34d0893c">
      <Execution id="1d9ab79c-fece-4b4d-9f33-62168a74ef93" />
      <TestMethod codeBase="F:\ETWork\bin\Tests\UnitTests.iCore.Component.Core.dll" adapterTypeName="Microsoft.VisualStudio.TestTools.TestTypes.Unit.UnitTestAdapter" className="UnitTests.iCore.Component.Core.ManagedScriptObjects.XmlObjects.ManagedXmlElementObject_IEXMLDOMNodeObject_Tests" name="AddChild_ElementToAddIsNotContainerElement" />
    </UnitTest>
    <UnitTest name="AddChild_AddElementAddChild_ReturnsAddedChild" storage="f:\etwork\bin\tests\unittests.icore.component.core.dll" id="f900f33f-6abe-b365-9be1-eba64b15683c">
      <Execution id="f59decc5-d09b-4d35-9ce1-90f03745a47f" />
      <TestMethod codeBase="F:\ETWork\bin\Tests\UnitTests.iCore.Component.Core.dll" adapterTypeName="Microsoft.VisualStudio.TestTools.TestTypes.Unit.UnitTestAdapter" className="UnitTests.iCore.Component.Core.ManagedScriptObjects.XmlObjects.ManagedXmlElementObject_IEXMLDOMNodeObject_Tests" name="AddChild_AddElementAddChild_ReturnsAddedChild" />
    </UnitTest>
    <UnitTest name="AddChild_AddElementAddChildFirst_AddedChildIsFirstChild" storage="f:\etwork\bin\tests\unittests.icore.component.core.dll" id="3e96bb3f-6d4c-9b58-880a-c00131e55508">
      <Execution id="f5fd3af0-c580-4504-be68-fcc14bb74671" />
      <TestMethod codeBase="F:\ETWork\bin\Tests\UnitTests.iCore.Component.Core.dll" adapterTypeName="Microsoft.VisualStudio.TestTools.TestTypes.Unit.UnitTestAdapter" className="UnitTests.iCore.Component.Core.ManagedScriptObjects.XmlObjects.ManagedXmlElementObject_IEXMLDOMNodeObject_Tests" name="AddChild_AddElementAddChildFirst_AddedChildIsFirstChild" />
    </UnitTest>
    <UnitTest name="AddNewChild_ParentNotInitialized_Fails" storage="f:\etwork\bin\tests\unittests.icore.component.core.dll" id="0a2d8b48-bd36-d998-a152-550cf1c6272a">
      <Execution id="8161d2d1-8006-413b-a92c-98ac166abc96" />
      <TestMethod codeBase="F:\ETWork\bin\Tests\UnitTests.iCore.Component.Core.dll" adapterTypeName="Microsoft.VisualStudio.TestTools.TestTypes.Unit.UnitTestAdapter" className="UnitTests.iCore.Component.Core.ManagedScriptObjects.XmlObjects.ManagedXmlElementObject_IEXMLDOMNodeObject_Tests" name="AddNewChild_ParentNotInitialized_Fails" />
    </UnitTest>
    <UnitTest name="AddNewChild_ParentIsElementXMLNodeType_ATTRIBUTE_Success" storage="f:\etwork\bin\tests\unittests.icore.component.core.dll" id="e5ba927e-3ba3-97a1-c9bb-2e1745cb0a93">
      <Execution id="5ee56a7e-0a58-4adf-b3e3-d22d368a7268" />
      <TestMethod codeBase="F:\ETWork\bin\Tests\UnitTests.iCore.Component.Core.dll" adapterTypeName="Microsoft.VisualStudio.TestTools.TestTypes.Unit.UnitTestAdapter" className="UnitTests.iCore.Component.Core.ManagedScriptObjects.XmlObjects.ManagedXmlElementObject_IEXMLDOMNodeObject_Tests" name="AddNewChild_ParentIsElementXMLNodeType_ATTRIBUTE_Success" />
    </UnitTest>
    <UnitTest name="AddNewChild_ParentIsElementXMLNodeType_CDATA_SECTION_Success" storage="f:\etwork\bin\tests\unittests.icore.component.core.dll" id="32bff74f-1391-d030-e161-6fe7f52f5226">
      <Execution id="2b3c8562-46b3-4a7c-b177-be31d9c4fa23" />
      <TestMethod codeBase="F:\ETWork\bin\Tests\UnitTests.iCore.Component.Core.dll" adapterTypeName="Microsoft.VisualStudio.TestTools.TestTypes.Unit.UnitTestAdapter" className="UnitTests.iCore.Component.Core.ManagedScriptObjects.XmlObjects.ManagedXmlElementObject_IEXMLDOMNodeObject_Tests" name="AddNewChild_ParentIsElementXMLNodeType_CDATA_SECTION_Success" />
    </UnitTest>
    <UnitTest name="AddNewChild_ParentIsElementXMLNodeType_COMMENT_Success" storage="f:\etwork\bin\tests\unittests.icore.component.core.dll" id="6f091011-c2ff-1ad9-d3e2-43fa92df3fbc">
      <Execution id="9258ed55-7608-4252-91ce-85ff6a5e4cf1" />
      <TestMethod codeBase="F:\ETWork\bin\Tests\UnitTests.iCore.Component.Core.dll" adapterTypeName="Microsoft.VisualStudio.TestTools.TestTypes.Unit.UnitTestAdapter" className="UnitTests.iCore.Component.Core.ManagedScriptObjects.XmlObjects.ManagedXmlElementObject_IEXMLDOMNodeObject_Tests" name="AddNewChild_ParentIsElementXMLNodeType_COMMENT_Success" />
    </UnitTest>
    <UnitTest name="AddNewChild_ParentIsElementXMLNodeType_ELEMENT_Success" storage="f:\etwork\bin\tests\unittests.icore.component.core.dll" id="5bdcc6ba-2b6d-97e5-b7ea-45d27e593f80">
      <Execution id="381744df-a726-4ce7-9a05-43ff3de71f97" />
      <TestMethod codeBase="F:\ETWork\bin\Tests\UnitTests.iCore.Component.Core.dll" adapterTypeName="Microsoft.VisualStudio.TestTools.TestTypes.Unit.UnitTestAdapter" className="UnitTests.iCore.Component.Core.ManagedScriptObjects.XmlObjects.ManagedXmlElementObject_IEXMLDOMNodeObject_Tests" name="AddNewChild_ParentIsElementXMLNodeType_ELEMENT_Success" />
    </UnitTest>
    <UnitTest name="AddNewChild_ParentIsElementXMLNodeType_PROCESSING_INSTRUCTION_Success" storage="f:\etwork\bin\tests\unittests.icore.component.core.dll" id="12870e9f-4671-a90a-3cba-f83e33d62b36">
      <Execution id="018cc114-649b-422d-9576-b7e3c8e1c555" />
      <TestMethod codeBase="F:\ETWork\bin\Tests\UnitTests.iCore.Component.Core.dll" adapterTypeName="Microsoft.VisualStudio.TestTools.TestTypes.Unit.UnitTestAdapter" className="UnitTests.iCore.Component.Core.ManagedScriptObjects.XmlObjects.ManagedXmlElementObject_IEXMLDOMNodeObject_Tests" name="AddNewChild_ParentIsElementXMLNodeType_PROCESSING_INSTRUCTION_Success" />
    </UnitTest>
    <UnitTest name="AddNewChild_ParentIsElementXMLNodeType_TEXT_Success" storage="f:\etwork\bin\tests\unittests.icore.component.core.dll" id="5ff90c8a-5320-948e-27b4-ac87f47e33da">
      <Execution id="8a9c1a55-a3a0-47fa-b33d-8c55e2484fbf" />
      <TestMethod codeBase="F:\ETWork\bin\Tests\UnitTests.iCore.Component.Core.dll" adapterTypeName="Microsoft.VisualStudio.TestTools.TestTypes.Unit.UnitTestAdapter" className="UnitTests.iCore.Component.Core.ManagedScriptObjects.XmlObjects.ManagedXmlElementObject_IEXMLDOMNodeObject_Tests" name="AddNewChild_ParentIsElementXMLNodeType_TEXT_Success" />
    </UnitTest>
    <UnitTest name="AddNewChild_ParentIsElementXMLNodeType_DOCUMENT_FRAGMENT_Failure" storage="f:\etwork\bin\tests\unittests.icore.component.core.dll" id="e178dd12-4887-2497-3d2d-41dc82cea09a">
      <Execution id="e396453a-7400-42b7-9767-2e0b2fe8142e" />
      <TestMethod codeBase="F:\ETWork\bin\Tests\UnitTests.iCore.Component.Core.dll" adapterTypeName="Microsoft.VisualStudio.TestTools.TestTypes.Unit.UnitTestAdapter" className="UnitTests.iCore.Component.Core.ManagedScriptObjects.XmlObjects.ManagedXmlElementObject_IEXMLDOMNodeObject_Tests" name="AddNewChild_ParentIsElementXMLNodeType_DOCUMENT_FRAGMENT_Failure" />
    </UnitTest>
    <UnitTest name="AddNewChild_ParentIsElementXMLNodeType_DOCUMENT_Failure" storage="f:\etwork\bin\tests\unittests.icore.component.core.dll" id="b973e6d6-b9a4-4f09-dbbd-be24fdf9f350">
      <Execution id="a231d00a-6dfc-401f-a395-fe8aa26f20ff" />
      <TestMethod codeBase="F:\ETWork\bin\Tests\UnitTests.iCore.Component.Core.dll" adapterTypeName="Microsoft.VisualStudio.TestTools.TestTypes.Unit.UnitTestAdapter" className="UnitTests.iCore.Component.Core.ManagedScriptObjects.XmlObjects.ManagedXmlElementObject_IEXMLDOMNodeObject_Tests" name="AddNewChild_ParentIsElementXMLNodeType_DOCUMENT_Failure" />
    </UnitTest>
    <UnitTest name="AddNewChild_ParentIsElementXMLNodeType_DOCUMENT_TYPE_Failure" storage="f:\etwork\bin\tests\unittests.icore.component.core.dll" id="54aafb4a-0fb5-cd2a-dc28-5a78c597c6f7">
      <Execution id="50d9b32a-edf3-4121-b64e-5dbdc7b75167" />
      <TestMethod codeBase="F:\ETWork\bin\Tests\UnitTests.iCore.Component.Core.dll" adapterTypeName="Microsoft.VisualStudio.TestTools.TestTypes.Unit.UnitTestAdapter" className="UnitTests.iCore.Component.Core.ManagedScriptObjects.XmlObjects.ManagedXmlElementObject_IEXMLDOMNodeObject_Tests" name="AddNewChild_ParentIsElementXMLNodeType_DOCUMENT_TYPE_Failure" />
    </UnitTest>
    <UnitTest name="AddNewChild_ParentIsElementXMLNodeType_ENTITY_Failure" storage="f:\etwork\bin\tests\unittests.icore.component.core.dll" id="08e0ae34-74ad-943a-f463-499b60bd459e">
      <Execution id="3ed09054-2448-4003-ba47-ac36ebe49c95" />
      <TestMethod codeBase="F:\ETWork\bin\Tests\UnitTests.iCore.Component.Core.dll" adapterTypeName="Microsoft.VisualStudio.TestTools.TestTypes.Unit.UnitTestAdapter" className="UnitTests.iCore.Component.Core.ManagedScriptObjects.XmlObjects.ManagedXmlElementObject_IEXMLDOMNodeObject_Tests" name="AddNewChild_ParentIsElementXMLNodeType_ENTITY_Failure" />
    </UnitTest>
    <UnitTest name="AddNewChild_ParentIsElementXMLNodeType_ENTITY_REFERENCE_Failure" storage="f:\etwork\bin\tests\unittests.icore.component.core.dll" id="a7117c88-3315-2bad-049c-6ab15305341d">
      <Execution id="2e040146-91da-4197-bb50-15ec89f7e2e0" />
      <TestMethod codeBase="F:\ETWork\bin\Tests\UnitTests.iCore.Component.Core.dll" adapterTypeName="Microsoft.VisualStudio.TestTools.TestTypes.Unit.UnitTestAdapter" className="UnitTests.iCore.Component.Core.ManagedScriptObjects.XmlObjects.ManagedXmlElementObject_IEXMLDOMNodeObject_Tests" name="AddNewChild_ParentIsElementXMLNodeType_ENTITY_REFERENCE_Failure" />
    </UnitTest>
    <UnitTest name="AddNewChild_XMLNodeType_NOTATION_Failure" storage="f:\etwork\bin\tests\unittests.icore.component.core.dll" id="ea59029f-e316-a009-11e6-cceb52222c1b">
      <Execution id="a6c3d8e3-1b4c-4466-897a-32dc83d3b135" />
      <TestMethod codeBase="F:\ETWork\bin\Tests\UnitTests.iCore.Component.Core.dll" adapterTypeName="Microsoft.VisualStudio.TestTools.TestTypes.Unit.UnitTestAdapter" className="UnitTests.iCore.Component.Core.ManagedScriptObjects.XmlObjects.ManagedXmlElementObject_IEXMLDOMNodeObject_Tests" name="AddNewChild_XMLNodeType_NOTATION_Failure" />
    </UnitTest>
    <UnitTest name="SetImplementation_ValidValue_IsInitializedReturnsTrue" storage="f:\etwork\bin\tests\unittests.icore.component.core.dll" id="3fc06c6a-5c77-4e18-4431-ba71df3fa26d">
      <Execution id="176d7252-5659-49cc-b0b8-5acf283e976f" />
      <TestMethod codeBase="F:\ETWork\bin\Tests\UnitTests.iCore.Component.Core.dll" adapterTypeName="Microsoft.VisualStudio.TestTools.TestTypes.Unit.UnitTestAdapter" className="UnitTests.iCore.Component.Core.ManagedScriptObjects.XmlObjects.ManagedXmlElementObject_IXmlImplementation_Tests" name="SetImplementation_ValidValue_IsInitializedReturnsTrue" />
    </UnitTest>
    <UnitTest name="SetImplementation_NotInitialized_IsInitializedReturnsFalse" storage="f:\etwork\bin\tests\unittests.icore.component.core.dll" id="f30c3ae9-916c-fc29-cb2e-c6a080c9fc5f">
      <Execution id="8995bde4-9de5-4e17-9cb9-d41a8ef2f3ee" />
      <TestMethod codeBase="F:\ETWork\bin\Tests\UnitTests.iCore.Component.Core.dll" adapterTypeName="Microsoft.VisualStudio.TestTools.TestTypes.Unit.UnitTestAdapter" className="UnitTests.iCore.Component.Core.ManagedScriptObjects.XmlObjects.ManagedXmlElementObject_IXmlImplementation_Tests" name="SetImplementation_NotInitialized_IsInitializedReturnsFalse" />
    </UnitTest>
    <UnitTest name="Construct_Success" storage="f:\etwork\bin\tests\unittests.icore.component.core.dll" id="c17fb77f-1643-e570-bce7-11cc2afd4913">
      <Execution id="60d0e14e-4a96-4109-8129-adbeca5ea56b" />
      <TestMethod codeBase="F:\ETWork\bin\Tests\UnitTests.iCore.Component.Core.dll" adapterTypeName="Microsoft.VisualStudio.TestTools.TestTypes.Unit.UnitTestAdapter" className="UnitTests.iCore.Component.Core.ManagedScriptObjects.XmlObjects.ManagedXmlInDataStructureObjectTests" name="Construct_Success" />
    </UnitTest>
    <UnitTest name="ImplementsInterface_IXmlParser" storage="f:\etwork\bin\tests\unittests.icore.component.core.dll" id="d23ed0ce-6d40-9cf6-7909-67b261f4092f">
      <Execution id="e6061271-8492-4525-987a-41ff0713c928" />
      <TestMethod codeBase="F:\ETWork\bin\Tests\UnitTests.iCore.Component.Core.dll" adapterTypeName="Microsoft.VisualStudio.TestTools.TestTypes.Unit.UnitTestAdapter" className="UnitTests.iCore.Component.Core.ManagedScriptObjects.XmlObjects.ManagedXmlInDataStructureObjectTests" name="ImplementsInterface_IXmlParser" />
    </UnitTest>
    <UnitTest name="ImplementsInterface_IEXMLInDataStructure" storage="f:\etwork\bin\tests\unittests.icore.component.core.dll" id="0682f6dd-6f14-469c-2d90-bec45e4c0717">
      <Execution id="8b33028a-fdf4-4d50-9e4e-916372c52a4e" />
      <TestMethod codeBase="F:\ETWork\bin\Tests\UnitTests.iCore.Component.Core.dll" adapterTypeName="Microsoft.VisualStudio.TestTools.TestTypes.Unit.UnitTestAdapter" className="UnitTests.iCore.Component.Core.ManagedScriptObjects.XmlObjects.ManagedXmlInDataStructureObjectTests" name="ImplementsInterface_IEXMLInDataStructure" />
    </UnitTest>
    <UnitTest name="ImplementsInterface_IEDisposable" storage="f:\etwork\bin\tests\unittests.icore.component.core.dll" id="00d06ff6-da3d-d811-0e1a-9501c17fedbd">
      <Execution id="a79dcdc8-a0ca-4104-ad74-85b351a6c23d" />
      <TestMethod codeBase="F:\ETWork\bin\Tests\UnitTests.iCore.Component.Core.dll" adapterTypeName="Microsoft.VisualStudio.TestTools.TestTypes.Unit.UnitTestAdapter" className="UnitTests.iCore.Component.Core.ManagedScriptObjects.XmlObjects.ManagedXmlInDataStructureObjectTests" name="ImplementsInterface_IEDisposable" />
    </UnitTest>
    <UnitTest name="Initialize_ValidArgs_CorrectArgsSentToImplementation" storage="f:\etwork\bin\tests\unittests.icore.component.core.dll" id="1c9faed0-d363-05f1-2b3a-e82484224598">
      <Execution id="c87e26c1-3f05-4dee-8b79-f4241d800aac" />
      <TestMethod codeBase="F:\ETWork\bin\Tests\UnitTests.iCore.Component.Core.dll" adapterTypeName="Microsoft.VisualStudio.TestTools.TestTypes.Unit.UnitTestAdapter" className="UnitTests.iCore.Component.Core.ManagedScriptObjects.XmlObjects.ManagedXmlInDataStructureObjectTests" name="Initialize_ValidArgs_CorrectArgsSentToImplementation" />
    </UnitTest>
    <UnitTest name="Initialize_ValidArgs_SuppliedCompoonentReturnsEmptyPath_Throws" storage="f:\etwork\bin\tests\unittests.icore.component.core.dll" id="a9c01eb3-dfe1-7184-9489-821de632d0df">
      <Execution id="68be44ca-3fde-477c-8054-a350dc729782" />
      <TestMethod codeBase="F:\ETWork\bin\Tests\UnitTests.iCore.Component.Core.dll" adapterTypeName="Microsoft.VisualStudio.TestTools.TestTypes.Unit.UnitTestAdapter" className="UnitTests.iCore.Component.Core.ManagedScriptObjects.XmlObjects.ManagedXmlInDataStructureObjectTests" name="Initialize_ValidArgs_SuppliedCompoonentReturnsEmptyPath_Throws" />
    </UnitTest>
    <UnitTest name="Initialize_ValidArgs_SuppliedCompoonentDoesNotImplementCallbackInterface_Throws" storage="f:\etwork\bin\tests\unittests.icore.component.core.dll" id="613deb76-090d-e784-e31c-3a603993024b">
      <Execution id="3999e175-ac9f-4b8f-b19c-37fe66ee06dd" />
      <TestMethod codeBase="F:\ETWork\bin\Tests\UnitTests.iCore.Component.Core.dll" adapterTypeName="Microsoft.VisualStudio.TestTools.TestTypes.Unit.UnitTestAdapter" className="UnitTests.iCore.Component.Core.ManagedScriptObjects.XmlObjects.ManagedXmlInDataStructureObjectTests" name="Initialize_ValidArgs_SuppliedCompoonentDoesNotImplementCallbackInterface_Throws" />
    </UnitTest>
    <UnitTest name="ParseURL_CorrectArguments_CorrectArgumentsSentToImplementation" storage="f:\etwork\bin\tests\unittests.icore.component.core.dll" id="e4ab69ba-a93d-f956-3d8f-0b56bd99cb95">
      <Execution id="34ed3fed-dd05-40d7-8e58-0cdb31cb2dea" />
      <TestMethod codeBase="F:\ETWork\bin\Tests\UnitTests.iCore.Component.Core.dll" adapterTypeName="Microsoft.VisualStudio.TestTools.TestTypes.Unit.UnitTestAdapter" className="UnitTests.iCore.Component.Core.ManagedScriptObjects.XmlObjects.ManagedXmlInDataStructureObjectTests" name="ParseURL_CorrectArguments_CorrectArgumentsSentToImplementation" />
    </UnitTest>
    <UnitTest name="ParseURL_NotInitialized_Fails" storage="f:\etwork\bin\tests\unittests.icore.component.core.dll" id="ec96f358-dbad-c3f6-e15e-83aa54aa7f66">
      <Execution id="889454a4-7f0d-4320-9a5f-0c84aa8da757" />
      <TestMethod codeBase="F:\ETWork\bin\Tests\UnitTests.iCore.Component.Core.dll" adapterTypeName="Microsoft.VisualStudio.TestTools.TestTypes.Unit.UnitTestAdapter" className="UnitTests.iCore.Component.Core.ManagedScriptObjects.XmlObjects.ManagedXmlInDataStructureObjectTests" name="ParseURL_NotInitialized_Fails" />
    </UnitTest>
    <UnitTest name="ParseURL_ImplementationThrows_Fails" storage="f:\etwork\bin\tests\unittests.icore.component.core.dll" id="3c14bfce-cccd-8dae-6092-312d951a2bd6">
      <Execution id="c3efa524-b726-4abb-a0e1-a250df9e28d1" />
      <TestMethod codeBase="F:\ETWork\bin\Tests\UnitTests.iCore.Component.Core.dll" adapterTypeName="Microsoft.VisualStudio.TestTools.TestTypes.Unit.UnitTestAdapter" className="UnitTests.iCore.Component.Core.ManagedScriptObjects.XmlObjects.ManagedXmlInDataStructureObjectTests" name="ParseURL_ImplementationThrows_Fails" />
    </UnitTest>
    <UnitTest name="ParseXMLDocument_CorrectArguments_CorrectArgumentsSentToImplementation" storage="f:\etwork\bin\tests\unittests.icore.component.core.dll" id="34385f02-3b28-3ecc-c729-249d3cdf91d4">
      <Execution id="23899ca8-dfb4-41b1-a51b-477d9738d93a" />
      <TestMethod codeBase="F:\ETWork\bin\Tests\UnitTests.iCore.Component.Core.dll" adapterTypeName="Microsoft.VisualStudio.TestTools.TestTypes.Unit.UnitTestAdapter" className="UnitTests.iCore.Component.Core.ManagedScriptObjects.XmlObjects.ManagedXmlInDataStructureObjectTests" name="ParseXMLDocument_CorrectArguments_CorrectArgumentsSentToImplementation" />
    </UnitTest>
    <UnitTest name="ParseXMLDocument_DocumentArgumentDoesNotImplementIXmlNodeImplementation_Fails" storage="f:\etwork\bin\tests\unittests.icore.component.core.dll" id="edfe9a24-10c8-fc15-6913-ace5dad7b2ba">
      <Execution id="c3949889-8a3d-4bdb-95ad-c0adbb4e7d0b" />
      <TestMethod codeBase="F:\ETWork\bin\Tests\UnitTests.iCore.Component.Core.dll" adapterTypeName="Microsoft.VisualStudio.TestTools.TestTypes.Unit.UnitTestAdapter" className="UnitTests.iCore.Component.Core.ManagedScriptObjects.XmlObjects.ManagedXmlInDataStructureObjectTests" name="ParseXMLDocument_DocumentArgumentDoesNotImplementIXmlNodeImplementation_Fails" />
    </UnitTest>
    <UnitTest name="ParseXMLDocument_NotInitialized_Fails" storage="f:\etwork\bin\tests\unittests.icore.component.core.dll" id="19d78ae8-86b1-7ad0-6b4f-bdc3e6d95c5c">
      <Execution id="3fec1bc8-285f-49ee-930d-69abffe37c62" />
      <TestMethod codeBase="F:\ETWork\bin\Tests\UnitTests.iCore.Component.Core.dll" adapterTypeName="Microsoft.VisualStudio.TestTools.TestTypes.Unit.UnitTestAdapter" className="UnitTests.iCore.Component.Core.ManagedScriptObjects.XmlObjects.ManagedXmlInDataStructureObjectTests" name="ParseXMLDocument_NotInitialized_Fails" />
    </UnitTest>
    <UnitTest name="ParseXMLDocument_ImplementationThrows_Fails" storage="f:\etwork\bin\tests\unittests.icore.component.core.dll" id="ed1577e1-8962-f790-eebe-a64a3bbbe12d">
      <Execution id="44a98f25-5c3a-49e9-afd2-7ebca05621df" />
      <TestMethod codeBase="F:\ETWork\bin\Tests\UnitTests.iCore.Component.Core.dll" adapterTypeName="Microsoft.VisualStudio.TestTools.TestTypes.Unit.UnitTestAdapter" className="UnitTests.iCore.Component.Core.ManagedScriptObjects.XmlObjects.ManagedXmlInDataStructureObjectTests" name="ParseXMLDocument_ImplementationThrows_Fails" />
    </UnitTest>
    <UnitTest name="ParseXMLString_CorrectArguments_CorrectArgumentsSentToImplementation" storage="f:\etwork\bin\tests\unittests.icore.component.core.dll" id="5d682b8c-8f44-c1ab-ddb8-adb116605335">
      <Execution id="a7d56efe-63ab-4452-86f5-28989027a5aa" />
      <TestMethod codeBase="F:\ETWork\bin\Tests\UnitTests.iCore.Component.Core.dll" adapterTypeName="Microsoft.VisualStudio.TestTools.TestTypes.Unit.UnitTestAdapter" className="UnitTests.iCore.Component.Core.ManagedScriptObjects.XmlObjects.ManagedXmlInDataStructureObjectTests" name="ParseXMLString_CorrectArguments_CorrectArgumentsSentToImplementation" />
    </UnitTest>
    <UnitTest name="ParseXMLString_NotInitialized_Fails" storage="f:\etwork\bin\tests\unittests.icore.component.core.dll" id="0de57581-f94d-3a71-5115-237a1566f678">
      <Execution id="76b260c9-37eb-46d6-8f4d-7efbca0f23d9" />
      <TestMethod codeBase="F:\ETWork\bin\Tests\UnitTests.iCore.Component.Core.dll" adapterTypeName="Microsoft.VisualStudio.TestTools.TestTypes.Unit.UnitTestAdapter" className="UnitTests.iCore.Component.Core.ManagedScriptObjects.XmlObjects.ManagedXmlInDataStructureObjectTests" name="ParseXMLString_NotInitialized_Fails" />
    </UnitTest>
    <UnitTest name="ParseXMLString_ImplementationThrows_Fails" storage="f:\etwork\bin\tests\unittests.icore.component.core.dll" id="843605a0-9fb9-d248-6409-8254d517c294">
      <Execution id="baad3217-9f71-430a-b7af-80b062715bd5" />
      <TestMethod codeBase="F:\ETWork\bin\Tests\UnitTests.iCore.Component.Core.dll" adapterTypeName="Microsoft.VisualStudio.TestTools.TestTypes.Unit.UnitTestAdapter" className="UnitTests.iCore.Component.Core.ManagedScriptObjects.XmlObjects.ManagedXmlInDataStructureObjectTests" name="ParseXMLString_ImplementationThrows_Fails" />
    </UnitTest>
    <UnitTest name="get_CharactersData_ValueReturnedFromImplementation" storage="f:\etwork\bin\tests\unittests.icore.component.core.dll" id="199e31a5-9ce1-f96e-a768-ffaa241fcf26">
      <Execution id="91d41782-3fe2-45f6-a093-244abb74ea97" />
      <TestMethod codeBase="F:\ETWork\bin\Tests\UnitTests.iCore.Component.Core.dll" adapterTypeName="Microsoft.VisualStudio.TestTools.TestTypes.Unit.UnitTestAdapter" className="UnitTests.iCore.Component.Core.ManagedScriptObjects.XmlObjects.ManagedXmlInDataStructureObjectTests" name="get_CharactersData_ValueReturnedFromImplementation" />
    </UnitTest>
    <UnitTest name="get_CharactersData_NotInitialized_Fails" storage="f:\etwork\bin\tests\unittests.icore.component.core.dll" id="376177db-5044-4bec-6420-8a422119c019">
      <Execution id="bef3f78e-e4c7-4ef7-8a81-faf9670e06c4" />
      <TestMethod codeBase="F:\ETWork\bin\Tests\UnitTests.iCore.Component.Core.dll" adapterTypeName="Microsoft.VisualStudio.TestTools.TestTypes.Unit.UnitTestAdapter" className="UnitTests.iCore.Component.Core.ManagedScriptObjects.XmlObjects.ManagedXmlInDataStructureObjectTests" name="get_CharactersData_NotInitialized_Fails" />
    </UnitTest>
    <UnitTest name="get_CharactersData_ImplementationThrow_Fails" storage="f:\etwork\bin\tests\unittests.icore.component.core.dll" id="96b5ef29-8443-130b-a77a-c9a5c8f1a94a">
      <Execution id="0da44a72-59d5-4f89-a573-52370ecb845a" />
      <TestMethod codeBase="F:\ETWork\bin\Tests\UnitTests.iCore.Component.Core.dll" adapterTypeName="Microsoft.VisualStudio.TestTools.TestTypes.Unit.UnitTestAdapter" className="UnitTests.iCore.Component.Core.ManagedScriptObjects.XmlObjects.ManagedXmlInDataStructureObjectTests" name="get_CharactersData_ImplementationThrow_Fails" />
    </UnitTest>
    <UnitTest name="get_CurrentXMLNode_Initialized_ReturnsCorrectObject" storage="f:\etwork\bin\tests\unittests.icore.component.core.dll" id="206daa6c-8027-64f2-74b7-681d0c899262">
      <Execution id="2fc63dba-6e1a-4c86-ac7f-7d3db8b8810f" />
      <TestMethod codeBase="F:\ETWork\bin\Tests\UnitTests.iCore.Component.Core.dll" adapterTypeName="Microsoft.VisualStudio.TestTools.TestTypes.Unit.UnitTestAdapter" className="UnitTests.iCore.Component.Core.ManagedScriptObjects.XmlObjects.ManagedXmlInDataStructureObjectTests" name="get_CurrentXMLNode_Initialized_ReturnsCorrectObject" />
    </UnitTest>
    <UnitTest name="get_CurrentXMLNode_ImplementationThrow_Fails" storage="f:\etwork\bin\tests\unittests.icore.component.core.dll" id="0b00b104-73c9-c1d8-1165-b6930c3f9284">
      <Execution id="9c4ecb06-4706-4a49-a535-1c9637afd09e" />
      <TestMethod codeBase="F:\ETWork\bin\Tests\UnitTests.iCore.Component.Core.dll" adapterTypeName="Microsoft.VisualStudio.TestTools.TestTypes.Unit.UnitTestAdapter" className="UnitTests.iCore.Component.Core.ManagedScriptObjects.XmlObjects.ManagedXmlInDataStructureObjectTests" name="get_CurrentXMLNode_ImplementationThrow_Fails" />
    </UnitTest>
    <UnitTest name="get_CurrentXMLNode_NotInitialized_Fails" storage="f:\etwork\bin\tests\unittests.icore.component.core.dll" id="05afd12b-d96c-019c-1d38-e92380a32d12">
      <Execution id="dd655b8a-d767-4272-aa1f-b070368c1d01" />
      <TestMethod codeBase="F:\ETWork\bin\Tests\UnitTests.iCore.Component.Core.dll" adapterTypeName="Microsoft.VisualStudio.TestTools.TestTypes.Unit.UnitTestAdapter" className="UnitTests.iCore.Component.Core.ManagedScriptObjects.XmlObjects.ManagedXmlInDataStructureObjectTests" name="get_CurrentXMLNode_NotInitialized_Fails" />
    </UnitTest>
    <UnitTest name="get_Occurrence_Initialized_ReturnsCorrectObject" storage="f:\etwork\bin\tests\unittests.icore.component.core.dll" id="07137c60-72b5-88b9-1cfa-4551d1502c86">
      <Execution id="25dbcb0d-14f8-45f2-adb7-de0cba3dd117" />
      <TestMethod codeBase="F:\ETWork\bin\Tests\UnitTests.iCore.Component.Core.dll" adapterTypeName="Microsoft.VisualStudio.TestTools.TestTypes.Unit.UnitTestAdapter" className="UnitTests.iCore.Component.Core.ManagedScriptObjects.XmlObjects.ManagedXmlInDataStructureObjectTests" name="get_Occurrence_Initialized_ReturnsCorrectObject" />
    </UnitTest>
    <UnitTest name="get_Occurrence_ImplementationThrow_Fails" storage="f:\etwork\bin\tests\unittests.icore.component.core.dll" id="bd4bac5f-7aac-0454-b0b6-ae455463ab69">
      <Execution id="e324aeb2-ba04-4ceb-b5b0-3efc25398320" />
      <TestMethod codeBase="F:\ETWork\bin\Tests\UnitTests.iCore.Component.Core.dll" adapterTypeName="Microsoft.VisualStudio.TestTools.TestTypes.Unit.UnitTestAdapter" className="UnitTests.iCore.Component.Core.ManagedScriptObjects.XmlObjects.ManagedXmlInDataStructureObjectTests" name="get_Occurrence_ImplementationThrow_Fails" />
    </UnitTest>
    <UnitTest name="get_Occurrence_NotInitialized_Fails" storage="f:\etwork\bin\tests\unittests.icore.component.core.dll" id="09825529-e1a2-3632-8161-8ea3951dfa5b">
      <Execution id="f5e692ed-fd1f-4c91-a5ee-daa6265e70fb" />
      <TestMethod codeBase="F:\ETWork\bin\Tests\UnitTests.iCore.Component.Core.dll" adapterTypeName="Microsoft.VisualStudio.TestTools.TestTypes.Unit.UnitTestAdapter" className="UnitTests.iCore.Component.Core.ManagedScriptObjects.XmlObjects.ManagedXmlInDataStructureObjectTests" name="get_Occurrence_NotInitialized_Fails" />
    </UnitTest>
    <UnitTest name="get_Path_Initialized_ReturnsCorrectObject" storage="f:\etwork\bin\tests\unittests.icore.component.core.dll" id="0eb26b5f-cde4-cf15-be01-4cfac09f1c39">
      <Execution id="49c530c2-f158-4906-a654-2e48441c0d3c" />
      <TestMethod codeBase="F:\ETWork\bin\Tests\UnitTests.iCore.Component.Core.dll" adapterTypeName="Microsoft.VisualStudio.TestTools.TestTypes.Unit.UnitTestAdapter" className="UnitTests.iCore.Component.Core.ManagedScriptObjects.XmlObjects.ManagedXmlInDataStructureObjectTests" name="get_Path_Initialized_ReturnsCorrectObject" />
    </UnitTest>
    <UnitTest name="get_Path_ImplementationThrow_Fails" storage="f:\etwork\bin\tests\unittests.icore.component.core.dll" id="0758850c-17f0-2c8a-b6e3-f793d9fb1a52">
      <Execution id="d2753cb3-c181-42ad-80f6-09cdb264aadc" />
      <TestMethod codeBase="F:\ETWork\bin\Tests\UnitTests.iCore.Component.Core.dll" adapterTypeName="Microsoft.VisualStudio.TestTools.TestTypes.Unit.UnitTestAdapter" className="UnitTests.iCore.Component.Core.ManagedScriptObjects.XmlObjects.ManagedXmlInDataStructureObjectTests" name="get_Path_ImplementationThrow_Fails" />
    </UnitTest>
    <UnitTest name="get_Path_NotInitialized_Fails" storage="f:\etwork\bin\tests\unittests.icore.component.core.dll" id="ff491964-401c-1fe7-1ba4-fdbf6d4d05f0">
      <Execution id="fec2ea97-0198-40dd-947f-0de488290c90" />
      <TestMethod codeBase="F:\ETWork\bin\Tests\UnitTests.iCore.Component.Core.dll" adapterTypeName="Microsoft.VisualStudio.TestTools.TestTypes.Unit.UnitTestAdapter" className="UnitTests.iCore.Component.Core.ManagedScriptObjects.XmlObjects.ManagedXmlInDataStructureObjectTests" name="get_Path_NotInitialized_Fails" />
    </UnitTest>
    <UnitTest name="get_Repetition_Initialized_ReturnsCorrectObject" storage="f:\etwork\bin\tests\unittests.icore.component.core.dll" id="e2daeaf3-f393-9a67-bc4d-9893469abffd">
      <Execution id="6abf3efa-9c6c-4eac-9fc5-18692a709d37" />
      <TestMethod codeBase="F:\ETWork\bin\Tests\UnitTests.iCore.Component.Core.dll" adapterTypeName="Microsoft.VisualStudio.TestTools.TestTypes.Unit.UnitTestAdapter" className="UnitTests.iCore.Component.Core.ManagedScriptObjects.XmlObjects.ManagedXmlInDataStructureObjectTests" name="get_Repetition_Initialized_ReturnsCorrectObject" />
    </UnitTest>
    <UnitTest name="get_Repetition_ImplementationThrow_Fails" storage="f:\etwork\bin\tests\unittests.icore.component.core.dll" id="93af1661-1cc8-3d68-649f-ac8352abf37a">
      <Execution id="f7afc89d-2093-48ac-aa9a-3fd56f9f10b4" />
      <TestMethod codeBase="F:\ETWork\bin\Tests\UnitTests.iCore.Component.Core.dll" adapterTypeName="Microsoft.VisualStudio.TestTools.TestTypes.Unit.UnitTestAdapter" className="UnitTests.iCore.Component.Core.ManagedScriptObjects.XmlObjects.ManagedXmlInDataStructureObjectTests" name="get_Repetition_ImplementationThrow_Fails" />
    </UnitTest>
    <UnitTest name="get_Repetition_NotInitialized_Fails" storage="f:\etwork\bin\tests\unittests.icore.component.core.dll" id="b0e5092b-eaff-7135-fce5-1219c7d12790">
      <Execution id="bbbd6278-c772-4050-99ad-01e9776072ff" />
      <TestMethod codeBase="F:\ETWork\bin\Tests\UnitTests.iCore.Component.Core.dll" adapterTypeName="Microsoft.VisualStudio.TestTools.TestTypes.Unit.UnitTestAdapter" className="UnitTests.iCore.Component.Core.ManagedScriptObjects.XmlObjects.ManagedXmlInDataStructureObjectTests" name="get_Repetition_NotInitialized_Fails" />
    </UnitTest>
    <UnitTest name="set_SchemaValidate_NotInitialized_Fails" storage="f:\etwork\bin\tests\unittests.icore.component.core.dll" id="a2fea1b6-2a16-5d6c-d911-d6d753d1003b">
      <Execution id="74491e44-113b-44f7-aefb-802dc30227c6" />
      <TestMethod codeBase="F:\ETWork\bin\Tests\UnitTests.iCore.Component.Core.dll" adapterTypeName="Microsoft.VisualStudio.TestTools.TestTypes.Unit.UnitTestAdapter" className="UnitTests.iCore.Component.Core.ManagedScriptObjects.XmlObjects.ManagedXmlInDataStructureObjectTests" name="set_SchemaValidate_NotInitialized_Fails" />
    </UnitTest>
    <UnitTest name="set_SchemaValidate_CorrectValueSentToImplementation" storage="f:\etwork\bin\tests\unittests.icore.component.core.dll" id="76d4b28f-8533-ebba-c691-530655bd8653">
      <Execution id="517cb4f3-1105-4da8-8d86-4f9b6eb8fbf9" />
      <TestMethod codeBase="F:\ETWork\bin\Tests\UnitTests.iCore.Component.Core.dll" adapterTypeName="Microsoft.VisualStudio.TestTools.TestTypes.Unit.UnitTestAdapter" className="UnitTests.iCore.Component.Core.ManagedScriptObjects.XmlObjects.ManagedXmlInDataStructureObjectTests" name="set_SchemaValidate_CorrectValueSentToImplementation" />
    </UnitTest>
    <UnitTest name="set_SchemaValidate_ImplementationThrow_Fails" storage="f:\etwork\bin\tests\unittests.icore.component.core.dll" id="42cd896a-fdf4-0296-0db3-7e853a814fd6">
      <Execution id="399873c7-7591-4117-81ef-75e7f82cc6de" />
      <TestMethod codeBase="F:\ETWork\bin\Tests\UnitTests.iCore.Component.Core.dll" adapterTypeName="Microsoft.VisualStudio.TestTools.TestTypes.Unit.UnitTestAdapter" className="UnitTests.iCore.Component.Core.ManagedScriptObjects.XmlObjects.ManagedXmlInDataStructureObjectTests" name="set_SchemaValidate_ImplementationThrow_Fails" />
    </UnitTest>
    <UnitTest name="get_SchemaValidate_ValueReturnedFromImplementation" storage="f:\etwork\bin\tests\unittests.icore.component.core.dll" id="d8189415-3659-e4ef-215d-3dec92c4218e">
      <Execution id="f547ae6d-2178-45fd-9ecf-e35483a56cda" />
      <TestMethod codeBase="F:\ETWork\bin\Tests\UnitTests.iCore.Component.Core.dll" adapterTypeName="Microsoft.VisualStudio.TestTools.TestTypes.Unit.UnitTestAdapter" className="UnitTests.iCore.Component.Core.ManagedScriptObjects.XmlObjects.ManagedXmlInDataStructureObjectTests" name="get_SchemaValidate_ValueReturnedFromImplementation" />
    </UnitTest>
    <UnitTest name="get_SchemaValidate_NotInitialized_Fails" storage="f:\etwork\bin\tests\unittests.icore.component.core.dll" id="7f8185d0-50b2-f7fc-07be-9124fedf067e">
      <Execution id="39627670-6204-41be-afb4-256635e0c1dc" />
      <TestMethod codeBase="F:\ETWork\bin\Tests\UnitTests.iCore.Component.Core.dll" adapterTypeName="Microsoft.VisualStudio.TestTools.TestTypes.Unit.UnitTestAdapter" className="UnitTests.iCore.Component.Core.ManagedScriptObjects.XmlObjects.ManagedXmlInDataStructureObjectTests" name="get_SchemaValidate_NotInitialized_Fails" />
    </UnitTest>
    <UnitTest name="get_SchemaValidate_ImplementationThrow_Fails" storage="f:\etwork\bin\tests\unittests.icore.component.core.dll" id="c857cdb8-6ed0-a5cc-bc84-95634125cf07">
      <Execution id="18957afc-1078-486c-8454-2f8cd8b69f65" />
      <TestMethod codeBase="F:\ETWork\bin\Tests\UnitTests.iCore.Component.Core.dll" adapterTypeName="Microsoft.VisualStudio.TestTools.TestTypes.Unit.UnitTestAdapter" className="UnitTests.iCore.Component.Core.ManagedScriptObjects.XmlObjects.ManagedXmlInDataStructureObjectTests" name="get_SchemaValidate_ImplementationThrow_Fails" />
    </UnitTest>
    <UnitTest name="set_UpdateElementValue_CorrectValueSentToImplementation" storage="f:\etwork\bin\tests\unittests.icore.component.core.dll" id="949c4391-62db-2a28-7ebd-4e6e544663eb">
      <Execution id="6ace0a3c-545c-43d9-8beb-68645420d601" />
      <TestMethod codeBase="F:\ETWork\bin\Tests\UnitTests.iCore.Component.Core.dll" adapterTypeName="Microsoft.VisualStudio.TestTools.TestTypes.Unit.UnitTestAdapter" className="UnitTests.iCore.Component.Core.ManagedScriptObjects.XmlObjects.ManagedXmlInDataStructureObjectTests" name="set_UpdateElementValue_CorrectValueSentToImplementation" />
    </UnitTest>
    <UnitTest name="set_UpdateElementValue_NotInitialized_Fails" storage="f:\etwork\bin\tests\unittests.icore.component.core.dll" id="9382cbec-1b01-fc76-52fe-13db3925facf">
      <Execution id="f6815f79-866e-41cf-beb0-7dda0ecaa9b1" />
      <TestMethod codeBase="F:\ETWork\bin\Tests\UnitTests.iCore.Component.Core.dll" adapterTypeName="Microsoft.VisualStudio.TestTools.TestTypes.Unit.UnitTestAdapter" className="UnitTests.iCore.Component.Core.ManagedScriptObjects.XmlObjects.ManagedXmlInDataStructureObjectTests" name="set_UpdateElementValue_NotInitialized_Fails" />
    </UnitTest>
    <UnitTest name="set_UpdateElementValue_ImplementationThrow_Fails" storage="f:\etwork\bin\tests\unittests.icore.component.core.dll" id="7c7bf76b-9a7b-704e-844d-66c2ce787e1a">
      <Execution id="8ccbe607-41bd-45f1-bc08-fd3ce8dc3296" />
      <TestMethod codeBase="F:\ETWork\bin\Tests\UnitTests.iCore.Component.Core.dll" adapterTypeName="Microsoft.VisualStudio.TestTools.TestTypes.Unit.UnitTestAdapter" className="UnitTests.iCore.Component.Core.ManagedScriptObjects.XmlObjects.ManagedXmlInDataStructureObjectTests" name="set_UpdateElementValue_ImplementationThrow_Fails" />
    </UnitTest>
    <UnitTest name="get_UpdateElementValue_ValueReturnedFromImplementation" storage="f:\etwork\bin\tests\unittests.icore.component.core.dll" id="d3343ef0-750f-2669-efc8-fb2200afa8c0">
      <Execution id="5824252c-a55b-4961-8c7b-0b8482b65b61" />
      <TestMethod codeBase="F:\ETWork\bin\Tests\UnitTests.iCore.Component.Core.dll" adapterTypeName="Microsoft.VisualStudio.TestTools.TestTypes.Unit.UnitTestAdapter" className="UnitTests.iCore.Component.Core.ManagedScriptObjects.XmlObjects.ManagedXmlInDataStructureObjectTests" name="get_UpdateElementValue_ValueReturnedFromImplementation" />
    </UnitTest>
    <UnitTest name="get_UpdateElementValue_NotInitialized_Fails" storage="f:\etwork\bin\tests\unittests.icore.component.core.dll" id="0c3d9dd4-02ed-2941-4d8c-f62509e11f52">
      <Execution id="984ece3f-e5fe-4a38-b47c-6ad3d8ad3f9b" />
      <TestMethod codeBase="F:\ETWork\bin\Tests\UnitTests.iCore.Component.Core.dll" adapterTypeName="Microsoft.VisualStudio.TestTools.TestTypes.Unit.UnitTestAdapter" className="UnitTests.iCore.Component.Core.ManagedScriptObjects.XmlObjects.ManagedXmlInDataStructureObjectTests" name="get_UpdateElementValue_NotInitialized_Fails" />
    </UnitTest>
    <UnitTest name="get_UpdateElementValue_ImplementationThrow_Fails" storage="f:\etwork\bin\tests\unittests.icore.component.core.dll" id="9eac6a73-c246-efef-359e-f0ae230f5183">
      <Execution id="027f216c-9f5b-4ad0-9335-3133b92a1489" />
      <TestMethod codeBase="F:\ETWork\bin\Tests\UnitTests.iCore.Component.Core.dll" adapterTypeName="Microsoft.VisualStudio.TestTools.TestTypes.Unit.UnitTestAdapter" className="UnitTests.iCore.Component.Core.ManagedScriptObjects.XmlObjects.ManagedXmlInDataStructureObjectTests" name="get_UpdateElementValue_ImplementationThrow_Fails" />
    </UnitTest>
    <UnitTest name="get_LastErrorCode_NotInitialized_Fails" storage="f:\etwork\bin\tests\unittests.icore.component.core.dll" id="b5a9c9c5-42d6-a34a-00f5-87cb455bc2ad">
      <Execution id="96cc7c67-9b32-4cd8-9fee-0eb09e88964d" />
      <TestMethod codeBase="F:\ETWork\bin\Tests\UnitTests.iCore.Component.Core.dll" adapterTypeName="Microsoft.VisualStudio.TestTools.TestTypes.Unit.UnitTestAdapter" className="UnitTests.iCore.Component.Core.ManagedScriptObjects.XmlObjects.ManagedXmlInDataStructureObjectTests" name="get_LastErrorCode_NotInitialized_Fails" />
    </UnitTest>
    <UnitTest name="get_LastErrorCode_ParseMethodSucceded_ReturnsS_OK" storage="f:\etwork\bin\tests\unittests.icore.component.core.dll" id="ab3d0a4d-a7ea-5c8b-ab1e-2fbca4818a58">
      <Execution id="9f9cfc57-6b93-4c0c-bbbc-da6b57ab43b5" />
      <TestMethod codeBase="F:\ETWork\bin\Tests\UnitTests.iCore.Component.Core.dll" adapterTypeName="Microsoft.VisualStudio.TestTools.TestTypes.Unit.UnitTestAdapter" className="UnitTests.iCore.Component.Core.ManagedScriptObjects.XmlObjects.ManagedXmlInDataStructureObjectTests" name="get_LastErrorCode_ParseMethodSucceded_ReturnsS_OK" />
    </UnitTest>
    <UnitTest name="get_LastErrorCode_ParseMethodFails_ReturnsSameErrorAsParseDid" storage="f:\etwork\bin\tests\unittests.icore.component.core.dll" id="2abe22be-0b18-772f-238a-b2eb6a26103d">
      <Execution id="34c516a1-36cc-4cbb-bfba-ca8435003929" />
      <TestMethod codeBase="F:\ETWork\bin\Tests\UnitTests.iCore.Component.Core.dll" adapterTypeName="Microsoft.VisualStudio.TestTools.TestTypes.Unit.UnitTestAdapter" className="UnitTests.iCore.Component.Core.ManagedScriptObjects.XmlObjects.ManagedXmlInDataStructureObjectTests" name="get_LastErrorCode_ParseMethodFails_ReturnsSameErrorAsParseDid" />
    </UnitTest>
    <UnitTest name="get_LastErrorText_NotInitialized_Fails" storage="f:\etwork\bin\tests\unittests.icore.component.core.dll" id="d421ad9c-544f-97d1-ccb0-e26efbe1dd9d">
      <Execution id="09bd2259-ea3f-4def-ae88-33ed22a15198" />
      <TestMethod codeBase="F:\ETWork\bin\Tests\UnitTests.iCore.Component.Core.dll" adapterTypeName="Microsoft.VisualStudio.TestTools.TestTypes.Unit.UnitTestAdapter" className="UnitTests.iCore.Component.Core.ManagedScriptObjects.XmlObjects.ManagedXmlInDataStructureObjectTests" name="get_LastErrorText_NotInitialized_Fails" />
    </UnitTest>
    <UnitTest name="get_LastErrorText_ParseMethodSucceded_ReturnsEmptyString" storage="f:\etwork\bin\tests\unittests.icore.component.core.dll" id="86ad32c8-50a5-79c4-fa5e-e104a82983e4">
      <Execution id="b029cffd-eaec-4bca-b657-875aa02ac344" />
      <TestMethod codeBase="F:\ETWork\bin\Tests\UnitTests.iCore.Component.Core.dll" adapterTypeName="Microsoft.VisualStudio.TestTools.TestTypes.Unit.UnitTestAdapter" className="UnitTests.iCore.Component.Core.ManagedScriptObjects.XmlObjects.ManagedXmlInDataStructureObjectTests" name="get_LastErrorText_ParseMethodSucceded_ReturnsEmptyString" />
    </UnitTest>
    <UnitTest name="get_LastErrorText_ParseMethodFails_ReturnsErrorText" storage="f:\etwork\bin\tests\unittests.icore.component.core.dll" id="d468c2f6-3db7-1ce2-5d20-0a08df473a05">
      <Execution id="7aec1885-522a-4dfb-a01b-bfeb2808dfc5" />
      <TestMethod codeBase="F:\ETWork\bin\Tests\UnitTests.iCore.Component.Core.dll" adapterTypeName="Microsoft.VisualStudio.TestTools.TestTypes.Unit.UnitTestAdapter" className="UnitTests.iCore.Component.Core.ManagedScriptObjects.XmlObjects.ManagedXmlInDataStructureObjectTests" name="get_LastErrorText_ParseMethodFails_ReturnsErrorText" />
    </UnitTest>
    <UnitTest name="ManagedXmlNodeCollectionObject_DefaultCtorTest" storage="f:\etwork\bin\tests\unittests.icore.component.core.dll" id="d671fca5-dae0-9174-49e9-7fefbff5833e">
      <Execution id="b5e6b8d3-2e5c-4ab9-819b-0562169635ad" />
      <TestMethod codeBase="F:\ETWork\bin\Tests\UnitTests.iCore.Component.Core.dll" adapterTypeName="Microsoft.VisualStudio.TestTools.TestTypes.Unit.UnitTestAdapter" className="UnitTests.iCore.Component.Core.ManagedScriptObjects.XmlObjects.ManagedXmlNodeCollectionObjectTests" name="ManagedXmlNodeCollectionObject_DefaultCtorTest" />
    </UnitTest>
    <UnitTest name="get_Count_UsesRuntime_Success" storage="f:\etwork\bin\tests\unittests.icore.component.core.dll" id="6601d608-c317-f3fa-506a-5d29665693e8">
      <Execution id="10e7faf3-87f1-4a91-b1e7-60aae0461655" />
      <TestMethod codeBase="F:\ETWork\bin\Tests\UnitTests.iCore.Component.Core.dll" adapterTypeName="Microsoft.VisualStudio.TestTools.TestTypes.Unit.UnitTestAdapter" className="UnitTests.iCore.Component.Core.ManagedScriptObjects.XmlObjects.ManagedXmlNodeCollectionObjectTests" name="get_Count_UsesRuntime_Success" />
    </UnitTest>
    <UnitTest name="get_Count_RuntimeThrows_ReturnsFailed" storage="f:\etwork\bin\tests\unittests.icore.component.core.dll" id="e6ee0b0a-61b9-9b63-db51-a1d8a4781209">
      <Execution id="b057b7ec-dbde-4d57-96b7-e54875f05399" />
      <TestMethod codeBase="F:\ETWork\bin\Tests\UnitTests.iCore.Component.Core.dll" adapterTypeName="Microsoft.VisualStudio.TestTools.TestTypes.Unit.UnitTestAdapter" className="UnitTests.iCore.Component.Core.ManagedScriptObjects.XmlObjects.ManagedXmlNodeCollectionObjectTests" name="get_Count_RuntimeThrows_ReturnsFailed" />
    </UnitTest>
    <UnitTest name="get_Count_NotInitialized_Throws" storage="f:\etwork\bin\tests\unittests.icore.component.core.dll" id="92badf84-7d1e-88a4-01dd-dbab1ed4f856">
      <Execution id="314b004a-a3d6-4b01-998c-01635608a071" />
      <TestMethod codeBase="F:\ETWork\bin\Tests\UnitTests.iCore.Component.Core.dll" adapterTypeName="Microsoft.VisualStudio.TestTools.TestTypes.Unit.UnitTestAdapter" className="UnitTests.iCore.Component.Core.ManagedScriptObjects.XmlObjects.ManagedXmlNodeCollectionObjectTests" name="get_Count_NotInitialized_Throws" />
    </UnitTest>
    <UnitTest name="get_Item_UsesRuntime_Success" storage="f:\etwork\bin\tests\unittests.icore.component.core.dll" id="a11d27d8-179c-8808-037a-7fc074b294db">
      <Execution id="dbd010fe-a06b-40a0-800b-15ae75b1853f" />
      <TestMethod codeBase="F:\ETWork\bin\Tests\UnitTests.iCore.Component.Core.dll" adapterTypeName="Microsoft.VisualStudio.TestTools.TestTypes.Unit.UnitTestAdapter" className="UnitTests.iCore.Component.Core.ManagedScriptObjects.XmlObjects.ManagedXmlNodeCollectionObjectTests" name="get_Item_UsesRuntime_Success" />
    </UnitTest>
    <UnitTest name="get_Item_RuntimeThrows_ReturnsFailed" storage="f:\etwork\bin\tests\unittests.icore.component.core.dll" id="4983b516-df56-c78b-bd49-5a8c0e07fafd">
      <Execution id="63ce70f6-aefe-47cb-beea-e4c47f62f036" />
      <TestMethod codeBase="F:\ETWork\bin\Tests\UnitTests.iCore.Component.Core.dll" adapterTypeName="Microsoft.VisualStudio.TestTools.TestTypes.Unit.UnitTestAdapter" className="UnitTests.iCore.Component.Core.ManagedScriptObjects.XmlObjects.ManagedXmlNodeCollectionObjectTests" name="get_Item_RuntimeThrows_ReturnsFailed" />
    </UnitTest>
    <UnitTest name="get_Item_NotInitialized_Throws" storage="f:\etwork\bin\tests\unittests.icore.component.core.dll" id="a2dfc829-a3db-3459-1a75-4163200019ab">
      <Execution id="2156f81a-d383-4c7d-9e82-61b720fd8462" />
      <TestMethod codeBase="F:\ETWork\bin\Tests\UnitTests.iCore.Component.Core.dll" adapterTypeName="Microsoft.VisualStudio.TestTools.TestTypes.Unit.UnitTestAdapter" className="UnitTests.iCore.Component.Core.ManagedScriptObjects.XmlObjects.ManagedXmlNodeCollectionObjectTests" name="get_Item_NotInitialized_Throws" />
    </UnitTest>
    <UnitTest name="GetNode_UsesRuntime_Success" storage="f:\etwork\bin\tests\unittests.icore.component.core.dll" id="21cf2960-b537-a422-87e3-0b89733c257c">
      <Execution id="b6ee72cb-e2d2-446d-a9cb-500d0c738620" />
      <TestMethod codeBase="F:\ETWork\bin\Tests\UnitTests.iCore.Component.Core.dll" adapterTypeName="Microsoft.VisualStudio.TestTools.TestTypes.Unit.UnitTestAdapter" className="UnitTests.iCore.Component.Core.ManagedScriptObjects.XmlObjects.ManagedXmlNodeCollectionObjectTests" name="GetNode_UsesRuntime_Success" />
    </UnitTest>
    <UnitTest name="GetNode_RuntimeThrows_ReturnsFailed" storage="f:\etwork\bin\tests\unittests.icore.component.core.dll" id="5af22e28-afba-074d-1a80-8f63d1c33ed7">
      <Execution id="a144cc00-587f-4ff1-b65c-427857f5d3aa" />
      <TestMethod codeBase="F:\ETWork\bin\Tests\UnitTests.iCore.Component.Core.dll" adapterTypeName="Microsoft.VisualStudio.TestTools.TestTypes.Unit.UnitTestAdapter" className="UnitTests.iCore.Component.Core.ManagedScriptObjects.XmlObjects.ManagedXmlNodeCollectionObjectTests" name="GetNode_RuntimeThrows_ReturnsFailed" />
    </UnitTest>
    <UnitTest name="GetNode_RuntimeReturnsNull_ReturnsFailed" storage="f:\etwork\bin\tests\unittests.icore.component.core.dll" id="c96d9e43-cb3a-3a9b-a65e-c6b282c0fd14">
      <Execution id="236f3ee4-bbe8-41bf-b1a7-535f43b6158f" />
      <TestMethod codeBase="F:\ETWork\bin\Tests\UnitTests.iCore.Component.Core.dll" adapterTypeName="Microsoft.VisualStudio.TestTools.TestTypes.Unit.UnitTestAdapter" className="UnitTests.iCore.Component.Core.ManagedScriptObjects.XmlObjects.ManagedXmlNodeCollectionObjectTests" name="GetNode_RuntimeReturnsNull_ReturnsFailed" />
    </UnitTest>
    <UnitTest name="GetNode_NotInitialized_Throws" storage="f:\etwork\bin\tests\unittests.icore.component.core.dll" id="91e6abe0-593e-1558-29b5-19b362396e6b">
      <Execution id="d7ac02a9-d794-493d-864d-ce6ef1375338" />
      <TestMethod codeBase="F:\ETWork\bin\Tests\UnitTests.iCore.Component.Core.dll" adapterTypeName="Microsoft.VisualStudio.TestTools.TestTypes.Unit.UnitTestAdapter" className="UnitTests.iCore.Component.Core.ManagedScriptObjects.XmlObjects.ManagedXmlNodeCollectionObjectTests" name="GetNode_NotInitialized_Throws" />
    </UnitTest>
    <UnitTest name="BooleanProperties_Uses_Runtime" storage="f:\etwork\bin\tests\unittests.icore.component.core.dll" id="6f313218-1203-ea9d-c1be-0129c845ede5">
      <Execution id="c644a50c-4c74-4dd3-a0ca-6c442acaaa8f" />
      <TestMethod codeBase="F:\ETWork\bin\Tests\UnitTests.iCore.Component.Core.dll" adapterTypeName="Microsoft.VisualStudio.TestTools.TestTypes.Unit.UnitTestAdapter" className="UnitTests.iCore.Component.Core.ManagedScriptObjects.XmlObjects.ManagedXmlNodeObjectTests" name="BooleanProperties_Uses_Runtime" />
    </UnitTest>
    <UnitTest name="StringProperties_Uses_Runtime" storage="f:\etwork\bin\tests\unittests.icore.component.core.dll" id="d8f0b8f6-420a-fdb5-8983-cf4c4ca505da">
      <Execution id="cb771de7-e1ae-41b7-add1-b12851c196ad" />
      <TestMethod codeBase="F:\ETWork\bin\Tests\UnitTests.iCore.Component.Core.dll" adapterTypeName="Microsoft.VisualStudio.TestTools.TestTypes.Unit.UnitTestAdapter" className="UnitTests.iCore.Component.Core.ManagedScriptObjects.XmlObjects.ManagedXmlNodeObjectTests" name="StringProperties_Uses_Runtime" />
    </UnitTest>
    <UnitTest name="NodeProperties_Uses_Runtime" storage="f:\etwork\bin\tests\unittests.icore.component.core.dll" id="3e2694be-2264-2d83-1331-4a32c9022d12">
      <Execution id="eb95171d-5384-4a99-85de-bf6b6f732bff" />
      <TestMethod codeBase="F:\ETWork\bin\Tests\UnitTests.iCore.Component.Core.dll" adapterTypeName="Microsoft.VisualStudio.TestTools.TestTypes.Unit.UnitTestAdapter" className="UnitTests.iCore.Component.Core.ManagedScriptObjects.XmlObjects.ManagedXmlNodeObjectTests" name="NodeProperties_Uses_Runtime" />
    </UnitTest>
    <UnitTest name="get_Attributes_UsesRuntime" storage="f:\etwork\bin\tests\unittests.icore.component.core.dll" id="58ca5d7b-0a45-beb7-f7fa-af88081b047c">
      <Execution id="4aca5f8f-7b54-41c2-877b-6cabd2b10baa" />
      <TestMethod codeBase="F:\ETWork\bin\Tests\UnitTests.iCore.Component.Core.dll" adapterTypeName="Microsoft.VisualStudio.TestTools.TestTypes.Unit.UnitTestAdapter" className="UnitTests.iCore.Component.Core.ManagedScriptObjects.XmlObjects.ManagedXmlNodeObjectTests" name="get_Attributes_UsesRuntime" />
    </UnitTest>
    <UnitTest name="get_Type_UsesRuntime" storage="f:\etwork\bin\tests\unittests.icore.component.core.dll" id="a6684501-550e-f779-5d30-eed2db00c517">
      <Execution id="947ec8ae-1687-49cb-beb7-2fc4ffa8f1e7" />
      <TestMethod codeBase="F:\ETWork\bin\Tests\UnitTests.iCore.Component.Core.dll" adapterTypeName="Microsoft.VisualStudio.TestTools.TestTypes.Unit.UnitTestAdapter" className="UnitTests.iCore.Component.Core.ManagedScriptObjects.XmlObjects.ManagedXmlNodeObjectTests" name="get_Type_UsesRuntime" />
    </UnitTest>
    <UnitTest name="GetAttribute_AttributeNotFound_ReturnsNull" storage="f:\etwork\bin\tests\unittests.icore.component.core.dll" id="e5abfd40-d1ed-d50f-2b23-6cad134cc24b">
      <Execution id="64de8f27-7a09-4506-9f01-17b54422ebd6" />
      <TestMethod codeBase="F:\ETWork\bin\Tests\UnitTests.iCore.Component.Core.dll" adapterTypeName="Microsoft.VisualStudio.TestTools.TestTypes.Unit.UnitTestAdapter" className="UnitTests.iCore.Component.Core.ManagedScriptObjects.XmlObjects.ManagedXmlNodeObjectTests" name="GetAttribute_AttributeNotFound_ReturnsNull" />
    </UnitTest>
    <UnitTest name="Comment_NotInitialized_ReturnsFailed" storage="f:\etwork\bin\tests\unittests.icore.component.core.dll" id="4d22feb2-2da3-8d37-e617-fd8dc0c3b953">
      <Execution id="9c6461ff-6bc0-493f-adc6-1b5e5747e095" />
      <TestMethod codeBase="F:\ETWork\bin\Tests\UnitTests.iCore.Component.Core.dll" adapterTypeName="Microsoft.VisualStudio.TestTools.TestTypes.Unit.UnitTestAdapter" className="UnitTests.iCore.Component.Core.ManagedScriptObjects.XmlObjects.ManagedXmlWriterObjectTests" name="Comment_NotInitialized_ReturnsFailed" />
    </UnitTest>
    <UnitTest name="set_ByteOrderMark_RecreatesEncoding" storage="f:\etwork\bin\tests\unittests.icore.component.core.dll" id="ee183ebb-ad25-3d55-67a7-55134e46d3d1">
      <Execution id="af0b276a-eb60-46c5-a67f-ca6a90128f23" />
      <TestMethod codeBase="F:\ETWork\bin\Tests\UnitTests.iCore.Component.Core.dll" adapterTypeName="Microsoft.VisualStudio.TestTools.TestTypes.Unit.UnitTestAdapter" className="UnitTests.iCore.Component.Core.ManagedScriptObjects.XmlObjects.ManagedXmlWriterObjectTests" name="set_ByteOrderMark_RecreatesEncoding" />
    </UnitTest>
    <UnitTest name="get_DisableOutputEscaping_UsesRuntime" storage="f:\etwork\bin\tests\unittests.icore.component.core.dll" id="b2307e47-af32-4afd-7b1c-3553232a6858">
      <Execution id="50d70539-e8ed-4474-b136-784389320a42" />
      <TestMethod codeBase="F:\ETWork\bin\Tests\UnitTests.iCore.Component.Core.dll" adapterTypeName="Microsoft.VisualStudio.TestTools.TestTypes.Unit.UnitTestAdapter" className="UnitTests.iCore.Component.Core.ManagedScriptObjects.XmlObjects.ManagedXmlWriterObjectTests" name="get_DisableOutputEscaping_UsesRuntime" />
    </UnitTest>
    <UnitTest name="get_DisableOutputEscaping_RuntimeThrows_ReturnsFailed" storage="f:\etwork\bin\tests\unittests.icore.component.core.dll" id="67d179bf-bcc5-7807-aacd-d86d5510fb0f">
      <Execution id="207afeac-3fa5-46b0-a28e-3f3254f10761" />
      <TestMethod codeBase="F:\ETWork\bin\Tests\UnitTests.iCore.Component.Core.dll" adapterTypeName="Microsoft.VisualStudio.TestTools.TestTypes.Unit.UnitTestAdapter" className="UnitTests.iCore.Component.Core.ManagedScriptObjects.XmlObjects.ManagedXmlWriterObjectTests" name="get_DisableOutputEscaping_RuntimeThrows_ReturnsFailed" />
    </UnitTest>
    <UnitTest name="get_DisableOutputEscaping_NotInitialized_ReturnsFailed" storage="f:\etwork\bin\tests\unittests.icore.component.core.dll" id="219ca91d-89ee-549c-c444-35531717c0bd">
      <Execution id="04bcdb60-acba-441b-8c20-b57ab7ba3abc" />
      <TestMethod codeBase="F:\ETWork\bin\Tests\UnitTests.iCore.Component.Core.dll" adapterTypeName="Microsoft.VisualStudio.TestTools.TestTypes.Unit.UnitTestAdapter" className="UnitTests.iCore.Component.Core.ManagedScriptObjects.XmlObjects.ManagedXmlWriterObjectTests" name="get_DisableOutputEscaping_NotInitialized_ReturnsFailed" />
    </UnitTest>
    <UnitTest name="set_DisableOutputEscaping_UsesRuntime_Success" storage="f:\etwork\bin\tests\unittests.icore.component.core.dll" id="dc413f0f-2b99-75b0-c42c-fe39d5815b51">
      <Execution id="d376eaf3-2502-40c9-a1d7-d676a1794dc1" />
      <TestMethod codeBase="F:\ETWork\bin\Tests\UnitTests.iCore.Component.Core.dll" adapterTypeName="Microsoft.VisualStudio.TestTools.TestTypes.Unit.UnitTestAdapter" className="UnitTests.iCore.Component.Core.ManagedScriptObjects.XmlObjects.ManagedXmlWriterObjectTests" name="set_DisableOutputEscaping_UsesRuntime_Success" />
    </UnitTest>
    <UnitTest name="set_DisableOutputEscaping_RuntimeThrows_ReturnsFailed" storage="f:\etwork\bin\tests\unittests.icore.component.core.dll" id="2c167ac9-36c0-99e8-233e-b43cac68c3c7">
      <Execution id="4616dbb1-f9a7-4dac-9458-2e4a01e2228c" />
      <TestMethod codeBase="F:\ETWork\bin\Tests\UnitTests.iCore.Component.Core.dll" adapterTypeName="Microsoft.VisualStudio.TestTools.TestTypes.Unit.UnitTestAdapter" className="UnitTests.iCore.Component.Core.ManagedScriptObjects.XmlObjects.ManagedXmlWriterObjectTests" name="set_DisableOutputEscaping_RuntimeThrows_ReturnsFailed" />
    </UnitTest>
    <UnitTest name="set_DisableOutputEscaping_NotInitialized_ReturnsFailed" storage="f:\etwork\bin\tests\unittests.icore.component.core.dll" id="c195041e-8e10-4812-f294-acb49104bce4">
      <Execution id="e5041706-6372-46be-8cc6-0080080a8b70" />
      <TestMethod codeBase="F:\ETWork\bin\Tests\UnitTests.iCore.Component.Core.dll" adapterTypeName="Microsoft.VisualStudio.TestTools.TestTypes.Unit.UnitTestAdapter" className="UnitTests.iCore.Component.Core.ManagedScriptObjects.XmlObjects.ManagedXmlWriterObjectTests" name="set_DisableOutputEscaping_NotInitialized_ReturnsFailed" />
    </UnitTest>
    <UnitTest name="set_Encoding_UsesRuntime" storage="f:\etwork\bin\tests\unittests.icore.component.core.dll" id="6018d66b-bfd8-b7a0-9e5b-1d4398de6182">
      <Execution id="1e962f00-da6f-47ad-b334-6f074fafa922" />
      <TestMethod codeBase="F:\ETWork\bin\Tests\UnitTests.iCore.Component.Core.dll" adapterTypeName="Microsoft.VisualStudio.TestTools.TestTypes.Unit.UnitTestAdapter" className="UnitTests.iCore.Component.Core.ManagedScriptObjects.XmlObjects.ManagedXmlWriterObjectTests" name="set_Encoding_UsesRuntime" />
    </UnitTest>
    <UnitTest name="set_Encoding_RuntimeThrows_ReturnsFailed" storage="f:\etwork\bin\tests\unittests.icore.component.core.dll" id="80a11e93-8458-9372-14a5-9a9357aaa17b">
      <Execution id="e2d78386-e196-4301-bf58-4071bf6c68d4" />
      <TestMethod codeBase="F:\ETWork\bin\Tests\UnitTests.iCore.Component.Core.dll" adapterTypeName="Microsoft.VisualStudio.TestTools.TestTypes.Unit.UnitTestAdapter" className="UnitTests.iCore.Component.Core.ManagedScriptObjects.XmlObjects.ManagedXmlWriterObjectTests" name="set_Encoding_RuntimeThrows_ReturnsFailed" />
    </UnitTest>
    <UnitTest name="set_Encoding_NotInitialized_ReturnsFailed" storage="f:\etwork\bin\tests\unittests.icore.component.core.dll" id="a015da5b-d974-19c2-6f76-b71bf8446557">
      <Execution id="4b5f962b-00c8-44a9-810c-82e506f58eff" />
      <TestMethod codeBase="F:\ETWork\bin\Tests\UnitTests.iCore.Component.Core.dll" adapterTypeName="Microsoft.VisualStudio.TestTools.TestTypes.Unit.UnitTestAdapter" className="UnitTests.iCore.Component.Core.ManagedScriptObjects.XmlObjects.ManagedXmlWriterObjectTests" name="set_Encoding_NotInitialized_ReturnsFailed" />
    </UnitTest>
    <UnitTest name="get_Indent_UsesRuntime" storage="f:\etwork\bin\tests\unittests.icore.component.core.dll" id="f76414fe-9d70-54c9-b6f9-8f54215e9022">
      <Execution id="55a11157-67d7-4f96-849a-b53561a36fd6" />
      <TestMethod codeBase="F:\ETWork\bin\Tests\UnitTests.iCore.Component.Core.dll" adapterTypeName="Microsoft.VisualStudio.TestTools.TestTypes.Unit.UnitTestAdapter" className="UnitTests.iCore.Component.Core.ManagedScriptObjects.XmlObjects.ManagedXmlWriterObjectTests" name="get_Indent_UsesRuntime" />
    </UnitTest>
    <UnitTest name="get_Indent_RuntimeThrows_ReturnsFailed" storage="f:\etwork\bin\tests\unittests.icore.component.core.dll" id="c27e602f-669f-e5e8-6d5c-70f2256edc71">
      <Execution id="6b354c2d-f429-4d2d-93ea-e0ad9a97bcbc" />
      <TestMethod codeBase="F:\ETWork\bin\Tests\UnitTests.iCore.Component.Core.dll" adapterTypeName="Microsoft.VisualStudio.TestTools.TestTypes.Unit.UnitTestAdapter" className="UnitTests.iCore.Component.Core.ManagedScriptObjects.XmlObjects.ManagedXmlWriterObjectTests" name="get_Indent_RuntimeThrows_ReturnsFailed" />
    </UnitTest>
    <UnitTest name="get_Indent_NotInitialized_ReturnsFailed" storage="f:\etwork\bin\tests\unittests.icore.component.core.dll" id="57fb6706-0917-a850-db93-753905cee64b">
      <Execution id="5af0cc9f-d104-4cc8-959f-09cc55b20351" />
      <TestMethod codeBase="F:\ETWork\bin\Tests\UnitTests.iCore.Component.Core.dll" adapterTypeName="Microsoft.VisualStudio.TestTools.TestTypes.Unit.UnitTestAdapter" className="UnitTests.iCore.Component.Core.ManagedScriptObjects.XmlObjects.ManagedXmlWriterObjectTests" name="get_Indent_NotInitialized_ReturnsFailed" />
    </UnitTest>
    <UnitTest name="set_Indent_UsesRuntime_Success" storage="f:\etwork\bin\tests\unittests.icore.component.core.dll" id="a485d791-ee7d-9d6f-c9b8-7465d1f59c86">
      <Execution id="58dc1b0b-e77b-4018-ae31-4e45858d7b23" />
      <TestMethod codeBase="F:\ETWork\bin\Tests\UnitTests.iCore.Component.Core.dll" adapterTypeName="Microsoft.VisualStudio.TestTools.TestTypes.Unit.UnitTestAdapter" className="UnitTests.iCore.Component.Core.ManagedScriptObjects.XmlObjects.ManagedXmlWriterObjectTests" name="set_Indent_UsesRuntime_Success" />
    </UnitTest>
    <UnitTest name="set_Indent_RuntimeThrows_ReturnsFailed" storage="f:\etwork\bin\tests\unittests.icore.component.core.dll" id="517566a9-b5f5-25c4-c9c3-527e3a7ee027">
      <Execution id="71cfb60d-c69f-46f2-b7a4-6d80c1ec16b4" />
      <TestMethod codeBase="F:\ETWork\bin\Tests\UnitTests.iCore.Component.Core.dll" adapterTypeName="Microsoft.VisualStudio.TestTools.TestTypes.Unit.UnitTestAdapter" className="UnitTests.iCore.Component.Core.ManagedScriptObjects.XmlObjects.ManagedXmlWriterObjectTests" name="set_Indent_RuntimeThrows_ReturnsFailed" />
    </UnitTest>
    <UnitTest name="set_Indent_NotInitialized_ReturnsFailed" storage="f:\etwork\bin\tests\unittests.icore.component.core.dll" id="9f482a83-8170-01d5-ac11-0ceac25d960d">
      <Execution id="56322356-4f44-442c-b2a2-2d0f77536b6e" />
      <TestMethod codeBase="F:\ETWork\bin\Tests\UnitTests.iCore.Component.Core.dll" adapterTypeName="Microsoft.VisualStudio.TestTools.TestTypes.Unit.UnitTestAdapter" className="UnitTests.iCore.Component.Core.ManagedScriptObjects.XmlObjects.ManagedXmlWriterObjectTests" name="set_Indent_NotInitialized_ReturnsFailed" />
    </UnitTest>
    <UnitTest name="get_OmitXMLDeclaration_UsesRuntime" storage="f:\etwork\bin\tests\unittests.icore.component.core.dll" id="e4c144dd-6487-a9ad-e92c-90fc7d39babf">
      <Execution id="232629b0-e994-48b4-9880-3614dd51cd4b" />
      <TestMethod codeBase="F:\ETWork\bin\Tests\UnitTests.iCore.Component.Core.dll" adapterTypeName="Microsoft.VisualStudio.TestTools.TestTypes.Unit.UnitTestAdapter" className="UnitTests.iCore.Component.Core.ManagedScriptObjects.XmlObjects.ManagedXmlWriterObjectTests" name="get_OmitXMLDeclaration_UsesRuntime" />
    </UnitTest>
    <UnitTest name="get_OmitXMLDeclaration_RuntimeThrows_ReturnsFailed" storage="f:\etwork\bin\tests\unittests.icore.component.core.dll" id="4d9eb73e-9c1b-603c-d232-cb9d0493c485">
      <Execution id="a0bbecb5-cc7b-4114-9504-fec5e2011143" />
      <TestMethod codeBase="F:\ETWork\bin\Tests\UnitTests.iCore.Component.Core.dll" adapterTypeName="Microsoft.VisualStudio.TestTools.TestTypes.Unit.UnitTestAdapter" className="UnitTests.iCore.Component.Core.ManagedScriptObjects.XmlObjects.ManagedXmlWriterObjectTests" name="get_OmitXMLDeclaration_RuntimeThrows_ReturnsFailed" />
    </UnitTest>
    <UnitTest name="get_OmitXMLDeclaration_NotInitialized_ReturnsFailed" storage="f:\etwork\bin\tests\unittests.icore.component.core.dll" id="b2c30a7f-5508-2a27-c649-072bcc89b995">
      <Execution id="9ce5bd58-8850-49bf-9caa-6e5a223a8b1e" />
      <TestMethod codeBase="F:\ETWork\bin\Tests\UnitTests.iCore.Component.Core.dll" adapterTypeName="Microsoft.VisualStudio.TestTools.TestTypes.Unit.UnitTestAdapter" className="UnitTests.iCore.Component.Core.ManagedScriptObjects.XmlObjects.ManagedXmlWriterObjectTests" name="get_OmitXMLDeclaration_NotInitialized_ReturnsFailed" />
    </UnitTest>
    <UnitTest name="set_OmitXMLDeclaration_UsesRuntime_Success" storage="f:\etwork\bin\tests\unittests.icore.component.core.dll" id="0bb704ad-f03b-fd07-c4b5-e04eb79dcdce">
      <Execution id="611deb2e-1464-4dc6-bdba-64ad94fa01f8" />
      <TestMethod codeBase="F:\ETWork\bin\Tests\UnitTests.iCore.Component.Core.dll" adapterTypeName="Microsoft.VisualStudio.TestTools.TestTypes.Unit.UnitTestAdapter" className="UnitTests.iCore.Component.Core.ManagedScriptObjects.XmlObjects.ManagedXmlWriterObjectTests" name="set_OmitXMLDeclaration_UsesRuntime_Success" />
    </UnitTest>
    <UnitTest name="set_OmitXMLDeclaration_RuntimeThrows_ReturnsFailed" storage="f:\etwork\bin\tests\unittests.icore.component.core.dll" id="94ed4a44-04d6-bbec-d3d7-6f66607a3193">
      <Execution id="a8c50c52-9687-481b-b32e-e5dc4161e442" />
      <TestMethod codeBase="F:\ETWork\bin\Tests\UnitTests.iCore.Component.Core.dll" adapterTypeName="Microsoft.VisualStudio.TestTools.TestTypes.Unit.UnitTestAdapter" className="UnitTests.iCore.Component.Core.ManagedScriptObjects.XmlObjects.ManagedXmlWriterObjectTests" name="set_OmitXMLDeclaration_RuntimeThrows_ReturnsFailed" />
    </UnitTest>
    <UnitTest name="set_OmitXMLDeclaration_NotInitialized_ReturnsFailed" storage="f:\etwork\bin\tests\unittests.icore.component.core.dll" id="4a7aa68c-6bf2-0283-dcf0-0e7488c92173">
      <Execution id="89f05b15-896a-47a7-8ffc-fadbff24a7bb" />
      <TestMethod codeBase="F:\ETWork\bin\Tests\UnitTests.iCore.Component.Core.dll" adapterTypeName="Microsoft.VisualStudio.TestTools.TestTypes.Unit.UnitTestAdapter" className="UnitTests.iCore.Component.Core.ManagedScriptObjects.XmlObjects.ManagedXmlWriterObjectTests" name="set_OmitXMLDeclaration_NotInitialized_ReturnsFailed" />
    </UnitTest>
    <UnitTest name="get_OutputURL_UsesRuntime" storage="f:\etwork\bin\tests\unittests.icore.component.core.dll" id="d1a98af5-07e9-ab84-7a12-6ddc11c19bb6">
      <Execution id="58ddeb4b-0d17-40a0-9968-6db8827bf187" />
      <TestMethod codeBase="F:\ETWork\bin\Tests\UnitTests.iCore.Component.Core.dll" adapterTypeName="Microsoft.VisualStudio.TestTools.TestTypes.Unit.UnitTestAdapter" className="UnitTests.iCore.Component.Core.ManagedScriptObjects.XmlObjects.ManagedXmlWriterObjectTests" name="get_OutputURL_UsesRuntime" />
    </UnitTest>
    <UnitTest name="get_OutputURL_RuntimeThrows_ReturnsFailed" storage="f:\etwork\bin\tests\unittests.icore.component.core.dll" id="be082790-bab5-4156-40ad-bea6a0257c85">
      <Execution id="928bb596-18b3-4250-9efc-8ea751b3b7d9" />
      <TestMethod codeBase="F:\ETWork\bin\Tests\UnitTests.iCore.Component.Core.dll" adapterTypeName="Microsoft.VisualStudio.TestTools.TestTypes.Unit.UnitTestAdapter" className="UnitTests.iCore.Component.Core.ManagedScriptObjects.XmlObjects.ManagedXmlWriterObjectTests" name="get_OutputURL_RuntimeThrows_ReturnsFailed" />
    </UnitTest>
    <UnitTest name="get_OutputURL_NotInitialized_ReturnsFailed" storage="f:\etwork\bin\tests\unittests.icore.component.core.dll" id="674b6115-6a65-cb7b-bcf7-6c1bdbf85a1d">
      <Execution id="9302eb90-5356-4a55-952e-40bd2ee5c938" />
      <TestMethod codeBase="F:\ETWork\bin\Tests\UnitTests.iCore.Component.Core.dll" adapterTypeName="Microsoft.VisualStudio.TestTools.TestTypes.Unit.UnitTestAdapter" className="UnitTests.iCore.Component.Core.ManagedScriptObjects.XmlObjects.ManagedXmlWriterObjectTests" name="get_OutputURL_NotInitialized_ReturnsFailed" />
    </UnitTest>
    <UnitTest name="set_OutputURL_UsesRuntime" storage="f:\etwork\bin\tests\unittests.icore.component.core.dll" id="19728a88-fcd8-7bf5-7388-d9aff018b3f5">
      <Execution id="e515bbe2-7b07-466c-b5f6-962d7d4e048f" />
      <TestMethod codeBase="F:\ETWork\bin\Tests\UnitTests.iCore.Component.Core.dll" adapterTypeName="Microsoft.VisualStudio.TestTools.TestTypes.Unit.UnitTestAdapter" className="UnitTests.iCore.Component.Core.ManagedScriptObjects.XmlObjects.ManagedXmlWriterObjectTests" name="set_OutputURL_UsesRuntime" />
    </UnitTest>
    <UnitTest name="set_OutputURL_RuntimeThrows_ReturnsFailed" storage="f:\etwork\bin\tests\unittests.icore.component.core.dll" id="96f07317-6961-2998-bafc-6f1caa868f50">
      <Execution id="968971c7-b6b4-491a-b73e-0982516448d8" />
      <TestMethod codeBase="F:\ETWork\bin\Tests\UnitTests.iCore.Component.Core.dll" adapterTypeName="Microsoft.VisualStudio.TestTools.TestTypes.Unit.UnitTestAdapter" className="UnitTests.iCore.Component.Core.ManagedScriptObjects.XmlObjects.ManagedXmlWriterObjectTests" name="set_OutputURL_RuntimeThrows_ReturnsFailed" />
    </UnitTest>
    <UnitTest name="set_OutputURL_NotInitialized_ReturnsFailed" storage="f:\etwork\bin\tests\unittests.icore.component.core.dll" id="8c750c53-a4cf-534f-19b4-a32602b31a3d">
      <Execution id="0e7ef1b4-9a07-4d10-8650-05128cfd6979" />
      <TestMethod codeBase="F:\ETWork\bin\Tests\UnitTests.iCore.Component.Core.dll" adapterTypeName="Microsoft.VisualStudio.TestTools.TestTypes.Unit.UnitTestAdapter" className="UnitTests.iCore.Component.Core.ManagedScriptObjects.XmlObjects.ManagedXmlWriterObjectTests" name="set_OutputURL_NotInitialized_ReturnsFailed" />
    </UnitTest>
    <UnitTest name="set_OutputURL_EncodingUpdated" storage="f:\etwork\bin\tests\unittests.icore.component.core.dll" id="2ae5f7ca-ba08-5286-2437-d0718619cd33">
      <Execution id="9b8bdc00-dc22-409d-ab4e-00a88666f20f" />
      <TestMethod codeBase="F:\ETWork\bin\Tests\UnitTests.iCore.Component.Core.dll" adapterTypeName="Microsoft.VisualStudio.TestTools.TestTypes.Unit.UnitTestAdapter" className="UnitTests.iCore.Component.Core.ManagedScriptObjects.XmlObjects.ManagedXmlWriterObjectTests" name="set_OutputURL_EncodingUpdated" />
    </UnitTest>
    <UnitTest name="get_OutputXMLDocument_UsesRuntime" storage="f:\etwork\bin\tests\unittests.icore.component.core.dll" id="0423b905-d134-2fc5-b7b8-b5255da0de7e">
      <Execution id="77e32fce-bf9b-4c24-b73d-dd9d172f0666" />
      <TestMethod codeBase="F:\ETWork\bin\Tests\UnitTests.iCore.Component.Core.dll" adapterTypeName="Microsoft.VisualStudio.TestTools.TestTypes.Unit.UnitTestAdapter" className="UnitTests.iCore.Component.Core.ManagedScriptObjects.XmlObjects.ManagedXmlWriterObjectTests" name="get_OutputXMLDocument_UsesRuntime" />
    </UnitTest>
    <UnitTest name="get_OutputXMLDocument_RuntimeThrows_ReturnsFailed" storage="f:\etwork\bin\tests\unittests.icore.component.core.dll" id="7fda607e-53ef-0724-a4cb-e651afdf246d">
      <Execution id="77847c00-367f-42ef-9447-6112bf9394a2" />
      <TestMethod codeBase="F:\ETWork\bin\Tests\UnitTests.iCore.Component.Core.dll" adapterTypeName="Microsoft.VisualStudio.TestTools.TestTypes.Unit.UnitTestAdapter" className="UnitTests.iCore.Component.Core.ManagedScriptObjects.XmlObjects.ManagedXmlWriterObjectTests" name="get_OutputXMLDocument_RuntimeThrows_ReturnsFailed" />
    </UnitTest>
    <UnitTest name="get_OutputXMLDocument_NotInitialized_ReturnsFailed" storage="f:\etwork\bin\tests\unittests.icore.component.core.dll" id="9dde7f85-2b99-ffc5-6c29-0bb4067accba">
      <Execution id="92a6f278-6aee-4ba8-9a6a-a417fa470aa8" />
      <TestMethod codeBase="F:\ETWork\bin\Tests\UnitTests.iCore.Component.Core.dll" adapterTypeName="Microsoft.VisualStudio.TestTools.TestTypes.Unit.UnitTestAdapter" className="UnitTests.iCore.Component.Core.ManagedScriptObjects.XmlObjects.ManagedXmlWriterObjectTests" name="get_OutputXMLDocument_NotInitialized_ReturnsFailed" />
    </UnitTest>
    <UnitTest name="set_OutputXMLDocument_UsesRuntime" storage="f:\etwork\bin\tests\unittests.icore.component.core.dll" id="b0ec78db-253a-b268-4b7f-a2626b89db41">
      <Execution id="08fdb613-f4af-4d46-8fdd-7ba12609d7b1" />
      <TestMethod codeBase="F:\ETWork\bin\Tests\UnitTests.iCore.Component.Core.dll" adapterTypeName="Microsoft.VisualStudio.TestTools.TestTypes.Unit.UnitTestAdapter" className="UnitTests.iCore.Component.Core.ManagedScriptObjects.XmlObjects.ManagedXmlWriterObjectTests" name="set_OutputXMLDocument_UsesRuntime" />
    </UnitTest>
    <UnitTest name="set_OutputXMLDocument_RuntimeThrows_ReturnsFailed" storage="f:\etwork\bin\tests\unittests.icore.component.core.dll" id="d441e939-8b14-c5c6-1dec-6c281022a188">
      <Execution id="bc8bd7b8-1703-4a05-b9dd-e29ea9e5e531" />
      <TestMethod codeBase="F:\ETWork\bin\Tests\UnitTests.iCore.Component.Core.dll" adapterTypeName="Microsoft.VisualStudio.TestTools.TestTypes.Unit.UnitTestAdapter" className="UnitTests.iCore.Component.Core.ManagedScriptObjects.XmlObjects.ManagedXmlWriterObjectTests" name="set_OutputXMLDocument_RuntimeThrows_ReturnsFailed" />
    </UnitTest>
    <UnitTest name="set_OutputXMLDocument_NotInitialized_ReturnsFailed" storage="f:\etwork\bin\tests\unittests.icore.component.core.dll" id="fc319fb6-a150-7faa-bbab-19c9b1d01729">
      <Execution id="2243377a-c868-48f3-b707-b0c001844574" />
      <TestMethod codeBase="F:\ETWork\bin\Tests\UnitTests.iCore.Component.Core.dll" adapterTypeName="Microsoft.VisualStudio.TestTools.TestTypes.Unit.UnitTestAdapter" className="UnitTests.iCore.Component.Core.ManagedScriptObjects.XmlObjects.ManagedXmlWriterObjectTests" name="set_OutputXMLDocument_NotInitialized_ReturnsFailed" />
    </UnitTest>
    <UnitTest name="get_OutputAsXMLString_UsesRuntime" storage="f:\etwork\bin\tests\unittests.icore.component.core.dll" id="ac786274-6f8e-e942-6412-1090f25e14dc">
      <Execution id="f049e3be-524d-4c7b-8247-66da28206454" />
      <TestMethod codeBase="F:\ETWork\bin\Tests\UnitTests.iCore.Component.Core.dll" adapterTypeName="Microsoft.VisualStudio.TestTools.TestTypes.Unit.UnitTestAdapter" className="UnitTests.iCore.Component.Core.ManagedScriptObjects.XmlObjects.ManagedXmlWriterObjectTests" name="get_OutputAsXMLString_UsesRuntime" />
    </UnitTest>
    <UnitTest name="get_OutputAsXMLString_RuntimeThrows_ReturnsFailed" storage="f:\etwork\bin\tests\unittests.icore.component.core.dll" id="1b89f976-3b38-6fab-8162-f78a8d173e6d">
      <Execution id="c6938008-d18e-481b-b0cd-1f38b132b0da" />
      <TestMethod codeBase="F:\ETWork\bin\Tests\UnitTests.iCore.Component.Core.dll" adapterTypeName="Microsoft.VisualStudio.TestTools.TestTypes.Unit.UnitTestAdapter" className="UnitTests.iCore.Component.Core.ManagedScriptObjects.XmlObjects.ManagedXmlWriterObjectTests" name="get_OutputAsXMLString_RuntimeThrows_ReturnsFailed" />
    </UnitTest>
    <UnitTest name="get_OutputAsXMLString_NotInitialized_ReturnsFailed" storage="f:\etwork\bin\tests\unittests.icore.component.core.dll" id="a06332a1-3657-5658-9686-580d0012c9e0">
      <Execution id="be919edb-b17c-4fb2-964d-3a375398ea5f" />
      <TestMethod codeBase="F:\ETWork\bin\Tests\UnitTests.iCore.Component.Core.dll" adapterTypeName="Microsoft.VisualStudio.TestTools.TestTypes.Unit.UnitTestAdapter" className="UnitTests.iCore.Component.Core.ManagedScriptObjects.XmlObjects.ManagedXmlWriterObjectTests" name="get_OutputAsXMLString_NotInitialized_ReturnsFailed" />
    </UnitTest>
    <UnitTest name="get_OutputType_UsesRuntime_Success" storage="f:\etwork\bin\tests\unittests.icore.component.core.dll" id="f19f58eb-41b6-0df8-1016-7b08afa67227">
      <Execution id="ebc42978-7932-4b03-96f3-f07d104ce663" />
      <TestMethod codeBase="F:\ETWork\bin\Tests\UnitTests.iCore.Component.Core.dll" adapterTypeName="Microsoft.VisualStudio.TestTools.TestTypes.Unit.UnitTestAdapter" className="UnitTests.iCore.Component.Core.ManagedScriptObjects.XmlObjects.ManagedXmlWriterObjectTests" name="get_OutputType_UsesRuntime_Success" />
    </UnitTest>
    <UnitTest name="get_OutputType_RuntimeThrows_ReturnsFailed" storage="f:\etwork\bin\tests\unittests.icore.component.core.dll" id="f74c1c50-4c08-0ce2-1164-f1129c08a575">
      <Execution id="5a6edb84-8fc4-4b17-9f4e-5ddd567eb6b1" />
      <TestMethod codeBase="F:\ETWork\bin\Tests\UnitTests.iCore.Component.Core.dll" adapterTypeName="Microsoft.VisualStudio.TestTools.TestTypes.Unit.UnitTestAdapter" className="UnitTests.iCore.Component.Core.ManagedScriptObjects.XmlObjects.ManagedXmlWriterObjectTests" name="get_OutputType_RuntimeThrows_ReturnsFailed" />
    </UnitTest>
    <UnitTest name="get_OutputType_NotInitialized_ReturnsFailed" storage="f:\etwork\bin\tests\unittests.icore.component.core.dll" id="7f18c47d-9760-9891-3608-895d8555f71b">
      <Execution id="37e3b94d-e3b1-4456-953c-ae4451e963e4" />
      <TestMethod codeBase="F:\ETWork\bin\Tests\UnitTests.iCore.Component.Core.dll" adapterTypeName="Microsoft.VisualStudio.TestTools.TestTypes.Unit.UnitTestAdapter" className="UnitTests.iCore.Component.Core.ManagedScriptObjects.XmlObjects.ManagedXmlWriterObjectTests" name="get_OutputType_NotInitialized_ReturnsFailed" />
    </UnitTest>
    <UnitTest name="get_Standalone_UsesRuntime" storage="f:\etwork\bin\tests\unittests.icore.component.core.dll" id="b52d2e12-9995-5506-6553-660624d57ae8">
      <Execution id="84febbe2-707d-4f0b-9136-073343a73450" />
      <TestMethod codeBase="F:\ETWork\bin\Tests\UnitTests.iCore.Component.Core.dll" adapterTypeName="Microsoft.VisualStudio.TestTools.TestTypes.Unit.UnitTestAdapter" className="UnitTests.iCore.Component.Core.ManagedScriptObjects.XmlObjects.ManagedXmlWriterObjectTests" name="get_Standalone_UsesRuntime" />
    </UnitTest>
    <UnitTest name="get_Standalone_RuntimeThrows_ReturnsFailed" storage="f:\etwork\bin\tests\unittests.icore.component.core.dll" id="48551c9e-c714-b84f-1568-a421a8b379b5">
      <Execution id="a31afafb-fb81-4597-ba6e-87bf4b52c1f4" />
      <TestMethod codeBase="F:\ETWork\bin\Tests\UnitTests.iCore.Component.Core.dll" adapterTypeName="Microsoft.VisualStudio.TestTools.TestTypes.Unit.UnitTestAdapter" className="UnitTests.iCore.Component.Core.ManagedScriptObjects.XmlObjects.ManagedXmlWriterObjectTests" name="get_Standalone_RuntimeThrows_ReturnsFailed" />
    </UnitTest>
    <UnitTest name="get_Standalone_NotInitialized_ReturnsFailed" storage="f:\etwork\bin\tests\unittests.icore.component.core.dll" id="ea5e3fd9-03bc-7bfc-450f-b3b6e68006b7">
      <Execution id="735f70b7-51ee-4066-b9a5-d0e6ca188b54" />
      <TestMethod codeBase="F:\ETWork\bin\Tests\UnitTests.iCore.Component.Core.dll" adapterTypeName="Microsoft.VisualStudio.TestTools.TestTypes.Unit.UnitTestAdapter" className="UnitTests.iCore.Component.Core.ManagedScriptObjects.XmlObjects.ManagedXmlWriterObjectTests" name="get_Standalone_NotInitialized_ReturnsFailed" />
    </UnitTest>
    <UnitTest name="set_Standalone_UsesRuntime_Success" storage="f:\etwork\bin\tests\unittests.icore.component.core.dll" id="c2e31407-0c8d-f1c1-4229-d6177f8de516">
      <Execution id="ad404a18-f58a-45b7-9a4f-24572539616b" />
      <TestMethod codeBase="F:\ETWork\bin\Tests\UnitTests.iCore.Component.Core.dll" adapterTypeName="Microsoft.VisualStudio.TestTools.TestTypes.Unit.UnitTestAdapter" className="UnitTests.iCore.Component.Core.ManagedScriptObjects.XmlObjects.ManagedXmlWriterObjectTests" name="set_Standalone_UsesRuntime_Success" />
    </UnitTest>
    <UnitTest name="set_Standalone_RuntimeThrows_ReturnsFailed" storage="f:\etwork\bin\tests\unittests.icore.component.core.dll" id="94fa3c93-90d9-5c50-c8fd-7808334c8621">
      <Execution id="b1efda9c-b70e-4546-aeeb-0f3f52136b94" />
      <TestMethod codeBase="F:\ETWork\bin\Tests\UnitTests.iCore.Component.Core.dll" adapterTypeName="Microsoft.VisualStudio.TestTools.TestTypes.Unit.UnitTestAdapter" className="UnitTests.iCore.Component.Core.ManagedScriptObjects.XmlObjects.ManagedXmlWriterObjectTests" name="set_Standalone_RuntimeThrows_ReturnsFailed" />
    </UnitTest>
    <UnitTest name="set_Standalone_NotInitialized_ReturnsFailed" storage="f:\etwork\bin\tests\unittests.icore.component.core.dll" id="53a7b2d4-cf67-51ef-b462-31222d96ed60">
      <Execution id="867effa2-6d6b-47bd-ad8f-d4198bf5ff08" />
      <TestMethod codeBase="F:\ETWork\bin\Tests\UnitTests.iCore.Component.Core.dll" adapterTypeName="Microsoft.VisualStudio.TestTools.TestTypes.Unit.UnitTestAdapter" className="UnitTests.iCore.Component.Core.ManagedScriptObjects.XmlObjects.ManagedXmlWriterObjectTests" name="set_Standalone_NotInitialized_ReturnsFailed" />
    </UnitTest>
    <UnitTest name="get_BufferSize_UsesRuntime" storage="f:\etwork\bin\tests\unittests.icore.component.core.dll" id="09c47faa-64a5-e971-fbbb-548df93a5667">
      <Execution id="c58e0c26-0450-46bf-81e3-a21cc986fd29" />
      <TestMethod codeBase="F:\ETWork\bin\Tests\UnitTests.iCore.Component.Core.dll" adapterTypeName="Microsoft.VisualStudio.TestTools.TestTypes.Unit.UnitTestAdapter" className="UnitTests.iCore.Component.Core.ManagedScriptObjects.XmlObjects.ManagedXmlWriterObjectTests" name="get_BufferSize_UsesRuntime" />
    </UnitTest>
    <UnitTest name="get_BufferSize_RuntimeThrows_ReturnsFailed" storage="f:\etwork\bin\tests\unittests.icore.component.core.dll" id="f26bf92c-9de2-aa3d-f562-bd4235f7acea">
      <Execution id="fe0d2080-00c1-490f-8ab1-a0b9fd28b2e3" />
      <TestMethod codeBase="F:\ETWork\bin\Tests\UnitTests.iCore.Component.Core.dll" adapterTypeName="Microsoft.VisualStudio.TestTools.TestTypes.Unit.UnitTestAdapter" className="UnitTests.iCore.Component.Core.ManagedScriptObjects.XmlObjects.ManagedXmlWriterObjectTests" name="get_BufferSize_RuntimeThrows_ReturnsFailed" />
    </UnitTest>
    <UnitTest name="get_BufferSize_NotInitialized_ReturnsFailed" storage="f:\etwork\bin\tests\unittests.icore.component.core.dll" id="81644067-f530-ab42-7005-b14bc8375918">
      <Execution id="ed7710e6-694b-4b9a-a21d-c840f1b8e634" />
      <TestMethod codeBase="F:\ETWork\bin\Tests\UnitTests.iCore.Component.Core.dll" adapterTypeName="Microsoft.VisualStudio.TestTools.TestTypes.Unit.UnitTestAdapter" className="UnitTests.iCore.Component.Core.ManagedScriptObjects.XmlObjects.ManagedXmlWriterObjectTests" name="get_BufferSize_NotInitialized_ReturnsFailed" />
    </UnitTest>
    <UnitTest name="set_BufferSize_UsesRuntime_Success" storage="f:\etwork\bin\tests\unittests.icore.component.core.dll" id="3c5b86ab-741f-0058-bccd-82b1f6462b67">
      <Execution id="2843e030-c806-472d-b0b4-cee59fb2c0f9" />
      <TestMethod codeBase="F:\ETWork\bin\Tests\UnitTests.iCore.Component.Core.dll" adapterTypeName="Microsoft.VisualStudio.TestTools.TestTypes.Unit.UnitTestAdapter" className="UnitTests.iCore.Component.Core.ManagedScriptObjects.XmlObjects.ManagedXmlWriterObjectTests" name="set_BufferSize_UsesRuntime_Success" />
    </UnitTest>
    <UnitTest name="set_BufferSize_RuntimeThrows_ReturnsFailed" storage="f:\etwork\bin\tests\unittests.icore.component.core.dll" id="7c074d1d-343c-68b5-5974-5fb5c3006ccb">
      <Execution id="91cd009f-7f3f-469d-93fb-a1994cb25b39" />
      <TestMethod codeBase="F:\ETWork\bin\Tests\UnitTests.iCore.Component.Core.dll" adapterTypeName="Microsoft.VisualStudio.TestTools.TestTypes.Unit.UnitTestAdapter" className="UnitTests.iCore.Component.Core.ManagedScriptObjects.XmlObjects.ManagedXmlWriterObjectTests" name="set_BufferSize_RuntimeThrows_ReturnsFailed" />
    </UnitTest>
    <UnitTest name="set_BufferSize_NotInitialized_ReturnsFailed" storage="f:\etwork\bin\tests\unittests.icore.component.core.dll" id="26e2210d-8647-3f4b-c390-b433a09bc7e2">
      <Execution id="2f45f99a-63c8-4625-b7ff-c7cec73604bb" />
      <TestMethod codeBase="F:\ETWork\bin\Tests\UnitTests.iCore.Component.Core.dll" adapterTypeName="Microsoft.VisualStudio.TestTools.TestTypes.Unit.UnitTestAdapter" className="UnitTests.iCore.Component.Core.ManagedScriptObjects.XmlObjects.ManagedXmlWriterObjectTests" name="set_BufferSize_NotInitialized_ReturnsFailed" />
    </UnitTest>
    <UnitTest name="StartDocument_UsesRuntime_Success" storage="f:\etwork\bin\tests\unittests.icore.component.core.dll" id="0395e281-f1d9-ccff-71de-42006772839d">
      <Execution id="2fee27dd-6984-467e-83cd-7bfb07f13646" />
      <TestMethod codeBase="F:\ETWork\bin\Tests\UnitTests.iCore.Component.Core.dll" adapterTypeName="Microsoft.VisualStudio.TestTools.TestTypes.Unit.UnitTestAdapter" className="UnitTests.iCore.Component.Core.ManagedScriptObjects.XmlObjects.ManagedXmlWriterObjectTests" name="StartDocument_UsesRuntime_Success" />
    </UnitTest>
    <UnitTest name="StartDocument_RuntimeThrows_ReturnsFailed" storage="f:\etwork\bin\tests\unittests.icore.component.core.dll" id="95e5e137-5602-c624-05ac-4c6b588068d6">
      <Execution id="51d87b9e-f019-4848-abc1-e330e0a03367" />
      <TestMethod codeBase="F:\ETWork\bin\Tests\UnitTests.iCore.Component.Core.dll" adapterTypeName="Microsoft.VisualStudio.TestTools.TestTypes.Unit.UnitTestAdapter" className="UnitTests.iCore.Component.Core.ManagedScriptObjects.XmlObjects.ManagedXmlWriterObjectTests" name="StartDocument_RuntimeThrows_ReturnsFailed" />
    </UnitTest>
    <UnitTest name="StartDocument_NotInitialized_ReturnsFailed" storage="f:\etwork\bin\tests\unittests.icore.component.core.dll" id="c250343c-7534-1120-c8d0-c2fe2a8fb573">
      <Execution id="3d3dcabe-d5ad-4883-9da5-b2dbcc8962a4" />
      <TestMethod codeBase="F:\ETWork\bin\Tests\UnitTests.iCore.Component.Core.dll" adapterTypeName="Microsoft.VisualStudio.TestTools.TestTypes.Unit.UnitTestAdapter" className="UnitTests.iCore.Component.Core.ManagedScriptObjects.XmlObjects.ManagedXmlWriterObjectTests" name="StartDocument_NotInitialized_ReturnsFailed" />
    </UnitTest>
    <UnitTest name="EndDocument_UsesRuntime_Success" storage="f:\etwork\bin\tests\unittests.icore.component.core.dll" id="736d38f6-3f8b-0390-46d7-30267796d4d4">
      <Execution id="7007d47f-7202-4954-b9c1-c65dd96b9662" />
      <TestMethod codeBase="F:\ETWork\bin\Tests\UnitTests.iCore.Component.Core.dll" adapterTypeName="Microsoft.VisualStudio.TestTools.TestTypes.Unit.UnitTestAdapter" className="UnitTests.iCore.Component.Core.ManagedScriptObjects.XmlObjects.ManagedXmlWriterObjectTests" name="EndDocument_UsesRuntime_Success" />
    </UnitTest>
    <UnitTest name="EndDocument_RuntimeThrows_ReturnsFailed" storage="f:\etwork\bin\tests\unittests.icore.component.core.dll" id="3694a434-03d3-b2de-5be2-6996b75dd55e">
      <Execution id="34939c46-2e67-44ca-a302-03024dedfbc5" />
      <TestMethod codeBase="F:\ETWork\bin\Tests\UnitTests.iCore.Component.Core.dll" adapterTypeName="Microsoft.VisualStudio.TestTools.TestTypes.Unit.UnitTestAdapter" className="UnitTests.iCore.Component.Core.ManagedScriptObjects.XmlObjects.ManagedXmlWriterObjectTests" name="EndDocument_RuntimeThrows_ReturnsFailed" />
    </UnitTest>
    <UnitTest name="EndDocument_NotInitialized_ReturnsFailed" storage="f:\etwork\bin\tests\unittests.icore.component.core.dll" id="6a4959da-62cb-9a79-1f01-654157aa864e">
      <Execution id="408836dd-cbfc-485c-aba8-9abb10297dd1" />
      <TestMethod codeBase="F:\ETWork\bin\Tests\UnitTests.iCore.Component.Core.dll" adapterTypeName="Microsoft.VisualStudio.TestTools.TestTypes.Unit.UnitTestAdapter" className="UnitTests.iCore.Component.Core.ManagedScriptObjects.XmlObjects.ManagedXmlWriterObjectTests" name="EndDocument_NotInitialized_ReturnsFailed" />
    </UnitTest>
    <UnitTest name="ProcessingInstruction_UsesRuntime_Success" storage="f:\etwork\bin\tests\unittests.icore.component.core.dll" id="24a3abf4-bb49-e16f-df91-437ab93bff57">
      <Execution id="3200bfc8-4cd8-4120-8844-48275ce3f8c1" />
      <TestMethod codeBase="F:\ETWork\bin\Tests\UnitTests.iCore.Component.Core.dll" adapterTypeName="Microsoft.VisualStudio.TestTools.TestTypes.Unit.UnitTestAdapter" className="UnitTests.iCore.Component.Core.ManagedScriptObjects.XmlObjects.ManagedXmlWriterObjectTests" name="ProcessingInstruction_UsesRuntime_Success" />
    </UnitTest>
    <UnitTest name="ProcessingInstruction_RuntimeThrows_ReturnsFailed" storage="f:\etwork\bin\tests\unittests.icore.component.core.dll" id="19a7a607-c308-6e25-4d23-257ec9438e13">
      <Execution id="8784a969-97d1-4ead-a7ff-dafc4763b304" />
      <TestMethod codeBase="F:\ETWork\bin\Tests\UnitTests.iCore.Component.Core.dll" adapterTypeName="Microsoft.VisualStudio.TestTools.TestTypes.Unit.UnitTestAdapter" className="UnitTests.iCore.Component.Core.ManagedScriptObjects.XmlObjects.ManagedXmlWriterObjectTests" name="ProcessingInstruction_RuntimeThrows_ReturnsFailed" />
    </UnitTest>
    <UnitTest name="ProcessingInstruction_NotInitialized_ReturnsFailed" storage="f:\etwork\bin\tests\unittests.icore.component.core.dll" id="4b25095a-5f7c-6dab-b35d-2be679e6eae8">
      <Execution id="6673e2d6-4f53-4260-a1cc-b854b02d05a8" />
      <TestMethod codeBase="F:\ETWork\bin\Tests\UnitTests.iCore.Component.Core.dll" adapterTypeName="Microsoft.VisualStudio.TestTools.TestTypes.Unit.UnitTestAdapter" className="UnitTests.iCore.Component.Core.ManagedScriptObjects.XmlObjects.ManagedXmlWriterObjectTests" name="ProcessingInstruction_NotInitialized_ReturnsFailed" />
    </UnitTest>
    <UnitTest name="StartElement_UsesRuntime_Success" storage="f:\etwork\bin\tests\unittests.icore.component.core.dll" id="86b5eb91-6222-4049-a5b9-26b935914a04">
      <Execution id="8b41dc8b-7362-44f6-a82d-b786a210d9bc" />
      <TestMethod codeBase="F:\ETWork\bin\Tests\UnitTests.iCore.Component.Core.dll" adapterTypeName="Microsoft.VisualStudio.TestTools.TestTypes.Unit.UnitTestAdapter" className="UnitTests.iCore.Component.Core.ManagedScriptObjects.XmlObjects.ManagedXmlWriterObjectTests" name="StartElement_UsesRuntime_Success" />
    </UnitTest>
    <UnitTest name="StartElement_RuntimeThrows_ReturnsFailed" storage="f:\etwork\bin\tests\unittests.icore.component.core.dll" id="35ad70de-8c74-fbda-0bc8-1c8c2fccca2e">
      <Execution id="8ba9db22-ece6-4afd-961e-c9dcc1b70082" />
      <TestMethod codeBase="F:\ETWork\bin\Tests\UnitTests.iCore.Component.Core.dll" adapterTypeName="Microsoft.VisualStudio.TestTools.TestTypes.Unit.UnitTestAdapter" className="UnitTests.iCore.Component.Core.ManagedScriptObjects.XmlObjects.ManagedXmlWriterObjectTests" name="StartElement_RuntimeThrows_ReturnsFailed" />
    </UnitTest>
    <UnitTest name="StartElement_NotInitialized_ReturnsFailed" storage="f:\etwork\bin\tests\unittests.icore.component.core.dll" id="a96ff4c9-2d77-6a81-7366-52696f5423e6">
      <Execution id="cdc58372-7cc4-4c5b-bf9e-1e8692bb7903" />
      <TestMethod codeBase="F:\ETWork\bin\Tests\UnitTests.iCore.Component.Core.dll" adapterTypeName="Microsoft.VisualStudio.TestTools.TestTypes.Unit.UnitTestAdapter" className="UnitTests.iCore.Component.Core.ManagedScriptObjects.XmlObjects.ManagedXmlWriterObjectTests" name="StartElement_NotInitialized_ReturnsFailed" />
    </UnitTest>
    <UnitTest name="EndElement_UsesRuntime_Success" storage="f:\etwork\bin\tests\unittests.icore.component.core.dll" id="80fafa1e-4b64-1672-79e5-d2ce5b222461">
      <Execution id="e6f17dea-a9d4-41e9-b57d-3e77e89dbf10" />
      <TestMethod codeBase="F:\ETWork\bin\Tests\UnitTests.iCore.Component.Core.dll" adapterTypeName="Microsoft.VisualStudio.TestTools.TestTypes.Unit.UnitTestAdapter" className="UnitTests.iCore.Component.Core.ManagedScriptObjects.XmlObjects.ManagedXmlWriterObjectTests" name="EndElement_UsesRuntime_Success" />
    </UnitTest>
    <UnitTest name="EndElement_RuntimeThrows_ReturnsFailed" storage="f:\etwork\bin\tests\unittests.icore.component.core.dll" id="16e56a01-dd2a-2778-4851-089c994332df">
      <Execution id="253e35f7-bea2-4223-a2fa-6d19e0c0aa97" />
      <TestMethod codeBase="F:\ETWork\bin\Tests\UnitTests.iCore.Component.Core.dll" adapterTypeName="Microsoft.VisualStudio.TestTools.TestTypes.Unit.UnitTestAdapter" className="UnitTests.iCore.Component.Core.ManagedScriptObjects.XmlObjects.ManagedXmlWriterObjectTests" name="EndElement_RuntimeThrows_ReturnsFailed" />
    </UnitTest>
    <UnitTest name="EndElement_NotInitialized_ReturnsFailed" storage="f:\etwork\bin\tests\unittests.icore.component.core.dll" id="d63dc288-d29f-6adb-baba-0c9119f08056">
      <Execution id="28705eae-7a2b-43f2-93ab-402b1af9a810" />
      <TestMethod codeBase="F:\ETWork\bin\Tests\UnitTests.iCore.Component.Core.dll" adapterTypeName="Microsoft.VisualStudio.TestTools.TestTypes.Unit.UnitTestAdapter" className="UnitTests.iCore.Component.Core.ManagedScriptObjects.XmlObjects.ManagedXmlWriterObjectTests" name="EndElement_NotInitialized_ReturnsFailed" />
    </UnitTest>
    <UnitTest name="AddPrefixMapping_UsesRuntime_Success" storage="f:\etwork\bin\tests\unittests.icore.component.core.dll" id="7f84b494-0a2c-0e16-4576-798832bf3b80">
      <Execution id="5d7467d9-f8dc-4914-9bd8-2c9f53f66ce4" />
      <TestMethod codeBase="F:\ETWork\bin\Tests\UnitTests.iCore.Component.Core.dll" adapterTypeName="Microsoft.VisualStudio.TestTools.TestTypes.Unit.UnitTestAdapter" className="UnitTests.iCore.Component.Core.ManagedScriptObjects.XmlObjects.ManagedXmlWriterObjectTests" name="AddPrefixMapping_UsesRuntime_Success" />
    </UnitTest>
    <UnitTest name="AddPrefixMapping_RuntimeThrows_ReturnsFailed" storage="f:\etwork\bin\tests\unittests.icore.component.core.dll" id="ceda9ce3-f4a5-dc9b-2cee-a5a680d338da">
      <Execution id="2b1ab9ad-5976-4398-bd73-98c66580efa5" />
      <TestMethod codeBase="F:\ETWork\bin\Tests\UnitTests.iCore.Component.Core.dll" adapterTypeName="Microsoft.VisualStudio.TestTools.TestTypes.Unit.UnitTestAdapter" className="UnitTests.iCore.Component.Core.ManagedScriptObjects.XmlObjects.ManagedXmlWriterObjectTests" name="AddPrefixMapping_RuntimeThrows_ReturnsFailed" />
    </UnitTest>
    <UnitTest name="AddPrefixMapping_NotInitialized_ReturnsFailed" storage="f:\etwork\bin\tests\unittests.icore.component.core.dll" id="6cd05767-1810-ecb9-5b15-1e76faa5197d">
      <Execution id="7d4ae3b4-f710-49cc-88b2-b4031f8e216c" />
      <TestMethod codeBase="F:\ETWork\bin\Tests\UnitTests.iCore.Component.Core.dll" adapterTypeName="Microsoft.VisualStudio.TestTools.TestTypes.Unit.UnitTestAdapter" className="UnitTests.iCore.Component.Core.ManagedScriptObjects.XmlObjects.ManagedXmlWriterObjectTests" name="AddPrefixMapping_NotInitialized_ReturnsFailed" />
    </UnitTest>
    <UnitTest name="Characters_UsesRuntime_Success" storage="f:\etwork\bin\tests\unittests.icore.component.core.dll" id="ecf42ec6-95bc-f6bf-0255-d958f56b54ec">
      <Execution id="95430ac6-e53a-4c7b-b08b-2390659b017f" />
      <TestMethod codeBase="F:\ETWork\bin\Tests\UnitTests.iCore.Component.Core.dll" adapterTypeName="Microsoft.VisualStudio.TestTools.TestTypes.Unit.UnitTestAdapter" className="UnitTests.iCore.Component.Core.ManagedScriptObjects.XmlObjects.ManagedXmlWriterObjectTests" name="Characters_UsesRuntime_Success" />
    </UnitTest>
    <UnitTest name="Characters_RuntimeThrows_ReturnsFailed" storage="f:\etwork\bin\tests\unittests.icore.component.core.dll" id="c0434fe7-ed65-0802-1690-cced19d49de1">
      <Execution id="94285301-b3ea-403d-a51b-72cab863217d" />
      <TestMethod codeBase="F:\ETWork\bin\Tests\UnitTests.iCore.Component.Core.dll" adapterTypeName="Microsoft.VisualStudio.TestTools.TestTypes.Unit.UnitTestAdapter" className="UnitTests.iCore.Component.Core.ManagedScriptObjects.XmlObjects.ManagedXmlWriterObjectTests" name="Characters_RuntimeThrows_ReturnsFailed" />
    </UnitTest>
    <UnitTest name="Characters_NotInitialized_ReturnsFailed" storage="f:\etwork\bin\tests\unittests.icore.component.core.dll" id="9981d6df-29aa-344f-4854-8b0519ba1620">
      <Execution id="39404678-443c-418e-aca2-83b026aa150a" />
      <TestMethod codeBase="F:\ETWork\bin\Tests\UnitTests.iCore.Component.Core.dll" adapterTypeName="Microsoft.VisualStudio.TestTools.TestTypes.Unit.UnitTestAdapter" className="UnitTests.iCore.Component.Core.ManagedScriptObjects.XmlObjects.ManagedXmlWriterObjectTests" name="Characters_NotInitialized_ReturnsFailed" />
    </UnitTest>
    <UnitTest name="StartCDATA_UsesRuntime_Success" storage="f:\etwork\bin\tests\unittests.icore.component.core.dll" id="4afde5d9-204f-3933-09e2-3a1e5a05a9b1">
      <Execution id="97e6a5b7-3375-4eb7-8cfc-1f03c49da5b1" />
      <TestMethod codeBase="F:\ETWork\bin\Tests\UnitTests.iCore.Component.Core.dll" adapterTypeName="Microsoft.VisualStudio.TestTools.TestTypes.Unit.UnitTestAdapter" className="UnitTests.iCore.Component.Core.ManagedScriptObjects.XmlObjects.ManagedXmlWriterObjectTests" name="StartCDATA_UsesRuntime_Success" />
    </UnitTest>
    <UnitTest name="StartCDATA_RuntimeThrows_ReturnsFailed" storage="f:\etwork\bin\tests\unittests.icore.component.core.dll" id="d80022b6-5357-31e5-452f-80e7788c599a">
      <Execution id="049a20e1-e1c3-46d2-ab08-b18da3022520" />
      <TestMethod codeBase="F:\ETWork\bin\Tests\UnitTests.iCore.Component.Core.dll" adapterTypeName="Microsoft.VisualStudio.TestTools.TestTypes.Unit.UnitTestAdapter" className="UnitTests.iCore.Component.Core.ManagedScriptObjects.XmlObjects.ManagedXmlWriterObjectTests" name="StartCDATA_RuntimeThrows_ReturnsFailed" />
    </UnitTest>
    <UnitTest name="StartCDATA_NotInitialized_ReturnsFailed" storage="f:\etwork\bin\tests\unittests.icore.component.core.dll" id="0cf590db-835b-9a01-3291-e424f16ad41a">
      <Execution id="0c14a27c-705b-4b50-ba15-0b65c428dd74" />
      <TestMethod codeBase="F:\ETWork\bin\Tests\UnitTests.iCore.Component.Core.dll" adapterTypeName="Microsoft.VisualStudio.TestTools.TestTypes.Unit.UnitTestAdapter" className="UnitTests.iCore.Component.Core.ManagedScriptObjects.XmlObjects.ManagedXmlWriterObjectTests" name="StartCDATA_NotInitialized_ReturnsFailed" />
    </UnitTest>
    <UnitTest name="EndCDATA_UsesRuntime_Success" storage="f:\etwork\bin\tests\unittests.icore.component.core.dll" id="69468e4d-8bb8-7501-009f-1e212b24159a">
      <Execution id="ede5cc71-15c9-4cbf-93c1-a2a3609fa638" />
      <TestMethod codeBase="F:\ETWork\bin\Tests\UnitTests.iCore.Component.Core.dll" adapterTypeName="Microsoft.VisualStudio.TestTools.TestTypes.Unit.UnitTestAdapter" className="UnitTests.iCore.Component.Core.ManagedScriptObjects.XmlObjects.ManagedXmlWriterObjectTests" name="EndCDATA_UsesRuntime_Success" />
    </UnitTest>
    <UnitTest name="EndCDATA_RuntimeThrows_ReturnsFailed" storage="f:\etwork\bin\tests\unittests.icore.component.core.dll" id="a2b448a3-0f7d-94c0-ccb0-3aa948f71238">
      <Execution id="4ce66d84-13ad-440a-8e77-391c363c8c26" />
      <TestMethod codeBase="F:\ETWork\bin\Tests\UnitTests.iCore.Component.Core.dll" adapterTypeName="Microsoft.VisualStudio.TestTools.TestTypes.Unit.UnitTestAdapter" className="UnitTests.iCore.Component.Core.ManagedScriptObjects.XmlObjects.ManagedXmlWriterObjectTests" name="EndCDATA_RuntimeThrows_ReturnsFailed" />
    </UnitTest>
    <UnitTest name="EndCDATA_NotInitialized_ReturnsFailed" storage="f:\etwork\bin\tests\unittests.icore.component.core.dll" id="682cd50e-38a5-893b-da98-f98a2e7e526b">
      <Execution id="e4e71630-c2ee-4815-bb9a-587d0c95f376" />
      <TestMethod codeBase="F:\ETWork\bin\Tests\UnitTests.iCore.Component.Core.dll" adapterTypeName="Microsoft.VisualStudio.TestTools.TestTypes.Unit.UnitTestAdapter" className="UnitTests.iCore.Component.Core.ManagedScriptObjects.XmlObjects.ManagedXmlWriterObjectTests" name="EndCDATA_NotInitialized_ReturnsFailed" />
    </UnitTest>
    <UnitTest name="Comment_UsesRuntime_Success" storage="f:\etwork\bin\tests\unittests.icore.component.core.dll" id="cf46751e-7bcd-eb2e-f4a1-8288f6b1ff94">
      <Execution id="f6a52036-9984-4dc3-85bb-bf1405a45fa3" />
      <TestMethod codeBase="F:\ETWork\bin\Tests\UnitTests.iCore.Component.Core.dll" adapterTypeName="Microsoft.VisualStudio.TestTools.TestTypes.Unit.UnitTestAdapter" className="UnitTests.iCore.Component.Core.ManagedScriptObjects.XmlObjects.ManagedXmlWriterObjectTests" name="Comment_UsesRuntime_Success" />
    </UnitTest>
    <UnitTest name="Comment_RuntimeThrows_ReturnsFailed" storage="f:\etwork\bin\tests\unittests.icore.component.core.dll" id="dc7166b3-5ec2-24ec-5ca3-91c38882f122">
      <Execution id="1836e939-6a7d-44a2-8c87-7bd4aa83b2b1" />
      <TestMethod codeBase="F:\ETWork\bin\Tests\UnitTests.iCore.Component.Core.dll" adapterTypeName="Microsoft.VisualStudio.TestTools.TestTypes.Unit.UnitTestAdapter" className="UnitTests.iCore.Component.Core.ManagedScriptObjects.XmlObjects.ManagedXmlWriterObjectTests" name="Comment_RuntimeThrows_ReturnsFailed" />
    </UnitTest>
    <UnitTest name="set_CompositeElementSeparator_ExceptionThrown_FailedResultReturned" storage="f:\etwork\bin\tests\unittests.icore.component.core.dll" id="86b6c48f-be89-a6fa-55a2-b2aa06e90033">
      <TestCategory>
        <TestCategoryItem TestCategory="DataStructure" />
      </TestCategory>
      <Execution id="3bf6650e-5807-4814-8719-a7f094ab9957" />
      <TestMethod codeBase="F:\ETWork\bin\Tests\UnitTests.iCore.Component.Core.dll" adapterTypeName="Microsoft.VisualStudio.TestTools.TestTypes.Unit.UnitTestAdapter" className="UnitTests.iCore.Component.Core.ManagedDataStructureTypes.ManagedDataStructureTests" name="set_CompositeElementSeparator_ExceptionThrown_FailedResultReturned" />
    </UnitTest>
    <UnitTest name="set_DecimalElementSeparator_ExceptionThrown_FailedResultReturned" storage="f:\etwork\bin\tests\unittests.icore.component.core.dll" id="556334a9-efa4-ce39-8550-e4982a3e6281">
      <TestCategory>
        <TestCategoryItem TestCategory="DataStructure" />
      </TestCategory>
      <Execution id="11fb8a79-6275-42ea-b033-124e403b1496" />
      <TestMethod codeBase="F:\ETWork\bin\Tests\UnitTests.iCore.Component.Core.dll" adapterTypeName="Microsoft.VisualStudio.TestTools.TestTypes.Unit.UnitTestAdapter" className="UnitTests.iCore.Component.Core.ManagedDataStructureTypes.ManagedDataStructureTests" name="set_DecimalElementSeparator_ExceptionThrown_FailedResultReturned" />
    </UnitTest>
    <UnitTest name="set_RecordElementSeparator_ExceptionThrown_FailedResultReturned" storage="f:\etwork\bin\tests\unittests.icore.component.core.dll" id="1409e8f1-b1b4-c732-a5e9-7d690bb6abcf">
      <TestCategory>
        <TestCategoryItem TestCategory="DataStructure" />
      </TestCategory>
      <Execution id="4bd5268b-e786-4bf7-a247-45d159747318" />
      <TestMethod codeBase="F:\ETWork\bin\Tests\UnitTests.iCore.Component.Core.dll" adapterTypeName="Microsoft.VisualStudio.TestTools.TestTypes.Unit.UnitTestAdapter" className="UnitTests.iCore.Component.Core.ManagedDataStructureTypes.ManagedDataStructureTests" name="set_RecordElementSeparator_ExceptionThrown_FailedResultReturned" />
    </UnitTest>
    <UnitTest name="set_RecordSeparator_ExceptionThrown_FailedResultReturned" storage="f:\etwork\bin\tests\unittests.icore.component.core.dll" id="2e69427b-afb5-d204-0832-f1ce7f2daf43">
      <TestCategory>
        <TestCategoryItem TestCategory="DataStructure" />
      </TestCategory>
      <Execution id="b6ee662d-7de4-4cfb-a42b-ef77377911db" />
      <TestMethod codeBase="F:\ETWork\bin\Tests\UnitTests.iCore.Component.Core.dll" adapterTypeName="Microsoft.VisualStudio.TestTools.TestTypes.Unit.UnitTestAdapter" className="UnitTests.iCore.Component.Core.ManagedDataStructureTypes.ManagedDataStructureTests" name="set_RecordSeparator_ExceptionThrown_FailedResultReturned" />
    </UnitTest>
    <UnitTest name="set_ReleaseCharacter_ExceptionThrown_FailedResultReturned" storage="f:\etwork\bin\tests\unittests.icore.component.core.dll" id="c860c9fc-eee7-fa47-a0e1-e88ab5d7134a">
      <TestCategory>
        <TestCategoryItem TestCategory="DataStructure" />
      </TestCategory>
      <Execution id="eba8a908-1952-4568-885b-3f03e1074512" />
      <TestMethod codeBase="F:\ETWork\bin\Tests\UnitTests.iCore.Component.Core.dll" adapterTypeName="Microsoft.VisualStudio.TestTools.TestTypes.Unit.UnitTestAdapter" className="UnitTests.iCore.Component.Core.ManagedDataStructureTypes.ManagedDataStructureTests" name="set_ReleaseCharacter_ExceptionThrown_FailedResultReturned" />
    </UnitTest>
    <UnitTest name="set_StringBeginChar_ExceptionThrown_FailedResultReturned" storage="f:\etwork\bin\tests\unittests.icore.component.core.dll" id="3727f1b5-d72d-78ed-38fd-0949137d1720">
      <TestCategory>
        <TestCategoryItem TestCategory="DataStructure" />
      </TestCategory>
      <Execution id="bf696e3c-2f44-412c-a7ef-afdd799f7806" />
      <TestMethod codeBase="F:\ETWork\bin\Tests\UnitTests.iCore.Component.Core.dll" adapterTypeName="Microsoft.VisualStudio.TestTools.TestTypes.Unit.UnitTestAdapter" className="UnitTests.iCore.Component.Core.ManagedDataStructureTypes.ManagedDataStructureTests" name="set_StringBeginChar_ExceptionThrown_FailedResultReturned" />
    </UnitTest>
    <UnitTest name="set_StringEndChar_ExceptionThrown_FailedResultReturned" storage="f:\etwork\bin\tests\unittests.icore.component.core.dll" id="db1eb3eb-82ed-cf5c-d20f-4c4138ebd851">
      <TestCategory>
        <TestCategoryItem TestCategory="DataStructure" />
      </TestCategory>
      <Execution id="d19a0c81-d16d-48f7-b360-e71f8f7c8f54" />
      <TestMethod codeBase="F:\ETWork\bin\Tests\UnitTests.iCore.Component.Core.dll" adapterTypeName="Microsoft.VisualStudio.TestTools.TestTypes.Unit.UnitTestAdapter" className="UnitTests.iCore.Component.Core.ManagedDataStructureTypes.ManagedDataStructureTests" name="set_StringEndChar_ExceptionThrown_FailedResultReturned" />
    </UnitTest>
  </TestDefinitions>
  <TestEntries>
    <TestEntry testId="5d533134-d9a9-f006-6c89-cb98a7ddb123" executionId="0c96dc69-2315-4ce1-89dc-9d6cf003f4d6" testListId="8c84fa94-04c1-424b-9868-57a2d4851a1d" />
    <TestEntry testId="d3b35e4e-ac0f-7a69-869f-b3131759c000" executionId="1a3df1e8-7759-4dc7-8eb5-ad135c8ed70e" testListId="8c84fa94-04c1-424b-9868-57a2d4851a1d" />
    <TestEntry testId="4c0ea50f-d4ed-7a19-1feb-0b1a10968442" executionId="293b1371-b7e1-4025-aca5-85172cc02ee0" testListId="8c84fa94-04c1-424b-9868-57a2d4851a1d" />
    <TestEntry testId="30654b51-441d-4580-3edc-4328a5661d3c" executionId="d762097b-2607-426c-bcb7-81c4505626cc" testListId="8c84fa94-04c1-424b-9868-57a2d4851a1d" />
    <TestEntry testId="8a763212-a2c1-9b80-30a0-ce55951e80b1" executionId="a3c59cca-8d4a-4b14-bc73-248425d6c269" testListId="8c84fa94-04c1-424b-9868-57a2d4851a1d" />
    <TestEntry testId="0854737a-2ab0-7146-0d32-9f21f57d21ee" executionId="fc95cf80-85eb-4334-930a-1732bae7e7f1" testListId="8c84fa94-04c1-424b-9868-57a2d4851a1d" />
    <TestEntry testId="f0ab0040-0223-ca34-0781-13b3d05fd4af" executionId="3e3f49c2-6f61-4d79-857c-d68d545bfbe6" testListId="8c84fa94-04c1-424b-9868-57a2d4851a1d" />
    <TestEntry testId="cfc3bcea-b6e2-0853-aaab-3b9e9ea5d638" executionId="697be128-880c-4390-8e3b-ff9537f0a611" testListId="8c84fa94-04c1-424b-9868-57a2d4851a1d" />
    <TestEntry testId="d3200db2-3c33-199c-b5d5-348e0e34cf69" executionId="66365bf5-cddc-409b-84bb-6bf4a87cb763" testListId="8c84fa94-04c1-424b-9868-57a2d4851a1d" />
    <TestEntry testId="71677adc-04e9-d2cd-83d0-b41fbf5036d6" executionId="af9adf4b-048e-4f81-adad-acfed5682ed8" testListId="8c84fa94-04c1-424b-9868-57a2d4851a1d" />
    <TestEntry testId="2d66abbc-0ace-dad4-b671-b02bc018c005" executionId="05afb9f0-5120-4359-b61d-86abe11decdb" testListId="8c84fa94-04c1-424b-9868-57a2d4851a1d" />
    <TestEntry testId="d9b46791-161b-c12e-b981-d6d93762ea10" executionId="fc7ad1a3-c081-4eae-b757-87aa76aff2de" testListId="8c84fa94-04c1-424b-9868-57a2d4851a1d" />
    <TestEntry testId="77fd4a66-76ff-04ad-30e4-b8637f543120" executionId="bd8e7b23-27c0-454c-8240-ce0ae6d64a91" testListId="8c84fa94-04c1-424b-9868-57a2d4851a1d" />
    <TestEntry testId="75b9f89d-c622-9a9f-8c43-454442dc4515" executionId="92cf958b-e52d-43d7-a15e-29e3585e9ba2" testListId="8c84fa94-04c1-424b-9868-57a2d4851a1d" />
    <TestEntry testId="a218136c-10c6-2af9-e6e4-03a7b4f334a5" executionId="280d501a-0cb4-4029-9d74-ae1c7a450479" testListId="8c84fa94-04c1-424b-9868-57a2d4851a1d" />
    <TestEntry testId="a7e3ecc6-2c6f-cdc0-b05c-9e115ef4f7e1" executionId="35a52e3f-a1db-416b-9cfe-8073f7924a46" testListId="8c84fa94-04c1-424b-9868-57a2d4851a1d" />
    <TestEntry testId="4fa419cd-15c4-dbf6-6848-06b4f6ba2652" executionId="bbd6f332-5455-4c6a-af92-d131d1776470" testListId="8c84fa94-04c1-424b-9868-57a2d4851a1d" />
    <TestEntry testId="e6c9cea6-a2f0-4866-61f8-69789ef4c95c" executionId="99694c23-bbce-4b37-8fdd-2086cf0b5e96" testListId="8c84fa94-04c1-424b-9868-57a2d4851a1d" />
    <TestEntry testId="71775fd5-b749-1ca6-20a3-6c34df018cb9" executionId="32ed55c4-fc7e-4e19-a5dd-7a0a7b2193a5" testListId="8c84fa94-04c1-424b-9868-57a2d4851a1d" />
    <TestEntry testId="787b4f9c-d2e2-6d12-e36c-7d7fa62949e7" executionId="d5365227-aee4-4447-aa14-ac00349bbd8c" testListId="8c84fa94-04c1-424b-9868-57a2d4851a1d" />
    <TestEntry testId="0b4da6a1-23b0-08c1-26ba-45b77e865377" executionId="47904855-895c-4e93-8f91-253dc6d9ba4f" testListId="8c84fa94-04c1-424b-9868-57a2d4851a1d" />
    <TestEntry testId="b7b0b86a-f7da-3379-7951-10d0f444e914" executionId="a0a0efd8-06f8-44b9-82a1-1824bc517d80" testListId="8c84fa94-04c1-424b-9868-57a2d4851a1d" />
    <TestEntry testId="6a2ed1d0-9798-6fe2-99ee-ee4e71e54eeb" executionId="80e2d8d4-e064-4323-993e-b8f76746422b" testListId="8c84fa94-04c1-424b-9868-57a2d4851a1d" />
    <TestEntry testId="e0863638-3b40-ad11-c9b5-c50fc338c94e" executionId="44bbcbf0-ae08-48a2-9d03-618c02c4acd2" testListId="8c84fa94-04c1-424b-9868-57a2d4851a1d" />
    <TestEntry testId="6ea16d94-2892-d52c-f969-c4658a2b87d5" executionId="83afe096-b71e-4aea-b829-de4562e28216" testListId="8c84fa94-04c1-424b-9868-57a2d4851a1d" />
    <TestEntry testId="57e50b8b-5263-fd7f-500e-2df0d18c6645" executionId="08fcc8b0-ebff-4e0c-b6a8-c0a60db3e483" testListId="8c84fa94-04c1-424b-9868-57a2d4851a1d" />
    <TestEntry testId="7083919c-d623-ab87-82aa-aa80d162b451" executionId="baf1af96-48ff-43c4-aa55-c428ea9890f4" testListId="8c84fa94-04c1-424b-9868-57a2d4851a1d" />
    <TestEntry testId="414c8ea7-58b5-add3-f41b-f85959d466c5" executionId="5da7f589-4832-4ade-b6e9-144bf4e12b0f" testListId="8c84fa94-04c1-424b-9868-57a2d4851a1d" />
    <TestEntry testId="69d47816-e263-63aa-4516-5fdd8e3131d8" executionId="3e6414a7-ccde-452c-be9c-f3085331eb8e" testListId="8c84fa94-04c1-424b-9868-57a2d4851a1d" />
    <TestEntry testId="03d087ba-fb0c-0405-0815-c5961e496014" executionId="388b5924-836e-4a1e-8605-81f7fa95e3c1" testListId="8c84fa94-04c1-424b-9868-57a2d4851a1d" />
    <TestEntry testId="4ddb3aaf-620b-6119-5203-9d99a5ec5985" executionId="c9111551-a531-410f-a450-5551c45b223c" testListId="8c84fa94-04c1-424b-9868-57a2d4851a1d" />
    <TestEntry testId="293e09bf-4370-f657-a943-95ff52c4d2e0" executionId="8779e358-7049-44ea-9305-7adb8c8ea267" testListId="8c84fa94-04c1-424b-9868-57a2d4851a1d" />
    <TestEntry testId="d9b6cb5f-23bc-9cdb-62a5-798d8bfca7aa" executionId="fe7209cd-c7b0-4194-8615-2ebfedbfaa14" testListId="8c84fa94-04c1-424b-9868-57a2d4851a1d" />
    <TestEntry testId="07fd0f29-9404-fa91-3cf8-fed6882d94ae" executionId="8488ea9b-ac3b-49e1-aad1-ce7f4bc76d36" testListId="8c84fa94-04c1-424b-9868-57a2d4851a1d" />
    <TestEntry testId="737c0125-9510-8625-6a3c-8173c48bf836" executionId="21b6a53d-45b5-48b5-b244-c5eca9e87911" testListId="8c84fa94-04c1-424b-9868-57a2d4851a1d" />
    <TestEntry testId="c17f6a5c-a024-8d29-c350-f2f42373e4c3" executionId="7c0ed215-a898-4428-a4ec-1e145ef9c4d5" testListId="8c84fa94-04c1-424b-9868-57a2d4851a1d" />
    <TestEntry testId="c9da30bd-b41c-d917-0bc9-12a86d34e933" executionId="fe69c318-4dc3-4383-91e1-255d15d3e723" testListId="8c84fa94-04c1-424b-9868-57a2d4851a1d" />
    <TestEntry testId="c995aa38-4bd0-3e4e-c61a-c4b0a5bda73a" executionId="7fda1449-c816-40da-b49c-19ab09f83e19" testListId="8c84fa94-04c1-424b-9868-57a2d4851a1d" />
    <TestEntry testId="f55a2326-ab10-bfb5-3e8b-fe145a1378cd" executionId="01958593-961f-4138-871a-a40071e91ea8" testListId="8c84fa94-04c1-424b-9868-57a2d4851a1d" />
    <TestEntry testId="770c1148-1b8d-5789-3d00-27599cb89a2e" executionId="72c86ed5-c913-498c-859d-75c9a4c6d917" testListId="8c84fa94-04c1-424b-9868-57a2d4851a1d" />
    <TestEntry testId="c13b6bbb-438b-637d-787a-b5ce472cd01a" executionId="4a8dd005-f0a9-4de3-bc52-8ed9f6af7ce2" testListId="8c84fa94-04c1-424b-9868-57a2d4851a1d" />
    <TestEntry testId="8c14a678-7920-5174-f535-8685b5837141" executionId="90f06b1c-f9af-4438-a638-01ed9953e044" testListId="8c84fa94-04c1-424b-9868-57a2d4851a1d" />
    <TestEntry testId="8b2139a4-367b-8b30-334b-4a41d123157a" executionId="0f698b9b-4105-469c-b1da-0c0f3b610b6e" testListId="8c84fa94-04c1-424b-9868-57a2d4851a1d" />
    <TestEntry testId="b326aff3-2bfa-5f34-3048-5288d8f6922c" executionId="a48af8ba-d9ff-4aed-abb6-b4c5c8a182ae" testListId="8c84fa94-04c1-424b-9868-57a2d4851a1d" />
    <TestEntry testId="00736008-8b8d-dde9-3901-8492b6b6ffce" executionId="1cfc1536-94e7-4e34-ac89-8420de958758" testListId="8c84fa94-04c1-424b-9868-57a2d4851a1d" />
    <TestEntry testId="d48cea31-17a1-db6a-3233-a5c0320443de" executionId="a77c6fcf-21d4-433d-b984-c188fdbe1497" testListId="8c84fa94-04c1-424b-9868-57a2d4851a1d" />
    <TestEntry testId="67871b78-14ea-eeb4-53f4-e5c627ae3b62" executionId="cf771c74-1d88-4d03-a63a-9d1ad3d8a1f0" testListId="8c84fa94-04c1-424b-9868-57a2d4851a1d" />
    <TestEntry testId="e46cb1c6-886a-3aa6-cf4d-37d7f50e224d" executionId="f6b93247-dbb2-4b0d-8c85-d0b065e405b1" testListId="8c84fa94-04c1-424b-9868-57a2d4851a1d" />
    <TestEntry testId="03d8fb02-47ce-7e03-b54b-afec960909b2" executionId="60b05f88-4ef0-451a-912b-6e6bb9e68e4f" testListId="8c84fa94-04c1-424b-9868-57a2d4851a1d" />
    <TestEntry testId="7135f1a1-915f-4858-b820-d6438ffe40ab" executionId="b1e16c3c-e6f1-4936-bdb6-b3f1103c2cd6" testListId="8c84fa94-04c1-424b-9868-57a2d4851a1d" />
    <TestEntry testId="57a3176c-d3e2-4f15-4fff-3a13bcd73017" executionId="50453dd1-fa2d-4832-beb7-b308bc62a2a3" testListId="8c84fa94-04c1-424b-9868-57a2d4851a1d" />
    <TestEntry testId="2f769333-7624-f45e-0273-2779ceb8e427" executionId="4ce94016-38ea-49cd-bced-3e03571e5ff1" testListId="8c84fa94-04c1-424b-9868-57a2d4851a1d" />
    <TestEntry testId="ab710820-3565-4fd3-2f6f-78159da5984b" executionId="eceb88f1-8581-4c71-b9ee-d05db2448242" testListId="8c84fa94-04c1-424b-9868-57a2d4851a1d" />
    <TestEntry testId="f828016c-b471-8c9d-59ab-d0ee4da5726f" executionId="c579edad-51b5-42f5-bdd3-139bfcfcc4c1" testListId="8c84fa94-04c1-424b-9868-57a2d4851a1d" />
    <TestEntry testId="7860e42b-f2bf-c146-b5e6-71878b0385de" executionId="75a162da-9fd4-4dce-b8fa-e3df20be138d" testListId="8c84fa94-04c1-424b-9868-57a2d4851a1d" />
    <TestEntry testId="b783b207-7948-8bdf-189f-32e1347731b8" executionId="601d67c7-cb5f-4442-acc9-320e41b9d3b1" testListId="8c84fa94-04c1-424b-9868-57a2d4851a1d" />
    <TestEntry testId="7c81a761-6c94-dd10-48e6-3c516b16fa74" executionId="3ce70c4d-8c1d-4285-a9e1-5e3287f35cc1" testListId="8c84fa94-04c1-424b-9868-57a2d4851a1d" />
    <TestEntry testId="7b13be2d-5033-abda-0a8e-0a9eb348f151" executionId="0046a7a1-913e-4e62-af7a-9e2309363e10" testListId="8c84fa94-04c1-424b-9868-57a2d4851a1d" />
    <TestEntry testId="5c471958-688a-bbdb-df2e-8561d3dc3484" executionId="fee9afb1-51e1-4385-bf0d-97c2e0febd80" testListId="8c84fa94-04c1-424b-9868-57a2d4851a1d" />
    <TestEntry testId="cedfc6b1-f77d-5644-14c5-2532857a7045" executionId="18333cc0-6e59-4788-94a4-5e11b4cc9d27" testListId="8c84fa94-04c1-424b-9868-57a2d4851a1d" />
    <TestEntry testId="d21f7bd2-3fa1-4340-0a61-aad39c4164ad" executionId="699717f9-f516-489d-83a9-4e071ace7b35" testListId="8c84fa94-04c1-424b-9868-57a2d4851a1d" />
    <TestEntry testId="a09f0bdb-57e6-e39f-6c40-e0cabf1f57a3" executionId="c0c0c80c-140e-47d0-a1ce-517abb753c76" testListId="8c84fa94-04c1-424b-9868-57a2d4851a1d" />
    <TestEntry testId="c73f50f2-1292-6f13-e810-5216f6e2d0e8" executionId="e59c9f6c-24c5-46df-b90a-6021ce66b99b" testListId="8c84fa94-04c1-424b-9868-57a2d4851a1d" />
    <TestEntry testId="633c5c88-92db-604c-244a-f18318173f67" executionId="bc0ca5fe-a05c-40fa-86ba-9e6f7432b834" testListId="8c84fa94-04c1-424b-9868-57a2d4851a1d" />
    <TestEntry testId="0d137c5a-2553-95d0-a0ef-b65ebe8b0a5a" executionId="19a0d3da-1631-451f-ab4a-35f8d8ba33e1" testListId="8c84fa94-04c1-424b-9868-57a2d4851a1d" />
    <TestEntry testId="30e9a418-40c8-15b3-c4db-3c0e8fe74e2b" executionId="325fc5d3-cd3d-4276-a50d-5d746d3caa57" testListId="8c84fa94-04c1-424b-9868-57a2d4851a1d" />
    <TestEntry testId="789df95a-afaf-659c-065e-ef4f44acaf96" executionId="1fabc4f2-7502-40c5-baf6-efa498c9be8e" testListId="8c84fa94-04c1-424b-9868-57a2d4851a1d" />
    <TestEntry testId="02a28b08-3a36-71be-29a6-e74ac52ac6ea" executionId="0f984239-5e8d-45ec-af24-b66818c006cf" testListId="8c84fa94-04c1-424b-9868-57a2d4851a1d" />
    <TestEntry testId="5f80ab9a-2f6f-ae3a-b479-3fa9e3a9f3be" executionId="60750b56-2eed-4cad-82ba-54989423dcf2" testListId="8c84fa94-04c1-424b-9868-57a2d4851a1d" />
    <TestEntry testId="9ea768e4-139a-d113-7e09-f7563f2a32c4" executionId="604731c1-874c-4d71-b1f3-55b7171873b5" testListId="8c84fa94-04c1-424b-9868-57a2d4851a1d" />
    <TestEntry testId="b6ad9e98-7f3b-d817-b45c-30e8956fb963" executionId="abd8cc1d-b047-4522-a18f-6de1fb2bd1c0" testListId="8c84fa94-04c1-424b-9868-57a2d4851a1d" />
    <TestEntry testId="f8e947cf-427b-a46d-cc48-dd9c717cbfe1" executionId="252ede9d-d905-4fa7-9ab5-5a2ce9a878f9" testListId="8c84fa94-04c1-424b-9868-57a2d4851a1d" />
    <TestEntry testId="50a5837f-6fd2-6867-01aa-593a422a16a6" executionId="15e8e43b-aef7-4e30-b4cf-501210832e60" testListId="8c84fa94-04c1-424b-9868-57a2d4851a1d" />
    <TestEntry testId="c0a35d43-14a3-a9ca-3747-63f347bb583c" executionId="8b8fa8d4-b131-4ed2-9a1c-3aede3c6f5ff" testListId="8c84fa94-04c1-424b-9868-57a2d4851a1d" />
    <TestEntry testId="64287834-b2f5-f747-a4e2-331a6f75e621" executionId="343fd393-a0cd-4e35-a330-1b3d7616f71f" testListId="8c84fa94-04c1-424b-9868-57a2d4851a1d" />
    <TestEntry testId="1e0fa85b-735f-3cc4-0d99-37f25443754e" executionId="402a38d4-399d-47ec-9db3-bfc51be2914a" testListId="8c84fa94-04c1-424b-9868-57a2d4851a1d" />
    <TestEntry testId="c2e27ef9-1e7f-db7c-566d-6148452c06d6" executionId="9f0d24bb-60cd-43cb-93a3-a089e2d15bca" testListId="8c84fa94-04c1-424b-9868-57a2d4851a1d" />
    <TestEntry testId="42ec7ee1-e755-a6b1-efa6-c82a9ad19f11" executionId="d4f1e7d1-8525-4a3a-800b-0415108b4fa9" testListId="8c84fa94-04c1-424b-9868-57a2d4851a1d" />
    <TestEntry testId="d72283ad-2c1e-4ef0-4181-cf6bb995ed82" executionId="0b3a8d4f-5934-40fb-a64f-e3fef16c2fc5" testListId="8c84fa94-04c1-424b-9868-57a2d4851a1d" />
    <TestEntry testId="2e80dc45-41f1-1ad7-26ed-223d1aee5c4e" executionId="56005618-eb5d-4b5e-be71-0db71fdc744c" testListId="8c84fa94-04c1-424b-9868-57a2d4851a1d" />
    <TestEntry testId="ae34a92e-125f-b434-d916-ffeb7e3ae030" executionId="fd19fbe4-4455-4f76-85aa-3674563794e0" testListId="8c84fa94-04c1-424b-9868-57a2d4851a1d" />
    <TestEntry testId="ff40ded6-9066-e675-63b0-65953c95b58f" executionId="cf5c8adb-61d0-4309-b013-40f3f1bb3407" testListId="8c84fa94-04c1-424b-9868-57a2d4851a1d" />
    <TestEntry testId="1bb05583-94e2-f189-ffbc-c24f9859174d" executionId="a58a5be0-4bb2-46f9-8d61-36410e851d9b" testListId="8c84fa94-04c1-424b-9868-57a2d4851a1d" />
    <TestEntry testId="60a8ece8-eb60-718f-f450-ea987393b08c" executionId="b05b6ded-172a-438f-8d9d-4dbc2151e427" testListId="8c84fa94-04c1-424b-9868-57a2d4851a1d" />
    <TestEntry testId="b021910f-3a7b-e1b0-adf5-052287ad6ed6" executionId="8e74184a-b100-4209-9477-1a28f30c9a1d" testListId="8c84fa94-04c1-424b-9868-57a2d4851a1d" />
    <TestEntry testId="8f541421-efe7-5d2b-3f66-189b5b9087ba" executionId="86897002-419c-4afa-9c4d-fc082c28d1fe" testListId="8c84fa94-04c1-424b-9868-57a2d4851a1d" />
    <TestEntry testId="b837a5f7-acc6-af02-d2e3-ecad8898657c" executionId="a111b3ec-0c0a-4504-a7a0-9d417cc5fe73" testListId="8c84fa94-04c1-424b-9868-57a2d4851a1d" />
    <TestEntry testId="47778211-e4a7-b4ae-1b18-818d82b735ea" executionId="a358120a-5c34-4d46-92d5-b2a7b0d5b658" testListId="8c84fa94-04c1-424b-9868-57a2d4851a1d" />
    <TestEntry testId="1b307421-ffcc-79ca-6b37-bdf7dfffa024" executionId="7be36af9-2292-4ebb-86c1-a77707aced34" testListId="8c84fa94-04c1-424b-9868-57a2d4851a1d" />
    <TestEntry testId="deb4a77a-7aa8-baad-2c6b-0a69893fbc1a" executionId="55a3241f-7030-478d-9b8f-84e73c872a8c" testListId="8c84fa94-04c1-424b-9868-57a2d4851a1d" />
    <TestEntry testId="5eb93e91-5592-e00c-f3a9-e5d519d7bf77" executionId="36c8a043-efec-4be9-8a19-cdf7a964e040" testListId="8c84fa94-04c1-424b-9868-57a2d4851a1d" />
    <TestEntry testId="65b837fb-de85-8cf4-cf52-17010dc7e192" executionId="855e7527-10bd-4d62-b610-f27fad73bdb4" testListId="8c84fa94-04c1-424b-9868-57a2d4851a1d" />
    <TestEntry testId="e9f49daa-df98-28b4-128c-c8fb4cc3b1e8" executionId="c81ac424-7bd6-4a22-81fb-092d31f0d07a" testListId="8c84fa94-04c1-424b-9868-57a2d4851a1d" />
    <TestEntry testId="50cf3432-b8d3-69ef-f28e-0334788df52c" executionId="2c393347-dde1-4284-a445-7f79c8ed4fb3" testListId="8c84fa94-04c1-424b-9868-57a2d4851a1d" />
    <TestEntry testId="258b34c0-9575-4534-617c-9264f3d4aa3b" executionId="db717d12-e71c-4df1-85da-4ec98f7b22ee" testListId="8c84fa94-04c1-424b-9868-57a2d4851a1d" />
    <TestEntry testId="1b391a6f-c135-7e4e-64a5-c1ab59a7e443" executionId="85beb44d-0305-452c-bd6b-79891ee1caf9" testListId="8c84fa94-04c1-424b-9868-57a2d4851a1d" />
    <TestEntry testId="3ac9ebc3-499c-e2e0-0955-215107a70d18" executionId="16ff0749-0ce4-41e3-aa6b-ad1a3beb53d7" testListId="8c84fa94-04c1-424b-9868-57a2d4851a1d" />
    <TestEntry testId="15a9b385-4a17-c690-317a-d48b84bff00b" executionId="26e74ee9-dcb2-45cb-910b-eeb3c22f9fcc" testListId="8c84fa94-04c1-424b-9868-57a2d4851a1d" />
    <TestEntry testId="e64b7e6c-c665-361b-3fba-f820e40e73be" executionId="0071b44c-0bd6-460e-932c-208225ecc08b" testListId="8c84fa94-04c1-424b-9868-57a2d4851a1d" />
    <TestEntry testId="45a399a6-cd02-1abe-1f00-beebf93096d3" executionId="be11dceb-5caf-4b75-b9c0-492dc221b681" testListId="8c84fa94-04c1-424b-9868-57a2d4851a1d" />
    <TestEntry testId="07611a2a-98a5-1e5f-ce6b-ba98f316b6b4" executionId="50a8ed72-fad5-4748-8346-9bd4315a6025" testListId="8c84fa94-04c1-424b-9868-57a2d4851a1d" />
    <TestEntry testId="14376060-3ce8-b316-1e5d-3514de2cdb11" executionId="89a9e8cb-df68-4aa7-967a-fd00abc6e786" testListId="8c84fa94-04c1-424b-9868-57a2d4851a1d" />
    <TestEntry testId="e801c68b-14fe-7f77-b9ad-b18bbcbc4863" executionId="b2165af5-18af-43d3-8933-c1e184e37f06" testListId="8c84fa94-04c1-424b-9868-57a2d4851a1d" />
    <TestEntry testId="a93b667b-6397-22a0-0fba-67c15a93fc3e" executionId="a9f93a2a-b7f7-461d-b31b-a6629b5b47e8" testListId="8c84fa94-04c1-424b-9868-57a2d4851a1d" />
    <TestEntry testId="34c6bb8e-a4a0-7698-6839-1ae3a8004d0c" executionId="8c3ed85b-cf93-48b1-8dcd-08237d176a74" testListId="8c84fa94-04c1-424b-9868-57a2d4851a1d" />
    <TestEntry testId="386a7bee-565f-e627-5018-f16b1f2e5ab7" executionId="12f364fb-6564-41e4-8854-c1188ae1e2b8" testListId="8c84fa94-04c1-424b-9868-57a2d4851a1d" />
    <TestEntry testId="c97798b7-fb10-aea3-6cf0-39bf63a8e14d" executionId="37463a17-99a7-43ac-b41e-bd4e1eb11f72" testListId="8c84fa94-04c1-424b-9868-57a2d4851a1d" />
    <TestEntry testId="b2e2d28a-37b9-dc59-443b-6bdea283c89b" executionId="0fdd624d-6096-4205-9d2a-401598549af1" testListId="8c84fa94-04c1-424b-9868-57a2d4851a1d" />
    <TestEntry testId="2ff02c71-2ef2-0176-3826-73b0bc7c718b" executionId="54422924-d584-4639-b863-42e308f251e9" testListId="8c84fa94-04c1-424b-9868-57a2d4851a1d" />
    <TestEntry testId="94cd8015-eddf-4dfa-7d94-a48ffdcdfda5" executionId="1e197a0f-bc02-4aef-b629-09be87731cfe" testListId="8c84fa94-04c1-424b-9868-57a2d4851a1d" />
    <TestEntry testId="cc3309dd-df3e-81bf-9b4a-49fff260d228" executionId="072ddc0b-062e-45bd-bb5d-23884cfa503a" testListId="8c84fa94-04c1-424b-9868-57a2d4851a1d" />
    <TestEntry testId="2bfd6695-dcbb-0098-1f2f-7b552b2ce389" executionId="eef7be25-394e-4fd7-9a21-91497bc72c24" testListId="8c84fa94-04c1-424b-9868-57a2d4851a1d" />
    <TestEntry testId="3cef33e2-6807-013c-7957-4401260a45ce" executionId="3001b7b6-d641-476a-a90b-3b7408049b08" testListId="8c84fa94-04c1-424b-9868-57a2d4851a1d" />
    <TestEntry testId="51316c2c-9dca-a59a-e841-42fba69f2f4c" executionId="64622b81-3f5b-48bd-82c5-7fa11352014d" testListId="8c84fa94-04c1-424b-9868-57a2d4851a1d" />
    <TestEntry testId="137df20c-b678-4156-6866-bf5d83aa35e2" executionId="5e9d33cd-33a0-4785-a196-1286c7f9385c" testListId="8c84fa94-04c1-424b-9868-57a2d4851a1d" />
    <TestEntry testId="f2eeea38-cbc8-c4f8-9e98-ff19d8033cbb" executionId="a24f8bb3-c0a4-40be-a58b-823faf631d6f" testListId="8c84fa94-04c1-424b-9868-57a2d4851a1d" />
    <TestEntry testId="0e6b46dd-fcb5-ebac-d2b0-001c0099b002" executionId="0ea28e45-2d0f-420f-8d17-9672447b4634" testListId="8c84fa94-04c1-424b-9868-57a2d4851a1d" />
    <TestEntry testId="14dddadd-8357-9db4-b9d5-3d434e71bae5" executionId="6d57e352-aa4e-43fc-b4d3-c8f768243f19" testListId="8c84fa94-04c1-424b-9868-57a2d4851a1d" />
    <TestEntry testId="b6de819b-7ba9-9424-1547-3b2b8d64e442" executionId="f0b2ebec-6dc6-4dbb-9bc9-663ff385cb60" testListId="8c84fa94-04c1-424b-9868-57a2d4851a1d" />
    <TestEntry testId="7f8709cf-e24d-d1a5-2564-24d6cd6ea1c6" executionId="d57b32e3-8d7a-43bf-bdd9-9f42a2494364" testListId="8c84fa94-04c1-424b-9868-57a2d4851a1d" />
    <TestEntry testId="5809a7f4-7326-40d6-eefa-260a72b31a55" executionId="e45c78c7-65f2-4772-9d66-4ffc50e66295" testListId="8c84fa94-04c1-424b-9868-57a2d4851a1d" />
    <TestEntry testId="f3c1d817-169b-528d-e823-431e97b69b3c" executionId="c6cabc59-d08c-4163-8264-6960f4d9ffcc" testListId="8c84fa94-04c1-424b-9868-57a2d4851a1d" />
    <TestEntry testId="3b90b1d7-7333-3ae8-e48a-b4bda7843301" executionId="f27f1204-46e9-452a-8f6a-b4c9d67f5cfb" testListId="8c84fa94-04c1-424b-9868-57a2d4851a1d" />
    <TestEntry testId="073ade70-f7fc-f63f-6838-fd98c6252c88" executionId="cc2f4fa9-9438-45d1-9556-69d4a8364b40" testListId="8c84fa94-04c1-424b-9868-57a2d4851a1d" />
    <TestEntry testId="55972d3c-2a5b-2c51-9734-2a860801e923" executionId="6b6900c6-abce-4278-ae71-cfb696bead99" testListId="8c84fa94-04c1-424b-9868-57a2d4851a1d" />
    <TestEntry testId="7ef235e2-0bbc-3f87-9587-12afe7b96cce" executionId="505c09f2-b760-4bcd-b6a6-8c5922c25e6b" testListId="8c84fa94-04c1-424b-9868-57a2d4851a1d" />
    <TestEntry testId="5ea1eb40-b01b-62a1-fb83-daf758ace824" executionId="a223b37a-d48b-4314-b460-25a153f902c3" testListId="8c84fa94-04c1-424b-9868-57a2d4851a1d" />
    <TestEntry testId="1ee72dfe-3869-d56f-3a06-002a6a4acd8d" executionId="0a1751dc-ed69-41da-ae9a-4949747db366" testListId="8c84fa94-04c1-424b-9868-57a2d4851a1d" />
    <TestEntry testId="9bc91e54-2369-92bd-e33f-e35e6fcc8ea1" executionId="0d43dca3-6b9e-43cd-8394-e3e404b649c7" testListId="8c84fa94-04c1-424b-9868-57a2d4851a1d" />
    <TestEntry testId="3d9ae10a-30c7-2afd-1008-0cdb9c74550a" executionId="66a4c1f4-2d6c-4af2-a5a0-70ecdb100b46" testListId="8c84fa94-04c1-424b-9868-57a2d4851a1d" />
    <TestEntry testId="cfaa7f6f-35a7-ed67-9c11-a83987a9cbaa" executionId="31751970-6e90-4655-89ed-d0dd3c31dd93" testListId="8c84fa94-04c1-424b-9868-57a2d4851a1d" />
    <TestEntry testId="f1e86d23-5b1b-c52d-2b1c-4acd4cfd4192" executionId="f499f688-8a83-4c40-bf08-afc16a922df7" testListId="8c84fa94-04c1-424b-9868-57a2d4851a1d" />
    <TestEntry testId="b7267dcc-9b05-c155-44e0-2f5655439d03" executionId="6b050c4f-5167-4c06-ba37-e9b8325e8521" testListId="8c84fa94-04c1-424b-9868-57a2d4851a1d" />
    <TestEntry testId="2755f071-cf8a-4c51-c39b-75473603f334" executionId="b675b207-7749-4eb3-a142-434baac4bcac" testListId="8c84fa94-04c1-424b-9868-57a2d4851a1d" />
    <TestEntry testId="ee3edd54-b8d3-5065-f35a-60a14f93efcc" executionId="0cce5193-229e-4ce9-8efe-2d8cb31615a9" testListId="8c84fa94-04c1-424b-9868-57a2d4851a1d" />
    <TestEntry testId="e1af060b-a3e7-1df6-279d-7a08097ff6e7" executionId="f3454256-6805-465d-bbda-38d8d9ca8105" testListId="8c84fa94-04c1-424b-9868-57a2d4851a1d" />
    <TestEntry testId="e9c76c36-c3c7-08bb-3f85-45fd1145e50c" executionId="d4771dc5-a02c-4f3a-a3fe-1e1054d2628b" testListId="8c84fa94-04c1-424b-9868-57a2d4851a1d" />
    <TestEntry testId="80e21c67-5466-af0c-767b-b89c87d05b8d" executionId="45ba3d03-2b7a-4f0e-9592-6ed5cf28d394" testListId="8c84fa94-04c1-424b-9868-57a2d4851a1d" />
    <TestEntry testId="79e43e63-b37d-b5cc-e4e7-6de4f2d33d86" executionId="c45cb04e-9c78-4fe0-a47e-f72446479c95" testListId="8c84fa94-04c1-424b-9868-57a2d4851a1d" />
    <TestEntry testId="214bc37b-0f9a-8b13-840e-79fb2a7f0ef1" executionId="a32c5d27-2b94-409a-ba27-f795c91b51a7" testListId="8c84fa94-04c1-424b-9868-57a2d4851a1d" />
    <TestEntry testId="13026c74-6dc1-5bcf-9aa6-b59b9eaef19f" executionId="8323538a-a68b-445d-88e0-95b61846b5b1" testListId="8c84fa94-04c1-424b-9868-57a2d4851a1d" />
    <TestEntry testId="f734970a-7098-efee-76af-a47525131d6f" executionId="92383ef2-4f3e-431a-a330-f92c0776fd1b" testListId="8c84fa94-04c1-424b-9868-57a2d4851a1d" />
    <TestEntry testId="be2a2a3d-33aa-27bf-160a-5aafbd1411b0" executionId="532bfca0-c156-494f-992c-51997cdefa24" testListId="8c84fa94-04c1-424b-9868-57a2d4851a1d" />
    <TestEntry testId="1ea12466-a950-fa68-3864-d100e69270e1" executionId="f6796a1b-0ade-4e08-8cd3-5d09f0b8b6cd" testListId="8c84fa94-04c1-424b-9868-57a2d4851a1d" />
    <TestEntry testId="df0ac2a9-86f7-3c3b-0294-cd581a6c3566" executionId="966cb00d-6ec4-4ac6-9a7e-d02f368e8ea3" testListId="8c84fa94-04c1-424b-9868-57a2d4851a1d" />
    <TestEntry testId="d67a573e-26f8-7125-3a5f-a4bfc820ec4f" executionId="c796e640-d4cd-4505-b203-33b580c5a53d" testListId="8c84fa94-04c1-424b-9868-57a2d4851a1d" />
    <TestEntry testId="8cac4fba-86d1-f5d1-157a-35d6d2e5be86" executionId="f7cce692-cfcb-4b2d-bbcf-f790ec5b2a1f" testListId="8c84fa94-04c1-424b-9868-57a2d4851a1d" />
    <TestEntry testId="62e9d627-4031-6a68-4e69-d8bab61efb3e" executionId="3f76dbed-2d06-47c4-a309-78a1dee36bf8" testListId="8c84fa94-04c1-424b-9868-57a2d4851a1d" />
    <TestEntry testId="89b82562-255d-274d-8a5c-9e523508f6d7" executionId="62303482-afd4-4db5-b452-47e0f66f5427" testListId="8c84fa94-04c1-424b-9868-57a2d4851a1d" />
    <TestEntry testId="76d37b73-c1d0-63b5-2e4f-2352f18ecf07" executionId="ac91d274-dd37-46d0-9c37-0d2f0cbc1bc5" testListId="8c84fa94-04c1-424b-9868-57a2d4851a1d" />
    <TestEntry testId="7c9fd48c-9639-3fb5-4b05-76a91c304364" executionId="0e586af6-37d9-49cd-9e6d-8ceb050b3a76" testListId="8c84fa94-04c1-424b-9868-57a2d4851a1d" />
    <TestEntry testId="953a5519-d3b2-a05e-4d66-18b2e8b7804c" executionId="8a828653-9410-41f6-aa8c-67de45142321" testListId="8c84fa94-04c1-424b-9868-57a2d4851a1d" />
    <TestEntry testId="9a78c860-a2bb-826c-b7f5-b2e114a8d8c4" executionId="0fc1f407-3f2c-4f20-8578-056e43f459a8" testListId="8c84fa94-04c1-424b-9868-57a2d4851a1d" />
    <TestEntry testId="ab5d133c-a1dc-c20f-7b59-12058d5139e8" executionId="ebf5cff3-cb57-4661-9fd6-d7f2f2c0548a" testListId="8c84fa94-04c1-424b-9868-57a2d4851a1d" />
    <TestEntry testId="ca217a86-3c65-54dd-7c18-ef0c4ec92e17" executionId="92f5690f-5b72-4db7-9edc-9ad7576b05d1" testListId="8c84fa94-04c1-424b-9868-57a2d4851a1d" />
    <TestEntry testId="2dd9518f-1cb7-3bc0-d885-49f025c1d6ad" executionId="bca4d120-0635-4a0b-9e52-06de7ce5f425" testListId="8c84fa94-04c1-424b-9868-57a2d4851a1d" />
    <TestEntry testId="553d637e-aa36-d525-076f-6da80e2bb837" executionId="b9bed094-180e-4362-b1a5-ede1ea66e362" testListId="8c84fa94-04c1-424b-9868-57a2d4851a1d" />
    <TestEntry testId="a42dadff-a746-3fbb-d5a0-dad1b44ec4b7" executionId="802af884-cd86-495f-84ad-e8797f145bbb" testListId="8c84fa94-04c1-424b-9868-57a2d4851a1d" />
    <TestEntry testId="1b0977e4-65cb-08bf-3819-691992098ab5" executionId="25940825-3a37-44c6-a593-f2aa3c8e29be" testListId="8c84fa94-04c1-424b-9868-57a2d4851a1d" />
    <TestEntry testId="7fdb4d05-796a-5280-bad8-3ba0227fc2c6" executionId="a700bc2e-74bf-405a-ab97-82f6c944c663" testListId="8c84fa94-04c1-424b-9868-57a2d4851a1d" />
    <TestEntry testId="64870913-d443-9cf6-c6cd-c6a09b46062d" executionId="c0cebd24-2215-4b7d-8482-3a5db7126c5f" testListId="8c84fa94-04c1-424b-9868-57a2d4851a1d" />
    <TestEntry testId="615478b3-9332-60a9-1557-1cf3652d32df" executionId="980f8123-7a57-4321-98e8-dc0cf655aebf" testListId="8c84fa94-04c1-424b-9868-57a2d4851a1d" />
    <TestEntry testId="5db538dc-8031-81b1-8b94-653c0a2ee9b1" executionId="3596013e-9e9f-47a9-a65b-180e36f26436" testListId="8c84fa94-04c1-424b-9868-57a2d4851a1d" />
    <TestEntry testId="d9ee4071-7973-8c40-e99f-7abc72a9a4a6" executionId="490260ef-8420-4747-ae9f-4a20e02c72ed" testListId="8c84fa94-04c1-424b-9868-57a2d4851a1d" />
    <TestEntry testId="8f1b0e6e-8f2e-af22-7de6-55e930289b42" executionId="acb887dc-4e31-42e4-a510-acc11b1bca74" testListId="8c84fa94-04c1-424b-9868-57a2d4851a1d" />
    <TestEntry testId="c5444bb4-da68-1c5d-4f76-f75f817ebe00" executionId="3910aa89-daec-4e62-b526-9e12b4da8ea2" testListId="8c84fa94-04c1-424b-9868-57a2d4851a1d" />
    <TestEntry testId="1251619c-c5ad-418c-bc6a-e0d3bda2da20" executionId="f551d2a7-8eeb-4fe9-81f2-1a613359ffd0" testListId="8c84fa94-04c1-424b-9868-57a2d4851a1d" />
    <TestEntry testId="d957d01d-06f9-00b6-c4fc-1f45bb41462b" executionId="03da1c43-969b-4973-be7a-7c3648810f24" testListId="8c84fa94-04c1-424b-9868-57a2d4851a1d" />
    <TestEntry testId="b909f30c-f38c-9313-e1bb-cce045faccf8" executionId="676c983b-928f-4cd6-b0eb-7ae6cfbd9bde" testListId="8c84fa94-04c1-424b-9868-57a2d4851a1d" />
    <TestEntry testId="93352463-36a1-1ae7-0078-74e9119c8d94" executionId="a1f92cf2-40c3-414b-8430-69a6ebe2f58d" testListId="8c84fa94-04c1-424b-9868-57a2d4851a1d" />
    <TestEntry testId="f6825996-ea28-9f70-e078-68fdbd3026da" executionId="65d5b821-eacb-42a5-9368-d83c42eb25ce" testListId="8c84fa94-04c1-424b-9868-57a2d4851a1d" />
    <TestEntry testId="667609b0-1e92-421b-12c1-39027b5d01ed" executionId="4eb0d8b7-0882-4ad4-a8fc-436b7eb9b2db" testListId="8c84fa94-04c1-424b-9868-57a2d4851a1d" />
    <TestEntry testId="eeeae07d-9c90-b3bf-802c-7dab8fb6cce9" executionId="5d6636b7-d403-4cd9-9695-0f1403ed9d36" testListId="8c84fa94-04c1-424b-9868-57a2d4851a1d" />
    <TestEntry testId="3804707a-f1be-abfe-6bf8-204e3d364426" executionId="6c613459-8482-4b88-b5dc-58cea6211706" testListId="8c84fa94-04c1-424b-9868-57a2d4851a1d" />
    <TestEntry testId="90e7de45-a873-5224-cbfa-49ad197be5fb" executionId="bc703365-b301-4a9a-b593-13297f065f11" testListId="8c84fa94-04c1-424b-9868-57a2d4851a1d" />
    <TestEntry testId="b758d197-eaa5-49d0-9206-906f7328ab57" executionId="e6d37bf8-ebe7-4673-bcda-9d73e4ee3cfd" testListId="8c84fa94-04c1-424b-9868-57a2d4851a1d" />
    <TestEntry testId="8562dc5c-c883-02f7-f7a9-a7bf6b79d488" executionId="ab5d65a9-8609-4ca6-b649-cbe794ef842d" testListId="8c84fa94-04c1-424b-9868-57a2d4851a1d" />
    <TestEntry testId="a5b75a47-d651-cba7-cab4-2b708cfb43fa" executionId="896ebf47-ac8f-496b-b353-b72d881d78c4" testListId="8c84fa94-04c1-424b-9868-57a2d4851a1d" />
    <TestEntry testId="23cd7f09-2491-893e-1e00-de9db4af24a4" executionId="7e6e77b9-4fe0-4bfd-8cf9-e2ba40b6f053" testListId="8c84fa94-04c1-424b-9868-57a2d4851a1d" />
    <TestEntry testId="3e194a1b-d93f-d485-ea5e-2a23129839bc" executionId="989d0ba7-5745-4a6d-8c53-02c123c4a2dc" testListId="8c84fa94-04c1-424b-9868-57a2d4851a1d" />
    <TestEntry testId="dc9f1f10-3680-c842-141f-5e66a984bac2" executionId="3779c26d-db5e-4d6b-8192-5e78fbe67e9a" testListId="8c84fa94-04c1-424b-9868-57a2d4851a1d" />
    <TestEntry testId="c92a17d3-7710-3c85-969e-97c3946ffba0" executionId="3e1f2e31-70df-46fa-9104-a72824298603" testListId="8c84fa94-04c1-424b-9868-57a2d4851a1d" />
    <TestEntry testId="c412fe77-44bb-21e7-8189-7d651a759eaf" executionId="5718852e-7765-4cc4-b6d8-ef10b8711472" testListId="8c84fa94-04c1-424b-9868-57a2d4851a1d" />
    <TestEntry testId="3aaafae8-bb91-b5d0-ada1-67338c69fe18" executionId="2e6f130a-80da-4bc9-a78b-6a59fb7ed761" testListId="8c84fa94-04c1-424b-9868-57a2d4851a1d" />
    <TestEntry testId="1d2d852c-337c-f462-f72d-b0f335e61d83" executionId="279ef5ca-bc3f-46c3-bf3c-65e8f4891c7e" testListId="8c84fa94-04c1-424b-9868-57a2d4851a1d" />
    <TestEntry testId="a8909f45-40ec-b583-961d-db933542bf7f" executionId="fc00c37a-bcdc-4b91-95aa-f52e9d8618ba" testListId="8c84fa94-04c1-424b-9868-57a2d4851a1d" />
    <TestEntry testId="f19ba7a9-f21d-1ef7-ca89-7c8ed8744eb1" executionId="832797ae-4dfc-49d2-a967-94a83e1b0304" testListId="8c84fa94-04c1-424b-9868-57a2d4851a1d" />
    <TestEntry testId="ac46d96e-3e02-01eb-ef23-495d820b3bbf" executionId="30995a0a-9633-4cec-95c1-608ac0be2c95" testListId="8c84fa94-04c1-424b-9868-57a2d4851a1d" />
    <TestEntry testId="978bf909-12af-1f94-2115-718651615118" executionId="51d11182-503b-49f5-9a8e-13e581321501" testListId="8c84fa94-04c1-424b-9868-57a2d4851a1d" />
    <TestEntry testId="c6bf1991-8f61-7d89-df9c-74a42fa38c69" executionId="c05a8deb-7a87-445a-b327-52b1c1603486" testListId="8c84fa94-04c1-424b-9868-57a2d4851a1d" />
    <TestEntry testId="b369e989-a032-a3cf-5b14-e88fa99021df" executionId="bf961133-ea35-4125-a32f-f3a8fe3ed829" testListId="8c84fa94-04c1-424b-9868-57a2d4851a1d" />
    <TestEntry testId="af7ac218-2f86-7d51-b4c0-145ef7458250" executionId="ee14740b-c476-4ca5-b7cb-7003133334fa" testListId="8c84fa94-04c1-424b-9868-57a2d4851a1d" />
    <TestEntry testId="dfc11193-7eb4-ea1d-303c-f015aded6364" executionId="842855e6-b2db-4d76-8456-03f77f6c84f3" testListId="8c84fa94-04c1-424b-9868-57a2d4851a1d" />
    <TestEntry testId="7129201b-f8b2-cac9-cd43-4e53f920d684" executionId="1b0d6785-8f0a-497c-99a2-39c124dcfc6a" testListId="8c84fa94-04c1-424b-9868-57a2d4851a1d" />
    <TestEntry testId="3efa07d2-e980-9f4f-1d0e-b14cd48d0549" executionId="6cfc6a0e-4666-4534-9d84-ca8633840c62" testListId="8c84fa94-04c1-424b-9868-57a2d4851a1d" />
    <TestEntry testId="a6f07759-be9a-ca76-45b2-a4ac5fa1a6cf" executionId="0a7b1864-bfb6-4ffe-8689-4d32f3b72997" testListId="8c84fa94-04c1-424b-9868-57a2d4851a1d" />
    <TestEntry testId="8584bad8-d425-3305-f7ec-0a30ae7a4401" executionId="d93ead53-1dbc-4c81-bfb4-6140c5bf16be" testListId="8c84fa94-04c1-424b-9868-57a2d4851a1d" />
    <TestEntry testId="948c6e50-b89c-238c-9ecd-712d88ad26d6" executionId="59a6d700-f334-4741-85c0-12d6cf63de0a" testListId="8c84fa94-04c1-424b-9868-57a2d4851a1d" />
    <TestEntry testId="95b9cc3e-c175-51c3-eb18-1dad3c6fb7e6" executionId="bdaf3456-c4c1-4bfa-9cc9-6da9c6ab5ecf" testListId="8c84fa94-04c1-424b-9868-57a2d4851a1d" />
    <TestEntry testId="0b8c6ff9-d5bb-1fed-6a4a-52605a85f60c" executionId="5142bee1-3a37-4942-a49a-9c1c4a79b224" testListId="8c84fa94-04c1-424b-9868-57a2d4851a1d" />
    <TestEntry testId="35c0380f-e604-97a2-d077-d7ee55dc0e0d" executionId="81b572f1-6d21-49e9-803b-5f98d844286e" testListId="8c84fa94-04c1-424b-9868-57a2d4851a1d" />
    <TestEntry testId="399731ca-be7b-a4e4-ab07-0004a82f7530" executionId="a33ceae7-329a-479d-957d-c04d84de77d2" testListId="8c84fa94-04c1-424b-9868-57a2d4851a1d" />
    <TestEntry testId="3be58365-720e-c682-b002-481171098582" executionId="d5f575b8-d985-41f8-ac16-60e000e8a79a" testListId="8c84fa94-04c1-424b-9868-57a2d4851a1d" />
    <TestEntry testId="5dee8f74-acb3-b4b5-dd21-b29141d0a065" executionId="75280b4d-d042-40f1-93d0-84a7b3a26b65" testListId="8c84fa94-04c1-424b-9868-57a2d4851a1d" />
    <TestEntry testId="fbdcf33d-7dfb-97c9-b080-d57d76af1fa7" executionId="08867b50-6f5f-4158-a29f-5ba4a28ee41f" testListId="8c84fa94-04c1-424b-9868-57a2d4851a1d" />
    <TestEntry testId="b2e89f73-4133-3b41-07b7-4ee461c2ecf7" executionId="6d3c4e81-1cc4-4bcc-bd7f-3268ea05a6fc" testListId="8c84fa94-04c1-424b-9868-57a2d4851a1d" />
    <TestEntry testId="37de7b0f-b263-6de1-69dd-b7b31ea17157" executionId="0f4518bd-1e60-40bc-99b3-d1742f3a7757" testListId="8c84fa94-04c1-424b-9868-57a2d4851a1d" />
    <TestEntry testId="f9ce4da8-267e-ccfe-fa1a-05f43c639686" executionId="da46bcbf-5a5f-4acf-9fd4-04818d71e0ba" testListId="8c84fa94-04c1-424b-9868-57a2d4851a1d" />
    <TestEntry testId="086a2b17-fa91-1462-dc08-4343a274ea57" executionId="2f6e7721-97d6-4e95-9c0f-24ad8e7e41d2" testListId="8c84fa94-04c1-424b-9868-57a2d4851a1d" />
    <TestEntry testId="e4c50118-0733-b5a5-a4ec-df482988938c" executionId="8d07c5ae-db67-4cad-b59f-58545f1d7ba0" testListId="8c84fa94-04c1-424b-9868-57a2d4851a1d" />
    <TestEntry testId="03ab36a9-9664-6ac0-422d-3eef5867b795" executionId="760ff971-5dd9-4114-8013-d287984b4e68" testListId="8c84fa94-04c1-424b-9868-57a2d4851a1d" />
    <TestEntry testId="d60025df-1705-3c00-d16d-b2d6435975dc" executionId="06b34800-25f1-4cb6-af18-08396664e260" testListId="8c84fa94-04c1-424b-9868-57a2d4851a1d" />
    <TestEntry testId="405cb728-4473-0670-b8d8-6155b234ec01" executionId="e21a9df8-5520-4aea-8079-c8a4029bda0e" testListId="8c84fa94-04c1-424b-9868-57a2d4851a1d" />
    <TestEntry testId="766fb526-767c-7fa3-8d62-a19a15e3ae57" executionId="cbf1f62e-566a-4909-95dd-27c7158a0849" testListId="8c84fa94-04c1-424b-9868-57a2d4851a1d" />
    <TestEntry testId="dd704002-7cc9-1f8e-8488-677b2b846baf" executionId="982832bc-cb61-4598-94e3-98f90b25f27b" testListId="8c84fa94-04c1-424b-9868-57a2d4851a1d" />
    <TestEntry testId="fd1d86c0-a46a-6465-3cf5-7a42f7a1c6cd" executionId="35dec8a7-6cad-4b4f-8bb8-1e0535b30536" testListId="8c84fa94-04c1-424b-9868-57a2d4851a1d" />
    <TestEntry testId="637fdbf3-8d8d-10be-a15b-6dcb9493c84c" executionId="08dc3843-6bd9-4b59-8f9d-638efe90f43e" testListId="8c84fa94-04c1-424b-9868-57a2d4851a1d" />
    <TestEntry testId="076fee17-8b81-7e74-794b-ad9487c35570" executionId="199f07bb-0860-489b-a317-86bf9506b297" testListId="8c84fa94-04c1-424b-9868-57a2d4851a1d" />
    <TestEntry testId="3eab8744-f351-7a88-77ac-b04b1768f0d6" executionId="36ed22c2-c50f-4567-8685-c07f8a001a0c" testListId="8c84fa94-04c1-424b-9868-57a2d4851a1d" />
    <TestEntry testId="b39d7b02-3f3e-5760-0d38-e373b0d9e696" executionId="788c6124-d18a-4dca-a420-2210c102c6e4" testListId="8c84fa94-04c1-424b-9868-57a2d4851a1d" />
    <TestEntry testId="8cce2bfa-fe39-f113-537b-f9758366985d" executionId="778219c6-2607-4685-b955-0e5383cb7555" testListId="8c84fa94-04c1-424b-9868-57a2d4851a1d" />
    <TestEntry testId="2f234531-ade1-8d80-67e2-f11efcd67c27" executionId="aa9ad3e4-d215-4736-aab0-0b56e7c7aca4" testListId="8c84fa94-04c1-424b-9868-57a2d4851a1d" />
    <TestEntry testId="8cd965ba-9d15-02a8-d9a6-5c5c7f640da1" executionId="7f4b28cf-cfc8-4504-a7c1-4f22780caa64" testListId="8c84fa94-04c1-424b-9868-57a2d4851a1d" />
    <TestEntry testId="8372205f-e3c5-e884-37e3-ab7a9a816825" executionId="7f131f9a-83a4-49db-8c4e-21cfeb33397f" testListId="8c84fa94-04c1-424b-9868-57a2d4851a1d" />
    <TestEntry testId="e74b0b36-6419-48d0-867e-041b212ec0bd" executionId="78732541-c114-4e5b-8bae-d0e5aa062a45" testListId="8c84fa94-04c1-424b-9868-57a2d4851a1d" />
    <TestEntry testId="f5483390-2453-74a5-2ecb-e526102f9136" executionId="3c3f78b3-26ad-472a-97e9-1a0d18e89f56" testListId="8c84fa94-04c1-424b-9868-57a2d4851a1d" />
    <TestEntry testId="e35ad71a-f382-997a-6948-84c2c25561ea" executionId="c3a478bb-e7f3-4b4d-9a6f-c9dd104456df" testListId="8c84fa94-04c1-424b-9868-57a2d4851a1d" />
    <TestEntry testId="7835171e-dcef-89e1-d6bc-cdbd772f7679" executionId="dd01dbd7-d474-42bb-80c6-3043d5aab3a5" testListId="8c84fa94-04c1-424b-9868-57a2d4851a1d" />
    <TestEntry testId="2a2b8e15-25c3-1ef6-20e8-81f56874fd81" executionId="bda5e660-4988-4e29-ac97-ff243cd425f0" testListId="8c84fa94-04c1-424b-9868-57a2d4851a1d" />
    <TestEntry testId="25941b2f-3033-621f-b224-be447fc2d6ff" executionId="f29ea77c-2499-4cfa-81fc-602254d62f1a" testListId="8c84fa94-04c1-424b-9868-57a2d4851a1d" />
    <TestEntry testId="e08b332e-1cd5-14e9-ef2a-9bad24b52e59" executionId="806eee42-6e3e-4974-868a-216ff5fd1c30" testListId="8c84fa94-04c1-424b-9868-57a2d4851a1d" />
    <TestEntry testId="de7cf77a-7ad7-c9f6-f8d6-17b737f2c648" executionId="6c9503b4-1202-4b39-bf65-effebbd80cc4" testListId="8c84fa94-04c1-424b-9868-57a2d4851a1d" />
    <TestEntry testId="7c6b1f40-9994-4537-37de-95bd24302b78" executionId="a64e8fb1-efad-4076-b11c-01f00f68d304" testListId="8c84fa94-04c1-424b-9868-57a2d4851a1d" />
    <TestEntry testId="0243185b-d224-1d0c-bb5e-57adce0b048a" executionId="de12d5a3-4d3c-4ff9-a073-00699f6c08f5" testListId="8c84fa94-04c1-424b-9868-57a2d4851a1d" />
    <TestEntry testId="c82d0f3c-7729-2896-1d15-094202f6d21d" executionId="db00a48b-3385-46ce-854b-08e470c06234" testListId="8c84fa94-04c1-424b-9868-57a2d4851a1d" />
    <TestEntry testId="2e27fb95-6c37-1b2c-b16b-1b1393146f9f" executionId="204b4a8c-2bba-409a-8277-e1e5cc066248" testListId="8c84fa94-04c1-424b-9868-57a2d4851a1d" />
    <TestEntry testId="0f0bba31-92ff-a4aa-5044-aacee9ba4063" executionId="67a65237-02eb-4cf8-8486-b3cc4e639995" testListId="8c84fa94-04c1-424b-9868-57a2d4851a1d" />
    <TestEntry testId="a32965de-3955-745a-dc49-ed38e6012d81" executionId="5c620618-5f1c-40e2-bcb7-372ae8c2d809" testListId="8c84fa94-04c1-424b-9868-57a2d4851a1d" />
    <TestEntry testId="ec751e92-def9-4b9c-0b42-1c3097196dce" executionId="e8fe0530-43b7-4efa-b9da-0a065bcaebda" testListId="8c84fa94-04c1-424b-9868-57a2d4851a1d" />
    <TestEntry testId="03f36d95-aae4-b805-c24d-6e283ef93d28" executionId="688c28da-3db6-407c-939c-c25d36fe7c4a" testListId="8c84fa94-04c1-424b-9868-57a2d4851a1d" />
    <TestEntry testId="4775c378-f058-133d-e024-8751c86215ef" executionId="a4cfab7f-e4c1-4b5d-a6ad-7a1c420c9c23" testListId="8c84fa94-04c1-424b-9868-57a2d4851a1d" />
    <TestEntry testId="625aa50c-4f64-d0c4-dfd2-4c3f7e1168c1" executionId="4457ad54-807c-4df9-8472-d975ba8f17bd" testListId="8c84fa94-04c1-424b-9868-57a2d4851a1d" />
    <TestEntry testId="c15959e8-e17a-7fad-476d-b90b1e43e563" executionId="57d1552d-9908-443e-b1de-65ed64b6450a" testListId="8c84fa94-04c1-424b-9868-57a2d4851a1d" />
    <TestEntry testId="e36dc63b-3d33-6a55-e50a-6f99b719f988" executionId="9c19b247-a3aa-4afa-8a93-caccf125c5ef" testListId="8c84fa94-04c1-424b-9868-57a2d4851a1d" />
    <TestEntry testId="c417d433-4ec7-ed34-4368-bd2536be5e26" executionId="939c2cbb-b6d6-4a86-aab1-753f102050fb" testListId="8c84fa94-04c1-424b-9868-57a2d4851a1d" />
    <TestEntry testId="7c70736e-c392-bdf5-a241-d4fdc003fd32" executionId="e47b6bda-3561-4167-adc5-6f3c2cccbbcb" testListId="8c84fa94-04c1-424b-9868-57a2d4851a1d" />
    <TestEntry testId="35a2005f-4d90-f3ae-dafa-9e3754a4bbc7" executionId="28cc4290-21d8-408e-b413-70a291c7bfb4" testListId="8c84fa94-04c1-424b-9868-57a2d4851a1d" />
    <TestEntry testId="be749d0c-e7df-959f-502a-c4c409c67dbe" executionId="4335e2d4-ba52-4163-9f78-5b06feb8a091" testListId="8c84fa94-04c1-424b-9868-57a2d4851a1d" />
    <TestEntry testId="64a899b1-18ab-64ac-96f9-dc13a9682304" executionId="e2116790-fea0-48a2-88df-2261f35472d2" testListId="8c84fa94-04c1-424b-9868-57a2d4851a1d" />
    <TestEntry testId="2a52b571-c706-cc01-037b-4ab2dd75ee42" executionId="faf09bb6-4320-422a-be52-faa7f383e36e" testListId="8c84fa94-04c1-424b-9868-57a2d4851a1d" />
    <TestEntry testId="253bd553-2045-c192-27d3-9066e641ec16" executionId="def09fb9-7832-41c9-9d7c-7a61d8912974" testListId="8c84fa94-04c1-424b-9868-57a2d4851a1d" />
    <TestEntry testId="43144dac-9f33-5f61-526b-0e927bbefe4a" executionId="12f01e11-8222-4def-9304-8813f5ef4520" testListId="8c84fa94-04c1-424b-9868-57a2d4851a1d" />
    <TestEntry testId="3d623816-b90d-1130-d3ce-48e59cddab4d" executionId="cfb04dd7-18c5-4f99-814f-e868ddadc8d0" testListId="8c84fa94-04c1-424b-9868-57a2d4851a1d" />
    <TestEntry testId="a4c4d652-63ba-3c0d-ea37-00badaf729ea" executionId="561fcee1-b45a-4156-ba07-671b382a2958" testListId="8c84fa94-04c1-424b-9868-57a2d4851a1d" />
    <TestEntry testId="5718d9ad-a8de-5c84-9c1a-051f7c977dc6" executionId="4884025c-53b5-44e7-a774-40d60398dc4e" testListId="8c84fa94-04c1-424b-9868-57a2d4851a1d" />
    <TestEntry testId="83c4d809-be9c-36da-c0c0-f4643a54b08d" executionId="bafa3d43-bcc3-4cea-908b-d67c56b64d7e" testListId="8c84fa94-04c1-424b-9868-57a2d4851a1d" />
    <TestEntry testId="2b5c7824-8380-8de2-63a4-04424b0e7044" executionId="32654d11-d441-4f4d-bea4-df40b42a7ada" testListId="8c84fa94-04c1-424b-9868-57a2d4851a1d" />
    <TestEntry testId="d4687b1e-9df1-e071-1d96-3e2cf3e1c544" executionId="f7dfb9a8-c47b-4157-9e23-3c7b8572078a" testListId="8c84fa94-04c1-424b-9868-57a2d4851a1d" />
    <TestEntry testId="d6f5045b-e7df-03eb-42a0-f62bf5b375e2" executionId="385a7c15-4b99-4538-b91a-ac10e9d82eb5" testListId="8c84fa94-04c1-424b-9868-57a2d4851a1d" />
    <TestEntry testId="19ce37e6-4c0e-5b26-19aa-1ca87fffab24" executionId="e3b30be9-2ae1-48ee-b57f-c3fad234c35a" testListId="8c84fa94-04c1-424b-9868-57a2d4851a1d" />
    <TestEntry testId="a73c886a-4dc4-c753-faa2-43a068d44d94" executionId="ddcf08d2-3b76-4162-9985-7506dad429c4" testListId="8c84fa94-04c1-424b-9868-57a2d4851a1d" />
    <TestEntry testId="2373d25d-f5ca-0187-6723-a737192c45d9" executionId="40a13609-56a8-4f81-b96e-7e0115ea2c2f" testListId="8c84fa94-04c1-424b-9868-57a2d4851a1d" />
    <TestEntry testId="e2ad10f9-eb98-6da1-e2f3-9bce445b66df" executionId="3c9be8ae-fd6d-41d5-8830-ae40baf990c7" testListId="8c84fa94-04c1-424b-9868-57a2d4851a1d" />
    <TestEntry testId="5fc943a0-c36d-f12f-5209-999fc4de5c10" executionId="116ed8f3-875d-4c83-bec2-193c47a73e0d" testListId="8c84fa94-04c1-424b-9868-57a2d4851a1d" />
    <TestEntry testId="3c118745-57e8-1cd3-bca9-530f270d1562" executionId="f48d0991-6c2e-4b23-a2c2-cea9b2e191d5" testListId="8c84fa94-04c1-424b-9868-57a2d4851a1d" />
    <TestEntry testId="5a20fcce-b964-9c58-ee53-6e7e6736acf4" executionId="ad185dd4-5482-4452-b86b-a78de2fc2466" testListId="8c84fa94-04c1-424b-9868-57a2d4851a1d" />
    <TestEntry testId="2e5c1765-f67c-abe7-93db-eea60edea182" executionId="967ab332-0afc-4cb7-b1f2-a9575eb1a78e" testListId="8c84fa94-04c1-424b-9868-57a2d4851a1d" />
    <TestEntry testId="11570296-260a-e449-5aee-3032d659ada8" executionId="c144df9a-5159-4cfd-a81f-54ceff59f5be" testListId="8c84fa94-04c1-424b-9868-57a2d4851a1d" />
    <TestEntry testId="41674f16-adc5-0b17-65d7-71fb5ca006c9" executionId="7e727c9b-fe28-4c57-9cab-5f8c2b43d3ec" testListId="8c84fa94-04c1-424b-9868-57a2d4851a1d" />
    <TestEntry testId="6eca20c5-efaf-2286-5be3-5385032d9bbe" executionId="fc8c8d57-ffdf-4be8-98e8-0ec8874521d9" testListId="8c84fa94-04c1-424b-9868-57a2d4851a1d" />
    <TestEntry testId="59467ccb-18ab-033a-3584-baad7cf8a369" executionId="0a0513bc-e961-4133-a057-9e16fbfd804c" testListId="8c84fa94-04c1-424b-9868-57a2d4851a1d" />
    <TestEntry testId="ae5555a0-37c6-c455-a4fa-32cff4839963" executionId="7ae8d974-8aef-49d8-9b27-dd78ac46ea91" testListId="8c84fa94-04c1-424b-9868-57a2d4851a1d" />
    <TestEntry testId="7c4b1e2b-9b53-d3c4-9abe-823f5642361f" executionId="0e70def2-58e8-49c6-97cb-4f878a157aed" testListId="8c84fa94-04c1-424b-9868-57a2d4851a1d" />
    <TestEntry testId="eeac9b25-a4e3-6399-89fb-7237079a2de0" executionId="966afc18-5fbc-49f7-974b-810b5e00c104" testListId="8c84fa94-04c1-424b-9868-57a2d4851a1d" />
    <TestEntry testId="5f3f7001-eef7-bb38-1e49-8decef8ed9b3" executionId="44b5f1df-7eb9-436d-8ba4-8aba3c7ddd6a" testListId="8c84fa94-04c1-424b-9868-57a2d4851a1d" />
    <TestEntry testId="71312cf5-fb82-7226-6377-aa75ed680198" executionId="0bd7a2ae-9659-4bc3-9b5e-92e05eeb8d8b" testListId="8c84fa94-04c1-424b-9868-57a2d4851a1d" />
    <TestEntry testId="fefd9b19-f6bd-015a-355f-cedbc6033695" executionId="b313f629-8fc2-4762-a394-e49028fcb4fa" testListId="8c84fa94-04c1-424b-9868-57a2d4851a1d" />
    <TestEntry testId="a7da3ca8-2fba-28a9-7508-0ca683429351" executionId="0e0b3e02-df45-4346-9cad-e3cf881cfb53" testListId="8c84fa94-04c1-424b-9868-57a2d4851a1d" />
    <TestEntry testId="8bfaa40b-60d2-df7a-8953-f32729ba7ff4" executionId="736adeaa-6dbf-4664-8293-1a36b3495483" testListId="8c84fa94-04c1-424b-9868-57a2d4851a1d" />
    <TestEntry testId="e5a95c71-638d-b172-ccbb-8ca986d570ba" executionId="fcaeb963-0899-4fa5-9066-1b4b10522a9f" testListId="8c84fa94-04c1-424b-9868-57a2d4851a1d" />
    <TestEntry testId="ec85c822-abe3-f10d-56a7-ccfe38cfb712" executionId="f0a8029e-910e-4989-ae6d-16db9e9544cc" testListId="8c84fa94-04c1-424b-9868-57a2d4851a1d" />
    <TestEntry testId="29f87f1d-50c8-cc7a-5fd8-63cf812e92ed" executionId="864654fc-f79e-465c-9521-4731d61542ad" testListId="8c84fa94-04c1-424b-9868-57a2d4851a1d" />
    <TestEntry testId="78017cb6-059b-1954-e826-5016568abd9f" executionId="dda129f2-4fb5-46ce-8c65-8b5c7e5fbde5" testListId="8c84fa94-04c1-424b-9868-57a2d4851a1d" />
    <TestEntry testId="9915ec3d-079b-2182-882d-24c14137d573" executionId="844fafe5-e1c6-4bfe-accb-a93237dae316" testListId="8c84fa94-04c1-424b-9868-57a2d4851a1d" />
    <TestEntry testId="fb7c521a-b1a6-5a62-66a0-b87e2f3d620e" executionId="6e6c3e9f-fdc7-4cf1-a6bb-8d6896a88cb9" testListId="8c84fa94-04c1-424b-9868-57a2d4851a1d" />
    <TestEntry testId="716388e6-22b2-b617-7b8a-2e0be3be5f88" executionId="83a1bcc7-79e4-4020-b2c9-29c43f80a91c" testListId="8c84fa94-04c1-424b-9868-57a2d4851a1d" />
    <TestEntry testId="73537f6f-d3fa-940c-edea-b49f2222468b" executionId="9c0e34e7-5a5b-42f9-a286-13a7e3a577d5" testListId="8c84fa94-04c1-424b-9868-57a2d4851a1d" />
    <TestEntry testId="e23a486c-47c0-4e0a-e71d-c5399b3a3f28" executionId="16016fed-7530-4107-bfa4-56d4a544b84a" testListId="8c84fa94-04c1-424b-9868-57a2d4851a1d" />
    <TestEntry testId="237862cf-2d0d-cbaf-26d4-180cb06a36d9" executionId="85f6806a-1821-47de-8f37-d512e06440e6" testListId="8c84fa94-04c1-424b-9868-57a2d4851a1d" />
    <TestEntry testId="5a23b2d1-fa34-06b1-35fd-d6a94876e4ee" executionId="16eb6777-7a3e-4563-8e44-e39167e15ce0" testListId="8c84fa94-04c1-424b-9868-57a2d4851a1d" />
    <TestEntry testId="b1d9cdba-bc33-5bab-b674-f28b01fecec4" executionId="fd72aaa6-4ce6-407e-a32f-a4fe6085de97" testListId="8c84fa94-04c1-424b-9868-57a2d4851a1d" />
    <TestEntry testId="c2c8a609-4c8c-496e-d57f-80602202f7e8" executionId="cd48a76b-045d-4e0a-b172-8fdc118ddb0f" testListId="8c84fa94-04c1-424b-9868-57a2d4851a1d" />
    <TestEntry testId="6c56f43c-2481-f70b-ab36-750f8eb4a629" executionId="1db87d40-82e7-4e0b-b9aa-b9255755e42c" testListId="8c84fa94-04c1-424b-9868-57a2d4851a1d" />
    <TestEntry testId="921a591d-5684-3990-4503-a415bbdb362d" executionId="822b46a0-2a83-46df-9de4-586a25360059" testListId="8c84fa94-04c1-424b-9868-57a2d4851a1d" />
    <TestEntry testId="774c5a23-7b55-7960-eb11-4650a4290038" executionId="f326071a-3fa9-4d1c-98f4-6a3d6449846e" testListId="8c84fa94-04c1-424b-9868-57a2d4851a1d" />
    <TestEntry testId="4009ef10-c4a6-ac30-5c90-edc98eb9511a" executionId="6e1c1b39-1251-403e-8c2a-18a208aed270" testListId="8c84fa94-04c1-424b-9868-57a2d4851a1d" />
    <TestEntry testId="60ce74a5-b639-f92e-4845-6bac258dc7b1" executionId="191c4fbc-ada2-4617-97e5-70f90a9beca9" testListId="8c84fa94-04c1-424b-9868-57a2d4851a1d" />
    <TestEntry testId="7a3758e8-b584-9655-0731-a5d3a3a4352a" executionId="e261cde3-0608-48c1-bdeb-6a27912ab12c" testListId="8c84fa94-04c1-424b-9868-57a2d4851a1d" />
    <TestEntry testId="91c4e265-a65b-dfa3-0937-32368eb9cf5c" executionId="9be56dc3-f630-4fa2-9f04-73830e2fd1ab" testListId="8c84fa94-04c1-424b-9868-57a2d4851a1d" />
    <TestEntry testId="e99b59a4-9c41-bba8-3365-9019877a3116" executionId="a283c97c-1b4b-46c5-a3f1-018c41bc2355" testListId="8c84fa94-04c1-424b-9868-57a2d4851a1d" />
    <TestEntry testId="dd8f2dbc-12bb-ce08-b1f0-70639974ccdb" executionId="a98a2415-db50-4503-a145-2ffd88017897" testListId="8c84fa94-04c1-424b-9868-57a2d4851a1d" />
    <TestEntry testId="2064b8b6-5406-e4e3-682d-40dc0dda4a29" executionId="11c3c974-a596-4bd9-a991-525ec3c763f3" testListId="8c84fa94-04c1-424b-9868-57a2d4851a1d" />
    <TestEntry testId="a04da09a-c880-69dd-b4bc-1df833e24c50" executionId="f6c2c461-21d8-415f-befe-24e6d9d19f71" testListId="8c84fa94-04c1-424b-9868-57a2d4851a1d" />
    <TestEntry testId="17c0984d-00ed-33cc-bc3a-e80eb2c5b9b9" executionId="1464fcbd-1627-42f4-a7e9-e4312fc195bb" testListId="8c84fa94-04c1-424b-9868-57a2d4851a1d" />
    <TestEntry testId="0568c309-ef7f-70bd-ad29-6793c52fb3da" executionId="22bde089-2bae-4db6-92a4-d8177d997829" testListId="8c84fa94-04c1-424b-9868-57a2d4851a1d" />
    <TestEntry testId="66a21a84-8b8f-ebd1-7211-e7b068fe29fe" executionId="d31b13d2-da79-42bc-975c-ca835944f3e0" testListId="8c84fa94-04c1-424b-9868-57a2d4851a1d" />
    <TestEntry testId="d4954e52-2dd8-0ed0-c112-15b32eb33459" executionId="ed05eda8-adeb-4507-83c2-2c7942775cfc" testListId="8c84fa94-04c1-424b-9868-57a2d4851a1d" />
    <TestEntry testId="400574e9-cfd2-28d7-2497-8d12875e57fe" executionId="c34d8bf3-7f6b-4113-9f76-41ff6565e333" testListId="8c84fa94-04c1-424b-9868-57a2d4851a1d" />
    <TestEntry testId="324d0d51-bb16-4866-2971-ea6ad31ad1a3" executionId="f97a015a-47b6-407d-b931-9a47c4c4ee5f" testListId="8c84fa94-04c1-424b-9868-57a2d4851a1d" />
    <TestEntry testId="7677fc14-1b53-848a-20ff-aac9fdcfb551" executionId="efe5442f-7d1b-4ec1-8005-355103d7b86e" testListId="8c84fa94-04c1-424b-9868-57a2d4851a1d" />
    <TestEntry testId="4c2abb17-2382-29a0-d0f8-459cc8a0f350" executionId="9f7a2d14-9e70-47ae-8e82-cef978d9dc62" testListId="8c84fa94-04c1-424b-9868-57a2d4851a1d" />
    <TestEntry testId="452aaa1d-347b-2f07-0c00-e805036b2e18" executionId="79eac563-70a6-4be9-af2e-234f96032c6c" testListId="8c84fa94-04c1-424b-9868-57a2d4851a1d" />
    <TestEntry testId="40bde8fd-a09c-5ba6-91eb-ea957d7f6bde" executionId="239395e6-4e63-48e5-8506-51540d1c327b" testListId="8c84fa94-04c1-424b-9868-57a2d4851a1d" />
    <TestEntry testId="e6b206ac-4c65-f54f-2e38-203cbedf1570" executionId="a78b49d2-3558-4c64-b5b2-f978bdf4c4b9" testListId="8c84fa94-04c1-424b-9868-57a2d4851a1d" />
    <TestEntry testId="dd9b318f-9742-5f8b-5bbc-f327a4bb22f7" executionId="923ee458-2c08-4dc9-b9b3-34af979d50e5" testListId="8c84fa94-04c1-424b-9868-57a2d4851a1d" />
    <TestEntry testId="73fe65d9-1496-ecab-ac02-2dff2b3f72a7" executionId="7f450d8e-8742-44e0-be45-35972b9c3311" testListId="8c84fa94-04c1-424b-9868-57a2d4851a1d" />
    <TestEntry testId="243e4e73-b8a6-c732-cc2d-3e9aaa1a7973" executionId="c710ffe0-5553-4a88-bb80-e3c28c7257f1" testListId="8c84fa94-04c1-424b-9868-57a2d4851a1d" />
    <TestEntry testId="6b54b967-7168-d6d2-55d6-692059056cd4" executionId="4abc67ec-fdd7-44e0-9fe8-759d8008e500" testListId="8c84fa94-04c1-424b-9868-57a2d4851a1d" />
    <TestEntry testId="cc06063e-4605-10cb-bbd7-93f57249e9f2" executionId="d3437afc-72d8-4a8e-a781-9c45e31670fd" testListId="8c84fa94-04c1-424b-9868-57a2d4851a1d" />
    <TestEntry testId="6f0952ef-b78c-8cab-b1bf-22d6a6248ec2" executionId="fafdf30f-cf63-4cb1-8471-99605cd63041" testListId="8c84fa94-04c1-424b-9868-57a2d4851a1d" />
    <TestEntry testId="929fd9d5-06cf-74eb-4ab5-236799efba19" executionId="2a4574ab-ba99-4027-a04f-43fad6597845" testListId="8c84fa94-04c1-424b-9868-57a2d4851a1d" />
    <TestEntry testId="4cca7c3f-41dd-0543-d8d3-764bf8abcc4a" executionId="c3bbb6b7-946c-467e-93e6-68ed0c123335" testListId="8c84fa94-04c1-424b-9868-57a2d4851a1d" />
    <TestEntry testId="c3005e9d-8232-cef6-52ee-ec07bf35d1a5" executionId="eee67c83-7088-4e68-ae76-b8191012837d" testListId="8c84fa94-04c1-424b-9868-57a2d4851a1d" />
    <TestEntry testId="c8ae1b91-943e-a0dd-93dd-70a3b0e5410f" executionId="05859053-aac0-4b70-bfba-c047f3e87e37" testListId="8c84fa94-04c1-424b-9868-57a2d4851a1d" />
    <TestEntry testId="c213202f-f89a-6d6f-418b-7f6c8f5e31d2" executionId="74b9e7f2-96e2-4891-9751-fa888796ad16" testListId="8c84fa94-04c1-424b-9868-57a2d4851a1d" />
    <TestEntry testId="c276884c-829f-6c3a-d834-14ea16a5b393" executionId="fc4154a9-1fd3-48be-9b7e-9933486b7f6d" testListId="8c84fa94-04c1-424b-9868-57a2d4851a1d" />
    <TestEntry testId="fd9ea489-4b24-8207-ff9e-deab032b0788" executionId="6d99738f-1f88-41a4-8e3d-f86d24ee566e" testListId="8c84fa94-04c1-424b-9868-57a2d4851a1d" />
    <TestEntry testId="e79368f5-deff-2f1a-dcf0-ec29bafa23d4" executionId="5824cfc6-facd-4f2f-b063-6867dfcf6db2" testListId="8c84fa94-04c1-424b-9868-57a2d4851a1d" />
    <TestEntry testId="a9a91aa7-c4b3-1e6d-9044-6d3a827496c7" executionId="98f0e5d8-8437-4e3c-9cc8-48b5bea5a7d5" testListId="8c84fa94-04c1-424b-9868-57a2d4851a1d" />
    <TestEntry testId="788f7530-886b-1ac9-636d-64eb1f26fe3f" executionId="e880fa7a-2606-47b1-b3ae-f5c808e3b292" testListId="8c84fa94-04c1-424b-9868-57a2d4851a1d" />
    <TestEntry testId="f2532723-93c3-9adc-9f22-f78242178cbc" executionId="ea841059-9b42-46ac-a7fb-cdb1c1e7aa0d" testListId="8c84fa94-04c1-424b-9868-57a2d4851a1d" />
    <TestEntry testId="e50226ec-f804-3781-1cf9-9bea009a6bbf" executionId="ff858b62-6c3a-4e9e-bc86-d77999e8231f" testListId="8c84fa94-04c1-424b-9868-57a2d4851a1d" />
    <TestEntry testId="14e63a32-a567-d967-6a51-dc04d0b9f010" executionId="9857d32e-d675-4c4d-8c3c-611ddff0a43e" testListId="8c84fa94-04c1-424b-9868-57a2d4851a1d" />
    <TestEntry testId="4091fc18-6a36-ce6b-3164-3e0f42b4a9c6" executionId="ffcaa306-957d-44ed-8715-ef032a11c8c3" testListId="8c84fa94-04c1-424b-9868-57a2d4851a1d" />
    <TestEntry testId="c0bf3097-b74d-7ec1-7858-828584137a56" executionId="dd3aa7b9-a71e-403b-89c2-1b294cd9f89e" testListId="8c84fa94-04c1-424b-9868-57a2d4851a1d" />
    <TestEntry testId="ba15ac05-7dd0-b726-9e44-54dfde2f7349" executionId="fef4bc8b-5bbb-4b2c-89a6-28908ccf80d7" testListId="8c84fa94-04c1-424b-9868-57a2d4851a1d" />
    <TestEntry testId="b225df5b-3d70-7a8f-8dd2-ba8db401618c" executionId="2fe60d37-0338-4ca3-b8e8-6267e4404078" testListId="8c84fa94-04c1-424b-9868-57a2d4851a1d" />
    <TestEntry testId="0c5bc514-6be3-f5cf-9d07-ed906f4969e5" executionId="cddfb46b-a8b9-4a0f-b13b-9e69ec3cec0c" testListId="8c84fa94-04c1-424b-9868-57a2d4851a1d" />
    <TestEntry testId="b9509132-1609-c367-97b0-5ca457307c4d" executionId="cf5c4c15-c61b-4f32-b63f-fc2af28d275a" testListId="8c84fa94-04c1-424b-9868-57a2d4851a1d" />
    <TestEntry testId="ad0322ac-7747-9ff3-19de-bf9f1344e9e9" executionId="29df8f4f-2fa1-4cef-868f-dbc08976e7ca" testListId="8c84fa94-04c1-424b-9868-57a2d4851a1d" />
    <TestEntry testId="23a68a4d-800d-c92f-13bd-0297550fa416" executionId="0d164e6b-2265-4220-a25c-8913889594f3" testListId="8c84fa94-04c1-424b-9868-57a2d4851a1d" />
    <TestEntry testId="fb4da0cc-70b7-c703-2a9d-eb5e02ba28b3" executionId="7f506594-e833-427f-90d0-451a8eb43c0f" testListId="8c84fa94-04c1-424b-9868-57a2d4851a1d" />
    <TestEntry testId="69802c8a-f118-9198-80bb-2e623d8d0c2e" executionId="417965d5-0590-43bc-8c07-fc9ade8f9a0f" testListId="8c84fa94-04c1-424b-9868-57a2d4851a1d" />
    <TestEntry testId="27fdc3f4-42f9-5da1-0839-916becdb3dec" executionId="3881c95b-f9bc-438e-91da-3961d383b18c" testListId="8c84fa94-04c1-424b-9868-57a2d4851a1d" />
    <TestEntry testId="35799b89-3eed-65bd-3499-d229e0539593" executionId="6e29ebc5-72e7-4d11-88ef-bfa963b900a6" testListId="8c84fa94-04c1-424b-9868-57a2d4851a1d" />
    <TestEntry testId="c7a98baf-bb7c-fed4-c06f-42b30ff37457" executionId="d692dbdd-3b98-489d-ab45-b85609490cac" testListId="8c84fa94-04c1-424b-9868-57a2d4851a1d" />
    <TestEntry testId="2af6d9f1-f554-89ec-1144-2e692b7cd2a7" executionId="4e055a84-fab6-41b4-929f-2af2845d7c94" testListId="8c84fa94-04c1-424b-9868-57a2d4851a1d" />
    <TestEntry testId="20de3cab-a1b2-8466-bd30-aa472309d19d" executionId="0d8777b9-de4c-4361-bfc7-d4e78c075518" testListId="8c84fa94-04c1-424b-9868-57a2d4851a1d" />
    <TestEntry testId="fa85d565-8cff-9ff0-c176-ef74f01d7574" executionId="5f58e849-707e-4a98-b904-1183ae9e4211" testListId="8c84fa94-04c1-424b-9868-57a2d4851a1d" />
    <TestEntry testId="291289e9-decd-0c6a-7636-79bc24256e9a" executionId="4082008f-a28e-48c6-a252-bec988dcc99b" testListId="8c84fa94-04c1-424b-9868-57a2d4851a1d" />
    <TestEntry testId="1348c14f-2b8c-85d9-e48b-fc31d931696a" executionId="0a1d8e41-ef8f-486f-8363-92945237320f" testListId="8c84fa94-04c1-424b-9868-57a2d4851a1d" />
    <TestEntry testId="e0d2cf8a-2800-9211-2d2f-4800940d2d9a" executionId="d08b64ca-e1fa-4ed8-b585-578ceb5f4f72" testListId="8c84fa94-04c1-424b-9868-57a2d4851a1d" />
    <TestEntry testId="f27e7cfe-21d8-d0f1-0f34-ae907587cce6" executionId="141a38ee-3476-45f5-98c7-2a754861d179" testListId="8c84fa94-04c1-424b-9868-57a2d4851a1d" />
    <TestEntry testId="89ead613-b16f-29ca-96b4-ecc9c67c49e2" executionId="44da92ff-3cdc-4392-9b2a-f4baea3dc40b" testListId="8c84fa94-04c1-424b-9868-57a2d4851a1d" />
    <TestEntry testId="56eb0094-384a-5794-daeb-95151df9ecad" executionId="cdbbdb09-56be-430f-9d4e-59152e26614a" testListId="8c84fa94-04c1-424b-9868-57a2d4851a1d" />
    <TestEntry testId="cc90a044-e2c1-15e7-003a-27d8dfd6c70e" executionId="5eddb4ca-fa40-4aad-9ca9-a4855bbb6fdf" testListId="8c84fa94-04c1-424b-9868-57a2d4851a1d" />
    <TestEntry testId="25adc324-bbeb-ba2f-2bc3-aae1d7d85a33" executionId="b539b996-f5ce-466d-bbe0-3217410d90b6" testListId="8c84fa94-04c1-424b-9868-57a2d4851a1d" />
    <TestEntry testId="e1c7f6b1-e832-e320-0571-6fe34f4ed013" executionId="64844901-3455-4e29-b970-44fab7ab60b3" testListId="8c84fa94-04c1-424b-9868-57a2d4851a1d" />
    <TestEntry testId="14a2de0c-3d42-ef37-b016-8abb93d30480" executionId="67cc1d3c-af80-43b2-b4b0-3209a099ef9f" testListId="8c84fa94-04c1-424b-9868-57a2d4851a1d" />
    <TestEntry testId="fc17586c-e529-6cfd-4b38-b13255eefd36" executionId="83a299f0-f50e-46c8-8772-008112128fa7" testListId="8c84fa94-04c1-424b-9868-57a2d4851a1d" />
    <TestEntry testId="af3f911d-60af-e2a8-9172-319a660f79a8" executionId="100a01b1-7de3-4f48-a111-b0e174206dfb" testListId="8c84fa94-04c1-424b-9868-57a2d4851a1d" />
    <TestEntry testId="9edf83d7-e534-a5ed-b675-b0e59295f183" executionId="ad3f3b20-864c-4830-98db-6caf23d0b35c" testListId="8c84fa94-04c1-424b-9868-57a2d4851a1d" />
    <TestEntry testId="1492492d-6270-f5df-f675-c03c3b263a08" executionId="3449ed76-d697-4c64-b286-68252d2e5ef2" testListId="8c84fa94-04c1-424b-9868-57a2d4851a1d" />
    <TestEntry testId="98b523b7-c357-4e48-de09-71c9c6a163ac" executionId="a28981cf-c951-48bc-8a20-507fc8da5ebc" testListId="8c84fa94-04c1-424b-9868-57a2d4851a1d" />
    <TestEntry testId="b4667b12-066d-78ee-4fce-0824be98f39c" executionId="fd6acc6a-1c18-48de-9e54-ed20be25b868" testListId="8c84fa94-04c1-424b-9868-57a2d4851a1d" />
    <TestEntry testId="271ee9e2-539e-3ba6-2654-212206ba3616" executionId="42162e77-9f36-4ee6-beb7-f5b10737fbca" testListId="8c84fa94-04c1-424b-9868-57a2d4851a1d" />
    <TestEntry testId="dc59541f-1306-9250-e964-94e9f4fbab1e" executionId="f01275df-076c-408c-8128-d8033e12050d" testListId="8c84fa94-04c1-424b-9868-57a2d4851a1d" />
    <TestEntry testId="a2adae8e-7dc6-2239-9c5b-b1b97ec2ecae" executionId="f1499105-7d72-48aa-a725-f2303ae6ce3c" testListId="8c84fa94-04c1-424b-9868-57a2d4851a1d" />
    <TestEntry testId="272bd6b0-2847-15c5-a087-009694106eb9" executionId="ecfb0466-8a9d-4b9a-abf2-6cc8bf293768" testListId="8c84fa94-04c1-424b-9868-57a2d4851a1d" />
    <TestEntry testId="bf704da8-e19a-464a-6e1e-a9999a5a8212" executionId="76ff6eab-71d7-4f4d-a11f-5f21e69688f3" testListId="8c84fa94-04c1-424b-9868-57a2d4851a1d" />
    <TestEntry testId="0b48e9ef-eed5-1eb7-6143-7bafae310f45" executionId="21dd0a70-24bd-4ec1-89b2-d0b22c387e38" testListId="8c84fa94-04c1-424b-9868-57a2d4851a1d" />
    <TestEntry testId="ed8f6985-c688-2c4f-4491-d73bf7ffa458" executionId="8896780f-12ea-4709-b183-b7939a33375a" testListId="8c84fa94-04c1-424b-9868-57a2d4851a1d" />
    <TestEntry testId="e7feda2d-71ba-cc63-9e9d-bdbafaec9a77" executionId="f73e1467-89c6-444e-a340-d2e953796f6e" testListId="8c84fa94-04c1-424b-9868-57a2d4851a1d" />
    <TestEntry testId="961f37ad-20c8-b4e8-842c-ae2e3ba64062" executionId="49ff8155-b3a1-47a6-a314-43728833eae8" testListId="8c84fa94-04c1-424b-9868-57a2d4851a1d" />
    <TestEntry testId="7d79de3b-a800-1831-d73c-cd09cd3d1025" executionId="1f68db23-13c5-4d9e-a054-82778ebf1fa4" testListId="8c84fa94-04c1-424b-9868-57a2d4851a1d" />
    <TestEntry testId="c093199a-0ff4-5e7c-5a5f-3c95d72182a7" executionId="2a65df3b-4b0c-4652-b16c-f1800ad5b848" testListId="8c84fa94-04c1-424b-9868-57a2d4851a1d" />
    <TestEntry testId="0ebb6cf9-bf00-c3ef-0443-21abfa41201c" executionId="ebf42521-f976-4eac-bd37-f51245af0975" testListId="8c84fa94-04c1-424b-9868-57a2d4851a1d" />
    <TestEntry testId="3d45d9ed-4374-03b0-cfb5-0b46098bd2fb" executionId="d38f2bfe-0fb9-4558-883e-5a9a3d706579" testListId="8c84fa94-04c1-424b-9868-57a2d4851a1d" />
    <TestEntry testId="cb939066-9d1b-d18c-22b5-bc249672fe5d" executionId="4c5ca2ed-9def-4174-bce0-dc067b748f49" testListId="8c84fa94-04c1-424b-9868-57a2d4851a1d" />
    <TestEntry testId="ead338e9-2cf1-709e-87c6-3f63473aaa3a" executionId="78cfcc0e-4250-4cf9-b469-eaff31348aaf" testListId="8c84fa94-04c1-424b-9868-57a2d4851a1d" />
    <TestEntry testId="185f707b-6a11-115d-805c-23af28ae7eeb" executionId="b910e5de-c4c4-43aa-9e1e-63bff8146527" testListId="8c84fa94-04c1-424b-9868-57a2d4851a1d" />
    <TestEntry testId="6e389067-a31b-aa64-8f65-c4affbf06630" executionId="436e388e-b361-4d3d-9ef0-506eff457b01" testListId="8c84fa94-04c1-424b-9868-57a2d4851a1d" />
    <TestEntry testId="2c2af547-7722-54ad-ed4c-de6a2fdce712" executionId="111aa1d8-66cd-4c31-8cff-cae390499aed" testListId="8c84fa94-04c1-424b-9868-57a2d4851a1d" />
    <TestEntry testId="7f6fe481-86be-b6c7-b963-da3c56a26184" executionId="9e00b24a-f85d-4e09-9f4c-c81019b1927a" testListId="8c84fa94-04c1-424b-9868-57a2d4851a1d" />
    <TestEntry testId="9dfd99cd-30cd-e5d7-b7f7-3ac92702d555" executionId="ba3448ae-eafc-4f7c-8770-b5538d9a5025" testListId="8c84fa94-04c1-424b-9868-57a2d4851a1d" />
    <TestEntry testId="564a82c6-cc48-1250-cb1a-ebe1fee27074" executionId="bce5ea8a-3ec6-48dd-9079-8878a3f16744" testListId="8c84fa94-04c1-424b-9868-57a2d4851a1d" />
    <TestEntry testId="16ab6ad9-784f-bcde-a415-cc8baad2179b" executionId="0d7b934b-eb19-441f-a8e1-5ac8e038de4e" testListId="8c84fa94-04c1-424b-9868-57a2d4851a1d" />
    <TestEntry testId="54f124a6-d49b-707d-195f-e2e7f1a07267" executionId="ad439bc9-a971-43ee-a79d-400d8335ac95" testListId="8c84fa94-04c1-424b-9868-57a2d4851a1d" />
    <TestEntry testId="ca7ed795-f15c-db54-2db0-1dfaf85f5282" executionId="a79909b0-c298-42cf-8378-2ca7a86b3e9b" testListId="8c84fa94-04c1-424b-9868-57a2d4851a1d" />
    <TestEntry testId="fa881d7a-f443-5f1a-1785-9b18bd239c44" executionId="9093a29b-9aef-4682-b66d-25ff4fd7639d" testListId="8c84fa94-04c1-424b-9868-57a2d4851a1d" />
    <TestEntry testId="d51601fc-ca5e-1d57-24a6-79661f9f7a17" executionId="d84a6309-f9dc-46e6-939e-c75ca386eca1" testListId="8c84fa94-04c1-424b-9868-57a2d4851a1d" />
    <TestEntry testId="b047b3f3-09d2-1025-070f-069aa6f75cdd" executionId="807909a2-8439-4871-93dd-161c609d5b07" testListId="8c84fa94-04c1-424b-9868-57a2d4851a1d" />
    <TestEntry testId="c8baac4f-703d-eea5-86ec-a46900446a29" executionId="42cb28fa-efa6-48db-99a5-a22041e9fd09" testListId="8c84fa94-04c1-424b-9868-57a2d4851a1d" />
    <TestEntry testId="4fd4d709-da04-b4e9-f4c9-a0eda3ae5316" executionId="78ea30be-5043-4d90-85bd-1dc766f11538" testListId="8c84fa94-04c1-424b-9868-57a2d4851a1d" />
    <TestEntry testId="5b36f1be-f0c6-abc0-69b4-c0432ad28e2c" executionId="c13430fa-2a27-4e0f-a821-0d88d9002fdd" testListId="8c84fa94-04c1-424b-9868-57a2d4851a1d" />
    <TestEntry testId="ada8108f-502a-02c2-955a-362f6d5d50d9" executionId="7769c513-2935-4a36-9379-be22026eba52" testListId="8c84fa94-04c1-424b-9868-57a2d4851a1d" />
    <TestEntry testId="50d06fb6-b81f-62da-75e4-d6f20d312622" executionId="1bfce515-07e2-4298-b6c4-0e2e03bd1fbe" testListId="8c84fa94-04c1-424b-9868-57a2d4851a1d" />
    <TestEntry testId="51a88d75-b1f9-bf1d-f0e7-18deb5be448a" executionId="fcbb38cd-92f5-43b0-afac-249f3bd48ff3" testListId="8c84fa94-04c1-424b-9868-57a2d4851a1d" />
    <TestEntry testId="47afa5d8-3f1b-ab5c-4ef5-49baab52665f" executionId="89d0b57c-7143-4071-a7a4-68bffc166cc3" testListId="8c84fa94-04c1-424b-9868-57a2d4851a1d" />
    <TestEntry testId="3b63e438-ea59-7645-3aa1-72756d4a635d" executionId="03c9e7a4-f88b-4d74-9467-7313aecca151" testListId="8c84fa94-04c1-424b-9868-57a2d4851a1d" />
    <TestEntry testId="e9b94199-87c3-cf92-ab81-aaf3563807a4" executionId="3e2ee3a5-bc08-4dcb-9acd-c6cbd7928586" testListId="8c84fa94-04c1-424b-9868-57a2d4851a1d" />
    <TestEntry testId="b6af1e21-be59-f295-018e-5d6bf3e4fdcc" executionId="e4e0cca9-d478-462b-adc7-ee6926130f8b" testListId="8c84fa94-04c1-424b-9868-57a2d4851a1d" />
    <TestEntry testId="5c73a58a-0cc7-751c-9b27-ce28a5480df0" executionId="3665b864-9737-4d93-acc9-c631cad2795b" testListId="8c84fa94-04c1-424b-9868-57a2d4851a1d" />
    <TestEntry testId="eaa8aaf6-75cb-a009-e3ca-68cc4703d7cf" executionId="f6e3631a-0889-440a-8859-4d3c36abb9ac" testListId="8c84fa94-04c1-424b-9868-57a2d4851a1d" />
    <TestEntry testId="68fc74e6-4237-2da4-b203-b27b36bcfd26" executionId="838f801a-ce25-43c3-a59a-30c445f94160" testListId="8c84fa94-04c1-424b-9868-57a2d4851a1d" />
    <TestEntry testId="eca8c288-a377-c0f6-0669-5646bb1c22ab" executionId="4e228e13-3ae3-40bb-818d-a16605d37d70" testListId="8c84fa94-04c1-424b-9868-57a2d4851a1d" />
    <TestEntry testId="5bc6e1aa-1bca-343d-92ed-5800afbd149f" executionId="3d1704dc-f30d-4b60-b9b3-4b1310a25cae" testListId="8c84fa94-04c1-424b-9868-57a2d4851a1d" />
    <TestEntry testId="eddbea42-2624-b4d5-55f5-e69c4d459464" executionId="5bcc617a-3924-4e9b-9660-f81a0cb61a43" testListId="8c84fa94-04c1-424b-9868-57a2d4851a1d" />
    <TestEntry testId="d255b162-fd8b-71ba-b8a0-b5bc44cffa16" executionId="142ad407-244c-44cc-bfe9-4e73064a07c7" testListId="8c84fa94-04c1-424b-9868-57a2d4851a1d" />
    <TestEntry testId="0b8a13c4-59fb-952e-032e-e14ba2eee5a3" executionId="59168eca-639c-4c58-8677-10df6e24c259" testListId="8c84fa94-04c1-424b-9868-57a2d4851a1d" />
    <TestEntry testId="a48d821e-145a-db52-b567-8d6172b2704c" executionId="db755e94-9384-4470-98ad-f0d381a0142c" testListId="8c84fa94-04c1-424b-9868-57a2d4851a1d" />
    <TestEntry testId="1586afeb-ae6c-a8de-3f75-8860da491c26" executionId="930cac17-0b6d-4a5f-8ab8-8b805685ecc5" testListId="8c84fa94-04c1-424b-9868-57a2d4851a1d" />
    <TestEntry testId="deeb3cec-6af4-3978-4046-b982f00aec25" executionId="ea29ec7e-5aab-4948-a743-041b4fd68f85" testListId="8c84fa94-04c1-424b-9868-57a2d4851a1d" />
    <TestEntry testId="7b1ca508-8505-fcc5-7d25-5ff8e8d05a5b" executionId="972ebd57-deb3-484a-ae1d-0763669af4c2" testListId="8c84fa94-04c1-424b-9868-57a2d4851a1d" />
    <TestEntry testId="28de25ff-5d21-7609-4275-97310194abc4" executionId="bd827e09-dd1f-4144-83b7-f5f1dcbc82b7" testListId="8c84fa94-04c1-424b-9868-57a2d4851a1d" />
    <TestEntry testId="0971a2c8-ce8b-12b3-92c4-14efc4be929a" executionId="85348164-994a-4bce-9846-cdf1403b7f4f" testListId="8c84fa94-04c1-424b-9868-57a2d4851a1d" />
    <TestEntry testId="48ef4787-247b-63f9-8c63-3a2493d4acce" executionId="c5e33ce6-c273-49d3-9819-861d1a02e8ab" testListId="8c84fa94-04c1-424b-9868-57a2d4851a1d" />
    <TestEntry testId="b3212d63-82b5-3311-976c-f611fba2f6eb" executionId="5d93fdb6-710d-41b8-8f00-3e094dbd9283" testListId="8c84fa94-04c1-424b-9868-57a2d4851a1d" />
    <TestEntry testId="164c37e8-79cd-5f9a-5c10-b0dbe118021e" executionId="4f8d4e0c-e721-4f7b-9fa4-766acaf59656" testListId="8c84fa94-04c1-424b-9868-57a2d4851a1d" />
    <TestEntry testId="f3d5f909-e69e-de1b-7625-81f1dfb9990c" executionId="7aeaf249-4f00-4271-96ff-8900ccc958f7" testListId="8c84fa94-04c1-424b-9868-57a2d4851a1d" />
    <TestEntry testId="7bd3f91a-852e-d7e5-5683-f87aa7c7a109" executionId="7974b0d6-3191-4f92-99d3-c8731de357a9" testListId="8c84fa94-04c1-424b-9868-57a2d4851a1d" />
    <TestEntry testId="de9d5b1d-960e-a8bd-4146-ffa1c32c5548" executionId="a55c68c0-b0c7-4999-9d91-836f9be5d63b" testListId="8c84fa94-04c1-424b-9868-57a2d4851a1d" />
    <TestEntry testId="ba793d77-f0e6-9f77-9d35-8fa0d48946ca" executionId="40be710b-f379-4b2e-9b6c-897e03478681" testListId="8c84fa94-04c1-424b-9868-57a2d4851a1d" />
    <TestEntry testId="ae8f66a0-e5db-3200-9091-7255c9d3a9ad" executionId="3cb8b331-8098-4c10-8020-120a844c1e85" testListId="8c84fa94-04c1-424b-9868-57a2d4851a1d" />
    <TestEntry testId="891b8739-9aa8-a37e-ec46-d674b574bf9c" executionId="f9328c9e-9e13-4e67-bd31-a0a57ef5439c" testListId="8c84fa94-04c1-424b-9868-57a2d4851a1d" />
    <TestEntry testId="60c9881c-3fb6-86cf-5b4d-0878006bc0a1" executionId="8b847f48-0b6b-4ccd-9bc3-a6a9f24cc554" testListId="8c84fa94-04c1-424b-9868-57a2d4851a1d" />
    <TestEntry testId="d7318050-8f26-c60a-0e39-f2a93793d311" executionId="888a67d0-1684-406b-a5a2-25b7c0d511fe" testListId="8c84fa94-04c1-424b-9868-57a2d4851a1d" />
    <TestEntry testId="f291f0ef-80d7-6e69-d766-8f59cd0baa94" executionId="edafcaab-fc53-4452-8800-a0135f4f7def" testListId="8c84fa94-04c1-424b-9868-57a2d4851a1d" />
    <TestEntry testId="806c8823-f344-b775-8278-6e8cfb316725" executionId="6b26ea47-279f-42fd-b668-bcef67bc4ea0" testListId="8c84fa94-04c1-424b-9868-57a2d4851a1d" />
    <TestEntry testId="174b377b-80f6-1d12-be43-60160d8c0c61" executionId="b3166d70-25d1-4cfb-9c1e-f41e7a50d078" testListId="8c84fa94-04c1-424b-9868-57a2d4851a1d" />
    <TestEntry testId="4a451e29-94b5-661e-22f2-08c08c560ae0" executionId="91e5964e-0991-40cf-a2be-68d626e73dc4" testListId="8c84fa94-04c1-424b-9868-57a2d4851a1d" />
    <TestEntry testId="88420e18-c54f-0fc5-9276-eed1b3c7bb07" executionId="e5b09b7b-6955-460c-be41-3a3a97d535a0" testListId="8c84fa94-04c1-424b-9868-57a2d4851a1d" />
    <TestEntry testId="80467d84-d2a9-6ee0-9525-05acaabd5324" executionId="e115f282-3d6d-4531-8366-a054f2fc1072" testListId="8c84fa94-04c1-424b-9868-57a2d4851a1d" />
    <TestEntry testId="e5f992be-510e-afaf-e32a-a8f8825d7c73" executionId="586a0d69-e060-4840-bac1-ffb65077f43d" testListId="8c84fa94-04c1-424b-9868-57a2d4851a1d" />
    <TestEntry testId="8c246062-be24-b848-a87f-08a3904e0332" executionId="6bb4f92b-7365-464f-969a-5a28a60204b1" testListId="8c84fa94-04c1-424b-9868-57a2d4851a1d" />
    <TestEntry testId="c1a0165b-9924-aca3-be03-5f194beea2f6" executionId="490cc0c8-6788-45fa-af1e-f92d7db19a0d" testListId="8c84fa94-04c1-424b-9868-57a2d4851a1d" />
    <TestEntry testId="2360e013-a726-8e4c-d1ff-dbd383381907" executionId="8a9ce9e0-c0e6-40de-bde2-c9693fb54188" testListId="8c84fa94-04c1-424b-9868-57a2d4851a1d" />
    <TestEntry testId="76de71aa-40e5-739e-29a8-b5917d5c1fcc" executionId="0ec8247d-ecb9-49c5-aa04-bff168c319de" testListId="8c84fa94-04c1-424b-9868-57a2d4851a1d" />
    <TestEntry testId="8f1242f7-c6b3-f9d9-e781-a4ff1d15e219" executionId="c8571a19-81e2-417b-8100-044c5bf13b30" testListId="8c84fa94-04c1-424b-9868-57a2d4851a1d" />
    <TestEntry testId="89c3529d-08d8-59db-c9b6-0a5ce296642d" executionId="c12646cc-0230-4c1d-a269-87845966c8c2" testListId="8c84fa94-04c1-424b-9868-57a2d4851a1d" />
    <TestEntry testId="7d35eae7-eca9-8cff-994a-1a448fa967e7" executionId="0cd43278-e924-4f1d-b5d2-1cd7aad74ed5" testListId="8c84fa94-04c1-424b-9868-57a2d4851a1d" />
    <TestEntry testId="b5b0253c-f0c6-66e5-1da8-39e7d6e66018" executionId="04c4d86a-c7d7-448d-b8ab-334ec8a27fab" testListId="8c84fa94-04c1-424b-9868-57a2d4851a1d" />
    <TestEntry testId="6865d160-1c24-28ed-21a0-8a1bba842e42" executionId="5ca563f3-a088-4b6e-afcc-8ca4c4d11612" testListId="8c84fa94-04c1-424b-9868-57a2d4851a1d" />
    <TestEntry testId="9c1389ee-fe72-2f89-c5f8-4c7395945831" executionId="1359ef5f-629b-4b81-9c87-b5fd509a8707" testListId="8c84fa94-04c1-424b-9868-57a2d4851a1d" />
    <TestEntry testId="364e5a03-ba18-ce16-0922-da2dd3394fdc" executionId="2f9f1312-aaa6-4e70-8d89-e5b1144e8a1e" testListId="8c84fa94-04c1-424b-9868-57a2d4851a1d" />
    <TestEntry testId="8869d152-4bfa-d909-bafb-5aad9157f3c5" executionId="25e7b2f7-6ee1-4140-863e-abc637d22b15" testListId="8c84fa94-04c1-424b-9868-57a2d4851a1d" />
    <TestEntry testId="c15fa001-f5b0-81f8-0dc1-4093e3a286c9" executionId="7ed0b36d-2a42-4217-8fd9-8a3fc5520cee" testListId="8c84fa94-04c1-424b-9868-57a2d4851a1d" />
    <TestEntry testId="43caceed-ae3c-c60e-7d7f-6174a8d4fbb9" executionId="4679a195-36a6-4bea-a040-3a185da9104f" testListId="8c84fa94-04c1-424b-9868-57a2d4851a1d" />
    <TestEntry testId="ec9c59a6-7d9b-6e50-a0ac-00b3a299af01" executionId="eb97ad3c-f180-42d4-863e-dca0db6871f7" testListId="8c84fa94-04c1-424b-9868-57a2d4851a1d" />
    <TestEntry testId="c420d7a7-a27d-8e94-59ed-ea8fd7ffcd52" executionId="42e1ea77-f3f5-4643-9e68-2a03acda16f6" testListId="8c84fa94-04c1-424b-9868-57a2d4851a1d" />
    <TestEntry testId="12221648-af0f-62ef-ff07-1fea95295ebc" executionId="64f51749-1a59-4845-bc19-111c133e98e0" testListId="8c84fa94-04c1-424b-9868-57a2d4851a1d" />
    <TestEntry testId="fea02e76-3511-667b-950d-9f1101c86814" executionId="6b34efd2-5e81-4649-8615-686dd234b3e4" testListId="8c84fa94-04c1-424b-9868-57a2d4851a1d" />
    <TestEntry testId="753ba9ac-d887-6d97-7f11-e93cb5913b3b" executionId="596ba476-47ab-44e6-b807-b56b79b8d441" testListId="8c84fa94-04c1-424b-9868-57a2d4851a1d" />
    <TestEntry testId="fefed614-8857-db92-f2cc-a174e84022f0" executionId="9014076f-4c63-4e62-a865-e1ba518fa962" testListId="8c84fa94-04c1-424b-9868-57a2d4851a1d" />
    <TestEntry testId="3f6869b4-75e7-e858-da80-b1adffe1300b" executionId="82321f9a-5469-4b76-ac26-a619c32d4e6e" testListId="8c84fa94-04c1-424b-9868-57a2d4851a1d" />
    <TestEntry testId="15d2d168-09af-c55d-b1ac-9fa07c8bc70c" executionId="905aca0b-79cb-49d0-af61-6dfd60fc839b" testListId="8c84fa94-04c1-424b-9868-57a2d4851a1d" />
    <TestEntry testId="41af4a90-2ff4-08f1-0881-240352adacdb" executionId="f6fc5f65-bdc0-48a3-8b1b-c2c75d7c3166" testListId="8c84fa94-04c1-424b-9868-57a2d4851a1d" />
    <TestEntry testId="d03ac17c-c9b7-b316-2b1d-4885c3534f53" executionId="6f221c85-25ab-49a2-a32f-e6d8bcec5746" testListId="8c84fa94-04c1-424b-9868-57a2d4851a1d" />
    <TestEntry testId="a1b5153e-722a-9b86-c626-22fce9f25ae7" executionId="ad6d47d0-049f-4f3f-9e9e-47e212003adb" testListId="8c84fa94-04c1-424b-9868-57a2d4851a1d" />
    <TestEntry testId="358b56ef-09bf-241f-adfe-708509163ee5" executionId="3cced46b-0b52-4096-9da8-637c6931de3a" testListId="8c84fa94-04c1-424b-9868-57a2d4851a1d" />
    <TestEntry testId="49f758c0-7027-3410-75e6-e75a31d83f5b" executionId="e88d229b-411d-46aa-aaff-90877925a331" testListId="8c84fa94-04c1-424b-9868-57a2d4851a1d" />
    <TestEntry testId="b1851b03-01e3-a203-e2bc-83b2793ea468" executionId="3f016773-aa59-41ac-8627-49641c9d5fac" testListId="8c84fa94-04c1-424b-9868-57a2d4851a1d" />
    <TestEntry testId="acb6df00-5e4c-1698-4ceb-b877fc470a20" executionId="b98ab612-eb52-4f89-b469-9996290b3696" testListId="8c84fa94-04c1-424b-9868-57a2d4851a1d" />
    <TestEntry testId="14226617-9fd2-5982-08a4-5a2be40deb67" executionId="2275589e-1164-4f45-938a-8c3d7f3dc246" testListId="8c84fa94-04c1-424b-9868-57a2d4851a1d" />
    <TestEntry testId="23784b2e-7151-b05a-33d4-61eff5a1c115" executionId="7408a1c2-d351-4506-938a-abb644706459" testListId="8c84fa94-04c1-424b-9868-57a2d4851a1d" />
    <TestEntry testId="517e8a4e-11b6-6b75-2269-f5de56861e11" executionId="5b4122ad-786b-40dc-aaac-b2fcd758c6a1" testListId="8c84fa94-04c1-424b-9868-57a2d4851a1d" />
    <TestEntry testId="bffef4e7-bbfb-65e0-2589-9af6dd42ade0" executionId="a298d944-c894-43a7-a82b-3fd0c2f03138" testListId="8c84fa94-04c1-424b-9868-57a2d4851a1d" />
    <TestEntry testId="b1b49f2c-bc9d-17a8-9727-99edd96dada8" executionId="bd26dca8-753e-4c5f-96ce-7d08767c36f5" testListId="8c84fa94-04c1-424b-9868-57a2d4851a1d" />
    <TestEntry testId="895fe30e-57ea-2b55-eea2-a9cbeed71d4e" executionId="58e34917-0f1d-4b63-87e0-64ff82880b5f" testListId="8c84fa94-04c1-424b-9868-57a2d4851a1d" />
    <TestEntry testId="06517d9d-d8a7-4068-ce3c-8091fe63bf9a" executionId="0080e15f-5518-44e0-97e6-d2ea4118aa44" testListId="8c84fa94-04c1-424b-9868-57a2d4851a1d" />
    <TestEntry testId="04f2e4ef-6188-d428-331d-fcde2723a57c" executionId="244e72d9-3234-4947-8c2f-1c207ed37fbc" testListId="8c84fa94-04c1-424b-9868-57a2d4851a1d" />
    <TestEntry testId="4bf48e73-edd1-f8a9-c9f5-279d9b5091c4" executionId="0d5ee51e-4f63-4072-b593-64512a6a4be5" testListId="8c84fa94-04c1-424b-9868-57a2d4851a1d" />
    <TestEntry testId="33f0a40a-e599-312e-9f76-07ea88aeb953" executionId="ae45ac45-86dd-4fe6-a8ab-c3fee9173b7e" testListId="8c84fa94-04c1-424b-9868-57a2d4851a1d" />
    <TestEntry testId="65e42c7e-8533-0a66-b164-abe008af4e32" executionId="6c7ced55-4ec8-4455-adb2-76544e9975a4" testListId="8c84fa94-04c1-424b-9868-57a2d4851a1d" />
    <TestEntry testId="a9d57c6e-9f62-268d-d554-aa495ba8761a" executionId="1b3e3e5d-bbab-4cab-85d2-198f3856fea7" testListId="8c84fa94-04c1-424b-9868-57a2d4851a1d" />
    <TestEntry testId="edcc96d8-09df-0adf-a5ea-3c425df79c99" executionId="391607bc-538e-4e6d-8fa4-cfa710375f6a" testListId="8c84fa94-04c1-424b-9868-57a2d4851a1d" />
    <TestEntry testId="7f25049f-4b32-4af7-cc24-324850e428b8" executionId="27558e57-10fe-4b6a-9b1c-62c9373c0a82" testListId="8c84fa94-04c1-424b-9868-57a2d4851a1d" />
    <TestEntry testId="9b12c5a6-e539-7514-9fac-d7f3864dcc4b" executionId="d4d134c5-7f2f-496b-90b9-32487a9a5180" testListId="8c84fa94-04c1-424b-9868-57a2d4851a1d" />
    <TestEntry testId="c93fe1f5-147c-45e9-1306-8c7bc95dbabb" executionId="f817713b-c9fb-468b-a3da-fcfdd32d4b0f" testListId="8c84fa94-04c1-424b-9868-57a2d4851a1d" />
    <TestEntry testId="8e49319a-5605-c1e8-173b-30f4973905bd" executionId="930a8843-1c31-449e-8e61-acb712847a8b" testListId="8c84fa94-04c1-424b-9868-57a2d4851a1d" />
    <TestEntry testId="66e2de7c-9b1c-72bc-ec28-d37afbbeaa2c" executionId="e38ec09d-a5fd-4c24-8002-3f75d6dc7e20" testListId="8c84fa94-04c1-424b-9868-57a2d4851a1d" />
    <TestEntry testId="59cb6e1f-6d6e-4e08-0f1a-9beb26944bfb" executionId="1deed7fa-4f59-4570-a705-8e0aaea982ce" testListId="8c84fa94-04c1-424b-9868-57a2d4851a1d" />
    <TestEntry testId="5df0caef-070a-e0ad-858a-80e3e601773a" executionId="3ddd9d71-94f3-4030-8c1d-1fa9c036a2a2" testListId="8c84fa94-04c1-424b-9868-57a2d4851a1d" />
    <TestEntry testId="8c5c985a-5275-abb6-9bb8-d605dc9b0f39" executionId="8e6e4aad-6795-41fc-9782-f33e1bb51ba3" testListId="8c84fa94-04c1-424b-9868-57a2d4851a1d" />
    <TestEntry testId="13b8b3d4-5f08-cbe3-021d-3ece8b03a880" executionId="568f34f6-e5aa-43b1-8311-796f69a72ff3" testListId="8c84fa94-04c1-424b-9868-57a2d4851a1d" />
    <TestEntry testId="4ef07830-c470-f2d8-fc2c-6614180a0b97" executionId="4a945fef-8591-4ffa-9ab9-eb5ba5861872" testListId="8c84fa94-04c1-424b-9868-57a2d4851a1d" />
    <TestEntry testId="62495562-dfda-2268-8c62-6b3f3c6930d5" executionId="f3349405-7000-41bf-9ccc-47d1072f9b67" testListId="8c84fa94-04c1-424b-9868-57a2d4851a1d" />
    <TestEntry testId="76dc9709-7e8f-fb94-f5d5-5c68e806a0c4" executionId="7de2e499-151b-4f6a-ac14-c82aac12dd08" testListId="8c84fa94-04c1-424b-9868-57a2d4851a1d" />
    <TestEntry testId="662b9fe4-468c-a265-cf0a-39eace6ff602" executionId="e651fd4a-e535-42e6-b656-f24e227defd8" testListId="8c84fa94-04c1-424b-9868-57a2d4851a1d" />
    <TestEntry testId="cb280d78-df0a-c813-4efc-beacee176106" executionId="7f577cfe-82cf-4433-ade2-e4085dde101b" testListId="8c84fa94-04c1-424b-9868-57a2d4851a1d" />
    <TestEntry testId="a5033efe-f06a-adef-c445-3ab9f9f94668" executionId="7b1c240e-87ed-4a5b-9ee6-a66a23a65ec7" testListId="8c84fa94-04c1-424b-9868-57a2d4851a1d" />
    <TestEntry testId="f56ba17a-197a-a928-1f01-b3c7f07b8a01" executionId="df15bf9b-cbed-473f-b1e5-c6ebe52ed926" testListId="8c84fa94-04c1-424b-9868-57a2d4851a1d" />
    <TestEntry testId="ba073f0f-1aa6-4eaf-2a2b-1741189a1acf" executionId="ea4ac685-b9ae-486e-b874-a1315341c34b" testListId="8c84fa94-04c1-424b-9868-57a2d4851a1d" />
    <TestEntry testId="e452fc4e-17e6-8b83-c397-cb06c6bcde2e" executionId="c656266e-87b2-460d-b168-cdb3d15608df" testListId="8c84fa94-04c1-424b-9868-57a2d4851a1d" />
    <TestEntry testId="5b802664-4615-12e5-eac2-f0119a3895a2" executionId="8b419a83-37d6-40bd-8797-f61da86abd49" testListId="8c84fa94-04c1-424b-9868-57a2d4851a1d" />
    <TestEntry testId="e733cdad-053f-f16a-f549-40c80f106629" executionId="3457a1ae-cc00-4c65-9237-d7c945220268" testListId="8c84fa94-04c1-424b-9868-57a2d4851a1d" />
    <TestEntry testId="f94f54dc-f320-919a-4707-aa1cfacf9690" executionId="5ec45922-72d1-4d4a-a764-e868e7152d46" testListId="8c84fa94-04c1-424b-9868-57a2d4851a1d" />
    <TestEntry testId="9ff0b51f-cb44-cffa-f6aa-41a2c7963214" executionId="2556b3d6-bca9-4591-b0c3-445c2716ec8e" testListId="8c84fa94-04c1-424b-9868-57a2d4851a1d" />
    <TestEntry testId="6d973f2b-5ab4-92ba-824a-d4f33cb35459" executionId="c9eb34f0-f281-420f-8931-fe00e9d0cbfc" testListId="8c84fa94-04c1-424b-9868-57a2d4851a1d" />
    <TestEntry testId="307de189-2938-6b81-5b7f-db13fdd57d39" executionId="77958f99-4621-4218-a883-057d0d051731" testListId="8c84fa94-04c1-424b-9868-57a2d4851a1d" />
    <TestEntry testId="d9673b73-28d1-bdf3-0a28-e0a79bdacb30" executionId="349de61e-c849-4ff9-8c5a-a4704b3b1584" testListId="8c84fa94-04c1-424b-9868-57a2d4851a1d" />
    <TestEntry testId="7cd2863a-a482-fcb1-6b04-0bb49de3942e" executionId="de257335-aea3-47b0-9891-d5c13ac5027b" testListId="8c84fa94-04c1-424b-9868-57a2d4851a1d" />
    <TestEntry testId="f344f9bf-c910-4936-cce7-334dd46c56db" executionId="6cdc12a1-8ba2-4970-b755-c944e6a80608" testListId="8c84fa94-04c1-424b-9868-57a2d4851a1d" />
    <TestEntry testId="578d1262-aa3b-1374-e405-129711227be8" executionId="90dff2ad-09b6-4d4f-990d-059ea26fcf5a" testListId="8c84fa94-04c1-424b-9868-57a2d4851a1d" />
    <TestEntry testId="ed7e9d9e-b1ef-33d6-e01a-6361ec9faf41" executionId="5d47df7f-04c3-49cc-9523-2fd81f15d0df" testListId="8c84fa94-04c1-424b-9868-57a2d4851a1d" />
    <TestEntry testId="cc1c2263-073c-ebaa-38e1-66c805455e15" executionId="d4b9abf2-edbf-48b2-9377-ebe6e573bc21" testListId="8c84fa94-04c1-424b-9868-57a2d4851a1d" />
    <TestEntry testId="e809af55-a39e-68a1-0b45-4bce91d44013" executionId="29c76a52-2b86-4233-9797-54c6b57a1112" testListId="8c84fa94-04c1-424b-9868-57a2d4851a1d" />
    <TestEntry testId="2e70ceaf-b51c-a6e2-94be-7ca3510dc022" executionId="a50924b0-0b36-4e46-81fc-40c93f274a50" testListId="8c84fa94-04c1-424b-9868-57a2d4851a1d" />
    <TestEntry testId="3dd8ce48-5b42-642d-cf63-e30f46d1a141" executionId="041f0ef1-ab13-4e47-9636-83f2ee092c0e" testListId="8c84fa94-04c1-424b-9868-57a2d4851a1d" />
    <TestEntry testId="118294ad-903c-fcaf-5b11-0d86809827b4" executionId="74da3144-7ba9-4bbb-ba45-6c58a785012b" testListId="8c84fa94-04c1-424b-9868-57a2d4851a1d" />
    <TestEntry testId="637a44ba-aa4d-d4a6-1a63-65a13321f600" executionId="0be135d2-20db-4628-9278-6e7236c0c143" testListId="8c84fa94-04c1-424b-9868-57a2d4851a1d" />
    <TestEntry testId="5e142589-36b2-75a0-a756-de801ab37bf8" executionId="75b318eb-aae5-48d8-a128-a793de6fb259" testListId="8c84fa94-04c1-424b-9868-57a2d4851a1d" />
    <TestEntry testId="6ec23b05-b777-aaa1-6b4c-31776bebc4ed" executionId="9c079c17-d598-4db2-a4d2-5a43fea63f7b" testListId="8c84fa94-04c1-424b-9868-57a2d4851a1d" />
    <TestEntry testId="feabdbcc-1ab1-7d04-7c7d-f344258ab174" executionId="1a886695-ce51-4ecf-be95-0fcfbf68f5cf" testListId="8c84fa94-04c1-424b-9868-57a2d4851a1d" />
    <TestEntry testId="f114208e-4e0f-ac2d-e183-fbc5dfcc48f5" executionId="da5710cf-a537-47f4-b1db-f8aeddb9aa11" testListId="8c84fa94-04c1-424b-9868-57a2d4851a1d" />
    <TestEntry testId="d47e1968-ea61-8a0b-bad0-c81c70f89db8" executionId="5892ad44-0465-4dd5-a415-4b9514e50145" testListId="8c84fa94-04c1-424b-9868-57a2d4851a1d" />
    <TestEntry testId="04f028d6-8c55-6693-d4d4-14943002bb86" executionId="d930f189-b6d9-43c4-9434-ee8dc74c2d0f" testListId="8c84fa94-04c1-424b-9868-57a2d4851a1d" />
    <TestEntry testId="43d9e34e-b124-4bb6-24ca-429904b03ba0" executionId="6017adb1-032c-4195-8329-0d2ac0735dd6" testListId="8c84fa94-04c1-424b-9868-57a2d4851a1d" />
    <TestEntry testId="8b26264d-5722-7f7d-05a1-ab9aa8fe15a0" executionId="2613e9ea-f56a-42d0-849f-2c80388bf83e" testListId="8c84fa94-04c1-424b-9868-57a2d4851a1d" />
    <TestEntry testId="63197c5e-d268-d567-3569-48ab3e77c960" executionId="88da8b0e-6dc1-49ff-9cf1-1a5a33fd7c58" testListId="8c84fa94-04c1-424b-9868-57a2d4851a1d" />
    <TestEntry testId="eadde07a-f8e2-2ff1-947d-e9ce8adefe83" executionId="0eb648b9-2134-449e-a71a-95b9e2e232bf" testListId="8c84fa94-04c1-424b-9868-57a2d4851a1d" />
    <TestEntry testId="0018dd68-524a-7b44-22af-57a86c42255d" executionId="8314198b-9512-4f2f-a1ca-939722196e08" testListId="8c84fa94-04c1-424b-9868-57a2d4851a1d" />
    <TestEntry testId="b0aa1724-d392-afc3-1594-60905762105a" executionId="fe869b04-e78e-4469-9f90-ee9d74b1383d" testListId="8c84fa94-04c1-424b-9868-57a2d4851a1d" />
    <TestEntry testId="cd3a5b8d-a912-063b-8d8a-9b9707c2a855" executionId="d5c773f1-0e9b-4ca4-9a86-5f079f07c17e" testListId="8c84fa94-04c1-424b-9868-57a2d4851a1d" />
    <TestEntry testId="5a9e745a-944c-5e2c-eef1-1b43cd7b6802" executionId="47f7f699-4d4a-4261-a5ff-d75a4a6ecd86" testListId="8c84fa94-04c1-424b-9868-57a2d4851a1d" />
    <TestEntry testId="f8cedc41-5f26-0697-3f58-b7b32cae824f" executionId="e11c37f8-78be-45ba-83b6-f2f85d919c27" testListId="8c84fa94-04c1-424b-9868-57a2d4851a1d" />
    <TestEntry testId="c3fcf472-3688-9adb-9918-a9aded700d3b" executionId="4177f79c-4fc2-4317-907d-034cd8a2cd59" testListId="8c84fa94-04c1-424b-9868-57a2d4851a1d" />
    <TestEntry testId="7450d050-f18c-5e4d-7607-50a7946a2b84" executionId="e38ba5f2-d5ae-4e64-8eb0-21bc996960a2" testListId="8c84fa94-04c1-424b-9868-57a2d4851a1d" />
    <TestEntry testId="136bad92-5c54-fad1-7480-231484310e8e" executionId="bca39f0d-6e9a-4828-8750-c1f95a1fc035" testListId="8c84fa94-04c1-424b-9868-57a2d4851a1d" />
    <TestEntry testId="f61a585c-4d07-9acd-b1df-5f6c9a2ea5d4" executionId="ccb72d6a-909f-4d12-8dca-4c950ee9f60c" testListId="8c84fa94-04c1-424b-9868-57a2d4851a1d" />
    <TestEntry testId="7bb90c36-9409-f56d-3359-6d49f2b38a85" executionId="71c5a573-499e-4e71-803d-cf1d9cbdbeaf" testListId="8c84fa94-04c1-424b-9868-57a2d4851a1d" />
    <TestEntry testId="0baa3d7f-ffd6-9ab8-ece9-9797312b4994" executionId="595af840-5b4d-4ae9-876c-952a7073b132" testListId="8c84fa94-04c1-424b-9868-57a2d4851a1d" />
    <TestEntry testId="50083963-6495-9a95-23e9-e0d6b891f924" executionId="419f7322-8ecb-44d9-a96b-8c2e301d561c" testListId="8c84fa94-04c1-424b-9868-57a2d4851a1d" />
    <TestEntry testId="92e0478d-e212-6027-2725-ba436ad4f3af" executionId="42b3960e-e175-469a-af60-fd4f7395d7d7" testListId="8c84fa94-04c1-424b-9868-57a2d4851a1d" />
    <TestEntry testId="a2ba9217-bcbf-9361-bbbc-caf8d50a8502" executionId="366f8bc4-6559-445e-9711-1275a02b9871" testListId="8c84fa94-04c1-424b-9868-57a2d4851a1d" />
    <TestEntry testId="84a37376-e306-7490-aac7-118cf9b75124" executionId="03c33dfa-e59e-4f5e-b212-4e7020fef645" testListId="8c84fa94-04c1-424b-9868-57a2d4851a1d" />
    <TestEntry testId="d28be012-1c6e-d620-7792-0d4453ddda14" executionId="9e84ca95-4459-4fa0-85a4-7c09512f30f5" testListId="8c84fa94-04c1-424b-9868-57a2d4851a1d" />
    <TestEntry testId="668c5517-c1d3-45b2-1dae-6bcc080e0c0a" executionId="bb7bd147-7f16-4ef6-8738-e8fabef02624" testListId="8c84fa94-04c1-424b-9868-57a2d4851a1d" />
    <TestEntry testId="fa32d278-f0d4-c096-8f58-6756e29895e2" executionId="bdacae24-b98f-4276-a2a3-670edffc6766" testListId="8c84fa94-04c1-424b-9868-57a2d4851a1d" />
    <TestEntry testId="30fac3f1-5bc2-6b9b-d668-fd32758e3f58" executionId="93fd81c8-3e40-4844-92ab-ecce728fbc07" testListId="8c84fa94-04c1-424b-9868-57a2d4851a1d" />
    <TestEntry testId="de0db55d-fd9a-c6d8-a764-42ce75b75ad9" executionId="ad88f9e9-e577-44be-953a-029d8e5addbc" testListId="8c84fa94-04c1-424b-9868-57a2d4851a1d" />
    <TestEntry testId="e1021b8f-1bbb-463d-6dac-61e2db55bf71" executionId="a4842933-c42d-4cbb-9acb-683c3bf977d3" testListId="8c84fa94-04c1-424b-9868-57a2d4851a1d" />
    <TestEntry testId="6ebbeddc-ad91-2b3f-4be9-e5f7b2782c55" executionId="e6633c55-f6b9-48a2-a18e-201414bbd917" testListId="8c84fa94-04c1-424b-9868-57a2d4851a1d" />
    <TestEntry testId="df1f347b-b835-5837-4ced-d52c5f1203fe" executionId="3829a317-b150-42d6-8a2e-a83bfed0b336" testListId="8c84fa94-04c1-424b-9868-57a2d4851a1d" />
    <TestEntry testId="0b594340-8253-4bad-5be0-c9284ab03669" executionId="e8650b7a-dd14-4836-90dd-2744739d43f5" testListId="8c84fa94-04c1-424b-9868-57a2d4851a1d" />
    <TestEntry testId="49e6090d-7846-0fb3-403b-0776dd283d36" executionId="e8bc3d71-d70c-40a1-9e05-9aae96cbcff6" testListId="8c84fa94-04c1-424b-9868-57a2d4851a1d" />
    <TestEntry testId="7fc92868-a216-aa9b-93a6-e849a1ee550c" executionId="5135301a-0e34-4581-a133-43f627eeb633" testListId="8c84fa94-04c1-424b-9868-57a2d4851a1d" />
    <TestEntry testId="bc0a16cf-499b-3dfc-b4da-5f12be581c28" executionId="4457af9f-b2c4-4d84-a042-8b436ccbd209" testListId="8c84fa94-04c1-424b-9868-57a2d4851a1d" />
    <TestEntry testId="8bd25a80-67e5-dd23-3354-ad43ebe0562b" executionId="3b6a34db-8907-467e-a891-9be247da0175" testListId="8c84fa94-04c1-424b-9868-57a2d4851a1d" />
    <TestEntry testId="048c5b6c-5283-45fc-8cf9-8409dfa10512" executionId="a97d349e-76c3-4074-b254-2ea551aa9ebe" testListId="8c84fa94-04c1-424b-9868-57a2d4851a1d" />
    <TestEntry testId="a045e8e7-cc0e-8b7e-da0e-70acc3704a34" executionId="fa0d75aa-1666-430b-815b-df80e091a73f" testListId="8c84fa94-04c1-424b-9868-57a2d4851a1d" />
    <TestEntry testId="ff9cb693-6721-1896-13cf-d7a4881c2d50" executionId="ae24244e-0cf0-4130-a83f-ca46df80e02c" testListId="8c84fa94-04c1-424b-9868-57a2d4851a1d" />
    <TestEntry testId="2f479540-d017-64be-56f1-03decd0e6268" executionId="fb6a9847-814e-462b-a7ea-a2bb8a92c489" testListId="8c84fa94-04c1-424b-9868-57a2d4851a1d" />
    <TestEntry testId="4ed47952-165b-5063-d76b-567c4ffc1bcc" executionId="b9a5ce29-b229-461e-9ea2-0d56e8abfc62" testListId="8c84fa94-04c1-424b-9868-57a2d4851a1d" />
    <TestEntry testId="0f946f83-5b04-0425-858a-c16aedd87c0b" executionId="1bb1f9e3-2eb6-4031-967e-414d0e960ae7" testListId="8c84fa94-04c1-424b-9868-57a2d4851a1d" />
    <TestEntry testId="101d17a3-8c5a-14b5-ce24-bc0a3c30d832" executionId="036244bb-65c5-4ae6-8b85-ef49ce48182a" testListId="8c84fa94-04c1-424b-9868-57a2d4851a1d" />
    <TestEntry testId="db115f97-25d7-6aa6-58d2-9692b243bace" executionId="edd1ae85-9995-43c4-8458-ed86c216a24b" testListId="8c84fa94-04c1-424b-9868-57a2d4851a1d" />
    <TestEntry testId="63f47279-ab02-e168-c2cd-21811a50907f" executionId="86e00b37-e67c-4340-973e-921449ec97b1" testListId="8c84fa94-04c1-424b-9868-57a2d4851a1d" />
    <TestEntry testId="1a5f842b-7955-f9c5-f654-08cd5fadd58f" executionId="4ff4ccf6-d88a-4422-bff0-755e0ed8483d" testListId="8c84fa94-04c1-424b-9868-57a2d4851a1d" />
    <TestEntry testId="5141ce10-2b68-82d5-6c52-3cdbc1d6da7f" executionId="0bd1b6d4-cd8e-4e9a-b5a4-66d232f7f72a" testListId="8c84fa94-04c1-424b-9868-57a2d4851a1d" />
    <TestEntry testId="e28fe37c-7125-cd95-ba77-2d7a8f752415" executionId="02aff1eb-84a8-40b2-bab8-38b6fea0f770" testListId="8c84fa94-04c1-424b-9868-57a2d4851a1d" />
    <TestEntry testId="09464ae5-edcb-0fb7-76f4-1bab5a16d848" executionId="7cfcd440-b1fb-4c6f-89e0-2143a882ea09" testListId="8c84fa94-04c1-424b-9868-57a2d4851a1d" />
    <TestEntry testId="5ba5fdfb-4498-262e-8d05-9cdcbe6f9f45" executionId="a11ed0ef-0ae2-4b88-b1dd-eaf22ff24349" testListId="8c84fa94-04c1-424b-9868-57a2d4851a1d" />
    <TestEntry testId="fd23578d-7a10-5662-ed32-e8279f3b397c" executionId="50771c1f-1d6f-4b7d-8e5f-782360099d7d" testListId="8c84fa94-04c1-424b-9868-57a2d4851a1d" />
    <TestEntry testId="758b353c-e8f8-e6d5-9c8c-7f3d51d3d723" executionId="813e8557-9ac6-4721-8b54-b5723701afc0" testListId="8c84fa94-04c1-424b-9868-57a2d4851a1d" />
    <TestEntry testId="23588fde-7f3b-adf0-3f42-a9a47891f183" executionId="68259f73-20a8-4d6b-9303-5454309085bd" testListId="8c84fa94-04c1-424b-9868-57a2d4851a1d" />
    <TestEntry testId="139c08fe-46c9-123e-bd7e-5ed2f570b2c8" executionId="c0fb96d5-74f6-497d-b04d-767eb6ed9f05" testListId="8c84fa94-04c1-424b-9868-57a2d4851a1d" />
    <TestEntry testId="33928bc1-f76c-fd6e-f752-f1516b5b30de" executionId="a93719f1-ca97-44aa-ad36-ecac09fb172d" testListId="8c84fa94-04c1-424b-9868-57a2d4851a1d" />
    <TestEntry testId="18d9a991-6406-0502-05c3-ff76584b7243" executionId="c0b99c60-f799-4463-933e-a792ac0807fa" testListId="8c84fa94-04c1-424b-9868-57a2d4851a1d" />
    <TestEntry testId="e54f1b8e-34d5-de56-3c23-778c7e489f97" executionId="877e0ac5-09c7-4f37-860a-e023c9e15b38" testListId="8c84fa94-04c1-424b-9868-57a2d4851a1d" />
    <TestEntry testId="d9e286f6-0cd4-55ce-9dd8-4094ad54e824" executionId="5d5b817d-5d83-49ae-8ebf-3710545193c4" testListId="8c84fa94-04c1-424b-9868-57a2d4851a1d" />
    <TestEntry testId="8bc5b6a9-81fb-c403-17e6-e7469de2c3f3" executionId="c1e73f09-3d69-45fb-aa45-9e3aa00b34b8" testListId="8c84fa94-04c1-424b-9868-57a2d4851a1d" />
    <TestEntry testId="a66d8361-ffe9-279a-6d4d-2c527ea414cf" executionId="35a8e360-c1b2-4d77-9ed3-e371fef393c9" testListId="8c84fa94-04c1-424b-9868-57a2d4851a1d" />
    <TestEntry testId="7af87295-239f-5794-9e07-b5a87fc35b1c" executionId="491c2bbb-665e-4bc4-a501-a7267ce0c591" testListId="8c84fa94-04c1-424b-9868-57a2d4851a1d" />
    <TestEntry testId="59fd3018-76ca-3fc4-f850-7db1153589ec" executionId="6cd0ade5-0277-42b9-9573-553dfae8d3a8" testListId="8c84fa94-04c1-424b-9868-57a2d4851a1d" />
    <TestEntry testId="4c212e0d-3956-518d-a662-5346af73de4d" executionId="77d9fd2c-1eca-4e69-9fff-8f98db622a89" testListId="8c84fa94-04c1-424b-9868-57a2d4851a1d" />
    <TestEntry testId="92c7175d-0ea0-9a5c-0e99-e0af0174be42" executionId="ff577525-6e34-4a32-a5cf-7d6cd128409a" testListId="8c84fa94-04c1-424b-9868-57a2d4851a1d" />
    <TestEntry testId="e671ab27-7146-07a7-b8c9-c0d2344a81e5" executionId="9cd01cbc-ab73-4433-a547-e052c784ff3f" testListId="8c84fa94-04c1-424b-9868-57a2d4851a1d" />
    <TestEntry testId="807b965e-6d32-7b15-039a-e79646b73e6d" executionId="6348d42e-0331-4e7d-8e20-378833f3f33c" testListId="8c84fa94-04c1-424b-9868-57a2d4851a1d" />
    <TestEntry testId="87a8d3d0-2efd-1e2c-9cee-fc20e585cfdc" executionId="314e99a3-ab9c-49c7-8daa-b612a4dfeb01" testListId="8c84fa94-04c1-424b-9868-57a2d4851a1d" />
    <TestEntry testId="e782cd79-68d4-445e-6c23-980fff903532" executionId="f953b40d-a109-47a9-817e-ca8c06103c80" testListId="8c84fa94-04c1-424b-9868-57a2d4851a1d" />
    <TestEntry testId="dd434261-7618-288b-371d-ace489ef80a2" executionId="940df28f-2c24-4188-8b63-348e494e580e" testListId="8c84fa94-04c1-424b-9868-57a2d4851a1d" />
    <TestEntry testId="4126628b-7a2a-b453-69cc-6d97ae449b3b" executionId="96f5d55f-4f04-4b6d-801e-06fd9c9b7c52" testListId="8c84fa94-04c1-424b-9868-57a2d4851a1d" />
    <TestEntry testId="3dfee63a-b2bc-ba0a-d64f-cb18ae0fe1e2" executionId="81eaea46-216c-43dd-a85e-243ef4a7d277" testListId="8c84fa94-04c1-424b-9868-57a2d4851a1d" />
    <TestEntry testId="819af280-55bd-44c3-790e-85790f44602b" executionId="3bea4f66-d0ce-4303-938b-165aaada2278" testListId="8c84fa94-04c1-424b-9868-57a2d4851a1d" />
    <TestEntry testId="ae5029c0-e7a3-57a0-deee-ba2ffa464da1" executionId="a4b5bf11-1701-4054-8295-14f9fd975bde" testListId="8c84fa94-04c1-424b-9868-57a2d4851a1d" />
    <TestEntry testId="ee8be453-c948-2bbc-7d92-650c21b2cad5" executionId="9666da47-86ae-4dfc-8d37-3ef90822a642" testListId="8c84fa94-04c1-424b-9868-57a2d4851a1d" />
    <TestEntry testId="98b14e63-b218-2524-45ef-d0c3dede4cf8" executionId="61c69c84-0f71-49bc-9cf9-f7e3dc6a3e40" testListId="8c84fa94-04c1-424b-9868-57a2d4851a1d" />
    <TestEntry testId="b711e8ec-4f2a-4527-2dcc-173392ed0208" executionId="218918dc-67fe-4a6a-a7f2-6c68d972da67" testListId="8c84fa94-04c1-424b-9868-57a2d4851a1d" />
    <TestEntry testId="35f2c43b-21de-ba93-51d0-2fa33e89cd8c" executionId="66f2f78f-cd09-4c38-867d-271b13539dae" testListId="8c84fa94-04c1-424b-9868-57a2d4851a1d" />
    <TestEntry testId="9b14a3c0-2612-181c-8976-cc9dc12a11b7" executionId="89caeeb6-ded0-472b-84ef-e47c03815afa" testListId="8c84fa94-04c1-424b-9868-57a2d4851a1d" />
    <TestEntry testId="d0840b1a-2b93-236c-d341-ad9816b8d6c7" executionId="f487a986-ca80-431f-bf7d-48c2efdfd3dc" testListId="8c84fa94-04c1-424b-9868-57a2d4851a1d" />
    <TestEntry testId="7e61dffe-9ba6-ded5-9492-ce7228f25c34" executionId="80aad437-49cf-4213-89c8-6dc05cfa9d2e" testListId="8c84fa94-04c1-424b-9868-57a2d4851a1d" />
    <TestEntry testId="b0259b8c-3008-0420-35af-a817d0259cee" executionId="acdd4af6-6da3-4aaf-a707-ae4e9b9ba339" testListId="8c84fa94-04c1-424b-9868-57a2d4851a1d" />
    <TestEntry testId="8c62e7a4-54c4-7dae-516f-53acd6f7c98d" executionId="908f3820-7306-4434-b627-aaab445d9458" testListId="8c84fa94-04c1-424b-9868-57a2d4851a1d" />
    <TestEntry testId="92092aff-71ac-37ae-503a-cdc0f78876b1" executionId="8fdd697d-7a4f-4a40-ae1c-ac2775a112cb" testListId="8c84fa94-04c1-424b-9868-57a2d4851a1d" />
    <TestEntry testId="5e3a5a43-c0cd-0608-fed7-178862b8df3f" executionId="9381620e-2fbb-4b96-ad2a-01712226fba3" testListId="8c84fa94-04c1-424b-9868-57a2d4851a1d" />
    <TestEntry testId="77246de6-1173-a93c-5ba0-30d23c10b158" executionId="d60a6ee2-2119-4c2a-a698-7eee1566124d" testListId="8c84fa94-04c1-424b-9868-57a2d4851a1d" />
    <TestEntry testId="937a5927-5f01-352d-2904-0dc30ef9e962" executionId="b1f6c774-0538-41ac-b663-27c066ccbd94" testListId="8c84fa94-04c1-424b-9868-57a2d4851a1d" />
    <TestEntry testId="b6b79ace-0886-5a83-ea1c-05cd953443c0" executionId="f75684e6-6e56-433a-994f-ef386c07063e" testListId="8c84fa94-04c1-424b-9868-57a2d4851a1d" />
    <TestEntry testId="f3e56eeb-07a4-97e9-f7d3-9c62c3c75a02" executionId="1028a8c6-ac1a-4127-b0ae-5c6172b156eb" testListId="8c84fa94-04c1-424b-9868-57a2d4851a1d" />
    <TestEntry testId="121dcfb3-29be-a44b-77a2-8c202c7285c1" executionId="5ac160da-8f3d-4a27-8964-0d95b65f9ba0" testListId="8c84fa94-04c1-424b-9868-57a2d4851a1d" />
    <TestEntry testId="7de11c28-f8ba-af32-61bd-457467888718" executionId="4ace9e4e-efb3-42ed-9d0f-c315f0c9a938" testListId="8c84fa94-04c1-424b-9868-57a2d4851a1d" />
    <TestEntry testId="4920dfb1-b44d-6bbf-dfdd-e340fbd7a929" executionId="11185f1c-982b-4992-9440-de119850efdd" testListId="8c84fa94-04c1-424b-9868-57a2d4851a1d" />
    <TestEntry testId="939a9bf4-6ef8-c2d7-c5de-18c54d7cde78" executionId="52e72289-7bf8-4ab6-9125-9424f87f7b04" testListId="8c84fa94-04c1-424b-9868-57a2d4851a1d" />
    <TestEntry testId="9f0bdcb2-4606-e6c9-d413-5a9890beeb7a" executionId="ecdd9edd-facc-4304-a785-b32bd853a9bf" testListId="8c84fa94-04c1-424b-9868-57a2d4851a1d" />
    <TestEntry testId="2205c79e-efe1-7170-7f9c-3612390db062" executionId="7ed9345d-11b1-47c6-8448-dd38c319e34a" testListId="8c84fa94-04c1-424b-9868-57a2d4851a1d" />
    <TestEntry testId="51263ec3-fa9f-8f95-1b6d-5c27895220fa" executionId="a1860582-656b-4be9-81f0-26be46cf9e71" testListId="8c84fa94-04c1-424b-9868-57a2d4851a1d" />
    <TestEntry testId="8632ede9-85b9-d794-817a-7a09acfa5230" executionId="7a5c2b14-339a-4e4e-b62c-e6bb6f08c16e" testListId="8c84fa94-04c1-424b-9868-57a2d4851a1d" />
    <TestEntry testId="e5b95894-e08b-614a-7431-b401b2a5fbe3" executionId="0f8a5828-a870-40c6-98ea-e02bb4e96249" testListId="8c84fa94-04c1-424b-9868-57a2d4851a1d" />
    <TestEntry testId="b432344e-828a-ed32-f2c8-19aeb64dd32c" executionId="541f7297-655f-47cd-a793-3082e68556eb" testListId="8c84fa94-04c1-424b-9868-57a2d4851a1d" />
    <TestEntry testId="601fcddb-85fe-0bcc-b5f2-6d55c7d965a3" executionId="d7865df8-0e1a-41f4-8371-b5640e33dfc1" testListId="8c84fa94-04c1-424b-9868-57a2d4851a1d" />
    <TestEntry testId="c7b5d23b-bc8d-95de-02e3-d2d0d72e7df6" executionId="0fa206aa-1ea2-47c9-a145-7443a8502a17" testListId="8c84fa94-04c1-424b-9868-57a2d4851a1d" />
    <TestEntry testId="f7f2781e-6a33-3a68-9f08-282d1c93aff7" executionId="6814ced1-14d3-48ca-a768-48f454184e3f" testListId="8c84fa94-04c1-424b-9868-57a2d4851a1d" />
    <TestEntry testId="964f9714-331a-6272-6c29-dbdeedfc12fc" executionId="935093ab-255b-4584-868b-1bb163164c39" testListId="8c84fa94-04c1-424b-9868-57a2d4851a1d" />
    <TestEntry testId="23b75719-28d8-22ce-69f7-52fae29e0a4b" executionId="ac1be8cd-55f1-4146-9b56-9240b8c040cd" testListId="8c84fa94-04c1-424b-9868-57a2d4851a1d" />
    <TestEntry testId="3b52d0e1-7f5b-3408-38f2-6c0a34d0893c" executionId="1d9ab79c-fece-4b4d-9f33-62168a74ef93" testListId="8c84fa94-04c1-424b-9868-57a2d4851a1d" />
    <TestEntry testId="f900f33f-6abe-b365-9be1-eba64b15683c" executionId="f59decc5-d09b-4d35-9ce1-90f03745a47f" testListId="8c84fa94-04c1-424b-9868-57a2d4851a1d" />
    <TestEntry testId="3e96bb3f-6d4c-9b58-880a-c00131e55508" executionId="f5fd3af0-c580-4504-be68-fcc14bb74671" testListId="8c84fa94-04c1-424b-9868-57a2d4851a1d" />
    <TestEntry testId="0a2d8b48-bd36-d998-a152-550cf1c6272a" executionId="8161d2d1-8006-413b-a92c-98ac166abc96" testListId="8c84fa94-04c1-424b-9868-57a2d4851a1d" />
    <TestEntry testId="e5ba927e-3ba3-97a1-c9bb-2e1745cb0a93" executionId="5ee56a7e-0a58-4adf-b3e3-d22d368a7268" testListId="8c84fa94-04c1-424b-9868-57a2d4851a1d" />
    <TestEntry testId="32bff74f-1391-d030-e161-6fe7f52f5226" executionId="2b3c8562-46b3-4a7c-b177-be31d9c4fa23" testListId="8c84fa94-04c1-424b-9868-57a2d4851a1d" />
    <TestEntry testId="6f091011-c2ff-1ad9-d3e2-43fa92df3fbc" executionId="9258ed55-7608-4252-91ce-85ff6a5e4cf1" testListId="8c84fa94-04c1-424b-9868-57a2d4851a1d" />
    <TestEntry testId="5bdcc6ba-2b6d-97e5-b7ea-45d27e593f80" executionId="381744df-a726-4ce7-9a05-43ff3de71f97" testListId="8c84fa94-04c1-424b-9868-57a2d4851a1d" />
    <TestEntry testId="12870e9f-4671-a90a-3cba-f83e33d62b36" executionId="018cc114-649b-422d-9576-b7e3c8e1c555" testListId="8c84fa94-04c1-424b-9868-57a2d4851a1d" />
    <TestEntry testId="5ff90c8a-5320-948e-27b4-ac87f47e33da" executionId="8a9c1a55-a3a0-47fa-b33d-8c55e2484fbf" testListId="8c84fa94-04c1-424b-9868-57a2d4851a1d" />
    <TestEntry testId="e178dd12-4887-2497-3d2d-41dc82cea09a" executionId="e396453a-7400-42b7-9767-2e0b2fe8142e" testListId="8c84fa94-04c1-424b-9868-57a2d4851a1d" />
    <TestEntry testId="b973e6d6-b9a4-4f09-dbbd-be24fdf9f350" executionId="a231d00a-6dfc-401f-a395-fe8aa26f20ff" testListId="8c84fa94-04c1-424b-9868-57a2d4851a1d" />
    <TestEntry testId="54aafb4a-0fb5-cd2a-dc28-5a78c597c6f7" executionId="50d9b32a-edf3-4121-b64e-5dbdc7b75167" testListId="8c84fa94-04c1-424b-9868-57a2d4851a1d" />
    <TestEntry testId="08e0ae34-74ad-943a-f463-499b60bd459e" executionId="3ed09054-2448-4003-ba47-ac36ebe49c95" testListId="8c84fa94-04c1-424b-9868-57a2d4851a1d" />
    <TestEntry testId="a7117c88-3315-2bad-049c-6ab15305341d" executionId="2e040146-91da-4197-bb50-15ec89f7e2e0" testListId="8c84fa94-04c1-424b-9868-57a2d4851a1d" />
    <TestEntry testId="ea59029f-e316-a009-11e6-cceb52222c1b" executionId="a6c3d8e3-1b4c-4466-897a-32dc83d3b135" testListId="8c84fa94-04c1-424b-9868-57a2d4851a1d" />
    <TestEntry testId="3fc06c6a-5c77-4e18-4431-ba71df3fa26d" executionId="176d7252-5659-49cc-b0b8-5acf283e976f" testListId="8c84fa94-04c1-424b-9868-57a2d4851a1d" />
    <TestEntry testId="f30c3ae9-916c-fc29-cb2e-c6a080c9fc5f" executionId="8995bde4-9de5-4e17-9cb9-d41a8ef2f3ee" testListId="8c84fa94-04c1-424b-9868-57a2d4851a1d" />
    <TestEntry testId="c17fb77f-1643-e570-bce7-11cc2afd4913" executionId="60d0e14e-4a96-4109-8129-adbeca5ea56b" testListId="8c84fa94-04c1-424b-9868-57a2d4851a1d" />
    <TestEntry testId="d23ed0ce-6d40-9cf6-7909-67b261f4092f" executionId="e6061271-8492-4525-987a-41ff0713c928" testListId="8c84fa94-04c1-424b-9868-57a2d4851a1d" />
    <TestEntry testId="0682f6dd-6f14-469c-2d90-bec45e4c0717" executionId="8b33028a-fdf4-4d50-9e4e-916372c52a4e" testListId="8c84fa94-04c1-424b-9868-57a2d4851a1d" />
    <TestEntry testId="00d06ff6-da3d-d811-0e1a-9501c17fedbd" executionId="a79dcdc8-a0ca-4104-ad74-85b351a6c23d" testListId="8c84fa94-04c1-424b-9868-57a2d4851a1d" />
    <TestEntry testId="1c9faed0-d363-05f1-2b3a-e82484224598" executionId="c87e26c1-3f05-4dee-8b79-f4241d800aac" testListId="8c84fa94-04c1-424b-9868-57a2d4851a1d" />
    <TestEntry testId="a9c01eb3-dfe1-7184-9489-821de632d0df" executionId="68be44ca-3fde-477c-8054-a350dc729782" testListId="8c84fa94-04c1-424b-9868-57a2d4851a1d" />
    <TestEntry testId="613deb76-090d-e784-e31c-3a603993024b" executionId="3999e175-ac9f-4b8f-b19c-37fe66ee06dd" testListId="8c84fa94-04c1-424b-9868-57a2d4851a1d" />
    <TestEntry testId="e4ab69ba-a93d-f956-3d8f-0b56bd99cb95" executionId="34ed3fed-dd05-40d7-8e58-0cdb31cb2dea" testListId="8c84fa94-04c1-424b-9868-57a2d4851a1d" />
    <TestEntry testId="ec96f358-dbad-c3f6-e15e-83aa54aa7f66" executionId="889454a4-7f0d-4320-9a5f-0c84aa8da757" testListId="8c84fa94-04c1-424b-9868-57a2d4851a1d" />
    <TestEntry testId="3c14bfce-cccd-8dae-6092-312d951a2bd6" executionId="c3efa524-b726-4abb-a0e1-a250df9e28d1" testListId="8c84fa94-04c1-424b-9868-57a2d4851a1d" />
    <TestEntry testId="34385f02-3b28-3ecc-c729-249d3cdf91d4" executionId="23899ca8-dfb4-41b1-a51b-477d9738d93a" testListId="8c84fa94-04c1-424b-9868-57a2d4851a1d" />
    <TestEntry testId="edfe9a24-10c8-fc15-6913-ace5dad7b2ba" executionId="c3949889-8a3d-4bdb-95ad-c0adbb4e7d0b" testListId="8c84fa94-04c1-424b-9868-57a2d4851a1d" />
    <TestEntry testId="19d78ae8-86b1-7ad0-6b4f-bdc3e6d95c5c" executionId="3fec1bc8-285f-49ee-930d-69abffe37c62" testListId="8c84fa94-04c1-424b-9868-57a2d4851a1d" />
    <TestEntry testId="ed1577e1-8962-f790-eebe-a64a3bbbe12d" executionId="44a98f25-5c3a-49e9-afd2-7ebca05621df" testListId="8c84fa94-04c1-424b-9868-57a2d4851a1d" />
    <TestEntry testId="5d682b8c-8f44-c1ab-ddb8-adb116605335" executionId="a7d56efe-63ab-4452-86f5-28989027a5aa" testListId="8c84fa94-04c1-424b-9868-57a2d4851a1d" />
    <TestEntry testId="0de57581-f94d-3a71-5115-237a1566f678" executionId="76b260c9-37eb-46d6-8f4d-7efbca0f23d9" testListId="8c84fa94-04c1-424b-9868-57a2d4851a1d" />
    <TestEntry testId="843605a0-9fb9-d248-6409-8254d517c294" executionId="baad3217-9f71-430a-b7af-80b062715bd5" testListId="8c84fa94-04c1-424b-9868-57a2d4851a1d" />
    <TestEntry testId="199e31a5-9ce1-f96e-a768-ffaa241fcf26" executionId="91d41782-3fe2-45f6-a093-244abb74ea97" testListId="8c84fa94-04c1-424b-9868-57a2d4851a1d" />
    <TestEntry testId="376177db-5044-4bec-6420-8a422119c019" executionId="bef3f78e-e4c7-4ef7-8a81-faf9670e06c4" testListId="8c84fa94-04c1-424b-9868-57a2d4851a1d" />
    <TestEntry testId="96b5ef29-8443-130b-a77a-c9a5c8f1a94a" executionId="0da44a72-59d5-4f89-a573-52370ecb845a" testListId="8c84fa94-04c1-424b-9868-57a2d4851a1d" />
    <TestEntry testId="206daa6c-8027-64f2-74b7-681d0c899262" executionId="2fc63dba-6e1a-4c86-ac7f-7d3db8b8810f" testListId="8c84fa94-04c1-424b-9868-57a2d4851a1d" />
    <TestEntry testId="0b00b104-73c9-c1d8-1165-b6930c3f9284" executionId="9c4ecb06-4706-4a49-a535-1c9637afd09e" testListId="8c84fa94-04c1-424b-9868-57a2d4851a1d" />
    <TestEntry testId="05afd12b-d96c-019c-1d38-e92380a32d12" executionId="dd655b8a-d767-4272-aa1f-b070368c1d01" testListId="8c84fa94-04c1-424b-9868-57a2d4851a1d" />
    <TestEntry testId="07137c60-72b5-88b9-1cfa-4551d1502c86" executionId="25dbcb0d-14f8-45f2-adb7-de0cba3dd117" testListId="8c84fa94-04c1-424b-9868-57a2d4851a1d" />
    <TestEntry testId="bd4bac5f-7aac-0454-b0b6-ae455463ab69" executionId="e324aeb2-ba04-4ceb-b5b0-3efc25398320" testListId="8c84fa94-04c1-424b-9868-57a2d4851a1d" />
    <TestEntry testId="09825529-e1a2-3632-8161-8ea3951dfa5b" executionId="f5e692ed-fd1f-4c91-a5ee-daa6265e70fb" testListId="8c84fa94-04c1-424b-9868-57a2d4851a1d" />
    <TestEntry testId="0eb26b5f-cde4-cf15-be01-4cfac09f1c39" executionId="49c530c2-f158-4906-a654-2e48441c0d3c" testListId="8c84fa94-04c1-424b-9868-57a2d4851a1d" />
    <TestEntry testId="0758850c-17f0-2c8a-b6e3-f793d9fb1a52" executionId="d2753cb3-c181-42ad-80f6-09cdb264aadc" testListId="8c84fa94-04c1-424b-9868-57a2d4851a1d" />
    <TestEntry testId="ff491964-401c-1fe7-1ba4-fdbf6d4d05f0" executionId="fec2ea97-0198-40dd-947f-0de488290c90" testListId="8c84fa94-04c1-424b-9868-57a2d4851a1d" />
    <TestEntry testId="e2daeaf3-f393-9a67-bc4d-9893469abffd" executionId="6abf3efa-9c6c-4eac-9fc5-18692a709d37" testListId="8c84fa94-04c1-424b-9868-57a2d4851a1d" />
    <TestEntry testId="93af1661-1cc8-3d68-649f-ac8352abf37a" executionId="f7afc89d-2093-48ac-aa9a-3fd56f9f10b4" testListId="8c84fa94-04c1-424b-9868-57a2d4851a1d" />
    <TestEntry testId="b0e5092b-eaff-7135-fce5-1219c7d12790" executionId="bbbd6278-c772-4050-99ad-01e9776072ff" testListId="8c84fa94-04c1-424b-9868-57a2d4851a1d" />
    <TestEntry testId="a2fea1b6-2a16-5d6c-d911-d6d753d1003b" executionId="74491e44-113b-44f7-aefb-802dc30227c6" testListId="8c84fa94-04c1-424b-9868-57a2d4851a1d" />
    <TestEntry testId="76d4b28f-8533-ebba-c691-530655bd8653" executionId="517cb4f3-1105-4da8-8d86-4f9b6eb8fbf9" testListId="8c84fa94-04c1-424b-9868-57a2d4851a1d" />
    <TestEntry testId="42cd896a-fdf4-0296-0db3-7e853a814fd6" executionId="399873c7-7591-4117-81ef-75e7f82cc6de" testListId="8c84fa94-04c1-424b-9868-57a2d4851a1d" />
    <TestEntry testId="d8189415-3659-e4ef-215d-3dec92c4218e" executionId="f547ae6d-2178-45fd-9ecf-e35483a56cda" testListId="8c84fa94-04c1-424b-9868-57a2d4851a1d" />
    <TestEntry testId="7f8185d0-50b2-f7fc-07be-9124fedf067e" executionId="39627670-6204-41be-afb4-256635e0c1dc" testListId="8c84fa94-04c1-424b-9868-57a2d4851a1d" />
    <TestEntry testId="c857cdb8-6ed0-a5cc-bc84-95634125cf07" executionId="18957afc-1078-486c-8454-2f8cd8b69f65" testListId="8c84fa94-04c1-424b-9868-57a2d4851a1d" />
    <TestEntry testId="949c4391-62db-2a28-7ebd-4e6e544663eb" executionId="6ace0a3c-545c-43d9-8beb-68645420d601" testListId="8c84fa94-04c1-424b-9868-57a2d4851a1d" />
    <TestEntry testId="9382cbec-1b01-fc76-52fe-13db3925facf" executionId="f6815f79-866e-41cf-beb0-7dda0ecaa9b1" testListId="8c84fa94-04c1-424b-9868-57a2d4851a1d" />
    <TestEntry testId="7c7bf76b-9a7b-704e-844d-66c2ce787e1a" executionId="8ccbe607-41bd-45f1-bc08-fd3ce8dc3296" testListId="8c84fa94-04c1-424b-9868-57a2d4851a1d" />
    <TestEntry testId="d3343ef0-750f-2669-efc8-fb2200afa8c0" executionId="5824252c-a55b-4961-8c7b-0b8482b65b61" testListId="8c84fa94-04c1-424b-9868-57a2d4851a1d" />
    <TestEntry testId="0c3d9dd4-02ed-2941-4d8c-f62509e11f52" executionId="984ece3f-e5fe-4a38-b47c-6ad3d8ad3f9b" testListId="8c84fa94-04c1-424b-9868-57a2d4851a1d" />
    <TestEntry testId="9eac6a73-c246-efef-359e-f0ae230f5183" executionId="027f216c-9f5b-4ad0-9335-3133b92a1489" testListId="8c84fa94-04c1-424b-9868-57a2d4851a1d" />
    <TestEntry testId="b5a9c9c5-42d6-a34a-00f5-87cb455bc2ad" executionId="96cc7c67-9b32-4cd8-9fee-0eb09e88964d" testListId="8c84fa94-04c1-424b-9868-57a2d4851a1d" />
    <TestEntry testId="ab3d0a4d-a7ea-5c8b-ab1e-2fbca4818a58" executionId="9f9cfc57-6b93-4c0c-bbbc-da6b57ab43b5" testListId="8c84fa94-04c1-424b-9868-57a2d4851a1d" />
    <TestEntry testId="2abe22be-0b18-772f-238a-b2eb6a26103d" executionId="34c516a1-36cc-4cbb-bfba-ca8435003929" testListId="8c84fa94-04c1-424b-9868-57a2d4851a1d" />
    <TestEntry testId="d421ad9c-544f-97d1-ccb0-e26efbe1dd9d" executionId="09bd2259-ea3f-4def-ae88-33ed22a15198" testListId="8c84fa94-04c1-424b-9868-57a2d4851a1d" />
    <TestEntry testId="86ad32c8-50a5-79c4-fa5e-e104a82983e4" executionId="b029cffd-eaec-4bca-b657-875aa02ac344" testListId="8c84fa94-04c1-424b-9868-57a2d4851a1d" />
    <TestEntry testId="d468c2f6-3db7-1ce2-5d20-0a08df473a05" executionId="7aec1885-522a-4dfb-a01b-bfeb2808dfc5" testListId="8c84fa94-04c1-424b-9868-57a2d4851a1d" />
    <TestEntry testId="d671fca5-dae0-9174-49e9-7fefbff5833e" executionId="b5e6b8d3-2e5c-4ab9-819b-0562169635ad" testListId="8c84fa94-04c1-424b-9868-57a2d4851a1d" />
    <TestEntry testId="6601d608-c317-f3fa-506a-5d29665693e8" executionId="10e7faf3-87f1-4a91-b1e7-60aae0461655" testListId="8c84fa94-04c1-424b-9868-57a2d4851a1d" />
    <TestEntry testId="e6ee0b0a-61b9-9b63-db51-a1d8a4781209" executionId="b057b7ec-dbde-4d57-96b7-e54875f05399" testListId="8c84fa94-04c1-424b-9868-57a2d4851a1d" />
    <TestEntry testId="92badf84-7d1e-88a4-01dd-dbab1ed4f856" executionId="314b004a-a3d6-4b01-998c-01635608a071" testListId="8c84fa94-04c1-424b-9868-57a2d4851a1d" />
    <TestEntry testId="a11d27d8-179c-8808-037a-7fc074b294db" executionId="dbd010fe-a06b-40a0-800b-15ae75b1853f" testListId="8c84fa94-04c1-424b-9868-57a2d4851a1d" />
    <TestEntry testId="4983b516-df56-c78b-bd49-5a8c0e07fafd" executionId="63ce70f6-aefe-47cb-beea-e4c47f62f036" testListId="8c84fa94-04c1-424b-9868-57a2d4851a1d" />
    <TestEntry testId="a2dfc829-a3db-3459-1a75-4163200019ab" executionId="2156f81a-d383-4c7d-9e82-61b720fd8462" testListId="8c84fa94-04c1-424b-9868-57a2d4851a1d" />
    <TestEntry testId="21cf2960-b537-a422-87e3-0b89733c257c" executionId="b6ee72cb-e2d2-446d-a9cb-500d0c738620" testListId="8c84fa94-04c1-424b-9868-57a2d4851a1d" />
    <TestEntry testId="5af22e28-afba-074d-1a80-8f63d1c33ed7" executionId="a144cc00-587f-4ff1-b65c-427857f5d3aa" testListId="8c84fa94-04c1-424b-9868-57a2d4851a1d" />
    <TestEntry testId="c96d9e43-cb3a-3a9b-a65e-c6b282c0fd14" executionId="236f3ee4-bbe8-41bf-b1a7-535f43b6158f" testListId="8c84fa94-04c1-424b-9868-57a2d4851a1d" />
    <TestEntry testId="91e6abe0-593e-1558-29b5-19b362396e6b" executionId="d7ac02a9-d794-493d-864d-ce6ef1375338" testListId="8c84fa94-04c1-424b-9868-57a2d4851a1d" />
    <TestEntry testId="6f313218-1203-ea9d-c1be-0129c845ede5" executionId="c644a50c-4c74-4dd3-a0ca-6c442acaaa8f" testListId="8c84fa94-04c1-424b-9868-57a2d4851a1d" />
    <TestEntry testId="d8f0b8f6-420a-fdb5-8983-cf4c4ca505da" executionId="cb771de7-e1ae-41b7-add1-b12851c196ad" testListId="8c84fa94-04c1-424b-9868-57a2d4851a1d" />
    <TestEntry testId="3e2694be-2264-2d83-1331-4a32c9022d12" executionId="eb95171d-5384-4a99-85de-bf6b6f732bff" testListId="8c84fa94-04c1-424b-9868-57a2d4851a1d" />
    <TestEntry testId="58ca5d7b-0a45-beb7-f7fa-af88081b047c" executionId="4aca5f8f-7b54-41c2-877b-6cabd2b10baa" testListId="8c84fa94-04c1-424b-9868-57a2d4851a1d" />
    <TestEntry testId="a6684501-550e-f779-5d30-eed2db00c517" executionId="947ec8ae-1687-49cb-beb7-2fc4ffa8f1e7" testListId="8c84fa94-04c1-424b-9868-57a2d4851a1d" />
    <TestEntry testId="e5abfd40-d1ed-d50f-2b23-6cad134cc24b" executionId="64de8f27-7a09-4506-9f01-17b54422ebd6" testListId="8c84fa94-04c1-424b-9868-57a2d4851a1d" />
    <TestEntry testId="4d22feb2-2da3-8d37-e617-fd8dc0c3b953" executionId="9c6461ff-6bc0-493f-adc6-1b5e5747e095" testListId="8c84fa94-04c1-424b-9868-57a2d4851a1d" />
    <TestEntry testId="ee183ebb-ad25-3d55-67a7-55134e46d3d1" executionId="af0b276a-eb60-46c5-a67f-ca6a90128f23" testListId="8c84fa94-04c1-424b-9868-57a2d4851a1d" />
    <TestEntry testId="b2307e47-af32-4afd-7b1c-3553232a6858" executionId="50d70539-e8ed-4474-b136-784389320a42" testListId="8c84fa94-04c1-424b-9868-57a2d4851a1d" />
    <TestEntry testId="67d179bf-bcc5-7807-aacd-d86d5510fb0f" executionId="207afeac-3fa5-46b0-a28e-3f3254f10761" testListId="8c84fa94-04c1-424b-9868-57a2d4851a1d" />
    <TestEntry testId="219ca91d-89ee-549c-c444-35531717c0bd" executionId="04bcdb60-acba-441b-8c20-b57ab7ba3abc" testListId="8c84fa94-04c1-424b-9868-57a2d4851a1d" />
    <TestEntry testId="dc413f0f-2b99-75b0-c42c-fe39d5815b51" executionId="d376eaf3-2502-40c9-a1d7-d676a1794dc1" testListId="8c84fa94-04c1-424b-9868-57a2d4851a1d" />
    <TestEntry testId="2c167ac9-36c0-99e8-233e-b43cac68c3c7" executionId="4616dbb1-f9a7-4dac-9458-2e4a01e2228c" testListId="8c84fa94-04c1-424b-9868-57a2d4851a1d" />
    <TestEntry testId="c195041e-8e10-4812-f294-acb49104bce4" executionId="e5041706-6372-46be-8cc6-0080080a8b70" testListId="8c84fa94-04c1-424b-9868-57a2d4851a1d" />
    <TestEntry testId="6018d66b-bfd8-b7a0-9e5b-1d4398de6182" executionId="1e962f00-da6f-47ad-b334-6f074fafa922" testListId="8c84fa94-04c1-424b-9868-57a2d4851a1d" />
    <TestEntry testId="80a11e93-8458-9372-14a5-9a9357aaa17b" executionId="e2d78386-e196-4301-bf58-4071bf6c68d4" testListId="8c84fa94-04c1-424b-9868-57a2d4851a1d" />
    <TestEntry testId="a015da5b-d974-19c2-6f76-b71bf8446557" executionId="4b5f962b-00c8-44a9-810c-82e506f58eff" testListId="8c84fa94-04c1-424b-9868-57a2d4851a1d" />
    <TestEntry testId="f76414fe-9d70-54c9-b6f9-8f54215e9022" executionId="55a11157-67d7-4f96-849a-b53561a36fd6" testListId="8c84fa94-04c1-424b-9868-57a2d4851a1d" />
    <TestEntry testId="c27e602f-669f-e5e8-6d5c-70f2256edc71" executionId="6b354c2d-f429-4d2d-93ea-e0ad9a97bcbc" testListId="8c84fa94-04c1-424b-9868-57a2d4851a1d" />
    <TestEntry testId="57fb6706-0917-a850-db93-753905cee64b" executionId="5af0cc9f-d104-4cc8-959f-09cc55b20351" testListId="8c84fa94-04c1-424b-9868-57a2d4851a1d" />
    <TestEntry testId="a485d791-ee7d-9d6f-c9b8-7465d1f59c86" executionId="58dc1b0b-e77b-4018-ae31-4e45858d7b23" testListId="8c84fa94-04c1-424b-9868-57a2d4851a1d" />
    <TestEntry testId="517566a9-b5f5-25c4-c9c3-527e3a7ee027" executionId="71cfb60d-c69f-46f2-b7a4-6d80c1ec16b4" testListId="8c84fa94-04c1-424b-9868-57a2d4851a1d" />
    <TestEntry testId="9f482a83-8170-01d5-ac11-0ceac25d960d" executionId="56322356-4f44-442c-b2a2-2d0f77536b6e" testListId="8c84fa94-04c1-424b-9868-57a2d4851a1d" />
    <TestEntry testId="e4c144dd-6487-a9ad-e92c-90fc7d39babf" executionId="232629b0-e994-48b4-9880-3614dd51cd4b" testListId="8c84fa94-04c1-424b-9868-57a2d4851a1d" />
    <TestEntry testId="4d9eb73e-9c1b-603c-d232-cb9d0493c485" executionId="a0bbecb5-cc7b-4114-9504-fec5e2011143" testListId="8c84fa94-04c1-424b-9868-57a2d4851a1d" />
    <TestEntry testId="b2c30a7f-5508-2a27-c649-072bcc89b995" executionId="9ce5bd58-8850-49bf-9caa-6e5a223a8b1e" testListId="8c84fa94-04c1-424b-9868-57a2d4851a1d" />
    <TestEntry testId="0bb704ad-f03b-fd07-c4b5-e04eb79dcdce" executionId="611deb2e-1464-4dc6-bdba-64ad94fa01f8" testListId="8c84fa94-04c1-424b-9868-57a2d4851a1d" />
    <TestEntry testId="94ed4a44-04d6-bbec-d3d7-6f66607a3193" executionId="a8c50c52-9687-481b-b32e-e5dc4161e442" testListId="8c84fa94-04c1-424b-9868-57a2d4851a1d" />
    <TestEntry testId="4a7aa68c-6bf2-0283-dcf0-0e7488c92173" executionId="89f05b15-896a-47a7-8ffc-fadbff24a7bb" testListId="8c84fa94-04c1-424b-9868-57a2d4851a1d" />
    <TestEntry testId="d1a98af5-07e9-ab84-7a12-6ddc11c19bb6" executionId="58ddeb4b-0d17-40a0-9968-6db8827bf187" testListId="8c84fa94-04c1-424b-9868-57a2d4851a1d" />
    <TestEntry testId="be082790-bab5-4156-40ad-bea6a0257c85" executionId="928bb596-18b3-4250-9efc-8ea751b3b7d9" testListId="8c84fa94-04c1-424b-9868-57a2d4851a1d" />
    <TestEntry testId="674b6115-6a65-cb7b-bcf7-6c1bdbf85a1d" executionId="9302eb90-5356-4a55-952e-40bd2ee5c938" testListId="8c84fa94-04c1-424b-9868-57a2d4851a1d" />
    <TestEntry testId="19728a88-fcd8-7bf5-7388-d9aff018b3f5" executionId="e515bbe2-7b07-466c-b5f6-962d7d4e048f" testListId="8c84fa94-04c1-424b-9868-57a2d4851a1d" />
    <TestEntry testId="96f07317-6961-2998-bafc-6f1caa868f50" executionId="968971c7-b6b4-491a-b73e-0982516448d8" testListId="8c84fa94-04c1-424b-9868-57a2d4851a1d" />
    <TestEntry testId="8c750c53-a4cf-534f-19b4-a32602b31a3d" executionId="0e7ef1b4-9a07-4d10-8650-05128cfd6979" testListId="8c84fa94-04c1-424b-9868-57a2d4851a1d" />
    <TestEntry testId="2ae5f7ca-ba08-5286-2437-d0718619cd33" executionId="9b8bdc00-dc22-409d-ab4e-00a88666f20f" testListId="8c84fa94-04c1-424b-9868-57a2d4851a1d" />
    <TestEntry testId="0423b905-d134-2fc5-b7b8-b5255da0de7e" executionId="77e32fce-bf9b-4c24-b73d-dd9d172f0666" testListId="8c84fa94-04c1-424b-9868-57a2d4851a1d" />
    <TestEntry testId="7fda607e-53ef-0724-a4cb-e651afdf246d" executionId="77847c00-367f-42ef-9447-6112bf9394a2" testListId="8c84fa94-04c1-424b-9868-57a2d4851a1d" />
    <TestEntry testId="9dde7f85-2b99-ffc5-6c29-0bb4067accba" executionId="92a6f278-6aee-4ba8-9a6a-a417fa470aa8" testListId="8c84fa94-04c1-424b-9868-57a2d4851a1d" />
    <TestEntry testId="b0ec78db-253a-b268-4b7f-a2626b89db41" executionId="08fdb613-f4af-4d46-8fdd-7ba12609d7b1" testListId="8c84fa94-04c1-424b-9868-57a2d4851a1d" />
    <TestEntry testId="d441e939-8b14-c5c6-1dec-6c281022a188" executionId="bc8bd7b8-1703-4a05-b9dd-e29ea9e5e531" testListId="8c84fa94-04c1-424b-9868-57a2d4851a1d" />
    <TestEntry testId="fc319fb6-a150-7faa-bbab-19c9b1d01729" executionId="2243377a-c868-48f3-b707-b0c001844574" testListId="8c84fa94-04c1-424b-9868-57a2d4851a1d" />
    <TestEntry testId="ac786274-6f8e-e942-6412-1090f25e14dc" executionId="f049e3be-524d-4c7b-8247-66da28206454" testListId="8c84fa94-04c1-424b-9868-57a2d4851a1d" />
    <TestEntry testId="1b89f976-3b38-6fab-8162-f78a8d173e6d" executionId="c6938008-d18e-481b-b0cd-1f38b132b0da" testListId="8c84fa94-04c1-424b-9868-57a2d4851a1d" />
    <TestEntry testId="a06332a1-3657-5658-9686-580d0012c9e0" executionId="be919edb-b17c-4fb2-964d-3a375398ea5f" testListId="8c84fa94-04c1-424b-9868-57a2d4851a1d" />
    <TestEntry testId="f19f58eb-41b6-0df8-1016-7b08afa67227" executionId="ebc42978-7932-4b03-96f3-f07d104ce663" testListId="8c84fa94-04c1-424b-9868-57a2d4851a1d" />
    <TestEntry testId="f74c1c50-4c08-0ce2-1164-f1129c08a575" executionId="5a6edb84-8fc4-4b17-9f4e-5ddd567eb6b1" testListId="8c84fa94-04c1-424b-9868-57a2d4851a1d" />
    <TestEntry testId="7f18c47d-9760-9891-3608-895d8555f71b" executionId="37e3b94d-e3b1-4456-953c-ae4451e963e4" testListId="8c84fa94-04c1-424b-9868-57a2d4851a1d" />
    <TestEntry testId="b52d2e12-9995-5506-6553-660624d57ae8" executionId="84febbe2-707d-4f0b-9136-073343a73450" testListId="8c84fa94-04c1-424b-9868-57a2d4851a1d" />
    <TestEntry testId="48551c9e-c714-b84f-1568-a421a8b379b5" executionId="a31afafb-fb81-4597-ba6e-87bf4b52c1f4" testListId="8c84fa94-04c1-424b-9868-57a2d4851a1d" />
    <TestEntry testId="ea5e3fd9-03bc-7bfc-450f-b3b6e68006b7" executionId="735f70b7-51ee-4066-b9a5-d0e6ca188b54" testListId="8c84fa94-04c1-424b-9868-57a2d4851a1d" />
    <TestEntry testId="c2e31407-0c8d-f1c1-4229-d6177f8de516" executionId="ad404a18-f58a-45b7-9a4f-24572539616b" testListId="8c84fa94-04c1-424b-9868-57a2d4851a1d" />
    <TestEntry testId="94fa3c93-90d9-5c50-c8fd-7808334c8621" executionId="b1efda9c-b70e-4546-aeeb-0f3f52136b94" testListId="8c84fa94-04c1-424b-9868-57a2d4851a1d" />
    <TestEntry testId="53a7b2d4-cf67-51ef-b462-31222d96ed60" executionId="867effa2-6d6b-47bd-ad8f-d4198bf5ff08" testListId="8c84fa94-04c1-424b-9868-57a2d4851a1d" />
    <TestEntry testId="09c47faa-64a5-e971-fbbb-548df93a5667" executionId="c58e0c26-0450-46bf-81e3-a21cc986fd29" testListId="8c84fa94-04c1-424b-9868-57a2d4851a1d" />
    <TestEntry testId="f26bf92c-9de2-aa3d-f562-bd4235f7acea" executionId="fe0d2080-00c1-490f-8ab1-a0b9fd28b2e3" testListId="8c84fa94-04c1-424b-9868-57a2d4851a1d" />
    <TestEntry testId="81644067-f530-ab42-7005-b14bc8375918" executionId="ed7710e6-694b-4b9a-a21d-c840f1b8e634" testListId="8c84fa94-04c1-424b-9868-57a2d4851a1d" />
    <TestEntry testId="3c5b86ab-741f-0058-bccd-82b1f6462b67" executionId="2843e030-c806-472d-b0b4-cee59fb2c0f9" testListId="8c84fa94-04c1-424b-9868-57a2d4851a1d" />
    <TestEntry testId="7c074d1d-343c-68b5-5974-5fb5c3006ccb" executionId="91cd009f-7f3f-469d-93fb-a1994cb25b39" testListId="8c84fa94-04c1-424b-9868-57a2d4851a1d" />
    <TestEntry testId="26e2210d-8647-3f4b-c390-b433a09bc7e2" executionId="2f45f99a-63c8-4625-b7ff-c7cec73604bb" testListId="8c84fa94-04c1-424b-9868-57a2d4851a1d" />
    <TestEntry testId="0395e281-f1d9-ccff-71de-42006772839d" executionId="2fee27dd-6984-467e-83cd-7bfb07f13646" testListId="8c84fa94-04c1-424b-9868-57a2d4851a1d" />
    <TestEntry testId="95e5e137-5602-c624-05ac-4c6b588068d6" executionId="51d87b9e-f019-4848-abc1-e330e0a03367" testListId="8c84fa94-04c1-424b-9868-57a2d4851a1d" />
    <TestEntry testId="c250343c-7534-1120-c8d0-c2fe2a8fb573" executionId="3d3dcabe-d5ad-4883-9da5-b2dbcc8962a4" testListId="8c84fa94-04c1-424b-9868-57a2d4851a1d" />
    <TestEntry testId="736d38f6-3f8b-0390-46d7-30267796d4d4" executionId="7007d47f-7202-4954-b9c1-c65dd96b9662" testListId="8c84fa94-04c1-424b-9868-57a2d4851a1d" />
    <TestEntry testId="3694a434-03d3-b2de-5be2-6996b75dd55e" executionId="34939c46-2e67-44ca-a302-03024dedfbc5" testListId="8c84fa94-04c1-424b-9868-57a2d4851a1d" />
    <TestEntry testId="6a4959da-62cb-9a79-1f01-654157aa864e" executionId="408836dd-cbfc-485c-aba8-9abb10297dd1" testListId="8c84fa94-04c1-424b-9868-57a2d4851a1d" />
    <TestEntry testId="24a3abf4-bb49-e16f-df91-437ab93bff57" executionId="3200bfc8-4cd8-4120-8844-48275ce3f8c1" testListId="8c84fa94-04c1-424b-9868-57a2d4851a1d" />
    <TestEntry testId="19a7a607-c308-6e25-4d23-257ec9438e13" executionId="8784a969-97d1-4ead-a7ff-dafc4763b304" testListId="8c84fa94-04c1-424b-9868-57a2d4851a1d" />
    <TestEntry testId="4b25095a-5f7c-6dab-b35d-2be679e6eae8" executionId="6673e2d6-4f53-4260-a1cc-b854b02d05a8" testListId="8c84fa94-04c1-424b-9868-57a2d4851a1d" />
    <TestEntry testId="86b5eb91-6222-4049-a5b9-26b935914a04" executionId="8b41dc8b-7362-44f6-a82d-b786a210d9bc" testListId="8c84fa94-04c1-424b-9868-57a2d4851a1d" />
    <TestEntry testId="35ad70de-8c74-fbda-0bc8-1c8c2fccca2e" executionId="8ba9db22-ece6-4afd-961e-c9dcc1b70082" testListId="8c84fa94-04c1-424b-9868-57a2d4851a1d" />
    <TestEntry testId="a96ff4c9-2d77-6a81-7366-52696f5423e6" executionId="cdc58372-7cc4-4c5b-bf9e-1e8692bb7903" testListId="8c84fa94-04c1-424b-9868-57a2d4851a1d" />
    <TestEntry testId="80fafa1e-4b64-1672-79e5-d2ce5b222461" executionId="e6f17dea-a9d4-41e9-b57d-3e77e89dbf10" testListId="8c84fa94-04c1-424b-9868-57a2d4851a1d" />
    <TestEntry testId="16e56a01-dd2a-2778-4851-089c994332df" executionId="253e35f7-bea2-4223-a2fa-6d19e0c0aa97" testListId="8c84fa94-04c1-424b-9868-57a2d4851a1d" />
    <TestEntry testId="d63dc288-d29f-6adb-baba-0c9119f08056" executionId="28705eae-7a2b-43f2-93ab-402b1af9a810" testListId="8c84fa94-04c1-424b-9868-57a2d4851a1d" />
    <TestEntry testId="7f84b494-0a2c-0e16-4576-798832bf3b80" executionId="5d7467d9-f8dc-4914-9bd8-2c9f53f66ce4" testListId="8c84fa94-04c1-424b-9868-57a2d4851a1d" />
    <TestEntry testId="ceda9ce3-f4a5-dc9b-2cee-a5a680d338da" executionId="2b1ab9ad-5976-4398-bd73-98c66580efa5" testListId="8c84fa94-04c1-424b-9868-57a2d4851a1d" />
    <TestEntry testId="6cd05767-1810-ecb9-5b15-1e76faa5197d" executionId="7d4ae3b4-f710-49cc-88b2-b4031f8e216c" testListId="8c84fa94-04c1-424b-9868-57a2d4851a1d" />
    <TestEntry testId="ecf42ec6-95bc-f6bf-0255-d958f56b54ec" executionId="95430ac6-e53a-4c7b-b08b-2390659b017f" testListId="8c84fa94-04c1-424b-9868-57a2d4851a1d" />
    <TestEntry testId="c0434fe7-ed65-0802-1690-cced19d49de1" executionId="94285301-b3ea-403d-a51b-72cab863217d" testListId="8c84fa94-04c1-424b-9868-57a2d4851a1d" />
    <TestEntry testId="9981d6df-29aa-344f-4854-8b0519ba1620" executionId="39404678-443c-418e-aca2-83b026aa150a" testListId="8c84fa94-04c1-424b-9868-57a2d4851a1d" />
    <TestEntry testId="4afde5d9-204f-3933-09e2-3a1e5a05a9b1" executionId="97e6a5b7-3375-4eb7-8cfc-1f03c49da5b1" testListId="8c84fa94-04c1-424b-9868-57a2d4851a1d" />
    <TestEntry testId="d80022b6-5357-31e5-452f-80e7788c599a" executionId="049a20e1-e1c3-46d2-ab08-b18da3022520" testListId="8c84fa94-04c1-424b-9868-57a2d4851a1d" />
    <TestEntry testId="0cf590db-835b-9a01-3291-e424f16ad41a" executionId="0c14a27c-705b-4b50-ba15-0b65c428dd74" testListId="8c84fa94-04c1-424b-9868-57a2d4851a1d" />
    <TestEntry testId="69468e4d-8bb8-7501-009f-1e212b24159a" executionId="ede5cc71-15c9-4cbf-93c1-a2a3609fa638" testListId="8c84fa94-04c1-424b-9868-57a2d4851a1d" />
    <TestEntry testId="a2b448a3-0f7d-94c0-ccb0-3aa948f71238" executionId="4ce66d84-13ad-440a-8e77-391c363c8c26" testListId="8c84fa94-04c1-424b-9868-57a2d4851a1d" />
    <TestEntry testId="682cd50e-38a5-893b-da98-f98a2e7e526b" executionId="e4e71630-c2ee-4815-bb9a-587d0c95f376" testListId="8c84fa94-04c1-424b-9868-57a2d4851a1d" />
    <TestEntry testId="cf46751e-7bcd-eb2e-f4a1-8288f6b1ff94" executionId="f6a52036-9984-4dc3-85bb-bf1405a45fa3" testListId="8c84fa94-04c1-424b-9868-57a2d4851a1d" />
    <TestEntry testId="dc7166b3-5ec2-24ec-5ca3-91c38882f122" executionId="1836e939-6a7d-44a2-8c87-7bd4aa83b2b1" testListId="8c84fa94-04c1-424b-9868-57a2d4851a1d" />
    <TestEntry testId="86b6c48f-be89-a6fa-55a2-b2aa06e90033" executionId="3bf6650e-5807-4814-8719-a7f094ab9957" testListId="8c84fa94-04c1-424b-9868-57a2d4851a1d" />
    <TestEntry testId="556334a9-efa4-ce39-8550-e4982a3e6281" executionId="11fb8a79-6275-42ea-b033-124e403b1496" testListId="8c84fa94-04c1-424b-9868-57a2d4851a1d" />
    <TestEntry testId="1409e8f1-b1b4-c732-a5e9-7d690bb6abcf" executionId="4bd5268b-e786-4bf7-a247-45d159747318" testListId="8c84fa94-04c1-424b-9868-57a2d4851a1d" />
    <TestEntry testId="2e69427b-afb5-d204-0832-f1ce7f2daf43" executionId="b6ee662d-7de4-4cfb-a42b-ef77377911db" testListId="8c84fa94-04c1-424b-9868-57a2d4851a1d" />
    <TestEntry testId="c860c9fc-eee7-fa47-a0e1-e88ab5d7134a" executionId="eba8a908-1952-4568-885b-3f03e1074512" testListId="8c84fa94-04c1-424b-9868-57a2d4851a1d" />
    <TestEntry testId="3727f1b5-d72d-78ed-38fd-0949137d1720" executionId="bf696e3c-2f44-412c-a7ef-afdd799f7806" testListId="8c84fa94-04c1-424b-9868-57a2d4851a1d" />
    <TestEntry testId="db1eb3eb-82ed-cf5c-d20f-4c4138ebd851" executionId="d19a0c81-d16d-48f7-b360-e71f8f7c8f54" testListId="8c84fa94-04c1-424b-9868-57a2d4851a1d" />
  </TestEntries>
  <TestLists>
    <TestList name="Results Not in a List" id="8c84fa94-04c1-424b-9868-57a2d4851a1d" />
    <TestList name="All Loaded Results" id="19431567-8539-422a-85d7-44ee4e166bda" />
  </TestLists>
  <ResultSummary outcome="Completed">
    <Counters total="791" executed="778" passed="778" failed="0" error="0" timeout="0" aborted="0" inconclusive="0" passedButRunAborted="0" notRunnable="0" notExecuted="0" disconnected="0" warning="0" completed="0" inProgress="0" pending="0" />
    <Output>
      <StdOut>Test 'AddChild_ElementToAddIsNotContainerElement' was skipped in the test run.Test 'AddNewChild_ParentIsElementXMLNodeType_ATTRIBUTE_Success' was skipped in the test run.Test 'AddNewChild_ParentIsElementXMLNodeType_CDATA_SECTION_Success' was skipped in the test run.Test 'AddNewChild_ParentIsElementXMLNodeType_COMMENT_Success' was skipped in the test run.Test 'AddNewChild_ParentIsElementXMLNodeType_ELEMENT_Success' was skipped in the test run.Test 'AddNewChild_ParentIsElementXMLNodeType_PROCESSING_INSTRUCTION_Success' was skipped in the test run.Test 'AddNewChild_ParentIsElementXMLNodeType_TEXT_Success' was skipped in the test run.Test 'AddNewChild_ParentIsElementXMLNodeType_DOCUMENT_FRAGMENT_Failure' was skipped in the test run.Test 'AddNewChild_ParentIsElementXMLNodeType_DOCUMENT_Failure' was skipped in the test run.Test 'AddNewChild_ParentIsElementXMLNodeType_DOCUMENT_TYPE_Failure' was skipped in the test run.Test 'AddNewChild_ParentIsElementXMLNodeType_ENTITY_Failure' was skipped in the test run.Test 'AddNewChild_ParentIsElementXMLNodeType_ENTITY_REFERENCE_Failure' was skipped in the test run.Test 'AddNewChild_XMLNodeType_NOTATION_Failure' was skipped in the test run.</StdOut>
    </Output>
  </ResultSummary>
</TestRun>