<?xml version="1.0" encoding="UTF-8"?>
<TestRun id="e853a6e3-e194-4a27-8a4d-bf8bcc639c16" name="bacemi@ICSWS068 2016-08-04 09:57:01" runUser="ICORE\bacemi" xmlns="http://microsoft.com/schemas/VisualStudio/TeamTest/2010">
  <Times creation="2016-08-04T09:57:01.5036106+02:00" queuing="2016-08-04T09:57:01.5036106+02:00" start="2016-08-04T09:57:00.5607296+02:00" finish="2016-08-04T09:57:10.5588021+02:00" />
  <TestSettings name="default" id="95d5c29b-4b45-4c19-92e0-e63399cf4191">
    <Execution>
      <TestTypeSpecific />
    </Execution>
    <Deployment runDeploymentRoot="bacemi_ICSWS068 2016-08-04 09_57_01" />
    <Properties />
  </TestSettings>
  <Results>
    <UnitTestResult executionId="6cf4a419-1c36-4c5b-899f-bbde8589e877" testId="124e003c-c90b-3dfd-0c03-846569656826" testName="IEntity_Implemented_Verified" computerName="ICSWS068" duration="00:00:00.4118624" startTime="2016-08-04T09:57:00.5607296+02:00" endTime="2016-08-04T09:57:01.2591377+02:00" testType="13cdc9d9-ddb5-4fa4-a97d-d965ccfc6d4b" outcome="Passed" testListId="8c84fa94-04c1-424b-9868-57a2d4851a1d" relativeResultsDirectory="6cf4a419-1c36-4c5b-899f-bbde8589e877" />
    <UnitTestResult executionId="f9265a9c-3439-4397-bbd2-7db32d7bcc96" testId="59b3a6b7-a1ca-4ccc-f508-8cf2c055203e" testName="IDescriptiveEntity_Implemented_Verified" computerName="ICSWS068" duration="00:00:00.0120387" startTime="2016-08-04T09:57:01.2631405+02:00" endTime="2016-08-04T09:57:01.2771503+02:00" testType="13cdc9d9-ddb5-4fa4-a97d-d965ccfc6d4b" outcome="Passed" testListId="8c84fa94-04c1-424b-9868-57a2d4851a1d" relativeResultsDirectory="f9265a9c-3439-4397-bbd2-7db32d7bcc96" />
    <UnitTestResult executionId="a8eb0307-69c0-4080-a583-f60b3bb25c57" testId="235b1afa-8c2f-b652-0785-1217882f9936" testName="INamedEntity_Implemented_Verified" computerName="ICSWS068" duration="00:00:00.0066048" startTime="2016-08-04T09:57:01.2801531+02:00" endTime="2016-08-04T09:57:01.2876580+02:00" testType="13cdc9d9-ddb5-4fa4-a97d-d965ccfc6d4b" outcome="Passed" testListId="8c84fa94-04c1-424b-9868-57a2d4851a1d" relativeResultsDirectory="a8eb0307-69c0-4080-a583-f60b3bb25c57" />
    <UnitTestResult executionId="8d0695df-a77a-4213-92d5-3ffc0e5c61bb" testId="e6dd6423-c123-a1dd-f18b-2834d7c53cb6" testName="ICategorizableEntity_Implemented_Verified" computerName="ICSWS068" duration="00:00:00.0088185" startTime="2016-08-04T09:57:01.2906606+02:00" endTime="2016-08-04T09:57:01.3011677+02:00" testType="13cdc9d9-ddb5-4fa4-a97d-d965ccfc6d4b" outcome="Passed" testListId="8c84fa94-04c1-424b-9868-57a2d4851a1d" relativeResultsDirectory="8d0695df-a77a-4213-92d5-3ffc0e5c61bb" />
    <UnitTestResult executionId="ebf9109b-8497-4303-a205-7ab6683f7a3d" testId="d6f172af-6510-919b-4c6d-14b9d69951fd" testName="IGuidKeyEntity_Implemented_Verified" computerName="ICSWS068" duration="00:00:00.0061494" startTime="2016-08-04T09:57:01.3041700+02:00" endTime="2016-08-04T09:57:01.3116749+02:00" testType="13cdc9d9-ddb5-4fa4-a97d-d965ccfc6d4b" outcome="Passed" testListId="8c84fa94-04c1-424b-9868-57a2d4851a1d" relativeResultsDirectory="ebf9109b-8497-4303-a205-7ab6683f7a3d" />
    <UnitTestResult executionId="9c306b6a-0cfd-40fc-b8a2-174f3394a719" testId="c334e47c-299c-e55c-1b5e-d38a90fe1916" testName="ICompilableEntity_Implemented_Verified" computerName="ICSWS068" duration="00:00:00.0060312" startTime="2016-08-04T09:57:01.3146781+02:00" endTime="2016-08-04T09:57:01.3216826+02:00" testType="13cdc9d9-ddb5-4fa4-a97d-d965ccfc6d4b" outcome="Passed" testListId="8c84fa94-04c1-424b-9868-57a2d4851a1d" relativeResultsDirectory="9c306b6a-0cfd-40fc-b8a2-174f3394a719" />
    <UnitTestResult executionId="02cc9357-60f6-4400-b4bf-e762fd63b6d2" testId="0f77a47a-c6e9-4ac4-f5da-dd9a3d9b8d54" testName="IAdapterFlow_Implemented_Verified" computerName="ICSWS068" duration="00:00:00.0064599" startTime="2016-08-04T09:57:01.3246846+02:00" endTime="2016-08-04T09:57:01.3322097+02:00" testType="13cdc9d9-ddb5-4fa4-a97d-d965ccfc6d4b" outcome="Passed" testListId="8c84fa94-04c1-424b-9868-57a2d4851a1d" relativeResultsDirectory="02cc9357-60f6-4400-b4bf-e762fd63b6d2" />
    <UnitTestResult executionId="32a8a454-2496-49ca-8e6c-d95a27de42e0" testId="57639dd2-3606-b124-69bb-9533923a33e7" testName="Test_BinarySerialization" computerName="ICSWS068" duration="00:00:00.1106097" startTime="2016-08-04T09:57:01.3346939+02:00" endTime="2016-08-04T09:57:01.4471400+02:00" testType="13cdc9d9-ddb5-4fa4-a97d-d965ccfc6d4b" outcome="Passed" testListId="8c84fa94-04c1-424b-9868-57a2d4851a1d" relativeResultsDirectory="32a8a454-2496-49ca-8e6c-d95a27de42e0" />
    <UnitTestResult executionId="e454b6b1-2d93-4e98-8273-9306f9911db5" testId="c8407564-615e-1196-36e7-444b37ff6d40" testName="Test_PublicSystemContext_GetInstanceOfEntity" computerName="ICSWS068" duration="00:00:00.0119328" startTime="2016-08-04T09:57:01.4496432+02:00" endTime="2016-08-04T09:57:01.4630635+02:00" testType="13cdc9d9-ddb5-4fa4-a97d-d965ccfc6d4b" outcome="Passed" testListId="8c84fa94-04c1-424b-9868-57a2d4851a1d" relativeResultsDirectory="e454b6b1-2d93-4e98-8273-9306f9911db5" />
    <UnitTestResult executionId="3751bf21-0d3c-4e62-8b42-0e52db0f3853" testId="7e20190b-6a72-e28b-0239-9892a8c412b7" testName="IEntity_Implemented_Verified" computerName="ICSWS068" duration="00:00:00.1283893" startTime="2016-08-04T09:57:01.4655500+02:00" endTime="2016-08-04T09:57:01.5952117+02:00" testType="13cdc9d9-ddb5-4fa4-a97d-d965ccfc6d4b" outcome="Passed" testListId="8c84fa94-04c1-424b-9868-57a2d4851a1d" relativeResultsDirectory="3751bf21-0d3c-4e62-8b42-0e52db0f3853" />
    <UnitTestResult executionId="83f547df-2f1c-4fbc-92d2-445491f6593f" testId="a02a6708-ba38-3a18-4f3d-496ddfce62a6" testName="IGuidKeyEntity_Implemented_Verified" computerName="ICSWS068" duration="00:00:00.0051359" startTime="2016-08-04T09:57:01.5981985+02:00" endTime="2016-08-04T09:57:01.6042183+02:00" testType="13cdc9d9-ddb5-4fa4-a97d-d965ccfc6d4b" outcome="Passed" testListId="8c84fa94-04c1-424b-9868-57a2d4851a1d" relativeResultsDirectory="83f547df-2f1c-4fbc-92d2-445491f6593f" />
    <UnitTestResult executionId="883b5290-7a95-4da8-b643-d855799dfb56" testId="b07e02d4-7c6b-2c36-5676-902bfe02037f" testName="IApplicationPoolImplementation_Implemented_Verified" computerName="ICSWS068" duration="00:00:00.0114709" startTime="2016-08-04T09:57:01.6077053+02:00" endTime="2016-08-04T09:57:01.6207198+02:00" testType="13cdc9d9-ddb5-4fa4-a97d-d965ccfc6d4b" outcome="Passed" testListId="8c84fa94-04c1-424b-9868-57a2d4851a1d" relativeResultsDirectory="883b5290-7a95-4da8-b643-d855799dfb56" />
    <UnitTestResult executionId="a86158a6-01b8-4ae8-9818-1ec513291380" testId="46c35581-db19-798c-b395-7bdabdd5c4c4" testName="Test_BinarySerialization" computerName="ICSWS068" duration="00:00:00.0084112" startTime="2016-08-04T09:57:01.6235461+02:00" endTime="2016-08-04T09:57:01.6330882+02:00" testType="13cdc9d9-ddb5-4fa4-a97d-d965ccfc6d4b" outcome="Passed" testListId="8c84fa94-04c1-424b-9868-57a2d4851a1d" relativeResultsDirectory="a86158a6-01b8-4ae8-9818-1ec513291380" />
    <UnitTestResult executionId="adeec9d7-9dbb-4e03-ab2c-6336d4429744" testId="a5112abf-45f8-5098-5fcc-8bc764ded842" testName="IEntity_Implemented_Verified" computerName="ICSWS068" duration="00:00:00.0257554" startTime="2016-08-04T09:57:01.6360749+02:00" endTime="2016-08-04T09:57:01.6632493+02:00" testType="13cdc9d9-ddb5-4fa4-a97d-d965ccfc6d4b" outcome="Passed" testListId="8c84fa94-04c1-424b-9868-57a2d4851a1d" relativeResultsDirectory="adeec9d7-9dbb-4e03-ab2c-6336d4429744" />
    <UnitTestResult executionId="728ee22f-c5e6-4049-abc1-ab5f746a1321" testId="6713982c-bc8f-e48d-11b0-4fdf3e4525fc" testName="IDescriptiveEntity_Implemented_Verified" computerName="ICSWS068" duration="00:00:00.0061511" startTime="2016-08-04T09:57:01.6662346+02:00" endTime="2016-08-04T09:57:01.6732324+02:00" testType="13cdc9d9-ddb5-4fa4-a97d-d965ccfc6d4b" outcome="Passed" testListId="8c84fa94-04c1-424b-9868-57a2d4851a1d" relativeResultsDirectory="728ee22f-c5e6-4049-abc1-ab5f746a1321" />
    <UnitTestResult executionId="76fde002-8749-4700-a078-2d1c39ed14e4" testId="21832c90-708b-4368-9fc9-80ea7845fbba" testName="INamedEntity_Implemented_Verified" computerName="ICSWS068" duration="00:00:00.0049230" startTime="2016-08-04T09:57:01.6762373+02:00" endTime="2016-08-04T09:57:01.6822419+02:00" testType="13cdc9d9-ddb5-4fa4-a97d-d965ccfc6d4b" outcome="Passed" testListId="8c84fa94-04c1-424b-9868-57a2d4851a1d" relativeResultsDirectory="76fde002-8749-4700-a078-2d1c39ed14e4" />
    <UnitTestResult executionId="94929046-5b1b-4e13-a869-e4d7a2bcea14" testId="52c4e48b-f15e-5eb0-9be0-de22613683e9" testName="IGuidKeyEntity_Implemented_Verified" computerName="ICSWS068" duration="00:00:00.0047811" startTime="2016-08-04T09:57:01.6847436+02:00" endTime="2016-08-04T09:57:01.6907632+02:00" testType="13cdc9d9-ddb5-4fa4-a97d-d965ccfc6d4b" outcome="Passed" testListId="8c84fa94-04c1-424b-9868-57a2d4851a1d" relativeResultsDirectory="94929046-5b1b-4e13-a869-e4d7a2bcea14" />
    <UnitTestResult executionId="777c4e2c-24ed-4f48-85cf-e795a9bf9da0" testId="b763c7b6-21dc-29d2-3a2e-590afbc1b580" testName="IApplicationPool_Implemented_Verified" computerName="ICSWS068" duration="00:00:00.0046820" startTime="2016-08-04T09:57:01.6937490+02:00" endTime="2016-08-04T09:57:01.6997542+02:00" testType="13cdc9d9-ddb5-4fa4-a97d-d965ccfc6d4b" outcome="Passed" testListId="8c84fa94-04c1-424b-9868-57a2d4851a1d" relativeResultsDirectory="777c4e2c-24ed-4f48-85cf-e795a9bf9da0" />
    <UnitTestResult executionId="6e17af32-fb07-4d71-be8c-e02dd1468e35" testId="61395403-fa50-55fa-9eac-5c66f2d3c6f1" testName="ICategorizableEntity_Implemented_Verified" computerName="ICSWS068" duration="00:00:00.0059632" startTime="2016-08-04T09:57:01.7027603+02:00" endTime="2016-08-04T09:57:01.7102813+02:00" testType="13cdc9d9-ddb5-4fa4-a97d-d965ccfc6d4b" outcome="Passed" testListId="8c84fa94-04c1-424b-9868-57a2d4851a1d" relativeResultsDirectory="6e17af32-fb07-4d71-be8c-e02dd1468e35" />
    <UnitTestResult executionId="67d026e4-0274-4d73-a628-2fef66c8701d" testId="536620cd-90fd-9bbd-b51c-b67777872178" testName="Test_BinarySerialization" computerName="ICSWS068" duration="00:00:00.0102217" startTime="2016-08-04T09:57:01.7128024+02:00" endTime="2016-08-04T09:57:01.7245371+02:00" testType="13cdc9d9-ddb5-4fa4-a97d-d965ccfc6d4b" outcome="Passed" testListId="8c84fa94-04c1-424b-9868-57a2d4851a1d" relativeResultsDirectory="67d026e4-0274-4d73-a628-2fef66c8701d" />
    <UnitTestResult executionId="bfb1bec4-81b9-4e63-b9fc-1c0e4fb578a6" testId="c046af74-3841-979a-d4f9-1649b77bc268" testName="Test_PublicSystemContext_GetInstanceOfEntity" computerName="ICSWS068" duration="00:00:00.0058368" startTime="2016-08-04T09:57:01.7270388+02:00" endTime="2016-08-04T09:57:01.7345510+02:00" testType="13cdc9d9-ddb5-4fa4-a97d-d965ccfc6d4b" outcome="Passed" testListId="8c84fa94-04c1-424b-9868-57a2d4851a1d" relativeResultsDirectory="bfb1bec4-81b9-4e63-b9fc-1c0e4fb578a6" />
    <UnitTestResult executionId="412ca354-de78-48f7-809c-16bbf235c2bd" testId="e1693e51-e205-73e2-d0d5-2b48f02138db" testName="IEntity_Implemented_Verified" computerName="ICSWS068" duration="00:00:00.0252483" startTime="2016-08-04T09:57:01.7375483+02:00" endTime="2016-08-04T09:57:01.7638467+02:00" testType="13cdc9d9-ddb5-4fa4-a97d-d965ccfc6d4b" outcome="Passed" testListId="8c84fa94-04c1-424b-9868-57a2d4851a1d" relativeResultsDirectory="412ca354-de78-48f7-809c-16bbf235c2bd" />
    <UnitTestResult executionId="e3fe8b49-22c8-447b-9f5b-98820a731414" testId="4c4d7501-2372-53c7-295a-c3e3bce77265" testName="IGuidKeyEntity_Implemented_Verified" computerName="ICSWS068" duration="00:00:00.0026436" startTime="2016-08-04T09:57:01.7668475+02:00" endTime="2016-08-04T09:57:01.7708668+02:00" testType="13cdc9d9-ddb5-4fa4-a97d-d965ccfc6d4b" outcome="Passed" testListId="8c84fa94-04c1-424b-9868-57a2d4851a1d" relativeResultsDirectory="e3fe8b49-22c8-447b-9f5b-98820a731414" />
    <UnitTestResult executionId="01cacc9d-d0dc-4ee6-990c-38ff28d46b81" testId="1d9a4c7e-b141-3e58-0118-0308dd4bfd89" testName="INamedEntity_Implemented_Verified" computerName="ICSWS068" duration="00:00:00.0027380" startTime="2016-08-04T09:57:01.7733521+02:00" endTime="2016-08-04T09:57:01.7773564+02:00" testType="13cdc9d9-ddb5-4fa4-a97d-d965ccfc6d4b" outcome="Passed" testListId="8c84fa94-04c1-424b-9868-57a2d4851a1d" relativeResultsDirectory="01cacc9d-d0dc-4ee6-990c-38ff28d46b81" />
    <UnitTestResult executionId="3fa740c1-c509-4710-83cc-4617975aab88" testId="41756cc2-7155-e8fe-6e18-648851422f1c" testName="IDescriptiveEntity_Implemented_Verified" computerName="ICSWS068" duration="00:00:00.0037048" startTime="2016-08-04T09:57:01.7803572+02:00" endTime="2016-08-04T09:57:01.7851850+02:00" testType="13cdc9d9-ddb5-4fa4-a97d-d965ccfc6d4b" outcome="Passed" testListId="8c84fa94-04c1-424b-9868-57a2d4851a1d" relativeResultsDirectory="3fa740c1-c509-4710-83cc-4617975aab88" />
    <UnitTestResult executionId="a20a5972-0a21-4b18-a94d-1bfbb6a3347d" testId="497b36ed-5c1e-ac82-12ef-7f81a504daa5" testName="ICategory_Implemented_Verified" computerName="ICSWS068" duration="00:00:00.0024858" startTime="2016-08-04T09:57:01.7881870+02:00" endTime="2016-08-04T09:57:01.7921914+02:00" testType="13cdc9d9-ddb5-4fa4-a97d-d965ccfc6d4b" outcome="Passed" testListId="8c84fa94-04c1-424b-9868-57a2d4851a1d" relativeResultsDirectory="a20a5972-0a21-4b18-a94d-1bfbb6a3347d" />
    <UnitTestResult executionId="2832f5fc-4908-4e76-bb6a-3879e0b1cad3" testId="8d6efb53-e1a7-d15a-6d42-d0ab9fd359c5" testName="ICategory_HasCorrectNumberOfMembers" computerName="ICSWS068" duration="00:00:00.0022242" startTime="2016-08-04T09:57:01.7946916+02:00" endTime="2016-08-04T09:57:01.7981945+02:00" testType="13cdc9d9-ddb5-4fa4-a97d-d965ccfc6d4b" outcome="Passed" testListId="8c84fa94-04c1-424b-9868-57a2d4851a1d" relativeResultsDirectory="2832f5fc-4908-4e76-bb6a-3879e0b1cad3" />
    <UnitTestResult executionId="493dbcd2-b304-4bc6-ba77-7ce646a1c94a" testId="29d152de-4081-5917-f2a9-cdce880894df" testName="PathType_ReturnsExpectedValue" computerName="ICSWS068" duration="00:00:00.0026131" startTime="2016-08-04T09:57:01.8006968+02:00" endTime="2016-08-04T09:57:01.8047771+02:00" testType="13cdc9d9-ddb5-4fa4-a97d-d965ccfc6d4b" outcome="Passed" testListId="8c84fa94-04c1-424b-9868-57a2d4851a1d" relativeResultsDirectory="493dbcd2-b304-4bc6-ba77-7ce646a1c94a" />
    <UnitTestResult executionId="93d05877-76be-4d2a-93e8-f7fb1024c73a" testId="225a058c-5d1f-1aec-5518-aeb188aa1376" testName="Test_BinarySerialization" computerName="ICSWS068" duration="00:00:00.0076018" startTime="2016-08-04T09:57:01.8077791+02:00" endTime="2016-08-04T09:57:01.8172880+02:00" testType="13cdc9d9-ddb5-4fa4-a97d-d965ccfc6d4b" outcome="Passed" testListId="8c84fa94-04c1-424b-9868-57a2d4851a1d" relativeResultsDirectory="93d05877-76be-4d2a-93e8-f7fb1024c73a" />
    <UnitTestResult executionId="687341c6-d95e-4637-885a-b46f4bcb0a2a" testId="038ee3e5-ef16-5a39-1f6e-6de189fcfbb1" testName="Test_PublicSystemContext_GetInstanceOfEntity" computerName="ICSWS068" duration="00:00:00.0040069" startTime="2016-08-04T09:57:01.8202900+02:00" endTime="2016-08-04T09:57:01.8253013+02:00" testType="13cdc9d9-ddb5-4fa4-a97d-d965ccfc6d4b" outcome="Passed" testListId="8c84fa94-04c1-424b-9868-57a2d4851a1d" relativeResultsDirectory="687341c6-d95e-4637-885a-b46f4bcb0a2a" />
    <UnitTestResult executionId="0981f98d-c15f-441c-a708-2b6ed81a1733" testId="ca250e2c-7f5f-8754-40eb-ec87447faaaa" testName="IEntity_Implemented_Verified" computerName="ICSWS068" duration="00:00:00.2049913" startTime="2016-08-04T09:57:01.8283031+02:00" endTime="2016-08-04T09:57:02.0348297+02:00" testType="13cdc9d9-ddb5-4fa4-a97d-d965ccfc6d4b" outcome="Passed" testListId="8c84fa94-04c1-424b-9868-57a2d4851a1d" relativeResultsDirectory="0981f98d-c15f-441c-a708-2b6ed81a1733" />
    <UnitTestResult executionId="dc673de5-e0c9-42e6-bc23-0291410d3879" testId="7d1970bf-f203-7d6c-0da4-ce5e07f65fbd" testName="IDescriptiveEntity_Implemented_Verified" computerName="ICSWS068" duration="00:00:00.0108698" startTime="2016-08-04T09:57:02.0378329+02:00" endTime="2016-08-04T09:57:02.0508444+02:00" testType="13cdc9d9-ddb5-4fa4-a97d-d965ccfc6d4b" outcome="Passed" testListId="8c84fa94-04c1-424b-9868-57a2d4851a1d" relativeResultsDirectory="dc673de5-e0c9-42e6-bc23-0291410d3879" />
    <UnitTestResult executionId="0081810d-3da5-4fab-876c-c916194b98bd" testId="fb403ee5-09c1-cd58-988e-ac6345e8e9cb" testName="INamedEntity_Implemented_Verified" computerName="ICSWS068" duration="00:00:00.0093467" startTime="2016-08-04T09:57:02.0538312+02:00" endTime="2016-08-04T09:57:02.0643606+02:00" testType="13cdc9d9-ddb5-4fa4-a97d-d965ccfc6d4b" outcome="Passed" testListId="8c84fa94-04c1-424b-9868-57a2d4851a1d" relativeResultsDirectory="0081810d-3da5-4fab-876c-c916194b98bd" />
    <UnitTestResult executionId="557b7a43-407a-480d-aded-742eba67fab8" testId="3149cb9a-4b21-e928-dc38-bcfe6d15ce05" testName="IGuidKeyEntity_Implemented_Verified" computerName="ICSWS068" duration="00:00:00.0095062" startTime="2016-08-04T09:57:02.0673409+02:00" endTime="2016-08-04T09:57:02.0778809+02:00" testType="13cdc9d9-ddb5-4fa4-a97d-d965ccfc6d4b" outcome="Passed" testListId="8c84fa94-04c1-424b-9868-57a2d4851a1d" relativeResultsDirectory="557b7a43-407a-480d-aded-742eba67fab8" />
    <UnitTestResult executionId="4993c59f-6bd0-4caf-99a4-f4c863248e30" testId="4dce7576-0d60-1722-5507-f9f5170ffb2d" testName="IComponentConfiguration_Implemented_Verified" computerName="ICSWS068" duration="00:00:00.0431737" startTime="2016-08-04T09:57:02.0813820+02:00" endTime="2016-08-04T09:57:02.1259578+02:00" testType="13cdc9d9-ddb5-4fa4-a97d-d965ccfc6d4b" outcome="Passed" testListId="8c84fa94-04c1-424b-9868-57a2d4851a1d" relativeResultsDirectory="4993c59f-6bd0-4caf-99a4-f4c863248e30" />
    <UnitTestResult executionId="cb5d3b42-bdb8-44b6-b876-ea4c13eec78c" testId="31273757-9855-a95b-e36f-ea7ab98258b3" testName="IComponentConfiguration_TypeConversionToConfigurationIDValue_Verified" computerName="ICSWS068" duration="00:00:00.0121272" startTime="2016-08-04T09:57:02.1284592+02:00" endTime="2016-08-04T09:57:02.1419675+02:00" testType="13cdc9d9-ddb5-4fa4-a97d-d965ccfc6d4b" outcome="Passed" testListId="8c84fa94-04c1-424b-9868-57a2d4851a1d" relativeResultsDirectory="cb5d3b42-bdb8-44b6-b876-ea4c13eec78c" />
    <UnitTestResult executionId="0107307c-27c0-4c6d-b75c-e0488da5273c" testId="7baebaf3-0a72-4f13-03e3-98b2b9a29ba5" testName="IComponentConfiguration_TypeConversionToUnsupportedType_Verified" computerName="ICSWS068" duration="00:00:00.0094021" startTime="2016-08-04T09:57:02.1449871+02:00" endTime="2016-08-04T09:57:02.1556907+02:00" testType="13cdc9d9-ddb5-4fa4-a97d-d965ccfc6d4b" outcome="Passed" testListId="8c84fa94-04c1-424b-9868-57a2d4851a1d" relativeResultsDirectory="0107307c-27c0-4c6d-b75c-e0488da5273c" />
    <UnitTestResult executionId="f7e67725-d8e9-4ed2-a01b-76661239752d" testId="7883f9b7-db61-36c4-35e8-8415820af3b7" testName="IComponentConfiguration_ImplementedWithNullValues_Verified" computerName="ICSWS068" duration="00:00:00.0100103" startTime="2016-08-04T09:57:02.1586769+02:00" endTime="2016-08-04T09:57:02.1696849+02:00" testType="13cdc9d9-ddb5-4fa4-a97d-d965ccfc6d4b" outcome="Passed" testListId="8c84fa94-04c1-424b-9868-57a2d4851a1d" relativeResultsDirectory="f7e67725-d8e9-4ed2-a01b-76661239752d" />
    <UnitTestResult executionId="852bc7e8-c49d-4526-b9dd-0fd47ae303da" testId="de2000f5-b818-99f1-5a69-630d5cd24a3c" testName="ICategorizableEntity_Implemented_Verified" computerName="ICSWS068" duration="00:00:00.0092191" startTime="2016-08-04T09:57:02.1721861+02:00" endTime="2016-08-04T09:57:02.1832085+02:00" testType="13cdc9d9-ddb5-4fa4-a97d-d965ccfc6d4b" outcome="Passed" testListId="8c84fa94-04c1-424b-9868-57a2d4851a1d" relativeResultsDirectory="852bc7e8-c49d-4526-b9dd-0fd47ae303da" />
    <UnitTestResult executionId="6cfdec1a-9063-42c6-90f1-651d1a7981f2" testId="aa8224e7-cb58-035f-7c90-57455decb3b4" testName="Test_BinarySerialization" computerName="ICSWS068" duration="00:00:00.0176403" startTime="2016-08-04T09:57:02.1862122+02:00" endTime="2016-08-04T09:57:02.2049779+02:00" testType="13cdc9d9-ddb5-4fa4-a97d-d965ccfc6d4b" outcome="Passed" testListId="8c84fa94-04c1-424b-9868-57a2d4851a1d" relativeResultsDirectory="6cfdec1a-9063-42c6-90f1-651d1a7981f2" />
    <UnitTestResult executionId="0541cd3e-d624-4144-a750-f81c1ee1375d" testId="743730ae-5acf-734e-7bf2-e2e2d3231182" testName="Test_PublicSystemContext_GetInstanceOfEntity" computerName="ICSWS068" duration="00:00:00.0105581" startTime="2016-08-04T09:57:02.2079793+02:00" endTime="2016-08-04T09:57:02.2195075+02:00" testType="13cdc9d9-ddb5-4fa4-a97d-d965ccfc6d4b" outcome="Passed" testListId="8c84fa94-04c1-424b-9868-57a2d4851a1d" relativeResultsDirectory="0541cd3e-d624-4144-a750-f81c1ee1375d" />
    <UnitTestResult executionId="bcfa06b3-8c8a-4ce5-bc01-4f3f2acd033d" testId="ee7777fc-eee6-bb39-bac7-16f3c9ea5143" testName="IEntity_Implemented_Verified" computerName="ICSWS068" duration="00:00:00.0834209" startTime="2016-08-04T09:57:02.2226183+02:00" endTime="2016-08-04T09:57:02.3074536+02:00" testType="13cdc9d9-ddb5-4fa4-a97d-d965ccfc6d4b" outcome="Passed" testListId="8c84fa94-04c1-424b-9868-57a2d4851a1d" relativeResultsDirectory="bcfa06b3-8c8a-4ce5-bc01-4f3f2acd033d" />
    <UnitTestResult executionId="475e83c4-420c-4063-82f2-a84b521c5f8e" testId="d836b86e-a9a8-1f9d-b886-fd6eba32d597" testName="IDescriptiveEntity_Implemented_Verified" computerName="ICSWS068" duration="00:00:00.0065403" startTime="2016-08-04T09:57:02.3099541+02:00" endTime="2016-08-04T09:57:02.3176496+02:00" testType="13cdc9d9-ddb5-4fa4-a97d-d965ccfc6d4b" outcome="Passed" testListId="8c84fa94-04c1-424b-9868-57a2d4851a1d" relativeResultsDirectory="475e83c4-420c-4063-82f2-a84b521c5f8e" />
    <UnitTestResult executionId="96d0d844-e931-4b13-81f9-c8c7132da832" testId="128c8aca-b011-6f4b-f904-4c2500219265" testName="INamedEntity_Implemented_Verified" computerName="ICSWS068" duration="00:00:00.0055995" startTime="2016-08-04T09:57:02.3211530+02:00" endTime="2016-08-04T09:57:02.3281632+02:00" testType="13cdc9d9-ddb5-4fa4-a97d-d965ccfc6d4b" outcome="Passed" testListId="8c84fa94-04c1-424b-9868-57a2d4851a1d" relativeResultsDirectory="96d0d844-e931-4b13-81f9-c8c7132da832" />
    <UnitTestResult executionId="86ece85a-1a35-4917-8599-72df1d0bd16d" testId="298ec52f-dd44-66c2-6d38-fda4777ef2ed" testName="IGuidKeyEntity_Implemented_Verified" computerName="ICSWS068" duration="00:00:00.0053403" startTime="2016-08-04T09:57:02.3306634+02:00" endTime="2016-08-04T09:57:02.3371712+02:00" testType="13cdc9d9-ddb5-4fa4-a97d-d965ccfc6d4b" outcome="Passed" testListId="8c84fa94-04c1-424b-9868-57a2d4851a1d" relativeResultsDirectory="86ece85a-1a35-4917-8599-72df1d0bd16d" />
    <UnitTestResult executionId="2445426f-4451-4b5a-a1ed-26533793999e" testId="82846eaa-3352-083c-66a0-904d0b11f226" testName="ICounter_Implemented_Verified" computerName="ICSWS068" duration="00:00:00.0074185" startTime="2016-08-04T09:57:02.3396727+02:00" endTime="2016-08-04T09:57:02.3485271+02:00" testType="13cdc9d9-ddb5-4fa4-a97d-d965ccfc6d4b" outcome="Passed" testListId="8c84fa94-04c1-424b-9868-57a2d4851a1d" relativeResultsDirectory="2445426f-4451-4b5a-a1ed-26533793999e" />
    <UnitTestResult executionId="a038106d-23c0-4622-9db6-27feae1a3242" testId="4e2d36bb-1183-810f-b6d4-674373772686" testName="ICounter_TypeConversionToCounterIDValue_Verified" computerName="ICSWS068" duration="00:00:00.0071118" startTime="2016-08-04T09:57:02.3510279+02:00" endTime="2016-08-04T09:57:02.3598506+02:00" testType="13cdc9d9-ddb5-4fa4-a97d-d965ccfc6d4b" outcome="Passed" testListId="8c84fa94-04c1-424b-9868-57a2d4851a1d" relativeResultsDirectory="a038106d-23c0-4622-9db6-27feae1a3242" />
    <UnitTestResult executionId="53c41743-5b30-4696-878e-3a638829e688" testId="d245710b-212a-b5ec-6a2e-1204d9d5ff45" testName="ICounter_TypeConversionToUnsupportedType_Verified" computerName="ICSWS068" duration="00:00:00.0051731" startTime="2016-08-04T09:57:02.3623509+02:00" endTime="2016-08-04T09:57:02.3688557+02:00" testType="13cdc9d9-ddb5-4fa4-a97d-d965ccfc6d4b" outcome="Passed" testListId="8c84fa94-04c1-424b-9868-57a2d4851a1d" relativeResultsDirectory="53c41743-5b30-4696-878e-3a638829e688" />
    <UnitTestResult executionId="7fb94ce8-0042-4dfb-8221-2bb87ef54500" testId="0e2bdf05-dd83-6ee9-277b-661455094310" testName="ICategorizableEntity_Implemented_Verified" computerName="ICSWS068" duration="00:00:00.0056438" startTime="2016-08-04T09:57:02.3718577+02:00" endTime="2016-08-04T09:57:02.3783629+02:00" testType="13cdc9d9-ddb5-4fa4-a97d-d965ccfc6d4b" outcome="Passed" testListId="8c84fa94-04c1-424b-9868-57a2d4851a1d" relativeResultsDirectory="7fb94ce8-0042-4dfb-8221-2bb87ef54500" />
    <UnitTestResult executionId="845d90f4-d64a-4c87-9787-29ba45ceb999" testId="2f80320e-e70f-14ac-7d28-7c83082742a2" testName="Test_PublicSystemContext_GetInstanceOfEntity" computerName="ICSWS068" duration="00:00:00.0065681" startTime="2016-08-04T09:57:02.3808643+02:00" endTime="2016-08-04T09:57:02.3886924+02:00" testType="13cdc9d9-ddb5-4fa4-a97d-d965ccfc6d4b" outcome="Passed" testListId="8c84fa94-04c1-424b-9868-57a2d4851a1d" relativeResultsDirectory="845d90f4-d64a-4c87-9787-29ba45ceb999" />
    <UnitTestResult executionId="1e9f6e35-e721-41ac-8126-d8a4609cf545" testId="40d830f0-f6e1-3657-3772-7e65aa86d9da" testName="IEntity_Implemented_Verified" computerName="ICSWS068" duration="00:00:00.1006213" startTime="2016-08-04T09:57:02.3916779+02:00" endTime="2016-08-04T09:57:02.4936260+02:00" testType="13cdc9d9-ddb5-4fa4-a97d-d965ccfc6d4b" outcome="Passed" testListId="8c84fa94-04c1-424b-9868-57a2d4851a1d" relativeResultsDirectory="1e9f6e35-e721-41ac-8126-d8a4609cf545" />
    <UnitTestResult executionId="0938b354-72ea-44f0-b47a-013565f12026" testId="649faa42-8f1c-323d-d45b-2427184cd392" testName="IGuidKeyEntity_Implemented_Verified" computerName="ICSWS068" duration="00:00:00.0036755" startTime="2016-08-04T09:57:02.4961272+02:00" endTime="2016-08-04T09:57:02.5011464+02:00" testType="13cdc9d9-ddb5-4fa4-a97d-d965ccfc6d4b" outcome="Passed" testListId="8c84fa94-04c1-424b-9868-57a2d4851a1d" relativeResultsDirectory="0938b354-72ea-44f0-b47a-013565f12026" />
    <UnitTestResult executionId="f0854194-6c66-4401-a8f0-c56e6b2ce175" testId="f330e18a-6b58-81e6-8705-9ab9ec750ed2" testName="ICrossReferenceEntry_Implemented_Verified" computerName="ICSWS068" duration="00:00:00.0032940" startTime="2016-08-04T09:57:02.5036335+02:00" endTime="2016-08-04T09:57:02.5081372+02:00" testType="13cdc9d9-ddb5-4fa4-a97d-d965ccfc6d4b" outcome="Passed" testListId="8c84fa94-04c1-424b-9868-57a2d4851a1d" relativeResultsDirectory="f0854194-6c66-4401-a8f0-c56e6b2ce175" />
    <UnitTestResult executionId="8d8baab0-d3c2-46fc-8e9d-8ce48c870c2d" testId="08d4a18e-a999-9e1e-7551-47f7c4e29294" testName="Key1_ReturnsExpectedValue" computerName="ICSWS068" duration="00:00:00.0035444" startTime="2016-08-04T09:57:02.5111392+02:00" endTime="2016-08-04T09:57:02.5156450+02:00" testType="13cdc9d9-ddb5-4fa4-a97d-d965ccfc6d4b" outcome="Passed" testListId="8c84fa94-04c1-424b-9868-57a2d4851a1d" relativeResultsDirectory="8d8baab0-d3c2-46fc-8e9d-8ce48c870c2d" />
    <UnitTestResult executionId="229e471d-5e22-4200-b5c8-e552326d86be" testId="32e4c42c-10ad-a01b-84ff-3c497ee97e92" testName="Key2_ReturnsExpectedValue" computerName="ICSWS068" duration="00:00:00.0046183" startTime="2016-08-04T09:57:02.5181506+02:00" endTime="2016-08-04T09:57:02.5240024+02:00" testType="13cdc9d9-ddb5-4fa4-a97d-d965ccfc6d4b" outcome="Passed" testListId="8c84fa94-04c1-424b-9868-57a2d4851a1d" relativeResultsDirectory="229e471d-5e22-4200-b5c8-e552326d86be" />
    <UnitTestResult executionId="1fc39c88-ce46-4147-ab5b-b074a7403f2d" testId="9c54c37a-f5c9-64a0-69b0-ccde202ebbf4" testName="Value1_ReturnsExpectedValue" computerName="ICSWS068" duration="00:00:00.0034629" startTime="2016-08-04T09:57:02.5270047+02:00" endTime="2016-08-04T09:57:02.5315087+02:00" testType="13cdc9d9-ddb5-4fa4-a97d-d965ccfc6d4b" outcome="Passed" testListId="8c84fa94-04c1-424b-9868-57a2d4851a1d" relativeResultsDirectory="1fc39c88-ce46-4147-ab5b-b074a7403f2d" />
    <UnitTestResult executionId="36136acb-3ebe-4c58-a0a7-acf2cf91876a" testId="7e7c06e3-bd7f-585d-a231-51384e55e0c2" testName="Value2_ReturnsExpectedValue" computerName="ICSWS068" duration="00:00:00.0034878" startTime="2016-08-04T09:57:02.5340122+02:00" endTime="2016-08-04T09:57:02.5385159+02:00" testType="13cdc9d9-ddb5-4fa4-a97d-d965ccfc6d4b" outcome="Passed" testListId="8c84fa94-04c1-424b-9868-57a2d4851a1d" relativeResultsDirectory="36136acb-3ebe-4c58-a0a7-acf2cf91876a" />
    <UnitTestResult executionId="61c5aa24-c988-4f7f-bc3f-aa56ae7b8200" testId="4516b7b0-d4b2-4d16-7180-7977d0b0257d" testName="ICrossReferenceEntry_HasCorrectNumberOfMembers" computerName="ICSWS068" duration="00:00:00.0032216" startTime="2016-08-04T09:57:02.5410170+02:00" endTime="2016-08-04T09:57:02.5460735+02:00" testType="13cdc9d9-ddb5-4fa4-a97d-d965ccfc6d4b" outcome="Passed" testListId="8c84fa94-04c1-424b-9868-57a2d4851a1d" relativeResultsDirectory="61c5aa24-c988-4f7f-bc3f-aa56ae7b8200" />
    <UnitTestResult executionId="c3065af3-6fa7-4e3d-a0ab-1b8b47c5af0c" testId="3a8fcd38-bc06-5541-dd3e-b9d313b93e11" testName="Test_BinarySerialization" computerName="ICSWS068" duration="00:00:00.0073118" startTime="2016-08-04T09:57:02.5485583+02:00" endTime="2016-08-04T09:57:02.5571593+02:00" testType="13cdc9d9-ddb5-4fa4-a97d-d965ccfc6d4b" outcome="Passed" testListId="8c84fa94-04c1-424b-9868-57a2d4851a1d" relativeResultsDirectory="c3065af3-6fa7-4e3d-a0ab-1b8b47c5af0c" />
    <UnitTestResult executionId="7149d9a6-6272-4d4e-9a5f-f2751be08bd1" testId="3b4ab546-8b26-2331-757f-87b520bed82e" testName="IEntity_Implemented_Verified" computerName="ICSWS068" duration="00:00:00.0074763" startTime="2016-08-04T09:57:02.5596437+02:00" endTime="2016-08-04T09:57:02.5686696+02:00" testType="13cdc9d9-ddb5-4fa4-a97d-d965ccfc6d4b" outcome="Passed" testListId="8c84fa94-04c1-424b-9868-57a2d4851a1d" relativeResultsDirectory="7149d9a6-6272-4d4e-9a5f-f2751be08bd1" />
    <UnitTestResult executionId="130c8c6d-fe22-4be5-9ee9-3eb69e77777c" testId="99927cf1-15d7-d76b-6600-51f8d1e8b1f5" testName="IGuidKeyEntity_Implemented_Verified" computerName="ICSWS068" duration="00:00:00.0058136" startTime="2016-08-04T09:57:02.5711719+02:00" endTime="2016-08-04T09:57:02.5782123+02:00" testType="13cdc9d9-ddb5-4fa4-a97d-d965ccfc6d4b" outcome="Passed" testListId="8c84fa94-04c1-424b-9868-57a2d4851a1d" relativeResultsDirectory="130c8c6d-fe22-4be5-9ee9-3eb69e77777c" />
    <UnitTestResult executionId="ed5f733c-641b-4c36-b5f2-2a23ed08e393" testId="2f464cb9-d9c8-dd05-690d-a19e3578f0c8" testName="INamedEntity_Implemented_Verified" computerName="ICSWS068" duration="00:00:00.0065494" startTime="2016-08-04T09:57:02.5806961+02:00" endTime="2016-08-04T09:57:02.5887065+02:00" testType="13cdc9d9-ddb5-4fa4-a97d-d965ccfc6d4b" outcome="Passed" testListId="8c84fa94-04c1-424b-9868-57a2d4851a1d" relativeResultsDirectory="ed5f733c-641b-4c36-b5f2-2a23ed08e393" />
    <UnitTestResult executionId="70c7774c-8d23-4edb-9be6-85b11d25cc46" testId="cccef9ce-2210-1108-3382-f46a4a620af2" testName="IDescriptiveEntity_Implemented_Verified" computerName="ICSWS068" duration="00:00:00.0069584" startTime="2016-08-04T09:57:02.5912077+02:00" endTime="2016-08-04T09:57:02.5997134+02:00" testType="13cdc9d9-ddb5-4fa4-a97d-d965ccfc6d4b" outcome="Passed" testListId="8c84fa94-04c1-424b-9868-57a2d4851a1d" relativeResultsDirectory="70c7774c-8d23-4edb-9be6-85b11d25cc46" />
    <UnitTestResult executionId="a57780a2-9ac3-4fa7-96a2-40c4c9a77f60" testId="f018abbc-fe00-6681-67d2-48b72168215c" testName="ICrossReferenceTable_Implemented_Verified" computerName="ICSWS068" duration="00:00:00.0057350" startTime="2016-08-04T09:57:02.6032166+02:00" endTime="2016-08-04T09:57:02.6102384+02:00" testType="13cdc9d9-ddb5-4fa4-a97d-d965ccfc6d4b" outcome="Passed" testListId="8c84fa94-04c1-424b-9868-57a2d4851a1d" relativeResultsDirectory="a57780a2-9ac3-4fa7-96a2-40c4c9a77f60" />
    <UnitTestResult executionId="e7f0aa65-a547-432b-8c55-6c3648aca5e7" testId="86e3ddcd-de54-813f-fcb8-1eaa86c6c7e9" testName="ICategorizableEntity_Implemented_Verified" computerName="ICSWS068" duration="00:00:00.0062725" startTime="2016-08-04T09:57:02.6132261+02:00" endTime="2016-08-04T09:57:02.6202312+02:00" testType="13cdc9d9-ddb5-4fa4-a97d-d965ccfc6d4b" outcome="Passed" testListId="8c84fa94-04c1-424b-9868-57a2d4851a1d" relativeResultsDirectory="e7f0aa65-a547-432b-8c55-6c3648aca5e7" />
    <UnitTestResult executionId="ad4ab90e-43c0-4c84-bc05-dbb3d45e9891" testId="fade5bfe-41c4-e7ef-87b3-0f443cb7818e" testName="ICrossReferenceTable_HasCorrectNumberOfMembers" computerName="ICSWS068" duration="00:00:00.0056893" startTime="2016-08-04T09:57:02.6235977+02:00" endTime="2016-08-04T09:57:02.6306038+02:00" testType="13cdc9d9-ddb5-4fa4-a97d-d965ccfc6d4b" outcome="Passed" testListId="8c84fa94-04c1-424b-9868-57a2d4851a1d" relativeResultsDirectory="ad4ab90e-43c0-4c84-bc05-dbb3d45e9891" />
    <UnitTestResult executionId="de2bd6ad-5545-40dd-8020-16088b3669b9" testId="ab6acf4e-4aa2-af5a-878b-19906ca636d8" testName="Entries_ReturnsExpectedValues" computerName="ICSWS068" duration="00:00:00.0125252" startTime="2016-08-04T09:57:02.6331225+02:00" endTime="2016-08-04T09:57:02.6471226+02:00" testType="13cdc9d9-ddb5-4fa4-a97d-d965ccfc6d4b" outcome="Passed" testListId="8c84fa94-04c1-424b-9868-57a2d4851a1d" relativeResultsDirectory="de2bd6ad-5545-40dd-8020-16088b3669b9" />
    <UnitTestResult executionId="0dc695e0-a36c-457f-90ab-6240e4ffcb90" testId="18e6444a-5889-3897-4a27-8f46d158615f" testName="Test_BinarySerialization" computerName="ICSWS068" duration="00:00:00.0069555" startTime="2016-08-04T09:57:02.6496228+02:00" endTime="2016-08-04T09:57:02.6576285+02:00" testType="13cdc9d9-ddb5-4fa4-a97d-d965ccfc6d4b" outcome="Passed" testListId="8c84fa94-04c1-424b-9868-57a2d4851a1d" relativeResultsDirectory="0dc695e0-a36c-457f-90ab-6240e4ffcb90" />
    <UnitTestResult executionId="44ccd3f2-25b1-4847-86ce-361b10427d7c" testId="1ee75c82-baa6-e3d8-0378-e3fedebada00" testName="Test_PublicSystemContext_GetInstanceOfEntity" computerName="ICSWS068" duration="00:00:00.0061247" startTime="2016-08-04T09:57:02.6606308+02:00" endTime="2016-08-04T09:57:02.6681592+02:00" testType="13cdc9d9-ddb5-4fa4-a97d-d965ccfc6d4b" outcome="Passed" testListId="8c84fa94-04c1-424b-9868-57a2d4851a1d" relativeResultsDirectory="44ccd3f2-25b1-4847-86ce-361b10427d7c" />
    <UnitTestResult executionId="246e1983-a26a-48f0-b923-6e5d045a9cf8" testId="47c9d18a-3766-558e-1465-3f02a0464ed1" testName="IEntity_Implemented_Verified" computerName="ICSWS068" duration="00:00:00.1132413" startTime="2016-08-04T09:57:02.6706462+02:00" endTime="2016-08-04T09:57:02.7851410+02:00" testType="13cdc9d9-ddb5-4fa4-a97d-d965ccfc6d4b" outcome="Passed" testListId="8c84fa94-04c1-424b-9868-57a2d4851a1d" relativeResultsDirectory="246e1983-a26a-48f0-b923-6e5d045a9cf8" />
    <UnitTestResult executionId="6035a726-6adb-4223-9604-6e8582f21fbf" testId="bf9d4616-f0cd-8867-2649-618ef7405c38" testName="IDescriptiveEntity_Implemented_Verified" computerName="ICSWS068" duration="00:00:00.0066810" startTime="2016-08-04T09:57:02.7881430+02:00" endTime="2016-08-04T09:57:02.7961488+02:00" testType="13cdc9d9-ddb5-4fa4-a97d-d965ccfc6d4b" outcome="Passed" testListId="8c84fa94-04c1-424b-9868-57a2d4851a1d" relativeResultsDirectory="6035a726-6adb-4223-9604-6e8582f21fbf" />
    <UnitTestResult executionId="6131930b-9ac4-4a7d-8cb2-679f2f063e6b" testId="f1390672-4a91-cc23-5a9b-bfd750c44738" testName="INamedEntity_Implemented_Verified" computerName="ICSWS068" duration="00:00:00.0053007" startTime="2016-08-04T09:57:02.7991516+02:00" endTime="2016-08-04T09:57:02.8056553+02:00" testType="13cdc9d9-ddb5-4fa4-a97d-d965ccfc6d4b" outcome="Passed" testListId="8c84fa94-04c1-424b-9868-57a2d4851a1d" relativeResultsDirectory="6131930b-9ac4-4a7d-8cb2-679f2f063e6b" />
    <UnitTestResult executionId="5377c9c1-7e25-430a-8686-ad9661a8a340" testId="76e895be-f8da-e236-a9b7-f2d8f95bcad0" testName="IGuidKeyEntity_Implemented_Verified" computerName="ICSWS068" duration="00:00:00.0047978" startTime="2016-08-04T09:57:02.8081576+02:00" endTime="2016-08-04T09:57:02.8141646+02:00" testType="13cdc9d9-ddb5-4fa4-a97d-d965ccfc6d4b" outcome="Passed" testListId="8c84fa94-04c1-424b-9868-57a2d4851a1d" relativeResultsDirectory="5377c9c1-7e25-430a-8686-ad9661a8a340" />
    <UnitTestResult executionId="57310988-b17b-44bd-82b0-1f13ff9a5cc4" testId="834dc670-e992-d5f9-0261-abcb265bcdd6" testName="ContentType_ReturnsExpectedValue" computerName="ICSWS068" duration="00:00:00.0057705" startTime="2016-08-04T09:57:02.8166833+02:00" endTime="2016-08-04T09:57:02.8236767+02:00" testType="13cdc9d9-ddb5-4fa4-a97d-d965ccfc6d4b" outcome="Passed" testListId="8c84fa94-04c1-424b-9868-57a2d4851a1d" relativeResultsDirectory="57310988-b17b-44bd-82b0-1f13ff9a5cc4" />
    <UnitTestResult executionId="65157436-d605-4215-8ab6-ec27b21a168a" testId="1dad7c79-c478-e8c6-ee54-f44e3e3ec975" testName="IEntityFilter_Implemented_Verified" computerName="ICSWS068" duration="00:00:00.0047186" startTime="2016-08-04T09:57:02.8266776+02:00" endTime="2016-08-04T09:57:02.8326819+02:00" testType="13cdc9d9-ddb5-4fa4-a97d-d965ccfc6d4b" outcome="Passed" testListId="8c84fa94-04c1-424b-9868-57a2d4851a1d" relativeResultsDirectory="65157436-d605-4215-8ab6-ec27b21a168a" />
    <UnitTestResult executionId="cda3f325-6cc4-4358-9988-dd676592dea6" testId="c99b5e7c-425f-4c6a-ec1a-87bec828019e" testName="IEntityFilter_ContainsCorrectNumberOfMembers" computerName="ICSWS068" duration="00:00:00.0044163" startTime="2016-08-04T09:57:02.8351839+02:00" endTime="2016-08-04T09:57:02.8407034+02:00" testType="13cdc9d9-ddb5-4fa4-a97d-d965ccfc6d4b" outcome="Passed" testListId="8c84fa94-04c1-424b-9868-57a2d4851a1d" relativeResultsDirectory="cda3f325-6cc4-4358-9988-dd676592dea6" />
    <UnitTestResult executionId="87bf7a4d-cd93-4fc4-a6c4-4ae2a110bc78" testId="ef21c27a-1877-7571-77c8-21e2868c0c54" testName="ICategorizableEntity_Implemented_Verified" computerName="ICSWS068" duration="00:00:00.0049919" startTime="2016-08-04T09:57:02.8436902+02:00" endTime="2016-08-04T09:57:02.8501959+02:00" testType="13cdc9d9-ddb5-4fa4-a97d-d965ccfc6d4b" outcome="Passed" testListId="8c84fa94-04c1-424b-9868-57a2d4851a1d" relativeResultsDirectory="87bf7a4d-cd93-4fc4-a6c4-4ae2a110bc78" />
    <UnitTestResult executionId="7a4afae3-459b-4ae2-bd11-acc708beda1e" testId="a1751fc5-27fb-ed41-8128-579f4762f639" testName="Test_BinarySerialization" computerName="ICSWS068" duration="00:00:00.0103094" startTime="2016-08-04T09:57:02.8526988+02:00" endTime="2016-08-04T09:57:02.8642071+02:00" testType="13cdc9d9-ddb5-4fa4-a97d-d965ccfc6d4b" outcome="Passed" testListId="8c84fa94-04c1-424b-9868-57a2d4851a1d" relativeResultsDirectory="7a4afae3-459b-4ae2-bd11-acc708beda1e" />
    <UnitTestResult executionId="75adb563-0e0c-416c-97ec-65285486559e" testId="d5a5ba6d-b3b1-a3c9-71a2-5c52dd3de00c" testName="Test_PublicSystemContext_GetInstanceOfEntity" computerName="ICSWS068" duration="00:00:00.0063285" startTime="2016-08-04T09:57:02.8672091+02:00" endTime="2016-08-04T09:57:02.8752152+02:00" testType="13cdc9d9-ddb5-4fa4-a97d-d965ccfc6d4b" outcome="Passed" testListId="8c84fa94-04c1-424b-9868-57a2d4851a1d" relativeResultsDirectory="75adb563-0e0c-416c-97ec-65285486559e" />
    <UnitTestResult executionId="427553bc-0fee-427b-ac1e-045bb24b9fca" testId="05c86791-1222-48e9-c6a4-77dfd721e9a9" testName="IEventConfiguration_HasCorrectNumberOfMembers" computerName="ICSWS068" duration="00:00:00.2669133" startTime="2016-08-04T09:57:02.8777166+02:00" endTime="2016-08-04T09:57:03.1459325+02:00" testType="13cdc9d9-ddb5-4fa4-a97d-d965ccfc6d4b" outcome="Passed" testListId="8c84fa94-04c1-424b-9868-57a2d4851a1d" relativeResultsDirectory="427553bc-0fee-427b-ac1e-045bb24b9fca" />
    <UnitTestResult executionId="8162d69a-2184-457c-af0c-7c518f82e7ae" testId="c7900b24-a9ab-7b1e-5884-2925bafa37cf" testName="IEntity_Implemented_Verified" computerName="ICSWS068" duration="00:00:00.0116982" startTime="2016-08-04T09:57:03.1489337+02:00" endTime="2016-08-04T09:57:03.1619431+02:00" testType="13cdc9d9-ddb5-4fa4-a97d-d965ccfc6d4b" outcome="Passed" testListId="8c84fa94-04c1-424b-9868-57a2d4851a1d" relativeResultsDirectory="8162d69a-2184-457c-af0c-7c518f82e7ae" />
    <UnitTestResult executionId="5d500bca-411c-487f-944f-268de17a6b5e" testId="05ce127b-905d-dd73-e4ec-40bd01a07448" testName="IGuidKeyEntity_Implemented_Verified" computerName="ICSWS068" duration="00:00:00.0113431" startTime="2016-08-04T09:57:03.1649454+02:00" endTime="2016-08-04T09:57:03.1774596+02:00" testType="13cdc9d9-ddb5-4fa4-a97d-d965ccfc6d4b" outcome="Passed" testListId="8c84fa94-04c1-424b-9868-57a2d4851a1d" relativeResultsDirectory="5d500bca-411c-487f-944f-268de17a6b5e" />
    <UnitTestResult executionId="45925cec-5b32-4012-bfca-cf61d369d296" testId="b0216591-d100-6c63-6fc8-5a0b6f7d3e26" testName="INamedEntity_Implemented_Verified" computerName="ICSWS068" duration="00:00:00.0118076" startTime="2016-08-04T09:57:03.1809616+02:00" endTime="2016-08-04T09:57:03.1939913+02:00" testType="13cdc9d9-ddb5-4fa4-a97d-d965ccfc6d4b" outcome="Passed" testListId="8c84fa94-04c1-424b-9868-57a2d4851a1d" relativeResultsDirectory="45925cec-5b32-4012-bfca-cf61d369d296" />
    <UnitTestResult executionId="71fdacb4-19e1-4d9e-bdac-f65194fb5a0a" testId="8a8febb7-aaf8-7b7e-2592-e1bfae734d41" testName="IDescriptiveEntity_Implemented_Verified" computerName="ICSWS068" duration="00:00:00.0130108" startTime="2016-08-04T09:57:03.1974777+02:00" endTime="2016-08-04T09:57:03.2119880+02:00" testType="13cdc9d9-ddb5-4fa4-a97d-d965ccfc6d4b" outcome="Passed" testListId="8c84fa94-04c1-424b-9868-57a2d4851a1d" relativeResultsDirectory="71fdacb4-19e1-4d9e-bdac-f65194fb5a0a" />
    <UnitTestResult executionId="776aad2a-2eac-4402-925d-74932e7a6fc2" testId="0026952c-98fa-57b4-616f-30e1d25e2778" testName="ICategorizableEntity_Implemented_Verified" computerName="ICSWS068" duration="00:00:00.0115894" startTime="2016-08-04T09:57:03.2161862+02:00" endTime="2016-08-04T09:57:03.2291954+02:00" testType="13cdc9d9-ddb5-4fa4-a97d-d965ccfc6d4b" outcome="Passed" testListId="8c84fa94-04c1-424b-9868-57a2d4851a1d" relativeResultsDirectory="776aad2a-2eac-4402-925d-74932e7a6fc2" />
    <UnitTestResult executionId="d511a919-a234-4dc5-b7b4-88080bc64b5b" testId="b1b86ccb-e2a0-39b7-bc4a-a17b6bd584b7" testName="IEventConfiguration_Implemented_Verified" computerName="ICSWS068" duration="00:00:00.0121551" startTime="2016-08-04T09:57:03.2321968+02:00" endTime="2016-08-04T09:57:03.2457109+02:00" testType="13cdc9d9-ddb5-4fa4-a97d-d965ccfc6d4b" outcome="Passed" testListId="8c84fa94-04c1-424b-9868-57a2d4851a1d" relativeResultsDirectory="d511a919-a234-4dc5-b7b4-88080bc64b5b" />
    <UnitTestResult executionId="5cf985b4-4590-49ab-8fa1-b7d1f35a7a6b" testId="a2b411e3-02e0-62e4-4e4b-8e48a79be644" testName="Partner_NonNull_ReturnsExpectedValue" computerName="ICSWS068" duration="00:00:00.0124014" startTime="2016-08-04T09:57:03.2497138+02:00" endTime="2016-08-04T09:57:03.2639669+02:00" testType="13cdc9d9-ddb5-4fa4-a97d-d965ccfc6d4b" outcome="Passed" testListId="8c84fa94-04c1-424b-9868-57a2d4851a1d" relativeResultsDirectory="5cf985b4-4590-49ab-8fa1-b7d1f35a7a6b" />
    <UnitTestResult executionId="6bb021fe-ce82-4cb2-a34e-677d71475954" testId="7f79dd4b-6f9b-8632-e336-fe74fc871bfe" testName="Partner_IsNull_ReturnsExpectedValue" computerName="ICSWS068" duration="00:00:00.0113712" startTime="2016-08-04T09:57:03.2669689+02:00" endTime="2016-08-04T09:57:03.2799831+02:00" testType="13cdc9d9-ddb5-4fa4-a97d-d965ccfc6d4b" outcome="Passed" testListId="8c84fa94-04c1-424b-9868-57a2d4851a1d" relativeResultsDirectory="6bb021fe-ce82-4cb2-a34e-677d71475954" />
    <UnitTestResult executionId="4d627821-5195-4977-b215-d4a004f47e1f" testId="94cc9c05-b06f-710c-03f7-12040a6a1733" testName="NodeType_NonNull_ReturnsExpectedValue" computerName="ICSWS068" duration="00:00:00.0125152" startTime="2016-08-04T09:57:03.2829848+02:00" endTime="2016-08-04T09:57:03.2969951+02:00" testType="13cdc9d9-ddb5-4fa4-a97d-d965ccfc6d4b" outcome="Passed" testListId="8c84fa94-04c1-424b-9868-57a2d4851a1d" relativeResultsDirectory="4d627821-5195-4977-b215-d4a004f47e1f" />
    <UnitTestResult executionId="c61d73cb-99b2-4c41-ad0a-f34f2e6b29b3" testId="b53d6e34-e18d-31a9-39c8-4bc6a66576a5" testName="NodeType_IsNull_ReturnsExpectedValue" computerName="ICSWS068" duration="00:00:00.0118205" startTime="2016-08-04T09:57:03.2999971+02:00" endTime="2016-08-04T09:57:03.3130062+02:00" testType="13cdc9d9-ddb5-4fa4-a97d-d965ccfc6d4b" outcome="Passed" testListId="8c84fa94-04c1-424b-9868-57a2d4851a1d" relativeResultsDirectory="c61d73cb-99b2-4c41-ad0a-f34f2e6b29b3" />
    <UnitTestResult executionId="10ad2eb2-185e-4e16-9279-63709fa008e0" testId="89c5f19a-09ce-19a8-a287-03c05917317e" testName="NodeTypeVersion_NonNull_ReturnsExpectedValue" computerName="ICSWS068" duration="00:00:00.0134231" startTime="2016-08-04T09:57:03.3160085+02:00" endTime="2016-08-04T09:57:03.3310194+02:00" testType="13cdc9d9-ddb5-4fa4-a97d-d965ccfc6d4b" outcome="Passed" testListId="8c84fa94-04c1-424b-9868-57a2d4851a1d" relativeResultsDirectory="10ad2eb2-185e-4e16-9279-63709fa008e0" />
    <UnitTestResult executionId="5199c902-fd12-4edf-8eee-a4da76c722d9" testId="9245634e-9773-0e57-3930-261edd56fc07" testName="NodeTypeVersion_IsNull_ReturnsExpectedValue" computerName="ICSWS068" duration="00:00:00.0114252" startTime="2016-08-04T09:57:03.3345214+02:00" endTime="2016-08-04T09:57:03.3470306+02:00" testType="13cdc9d9-ddb5-4fa4-a97d-d965ccfc6d4b" outcome="Passed" testListId="8c84fa94-04c1-424b-9868-57a2d4851a1d" relativeResultsDirectory="5199c902-fd12-4edf-8eee-a4da76c722d9" />
    <UnitTestResult executionId="98b17c4e-0f4e-4080-adf2-db179317c228" testId="99f8c7eb-dd9c-a0e6-d1de-86d273f22686" testName="EventType_NonNull_ReturnsExpectedValue" computerName="ICSWS068" duration="00:00:00.0109501" startTime="2016-08-04T09:57:03.3500329+02:00" endTime="2016-08-04T09:57:03.3625418+02:00" testType="13cdc9d9-ddb5-4fa4-a97d-d965ccfc6d4b" outcome="Passed" testListId="8c84fa94-04c1-424b-9868-57a2d4851a1d" relativeResultsDirectory="98b17c4e-0f4e-4080-adf2-db179317c228" />
    <UnitTestResult executionId="fb59dd9e-9c06-47e9-816a-3c604b3a31fa" testId="64e777bc-5564-96bb-1845-369d9340329b" testName="ComponentConfiguration_NonNull_ReturnsExpectedValue" computerName="ICSWS068" duration="00:00:00.0118228" startTime="2016-08-04T09:57:03.3650438+02:00" endTime="2016-08-04T09:57:03.3785541+02:00" testType="13cdc9d9-ddb5-4fa4-a97d-d965ccfc6d4b" outcome="Passed" testListId="8c84fa94-04c1-424b-9868-57a2d4851a1d" relativeResultsDirectory="fb59dd9e-9c06-47e9-816a-3c604b3a31fa" />
    <UnitTestResult executionId="154f0d74-524c-4891-b430-fe499f65de4e" testId="354a0b30-3692-9015-5b6b-65ce8cd59475" testName="Test_BinarySerialization" computerName="ICSWS068" duration="00:00:00.0173626" startTime="2016-08-04T09:57:03.3810549+02:00" endTime="2016-08-04T09:57:03.3995746+02:00" testType="13cdc9d9-ddb5-4fa4-a97d-d965ccfc6d4b" outcome="Passed" testListId="8c84fa94-04c1-424b-9868-57a2d4851a1d" relativeResultsDirectory="154f0d74-524c-4891-b430-fe499f65de4e" />
    <UnitTestResult executionId="2ccb3144-93ce-4b33-bd9d-44f00fb1c902" testId="56aae320-0ddb-cfd9-23b8-8a5286f5ea81" testName="Test_PublicSystemContext_GetInstanceOfEntity" computerName="ICSWS068" duration="00:00:00.0118827" startTime="2016-08-04T09:57:03.4030757+02:00" endTime="2016-08-04T09:57:03.4165878+02:00" testType="13cdc9d9-ddb5-4fa4-a97d-d965ccfc6d4b" outcome="Passed" testListId="8c84fa94-04c1-424b-9868-57a2d4851a1d" relativeResultsDirectory="2ccb3144-93ce-4b33-bd9d-44f00fb1c902" />
    <UnitTestResult executionId="d2223b34-2161-4355-88ee-198ae54d2655" testId="9240409b-e86b-ff1e-b17f-28164579554f" testName="IEntity_Implemented_Verified" computerName="ICSWS068" duration="00:00:00.3786650" startTime="2016-08-04T09:57:03.4195904+02:00" endTime="2016-08-04T09:57:03.7995164+02:00" testType="13cdc9d9-ddb5-4fa4-a97d-d965ccfc6d4b" outcome="Passed" testListId="8c84fa94-04c1-424b-9868-57a2d4851a1d" relativeResultsDirectory="d2223b34-2161-4355-88ee-198ae54d2655" />
    <UnitTestResult executionId="bb72eb5e-8573-48ac-b8d4-7bea9f0011c7" testId="ca863dc6-8771-e700-3d5c-a9d20d337b09" testName="IIntKeyEntity_Implemented_Verified" computerName="ICSWS068" duration="00:00:00.0078200" startTime="2016-08-04T09:57:03.8025187+02:00" endTime="2016-08-04T09:57:03.8115250+02:00" testType="13cdc9d9-ddb5-4fa4-a97d-d965ccfc6d4b" outcome="Passed" testListId="8c84fa94-04c1-424b-9868-57a2d4851a1d" relativeResultsDirectory="bb72eb5e-8573-48ac-b8d4-7bea9f0011c7" />
    <UnitTestResult executionId="070a6efc-4481-4e5d-9098-90004fdb5c13" testId="3230e89e-37b8-17b3-4a16-4dda1af0a58a" testName="ITrackingEntity_Implemented_Verified" computerName="ICSWS068" duration="00:00:00.0086581" startTime="2016-08-04T09:57:03.8145279+02:00" endTime="2016-08-04T09:57:03.8253931+02:00" testType="13cdc9d9-ddb5-4fa4-a97d-d965ccfc6d4b" outcome="Passed" testListId="8c84fa94-04c1-424b-9868-57a2d4851a1d" relativeResultsDirectory="070a6efc-4481-4e5d-9098-90004fdb5c13" />
    <UnitTestResult executionId="af9fbae9-3b30-4249-ad9f-628c6cd07af0" testId="77001508-1606-9fa6-5cdd-a4c92b806dca" testName="IEvent_HasCorrectNumberOfMembers" computerName="ICSWS068" duration="00:00:00.0068279" startTime="2016-08-04T09:57:03.8289115+02:00" endTime="2016-08-04T09:57:03.8374067+02:00" testType="13cdc9d9-ddb5-4fa4-a97d-d965ccfc6d4b" outcome="Passed" testListId="8c84fa94-04c1-424b-9868-57a2d4851a1d" relativeResultsDirectory="af9fbae9-3b30-4249-ad9f-628c6cd07af0" />
    <UnitTestResult executionId="3ef36bcd-9487-4421-b201-112d0271f4d2" testId="083f4d8e-2f5c-e2c0-a4f0-af8040f22929" testName="IEvent_Implemented_Verified" computerName="ICSWS068" duration="00:00:00.0082801" startTime="2016-08-04T09:57:03.8399070+02:00" endTime="2016-08-04T09:57:03.8654259+02:00" testType="13cdc9d9-ddb5-4fa4-a97d-d965ccfc6d4b" outcome="Passed" testListId="8c84fa94-04c1-424b-9868-57a2d4851a1d" relativeResultsDirectory="3ef36bcd-9487-4421-b201-112d0271f4d2" />
    <UnitTestResult executionId="39217cf0-1145-4342-a6a3-7363d3adcb6d" testId="dc362c66-ef59-f86c-3f13-0d63a61dcd7e" testName="SourceType_ReturnsExpectedValue" computerName="ICSWS068" duration="00:00:00.0104988" startTime="2016-08-04T09:57:03.8684279+02:00" endTime="2016-08-04T09:57:03.8809362+02:00" testType="13cdc9d9-ddb5-4fa4-a97d-d965ccfc6d4b" outcome="Passed" testListId="8c84fa94-04c1-424b-9868-57a2d4851a1d" relativeResultsDirectory="39217cf0-1145-4342-a6a3-7363d3adcb6d" />
    <UnitTestResult executionId="7b3dbd9c-1357-4a4e-9dd1-1e2a1783abf9" testId="771686ab-7846-67cc-30a0-b0b4a2735081" testName="MatchStatus_ReturnsExpectedValue" computerName="ICSWS068" duration="00:00:00.0082863" startTime="2016-08-04T09:57:03.8844391+02:00" endTime="2016-08-04T09:57:03.8944459+02:00" testType="13cdc9d9-ddb5-4fa4-a97d-d965ccfc6d4b" outcome="Passed" testListId="8c84fa94-04c1-424b-9868-57a2d4851a1d" relativeResultsDirectory="7b3dbd9c-1357-4a4e-9dd1-1e2a1783abf9" />
    <UnitTestResult executionId="b8d7aa4d-2e7b-42dd-b2dd-c8098a235455" testId="d9082e6a-b1b7-9985-f3d6-728765fb7e62" testName="Priority_ReturnsExpectedValue" computerName="ICSWS068" duration="00:00:00.0080077" startTime="2016-08-04T09:57:03.8974485+02:00" endTime="2016-08-04T09:57:03.9064551+02:00" testType="13cdc9d9-ddb5-4fa4-a97d-d965ccfc6d4b" outcome="Passed" testListId="8c84fa94-04c1-424b-9868-57a2d4851a1d" relativeResultsDirectory="b8d7aa4d-2e7b-42dd-b2dd-c8098a235455" />
    <UnitTestResult executionId="0aa3e7d0-5b91-4864-af63-0faa250fe48b" testId="e687dd93-6346-c701-0d70-55b293a6182d" testName="State_ReturnsExpectedValue" computerName="ICSWS068" duration="00:00:00.0088475" startTime="2016-08-04T09:57:03.9094568+02:00" endTime="2016-08-04T09:57:03.9199645+02:00" testType="13cdc9d9-ddb5-4fa4-a97d-d965ccfc6d4b" outcome="Passed" testListId="8c84fa94-04c1-424b-9868-57a2d4851a1d" relativeResultsDirectory="0aa3e7d0-5b91-4864-af63-0faa250fe48b" />
    <UnitTestResult executionId="24c6d38d-734c-428a-8b2b-9e531e2ebf0d" testId="55654e7d-f347-cf2c-1e38-c3945cc4ef68" testName="Reason_ReturnsExpectedValue" computerName="ICSWS068" duration="00:00:00.0094877" startTime="2016-08-04T09:57:03.9224663+02:00" endTime="2016-08-04T09:57:03.9339743+02:00" testType="13cdc9d9-ddb5-4fa4-a97d-d965ccfc6d4b" outcome="Passed" testListId="8c84fa94-04c1-424b-9868-57a2d4851a1d" relativeResultsDirectory="24c6d38d-734c-428a-8b2b-9e531e2ebf0d" />
    <UnitTestResult executionId="1792d2a8-086c-4328-b9c9-50da371c1cb4" testId="d02232ac-22bd-ec73-0ac9-2258603fde84" testName="Completed_ReturnsExpectedValue" computerName="ICSWS068" duration="00:00:00.0075241" startTime="2016-08-04T09:57:03.9369766+02:00" endTime="2016-08-04T09:57:03.9459829+02:00" testType="13cdc9d9-ddb5-4fa4-a97d-d965ccfc6d4b" outcome="Passed" testListId="8c84fa94-04c1-424b-9868-57a2d4851a1d" relativeResultsDirectory="1792d2a8-086c-4328-b9c9-50da371c1cb4" />
    <UnitTestResult executionId="74be3ebe-f70c-4dc8-ba04-855ed3371e1b" testId="6d49fe98-bb27-ebd0-423b-38bdfdcfc40b" testName="DelayUntil_ReturnsExpectedValue" computerName="ICSWS068" duration="00:00:00.0095141" startTime="2016-08-04T09:57:03.9499857+02:00" endTime="2016-08-04T09:57:03.9609938+02:00" testType="13cdc9d9-ddb5-4fa4-a97d-d965ccfc6d4b" outcome="Passed" testListId="8c84fa94-04c1-424b-9868-57a2d4851a1d" relativeResultsDirectory="74be3ebe-f70c-4dc8-ba04-855ed3371e1b" />
    <UnitTestResult executionId="2ce32994-5d0f-4048-9b62-3b5565117b6a" testId="ca909f39-ae8a-a014-ea55-62b3d3ed959b" testName="Bookmark_ReturnsExpectedValue" computerName="ICSWS068" duration="00:00:00.0079097" startTime="2016-08-04T09:57:03.9659975+02:00" endTime="2016-08-04T09:57:03.9755041+02:00" testType="13cdc9d9-ddb5-4fa4-a97d-d965ccfc6d4b" outcome="Passed" testListId="8c84fa94-04c1-424b-9868-57a2d4851a1d" relativeResultsDirectory="2ce32994-5d0f-4048-9b62-3b5565117b6a" />
    <UnitTestResult executionId="6b32b02a-3e7f-4222-915f-8f20e614aba7" testId="fad9b57f-325b-863c-caf7-d134812bf2c6" testName="EventType_ReturnsExpectedValue" computerName="ICSWS068" duration="00:00:00.0071467" startTime="2016-08-04T09:57:03.9790064+02:00" endTime="2016-08-04T09:57:03.9875133+02:00" testType="13cdc9d9-ddb5-4fa4-a97d-d965ccfc6d4b" outcome="Passed" testListId="8c84fa94-04c1-424b-9868-57a2d4851a1d" relativeResultsDirectory="6b32b02a-3e7f-4222-915f-8f20e614aba7" />
    <UnitTestResult executionId="622add6f-b018-4898-8854-01bc42bd75e3" testId="fc3a9aa6-dd9f-0c0d-8824-a6a95a5f06a5" testName="Job_NonNull_ReturnsExpectedValue" computerName="ICSWS068" duration="00:00:00.0073910" startTime="2016-08-04T09:57:03.9905150+02:00" endTime="2016-08-04T09:57:03.9990210+02:00" testType="13cdc9d9-ddb5-4fa4-a97d-d965ccfc6d4b" outcome="Passed" testListId="8c84fa94-04c1-424b-9868-57a2d4851a1d" relativeResultsDirectory="622add6f-b018-4898-8854-01bc42bd75e3" />
    <UnitTestResult executionId="103d2946-edd8-4493-a1ac-32ab4aec1625" testId="29f6e6bc-b7b5-24cf-dc91-ae7b71c0f16c" testName="Job_IsNull_ReturnsExpectedValue" computerName="ICSWS068" duration="00:00:00.0071772" startTime="2016-08-04T09:57:04.0020233+02:00" endTime="2016-08-04T09:57:04.0110293+02:00" testType="13cdc9d9-ddb5-4fa4-a97d-d965ccfc6d4b" outcome="Passed" testListId="8c84fa94-04c1-424b-9868-57a2d4851a1d" relativeResultsDirectory="103d2946-edd8-4493-a1ac-32ab4aec1625" />
    <UnitTestResult executionId="902a89c3-c6a0-4f9a-b3b2-1ad5b3472321" testId="a362bc0b-a2ed-2f09-4edf-1b0a98c53d02" testName="User_NonNull_ReturnsExpectedValue" computerName="ICSWS068" duration="00:00:00.0076602" startTime="2016-08-04T09:57:04.0140316+02:00" endTime="2016-08-04T09:57:04.0230379+02:00" testType="13cdc9d9-ddb5-4fa4-a97d-d965ccfc6d4b" outcome="Passed" testListId="8c84fa94-04c1-424b-9868-57a2d4851a1d" relativeResultsDirectory="902a89c3-c6a0-4f9a-b3b2-1ad5b3472321" />
    <UnitTestResult executionId="099a924f-77e1-459c-9294-e46b54e19ba7" testId="7611807d-6a8c-39f7-fd6e-536b460fdb86" testName="User_IsNull_ReturnsExpectedValue" computerName="ICSWS068" duration="00:00:00.0068907" startTime="2016-08-04T09:57:04.0260402+02:00" endTime="2016-08-04T09:57:04.0350465+02:00" testType="13cdc9d9-ddb5-4fa4-a97d-d965ccfc6d4b" outcome="Passed" testListId="8c84fa94-04c1-424b-9868-57a2d4851a1d" relativeResultsDirectory="099a924f-77e1-459c-9294-e46b54e19ba7" />
    <UnitTestResult executionId="4ff1124e-fc92-46bc-b868-a8d28671e28a" testId="11f4543b-3a2c-ab9e-259a-10e2895f2398" testName="Arguments_ReturnsExpectedValue" computerName="ICSWS068" duration="00:00:00.0188590" startTime="2016-08-04T09:57:04.0380488+02:00" endTime="2016-08-04T09:57:04.0580634+02:00" testType="13cdc9d9-ddb5-4fa4-a97d-d965ccfc6d4b" outcome="Passed" testListId="8c84fa94-04c1-424b-9868-57a2d4851a1d" relativeResultsDirectory="4ff1124e-fc92-46bc-b868-a8d28671e28a" />
    <UnitTestResult executionId="0fe74e46-ad40-4d32-a24a-b29fb1bcc000" testId="db723d9b-5983-25f0-7e49-b842ab2fd087" testName="Test_BinarySerialization" computerName="ICSWS068" duration="00:00:00.0125703" startTime="2016-08-04T09:57:04.0610654+02:00" endTime="2016-08-04T09:57:04.0745754+02:00" testType="13cdc9d9-ddb5-4fa4-a97d-d965ccfc6d4b" outcome="Passed" testListId="8c84fa94-04c1-424b-9868-57a2d4851a1d" relativeResultsDirectory="0fe74e46-ad40-4d32-a24a-b29fb1bcc000" />
    <UnitTestResult executionId="6cffcb1b-ac29-4a3a-9b10-f186c3c2b7ab" testId="e771c4c6-810c-a8cb-1579-c13cb41c4779" testName="Test_PublicSystemContext_GetInstanceOfEntity" computerName="ICSWS068" duration="00:00:00.0085135" startTime="2016-08-04T09:57:04.0785780+02:00" endTime="2016-08-04T09:57:04.0880849+02:00" testType="13cdc9d9-ddb5-4fa4-a97d-d965ccfc6d4b" outcome="Passed" testListId="8c84fa94-04c1-424b-9868-57a2d4851a1d" relativeResultsDirectory="6cffcb1b-ac29-4a3a-9b10-f186c3c2b7ab" />
    <UnitTestResult executionId="d8aea2ce-b1dd-4556-bdcf-93e6c2c7057a" testId="b679ed6a-a73b-2d61-ca45-e78d3f568555" testName="Test_PublicSystemContext_CreateInstance_ThrowsActivationException" computerName="ICSWS068" duration="00:00:00.0098915" startTime="2016-08-04T09:57:04.0910871+02:00" endTime="2016-08-04T09:57:04.1021054+02:00" testType="13cdc9d9-ddb5-4fa4-a97d-d965ccfc6d4b" outcome="Passed" testListId="8c84fa94-04c1-424b-9868-57a2d4851a1d" relativeResultsDirectory="d8aea2ce-b1dd-4556-bdcf-93e6c2c7057a" />
    <UnitTestResult executionId="fd3b8036-0e15-4eb2-a3ce-87561bbc9e9f" testId="cc5cf1e5-0b22-5c17-8957-42a25e921e29" testName="IJob_HasCorrectNumberOfMembers" computerName="ICSWS068" duration="00:00:00.1484226" startTime="2016-08-04T09:57:04.1055975+02:00" endTime="2016-08-04T09:57:04.2557055+02:00" testType="13cdc9d9-ddb5-4fa4-a97d-d965ccfc6d4b" outcome="Passed" testListId="8c84fa94-04c1-424b-9868-57a2d4851a1d" relativeResultsDirectory="fd3b8036-0e15-4eb2-a3ce-87561bbc9e9f" />
    <UnitTestResult executionId="809e0dfa-5bab-4f80-805a-c45169040339" testId="1f6666a9-6174-e82f-d23b-0fe6ba20f96d" testName="IEntity_Implemented_Verified" computerName="ICSWS068" duration="00:00:00.0112856" startTime="2016-08-04T09:57:04.2587078+02:00" endTime="2016-08-04T09:57:04.2717163+02:00" testType="13cdc9d9-ddb5-4fa4-a97d-d965ccfc6d4b" outcome="Passed" testListId="8c84fa94-04c1-424b-9868-57a2d4851a1d" relativeResultsDirectory="809e0dfa-5bab-4f80-805a-c45169040339" />
    <UnitTestResult executionId="29c7c308-4935-498a-a89f-44b7dfa7d826" testId="e9d4cddd-512b-b6f5-5376-c6295fc197a8" testName="IIntKeyEntity_Implemented_Verified" computerName="ICSWS068" duration="00:00:00.0111058" startTime="2016-08-04T09:57:04.2747186+02:00" endTime="2016-08-04T09:57:04.2872272+02:00" testType="13cdc9d9-ddb5-4fa4-a97d-d965ccfc6d4b" outcome="Passed" testListId="8c84fa94-04c1-424b-9868-57a2d4851a1d" relativeResultsDirectory="29c7c308-4935-498a-a89f-44b7dfa7d826" />
    <UnitTestResult executionId="598d54ca-262b-451c-bdd7-0d7f3ecc0879" testId="d2d136e2-0b28-eb1d-4a04-176d9d4caa0c" testName="ITrackingEntity_Implemented_Verified" computerName="ICSWS068" duration="00:00:00.0116372" startTime="2016-08-04T09:57:04.2902292+02:00" endTime="2016-08-04T09:57:04.3037392+02:00" testType="13cdc9d9-ddb5-4fa4-a97d-d965ccfc6d4b" outcome="Passed" testListId="8c84fa94-04c1-424b-9868-57a2d4851a1d" relativeResultsDirectory="598d54ca-262b-451c-bdd7-0d7f3ecc0879" />
    <UnitTestResult executionId="ac7178ae-a338-4dc2-871f-28f5674becb0" testId="7f378ffe-3fd8-29a3-26c3-bf6520c066b0" testName="IJob_Implemented_Verified" computerName="ICSWS068" duration="00:00:00.0105273" startTime="2016-08-04T09:57:04.3067415+02:00" endTime="2016-08-04T09:57:04.3187498+02:00" testType="13cdc9d9-ddb5-4fa4-a97d-d965ccfc6d4b" outcome="Passed" testListId="8c84fa94-04c1-424b-9868-57a2d4851a1d" relativeResultsDirectory="ac7178ae-a338-4dc2-871f-28f5674becb0" />
    <UnitTestResult executionId="35ad2755-2ee6-4270-be90-d42783fced79" testId="d37693e9-23de-b40b-92c5-863b2ad92c68" testName="EventHandler_NotNull_RetursCorrectValue" computerName="ICSWS068" duration="00:00:00.0111240" startTime="2016-08-04T09:57:04.3217521+02:00" endTime="2016-08-04T09:57:04.3342607+02:00" testType="13cdc9d9-ddb5-4fa4-a97d-d965ccfc6d4b" outcome="Passed" testListId="8c84fa94-04c1-424b-9868-57a2d4851a1d" relativeResultsDirectory="35ad2755-2ee6-4270-be90-d42783fced79" />
    <UnitTestResult executionId="11bcf721-9a10-4872-ac74-2d8b998471e5" testId="05417fd0-6100-d266-3f79-bf7c331816da" testName="EventHandler_IsNull_RetursCorrectValue" computerName="ICSWS068" duration="00:00:00.0130175" startTime="2016-08-04T09:57:04.3377633+02:00" endTime="2016-08-04T09:57:04.3527742+02:00" testType="13cdc9d9-ddb5-4fa4-a97d-d965ccfc6d4b" outcome="Passed" testListId="8c84fa94-04c1-424b-9868-57a2d4851a1d" relativeResultsDirectory="11bcf721-9a10-4872-ac74-2d8b998471e5" />
    <UnitTestResult executionId="86c95458-8ef8-4166-9c50-adf573d60ad9" testId="133fca78-8d41-67cf-07dd-2eddd24e2a92" testName="Event_NotNull_RetursCorrectValue" computerName="ICSWS068" duration="00:00:00.0113481" startTime="2016-08-04T09:57:04.3562768+02:00" endTime="2016-08-04T09:57:04.3692859+02:00" testType="13cdc9d9-ddb5-4fa4-a97d-d965ccfc6d4b" outcome="Passed" testListId="8c84fa94-04c1-424b-9868-57a2d4851a1d" relativeResultsDirectory="86c95458-8ef8-4166-9c50-adf573d60ad9" />
    <UnitTestResult executionId="f3bbcb5f-7b2c-4c8c-be1f-4da88dd1003c" testId="5821628c-4b0f-9fea-afe7-524f5e8b3847" testName="Event_IsNull_RetursCorrectValue" computerName="ICSWS068" duration="00:00:00.0121733" startTime="2016-08-04T09:57:04.3737559+02:00" endTime="2016-08-04T09:57:04.3872484+02:00" testType="13cdc9d9-ddb5-4fa4-a97d-d965ccfc6d4b" outcome="Passed" testListId="8c84fa94-04c1-424b-9868-57a2d4851a1d" relativeResultsDirectory="f3bbcb5f-7b2c-4c8c-be1f-4da88dd1003c" />
    <UnitTestResult executionId="1c255961-e348-4aba-9163-73220827751e" testId="ae531e31-5824-750d-7aeb-9eca015cbef8" testName="ComponentConfiguration_NotNull_RetursCorrectValue" computerName="ICSWS068" duration="00:00:00.0121466" startTime="2016-08-04T09:57:04.3902504+02:00" endTime="2016-08-04T09:57:04.4037601+02:00" testType="13cdc9d9-ddb5-4fa4-a97d-d965ccfc6d4b" outcome="Passed" testListId="8c84fa94-04c1-424b-9868-57a2d4851a1d" relativeResultsDirectory="1c255961-e348-4aba-9163-73220827751e" />
    <UnitTestResult executionId="48130352-9e01-4802-b6e3-6df2c12a7d9e" testId="14279cb0-c331-9acd-2230-d83f82e9f647" testName="ComponentConfiguration_IsNull_RetursCorrectValue" computerName="ICSWS068" duration="00:00:00.0114607" startTime="2016-08-04T09:57:04.4067624+02:00" endTime="2016-08-04T09:57:04.4197716+02:00" testType="13cdc9d9-ddb5-4fa4-a97d-d965ccfc6d4b" outcome="Passed" testListId="8c84fa94-04c1-424b-9868-57a2d4851a1d" relativeResultsDirectory="48130352-9e01-4802-b6e3-6df2c12a7d9e" />
    <UnitTestResult executionId="46d1bc91-c123-4ff7-a02f-1d1b923e2005" testId="5591e1a3-95fb-d016-aa8b-8b45048b69f2" testName="ApplicationPool_NotNull_RetursCorrectValue" computerName="ICSWS068" duration="00:00:00.0111176" startTime="2016-08-04T09:57:04.4232742+02:00" endTime="2016-08-04T09:57:04.4362833+02:00" testType="13cdc9d9-ddb5-4fa4-a97d-d965ccfc6d4b" outcome="Passed" testListId="8c84fa94-04c1-424b-9868-57a2d4851a1d" relativeResultsDirectory="46d1bc91-c123-4ff7-a02f-1d1b923e2005" />
    <UnitTestResult executionId="61b68401-0f53-42ec-9eda-5799a6b86f39" testId="ab83e7c5-7c52-c8f0-4543-71512a0e6378" testName="ApplicationPool_IsNull_RetursCorrectValue" computerName="ICSWS068" duration="00:00:00.0122164" startTime="2016-08-04T09:57:04.4402862+02:00" endTime="2016-08-04T09:57:04.4537962+02:00" testType="13cdc9d9-ddb5-4fa4-a97d-d965ccfc6d4b" outcome="Passed" testListId="8c84fa94-04c1-424b-9868-57a2d4851a1d" relativeResultsDirectory="61b68401-0f53-42ec-9eda-5799a6b86f39" />
    <UnitTestResult executionId="85c38ced-0f21-47e0-a6be-878fc0157fed" testId="87ba9547-a02c-b9bf-16fd-6fe035d3e0fe" testName="Server_NotNull_RetursCorrectValue" computerName="ICSWS068" duration="00:00:00.0153838" startTime="2016-08-04T09:57:04.4572985+02:00" endTime="2016-08-04T09:57:04.4743105+02:00" testType="13cdc9d9-ddb5-4fa4-a97d-d965ccfc6d4b" outcome="Passed" testListId="8c84fa94-04c1-424b-9868-57a2d4851a1d" relativeResultsDirectory="85c38ced-0f21-47e0-a6be-878fc0157fed" />
    <UnitTestResult executionId="7d449ce2-918f-47d1-8fc7-556a94c1260b" testId="ae62ff5b-867f-cf62-1132-4af290af01cc" testName="Server_IsNull_RetursCorrectValue" computerName="ICSWS068" duration="00:00:00.0119466" startTime="2016-08-04T09:57:04.4773128+02:00" endTime="2016-08-04T09:57:04.4908223+02:00" testType="13cdc9d9-ddb5-4fa4-a97d-d965ccfc6d4b" outcome="Passed" testListId="8c84fa94-04c1-424b-9868-57a2d4851a1d" relativeResultsDirectory="7d449ce2-918f-47d1-8fc7-556a94c1260b" />
    <UnitTestResult executionId="0bdd1d8c-771e-4d01-9bf2-487f48b8cb68" testId="279b93e3-49d9-4376-9553-d2e4259ccda7" testName="ComponentDefinition_NotNull_RetursCorrectValue" computerName="ICSWS068" duration="00:00:00.0121785" startTime="2016-08-04T09:57:04.4938246+02:00" endTime="2016-08-04T09:57:04.5073340+02:00" testType="13cdc9d9-ddb5-4fa4-a97d-d965ccfc6d4b" outcome="Passed" testListId="8c84fa94-04c1-424b-9868-57a2d4851a1d" relativeResultsDirectory="0bdd1d8c-771e-4d01-9bf2-487f48b8cb68" />
    <UnitTestResult executionId="67d5f934-057d-4104-929d-8e9f7a295abb" testId="a98b362c-9793-65a3-0b5b-98ae04189938" testName="ComponentDefinition_IsNull_RetursCorrectValue" computerName="ICSWS068" duration="00:00:00.0121202" startTime="2016-08-04T09:57:04.5103366+02:00" endTime="2016-08-04T09:57:04.5238464+02:00" testType="13cdc9d9-ddb5-4fa4-a97d-d965ccfc6d4b" outcome="Passed" testListId="8c84fa94-04c1-424b-9868-57a2d4851a1d" relativeResultsDirectory="67d5f934-057d-4104-929d-8e9f7a295abb" />
    <UnitTestResult executionId="9b0119de-2933-423d-849d-55e7374915fb" testId="09af05a0-cb46-8ef1-b637-c726aa26f572" testName="StartedDate_RetursCorrectValue" computerName="ICSWS068" duration="00:00:00.0122129" startTime="2016-08-04T09:57:04.5278486+02:00" endTime="2016-08-04T09:57:04.5413587+02:00" testType="13cdc9d9-ddb5-4fa4-a97d-d965ccfc6d4b" outcome="Passed" testListId="8c84fa94-04c1-424b-9868-57a2d4851a1d" relativeResultsDirectory="9b0119de-2933-423d-849d-55e7374915fb" />
    <UnitTestResult executionId="c4f1669e-effd-455f-86f1-ac4163f06cfe" testId="42dd1c67-db1b-0719-4d73-5553814d80e8" testName="FinishedDate_RetursCorrectValue" computerName="ICSWS068" duration="00:00:00.0111583" startTime="2016-08-04T09:57:04.5448612+02:00" endTime="2016-08-04T09:57:04.5573698+02:00" testType="13cdc9d9-ddb5-4fa4-a97d-d965ccfc6d4b" outcome="Passed" testListId="8c84fa94-04c1-424b-9868-57a2d4851a1d" relativeResultsDirectory="c4f1669e-effd-455f-86f1-ac4163f06cfe" />
    <UnitTestResult executionId="2f047a19-4cfa-46d2-ac07-3764c1ea57f6" testId="2498bea2-b64d-1bf4-5b41-c8747b964247" testName="State_RetursCorrectValue" computerName="ICSWS068" duration="00:00:00.0124733" startTime="2016-08-04T09:57:04.5603724+02:00" endTime="2016-08-04T09:57:04.5738819+02:00" testType="13cdc9d9-ddb5-4fa4-a97d-d965ccfc6d4b" outcome="Passed" testListId="8c84fa94-04c1-424b-9868-57a2d4851a1d" relativeResultsDirectory="2f047a19-4cfa-46d2-ac07-3764c1ea57f6" />
    <UnitTestResult executionId="bd6bfcc2-817a-4e91-ac09-8ded9a2bcbb1" testId="10bebee1-2658-de2e-ba1a-3ca73b5e6abd" testName="Priority_RetursCorrectValue" computerName="ICSWS068" duration="00:00:00.0113284" startTime="2016-08-04T09:57:04.5768850+02:00" endTime="2016-08-04T09:57:04.5892203+02:00" testType="13cdc9d9-ddb5-4fa4-a97d-d965ccfc6d4b" outcome="Passed" testListId="8c84fa94-04c1-424b-9868-57a2d4851a1d" relativeResultsDirectory="bd6bfcc2-817a-4e91-ac09-8ded9a2bcbb1" />
    <UnitTestResult executionId="28f48b7a-cc01-4ffd-a17e-02b2f350d760" testId="2498b6ed-a6f2-33cd-530a-90d3cba3ada9" testName="JobType_RetursCorrectValue" computerName="ICSWS068" duration="00:00:00.0119064" startTime="2016-08-04T09:57:04.5922220+02:00" endTime="2016-08-04T09:57:04.6052324+02:00" testType="13cdc9d9-ddb5-4fa4-a97d-d965ccfc6d4b" outcome="Passed" testListId="8c84fa94-04c1-424b-9868-57a2d4851a1d" relativeResultsDirectory="28f48b7a-cc01-4ffd-a17e-02b2f350d760" />
    <UnitTestResult executionId="bcdeb861-6bc9-453d-ba47-b0e4b5f0500d" testId="246d09ac-bff0-4779-ca62-f45abd52f682" testName="StartCount_RetursCorrectValue" computerName="ICSWS068" duration="00:00:00.0109542" startTime="2016-08-04T09:57:04.6082338+02:00" endTime="2016-08-04T09:57:04.6203016+02:00" testType="13cdc9d9-ddb5-4fa4-a97d-d965ccfc6d4b" outcome="Passed" testListId="8c84fa94-04c1-424b-9868-57a2d4851a1d" relativeResultsDirectory="bcdeb861-6bc9-453d-ba47-b0e4b5f0500d" />
    <UnitTestResult executionId="93679a22-e67f-46c5-b41f-8e4f0df878f6" testId="88bf2f42-3b63-4c98-50b3-ed75ccf0ad6b" testName="IsRestartDisabled_RetursCorrectValue" computerName="ICSWS068" duration="00:00:00.0145597" startTime="2016-08-04T09:57:04.6238054+02:00" endTime="2016-08-04T09:57:04.6403359+02:00" testType="13cdc9d9-ddb5-4fa4-a97d-d965ccfc6d4b" outcome="Passed" testListId="8c84fa94-04c1-424b-9868-57a2d4851a1d" relativeResultsDirectory="93679a22-e67f-46c5-b41f-8e4f0df878f6" />
    <UnitTestResult executionId="e51a4eb9-837c-42ba-aced-d39a35d36785" testId="a209e32d-1e1f-5db0-34fe-79a8f1f6f307" testName="IsSynchronous_RetursCorrectValue" computerName="ICSWS068" duration="00:00:00.0113290" startTime="2016-08-04T09:57:04.6433429+02:00" endTime="2016-08-04T09:57:04.6558743+02:00" testType="13cdc9d9-ddb5-4fa4-a97d-d965ccfc6d4b" outcome="Passed" testListId="8c84fa94-04c1-424b-9868-57a2d4851a1d" relativeResultsDirectory="e51a4eb9-837c-42ba-aced-d39a35d36785" />
    <UnitTestResult executionId="5706b4ef-ee4f-4222-b34f-14dbffe0920f" testId="98023585-2429-84ed-4f52-cc842a684db8" testName="InArguments_RetursCorrectValue" computerName="ICSWS068" duration="00:00:00.0120055" startTime="2016-08-04T09:57:04.6583757+02:00" endTime="2016-08-04T09:57:04.6713911+02:00" testType="13cdc9d9-ddb5-4fa4-a97d-d965ccfc6d4b" outcome="Passed" testListId="8c84fa94-04c1-424b-9868-57a2d4851a1d" relativeResultsDirectory="5706b4ef-ee4f-4222-b34f-14dbffe0920f" />
    <UnitTestResult executionId="9f4c99ee-f0f1-41e9-a59f-cd66f107fb1e" testId="1d2a5b12-bbf0-3c16-34ef-f084ee028b7a" testName="OutArguments_RetursCorrectValue" computerName="ICSWS068" duration="00:00:00.0111941" startTime="2016-08-04T09:57:04.6743869+02:00" endTime="2016-08-04T09:57:04.6870609+02:00" testType="13cdc9d9-ddb5-4fa4-a97d-d965ccfc6d4b" outcome="Passed" testListId="8c84fa94-04c1-424b-9868-57a2d4851a1d" relativeResultsDirectory="9f4c99ee-f0f1-41e9-a59f-cd66f107fb1e" />
    <UnitTestResult executionId="7519eab9-3384-4003-b2f1-9766d08b9ab8" testId="9f50457a-bd58-7c3f-964a-d456ed83ccfd" testName="Test_BinarySerialization" computerName="ICSWS068" duration="00:00:00.0173330" startTime="2016-08-04T09:57:04.6900632+02:00" endTime="2016-08-04T09:57:04.7090769+02:00" testType="13cdc9d9-ddb5-4fa4-a97d-d965ccfc6d4b" outcome="Passed" testListId="8c84fa94-04c1-424b-9868-57a2d4851a1d" relativeResultsDirectory="7519eab9-3384-4003-b2f1-9766d08b9ab8" />
    <UnitTestResult executionId="1d023b4d-bc0e-4934-9caf-bacc1825bece" testId="b5899086-be4a-df7c-42e3-4eb67777792f" testName="Test_PublicSystemContext_GetInstanceOfEntity" computerName="ICSWS068" duration="00:00:00.0122665" startTime="2016-08-04T09:57:04.7115786+02:00" endTime="2016-08-04T09:57:04.7252529+02:00" testType="13cdc9d9-ddb5-4fa4-a97d-d965ccfc6d4b" outcome="Passed" testListId="8c84fa94-04c1-424b-9868-57a2d4851a1d" relativeResultsDirectory="1d023b4d-bc0e-4934-9caf-bacc1825bece" />
    <UnitTestResult executionId="30550542-3ac1-4810-bc72-0ee5934e07ec" testId="49c3a87d-064d-0998-f1b2-c5bbb79323a0" testName="IJob_HasCorrectNumberOfMembers" computerName="ICSWS068" duration="00:00:00.1727938" startTime="2016-08-04T09:57:04.7282558+02:00" endTime="2016-08-04T09:57:04.9029648+02:00" testType="13cdc9d9-ddb5-4fa4-a97d-d965ccfc6d4b" outcome="Passed" testListId="8c84fa94-04c1-424b-9868-57a2d4851a1d" relativeResultsDirectory="30550542-3ac1-4810-bc72-0ee5934e07ec" />
    <UnitTestResult executionId="d17de16c-398e-408e-b386-9447873c04c2" testId="fc088cca-2d29-c967-42ec-5a8991a233a1" testName="IEntity_Implemented_Verified" computerName="ICSWS068" duration="00:00:00.0052077" startTime="2016-08-04T09:57:04.9064683+02:00" endTime="2016-08-04T09:57:04.9130066+02:00" testType="13cdc9d9-ddb5-4fa4-a97d-d965ccfc6d4b" outcome="Passed" testListId="8c84fa94-04c1-424b-9868-57a2d4851a1d" relativeResultsDirectory="d17de16c-398e-408e-b386-9447873c04c2" />
    <UnitTestResult executionId="9a638ba1-23dd-498e-957c-c41f9b39a349" testId="96221c6a-16f6-900b-aa3e-e81626e52061" testName="IIntKeyEntity_Implemented_Verified" computerName="ICSWS068" duration="00:00:00.0052620" startTime="2016-08-04T09:57:04.9164933+02:00" endTime="2016-08-04T09:57:04.9229991+02:00" testType="13cdc9d9-ddb5-4fa4-a97d-d965ccfc6d4b" outcome="Passed" testListId="8c84fa94-04c1-424b-9868-57a2d4851a1d" relativeResultsDirectory="9a638ba1-23dd-498e-957c-c41f9b39a349" />
    <UnitTestResult executionId="d0dbacc7-a54c-4f56-8950-bc3e98347d4e" testId="4c6d6597-bfab-658e-c5f1-7ad23a592e33" testName="ITrackingEntity_Implemented_Verified" computerName="ICSWS068" duration="00:00:00.0051089" startTime="2016-08-04T09:57:04.9260011+02:00" endTime="2016-08-04T09:57:04.9325048+02:00" testType="13cdc9d9-ddb5-4fa4-a97d-d965ccfc6d4b" outcome="Passed" testListId="8c84fa94-04c1-424b-9868-57a2d4851a1d" relativeResultsDirectory="d0dbacc7-a54c-4f56-8950-bc3e98347d4e" />
    <UnitTestResult executionId="956feb34-767f-46cc-bc58-c0743e08527c" testId="1bdb79a4-e0ee-82d0-e55c-ebb9cfe1dc0a" testName="ILogEntry_Implemented_Verified" computerName="ICSWS068" duration="00:00:00.0050623" startTime="2016-08-04T09:57:04.9355071+02:00" endTime="2016-08-04T09:57:04.9415281+02:00" testType="13cdc9d9-ddb5-4fa4-a97d-d965ccfc6d4b" outcome="Passed" testListId="8c84fa94-04c1-424b-9868-57a2d4851a1d" relativeResultsDirectory="956feb34-767f-46cc-bc58-c0743e08527c" />
    <UnitTestResult executionId="cbf7a02d-05c7-43c1-9556-5104c76f6875" testId="741b5c1b-44aa-5444-0be7-fd6f70674261" testName="User_NotNull_RetursCorrectValue" computerName="ICSWS068" duration="00:00:00.0053667" startTime="2016-08-04T09:57:04.9444940+02:00" endTime="2016-08-04T09:57:04.9514989+02:00" testType="13cdc9d9-ddb5-4fa4-a97d-d965ccfc6d4b" outcome="Passed" testListId="8c84fa94-04c1-424b-9868-57a2d4851a1d" relativeResultsDirectory="cbf7a02d-05c7-43c1-9556-5104c76f6875" />
    <UnitTestResult executionId="f421b916-5072-4599-91f2-c92d39cfe152" testId="b92df4d3-f9ed-613d-7f7b-e657f2fa851e" testName="User_IsNull_RetursCorrectValue" computerName="ICSWS068" duration="00:00:00.0054576" startTime="2016-08-04T09:57:04.9545071+02:00" endTime="2016-08-04T09:57:04.9610272+02:00" testType="13cdc9d9-ddb5-4fa4-a97d-d965ccfc6d4b" outcome="Passed" testListId="8c84fa94-04c1-424b-9868-57a2d4851a1d" relativeResultsDirectory="f421b916-5072-4599-91f2-c92d39cfe152" />
    <UnitTestResult executionId="c3515aab-b599-4d94-b3dd-83432acbf986" testId="459b60bd-f8dc-2750-9280-9b343b5416ff" testName="Node_NotNull_RetursCorrectValue" computerName="ICSWS068" duration="00:00:00.0055022" startTime="2016-08-04T09:57:04.9640113+02:00" endTime="2016-08-04T09:57:04.9710165+02:00" testType="13cdc9d9-ddb5-4fa4-a97d-d965ccfc6d4b" outcome="Passed" testListId="8c84fa94-04c1-424b-9868-57a2d4851a1d" relativeResultsDirectory="c3515aab-b599-4d94-b3dd-83432acbf986" />
    <UnitTestResult executionId="cdd9ef50-aa08-41e1-b7c7-f363fdfcdd37" testId="c79f399e-353e-0f4d-b72b-67a86759329d" testName="Node_IsNull_RetursCorrectValue" computerName="ICSWS068" duration="00:00:00.0051963" startTime="2016-08-04T09:57:04.9740185+02:00" endTime="2016-08-04T09:57:04.9805245+02:00" testType="13cdc9d9-ddb5-4fa4-a97d-d965ccfc6d4b" outcome="Passed" testListId="8c84fa94-04c1-424b-9868-57a2d4851a1d" relativeResultsDirectory="cdd9ef50-aa08-41e1-b7c7-f363fdfcdd37" />
    <UnitTestResult executionId="7e9f64d5-6dfd-4c2f-9065-4abd6f97772c" testId="d8592b28-6c7c-e8b1-a55f-d3bc1690906b" testName="Job_NotNull_RetursCorrectValue" computerName="ICSWS068" duration="00:00:00.0053057" startTime="2016-08-04T09:57:04.9832761+02:00" endTime="2016-08-04T09:57:04.9902830+02:00" testType="13cdc9d9-ddb5-4fa4-a97d-d965ccfc6d4b" outcome="Passed" testListId="8c84fa94-04c1-424b-9868-57a2d4851a1d" relativeResultsDirectory="7e9f64d5-6dfd-4c2f-9065-4abd6f97772c" />
    <UnitTestResult executionId="7a044959-2719-4b23-a987-1549decd53e2" testId="f40ea1e4-80d7-5612-db7e-fceac508cee0" testName="Job_IsNull_RetursCorrectValue" computerName="ICSWS068" duration="00:00:00.0051585" startTime="2016-08-04T09:57:04.9927897+02:00" endTime="2016-08-04T09:57:04.9992955+02:00" testType="13cdc9d9-ddb5-4fa4-a97d-d965ccfc6d4b" outcome="Passed" testListId="8c84fa94-04c1-424b-9868-57a2d4851a1d" relativeResultsDirectory="7a044959-2719-4b23-a987-1549decd53e2" />
    <UnitTestResult executionId="264b8248-b090-4e18-8d1e-9a5d6fbb0501" testId="e112d909-5ead-cd63-5a1e-8d3d45856135" testName="Level_GetProperty_ReturnsExpectedValue" computerName="ICSWS068" duration="00:00:00.0057174" startTime="2016-08-04T09:57:05.0022954+02:00" endTime="2016-08-04T09:57:05.0093164+02:00" testType="13cdc9d9-ddb5-4fa4-a97d-d965ccfc6d4b" outcome="Passed" testListId="8c84fa94-04c1-424b-9868-57a2d4851a1d" relativeResultsDirectory="264b8248-b090-4e18-8d1e-9a5d6fbb0501" />
    <UnitTestResult executionId="459c080a-a60b-4ff3-ae06-b2e044527705" testId="acf827a7-20ed-5716-38ff-797fb11fdb65" testName="Test_BinarySerialization" computerName="ICSWS068" duration="00:00:00.0090689" startTime="2016-08-04T09:57:05.0128078+02:00" endTime="2016-08-04T09:57:05.0236279+02:00" testType="13cdc9d9-ddb5-4fa4-a97d-d965ccfc6d4b" outcome="Passed" testListId="8c84fa94-04c1-424b-9868-57a2d4851a1d" relativeResultsDirectory="459c080a-a60b-4ff3-ae06-b2e044527705" />
    <UnitTestResult executionId="50a57b8a-218a-4733-a0cb-5cb98ea321d0" testId="954d453a-217a-f638-79de-d537988e7607" testName="Test_PublicSystemContext_GetInstanceOfEntity" computerName="ICSWS068" duration="00:00:00.0091959" startTime="2016-08-04T09:57:05.0266299+02:00" endTime="2016-08-04T09:57:05.0376558+02:00" testType="13cdc9d9-ddb5-4fa4-a97d-d965ccfc6d4b" outcome="Passed" testListId="8c84fa94-04c1-424b-9868-57a2d4851a1d" relativeResultsDirectory="50a57b8a-218a-4733-a0cb-5cb98ea321d0" />
    <UnitTestResult executionId="fddfd381-a227-42a9-a098-58cc064e0d67" testId="57db0381-24d0-d5c3-62c3-3da7b054d68e" testName="IEntity_Implemented_Verified" computerName="ICSWS068" duration="00:00:00.1839862" startTime="2016-08-04T09:57:05.0416587+02:00" endTime="2016-08-04T09:57:05.2274356+02:00" testType="13cdc9d9-ddb5-4fa4-a97d-d965ccfc6d4b" outcome="Passed" testListId="8c84fa94-04c1-424b-9868-57a2d4851a1d" relativeResultsDirectory="fddfd381-a227-42a9-a098-58cc064e0d67" />
    <UnitTestResult executionId="251c7ae3-a55a-40a8-945d-0885dba92841" testId="bbdcb26d-ef16-60c2-4190-a5e8ee54237d" testName="AttributeType_ReturnsExpectedValue" computerName="ICSWS068" duration="00:00:00.0044529" startTime="2016-08-04T09:57:05.2304382+02:00" endTime="2016-08-04T09:57:05.2369624+02:00" testType="13cdc9d9-ddb5-4fa4-a97d-d965ccfc6d4b" outcome="Passed" testListId="8c84fa94-04c1-424b-9868-57a2d4851a1d" relativeResultsDirectory="251c7ae3-a55a-40a8-945d-0885dba92841" />
    <UnitTestResult executionId="e855621b-b4dd-4969-baf2-2b42e52482c0" testId="e4ce4d09-d932-7439-a2d0-a50f7f8ca420" testName="Value_ReturnsExpectedValue" computerName="ICSWS068" duration="00:00:00.0060095" startTime="2016-08-04T09:57:05.2409661+02:00" endTime="2016-08-04T09:57:05.2484704+02:00" testType="13cdc9d9-ddb5-4fa4-a97d-d965ccfc6d4b" outcome="Passed" testListId="8c84fa94-04c1-424b-9868-57a2d4851a1d" relativeResultsDirectory="e855621b-b4dd-4969-baf2-2b42e52482c0" />
    <UnitTestResult executionId="c3a6babe-503c-4b73-8da0-3a6146868e7d" testId="4e56bc2c-f93e-8ea3-950e-eb16cdb4057a" testName="INamedEntity_Implemented_Verified" computerName="ICSWS068" duration="00:00:00.0043764" startTime="2016-08-04T09:57:05.2514724+02:00" endTime="2016-08-04T09:57:05.2571327+02:00" testType="13cdc9d9-ddb5-4fa4-a97d-d965ccfc6d4b" outcome="Passed" testListId="8c84fa94-04c1-424b-9868-57a2d4851a1d" relativeResultsDirectory="c3a6babe-503c-4b73-8da0-3a6146868e7d" />
    <UnitTestResult executionId="64c93221-4b3d-4294-a5c0-11546f46c30b" testId="e3e050d9-95ac-cdd9-92e1-5882b83ceaa5" testName="INodeAttributeValue_Implemented_Verified" computerName="ICSWS068" duration="00:00:00.0038345" startTime="2016-08-04T09:57:05.2601350+02:00" endTime="2016-08-04T09:57:05.2651434+02:00" testType="13cdc9d9-ddb5-4fa4-a97d-d965ccfc6d4b" outcome="Passed" testListId="8c84fa94-04c1-424b-9868-57a2d4851a1d" relativeResultsDirectory="64c93221-4b3d-4294-a5c0-11546f46c30b" />
    <UnitTestResult executionId="e409d235-1908-47f0-9e83-0a62b85d9275" testId="392f2b17-cf6f-c2a7-3752-a97715ecd8a0" testName="INodeAttributeType_HasCorrectNumberOfMembers" computerName="ICSWS068" duration="00:00:00.0051072" startTime="2016-08-04T09:57:05.2681460+02:00" endTime="2016-08-04T09:57:05.2744635+02:00" testType="13cdc9d9-ddb5-4fa4-a97d-d965ccfc6d4b" outcome="Passed" testListId="8c84fa94-04c1-424b-9868-57a2d4851a1d" relativeResultsDirectory="e409d235-1908-47f0-9e83-0a62b85d9275" />
    <UnitTestResult executionId="df584a93-8919-4746-a638-3a84149ee1cf" testId="f077af5e-2f5c-7564-8241-4ffe122f77f9" testName="Test_BinarySerialization" computerName="ICSWS068" duration="00:00:00.0090531" startTime="2016-08-04T09:57:05.2779491+02:00" endTime="2016-08-04T09:57:05.2884565+02:00" testType="13cdc9d9-ddb5-4fa4-a97d-d965ccfc6d4b" outcome="Passed" testListId="8c84fa94-04c1-424b-9868-57a2d4851a1d" relativeResultsDirectory="df584a93-8919-4746-a638-3a84149ee1cf" />
    <UnitTestResult executionId="1824497e-e554-4f69-9a70-eb3dc48db82c" testId="75a56f6e-0fe3-ffa6-a88e-e00255a0100e" testName="IEntity_Implemented_Verified" computerName="ICSWS068" duration="00:00:00.0433928" startTime="2016-08-04T09:57:05.2914585+02:00" endTime="2016-08-04T09:57:05.3365774+02:00" testType="13cdc9d9-ddb5-4fa4-a97d-d965ccfc6d4b" outcome="Passed" testListId="8c84fa94-04c1-424b-9868-57a2d4851a1d" relativeResultsDirectory="1824497e-e554-4f69-9a70-eb3dc48db82c" />
    <UnitTestResult executionId="f0a884a2-f5fc-43cb-9cc9-3261c65b5560" testId="325a2495-7bc2-2c67-fa37-ff9faf8cb000" testName="IGuidKeyEntity_Implemented_Verified" computerName="ICSWS068" duration="00:00:00.0074150" startTime="2016-08-04T09:57:05.3400814+02:00" endTime="2016-08-04T09:57:05.3496259+02:00" testType="13cdc9d9-ddb5-4fa4-a97d-d965ccfc6d4b" outcome="Passed" testListId="8c84fa94-04c1-424b-9868-57a2d4851a1d" relativeResultsDirectory="f0a884a2-f5fc-43cb-9cc9-3261c65b5560" />
    <UnitTestResult executionId="aea50beb-5c38-4384-a23e-9bb856ba9971" testId="76fb0d20-9f97-4725-b881-c77742db5803" testName="INamedEntity_Implemented_Verified" computerName="ICSWS068" duration="00:00:00.0077795" startTime="2016-08-04T09:57:05.3521097+02:00" endTime="2016-08-04T09:57:05.3616174+02:00" testType="13cdc9d9-ddb5-4fa4-a97d-d965ccfc6d4b" outcome="Passed" testListId="8c84fa94-04c1-424b-9868-57a2d4851a1d" relativeResultsDirectory="aea50beb-5c38-4384-a23e-9bb856ba9971" />
    <UnitTestResult executionId="2a1b111e-190b-4b29-8c58-1517691b1386" testId="f11ee384-6037-735e-2cf3-397803a455cd" testName="IDescriptiveEntity_Implemented_Verified" computerName="ICSWS068" duration="00:00:00.0069901" startTime="2016-08-04T09:57:05.3644215+02:00" endTime="2016-08-04T09:57:05.3729266+02:00" testType="13cdc9d9-ddb5-4fa4-a97d-d965ccfc6d4b" outcome="Passed" testListId="8c84fa94-04c1-424b-9868-57a2d4851a1d" relativeResultsDirectory="2a1b111e-190b-4b29-8c58-1517691b1386" />
    <UnitTestResult executionId="734284ec-4940-4853-9d02-17a4e641213c" testId="6e4e5f99-75bd-2c67-b9b1-4bab9ee95581" testName="INodeAttributeType_Implemented_Verified" computerName="ICSWS068" duration="00:00:00.0046183" startTime="2016-08-04T09:57:05.3764295+02:00" endTime="2016-08-04T09:57:05.3824335+02:00" testType="13cdc9d9-ddb5-4fa4-a97d-d965ccfc6d4b" outcome="Passed" testListId="8c84fa94-04c1-424b-9868-57a2d4851a1d" relativeResultsDirectory="734284ec-4940-4853-9d02-17a4e641213c" />
    <UnitTestResult executionId="8d6d93af-05bc-4eaa-9089-ec16765a6196" testId="8a0cadb7-bf7f-176b-a07c-942d6030410b" testName="INodeAttributeType_TypeConversionToNodeAttributeTypeIDValue_Verified" computerName="ICSWS068" duration="00:00:00.0062986" startTime="2016-08-04T09:57:05.3854364+02:00" endTime="2016-08-04T09:57:05.3929445+02:00" testType="13cdc9d9-ddb5-4fa4-a97d-d965ccfc6d4b" outcome="Passed" testListId="8c84fa94-04c1-424b-9868-57a2d4851a1d" relativeResultsDirectory="8d6d93af-05bc-4eaa-9089-ec16765a6196" />
    <UnitTestResult executionId="ca69cea4-84e3-4664-b599-8521835a2db3" testId="38a01324-8bbd-487c-5251-cd2a659ffb3d" testName="INodeAttributeType_TypeConversionToUnsupportedType_Verified" computerName="ICSWS068" duration="00:00:00.0060717" startTime="2016-08-04T09:57:05.3959465+02:00" endTime="2016-08-04T09:57:05.4039522+02:00" testType="13cdc9d9-ddb5-4fa4-a97d-d965ccfc6d4b" outcome="Passed" testListId="8c84fa94-04c1-424b-9868-57a2d4851a1d" relativeResultsDirectory="ca69cea4-84e3-4664-b599-8521835a2db3" />
    <UnitTestResult executionId="62693502-042d-4db8-b48a-b95d0c1a961a" testId="36cffa0e-3e10-7ba1-314e-050acac48ff9" testName="ICategorizableEntity_Implemented_Verified" computerName="ICSWS068" duration="00:00:00.0076748" startTime="2016-08-04T09:57:05.4074560+02:00" endTime="2016-08-04T09:57:05.4169617+02:00" testType="13cdc9d9-ddb5-4fa4-a97d-d965ccfc6d4b" outcome="Passed" testListId="8c84fa94-04c1-424b-9868-57a2d4851a1d" relativeResultsDirectory="62693502-042d-4db8-b48a-b95d0c1a961a" />
    <UnitTestResult executionId="a0f055b2-9e69-4482-868b-10fcc2abe38d" testId="878abd71-f937-3207-1998-3949beeef334" testName="INodeAttributeType_HasCorrectNumberOfMembers" computerName="ICSWS068" duration="00:00:00.0069429" startTime="2016-08-04T09:57:05.4224654+02:00" endTime="2016-08-04T09:57:05.4314726+02:00" testType="13cdc9d9-ddb5-4fa4-a97d-d965ccfc6d4b" outcome="Passed" testListId="8c84fa94-04c1-424b-9868-57a2d4851a1d" relativeResultsDirectory="a0f055b2-9e69-4482-868b-10fcc2abe38d" />
    <UnitTestResult executionId="455cc10b-14d4-4f68-ad0d-4e17277828a6" testId="db570ee5-b278-a06c-62c2-f8bae0f7aac0" testName="VarType_ReturnsExpectedValue" computerName="ICSWS068" duration="00:00:00.0071508" startTime="2016-08-04T09:57:05.4354745+02:00" endTime="2016-08-04T09:57:05.4445935+02:00" testType="13cdc9d9-ddb5-4fa4-a97d-d965ccfc6d4b" outcome="Passed" testListId="8c84fa94-04c1-424b-9868-57a2d4851a1d" relativeResultsDirectory="455cc10b-14d4-4f68-ad0d-4e17277828a6" />
    <UnitTestResult executionId="a2b719ec-68ad-490a-9212-ad6b117a781e" testId="0af17613-4b95-6a77-5a12-86e45eb0a764" testName="Test_BinarySerialization" computerName="ICSWS068" duration="00:00:00.0100003" startTime="2016-08-04T09:57:05.4475943+02:00" endTime="2016-08-04T09:57:05.4591067+02:00" testType="13cdc9d9-ddb5-4fa4-a97d-d965ccfc6d4b" outcome="Passed" testListId="8c84fa94-04c1-424b-9868-57a2d4851a1d" relativeResultsDirectory="a2b719ec-68ad-490a-9212-ad6b117a781e" />
    <UnitTestResult executionId="091aa768-8075-4297-bda0-bc96ccc9f41d" testId="4bdafaca-48a9-7778-b5e7-32b2604a26e2" testName="Test_PublicSystemContext_GetInstanceOfEntity" computerName="ICSWS068" duration="00:00:00.0059995" startTime="2016-08-04T09:57:05.4626084+02:00" endTime="2016-08-04T09:57:05.4701141+02:00" testType="13cdc9d9-ddb5-4fa4-a97d-d965ccfc6d4b" outcome="Passed" testListId="8c84fa94-04c1-424b-9868-57a2d4851a1d" relativeResultsDirectory="091aa768-8075-4297-bda0-bc96ccc9f41d" />
    <UnitTestResult executionId="e9ab6eaa-c4f4-4c69-9a50-c88545a7a484" testId="82f8f8ac-a95a-efa3-63e6-144f1394fdb0" testName="IEntity_Implemented_Verified" computerName="ICSWS068" duration="00:00:00.0977809" startTime="2016-08-04T09:57:05.4732977+02:00" endTime="2016-08-04T09:57:05.5732156+02:00" testType="13cdc9d9-ddb5-4fa4-a97d-d965ccfc6d4b" outcome="Passed" testListId="8c84fa94-04c1-424b-9868-57a2d4851a1d" relativeResultsDirectory="e9ab6eaa-c4f4-4c69-9a50-c88545a7a484" />
    <UnitTestResult executionId="7ede7c8e-0c2e-4e24-9c0a-1046a17a46e3" testId="2023204a-5145-7835-d3bf-4030dc94bb4d" testName="IIntKeyEntity_Implemented_Verified" computerName="ICSWS068" duration="00:00:00.0085874" startTime="2016-08-04T09:57:05.5767182+02:00" endTime="2016-08-04T09:57:05.5872265+02:00" testType="13cdc9d9-ddb5-4fa4-a97d-d965ccfc6d4b" outcome="Passed" testListId="8c84fa94-04c1-424b-9868-57a2d4851a1d" relativeResultsDirectory="7ede7c8e-0c2e-4e24-9c0a-1046a17a46e3" />
    <UnitTestResult executionId="6db6bb18-26c9-4114-ae8d-958f9e74f1f5" testId="934404c9-c510-f443-5b69-e09ffd3f9060" testName="ITrackingEntity_Implemented_Verified" computerName="ICSWS068" duration="00:00:00.0096176" startTime="2016-08-04T09:57:05.5912294+02:00" endTime="2016-08-04T09:57:05.6022418+02:00" testType="13cdc9d9-ddb5-4fa4-a97d-d965ccfc6d4b" outcome="Passed" testListId="8c84fa94-04c1-424b-9868-57a2d4851a1d" relativeResultsDirectory="6db6bb18-26c9-4114-ae8d-958f9e74f1f5" />
    <UnitTestResult executionId="d0292a29-fe05-4164-8e7e-a72c6157e9a9" testId="c29b44d9-e3cf-2ec7-6e2c-ea26e9526c23" testName="INode_Implemented_Verified" computerName="ICSWS068" duration="00:00:00.0131815" startTime="2016-08-04T09:57:05.6062447+02:00" endTime="2016-08-04T09:57:05.6207559+02:00" testType="13cdc9d9-ddb5-4fa4-a97d-d965ccfc6d4b" outcome="Passed" testListId="8c84fa94-04c1-424b-9868-57a2d4851a1d" relativeResultsDirectory="d0292a29-fe05-4164-8e7e-a72c6157e9a9" />
    <UnitTestResult executionId="abfeac70-78e5-4a48-b2c5-fd36550f9581" testId="32d8e75d-5334-2f0c-0d6b-4788aa146952" testName="Test_BinarySerialization" computerName="ICSWS068" duration="00:00:00.0136697" startTime="2016-08-04T09:57:05.6247584+02:00" endTime="2016-08-04T09:57:05.6397881+02:00" testType="13cdc9d9-ddb5-4fa4-a97d-d965ccfc6d4b" outcome="Passed" testListId="8c84fa94-04c1-424b-9868-57a2d4851a1d" relativeResultsDirectory="abfeac70-78e5-4a48-b2c5-fd36550f9581" />
    <UnitTestResult executionId="60824b71-f48d-4502-a737-7284cb070598" testId="f11d7df8-c6dc-c91d-5447-48c11c76f4d8" testName="Test_PublicSystemContext_GetInstanceOfEntity" computerName="ICSWS068" duration="00:00:00.0117155" startTime="2016-08-04T09:57:05.6439880+02:00" endTime="2016-08-04T09:57:05.6570004+02:00" testType="13cdc9d9-ddb5-4fa4-a97d-d965ccfc6d4b" outcome="Passed" testListId="8c84fa94-04c1-424b-9868-57a2d4851a1d" relativeResultsDirectory="60824b71-f48d-4502-a737-7284cb070598" />
    <UnitTestResult executionId="fbe42e13-5a9b-43a2-8cba-b4158f05b8e3" testId="0261e652-c22f-0fcb-ee0c-4cb634b0822d" testName="IEntity_Implemented_Verified" computerName="ICSWS068" duration="00:00:00.0492179" startTime="2016-08-04T09:57:05.6605030+02:00" endTime="2016-08-04T09:57:05.7116138+02:00" testType="13cdc9d9-ddb5-4fa4-a97d-d965ccfc6d4b" outcome="Passed" testListId="8c84fa94-04c1-424b-9868-57a2d4851a1d" relativeResultsDirectory="fbe42e13-5a9b-43a2-8cba-b4158f05b8e3" />
    <UnitTestResult executionId="782364b0-d36b-4bcf-8e60-bd617a08d8a1" testId="fce2f511-4ad0-7229-98da-23888f589f58" testName="IGuidKeyEntity_Implemented_Verified" computerName="ICSWS068" duration="00:00:00.0048597" startTime="2016-08-04T09:57:05.7156158+02:00" endTime="2016-08-04T09:57:05.7216201+02:00" testType="13cdc9d9-ddb5-4fa4-a97d-d965ccfc6d4b" outcome="Passed" testListId="8c84fa94-04c1-424b-9868-57a2d4851a1d" relativeResultsDirectory="782364b0-d36b-4bcf-8e60-bd617a08d8a1" />
    <UnitTestResult executionId="6969de15-58ea-45b0-93db-cecc5a257fbf" testId="490fb8dd-7422-ccd1-bfbf-9012f134152c" testName="IDescriptiveEntity_Implemented_Verified" computerName="ICSWS068" duration="00:00:00.0060555" startTime="2016-08-04T09:57:05.7256224+02:00" endTime="2016-08-04T09:57:05.7331281+02:00" testType="13cdc9d9-ddb5-4fa4-a97d-d965ccfc6d4b" outcome="Passed" testListId="8c84fa94-04c1-424b-9868-57a2d4851a1d" relativeResultsDirectory="6969de15-58ea-45b0-93db-cecc5a257fbf" />
    <UnitTestResult executionId="a9ec63ce-581f-41da-9b33-e567d8887ef3" testId="aecf1650-1501-bc80-4f36-15eaaf8ea3f7" testName="INamedEntity_Implemented_Verified" computerName="ICSWS068" duration="00:00:00.0059183" startTime="2016-08-04T09:57:05.7361307+02:00" endTime="2016-08-04T09:57:05.7436353+02:00" testType="13cdc9d9-ddb5-4fa4-a97d-d965ccfc6d4b" outcome="Passed" testListId="8c84fa94-04c1-424b-9868-57a2d4851a1d" relativeResultsDirectory="a9ec63ce-581f-41da-9b33-e567d8887ef3" />
    <UnitTestResult executionId="839c3367-578c-4ad0-b588-edb2f301320b" testId="edb83004-f28e-4ce5-608d-773d6be53295" testName="ICategorizableEntity_Implemented_Verified" computerName="ICSWS068" duration="00:00:00.0050051" startTime="2016-08-04T09:57:05.7471376+02:00" endTime="2016-08-04T09:57:05.7536422+02:00" testType="13cdc9d9-ddb5-4fa4-a97d-d965ccfc6d4b" outcome="Passed" testListId="8c84fa94-04c1-424b-9868-57a2d4851a1d" relativeResultsDirectory="839c3367-578c-4ad0-b588-edb2f301320b" />
    <UnitTestResult executionId="8fe43239-3cbe-4bed-98b8-68b3a4c1a1c2" testId="3313a294-210a-20c9-e30b-4d6080e2e2f0" testName="INodeTypeVersion_Implemented_Verified" computerName="ICSWS068" duration="00:00:00.0047110" startTime="2016-08-04T09:57:05.7576456+02:00" endTime="2016-08-04T09:57:05.7641499+02:00" testType="13cdc9d9-ddb5-4fa4-a97d-d965ccfc6d4b" outcome="Passed" testListId="8c84fa94-04c1-424b-9868-57a2d4851a1d" relativeResultsDirectory="8fe43239-3cbe-4bed-98b8-68b3a4c1a1c2" />
    <UnitTestResult executionId="c1104886-ce22-4932-a20a-3aab450f4b38" testId="62dceb72-6ed2-00d2-6bca-710c7f568439" testName="INodeTypeVersion_TypeConversionToNodeTypeVersionIDValue_Verified" computerName="ICSWS068" duration="00:00:00.0064024" startTime="2016-08-04T09:57:05.7671525+02:00" endTime="2016-08-04T09:57:05.7746576+02:00" testType="13cdc9d9-ddb5-4fa4-a97d-d965ccfc6d4b" outcome="Passed" testListId="8c84fa94-04c1-424b-9868-57a2d4851a1d" relativeResultsDirectory="c1104886-ce22-4932-a20a-3aab450f4b38" />
    <UnitTestResult executionId="673badf8-0d76-4a2f-a812-e91c353a34c8" testId="56ee6bc0-0932-8f77-a417-c79ad2034785" testName="INodeTypeVersion_TypeConversionToUnsupportedType_Verified" computerName="ICSWS068" duration="00:00:00.0068502" startTime="2016-08-04T09:57:05.7781602+02:00" endTime="2016-08-04T09:57:05.7866662+02:00" testType="13cdc9d9-ddb5-4fa4-a97d-d965ccfc6d4b" outcome="Passed" testListId="8c84fa94-04c1-424b-9868-57a2d4851a1d" relativeResultsDirectory="673badf8-0d76-4a2f-a812-e91c353a34c8" />
    <UnitTestResult executionId="6cece272-d27f-4e12-8704-a7686ad2ebb4" testId="40d3fcf6-c877-708e-e0ba-a91dbf9f5434" testName="Test_BinarySerialization" computerName="ICSWS068" duration="00:00:00.0100070" startTime="2016-08-04T09:57:05.7901688+02:00" endTime="2016-08-04T09:57:05.8021815+02:00" testType="13cdc9d9-ddb5-4fa4-a97d-d965ccfc6d4b" outcome="Passed" testListId="8c84fa94-04c1-424b-9868-57a2d4851a1d" relativeResultsDirectory="6cece272-d27f-4e12-8704-a7686ad2ebb4" />
    <UnitTestResult executionId="abc514b5-7a9c-4dc2-afe8-bf93498704cf" testId="26d8bc2d-a3d5-9de0-301a-f0fcc7798561" testName="Test_PublicSystemContext_GetInstanceOfEntity" computerName="ICSWS068" duration="00:00:00.0060259" startTime="2016-08-04T09:57:05.8056797+02:00" endTime="2016-08-04T09:57:05.8126848+02:00" testType="13cdc9d9-ddb5-4fa4-a97d-d965ccfc6d4b" outcome="Passed" testListId="8c84fa94-04c1-424b-9868-57a2d4851a1d" relativeResultsDirectory="abc514b5-7a9c-4dc2-afe8-bf93498704cf" />
    <UnitTestResult executionId="6ff16b12-2dc5-49c8-b1aa-17b54a7698aa" testId="9fea8c53-0c4d-823f-efc1-f155373c8462" testName="IEntity_Implemented_Verified" computerName="ICSWS068" duration="00:00:00.3539013" startTime="2016-08-04T09:57:05.8156868+02:00" endTime="2016-08-04T09:57:06.1713796+02:00" testType="13cdc9d9-ddb5-4fa4-a97d-d965ccfc6d4b" outcome="Passed" testListId="8c84fa94-04c1-424b-9868-57a2d4851a1d" relativeResultsDirectory="6ff16b12-2dc5-49c8-b1aa-17b54a7698aa" />
    <UnitTestResult executionId="afd31271-7169-47aa-9303-6b0eae0aa7c3" testId="870b5752-79fa-0e8b-86e0-4252070dc20f" testName="IGuidKeyEntity_Implemented_Verified" computerName="ICSWS068" duration="00:00:00.0101774" startTime="2016-08-04T09:57:06.1753825+02:00" endTime="2016-08-04T09:57:06.1873914+02:00" testType="13cdc9d9-ddb5-4fa4-a97d-d965ccfc6d4b" outcome="Passed" testListId="8c84fa94-04c1-424b-9868-57a2d4851a1d" relativeResultsDirectory="afd31271-7169-47aa-9303-6b0eae0aa7c3" />
    <UnitTestResult executionId="7afc0997-c7f0-41db-81f1-1ec0568d28cf" testId="90520a6e-b950-84c2-95ec-8fc0f25266c7" testName="INamedEntity_Implemented_Verified" computerName="ICSWS068" duration="00:00:00.0089302" startTime="2016-08-04T09:57:06.1904101+02:00" endTime="2016-08-04T09:57:06.2009014+02:00" testType="13cdc9d9-ddb5-4fa4-a97d-d965ccfc6d4b" outcome="Passed" testListId="8c84fa94-04c1-424b-9868-57a2d4851a1d" relativeResultsDirectory="7afc0997-c7f0-41db-81f1-1ec0568d28cf" />
    <UnitTestResult executionId="21f1cb93-dde8-49aa-b14a-f41939acb2fe" testId="7c1d1c8d-0a55-0201-08ed-cf83e45f0b89" testName="IPartnerAttributeInstance_Created_InterfaceImplemented" computerName="ICSWS068" duration="00:00:00.0084405" startTime="2016-08-04T09:57:06.2039034+02:00" endTime="2016-08-04T09:57:06.2137927+02:00" testType="13cdc9d9-ddb5-4fa4-a97d-d965ccfc6d4b" outcome="Passed" testListId="8c84fa94-04c1-424b-9868-57a2d4851a1d" relativeResultsDirectory="21f1cb93-dde8-49aa-b14a-f41939acb2fe" />
    <UnitTestResult executionId="136c8b2d-6bc8-4eed-8c81-fa21169bbee0" testId="486746cd-5ab2-5e85-017f-d94c01e3751a" testName="IPartnerAttributeInstance_TypeGetMembers_VerifyHasCorrectNumberOfMembers" computerName="ICSWS068" duration="00:00:00.0091018" startTime="2016-08-04T09:57:06.2162956+02:00" endTime="2016-08-04T09:57:06.2268018+02:00" testType="13cdc9d9-ddb5-4fa4-a97d-d965ccfc6d4b" outcome="Passed" testListId="8c84fa94-04c1-424b-9868-57a2d4851a1d" relativeResultsDirectory="136c8b2d-6bc8-4eed-8c81-fa21169bbee0" />
    <UnitTestResult executionId="bed5d352-94e3-4d65-bc40-dc21a30da99c" testId="83e9dcf8-c903-6112-24f5-d72d0e0bcea3" testName="Value_PropertyGet_ReturnsCorrectValue" computerName="ICSWS068" duration="00:00:00.0087250" startTime="2016-08-04T09:57:06.2298056+02:00" endTime="2016-08-04T09:57:06.2403142+02:00" testType="13cdc9d9-ddb5-4fa4-a97d-d965ccfc6d4b" outcome="Passed" testListId="8c84fa94-04c1-424b-9868-57a2d4851a1d" relativeResultsDirectory="bed5d352-94e3-4d65-bc40-dc21a30da99c" />
    <UnitTestResult executionId="70ed45ab-b275-4e31-b753-72a2ad6cc6d1" testId="c9d2e2d5-9cb1-a335-64d8-76158f8901a8" testName="NodeType_PropertyGet_ReturnsCorrectValue" computerName="ICSWS068" duration="00:00:00.0080042" startTime="2016-08-04T09:57:06.2438165+02:00" endTime="2016-08-04T09:57:06.2533425+02:00" testType="13cdc9d9-ddb5-4fa4-a97d-d965ccfc6d4b" outcome="Passed" testListId="8c84fa94-04c1-424b-9868-57a2d4851a1d" relativeResultsDirectory="70ed45ab-b275-4e31-b753-72a2ad6cc6d1" />
    <UnitTestResult executionId="b78f111b-860b-47b9-a448-ed81bfcf9ec8" testId="1dc340b6-bbdf-e077-5806-21d1e7571186" testName="NodeType_PropertyGetWithNullValue_ReturnsCorrectValue" computerName="ICSWS068" duration="00:00:00.0083965" startTime="2016-08-04T09:57:06.2563257+02:00" endTime="2016-08-04T09:57:06.2658373+02:00" testType="13cdc9d9-ddb5-4fa4-a97d-d965ccfc6d4b" outcome="Passed" testListId="8c84fa94-04c1-424b-9868-57a2d4851a1d" relativeResultsDirectory="b78f111b-860b-47b9-a448-ed81bfcf9ec8" />
    <UnitTestResult executionId="add90c1d-55d8-4f8d-8bee-c8a4c2e5532f" testId="76e16f36-64c6-5373-eeda-ec839fedc79d" testName="AttributeType_PropertyGet_ReturnsCorrectValue" computerName="ICSWS068" duration="00:00:00.0097200" startTime="2016-08-04T09:57:06.2688387+02:00" endTime="2016-08-04T09:57:06.2798130+02:00" testType="13cdc9d9-ddb5-4fa4-a97d-d965ccfc6d4b" outcome="Passed" testListId="8c84fa94-04c1-424b-9868-57a2d4851a1d" relativeResultsDirectory="add90c1d-55d8-4f8d-8bee-c8a4c2e5532f" />
    <UnitTestResult executionId="f1618e1b-b575-4d0f-a82e-9b4134d67109" testId="45563c49-7d01-d75b-bcd3-4a022bf1303d" testName="Test_BinarySerialization" computerName="ICSWS068" duration="00:00:00.0116316" startTime="2016-08-04T09:57:06.2838155+02:00" endTime="2016-08-04T09:57:06.2968291+02:00" testType="13cdc9d9-ddb5-4fa4-a97d-d965ccfc6d4b" outcome="Passed" testListId="8c84fa94-04c1-424b-9868-57a2d4851a1d" relativeResultsDirectory="f1618e1b-b575-4d0f-a82e-9b4134d67109" />
    <UnitTestResult executionId="c7b9b55b-1859-4681-abde-7a34228a4282" testId="8369d24b-d999-6606-e2fc-ebe29ebe02a9" testName="IEntity_Implemented_Verified" computerName="ICSWS068" duration="00:00:00.0075285" startTime="2016-08-04T09:57:06.2998305+02:00" endTime="2016-08-04T09:57:06.3088383+02:00" testType="13cdc9d9-ddb5-4fa4-a97d-d965ccfc6d4b" outcome="Passed" testListId="8c84fa94-04c1-424b-9868-57a2d4851a1d" relativeResultsDirectory="c7b9b55b-1859-4681-abde-7a34228a4282" />
    <UnitTestResult executionId="e5c3615e-c95e-4e69-b13e-031a22452d8a" testId="8e4666e7-b989-4271-f72e-6eafc9e4e8db" testName="IGuidKeyEntity_Implemented_Verified" computerName="ICSWS068" duration="00:00:00.0052937" startTime="2016-08-04T09:57:06.3128400+02:00" endTime="2016-08-04T09:57:06.3193619+02:00" testType="13cdc9d9-ddb5-4fa4-a97d-d965ccfc6d4b" outcome="Passed" testListId="8c84fa94-04c1-424b-9868-57a2d4851a1d" relativeResultsDirectory="e5c3615e-c95e-4e69-b13e-031a22452d8a" />
    <UnitTestResult executionId="fb66bd99-fe98-47a0-9097-cba8090a8375" testId="7431ca06-cf4f-e367-9aee-acdd986a2ff0" testName="INamedEntity_Implemented_Verified" computerName="ICSWS068" duration="00:00:00.0051793" startTime="2016-08-04T09:57:06.3233480+02:00" endTime="2016-08-04T09:57:06.3298687+02:00" testType="13cdc9d9-ddb5-4fa4-a97d-d965ccfc6d4b" outcome="Passed" testListId="8c84fa94-04c1-424b-9868-57a2d4851a1d" relativeResultsDirectory="fb66bd99-fe98-47a0-9097-cba8090a8375" />
    <UnitTestResult executionId="29ca0cd3-ec8d-4f32-8439-6f551ae72aa2" testId="f3184166-480a-76ba-6987-ddaf9fe87c27" testName="IPartnerAttributeInstance_GetAttributeFromPartner_InterfaceImplemented" computerName="ICSWS068" duration="00:00:00.0056637" startTime="2016-08-04T09:57:06.3328569+02:00" endTime="2016-08-04T09:57:06.3403803+02:00" testType="13cdc9d9-ddb5-4fa4-a97d-d965ccfc6d4b" outcome="Passed" testListId="8c84fa94-04c1-424b-9868-57a2d4851a1d" relativeResultsDirectory="29ca0cd3-ec8d-4f32-8439-6f551ae72aa2" />
    <UnitTestResult executionId="4a26c8fc-f847-420e-921b-ef2040f192e1" testId="bbd9a81d-d941-bfe7-c95c-830574e99a16" testName="IPartnerAttributeInstance_TypeInstanciated_VerifyHasCorrectNumberOfMembers" computerName="ICSWS068" duration="00:00:00.0052872" startTime="2016-08-04T09:57:06.3452526+02:00" endTime="2016-08-04T09:57:06.3517578+02:00" testType="13cdc9d9-ddb5-4fa4-a97d-d965ccfc6d4b" outcome="Passed" testListId="8c84fa94-04c1-424b-9868-57a2d4851a1d" relativeResultsDirectory="4a26c8fc-f847-420e-921b-ef2040f192e1" />
    <UnitTestResult executionId="027773e7-9a84-4d1e-8097-ca55c64174a6" testId="f0a8440c-4896-8a54-517a-9a8c11354742" testName="AttributeGroupType_PropertyGet_IsNotNull" computerName="ICSWS068" duration="00:00:00.0051708" startTime="2016-08-04T09:57:06.3562601+02:00" endTime="2016-08-04T09:57:06.3622638+02:00" testType="13cdc9d9-ddb5-4fa4-a97d-d965ccfc6d4b" outcome="Passed" testListId="8c84fa94-04c1-424b-9868-57a2d4851a1d" relativeResultsDirectory="027773e7-9a84-4d1e-8097-ca55c64174a6" />
    <UnitTestResult executionId="3edaf0a7-858e-466e-8dd0-28f3b82664c9" testId="fafc058a-42f8-b0d6-e743-5e0f436b3757" testName="AttributeGroupType_PropertyGet_ReturnsCorrectValue" computerName="ICSWS068" duration="00:00:00.0048204" startTime="2016-08-04T09:57:06.3652658+02:00" endTime="2016-08-04T09:57:06.3712712+02:00" testType="13cdc9d9-ddb5-4fa4-a97d-d965ccfc6d4b" outcome="Passed" testListId="8c84fa94-04c1-424b-9868-57a2d4851a1d" relativeResultsDirectory="3edaf0a7-858e-466e-8dd0-28f3b82664c9" />
    <UnitTestResult executionId="be94487b-50fc-4332-8471-5fd1ef153f42" testId="5c55b226-f421-cb43-3ba6-d3d3482d70a8" testName="Attribute_PropertyGet_ReturnsCorrectValues" computerName="ICSWS068" duration="00:00:00.0052975" startTime="2016-08-04T09:57:06.3747729+02:00" endTime="2016-08-04T09:57:06.3812948+02:00" testType="13cdc9d9-ddb5-4fa4-a97d-d965ccfc6d4b" outcome="Passed" testListId="8c84fa94-04c1-424b-9868-57a2d4851a1d" relativeResultsDirectory="be94487b-50fc-4332-8471-5fd1ef153f42" />
    <UnitTestResult executionId="0f3cee8e-0175-4012-8a48-d192629d533e" testId="d801da28-c2ea-a275-1055-e485f58edb95" testName="Test_BinarySerialization" computerName="ICSWS068" duration="00:00:00.0079637" startTime="2016-08-04T09:57:06.3842798+02:00" endTime="2016-08-04T09:57:06.3932902+02:00" testType="13cdc9d9-ddb5-4fa4-a97d-d965ccfc6d4b" outcome="Passed" testListId="8c84fa94-04c1-424b-9868-57a2d4851a1d" relativeResultsDirectory="0f3cee8e-0175-4012-8a48-d192629d533e" />
    <UnitTestResult executionId="146a3c3c-6b85-4c66-bc4c-667f99dd12ca" testId="a969ccbe-34b4-a1d0-6dbb-9b9ae6fc873f" testName="IEntity_Implemented_Verified" computerName="ICSWS068" duration="00:00:00.0124143" startTime="2016-08-04T09:57:06.3962922+02:00" endTime="2016-08-04T09:57:06.4103181+02:00" testType="13cdc9d9-ddb5-4fa4-a97d-d965ccfc6d4b" outcome="Passed" testListId="8c84fa94-04c1-424b-9868-57a2d4851a1d" relativeResultsDirectory="146a3c3c-6b85-4c66-bc4c-667f99dd12ca" />
    <UnitTestResult executionId="8293452b-89d4-4f59-96de-550ae78d5442" testId="2863c5c0-a9d2-e37b-da8f-3b45b3c701dd" testName="IGuidKeyEntity_Implemented_Verified" computerName="ICSWS068" duration="00:00:00.0069769" startTime="2016-08-04T09:57:06.4128040+02:00" endTime="2016-08-04T09:57:06.4218103+02:00" testType="13cdc9d9-ddb5-4fa4-a97d-d965ccfc6d4b" outcome="Passed" testListId="8c84fa94-04c1-424b-9868-57a2d4851a1d" relativeResultsDirectory="8293452b-89d4-4f59-96de-550ae78d5442" />
    <UnitTestResult executionId="66abfa19-3010-4e37-8076-b8a0ae631d4a" testId="1d59b642-9bb4-8779-9a46-4b154e39d2c7" testName="INamedEntity_Implemented_Verified" computerName="ICSWS068" duration="00:00:00.0078825" startTime="2016-08-04T09:57:06.4263140+02:00" endTime="2016-08-04T09:57:06.4358226+02:00" testType="13cdc9d9-ddb5-4fa4-a97d-d965ccfc6d4b" outcome="Passed" testListId="8c84fa94-04c1-424b-9868-57a2d4851a1d" relativeResultsDirectory="66abfa19-3010-4e37-8076-b8a0ae631d4a" />
    <UnitTestResult executionId="b0f54355-8566-4355-8d44-6a1935d594b3" testId="31a89d27-f9e9-f82c-62cb-aa5933d33788" testName="IPartnerAttributeType_TypeConversionToPartnerAttributeTypeIDValue_Verified" computerName="ICSWS068" duration="00:00:00.0067840" startTime="2016-08-04T09:57:06.4388243+02:00" endTime="2016-08-04T09:57:06.4473477+02:00" testType="13cdc9d9-ddb5-4fa4-a97d-d965ccfc6d4b" outcome="Passed" testListId="8c84fa94-04c1-424b-9868-57a2d4851a1d" relativeResultsDirectory="b0f54355-8566-4355-8d44-6a1935d594b3" />
    <UnitTestResult executionId="620ea235-8f17-4bd8-9da4-147c8d3f0e9c" testId="820fee7c-c8ad-31ca-ac75-610c7632bff3" testName="IPartnerAttributeType_TypeConversionToUnsupportedType_Verified" computerName="ICSWS068" duration="00:00:00.0056898" startTime="2016-08-04T09:57:06.4503327+02:00" endTime="2016-08-04T09:57:06.4573419+02:00" testType="13cdc9d9-ddb5-4fa4-a97d-d965ccfc6d4b" outcome="Passed" testListId="8c84fa94-04c1-424b-9868-57a2d4851a1d" relativeResultsDirectory="620ea235-8f17-4bd8-9da4-147c8d3f0e9c" />
    <UnitTestResult executionId="00b53eea-6ce8-48bb-ac0c-03ddeb4712ab" testId="19bae5a2-2f7c-1985-a210-a634f050982f" testName="IPartnerAttributeTypeMember_TypeInstanciated_VerifyHasCorrectNumberOfMembers" computerName="ICSWS068" duration="00:00:00.0047553" startTime="2016-08-04T09:57:06.4603430+02:00" endTime="2016-08-04T09:57:06.4660764+02:00" testType="13cdc9d9-ddb5-4fa4-a97d-d965ccfc6d4b" outcome="Passed" testListId="8c84fa94-04c1-424b-9868-57a2d4851a1d" relativeResultsDirectory="00b53eea-6ce8-48bb-ac0c-03ddeb4712ab" />
    <UnitTestResult executionId="e40174e3-f537-4ffb-93c2-bee7fb37dd5f" testId="7a10cbe4-804f-aeda-8e7b-1b216c816168" testName="VarType_PropertyGet_HasCorrectValue" computerName="ICSWS068" duration="00:00:00.0054547" startTime="2016-08-04T09:57:06.4690611+02:00" endTime="2016-08-04T09:57:06.4755695+02:00" testType="13cdc9d9-ddb5-4fa4-a97d-d965ccfc6d4b" outcome="Passed" testListId="8c84fa94-04c1-424b-9868-57a2d4851a1d" relativeResultsDirectory="e40174e3-f537-4ffb-93c2-bee7fb37dd5f" />
    <UnitTestResult executionId="b17bbc58-7e01-427a-afc9-943de3f0f3b5" testId="825e3aa9-c5d5-d635-16ca-535d8fd3e591" testName="NodeType_PropertyGet_HasCorrectValue" computerName="ICSWS068" duration="00:00:00.0060086" startTime="2016-08-04T09:57:06.4790720+02:00" endTime="2016-08-04T09:57:06.4865948+02:00" testType="13cdc9d9-ddb5-4fa4-a97d-d965ccfc6d4b" outcome="Passed" testListId="8c84fa94-04c1-424b-9868-57a2d4851a1d" relativeResultsDirectory="b17bbc58-7e01-427a-afc9-943de3f0f3b5" />
    <UnitTestResult executionId="c793296d-2128-462a-b55a-266c3bcc0b5e" testId="e5b58b3a-36c3-8c27-0ed3-f71a5ec974b3" testName="NodeType_PropertyGetWithNullValue_HasCorrectValue" computerName="ICSWS068" duration="00:00:00.0064030" startTime="2016-08-04T09:57:06.4895795+02:00" endTime="2016-08-04T09:57:06.4975896+02:00" testType="13cdc9d9-ddb5-4fa4-a97d-d965ccfc6d4b" outcome="Passed" testListId="8c84fa94-04c1-424b-9868-57a2d4851a1d" relativeResultsDirectory="c793296d-2128-462a-b55a-266c3bcc0b5e" />
    <UnitTestResult executionId="5b566897-fe70-4697-b9eb-ed1a9c5f6035" testId="8555c948-3980-7540-58cd-fd3f514d4f00" testName="DefaultValue_PropertyGet_HasCorrectValue" computerName="ICSWS068" duration="00:00:00.0052846" startTime="2016-08-04T09:57:06.5010925+02:00" endTime="2016-08-04T09:57:06.5075965+02:00" testType="13cdc9d9-ddb5-4fa4-a97d-d965ccfc6d4b" outcome="Passed" testListId="8c84fa94-04c1-424b-9868-57a2d4851a1d" relativeResultsDirectory="5b566897-fe70-4697-b9eb-ed1a9c5f6035" />
    <UnitTestResult executionId="052072d2-7e99-4cb6-83ef-5c9ae183cea9" testId="abaef4e8-24bd-001d-6121-f4712e10f920" testName="Mandatory_PropertyGet_HasCorrectValue" computerName="ICSWS068" duration="00:00:00.0059400" startTime="2016-08-04T09:57:06.5105988+02:00" endTime="2016-08-04T09:57:06.5181048+02:00" testType="13cdc9d9-ddb5-4fa4-a97d-d965ccfc6d4b" outcome="Passed" testListId="8c84fa94-04c1-424b-9868-57a2d4851a1d" relativeResultsDirectory="052072d2-7e99-4cb6-83ef-5c9ae183cea9" />
    <UnitTestResult executionId="c89fec64-8fb3-477d-9276-85e434bf457d" testId="d69efd55-c67e-8644-e574-a79440499ff1" testName="Test_BinarySerialization" computerName="ICSWS068" duration="00:00:00.0111513" startTime="2016-08-04T09:57:06.5221071+02:00" endTime="2016-08-04T09:57:06.5351221+02:00" testType="13cdc9d9-ddb5-4fa4-a97d-d965ccfc6d4b" outcome="Passed" testListId="8c84fa94-04c1-424b-9868-57a2d4851a1d" relativeResultsDirectory="c89fec64-8fb3-477d-9276-85e434bf457d" />
    <UnitTestResult executionId="d3ad7040-ed26-47ca-96ac-c1a7707a4f57" testId="c3eefb11-b943-d49a-4381-a95c07bf206b" testName="IEntity_Implemented_Verified" computerName="ICSWS068" duration="00:00:00.0083660" startTime="2016-08-04T09:57:06.5381224+02:00" endTime="2016-08-04T09:57:06.5479653+02:00" testType="13cdc9d9-ddb5-4fa4-a97d-d965ccfc6d4b" outcome="Passed" testListId="8c84fa94-04c1-424b-9868-57a2d4851a1d" relativeResultsDirectory="d3ad7040-ed26-47ca-96ac-c1a7707a4f57" />
    <UnitTestResult executionId="fdad7cca-4a6c-451e-8401-cf49f0009cd8" testId="9ee341cc-ddef-c50d-034d-99cc4e93deff" testName="IGuidKeyEntity_Implemented_Verified" computerName="ICSWS068" duration="00:00:00.0056406" startTime="2016-08-04T09:57:06.5509673+02:00" endTime="2016-08-04T09:57:06.5574736+02:00" testType="13cdc9d9-ddb5-4fa4-a97d-d965ccfc6d4b" outcome="Passed" testListId="8c84fa94-04c1-424b-9868-57a2d4851a1d" relativeResultsDirectory="fdad7cca-4a6c-451e-8401-cf49f0009cd8" />
    <UnitTestResult executionId="888136ca-bc73-4d9c-92d9-b2cf23764a97" testId="32b8ade6-8132-5a08-5996-8dc0ebd9e5e8" testName="INamedEntity_Implemented_Verified" computerName="ICSWS068" duration="00:00:00.0054951" startTime="2016-08-04T09:57:06.5604903+02:00" endTime="2016-08-04T09:57:06.5674852+02:00" testType="13cdc9d9-ddb5-4fa4-a97d-d965ccfc6d4b" outcome="Passed" testListId="8c84fa94-04c1-424b-9868-57a2d4851a1d" relativeResultsDirectory="888136ca-bc73-4d9c-92d9-b2cf23764a97" />
    <UnitTestResult executionId="3c05c004-f912-42b7-9f95-392a4917d18a" testId="bf070f52-7e76-958e-1ff8-022c6ed259f6" testName="IPartnerAttributeType_TypeInstanciated_VerifyHasCorrectNumberOfMembers" computerName="ICSWS068" duration="00:00:00.0071702" startTime="2016-08-04T09:57:06.5704863+02:00" endTime="2016-08-04T09:57:06.5786308+02:00" testType="13cdc9d9-ddb5-4fa4-a97d-d965ccfc6d4b" outcome="Passed" testListId="8c84fa94-04c1-424b-9868-57a2d4851a1d" relativeResultsDirectory="3c05c004-f912-42b7-9f95-392a4917d18a" />
    <UnitTestResult executionId="a414b063-e907-43d7-8914-187c71e16d92" testId="07eed164-5d0c-74a3-3b19-07231640325e" testName="ICategorizableEntity_Implemented_Verified" computerName="ICSWS068" duration="00:00:00.0053790" startTime="2016-08-04T09:57:06.5816331+02:00" endTime="2016-08-04T09:57:06.5885186+02:00" testType="13cdc9d9-ddb5-4fa4-a97d-d965ccfc6d4b" outcome="Passed" testListId="8c84fa94-04c1-424b-9868-57a2d4851a1d" relativeResultsDirectory="a414b063-e907-43d7-8914-187c71e16d92" />
    <UnitTestResult executionId="8957a312-e574-4a1d-8c9c-e584a5597073" testId="8c7c56e1-b8c5-bdb0-d1bd-94933c185811" testName="Members_PropertyGet_IsNotNull" computerName="ICSWS068" duration="00:00:00.0047538" startTime="2016-08-04T09:57:06.5915197+02:00" endTime="2016-08-04T09:57:06.5974996+02:00" testType="13cdc9d9-ddb5-4fa4-a97d-d965ccfc6d4b" outcome="Passed" testListId="8c84fa94-04c1-424b-9868-57a2d4851a1d" relativeResultsDirectory="8957a312-e574-4a1d-8c9c-e584a5597073" />
    <UnitTestResult executionId="2501385b-9700-4437-8a54-038f2ff6fcd3" testId="1ae8f5f8-9369-9a7b-b74d-5836de716ebc" testName="Members_PropertyGet_ReturnsCorrectValue" computerName="ICSWS068" duration="00:00:00.0060426" startTime="2016-08-04T09:57:06.6005169+02:00" endTime="2016-08-04T09:57:06.6080080+02:00" testType="13cdc9d9-ddb5-4fa4-a97d-d965ccfc6d4b" outcome="Passed" testListId="8c84fa94-04c1-424b-9868-57a2d4851a1d" relativeResultsDirectory="2501385b-9700-4437-8a54-038f2ff6fcd3" />
    <UnitTestResult executionId="776a51b1-7160-45ab-955a-a27d107df358" testId="8cd783d9-9673-1430-ab0d-9ba404dc6227" testName="Test_BinarySerialization" computerName="ICSWS068" duration="00:00:00.0296723" startTime="2016-08-04T09:57:06.6105252+02:00" endTime="2016-08-04T09:57:06.6417546+02:00" testType="13cdc9d9-ddb5-4fa4-a97d-d965ccfc6d4b" outcome="Passed" testListId="8c84fa94-04c1-424b-9868-57a2d4851a1d" relativeResultsDirectory="776a51b1-7160-45ab-955a-a27d107df358" />
    <UnitTestResult executionId="b47bf197-cd9a-46eb-be1a-72aec8971472" testId="d74c7415-e5ea-6180-7fcb-addb66cfeae1" testName="Test_PublicSystemContext_GetInstanceOfEntity" computerName="ICSWS068" duration="00:00:00.0067514" startTime="2016-08-04T09:57:06.6447390+02:00" endTime="2016-08-04T09:57:06.6532638+02:00" testType="13cdc9d9-ddb5-4fa4-a97d-d965ccfc6d4b" outcome="Passed" testListId="8c84fa94-04c1-424b-9868-57a2d4851a1d" relativeResultsDirectory="b47bf197-cd9a-46eb-be1a-72aec8971472" />
    <UnitTestResult executionId="e2440875-a5ce-4f7b-a51c-1e636fff706a" testId="7cb03b45-e37c-9661-9886-01dca6beb4be" testName="IUserData_Implemented_Verified" computerName="ICSWS068" duration="00:00:00.0415125" startTime="2016-08-04T09:57:06.6567693+02:00" endTime="2016-08-04T09:57:06.6995264+02:00" testType="13cdc9d9-ddb5-4fa4-a97d-d965ccfc6d4b" outcome="Passed" testListId="8c84fa94-04c1-424b-9868-57a2d4851a1d" relativeResultsDirectory="e2440875-a5ce-4f7b-a51c-1e636fff706a" />
    <UnitTestResult executionId="f1934480-8b23-405b-b37a-a3215201305f" testId="6b686aff-8314-9aba-4eaf-693540274940" testName="IEntity_Implemented_Verified" computerName="ICSWS068" duration="00:00:00.0101173" startTime="2016-08-04T09:57:06.7025287+02:00" endTime="2016-08-04T09:57:06.7140358+02:00" testType="13cdc9d9-ddb5-4fa4-a97d-d965ccfc6d4b" outcome="Passed" testListId="8c84fa94-04c1-424b-9868-57a2d4851a1d" relativeResultsDirectory="f1934480-8b23-405b-b37a-a3215201305f" />
    <UnitTestResult executionId="56e80d8b-4446-4197-ac0c-1ad73d58e61f" testId="df259cf5-530c-40fa-7baa-f802abf73865" testName="IDescriptiveEntity_Implemented_Verified" computerName="ICSWS068" duration="00:00:00.0112542" startTime="2016-08-04T09:57:06.7170378+02:00" endTime="2016-08-04T09:57:06.7300472+02:00" testType="13cdc9d9-ddb5-4fa4-a97d-d965ccfc6d4b" outcome="Passed" testListId="8c84fa94-04c1-424b-9868-57a2d4851a1d" relativeResultsDirectory="56e80d8b-4446-4197-ac0c-1ad73d58e61f" />
    <UnitTestResult executionId="61da288f-8198-4fef-9dc9-ab6ae804091d" testId="5248cbe4-da02-5a07-a736-5702fa34be15" testName="INamedEntity_Implemented_Vermmified" computerName="ICSWS068" duration="00:00:00.0104701" startTime="2016-08-04T09:57:06.7330495+02:00" endTime="2016-08-04T09:57:06.7450578+02:00" testType="13cdc9d9-ddb5-4fa4-a97d-d965ccfc6d4b" outcome="Passed" testListId="8c84fa94-04c1-424b-9868-57a2d4851a1d" relativeResultsDirectory="61da288f-8198-4fef-9dc9-ab6ae804091d" />
    <UnitTestResult executionId="20f94711-eeb4-4c64-990f-89a4f63b6db1" testId="b4154439-f13e-f6b8-1d30-78d95f77fcf7" testName="IGuidKeyEntity_Implemented_Verified" computerName="ICSWS068" duration="00:00:00.0114419" startTime="2016-08-04T09:57:06.7480601+02:00" endTime="2016-08-04T09:57:06.7615740+02:00" testType="13cdc9d9-ddb5-4fa4-a97d-d965ccfc6d4b" outcome="Passed" testListId="8c84fa94-04c1-424b-9868-57a2d4851a1d" relativeResultsDirectory="20f94711-eeb4-4c64-990f-89a4f63b6db1" />
    <UnitTestResult executionId="6ecb5d84-d4ca-4c3c-bbd6-7e196139d644" testId="e76ffda2-8463-db68-0f87-ceea3e77c6ff" testName="ICategorizableEntity_Implemented_Verified" computerName="ICSWS068" duration="00:00:00.0096469" startTime="2016-08-04T09:57:06.7645804+02:00" endTime="2016-08-04T09:57:06.7760884+02:00" testType="13cdc9d9-ddb5-4fa4-a97d-d965ccfc6d4b" outcome="Passed" testListId="8c84fa94-04c1-424b-9868-57a2d4851a1d" relativeResultsDirectory="6ecb5d84-d4ca-4c3c-bbd6-7e196139d644" />
    <UnitTestResult executionId="252a5340-55fa-487c-8c01-266ed845672b" testId="25489d22-904e-f537-38a0-5df03e428fc8" testName="IPartner_Implemented_Verified" computerName="ICSWS068" duration="00:00:00.0130395" startTime="2016-08-04T09:57:06.7800913+02:00" endTime="2016-08-04T09:57:06.7946019+02:00" testType="13cdc9d9-ddb5-4fa4-a97d-d965ccfc6d4b" outcome="Passed" testListId="8c84fa94-04c1-424b-9868-57a2d4851a1d" relativeResultsDirectory="252a5340-55fa-487c-8c01-266ed845672b" />
    <UnitTestResult executionId="8c74a048-7822-4751-a00e-3a69dfa2c0ca" testId="f286328e-ddd4-545b-2ca7-e7d4cd005d67" testName="IPartner_TypeConversionToPartnerIDValue_Verified" computerName="ICSWS068" duration="00:00:00.0108815" startTime="2016-08-04T09:57:06.7991047+02:00" endTime="2016-08-04T09:57:06.8116139+02:00" testType="13cdc9d9-ddb5-4fa4-a97d-d965ccfc6d4b" outcome="Passed" testListId="8c84fa94-04c1-424b-9868-57a2d4851a1d" relativeResultsDirectory="8c74a048-7822-4751-a00e-3a69dfa2c0ca" />
    <UnitTestResult executionId="2dd5a3ed-11a7-489a-b3f2-21e1dec84025" testId="0a74ea93-7fd6-bc19-eb81-59ec0872a104" testName="IPartner_TypeConversionToUnsupportedType_Verified" computerName="ICSWS068" duration="00:00:00.0101619" startTime="2016-08-04T09:57:06.8146162+02:00" endTime="2016-08-04T09:57:06.8261242+02:00" testType="13cdc9d9-ddb5-4fa4-a97d-d965ccfc6d4b" outcome="Passed" testListId="8c84fa94-04c1-424b-9868-57a2d4851a1d" relativeResultsDirectory="2dd5a3ed-11a7-489a-b3f2-21e1dec84025" />
    <UnitTestResult executionId="21b87494-a9bc-4668-b604-726a04ac9580" testId="8fe717d2-711f-b47c-3bf0-db0d158cf9e9" testName="Attributes_Get_ReturnsAnInstanceOfCorrectType" computerName="ICSWS068" duration="00:00:00.0076658" startTime="2016-08-04T09:57:06.8296268+02:00" endTime="2016-08-04T09:57:06.8386331+02:00" testType="13cdc9d9-ddb5-4fa4-a97d-d965ccfc6d4b" outcome="Passed" testListId="8c84fa94-04c1-424b-9868-57a2d4851a1d" relativeResultsDirectory="21b87494-a9bc-4668-b604-726a04ac9580" />
    <UnitTestResult executionId="0870a34f-7465-4490-8c21-b1213a917ce7" testId="c495b78b-02d5-d234-a935-254450cba74e" testName="Identities_Get_ReturnsAnInstanceOfCorrectType" computerName="ICSWS068" duration="00:00:00.0074605" startTime="2016-08-04T09:57:06.8421360+02:00" endTime="2016-08-04T09:57:06.8506417+02:00" testType="13cdc9d9-ddb5-4fa4-a97d-d965ccfc6d4b" outcome="Passed" testListId="8c84fa94-04c1-424b-9868-57a2d4851a1d" relativeResultsDirectory="0870a34f-7465-4490-8c21-b1213a917ce7" />
    <UnitTestResult executionId="76b074c6-51b4-4ba7-8ec8-bb9100cb0161" testId="cce6cc0e-b18e-3365-8400-c10f6ec885ac" testName="GetAttributeValue_GetExisting_ReturnsCorrectValue" computerName="ICSWS068" duration="00:00:00.0130659" startTime="2016-08-04T09:57:06.8541440+02:00" endTime="2016-08-04T09:57:06.8691551+02:00" testType="13cdc9d9-ddb5-4fa4-a97d-d965ccfc6d4b" outcome="Passed" testListId="8c84fa94-04c1-424b-9868-57a2d4851a1d" relativeResultsDirectory="76b074c6-51b4-4ba7-8ec8-bb9100cb0161" />
    <UnitTestResult executionId="9ef953d5-f089-43dd-8283-dbdee82a393c" testId="ec7709ad-861e-36d7-d4b7-ff0da421599a" testName="GetAttributeValue_GetNonExistingDefaultValue_ReturnsDefaultValue" computerName="ICSWS068" duration="00:00:00.0100440" startTime="2016-08-04T09:57:06.8721571+02:00" endTime="2016-08-04T09:57:06.8836655+02:00" testType="13cdc9d9-ddb5-4fa4-a97d-d965ccfc6d4b" outcome="Passed" testListId="8c84fa94-04c1-424b-9868-57a2d4851a1d" relativeResultsDirectory="9ef953d5-f089-43dd-8283-dbdee82a393c" />
    <UnitTestResult executionId="5f775baf-57d1-4e86-9929-945a9db05d10" testId="e126b7f0-4b76-26e9-d0fd-fbc302aff06f" testName="GetAttributeValue_GetNonExistingNoDefaultValue_Throws" computerName="ICSWS068" duration="00:00:00.0113167" startTime="2016-08-04T09:57:06.8866675+02:00" endTime="2016-08-04T09:57:06.8991769+02:00" testType="13cdc9d9-ddb5-4fa4-a97d-d965ccfc6d4b" outcome="Passed" testListId="8c84fa94-04c1-424b-9868-57a2d4851a1d" relativeResultsDirectory="5f775baf-57d1-4e86-9929-945a9db05d10" />
    <UnitTestResult executionId="c3528ef2-49a6-4ce9-a2e3-bcfe99d05194" testId="41ddd4bf-75b7-34eb-8b53-acb3354322c8" testName="Test_BinarySerialization" computerName="ICSWS068" duration="00:00:00.0128310" startTime="2016-08-04T09:57:06.9021786+02:00" endTime="2016-08-04T09:57:06.9167048+02:00" testType="13cdc9d9-ddb5-4fa4-a97d-d965ccfc6d4b" outcome="Passed" testListId="8c84fa94-04c1-424b-9868-57a2d4851a1d" relativeResultsDirectory="c3528ef2-49a6-4ce9-a2e3-bcfe99d05194" />
    <UnitTestResult executionId="199dcd7c-5fca-4749-9094-26ac9912ec7f" testId="c3405408-92aa-05cc-2b39-eba54b2114cc" testName="Test_PublicSystemContext_GetInstanceOfEntity" computerName="ICSWS068" duration="00:00:00.0108560" startTime="2016-08-04T09:57:06.9191918+02:00" endTime="2016-08-04T09:57:06.9317001+02:00" testType="13cdc9d9-ddb5-4fa4-a97d-d965ccfc6d4b" outcome="Passed" testListId="8c84fa94-04c1-424b-9868-57a2d4851a1d" relativeResultsDirectory="199dcd7c-5fca-4749-9094-26ac9912ec7f" />
    <UnitTestResult executionId="ca77a29e-5665-44c9-a64e-75b7e9721c37" testId="306d314a-7036-cb8c-00ca-1b8b0215d12d" testName="IEntity_Implemented_Verified" computerName="ICSWS068" duration="00:00:00.0528791" startTime="2016-08-04T09:57:06.9347030+02:00" endTime="2016-08-04T09:57:06.9893147+02:00" testType="13cdc9d9-ddb5-4fa4-a97d-d965ccfc6d4b" outcome="Passed" testListId="8c84fa94-04c1-424b-9868-57a2d4851a1d" relativeResultsDirectory="ca77a29e-5665-44c9-a64e-75b7e9721c37" />
    <UnitTestResult executionId="a5ebacc5-0bb7-4875-bcc8-ec3bc40ce955" testId="c5ce6a51-1d3e-ceb0-a362-9763a0c7e509" testName="IDescriptiveEntity_Implemented_Verified" computerName="ICSWS068" duration="00:00:00.0055116" startTime="2016-08-04T09:57:06.9928179+02:00" endTime="2016-08-04T09:57:06.9998236+02:00" testType="13cdc9d9-ddb5-4fa4-a97d-d965ccfc6d4b" outcome="Passed" testListId="8c84fa94-04c1-424b-9868-57a2d4851a1d" relativeResultsDirectory="a5ebacc5-0bb7-4875-bcc8-ec3bc40ce955" />
    <UnitTestResult executionId="3d9f6a59-8190-414b-980c-b9e0eff5c04a" testId="cd3c3d98-ae84-b99c-a6c5-03ca56e9bef8" testName="INamedEntity_Implemented_Verified" computerName="ICSWS068" duration="00:00:00.0059784" startTime="2016-08-04T09:57:07.0028241+02:00" endTime="2016-08-04T09:57:07.0103310+02:00" testType="13cdc9d9-ddb5-4fa4-a97d-d965ccfc6d4b" outcome="Passed" testListId="8c84fa94-04c1-424b-9868-57a2d4851a1d" relativeResultsDirectory="3d9f6a59-8190-414b-980c-b9e0eff5c04a" />
    <UnitTestResult executionId="75f1fc32-fac8-450c-b1a1-1bf55f863c5c" testId="58058b19-c2a3-329b-7040-a0608730ed75" testName="IGuidKeyEntity_Implemented_Verified" computerName="ICSWS068" duration="00:00:00.0046585" startTime="2016-08-04T09:57:07.0133319+02:00" endTime="2016-08-04T09:57:07.0193370+02:00" testType="13cdc9d9-ddb5-4fa4-a97d-d965ccfc6d4b" outcome="Passed" testListId="8c84fa94-04c1-424b-9868-57a2d4851a1d" relativeResultsDirectory="75f1fc32-fac8-450c-b1a1-1bf55f863c5c" />
    <UnitTestResult executionId="25f93876-3e69-45c3-980b-ee58f7a730b2" testId="b8bb47e3-38ed-d038-363d-bb154213ba20" testName="ICategorizableEntity_Implemented_Verified" computerName="ICSWS068" duration="00:00:00.0051036" startTime="2016-08-04T09:57:07.0223423+02:00" endTime="2016-08-04T09:57:07.0288466+02:00" testType="13cdc9d9-ddb5-4fa4-a97d-d965ccfc6d4b" outcome="Passed" testListId="8c84fa94-04c1-424b-9868-57a2d4851a1d" relativeResultsDirectory="25f93876-3e69-45c3-980b-ee58f7a730b2" />
    <UnitTestResult executionId="4e74b055-b825-4754-a709-30644ba61e4e" testId="a84dadb1-f863-fdff-042f-837846cf0e08" testName="INodeType_Implemented_Verified" computerName="ICSWS068" duration="00:00:00.0041987" startTime="2016-08-04T09:57:07.0323521+02:00" endTime="2016-08-04T09:57:07.0378555+02:00" testType="13cdc9d9-ddb5-4fa4-a97d-d965ccfc6d4b" outcome="Passed" testListId="8c84fa94-04c1-424b-9868-57a2d4851a1d" relativeResultsDirectory="4e74b055-b825-4754-a709-30644ba61e4e" />
    <UnitTestResult executionId="16d9ad8f-dff2-4dd7-9688-f6db2eeb4f41" testId="396ceb03-166f-50d4-cfff-4eec6a8117d2" testName="INodeType_TypeConversionToNodeTypeIDValue_Verified" computerName="ICSWS068" duration="00:00:00.0075801" startTime="2016-08-04T09:57:07.0413581+02:00" endTime="2016-08-04T09:57:07.0503160+02:00" testType="13cdc9d9-ddb5-4fa4-a97d-d965ccfc6d4b" outcome="Passed" testListId="8c84fa94-04c1-424b-9868-57a2d4851a1d" relativeResultsDirectory="16d9ad8f-dff2-4dd7-9688-f6db2eeb4f41" />
    <UnitTestResult executionId="224f8f0c-97ce-4cc6-9c93-987e1b9b4d0b" testId="20d9b31e-8648-b4c7-9666-e6e99d83f149" testName="INodeType_TypeConversionToUnsupportedType_Verified" computerName="ICSWS068" duration="00:00:00.0041966" startTime="2016-08-04T09:57:07.0542919+02:00" endTime="2016-08-04T09:57:07.0597953+02:00" testType="13cdc9d9-ddb5-4fa4-a97d-d965ccfc6d4b" outcome="Passed" testListId="8c84fa94-04c1-424b-9868-57a2d4851a1d" relativeResultsDirectory="224f8f0c-97ce-4cc6-9c93-987e1b9b4d0b" />
    <UnitTestResult executionId="ddecda54-e46d-470d-988b-37b48dd26b17" testId="189fb759-070c-7af6-34eb-36911801b73a" testName="StyleSheetContent_StylesheetSet_RetursCorrectValue" computerName="ICSWS068" duration="00:00:00.0340440" startTime="2016-08-04T09:57:07.0628967+02:00" endTime="2016-08-04T09:57:07.0981398+02:00" testType="13cdc9d9-ddb5-4fa4-a97d-d965ccfc6d4b" outcome="Passed" testListId="8c84fa94-04c1-424b-9868-57a2d4851a1d" relativeResultsDirectory="ddecda54-e46d-470d-988b-37b48dd26b17" />
    <UnitTestResult executionId="23d59456-cb45-4d20-b76f-9fe36b79a6c4" testId="e4184c74-468f-ece4-c03f-55367f5ff5e6" testName="StyleSheetContent_StyleSheetNotSet_RetursCorrectValue" computerName="ICSWS068" duration="00:00:00.0050385" startTime="2016-08-04T09:57:07.1011415+02:00" endTime="2016-08-04T09:57:07.1081467+02:00" testType="13cdc9d9-ddb5-4fa4-a97d-d965ccfc6d4b" outcome="Passed" testListId="8c84fa94-04c1-424b-9868-57a2d4851a1d" relativeResultsDirectory="23d59456-cb45-4d20-b76f-9fe36b79a6c4" />
    <UnitTestResult executionId="20a36a18-a210-44b8-a102-e00c5baaae93" testId="bec3f892-6658-aa0f-03a0-2f3ccac65fce" testName="Test_BinarySerialization" computerName="ICSWS068" duration="00:00:00.0095428" startTime="2016-08-04T09:57:07.1111484+02:00" endTime="2016-08-04T09:57:07.1216561+02:00" testType="13cdc9d9-ddb5-4fa4-a97d-d965ccfc6d4b" outcome="Passed" testListId="8c84fa94-04c1-424b-9868-57a2d4851a1d" relativeResultsDirectory="20a36a18-a210-44b8-a102-e00c5baaae93" />
    <UnitTestResult executionId="90189d0a-25d0-4502-8f8c-874f9cbb4c34" testId="f0a63faa-ff70-91a1-a12a-e938764896e3" testName="Test_PublicSystemContext_GetInstanceOfEntity" computerName="ICSWS068" duration="00:00:00.0057766" startTime="2016-08-04T09:57:07.1256584+02:00" endTime="2016-08-04T09:57:07.1326639+02:00" testType="13cdc9d9-ddb5-4fa4-a97d-d965ccfc6d4b" outcome="Passed" testListId="8c84fa94-04c1-424b-9868-57a2d4851a1d" relativeResultsDirectory="90189d0a-25d0-4502-8f8c-874f9cbb4c34" />
    <UnitTestResult executionId="551274b8-7042-47ea-af00-11fdcdf65462" testId="14d41b2f-d6db-72e6-9a9a-149b2c0ba592" testName="IEntity_Implemented_Verified" computerName="ICSWS068" duration="00:00:00.2021310" startTime="2016-08-04T09:57:07.1356659+02:00" endTime="2016-08-04T09:57:07.3389920+02:00" testType="13cdc9d9-ddb5-4fa4-a97d-d965ccfc6d4b" outcome="Passed" testListId="8c84fa94-04c1-424b-9868-57a2d4851a1d" relativeResultsDirectory="551274b8-7042-47ea-af00-11fdcdf65462" />
    <UnitTestResult executionId="47668a82-2cb4-4f1b-bd1a-7f86e37ff392" testId="9c1b7246-d657-57ae-1f10-c245bf030e35" testName="IDescriptiveEntity_Implemented_Verified" computerName="ICSWS068" duration="00:00:00.0085742" startTime="2016-08-04T09:57:07.3424934+02:00" endTime="2016-08-04T09:57:07.3520018+02:00" testType="13cdc9d9-ddb5-4fa4-a97d-d965ccfc6d4b" outcome="Passed" testListId="8c84fa94-04c1-424b-9868-57a2d4851a1d" relativeResultsDirectory="47668a82-2cb4-4f1b-bd1a-7f86e37ff392" />
    <UnitTestResult executionId="95892c35-0941-4745-8c0d-a7a867a75b6f" testId="7676d463-9e3f-66bf-b688-0ffd6dde1439" testName="INamedEntity_Implemented_Verified" computerName="ICSWS068" duration="00:00:00.0075875" startTime="2016-08-04T09:57:07.3550044+02:00" endTime="2016-08-04T09:57:07.3640332+02:00" testType="13cdc9d9-ddb5-4fa4-a97d-d965ccfc6d4b" outcome="Passed" testListId="8c84fa94-04c1-424b-9868-57a2d4851a1d" relativeResultsDirectory="95892c35-0941-4745-8c0d-a7a867a75b6f" />
    <UnitTestResult executionId="31f38022-c239-430b-84a3-db8fb7e8d66b" testId="ac732540-09e8-bfd7-0a2d-8873f11b25e5" testName="IGuidKeyEntity_Implemented_Verified" computerName="ICSWS068" duration="00:00:00.0088868" startTime="2016-08-04T09:57:07.3670162+02:00" endTime="2016-08-04T09:57:07.3770233+02:00" testType="13cdc9d9-ddb5-4fa4-a97d-d965ccfc6d4b" outcome="Passed" testListId="8c84fa94-04c1-424b-9868-57a2d4851a1d" relativeResultsDirectory="31f38022-c239-430b-84a3-db8fb7e8d66b" />
    <UnitTestResult executionId="492f2a64-5b99-4d42-84dc-9378cfba0968" testId="f5ee4e5e-a7fc-c5c8-c9d4-bc6c0b9d10c7" testName="ICompilableEntity_Implemented_Verified" computerName="ICSWS068" duration="00:00:00.0073232" startTime="2016-08-04T09:57:07.3800248+02:00" endTime="2016-08-04T09:57:07.3886498+02:00" testType="13cdc9d9-ddb5-4fa4-a97d-d965ccfc6d4b" outcome="Passed" testListId="8c84fa94-04c1-424b-9868-57a2d4851a1d" relativeResultsDirectory="492f2a64-5b99-4d42-84dc-9378cfba0968" />
    <UnitTestResult executionId="7f97b616-e4c1-40d3-bd06-0060b23b80d6" testId="dbd92a02-761f-9f0e-489c-7633d74c703d" testName="IScript_Implemented_Verified" computerName="ICSWS068" duration="00:00:00.0099323" startTime="2016-08-04T09:57:07.3916345+02:00" endTime="2016-08-04T09:57:07.4027396+02:00" testType="13cdc9d9-ddb5-4fa4-a97d-d965ccfc6d4b" outcome="Passed" testListId="8c84fa94-04c1-424b-9868-57a2d4851a1d" relativeResultsDirectory="7f97b616-e4c1-40d3-bd06-0060b23b80d6" />
    <UnitTestResult executionId="0d483840-53a8-4858-bb83-163cc6add2e5" testId="12ba8d61-daee-ff60-55ef-5a29a0109d8a" testName="IScript_TypeConversionToScriptIDValue_Verified" computerName="ICSWS068" duration="00:00:00.0091686" startTime="2016-08-04T09:57:07.4052405+02:00" endTime="2016-08-04T09:57:07.4157324+02:00" testType="13cdc9d9-ddb5-4fa4-a97d-d965ccfc6d4b" outcome="Passed" testListId="8c84fa94-04c1-424b-9868-57a2d4851a1d" relativeResultsDirectory="0d483840-53a8-4858-bb83-163cc6add2e5" />
    <UnitTestResult executionId="763ad649-2bf2-4316-917e-9edf9877f699" testId="a42f1b1f-c53c-02a3-54cc-9a0feeb22051" testName="IScript_TypeConversionToUnsupportedType_Verified" computerName="ICSWS068" duration="00:00:00.0076693" startTime="2016-08-04T09:57:07.4187344+02:00" endTime="2016-08-04T09:57:07.4277503+02:00" testType="13cdc9d9-ddb5-4fa4-a97d-d965ccfc6d4b" outcome="Passed" testListId="8c84fa94-04c1-424b-9868-57a2d4851a1d" relativeResultsDirectory="763ad649-2bf2-4316-917e-9edf9877f699" />
    <UnitTestResult executionId="6ebf2d35-51dd-4090-8d46-f7116ced7601" testId="e0121ec8-06e5-8efc-015d-33aa2a9ba5f4" testName="ICategorizableEntity_Implemented_Verified" computerName="ICSWS068" duration="00:00:00.0074555" startTime="2016-08-04T09:57:07.4312429+02:00" endTime="2016-08-04T09:57:07.4397689+02:00" testType="13cdc9d9-ddb5-4fa4-a97d-d965ccfc6d4b" outcome="Passed" testListId="8c84fa94-04c1-424b-9868-57a2d4851a1d" relativeResultsDirectory="6ebf2d35-51dd-4090-8d46-f7116ced7601" />
    <UnitTestResult executionId="9c077be1-3c13-4b31-98cc-26472e5e5498" testId="3c74e6b8-b295-010e-1071-9a9461042c14" testName="Test_BinarySerialization" computerName="ICSWS068" duration="00:00:00.0166362" startTime="2016-08-04T09:57:07.4417700+02:00" endTime="2016-08-04T09:57:07.4605090+02:00" testType="13cdc9d9-ddb5-4fa4-a97d-d965ccfc6d4b" outcome="Passed" testListId="8c84fa94-04c1-424b-9868-57a2d4851a1d" relativeResultsDirectory="9c077be1-3c13-4b31-98cc-26472e5e5498" />
    <UnitTestResult executionId="989a9502-3956-4389-9378-371e18e7c933" testId="2d3f0e1f-74e4-2346-85af-b816746f8350" testName="Test_PublicSystemContext_GetInstanceOfEntity" computerName="ICSWS068" duration="00:00:00.0084921" startTime="2016-08-04T09:57:07.4640128+02:00" endTime="2016-08-04T09:57:07.4737598+02:00" testType="13cdc9d9-ddb5-4fa4-a97d-d965ccfc6d4b" outcome="Passed" testListId="8c84fa94-04c1-424b-9868-57a2d4851a1d" relativeResultsDirectory="989a9502-3956-4389-9378-371e18e7c933" />
    <UnitTestResult executionId="5a77d9f0-3aaf-4d65-a51e-f119e89592e7" testId="ca2e46e8-bae8-9e03-981f-754929187919" testName="IUserData_Implemented_Verified" computerName="ICSWS068" duration="00:00:00.0827801" startTime="2016-08-04T09:57:07.4767630+02:00" endTime="2016-08-04T09:57:07.5606290+02:00" testType="13cdc9d9-ddb5-4fa4-a97d-d965ccfc6d4b" outcome="Passed" testListId="8c84fa94-04c1-424b-9868-57a2d4851a1d" relativeResultsDirectory="5a77d9f0-3aaf-4d65-a51e-f119e89592e7" />
    <UnitTestResult executionId="30622e02-f862-4667-bef2-81c16a933e4a" testId="a3dc5b1d-fb62-ddd2-1adf-a21a9e3496ca" testName="IEntity_Implemented_Verified" computerName="ICSWS068" duration="00:00:00.0117267" startTime="2016-08-04T09:57:07.5636348+02:00" endTime="2016-08-04T09:57:07.5771487+02:00" testType="13cdc9d9-ddb5-4fa4-a97d-d965ccfc6d4b" outcome="Passed" testListId="8c84fa94-04c1-424b-9868-57a2d4851a1d" relativeResultsDirectory="30622e02-f862-4667-bef2-81c16a933e4a" />
    <UnitTestResult executionId="ef8a71ac-e342-4dc8-b0a4-4bf5077ba5d5" testId="a6a2d5e3-8458-c654-9880-60c239cc4833" testName="IDescriptiveEntity_Implemented_Verified" computerName="ICSWS068" duration="00:00:00.0096748" startTime="2016-08-04T09:57:07.5801501+02:00" endTime="2016-08-04T09:57:07.5911581+02:00" testType="13cdc9d9-ddb5-4fa4-a97d-d965ccfc6d4b" outcome="Passed" testListId="8c84fa94-04c1-424b-9868-57a2d4851a1d" relativeResultsDirectory="ef8a71ac-e342-4dc8-b0a4-4bf5077ba5d5" />
    <UnitTestResult executionId="de907ba1-e5ca-44cc-aab9-ff6e6b66ef89" testId="481085f5-1ab4-b713-b25c-d7178e41fa1c" testName="INamedEntity_Implemented_Verified" computerName="ICSWS068" duration="00:00:00.0082684" startTime="2016-08-04T09:57:07.5935572+02:00" endTime="2016-08-04T09:57:07.6030802+02:00" testType="13cdc9d9-ddb5-4fa4-a97d-d965ccfc6d4b" outcome="Passed" testListId="8c84fa94-04c1-424b-9868-57a2d4851a1d" relativeResultsDirectory="de907ba1-e5ca-44cc-aab9-ff6e6b66ef89" />
    <UnitTestResult executionId="c1ac26cd-8603-4709-b294-c59372a92dc4" testId="5c65eadf-a1cf-ab7f-b0ec-11e4d27d6e58" testName="IGuidKeyEntity_Implemented_Verified" computerName="ICSWS068" duration="00:00:00.0084036" startTime="2016-08-04T09:57:07.6060658+02:00" endTime="2016-08-04T09:57:07.6160747+02:00" testType="13cdc9d9-ddb5-4fa4-a97d-d965ccfc6d4b" outcome="Passed" testListId="8c84fa94-04c1-424b-9868-57a2d4851a1d" relativeResultsDirectory="c1ac26cd-8603-4709-b294-c59372a92dc4" />
    <UnitTestResult executionId="afad82da-9b6c-49f2-a5c0-c048c15efb77" testId="fe729532-a79d-695a-5d41-9ec1cac8fc49" testName="IServer_Implemented_Verified" computerName="ICSWS068" duration="00:00:00.0190206" startTime="2016-08-04T09:57:07.6185761+02:00" endTime="2016-08-04T09:57:07.6387576+02:00" testType="13cdc9d9-ddb5-4fa4-a97d-d965ccfc6d4b" outcome="Passed" testListId="8c84fa94-04c1-424b-9868-57a2d4851a1d" relativeResultsDirectory="afad82da-9b6c-49f2-a5c0-c048c15efb77" />
    <UnitTestResult executionId="301db12c-21c2-412b-af2e-d6910445da1c" testId="4ca74aa6-c356-d908-359c-6e9ddad7265f" testName="Test_BinarySerialization" computerName="ICSWS068" duration="00:00:00.0126237" startTime="2016-08-04T09:57:07.6417446+02:00" endTime="2016-08-04T09:57:07.6559728+02:00" testType="13cdc9d9-ddb5-4fa4-a97d-d965ccfc6d4b" outcome="Passed" testListId="8c84fa94-04c1-424b-9868-57a2d4851a1d" relativeResultsDirectory="301db12c-21c2-412b-af2e-d6910445da1c" />
    <UnitTestResult executionId="af3e8e53-a691-4b04-96d1-b21dbe69ac67" testId="15ada026-08ff-9cc1-be61-aff7ae506bf0" testName="Test_PublicSystemContext_GetInstanceOfEntity" computerName="ICSWS068" duration="00:00:00.0094924" startTime="2016-08-04T09:57:07.6594754+02:00" endTime="2016-08-04T09:57:07.6700694+02:00" testType="13cdc9d9-ddb5-4fa4-a97d-d965ccfc6d4b" outcome="Passed" testListId="8c84fa94-04c1-424b-9868-57a2d4851a1d" relativeResultsDirectory="af3e8e53-a691-4b04-96d1-b21dbe69ac67" />
    <UnitTestResult executionId="1551ba5c-5d15-4adb-80c2-ea33aa8867b4" testId="1af4b059-9a88-9851-be4c-cb17de140124" testName="IEntity_Implemented_Verified" computerName="ICSWS068" duration="00:00:00.4430740" startTime="2016-08-04T09:57:07.6739253+02:00" endTime="2016-08-04T09:57:08.1189430+02:00" testType="13cdc9d9-ddb5-4fa4-a97d-d965ccfc6d4b" outcome="Passed" testListId="8c84fa94-04c1-424b-9868-57a2d4851a1d" relativeResultsDirectory="1551ba5c-5d15-4adb-80c2-ea33aa8867b4" />
    <UnitTestResult executionId="22ebc9e3-3048-493f-b27d-f29b627d8e81" testId="9d876799-9ee6-f302-389e-d120b2f62f7a" testName="IGuidKeyEntity_Implemented_Verified" computerName="ICSWS068" duration="00:00:00.0080602" startTime="2016-08-04T09:57:08.1214444+02:00" endTime="2016-08-04T09:57:08.1309513+02:00" testType="13cdc9d9-ddb5-4fa4-a97d-d965ccfc6d4b" outcome="Passed" testListId="8c84fa94-04c1-424b-9868-57a2d4851a1d" relativeResultsDirectory="22ebc9e3-3048-493f-b27d-f29b627d8e81" />
    <UnitTestResult executionId="ed144662-4703-4bc4-ba9c-e4b4bb35b8aa" testId="b568d9ff-5112-cac1-c34b-c7189381da52" testName="INamedEntity_Implemented_Verified" computerName="ICSWS068" duration="00:00:00.0079789" startTime="2016-08-04T09:57:08.1334530+02:00" endTime="2016-08-04T09:57:08.1429599+02:00" testType="13cdc9d9-ddb5-4fa4-a97d-d965ccfc6d4b" outcome="Passed" testListId="8c84fa94-04c1-424b-9868-57a2d4851a1d" relativeResultsDirectory="ed144662-4703-4bc4-ba9c-e4b4bb35b8aa" />
    <UnitTestResult executionId="60692264-c15a-4238-82d4-242983b88aa3" testId="2c6b45ab-b1a6-0304-df9c-4481dc512b27" testName="ISettingAttributeInstance_Created_InterfaceImplemented" computerName="ICSWS068" duration="00:00:00.0072294" startTime="2016-08-04T09:57:08.1459625+02:00" endTime="2016-08-04T09:57:08.1539676+02:00" testType="13cdc9d9-ddb5-4fa4-a97d-d965ccfc6d4b" outcome="Passed" testListId="8c84fa94-04c1-424b-9868-57a2d4851a1d" relativeResultsDirectory="60692264-c15a-4238-82d4-242983b88aa3" />
    <UnitTestResult executionId="685fa16b-2381-4696-87da-6cc923b33b01" testId="866cac47-4275-ef47-c0fb-fcc56a32e462" testName="ISettingAttributeInstance_TypeGetMembers_VerifyHasCorrectNumberOfMembers" computerName="ICSWS068" duration="00:00:00.0078570" startTime="2016-08-04T09:57:08.1569699+02:00" endTime="2016-08-04T09:57:08.1659762+02:00" testType="13cdc9d9-ddb5-4fa4-a97d-d965ccfc6d4b" outcome="Passed" testListId="8c84fa94-04c1-424b-9868-57a2d4851a1d" relativeResultsDirectory="685fa16b-2381-4696-87da-6cc923b33b01" />
    <UnitTestResult executionId="ad3ad03f-c4b7-4306-b891-b4f058385297" testId="3f27273f-a398-b35d-9c2b-b69c00c9129b" testName="Value_PropertyGet_ReturnsCorrectValue" computerName="ICSWS068" duration="00:00:00.0098396" startTime="2016-08-04T09:57:08.1684785+02:00" endTime="2016-08-04T09:57:08.1799865+02:00" testType="13cdc9d9-ddb5-4fa4-a97d-d965ccfc6d4b" outcome="Passed" testListId="8c84fa94-04c1-424b-9868-57a2d4851a1d" relativeResultsDirectory="ad3ad03f-c4b7-4306-b891-b4f058385297" />
    <UnitTestResult executionId="c6fa3d8b-ce59-480b-9ead-3dd388c31cde" testId="a5fc1349-539b-511c-21e3-bd5502b7c9dd" testName="AttributeType_PropertyGet_ReturnsCorrectValue" computerName="ICSWS068" duration="00:00:00.0090443" startTime="2016-08-04T09:57:08.1834891+02:00" endTime="2016-08-04T09:57:08.1935144+02:00" testType="13cdc9d9-ddb5-4fa4-a97d-d965ccfc6d4b" outcome="Passed" testListId="8c84fa94-04c1-424b-9868-57a2d4851a1d" relativeResultsDirectory="c6fa3d8b-ce59-480b-9ead-3dd388c31cde" />
    <UnitTestResult executionId="e5583073-ffee-491c-89bb-c05f4e860cb6" testId="0ac626b3-89b4-789f-aba6-8bfa20878768" testName="Test_BinarySerialization" computerName="ICSWS068" duration="00:00:00.0113041" startTime="2016-08-04T09:57:08.1965009+02:00" endTime="2016-08-04T09:57:08.2090256+02:00" testType="13cdc9d9-ddb5-4fa4-a97d-d965ccfc6d4b" outcome="Passed" testListId="8c84fa94-04c1-424b-9868-57a2d4851a1d" relativeResultsDirectory="e5583073-ffee-491c-89bb-c05f4e860cb6" />
    <UnitTestResult executionId="c658e027-27de-43f8-8b54-bef8bc453073" testId="095b4437-849c-c41a-a74e-d23e1d642024" testName="IEntity_Implemented_Verified" computerName="ICSWS068" duration="00:00:00.0064312" startTime="2016-08-04T09:57:08.2120118+02:00" endTime="2016-08-04T09:57:08.2200181+02:00" testType="13cdc9d9-ddb5-4fa4-a97d-d965ccfc6d4b" outcome="Passed" testListId="8c84fa94-04c1-424b-9868-57a2d4851a1d" relativeResultsDirectory="c658e027-27de-43f8-8b54-bef8bc453073" />
    <UnitTestResult executionId="88132841-f564-4362-aad3-ae0f01e1c188" testId="a51b4742-4977-c86a-7e76-1a966fdccec5" testName="IGuidKeyEntity_Implemented_Verified" computerName="ICSWS068" duration="00:00:00.0051764" startTime="2016-08-04T09:57:08.2231805+02:00" endTime="2016-08-04T09:57:08.2297018+02:00" testType="13cdc9d9-ddb5-4fa4-a97d-d965ccfc6d4b" outcome="Passed" testListId="8c84fa94-04c1-424b-9868-57a2d4851a1d" relativeResultsDirectory="88132841-f564-4362-aad3-ae0f01e1c188" />
    <UnitTestResult executionId="5a98758b-ea84-4165-80c8-4377f169e19b" testId="5fc0bcae-c8dd-64b3-f438-d0ee83095ef9" testName="INamedEntity_Implemented_Verified" computerName="ICSWS068" duration="00:00:00.0051039" startTime="2016-08-04T09:57:08.2326886+02:00" endTime="2016-08-04T09:57:08.2392128+02:00" testType="13cdc9d9-ddb5-4fa4-a97d-d965ccfc6d4b" outcome="Passed" testListId="8c84fa94-04c1-424b-9868-57a2d4851a1d" relativeResultsDirectory="5a98758b-ea84-4165-80c8-4377f169e19b" />
    <UnitTestResult executionId="5b5d163f-a477-47e0-a0ba-ce42e821c7c1" testId="f636745b-145a-c96c-94aa-3de7fa6c84fb" testName="ISettingAttributeGroupInstance_GetAttributeFromSetting_InterfaceImplemented" computerName="ICSWS068" duration="00:00:00.0045350" startTime="2016-08-04T09:57:08.2416975+02:00" endTime="2016-08-04T09:57:08.2479534+02:00" testType="13cdc9d9-ddb5-4fa4-a97d-d965ccfc6d4b" outcome="Passed" testListId="8c84fa94-04c1-424b-9868-57a2d4851a1d" relativeResultsDirectory="5b5d163f-a477-47e0-a0ba-ce42e821c7c1" />
    <UnitTestResult executionId="64749cac-0555-434b-b4fd-b6fe422637df" testId="761e91a9-179d-ffde-2f81-057f3dd8c6db" testName="ISettingAttributeGroupInstance_TypeInstanciated_VerifyHasCorrectNumberOfMembers" computerName="ICSWS068" duration="00:00:00.0054245" startTime="2016-08-04T09:57:08.2514404+02:00" endTime="2016-08-04T09:57:08.2579444+02:00" testType="13cdc9d9-ddb5-4fa4-a97d-d965ccfc6d4b" outcome="Passed" testListId="8c84fa94-04c1-424b-9868-57a2d4851a1d" relativeResultsDirectory="64749cac-0555-434b-b4fd-b6fe422637df" />
    <UnitTestResult executionId="e236201b-9ad9-49dc-89d6-d776a786babd" testId="b3d72cad-fc42-7e87-23ec-a0be9d0b6dff" testName="AttributeGroupType_PropertyGet_IsNotNull" computerName="ICSWS068" duration="00:00:00.0050245" startTime="2016-08-04T09:57:08.2614470+02:00" endTime="2016-08-04T09:57:08.2679686+02:00" testType="13cdc9d9-ddb5-4fa4-a97d-d965ccfc6d4b" outcome="Passed" testListId="8c84fa94-04c1-424b-9868-57a2d4851a1d" relativeResultsDirectory="e236201b-9ad9-49dc-89d6-d776a786babd" />
    <UnitTestResult executionId="b7368f4d-3314-4d6b-b21b-13ced55723bf" testId="a0d34ddf-a325-c9f1-9a0c-c35a86b2cbd6" testName="AttributeGroupType_PropertyGet_ReturnsCorrectValue" computerName="ICSWS068" duration="00:00:00.0051737" startTime="2016-08-04T09:57:08.2704533+02:00" endTime="2016-08-04T09:57:08.2774614+02:00" testType="13cdc9d9-ddb5-4fa4-a97d-d965ccfc6d4b" outcome="Passed" testListId="8c84fa94-04c1-424b-9868-57a2d4851a1d" relativeResultsDirectory="b7368f4d-3314-4d6b-b21b-13ced55723bf" />
    <UnitTestResult executionId="4b0d53ef-f936-4b1b-93b7-82808c5dea03" testId="b4a8b3a7-89b4-00c1-6580-f1ffda6430c9" testName="Attribute_PropertyGet_ReturnsCorrectValues" computerName="ICSWS068" duration="00:00:00.0051978" startTime="2016-08-04T09:57:08.2804742+02:00" endTime="2016-08-04T09:57:08.2868700+02:00" testType="13cdc9d9-ddb5-4fa4-a97d-d965ccfc6d4b" outcome="Passed" testListId="8c84fa94-04c1-424b-9868-57a2d4851a1d" relativeResultsDirectory="4b0d53ef-f936-4b1b-93b7-82808c5dea03" />
    <UnitTestResult executionId="dce3964e-230f-4fa1-9277-efae48829d9f" testId="b32f1370-2a65-383b-3c6d-11f4d85e0ddf" testName="Test_BinarySerialization" computerName="ICSWS068" duration="00:00:00.0091599" startTime="2016-08-04T09:57:08.2893556+02:00" endTime="2016-08-04T09:57:08.3003657+02:00" testType="13cdc9d9-ddb5-4fa4-a97d-d965ccfc6d4b" outcome="Passed" testListId="8c84fa94-04c1-424b-9868-57a2d4851a1d" relativeResultsDirectory="dce3964e-230f-4fa1-9277-efae48829d9f" />
    <UnitTestResult executionId="49baa1c1-7c48-4417-97bd-55ba18ca1ee0" testId="b1e39bbb-bdca-e90b-47eb-13b05e99cd8d" testName="IEntity_Implemented_Verified" computerName="ICSWS068" duration="00:00:00.0095686" startTime="2016-08-04T09:57:08.3033683+02:00" endTime="2016-08-04T09:57:08.3143933+02:00" testType="13cdc9d9-ddb5-4fa4-a97d-d965ccfc6d4b" outcome="Passed" testListId="8c84fa94-04c1-424b-9868-57a2d4851a1d" relativeResultsDirectory="49baa1c1-7c48-4417-97bd-55ba18ca1ee0" />
    <UnitTestResult executionId="0f96a52b-bfef-4e9a-822a-7e87be7b7bf2" testId="29a3b8a8-9516-cd44-cf62-92608cec9b9f" testName="IGuidKeyEntity_Implemented_Verified" computerName="ICSWS068" duration="00:00:00.0066705" startTime="2016-08-04T09:57:08.3168780+02:00" endTime="2016-08-04T09:57:08.3254477+02:00" testType="13cdc9d9-ddb5-4fa4-a97d-d965ccfc6d4b" outcome="Passed" testListId="8c84fa94-04c1-424b-9868-57a2d4851a1d" relativeResultsDirectory="0f96a52b-bfef-4e9a-822a-7e87be7b7bf2" />
    <UnitTestResult executionId="71ec5481-78a3-4a72-8b20-7197e8446c17" testId="35bdbd48-b3bd-374f-9e39-56a157a7fcf8" testName="INamedEntity_Implemented_Verified" computerName="ICSWS068" duration="00:00:00.0052623" startTime="2016-08-04T09:57:08.3279479+02:00" endTime="2016-08-04T09:57:08.3345595+02:00" testType="13cdc9d9-ddb5-4fa4-a97d-d965ccfc6d4b" outcome="Passed" testListId="8c84fa94-04c1-424b-9868-57a2d4851a1d" relativeResultsDirectory="71ec5481-78a3-4a72-8b20-7197e8446c17" />
    <UnitTestResult executionId="33384372-1295-418b-984b-6db76c810ce8" testId="b5ec0676-0cc3-8511-5300-cba16e18dae7" testName="ISettingAttributeType_TypeInstanciated_VerifyHasCorrectNumberOfMembers" computerName="ICSWS068" duration="00:00:00.0048532" startTime="2016-08-04T09:57:08.3375610+02:00" endTime="2016-08-04T09:57:08.3435861+02:00" testType="13cdc9d9-ddb5-4fa4-a97d-d965ccfc6d4b" outcome="Passed" testListId="8c84fa94-04c1-424b-9868-57a2d4851a1d" relativeResultsDirectory="33384372-1295-418b-984b-6db76c810ce8" />
    <UnitTestResult executionId="16970192-b4e7-44b3-89f0-b64231658eeb" testId="78f13fc2-2462-776f-c5dd-fc7cb7b9940b" testName="VarType_PropertyGet_HasCorrectValue" computerName="ICSWS068" duration="00:00:00.0048494" startTime="2016-08-04T09:57:08.3460887+02:00" endTime="2016-08-04T09:57:08.3520763+02:00" testType="13cdc9d9-ddb5-4fa4-a97d-d965ccfc6d4b" outcome="Passed" testListId="8c84fa94-04c1-424b-9868-57a2d4851a1d" relativeResultsDirectory="16970192-b4e7-44b3-89f0-b64231658eeb" />
    <UnitTestResult executionId="9c90dbf7-cae2-4770-bb67-2151d16c76d6" testId="aee78940-29c5-fb10-fd35-48459bc161dc" testName="DefaultValue_PropertyGet_HasCorrectValue" computerName="ICSWS068" duration="00:00:00.0052784" startTime="2016-08-04T09:57:08.3550806+02:00" endTime="2016-08-04T09:57:08.3615858+02:00" testType="13cdc9d9-ddb5-4fa4-a97d-d965ccfc6d4b" outcome="Passed" testListId="8c84fa94-04c1-424b-9868-57a2d4851a1d" relativeResultsDirectory="9c90dbf7-cae2-4770-bb67-2151d16c76d6" />
    <UnitTestResult executionId="bd2e45b1-d71a-4d33-be86-fe5421d52e79" testId="555b80ea-d974-08c8-0d62-acc78d6294e3" testName="Mandatory_PropertyGet_HasCorrectValue" computerName="ICSWS068" duration="00:00:00.0048561" startTime="2016-08-04T09:57:08.3640860+02:00" endTime="2016-08-04T09:57:08.3701073+02:00" testType="13cdc9d9-ddb5-4fa4-a97d-d965ccfc6d4b" outcome="Passed" testListId="8c84fa94-04c1-424b-9868-57a2d4851a1d" relativeResultsDirectory="bd2e45b1-d71a-4d33-be86-fe5421d52e79" />
    <UnitTestResult executionId="9e9e14b9-4dcf-4543-88bb-2cc49c229ab3" testId="d5ca4ef3-a53e-b1c9-7a94-954a058a983b" testName="Test_BinarySerialization" computerName="ICSWS068" duration="00:00:00.0096317" startTime="2016-08-04T09:57:08.3730944+02:00" endTime="2016-08-04T09:57:08.3841376+02:00" testType="13cdc9d9-ddb5-4fa4-a97d-d965ccfc6d4b" outcome="Passed" testListId="8c84fa94-04c1-424b-9868-57a2d4851a1d" relativeResultsDirectory="9e9e14b9-4dcf-4543-88bb-2cc49c229ab3" />
    <UnitTestResult executionId="070bf300-cfd5-47e8-b5d6-32d385c01bca" testId="e1d36859-c5c6-a2c7-09e5-6a3c09e953fd" testName="IEntity_Implemented_Verified" computerName="ICSWS068" duration="00:00:00.0062045" startTime="2016-08-04T09:57:08.3871252+02:00" endTime="2016-08-04T09:57:08.3941459+02:00" testType="13cdc9d9-ddb5-4fa4-a97d-d965ccfc6d4b" outcome="Passed" testListId="8c84fa94-04c1-424b-9868-57a2d4851a1d" relativeResultsDirectory="070bf300-cfd5-47e8-b5d6-32d385c01bca" />
    <UnitTestResult executionId="da74b2ef-c50e-4b33-ac84-9ea993ad5ebb" testId="befff122-d17a-187b-1e82-53f151e25a57" testName="IGuidKeyEntity_Implemented_Verified" computerName="ICSWS068" duration="00:00:00.0049726" startTime="2016-08-04T09:57:08.3971312+02:00" endTime="2016-08-04T09:57:08.4031528+02:00" testType="13cdc9d9-ddb5-4fa4-a97d-d965ccfc6d4b" outcome="Passed" testListId="8c84fa94-04c1-424b-9868-57a2d4851a1d" relativeResultsDirectory="da74b2ef-c50e-4b33-ac84-9ea993ad5ebb" />
    <UnitTestResult executionId="282aa35a-b1c6-4481-9cbc-c15e160c4e4c" testId="0d5539ad-9e9b-b5f0-5695-4306d1cb4ea0" testName="INamedEntity_Implemented_Verified" computerName="ICSWS068" duration="00:00:00.0051887" startTime="2016-08-04T09:57:08.4056542+02:00" endTime="2016-08-04T09:57:08.4121424+02:00" testType="13cdc9d9-ddb5-4fa4-a97d-d965ccfc6d4b" outcome="Passed" testListId="8c84fa94-04c1-424b-9868-57a2d4851a1d" relativeResultsDirectory="282aa35a-b1c6-4481-9cbc-c15e160c4e4c" />
    <UnitTestResult executionId="5017977e-3adb-4e11-b9d2-00f5b9c02a5a" testId="3cf0d7ab-2c0e-4d96-c253-d099c6739d46" testName="ISettingAttributeType_TypeInstanciated_VerifyHasCorrectNumberOfMembers" computerName="ICSWS068" duration="00:00:00.0047057" startTime="2016-08-04T09:57:08.4155963+02:00" endTime="2016-08-04T09:57:08.4216026+02:00" testType="13cdc9d9-ddb5-4fa4-a97d-d965ccfc6d4b" outcome="Passed" testListId="8c84fa94-04c1-424b-9868-57a2d4851a1d" relativeResultsDirectory="5017977e-3adb-4e11-b9d2-00f5b9c02a5a" />
    <UnitTestResult executionId="c0df4ff2-622d-4f9a-979b-5d5a86796f3b" testId="1cebfc13-9c01-f177-ff89-d07f94f63b01" testName="ISettingAttributeType_TypeConversionToSettingAttributeTypeIDValue_Verified" computerName="ICSWS068" duration="00:00:00.0072320" startTime="2016-08-04T09:57:08.4246134+02:00" endTime="2016-08-04T09:57:08.4331227+02:00" testType="13cdc9d9-ddb5-4fa4-a97d-d965ccfc6d4b" outcome="Passed" testListId="8c84fa94-04c1-424b-9868-57a2d4851a1d" relativeResultsDirectory="c0df4ff2-622d-4f9a-979b-5d5a86796f3b" />
    <UnitTestResult executionId="ff538a99-82cb-4a36-ac8b-e763346c6dbe" testId="db0b9593-e7fd-0b84-34f4-617b09afbc46" testName="ISettingAttributeType_TypeConversionToUnsupportedType_Verified" computerName="ICSWS068" duration="00:00:00.0071558" startTime="2016-08-04T09:57:08.4361238+02:00" endTime="2016-08-04T09:57:08.4447266+02:00" testType="13cdc9d9-ddb5-4fa4-a97d-d965ccfc6d4b" outcome="Passed" testListId="8c84fa94-04c1-424b-9868-57a2d4851a1d" relativeResultsDirectory="ff538a99-82cb-4a36-ac8b-e763346c6dbe" />
    <UnitTestResult executionId="a0da6505-db3f-4259-aa11-2838c73463ef" testId="2b7aea13-4801-c21b-bba2-73b9f922112b" testName="Members_PropertyGet_IsNotNull" computerName="ICSWS068" duration="00:00:00.0046072" startTime="2016-08-04T09:57:08.4477130+02:00" endTime="2016-08-04T09:57:08.4537173+02:00" testType="13cdc9d9-ddb5-4fa4-a97d-d965ccfc6d4b" outcome="Passed" testListId="8c84fa94-04c1-424b-9868-57a2d4851a1d" relativeResultsDirectory="a0da6505-db3f-4259-aa11-2838c73463ef" />
    <UnitTestResult executionId="f068082f-7e0f-4fde-bd8f-0bfe8a69355c" testId="8682c6c7-f88f-5066-04b6-2f01cf99c85c" testName="Members_PropertyGet_ReturnsCorrectValue" computerName="ICSWS068" duration="00:00:00.0059174" startTime="2016-08-04T09:57:08.4557343+02:00" endTime="2016-08-04T09:57:08.4637292+02:00" testType="13cdc9d9-ddb5-4fa4-a97d-d965ccfc6d4b" outcome="Passed" testListId="8c84fa94-04c1-424b-9868-57a2d4851a1d" relativeResultsDirectory="f068082f-7e0f-4fde-bd8f-0bfe8a69355c" />
    <UnitTestResult executionId="fe3a7ea6-9d94-4a5e-80e0-769777e1c225" testId="a5708eeb-3785-8539-7ca7-ac50ec82b522" testName="ICategorizableEntity_Implemented_Verified" computerName="ICSWS068" duration="00:00:00.0053077" startTime="2016-08-04T09:57:08.4672330+02:00" endTime="2016-08-04T09:57:08.4737416+02:00" testType="13cdc9d9-ddb5-4fa4-a97d-d965ccfc6d4b" outcome="Passed" testListId="8c84fa94-04c1-424b-9868-57a2d4851a1d" relativeResultsDirectory="fe3a7ea6-9d94-4a5e-80e0-769777e1c225" />
    <UnitTestResult executionId="540b338a-7650-4e02-b6e9-3e8a1e356744" testId="92cafafb-d583-9300-8bcb-bcdf885589c4" testName="Test_BinarySerialization" computerName="ICSWS068" duration="00:00:00.0101378" startTime="2016-08-04T09:57:08.4772668+02:00" endTime="2016-08-04T09:57:08.4890560+02:00" testType="13cdc9d9-ddb5-4fa4-a97d-d965ccfc6d4b" outcome="Passed" testListId="8c84fa94-04c1-424b-9868-57a2d4851a1d" relativeResultsDirectory="540b338a-7650-4e02-b6e9-3e8a1e356744" />
    <UnitTestResult executionId="f5c7035f-304e-4e1d-a3da-910a09bbd339" testId="6dd949c3-f8ff-7f6a-317d-c580b47d65da" testName="Test_PublicSystemContext_GetInstanceOfEntity" computerName="ICSWS068" duration="00:00:00.0062189" startTime="2016-08-04T09:57:08.4925457+02:00" endTime="2016-08-04T09:57:08.5000679+02:00" testType="13cdc9d9-ddb5-4fa4-a97d-d965ccfc6d4b" outcome="Passed" testListId="8c84fa94-04c1-424b-9868-57a2d4851a1d" relativeResultsDirectory="f5c7035f-304e-4e1d-a3da-910a09bbd339" />
    <UnitTestResult executionId="7b5028cf-a11a-463d-bd09-c9679a4682c6" testId="26a86637-3346-109e-a87c-afc4b29099c9" testName="IUserData_Implemented_Verified" computerName="ICSWS068" duration="00:00:00.0376219" startTime="2016-08-04T09:57:08.5025576+02:00" endTime="2016-08-04T09:57:08.5413314+02:00" testType="13cdc9d9-ddb5-4fa4-a97d-d965ccfc6d4b" outcome="Passed" testListId="8c84fa94-04c1-424b-9868-57a2d4851a1d" relativeResultsDirectory="7b5028cf-a11a-463d-bd09-c9679a4682c6" />
    <UnitTestResult executionId="80e2aec2-294a-44e4-88bf-ab90444e5f39" testId="a8d32624-d3c2-2933-3ee0-149f458e7c6e" testName="IEntity_Implemented_Verified" computerName="ICSWS068" duration="00:00:00.0106088" startTime="2016-08-04T09:57:08.5448193+02:00" endTime="2016-08-04T09:57:08.5568478+02:00" testType="13cdc9d9-ddb5-4fa4-a97d-d965ccfc6d4b" outcome="Passed" testListId="8c84fa94-04c1-424b-9868-57a2d4851a1d" relativeResultsDirectory="80e2aec2-294a-44e4-88bf-ab90444e5f39" />
    <UnitTestResult executionId="e46cc0c9-eaa1-4623-99f4-0c1c4f7b32f9" testId="6a41f939-98e2-4099-4186-4d339192509c" testName="IDescriptiveEntity_Implemented_Verified" computerName="ICSWS068" duration="00:00:00.0085232" startTime="2016-08-04T09:57:08.5598604+02:00" endTime="2016-08-04T09:57:08.5698746+02:00" testType="13cdc9d9-ddb5-4fa4-a97d-d965ccfc6d4b" outcome="Passed" testListId="8c84fa94-04c1-424b-9868-57a2d4851a1d" relativeResultsDirectory="e46cc0c9-eaa1-4623-99f4-0c1c4f7b32f9" />
    <UnitTestResult executionId="1f34094d-d522-429c-9e4d-f1f4a0ff406e" testId="6f079c7a-f069-3357-8a4f-35c4f115b1dc" testName="INamedEntity_Implemented_Vermmified" computerName="ICSWS068" duration="00:00:00.0083341" startTime="2016-08-04T09:57:08.5718766+02:00" endTime="2016-08-04T09:57:08.5817272+02:00" testType="13cdc9d9-ddb5-4fa4-a97d-d965ccfc6d4b" outcome="Passed" testListId="8c84fa94-04c1-424b-9868-57a2d4851a1d" relativeResultsDirectory="1f34094d-d522-429c-9e4d-f1f4a0ff406e" />
    <UnitTestResult executionId="af63badf-6d9a-434a-8ff3-00ed08f50219" testId="0f7e268f-0757-f134-d99a-92be5a4c8293" testName="IGuidKeyEntity_Implemented_Verified" computerName="ICSWS068" duration="00:00:00.0080030" startTime="2016-08-04T09:57:08.5850858+02:00" endTime="2016-08-04T09:57:08.5947856+02:00" testType="13cdc9d9-ddb5-4fa4-a97d-d965ccfc6d4b" outcome="Passed" testListId="8c84fa94-04c1-424b-9868-57a2d4851a1d" relativeResultsDirectory="af63badf-6d9a-434a-8ff3-00ed08f50219" />
    <UnitTestResult executionId="aa12de13-f77a-4466-bbd4-40005213bd21" testId="1acb8aa9-bcf0-30ef-8b8d-a8710f3b4909" testName="ICategorizableEntity_Implemented_Verified" computerName="ICSWS068" duration="00:00:00.0077795" startTime="2016-08-04T09:57:08.5972794+02:00" endTime="2016-08-04T09:57:08.6067869+02:00" testType="13cdc9d9-ddb5-4fa4-a97d-d965ccfc6d4b" outcome="Passed" testListId="8c84fa94-04c1-424b-9868-57a2d4851a1d" relativeResultsDirectory="aa12de13-f77a-4466-bbd4-40005213bd21" />
    <UnitTestResult executionId="2241f956-6d7e-4477-9f5c-dd73f6ab9df3" testId="690c3726-1375-c000-139b-29bc0c85ddfd" testName="ISetting_Implemented_Verified" computerName="ICSWS068" duration="00:00:00.0103405" startTime="2016-08-04T09:57:08.6093050+02:00" endTime="2016-08-04T09:57:08.6208127+02:00" testType="13cdc9d9-ddb5-4fa4-a97d-d965ccfc6d4b" outcome="Passed" testListId="8c84fa94-04c1-424b-9868-57a2d4851a1d" relativeResultsDirectory="2241f956-6d7e-4477-9f5c-dd73f6ab9df3" />
    <UnitTestResult executionId="1b93f216-cbe3-4373-a8f6-adb60e505ff2" testId="8d74ab65-a28c-dde9-6c43-3370d4e387c9" testName="ISetting_TypeConversionToSettingIDValue_Verified" computerName="ICSWS068" duration="00:00:00.0088173" startTime="2016-08-04T09:57:08.6237986+02:00" endTime="2016-08-04T09:57:08.6338058+02:00" testType="13cdc9d9-ddb5-4fa4-a97d-d965ccfc6d4b" outcome="Passed" testListId="8c84fa94-04c1-424b-9868-57a2d4851a1d" relativeResultsDirectory="1b93f216-cbe3-4373-a8f6-adb60e505ff2" />
    <UnitTestResult executionId="7e8bb722-eb45-4647-9062-80cecdf14d2e" testId="ac0ad653-d3fa-3746-8b9e-af2f92c60b0e" testName="ISetting_TypeConversionToUnsupportedType_Verified" computerName="ICSWS068" duration="00:00:00.0071051" startTime="2016-08-04T09:57:08.6368098+02:00" endTime="2016-08-04T09:57:08.6453144+02:00" testType="13cdc9d9-ddb5-4fa4-a97d-d965ccfc6d4b" outcome="Passed" testListId="8c84fa94-04c1-424b-9868-57a2d4851a1d" relativeResultsDirectory="7e8bb722-eb45-4647-9062-80cecdf14d2e" />
    <UnitTestResult executionId="8d6a60c6-256c-4eae-9065-85ef67e9e48e" testId="84ef2816-e1ac-8006-cbc4-2b9c887c0968" testName="Attributes_Get_ReturnsAnInstanceOfCorrectType" computerName="ICSWS068" duration="00:00:00.0069423" startTime="2016-08-04T09:57:08.6478170+02:00" endTime="2016-08-04T09:57:08.6558564+02:00" testType="13cdc9d9-ddb5-4fa4-a97d-d965ccfc6d4b" outcome="Passed" testListId="8c84fa94-04c1-424b-9868-57a2d4851a1d" relativeResultsDirectory="8d6a60c6-256c-4eae-9065-85ef67e9e48e" />
    <UnitTestResult executionId="fbd5e554-0290-43ca-b238-54211d6941ce" testId="630e199b-e52e-27e1-31c3-7aa9113bd051" testName="Identities_Get_ReturnsAnInstanceOfCorrectType" computerName="ICSWS068" duration="00:00:00.0073068" startTime="2016-08-04T09:57:08.6588423+02:00" endTime="2016-08-04T09:57:08.6676075+02:00" testType="13cdc9d9-ddb5-4fa4-a97d-d965ccfc6d4b" outcome="Passed" testListId="8c84fa94-04c1-424b-9868-57a2d4851a1d" relativeResultsDirectory="fbd5e554-0290-43ca-b238-54211d6941ce" />
    <UnitTestResult executionId="417dd7e4-adee-4f09-a50e-f80d647bd369" testId="1e3b194b-da33-6822-d3bd-ef37da302f0b" testName="GetAttributeValue_GetExisting_ReturnsCorrectValue" computerName="ICSWS068" duration="00:00:00.0097666" startTime="2016-08-04T09:57:08.6701251+02:00" endTime="2016-08-04T09:57:08.6811507+02:00" testType="13cdc9d9-ddb5-4fa4-a97d-d965ccfc6d4b" outcome="Passed" testListId="8c84fa94-04c1-424b-9868-57a2d4851a1d" relativeResultsDirectory="417dd7e4-adee-4f09-a50e-f80d647bd369" />
    <UnitTestResult executionId="bc2a4c96-7cc5-4525-b826-710f3bb06731" testId="d5410f39-aff5-08ca-e111-d7e39b20c5f4" testName="GetAttributeValue_GetNonExistingDefaultValue_ReturnsDefaultValue" computerName="ICSWS068" duration="00:00:00.0094329" startTime="2016-08-04T09:57:08.6838430+02:00" endTime="2016-08-04T09:57:08.6948543+02:00" testType="13cdc9d9-ddb5-4fa4-a97d-d965ccfc6d4b" outcome="Passed" testListId="8c84fa94-04c1-424b-9868-57a2d4851a1d" relativeResultsDirectory="bc2a4c96-7cc5-4525-b826-710f3bb06731" />
    <UnitTestResult executionId="69733980-d895-4217-a19d-e64eeb95bf2f" testId="920aef3d-acb8-70e5-c94a-88870cb3d397" testName="GetAttributeValue_GetNonExistingNoDefaultValue_Throws" computerName="ICSWS068" duration="00:00:00.0102047" startTime="2016-08-04T09:57:08.6973390+02:00" endTime="2016-08-04T09:57:08.7093036+02:00" testType="13cdc9d9-ddb5-4fa4-a97d-d965ccfc6d4b" outcome="Passed" testListId="8c84fa94-04c1-424b-9868-57a2d4851a1d" relativeResultsDirectory="69733980-d895-4217-a19d-e64eeb95bf2f" />
    <UnitTestResult executionId="6e0f5840-390d-49cf-916d-7aa61c1788c4" testId="01d4a10d-3534-83c7-2f1d-8018bcfa449c" testName="Test_BinarySerialization" computerName="ICSWS068" duration="00:00:00.0121249" startTime="2016-08-04T09:57:08.7117892+02:00" endTime="2016-08-04T09:57:08.7254098+02:00" testType="13cdc9d9-ddb5-4fa4-a97d-d965ccfc6d4b" outcome="Passed" testListId="8c84fa94-04c1-424b-9868-57a2d4851a1d" relativeResultsDirectory="6e0f5840-390d-49cf-916d-7aa61c1788c4" />
    <UnitTestResult executionId="65125cbc-a760-471b-a69b-56932cf11578" testId="3bfe3134-4b4e-44f9-5aac-f189b08936b6" testName="Test_PublicSystemContext_GetInstanceOfEntity" computerName="ICSWS068" duration="00:00:00.0084546" startTime="2016-08-04T09:57:08.7278957+02:00" endTime="2016-08-04T09:57:08.7379031+02:00" testType="13cdc9d9-ddb5-4fa4-a97d-d965ccfc6d4b" outcome="Passed" testListId="8c84fa94-04c1-424b-9868-57a2d4851a1d" relativeResultsDirectory="65125cbc-a760-471b-a69b-56932cf11578" />
    <UnitTestResult executionId="d2e744aa-04c6-4ede-b5c8-41ef7eb22cf2" testId="78bf6ec8-8af8-5c7a-a615-c0378a24f9b5" testName="IEntity_Implemented_Verified" computerName="ICSWS068" duration="00:00:00.0624328" startTime="2016-08-04T09:57:08.7409051+02:00" endTime="2016-08-04T09:57:08.8043205+02:00" testType="13cdc9d9-ddb5-4fa4-a97d-d965ccfc6d4b" outcome="Passed" testListId="8c84fa94-04c1-424b-9868-57a2d4851a1d" relativeResultsDirectory="d2e744aa-04c6-4ede-b5c8-41ef7eb22cf2" />
    <UnitTestResult executionId="efb93703-7f99-42d1-87a7-17662f53236f" testId="e6261fb4-d4e6-91da-b916-3e0ff7dd1176" testName="IDescriptiveEntity_Implemented_Verified" computerName="ICSWS068" duration="00:00:00.0061555" startTime="2016-08-04T09:57:08.8093239+02:00" endTime="2016-08-04T09:57:08.8163452+02:00" testType="13cdc9d9-ddb5-4fa4-a97d-d965ccfc6d4b" outcome="Passed" testListId="8c84fa94-04c1-424b-9868-57a2d4851a1d" relativeResultsDirectory="efb93703-7f99-42d1-87a7-17662f53236f" />
    <UnitTestResult executionId="5d86ea2d-3efb-4bd1-8807-54ec00829318" testId="c6464023-b61c-7960-d1be-96f6ad13e9ef" testName="INamedEntity_Implemented_Verified" computerName="ICSWS068" duration="00:00:00.0053629" startTime="2016-08-04T09:57:08.8193311+02:00" endTime="2016-08-04T09:57:08.8258345+02:00" testType="13cdc9d9-ddb5-4fa4-a97d-d965ccfc6d4b" outcome="Passed" testListId="8c84fa94-04c1-424b-9868-57a2d4851a1d" relativeResultsDirectory="5d86ea2d-3efb-4bd1-8807-54ec00829318" />
    <UnitTestResult executionId="4ec4d09c-7b7d-497e-af8d-a7fb9cca21b2" testId="042030e3-24e5-ecde-e633-55a527e536d3" testName="ICategorizableEntity_Implemented_Verified" computerName="ICSWS068" duration="00:00:00.0050943" startTime="2016-08-04T09:57:08.8283362+02:00" endTime="2016-08-04T09:57:08.8348601+02:00" testType="13cdc9d9-ddb5-4fa4-a97d-d965ccfc6d4b" outcome="Passed" testListId="8c84fa94-04c1-424b-9868-57a2d4851a1d" relativeResultsDirectory="4ec4d09c-7b7d-497e-af8d-a7fb9cca21b2" />
    <UnitTestResult executionId="0203d76d-13c9-4b22-9671-5527ee45129e" testId="fc371943-e8d3-acb2-750c-900129a37a7c" testName="IGuidKeyEntity_Implemented_Verified" computerName="ICSWS068" duration="00:00:00.0049330" startTime="2016-08-04T09:57:08.8378454+02:00" endTime="2016-08-04T09:57:08.8437872+02:00" testType="13cdc9d9-ddb5-4fa4-a97d-d965ccfc6d4b" outcome="Passed" testListId="8c84fa94-04c1-424b-9868-57a2d4851a1d" relativeResultsDirectory="0203d76d-13c9-4b22-9671-5527ee45129e" />
    <UnitTestResult executionId="82fda53e-31b5-40aa-8d8b-c2f973f164e1" testId="37ce25ea-88b0-c5d8-41e7-2c017efff469" testName="IEventType_Implemented_Verified" computerName="ICSWS068" duration="00:00:00.0060206" startTime="2016-08-04T09:57:08.8467740+02:00" endTime="2016-08-04T09:57:08.8538149+02:00" testType="13cdc9d9-ddb5-4fa4-a97d-d965ccfc6d4b" outcome="Passed" testListId="8c84fa94-04c1-424b-9868-57a2d4851a1d" relativeResultsDirectory="82fda53e-31b5-40aa-8d8b-c2f973f164e1" />
    <UnitTestResult executionId="f85e6f21-81bc-41c1-b0e7-706e4e92ca6a" testId="4b319d13-c4f6-5025-04e9-c1ed60dd3c1e" testName="IEventType_TypeConversionToEventTypeIDValue_Verified" computerName="ICSWS068" duration="00:00:00.0062684" startTime="2016-08-04T09:57:08.8568008+02:00" endTime="2016-08-04T09:57:08.8650969+02:00" testType="13cdc9d9-ddb5-4fa4-a97d-d965ccfc6d4b" outcome="Passed" testListId="8c84fa94-04c1-424b-9868-57a2d4851a1d" relativeResultsDirectory="f85e6f21-81bc-41c1-b0e7-706e4e92ca6a" />
    <UnitTestResult executionId="fe43861b-142a-4f91-895f-ba11ec40e289" testId="5d31362d-1993-ea27-1af3-9728392b1678" testName="IEventType_TypeConversionToUnsupportedType_Verified" computerName="ICSWS068" duration="00:00:00.0045875" startTime="2016-08-04T09:57:08.8675816+02:00" endTime="2016-08-04T09:57:08.8735304+02:00" testType="13cdc9d9-ddb5-4fa4-a97d-d965ccfc6d4b" outcome="Passed" testListId="8c84fa94-04c1-424b-9868-57a2d4851a1d" relativeResultsDirectory="fe43861b-142a-4f91-895f-ba11ec40e289" />
    <UnitTestResult executionId="7f81c065-f579-42df-92b7-6ea0036e9d10" testId="65c73324-4cd7-6977-1866-2400194bf3cd" testName="Test_BinarySerialization" computerName="ICSWS068" duration="00:00:00.0094220" startTime="2016-08-04T09:57:08.8765330+02:00" endTime="2016-08-04T09:57:08.8870431+02:00" testType="13cdc9d9-ddb5-4fa4-a97d-d965ccfc6d4b" outcome="Passed" testListId="8c84fa94-04c1-424b-9868-57a2d4851a1d" relativeResultsDirectory="7f81c065-f579-42df-92b7-6ea0036e9d10" />
    <UnitTestResult executionId="9f95641c-5a1a-43ea-9b51-acf4de82e49c" testId="60558b52-01c6-de35-5654-5e9a0c45cdaa" testName="Test_PublicSystemContext_GetInstanceOfEntity" computerName="ICSWS068" duration="00:00:00.0062010" startTime="2016-08-04T09:57:08.8900439+02:00" endTime="2016-08-04T09:57:08.8979986+02:00" testType="13cdc9d9-ddb5-4fa4-a97d-d965ccfc6d4b" outcome="Passed" testListId="8c84fa94-04c1-424b-9868-57a2d4851a1d" relativeResultsDirectory="9f95641c-5a1a-43ea-9b51-acf4de82e49c" />
    <UnitTestResult executionId="19690402-715a-41fb-bbdd-66a6921c02bb" testId="68121f3e-d934-208c-740e-8528d074d869" testName="ITimerEvent_HasCorrectNumberOfMembers" computerName="ICSWS068" duration="00:00:00.4311508" startTime="2016-08-04T09:57:08.9004989+02:00" endTime="2016-08-04T09:57:09.3332341+02:00" testType="13cdc9d9-ddb5-4fa4-a97d-d965ccfc6d4b" outcome="Passed" testListId="8c84fa94-04c1-424b-9868-57a2d4851a1d" relativeResultsDirectory="19690402-715a-41fb-bbdd-66a6921c02bb" />
    <UnitTestResult executionId="a81fc0b6-531a-4c6c-a26b-df011c3e8966" testId="dffc1e8f-e2e7-0c82-c071-869a8686c326" testName="IEntity_Implemented_Verified" computerName="ICSWS068" duration="00:00:00.0065605" startTime="2016-08-04T09:57:09.3357469+02:00" endTime="2016-08-04T09:57:09.3436606+02:00" testType="13cdc9d9-ddb5-4fa4-a97d-d965ccfc6d4b" outcome="Passed" testListId="8c84fa94-04c1-424b-9868-57a2d4851a1d" relativeResultsDirectory="a81fc0b6-531a-4c6c-a26b-df011c3e8966" />
    <UnitTestResult executionId="7eeeb442-ed3f-4aec-946e-dfa76c6f3f56" testId="82a209fb-0131-1678-1d35-7ae6776bee41" testName="IGuidKeyEntity_Implemented_Verified" computerName="ICSWS068" duration="00:00:00.0047201" startTime="2016-08-04T09:57:09.3461623+02:00" endTime="2016-08-04T09:57:09.3521848+02:00" testType="13cdc9d9-ddb5-4fa4-a97d-d965ccfc6d4b" outcome="Passed" testListId="8c84fa94-04c1-424b-9868-57a2d4851a1d" relativeResultsDirectory="7eeeb442-ed3f-4aec-946e-dfa76c6f3f56" />
    <UnitTestResult executionId="6b5339de-df2f-49cd-9beb-a0087fbac073" testId="4554da08-2852-4ecd-ded0-ad0d01142efd" testName="ITimerEvent_Implemented_Verified" computerName="ICSWS068" duration="00:00:00.0041685" startTime="2016-08-04T09:57:09.3546709+02:00" endTime="2016-08-04T09:57:09.3601764+02:00" testType="13cdc9d9-ddb5-4fa4-a97d-d965ccfc6d4b" outcome="Passed" testListId="8c84fa94-04c1-424b-9868-57a2d4851a1d" relativeResultsDirectory="6b5339de-df2f-49cd-9beb-a0087fbac073" />
    <UnitTestResult executionId="dd9f96ea-a0dc-4b01-a349-f8030e3ca596" testId="e41e8783-2063-9731-c1c6-b047d322ecef" testName="EventType_ReturnsExpectedValue" computerName="ICSWS068" duration="00:00:00.0045230" startTime="2016-08-04T09:57:09.3631784+02:00" endTime="2016-08-04T09:57:09.3686813+02:00" testType="13cdc9d9-ddb5-4fa4-a97d-d965ccfc6d4b" outcome="Passed" testListId="8c84fa94-04c1-424b-9868-57a2d4851a1d" relativeResultsDirectory="dd9f96ea-a0dc-4b01-a349-f8030e3ca596" />
    <UnitTestResult executionId="43aedba0-de14-4b9c-b297-cbc91f13d685" testId="d7c21bab-2b87-cd06-3714-b3507f171fa7" testName="Timer_ReturnsExpectedValue" computerName="ICSWS068" duration="00:00:00.0046148" startTime="2016-08-04T09:57:09.3731850+02:00" endTime="2016-08-04T09:57:09.3791899+02:00" testType="13cdc9d9-ddb5-4fa4-a97d-d965ccfc6d4b" outcome="Passed" testListId="8c84fa94-04c1-424b-9868-57a2d4851a1d" relativeResultsDirectory="43aedba0-de14-4b9c-b297-cbc91f13d685" />
    <UnitTestResult executionId="370a918d-f21b-41ad-a876-e16a06006360" testId="721b5ff4-e550-2bb8-3774-5ea7429a1fef" testName="Priority_ReturnsExpectedValue" computerName="ICSWS068" duration="00:00:00.0050743" startTime="2016-08-04T09:57:09.3811895+02:00" endTime="2016-08-04T09:57:09.3881261+02:00" testType="13cdc9d9-ddb5-4fa4-a97d-d965ccfc6d4b" outcome="Passed" testListId="8c84fa94-04c1-424b-9868-57a2d4851a1d" relativeResultsDirectory="370a918d-f21b-41ad-a876-e16a06006360" />
    <UnitTestResult executionId="9a3c6146-9709-4fab-8a2a-23b5c752b120" testId="62644e28-1a95-cd93-53ef-add7539bc633" testName="Test_BinarySerialization" computerName="ICSWS068" duration="00:00:00.0124524" startTime="2016-08-04T09:57:09.3911117+02:00" endTime="2016-08-04T09:57:09.4047211+02:00" testType="13cdc9d9-ddb5-4fa4-a97d-d965ccfc6d4b" outcome="Passed" testListId="8c84fa94-04c1-424b-9868-57a2d4851a1d" relativeResultsDirectory="9a3c6146-9709-4fab-8a2a-23b5c752b120" />
    <UnitTestResult executionId="af894296-4029-4a88-a18a-5388be64300d" testId="135ea9d3-6372-f97c-592f-cb448c0ab7fa" testName="ITimer_HasCorrectNumberOfMembers" computerName="ICSWS068" duration="00:00:00.0119786" startTime="2016-08-04T09:57:09.4077076+02:00" endTime="2016-08-04T09:57:09.4212188+02:00" testType="13cdc9d9-ddb5-4fa4-a97d-d965ccfc6d4b" outcome="Passed" testListId="8c84fa94-04c1-424b-9868-57a2d4851a1d" relativeResultsDirectory="af894296-4029-4a88-a18a-5388be64300d" />
    <UnitTestResult executionId="2ed05aff-f39b-4ef6-9f0f-03326a36c440" testId="99b956c5-7196-223f-274f-ade0ac367e71" testName="IEntity_Implemented_Verified" computerName="ICSWS068" duration="00:00:00.0073056" startTime="2016-08-04T09:57:09.4237255+02:00" endTime="2016-08-04T09:57:09.4322327+02:00" testType="13cdc9d9-ddb5-4fa4-a97d-d965ccfc6d4b" outcome="Passed" testListId="8c84fa94-04c1-424b-9868-57a2d4851a1d" relativeResultsDirectory="2ed05aff-f39b-4ef6-9f0f-03326a36c440" />
    <UnitTestResult executionId="0c69e9fa-eb32-4d1b-8c4f-97cbf71ee3d8" testId="bd2a2e21-9296-a1e9-e4c1-7af084c63d52" testName="IGuidKeyEntity_Implemented_Verified" computerName="ICSWS068" duration="00:00:00.0076845" startTime="2016-08-04T09:57:09.4352526+02:00" endTime="2016-08-04T09:57:09.4444594+02:00" testType="13cdc9d9-ddb5-4fa4-a97d-d965ccfc6d4b" outcome="Passed" testListId="8c84fa94-04c1-424b-9868-57a2d4851a1d" relativeResultsDirectory="0c69e9fa-eb32-4d1b-8c4f-97cbf71ee3d8" />
    <UnitTestResult executionId="ee54e67f-7845-424a-9466-83d53bdf5611" testId="d21668bd-9cfe-7228-6134-58e7a06a9ca3" testName="INamedEntity_Implemented_Verified" computerName="ICSWS068" duration="00:00:00.0073109" startTime="2016-08-04T09:57:09.4469456+02:00" endTime="2016-08-04T09:57:09.4559701+02:00" testType="13cdc9d9-ddb5-4fa4-a97d-d965ccfc6d4b" outcome="Passed" testListId="8c84fa94-04c1-424b-9868-57a2d4851a1d" relativeResultsDirectory="ee54e67f-7845-424a-9466-83d53bdf5611" />
    <UnitTestResult executionId="4a5cde7c-a6d7-4661-b774-387b39f2eca8" testId="35aabd8a-41bf-240a-20de-50978d10232b" testName="IDescriptiveEntity_Implemented_Verified" computerName="ICSWS068" duration="00:00:00.0086687" startTime="2016-08-04T09:57:09.4589566+02:00" endTime="2016-08-04T09:57:09.4689825+02:00" testType="13cdc9d9-ddb5-4fa4-a97d-d965ccfc6d4b" outcome="Passed" testListId="8c84fa94-04c1-424b-9868-57a2d4851a1d" relativeResultsDirectory="4a5cde7c-a6d7-4661-b774-387b39f2eca8" />
    <UnitTestResult executionId="f0b7f17f-dba4-48e0-9975-ad72024bcf7a" testId="5a26ba53-010e-e7fa-4d8b-651ab7961185" testName="ITimer_Implemented_Verified" computerName="ICSWS068" duration="00:00:00.0073628" startTime="2016-08-04T09:57:09.4714848+02:00" endTime="2016-08-04T09:57:09.4801477+02:00" testType="13cdc9d9-ddb5-4fa4-a97d-d965ccfc6d4b" outcome="Passed" testListId="8c84fa94-04c1-424b-9868-57a2d4851a1d" relativeResultsDirectory="f0b7f17f-dba4-48e0-9975-ad72024bcf7a" />
    <UnitTestResult executionId="fc65de01-3be0-4c3c-befe-9a236e97a410" testId="bbfac13b-0d61-7a52-f399-5f9bd8d04d26" testName="ICategorizableEntity_Implemented_Verified" computerName="ICSWS068" duration="00:00:00.0074171" startTime="2016-08-04T09:57:09.4829998+02:00" endTime="2016-08-04T09:57:09.4915076+02:00" testType="13cdc9d9-ddb5-4fa4-a97d-d965ccfc6d4b" outcome="Passed" testListId="8c84fa94-04c1-424b-9868-57a2d4851a1d" relativeResultsDirectory="fc65de01-3be0-4c3c-befe-9a236e97a410" />
    <UnitTestResult executionId="c027d961-edcc-4ae9-87c9-202f9da14096" testId="b8ad52bd-eaf1-70ee-719e-d8fd55d6c33d" testName="IntervalType_ReturnsExpctedValue" computerName="ICSWS068" duration="00:00:00.0081933" startTime="2016-08-04T09:57:09.4943275+02:00" endTime="2016-08-04T09:57:09.5043335+02:00" testType="13cdc9d9-ddb5-4fa4-a97d-d965ccfc6d4b" outcome="Passed" testListId="8c84fa94-04c1-424b-9868-57a2d4851a1d" relativeResultsDirectory="c027d961-edcc-4ae9-87c9-202f9da14096" />
    <UnitTestResult executionId="34cd3bec-a6ea-44cb-9b89-a04b339ec30f" testId="a787ebc9-c1db-7c46-1ca6-ebdf0ea59b2d" testName="ValidWeekDays_ReturnsExpctedValue" computerName="ICSWS068" duration="00:00:00.0170952" startTime="2016-08-04T09:57:09.5073358+02:00" endTime="2016-08-04T09:57:09.5257718+02:00" testType="13cdc9d9-ddb5-4fa4-a97d-d965ccfc6d4b" outcome="Passed" testListId="8c84fa94-04c1-424b-9868-57a2d4851a1d" relativeResultsDirectory="34cd3bec-a6ea-44cb-9b89-a04b339ec30f" />
    <UnitTestResult executionId="091be9b8-7cb7-4cde-a626-9f0fa9cd8f42" testId="91e87e4c-3c8e-f245-8e76-b909eb6df8df" testName="Interval_ReturnsExpectedValue" computerName="ICSWS068" duration="00:00:00.0073174" startTime="2016-08-04T09:57:09.5282736+02:00" endTime="2016-08-04T09:57:09.5367854+02:00" testType="13cdc9d9-ddb5-4fa4-a97d-d965ccfc6d4b" outcome="Passed" testListId="8c84fa94-04c1-424b-9868-57a2d4851a1d" relativeResultsDirectory="091be9b8-7cb7-4cde-a626-9f0fa9cd8f42" />
    <UnitTestResult executionId="4c376d8f-19fa-4a8f-9e12-5f2412d171bd" testId="94760faf-0be4-e719-b87e-bee8162d699c" testName="ValidDaysOfMonth_ReturnsExpectedValue" computerName="ICSWS068" duration="00:00:00.0085188" startTime="2016-08-04T09:57:09.5393030+02:00" endTime="2016-08-04T09:57:09.5491832+02:00" testType="13cdc9d9-ddb5-4fa4-a97d-d965ccfc6d4b" outcome="Passed" testListId="8c84fa94-04c1-424b-9868-57a2d4851a1d" relativeResultsDirectory="4c376d8f-19fa-4a8f-9e12-5f2412d171bd" />
    <UnitTestResult executionId="952e3639-c69e-4e17-a815-67393e4627d7" testId="7e994d8f-5a23-da47-9501-3819bb5a7a6b" testName="TimerEvents_ReturnsExpectedValue" computerName="ICSWS068" duration="00:00:00.0078511" startTime="2016-08-04T09:57:09.5516696+02:00" endTime="2016-08-04T09:57:09.5610302+02:00" testType="13cdc9d9-ddb5-4fa4-a97d-d965ccfc6d4b" outcome="Passed" testListId="8c84fa94-04c1-424b-9868-57a2d4851a1d" relativeResultsDirectory="952e3639-c69e-4e17-a815-67393e4627d7" />
    <UnitTestResult executionId="2a30879c-b1d9-4b0b-98d7-380b9a5cb8ff" testId="7548949a-86ed-121f-47f1-79c04dce947b" testName="Active_ReturnsExpectedValue" computerName="ICSWS068" duration="00:00:00.0072924" startTime="2016-08-04T09:57:09.5640480+02:00" endTime="2016-08-04T09:57:09.5725567+02:00" testType="13cdc9d9-ddb5-4fa4-a97d-d965ccfc6d4b" outcome="Passed" testListId="8c84fa94-04c1-424b-9868-57a2d4851a1d" relativeResultsDirectory="2a30879c-b1d9-4b0b-98d7-380b9a5cb8ff" />
    <UnitTestResult executionId="1691dd60-fa23-4297-b5bb-1c688818d983" testId="0713fc24-5f56-188b-61bc-ff589b97bf61" testName="ValidFromTimeOfDay_ReturnsExpectedValue" computerName="ICSWS068" duration="00:00:00.0078309" startTime="2016-08-04T09:57:09.5755417+02:00" endTime="2016-08-04T09:57:09.5844131+02:00" testType="13cdc9d9-ddb5-4fa4-a97d-d965ccfc6d4b" outcome="Passed" testListId="8c84fa94-04c1-424b-9868-57a2d4851a1d" relativeResultsDirectory="1691dd60-fa23-4297-b5bb-1c688818d983" />
    <UnitTestResult executionId="691bba79-6bf2-4fc7-949c-8b180848fadc" testId="59a5a761-416b-6b01-aca1-a8b6021b4534" testName="ValidToTimeOfDay_ReturnsExpectedValue" computerName="ICSWS068" duration="00:00:00.0075138" startTime="2016-08-04T09:57:09.5874139+02:00" endTime="2016-08-04T09:57:09.5964266+02:00" testType="13cdc9d9-ddb5-4fa4-a97d-d965ccfc6d4b" outcome="Passed" testListId="8c84fa94-04c1-424b-9868-57a2d4851a1d" relativeResultsDirectory="691bba79-6bf2-4fc7-949c-8b180848fadc" />
    <UnitTestResult executionId="d8aa0d12-6c73-4959-ac2f-36b918282fc0" testId="b19f8b3e-63b3-3450-a4da-d2510fbbc9c5" testName="LastFired_ReturnsExpectedValue" computerName="ICSWS068" duration="00:00:00.0078631" startTime="2016-08-04T09:57:09.5989281+02:00" endTime="2016-08-04T09:57:09.6079399+02:00" testType="13cdc9d9-ddb5-4fa4-a97d-d965ccfc6d4b" outcome="Passed" testListId="8c84fa94-04c1-424b-9868-57a2d4851a1d" relativeResultsDirectory="d8aa0d12-6c73-4959-ac2f-36b918282fc0" />
    <UnitTestResult executionId="045db723-388d-43b4-ac85-1b0ebbc89fb8" testId="42184bba-5aa5-9c54-a8cb-e8c7fba0b66a" testName="ValidWeekDays_ReturnsExpectedValue" computerName="ICSWS068" duration="00:00:00.0072089" startTime="2016-08-04T09:57:09.6109581+02:00" endTime="2016-08-04T09:57:09.6199650+02:00" testType="13cdc9d9-ddb5-4fa4-a97d-d965ccfc6d4b" outcome="Passed" testListId="8c84fa94-04c1-424b-9868-57a2d4851a1d" relativeResultsDirectory="045db723-388d-43b4-ac85-1b0ebbc89fb8" />
    <UnitTestResult executionId="290a8c04-70e7-4312-93ee-00baa652611c" testId="4f5fabf8-a3d9-bd80-2c6e-5f6bb113c7ec" testName="Test_BinarySerialization" computerName="ICSWS068" duration="00:00:00.0081968" startTime="2016-08-04T09:57:09.6219491+02:00" endTime="2016-08-04T09:57:09.6320697+02:00" testType="13cdc9d9-ddb5-4fa4-a97d-d965ccfc6d4b" outcome="Passed" testListId="8c84fa94-04c1-424b-9868-57a2d4851a1d" relativeResultsDirectory="290a8c04-70e7-4312-93ee-00baa652611c" />
    <UnitTestResult executionId="c35267e0-3a1c-4de7-8c83-0cf912fd5d69" testId="a20c9152-010c-ce0e-3458-f88a0ca4bc63" testName="Test_PublicSystemContext_GetInstanceOfEntity" computerName="ICSWS068" duration="00:00:00.0090669" startTime="2016-08-04T09:57:09.6350723+02:00" endTime="2016-08-04T09:57:09.6450854+02:00" testType="13cdc9d9-ddb5-4fa4-a97d-d965ccfc6d4b" outcome="Passed" testListId="8c84fa94-04c1-424b-9868-57a2d4851a1d" relativeResultsDirectory="c35267e0-3a1c-4de7-8c83-0cf912fd5d69" />
    <UnitTestResult executionId="a3e3b62d-ea70-415c-a1be-aa923d7c7f6d" testId="adcf8d00-2c61-2c50-c0e3-46dbaf64bca3" testName="IUserData_Implemented_Verified" computerName="ICSWS068" duration="00:00:00.0964080" startTime="2016-08-04T09:57:09.6480874+02:00" endTime="2016-08-04T09:57:09.7458042+02:00" testType="13cdc9d9-ddb5-4fa4-a97d-d965ccfc6d4b" outcome="Passed" testListId="8c84fa94-04c1-424b-9868-57a2d4851a1d" relativeResultsDirectory="a3e3b62d-ea70-415c-a1be-aa923d7c7f6d" />
    <UnitTestResult executionId="f1e94e39-e545-4492-801c-5b69556a6bd0" testId="39927b87-4809-0329-4c12-91e77aaa45c3" testName="IEntity_Implemented_Verified" computerName="ICSWS068" duration="00:00:00.0048869" startTime="2016-08-04T09:57:09.7487906+02:00" endTime="2016-08-04T09:57:09.7548284+02:00" testType="13cdc9d9-ddb5-4fa4-a97d-d965ccfc6d4b" outcome="Passed" testListId="8c84fa94-04c1-424b-9868-57a2d4851a1d" relativeResultsDirectory="f1e94e39-e545-4492-801c-5b69556a6bd0" />
    <UnitTestResult executionId="9169057d-dc07-438c-9805-a4e3736fd10d" testId="9b5757ce-0aad-e3d1-affc-20bcfedf02f4" testName="IDescriptiveEntity_Implemented_Verified" computerName="ICSWS068" duration="00:00:00.0060567" startTime="2016-08-04T09:57:09.7578160+02:00" endTime="2016-08-04T09:57:09.7648431+02:00" testType="13cdc9d9-ddb5-4fa4-a97d-d965ccfc6d4b" outcome="Passed" testListId="8c84fa94-04c1-424b-9868-57a2d4851a1d" relativeResultsDirectory="9169057d-dc07-438c-9805-a4e3736fd10d" />
    <UnitTestResult executionId="14312e99-c48f-4080-9158-6a6ab865d8e1" testId="5585d980-c9c3-1e71-0a44-008e4e152e76" testName="INamedEntity_Implemented_Verified" computerName="ICSWS068" duration="00:00:00.0317581" startTime="2016-08-04T09:57:09.7678217+02:00" endTime="2016-08-04T09:57:09.8006748+02:00" testType="13cdc9d9-ddb5-4fa4-a97d-d965ccfc6d4b" outcome="Passed" testListId="8c84fa94-04c1-424b-9868-57a2d4851a1d" relativeResultsDirectory="14312e99-c48f-4080-9158-6a6ab865d8e1" />
    <UnitTestResult executionId="ba6eff91-aa0e-4475-bcc7-81d57ea46026" testId="f9073176-46df-d64a-1e4f-be75384c3c59" testName="IGuidKeyEntity_Implemented_Verified" computerName="ICSWS068" duration="00:00:00.0060849" startTime="2016-08-04T09:57:09.8036768+02:00" endTime="2016-08-04T09:57:09.8116828+02:00" testType="13cdc9d9-ddb5-4fa4-a97d-d965ccfc6d4b" outcome="Passed" testListId="8c84fa94-04c1-424b-9868-57a2d4851a1d" relativeResultsDirectory="ba6eff91-aa0e-4475-bcc7-81d57ea46026" />
    <UnitTestResult executionId="6b056814-6253-4ff3-85b4-1d130e2ffad7" testId="c5b1ca63-3000-8456-9835-0b2c04bcc7e2" testName="IUser_Implemented_Verified" computerName="ICSWS068" duration="00:00:00.0171714" startTime="2016-08-04T09:57:09.8146848+02:00" endTime="2016-08-04T09:57:09.8331983+02:00" testType="13cdc9d9-ddb5-4fa4-a97d-d965ccfc6d4b" outcome="Passed" testListId="8c84fa94-04c1-424b-9868-57a2d4851a1d" relativeResultsDirectory="6b056814-6253-4ff3-85b4-1d130e2ffad7" />
    <UnitTestResult executionId="439797b5-13b5-4b36-a449-549d9fa365eb" testId="437dfa8b-d2e0-aa65-db4b-da3748f7e35a" testName="Test_BinarySerialization" computerName="ICSWS068" duration="00:00:00.0098267" startTime="2016-08-04T09:57:09.8356997+02:00" endTime="2016-08-04T09:57:09.8467077+02:00" testType="13cdc9d9-ddb5-4fa4-a97d-d965ccfc6d4b" outcome="Passed" testListId="8c84fa94-04c1-424b-9868-57a2d4851a1d" relativeResultsDirectory="439797b5-13b5-4b36-a449-549d9fa365eb" />
    <UnitTestResult executionId="00f93d52-e7d6-47c5-97ff-73baf480f18d" testId="b3041ce5-acea-0d0c-0878-71ed3938a6a6" testName="Test_PublicSystemContext_GetInstanceOfEntity" computerName="ICSWS068" duration="00:00:00.0077757" startTime="2016-08-04T09:57:09.8497103+02:00" endTime="2016-08-04T09:57:09.8587172+02:00" testType="13cdc9d9-ddb5-4fa4-a97d-d965ccfc6d4b" outcome="Passed" testListId="8c84fa94-04c1-424b-9868-57a2d4851a1d" relativeResultsDirectory="00f93d52-e7d6-47c5-97ff-73baf480f18d" />
    <UnitTestResult executionId="5f05ff9c-b8dd-40e8-ad70-0f013a5c9318" testId="6b3211a7-96b3-7ccb-9ced-fc6569a6ddde" testName="IEntity_Implemented_Verified" computerName="ICSWS068" duration="00:00:00.2027799" startTime="2016-08-04T09:57:09.8627195+02:00" endTime="2016-08-04T09:57:10.0669779+02:00" testType="13cdc9d9-ddb5-4fa4-a97d-d965ccfc6d4b" outcome="Passed" testListId="8c84fa94-04c1-424b-9868-57a2d4851a1d" relativeResultsDirectory="5f05ff9c-b8dd-40e8-ad70-0f013a5c9318" />
    <UnitTestResult executionId="749f4827-00b0-4b34-a986-55c6be523246" testId="ba073b9c-cc8d-31f2-de05-bd5c4cd4aa80" testName="IDescriptiveEntity_Implemented_Verified" computerName="ICSWS068" duration="00:00:00.0063699" startTime="2016-08-04T09:57:10.0699646+02:00" endTime="2016-08-04T09:57:10.0774756+02:00" testType="13cdc9d9-ddb5-4fa4-a97d-d965ccfc6d4b" outcome="Passed" testListId="8c84fa94-04c1-424b-9868-57a2d4851a1d" relativeResultsDirectory="749f4827-00b0-4b34-a986-55c6be523246" />
    <UnitTestResult executionId="65c15995-2163-43ef-9be2-81bd5a8b0846" testId="0cc2aed5-fe0b-1444-066f-d2dd39fc4591" testName="INamedEntity_Implemented_Verified" computerName="ICSWS068" duration="00:00:00.0053676" startTime="2016-08-04T09:57:10.0819750+02:00" endTime="2016-08-04T09:57:10.0889848+02:00" testType="13cdc9d9-ddb5-4fa4-a97d-d965ccfc6d4b" outcome="Passed" testListId="8c84fa94-04c1-424b-9868-57a2d4851a1d" relativeResultsDirectory="65c15995-2163-43ef-9be2-81bd5a8b0846" />
    <UnitTestResult executionId="670af56d-29cf-4204-bb90-b9500252129a" testId="663efa45-e772-506f-273e-fb98bc8bbd47" testName="IGuidKeyEntity_Implemented_Verified" computerName="ICSWS068" duration="00:00:00.0051617" startTime="2016-08-04T09:57:10.0914716+02:00" endTime="2016-08-04T09:57:10.0982627+02:00" testType="13cdc9d9-ddb5-4fa4-a97d-d965ccfc6d4b" outcome="Passed" testListId="8c84fa94-04c1-424b-9868-57a2d4851a1d" relativeResultsDirectory="670af56d-29cf-4204-bb90-b9500252129a" />
    <UnitTestResult executionId="e6339b6a-f7d8-4d1c-a7e8-7c431de19d1d" testId="d292583c-2958-906c-e28b-f4acefac03c7" testName="ICompilableEntity_Implemented_Verified" computerName="ICSWS068" duration="00:00:00.0053473" startTime="2016-08-04T09:57:10.1007477+02:00" endTime="2016-08-04T09:57:10.1072581+02:00" testType="13cdc9d9-ddb5-4fa4-a97d-d965ccfc6d4b" outcome="Passed" testListId="8c84fa94-04c1-424b-9868-57a2d4851a1d" relativeResultsDirectory="e6339b6a-f7d8-4d1c-a7e8-7c431de19d1d" />
    <UnitTestResult executionId="28aa2ee6-0d7b-444b-8a0a-bddc262213a7" testId="d96db7fd-5616-44e3-1f17-5e295d15199f" testName="IWebServiceDefinition_Implemented_Verified" computerName="ICSWS068" duration="00:00:00.0064497" startTime="2016-08-04T09:57:10.1107592+02:00" endTime="2016-08-04T09:57:10.1187656+02:00" testType="13cdc9d9-ddb5-4fa4-a97d-d965ccfc6d4b" outcome="Passed" testListId="8c84fa94-04c1-424b-9868-57a2d4851a1d" relativeResultsDirectory="28aa2ee6-0d7b-444b-8a0a-bddc262213a7" />
    <UnitTestResult executionId="947675ef-963c-4f36-8fc9-8550aa97c94e" testId="0e27d9e7-1246-1e69-34fb-4392793538e3" testName="ICategorizableEntity_Implemented_Verified" computerName="ICSWS068" duration="00:00:00.0056409" startTime="2016-08-04T09:57:10.1212822+02:00" endTime="2016-08-04T09:57:10.1282719+02:00" testType="13cdc9d9-ddb5-4fa4-a97d-d965ccfc6d4b" outcome="Passed" testListId="8c84fa94-04c1-424b-9868-57a2d4851a1d" relativeResultsDirectory="947675ef-963c-4f36-8fc9-8550aa97c94e" />
    <UnitTestResult executionId="c6cacc72-bc94-46e0-b283-48ec831474b6" testId="07e004c1-e1bd-da0d-4ba7-202f04b35407" testName="Test_BinarySerialization" computerName="ICSWS068" duration="00:00:00.0123516" startTime="2016-08-04T09:57:10.1312753+02:00" endTime="2016-08-04T09:57:10.1452273+02:00" testType="13cdc9d9-ddb5-4fa4-a97d-d965ccfc6d4b" outcome="Passed" testListId="8c84fa94-04c1-424b-9868-57a2d4851a1d" relativeResultsDirectory="c6cacc72-bc94-46e0-b283-48ec831474b6" />
    <UnitTestResult executionId="817a5e7f-f859-4771-ac63-8135f625933a" testId="a56bfe24-6690-ae5c-f819-2167a5266c5d" testName="Test_PublicSystemContext_GetInstanceOfEntity" computerName="ICSWS068" duration="00:00:00.0063394" startTime="2016-08-04T09:57:10.1482290+02:00" endTime="2016-08-04T09:57:10.1557391+02:00" testType="13cdc9d9-ddb5-4fa4-a97d-d965ccfc6d4b" outcome="Passed" testListId="8c84fa94-04c1-424b-9868-57a2d4851a1d" relativeResultsDirectory="817a5e7f-f859-4771-ac63-8135f625933a" />
    <UnitTestResult executionId="8fd72078-a0a0-4f70-9d76-c5c75a541367" testId="a3bf3720-1d09-0e5b-1272-8da853b04168" testName="IEntity_Implemented_Verified" computerName="ICSWS068" duration="00:00:00.0788937" startTime="2016-08-04T09:57:10.1582406+02:00" endTime="2016-08-04T09:57:10.2383245+02:00" testType="13cdc9d9-ddb5-4fa4-a97d-d965ccfc6d4b" outcome="Passed" testListId="8c84fa94-04c1-424b-9868-57a2d4851a1d" relativeResultsDirectory="8fd72078-a0a0-4f70-9d76-c5c75a541367" />
    <UnitTestResult executionId="f079461b-a85b-42bf-86f9-c4febd1ef226" testId="7ba68468-585f-f579-3264-49f0f27800bc" testName="IDescriptiveEntity_Implemented_Verified" computerName="ICSWS068" duration="00:00:00.0060247" startTime="2016-08-04T09:57:10.2413271+02:00" endTime="2016-08-04T09:57:10.2502466+02:00" testType="13cdc9d9-ddb5-4fa4-a97d-d965ccfc6d4b" outcome="Passed" testListId="8c84fa94-04c1-424b-9868-57a2d4851a1d" relativeResultsDirectory="f079461b-a85b-42bf-86f9-c4febd1ef226" />
    <UnitTestResult executionId="aa2b5ba5-bd83-4ddc-9626-52ce8b48e6f7" testId="d2b5d421-4a7f-9da2-8607-76c7d64e4f03" testName="INamedEntity_Implemented_Verified" computerName="ICSWS068" duration="00:00:00.0053857" startTime="2016-08-04T09:57:10.2532524+02:00" endTime="2016-08-04T09:57:10.2597561+02:00" testType="13cdc9d9-ddb5-4fa4-a97d-d965ccfc6d4b" outcome="Passed" testListId="8c84fa94-04c1-424b-9868-57a2d4851a1d" relativeResultsDirectory="aa2b5ba5-bd83-4ddc-9626-52ce8b48e6f7" />
    <UnitTestResult executionId="8ae9d921-1e84-4dbf-a465-186eae144f89" testId="065b898b-283e-26a6-c073-163c50e33f62" testName="ICategorizableEntity_Implemented_Verified" computerName="ICSWS068" duration="00:00:00.0049547" startTime="2016-08-04T09:57:10.2627619+02:00" endTime="2016-08-04T09:57:10.2687668+02:00" testType="13cdc9d9-ddb5-4fa4-a97d-d965ccfc6d4b" outcome="Passed" testListId="8c84fa94-04c1-424b-9868-57a2d4851a1d" relativeResultsDirectory="8ae9d921-1e84-4dbf-a465-186eae144f89" />
    <UnitTestResult executionId="4f0a0944-7dc2-46f4-8b1f-b4ecc8d70c58" testId="0953f437-9899-2f69-05d9-edba4e4283ec" testName="IGuidKeyEntity_Implemented_Verified" computerName="ICSWS068" duration="00:00:00.0050444" startTime="2016-08-04T09:57:10.2717688+02:00" endTime="2016-08-04T09:57:10.2782901+02:00" testType="13cdc9d9-ddb5-4fa4-a97d-d965ccfc6d4b" outcome="Passed" testListId="8c84fa94-04c1-424b-9868-57a2d4851a1d" relativeResultsDirectory="4f0a0944-7dc2-46f4-8b1f-b4ecc8d70c58" />
    <UnitTestResult executionId="189589fe-2ed8-4b2c-98cb-1fdfa4f33f94" testId="e28cf245-7cbf-d448-6ead-1e894e5bc590" testName="ICompilableEntity_Implemented_Verified" computerName="ICSWS068" duration="00:00:00.0049497" startTime="2016-08-04T09:57:10.2812760+02:00" endTime="2016-08-04T09:57:10.2872856+02:00" testType="13cdc9d9-ddb5-4fa4-a97d-d965ccfc6d4b" outcome="Passed" testListId="8c84fa94-04c1-424b-9868-57a2d4851a1d" relativeResultsDirectory="189589fe-2ed8-4b2c-98cb-1fdfa4f33f94" />
    <UnitTestResult executionId="7d141bfa-b78f-4ee2-a500-0c3b2e909ea9" testId="562d80d4-6ca6-10ce-46f3-b78854091450" testName="IWorkflow_Implemented_Verified" computerName="ICSWS068" duration="00:00:00.0054016" startTime="2016-08-04T09:57:10.2898058+02:00" endTime="2016-08-04T09:57:10.2967907+02:00" testType="13cdc9d9-ddb5-4fa4-a97d-d965ccfc6d4b" outcome="Passed" testListId="8c84fa94-04c1-424b-9868-57a2d4851a1d" relativeResultsDirectory="7d141bfa-b78f-4ee2-a500-0c3b2e909ea9" />
    <UnitTestResult executionId="c312d653-82ce-4740-b15f-e740e349f4c2" testId="a3cec5a3-daea-a8e0-2c94-b5f0e3a0515b" testName="Test_BinarySerialization" computerName="ICSWS068" duration="00:00:00.0116821" startTime="2016-08-04T09:57:10.2992924+02:00" endTime="2016-08-04T09:57:10.3128080+02:00" testType="13cdc9d9-ddb5-4fa4-a97d-d965ccfc6d4b" outcome="Passed" testListId="8c84fa94-04c1-424b-9868-57a2d4851a1d" relativeResultsDirectory="c312d653-82ce-4740-b15f-e740e349f4c2" />
    <UnitTestResult executionId="cb13c5bf-fd9b-4bf3-bab6-b3737d6b6929" testId="733e8112-42e0-276d-475d-32d4eecc47ee" testName="Test_PublicSystemContext_GetInstanceOfEntity" computerName="ICSWS068" duration="00:00:00.0062804" startTime="2016-08-04T09:57:10.3158091+02:00" endTime="2016-08-04T09:57:10.3233143+02:00" testType="13cdc9d9-ddb5-4fa4-a97d-d965ccfc6d4b" outcome="Passed" testListId="8c84fa94-04c1-424b-9868-57a2d4851a1d" relativeResultsDirectory="cb13c5bf-fd9b-4bf3-bab6-b3737d6b6929" />
  </Results>
  <TestDefinitions>
    <UnitTest name="IEntity_Implemented_Verified" storage="f:\etwork\bin\tests\unittests.icore.public.entities.dll" id="124e003c-c90b-3dfd-0c03-846569656826">
      <Execution id="6cf4a419-1c36-4c5b-899f-bbde8589e877" />
      <TestMethod codeBase="F:\ETWork\bin\Tests\UnitTests.iCore.Public.Entities.dll" adapterTypeName="Microsoft.VisualStudio.TestTools.TestTypes.Unit.UnitTestAdapter" className="UnitTests.iCore.Public.Entities.AdapterFlowTests" name="IEntity_Implemented_Verified" />
    </UnitTest>
    <UnitTest name="IDescriptiveEntity_Implemented_Verified" storage="f:\etwork\bin\tests\unittests.icore.public.entities.dll" id="59b3a6b7-a1ca-4ccc-f508-8cf2c055203e">
      <Execution id="f9265a9c-3439-4397-bbd2-7db32d7bcc96" />
      <TestMethod codeBase="F:\ETWork\bin\Tests\UnitTests.iCore.Public.Entities.dll" adapterTypeName="Microsoft.VisualStudio.TestTools.TestTypes.Unit.UnitTestAdapter" className="UnitTests.iCore.Public.Entities.AdapterFlowTests" name="IDescriptiveEntity_Implemented_Verified" />
    </UnitTest>
    <UnitTest name="INamedEntity_Implemented_Verified" storage="f:\etwork\bin\tests\unittests.icore.public.entities.dll" id="235b1afa-8c2f-b652-0785-1217882f9936">
      <Execution id="a8eb0307-69c0-4080-a583-f60b3bb25c57" />
      <TestMethod codeBase="F:\ETWork\bin\Tests\UnitTests.iCore.Public.Entities.dll" adapterTypeName="Microsoft.VisualStudio.TestTools.TestTypes.Unit.UnitTestAdapter" className="UnitTests.iCore.Public.Entities.AdapterFlowTests" name="INamedEntity_Implemented_Verified" />
    </UnitTest>
    <UnitTest name="ICategorizableEntity_Implemented_Verified" storage="f:\etwork\bin\tests\unittests.icore.public.entities.dll" id="e6dd6423-c123-a1dd-f18b-2834d7c53cb6">
      <Execution id="8d0695df-a77a-4213-92d5-3ffc0e5c61bb" />
      <TestMethod codeBase="F:\ETWork\bin\Tests\UnitTests.iCore.Public.Entities.dll" adapterTypeName="Microsoft.VisualStudio.TestTools.TestTypes.Unit.UnitTestAdapter" className="UnitTests.iCore.Public.Entities.AdapterFlowTests" name="ICategorizableEntity_Implemented_Verified" />
    </UnitTest>
    <UnitTest name="IGuidKeyEntity_Implemented_Verified" storage="f:\etwork\bin\tests\unittests.icore.public.entities.dll" id="d6f172af-6510-919b-4c6d-14b9d69951fd">
      <Execution id="ebf9109b-8497-4303-a205-7ab6683f7a3d" />
      <TestMethod codeBase="F:\ETWork\bin\Tests\UnitTests.iCore.Public.Entities.dll" adapterTypeName="Microsoft.VisualStudio.TestTools.TestTypes.Unit.UnitTestAdapter" className="UnitTests.iCore.Public.Entities.AdapterFlowTests" name="IGuidKeyEntity_Implemented_Verified" />
    </UnitTest>
    <UnitTest name="ICompilableEntity_Implemented_Verified" storage="f:\etwork\bin\tests\unittests.icore.public.entities.dll" id="c334e47c-299c-e55c-1b5e-d38a90fe1916">
      <Execution id="9c306b6a-0cfd-40fc-b8a2-174f3394a719" />
      <TestMethod codeBase="F:\ETWork\bin\Tests\UnitTests.iCore.Public.Entities.dll" adapterTypeName="Microsoft.VisualStudio.TestTools.TestTypes.Unit.UnitTestAdapter" className="UnitTests.iCore.Public.Entities.AdapterFlowTests" name="ICompilableEntity_Implemented_Verified" />
    </UnitTest>
    <UnitTest name="IAdapterFlow_Implemented_Verified" storage="f:\etwork\bin\tests\unittests.icore.public.entities.dll" id="0f77a47a-c6e9-4ac4-f5da-dd9a3d9b8d54">
      <Execution id="02cc9357-60f6-4400-b4bf-e762fd63b6d2" />
      <TestMethod codeBase="F:\ETWork\bin\Tests\UnitTests.iCore.Public.Entities.dll" adapterTypeName="Microsoft.VisualStudio.TestTools.TestTypes.Unit.UnitTestAdapter" className="UnitTests.iCore.Public.Entities.AdapterFlowTests" name="IAdapterFlow_Implemented_Verified" />
    </UnitTest>
    <UnitTest name="Test_BinarySerialization" storage="f:\etwork\bin\tests\unittests.icore.public.entities.dll" id="57639dd2-3606-b124-69bb-9533923a33e7">
      <Execution id="32a8a454-2496-49ca-8e6c-d95a27de42e0" />
      <TestMethod codeBase="F:\ETWork\bin\Tests\UnitTests.iCore.Public.Entities.dll" adapterTypeName="Microsoft.VisualStudio.TestTools.TestTypes.Unit.UnitTestAdapter" className="UnitTests.iCore.Public.Entities.AdapterFlowTests" name="Test_BinarySerialization" />
    </UnitTest>
    <UnitTest name="Test_PublicSystemContext_GetInstanceOfEntity" storage="f:\etwork\bin\tests\unittests.icore.public.entities.dll" id="c8407564-615e-1196-36e7-444b37ff6d40">
      <Execution id="e454b6b1-2d93-4e98-8273-9306f9911db5" />
      <TestMethod codeBase="F:\ETWork\bin\Tests\UnitTests.iCore.Public.Entities.dll" adapterTypeName="Microsoft.VisualStudio.TestTools.TestTypes.Unit.UnitTestAdapter" className="UnitTests.iCore.Public.Entities.AdapterFlowTests" name="Test_PublicSystemContext_GetInstanceOfEntity" />
    </UnitTest>
    <UnitTest name="IEntity_Implemented_Verified" storage="f:\etwork\bin\tests\unittests.icore.public.entities.dll" id="7e20190b-6a72-e28b-0239-9892a8c412b7">
      <Execution id="3751bf21-0d3c-4e62-8b42-0e52db0f3853" />
      <TestMethod codeBase="F:\ETWork\bin\Tests\UnitTests.iCore.Public.Entities.dll" adapterTypeName="Microsoft.VisualStudio.TestTools.TestTypes.Unit.UnitTestAdapter" className="UnitTests.iCore.Public.Entities.ApplicationPoolImplementationTests" name="IEntity_Implemented_Verified" />
    </UnitTest>
    <UnitTest name="IGuidKeyEntity_Implemented_Verified" storage="f:\etwork\bin\tests\unittests.icore.public.entities.dll" id="a02a6708-ba38-3a18-4f3d-496ddfce62a6">
      <Execution id="83f547df-2f1c-4fbc-92d2-445491f6593f" />
      <TestMethod codeBase="F:\ETWork\bin\Tests\UnitTests.iCore.Public.Entities.dll" adapterTypeName="Microsoft.VisualStudio.TestTools.TestTypes.Unit.UnitTestAdapter" className="UnitTests.iCore.Public.Entities.ApplicationPoolImplementationTests" name="IGuidKeyEntity_Implemented_Verified" />
    </UnitTest>
    <UnitTest name="IApplicationPoolImplementation_Implemented_Verified" storage="f:\etwork\bin\tests\unittests.icore.public.entities.dll" id="b07e02d4-7c6b-2c36-5676-902bfe02037f">
      <Execution id="883b5290-7a95-4da8-b643-d855799dfb56" />
      <TestMethod codeBase="F:\ETWork\bin\Tests\UnitTests.iCore.Public.Entities.dll" adapterTypeName="Microsoft.VisualStudio.TestTools.TestTypes.Unit.UnitTestAdapter" className="UnitTests.iCore.Public.Entities.ApplicationPoolImplementationTests" name="IApplicationPoolImplementation_Implemented_Verified" />
    </UnitTest>
    <UnitTest name="Test_BinarySerialization" storage="f:\etwork\bin\tests\unittests.icore.public.entities.dll" id="46c35581-db19-798c-b395-7bdabdd5c4c4">
      <Execution id="a86158a6-01b8-4ae8-9818-1ec513291380" />
      <TestMethod codeBase="F:\ETWork\bin\Tests\UnitTests.iCore.Public.Entities.dll" adapterTypeName="Microsoft.VisualStudio.TestTools.TestTypes.Unit.UnitTestAdapter" className="UnitTests.iCore.Public.Entities.ApplicationPoolImplementationTests" name="Test_BinarySerialization" />
    </UnitTest>
    <UnitTest name="IEntity_Implemented_Verified" storage="f:\etwork\bin\tests\unittests.icore.public.entities.dll" id="a5112abf-45f8-5098-5fcc-8bc764ded842">
      <Execution id="adeec9d7-9dbb-4e03-ab2c-6336d4429744" />
      <TestMethod codeBase="F:\ETWork\bin\Tests\UnitTests.iCore.Public.Entities.dll" adapterTypeName="Microsoft.VisualStudio.TestTools.TestTypes.Unit.UnitTestAdapter" className="UnitTests.iCore.Public.Entities.ApplicationPoolTests" name="IEntity_Implemented_Verified" />
    </UnitTest>
    <UnitTest name="IDescriptiveEntity_Implemented_Verified" storage="f:\etwork\bin\tests\unittests.icore.public.entities.dll" id="6713982c-bc8f-e48d-11b0-4fdf3e4525fc">
      <Execution id="728ee22f-c5e6-4049-abc1-ab5f746a1321" />
      <TestMethod codeBase="F:\ETWork\bin\Tests\UnitTests.iCore.Public.Entities.dll" adapterTypeName="Microsoft.VisualStudio.TestTools.TestTypes.Unit.UnitTestAdapter" className="UnitTests.iCore.Public.Entities.ApplicationPoolTests" name="IDescriptiveEntity_Implemented_Verified" />
    </UnitTest>
    <UnitTest name="INamedEntity_Implemented_Verified" storage="f:\etwork\bin\tests\unittests.icore.public.entities.dll" id="21832c90-708b-4368-9fc9-80ea7845fbba">
      <Execution id="76fde002-8749-4700-a078-2d1c39ed14e4" />
      <TestMethod codeBase="F:\ETWork\bin\Tests\UnitTests.iCore.Public.Entities.dll" adapterTypeName="Microsoft.VisualStudio.TestTools.TestTypes.Unit.UnitTestAdapter" className="UnitTests.iCore.Public.Entities.ApplicationPoolTests" name="INamedEntity_Implemented_Verified" />
    </UnitTest>
    <UnitTest name="IGuidKeyEntity_Implemented_Verified" storage="f:\etwork\bin\tests\unittests.icore.public.entities.dll" id="52c4e48b-f15e-5eb0-9be0-de22613683e9">
      <Execution id="94929046-5b1b-4e13-a869-e4d7a2bcea14" />
      <TestMethod codeBase="F:\ETWork\bin\Tests\UnitTests.iCore.Public.Entities.dll" adapterTypeName="Microsoft.VisualStudio.TestTools.TestTypes.Unit.UnitTestAdapter" className="UnitTests.iCore.Public.Entities.ApplicationPoolTests" name="IGuidKeyEntity_Implemented_Verified" />
    </UnitTest>
    <UnitTest name="IApplicationPool_Implemented_Verified" storage="f:\etwork\bin\tests\unittests.icore.public.entities.dll" id="b763c7b6-21dc-29d2-3a2e-590afbc1b580">
      <Execution id="777c4e2c-24ed-4f48-85cf-e795a9bf9da0" />
      <TestMethod codeBase="F:\ETWork\bin\Tests\UnitTests.iCore.Public.Entities.dll" adapterTypeName="Microsoft.VisualStudio.TestTools.TestTypes.Unit.UnitTestAdapter" className="UnitTests.iCore.Public.Entities.ApplicationPoolTests" name="IApplicationPool_Implemented_Verified" />
    </UnitTest>
    <UnitTest name="ICategorizableEntity_Implemented_Verified" storage="f:\etwork\bin\tests\unittests.icore.public.entities.dll" id="61395403-fa50-55fa-9eac-5c66f2d3c6f1">
      <Execution id="6e17af32-fb07-4d71-be8c-e02dd1468e35" />
      <TestMethod codeBase="F:\ETWork\bin\Tests\UnitTests.iCore.Public.Entities.dll" adapterTypeName="Microsoft.VisualStudio.TestTools.TestTypes.Unit.UnitTestAdapter" className="UnitTests.iCore.Public.Entities.ApplicationPoolTests" name="ICategorizableEntity_Implemented_Verified" />
    </UnitTest>
    <UnitTest name="Test_BinarySerialization" storage="f:\etwork\bin\tests\unittests.icore.public.entities.dll" id="536620cd-90fd-9bbd-b51c-b67777872178">
      <Execution id="67d026e4-0274-4d73-a628-2fef66c8701d" />
      <TestMethod codeBase="F:\ETWork\bin\Tests\UnitTests.iCore.Public.Entities.dll" adapterTypeName="Microsoft.VisualStudio.TestTools.TestTypes.Unit.UnitTestAdapter" className="UnitTests.iCore.Public.Entities.ApplicationPoolTests" name="Test_BinarySerialization" />
    </UnitTest>
    <UnitTest name="Test_PublicSystemContext_GetInstanceOfEntity" storage="f:\etwork\bin\tests\unittests.icore.public.entities.dll" id="c046af74-3841-979a-d4f9-1649b77bc268">
      <Execution id="bfb1bec4-81b9-4e63-b9fc-1c0e4fb578a6" />
      <TestMethod codeBase="F:\ETWork\bin\Tests\UnitTests.iCore.Public.Entities.dll" adapterTypeName="Microsoft.VisualStudio.TestTools.TestTypes.Unit.UnitTestAdapter" className="UnitTests.iCore.Public.Entities.ApplicationPoolTests" name="Test_PublicSystemContext_GetInstanceOfEntity" />
    </UnitTest>
    <UnitTest name="IEntity_Implemented_Verified" storage="f:\etwork\bin\tests\unittests.icore.public.entities.dll" id="e1693e51-e205-73e2-d0d5-2b48f02138db">
      <Execution id="412ca354-de78-48f7-809c-16bbf235c2bd" />
      <TestMethod codeBase="F:\ETWork\bin\Tests\UnitTests.iCore.Public.Entities.dll" adapterTypeName="Microsoft.VisualStudio.TestTools.TestTypes.Unit.UnitTestAdapter" className="UnitTests.iCore.Public.Entities.CategoryTests" name="IEntity_Implemented_Verified" />
    </UnitTest>
    <UnitTest name="IGuidKeyEntity_Implemented_Verified" storage="f:\etwork\bin\tests\unittests.icore.public.entities.dll" id="4c4d7501-2372-53c7-295a-c3e3bce77265">
      <Execution id="e3fe8b49-22c8-447b-9f5b-98820a731414" />
      <TestMethod codeBase="F:\ETWork\bin\Tests\UnitTests.iCore.Public.Entities.dll" adapterTypeName="Microsoft.VisualStudio.TestTools.TestTypes.Unit.UnitTestAdapter" className="UnitTests.iCore.Public.Entities.CategoryTests" name="IGuidKeyEntity_Implemented_Verified" />
    </UnitTest>
    <UnitTest name="INamedEntity_Implemented_Verified" storage="f:\etwork\bin\tests\unittests.icore.public.entities.dll" id="1d9a4c7e-b141-3e58-0118-0308dd4bfd89">
      <Execution id="01cacc9d-d0dc-4ee6-990c-38ff28d46b81" />
      <TestMethod codeBase="F:\ETWork\bin\Tests\UnitTests.iCore.Public.Entities.dll" adapterTypeName="Microsoft.VisualStudio.TestTools.TestTypes.Unit.UnitTestAdapter" className="UnitTests.iCore.Public.Entities.CategoryTests" name="INamedEntity_Implemented_Verified" />
    </UnitTest>
    <UnitTest name="IDescriptiveEntity_Implemented_Verified" storage="f:\etwork\bin\tests\unittests.icore.public.entities.dll" id="41756cc2-7155-e8fe-6e18-648851422f1c">
      <Execution id="3fa740c1-c509-4710-83cc-4617975aab88" />
      <TestMethod codeBase="F:\ETWork\bin\Tests\UnitTests.iCore.Public.Entities.dll" adapterTypeName="Microsoft.VisualStudio.TestTools.TestTypes.Unit.UnitTestAdapter" className="UnitTests.iCore.Public.Entities.CategoryTests" name="IDescriptiveEntity_Implemented_Verified" />
    </UnitTest>
    <UnitTest name="ICategory_Implemented_Verified" storage="f:\etwork\bin\tests\unittests.icore.public.entities.dll" id="497b36ed-5c1e-ac82-12ef-7f81a504daa5">
      <Execution id="a20a5972-0a21-4b18-a94d-1bfbb6a3347d" />
      <TestMethod codeBase="F:\ETWork\bin\Tests\UnitTests.iCore.Public.Entities.dll" adapterTypeName="Microsoft.VisualStudio.TestTools.TestTypes.Unit.UnitTestAdapter" className="UnitTests.iCore.Public.Entities.CategoryTests" name="ICategory_Implemented_Verified" />
    </UnitTest>
    <UnitTest name="ICategory_HasCorrectNumberOfMembers" storage="f:\etwork\bin\tests\unittests.icore.public.entities.dll" id="8d6efb53-e1a7-d15a-6d42-d0ab9fd359c5">
      <Execution id="2832f5fc-4908-4e76-bb6a-3879e0b1cad3" />
      <TestMethod codeBase="F:\ETWork\bin\Tests\UnitTests.iCore.Public.Entities.dll" adapterTypeName="Microsoft.VisualStudio.TestTools.TestTypes.Unit.UnitTestAdapter" className="UnitTests.iCore.Public.Entities.CategoryTests" name="ICategory_HasCorrectNumberOfMembers" />
    </UnitTest>
    <UnitTest name="PathType_ReturnsExpectedValue" storage="f:\etwork\bin\tests\unittests.icore.public.entities.dll" id="29d152de-4081-5917-f2a9-cdce880894df">
      <Execution id="493dbcd2-b304-4bc6-ba77-7ce646a1c94a" />
      <TestMethod codeBase="F:\ETWork\bin\Tests\UnitTests.iCore.Public.Entities.dll" adapterTypeName="Microsoft.VisualStudio.TestTools.TestTypes.Unit.UnitTestAdapter" className="UnitTests.iCore.Public.Entities.CategoryTests" name="PathType_ReturnsExpectedValue" />
    </UnitTest>
    <UnitTest name="Test_BinarySerialization" storage="f:\etwork\bin\tests\unittests.icore.public.entities.dll" id="225a058c-5d1f-1aec-5518-aeb188aa1376">
      <Execution id="93d05877-76be-4d2a-93e8-f7fb1024c73a" />
      <TestMethod codeBase="F:\ETWork\bin\Tests\UnitTests.iCore.Public.Entities.dll" adapterTypeName="Microsoft.VisualStudio.TestTools.TestTypes.Unit.UnitTestAdapter" className="UnitTests.iCore.Public.Entities.CategoryTests" name="Test_BinarySerialization" />
    </UnitTest>
    <UnitTest name="Test_PublicSystemContext_GetInstanceOfEntity" storage="f:\etwork\bin\tests\unittests.icore.public.entities.dll" id="038ee3e5-ef16-5a39-1f6e-6de189fcfbb1">
      <Execution id="687341c6-d95e-4637-885a-b46f4bcb0a2a" />
      <TestMethod codeBase="F:\ETWork\bin\Tests\UnitTests.iCore.Public.Entities.dll" adapterTypeName="Microsoft.VisualStudio.TestTools.TestTypes.Unit.UnitTestAdapter" className="UnitTests.iCore.Public.Entities.CategoryTests" name="Test_PublicSystemContext_GetInstanceOfEntity" />
    </UnitTest>
    <UnitTest name="IEntity_Implemented_Verified" storage="f:\etwork\bin\tests\unittests.icore.public.entities.dll" id="ca250e2c-7f5f-8754-40eb-ec87447faaaa">
      <Execution id="0981f98d-c15f-441c-a708-2b6ed81a1733" />
      <TestMethod codeBase="F:\ETWork\bin\Tests\UnitTests.iCore.Public.Entities.dll" adapterTypeName="Microsoft.VisualStudio.TestTools.TestTypes.Unit.UnitTestAdapter" className="UnitTests.iCore.Public.Entities.ComponentConfigurationTests" name="IEntity_Implemented_Verified" />
    </UnitTest>
    <UnitTest name="IDescriptiveEntity_Implemented_Verified" storage="f:\etwork\bin\tests\unittests.icore.public.entities.dll" id="7d1970bf-f203-7d6c-0da4-ce5e07f65fbd">
      <Execution id="dc673de5-e0c9-42e6-bc23-0291410d3879" />
      <TestMethod codeBase="F:\ETWork\bin\Tests\UnitTests.iCore.Public.Entities.dll" adapterTypeName="Microsoft.VisualStudio.TestTools.TestTypes.Unit.UnitTestAdapter" className="UnitTests.iCore.Public.Entities.ComponentConfigurationTests" name="IDescriptiveEntity_Implemented_Verified" />
    </UnitTest>
    <UnitTest name="INamedEntity_Implemented_Verified" storage="f:\etwork\bin\tests\unittests.icore.public.entities.dll" id="fb403ee5-09c1-cd58-988e-ac6345e8e9cb">
      <Execution id="0081810d-3da5-4fab-876c-c916194b98bd" />
      <TestMethod codeBase="F:\ETWork\bin\Tests\UnitTests.iCore.Public.Entities.dll" adapterTypeName="Microsoft.VisualStudio.TestTools.TestTypes.Unit.UnitTestAdapter" className="UnitTests.iCore.Public.Entities.ComponentConfigurationTests" name="INamedEntity_Implemented_Verified" />
    </UnitTest>
    <UnitTest name="IGuidKeyEntity_Implemented_Verified" storage="f:\etwork\bin\tests\unittests.icore.public.entities.dll" id="3149cb9a-4b21-e928-dc38-bcfe6d15ce05">
      <Execution id="557b7a43-407a-480d-aded-742eba67fab8" />
      <TestMethod codeBase="F:\ETWork\bin\Tests\UnitTests.iCore.Public.Entities.dll" adapterTypeName="Microsoft.VisualStudio.TestTools.TestTypes.Unit.UnitTestAdapter" className="UnitTests.iCore.Public.Entities.ComponentConfigurationTests" name="IGuidKeyEntity_Implemented_Verified" />
    </UnitTest>
    <UnitTest name="IComponentConfiguration_Implemented_Verified" storage="f:\etwork\bin\tests\unittests.icore.public.entities.dll" id="4dce7576-0d60-1722-5507-f9f5170ffb2d">
      <Execution id="4993c59f-6bd0-4caf-99a4-f4c863248e30" />
      <TestMethod codeBase="F:\ETWork\bin\Tests\UnitTests.iCore.Public.Entities.dll" adapterTypeName="Microsoft.VisualStudio.TestTools.TestTypes.Unit.UnitTestAdapter" className="UnitTests.iCore.Public.Entities.ComponentConfigurationTests" name="IComponentConfiguration_Implemented_Verified" />
    </UnitTest>
    <UnitTest name="IComponentConfiguration_TypeConversionToConfigurationIDValue_Verified" storage="f:\etwork\bin\tests\unittests.icore.public.entities.dll" id="31273757-9855-a95b-e36f-ea7ab98258b3">
      <Execution id="cb5d3b42-bdb8-44b6-b876-ea4c13eec78c" />
      <TestMethod codeBase="F:\ETWork\bin\Tests\UnitTests.iCore.Public.Entities.dll" adapterTypeName="Microsoft.VisualStudio.TestTools.TestTypes.Unit.UnitTestAdapter" className="UnitTests.iCore.Public.Entities.ComponentConfigurationTests" name="IComponentConfiguration_TypeConversionToConfigurationIDValue_Verified" />
    </UnitTest>
    <UnitTest name="IComponentConfiguration_TypeConversionToUnsupportedType_Verified" storage="f:\etwork\bin\tests\unittests.icore.public.entities.dll" id="7baebaf3-0a72-4f13-03e3-98b2b9a29ba5">
      <Execution id="0107307c-27c0-4c6d-b75c-e0488da5273c" />
      <TestMethod codeBase="F:\ETWork\bin\Tests\UnitTests.iCore.Public.Entities.dll" adapterTypeName="Microsoft.VisualStudio.TestTools.TestTypes.Unit.UnitTestAdapter" className="UnitTests.iCore.Public.Entities.ComponentConfigurationTests" name="IComponentConfiguration_TypeConversionToUnsupportedType_Verified" />
    </UnitTest>
    <UnitTest name="IComponentConfiguration_ImplementedWithNullValues_Verified" storage="f:\etwork\bin\tests\unittests.icore.public.entities.dll" id="7883f9b7-db61-36c4-35e8-8415820af3b7">
      <Execution id="f7e67725-d8e9-4ed2-a01b-76661239752d" />
      <TestMethod codeBase="F:\ETWork\bin\Tests\UnitTests.iCore.Public.Entities.dll" adapterTypeName="Microsoft.VisualStudio.TestTools.TestTypes.Unit.UnitTestAdapter" className="UnitTests.iCore.Public.Entities.ComponentConfigurationTests" name="IComponentConfiguration_ImplementedWithNullValues_Verified" />
    </UnitTest>
    <UnitTest name="ICategorizableEntity_Implemented_Verified" storage="f:\etwork\bin\tests\unittests.icore.public.entities.dll" id="de2000f5-b818-99f1-5a69-630d5cd24a3c">
      <Execution id="852bc7e8-c49d-4526-b9dd-0fd47ae303da" />
      <TestMethod codeBase="F:\ETWork\bin\Tests\UnitTests.iCore.Public.Entities.dll" adapterTypeName="Microsoft.VisualStudio.TestTools.TestTypes.Unit.UnitTestAdapter" className="UnitTests.iCore.Public.Entities.ComponentConfigurationTests" name="ICategorizableEntity_Implemented_Verified" />
    </UnitTest>
    <UnitTest name="Test_BinarySerialization" storage="f:\etwork\bin\tests\unittests.icore.public.entities.dll" id="aa8224e7-cb58-035f-7c90-57455decb3b4">
      <Execution id="6cfdec1a-9063-42c6-90f1-651d1a7981f2" />
      <TestMethod codeBase="F:\ETWork\bin\Tests\UnitTests.iCore.Public.Entities.dll" adapterTypeName="Microsoft.VisualStudio.TestTools.TestTypes.Unit.UnitTestAdapter" className="UnitTests.iCore.Public.Entities.ComponentConfigurationTests" name="Test_BinarySerialization" />
    </UnitTest>
    <UnitTest name="Test_PublicSystemContext_GetInstanceOfEntity" storage="f:\etwork\bin\tests\unittests.icore.public.entities.dll" id="743730ae-5acf-734e-7bf2-e2e2d3231182">
      <Execution id="0541cd3e-d624-4144-a750-f81c1ee1375d" />
      <TestMethod codeBase="F:\ETWork\bin\Tests\UnitTests.iCore.Public.Entities.dll" adapterTypeName="Microsoft.VisualStudio.TestTools.TestTypes.Unit.UnitTestAdapter" className="UnitTests.iCore.Public.Entities.ComponentConfigurationTests" name="Test_PublicSystemContext_GetInstanceOfEntity" />
    </UnitTest>
    <UnitTest name="IEntity_Implemented_Verified" storage="f:\etwork\bin\tests\unittests.icore.public.entities.dll" id="ee7777fc-eee6-bb39-bac7-16f3c9ea5143">
      <Execution id="bcfa06b3-8c8a-4ce5-bc01-4f3f2acd033d" />
      <TestMethod codeBase="F:\ETWork\bin\Tests\UnitTests.iCore.Public.Entities.dll" adapterTypeName="Microsoft.VisualStudio.TestTools.TestTypes.Unit.UnitTestAdapter" className="UnitTests.iCore.Public.Entities.CounterTests" name="IEntity_Implemented_Verified" />
    </UnitTest>
    <UnitTest name="IDescriptiveEntity_Implemented_Verified" storage="f:\etwork\bin\tests\unittests.icore.public.entities.dll" id="d836b86e-a9a8-1f9d-b886-fd6eba32d597">
      <Execution id="475e83c4-420c-4063-82f2-a84b521c5f8e" />
      <TestMethod codeBase="F:\ETWork\bin\Tests\UnitTests.iCore.Public.Entities.dll" adapterTypeName="Microsoft.VisualStudio.TestTools.TestTypes.Unit.UnitTestAdapter" className="UnitTests.iCore.Public.Entities.CounterTests" name="IDescriptiveEntity_Implemented_Verified" />
    </UnitTest>
    <UnitTest name="INamedEntity_Implemented_Verified" storage="f:\etwork\bin\tests\unittests.icore.public.entities.dll" id="128c8aca-b011-6f4b-f904-4c2500219265">
      <Execution id="96d0d844-e931-4b13-81f9-c8c7132da832" />
      <TestMethod codeBase="F:\ETWork\bin\Tests\UnitTests.iCore.Public.Entities.dll" adapterTypeName="Microsoft.VisualStudio.TestTools.TestTypes.Unit.UnitTestAdapter" className="UnitTests.iCore.Public.Entities.CounterTests" name="INamedEntity_Implemented_Verified" />
    </UnitTest>
    <UnitTest name="IGuidKeyEntity_Implemented_Verified" storage="f:\etwork\bin\tests\unittests.icore.public.entities.dll" id="298ec52f-dd44-66c2-6d38-fda4777ef2ed">
      <Execution id="86ece85a-1a35-4917-8599-72df1d0bd16d" />
      <TestMethod codeBase="F:\ETWork\bin\Tests\UnitTests.iCore.Public.Entities.dll" adapterTypeName="Microsoft.VisualStudio.TestTools.TestTypes.Unit.UnitTestAdapter" className="UnitTests.iCore.Public.Entities.CounterTests" name="IGuidKeyEntity_Implemented_Verified" />
    </UnitTest>
    <UnitTest name="ICounter_Implemented_Verified" storage="f:\etwork\bin\tests\unittests.icore.public.entities.dll" id="82846eaa-3352-083c-66a0-904d0b11f226">
      <Execution id="2445426f-4451-4b5a-a1ed-26533793999e" />
      <TestMethod codeBase="F:\ETWork\bin\Tests\UnitTests.iCore.Public.Entities.dll" adapterTypeName="Microsoft.VisualStudio.TestTools.TestTypes.Unit.UnitTestAdapter" className="UnitTests.iCore.Public.Entities.CounterTests" name="ICounter_Implemented_Verified" />
    </UnitTest>
    <UnitTest name="ICounter_TypeConversionToCounterIDValue_Verified" storage="f:\etwork\bin\tests\unittests.icore.public.entities.dll" id="4e2d36bb-1183-810f-b6d4-674373772686">
      <Execution id="a038106d-23c0-4622-9db6-27feae1a3242" />
      <TestMethod codeBase="F:\ETWork\bin\Tests\UnitTests.iCore.Public.Entities.dll" adapterTypeName="Microsoft.VisualStudio.TestTools.TestTypes.Unit.UnitTestAdapter" className="UnitTests.iCore.Public.Entities.CounterTests" name="ICounter_TypeConversionToCounterIDValue_Verified" />
    </UnitTest>
    <UnitTest name="ICounter_TypeConversionToUnsupportedType_Verified" storage="f:\etwork\bin\tests\unittests.icore.public.entities.dll" id="d245710b-212a-b5ec-6a2e-1204d9d5ff45">
      <Execution id="53c41743-5b30-4696-878e-3a638829e688" />
      <TestMethod codeBase="F:\ETWork\bin\Tests\UnitTests.iCore.Public.Entities.dll" adapterTypeName="Microsoft.VisualStudio.TestTools.TestTypes.Unit.UnitTestAdapter" className="UnitTests.iCore.Public.Entities.CounterTests" name="ICounter_TypeConversionToUnsupportedType_Verified" />
    </UnitTest>
    <UnitTest name="ICategorizableEntity_Implemented_Verified" storage="f:\etwork\bin\tests\unittests.icore.public.entities.dll" id="0e2bdf05-dd83-6ee9-277b-661455094310">
      <Execution id="7fb94ce8-0042-4dfb-8221-2bb87ef54500" />
      <TestMethod codeBase="F:\ETWork\bin\Tests\UnitTests.iCore.Public.Entities.dll" adapterTypeName="Microsoft.VisualStudio.TestTools.TestTypes.Unit.UnitTestAdapter" className="UnitTests.iCore.Public.Entities.CounterTests" name="ICategorizableEntity_Implemented_Verified" />
    </UnitTest>
    <UnitTest name="Test_PublicSystemContext_GetInstanceOfEntity" storage="f:\etwork\bin\tests\unittests.icore.public.entities.dll" id="2f80320e-e70f-14ac-7d28-7c83082742a2">
      <Execution id="845d90f4-d64a-4c87-9787-29ba45ceb999" />
      <TestMethod codeBase="F:\ETWork\bin\Tests\UnitTests.iCore.Public.Entities.dll" adapterTypeName="Microsoft.VisualStudio.TestTools.TestTypes.Unit.UnitTestAdapter" className="UnitTests.iCore.Public.Entities.CounterTests" name="Test_PublicSystemContext_GetInstanceOfEntity" />
    </UnitTest>
    <UnitTest name="IEntity_Implemented_Verified" storage="f:\etwork\bin\tests\unittests.icore.public.entities.dll" id="40d830f0-f6e1-3657-3772-7e65aa86d9da">
      <Execution id="1e9f6e35-e721-41ac-8126-d8a4609cf545" />
      <TestMethod codeBase="F:\ETWork\bin\Tests\UnitTests.iCore.Public.Entities.dll" adapterTypeName="Microsoft.VisualStudio.TestTools.TestTypes.Unit.UnitTestAdapter" className="UnitTests.iCore.Public.Entities.CrossReferenceEntryTests" name="IEntity_Implemented_Verified" />
    </UnitTest>
    <UnitTest name="IGuidKeyEntity_Implemented_Verified" storage="f:\etwork\bin\tests\unittests.icore.public.entities.dll" id="649faa42-8f1c-323d-d45b-2427184cd392">
      <Execution id="0938b354-72ea-44f0-b47a-013565f12026" />
      <TestMethod codeBase="F:\ETWork\bin\Tests\UnitTests.iCore.Public.Entities.dll" adapterTypeName="Microsoft.VisualStudio.TestTools.TestTypes.Unit.UnitTestAdapter" className="UnitTests.iCore.Public.Entities.CrossReferenceEntryTests" name="IGuidKeyEntity_Implemented_Verified" />
    </UnitTest>
    <UnitTest name="ICrossReferenceEntry_Implemented_Verified" storage="f:\etwork\bin\tests\unittests.icore.public.entities.dll" id="f330e18a-6b58-81e6-8705-9ab9ec750ed2">
      <Execution id="f0854194-6c66-4401-a8f0-c56e6b2ce175" />
      <TestMethod codeBase="F:\ETWork\bin\Tests\UnitTests.iCore.Public.Entities.dll" adapterTypeName="Microsoft.VisualStudio.TestTools.TestTypes.Unit.UnitTestAdapter" className="UnitTests.iCore.Public.Entities.CrossReferenceEntryTests" name="ICrossReferenceEntry_Implemented_Verified" />
    </UnitTest>
    <UnitTest name="Key1_ReturnsExpectedValue" storage="f:\etwork\bin\tests\unittests.icore.public.entities.dll" id="08d4a18e-a999-9e1e-7551-47f7c4e29294">
      <Execution id="8d8baab0-d3c2-46fc-8e9d-8ce48c870c2d" />
      <TestMethod codeBase="F:\ETWork\bin\Tests\UnitTests.iCore.Public.Entities.dll" adapterTypeName="Microsoft.VisualStudio.TestTools.TestTypes.Unit.UnitTestAdapter" className="UnitTests.iCore.Public.Entities.CrossReferenceEntryTests" name="Key1_ReturnsExpectedValue" />
    </UnitTest>
    <UnitTest name="Key2_ReturnsExpectedValue" storage="f:\etwork\bin\tests\unittests.icore.public.entities.dll" id="32e4c42c-10ad-a01b-84ff-3c497ee97e92">
      <Execution id="229e471d-5e22-4200-b5c8-e552326d86be" />
      <TestMethod codeBase="F:\ETWork\bin\Tests\UnitTests.iCore.Public.Entities.dll" adapterTypeName="Microsoft.VisualStudio.TestTools.TestTypes.Unit.UnitTestAdapter" className="UnitTests.iCore.Public.Entities.CrossReferenceEntryTests" name="Key2_ReturnsExpectedValue" />
    </UnitTest>
    <UnitTest name="Value1_ReturnsExpectedValue" storage="f:\etwork\bin\tests\unittests.icore.public.entities.dll" id="9c54c37a-f5c9-64a0-69b0-ccde202ebbf4">
      <Execution id="1fc39c88-ce46-4147-ab5b-b074a7403f2d" />
      <TestMethod codeBase="F:\ETWork\bin\Tests\UnitTests.iCore.Public.Entities.dll" adapterTypeName="Microsoft.VisualStudio.TestTools.TestTypes.Unit.UnitTestAdapter" className="UnitTests.iCore.Public.Entities.CrossReferenceEntryTests" name="Value1_ReturnsExpectedValue" />
    </UnitTest>
    <UnitTest name="Value2_ReturnsExpectedValue" storage="f:\etwork\bin\tests\unittests.icore.public.entities.dll" id="7e7c06e3-bd7f-585d-a231-51384e55e0c2">
      <Execution id="36136acb-3ebe-4c58-a0a7-acf2cf91876a" />
      <TestMethod codeBase="F:\ETWork\bin\Tests\UnitTests.iCore.Public.Entities.dll" adapterTypeName="Microsoft.VisualStudio.TestTools.TestTypes.Unit.UnitTestAdapter" className="UnitTests.iCore.Public.Entities.CrossReferenceEntryTests" name="Value2_ReturnsExpectedValue" />
    </UnitTest>
    <UnitTest name="ICrossReferenceEntry_HasCorrectNumberOfMembers" storage="f:\etwork\bin\tests\unittests.icore.public.entities.dll" id="4516b7b0-d4b2-4d16-7180-7977d0b0257d">
      <Execution id="61c5aa24-c988-4f7f-bc3f-aa56ae7b8200" />
      <TestMethod codeBase="F:\ETWork\bin\Tests\UnitTests.iCore.Public.Entities.dll" adapterTypeName="Microsoft.VisualStudio.TestTools.TestTypes.Unit.UnitTestAdapter" className="UnitTests.iCore.Public.Entities.CrossReferenceEntryTests" name="ICrossReferenceEntry_HasCorrectNumberOfMembers" />
    </UnitTest>
    <UnitTest name="Test_BinarySerialization" storage="f:\etwork\bin\tests\unittests.icore.public.entities.dll" id="3a8fcd38-bc06-5541-dd3e-b9d313b93e11">
      <Execution id="c3065af3-6fa7-4e3d-a0ab-1b8b47c5af0c" />
      <TestMethod codeBase="F:\ETWork\bin\Tests\UnitTests.iCore.Public.Entities.dll" adapterTypeName="Microsoft.VisualStudio.TestTools.TestTypes.Unit.UnitTestAdapter" className="UnitTests.iCore.Public.Entities.CrossReferenceEntryTests" name="Test_BinarySerialization" />
    </UnitTest>
    <UnitTest name="IEntity_Implemented_Verified" storage="f:\etwork\bin\tests\unittests.icore.public.entities.dll" id="3b4ab546-8b26-2331-757f-87b520bed82e">
      <Execution id="7149d9a6-6272-4d4e-9a5f-f2751be08bd1" />
      <TestMethod codeBase="F:\ETWork\bin\Tests\UnitTests.iCore.Public.Entities.dll" adapterTypeName="Microsoft.VisualStudio.TestTools.TestTypes.Unit.UnitTestAdapter" className="UnitTests.iCore.Public.Entities.CrossReferenceTableTests" name="IEntity_Implemented_Verified" />
    </UnitTest>
    <UnitTest name="IGuidKeyEntity_Implemented_Verified" storage="f:\etwork\bin\tests\unittests.icore.public.entities.dll" id="99927cf1-15d7-d76b-6600-51f8d1e8b1f5">
      <Execution id="130c8c6d-fe22-4be5-9ee9-3eb69e77777c" />
      <TestMethod codeBase="F:\ETWork\bin\Tests\UnitTests.iCore.Public.Entities.dll" adapterTypeName="Microsoft.VisualStudio.TestTools.TestTypes.Unit.UnitTestAdapter" className="UnitTests.iCore.Public.Entities.CrossReferenceTableTests" name="IGuidKeyEntity_Implemented_Verified" />
    </UnitTest>
    <UnitTest name="INamedEntity_Implemented_Verified" storage="f:\etwork\bin\tests\unittests.icore.public.entities.dll" id="2f464cb9-d9c8-dd05-690d-a19e3578f0c8">
      <Execution id="ed5f733c-641b-4c36-b5f2-2a23ed08e393" />
      <TestMethod codeBase="F:\ETWork\bin\Tests\UnitTests.iCore.Public.Entities.dll" adapterTypeName="Microsoft.VisualStudio.TestTools.TestTypes.Unit.UnitTestAdapter" className="UnitTests.iCore.Public.Entities.CrossReferenceTableTests" name="INamedEntity_Implemented_Verified" />
    </UnitTest>
    <UnitTest name="IDescriptiveEntity_Implemented_Verified" storage="f:\etwork\bin\tests\unittests.icore.public.entities.dll" id="cccef9ce-2210-1108-3382-f46a4a620af2">
      <Execution id="70c7774c-8d23-4edb-9be6-85b11d25cc46" />
      <TestMethod codeBase="F:\ETWork\bin\Tests\UnitTests.iCore.Public.Entities.dll" adapterTypeName="Microsoft.VisualStudio.TestTools.TestTypes.Unit.UnitTestAdapter" className="UnitTests.iCore.Public.Entities.CrossReferenceTableTests" name="IDescriptiveEntity_Implemented_Verified" />
    </UnitTest>
    <UnitTest name="ICrossReferenceTable_Implemented_Verified" storage="f:\etwork\bin\tests\unittests.icore.public.entities.dll" id="f018abbc-fe00-6681-67d2-48b72168215c">
      <Execution id="a57780a2-9ac3-4fa7-96a2-40c4c9a77f60" />
      <TestMethod codeBase="F:\ETWork\bin\Tests\UnitTests.iCore.Public.Entities.dll" adapterTypeName="Microsoft.VisualStudio.TestTools.TestTypes.Unit.UnitTestAdapter" className="UnitTests.iCore.Public.Entities.CrossReferenceTableTests" name="ICrossReferenceTable_Implemented_Verified" />
    </UnitTest>
    <UnitTest name="ICategorizableEntity_Implemented_Verified" storage="f:\etwork\bin\tests\unittests.icore.public.entities.dll" id="86e3ddcd-de54-813f-fcb8-1eaa86c6c7e9">
      <Execution id="e7f0aa65-a547-432b-8c55-6c3648aca5e7" />
      <TestMethod codeBase="F:\ETWork\bin\Tests\UnitTests.iCore.Public.Entities.dll" adapterTypeName="Microsoft.VisualStudio.TestTools.TestTypes.Unit.UnitTestAdapter" className="UnitTests.iCore.Public.Entities.CrossReferenceTableTests" name="ICategorizableEntity_Implemented_Verified" />
    </UnitTest>
    <UnitTest name="ICrossReferenceTable_HasCorrectNumberOfMembers" storage="f:\etwork\bin\tests\unittests.icore.public.entities.dll" id="fade5bfe-41c4-e7ef-87b3-0f443cb7818e">
      <Execution id="ad4ab90e-43c0-4c84-bc05-dbb3d45e9891" />
      <TestMethod codeBase="F:\ETWork\bin\Tests\UnitTests.iCore.Public.Entities.dll" adapterTypeName="Microsoft.VisualStudio.TestTools.TestTypes.Unit.UnitTestAdapter" className="UnitTests.iCore.Public.Entities.CrossReferenceTableTests" name="ICrossReferenceTable_HasCorrectNumberOfMembers" />
    </UnitTest>
    <UnitTest name="Entries_ReturnsExpectedValues" storage="f:\etwork\bin\tests\unittests.icore.public.entities.dll" id="ab6acf4e-4aa2-af5a-878b-19906ca636d8">
      <Execution id="de2bd6ad-5545-40dd-8020-16088b3669b9" />
      <TestMethod codeBase="F:\ETWork\bin\Tests\UnitTests.iCore.Public.Entities.dll" adapterTypeName="Microsoft.VisualStudio.TestTools.TestTypes.Unit.UnitTestAdapter" className="UnitTests.iCore.Public.Entities.CrossReferenceTableTests" name="Entries_ReturnsExpectedValues" />
    </UnitTest>
    <UnitTest name="Test_BinarySerialization" storage="f:\etwork\bin\tests\unittests.icore.public.entities.dll" id="18e6444a-5889-3897-4a27-8f46d158615f">
      <Execution id="0dc695e0-a36c-457f-90ab-6240e4ffcb90" />
      <TestMethod codeBase="F:\ETWork\bin\Tests\UnitTests.iCore.Public.Entities.dll" adapterTypeName="Microsoft.VisualStudio.TestTools.TestTypes.Unit.UnitTestAdapter" className="UnitTests.iCore.Public.Entities.CrossReferenceTableTests" name="Test_BinarySerialization" />
    </UnitTest>
    <UnitTest name="Test_PublicSystemContext_GetInstanceOfEntity" storage="f:\etwork\bin\tests\unittests.icore.public.entities.dll" id="1ee75c82-baa6-e3d8-0378-e3fedebada00">
      <Execution id="44ccd3f2-25b1-4847-86ce-361b10427d7c" />
      <TestMethod codeBase="F:\ETWork\bin\Tests\UnitTests.iCore.Public.Entities.dll" adapterTypeName="Microsoft.VisualStudio.TestTools.TestTypes.Unit.UnitTestAdapter" className="UnitTests.iCore.Public.Entities.CrossReferenceTableTests" name="Test_PublicSystemContext_GetInstanceOfEntity" />
    </UnitTest>
    <UnitTest name="IEntity_Implemented_Verified" storage="f:\etwork\bin\tests\unittests.icore.public.entities.dll" id="47c9d18a-3766-558e-1465-3f02a0464ed1">
      <Execution id="246e1983-a26a-48f0-b923-6e5d045a9cf8" />
      <TestMethod codeBase="F:\ETWork\bin\Tests\UnitTests.iCore.Public.Entities.dll" adapterTypeName="Microsoft.VisualStudio.TestTools.TestTypes.Unit.UnitTestAdapter" className="UnitTests.iCore.Public.Entities.EntityFilterTests" name="IEntity_Implemented_Verified" />
    </UnitTest>
    <UnitTest name="IDescriptiveEntity_Implemented_Verified" storage="f:\etwork\bin\tests\unittests.icore.public.entities.dll" id="bf9d4616-f0cd-8867-2649-618ef7405c38">
      <Execution id="6035a726-6adb-4223-9604-6e8582f21fbf" />
      <TestMethod codeBase="F:\ETWork\bin\Tests\UnitTests.iCore.Public.Entities.dll" adapterTypeName="Microsoft.VisualStudio.TestTools.TestTypes.Unit.UnitTestAdapter" className="UnitTests.iCore.Public.Entities.EntityFilterTests" name="IDescriptiveEntity_Implemented_Verified" />
    </UnitTest>
    <UnitTest name="INamedEntity_Implemented_Verified" storage="f:\etwork\bin\tests\unittests.icore.public.entities.dll" id="f1390672-4a91-cc23-5a9b-bfd750c44738">
      <Execution id="6131930b-9ac4-4a7d-8cb2-679f2f063e6b" />
      <TestMethod codeBase="F:\ETWork\bin\Tests\UnitTests.iCore.Public.Entities.dll" adapterTypeName="Microsoft.VisualStudio.TestTools.TestTypes.Unit.UnitTestAdapter" className="UnitTests.iCore.Public.Entities.EntityFilterTests" name="INamedEntity_Implemented_Verified" />
    </UnitTest>
    <UnitTest name="IGuidKeyEntity_Implemented_Verified" storage="f:\etwork\bin\tests\unittests.icore.public.entities.dll" id="76e895be-f8da-e236-a9b7-f2d8f95bcad0">
      <Execution id="5377c9c1-7e25-430a-8686-ad9661a8a340" />
      <TestMethod codeBase="F:\ETWork\bin\Tests\UnitTests.iCore.Public.Entities.dll" adapterTypeName="Microsoft.VisualStudio.TestTools.TestTypes.Unit.UnitTestAdapter" className="UnitTests.iCore.Public.Entities.EntityFilterTests" name="IGuidKeyEntity_Implemented_Verified" />
    </UnitTest>
    <UnitTest name="ContentType_ReturnsExpectedValue" storage="f:\etwork\bin\tests\unittests.icore.public.entities.dll" id="834dc670-e992-d5f9-0261-abcb265bcdd6">
      <Execution id="57310988-b17b-44bd-82b0-1f13ff9a5cc4" />
      <TestMethod codeBase="F:\ETWork\bin\Tests\UnitTests.iCore.Public.Entities.dll" adapterTypeName="Microsoft.VisualStudio.TestTools.TestTypes.Unit.UnitTestAdapter" className="UnitTests.iCore.Public.Entities.EntityFilterTests" name="ContentType_ReturnsExpectedValue" />
    </UnitTest>
    <UnitTest name="IEntityFilter_Implemented_Verified" storage="f:\etwork\bin\tests\unittests.icore.public.entities.dll" id="1dad7c79-c478-e8c6-ee54-f44e3e3ec975">
      <Execution id="65157436-d605-4215-8ab6-ec27b21a168a" />
      <TestMethod codeBase="F:\ETWork\bin\Tests\UnitTests.iCore.Public.Entities.dll" adapterTypeName="Microsoft.VisualStudio.TestTools.TestTypes.Unit.UnitTestAdapter" className="UnitTests.iCore.Public.Entities.EntityFilterTests" name="IEntityFilter_Implemented_Verified" />
    </UnitTest>
    <UnitTest name="IEntityFilter_ContainsCorrectNumberOfMembers" storage="f:\etwork\bin\tests\unittests.icore.public.entities.dll" id="c99b5e7c-425f-4c6a-ec1a-87bec828019e">
      <Execution id="cda3f325-6cc4-4358-9988-dd676592dea6" />
      <TestMethod codeBase="F:\ETWork\bin\Tests\UnitTests.iCore.Public.Entities.dll" adapterTypeName="Microsoft.VisualStudio.TestTools.TestTypes.Unit.UnitTestAdapter" className="UnitTests.iCore.Public.Entities.EntityFilterTests" name="IEntityFilter_ContainsCorrectNumberOfMembers" />
    </UnitTest>
    <UnitTest name="ICategorizableEntity_Implemented_Verified" storage="f:\etwork\bin\tests\unittests.icore.public.entities.dll" id="ef21c27a-1877-7571-77c8-21e2868c0c54">
      <Execution id="87bf7a4d-cd93-4fc4-a6c4-4ae2a110bc78" />
      <TestMethod codeBase="F:\ETWork\bin\Tests\UnitTests.iCore.Public.Entities.dll" adapterTypeName="Microsoft.VisualStudio.TestTools.TestTypes.Unit.UnitTestAdapter" className="UnitTests.iCore.Public.Entities.EntityFilterTests" name="ICategorizableEntity_Implemented_Verified" />
    </UnitTest>
    <UnitTest name="Test_BinarySerialization" storage="f:\etwork\bin\tests\unittests.icore.public.entities.dll" id="a1751fc5-27fb-ed41-8128-579f4762f639">
      <Execution id="7a4afae3-459b-4ae2-bd11-acc708beda1e" />
      <TestMethod codeBase="F:\ETWork\bin\Tests\UnitTests.iCore.Public.Entities.dll" adapterTypeName="Microsoft.VisualStudio.TestTools.TestTypes.Unit.UnitTestAdapter" className="UnitTests.iCore.Public.Entities.EntityFilterTests" name="Test_BinarySerialization" />
    </UnitTest>
    <UnitTest name="Test_PublicSystemContext_GetInstanceOfEntity" storage="f:\etwork\bin\tests\unittests.icore.public.entities.dll" id="d5a5ba6d-b3b1-a3c9-71a2-5c52dd3de00c">
      <Execution id="75adb563-0e0c-416c-97ec-65285486559e" />
      <TestMethod codeBase="F:\ETWork\bin\Tests\UnitTests.iCore.Public.Entities.dll" adapterTypeName="Microsoft.VisualStudio.TestTools.TestTypes.Unit.UnitTestAdapter" className="UnitTests.iCore.Public.Entities.EntityFilterTests" name="Test_PublicSystemContext_GetInstanceOfEntity" />
    </UnitTest>
    <UnitTest name="IEventConfiguration_HasCorrectNumberOfMembers" storage="f:\etwork\bin\tests\unittests.icore.public.entities.dll" id="05c86791-1222-48e9-c6a4-77dfd721e9a9">
      <Execution id="427553bc-0fee-427b-ac1e-045bb24b9fca" />
      <TestMethod codeBase="F:\ETWork\bin\Tests\UnitTests.iCore.Public.Entities.dll" adapterTypeName="Microsoft.VisualStudio.TestTools.TestTypes.Unit.UnitTestAdapter" className="UnitTests.iCore.Public.Entities.EventConfigurationTests" name="IEventConfiguration_HasCorrectNumberOfMembers" />
    </UnitTest>
    <UnitTest name="IEntity_Implemented_Verified" storage="f:\etwork\bin\tests\unittests.icore.public.entities.dll" id="c7900b24-a9ab-7b1e-5884-2925bafa37cf">
      <Execution id="8162d69a-2184-457c-af0c-7c518f82e7ae" />
      <TestMethod codeBase="F:\ETWork\bin\Tests\UnitTests.iCore.Public.Entities.dll" adapterTypeName="Microsoft.VisualStudio.TestTools.TestTypes.Unit.UnitTestAdapter" className="UnitTests.iCore.Public.Entities.EventConfigurationTests" name="IEntity_Implemented_Verified" />
    </UnitTest>
    <UnitTest name="IGuidKeyEntity_Implemented_Verified" storage="f:\etwork\bin\tests\unittests.icore.public.entities.dll" id="05ce127b-905d-dd73-e4ec-40bd01a07448">
      <Execution id="5d500bca-411c-487f-944f-268de17a6b5e" />
      <TestMethod codeBase="F:\ETWork\bin\Tests\UnitTests.iCore.Public.Entities.dll" adapterTypeName="Microsoft.VisualStudio.TestTools.TestTypes.Unit.UnitTestAdapter" className="UnitTests.iCore.Public.Entities.EventConfigurationTests" name="IGuidKeyEntity_Implemented_Verified" />
    </UnitTest>
    <UnitTest name="INamedEntity_Implemented_Verified" storage="f:\etwork\bin\tests\unittests.icore.public.entities.dll" id="b0216591-d100-6c63-6fc8-5a0b6f7d3e26">
      <Execution id="45925cec-5b32-4012-bfca-cf61d369d296" />
      <TestMethod codeBase="F:\ETWork\bin\Tests\UnitTests.iCore.Public.Entities.dll" adapterTypeName="Microsoft.VisualStudio.TestTools.TestTypes.Unit.UnitTestAdapter" className="UnitTests.iCore.Public.Entities.EventConfigurationTests" name="INamedEntity_Implemented_Verified" />
    </UnitTest>
    <UnitTest name="IDescriptiveEntity_Implemented_Verified" storage="f:\etwork\bin\tests\unittests.icore.public.entities.dll" id="8a8febb7-aaf8-7b7e-2592-e1bfae734d41">
      <Execution id="71fdacb4-19e1-4d9e-bdac-f65194fb5a0a" />
      <TestMethod codeBase="F:\ETWork\bin\Tests\UnitTests.iCore.Public.Entities.dll" adapterTypeName="Microsoft.VisualStudio.TestTools.TestTypes.Unit.UnitTestAdapter" className="UnitTests.iCore.Public.Entities.EventConfigurationTests" name="IDescriptiveEntity_Implemented_Verified" />
    </UnitTest>
    <UnitTest name="ICategorizableEntity_Implemented_Verified" storage="f:\etwork\bin\tests\unittests.icore.public.entities.dll" id="0026952c-98fa-57b4-616f-30e1d25e2778">
      <Execution id="776aad2a-2eac-4402-925d-74932e7a6fc2" />
      <TestMethod codeBase="F:\ETWork\bin\Tests\UnitTests.iCore.Public.Entities.dll" adapterTypeName="Microsoft.VisualStudio.TestTools.TestTypes.Unit.UnitTestAdapter" className="UnitTests.iCore.Public.Entities.EventConfigurationTests" name="ICategorizableEntity_Implemented_Verified" />
    </UnitTest>
    <UnitTest name="IEventConfiguration_Implemented_Verified" storage="f:\etwork\bin\tests\unittests.icore.public.entities.dll" id="b1b86ccb-e2a0-39b7-bc4a-a17b6bd584b7">
      <Execution id="d511a919-a234-4dc5-b7b4-88080bc64b5b" />
      <TestMethod codeBase="F:\ETWork\bin\Tests\UnitTests.iCore.Public.Entities.dll" adapterTypeName="Microsoft.VisualStudio.TestTools.TestTypes.Unit.UnitTestAdapter" className="UnitTests.iCore.Public.Entities.EventConfigurationTests" name="IEventConfiguration_Implemented_Verified" />
    </UnitTest>
    <UnitTest name="Partner_NonNull_ReturnsExpectedValue" storage="f:\etwork\bin\tests\unittests.icore.public.entities.dll" id="a2b411e3-02e0-62e4-4e4b-8e48a79be644">
      <Execution id="5cf985b4-4590-49ab-8fa1-b7d1f35a7a6b" />
      <TestMethod codeBase="F:\ETWork\bin\Tests\UnitTests.iCore.Public.Entities.dll" adapterTypeName="Microsoft.VisualStudio.TestTools.TestTypes.Unit.UnitTestAdapter" className="UnitTests.iCore.Public.Entities.EventConfigurationTests" name="Partner_NonNull_ReturnsExpectedValue" />
    </UnitTest>
    <UnitTest name="Partner_IsNull_ReturnsExpectedValue" storage="f:\etwork\bin\tests\unittests.icore.public.entities.dll" id="7f79dd4b-6f9b-8632-e336-fe74fc871bfe">
      <Execution id="6bb021fe-ce82-4cb2-a34e-677d71475954" />
      <TestMethod codeBase="F:\ETWork\bin\Tests\UnitTests.iCore.Public.Entities.dll" adapterTypeName="Microsoft.VisualStudio.TestTools.TestTypes.Unit.UnitTestAdapter" className="UnitTests.iCore.Public.Entities.EventConfigurationTests" name="Partner_IsNull_ReturnsExpectedValue" />
    </UnitTest>
    <UnitTest name="NodeType_NonNull_ReturnsExpectedValue" storage="f:\etwork\bin\tests\unittests.icore.public.entities.dll" id="94cc9c05-b06f-710c-03f7-12040a6a1733">
      <Execution id="4d627821-5195-4977-b215-d4a004f47e1f" />
      <TestMethod codeBase="F:\ETWork\bin\Tests\UnitTests.iCore.Public.Entities.dll" adapterTypeName="Microsoft.VisualStudio.TestTools.TestTypes.Unit.UnitTestAdapter" className="UnitTests.iCore.Public.Entities.EventConfigurationTests" name="NodeType_NonNull_ReturnsExpectedValue" />
    </UnitTest>
    <UnitTest name="NodeType_IsNull_ReturnsExpectedValue" storage="f:\etwork\bin\tests\unittests.icore.public.entities.dll" id="b53d6e34-e18d-31a9-39c8-4bc6a66576a5">
      <Execution id="c61d73cb-99b2-4c41-ad0a-f34f2e6b29b3" />
      <TestMethod codeBase="F:\ETWork\bin\Tests\UnitTests.iCore.Public.Entities.dll" adapterTypeName="Microsoft.VisualStudio.TestTools.TestTypes.Unit.UnitTestAdapter" className="UnitTests.iCore.Public.Entities.EventConfigurationTests" name="NodeType_IsNull_ReturnsExpectedValue" />
    </UnitTest>
    <UnitTest name="NodeTypeVersion_NonNull_ReturnsExpectedValue" storage="f:\etwork\bin\tests\unittests.icore.public.entities.dll" id="89c5f19a-09ce-19a8-a287-03c05917317e">
      <Execution id="10ad2eb2-185e-4e16-9279-63709fa008e0" />
      <TestMethod codeBase="F:\ETWork\bin\Tests\UnitTests.iCore.Public.Entities.dll" adapterTypeName="Microsoft.VisualStudio.TestTools.TestTypes.Unit.UnitTestAdapter" className="UnitTests.iCore.Public.Entities.EventConfigurationTests" name="NodeTypeVersion_NonNull_ReturnsExpectedValue" />
    </UnitTest>
    <UnitTest name="NodeTypeVersion_IsNull_ReturnsExpectedValue" storage="f:\etwork\bin\tests\unittests.icore.public.entities.dll" id="9245634e-9773-0e57-3930-261edd56fc07">
      <Execution id="5199c902-fd12-4edf-8eee-a4da76c722d9" />
      <TestMethod codeBase="F:\ETWork\bin\Tests\UnitTests.iCore.Public.Entities.dll" adapterTypeName="Microsoft.VisualStudio.TestTools.TestTypes.Unit.UnitTestAdapter" className="UnitTests.iCore.Public.Entities.EventConfigurationTests" name="NodeTypeVersion_IsNull_ReturnsExpectedValue" />
    </UnitTest>
    <UnitTest name="EventType_NonNull_ReturnsExpectedValue" storage="f:\etwork\bin\tests\unittests.icore.public.entities.dll" id="99f8c7eb-dd9c-a0e6-d1de-86d273f22686">
      <Execution id="98b17c4e-0f4e-4080-adf2-db179317c228" />
      <TestMethod codeBase="F:\ETWork\bin\Tests\UnitTests.iCore.Public.Entities.dll" adapterTypeName="Microsoft.VisualStudio.TestTools.TestTypes.Unit.UnitTestAdapter" className="UnitTests.iCore.Public.Entities.EventConfigurationTests" name="EventType_NonNull_ReturnsExpectedValue" />
    </UnitTest>
    <UnitTest name="ComponentConfiguration_NonNull_ReturnsExpectedValue" storage="f:\etwork\bin\tests\unittests.icore.public.entities.dll" id="64e777bc-5564-96bb-1845-369d9340329b">
      <Execution id="fb59dd9e-9c06-47e9-816a-3c604b3a31fa" />
      <TestMethod codeBase="F:\ETWork\bin\Tests\UnitTests.iCore.Public.Entities.dll" adapterTypeName="Microsoft.VisualStudio.TestTools.TestTypes.Unit.UnitTestAdapter" className="UnitTests.iCore.Public.Entities.EventConfigurationTests" name="ComponentConfiguration_NonNull_ReturnsExpectedValue" />
    </UnitTest>
    <UnitTest name="Test_BinarySerialization" storage="f:\etwork\bin\tests\unittests.icore.public.entities.dll" id="354a0b30-3692-9015-5b6b-65ce8cd59475">
      <Execution id="154f0d74-524c-4891-b430-fe499f65de4e" />
      <TestMethod codeBase="F:\ETWork\bin\Tests\UnitTests.iCore.Public.Entities.dll" adapterTypeName="Microsoft.VisualStudio.TestTools.TestTypes.Unit.UnitTestAdapter" className="UnitTests.iCore.Public.Entities.EventConfigurationTests" name="Test_BinarySerialization" />
    </UnitTest>
    <UnitTest name="Test_PublicSystemContext_GetInstanceOfEntity" storage="f:\etwork\bin\tests\unittests.icore.public.entities.dll" id="56aae320-0ddb-cfd9-23b8-8a5286f5ea81">
      <Execution id="2ccb3144-93ce-4b33-bd9d-44f00fb1c902" />
      <TestMethod codeBase="F:\ETWork\bin\Tests\UnitTests.iCore.Public.Entities.dll" adapterTypeName="Microsoft.VisualStudio.TestTools.TestTypes.Unit.UnitTestAdapter" className="UnitTests.iCore.Public.Entities.EventConfigurationTests" name="Test_PublicSystemContext_GetInstanceOfEntity" />
    </UnitTest>
    <UnitTest name="IEntity_Implemented_Verified" storage="f:\etwork\bin\tests\unittests.icore.public.entities.dll" id="9240409b-e86b-ff1e-b17f-28164579554f">
      <Execution id="d2223b34-2161-4355-88ee-198ae54d2655" />
      <TestMethod codeBase="F:\ETWork\bin\Tests\UnitTests.iCore.Public.Entities.dll" adapterTypeName="Microsoft.VisualStudio.TestTools.TestTypes.Unit.UnitTestAdapter" className="UnitTests.iCore.Public.Entities.EventTests" name="IEntity_Implemented_Verified" />
    </UnitTest>
    <UnitTest name="IIntKeyEntity_Implemented_Verified" storage="f:\etwork\bin\tests\unittests.icore.public.entities.dll" id="ca863dc6-8771-e700-3d5c-a9d20d337b09">
      <Execution id="bb72eb5e-8573-48ac-b8d4-7bea9f0011c7" />
      <TestMethod codeBase="F:\ETWork\bin\Tests\UnitTests.iCore.Public.Entities.dll" adapterTypeName="Microsoft.VisualStudio.TestTools.TestTypes.Unit.UnitTestAdapter" className="UnitTests.iCore.Public.Entities.EventTests" name="IIntKeyEntity_Implemented_Verified" />
    </UnitTest>
    <UnitTest name="ITrackingEntity_Implemented_Verified" storage="f:\etwork\bin\tests\unittests.icore.public.entities.dll" id="3230e89e-37b8-17b3-4a16-4dda1af0a58a">
      <Execution id="070a6efc-4481-4e5d-9098-90004fdb5c13" />
      <TestMethod codeBase="F:\ETWork\bin\Tests\UnitTests.iCore.Public.Entities.dll" adapterTypeName="Microsoft.VisualStudio.TestTools.TestTypes.Unit.UnitTestAdapter" className="UnitTests.iCore.Public.Entities.EventTests" name="ITrackingEntity_Implemented_Verified" />
    </UnitTest>
    <UnitTest name="IEvent_HasCorrectNumberOfMembers" storage="f:\etwork\bin\tests\unittests.icore.public.entities.dll" id="77001508-1606-9fa6-5cdd-a4c92b806dca">
      <Execution id="af9fbae9-3b30-4249-ad9f-628c6cd07af0" />
      <TestMethod codeBase="F:\ETWork\bin\Tests\UnitTests.iCore.Public.Entities.dll" adapterTypeName="Microsoft.VisualStudio.TestTools.TestTypes.Unit.UnitTestAdapter" className="UnitTests.iCore.Public.Entities.EventTests" name="IEvent_HasCorrectNumberOfMembers" />
    </UnitTest>
    <UnitTest name="IEvent_Implemented_Verified" storage="f:\etwork\bin\tests\unittests.icore.public.entities.dll" id="083f4d8e-2f5c-e2c0-a4f0-af8040f22929">
      <Execution id="3ef36bcd-9487-4421-b201-112d0271f4d2" />
      <TestMethod codeBase="F:\ETWork\bin\Tests\UnitTests.iCore.Public.Entities.dll" adapterTypeName="Microsoft.VisualStudio.TestTools.TestTypes.Unit.UnitTestAdapter" className="UnitTests.iCore.Public.Entities.EventTests" name="IEvent_Implemented_Verified" />
    </UnitTest>
    <UnitTest name="SourceType_ReturnsExpectedValue" storage="f:\etwork\bin\tests\unittests.icore.public.entities.dll" id="dc362c66-ef59-f86c-3f13-0d63a61dcd7e">
      <Execution id="39217cf0-1145-4342-a6a3-7363d3adcb6d" />
      <TestMethod codeBase="F:\ETWork\bin\Tests\UnitTests.iCore.Public.Entities.dll" adapterTypeName="Microsoft.VisualStudio.TestTools.TestTypes.Unit.UnitTestAdapter" className="UnitTests.iCore.Public.Entities.EventTests" name="SourceType_ReturnsExpectedValue" />
    </UnitTest>
    <UnitTest name="MatchStatus_ReturnsExpectedValue" storage="f:\etwork\bin\tests\unittests.icore.public.entities.dll" id="771686ab-7846-67cc-30a0-b0b4a2735081">
      <Execution id="7b3dbd9c-1357-4a4e-9dd1-1e2a1783abf9" />
      <TestMethod codeBase="F:\ETWork\bin\Tests\UnitTests.iCore.Public.Entities.dll" adapterTypeName="Microsoft.VisualStudio.TestTools.TestTypes.Unit.UnitTestAdapter" className="UnitTests.iCore.Public.Entities.EventTests" name="MatchStatus_ReturnsExpectedValue" />
    </UnitTest>
    <UnitTest name="Priority_ReturnsExpectedValue" storage="f:\etwork\bin\tests\unittests.icore.public.entities.dll" id="d9082e6a-b1b7-9985-f3d6-728765fb7e62">
      <Execution id="b8d7aa4d-2e7b-42dd-b2dd-c8098a235455" />
      <TestMethod codeBase="F:\ETWork\bin\Tests\UnitTests.iCore.Public.Entities.dll" adapterTypeName="Microsoft.VisualStudio.TestTools.TestTypes.Unit.UnitTestAdapter" className="UnitTests.iCore.Public.Entities.EventTests" name="Priority_ReturnsExpectedValue" />
    </UnitTest>
    <UnitTest name="State_ReturnsExpectedValue" storage="f:\etwork\bin\tests\unittests.icore.public.entities.dll" id="e687dd93-6346-c701-0d70-55b293a6182d">
      <Execution id="0aa3e7d0-5b91-4864-af63-0faa250fe48b" />
      <TestMethod codeBase="F:\ETWork\bin\Tests\UnitTests.iCore.Public.Entities.dll" adapterTypeName="Microsoft.VisualStudio.TestTools.TestTypes.Unit.UnitTestAdapter" className="UnitTests.iCore.Public.Entities.EventTests" name="State_ReturnsExpectedValue" />
    </UnitTest>
    <UnitTest name="Reason_ReturnsExpectedValue" storage="f:\etwork\bin\tests\unittests.icore.public.entities.dll" id="55654e7d-f347-cf2c-1e38-c3945cc4ef68">
      <Execution id="24c6d38d-734c-428a-8b2b-9e531e2ebf0d" />
      <TestMethod codeBase="F:\ETWork\bin\Tests\UnitTests.iCore.Public.Entities.dll" adapterTypeName="Microsoft.VisualStudio.TestTools.TestTypes.Unit.UnitTestAdapter" className="UnitTests.iCore.Public.Entities.EventTests" name="Reason_ReturnsExpectedValue" />
    </UnitTest>
    <UnitTest name="Completed_ReturnsExpectedValue" storage="f:\etwork\bin\tests\unittests.icore.public.entities.dll" id="d02232ac-22bd-ec73-0ac9-2258603fde84">
      <Execution id="1792d2a8-086c-4328-b9c9-50da371c1cb4" />
      <TestMethod codeBase="F:\ETWork\bin\Tests\UnitTests.iCore.Public.Entities.dll" adapterTypeName="Microsoft.VisualStudio.TestTools.TestTypes.Unit.UnitTestAdapter" className="UnitTests.iCore.Public.Entities.EventTests" name="Completed_ReturnsExpectedValue" />
    </UnitTest>
    <UnitTest name="DelayUntil_ReturnsExpectedValue" storage="f:\etwork\bin\tests\unittests.icore.public.entities.dll" id="6d49fe98-bb27-ebd0-423b-38bdfdcfc40b">
      <Execution id="74be3ebe-f70c-4dc8-ba04-855ed3371e1b" />
      <TestMethod codeBase="F:\ETWork\bin\Tests\UnitTests.iCore.Public.Entities.dll" adapterTypeName="Microsoft.VisualStudio.TestTools.TestTypes.Unit.UnitTestAdapter" className="UnitTests.iCore.Public.Entities.EventTests" name="DelayUntil_ReturnsExpectedValue" />
    </UnitTest>
    <UnitTest name="Bookmark_ReturnsExpectedValue" storage="f:\etwork\bin\tests\unittests.icore.public.entities.dll" id="ca909f39-ae8a-a014-ea55-62b3d3ed959b">
      <Execution id="2ce32994-5d0f-4048-9b62-3b5565117b6a" />
      <TestMethod codeBase="F:\ETWork\bin\Tests\UnitTests.iCore.Public.Entities.dll" adapterTypeName="Microsoft.VisualStudio.TestTools.TestTypes.Unit.UnitTestAdapter" className="UnitTests.iCore.Public.Entities.EventTests" name="Bookmark_ReturnsExpectedValue" />
    </UnitTest>
    <UnitTest name="EventType_ReturnsExpectedValue" storage="f:\etwork\bin\tests\unittests.icore.public.entities.dll" id="fad9b57f-325b-863c-caf7-d134812bf2c6">
      <Execution id="6b32b02a-3e7f-4222-915f-8f20e614aba7" />
      <TestMethod codeBase="F:\ETWork\bin\Tests\UnitTests.iCore.Public.Entities.dll" adapterTypeName="Microsoft.VisualStudio.TestTools.TestTypes.Unit.UnitTestAdapter" className="UnitTests.iCore.Public.Entities.EventTests" name="EventType_ReturnsExpectedValue" />
    </UnitTest>
    <UnitTest name="Job_NonNull_ReturnsExpectedValue" storage="f:\etwork\bin\tests\unittests.icore.public.entities.dll" id="fc3a9aa6-dd9f-0c0d-8824-a6a95a5f06a5">
      <Execution id="622add6f-b018-4898-8854-01bc42bd75e3" />
      <TestMethod codeBase="F:\ETWork\bin\Tests\UnitTests.iCore.Public.Entities.dll" adapterTypeName="Microsoft.VisualStudio.TestTools.TestTypes.Unit.UnitTestAdapter" className="UnitTests.iCore.Public.Entities.EventTests" name="Job_NonNull_ReturnsExpectedValue" />
    </UnitTest>
    <UnitTest name="Job_IsNull_ReturnsExpectedValue" storage="f:\etwork\bin\tests\unittests.icore.public.entities.dll" id="29f6e6bc-b7b5-24cf-dc91-ae7b71c0f16c">
      <Execution id="103d2946-edd8-4493-a1ac-32ab4aec1625" />
      <TestMethod codeBase="F:\ETWork\bin\Tests\UnitTests.iCore.Public.Entities.dll" adapterTypeName="Microsoft.VisualStudio.TestTools.TestTypes.Unit.UnitTestAdapter" className="UnitTests.iCore.Public.Entities.EventTests" name="Job_IsNull_ReturnsExpectedValue" />
    </UnitTest>
    <UnitTest name="User_NonNull_ReturnsExpectedValue" storage="f:\etwork\bin\tests\unittests.icore.public.entities.dll" id="a362bc0b-a2ed-2f09-4edf-1b0a98c53d02">
      <Execution id="902a89c3-c6a0-4f9a-b3b2-1ad5b3472321" />
      <TestMethod codeBase="F:\ETWork\bin\Tests\UnitTests.iCore.Public.Entities.dll" adapterTypeName="Microsoft.VisualStudio.TestTools.TestTypes.Unit.UnitTestAdapter" className="UnitTests.iCore.Public.Entities.EventTests" name="User_NonNull_ReturnsExpectedValue" />
    </UnitTest>
    <UnitTest name="User_IsNull_ReturnsExpectedValue" storage="f:\etwork\bin\tests\unittests.icore.public.entities.dll" id="7611807d-6a8c-39f7-fd6e-536b460fdb86">
      <Execution id="099a924f-77e1-459c-9294-e46b54e19ba7" />
      <TestMethod codeBase="F:\ETWork\bin\Tests\UnitTests.iCore.Public.Entities.dll" adapterTypeName="Microsoft.VisualStudio.TestTools.TestTypes.Unit.UnitTestAdapter" className="UnitTests.iCore.Public.Entities.EventTests" name="User_IsNull_ReturnsExpectedValue" />
    </UnitTest>
    <UnitTest name="Arguments_ReturnsExpectedValue" storage="f:\etwork\bin\tests\unittests.icore.public.entities.dll" id="11f4543b-3a2c-ab9e-259a-10e2895f2398">
      <Execution id="4ff1124e-fc92-46bc-b868-a8d28671e28a" />
      <TestMethod codeBase="F:\ETWork\bin\Tests\UnitTests.iCore.Public.Entities.dll" adapterTypeName="Microsoft.VisualStudio.TestTools.TestTypes.Unit.UnitTestAdapter" className="UnitTests.iCore.Public.Entities.EventTests" name="Arguments_ReturnsExpectedValue" />
    </UnitTest>
    <UnitTest name="Test_BinarySerialization" storage="f:\etwork\bin\tests\unittests.icore.public.entities.dll" id="db723d9b-5983-25f0-7e49-b842ab2fd087">
      <Execution id="0fe74e46-ad40-4d32-a24a-b29fb1bcc000" />
      <TestMethod codeBase="F:\ETWork\bin\Tests\UnitTests.iCore.Public.Entities.dll" adapterTypeName="Microsoft.VisualStudio.TestTools.TestTypes.Unit.UnitTestAdapter" className="UnitTests.iCore.Public.Entities.EventTests" name="Test_BinarySerialization" />
    </UnitTest>
    <UnitTest name="Test_PublicSystemContext_GetInstanceOfEntity" storage="f:\etwork\bin\tests\unittests.icore.public.entities.dll" id="e771c4c6-810c-a8cb-1579-c13cb41c4779">
      <Execution id="6cffcb1b-ac29-4a3a-9b10-f186c3c2b7ab" />
      <TestMethod codeBase="F:\ETWork\bin\Tests\UnitTests.iCore.Public.Entities.dll" adapterTypeName="Microsoft.VisualStudio.TestTools.TestTypes.Unit.UnitTestAdapter" className="UnitTests.iCore.Public.Entities.EventTests" name="Test_PublicSystemContext_GetInstanceOfEntity" />
    </UnitTest>
    <UnitTest name="Test_PublicSystemContext_CreateInstance_ThrowsActivationException" storage="f:\etwork\bin\tests\unittests.icore.public.entities.dll" id="b679ed6a-a73b-2d61-ca45-e78d3f568555">
      <Execution id="d8aea2ce-b1dd-4556-bdcf-93e6c2c7057a" />
      <TestMethod codeBase="F:\ETWork\bin\Tests\UnitTests.iCore.Public.Entities.dll" adapterTypeName="Microsoft.VisualStudio.TestTools.TestTypes.Unit.UnitTestAdapter" className="UnitTests.iCore.Public.Entities.EventTests" name="Test_PublicSystemContext_CreateInstance_ThrowsActivationException" />
    </UnitTest>
    <UnitTest name="IJob_HasCorrectNumberOfMembers" storage="f:\etwork\bin\tests\unittests.icore.public.entities.dll" id="cc5cf1e5-0b22-5c17-8957-42a25e921e29">
      <Execution id="fd3b8036-0e15-4eb2-a3ce-87561bbc9e9f" />
      <TestMethod codeBase="F:\ETWork\bin\Tests\UnitTests.iCore.Public.Entities.dll" adapterTypeName="Microsoft.VisualStudio.TestTools.TestTypes.Unit.UnitTestAdapter" className="UnitTests.iCore.Public.Entities.JobTests" name="IJob_HasCorrectNumberOfMembers" />
    </UnitTest>
    <UnitTest name="IEntity_Implemented_Verified" storage="f:\etwork\bin\tests\unittests.icore.public.entities.dll" id="1f6666a9-6174-e82f-d23b-0fe6ba20f96d">
      <Execution id="809e0dfa-5bab-4f80-805a-c45169040339" />
      <TestMethod codeBase="F:\ETWork\bin\Tests\UnitTests.iCore.Public.Entities.dll" adapterTypeName="Microsoft.VisualStudio.TestTools.TestTypes.Unit.UnitTestAdapter" className="UnitTests.iCore.Public.Entities.JobTests" name="IEntity_Implemented_Verified" />
    </UnitTest>
    <UnitTest name="IIntKeyEntity_Implemented_Verified" storage="f:\etwork\bin\tests\unittests.icore.public.entities.dll" id="e9d4cddd-512b-b6f5-5376-c6295fc197a8">
      <Execution id="29c7c308-4935-498a-a89f-44b7dfa7d826" />
      <TestMethod codeBase="F:\ETWork\bin\Tests\UnitTests.iCore.Public.Entities.dll" adapterTypeName="Microsoft.VisualStudio.TestTools.TestTypes.Unit.UnitTestAdapter" className="UnitTests.iCore.Public.Entities.JobTests" name="IIntKeyEntity_Implemented_Verified" />
    </UnitTest>
    <UnitTest name="ITrackingEntity_Implemented_Verified" storage="f:\etwork\bin\tests\unittests.icore.public.entities.dll" id="d2d136e2-0b28-eb1d-4a04-176d9d4caa0c">
      <Execution id="598d54ca-262b-451c-bdd7-0d7f3ecc0879" />
      <TestMethod codeBase="F:\ETWork\bin\Tests\UnitTests.iCore.Public.Entities.dll" adapterTypeName="Microsoft.VisualStudio.TestTools.TestTypes.Unit.UnitTestAdapter" className="UnitTests.iCore.Public.Entities.JobTests" name="ITrackingEntity_Implemented_Verified" />
    </UnitTest>
    <UnitTest name="IJob_Implemented_Verified" storage="f:\etwork\bin\tests\unittests.icore.public.entities.dll" id="7f378ffe-3fd8-29a3-26c3-bf6520c066b0">
      <Execution id="ac7178ae-a338-4dc2-871f-28f5674becb0" />
      <TestMethod codeBase="F:\ETWork\bin\Tests\UnitTests.iCore.Public.Entities.dll" adapterTypeName="Microsoft.VisualStudio.TestTools.TestTypes.Unit.UnitTestAdapter" className="UnitTests.iCore.Public.Entities.JobTests" name="IJob_Implemented_Verified" />
    </UnitTest>
    <UnitTest name="EventHandler_NotNull_RetursCorrectValue" storage="f:\etwork\bin\tests\unittests.icore.public.entities.dll" id="d37693e9-23de-b40b-92c5-863b2ad92c68">
      <Execution id="35ad2755-2ee6-4270-be90-d42783fced79" />
      <TestMethod codeBase="F:\ETWork\bin\Tests\UnitTests.iCore.Public.Entities.dll" adapterTypeName="Microsoft.VisualStudio.TestTools.TestTypes.Unit.UnitTestAdapter" className="UnitTests.iCore.Public.Entities.JobTests" name="EventHandler_NotNull_RetursCorrectValue" />
    </UnitTest>
    <UnitTest name="EventHandler_IsNull_RetursCorrectValue" storage="f:\etwork\bin\tests\unittests.icore.public.entities.dll" id="05417fd0-6100-d266-3f79-bf7c331816da">
      <Execution id="11bcf721-9a10-4872-ac74-2d8b998471e5" />
      <TestMethod codeBase="F:\ETWork\bin\Tests\UnitTests.iCore.Public.Entities.dll" adapterTypeName="Microsoft.VisualStudio.TestTools.TestTypes.Unit.UnitTestAdapter" className="UnitTests.iCore.Public.Entities.JobTests" name="EventHandler_IsNull_RetursCorrectValue" />
    </UnitTest>
    <UnitTest name="Event_NotNull_RetursCorrectValue" storage="f:\etwork\bin\tests\unittests.icore.public.entities.dll" id="133fca78-8d41-67cf-07dd-2eddd24e2a92">
      <Execution id="86c95458-8ef8-4166-9c50-adf573d60ad9" />
      <TestMethod codeBase="F:\ETWork\bin\Tests\UnitTests.iCore.Public.Entities.dll" adapterTypeName="Microsoft.VisualStudio.TestTools.TestTypes.Unit.UnitTestAdapter" className="UnitTests.iCore.Public.Entities.JobTests" name="Event_NotNull_RetursCorrectValue" />
    </UnitTest>
    <UnitTest name="Event_IsNull_RetursCorrectValue" storage="f:\etwork\bin\tests\unittests.icore.public.entities.dll" id="5821628c-4b0f-9fea-afe7-524f5e8b3847">
      <Execution id="f3bbcb5f-7b2c-4c8c-be1f-4da88dd1003c" />
      <TestMethod codeBase="F:\ETWork\bin\Tests\UnitTests.iCore.Public.Entities.dll" adapterTypeName="Microsoft.VisualStudio.TestTools.TestTypes.Unit.UnitTestAdapter" className="UnitTests.iCore.Public.Entities.JobTests" name="Event_IsNull_RetursCorrectValue" />
    </UnitTest>
    <UnitTest name="ComponentConfiguration_NotNull_RetursCorrectValue" storage="f:\etwork\bin\tests\unittests.icore.public.entities.dll" id="ae531e31-5824-750d-7aeb-9eca015cbef8">
      <Execution id="1c255961-e348-4aba-9163-73220827751e" />
      <TestMethod codeBase="F:\ETWork\bin\Tests\UnitTests.iCore.Public.Entities.dll" adapterTypeName="Microsoft.VisualStudio.TestTools.TestTypes.Unit.UnitTestAdapter" className="UnitTests.iCore.Public.Entities.JobTests" name="ComponentConfiguration_NotNull_RetursCorrectValue" />
    </UnitTest>
    <UnitTest name="ComponentConfiguration_IsNull_RetursCorrectValue" storage="f:\etwork\bin\tests\unittests.icore.public.entities.dll" id="14279cb0-c331-9acd-2230-d83f82e9f647">
      <Execution id="48130352-9e01-4802-b6e3-6df2c12a7d9e" />
      <TestMethod codeBase="F:\ETWork\bin\Tests\UnitTests.iCore.Public.Entities.dll" adapterTypeName="Microsoft.VisualStudio.TestTools.TestTypes.Unit.UnitTestAdapter" className="UnitTests.iCore.Public.Entities.JobTests" name="ComponentConfiguration_IsNull_RetursCorrectValue" />
    </UnitTest>
    <UnitTest name="ApplicationPool_NotNull_RetursCorrectValue" storage="f:\etwork\bin\tests\unittests.icore.public.entities.dll" id="5591e1a3-95fb-d016-aa8b-8b45048b69f2">
      <Execution id="46d1bc91-c123-4ff7-a02f-1d1b923e2005" />
      <TestMethod codeBase="F:\ETWork\bin\Tests\UnitTests.iCore.Public.Entities.dll" adapterTypeName="Microsoft.VisualStudio.TestTools.TestTypes.Unit.UnitTestAdapter" className="UnitTests.iCore.Public.Entities.JobTests" name="ApplicationPool_NotNull_RetursCorrectValue" />
    </UnitTest>
    <UnitTest name="ApplicationPool_IsNull_RetursCorrectValue" storage="f:\etwork\bin\tests\unittests.icore.public.entities.dll" id="ab83e7c5-7c52-c8f0-4543-71512a0e6378">
      <Execution id="61b68401-0f53-42ec-9eda-5799a6b86f39" />
      <TestMethod codeBase="F:\ETWork\bin\Tests\UnitTests.iCore.Public.Entities.dll" adapterTypeName="Microsoft.VisualStudio.TestTools.TestTypes.Unit.UnitTestAdapter" className="UnitTests.iCore.Public.Entities.JobTests" name="ApplicationPool_IsNull_RetursCorrectValue" />
    </UnitTest>
    <UnitTest name="Server_NotNull_RetursCorrectValue" storage="f:\etwork\bin\tests\unittests.icore.public.entities.dll" id="87ba9547-a02c-b9bf-16fd-6fe035d3e0fe">
      <Execution id="85c38ced-0f21-47e0-a6be-878fc0157fed" />
      <TestMethod codeBase="F:\ETWork\bin\Tests\UnitTests.iCore.Public.Entities.dll" adapterTypeName="Microsoft.VisualStudio.TestTools.TestTypes.Unit.UnitTestAdapter" className="UnitTests.iCore.Public.Entities.JobTests" name="Server_NotNull_RetursCorrectValue" />
    </UnitTest>
    <UnitTest name="Server_IsNull_RetursCorrectValue" storage="f:\etwork\bin\tests\unittests.icore.public.entities.dll" id="ae62ff5b-867f-cf62-1132-4af290af01cc">
      <Execution id="7d449ce2-918f-47d1-8fc7-556a94c1260b" />
      <TestMethod codeBase="F:\ETWork\bin\Tests\UnitTests.iCore.Public.Entities.dll" adapterTypeName="Microsoft.VisualStudio.TestTools.TestTypes.Unit.UnitTestAdapter" className="UnitTests.iCore.Public.Entities.JobTests" name="Server_IsNull_RetursCorrectValue" />
    </UnitTest>
    <UnitTest name="ComponentDefinition_NotNull_RetursCorrectValue" storage="f:\etwork\bin\tests\unittests.icore.public.entities.dll" id="279b93e3-49d9-4376-9553-d2e4259ccda7">
      <Execution id="0bdd1d8c-771e-4d01-9bf2-487f48b8cb68" />
      <TestMethod codeBase="F:\ETWork\bin\Tests\UnitTests.iCore.Public.Entities.dll" adapterTypeName="Microsoft.VisualStudio.TestTools.TestTypes.Unit.UnitTestAdapter" className="UnitTests.iCore.Public.Entities.JobTests" name="ComponentDefinition_NotNull_RetursCorrectValue" />
    </UnitTest>
    <UnitTest name="ComponentDefinition_IsNull_RetursCorrectValue" storage="f:\etwork\bin\tests\unittests.icore.public.entities.dll" id="a98b362c-9793-65a3-0b5b-98ae04189938">
      <Execution id="67d5f934-057d-4104-929d-8e9f7a295abb" />
      <TestMethod codeBase="F:\ETWork\bin\Tests\UnitTests.iCore.Public.Entities.dll" adapterTypeName="Microsoft.VisualStudio.TestTools.TestTypes.Unit.UnitTestAdapter" className="UnitTests.iCore.Public.Entities.JobTests" name="ComponentDefinition_IsNull_RetursCorrectValue" />
    </UnitTest>
    <UnitTest name="StartedDate_RetursCorrectValue" storage="f:\etwork\bin\tests\unittests.icore.public.entities.dll" id="09af05a0-cb46-8ef1-b637-c726aa26f572">
      <Execution id="9b0119de-2933-423d-849d-55e7374915fb" />
      <TestMethod codeBase="F:\ETWork\bin\Tests\UnitTests.iCore.Public.Entities.dll" adapterTypeName="Microsoft.VisualStudio.TestTools.TestTypes.Unit.UnitTestAdapter" className="UnitTests.iCore.Public.Entities.JobTests" name="StartedDate_RetursCorrectValue" />
    </UnitTest>
    <UnitTest name="FinishedDate_RetursCorrectValue" storage="f:\etwork\bin\tests\unittests.icore.public.entities.dll" id="42dd1c67-db1b-0719-4d73-5553814d80e8">
      <Execution id="c4f1669e-effd-455f-86f1-ac4163f06cfe" />
      <TestMethod codeBase="F:\ETWork\bin\Tests\UnitTests.iCore.Public.Entities.dll" adapterTypeName="Microsoft.VisualStudio.TestTools.TestTypes.Unit.UnitTestAdapter" className="UnitTests.iCore.Public.Entities.JobTests" name="FinishedDate_RetursCorrectValue" />
    </UnitTest>
    <UnitTest name="State_RetursCorrectValue" storage="f:\etwork\bin\tests\unittests.icore.public.entities.dll" id="2498bea2-b64d-1bf4-5b41-c8747b964247">
      <Execution id="2f047a19-4cfa-46d2-ac07-3764c1ea57f6" />
      <TestMethod codeBase="F:\ETWork\bin\Tests\UnitTests.iCore.Public.Entities.dll" adapterTypeName="Microsoft.VisualStudio.TestTools.TestTypes.Unit.UnitTestAdapter" className="UnitTests.iCore.Public.Entities.JobTests" name="State_RetursCorrectValue" />
    </UnitTest>
    <UnitTest name="Priority_RetursCorrectValue" storage="f:\etwork\bin\tests\unittests.icore.public.entities.dll" id="10bebee1-2658-de2e-ba1a-3ca73b5e6abd">
      <Execution id="bd6bfcc2-817a-4e91-ac09-8ded9a2bcbb1" />
      <TestMethod codeBase="F:\ETWork\bin\Tests\UnitTests.iCore.Public.Entities.dll" adapterTypeName="Microsoft.VisualStudio.TestTools.TestTypes.Unit.UnitTestAdapter" className="UnitTests.iCore.Public.Entities.JobTests" name="Priority_RetursCorrectValue" />
    </UnitTest>
    <UnitTest name="JobType_RetursCorrectValue" storage="f:\etwork\bin\tests\unittests.icore.public.entities.dll" id="2498b6ed-a6f2-33cd-530a-90d3cba3ada9">
      <Execution id="28f48b7a-cc01-4ffd-a17e-02b2f350d760" />
      <TestMethod codeBase="F:\ETWork\bin\Tests\UnitTests.iCore.Public.Entities.dll" adapterTypeName="Microsoft.VisualStudio.TestTools.TestTypes.Unit.UnitTestAdapter" className="UnitTests.iCore.Public.Entities.JobTests" name="JobType_RetursCorrectValue" />
    </UnitTest>
    <UnitTest name="StartCount_RetursCorrectValue" storage="f:\etwork\bin\tests\unittests.icore.public.entities.dll" id="246d09ac-bff0-4779-ca62-f45abd52f682">
      <Execution id="bcdeb861-6bc9-453d-ba47-b0e4b5f0500d" />
      <TestMethod codeBase="F:\ETWork\bin\Tests\UnitTests.iCore.Public.Entities.dll" adapterTypeName="Microsoft.VisualStudio.TestTools.TestTypes.Unit.UnitTestAdapter" className="UnitTests.iCore.Public.Entities.JobTests" name="StartCount_RetursCorrectValue" />
    </UnitTest>
    <UnitTest name="IsRestartDisabled_RetursCorrectValue" storage="f:\etwork\bin\tests\unittests.icore.public.entities.dll" id="88bf2f42-3b63-4c98-50b3-ed75ccf0ad6b">
      <Execution id="93679a22-e67f-46c5-b41f-8e4f0df878f6" />
      <TestMethod codeBase="F:\ETWork\bin\Tests\UnitTests.iCore.Public.Entities.dll" adapterTypeName="Microsoft.VisualStudio.TestTools.TestTypes.Unit.UnitTestAdapter" className="UnitTests.iCore.Public.Entities.JobTests" name="IsRestartDisabled_RetursCorrectValue" />
    </UnitTest>
    <UnitTest name="IsSynchronous_RetursCorrectValue" storage="f:\etwork\bin\tests\unittests.icore.public.entities.dll" id="a209e32d-1e1f-5db0-34fe-79a8f1f6f307">
      <Execution id="e51a4eb9-837c-42ba-aced-d39a35d36785" />
      <TestMethod codeBase="F:\ETWork\bin\Tests\UnitTests.iCore.Public.Entities.dll" adapterTypeName="Microsoft.VisualStudio.TestTools.TestTypes.Unit.UnitTestAdapter" className="UnitTests.iCore.Public.Entities.JobTests" name="IsSynchronous_RetursCorrectValue" />
    </UnitTest>
    <UnitTest name="InArguments_RetursCorrectValue" storage="f:\etwork\bin\tests\unittests.icore.public.entities.dll" id="98023585-2429-84ed-4f52-cc842a684db8">
      <Execution id="5706b4ef-ee4f-4222-b34f-14dbffe0920f" />
      <TestMethod codeBase="F:\ETWork\bin\Tests\UnitTests.iCore.Public.Entities.dll" adapterTypeName="Microsoft.VisualStudio.TestTools.TestTypes.Unit.UnitTestAdapter" className="UnitTests.iCore.Public.Entities.JobTests" name="InArguments_RetursCorrectValue" />
    </UnitTest>
    <UnitTest name="OutArguments_RetursCorrectValue" storage="f:\etwork\bin\tests\unittests.icore.public.entities.dll" id="1d2a5b12-bbf0-3c16-34ef-f084ee028b7a">
      <Execution id="9f4c99ee-f0f1-41e9-a59f-cd66f107fb1e" />
      <TestMethod codeBase="F:\ETWork\bin\Tests\UnitTests.iCore.Public.Entities.dll" adapterTypeName="Microsoft.VisualStudio.TestTools.TestTypes.Unit.UnitTestAdapter" className="UnitTests.iCore.Public.Entities.JobTests" name="OutArguments_RetursCorrectValue" />
    </UnitTest>
    <UnitTest name="Test_BinarySerialization" storage="f:\etwork\bin\tests\unittests.icore.public.entities.dll" id="9f50457a-bd58-7c3f-964a-d456ed83ccfd">
      <Execution id="7519eab9-3384-4003-b2f1-9766d08b9ab8" />
      <TestMethod codeBase="F:\ETWork\bin\Tests\UnitTests.iCore.Public.Entities.dll" adapterTypeName="Microsoft.VisualStudio.TestTools.TestTypes.Unit.UnitTestAdapter" className="UnitTests.iCore.Public.Entities.JobTests" name="Test_BinarySerialization" />
    </UnitTest>
    <UnitTest name="Test_PublicSystemContext_GetInstanceOfEntity" storage="f:\etwork\bin\tests\unittests.icore.public.entities.dll" id="b5899086-be4a-df7c-42e3-4eb67777792f">
      <Execution id="1d023b4d-bc0e-4934-9caf-bacc1825bece" />
      <TestMethod codeBase="F:\ETWork\bin\Tests\UnitTests.iCore.Public.Entities.dll" adapterTypeName="Microsoft.VisualStudio.TestTools.TestTypes.Unit.UnitTestAdapter" className="UnitTests.iCore.Public.Entities.JobTests" name="Test_PublicSystemContext_GetInstanceOfEntity" />
    </UnitTest>
    <UnitTest name="IJob_HasCorrectNumberOfMembers" storage="f:\etwork\bin\tests\unittests.icore.public.entities.dll" id="49c3a87d-064d-0998-f1b2-c5bbb79323a0">
      <Execution id="30550542-3ac1-4810-bc72-0ee5934e07ec" />
      <TestMethod codeBase="F:\ETWork\bin\Tests\UnitTests.iCore.Public.Entities.dll" adapterTypeName="Microsoft.VisualStudio.TestTools.TestTypes.Unit.UnitTestAdapter" className="UnitTests.iCore.Public.Entities.LogEntryTests" name="IJob_HasCorrectNumberOfMembers" />
    </UnitTest>
    <UnitTest name="IEntity_Implemented_Verified" storage="f:\etwork\bin\tests\unittests.icore.public.entities.dll" id="fc088cca-2d29-c967-42ec-5a8991a233a1">
      <Execution id="d17de16c-398e-408e-b386-9447873c04c2" />
      <TestMethod codeBase="F:\ETWork\bin\Tests\UnitTests.iCore.Public.Entities.dll" adapterTypeName="Microsoft.VisualStudio.TestTools.TestTypes.Unit.UnitTestAdapter" className="UnitTests.iCore.Public.Entities.LogEntryTests" name="IEntity_Implemented_Verified" />
    </UnitTest>
    <UnitTest name="IIntKeyEntity_Implemented_Verified" storage="f:\etwork\bin\tests\unittests.icore.public.entities.dll" id="96221c6a-16f6-900b-aa3e-e81626e52061">
      <Execution id="9a638ba1-23dd-498e-957c-c41f9b39a349" />
      <TestMethod codeBase="F:\ETWork\bin\Tests\UnitTests.iCore.Public.Entities.dll" adapterTypeName="Microsoft.VisualStudio.TestTools.TestTypes.Unit.UnitTestAdapter" className="UnitTests.iCore.Public.Entities.LogEntryTests" name="IIntKeyEntity_Implemented_Verified" />
    </UnitTest>
    <UnitTest name="ITrackingEntity_Implemented_Verified" storage="f:\etwork\bin\tests\unittests.icore.public.entities.dll" id="4c6d6597-bfab-658e-c5f1-7ad23a592e33">
      <Execution id="d0dbacc7-a54c-4f56-8950-bc3e98347d4e" />
      <TestMethod codeBase="F:\ETWork\bin\Tests\UnitTests.iCore.Public.Entities.dll" adapterTypeName="Microsoft.VisualStudio.TestTools.TestTypes.Unit.UnitTestAdapter" className="UnitTests.iCore.Public.Entities.LogEntryTests" name="ITrackingEntity_Implemented_Verified" />
    </UnitTest>
    <UnitTest name="ILogEntry_Implemented_Verified" storage="f:\etwork\bin\tests\unittests.icore.public.entities.dll" id="1bdb79a4-e0ee-82d0-e55c-ebb9cfe1dc0a">
      <Execution id="956feb34-767f-46cc-bc58-c0743e08527c" />
      <TestMethod codeBase="F:\ETWork\bin\Tests\UnitTests.iCore.Public.Entities.dll" adapterTypeName="Microsoft.VisualStudio.TestTools.TestTypes.Unit.UnitTestAdapter" className="UnitTests.iCore.Public.Entities.LogEntryTests" name="ILogEntry_Implemented_Verified" />
    </UnitTest>
    <UnitTest name="User_NotNull_RetursCorrectValue" storage="f:\etwork\bin\tests\unittests.icore.public.entities.dll" id="741b5c1b-44aa-5444-0be7-fd6f70674261">
      <Execution id="cbf7a02d-05c7-43c1-9556-5104c76f6875" />
      <TestMethod codeBase="F:\ETWork\bin\Tests\UnitTests.iCore.Public.Entities.dll" adapterTypeName="Microsoft.VisualStudio.TestTools.TestTypes.Unit.UnitTestAdapter" className="UnitTests.iCore.Public.Entities.LogEntryTests" name="User_NotNull_RetursCorrectValue" />
    </UnitTest>
    <UnitTest name="User_IsNull_RetursCorrectValue" storage="f:\etwork\bin\tests\unittests.icore.public.entities.dll" id="b92df4d3-f9ed-613d-7f7b-e657f2fa851e">
      <Execution id="f421b916-5072-4599-91f2-c92d39cfe152" />
      <TestMethod codeBase="F:\ETWork\bin\Tests\UnitTests.iCore.Public.Entities.dll" adapterTypeName="Microsoft.VisualStudio.TestTools.TestTypes.Unit.UnitTestAdapter" className="UnitTests.iCore.Public.Entities.LogEntryTests" name="User_IsNull_RetursCorrectValue" />
    </UnitTest>
    <UnitTest name="Node_NotNull_RetursCorrectValue" storage="f:\etwork\bin\tests\unittests.icore.public.entities.dll" id="459b60bd-f8dc-2750-9280-9b343b5416ff">
      <Execution id="c3515aab-b599-4d94-b3dd-83432acbf986" />
      <TestMethod codeBase="F:\ETWork\bin\Tests\UnitTests.iCore.Public.Entities.dll" adapterTypeName="Microsoft.VisualStudio.TestTools.TestTypes.Unit.UnitTestAdapter" className="UnitTests.iCore.Public.Entities.LogEntryTests" name="Node_NotNull_RetursCorrectValue" />
    </UnitTest>
    <UnitTest name="Node_IsNull_RetursCorrectValue" storage="f:\etwork\bin\tests\unittests.icore.public.entities.dll" id="c79f399e-353e-0f4d-b72b-67a86759329d">
      <Execution id="cdd9ef50-aa08-41e1-b7c7-f363fdfcdd37" />
      <TestMethod codeBase="F:\ETWork\bin\Tests\UnitTests.iCore.Public.Entities.dll" adapterTypeName="Microsoft.VisualStudio.TestTools.TestTypes.Unit.UnitTestAdapter" className="UnitTests.iCore.Public.Entities.LogEntryTests" name="Node_IsNull_RetursCorrectValue" />
    </UnitTest>
    <UnitTest name="Job_NotNull_RetursCorrectValue" storage="f:\etwork\bin\tests\unittests.icore.public.entities.dll" id="d8592b28-6c7c-e8b1-a55f-d3bc1690906b">
      <Execution id="7e9f64d5-6dfd-4c2f-9065-4abd6f97772c" />
      <TestMethod codeBase="F:\ETWork\bin\Tests\UnitTests.iCore.Public.Entities.dll" adapterTypeName="Microsoft.VisualStudio.TestTools.TestTypes.Unit.UnitTestAdapter" className="UnitTests.iCore.Public.Entities.LogEntryTests" name="Job_NotNull_RetursCorrectValue" />
    </UnitTest>
    <UnitTest name="Job_IsNull_RetursCorrectValue" storage="f:\etwork\bin\tests\unittests.icore.public.entities.dll" id="f40ea1e4-80d7-5612-db7e-fceac508cee0">
      <Execution id="7a044959-2719-4b23-a987-1549decd53e2" />
      <TestMethod codeBase="F:\ETWork\bin\Tests\UnitTests.iCore.Public.Entities.dll" adapterTypeName="Microsoft.VisualStudio.TestTools.TestTypes.Unit.UnitTestAdapter" className="UnitTests.iCore.Public.Entities.LogEntryTests" name="Job_IsNull_RetursCorrectValue" />
    </UnitTest>
    <UnitTest name="Level_GetProperty_ReturnsExpectedValue" storage="f:\etwork\bin\tests\unittests.icore.public.entities.dll" id="e112d909-5ead-cd63-5a1e-8d3d45856135">
      <Execution id="264b8248-b090-4e18-8d1e-9a5d6fbb0501" />
      <TestMethod codeBase="F:\ETWork\bin\Tests\UnitTests.iCore.Public.Entities.dll" adapterTypeName="Microsoft.VisualStudio.TestTools.TestTypes.Unit.UnitTestAdapter" className="UnitTests.iCore.Public.Entities.LogEntryTests" name="Level_GetProperty_ReturnsExpectedValue" />
    </UnitTest>
    <UnitTest name="Test_BinarySerialization" storage="f:\etwork\bin\tests\unittests.icore.public.entities.dll" id="acf827a7-20ed-5716-38ff-797fb11fdb65">
      <Execution id="459c080a-a60b-4ff3-ae06-b2e044527705" />
      <TestMethod codeBase="F:\ETWork\bin\Tests\UnitTests.iCore.Public.Entities.dll" adapterTypeName="Microsoft.VisualStudio.TestTools.TestTypes.Unit.UnitTestAdapter" className="UnitTests.iCore.Public.Entities.LogEntryTests" name="Test_BinarySerialization" />
    </UnitTest>
    <UnitTest name="Test_PublicSystemContext_GetInstanceOfEntity" storage="f:\etwork\bin\tests\unittests.icore.public.entities.dll" id="954d453a-217a-f638-79de-d537988e7607">
      <Execution id="50a57b8a-218a-4733-a0cb-5cb98ea321d0" />
      <TestMethod codeBase="F:\ETWork\bin\Tests\UnitTests.iCore.Public.Entities.dll" adapterTypeName="Microsoft.VisualStudio.TestTools.TestTypes.Unit.UnitTestAdapter" className="UnitTests.iCore.Public.Entities.LogEntryTests" name="Test_PublicSystemContext_GetInstanceOfEntity" />
    </UnitTest>
    <UnitTest name="IEntity_Implemented_Verified" storage="f:\etwork\bin\tests\unittests.icore.public.entities.dll" id="57db0381-24d0-d5c3-62c3-3da7b054d68e">
      <Execution id="fddfd381-a227-42a9-a098-58cc064e0d67" />
      <TestMethod codeBase="F:\ETWork\bin\Tests\UnitTests.iCore.Public.Entities.dll" adapterTypeName="Microsoft.VisualStudio.TestTools.TestTypes.Unit.UnitTestAdapter" className="UnitTests.iCore.Public.Entities.NodeAttributeValueTests" name="IEntity_Implemented_Verified" />
    </UnitTest>
    <UnitTest name="AttributeType_ReturnsExpectedValue" storage="f:\etwork\bin\tests\unittests.icore.public.entities.dll" id="bbdcb26d-ef16-60c2-4190-a5e8ee54237d">
      <Execution id="251c7ae3-a55a-40a8-945d-0885dba92841" />
      <TestMethod codeBase="F:\ETWork\bin\Tests\UnitTests.iCore.Public.Entities.dll" adapterTypeName="Microsoft.VisualStudio.TestTools.TestTypes.Unit.UnitTestAdapter" className="UnitTests.iCore.Public.Entities.NodeAttributeValueTests" name="AttributeType_ReturnsExpectedValue" />
    </UnitTest>
    <UnitTest name="Value_ReturnsExpectedValue" storage="f:\etwork\bin\tests\unittests.icore.public.entities.dll" id="e4ce4d09-d932-7439-a2d0-a50f7f8ca420">
      <Execution id="e855621b-b4dd-4969-baf2-2b42e52482c0" />
      <TestMethod codeBase="F:\ETWork\bin\Tests\UnitTests.iCore.Public.Entities.dll" adapterTypeName="Microsoft.VisualStudio.TestTools.TestTypes.Unit.UnitTestAdapter" className="UnitTests.iCore.Public.Entities.NodeAttributeValueTests" name="Value_ReturnsExpectedValue" />
    </UnitTest>
    <UnitTest name="INamedEntity_Implemented_Verified" storage="f:\etwork\bin\tests\unittests.icore.public.entities.dll" id="4e56bc2c-f93e-8ea3-950e-eb16cdb4057a">
      <Execution id="c3a6babe-503c-4b73-8da0-3a6146868e7d" />
      <TestMethod codeBase="F:\ETWork\bin\Tests\UnitTests.iCore.Public.Entities.dll" adapterTypeName="Microsoft.VisualStudio.TestTools.TestTypes.Unit.UnitTestAdapter" className="UnitTests.iCore.Public.Entities.NodeAttributeValueTests" name="INamedEntity_Implemented_Verified" />
    </UnitTest>
    <UnitTest name="INodeAttributeValue_Implemented_Verified" storage="f:\etwork\bin\tests\unittests.icore.public.entities.dll" id="e3e050d9-95ac-cdd9-92e1-5882b83ceaa5">
      <Execution id="64c93221-4b3d-4294-a5c0-11546f46c30b" />
      <TestMethod codeBase="F:\ETWork\bin\Tests\UnitTests.iCore.Public.Entities.dll" adapterTypeName="Microsoft.VisualStudio.TestTools.TestTypes.Unit.UnitTestAdapter" className="UnitTests.iCore.Public.Entities.NodeAttributeValueTests" name="INodeAttributeValue_Implemented_Verified" />
    </UnitTest>
    <UnitTest name="INodeAttributeType_HasCorrectNumberOfMembers" storage="f:\etwork\bin\tests\unittests.icore.public.entities.dll" id="392f2b17-cf6f-c2a7-3752-a97715ecd8a0">
      <Execution id="e409d235-1908-47f0-9e83-0a62b85d9275" />
      <TestMethod codeBase="F:\ETWork\bin\Tests\UnitTests.iCore.Public.Entities.dll" adapterTypeName="Microsoft.VisualStudio.TestTools.TestTypes.Unit.UnitTestAdapter" className="UnitTests.iCore.Public.Entities.NodeAttributeValueTests" name="INodeAttributeType_HasCorrectNumberOfMembers" />
    </UnitTest>
    <UnitTest name="Test_BinarySerialization" storage="f:\etwork\bin\tests\unittests.icore.public.entities.dll" id="f077af5e-2f5c-7564-8241-4ffe122f77f9">
      <Execution id="df584a93-8919-4746-a638-3a84149ee1cf" />
      <TestMethod codeBase="F:\ETWork\bin\Tests\UnitTests.iCore.Public.Entities.dll" adapterTypeName="Microsoft.VisualStudio.TestTools.TestTypes.Unit.UnitTestAdapter" className="UnitTests.iCore.Public.Entities.NodeAttributeValueTests" name="Test_BinarySerialization" />
    </UnitTest>
    <UnitTest name="IEntity_Implemented_Verified" storage="f:\etwork\bin\tests\unittests.icore.public.entities.dll" id="75a56f6e-0fe3-ffa6-a88e-e00255a0100e">
      <Execution id="1824497e-e554-4f69-9a70-eb3dc48db82c" />
      <TestMethod codeBase="F:\ETWork\bin\Tests\UnitTests.iCore.Public.Entities.dll" adapterTypeName="Microsoft.VisualStudio.TestTools.TestTypes.Unit.UnitTestAdapter" className="UnitTests.iCore.Public.Entities.NodeAttributeTypeTests" name="IEntity_Implemented_Verified" />
    </UnitTest>
    <UnitTest name="IGuidKeyEntity_Implemented_Verified" storage="f:\etwork\bin\tests\unittests.icore.public.entities.dll" id="325a2495-7bc2-2c67-fa37-ff9faf8cb000">
      <Execution id="f0a884a2-f5fc-43cb-9cc9-3261c65b5560" />
      <TestMethod codeBase="F:\ETWork\bin\Tests\UnitTests.iCore.Public.Entities.dll" adapterTypeName="Microsoft.VisualStudio.TestTools.TestTypes.Unit.UnitTestAdapter" className="UnitTests.iCore.Public.Entities.NodeAttributeTypeTests" name="IGuidKeyEntity_Implemented_Verified" />
    </UnitTest>
    <UnitTest name="INamedEntity_Implemented_Verified" storage="f:\etwork\bin\tests\unittests.icore.public.entities.dll" id="76fb0d20-9f97-4725-b881-c77742db5803">
      <Execution id="aea50beb-5c38-4384-a23e-9bb856ba9971" />
      <TestMethod codeBase="F:\ETWork\bin\Tests\UnitTests.iCore.Public.Entities.dll" adapterTypeName="Microsoft.VisualStudio.TestTools.TestTypes.Unit.UnitTestAdapter" className="UnitTests.iCore.Public.Entities.NodeAttributeTypeTests" name="INamedEntity_Implemented_Verified" />
    </UnitTest>
    <UnitTest name="IDescriptiveEntity_Implemented_Verified" storage="f:\etwork\bin\tests\unittests.icore.public.entities.dll" id="f11ee384-6037-735e-2cf3-397803a455cd">
      <Execution id="2a1b111e-190b-4b29-8c58-1517691b1386" />
      <TestMethod codeBase="F:\ETWork\bin\Tests\UnitTests.iCore.Public.Entities.dll" adapterTypeName="Microsoft.VisualStudio.TestTools.TestTypes.Unit.UnitTestAdapter" className="UnitTests.iCore.Public.Entities.NodeAttributeTypeTests" name="IDescriptiveEntity_Implemented_Verified" />
    </UnitTest>
    <UnitTest name="INodeAttributeType_Implemented_Verified" storage="f:\etwork\bin\tests\unittests.icore.public.entities.dll" id="6e4e5f99-75bd-2c67-b9b1-4bab9ee95581">
      <Execution id="734284ec-4940-4853-9d02-17a4e641213c" />
      <TestMethod codeBase="F:\ETWork\bin\Tests\UnitTests.iCore.Public.Entities.dll" adapterTypeName="Microsoft.VisualStudio.TestTools.TestTypes.Unit.UnitTestAdapter" className="UnitTests.iCore.Public.Entities.NodeAttributeTypeTests" name="INodeAttributeType_Implemented_Verified" />
    </UnitTest>
    <UnitTest name="INodeAttributeType_TypeConversionToNodeAttributeTypeIDValue_Verified" storage="f:\etwork\bin\tests\unittests.icore.public.entities.dll" id="8a0cadb7-bf7f-176b-a07c-942d6030410b">
      <Execution id="8d6d93af-05bc-4eaa-9089-ec16765a6196" />
      <TestMethod codeBase="F:\ETWork\bin\Tests\UnitTests.iCore.Public.Entities.dll" adapterTypeName="Microsoft.VisualStudio.TestTools.TestTypes.Unit.UnitTestAdapter" className="UnitTests.iCore.Public.Entities.NodeAttributeTypeTests" name="INodeAttributeType_TypeConversionToNodeAttributeTypeIDValue_Verified" />
    </UnitTest>
    <UnitTest name="INodeAttributeType_TypeConversionToUnsupportedType_Verified" storage="f:\etwork\bin\tests\unittests.icore.public.entities.dll" id="38a01324-8bbd-487c-5251-cd2a659ffb3d">
      <Execution id="ca69cea4-84e3-4664-b599-8521835a2db3" />
      <TestMethod codeBase="F:\ETWork\bin\Tests\UnitTests.iCore.Public.Entities.dll" adapterTypeName="Microsoft.VisualStudio.TestTools.TestTypes.Unit.UnitTestAdapter" className="UnitTests.iCore.Public.Entities.NodeAttributeTypeTests" name="INodeAttributeType_TypeConversionToUnsupportedType_Verified" />
    </UnitTest>
    <UnitTest name="ICategorizableEntity_Implemented_Verified" storage="f:\etwork\bin\tests\unittests.icore.public.entities.dll" id="36cffa0e-3e10-7ba1-314e-050acac48ff9">
      <Execution id="62693502-042d-4db8-b48a-b95d0c1a961a" />
      <TestMethod codeBase="F:\ETWork\bin\Tests\UnitTests.iCore.Public.Entities.dll" adapterTypeName="Microsoft.VisualStudio.TestTools.TestTypes.Unit.UnitTestAdapter" className="UnitTests.iCore.Public.Entities.NodeAttributeTypeTests" name="ICategorizableEntity_Implemented_Verified" />
    </UnitTest>
    <UnitTest name="INodeAttributeType_HasCorrectNumberOfMembers" storage="f:\etwork\bin\tests\unittests.icore.public.entities.dll" id="878abd71-f937-3207-1998-3949beeef334">
      <Execution id="a0f055b2-9e69-4482-868b-10fcc2abe38d" />
      <TestMethod codeBase="F:\ETWork\bin\Tests\UnitTests.iCore.Public.Entities.dll" adapterTypeName="Microsoft.VisualStudio.TestTools.TestTypes.Unit.UnitTestAdapter" className="UnitTests.iCore.Public.Entities.NodeAttributeTypeTests" name="INodeAttributeType_HasCorrectNumberOfMembers" />
    </UnitTest>
    <UnitTest name="VarType_ReturnsExpectedValue" storage="f:\etwork\bin\tests\unittests.icore.public.entities.dll" id="db570ee5-b278-a06c-62c2-f8bae0f7aac0">
      <Execution id="455cc10b-14d4-4f68-ad0d-4e17277828a6" />
      <TestMethod codeBase="F:\ETWork\bin\Tests\UnitTests.iCore.Public.Entities.dll" adapterTypeName="Microsoft.VisualStudio.TestTools.TestTypes.Unit.UnitTestAdapter" className="UnitTests.iCore.Public.Entities.NodeAttributeTypeTests" name="VarType_ReturnsExpectedValue" />
    </UnitTest>
    <UnitTest name="Test_BinarySerialization" storage="f:\etwork\bin\tests\unittests.icore.public.entities.dll" id="0af17613-4b95-6a77-5a12-86e45eb0a764">
      <Execution id="a2b719ec-68ad-490a-9212-ad6b117a781e" />
      <TestMethod codeBase="F:\ETWork\bin\Tests\UnitTests.iCore.Public.Entities.dll" adapterTypeName="Microsoft.VisualStudio.TestTools.TestTypes.Unit.UnitTestAdapter" className="UnitTests.iCore.Public.Entities.NodeAttributeTypeTests" name="Test_BinarySerialization" />
    </UnitTest>
    <UnitTest name="Test_PublicSystemContext_GetInstanceOfEntity" storage="f:\etwork\bin\tests\unittests.icore.public.entities.dll" id="4bdafaca-48a9-7778-b5e7-32b2604a26e2">
      <Execution id="091aa768-8075-4297-bda0-bc96ccc9f41d" />
      <TestMethod codeBase="F:\ETWork\bin\Tests\UnitTests.iCore.Public.Entities.dll" adapterTypeName="Microsoft.VisualStudio.TestTools.TestTypes.Unit.UnitTestAdapter" className="UnitTests.iCore.Public.Entities.NodeAttributeTypeTests" name="Test_PublicSystemContext_GetInstanceOfEntity" />
    </UnitTest>
    <UnitTest name="IEntity_Implemented_Verified" storage="f:\etwork\bin\tests\unittests.icore.public.entities.dll" id="82f8f8ac-a95a-efa3-63e6-144f1394fdb0">
      <Execution id="e9ab6eaa-c4f4-4c69-9a50-c88545a7a484" />
      <TestMethod codeBase="F:\ETWork\bin\Tests\UnitTests.iCore.Public.Entities.dll" adapterTypeName="Microsoft.VisualStudio.TestTools.TestTypes.Unit.UnitTestAdapter" className="UnitTests.iCore.Public.Entities.NodeTests" name="IEntity_Implemented_Verified" />
    </UnitTest>
    <UnitTest name="IIntKeyEntity_Implemented_Verified" storage="f:\etwork\bin\tests\unittests.icore.public.entities.dll" id="2023204a-5145-7835-d3bf-4030dc94bb4d">
      <Execution id="7ede7c8e-0c2e-4e24-9c0a-1046a17a46e3" />
      <TestMethod codeBase="F:\ETWork\bin\Tests\UnitTests.iCore.Public.Entities.dll" adapterTypeName="Microsoft.VisualStudio.TestTools.TestTypes.Unit.UnitTestAdapter" className="UnitTests.iCore.Public.Entities.NodeTests" name="IIntKeyEntity_Implemented_Verified" />
    </UnitTest>
    <UnitTest name="ITrackingEntity_Implemented_Verified" storage="f:\etwork\bin\tests\unittests.icore.public.entities.dll" id="934404c9-c510-f443-5b69-e09ffd3f9060">
      <Execution id="6db6bb18-26c9-4114-ae8d-958f9e74f1f5" />
      <TestMethod codeBase="F:\ETWork\bin\Tests\UnitTests.iCore.Public.Entities.dll" adapterTypeName="Microsoft.VisualStudio.TestTools.TestTypes.Unit.UnitTestAdapter" className="UnitTests.iCore.Public.Entities.NodeTests" name="ITrackingEntity_Implemented_Verified" />
    </UnitTest>
    <UnitTest name="INode_Implemented_Verified" storage="f:\etwork\bin\tests\unittests.icore.public.entities.dll" id="c29b44d9-e3cf-2ec7-6e2c-ea26e9526c23">
      <Execution id="d0292a29-fe05-4164-8e7e-a72c6157e9a9" />
      <TestMethod codeBase="F:\ETWork\bin\Tests\UnitTests.iCore.Public.Entities.dll" adapterTypeName="Microsoft.VisualStudio.TestTools.TestTypes.Unit.UnitTestAdapter" className="UnitTests.iCore.Public.Entities.NodeTests" name="INode_Implemented_Verified" />
    </UnitTest>
    <UnitTest name="Test_BinarySerialization" storage="f:\etwork\bin\tests\unittests.icore.public.entities.dll" id="32d8e75d-5334-2f0c-0d6b-4788aa146952">
      <Execution id="abfeac70-78e5-4a48-b2c5-fd36550f9581" />
      <TestMethod codeBase="F:\ETWork\bin\Tests\UnitTests.iCore.Public.Entities.dll" adapterTypeName="Microsoft.VisualStudio.TestTools.TestTypes.Unit.UnitTestAdapter" className="UnitTests.iCore.Public.Entities.NodeTests" name="Test_BinarySerialization" />
    </UnitTest>
    <UnitTest name="Test_PublicSystemContext_GetInstanceOfEntity" storage="f:\etwork\bin\tests\unittests.icore.public.entities.dll" id="f11d7df8-c6dc-c91d-5447-48c11c76f4d8">
      <Execution id="60824b71-f48d-4502-a737-7284cb070598" />
      <TestMethod codeBase="F:\ETWork\bin\Tests\UnitTests.iCore.Public.Entities.dll" adapterTypeName="Microsoft.VisualStudio.TestTools.TestTypes.Unit.UnitTestAdapter" className="UnitTests.iCore.Public.Entities.NodeTests" name="Test_PublicSystemContext_GetInstanceOfEntity" />
    </UnitTest>
    <UnitTest name="IEntity_Implemented_Verified" storage="f:\etwork\bin\tests\unittests.icore.public.entities.dll" id="0261e652-c22f-0fcb-ee0c-4cb634b0822d">
      <Execution id="fbe42e13-5a9b-43a2-8cba-b4158f05b8e3" />
      <TestMethod codeBase="F:\ETWork\bin\Tests\UnitTests.iCore.Public.Entities.dll" adapterTypeName="Microsoft.VisualStudio.TestTools.TestTypes.Unit.UnitTestAdapter" className="UnitTests.iCore.Public.Entities.NodeTypeVersionTests" name="IEntity_Implemented_Verified" />
    </UnitTest>
    <UnitTest name="IGuidKeyEntity_Implemented_Verified" storage="f:\etwork\bin\tests\unittests.icore.public.entities.dll" id="fce2f511-4ad0-7229-98da-23888f589f58">
      <Execution id="782364b0-d36b-4bcf-8e60-bd617a08d8a1" />
      <TestMethod codeBase="F:\ETWork\bin\Tests\UnitTests.iCore.Public.Entities.dll" adapterTypeName="Microsoft.VisualStudio.TestTools.TestTypes.Unit.UnitTestAdapter" className="UnitTests.iCore.Public.Entities.NodeTypeVersionTests" name="IGuidKeyEntity_Implemented_Verified" />
    </UnitTest>
    <UnitTest name="IDescriptiveEntity_Implemented_Verified" storage="f:\etwork\bin\tests\unittests.icore.public.entities.dll" id="490fb8dd-7422-ccd1-bfbf-9012f134152c">
      <Execution id="6969de15-58ea-45b0-93db-cecc5a257fbf" />
      <TestMethod codeBase="F:\ETWork\bin\Tests\UnitTests.iCore.Public.Entities.dll" adapterTypeName="Microsoft.VisualStudio.TestTools.TestTypes.Unit.UnitTestAdapter" className="UnitTests.iCore.Public.Entities.NodeTypeVersionTests" name="IDescriptiveEntity_Implemented_Verified" />
    </UnitTest>
    <UnitTest name="INamedEntity_Implemented_Verified" storage="f:\etwork\bin\tests\unittests.icore.public.entities.dll" id="aecf1650-1501-bc80-4f36-15eaaf8ea3f7">
      <Execution id="a9ec63ce-581f-41da-9b33-e567d8887ef3" />
      <TestMethod codeBase="F:\ETWork\bin\Tests\UnitTests.iCore.Public.Entities.dll" adapterTypeName="Microsoft.VisualStudio.TestTools.TestTypes.Unit.UnitTestAdapter" className="UnitTests.iCore.Public.Entities.NodeTypeVersionTests" name="INamedEntity_Implemented_Verified" />
    </UnitTest>
    <UnitTest name="ICategorizableEntity_Implemented_Verified" storage="f:\etwork\bin\tests\unittests.icore.public.entities.dll" id="edb83004-f28e-4ce5-608d-773d6be53295">
      <Execution id="839c3367-578c-4ad0-b588-edb2f301320b" />
      <TestMethod codeBase="F:\ETWork\bin\Tests\UnitTests.iCore.Public.Entities.dll" adapterTypeName="Microsoft.VisualStudio.TestTools.TestTypes.Unit.UnitTestAdapter" className="UnitTests.iCore.Public.Entities.NodeTypeVersionTests" name="ICategorizableEntity_Implemented_Verified" />
    </UnitTest>
    <UnitTest name="INodeTypeVersion_Implemented_Verified" storage="f:\etwork\bin\tests\unittests.icore.public.entities.dll" id="3313a294-210a-20c9-e30b-4d6080e2e2f0">
      <Execution id="8fe43239-3cbe-4bed-98b8-68b3a4c1a1c2" />
      <TestMethod codeBase="F:\ETWork\bin\Tests\UnitTests.iCore.Public.Entities.dll" adapterTypeName="Microsoft.VisualStudio.TestTools.TestTypes.Unit.UnitTestAdapter" className="UnitTests.iCore.Public.Entities.NodeTypeVersionTests" name="INodeTypeVersion_Implemented_Verified" />
    </UnitTest>
    <UnitTest name="INodeTypeVersion_TypeConversionToNodeTypeVersionIDValue_Verified" storage="f:\etwork\bin\tests\unittests.icore.public.entities.dll" id="62dceb72-6ed2-00d2-6bca-710c7f568439">
      <Execution id="c1104886-ce22-4932-a20a-3aab450f4b38" />
      <TestMethod codeBase="F:\ETWork\bin\Tests\UnitTests.iCore.Public.Entities.dll" adapterTypeName="Microsoft.VisualStudio.TestTools.TestTypes.Unit.UnitTestAdapter" className="UnitTests.iCore.Public.Entities.NodeTypeVersionTests" name="INodeTypeVersion_TypeConversionToNodeTypeVersionIDValue_Verified" />
    </UnitTest>
    <UnitTest name="INodeTypeVersion_TypeConversionToUnsupportedType_Verified" storage="f:\etwork\bin\tests\unittests.icore.public.entities.dll" id="56ee6bc0-0932-8f77-a417-c79ad2034785">
      <Execution id="673badf8-0d76-4a2f-a812-e91c353a34c8" />
      <TestMethod codeBase="F:\ETWork\bin\Tests\UnitTests.iCore.Public.Entities.dll" adapterTypeName="Microsoft.VisualStudio.TestTools.TestTypes.Unit.UnitTestAdapter" className="UnitTests.iCore.Public.Entities.NodeTypeVersionTests" name="INodeTypeVersion_TypeConversionToUnsupportedType_Verified" />
    </UnitTest>
    <UnitTest name="Test_BinarySerialization" storage="f:\etwork\bin\tests\unittests.icore.public.entities.dll" id="40d3fcf6-c877-708e-e0ba-a91dbf9f5434">
      <Execution id="6cece272-d27f-4e12-8704-a7686ad2ebb4" />
      <TestMethod codeBase="F:\ETWork\bin\Tests\UnitTests.iCore.Public.Entities.dll" adapterTypeName="Microsoft.VisualStudio.TestTools.TestTypes.Unit.UnitTestAdapter" className="UnitTests.iCore.Public.Entities.NodeTypeVersionTests" name="Test_BinarySerialization" />
    </UnitTest>
    <UnitTest name="Test_PublicSystemContext_GetInstanceOfEntity" storage="f:\etwork\bin\tests\unittests.icore.public.entities.dll" id="26d8bc2d-a3d5-9de0-301a-f0fcc7798561">
      <Execution id="abc514b5-7a9c-4dc2-afe8-bf93498704cf" />
      <TestMethod codeBase="F:\ETWork\bin\Tests\UnitTests.iCore.Public.Entities.dll" adapterTypeName="Microsoft.VisualStudio.TestTools.TestTypes.Unit.UnitTestAdapter" className="UnitTests.iCore.Public.Entities.NodeTypeVersionTests" name="Test_PublicSystemContext_GetInstanceOfEntity" />
    </UnitTest>
    <UnitTest name="IEntity_Implemented_Verified" storage="f:\etwork\bin\tests\unittests.icore.public.entities.dll" id="9fea8c53-0c4d-823f-efc1-f155373c8462">
      <Execution id="6ff16b12-2dc5-49c8-b1aa-17b54a7698aa" />
      <TestMethod codeBase="F:\ETWork\bin\Tests\UnitTests.iCore.Public.Entities.dll" adapterTypeName="Microsoft.VisualStudio.TestTools.TestTypes.Unit.UnitTestAdapter" className="UnitTests.iCore.Public.Entities.PartnerAttributeValueTests" name="IEntity_Implemented_Verified" />
    </UnitTest>
    <UnitTest name="IGuidKeyEntity_Implemented_Verified" storage="f:\etwork\bin\tests\unittests.icore.public.entities.dll" id="870b5752-79fa-0e8b-86e0-4252070dc20f">
      <Execution id="afd31271-7169-47aa-9303-6b0eae0aa7c3" />
      <TestMethod codeBase="F:\ETWork\bin\Tests\UnitTests.iCore.Public.Entities.dll" adapterTypeName="Microsoft.VisualStudio.TestTools.TestTypes.Unit.UnitTestAdapter" className="UnitTests.iCore.Public.Entities.PartnerAttributeValueTests" name="IGuidKeyEntity_Implemented_Verified" />
    </UnitTest>
    <UnitTest name="INamedEntity_Implemented_Verified" storage="f:\etwork\bin\tests\unittests.icore.public.entities.dll" id="90520a6e-b950-84c2-95ec-8fc0f25266c7">
      <Execution id="7afc0997-c7f0-41db-81f1-1ec0568d28cf" />
      <TestMethod codeBase="F:\ETWork\bin\Tests\UnitTests.iCore.Public.Entities.dll" adapterTypeName="Microsoft.VisualStudio.TestTools.TestTypes.Unit.UnitTestAdapter" className="UnitTests.iCore.Public.Entities.PartnerAttributeValueTests" name="INamedEntity_Implemented_Verified" />
    </UnitTest>
    <UnitTest name="IPartnerAttributeInstance_Created_InterfaceImplemented" storage="f:\etwork\bin\tests\unittests.icore.public.entities.dll" id="7c1d1c8d-0a55-0201-08ed-cf83e45f0b89">
      <Execution id="21f1cb93-dde8-49aa-b14a-f41939acb2fe" />
      <TestMethod codeBase="F:\ETWork\bin\Tests\UnitTests.iCore.Public.Entities.dll" adapterTypeName="Microsoft.VisualStudio.TestTools.TestTypes.Unit.UnitTestAdapter" className="UnitTests.iCore.Public.Entities.PartnerAttributeValueTests" name="IPartnerAttributeInstance_Created_InterfaceImplemented" />
    </UnitTest>
    <UnitTest name="IPartnerAttributeInstance_TypeGetMembers_VerifyHasCorrectNumberOfMembers" storage="f:\etwork\bin\tests\unittests.icore.public.entities.dll" id="486746cd-5ab2-5e85-017f-d94c01e3751a">
      <Execution id="136c8b2d-6bc8-4eed-8c81-fa21169bbee0" />
      <TestMethod codeBase="F:\ETWork\bin\Tests\UnitTests.iCore.Public.Entities.dll" adapterTypeName="Microsoft.VisualStudio.TestTools.TestTypes.Unit.UnitTestAdapter" className="UnitTests.iCore.Public.Entities.PartnerAttributeValueTests" name="IPartnerAttributeInstance_TypeGetMembers_VerifyHasCorrectNumberOfMembers" />
    </UnitTest>
    <UnitTest name="Value_PropertyGet_ReturnsCorrectValue" storage="f:\etwork\bin\tests\unittests.icore.public.entities.dll" id="83e9dcf8-c903-6112-24f5-d72d0e0bcea3">
      <Execution id="bed5d352-94e3-4d65-bc40-dc21a30da99c" />
      <TestMethod codeBase="F:\ETWork\bin\Tests\UnitTests.iCore.Public.Entities.dll" adapterTypeName="Microsoft.VisualStudio.TestTools.TestTypes.Unit.UnitTestAdapter" className="UnitTests.iCore.Public.Entities.PartnerAttributeValueTests" name="Value_PropertyGet_ReturnsCorrectValue" />
    </UnitTest>
    <UnitTest name="NodeType_PropertyGet_ReturnsCorrectValue" storage="f:\etwork\bin\tests\unittests.icore.public.entities.dll" id="c9d2e2d5-9cb1-a335-64d8-76158f8901a8">
      <Execution id="70ed45ab-b275-4e31-b753-72a2ad6cc6d1" />
      <TestMethod codeBase="F:\ETWork\bin\Tests\UnitTests.iCore.Public.Entities.dll" adapterTypeName="Microsoft.VisualStudio.TestTools.TestTypes.Unit.UnitTestAdapter" className="UnitTests.iCore.Public.Entities.PartnerAttributeValueTests" name="NodeType_PropertyGet_ReturnsCorrectValue" />
    </UnitTest>
    <UnitTest name="NodeType_PropertyGetWithNullValue_ReturnsCorrectValue" storage="f:\etwork\bin\tests\unittests.icore.public.entities.dll" id="1dc340b6-bbdf-e077-5806-21d1e7571186">
      <Execution id="b78f111b-860b-47b9-a448-ed81bfcf9ec8" />
      <TestMethod codeBase="F:\ETWork\bin\Tests\UnitTests.iCore.Public.Entities.dll" adapterTypeName="Microsoft.VisualStudio.TestTools.TestTypes.Unit.UnitTestAdapter" className="UnitTests.iCore.Public.Entities.PartnerAttributeValueTests" name="NodeType_PropertyGetWithNullValue_ReturnsCorrectValue" />
    </UnitTest>
    <UnitTest name="AttributeType_PropertyGet_ReturnsCorrectValue" storage="f:\etwork\bin\tests\unittests.icore.public.entities.dll" id="76e16f36-64c6-5373-eeda-ec839fedc79d">
      <Execution id="add90c1d-55d8-4f8d-8bee-c8a4c2e5532f" />
      <TestMethod codeBase="F:\ETWork\bin\Tests\UnitTests.iCore.Public.Entities.dll" adapterTypeName="Microsoft.VisualStudio.TestTools.TestTypes.Unit.UnitTestAdapter" className="UnitTests.iCore.Public.Entities.PartnerAttributeValueTests" name="AttributeType_PropertyGet_ReturnsCorrectValue" />
    </UnitTest>
    <UnitTest name="Test_BinarySerialization" storage="f:\etwork\bin\tests\unittests.icore.public.entities.dll" id="45563c49-7d01-d75b-bcd3-4a022bf1303d">
      <Execution id="f1618e1b-b575-4d0f-a82e-9b4134d67109" />
      <TestMethod codeBase="F:\ETWork\bin\Tests\UnitTests.iCore.Public.Entities.dll" adapterTypeName="Microsoft.VisualStudio.TestTools.TestTypes.Unit.UnitTestAdapter" className="UnitTests.iCore.Public.Entities.PartnerAttributeValueTests" name="Test_BinarySerialization" />
    </UnitTest>
    <UnitTest name="IEntity_Implemented_Verified" storage="f:\etwork\bin\tests\unittests.icore.public.entities.dll" id="8369d24b-d999-6606-e2fc-ebe29ebe02a9">
      <Execution id="c7b9b55b-1859-4681-abde-7a34228a4282" />
      <TestMethod codeBase="F:\ETWork\bin\Tests\UnitTests.iCore.Public.Entities.dll" adapterTypeName="Microsoft.VisualStudio.TestTools.TestTypes.Unit.UnitTestAdapter" className="UnitTests.iCore.Public.Entities.PartnerAttributeInstanceTests" name="IEntity_Implemented_Verified" />
    </UnitTest>
    <UnitTest name="IGuidKeyEntity_Implemented_Verified" storage="f:\etwork\bin\tests\unittests.icore.public.entities.dll" id="8e4666e7-b989-4271-f72e-6eafc9e4e8db">
      <Execution id="e5c3615e-c95e-4e69-b13e-031a22452d8a" />
      <TestMethod codeBase="F:\ETWork\bin\Tests\UnitTests.iCore.Public.Entities.dll" adapterTypeName="Microsoft.VisualStudio.TestTools.TestTypes.Unit.UnitTestAdapter" className="UnitTests.iCore.Public.Entities.PartnerAttributeInstanceTests" name="IGuidKeyEntity_Implemented_Verified" />
    </UnitTest>
    <UnitTest name="INamedEntity_Implemented_Verified" storage="f:\etwork\bin\tests\unittests.icore.public.entities.dll" id="7431ca06-cf4f-e367-9aee-acdd986a2ff0">
      <Execution id="fb66bd99-fe98-47a0-9097-cba8090a8375" />
      <TestMethod codeBase="F:\ETWork\bin\Tests\UnitTests.iCore.Public.Entities.dll" adapterTypeName="Microsoft.VisualStudio.TestTools.TestTypes.Unit.UnitTestAdapter" className="UnitTests.iCore.Public.Entities.PartnerAttributeInstanceTests" name="INamedEntity_Implemented_Verified" />
    </UnitTest>
    <UnitTest name="IPartnerAttributeInstance_GetAttributeFromPartner_InterfaceImplemented" storage="f:\etwork\bin\tests\unittests.icore.public.entities.dll" id="f3184166-480a-76ba-6987-ddaf9fe87c27">
      <Execution id="29ca0cd3-ec8d-4f32-8439-6f551ae72aa2" />
      <TestMethod codeBase="F:\ETWork\bin\Tests\UnitTests.iCore.Public.Entities.dll" adapterTypeName="Microsoft.VisualStudio.TestTools.TestTypes.Unit.UnitTestAdapter" className="UnitTests.iCore.Public.Entities.PartnerAttributeInstanceTests" name="IPartnerAttributeInstance_GetAttributeFromPartner_InterfaceImplemented" />
    </UnitTest>
    <UnitTest name="IPartnerAttributeInstance_TypeInstanciated_VerifyHasCorrectNumberOfMembers" storage="f:\etwork\bin\tests\unittests.icore.public.entities.dll" id="bbd9a81d-d941-bfe7-c95c-830574e99a16">
      <Execution id="4a26c8fc-f847-420e-921b-ef2040f192e1" />
      <TestMethod codeBase="F:\ETWork\bin\Tests\UnitTests.iCore.Public.Entities.dll" adapterTypeName="Microsoft.VisualStudio.TestTools.TestTypes.Unit.UnitTestAdapter" className="UnitTests.iCore.Public.Entities.PartnerAttributeInstanceTests" name="IPartnerAttributeInstance_TypeInstanciated_VerifyHasCorrectNumberOfMembers" />
    </UnitTest>
    <UnitTest name="AttributeGroupType_PropertyGet_IsNotNull" storage="f:\etwork\bin\tests\unittests.icore.public.entities.dll" id="f0a8440c-4896-8a54-517a-9a8c11354742">
      <Execution id="027773e7-9a84-4d1e-8097-ca55c64174a6" />
      <TestMethod codeBase="F:\ETWork\bin\Tests\UnitTests.iCore.Public.Entities.dll" adapterTypeName="Microsoft.VisualStudio.TestTools.TestTypes.Unit.UnitTestAdapter" className="UnitTests.iCore.Public.Entities.PartnerAttributeInstanceTests" name="AttributeGroupType_PropertyGet_IsNotNull" />
    </UnitTest>
    <UnitTest name="AttributeGroupType_PropertyGet_ReturnsCorrectValue" storage="f:\etwork\bin\tests\unittests.icore.public.entities.dll" id="fafc058a-42f8-b0d6-e743-5e0f436b3757">
      <Execution id="3edaf0a7-858e-466e-8dd0-28f3b82664c9" />
      <TestMethod codeBase="F:\ETWork\bin\Tests\UnitTests.iCore.Public.Entities.dll" adapterTypeName="Microsoft.VisualStudio.TestTools.TestTypes.Unit.UnitTestAdapter" className="UnitTests.iCore.Public.Entities.PartnerAttributeInstanceTests" name="AttributeGroupType_PropertyGet_ReturnsCorrectValue" />
    </UnitTest>
    <UnitTest name="Attribute_PropertyGet_ReturnsCorrectValues" storage="f:\etwork\bin\tests\unittests.icore.public.entities.dll" id="5c55b226-f421-cb43-3ba6-d3d3482d70a8">
      <Execution id="be94487b-50fc-4332-8471-5fd1ef153f42" />
      <TestMethod codeBase="F:\ETWork\bin\Tests\UnitTests.iCore.Public.Entities.dll" adapterTypeName="Microsoft.VisualStudio.TestTools.TestTypes.Unit.UnitTestAdapter" className="UnitTests.iCore.Public.Entities.PartnerAttributeInstanceTests" name="Attribute_PropertyGet_ReturnsCorrectValues" />
    </UnitTest>
    <UnitTest name="Test_BinarySerialization" storage="f:\etwork\bin\tests\unittests.icore.public.entities.dll" id="d801da28-c2ea-a275-1055-e485f58edb95">
      <Execution id="0f3cee8e-0175-4012-8a48-d192629d533e" />
      <TestMethod codeBase="F:\ETWork\bin\Tests\UnitTests.iCore.Public.Entities.dll" adapterTypeName="Microsoft.VisualStudio.TestTools.TestTypes.Unit.UnitTestAdapter" className="UnitTests.iCore.Public.Entities.PartnerAttributeInstanceTests" name="Test_BinarySerialization" />
    </UnitTest>
    <UnitTest name="IEntity_Implemented_Verified" storage="f:\etwork\bin\tests\unittests.icore.public.entities.dll" id="a969ccbe-34b4-a1d0-6dbb-9b9ae6fc873f">
      <Execution id="146a3c3c-6b85-4c66-bc4c-667f99dd12ca" />
      <TestMethod codeBase="F:\ETWork\bin\Tests\UnitTests.iCore.Public.Entities.dll" adapterTypeName="Microsoft.VisualStudio.TestTools.TestTypes.Unit.UnitTestAdapter" className="UnitTests.iCore.Public.Entities.PartnerAttributeTypeTests" name="IEntity_Implemented_Verified" />
    </UnitTest>
    <UnitTest name="IGuidKeyEntity_Implemented_Verified" storage="f:\etwork\bin\tests\unittests.icore.public.entities.dll" id="2863c5c0-a9d2-e37b-da8f-3b45b3c701dd">
      <Execution id="8293452b-89d4-4f59-96de-550ae78d5442" />
      <TestMethod codeBase="F:\ETWork\bin\Tests\UnitTests.iCore.Public.Entities.dll" adapterTypeName="Microsoft.VisualStudio.TestTools.TestTypes.Unit.UnitTestAdapter" className="UnitTests.iCore.Public.Entities.PartnerAttributeTypeTests" name="IGuidKeyEntity_Implemented_Verified" />
    </UnitTest>
    <UnitTest name="INamedEntity_Implemented_Verified" storage="f:\etwork\bin\tests\unittests.icore.public.entities.dll" id="1d59b642-9bb4-8779-9a46-4b154e39d2c7">
      <Execution id="66abfa19-3010-4e37-8076-b8a0ae631d4a" />
      <TestMethod codeBase="F:\ETWork\bin\Tests\UnitTests.iCore.Public.Entities.dll" adapterTypeName="Microsoft.VisualStudio.TestTools.TestTypes.Unit.UnitTestAdapter" className="UnitTests.iCore.Public.Entities.PartnerAttributeTypeTests" name="INamedEntity_Implemented_Verified" />
    </UnitTest>
    <UnitTest name="IPartnerAttributeType_TypeConversionToPartnerAttributeTypeIDValue_Verified" storage="f:\etwork\bin\tests\unittests.icore.public.entities.dll" id="31a89d27-f9e9-f82c-62cb-aa5933d33788">
      <Execution id="b0f54355-8566-4355-8d44-6a1935d594b3" />
      <TestMethod codeBase="F:\ETWork\bin\Tests\UnitTests.iCore.Public.Entities.dll" adapterTypeName="Microsoft.VisualStudio.TestTools.TestTypes.Unit.UnitTestAdapter" className="UnitTests.iCore.Public.Entities.PartnerAttributeTypeTests" name="IPartnerAttributeType_TypeConversionToPartnerAttributeTypeIDValue_Verified" />
    </UnitTest>
    <UnitTest name="IPartnerAttributeType_TypeConversionToUnsupportedType_Verified" storage="f:\etwork\bin\tests\unittests.icore.public.entities.dll" id="820fee7c-c8ad-31ca-ac75-610c7632bff3">
      <Execution id="620ea235-8f17-4bd8-9da4-147c8d3f0e9c" />
      <TestMethod codeBase="F:\ETWork\bin\Tests\UnitTests.iCore.Public.Entities.dll" adapterTypeName="Microsoft.VisualStudio.TestTools.TestTypes.Unit.UnitTestAdapter" className="UnitTests.iCore.Public.Entities.PartnerAttributeTypeTests" name="IPartnerAttributeType_TypeConversionToUnsupportedType_Verified" />
    </UnitTest>
    <UnitTest name="IPartnerAttributeTypeMember_TypeInstanciated_VerifyHasCorrectNumberOfMembers" storage="f:\etwork\bin\tests\unittests.icore.public.entities.dll" id="19bae5a2-2f7c-1985-a210-a634f050982f">
      <Execution id="00b53eea-6ce8-48bb-ac0c-03ddeb4712ab" />
      <TestMethod codeBase="F:\ETWork\bin\Tests\UnitTests.iCore.Public.Entities.dll" adapterTypeName="Microsoft.VisualStudio.TestTools.TestTypes.Unit.UnitTestAdapter" className="UnitTests.iCore.Public.Entities.PartnerAttributeTypeTests" name="IPartnerAttributeTypeMember_TypeInstanciated_VerifyHasCorrectNumberOfMembers" />
    </UnitTest>
    <UnitTest name="VarType_PropertyGet_HasCorrectValue" storage="f:\etwork\bin\tests\unittests.icore.public.entities.dll" id="7a10cbe4-804f-aeda-8e7b-1b216c816168">
      <Execution id="e40174e3-f537-4ffb-93c2-bee7fb37dd5f" />
      <TestMethod codeBase="F:\ETWork\bin\Tests\UnitTests.iCore.Public.Entities.dll" adapterTypeName="Microsoft.VisualStudio.TestTools.TestTypes.Unit.UnitTestAdapter" className="UnitTests.iCore.Public.Entities.PartnerAttributeTypeTests" name="VarType_PropertyGet_HasCorrectValue" />
    </UnitTest>
    <UnitTest name="NodeType_PropertyGet_HasCorrectValue" storage="f:\etwork\bin\tests\unittests.icore.public.entities.dll" id="825e3aa9-c5d5-d635-16ca-535d8fd3e591">
      <Execution id="b17bbc58-7e01-427a-afc9-943de3f0f3b5" />
      <TestMethod codeBase="F:\ETWork\bin\Tests\UnitTests.iCore.Public.Entities.dll" adapterTypeName="Microsoft.VisualStudio.TestTools.TestTypes.Unit.UnitTestAdapter" className="UnitTests.iCore.Public.Entities.PartnerAttributeTypeTests" name="NodeType_PropertyGet_HasCorrectValue" />
    </UnitTest>
    <UnitTest name="NodeType_PropertyGetWithNullValue_HasCorrectValue" storage="f:\etwork\bin\tests\unittests.icore.public.entities.dll" id="e5b58b3a-36c3-8c27-0ed3-f71a5ec974b3">
      <Execution id="c793296d-2128-462a-b55a-266c3bcc0b5e" />
      <TestMethod codeBase="F:\ETWork\bin\Tests\UnitTests.iCore.Public.Entities.dll" adapterTypeName="Microsoft.VisualStudio.TestTools.TestTypes.Unit.UnitTestAdapter" className="UnitTests.iCore.Public.Entities.PartnerAttributeTypeTests" name="NodeType_PropertyGetWithNullValue_HasCorrectValue" />
    </UnitTest>
    <UnitTest name="DefaultValue_PropertyGet_HasCorrectValue" storage="f:\etwork\bin\tests\unittests.icore.public.entities.dll" id="8555c948-3980-7540-58cd-fd3f514d4f00">
      <Execution id="5b566897-fe70-4697-b9eb-ed1a9c5f6035" />
      <TestMethod codeBase="F:\ETWork\bin\Tests\UnitTests.iCore.Public.Entities.dll" adapterTypeName="Microsoft.VisualStudio.TestTools.TestTypes.Unit.UnitTestAdapter" className="UnitTests.iCore.Public.Entities.PartnerAttributeTypeTests" name="DefaultValue_PropertyGet_HasCorrectValue" />
    </UnitTest>
    <UnitTest name="Mandatory_PropertyGet_HasCorrectValue" storage="f:\etwork\bin\tests\unittests.icore.public.entities.dll" id="abaef4e8-24bd-001d-6121-f4712e10f920">
      <Execution id="052072d2-7e99-4cb6-83ef-5c9ae183cea9" />
      <TestMethod codeBase="F:\ETWork\bin\Tests\UnitTests.iCore.Public.Entities.dll" adapterTypeName="Microsoft.VisualStudio.TestTools.TestTypes.Unit.UnitTestAdapter" className="UnitTests.iCore.Public.Entities.PartnerAttributeTypeTests" name="Mandatory_PropertyGet_HasCorrectValue" />
    </UnitTest>
    <UnitTest name="Test_BinarySerialization" storage="f:\etwork\bin\tests\unittests.icore.public.entities.dll" id="d69efd55-c67e-8644-e574-a79440499ff1">
      <Execution id="c89fec64-8fb3-477d-9276-85e434bf457d" />
      <TestMethod codeBase="F:\ETWork\bin\Tests\UnitTests.iCore.Public.Entities.dll" adapterTypeName="Microsoft.VisualStudio.TestTools.TestTypes.Unit.UnitTestAdapter" className="UnitTests.iCore.Public.Entities.PartnerAttributeTypeTests" name="Test_BinarySerialization" />
    </UnitTest>
    <UnitTest name="IEntity_Implemented_Verified" storage="f:\etwork\bin\tests\unittests.icore.public.entities.dll" id="c3eefb11-b943-d49a-4381-a95c07bf206b">
      <Execution id="d3ad7040-ed26-47ca-96ac-c1a7707a4f57" />
      <TestMethod codeBase="F:\ETWork\bin\Tests\UnitTests.iCore.Public.Entities.dll" adapterTypeName="Microsoft.VisualStudio.TestTools.TestTypes.Unit.UnitTestAdapter" className="UnitTests.iCore.Public.Entities.PartnerAttributeGroupTypeTests" name="IEntity_Implemented_Verified" />
    </UnitTest>
    <UnitTest name="IGuidKeyEntity_Implemented_Verified" storage="f:\etwork\bin\tests\unittests.icore.public.entities.dll" id="9ee341cc-ddef-c50d-034d-99cc4e93deff">
      <Execution id="fdad7cca-4a6c-451e-8401-cf49f0009cd8" />
      <TestMethod codeBase="F:\ETWork\bin\Tests\UnitTests.iCore.Public.Entities.dll" adapterTypeName="Microsoft.VisualStudio.TestTools.TestTypes.Unit.UnitTestAdapter" className="UnitTests.iCore.Public.Entities.PartnerAttributeGroupTypeTests" name="IGuidKeyEntity_Implemented_Verified" />
    </UnitTest>
    <UnitTest name="INamedEntity_Implemented_Verified" storage="f:\etwork\bin\tests\unittests.icore.public.entities.dll" id="32b8ade6-8132-5a08-5996-8dc0ebd9e5e8">
      <Execution id="888136ca-bc73-4d9c-92d9-b2cf23764a97" />
      <TestMethod codeBase="F:\ETWork\bin\Tests\UnitTests.iCore.Public.Entities.dll" adapterTypeName="Microsoft.VisualStudio.TestTools.TestTypes.Unit.UnitTestAdapter" className="UnitTests.iCore.Public.Entities.PartnerAttributeGroupTypeTests" name="INamedEntity_Implemented_Verified" />
    </UnitTest>
    <UnitTest name="IPartnerAttributeType_TypeInstanciated_VerifyHasCorrectNumberOfMembers" storage="f:\etwork\bin\tests\unittests.icore.public.entities.dll" id="bf070f52-7e76-958e-1ff8-022c6ed259f6">
      <Execution id="3c05c004-f912-42b7-9f95-392a4917d18a" />
      <TestMethod codeBase="F:\ETWork\bin\Tests\UnitTests.iCore.Public.Entities.dll" adapterTypeName="Microsoft.VisualStudio.TestTools.TestTypes.Unit.UnitTestAdapter" className="UnitTests.iCore.Public.Entities.PartnerAttributeGroupTypeTests" name="IPartnerAttributeType_TypeInstanciated_VerifyHasCorrectNumberOfMembers" />
    </UnitTest>
    <UnitTest name="ICategorizableEntity_Implemented_Verified" storage="f:\etwork\bin\tests\unittests.icore.public.entities.dll" id="07eed164-5d0c-74a3-3b19-07231640325e">
      <Execution id="a414b063-e907-43d7-8914-187c71e16d92" />
      <TestMethod codeBase="F:\ETWork\bin\Tests\UnitTests.iCore.Public.Entities.dll" adapterTypeName="Microsoft.VisualStudio.TestTools.TestTypes.Unit.UnitTestAdapter" className="UnitTests.iCore.Public.Entities.PartnerAttributeGroupTypeTests" name="ICategorizableEntity_Implemented_Verified" />
    </UnitTest>
    <UnitTest name="Members_PropertyGet_IsNotNull" storage="f:\etwork\bin\tests\unittests.icore.public.entities.dll" id="8c7c56e1-b8c5-bdb0-d1bd-94933c185811">
      <Execution id="8957a312-e574-4a1d-8c9c-e584a5597073" />
      <TestMethod codeBase="F:\ETWork\bin\Tests\UnitTests.iCore.Public.Entities.dll" adapterTypeName="Microsoft.VisualStudio.TestTools.TestTypes.Unit.UnitTestAdapter" className="UnitTests.iCore.Public.Entities.PartnerAttributeGroupTypeTests" name="Members_PropertyGet_IsNotNull" />
    </UnitTest>
    <UnitTest name="Members_PropertyGet_ReturnsCorrectValue" storage="f:\etwork\bin\tests\unittests.icore.public.entities.dll" id="1ae8f5f8-9369-9a7b-b74d-5836de716ebc">
      <Execution id="2501385b-9700-4437-8a54-038f2ff6fcd3" />
      <TestMethod codeBase="F:\ETWork\bin\Tests\UnitTests.iCore.Public.Entities.dll" adapterTypeName="Microsoft.VisualStudio.TestTools.TestTypes.Unit.UnitTestAdapter" className="UnitTests.iCore.Public.Entities.PartnerAttributeGroupTypeTests" name="Members_PropertyGet_ReturnsCorrectValue" />
    </UnitTest>
    <UnitTest name="Test_BinarySerialization" storage="f:\etwork\bin\tests\unittests.icore.public.entities.dll" id="8cd783d9-9673-1430-ab0d-9ba404dc6227">
      <Execution id="776a51b1-7160-45ab-955a-a27d107df358" />
      <TestMethod codeBase="F:\ETWork\bin\Tests\UnitTests.iCore.Public.Entities.dll" adapterTypeName="Microsoft.VisualStudio.TestTools.TestTypes.Unit.UnitTestAdapter" className="UnitTests.iCore.Public.Entities.PartnerAttributeGroupTypeTests" name="Test_BinarySerialization" />
    </UnitTest>
    <UnitTest name="Test_PublicSystemContext_GetInstanceOfEntity" storage="f:\etwork\bin\tests\unittests.icore.public.entities.dll" id="d74c7415-e5ea-6180-7fcb-addb66cfeae1">
      <Execution id="b47bf197-cd9a-46eb-be1a-72aec8971472" />
      <TestMethod codeBase="F:\ETWork\bin\Tests\UnitTests.iCore.Public.Entities.dll" adapterTypeName="Microsoft.VisualStudio.TestTools.TestTypes.Unit.UnitTestAdapter" className="UnitTests.iCore.Public.Entities.PartnerAttributeGroupTypeTests" name="Test_PublicSystemContext_GetInstanceOfEntity" />
    </UnitTest>
    <UnitTest name="IUserData_Implemented_Verified" storage="f:\etwork\bin\tests\unittests.icore.public.entities.dll" id="7cb03b45-e37c-9661-9886-01dca6beb4be">
      <Execution id="e2440875-a5ce-4f7b-a51c-1e636fff706a" />
      <TestMethod codeBase="F:\ETWork\bin\Tests\UnitTests.iCore.Public.Entities.dll" adapterTypeName="Microsoft.VisualStudio.TestTools.TestTypes.Unit.UnitTestAdapter" className="UnitTests.iCore.Public.Entities.PartnerTests" name="IUserData_Implemented_Verified" />
    </UnitTest>
    <UnitTest name="IEntity_Implemented_Verified" storage="f:\etwork\bin\tests\unittests.icore.public.entities.dll" id="6b686aff-8314-9aba-4eaf-693540274940">
      <Execution id="f1934480-8b23-405b-b37a-a3215201305f" />
      <TestMethod codeBase="F:\ETWork\bin\Tests\UnitTests.iCore.Public.Entities.dll" adapterTypeName="Microsoft.VisualStudio.TestTools.TestTypes.Unit.UnitTestAdapter" className="UnitTests.iCore.Public.Entities.PartnerTests" name="IEntity_Implemented_Verified" />
    </UnitTest>
    <UnitTest name="IDescriptiveEntity_Implemented_Verified" storage="f:\etwork\bin\tests\unittests.icore.public.entities.dll" id="df259cf5-530c-40fa-7baa-f802abf73865">
      <Execution id="56e80d8b-4446-4197-ac0c-1ad73d58e61f" />
      <TestMethod codeBase="F:\ETWork\bin\Tests\UnitTests.iCore.Public.Entities.dll" adapterTypeName="Microsoft.VisualStudio.TestTools.TestTypes.Unit.UnitTestAdapter" className="UnitTests.iCore.Public.Entities.PartnerTests" name="IDescriptiveEntity_Implemented_Verified" />
    </UnitTest>
    <UnitTest name="INamedEntity_Implemented_Vermmified" storage="f:\etwork\bin\tests\unittests.icore.public.entities.dll" id="5248cbe4-da02-5a07-a736-5702fa34be15">
      <Execution id="61da288f-8198-4fef-9dc9-ab6ae804091d" />
      <TestMethod codeBase="F:\ETWork\bin\Tests\UnitTests.iCore.Public.Entities.dll" adapterTypeName="Microsoft.VisualStudio.TestTools.TestTypes.Unit.UnitTestAdapter" className="UnitTests.iCore.Public.Entities.PartnerTests" name="INamedEntity_Implemented_Vermmified" />
    </UnitTest>
    <UnitTest name="IGuidKeyEntity_Implemented_Verified" storage="f:\etwork\bin\tests\unittests.icore.public.entities.dll" id="b4154439-f13e-f6b8-1d30-78d95f77fcf7">
      <Execution id="20f94711-eeb4-4c64-990f-89a4f63b6db1" />
      <TestMethod codeBase="F:\ETWork\bin\Tests\UnitTests.iCore.Public.Entities.dll" adapterTypeName="Microsoft.VisualStudio.TestTools.TestTypes.Unit.UnitTestAdapter" className="UnitTests.iCore.Public.Entities.PartnerTests" name="IGuidKeyEntity_Implemented_Verified" />
    </UnitTest>
    <UnitTest name="ICategorizableEntity_Implemented_Verified" storage="f:\etwork\bin\tests\unittests.icore.public.entities.dll" id="e76ffda2-8463-db68-0f87-ceea3e77c6ff">
      <Execution id="6ecb5d84-d4ca-4c3c-bbd6-7e196139d644" />
      <TestMethod codeBase="F:\ETWork\bin\Tests\UnitTests.iCore.Public.Entities.dll" adapterTypeName="Microsoft.VisualStudio.TestTools.TestTypes.Unit.UnitTestAdapter" className="UnitTests.iCore.Public.Entities.PartnerTests" name="ICategorizableEntity_Implemented_Verified" />
    </UnitTest>
    <UnitTest name="IPartner_Implemented_Verified" storage="f:\etwork\bin\tests\unittests.icore.public.entities.dll" id="25489d22-904e-f537-38a0-5df03e428fc8">
      <Execution id="252a5340-55fa-487c-8c01-266ed845672b" />
      <TestMethod codeBase="F:\ETWork\bin\Tests\UnitTests.iCore.Public.Entities.dll" adapterTypeName="Microsoft.VisualStudio.TestTools.TestTypes.Unit.UnitTestAdapter" className="UnitTests.iCore.Public.Entities.PartnerTests" name="IPartner_Implemented_Verified" />
    </UnitTest>
    <UnitTest name="IPartner_TypeConversionToPartnerIDValue_Verified" storage="f:\etwork\bin\tests\unittests.icore.public.entities.dll" id="f286328e-ddd4-545b-2ca7-e7d4cd005d67">
      <Execution id="8c74a048-7822-4751-a00e-3a69dfa2c0ca" />
      <TestMethod codeBase="F:\ETWork\bin\Tests\UnitTests.iCore.Public.Entities.dll" adapterTypeName="Microsoft.VisualStudio.TestTools.TestTypes.Unit.UnitTestAdapter" className="UnitTests.iCore.Public.Entities.PartnerTests" name="IPartner_TypeConversionToPartnerIDValue_Verified" />
    </UnitTest>
    <UnitTest name="IPartner_TypeConversionToUnsupportedType_Verified" storage="f:\etwork\bin\tests\unittests.icore.public.entities.dll" id="0a74ea93-7fd6-bc19-eb81-59ec0872a104">
      <Execution id="2dd5a3ed-11a7-489a-b3f2-21e1dec84025" />
      <TestMethod codeBase="F:\ETWork\bin\Tests\UnitTests.iCore.Public.Entities.dll" adapterTypeName="Microsoft.VisualStudio.TestTools.TestTypes.Unit.UnitTestAdapter" className="UnitTests.iCore.Public.Entities.PartnerTests" name="IPartner_TypeConversionToUnsupportedType_Verified" />
    </UnitTest>
    <UnitTest name="Attributes_Get_ReturnsAnInstanceOfCorrectType" storage="f:\etwork\bin\tests\unittests.icore.public.entities.dll" id="8fe717d2-711f-b47c-3bf0-db0d158cf9e9">
      <Execution id="21b87494-a9bc-4668-b604-726a04ac9580" />
      <TestMethod codeBase="F:\ETWork\bin\Tests\UnitTests.iCore.Public.Entities.dll" adapterTypeName="Microsoft.VisualStudio.TestTools.TestTypes.Unit.UnitTestAdapter" className="UnitTests.iCore.Public.Entities.PartnerTests" name="Attributes_Get_ReturnsAnInstanceOfCorrectType" />
    </UnitTest>
    <UnitTest name="Identities_Get_ReturnsAnInstanceOfCorrectType" storage="f:\etwork\bin\tests\unittests.icore.public.entities.dll" id="c495b78b-02d5-d234-a935-254450cba74e">
      <Execution id="0870a34f-7465-4490-8c21-b1213a917ce7" />
      <TestMethod codeBase="F:\ETWork\bin\Tests\UnitTests.iCore.Public.Entities.dll" adapterTypeName="Microsoft.VisualStudio.TestTools.TestTypes.Unit.UnitTestAdapter" className="UnitTests.iCore.Public.Entities.PartnerTests" name="Identities_Get_ReturnsAnInstanceOfCorrectType" />
    </UnitTest>
    <UnitTest name="GetAttributeValue_GetExisting_ReturnsCorrectValue" storage="f:\etwork\bin\tests\unittests.icore.public.entities.dll" id="cce6cc0e-b18e-3365-8400-c10f6ec885ac">
      <Execution id="76b074c6-51b4-4ba7-8ec8-bb9100cb0161" />
      <TestMethod codeBase="F:\ETWork\bin\Tests\UnitTests.iCore.Public.Entities.dll" adapterTypeName="Microsoft.VisualStudio.TestTools.TestTypes.Unit.UnitTestAdapter" className="UnitTests.iCore.Public.Entities.PartnerTests" name="GetAttributeValue_GetExisting_ReturnsCorrectValue" />
    </UnitTest>
    <UnitTest name="GetAttributeValue_GetNonExistingDefaultValue_ReturnsDefaultValue" storage="f:\etwork\bin\tests\unittests.icore.public.entities.dll" id="ec7709ad-861e-36d7-d4b7-ff0da421599a">
      <Execution id="9ef953d5-f089-43dd-8283-dbdee82a393c" />
      <TestMethod codeBase="F:\ETWork\bin\Tests\UnitTests.iCore.Public.Entities.dll" adapterTypeName="Microsoft.VisualStudio.TestTools.TestTypes.Unit.UnitTestAdapter" className="UnitTests.iCore.Public.Entities.PartnerTests" name="GetAttributeValue_GetNonExistingDefaultValue_ReturnsDefaultValue" />
    </UnitTest>
    <UnitTest name="GetAttributeValue_GetNonExistingNoDefaultValue_Throws" storage="f:\etwork\bin\tests\unittests.icore.public.entities.dll" id="e126b7f0-4b76-26e9-d0fd-fbc302aff06f">
      <Execution id="5f775baf-57d1-4e86-9929-945a9db05d10" />
      <TestMethod codeBase="F:\ETWork\bin\Tests\UnitTests.iCore.Public.Entities.dll" adapterTypeName="Microsoft.VisualStudio.TestTools.TestTypes.Unit.UnitTestAdapter" className="UnitTests.iCore.Public.Entities.PartnerTests" name="GetAttributeValue_GetNonExistingNoDefaultValue_Throws" />
    </UnitTest>
    <UnitTest name="Test_BinarySerialization" storage="f:\etwork\bin\tests\unittests.icore.public.entities.dll" id="41ddd4bf-75b7-34eb-8b53-acb3354322c8">
      <Execution id="c3528ef2-49a6-4ce9-a2e3-bcfe99d05194" />
      <TestMethod codeBase="F:\ETWork\bin\Tests\UnitTests.iCore.Public.Entities.dll" adapterTypeName="Microsoft.VisualStudio.TestTools.TestTypes.Unit.UnitTestAdapter" className="UnitTests.iCore.Public.Entities.PartnerTests" name="Test_BinarySerialization" />
    </UnitTest>
    <UnitTest name="Test_PublicSystemContext_GetInstanceOfEntity" storage="f:\etwork\bin\tests\unittests.icore.public.entities.dll" id="c3405408-92aa-05cc-2b39-eba54b2114cc">
      <Execution id="199dcd7c-5fca-4749-9094-26ac9912ec7f" />
      <TestMethod codeBase="F:\ETWork\bin\Tests\UnitTests.iCore.Public.Entities.dll" adapterTypeName="Microsoft.VisualStudio.TestTools.TestTypes.Unit.UnitTestAdapter" className="UnitTests.iCore.Public.Entities.PartnerTests" name="Test_PublicSystemContext_GetInstanceOfEntity" />
    </UnitTest>
    <UnitTest name="IEntity_Implemented_Verified" storage="f:\etwork\bin\tests\unittests.icore.public.entities.dll" id="306d314a-7036-cb8c-00ca-1b8b0215d12d">
      <Execution id="ca77a29e-5665-44c9-a64e-75b7e9721c37" />
      <TestMethod codeBase="F:\ETWork\bin\Tests\UnitTests.iCore.Public.Entities.dll" adapterTypeName="Microsoft.VisualStudio.TestTools.TestTypes.Unit.UnitTestAdapter" className="UnitTests.iCore.Public.Entities.NodeTypeTests" name="IEntity_Implemented_Verified" />
    </UnitTest>
    <UnitTest name="IDescriptiveEntity_Implemented_Verified" storage="f:\etwork\bin\tests\unittests.icore.public.entities.dll" id="c5ce6a51-1d3e-ceb0-a362-9763a0c7e509">
      <Execution id="a5ebacc5-0bb7-4875-bcc8-ec3bc40ce955" />
      <TestMethod codeBase="F:\ETWork\bin\Tests\UnitTests.iCore.Public.Entities.dll" adapterTypeName="Microsoft.VisualStudio.TestTools.TestTypes.Unit.UnitTestAdapter" className="UnitTests.iCore.Public.Entities.NodeTypeTests" name="IDescriptiveEntity_Implemented_Verified" />
    </UnitTest>
    <UnitTest name="INamedEntity_Implemented_Verified" storage="f:\etwork\bin\tests\unittests.icore.public.entities.dll" id="cd3c3d98-ae84-b99c-a6c5-03ca56e9bef8">
      <Execution id="3d9f6a59-8190-414b-980c-b9e0eff5c04a" />
      <TestMethod codeBase="F:\ETWork\bin\Tests\UnitTests.iCore.Public.Entities.dll" adapterTypeName="Microsoft.VisualStudio.TestTools.TestTypes.Unit.UnitTestAdapter" className="UnitTests.iCore.Public.Entities.NodeTypeTests" name="INamedEntity_Implemented_Verified" />
    </UnitTest>
    <UnitTest name="IGuidKeyEntity_Implemented_Verified" storage="f:\etwork\bin\tests\unittests.icore.public.entities.dll" id="58058b19-c2a3-329b-7040-a0608730ed75">
      <Execution id="75f1fc32-fac8-450c-b1a1-1bf55f863c5c" />
      <TestMethod codeBase="F:\ETWork\bin\Tests\UnitTests.iCore.Public.Entities.dll" adapterTypeName="Microsoft.VisualStudio.TestTools.TestTypes.Unit.UnitTestAdapter" className="UnitTests.iCore.Public.Entities.NodeTypeTests" name="IGuidKeyEntity_Implemented_Verified" />
    </UnitTest>
    <UnitTest name="ICategorizableEntity_Implemented_Verified" storage="f:\etwork\bin\tests\unittests.icore.public.entities.dll" id="b8bb47e3-38ed-d038-363d-bb154213ba20">
      <Execution id="25f93876-3e69-45c3-980b-ee58f7a730b2" />
      <TestMethod codeBase="F:\ETWork\bin\Tests\UnitTests.iCore.Public.Entities.dll" adapterTypeName="Microsoft.VisualStudio.TestTools.TestTypes.Unit.UnitTestAdapter" className="UnitTests.iCore.Public.Entities.NodeTypeTests" name="ICategorizableEntity_Implemented_Verified" />
    </UnitTest>
    <UnitTest name="INodeType_Implemented_Verified" storage="f:\etwork\bin\tests\unittests.icore.public.entities.dll" id="a84dadb1-f863-fdff-042f-837846cf0e08">
      <Execution id="4e74b055-b825-4754-a709-30644ba61e4e" />
      <TestMethod codeBase="F:\ETWork\bin\Tests\UnitTests.iCore.Public.Entities.dll" adapterTypeName="Microsoft.VisualStudio.TestTools.TestTypes.Unit.UnitTestAdapter" className="UnitTests.iCore.Public.Entities.NodeTypeTests" name="INodeType_Implemented_Verified" />
    </UnitTest>
    <UnitTest name="INodeType_TypeConversionToNodeTypeIDValue_Verified" storage="f:\etwork\bin\tests\unittests.icore.public.entities.dll" id="396ceb03-166f-50d4-cfff-4eec6a8117d2">
      <Execution id="16d9ad8f-dff2-4dd7-9688-f6db2eeb4f41" />
      <TestMethod codeBase="F:\ETWork\bin\Tests\UnitTests.iCore.Public.Entities.dll" adapterTypeName="Microsoft.VisualStudio.TestTools.TestTypes.Unit.UnitTestAdapter" className="UnitTests.iCore.Public.Entities.NodeTypeTests" name="INodeType_TypeConversionToNodeTypeIDValue_Verified" />
    </UnitTest>
    <UnitTest name="INodeType_TypeConversionToUnsupportedType_Verified" storage="f:\etwork\bin\tests\unittests.icore.public.entities.dll" id="20d9b31e-8648-b4c7-9666-e6e99d83f149">
      <Execution id="224f8f0c-97ce-4cc6-9c93-987e1b9b4d0b" />
      <TestMethod codeBase="F:\ETWork\bin\Tests\UnitTests.iCore.Public.Entities.dll" adapterTypeName="Microsoft.VisualStudio.TestTools.TestTypes.Unit.UnitTestAdapter" className="UnitTests.iCore.Public.Entities.NodeTypeTests" name="INodeType_TypeConversionToUnsupportedType_Verified" />
    </UnitTest>
    <UnitTest name="StyleSheetContent_StylesheetSet_RetursCorrectValue" storage="f:\etwork\bin\tests\unittests.icore.public.entities.dll" id="189fb759-070c-7af6-34eb-36911801b73a">
      <Execution id="ddecda54-e46d-470d-988b-37b48dd26b17" />
      <TestMethod codeBase="F:\ETWork\bin\Tests\UnitTests.iCore.Public.Entities.dll" adapterTypeName="Microsoft.VisualStudio.TestTools.TestTypes.Unit.UnitTestAdapter" className="UnitTests.iCore.Public.Entities.NodeTypeTests" name="StyleSheetContent_StylesheetSet_RetursCorrectValue" />
    </UnitTest>
    <UnitTest name="StyleSheetContent_StyleSheetNotSet_RetursCorrectValue" storage="f:\etwork\bin\tests\unittests.icore.public.entities.dll" id="e4184c74-468f-ece4-c03f-55367f5ff5e6">
      <Execution id="23d59456-cb45-4d20-b76f-9fe36b79a6c4" />
      <TestMethod codeBase="F:\ETWork\bin\Tests\UnitTests.iCore.Public.Entities.dll" adapterTypeName="Microsoft.VisualStudio.TestTools.TestTypes.Unit.UnitTestAdapter" className="UnitTests.iCore.Public.Entities.NodeTypeTests" name="StyleSheetContent_StyleSheetNotSet_RetursCorrectValue" />
    </UnitTest>
    <UnitTest name="Test_BinarySerialization" storage="f:\etwork\bin\tests\unittests.icore.public.entities.dll" id="bec3f892-6658-aa0f-03a0-2f3ccac65fce">
      <Execution id="20a36a18-a210-44b8-a102-e00c5baaae93" />
      <TestMethod codeBase="F:\ETWork\bin\Tests\UnitTests.iCore.Public.Entities.dll" adapterTypeName="Microsoft.VisualStudio.TestTools.TestTypes.Unit.UnitTestAdapter" className="UnitTests.iCore.Public.Entities.NodeTypeTests" name="Test_BinarySerialization" />
    </UnitTest>
    <UnitTest name="Test_PublicSystemContext_GetInstanceOfEntity" storage="f:\etwork\bin\tests\unittests.icore.public.entities.dll" id="f0a63faa-ff70-91a1-a12a-e938764896e3">
      <Execution id="90189d0a-25d0-4502-8f8c-874f9cbb4c34" />
      <TestMethod codeBase="F:\ETWork\bin\Tests\UnitTests.iCore.Public.Entities.dll" adapterTypeName="Microsoft.VisualStudio.TestTools.TestTypes.Unit.UnitTestAdapter" className="UnitTests.iCore.Public.Entities.NodeTypeTests" name="Test_PublicSystemContext_GetInstanceOfEntity" />
    </UnitTest>
    <UnitTest name="IEntity_Implemented_Verified" storage="f:\etwork\bin\tests\unittests.icore.public.entities.dll" id="14d41b2f-d6db-72e6-9a9a-149b2c0ba592">
      <Execution id="551274b8-7042-47ea-af00-11fdcdf65462" />
      <TestMethod codeBase="F:\ETWork\bin\Tests\UnitTests.iCore.Public.Entities.dll" adapterTypeName="Microsoft.VisualStudio.TestTools.TestTypes.Unit.UnitTestAdapter" className="UnitTests.iCore.Public.Entities.ScriptTests" name="IEntity_Implemented_Verified" />
    </UnitTest>
    <UnitTest name="IDescriptiveEntity_Implemented_Verified" storage="f:\etwork\bin\tests\unittests.icore.public.entities.dll" id="9c1b7246-d657-57ae-1f10-c245bf030e35">
      <Execution id="47668a82-2cb4-4f1b-bd1a-7f86e37ff392" />
      <TestMethod codeBase="F:\ETWork\bin\Tests\UnitTests.iCore.Public.Entities.dll" adapterTypeName="Microsoft.VisualStudio.TestTools.TestTypes.Unit.UnitTestAdapter" className="UnitTests.iCore.Public.Entities.ScriptTests" name="IDescriptiveEntity_Implemented_Verified" />
    </UnitTest>
    <UnitTest name="INamedEntity_Implemented_Verified" storage="f:\etwork\bin\tests\unittests.icore.public.entities.dll" id="7676d463-9e3f-66bf-b688-0ffd6dde1439">
      <Execution id="95892c35-0941-4745-8c0d-a7a867a75b6f" />
      <TestMethod codeBase="F:\ETWork\bin\Tests\UnitTests.iCore.Public.Entities.dll" adapterTypeName="Microsoft.VisualStudio.TestTools.TestTypes.Unit.UnitTestAdapter" className="UnitTests.iCore.Public.Entities.ScriptTests" name="INamedEntity_Implemented_Verified" />
    </UnitTest>
    <UnitTest name="IGuidKeyEntity_Implemented_Verified" storage="f:\etwork\bin\tests\unittests.icore.public.entities.dll" id="ac732540-09e8-bfd7-0a2d-8873f11b25e5">
      <Execution id="31f38022-c239-430b-84a3-db8fb7e8d66b" />
      <TestMethod codeBase="F:\ETWork\bin\Tests\UnitTests.iCore.Public.Entities.dll" adapterTypeName="Microsoft.VisualStudio.TestTools.TestTypes.Unit.UnitTestAdapter" className="UnitTests.iCore.Public.Entities.ScriptTests" name="IGuidKeyEntity_Implemented_Verified" />
    </UnitTest>
    <UnitTest name="ICompilableEntity_Implemented_Verified" storage="f:\etwork\bin\tests\unittests.icore.public.entities.dll" id="f5ee4e5e-a7fc-c5c8-c9d4-bc6c0b9d10c7">
      <Execution id="492f2a64-5b99-4d42-84dc-9378cfba0968" />
      <TestMethod codeBase="F:\ETWork\bin\Tests\UnitTests.iCore.Public.Entities.dll" adapterTypeName="Microsoft.VisualStudio.TestTools.TestTypes.Unit.UnitTestAdapter" className="UnitTests.iCore.Public.Entities.ScriptTests" name="ICompilableEntity_Implemented_Verified" />
    </UnitTest>
    <UnitTest name="IScript_Implemented_Verified" storage="f:\etwork\bin\tests\unittests.icore.public.entities.dll" id="dbd92a02-761f-9f0e-489c-7633d74c703d">
      <Execution id="7f97b616-e4c1-40d3-bd06-0060b23b80d6" />
      <TestMethod codeBase="F:\ETWork\bin\Tests\UnitTests.iCore.Public.Entities.dll" adapterTypeName="Microsoft.VisualStudio.TestTools.TestTypes.Unit.UnitTestAdapter" className="UnitTests.iCore.Public.Entities.ScriptTests" name="IScript_Implemented_Verified" />
    </UnitTest>
    <UnitTest name="IScript_TypeConversionToScriptIDValue_Verified" storage="f:\etwork\bin\tests\unittests.icore.public.entities.dll" id="12ba8d61-daee-ff60-55ef-5a29a0109d8a">
      <Execution id="0d483840-53a8-4858-bb83-163cc6add2e5" />
      <TestMethod codeBase="F:\ETWork\bin\Tests\UnitTests.iCore.Public.Entities.dll" adapterTypeName="Microsoft.VisualStudio.TestTools.TestTypes.Unit.UnitTestAdapter" className="UnitTests.iCore.Public.Entities.ScriptTests" name="IScript_TypeConversionToScriptIDValue_Verified" />
    </UnitTest>
    <UnitTest name="IScript_TypeConversionToUnsupportedType_Verified" storage="f:\etwork\bin\tests\unittests.icore.public.entities.dll" id="a42f1b1f-c53c-02a3-54cc-9a0feeb22051">
      <Execution id="763ad649-2bf2-4316-917e-9edf9877f699" />
      <TestMethod codeBase="F:\ETWork\bin\Tests\UnitTests.iCore.Public.Entities.dll" adapterTypeName="Microsoft.VisualStudio.TestTools.TestTypes.Unit.UnitTestAdapter" className="UnitTests.iCore.Public.Entities.ScriptTests" name="IScript_TypeConversionToUnsupportedType_Verified" />
    </UnitTest>
    <UnitTest name="ICategorizableEntity_Implemented_Verified" storage="f:\etwork\bin\tests\unittests.icore.public.entities.dll" id="e0121ec8-06e5-8efc-015d-33aa2a9ba5f4">
      <Execution id="6ebf2d35-51dd-4090-8d46-f7116ced7601" />
      <TestMethod codeBase="F:\ETWork\bin\Tests\UnitTests.iCore.Public.Entities.dll" adapterTypeName="Microsoft.VisualStudio.TestTools.TestTypes.Unit.UnitTestAdapter" className="UnitTests.iCore.Public.Entities.ScriptTests" name="ICategorizableEntity_Implemented_Verified" />
    </UnitTest>
    <UnitTest name="Test_BinarySerialization" storage="f:\etwork\bin\tests\unittests.icore.public.entities.dll" id="3c74e6b8-b295-010e-1071-9a9461042c14">
      <Execution id="9c077be1-3c13-4b31-98cc-26472e5e5498" />
      <TestMethod codeBase="F:\ETWork\bin\Tests\UnitTests.iCore.Public.Entities.dll" adapterTypeName="Microsoft.VisualStudio.TestTools.TestTypes.Unit.UnitTestAdapter" className="UnitTests.iCore.Public.Entities.ScriptTests" name="Test_BinarySerialization" />
    </UnitTest>
    <UnitTest name="Test_PublicSystemContext_GetInstanceOfEntity" storage="f:\etwork\bin\tests\unittests.icore.public.entities.dll" id="2d3f0e1f-74e4-2346-85af-b816746f8350">
      <Execution id="989a9502-3956-4389-9378-371e18e7c933" />
      <TestMethod codeBase="F:\ETWork\bin\Tests\UnitTests.iCore.Public.Entities.dll" adapterTypeName="Microsoft.VisualStudio.TestTools.TestTypes.Unit.UnitTestAdapter" className="UnitTests.iCore.Public.Entities.ScriptTests" name="Test_PublicSystemContext_GetInstanceOfEntity" />
    </UnitTest>
    <UnitTest name="IUserData_Implemented_Verified" storage="f:\etwork\bin\tests\unittests.icore.public.entities.dll" id="ca2e46e8-bae8-9e03-981f-754929187919">
      <Execution id="5a77d9f0-3aaf-4d65-a51e-f119e89592e7" />
      <TestMethod codeBase="F:\ETWork\bin\Tests\UnitTests.iCore.Public.Entities.dll" adapterTypeName="Microsoft.VisualStudio.TestTools.TestTypes.Unit.UnitTestAdapter" className="UnitTests.iCore.Public.Entities.ServerTests" name="IUserData_Implemented_Verified" />
    </UnitTest>
    <UnitTest name="IEntity_Implemented_Verified" storage="f:\etwork\bin\tests\unittests.icore.public.entities.dll" id="a3dc5b1d-fb62-ddd2-1adf-a21a9e3496ca">
      <Execution id="30622e02-f862-4667-bef2-81c16a933e4a" />
      <TestMethod codeBase="F:\ETWork\bin\Tests\UnitTests.iCore.Public.Entities.dll" adapterTypeName="Microsoft.VisualStudio.TestTools.TestTypes.Unit.UnitTestAdapter" className="UnitTests.iCore.Public.Entities.ServerTests" name="IEntity_Implemented_Verified" />
    </UnitTest>
    <UnitTest name="IDescriptiveEntity_Implemented_Verified" storage="f:\etwork\bin\tests\unittests.icore.public.entities.dll" id="a6a2d5e3-8458-c654-9880-60c239cc4833">
      <Execution id="ef8a71ac-e342-4dc8-b0a4-4bf5077ba5d5" />
      <TestMethod codeBase="F:\ETWork\bin\Tests\UnitTests.iCore.Public.Entities.dll" adapterTypeName="Microsoft.VisualStudio.TestTools.TestTypes.Unit.UnitTestAdapter" className="UnitTests.iCore.Public.Entities.ServerTests" name="IDescriptiveEntity_Implemented_Verified" />
    </UnitTest>
    <UnitTest name="INamedEntity_Implemented_Verified" storage="f:\etwork\bin\tests\unittests.icore.public.entities.dll" id="481085f5-1ab4-b713-b25c-d7178e41fa1c">
      <Execution id="de907ba1-e5ca-44cc-aab9-ff6e6b66ef89" />
      <TestMethod codeBase="F:\ETWork\bin\Tests\UnitTests.iCore.Public.Entities.dll" adapterTypeName="Microsoft.VisualStudio.TestTools.TestTypes.Unit.UnitTestAdapter" className="UnitTests.iCore.Public.Entities.ServerTests" name="INamedEntity_Implemented_Verified" />
    </UnitTest>
    <UnitTest name="IGuidKeyEntity_Implemented_Verified" storage="f:\etwork\bin\tests\unittests.icore.public.entities.dll" id="5c65eadf-a1cf-ab7f-b0ec-11e4d27d6e58">
      <Execution id="c1ac26cd-8603-4709-b294-c59372a92dc4" />
      <TestMethod codeBase="F:\ETWork\bin\Tests\UnitTests.iCore.Public.Entities.dll" adapterTypeName="Microsoft.VisualStudio.TestTools.TestTypes.Unit.UnitTestAdapter" className="UnitTests.iCore.Public.Entities.ServerTests" name="IGuidKeyEntity_Implemented_Verified" />
    </UnitTest>
    <UnitTest name="IServer_Implemented_Verified" storage="f:\etwork\bin\tests\unittests.icore.public.entities.dll" id="fe729532-a79d-695a-5d41-9ec1cac8fc49">
      <Execution id="afad82da-9b6c-49f2-a5c0-c048c15efb77" />
      <TestMethod codeBase="F:\ETWork\bin\Tests\UnitTests.iCore.Public.Entities.dll" adapterTypeName="Microsoft.VisualStudio.TestTools.TestTypes.Unit.UnitTestAdapter" className="UnitTests.iCore.Public.Entities.ServerTests" name="IServer_Implemented_Verified" />
    </UnitTest>
    <UnitTest name="Test_BinarySerialization" storage="f:\etwork\bin\tests\unittests.icore.public.entities.dll" id="4ca74aa6-c356-d908-359c-6e9ddad7265f">
      <Execution id="301db12c-21c2-412b-af2e-d6910445da1c" />
      <TestMethod codeBase="F:\ETWork\bin\Tests\UnitTests.iCore.Public.Entities.dll" adapterTypeName="Microsoft.VisualStudio.TestTools.TestTypes.Unit.UnitTestAdapter" className="UnitTests.iCore.Public.Entities.ServerTests" name="Test_BinarySerialization" />
    </UnitTest>
    <UnitTest name="Test_PublicSystemContext_GetInstanceOfEntity" storage="f:\etwork\bin\tests\unittests.icore.public.entities.dll" id="15ada026-08ff-9cc1-be61-aff7ae506bf0">
      <Execution id="af3e8e53-a691-4b04-96d1-b21dbe69ac67" />
      <TestMethod codeBase="F:\ETWork\bin\Tests\UnitTests.iCore.Public.Entities.dll" adapterTypeName="Microsoft.VisualStudio.TestTools.TestTypes.Unit.UnitTestAdapter" className="UnitTests.iCore.Public.Entities.ServerTests" name="Test_PublicSystemContext_GetInstanceOfEntity" />
    </UnitTest>
    <UnitTest name="IEntity_Implemented_Verified" storage="f:\etwork\bin\tests\unittests.icore.public.entities.dll" id="1af4b059-9a88-9851-be4c-cb17de140124">
      <Execution id="1551ba5c-5d15-4adb-80c2-ea33aa8867b4" />
      <TestMethod codeBase="F:\ETWork\bin\Tests\UnitTests.iCore.Public.Entities.dll" adapterTypeName="Microsoft.VisualStudio.TestTools.TestTypes.Unit.UnitTestAdapter" className="UnitTests.iCore.Public.Entities.SettingAttributeInstanceMemberTests" name="IEntity_Implemented_Verified" />
    </UnitTest>
    <UnitTest name="IGuidKeyEntity_Implemented_Verified" storage="f:\etwork\bin\tests\unittests.icore.public.entities.dll" id="9d876799-9ee6-f302-389e-d120b2f62f7a">
      <Execution id="22ebc9e3-3048-493f-b27d-f29b627d8e81" />
      <TestMethod codeBase="F:\ETWork\bin\Tests\UnitTests.iCore.Public.Entities.dll" adapterTypeName="Microsoft.VisualStudio.TestTools.TestTypes.Unit.UnitTestAdapter" className="UnitTests.iCore.Public.Entities.SettingAttributeInstanceMemberTests" name="IGuidKeyEntity_Implemented_Verified" />
    </UnitTest>
    <UnitTest name="INamedEntity_Implemented_Verified" storage="f:\etwork\bin\tests\unittests.icore.public.entities.dll" id="b568d9ff-5112-cac1-c34b-c7189381da52">
      <Execution id="ed144662-4703-4bc4-ba9c-e4b4bb35b8aa" />
      <TestMethod codeBase="F:\ETWork\bin\Tests\UnitTests.iCore.Public.Entities.dll" adapterTypeName="Microsoft.VisualStudio.TestTools.TestTypes.Unit.UnitTestAdapter" className="UnitTests.iCore.Public.Entities.SettingAttributeInstanceMemberTests" name="INamedEntity_Implemented_Verified" />
    </UnitTest>
    <UnitTest name="ISettingAttributeInstance_Created_InterfaceImplemented" storage="f:\etwork\bin\tests\unittests.icore.public.entities.dll" id="2c6b45ab-b1a6-0304-df9c-4481dc512b27">
      <Execution id="60692264-c15a-4238-82d4-242983b88aa3" />
      <TestMethod codeBase="F:\ETWork\bin\Tests\UnitTests.iCore.Public.Entities.dll" adapterTypeName="Microsoft.VisualStudio.TestTools.TestTypes.Unit.UnitTestAdapter" className="UnitTests.iCore.Public.Entities.SettingAttributeInstanceMemberTests" name="ISettingAttributeInstance_Created_InterfaceImplemented" />
    </UnitTest>
    <UnitTest name="ISettingAttributeInstance_TypeGetMembers_VerifyHasCorrectNumberOfMembers" storage="f:\etwork\bin\tests\unittests.icore.public.entities.dll" id="866cac47-4275-ef47-c0fb-fcc56a32e462">
      <Execution id="685fa16b-2381-4696-87da-6cc923b33b01" />
      <TestMethod codeBase="F:\ETWork\bin\Tests\UnitTests.iCore.Public.Entities.dll" adapterTypeName="Microsoft.VisualStudio.TestTools.TestTypes.Unit.UnitTestAdapter" className="UnitTests.iCore.Public.Entities.SettingAttributeInstanceMemberTests" name="ISettingAttributeInstance_TypeGetMembers_VerifyHasCorrectNumberOfMembers" />
    </UnitTest>
    <UnitTest name="Value_PropertyGet_ReturnsCorrectValue" storage="f:\etwork\bin\tests\unittests.icore.public.entities.dll" id="3f27273f-a398-b35d-9c2b-b69c00c9129b">
      <Execution id="ad3ad03f-c4b7-4306-b891-b4f058385297" />
      <TestMethod codeBase="F:\ETWork\bin\Tests\UnitTests.iCore.Public.Entities.dll" adapterTypeName="Microsoft.VisualStudio.TestTools.TestTypes.Unit.UnitTestAdapter" className="UnitTests.iCore.Public.Entities.SettingAttributeInstanceMemberTests" name="Value_PropertyGet_ReturnsCorrectValue" />
    </UnitTest>
    <UnitTest name="AttributeType_PropertyGet_ReturnsCorrectValue" storage="f:\etwork\bin\tests\unittests.icore.public.entities.dll" id="a5fc1349-539b-511c-21e3-bd5502b7c9dd">
      <Execution id="c6fa3d8b-ce59-480b-9ead-3dd388c31cde" />
      <TestMethod codeBase="F:\ETWork\bin\Tests\UnitTests.iCore.Public.Entities.dll" adapterTypeName="Microsoft.VisualStudio.TestTools.TestTypes.Unit.UnitTestAdapter" className="UnitTests.iCore.Public.Entities.SettingAttributeInstanceMemberTests" name="AttributeType_PropertyGet_ReturnsCorrectValue" />
    </UnitTest>
    <UnitTest name="Test_BinarySerialization" storage="f:\etwork\bin\tests\unittests.icore.public.entities.dll" id="0ac626b3-89b4-789f-aba6-8bfa20878768">
      <Execution id="e5583073-ffee-491c-89bb-c05f4e860cb6" />
      <TestMethod codeBase="F:\ETWork\bin\Tests\UnitTests.iCore.Public.Entities.dll" adapterTypeName="Microsoft.VisualStudio.TestTools.TestTypes.Unit.UnitTestAdapter" className="UnitTests.iCore.Public.Entities.SettingAttributeInstanceMemberTests" name="Test_BinarySerialization" />
    </UnitTest>
    <UnitTest name="IEntity_Implemented_Verified" storage="f:\etwork\bin\tests\unittests.icore.public.entities.dll" id="095b4437-849c-c41a-a74e-d23e1d642024">
      <Execution id="c658e027-27de-43f8-8b54-bef8bc453073" />
      <TestMethod codeBase="F:\ETWork\bin\Tests\UnitTests.iCore.Public.Entities.dll" adapterTypeName="Microsoft.VisualStudio.TestTools.TestTypes.Unit.UnitTestAdapter" className="UnitTests.iCore.Public.Entities.SettingAttributeInstanceTests" name="IEntity_Implemented_Verified" />
    </UnitTest>
    <UnitTest name="IGuidKeyEntity_Implemented_Verified" storage="f:\etwork\bin\tests\unittests.icore.public.entities.dll" id="a51b4742-4977-c86a-7e76-1a966fdccec5">
      <Execution id="88132841-f564-4362-aad3-ae0f01e1c188" />
      <TestMethod codeBase="F:\ETWork\bin\Tests\UnitTests.iCore.Public.Entities.dll" adapterTypeName="Microsoft.VisualStudio.TestTools.TestTypes.Unit.UnitTestAdapter" className="UnitTests.iCore.Public.Entities.SettingAttributeInstanceTests" name="IGuidKeyEntity_Implemented_Verified" />
    </UnitTest>
    <UnitTest name="INamedEntity_Implemented_Verified" storage="f:\etwork\bin\tests\unittests.icore.public.entities.dll" id="5fc0bcae-c8dd-64b3-f438-d0ee83095ef9">
      <Execution id="5a98758b-ea84-4165-80c8-4377f169e19b" />
      <TestMethod codeBase="F:\ETWork\bin\Tests\UnitTests.iCore.Public.Entities.dll" adapterTypeName="Microsoft.VisualStudio.TestTools.TestTypes.Unit.UnitTestAdapter" className="UnitTests.iCore.Public.Entities.SettingAttributeInstanceTests" name="INamedEntity_Implemented_Verified" />
    </UnitTest>
    <UnitTest name="ISettingAttributeGroupInstance_GetAttributeFromSetting_InterfaceImplemented" storage="f:\etwork\bin\tests\unittests.icore.public.entities.dll" id="f636745b-145a-c96c-94aa-3de7fa6c84fb">
      <Execution id="5b5d163f-a477-47e0-a0ba-ce42e821c7c1" />
      <TestMethod codeBase="F:\ETWork\bin\Tests\UnitTests.iCore.Public.Entities.dll" adapterTypeName="Microsoft.VisualStudio.TestTools.TestTypes.Unit.UnitTestAdapter" className="UnitTests.iCore.Public.Entities.SettingAttributeInstanceTests" name="ISettingAttributeGroupInstance_GetAttributeFromSetting_InterfaceImplemented" />
    </UnitTest>
    <UnitTest name="ISettingAttributeGroupInstance_TypeInstanciated_VerifyHasCorrectNumberOfMembers" storage="f:\etwork\bin\tests\unittests.icore.public.entities.dll" id="761e91a9-179d-ffde-2f81-057f3dd8c6db">
      <Execution id="64749cac-0555-434b-b4fd-b6fe422637df" />
      <TestMethod codeBase="F:\ETWork\bin\Tests\UnitTests.iCore.Public.Entities.dll" adapterTypeName="Microsoft.VisualStudio.TestTools.TestTypes.Unit.UnitTestAdapter" className="UnitTests.iCore.Public.Entities.SettingAttributeInstanceTests" name="ISettingAttributeGroupInstance_TypeInstanciated_VerifyHasCorrectNumberOfMembers" />
    </UnitTest>
    <UnitTest name="AttributeGroupType_PropertyGet_IsNotNull" storage="f:\etwork\bin\tests\unittests.icore.public.entities.dll" id="b3d72cad-fc42-7e87-23ec-a0be9d0b6dff">
      <Execution id="e236201b-9ad9-49dc-89d6-d776a786babd" />
      <TestMethod codeBase="F:\ETWork\bin\Tests\UnitTests.iCore.Public.Entities.dll" adapterTypeName="Microsoft.VisualStudio.TestTools.TestTypes.Unit.UnitTestAdapter" className="UnitTests.iCore.Public.Entities.SettingAttributeInstanceTests" name="AttributeGroupType_PropertyGet_IsNotNull" />
    </UnitTest>
    <UnitTest name="AttributeGroupType_PropertyGet_ReturnsCorrectValue" storage="f:\etwork\bin\tests\unittests.icore.public.entities.dll" id="a0d34ddf-a325-c9f1-9a0c-c35a86b2cbd6">
      <Execution id="b7368f4d-3314-4d6b-b21b-13ced55723bf" />
      <TestMethod codeBase="F:\ETWork\bin\Tests\UnitTests.iCore.Public.Entities.dll" adapterTypeName="Microsoft.VisualStudio.TestTools.TestTypes.Unit.UnitTestAdapter" className="UnitTests.iCore.Public.Entities.SettingAttributeInstanceTests" name="AttributeGroupType_PropertyGet_ReturnsCorrectValue" />
    </UnitTest>
    <UnitTest name="Attribute_PropertyGet_ReturnsCorrectValues" storage="f:\etwork\bin\tests\unittests.icore.public.entities.dll" id="b4a8b3a7-89b4-00c1-6580-f1ffda6430c9">
      <Execution id="4b0d53ef-f936-4b1b-93b7-82808c5dea03" />
      <TestMethod codeBase="F:\ETWork\bin\Tests\UnitTests.iCore.Public.Entities.dll" adapterTypeName="Microsoft.VisualStudio.TestTools.TestTypes.Unit.UnitTestAdapter" className="UnitTests.iCore.Public.Entities.SettingAttributeInstanceTests" name="Attribute_PropertyGet_ReturnsCorrectValues" />
    </UnitTest>
    <UnitTest name="Test_BinarySerialization" storage="f:\etwork\bin\tests\unittests.icore.public.entities.dll" id="b32f1370-2a65-383b-3c6d-11f4d85e0ddf">
      <Execution id="dce3964e-230f-4fa1-9277-efae48829d9f" />
      <TestMethod codeBase="F:\ETWork\bin\Tests\UnitTests.iCore.Public.Entities.dll" adapterTypeName="Microsoft.VisualStudio.TestTools.TestTypes.Unit.UnitTestAdapter" className="UnitTests.iCore.Public.Entities.SettingAttributeInstanceTests" name="Test_BinarySerialization" />
    </UnitTest>
    <UnitTest name="IEntity_Implemented_Verified" storage="f:\etwork\bin\tests\unittests.icore.public.entities.dll" id="b1e39bbb-bdca-e90b-47eb-13b05e99cd8d">
      <Execution id="49baa1c1-7c48-4417-97bd-55ba18ca1ee0" />
      <TestMethod codeBase="F:\ETWork\bin\Tests\UnitTests.iCore.Public.Entities.dll" adapterTypeName="Microsoft.VisualStudio.TestTools.TestTypes.Unit.UnitTestAdapter" className="UnitTests.iCore.Public.Entities.SettingAttributeTypeMemberTests" name="IEntity_Implemented_Verified" />
    </UnitTest>
    <UnitTest name="IGuidKeyEntity_Implemented_Verified" storage="f:\etwork\bin\tests\unittests.icore.public.entities.dll" id="29a3b8a8-9516-cd44-cf62-92608cec9b9f">
      <Execution id="0f96a52b-bfef-4e9a-822a-7e87be7b7bf2" />
      <TestMethod codeBase="F:\ETWork\bin\Tests\UnitTests.iCore.Public.Entities.dll" adapterTypeName="Microsoft.VisualStudio.TestTools.TestTypes.Unit.UnitTestAdapter" className="UnitTests.iCore.Public.Entities.SettingAttributeTypeMemberTests" name="IGuidKeyEntity_Implemented_Verified" />
    </UnitTest>
    <UnitTest name="INamedEntity_Implemented_Verified" storage="f:\etwork\bin\tests\unittests.icore.public.entities.dll" id="35bdbd48-b3bd-374f-9e39-56a157a7fcf8">
      <Execution id="71ec5481-78a3-4a72-8b20-7197e8446c17" />
      <TestMethod codeBase="F:\ETWork\bin\Tests\UnitTests.iCore.Public.Entities.dll" adapterTypeName="Microsoft.VisualStudio.TestTools.TestTypes.Unit.UnitTestAdapter" className="UnitTests.iCore.Public.Entities.SettingAttributeTypeMemberTests" name="INamedEntity_Implemented_Verified" />
    </UnitTest>
    <UnitTest name="ISettingAttributeType_TypeInstanciated_VerifyHasCorrectNumberOfMembers" storage="f:\etwork\bin\tests\unittests.icore.public.entities.dll" id="b5ec0676-0cc3-8511-5300-cba16e18dae7">
      <Execution id="33384372-1295-418b-984b-6db76c810ce8" />
      <TestMethod codeBase="F:\ETWork\bin\Tests\UnitTests.iCore.Public.Entities.dll" adapterTypeName="Microsoft.VisualStudio.TestTools.TestTypes.Unit.UnitTestAdapter" className="UnitTests.iCore.Public.Entities.SettingAttributeTypeMemberTests" name="ISettingAttributeType_TypeInstanciated_VerifyHasCorrectNumberOfMembers" />
    </UnitTest>
    <UnitTest name="VarType_PropertyGet_HasCorrectValue" storage="f:\etwork\bin\tests\unittests.icore.public.entities.dll" id="78f13fc2-2462-776f-c5dd-fc7cb7b9940b">
      <Execution id="16970192-b4e7-44b3-89f0-b64231658eeb" />
      <TestMethod codeBase="F:\ETWork\bin\Tests\UnitTests.iCore.Public.Entities.dll" adapterTypeName="Microsoft.VisualStudio.TestTools.TestTypes.Unit.UnitTestAdapter" className="UnitTests.iCore.Public.Entities.SettingAttributeTypeMemberTests" name="VarType_PropertyGet_HasCorrectValue" />
    </UnitTest>
    <UnitTest name="DefaultValue_PropertyGet_HasCorrectValue" storage="f:\etwork\bin\tests\unittests.icore.public.entities.dll" id="aee78940-29c5-fb10-fd35-48459bc161dc">
      <Execution id="9c90dbf7-cae2-4770-bb67-2151d16c76d6" />
      <TestMethod codeBase="F:\ETWork\bin\Tests\UnitTests.iCore.Public.Entities.dll" adapterTypeName="Microsoft.VisualStudio.TestTools.TestTypes.Unit.UnitTestAdapter" className="UnitTests.iCore.Public.Entities.SettingAttributeTypeMemberTests" name="DefaultValue_PropertyGet_HasCorrectValue" />
    </UnitTest>
    <UnitTest name="Mandatory_PropertyGet_HasCorrectValue" storage="f:\etwork\bin\tests\unittests.icore.public.entities.dll" id="555b80ea-d974-08c8-0d62-acc78d6294e3">
      <Execution id="bd2e45b1-d71a-4d33-be86-fe5421d52e79" />
      <TestMethod codeBase="F:\ETWork\bin\Tests\UnitTests.iCore.Public.Entities.dll" adapterTypeName="Microsoft.VisualStudio.TestTools.TestTypes.Unit.UnitTestAdapter" className="UnitTests.iCore.Public.Entities.SettingAttributeTypeMemberTests" name="Mandatory_PropertyGet_HasCorrectValue" />
    </UnitTest>
    <UnitTest name="Test_BinarySerialization" storage="f:\etwork\bin\tests\unittests.icore.public.entities.dll" id="d5ca4ef3-a53e-b1c9-7a94-954a058a983b">
      <Execution id="9e9e14b9-4dcf-4543-88bb-2cc49c229ab3" />
      <TestMethod codeBase="F:\ETWork\bin\Tests\UnitTests.iCore.Public.Entities.dll" adapterTypeName="Microsoft.VisualStudio.TestTools.TestTypes.Unit.UnitTestAdapter" className="UnitTests.iCore.Public.Entities.SettingAttributeTypeMemberTests" name="Test_BinarySerialization" />
    </UnitTest>
    <UnitTest name="IEntity_Implemented_Verified" storage="f:\etwork\bin\tests\unittests.icore.public.entities.dll" id="e1d36859-c5c6-a2c7-09e5-6a3c09e953fd">
      <Execution id="070bf300-cfd5-47e8-b5d6-32d385c01bca" />
      <TestMethod codeBase="F:\ETWork\bin\Tests\UnitTests.iCore.Public.Entities.dll" adapterTypeName="Microsoft.VisualStudio.TestTools.TestTypes.Unit.UnitTestAdapter" className="UnitTests.iCore.Public.Entities.SettingAttributeTypeTests" name="IEntity_Implemented_Verified" />
    </UnitTest>
    <UnitTest name="IGuidKeyEntity_Implemented_Verified" storage="f:\etwork\bin\tests\unittests.icore.public.entities.dll" id="befff122-d17a-187b-1e82-53f151e25a57">
      <Execution id="da74b2ef-c50e-4b33-ac84-9ea993ad5ebb" />
      <TestMethod codeBase="F:\ETWork\bin\Tests\UnitTests.iCore.Public.Entities.dll" adapterTypeName="Microsoft.VisualStudio.TestTools.TestTypes.Unit.UnitTestAdapter" className="UnitTests.iCore.Public.Entities.SettingAttributeTypeTests" name="IGuidKeyEntity_Implemented_Verified" />
    </UnitTest>
    <UnitTest name="INamedEntity_Implemented_Verified" storage="f:\etwork\bin\tests\unittests.icore.public.entities.dll" id="0d5539ad-9e9b-b5f0-5695-4306d1cb4ea0">
      <Execution id="282aa35a-b1c6-4481-9cbc-c15e160c4e4c" />
      <TestMethod codeBase="F:\ETWork\bin\Tests\UnitTests.iCore.Public.Entities.dll" adapterTypeName="Microsoft.VisualStudio.TestTools.TestTypes.Unit.UnitTestAdapter" className="UnitTests.iCore.Public.Entities.SettingAttributeTypeTests" name="INamedEntity_Implemented_Verified" />
    </UnitTest>
    <UnitTest name="ISettingAttributeType_TypeInstanciated_VerifyHasCorrectNumberOfMembers" storage="f:\etwork\bin\tests\unittests.icore.public.entities.dll" id="3cf0d7ab-2c0e-4d96-c253-d099c6739d46">
      <Execution id="5017977e-3adb-4e11-b9d2-00f5b9c02a5a" />
      <TestMethod codeBase="F:\ETWork\bin\Tests\UnitTests.iCore.Public.Entities.dll" adapterTypeName="Microsoft.VisualStudio.TestTools.TestTypes.Unit.UnitTestAdapter" className="UnitTests.iCore.Public.Entities.SettingAttributeTypeTests" name="ISettingAttributeType_TypeInstanciated_VerifyHasCorrectNumberOfMembers" />
    </UnitTest>
    <UnitTest name="ISettingAttributeType_TypeConversionToSettingAttributeTypeIDValue_Verified" storage="f:\etwork\bin\tests\unittests.icore.public.entities.dll" id="1cebfc13-9c01-f177-ff89-d07f94f63b01">
      <Execution id="c0df4ff2-622d-4f9a-979b-5d5a86796f3b" />
      <TestMethod codeBase="F:\ETWork\bin\Tests\UnitTests.iCore.Public.Entities.dll" adapterTypeName="Microsoft.VisualStudio.TestTools.TestTypes.Unit.UnitTestAdapter" className="UnitTests.iCore.Public.Entities.SettingAttributeTypeTests" name="ISettingAttributeType_TypeConversionToSettingAttributeTypeIDValue_Verified" />
    </UnitTest>
    <UnitTest name="ISettingAttributeType_TypeConversionToUnsupportedType_Verified" storage="f:\etwork\bin\tests\unittests.icore.public.entities.dll" id="db0b9593-e7fd-0b84-34f4-617b09afbc46">
      <Execution id="ff538a99-82cb-4a36-ac8b-e763346c6dbe" />
      <TestMethod codeBase="F:\ETWork\bin\Tests\UnitTests.iCore.Public.Entities.dll" adapterTypeName="Microsoft.VisualStudio.TestTools.TestTypes.Unit.UnitTestAdapter" className="UnitTests.iCore.Public.Entities.SettingAttributeTypeTests" name="ISettingAttributeType_TypeConversionToUnsupportedType_Verified" />
    </UnitTest>
    <UnitTest name="Members_PropertyGet_IsNotNull" storage="f:\etwork\bin\tests\unittests.icore.public.entities.dll" id="2b7aea13-4801-c21b-bba2-73b9f922112b">
      <Execution id="a0da6505-db3f-4259-aa11-2838c73463ef" />
      <TestMethod codeBase="F:\ETWork\bin\Tests\UnitTests.iCore.Public.Entities.dll" adapterTypeName="Microsoft.VisualStudio.TestTools.TestTypes.Unit.UnitTestAdapter" className="UnitTests.iCore.Public.Entities.SettingAttributeTypeTests" name="Members_PropertyGet_IsNotNull" />
    </UnitTest>
    <UnitTest name="Members_PropertyGet_ReturnsCorrectValue" storage="f:\etwork\bin\tests\unittests.icore.public.entities.dll" id="8682c6c7-f88f-5066-04b6-2f01cf99c85c">
      <Execution id="f068082f-7e0f-4fde-bd8f-0bfe8a69355c" />
      <TestMethod codeBase="F:\ETWork\bin\Tests\UnitTests.iCore.Public.Entities.dll" adapterTypeName="Microsoft.VisualStudio.TestTools.TestTypes.Unit.UnitTestAdapter" className="UnitTests.iCore.Public.Entities.SettingAttributeTypeTests" name="Members_PropertyGet_ReturnsCorrectValue" />
    </UnitTest>
    <UnitTest name="ICategorizableEntity_Implemented_Verified" storage="f:\etwork\bin\tests\unittests.icore.public.entities.dll" id="a5708eeb-3785-8539-7ca7-ac50ec82b522">
      <Execution id="fe3a7ea6-9d94-4a5e-80e0-769777e1c225" />
      <TestMethod codeBase="F:\ETWork\bin\Tests\UnitTests.iCore.Public.Entities.dll" adapterTypeName="Microsoft.VisualStudio.TestTools.TestTypes.Unit.UnitTestAdapter" className="UnitTests.iCore.Public.Entities.SettingAttributeTypeTests" name="ICategorizableEntity_Implemented_Verified" />
    </UnitTest>
    <UnitTest name="Test_BinarySerialization" storage="f:\etwork\bin\tests\unittests.icore.public.entities.dll" id="92cafafb-d583-9300-8bcb-bcdf885589c4">
      <Execution id="540b338a-7650-4e02-b6e9-3e8a1e356744" />
      <TestMethod codeBase="F:\ETWork\bin\Tests\UnitTests.iCore.Public.Entities.dll" adapterTypeName="Microsoft.VisualStudio.TestTools.TestTypes.Unit.UnitTestAdapter" className="UnitTests.iCore.Public.Entities.SettingAttributeTypeTests" name="Test_BinarySerialization" />
    </UnitTest>
    <UnitTest name="Test_PublicSystemContext_GetInstanceOfEntity" storage="f:\etwork\bin\tests\unittests.icore.public.entities.dll" id="6dd949c3-f8ff-7f6a-317d-c580b47d65da">
      <Execution id="f5c7035f-304e-4e1d-a3da-910a09bbd339" />
      <TestMethod codeBase="F:\ETWork\bin\Tests\UnitTests.iCore.Public.Entities.dll" adapterTypeName="Microsoft.VisualStudio.TestTools.TestTypes.Unit.UnitTestAdapter" className="UnitTests.iCore.Public.Entities.SettingAttributeTypeTests" name="Test_PublicSystemContext_GetInstanceOfEntity" />
    </UnitTest>
    <UnitTest name="IUserData_Implemented_Verified" storage="f:\etwork\bin\tests\unittests.icore.public.entities.dll" id="26a86637-3346-109e-a87c-afc4b29099c9">
      <Execution id="7b5028cf-a11a-463d-bd09-c9679a4682c6" />
      <TestMethod codeBase="F:\ETWork\bin\Tests\UnitTests.iCore.Public.Entities.dll" adapterTypeName="Microsoft.VisualStudio.TestTools.TestTypes.Unit.UnitTestAdapter" className="UnitTests.iCore.Public.Entities.SettingTests" name="IUserData_Implemented_Verified" />
    </UnitTest>
    <UnitTest name="IEntity_Implemented_Verified" storage="f:\etwork\bin\tests\unittests.icore.public.entities.dll" id="a8d32624-d3c2-2933-3ee0-149f458e7c6e">
      <Execution id="80e2aec2-294a-44e4-88bf-ab90444e5f39" />
      <TestMethod codeBase="F:\ETWork\bin\Tests\UnitTests.iCore.Public.Entities.dll" adapterTypeName="Microsoft.VisualStudio.TestTools.TestTypes.Unit.UnitTestAdapter" className="UnitTests.iCore.Public.Entities.SettingTests" name="IEntity_Implemented_Verified" />
    </UnitTest>
    <UnitTest name="IDescriptiveEntity_Implemented_Verified" storage="f:\etwork\bin\tests\unittests.icore.public.entities.dll" id="6a41f939-98e2-4099-4186-4d339192509c">
      <Execution id="e46cc0c9-eaa1-4623-99f4-0c1c4f7b32f9" />
      <TestMethod codeBase="F:\ETWork\bin\Tests\UnitTests.iCore.Public.Entities.dll" adapterTypeName="Microsoft.VisualStudio.TestTools.TestTypes.Unit.UnitTestAdapter" className="UnitTests.iCore.Public.Entities.SettingTests" name="IDescriptiveEntity_Implemented_Verified" />
    </UnitTest>
    <UnitTest name="INamedEntity_Implemented_Vermmified" storage="f:\etwork\bin\tests\unittests.icore.public.entities.dll" id="6f079c7a-f069-3357-8a4f-35c4f115b1dc">
      <Execution id="1f34094d-d522-429c-9e4d-f1f4a0ff406e" />
      <TestMethod codeBase="F:\ETWork\bin\Tests\UnitTests.iCore.Public.Entities.dll" adapterTypeName="Microsoft.VisualStudio.TestTools.TestTypes.Unit.UnitTestAdapter" className="UnitTests.iCore.Public.Entities.SettingTests" name="INamedEntity_Implemented_Vermmified" />
    </UnitTest>
    <UnitTest name="IGuidKeyEntity_Implemented_Verified" storage="f:\etwork\bin\tests\unittests.icore.public.entities.dll" id="0f7e268f-0757-f134-d99a-92be5a4c8293">
      <Execution id="af63badf-6d9a-434a-8ff3-00ed08f50219" />
      <TestMethod codeBase="F:\ETWork\bin\Tests\UnitTests.iCore.Public.Entities.dll" adapterTypeName="Microsoft.VisualStudio.TestTools.TestTypes.Unit.UnitTestAdapter" className="UnitTests.iCore.Public.Entities.SettingTests" name="IGuidKeyEntity_Implemented_Verified" />
    </UnitTest>
    <UnitTest name="ICategorizableEntity_Implemented_Verified" storage="f:\etwork\bin\tests\unittests.icore.public.entities.dll" id="1acb8aa9-bcf0-30ef-8b8d-a8710f3b4909">
      <Execution id="aa12de13-f77a-4466-bbd4-40005213bd21" />
      <TestMethod codeBase="F:\ETWork\bin\Tests\UnitTests.iCore.Public.Entities.dll" adapterTypeName="Microsoft.VisualStudio.TestTools.TestTypes.Unit.UnitTestAdapter" className="UnitTests.iCore.Public.Entities.SettingTests" name="ICategorizableEntity_Implemented_Verified" />
    </UnitTest>
    <UnitTest name="ISetting_Implemented_Verified" storage="f:\etwork\bin\tests\unittests.icore.public.entities.dll" id="690c3726-1375-c000-139b-29bc0c85ddfd">
      <Execution id="2241f956-6d7e-4477-9f5c-dd73f6ab9df3" />
      <TestMethod codeBase="F:\ETWork\bin\Tests\UnitTests.iCore.Public.Entities.dll" adapterTypeName="Microsoft.VisualStudio.TestTools.TestTypes.Unit.UnitTestAdapter" className="UnitTests.iCore.Public.Entities.SettingTests" name="ISetting_Implemented_Verified" />
    </UnitTest>
    <UnitTest name="ISetting_TypeConversionToSettingIDValue_Verified" storage="f:\etwork\bin\tests\unittests.icore.public.entities.dll" id="8d74ab65-a28c-dde9-6c43-3370d4e387c9">
      <Execution id="1b93f216-cbe3-4373-a8f6-adb60e505ff2" />
      <TestMethod codeBase="F:\ETWork\bin\Tests\UnitTests.iCore.Public.Entities.dll" adapterTypeName="Microsoft.VisualStudio.TestTools.TestTypes.Unit.UnitTestAdapter" className="UnitTests.iCore.Public.Entities.SettingTests" name="ISetting_TypeConversionToSettingIDValue_Verified" />
    </UnitTest>
    <UnitTest name="ISetting_TypeConversionToUnsupportedType_Verified" storage="f:\etwork\bin\tests\unittests.icore.public.entities.dll" id="ac0ad653-d3fa-3746-8b9e-af2f92c60b0e">
      <Execution id="7e8bb722-eb45-4647-9062-80cecdf14d2e" />
      <TestMethod codeBase="F:\ETWork\bin\Tests\UnitTests.iCore.Public.Entities.dll" adapterTypeName="Microsoft.VisualStudio.TestTools.TestTypes.Unit.UnitTestAdapter" className="UnitTests.iCore.Public.Entities.SettingTests" name="ISetting_TypeConversionToUnsupportedType_Verified" />
    </UnitTest>
    <UnitTest name="Attributes_Get_ReturnsAnInstanceOfCorrectType" storage="f:\etwork\bin\tests\unittests.icore.public.entities.dll" id="84ef2816-e1ac-8006-cbc4-2b9c887c0968">
      <Execution id="8d6a60c6-256c-4eae-9065-85ef67e9e48e" />
      <TestMethod codeBase="F:\ETWork\bin\Tests\UnitTests.iCore.Public.Entities.dll" adapterTypeName="Microsoft.VisualStudio.TestTools.TestTypes.Unit.UnitTestAdapter" className="UnitTests.iCore.Public.Entities.SettingTests" name="Attributes_Get_ReturnsAnInstanceOfCorrectType" />
    </UnitTest>
    <UnitTest name="Identities_Get_ReturnsAnInstanceOfCorrectType" storage="f:\etwork\bin\tests\unittests.icore.public.entities.dll" id="630e199b-e52e-27e1-31c3-7aa9113bd051">
      <Execution id="fbd5e554-0290-43ca-b238-54211d6941ce" />
      <TestMethod codeBase="F:\ETWork\bin\Tests\UnitTests.iCore.Public.Entities.dll" adapterTypeName="Microsoft.VisualStudio.TestTools.TestTypes.Unit.UnitTestAdapter" className="UnitTests.iCore.Public.Entities.SettingTests" name="Identities_Get_ReturnsAnInstanceOfCorrectType" />
    </UnitTest>
    <UnitTest name="GetAttributeValue_GetExisting_ReturnsCorrectValue" storage="f:\etwork\bin\tests\unittests.icore.public.entities.dll" id="1e3b194b-da33-6822-d3bd-ef37da302f0b">
      <Execution id="417dd7e4-adee-4f09-a50e-f80d647bd369" />
      <TestMethod codeBase="F:\ETWork\bin\Tests\UnitTests.iCore.Public.Entities.dll" adapterTypeName="Microsoft.VisualStudio.TestTools.TestTypes.Unit.UnitTestAdapter" className="UnitTests.iCore.Public.Entities.SettingTests" name="GetAttributeValue_GetExisting_ReturnsCorrectValue" />
    </UnitTest>
    <UnitTest name="GetAttributeValue_GetNonExistingDefaultValue_ReturnsDefaultValue" storage="f:\etwork\bin\tests\unittests.icore.public.entities.dll" id="d5410f39-aff5-08ca-e111-d7e39b20c5f4">
      <Execution id="bc2a4c96-7cc5-4525-b826-710f3bb06731" />
      <TestMethod codeBase="F:\ETWork\bin\Tests\UnitTests.iCore.Public.Entities.dll" adapterTypeName="Microsoft.VisualStudio.TestTools.TestTypes.Unit.UnitTestAdapter" className="UnitTests.iCore.Public.Entities.SettingTests" name="GetAttributeValue_GetNonExistingDefaultValue_ReturnsDefaultValue" />
    </UnitTest>
    <UnitTest name="GetAttributeValue_GetNonExistingNoDefaultValue_Throws" storage="f:\etwork\bin\tests\unittests.icore.public.entities.dll" id="920aef3d-acb8-70e5-c94a-88870cb3d397">
      <Execution id="69733980-d895-4217-a19d-e64eeb95bf2f" />
      <TestMethod codeBase="F:\ETWork\bin\Tests\UnitTests.iCore.Public.Entities.dll" adapterTypeName="Microsoft.VisualStudio.TestTools.TestTypes.Unit.UnitTestAdapter" className="UnitTests.iCore.Public.Entities.SettingTests" name="GetAttributeValue_GetNonExistingNoDefaultValue_Throws" />
    </UnitTest>
    <UnitTest name="Test_BinarySerialization" storage="f:\etwork\bin\tests\unittests.icore.public.entities.dll" id="01d4a10d-3534-83c7-2f1d-8018bcfa449c">
      <Execution id="6e0f5840-390d-49cf-916d-7aa61c1788c4" />
      <TestMethod codeBase="F:\ETWork\bin\Tests\UnitTests.iCore.Public.Entities.dll" adapterTypeName="Microsoft.VisualStudio.TestTools.TestTypes.Unit.UnitTestAdapter" className="UnitTests.iCore.Public.Entities.SettingTests" name="Test_BinarySerialization" />
    </UnitTest>
    <UnitTest name="Test_PublicSystemContext_GetInstanceOfEntity" storage="f:\etwork\bin\tests\unittests.icore.public.entities.dll" id="3bfe3134-4b4e-44f9-5aac-f189b08936b6">
      <Execution id="65125cbc-a760-471b-a69b-56932cf11578" />
      <TestMethod codeBase="F:\ETWork\bin\Tests\UnitTests.iCore.Public.Entities.dll" adapterTypeName="Microsoft.VisualStudio.TestTools.TestTypes.Unit.UnitTestAdapter" className="UnitTests.iCore.Public.Entities.SettingTests" name="Test_PublicSystemContext_GetInstanceOfEntity" />
    </UnitTest>
    <UnitTest name="IEntity_Implemented_Verified" storage="f:\etwork\bin\tests\unittests.icore.public.entities.dll" id="78bf6ec8-8af8-5c7a-a615-c0378a24f9b5">
      <Execution id="d2e744aa-04c6-4ede-b5c8-41ef7eb22cf2" />
      <TestMethod codeBase="F:\ETWork\bin\Tests\UnitTests.iCore.Public.Entities.dll" adapterTypeName="Microsoft.VisualStudio.TestTools.TestTypes.Unit.UnitTestAdapter" className="UnitTests.iCore.Public.Entities.EventTypeTests" name="IEntity_Implemented_Verified" />
    </UnitTest>
    <UnitTest name="IDescriptiveEntity_Implemented_Verified" storage="f:\etwork\bin\tests\unittests.icore.public.entities.dll" id="e6261fb4-d4e6-91da-b916-3e0ff7dd1176">
      <Execution id="efb93703-7f99-42d1-87a7-17662f53236f" />
      <TestMethod codeBase="F:\ETWork\bin\Tests\UnitTests.iCore.Public.Entities.dll" adapterTypeName="Microsoft.VisualStudio.TestTools.TestTypes.Unit.UnitTestAdapter" className="UnitTests.iCore.Public.Entities.EventTypeTests" name="IDescriptiveEntity_Implemented_Verified" />
    </UnitTest>
    <UnitTest name="INamedEntity_Implemented_Verified" storage="f:\etwork\bin\tests\unittests.icore.public.entities.dll" id="c6464023-b61c-7960-d1be-96f6ad13e9ef">
      <Execution id="5d86ea2d-3efb-4bd1-8807-54ec00829318" />
      <TestMethod codeBase="F:\ETWork\bin\Tests\UnitTests.iCore.Public.Entities.dll" adapterTypeName="Microsoft.VisualStudio.TestTools.TestTypes.Unit.UnitTestAdapter" className="UnitTests.iCore.Public.Entities.EventTypeTests" name="INamedEntity_Implemented_Verified" />
    </UnitTest>
    <UnitTest name="ICategorizableEntity_Implemented_Verified" storage="f:\etwork\bin\tests\unittests.icore.public.entities.dll" id="042030e3-24e5-ecde-e633-55a527e536d3">
      <Execution id="4ec4d09c-7b7d-497e-af8d-a7fb9cca21b2" />
      <TestMethod codeBase="F:\ETWork\bin\Tests\UnitTests.iCore.Public.Entities.dll" adapterTypeName="Microsoft.VisualStudio.TestTools.TestTypes.Unit.UnitTestAdapter" className="UnitTests.iCore.Public.Entities.EventTypeTests" name="ICategorizableEntity_Implemented_Verified" />
    </UnitTest>
    <UnitTest name="IGuidKeyEntity_Implemented_Verified" storage="f:\etwork\bin\tests\unittests.icore.public.entities.dll" id="fc371943-e8d3-acb2-750c-900129a37a7c">
      <Execution id="0203d76d-13c9-4b22-9671-5527ee45129e" />
      <TestMethod codeBase="F:\ETWork\bin\Tests\UnitTests.iCore.Public.Entities.dll" adapterTypeName="Microsoft.VisualStudio.TestTools.TestTypes.Unit.UnitTestAdapter" className="UnitTests.iCore.Public.Entities.EventTypeTests" name="IGuidKeyEntity_Implemented_Verified" />
    </UnitTest>
    <UnitTest name="IEventType_Implemented_Verified" storage="f:\etwork\bin\tests\unittests.icore.public.entities.dll" id="37ce25ea-88b0-c5d8-41e7-2c017efff469">
      <Execution id="82fda53e-31b5-40aa-8d8b-c2f973f164e1" />
      <TestMethod codeBase="F:\ETWork\bin\Tests\UnitTests.iCore.Public.Entities.dll" adapterTypeName="Microsoft.VisualStudio.TestTools.TestTypes.Unit.UnitTestAdapter" className="UnitTests.iCore.Public.Entities.EventTypeTests" name="IEventType_Implemented_Verified" />
    </UnitTest>
    <UnitTest name="IEventType_TypeConversionToEventTypeIDValue_Verified" storage="f:\etwork\bin\tests\unittests.icore.public.entities.dll" id="4b319d13-c4f6-5025-04e9-c1ed60dd3c1e">
      <Execution id="f85e6f21-81bc-41c1-b0e7-706e4e92ca6a" />
      <TestMethod codeBase="F:\ETWork\bin\Tests\UnitTests.iCore.Public.Entities.dll" adapterTypeName="Microsoft.VisualStudio.TestTools.TestTypes.Unit.UnitTestAdapter" className="UnitTests.iCore.Public.Entities.EventTypeTests" name="IEventType_TypeConversionToEventTypeIDValue_Verified" />
    </UnitTest>
    <UnitTest name="IEventType_TypeConversionToUnsupportedType_Verified" storage="f:\etwork\bin\tests\unittests.icore.public.entities.dll" id="5d31362d-1993-ea27-1af3-9728392b1678">
      <Execution id="fe43861b-142a-4f91-895f-ba11ec40e289" />
      <TestMethod codeBase="F:\ETWork\bin\Tests\UnitTests.iCore.Public.Entities.dll" adapterTypeName="Microsoft.VisualStudio.TestTools.TestTypes.Unit.UnitTestAdapter" className="UnitTests.iCore.Public.Entities.EventTypeTests" name="IEventType_TypeConversionToUnsupportedType_Verified" />
    </UnitTest>
    <UnitTest name="Test_BinarySerialization" storage="f:\etwork\bin\tests\unittests.icore.public.entities.dll" id="65c73324-4cd7-6977-1866-2400194bf3cd">
      <Execution id="7f81c065-f579-42df-92b7-6ea0036e9d10" />
      <TestMethod codeBase="F:\ETWork\bin\Tests\UnitTests.iCore.Public.Entities.dll" adapterTypeName="Microsoft.VisualStudio.TestTools.TestTypes.Unit.UnitTestAdapter" className="UnitTests.iCore.Public.Entities.EventTypeTests" name="Test_BinarySerialization" />
    </UnitTest>
    <UnitTest name="Test_PublicSystemContext_GetInstanceOfEntity" storage="f:\etwork\bin\tests\unittests.icore.public.entities.dll" id="60558b52-01c6-de35-5654-5e9a0c45cdaa">
      <Execution id="9f95641c-5a1a-43ea-9b51-acf4de82e49c" />
      <TestMethod codeBase="F:\ETWork\bin\Tests\UnitTests.iCore.Public.Entities.dll" adapterTypeName="Microsoft.VisualStudio.TestTools.TestTypes.Unit.UnitTestAdapter" className="UnitTests.iCore.Public.Entities.EventTypeTests" name="Test_PublicSystemContext_GetInstanceOfEntity" />
    </UnitTest>
    <UnitTest name="ITimerEvent_HasCorrectNumberOfMembers" storage="f:\etwork\bin\tests\unittests.icore.public.entities.dll" id="68121f3e-d934-208c-740e-8528d074d869">
      <Execution id="19690402-715a-41fb-bbdd-66a6921c02bb" />
      <TestMethod codeBase="F:\ETWork\bin\Tests\UnitTests.iCore.Public.Entities.dll" adapterTypeName="Microsoft.VisualStudio.TestTools.TestTypes.Unit.UnitTestAdapter" className="UnitTests.iCore.Public.Entities.TimerEventTests" name="ITimerEvent_HasCorrectNumberOfMembers" />
    </UnitTest>
    <UnitTest name="IEntity_Implemented_Verified" storage="f:\etwork\bin\tests\unittests.icore.public.entities.dll" id="dffc1e8f-e2e7-0c82-c071-869a8686c326">
      <Execution id="a81fc0b6-531a-4c6c-a26b-df011c3e8966" />
      <TestMethod codeBase="F:\ETWork\bin\Tests\UnitTests.iCore.Public.Entities.dll" adapterTypeName="Microsoft.VisualStudio.TestTools.TestTypes.Unit.UnitTestAdapter" className="UnitTests.iCore.Public.Entities.TimerEventTests" name="IEntity_Implemented_Verified" />
    </UnitTest>
    <UnitTest name="IGuidKeyEntity_Implemented_Verified" storage="f:\etwork\bin\tests\unittests.icore.public.entities.dll" id="82a209fb-0131-1678-1d35-7ae6776bee41">
      <Execution id="7eeeb442-ed3f-4aec-946e-dfa76c6f3f56" />
      <TestMethod codeBase="F:\ETWork\bin\Tests\UnitTests.iCore.Public.Entities.dll" adapterTypeName="Microsoft.VisualStudio.TestTools.TestTypes.Unit.UnitTestAdapter" className="UnitTests.iCore.Public.Entities.TimerEventTests" name="IGuidKeyEntity_Implemented_Verified" />
    </UnitTest>
    <UnitTest name="ITimerEvent_Implemented_Verified" storage="f:\etwork\bin\tests\unittests.icore.public.entities.dll" id="4554da08-2852-4ecd-ded0-ad0d01142efd">
      <Execution id="6b5339de-df2f-49cd-9beb-a0087fbac073" />
      <TestMethod codeBase="F:\ETWork\bin\Tests\UnitTests.iCore.Public.Entities.dll" adapterTypeName="Microsoft.VisualStudio.TestTools.TestTypes.Unit.UnitTestAdapter" className="UnitTests.iCore.Public.Entities.TimerEventTests" name="ITimerEvent_Implemented_Verified" />
    </UnitTest>
    <UnitTest name="EventType_ReturnsExpectedValue" storage="f:\etwork\bin\tests\unittests.icore.public.entities.dll" id="e41e8783-2063-9731-c1c6-b047d322ecef">
      <Execution id="dd9f96ea-a0dc-4b01-a349-f8030e3ca596" />
      <TestMethod codeBase="F:\ETWork\bin\Tests\UnitTests.iCore.Public.Entities.dll" adapterTypeName="Microsoft.VisualStudio.TestTools.TestTypes.Unit.UnitTestAdapter" className="UnitTests.iCore.Public.Entities.TimerEventTests" name="EventType_ReturnsExpectedValue" />
    </UnitTest>
    <UnitTest name="Timer_ReturnsExpectedValue" storage="f:\etwork\bin\tests\unittests.icore.public.entities.dll" id="d7c21bab-2b87-cd06-3714-b3507f171fa7">
      <Execution id="43aedba0-de14-4b9c-b297-cbc91f13d685" />
      <TestMethod codeBase="F:\ETWork\bin\Tests\UnitTests.iCore.Public.Entities.dll" adapterTypeName="Microsoft.VisualStudio.TestTools.TestTypes.Unit.UnitTestAdapter" className="UnitTests.iCore.Public.Entities.TimerEventTests" name="Timer_ReturnsExpectedValue" />
    </UnitTest>
    <UnitTest name="Priority_ReturnsExpectedValue" storage="f:\etwork\bin\tests\unittests.icore.public.entities.dll" id="721b5ff4-e550-2bb8-3774-5ea7429a1fef">
      <Execution id="370a918d-f21b-41ad-a876-e16a06006360" />
      <TestMethod codeBase="F:\ETWork\bin\Tests\UnitTests.iCore.Public.Entities.dll" adapterTypeName="Microsoft.VisualStudio.TestTools.TestTypes.Unit.UnitTestAdapter" className="UnitTests.iCore.Public.Entities.TimerEventTests" name="Priority_ReturnsExpectedValue" />
    </UnitTest>
    <UnitTest name="Test_BinarySerialization" storage="f:\etwork\bin\tests\unittests.icore.public.entities.dll" id="62644e28-1a95-cd93-53ef-add7539bc633">
      <Execution id="9a3c6146-9709-4fab-8a2a-23b5c752b120" />
      <TestMethod codeBase="F:\ETWork\bin\Tests\UnitTests.iCore.Public.Entities.dll" adapterTypeName="Microsoft.VisualStudio.TestTools.TestTypes.Unit.UnitTestAdapter" className="UnitTests.iCore.Public.Entities.TimerEventTests" name="Test_BinarySerialization" />
    </UnitTest>
    <UnitTest name="ITimer_HasCorrectNumberOfMembers" storage="f:\etwork\bin\tests\unittests.icore.public.entities.dll" id="135ea9d3-6372-f97c-592f-cb448c0ab7fa">
      <Execution id="af894296-4029-4a88-a18a-5388be64300d" />
      <TestMethod codeBase="F:\ETWork\bin\Tests\UnitTests.iCore.Public.Entities.dll" adapterTypeName="Microsoft.VisualStudio.TestTools.TestTypes.Unit.UnitTestAdapter" className="UnitTests.iCore.Public.Entities.TimerTests" name="ITimer_HasCorrectNumberOfMembers" />
    </UnitTest>
    <UnitTest name="IEntity_Implemented_Verified" storage="f:\etwork\bin\tests\unittests.icore.public.entities.dll" id="99b956c5-7196-223f-274f-ade0ac367e71">
      <Execution id="2ed05aff-f39b-4ef6-9f0f-03326a36c440" />
      <TestMethod codeBase="F:\ETWork\bin\Tests\UnitTests.iCore.Public.Entities.dll" adapterTypeName="Microsoft.VisualStudio.TestTools.TestTypes.Unit.UnitTestAdapter" className="UnitTests.iCore.Public.Entities.TimerTests" name="IEntity_Implemented_Verified" />
    </UnitTest>
    <UnitTest name="IGuidKeyEntity_Implemented_Verified" storage="f:\etwork\bin\tests\unittests.icore.public.entities.dll" id="bd2a2e21-9296-a1e9-e4c1-7af084c63d52">
      <Execution id="0c69e9fa-eb32-4d1b-8c4f-97cbf71ee3d8" />
      <TestMethod codeBase="F:\ETWork\bin\Tests\UnitTests.iCore.Public.Entities.dll" adapterTypeName="Microsoft.VisualStudio.TestTools.TestTypes.Unit.UnitTestAdapter" className="UnitTests.iCore.Public.Entities.TimerTests" name="IGuidKeyEntity_Implemented_Verified" />
    </UnitTest>
    <UnitTest name="INamedEntity_Implemented_Verified" storage="f:\etwork\bin\tests\unittests.icore.public.entities.dll" id="d21668bd-9cfe-7228-6134-58e7a06a9ca3">
      <Execution id="ee54e67f-7845-424a-9466-83d53bdf5611" />
      <TestMethod codeBase="F:\ETWork\bin\Tests\UnitTests.iCore.Public.Entities.dll" adapterTypeName="Microsoft.VisualStudio.TestTools.TestTypes.Unit.UnitTestAdapter" className="UnitTests.iCore.Public.Entities.TimerTests" name="INamedEntity_Implemented_Verified" />
    </UnitTest>
    <UnitTest name="IDescriptiveEntity_Implemented_Verified" storage="f:\etwork\bin\tests\unittests.icore.public.entities.dll" id="35aabd8a-41bf-240a-20de-50978d10232b">
      <Execution id="4a5cde7c-a6d7-4661-b774-387b39f2eca8" />
      <TestMethod codeBase="F:\ETWork\bin\Tests\UnitTests.iCore.Public.Entities.dll" adapterTypeName="Microsoft.VisualStudio.TestTools.TestTypes.Unit.UnitTestAdapter" className="UnitTests.iCore.Public.Entities.TimerTests" name="IDescriptiveEntity_Implemented_Verified" />
    </UnitTest>
    <UnitTest name="ITimer_Implemented_Verified" storage="f:\etwork\bin\tests\unittests.icore.public.entities.dll" id="5a26ba53-010e-e7fa-4d8b-651ab7961185">
      <Execution id="f0b7f17f-dba4-48e0-9975-ad72024bcf7a" />
      <TestMethod codeBase="F:\ETWork\bin\Tests\UnitTests.iCore.Public.Entities.dll" adapterTypeName="Microsoft.VisualStudio.TestTools.TestTypes.Unit.UnitTestAdapter" className="UnitTests.iCore.Public.Entities.TimerTests" name="ITimer_Implemented_Verified" />
    </UnitTest>
    <UnitTest name="ICategorizableEntity_Implemented_Verified" storage="f:\etwork\bin\tests\unittests.icore.public.entities.dll" id="bbfac13b-0d61-7a52-f399-5f9bd8d04d26">
      <Execution id="fc65de01-3be0-4c3c-befe-9a236e97a410" />
      <TestMethod codeBase="F:\ETWork\bin\Tests\UnitTests.iCore.Public.Entities.dll" adapterTypeName="Microsoft.VisualStudio.TestTools.TestTypes.Unit.UnitTestAdapter" className="UnitTests.iCore.Public.Entities.TimerTests" name="ICategorizableEntity_Implemented_Verified" />
    </UnitTest>
    <UnitTest name="IntervalType_ReturnsExpctedValue" storage="f:\etwork\bin\tests\unittests.icore.public.entities.dll" id="b8ad52bd-eaf1-70ee-719e-d8fd55d6c33d">
      <Execution id="c027d961-edcc-4ae9-87c9-202f9da14096" />
      <TestMethod codeBase="F:\ETWork\bin\Tests\UnitTests.iCore.Public.Entities.dll" adapterTypeName="Microsoft.VisualStudio.TestTools.TestTypes.Unit.UnitTestAdapter" className="UnitTests.iCore.Public.Entities.TimerTests" name="IntervalType_ReturnsExpctedValue" />
    </UnitTest>
    <UnitTest name="ValidWeekDays_ReturnsExpctedValue" storage="f:\etwork\bin\tests\unittests.icore.public.entities.dll" id="a787ebc9-c1db-7c46-1ca6-ebdf0ea59b2d">
      <Execution id="34cd3bec-a6ea-44cb-9b89-a04b339ec30f" />
      <TestMethod codeBase="F:\ETWork\bin\Tests\UnitTests.iCore.Public.Entities.dll" adapterTypeName="Microsoft.VisualStudio.TestTools.TestTypes.Unit.UnitTestAdapter" className="UnitTests.iCore.Public.Entities.TimerTests" name="ValidWeekDays_ReturnsExpctedValue" />
    </UnitTest>
    <UnitTest name="Interval_ReturnsExpectedValue" storage="f:\etwork\bin\tests\unittests.icore.public.entities.dll" id="91e87e4c-3c8e-f245-8e76-b909eb6df8df">
      <Execution id="091be9b8-7cb7-4cde-a626-9f0fa9cd8f42" />
      <TestMethod codeBase="F:\ETWork\bin\Tests\UnitTests.iCore.Public.Entities.dll" adapterTypeName="Microsoft.VisualStudio.TestTools.TestTypes.Unit.UnitTestAdapter" className="UnitTests.iCore.Public.Entities.TimerTests" name="Interval_ReturnsExpectedValue" />
    </UnitTest>
    <UnitTest name="ValidDaysOfMonth_ReturnsExpectedValue" storage="f:\etwork\bin\tests\unittests.icore.public.entities.dll" id="94760faf-0be4-e719-b87e-bee8162d699c">
      <Execution id="4c376d8f-19fa-4a8f-9e12-5f2412d171bd" />
      <TestMethod codeBase="F:\ETWork\bin\Tests\UnitTests.iCore.Public.Entities.dll" adapterTypeName="Microsoft.VisualStudio.TestTools.TestTypes.Unit.UnitTestAdapter" className="UnitTests.iCore.Public.Entities.TimerTests" name="ValidDaysOfMonth_ReturnsExpectedValue" />
    </UnitTest>
    <UnitTest name="TimerEvents_ReturnsExpectedValue" storage="f:\etwork\bin\tests\unittests.icore.public.entities.dll" id="7e994d8f-5a23-da47-9501-3819bb5a7a6b">
      <Execution id="952e3639-c69e-4e17-a815-67393e4627d7" />
      <TestMethod codeBase="F:\ETWork\bin\Tests\UnitTests.iCore.Public.Entities.dll" adapterTypeName="Microsoft.VisualStudio.TestTools.TestTypes.Unit.UnitTestAdapter" className="UnitTests.iCore.Public.Entities.TimerTests" name="TimerEvents_ReturnsExpectedValue" />
    </UnitTest>
    <UnitTest name="Active_ReturnsExpectedValue" storage="f:\etwork\bin\tests\unittests.icore.public.entities.dll" id="7548949a-86ed-121f-47f1-79c04dce947b">
      <Execution id="2a30879c-b1d9-4b0b-98d7-380b9a5cb8ff" />
      <TestMethod codeBase="F:\ETWork\bin\Tests\UnitTests.iCore.Public.Entities.dll" adapterTypeName="Microsoft.VisualStudio.TestTools.TestTypes.Unit.UnitTestAdapter" className="UnitTests.iCore.Public.Entities.TimerTests" name="Active_ReturnsExpectedValue" />
    </UnitTest>
    <UnitTest name="ValidFromTimeOfDay_ReturnsExpectedValue" storage="f:\etwork\bin\tests\unittests.icore.public.entities.dll" id="0713fc24-5f56-188b-61bc-ff589b97bf61">
      <Execution id="1691dd60-fa23-4297-b5bb-1c688818d983" />
      <TestMethod codeBase="F:\ETWork\bin\Tests\UnitTests.iCore.Public.Entities.dll" adapterTypeName="Microsoft.VisualStudio.TestTools.TestTypes.Unit.UnitTestAdapter" className="UnitTests.iCore.Public.Entities.TimerTests" name="ValidFromTimeOfDay_ReturnsExpectedValue" />
    </UnitTest>
    <UnitTest name="ValidToTimeOfDay_ReturnsExpectedValue" storage="f:\etwork\bin\tests\unittests.icore.public.entities.dll" id="59a5a761-416b-6b01-aca1-a8b6021b4534">
      <Execution id="691bba79-6bf2-4fc7-949c-8b180848fadc" />
      <TestMethod codeBase="F:\ETWork\bin\Tests\UnitTests.iCore.Public.Entities.dll" adapterTypeName="Microsoft.VisualStudio.TestTools.TestTypes.Unit.UnitTestAdapter" className="UnitTests.iCore.Public.Entities.TimerTests" name="ValidToTimeOfDay_ReturnsExpectedValue" />
    </UnitTest>
    <UnitTest name="LastFired_ReturnsExpectedValue" storage="f:\etwork\bin\tests\unittests.icore.public.entities.dll" id="b19f8b3e-63b3-3450-a4da-d2510fbbc9c5">
      <Execution id="d8aa0d12-6c73-4959-ac2f-36b918282fc0" />
      <TestMethod codeBase="F:\ETWork\bin\Tests\UnitTests.iCore.Public.Entities.dll" adapterTypeName="Microsoft.VisualStudio.TestTools.TestTypes.Unit.UnitTestAdapter" className="UnitTests.iCore.Public.Entities.TimerTests" name="LastFired_ReturnsExpectedValue" />
    </UnitTest>
    <UnitTest name="ValidWeekDays_ReturnsExpectedValue" storage="f:\etwork\bin\tests\unittests.icore.public.entities.dll" id="42184bba-5aa5-9c54-a8cb-e8c7fba0b66a">
      <Execution id="045db723-388d-43b4-ac85-1b0ebbc89fb8" />
      <TestMethod codeBase="F:\ETWork\bin\Tests\UnitTests.iCore.Public.Entities.dll" adapterTypeName="Microsoft.VisualStudio.TestTools.TestTypes.Unit.UnitTestAdapter" className="UnitTests.iCore.Public.Entities.TimerTests" name="ValidWeekDays_ReturnsExpectedValue" />
    </UnitTest>
    <UnitTest name="Test_BinarySerialization" storage="f:\etwork\bin\tests\unittests.icore.public.entities.dll" id="4f5fabf8-a3d9-bd80-2c6e-5f6bb113c7ec">
      <Execution id="290a8c04-70e7-4312-93ee-00baa652611c" />
      <TestMethod codeBase="F:\ETWork\bin\Tests\UnitTests.iCore.Public.Entities.dll" adapterTypeName="Microsoft.VisualStudio.TestTools.TestTypes.Unit.UnitTestAdapter" className="UnitTests.iCore.Public.Entities.TimerTests" name="Test_BinarySerialization" />
    </UnitTest>
    <UnitTest name="Test_PublicSystemContext_GetInstanceOfEntity" storage="f:\etwork\bin\tests\unittests.icore.public.entities.dll" id="a20c9152-010c-ce0e-3458-f88a0ca4bc63">
      <Execution id="c35267e0-3a1c-4de7-8c83-0cf912fd5d69" />
      <TestMethod codeBase="F:\ETWork\bin\Tests\UnitTests.iCore.Public.Entities.dll" adapterTypeName="Microsoft.VisualStudio.TestTools.TestTypes.Unit.UnitTestAdapter" className="UnitTests.iCore.Public.Entities.TimerTests" name="Test_PublicSystemContext_GetInstanceOfEntity" />
    </UnitTest>
    <UnitTest name="IUserData_Implemented_Verified" storage="f:\etwork\bin\tests\unittests.icore.public.entities.dll" id="adcf8d00-2c61-2c50-c0e3-46dbaf64bca3">
      <Execution id="a3e3b62d-ea70-415c-a1be-aa923d7c7f6d" />
      <TestMethod codeBase="F:\ETWork\bin\Tests\UnitTests.iCore.Public.Entities.dll" adapterTypeName="Microsoft.VisualStudio.TestTools.TestTypes.Unit.UnitTestAdapter" className="UnitTests.iCore.Public.Entities.UserTests" name="IUserData_Implemented_Verified" />
    </UnitTest>
    <UnitTest name="IEntity_Implemented_Verified" storage="f:\etwork\bin\tests\unittests.icore.public.entities.dll" id="39927b87-4809-0329-4c12-91e77aaa45c3">
      <Execution id="f1e94e39-e545-4492-801c-5b69556a6bd0" />
      <TestMethod codeBase="F:\ETWork\bin\Tests\UnitTests.iCore.Public.Entities.dll" adapterTypeName="Microsoft.VisualStudio.TestTools.TestTypes.Unit.UnitTestAdapter" className="UnitTests.iCore.Public.Entities.UserTests" name="IEntity_Implemented_Verified" />
    </UnitTest>
    <UnitTest name="IDescriptiveEntity_Implemented_Verified" storage="f:\etwork\bin\tests\unittests.icore.public.entities.dll" id="9b5757ce-0aad-e3d1-affc-20bcfedf02f4">
      <Execution id="9169057d-dc07-438c-9805-a4e3736fd10d" />
      <TestMethod codeBase="F:\ETWork\bin\Tests\UnitTests.iCore.Public.Entities.dll" adapterTypeName="Microsoft.VisualStudio.TestTools.TestTypes.Unit.UnitTestAdapter" className="UnitTests.iCore.Public.Entities.UserTests" name="IDescriptiveEntity_Implemented_Verified" />
    </UnitTest>
    <UnitTest name="INamedEntity_Implemented_Verified" storage="f:\etwork\bin\tests\unittests.icore.public.entities.dll" id="5585d980-c9c3-1e71-0a44-008e4e152e76">
      <Execution id="14312e99-c48f-4080-9158-6a6ab865d8e1" />
      <TestMethod codeBase="F:\ETWork\bin\Tests\UnitTests.iCore.Public.Entities.dll" adapterTypeName="Microsoft.VisualStudio.TestTools.TestTypes.Unit.UnitTestAdapter" className="UnitTests.iCore.Public.Entities.UserTests" name="INamedEntity_Implemented_Verified" />
    </UnitTest>
    <UnitTest name="IGuidKeyEntity_Implemented_Verified" storage="f:\etwork\bin\tests\unittests.icore.public.entities.dll" id="f9073176-46df-d64a-1e4f-be75384c3c59">
      <Execution id="ba6eff91-aa0e-4475-bcc7-81d57ea46026" />
      <TestMethod codeBase="F:\ETWork\bin\Tests\UnitTests.iCore.Public.Entities.dll" adapterTypeName="Microsoft.VisualStudio.TestTools.TestTypes.Unit.UnitTestAdapter" className="UnitTests.iCore.Public.Entities.UserTests" name="IGuidKeyEntity_Implemented_Verified" />
    </UnitTest>
    <UnitTest name="IUser_Implemented_Verified" storage="f:\etwork\bin\tests\unittests.icore.public.entities.dll" id="c5b1ca63-3000-8456-9835-0b2c04bcc7e2">
      <Execution id="6b056814-6253-4ff3-85b4-1d130e2ffad7" />
      <TestMethod codeBase="F:\ETWork\bin\Tests\UnitTests.iCore.Public.Entities.dll" adapterTypeName="Microsoft.VisualStudio.TestTools.TestTypes.Unit.UnitTestAdapter" className="UnitTests.iCore.Public.Entities.UserTests" name="IUser_Implemented_Verified" />
    </UnitTest>
    <UnitTest name="Test_BinarySerialization" storage="f:\etwork\bin\tests\unittests.icore.public.entities.dll" id="437dfa8b-d2e0-aa65-db4b-da3748f7e35a">
      <Execution id="439797b5-13b5-4b36-a449-549d9fa365eb" />
      <TestMethod codeBase="F:\ETWork\bin\Tests\UnitTests.iCore.Public.Entities.dll" adapterTypeName="Microsoft.VisualStudio.TestTools.TestTypes.Unit.UnitTestAdapter" className="UnitTests.iCore.Public.Entities.UserTests" name="Test_BinarySerialization" />
    </UnitTest>
    <UnitTest name="Test_PublicSystemContext_GetInstanceOfEntity" storage="f:\etwork\bin\tests\unittests.icore.public.entities.dll" id="b3041ce5-acea-0d0c-0878-71ed3938a6a6">
      <Execution id="00f93d52-e7d6-47c5-97ff-73baf480f18d" />
      <TestMethod codeBase="F:\ETWork\bin\Tests\UnitTests.iCore.Public.Entities.dll" adapterTypeName="Microsoft.VisualStudio.TestTools.TestTypes.Unit.UnitTestAdapter" className="UnitTests.iCore.Public.Entities.UserTests" name="Test_PublicSystemContext_GetInstanceOfEntity" />
    </UnitTest>
    <UnitTest name="IEntity_Implemented_Verified" storage="f:\etwork\bin\tests\unittests.icore.public.entities.dll" id="6b3211a7-96b3-7ccb-9ced-fc6569a6ddde">
      <Execution id="5f05ff9c-b8dd-40e8-ad70-0f013a5c9318" />
      <TestMethod codeBase="F:\ETWork\bin\Tests\UnitTests.iCore.Public.Entities.dll" adapterTypeName="Microsoft.VisualStudio.TestTools.TestTypes.Unit.UnitTestAdapter" className="UnitTests.iCore.Public.Entities.WebServiceDefinitionTests" name="IEntity_Implemented_Verified" />
    </UnitTest>
    <UnitTest name="IDescriptiveEntity_Implemented_Verified" storage="f:\etwork\bin\tests\unittests.icore.public.entities.dll" id="ba073b9c-cc8d-31f2-de05-bd5c4cd4aa80">
      <Execution id="749f4827-00b0-4b34-a986-55c6be523246" />
      <TestMethod codeBase="F:\ETWork\bin\Tests\UnitTests.iCore.Public.Entities.dll" adapterTypeName="Microsoft.VisualStudio.TestTools.TestTypes.Unit.UnitTestAdapter" className="UnitTests.iCore.Public.Entities.WebServiceDefinitionTests" name="IDescriptiveEntity_Implemented_Verified" />
    </UnitTest>
    <UnitTest name="INamedEntity_Implemented_Verified" storage="f:\etwork\bin\tests\unittests.icore.public.entities.dll" id="0cc2aed5-fe0b-1444-066f-d2dd39fc4591">
      <Execution id="65c15995-2163-43ef-9be2-81bd5a8b0846" />
      <TestMethod codeBase="F:\ETWork\bin\Tests\UnitTests.iCore.Public.Entities.dll" adapterTypeName="Microsoft.VisualStudio.TestTools.TestTypes.Unit.UnitTestAdapter" className="UnitTests.iCore.Public.Entities.WebServiceDefinitionTests" name="INamedEntity_Implemented_Verified" />
    </UnitTest>
    <UnitTest name="IGuidKeyEntity_Implemented_Verified" storage="f:\etwork\bin\tests\unittests.icore.public.entities.dll" id="663efa45-e772-506f-273e-fb98bc8bbd47">
      <Execution id="670af56d-29cf-4204-bb90-b9500252129a" />
      <TestMethod codeBase="F:\ETWork\bin\Tests\UnitTests.iCore.Public.Entities.dll" adapterTypeName="Microsoft.VisualStudio.TestTools.TestTypes.Unit.UnitTestAdapter" className="UnitTests.iCore.Public.Entities.WebServiceDefinitionTests" name="IGuidKeyEntity_Implemented_Verified" />
    </UnitTest>
    <UnitTest name="ICompilableEntity_Implemented_Verified" storage="f:\etwork\bin\tests\unittests.icore.public.entities.dll" id="d292583c-2958-906c-e28b-f4acefac03c7">
      <Execution id="e6339b6a-f7d8-4d1c-a7e8-7c431de19d1d" />
      <TestMethod codeBase="F:\ETWork\bin\Tests\UnitTests.iCore.Public.Entities.dll" adapterTypeName="Microsoft.VisualStudio.TestTools.TestTypes.Unit.UnitTestAdapter" className="UnitTests.iCore.Public.Entities.WebServiceDefinitionTests" name="ICompilableEntity_Implemented_Verified" />
    </UnitTest>
    <UnitTest name="IWebServiceDefinition_Implemented_Verified" storage="f:\etwork\bin\tests\unittests.icore.public.entities.dll" id="d96db7fd-5616-44e3-1f17-5e295d15199f">
      <Execution id="28aa2ee6-0d7b-444b-8a0a-bddc262213a7" />
      <TestMethod codeBase="F:\ETWork\bin\Tests\UnitTests.iCore.Public.Entities.dll" adapterTypeName="Microsoft.VisualStudio.TestTools.TestTypes.Unit.UnitTestAdapter" className="UnitTests.iCore.Public.Entities.WebServiceDefinitionTests" name="IWebServiceDefinition_Implemented_Verified" />
    </UnitTest>
    <UnitTest name="ICategorizableEntity_Implemented_Verified" storage="f:\etwork\bin\tests\unittests.icore.public.entities.dll" id="0e27d9e7-1246-1e69-34fb-4392793538e3">
      <Execution id="947675ef-963c-4f36-8fc9-8550aa97c94e" />
      <TestMethod codeBase="F:\ETWork\bin\Tests\UnitTests.iCore.Public.Entities.dll" adapterTypeName="Microsoft.VisualStudio.TestTools.TestTypes.Unit.UnitTestAdapter" className="UnitTests.iCore.Public.Entities.WebServiceDefinitionTests" name="ICategorizableEntity_Implemented_Verified" />
    </UnitTest>
    <UnitTest name="Test_BinarySerialization" storage="f:\etwork\bin\tests\unittests.icore.public.entities.dll" id="07e004c1-e1bd-da0d-4ba7-202f04b35407">
      <Execution id="c6cacc72-bc94-46e0-b283-48ec831474b6" />
      <TestMethod codeBase="F:\ETWork\bin\Tests\UnitTests.iCore.Public.Entities.dll" adapterTypeName="Microsoft.VisualStudio.TestTools.TestTypes.Unit.UnitTestAdapter" className="UnitTests.iCore.Public.Entities.WebServiceDefinitionTests" name="Test_BinarySerialization" />
    </UnitTest>
    <UnitTest name="Test_PublicSystemContext_GetInstanceOfEntity" storage="f:\etwork\bin\tests\unittests.icore.public.entities.dll" id="a56bfe24-6690-ae5c-f819-2167a5266c5d">
      <Execution id="817a5e7f-f859-4771-ac63-8135f625933a" />
      <TestMethod codeBase="F:\ETWork\bin\Tests\UnitTests.iCore.Public.Entities.dll" adapterTypeName="Microsoft.VisualStudio.TestTools.TestTypes.Unit.UnitTestAdapter" className="UnitTests.iCore.Public.Entities.WebServiceDefinitionTests" name="Test_PublicSystemContext_GetInstanceOfEntity" />
    </UnitTest>
    <UnitTest name="IEntity_Implemented_Verified" storage="f:\etwork\bin\tests\unittests.icore.public.entities.dll" id="a3bf3720-1d09-0e5b-1272-8da853b04168">
      <Execution id="8fd72078-a0a0-4f70-9d76-c5c75a541367" />
      <TestMethod codeBase="F:\ETWork\bin\Tests\UnitTests.iCore.Public.Entities.dll" adapterTypeName="Microsoft.VisualStudio.TestTools.TestTypes.Unit.UnitTestAdapter" className="UnitTests.iCore.Public.Entities.WorkflowTests" name="IEntity_Implemented_Verified" />
    </UnitTest>
    <UnitTest name="IDescriptiveEntity_Implemented_Verified" storage="f:\etwork\bin\tests\unittests.icore.public.entities.dll" id="7ba68468-585f-f579-3264-49f0f27800bc">
      <Execution id="f079461b-a85b-42bf-86f9-c4febd1ef226" />
      <TestMethod codeBase="F:\ETWork\bin\Tests\UnitTests.iCore.Public.Entities.dll" adapterTypeName="Microsoft.VisualStudio.TestTools.TestTypes.Unit.UnitTestAdapter" className="UnitTests.iCore.Public.Entities.WorkflowTests" name="IDescriptiveEntity_Implemented_Verified" />
    </UnitTest>
    <UnitTest name="INamedEntity_Implemented_Verified" storage="f:\etwork\bin\tests\unittests.icore.public.entities.dll" id="d2b5d421-4a7f-9da2-8607-76c7d64e4f03">
      <Execution id="aa2b5ba5-bd83-4ddc-9626-52ce8b48e6f7" />
      <TestMethod codeBase="F:\ETWork\bin\Tests\UnitTests.iCore.Public.Entities.dll" adapterTypeName="Microsoft.VisualStudio.TestTools.TestTypes.Unit.UnitTestAdapter" className="UnitTests.iCore.Public.Entities.WorkflowTests" name="INamedEntity_Implemented_Verified" />
    </UnitTest>
    <UnitTest name="ICategorizableEntity_Implemented_Verified" storage="f:\etwork\bin\tests\unittests.icore.public.entities.dll" id="065b898b-283e-26a6-c073-163c50e33f62">
      <Execution id="8ae9d921-1e84-4dbf-a465-186eae144f89" />
      <TestMethod codeBase="F:\ETWork\bin\Tests\UnitTests.iCore.Public.Entities.dll" adapterTypeName="Microsoft.VisualStudio.TestTools.TestTypes.Unit.UnitTestAdapter" className="UnitTests.iCore.Public.Entities.WorkflowTests" name="ICategorizableEntity_Implemented_Verified" />
    </UnitTest>
    <UnitTest name="IGuidKeyEntity_Implemented_Verified" storage="f:\etwork\bin\tests\unittests.icore.public.entities.dll" id="0953f437-9899-2f69-05d9-edba4e4283ec">
      <Execution id="4f0a0944-7dc2-46f4-8b1f-b4ecc8d70c58" />
      <TestMethod codeBase="F:\ETWork\bin\Tests\UnitTests.iCore.Public.Entities.dll" adapterTypeName="Microsoft.VisualStudio.TestTools.TestTypes.Unit.UnitTestAdapter" className="UnitTests.iCore.Public.Entities.WorkflowTests" name="IGuidKeyEntity_Implemented_Verified" />
    </UnitTest>
    <UnitTest name="ICompilableEntity_Implemented_Verified" storage="f:\etwork\bin\tests\unittests.icore.public.entities.dll" id="e28cf245-7cbf-d448-6ead-1e894e5bc590">
      <Execution id="189589fe-2ed8-4b2c-98cb-1fdfa4f33f94" />
      <TestMethod codeBase="F:\ETWork\bin\Tests\UnitTests.iCore.Public.Entities.dll" adapterTypeName="Microsoft.VisualStudio.TestTools.TestTypes.Unit.UnitTestAdapter" className="UnitTests.iCore.Public.Entities.WorkflowTests" name="ICompilableEntity_Implemented_Verified" />
    </UnitTest>
    <UnitTest name="IWorkflow_Implemented_Verified" storage="f:\etwork\bin\tests\unittests.icore.public.entities.dll" id="562d80d4-6ca6-10ce-46f3-b78854091450">
      <Execution id="7d141bfa-b78f-4ee2-a500-0c3b2e909ea9" />
      <TestMethod codeBase="F:\ETWork\bin\Tests\UnitTests.iCore.Public.Entities.dll" adapterTypeName="Microsoft.VisualStudio.TestTools.TestTypes.Unit.UnitTestAdapter" className="UnitTests.iCore.Public.Entities.WorkflowTests" name="IWorkflow_Implemented_Verified" />
    </UnitTest>
    <UnitTest name="Test_BinarySerialization" storage="f:\etwork\bin\tests\unittests.icore.public.entities.dll" id="a3cec5a3-daea-a8e0-2c94-b5f0e3a0515b">
      <Execution id="c312d653-82ce-4740-b15f-e740e349f4c2" />
      <TestMethod codeBase="F:\ETWork\bin\Tests\UnitTests.iCore.Public.Entities.dll" adapterTypeName="Microsoft.VisualStudio.TestTools.TestTypes.Unit.UnitTestAdapter" className="UnitTests.iCore.Public.Entities.WorkflowTests" name="Test_BinarySerialization" />
    </UnitTest>
    <UnitTest name="Test_PublicSystemContext_GetInstanceOfEntity" storage="f:\etwork\bin\tests\unittests.icore.public.entities.dll" id="733e8112-42e0-276d-475d-32d4eecc47ee">
      <Execution id="cb13c5bf-fd9b-4bf3-bab6-b3737d6b6929" />
      <TestMethod codeBase="F:\ETWork\bin\Tests\UnitTests.iCore.Public.Entities.dll" adapterTypeName="Microsoft.VisualStudio.TestTools.TestTypes.Unit.UnitTestAdapter" className="UnitTests.iCore.Public.Entities.WorkflowTests" name="Test_PublicSystemContext_GetInstanceOfEntity" />
    </UnitTest>
  </TestDefinitions>
  <TestEntries>
    <TestEntry testId="124e003c-c90b-3dfd-0c03-846569656826" executionId="6cf4a419-1c36-4c5b-899f-bbde8589e877" testListId="8c84fa94-04c1-424b-9868-57a2d4851a1d" />
    <TestEntry testId="59b3a6b7-a1ca-4ccc-f508-8cf2c055203e" executionId="f9265a9c-3439-4397-bbd2-7db32d7bcc96" testListId="8c84fa94-04c1-424b-9868-57a2d4851a1d" />
    <TestEntry testId="235b1afa-8c2f-b652-0785-1217882f9936" executionId="a8eb0307-69c0-4080-a583-f60b3bb25c57" testListId="8c84fa94-04c1-424b-9868-57a2d4851a1d" />
    <TestEntry testId="e6dd6423-c123-a1dd-f18b-2834d7c53cb6" executionId="8d0695df-a77a-4213-92d5-3ffc0e5c61bb" testListId="8c84fa94-04c1-424b-9868-57a2d4851a1d" />
    <TestEntry testId="d6f172af-6510-919b-4c6d-14b9d69951fd" executionId="ebf9109b-8497-4303-a205-7ab6683f7a3d" testListId="8c84fa94-04c1-424b-9868-57a2d4851a1d" />
    <TestEntry testId="c334e47c-299c-e55c-1b5e-d38a90fe1916" executionId="9c306b6a-0cfd-40fc-b8a2-174f3394a719" testListId="8c84fa94-04c1-424b-9868-57a2d4851a1d" />
    <TestEntry testId="0f77a47a-c6e9-4ac4-f5da-dd9a3d9b8d54" executionId="02cc9357-60f6-4400-b4bf-e762fd63b6d2" testListId="8c84fa94-04c1-424b-9868-57a2d4851a1d" />
    <TestEntry testId="57639dd2-3606-b124-69bb-9533923a33e7" executionId="32a8a454-2496-49ca-8e6c-d95a27de42e0" testListId="8c84fa94-04c1-424b-9868-57a2d4851a1d" />
    <TestEntry testId="c8407564-615e-1196-36e7-444b37ff6d40" executionId="e454b6b1-2d93-4e98-8273-9306f9911db5" testListId="8c84fa94-04c1-424b-9868-57a2d4851a1d" />
    <TestEntry testId="7e20190b-6a72-e28b-0239-9892a8c412b7" executionId="3751bf21-0d3c-4e62-8b42-0e52db0f3853" testListId="8c84fa94-04c1-424b-9868-57a2d4851a1d" />
    <TestEntry testId="a02a6708-ba38-3a18-4f3d-496ddfce62a6" executionId="83f547df-2f1c-4fbc-92d2-445491f6593f" testListId="8c84fa94-04c1-424b-9868-57a2d4851a1d" />
    <TestEntry testId="b07e02d4-7c6b-2c36-5676-902bfe02037f" executionId="883b5290-7a95-4da8-b643-d855799dfb56" testListId="8c84fa94-04c1-424b-9868-57a2d4851a1d" />
    <TestEntry testId="46c35581-db19-798c-b395-7bdabdd5c4c4" executionId="a86158a6-01b8-4ae8-9818-1ec513291380" testListId="8c84fa94-04c1-424b-9868-57a2d4851a1d" />
    <TestEntry testId="a5112abf-45f8-5098-5fcc-8bc764ded842" executionId="adeec9d7-9dbb-4e03-ab2c-6336d4429744" testListId="8c84fa94-04c1-424b-9868-57a2d4851a1d" />
    <TestEntry testId="6713982c-bc8f-e48d-11b0-4fdf3e4525fc" executionId="728ee22f-c5e6-4049-abc1-ab5f746a1321" testListId="8c84fa94-04c1-424b-9868-57a2d4851a1d" />
    <TestEntry testId="21832c90-708b-4368-9fc9-80ea7845fbba" executionId="76fde002-8749-4700-a078-2d1c39ed14e4" testListId="8c84fa94-04c1-424b-9868-57a2d4851a1d" />
    <TestEntry testId="52c4e48b-f15e-5eb0-9be0-de22613683e9" executionId="94929046-5b1b-4e13-a869-e4d7a2bcea14" testListId="8c84fa94-04c1-424b-9868-57a2d4851a1d" />
    <TestEntry testId="b763c7b6-21dc-29d2-3a2e-590afbc1b580" executionId="777c4e2c-24ed-4f48-85cf-e795a9bf9da0" testListId="8c84fa94-04c1-424b-9868-57a2d4851a1d" />
    <TestEntry testId="61395403-fa50-55fa-9eac-5c66f2d3c6f1" executionId="6e17af32-fb07-4d71-be8c-e02dd1468e35" testListId="8c84fa94-04c1-424b-9868-57a2d4851a1d" />
    <TestEntry testId="536620cd-90fd-9bbd-b51c-b67777872178" executionId="67d026e4-0274-4d73-a628-2fef66c8701d" testListId="8c84fa94-04c1-424b-9868-57a2d4851a1d" />
    <TestEntry testId="c046af74-3841-979a-d4f9-1649b77bc268" executionId="bfb1bec4-81b9-4e63-b9fc-1c0e4fb578a6" testListId="8c84fa94-04c1-424b-9868-57a2d4851a1d" />
    <TestEntry testId="e1693e51-e205-73e2-d0d5-2b48f02138db" executionId="412ca354-de78-48f7-809c-16bbf235c2bd" testListId="8c84fa94-04c1-424b-9868-57a2d4851a1d" />
    <TestEntry testId="4c4d7501-2372-53c7-295a-c3e3bce77265" executionId="e3fe8b49-22c8-447b-9f5b-98820a731414" testListId="8c84fa94-04c1-424b-9868-57a2d4851a1d" />
    <TestEntry testId="1d9a4c7e-b141-3e58-0118-0308dd4bfd89" executionId="01cacc9d-d0dc-4ee6-990c-38ff28d46b81" testListId="8c84fa94-04c1-424b-9868-57a2d4851a1d" />
    <TestEntry testId="41756cc2-7155-e8fe-6e18-648851422f1c" executionId="3fa740c1-c509-4710-83cc-4617975aab88" testListId="8c84fa94-04c1-424b-9868-57a2d4851a1d" />
    <TestEntry testId="497b36ed-5c1e-ac82-12ef-7f81a504daa5" executionId="a20a5972-0a21-4b18-a94d-1bfbb6a3347d" testListId="8c84fa94-04c1-424b-9868-57a2d4851a1d" />
    <TestEntry testId="8d6efb53-e1a7-d15a-6d42-d0ab9fd359c5" executionId="2832f5fc-4908-4e76-bb6a-3879e0b1cad3" testListId="8c84fa94-04c1-424b-9868-57a2d4851a1d" />
    <TestEntry testId="29d152de-4081-5917-f2a9-cdce880894df" executionId="493dbcd2-b304-4bc6-ba77-7ce646a1c94a" testListId="8c84fa94-04c1-424b-9868-57a2d4851a1d" />
    <TestEntry testId="225a058c-5d1f-1aec-5518-aeb188aa1376" executionId="93d05877-76be-4d2a-93e8-f7fb1024c73a" testListId="8c84fa94-04c1-424b-9868-57a2d4851a1d" />
    <TestEntry testId="038ee3e5-ef16-5a39-1f6e-6de189fcfbb1" executionId="687341c6-d95e-4637-885a-b46f4bcb0a2a" testListId="8c84fa94-04c1-424b-9868-57a2d4851a1d" />
    <TestEntry testId="ca250e2c-7f5f-8754-40eb-ec87447faaaa" executionId="0981f98d-c15f-441c-a708-2b6ed81a1733" testListId="8c84fa94-04c1-424b-9868-57a2d4851a1d" />
    <TestEntry testId="7d1970bf-f203-7d6c-0da4-ce5e07f65fbd" executionId="dc673de5-e0c9-42e6-bc23-0291410d3879" testListId="8c84fa94-04c1-424b-9868-57a2d4851a1d" />
    <TestEntry testId="fb403ee5-09c1-cd58-988e-ac6345e8e9cb" executionId="0081810d-3da5-4fab-876c-c916194b98bd" testListId="8c84fa94-04c1-424b-9868-57a2d4851a1d" />
    <TestEntry testId="3149cb9a-4b21-e928-dc38-bcfe6d15ce05" executionId="557b7a43-407a-480d-aded-742eba67fab8" testListId="8c84fa94-04c1-424b-9868-57a2d4851a1d" />
    <TestEntry testId="4dce7576-0d60-1722-5507-f9f5170ffb2d" executionId="4993c59f-6bd0-4caf-99a4-f4c863248e30" testListId="8c84fa94-04c1-424b-9868-57a2d4851a1d" />
    <TestEntry testId="31273757-9855-a95b-e36f-ea7ab98258b3" executionId="cb5d3b42-bdb8-44b6-b876-ea4c13eec78c" testListId="8c84fa94-04c1-424b-9868-57a2d4851a1d" />
    <TestEntry testId="7baebaf3-0a72-4f13-03e3-98b2b9a29ba5" executionId="0107307c-27c0-4c6d-b75c-e0488da5273c" testListId="8c84fa94-04c1-424b-9868-57a2d4851a1d" />
    <TestEntry testId="7883f9b7-db61-36c4-35e8-8415820af3b7" executionId="f7e67725-d8e9-4ed2-a01b-76661239752d" testListId="8c84fa94-04c1-424b-9868-57a2d4851a1d" />
    <TestEntry testId="de2000f5-b818-99f1-5a69-630d5cd24a3c" executionId="852bc7e8-c49d-4526-b9dd-0fd47ae303da" testListId="8c84fa94-04c1-424b-9868-57a2d4851a1d" />
    <TestEntry testId="aa8224e7-cb58-035f-7c90-57455decb3b4" executionId="6cfdec1a-9063-42c6-90f1-651d1a7981f2" testListId="8c84fa94-04c1-424b-9868-57a2d4851a1d" />
    <TestEntry testId="743730ae-5acf-734e-7bf2-e2e2d3231182" executionId="0541cd3e-d624-4144-a750-f81c1ee1375d" testListId="8c84fa94-04c1-424b-9868-57a2d4851a1d" />
    <TestEntry testId="ee7777fc-eee6-bb39-bac7-16f3c9ea5143" executionId="bcfa06b3-8c8a-4ce5-bc01-4f3f2acd033d" testListId="8c84fa94-04c1-424b-9868-57a2d4851a1d" />
    <TestEntry testId="d836b86e-a9a8-1f9d-b886-fd6eba32d597" executionId="475e83c4-420c-4063-82f2-a84b521c5f8e" testListId="8c84fa94-04c1-424b-9868-57a2d4851a1d" />
    <TestEntry testId="128c8aca-b011-6f4b-f904-4c2500219265" executionId="96d0d844-e931-4b13-81f9-c8c7132da832" testListId="8c84fa94-04c1-424b-9868-57a2d4851a1d" />
    <TestEntry testId="298ec52f-dd44-66c2-6d38-fda4777ef2ed" executionId="86ece85a-1a35-4917-8599-72df1d0bd16d" testListId="8c84fa94-04c1-424b-9868-57a2d4851a1d" />
    <TestEntry testId="82846eaa-3352-083c-66a0-904d0b11f226" executionId="2445426f-4451-4b5a-a1ed-26533793999e" testListId="8c84fa94-04c1-424b-9868-57a2d4851a1d" />
    <TestEntry testId="4e2d36bb-1183-810f-b6d4-674373772686" executionId="a038106d-23c0-4622-9db6-27feae1a3242" testListId="8c84fa94-04c1-424b-9868-57a2d4851a1d" />
    <TestEntry testId="d245710b-212a-b5ec-6a2e-1204d9d5ff45" executionId="53c41743-5b30-4696-878e-3a638829e688" testListId="8c84fa94-04c1-424b-9868-57a2d4851a1d" />
    <TestEntry testId="0e2bdf05-dd83-6ee9-277b-661455094310" executionId="7fb94ce8-0042-4dfb-8221-2bb87ef54500" testListId="8c84fa94-04c1-424b-9868-57a2d4851a1d" />
    <TestEntry testId="2f80320e-e70f-14ac-7d28-7c83082742a2" executionId="845d90f4-d64a-4c87-9787-29ba45ceb999" testListId="8c84fa94-04c1-424b-9868-57a2d4851a1d" />
    <TestEntry testId="40d830f0-f6e1-3657-3772-7e65aa86d9da" executionId="1e9f6e35-e721-41ac-8126-d8a4609cf545" testListId="8c84fa94-04c1-424b-9868-57a2d4851a1d" />
    <TestEntry testId="649faa42-8f1c-323d-d45b-2427184cd392" executionId="0938b354-72ea-44f0-b47a-013565f12026" testListId="8c84fa94-04c1-424b-9868-57a2d4851a1d" />
    <TestEntry testId="f330e18a-6b58-81e6-8705-9ab9ec750ed2" executionId="f0854194-6c66-4401-a8f0-c56e6b2ce175" testListId="8c84fa94-04c1-424b-9868-57a2d4851a1d" />
    <TestEntry testId="08d4a18e-a999-9e1e-7551-47f7c4e29294" executionId="8d8baab0-d3c2-46fc-8e9d-8ce48c870c2d" testListId="8c84fa94-04c1-424b-9868-57a2d4851a1d" />
    <TestEntry testId="32e4c42c-10ad-a01b-84ff-3c497ee97e92" executionId="229e471d-5e22-4200-b5c8-e552326d86be" testListId="8c84fa94-04c1-424b-9868-57a2d4851a1d" />
    <TestEntry testId="9c54c37a-f5c9-64a0-69b0-ccde202ebbf4" executionId="1fc39c88-ce46-4147-ab5b-b074a7403f2d" testListId="8c84fa94-04c1-424b-9868-57a2d4851a1d" />
    <TestEntry testId="7e7c06e3-bd7f-585d-a231-51384e55e0c2" executionId="36136acb-3ebe-4c58-a0a7-acf2cf91876a" testListId="8c84fa94-04c1-424b-9868-57a2d4851a1d" />
    <TestEntry testId="4516b7b0-d4b2-4d16-7180-7977d0b0257d" executionId="61c5aa24-c988-4f7f-bc3f-aa56ae7b8200" testListId="8c84fa94-04c1-424b-9868-57a2d4851a1d" />
    <TestEntry testId="3a8fcd38-bc06-5541-dd3e-b9d313b93e11" executionId="c3065af3-6fa7-4e3d-a0ab-1b8b47c5af0c" testListId="8c84fa94-04c1-424b-9868-57a2d4851a1d" />
    <TestEntry testId="3b4ab546-8b26-2331-757f-87b520bed82e" executionId="7149d9a6-6272-4d4e-9a5f-f2751be08bd1" testListId="8c84fa94-04c1-424b-9868-57a2d4851a1d" />
    <TestEntry testId="99927cf1-15d7-d76b-6600-51f8d1e8b1f5" executionId="130c8c6d-fe22-4be5-9ee9-3eb69e77777c" testListId="8c84fa94-04c1-424b-9868-57a2d4851a1d" />
    <TestEntry testId="2f464cb9-d9c8-dd05-690d-a19e3578f0c8" executionId="ed5f733c-641b-4c36-b5f2-2a23ed08e393" testListId="8c84fa94-04c1-424b-9868-57a2d4851a1d" />
    <TestEntry testId="cccef9ce-2210-1108-3382-f46a4a620af2" executionId="70c7774c-8d23-4edb-9be6-85b11d25cc46" testListId="8c84fa94-04c1-424b-9868-57a2d4851a1d" />
    <TestEntry testId="f018abbc-fe00-6681-67d2-48b72168215c" executionId="a57780a2-9ac3-4fa7-96a2-40c4c9a77f60" testListId="8c84fa94-04c1-424b-9868-57a2d4851a1d" />
    <TestEntry testId="86e3ddcd-de54-813f-fcb8-1eaa86c6c7e9" executionId="e7f0aa65-a547-432b-8c55-6c3648aca5e7" testListId="8c84fa94-04c1-424b-9868-57a2d4851a1d" />
    <TestEntry testId="fade5bfe-41c4-e7ef-87b3-0f443cb7818e" executionId="ad4ab90e-43c0-4c84-bc05-dbb3d45e9891" testListId="8c84fa94-04c1-424b-9868-57a2d4851a1d" />
    <TestEntry testId="ab6acf4e-4aa2-af5a-878b-19906ca636d8" executionId="de2bd6ad-5545-40dd-8020-16088b3669b9" testListId="8c84fa94-04c1-424b-9868-57a2d4851a1d" />
    <TestEntry testId="18e6444a-5889-3897-4a27-8f46d158615f" executionId="0dc695e0-a36c-457f-90ab-6240e4ffcb90" testListId="8c84fa94-04c1-424b-9868-57a2d4851a1d" />
    <TestEntry testId="1ee75c82-baa6-e3d8-0378-e3fedebada00" executionId="44ccd3f2-25b1-4847-86ce-361b10427d7c" testListId="8c84fa94-04c1-424b-9868-57a2d4851a1d" />
    <TestEntry testId="47c9d18a-3766-558e-1465-3f02a0464ed1" executionId="246e1983-a26a-48f0-b923-6e5d045a9cf8" testListId="8c84fa94-04c1-424b-9868-57a2d4851a1d" />
    <TestEntry testId="bf9d4616-f0cd-8867-2649-618ef7405c38" executionId="6035a726-6adb-4223-9604-6e8582f21fbf" testListId="8c84fa94-04c1-424b-9868-57a2d4851a1d" />
    <TestEntry testId="f1390672-4a91-cc23-5a9b-bfd750c44738" executionId="6131930b-9ac4-4a7d-8cb2-679f2f063e6b" testListId="8c84fa94-04c1-424b-9868-57a2d4851a1d" />
    <TestEntry testId="76e895be-f8da-e236-a9b7-f2d8f95bcad0" executionId="5377c9c1-7e25-430a-8686-ad9661a8a340" testListId="8c84fa94-04c1-424b-9868-57a2d4851a1d" />
    <TestEntry testId="834dc670-e992-d5f9-0261-abcb265bcdd6" executionId="57310988-b17b-44bd-82b0-1f13ff9a5cc4" testListId="8c84fa94-04c1-424b-9868-57a2d4851a1d" />
    <TestEntry testId="1dad7c79-c478-e8c6-ee54-f44e3e3ec975" executionId="65157436-d605-4215-8ab6-ec27b21a168a" testListId="8c84fa94-04c1-424b-9868-57a2d4851a1d" />
    <TestEntry testId="c99b5e7c-425f-4c6a-ec1a-87bec828019e" executionId="cda3f325-6cc4-4358-9988-dd676592dea6" testListId="8c84fa94-04c1-424b-9868-57a2d4851a1d" />
    <TestEntry testId="ef21c27a-1877-7571-77c8-21e2868c0c54" executionId="87bf7a4d-cd93-4fc4-a6c4-4ae2a110bc78" testListId="8c84fa94-04c1-424b-9868-57a2d4851a1d" />
    <TestEntry testId="a1751fc5-27fb-ed41-8128-579f4762f639" executionId="7a4afae3-459b-4ae2-bd11-acc708beda1e" testListId="8c84fa94-04c1-424b-9868-57a2d4851a1d" />
    <TestEntry testId="d5a5ba6d-b3b1-a3c9-71a2-5c52dd3de00c" executionId="75adb563-0e0c-416c-97ec-65285486559e" testListId="8c84fa94-04c1-424b-9868-57a2d4851a1d" />
    <TestEntry testId="05c86791-1222-48e9-c6a4-77dfd721e9a9" executionId="427553bc-0fee-427b-ac1e-045bb24b9fca" testListId="8c84fa94-04c1-424b-9868-57a2d4851a1d" />
    <TestEntry testId="c7900b24-a9ab-7b1e-5884-2925bafa37cf" executionId="8162d69a-2184-457c-af0c-7c518f82e7ae" testListId="8c84fa94-04c1-424b-9868-57a2d4851a1d" />
    <TestEntry testId="05ce127b-905d-dd73-e4ec-40bd01a07448" executionId="5d500bca-411c-487f-944f-268de17a6b5e" testListId="8c84fa94-04c1-424b-9868-57a2d4851a1d" />
    <TestEntry testId="b0216591-d100-6c63-6fc8-5a0b6f7d3e26" executionId="45925cec-5b32-4012-bfca-cf61d369d296" testListId="8c84fa94-04c1-424b-9868-57a2d4851a1d" />
    <TestEntry testId="8a8febb7-aaf8-7b7e-2592-e1bfae734d41" executionId="71fdacb4-19e1-4d9e-bdac-f65194fb5a0a" testListId="8c84fa94-04c1-424b-9868-57a2d4851a1d" />
    <TestEntry testId="0026952c-98fa-57b4-616f-30e1d25e2778" executionId="776aad2a-2eac-4402-925d-74932e7a6fc2" testListId="8c84fa94-04c1-424b-9868-57a2d4851a1d" />
    <TestEntry testId="b1b86ccb-e2a0-39b7-bc4a-a17b6bd584b7" executionId="d511a919-a234-4dc5-b7b4-88080bc64b5b" testListId="8c84fa94-04c1-424b-9868-57a2d4851a1d" />
    <TestEntry testId="a2b411e3-02e0-62e4-4e4b-8e48a79be644" executionId="5cf985b4-4590-49ab-8fa1-b7d1f35a7a6b" testListId="8c84fa94-04c1-424b-9868-57a2d4851a1d" />
    <TestEntry testId="7f79dd4b-6f9b-8632-e336-fe74fc871bfe" executionId="6bb021fe-ce82-4cb2-a34e-677d71475954" testListId="8c84fa94-04c1-424b-9868-57a2d4851a1d" />
    <TestEntry testId="94cc9c05-b06f-710c-03f7-12040a6a1733" executionId="4d627821-5195-4977-b215-d4a004f47e1f" testListId="8c84fa94-04c1-424b-9868-57a2d4851a1d" />
    <TestEntry testId="b53d6e34-e18d-31a9-39c8-4bc6a66576a5" executionId="c61d73cb-99b2-4c41-ad0a-f34f2e6b29b3" testListId="8c84fa94-04c1-424b-9868-57a2d4851a1d" />
    <TestEntry testId="89c5f19a-09ce-19a8-a287-03c05917317e" executionId="10ad2eb2-185e-4e16-9279-63709fa008e0" testListId="8c84fa94-04c1-424b-9868-57a2d4851a1d" />
    <TestEntry testId="9245634e-9773-0e57-3930-261edd56fc07" executionId="5199c902-fd12-4edf-8eee-a4da76c722d9" testListId="8c84fa94-04c1-424b-9868-57a2d4851a1d" />
    <TestEntry testId="99f8c7eb-dd9c-a0e6-d1de-86d273f22686" executionId="98b17c4e-0f4e-4080-adf2-db179317c228" testListId="8c84fa94-04c1-424b-9868-57a2d4851a1d" />
    <TestEntry testId="64e777bc-5564-96bb-1845-369d9340329b" executionId="fb59dd9e-9c06-47e9-816a-3c604b3a31fa" testListId="8c84fa94-04c1-424b-9868-57a2d4851a1d" />
    <TestEntry testId="354a0b30-3692-9015-5b6b-65ce8cd59475" executionId="154f0d74-524c-4891-b430-fe499f65de4e" testListId="8c84fa94-04c1-424b-9868-57a2d4851a1d" />
    <TestEntry testId="56aae320-0ddb-cfd9-23b8-8a5286f5ea81" executionId="2ccb3144-93ce-4b33-bd9d-44f00fb1c902" testListId="8c84fa94-04c1-424b-9868-57a2d4851a1d" />
    <TestEntry testId="9240409b-e86b-ff1e-b17f-28164579554f" executionId="d2223b34-2161-4355-88ee-198ae54d2655" testListId="8c84fa94-04c1-424b-9868-57a2d4851a1d" />
    <TestEntry testId="ca863dc6-8771-e700-3d5c-a9d20d337b09" executionId="bb72eb5e-8573-48ac-b8d4-7bea9f0011c7" testListId="8c84fa94-04c1-424b-9868-57a2d4851a1d" />
    <TestEntry testId="3230e89e-37b8-17b3-4a16-4dda1af0a58a" executionId="070a6efc-4481-4e5d-9098-90004fdb5c13" testListId="8c84fa94-04c1-424b-9868-57a2d4851a1d" />
    <TestEntry testId="77001508-1606-9fa6-5cdd-a4c92b806dca" executionId="af9fbae9-3b30-4249-ad9f-628c6cd07af0" testListId="8c84fa94-04c1-424b-9868-57a2d4851a1d" />
    <TestEntry testId="083f4d8e-2f5c-e2c0-a4f0-af8040f22929" executionId="3ef36bcd-9487-4421-b201-112d0271f4d2" testListId="8c84fa94-04c1-424b-9868-57a2d4851a1d" />
    <TestEntry testId="dc362c66-ef59-f86c-3f13-0d63a61dcd7e" executionId="39217cf0-1145-4342-a6a3-7363d3adcb6d" testListId="8c84fa94-04c1-424b-9868-57a2d4851a1d" />
    <TestEntry testId="771686ab-7846-67cc-30a0-b0b4a2735081" executionId="7b3dbd9c-1357-4a4e-9dd1-1e2a1783abf9" testListId="8c84fa94-04c1-424b-9868-57a2d4851a1d" />
    <TestEntry testId="d9082e6a-b1b7-9985-f3d6-728765fb7e62" executionId="b8d7aa4d-2e7b-42dd-b2dd-c8098a235455" testListId="8c84fa94-04c1-424b-9868-57a2d4851a1d" />
    <TestEntry testId="e687dd93-6346-c701-0d70-55b293a6182d" executionId="0aa3e7d0-5b91-4864-af63-0faa250fe48b" testListId="8c84fa94-04c1-424b-9868-57a2d4851a1d" />
    <TestEntry testId="55654e7d-f347-cf2c-1e38-c3945cc4ef68" executionId="24c6d38d-734c-428a-8b2b-9e531e2ebf0d" testListId="8c84fa94-04c1-424b-9868-57a2d4851a1d" />
    <TestEntry testId="d02232ac-22bd-ec73-0ac9-2258603fde84" executionId="1792d2a8-086c-4328-b9c9-50da371c1cb4" testListId="8c84fa94-04c1-424b-9868-57a2d4851a1d" />
    <TestEntry testId="6d49fe98-bb27-ebd0-423b-38bdfdcfc40b" executionId="74be3ebe-f70c-4dc8-ba04-855ed3371e1b" testListId="8c84fa94-04c1-424b-9868-57a2d4851a1d" />
    <TestEntry testId="ca909f39-ae8a-a014-ea55-62b3d3ed959b" executionId="2ce32994-5d0f-4048-9b62-3b5565117b6a" testListId="8c84fa94-04c1-424b-9868-57a2d4851a1d" />
    <TestEntry testId="fad9b57f-325b-863c-caf7-d134812bf2c6" executionId="6b32b02a-3e7f-4222-915f-8f20e614aba7" testListId="8c84fa94-04c1-424b-9868-57a2d4851a1d" />
    <TestEntry testId="fc3a9aa6-dd9f-0c0d-8824-a6a95a5f06a5" executionId="622add6f-b018-4898-8854-01bc42bd75e3" testListId="8c84fa94-04c1-424b-9868-57a2d4851a1d" />
    <TestEntry testId="29f6e6bc-b7b5-24cf-dc91-ae7b71c0f16c" executionId="103d2946-edd8-4493-a1ac-32ab4aec1625" testListId="8c84fa94-04c1-424b-9868-57a2d4851a1d" />
    <TestEntry testId="a362bc0b-a2ed-2f09-4edf-1b0a98c53d02" executionId="902a89c3-c6a0-4f9a-b3b2-1ad5b3472321" testListId="8c84fa94-04c1-424b-9868-57a2d4851a1d" />
    <TestEntry testId="7611807d-6a8c-39f7-fd6e-536b460fdb86" executionId="099a924f-77e1-459c-9294-e46b54e19ba7" testListId="8c84fa94-04c1-424b-9868-57a2d4851a1d" />
    <TestEntry testId="11f4543b-3a2c-ab9e-259a-10e2895f2398" executionId="4ff1124e-fc92-46bc-b868-a8d28671e28a" testListId="8c84fa94-04c1-424b-9868-57a2d4851a1d" />
    <TestEntry testId="db723d9b-5983-25f0-7e49-b842ab2fd087" executionId="0fe74e46-ad40-4d32-a24a-b29fb1bcc000" testListId="8c84fa94-04c1-424b-9868-57a2d4851a1d" />
    <TestEntry testId="e771c4c6-810c-a8cb-1579-c13cb41c4779" executionId="6cffcb1b-ac29-4a3a-9b10-f186c3c2b7ab" testListId="8c84fa94-04c1-424b-9868-57a2d4851a1d" />
    <TestEntry testId="b679ed6a-a73b-2d61-ca45-e78d3f568555" executionId="d8aea2ce-b1dd-4556-bdcf-93e6c2c7057a" testListId="8c84fa94-04c1-424b-9868-57a2d4851a1d" />
    <TestEntry testId="cc5cf1e5-0b22-5c17-8957-42a25e921e29" executionId="fd3b8036-0e15-4eb2-a3ce-87561bbc9e9f" testListId="8c84fa94-04c1-424b-9868-57a2d4851a1d" />
    <TestEntry testId="1f6666a9-6174-e82f-d23b-0fe6ba20f96d" executionId="809e0dfa-5bab-4f80-805a-c45169040339" testListId="8c84fa94-04c1-424b-9868-57a2d4851a1d" />
    <TestEntry testId="e9d4cddd-512b-b6f5-5376-c6295fc197a8" executionId="29c7c308-4935-498a-a89f-44b7dfa7d826" testListId="8c84fa94-04c1-424b-9868-57a2d4851a1d" />
    <TestEntry testId="d2d136e2-0b28-eb1d-4a04-176d9d4caa0c" executionId="598d54ca-262b-451c-bdd7-0d7f3ecc0879" testListId="8c84fa94-04c1-424b-9868-57a2d4851a1d" />
    <TestEntry testId="7f378ffe-3fd8-29a3-26c3-bf6520c066b0" executionId="ac7178ae-a338-4dc2-871f-28f5674becb0" testListId="8c84fa94-04c1-424b-9868-57a2d4851a1d" />
    <TestEntry testId="d37693e9-23de-b40b-92c5-863b2ad92c68" executionId="35ad2755-2ee6-4270-be90-d42783fced79" testListId="8c84fa94-04c1-424b-9868-57a2d4851a1d" />
    <TestEntry testId="05417fd0-6100-d266-3f79-bf7c331816da" executionId="11bcf721-9a10-4872-ac74-2d8b998471e5" testListId="8c84fa94-04c1-424b-9868-57a2d4851a1d" />
    <TestEntry testId="133fca78-8d41-67cf-07dd-2eddd24e2a92" executionId="86c95458-8ef8-4166-9c50-adf573d60ad9" testListId="8c84fa94-04c1-424b-9868-57a2d4851a1d" />
    <TestEntry testId="5821628c-4b0f-9fea-afe7-524f5e8b3847" executionId="f3bbcb5f-7b2c-4c8c-be1f-4da88dd1003c" testListId="8c84fa94-04c1-424b-9868-57a2d4851a1d" />
    <TestEntry testId="ae531e31-5824-750d-7aeb-9eca015cbef8" executionId="1c255961-e348-4aba-9163-73220827751e" testListId="8c84fa94-04c1-424b-9868-57a2d4851a1d" />
    <TestEntry testId="14279cb0-c331-9acd-2230-d83f82e9f647" executionId="48130352-9e01-4802-b6e3-6df2c12a7d9e" testListId="8c84fa94-04c1-424b-9868-57a2d4851a1d" />
    <TestEntry testId="5591e1a3-95fb-d016-aa8b-8b45048b69f2" executionId="46d1bc91-c123-4ff7-a02f-1d1b923e2005" testListId="8c84fa94-04c1-424b-9868-57a2d4851a1d" />
    <TestEntry testId="ab83e7c5-7c52-c8f0-4543-71512a0e6378" executionId="61b68401-0f53-42ec-9eda-5799a6b86f39" testListId="8c84fa94-04c1-424b-9868-57a2d4851a1d" />
    <TestEntry testId="87ba9547-a02c-b9bf-16fd-6fe035d3e0fe" executionId="85c38ced-0f21-47e0-a6be-878fc0157fed" testListId="8c84fa94-04c1-424b-9868-57a2d4851a1d" />
    <TestEntry testId="ae62ff5b-867f-cf62-1132-4af290af01cc" executionId="7d449ce2-918f-47d1-8fc7-556a94c1260b" testListId="8c84fa94-04c1-424b-9868-57a2d4851a1d" />
    <TestEntry testId="279b93e3-49d9-4376-9553-d2e4259ccda7" executionId="0bdd1d8c-771e-4d01-9bf2-487f48b8cb68" testListId="8c84fa94-04c1-424b-9868-57a2d4851a1d" />
    <TestEntry testId="a98b362c-9793-65a3-0b5b-98ae04189938" executionId="67d5f934-057d-4104-929d-8e9f7a295abb" testListId="8c84fa94-04c1-424b-9868-57a2d4851a1d" />
    <TestEntry testId="09af05a0-cb46-8ef1-b637-c726aa26f572" executionId="9b0119de-2933-423d-849d-55e7374915fb" testListId="8c84fa94-04c1-424b-9868-57a2d4851a1d" />
    <TestEntry testId="42dd1c67-db1b-0719-4d73-5553814d80e8" executionId="c4f1669e-effd-455f-86f1-ac4163f06cfe" testListId="8c84fa94-04c1-424b-9868-57a2d4851a1d" />
    <TestEntry testId="2498bea2-b64d-1bf4-5b41-c8747b964247" executionId="2f047a19-4cfa-46d2-ac07-3764c1ea57f6" testListId="8c84fa94-04c1-424b-9868-57a2d4851a1d" />
    <TestEntry testId="10bebee1-2658-de2e-ba1a-3ca73b5e6abd" executionId="bd6bfcc2-817a-4e91-ac09-8ded9a2bcbb1" testListId="8c84fa94-04c1-424b-9868-57a2d4851a1d" />
    <TestEntry testId="2498b6ed-a6f2-33cd-530a-90d3cba3ada9" executionId="28f48b7a-cc01-4ffd-a17e-02b2f350d760" testListId="8c84fa94-04c1-424b-9868-57a2d4851a1d" />
    <TestEntry testId="246d09ac-bff0-4779-ca62-f45abd52f682" executionId="bcdeb861-6bc9-453d-ba47-b0e4b5f0500d" testListId="8c84fa94-04c1-424b-9868-57a2d4851a1d" />
    <TestEntry testId="88bf2f42-3b63-4c98-50b3-ed75ccf0ad6b" executionId="93679a22-e67f-46c5-b41f-8e4f0df878f6" testListId="8c84fa94-04c1-424b-9868-57a2d4851a1d" />
    <TestEntry testId="a209e32d-1e1f-5db0-34fe-79a8f1f6f307" executionId="e51a4eb9-837c-42ba-aced-d39a35d36785" testListId="8c84fa94-04c1-424b-9868-57a2d4851a1d" />
    <TestEntry testId="98023585-2429-84ed-4f52-cc842a684db8" executionId="5706b4ef-ee4f-4222-b34f-14dbffe0920f" testListId="8c84fa94-04c1-424b-9868-57a2d4851a1d" />
    <TestEntry testId="1d2a5b12-bbf0-3c16-34ef-f084ee028b7a" executionId="9f4c99ee-f0f1-41e9-a59f-cd66f107fb1e" testListId="8c84fa94-04c1-424b-9868-57a2d4851a1d" />
    <TestEntry testId="9f50457a-bd58-7c3f-964a-d456ed83ccfd" executionId="7519eab9-3384-4003-b2f1-9766d08b9ab8" testListId="8c84fa94-04c1-424b-9868-57a2d4851a1d" />
    <TestEntry testId="b5899086-be4a-df7c-42e3-4eb67777792f" executionId="1d023b4d-bc0e-4934-9caf-bacc1825bece" testListId="8c84fa94-04c1-424b-9868-57a2d4851a1d" />
    <TestEntry testId="49c3a87d-064d-0998-f1b2-c5bbb79323a0" executionId="30550542-3ac1-4810-bc72-0ee5934e07ec" testListId="8c84fa94-04c1-424b-9868-57a2d4851a1d" />
    <TestEntry testId="fc088cca-2d29-c967-42ec-5a8991a233a1" executionId="d17de16c-398e-408e-b386-9447873c04c2" testListId="8c84fa94-04c1-424b-9868-57a2d4851a1d" />
    <TestEntry testId="96221c6a-16f6-900b-aa3e-e81626e52061" executionId="9a638ba1-23dd-498e-957c-c41f9b39a349" testListId="8c84fa94-04c1-424b-9868-57a2d4851a1d" />
    <TestEntry testId="4c6d6597-bfab-658e-c5f1-7ad23a592e33" executionId="d0dbacc7-a54c-4f56-8950-bc3e98347d4e" testListId="8c84fa94-04c1-424b-9868-57a2d4851a1d" />
    <TestEntry testId="1bdb79a4-e0ee-82d0-e55c-ebb9cfe1dc0a" executionId="956feb34-767f-46cc-bc58-c0743e08527c" testListId="8c84fa94-04c1-424b-9868-57a2d4851a1d" />
    <TestEntry testId="741b5c1b-44aa-5444-0be7-fd6f70674261" executionId="cbf7a02d-05c7-43c1-9556-5104c76f6875" testListId="8c84fa94-04c1-424b-9868-57a2d4851a1d" />
    <TestEntry testId="b92df4d3-f9ed-613d-7f7b-e657f2fa851e" executionId="f421b916-5072-4599-91f2-c92d39cfe152" testListId="8c84fa94-04c1-424b-9868-57a2d4851a1d" />
    <TestEntry testId="459b60bd-f8dc-2750-9280-9b343b5416ff" executionId="c3515aab-b599-4d94-b3dd-83432acbf986" testListId="8c84fa94-04c1-424b-9868-57a2d4851a1d" />
    <TestEntry testId="c79f399e-353e-0f4d-b72b-67a86759329d" executionId="cdd9ef50-aa08-41e1-b7c7-f363fdfcdd37" testListId="8c84fa94-04c1-424b-9868-57a2d4851a1d" />
    <TestEntry testId="d8592b28-6c7c-e8b1-a55f-d3bc1690906b" executionId="7e9f64d5-6dfd-4c2f-9065-4abd6f97772c" testListId="8c84fa94-04c1-424b-9868-57a2d4851a1d" />
    <TestEntry testId="f40ea1e4-80d7-5612-db7e-fceac508cee0" executionId="7a044959-2719-4b23-a987-1549decd53e2" testListId="8c84fa94-04c1-424b-9868-57a2d4851a1d" />
    <TestEntry testId="e112d909-5ead-cd63-5a1e-8d3d45856135" executionId="264b8248-b090-4e18-8d1e-9a5d6fbb0501" testListId="8c84fa94-04c1-424b-9868-57a2d4851a1d" />
    <TestEntry testId="acf827a7-20ed-5716-38ff-797fb11fdb65" executionId="459c080a-a60b-4ff3-ae06-b2e044527705" testListId="8c84fa94-04c1-424b-9868-57a2d4851a1d" />
    <TestEntry testId="954d453a-217a-f638-79de-d537988e7607" executionId="50a57b8a-218a-4733-a0cb-5cb98ea321d0" testListId="8c84fa94-04c1-424b-9868-57a2d4851a1d" />
    <TestEntry testId="57db0381-24d0-d5c3-62c3-3da7b054d68e" executionId="fddfd381-a227-42a9-a098-58cc064e0d67" testListId="8c84fa94-04c1-424b-9868-57a2d4851a1d" />
    <TestEntry testId="bbdcb26d-ef16-60c2-4190-a5e8ee54237d" executionId="251c7ae3-a55a-40a8-945d-0885dba92841" testListId="8c84fa94-04c1-424b-9868-57a2d4851a1d" />
    <TestEntry testId="e4ce4d09-d932-7439-a2d0-a50f7f8ca420" executionId="e855621b-b4dd-4969-baf2-2b42e52482c0" testListId="8c84fa94-04c1-424b-9868-57a2d4851a1d" />
    <TestEntry testId="4e56bc2c-f93e-8ea3-950e-eb16cdb4057a" executionId="c3a6babe-503c-4b73-8da0-3a6146868e7d" testListId="8c84fa94-04c1-424b-9868-57a2d4851a1d" />
    <TestEntry testId="e3e050d9-95ac-cdd9-92e1-5882b83ceaa5" executionId="64c93221-4b3d-4294-a5c0-11546f46c30b" testListId="8c84fa94-04c1-424b-9868-57a2d4851a1d" />
    <TestEntry testId="392f2b17-cf6f-c2a7-3752-a97715ecd8a0" executionId="e409d235-1908-47f0-9e83-0a62b85d9275" testListId="8c84fa94-04c1-424b-9868-57a2d4851a1d" />
    <TestEntry testId="f077af5e-2f5c-7564-8241-4ffe122f77f9" executionId="df584a93-8919-4746-a638-3a84149ee1cf" testListId="8c84fa94-04c1-424b-9868-57a2d4851a1d" />
    <TestEntry testId="75a56f6e-0fe3-ffa6-a88e-e00255a0100e" executionId="1824497e-e554-4f69-9a70-eb3dc48db82c" testListId="8c84fa94-04c1-424b-9868-57a2d4851a1d" />
    <TestEntry testId="325a2495-7bc2-2c67-fa37-ff9faf8cb000" executionId="f0a884a2-f5fc-43cb-9cc9-3261c65b5560" testListId="8c84fa94-04c1-424b-9868-57a2d4851a1d" />
    <TestEntry testId="76fb0d20-9f97-4725-b881-c77742db5803" executionId="aea50beb-5c38-4384-a23e-9bb856ba9971" testListId="8c84fa94-04c1-424b-9868-57a2d4851a1d" />
    <TestEntry testId="f11ee384-6037-735e-2cf3-397803a455cd" executionId="2a1b111e-190b-4b29-8c58-1517691b1386" testListId="8c84fa94-04c1-424b-9868-57a2d4851a1d" />
    <TestEntry testId="6e4e5f99-75bd-2c67-b9b1-4bab9ee95581" executionId="734284ec-4940-4853-9d02-17a4e641213c" testListId="8c84fa94-04c1-424b-9868-57a2d4851a1d" />
    <TestEntry testId="8a0cadb7-bf7f-176b-a07c-942d6030410b" executionId="8d6d93af-05bc-4eaa-9089-ec16765a6196" testListId="8c84fa94-04c1-424b-9868-57a2d4851a1d" />
    <TestEntry testId="38a01324-8bbd-487c-5251-cd2a659ffb3d" executionId="ca69cea4-84e3-4664-b599-8521835a2db3" testListId="8c84fa94-04c1-424b-9868-57a2d4851a1d" />
    <TestEntry testId="36cffa0e-3e10-7ba1-314e-050acac48ff9" executionId="62693502-042d-4db8-b48a-b95d0c1a961a" testListId="8c84fa94-04c1-424b-9868-57a2d4851a1d" />
    <TestEntry testId="878abd71-f937-3207-1998-3949beeef334" executionId="a0f055b2-9e69-4482-868b-10fcc2abe38d" testListId="8c84fa94-04c1-424b-9868-57a2d4851a1d" />
    <TestEntry testId="db570ee5-b278-a06c-62c2-f8bae0f7aac0" executionId="455cc10b-14d4-4f68-ad0d-4e17277828a6" testListId="8c84fa94-04c1-424b-9868-57a2d4851a1d" />
    <TestEntry testId="0af17613-4b95-6a77-5a12-86e45eb0a764" executionId="a2b719ec-68ad-490a-9212-ad6b117a781e" testListId="8c84fa94-04c1-424b-9868-57a2d4851a1d" />
    <TestEntry testId="4bdafaca-48a9-7778-b5e7-32b2604a26e2" executionId="091aa768-8075-4297-bda0-bc96ccc9f41d" testListId="8c84fa94-04c1-424b-9868-57a2d4851a1d" />
    <TestEntry testId="82f8f8ac-a95a-efa3-63e6-144f1394fdb0" executionId="e9ab6eaa-c4f4-4c69-9a50-c88545a7a484" testListId="8c84fa94-04c1-424b-9868-57a2d4851a1d" />
    <TestEntry testId="2023204a-5145-7835-d3bf-4030dc94bb4d" executionId="7ede7c8e-0c2e-4e24-9c0a-1046a17a46e3" testListId="8c84fa94-04c1-424b-9868-57a2d4851a1d" />
    <TestEntry testId="934404c9-c510-f443-5b69-e09ffd3f9060" executionId="6db6bb18-26c9-4114-ae8d-958f9e74f1f5" testListId="8c84fa94-04c1-424b-9868-57a2d4851a1d" />
    <TestEntry testId="c29b44d9-e3cf-2ec7-6e2c-ea26e9526c23" executionId="d0292a29-fe05-4164-8e7e-a72c6157e9a9" testListId="8c84fa94-04c1-424b-9868-57a2d4851a1d" />
    <TestEntry testId="32d8e75d-5334-2f0c-0d6b-4788aa146952" executionId="abfeac70-78e5-4a48-b2c5-fd36550f9581" testListId="8c84fa94-04c1-424b-9868-57a2d4851a1d" />
    <TestEntry testId="f11d7df8-c6dc-c91d-5447-48c11c76f4d8" executionId="60824b71-f48d-4502-a737-7284cb070598" testListId="8c84fa94-04c1-424b-9868-57a2d4851a1d" />
    <TestEntry testId="0261e652-c22f-0fcb-ee0c-4cb634b0822d" executionId="fbe42e13-5a9b-43a2-8cba-b4158f05b8e3" testListId="8c84fa94-04c1-424b-9868-57a2d4851a1d" />
    <TestEntry testId="fce2f511-4ad0-7229-98da-23888f589f58" executionId="782364b0-d36b-4bcf-8e60-bd617a08d8a1" testListId="8c84fa94-04c1-424b-9868-57a2d4851a1d" />
    <TestEntry testId="490fb8dd-7422-ccd1-bfbf-9012f134152c" executionId="6969de15-58ea-45b0-93db-cecc5a257fbf" testListId="8c84fa94-04c1-424b-9868-57a2d4851a1d" />
    <TestEntry testId="aecf1650-1501-bc80-4f36-15eaaf8ea3f7" executionId="a9ec63ce-581f-41da-9b33-e567d8887ef3" testListId="8c84fa94-04c1-424b-9868-57a2d4851a1d" />
    <TestEntry testId="edb83004-f28e-4ce5-608d-773d6be53295" executionId="839c3367-578c-4ad0-b588-edb2f301320b" testListId="8c84fa94-04c1-424b-9868-57a2d4851a1d" />
    <TestEntry testId="3313a294-210a-20c9-e30b-4d6080e2e2f0" executionId="8fe43239-3cbe-4bed-98b8-68b3a4c1a1c2" testListId="8c84fa94-04c1-424b-9868-57a2d4851a1d" />
    <TestEntry testId="62dceb72-6ed2-00d2-6bca-710c7f568439" executionId="c1104886-ce22-4932-a20a-3aab450f4b38" testListId="8c84fa94-04c1-424b-9868-57a2d4851a1d" />
    <TestEntry testId="56ee6bc0-0932-8f77-a417-c79ad2034785" executionId="673badf8-0d76-4a2f-a812-e91c353a34c8" testListId="8c84fa94-04c1-424b-9868-57a2d4851a1d" />
    <TestEntry testId="40d3fcf6-c877-708e-e0ba-a91dbf9f5434" executionId="6cece272-d27f-4e12-8704-a7686ad2ebb4" testListId="8c84fa94-04c1-424b-9868-57a2d4851a1d" />
    <TestEntry testId="26d8bc2d-a3d5-9de0-301a-f0fcc7798561" executionId="abc514b5-7a9c-4dc2-afe8-bf93498704cf" testListId="8c84fa94-04c1-424b-9868-57a2d4851a1d" />
    <TestEntry testId="9fea8c53-0c4d-823f-efc1-f155373c8462" executionId="6ff16b12-2dc5-49c8-b1aa-17b54a7698aa" testListId="8c84fa94-04c1-424b-9868-57a2d4851a1d" />
    <TestEntry testId="870b5752-79fa-0e8b-86e0-4252070dc20f" executionId="afd31271-7169-47aa-9303-6b0eae0aa7c3" testListId="8c84fa94-04c1-424b-9868-57a2d4851a1d" />
    <TestEntry testId="90520a6e-b950-84c2-95ec-8fc0f25266c7" executionId="7afc0997-c7f0-41db-81f1-1ec0568d28cf" testListId="8c84fa94-04c1-424b-9868-57a2d4851a1d" />
    <TestEntry testId="7c1d1c8d-0a55-0201-08ed-cf83e45f0b89" executionId="21f1cb93-dde8-49aa-b14a-f41939acb2fe" testListId="8c84fa94-04c1-424b-9868-57a2d4851a1d" />
    <TestEntry testId="486746cd-5ab2-5e85-017f-d94c01e3751a" executionId="136c8b2d-6bc8-4eed-8c81-fa21169bbee0" testListId="8c84fa94-04c1-424b-9868-57a2d4851a1d" />
    <TestEntry testId="83e9dcf8-c903-6112-24f5-d72d0e0bcea3" executionId="bed5d352-94e3-4d65-bc40-dc21a30da99c" testListId="8c84fa94-04c1-424b-9868-57a2d4851a1d" />
    <TestEntry testId="c9d2e2d5-9cb1-a335-64d8-76158f8901a8" executionId="70ed45ab-b275-4e31-b753-72a2ad6cc6d1" testListId="8c84fa94-04c1-424b-9868-57a2d4851a1d" />
    <TestEntry testId="1dc340b6-bbdf-e077-5806-21d1e7571186" executionId="b78f111b-860b-47b9-a448-ed81bfcf9ec8" testListId="8c84fa94-04c1-424b-9868-57a2d4851a1d" />
    <TestEntry testId="76e16f36-64c6-5373-eeda-ec839fedc79d" executionId="add90c1d-55d8-4f8d-8bee-c8a4c2e5532f" testListId="8c84fa94-04c1-424b-9868-57a2d4851a1d" />
    <TestEntry testId="45563c49-7d01-d75b-bcd3-4a022bf1303d" executionId="f1618e1b-b575-4d0f-a82e-9b4134d67109" testListId="8c84fa94-04c1-424b-9868-57a2d4851a1d" />
    <TestEntry testId="8369d24b-d999-6606-e2fc-ebe29ebe02a9" executionId="c7b9b55b-1859-4681-abde-7a34228a4282" testListId="8c84fa94-04c1-424b-9868-57a2d4851a1d" />
    <TestEntry testId="8e4666e7-b989-4271-f72e-6eafc9e4e8db" executionId="e5c3615e-c95e-4e69-b13e-031a22452d8a" testListId="8c84fa94-04c1-424b-9868-57a2d4851a1d" />
    <TestEntry testId="7431ca06-cf4f-e367-9aee-acdd986a2ff0" executionId="fb66bd99-fe98-47a0-9097-cba8090a8375" testListId="8c84fa94-04c1-424b-9868-57a2d4851a1d" />
    <TestEntry testId="f3184166-480a-76ba-6987-ddaf9fe87c27" executionId="29ca0cd3-ec8d-4f32-8439-6f551ae72aa2" testListId="8c84fa94-04c1-424b-9868-57a2d4851a1d" />
    <TestEntry testId="bbd9a81d-d941-bfe7-c95c-830574e99a16" executionId="4a26c8fc-f847-420e-921b-ef2040f192e1" testListId="8c84fa94-04c1-424b-9868-57a2d4851a1d" />
    <TestEntry testId="f0a8440c-4896-8a54-517a-9a8c11354742" executionId="027773e7-9a84-4d1e-8097-ca55c64174a6" testListId="8c84fa94-04c1-424b-9868-57a2d4851a1d" />
    <TestEntry testId="fafc058a-42f8-b0d6-e743-5e0f436b3757" executionId="3edaf0a7-858e-466e-8dd0-28f3b82664c9" testListId="8c84fa94-04c1-424b-9868-57a2d4851a1d" />
    <TestEntry testId="5c55b226-f421-cb43-3ba6-d3d3482d70a8" executionId="be94487b-50fc-4332-8471-5fd1ef153f42" testListId="8c84fa94-04c1-424b-9868-57a2d4851a1d" />
    <TestEntry testId="d801da28-c2ea-a275-1055-e485f58edb95" executionId="0f3cee8e-0175-4012-8a48-d192629d533e" testListId="8c84fa94-04c1-424b-9868-57a2d4851a1d" />
    <TestEntry testId="a969ccbe-34b4-a1d0-6dbb-9b9ae6fc873f" executionId="146a3c3c-6b85-4c66-bc4c-667f99dd12ca" testListId="8c84fa94-04c1-424b-9868-57a2d4851a1d" />
    <TestEntry testId="2863c5c0-a9d2-e37b-da8f-3b45b3c701dd" executionId="8293452b-89d4-4f59-96de-550ae78d5442" testListId="8c84fa94-04c1-424b-9868-57a2d4851a1d" />
    <TestEntry testId="1d59b642-9bb4-8779-9a46-4b154e39d2c7" executionId="66abfa19-3010-4e37-8076-b8a0ae631d4a" testListId="8c84fa94-04c1-424b-9868-57a2d4851a1d" />
    <TestEntry testId="31a89d27-f9e9-f82c-62cb-aa5933d33788" executionId="b0f54355-8566-4355-8d44-6a1935d594b3" testListId="8c84fa94-04c1-424b-9868-57a2d4851a1d" />
    <TestEntry testId="820fee7c-c8ad-31ca-ac75-610c7632bff3" executionId="620ea235-8f17-4bd8-9da4-147c8d3f0e9c" testListId="8c84fa94-04c1-424b-9868-57a2d4851a1d" />
    <TestEntry testId="19bae5a2-2f7c-1985-a210-a634f050982f" executionId="00b53eea-6ce8-48bb-ac0c-03ddeb4712ab" testListId="8c84fa94-04c1-424b-9868-57a2d4851a1d" />
    <TestEntry testId="7a10cbe4-804f-aeda-8e7b-1b216c816168" executionId="e40174e3-f537-4ffb-93c2-bee7fb37dd5f" testListId="8c84fa94-04c1-424b-9868-57a2d4851a1d" />
    <TestEntry testId="825e3aa9-c5d5-d635-16ca-535d8fd3e591" executionId="b17bbc58-7e01-427a-afc9-943de3f0f3b5" testListId="8c84fa94-04c1-424b-9868-57a2d4851a1d" />
    <TestEntry testId="e5b58b3a-36c3-8c27-0ed3-f71a5ec974b3" executionId="c793296d-2128-462a-b55a-266c3bcc0b5e" testListId="8c84fa94-04c1-424b-9868-57a2d4851a1d" />
    <TestEntry testId="8555c948-3980-7540-58cd-fd3f514d4f00" executionId="5b566897-fe70-4697-b9eb-ed1a9c5f6035" testListId="8c84fa94-04c1-424b-9868-57a2d4851a1d" />
    <TestEntry testId="abaef4e8-24bd-001d-6121-f4712e10f920" executionId="052072d2-7e99-4cb6-83ef-5c9ae183cea9" testListId="8c84fa94-04c1-424b-9868-57a2d4851a1d" />
    <TestEntry testId="d69efd55-c67e-8644-e574-a79440499ff1" executionId="c89fec64-8fb3-477d-9276-85e434bf457d" testListId="8c84fa94-04c1-424b-9868-57a2d4851a1d" />
    <TestEntry testId="c3eefb11-b943-d49a-4381-a95c07bf206b" executionId="d3ad7040-ed26-47ca-96ac-c1a7707a4f57" testListId="8c84fa94-04c1-424b-9868-57a2d4851a1d" />
    <TestEntry testId="9ee341cc-ddef-c50d-034d-99cc4e93deff" executionId="fdad7cca-4a6c-451e-8401-cf49f0009cd8" testListId="8c84fa94-04c1-424b-9868-57a2d4851a1d" />
    <TestEntry testId="32b8ade6-8132-5a08-5996-8dc0ebd9e5e8" executionId="888136ca-bc73-4d9c-92d9-b2cf23764a97" testListId="8c84fa94-04c1-424b-9868-57a2d4851a1d" />
    <TestEntry testId="bf070f52-7e76-958e-1ff8-022c6ed259f6" executionId="3c05c004-f912-42b7-9f95-392a4917d18a" testListId="8c84fa94-04c1-424b-9868-57a2d4851a1d" />
    <TestEntry testId="07eed164-5d0c-74a3-3b19-07231640325e" executionId="a414b063-e907-43d7-8914-187c71e16d92" testListId="8c84fa94-04c1-424b-9868-57a2d4851a1d" />
    <TestEntry testId="8c7c56e1-b8c5-bdb0-d1bd-94933c185811" executionId="8957a312-e574-4a1d-8c9c-e584a5597073" testListId="8c84fa94-04c1-424b-9868-57a2d4851a1d" />
    <TestEntry testId="1ae8f5f8-9369-9a7b-b74d-5836de716ebc" executionId="2501385b-9700-4437-8a54-038f2ff6fcd3" testListId="8c84fa94-04c1-424b-9868-57a2d4851a1d" />
    <TestEntry testId="8cd783d9-9673-1430-ab0d-9ba404dc6227" executionId="776a51b1-7160-45ab-955a-a27d107df358" testListId="8c84fa94-04c1-424b-9868-57a2d4851a1d" />
    <TestEntry testId="d74c7415-e5ea-6180-7fcb-addb66cfeae1" executionId="b47bf197-cd9a-46eb-be1a-72aec8971472" testListId="8c84fa94-04c1-424b-9868-57a2d4851a1d" />
    <TestEntry testId="7cb03b45-e37c-9661-9886-01dca6beb4be" executionId="e2440875-a5ce-4f7b-a51c-1e636fff706a" testListId="8c84fa94-04c1-424b-9868-57a2d4851a1d" />
    <TestEntry testId="6b686aff-8314-9aba-4eaf-693540274940" executionId="f1934480-8b23-405b-b37a-a3215201305f" testListId="8c84fa94-04c1-424b-9868-57a2d4851a1d" />
    <TestEntry testId="df259cf5-530c-40fa-7baa-f802abf73865" executionId="56e80d8b-4446-4197-ac0c-1ad73d58e61f" testListId="8c84fa94-04c1-424b-9868-57a2d4851a1d" />
    <TestEntry testId="5248cbe4-da02-5a07-a736-5702fa34be15" executionId="61da288f-8198-4fef-9dc9-ab6ae804091d" testListId="8c84fa94-04c1-424b-9868-57a2d4851a1d" />
    <TestEntry testId="b4154439-f13e-f6b8-1d30-78d95f77fcf7" executionId="20f94711-eeb4-4c64-990f-89a4f63b6db1" testListId="8c84fa94-04c1-424b-9868-57a2d4851a1d" />
    <TestEntry testId="e76ffda2-8463-db68-0f87-ceea3e77c6ff" executionId="6ecb5d84-d4ca-4c3c-bbd6-7e196139d644" testListId="8c84fa94-04c1-424b-9868-57a2d4851a1d" />
    <TestEntry testId="25489d22-904e-f537-38a0-5df03e428fc8" executionId="252a5340-55fa-487c-8c01-266ed845672b" testListId="8c84fa94-04c1-424b-9868-57a2d4851a1d" />
    <TestEntry testId="f286328e-ddd4-545b-2ca7-e7d4cd005d67" executionId="8c74a048-7822-4751-a00e-3a69dfa2c0ca" testListId="8c84fa94-04c1-424b-9868-57a2d4851a1d" />
    <TestEntry testId="0a74ea93-7fd6-bc19-eb81-59ec0872a104" executionId="2dd5a3ed-11a7-489a-b3f2-21e1dec84025" testListId="8c84fa94-04c1-424b-9868-57a2d4851a1d" />
    <TestEntry testId="8fe717d2-711f-b47c-3bf0-db0d158cf9e9" executionId="21b87494-a9bc-4668-b604-726a04ac9580" testListId="8c84fa94-04c1-424b-9868-57a2d4851a1d" />
    <TestEntry testId="c495b78b-02d5-d234-a935-254450cba74e" executionId="0870a34f-7465-4490-8c21-b1213a917ce7" testListId="8c84fa94-04c1-424b-9868-57a2d4851a1d" />
    <TestEntry testId="cce6cc0e-b18e-3365-8400-c10f6ec885ac" executionId="76b074c6-51b4-4ba7-8ec8-bb9100cb0161" testListId="8c84fa94-04c1-424b-9868-57a2d4851a1d" />
    <TestEntry testId="ec7709ad-861e-36d7-d4b7-ff0da421599a" executionId="9ef953d5-f089-43dd-8283-dbdee82a393c" testListId="8c84fa94-04c1-424b-9868-57a2d4851a1d" />
    <TestEntry testId="e126b7f0-4b76-26e9-d0fd-fbc302aff06f" executionId="5f775baf-57d1-4e86-9929-945a9db05d10" testListId="8c84fa94-04c1-424b-9868-57a2d4851a1d" />
    <TestEntry testId="41ddd4bf-75b7-34eb-8b53-acb3354322c8" executionId="c3528ef2-49a6-4ce9-a2e3-bcfe99d05194" testListId="8c84fa94-04c1-424b-9868-57a2d4851a1d" />
    <TestEntry testId="c3405408-92aa-05cc-2b39-eba54b2114cc" executionId="199dcd7c-5fca-4749-9094-26ac9912ec7f" testListId="8c84fa94-04c1-424b-9868-57a2d4851a1d" />
    <TestEntry testId="306d314a-7036-cb8c-00ca-1b8b0215d12d" executionId="ca77a29e-5665-44c9-a64e-75b7e9721c37" testListId="8c84fa94-04c1-424b-9868-57a2d4851a1d" />
    <TestEntry testId="c5ce6a51-1d3e-ceb0-a362-9763a0c7e509" executionId="a5ebacc5-0bb7-4875-bcc8-ec3bc40ce955" testListId="8c84fa94-04c1-424b-9868-57a2d4851a1d" />
    <TestEntry testId="cd3c3d98-ae84-b99c-a6c5-03ca56e9bef8" executionId="3d9f6a59-8190-414b-980c-b9e0eff5c04a" testListId="8c84fa94-04c1-424b-9868-57a2d4851a1d" />
    <TestEntry testId="58058b19-c2a3-329b-7040-a0608730ed75" executionId="75f1fc32-fac8-450c-b1a1-1bf55f863c5c" testListId="8c84fa94-04c1-424b-9868-57a2d4851a1d" />
    <TestEntry testId="b8bb47e3-38ed-d038-363d-bb154213ba20" executionId="25f93876-3e69-45c3-980b-ee58f7a730b2" testListId="8c84fa94-04c1-424b-9868-57a2d4851a1d" />
    <TestEntry testId="a84dadb1-f863-fdff-042f-837846cf0e08" executionId="4e74b055-b825-4754-a709-30644ba61e4e" testListId="8c84fa94-04c1-424b-9868-57a2d4851a1d" />
    <TestEntry testId="396ceb03-166f-50d4-cfff-4eec6a8117d2" executionId="16d9ad8f-dff2-4dd7-9688-f6db2eeb4f41" testListId="8c84fa94-04c1-424b-9868-57a2d4851a1d" />
    <TestEntry testId="20d9b31e-8648-b4c7-9666-e6e99d83f149" executionId="224f8f0c-97ce-4cc6-9c93-987e1b9b4d0b" testListId="8c84fa94-04c1-424b-9868-57a2d4851a1d" />
    <TestEntry testId="189fb759-070c-7af6-34eb-36911801b73a" executionId="ddecda54-e46d-470d-988b-37b48dd26b17" testListId="8c84fa94-04c1-424b-9868-57a2d4851a1d" />
    <TestEntry testId="e4184c74-468f-ece4-c03f-55367f5ff5e6" executionId="23d59456-cb45-4d20-b76f-9fe36b79a6c4" testListId="8c84fa94-04c1-424b-9868-57a2d4851a1d" />
    <TestEntry testId="bec3f892-6658-aa0f-03a0-2f3ccac65fce" executionId="20a36a18-a210-44b8-a102-e00c5baaae93" testListId="8c84fa94-04c1-424b-9868-57a2d4851a1d" />
    <TestEntry testId="f0a63faa-ff70-91a1-a12a-e938764896e3" executionId="90189d0a-25d0-4502-8f8c-874f9cbb4c34" testListId="8c84fa94-04c1-424b-9868-57a2d4851a1d" />
    <TestEntry testId="14d41b2f-d6db-72e6-9a9a-149b2c0ba592" executionId="551274b8-7042-47ea-af00-11fdcdf65462" testListId="8c84fa94-04c1-424b-9868-57a2d4851a1d" />
    <TestEntry testId="9c1b7246-d657-57ae-1f10-c245bf030e35" executionId="47668a82-2cb4-4f1b-bd1a-7f86e37ff392" testListId="8c84fa94-04c1-424b-9868-57a2d4851a1d" />
    <TestEntry testId="7676d463-9e3f-66bf-b688-0ffd6dde1439" executionId="95892c35-0941-4745-8c0d-a7a867a75b6f" testListId="8c84fa94-04c1-424b-9868-57a2d4851a1d" />
    <TestEntry testId="ac732540-09e8-bfd7-0a2d-8873f11b25e5" executionId="31f38022-c239-430b-84a3-db8fb7e8d66b" testListId="8c84fa94-04c1-424b-9868-57a2d4851a1d" />
    <TestEntry testId="f5ee4e5e-a7fc-c5c8-c9d4-bc6c0b9d10c7" executionId="492f2a64-5b99-4d42-84dc-9378cfba0968" testListId="8c84fa94-04c1-424b-9868-57a2d4851a1d" />
    <TestEntry testId="dbd92a02-761f-9f0e-489c-7633d74c703d" executionId="7f97b616-e4c1-40d3-bd06-0060b23b80d6" testListId="8c84fa94-04c1-424b-9868-57a2d4851a1d" />
    <TestEntry testId="12ba8d61-daee-ff60-55ef-5a29a0109d8a" executionId="0d483840-53a8-4858-bb83-163cc6add2e5" testListId="8c84fa94-04c1-424b-9868-57a2d4851a1d" />
    <TestEntry testId="a42f1b1f-c53c-02a3-54cc-9a0feeb22051" executionId="763ad649-2bf2-4316-917e-9edf9877f699" testListId="8c84fa94-04c1-424b-9868-57a2d4851a1d" />
    <TestEntry testId="e0121ec8-06e5-8efc-015d-33aa2a9ba5f4" executionId="6ebf2d35-51dd-4090-8d46-f7116ced7601" testListId="8c84fa94-04c1-424b-9868-57a2d4851a1d" />
    <TestEntry testId="3c74e6b8-b295-010e-1071-9a9461042c14" executionId="9c077be1-3c13-4b31-98cc-26472e5e5498" testListId="8c84fa94-04c1-424b-9868-57a2d4851a1d" />
    <TestEntry testId="2d3f0e1f-74e4-2346-85af-b816746f8350" executionId="989a9502-3956-4389-9378-371e18e7c933" testListId="8c84fa94-04c1-424b-9868-57a2d4851a1d" />
    <TestEntry testId="ca2e46e8-bae8-9e03-981f-754929187919" executionId="5a77d9f0-3aaf-4d65-a51e-f119e89592e7" testListId="8c84fa94-04c1-424b-9868-57a2d4851a1d" />
    <TestEntry testId="a3dc5b1d-fb62-ddd2-1adf-a21a9e3496ca" executionId="30622e02-f862-4667-bef2-81c16a933e4a" testListId="8c84fa94-04c1-424b-9868-57a2d4851a1d" />
    <TestEntry testId="a6a2d5e3-8458-c654-9880-60c239cc4833" executionId="ef8a71ac-e342-4dc8-b0a4-4bf5077ba5d5" testListId="8c84fa94-04c1-424b-9868-57a2d4851a1d" />
    <TestEntry testId="481085f5-1ab4-b713-b25c-d7178e41fa1c" executionId="de907ba1-e5ca-44cc-aab9-ff6e6b66ef89" testListId="8c84fa94-04c1-424b-9868-57a2d4851a1d" />
    <TestEntry testId="5c65eadf-a1cf-ab7f-b0ec-11e4d27d6e58" executionId="c1ac26cd-8603-4709-b294-c59372a92dc4" testListId="8c84fa94-04c1-424b-9868-57a2d4851a1d" />
    <TestEntry testId="fe729532-a79d-695a-5d41-9ec1cac8fc49" executionId="afad82da-9b6c-49f2-a5c0-c048c15efb77" testListId="8c84fa94-04c1-424b-9868-57a2d4851a1d" />
    <TestEntry testId="4ca74aa6-c356-d908-359c-6e9ddad7265f" executionId="301db12c-21c2-412b-af2e-d6910445da1c" testListId="8c84fa94-04c1-424b-9868-57a2d4851a1d" />
    <TestEntry testId="15ada026-08ff-9cc1-be61-aff7ae506bf0" executionId="af3e8e53-a691-4b04-96d1-b21dbe69ac67" testListId="8c84fa94-04c1-424b-9868-57a2d4851a1d" />
    <TestEntry testId="1af4b059-9a88-9851-be4c-cb17de140124" executionId="1551ba5c-5d15-4adb-80c2-ea33aa8867b4" testListId="8c84fa94-04c1-424b-9868-57a2d4851a1d" />
    <TestEntry testId="9d876799-9ee6-f302-389e-d120b2f62f7a" executionId="22ebc9e3-3048-493f-b27d-f29b627d8e81" testListId="8c84fa94-04c1-424b-9868-57a2d4851a1d" />
    <TestEntry testId="b568d9ff-5112-cac1-c34b-c7189381da52" executionId="ed144662-4703-4bc4-ba9c-e4b4bb35b8aa" testListId="8c84fa94-04c1-424b-9868-57a2d4851a1d" />
    <TestEntry testId="2c6b45ab-b1a6-0304-df9c-4481dc512b27" executionId="60692264-c15a-4238-82d4-242983b88aa3" testListId="8c84fa94-04c1-424b-9868-57a2d4851a1d" />
    <TestEntry testId="866cac47-4275-ef47-c0fb-fcc56a32e462" executionId="685fa16b-2381-4696-87da-6cc923b33b01" testListId="8c84fa94-04c1-424b-9868-57a2d4851a1d" />
    <TestEntry testId="3f27273f-a398-b35d-9c2b-b69c00c9129b" executionId="ad3ad03f-c4b7-4306-b891-b4f058385297" testListId="8c84fa94-04c1-424b-9868-57a2d4851a1d" />
    <TestEntry testId="a5fc1349-539b-511c-21e3-bd5502b7c9dd" executionId="c6fa3d8b-ce59-480b-9ead-3dd388c31cde" testListId="8c84fa94-04c1-424b-9868-57a2d4851a1d" />
    <TestEntry testId="0ac626b3-89b4-789f-aba6-8bfa20878768" executionId="e5583073-ffee-491c-89bb-c05f4e860cb6" testListId="8c84fa94-04c1-424b-9868-57a2d4851a1d" />
    <TestEntry testId="095b4437-849c-c41a-a74e-d23e1d642024" executionId="c658e027-27de-43f8-8b54-bef8bc453073" testListId="8c84fa94-04c1-424b-9868-57a2d4851a1d" />
    <TestEntry testId="a51b4742-4977-c86a-7e76-1a966fdccec5" executionId="88132841-f564-4362-aad3-ae0f01e1c188" testListId="8c84fa94-04c1-424b-9868-57a2d4851a1d" />
    <TestEntry testId="5fc0bcae-c8dd-64b3-f438-d0ee83095ef9" executionId="5a98758b-ea84-4165-80c8-4377f169e19b" testListId="8c84fa94-04c1-424b-9868-57a2d4851a1d" />
    <TestEntry testId="f636745b-145a-c96c-94aa-3de7fa6c84fb" executionId="5b5d163f-a477-47e0-a0ba-ce42e821c7c1" testListId="8c84fa94-04c1-424b-9868-57a2d4851a1d" />
    <TestEntry testId="761e91a9-179d-ffde-2f81-057f3dd8c6db" executionId="64749cac-0555-434b-b4fd-b6fe422637df" testListId="8c84fa94-04c1-424b-9868-57a2d4851a1d" />
    <TestEntry testId="b3d72cad-fc42-7e87-23ec-a0be9d0b6dff" executionId="e236201b-9ad9-49dc-89d6-d776a786babd" testListId="8c84fa94-04c1-424b-9868-57a2d4851a1d" />
    <TestEntry testId="a0d34ddf-a325-c9f1-9a0c-c35a86b2cbd6" executionId="b7368f4d-3314-4d6b-b21b-13ced55723bf" testListId="8c84fa94-04c1-424b-9868-57a2d4851a1d" />
    <TestEntry testId="b4a8b3a7-89b4-00c1-6580-f1ffda6430c9" executionId="4b0d53ef-f936-4b1b-93b7-82808c5dea03" testListId="8c84fa94-04c1-424b-9868-57a2d4851a1d" />
    <TestEntry testId="b32f1370-2a65-383b-3c6d-11f4d85e0ddf" executionId="dce3964e-230f-4fa1-9277-efae48829d9f" testListId="8c84fa94-04c1-424b-9868-57a2d4851a1d" />
    <TestEntry testId="b1e39bbb-bdca-e90b-47eb-13b05e99cd8d" executionId="49baa1c1-7c48-4417-97bd-55ba18ca1ee0" testListId="8c84fa94-04c1-424b-9868-57a2d4851a1d" />
    <TestEntry testId="29a3b8a8-9516-cd44-cf62-92608cec9b9f" executionId="0f96a52b-bfef-4e9a-822a-7e87be7b7bf2" testListId="8c84fa94-04c1-424b-9868-57a2d4851a1d" />
    <TestEntry testId="35bdbd48-b3bd-374f-9e39-56a157a7fcf8" executionId="71ec5481-78a3-4a72-8b20-7197e8446c17" testListId="8c84fa94-04c1-424b-9868-57a2d4851a1d" />
    <TestEntry testId="b5ec0676-0cc3-8511-5300-cba16e18dae7" executionId="33384372-1295-418b-984b-6db76c810ce8" testListId="8c84fa94-04c1-424b-9868-57a2d4851a1d" />
    <TestEntry testId="78f13fc2-2462-776f-c5dd-fc7cb7b9940b" executionId="16970192-b4e7-44b3-89f0-b64231658eeb" testListId="8c84fa94-04c1-424b-9868-57a2d4851a1d" />
    <TestEntry testId="aee78940-29c5-fb10-fd35-48459bc161dc" executionId="9c90dbf7-cae2-4770-bb67-2151d16c76d6" testListId="8c84fa94-04c1-424b-9868-57a2d4851a1d" />
    <TestEntry testId="555b80ea-d974-08c8-0d62-acc78d6294e3" executionId="bd2e45b1-d71a-4d33-be86-fe5421d52e79" testListId="8c84fa94-04c1-424b-9868-57a2d4851a1d" />
    <TestEntry testId="d5ca4ef3-a53e-b1c9-7a94-954a058a983b" executionId="9e9e14b9-4dcf-4543-88bb-2cc49c229ab3" testListId="8c84fa94-04c1-424b-9868-57a2d4851a1d" />
    <TestEntry testId="e1d36859-c5c6-a2c7-09e5-6a3c09e953fd" executionId="070bf300-cfd5-47e8-b5d6-32d385c01bca" testListId="8c84fa94-04c1-424b-9868-57a2d4851a1d" />
    <TestEntry testId="befff122-d17a-187b-1e82-53f151e25a57" executionId="da74b2ef-c50e-4b33-ac84-9ea993ad5ebb" testListId="8c84fa94-04c1-424b-9868-57a2d4851a1d" />
    <TestEntry testId="0d5539ad-9e9b-b5f0-5695-4306d1cb4ea0" executionId="282aa35a-b1c6-4481-9cbc-c15e160c4e4c" testListId="8c84fa94-04c1-424b-9868-57a2d4851a1d" />
    <TestEntry testId="3cf0d7ab-2c0e-4d96-c253-d099c6739d46" executionId="5017977e-3adb-4e11-b9d2-00f5b9c02a5a" testListId="8c84fa94-04c1-424b-9868-57a2d4851a1d" />
    <TestEntry testId="1cebfc13-9c01-f177-ff89-d07f94f63b01" executionId="c0df4ff2-622d-4f9a-979b-5d5a86796f3b" testListId="8c84fa94-04c1-424b-9868-57a2d4851a1d" />
    <TestEntry testId="db0b9593-e7fd-0b84-34f4-617b09afbc46" executionId="ff538a99-82cb-4a36-ac8b-e763346c6dbe" testListId="8c84fa94-04c1-424b-9868-57a2d4851a1d" />
    <TestEntry testId="2b7aea13-4801-c21b-bba2-73b9f922112b" executionId="a0da6505-db3f-4259-aa11-2838c73463ef" testListId="8c84fa94-04c1-424b-9868-57a2d4851a1d" />
    <TestEntry testId="8682c6c7-f88f-5066-04b6-2f01cf99c85c" executionId="f068082f-7e0f-4fde-bd8f-0bfe8a69355c" testListId="8c84fa94-04c1-424b-9868-57a2d4851a1d" />
    <TestEntry testId="a5708eeb-3785-8539-7ca7-ac50ec82b522" executionId="fe3a7ea6-9d94-4a5e-80e0-769777e1c225" testListId="8c84fa94-04c1-424b-9868-57a2d4851a1d" />
    <TestEntry testId="92cafafb-d583-9300-8bcb-bcdf885589c4" executionId="540b338a-7650-4e02-b6e9-3e8a1e356744" testListId="8c84fa94-04c1-424b-9868-57a2d4851a1d" />
    <TestEntry testId="6dd949c3-f8ff-7f6a-317d-c580b47d65da" executionId="f5c7035f-304e-4e1d-a3da-910a09bbd339" testListId="8c84fa94-04c1-424b-9868-57a2d4851a1d" />
    <TestEntry testId="26a86637-3346-109e-a87c-afc4b29099c9" executionId="7b5028cf-a11a-463d-bd09-c9679a4682c6" testListId="8c84fa94-04c1-424b-9868-57a2d4851a1d" />
    <TestEntry testId="a8d32624-d3c2-2933-3ee0-149f458e7c6e" executionId="80e2aec2-294a-44e4-88bf-ab90444e5f39" testListId="8c84fa94-04c1-424b-9868-57a2d4851a1d" />
    <TestEntry testId="6a41f939-98e2-4099-4186-4d339192509c" executionId="e46cc0c9-eaa1-4623-99f4-0c1c4f7b32f9" testListId="8c84fa94-04c1-424b-9868-57a2d4851a1d" />
    <TestEntry testId="6f079c7a-f069-3357-8a4f-35c4f115b1dc" executionId="1f34094d-d522-429c-9e4d-f1f4a0ff406e" testListId="8c84fa94-04c1-424b-9868-57a2d4851a1d" />
    <TestEntry testId="0f7e268f-0757-f134-d99a-92be5a4c8293" executionId="af63badf-6d9a-434a-8ff3-00ed08f50219" testListId="8c84fa94-04c1-424b-9868-57a2d4851a1d" />
    <TestEntry testId="1acb8aa9-bcf0-30ef-8b8d-a8710f3b4909" executionId="aa12de13-f77a-4466-bbd4-40005213bd21" testListId="8c84fa94-04c1-424b-9868-57a2d4851a1d" />
    <TestEntry testId="690c3726-1375-c000-139b-29bc0c85ddfd" executionId="2241f956-6d7e-4477-9f5c-dd73f6ab9df3" testListId="8c84fa94-04c1-424b-9868-57a2d4851a1d" />
    <TestEntry testId="8d74ab65-a28c-dde9-6c43-3370d4e387c9" executionId="1b93f216-cbe3-4373-a8f6-adb60e505ff2" testListId="8c84fa94-04c1-424b-9868-57a2d4851a1d" />
    <TestEntry testId="ac0ad653-d3fa-3746-8b9e-af2f92c60b0e" executionId="7e8bb722-eb45-4647-9062-80cecdf14d2e" testListId="8c84fa94-04c1-424b-9868-57a2d4851a1d" />
    <TestEntry testId="84ef2816-e1ac-8006-cbc4-2b9c887c0968" executionId="8d6a60c6-256c-4eae-9065-85ef67e9e48e" testListId="8c84fa94-04c1-424b-9868-57a2d4851a1d" />
    <TestEntry testId="630e199b-e52e-27e1-31c3-7aa9113bd051" executionId="fbd5e554-0290-43ca-b238-54211d6941ce" testListId="8c84fa94-04c1-424b-9868-57a2d4851a1d" />
    <TestEntry testId="1e3b194b-da33-6822-d3bd-ef37da302f0b" executionId="417dd7e4-adee-4f09-a50e-f80d647bd369" testListId="8c84fa94-04c1-424b-9868-57a2d4851a1d" />
    <TestEntry testId="d5410f39-aff5-08ca-e111-d7e39b20c5f4" executionId="bc2a4c96-7cc5-4525-b826-710f3bb06731" testListId="8c84fa94-04c1-424b-9868-57a2d4851a1d" />
    <TestEntry testId="920aef3d-acb8-70e5-c94a-88870cb3d397" executionId="69733980-d895-4217-a19d-e64eeb95bf2f" testListId="8c84fa94-04c1-424b-9868-57a2d4851a1d" />
    <TestEntry testId="01d4a10d-3534-83c7-2f1d-8018bcfa449c" executionId="6e0f5840-390d-49cf-916d-7aa61c1788c4" testListId="8c84fa94-04c1-424b-9868-57a2d4851a1d" />
    <TestEntry testId="3bfe3134-4b4e-44f9-5aac-f189b08936b6" executionId="65125cbc-a760-471b-a69b-56932cf11578" testListId="8c84fa94-04c1-424b-9868-57a2d4851a1d" />
    <TestEntry testId="78bf6ec8-8af8-5c7a-a615-c0378a24f9b5" executionId="d2e744aa-04c6-4ede-b5c8-41ef7eb22cf2" testListId="8c84fa94-04c1-424b-9868-57a2d4851a1d" />
    <TestEntry testId="e6261fb4-d4e6-91da-b916-3e0ff7dd1176" executionId="efb93703-7f99-42d1-87a7-17662f53236f" testListId="8c84fa94-04c1-424b-9868-57a2d4851a1d" />
    <TestEntry testId="c6464023-b61c-7960-d1be-96f6ad13e9ef" executionId="5d86ea2d-3efb-4bd1-8807-54ec00829318" testListId="8c84fa94-04c1-424b-9868-57a2d4851a1d" />
    <TestEntry testId="042030e3-24e5-ecde-e633-55a527e536d3" executionId="4ec4d09c-7b7d-497e-af8d-a7fb9cca21b2" testListId="8c84fa94-04c1-424b-9868-57a2d4851a1d" />
    <TestEntry testId="fc371943-e8d3-acb2-750c-900129a37a7c" executionId="0203d76d-13c9-4b22-9671-5527ee45129e" testListId="8c84fa94-04c1-424b-9868-57a2d4851a1d" />
    <TestEntry testId="37ce25ea-88b0-c5d8-41e7-2c017efff469" executionId="82fda53e-31b5-40aa-8d8b-c2f973f164e1" testListId="8c84fa94-04c1-424b-9868-57a2d4851a1d" />
    <TestEntry testId="4b319d13-c4f6-5025-04e9-c1ed60dd3c1e" executionId="f85e6f21-81bc-41c1-b0e7-706e4e92ca6a" testListId="8c84fa94-04c1-424b-9868-57a2d4851a1d" />
    <TestEntry testId="5d31362d-1993-ea27-1af3-9728392b1678" executionId="fe43861b-142a-4f91-895f-ba11ec40e289" testListId="8c84fa94-04c1-424b-9868-57a2d4851a1d" />
    <TestEntry testId="65c73324-4cd7-6977-1866-2400194bf3cd" executionId="7f81c065-f579-42df-92b7-6ea0036e9d10" testListId="8c84fa94-04c1-424b-9868-57a2d4851a1d" />
    <TestEntry testId="60558b52-01c6-de35-5654-5e9a0c45cdaa" executionId="9f95641c-5a1a-43ea-9b51-acf4de82e49c" testListId="8c84fa94-04c1-424b-9868-57a2d4851a1d" />
    <TestEntry testId="68121f3e-d934-208c-740e-8528d074d869" executionId="19690402-715a-41fb-bbdd-66a6921c02bb" testListId="8c84fa94-04c1-424b-9868-57a2d4851a1d" />
    <TestEntry testId="dffc1e8f-e2e7-0c82-c071-869a8686c326" executionId="a81fc0b6-531a-4c6c-a26b-df011c3e8966" testListId="8c84fa94-04c1-424b-9868-57a2d4851a1d" />
    <TestEntry testId="82a209fb-0131-1678-1d35-7ae6776bee41" executionId="7eeeb442-ed3f-4aec-946e-dfa76c6f3f56" testListId="8c84fa94-04c1-424b-9868-57a2d4851a1d" />
    <TestEntry testId="4554da08-2852-4ecd-ded0-ad0d01142efd" executionId="6b5339de-df2f-49cd-9beb-a0087fbac073" testListId="8c84fa94-04c1-424b-9868-57a2d4851a1d" />
    <TestEntry testId="e41e8783-2063-9731-c1c6-b047d322ecef" executionId="dd9f96ea-a0dc-4b01-a349-f8030e3ca596" testListId="8c84fa94-04c1-424b-9868-57a2d4851a1d" />
    <TestEntry testId="d7c21bab-2b87-cd06-3714-b3507f171fa7" executionId="43aedba0-de14-4b9c-b297-cbc91f13d685" testListId="8c84fa94-04c1-424b-9868-57a2d4851a1d" />
    <TestEntry testId="721b5ff4-e550-2bb8-3774-5ea7429a1fef" executionId="370a918d-f21b-41ad-a876-e16a06006360" testListId="8c84fa94-04c1-424b-9868-57a2d4851a1d" />
    <TestEntry testId="62644e28-1a95-cd93-53ef-add7539bc633" executionId="9a3c6146-9709-4fab-8a2a-23b5c752b120" testListId="8c84fa94-04c1-424b-9868-57a2d4851a1d" />
    <TestEntry testId="135ea9d3-6372-f97c-592f-cb448c0ab7fa" executionId="af894296-4029-4a88-a18a-5388be64300d" testListId="8c84fa94-04c1-424b-9868-57a2d4851a1d" />
    <TestEntry testId="99b956c5-7196-223f-274f-ade0ac367e71" executionId="2ed05aff-f39b-4ef6-9f0f-03326a36c440" testListId="8c84fa94-04c1-424b-9868-57a2d4851a1d" />
    <TestEntry testId="bd2a2e21-9296-a1e9-e4c1-7af084c63d52" executionId="0c69e9fa-eb32-4d1b-8c4f-97cbf71ee3d8" testListId="8c84fa94-04c1-424b-9868-57a2d4851a1d" />
    <TestEntry testId="d21668bd-9cfe-7228-6134-58e7a06a9ca3" executionId="ee54e67f-7845-424a-9466-83d53bdf5611" testListId="8c84fa94-04c1-424b-9868-57a2d4851a1d" />
    <TestEntry testId="35aabd8a-41bf-240a-20de-50978d10232b" executionId="4a5cde7c-a6d7-4661-b774-387b39f2eca8" testListId="8c84fa94-04c1-424b-9868-57a2d4851a1d" />
    <TestEntry testId="5a26ba53-010e-e7fa-4d8b-651ab7961185" executionId="f0b7f17f-dba4-48e0-9975-ad72024bcf7a" testListId="8c84fa94-04c1-424b-9868-57a2d4851a1d" />
    <TestEntry testId="bbfac13b-0d61-7a52-f399-5f9bd8d04d26" executionId="fc65de01-3be0-4c3c-befe-9a236e97a410" testListId="8c84fa94-04c1-424b-9868-57a2d4851a1d" />
    <TestEntry testId="b8ad52bd-eaf1-70ee-719e-d8fd55d6c33d" executionId="c027d961-edcc-4ae9-87c9-202f9da14096" testListId="8c84fa94-04c1-424b-9868-57a2d4851a1d" />
    <TestEntry testId="a787ebc9-c1db-7c46-1ca6-ebdf0ea59b2d" executionId="34cd3bec-a6ea-44cb-9b89-a04b339ec30f" testListId="8c84fa94-04c1-424b-9868-57a2d4851a1d" />
    <TestEntry testId="91e87e4c-3c8e-f245-8e76-b909eb6df8df" executionId="091be9b8-7cb7-4cde-a626-9f0fa9cd8f42" testListId="8c84fa94-04c1-424b-9868-57a2d4851a1d" />
    <TestEntry testId="94760faf-0be4-e719-b87e-bee8162d699c" executionId="4c376d8f-19fa-4a8f-9e12-5f2412d171bd" testListId="8c84fa94-04c1-424b-9868-57a2d4851a1d" />
    <TestEntry testId="7e994d8f-5a23-da47-9501-3819bb5a7a6b" executionId="952e3639-c69e-4e17-a815-67393e4627d7" testListId="8c84fa94-04c1-424b-9868-57a2d4851a1d" />
    <TestEntry testId="7548949a-86ed-121f-47f1-79c04dce947b" executionId="2a30879c-b1d9-4b0b-98d7-380b9a5cb8ff" testListId="8c84fa94-04c1-424b-9868-57a2d4851a1d" />
    <TestEntry testId="0713fc24-5f56-188b-61bc-ff589b97bf61" executionId="1691dd60-fa23-4297-b5bb-1c688818d983" testListId="8c84fa94-04c1-424b-9868-57a2d4851a1d" />
    <TestEntry testId="59a5a761-416b-6b01-aca1-a8b6021b4534" executionId="691bba79-6bf2-4fc7-949c-8b180848fadc" testListId="8c84fa94-04c1-424b-9868-57a2d4851a1d" />
    <TestEntry testId="b19f8b3e-63b3-3450-a4da-d2510fbbc9c5" executionId="d8aa0d12-6c73-4959-ac2f-36b918282fc0" testListId="8c84fa94-04c1-424b-9868-57a2d4851a1d" />
    <TestEntry testId="42184bba-5aa5-9c54-a8cb-e8c7fba0b66a" executionId="045db723-388d-43b4-ac85-1b0ebbc89fb8" testListId="8c84fa94-04c1-424b-9868-57a2d4851a1d" />
    <TestEntry testId="4f5fabf8-a3d9-bd80-2c6e-5f6bb113c7ec" executionId="290a8c04-70e7-4312-93ee-00baa652611c" testListId="8c84fa94-04c1-424b-9868-57a2d4851a1d" />
    <TestEntry testId="a20c9152-010c-ce0e-3458-f88a0ca4bc63" executionId="c35267e0-3a1c-4de7-8c83-0cf912fd5d69" testListId="8c84fa94-04c1-424b-9868-57a2d4851a1d" />
    <TestEntry testId="adcf8d00-2c61-2c50-c0e3-46dbaf64bca3" executionId="a3e3b62d-ea70-415c-a1be-aa923d7c7f6d" testListId="8c84fa94-04c1-424b-9868-57a2d4851a1d" />
    <TestEntry testId="39927b87-4809-0329-4c12-91e77aaa45c3" executionId="f1e94e39-e545-4492-801c-5b69556a6bd0" testListId="8c84fa94-04c1-424b-9868-57a2d4851a1d" />
    <TestEntry testId="9b5757ce-0aad-e3d1-affc-20bcfedf02f4" executionId="9169057d-dc07-438c-9805-a4e3736fd10d" testListId="8c84fa94-04c1-424b-9868-57a2d4851a1d" />
    <TestEntry testId="5585d980-c9c3-1e71-0a44-008e4e152e76" executionId="14312e99-c48f-4080-9158-6a6ab865d8e1" testListId="8c84fa94-04c1-424b-9868-57a2d4851a1d" />
    <TestEntry testId="f9073176-46df-d64a-1e4f-be75384c3c59" executionId="ba6eff91-aa0e-4475-bcc7-81d57ea46026" testListId="8c84fa94-04c1-424b-9868-57a2d4851a1d" />
    <TestEntry testId="c5b1ca63-3000-8456-9835-0b2c04bcc7e2" executionId="6b056814-6253-4ff3-85b4-1d130e2ffad7" testListId="8c84fa94-04c1-424b-9868-57a2d4851a1d" />
    <TestEntry testId="437dfa8b-d2e0-aa65-db4b-da3748f7e35a" executionId="439797b5-13b5-4b36-a449-549d9fa365eb" testListId="8c84fa94-04c1-424b-9868-57a2d4851a1d" />
    <TestEntry testId="b3041ce5-acea-0d0c-0878-71ed3938a6a6" executionId="00f93d52-e7d6-47c5-97ff-73baf480f18d" testListId="8c84fa94-04c1-424b-9868-57a2d4851a1d" />
    <TestEntry testId="6b3211a7-96b3-7ccb-9ced-fc6569a6ddde" executionId="5f05ff9c-b8dd-40e8-ad70-0f013a5c9318" testListId="8c84fa94-04c1-424b-9868-57a2d4851a1d" />
    <TestEntry testId="ba073b9c-cc8d-31f2-de05-bd5c4cd4aa80" executionId="749f4827-00b0-4b34-a986-55c6be523246" testListId="8c84fa94-04c1-424b-9868-57a2d4851a1d" />
    <TestEntry testId="0cc2aed5-fe0b-1444-066f-d2dd39fc4591" executionId="65c15995-2163-43ef-9be2-81bd5a8b0846" testListId="8c84fa94-04c1-424b-9868-57a2d4851a1d" />
    <TestEntry testId="663efa45-e772-506f-273e-fb98bc8bbd47" executionId="670af56d-29cf-4204-bb90-b9500252129a" testListId="8c84fa94-04c1-424b-9868-57a2d4851a1d" />
    <TestEntry testId="d292583c-2958-906c-e28b-f4acefac03c7" executionId="e6339b6a-f7d8-4d1c-a7e8-7c431de19d1d" testListId="8c84fa94-04c1-424b-9868-57a2d4851a1d" />
    <TestEntry testId="d96db7fd-5616-44e3-1f17-5e295d15199f" executionId="28aa2ee6-0d7b-444b-8a0a-bddc262213a7" testListId="8c84fa94-04c1-424b-9868-57a2d4851a1d" />
    <TestEntry testId="0e27d9e7-1246-1e69-34fb-4392793538e3" executionId="947675ef-963c-4f36-8fc9-8550aa97c94e" testListId="8c84fa94-04c1-424b-9868-57a2d4851a1d" />
    <TestEntry testId="07e004c1-e1bd-da0d-4ba7-202f04b35407" executionId="c6cacc72-bc94-46e0-b283-48ec831474b6" testListId="8c84fa94-04c1-424b-9868-57a2d4851a1d" />
    <TestEntry testId="a56bfe24-6690-ae5c-f819-2167a5266c5d" executionId="817a5e7f-f859-4771-ac63-8135f625933a" testListId="8c84fa94-04c1-424b-9868-57a2d4851a1d" />
    <TestEntry testId="a3bf3720-1d09-0e5b-1272-8da853b04168" executionId="8fd72078-a0a0-4f70-9d76-c5c75a541367" testListId="8c84fa94-04c1-424b-9868-57a2d4851a1d" />
    <TestEntry testId="7ba68468-585f-f579-3264-49f0f27800bc" executionId="f079461b-a85b-42bf-86f9-c4febd1ef226" testListId="8c84fa94-04c1-424b-9868-57a2d4851a1d" />
    <TestEntry testId="d2b5d421-4a7f-9da2-8607-76c7d64e4f03" executionId="aa2b5ba5-bd83-4ddc-9626-52ce8b48e6f7" testListId="8c84fa94-04c1-424b-9868-57a2d4851a1d" />
    <TestEntry testId="065b898b-283e-26a6-c073-163c50e33f62" executionId="8ae9d921-1e84-4dbf-a465-186eae144f89" testListId="8c84fa94-04c1-424b-9868-57a2d4851a1d" />
    <TestEntry testId="0953f437-9899-2f69-05d9-edba4e4283ec" executionId="4f0a0944-7dc2-46f4-8b1f-b4ecc8d70c58" testListId="8c84fa94-04c1-424b-9868-57a2d4851a1d" />
    <TestEntry testId="e28cf245-7cbf-d448-6ead-1e894e5bc590" executionId="189589fe-2ed8-4b2c-98cb-1fdfa4f33f94" testListId="8c84fa94-04c1-424b-9868-57a2d4851a1d" />
    <TestEntry testId="562d80d4-6ca6-10ce-46f3-b78854091450" executionId="7d141bfa-b78f-4ee2-a500-0c3b2e909ea9" testListId="8c84fa94-04c1-424b-9868-57a2d4851a1d" />
    <TestEntry testId="a3cec5a3-daea-a8e0-2c94-b5f0e3a0515b" executionId="c312d653-82ce-4740-b15f-e740e349f4c2" testListId="8c84fa94-04c1-424b-9868-57a2d4851a1d" />
    <TestEntry testId="733e8112-42e0-276d-475d-32d4eecc47ee" executionId="cb13c5bf-fd9b-4bf3-bab6-b3737d6b6929" testListId="8c84fa94-04c1-424b-9868-57a2d4851a1d" />
  </TestEntries>
  <TestLists>
    <TestList name="Results Not in a List" id="8c84fa94-04c1-424b-9868-57a2d4851a1d" />
    <TestList name="All Loaded Results" id="19431567-8539-422a-85d7-44ee4e166bda" />
  </TestLists>
  <ResultSummary outcome="Completed">
    <Counters total="398" executed="398" passed="398" failed="0" error="0" timeout="0" aborted="0" inconclusive="0" passedButRunAborted="0" notRunnable="0" notExecuted="0" disconnected="0" warning="0" completed="0" inProgress="0" pending="0" />
  </ResultSummary>
</TestRun>