<?xml version="1.0" encoding="UTF-8"?>
<TestRun id="41f3a841-77e3-4a28-894d-95a8f9de5097" name="bacemi@ICSWS068 2016-08-04 09:55:24" runUser="ICORE\bacemi" xmlns="http://microsoft.com/schemas/VisualStudio/TeamTest/2010">
  <Times creation="2016-08-04T09:55:24.9869822+02:00" queuing="2016-08-04T09:55:24.9869822+02:00" start="2016-08-04T09:55:24.4967506+02:00" finish="2016-08-04T09:55:51.2467959+02:00" />
  <TestSettings name="default" id="df1d49bf-bb01-4c0b-81db-8a1caee5224c">
    <Execution>
      <TestTypeSpecific />
    </Execution>
    <Deployment runDeploymentRoot="bacemi_ICSWS068 2016-08-04 09_55_24" />
    <Properties />
  </TestSettings>
  <Results>
    <UnitTestResult executionId="3c315e81-9677-4c98-8232-b0de52d493b1" testId="75edbc95-ab49-38f2-874f-c7897d532ff8" testName="DefaultConstructor_ShouldSetIsActivationRequestedToFalse" computerName="ICSWS068" duration="00:00:00.0115560" startTime="2016-08-04T09:55:24.4967506+02:00" endTime="2016-08-04T09:55:24.8595351+02:00" testType="13cdc9d9-ddb5-4fa4-a97d-d965ccfc6d4b" outcome="Passed" testListId="8c84fa94-04c1-424b-9868-57a2d4851a1d" relativeResultsDirectory="3c315e81-9677-4c98-8232-b0de52d493b1" />
    <UnitTestResult executionId="ab38e8bd-95fa-49aa-808c-4584773653b9" testId="2add1c69-9545-b2a0-5bdb-82719bd272cf" testName="DefaultConstructor_ShouldSetIsDeactivationRequestedToTrue" computerName="ICSWS068" duration="00:00:00.0002815" startTime="2016-08-04T09:55:24.8650403+02:00" endTime="2016-08-04T09:55:24.8670414+02:00" testType="13cdc9d9-ddb5-4fa4-a97d-d965ccfc6d4b" outcome="Passed" testListId="8c84fa94-04c1-424b-9868-57a2d4851a1d" relativeResultsDirectory="ab38e8bd-95fa-49aa-808c-4584773653b9" />
    <UnitTestResult executionId="5550cc75-e595-4138-9419-fe630bcb9467" testId="8e822503-2386-300b-b0de-555180983390" testName="DefaultConstructor_ShouldLeaveActivationWaitHandleUnsignalled" computerName="ICSWS068" duration="00:00:00.0106654" startTime="2016-08-04T09:55:24.8705431+02:00" endTime="2016-08-04T09:55:24.8826678+02:00" testType="13cdc9d9-ddb5-4fa4-a97d-d965ccfc6d4b" outcome="Passed" testListId="8c84fa94-04c1-424b-9868-57a2d4851a1d" relativeResultsDirectory="5550cc75-e595-4138-9419-fe630bcb9467" />
    <UnitTestResult executionId="bc5b3e99-0b84-43c7-9a7b-af779af5ee15" testId="dc23c326-a7af-d6b5-b3c6-ae49a73d8cb8" testName="DefaultConstructor_ShouldLeaveDeactivationWaitHandleSignalled" computerName="ICSWS068" duration="00:00:00.0006448" startTime="2016-08-04T09:55:24.8866707+02:00" endTime="2016-08-04T09:55:24.8886712+02:00" testType="13cdc9d9-ddb5-4fa4-a97d-d965ccfc6d4b" outcome="Passed" testListId="8c84fa94-04c1-424b-9868-57a2d4851a1d" relativeResultsDirectory="bc5b3e99-0b84-43c7-9a7b-af779af5ee15" />
    <UnitTestResult executionId="bd6331bd-3310-49f5-85a9-7a29a3616b31" testId="b7b78319-188c-a81f-9122-2f02cfa5ab3a" testName="RequestActivation_NoRequestPreviouslyMade_ShouldSetIsActivationRequestedToTrue" computerName="ICSWS068" duration="00:00:00.0002888" startTime="2016-08-04T09:55:24.8911741+02:00" endTime="2016-08-04T09:55:24.8931770+02:00" testType="13cdc9d9-ddb5-4fa4-a97d-d965ccfc6d4b" outcome="Passed" testListId="8c84fa94-04c1-424b-9868-57a2d4851a1d" relativeResultsDirectory="bd6331bd-3310-49f5-85a9-7a29a3616b31" />
    <UnitTestResult executionId="94e2cb65-7890-434e-9a1c-18f3bb15222a" testId="85678343-dc57-35fe-7bdc-f2115235a1d0" testName="RequestActivation_RequestDeactivationPreviouslyMade_ShouldSetIsActivationRequestedToTrue" computerName="ICSWS068" duration="00:00:00.0004249" startTime="2016-08-04T09:55:24.8966793+02:00" endTime="2016-08-04T09:55:24.8991813+02:00" testType="13cdc9d9-ddb5-4fa4-a97d-d965ccfc6d4b" outcome="Passed" testListId="8c84fa94-04c1-424b-9868-57a2d4851a1d" relativeResultsDirectory="94e2cb65-7890-434e-9a1c-18f3bb15222a" />
    <UnitTestResult executionId="630cb182-3f2e-4803-bb4b-545ee13c1266" testId="939a4505-bd32-d99c-7abd-32629b5a3df7" testName="RequestActivation_NoPreviosRequest_ShouldSignalActivationWaitHandle" computerName="ICSWS068" duration="00:00:00.0201584" startTime="2016-08-04T09:55:24.9021499+02:00" endTime="2016-08-04T09:55:24.9236651+02:00" testType="13cdc9d9-ddb5-4fa4-a97d-d965ccfc6d4b" outcome="Passed" testListId="8c84fa94-04c1-424b-9868-57a2d4851a1d" relativeResultsDirectory="630cb182-3f2e-4803-bb4b-545ee13c1266" />
    <UnitTestResult executionId="c6cc8f2c-c5bc-4c47-9542-8c732a11be27" testId="fbf7235e-b702-988d-e840-770b5b75ed14" testName="RequestActivation_DeactivationRequestPreviouslyMade_ShouldSignalActivationWaitHandleAndResetDeactivationWaitHandle" computerName="ICSWS068" duration="00:00:00.0105006" startTime="2016-08-04T09:55:24.9266668+02:00" endTime="2016-08-04T09:55:24.9386763+02:00" testType="13cdc9d9-ddb5-4fa4-a97d-d965ccfc6d4b" outcome="Passed" testListId="8c84fa94-04c1-424b-9868-57a2d4851a1d" relativeResultsDirectory="c6cc8f2c-c5bc-4c47-9542-8c732a11be27" />
    <UnitTestResult executionId="1970ee63-447a-4486-95c0-9912985c6017" testId="931eb7ea-beb3-4640-a577-23310b14c25f" testName="RequestDeactivation_NoPreviousRequestsMade_ShouldSetIsDeactivationRequestedToTrue" computerName="ICSWS068" duration="00:00:00.0001935" startTime="2016-08-04T09:55:24.9421407+02:00" endTime="2016-08-04T09:55:24.9436436+02:00" testType="13cdc9d9-ddb5-4fa4-a97d-d965ccfc6d4b" outcome="Passed" testListId="8c84fa94-04c1-424b-9868-57a2d4851a1d" relativeResultsDirectory="1970ee63-447a-4486-95c0-9912985c6017" />
    <UnitTestResult executionId="d5d02ac9-f084-4c0a-84e0-7696ab86c6bc" testId="d001607e-7f80-71f4-eef7-dcc208ebf87f" testName="RequestDeactivation_PreviousActivationRequestsMade_ShouldSetIsDeactivationRequestedToTrue" computerName="ICSWS068" duration="00:00:00.0002181" startTime="2016-08-04T09:55:24.9471456+02:00" endTime="2016-08-04T09:55:24.9491473+02:00" testType="13cdc9d9-ddb5-4fa4-a97d-d965ccfc6d4b" outcome="Passed" testListId="8c84fa94-04c1-424b-9868-57a2d4851a1d" relativeResultsDirectory="d5d02ac9-f084-4c0a-84e0-7696ab86c6bc" />
    <UnitTestResult executionId="b0c788cf-b57c-481e-90e8-962f8103b474" testId="ffe31e9f-b06c-847f-56b4-0b78afc97be3" testName="RequestDeactivation_NoPreviosRequest_ShouldSignalDeactivationWaitHandle" computerName="ICSWS068" duration="00:00:00.0103252" startTime="2016-08-04T09:55:24.9526499+02:00" endTime="2016-08-04T09:55:24.9646738+02:00" testType="13cdc9d9-ddb5-4fa4-a97d-d965ccfc6d4b" outcome="Passed" testListId="8c84fa94-04c1-424b-9868-57a2d4851a1d" relativeResultsDirectory="b0c788cf-b57c-481e-90e8-962f8103b474" />
    <UnitTestResult executionId="f2d40219-3ece-46a0-af94-7e4e59de786a" testId="b6bc415a-03e5-8df1-fbf3-218545c982c2" testName="RequestDeactivation_ActivationRequestPreviouslyMade_ShouldSignalDeactivationWaitHandleAndResetActivationWaitHandleSignalled" computerName="ICSWS068" duration="00:00:00.0103416" startTime="2016-08-04T09:55:24.9676602+02:00" endTime="2016-08-04T09:55:24.9793741+02:00" testType="13cdc9d9-ddb5-4fa4-a97d-d965ccfc6d4b" outcome="Passed" testListId="8c84fa94-04c1-424b-9868-57a2d4851a1d" relativeResultsDirectory="f2d40219-3ece-46a0-af94-7e4e59de786a" />
    <UnitTestResult executionId="72f4c55a-a03c-4639-a94c-571f039a429f" testId="af24f05d-ce20-d555-cba5-9215d6786de5" testName="GenerateEvents_PeriodicTimer_SequenceOfCalls_CallsDelegateTheCorrectNumberOfTimesAndUpdatesLastFiredAccordingly" computerName="ICSWS068" duration="00:00:02.2947974" startTime="2016-08-04T09:55:24.9824755+02:00" endTime="2016-08-04T09:55:27.2790452+02:00" testType="13cdc9d9-ddb5-4fa4-a97d-d965ccfc6d4b" outcome="Passed" testListId="8c84fa94-04c1-424b-9868-57a2d4851a1d" relativeResultsDirectory="72f4c55a-a03c-4639-a94c-571f039a429f" />
    <UnitTestResult executionId="b92e30a9-1dc1-4a51-93f0-b920344f82a0" testId="c96c2889-58a2-bd03-0ed7-e7d9a2092578" testName="GenerateEvents_AbsoluteTimer_At0000ValidFrom0000ValidTo0200LastFiredNever_GeneratesEventsCorrectly" computerName="ICSWS068" duration="00:00:00.0523483" startTime="2016-08-04T09:55:27.2815484+02:00" endTime="2016-08-04T09:55:27.3359777+02:00" testType="13cdc9d9-ddb5-4fa4-a97d-d965ccfc6d4b" outcome="Passed" testListId="8c84fa94-04c1-424b-9868-57a2d4851a1d" relativeResultsDirectory="b92e30a9-1dc1-4a51-93f0-b920344f82a0" />
    <UnitTestResult executionId="91251f2a-5ca8-463c-86d8-fc27f8e740fe" testId="a8dcb91f-a38a-4262-9590-2eb8ea85c4db" testName="Start_NoOtherServerPartActive_OnActiveExecutionCalled" computerName="ICSWS068" duration="00:00:00.6690881" startTime="2016-08-04T09:55:27.3389985+02:00" endTime="2016-08-04T09:55:28.0097859+02:00" testType="13cdc9d9-ddb5-4fa4-a97d-d965ccfc6d4b" outcome="Passed" testListId="8c84fa94-04c1-424b-9868-57a2d4851a1d" relativeResultsDirectory="91251f2a-5ca8-463c-86d8-fc27f8e740fe" />
    <UnitTestResult executionId="752fd1dc-25d0-4782-add8-e186ceadff14" testId="58837309-e68b-4c47-927d-39a619b9ed46" testName="Deactivate_IsActivating_SetsDeactivationWaitHandle" computerName="ICSWS068" duration="00:00:00.0766386" startTime="2016-08-04T09:55:28.0122902+02:00" endTime="2016-08-04T09:55:28.0902965+02:00" testType="13cdc9d9-ddb5-4fa4-a97d-d965ccfc6d4b" outcome="Passed" testListId="8c84fa94-04c1-424b-9868-57a2d4851a1d" relativeResultsDirectory="752fd1dc-25d0-4782-add8-e186ceadff14" />
    <UnitTestResult executionId="b1fba876-ac65-4cd5-aa5e-f69064a6d3c9" testId="9504f1ec-5353-3b9e-28a2-c076b74ef96e" testName="Deactivate_IsActive_SetsDeactivationWaitHandle" computerName="ICSWS068" duration="00:00:00.0824118" startTime="2016-08-04T09:55:28.0927889+02:00" endTime="2016-08-04T09:55:28.1769889+02:00" testType="13cdc9d9-ddb5-4fa4-a97d-d965ccfc6d4b" outcome="Passed" testListId="8c84fa94-04c1-424b-9868-57a2d4851a1d" relativeResultsDirectory="b1fba876-ac65-4cd5-aa5e-f69064a6d3c9" />
    <UnitTestResult executionId="b2688504-93ba-4581-830b-a382d3354b89" testId="c2ccf5c3-d817-633e-457d-47cfaee411bc" testName="Activate_IsInactive_SetsActivationWaitHandle" computerName="ICSWS068" duration="00:00:00.0905767" startTime="2016-08-04T09:55:28.1804912+02:00" endTime="2016-08-04T09:55:28.2728037+02:00" testType="13cdc9d9-ddb5-4fa4-a97d-d965ccfc6d4b" outcome="Passed" testListId="8c84fa94-04c1-424b-9868-57a2d4851a1d" relativeResultsDirectory="b2688504-93ba-4581-830b-a382d3354b89" />
    <UnitTestResult executionId="2c60f29f-0841-4307-8691-c49960cbdcbf" testId="8a71f95f-2314-b0af-a67d-4b744d864bbb" testName="Deactivate_IsActive_SetsStatusInactive" computerName="ICSWS068" duration="00:00:00.0750715" startTime="2016-08-04T09:55:28.2758066+02:00" endTime="2016-08-04T09:55:28.3521478+02:00" testType="13cdc9d9-ddb5-4fa4-a97d-d965ccfc6d4b" outcome="Passed" testListId="8c84fa94-04c1-424b-9868-57a2d4851a1d" relativeResultsDirectory="2c60f29f-0841-4307-8691-c49960cbdcbf" />
    <UnitTestResult executionId="1fa77dbc-40d7-4eb8-b030-b67dfc2ef3aa" testId="ad4229fc-96b3-edc6-e87f-964e7f386bdf" testName="Stop_IsInactive_TriggersCompletedEvent" computerName="ICSWS068" duration="00:00:05.0969112" startTime="2016-08-04T09:55:28.3551504+02:00" endTime="2016-08-04T09:55:33.4534860+02:00" testType="13cdc9d9-ddb5-4fa4-a97d-d965ccfc6d4b" outcome="Passed" testListId="8c84fa94-04c1-424b-9868-57a2d4851a1d" relativeResultsDirectory="1fa77dbc-40d7-4eb8-b030-b67dfc2ef3aa" />
    <UnitTestResult executionId="3e73e781-e615-462c-8426-182a7f045f3c" testId="0c42c529-fb6b-78ed-e9d4-4d5faf38319d" testName="Stop_IsActive_TriggersCompletedEvent" computerName="ICSWS068" duration="00:00:00.0750052" startTime="2016-08-04T09:55:33.4564880+02:00" endTime="2016-08-04T09:55:33.5328087+02:00" testType="13cdc9d9-ddb5-4fa4-a97d-d965ccfc6d4b" outcome="Passed" testListId="8c84fa94-04c1-424b-9868-57a2d4851a1d" relativeResultsDirectory="3e73e781-e615-462c-8426-182a7f045f3c" />
    <UnitTestResult executionId="186baa40-5a6f-410d-a694-1cef2551e92a" testId="5fd7d7bb-9eaf-1b3d-6dbf-1c793d2f42c9" testName="OnActiveExecution_ThrowsException_TriggersFaultedEvent" computerName="ICSWS068" duration="00:00:00.0745475" startTime="2016-08-04T09:55:33.5358104+02:00" endTime="2016-08-04T09:55:33.6118698+02:00" testType="13cdc9d9-ddb5-4fa4-a97d-d965ccfc6d4b" outcome="Passed" testListId="8c84fa94-04c1-424b-9868-57a2d4851a1d" relativeResultsDirectory="186baa40-5a6f-410d-a694-1cef2551e92a" />
    <UnitTestResult executionId="a563b208-e8e7-4257-8a66-4bdfde754a54" testId="47abdf7b-e1a5-96ae-e27d-b2cb82d4be8d" testName="OnActiveExecution_Test" computerName="ICSWS068" duration="00:00:00.5990909" startTime="2016-08-04T09:55:33.6153721+02:00" endTime="2016-08-04T09:55:34.2152850+02:00" testType="13cdc9d9-ddb5-4fa4-a97d-d965ccfc6d4b" outcome="Passed" testListId="8c84fa94-04c1-424b-9868-57a2d4851a1d" relativeResultsDirectory="a563b208-e8e7-4257-8a66-4bdfde754a54" />
    <UnitTestResult executionId="d65d1939-3ab9-4788-9e02-569ee2320d09" testId="336c1c9f-5de8-fa50-9252-e826cb1b906f" testName="Activate_TryMaintainOwnershipCalledImmediatelyUponActivation" computerName="ICSWS068" duration="00:00:00.0792714" startTime="2016-08-04T09:55:34.2187864+02:00" endTime="2016-08-04T09:55:34.2996112+02:00" testType="13cdc9d9-ddb5-4fa4-a97d-d965ccfc6d4b" outcome="Passed" testListId="8c84fa94-04c1-424b-9868-57a2d4851a1d" relativeResultsDirectory="d65d1939-3ab9-4788-9e02-569ee2320d09" />
    <UnitTestResult executionId="8aa17fde-cc18-4cf9-873e-fed669be28cd" testId="206d829e-9271-9f57-5942-4c476c6a454f" testName="ActiveExecution_TheTimeForOwnershipMaintenancePasses_TryMaintainOwnershipCalledAgain" computerName="ICSWS068" duration="00:00:00.0797383" startTime="2016-08-04T09:55:34.3021155+02:00" endTime="2016-08-04T09:55:34.3836921+02:00" testType="13cdc9d9-ddb5-4fa4-a97d-d965ccfc6d4b" outcome="Passed" testListId="8c84fa94-04c1-424b-9868-57a2d4851a1d" relativeResultsDirectory="8aa17fde-cc18-4cf9-873e-fed669be28cd" />
    <UnitTestResult executionId="9002eac8-6829-4405-a950-3da43da2e6e1" testId="4e12329c-e508-bfcc-fb7b-fb3a69d77df0" testName="ActiveExecution_MaintainOwnershipTakesHalfTheINtervalTime_MaintainOwnershipCalledWhenTheIntervalTimeHasPassed" computerName="ICSWS068" duration="00:00:00.0800696" startTime="2016-08-04T09:55:34.3866944+02:00" endTime="2016-08-04T09:55:34.4682423+02:00" testType="13cdc9d9-ddb5-4fa4-a97d-d965ccfc6d4b" outcome="Passed" testListId="8c84fa94-04c1-424b-9868-57a2d4851a1d" relativeResultsDirectory="9002eac8-6829-4405-a950-3da43da2e6e1" />
    <UnitTestResult executionId="9791b29a-2466-4b83-a05a-140f6b038dc6" testId="3df6cda8-9593-00f1-38fc-de83f0f9bc1d" testName="ActiveExecution_MaintainOwnershipTakesLongerThanTheIntervalTime_MaintainOwnershipCalledImmediatelyAgain" computerName="ICSWS068" duration="00:00:00.1790670" startTime="2016-08-04T09:55:34.4712458+02:00" endTime="2016-08-04T09:55:34.6514413+02:00" testType="13cdc9d9-ddb5-4fa4-a97d-d965ccfc6d4b" outcome="Passed" testListId="8c84fa94-04c1-424b-9868-57a2d4851a1d" relativeResultsDirectory="9791b29a-2466-4b83-a05a-140f6b038dc6" />
    <UnitTestResult executionId="16388802-21cc-436d-bd61-e57bacd786a1" testId="8853160c-3713-c7e5-7a36-25604fb74f21" testName="ActiveExecution_SeveralIntervalsPass_MaintainOwnershipCalledTheCorrectNumberOfTimes" computerName="ICSWS068" duration="00:00:00.0797142" startTime="2016-08-04T09:55:34.6554447+02:00" endTime="2016-08-04T09:55:34.7365187+02:00" testType="13cdc9d9-ddb5-4fa4-a97d-d965ccfc6d4b" outcome="Passed" testListId="8c84fa94-04c1-424b-9868-57a2d4851a1d" relativeResultsDirectory="16388802-21cc-436d-bd61-e57bacd786a1" />
    <UnitTestResult executionId="a371d036-3a69-4cfd-9084-181c575b3c49" testId="bfea451a-7b25-bd8e-43c3-b6d770e0f190" testName="Deactivate_OwnershipRecordIsReleased" computerName="ICSWS068" duration="00:00:00.0827517" startTime="2016-08-04T09:55:34.7390213+02:00" endTime="2016-08-04T09:55:34.8238518+02:00" testType="13cdc9d9-ddb5-4fa4-a97d-d965ccfc6d4b" outcome="Passed" testListId="8c84fa94-04c1-424b-9868-57a2d4851a1d" relativeResultsDirectory="a371d036-3a69-4cfd-9084-181c575b3c49" />
    <UnitTestResult executionId="68758b94-f80b-4065-b296-125300d6d68c" testId="5fe41073-89fc-d13d-dd47-0cc91639af2c" testName="Activate_FailsToGetMaintainOwnershipRecord_Deactivates" computerName="ICSWS068" duration="00:00:00.0847012" startTime="2016-08-04T09:55:34.8263538+02:00" endTime="2016-08-04T09:55:34.9127380+02:00" testType="13cdc9d9-ddb5-4fa4-a97d-d965ccfc6d4b" outcome="Passed" testListId="8c84fa94-04c1-424b-9868-57a2d4851a1d" relativeResultsDirectory="68758b94-f80b-4065-b296-125300d6d68c" />
    <UnitTestResult executionId="1625ccae-7843-4e75-ad9b-32c05a13d60b" testId="bbb62a91-9bb3-3db6-cc11-bf1e66c7a14e" testName="Activate_FailsToGetMaintainOwnershipRecordThroughException_Deactivates" computerName="ICSWS068" duration="00:00:00.0880457" startTime="2016-08-04T09:55:34.9152403+02:00" endTime="2016-08-04T09:55:35.0046575+02:00" testType="13cdc9d9-ddb5-4fa4-a97d-d965ccfc6d4b" outcome="Passed" testListId="8c84fa94-04c1-424b-9868-57a2d4851a1d" relativeResultsDirectory="1625ccae-7843-4e75-ad9b-32c05a13d60b" />
    <UnitTestResult executionId="6bfadcdc-958c-4a68-b361-400cbbdd8e94" testId="d93c16f8-34ab-6f62-73b7-29ad6800fb8c" testName="AddWhm_ServersImplementingApplicationPools_AllApplicationPoolsImplementedAvailableInAvailableApplicationPools" computerName="ICSWS068" duration="00:00:00.1437813" startTime="2016-08-04T09:55:35.0076601+02:00" endTime="2016-08-04T09:55:35.1531248+02:00" testType="13cdc9d9-ddb5-4fa4-a97d-d965ccfc6d4b" outcome="Passed" testListId="8c84fa94-04c1-424b-9868-57a2d4851a1d" relativeResultsDirectory="6bfadcdc-958c-4a68-b361-400cbbdd8e94" />
    <UnitTestResult executionId="f7796dd9-0f50-4d16-85f3-4a0a8478c7bc" testId="897a9939-ced2-bb85-77e1-c9a3f7afe673" testName="AddWhm_ServerImplementingApplicationPoolWithNoWorkerProcesses_EmptyImplementationsAreNotVisibleInAvailableApplicationPools" computerName="ICSWS068" duration="00:00:00.0092997" startTime="2016-08-04T09:55:35.1556415+02:00" endTime="2016-08-04T09:55:35.1661706+02:00" testType="13cdc9d9-ddb5-4fa4-a97d-d965ccfc6d4b" outcome="Passed" testListId="8c84fa94-04c1-424b-9868-57a2d4851a1d" relativeResultsDirectory="f7796dd9-0f50-4d16-85f3-4a0a8478c7bc" />
    <UnitTestResult executionId="d88adaf1-5dd2-4755-afa3-b4b989e560b8" testId="160d89d5-2834-415c-fbfa-d52d9b597627" testName="RemoveWhm_AvailableServer_ApplicationPoolsImplementedOnlyByServerRemovedFromListOfAvailableApplicationPools" computerName="ICSWS068" duration="00:00:00.0119560" startTime="2016-08-04T09:55:35.1691559+02:00" endTime="2016-08-04T09:55:35.1826759+02:00" testType="13cdc9d9-ddb5-4fa4-a97d-d965ccfc6d4b" outcome="Passed" testListId="8c84fa94-04c1-424b-9868-57a2d4851a1d" relativeResultsDirectory="d88adaf1-5dd2-4755-afa3-b4b989e560b8" />
    <UnitTestResult executionId="7c0a963a-df20-45e4-bf02-a2bd05c52c47" testId="bec8f507-de3a-214e-80e2-4ab664674861" testName="RemoveWhm_NonExistingServer_ReturnsFalse" computerName="ICSWS068" duration="00:00:00.0094645" startTime="2016-08-04T09:55:35.1851762+02:00" endTime="2016-08-04T09:55:35.1956842+02:00" testType="13cdc9d9-ddb5-4fa4-a97d-d965ccfc6d4b" outcome="Passed" testListId="8c84fa94-04c1-424b-9868-57a2d4851a1d" relativeResultsDirectory="7c0a963a-df20-45e4-bf02-a2bd05c52c47" />
    <UnitTestResult executionId="4f253323-4f52-400f-a2d7-060d57bfee7d" testId="0b9260dd-824c-57fa-2e0a-8bf2bcb9166b" testName="SetWhmDormant_ExistingServer_ApplicationPoolsOnlyImplementedByDormantServerRemovedFromAvailableApplicationPools" computerName="ICSWS068" duration="00:00:00.0098941" startTime="2016-08-04T09:55:35.1986877+02:00" endTime="2016-08-04T09:55:35.2097130+02:00" testType="13cdc9d9-ddb5-4fa4-a97d-d965ccfc6d4b" outcome="Passed" testListId="8c84fa94-04c1-424b-9868-57a2d4851a1d" relativeResultsDirectory="4f253323-4f52-400f-a2d7-060d57bfee7d" />
    <UnitTestResult executionId="aa56ca0a-72ce-4169-83b4-84b95575d6a3" testId="ed39cb21-6258-43c2-561d-44d94f9a7d6d" testName="SetWhmAvailable_DormantServer_ApplicationPoolsOnlyImplementedByDormantServerAddedToAvailableApplicationPools" computerName="ICSWS068" duration="00:00:00.0118202" startTime="2016-08-04T09:55:35.2129475+02:00" endTime="2016-08-04T09:55:35.2259620+02:00" testType="13cdc9d9-ddb5-4fa4-a97d-d965ccfc6d4b" outcome="Passed" testListId="8c84fa94-04c1-424b-9868-57a2d4851a1d" relativeResultsDirectory="aa56ca0a-72ce-4169-83b4-84b95575d6a3" />
    <UnitTestResult executionId="b2ddd2c1-8522-46a8-a37a-92f09a6b04bd" testId="6285bf2d-e166-2df5-869c-ee1f26fc0308" testName="GetLeastLoadedWhmAppPool_BothAppPoolsOfComponentAvailableInMultipleServers_ReturnsLeastLoadedWhmImplementingPrimaryApplicationPool" computerName="ICSWS068" duration="00:00:00.1535799" startTime="2016-08-04T09:55:35.2289643+02:00" endTime="2016-08-04T09:55:35.3834130+02:00" testType="13cdc9d9-ddb5-4fa4-a97d-d965ccfc6d4b" outcome="Passed" testListId="8c84fa94-04c1-424b-9868-57a2d4851a1d" relativeResultsDirectory="b2ddd2c1-8522-46a8-a37a-92f09a6b04bd" />
    <UnitTestResult executionId="51264218-79ed-4f08-9563-c32372191b36" testId="dcac2943-24f8-ee0f-4cf9-28ae04379484" testName="GetLeastLoadedWhmAppPool_BothAppPoolsOfComponentAvailableInMultipleServersButPrimaryIsFull_ReturnsFullWhm" computerName="ICSWS068" duration="00:00:00.0208517" startTime="2016-08-04T09:55:35.3864144+02:00" endTime="2016-08-04T09:55:35.4089304+02:00" testType="13cdc9d9-ddb5-4fa4-a97d-d965ccfc6d4b" outcome="Passed" testListId="8c84fa94-04c1-424b-9868-57a2d4851a1d" relativeResultsDirectory="51264218-79ed-4f08-9563-c32372191b36" />
    <UnitTestResult executionId="51de30b6-474d-45d7-89f3-4307fe87b769" testId="3186c0ea-14f2-0bdb-4951-db182d6630ad" testName="GetLeastLoadedWhmAppPool_PrimaryAppPoolUnavailable_ReturnsWhmFromSecondaryAppPool" computerName="ICSWS068" duration="00:00:00.0202986" startTime="2016-08-04T09:55:35.4114321+02:00" endTime="2016-08-04T09:55:35.4333259+02:00" testType="13cdc9d9-ddb5-4fa4-a97d-d965ccfc6d4b" outcome="Passed" testListId="8c84fa94-04c1-424b-9868-57a2d4851a1d" relativeResultsDirectory="51de30b6-474d-45d7-89f3-4307fe87b769" />
    <UnitTestResult executionId="68e5f5b7-e1e7-4eb7-8795-ec5dcc8847cf" testId="7804574e-1445-7836-7cb3-2c7e652eb09c" testName="GetLeastLoadedWhmAppPool_PrimaryAppPoolUnavailableAndComponentHasNoSecondaryAppPool_ReturnsNull" computerName="ICSWS068" duration="00:00:00.0177286" startTime="2016-08-04T09:55:35.4373118+02:00" endTime="2016-08-04T09:55:35.4568358+02:00" testType="13cdc9d9-ddb5-4fa4-a97d-d965ccfc6d4b" outcome="Passed" testListId="8c84fa94-04c1-424b-9868-57a2d4851a1d" relativeResultsDirectory="68e5f5b7-e1e7-4eb7-8795-ec5dcc8847cf" />
    <UnitTestResult executionId="55908671-88d2-457f-97cb-22d3333ee71a" testId="6b073c83-cc10-0fc5-cf6c-1afba7d35c89" testName="GetLeastLoadedWhmAppPool_AllAppPoolsUnavailable_ReturnsNull" computerName="ICSWS068" duration="00:00:00.0170905" startTime="2016-08-04T09:55:35.4593542+02:00" endTime="2016-08-04T09:55:35.4777615+02:00" testType="13cdc9d9-ddb5-4fa4-a97d-d965ccfc6d4b" outcome="Passed" testListId="8c84fa94-04c1-424b-9868-57a2d4851a1d" relativeResultsDirectory="55908671-88d2-457f-97cb-22d3333ee71a" />
    <UnitTestResult executionId="42a58d3f-2ade-447c-9c0c-86ac23667f2b" testId="a4558aa2-9048-3290-fa04-96d671ba06ff" testName="GetLeastLoadedWhmAppPool_SequenceOfCallsWithUpdatesOfBusyCount_AllServersImplementingOnlyOneApplicationPool_ReturnsExpectedResults" computerName="ICSWS068" duration="00:00:00.0097903" startTime="2016-08-04T09:55:35.4807483+02:00" endTime="2016-08-04T09:55:35.4917906+02:00" testType="13cdc9d9-ddb5-4fa4-a97d-d965ccfc6d4b" outcome="Passed" testListId="8c84fa94-04c1-424b-9868-57a2d4851a1d" relativeResultsDirectory="42a58d3f-2ade-447c-9c0c-86ac23667f2b" />
    <UnitTestResult executionId="c26129aa-8d88-424d-a06f-b87dcb8ecdce" testId="792b7f1b-2840-f14c-cf71-188ad5e70eb6" testName="GetLeastLoadedWhmAppPool_SequenceOfCallsWithUpdatesOfBusyCount_MultipleComponentsAndApplicationPools_ReturnsExpectedResults" computerName="ICSWS068" duration="00:00:00.0168556" startTime="2016-08-04T09:55:35.4942777+02:00" endTime="2016-08-04T09:55:35.5123090+02:00" testType="13cdc9d9-ddb5-4fa4-a97d-d965ccfc6d4b" outcome="Passed" testListId="8c84fa94-04c1-424b-9868-57a2d4851a1d" relativeResultsDirectory="c26129aa-8d88-424d-a06f-b87dcb8ecdce" />
    <UnitTestResult executionId="32afdcad-87da-4fb5-a46d-cda59e8ac691" testId="547d6c42-6b0b-776e-26b9-7e354ad10553" testName="GetLeastLoadedWhmAppPool_SequenceOfCallsWithUpdatesOfBusyCountWithMultipleComponentsAndDormantedApplicationPools_ReturnsExpectedResults" computerName="ICSWS068" duration="00:00:00.0163955" startTime="2016-08-04T09:55:35.5147943+02:00" endTime="2016-08-04T09:55:35.5328292+02:00" testType="13cdc9d9-ddb5-4fa4-a97d-d965ccfc6d4b" outcome="Passed" testListId="8c84fa94-04c1-424b-9868-57a2d4851a1d" relativeResultsDirectory="32afdcad-87da-4fb5-a46d-cda59e8ac691" />
    <UnitTestResult executionId="87981c88-e555-42e2-bc62-fce8d14075c4" testId="d49757fb-c16e-655b-ecaf-7c6ba8c7d885" testName="Parse_StartArgs_ShouldReturnStartRequest" computerName="ICSWS068" duration="00:00:00.0022621" startTime="2016-08-04T09:55:35.5353148+02:00" endTime="2016-08-04T09:55:35.5388185+02:00" testType="13cdc9d9-ddb5-4fa4-a97d-d965ccfc6d4b" outcome="Passed" testListId="8c84fa94-04c1-424b-9868-57a2d4851a1d" relativeResultsDirectory="87981c88-e555-42e2-bc62-fce8d14075c4" />
    <UnitTestResult executionId="e33c163d-108c-4902-afc2-d23d71876bc0" testId="278928a6-b92b-1542-f54f-14f3241a30ff" testName="Parse_StartArgument_ShouldReturnStartRequest" computerName="ICSWS068" duration="00:00:00.0002431" startTime="2016-08-04T09:55:35.5418393+02:00" endTime="2016-08-04T09:55:35.5433399+02:00" testType="13cdc9d9-ddb5-4fa4-a97d-d965ccfc6d4b" outcome="Passed" testListId="8c84fa94-04c1-424b-9868-57a2d4851a1d" relativeResultsDirectory="e33c163d-108c-4902-afc2-d23d71876bc0" />
    <UnitTestResult executionId="97bdd1a1-a605-4104-a77a-7d085f7af593" testId="5ff21f7d-05fc-6470-10b6-728e57c7dc87" testName="Parse_StartArgumentMissingSID_ShouldReturnErrors" computerName="ICSWS068" duration="00:00:00.0002909" startTime="2016-08-04T09:55:35.5458278+02:00" endTime="2016-08-04T09:55:35.5473269+02:00" testType="13cdc9d9-ddb5-4fa4-a97d-d965ccfc6d4b" outcome="Passed" testListId="8c84fa94-04c1-424b-9868-57a2d4851a1d" relativeResultsDirectory="97bdd1a1-a605-4104-a77a-7d085f7af593" />
    <UnitTestResult executionId="7f225d0e-d1c7-495b-a1aa-2cba4c2de162" testId="82b3f6e6-fc65-0954-ca45-21fea75e4698" testName="Parse_ErrorArgument_ShouldThrowArgumentException" computerName="ICSWS068" duration="00:00:00.0017339" startTime="2016-08-04T09:55:35.5498286+02:00" endTime="2016-08-04T09:55:35.5528350+02:00" testType="13cdc9d9-ddb5-4fa4-a97d-d965ccfc6d4b" outcome="Passed" testListId="8c84fa94-04c1-424b-9868-57a2d4851a1d" relativeResultsDirectory="7f225d0e-d1c7-495b-a1aa-2cba4c2de162" />
    <UnitTestResult executionId="b352d337-7658-4baa-b7d3-44615f03a23c" testId="7c79b2d8-4aa3-a6bd-7933-1ef04b549633" testName="Parse_NullArgument_ShouldThrowArgumentException" computerName="ICSWS068" duration="00:00:00.0004938" startTime="2016-08-04T09:55:35.5633768+02:00" endTime="2016-08-04T09:55:35.5653630+02:00" testType="13cdc9d9-ddb5-4fa4-a97d-d965ccfc6d4b" outcome="Passed" testListId="8c84fa94-04c1-424b-9868-57a2d4851a1d" relativeResultsDirectory="b352d337-7658-4baa-b7d3-44615f03a23c" />
    <UnitTestResult executionId="0cc3b46b-5b0e-48e5-92cf-ae5c1052b240" testId="99dbed30-91d7-2316-4010-90db65ee09e8" testName="EmptyConstructorTest_ValidArg_CountIsZero" computerName="ICSWS068" duration="00:00:00.0030779" startTime="2016-08-04T09:55:35.5673796+02:00" endTime="2016-08-04T09:55:35.5713684+02:00" testType="13cdc9d9-ddb5-4fa4-a97d-d965ccfc6d4b" outcome="Passed" testListId="8c84fa94-04c1-424b-9868-57a2d4851a1d" relativeResultsDirectory="0cc3b46b-5b0e-48e5-92cf-ae5c1052b240" />
    <UnitTestResult executionId="92a6ad5f-eb1d-4b0f-9ccd-77ba92e4ffe3" testId="23ecb974-d78e-8108-e6b2-90c28f0b58a0" testName="Enqueue_ValidArg_CountIsOne" computerName="ICSWS068" duration="00:00:00.0015762" startTime="2016-08-04T09:55:35.5748742+02:00" endTime="2016-08-04T09:55:35.5773759+02:00" testType="13cdc9d9-ddb5-4fa4-a97d-d965ccfc6d4b" outcome="Passed" testListId="8c84fa94-04c1-424b-9868-57a2d4851a1d" relativeResultsDirectory="92a6ad5f-eb1d-4b0f-9ccd-77ba92e4ffe3" />
    <UnitTestResult executionId="21400225-4bf7-4325-bcc0-8699c4829d61" testId="3e884035-6016-ee94-55dc-f2782ab38ef0" testName="Enqueue_TwoNonIsAliveMessagesFromSameSender_CountIsTwo" computerName="ICSWS068" duration="00:00:00.0002325" startTime="2016-08-04T09:55:35.5798950+02:00" endTime="2016-08-04T09:55:35.5813964+02:00" testType="13cdc9d9-ddb5-4fa4-a97d-d965ccfc6d4b" outcome="Passed" testListId="8c84fa94-04c1-424b-9868-57a2d4851a1d" relativeResultsDirectory="21400225-4bf7-4325-bcc0-8699c4829d61" />
    <UnitTestResult executionId="4e8911db-1797-44a9-a909-4462eeed6258" testId="9628f732-97db-b60f-e331-baff8a887ecf" testName="Enqueue_OneIsAliveMessageAndOneOtherFromSameSender_CountIsTwo" computerName="ICSWS068" duration="00:00:00.0016659" startTime="2016-08-04T09:55:35.5844749+02:00" endTime="2016-08-04T09:55:35.5869755+02:00" testType="13cdc9d9-ddb5-4fa4-a97d-d965ccfc6d4b" outcome="Passed" testListId="8c84fa94-04c1-424b-9868-57a2d4851a1d" relativeResultsDirectory="4e8911db-1797-44a9-a909-4462eeed6258" />
    <UnitTestResult executionId="224fa1fa-1d62-45d8-9403-9f016995ac6d" testId="7418039b-0e8d-78ce-6bc9-6be74100092f" testName="Enqueue_TwoIsAliveMessagesFromDifferentSenders_CountIsTwo" computerName="ICSWS068" duration="00:00:00.0003900" startTime="2016-08-04T09:55:35.5899939+02:00" endTime="2016-08-04T09:55:35.5914951+02:00" testType="13cdc9d9-ddb5-4fa4-a97d-d965ccfc6d4b" outcome="Passed" testListId="8c84fa94-04c1-424b-9868-57a2d4851a1d" relativeResultsDirectory="224fa1fa-1d62-45d8-9403-9f016995ac6d" />
    <UnitTestResult executionId="14242818-ee0d-4fc1-9687-870c85a5dedd" testId="e02b9322-0eb7-1188-a730-2c14e88428c7" testName="Enqueue_TwoIsAliveMessagesFromSameSenders_CountIsOneAndQueuedItemIsSecond" computerName="ICSWS068" duration="00:00:00.0007184" startTime="2016-08-04T09:55:35.5939962+02:00" endTime="2016-08-04T09:55:35.5960038+02:00" testType="13cdc9d9-ddb5-4fa4-a97d-d965ccfc6d4b" outcome="Passed" testListId="8c84fa94-04c1-424b-9868-57a2d4851a1d" relativeResultsDirectory="14242818-ee0d-4fc1-9687-870c85a5dedd" />
    <UnitTestResult executionId="7757fa5b-d5e1-4c83-8105-76ec704588f4" testId="777fde0d-f8dc-9559-88f7-4f83f9ef8be7" testName="Enqueue_MessageEnqueued_WaitHandleIsSet" computerName="ICSWS068" duration="00:00:00.0009284" startTime="2016-08-04T09:55:35.5979829+02:00" endTime="2016-08-04T09:55:35.6004852+02:00" testType="13cdc9d9-ddb5-4fa4-a97d-d965ccfc6d4b" outcome="Passed" testListId="8c84fa94-04c1-424b-9868-57a2d4851a1d" relativeResultsDirectory="7757fa5b-d5e1-4c83-8105-76ec704588f4" />
    <UnitTestResult executionId="99f782e6-a4f5-4f96-bc1e-0aa6b4309c0b" testId="6cb92711-8494-5c86-c68e-5ad9b2d8eb6c" testName="Dequeue_SomeMessageEnqueued_WaitHandleIsResetOnEmpty" computerName="ICSWS068" duration="00:00:01.2509178" startTime="2016-08-04T09:55:35.6029869+02:00" endTime="2016-08-04T09:55:36.8554507+02:00" testType="13cdc9d9-ddb5-4fa4-a97d-d965ccfc6d4b" outcome="Passed" testListId="8c84fa94-04c1-424b-9868-57a2d4851a1d" relativeResultsDirectory="99f782e6-a4f5-4f96-bc1e-0aa6b4309c0b" />
    <UnitTestResult executionId="3b294a4e-9a24-414c-b51c-37f1518cdf08" testId="2a1eca9f-d13f-8161-acb8-0bc79494130c" testName="GetObservable_MessagesExistsInQueue_ReturnsBothExistingAndSubsequentMessages" computerName="ICSWS068" duration="00:00:00.0089760" startTime="2016-08-04T09:55:36.8584533+02:00" endTime="2016-08-04T09:55:36.8684956+02:00" testType="13cdc9d9-ddb5-4fa4-a97d-d965ccfc6d4b" outcome="Passed" testListId="8c84fa94-04c1-424b-9868-57a2d4851a1d" relativeResultsDirectory="3b294a4e-9a24-414c-b51c-37f1518cdf08" />
    <UnitTestResult executionId="8798dca8-f67a-4939-b731-7986d6c6e7f1" testId="001edeb6-72ee-6644-de90-0b1b4e3aafb1" testName="GetObservable_MessagesExistsInQueue_DequeueFromObservable_ReturnsCorrectResult" computerName="ICSWS068" duration="00:00:00.0006715" startTime="2016-08-04T09:55:36.8709979+02:00" endTime="2016-08-04T09:55:36.8736779+02:00" testType="13cdc9d9-ddb5-4fa4-a97d-d965ccfc6d4b" outcome="Passed" testListId="8c84fa94-04c1-424b-9868-57a2d4851a1d" relativeResultsDirectory="8798dca8-f67a-4939-b731-7986d6c6e7f1" />
    <UnitTestResult executionId="29e98131-52b0-414d-9341-77ad62980d43" testId="338ea31b-b24d-3873-11d1-da98f236ee8a" testName="GetOrCreateSessionEvent_NoPreviousSessionExists_NewSessionIsCreated" computerName="ICSWS068" duration="00:00:00.0878084" startTime="2016-08-04T09:55:36.8761794+02:00" endTime="2016-08-04T09:55:36.9651840+02:00" testType="13cdc9d9-ddb5-4fa4-a97d-d965ccfc6d4b" outcome="Passed" testListId="8c84fa94-04c1-424b-9868-57a2d4851a1d" relativeResultsDirectory="29e98131-52b0-414d-9341-77ad62980d43" />
    <UnitTestResult executionId="7942220c-d217-4969-abd1-3b2bb96a0ce7" testId="9479af87-aa94-7eac-129a-aa1dcc57becd" testName="GetOrCreateSessionEvent_APreviousSessionExists_NoRunningJobsFromThatSession_NewSessionIsCreated" computerName="ICSWS068" duration="00:00:00.0187048" startTime="2016-08-04T09:55:36.9681872+02:00" endTime="2016-08-04T09:55:36.9882006+02:00" testType="13cdc9d9-ddb5-4fa4-a97d-d965ccfc6d4b" outcome="Passed" testListId="8c84fa94-04c1-424b-9868-57a2d4851a1d" relativeResultsDirectory="7942220c-d217-4969-abd1-3b2bb96a0ce7" />
    <UnitTestResult executionId="d6265913-51e7-4f7f-a19c-8fea32ae4483" testId="3b3990ba-22c5-2c18-0dc6-575a132d695f" testName="GetOrCreateSessionEvent_APreviousSessionExists_NoRunningJobsFromOtherServersInThatSession_NewSessionIsCreated" computerName="ICSWS068" duration="00:00:00.0267081" startTime="2016-08-04T09:55:36.9907041+02:00" endTime="2016-08-04T09:55:37.0187435+02:00" testType="13cdc9d9-ddb5-4fa4-a97d-d965ccfc6d4b" outcome="Passed" testListId="8c84fa94-04c1-424b-9868-57a2d4851a1d" relativeResultsDirectory="d6265913-51e7-4f7f-a19c-8fea32ae4483" />
    <UnitTestResult executionId="0fd4f947-b367-42d5-aa94-f23c6decf443" testId="9798f6f9-42d1-a20f-9e6c-e156008921f3" testName="GetOrCreateSessionEvent_PreviousSessionWithRunningJobsFromOtherServerExists_IsAliveMessagesSentAndNewSessionIsCreatedWhenNoRepliesReceived" computerName="ICSWS068" duration="00:00:00.0365824" startTime="2016-08-04T09:55:37.0207306+02:00" endTime="2016-08-04T09:55:37.0596809+02:00" testType="13cdc9d9-ddb5-4fa4-a97d-d965ccfc6d4b" outcome="Passed" testListId="8c84fa94-04c1-424b-9868-57a2d4851a1d" relativeResultsDirectory="0fd4f947-b367-42d5-aa94-f23c6decf443" />
    <UnitTestResult executionId="bdf2f873-3e6a-43a7-bd3b-76132d63e0a4" testId="cc8e85a3-9242-24af-c108-7be1e82b5093" testName="GetOrCreateSessionEvent_PreviousSessionWithRunningJobsFromOtherServerExistsAndOwnershipRecordsAreUpdated_IsAliveMessagesSentAndOwnershipSessionIsUsedWhenNoRepliesReceived" computerName="ICSWS068" duration="00:00:00.0242551" startTime="2016-08-04T09:55:37.0671864+02:00" endTime="2016-08-04T09:55:37.0927103+02:00" testType="13cdc9d9-ddb5-4fa4-a97d-d965ccfc6d4b" outcome="Passed" testListId="8c84fa94-04c1-424b-9868-57a2d4851a1d" relativeResultsDirectory="bdf2f873-3e6a-43a7-bd3b-76132d63e0a4" />
    <UnitTestResult executionId="3a74d73d-376b-4256-85e0-5b4e34aff69e" testId="df53ee82-da12-48be-d1b1-224bb6b3add3" testName="GetOrCreateSessionEvent_PreviousSessionWithRunningJobsFromOtherServerExistsAndIsAliveMessageReceived_SessionFromIsAliveIsUsed" computerName="ICSWS068" duration="00:00:00.0196778" startTime="2016-08-04T09:55:37.0957132+02:00" endTime="2016-08-04T09:55:37.1166762+02:00" testType="13cdc9d9-ddb5-4fa4-a97d-d965ccfc6d4b" outcome="Passed" testListId="8c84fa94-04c1-424b-9868-57a2d4851a1d" relativeResultsDirectory="3a74d73d-376b-4256-85e0-5b4e34aff69e" />
    <UnitTestResult executionId="45a1898f-f986-4cc5-887a-ff3bb1b88c42" testId="413ce944-6eed-5e12-d151-4231124ab5c7" testName="GetOrCreateSessionEvent_PreviousSessionWithRunningJobsFromOtherServerExistsAndCurrrentSessionRecordIsUpdated_SessionFromSessionRepositoryIsUsed" computerName="ICSWS068" duration="00:00:00.0198924" startTime="2016-08-04T09:55:37.1196635+02:00" endTime="2016-08-04T09:55:37.1412684+02:00" testType="13cdc9d9-ddb5-4fa4-a97d-d965ccfc6d4b" outcome="Passed" testListId="8c84fa94-04c1-424b-9868-57a2d4851a1d" relativeResultsDirectory="45a1898f-f986-4cc5-887a-ff3bb1b88c42" />
    <UnitTestResult executionId="4f3e775f-01d0-4d1e-99d2-0aa186add9b1" testId="8053024f-241c-c508-b9ad-ad9544a7eafa" testName="ContainsTakeoverRequestFor_ReturnsCorrectValues" computerName="ICSWS068" duration="00:00:00.0082936" startTime="2016-08-04T09:55:37.1437528+02:00" endTime="2016-08-04T09:55:37.1532653+02:00" testType="13cdc9d9-ddb5-4fa4-a97d-d965ccfc6d4b" outcome="Passed" testListId="8c84fa94-04c1-424b-9868-57a2d4851a1d" relativeResultsDirectory="4f3e775f-01d0-4d1e-99d2-0aa186add9b1" />
    <UnitTestResult executionId="10e1af3f-7ea8-4d0e-8f33-3259d03a2a17" testId="1c147c40-2d9e-28e6-4519-245d9543d4fe" testName="ContainsTakeoverRequestFor_WithExpirationTime_ReturnsCorrectValues" computerName="ICSWS068" duration="00:00:00.0009653" startTime="2016-08-04T09:55:37.1562661+02:00" endTime="2016-08-04T09:55:37.1587851+02:00" testType="13cdc9d9-ddb5-4fa4-a97d-d965ccfc6d4b" outcome="Passed" testListId="8c84fa94-04c1-424b-9868-57a2d4851a1d" relativeResultsDirectory="10e1af3f-7ea8-4d0e-8f33-3259d03a2a17" />
    <UnitTestResult executionId="6812e02d-8aaa-471c-ba07-e09c1c9f67a6" testId="0d5396e0-4245-0cb5-2eb7-0c8aaf81e8d7" testName="GetAll_ReturnsCorrectValues" computerName="ICSWS068" duration="00:00:00.0043641" startTime="2016-08-04T09:55:37.1607698+02:00" endTime="2016-08-04T09:55:37.1670765+02:00" testType="13cdc9d9-ddb5-4fa4-a97d-d965ccfc6d4b" outcome="Passed" testListId="8c84fa94-04c1-424b-9868-57a2d4851a1d" relativeResultsDirectory="6812e02d-8aaa-471c-ba07-e09c1c9f67a6" />
    <UnitTestResult executionId="ff57b298-38b4-4493-87b3-ab4b31e281ed" testId="000be893-79b1-1ead-377c-a8b37526facc" testName="GetAll_WithExpiration_ReturnsCorrectValues" computerName="ICSWS068" duration="00:00:00.0007615" startTime="2016-08-04T09:55:37.1695632+02:00" endTime="2016-08-04T09:55:37.1705638+02:00" testType="13cdc9d9-ddb5-4fa4-a97d-d965ccfc6d4b" outcome="Passed" testListId="8c84fa94-04c1-424b-9868-57a2d4851a1d" relativeResultsDirectory="ff57b298-38b4-4493-87b3-ab4b31e281ed" />
    <UnitTestResult executionId="af7dca70-e1e1-4bca-b025-f41e19bc796c" testId="fac1f6f1-e914-d0e0-8efd-e66a928a411f" testName="ToHotObservable_ProducesNewValuesAdded" computerName="ICSWS068" duration="00:00:00.0015923" startTime="2016-08-04T09:55:37.1740758+02:00" endTime="2016-08-04T09:55:37.1770769+02:00" testType="13cdc9d9-ddb5-4fa4-a97d-d965ccfc6d4b" outcome="Passed" testListId="8c84fa94-04c1-424b-9868-57a2d4851a1d" relativeResultsDirectory="af7dca70-e1e1-4bca-b025-f41e19bc796c" />
    <UnitTestResult executionId="c4762c3b-2374-4612-91d3-4d59aa770fe4" testId="e28fa139-fdea-1194-b0e4-5e9f8df425fe" testName="ToHotObservable_ValuesAlreadyInCollectionAreProducedFirst" computerName="ICSWS068" duration="00:00:00.0009325" startTime="2016-08-04T09:55:37.1795631+02:00" endTime="2016-08-04T09:55:37.1815821+02:00" testType="13cdc9d9-ddb5-4fa4-a97d-d965ccfc6d4b" outcome="Passed" testListId="8c84fa94-04c1-424b-9868-57a2d4851a1d" relativeResultsDirectory="c4762c3b-2374-4612-91d3-4d59aa770fe4" />
    <UnitTestResult executionId="ddd982f6-e9e3-4e04-9db0-9116a288048d" testId="8d9c6f20-8b33-5d59-0428-ae0601ba98ee" testName="Stop_StateIsStopped_StateShouldBeStopped" computerName="ICSWS068" duration="00:00:00.0422825" startTime="2016-08-04T09:55:37.1840859+02:00" endTime="2016-08-04T09:55:37.2276394+02:00" testType="13cdc9d9-ddb5-4fa4-a97d-d965ccfc6d4b" outcome="Passed" testListId="8c84fa94-04c1-424b-9868-57a2d4851a1d" relativeResultsDirectory="ddd982f6-e9e3-4e04-9db0-9116a288048d" />
    <UnitTestResult executionId="03b8ba65-a1ab-4a03-a687-e1be5753f529" testId="147af7eb-196c-5441-bb76-f3fe94b04251" testName="Start_OnStartThrowsException_StateShouldBeFaulted" computerName="ICSWS068" duration="00:00:00.0635178" startTime="2016-08-04T09:55:37.2306411+02:00" endTime="2016-08-04T09:55:37.2952136+02:00" testType="13cdc9d9-ddb5-4fa4-a97d-d965ccfc6d4b" outcome="Passed" testListId="8c84fa94-04c1-424b-9868-57a2d4851a1d" relativeResultsDirectory="03b8ba65-a1ab-4a03-a687-e1be5753f529" />
    <UnitTestResult executionId="d01756ce-f923-4c9d-9886-67dfcae09aa5" testId="0292adfb-11d0-84be-1c37-9f91ee85f3aa" testName="Start_StateIsStoppedOnStartThrowsException_StatusShouldThrow" computerName="ICSWS068" duration="00:00:00.0433544" startTime="2016-08-04T09:55:37.2982141+02:00" endTime="2016-08-04T09:55:37.3425993+02:00" testType="13cdc9d9-ddb5-4fa4-a97d-d965ccfc6d4b" outcome="Passed" testListId="8c84fa94-04c1-424b-9868-57a2d4851a1d" relativeResultsDirectory="d01756ce-f923-4c9d-9886-67dfcae09aa5" />
    <UnitTestResult executionId="d437f512-b7dc-4b6e-917f-c43cdc6fb840" testId="7d8d322d-c37e-5bb6-abb7-326738febb07" testName="Start_StateIsStopped_StateShouldBeStartingInCallToOnStart" computerName="ICSWS068" duration="00:00:00.0411609" startTime="2016-08-04T09:55:37.3455852+02:00" endTime="2016-08-04T09:55:37.3883349+02:00" testType="13cdc9d9-ddb5-4fa4-a97d-d965ccfc6d4b" outcome="Passed" testListId="8c84fa94-04c1-424b-9868-57a2d4851a1d" relativeResultsDirectory="d437f512-b7dc-4b6e-917f-c43cdc6fb840" />
    <UnitTestResult executionId="b713e202-d03b-4129-8fc3-7174ea8f8ef3" testId="f0df2bda-d914-af79-6443-d43d4738bb2e" testName="Start_StateIsStopped_OnStartShouldBeCalledOnce" computerName="ICSWS068" duration="00:00:00.0412436" startTime="2016-08-04T09:55:37.3913372+02:00" endTime="2016-08-04T09:55:37.4339150+02:00" testType="13cdc9d9-ddb5-4fa4-a97d-d965ccfc6d4b" outcome="Passed" testListId="8c84fa94-04c1-424b-9868-57a2d4851a1d" relativeResultsDirectory="b713e202-d03b-4129-8fc3-7174ea8f8ef3" />
    <UnitTestResult executionId="e6b266f7-c05d-4e50-99ee-7b22e9811458" testId="d5f4cbd6-9aeb-63a8-d1f8-37d650ac763a" testName="Start_StateIsStopped_ExecuteShouldBeCalledAfterOnStart" computerName="ICSWS068" duration="00:00:00.0426259" startTime="2016-08-04T09:55:37.4364314+02:00" endTime="2016-08-04T09:55:37.4808330+02:00" testType="13cdc9d9-ddb5-4fa4-a97d-d965ccfc6d4b" outcome="Passed" testListId="8c84fa94-04c1-424b-9868-57a2d4851a1d" relativeResultsDirectory="e6b266f7-c05d-4e50-99ee-7b22e9811458" />
    <UnitTestResult executionId="9464dce8-e5fb-4408-aad3-55546369fb13" testId="fab63e2c-e01e-00bb-2d2c-79a3b7c9c277" testName="Start_StateIsStopped_ExecuteShouldBeCalledOnADifferentThread" computerName="ICSWS068" duration="00:00:00.0416213" startTime="2016-08-04T09:55:37.4835573+02:00" endTime="2016-08-04T09:55:37.5263085+02:00" testType="13cdc9d9-ddb5-4fa4-a97d-d965ccfc6d4b" outcome="Passed" testListId="8c84fa94-04c1-424b-9868-57a2d4851a1d" relativeResultsDirectory="9464dce8-e5fb-4408-aad3-55546369fb13" />
    <UnitTestResult executionId="1d6d3d9d-c7b1-41b8-893b-bb1e05a0ef90" testId="17dc9c36-b2b5-7dab-9dca-05dac02e2163" testName="Start_OnStartThrows_FaultedEventRaised" computerName="ICSWS068" duration="00:00:00.0426233" startTime="2016-08-04T09:55:37.5293105+02:00" endTime="2016-08-04T09:55:37.5733502+02:00" testType="13cdc9d9-ddb5-4fa4-a97d-d965ccfc6d4b" outcome="Passed" testListId="8c84fa94-04c1-424b-9868-57a2d4851a1d" relativeResultsDirectory="1d6d3d9d-c7b1-41b8-893b-bb1e05a0ef90" />
    <UnitTestResult executionId="e43ef711-7cdf-48c7-87ce-681f078a4b83" testId="833acf3b-6594-f83b-3124-08a22a947834" testName="Start_OnBeforeStartThrows_StateIsFaulted" computerName="ICSWS068" duration="00:00:00.0358249" startTime="2016-08-04T09:55:37.5758513+02:00" endTime="2016-08-04T09:55:37.6133929+02:00" testType="13cdc9d9-ddb5-4fa4-a97d-d965ccfc6d4b" outcome="Passed" testListId="8c84fa94-04c1-424b-9868-57a2d4851a1d" relativeResultsDirectory="e43ef711-7cdf-48c7-87ce-681f078a4b83" />
    <UnitTestResult executionId="4ebef509-6114-4504-b706-a41d65547f9e" testId="5bcd47d1-f7a8-dbdd-d4c4-9e76a7fef3cd" testName="Start_OnBeforeStartThrows_OnStartIsNotCalled" computerName="ICSWS068" duration="00:00:00.0365009" startTime="2016-08-04T09:55:37.6158929+02:00" endTime="2016-08-04T09:55:37.6538787+02:00" testType="13cdc9d9-ddb5-4fa4-a97d-d965ccfc6d4b" outcome="Passed" testListId="8c84fa94-04c1-424b-9868-57a2d4851a1d" relativeResultsDirectory="4ebef509-6114-4504-b706-a41d65547f9e" />
    <UnitTestResult executionId="ab1f5ffc-fcc9-4bc8-9d51-4f9fc420b465" testId="0d5893eb-d454-9d44-d0f5-f1ea4707b335" testName="Start_OnAfterStartThrows_StateIsFaulted" computerName="ICSWS068" duration="00:00:00.0438549" startTime="2016-08-04T09:55:37.6573810+02:00" endTime="2016-08-04T09:55:37.7024383+02:00" testType="13cdc9d9-ddb5-4fa4-a97d-d965ccfc6d4b" outcome="Passed" testListId="8c84fa94-04c1-424b-9868-57a2d4851a1d" relativeResultsDirectory="ab1f5ffc-fcc9-4bc8-9d51-4f9fc420b465" />
    <UnitTestResult executionId="f332dd2d-5422-4788-9320-17e8a2258ac5" testId="0c57f448-9bff-45f9-7a78-1e232af01499" testName="Start_OnStartThrows_JobIsFailed" computerName="ICSWS068" duration="00:00:00.0433910" startTime="2016-08-04T09:55:37.7059397+02:00" endTime="2016-08-04T09:55:37.7506768+02:00" testType="13cdc9d9-ddb5-4fa4-a97d-d965ccfc6d4b" outcome="Passed" testListId="8c84fa94-04c1-424b-9868-57a2d4851a1d" relativeResultsDirectory="f332dd2d-5422-4788-9320-17e8a2258ac5" />
    <UnitTestResult executionId="aea382f5-fa55-4451-a773-c88c7fe0584e" testId="5b2a3045-2317-9161-6cbb-163d3a5d26a9" testName="Start_NoErrors_CreatesJobBeforeOnAfterStartIsCalled" computerName="ICSWS068" duration="00:00:00.0419171" startTime="2016-08-04T09:55:37.7532366+02:00" endTime="2016-08-04T09:55:37.7967790+02:00" testType="13cdc9d9-ddb5-4fa4-a97d-d965ccfc6d4b" outcome="Passed" testListId="8c84fa94-04c1-424b-9868-57a2d4851a1d" relativeResultsDirectory="aea382f5-fa55-4451-a773-c88c7fe0584e" />
    <UnitTestResult executionId="50d32069-f73d-4d20-820d-193cb5693681" testId="ab9596b3-8f25-27bc-7aa1-593b44d89d71" testName="Execute_ExecuteThrows_FaultedEventRaised" computerName="ICSWS068" duration="00:00:00.0438447" startTime="2016-08-04T09:55:37.7992807+02:00" endTime="2016-08-04T09:55:37.8446456+02:00" testType="13cdc9d9-ddb5-4fa4-a97d-d965ccfc6d4b" outcome="Passed" testListId="8c84fa94-04c1-424b-9868-57a2d4851a1d" relativeResultsDirectory="50d32069-f73d-4d20-820d-193cb5693681" />
    <UnitTestResult executionId="ef803978-3ffd-4688-9c69-801fb4cd3ffe" testId="b64558bb-6db0-f118-2586-7c34ced2a7fe" testName="Execute_ExecuteThrows_JobIsFailed" computerName="ICSWS068" duration="00:00:00.0429643" startTime="2016-08-04T09:55:37.8476467+02:00" endTime="2016-08-04T09:55:37.8913331+02:00" testType="13cdc9d9-ddb5-4fa4-a97d-d965ccfc6d4b" outcome="Passed" testListId="8c84fa94-04c1-424b-9868-57a2d4851a1d" relativeResultsDirectory="ef803978-3ffd-4688-9c69-801fb4cd3ffe" />
    <UnitTestResult executionId="7c18cf52-8cbb-4d24-977d-795609c5a0ed" testId="1cf560f3-4ea9-1493-1e2b-c7ffacfbbd73" testName="Execute_ExecuteThrows_CompletedEventShouldNotBeRaised" computerName="ICSWS068" duration="00:00:00.0734451" startTime="2016-08-04T09:55:37.8948060+02:00" endTime="2016-08-04T09:55:37.9698534+02:00" testType="13cdc9d9-ddb5-4fa4-a97d-d965ccfc6d4b" outcome="Passed" testListId="8c84fa94-04c1-424b-9868-57a2d4851a1d" relativeResultsDirectory="7c18cf52-8cbb-4d24-977d-795609c5a0ed" />
    <UnitTestResult executionId="98cab204-9f8d-4a64-aa7e-2674e9e4d1f2" testId="d8a20eb9-fd25-e886-88d3-94567b2c60a5" testName="Execute_ExecuteThrowsOperationCancelException_CompletedEventRaised" computerName="ICSWS068" duration="00:00:00.0416732" startTime="2016-08-04T09:55:37.9723552+02:00" endTime="2016-08-04T09:55:38.0156840+02:00" testType="13cdc9d9-ddb5-4fa4-a97d-d965ccfc6d4b" outcome="Passed" testListId="8c84fa94-04c1-424b-9868-57a2d4851a1d" relativeResultsDirectory="98cab204-9f8d-4a64-aa7e-2674e9e4d1f2" />
    <UnitTestResult executionId="804d4e29-76e0-4c68-a7de-8a463b444898" testId="8282352d-f90d-b04e-65b9-08ca2561037b" testName="Execute_StopCalledWhenRunning_CompletedEventShouldBeRaised" computerName="ICSWS068" duration="00:00:00.0425658" startTime="2016-08-04T09:55:38.0186863+02:00" endTime="2016-08-04T09:55:38.0612343+02:00" testType="13cdc9d9-ddb5-4fa4-a97d-d965ccfc6d4b" outcome="Passed" testListId="8c84fa94-04c1-424b-9868-57a2d4851a1d" relativeResultsDirectory="804d4e29-76e0-4c68-a7de-8a463b444898" />
    <UnitTestResult executionId="fed27619-b760-44c9-847a-a89dc826af0d" testId="21af625d-dad8-c6eb-e266-f868e71582da" testName="Execute_ExecuteCompletes_CompletedEventRaised" computerName="ICSWS068" duration="00:00:00.0413465" startTime="2016-08-04T09:55:38.0652307+02:00" endTime="2016-08-04T09:55:38.1078584+02:00" testType="13cdc9d9-ddb5-4fa4-a97d-d965ccfc6d4b" outcome="Passed" testListId="8c84fa94-04c1-424b-9868-57a2d4851a1d" relativeResultsDirectory="fed27619-b760-44c9-847a-a89dc826af0d" />
    <UnitTestResult executionId="05026c74-b656-44f3-8c13-835cf195c519" testId="b3241009-5a80-058f-3f82-7e3bbc6bd548" testName="Execute_ExecuteCompletes_JobIsSucceeded" computerName="ICSWS068" duration="00:00:00.0405870" startTime="2016-08-04T09:55:38.1103590+02:00" endTime="2016-08-04T09:55:38.1526330+02:00" testType="13cdc9d9-ddb5-4fa4-a97d-d965ccfc6d4b" outcome="Passed" testListId="8c84fa94-04c1-424b-9868-57a2d4851a1d" relativeResultsDirectory="05026c74-b656-44f3-8c13-835cf195c519" />
    <UnitTestResult executionId="eabc04b4-9c36-40ea-b8d6-0f138b625e43" testId="bd874231-7275-c777-f1a3-0954a62cbaa1" testName="StopSoft_StateIsStarted_ShutdownWaitHandleIsSignalled" computerName="ICSWS068" duration="00:00:00.0409708" startTime="2016-08-04T09:55:38.1551356+02:00" endTime="2016-08-04T09:55:38.1974431+02:00" testType="13cdc9d9-ddb5-4fa4-a97d-d965ccfc6d4b" outcome="Passed" testListId="8c84fa94-04c1-424b-9868-57a2d4851a1d" relativeResultsDirectory="eabc04b4-9c36-40ea-b8d6-0f138b625e43" />
    <UnitTestResult executionId="4cc63173-9a5d-4c0c-b173-ed49ecbb125d" testId="14aee031-3987-e579-e17c-0f17db099498" testName="StopForced_StateIsStarted_ForcedShutdownWaitHandleIsSignalled" computerName="ICSWS068" duration="00:00:00.0430030" startTime="2016-08-04T09:55:38.2004445+02:00" endTime="2016-08-04T09:55:38.2448118+02:00" testType="13cdc9d9-ddb5-4fa4-a97d-d965ccfc6d4b" outcome="Passed" testListId="8c84fa94-04c1-424b-9868-57a2d4851a1d" relativeResultsDirectory="4cc63173-9a5d-4c0c-b173-ed49ecbb125d" />
    <UnitTestResult executionId="17288fca-ea88-4d47-ba21-74f0d29ace6a" testId="746fa645-df98-e051-ffb7-b6ec4c4f474a" testName="Stop_ExecuteThrowsOperationCanceledException_ShouldSucceed" computerName="ICSWS068" duration="00:00:00.0421820" startTime="2016-08-04T09:55:38.2473302+02:00" endTime="2016-08-04T09:55:38.2912403+02:00" testType="13cdc9d9-ddb5-4fa4-a97d-d965ccfc6d4b" outcome="Passed" testListId="8c84fa94-04c1-424b-9868-57a2d4851a1d" relativeResultsDirectory="17288fca-ea88-4d47-ba21-74f0d29ace6a" />
    <UnitTestResult executionId="64049228-2166-4155-8025-8a51dbc7701e" testId="1f12292d-a2df-cc09-886d-27752d1acf58" testName="Stop_NormalStop_JobShouldBeSucceeded" computerName="ICSWS068" duration="00:00:00.0418570" startTime="2016-08-04T09:55:38.2938189+02:00" endTime="2016-08-04T09:55:38.3370123+02:00" testType="13cdc9d9-ddb5-4fa4-a97d-d965ccfc6d4b" outcome="Passed" testListId="8c84fa94-04c1-424b-9868-57a2d4851a1d" relativeResultsDirectory="64049228-2166-4155-8025-8a51dbc7701e" />
    <UnitTestResult executionId="0c6e86bf-e816-4406-95af-6a7b02b3260f" testId="7cf8db1b-5119-0cea-de36-d5cad2945e4d" testName="StatusChanged_ToDifferentValue_StateChangeShouldBeRaised" computerName="ICSWS068" duration="00:00:00.0650861" startTime="2016-08-04T09:55:38.3405140+02:00" endTime="2016-08-04T09:55:38.4073275+02:00" testType="13cdc9d9-ddb5-4fa4-a97d-d965ccfc6d4b" outcome="Passed" testListId="8c84fa94-04c1-424b-9868-57a2d4851a1d" relativeResultsDirectory="0c6e86bf-e816-4406-95af-6a7b02b3260f" />
    <UnitTestResult executionId="41b61618-67e3-4e8b-b4df-3b5900f66b95" testId="0698f277-5364-17c5-fc95-62587190fd9d" testName="StatusSet_ToSameValue_StateChangeShouldNotBeRaised" computerName="ICSWS068" duration="00:00:00.0648254" startTime="2016-08-04T09:55:38.4103298+02:00" endTime="2016-08-04T09:55:38.4764601+02:00" testType="13cdc9d9-ddb5-4fa4-a97d-d965ccfc6d4b" outcome="Passed" testListId="8c84fa94-04c1-424b-9868-57a2d4851a1d" relativeResultsDirectory="41b61618-67e3-4e8b-b4df-3b5900f66b95" />
    <UnitTestResult executionId="62742baa-b28b-47ef-8664-dc8229dc1001" testId="c837a4ae-b0c7-47e6-8834-4188912d8788" testName="SetStateFaulted_TaskRunning_TaskShouldBeCanceled" computerName="ICSWS068" duration="00:00:02.0410010" startTime="2016-08-04T09:55:38.4794609+02:00" endTime="2016-08-04T09:55:40.5219036+02:00" testType="13cdc9d9-ddb5-4fa4-a97d-d965ccfc6d4b" outcome="Passed" testListId="8c84fa94-04c1-424b-9868-57a2d4851a1d" relativeResultsDirectory="62742baa-b28b-47ef-8664-dc8229dc1001" />
    <UnitTestResult executionId="b4a0ea79-9a1c-415a-80d0-c61a29a47515" testId="db3f995e-db2c-5d2b-0404-1a361eef6410" testName="SetStateFaulted_TaskRunning_StateShouldBeFaulted" computerName="ICSWS068" duration="00:00:02.0423814" startTime="2016-08-04T09:55:40.5254064+02:00" endTime="2016-08-04T09:55:42.5692371+02:00" testType="13cdc9d9-ddb5-4fa4-a97d-d965ccfc6d4b" outcome="Passed" testListId="8c84fa94-04c1-424b-9868-57a2d4851a1d" relativeResultsDirectory="b4a0ea79-9a1c-415a-80d0-c61a29a47515" />
    <UnitTestResult executionId="f012474c-6d23-4104-bed3-6449f95e1e94" testId="2dd44544-9bcd-9fa8-5e0c-e53d274184f6" testName="SetStateFaulted_TaskRunning_JobShouldBeFailed" computerName="ICSWS068" duration="00:00:02.0425482" startTime="2016-08-04T09:55:42.5712233+02:00" endTime="2016-08-04T09:55:44.6156287+02:00" testType="13cdc9d9-ddb5-4fa4-a97d-d965ccfc6d4b" outcome="Passed" testListId="8c84fa94-04c1-424b-9868-57a2d4851a1d" relativeResultsDirectory="f012474c-6d23-4104-bed3-6449f95e1e94" />
    <UnitTestResult executionId="8c1bfb18-815f-4857-8dc2-171e7c851b22" testId="636f9be6-0d56-a9fb-83cc-14228989dd8a" testName="DefaultConstructor_ShouldSetCountToZero" computerName="ICSWS068" duration="00:00:00.0308086" startTime="2016-08-04T09:55:44.6186292+02:00" endTime="2016-08-04T09:55:44.6506524+02:00" testType="13cdc9d9-ddb5-4fa4-a97d-d965ccfc6d4b" outcome="Passed" testListId="8c84fa94-04c1-424b-9868-57a2d4851a1d" relativeResultsDirectory="8c1bfb18-815f-4857-8dc2-171e7c851b22" />
    <UnitTestResult executionId="744a2e0a-2bbd-471b-8488-12ab9d4b87d1" testId="9157afc7-eddc-a580-317c-f33354d9803c" testName="Constructur_ServerList_ShouldCreateCorrectServerConfigurations" computerName="ICSWS068" duration="00:00:00.0397700" startTime="2016-08-04T09:55:44.6537233+02:00" endTime="2016-08-04T09:55:44.6947693+02:00" testType="13cdc9d9-ddb5-4fa4-a97d-d965ccfc6d4b" outcome="Passed" testListId="8c84fa94-04c1-424b-9868-57a2d4851a1d" relativeResultsDirectory="744a2e0a-2bbd-471b-8488-12ab9d4b87d1" />
    <UnitTestResult executionId="e636f728-d1de-4989-a8c7-bf310615712a" testId="2ccaef46-0c09-383d-0614-289b28d65beb" testName="TryAdd_NewValue_ShouldReturnTrue" computerName="ICSWS068" duration="00:00:00.0364457" startTime="2016-08-04T09:55:44.6972719+02:00" endTime="2016-08-04T09:55:44.7351700+02:00" testType="13cdc9d9-ddb5-4fa4-a97d-d965ccfc6d4b" outcome="Passed" testListId="8c84fa94-04c1-424b-9868-57a2d4851a1d" relativeResultsDirectory="e636f728-d1de-4989-a8c7-bf310615712a" />
    <UnitTestResult executionId="930177ec-3ff5-491d-b8e2-5c17c51ff87b" testId="34e3e28f-28fe-1732-da90-48ab843aee57" testName="TryAdd_NewValue_ShouldIncreaseCountBy1" computerName="ICSWS068" duration="00:00:00.0331918" startTime="2016-08-04T09:55:44.7396887+02:00" endTime="2016-08-04T09:55:44.7744421+02:00" testType="13cdc9d9-ddb5-4fa4-a97d-d965ccfc6d4b" outcome="Passed" testListId="8c84fa94-04c1-424b-9868-57a2d4851a1d" relativeResultsDirectory="930177ec-3ff5-491d-b8e2-5c17c51ff87b" />
    <UnitTestResult executionId="cf3b5040-12de-4881-9dc9-bdfcb170d83c" testId="b610d2a9-b802-75a1-d572-5e9aa9ba7d3b" testName="TryAdd_DuplicateKey_ShouldReturnFalse" computerName="ICSWS068" duration="00:00:00.0340546" startTime="2016-08-04T09:55:44.7769286+02:00" endTime="2016-08-04T09:55:44.8128816+02:00" testType="13cdc9d9-ddb5-4fa4-a97d-d965ccfc6d4b" outcome="Passed" testListId="8c84fa94-04c1-424b-9868-57a2d4851a1d" relativeResultsDirectory="cf3b5040-12de-4881-9dc9-bdfcb170d83c" />
    <UnitTestResult executionId="e75bc702-fb92-4039-afb8-af8031e624e2" testId="c575c341-90a8-0aa8-1275-a2a762582dcc" testName="TryGetValue_ExistingKey_ShouldReturnTrueAndSetCorrectValue" computerName="ICSWS068" duration="00:00:00.0349402" startTime="2016-08-04T09:55:44.8158672+02:00" endTime="2016-08-04T09:55:44.8521610+02:00" testType="13cdc9d9-ddb5-4fa4-a97d-d965ccfc6d4b" outcome="Passed" testListId="8c84fa94-04c1-424b-9868-57a2d4851a1d" relativeResultsDirectory="e75bc702-fb92-4039-afb8-af8031e624e2" />
    <UnitTestResult executionId="9c34ccdb-8a0c-44a7-bbf6-6a06827397e8" testId="b1f3d783-c84b-70a7-b2b7-7c730e53bafc" testName="TryGetValue_NonExistingKey_ShouldReturnFalseAndSetValueToNull" computerName="ICSWS068" duration="00:00:00.0345217" startTime="2016-08-04T09:55:44.8567231+02:00" endTime="2016-08-04T09:55:44.8924418+02:00" testType="13cdc9d9-ddb5-4fa4-a97d-d965ccfc6d4b" outcome="Passed" testListId="8c84fa94-04c1-424b-9868-57a2d4851a1d" relativeResultsDirectory="9c34ccdb-8a0c-44a7-bbf6-6a06827397e8" />
    <UnitTestResult executionId="ff5e6850-3288-4423-b002-2fd54d7470bd" testId="c3e34166-3b5d-0d41-f94d-49e7663df056" testName="TryRemove_ExistingKey_ShouldReturnTrueAndRemoveRequestedValue" computerName="ICSWS068" duration="00:00:00.0424066" startTime="2016-08-04T09:55:44.8954465+02:00" endTime="2016-08-04T09:55:44.9395369+02:00" testType="13cdc9d9-ddb5-4fa4-a97d-d965ccfc6d4b" outcome="Passed" testListId="8c84fa94-04c1-424b-9868-57a2d4851a1d" relativeResultsDirectory="ff5e6850-3288-4423-b002-2fd54d7470bd" />
    <UnitTestResult executionId="0dad4d18-21d2-4285-8186-13b383746fda" testId="726338a7-1514-f45b-0305-a112c81fff4f" testName="TryRemove_NonExistingKey_ShouldReturnFalseAndRemoveRequestedValue" computerName="ICSWS068" duration="00:00:00.0405142" startTime="2016-08-04T09:55:44.9415390+02:00" endTime="2016-08-04T09:55:44.9837245+02:00" testType="13cdc9d9-ddb5-4fa4-a97d-d965ccfc6d4b" outcome="Passed" testListId="8c84fa94-04c1-424b-9868-57a2d4851a1d" relativeResultsDirectory="0dad4d18-21d2-4285-8186-13b383746fda" />
    <UnitTestResult executionId="558fdcc1-e133-4551-8c7b-098153029b93" testId="59718967-298b-f3ec-827c-d36292b49480" testName="AddOrUpdate_NonExistingItem_ShouldAddTheItem" computerName="ICSWS068" duration="00:00:00.0349437" startTime="2016-08-04T09:55:44.9867127+02:00" endTime="2016-08-04T09:55:45.0227173+02:00" testType="13cdc9d9-ddb5-4fa4-a97d-d965ccfc6d4b" outcome="Passed" testListId="8c84fa94-04c1-424b-9868-57a2d4851a1d" relativeResultsDirectory="558fdcc1-e133-4551-8c7b-098153029b93" />
    <UnitTestResult executionId="c6444d03-6941-41ef-bd5f-a2db6dd11240" testId="6be3f006-c984-7482-1684-2b93181e5f3b" testName="AddOrUpdate_ExistingItem_ShouldUpdateTheItem" computerName="ICSWS068" duration="00:00:00.0366709" startTime="2016-08-04T09:55:45.0257182+02:00" endTime="2016-08-04T09:55:45.0636460+02:00" testType="13cdc9d9-ddb5-4fa4-a97d-d965ccfc6d4b" outcome="Passed" testListId="8c84fa94-04c1-424b-9868-57a2d4851a1d" relativeResultsDirectory="c6444d03-6941-41ef-bd5f-a2db6dd11240" />
    <UnitTestResult executionId="e09ae4ce-bc8d-4932-a32e-7dab9459268b" testId="31471323-dab4-d7ec-122a-a474dce526c6" testName="TryUpdate_DelegateForNonExistingItem_ShouldReturnFalse" computerName="ICSWS068" duration="00:00:00.0341314" startTime="2016-08-04T09:55:45.0661641+02:00" endTime="2016-08-04T09:55:45.1016969+02:00" testType="13cdc9d9-ddb5-4fa4-a97d-d965ccfc6d4b" outcome="Passed" testListId="8c84fa94-04c1-424b-9868-57a2d4851a1d" relativeResultsDirectory="e09ae4ce-bc8d-4932-a32e-7dab9459268b" />
    <UnitTestResult executionId="caaa21e8-c169-4efb-a2b8-4e1f32ca64be" testId="1dc44784-8b37-bc45-2025-c19875780825" testName="TryUpdate_DelegateForExistingItem_ShouldReturnTrueAndUpdateItem" computerName="ICSWS068" duration="00:00:00.0341074" startTime="2016-08-04T09:55:45.1044127+02:00" endTime="2016-08-04T09:55:45.1402109+02:00" testType="13cdc9d9-ddb5-4fa4-a97d-d965ccfc6d4b" outcome="Passed" testListId="8c84fa94-04c1-424b-9868-57a2d4851a1d" relativeResultsDirectory="caaa21e8-c169-4efb-a2b8-4e1f32ca64be" />
    <UnitTestResult executionId="bec1a6fb-1bc3-49c1-9b0a-a2d54de6e2ea" testId="cc789bca-b11c-e340-8d3d-d63fe1ddcf31" testName="TryUpdate_ChangingPrimaryKey_ShouldThrowNotSupportedException" computerName="ICSWS068" duration="00:00:00.0376369" startTime="2016-08-04T09:55:45.1428097+02:00" endTime="2016-08-04T09:55:45.1815056+02:00" testType="13cdc9d9-ddb5-4fa4-a97d-d965ccfc6d4b" outcome="Passed" testListId="8c84fa94-04c1-424b-9868-57a2d4851a1d" relativeResultsDirectory="bec1a6fb-1bc3-49c1-9b0a-a2d54de6e2ea" />
    <UnitTestResult executionId="ec26df92-95c6-4e71-950e-f964485ab98e" testId="41e46e1d-7bf5-b1c3-8d62-a84ca7fd298d" testName="GetLostServers_AllServersConnected_ReturnsNone" computerName="ICSWS068" duration="00:00:00.0516902" startTime="2016-08-04T09:55:45.1845829+02:00" endTime="2016-08-04T09:55:45.2370715+02:00" testType="13cdc9d9-ddb5-4fa4-a97d-d965ccfc6d4b" outcome="Passed" testListId="8c84fa94-04c1-424b-9868-57a2d4851a1d" relativeResultsDirectory="ec26df92-95c6-4e71-950e-f964485ab98e" />
    <UnitTestResult executionId="7756909d-5d19-4dea-ba35-f1cfa603c6e9" testId="8c94c629-7d85-a932-e74c-56a02839cc66" testName="GetLostServers_SomeServersConnected_ReturnsSome" computerName="ICSWS068" duration="00:00:00.0435241" startTime="2016-08-04T09:55:45.2400735+02:00" endTime="2016-08-04T09:55:45.2848372+02:00" testType="13cdc9d9-ddb5-4fa4-a97d-d965ccfc6d4b" outcome="Passed" testListId="8c84fa94-04c1-424b-9868-57a2d4851a1d" relativeResultsDirectory="7756909d-5d19-4dea-ba35-f1cfa603c6e9" />
    <UnitTestResult executionId="ab1c0e06-a81f-4531-9bd0-00f6542f1a70" testId="65b6ddf5-9812-7d31-33c2-856224d33b1b" testName="IsVitalTest_VitalServerPart_ReturnsTrue" computerName="ICSWS068" duration="00:00:00.0310001" startTime="2016-08-04T09:55:45.2878398+02:00" endTime="2016-08-04T09:55:45.3198516+02:00" testType="13cdc9d9-ddb5-4fa4-a97d-d965ccfc6d4b" outcome="Passed" testListId="8c84fa94-04c1-424b-9868-57a2d4851a1d" relativeResultsDirectory="ab1c0e06-a81f-4531-9bd0-00f6542f1a70" />
    <UnitTestResult executionId="dc3f1a7c-ac34-40c6-a8e6-45836f97177e" testId="2a4b3afd-0e4b-391f-1543-5513c682694b" testName="IsVitalTest_NonVitalServerPart_ReturnsFalse" computerName="ICSWS068" duration="00:00:00.0311218" startTime="2016-08-04T09:55:45.3223571+02:00" endTime="2016-08-04T09:55:45.3548900+02:00" testType="13cdc9d9-ddb5-4fa4-a97d-d965ccfc6d4b" outcome="Passed" testListId="8c84fa94-04c1-424b-9868-57a2d4851a1d" relativeResultsDirectory="dc3f1a7c-ac34-40c6-a8e6-45836f97177e" />
    <UnitTestResult executionId="7e46d4ed-d17c-4922-be42-6c9c0f4e75fc" testId="38110c97-97db-dd68-0f87-c568d57fbdae" testName="WaitForServerPartActivation_ServerPartIsAlreadyActive_ReturnsTheCorrectResultImmediately" computerName="ICSWS068" duration="00:00:00.0416902" startTime="2016-08-04T09:55:45.3578738+02:00" endTime="2016-08-04T09:55:45.4009074+02:00" testType="13cdc9d9-ddb5-4fa4-a97d-d965ccfc6d4b" outcome="Passed" testListId="8c84fa94-04c1-424b-9868-57a2d4851a1d" relativeResultsDirectory="7e46d4ed-d17c-4922-be42-6c9c0f4e75fc" />
    <UnitTestResult executionId="3a31a4d6-064e-4217-8e89-d960ef8d346f" testId="8812bb1f-5a5c-b83b-7fd6-e42fbf69329a" testName="WaitForServerPartActivation_ServerPartIsActivatedAfterWaitStarted_ReturnsTheCorrectResult" computerName="ICSWS068" duration="00:00:00.0457218" startTime="2016-08-04T09:55:45.4041959+02:00" endTime="2016-08-04T09:55:45.4512373+02:00" testType="13cdc9d9-ddb5-4fa4-a97d-d965ccfc6d4b" outcome="Passed" testListId="8c84fa94-04c1-424b-9868-57a2d4851a1d" relativeResultsDirectory="3a31a4d6-064e-4217-8e89-d960ef8d346f" />
    <UnitTestResult executionId="e572fb6c-a27f-4b16-b398-6638046e74fe" testId="f61f67bb-f857-31b0-7364-57962112c029" testName="WaitForServerPartActivation_ServerPartsChangeStateButNoneAreActivated_DoesNotReturnUntilCanceled" computerName="ICSWS068" duration="00:00:00.0414002" startTime="2016-08-04T09:55:45.4537531+02:00" endTime="2016-08-04T09:55:45.4966210+02:00" testType="13cdc9d9-ddb5-4fa4-a97d-d965ccfc6d4b" outcome="Passed" testListId="8c84fa94-04c1-424b-9868-57a2d4851a1d" relativeResultsDirectory="e572fb6c-a27f-4b16-b398-6638046e74fe" />
    <UnitTestResult executionId="1028695e-1f13-4b7a-89ed-547d8f51e9a7" testId="ce819713-b29a-1174-1938-9a07d6815500" testName="WaitForServerPartActivation_NonConnectedServerIsActive_DoesNotReturn" computerName="ICSWS068" duration="00:00:00.0404274" startTime="2016-08-04T09:55:45.4991224+02:00" endTime="2016-08-04T09:55:45.5410393+02:00" testType="13cdc9d9-ddb5-4fa4-a97d-d965ccfc6d4b" outcome="Passed" testListId="8c84fa94-04c1-424b-9868-57a2d4851a1d" relativeResultsDirectory="1028695e-1f13-4b7a-89ed-547d8f51e9a7" />
    <UnitTestResult executionId="873a5887-2c7c-4a26-9010-542185810e71" testId="b4a55fdf-212e-3f15-0061-06354ecdf77f" testName="WaitForServerPartActivation_NonConnectedServerIsActiveAndBecomesConnected_ReturnsCorrectResult" computerName="ICSWS068" duration="00:00:00.0405515" startTime="2016-08-04T09:55:45.5440704+02:00" endTime="2016-08-04T09:55:45.5863037+02:00" testType="13cdc9d9-ddb5-4fa4-a97d-d965ccfc6d4b" outcome="Passed" testListId="8c84fa94-04c1-424b-9868-57a2d4851a1d" relativeResultsDirectory="873a5887-2c7c-4a26-9010-542185810e71" />
    <UnitTestResult executionId="26985de3-c902-4d88-911e-d9bd9cdaa05b" testId="a39b497f-b7a1-848e-3a6e-091c43e606a8" testName="IsAnotherServerPartActive_Various" computerName="ICSWS068" duration="00:00:00.0434573" startTime="2016-08-04T09:55:45.5888227+02:00" endTime="2016-08-04T09:55:45.6336369+02:00" testType="13cdc9d9-ddb5-4fa4-a97d-d965ccfc6d4b" outcome="Passed" testListId="8c84fa94-04c1-424b-9868-57a2d4851a1d" relativeResultsDirectory="26985de3-c902-4d88-911e-d9bd9cdaa05b" />
    <UnitTestResult executionId="8b343e28-ab4f-4bb8-81bc-4f27942fe853" testId="1e536e55-9c5a-b0b4-4554-a5fbd0e40f85" testName="WaitForDeactivationAsync_ServerPartActiveOnNonConnectedServer_DoesNotReturnUntilTimeout" computerName="ICSWS068" duration="00:00:00.1698663" startTime="2016-08-04T09:55:45.6361389+02:00" endTime="2016-08-04T09:55:45.8075090+02:00" testType="13cdc9d9-ddb5-4fa4-a97d-d965ccfc6d4b" outcome="Passed" testListId="8c84fa94-04c1-424b-9868-57a2d4851a1d" relativeResultsDirectory="8b343e28-ab4f-4bb8-81bc-4f27942fe853" />
    <UnitTestResult executionId="b50e0865-0aca-4b6c-9194-d46023ba4a8c" testId="51adf94c-87b6-cd28-3058-16d32691f92a" testName="WaitForDeactivationAsync_AllServerConnectedAndNoActiveServerPart_ReturnsTrueImmediately" computerName="ICSWS068" duration="00:00:00.0419353" startTime="2016-08-04T09:55:45.8104937+02:00" endTime="2016-08-04T09:55:45.8535988+02:00" testType="13cdc9d9-ddb5-4fa4-a97d-d965ccfc6d4b" outcome="Passed" testListId="8c84fa94-04c1-424b-9868-57a2d4851a1d" relativeResultsDirectory="b50e0865-0aca-4b6c-9194-d46023ba4a8c" />
    <UnitTestResult executionId="0c32d1bf-4278-461c-8b40-61ef91bcb894" testId="a326cd90-458a-c466-c78a-e7e1c74dadc4" testName="WaitForDeactivationAsync_NoActiveServerPartButOneServerDisconnected_WaitsAndReturnsFalse" computerName="ICSWS068" duration="00:00:00.1681230" startTime="2016-08-04T09:55:45.8566020+02:00" endTime="2016-08-04T09:55:46.0260531+02:00" testType="13cdc9d9-ddb5-4fa4-a97d-d965ccfc6d4b" outcome="Passed" testListId="8c84fa94-04c1-424b-9868-57a2d4851a1d" relativeResultsDirectory="0c32d1bf-4278-461c-8b40-61ef91bcb894" />
    <UnitTestResult executionId="0cc1e402-211c-4e05-b70c-9081163f911d" testId="4a6026af-b5ef-6145-464c-83fd084a7891" testName="WaitForDeactivationAsync_ServerActiveOnConnectedServer_ReturnsTrueWhenServerPartDeactivated" computerName="ICSWS068" duration="00:00:00.1678318" startTime="2016-08-04T09:55:46.0295556+02:00" endTime="2016-08-04T09:55:46.1989812+02:00" testType="13cdc9d9-ddb5-4fa4-a97d-d965ccfc6d4b" outcome="Passed" testListId="8c84fa94-04c1-424b-9868-57a2d4851a1d" relativeResultsDirectory="0cc1e402-211c-4e05-b70c-9081163f911d" />
    <UnitTestResult executionId="77cd01d9-482d-468b-a27c-48d38be80564" testId="eeef6dcc-de16-2fbc-17d6-d4fa5ede1b2a" testName="WaitForDeactivationAsync_ServerActiveOnNonConnectedServer_WaitsAndReturnsFalseEventWhenServerPartDeactivated" computerName="ICSWS068" duration="00:00:00.2294620" startTime="2016-08-04T09:55:46.2019715+02:00" endTime="2016-08-04T09:55:46.4328989+02:00" testType="13cdc9d9-ddb5-4fa4-a97d-d965ccfc6d4b" outcome="Passed" testListId="8c84fa94-04c1-424b-9868-57a2d4851a1d" relativeResultsDirectory="77cd01d9-482d-468b-a27c-48d38be80564" />
    <UnitTestResult executionId="3f73cb87-4a7e-4b42-893b-e42958655da2" testId="7a098fad-dfd1-ef23-ce93-2b6ecbcd9567" testName="WaitForDeactivationAsync_ServerActiveOnConnectedServerAndCancellationTokenCanceled_ThrowsTaskCanceledException" computerName="ICSWS068" duration="00:00:00.1026606" startTime="2016-08-04T09:55:46.4358992+02:00" endTime="2016-08-04T09:55:46.5402971+02:00" testType="13cdc9d9-ddb5-4fa4-a97d-d965ccfc6d4b" outcome="Passed" testListId="8c84fa94-04c1-424b-9868-57a2d4851a1d" relativeResultsDirectory="3f73cb87-4a7e-4b42-893b-e42958655da2" />
    <UnitTestResult executionId="0f439968-9841-415d-8eed-b6daf29cd3e7" testId="508c29eb-1be2-be81-a07f-f3bfd4dbbd27" testName="ListNonActiveVitalServerParts_ReturnsExpectedResult" computerName="ICSWS068" duration="00:00:00.0656958" startTime="2016-08-04T09:55:46.5442997+02:00" endTime="2016-08-04T09:55:46.6113836+02:00" testType="13cdc9d9-ddb5-4fa4-a97d-d965ccfc6d4b" outcome="Passed" testListId="8c84fa94-04c1-424b-9868-57a2d4851a1d" relativeResultsDirectory="0f439968-9841-415d-8eed-b6daf29cd3e7" />
    <UnitTestResult executionId="112318c7-1fd2-4c94-8187-62ca962d97fc" testId="5dd3fb55-482f-addb-ae83-eec80d740ea8" testName="TryUpdateIfNewerTest" computerName="ICSWS068" duration="00:00:00.0327792" startTime="2016-08-04T09:55:46.6143859+02:00" endTime="2016-08-04T09:55:46.6489263+02:00" testType="13cdc9d9-ddb5-4fa4-a97d-d965ccfc6d4b" outcome="NotExecuted" testListId="8c84fa94-04c1-424b-9868-57a2d4851a1d" relativeResultsDirectory="112318c7-1fd2-4c94-8187-62ca962d97fc">
      <Output>
        <ErrorInfo>
          <Message>Assert.Inconclusive failed. Implement this test</Message>
          <StackTrace>   at UnitTests_EServer3.ServerInfoCollectionTests.TryUpdateIfNewerTest() in F:\ETWork\Main\Hosting\UnitTests.EServer3\ServerInfoCollectionTests.cs:line 892
</StackTrace>
        </ErrorInfo>
      </Output>
    </UnitTestResult>
    <UnitTestResult executionId="d8c26719-1961-4a8f-bd4a-b3dc3a97cea7" testId="a0cd1342-796f-b07b-9603-930159823c41" testName="Start_LessThanThePeriodTimeElapses_GetOwnershipIsInvokedOnce" computerName="ICSWS068" duration="00:00:00.0075546" startTime="2016-08-04T09:55:46.6519151+02:00" endTime="2016-08-04T09:55:46.6609364+02:00" testType="13cdc9d9-ddb5-4fa4-a97d-d965ccfc6d4b" outcome="Passed" testListId="8c84fa94-04c1-424b-9868-57a2d4851a1d" relativeResultsDirectory="d8c26719-1961-4a8f-bd4a-b3dc3a97cea7" />
    <UnitTestResult executionId="d5898d70-e4db-4009-8ead-e48b0786849a" testId="b24e1062-9238-8fd0-6438-a8eb925d0c11" testName="Start_MultipleTimePeriodTimeElapsesButEachInvocationTakesTime_GetOwnershipIsInvokedCorrectNumberOfTimes" computerName="ICSWS068" duration="00:00:00.0262779" startTime="2016-08-04T09:55:46.6639232+02:00" endTime="2016-08-04T09:55:46.6911881+02:00" testType="13cdc9d9-ddb5-4fa4-a97d-d965ccfc6d4b" outcome="Passed" testListId="8c84fa94-04c1-424b-9868-57a2d4851a1d" relativeResultsDirectory="d5898d70-e4db-4009-8ead-e48b0786849a" />
    <UnitTestResult executionId="0c3c174c-7802-46fe-a2f6-a03336ab0acf" testId="d9e1142a-1309-de3f-e590-9fe824946de9" testName="Start_MultiplePeriodsElapses_GetOwnershipIsInvokedTheCorrectNumberOfTimes" computerName="ICSWS068" duration="00:00:00.0033814" startTime="2016-08-04T09:55:46.6942106+02:00" endTime="2016-08-04T09:55:46.6992140+02:00" testType="13cdc9d9-ddb5-4fa4-a97d-d965ccfc6d4b" outcome="Passed" testListId="8c84fa94-04c1-424b-9868-57a2d4851a1d" relativeResultsDirectory="0c3c174c-7802-46fe-a2f6-a03336ab0acf" />
    <UnitTestResult executionId="fba744a4-c985-4bb3-a100-fc31882ab0b4" testId="321b8af0-f793-b600-15c8-3dbba8c67494" testName="Stop_StartWasCalled_GetOwnershipOperationIsCanceled" computerName="ICSWS068" duration="00:00:00.0034447" startTime="2016-08-04T09:55:46.7011991+02:00" endTime="2016-08-04T09:55:46.7067793+02:00" testType="13cdc9d9-ddb5-4fa4-a97d-d965ccfc6d4b" outcome="Passed" testListId="8c84fa94-04c1-424b-9868-57a2d4851a1d" relativeResultsDirectory="fba744a4-c985-4bb3-a100-fc31882ab0b4" />
    <UnitTestResult executionId="a8b41b0b-4d21-42cf-a96b-0f4cb9c259c0" testId="b03207c2-2458-48f9-4567-f93dba15a01f" testName="Start_CalledMultipleTimes_GetOwnershipIsInvokedTheCorrectNumberOfTimes" computerName="ICSWS068" duration="00:00:00.0045101" startTime="2016-08-04T09:55:46.7092825+02:00" endTime="2016-08-04T09:55:46.7152803+02:00" testType="13cdc9d9-ddb5-4fa4-a97d-d965ccfc6d4b" outcome="Passed" testListId="8c84fa94-04c1-424b-9868-57a2d4851a1d" relativeResultsDirectory="a8b41b0b-4d21-42cf-a96b-0f4cb9c259c0" />
    <UnitTestResult executionId="d528cab3-76f7-4b2e-afd1-bd34c3269b3c" testId="40fed632-4f7e-35ba-3741-ead990a41f8f" testName="Start_CalledAfterStop_GetOwnershipIsInvokedTheCorrectNumberOfTimes" computerName="ICSWS068" duration="00:00:00.0068558" startTime="2016-08-04T09:55:46.7182815+02:00" endTime="2016-08-04T09:55:46.7263068+02:00" testType="13cdc9d9-ddb5-4fa4-a97d-d965ccfc6d4b" outcome="Passed" testListId="8c84fa94-04c1-424b-9868-57a2d4851a1d" relativeResultsDirectory="d528cab3-76f7-4b2e-afd1-bd34c3269b3c" />
    <UnitTestResult executionId="51c925ab-42e3-4f5c-9164-600daf31e030" testId="49a2358e-ef81-a296-6c4a-049818b70f73" testName="ActivateServerPartIfNeeded_Scenario01" computerName="ICSWS068" duration="00:00:00.2084305" startTime="2016-08-04T09:55:46.7297921+02:00" endTime="2016-08-04T09:55:46.9400874+02:00" testType="13cdc9d9-ddb5-4fa4-a97d-d965ccfc6d4b" outcome="Passed" testListId="8c84fa94-04c1-424b-9868-57a2d4851a1d" relativeResultsDirectory="51c925ab-42e3-4f5c-9164-600daf31e030" />
    <UnitTestResult executionId="da214f6e-f37e-491c-9808-89445f8c94f2" testId="76a5a882-556f-0feb-112f-71c94bd25fd2" testName="ActivateServerPartIfNeeded_Scenario02" computerName="ICSWS068" duration="00:00:00.0282758" startTime="2016-08-04T09:55:46.9450788+02:00" endTime="2016-08-04T09:55:46.9746331+02:00" testType="13cdc9d9-ddb5-4fa4-a97d-d965ccfc6d4b" outcome="Passed" testListId="8c84fa94-04c1-424b-9868-57a2d4851a1d" relativeResultsDirectory="da214f6e-f37e-491c-9808-89445f8c94f2" />
    <UnitTestResult executionId="93ba4e05-3c42-4c8f-9c86-f18ef02fb5f8" testId="ac21fe0c-85f8-3ad5-c407-e7d03ac9162a" testName="ActivateServerPartIfNeeded_Scenario03" computerName="ICSWS068" duration="00:00:00.0307051" startTime="2016-08-04T09:55:46.9771363+02:00" endTime="2016-08-04T09:55:47.0097501+02:00" testType="13cdc9d9-ddb5-4fa4-a97d-d965ccfc6d4b" outcome="Passed" testListId="8c84fa94-04c1-424b-9868-57a2d4851a1d" relativeResultsDirectory="93ba4e05-3c42-4c8f-9c86-f18ef02fb5f8" />
    <UnitTestResult executionId="0c1c077c-2674-4791-b725-05122a3ab28b" testId="22b5e989-48b7-c053-2ae5-5463ceb034d0" testName="ActivateServerPartIfNeeded_Scenario04" computerName="ICSWS068" duration="00:00:00.0272955" startTime="2016-08-04T09:55:47.0130723+02:00" endTime="2016-08-04T09:55:47.0418100+02:00" testType="13cdc9d9-ddb5-4fa4-a97d-d965ccfc6d4b" outcome="Passed" testListId="8c84fa94-04c1-424b-9868-57a2d4851a1d" relativeResultsDirectory="0c1c077c-2674-4791-b725-05122a3ab28b" />
    <UnitTestResult executionId="3f87bfd0-ec67-495e-8b4b-45230bd6f3b9" testId="442825d1-504b-9c9d-2680-3d1414af186b" testName="ActivateServerPartIfNeeded_Scenario05" computerName="ICSWS068" duration="00:00:00.0299737" startTime="2016-08-04T09:55:47.0443302+02:00" endTime="2016-08-04T09:55:47.0758551+02:00" testType="13cdc9d9-ddb5-4fa4-a97d-d965ccfc6d4b" outcome="Passed" testListId="8c84fa94-04c1-424b-9868-57a2d4851a1d" relativeResultsDirectory="3f87bfd0-ec67-495e-8b4b-45230bd6f3b9" />
    <UnitTestResult executionId="9086fe01-1485-460c-9e39-7a29d82f62e4" testId="d3a339f2-a29e-78ee-e0f3-d37697b256f6" testName="ActivateServerPartIfNeeded_Scenario06" computerName="ICSWS068" duration="00:00:00.2440552" startTime="2016-08-04T09:55:47.0788569+02:00" endTime="2016-08-04T09:55:47.3241671+02:00" testType="13cdc9d9-ddb5-4fa4-a97d-d965ccfc6d4b" outcome="Passed" testListId="8c84fa94-04c1-424b-9868-57a2d4851a1d" relativeResultsDirectory="9086fe01-1485-460c-9e39-7a29d82f62e4" />
    <UnitTestResult executionId="33355874-a16c-46f9-bf4b-3b5ead8d8ac7" testId="cc65a6a7-36cb-ed28-21fe-39b4a0f38056" testName="ActivateServerPartIfNeeded_Scenario07" computerName="ICSWS068" duration="00:00:00.1369920" startTime="2016-08-04T09:55:47.3271688+02:00" endTime="2016-08-04T09:55:47.4654752+02:00" testType="13cdc9d9-ddb5-4fa4-a97d-d965ccfc6d4b" outcome="Passed" testListId="8c84fa94-04c1-424b-9868-57a2d4851a1d" relativeResultsDirectory="33355874-a16c-46f9-bf4b-3b5ead8d8ac7" />
    <UnitTestResult executionId="e6f2cf40-f089-4af7-94ab-e38538aabdf6" testId="67440b5f-419f-5871-edbb-e0aabe5914af" testName="ActivateServerPartIfNeeded_Scenario08" computerName="ICSWS068" duration="00:00:00.1364085" startTime="2016-08-04T09:55:47.4684617+02:00" endTime="2016-08-04T09:55:47.6063329+02:00" testType="13cdc9d9-ddb5-4fa4-a97d-d965ccfc6d4b" outcome="Passed" testListId="8c84fa94-04c1-424b-9868-57a2d4851a1d" relativeResultsDirectory="e6f2cf40-f089-4af7-94ab-e38538aabdf6" />
    <UnitTestResult executionId="37d66ddc-26d1-487a-b4c2-a6fdd9cfa9aa" testId="a536430f-c394-23ef-1c8a-a58bef9087ad" testName="ActivateServerPartIfNeeded_Scenario09" computerName="ICSWS068" duration="00:00:00.0298752" startTime="2016-08-04T09:55:47.6088505+02:00" endTime="2016-08-04T09:55:47.6402517+02:00" testType="13cdc9d9-ddb5-4fa4-a97d-d965ccfc6d4b" outcome="Passed" testListId="8c84fa94-04c1-424b-9868-57a2d4851a1d" relativeResultsDirectory="37d66ddc-26d1-487a-b4c2-a6fdd9cfa9aa" />
    <UnitTestResult executionId="f71d163e-c558-4987-8462-00d4e6e3e0e9" testId="7692665f-3a52-3aab-f61c-5bd71a29625a" testName="ActivateServerPartIfNeeded_Scenario10" computerName="ICSWS068" duration="00:00:00.0289515" startTime="2016-08-04T09:55:47.6427745+02:00" endTime="2016-08-04T09:55:47.6733157+02:00" testType="13cdc9d9-ddb5-4fa4-a97d-d965ccfc6d4b" outcome="Passed" testListId="8c84fa94-04c1-424b-9868-57a2d4851a1d" relativeResultsDirectory="f71d163e-c558-4987-8462-00d4e6e3e0e9" />
    <UnitTestResult executionId="d311e22e-281d-481a-8699-77b0e2fa6206" testId="b54df02c-3838-03cd-97f4-2c69593fc315" testName="ActivateServerPartIfNeeded_Scenario11" computerName="ICSWS068" duration="00:00:00.1363296" startTime="2016-08-04T09:55:47.6758159+02:00" endTime="2016-08-04T09:55:47.8135752+02:00" testType="13cdc9d9-ddb5-4fa4-a97d-d965ccfc6d4b" outcome="Passed" testListId="8c84fa94-04c1-424b-9868-57a2d4851a1d" relativeResultsDirectory="d311e22e-281d-481a-8699-77b0e2fa6206" />
    <UnitTestResult executionId="8e8ed549-0f9c-4b58-ab40-f64fb322ba9f" testId="c42b2f01-8435-61c9-15aa-f08fa712b16b" testName="ActivateServerPartIfNeeded_Scenario12" computerName="ICSWS068" duration="00:00:00.1319840" startTime="2016-08-04T09:55:47.8165777+02:00" endTime="2016-08-04T09:55:47.9496925+02:00" testType="13cdc9d9-ddb5-4fa4-a97d-d965ccfc6d4b" outcome="Passed" testListId="8c84fa94-04c1-424b-9868-57a2d4851a1d" relativeResultsDirectory="8e8ed549-0f9c-4b58-ab40-f64fb322ba9f" />
    <UnitTestResult executionId="01b101e6-b848-4935-b766-9f798b3f697e" testId="1a143e49-5c69-0d24-e58b-59447c8d7fe2" testName="ActivateServerPartIfNeeded_Scenario13" computerName="ICSWS068" duration="00:00:00.0293673" startTime="2016-08-04T09:55:47.9526159+02:00" endTime="2016-08-04T09:55:47.9832034+02:00" testType="13cdc9d9-ddb5-4fa4-a97d-d965ccfc6d4b" outcome="Passed" testListId="8c84fa94-04c1-424b-9868-57a2d4851a1d" relativeResultsDirectory="01b101e6-b848-4935-b766-9f798b3f697e" />
    <UnitTestResult executionId="9d9adba1-5c5a-4b30-8265-698dc5f533e2" testId="8a5b041b-5764-1869-97f9-50e23f3e7408" testName="ActivateServerPartIfNeeded_Scenario14" computerName="ICSWS068" duration="00:00:00.1317772" startTime="2016-08-04T09:55:47.9861895+02:00" endTime="2016-08-04T09:55:48.1395796+02:00" testType="13cdc9d9-ddb5-4fa4-a97d-d965ccfc6d4b" outcome="Passed" testListId="8c84fa94-04c1-424b-9868-57a2d4851a1d" relativeResultsDirectory="9d9adba1-5c5a-4b30-8265-698dc5f533e2" />
    <UnitTestResult executionId="10483abd-648b-4173-aeb0-fc3d7bf872ea" testId="3252bcf6-298b-a72c-4b43-cc140e29f4bb" testName="ActivateServerPartIfNeeded_Scenario15" computerName="ICSWS068" duration="00:00:00.1359437" startTime="2016-08-04T09:55:48.1425696+02:00" endTime="2016-08-04T09:55:48.2800053+02:00" testType="13cdc9d9-ddb5-4fa4-a97d-d965ccfc6d4b" outcome="Passed" testListId="8c84fa94-04c1-424b-9868-57a2d4851a1d" relativeResultsDirectory="10483abd-648b-4173-aeb0-fc3d7bf872ea" />
    <UnitTestResult executionId="7c0184da-ba9f-4a90-a7ec-175ab52a6cc4" testId="e8ada646-8a63-03c0-5758-545e0d1bbf00" testName="ActivateServerPartIfNeeded_Scenario16" computerName="ICSWS068" duration="00:00:00.0259398" startTime="2016-08-04T09:55:48.2815241+02:00" endTime="2016-08-04T09:55:48.3096230+02:00" testType="13cdc9d9-ddb5-4fa4-a97d-d965ccfc6d4b" outcome="Passed" testListId="8c84fa94-04c1-424b-9868-57a2d4851a1d" relativeResultsDirectory="7c0184da-ba9f-4a90-a7ec-175ab52a6cc4" />
    <UnitTestResult executionId="c7646554-c589-4a53-b793-071bd8fe39fb" testId="3cbbf02f-30ba-3658-f6cf-feae62d96437" testName="ActivateServerPartIfNeeded_Scenario17" computerName="ICSWS068" duration="00:00:00.1353792" startTime="2016-08-04T09:55:48.3126291+02:00" endTime="2016-08-04T09:55:48.4495599+02:00" testType="13cdc9d9-ddb5-4fa4-a97d-d965ccfc6d4b" outcome="Passed" testListId="8c84fa94-04c1-424b-9868-57a2d4851a1d" relativeResultsDirectory="c7646554-c589-4a53-b793-071bd8fe39fb" />
    <UnitTestResult executionId="f2d8b7de-ffda-4233-93bb-d282b165ec15" testId="5d6ccb5a-b655-78b9-f001-0028236d5153" testName="Activate_Scenario1" computerName="ICSWS068" duration="00:00:00.0313086" startTime="2016-08-04T09:55:48.4520960+02:00" endTime="2016-08-04T09:55:48.4846224+02:00" testType="13cdc9d9-ddb5-4fa4-a97d-d965ccfc6d4b" outcome="Passed" testListId="8c84fa94-04c1-424b-9868-57a2d4851a1d" relativeResultsDirectory="f2d8b7de-ffda-4233-93bb-d282b165ec15" />
    <UnitTestResult executionId="d2f86a62-1aee-4a97-8837-898527a9409a" testId="24b54910-3ee4-cdb2-76e8-0c502f100a7c" testName="Activate_Scenario2" computerName="ICSWS068" duration="00:00:00.0289345" startTime="2016-08-04T09:55:48.4876247+02:00" endTime="2016-08-04T09:55:48.5180154+02:00" testType="13cdc9d9-ddb5-4fa4-a97d-d965ccfc6d4b" outcome="Passed" testListId="8c84fa94-04c1-424b-9868-57a2d4851a1d" relativeResultsDirectory="d2f86a62-1aee-4a97-8837-898527a9409a" />
    <UnitTestResult executionId="1aa392a2-01ff-43fa-bdbc-67a40e28d7de" testId="92853ca4-e8d1-8016-fe29-d6ab5e742759" testName="Activate_Scenario3" computerName="ICSWS068" duration="00:00:00.0284154" startTime="2016-08-04T09:55:48.5205174+02:00" endTime="2016-08-04T09:55:48.5503864+02:00" testType="13cdc9d9-ddb5-4fa4-a97d-d965ccfc6d4b" outcome="Passed" testListId="8c84fa94-04c1-424b-9868-57a2d4851a1d" relativeResultsDirectory="1aa392a2-01ff-43fa-bdbc-67a40e28d7de" />
    <UnitTestResult executionId="2a896270-8413-466a-a171-8d88f7517027" testId="bfb86858-c790-3990-6f22-b748272d9ead" testName="Activate_Scenario4" computerName="ICSWS068" duration="00:00:00.0280506" startTime="2016-08-04T09:55:48.5529242+02:00" endTime="2016-08-04T09:55:48.5820955+02:00" testType="13cdc9d9-ddb5-4fa4-a97d-d965ccfc6d4b" outcome="Passed" testListId="8c84fa94-04c1-424b-9868-57a2d4851a1d" relativeResultsDirectory="2a896270-8413-466a-a171-8d88f7517027" />
    <UnitTestResult executionId="dcd452f8-8e24-493a-a459-8e60c2934687" testId="e487021a-4b7f-1c4b-bd4e-7de2ce95dc28" testName="Activate_Scenario5" computerName="ICSWS068" duration="00:00:00.0281216" startTime="2016-08-04T09:55:48.5850826+02:00" endTime="2016-08-04T09:55:48.6147595+02:00" testType="13cdc9d9-ddb5-4fa4-a97d-d965ccfc6d4b" outcome="Passed" testListId="8c84fa94-04c1-424b-9868-57a2d4851a1d" relativeResultsDirectory="dcd452f8-8e24-493a-a459-8e60c2934687" />
    <UnitTestResult executionId="027f8b4f-548b-48dd-9571-b1dd7cd9a312" testId="80b27fb7-2430-c463-376b-5ac3c69bf761" testName="Activate_Scenario6" computerName="ICSWS068" duration="00:00:00.0266688" startTime="2016-08-04T09:55:48.6172691+02:00" endTime="2016-08-04T09:55:48.6451167+02:00" testType="13cdc9d9-ddb5-4fa4-a97d-d965ccfc6d4b" outcome="Passed" testListId="8c84fa94-04c1-424b-9868-57a2d4851a1d" relativeResultsDirectory="027f8b4f-548b-48dd-9571-b1dd7cd9a312" />
    <UnitTestResult executionId="015123a0-ecb3-4141-85b4-5b26eaad7416" testId="f523619f-39c0-5209-f2e7-8ee6d98f722d" testName="InitiateTakeover_Scenario01" computerName="ICSWS068" duration="00:00:00.1411661" startTime="2016-08-04T09:55:48.6481176+02:00" endTime="2016-08-04T09:55:48.7907163+02:00" testType="13cdc9d9-ddb5-4fa4-a97d-d965ccfc6d4b" outcome="Passed" testListId="8c84fa94-04c1-424b-9868-57a2d4851a1d" relativeResultsDirectory="015123a0-ecb3-4141-85b4-5b26eaad7416" />
    <UnitTestResult executionId="ceb571cb-8d50-4448-af1d-5faf7ad048df" testId="60c8bfb3-0d9e-5442-b16a-24d8df64cd69" testName="InitiateTakeover_Scenario02" computerName="ICSWS068" duration="00:00:00.1423409" startTime="2016-08-04T09:55:48.7937195+02:00" endTime="2016-08-04T09:55:48.9371883+02:00" testType="13cdc9d9-ddb5-4fa4-a97d-d965ccfc6d4b" outcome="Passed" testListId="8c84fa94-04c1-424b-9868-57a2d4851a1d" relativeResultsDirectory="ceb571cb-8d50-4448-af1d-5faf7ad048df" />
    <UnitTestResult executionId="1b6e9f0c-4592-4748-9d4d-c0674be55b9a" testId="0a030e27-1de9-1038-01cb-f3023bb4dcaa" testName="InitiateTakeover_Scenario03" computerName="ICSWS068" duration="00:00:00.1371132" startTime="2016-08-04T09:55:48.9397061+02:00" endTime="2016-08-04T09:55:49.0784642+02:00" testType="13cdc9d9-ddb5-4fa4-a97d-d965ccfc6d4b" outcome="Passed" testListId="8c84fa94-04c1-424b-9868-57a2d4851a1d" relativeResultsDirectory="1b6e9f0c-4592-4748-9d4d-c0674be55b9a" />
    <UnitTestResult executionId="7f6c416d-1a6f-4e55-8d0e-58b79650cfd1" testId="b94f8d46-6272-fa18-1caa-50b9e98c6a7a" testName="InitiateTakeover_Scenario04" computerName="ICSWS068" duration="00:00:00.1489387" startTime="2016-08-04T09:55:49.0829715+02:00" endTime="2016-08-04T09:55:49.2331038+02:00" testType="13cdc9d9-ddb5-4fa4-a97d-d965ccfc6d4b" outcome="Passed" testListId="8c84fa94-04c1-424b-9868-57a2d4851a1d" relativeResultsDirectory="7f6c416d-1a6f-4e55-8d0e-58b79650cfd1" />
    <UnitTestResult executionId="74f2cb55-d1af-4367-b147-fb60de1d2de3" testId="31eb62dd-0b17-9fe9-a95a-54e018c83ad7" testName="InitiateTakeover_Scenario05" computerName="ICSWS068" duration="00:00:00.1480959" startTime="2016-08-04T09:55:49.2361070+02:00" endTime="2016-08-04T09:55:49.3857560+02:00" testType="13cdc9d9-ddb5-4fa4-a97d-d965ccfc6d4b" outcome="Passed" testListId="8c84fa94-04c1-424b-9868-57a2d4851a1d" relativeResultsDirectory="74f2cb55-d1af-4367-b147-fb60de1d2de3" />
    <UnitTestResult executionId="b9e87bb4-a952-43be-adf6-3744662d5e30" testId="505196cf-dc49-0b20-2e13-696334bbb78f" testName="InitiateTakeover_Scenario06" computerName="ICSWS068" duration="00:00:00.0405600" startTime="2016-08-04T09:55:49.3887583+02:00" endTime="2016-08-04T09:55:49.4305823+02:00" testType="13cdc9d9-ddb5-4fa4-a97d-d965ccfc6d4b" outcome="Passed" testListId="8c84fa94-04c1-424b-9868-57a2d4851a1d" relativeResultsDirectory="b9e87bb4-a952-43be-adf6-3744662d5e30" />
    <UnitTestResult executionId="bdcfac86-488c-477e-9179-6c4d03a32659" testId="abb5f048-f81e-148e-5309-75d8e4ac7c50" testName="InitiateTakeover_Scenario07" computerName="ICSWS068" duration="00:00:00.0425579" startTime="2016-08-04T09:55:49.4335863+02:00" endTime="2016-08-04T09:55:49.4780817+02:00" testType="13cdc9d9-ddb5-4fa4-a97d-d965ccfc6d4b" outcome="Passed" testListId="8c84fa94-04c1-424b-9868-57a2d4851a1d" relativeResultsDirectory="bdcfac86-488c-477e-9179-6c4d03a32659" />
    <UnitTestResult executionId="77b42931-e1dd-4a35-9114-ea2afe6e80b0" testId="dae3eff5-ec6d-5039-9011-5d319de9bbcc" testName="InitiateTakeover_Scenario08" computerName="ICSWS068" duration="00:00:00.0414025" startTime="2016-08-04T09:55:49.4815855+02:00" endTime="2016-08-04T09:55:49.5244299+02:00" testType="13cdc9d9-ddb5-4fa4-a97d-d965ccfc6d4b" outcome="Passed" testListId="8c84fa94-04c1-424b-9868-57a2d4851a1d" relativeResultsDirectory="77b42931-e1dd-4a35-9114-ea2afe6e80b0" />
    <UnitTestResult executionId="ace14ca8-95ce-4117-ad43-f9b173ff4b4c" testId="769166d6-312e-2add-dd8c-1ecfc3c846f8" testName="InitiateTakeover_Scenario09" computerName="ICSWS068" duration="00:00:00.0422819" startTime="2016-08-04T09:55:49.5279319+02:00" endTime="2016-08-04T09:55:49.5715300+02:00" testType="13cdc9d9-ddb5-4fa4-a97d-d965ccfc6d4b" outcome="Passed" testListId="8c84fa94-04c1-424b-9868-57a2d4851a1d" relativeResultsDirectory="ace14ca8-95ce-4117-ad43-f9b173ff4b4c" />
    <UnitTestResult executionId="359a2a13-c6bd-4458-8b2c-bfb10c4c99da" testId="a6706e2e-3a95-31a3-64f0-a70bcd1c6586" testName="InitiateTakeover_Scenario10" computerName="ICSWS068" duration="00:00:00.0445106" startTime="2016-08-04T09:55:49.5740490+02:00" endTime="2016-08-04T09:55:49.6199893+02:00" testType="13cdc9d9-ddb5-4fa4-a97d-d965ccfc6d4b" outcome="Passed" testListId="8c84fa94-04c1-424b-9868-57a2d4851a1d" relativeResultsDirectory="359a2a13-c6bd-4458-8b2c-bfb10c4c99da" />
    <UnitTestResult executionId="2f38532a-c794-4c41-91f0-d024315fcd1c" testId="641826f1-dfed-cf57-de6c-c08d73fba135" testName="InitiateTakeover_Scenario11" computerName="ICSWS068" duration="00:00:00.0578666" startTime="2016-08-04T09:55:49.6230429+02:00" endTime="2016-08-04T09:55:49.6818959+02:00" testType="13cdc9d9-ddb5-4fa4-a97d-d965ccfc6d4b" outcome="Passed" testListId="8c84fa94-04c1-424b-9868-57a2d4851a1d" relativeResultsDirectory="2f38532a-c794-4c41-91f0-d024315fcd1c" />
    <UnitTestResult executionId="71fb1ec5-1845-4b2d-958f-87840d7da7ee" testId="23a73682-88c5-1ad0-f1ce-37cc9f1c5b9b" testName="InitiateTakeover_Scenario12" computerName="ICSWS068" duration="00:00:00.0580467" startTime="2016-08-04T09:55:49.6848985+02:00" endTime="2016-08-04T09:55:49.7442115+02:00" testType="13cdc9d9-ddb5-4fa4-a97d-d965ccfc6d4b" outcome="Passed" testListId="8c84fa94-04c1-424b-9868-57a2d4851a1d" relativeResultsDirectory="71fb1ec5-1845-4b2d-958f-87840d7da7ee" />
    <UnitTestResult executionId="a2d50b5a-24a7-4a4f-a5bf-98155e0f71a0" testId="14276cf3-cb54-71d7-75a4-0432dd0108cc" testName="InitiateTakeover_Scenario13" computerName="ICSWS068" duration="00:00:00.0581836" startTime="2016-08-04T09:55:49.7472138+02:00" endTime="2016-08-04T09:55:49.8067650+02:00" testType="13cdc9d9-ddb5-4fa4-a97d-d965ccfc6d4b" outcome="Passed" testListId="8c84fa94-04c1-424b-9868-57a2d4851a1d" relativeResultsDirectory="a2d50b5a-24a7-4a4f-a5bf-98155e0f71a0" />
    <UnitTestResult executionId="a8e10c4b-5dbe-45e5-ab36-acd9440ec8b7" testId="5aedd5fc-6e17-7f4e-4088-a1dbc2888735" testName="InitiateTakeover_Scenario14" computerName="ICSWS068" duration="00:00:00.0423966" startTime="2016-08-04T09:55:49.8097515+02:00" endTime="2016-08-04T09:55:49.8531985+02:00" testType="13cdc9d9-ddb5-4fa4-a97d-d965ccfc6d4b" outcome="Passed" testListId="8c84fa94-04c1-424b-9868-57a2d4851a1d" relativeResultsDirectory="a8e10c4b-5dbe-45e5-ab36-acd9440ec8b7" />
    <UnitTestResult executionId="ca292aee-9580-40fb-8b64-84e209c0b687" testId="67f1d812-dc44-7d67-ecf2-49a10bb10c24" testName="InitiateTakeover_Scenario15" computerName="ICSWS068" duration="00:00:00.0423954" startTime="2016-08-04T09:55:49.8561841+02:00" endTime="2016-08-04T09:55:49.8998458+02:00" testType="13cdc9d9-ddb5-4fa4-a97d-d965ccfc6d4b" outcome="Passed" testListId="8c84fa94-04c1-424b-9868-57a2d4851a1d" relativeResultsDirectory="ca292aee-9580-40fb-8b64-84e209c0b687" />
    <UnitTestResult executionId="bcf602c5-65bf-43ec-b1a5-3e93800936f0" testId="c0306586-5e4d-7479-3bc5-7acd0d2cb39d" testName="Process_SystemStateForSingleServerPartChanges_ActivateServerPartIfNeededCalledOnce" computerName="ICSWS068" duration="00:00:00.0611170" startTime="2016-08-04T09:55:49.9028478+02:00" endTime="2016-08-04T09:55:49.9654054+02:00" testType="13cdc9d9-ddb5-4fa4-a97d-d965ccfc6d4b" outcome="Passed" testListId="8c84fa94-04c1-424b-9868-57a2d4851a1d" relativeResultsDirectory="bcf602c5-65bf-43ec-b1a5-3e93800936f0" />
    <UnitTestResult executionId="5b913795-444b-4804-a74d-948e5313dc7e" testId="60a4f2fc-21e4-d84e-c9f8-dc1100117f6b" testName="Process_SystemStateForEntireServerChanges_ActivateServerPartIfNeededCalledOnceForEachImplementedServerPart" computerName="ICSWS068" duration="00:00:00.0205945" startTime="2016-08-04T09:55:49.9684083+02:00" endTime="2016-08-04T09:55:49.9903848+02:00" testType="13cdc9d9-ddb5-4fa4-a97d-d965ccfc6d4b" outcome="Passed" testListId="8c84fa94-04c1-424b-9868-57a2d4851a1d" relativeResultsDirectory="5b913795-444b-4804-a74d-948e5313dc7e" />
    <UnitTestResult executionId="4195a170-c19f-4974-89b3-8a935880bcec" testId="635f756e-65a8-e183-e027-e166b8919f1d" testName="Process_SystemStateChangesMultipleTimes_ActivateServerPartIfNeededNotCalledForSameServerPartConcurrently" computerName="ICSWS068" duration="00:00:00.2331391" startTime="2016-08-04T09:55:49.9928900+02:00" endTime="2016-08-04T09:55:50.2275350+02:00" testType="13cdc9d9-ddb5-4fa4-a97d-d965ccfc6d4b" outcome="Passed" testListId="8c84fa94-04c1-424b-9868-57a2d4851a1d" relativeResultsDirectory="4195a170-c19f-4974-89b3-8a935880bcec" />
    <UnitTestResult executionId="8816f30e-3ace-4eb4-a5ea-68669399b182" testId="6890263a-ae2f-ecef-019f-cb7d43e6ccc1" testName="VerifyServerConfigurations_MultipleEnabledServersWithSameEventGeneratorPriority_ThrowsServerConfigurationException" computerName="ICSWS068" duration="00:00:00.2859325" startTime="2016-08-04T09:55:50.2321062+02:00" endTime="2016-08-04T09:55:50.5199652+02:00" testType="13cdc9d9-ddb5-4fa4-a97d-d965ccfc6d4b" outcome="Passed" testListId="8c84fa94-04c1-424b-9868-57a2d4851a1d" relativeResultsDirectory="8816f30e-3ace-4eb4-a5ea-68669399b182" />
    <UnitTestResult executionId="7e3cc853-10b7-4d66-bb69-54d9bcda13c0" testId="2860f4a0-dd6b-10b8-2a37-429d56772926" testName="VerifyServerConfigurations_MultipleEnabledServersWithSameEventListenerPriority_ThrowsServerConfigurationException" computerName="ICSWS068" duration="00:00:00.0351314" startTime="2016-08-04T09:55:50.5224675+02:00" endTime="2016-08-04T09:55:50.5590123+02:00" testType="13cdc9d9-ddb5-4fa4-a97d-d965ccfc6d4b" outcome="Passed" testListId="8c84fa94-04c1-424b-9868-57a2d4851a1d" relativeResultsDirectory="7e3cc853-10b7-4d66-bb69-54d9bcda13c0" />
    <UnitTestResult executionId="a802c1cd-797b-4bdf-9d35-057249a95eab" testId="ea8923f4-7fbe-0bb9-0842-4d25d3e4363b" testName="VerifyServerConfigurations_MultipleEnabledServersWithSameEventProcessorPriority_ThrowsServerConfigurationException" computerName="ICSWS068" duration="00:00:00.0349836" startTime="2016-08-04T09:55:50.5620026+02:00" endTime="2016-08-04T09:55:50.5980366+02:00" testType="13cdc9d9-ddb5-4fa4-a97d-d965ccfc6d4b" outcome="Passed" testListId="8c84fa94-04c1-424b-9868-57a2d4851a1d" relativeResultsDirectory="a802c1cd-797b-4bdf-9d35-057249a95eab" />
    <UnitTestResult executionId="f2086c60-cac5-4a13-b379-78299bad3daa" testId="a85566fb-1316-fb41-2674-0f92827f1ab3" testName="VerifyServerConfigurations_MultipleEnabledServersWithSameJobManager_ThrowsServerConfigurationException" computerName="ICSWS068" duration="00:00:00.0367290" startTime="2016-08-04T09:55:50.6005377+02:00" endTime="2016-08-04T09:55:50.6385655+02:00" testType="13cdc9d9-ddb5-4fa4-a97d-d965ccfc6d4b" outcome="Passed" testListId="8c84fa94-04c1-424b-9868-57a2d4851a1d" relativeResultsDirectory="f2086c60-cac5-4a13-b379-78299bad3daa" />
    <UnitTestResult executionId="366186d7-1e70-447f-b84c-ad1aadaa3247" testId="030a1d48-6ee2-9e46-8411-65c392a9f663" testName="VerifyServerConfigurations_MultipleEnabledServersWithZeroEventGeneratorPriority_Succeeds" computerName="ICSWS068" duration="00:00:00.0360484" startTime="2016-08-04T09:55:50.6415678+02:00" endTime="2016-08-04T09:55:50.6786167+02:00" testType="13cdc9d9-ddb5-4fa4-a97d-d965ccfc6d4b" outcome="Passed" testListId="8c84fa94-04c1-424b-9868-57a2d4851a1d" relativeResultsDirectory="366186d7-1e70-447f-b84c-ad1aadaa3247" />
    <UnitTestResult executionId="88f75947-d89b-4c86-b19d-4bd6ee98c721" testId="c7943e7e-45db-f17c-96a4-5860bae0bb32" testName="VerifyServerConfigurations_MultipleEnabledServersWithZeroEventListenerPriority_Succeeds" computerName="ICSWS068" duration="00:00:00.0366621" startTime="2016-08-04T09:55:50.6821193+02:00" endTime="2016-08-04T09:55:50.7201647+02:00" testType="13cdc9d9-ddb5-4fa4-a97d-d965ccfc6d4b" outcome="Passed" testListId="8c84fa94-04c1-424b-9868-57a2d4851a1d" relativeResultsDirectory="88f75947-d89b-4c86-b19d-4bd6ee98c721" />
    <UnitTestResult executionId="24edbfb3-0e22-4ebd-b2cc-caa75973542f" testId="9c651ed4-db40-5398-7aa3-0ccc46d81d4c" testName="VerifyServerConfigurations_MultipleEnabledServersWithZeroEventProcessorPriority_Succeeds" computerName="ICSWS068" duration="00:00:00.0374155" startTime="2016-08-04T09:55:50.7241676+02:00" endTime="2016-08-04T09:55:50.7631341+02:00" testType="13cdc9d9-ddb5-4fa4-a97d-d965ccfc6d4b" outcome="Passed" testListId="8c84fa94-04c1-424b-9868-57a2d4851a1d" relativeResultsDirectory="24edbfb3-0e22-4ebd-b2cc-caa75973542f" />
    <UnitTestResult executionId="fd24eb25-c0bd-473e-b58a-3f93e3016bb2" testId="eb3e9ad4-2f1b-942a-2414-6071eb2c4cb4" testName="VerifyServerConfigurations_MultipleEnabledServersWithZeroJobManagerPriority_Succeeds" computerName="ICSWS068" duration="00:00:00.0356243" startTime="2016-08-04T09:55:50.7661211+02:00" endTime="2016-08-04T09:55:50.8031029+02:00" testType="13cdc9d9-ddb5-4fa4-a97d-d965ccfc6d4b" outcome="Passed" testListId="8c84fa94-04c1-424b-9868-57a2d4851a1d" relativeResultsDirectory="fd24eb25-c0bd-473e-b58a-3f93e3016bb2" />
    <UnitTestResult executionId="b75eb6dd-b597-4439-a8bd-ba0f73224ba4" testId="49fe99c0-898b-1be6-d4f0-07a5b695415a" testName="VerifyServerConfigurations_MultipleEnabledServersWithDifferentPriorities_Succeeds" computerName="ICSWS068" duration="00:00:00.0360188" startTime="2016-08-04T09:55:50.8056049+02:00" endTime="2016-08-04T09:55:50.8433975+02:00" testType="13cdc9d9-ddb5-4fa4-a97d-d965ccfc6d4b" outcome="Passed" testListId="8c84fa94-04c1-424b-9868-57a2d4851a1d" relativeResultsDirectory="b75eb6dd-b597-4439-a8bd-ba0f73224ba4" />
  </Results>
  <TestDefinitions>
    <UnitTest name="DefaultConstructor_ShouldSetIsActivationRequestedToFalse" storage="f:\etwork\bin\tests\unittests.eserver3.dll" id="75edbc95-ab49-38f2-874f-c7897d532ff8">
      <Execution id="3c315e81-9677-4c98-8232-b0de52d493b1" />
      <TestMethod codeBase="F:\ETWork\bin\Tests\UnitTests.EServer3.dll" adapterTypeName="Microsoft.VisualStudio.TestTools.TestTypes.Unit.UnitTestAdapter" className="UnitTests_EServer3.ActivationTokenTests" name="DefaultConstructor_ShouldSetIsActivationRequestedToFalse" />
    </UnitTest>
    <UnitTest name="DefaultConstructor_ShouldSetIsDeactivationRequestedToTrue" storage="f:\etwork\bin\tests\unittests.eserver3.dll" id="2add1c69-9545-b2a0-5bdb-82719bd272cf">
      <Execution id="ab38e8bd-95fa-49aa-808c-4584773653b9" />
      <TestMethod codeBase="F:\ETWork\bin\Tests\UnitTests.EServer3.dll" adapterTypeName="Microsoft.VisualStudio.TestTools.TestTypes.Unit.UnitTestAdapter" className="UnitTests_EServer3.ActivationTokenTests" name="DefaultConstructor_ShouldSetIsDeactivationRequestedToTrue" />
    </UnitTest>
    <UnitTest name="DefaultConstructor_ShouldLeaveActivationWaitHandleUnsignalled" storage="f:\etwork\bin\tests\unittests.eserver3.dll" id="8e822503-2386-300b-b0de-555180983390">
      <Execution id="5550cc75-e595-4138-9419-fe630bcb9467" />
      <TestMethod codeBase="F:\ETWork\bin\Tests\UnitTests.EServer3.dll" adapterTypeName="Microsoft.VisualStudio.TestTools.TestTypes.Unit.UnitTestAdapter" className="UnitTests_EServer3.ActivationTokenTests" name="DefaultConstructor_ShouldLeaveActivationWaitHandleUnsignalled" />
    </UnitTest>
    <UnitTest name="DefaultConstructor_ShouldLeaveDeactivationWaitHandleSignalled" storage="f:\etwork\bin\tests\unittests.eserver3.dll" id="dc23c326-a7af-d6b5-b3c6-ae49a73d8cb8">
      <Execution id="bc5b3e99-0b84-43c7-9a7b-af779af5ee15" />
      <TestMethod codeBase="F:\ETWork\bin\Tests\UnitTests.EServer3.dll" adapterTypeName="Microsoft.VisualStudio.TestTools.TestTypes.Unit.UnitTestAdapter" className="UnitTests_EServer3.ActivationTokenTests" name="DefaultConstructor_ShouldLeaveDeactivationWaitHandleSignalled" />
    </UnitTest>
    <UnitTest name="RequestActivation_NoRequestPreviouslyMade_ShouldSetIsActivationRequestedToTrue" storage="f:\etwork\bin\tests\unittests.eserver3.dll" id="b7b78319-188c-a81f-9122-2f02cfa5ab3a">
      <Execution id="bd6331bd-3310-49f5-85a9-7a29a3616b31" />
      <TestMethod codeBase="F:\ETWork\bin\Tests\UnitTests.EServer3.dll" adapterTypeName="Microsoft.VisualStudio.TestTools.TestTypes.Unit.UnitTestAdapter" className="UnitTests_EServer3.ActivationTokenTests" name="RequestActivation_NoRequestPreviouslyMade_ShouldSetIsActivationRequestedToTrue" />
    </UnitTest>
    <UnitTest name="RequestActivation_RequestDeactivationPreviouslyMade_ShouldSetIsActivationRequestedToTrue" storage="f:\etwork\bin\tests\unittests.eserver3.dll" id="85678343-dc57-35fe-7bdc-f2115235a1d0">
      <Execution id="94e2cb65-7890-434e-9a1c-18f3bb15222a" />
      <TestMethod codeBase="F:\ETWork\bin\Tests\UnitTests.EServer3.dll" adapterTypeName="Microsoft.VisualStudio.TestTools.TestTypes.Unit.UnitTestAdapter" className="UnitTests_EServer3.ActivationTokenTests" name="RequestActivation_RequestDeactivationPreviouslyMade_ShouldSetIsActivationRequestedToTrue" />
    </UnitTest>
    <UnitTest name="RequestActivation_NoPreviosRequest_ShouldSignalActivationWaitHandle" storage="f:\etwork\bin\tests\unittests.eserver3.dll" id="939a4505-bd32-d99c-7abd-32629b5a3df7">
      <Execution id="630cb182-3f2e-4803-bb4b-545ee13c1266" />
      <TestMethod codeBase="F:\ETWork\bin\Tests\UnitTests.EServer3.dll" adapterTypeName="Microsoft.VisualStudio.TestTools.TestTypes.Unit.UnitTestAdapter" className="UnitTests_EServer3.ActivationTokenTests" name="RequestActivation_NoPreviosRequest_ShouldSignalActivationWaitHandle" />
    </UnitTest>
    <UnitTest name="RequestActivation_DeactivationRequestPreviouslyMade_ShouldSignalActivationWaitHandleAndResetDeactivationWaitHandle" storage="f:\etwork\bin\tests\unittests.eserver3.dll" id="fbf7235e-b702-988d-e840-770b5b75ed14">
      <Execution id="c6cc8f2c-c5bc-4c47-9542-8c732a11be27" />
      <TestMethod codeBase="F:\ETWork\bin\Tests\UnitTests.EServer3.dll" adapterTypeName="Microsoft.VisualStudio.TestTools.TestTypes.Unit.UnitTestAdapter" className="UnitTests_EServer3.ActivationTokenTests" name="RequestActivation_DeactivationRequestPreviouslyMade_ShouldSignalActivationWaitHandleAndResetDeactivationWaitHandle" />
    </UnitTest>
    <UnitTest name="RequestDeactivation_NoPreviousRequestsMade_ShouldSetIsDeactivationRequestedToTrue" storage="f:\etwork\bin\tests\unittests.eserver3.dll" id="931eb7ea-beb3-4640-a577-23310b14c25f">
      <Execution id="1970ee63-447a-4486-95c0-9912985c6017" />
      <TestMethod codeBase="F:\ETWork\bin\Tests\UnitTests.EServer3.dll" adapterTypeName="Microsoft.VisualStudio.TestTools.TestTypes.Unit.UnitTestAdapter" className="UnitTests_EServer3.ActivationTokenTests" name="RequestDeactivation_NoPreviousRequestsMade_ShouldSetIsDeactivationRequestedToTrue" />
    </UnitTest>
    <UnitTest name="RequestDeactivation_PreviousActivationRequestsMade_ShouldSetIsDeactivationRequestedToTrue" storage="f:\etwork\bin\tests\unittests.eserver3.dll" id="d001607e-7f80-71f4-eef7-dcc208ebf87f">
      <Execution id="d5d02ac9-f084-4c0a-84e0-7696ab86c6bc" />
      <TestMethod codeBase="F:\ETWork\bin\Tests\UnitTests.EServer3.dll" adapterTypeName="Microsoft.VisualStudio.TestTools.TestTypes.Unit.UnitTestAdapter" className="UnitTests_EServer3.ActivationTokenTests" name="RequestDeactivation_PreviousActivationRequestsMade_ShouldSetIsDeactivationRequestedToTrue" />
    </UnitTest>
    <UnitTest name="RequestDeactivation_NoPreviosRequest_ShouldSignalDeactivationWaitHandle" storage="f:\etwork\bin\tests\unittests.eserver3.dll" id="ffe31e9f-b06c-847f-56b4-0b78afc97be3">
      <Execution id="b0c788cf-b57c-481e-90e8-962f8103b474" />
      <TestMethod codeBase="F:\ETWork\bin\Tests\UnitTests.EServer3.dll" adapterTypeName="Microsoft.VisualStudio.TestTools.TestTypes.Unit.UnitTestAdapter" className="UnitTests_EServer3.ActivationTokenTests" name="RequestDeactivation_NoPreviosRequest_ShouldSignalDeactivationWaitHandle" />
    </UnitTest>
    <UnitTest name="RequestDeactivation_ActivationRequestPreviouslyMade_ShouldSignalDeactivationWaitHandleAndResetActivationWaitHandleSignalled" storage="f:\etwork\bin\tests\unittests.eserver3.dll" id="b6bc415a-03e5-8df1-fbf3-218545c982c2">
      <Execution id="f2d40219-3ece-46a0-af94-7e4e59de786a" />
      <TestMethod codeBase="F:\ETWork\bin\Tests\UnitTests.EServer3.dll" adapterTypeName="Microsoft.VisualStudio.TestTools.TestTypes.Unit.UnitTestAdapter" className="UnitTests_EServer3.ActivationTokenTests" name="RequestDeactivation_ActivationRequestPreviouslyMade_ShouldSignalDeactivationWaitHandleAndResetActivationWaitHandleSignalled" />
    </UnitTest>
    <UnitTest name="GenerateEvents_PeriodicTimer_SequenceOfCalls_CallsDelegateTheCorrectNumberOfTimesAndUpdatesLastFiredAccordingly" storage="f:\etwork\bin\tests\unittests.eserver3.dll" id="af24f05d-ce20-d555-cba5-9215d6786de5">
      <Execution id="72f4c55a-a03c-4639-a94c-571f039a429f" />
      <TestMethod codeBase="F:\ETWork\bin\Tests\UnitTests.EServer3.dll" adapterTypeName="Microsoft.VisualStudio.TestTools.TestTypes.Unit.UnitTestAdapter" className="UnitTests_EServer3.EventGeneratorTimerQueueTests" name="GenerateEvents_PeriodicTimer_SequenceOfCalls_CallsDelegateTheCorrectNumberOfTimesAndUpdatesLastFiredAccordingly" />
    </UnitTest>
    <UnitTest name="GenerateEvents_AbsoluteTimer_At0000ValidFrom0000ValidTo0200LastFiredNever_GeneratesEventsCorrectly" storage="f:\etwork\bin\tests\unittests.eserver3.dll" id="c96c2889-58a2-bd03-0ed7-e7d9a2092578">
      <Execution id="b92e30a9-1dc1-4a51-93f0-b920344f82a0" />
      <TestMethod codeBase="F:\ETWork\bin\Tests\UnitTests.EServer3.dll" adapterTypeName="Microsoft.VisualStudio.TestTools.TestTypes.Unit.UnitTestAdapter" className="UnitTests_EServer3.EventGeneratorTimerQueueTests" name="GenerateEvents_AbsoluteTimer_At0000ValidFrom0000ValidTo0200LastFiredNever_GeneratesEventsCorrectly" />
    </UnitTest>
    <UnitTest name="Start_NoOtherServerPartActive_OnActiveExecutionCalled" storage="f:\etwork\bin\tests\unittests.eserver3.dll" id="a8dcb91f-a38a-4262-9590-2eb8ea85c4db">
      <Execution id="91251f2a-5ca8-463c-86d8-fc27f8e740fe" />
      <TestMethod codeBase="F:\ETWork\bin\Tests\UnitTests.EServer3.dll" adapterTypeName="Microsoft.VisualStudio.TestTools.TestTypes.Unit.UnitTestAdapter" className="UnitTests_EServer3.FailoverServerPartBaseTests" name="Start_NoOtherServerPartActive_OnActiveExecutionCalled" />
    </UnitTest>
    <UnitTest name="Deactivate_IsActivating_SetsDeactivationWaitHandle" storage="f:\etwork\bin\tests\unittests.eserver3.dll" id="58837309-e68b-4c47-927d-39a619b9ed46">
      <Execution id="752fd1dc-25d0-4782-add8-e186ceadff14" />
      <TestMethod codeBase="F:\ETWork\bin\Tests\UnitTests.EServer3.dll" adapterTypeName="Microsoft.VisualStudio.TestTools.TestTypes.Unit.UnitTestAdapter" className="UnitTests_EServer3.FailoverServerPartBaseTests" name="Deactivate_IsActivating_SetsDeactivationWaitHandle" />
    </UnitTest>
    <UnitTest name="Deactivate_IsActive_SetsDeactivationWaitHandle" storage="f:\etwork\bin\tests\unittests.eserver3.dll" id="9504f1ec-5353-3b9e-28a2-c076b74ef96e">
      <Execution id="b1fba876-ac65-4cd5-aa5e-f69064a6d3c9" />
      <TestMethod codeBase="F:\ETWork\bin\Tests\UnitTests.EServer3.dll" adapterTypeName="Microsoft.VisualStudio.TestTools.TestTypes.Unit.UnitTestAdapter" className="UnitTests_EServer3.FailoverServerPartBaseTests" name="Deactivate_IsActive_SetsDeactivationWaitHandle" />
    </UnitTest>
    <UnitTest name="Activate_IsInactive_SetsActivationWaitHandle" storage="f:\etwork\bin\tests\unittests.eserver3.dll" id="c2ccf5c3-d817-633e-457d-47cfaee411bc">
      <Execution id="b2688504-93ba-4581-830b-a382d3354b89" />
      <TestMethod codeBase="F:\ETWork\bin\Tests\UnitTests.EServer3.dll" adapterTypeName="Microsoft.VisualStudio.TestTools.TestTypes.Unit.UnitTestAdapter" className="UnitTests_EServer3.FailoverServerPartBaseTests" name="Activate_IsInactive_SetsActivationWaitHandle" />
    </UnitTest>
    <UnitTest name="Deactivate_IsActive_SetsStatusInactive" storage="f:\etwork\bin\tests\unittests.eserver3.dll" id="8a71f95f-2314-b0af-a67d-4b744d864bbb">
      <Execution id="2c60f29f-0841-4307-8691-c49960cbdcbf" />
      <TestMethod codeBase="F:\ETWork\bin\Tests\UnitTests.EServer3.dll" adapterTypeName="Microsoft.VisualStudio.TestTools.TestTypes.Unit.UnitTestAdapter" className="UnitTests_EServer3.FailoverServerPartBaseTests" name="Deactivate_IsActive_SetsStatusInactive" />
    </UnitTest>
    <UnitTest name="Stop_IsInactive_TriggersCompletedEvent" storage="f:\etwork\bin\tests\unittests.eserver3.dll" id="ad4229fc-96b3-edc6-e87f-964e7f386bdf">
      <Execution id="1fa77dbc-40d7-4eb8-b030-b67dfc2ef3aa" />
      <TestMethod codeBase="F:\ETWork\bin\Tests\UnitTests.EServer3.dll" adapterTypeName="Microsoft.VisualStudio.TestTools.TestTypes.Unit.UnitTestAdapter" className="UnitTests_EServer3.FailoverServerPartBaseTests" name="Stop_IsInactive_TriggersCompletedEvent" />
    </UnitTest>
    <UnitTest name="Stop_IsActive_TriggersCompletedEvent" storage="f:\etwork\bin\tests\unittests.eserver3.dll" id="0c42c529-fb6b-78ed-e9d4-4d5faf38319d">
      <Execution id="3e73e781-e615-462c-8426-182a7f045f3c" />
      <TestMethod codeBase="F:\ETWork\bin\Tests\UnitTests.EServer3.dll" adapterTypeName="Microsoft.VisualStudio.TestTools.TestTypes.Unit.UnitTestAdapter" className="UnitTests_EServer3.FailoverServerPartBaseTests" name="Stop_IsActive_TriggersCompletedEvent" />
    </UnitTest>
    <UnitTest name="OnActiveExecution_ThrowsException_TriggersFaultedEvent" storage="f:\etwork\bin\tests\unittests.eserver3.dll" id="5fd7d7bb-9eaf-1b3d-6dbf-1c793d2f42c9">
      <Execution id="186baa40-5a6f-410d-a694-1cef2551e92a" />
      <TestMethod codeBase="F:\ETWork\bin\Tests\UnitTests.EServer3.dll" adapterTypeName="Microsoft.VisualStudio.TestTools.TestTypes.Unit.UnitTestAdapter" className="UnitTests_EServer3.FailoverServerPartBaseTests" name="OnActiveExecution_ThrowsException_TriggersFaultedEvent" />
    </UnitTest>
    <UnitTest name="OnActiveExecution_Test" storage="f:\etwork\bin\tests\unittests.eserver3.dll" id="47abdf7b-e1a5-96ae-e27d-b2cb82d4be8d">
      <Execution id="a563b208-e8e7-4257-8a66-4bdfde754a54" />
      <TestMethod codeBase="F:\ETWork\bin\Tests\UnitTests.EServer3.dll" adapterTypeName="Microsoft.VisualStudio.TestTools.TestTypes.Unit.UnitTestAdapter" className="UnitTests_EServer3.FailoverServerPartBaseTests" name="OnActiveExecution_Test" />
    </UnitTest>
    <UnitTest name="Activate_TryMaintainOwnershipCalledImmediatelyUponActivation" storage="f:\etwork\bin\tests\unittests.eserver3.dll" id="336c1c9f-5de8-fa50-9252-e826cb1b906f">
      <Execution id="d65d1939-3ab9-4788-9e02-569ee2320d09" />
      <TestMethod codeBase="F:\ETWork\bin\Tests\UnitTests.EServer3.dll" adapterTypeName="Microsoft.VisualStudio.TestTools.TestTypes.Unit.UnitTestAdapter" className="UnitTests_EServer3.FailoverServerPartBaseTests" name="Activate_TryMaintainOwnershipCalledImmediatelyUponActivation" />
    </UnitTest>
    <UnitTest name="ActiveExecution_TheTimeForOwnershipMaintenancePasses_TryMaintainOwnershipCalledAgain" storage="f:\etwork\bin\tests\unittests.eserver3.dll" id="206d829e-9271-9f57-5942-4c476c6a454f">
      <Execution id="8aa17fde-cc18-4cf9-873e-fed669be28cd" />
      <TestMethod codeBase="F:\ETWork\bin\Tests\UnitTests.EServer3.dll" adapterTypeName="Microsoft.VisualStudio.TestTools.TestTypes.Unit.UnitTestAdapter" className="UnitTests_EServer3.FailoverServerPartBaseTests" name="ActiveExecution_TheTimeForOwnershipMaintenancePasses_TryMaintainOwnershipCalledAgain" />
    </UnitTest>
    <UnitTest name="ActiveExecution_MaintainOwnershipTakesHalfTheINtervalTime_MaintainOwnershipCalledWhenTheIntervalTimeHasPassed" storage="f:\etwork\bin\tests\unittests.eserver3.dll" id="4e12329c-e508-bfcc-fb7b-fb3a69d77df0">
      <Execution id="9002eac8-6829-4405-a950-3da43da2e6e1" />
      <TestMethod codeBase="F:\ETWork\bin\Tests\UnitTests.EServer3.dll" adapterTypeName="Microsoft.VisualStudio.TestTools.TestTypes.Unit.UnitTestAdapter" className="UnitTests_EServer3.FailoverServerPartBaseTests" name="ActiveExecution_MaintainOwnershipTakesHalfTheINtervalTime_MaintainOwnershipCalledWhenTheIntervalTimeHasPassed" />
    </UnitTest>
    <UnitTest name="ActiveExecution_MaintainOwnershipTakesLongerThanTheIntervalTime_MaintainOwnershipCalledImmediatelyAgain" storage="f:\etwork\bin\tests\unittests.eserver3.dll" id="3df6cda8-9593-00f1-38fc-de83f0f9bc1d">
      <Execution id="9791b29a-2466-4b83-a05a-140f6b038dc6" />
      <TestMethod codeBase="F:\ETWork\bin\Tests\UnitTests.EServer3.dll" adapterTypeName="Microsoft.VisualStudio.TestTools.TestTypes.Unit.UnitTestAdapter" className="UnitTests_EServer3.FailoverServerPartBaseTests" name="ActiveExecution_MaintainOwnershipTakesLongerThanTheIntervalTime_MaintainOwnershipCalledImmediatelyAgain" />
    </UnitTest>
    <UnitTest name="ActiveExecution_SeveralIntervalsPass_MaintainOwnershipCalledTheCorrectNumberOfTimes" storage="f:\etwork\bin\tests\unittests.eserver3.dll" id="8853160c-3713-c7e5-7a36-25604fb74f21">
      <Execution id="16388802-21cc-436d-bd61-e57bacd786a1" />
      <TestMethod codeBase="F:\ETWork\bin\Tests\UnitTests.EServer3.dll" adapterTypeName="Microsoft.VisualStudio.TestTools.TestTypes.Unit.UnitTestAdapter" className="UnitTests_EServer3.FailoverServerPartBaseTests" name="ActiveExecution_SeveralIntervalsPass_MaintainOwnershipCalledTheCorrectNumberOfTimes" />
    </UnitTest>
    <UnitTest name="Deactivate_OwnershipRecordIsReleased" storage="f:\etwork\bin\tests\unittests.eserver3.dll" id="bfea451a-7b25-bd8e-43c3-b6d770e0f190">
      <Execution id="a371d036-3a69-4cfd-9084-181c575b3c49" />
      <TestMethod codeBase="F:\ETWork\bin\Tests\UnitTests.EServer3.dll" adapterTypeName="Microsoft.VisualStudio.TestTools.TestTypes.Unit.UnitTestAdapter" className="UnitTests_EServer3.FailoverServerPartBaseTests" name="Deactivate_OwnershipRecordIsReleased" />
    </UnitTest>
    <UnitTest name="Activate_FailsToGetMaintainOwnershipRecord_Deactivates" storage="f:\etwork\bin\tests\unittests.eserver3.dll" id="5fe41073-89fc-d13d-dd47-0cc91639af2c">
      <Execution id="68758b94-f80b-4065-b296-125300d6d68c" />
      <TestMethod codeBase="F:\ETWork\bin\Tests\UnitTests.EServer3.dll" adapterTypeName="Microsoft.VisualStudio.TestTools.TestTypes.Unit.UnitTestAdapter" className="UnitTests_EServer3.FailoverServerPartBaseTests" name="Activate_FailsToGetMaintainOwnershipRecord_Deactivates" />
    </UnitTest>
    <UnitTest name="Activate_FailsToGetMaintainOwnershipRecordThroughException_Deactivates" storage="f:\etwork\bin\tests\unittests.eserver3.dll" id="bbb62a91-9bb3-3db6-cc11-bf1e66c7a14e">
      <Execution id="1625ccae-7843-4e75-ad9b-32c05a13d60b" />
      <TestMethod codeBase="F:\ETWork\bin\Tests\UnitTests.EServer3.dll" adapterTypeName="Microsoft.VisualStudio.TestTools.TestTypes.Unit.UnitTestAdapter" className="UnitTests_EServer3.FailoverServerPartBaseTests" name="Activate_FailsToGetMaintainOwnershipRecordThroughException_Deactivates" />
    </UnitTest>
    <UnitTest name="AddWhm_ServersImplementingApplicationPools_AllApplicationPoolsImplementedAvailableInAvailableApplicationPools" storage="f:\etwork\bin\tests\unittests.eserver3.dll" id="d93c16f8-34ab-6f62-73b7-29ad6800fb8c">
      <Execution id="6bfadcdc-958c-4a68-b361-400cbbdd8e94" />
      <TestMethod codeBase="F:\ETWork\bin\Tests\UnitTests.EServer3.dll" adapterTypeName="Microsoft.VisualStudio.TestTools.TestTypes.Unit.UnitTestAdapter" className="UnitTests_EServer3.JobManagerTests" name="AddWhm_ServersImplementingApplicationPools_AllApplicationPoolsImplementedAvailableInAvailableApplicationPools" />
    </UnitTest>
    <UnitTest name="AddWhm_ServerImplementingApplicationPoolWithNoWorkerProcesses_EmptyImplementationsAreNotVisibleInAvailableApplicationPools" storage="f:\etwork\bin\tests\unittests.eserver3.dll" id="897a9939-ced2-bb85-77e1-c9a3f7afe673">
      <Execution id="f7796dd9-0f50-4d16-85f3-4a0a8478c7bc" />
      <TestMethod codeBase="F:\ETWork\bin\Tests\UnitTests.EServer3.dll" adapterTypeName="Microsoft.VisualStudio.TestTools.TestTypes.Unit.UnitTestAdapter" className="UnitTests_EServer3.JobManagerTests" name="AddWhm_ServerImplementingApplicationPoolWithNoWorkerProcesses_EmptyImplementationsAreNotVisibleInAvailableApplicationPools" />
    </UnitTest>
    <UnitTest name="RemoveWhm_AvailableServer_ApplicationPoolsImplementedOnlyByServerRemovedFromListOfAvailableApplicationPools" storage="f:\etwork\bin\tests\unittests.eserver3.dll" id="160d89d5-2834-415c-fbfa-d52d9b597627">
      <Execution id="d88adaf1-5dd2-4755-afa3-b4b989e560b8" />
      <TestMethod codeBase="F:\ETWork\bin\Tests\UnitTests.EServer3.dll" adapterTypeName="Microsoft.VisualStudio.TestTools.TestTypes.Unit.UnitTestAdapter" className="UnitTests_EServer3.JobManagerTests" name="RemoveWhm_AvailableServer_ApplicationPoolsImplementedOnlyByServerRemovedFromListOfAvailableApplicationPools" />
    </UnitTest>
    <UnitTest name="RemoveWhm_NonExistingServer_ReturnsFalse" storage="f:\etwork\bin\tests\unittests.eserver3.dll" id="bec8f507-de3a-214e-80e2-4ab664674861">
      <Execution id="7c0a963a-df20-45e4-bf02-a2bd05c52c47" />
      <TestMethod codeBase="F:\ETWork\bin\Tests\UnitTests.EServer3.dll" adapterTypeName="Microsoft.VisualStudio.TestTools.TestTypes.Unit.UnitTestAdapter" className="UnitTests_EServer3.JobManagerTests" name="RemoveWhm_NonExistingServer_ReturnsFalse" />
    </UnitTest>
    <UnitTest name="SetWhmDormant_ExistingServer_ApplicationPoolsOnlyImplementedByDormantServerRemovedFromAvailableApplicationPools" storage="f:\etwork\bin\tests\unittests.eserver3.dll" id="0b9260dd-824c-57fa-2e0a-8bf2bcb9166b">
      <Execution id="4f253323-4f52-400f-a2d7-060d57bfee7d" />
      <TestMethod codeBase="F:\ETWork\bin\Tests\UnitTests.EServer3.dll" adapterTypeName="Microsoft.VisualStudio.TestTools.TestTypes.Unit.UnitTestAdapter" className="UnitTests_EServer3.JobManagerTests" name="SetWhmDormant_ExistingServer_ApplicationPoolsOnlyImplementedByDormantServerRemovedFromAvailableApplicationPools" />
    </UnitTest>
    <UnitTest name="SetWhmAvailable_DormantServer_ApplicationPoolsOnlyImplementedByDormantServerAddedToAvailableApplicationPools" storage="f:\etwork\bin\tests\unittests.eserver3.dll" id="ed39cb21-6258-43c2-561d-44d94f9a7d6d">
      <Execution id="aa56ca0a-72ce-4169-83b4-84b95575d6a3" />
      <TestMethod codeBase="F:\ETWork\bin\Tests\UnitTests.EServer3.dll" adapterTypeName="Microsoft.VisualStudio.TestTools.TestTypes.Unit.UnitTestAdapter" className="UnitTests_EServer3.JobManagerTests" name="SetWhmAvailable_DormantServer_ApplicationPoolsOnlyImplementedByDormantServerAddedToAvailableApplicationPools" />
    </UnitTest>
    <UnitTest name="GetLeastLoadedWhmAppPool_BothAppPoolsOfComponentAvailableInMultipleServers_ReturnsLeastLoadedWhmImplementingPrimaryApplicationPool" storage="f:\etwork\bin\tests\unittests.eserver3.dll" id="6285bf2d-e166-2df5-869c-ee1f26fc0308">
      <Execution id="b2ddd2c1-8522-46a8-a37a-92f09a6b04bd" />
      <TestMethod codeBase="F:\ETWork\bin\Tests\UnitTests.EServer3.dll" adapterTypeName="Microsoft.VisualStudio.TestTools.TestTypes.Unit.UnitTestAdapter" className="UnitTests_EServer3.JobManagerTests" name="GetLeastLoadedWhmAppPool_BothAppPoolsOfComponentAvailableInMultipleServers_ReturnsLeastLoadedWhmImplementingPrimaryApplicationPool" />
    </UnitTest>
    <UnitTest name="GetLeastLoadedWhmAppPool_BothAppPoolsOfComponentAvailableInMultipleServersButPrimaryIsFull_ReturnsFullWhm" storage="f:\etwork\bin\tests\unittests.eserver3.dll" id="dcac2943-24f8-ee0f-4cf9-28ae04379484">
      <Execution id="51264218-79ed-4f08-9563-c32372191b36" />
      <TestMethod codeBase="F:\ETWork\bin\Tests\UnitTests.EServer3.dll" adapterTypeName="Microsoft.VisualStudio.TestTools.TestTypes.Unit.UnitTestAdapter" className="UnitTests_EServer3.JobManagerTests" name="GetLeastLoadedWhmAppPool_BothAppPoolsOfComponentAvailableInMultipleServersButPrimaryIsFull_ReturnsFullWhm" />
    </UnitTest>
    <UnitTest name="GetLeastLoadedWhmAppPool_PrimaryAppPoolUnavailable_ReturnsWhmFromSecondaryAppPool" storage="f:\etwork\bin\tests\unittests.eserver3.dll" id="3186c0ea-14f2-0bdb-4951-db182d6630ad">
      <Execution id="51de30b6-474d-45d7-89f3-4307fe87b769" />
      <TestMethod codeBase="F:\ETWork\bin\Tests\UnitTests.EServer3.dll" adapterTypeName="Microsoft.VisualStudio.TestTools.TestTypes.Unit.UnitTestAdapter" className="UnitTests_EServer3.JobManagerTests" name="GetLeastLoadedWhmAppPool_PrimaryAppPoolUnavailable_ReturnsWhmFromSecondaryAppPool" />
    </UnitTest>
    <UnitTest name="GetLeastLoadedWhmAppPool_PrimaryAppPoolUnavailableAndComponentHasNoSecondaryAppPool_ReturnsNull" storage="f:\etwork\bin\tests\unittests.eserver3.dll" id="7804574e-1445-7836-7cb3-2c7e652eb09c">
      <Execution id="68e5f5b7-e1e7-4eb7-8795-ec5dcc8847cf" />
      <TestMethod codeBase="F:\ETWork\bin\Tests\UnitTests.EServer3.dll" adapterTypeName="Microsoft.VisualStudio.TestTools.TestTypes.Unit.UnitTestAdapter" className="UnitTests_EServer3.JobManagerTests" name="GetLeastLoadedWhmAppPool_PrimaryAppPoolUnavailableAndComponentHasNoSecondaryAppPool_ReturnsNull" />
    </UnitTest>
    <UnitTest name="GetLeastLoadedWhmAppPool_AllAppPoolsUnavailable_ReturnsNull" storage="f:\etwork\bin\tests\unittests.eserver3.dll" id="6b073c83-cc10-0fc5-cf6c-1afba7d35c89">
      <Execution id="55908671-88d2-457f-97cb-22d3333ee71a" />
      <TestMethod codeBase="F:\ETWork\bin\Tests\UnitTests.EServer3.dll" adapterTypeName="Microsoft.VisualStudio.TestTools.TestTypes.Unit.UnitTestAdapter" className="UnitTests_EServer3.JobManagerTests" name="GetLeastLoadedWhmAppPool_AllAppPoolsUnavailable_ReturnsNull" />
    </UnitTest>
    <UnitTest name="GetLeastLoadedWhmAppPool_SequenceOfCallsWithUpdatesOfBusyCount_AllServersImplementingOnlyOneApplicationPool_ReturnsExpectedResults" storage="f:\etwork\bin\tests\unittests.eserver3.dll" id="a4558aa2-9048-3290-fa04-96d671ba06ff">
      <Execution id="42a58d3f-2ade-447c-9c0c-86ac23667f2b" />
      <TestMethod codeBase="F:\ETWork\bin\Tests\UnitTests.EServer3.dll" adapterTypeName="Microsoft.VisualStudio.TestTools.TestTypes.Unit.UnitTestAdapter" className="UnitTests_EServer3.JobManagerTests" name="GetLeastLoadedWhmAppPool_SequenceOfCallsWithUpdatesOfBusyCount_AllServersImplementingOnlyOneApplicationPool_ReturnsExpectedResults" />
    </UnitTest>
    <UnitTest name="GetLeastLoadedWhmAppPool_SequenceOfCallsWithUpdatesOfBusyCount_MultipleComponentsAndApplicationPools_ReturnsExpectedResults" storage="f:\etwork\bin\tests\unittests.eserver3.dll" id="792b7f1b-2840-f14c-cf71-188ad5e70eb6">
      <Execution id="c26129aa-8d88-424d-a06f-b87dcb8ecdce" />
      <TestMethod codeBase="F:\ETWork\bin\Tests\UnitTests.EServer3.dll" adapterTypeName="Microsoft.VisualStudio.TestTools.TestTypes.Unit.UnitTestAdapter" className="UnitTests_EServer3.JobManagerTests" name="GetLeastLoadedWhmAppPool_SequenceOfCallsWithUpdatesOfBusyCount_MultipleComponentsAndApplicationPools_ReturnsExpectedResults" />
    </UnitTest>
    <UnitTest name="GetLeastLoadedWhmAppPool_SequenceOfCallsWithUpdatesOfBusyCountWithMultipleComponentsAndDormantedApplicationPools_ReturnsExpectedResults" storage="f:\etwork\bin\tests\unittests.eserver3.dll" id="547d6c42-6b0b-776e-26b9-7e354ad10553">
      <Execution id="32afdcad-87da-4fb5-a46d-cda59e8ac691" />
      <TestMethod codeBase="F:\ETWork\bin\Tests\UnitTests.EServer3.dll" adapterTypeName="Microsoft.VisualStudio.TestTools.TestTypes.Unit.UnitTestAdapter" className="UnitTests_EServer3.JobManagerTests" name="GetLeastLoadedWhmAppPool_SequenceOfCallsWithUpdatesOfBusyCountWithMultipleComponentsAndDormantedApplicationPools_ReturnsExpectedResults" />
    </UnitTest>
    <UnitTest name="Parse_StartArgs_ShouldReturnStartRequest" storage="f:\etwork\bin\tests\unittests.eserver3.dll" id="d49757fb-c16e-655b-ecaf-7c6ba8c7d885">
      <Execution id="87981c88-e555-42e2-bc62-fce8d14075c4" />
      <TestMethod codeBase="F:\ETWork\bin\Tests\UnitTests.EServer3.dll" adapterTypeName="Microsoft.VisualStudio.TestTools.TestTypes.Unit.UnitTestAdapter" className="UnitTests_EServer3.ServerArgumentsParserTests" name="Parse_StartArgs_ShouldReturnStartRequest" />
    </UnitTest>
    <UnitTest name="Parse_StartArgument_ShouldReturnStartRequest" storage="f:\etwork\bin\tests\unittests.eserver3.dll" id="278928a6-b92b-1542-f54f-14f3241a30ff">
      <Execution id="e33c163d-108c-4902-afc2-d23d71876bc0" />
      <TestMethod codeBase="F:\ETWork\bin\Tests\UnitTests.EServer3.dll" adapterTypeName="Microsoft.VisualStudio.TestTools.TestTypes.Unit.UnitTestAdapter" className="UnitTests_EServer3.ServerArgumentsParserTests" name="Parse_StartArgument_ShouldReturnStartRequest" />
    </UnitTest>
    <UnitTest name="Parse_StartArgumentMissingSID_ShouldReturnErrors" storage="f:\etwork\bin\tests\unittests.eserver3.dll" id="5ff21f7d-05fc-6470-10b6-728e57c7dc87">
      <Execution id="97bdd1a1-a605-4104-a77a-7d085f7af593" />
      <TestMethod codeBase="F:\ETWork\bin\Tests\UnitTests.EServer3.dll" adapterTypeName="Microsoft.VisualStudio.TestTools.TestTypes.Unit.UnitTestAdapter" className="UnitTests_EServer3.ServerArgumentsParserTests" name="Parse_StartArgumentMissingSID_ShouldReturnErrors" />
    </UnitTest>
    <UnitTest name="Parse_ErrorArgument_ShouldThrowArgumentException" storage="f:\etwork\bin\tests\unittests.eserver3.dll" id="82b3f6e6-fc65-0954-ca45-21fea75e4698">
      <Execution id="7f225d0e-d1c7-495b-a1aa-2cba4c2de162" />
      <TestMethod codeBase="F:\ETWork\bin\Tests\UnitTests.EServer3.dll" adapterTypeName="Microsoft.VisualStudio.TestTools.TestTypes.Unit.UnitTestAdapter" className="UnitTests_EServer3.ServerArgumentsParserTests" name="Parse_ErrorArgument_ShouldThrowArgumentException" />
    </UnitTest>
    <UnitTest name="Parse_NullArgument_ShouldThrowArgumentException" storage="f:\etwork\bin\tests\unittests.eserver3.dll" id="7c79b2d8-4aa3-a6bd-7933-1ef04b549633">
      <Execution id="b352d337-7658-4baa-b7d3-44615f03a23c" />
      <TestMethod codeBase="F:\ETWork\bin\Tests\UnitTests.EServer3.dll" adapterTypeName="Microsoft.VisualStudio.TestTools.TestTypes.Unit.UnitTestAdapter" className="UnitTests_EServer3.ServerArgumentsParserTests" name="Parse_NullArgument_ShouldThrowArgumentException" />
    </UnitTest>
    <UnitTest name="EmptyConstructorTest_ValidArg_CountIsZero" storage="f:\etwork\bin\tests\unittests.eserver3.dll" id="99dbed30-91d7-2316-4010-90db65ee09e8">
      <Execution id="0cc3b46b-5b0e-48e5-92cf-ae5c1052b240" />
      <TestMethod codeBase="F:\ETWork\bin\Tests\UnitTests.EServer3.dll" adapterTypeName="Microsoft.VisualStudio.TestTools.TestTypes.Unit.UnitTestAdapter" className="UnitTests_EServer3.ServerMonitorMessageQueueTests" name="EmptyConstructorTest_ValidArg_CountIsZero" />
    </UnitTest>
    <UnitTest name="Enqueue_ValidArg_CountIsOne" storage="f:\etwork\bin\tests\unittests.eserver3.dll" id="23ecb974-d78e-8108-e6b2-90c28f0b58a0">
      <Execution id="92a6ad5f-eb1d-4b0f-9ccd-77ba92e4ffe3" />
      <TestMethod codeBase="F:\ETWork\bin\Tests\UnitTests.EServer3.dll" adapterTypeName="Microsoft.VisualStudio.TestTools.TestTypes.Unit.UnitTestAdapter" className="UnitTests_EServer3.ServerMonitorMessageQueueTests" name="Enqueue_ValidArg_CountIsOne" />
    </UnitTest>
    <UnitTest name="Enqueue_TwoNonIsAliveMessagesFromSameSender_CountIsTwo" storage="f:\etwork\bin\tests\unittests.eserver3.dll" id="3e884035-6016-ee94-55dc-f2782ab38ef0">
      <Execution id="21400225-4bf7-4325-bcc0-8699c4829d61" />
      <TestMethod codeBase="F:\ETWork\bin\Tests\UnitTests.EServer3.dll" adapterTypeName="Microsoft.VisualStudio.TestTools.TestTypes.Unit.UnitTestAdapter" className="UnitTests_EServer3.ServerMonitorMessageQueueTests" name="Enqueue_TwoNonIsAliveMessagesFromSameSender_CountIsTwo" />
    </UnitTest>
    <UnitTest name="Enqueue_OneIsAliveMessageAndOneOtherFromSameSender_CountIsTwo" storage="f:\etwork\bin\tests\unittests.eserver3.dll" id="9628f732-97db-b60f-e331-baff8a887ecf">
      <Execution id="4e8911db-1797-44a9-a909-4462eeed6258" />
      <TestMethod codeBase="F:\ETWork\bin\Tests\UnitTests.EServer3.dll" adapterTypeName="Microsoft.VisualStudio.TestTools.TestTypes.Unit.UnitTestAdapter" className="UnitTests_EServer3.ServerMonitorMessageQueueTests" name="Enqueue_OneIsAliveMessageAndOneOtherFromSameSender_CountIsTwo" />
    </UnitTest>
    <UnitTest name="Enqueue_TwoIsAliveMessagesFromDifferentSenders_CountIsTwo" storage="f:\etwork\bin\tests\unittests.eserver3.dll" id="7418039b-0e8d-78ce-6bc9-6be74100092f">
      <Execution id="224fa1fa-1d62-45d8-9403-9f016995ac6d" />
      <TestMethod codeBase="F:\ETWork\bin\Tests\UnitTests.EServer3.dll" adapterTypeName="Microsoft.VisualStudio.TestTools.TestTypes.Unit.UnitTestAdapter" className="UnitTests_EServer3.ServerMonitorMessageQueueTests" name="Enqueue_TwoIsAliveMessagesFromDifferentSenders_CountIsTwo" />
    </UnitTest>
    <UnitTest name="Enqueue_TwoIsAliveMessagesFromSameSenders_CountIsOneAndQueuedItemIsSecond" storage="f:\etwork\bin\tests\unittests.eserver3.dll" id="e02b9322-0eb7-1188-a730-2c14e88428c7">
      <Execution id="14242818-ee0d-4fc1-9687-870c85a5dedd" />
      <TestMethod codeBase="F:\ETWork\bin\Tests\UnitTests.EServer3.dll" adapterTypeName="Microsoft.VisualStudio.TestTools.TestTypes.Unit.UnitTestAdapter" className="UnitTests_EServer3.ServerMonitorMessageQueueTests" name="Enqueue_TwoIsAliveMessagesFromSameSenders_CountIsOneAndQueuedItemIsSecond" />
    </UnitTest>
    <UnitTest name="Enqueue_MessageEnqueued_WaitHandleIsSet" storage="f:\etwork\bin\tests\unittests.eserver3.dll" id="777fde0d-f8dc-9559-88f7-4f83f9ef8be7">
      <Execution id="7757fa5b-d5e1-4c83-8105-76ec704588f4" />
      <TestMethod codeBase="F:\ETWork\bin\Tests\UnitTests.EServer3.dll" adapterTypeName="Microsoft.VisualStudio.TestTools.TestTypes.Unit.UnitTestAdapter" className="UnitTests_EServer3.ServerMonitorMessageQueueTests" name="Enqueue_MessageEnqueued_WaitHandleIsSet" />
    </UnitTest>
    <UnitTest name="Dequeue_SomeMessageEnqueued_WaitHandleIsResetOnEmpty" storage="f:\etwork\bin\tests\unittests.eserver3.dll" id="6cb92711-8494-5c86-c68e-5ad9b2d8eb6c">
      <Execution id="99f782e6-a4f5-4f96-bc1e-0aa6b4309c0b" />
      <TestMethod codeBase="F:\ETWork\bin\Tests\UnitTests.EServer3.dll" adapterTypeName="Microsoft.VisualStudio.TestTools.TestTypes.Unit.UnitTestAdapter" className="UnitTests_EServer3.ServerMonitorMessageQueueTests" name="Dequeue_SomeMessageEnqueued_WaitHandleIsResetOnEmpty" />
    </UnitTest>
    <UnitTest name="GetObservable_MessagesExistsInQueue_ReturnsBothExistingAndSubsequentMessages" storage="f:\etwork\bin\tests\unittests.eserver3.dll" id="2a1eca9f-d13f-8161-acb8-0bc79494130c">
      <Execution id="3b294a4e-9a24-414c-b51c-37f1518cdf08" />
      <TestMethod codeBase="F:\ETWork\bin\Tests\UnitTests.EServer3.dll" adapterTypeName="Microsoft.VisualStudio.TestTools.TestTypes.Unit.UnitTestAdapter" className="UnitTests_EServer3.ServerMonitorMessageQueueTests" name="GetObservable_MessagesExistsInQueue_ReturnsBothExistingAndSubsequentMessages" />
    </UnitTest>
    <UnitTest name="GetObservable_MessagesExistsInQueue_DequeueFromObservable_ReturnsCorrectResult" storage="f:\etwork\bin\tests\unittests.eserver3.dll" id="001edeb6-72ee-6644-de90-0b1b4e3aafb1">
      <Execution id="8798dca8-f67a-4939-b731-7986d6c6e7f1" />
      <TestMethod codeBase="F:\ETWork\bin\Tests\UnitTests.EServer3.dll" adapterTypeName="Microsoft.VisualStudio.TestTools.TestTypes.Unit.UnitTestAdapter" className="UnitTests_EServer3.ServerMonitorMessageQueueTests" name="GetObservable_MessagesExistsInQueue_DequeueFromObservable_ReturnsCorrectResult" />
    </UnitTest>
    <UnitTest name="GetOrCreateSessionEvent_NoPreviousSessionExists_NewSessionIsCreated" storage="f:\etwork\bin\tests\unittests.eserver3.dll" id="338ea31b-b24d-3873-11d1-da98f236ee8a">
      <Execution id="29e98131-52b0-414d-9341-77ad62980d43" />
      <TestMethod codeBase="F:\ETWork\bin\Tests\UnitTests.EServer3.dll" adapterTypeName="Microsoft.VisualStudio.TestTools.TestTypes.Unit.UnitTestAdapter" className="UnitTests_EServer3.ServerMonitorSessionEventManagerTests" name="GetOrCreateSessionEvent_NoPreviousSessionExists_NewSessionIsCreated" />
    </UnitTest>
    <UnitTest name="GetOrCreateSessionEvent_APreviousSessionExists_NoRunningJobsFromThatSession_NewSessionIsCreated" storage="f:\etwork\bin\tests\unittests.eserver3.dll" id="9479af87-aa94-7eac-129a-aa1dcc57becd">
      <Execution id="7942220c-d217-4969-abd1-3b2bb96a0ce7" />
      <TestMethod codeBase="F:\ETWork\bin\Tests\UnitTests.EServer3.dll" adapterTypeName="Microsoft.VisualStudio.TestTools.TestTypes.Unit.UnitTestAdapter" className="UnitTests_EServer3.ServerMonitorSessionEventManagerTests" name="GetOrCreateSessionEvent_APreviousSessionExists_NoRunningJobsFromThatSession_NewSessionIsCreated" />
    </UnitTest>
    <UnitTest name="GetOrCreateSessionEvent_APreviousSessionExists_NoRunningJobsFromOtherServersInThatSession_NewSessionIsCreated" storage="f:\etwork\bin\tests\unittests.eserver3.dll" id="3b3990ba-22c5-2c18-0dc6-575a132d695f">
      <Execution id="d6265913-51e7-4f7f-a19c-8fea32ae4483" />
      <TestMethod codeBase="F:\ETWork\bin\Tests\UnitTests.EServer3.dll" adapterTypeName="Microsoft.VisualStudio.TestTools.TestTypes.Unit.UnitTestAdapter" className="UnitTests_EServer3.ServerMonitorSessionEventManagerTests" name="GetOrCreateSessionEvent_APreviousSessionExists_NoRunningJobsFromOtherServersInThatSession_NewSessionIsCreated" />
    </UnitTest>
    <UnitTest name="GetOrCreateSessionEvent_PreviousSessionWithRunningJobsFromOtherServerExists_IsAliveMessagesSentAndNewSessionIsCreatedWhenNoRepliesReceived" storage="f:\etwork\bin\tests\unittests.eserver3.dll" id="9798f6f9-42d1-a20f-9e6c-e156008921f3">
      <Execution id="0fd4f947-b367-42d5-aa94-f23c6decf443" />
      <TestMethod codeBase="F:\ETWork\bin\Tests\UnitTests.EServer3.dll" adapterTypeName="Microsoft.VisualStudio.TestTools.TestTypes.Unit.UnitTestAdapter" className="UnitTests_EServer3.ServerMonitorSessionEventManagerTests" name="GetOrCreateSessionEvent_PreviousSessionWithRunningJobsFromOtherServerExists_IsAliveMessagesSentAndNewSessionIsCreatedWhenNoRepliesReceived" />
    </UnitTest>
    <UnitTest name="GetOrCreateSessionEvent_PreviousSessionWithRunningJobsFromOtherServerExistsAndOwnershipRecordsAreUpdated_IsAliveMessagesSentAndOwnershipSessionIsUsedWhenNoRepliesReceived" storage="f:\etwork\bin\tests\unittests.eserver3.dll" id="cc8e85a3-9242-24af-c108-7be1e82b5093">
      <Execution id="bdf2f873-3e6a-43a7-bd3b-76132d63e0a4" />
      <TestMethod codeBase="F:\ETWork\bin\Tests\UnitTests.EServer3.dll" adapterTypeName="Microsoft.VisualStudio.TestTools.TestTypes.Unit.UnitTestAdapter" className="UnitTests_EServer3.ServerMonitorSessionEventManagerTests" name="GetOrCreateSessionEvent_PreviousSessionWithRunningJobsFromOtherServerExistsAndOwnershipRecordsAreUpdated_IsAliveMessagesSentAndOwnershipSessionIsUsedWhenNoRepliesReceived" />
    </UnitTest>
    <UnitTest name="GetOrCreateSessionEvent_PreviousSessionWithRunningJobsFromOtherServerExistsAndIsAliveMessageReceived_SessionFromIsAliveIsUsed" storage="f:\etwork\bin\tests\unittests.eserver3.dll" id="df53ee82-da12-48be-d1b1-224bb6b3add3">
      <Execution id="3a74d73d-376b-4256-85e0-5b4e34aff69e" />
      <TestMethod codeBase="F:\ETWork\bin\Tests\UnitTests.EServer3.dll" adapterTypeName="Microsoft.VisualStudio.TestTools.TestTypes.Unit.UnitTestAdapter" className="UnitTests_EServer3.ServerMonitorSessionEventManagerTests" name="GetOrCreateSessionEvent_PreviousSessionWithRunningJobsFromOtherServerExistsAndIsAliveMessageReceived_SessionFromIsAliveIsUsed" />
    </UnitTest>
    <UnitTest name="GetOrCreateSessionEvent_PreviousSessionWithRunningJobsFromOtherServerExistsAndCurrrentSessionRecordIsUpdated_SessionFromSessionRepositoryIsUsed" storage="f:\etwork\bin\tests\unittests.eserver3.dll" id="413ce944-6eed-5e12-d151-4231124ab5c7">
      <Execution id="45a1898f-f986-4cc5-887a-ff3bb1b88c42" />
      <TestMethod codeBase="F:\ETWork\bin\Tests\UnitTests.EServer3.dll" adapterTypeName="Microsoft.VisualStudio.TestTools.TestTypes.Unit.UnitTestAdapter" className="UnitTests_EServer3.ServerMonitorSessionEventManagerTests" name="GetOrCreateSessionEvent_PreviousSessionWithRunningJobsFromOtherServerExistsAndCurrrentSessionRecordIsUpdated_SessionFromSessionRepositoryIsUsed" />
    </UnitTest>
    <UnitTest name="ContainsTakeoverRequestFor_ReturnsCorrectValues" storage="f:\etwork\bin\tests\unittests.eserver3.dll" id="8053024f-241c-c508-b9ad-ad9544a7eafa">
      <Execution id="4f3e775f-01d0-4d1e-99d2-0aa186add9b1" />
      <TestMethod codeBase="F:\ETWork\bin\Tests\UnitTests.EServer3.dll" adapterTypeName="Microsoft.VisualStudio.TestTools.TestTypes.Unit.UnitTestAdapter" className="UnitTests_EServer3.TakeoverRequestCollectionTests" name="ContainsTakeoverRequestFor_ReturnsCorrectValues" />
    </UnitTest>
    <UnitTest name="ContainsTakeoverRequestFor_WithExpirationTime_ReturnsCorrectValues" storage="f:\etwork\bin\tests\unittests.eserver3.dll" id="1c147c40-2d9e-28e6-4519-245d9543d4fe">
      <Execution id="10e1af3f-7ea8-4d0e-8f33-3259d03a2a17" />
      <TestMethod codeBase="F:\ETWork\bin\Tests\UnitTests.EServer3.dll" adapterTypeName="Microsoft.VisualStudio.TestTools.TestTypes.Unit.UnitTestAdapter" className="UnitTests_EServer3.TakeoverRequestCollectionTests" name="ContainsTakeoverRequestFor_WithExpirationTime_ReturnsCorrectValues" />
    </UnitTest>
    <UnitTest name="GetAll_ReturnsCorrectValues" storage="f:\etwork\bin\tests\unittests.eserver3.dll" id="0d5396e0-4245-0cb5-2eb7-0c8aaf81e8d7">
      <Execution id="6812e02d-8aaa-471c-ba07-e09c1c9f67a6" />
      <TestMethod codeBase="F:\ETWork\bin\Tests\UnitTests.EServer3.dll" adapterTypeName="Microsoft.VisualStudio.TestTools.TestTypes.Unit.UnitTestAdapter" className="UnitTests_EServer3.TakeoverRequestCollectionTests" name="GetAll_ReturnsCorrectValues" />
    </UnitTest>
    <UnitTest name="GetAll_WithExpiration_ReturnsCorrectValues" storage="f:\etwork\bin\tests\unittests.eserver3.dll" id="000be893-79b1-1ead-377c-a8b37526facc">
      <Execution id="ff57b298-38b4-4493-87b3-ab4b31e281ed" />
      <TestMethod codeBase="F:\ETWork\bin\Tests\UnitTests.EServer3.dll" adapterTypeName="Microsoft.VisualStudio.TestTools.TestTypes.Unit.UnitTestAdapter" className="UnitTests_EServer3.TakeoverRequestCollectionTests" name="GetAll_WithExpiration_ReturnsCorrectValues" />
    </UnitTest>
    <UnitTest name="ToHotObservable_ProducesNewValuesAdded" storage="f:\etwork\bin\tests\unittests.eserver3.dll" id="fac1f6f1-e914-d0e0-8efd-e66a928a411f">
      <Execution id="af7dca70-e1e1-4bca-b025-f41e19bc796c" />
      <TestMethod codeBase="F:\ETWork\bin\Tests\UnitTests.EServer3.dll" adapterTypeName="Microsoft.VisualStudio.TestTools.TestTypes.Unit.UnitTestAdapter" className="UnitTests_EServer3.TakeoverRequestCollectionTests" name="ToHotObservable_ProducesNewValuesAdded" />
    </UnitTest>
    <UnitTest name="ToHotObservable_ValuesAlreadyInCollectionAreProducedFirst" storage="f:\etwork\bin\tests\unittests.eserver3.dll" id="e28fa139-fdea-1194-b0e4-5e9f8df425fe">
      <Execution id="c4762c3b-2374-4612-91d3-4d59aa770fe4" />
      <TestMethod codeBase="F:\ETWork\bin\Tests\UnitTests.EServer3.dll" adapterTypeName="Microsoft.VisualStudio.TestTools.TestTypes.Unit.UnitTestAdapter" className="UnitTests_EServer3.TakeoverRequestCollectionTests" name="ToHotObservable_ValuesAlreadyInCollectionAreProducedFirst" />
    </UnitTest>
    <UnitTest name="Stop_StateIsStopped_StateShouldBeStopped" storage="f:\etwork\bin\tests\unittests.eserver3.dll" id="8d9c6f20-8b33-5d59-0428-ae0601ba98ee">
      <Execution id="ddd982f6-e9e3-4e04-9db0-9116a288048d" />
      <TestMethod codeBase="F:\ETWork\bin\Tests\UnitTests.EServer3.dll" adapterTypeName="Microsoft.VisualStudio.TestTools.TestTypes.Unit.UnitTestAdapter" className="UnitTests_EServer3.ServerPartBaseTests" name="Stop_StateIsStopped_StateShouldBeStopped" />
    </UnitTest>
    <UnitTest name="Start_OnStartThrowsException_StateShouldBeFaulted" storage="f:\etwork\bin\tests\unittests.eserver3.dll" id="147af7eb-196c-5441-bb76-f3fe94b04251">
      <Execution id="03b8ba65-a1ab-4a03-a687-e1be5753f529" />
      <TestMethod codeBase="F:\ETWork\bin\Tests\UnitTests.EServer3.dll" adapterTypeName="Microsoft.VisualStudio.TestTools.TestTypes.Unit.UnitTestAdapter" className="UnitTests_EServer3.ServerPartBaseTests" name="Start_OnStartThrowsException_StateShouldBeFaulted" />
    </UnitTest>
    <UnitTest name="Start_StateIsStoppedOnStartThrowsException_StatusShouldThrow" storage="f:\etwork\bin\tests\unittests.eserver3.dll" id="0292adfb-11d0-84be-1c37-9f91ee85f3aa">
      <Execution id="d01756ce-f923-4c9d-9886-67dfcae09aa5" />
      <TestMethod codeBase="F:\ETWork\bin\Tests\UnitTests.EServer3.dll" adapterTypeName="Microsoft.VisualStudio.TestTools.TestTypes.Unit.UnitTestAdapter" className="UnitTests_EServer3.ServerPartBaseTests" name="Start_StateIsStoppedOnStartThrowsException_StatusShouldThrow" />
    </UnitTest>
    <UnitTest name="Start_StateIsStopped_StateShouldBeStartingInCallToOnStart" storage="f:\etwork\bin\tests\unittests.eserver3.dll" id="7d8d322d-c37e-5bb6-abb7-326738febb07">
      <Execution id="d437f512-b7dc-4b6e-917f-c43cdc6fb840" />
      <TestMethod codeBase="F:\ETWork\bin\Tests\UnitTests.EServer3.dll" adapterTypeName="Microsoft.VisualStudio.TestTools.TestTypes.Unit.UnitTestAdapter" className="UnitTests_EServer3.ServerPartBaseTests" name="Start_StateIsStopped_StateShouldBeStartingInCallToOnStart" />
    </UnitTest>
    <UnitTest name="Start_StateIsStopped_OnStartShouldBeCalledOnce" storage="f:\etwork\bin\tests\unittests.eserver3.dll" id="f0df2bda-d914-af79-6443-d43d4738bb2e">
      <Execution id="b713e202-d03b-4129-8fc3-7174ea8f8ef3" />
      <TestMethod codeBase="F:\ETWork\bin\Tests\UnitTests.EServer3.dll" adapterTypeName="Microsoft.VisualStudio.TestTools.TestTypes.Unit.UnitTestAdapter" className="UnitTests_EServer3.ServerPartBaseTests" name="Start_StateIsStopped_OnStartShouldBeCalledOnce" />
    </UnitTest>
    <UnitTest name="Start_StateIsStopped_ExecuteShouldBeCalledAfterOnStart" storage="f:\etwork\bin\tests\unittests.eserver3.dll" id="d5f4cbd6-9aeb-63a8-d1f8-37d650ac763a">
      <Execution id="e6b266f7-c05d-4e50-99ee-7b22e9811458" />
      <TestMethod codeBase="F:\ETWork\bin\Tests\UnitTests.EServer3.dll" adapterTypeName="Microsoft.VisualStudio.TestTools.TestTypes.Unit.UnitTestAdapter" className="UnitTests_EServer3.ServerPartBaseTests" name="Start_StateIsStopped_ExecuteShouldBeCalledAfterOnStart" />
    </UnitTest>
    <UnitTest name="Start_StateIsStopped_ExecuteShouldBeCalledOnADifferentThread" storage="f:\etwork\bin\tests\unittests.eserver3.dll" id="fab63e2c-e01e-00bb-2d2c-79a3b7c9c277">
      <Execution id="9464dce8-e5fb-4408-aad3-55546369fb13" />
      <TestMethod codeBase="F:\ETWork\bin\Tests\UnitTests.EServer3.dll" adapterTypeName="Microsoft.VisualStudio.TestTools.TestTypes.Unit.UnitTestAdapter" className="UnitTests_EServer3.ServerPartBaseTests" name="Start_StateIsStopped_ExecuteShouldBeCalledOnADifferentThread" />
    </UnitTest>
    <UnitTest name="Start_OnStartThrows_FaultedEventRaised" storage="f:\etwork\bin\tests\unittests.eserver3.dll" id="17dc9c36-b2b5-7dab-9dca-05dac02e2163">
      <Execution id="1d6d3d9d-c7b1-41b8-893b-bb1e05a0ef90" />
      <TestMethod codeBase="F:\ETWork\bin\Tests\UnitTests.EServer3.dll" adapterTypeName="Microsoft.VisualStudio.TestTools.TestTypes.Unit.UnitTestAdapter" className="UnitTests_EServer3.ServerPartBaseTests" name="Start_OnStartThrows_FaultedEventRaised" />
    </UnitTest>
    <UnitTest name="Start_OnBeforeStartThrows_StateIsFaulted" storage="f:\etwork\bin\tests\unittests.eserver3.dll" id="833acf3b-6594-f83b-3124-08a22a947834">
      <Execution id="e43ef711-7cdf-48c7-87ce-681f078a4b83" />
      <TestMethod codeBase="F:\ETWork\bin\Tests\UnitTests.EServer3.dll" adapterTypeName="Microsoft.VisualStudio.TestTools.TestTypes.Unit.UnitTestAdapter" className="UnitTests_EServer3.ServerPartBaseTests" name="Start_OnBeforeStartThrows_StateIsFaulted" />
    </UnitTest>
    <UnitTest name="Start_OnBeforeStartThrows_OnStartIsNotCalled" storage="f:\etwork\bin\tests\unittests.eserver3.dll" id="5bcd47d1-f7a8-dbdd-d4c4-9e76a7fef3cd">
      <Execution id="4ebef509-6114-4504-b706-a41d65547f9e" />
      <TestMethod codeBase="F:\ETWork\bin\Tests\UnitTests.EServer3.dll" adapterTypeName="Microsoft.VisualStudio.TestTools.TestTypes.Unit.UnitTestAdapter" className="UnitTests_EServer3.ServerPartBaseTests" name="Start_OnBeforeStartThrows_OnStartIsNotCalled" />
    </UnitTest>
    <UnitTest name="Start_OnAfterStartThrows_StateIsFaulted" storage="f:\etwork\bin\tests\unittests.eserver3.dll" id="0d5893eb-d454-9d44-d0f5-f1ea4707b335">
      <Execution id="ab1f5ffc-fcc9-4bc8-9d51-4f9fc420b465" />
      <TestMethod codeBase="F:\ETWork\bin\Tests\UnitTests.EServer3.dll" adapterTypeName="Microsoft.VisualStudio.TestTools.TestTypes.Unit.UnitTestAdapter" className="UnitTests_EServer3.ServerPartBaseTests" name="Start_OnAfterStartThrows_StateIsFaulted" />
    </UnitTest>
    <UnitTest name="Start_OnStartThrows_JobIsFailed" storage="f:\etwork\bin\tests\unittests.eserver3.dll" id="0c57f448-9bff-45f9-7a78-1e232af01499">
      <Execution id="f332dd2d-5422-4788-9320-17e8a2258ac5" />
      <TestMethod codeBase="F:\ETWork\bin\Tests\UnitTests.EServer3.dll" adapterTypeName="Microsoft.VisualStudio.TestTools.TestTypes.Unit.UnitTestAdapter" className="UnitTests_EServer3.ServerPartBaseTests" name="Start_OnStartThrows_JobIsFailed" />
    </UnitTest>
    <UnitTest name="Start_NoErrors_CreatesJobBeforeOnAfterStartIsCalled" storage="f:\etwork\bin\tests\unittests.eserver3.dll" id="5b2a3045-2317-9161-6cbb-163d3a5d26a9">
      <Execution id="aea382f5-fa55-4451-a773-c88c7fe0584e" />
      <TestMethod codeBase="F:\ETWork\bin\Tests\UnitTests.EServer3.dll" adapterTypeName="Microsoft.VisualStudio.TestTools.TestTypes.Unit.UnitTestAdapter" className="UnitTests_EServer3.ServerPartBaseTests" name="Start_NoErrors_CreatesJobBeforeOnAfterStartIsCalled" />
    </UnitTest>
    <UnitTest name="Execute_ExecuteThrows_FaultedEventRaised" storage="f:\etwork\bin\tests\unittests.eserver3.dll" id="ab9596b3-8f25-27bc-7aa1-593b44d89d71">
      <Execution id="50d32069-f73d-4d20-820d-193cb5693681" />
      <TestMethod codeBase="F:\ETWork\bin\Tests\UnitTests.EServer3.dll" adapterTypeName="Microsoft.VisualStudio.TestTools.TestTypes.Unit.UnitTestAdapter" className="UnitTests_EServer3.ServerPartBaseTests" name="Execute_ExecuteThrows_FaultedEventRaised" />
    </UnitTest>
    <UnitTest name="Execute_ExecuteThrows_JobIsFailed" storage="f:\etwork\bin\tests\unittests.eserver3.dll" id="b64558bb-6db0-f118-2586-7c34ced2a7fe">
      <Execution id="ef803978-3ffd-4688-9c69-801fb4cd3ffe" />
      <TestMethod codeBase="F:\ETWork\bin\Tests\UnitTests.EServer3.dll" adapterTypeName="Microsoft.VisualStudio.TestTools.TestTypes.Unit.UnitTestAdapter" className="UnitTests_EServer3.ServerPartBaseTests" name="Execute_ExecuteThrows_JobIsFailed" />
    </UnitTest>
    <UnitTest name="Execute_ExecuteThrows_CompletedEventShouldNotBeRaised" storage="f:\etwork\bin\tests\unittests.eserver3.dll" id="1cf560f3-4ea9-1493-1e2b-c7ffacfbbd73">
      <Execution id="7c18cf52-8cbb-4d24-977d-795609c5a0ed" />
      <TestMethod codeBase="F:\ETWork\bin\Tests\UnitTests.EServer3.dll" adapterTypeName="Microsoft.VisualStudio.TestTools.TestTypes.Unit.UnitTestAdapter" className="UnitTests_EServer3.ServerPartBaseTests" name="Execute_ExecuteThrows_CompletedEventShouldNotBeRaised" />
    </UnitTest>
    <UnitTest name="Execute_ExecuteThrowsOperationCancelException_CompletedEventRaised" storage="f:\etwork\bin\tests\unittests.eserver3.dll" id="d8a20eb9-fd25-e886-88d3-94567b2c60a5">
      <Execution id="98cab204-9f8d-4a64-aa7e-2674e9e4d1f2" />
      <TestMethod codeBase="F:\ETWork\bin\Tests\UnitTests.EServer3.dll" adapterTypeName="Microsoft.VisualStudio.TestTools.TestTypes.Unit.UnitTestAdapter" className="UnitTests_EServer3.ServerPartBaseTests" name="Execute_ExecuteThrowsOperationCancelException_CompletedEventRaised" />
    </UnitTest>
    <UnitTest name="Execute_StopCalledWhenRunning_CompletedEventShouldBeRaised" storage="f:\etwork\bin\tests\unittests.eserver3.dll" id="8282352d-f90d-b04e-65b9-08ca2561037b">
      <Execution id="804d4e29-76e0-4c68-a7de-8a463b444898" />
      <TestMethod codeBase="F:\ETWork\bin\Tests\UnitTests.EServer3.dll" adapterTypeName="Microsoft.VisualStudio.TestTools.TestTypes.Unit.UnitTestAdapter" className="UnitTests_EServer3.ServerPartBaseTests" name="Execute_StopCalledWhenRunning_CompletedEventShouldBeRaised" />
    </UnitTest>
    <UnitTest name="Execute_ExecuteCompletes_CompletedEventRaised" storage="f:\etwork\bin\tests\unittests.eserver3.dll" id="21af625d-dad8-c6eb-e266-f868e71582da">
      <Execution id="fed27619-b760-44c9-847a-a89dc826af0d" />
      <TestMethod codeBase="F:\ETWork\bin\Tests\UnitTests.EServer3.dll" adapterTypeName="Microsoft.VisualStudio.TestTools.TestTypes.Unit.UnitTestAdapter" className="UnitTests_EServer3.ServerPartBaseTests" name="Execute_ExecuteCompletes_CompletedEventRaised" />
    </UnitTest>
    <UnitTest name="Execute_ExecuteCompletes_JobIsSucceeded" storage="f:\etwork\bin\tests\unittests.eserver3.dll" id="b3241009-5a80-058f-3f82-7e3bbc6bd548">
      <Execution id="05026c74-b656-44f3-8c13-835cf195c519" />
      <TestMethod codeBase="F:\ETWork\bin\Tests\UnitTests.EServer3.dll" adapterTypeName="Microsoft.VisualStudio.TestTools.TestTypes.Unit.UnitTestAdapter" className="UnitTests_EServer3.ServerPartBaseTests" name="Execute_ExecuteCompletes_JobIsSucceeded" />
    </UnitTest>
    <UnitTest name="StopSoft_StateIsStarted_ShutdownWaitHandleIsSignalled" storage="f:\etwork\bin\tests\unittests.eserver3.dll" id="bd874231-7275-c777-f1a3-0954a62cbaa1">
      <Execution id="eabc04b4-9c36-40ea-b8d6-0f138b625e43" />
      <TestMethod codeBase="F:\ETWork\bin\Tests\UnitTests.EServer3.dll" adapterTypeName="Microsoft.VisualStudio.TestTools.TestTypes.Unit.UnitTestAdapter" className="UnitTests_EServer3.ServerPartBaseTests" name="StopSoft_StateIsStarted_ShutdownWaitHandleIsSignalled" />
    </UnitTest>
    <UnitTest name="StopForced_StateIsStarted_ForcedShutdownWaitHandleIsSignalled" storage="f:\etwork\bin\tests\unittests.eserver3.dll" id="14aee031-3987-e579-e17c-0f17db099498">
      <Execution id="4cc63173-9a5d-4c0c-b173-ed49ecbb125d" />
      <TestMethod codeBase="F:\ETWork\bin\Tests\UnitTests.EServer3.dll" adapterTypeName="Microsoft.VisualStudio.TestTools.TestTypes.Unit.UnitTestAdapter" className="UnitTests_EServer3.ServerPartBaseTests" name="StopForced_StateIsStarted_ForcedShutdownWaitHandleIsSignalled" />
    </UnitTest>
    <UnitTest name="Stop_ExecuteThrowsOperationCanceledException_ShouldSucceed" storage="f:\etwork\bin\tests\unittests.eserver3.dll" id="746fa645-df98-e051-ffb7-b6ec4c4f474a">
      <Execution id="17288fca-ea88-4d47-ba21-74f0d29ace6a" />
      <TestMethod codeBase="F:\ETWork\bin\Tests\UnitTests.EServer3.dll" adapterTypeName="Microsoft.VisualStudio.TestTools.TestTypes.Unit.UnitTestAdapter" className="UnitTests_EServer3.ServerPartBaseTests" name="Stop_ExecuteThrowsOperationCanceledException_ShouldSucceed" />
    </UnitTest>
    <UnitTest name="Stop_NormalStop_JobShouldBeSucceeded" storage="f:\etwork\bin\tests\unittests.eserver3.dll" id="1f12292d-a2df-cc09-886d-27752d1acf58">
      <Execution id="64049228-2166-4155-8025-8a51dbc7701e" />
      <TestMethod codeBase="F:\ETWork\bin\Tests\UnitTests.EServer3.dll" adapterTypeName="Microsoft.VisualStudio.TestTools.TestTypes.Unit.UnitTestAdapter" className="UnitTests_EServer3.ServerPartBaseTests" name="Stop_NormalStop_JobShouldBeSucceeded" />
    </UnitTest>
    <UnitTest name="StatusChanged_ToDifferentValue_StateChangeShouldBeRaised" storage="f:\etwork\bin\tests\unittests.eserver3.dll" id="7cf8db1b-5119-0cea-de36-d5cad2945e4d">
      <Execution id="0c6e86bf-e816-4406-95af-6a7b02b3260f" />
      <TestMethod codeBase="F:\ETWork\bin\Tests\UnitTests.EServer3.dll" adapterTypeName="Microsoft.VisualStudio.TestTools.TestTypes.Unit.UnitTestAdapter" className="UnitTests_EServer3.ServerPartBaseTests" name="StatusChanged_ToDifferentValue_StateChangeShouldBeRaised" />
    </UnitTest>
    <UnitTest name="StatusSet_ToSameValue_StateChangeShouldNotBeRaised" storage="f:\etwork\bin\tests\unittests.eserver3.dll" id="0698f277-5364-17c5-fc95-62587190fd9d">
      <Execution id="41b61618-67e3-4e8b-b4df-3b5900f66b95" />
      <TestMethod codeBase="F:\ETWork\bin\Tests\UnitTests.EServer3.dll" adapterTypeName="Microsoft.VisualStudio.TestTools.TestTypes.Unit.UnitTestAdapter" className="UnitTests_EServer3.ServerPartBaseTests" name="StatusSet_ToSameValue_StateChangeShouldNotBeRaised" />
    </UnitTest>
    <UnitTest name="SetStateFaulted_TaskRunning_TaskShouldBeCanceled" storage="f:\etwork\bin\tests\unittests.eserver3.dll" id="c837a4ae-b0c7-47e6-8834-4188912d8788">
      <Execution id="62742baa-b28b-47ef-8664-dc8229dc1001" />
      <TestMethod codeBase="F:\ETWork\bin\Tests\UnitTests.EServer3.dll" adapterTypeName="Microsoft.VisualStudio.TestTools.TestTypes.Unit.UnitTestAdapter" className="UnitTests_EServer3.ServerPartBaseTests" name="SetStateFaulted_TaskRunning_TaskShouldBeCanceled" />
    </UnitTest>
    <UnitTest name="SetStateFaulted_TaskRunning_StateShouldBeFaulted" storage="f:\etwork\bin\tests\unittests.eserver3.dll" id="db3f995e-db2c-5d2b-0404-1a361eef6410">
      <Execution id="b4a0ea79-9a1c-415a-80d0-c61a29a47515" />
      <TestMethod codeBase="F:\ETWork\bin\Tests\UnitTests.EServer3.dll" adapterTypeName="Microsoft.VisualStudio.TestTools.TestTypes.Unit.UnitTestAdapter" className="UnitTests_EServer3.ServerPartBaseTests" name="SetStateFaulted_TaskRunning_StateShouldBeFaulted" />
    </UnitTest>
    <UnitTest name="SetStateFaulted_TaskRunning_JobShouldBeFailed" storage="f:\etwork\bin\tests\unittests.eserver3.dll" id="2dd44544-9bcd-9fa8-5e0c-e53d274184f6">
      <Execution id="f012474c-6d23-4104-bed3-6449f95e1e94" />
      <TestMethod codeBase="F:\ETWork\bin\Tests\UnitTests.EServer3.dll" adapterTypeName="Microsoft.VisualStudio.TestTools.TestTypes.Unit.UnitTestAdapter" className="UnitTests_EServer3.ServerPartBaseTests" name="SetStateFaulted_TaskRunning_JobShouldBeFailed" />
    </UnitTest>
    <UnitTest name="DefaultConstructor_ShouldSetCountToZero" storage="f:\etwork\bin\tests\unittests.eserver3.dll" id="636f9be6-0d56-a9fb-83cc-14228989dd8a">
      <Execution id="8c1bfb18-815f-4857-8dc2-171e7c851b22" />
      <TestMethod codeBase="F:\ETWork\bin\Tests\UnitTests.EServer3.dll" adapterTypeName="Microsoft.VisualStudio.TestTools.TestTypes.Unit.UnitTestAdapter" className="UnitTests_EServer3.ServerInfoCollectionTests" name="DefaultConstructor_ShouldSetCountToZero" />
    </UnitTest>
    <UnitTest name="Constructur_ServerList_ShouldCreateCorrectServerConfigurations" storage="f:\etwork\bin\tests\unittests.eserver3.dll" id="9157afc7-eddc-a580-317c-f33354d9803c">
      <Execution id="744a2e0a-2bbd-471b-8488-12ab9d4b87d1" />
      <TestMethod codeBase="F:\ETWork\bin\Tests\UnitTests.EServer3.dll" adapterTypeName="Microsoft.VisualStudio.TestTools.TestTypes.Unit.UnitTestAdapter" className="UnitTests_EServer3.ServerInfoCollectionTests" name="Constructur_ServerList_ShouldCreateCorrectServerConfigurations" />
    </UnitTest>
    <UnitTest name="TryAdd_NewValue_ShouldReturnTrue" storage="f:\etwork\bin\tests\unittests.eserver3.dll" id="2ccaef46-0c09-383d-0614-289b28d65beb">
      <Execution id="e636f728-d1de-4989-a8c7-bf310615712a" />
      <TestMethod codeBase="F:\ETWork\bin\Tests\UnitTests.EServer3.dll" adapterTypeName="Microsoft.VisualStudio.TestTools.TestTypes.Unit.UnitTestAdapter" className="UnitTests_EServer3.ServerInfoCollectionTests" name="TryAdd_NewValue_ShouldReturnTrue" />
    </UnitTest>
    <UnitTest name="TryAdd_NewValue_ShouldIncreaseCountBy1" storage="f:\etwork\bin\tests\unittests.eserver3.dll" id="34e3e28f-28fe-1732-da90-48ab843aee57">
      <Execution id="930177ec-3ff5-491d-b8e2-5c17c51ff87b" />
      <TestMethod codeBase="F:\ETWork\bin\Tests\UnitTests.EServer3.dll" adapterTypeName="Microsoft.VisualStudio.TestTools.TestTypes.Unit.UnitTestAdapter" className="UnitTests_EServer3.ServerInfoCollectionTests" name="TryAdd_NewValue_ShouldIncreaseCountBy1" />
    </UnitTest>
    <UnitTest name="TryAdd_DuplicateKey_ShouldReturnFalse" storage="f:\etwork\bin\tests\unittests.eserver3.dll" id="b610d2a9-b802-75a1-d572-5e9aa9ba7d3b">
      <Execution id="cf3b5040-12de-4881-9dc9-bdfcb170d83c" />
      <TestMethod codeBase="F:\ETWork\bin\Tests\UnitTests.EServer3.dll" adapterTypeName="Microsoft.VisualStudio.TestTools.TestTypes.Unit.UnitTestAdapter" className="UnitTests_EServer3.ServerInfoCollectionTests" name="TryAdd_DuplicateKey_ShouldReturnFalse" />
    </UnitTest>
    <UnitTest name="TryGetValue_ExistingKey_ShouldReturnTrueAndSetCorrectValue" storage="f:\etwork\bin\tests\unittests.eserver3.dll" id="c575c341-90a8-0aa8-1275-a2a762582dcc">
      <Execution id="e75bc702-fb92-4039-afb8-af8031e624e2" />
      <TestMethod codeBase="F:\ETWork\bin\Tests\UnitTests.EServer3.dll" adapterTypeName="Microsoft.VisualStudio.TestTools.TestTypes.Unit.UnitTestAdapter" className="UnitTests_EServer3.ServerInfoCollectionTests" name="TryGetValue_ExistingKey_ShouldReturnTrueAndSetCorrectValue" />
    </UnitTest>
    <UnitTest name="TryGetValue_NonExistingKey_ShouldReturnFalseAndSetValueToNull" storage="f:\etwork\bin\tests\unittests.eserver3.dll" id="b1f3d783-c84b-70a7-b2b7-7c730e53bafc">
      <Execution id="9c34ccdb-8a0c-44a7-bbf6-6a06827397e8" />
      <TestMethod codeBase="F:\ETWork\bin\Tests\UnitTests.EServer3.dll" adapterTypeName="Microsoft.VisualStudio.TestTools.TestTypes.Unit.UnitTestAdapter" className="UnitTests_EServer3.ServerInfoCollectionTests" name="TryGetValue_NonExistingKey_ShouldReturnFalseAndSetValueToNull" />
    </UnitTest>
    <UnitTest name="TryRemove_ExistingKey_ShouldReturnTrueAndRemoveRequestedValue" storage="f:\etwork\bin\tests\unittests.eserver3.dll" id="c3e34166-3b5d-0d41-f94d-49e7663df056">
      <Execution id="ff5e6850-3288-4423-b002-2fd54d7470bd" />
      <TestMethod codeBase="F:\ETWork\bin\Tests\UnitTests.EServer3.dll" adapterTypeName="Microsoft.VisualStudio.TestTools.TestTypes.Unit.UnitTestAdapter" className="UnitTests_EServer3.ServerInfoCollectionTests" name="TryRemove_ExistingKey_ShouldReturnTrueAndRemoveRequestedValue" />
    </UnitTest>
    <UnitTest name="TryRemove_NonExistingKey_ShouldReturnFalseAndRemoveRequestedValue" storage="f:\etwork\bin\tests\unittests.eserver3.dll" id="726338a7-1514-f45b-0305-a112c81fff4f">
      <Execution id="0dad4d18-21d2-4285-8186-13b383746fda" />
      <TestMethod codeBase="F:\ETWork\bin\Tests\UnitTests.EServer3.dll" adapterTypeName="Microsoft.VisualStudio.TestTools.TestTypes.Unit.UnitTestAdapter" className="UnitTests_EServer3.ServerInfoCollectionTests" name="TryRemove_NonExistingKey_ShouldReturnFalseAndRemoveRequestedValue" />
    </UnitTest>
    <UnitTest name="AddOrUpdate_NonExistingItem_ShouldAddTheItem" storage="f:\etwork\bin\tests\unittests.eserver3.dll" id="59718967-298b-f3ec-827c-d36292b49480">
      <Execution id="558fdcc1-e133-4551-8c7b-098153029b93" />
      <TestMethod codeBase="F:\ETWork\bin\Tests\UnitTests.EServer3.dll" adapterTypeName="Microsoft.VisualStudio.TestTools.TestTypes.Unit.UnitTestAdapter" className="UnitTests_EServer3.ServerInfoCollectionTests" name="AddOrUpdate_NonExistingItem_ShouldAddTheItem" />
    </UnitTest>
    <UnitTest name="AddOrUpdate_ExistingItem_ShouldUpdateTheItem" storage="f:\etwork\bin\tests\unittests.eserver3.dll" id="6be3f006-c984-7482-1684-2b93181e5f3b">
      <Execution id="c6444d03-6941-41ef-bd5f-a2db6dd11240" />
      <TestMethod codeBase="F:\ETWork\bin\Tests\UnitTests.EServer3.dll" adapterTypeName="Microsoft.VisualStudio.TestTools.TestTypes.Unit.UnitTestAdapter" className="UnitTests_EServer3.ServerInfoCollectionTests" name="AddOrUpdate_ExistingItem_ShouldUpdateTheItem" />
    </UnitTest>
    <UnitTest name="TryUpdate_DelegateForNonExistingItem_ShouldReturnFalse" storage="f:\etwork\bin\tests\unittests.eserver3.dll" id="31471323-dab4-d7ec-122a-a474dce526c6">
      <Execution id="e09ae4ce-bc8d-4932-a32e-7dab9459268b" />
      <TestMethod codeBase="F:\ETWork\bin\Tests\UnitTests.EServer3.dll" adapterTypeName="Microsoft.VisualStudio.TestTools.TestTypes.Unit.UnitTestAdapter" className="UnitTests_EServer3.ServerInfoCollectionTests" name="TryUpdate_DelegateForNonExistingItem_ShouldReturnFalse" />
    </UnitTest>
    <UnitTest name="TryUpdate_DelegateForExistingItem_ShouldReturnTrueAndUpdateItem" storage="f:\etwork\bin\tests\unittests.eserver3.dll" id="1dc44784-8b37-bc45-2025-c19875780825">
      <Execution id="caaa21e8-c169-4efb-a2b8-4e1f32ca64be" />
      <TestMethod codeBase="F:\ETWork\bin\Tests\UnitTests.EServer3.dll" adapterTypeName="Microsoft.VisualStudio.TestTools.TestTypes.Unit.UnitTestAdapter" className="UnitTests_EServer3.ServerInfoCollectionTests" name="TryUpdate_DelegateForExistingItem_ShouldReturnTrueAndUpdateItem" />
    </UnitTest>
    <UnitTest name="TryUpdate_ChangingPrimaryKey_ShouldThrowNotSupportedException" storage="f:\etwork\bin\tests\unittests.eserver3.dll" id="cc789bca-b11c-e340-8d3d-d63fe1ddcf31">
      <Execution id="bec1a6fb-1bc3-49c1-9b0a-a2d54de6e2ea" />
      <TestMethod codeBase="F:\ETWork\bin\Tests\UnitTests.EServer3.dll" adapterTypeName="Microsoft.VisualStudio.TestTools.TestTypes.Unit.UnitTestAdapter" className="UnitTests_EServer3.ServerInfoCollectionTests" name="TryUpdate_ChangingPrimaryKey_ShouldThrowNotSupportedException" />
    </UnitTest>
    <UnitTest name="GetLostServers_AllServersConnected_ReturnsNone" storage="f:\etwork\bin\tests\unittests.eserver3.dll" id="41e46e1d-7bf5-b1c3-8d62-a84ca7fd298d">
      <Execution id="ec26df92-95c6-4e71-950e-f964485ab98e" />
      <TestMethod codeBase="F:\ETWork\bin\Tests\UnitTests.EServer3.dll" adapterTypeName="Microsoft.VisualStudio.TestTools.TestTypes.Unit.UnitTestAdapter" className="UnitTests_EServer3.ServerInfoCollectionTests" name="GetLostServers_AllServersConnected_ReturnsNone" />
    </UnitTest>
    <UnitTest name="GetLostServers_SomeServersConnected_ReturnsSome" storage="f:\etwork\bin\tests\unittests.eserver3.dll" id="8c94c629-7d85-a932-e74c-56a02839cc66">
      <Execution id="7756909d-5d19-4dea-ba35-f1cfa603c6e9" />
      <TestMethod codeBase="F:\ETWork\bin\Tests\UnitTests.EServer3.dll" adapterTypeName="Microsoft.VisualStudio.TestTools.TestTypes.Unit.UnitTestAdapter" className="UnitTests_EServer3.ServerInfoCollectionTests" name="GetLostServers_SomeServersConnected_ReturnsSome" />
    </UnitTest>
    <UnitTest name="IsVitalTest_VitalServerPart_ReturnsTrue" storage="f:\etwork\bin\tests\unittests.eserver3.dll" id="65b6ddf5-9812-7d31-33c2-856224d33b1b">
      <Execution id="ab1c0e06-a81f-4531-9bd0-00f6542f1a70" />
      <TestMethod codeBase="F:\ETWork\bin\Tests\UnitTests.EServer3.dll" adapterTypeName="Microsoft.VisualStudio.TestTools.TestTypes.Unit.UnitTestAdapter" className="UnitTests_EServer3.ServerInfoCollectionTests" name="IsVitalTest_VitalServerPart_ReturnsTrue" />
    </UnitTest>
    <UnitTest name="IsVitalTest_NonVitalServerPart_ReturnsFalse" storage="f:\etwork\bin\tests\unittests.eserver3.dll" id="2a4b3afd-0e4b-391f-1543-5513c682694b">
      <Execution id="dc3f1a7c-ac34-40c6-a8e6-45836f97177e" />
      <TestMethod codeBase="F:\ETWork\bin\Tests\UnitTests.EServer3.dll" adapterTypeName="Microsoft.VisualStudio.TestTools.TestTypes.Unit.UnitTestAdapter" className="UnitTests_EServer3.ServerInfoCollectionTests" name="IsVitalTest_NonVitalServerPart_ReturnsFalse" />
    </UnitTest>
    <UnitTest name="WaitForServerPartActivation_ServerPartIsAlreadyActive_ReturnsTheCorrectResultImmediately" storage="f:\etwork\bin\tests\unittests.eserver3.dll" id="38110c97-97db-dd68-0f87-c568d57fbdae">
      <Execution id="7e46d4ed-d17c-4922-be42-6c9c0f4e75fc" />
      <TestMethod codeBase="F:\ETWork\bin\Tests\UnitTests.EServer3.dll" adapterTypeName="Microsoft.VisualStudio.TestTools.TestTypes.Unit.UnitTestAdapter" className="UnitTests_EServer3.ServerInfoCollectionTests" name="WaitForServerPartActivation_ServerPartIsAlreadyActive_ReturnsTheCorrectResultImmediately" />
    </UnitTest>
    <UnitTest name="WaitForServerPartActivation_ServerPartIsActivatedAfterWaitStarted_ReturnsTheCorrectResult" storage="f:\etwork\bin\tests\unittests.eserver3.dll" id="8812bb1f-5a5c-b83b-7fd6-e42fbf69329a">
      <Execution id="3a31a4d6-064e-4217-8e89-d960ef8d346f" />
      <TestMethod codeBase="F:\ETWork\bin\Tests\UnitTests.EServer3.dll" adapterTypeName="Microsoft.VisualStudio.TestTools.TestTypes.Unit.UnitTestAdapter" className="UnitTests_EServer3.ServerInfoCollectionTests" name="WaitForServerPartActivation_ServerPartIsActivatedAfterWaitStarted_ReturnsTheCorrectResult" />
    </UnitTest>
    <UnitTest name="WaitForServerPartActivation_ServerPartsChangeStateButNoneAreActivated_DoesNotReturnUntilCanceled" storage="f:\etwork\bin\tests\unittests.eserver3.dll" id="f61f67bb-f857-31b0-7364-57962112c029">
      <Execution id="e572fb6c-a27f-4b16-b398-6638046e74fe" />
      <TestMethod codeBase="F:\ETWork\bin\Tests\UnitTests.EServer3.dll" adapterTypeName="Microsoft.VisualStudio.TestTools.TestTypes.Unit.UnitTestAdapter" className="UnitTests_EServer3.ServerInfoCollectionTests" name="WaitForServerPartActivation_ServerPartsChangeStateButNoneAreActivated_DoesNotReturnUntilCanceled" />
    </UnitTest>
    <UnitTest name="WaitForServerPartActivation_NonConnectedServerIsActive_DoesNotReturn" storage="f:\etwork\bin\tests\unittests.eserver3.dll" id="ce819713-b29a-1174-1938-9a07d6815500">
      <Execution id="1028695e-1f13-4b7a-89ed-547d8f51e9a7" />
      <TestMethod codeBase="F:\ETWork\bin\Tests\UnitTests.EServer3.dll" adapterTypeName="Microsoft.VisualStudio.TestTools.TestTypes.Unit.UnitTestAdapter" className="UnitTests_EServer3.ServerInfoCollectionTests" name="WaitForServerPartActivation_NonConnectedServerIsActive_DoesNotReturn" />
    </UnitTest>
    <UnitTest name="WaitForServerPartActivation_NonConnectedServerIsActiveAndBecomesConnected_ReturnsCorrectResult" storage="f:\etwork\bin\tests\unittests.eserver3.dll" id="b4a55fdf-212e-3f15-0061-06354ecdf77f">
      <Execution id="873a5887-2c7c-4a26-9010-542185810e71" />
      <TestMethod codeBase="F:\ETWork\bin\Tests\UnitTests.EServer3.dll" adapterTypeName="Microsoft.VisualStudio.TestTools.TestTypes.Unit.UnitTestAdapter" className="UnitTests_EServer3.ServerInfoCollectionTests" name="WaitForServerPartActivation_NonConnectedServerIsActiveAndBecomesConnected_ReturnsCorrectResult" />
    </UnitTest>
    <UnitTest name="IsAnotherServerPartActive_Various" storage="f:\etwork\bin\tests\unittests.eserver3.dll" id="a39b497f-b7a1-848e-3a6e-091c43e606a8">
      <Execution id="26985de3-c902-4d88-911e-d9bd9cdaa05b" />
      <TestMethod codeBase="F:\ETWork\bin\Tests\UnitTests.EServer3.dll" adapterTypeName="Microsoft.VisualStudio.TestTools.TestTypes.Unit.UnitTestAdapter" className="UnitTests_EServer3.ServerInfoCollectionTests" name="IsAnotherServerPartActive_Various" />
    </UnitTest>
    <UnitTest name="WaitForDeactivationAsync_ServerPartActiveOnNonConnectedServer_DoesNotReturnUntilTimeout" storage="f:\etwork\bin\tests\unittests.eserver3.dll" id="1e536e55-9c5a-b0b4-4554-a5fbd0e40f85">
      <Execution id="8b343e28-ab4f-4bb8-81bc-4f27942fe853" />
      <TestMethod codeBase="F:\ETWork\bin\Tests\UnitTests.EServer3.dll" adapterTypeName="Microsoft.VisualStudio.TestTools.TestTypes.Unit.UnitTestAdapter" className="UnitTests_EServer3.ServerInfoCollectionTests" name="WaitForDeactivationAsync_ServerPartActiveOnNonConnectedServer_DoesNotReturnUntilTimeout" />
    </UnitTest>
    <UnitTest name="WaitForDeactivationAsync_AllServerConnectedAndNoActiveServerPart_ReturnsTrueImmediately" storage="f:\etwork\bin\tests\unittests.eserver3.dll" id="51adf94c-87b6-cd28-3058-16d32691f92a">
      <Execution id="b50e0865-0aca-4b6c-9194-d46023ba4a8c" />
      <TestMethod codeBase="F:\ETWork\bin\Tests\UnitTests.EServer3.dll" adapterTypeName="Microsoft.VisualStudio.TestTools.TestTypes.Unit.UnitTestAdapter" className="UnitTests_EServer3.ServerInfoCollectionTests" name="WaitForDeactivationAsync_AllServerConnectedAndNoActiveServerPart_ReturnsTrueImmediately" />
    </UnitTest>
    <UnitTest name="WaitForDeactivationAsync_NoActiveServerPartButOneServerDisconnected_WaitsAndReturnsFalse" storage="f:\etwork\bin\tests\unittests.eserver3.dll" id="a326cd90-458a-c466-c78a-e7e1c74dadc4">
      <Execution id="0c32d1bf-4278-461c-8b40-61ef91bcb894" />
      <TestMethod codeBase="F:\ETWork\bin\Tests\UnitTests.EServer3.dll" adapterTypeName="Microsoft.VisualStudio.TestTools.TestTypes.Unit.UnitTestAdapter" className="UnitTests_EServer3.ServerInfoCollectionTests" name="WaitForDeactivationAsync_NoActiveServerPartButOneServerDisconnected_WaitsAndReturnsFalse" />
    </UnitTest>
    <UnitTest name="WaitForDeactivationAsync_ServerActiveOnConnectedServer_ReturnsTrueWhenServerPartDeactivated" storage="f:\etwork\bin\tests\unittests.eserver3.dll" id="4a6026af-b5ef-6145-464c-83fd084a7891">
      <Execution id="0cc1e402-211c-4e05-b70c-9081163f911d" />
      <TestMethod codeBase="F:\ETWork\bin\Tests\UnitTests.EServer3.dll" adapterTypeName="Microsoft.VisualStudio.TestTools.TestTypes.Unit.UnitTestAdapter" className="UnitTests_EServer3.ServerInfoCollectionTests" name="WaitForDeactivationAsync_ServerActiveOnConnectedServer_ReturnsTrueWhenServerPartDeactivated" />
    </UnitTest>
    <UnitTest name="WaitForDeactivationAsync_ServerActiveOnNonConnectedServer_WaitsAndReturnsFalseEventWhenServerPartDeactivated" storage="f:\etwork\bin\tests\unittests.eserver3.dll" id="eeef6dcc-de16-2fbc-17d6-d4fa5ede1b2a">
      <Execution id="77cd01d9-482d-468b-a27c-48d38be80564" />
      <TestMethod codeBase="F:\ETWork\bin\Tests\UnitTests.EServer3.dll" adapterTypeName="Microsoft.VisualStudio.TestTools.TestTypes.Unit.UnitTestAdapter" className="UnitTests_EServer3.ServerInfoCollectionTests" name="WaitForDeactivationAsync_ServerActiveOnNonConnectedServer_WaitsAndReturnsFalseEventWhenServerPartDeactivated" />
    </UnitTest>
    <UnitTest name="WaitForDeactivationAsync_ServerActiveOnConnectedServerAndCancellationTokenCanceled_ThrowsTaskCanceledException" storage="f:\etwork\bin\tests\unittests.eserver3.dll" id="7a098fad-dfd1-ef23-ce93-2b6ecbcd9567">
      <Execution id="3f73cb87-4a7e-4b42-893b-e42958655da2" />
      <TestMethod codeBase="F:\ETWork\bin\Tests\UnitTests.EServer3.dll" adapterTypeName="Microsoft.VisualStudio.TestTools.TestTypes.Unit.UnitTestAdapter" className="UnitTests_EServer3.ServerInfoCollectionTests" name="WaitForDeactivationAsync_ServerActiveOnConnectedServerAndCancellationTokenCanceled_ThrowsTaskCanceledException" />
    </UnitTest>
    <UnitTest name="ListNonActiveVitalServerParts_ReturnsExpectedResult" storage="f:\etwork\bin\tests\unittests.eserver3.dll" id="508c29eb-1be2-be81-a07f-f3bfd4dbbd27">
      <Execution id="0f439968-9841-415d-8eed-b6daf29cd3e7" />
      <TestMethod codeBase="F:\ETWork\bin\Tests\UnitTests.EServer3.dll" adapterTypeName="Microsoft.VisualStudio.TestTools.TestTypes.Unit.UnitTestAdapter" className="UnitTests_EServer3.ServerInfoCollectionTests" name="ListNonActiveVitalServerParts_ReturnsExpectedResult" />
    </UnitTest>
    <UnitTest name="TryUpdateIfNewerTest" storage="f:\etwork\bin\tests\unittests.eserver3.dll" id="5dd3fb55-482f-addb-ae83-eec80d740ea8">
      <Execution id="112318c7-1fd2-4c94-8187-62ca962d97fc" />
      <TestMethod codeBase="F:\ETWork\bin\Tests\UnitTests.EServer3.dll" adapterTypeName="Microsoft.VisualStudio.TestTools.TestTypes.Unit.UnitTestAdapter" className="UnitTests_EServer3.ServerInfoCollectionTests" name="TryUpdateIfNewerTest" />
    </UnitTest>
    <UnitTest name="Start_LessThanThePeriodTimeElapses_GetOwnershipIsInvokedOnce" storage="f:\etwork\bin\tests\unittests.eserver3.dll" id="a0cd1342-796f-b07b-9603-930159823c41">
      <Execution id="d8c26719-1961-4a8f-bd4a-b3dc3a97cea7" />
      <TestMethod codeBase="F:\ETWork\bin\Tests\UnitTests.EServer3.dll" adapterTypeName="Microsoft.VisualStudio.TestTools.TestTypes.Unit.UnitTestAdapter" className="UnitTests_EServer3.SM.PeriodicDatabaseConnectivityCheckerTests" name="Start_LessThanThePeriodTimeElapses_GetOwnershipIsInvokedOnce" />
    </UnitTest>
    <UnitTest name="Start_MultipleTimePeriodTimeElapsesButEachInvocationTakesTime_GetOwnershipIsInvokedCorrectNumberOfTimes" storage="f:\etwork\bin\tests\unittests.eserver3.dll" id="b24e1062-9238-8fd0-6438-a8eb925d0c11">
      <Execution id="d5898d70-e4db-4009-8ead-e48b0786849a" />
      <TestMethod codeBase="F:\ETWork\bin\Tests\UnitTests.EServer3.dll" adapterTypeName="Microsoft.VisualStudio.TestTools.TestTypes.Unit.UnitTestAdapter" className="UnitTests_EServer3.SM.PeriodicDatabaseConnectivityCheckerTests" name="Start_MultipleTimePeriodTimeElapsesButEachInvocationTakesTime_GetOwnershipIsInvokedCorrectNumberOfTimes" />
    </UnitTest>
    <UnitTest name="Start_MultiplePeriodsElapses_GetOwnershipIsInvokedTheCorrectNumberOfTimes" storage="f:\etwork\bin\tests\unittests.eserver3.dll" id="d9e1142a-1309-de3f-e590-9fe824946de9">
      <Execution id="0c3c174c-7802-46fe-a2f6-a03336ab0acf" />
      <TestMethod codeBase="F:\ETWork\bin\Tests\UnitTests.EServer3.dll" adapterTypeName="Microsoft.VisualStudio.TestTools.TestTypes.Unit.UnitTestAdapter" className="UnitTests_EServer3.SM.PeriodicDatabaseConnectivityCheckerTests" name="Start_MultiplePeriodsElapses_GetOwnershipIsInvokedTheCorrectNumberOfTimes" />
    </UnitTest>
    <UnitTest name="Stop_StartWasCalled_GetOwnershipOperationIsCanceled" storage="f:\etwork\bin\tests\unittests.eserver3.dll" id="321b8af0-f793-b600-15c8-3dbba8c67494">
      <Execution id="fba744a4-c985-4bb3-a100-fc31882ab0b4" />
      <TestMethod codeBase="F:\ETWork\bin\Tests\UnitTests.EServer3.dll" adapterTypeName="Microsoft.VisualStudio.TestTools.TestTypes.Unit.UnitTestAdapter" className="UnitTests_EServer3.SM.PeriodicDatabaseConnectivityCheckerTests" name="Stop_StartWasCalled_GetOwnershipOperationIsCanceled" />
    </UnitTest>
    <UnitTest name="Start_CalledMultipleTimes_GetOwnershipIsInvokedTheCorrectNumberOfTimes" storage="f:\etwork\bin\tests\unittests.eserver3.dll" id="b03207c2-2458-48f9-4567-f93dba15a01f">
      <Execution id="a8b41b0b-4d21-42cf-a96b-0f4cb9c259c0" />
      <TestMethod codeBase="F:\ETWork\bin\Tests\UnitTests.EServer3.dll" adapterTypeName="Microsoft.VisualStudio.TestTools.TestTypes.Unit.UnitTestAdapter" className="UnitTests_EServer3.SM.PeriodicDatabaseConnectivityCheckerTests" name="Start_CalledMultipleTimes_GetOwnershipIsInvokedTheCorrectNumberOfTimes" />
    </UnitTest>
    <UnitTest name="Start_CalledAfterStop_GetOwnershipIsInvokedTheCorrectNumberOfTimes" storage="f:\etwork\bin\tests\unittests.eserver3.dll" id="40fed632-4f7e-35ba-3741-ead990a41f8f">
      <Execution id="d528cab3-76f7-4b2e-afd1-bd34c3269b3c" />
      <TestMethod codeBase="F:\ETWork\bin\Tests\UnitTests.EServer3.dll" adapterTypeName="Microsoft.VisualStudio.TestTools.TestTypes.Unit.UnitTestAdapter" className="UnitTests_EServer3.SM.PeriodicDatabaseConnectivityCheckerTests" name="Start_CalledAfterStop_GetOwnershipIsInvokedTheCorrectNumberOfTimes" />
    </UnitTest>
    <UnitTest name="ActivateServerPartIfNeeded_Scenario01" storage="f:\etwork\bin\tests\unittests.eserver3.dll" id="49a2358e-ef81-a296-6c4a-049818b70f73">
      <TestCategory>
        <TestCategoryItem TestCategory="ServerMonitor" />
      </TestCategory>
      <Execution id="51c925ab-42e3-4f5c-9164-600daf31e030" />
      <TestMethod codeBase="F:\ETWork\bin\Tests\UnitTests.EServer3.dll" adapterTypeName="Microsoft.VisualStudio.TestTools.TestTypes.Unit.UnitTestAdapter" className="UnitTests_EServer3.SM.ServerMonitorFailoverManagerTests" name="ActivateServerPartIfNeeded_Scenario01" />
    </UnitTest>
    <UnitTest name="ActivateServerPartIfNeeded_Scenario02" storage="f:\etwork\bin\tests\unittests.eserver3.dll" id="76a5a882-556f-0feb-112f-71c94bd25fd2">
      <TestCategory>
        <TestCategoryItem TestCategory="ServerMonitor" />
      </TestCategory>
      <Execution id="da214f6e-f37e-491c-9808-89445f8c94f2" />
      <TestMethod codeBase="F:\ETWork\bin\Tests\UnitTests.EServer3.dll" adapterTypeName="Microsoft.VisualStudio.TestTools.TestTypes.Unit.UnitTestAdapter" className="UnitTests_EServer3.SM.ServerMonitorFailoverManagerTests" name="ActivateServerPartIfNeeded_Scenario02" />
    </UnitTest>
    <UnitTest name="ActivateServerPartIfNeeded_Scenario03" storage="f:\etwork\bin\tests\unittests.eserver3.dll" id="ac21fe0c-85f8-3ad5-c407-e7d03ac9162a">
      <TestCategory>
        <TestCategoryItem TestCategory="ServerMonitor" />
      </TestCategory>
      <Execution id="93ba4e05-3c42-4c8f-9c86-f18ef02fb5f8" />
      <TestMethod codeBase="F:\ETWork\bin\Tests\UnitTests.EServer3.dll" adapterTypeName="Microsoft.VisualStudio.TestTools.TestTypes.Unit.UnitTestAdapter" className="UnitTests_EServer3.SM.ServerMonitorFailoverManagerTests" name="ActivateServerPartIfNeeded_Scenario03" />
    </UnitTest>
    <UnitTest name="ActivateServerPartIfNeeded_Scenario04" storage="f:\etwork\bin\tests\unittests.eserver3.dll" id="22b5e989-48b7-c053-2ae5-5463ceb034d0">
      <TestCategory>
        <TestCategoryItem TestCategory="ServerMonitor" />
      </TestCategory>
      <Execution id="0c1c077c-2674-4791-b725-05122a3ab28b" />
      <TestMethod codeBase="F:\ETWork\bin\Tests\UnitTests.EServer3.dll" adapterTypeName="Microsoft.VisualStudio.TestTools.TestTypes.Unit.UnitTestAdapter" className="UnitTests_EServer3.SM.ServerMonitorFailoverManagerTests" name="ActivateServerPartIfNeeded_Scenario04" />
    </UnitTest>
    <UnitTest name="ActivateServerPartIfNeeded_Scenario05" storage="f:\etwork\bin\tests\unittests.eserver3.dll" id="442825d1-504b-9c9d-2680-3d1414af186b">
      <TestCategory>
        <TestCategoryItem TestCategory="ServerMonitor" />
      </TestCategory>
      <Execution id="3f87bfd0-ec67-495e-8b4b-45230bd6f3b9" />
      <TestMethod codeBase="F:\ETWork\bin\Tests\UnitTests.EServer3.dll" adapterTypeName="Microsoft.VisualStudio.TestTools.TestTypes.Unit.UnitTestAdapter" className="UnitTests_EServer3.SM.ServerMonitorFailoverManagerTests" name="ActivateServerPartIfNeeded_Scenario05" />
    </UnitTest>
    <UnitTest name="ActivateServerPartIfNeeded_Scenario06" storage="f:\etwork\bin\tests\unittests.eserver3.dll" id="d3a339f2-a29e-78ee-e0f3-d37697b256f6">
      <TestCategory>
        <TestCategoryItem TestCategory="ServerMonitor" />
      </TestCategory>
      <Execution id="9086fe01-1485-460c-9e39-7a29d82f62e4" />
      <TestMethod codeBase="F:\ETWork\bin\Tests\UnitTests.EServer3.dll" adapterTypeName="Microsoft.VisualStudio.TestTools.TestTypes.Unit.UnitTestAdapter" className="UnitTests_EServer3.SM.ServerMonitorFailoverManagerTests" name="ActivateServerPartIfNeeded_Scenario06" />
    </UnitTest>
    <UnitTest name="ActivateServerPartIfNeeded_Scenario07" storage="f:\etwork\bin\tests\unittests.eserver3.dll" id="cc65a6a7-36cb-ed28-21fe-39b4a0f38056">
      <TestCategory>
        <TestCategoryItem TestCategory="ServerMonitor" />
      </TestCategory>
      <Execution id="33355874-a16c-46f9-bf4b-3b5ead8d8ac7" />
      <TestMethod codeBase="F:\ETWork\bin\Tests\UnitTests.EServer3.dll" adapterTypeName="Microsoft.VisualStudio.TestTools.TestTypes.Unit.UnitTestAdapter" className="UnitTests_EServer3.SM.ServerMonitorFailoverManagerTests" name="ActivateServerPartIfNeeded_Scenario07" />
    </UnitTest>
    <UnitTest name="ActivateServerPartIfNeeded_Scenario08" storage="f:\etwork\bin\tests\unittests.eserver3.dll" id="67440b5f-419f-5871-edbb-e0aabe5914af">
      <TestCategory>
        <TestCategoryItem TestCategory="ServerMonitor" />
      </TestCategory>
      <Execution id="e6f2cf40-f089-4af7-94ab-e38538aabdf6" />
      <TestMethod codeBase="F:\ETWork\bin\Tests\UnitTests.EServer3.dll" adapterTypeName="Microsoft.VisualStudio.TestTools.TestTypes.Unit.UnitTestAdapter" className="UnitTests_EServer3.SM.ServerMonitorFailoverManagerTests" name="ActivateServerPartIfNeeded_Scenario08" />
    </UnitTest>
    <UnitTest name="ActivateServerPartIfNeeded_Scenario09" storage="f:\etwork\bin\tests\unittests.eserver3.dll" id="a536430f-c394-23ef-1c8a-a58bef9087ad">
      <TestCategory>
        <TestCategoryItem TestCategory="ServerMonitor" />
      </TestCategory>
      <Execution id="37d66ddc-26d1-487a-b4c2-a6fdd9cfa9aa" />
      <TestMethod codeBase="F:\ETWork\bin\Tests\UnitTests.EServer3.dll" adapterTypeName="Microsoft.VisualStudio.TestTools.TestTypes.Unit.UnitTestAdapter" className="UnitTests_EServer3.SM.ServerMonitorFailoverManagerTests" name="ActivateServerPartIfNeeded_Scenario09" />
    </UnitTest>
    <UnitTest name="ActivateServerPartIfNeeded_Scenario10" storage="f:\etwork\bin\tests\unittests.eserver3.dll" id="7692665f-3a52-3aab-f61c-5bd71a29625a">
      <TestCategory>
        <TestCategoryItem TestCategory="ServerMonitor" />
      </TestCategory>
      <Execution id="f71d163e-c558-4987-8462-00d4e6e3e0e9" />
      <TestMethod codeBase="F:\ETWork\bin\Tests\UnitTests.EServer3.dll" adapterTypeName="Microsoft.VisualStudio.TestTools.TestTypes.Unit.UnitTestAdapter" className="UnitTests_EServer3.SM.ServerMonitorFailoverManagerTests" name="ActivateServerPartIfNeeded_Scenario10" />
    </UnitTest>
    <UnitTest name="ActivateServerPartIfNeeded_Scenario11" storage="f:\etwork\bin\tests\unittests.eserver3.dll" id="b54df02c-3838-03cd-97f4-2c69593fc315">
      <TestCategory>
        <TestCategoryItem TestCategory="ServerMonitor" />
      </TestCategory>
      <Execution id="d311e22e-281d-481a-8699-77b0e2fa6206" />
      <TestMethod codeBase="F:\ETWork\bin\Tests\UnitTests.EServer3.dll" adapterTypeName="Microsoft.VisualStudio.TestTools.TestTypes.Unit.UnitTestAdapter" className="UnitTests_EServer3.SM.ServerMonitorFailoverManagerTests" name="ActivateServerPartIfNeeded_Scenario11" />
    </UnitTest>
    <UnitTest name="ActivateServerPartIfNeeded_Scenario12" storage="f:\etwork\bin\tests\unittests.eserver3.dll" id="c42b2f01-8435-61c9-15aa-f08fa712b16b">
      <TestCategory>
        <TestCategoryItem TestCategory="ServerMonitor" />
      </TestCategory>
      <Execution id="8e8ed549-0f9c-4b58-ab40-f64fb322ba9f" />
      <TestMethod codeBase="F:\ETWork\bin\Tests\UnitTests.EServer3.dll" adapterTypeName="Microsoft.VisualStudio.TestTools.TestTypes.Unit.UnitTestAdapter" className="UnitTests_EServer3.SM.ServerMonitorFailoverManagerTests" name="ActivateServerPartIfNeeded_Scenario12" />
    </UnitTest>
    <UnitTest name="ActivateServerPartIfNeeded_Scenario13" storage="f:\etwork\bin\tests\unittests.eserver3.dll" id="1a143e49-5c69-0d24-e58b-59447c8d7fe2">
      <TestCategory>
        <TestCategoryItem TestCategory="ServerMonitor" />
      </TestCategory>
      <Execution id="01b101e6-b848-4935-b766-9f798b3f697e" />
      <TestMethod codeBase="F:\ETWork\bin\Tests\UnitTests.EServer3.dll" adapterTypeName="Microsoft.VisualStudio.TestTools.TestTypes.Unit.UnitTestAdapter" className="UnitTests_EServer3.SM.ServerMonitorFailoverManagerTests" name="ActivateServerPartIfNeeded_Scenario13" />
    </UnitTest>
    <UnitTest name="ActivateServerPartIfNeeded_Scenario14" storage="f:\etwork\bin\tests\unittests.eserver3.dll" id="8a5b041b-5764-1869-97f9-50e23f3e7408">
      <TestCategory>
        <TestCategoryItem TestCategory="ServerMonitor" />
      </TestCategory>
      <Execution id="9d9adba1-5c5a-4b30-8265-698dc5f533e2" />
      <TestMethod codeBase="F:\ETWork\bin\Tests\UnitTests.EServer3.dll" adapterTypeName="Microsoft.VisualStudio.TestTools.TestTypes.Unit.UnitTestAdapter" className="UnitTests_EServer3.SM.ServerMonitorFailoverManagerTests" name="ActivateServerPartIfNeeded_Scenario14" />
    </UnitTest>
    <UnitTest name="ActivateServerPartIfNeeded_Scenario15" storage="f:\etwork\bin\tests\unittests.eserver3.dll" id="3252bcf6-298b-a72c-4b43-cc140e29f4bb">
      <TestCategory>
        <TestCategoryItem TestCategory="ServerMonitor" />
      </TestCategory>
      <Execution id="10483abd-648b-4173-aeb0-fc3d7bf872ea" />
      <TestMethod codeBase="F:\ETWork\bin\Tests\UnitTests.EServer3.dll" adapterTypeName="Microsoft.VisualStudio.TestTools.TestTypes.Unit.UnitTestAdapter" className="UnitTests_EServer3.SM.ServerMonitorFailoverManagerTests" name="ActivateServerPartIfNeeded_Scenario15" />
    </UnitTest>
    <UnitTest name="ActivateServerPartIfNeeded_Scenario16" storage="f:\etwork\bin\tests\unittests.eserver3.dll" id="e8ada646-8a63-03c0-5758-545e0d1bbf00">
      <TestCategory>
        <TestCategoryItem TestCategory="ServerMonitor" />
      </TestCategory>
      <Execution id="7c0184da-ba9f-4a90-a7ec-175ab52a6cc4" />
      <TestMethod codeBase="F:\ETWork\bin\Tests\UnitTests.EServer3.dll" adapterTypeName="Microsoft.VisualStudio.TestTools.TestTypes.Unit.UnitTestAdapter" className="UnitTests_EServer3.SM.ServerMonitorFailoverManagerTests" name="ActivateServerPartIfNeeded_Scenario16" />
    </UnitTest>
    <UnitTest name="ActivateServerPartIfNeeded_Scenario17" storage="f:\etwork\bin\tests\unittests.eserver3.dll" id="3cbbf02f-30ba-3658-f6cf-feae62d96437">
      <TestCategory>
        <TestCategoryItem TestCategory="ServerMonitor" />
      </TestCategory>
      <Execution id="c7646554-c589-4a53-b793-071bd8fe39fb" />
      <TestMethod codeBase="F:\ETWork\bin\Tests\UnitTests.EServer3.dll" adapterTypeName="Microsoft.VisualStudio.TestTools.TestTypes.Unit.UnitTestAdapter" className="UnitTests_EServer3.SM.ServerMonitorFailoverManagerTests" name="ActivateServerPartIfNeeded_Scenario17" />
    </UnitTest>
    <UnitTest name="Activate_Scenario1" storage="f:\etwork\bin\tests\unittests.eserver3.dll" id="5d6ccb5a-b655-78b9-f001-0028236d5153">
      <TestCategory>
        <TestCategoryItem TestCategory="ServerMonitor" />
      </TestCategory>
      <Execution id="f2d8b7de-ffda-4233-93bb-d282b165ec15" />
      <TestMethod codeBase="F:\ETWork\bin\Tests\UnitTests.EServer3.dll" adapterTypeName="Microsoft.VisualStudio.TestTools.TestTypes.Unit.UnitTestAdapter" className="UnitTests_EServer3.SM.ServerMonitorFailoverManagerTests" name="Activate_Scenario1" />
    </UnitTest>
    <UnitTest name="Activate_Scenario2" storage="f:\etwork\bin\tests\unittests.eserver3.dll" id="24b54910-3ee4-cdb2-76e8-0c502f100a7c">
      <TestCategory>
        <TestCategoryItem TestCategory="ServerMonitor" />
      </TestCategory>
      <Execution id="d2f86a62-1aee-4a97-8837-898527a9409a" />
      <TestMethod codeBase="F:\ETWork\bin\Tests\UnitTests.EServer3.dll" adapterTypeName="Microsoft.VisualStudio.TestTools.TestTypes.Unit.UnitTestAdapter" className="UnitTests_EServer3.SM.ServerMonitorFailoverManagerTests" name="Activate_Scenario2" />
    </UnitTest>
    <UnitTest name="Activate_Scenario3" storage="f:\etwork\bin\tests\unittests.eserver3.dll" id="92853ca4-e8d1-8016-fe29-d6ab5e742759">
      <TestCategory>
        <TestCategoryItem TestCategory="ServerMonitor" />
      </TestCategory>
      <Execution id="1aa392a2-01ff-43fa-bdbc-67a40e28d7de" />
      <TestMethod codeBase="F:\ETWork\bin\Tests\UnitTests.EServer3.dll" adapterTypeName="Microsoft.VisualStudio.TestTools.TestTypes.Unit.UnitTestAdapter" className="UnitTests_EServer3.SM.ServerMonitorFailoverManagerTests" name="Activate_Scenario3" />
    </UnitTest>
    <UnitTest name="Activate_Scenario4" storage="f:\etwork\bin\tests\unittests.eserver3.dll" id="bfb86858-c790-3990-6f22-b748272d9ead">
      <TestCategory>
        <TestCategoryItem TestCategory="ServerMonitor" />
      </TestCategory>
      <Execution id="2a896270-8413-466a-a171-8d88f7517027" />
      <TestMethod codeBase="F:\ETWork\bin\Tests\UnitTests.EServer3.dll" adapterTypeName="Microsoft.VisualStudio.TestTools.TestTypes.Unit.UnitTestAdapter" className="UnitTests_EServer3.SM.ServerMonitorFailoverManagerTests" name="Activate_Scenario4" />
    </UnitTest>
    <UnitTest name="Activate_Scenario5" storage="f:\etwork\bin\tests\unittests.eserver3.dll" id="e487021a-4b7f-1c4b-bd4e-7de2ce95dc28">
      <TestCategory>
        <TestCategoryItem TestCategory="ServerMonitor" />
      </TestCategory>
      <Execution id="dcd452f8-8e24-493a-a459-8e60c2934687" />
      <TestMethod codeBase="F:\ETWork\bin\Tests\UnitTests.EServer3.dll" adapterTypeName="Microsoft.VisualStudio.TestTools.TestTypes.Unit.UnitTestAdapter" className="UnitTests_EServer3.SM.ServerMonitorFailoverManagerTests" name="Activate_Scenario5" />
    </UnitTest>
    <UnitTest name="Activate_Scenario6" storage="f:\etwork\bin\tests\unittests.eserver3.dll" id="80b27fb7-2430-c463-376b-5ac3c69bf761">
      <TestCategory>
        <TestCategoryItem TestCategory="ServerMonitor" />
      </TestCategory>
      <Execution id="027f8b4f-548b-48dd-9571-b1dd7cd9a312" />
      <TestMethod codeBase="F:\ETWork\bin\Tests\UnitTests.EServer3.dll" adapterTypeName="Microsoft.VisualStudio.TestTools.TestTypes.Unit.UnitTestAdapter" className="UnitTests_EServer3.SM.ServerMonitorFailoverManagerTests" name="Activate_Scenario6" />
    </UnitTest>
    <UnitTest name="InitiateTakeover_Scenario01" storage="f:\etwork\bin\tests\unittests.eserver3.dll" id="f523619f-39c0-5209-f2e7-8ee6d98f722d">
      <TestCategory>
        <TestCategoryItem TestCategory="ServerMonitor" />
      </TestCategory>
      <Execution id="015123a0-ecb3-4141-85b4-5b26eaad7416" />
      <TestMethod codeBase="F:\ETWork\bin\Tests\UnitTests.EServer3.dll" adapterTypeName="Microsoft.VisualStudio.TestTools.TestTypes.Unit.UnitTestAdapter" className="UnitTests_EServer3.SM.ServerMonitorFailoverManagerTests" name="InitiateTakeover_Scenario01" />
    </UnitTest>
    <UnitTest name="InitiateTakeover_Scenario02" storage="f:\etwork\bin\tests\unittests.eserver3.dll" id="60c8bfb3-0d9e-5442-b16a-24d8df64cd69">
      <TestCategory>
        <TestCategoryItem TestCategory="ServerMonitor" />
      </TestCategory>
      <Execution id="ceb571cb-8d50-4448-af1d-5faf7ad048df" />
      <TestMethod codeBase="F:\ETWork\bin\Tests\UnitTests.EServer3.dll" adapterTypeName="Microsoft.VisualStudio.TestTools.TestTypes.Unit.UnitTestAdapter" className="UnitTests_EServer3.SM.ServerMonitorFailoverManagerTests" name="InitiateTakeover_Scenario02" />
    </UnitTest>
    <UnitTest name="InitiateTakeover_Scenario03" storage="f:\etwork\bin\tests\unittests.eserver3.dll" id="0a030e27-1de9-1038-01cb-f3023bb4dcaa">
      <TestCategory>
        <TestCategoryItem TestCategory="ServerMonitor" />
      </TestCategory>
      <Execution id="1b6e9f0c-4592-4748-9d4d-c0674be55b9a" />
      <TestMethod codeBase="F:\ETWork\bin\Tests\UnitTests.EServer3.dll" adapterTypeName="Microsoft.VisualStudio.TestTools.TestTypes.Unit.UnitTestAdapter" className="UnitTests_EServer3.SM.ServerMonitorFailoverManagerTests" name="InitiateTakeover_Scenario03" />
    </UnitTest>
    <UnitTest name="InitiateTakeover_Scenario04" storage="f:\etwork\bin\tests\unittests.eserver3.dll" id="b94f8d46-6272-fa18-1caa-50b9e98c6a7a">
      <TestCategory>
        <TestCategoryItem TestCategory="ServerMonitor" />
      </TestCategory>
      <Execution id="7f6c416d-1a6f-4e55-8d0e-58b79650cfd1" />
      <TestMethod codeBase="F:\ETWork\bin\Tests\UnitTests.EServer3.dll" adapterTypeName="Microsoft.VisualStudio.TestTools.TestTypes.Unit.UnitTestAdapter" className="UnitTests_EServer3.SM.ServerMonitorFailoverManagerTests" name="InitiateTakeover_Scenario04" />
    </UnitTest>
    <UnitTest name="InitiateTakeover_Scenario05" storage="f:\etwork\bin\tests\unittests.eserver3.dll" id="31eb62dd-0b17-9fe9-a95a-54e018c83ad7">
      <TestCategory>
        <TestCategoryItem TestCategory="ServerMonitor" />
      </TestCategory>
      <Execution id="74f2cb55-d1af-4367-b147-fb60de1d2de3" />
      <TestMethod codeBase="F:\ETWork\bin\Tests\UnitTests.EServer3.dll" adapterTypeName="Microsoft.VisualStudio.TestTools.TestTypes.Unit.UnitTestAdapter" className="UnitTests_EServer3.SM.ServerMonitorFailoverManagerTests" name="InitiateTakeover_Scenario05" />
    </UnitTest>
    <UnitTest name="InitiateTakeover_Scenario06" storage="f:\etwork\bin\tests\unittests.eserver3.dll" id="505196cf-dc49-0b20-2e13-696334bbb78f">
      <TestCategory>
        <TestCategoryItem TestCategory="ServerMonitor" />
      </TestCategory>
      <Execution id="b9e87bb4-a952-43be-adf6-3744662d5e30" />
      <TestMethod codeBase="F:\ETWork\bin\Tests\UnitTests.EServer3.dll" adapterTypeName="Microsoft.VisualStudio.TestTools.TestTypes.Unit.UnitTestAdapter" className="UnitTests_EServer3.SM.ServerMonitorFailoverManagerTests" name="InitiateTakeover_Scenario06" />
    </UnitTest>
    <UnitTest name="InitiateTakeover_Scenario07" storage="f:\etwork\bin\tests\unittests.eserver3.dll" id="abb5f048-f81e-148e-5309-75d8e4ac7c50">
      <TestCategory>
        <TestCategoryItem TestCategory="ServerMonitor" />
      </TestCategory>
      <Execution id="bdcfac86-488c-477e-9179-6c4d03a32659" />
      <TestMethod codeBase="F:\ETWork\bin\Tests\UnitTests.EServer3.dll" adapterTypeName="Microsoft.VisualStudio.TestTools.TestTypes.Unit.UnitTestAdapter" className="UnitTests_EServer3.SM.ServerMonitorFailoverManagerTests" name="InitiateTakeover_Scenario07" />
    </UnitTest>
    <UnitTest name="InitiateTakeover_Scenario08" storage="f:\etwork\bin\tests\unittests.eserver3.dll" id="dae3eff5-ec6d-5039-9011-5d319de9bbcc">
      <TestCategory>
        <TestCategoryItem TestCategory="ServerMonitor" />
      </TestCategory>
      <Execution id="77b42931-e1dd-4a35-9114-ea2afe6e80b0" />
      <TestMethod codeBase="F:\ETWork\bin\Tests\UnitTests.EServer3.dll" adapterTypeName="Microsoft.VisualStudio.TestTools.TestTypes.Unit.UnitTestAdapter" className="UnitTests_EServer3.SM.ServerMonitorFailoverManagerTests" name="InitiateTakeover_Scenario08" />
    </UnitTest>
    <UnitTest name="InitiateTakeover_Scenario09" storage="f:\etwork\bin\tests\unittests.eserver3.dll" id="769166d6-312e-2add-dd8c-1ecfc3c846f8">
      <TestCategory>
        <TestCategoryItem TestCategory="ServerMonitor" />
      </TestCategory>
      <Execution id="ace14ca8-95ce-4117-ad43-f9b173ff4b4c" />
      <TestMethod codeBase="F:\ETWork\bin\Tests\UnitTests.EServer3.dll" adapterTypeName="Microsoft.VisualStudio.TestTools.TestTypes.Unit.UnitTestAdapter" className="UnitTests_EServer3.SM.ServerMonitorFailoverManagerTests" name="InitiateTakeover_Scenario09" />
    </UnitTest>
    <UnitTest name="InitiateTakeover_Scenario10" storage="f:\etwork\bin\tests\unittests.eserver3.dll" id="a6706e2e-3a95-31a3-64f0-a70bcd1c6586">
      <TestCategory>
        <TestCategoryItem TestCategory="ServerMonitor" />
      </TestCategory>
      <Execution id="359a2a13-c6bd-4458-8b2c-bfb10c4c99da" />
      <TestMethod codeBase="F:\ETWork\bin\Tests\UnitTests.EServer3.dll" adapterTypeName="Microsoft.VisualStudio.TestTools.TestTypes.Unit.UnitTestAdapter" className="UnitTests_EServer3.SM.ServerMonitorFailoverManagerTests" name="InitiateTakeover_Scenario10" />
    </UnitTest>
    <UnitTest name="InitiateTakeover_Scenario11" storage="f:\etwork\bin\tests\unittests.eserver3.dll" id="641826f1-dfed-cf57-de6c-c08d73fba135">
      <TestCategory>
        <TestCategoryItem TestCategory="ServerMonitor" />
      </TestCategory>
      <Execution id="2f38532a-c794-4c41-91f0-d024315fcd1c" />
      <TestMethod codeBase="F:\ETWork\bin\Tests\UnitTests.EServer3.dll" adapterTypeName="Microsoft.VisualStudio.TestTools.TestTypes.Unit.UnitTestAdapter" className="UnitTests_EServer3.SM.ServerMonitorFailoverManagerTests" name="InitiateTakeover_Scenario11" />
    </UnitTest>
    <UnitTest name="InitiateTakeover_Scenario12" storage="f:\etwork\bin\tests\unittests.eserver3.dll" id="23a73682-88c5-1ad0-f1ce-37cc9f1c5b9b">
      <TestCategory>
        <TestCategoryItem TestCategory="ServerMonitor" />
      </TestCategory>
      <Execution id="71fb1ec5-1845-4b2d-958f-87840d7da7ee" />
      <TestMethod codeBase="F:\ETWork\bin\Tests\UnitTests.EServer3.dll" adapterTypeName="Microsoft.VisualStudio.TestTools.TestTypes.Unit.UnitTestAdapter" className="UnitTests_EServer3.SM.ServerMonitorFailoverManagerTests" name="InitiateTakeover_Scenario12" />
    </UnitTest>
    <UnitTest name="InitiateTakeover_Scenario13" storage="f:\etwork\bin\tests\unittests.eserver3.dll" id="14276cf3-cb54-71d7-75a4-0432dd0108cc">
      <TestCategory>
        <TestCategoryItem TestCategory="ServerMonitor" />
      </TestCategory>
      <Execution id="a2d50b5a-24a7-4a4f-a5bf-98155e0f71a0" />
      <TestMethod codeBase="F:\ETWork\bin\Tests\UnitTests.EServer3.dll" adapterTypeName="Microsoft.VisualStudio.TestTools.TestTypes.Unit.UnitTestAdapter" className="UnitTests_EServer3.SM.ServerMonitorFailoverManagerTests" name="InitiateTakeover_Scenario13" />
    </UnitTest>
    <UnitTest name="InitiateTakeover_Scenario14" storage="f:\etwork\bin\tests\unittests.eserver3.dll" id="5aedd5fc-6e17-7f4e-4088-a1dbc2888735">
      <TestCategory>
        <TestCategoryItem TestCategory="ServerMonitor" />
      </TestCategory>
      <Execution id="a8e10c4b-5dbe-45e5-ab36-acd9440ec8b7" />
      <TestMethod codeBase="F:\ETWork\bin\Tests\UnitTests.EServer3.dll" adapterTypeName="Microsoft.VisualStudio.TestTools.TestTypes.Unit.UnitTestAdapter" className="UnitTests_EServer3.SM.ServerMonitorFailoverManagerTests" name="InitiateTakeover_Scenario14" />
    </UnitTest>
    <UnitTest name="InitiateTakeover_Scenario15" storage="f:\etwork\bin\tests\unittests.eserver3.dll" id="67f1d812-dc44-7d67-ecf2-49a10bb10c24">
      <TestCategory>
        <TestCategoryItem TestCategory="ServerMonitor" />
      </TestCategory>
      <Execution id="ca292aee-9580-40fb-8b64-84e209c0b687" />
      <TestMethod codeBase="F:\ETWork\bin\Tests\UnitTests.EServer3.dll" adapterTypeName="Microsoft.VisualStudio.TestTools.TestTypes.Unit.UnitTestAdapter" className="UnitTests_EServer3.SM.ServerMonitorFailoverManagerTests" name="InitiateTakeover_Scenario15" />
    </UnitTest>
    <UnitTest name="Process_SystemStateForSingleServerPartChanges_ActivateServerPartIfNeededCalledOnce" storage="f:\etwork\bin\tests\unittests.eserver3.dll" id="c0306586-5e4d-7479-3bc5-7acd0d2cb39d">
      <Execution id="bcf602c5-65bf-43ec-b1a5-3e93800936f0" />
      <TestMethod codeBase="F:\ETWork\bin\Tests\UnitTests.EServer3.dll" adapterTypeName="Microsoft.VisualStudio.TestTools.TestTypes.Unit.UnitTestAdapter" className="UnitTests_EServer3.SM.ServerMonitorServerPartActivationMonitorTests" name="Process_SystemStateForSingleServerPartChanges_ActivateServerPartIfNeededCalledOnce" />
    </UnitTest>
    <UnitTest name="Process_SystemStateForEntireServerChanges_ActivateServerPartIfNeededCalledOnceForEachImplementedServerPart" storage="f:\etwork\bin\tests\unittests.eserver3.dll" id="60a4f2fc-21e4-d84e-c9f8-dc1100117f6b">
      <Execution id="5b913795-444b-4804-a74d-948e5313dc7e" />
      <TestMethod codeBase="F:\ETWork\bin\Tests\UnitTests.EServer3.dll" adapterTypeName="Microsoft.VisualStudio.TestTools.TestTypes.Unit.UnitTestAdapter" className="UnitTests_EServer3.SM.ServerMonitorServerPartActivationMonitorTests" name="Process_SystemStateForEntireServerChanges_ActivateServerPartIfNeededCalledOnceForEachImplementedServerPart" />
    </UnitTest>
    <UnitTest name="Process_SystemStateChangesMultipleTimes_ActivateServerPartIfNeededNotCalledForSameServerPartConcurrently" storage="f:\etwork\bin\tests\unittests.eserver3.dll" id="635f756e-65a8-e183-e027-e166b8919f1d">
      <Execution id="4195a170-c19f-4974-89b3-8a935880bcec" />
      <TestMethod codeBase="F:\ETWork\bin\Tests\UnitTests.EServer3.dll" adapterTypeName="Microsoft.VisualStudio.TestTools.TestTypes.Unit.UnitTestAdapter" className="UnitTests_EServer3.SM.ServerMonitorServerPartActivationMonitorTests" name="Process_SystemStateChangesMultipleTimes_ActivateServerPartIfNeededNotCalledForSameServerPartConcurrently" />
    </UnitTest>
    <UnitTest name="VerifyServerConfigurations_MultipleEnabledServersWithSameEventGeneratorPriority_ThrowsServerConfigurationException" storage="f:\etwork\bin\tests\unittests.eserver3.dll" id="6890263a-ae2f-ecef-019f-cb7d43e6ccc1">
      <Execution id="8816f30e-3ace-4eb4-a5ea-68669399b182" />
      <TestMethod codeBase="F:\ETWork\bin\Tests\UnitTests.EServer3.dll" adapterTypeName="Microsoft.VisualStudio.TestTools.TestTypes.Unit.UnitTestAdapter" className="UnitTests_EServer3.SM.ServerMonitorTests" name="VerifyServerConfigurations_MultipleEnabledServersWithSameEventGeneratorPriority_ThrowsServerConfigurationException" />
    </UnitTest>
    <UnitTest name="VerifyServerConfigurations_MultipleEnabledServersWithSameEventListenerPriority_ThrowsServerConfigurationException" storage="f:\etwork\bin\tests\unittests.eserver3.dll" id="2860f4a0-dd6b-10b8-2a37-429d56772926">
      <Execution id="7e3cc853-10b7-4d66-bb69-54d9bcda13c0" />
      <TestMethod codeBase="F:\ETWork\bin\Tests\UnitTests.EServer3.dll" adapterTypeName="Microsoft.VisualStudio.TestTools.TestTypes.Unit.UnitTestAdapter" className="UnitTests_EServer3.SM.ServerMonitorTests" name="VerifyServerConfigurations_MultipleEnabledServersWithSameEventListenerPriority_ThrowsServerConfigurationException" />
    </UnitTest>
    <UnitTest name="VerifyServerConfigurations_MultipleEnabledServersWithSameEventProcessorPriority_ThrowsServerConfigurationException" storage="f:\etwork\bin\tests\unittests.eserver3.dll" id="ea8923f4-7fbe-0bb9-0842-4d25d3e4363b">
      <Execution id="a802c1cd-797b-4bdf-9d35-057249a95eab" />
      <TestMethod codeBase="F:\ETWork\bin\Tests\UnitTests.EServer3.dll" adapterTypeName="Microsoft.VisualStudio.TestTools.TestTypes.Unit.UnitTestAdapter" className="UnitTests_EServer3.SM.ServerMonitorTests" name="VerifyServerConfigurations_MultipleEnabledServersWithSameEventProcessorPriority_ThrowsServerConfigurationException" />
    </UnitTest>
    <UnitTest name="VerifyServerConfigurations_MultipleEnabledServersWithSameJobManager_ThrowsServerConfigurationException" storage="f:\etwork\bin\tests\unittests.eserver3.dll" id="a85566fb-1316-fb41-2674-0f92827f1ab3">
      <Execution id="f2086c60-cac5-4a13-b379-78299bad3daa" />
      <TestMethod codeBase="F:\ETWork\bin\Tests\UnitTests.EServer3.dll" adapterTypeName="Microsoft.VisualStudio.TestTools.TestTypes.Unit.UnitTestAdapter" className="UnitTests_EServer3.SM.ServerMonitorTests" name="VerifyServerConfigurations_MultipleEnabledServersWithSameJobManager_ThrowsServerConfigurationException" />
    </UnitTest>
    <UnitTest name="VerifyServerConfigurations_MultipleEnabledServersWithZeroEventGeneratorPriority_Succeeds" storage="f:\etwork\bin\tests\unittests.eserver3.dll" id="030a1d48-6ee2-9e46-8411-65c392a9f663">
      <Execution id="366186d7-1e70-447f-b84c-ad1aadaa3247" />
      <TestMethod codeBase="F:\ETWork\bin\Tests\UnitTests.EServer3.dll" adapterTypeName="Microsoft.VisualStudio.TestTools.TestTypes.Unit.UnitTestAdapter" className="UnitTests_EServer3.SM.ServerMonitorTests" name="VerifyServerConfigurations_MultipleEnabledServersWithZeroEventGeneratorPriority_Succeeds" />
    </UnitTest>
    <UnitTest name="VerifyServerConfigurations_MultipleEnabledServersWithZeroEventListenerPriority_Succeeds" storage="f:\etwork\bin\tests\unittests.eserver3.dll" id="c7943e7e-45db-f17c-96a4-5860bae0bb32">
      <Execution id="88f75947-d89b-4c86-b19d-4bd6ee98c721" />
      <TestMethod codeBase="F:\ETWork\bin\Tests\UnitTests.EServer3.dll" adapterTypeName="Microsoft.VisualStudio.TestTools.TestTypes.Unit.UnitTestAdapter" className="UnitTests_EServer3.SM.ServerMonitorTests" name="VerifyServerConfigurations_MultipleEnabledServersWithZeroEventListenerPriority_Succeeds" />
    </UnitTest>
    <UnitTest name="VerifyServerConfigurations_MultipleEnabledServersWithZeroEventProcessorPriority_Succeeds" storage="f:\etwork\bin\tests\unittests.eserver3.dll" id="9c651ed4-db40-5398-7aa3-0ccc46d81d4c">
      <Execution id="24edbfb3-0e22-4ebd-b2cc-caa75973542f" />
      <TestMethod codeBase="F:\ETWork\bin\Tests\UnitTests.EServer3.dll" adapterTypeName="Microsoft.VisualStudio.TestTools.TestTypes.Unit.UnitTestAdapter" className="UnitTests_EServer3.SM.ServerMonitorTests" name="VerifyServerConfigurations_MultipleEnabledServersWithZeroEventProcessorPriority_Succeeds" />
    </UnitTest>
    <UnitTest name="VerifyServerConfigurations_MultipleEnabledServersWithZeroJobManagerPriority_Succeeds" storage="f:\etwork\bin\tests\unittests.eserver3.dll" id="eb3e9ad4-2f1b-942a-2414-6071eb2c4cb4">
      <Execution id="fd24eb25-c0bd-473e-b58a-3f93e3016bb2" />
      <TestMethod codeBase="F:\ETWork\bin\Tests\UnitTests.EServer3.dll" adapterTypeName="Microsoft.VisualStudio.TestTools.TestTypes.Unit.UnitTestAdapter" className="UnitTests_EServer3.SM.ServerMonitorTests" name="VerifyServerConfigurations_MultipleEnabledServersWithZeroJobManagerPriority_Succeeds" />
    </UnitTest>
    <UnitTest name="VerifyServerConfigurations_MultipleEnabledServersWithDifferentPriorities_Succeeds" storage="f:\etwork\bin\tests\unittests.eserver3.dll" id="49fe99c0-898b-1be6-d4f0-07a5b695415a">
      <Execution id="b75eb6dd-b597-4439-a8bd-ba0f73224ba4" />
      <TestMethod codeBase="F:\ETWork\bin\Tests\UnitTests.EServer3.dll" adapterTypeName="Microsoft.VisualStudio.TestTools.TestTypes.Unit.UnitTestAdapter" className="UnitTests_EServer3.SM.ServerMonitorTests" name="VerifyServerConfigurations_MultipleEnabledServersWithDifferentPriorities_Succeeds" />
    </UnitTest>
  </TestDefinitions>
  <TestEntries>
    <TestEntry testId="75edbc95-ab49-38f2-874f-c7897d532ff8" executionId="3c315e81-9677-4c98-8232-b0de52d493b1" testListId="8c84fa94-04c1-424b-9868-57a2d4851a1d" />
    <TestEntry testId="2add1c69-9545-b2a0-5bdb-82719bd272cf" executionId="ab38e8bd-95fa-49aa-808c-4584773653b9" testListId="8c84fa94-04c1-424b-9868-57a2d4851a1d" />
    <TestEntry testId="8e822503-2386-300b-b0de-555180983390" executionId="5550cc75-e595-4138-9419-fe630bcb9467" testListId="8c84fa94-04c1-424b-9868-57a2d4851a1d" />
    <TestEntry testId="dc23c326-a7af-d6b5-b3c6-ae49a73d8cb8" executionId="bc5b3e99-0b84-43c7-9a7b-af779af5ee15" testListId="8c84fa94-04c1-424b-9868-57a2d4851a1d" />
    <TestEntry testId="b7b78319-188c-a81f-9122-2f02cfa5ab3a" executionId="bd6331bd-3310-49f5-85a9-7a29a3616b31" testListId="8c84fa94-04c1-424b-9868-57a2d4851a1d" />
    <TestEntry testId="85678343-dc57-35fe-7bdc-f2115235a1d0" executionId="94e2cb65-7890-434e-9a1c-18f3bb15222a" testListId="8c84fa94-04c1-424b-9868-57a2d4851a1d" />
    <TestEntry testId="939a4505-bd32-d99c-7abd-32629b5a3df7" executionId="630cb182-3f2e-4803-bb4b-545ee13c1266" testListId="8c84fa94-04c1-424b-9868-57a2d4851a1d" />
    <TestEntry testId="fbf7235e-b702-988d-e840-770b5b75ed14" executionId="c6cc8f2c-c5bc-4c47-9542-8c732a11be27" testListId="8c84fa94-04c1-424b-9868-57a2d4851a1d" />
    <TestEntry testId="931eb7ea-beb3-4640-a577-23310b14c25f" executionId="1970ee63-447a-4486-95c0-9912985c6017" testListId="8c84fa94-04c1-424b-9868-57a2d4851a1d" />
    <TestEntry testId="d001607e-7f80-71f4-eef7-dcc208ebf87f" executionId="d5d02ac9-f084-4c0a-84e0-7696ab86c6bc" testListId="8c84fa94-04c1-424b-9868-57a2d4851a1d" />
    <TestEntry testId="ffe31e9f-b06c-847f-56b4-0b78afc97be3" executionId="b0c788cf-b57c-481e-90e8-962f8103b474" testListId="8c84fa94-04c1-424b-9868-57a2d4851a1d" />
    <TestEntry testId="b6bc415a-03e5-8df1-fbf3-218545c982c2" executionId="f2d40219-3ece-46a0-af94-7e4e59de786a" testListId="8c84fa94-04c1-424b-9868-57a2d4851a1d" />
    <TestEntry testId="af24f05d-ce20-d555-cba5-9215d6786de5" executionId="72f4c55a-a03c-4639-a94c-571f039a429f" testListId="8c84fa94-04c1-424b-9868-57a2d4851a1d" />
    <TestEntry testId="c96c2889-58a2-bd03-0ed7-e7d9a2092578" executionId="b92e30a9-1dc1-4a51-93f0-b920344f82a0" testListId="8c84fa94-04c1-424b-9868-57a2d4851a1d" />
    <TestEntry testId="a8dcb91f-a38a-4262-9590-2eb8ea85c4db" executionId="91251f2a-5ca8-463c-86d8-fc27f8e740fe" testListId="8c84fa94-04c1-424b-9868-57a2d4851a1d" />
    <TestEntry testId="58837309-e68b-4c47-927d-39a619b9ed46" executionId="752fd1dc-25d0-4782-add8-e186ceadff14" testListId="8c84fa94-04c1-424b-9868-57a2d4851a1d" />
    <TestEntry testId="9504f1ec-5353-3b9e-28a2-c076b74ef96e" executionId="b1fba876-ac65-4cd5-aa5e-f69064a6d3c9" testListId="8c84fa94-04c1-424b-9868-57a2d4851a1d" />
    <TestEntry testId="c2ccf5c3-d817-633e-457d-47cfaee411bc" executionId="b2688504-93ba-4581-830b-a382d3354b89" testListId="8c84fa94-04c1-424b-9868-57a2d4851a1d" />
    <TestEntry testId="8a71f95f-2314-b0af-a67d-4b744d864bbb" executionId="2c60f29f-0841-4307-8691-c49960cbdcbf" testListId="8c84fa94-04c1-424b-9868-57a2d4851a1d" />
    <TestEntry testId="ad4229fc-96b3-edc6-e87f-964e7f386bdf" executionId="1fa77dbc-40d7-4eb8-b030-b67dfc2ef3aa" testListId="8c84fa94-04c1-424b-9868-57a2d4851a1d" />
    <TestEntry testId="0c42c529-fb6b-78ed-e9d4-4d5faf38319d" executionId="3e73e781-e615-462c-8426-182a7f045f3c" testListId="8c84fa94-04c1-424b-9868-57a2d4851a1d" />
    <TestEntry testId="5fd7d7bb-9eaf-1b3d-6dbf-1c793d2f42c9" executionId="186baa40-5a6f-410d-a694-1cef2551e92a" testListId="8c84fa94-04c1-424b-9868-57a2d4851a1d" />
    <TestEntry testId="47abdf7b-e1a5-96ae-e27d-b2cb82d4be8d" executionId="a563b208-e8e7-4257-8a66-4bdfde754a54" testListId="8c84fa94-04c1-424b-9868-57a2d4851a1d" />
    <TestEntry testId="336c1c9f-5de8-fa50-9252-e826cb1b906f" executionId="d65d1939-3ab9-4788-9e02-569ee2320d09" testListId="8c84fa94-04c1-424b-9868-57a2d4851a1d" />
    <TestEntry testId="206d829e-9271-9f57-5942-4c476c6a454f" executionId="8aa17fde-cc18-4cf9-873e-fed669be28cd" testListId="8c84fa94-04c1-424b-9868-57a2d4851a1d" />
    <TestEntry testId="4e12329c-e508-bfcc-fb7b-fb3a69d77df0" executionId="9002eac8-6829-4405-a950-3da43da2e6e1" testListId="8c84fa94-04c1-424b-9868-57a2d4851a1d" />
    <TestEntry testId="3df6cda8-9593-00f1-38fc-de83f0f9bc1d" executionId="9791b29a-2466-4b83-a05a-140f6b038dc6" testListId="8c84fa94-04c1-424b-9868-57a2d4851a1d" />
    <TestEntry testId="8853160c-3713-c7e5-7a36-25604fb74f21" executionId="16388802-21cc-436d-bd61-e57bacd786a1" testListId="8c84fa94-04c1-424b-9868-57a2d4851a1d" />
    <TestEntry testId="bfea451a-7b25-bd8e-43c3-b6d770e0f190" executionId="a371d036-3a69-4cfd-9084-181c575b3c49" testListId="8c84fa94-04c1-424b-9868-57a2d4851a1d" />
    <TestEntry testId="5fe41073-89fc-d13d-dd47-0cc91639af2c" executionId="68758b94-f80b-4065-b296-125300d6d68c" testListId="8c84fa94-04c1-424b-9868-57a2d4851a1d" />
    <TestEntry testId="bbb62a91-9bb3-3db6-cc11-bf1e66c7a14e" executionId="1625ccae-7843-4e75-ad9b-32c05a13d60b" testListId="8c84fa94-04c1-424b-9868-57a2d4851a1d" />
    <TestEntry testId="d93c16f8-34ab-6f62-73b7-29ad6800fb8c" executionId="6bfadcdc-958c-4a68-b361-400cbbdd8e94" testListId="8c84fa94-04c1-424b-9868-57a2d4851a1d" />
    <TestEntry testId="897a9939-ced2-bb85-77e1-c9a3f7afe673" executionId="f7796dd9-0f50-4d16-85f3-4a0a8478c7bc" testListId="8c84fa94-04c1-424b-9868-57a2d4851a1d" />
    <TestEntry testId="160d89d5-2834-415c-fbfa-d52d9b597627" executionId="d88adaf1-5dd2-4755-afa3-b4b989e560b8" testListId="8c84fa94-04c1-424b-9868-57a2d4851a1d" />
    <TestEntry testId="bec8f507-de3a-214e-80e2-4ab664674861" executionId="7c0a963a-df20-45e4-bf02-a2bd05c52c47" testListId="8c84fa94-04c1-424b-9868-57a2d4851a1d" />
    <TestEntry testId="0b9260dd-824c-57fa-2e0a-8bf2bcb9166b" executionId="4f253323-4f52-400f-a2d7-060d57bfee7d" testListId="8c84fa94-04c1-424b-9868-57a2d4851a1d" />
    <TestEntry testId="ed39cb21-6258-43c2-561d-44d94f9a7d6d" executionId="aa56ca0a-72ce-4169-83b4-84b95575d6a3" testListId="8c84fa94-04c1-424b-9868-57a2d4851a1d" />
    <TestEntry testId="6285bf2d-e166-2df5-869c-ee1f26fc0308" executionId="b2ddd2c1-8522-46a8-a37a-92f09a6b04bd" testListId="8c84fa94-04c1-424b-9868-57a2d4851a1d" />
    <TestEntry testId="dcac2943-24f8-ee0f-4cf9-28ae04379484" executionId="51264218-79ed-4f08-9563-c32372191b36" testListId="8c84fa94-04c1-424b-9868-57a2d4851a1d" />
    <TestEntry testId="3186c0ea-14f2-0bdb-4951-db182d6630ad" executionId="51de30b6-474d-45d7-89f3-4307fe87b769" testListId="8c84fa94-04c1-424b-9868-57a2d4851a1d" />
    <TestEntry testId="7804574e-1445-7836-7cb3-2c7e652eb09c" executionId="68e5f5b7-e1e7-4eb7-8795-ec5dcc8847cf" testListId="8c84fa94-04c1-424b-9868-57a2d4851a1d" />
    <TestEntry testId="6b073c83-cc10-0fc5-cf6c-1afba7d35c89" executionId="55908671-88d2-457f-97cb-22d3333ee71a" testListId="8c84fa94-04c1-424b-9868-57a2d4851a1d" />
    <TestEntry testId="a4558aa2-9048-3290-fa04-96d671ba06ff" executionId="42a58d3f-2ade-447c-9c0c-86ac23667f2b" testListId="8c84fa94-04c1-424b-9868-57a2d4851a1d" />
    <TestEntry testId="792b7f1b-2840-f14c-cf71-188ad5e70eb6" executionId="c26129aa-8d88-424d-a06f-b87dcb8ecdce" testListId="8c84fa94-04c1-424b-9868-57a2d4851a1d" />
    <TestEntry testId="547d6c42-6b0b-776e-26b9-7e354ad10553" executionId="32afdcad-87da-4fb5-a46d-cda59e8ac691" testListId="8c84fa94-04c1-424b-9868-57a2d4851a1d" />
    <TestEntry testId="d49757fb-c16e-655b-ecaf-7c6ba8c7d885" executionId="87981c88-e555-42e2-bc62-fce8d14075c4" testListId="8c84fa94-04c1-424b-9868-57a2d4851a1d" />
    <TestEntry testId="278928a6-b92b-1542-f54f-14f3241a30ff" executionId="e33c163d-108c-4902-afc2-d23d71876bc0" testListId="8c84fa94-04c1-424b-9868-57a2d4851a1d" />
    <TestEntry testId="5ff21f7d-05fc-6470-10b6-728e57c7dc87" executionId="97bdd1a1-a605-4104-a77a-7d085f7af593" testListId="8c84fa94-04c1-424b-9868-57a2d4851a1d" />
    <TestEntry testId="82b3f6e6-fc65-0954-ca45-21fea75e4698" executionId="7f225d0e-d1c7-495b-a1aa-2cba4c2de162" testListId="8c84fa94-04c1-424b-9868-57a2d4851a1d" />
    <TestEntry testId="7c79b2d8-4aa3-a6bd-7933-1ef04b549633" executionId="b352d337-7658-4baa-b7d3-44615f03a23c" testListId="8c84fa94-04c1-424b-9868-57a2d4851a1d" />
    <TestEntry testId="99dbed30-91d7-2316-4010-90db65ee09e8" executionId="0cc3b46b-5b0e-48e5-92cf-ae5c1052b240" testListId="8c84fa94-04c1-424b-9868-57a2d4851a1d" />
    <TestEntry testId="23ecb974-d78e-8108-e6b2-90c28f0b58a0" executionId="92a6ad5f-eb1d-4b0f-9ccd-77ba92e4ffe3" testListId="8c84fa94-04c1-424b-9868-57a2d4851a1d" />
    <TestEntry testId="3e884035-6016-ee94-55dc-f2782ab38ef0" executionId="21400225-4bf7-4325-bcc0-8699c4829d61" testListId="8c84fa94-04c1-424b-9868-57a2d4851a1d" />
    <TestEntry testId="9628f732-97db-b60f-e331-baff8a887ecf" executionId="4e8911db-1797-44a9-a909-4462eeed6258" testListId="8c84fa94-04c1-424b-9868-57a2d4851a1d" />
    <TestEntry testId="7418039b-0e8d-78ce-6bc9-6be74100092f" executionId="224fa1fa-1d62-45d8-9403-9f016995ac6d" testListId="8c84fa94-04c1-424b-9868-57a2d4851a1d" />
    <TestEntry testId="e02b9322-0eb7-1188-a730-2c14e88428c7" executionId="14242818-ee0d-4fc1-9687-870c85a5dedd" testListId="8c84fa94-04c1-424b-9868-57a2d4851a1d" />
    <TestEntry testId="777fde0d-f8dc-9559-88f7-4f83f9ef8be7" executionId="7757fa5b-d5e1-4c83-8105-76ec704588f4" testListId="8c84fa94-04c1-424b-9868-57a2d4851a1d" />
    <TestEntry testId="6cb92711-8494-5c86-c68e-5ad9b2d8eb6c" executionId="99f782e6-a4f5-4f96-bc1e-0aa6b4309c0b" testListId="8c84fa94-04c1-424b-9868-57a2d4851a1d" />
    <TestEntry testId="2a1eca9f-d13f-8161-acb8-0bc79494130c" executionId="3b294a4e-9a24-414c-b51c-37f1518cdf08" testListId="8c84fa94-04c1-424b-9868-57a2d4851a1d" />
    <TestEntry testId="001edeb6-72ee-6644-de90-0b1b4e3aafb1" executionId="8798dca8-f67a-4939-b731-7986d6c6e7f1" testListId="8c84fa94-04c1-424b-9868-57a2d4851a1d" />
    <TestEntry testId="338ea31b-b24d-3873-11d1-da98f236ee8a" executionId="29e98131-52b0-414d-9341-77ad62980d43" testListId="8c84fa94-04c1-424b-9868-57a2d4851a1d" />
    <TestEntry testId="9479af87-aa94-7eac-129a-aa1dcc57becd" executionId="7942220c-d217-4969-abd1-3b2bb96a0ce7" testListId="8c84fa94-04c1-424b-9868-57a2d4851a1d" />
    <TestEntry testId="3b3990ba-22c5-2c18-0dc6-575a132d695f" executionId="d6265913-51e7-4f7f-a19c-8fea32ae4483" testListId="8c84fa94-04c1-424b-9868-57a2d4851a1d" />
    <TestEntry testId="9798f6f9-42d1-a20f-9e6c-e156008921f3" executionId="0fd4f947-b367-42d5-aa94-f23c6decf443" testListId="8c84fa94-04c1-424b-9868-57a2d4851a1d" />
    <TestEntry testId="cc8e85a3-9242-24af-c108-7be1e82b5093" executionId="bdf2f873-3e6a-43a7-bd3b-76132d63e0a4" testListId="8c84fa94-04c1-424b-9868-57a2d4851a1d" />
    <TestEntry testId="df53ee82-da12-48be-d1b1-224bb6b3add3" executionId="3a74d73d-376b-4256-85e0-5b4e34aff69e" testListId="8c84fa94-04c1-424b-9868-57a2d4851a1d" />
    <TestEntry testId="413ce944-6eed-5e12-d151-4231124ab5c7" executionId="45a1898f-f986-4cc5-887a-ff3bb1b88c42" testListId="8c84fa94-04c1-424b-9868-57a2d4851a1d" />
    <TestEntry testId="8053024f-241c-c508-b9ad-ad9544a7eafa" executionId="4f3e775f-01d0-4d1e-99d2-0aa186add9b1" testListId="8c84fa94-04c1-424b-9868-57a2d4851a1d" />
    <TestEntry testId="1c147c40-2d9e-28e6-4519-245d9543d4fe" executionId="10e1af3f-7ea8-4d0e-8f33-3259d03a2a17" testListId="8c84fa94-04c1-424b-9868-57a2d4851a1d" />
    <TestEntry testId="0d5396e0-4245-0cb5-2eb7-0c8aaf81e8d7" executionId="6812e02d-8aaa-471c-ba07-e09c1c9f67a6" testListId="8c84fa94-04c1-424b-9868-57a2d4851a1d" />
    <TestEntry testId="000be893-79b1-1ead-377c-a8b37526facc" executionId="ff57b298-38b4-4493-87b3-ab4b31e281ed" testListId="8c84fa94-04c1-424b-9868-57a2d4851a1d" />
    <TestEntry testId="fac1f6f1-e914-d0e0-8efd-e66a928a411f" executionId="af7dca70-e1e1-4bca-b025-f41e19bc796c" testListId="8c84fa94-04c1-424b-9868-57a2d4851a1d" />
    <TestEntry testId="e28fa139-fdea-1194-b0e4-5e9f8df425fe" executionId="c4762c3b-2374-4612-91d3-4d59aa770fe4" testListId="8c84fa94-04c1-424b-9868-57a2d4851a1d" />
    <TestEntry testId="8d9c6f20-8b33-5d59-0428-ae0601ba98ee" executionId="ddd982f6-e9e3-4e04-9db0-9116a288048d" testListId="8c84fa94-04c1-424b-9868-57a2d4851a1d" />
    <TestEntry testId="147af7eb-196c-5441-bb76-f3fe94b04251" executionId="03b8ba65-a1ab-4a03-a687-e1be5753f529" testListId="8c84fa94-04c1-424b-9868-57a2d4851a1d" />
    <TestEntry testId="0292adfb-11d0-84be-1c37-9f91ee85f3aa" executionId="d01756ce-f923-4c9d-9886-67dfcae09aa5" testListId="8c84fa94-04c1-424b-9868-57a2d4851a1d" />
    <TestEntry testId="7d8d322d-c37e-5bb6-abb7-326738febb07" executionId="d437f512-b7dc-4b6e-917f-c43cdc6fb840" testListId="8c84fa94-04c1-424b-9868-57a2d4851a1d" />
    <TestEntry testId="f0df2bda-d914-af79-6443-d43d4738bb2e" executionId="b713e202-d03b-4129-8fc3-7174ea8f8ef3" testListId="8c84fa94-04c1-424b-9868-57a2d4851a1d" />
    <TestEntry testId="d5f4cbd6-9aeb-63a8-d1f8-37d650ac763a" executionId="e6b266f7-c05d-4e50-99ee-7b22e9811458" testListId="8c84fa94-04c1-424b-9868-57a2d4851a1d" />
    <TestEntry testId="fab63e2c-e01e-00bb-2d2c-79a3b7c9c277" executionId="9464dce8-e5fb-4408-aad3-55546369fb13" testListId="8c84fa94-04c1-424b-9868-57a2d4851a1d" />
    <TestEntry testId="17dc9c36-b2b5-7dab-9dca-05dac02e2163" executionId="1d6d3d9d-c7b1-41b8-893b-bb1e05a0ef90" testListId="8c84fa94-04c1-424b-9868-57a2d4851a1d" />
    <TestEntry testId="833acf3b-6594-f83b-3124-08a22a947834" executionId="e43ef711-7cdf-48c7-87ce-681f078a4b83" testListId="8c84fa94-04c1-424b-9868-57a2d4851a1d" />
    <TestEntry testId="5bcd47d1-f7a8-dbdd-d4c4-9e76a7fef3cd" executionId="4ebef509-6114-4504-b706-a41d65547f9e" testListId="8c84fa94-04c1-424b-9868-57a2d4851a1d" />
    <TestEntry testId="0d5893eb-d454-9d44-d0f5-f1ea4707b335" executionId="ab1f5ffc-fcc9-4bc8-9d51-4f9fc420b465" testListId="8c84fa94-04c1-424b-9868-57a2d4851a1d" />
    <TestEntry testId="0c57f448-9bff-45f9-7a78-1e232af01499" executionId="f332dd2d-5422-4788-9320-17e8a2258ac5" testListId="8c84fa94-04c1-424b-9868-57a2d4851a1d" />
    <TestEntry testId="5b2a3045-2317-9161-6cbb-163d3a5d26a9" executionId="aea382f5-fa55-4451-a773-c88c7fe0584e" testListId="8c84fa94-04c1-424b-9868-57a2d4851a1d" />
    <TestEntry testId="ab9596b3-8f25-27bc-7aa1-593b44d89d71" executionId="50d32069-f73d-4d20-820d-193cb5693681" testListId="8c84fa94-04c1-424b-9868-57a2d4851a1d" />
    <TestEntry testId="b64558bb-6db0-f118-2586-7c34ced2a7fe" executionId="ef803978-3ffd-4688-9c69-801fb4cd3ffe" testListId="8c84fa94-04c1-424b-9868-57a2d4851a1d" />
    <TestEntry testId="1cf560f3-4ea9-1493-1e2b-c7ffacfbbd73" executionId="7c18cf52-8cbb-4d24-977d-795609c5a0ed" testListId="8c84fa94-04c1-424b-9868-57a2d4851a1d" />
    <TestEntry testId="d8a20eb9-fd25-e886-88d3-94567b2c60a5" executionId="98cab204-9f8d-4a64-aa7e-2674e9e4d1f2" testListId="8c84fa94-04c1-424b-9868-57a2d4851a1d" />
    <TestEntry testId="8282352d-f90d-b04e-65b9-08ca2561037b" executionId="804d4e29-76e0-4c68-a7de-8a463b444898" testListId="8c84fa94-04c1-424b-9868-57a2d4851a1d" />
    <TestEntry testId="21af625d-dad8-c6eb-e266-f868e71582da" executionId="fed27619-b760-44c9-847a-a89dc826af0d" testListId="8c84fa94-04c1-424b-9868-57a2d4851a1d" />
    <TestEntry testId="b3241009-5a80-058f-3f82-7e3bbc6bd548" executionId="05026c74-b656-44f3-8c13-835cf195c519" testListId="8c84fa94-04c1-424b-9868-57a2d4851a1d" />
    <TestEntry testId="bd874231-7275-c777-f1a3-0954a62cbaa1" executionId="eabc04b4-9c36-40ea-b8d6-0f138b625e43" testListId="8c84fa94-04c1-424b-9868-57a2d4851a1d" />
    <TestEntry testId="14aee031-3987-e579-e17c-0f17db099498" executionId="4cc63173-9a5d-4c0c-b173-ed49ecbb125d" testListId="8c84fa94-04c1-424b-9868-57a2d4851a1d" />
    <TestEntry testId="746fa645-df98-e051-ffb7-b6ec4c4f474a" executionId="17288fca-ea88-4d47-ba21-74f0d29ace6a" testListId="8c84fa94-04c1-424b-9868-57a2d4851a1d" />
    <TestEntry testId="1f12292d-a2df-cc09-886d-27752d1acf58" executionId="64049228-2166-4155-8025-8a51dbc7701e" testListId="8c84fa94-04c1-424b-9868-57a2d4851a1d" />
    <TestEntry testId="7cf8db1b-5119-0cea-de36-d5cad2945e4d" executionId="0c6e86bf-e816-4406-95af-6a7b02b3260f" testListId="8c84fa94-04c1-424b-9868-57a2d4851a1d" />
    <TestEntry testId="0698f277-5364-17c5-fc95-62587190fd9d" executionId="41b61618-67e3-4e8b-b4df-3b5900f66b95" testListId="8c84fa94-04c1-424b-9868-57a2d4851a1d" />
    <TestEntry testId="c837a4ae-b0c7-47e6-8834-4188912d8788" executionId="62742baa-b28b-47ef-8664-dc8229dc1001" testListId="8c84fa94-04c1-424b-9868-57a2d4851a1d" />
    <TestEntry testId="db3f995e-db2c-5d2b-0404-1a361eef6410" executionId="b4a0ea79-9a1c-415a-80d0-c61a29a47515" testListId="8c84fa94-04c1-424b-9868-57a2d4851a1d" />
    <TestEntry testId="2dd44544-9bcd-9fa8-5e0c-e53d274184f6" executionId="f012474c-6d23-4104-bed3-6449f95e1e94" testListId="8c84fa94-04c1-424b-9868-57a2d4851a1d" />
    <TestEntry testId="636f9be6-0d56-a9fb-83cc-14228989dd8a" executionId="8c1bfb18-815f-4857-8dc2-171e7c851b22" testListId="8c84fa94-04c1-424b-9868-57a2d4851a1d" />
    <TestEntry testId="9157afc7-eddc-a580-317c-f33354d9803c" executionId="744a2e0a-2bbd-471b-8488-12ab9d4b87d1" testListId="8c84fa94-04c1-424b-9868-57a2d4851a1d" />
    <TestEntry testId="2ccaef46-0c09-383d-0614-289b28d65beb" executionId="e636f728-d1de-4989-a8c7-bf310615712a" testListId="8c84fa94-04c1-424b-9868-57a2d4851a1d" />
    <TestEntry testId="34e3e28f-28fe-1732-da90-48ab843aee57" executionId="930177ec-3ff5-491d-b8e2-5c17c51ff87b" testListId="8c84fa94-04c1-424b-9868-57a2d4851a1d" />
    <TestEntry testId="b610d2a9-b802-75a1-d572-5e9aa9ba7d3b" executionId="cf3b5040-12de-4881-9dc9-bdfcb170d83c" testListId="8c84fa94-04c1-424b-9868-57a2d4851a1d" />
    <TestEntry testId="c575c341-90a8-0aa8-1275-a2a762582dcc" executionId="e75bc702-fb92-4039-afb8-af8031e624e2" testListId="8c84fa94-04c1-424b-9868-57a2d4851a1d" />
    <TestEntry testId="b1f3d783-c84b-70a7-b2b7-7c730e53bafc" executionId="9c34ccdb-8a0c-44a7-bbf6-6a06827397e8" testListId="8c84fa94-04c1-424b-9868-57a2d4851a1d" />
    <TestEntry testId="c3e34166-3b5d-0d41-f94d-49e7663df056" executionId="ff5e6850-3288-4423-b002-2fd54d7470bd" testListId="8c84fa94-04c1-424b-9868-57a2d4851a1d" />
    <TestEntry testId="726338a7-1514-f45b-0305-a112c81fff4f" executionId="0dad4d18-21d2-4285-8186-13b383746fda" testListId="8c84fa94-04c1-424b-9868-57a2d4851a1d" />
    <TestEntry testId="59718967-298b-f3ec-827c-d36292b49480" executionId="558fdcc1-e133-4551-8c7b-098153029b93" testListId="8c84fa94-04c1-424b-9868-57a2d4851a1d" />
    <TestEntry testId="6be3f006-c984-7482-1684-2b93181e5f3b" executionId="c6444d03-6941-41ef-bd5f-a2db6dd11240" testListId="8c84fa94-04c1-424b-9868-57a2d4851a1d" />
    <TestEntry testId="31471323-dab4-d7ec-122a-a474dce526c6" executionId="e09ae4ce-bc8d-4932-a32e-7dab9459268b" testListId="8c84fa94-04c1-424b-9868-57a2d4851a1d" />
    <TestEntry testId="1dc44784-8b37-bc45-2025-c19875780825" executionId="caaa21e8-c169-4efb-a2b8-4e1f32ca64be" testListId="8c84fa94-04c1-424b-9868-57a2d4851a1d" />
    <TestEntry testId="cc789bca-b11c-e340-8d3d-d63fe1ddcf31" executionId="bec1a6fb-1bc3-49c1-9b0a-a2d54de6e2ea" testListId="8c84fa94-04c1-424b-9868-57a2d4851a1d" />
    <TestEntry testId="41e46e1d-7bf5-b1c3-8d62-a84ca7fd298d" executionId="ec26df92-95c6-4e71-950e-f964485ab98e" testListId="8c84fa94-04c1-424b-9868-57a2d4851a1d" />
    <TestEntry testId="8c94c629-7d85-a932-e74c-56a02839cc66" executionId="7756909d-5d19-4dea-ba35-f1cfa603c6e9" testListId="8c84fa94-04c1-424b-9868-57a2d4851a1d" />
    <TestEntry testId="65b6ddf5-9812-7d31-33c2-856224d33b1b" executionId="ab1c0e06-a81f-4531-9bd0-00f6542f1a70" testListId="8c84fa94-04c1-424b-9868-57a2d4851a1d" />
    <TestEntry testId="2a4b3afd-0e4b-391f-1543-5513c682694b" executionId="dc3f1a7c-ac34-40c6-a8e6-45836f97177e" testListId="8c84fa94-04c1-424b-9868-57a2d4851a1d" />
    <TestEntry testId="38110c97-97db-dd68-0f87-c568d57fbdae" executionId="7e46d4ed-d17c-4922-be42-6c9c0f4e75fc" testListId="8c84fa94-04c1-424b-9868-57a2d4851a1d" />
    <TestEntry testId="8812bb1f-5a5c-b83b-7fd6-e42fbf69329a" executionId="3a31a4d6-064e-4217-8e89-d960ef8d346f" testListId="8c84fa94-04c1-424b-9868-57a2d4851a1d" />
    <TestEntry testId="f61f67bb-f857-31b0-7364-57962112c029" executionId="e572fb6c-a27f-4b16-b398-6638046e74fe" testListId="8c84fa94-04c1-424b-9868-57a2d4851a1d" />
    <TestEntry testId="ce819713-b29a-1174-1938-9a07d6815500" executionId="1028695e-1f13-4b7a-89ed-547d8f51e9a7" testListId="8c84fa94-04c1-424b-9868-57a2d4851a1d" />
    <TestEntry testId="b4a55fdf-212e-3f15-0061-06354ecdf77f" executionId="873a5887-2c7c-4a26-9010-542185810e71" testListId="8c84fa94-04c1-424b-9868-57a2d4851a1d" />
    <TestEntry testId="a39b497f-b7a1-848e-3a6e-091c43e606a8" executionId="26985de3-c902-4d88-911e-d9bd9cdaa05b" testListId="8c84fa94-04c1-424b-9868-57a2d4851a1d" />
    <TestEntry testId="1e536e55-9c5a-b0b4-4554-a5fbd0e40f85" executionId="8b343e28-ab4f-4bb8-81bc-4f27942fe853" testListId="8c84fa94-04c1-424b-9868-57a2d4851a1d" />
    <TestEntry testId="51adf94c-87b6-cd28-3058-16d32691f92a" executionId="b50e0865-0aca-4b6c-9194-d46023ba4a8c" testListId="8c84fa94-04c1-424b-9868-57a2d4851a1d" />
    <TestEntry testId="a326cd90-458a-c466-c78a-e7e1c74dadc4" executionId="0c32d1bf-4278-461c-8b40-61ef91bcb894" testListId="8c84fa94-04c1-424b-9868-57a2d4851a1d" />
    <TestEntry testId="4a6026af-b5ef-6145-464c-83fd084a7891" executionId="0cc1e402-211c-4e05-b70c-9081163f911d" testListId="8c84fa94-04c1-424b-9868-57a2d4851a1d" />
    <TestEntry testId="eeef6dcc-de16-2fbc-17d6-d4fa5ede1b2a" executionId="77cd01d9-482d-468b-a27c-48d38be80564" testListId="8c84fa94-04c1-424b-9868-57a2d4851a1d" />
    <TestEntry testId="7a098fad-dfd1-ef23-ce93-2b6ecbcd9567" executionId="3f73cb87-4a7e-4b42-893b-e42958655da2" testListId="8c84fa94-04c1-424b-9868-57a2d4851a1d" />
    <TestEntry testId="508c29eb-1be2-be81-a07f-f3bfd4dbbd27" executionId="0f439968-9841-415d-8eed-b6daf29cd3e7" testListId="8c84fa94-04c1-424b-9868-57a2d4851a1d" />
    <TestEntry testId="5dd3fb55-482f-addb-ae83-eec80d740ea8" executionId="112318c7-1fd2-4c94-8187-62ca962d97fc" testListId="8c84fa94-04c1-424b-9868-57a2d4851a1d" />
    <TestEntry testId="a0cd1342-796f-b07b-9603-930159823c41" executionId="d8c26719-1961-4a8f-bd4a-b3dc3a97cea7" testListId="8c84fa94-04c1-424b-9868-57a2d4851a1d" />
    <TestEntry testId="b24e1062-9238-8fd0-6438-a8eb925d0c11" executionId="d5898d70-e4db-4009-8ead-e48b0786849a" testListId="8c84fa94-04c1-424b-9868-57a2d4851a1d" />
    <TestEntry testId="d9e1142a-1309-de3f-e590-9fe824946de9" executionId="0c3c174c-7802-46fe-a2f6-a03336ab0acf" testListId="8c84fa94-04c1-424b-9868-57a2d4851a1d" />
    <TestEntry testId="321b8af0-f793-b600-15c8-3dbba8c67494" executionId="fba744a4-c985-4bb3-a100-fc31882ab0b4" testListId="8c84fa94-04c1-424b-9868-57a2d4851a1d" />
    <TestEntry testId="b03207c2-2458-48f9-4567-f93dba15a01f" executionId="a8b41b0b-4d21-42cf-a96b-0f4cb9c259c0" testListId="8c84fa94-04c1-424b-9868-57a2d4851a1d" />
    <TestEntry testId="40fed632-4f7e-35ba-3741-ead990a41f8f" executionId="d528cab3-76f7-4b2e-afd1-bd34c3269b3c" testListId="8c84fa94-04c1-424b-9868-57a2d4851a1d" />
    <TestEntry testId="49a2358e-ef81-a296-6c4a-049818b70f73" executionId="51c925ab-42e3-4f5c-9164-600daf31e030" testListId="8c84fa94-04c1-424b-9868-57a2d4851a1d" />
    <TestEntry testId="76a5a882-556f-0feb-112f-71c94bd25fd2" executionId="da214f6e-f37e-491c-9808-89445f8c94f2" testListId="8c84fa94-04c1-424b-9868-57a2d4851a1d" />
    <TestEntry testId="ac21fe0c-85f8-3ad5-c407-e7d03ac9162a" executionId="93ba4e05-3c42-4c8f-9c86-f18ef02fb5f8" testListId="8c84fa94-04c1-424b-9868-57a2d4851a1d" />
    <TestEntry testId="22b5e989-48b7-c053-2ae5-5463ceb034d0" executionId="0c1c077c-2674-4791-b725-05122a3ab28b" testListId="8c84fa94-04c1-424b-9868-57a2d4851a1d" />
    <TestEntry testId="442825d1-504b-9c9d-2680-3d1414af186b" executionId="3f87bfd0-ec67-495e-8b4b-45230bd6f3b9" testListId="8c84fa94-04c1-424b-9868-57a2d4851a1d" />
    <TestEntry testId="d3a339f2-a29e-78ee-e0f3-d37697b256f6" executionId="9086fe01-1485-460c-9e39-7a29d82f62e4" testListId="8c84fa94-04c1-424b-9868-57a2d4851a1d" />
    <TestEntry testId="cc65a6a7-36cb-ed28-21fe-39b4a0f38056" executionId="33355874-a16c-46f9-bf4b-3b5ead8d8ac7" testListId="8c84fa94-04c1-424b-9868-57a2d4851a1d" />
    <TestEntry testId="67440b5f-419f-5871-edbb-e0aabe5914af" executionId="e6f2cf40-f089-4af7-94ab-e38538aabdf6" testListId="8c84fa94-04c1-424b-9868-57a2d4851a1d" />
    <TestEntry testId="a536430f-c394-23ef-1c8a-a58bef9087ad" executionId="37d66ddc-26d1-487a-b4c2-a6fdd9cfa9aa" testListId="8c84fa94-04c1-424b-9868-57a2d4851a1d" />
    <TestEntry testId="7692665f-3a52-3aab-f61c-5bd71a29625a" executionId="f71d163e-c558-4987-8462-00d4e6e3e0e9" testListId="8c84fa94-04c1-424b-9868-57a2d4851a1d" />
    <TestEntry testId="b54df02c-3838-03cd-97f4-2c69593fc315" executionId="d311e22e-281d-481a-8699-77b0e2fa6206" testListId="8c84fa94-04c1-424b-9868-57a2d4851a1d" />
    <TestEntry testId="c42b2f01-8435-61c9-15aa-f08fa712b16b" executionId="8e8ed549-0f9c-4b58-ab40-f64fb322ba9f" testListId="8c84fa94-04c1-424b-9868-57a2d4851a1d" />
    <TestEntry testId="1a143e49-5c69-0d24-e58b-59447c8d7fe2" executionId="01b101e6-b848-4935-b766-9f798b3f697e" testListId="8c84fa94-04c1-424b-9868-57a2d4851a1d" />
    <TestEntry testId="8a5b041b-5764-1869-97f9-50e23f3e7408" executionId="9d9adba1-5c5a-4b30-8265-698dc5f533e2" testListId="8c84fa94-04c1-424b-9868-57a2d4851a1d" />
    <TestEntry testId="3252bcf6-298b-a72c-4b43-cc140e29f4bb" executionId="10483abd-648b-4173-aeb0-fc3d7bf872ea" testListId="8c84fa94-04c1-424b-9868-57a2d4851a1d" />
    <TestEntry testId="e8ada646-8a63-03c0-5758-545e0d1bbf00" executionId="7c0184da-ba9f-4a90-a7ec-175ab52a6cc4" testListId="8c84fa94-04c1-424b-9868-57a2d4851a1d" />
    <TestEntry testId="3cbbf02f-30ba-3658-f6cf-feae62d96437" executionId="c7646554-c589-4a53-b793-071bd8fe39fb" testListId="8c84fa94-04c1-424b-9868-57a2d4851a1d" />
    <TestEntry testId="5d6ccb5a-b655-78b9-f001-0028236d5153" executionId="f2d8b7de-ffda-4233-93bb-d282b165ec15" testListId="8c84fa94-04c1-424b-9868-57a2d4851a1d" />
    <TestEntry testId="24b54910-3ee4-cdb2-76e8-0c502f100a7c" executionId="d2f86a62-1aee-4a97-8837-898527a9409a" testListId="8c84fa94-04c1-424b-9868-57a2d4851a1d" />
    <TestEntry testId="92853ca4-e8d1-8016-fe29-d6ab5e742759" executionId="1aa392a2-01ff-43fa-bdbc-67a40e28d7de" testListId="8c84fa94-04c1-424b-9868-57a2d4851a1d" />
    <TestEntry testId="bfb86858-c790-3990-6f22-b748272d9ead" executionId="2a896270-8413-466a-a171-8d88f7517027" testListId="8c84fa94-04c1-424b-9868-57a2d4851a1d" />
    <TestEntry testId="e487021a-4b7f-1c4b-bd4e-7de2ce95dc28" executionId="dcd452f8-8e24-493a-a459-8e60c2934687" testListId="8c84fa94-04c1-424b-9868-57a2d4851a1d" />
    <TestEntry testId="80b27fb7-2430-c463-376b-5ac3c69bf761" executionId="027f8b4f-548b-48dd-9571-b1dd7cd9a312" testListId="8c84fa94-04c1-424b-9868-57a2d4851a1d" />
    <TestEntry testId="f523619f-39c0-5209-f2e7-8ee6d98f722d" executionId="015123a0-ecb3-4141-85b4-5b26eaad7416" testListId="8c84fa94-04c1-424b-9868-57a2d4851a1d" />
    <TestEntry testId="60c8bfb3-0d9e-5442-b16a-24d8df64cd69" executionId="ceb571cb-8d50-4448-af1d-5faf7ad048df" testListId="8c84fa94-04c1-424b-9868-57a2d4851a1d" />
    <TestEntry testId="0a030e27-1de9-1038-01cb-f3023bb4dcaa" executionId="1b6e9f0c-4592-4748-9d4d-c0674be55b9a" testListId="8c84fa94-04c1-424b-9868-57a2d4851a1d" />
    <TestEntry testId="b94f8d46-6272-fa18-1caa-50b9e98c6a7a" executionId="7f6c416d-1a6f-4e55-8d0e-58b79650cfd1" testListId="8c84fa94-04c1-424b-9868-57a2d4851a1d" />
    <TestEntry testId="31eb62dd-0b17-9fe9-a95a-54e018c83ad7" executionId="74f2cb55-d1af-4367-b147-fb60de1d2de3" testListId="8c84fa94-04c1-424b-9868-57a2d4851a1d" />
    <TestEntry testId="505196cf-dc49-0b20-2e13-696334bbb78f" executionId="b9e87bb4-a952-43be-adf6-3744662d5e30" testListId="8c84fa94-04c1-424b-9868-57a2d4851a1d" />
    <TestEntry testId="abb5f048-f81e-148e-5309-75d8e4ac7c50" executionId="bdcfac86-488c-477e-9179-6c4d03a32659" testListId="8c84fa94-04c1-424b-9868-57a2d4851a1d" />
    <TestEntry testId="dae3eff5-ec6d-5039-9011-5d319de9bbcc" executionId="77b42931-e1dd-4a35-9114-ea2afe6e80b0" testListId="8c84fa94-04c1-424b-9868-57a2d4851a1d" />
    <TestEntry testId="769166d6-312e-2add-dd8c-1ecfc3c846f8" executionId="ace14ca8-95ce-4117-ad43-f9b173ff4b4c" testListId="8c84fa94-04c1-424b-9868-57a2d4851a1d" />
    <TestEntry testId="a6706e2e-3a95-31a3-64f0-a70bcd1c6586" executionId="359a2a13-c6bd-4458-8b2c-bfb10c4c99da" testListId="8c84fa94-04c1-424b-9868-57a2d4851a1d" />
    <TestEntry testId="641826f1-dfed-cf57-de6c-c08d73fba135" executionId="2f38532a-c794-4c41-91f0-d024315fcd1c" testListId="8c84fa94-04c1-424b-9868-57a2d4851a1d" />
    <TestEntry testId="23a73682-88c5-1ad0-f1ce-37cc9f1c5b9b" executionId="71fb1ec5-1845-4b2d-958f-87840d7da7ee" testListId="8c84fa94-04c1-424b-9868-57a2d4851a1d" />
    <TestEntry testId="14276cf3-cb54-71d7-75a4-0432dd0108cc" executionId="a2d50b5a-24a7-4a4f-a5bf-98155e0f71a0" testListId="8c84fa94-04c1-424b-9868-57a2d4851a1d" />
    <TestEntry testId="5aedd5fc-6e17-7f4e-4088-a1dbc2888735" executionId="a8e10c4b-5dbe-45e5-ab36-acd9440ec8b7" testListId="8c84fa94-04c1-424b-9868-57a2d4851a1d" />
    <TestEntry testId="67f1d812-dc44-7d67-ecf2-49a10bb10c24" executionId="ca292aee-9580-40fb-8b64-84e209c0b687" testListId="8c84fa94-04c1-424b-9868-57a2d4851a1d" />
    <TestEntry testId="c0306586-5e4d-7479-3bc5-7acd0d2cb39d" executionId="bcf602c5-65bf-43ec-b1a5-3e93800936f0" testListId="8c84fa94-04c1-424b-9868-57a2d4851a1d" />
    <TestEntry testId="60a4f2fc-21e4-d84e-c9f8-dc1100117f6b" executionId="5b913795-444b-4804-a74d-948e5313dc7e" testListId="8c84fa94-04c1-424b-9868-57a2d4851a1d" />
    <TestEntry testId="635f756e-65a8-e183-e027-e166b8919f1d" executionId="4195a170-c19f-4974-89b3-8a935880bcec" testListId="8c84fa94-04c1-424b-9868-57a2d4851a1d" />
    <TestEntry testId="6890263a-ae2f-ecef-019f-cb7d43e6ccc1" executionId="8816f30e-3ace-4eb4-a5ea-68669399b182" testListId="8c84fa94-04c1-424b-9868-57a2d4851a1d" />
    <TestEntry testId="2860f4a0-dd6b-10b8-2a37-429d56772926" executionId="7e3cc853-10b7-4d66-bb69-54d9bcda13c0" testListId="8c84fa94-04c1-424b-9868-57a2d4851a1d" />
    <TestEntry testId="ea8923f4-7fbe-0bb9-0842-4d25d3e4363b" executionId="a802c1cd-797b-4bdf-9d35-057249a95eab" testListId="8c84fa94-04c1-424b-9868-57a2d4851a1d" />
    <TestEntry testId="a85566fb-1316-fb41-2674-0f92827f1ab3" executionId="f2086c60-cac5-4a13-b379-78299bad3daa" testListId="8c84fa94-04c1-424b-9868-57a2d4851a1d" />
    <TestEntry testId="030a1d48-6ee2-9e46-8411-65c392a9f663" executionId="366186d7-1e70-447f-b84c-ad1aadaa3247" testListId="8c84fa94-04c1-424b-9868-57a2d4851a1d" />
    <TestEntry testId="c7943e7e-45db-f17c-96a4-5860bae0bb32" executionId="88f75947-d89b-4c86-b19d-4bd6ee98c721" testListId="8c84fa94-04c1-424b-9868-57a2d4851a1d" />
    <TestEntry testId="9c651ed4-db40-5398-7aa3-0ccc46d81d4c" executionId="24edbfb3-0e22-4ebd-b2cc-caa75973542f" testListId="8c84fa94-04c1-424b-9868-57a2d4851a1d" />
    <TestEntry testId="eb3e9ad4-2f1b-942a-2414-6071eb2c4cb4" executionId="fd24eb25-c0bd-473e-b58a-3f93e3016bb2" testListId="8c84fa94-04c1-424b-9868-57a2d4851a1d" />
    <TestEntry testId="49fe99c0-898b-1be6-d4f0-07a5b695415a" executionId="b75eb6dd-b597-4439-a8bd-ba0f73224ba4" testListId="8c84fa94-04c1-424b-9868-57a2d4851a1d" />
  </TestEntries>
  <TestLists>
    <TestList name="Results Not in a List" id="8c84fa94-04c1-424b-9868-57a2d4851a1d" />
    <TestList name="All Loaded Results" id="19431567-8539-422a-85d7-44ee4e166bda" />
  </TestLists>
  <ResultSummary outcome="Completed">
    <Counters total="190" executed="189" passed="189" failed="0" error="0" timeout="0" aborted="0" inconclusive="0" passedButRunAborted="0" notRunnable="0" notExecuted="0" disconnected="0" warning="0" completed="0" inProgress="0" pending="0" />
    <Output>
      <StdOut>Test 'TryUpdateIfNewerTest' was skipped in the test run.</StdOut>
    </Output>
  </ResultSummary>
</TestRun>