<?xml version="1.0" encoding="UTF-8"?>
<TestRun id="97a1a854-62fa-4dd2-8069-9aed999d9044" name="bacemi@ICSWS068 2016-08-04 09:56:54" runUser="ICORE\bacemi" xmlns="http://microsoft.com/schemas/VisualStudio/TeamTest/2010">
  <Times creation="2016-08-04T09:56:54.9090383+02:00" queuing="2016-08-04T09:56:54.9090383+02:00" start="2016-08-04T09:56:54.3725941+02:00" finish="2016-08-04T09:56:55.0508148+02:00" />
  <TestSettings name="default" id="78aa5fde-b757-43a6-89d4-2ea0e684d81d">
    <Execution>
      <TestTypeSpecific />
    </Execution>
    <Deployment runDeploymentRoot="bacemi_ICSWS068 2016-08-04 09_56_54" />
    <Properties />
  </TestSettings>
  <Results>
    <UnitTestResult executionId="65c4e56a-b492-4943-9c7f-15ba317d3124" testId="0f6c328c-dfbf-3728-c975-c5709996f42f" testName="PreReq_SerializedObject_MatchesXSD" computerName="ICSWS068" duration="00:00:00.0871448" startTime="2016-08-04T09:56:54.3725941+02:00" endTime="2016-08-04T09:56:54.6447188+02:00" testType="13cdc9d9-ddb5-4fa4-a97d-d965ccfc6d4b" outcome="Passed" testListId="8c84fa94-04c1-424b-9868-57a2d4851a1d" relativeResultsDirectory="65c4e56a-b492-4943-9c7f-15ba317d3124" />
    <UnitTestResult executionId="b0b3dca5-6e62-4cbc-b73a-57908f898f11" testId="b936f39f-9a01-ee78-5090-a45c5acd360b" testName="PreReq_SerializedObject_MatchesOldSerializedObject" computerName="ICSWS068" duration="00:00:00.0011075" startTime="2016-08-04T09:56:54.6482038+02:00" endTime="2016-08-04T09:56:54.6507072+02:00" testType="13cdc9d9-ddb5-4fa4-a97d-d965ccfc6d4b" outcome="Passed" testListId="8c84fa94-04c1-424b-9868-57a2d4851a1d" relativeResultsDirectory="b0b3dca5-6e62-4cbc-b73a-57908f898f11" />
    <UnitTestResult executionId="151d282e-cae9-480d-8ecf-23095e454204" testId="a283e199-0c27-0e45-d7c8-13a7dfc9530e" testName="PreReq_XmlForWhichXSLTFits_IsValid" computerName="ICSWS068" duration="00:00:00.0019679" startTime="2016-08-04T09:56:54.6537122+02:00" endTime="2016-08-04T09:56:54.6577156+02:00" testType="13cdc9d9-ddb5-4fa4-a97d-d965ccfc6d4b" outcome="Passed" testListId="8c84fa94-04c1-424b-9868-57a2d4851a1d" relativeResultsDirectory="151d282e-cae9-480d-8ecf-23095e454204" />
    <UnitTestResult executionId="d1c10091-7125-42f9-89f8-35f9c5496ba1" testId="702a83fe-6aba-2365-ff3a-e15170877256" testName="Get_LicenseInfoObjectUsed_ReturnsNotNull" computerName="ICSWS068" duration="00:00:00.1937142" startTime="2016-08-04T09:56:54.6602179+02:00" endTime="2016-08-04T09:56:54.8554692+02:00" testType="13cdc9d9-ddb5-4fa4-a97d-d965ccfc6d4b" outcome="Passed" testListId="8c84fa94-04c1-424b-9868-57a2d4851a1d" relativeResultsDirectory="d1c10091-7125-42f9-89f8-35f9c5496ba1" />
  </Results>
  <TestDefinitions>
    <UnitTest name="PreReq_SerializedObject_MatchesXSD" storage="f:\etwork\bin\tests\unittests.icore.management.dll" id="0f6c328c-dfbf-3728-c975-c5709996f42f">
      <Execution id="65c4e56a-b492-4943-9c7f-15ba317d3124" />
      <TestMethod codeBase="F:\ETWork\bin\Tests\UnitTests.iCore.Management.dll" adapterTypeName="Microsoft.VisualStudio.TestTools.TestTypes.Unit.UnitTestAdapter" className="UnitTests.iCoreAdmin.LicenseInfoToHtmlConverterTests" name="PreReq_SerializedObject_MatchesXSD" />
    </UnitTest>
    <UnitTest name="PreReq_SerializedObject_MatchesOldSerializedObject" storage="f:\etwork\bin\tests\unittests.icore.management.dll" id="b936f39f-9a01-ee78-5090-a45c5acd360b">
      <Execution id="b0b3dca5-6e62-4cbc-b73a-57908f898f11" />
      <TestMethod codeBase="F:\ETWork\bin\Tests\UnitTests.iCore.Management.dll" adapterTypeName="Microsoft.VisualStudio.TestTools.TestTypes.Unit.UnitTestAdapter" className="UnitTests.iCoreAdmin.LicenseInfoToHtmlConverterTests" name="PreReq_SerializedObject_MatchesOldSerializedObject" />
    </UnitTest>
    <UnitTest name="PreReq_XmlForWhichXSLTFits_IsValid" storage="f:\etwork\bin\tests\unittests.icore.management.dll" id="a283e199-0c27-0e45-d7c8-13a7dfc9530e">
      <Execution id="151d282e-cae9-480d-8ecf-23095e454204" />
      <TestMethod codeBase="F:\ETWork\bin\Tests\UnitTests.iCore.Management.dll" adapterTypeName="Microsoft.VisualStudio.TestTools.TestTypes.Unit.UnitTestAdapter" className="UnitTests.iCoreAdmin.LicenseInfoToHtmlConverterTests" name="PreReq_XmlForWhichXSLTFits_IsValid" />
    </UnitTest>
    <UnitTest name="Get_LicenseInfoObjectUsed_ReturnsNotNull" storage="f:\etwork\bin\tests\unittests.icore.management.dll" id="702a83fe-6aba-2365-ff3a-e15170877256">
      <Execution id="d1c10091-7125-42f9-89f8-35f9c5496ba1" />
      <TestMethod codeBase="F:\ETWork\bin\Tests\UnitTests.iCore.Management.dll" adapterTypeName="Microsoft.VisualStudio.TestTools.TestTypes.Unit.UnitTestAdapter" className="UnitTests.iCoreAdmin.LicenseInfoToHtmlConverterTests" name="Get_LicenseInfoObjectUsed_ReturnsNotNull" />
    </UnitTest>
  </TestDefinitions>
  <TestEntries>
    <TestEntry testId="0f6c328c-dfbf-3728-c975-c5709996f42f" executionId="65c4e56a-b492-4943-9c7f-15ba317d3124" testListId="8c84fa94-04c1-424b-9868-57a2d4851a1d" />
    <TestEntry testId="b936f39f-9a01-ee78-5090-a45c5acd360b" executionId="b0b3dca5-6e62-4cbc-b73a-57908f898f11" testListId="8c84fa94-04c1-424b-9868-57a2d4851a1d" />
    <TestEntry testId="a283e199-0c27-0e45-d7c8-13a7dfc9530e" executionId="151d282e-cae9-480d-8ecf-23095e454204" testListId="8c84fa94-04c1-424b-9868-57a2d4851a1d" />
    <TestEntry testId="702a83fe-6aba-2365-ff3a-e15170877256" executionId="d1c10091-7125-42f9-89f8-35f9c5496ba1" testListId="8c84fa94-04c1-424b-9868-57a2d4851a1d" />
  </TestEntries>
  <TestLists>
    <TestList name="Results Not in a List" id="8c84fa94-04c1-424b-9868-57a2d4851a1d" />
    <TestList name="All Loaded Results" id="19431567-8539-422a-85d7-44ee4e166bda" />
  </TestLists>
  <ResultSummary outcome="Completed">
    <Counters total="4" executed="4" passed="4" failed="0" error="0" timeout="0" aborted="0" inconclusive="0" passedButRunAborted="0" notRunnable="0" notExecuted="0" disconnected="0" warning="0" completed="0" inProgress="0" pending="0" />
  </ResultSummary>
</TestRun>