<?xml version="1.0" encoding="UTF-8"?>
<TestRun id="9e24457c-a184-4ac9-aee4-49fb07191c24" name="bacemi@ICSWS068 2016-08-04 09:49:12" runUser="ICORE\bacemi" xmlns="http://microsoft.com/schemas/VisualStudio/TeamTest/2010">
  <Times creation="2016-08-04T09:49:12.8157854+02:00" queuing="2016-08-04T09:49:12.8157854+02:00" start="2016-08-04T09:49:11.9111926+02:00" finish="2016-08-04T09:49:12.9138556+02:00" />
  <TestSettings name="default" id="38b6385b-c839-4fe2-b693-b3516f16d9db">
    <Execution>
      <TestTypeSpecific />
    </Execution>
    <Deployment runDeploymentRoot="bacemi_ICSWS068 2016-08-04 09_49_12" />
    <Properties />
  </TestSettings>
  <Results>
    <UnitTestResult executionId="476d45db-0aee-438a-9d5f-e071c4f68eff" testId="bb7de241-766b-d545-48ad-a7e597d7b76f" testName="XmlSerialize_ExpectedXmlProduced" computerName="ICSWS068" duration="00:00:00.4064086" startTime="2016-08-04T09:49:11.9111926+02:00" endTime="2016-08-04T09:49:12.5130726+02:00" testType="13cdc9d9-ddb5-4fa4-a97d-d965ccfc6d4b" outcome="Passed" testListId="8c84fa94-04c1-424b-9868-57a2d4851a1d" relativeResultsDirectory="476d45db-0aee-438a-9d5f-e071c4f68eff" />
    <UnitTestResult executionId="6454abbc-4868-4f53-a426-e99dac9aa8bd" testId="bea73455-8eca-1298-1e3b-6d7ac7c6c29e" testName="XmlSerializeAndDeserialized_SerializedMDNPopulated" computerName="ICSWS068" duration="00:00:00.0252184" startTime="2016-08-04T09:49:12.5165738+02:00" endTime="2016-08-04T09:49:12.5430654+02:00" testType="13cdc9d9-ddb5-4fa4-a97d-d965ccfc6d4b" outcome="Passed" testListId="8c84fa94-04c1-424b-9868-57a2d4851a1d" relativeResultsDirectory="6454abbc-4868-4f53-a426-e99dac9aa8bd" />
    <UnitTestResult executionId="ca681b05-deed-4f78-aadd-36f8420e9607" testId="ad90e429-be31-1d4d-0ca3-c6ba938d5643" testName="XmlDeserialize_ExpectedObjectProduced" computerName="ICSWS068" duration="00:00:00.0042333" startTime="2016-08-04T09:49:12.5455659+02:00" endTime="2016-08-04T09:49:12.5515743+02:00" testType="13cdc9d9-ddb5-4fa4-a97d-d965ccfc6d4b" outcome="Passed" testListId="8c84fa94-04c1-424b-9868-57a2d4851a1d" relativeResultsDirectory="ca681b05-deed-4f78-aadd-36f8420e9607" />
    <UnitTestResult executionId="26a502c8-4351-4164-aac8-1b2d7b1f7456" testId="26894705-8252-6586-235d-71cae68632d4" testName="XmlDeserialize_NoErrorsInXml_ExpectedObjectProduced" computerName="ICSWS068" duration="00:00:00.0036506" startTime="2016-08-04T09:49:12.5540755+02:00" endTime="2016-08-04T09:49:12.5590786+02:00" testType="13cdc9d9-ddb5-4fa4-a97d-d965ccfc6d4b" outcome="Passed" testListId="8c84fa94-04c1-424b-9868-57a2d4851a1d" relativeResultsDirectory="26a502c8-4351-4164-aac8-1b2d7b1f7456" />
    <UnitTestResult executionId="6527c70e-0308-451c-8e02-7d8cf37586cc" testId="f121d5ca-552f-79e0-9b84-947a429aacb8" testName="XmlSerialize_ExpectedXmlProduced" computerName="ICSWS068" duration="00:00:00.0284166" startTime="2016-08-04T09:49:12.5615800+02:00" endTime="2016-08-04T09:49:12.5911012+02:00" testType="13cdc9d9-ddb5-4fa4-a97d-d965ccfc6d4b" outcome="Passed" testListId="8c84fa94-04c1-424b-9868-57a2d4851a1d" relativeResultsDirectory="6527c70e-0308-451c-8e02-7d8cf37586cc">
      <Output>
        <StdOut>&lt;?xml version="1.0" encoding="utf-16"?&gt;
&lt;AS2Message xmlns:xsi="http://www.w3.org/2001/XMLSchema-instance" xmlns:xsd="http://www.w3.org/2001/XMLSchema"&gt;
   &lt;AS2From&gt;from&lt;/AS2From&gt;
   &lt;AS2To&gt;to&lt;/AS2To&gt;
   &lt;MessageID&gt;&amp;lt;201605291159070181@36321231&amp;gt;&lt;/MessageID&gt;
   &lt;Charset&gt;utf-7&lt;/Charset&gt;
   &lt;HeaderEncoding&gt;QuotedPrintable&lt;/HeaderEncoding&gt;
   &lt;Date&gt;2016-05-29T12:00:00&lt;/Date&gt;
   &lt;Subject&gt;some subject&lt;/Subject&gt;
   &lt;ContentType&gt;application/xml&lt;/ContentType&gt;
   &lt;FileName&gt;smallXmlFile.xml&lt;/FileName&gt;
   &lt;FileCreated&gt;2016-05-29T12:00:00&lt;/FileCreated&gt;
   &lt;FileModified&gt;2016-05-29T12:00:00&lt;/FileModified&gt;
   &lt;MDNRequest&gt;
      &lt;Enabled&gt;true&lt;/Enabled&gt;
      &lt;Asyncronous&gt;true&lt;/Asyncronous&gt;
      &lt;DigestAlgorithm&gt;SHA1&lt;/DigestAlgorithm&gt;
      &lt;DigestAlgorithmRequired&gt;false&lt;/DigestAlgorithmRequired&gt;
      &lt;DigestAlgortihmOnly&gt;false&lt;/DigestAlgortihmOnly&gt;
      &lt;Signed&gt;false&lt;/Signed&gt;
      &lt;SignatureProtocol&gt;PKCS7&lt;/SignatureProtocol&gt;
      &lt;SignatureProtocolRequired&gt;false&lt;/SignatureProtocolRequired&gt;
   &lt;/MDNRequest&gt;
   &lt;Encryption&gt;
      &lt;Enabled&gt;false&lt;/Enabled&gt;
      &lt;Algorithm&gt;DES3&lt;/Algorithm&gt;
      &lt;KeySize&gt;192&lt;/KeySize&gt;
      &lt;Encoding&gt;Binary&lt;/Encoding&gt;
   &lt;/Encryption&gt;
   &lt;Compression&gt;
      &lt;Enabled&gt;false&lt;/Enabled&gt;
      &lt;Encoding&gt;Binary&lt;/Encoding&gt;
      &lt;Level&gt;6&lt;/Level&gt;
   &lt;/Compression&gt;
   &lt;Signature&gt;
      &lt;Enabled&gt;false&lt;/Enabled&gt;
      &lt;DigestAlgorithm&gt;SHA1&lt;/DigestAlgorithm&gt;
      &lt;Encoding&gt;Binary&lt;/Encoding&gt;
      &lt;IncludeCertificateChain&gt;false&lt;/IncludeCertificateChain&gt;
      &lt;SigningTime&gt;2016-05-29T12:04:46&lt;/SigningTime&gt;
   &lt;/Signature&gt;
&lt;/AS2Message&gt;</StdOut>
      </Output>
    </UnitTestResult>
    <UnitTestResult executionId="e69b2fac-68c8-49cf-b324-d6b144f15f8d" testId="123083d6-6bfe-1dc7-82b4-8205b5a119ca" testName="XmlDeserialize_ExpectedObjectProduced" computerName="ICSWS068" duration="00:00:00.0141594" startTime="2016-08-04T09:49:12.5936026+02:00" endTime="2016-08-04T09:49:12.6091138+02:00" testType="13cdc9d9-ddb5-4fa4-a97d-d965ccfc6d4b" outcome="Passed" testListId="8c84fa94-04c1-424b-9868-57a2d4851a1d" relativeResultsDirectory="e69b2fac-68c8-49cf-b324-d6b144f15f8d" />
  </Results>
  <TestDefinitions>
    <UnitTest name="XmlSerialize_ExpectedXmlProduced" storage="f:\etwork\bin\tests\intgtests.icore.public.as2.dll" id="bb7de241-766b-d545-48ad-a7e597d7b76f">
      <TestCategory>
        <TestCategoryItem TestCategory="AS2" />
      </TestCategory>
      <Execution id="476d45db-0aee-438a-9d5f-e071c4f68eff" />
      <TestMethod codeBase="F:\ETWork\bin\Tests\IntgTests.iCore.Public.AS2.dll" adapterTypeName="Microsoft.VisualStudio.TestTools.TestTypes.Unit.UnitTestAdapter" className="UnitTests.iCore.Public.AS2.AS2MDNTests" name="XmlSerialize_ExpectedXmlProduced" />
    </UnitTest>
    <UnitTest name="XmlSerializeAndDeserialized_SerializedMDNPopulated" storage="f:\etwork\bin\tests\intgtests.icore.public.as2.dll" id="bea73455-8eca-1298-1e3b-6d7ac7c6c29e">
      <TestCategory>
        <TestCategoryItem TestCategory="AS2" />
      </TestCategory>
      <Execution id="6454abbc-4868-4f53-a426-e99dac9aa8bd" />
      <TestMethod codeBase="F:\ETWork\bin\Tests\IntgTests.iCore.Public.AS2.dll" adapterTypeName="Microsoft.VisualStudio.TestTools.TestTypes.Unit.UnitTestAdapter" className="UnitTests.iCore.Public.AS2.AS2MDNTests" name="XmlSerializeAndDeserialized_SerializedMDNPopulated" />
    </UnitTest>
    <UnitTest name="XmlDeserialize_ExpectedObjectProduced" storage="f:\etwork\bin\tests\intgtests.icore.public.as2.dll" id="ad90e429-be31-1d4d-0ca3-c6ba938d5643">
      <TestCategory>
        <TestCategoryItem TestCategory="AS2" />
      </TestCategory>
      <Execution id="ca681b05-deed-4f78-aadd-36f8420e9607" />
      <TestMethod codeBase="F:\ETWork\bin\Tests\IntgTests.iCore.Public.AS2.dll" adapterTypeName="Microsoft.VisualStudio.TestTools.TestTypes.Unit.UnitTestAdapter" className="UnitTests.iCore.Public.AS2.AS2MDNTests" name="XmlDeserialize_ExpectedObjectProduced" />
    </UnitTest>
    <UnitTest name="XmlDeserialize_NoErrorsInXml_ExpectedObjectProduced" storage="f:\etwork\bin\tests\intgtests.icore.public.as2.dll" id="26894705-8252-6586-235d-71cae68632d4">
      <TestCategory>
        <TestCategoryItem TestCategory="AS2" />
      </TestCategory>
      <Execution id="26a502c8-4351-4164-aac8-1b2d7b1f7456" />
      <TestMethod codeBase="F:\ETWork\bin\Tests\IntgTests.iCore.Public.AS2.dll" adapterTypeName="Microsoft.VisualStudio.TestTools.TestTypes.Unit.UnitTestAdapter" className="UnitTests.iCore.Public.AS2.AS2MDNTests" name="XmlDeserialize_NoErrorsInXml_ExpectedObjectProduced" />
    </UnitTest>
    <UnitTest name="XmlSerialize_ExpectedXmlProduced" storage="f:\etwork\bin\tests\intgtests.icore.public.as2.dll" id="f121d5ca-552f-79e0-9b84-947a429aacb8">
      <TestCategory>
        <TestCategoryItem TestCategory="AS2" />
      </TestCategory>
      <Execution id="6527c70e-0308-451c-8e02-7d8cf37586cc" />
      <TestMethod codeBase="F:\ETWork\bin\Tests\IntgTests.iCore.Public.AS2.dll" adapterTypeName="Microsoft.VisualStudio.TestTools.TestTypes.Unit.UnitTestAdapter" className="UnitTests.iCore.Public.AS2.AS2MessageTests" name="XmlSerialize_ExpectedXmlProduced" />
    </UnitTest>
    <UnitTest name="XmlDeserialize_ExpectedObjectProduced" storage="f:\etwork\bin\tests\intgtests.icore.public.as2.dll" id="123083d6-6bfe-1dc7-82b4-8205b5a119ca">
      <TestCategory>
        <TestCategoryItem TestCategory="AS2" />
      </TestCategory>
      <Execution id="e69b2fac-68c8-49cf-b324-d6b144f15f8d" />
      <TestMethod codeBase="F:\ETWork\bin\Tests\IntgTests.iCore.Public.AS2.dll" adapterTypeName="Microsoft.VisualStudio.TestTools.TestTypes.Unit.UnitTestAdapter" className="UnitTests.iCore.Public.AS2.AS2MessageTests" name="XmlDeserialize_ExpectedObjectProduced" />
    </UnitTest>
  </TestDefinitions>
  <TestEntries>
    <TestEntry testId="bb7de241-766b-d545-48ad-a7e597d7b76f" executionId="476d45db-0aee-438a-9d5f-e071c4f68eff" testListId="8c84fa94-04c1-424b-9868-57a2d4851a1d" />
    <TestEntry testId="bea73455-8eca-1298-1e3b-6d7ac7c6c29e" executionId="6454abbc-4868-4f53-a426-e99dac9aa8bd" testListId="8c84fa94-04c1-424b-9868-57a2d4851a1d" />
    <TestEntry testId="ad90e429-be31-1d4d-0ca3-c6ba938d5643" executionId="ca681b05-deed-4f78-aadd-36f8420e9607" testListId="8c84fa94-04c1-424b-9868-57a2d4851a1d" />
    <TestEntry testId="26894705-8252-6586-235d-71cae68632d4" executionId="26a502c8-4351-4164-aac8-1b2d7b1f7456" testListId="8c84fa94-04c1-424b-9868-57a2d4851a1d" />
    <TestEntry testId="f121d5ca-552f-79e0-9b84-947a429aacb8" executionId="6527c70e-0308-451c-8e02-7d8cf37586cc" testListId="8c84fa94-04c1-424b-9868-57a2d4851a1d" />
    <TestEntry testId="123083d6-6bfe-1dc7-82b4-8205b5a119ca" executionId="e69b2fac-68c8-49cf-b324-d6b144f15f8d" testListId="8c84fa94-04c1-424b-9868-57a2d4851a1d" />
  </TestEntries>
  <TestLists>
    <TestList name="Results Not in a List" id="8c84fa94-04c1-424b-9868-57a2d4851a1d" />
    <TestList name="All Loaded Results" id="19431567-8539-422a-85d7-44ee4e166bda" />
  </TestLists>
  <ResultSummary outcome="Completed">
    <Counters total="6" executed="6" passed="6" failed="0" error="0" timeout="0" aborted="0" inconclusive="0" passedButRunAborted="0" notRunnable="0" notExecuted="0" disconnected="0" warning="0" completed="0" inProgress="0" pending="0" />
  </ResultSummary>
</TestRun>