<?xml version="1.0" encoding="UTF-8"?>
<TestRun id="0d8812e2-5e16-443b-bdd9-df1ccf4a56ef" name="bacemi@ICSWS068 2016-08-04 09:59:08" runUser="ICORE\bacemi" xmlns="http://microsoft.com/schemas/VisualStudio/TeamTest/2010">
  <Times creation="2016-08-04T09:59:08.5421199+02:00" queuing="2016-08-04T09:59:08.5421199+02:00" start="2016-08-04T09:59:07.7248142+02:00" finish="2016-08-04T09:59:13.8778650+02:00" />
  <TestSettings name="default" id="629da654-dd53-4207-bb8a-bdd6fbf5aa74">
    <Execution>
      <TestTypeSpecific />
    </Execution>
    <Deployment runDeploymentRoot="bacemi_ICSWS068 2016-08-04 09_59_08" />
    <Properties />
  </TestSettings>
  <Results>
    <UnitTestResult executionId="2736c61e-b17e-4354-bc0e-594242f82089" testId="76593a16-1858-f93c-e513-cf8810960c6c" testName="Invoke_NormalExecution_Success" computerName="ICSWS068" duration="00:00:00.2260929" startTime="2016-08-04T09:59:07.7248142+02:00" endTime="2016-08-04T09:59:08.3033683+02:00" testType="13cdc9d9-ddb5-4fa4-a97d-d965ccfc6d4b" outcome="Passed" testListId="8c84fa94-04c1-424b-9868-57a2d4851a1d" relativeResultsDirectory="2736c61e-b17e-4354-bc0e-594242f82089">
      <Output>
        <StdOut>Debug Trace:
0: WorkflowInstance "CloseSftpFtpConnectionActivity" is Started
1: Activity [null] "null" scheduled child activity [1] "CloseSftpFtpConnectionActivity"
2: Activity [1] "CloseSftpFtpConnectionActivity" is Executing
{
    Arguments
        Connection: Mock&lt;iCore.Public.Ftp.IFileTransferConnection:6dee&gt;.Object
}
3: Activity [1] "CloseSftpFtpConnectionActivity" is Closed
{
    Arguments
        Connection: Mock&lt;iCore.Public.Ftp.IFileTransferConnection:6dee&gt;.Object
}
4: WorkflowInstance "CloseSftpFtpConnectionActivity" is Completed</StdOut>
      </Output>
    </UnitTestResult>
    <UnitTestResult executionId="01117375-80ad-4520-95ae-2dd261be2612" testId="418de1e4-c93f-04a6-4bc0-454b96f85d99" testName="Invoke_ConnectionIsDisposed_Success" computerName="ICSWS068" duration="00:00:00.0055497" startTime="2016-08-04T09:59:08.3068726+02:00" endTime="2016-08-04T09:59:08.3138793+02:00" testType="13cdc9d9-ddb5-4fa4-a97d-d965ccfc6d4b" outcome="Passed" testListId="8c84fa94-04c1-424b-9868-57a2d4851a1d" relativeResultsDirectory="01117375-80ad-4520-95ae-2dd261be2612">
      <Output>
        <StdOut>Debug Trace:
0: WorkflowInstance "CloseSftpFtpConnectionActivity" is Started
1: Activity [null] "null" scheduled child activity [1] "CloseSftpFtpConnectionActivity"
2: Activity [1] "CloseSftpFtpConnectionActivity" is Executing
{
    Arguments
        Connection: Mock&lt;iCore.Public.Ftp.IFileTransferConnection:26a4&gt;.Object
}
3: WorkflowInstance "CloseSftpFtpConnectionActivity" is Idle
4: Activity [1] "CloseSftpFtpConnectionActivity" is Closed
{
    Arguments
        Connection: Mock&lt;iCore.Public.Ftp.IFileTransferConnection:26a4&gt;.Object
}
5: WorkflowInstance "CloseSftpFtpConnectionActivity" is Completed</StdOut>
      </Output>
    </UnitTestResult>
    <UnitTestResult executionId="3306e6ab-5185-44b1-9554-114f02cd9b1d" testId="a0edeb50-f23d-a41a-bcc7-6f50647124c3" testName="Invoke_ConnectionIsNull_Success" computerName="ICSWS068" duration="00:00:00.0044649" startTime="2016-08-04T09:59:08.3173801+02:00" endTime="2016-08-04T09:59:08.3233858+02:00" testType="13cdc9d9-ddb5-4fa4-a97d-d965ccfc6d4b" outcome="Passed" testListId="8c84fa94-04c1-424b-9868-57a2d4851a1d" relativeResultsDirectory="3306e6ab-5185-44b1-9554-114f02cd9b1d">
      <Output>
        <StdOut>Debug Trace:
0: WorkflowInstance "CloseSftpFtpConnectionActivity" is Started
1: Activity [null] "null" scheduled child activity [1] "CloseSftpFtpConnectionActivity"
2: Activity [1] "CloseSftpFtpConnectionActivity" is Executing
{
    Arguments
        Connection: 
}
3: Activity [1] "CloseSftpFtpConnectionActivity" is Faulted
{
    Arguments
        Connection: 
}
4: Fault source [1] "CloseSftpFtpConnectionActivity"
5: WorkflowInstance "CloseSftpFtpConnectionActivity" Unhandled Exception Source "CloseSftpFtpConnectionActivity" Exception &lt;System.ArgumentNullException: Connection is null.
Parameter name: Connection
   at iCore.Workflow.Activities.Ftp.CloseSftpFtpConnectionActivity.BeginExecute(AsyncCodeActivityContext context, AsyncCallback callback, Object state)
   at System.Activities.AsyncCodeActivity.InternalExecute(ActivityInstance instance, ActivityExecutor executor, BookmarkManager bookmarkManager)
   at System.Activities.ActivityInstance.Execute(ActivityExecutor executor, BookmarkManager bookmarkManager)
   at System.Activities.Runtime.ActivityExecutor.ExecuteActivityWorkItem.ExecuteBody(ActivityExecutor executor, BookmarkManager bookmarkManager, Location resultLocation)&gt;</StdOut>
      </Output>
    </UnitTestResult>
    <UnitTestResult executionId="5fb65775-e77a-471d-bea2-b6dcbf374995" testId="f595ec16-421c-c558-556f-18ad9da31195" testName="Invoke_RequiredInArgumentIsMissing_UnhandledArgumentException" computerName="ICSWS068" duration="00:00:00.0033515" startTime="2016-08-04T09:59:08.3263884+02:00" endTime="2016-08-04T09:59:08.3308913+02:00" testType="13cdc9d9-ddb5-4fa4-a97d-d965ccfc6d4b" outcome="Passed" testListId="8c84fa94-04c1-424b-9868-57a2d4851a1d" relativeResultsDirectory="5fb65775-e77a-471d-bea2-b6dcbf374995" />
    <UnitTestResult executionId="79d20294-401c-434b-9a1f-4138dcf74e97" testId="8786f2d4-05bc-8b1f-6654-5d12cf0cbe42" testName="Invoke_SetAllArguments_ExpectedConfigurationReturned" computerName="ICSWS068" duration="00:00:00.1259815" startTime="2016-08-04T09:59:08.3343939+02:00" endTime="2016-08-04T09:59:08.4619433+02:00" testType="13cdc9d9-ddb5-4fa4-a97d-d965ccfc6d4b" outcome="Passed" testListId="8c84fa94-04c1-424b-9868-57a2d4851a1d" relativeResultsDirectory="79d20294-401c-434b-9a1f-4138dcf74e97">
      <Output>
        <StdOut>Debug Trace:
0: WorkflowInstance "CreateSftpFtpReaderConfigurationActivity" is Started
1: Activity [null] "null" scheduled child activity [1] "CreateSftpFtpReaderConfigurationActivity"
2: Activity [1] "CreateSftpFtpReaderConfigurationActivity" is Executing
{
    Arguments
        FilterOptions: IgnoreCase
        ScanFilterOptions: FilterOnClient
        Filter: w\.*
        ScanInterval: 15
        ScanDirectory: /test
        SettleTime: 500
        ScanFilter: *.txt
}
3: Activity [1] "CreateSftpFtpReaderConfigurationActivity" is Closed
{
    Arguments
        FilterOptions: IgnoreCase
        ScanFilterOptions: FilterOnClient
        Filter: w\.*
        ScanInterval: 15
        Result: iCore.Workflow.Activities.Filesystem.FileReaderConfiguration
        ScanDirectory: /test
        SettleTime: 500
        ScanFilter: *.txt
}
4: WorkflowInstance "CreateSftpFtpReaderConfigurationActivity" is Completed</StdOut>
      </Output>
    </UnitTestResult>
    <UnitTestResult executionId="0c5b6def-642b-4a91-9d1e-b3cd4c9d6a5d" testId="83918793-f77e-261f-ccd0-dcaa90a6ec02" testName="Invoke_SetOnlyRequiredArguments_Success" computerName="ICSWS068" duration="00:00:00.0024958" startTime="2016-08-04T09:59:08.4649462+02:00" endTime="2016-08-04T09:59:08.4689482+02:00" testType="13cdc9d9-ddb5-4fa4-a97d-d965ccfc6d4b" outcome="Passed" testListId="8c84fa94-04c1-424b-9868-57a2d4851a1d" relativeResultsDirectory="0c5b6def-642b-4a91-9d1e-b3cd4c9d6a5d">
      <Output>
        <StdOut>Debug Trace:
0: WorkflowInstance "CreateSftpFtpReaderConfigurationActivity" is Started
1: Activity [null] "null" scheduled child activity [1] "CreateSftpFtpReaderConfigurationActivity"
2: Activity [1] "CreateSftpFtpReaderConfigurationActivity" is Executing
{
    Arguments
        FilterOptions: None
        ScanFilterOptions: FilterOnServer
        Filter: 
        ScanInterval: 10
        ScanDirectory: /test
        SettleTime: 600
        ScanFilter: *
}
3: Activity [1] "CreateSftpFtpReaderConfigurationActivity" is Closed
{
    Arguments
        FilterOptions: None
        ScanFilterOptions: FilterOnServer
        Filter: 
        ScanInterval: 10
        Result: iCore.Workflow.Activities.Filesystem.FileReaderConfiguration
        ScanDirectory: /test
        SettleTime: 600
        ScanFilter: *
}
4: WorkflowInstance "CreateSftpFtpReaderConfigurationActivity" is Completed</StdOut>
      </Output>
    </UnitTestResult>
    <UnitTestResult executionId="4d497086-de7d-4e6c-9966-e78285e781f9" testId="bc001b95-36d5-a530-9804-89a9c733b75d" testName="Invoke_SetOnlyRequiredArguments_DefaultValuesAreCorrect" computerName="ICSWS068" duration="00:00:00.0044491" startTime="2016-08-04T09:59:08.4714499+02:00" endTime="2016-08-04T09:59:08.4769539+02:00" testType="13cdc9d9-ddb5-4fa4-a97d-d965ccfc6d4b" outcome="Passed" testListId="8c84fa94-04c1-424b-9868-57a2d4851a1d" relativeResultsDirectory="4d497086-de7d-4e6c-9966-e78285e781f9">
      <Output>
        <StdOut>Debug Trace:
0: WorkflowInstance "CreateSftpFtpReaderConfigurationActivity" is Started
1: Activity [null] "null" scheduled child activity [1] "CreateSftpFtpReaderConfigurationActivity"
2: Activity [1] "CreateSftpFtpReaderConfigurationActivity" is Executing
{
    Arguments
        FilterOptions: None
        ScanFilterOptions: FilterOnServer
        Filter: 
        ScanInterval: 10
        ScanDirectory: /test
        SettleTime: 600
        ScanFilter: *
}
3: Activity [1] "CreateSftpFtpReaderConfigurationActivity" is Closed
{
    Arguments
        FilterOptions: None
        ScanFilterOptions: FilterOnServer
        Filter: 
        ScanInterval: 10
        Result: iCore.Workflow.Activities.Filesystem.FileReaderConfiguration
        ScanDirectory: /test
        SettleTime: 600
        ScanFilter: *
}
4: WorkflowInstance "CreateSftpFtpReaderConfigurationActivity" is Completed</StdOut>
      </Output>
    </UnitTestResult>
    <UnitTestResult executionId="984a0eb1-1632-4771-911c-787dd3e28897" testId="248b9440-63e6-96c4-0c19-a321c8b1ffbc" testName="Invoke_RequiredArgumentServerDirectoryMissing_ThrowsArgumentException" computerName="ICSWS068" duration="00:00:00.0022146" startTime="2016-08-04T09:59:08.4819570+02:00" endTime="2016-08-04T09:59:08.4854599+02:00" testType="13cdc9d9-ddb5-4fa4-a97d-d965ccfc6d4b" outcome="Passed" testListId="8c84fa94-04c1-424b-9868-57a2d4851a1d" relativeResultsDirectory="984a0eb1-1632-4771-911c-787dd3e28897" />
    <UnitTestResult executionId="c1490196-719f-4d8f-b7db-19683a6566d3" testId="57d8ab00-e257-ad7c-2055-2b3d5453c93b" testName="Invoke_RequiredArgumentServerDirectoryIsEmpty_ThrowsArgumentException" computerName="ICSWS068" duration="00:00:00.0028448" startTime="2016-08-04T09:59:08.4884631+02:00" endTime="2016-08-04T09:59:08.4924660+02:00" testType="13cdc9d9-ddb5-4fa4-a97d-d965ccfc6d4b" outcome="Passed" testListId="8c84fa94-04c1-424b-9868-57a2d4851a1d" relativeResultsDirectory="c1490196-719f-4d8f-b7db-19683a6566d3">
      <Output>
        <StdOut>Debug Trace:
0: WorkflowInstance "CreateSftpFtpReaderConfigurationActivity" is Started
1: Activity [null] "null" scheduled child activity [1] "CreateSftpFtpReaderConfigurationActivity"
2: Activity [1] "CreateSftpFtpReaderConfigurationActivity" is Executing
{
    Arguments
        FilterOptions: None
        ScanFilterOptions: FilterOnServer
        Filter: 
        ScanInterval: 15
        ScanDirectory: 
        SettleTime: 500
        ScanFilter: *
}
3: Activity [1] "CreateSftpFtpReaderConfigurationActivity" is Faulted
{
    Arguments
        FilterOptions: None
        ScanFilterOptions: FilterOnServer
        Filter: 
        ScanInterval: 15
        Result: 
        ScanDirectory: 
        SettleTime: 500
        ScanFilter: *
}
4: Fault source [1] "CreateSftpFtpReaderConfigurationActivity"
5: WorkflowInstance "CreateSftpFtpReaderConfigurationActivity" Unhandled Exception Source "CreateSftpFtpReaderConfigurationActivity" Exception &lt;System.ArgumentException: Scan Directory is Null (Nothing in VB) or empty.
   at iCore.Workflow.Activities.Ftp.CreateSftpFtpReaderConfigurationActivity.Execute(CodeActivityContext context)
   at System.Activities.CodeActivity`1.InternalExecute(ActivityInstance instance, ActivityExecutor executor, BookmarkManager bookmarkManager)
   at System.Activities.ActivityInstance.Execute(ActivityExecutor executor, BookmarkManager bookmarkManager)
   at System.Activities.Runtime.ActivityExecutor.ExecuteActivityWorkItem.ExecuteBody(ActivityExecutor executor, BookmarkManager bookmarkManager, Location resultLocation)&gt;
6: WorkflowInstance Aborted [CreateSftpFtpReaderConfigurationActivity] Reason "Scan Directory is Null (Nothing in VB) or empty."</StdOut>
      </Output>
    </UnitTestResult>
    <UnitTestResult executionId="60eec002-5622-47a2-8f62-0f9cb5cb4df0" testId="ed5c90a7-f29a-9d8d-e968-28bfc43ad3dc" testName="Invoke_RequiredArgumentServerDirectoryIsNull_ThrowsArgumentException" computerName="ICSWS068" duration="00:00:00.0020442" startTime="2016-08-04T09:59:08.4949691+02:00" endTime="2016-08-04T09:59:08.4984729+02:00" testType="13cdc9d9-ddb5-4fa4-a97d-d965ccfc6d4b" outcome="Passed" testListId="8c84fa94-04c1-424b-9868-57a2d4851a1d" relativeResultsDirectory="60eec002-5622-47a2-8f62-0f9cb5cb4df0">
      <Output>
        <StdOut>Debug Trace:
0: WorkflowInstance "CreateSftpFtpReaderConfigurationActivity" is Started
1: Activity [null] "null" scheduled child activity [1] "CreateSftpFtpReaderConfigurationActivity"
2: Activity [1] "CreateSftpFtpReaderConfigurationActivity" is Executing
{
    Arguments
        FilterOptions: None
        ScanFilterOptions: FilterOnServer
        Filter: 
        ScanInterval: 15
        ScanDirectory: 
        SettleTime: 500
        ScanFilter: *
}
3: Activity [1] "CreateSftpFtpReaderConfigurationActivity" is Faulted
{
    Arguments
        FilterOptions: None
        ScanFilterOptions: FilterOnServer
        Filter: 
        ScanInterval: 15
        Result: 
        ScanDirectory: 
        SettleTime: 500
        ScanFilter: *
}
4: Fault source [1] "CreateSftpFtpReaderConfigurationActivity"
5: WorkflowInstance "CreateSftpFtpReaderConfigurationActivity" Unhandled Exception Source "CreateSftpFtpReaderConfigurationActivity" Exception &lt;System.ArgumentException: Scan Directory is Null (Nothing in VB) or empty.
   at iCore.Workflow.Activities.Ftp.CreateSftpFtpReaderConfigurationActivity.Execute(CodeActivityContext context)
   at System.Activities.CodeActivity`1.InternalExecute(ActivityInstance instance, ActivityExecutor executor, BookmarkManager bookmarkManager)
   at System.Activities.ActivityInstance.Execute(ActivityExecutor executor, BookmarkManager bookmarkManager)
   at System.Activities.Runtime.ActivityExecutor.ExecuteActivityWorkItem.ExecuteBody(ActivityExecutor executor, BookmarkManager bookmarkManager, Location resultLocation)&gt;
6: WorkflowInstance Aborted [CreateSftpFtpReaderConfigurationActivity] Reason "Scan Directory is Null (Nothing in VB) or empty."</StdOut>
      </Output>
    </UnitTestResult>
    <UnitTestResult executionId="2503a960-6034-4710-a89c-ec8d58d9c5bb" testId="f10f7393-9afb-bdc3-e0c9-a23340046aa9" testName="Invoke_RequiredArgumentScanIntervalMissing_ThrowsArgumentException" computerName="ICSWS068" duration="00:00:00.0016803" startTime="2016-08-04T09:59:08.5014746+02:00" endTime="2016-08-04T09:59:08.5044655+02:00" testType="13cdc9d9-ddb5-4fa4-a97d-d965ccfc6d4b" outcome="Passed" testListId="8c84fa94-04c1-424b-9868-57a2d4851a1d" relativeResultsDirectory="2503a960-6034-4710-a89c-ec8d58d9c5bb" />
    <UnitTestResult executionId="b170c41f-a7f0-4e63-924a-869cfc4d3027" testId="69688e71-aa85-c3cf-5897-24d084b1c12b" testName="Invoke_RequiredArgumentSettleTimeMissing_ThrowsArgumentException" computerName="ICSWS068" duration="00:00:00.0015671" startTime="2016-08-04T09:59:08.5069689+02:00" endTime="2016-08-04T09:59:08.5099853+02:00" testType="13cdc9d9-ddb5-4fa4-a97d-d965ccfc6d4b" outcome="Passed" testListId="8c84fa94-04c1-424b-9868-57a2d4851a1d" relativeResultsDirectory="b170c41f-a7f0-4e63-924a-869cfc4d3027" />
    <UnitTestResult executionId="6ff45f20-acf6-4ded-8e66-1ebadf42f3c0" testId="60771c8e-b489-fbd7-2146-21aaa7f37e8a" testName="Invoke_FilterIsNotAValidRegex_ThrowsArgumentException" computerName="ICSWS068" duration="00:00:00.0020389" startTime="2016-08-04T09:59:08.5124729+02:00" endTime="2016-08-04T09:59:08.5158840+02:00" testType="13cdc9d9-ddb5-4fa4-a97d-d965ccfc6d4b" outcome="Passed" testListId="8c84fa94-04c1-424b-9868-57a2d4851a1d" relativeResultsDirectory="6ff45f20-acf6-4ded-8e66-1ebadf42f3c0">
      <Output>
        <StdOut>Debug Trace:
0: WorkflowInstance "CreateSftpFtpReaderConfigurationActivity" is Started
1: Activity [null] "null" scheduled child activity [1] "CreateSftpFtpReaderConfigurationActivity"
2: Activity [1] "CreateSftpFtpReaderConfigurationActivity" is Executing
{
    Arguments
        FilterOptions: IgnoreCase
        ScanFilterOptions: FilterOnClient
        Filter: [
        ScanInterval: 15
        ScanDirectory: /test
        SettleTime: 500
        ScanFilter: *.txt
}
3: Activity [1] "CreateSftpFtpReaderConfigurationActivity" is Faulted
{
    Arguments
        FilterOptions: IgnoreCase
        ScanFilterOptions: FilterOnClient
        Filter: [
        ScanInterval: 15
        Result: 
        ScanDirectory: /test
        SettleTime: 500
        ScanFilter: *.txt
}
4: Fault source [1] "CreateSftpFtpReaderConfigurationActivity"
5: WorkflowInstance "CreateSftpFtpReaderConfigurationActivity" Unhandled Exception Source "CreateSftpFtpReaderConfigurationActivity" Exception &lt;System.ArgumentException: Filter and FilterOptions results in an invalid regular expression: parsing "[" - Unterminated [] set.
   at iCore.Workflow.Activities.Ftp.CreateSftpFtpReaderConfigurationActivity.Execute(CodeActivityContext context)
   at System.Activities.CodeActivity`1.InternalExecute(ActivityInstance instance, ActivityExecutor executor, BookmarkManager bookmarkManager)
   at System.Activities.ActivityInstance.Execute(ActivityExecutor executor, BookmarkManager bookmarkManager)
   at System.Activities.Runtime.ActivityExecutor.ExecuteActivityWorkItem.ExecuteBody(ActivityExecutor executor, BookmarkManager bookmarkManager, Location resultLocation)&gt;
6: WorkflowInstance Aborted [CreateSftpFtpReaderConfigurationActivity] Reason "Filter and FilterOptions results in an invalid regular expression: parsing "[" - Unterminated [] set."</StdOut>
      </Output>
    </UnitTestResult>
    <UnitTestResult executionId="07803dc1-fd25-4b07-9cdf-66369bc74ac4" testId="3ec59592-9c8a-e56d-2f6d-1d720f35cc84" testName="Invoke_AllValidInputArguments_Succeeds" computerName="ICSWS068" duration="00:00:00.2274175" startTime="2016-08-04T09:59:08.5198869+02:00" endTime="2016-08-04T09:59:08.7486686+02:00" testType="13cdc9d9-ddb5-4fa4-a97d-d965ccfc6d4b" outcome="Passed" testListId="8c84fa94-04c1-424b-9868-57a2d4851a1d" relativeResultsDirectory="07803dc1-fd25-4b07-9cdf-66369bc74ac4" />
    <UnitTestResult executionId="454f068e-bccc-41f4-82e5-c4b625f9770e" testId="00adb31e-3187-ace0-bab9-7c9991adee9a" testName="Invoke_RequiredValidInputArgumentsWithoutDefaultValues_CorrectDefaultsAreReturned" computerName="ICSWS068" duration="00:00:00.0234730" startTime="2016-08-04T09:59:08.7511689+02:00" endTime="2016-08-04T09:59:08.7762212+02:00" testType="13cdc9d9-ddb5-4fa4-a97d-d965ccfc6d4b" outcome="Passed" testListId="8c84fa94-04c1-424b-9868-57a2d4851a1d" relativeResultsDirectory="454f068e-bccc-41f4-82e5-c4b625f9770e" />
    <UnitTestResult executionId="4b8d0775-b41f-4507-8f6b-3cc1234bfeeb" testId="aae560f8-3ce9-c6fe-e199-95b7be0a232f" testName="Invoke_RequiredArgumentServerIsMissing_ThrowsArgumentException" computerName="ICSWS068" duration="00:00:00.0208754" startTime="2016-08-04T09:59:08.7789247+02:00" endTime="2016-08-04T09:59:08.8009455+02:00" testType="13cdc9d9-ddb5-4fa4-a97d-d965ccfc6d4b" outcome="Passed" testListId="8c84fa94-04c1-424b-9868-57a2d4851a1d" relativeResultsDirectory="4b8d0775-b41f-4507-8f6b-3cc1234bfeeb" />
    <UnitTestResult executionId="abfc77d9-1ad5-4d6c-825c-80a17aaa9537" testId="8e3ef701-00f3-62ba-f714-e6c59b9b7c30" testName="Invoke_RequiredArgumentUserIsMissing_ThrowsArgumentException" computerName="ICSWS068" duration="00:00:00.0206863" startTime="2016-08-04T09:59:08.8039536+02:00" endTime="2016-08-04T09:59:08.8262538+02:00" testType="13cdc9d9-ddb5-4fa4-a97d-d965ccfc6d4b" outcome="Passed" testListId="8c84fa94-04c1-424b-9868-57a2d4851a1d" relativeResultsDirectory="abfc77d9-1ad5-4d6c-825c-80a17aaa9537" />
    <UnitTestResult executionId="5d215fc7-e16c-4f83-ab5c-7b6532a3f9f3" testId="93ee21f3-ee70-54e6-a231-c694e25623cd" testName="Invoke_ArgumentServerIsNull_ThrowsArgumentException" computerName="ICSWS068" duration="00:00:00.0215845" startTime="2016-08-04T09:59:08.8292514+02:00" endTime="2016-08-04T09:59:08.8518886+02:00" testType="13cdc9d9-ddb5-4fa4-a97d-d965ccfc6d4b" outcome="Passed" testListId="8c84fa94-04c1-424b-9868-57a2d4851a1d" relativeResultsDirectory="5d215fc7-e16c-4f83-ab5c-7b6532a3f9f3" />
    <UnitTestResult executionId="21a2dd2d-48f5-4e63-8d6a-0ea5958bd042" testId="fdb4204c-982b-4ea1-ebc1-9975e15267a6" testName="Invoke_ArgumentUserIsNull_ThrowsArgumentException" computerName="ICSWS068" duration="00:00:00.0221461" startTime="2016-08-04T09:59:08.8547152+02:00" endTime="2016-08-04T09:59:08.8782321+02:00" testType="13cdc9d9-ddb5-4fa4-a97d-d965ccfc6d4b" outcome="Passed" testListId="8c84fa94-04c1-424b-9868-57a2d4851a1d" relativeResultsDirectory="21a2dd2d-48f5-4e63-8d6a-0ea5958bd042" />
    <UnitTestResult executionId="adeaab02-ab38-4bc6-b6c3-253286c88db4" testId="cfd419ad-07b2-dd85-a736-5c75618c3c9f" testName="Invoke_AllowsNullCertificateValidationConfigurationWhenUseSSLIsFalse_Success" computerName="ICSWS068" duration="00:00:00.0326141" startTime="2016-08-04T09:59:08.8812335+02:00" endTime="2016-08-04T09:59:08.9152714+02:00" testType="13cdc9d9-ddb5-4fa4-a97d-d965ccfc6d4b" outcome="Passed" testListId="8c84fa94-04c1-424b-9868-57a2d4851a1d" relativeResultsDirectory="adeaab02-ab38-4bc6-b6c3-253286c88db4" />
    <UnitTestResult executionId="1946c9b9-f200-42c3-99b7-2b2687916f57" testId="a1d8c0c3-b391-8180-cbbc-2e8908a62cde" testName="Invoke_AllowsNullCertificateValidationConfigurationWhenEnableValidationIsFalse_Success" computerName="ICSWS068" duration="00:00:00.0217041" startTime="2016-08-04T09:59:08.9192736+02:00" endTime="2016-08-04T09:59:08.9417967+02:00" testType="13cdc9d9-ddb5-4fa4-a97d-d965ccfc6d4b" outcome="Passed" testListId="8c84fa94-04c1-424b-9868-57a2d4851a1d" relativeResultsDirectory="1946c9b9-f200-42c3-99b7-2b2687916f57" />
    <UnitTestResult executionId="0dfa6f7f-3451-47d1-8cb9-32172b083fc3" testId="536e0f67-a509-bb16-5c7a-b6e63bf09cfa" testName="Invoke_DoesNotAllowNullCertificateValidationConfigurationWhenEnableValidationAndUseSSLIsTrue_ThrowsArgumentException" computerName="ICSWS068" duration="00:00:00.0223510" startTime="2016-08-04T09:59:08.9450844+02:00" endTime="2016-08-04T09:59:08.9688432+02:00" testType="13cdc9d9-ddb5-4fa4-a97d-d965ccfc6d4b" outcome="Passed" testListId="8c84fa94-04c1-424b-9868-57a2d4851a1d" relativeResultsDirectory="0dfa6f7f-3451-47d1-8cb9-32172b083fc3" />
    <UnitTestResult executionId="a2451ff0-568f-461d-b8c9-6d4cfb2927a8" testId="a5d73247-5cbc-c979-0783-392503092b84" testName="Invoke_CertificateValidationConfigurationSetWhenEnableValidationAndUseSSLIsTrue_CertificateValidationConfigurationIsSetInResult" computerName="ICSWS068" duration="00:00:00.0220223" startTime="2016-08-04T09:59:08.9714528+02:00" endTime="2016-08-04T09:59:08.9949058+02:00" testType="13cdc9d9-ddb5-4fa4-a97d-d965ccfc6d4b" outcome="Passed" testListId="8c84fa94-04c1-424b-9868-57a2d4851a1d" relativeResultsDirectory="a2451ff0-568f-461d-b8c9-6d4cfb2927a8" />
    <UnitTestResult executionId="6cb183de-a903-4718-a046-363a8933b057" testId="da8ae0e7-98ae-3789-f008-99e62ba6c6c2" testName="Invoke_CertificateValidationConfigurationSetWhenEnableValidationIsFalseAndUseSSLIsTrue_CertificateValidationConfigurationIsSetInResult" computerName="ICSWS068" duration="00:00:00.0221035" startTime="2016-08-04T09:59:08.9973905+02:00" endTime="2016-08-04T09:59:09.0209171+02:00" testType="13cdc9d9-ddb5-4fa4-a97d-d965ccfc6d4b" outcome="Passed" testListId="8c84fa94-04c1-424b-9868-57a2d4851a1d" relativeResultsDirectory="6cb183de-a903-4718-a046-363a8933b057" />
    <UnitTestResult executionId="b812b2bb-734f-4d0d-8151-812572c69e3f" testId="9e922281-2769-8bc2-49de-d329f34a0c3a" testName="Invoke_CertificateValidationConfigurationSetWhenEnableValidationIsTrueAndUseSSLIsFalse_CertificateValidationConfigurationIsSetInResult" computerName="ICSWS068" duration="00:00:00.0295488" startTime="2016-08-04T09:59:09.0237991+02:00" endTime="2016-08-04T09:59:09.0548854+02:00" testType="13cdc9d9-ddb5-4fa4-a97d-d965ccfc6d4b" outcome="Passed" testListId="8c84fa94-04c1-424b-9868-57a2d4851a1d" relativeResultsDirectory="b812b2bb-734f-4d0d-8151-812572c69e3f" />
    <UnitTestResult executionId="1f211c3a-b742-4372-b5a2-a452ec94fb99" testId="e2acff4e-a5e4-ca70-c114-4ed3e908c254" testName="Invoke_CertificateValidationConfigurationSetWhenEnableValidationAndUseSSLIsFalse_CertificateValidationConfigurationIsSetInResult" computerName="ICSWS068" duration="00:00:00.0213464" startTime="2016-08-04T09:59:09.0574036+02:00" endTime="2016-08-04T09:59:09.0805304+02:00" testType="13cdc9d9-ddb5-4fa4-a97d-d965ccfc6d4b" outcome="Passed" testListId="8c84fa94-04c1-424b-9868-57a2d4851a1d" relativeResultsDirectory="1f211c3a-b742-4372-b5a2-a452ec94fb99" />
    <UnitTestResult executionId="3ca09fae-4726-4bb0-b2bd-122a0112e025" testId="21523386-72d2-d54c-f3c7-eca0158e4a3e" testName="Invoke_NormalExecution_Success" computerName="ICSWS068" duration="00:00:00.0071942" startTime="2016-08-04T09:59:09.0837562+02:00" endTime="2016-08-04T09:59:09.0922619+02:00" testType="13cdc9d9-ddb5-4fa4-a97d-d965ccfc6d4b" outcome="Passed" testListId="8c84fa94-04c1-424b-9868-57a2d4851a1d" relativeResultsDirectory="3ca09fae-4726-4bb0-b2bd-122a0112e025">
      <Output>
        <StdOut>Debug Trace:
0: WorkflowInstance "DeleteSftpFtpFileActivity" is Started
1: Activity [null] "null" scheduled child activity [1] "DeleteSftpFtpFileActivity"
2: Activity [1] "DeleteSftpFtpFileActivity" is Executing
{
    Arguments
        Connection: Mock&lt;iCore.Public.Ftp.IFileTransferConnection:d437&gt;.Object
        Filename: /root/myfile.txt
        ErrorOnNoFile: True
}
3: WorkflowInstance "DeleteSftpFtpFileActivity" is Idle
4: Activity [1] "DeleteSftpFtpFileActivity" is Closed
{
    Arguments
        Connection: Mock&lt;iCore.Public.Ftp.IFileTransferConnection:d437&gt;.Object
        Filename: /root/myfile.txt
        ErrorOnNoFile: True
}
5: WorkflowInstance "DeleteSftpFtpFileActivity" is Completed</StdOut>
      </Output>
    </UnitTestResult>
    <UnitTestResult executionId="e939182a-09b8-4c8b-ab59-959fd632d7ee" testId="6453eec0-00f4-c7d1-6b34-79eb0a959b2a" testName="Invoke_NormalExecution_CorrectDefaultErrorArgument" computerName="ICSWS068" duration="00:00:00.0027524" startTime="2016-08-04T09:59:09.0952660+02:00" endTime="2016-08-04T09:59:09.0992685+02:00" testType="13cdc9d9-ddb5-4fa4-a97d-d965ccfc6d4b" outcome="Passed" testListId="8c84fa94-04c1-424b-9868-57a2d4851a1d" relativeResultsDirectory="e939182a-09b8-4c8b-ab59-959fd632d7ee">
      <Output>
        <StdOut>Debug Trace:
0: WorkflowInstance "DeleteSftpFtpFileActivity" is Started
1: Activity [null] "null" scheduled child activity [1] "DeleteSftpFtpFileActivity"
2: Activity [1] "DeleteSftpFtpFileActivity" is Executing
{
    Arguments
        Connection: Mock&lt;iCore.Public.Ftp.IFileTransferConnection:afbc&gt;.Object
        Filename: /root/myfile.txt
        ErrorOnNoFile: False
}
3: WorkflowInstance "DeleteSftpFtpFileActivity" is Idle
4: Activity [1] "DeleteSftpFtpFileActivity" is Closed
{
    Arguments
        Connection: Mock&lt;iCore.Public.Ftp.IFileTransferConnection:afbc&gt;.Object
        Filename: /root/myfile.txt
        ErrorOnNoFile: False
}
5: WorkflowInstance "DeleteSftpFtpFileActivity" is Completed</StdOut>
      </Output>
    </UnitTestResult>
    <UnitTestResult executionId="b36d1843-9548-4a4a-acd5-34035d3b52ad" testId="704b4e99-7a8b-8c40-ec0b-418cbd021eb3" testName="Invoke_ConnectionIsMissing_ThrowsArgumentNullException" computerName="ICSWS068" duration="00:00:00.0011439" startTime="2016-08-04T09:59:09.1017700+02:00" endTime="2016-08-04T09:59:09.1052752+02:00" testType="13cdc9d9-ddb5-4fa4-a97d-d965ccfc6d4b" outcome="Passed" testListId="8c84fa94-04c1-424b-9868-57a2d4851a1d" relativeResultsDirectory="b36d1843-9548-4a4a-acd5-34035d3b52ad" />
    <UnitTestResult executionId="f2c4fe1e-b8b7-4b93-b5a7-76674c4dd20f" testId="163c5ca6-cae8-28b0-49c1-7a8c91627845" testName="Invoke_FilenameIsNull_ThrowsArgumentException" computerName="ICSWS068" duration="00:00:00.0036134" startTime="2016-08-04T09:59:09.1077660+02:00" endTime="2016-08-04T09:59:09.1122695+02:00" testType="13cdc9d9-ddb5-4fa4-a97d-d965ccfc6d4b" outcome="Passed" testListId="8c84fa94-04c1-424b-9868-57a2d4851a1d" relativeResultsDirectory="f2c4fe1e-b8b7-4b93-b5a7-76674c4dd20f">
      <Output>
        <StdOut>Debug Trace:
0: WorkflowInstance "DeleteSftpFtpFileActivity" is Started
1: Activity [null] "null" scheduled child activity [1] "DeleteSftpFtpFileActivity"
2: Activity [1] "DeleteSftpFtpFileActivity" is Executing
{
    Arguments
        Connection: Mock&lt;iCore.Public.Ftp.IFileTransferConnection:a785&gt;.Object
        Filename: 
        ErrorOnNoFile: False
}
3: Activity [1] "DeleteSftpFtpFileActivity" is Faulted
{
    Arguments
        Connection: Mock&lt;iCore.Public.Ftp.IFileTransferConnection:a785&gt;.Object
        Filename: 
        ErrorOnNoFile: False
}
4: Fault source [1] "DeleteSftpFtpFileActivity"
5: WorkflowInstance "DeleteSftpFtpFileActivity" Unhandled Exception Source "DeleteSftpFtpFileActivity" Exception &lt;System.ArgumentException: Filename is null or empty.
Parameter name: Filename
   at Tests.iCore.Common.Activities.UnitTestActivityBase.WaitForCompletion() in F:\ETWork\Main\Testing\Assemblies\Tests.iCore.Common.Activities\UnitTestActivityBase.cs:line 129
   at Tests.iCore.Common.Activities.UnitTestActivityBase.RunAndWaitForCompletion() in F:\ETWork\Main\Testing\Assemblies\Tests.iCore.Common.Activities\UnitTestActivityBase.cs:line 113
   at UnitTests.Workflow.Activities.Ftp.DeleteSftpFtpFileActivityTests.Invoke_FilenameIsNull_ThrowsArgumentException() in F:\ETWork\Main\Common\Assemblies\UnitTests.iCore.Workflow.Activities.Ftp\Ftp\DeleteSftpFtpFileActivityTests.cs:line 101&gt;
6: WorkflowInstance Aborted [DeleteSftpFtpFileActivity] Reason "Filename is null or empty.
Parameter name: Filename"</StdOut>
      </Output>
    </UnitTestResult>
    <UnitTestResult executionId="3968374e-80a6-4eda-bee2-d28adfbd5f30" testId="c6848d1e-f51e-7fb2-c8b4-4400a8360f79" testName="Invoke_FilenameIsEmpty_ThrowsArgumentException" computerName="ICSWS068" duration="00:00:00.0024034" startTime="2016-08-04T09:59:09.1152732+02:00" endTime="2016-08-04T09:59:09.1192767+02:00" testType="13cdc9d9-ddb5-4fa4-a97d-d965ccfc6d4b" outcome="Passed" testListId="8c84fa94-04c1-424b-9868-57a2d4851a1d" relativeResultsDirectory="3968374e-80a6-4eda-bee2-d28adfbd5f30">
      <Output>
        <StdOut>Debug Trace:
0: WorkflowInstance "DeleteSftpFtpFileActivity" is Started
1: Activity [null] "null" scheduled child activity [1] "DeleteSftpFtpFileActivity"
2: Activity [1] "DeleteSftpFtpFileActivity" is Executing
{
    Arguments
        Connection: Mock&lt;iCore.Public.Ftp.IFileTransferConnection:7f12&gt;.Object
        Filename: 
        ErrorOnNoFile: False
}
3: Activity [1] "DeleteSftpFtpFileActivity" is Faulted
{
    Arguments
        Connection: Mock&lt;iCore.Public.Ftp.IFileTransferConnection:7f12&gt;.Object
        Filename: 
        ErrorOnNoFile: False
}
4: Fault source [1] "DeleteSftpFtpFileActivity"
5: WorkflowInstance "DeleteSftpFtpFileActivity" Unhandled Exception Source "DeleteSftpFtpFileActivity" Exception &lt;System.ArgumentException: Filename is null or empty.
Parameter name: Filename
   at Tests.iCore.Common.Activities.UnitTestActivityBase.WaitForCompletion() in F:\ETWork\Main\Testing\Assemblies\Tests.iCore.Common.Activities\UnitTestActivityBase.cs:line 129
   at Tests.iCore.Common.Activities.UnitTestActivityBase.RunAndWaitForCompletion() in F:\ETWork\Main\Testing\Assemblies\Tests.iCore.Common.Activities\UnitTestActivityBase.cs:line 113
   at UnitTests.Workflow.Activities.Ftp.DeleteSftpFtpFileActivityTests.Invoke_FilenameIsEmpty_ThrowsArgumentException() in F:\ETWork\Main\Common\Assemblies\UnitTests.iCore.Workflow.Activities.Ftp\Ftp\DeleteSftpFtpFileActivityTests.cs:line 110&gt;
6: WorkflowInstance Aborted [DeleteSftpFtpFileActivity] Reason "Filename is null or empty.
Parameter name: Filename"</StdOut>
      </Output>
    </UnitTestResult>
    <UnitTestResult executionId="e027a1ec-907c-4adc-9248-9478e0bf863d" testId="a6ef473f-6b7c-aa44-a2c4-c61a913cf442" testName="Invoke_ConnectionIsDisposed_ThrowsArgumentException" computerName="ICSWS068" duration="00:00:00.0023785" startTime="2016-08-04T09:59:09.1217943+02:00" endTime="2016-08-04T09:59:09.1257121+02:00" testType="13cdc9d9-ddb5-4fa4-a97d-d965ccfc6d4b" outcome="Passed" testListId="8c84fa94-04c1-424b-9868-57a2d4851a1d" relativeResultsDirectory="e027a1ec-907c-4adc-9248-9478e0bf863d">
      <Output>
        <StdOut>Debug Trace:
0: WorkflowInstance "DeleteSftpFtpFileActivity" is Started
1: Activity [null] "null" scheduled child activity [1] "DeleteSftpFtpFileActivity"
2: Activity [1] "DeleteSftpFtpFileActivity" is Executing
{
    Arguments
        Connection: Mock&lt;iCore.Public.Ftp.IFileTransferConnection:72a4&gt;.Object
        Filename: /root/myfile.txt
        ErrorOnNoFile: True
}
3: Activity [1] "DeleteSftpFtpFileActivity" is Faulted
{
    Arguments
        Connection: Mock&lt;iCore.Public.Ftp.IFileTransferConnection:72a4&gt;.Object
        Filename: /root/myfile.txt
        ErrorOnNoFile: True
}
4: Fault source [1] "DeleteSftpFtpFileActivity"
5: WorkflowInstance "DeleteSftpFtpFileActivity" Unhandled Exception Source "DeleteSftpFtpFileActivity" Exception &lt;System.ArgumentException: Connection is closed.
Parameter name: Connection
   at iCore.Workflow.Activities.Ftp.DeleteSftpFtpFileActivity.BeginExecute(AsyncCodeActivityContext context, AsyncCallback callback, Object state)
   at System.Activities.AsyncCodeActivity.InternalExecute(ActivityInstance instance, ActivityExecutor executor, BookmarkManager bookmarkManager)
   at System.Activities.ActivityInstance.Execute(ActivityExecutor executor, BookmarkManager bookmarkManager)
   at System.Activities.Runtime.ActivityExecutor.ExecuteActivityWorkItem.ExecuteBody(ActivityExecutor executor, BookmarkManager bookmarkManager, Location resultLocation)&gt;
6: WorkflowInstance Aborted [DeleteSftpFtpFileActivity] Reason "Connection is closed.
Parameter name: Connection"</StdOut>
      </Output>
    </UnitTestResult>
    <UnitTestResult executionId="b3955ccc-6b91-4208-9442-7bdb4ad61a78" testId="5b89b1be-de90-79c6-2813-34d02b01c91f" testName="Invoke_NormalExecution_Success" computerName="ICSWS068" duration="00:00:00.0061332" startTime="2016-08-04T09:59:09.1287123+02:00" endTime="2016-08-04T09:59:09.1357184+02:00" testType="13cdc9d9-ddb5-4fa4-a97d-d965ccfc6d4b" outcome="Passed" testListId="8c84fa94-04c1-424b-9868-57a2d4851a1d" relativeResultsDirectory="b3955ccc-6b91-4208-9442-7bdb4ad61a78">
      <Output>
        <StdOut>Debug Trace:
0: WorkflowInstance "DownloadSftpFtpFileToStreamActivity" is Started
1: Activity [null] "null" scheduled child activity [1] "DownloadSftpFtpFileToStreamActivity"
2: Activity [1] "DownloadSftpFtpFileToStreamActivity" is Executing
{
    Arguments
        DestinationStream: System.IO.MemoryStream
        SourceFilename: /test.txt
        Connection: Mock&lt;iCore.Public.Ftp.IFileTransferConnection:a7ed&gt;.Object
}
3: WorkflowInstance "DownloadSftpFtpFileToStreamActivity" is Idle
4: Activity [1] "DownloadSftpFtpFileToStreamActivity" is Closed
{
    Arguments
        DestinationStream: System.IO.MemoryStream
        SourceFilename: /test.txt
        Connection: Mock&lt;iCore.Public.Ftp.IFileTransferConnection:a7ed&gt;.Object
}
5: WorkflowInstance "DownloadSftpFtpFileToStreamActivity" is Completed</StdOut>
      </Output>
    </UnitTestResult>
    <UnitTestResult executionId="5476c659-f0c2-4538-bd95-6e0909d13e16" testId="1a31583e-ac44-245d-59be-ffd2ff8efb17" testName="Invoke_DownloadFileFails_Throws" computerName="ICSWS068" duration="00:00:00.0204866" startTime="2016-08-04T09:59:09.1387195+02:00" endTime="2016-08-04T09:59:09.1603868+02:00" testType="13cdc9d9-ddb5-4fa4-a97d-d965ccfc6d4b" outcome="Passed" testListId="8c84fa94-04c1-424b-9868-57a2d4851a1d" relativeResultsDirectory="5476c659-f0c2-4538-bd95-6e0909d13e16">
      <Output>
        <StdOut>Debug Trace:
0: WorkflowInstance "DownloadSftpFtpFileToStreamActivity" is Started
1: Activity [null] "null" scheduled child activity [1] "DownloadSftpFtpFileToStreamActivity"
2: Activity [1] "DownloadSftpFtpFileToStreamActivity" is Executing
{
    Arguments
        DestinationStream: System.IO.MemoryStream
        SourceFilename: /test.txt
        Connection: Mock&lt;iCore.Public.Ftp.IFileTransferConnection:0119&gt;.Object
}
3: WorkflowInstance "DownloadSftpFtpFileToStreamActivity" is Idle
4: Activity [1] "DownloadSftpFtpFileToStreamActivity" is Faulted
{
    Arguments
        DestinationStream: System.IO.MemoryStream
        SourceFilename: /test.txt
        Connection: Mock&lt;iCore.Public.Ftp.IFileTransferConnection:0119&gt;.Object
}
5: Fault source [1] "DownloadSftpFtpFileToStreamActivity"
6: WorkflowInstance "DownloadSftpFtpFileToStreamActivity" Unhandled Exception Source "DownloadSftpFtpFileToStreamActivity" Exception &lt;Testing.Common.TestException: Test exception
   at Moq.MethodCall.Execute(ICallContext call)
   at Moq.ExecuteCall.HandleIntercept(ICallContext invocation, InterceptorContext ctx, CurrentInterceptContext localctx)
   at Moq.Interceptor.Intercept(ICallContext invocation)
   at Moq.Proxy.CastleProxyFactory.Interceptor.Intercept(IInvocation invocation)
   at Castle.DynamicProxy.AbstractInvocation.Proceed()
   at Castle.Proxies.IFileTransferConnectionProxy_1.DownloadFile(String remoteFileName, Stream destination, CancellationToken cancellationToken)
   at iCore.Workflow.Activities.Ftp.DownloadSftpFtpFileToStreamActivity.&lt;&gt;c__DisplayClass13_0.&lt;BeginExecute&gt;b__0()
   at System.Threading.Tasks.Task.InnerInvoke()
   at System.Threading.Tasks.Task.Execute()
--- End of stack trace from previous location where exception was thrown ---
   at System.Runtime.ExceptionServices.ExceptionDispatchInfo.Throw()
   at iCore.Workflow.Activities.ActivityUtilities.ThrowIfTaskFailedAndActivityIsNotCanceled(Task task, AsyncCodeActivityContext context)
   at iCore.Workflow.Activities.Ftp.DownloadSftpFtpFileToStreamActivity.EndExecute(AsyncCodeActivityContext context, IAsyncResult result)
   at System.Activities.AsyncCodeActivity.System.Activities.IAsyncCodeActivity.FinishExecution(AsyncCodeActivityContext context, IAsyncResult result)
   at System.Activities.AsyncCodeActivity.CompleteAsyncCodeActivityData.CompleteAsyncCodeActivityWorkItem.Execute(ActivityExecutor executor, BookmarkManager bookmarkManager)&gt;
7: WorkflowInstance Aborted [DownloadSftpFtpFileToStreamActivity] Reason "Test exception"</StdOut>
      </Output>
    </UnitTestResult>
    <UnitTestResult executionId="0bb55c73-ff90-49d2-9415-8c7d92478039" testId="bd3b297b-5458-f71c-8990-84c97d15c1b8" testName="Invoke_ConnectionIsNull_ThrowsArgumentNullException" computerName="ICSWS068" duration="00:00:00.0022932" startTime="2016-08-04T09:59:09.1628713+02:00" endTime="2016-08-04T09:59:09.1668744+02:00" testType="13cdc9d9-ddb5-4fa4-a97d-d965ccfc6d4b" outcome="Passed" testListId="8c84fa94-04c1-424b-9868-57a2d4851a1d" relativeResultsDirectory="0bb55c73-ff90-49d2-9415-8c7d92478039">
      <Output>
        <StdOut>Debug Trace:
0: WorkflowInstance "DownloadSftpFtpFileToStreamActivity" is Started
1: Activity [null] "null" scheduled child activity [1] "DownloadSftpFtpFileToStreamActivity"
2: Activity [1] "DownloadSftpFtpFileToStreamActivity" is Executing
{
    Arguments
        DestinationStream: System.IO.MemoryStream
        SourceFilename: /test.txt
        Connection: 
}
3: Activity [1] "DownloadSftpFtpFileToStreamActivity" is Faulted
{
    Arguments
        DestinationStream: System.IO.MemoryStream
        SourceFilename: /test.txt
        Connection: 
}
4: Fault source [1] "DownloadSftpFtpFileToStreamActivity"
5: WorkflowInstance "DownloadSftpFtpFileToStreamActivity" Unhandled Exception Source "DownloadSftpFtpFileToStreamActivity" Exception &lt;System.ArgumentNullException: Connection is null (Nothing in VB).
Parameter name: Connection
   at Tests.iCore.Common.Activities.UnitTestActivityBase.WaitForCompletion() in F:\ETWork\Main\Testing\Assemblies\Tests.iCore.Common.Activities\UnitTestActivityBase.cs:line 129
   at Tests.iCore.Common.Activities.UnitTestActivityBase.RunAndWaitForCompletion() in F:\ETWork\Main\Testing\Assemblies\Tests.iCore.Common.Activities\UnitTestActivityBase.cs:line 113
   at UnitTests.Workflow.Activities.Ftp.DownloadSftpFtpFileToStreamActivityTests.Invoke_ConnectionIsNull_ThrowsArgumentNullException() in F:\ETWork\Main\Common\Assemblies\UnitTests.iCore.Workflow.Activities.Ftp\Ftp\DownloadSftpFtpFileToStreamActivityTests.cs:line 76&gt;
6: WorkflowInstance Aborted [DownloadSftpFtpFileToStreamActivity] Reason "Connection is null (Nothing in VB).
Parameter name: Connection"</StdOut>
      </Output>
    </UnitTestResult>
    <UnitTestResult executionId="2e412d18-1e7a-4e94-a636-900d37ccb1b1" testId="8acebfc8-6cff-ec09-4fd7-0c92620da132" testName="Invoke_SourceFilenameIsEmpty_ThrowsArgumentNullException" computerName="ICSWS068" duration="00:00:00.0020841" startTime="2016-08-04T09:59:09.1698773+02:00" endTime="2016-08-04T09:59:09.1728799+02:00" testType="13cdc9d9-ddb5-4fa4-a97d-d965ccfc6d4b" outcome="Passed" testListId="8c84fa94-04c1-424b-9868-57a2d4851a1d" relativeResultsDirectory="2e412d18-1e7a-4e94-a636-900d37ccb1b1">
      <Output>
        <StdOut>Debug Trace:
0: WorkflowInstance "DownloadSftpFtpFileToStreamActivity" is Started
1: Activity [null] "null" scheduled child activity [1] "DownloadSftpFtpFileToStreamActivity"
2: Activity [1] "DownloadSftpFtpFileToStreamActivity" is Executing
{
    Arguments
        DestinationStream: System.IO.MemoryStream
        SourceFilename: 
        Connection: Mock&lt;iCore.Public.Ftp.IFileTransferConnection:1660&gt;.Object
}
3: Activity [1] "DownloadSftpFtpFileToStreamActivity" is Faulted
{
    Arguments
        DestinationStream: System.IO.MemoryStream
        SourceFilename: 
        Connection: Mock&lt;iCore.Public.Ftp.IFileTransferConnection:1660&gt;.Object
}
4: Fault source [1] "DownloadSftpFtpFileToStreamActivity"
5: WorkflowInstance "DownloadSftpFtpFileToStreamActivity" Unhandled Exception Source "DownloadSftpFtpFileToStreamActivity" Exception &lt;System.ArgumentNullException: Source filename is null (Nothing in VB) or empty.
Parameter name: SourceFilename
   at Tests.iCore.Common.Activities.UnitTestActivityBase.WaitForCompletion() in F:\ETWork\Main\Testing\Assemblies\Tests.iCore.Common.Activities\UnitTestActivityBase.cs:line 129
   at Tests.iCore.Common.Activities.UnitTestActivityBase.RunAndWaitForCompletion() in F:\ETWork\Main\Testing\Assemblies\Tests.iCore.Common.Activities\UnitTestActivityBase.cs:line 113
   at UnitTests.Workflow.Activities.Ftp.DownloadSftpFtpFileToStreamActivityTests.Invoke_SourceFilenameIsEmpty_ThrowsArgumentNullException() in F:\ETWork\Main\Common\Assemblies\UnitTests.iCore.Workflow.Activities.Ftp\Ftp\DownloadSftpFtpFileToStreamActivityTests.cs:line 90&gt;
6: WorkflowInstance Aborted [DownloadSftpFtpFileToStreamActivity] Reason "Source filename is null (Nothing in VB) or empty.
Parameter name: SourceFilename"</StdOut>
      </Output>
    </UnitTestResult>
    <UnitTestResult executionId="67ba028d-9195-478a-a5d8-5cc833d02bff" testId="f2f98d9d-406c-8d09-b9a9-a6fea9b8c502" testName="Invoke_DestinationStreamIsNull_ThrowsArgumentNullException" computerName="ICSWS068" duration="00:00:00.0017005" startTime="2016-08-04T09:59:09.1753974+02:00" endTime="2016-08-04T09:59:09.1783830+02:00" testType="13cdc9d9-ddb5-4fa4-a97d-d965ccfc6d4b" outcome="Passed" testListId="8c84fa94-04c1-424b-9868-57a2d4851a1d" relativeResultsDirectory="67ba028d-9195-478a-a5d8-5cc833d02bff">
      <Output>
        <StdOut>Debug Trace:
0: WorkflowInstance "DownloadSftpFtpFileToStreamActivity" is Started
1: Activity [null] "null" scheduled child activity [1] "DownloadSftpFtpFileToStreamActivity"
2: Activity [1] "DownloadSftpFtpFileToStreamActivity" is Executing
{
    Arguments
        DestinationStream: 
        SourceFilename: c:	est.txt
        Connection: Mock&lt;iCore.Public.Ftp.IFileTransferConnection:cb09&gt;.Object
}
3: Activity [1] "DownloadSftpFtpFileToStreamActivity" is Faulted
{
    Arguments
        DestinationStream: 
        SourceFilename: c:	est.txt
        Connection: Mock&lt;iCore.Public.Ftp.IFileTransferConnection:cb09&gt;.Object
}
4: Fault source [1] "DownloadSftpFtpFileToStreamActivity"
5: WorkflowInstance "DownloadSftpFtpFileToStreamActivity" Unhandled Exception Source "DownloadSftpFtpFileToStreamActivity" Exception &lt;System.ArgumentNullException: Destination stream is null (Nothing in VB).
Parameter name: DestinationStream
   at Tests.iCore.Common.Activities.UnitTestActivityBase.WaitForCompletion() in F:\ETWork\Main\Testing\Assemblies\Tests.iCore.Common.Activities\UnitTestActivityBase.cs:line 129
   at Tests.iCore.Common.Activities.UnitTestActivityBase.RunAndWaitForCompletion() in F:\ETWork\Main\Testing\Assemblies\Tests.iCore.Common.Activities\UnitTestActivityBase.cs:line 113
   at UnitTests.Workflow.Activities.Ftp.DownloadSftpFtpFileToStreamActivityTests.Invoke_DestinationStreamIsNull_ThrowsArgumentNullException() in F:\ETWork\Main\Common\Assemblies\UnitTests.iCore.Workflow.Activities.Ftp\Ftp\DownloadSftpFtpFileToStreamActivityTests.cs:line 102&gt;
6: WorkflowInstance Aborted [DownloadSftpFtpFileToStreamActivity] Reason "Destination stream is null (Nothing in VB).
Parameter name: DestinationStream"</StdOut>
      </Output>
    </UnitTestResult>
    <UnitTestResult executionId="9eee5f63-87cc-49ef-a14d-e9b244ce7547" testId="99889691-1e95-4b48-36bc-4e8669bd03fb" testName="Invoke_ConnectionArgumentIsMissing_ThrowsArgumentException" computerName="ICSWS068" duration="00:00:00.0012512" startTime="2016-08-04T09:59:09.1813847+02:00" endTime="2016-08-04T09:59:09.1843867+02:00" testType="13cdc9d9-ddb5-4fa4-a97d-d965ccfc6d4b" outcome="Passed" testListId="8c84fa94-04c1-424b-9868-57a2d4851a1d" relativeResultsDirectory="9eee5f63-87cc-49ef-a14d-e9b244ce7547" />
    <UnitTestResult executionId="a1b7b4dc-2778-42ca-83dd-0e15ce67de8f" testId="e181c337-dc4d-158a-0d18-55dd47dfe054" testName="Invoke_SourceFilenameArgumentIsMissing_ThrowsArgumentException" computerName="ICSWS068" duration="00:00:00.0010694" startTime="2016-08-04T09:59:09.1873902+02:00" endTime="2016-08-04T09:59:09.1898907+02:00" testType="13cdc9d9-ddb5-4fa4-a97d-d965ccfc6d4b" outcome="Passed" testListId="8c84fa94-04c1-424b-9868-57a2d4851a1d" relativeResultsDirectory="a1b7b4dc-2778-42ca-83dd-0e15ce67de8f" />
    <UnitTestResult executionId="59766df3-778b-437b-bc9a-e34a9fc76893" testId="4f739940-7588-1629-b024-15f03f93bb7a" testName="Invoke_DestinationStreamArgumentIsMissing_ThrowsArgumentException" computerName="ICSWS068" duration="00:00:00.0009756" startTime="2016-08-04T09:59:09.1919092+02:00" endTime="2016-08-04T09:59:09.1943986+02:00" testType="13cdc9d9-ddb5-4fa4-a97d-d965ccfc6d4b" outcome="Passed" testListId="8c84fa94-04c1-424b-9868-57a2d4851a1d" relativeResultsDirectory="59766df3-778b-437b-bc9a-e34a9fc76893" />
    <UnitTestResult executionId="834a360a-aa8c-4e6e-821b-bfb2b5230b65" testId="d1b42a42-944c-d007-7b99-49746667448d" testName="Invoke_ConnectionIsDisposed_ThrowsArgumentException" computerName="ICSWS068" duration="00:00:00.0026427" startTime="2016-08-04T09:59:09.1963997+02:00" endTime="2016-08-04T09:59:09.2004014+02:00" testType="13cdc9d9-ddb5-4fa4-a97d-d965ccfc6d4b" outcome="Passed" testListId="8c84fa94-04c1-424b-9868-57a2d4851a1d" relativeResultsDirectory="834a360a-aa8c-4e6e-821b-bfb2b5230b65">
      <Output>
        <StdOut>Debug Trace:
0: WorkflowInstance "DownloadSftpFtpFileToStreamActivity" is Started
1: Activity [null] "null" scheduled child activity [1] "DownloadSftpFtpFileToStreamActivity"
2: Activity [1] "DownloadSftpFtpFileToStreamActivity" is Executing
{
    Arguments
        DestinationStream: System.IO.MemoryStream
        SourceFilename: /test.txt
        Connection: Mock&lt;iCore.Public.Ftp.IFileTransferConnection:a1f6&gt;.Object
}
3: Activity [1] "DownloadSftpFtpFileToStreamActivity" is Faulted
{
    Arguments
        DestinationStream: System.IO.MemoryStream
        SourceFilename: /test.txt
        Connection: Mock&lt;iCore.Public.Ftp.IFileTransferConnection:a1f6&gt;.Object
}
4: Fault source [1] "DownloadSftpFtpFileToStreamActivity"
5: WorkflowInstance "DownloadSftpFtpFileToStreamActivity" Unhandled Exception Source "DownloadSftpFtpFileToStreamActivity" Exception &lt;System.ArgumentException: Connection is closed.
Parameter name: Connection
   at iCore.Workflow.Activities.Ftp.DownloadSftpFtpFileToStreamActivity.BeginExecute(AsyncCodeActivityContext context, AsyncCallback callback, Object state)
   at System.Activities.AsyncCodeActivity.InternalExecute(ActivityInstance instance, ActivityExecutor executor, BookmarkManager bookmarkManager)
   at System.Activities.ActivityInstance.Execute(ActivityExecutor executor, BookmarkManager bookmarkManager)
   at System.Activities.Runtime.ActivityExecutor.ExecuteActivityWorkItem.ExecuteBody(ActivityExecutor executor, BookmarkManager bookmarkManager, Location resultLocation)&gt;
6: WorkflowInstance Aborted [DownloadSftpFtpFileToStreamActivity] Reason "Connection is closed.
Parameter name: Connection"</StdOut>
      </Output>
    </UnitTestResult>
    <UnitTestResult executionId="0400e912-e16c-4929-a243-8673ca04fce1" testId="df37b7df-6e65-bc72-4638-b612f6dc61ff" testName="Invoke_DependencyThrowsOutOfMemoryException_ThrowsFatalException" computerName="ICSWS068" duration="00:00:00.0024621" startTime="2016-08-04T09:59:09.2034222+02:00" endTime="2016-08-04T09:59:09.2074104+02:00" testType="13cdc9d9-ddb5-4fa4-a97d-d965ccfc6d4b" outcome="Passed" testListId="8c84fa94-04c1-424b-9868-57a2d4851a1d" relativeResultsDirectory="0400e912-e16c-4929-a243-8673ca04fce1">
      <Output>
        <StdOut>Debug Trace:
0: WorkflowInstance "DownloadSftpFtpFileToStreamActivity" is Started
1: Activity [null] "null" scheduled child activity [1] "DownloadSftpFtpFileToStreamActivity"
2: Activity [1] "DownloadSftpFtpFileToStreamActivity" is Executing
{
    Arguments
        DestinationStream: System.IO.MemoryStream
        SourceFilename: /test.txt
        Connection: Mock&lt;iCore.Public.Ftp.IFileTransferConnection:30e1&gt;.Object
}
3: WorkflowInstance "DownloadSftpFtpFileToStreamActivity" is Idle
4: Activity [1] "DownloadSftpFtpFileToStreamActivity" is Faulted
{
    Arguments
        DestinationStream: System.IO.MemoryStream
        SourceFilename: /test.txt
        Connection: Mock&lt;iCore.Public.Ftp.IFileTransferConnection:30e1&gt;.Object
}
5: Fault source [1] "DownloadSftpFtpFileToStreamActivity"
6: WorkflowInstance "DownloadSftpFtpFileToStreamActivity" Unhandled Exception Source "DownloadSftpFtpFileToStreamActivity" Exception &lt;iCore.Workflow.Activities.Exceptions.WorkflowFatalException: Insufficient memory to continue the execution of the program. ---&gt; System.OutOfMemoryException: Insufficient memory to continue the execution of the program.
   at Moq.MethodCall.Execute(ICallContext call)
   at Moq.ExecuteCall.HandleIntercept(ICallContext invocation, InterceptorContext ctx, CurrentInterceptContext localctx)
   at Moq.Interceptor.Intercept(ICallContext invocation)
   at Moq.Proxy.CastleProxyFactory.Interceptor.Intercept(IInvocation invocation)
   at Castle.DynamicProxy.AbstractInvocation.Proceed()
   at Castle.Proxies.IFileTransferConnectionProxy_1.DownloadFile(String remoteFileName, Stream destination, CancellationToken cancellationToken)
   at iCore.Workflow.Activities.Ftp.DownloadSftpFtpFileToStreamActivity.&lt;&gt;c__DisplayClass13_0.&lt;BeginExecute&gt;b__0()
   at System.Threading.Tasks.Task.InnerInvoke()
   at System.Threading.Tasks.Task.Execute()
   --- End of inner exception stack trace ---
   at System.Runtime.ExceptionServices.ExceptionDispatchInfo.Throw()
   at iCore.Workflow.Activities.ActivityUtilities.ThrowIfTaskFailedAndActivityIsNotCanceled(Task task, AsyncCodeActivityContext context)
   at iCore.Workflow.Activities.Ftp.DownloadSftpFtpFileToStreamActivity.EndExecute(AsyncCodeActivityContext context, IAsyncResult result)
   at System.Activities.AsyncCodeActivity.System.Activities.IAsyncCodeActivity.FinishExecution(AsyncCodeActivityContext context, IAsyncResult result)
   at System.Activities.AsyncCodeActivity.CompleteAsyncCodeActivityData.CompleteAsyncCodeActivityWorkItem.Execute(ActivityExecutor executor, BookmarkManager bookmarkManager)&gt;</StdOut>
      </Output>
    </UnitTestResult>
    <UnitTestResult executionId="43ae5d8c-2fd7-4fd4-847b-a05135a992f1" testId="e3371b4f-8c95-40a6-428e-3fc1fd9c6caf" testName="Invoke_SubscriptionIdMissing_ThrowArgumentException" computerName="ICSWS068" duration="00:00:00.0246055" startTime="2016-08-04T09:59:09.2099279+02:00" endTime="2016-08-04T09:59:09.2357820+02:00" testType="13cdc9d9-ddb5-4fa4-a97d-d965ccfc6d4b" outcome="Passed" testListId="8c84fa94-04c1-424b-9868-57a2d4851a1d" relativeResultsDirectory="43ae5d8c-2fd7-4fd4-847b-a05135a992f1" />
    <UnitTestResult executionId="9057d0ca-a5a1-4360-ab4c-6b490104657b" testId="ddeb7ad9-e2f4-f693-5c1e-9943de58dadc" testName="Invoke_SubscriptionIdIsEmpty_ThrowsArgumentException" computerName="ICSWS068" duration="00:00:00.0041588" startTime="2016-08-04T09:59:09.2387849+02:00" endTime="2016-08-04T09:59:09.2441608+02:00" testType="13cdc9d9-ddb5-4fa4-a97d-d965ccfc6d4b" outcome="Passed" testListId="8c84fa94-04c1-424b-9868-57a2d4851a1d" relativeResultsDirectory="9057d0ca-a5a1-4360-ab4c-6b490104657b">
      <Output>
        <StdOut>Debug Trace:
0: WorkflowInstance "InternalGetSftpFtpNextFileActivity" is Started
1: Activity [null] "null" scheduled child activity [1] "InternalGetSftpFtpNextFileActivity"
2: Activity [1] "InternalGetSftpFtpNextFileActivity" is Executing
{
    Arguments
        ErrorOnTimeout: False
        SubscriptionId: 00000000-0000-0000-0000-000000000000
        Timeout: 00:00:00
        IsImplicitlyCancellable: False
}
3: Activity [1] "InternalGetSftpFtpNextFileActivity" is Faulted
{
    Arguments
        ErrorOnTimeout: False
        SubscriptionId: 00000000-0000-0000-0000-000000000000
        FileName: 
        Timeout: 00:00:00
        IsImplicitlyCancellable: False
        FilePath: 
}
4: Fault source [1] "InternalGetSftpFtpNextFileActivity"
5: WorkflowInstance "InternalGetSftpFtpNextFileActivity" Unhandled Exception Source "InternalGetSftpFtpNextFileActivity" Exception &lt;System.ArgumentException: Subscription ID cannot be an empty guid
   at iCore.Workflow.Activities.Ftp.InternalGetSftpFtpNextFileActivity.Execute(NativeActivityContext context)
   at System.Activities.NativeActivity.InternalExecute(ActivityInstance instance, ActivityExecutor executor, BookmarkManager bookmarkManager)
   at System.Activities.ActivityInstance.Execute(ActivityExecutor executor, BookmarkManager bookmarkManager)
   at System.Activities.Runtime.ActivityExecutor.ExecuteActivityWorkItem.ExecuteBody(ActivityExecutor executor, BookmarkManager bookmarkManager, Location resultLocation)&gt;
6: WorkflowInstance Aborted [InternalGetSftpFtpNextFileActivity] Reason "Subscription ID cannot be an empty guid"</StdOut>
      </Output>
    </UnitTestResult>
    <UnitTestResult executionId="9ce9f2aa-aa2c-4937-9364-ea632e539f5b" testId="552c407e-c643-77ae-4b8d-2d5384f9fa38" testName="Invoke_FileReaderExtensionMissing_ThrowsException" computerName="ICSWS068" duration="00:00:00.0277533" startTime="2016-08-04T09:59:09.2466625+02:00" endTime="2016-08-04T09:59:09.2756406+02:00" testType="13cdc9d9-ddb5-4fa4-a97d-d965ccfc6d4b" outcome="Passed" testListId="8c84fa94-04c1-424b-9868-57a2d4851a1d" relativeResultsDirectory="9ce9f2aa-aa2c-4937-9364-ea632e539f5b">
      <Output>
        <StdOut>Debug Trace:
0: WorkflowInstance "InternalGetSftpFtpNextFileActivity" is Started
1: Activity [null] "null" scheduled child activity [1] "InternalGetSftpFtpNextFileActivity"
2: Activity [1] "InternalGetSftpFtpNextFileActivity" is Executing
{
    Arguments
        ErrorOnTimeout: False
        SubscriptionId: 7f03c926-bfbe-4b44-be23-c7d4403f0b64
        Timeout: 00:00:00
        IsImplicitlyCancellable: False
}
3: CustomTrackingRecord [1] "iCPSTraceTrackingRecord"
4: Activity [1] "InternalGetSftpFtpNextFileActivity" is Faulted
{
    Arguments
        ErrorOnTimeout: False
        SubscriptionId: 7f03c926-bfbe-4b44-be23-c7d4403f0b64
        FileName: 
        Timeout: 00:00:00
        IsImplicitlyCancellable: False
        FilePath: 
}
5: Fault source [1] "InternalGetSftpFtpNextFileActivity"
6: WorkflowInstance "InternalGetSftpFtpNextFileActivity" Unhandled Exception Source "InternalGetSftpFtpNextFileActivity" Exception &lt;System.InvalidOperationException: Unable to get configuration for subscription Id: 7f03c926-bfbe-4b44-be23-c7d4403f0b64
   at iCore.Workflow.Activities.Ftp.InternalGetSftpFtpNextFileActivity.HandleSubscriptionChanged(NativeActivityContext context)
   at iCore.Workflow.Activities.Ftp.InternalGetSftpFtpNextFileActivity.Execute(NativeActivityContext context)
   at System.Activities.NativeActivity.InternalExecute(ActivityInstance instance, ActivityExecutor executor, BookmarkManager bookmarkManager)
   at System.Activities.ActivityInstance.Execute(ActivityExecutor executor, BookmarkManager bookmarkManager)
   at System.Activities.Runtime.ActivityExecutor.ExecuteActivityWorkItem.ExecuteBody(ActivityExecutor executor, BookmarkManager bookmarkManager, Location resultLocation)&gt;</StdOut>
      </Output>
    </UnitTestResult>
    <UnitTestResult executionId="ac2b80c7-d1b6-4e49-bb09-9eb6d0847cd1" testId="9b23bd98-139d-40ff-cab7-3fb2e3d7b941" testName="Invoke_WorkFlowExecuteContextProviderMissing_ThrowsException" computerName="ICSWS068" duration="00:00:00.0012987" startTime="2016-08-04T09:59:09.2781250+02:00" endTime="2016-08-04T09:59:09.2806420+02:00" testType="13cdc9d9-ddb5-4fa4-a97d-d965ccfc6d4b" outcome="Passed" testListId="8c84fa94-04c1-424b-9868-57a2d4851a1d" relativeResultsDirectory="ac2b80c7-d1b6-4e49-bb09-9eb6d0847cd1" />
    <UnitTestResult executionId="98ca3ddc-5010-4a76-8ff3-2fc9f2d8f97e" testId="3cec1b59-c6f8-d01c-de4f-1c10a7cdee3b" testName="Invoke_WorkFlowCancellableSectionTrackerMissing_ThrowsException" computerName="ICSWS068" duration="00:00:00.0012606" startTime="2016-08-04T09:59:09.2841293+02:00" endTime="2016-08-04T09:59:09.2866475+02:00" testType="13cdc9d9-ddb5-4fa4-a97d-d965ccfc6d4b" outcome="Passed" testListId="8c84fa94-04c1-424b-9868-57a2d4851a1d" relativeResultsDirectory="98ca3ddc-5010-4a76-8ff3-2fc9f2d8f97e" />
    <UnitTestResult executionId="6bf6216f-153a-4f2d-a6e7-b196c6278769" testId="fd1d471f-73a8-9f74-e4d7-0fe1b3073eb2" testName="Invoke_AllInArgumentsValid_SubscriptionIsAdded" computerName="ICSWS068" duration="00:00:00.0168890" startTime="2016-08-04T09:59:09.2896330+02:00" endTime="2016-08-04T09:59:09.3077016+02:00" testType="13cdc9d9-ddb5-4fa4-a97d-d965ccfc6d4b" outcome="Passed" testListId="8c84fa94-04c1-424b-9868-57a2d4851a1d" relativeResultsDirectory="6bf6216f-153a-4f2d-a6e7-b196c6278769">
      <Output>
        <StdOut>Debug Trace:
0: WorkflowInstance "InternalGetSftpFtpNextFileActivity" is Started
1: Activity [null] "null" scheduled child activity [1] "InternalGetSftpFtpNextFileActivity"
2: Activity [1] "InternalGetSftpFtpNextFileActivity" is Executing
{
    Arguments
        ErrorOnTimeout: False
        SubscriptionId: 416f1328-771f-4720-97c5-fe5027c087af
        Timeout: 00:00:00
        IsImplicitlyCancellable: False
}
3: CustomTrackingRecord [1] "iCPSTraceTrackingRecord"
4: WorkflowInstance "InternalGetSftpFtpNextFileActivity" is Idle</StdOut>
      </Output>
    </UnitTestResult>
    <UnitTestResult executionId="b74561b8-aca2-4a52-8071-56e0b1b5a302" testId="dfc64e51-b5b4-379f-8639-1c282019e29f" testName="Invoke_AllArgumentsValid_BookmarkIsCreated" computerName="ICSWS068" duration="00:00:00.0018190" startTime="2016-08-04T09:59:09.3106878+02:00" endTime="2016-08-04T09:59:09.3126887+02:00" testType="13cdc9d9-ddb5-4fa4-a97d-d965ccfc6d4b" outcome="Passed" testListId="8c84fa94-04c1-424b-9868-57a2d4851a1d" relativeResultsDirectory="b74561b8-aca2-4a52-8071-56e0b1b5a302">
      <Output>
        <StdOut>Debug Trace:
0: WorkflowInstance "InternalGetSftpFtpNextFileActivity" is Started
1: Activity [null] "null" scheduled child activity [1] "InternalGetSftpFtpNextFileActivity"
2: Activity [1] "InternalGetSftpFtpNextFileActivity" is Executing
{
    Arguments
        ErrorOnTimeout: False
        SubscriptionId: 45d93e23-6e88-44cf-8aa3-2993e042be6e
        Timeout: 00:00:00
        IsImplicitlyCancellable: False
}
3: CustomTrackingRecord [1] "iCPSTraceTrackingRecord"
4: WorkflowInstance "InternalGetSftpFtpNextFileActivity" is Idle</StdOut>
      </Output>
    </UnitTestResult>
    <UnitTestResult executionId="3f2c383c-1cdc-44e4-936e-3503693cb2d1" testId="a1ef12d3-f30c-9c23-99c2-a7a2a8b2e03a" testName="Invoke_AllArgumentsValid_BookmarkNameIsGuid" computerName="ICSWS068" duration="00:00:00.0017530" startTime="2016-08-04T09:59:09.3163499+02:00" endTime="2016-08-04T09:59:09.3198674+02:00" testType="13cdc9d9-ddb5-4fa4-a97d-d965ccfc6d4b" outcome="Passed" testListId="8c84fa94-04c1-424b-9868-57a2d4851a1d" relativeResultsDirectory="3f2c383c-1cdc-44e4-936e-3503693cb2d1">
      <Output>
        <StdOut>Debug Trace:
0: WorkflowInstance "InternalGetSftpFtpNextFileActivity" is Started
1: Activity [null] "null" scheduled child activity [1] "InternalGetSftpFtpNextFileActivity"
2: Activity [1] "InternalGetSftpFtpNextFileActivity" is Executing
{
    Arguments
        ErrorOnTimeout: False
        SubscriptionId: 43c8cbd9-49b8-456d-a674-9701d11f5bb1
        Timeout: 00:00:00
        IsImplicitlyCancellable: False
}
3: CustomTrackingRecord [1] "iCPSTraceTrackingRecord"
4: WorkflowInstance "InternalGetSftpFtpNextFileActivity" is Idle</StdOut>
      </Output>
    </UnitTestResult>
    <UnitTestResult executionId="67efc37a-fc36-4b47-92c6-4d614ac0a5fb" testId="dfa77b86-b582-3d13-757e-d64d9f72406e" testName="Invoke_SubscriptionChanged_UpdateSubscriptionId" computerName="ICSWS068" duration="00:00:00.0042520" startTime="2016-08-04T09:59:09.3228542+02:00" endTime="2016-08-04T09:59:09.3279139+02:00" testType="13cdc9d9-ddb5-4fa4-a97d-d965ccfc6d4b" outcome="Passed" testListId="8c84fa94-04c1-424b-9868-57a2d4851a1d" relativeResultsDirectory="67efc37a-fc36-4b47-92c6-4d614ac0a5fb">
      <Output>
        <StdOut>Debug Trace:
0: WorkflowInstance "InternalGetSftpFtpNextFileActivity" is Started
1: Activity [null] "null" scheduled child activity [1] "InternalGetSftpFtpNextFileActivity"
2: Activity [1] "InternalGetSftpFtpNextFileActivity" is Executing
{
    Arguments
        ErrorOnTimeout: False
        SubscriptionId: 22eb5eba-c9ba-4d5c-b22d-dda801668318
        Timeout: 00:00:00
        IsImplicitlyCancellable: False
}
3: CustomTrackingRecord [1] "iCPSTraceTrackingRecord"
4: WorkflowInstance "InternalGetSftpFtpNextFileActivity" is Idle</StdOut>
      </Output>
    </UnitTestResult>
    <UnitTestResult executionId="e85b76b1-7e21-4810-82d4-bed554e966c2" testId="50119228-2128-12b5-5a50-5d7deffd864b" testName="Invoke_TimeoutElapsedAndNoErrorOnTimeout_ActivityEnds" computerName="ICSWS068" duration="00:00:00.0061596" startTime="2016-08-04T09:59:09.3309162+02:00" endTime="2016-08-04T09:59:09.3381912+02:00" testType="13cdc9d9-ddb5-4fa4-a97d-d965ccfc6d4b" outcome="Passed" testListId="8c84fa94-04c1-424b-9868-57a2d4851a1d" relativeResultsDirectory="e85b76b1-7e21-4810-82d4-bed554e966c2">
      <Output>
        <StdOut>Debug Trace:
0: WorkflowInstance "InternalGetSftpFtpNextFileActivity" is Started
1: Activity [null] "null" scheduled child activity [1] "InternalGetSftpFtpNextFileActivity"
2: Activity [1] "InternalGetSftpFtpNextFileActivity" is Executing
{
    Arguments
        ErrorOnTimeout: False
        SubscriptionId: 88a45694-6a92-42bd-a132-028c64020cb5
        Timeout: 00:00:10
        IsImplicitlyCancellable: False
}
3: CustomTrackingRecord [1] "iCPSTraceTrackingRecord"
4: WorkflowInstance "InternalGetSftpFtpNextFileActivity" is Idle
5: Bookmark "e301e859-3445-4286-a439-298bc7d0a659" resumed with payload &lt;iCore.Workflow.Activities.Extensions.ItemSubscriptionEventArgs`1[iCore.Common.Utilities.FileSystemWatcher.FileInfoBase]&gt; owner [1] "InternalGetSftpFtpNextFileActivity"
6: Activity [1] "InternalGetSftpFtpNextFileActivity" is Closed
{
    Arguments
        ErrorOnTimeout: False
        SubscriptionId: 88a45694-6a92-42bd-a132-028c64020cb5
        FileName: 
        Timeout: 00:00:10
        IsImplicitlyCancellable: False
        FilePath: 
}
7: WorkflowInstance "InternalGetSftpFtpNextFileActivity" is Completed</StdOut>
      </Output>
    </UnitTestResult>
    <UnitTestResult executionId="99df51ce-e3b0-4364-8eaf-be345e34d291" testId="c1afbd7f-a4ca-7c92-ae50-fd1e30cccdb3" testName="Invoke_TimeooutElapsedAndShouldErrorOnTimeout_ThrowsException" computerName="ICSWS068" duration="00:00:00.0025509" startTime="2016-08-04T09:59:09.3411779+02:00" endTime="2016-08-04T09:59:09.3451822+02:00" testType="13cdc9d9-ddb5-4fa4-a97d-d965ccfc6d4b" outcome="Passed" testListId="8c84fa94-04c1-424b-9868-57a2d4851a1d" relativeResultsDirectory="99df51ce-e3b0-4364-8eaf-be345e34d291">
      <Output>
        <StdOut>Debug Trace:
0: WorkflowInstance "InternalGetSftpFtpNextFileActivity" is Started
1: Activity [null] "null" scheduled child activity [1] "InternalGetSftpFtpNextFileActivity"
2: Activity [1] "InternalGetSftpFtpNextFileActivity" is Executing
{
    Arguments
        ErrorOnTimeout: True
        SubscriptionId: 57c8469e-79cb-4382-bb09-5ff0dd72d870
        Timeout: 00:00:02
        IsImplicitlyCancellable: False
}
3: CustomTrackingRecord [1] "iCPSTraceTrackingRecord"
4: WorkflowInstance "InternalGetSftpFtpNextFileActivity" is Idle
5: Bookmark "44547c9b-dfd2-4ebf-a088-9cdb10eae855" resumed with payload &lt;iCore.Workflow.Activities.Extensions.ItemSubscriptionEventArgs`1[iCore.Common.Utilities.FileSystemWatcher.FileInfoBase]&gt; owner [1] "InternalGetSftpFtpNextFileActivity"
6: Activity [1] "InternalGetSftpFtpNextFileActivity" is Faulted
{
    Arguments
        ErrorOnTimeout: True
        SubscriptionId: 57c8469e-79cb-4382-bb09-5ff0dd72d870
        FileName: 
        Timeout: 00:00:02
        IsImplicitlyCancellable: False
        FilePath: 
}
7: Fault source [1] "InternalGetSftpFtpNextFileActivity"
8: WorkflowInstance "InternalGetSftpFtpNextFileActivity" Unhandled Exception Source "InternalGetSftpFtpNextFileActivity" Exception &lt;System.TimeoutException: The operation has timed out.
   at System.Runtime.ExceptionServices.ExceptionDispatchInfo.Throw()
   at iCore.Workflow.Activities.Extensions.ItemSubscriptionEventArgs`1.ReThrowExceptionIfError()
   at iCore.Workflow.Activities.Ftp.InternalGetSftpFtpNextFileActivity.ProcessValue(NativeActivityContext context, Object value)
   at iCore.Workflow.Activities.Ftp.InternalGetSftpFtpNextFileActivity.OnNextFile(NativeActivityContext context, Bookmark bookmark, Object value)
   at System.Activities.Runtime.BookmarkCallbackWrapper.Invoke(NativeActivityContext context, Bookmark bookmark, Object value)
   at System.Activities.Runtime.BookmarkWorkItem.Execute(ActivityExecutor executor, BookmarkManager bookmarkManager)&gt;
9: WorkflowInstance Aborted [InternalGetSftpFtpNextFileActivity] Reason "The operation has timed out."</StdOut>
      </Output>
    </UnitTestResult>
    <UnitTestResult executionId="5474faec-bd8a-4a3b-8484-951e77731c6d" testId="9c716cbe-8683-6ea7-84e9-e00a1baf048d" testName="Invoke_ImplicitlyCancellableTrue_EntersCancellableSection" computerName="ICSWS068" duration="00:00:00.0027395" startTime="2016-08-04T09:59:09.3476983+02:00" endTime="2016-08-04T09:59:09.3516865+02:00" testType="13cdc9d9-ddb5-4fa4-a97d-d965ccfc6d4b" outcome="Passed" testListId="8c84fa94-04c1-424b-9868-57a2d4851a1d" relativeResultsDirectory="5474faec-bd8a-4a3b-8484-951e77731c6d">
      <Output>
        <StdOut>Debug Trace:
0: WorkflowInstance "InternalGetSftpFtpNextFileActivity" is Started
1: Activity [null] "null" scheduled child activity [1] "InternalGetSftpFtpNextFileActivity"
2: Activity [1] "InternalGetSftpFtpNextFileActivity" is Executing
{
    Arguments
        ErrorOnTimeout: False
        SubscriptionId: bced37d3-0f28-44cd-96e7-ea419776bdca
        Timeout: 00:00:00
        IsImplicitlyCancellable: True
}
3: CustomTrackingRecord [1] "iCPSTraceTrackingRecord"
4: WorkflowInstance "InternalGetSftpFtpNextFileActivity" is Idle</StdOut>
      </Output>
    </UnitTestResult>
    <UnitTestResult executionId="6ddc4b0b-670b-405b-898b-8bbf22f9d24c" testId="a5a5e611-91e2-2549-0698-d75c81ddf4eb" testName="Invoke_ImplicitlyCancellableFalse_DoesNotEntersCancellableSection" computerName="ICSWS068" duration="00:00:00.0032788" startTime="2016-08-04T09:59:09.3546932+02:00" endTime="2016-08-04T09:59:09.3596964+02:00" testType="13cdc9d9-ddb5-4fa4-a97d-d965ccfc6d4b" outcome="Passed" testListId="8c84fa94-04c1-424b-9868-57a2d4851a1d" relativeResultsDirectory="6ddc4b0b-670b-405b-898b-8bbf22f9d24c">
      <Output>
        <StdOut>Debug Trace:
0: WorkflowInstance "InternalGetSftpFtpNextFileActivity" is Started
1: Activity [null] "null" scheduled child activity [1] "InternalGetSftpFtpNextFileActivity"
2: Activity [1] "InternalGetSftpFtpNextFileActivity" is Executing
{
    Arguments
        ErrorOnTimeout: False
        SubscriptionId: a80de97b-bcca-499d-a092-d136500bddc4
        Timeout: 00:00:00
        IsImplicitlyCancellable: False
}
3: CustomTrackingRecord [1] "iCPSTraceTrackingRecord"
4: WorkflowInstance "InternalGetSftpFtpNextFileActivity" is Idle
5: Bookmark "e747288b-bdda-4154-b887-863edad07778" resumed with payload &lt;iCore.Workflow.Activities.Extensions.ItemSubscriptionEventArgs`1[iCore.Common.Utilities.FileSystemWatcher.FileInfoBase]&gt; owner [1] "InternalGetSftpFtpNextFileActivity"
6: Activity [1] "InternalGetSftpFtpNextFileActivity" is Closed
{
    Arguments
        ErrorOnTimeout: False
        SubscriptionId: a80de97b-bcca-499d-a092-d136500bddc4
        FileName: text.txt
        Timeout: 00:00:00
        IsImplicitlyCancellable: False
        FilePath: /TestDirectory/Test/text.txt
}
7: WorkflowInstance "InternalGetSftpFtpNextFileActivity" is Completed</StdOut>
      </Output>
    </UnitTestResult>
    <UnitTestResult executionId="8163c2c5-2902-46ea-93fd-836dfd3ffa35" testId="db58b18c-8287-cf39-64e4-b4892456f3b0" testName="Invoke_ImplicitlyCancellableTrueAndOnNextFile_ExitCancellableSection" computerName="ICSWS068" duration="00:00:00.0038177" startTime="2016-08-04T09:59:09.3616972+02:00" endTime="2016-08-04T09:59:09.3676517+02:00" testType="13cdc9d9-ddb5-4fa4-a97d-d965ccfc6d4b" outcome="Passed" testListId="8c84fa94-04c1-424b-9868-57a2d4851a1d" relativeResultsDirectory="8163c2c5-2902-46ea-93fd-836dfd3ffa35">
      <Output>
        <StdOut>Debug Trace:
0: WorkflowInstance "InternalGetSftpFtpNextFileActivity" is Started
1: Activity [null] "null" scheduled child activity [1] "InternalGetSftpFtpNextFileActivity"
2: Activity [1] "InternalGetSftpFtpNextFileActivity" is Executing
{
    Arguments
        ErrorOnTimeout: False
        SubscriptionId: 40e30af6-1a2b-4e5a-8f6f-221df5443a3a
        Timeout: 00:00:00
        IsImplicitlyCancellable: True
}
3: CustomTrackingRecord [1] "iCPSTraceTrackingRecord"
4: WorkflowInstance "InternalGetSftpFtpNextFileActivity" is Idle
5: Bookmark "565e857d-236e-45ae-9204-62778af191bd" resumed with payload &lt;iCore.Workflow.Activities.Extensions.ItemSubscriptionEventArgs`1[iCore.Common.Utilities.FileSystemWatcher.FileInfoBase]&gt; owner [1] "InternalGetSftpFtpNextFileActivity"
6: Activity [1] "InternalGetSftpFtpNextFileActivity" is Closed
{
    Arguments
        ErrorOnTimeout: False
        SubscriptionId: 40e30af6-1a2b-4e5a-8f6f-221df5443a3a
        FileName: 
        Timeout: 00:00:00
        IsImplicitlyCancellable: True
        FilePath: /TestDirectory/Test/text.txt
}
7: WorkflowInstance "InternalGetSftpFtpNextFileActivity" is Completed</StdOut>
      </Output>
    </UnitTestResult>
    <UnitTestResult executionId="7e2996db-17a0-43bf-9200-78d5217a8f23" testId="9603956f-e642-58a7-3e61-86a6d3ce82e4" testName="Invoke_ImplicitlyCancellableFalseAndOnNextFile_DoesNotExitCancellableSection" computerName="ICSWS068" duration="00:00:00.0028310" startTime="2016-08-04T09:59:09.3706539+02:00" endTime="2016-08-04T09:59:09.3746574+02:00" testType="13cdc9d9-ddb5-4fa4-a97d-d965ccfc6d4b" outcome="Passed" testListId="8c84fa94-04c1-424b-9868-57a2d4851a1d" relativeResultsDirectory="7e2996db-17a0-43bf-9200-78d5217a8f23">
      <Output>
        <StdOut>Debug Trace:
0: WorkflowInstance "InternalGetSftpFtpNextFileActivity" is Started
1: Activity [null] "null" scheduled child activity [1] "InternalGetSftpFtpNextFileActivity"
2: Activity [1] "InternalGetSftpFtpNextFileActivity" is Executing
{
    Arguments
        ErrorOnTimeout: False
        SubscriptionId: c5231198-c202-455f-9e00-3c46645564e5
        Timeout: 00:00:00
        IsImplicitlyCancellable: False
}
3: CustomTrackingRecord [1] "iCPSTraceTrackingRecord"
4: WorkflowInstance "InternalGetSftpFtpNextFileActivity" is Idle
5: Bookmark "a16492a2-e20d-4dd3-a283-43b7fd70d284" resumed with payload &lt;iCore.Workflow.Activities.Extensions.ItemSubscriptionEventArgs`1[iCore.Common.Utilities.FileSystemWatcher.FileInfoBase]&gt; owner [1] "InternalGetSftpFtpNextFileActivity"
6: Activity [1] "InternalGetSftpFtpNextFileActivity" is Closed
{
    Arguments
        ErrorOnTimeout: False
        SubscriptionId: c5231198-c202-455f-9e00-3c46645564e5
        FileName: 
        Timeout: 00:00:00
        IsImplicitlyCancellable: False
        FilePath: /TestDirectory/Test/text.txt
}
7: WorkflowInstance "InternalGetSftpFtpNextFileActivity" is Completed</StdOut>
      </Output>
    </UnitTestResult>
    <UnitTestResult executionId="d774a1e4-fa2b-4e9b-afa7-2375a2630c00" testId="9036ddbb-b395-2c5c-9234-54964bee3a39" testName="Invoke_CancelCalled_SubscriptionCancelled" computerName="ICSWS068" duration="00:00:00.0063236" startTime="2016-08-04T09:59:09.3771752+02:00" endTime="2016-08-04T09:59:09.3846646+02:00" testType="13cdc9d9-ddb5-4fa4-a97d-d965ccfc6d4b" outcome="Passed" testListId="8c84fa94-04c1-424b-9868-57a2d4851a1d" relativeResultsDirectory="d774a1e4-fa2b-4e9b-afa7-2375a2630c00">
      <Output>
        <StdOut>Debug Trace:
0: WorkflowInstance "InternalGetSftpFtpNextFileActivity" is Started
1: Activity [null] "null" scheduled child activity [1] "InternalGetSftpFtpNextFileActivity"
2: Activity [1] "InternalGetSftpFtpNextFileActivity" is Executing
{
    Arguments
        ErrorOnTimeout: False
        SubscriptionId: febf29da-84b9-4db8-8eae-563e541259f0
        Timeout: 00:00:00
        IsImplicitlyCancellable: False
}
3: CustomTrackingRecord [1] "iCPSTraceTrackingRecord"
4: WorkflowInstance "InternalGetSftpFtpNextFileActivity" is Idle
5: Host requests cancel of activity [1] "InternalGetSftpFtpNextFileActivity"
6: CustomTrackingRecord [1] "iCPSTraceTrackingRecord"
7: Activity [1] "InternalGetSftpFtpNextFileActivity" is Canceled
{
    Arguments
        ErrorOnTimeout: False
        SubscriptionId: febf29da-84b9-4db8-8eae-563e541259f0
        FileName: 
        Timeout: 00:00:00
        IsImplicitlyCancellable: False
        FilePath: 
}
8: WorkflowInstance "InternalGetSftpFtpNextFileActivity" is Canceled</StdOut>
      </Output>
    </UnitTestResult>
    <UnitTestResult executionId="cc24ce50-8066-490f-86a5-11fda10fcf9b" testId="92d22ba7-b922-752b-857b-7b89a3294c89" testName="Invoke_CancelCalledExceptionThrownOnCancelSubscription_HandlesException" computerName="ICSWS068" duration="00:00:00.0031318" startTime="2016-08-04T09:59:09.3876663+02:00" endTime="2016-08-04T09:59:09.3921712+02:00" testType="13cdc9d9-ddb5-4fa4-a97d-d965ccfc6d4b" outcome="Passed" testListId="8c84fa94-04c1-424b-9868-57a2d4851a1d" relativeResultsDirectory="cc24ce50-8066-490f-86a5-11fda10fcf9b">
      <Output>
        <StdOut>Debug Trace:
0: WorkflowInstance "InternalGetSftpFtpNextFileActivity" is Started
1: Activity [null] "null" scheduled child activity [1] "InternalGetSftpFtpNextFileActivity"
2: Activity [1] "InternalGetSftpFtpNextFileActivity" is Executing
{
    Arguments
        ErrorOnTimeout: False
        SubscriptionId: b5a5b20a-d7e3-45ad-9456-1f17813686a0
        Timeout: 00:00:00
        IsImplicitlyCancellable: False
}
3: CustomTrackingRecord [1] "iCPSTraceTrackingRecord"
4: WorkflowInstance "InternalGetSftpFtpNextFileActivity" is Idle
5: Host requests cancel of activity [1] "InternalGetSftpFtpNextFileActivity"
6: CustomTrackingRecord [1] "iCPSTraceTrackingRecord"
7: CustomTrackingRecord [1] "iCPSTraceTrackingRecord"
8: Activity [1] "InternalGetSftpFtpNextFileActivity" is Canceled
{
    Arguments
        ErrorOnTimeout: False
        SubscriptionId: b5a5b20a-d7e3-45ad-9456-1f17813686a0
        FileName: 
        Timeout: 00:00:00
        IsImplicitlyCancellable: False
        FilePath: 
}
9: WorkflowInstance "InternalGetSftpFtpNextFileActivity" is Canceled</StdOut>
      </Output>
    </UnitTestResult>
    <UnitTestResult executionId="ad709060-05f2-420b-9644-9271b6cc1edd" testId="1bb977ae-1944-a8e5-0196-b4917a306c5a" testName="Invoke_AbortCalled_SubscriptionIsCancelled" computerName="ICSWS068" duration="00:00:00.0036028" startTime="2016-08-04T09:59:09.3946749+02:00" endTime="2016-08-04T09:59:09.3996787+02:00" testType="13cdc9d9-ddb5-4fa4-a97d-d965ccfc6d4b" outcome="Passed" testListId="8c84fa94-04c1-424b-9868-57a2d4851a1d" relativeResultsDirectory="ad709060-05f2-420b-9644-9271b6cc1edd">
      <Output>
        <StdOut>Debug Trace:
0: WorkflowInstance "InternalGetSftpFtpNextFileActivity" is Started
1: Activity [null] "null" scheduled child activity [1] "InternalGetSftpFtpNextFileActivity"
2: Activity [1] "InternalGetSftpFtpNextFileActivity" is Executing
{
    Arguments
        ErrorOnTimeout: False
        SubscriptionId: 0bc45e7a-f74d-48a2-a4ff-6faf34939b1e
        Timeout: 00:00:00
        IsImplicitlyCancellable: False
}
3: CustomTrackingRecord [1] "iCPSTraceTrackingRecord"
4: WorkflowInstance "InternalGetSftpFtpNextFileActivity" is Idle
5: WorkflowInstance Aborted [InternalGetSftpFtpNextFileActivity] Reason "The workflow has been aborted."</StdOut>
      </Output>
    </UnitTestResult>
    <UnitTestResult executionId="58835d2f-b5e2-4df6-9931-698c072c86d7" testId="dc786e32-ba42-779c-3c53-68ff56721fe2" testName="Invoke_OnlyRequiredArguments_ServerFilePathCanBeRetrieved" computerName="ICSWS068" duration="00:00:00.0049638" startTime="2016-08-04T09:59:09.4031845+02:00" endTime="2016-08-04T09:59:09.4091908+02:00" testType="13cdc9d9-ddb5-4fa4-a97d-d965ccfc6d4b" outcome="Passed" testListId="8c84fa94-04c1-424b-9868-57a2d4851a1d" relativeResultsDirectory="58835d2f-b5e2-4df6-9931-698c072c86d7">
      <Output>
        <StdOut>Debug Trace:
0: WorkflowInstance "InternalGetSftpFtpNextFileActivity" is Started
1: Activity [null] "null" scheduled child activity [1] "InternalGetSftpFtpNextFileActivity"
2: Activity [1] "InternalGetSftpFtpNextFileActivity" is Executing
{
    Arguments
        ErrorOnTimeout: False
        SubscriptionId: 91d9e5ce-cc65-4256-ab44-733be1d87565
        Timeout: 00:00:00
        IsImplicitlyCancellable: False
}
3: CustomTrackingRecord [1] "iCPSTraceTrackingRecord"
4: WorkflowInstance "InternalGetSftpFtpNextFileActivity" is Idle
5: Bookmark "bd2c8eff-909e-4cc0-a8ad-a4099bbd0750" resumed with payload &lt;iCore.Workflow.Activities.Extensions.ItemSubscriptionEventArgs`1[iCore.Common.Utilities.FileSystemWatcher.FileInfoBase]&gt; owner [1] "InternalGetSftpFtpNextFileActivity"
6: Activity [1] "InternalGetSftpFtpNextFileActivity" is Closed
{
    Arguments
        ErrorOnTimeout: False
        SubscriptionId: 91d9e5ce-cc65-4256-ab44-733be1d87565
        FileName: text.txt
        Timeout: 00:00:00
        IsImplicitlyCancellable: False
        FilePath: /TestDirectory/Test/text.txt
}
7: WorkflowInstance "InternalGetSftpFtpNextFileActivity" is Completed</StdOut>
      </Output>
    </UnitTestResult>
    <UnitTestResult executionId="2b1d4d35-7e04-43df-9c96-a9b4d9d1d94e" testId="db93fd24-1033-8179-59eb-901b7f7dcb55" testName="Invoke_FileFound_FileNameIsRetrivedFromFileInfoBase" computerName="ICSWS068" duration="00:00:00.0043875" startTime="2016-08-04T09:59:09.4117098+02:00" endTime="2016-08-04T09:59:09.4177880+02:00" testType="13cdc9d9-ddb5-4fa4-a97d-d965ccfc6d4b" outcome="Passed" testListId="8c84fa94-04c1-424b-9868-57a2d4851a1d" relativeResultsDirectory="2b1d4d35-7e04-43df-9c96-a9b4d9d1d94e">
      <Output>
        <StdOut>Debug Trace:
0: WorkflowInstance "InternalGetSftpFtpNextFileActivity" is Started
1: Activity [null] "null" scheduled child activity [1] "InternalGetSftpFtpNextFileActivity"
2: Activity [1] "InternalGetSftpFtpNextFileActivity" is Executing
{
    Arguments
        ErrorOnTimeout: False
        SubscriptionId: cb0c3d82-3b3a-4f14-a771-4f791ad22fe8
        Timeout: 00:00:00
        IsImplicitlyCancellable: False
}
3: CustomTrackingRecord [1] "iCPSTraceTrackingRecord"
4: WorkflowInstance "InternalGetSftpFtpNextFileActivity" is Idle
5: Bookmark "42c2187e-a998-4f24-9778-f458953cce10" resumed with payload &lt;iCore.Workflow.Activities.Extensions.ItemSubscriptionEventArgs`1[iCore.Common.Utilities.FileSystemWatcher.FileInfoBase]&gt; owner [1] "InternalGetSftpFtpNextFileActivity"
6: Activity [1] "InternalGetSftpFtpNextFileActivity" is Closed
{
    Arguments
        ErrorOnTimeout: False
        SubscriptionId: cb0c3d82-3b3a-4f14-a771-4f791ad22fe8
        FileName: text.txt
        Timeout: 00:00:00
        IsImplicitlyCancellable: False
        FilePath: /TestDirectory/Test/text.txt
}
7: WorkflowInstance "InternalGetSftpFtpNextFileActivity" is Completed</StdOut>
      </Output>
    </UnitTestResult>
    <UnitTestResult executionId="c963540f-db9f-4e7c-baee-2b054181ef7d" testId="570d241b-40e5-d62c-5156-bba53f77dfb9" testName="Invoke_AllArgumentsSet_ServerFilePathCanBeRetrieved" computerName="ICSWS068" duration="00:00:00.0035427" startTime="2016-08-04T09:59:09.4208068+02:00" endTime="2016-08-04T09:59:09.4258205+02:00" testType="13cdc9d9-ddb5-4fa4-a97d-d965ccfc6d4b" outcome="Passed" testListId="8c84fa94-04c1-424b-9868-57a2d4851a1d" relativeResultsDirectory="c963540f-db9f-4e7c-baee-2b054181ef7d">
      <Output>
        <StdOut>Debug Trace:
0: WorkflowInstance "InternalGetSftpFtpNextFileActivity" is Started
1: Activity [null] "null" scheduled child activity [1] "InternalGetSftpFtpNextFileActivity"
2: Activity [1] "InternalGetSftpFtpNextFileActivity" is Executing
{
    Arguments
        ErrorOnTimeout: False
        SubscriptionId: b7cefad6-e2ce-4b42-8a29-d16827c9b3dc
        Timeout: 00:00:00
        IsImplicitlyCancellable: False
}
3: CustomTrackingRecord [1] "iCPSTraceTrackingRecord"
4: WorkflowInstance "InternalGetSftpFtpNextFileActivity" is Idle
5: Bookmark "d07a0e53-9a0c-47a6-951b-1c9bf42b2ad6" resumed with payload &lt;iCore.Workflow.Activities.Extensions.ItemSubscriptionEventArgs`1[iCore.Common.Utilities.FileSystemWatcher.FileInfoBase]&gt; owner [1] "InternalGetSftpFtpNextFileActivity"
6: Activity [1] "InternalGetSftpFtpNextFileActivity" is Closed
{
    Arguments
        ErrorOnTimeout: False
        SubscriptionId: b7cefad6-e2ce-4b42-8a29-d16827c9b3dc
        FileName: text.txt
        Timeout: 00:00:00
        IsImplicitlyCancellable: False
        FilePath: /TestDirectory/Test/text.txt
}
7: WorkflowInstance "InternalGetSftpFtpNextFileActivity" is Completed</StdOut>
      </Output>
    </UnitTestResult>
    <UnitTestResult executionId="9ef8e255-64bc-4e99-95e8-f4fe612bb88b" testId="add9b006-1c03-4947-07c3-7463559c6b39" testName="Invoke_ArgumentValidBookmarkResumeButDoesNotReturnExpectedEventArgs_ThrowArgumentException" computerName="ICSWS068" duration="00:00:00.0032345" startTime="2016-08-04T09:59:09.4288101+02:00" endTime="2016-08-04T09:59:09.4333101+02:00" testType="13cdc9d9-ddb5-4fa4-a97d-d965ccfc6d4b" outcome="Passed" testListId="8c84fa94-04c1-424b-9868-57a2d4851a1d" relativeResultsDirectory="9ef8e255-64bc-4e99-95e8-f4fe612bb88b">
      <Output>
        <StdOut>Debug Trace:
0: WorkflowInstance "InternalGetSftpFtpNextFileActivity" is Started
1: Activity [null] "null" scheduled child activity [1] "InternalGetSftpFtpNextFileActivity"
2: Activity [1] "InternalGetSftpFtpNextFileActivity" is Executing
{
    Arguments
        ErrorOnTimeout: False
        SubscriptionId: ea1cb3f8-1c38-4279-9437-37c7fcdcc3fb
        Timeout: 00:00:00
        IsImplicitlyCancellable: False
}
3: CustomTrackingRecord [1] "iCPSTraceTrackingRecord"
4: WorkflowInstance "InternalGetSftpFtpNextFileActivity" is Idle
5: Bookmark "c8440aef-b830-4446-931b-b8bd091ceb36" resumed with payload &lt;iCore.Workflow.Activities.Extensions.ItemSubscriptionEventArgs`1[System.IO.FileInfo]&gt; owner [1] "InternalGetSftpFtpNextFileActivity"
6: Activity [1] "InternalGetSftpFtpNextFileActivity" is Faulted
{
    Arguments
        ErrorOnTimeout: False
        SubscriptionId: ea1cb3f8-1c38-4279-9437-37c7fcdcc3fb
        FileName: 
        Timeout: 00:00:00
        IsImplicitlyCancellable: False
        FilePath: 
}
7: Fault source [1] "InternalGetSftpFtpNextFileActivity"
8: WorkflowInstance "InternalGetSftpFtpNextFileActivity" Unhandled Exception Source "InternalGetSftpFtpNextFileActivity" Exception &lt;System.ArgumentException: OnFileFound was called with argument of type ItemSubscriptionEventArgs`1 instead of ItemSubscriptionEventArgs`1
Parameter name: value
   at iCore.Workflow.Activities.Ftp.InternalGetSftpFtpNextFileActivity.ProcessValue(NativeActivityContext context, Object value)
   at iCore.Workflow.Activities.Ftp.InternalGetSftpFtpNextFileActivity.OnNextFile(NativeActivityContext context, Bookmark bookmark, Object value)
   at System.Activities.Runtime.BookmarkCallbackWrapper.Invoke(NativeActivityContext context, Bookmark bookmark, Object value)
   at System.Activities.Runtime.BookmarkWorkItem.Execute(ActivityExecutor executor, BookmarkManager bookmarkManager)&gt;
9: WorkflowInstance Aborted [InternalGetSftpFtpNextFileActivity] Reason "OnFileFound was called with argument of type ItemSubscriptionEventArgs`1 instead of ItemSubscriptionEventArgs`1
Parameter name: value"</StdOut>
      </Output>
    </UnitTestResult>
    <UnitTestResult executionId="805260b0-63d9-4070-847d-0401c38d1037" testId="f72fd43a-f735-90fd-396b-486a1e98f7f0" testName="Invoke_ArgumentsValidEventArgsHasErrors_ThrowsException" computerName="ICSWS068" duration="00:00:00.0022281" startTime="2016-08-04T09:59:09.4363129+02:00" endTime="2016-08-04T09:59:09.4398308+02:00" testType="13cdc9d9-ddb5-4fa4-a97d-d965ccfc6d4b" outcome="Passed" testListId="8c84fa94-04c1-424b-9868-57a2d4851a1d" relativeResultsDirectory="805260b0-63d9-4070-847d-0401c38d1037">
      <Output>
        <StdOut>Debug Trace:
0: WorkflowInstance "InternalGetSftpFtpNextFileActivity" is Started
1: Activity [null] "null" scheduled child activity [1] "InternalGetSftpFtpNextFileActivity"
2: Activity [1] "InternalGetSftpFtpNextFileActivity" is Executing
{
    Arguments
        ErrorOnTimeout: False
        SubscriptionId: cf4b5704-d7fe-4311-bd2b-2f0036e9ada4
        Timeout: 00:00:00
        IsImplicitlyCancellable: False
}
3: CustomTrackingRecord [1] "iCPSTraceTrackingRecord"
4: WorkflowInstance "InternalGetSftpFtpNextFileActivity" is Idle
5: Bookmark "350f1e21-a26a-4add-b676-634e93ffd38f" resumed with payload &lt;iCore.Workflow.Activities.Extensions.ItemSubscriptionEventArgs`1[iCore.Common.Utilities.FileSystemWatcher.FileInfoBase]&gt; owner [1] "InternalGetSftpFtpNextFileActivity"
6: Activity [1] "InternalGetSftpFtpNextFileActivity" is Faulted
{
    Arguments
        ErrorOnTimeout: False
        SubscriptionId: cf4b5704-d7fe-4311-bd2b-2f0036e9ada4
        FileName: 
        Timeout: 00:00:00
        IsImplicitlyCancellable: False
        FilePath: 
}
7: Fault source [1] "InternalGetSftpFtpNextFileActivity"
8: WorkflowInstance "InternalGetSftpFtpNextFileActivity" Unhandled Exception Source "InternalGetSftpFtpNextFileActivity" Exception &lt;System.InvalidOperationException: Server became unavailable
   at System.Runtime.ExceptionServices.ExceptionDispatchInfo.Throw()
   at iCore.Workflow.Activities.Extensions.ItemSubscriptionEventArgs`1.ReThrowExceptionIfError()
   at iCore.Workflow.Activities.Ftp.InternalGetSftpFtpNextFileActivity.ProcessValue(NativeActivityContext context, Object value)
   at iCore.Workflow.Activities.Ftp.InternalGetSftpFtpNextFileActivity.OnNextFile(NativeActivityContext context, Bookmark bookmark, Object value)
   at System.Activities.Runtime.BookmarkCallbackWrapper.Invoke(NativeActivityContext context, Bookmark bookmark, Object value)
   at System.Activities.Runtime.BookmarkWorkItem.Execute(ActivityExecutor executor, BookmarkManager bookmarkManager)&gt;
9: WorkflowInstance Aborted [InternalGetSftpFtpNextFileActivity] Reason "Server became unavailable"</StdOut>
      </Output>
    </UnitTestResult>
    <UnitTestResult executionId="e893235d-99ef-4c7b-88ba-771ce9e77c8b" testId="748a9ad4-eb18-aea4-f052-32e20f4294b0" testName="Invoke_NormalExecution_Success" computerName="ICSWS068" duration="00:00:00.0133266" startTime="2016-08-04T09:59:09.4423167+02:00" endTime="2016-08-04T09:59:09.4569551+02:00" testType="13cdc9d9-ddb5-4fa4-a97d-d965ccfc6d4b" outcome="Passed" testListId="8c84fa94-04c1-424b-9868-57a2d4851a1d" relativeResultsDirectory="e893235d-99ef-4c7b-88ba-771ce9e77c8b">
      <Output>
        <StdOut>Debug Trace:
0: WorkflowInstance "ListSftpFtpDirectoryActivity" is Started
1: Activity [null] "null" scheduled child activity [1] "ListSftpFtpDirectoryActivity"
2: Activity [1] "ListSftpFtpDirectoryActivity" is Executing
{
    Arguments
        Directory: /root/myfile.txt
        ListFilter: *.txt
        ListFilterOption: FilterOnClient
        Connection: Mock&lt;iCore.Public.Ftp.IFileTransferConnection:f6ac&gt;.Object
        FilterPattern: .*\.txt
        FilterPatternOptions: IgnoreCase, IgnorePatternWhitespace
}
3: WorkflowInstance "ListSftpFtpDirectoryActivity" is Idle
4: Activity [1] "ListSftpFtpDirectoryActivity" is Closed
{
    Arguments
        Directory: /root/myfile.txt
        ListFilter: *.txt
        ListFilterOption: FilterOnClient
        Connection: Mock&lt;iCore.Public.Ftp.IFileTransferConnection:f6ac&gt;.Object
        FilterPattern: .*\.txt
        Result: System.Collections.ObjectModel.ReadOnlyCollection`1[iCore.Public.Ftp.IFtpFileEntryInfo]
        FilterPatternOptions: IgnoreCase, IgnorePatternWhitespace
}
5: WorkflowInstance "ListSftpFtpDirectoryActivity" is Completed</StdOut>
      </Output>
    </UnitTestResult>
    <UnitTestResult executionId="14eb0247-1e32-4cdc-a7d7-cc841f3b30e5" testId="b857ec75-1b42-4f62-360e-1de8d341c9df" testName="Invoke_FilterIsNull_Success" computerName="ICSWS068" duration="00:00:00.0059271" startTime="2016-08-04T09:59:09.4599559+02:00" endTime="2016-08-04T09:59:09.4674338+02:00" testType="13cdc9d9-ddb5-4fa4-a97d-d965ccfc6d4b" outcome="Passed" testListId="8c84fa94-04c1-424b-9868-57a2d4851a1d" relativeResultsDirectory="14eb0247-1e32-4cdc-a7d7-cc841f3b30e5">
      <Output>
        <StdOut>Debug Trace:
0: WorkflowInstance "ListSftpFtpDirectoryActivity" is Started
1: Activity [null] "null" scheduled child activity [1] "ListSftpFtpDirectoryActivity"
2: Activity [1] "ListSftpFtpDirectoryActivity" is Executing
{
    Arguments
        Directory: /root/myfile.txt
        ListFilter: 
        ListFilterOption: FilterOnClient
        Connection: Mock&lt;iCore.Public.Ftp.IFileTransferConnection:574d&gt;.Object
        FilterPattern: 
        FilterPatternOptions: None
}
3: WorkflowInstance "ListSftpFtpDirectoryActivity" is Idle
4: Activity [1] "ListSftpFtpDirectoryActivity" is Closed
{
    Arguments
        Directory: /root/myfile.txt
        ListFilter: 
        ListFilterOption: FilterOnClient
        Connection: Mock&lt;iCore.Public.Ftp.IFileTransferConnection:574d&gt;.Object
        FilterPattern: 
        Result: System.Collections.ObjectModel.ReadOnlyCollection`1[iCore.Public.Ftp.IFtpFileEntryInfo]
        FilterPatternOptions: None
}
5: WorkflowInstance "ListSftpFtpDirectoryActivity" is Completed</StdOut>
      </Output>
    </UnitTestResult>
    <UnitTestResult executionId="bd695619-2d23-4d3d-aaa3-501fbcbf2d67" testId="d00e235f-a759-21de-9323-756cf8327dbb" testName="Invoke_ConnectionIsNull_ThrowsArgumentException" computerName="ICSWS068" duration="00:00:00.0018826" startTime="2016-08-04T09:59:09.4704358+02:00" endTime="2016-08-04T09:59:09.4734378+02:00" testType="13cdc9d9-ddb5-4fa4-a97d-d965ccfc6d4b" outcome="Passed" testListId="8c84fa94-04c1-424b-9868-57a2d4851a1d" relativeResultsDirectory="bd695619-2d23-4d3d-aaa3-501fbcbf2d67">
      <Output>
        <StdOut>Debug Trace:
0: WorkflowInstance "ListSftpFtpDirectoryActivity" is Started
1: Activity [null] "null" scheduled child activity [1] "ListSftpFtpDirectoryActivity"
2: Activity [1] "ListSftpFtpDirectoryActivity" is Executing
{
    Arguments
        Directory: /root/myfile.txt
        ListFilter: *.txt
        ListFilterOption: FilterOnClient
        Connection: 
        FilterPattern: 
        FilterPatternOptions: None
}
3: Activity [1] "ListSftpFtpDirectoryActivity" is Faulted
{
    Arguments
        Directory: /root/myfile.txt
        ListFilter: *.txt
        ListFilterOption: FilterOnClient
        Connection: 
        FilterPattern: 
        Result: 
        FilterPatternOptions: None
}
4: Fault source [1] "ListSftpFtpDirectoryActivity"
5: WorkflowInstance "ListSftpFtpDirectoryActivity" Unhandled Exception Source "ListSftpFtpDirectoryActivity" Exception &lt;System.ArgumentNullException: Connection is null.
Parameter name: Connection
   at Tests.iCore.Common.Activities.UnitTestActivityBase.WaitForCompletion() in F:\ETWork\Main\Testing\Assemblies\Tests.iCore.Common.Activities\UnitTestActivityBase.cs:line 129
   at Tests.iCore.Common.Activities.UnitTestActivityBase.RunAndWaitForCompletion() in F:\ETWork\Main\Testing\Assemblies\Tests.iCore.Common.Activities\UnitTestActivityBase.cs:line 113
   at UnitTests.Workflow.Activities.Ftp.ListSftpFtpDirectoryActivityTests.Invoke_ConnectionIsNull_ThrowsArgumentException() in F:\ETWork\Main\Common\Assemblies\UnitTests.iCore.Workflow.Activities.Ftp\Ftp\ListSftpFtpDirectoryActivityTests.cs:line 119&gt;
6: WorkflowInstance Aborted [ListSftpFtpDirectoryActivity] Reason "Connection is null.
Parameter name: Connection"</StdOut>
      </Output>
    </UnitTestResult>
    <UnitTestResult executionId="69ac6621-6d1c-42cb-9e87-4ade77b6f886" testId="a57b98f2-96f5-622f-0936-e4428fc8b2ba" testName="Invoke_ConnectionIsMissing_ThrowsArgumentException" computerName="ICSWS068" duration="00:00:00.0010647" startTime="2016-08-04T09:59:09.4764401+02:00" endTime="2016-08-04T09:59:09.4784430+02:00" testType="13cdc9d9-ddb5-4fa4-a97d-d965ccfc6d4b" outcome="Passed" testListId="8c84fa94-04c1-424b-9868-57a2d4851a1d" relativeResultsDirectory="69ac6621-6d1c-42cb-9e87-4ade77b6f886" />
    <UnitTestResult executionId="8042032a-833a-466c-849d-c1ec69797fa5" testId="2af45f51-9c46-e5f7-30a6-598410a9c761" testName="Invoke_DirectoryIsNull_ThrowsArgumentException" computerName="ICSWS068" duration="00:00:00.0019281" startTime="2016-08-04T09:59:09.4814436+02:00" endTime="2016-08-04T09:59:09.4846505+02:00" testType="13cdc9d9-ddb5-4fa4-a97d-d965ccfc6d4b" outcome="Passed" testListId="8c84fa94-04c1-424b-9868-57a2d4851a1d" relativeResultsDirectory="8042032a-833a-466c-849d-c1ec69797fa5">
      <Output>
        <StdOut>Debug Trace:
0: WorkflowInstance "ListSftpFtpDirectoryActivity" is Started
1: Activity [null] "null" scheduled child activity [1] "ListSftpFtpDirectoryActivity"
2: Activity [1] "ListSftpFtpDirectoryActivity" is Executing
{
    Arguments
        Directory: 
        ListFilter: *.*
        ListFilterOption: FilterOnClient
        Connection: Mock&lt;iCore.Public.Ftp.IFileTransferConnection:d2a1&gt;.Object
        FilterPattern: 
        FilterPatternOptions: None
}
3: Activity [1] "ListSftpFtpDirectoryActivity" is Faulted
{
    Arguments
        Directory: 
        ListFilter: *.*
        ListFilterOption: FilterOnClient
        Connection: Mock&lt;iCore.Public.Ftp.IFileTransferConnection:d2a1&gt;.Object
        FilterPattern: 
        Result: 
        FilterPatternOptions: None
}
4: Fault source [1] "ListSftpFtpDirectoryActivity"
5: WorkflowInstance "ListSftpFtpDirectoryActivity" Unhandled Exception Source "ListSftpFtpDirectoryActivity" Exception &lt;System.ArgumentException: A directory from which to retrieve the files must be specified.
Parameter name: Directory
   at Tests.iCore.Common.Activities.UnitTestActivityBase.WaitForCompletion() in F:\ETWork\Main\Testing\Assemblies\Tests.iCore.Common.Activities\UnitTestActivityBase.cs:line 129
   at Tests.iCore.Common.Activities.UnitTestActivityBase.RunAndWaitForCompletion() in F:\ETWork\Main\Testing\Assemblies\Tests.iCore.Common.Activities\UnitTestActivityBase.cs:line 113
   at UnitTests.Workflow.Activities.Ftp.ListSftpFtpDirectoryActivityTests.Invoke_DirectoryIsNull_ThrowsArgumentException() in F:\ETWork\Main\Common\Assemblies\UnitTests.iCore.Workflow.Activities.Ftp\Ftp\ListSftpFtpDirectoryActivityTests.cs:line 144&gt;
6: WorkflowInstance Aborted [ListSftpFtpDirectoryActivity] Reason "A directory from which to retrieve the files must be specified.
Parameter name: Directory"</StdOut>
      </Output>
    </UnitTestResult>
    <UnitTestResult executionId="8ae42cbe-1259-4843-8413-25b3190a00b3" testId="26a483f8-7117-e06a-6422-e1a27ca3e7ed" testName="Invoke_DirectoryIsEmpty_ThrowsArgumentException" computerName="ICSWS068" duration="00:00:00.0018345" startTime="2016-08-04T09:59:09.4876528+02:00" endTime="2016-08-04T09:59:09.4906625+02:00" testType="13cdc9d9-ddb5-4fa4-a97d-d965ccfc6d4b" outcome="Passed" testListId="8c84fa94-04c1-424b-9868-57a2d4851a1d" relativeResultsDirectory="8ae42cbe-1259-4843-8413-25b3190a00b3">
      <Output>
        <StdOut>Debug Trace:
0: WorkflowInstance "ListSftpFtpDirectoryActivity" is Started
1: Activity [null] "null" scheduled child activity [1] "ListSftpFtpDirectoryActivity"
2: Activity [1] "ListSftpFtpDirectoryActivity" is Executing
{
    Arguments
        Directory: 
        ListFilter: *.*
        ListFilterOption: FilterOnClient
        Connection: Mock&lt;iCore.Public.Ftp.IFileTransferConnection:7e90&gt;.Object
        FilterPattern: 
        FilterPatternOptions: None
}
3: Activity [1] "ListSftpFtpDirectoryActivity" is Faulted
{
    Arguments
        Directory: 
        ListFilter: *.*
        ListFilterOption: FilterOnClient
        Connection: Mock&lt;iCore.Public.Ftp.IFileTransferConnection:7e90&gt;.Object
        FilterPattern: 
        Result: 
        FilterPatternOptions: None
}
4: Fault source [1] "ListSftpFtpDirectoryActivity"
5: WorkflowInstance "ListSftpFtpDirectoryActivity" Unhandled Exception Source "ListSftpFtpDirectoryActivity" Exception &lt;System.ArgumentException: A directory from which to retrieve the files must be specified.
Parameter name: Directory
   at Tests.iCore.Common.Activities.UnitTestActivityBase.WaitForCompletion() in F:\ETWork\Main\Testing\Assemblies\Tests.iCore.Common.Activities\UnitTestActivityBase.cs:line 129
   at Tests.iCore.Common.Activities.UnitTestActivityBase.RunAndWaitForCompletion() in F:\ETWork\Main\Testing\Assemblies\Tests.iCore.Common.Activities\UnitTestActivityBase.cs:line 113
   at UnitTests.Workflow.Activities.Ftp.ListSftpFtpDirectoryActivityTests.Invoke_DirectoryIsEmpty_ThrowsArgumentException() in F:\ETWork\Main\Common\Assemblies\UnitTests.iCore.Workflow.Activities.Ftp\Ftp\ListSftpFtpDirectoryActivityTests.cs:line 159&gt;
6: WorkflowInstance Aborted [ListSftpFtpDirectoryActivity] Reason "A directory from which to retrieve the files must be specified.
Parameter name: Directory"</StdOut>
      </Output>
    </UnitTestResult>
    <UnitTestResult executionId="6e0dd347-0fe3-4fd0-ad8d-bf72081ed65e" testId="470dbbee-594b-2d46-cd86-ed08cc780669" testName="Invoke_ConnectionIsDisposed_ThrowsArgumentException" computerName="ICSWS068" duration="00:00:00.0041875" startTime="2016-08-04T09:59:09.4926566+02:00" endTime="2016-08-04T09:59:09.4991658+02:00" testType="13cdc9d9-ddb5-4fa4-a97d-d965ccfc6d4b" outcome="Passed" testListId="8c84fa94-04c1-424b-9868-57a2d4851a1d" relativeResultsDirectory="6e0dd347-0fe3-4fd0-ad8d-bf72081ed65e">
      <Output>
        <StdOut>Debug Trace:
0: WorkflowInstance "ListSftpFtpDirectoryActivity" is Started
1: Activity [null] "null" scheduled child activity [1] "ListSftpFtpDirectoryActivity"
2: Activity [1] "ListSftpFtpDirectoryActivity" is Executing
{
    Arguments
        Directory: /root/myfile.txt
        ListFilter: *.txt
        ListFilterOption: FilterOnClient
        Connection: Mock&lt;iCore.Public.Ftp.IFileTransferConnection:1c15&gt;.Object
        FilterPattern: .*\.txt
        FilterPatternOptions: IgnoreCase, IgnorePatternWhitespace
}
3: Activity [1] "ListSftpFtpDirectoryActivity" is Faulted
{
    Arguments
        Directory: /root/myfile.txt
        ListFilter: *.txt
        ListFilterOption: FilterOnClient
        Connection: Mock&lt;iCore.Public.Ftp.IFileTransferConnection:1c15&gt;.Object
        FilterPattern: .*\.txt
        Result: 
        FilterPatternOptions: IgnoreCase, IgnorePatternWhitespace
}
4: Fault source [1] "ListSftpFtpDirectoryActivity"
5: WorkflowInstance "ListSftpFtpDirectoryActivity" Unhandled Exception Source "ListSftpFtpDirectoryActivity" Exception &lt;System.ArgumentException: Connection is closed.
Parameter name: Connection
   at iCore.Workflow.Activities.Ftp.ListSftpFtpDirectoryActivity.BeginExecute(AsyncCodeActivityContext context, AsyncCallback callback, Object state)
   at System.Activities.AsyncCodeActivity`1.InternalExecute(ActivityInstance instance, ActivityExecutor executor, BookmarkManager bookmarkManager)
   at System.Activities.ActivityInstance.Execute(ActivityExecutor executor, BookmarkManager bookmarkManager)
   at System.Activities.Runtime.ActivityExecutor.ExecuteActivityWorkItem.ExecuteBody(ActivityExecutor executor, BookmarkManager bookmarkManager, Location resultLocation)&gt;
6: WorkflowInstance Aborted [ListSftpFtpDirectoryActivity] Reason "Connection is closed.
Parameter name: Connection"</StdOut>
      </Output>
    </UnitTestResult>
    <UnitTestResult executionId="4b10f91f-78f8-4f3f-8ddd-4a4fadcd18ae" testId="e4914436-808d-071f-eafe-fa45b5dba2b9" testName="Invoke_NormalExecution_Success" computerName="ICSWS068" duration="00:00:00.0103971" startTime="2016-08-04T09:59:09.5026672+02:00" endTime="2016-08-04T09:59:09.5146993+02:00" testType="13cdc9d9-ddb5-4fa4-a97d-d965ccfc6d4b" outcome="Passed" testListId="8c84fa94-04c1-424b-9868-57a2d4851a1d" relativeResultsDirectory="4b10f91f-78f8-4f3f-8ddd-4a4fadcd18ae">
      <Output>
        <StdOut>Debug Trace:
0: WorkflowInstance "OpenSftpFtpConnectionActivity" is Started
1: Activity [null] "null" scheduled child activity [1] "OpenSftpFtpConnectionActivity"
2: Activity [1] "OpenSftpFtpConnectionActivity" is Executing
{
    Arguments
        ConnectionProperties: Mock&lt;iCore.Public.Ftp.IFileTransferConnectionConfiguration:ee99&gt;.Object
}
3: WorkflowInstance "OpenSftpFtpConnectionActivity" is Idle
4: Activity [1] "OpenSftpFtpConnectionActivity" is Closed
{
    Arguments
        Result: iCore.Public.Ftp.Implementation.FileTransferConnection
        ConnectionProperties: Mock&lt;iCore.Public.Ftp.IFileTransferConnectionConfiguration:ee99&gt;.Object
}
5: WorkflowInstance "OpenSftpFtpConnectionActivity" is Completed</StdOut>
      </Output>
    </UnitTestResult>
    <UnitTestResult executionId="4c471e92-7ba8-4dc0-a097-9f2e7dfc295b" testId="a369b24e-4f95-11e9-9d84-35835d7dd990" testName="Invoke_NormalExecution_CorrectReturnValue" computerName="ICSWS068" duration="00:00:00.0038051" startTime="2016-08-04T09:59:09.5176866+02:00" endTime="2016-08-04T09:59:09.5221889+02:00" testType="13cdc9d9-ddb5-4fa4-a97d-d965ccfc6d4b" outcome="Passed" testListId="8c84fa94-04c1-424b-9868-57a2d4851a1d" relativeResultsDirectory="4c471e92-7ba8-4dc0-a097-9f2e7dfc295b">
      <Output>
        <StdOut>Debug Trace:
0: WorkflowInstance "OpenSftpFtpConnectionActivity" is Started
1: Activity [null] "null" scheduled child activity [1] "OpenSftpFtpConnectionActivity"
2: Activity [1] "OpenSftpFtpConnectionActivity" is Executing
{
    Arguments
        ConnectionProperties: Mock&lt;iCore.Public.Ftp.IFileTransferConnectionConfiguration:5f75&gt;.Object
}
3: WorkflowInstance "OpenSftpFtpConnectionActivity" is Idle
4: Activity [1] "OpenSftpFtpConnectionActivity" is Closed
{
    Arguments
        Result: iCore.Public.Ftp.Implementation.FileTransferConnection
        ConnectionProperties: Mock&lt;iCore.Public.Ftp.IFileTransferConnectionConfiguration:5f75&gt;.Object
}
5: WorkflowInstance "OpenSftpFtpConnectionActivity" is Completed</StdOut>
      </Output>
    </UnitTestResult>
    <UnitTestResult executionId="30fc8ac5-84eb-4b36-98b9-e56735e70931" testId="bdc8ed1c-5127-50b1-b0f2-ee5f9ad3b1d1" testName="Invoke_ConnectionPropertiesIsNull_Success" computerName="ICSWS068" duration="00:00:00.0011410" startTime="2016-08-04T09:59:09.5256152+02:00" endTime="2016-08-04T09:59:09.5281170+02:00" testType="13cdc9d9-ddb5-4fa4-a97d-d965ccfc6d4b" outcome="Passed" testListId="8c84fa94-04c1-424b-9868-57a2d4851a1d" relativeResultsDirectory="30fc8ac5-84eb-4b36-98b9-e56735e70931">
      <Output>
        <StdOut>Debug Trace:
0: WorkflowInstance "OpenSftpFtpConnectionActivity" is Started
1: Activity [null] "null" scheduled child activity [1] "OpenSftpFtpConnectionActivity"
2: Activity [1] "OpenSftpFtpConnectionActivity" is Executing
{
    Arguments
        ConnectionProperties: 
}
3: Activity [1] "OpenSftpFtpConnectionActivity" is Faulted
{
    Arguments
        Result: 
        ConnectionProperties: 
}
4: Fault source [1] "OpenSftpFtpConnectionActivity"
5: WorkflowInstance "OpenSftpFtpConnectionActivity" Unhandled Exception Source "OpenSftpFtpConnectionActivity" Exception &lt;System.ArgumentNullException: Connection Properties is null.
Parameter name: ConnectionProperties
   at iCore.Workflow.Activities.Ftp.OpenSftpFtpConnectionActivity.BeginExecute(AsyncCodeActivityContext context, AsyncCallback callback, Object state)
   at System.Activities.AsyncCodeActivity`1.InternalExecute(ActivityInstance instance, ActivityExecutor executor, BookmarkManager bookmarkManager)
   at System.Activities.ActivityInstance.Execute(ActivityExecutor executor, BookmarkManager bookmarkManager)
   at System.Activities.Runtime.ActivityExecutor.ExecuteActivityWorkItem.ExecuteBody(ActivityExecutor executor, BookmarkManager bookmarkManager, Location resultLocation)&gt;
6: WorkflowInstance Aborted [OpenSftpFtpConnectionActivity] Reason "Connection Properties is null.
Parameter name: ConnectionProperties"</StdOut>
      </Output>
    </UnitTestResult>
    <UnitTestResult executionId="ae98ba0f-4212-418f-b1ad-46a034684fca" testId="9d2004d7-474c-0acd-876f-2c0eb5059b92" testName="Invoke_RequiredInArgumentIsMissing_UnhandledArgumentException" computerName="ICSWS068" duration="00:00:00.0009738" startTime="2016-08-04T09:59:09.5306187+02:00" endTime="2016-08-04T09:59:09.5331204+02:00" testType="13cdc9d9-ddb5-4fa4-a97d-d965ccfc6d4b" outcome="Passed" testListId="8c84fa94-04c1-424b-9868-57a2d4851a1d" relativeResultsDirectory="ae98ba0f-4212-418f-b1ad-46a034684fca" />
    <UnitTestResult executionId="12a4e903-088d-46b6-8f00-fdd90c5c6b62" testId="1e802eae-30bc-7a54-f160-1d883af08454" testName="Invoke_NormalExecution_Success" computerName="ICSWS068" duration="00:00:00.0068388" startTime="2016-08-04T09:59:09.5361227+02:00" endTime="2016-08-04T09:59:09.5441284+02:00" testType="13cdc9d9-ddb5-4fa4-a97d-d965ccfc6d4b" outcome="Passed" testListId="8c84fa94-04c1-424b-9868-57a2d4851a1d" relativeResultsDirectory="12a4e903-088d-46b6-8f00-fdd90c5c6b62">
      <Output>
        <StdOut>Debug Trace:
0: WorkflowInstance "RenameSftpFtpFileActivity" is Started
1: Activity [null] "null" scheduled child activity [1] "RenameSftpFtpFileActivity"
2: Activity [1] "RenameSftpFtpFileActivity" is Executing
{
    Arguments
        FromFilename: /root/myfile.txt
        Overwrite: False
        ToFilename: /root/yourfile.txt
        Connection: Mock&lt;iCore.Public.Ftp.IFileTransferConnection:9d53&gt;.Object
}
3: WorkflowInstance "RenameSftpFtpFileActivity" is Idle
4: Activity [1] "RenameSftpFtpFileActivity" is Closed
{
    Arguments
        FromFilename: /root/myfile.txt
        Overwrite: False
        ToFilename: /root/yourfile.txt
        Connection: Mock&lt;iCore.Public.Ftp.IFileTransferConnection:9d53&gt;.Object
}
5: WorkflowInstance "RenameSftpFtpFileActivity" is Completed</StdOut>
      </Output>
    </UnitTestResult>
    <UnitTestResult executionId="50163c7d-8351-4581-8b04-fc5dcc9b7a0a" testId="84000c10-976e-5076-dc60-3f8fd5040349" testName="Invoke_ConnectionIsMissing_ThrowsArgumentNullException" computerName="ICSWS068" duration="00:00:00.0011533" startTime="2016-08-04T09:59:09.5466301+02:00" endTime="2016-08-04T09:59:09.5491319+02:00" testType="13cdc9d9-ddb5-4fa4-a97d-d965ccfc6d4b" outcome="Passed" testListId="8c84fa94-04c1-424b-9868-57a2d4851a1d" relativeResultsDirectory="50163c7d-8351-4581-8b04-fc5dcc9b7a0a" />
    <UnitTestResult executionId="7b99e0bd-c158-47e2-a102-a0b989c97d9e" testId="8180ca74-4eb1-5361-b112-4540d8457bdb" testName="Invoke_FromFilenameIsNull_ThrowsArgumentException" computerName="ICSWS068" duration="00:00:00.0021606" startTime="2016-08-04T09:59:09.5521341+02:00" endTime="2016-08-04T09:59:09.5556364+02:00" testType="13cdc9d9-ddb5-4fa4-a97d-d965ccfc6d4b" outcome="Passed" testListId="8c84fa94-04c1-424b-9868-57a2d4851a1d" relativeResultsDirectory="7b99e0bd-c158-47e2-a102-a0b989c97d9e">
      <Output>
        <StdOut>Debug Trace:
0: WorkflowInstance "RenameSftpFtpFileActivity" is Started
1: Activity [null] "null" scheduled child activity [1] "RenameSftpFtpFileActivity"
2: Activity [1] "RenameSftpFtpFileActivity" is Executing
{
    Arguments
        FromFilename: 
        Overwrite: False
        ToFilename: /somefile.txt
        Connection: Mock&lt;iCore.Public.Ftp.IFileTransferConnection:3368&gt;.Object
}
3: Activity [1] "RenameSftpFtpFileActivity" is Faulted
{
    Arguments
        FromFilename: 
        Overwrite: False
        ToFilename: /somefile.txt
        Connection: Mock&lt;iCore.Public.Ftp.IFileTransferConnection:3368&gt;.Object
}
4: Fault source [1] "RenameSftpFtpFileActivity"
5: WorkflowInstance "RenameSftpFtpFileActivity" Unhandled Exception Source "RenameSftpFtpFileActivity" Exception &lt;System.ArgumentException: Source filename is null or empty.
Parameter name: FromFilename
   at Tests.iCore.Common.Activities.UnitTestActivityBase.WaitForCompletion() in F:\ETWork\Main\Testing\Assemblies\Tests.iCore.Common.Activities\UnitTestActivityBase.cs:line 129
   at Tests.iCore.Common.Activities.UnitTestActivityBase.RunAndWaitForCompletion() in F:\ETWork\Main\Testing\Assemblies\Tests.iCore.Common.Activities\UnitTestActivityBase.cs:line 113
   at UnitTests.Workflow.Activities.Ftp.RenameSftpFtpFileActivityTests.Invoke_FromFilenameIsNull_ThrowsArgumentException() in F:\ETWork\Main\Common\Assemblies\UnitTests.iCore.Workflow.Activities.Ftp\Ftp\RenameSftpFtpFileActivityTests.cs:line 88&gt;
6: WorkflowInstance Aborted [RenameSftpFtpFileActivity] Reason "Source filename is null or empty.
Parameter name: FromFilename"</StdOut>
      </Output>
    </UnitTestResult>
    <UnitTestResult executionId="a2a5e431-1701-4ffd-9269-ba7bfa739678" testId="ad6cb86a-51da-5976-82ea-f850d3b53962" testName="Invoke_ToFilenameIsNull_ThrowsArgumentException" computerName="ICSWS068" duration="00:00:00.0017105" startTime="2016-08-04T09:59:09.5586387+02:00" endTime="2016-08-04T09:59:09.5616407+02:00" testType="13cdc9d9-ddb5-4fa4-a97d-d965ccfc6d4b" outcome="Passed" testListId="8c84fa94-04c1-424b-9868-57a2d4851a1d" relativeResultsDirectory="a2a5e431-1701-4ffd-9269-ba7bfa739678">
      <Output>
        <StdOut>Debug Trace:
0: WorkflowInstance "RenameSftpFtpFileActivity" is Started
1: Activity [null] "null" scheduled child activity [1] "RenameSftpFtpFileActivity"
2: Activity [1] "RenameSftpFtpFileActivity" is Executing
{
    Arguments
        FromFilename: /somefile.txt
        Overwrite: False
        ToFilename: 
        Connection: Mock&lt;iCore.Public.Ftp.IFileTransferConnection:b652&gt;.Object
}
3: Activity [1] "RenameSftpFtpFileActivity" is Faulted
{
    Arguments
        FromFilename: /somefile.txt
        Overwrite: False
        ToFilename: 
        Connection: Mock&lt;iCore.Public.Ftp.IFileTransferConnection:b652&gt;.Object
}
4: Fault source [1] "RenameSftpFtpFileActivity"
5: WorkflowInstance "RenameSftpFtpFileActivity" Unhandled Exception Source "RenameSftpFtpFileActivity" Exception &lt;System.ArgumentException: Destination filename is null or empty.
Parameter name: ToFilename
   at Tests.iCore.Common.Activities.UnitTestActivityBase.WaitForCompletion() in F:\ETWork\Main\Testing\Assemblies\Tests.iCore.Common.Activities\UnitTestActivityBase.cs:line 129
   at Tests.iCore.Common.Activities.UnitTestActivityBase.RunAndWaitForCompletion() in F:\ETWork\Main\Testing\Assemblies\Tests.iCore.Common.Activities\UnitTestActivityBase.cs:line 113
   at UnitTests.Workflow.Activities.Ftp.RenameSftpFtpFileActivityTests.Invoke_ToFilenameIsNull_ThrowsArgumentException() in F:\ETWork\Main\Common\Assemblies\UnitTests.iCore.Workflow.Activities.Ftp\Ftp\RenameSftpFtpFileActivityTests.cs:line 99&gt;
6: WorkflowInstance Aborted [RenameSftpFtpFileActivity] Reason "Destination filename is null or empty.
Parameter name: ToFilename"</StdOut>
      </Output>
    </UnitTestResult>
    <UnitTestResult executionId="bcc82271-343f-4144-96b9-1b43aa0794d3" testId="5a244ef1-64d6-43a5-c48b-5be2d1776465" testName="Invoke_FromFilenameIsEmpty_ThrowsArgumentException" computerName="ICSWS068" duration="00:00:00.0017899" startTime="2016-08-04T09:59:09.5641427+02:00" endTime="2016-08-04T09:59:09.5676453+02:00" testType="13cdc9d9-ddb5-4fa4-a97d-d965ccfc6d4b" outcome="Passed" testListId="8c84fa94-04c1-424b-9868-57a2d4851a1d" relativeResultsDirectory="bcc82271-343f-4144-96b9-1b43aa0794d3">
      <Output>
        <StdOut>Debug Trace:
0: WorkflowInstance "RenameSftpFtpFileActivity" is Started
1: Activity [null] "null" scheduled child activity [1] "RenameSftpFtpFileActivity"
2: Activity [1] "RenameSftpFtpFileActivity" is Executing
{
    Arguments
        FromFilename: 
        Overwrite: False
        ToFilename: /somefile.txt
        Connection: Mock&lt;iCore.Public.Ftp.IFileTransferConnection:702c&gt;.Object
}
3: Activity [1] "RenameSftpFtpFileActivity" is Faulted
{
    Arguments
        FromFilename: 
        Overwrite: False
        ToFilename: /somefile.txt
        Connection: Mock&lt;iCore.Public.Ftp.IFileTransferConnection:702c&gt;.Object
}
4: Fault source [1] "RenameSftpFtpFileActivity"
5: WorkflowInstance "RenameSftpFtpFileActivity" Unhandled Exception Source "RenameSftpFtpFileActivity" Exception &lt;System.ArgumentException: Source filename is null or empty.
Parameter name: FromFilename
   at Tests.iCore.Common.Activities.UnitTestActivityBase.WaitForCompletion() in F:\ETWork\Main\Testing\Assemblies\Tests.iCore.Common.Activities\UnitTestActivityBase.cs:line 129
   at Tests.iCore.Common.Activities.UnitTestActivityBase.RunAndWaitForCompletion() in F:\ETWork\Main\Testing\Assemblies\Tests.iCore.Common.Activities\UnitTestActivityBase.cs:line 113
   at UnitTests.Workflow.Activities.Ftp.RenameSftpFtpFileActivityTests.Invoke_FromFilenameIsEmpty_ThrowsArgumentException() in F:\ETWork\Main\Common\Assemblies\UnitTests.iCore.Workflow.Activities.Ftp\Ftp\RenameSftpFtpFileActivityTests.cs:line 110&gt;
6: WorkflowInstance Aborted [RenameSftpFtpFileActivity] Reason "Source filename is null or empty.
Parameter name: FromFilename"</StdOut>
      </Output>
    </UnitTestResult>
    <UnitTestResult executionId="3d5aacda-f634-4f60-9603-c68097d149b1" testId="e1d8b656-c933-ebbd-9f87-11413d471a19" testName="Invoke_ToFilenameIsEmpty_ThrowsArgumentException" computerName="ICSWS068" duration="00:00:00.0022066" startTime="2016-08-04T09:59:09.5706473+02:00" endTime="2016-08-04T09:59:09.5741499+02:00" testType="13cdc9d9-ddb5-4fa4-a97d-d965ccfc6d4b" outcome="Passed" testListId="8c84fa94-04c1-424b-9868-57a2d4851a1d" relativeResultsDirectory="3d5aacda-f634-4f60-9603-c68097d149b1">
      <Output>
        <StdOut>Debug Trace:
0: WorkflowInstance "RenameSftpFtpFileActivity" is Started
1: Activity [null] "null" scheduled child activity [1] "RenameSftpFtpFileActivity"
2: Activity [1] "RenameSftpFtpFileActivity" is Executing
{
    Arguments
        FromFilename: /somefile.txt
        Overwrite: False
        ToFilename: 
        Connection: Mock&lt;iCore.Public.Ftp.IFileTransferConnection:190c&gt;.Object
}
3: Activity [1] "RenameSftpFtpFileActivity" is Faulted
{
    Arguments
        FromFilename: /somefile.txt
        Overwrite: False
        ToFilename: 
        Connection: Mock&lt;iCore.Public.Ftp.IFileTransferConnection:190c&gt;.Object
}
4: Fault source [1] "RenameSftpFtpFileActivity"
5: WorkflowInstance "RenameSftpFtpFileActivity" Unhandled Exception Source "RenameSftpFtpFileActivity" Exception &lt;System.ArgumentException: Destination filename is null or empty.
Parameter name: ToFilename
   at Tests.iCore.Common.Activities.UnitTestActivityBase.WaitForCompletion() in F:\ETWork\Main\Testing\Assemblies\Tests.iCore.Common.Activities\UnitTestActivityBase.cs:line 129
   at Tests.iCore.Common.Activities.UnitTestActivityBase.RunAndWaitForCompletion() in F:\ETWork\Main\Testing\Assemblies\Tests.iCore.Common.Activities\UnitTestActivityBase.cs:line 113
   at UnitTests.Workflow.Activities.Ftp.RenameSftpFtpFileActivityTests.Invoke_ToFilenameIsEmpty_ThrowsArgumentException() in F:\ETWork\Main\Common\Assemblies\UnitTests.iCore.Workflow.Activities.Ftp\Ftp\RenameSftpFtpFileActivityTests.cs:line 121&gt;
6: WorkflowInstance Aborted [RenameSftpFtpFileActivity] Reason "Destination filename is null or empty.
Parameter name: ToFilename"</StdOut>
      </Output>
    </UnitTestResult>
    <UnitTestResult executionId="b0b049d4-791a-4bb5-9bff-d867684c0564" testId="1d3a366c-a7d2-c8ca-025d-df9cf9ccc61d" testName="Invoke_ConnectionIsDisposed_ThrowsArgumentException" computerName="ICSWS068" duration="00:00:00.0026348" startTime="2016-08-04T09:59:09.5771522+02:00" endTime="2016-08-04T09:59:09.5811551+02:00" testType="13cdc9d9-ddb5-4fa4-a97d-d965ccfc6d4b" outcome="Passed" testListId="8c84fa94-04c1-424b-9868-57a2d4851a1d" relativeResultsDirectory="b0b049d4-791a-4bb5-9bff-d867684c0564">
      <Output>
        <StdOut>Debug Trace:
0: WorkflowInstance "RenameSftpFtpFileActivity" is Started
1: Activity [null] "null" scheduled child activity [1] "RenameSftpFtpFileActivity"
2: Activity [1] "RenameSftpFtpFileActivity" is Executing
{
    Arguments
        FromFilename: /root/myfile.txt
        Overwrite: False
        ToFilename: /root/yourfile.txt
        Connection: Mock&lt;iCore.Public.Ftp.IFileTransferConnection:7b3f&gt;.Object
}
3: Activity [1] "RenameSftpFtpFileActivity" is Faulted
{
    Arguments
        FromFilename: /root/myfile.txt
        Overwrite: False
        ToFilename: /root/yourfile.txt
        Connection: Mock&lt;iCore.Public.Ftp.IFileTransferConnection:7b3f&gt;.Object
}
4: Fault source [1] "RenameSftpFtpFileActivity"
5: WorkflowInstance "RenameSftpFtpFileActivity" Unhandled Exception Source "RenameSftpFtpFileActivity" Exception &lt;System.ArgumentException: Connection is closed.
Parameter name: Connection
   at iCore.Workflow.Activities.Ftp.RenameSftpFtpFileActivity.BeginExecute(AsyncCodeActivityContext context, AsyncCallback callback, Object state)
   at System.Activities.AsyncCodeActivity.InternalExecute(ActivityInstance instance, ActivityExecutor executor, BookmarkManager bookmarkManager)
   at System.Activities.ActivityInstance.Execute(ActivityExecutor executor, BookmarkManager bookmarkManager)
   at System.Activities.Runtime.ActivityExecutor.ExecuteActivityWorkItem.ExecuteBody(ActivityExecutor executor, BookmarkManager bookmarkManager, Location resultLocation)&gt;
6: WorkflowInstance Aborted [RenameSftpFtpFileActivity] Reason "Connection is closed.
Parameter name: Connection"</StdOut>
      </Output>
    </UnitTestResult>
    <UnitTestResult executionId="226ca9ac-4f1b-4a3f-852b-85602f7e59a9" testId="43c18d21-0da0-2e71-465c-23a8e21ea7d5" testName="Invoke_NormalExecution_Success" computerName="ICSWS068" duration="00:00:00.0062370" startTime="2016-08-04T09:59:09.5851576+02:00" endTime="2016-08-04T09:59:09.5926631+02:00" testType="13cdc9d9-ddb5-4fa4-a97d-d965ccfc6d4b" outcome="Passed" testListId="8c84fa94-04c1-424b-9868-57a2d4851a1d" relativeResultsDirectory="226ca9ac-4f1b-4a3f-852b-85602f7e59a9">
      <Output>
        <StdOut>Debug Trace:
0: WorkflowInstance "GetCurrentSftpFtpDirectoryActivity" is Started
1: Activity [null] "null" scheduled child activity [1] "GetCurrentSftpFtpDirectoryActivity"
2: Activity [1] "GetCurrentSftpFtpDirectoryActivity" is Executing
{
    Arguments
        Connection: Mock&lt;iCore.Public.Ftp.IFileTransferConnection:c32c&gt;.Object
}
3: WorkflowInstance "GetCurrentSftpFtpDirectoryActivity" is Idle
4: Activity [1] "GetCurrentSftpFtpDirectoryActivity" is Closed
{
    Arguments
        Connection: Mock&lt;iCore.Public.Ftp.IFileTransferConnection:c32c&gt;.Object
        Result: /AA\B.txt
}
5: WorkflowInstance "GetCurrentSftpFtpDirectoryActivity" is Completed</StdOut>
      </Output>
    </UnitTestResult>
    <UnitTestResult executionId="968469bc-e3ee-4de2-9a0c-03899b6db4a9" testId="606a9702-503b-0664-24fa-2b35c71cdac4" testName="Invoke_ConnectionIsNull_Success" computerName="ICSWS068" duration="00:00:00.0011530" startTime="2016-08-04T09:59:09.5956654+02:00" endTime="2016-08-04T09:59:09.5976668+02:00" testType="13cdc9d9-ddb5-4fa4-a97d-d965ccfc6d4b" outcome="Passed" testListId="8c84fa94-04c1-424b-9868-57a2d4851a1d" relativeResultsDirectory="968469bc-e3ee-4de2-9a0c-03899b6db4a9">
      <Output>
        <StdOut>Debug Trace:
0: WorkflowInstance "GetCurrentSftpFtpDirectoryActivity" is Started
1: Activity [null] "null" scheduled child activity [1] "GetCurrentSftpFtpDirectoryActivity"
2: Activity [1] "GetCurrentSftpFtpDirectoryActivity" is Executing
{
    Arguments
        Connection: 
}
3: Activity [1] "GetCurrentSftpFtpDirectoryActivity" is Faulted
{
    Arguments
        Connection: 
        Result: 
}
4: Fault source [1] "GetCurrentSftpFtpDirectoryActivity"
5: WorkflowInstance "GetCurrentSftpFtpDirectoryActivity" Unhandled Exception Source "GetCurrentSftpFtpDirectoryActivity" Exception &lt;System.ArgumentNullException: Connection is null.
Parameter name: Connection
   at iCore.Workflow.Activities.Ftp.GetCurrentSftpFtpDirectoryActivity.BeginExecute(AsyncCodeActivityContext context, AsyncCallback callback, Object state)
   at System.Activities.AsyncCodeActivity`1.InternalExecute(ActivityInstance instance, ActivityExecutor executor, BookmarkManager bookmarkManager)
   at System.Activities.ActivityInstance.Execute(ActivityExecutor executor, BookmarkManager bookmarkManager)
   at System.Activities.Runtime.ActivityExecutor.ExecuteActivityWorkItem.ExecuteBody(ActivityExecutor executor, BookmarkManager bookmarkManager, Location resultLocation)&gt;
6: WorkflowInstance Aborted [GetCurrentSftpFtpDirectoryActivity] Reason "Connection is null.
Parameter name: Connection"</StdOut>
      </Output>
    </UnitTestResult>
    <UnitTestResult executionId="b3a2b13a-ede5-467f-8ab1-c44cbe972ee3" testId="16116340-8c0d-125f-185a-9db532f4d35c" testName="Invoke_RequiredInArgumentIsMissing_UnhandledArgumentException" computerName="ICSWS068" duration="00:00:00.0009958" startTime="2016-08-04T09:59:09.6006688+02:00" endTime="2016-08-04T09:59:09.6031705+02:00" testType="13cdc9d9-ddb5-4fa4-a97d-d965ccfc6d4b" outcome="Passed" testListId="8c84fa94-04c1-424b-9868-57a2d4851a1d" relativeResultsDirectory="b3a2b13a-ede5-467f-8ab1-c44cbe972ee3" />
    <UnitTestResult executionId="3c94103d-a1b0-42f2-90a9-2595322319bc" testId="c34c8ccd-ea25-c1ee-dc17-5c61436bf29e" testName="Invoke_ConnectionIsDisposed_ThrowsArgumentException" computerName="ICSWS068" duration="00:00:00.0020445" startTime="2016-08-04T09:59:09.6056725+02:00" endTime="2016-08-04T09:59:09.6091748+02:00" testType="13cdc9d9-ddb5-4fa4-a97d-d965ccfc6d4b" outcome="Passed" testListId="8c84fa94-04c1-424b-9868-57a2d4851a1d" relativeResultsDirectory="3c94103d-a1b0-42f2-90a9-2595322319bc">
      <Output>
        <StdOut>Debug Trace:
0: WorkflowInstance "GetCurrentSftpFtpDirectoryActivity" is Started
1: Activity [null] "null" scheduled child activity [1] "GetCurrentSftpFtpDirectoryActivity"
2: Activity [1] "GetCurrentSftpFtpDirectoryActivity" is Executing
{
    Arguments
        Connection: Mock&lt;iCore.Public.Ftp.IFileTransferConnection:5b06&gt;.Object
}
3: Activity [1] "GetCurrentSftpFtpDirectoryActivity" is Faulted
{
    Arguments
        Connection: Mock&lt;iCore.Public.Ftp.IFileTransferConnection:5b06&gt;.Object
        Result: 
}
4: Fault source [1] "GetCurrentSftpFtpDirectoryActivity"
5: WorkflowInstance "GetCurrentSftpFtpDirectoryActivity" Unhandled Exception Source "GetCurrentSftpFtpDirectoryActivity" Exception &lt;System.ArgumentException: Connection is closed.
Parameter name: Connection
   at iCore.Workflow.Activities.Ftp.GetCurrentSftpFtpDirectoryActivity.BeginExecute(AsyncCodeActivityContext context, AsyncCallback callback, Object state)
   at System.Activities.AsyncCodeActivity`1.InternalExecute(ActivityInstance instance, ActivityExecutor executor, BookmarkManager bookmarkManager)
   at System.Activities.ActivityInstance.Execute(ActivityExecutor executor, BookmarkManager bookmarkManager)
   at System.Activities.Runtime.ActivityExecutor.ExecuteActivityWorkItem.ExecuteBody(ActivityExecutor executor, BookmarkManager bookmarkManager, Location resultLocation)&gt;
6: WorkflowInstance Aborted [GetCurrentSftpFtpDirectoryActivity] Reason "Connection is closed.
Parameter name: Connection"</StdOut>
      </Output>
    </UnitTestResult>
    <UnitTestResult executionId="3aa56073-0ab8-4b82-b4a1-857194be6252" testId="0a449015-3822-66b2-b955-f2d2b53074d3" testName="Invoke_NormalExecution_Success" computerName="ICSWS068" duration="00:00:00.0052705" startTime="2016-08-04T09:59:09.6116768+02:00" endTime="2016-08-04T09:59:09.6186817+02:00" testType="13cdc9d9-ddb5-4fa4-a97d-d965ccfc6d4b" outcome="Passed" testListId="8c84fa94-04c1-424b-9868-57a2d4851a1d" relativeResultsDirectory="3aa56073-0ab8-4b82-b4a1-857194be6252">
      <Output>
        <StdOut>Debug Trace:
0: WorkflowInstance "SetCurrentSftpFtpDirectoryActivity" is Started
1: Activity [null] "null" scheduled child activity [1] "SetCurrentSftpFtpDirectoryActivity"
2: Activity [1] "SetCurrentSftpFtpDirectoryActivity" is Executing
{
    Arguments
        Directory: /AA\B.txt
        Connection: Mock&lt;iCore.Public.Ftp.IFileTransferConnection:944f&gt;.Object
}
3: WorkflowInstance "SetCurrentSftpFtpDirectoryActivity" is Idle
4: Activity [1] "SetCurrentSftpFtpDirectoryActivity" is Closed
{
    Arguments
        Directory: /AA\B.txt
        Connection: Mock&lt;iCore.Public.Ftp.IFileTransferConnection:944f&gt;.Object
}
5: WorkflowInstance "SetCurrentSftpFtpDirectoryActivity" is Completed</StdOut>
      </Output>
    </UnitTestResult>
    <UnitTestResult executionId="dac6ba4f-9c20-4ee0-9eee-b169fed589b4" testId="e5417925-24a9-24a7-aeaa-cdda1db7a059" testName="Invoke_ConnectionIsNull_Success" computerName="ICSWS068" duration="00:00:00.0013647" startTime="2016-08-04T09:59:09.6216837+02:00" endTime="2016-08-04T09:59:09.6246860+02:00" testType="13cdc9d9-ddb5-4fa4-a97d-d965ccfc6d4b" outcome="Passed" testListId="8c84fa94-04c1-424b-9868-57a2d4851a1d" relativeResultsDirectory="dac6ba4f-9c20-4ee0-9eee-b169fed589b4">
      <Output>
        <StdOut>Debug Trace:
0: WorkflowInstance "SetCurrentSftpFtpDirectoryActivity" is Started
1: Activity [null] "null" scheduled child activity [1] "SetCurrentSftpFtpDirectoryActivity"
2: Activity [1] "SetCurrentSftpFtpDirectoryActivity" is Executing
{
    Arguments
        Directory: xxx
        Connection: 
}
3: Activity [1] "SetCurrentSftpFtpDirectoryActivity" is Faulted
{
    Arguments
        Directory: xxx
        Connection: 
}
4: Fault source [1] "SetCurrentSftpFtpDirectoryActivity"
5: WorkflowInstance "SetCurrentSftpFtpDirectoryActivity" Unhandled Exception Source "SetCurrentSftpFtpDirectoryActivity" Exception &lt;System.ArgumentNullException: Connection is null.
Parameter name: Connection
   at iCore.Workflow.Activities.Ftp.SetCurrentSftpFtpDirectoryActivity.BeginExecute(AsyncCodeActivityContext context, AsyncCallback callback, Object state)
   at System.Activities.AsyncCodeActivity.InternalExecute(ActivityInstance instance, ActivityExecutor executor, BookmarkManager bookmarkManager)
   at System.Activities.ActivityInstance.Execute(ActivityExecutor executor, BookmarkManager bookmarkManager)
   at System.Activities.Runtime.ActivityExecutor.ExecuteActivityWorkItem.ExecuteBody(ActivityExecutor executor, BookmarkManager bookmarkManager, Location resultLocation)&gt;
6: WorkflowInstance Aborted [SetCurrentSftpFtpDirectoryActivity] Reason "Connection is null.
Parameter name: Connection"</StdOut>
      </Output>
    </UnitTestResult>
    <UnitTestResult executionId="1f0d674d-f813-4931-ba80-84d66bc888ef" testId="553f2e61-eefd-3bde-341c-c0760344c45c" testName="Invoke_DirectoryIsNull_Success" computerName="ICSWS068" duration="00:00:00.0013442" startTime="2016-08-04T09:59:09.6271880+02:00" endTime="2016-08-04T09:59:09.6296900+02:00" testType="13cdc9d9-ddb5-4fa4-a97d-d965ccfc6d4b" outcome="Passed" testListId="8c84fa94-04c1-424b-9868-57a2d4851a1d" relativeResultsDirectory="1f0d674d-f813-4931-ba80-84d66bc888ef">
      <Output>
        <StdOut>Debug Trace:
0: WorkflowInstance "SetCurrentSftpFtpDirectoryActivity" is Started
1: Activity [null] "null" scheduled child activity [1] "SetCurrentSftpFtpDirectoryActivity"
2: Activity [1] "SetCurrentSftpFtpDirectoryActivity" is Executing
{
    Arguments
        Directory: 
        Connection: Mock&lt;iCore.Public.Ftp.IFileTransferConnection:9046&gt;.Object
}
3: Activity [1] "SetCurrentSftpFtpDirectoryActivity" is Faulted
{
    Arguments
        Directory: 
        Connection: Mock&lt;iCore.Public.Ftp.IFileTransferConnection:9046&gt;.Object
}
4: Fault source [1] "SetCurrentSftpFtpDirectoryActivity"
5: WorkflowInstance "SetCurrentSftpFtpDirectoryActivity" Unhandled Exception Source "SetCurrentSftpFtpDirectoryActivity" Exception &lt;System.ArgumentNullException: Directory is null or empty.
Parameter name: Directory
   at iCore.Workflow.Activities.Ftp.SetCurrentSftpFtpDirectoryActivity.BeginExecute(AsyncCodeActivityContext context, AsyncCallback callback, Object state)
   at System.Activities.AsyncCodeActivity.InternalExecute(ActivityInstance instance, ActivityExecutor executor, BookmarkManager bookmarkManager)
   at System.Activities.ActivityInstance.Execute(ActivityExecutor executor, BookmarkManager bookmarkManager)
   at System.Activities.Runtime.ActivityExecutor.ExecuteActivityWorkItem.ExecuteBody(ActivityExecutor executor, BookmarkManager bookmarkManager, Location resultLocation)&gt;
6: WorkflowInstance Aborted [SetCurrentSftpFtpDirectoryActivity] Reason "Directory is null or empty.
Parameter name: Directory"</StdOut>
      </Output>
    </UnitTestResult>
    <UnitTestResult executionId="02630500-bbd8-4e14-9325-1f3cf09a7431" testId="19db6bc5-3e2a-3ff2-9791-b534744b9b6a" testName="Invoke_RequiredInArgumentConnectionIsMissing_UnhandledArgumentException" computerName="ICSWS068" duration="00:00:00.0012905" startTime="2016-08-04T09:59:09.6326917+02:00" endTime="2016-08-04T09:59:09.6356937+02:00" testType="13cdc9d9-ddb5-4fa4-a97d-d965ccfc6d4b" outcome="Passed" testListId="8c84fa94-04c1-424b-9868-57a2d4851a1d" relativeResultsDirectory="02630500-bbd8-4e14-9325-1f3cf09a7431" />
    <UnitTestResult executionId="3a0090f3-02c2-48db-a264-8e866d53c2bc" testId="bf994b6a-e01e-9a04-619c-59d6b7eb666f" testName="Invoke_RequiredInArgumentDirectoryIsMissing_UnhandledArgumentException" computerName="ICSWS068" duration="00:00:00.0011031" startTime="2016-08-04T09:59:09.6386960+02:00" endTime="2016-08-04T09:59:09.6411977+02:00" testType="13cdc9d9-ddb5-4fa4-a97d-d965ccfc6d4b" outcome="Passed" testListId="8c84fa94-04c1-424b-9868-57a2d4851a1d" relativeResultsDirectory="3a0090f3-02c2-48db-a264-8e866d53c2bc" />
    <UnitTestResult executionId="b61b1ed2-9158-406d-a926-6729e80414e0" testId="c0f88a97-a45b-e705-0a3a-8ece9beffcb5" testName="Invoke_ConnectionIsDisposed_ThrowsArgumentException" computerName="ICSWS068" duration="00:00:00.0021254" startTime="2016-08-04T09:59:09.6436997+02:00" endTime="2016-08-04T09:59:09.6467017+02:00" testType="13cdc9d9-ddb5-4fa4-a97d-d965ccfc6d4b" outcome="Passed" testListId="8c84fa94-04c1-424b-9868-57a2d4851a1d" relativeResultsDirectory="b61b1ed2-9158-406d-a926-6729e80414e0">
      <Output>
        <StdOut>Debug Trace:
0: WorkflowInstance "SetCurrentSftpFtpDirectoryActivity" is Started
1: Activity [null] "null" scheduled child activity [1] "SetCurrentSftpFtpDirectoryActivity"
2: Activity [1] "SetCurrentSftpFtpDirectoryActivity" is Executing
{
    Arguments
        Directory: /AA\B.txt
        Connection: Mock&lt;iCore.Public.Ftp.IFileTransferConnection:8549&gt;.Object
}
3: Activity [1] "SetCurrentSftpFtpDirectoryActivity" is Faulted
{
    Arguments
        Directory: /AA\B.txt
        Connection: Mock&lt;iCore.Public.Ftp.IFileTransferConnection:8549&gt;.Object
}
4: Fault source [1] "SetCurrentSftpFtpDirectoryActivity"
5: WorkflowInstance "SetCurrentSftpFtpDirectoryActivity" Unhandled Exception Source "SetCurrentSftpFtpDirectoryActivity" Exception &lt;System.ArgumentException: Connection is closed.
Parameter name: Connection
   at iCore.Workflow.Activities.Ftp.SetCurrentSftpFtpDirectoryActivity.BeginExecute(AsyncCodeActivityContext context, AsyncCallback callback, Object state)
   at System.Activities.AsyncCodeActivity.InternalExecute(ActivityInstance instance, ActivityExecutor executor, BookmarkManager bookmarkManager)
   at System.Activities.ActivityInstance.Execute(ActivityExecutor executor, BookmarkManager bookmarkManager)
   at System.Activities.Runtime.ActivityExecutor.ExecuteActivityWorkItem.ExecuteBody(ActivityExecutor executor, BookmarkManager bookmarkManager, Location resultLocation)&gt;
6: WorkflowInstance Aborted [SetCurrentSftpFtpDirectoryActivity] Reason "Connection is closed.
Parameter name: Connection"</StdOut>
      </Output>
    </UnitTestResult>
    <UnitTestResult executionId="16eb6dd8-f083-4fb9-9422-041d60dfc12b" testId="6ace0c52-0900-fef8-6705-a44827ece201" testName="Invoke_NonDefaultRequiredIsSet_ValidConfigurationIsReturned" computerName="ICSWS068" duration="00:00:00.1523105" startTime="2016-08-04T09:59:09.6502043+02:00" endTime="2016-08-04T09:59:09.8048149+02:00" testType="13cdc9d9-ddb5-4fa4-a97d-d965ccfc6d4b" outcome="Passed" testListId="8c84fa94-04c1-424b-9868-57a2d4851a1d" relativeResultsDirectory="16eb6dd8-f083-4fb9-9422-041d60dfc12b" />
    <UnitTestResult executionId="97499a20-a4a7-4881-8bd2-02ebc96a1f77" testId="b7de8a07-3538-ac1b-9583-0ee93ee57ccd" testName="Invoke_AllInputArgumentsHasValues_Succeeds" computerName="ICSWS068" duration="00:00:00.0336783" startTime="2016-08-04T09:59:09.8073342+02:00" endTime="2016-08-04T09:59:09.8426923+02:00" testType="13cdc9d9-ddb5-4fa4-a97d-d965ccfc6d4b" outcome="Passed" testListId="8c84fa94-04c1-424b-9868-57a2d4851a1d" relativeResultsDirectory="97499a20-a4a7-4881-8bd2-02ebc96a1f77" />
    <UnitTestResult executionId="45609762-9524-4c1b-9a2b-797f41fe23a4" testId="8e8b2871-eb10-732e-6a30-b0191886e532" testName="Invoke_UseSocksIsTrue_ValueIsSet" computerName="ICSWS068" duration="00:00:00.0266483" startTime="2016-08-04T09:59:09.8452116+02:00" endTime="2016-08-04T09:59:09.8731689+02:00" testType="13cdc9d9-ddb5-4fa4-a97d-d965ccfc6d4b" outcome="Passed" testListId="8c84fa94-04c1-424b-9868-57a2d4851a1d" relativeResultsDirectory="45609762-9524-4c1b-9a2b-797f41fe23a4" />
    <UnitTestResult executionId="62b48727-b14a-495e-82d5-ad66236a851e" testId="08aedb78-f5b8-64a1-bfd6-ac14df6ad8d8" testName="Invoke_UseHttpProxyIsTrue_ValueIsSet" computerName="ICSWS068" duration="00:00:00.0269005" startTime="2016-08-04T09:59:09.8781729+02:00" endTime="2016-08-04T09:59:09.9061926+02:00" testType="13cdc9d9-ddb5-4fa4-a97d-d965ccfc6d4b" outcome="Passed" testListId="8c84fa94-04c1-424b-9868-57a2d4851a1d" relativeResultsDirectory="62b48727-b14a-495e-82d5-ad66236a851e" />
    <UnitTestResult executionId="1d915f6b-f89c-43ad-80d6-4076a0ab7df0" testId="684a66b3-1ebc-e95e-d228-efb736434dd8" testName="Invoke_CustomPipelineLengthSet_ValueIsSet" computerName="ICSWS068" duration="00:00:00.0268926" startTime="2016-08-04T09:59:09.9091949+02:00" endTime="2016-08-04T09:59:09.9372150+02:00" testType="13cdc9d9-ddb5-4fa4-a97d-d965ccfc6d4b" outcome="Passed" testListId="8c84fa94-04c1-424b-9868-57a2d4851a1d" relativeResultsDirectory="1d915f6b-f89c-43ad-80d6-4076a0ab7df0" />
    <UnitTestResult executionId="b3a32251-139f-45a3-94af-5b1f5bc6d754" testId="9f5150ae-14a7-de8a-8911-12666a5d80de" testName="Invoke_ServerIsNull_ThrowsException" computerName="ICSWS068" duration="00:00:00.0345118" startTime="2016-08-04T09:59:09.9402173+02:00" endTime="2016-08-04T09:59:09.9757621+02:00" testType="13cdc9d9-ddb5-4fa4-a97d-d965ccfc6d4b" outcome="Passed" testListId="8c84fa94-04c1-424b-9868-57a2d4851a1d" relativeResultsDirectory="b3a32251-139f-45a3-94af-5b1f5bc6d754" />
    <UnitTestResult executionId="f25ee61d-4501-493f-955f-e5a350f30e2f" testId="c1aefe79-786b-f8d3-f6ea-9baf42ea7e61" testName="Invoke_UsernameIsNull_ThrowsException" computerName="ICSWS068" duration="00:00:00.0257169" startTime="2016-08-04T09:59:09.9787635+02:00" endTime="2016-08-04T09:59:10.0062572+02:00" testType="13cdc9d9-ddb5-4fa4-a97d-d965ccfc6d4b" outcome="Passed" testListId="8c84fa94-04c1-424b-9868-57a2d4851a1d" relativeResultsDirectory="f25ee61d-4501-493f-955f-e5a350f30e2f" />
    <UnitTestResult executionId="af82832a-96b5-4f1e-ac28-68f52a8ee380" testId="bc474c04-afe0-2c50-12c4-f070bc3527f6" testName="Invoke_UserIsMissing_ThrowsArgumentException" computerName="ICSWS068" duration="00:00:00.0245419" startTime="2016-08-04T09:59:10.0087748+02:00" endTime="2016-08-04T09:59:10.0346717+02:00" testType="13cdc9d9-ddb5-4fa4-a97d-d965ccfc6d4b" outcome="Passed" testListId="8c84fa94-04c1-424b-9868-57a2d4851a1d" relativeResultsDirectory="af82832a-96b5-4f1e-ac28-68f52a8ee380" />
    <UnitTestResult executionId="6a2fcbf8-cb09-4e34-a578-bd038c5df71a" testId="9267db19-436a-b934-10f0-bf2650255358" testName="Invoke_ServerIsMissing_ThrowsArgumentException" computerName="ICSWS068" duration="00:00:00.0242730" startTime="2016-08-04T09:59:10.0371734+02:00" endTime="2016-08-04T09:59:10.0627043+02:00" testType="13cdc9d9-ddb5-4fa4-a97d-d965ccfc6d4b" outcome="Passed" testListId="8c84fa94-04c1-424b-9868-57a2d4851a1d" relativeResultsDirectory="6a2fcbf8-cb09-4e34-a578-bd038c5df71a" />
    <UnitTestResult executionId="af3ba7bb-e478-48c0-8e3d-61706fc70602" testId="9c7e88c4-d862-d6cd-8ceb-fedd152b16c3" testName="Invoke_HttpProxyIsEnabledAndHttpProxyServerIsNull_ThrowsException" computerName="ICSWS068" duration="00:00:00.0248689" startTime="2016-08-04T09:59:10.0657081+02:00" endTime="2016-08-04T09:59:10.0917320+02:00" testType="13cdc9d9-ddb5-4fa4-a97d-d965ccfc6d4b" outcome="Passed" testListId="8c84fa94-04c1-424b-9868-57a2d4851a1d" relativeResultsDirectory="af3ba7bb-e478-48c0-8e3d-61706fc70602" />
    <UnitTestResult executionId="ac329dd3-91ee-464c-bf81-56ddc5993676" testId="1ce77e7d-9968-5348-f7c2-413a004b1ad1" testName="Invoke_SocksIsEnabledAndSocksServerIsNull_ThrowsException" computerName="ICSWS068" duration="00:00:00.0266545" startTime="2016-08-04T09:59:10.0947334+02:00" endTime="2016-08-04T09:59:10.1222576+02:00" testType="13cdc9d9-ddb5-4fa4-a97d-d965ccfc6d4b" outcome="Passed" testListId="8c84fa94-04c1-424b-9868-57a2d4851a1d" relativeResultsDirectory="ac329dd3-91ee-464c-bf81-56ddc5993676" />
    <UnitTestResult executionId="957e1067-44cf-4ff1-9db4-46dde6f372c7" testId="c7efbf20-71d5-7af5-dbdb-05621d99831d" testName="Invoke_ConfigurationMissing_ThrowsArgumentException" computerName="ICSWS068" duration="00:00:00.0162870" startTime="2016-08-04T09:59:10.1252511+02:00" endTime="2016-08-04T09:59:10.1422804+02:00" testType="13cdc9d9-ddb5-4fa4-a97d-d965ccfc6d4b" outcome="Passed" testListId="8c84fa94-04c1-424b-9868-57a2d4851a1d" relativeResultsDirectory="957e1067-44cf-4ff1-9db4-46dde6f372c7" />
    <UnitTestResult executionId="2e0e0c8e-688c-402b-8a94-5c15420ea9e3" testId="c7e5ee1e-e13e-1215-bae8-208646eb0e68" testName="Invoke_ConnectionMissing_ThrowsArgumentException" computerName="ICSWS068" duration="00:00:00.0014196" startTime="2016-08-04T09:59:10.1457399+02:00" endTime="2016-08-04T09:59:10.1482416+02:00" testType="13cdc9d9-ddb5-4fa4-a97d-d965ccfc6d4b" outcome="Passed" testListId="8c84fa94-04c1-424b-9868-57a2d4851a1d" relativeResultsDirectory="2e0e0c8e-688c-402b-8a94-5c15420ea9e3" />
    <UnitTestResult executionId="5ecadaed-200d-4435-8715-8bedb40c3693" testId="be679bd7-2645-3eba-116d-7293c6ce7895" testName="Invoke_ConfigurationIsNull_ThrowsArgumentEception" computerName="ICSWS068" duration="00:00:00.0027905" startTime="2016-08-04T09:59:10.1512442+02:00" endTime="2016-08-04T09:59:10.1552497+02:00" testType="13cdc9d9-ddb5-4fa4-a97d-d965ccfc6d4b" outcome="Passed" testListId="8c84fa94-04c1-424b-9868-57a2d4851a1d" relativeResultsDirectory="5ecadaed-200d-4435-8715-8bedb40c3693">
      <Output>
        <StdOut>Debug Trace:
0: WorkflowInstance "StartSftpFtpReaderActivity" is Started
1: Activity [null] "null" scheduled child activity [1] "StartSftpFtpReaderActivity"
2: Activity [1] "StartSftpFtpReaderActivity" is Executing
{
    Arguments
        Connection: Mock&lt;iCore.Public.Ftp.IFileTransferConnection:53a6&gt;.Object
        Configuration: 
        OpenNewConnection: False
}
3: Activity [1] "StartSftpFtpReaderActivity" is Faulted
{
    Arguments
        Connection: Mock&lt;iCore.Public.Ftp.IFileTransferConnection:53a6&gt;.Object
        Result: 00000000-0000-0000-0000-000000000000
        Configuration: 
        OpenNewConnection: False
}
4: Fault source [1] "StartSftpFtpReaderActivity"
5: WorkflowInstance "StartSftpFtpReaderActivity" Unhandled Exception Source "StartSftpFtpReaderActivity" Exception &lt;System.ArgumentException: Configuration was null (Nothing in Visual Basic) or empty.
   at iCore.Workflow.Activities.Ftp.StartSftpFtpReaderActivity.ValidateInput(FileReaderConfiguration configuration, IFileTransferConnection connection, Boolean openNewConnection)
   at iCore.Workflow.Activities.Ftp.StartSftpFtpReaderActivity.BeginExecute(AsyncCodeActivityContext context, AsyncCallback callback, Object state)
   at System.Activities.AsyncCodeActivity`1.InternalExecute(ActivityInstance instance, ActivityExecutor executor, BookmarkManager bookmarkManager)
   at System.Activities.ActivityInstance.Execute(ActivityExecutor executor, BookmarkManager bookmarkManager)
   at System.Activities.Runtime.ActivityExecutor.ExecuteActivityWorkItem.ExecuteBody(ActivityExecutor executor, BookmarkManager bookmarkManager, Location resultLocation)&gt;
6: WorkflowInstance Aborted [StartSftpFtpReaderActivity] Reason "Configuration was null (Nothing in Visual Basic) or empty."</StdOut>
      </Output>
    </UnitTestResult>
    <UnitTestResult executionId="bad0d7c3-4755-40d0-a23a-0b9631381c9d" testId="47b1aa51-e2b9-df3b-c7eb-aa95f48e0aa3" testName="Invoke_ConnectionIsNull_ThrowsArgumentException" computerName="ICSWS068" duration="00:00:00.0016891" startTime="2016-08-04T09:59:10.1577678+02:00" endTime="2016-08-04T09:59:10.1607546+02:00" testType="13cdc9d9-ddb5-4fa4-a97d-d965ccfc6d4b" outcome="Passed" testListId="8c84fa94-04c1-424b-9868-57a2d4851a1d" relativeResultsDirectory="bad0d7c3-4755-40d0-a23a-0b9631381c9d">
      <Output>
        <StdOut>Debug Trace:
0: WorkflowInstance "StartSftpFtpReaderActivity" is Started
1: Activity [null] "null" scheduled child activity [1] "StartSftpFtpReaderActivity"
2: Activity [1] "StartSftpFtpReaderActivity" is Executing
{
    Arguments
        Connection: 
        Configuration: iCore.Workflow.Activities.Filesystem.FileReaderConfiguration
        OpenNewConnection: False
}
3: Activity [1] "StartSftpFtpReaderActivity" is Faulted
{
    Arguments
        Connection: 
        Result: 00000000-0000-0000-0000-000000000000
        Configuration: iCore.Workflow.Activities.Filesystem.FileReaderConfiguration
        OpenNewConnection: False
}
4: Fault source [1] "StartSftpFtpReaderActivity"
5: WorkflowInstance "StartSftpFtpReaderActivity" Unhandled Exception Source "StartSftpFtpReaderActivity" Exception &lt;System.ArgumentException: Connection was null (Nothing in Visual Basic) or empty.
   at iCore.Workflow.Activities.Ftp.StartSftpFtpReaderActivity.ValidateInput(FileReaderConfiguration configuration, IFileTransferConnection connection, Boolean openNewConnection)
   at iCore.Workflow.Activities.Ftp.StartSftpFtpReaderActivity.BeginExecute(AsyncCodeActivityContext context, AsyncCallback callback, Object state)
   at System.Activities.AsyncCodeActivity`1.InternalExecute(ActivityInstance instance, ActivityExecutor executor, BookmarkManager bookmarkManager)
   at System.Activities.ActivityInstance.Execute(ActivityExecutor executor, BookmarkManager bookmarkManager)
   at System.Activities.Runtime.ActivityExecutor.ExecuteActivityWorkItem.ExecuteBody(ActivityExecutor executor, BookmarkManager bookmarkManager, Location resultLocation)&gt;
6: WorkflowInstance Aborted [StartSftpFtpReaderActivity] Reason "Connection was null (Nothing in Visual Basic) or empty."</StdOut>
      </Output>
    </UnitTestResult>
    <UnitTestResult executionId="97bbd03b-5106-4c3e-80d9-71de4693e3c8" testId="6996465b-01fb-f65b-8633-2ec5612acb78" testName="Invoke_OpenNewConnectionIsFalseButConnectionNotOpen_ThrowsInvalidOperationException" computerName="ICSWS068" duration="00:00:00.0030738" startTime="2016-08-04T09:59:10.1627551+02:00" endTime="2016-08-04T09:59:10.1672196+02:00" testType="13cdc9d9-ddb5-4fa4-a97d-d965ccfc6d4b" outcome="Passed" testListId="8c84fa94-04c1-424b-9868-57a2d4851a1d" relativeResultsDirectory="97bbd03b-5106-4c3e-80d9-71de4693e3c8">
      <Output>
        <StdOut>Debug Trace:
0: WorkflowInstance "StartSftpFtpReaderActivity" is Started
1: Activity [null] "null" scheduled child activity [1] "StartSftpFtpReaderActivity"
2: Activity [1] "StartSftpFtpReaderActivity" is Executing
{
    Arguments
        Connection: Mock&lt;iCore.Public.Ftp.IFileTransferConnection:daea&gt;.Object
        Configuration: iCore.Workflow.Activities.Filesystem.FileReaderConfiguration
        OpenNewConnection: False
}
3: Activity [1] "StartSftpFtpReaderActivity" is Faulted
{
    Arguments
        Connection: Mock&lt;iCore.Public.Ftp.IFileTransferConnection:daea&gt;.Object
        Result: 00000000-0000-0000-0000-000000000000
        Configuration: iCore.Workflow.Activities.Filesystem.FileReaderConfiguration
        OpenNewConnection: False
}
4: Fault source [1] "StartSftpFtpReaderActivity"
5: WorkflowInstance "StartSftpFtpReaderActivity" Unhandled Exception Source "StartSftpFtpReaderActivity" Exception &lt;System.InvalidOperationException: Open new connection is false but the provided connection is not opened
   at iCore.Workflow.Activities.Ftp.StartSftpFtpReaderActivity.ValidateInput(FileReaderConfiguration configuration, IFileTransferConnection connection, Boolean openNewConnection)
   at iCore.Workflow.Activities.Ftp.StartSftpFtpReaderActivity.BeginExecute(AsyncCodeActivityContext context, AsyncCallback callback, Object state)
   at System.Activities.AsyncCodeActivity`1.InternalExecute(ActivityInstance instance, ActivityExecutor executor, BookmarkManager bookmarkManager)
   at System.Activities.ActivityInstance.Execute(ActivityExecutor executor, BookmarkManager bookmarkManager)
   at System.Activities.Runtime.ActivityExecutor.ExecuteActivityWorkItem.ExecuteBody(ActivityExecutor executor, BookmarkManager bookmarkManager, Location resultLocation)&gt;
6: WorkflowInstance Aborted [StartSftpFtpReaderActivity] Reason "Open new connection is false but the provided connection is not opened"</StdOut>
      </Output>
    </UnitTestResult>
    <UnitTestResult executionId="478a9c9e-eb7a-449f-ad48-7390eeefda89" testId="1eea9f8e-be1c-bdde-b5e4-ab60cb5ba707" testName="Invoke_OpenNewConnectionIsFalseAndConnectionIsOpened_ReturnsIdOfSubscription" computerName="ICSWS068" duration="00:00:00.0135334" startTime="2016-08-04T09:59:10.1702207+02:00" endTime="2016-08-04T09:59:10.1851316+02:00" testType="13cdc9d9-ddb5-4fa4-a97d-d965ccfc6d4b" outcome="Passed" testListId="8c84fa94-04c1-424b-9868-57a2d4851a1d" relativeResultsDirectory="478a9c9e-eb7a-449f-ad48-7390eeefda89">
      <Output>
        <StdOut>Debug Trace:
0: WorkflowInstance "StartSftpFtpReaderActivity" is Started
1: Activity [null] "null" scheduled child activity [1] "StartSftpFtpReaderActivity"
2: Activity [1] "StartSftpFtpReaderActivity" is Executing
{
    Arguments
        Connection: Mock&lt;iCore.Public.Ftp.IFileTransferConnection:c87a&gt;.Object
        Configuration: iCore.Workflow.Activities.Filesystem.FileReaderConfiguration
        OpenNewConnection: False
}
3: WorkflowInstance "StartSftpFtpReaderActivity" is Idle
4: CustomTrackingRecord [1] "iCPSTraceTrackingRecord"
5: Activity [1] "StartSftpFtpReaderActivity" is Closed
{
    Arguments
        Connection: Mock&lt;iCore.Public.Ftp.IFileTransferConnection:c87a&gt;.Object
        Result: a5b9e4f3-fc92-44f8-8b89-996afd860d5f
        Configuration: iCore.Workflow.Activities.Filesystem.FileReaderConfiguration
        OpenNewConnection: False
}
6: WorkflowInstance "StartSftpFtpReaderActivity" is Completed</StdOut>
      </Output>
    </UnitTestResult>
    <UnitTestResult executionId="372a345c-0dad-4904-b23d-292a73415c53" testId="da9cc1bb-8949-5da3-6e64-01c3f2d25668" testName="Invoke_OpenNewConnectionIsTrueAndNotConnected_ConnectionOpenedOnClone" computerName="ICSWS068" duration="00:00:00.0048251" startTime="2016-08-04T09:59:10.1876318+02:00" endTime="2016-08-04T09:59:10.1934159+02:00" testType="13cdc9d9-ddb5-4fa4-a97d-d965ccfc6d4b" outcome="Passed" testListId="8c84fa94-04c1-424b-9868-57a2d4851a1d" relativeResultsDirectory="372a345c-0dad-4904-b23d-292a73415c53">
      <Output>
        <StdOut>Debug Trace:
0: WorkflowInstance "StartSftpFtpReaderActivity" is Started
1: Activity [null] "null" scheduled child activity [1] "StartSftpFtpReaderActivity"
2: Activity [1] "StartSftpFtpReaderActivity" is Executing
{
    Arguments
        Connection: Mock&lt;iCore.Public.Ftp.IFileTransferConnection:10bc&gt;.Object
        Configuration: iCore.Workflow.Activities.Filesystem.FileReaderConfiguration
        OpenNewConnection: True
}
3: WorkflowInstance "StartSftpFtpReaderActivity" is Idle
4: CustomTrackingRecord [1] "iCPSTraceTrackingRecord"
5: Activity [1] "StartSftpFtpReaderActivity" is Closed
{
    Arguments
        Connection: Mock&lt;iCore.Public.Ftp.IFileTransferConnection:10bc&gt;.Object
        Result: 8ee43919-4648-4f1a-8c39-4ed4bbcf2c45
        Configuration: iCore.Workflow.Activities.Filesystem.FileReaderConfiguration
        OpenNewConnection: True
}
6: WorkflowInstance "StartSftpFtpReaderActivity" is Completed</StdOut>
      </Output>
    </UnitTestResult>
    <UnitTestResult executionId="882022ea-4be5-48cd-9e3f-ced2c2489e2d" testId="4d496680-40bc-b60b-351b-afaed33270e8" testName="Invoke_OpenNewConnectionIsTrueAndConnected_ConnectionOpenedOnClone" computerName="ICSWS068" duration="00:00:00.0034134" startTime="2016-08-04T09:59:10.1959367+02:00" endTime="2016-08-04T09:59:10.2009243+02:00" testType="13cdc9d9-ddb5-4fa4-a97d-d965ccfc6d4b" outcome="Passed" testListId="8c84fa94-04c1-424b-9868-57a2d4851a1d" relativeResultsDirectory="882022ea-4be5-48cd-9e3f-ced2c2489e2d">
      <Output>
        <StdOut>Debug Trace:
0: WorkflowInstance "StartSftpFtpReaderActivity" is Started
1: Activity [null] "null" scheduled child activity [1] "StartSftpFtpReaderActivity"
2: Activity [1] "StartSftpFtpReaderActivity" is Executing
{
    Arguments
        Connection: Mock&lt;iCore.Public.Ftp.IFileTransferConnection:40c0&gt;.Object
        Configuration: iCore.Workflow.Activities.Filesystem.FileReaderConfiguration
        OpenNewConnection: True
}
3: WorkflowInstance "StartSftpFtpReaderActivity" is Idle
4: CustomTrackingRecord [1] "iCPSTraceTrackingRecord"
5: Activity [1] "StartSftpFtpReaderActivity" is Closed
{
    Arguments
        Connection: Mock&lt;iCore.Public.Ftp.IFileTransferConnection:40c0&gt;.Object
        Result: 00000000-0000-0000-0000-000000000000
        Configuration: iCore.Workflow.Activities.Filesystem.FileReaderConfiguration
        OpenNewConnection: True
}
6: WorkflowInstance "StartSftpFtpReaderActivity" is Completed</StdOut>
      </Output>
    </UnitTestResult>
    <UnitTestResult executionId="625c44e3-7d17-46e9-862c-3c3b939c550c" testId="a5ac5349-49d4-617c-d6aa-1698be8e5859" testName="Invoke_OpenNewConnectionIsTrue_ReturnsIdOfSubscription" computerName="ICSWS068" duration="00:00:00.0052731" startTime="2016-08-04T09:59:10.2034248+02:00" endTime="2016-08-04T09:59:10.2099467+02:00" testType="13cdc9d9-ddb5-4fa4-a97d-d965ccfc6d4b" outcome="Passed" testListId="8c84fa94-04c1-424b-9868-57a2d4851a1d" relativeResultsDirectory="625c44e3-7d17-46e9-862c-3c3b939c550c">
      <Output>
        <StdOut>Debug Trace:
0: WorkflowInstance "StartSftpFtpReaderActivity" is Started
1: Activity [null] "null" scheduled child activity [1] "StartSftpFtpReaderActivity"
2: Activity [1] "StartSftpFtpReaderActivity" is Executing
{
    Arguments
        Connection: Mock&lt;iCore.Public.Ftp.IFileTransferConnection:0f0a&gt;.Object
        Configuration: iCore.Workflow.Activities.Filesystem.FileReaderConfiguration
        OpenNewConnection: False
}
3: WorkflowInstance "StartSftpFtpReaderActivity" is Idle
4: CustomTrackingRecord [1] "iCPSTraceTrackingRecord"
5: Activity [1] "StartSftpFtpReaderActivity" is Closed
{
    Arguments
        Connection: Mock&lt;iCore.Public.Ftp.IFileTransferConnection:0f0a&gt;.Object
        Result: 84543f48-2f75-4041-8962-34089b83188b
        Configuration: iCore.Workflow.Activities.Filesystem.FileReaderConfiguration
        OpenNewConnection: False
}
6: WorkflowInstance "StartSftpFtpReaderActivity" is Completed</StdOut>
      </Output>
    </UnitTestResult>
    <UnitTestResult executionId="6afe0aed-3192-4226-9894-6f3fe0c13eed" testId="35cc6b19-ca09-93f7-36a4-878943da7525" testName="Invoke_OpenConnectionIsTrueAndCancel_TokenIsCancelled" computerName="ICSWS068" duration="00:00:00.0033195" startTime="2016-08-04T09:59:10.2129343+02:00" endTime="2016-08-04T09:59:10.2179387+02:00" testType="13cdc9d9-ddb5-4fa4-a97d-d965ccfc6d4b" outcome="Passed" testListId="8c84fa94-04c1-424b-9868-57a2d4851a1d" relativeResultsDirectory="6afe0aed-3192-4226-9894-6f3fe0c13eed" />
    <UnitTestResult executionId="4ddf6f32-3ff5-473a-9e7b-a1140f1f855f" testId="16b69696-1bdf-a0fd-c9d3-56cf93372185" testName="Invoke_CorrectParameters_Success" computerName="ICSWS068" duration="00:00:00.0061382" startTime="2016-08-04T09:59:10.2214404+02:00" endTime="2016-08-04T09:59:10.2294185+02:00" testType="13cdc9d9-ddb5-4fa4-a97d-d965ccfc6d4b" outcome="Passed" testListId="8c84fa94-04c1-424b-9868-57a2d4851a1d" relativeResultsDirectory="4ddf6f32-3ff5-473a-9e7b-a1140f1f855f">
      <Output>
        <StdOut>Debug Trace:
0: WorkflowInstance "StopSftpFtpReaderActivity" is Started
1: Activity [null] "null" scheduled child activity [1] "StopSftpFtpReaderActivity"
2: Activity [1] "StopSftpFtpReaderActivity" is Executing
{
    Arguments
        SubscriptionId: 8a4de641-c0dd-4ab6-8ba3-635c8953319a
}
3: CustomTrackingRecord [1] "iCPSTraceTrackingRecord"
4: Activity [1] "StopSftpFtpReaderActivity" is Closed
{
    Arguments
        SubscriptionId: 8a4de641-c0dd-4ab6-8ba3-635c8953319a
}
5: WorkflowInstance "StopSftpFtpReaderActivity" is Completed</StdOut>
      </Output>
    </UnitTestResult>
    <UnitTestResult executionId="b846566d-a76d-427e-8d97-770ecbd62629" testId="ef40069c-1604-786d-4267-6e2cb18c9322" testName="Invoke_EmptyId_ThrowsTestException" computerName="ICSWS068" duration="00:00:00.0026107" startTime="2016-08-04T09:59:10.2319208+02:00" endTime="2016-08-04T09:59:10.2358999+02:00" testType="13cdc9d9-ddb5-4fa4-a97d-d965ccfc6d4b" outcome="Passed" testListId="8c84fa94-04c1-424b-9868-57a2d4851a1d" relativeResultsDirectory="b846566d-a76d-427e-8d97-770ecbd62629">
      <Output>
        <StdOut>Debug Trace:
0: WorkflowInstance "StopSftpFtpReaderActivity" is Started
1: Activity [null] "null" scheduled child activity [1] "StopSftpFtpReaderActivity"
2: Activity [1] "StopSftpFtpReaderActivity" is Executing
{
    Arguments
        SubscriptionId: 00000000-0000-0000-0000-000000000000
}
3: CustomTrackingRecord [1] "iCPSTraceTrackingRecord"
4: Activity [1] "StopSftpFtpReaderActivity" is Faulted
{
    Arguments
        SubscriptionId: 00000000-0000-0000-0000-000000000000
}
5: Fault source [1] "StopSftpFtpReaderActivity"
6: WorkflowInstance "StopSftpFtpReaderActivity" Unhandled Exception Source "StopSftpFtpReaderActivity" Exception &lt;Testing.Common.TestException: Test exception
   at Moq.MethodCall.Execute(ICallContext call)
   at Moq.MethodCallReturn`2.Execute(ICallContext call)
   at Moq.ExecuteCall.HandleIntercept(ICallContext invocation, InterceptorContext ctx, CurrentInterceptContext localctx)
   at Moq.Interceptor.Intercept(ICallContext invocation)
   at Moq.Proxy.CastleProxyFactory.Interceptor.Intercept(IInvocation invocation)
   at Castle.DynamicProxy.AbstractInvocation.Proceed()
   at Castle.Proxies.IFileReaderExtensionProxy.RemoveProvider(Guid providerId)
   at iCore.Workflow.Activities.Ftp.StopSftpFtpReaderActivity.Execute(CodeActivityContext context)
   at System.Activities.CodeActivity.InternalExecute(ActivityInstance instance, ActivityExecutor executor, BookmarkManager bookmarkManager)
   at System.Activities.ActivityInstance.Execute(ActivityExecutor executor, BookmarkManager bookmarkManager)
   at System.Activities.Runtime.ActivityExecutor.ExecuteActivityWorkItem.ExecuteBody(ActivityExecutor executor, BookmarkManager bookmarkManager, Location resultLocation)&gt;
7: WorkflowInstance Aborted [StopSftpFtpReaderActivity] Reason "Test exception"</StdOut>
      </Output>
    </UnitTestResult>
    <UnitTestResult executionId="86b7d50f-2d7c-4613-aa2f-2a36bd2dbea1" testId="7116938b-79e7-0a09-8b4c-c972fe8abed5" testName="Invoke_SubscriptionIsMissing_ThrowsArgumentException" computerName="ICSWS068" duration="00:00:00.0964220" startTime="2016-08-04T09:59:10.2389016+02:00" endTime="2016-08-04T09:59:10.3369340+02:00" testType="13cdc9d9-ddb5-4fa4-a97d-d965ccfc6d4b" outcome="Passed" testListId="8c84fa94-04c1-424b-9868-57a2d4851a1d" relativeResultsDirectory="86b7d50f-2d7c-4613-aa2f-2a36bd2dbea1" />
    <UnitTestResult executionId="a1f51375-9458-4cf9-a96f-91beb0b41861" testId="2ae3978e-e49b-bfce-7091-105f46f2561d" testName="Invoke_ConnectionIsMissing_ThrowsArgumentException" computerName="ICSWS068" duration="00:00:00.0029755" startTime="2016-08-04T09:59:10.3399369+02:00" endTime="2016-08-04T09:59:10.3444444+02:00" testType="13cdc9d9-ddb5-4fa4-a97d-d965ccfc6d4b" outcome="Passed" testListId="8c84fa94-04c1-424b-9868-57a2d4851a1d" relativeResultsDirectory="a1f51375-9458-4cf9-a96f-91beb0b41861" />
    <UnitTestResult executionId="63ee5798-f458-4600-a53e-85e83f741b1c" testId="437f18eb-6138-48c5-3095-f23cf756c059" testName="Invoke_AllArguments_VerifyInternalGetNextActivity" computerName="ICSWS068" duration="00:00:00.0180594" startTime="2016-08-04T09:59:10.3469464+02:00" endTime="2016-08-04T09:59:10.3664115+02:00" testType="13cdc9d9-ddb5-4fa4-a97d-d965ccfc6d4b" outcome="Passed" testListId="8c84fa94-04c1-424b-9868-57a2d4851a1d" relativeResultsDirectory="63ee5798-f458-4600-a53e-85e83f741b1c">
      <Output>
        <StdOut>Debug Trace:
FileTransferPath.GetDirectoryName: path=/directory/path/file.name directorySeparator=
\directory\path: FileTransferPath.GetDirectoryName: Path.GetDirectoryName={0}
0: WorkflowInstance "GetSftpFtpNextFileActivity" is Started
1: Activity [null] "null" scheduled child activity [1] "GetSftpFtpNextFileActivity"
2: Activity [1] "GetSftpFtpNextFileActivity" is Executing
{
    Arguments
        LocalFileNameIn: localfile.txt
        RenameFile: False
        MoveFileTo: 
        ErrorOnTimeout: False
        SubscriptionId: d4c6cd26-64b0-4b8f-b5cb-6bf24db2a65d
        Timeout: 00:00:00
        Connection: Mock&lt;iCore.Public.Ftp.IFileTransferConnection:66be&gt;.Object
        IsImplicitlyCancellable: False
        LocalDirectory: C:\local_temp
        DeleteServerFile: False
}
3: Activity [1] "GetSftpFtpNextFileActivity" scheduled child activity [1.1] "Sequence"
4: Activity [1.1] "Sequence" is Executing
{
    Variables
        _1a25a75f_79d5_4484_98f9_c744c2b55c4d_1: System.IO.MemoryStream
        _1a25a75f_79d5_4484_98f9_c744c2b55c4d_2: localfile.txt
        _1a25a75f_79d5_4484_98f9_c744c2b55c4d_3: C:\local_temp\localfile.txt
}
5: Activity [1.1] "Sequence" scheduled child activity [1.81] "InternalGetNextFile1"
6: Activity [1.81] "InternalGetNextFile1" is Executing
{
    Arguments
        ErrorOnTimeout: False
        SubscriptionId: d4c6cd26-64b0-4b8f-b5cb-6bf24db2a65d
        Timeout: 00:00:00
        IsImplicitlyCancellable: False
}
7: CustomTrackingRecord [1.81] "iCPSTraceTrackingRecord"
8: WorkflowInstance "GetSftpFtpNextFileActivity" is Idle
9: Bookmark "27a6acd9-9b66-4c4d-847d-fb1b8bf45094" resumed with payload &lt;iCore.Workflow.Activities.Extensions.ItemSubscriptionEventArgs`1[iCore.Common.Utilities.FileSystemWatcher.FileInfoBase]&gt; owner [1.81] "InternalGetNextFile1"
10: Activity [1.81] "InternalGetNextFile1" is Closed
{
    Arguments
        ErrorOnTimeout: False
        SubscriptionId: d4c6cd26-64b0-4b8f-b5cb-6bf24db2a65d
        FileName: file.name
        Timeout: 00:00:00
        IsImplicitlyCancellable: False
        FilePath: /directory/path/file.name
}
11: Activity [1.1] "Sequence" scheduled child activity [1.2] "If"
12: Activity [1.2] "If" is Executing
{
    Arguments
        Condition: True
}
13: Activity [1.2] "If" scheduled child activity [1.6] "TryCatch"
14: Activity [1.6] "TryCatch" is Executing
15: Activity [1.6] "TryCatch" scheduled child activity [1.10] "TrySequence1"
16: Activity [1.10] "TrySequence1" is Executing
17: Activity [1.10] "TrySequence1" scheduled child activity [1.75] "AssignProcessingFileName"
18: Activity [1.75] "AssignProcessingFileName" is Executing
{
    Arguments
        Value: file.name
}
19: Activity [1.75] "AssignProcessingFileName" is Closed
{
    Arguments
        Value: file.name
        To: file.name
}
20: Activity [1.10] "TrySequence1" scheduled child activity [1.68] "AssignProcessingFilePath"
21: Activity [1.68] "AssignProcessingFilePath" is Executing
{
    Arguments
        Value: /directory/path/file.name
}
22: Activity [1.68] "AssignProcessingFilePath" is Closed
{
    Arguments
        Value: /directory/path/file.name
        To: /directory/path/file.name
}
23: Activity [1.10] "TrySequence1" scheduled child activity [1.56] "IfRenameFile"
24: Activity [1.56] "IfRenameFile" is Executing
{
    Arguments
        Condition: False
}
25: Activity [1.56] "IfRenameFile" is Closed
{
    Arguments
        Condition: False
}
26: Activity [1.10] "TrySequence1" scheduled child activity [1.50] "SetLocalFileName"
27: Activity [1.50] "SetLocalFileName" is Executing
{
    Arguments
        Value: localfile.txt
}
28: Activity [1.50] "SetLocalFileName" is Closed
{
    Arguments
        Value: localfile.txt
        To: localfile.txt
}
29: Activity [1.10] "TrySequence1" scheduled child activity [1.44] "SetLocalFilePath"
30: Activity [1.44] "SetLocalFilePath" is Executing
{
    Arguments
        Value: C:\local_temp\localfile.txt
}
31: Activity [1.44] "SetLocalFilePath" is Closed
{
    Arguments
        Value: C:\local_temp\localfile.txt
        To: C:\local_temp\localfile.txt
}
32: Activity [1.10] "TrySequence1" scheduled child activity [1.36] "OpenFile1"
33: Activity [1.36] "OpenFile1" is Executing
{
    Arguments
        FileAccess: ReadWrite
        FileMode: Create
        FileName: C:\local_temp\localfile.txt
        FileShare: None
}
34: WorkflowInstance "GetSftpFtpNextFileActivity" is Idle
35: Activity [1.36] "OpenFile1" is Closed
{
    Arguments
        FileAccess: ReadWrite
        FileMode: Create
        FileName: C:\local_temp\localfile.txt
        Result: System.IO.MemoryStream
        FileShare: None
}
36: Activity [1.10] "TrySequence1" scheduled child activity [1.30] "DownloadSftpFtpFileToStream1"
37: Activity [1.30] "DownloadSftpFtpFileToStream1" is Executing
{
    Arguments
        DestinationStream: System.IO.MemoryStream
        SourceFilename: /directory/path/file.name
        Connection: Mock&lt;iCore.Public.Ftp.IFileTransferConnection:66be&gt;.Object
}
38: WorkflowInstance "GetSftpFtpNextFileActivity" is Idle
39: Activity [1.30] "DownloadSftpFtpFileToStream1" is Closed
{
    Arguments
        DestinationStream: System.IO.MemoryStream
        SourceFilename: /directory/path/file.name
        Connection: Mock&lt;iCore.Public.Ftp.IFileTransferConnection:66be&gt;.Object
}
40: Activity [1.10] "TrySequence1" scheduled child activity [1.21] "If"
41: Activity [1.21] "If" is Executing
{
    Arguments
        Condition: False
}
42: Activity [1.21] "If" is Closed
{
    Arguments
        Condition: False
}
43: Activity [1.10] "TrySequence1" scheduled child activity [1.16] "AssignLocalFileNameOut"
44: Activity [1.16] "AssignLocalFileNameOut" is Executing
{
    Arguments
        Value: localfile.txt
}
45: Activity [1.16] "AssignLocalFileNameOut" is Closed
{
    Arguments
        Value: localfile.txt
        To: localfile.txt
}
46: Activity [1.10] "TrySequence1" scheduled child activity [1.11] "AssignLocalFilePath"
47: Activity [1.11] "AssignLocalFilePath" is Executing
{
    Arguments
        Value: C:\local_temp\localfile.txt
}
48: Activity [1.11] "AssignLocalFilePath" is Closed
{
    Arguments
        Value: C:\local_temp\localfile.txt
        To: C:\local_temp\localfile.txt
}
49: Activity [1.10] "TrySequence1" is Closed
50: Activity [1.6] "TryCatch" scheduled child activity [1.7] "FinallySequence1"
51: Activity [1.7] "FinallySequence1" is Executing
52: Activity [1.7] "FinallySequence1" scheduled child activity [1.8] "CloseStream1"
53: Activity [1.8] "CloseStream1" is Executing
{
    Arguments
        Stream: System.IO.MemoryStream
}
54: WorkflowInstance "GetSftpFtpNextFileActivity" is Idle
55: Activity [1.8] "CloseStream1" is Closed
{
    Arguments
        Stream: System.IO.MemoryStream
}
56: Activity [1.7] "FinallySequence1" is Closed
57: Activity [1.6] "TryCatch" is Closed
58: Activity [1.2] "If" is Closed
{
    Arguments
        Condition: True
}
59: Activity [1.1] "Sequence" is Closed
{
    Variables
        _1a25a75f_79d5_4484_98f9_c744c2b55c4d_4: System.IO.MemoryStream
        _1a25a75f_79d5_4484_98f9_c744c2b55c4d_5: localfile.txt
        _1a25a75f_79d5_4484_98f9_c744c2b55c4d_6: C:\local_temp\localfile.txt
}
60: Activity [1] "GetSftpFtpNextFileActivity" is Closed
{
    Arguments
        LocalFileNameIn: localfile.txt
        LocalFileNameOut: localfile.txt
        RenameFile: False
        MoveFileTo: 
        LocalFilePath: C:\local_temp\localfile.txt
        ErrorOnTimeout: False
        SubscriptionId: d4c6cd26-64b0-4b8f-b5cb-6bf24db2a65d
        Timeout: 00:00:00
        Connection: Mock&lt;iCore.Public.Ftp.IFileTransferConnection:66be&gt;.Object
        OriginalFileName: file.name
        ProcessingFilePath: /directory/path/file.name
        IsImplicitlyCancellable: False
        LocalDirectory: C:\local_temp
        ProcessingFileName: file.name
        OriginalFilePath: /directory/path/file.name
        DeleteServerFile: False
}
61: WorkflowInstance "GetSftpFtpNextFileActivity" is Completed</StdOut>
      </Output>
    </UnitTestResult>
    <UnitTestResult executionId="179e32e0-634d-491a-979b-3e4d45d6583c" testId="6b4c1e97-f362-3e2a-ea4f-1de76bdda5d3" testName="Invoke_AllArguments_VerifyFileDownloadActivity" computerName="ICSWS068" duration="00:00:00.0080754" startTime="2016-08-04T09:59:10.3694132+02:00" endTime="2016-08-04T09:59:10.3789204+02:00" testType="13cdc9d9-ddb5-4fa4-a97d-d965ccfc6d4b" outcome="Passed" testListId="8c84fa94-04c1-424b-9868-57a2d4851a1d" relativeResultsDirectory="179e32e0-634d-491a-979b-3e4d45d6583c">
      <Output>
        <StdOut>Debug Trace:
FileTransferPath.GetDirectoryName: path=/directory/path/file.name directorySeparator=
\directory\path: FileTransferPath.GetDirectoryName: Path.GetDirectoryName={0}
0: WorkflowInstance "GetSftpFtpNextFileActivity" is Started
1: Activity [null] "null" scheduled child activity [1] "GetSftpFtpNextFileActivity"
2: Activity [1] "GetSftpFtpNextFileActivity" is Executing
{
    Arguments
        LocalFileNameIn: localfile.txt
        RenameFile: False
        MoveFileTo: 
        ErrorOnTimeout: False
        SubscriptionId: 03eaa6b4-a13e-42bc-98a9-9b0ee5f91b8f
        Timeout: 00:00:00
        Connection: Mock&lt;iCore.Public.Ftp.IFileTransferConnection:832a&gt;.Object
        IsImplicitlyCancellable: False
        LocalDirectory: C:\local_temp
        DeleteServerFile: False
}
3: Activity [1] "GetSftpFtpNextFileActivity" scheduled child activity [1.1] "Sequence"
4: Activity [1.1] "Sequence" is Executing
{
    Variables
        _1a25a75f_79d5_4484_98f9_c744c2b55c4d_7: System.IO.MemoryStream
        _1a25a75f_79d5_4484_98f9_c744c2b55c4d_8: localfile.txt
        _1a25a75f_79d5_4484_98f9_c744c2b55c4d_9: C:\local_temp\localfile.txt
}
5: Activity [1.1] "Sequence" scheduled child activity [1.81] "InternalGetNextFile1"
6: Activity [1.81] "InternalGetNextFile1" is Executing
{
    Arguments
        ErrorOnTimeout: False
        SubscriptionId: 03eaa6b4-a13e-42bc-98a9-9b0ee5f91b8f
        Timeout: 00:00:00
        IsImplicitlyCancellable: False
}
7: CustomTrackingRecord [1.81] "iCPSTraceTrackingRecord"
8: WorkflowInstance "GetSftpFtpNextFileActivity" is Idle
9: Bookmark "db38b587-e570-48ff-95d4-d4d8485e886c" resumed with payload &lt;iCore.Workflow.Activities.Extensions.ItemSubscriptionEventArgs`1[iCore.Common.Utilities.FileSystemWatcher.FileInfoBase]&gt; owner [1.81] "InternalGetNextFile1"
10: Activity [1.81] "InternalGetNextFile1" is Closed
{
    Arguments
        ErrorOnTimeout: False
        SubscriptionId: 03eaa6b4-a13e-42bc-98a9-9b0ee5f91b8f
        FileName: file.name
        Timeout: 00:00:00
        IsImplicitlyCancellable: False
        FilePath: /directory/path/file.name
}
11: Activity [1.1] "Sequence" scheduled child activity [1.2] "If"
12: Activity [1.2] "If" is Executing
{
    Arguments
        Condition: True
}
13: Activity [1.2] "If" scheduled child activity [1.6] "TryCatch"
14: Activity [1.6] "TryCatch" is Executing
15: Activity [1.6] "TryCatch" scheduled child activity [1.10] "TrySequence1"
16: Activity [1.10] "TrySequence1" is Executing
17: Activity [1.10] "TrySequence1" scheduled child activity [1.75] "AssignProcessingFileName"
18: Activity [1.75] "AssignProcessingFileName" is Executing
{
    Arguments
        Value: file.name
}
19: Activity [1.75] "AssignProcessingFileName" is Closed
{
    Arguments
        Value: file.name
        To: file.name
}
20: Activity [1.10] "TrySequence1" scheduled child activity [1.68] "AssignProcessingFilePath"
21: Activity [1.68] "AssignProcessingFilePath" is Executing
{
    Arguments
        Value: /directory/path/file.name
}
22: Activity [1.68] "AssignProcessingFilePath" is Closed
{
    Arguments
        Value: /directory/path/file.name
        To: /directory/path/file.name
}
23: Activity [1.10] "TrySequence1" scheduled child activity [1.56] "IfRenameFile"
24: Activity [1.56] "IfRenameFile" is Executing
{
    Arguments
        Condition: False
}
25: Activity [1.56] "IfRenameFile" is Closed
{
    Arguments
        Condition: False
}
26: Activity [1.10] "TrySequence1" scheduled child activity [1.50] "SetLocalFileName"
27: Activity [1.50] "SetLocalFileName" is Executing
{
    Arguments
        Value: localfile.txt
}
28: Activity [1.50] "SetLocalFileName" is Closed
{
    Arguments
        Value: localfile.txt
        To: localfile.txt
}
29: Activity [1.10] "TrySequence1" scheduled child activity [1.44] "SetLocalFilePath"
30: Activity [1.44] "SetLocalFilePath" is Executing
{
    Arguments
        Value: C:\local_temp\localfile.txt
}
31: Activity [1.44] "SetLocalFilePath" is Closed
{
    Arguments
        Value: C:\local_temp\localfile.txt
        To: C:\local_temp\localfile.txt
}
32: Activity [1.10] "TrySequence1" scheduled child activity [1.36] "OpenFile1"
33: Activity [1.36] "OpenFile1" is Executing
{
    Arguments
        FileAccess: ReadWrite
        FileMode: Create
        FileName: C:\local_temp\localfile.txt
        FileShare: None
}
34: WorkflowInstance "GetSftpFtpNextFileActivity" is Idle
35: Activity [1.36] "OpenFile1" is Closed
{
    Arguments
        FileAccess: ReadWrite
        FileMode: Create
        FileName: C:\local_temp\localfile.txt
        Result: System.IO.MemoryStream
        FileShare: None
}
36: Activity [1.10] "TrySequence1" scheduled child activity [1.30] "DownloadSftpFtpFileToStream1"
37: Activity [1.30] "DownloadSftpFtpFileToStream1" is Executing
{
    Arguments
        DestinationStream: System.IO.MemoryStream
        SourceFilename: /directory/path/file.name
        Connection: Mock&lt;iCore.Public.Ftp.IFileTransferConnection:832a&gt;.Object
}
38: WorkflowInstance "GetSftpFtpNextFileActivity" is Idle
39: Activity [1.30] "DownloadSftpFtpFileToStream1" is Closed
{
    Arguments
        DestinationStream: System.IO.MemoryStream
        SourceFilename: /directory/path/file.name
        Connection: Mock&lt;iCore.Public.Ftp.IFileTransferConnection:832a&gt;.Object
}
40: Activity [1.10] "TrySequence1" scheduled child activity [1.21] "If"
41: Activity [1.21] "If" is Executing
{
    Arguments
        Condition: False
}
42: Activity [1.21] "If" is Closed
{
    Arguments
        Condition: False
}
43: Activity [1.10] "TrySequence1" scheduled child activity [1.16] "AssignLocalFileNameOut"
44: Activity [1.16] "AssignLocalFileNameOut" is Executing
{
    Arguments
        Value: localfile.txt
}
45: Activity [1.16] "AssignLocalFileNameOut" is Closed
{
    Arguments
        Value: localfile.txt
        To: localfile.txt
}
46: Activity [1.10] "TrySequence1" scheduled child activity [1.11] "AssignLocalFilePath"
47: Activity [1.11] "AssignLocalFilePath" is Executing
{
    Arguments
        Value: C:\local_temp\localfile.txt
}
48: Activity [1.11] "AssignLocalFilePath" is Closed
{
    Arguments
        Value: C:\local_temp\localfile.txt
        To: C:\local_temp\localfile.txt
}
49: Activity [1.10] "TrySequence1" is Closed
50: Activity [1.6] "TryCatch" scheduled child activity [1.7] "FinallySequence1"
51: Activity [1.7] "FinallySequence1" is Executing
52: Activity [1.7] "FinallySequence1" scheduled child activity [1.8] "CloseStream1"
53: Activity [1.8] "CloseStream1" is Executing
{
    Arguments
        Stream: System.IO.MemoryStream
}
54: WorkflowInstance "GetSftpFtpNextFileActivity" is Idle
55: Activity [1.8] "CloseStream1" is Closed
{
    Arguments
        Stream: System.IO.MemoryStream
}
56: Activity [1.7] "FinallySequence1" is Closed
57: Activity [1.6] "TryCatch" is Closed
58: Activity [1.2] "If" is Closed
{
    Arguments
        Condition: True
}
59: Activity [1.1] "Sequence" is Closed
{
    Variables
        _1a25a75f_79d5_4484_98f9_c744c2b55c4d_10: System.IO.MemoryStream
        _1a25a75f_79d5_4484_98f9_c744c2b55c4d_11: localfile.txt
        _1a25a75f_79d5_4484_98f9_c744c2b55c4d_12: C:\local_temp\localfile.txt
}
60: Activity [1] "GetSftpFtpNextFileActivity" is Closed
{
    Arguments
        LocalFileNameIn: localfile.txt
        LocalFileNameOut: localfile.txt
        RenameFile: False
        MoveFileTo: 
        LocalFilePath: C:\local_temp\localfile.txt
        ErrorOnTimeout: False
        SubscriptionId: 03eaa6b4-a13e-42bc-98a9-9b0ee5f91b8f
        Timeout: 00:00:00
        Connection: Mock&lt;iCore.Public.Ftp.IFileTransferConnection:832a&gt;.Object
        OriginalFileName: file.name
        ProcessingFilePath: /directory/path/file.name
        IsImplicitlyCancellable: False
        LocalDirectory: C:\local_temp
        ProcessingFileName: file.name
        OriginalFilePath: /directory/path/file.name
        DeleteServerFile: False
}
61: WorkflowInstance "GetSftpFtpNextFileActivity" is Completed</StdOut>
      </Output>
    </UnitTestResult>
    <UnitTestResult executionId="37ff2b3a-76d0-4ec7-950b-496a3c92413d" testId="e3731e2e-daff-a37c-abba-e07e4cbd1a56" testName="Invoke_AllArguments_VerifyOpenFileActivity" computerName="ICSWS068" duration="00:00:00.0081696" startTime="2016-08-04T09:59:10.3814221+02:00" endTime="2016-08-04T09:59:10.3907184+02:00" testType="13cdc9d9-ddb5-4fa4-a97d-d965ccfc6d4b" outcome="Passed" testListId="8c84fa94-04c1-424b-9868-57a2d4851a1d" relativeResultsDirectory="37ff2b3a-76d0-4ec7-950b-496a3c92413d">
      <Output>
        <StdOut>Debug Trace:
FileTransferPath.GetDirectoryName: path=/directory/path/file.name directorySeparator=
\directory\path: FileTransferPath.GetDirectoryName: Path.GetDirectoryName={0}
0: WorkflowInstance "GetSftpFtpNextFileActivity" is Started
1: Activity [null] "null" scheduled child activity [1] "GetSftpFtpNextFileActivity"
2: Activity [1] "GetSftpFtpNextFileActivity" is Executing
{
    Arguments
        LocalFileNameIn: localfile.txt
        RenameFile: False
        MoveFileTo: 
        ErrorOnTimeout: False
        SubscriptionId: 4344ab83-c5bc-402f-a546-2932bb8368dc
        Timeout: 00:00:00
        Connection: Mock&lt;iCore.Public.Ftp.IFileTransferConnection:43ca&gt;.Object
        IsImplicitlyCancellable: False
        LocalDirectory: C:\local_temp
        DeleteServerFile: False
}
3: Activity [1] "GetSftpFtpNextFileActivity" scheduled child activity [1.1] "Sequence"
4: Activity [1.1] "Sequence" is Executing
{
    Variables
        _1a25a75f_79d5_4484_98f9_c744c2b55c4d_13: System.IO.MemoryStream
        _1a25a75f_79d5_4484_98f9_c744c2b55c4d_14: localfile.txt
        _1a25a75f_79d5_4484_98f9_c744c2b55c4d_15: C:\local_temp\localfile.txt
}
5: Activity [1.1] "Sequence" scheduled child activity [1.81] "InternalGetNextFile1"
6: Activity [1.81] "InternalGetNextFile1" is Executing
{
    Arguments
        ErrorOnTimeout: False
        SubscriptionId: 4344ab83-c5bc-402f-a546-2932bb8368dc
        Timeout: 00:00:00
        IsImplicitlyCancellable: False
}
7: CustomTrackingRecord [1.81] "iCPSTraceTrackingRecord"
8: WorkflowInstance "GetSftpFtpNextFileActivity" is Idle
9: Bookmark "682936c6-a212-4bcd-a7ba-9541eae24b34" resumed with payload &lt;iCore.Workflow.Activities.Extensions.ItemSubscriptionEventArgs`1[iCore.Common.Utilities.FileSystemWatcher.FileInfoBase]&gt; owner [1.81] "InternalGetNextFile1"
10: Activity [1.81] "InternalGetNextFile1" is Closed
{
    Arguments
        ErrorOnTimeout: False
        SubscriptionId: 4344ab83-c5bc-402f-a546-2932bb8368dc
        FileName: file.name
        Timeout: 00:00:00
        IsImplicitlyCancellable: False
        FilePath: /directory/path/file.name
}
11: Activity [1.1] "Sequence" scheduled child activity [1.2] "If"
12: Activity [1.2] "If" is Executing
{
    Arguments
        Condition: True
}
13: Activity [1.2] "If" scheduled child activity [1.6] "TryCatch"
14: Activity [1.6] "TryCatch" is Executing
15: Activity [1.6] "TryCatch" scheduled child activity [1.10] "TrySequence1"
16: Activity [1.10] "TrySequence1" is Executing
17: Activity [1.10] "TrySequence1" scheduled child activity [1.75] "AssignProcessingFileName"
18: Activity [1.75] "AssignProcessingFileName" is Executing
{
    Arguments
        Value: file.name
}
19: Activity [1.75] "AssignProcessingFileName" is Closed
{
    Arguments
        Value: file.name
        To: file.name
}
20: Activity [1.10] "TrySequence1" scheduled child activity [1.68] "AssignProcessingFilePath"
21: Activity [1.68] "AssignProcessingFilePath" is Executing
{
    Arguments
        Value: /directory/path/file.name
}
22: Activity [1.68] "AssignProcessingFilePath" is Closed
{
    Arguments
        Value: /directory/path/file.name
        To: /directory/path/file.name
}
23: Activity [1.10] "TrySequence1" scheduled child activity [1.56] "IfRenameFile"
24: Activity [1.56] "IfRenameFile" is Executing
{
    Arguments
        Condition: False
}
25: Activity [1.56] "IfRenameFile" is Closed
{
    Arguments
        Condition: False
}
26: Activity [1.10] "TrySequence1" scheduled child activity [1.50] "SetLocalFileName"
27: Activity [1.50] "SetLocalFileName" is Executing
{
    Arguments
        Value: localfile.txt
}
28: Activity [1.50] "SetLocalFileName" is Closed
{
    Arguments
        Value: localfile.txt
        To: localfile.txt
}
29: Activity [1.10] "TrySequence1" scheduled child activity [1.44] "SetLocalFilePath"
30: Activity [1.44] "SetLocalFilePath" is Executing
{
    Arguments
        Value: C:\local_temp\localfile.txt
}
31: Activity [1.44] "SetLocalFilePath" is Closed
{
    Arguments
        Value: C:\local_temp\localfile.txt
        To: C:\local_temp\localfile.txt
}
32: Activity [1.10] "TrySequence1" scheduled child activity [1.36] "OpenFile1"
33: Activity [1.36] "OpenFile1" is Executing
{
    Arguments
        FileAccess: ReadWrite
        FileMode: Create
        FileName: C:\local_temp\localfile.txt
        FileShare: None
}
34: WorkflowInstance "GetSftpFtpNextFileActivity" is Idle
35: Activity [1.36] "OpenFile1" is Closed
{
    Arguments
        FileAccess: ReadWrite
        FileMode: Create
        FileName: C:\local_temp\localfile.txt
        Result: System.IO.MemoryStream
        FileShare: None
}
36: Activity [1.10] "TrySequence1" scheduled child activity [1.30] "DownloadSftpFtpFileToStream1"
37: Activity [1.30] "DownloadSftpFtpFileToStream1" is Executing
{
    Arguments
        DestinationStream: System.IO.MemoryStream
        SourceFilename: /directory/path/file.name
        Connection: Mock&lt;iCore.Public.Ftp.IFileTransferConnection:43ca&gt;.Object
}
38: WorkflowInstance "GetSftpFtpNextFileActivity" is Idle
39: Activity [1.30] "DownloadSftpFtpFileToStream1" is Closed
{
    Arguments
        DestinationStream: System.IO.MemoryStream
        SourceFilename: /directory/path/file.name
        Connection: Mock&lt;iCore.Public.Ftp.IFileTransferConnection:43ca&gt;.Object
}
40: Activity [1.10] "TrySequence1" scheduled child activity [1.21] "If"
41: Activity [1.21] "If" is Executing
{
    Arguments
        Condition: False
}
42: Activity [1.21] "If" is Closed
{
    Arguments
        Condition: False
}
43: Activity [1.10] "TrySequence1" scheduled child activity [1.16] "AssignLocalFileNameOut"
44: Activity [1.16] "AssignLocalFileNameOut" is Executing
{
    Arguments
        Value: localfile.txt
}
45: Activity [1.16] "AssignLocalFileNameOut" is Closed
{
    Arguments
        Value: localfile.txt
        To: localfile.txt
}
46: Activity [1.10] "TrySequence1" scheduled child activity [1.11] "AssignLocalFilePath"
47: Activity [1.11] "AssignLocalFilePath" is Executing
{
    Arguments
        Value: C:\local_temp\localfile.txt
}
48: Activity [1.11] "AssignLocalFilePath" is Closed
{
    Arguments
        Value: C:\local_temp\localfile.txt
        To: C:\local_temp\localfile.txt
}
49: Activity [1.10] "TrySequence1" is Closed
50: Activity [1.6] "TryCatch" scheduled child activity [1.7] "FinallySequence1"
51: Activity [1.7] "FinallySequence1" is Executing
52: Activity [1.7] "FinallySequence1" scheduled child activity [1.8] "CloseStream1"
53: Activity [1.8] "CloseStream1" is Executing
{
    Arguments
        Stream: System.IO.MemoryStream
}
54: WorkflowInstance "GetSftpFtpNextFileActivity" is Idle
55: Activity [1.8] "CloseStream1" is Closed
{
    Arguments
        Stream: System.IO.MemoryStream
}
56: Activity [1.7] "FinallySequence1" is Closed
57: Activity [1.6] "TryCatch" is Closed
58: Activity [1.2] "If" is Closed
{
    Arguments
        Condition: True
}
59: Activity [1.1] "Sequence" is Closed
{
    Variables
        _1a25a75f_79d5_4484_98f9_c744c2b55c4d_16: System.IO.MemoryStream
        _1a25a75f_79d5_4484_98f9_c744c2b55c4d_17: localfile.txt
        _1a25a75f_79d5_4484_98f9_c744c2b55c4d_18: C:\local_temp\localfile.txt
}
60: Activity [1] "GetSftpFtpNextFileActivity" is Closed
{
    Arguments
        LocalFileNameIn: localfile.txt
        LocalFileNameOut: localfile.txt
        RenameFile: False
        MoveFileTo: 
        LocalFilePath: C:\local_temp\localfile.txt
        ErrorOnTimeout: False
        SubscriptionId: 4344ab83-c5bc-402f-a546-2932bb8368dc
        Timeout: 00:00:00
        Connection: Mock&lt;iCore.Public.Ftp.IFileTransferConnection:43ca&gt;.Object
        OriginalFileName: file.name
        ProcessingFilePath: /directory/path/file.name
        IsImplicitlyCancellable: False
        LocalDirectory: C:\local_temp
        ProcessingFileName: file.name
        OriginalFilePath: /directory/path/file.name
        DeleteServerFile: False
}
61: WorkflowInstance "GetSftpFtpNextFileActivity" is Completed</StdOut>
      </Output>
    </UnitTestResult>
    <UnitTestResult executionId="563f9f01-5233-4748-8179-85c5342f629b" testId="1fec83ea-59a6-2abb-b0f4-dc5af04ad755" testName="Invoke_RenameTrue_VerifyFileRenamedActivity" computerName="ICSWS068" duration="00:00:00.0110490" startTime="2016-08-04T09:59:10.3937066+02:00" endTime="2016-08-04T09:59:10.4057132+02:00" testType="13cdc9d9-ddb5-4fa4-a97d-d965ccfc6d4b" outcome="Passed" testListId="8c84fa94-04c1-424b-9868-57a2d4851a1d" relativeResultsDirectory="563f9f01-5233-4748-8179-85c5342f629b">
      <Output>
        <StdOut>Debug Trace:
FileTransferPath.GetDirectoryName: path=/directory/path/file.name directorySeparator=
\directory\path: FileTransferPath.GetDirectoryName: Path.GetDirectoryName={0}
0: WorkflowInstance "GetSftpFtpNextFileActivity" is Started
1: Activity [null] "null" scheduled child activity [1] "GetSftpFtpNextFileActivity"
2: Activity [1] "GetSftpFtpNextFileActivity" is Executing
{
    Arguments
        LocalFileNameIn: localfile.txt
        RenameFile: True
        MoveFileTo: 
        ErrorOnTimeout: False
        SubscriptionId: 8598ade0-d29f-474a-8c8a-e888fdb55bac
        Timeout: 00:00:00
        Connection: Mock&lt;iCore.Public.Ftp.IFileTransferConnection:efa9&gt;.Object
        IsImplicitlyCancellable: False
        LocalDirectory: C:\local_temp
        DeleteServerFile: False
}
3: Activity [1] "GetSftpFtpNextFileActivity" scheduled child activity [1.1] "Sequence"
4: Activity [1.1] "Sequence" is Executing
{
    Variables
        _1a25a75f_79d5_4484_98f9_c744c2b55c4d_19: System.IO.MemoryStream
        _1a25a75f_79d5_4484_98f9_c744c2b55c4d_20: localfile.txt
        _1a25a75f_79d5_4484_98f9_c744c2b55c4d_21: C:\local_temp\localfile.txt
}
5: Activity [1.1] "Sequence" scheduled child activity [1.81] "InternalGetNextFile1"
6: Activity [1.81] "InternalGetNextFile1" is Executing
{
    Arguments
        ErrorOnTimeout: False
        SubscriptionId: 8598ade0-d29f-474a-8c8a-e888fdb55bac
        Timeout: 00:00:00
        IsImplicitlyCancellable: False
}
7: CustomTrackingRecord [1.81] "iCPSTraceTrackingRecord"
8: WorkflowInstance "GetSftpFtpNextFileActivity" is Idle
9: Bookmark "4b705f72-86b0-4fe0-bde9-f980230e4bcd" resumed with payload &lt;iCore.Workflow.Activities.Extensions.ItemSubscriptionEventArgs`1[iCore.Common.Utilities.FileSystemWatcher.FileInfoBase]&gt; owner [1.81] "InternalGetNextFile1"
10: Activity [1.81] "InternalGetNextFile1" is Closed
{
    Arguments
        ErrorOnTimeout: False
        SubscriptionId: 8598ade0-d29f-474a-8c8a-e888fdb55bac
        FileName: file.name
        Timeout: 00:00:00
        IsImplicitlyCancellable: False
        FilePath: /directory/path/file.name
}
11: Activity [1.1] "Sequence" scheduled child activity [1.2] "If"
12: Activity [1.2] "If" is Executing
{
    Arguments
        Condition: True
}
13: Activity [1.2] "If" scheduled child activity [1.6] "TryCatch"
14: Activity [1.6] "TryCatch" is Executing
15: Activity [1.6] "TryCatch" scheduled child activity [1.10] "TrySequence1"
16: Activity [1.10] "TrySequence1" is Executing
17: Activity [1.10] "TrySequence1" scheduled child activity [1.75] "AssignProcessingFileName"
18: Activity [1.75] "AssignProcessingFileName" is Executing
{
    Arguments
        Value: file.test
}
19: Activity [1.75] "AssignProcessingFileName" is Closed
{
    Arguments
        Value: file.test
        To: file.test
}
20: Activity [1.10] "TrySequence1" scheduled child activity [1.68] "AssignProcessingFilePath"
21: Activity [1.68] "AssignProcessingFilePath" is Executing
{
    Arguments
        Value: /directory/path/file.test
}
22: Activity [1.68] "AssignProcessingFilePath" is Closed
{
    Arguments
        Value: /directory/path/file.test
        To: /directory/path/file.test
}
23: Activity [1.10] "TrySequence1" scheduled child activity [1.56] "IfRenameFile"
24: Activity [1.56] "IfRenameFile" is Executing
{
    Arguments
        Condition: True
}
25: Activity [1.56] "IfRenameFile" scheduled child activity [1.60] "RenameSftpFtpFile1"
26: Activity [1.60] "RenameSftpFtpFile1" is Executing
{
    Arguments
        FromFilename: /directory/path/file.name
        Overwrite: True
        ToFilename: /directory/path/file.test
        Connection: Mock&lt;iCore.Public.Ftp.IFileTransferConnection:efa9&gt;.Object
}
27: WorkflowInstance "GetSftpFtpNextFileActivity" is Idle
28: Activity [1.60] "RenameSftpFtpFile1" is Closed
{
    Arguments
        FromFilename: /directory/path/file.name
        Overwrite: True
        ToFilename: /directory/path/file.test
        Connection: Mock&lt;iCore.Public.Ftp.IFileTransferConnection:efa9&gt;.Object
}
29: Activity [1.56] "IfRenameFile" is Closed
{
    Arguments
        Condition: True
}
30: Activity [1.10] "TrySequence1" scheduled child activity [1.50] "SetLocalFileName"
31: Activity [1.50] "SetLocalFileName" is Executing
{
    Arguments
        Value: localfile.txt
}
32: Activity [1.50] "SetLocalFileName" is Closed
{
    Arguments
        Value: localfile.txt
        To: localfile.txt
}
33: Activity [1.10] "TrySequence1" scheduled child activity [1.44] "SetLocalFilePath"
34: Activity [1.44] "SetLocalFilePath" is Executing
{
    Arguments
        Value: C:\local_temp\localfile.txt
}
35: Activity [1.44] "SetLocalFilePath" is Closed
{
    Arguments
        Value: C:\local_temp\localfile.txt
        To: C:\local_temp\localfile.txt
}
36: Activity [1.10] "TrySequence1" scheduled child activity [1.36] "OpenFile1"
37: Activity [1.36] "OpenFile1" is Executing
{
    Arguments
        FileAccess: ReadWrite
        FileMode: Create
        FileName: C:\local_temp\localfile.txt
        FileShare: None
}
38: WorkflowInstance "GetSftpFtpNextFileActivity" is Idle
39: Activity [1.36] "OpenFile1" is Closed
{
    Arguments
        FileAccess: ReadWrite
        FileMode: Create
        FileName: C:\local_temp\localfile.txt
        Result: System.IO.MemoryStream
        FileShare: None
}
40: Activity [1.10] "TrySequence1" scheduled child activity [1.30] "DownloadSftpFtpFileToStream1"
41: Activity [1.30] "DownloadSftpFtpFileToStream1" is Executing
{
    Arguments
        DestinationStream: System.IO.MemoryStream
        SourceFilename: /directory/path/file.test
        Connection: Mock&lt;iCore.Public.Ftp.IFileTransferConnection:efa9&gt;.Object
}
42: WorkflowInstance "GetSftpFtpNextFileActivity" is Idle
43: Activity [1.30] "DownloadSftpFtpFileToStream1" is Closed
{
    Arguments
        DestinationStream: System.IO.MemoryStream
        SourceFilename: /directory/path/file.test
        Connection: Mock&lt;iCore.Public.Ftp.IFileTransferConnection:efa9&gt;.Object
}
44: Activity [1.10] "TrySequence1" scheduled child activity [1.21] "If"
45: Activity [1.21] "If" is Executing
{
    Arguments
        Condition: False
}
46: Activity [1.21] "If" is Closed
{
    Arguments
        Condition: False
}
47: Activity [1.10] "TrySequence1" scheduled child activity [1.16] "AssignLocalFileNameOut"
48: Activity [1.16] "AssignLocalFileNameOut" is Executing
{
    Arguments
        Value: localfile.txt
}
49: Activity [1.16] "AssignLocalFileNameOut" is Closed
{
    Arguments
        Value: localfile.txt
        To: localfile.txt
}
50: Activity [1.10] "TrySequence1" scheduled child activity [1.11] "AssignLocalFilePath"
51: Activity [1.11] "AssignLocalFilePath" is Executing
{
    Arguments
        Value: C:\local_temp\localfile.txt
}
52: Activity [1.11] "AssignLocalFilePath" is Closed
{
    Arguments
        Value: C:\local_temp\localfile.txt
        To: C:\local_temp\localfile.txt
}
53: Activity [1.10] "TrySequence1" is Closed
54: Activity [1.6] "TryCatch" scheduled child activity [1.7] "FinallySequence1"
55: Activity [1.7] "FinallySequence1" is Executing
56: Activity [1.7] "FinallySequence1" scheduled child activity [1.8] "CloseStream1"
57: Activity [1.8] "CloseStream1" is Executing
{
    Arguments
        Stream: System.IO.MemoryStream
}
58: WorkflowInstance "GetSftpFtpNextFileActivity" is Idle
59: Activity [1.8] "CloseStream1" is Closed
{
    Arguments
        Stream: System.IO.MemoryStream
}
60: Activity [1.7] "FinallySequence1" is Closed
61: Activity [1.6] "TryCatch" is Closed
62: Activity [1.2] "If" is Closed
{
    Arguments
        Condition: True
}
63: Activity [1.1] "Sequence" is Closed
{
    Variables
        _1a25a75f_79d5_4484_98f9_c744c2b55c4d_22: System.IO.MemoryStream
        _1a25a75f_79d5_4484_98f9_c744c2b55c4d_23: localfile.txt
        _1a25a75f_79d5_4484_98f9_c744c2b55c4d_24: C:\local_temp\localfile.txt
}
64: Activity [1] "GetSftpFtpNextFileActivity" is Closed
{
    Arguments
        LocalFileNameIn: localfile.txt
        LocalFileNameOut: localfile.txt
        RenameFile: True
        MoveFileTo: 
        LocalFilePath: C:\local_temp\localfile.txt
        ErrorOnTimeout: False
        SubscriptionId: 8598ade0-d29f-474a-8c8a-e888fdb55bac
        Timeout: 00:00:00
        Connection: Mock&lt;iCore.Public.Ftp.IFileTransferConnection:efa9&gt;.Object
        OriginalFileName: file.name
        ProcessingFilePath: /directory/path/file.test
        IsImplicitlyCancellable: False
        LocalDirectory: C:\local_temp
        ProcessingFileName: file.test
        OriginalFilePath: /directory/path/file.name
        DeleteServerFile: False
}
65: WorkflowInstance "GetSftpFtpNextFileActivity" is Completed</StdOut>
      </Output>
    </UnitTestResult>
    <UnitTestResult executionId="d68309a5-83df-4316-aa80-441949bcff4a" testId="15af26a4-ce24-0e70-befd-2c7aad792796" testName="Invoke_NoRenameNoMove_VerifyNotUsingRenameActivity" computerName="ICSWS068" duration="00:00:00.0108927" startTime="2016-08-04T09:59:10.4092160+02:00" endTime="2016-08-04T09:59:10.4217625+02:00" testType="13cdc9d9-ddb5-4fa4-a97d-d965ccfc6d4b" outcome="Passed" testListId="8c84fa94-04c1-424b-9868-57a2d4851a1d" relativeResultsDirectory="d68309a5-83df-4316-aa80-441949bcff4a">
      <Output>
        <StdOut>Debug Trace:
FileTransferPath.GetDirectoryName: path=/directory/path/file.name directorySeparator=
\directory\path: FileTransferPath.GetDirectoryName: Path.GetDirectoryName={0}
0: WorkflowInstance "GetSftpFtpNextFileActivity" is Started
1: Activity [null] "null" scheduled child activity [1] "GetSftpFtpNextFileActivity"
2: Activity [1] "GetSftpFtpNextFileActivity" is Executing
{
    Arguments
        LocalFileNameIn: localfile.txt
        RenameFile: False
        MoveFileTo: 
        ErrorOnTimeout: False
        SubscriptionId: fa79c9c0-afc2-4fb3-a889-40ab72a221a2
        Timeout: 00:00:00
        Connection: Mock&lt;iCore.Public.Ftp.IFileTransferConnection:850f&gt;.Object
        IsImplicitlyCancellable: False
        LocalDirectory: C:\local_temp
        DeleteServerFile: False
}
3: Activity [1] "GetSftpFtpNextFileActivity" scheduled child activity [1.1] "Sequence"
4: Activity [1.1] "Sequence" is Executing
{
    Variables
        _1a25a75f_79d5_4484_98f9_c744c2b55c4d_25: System.IO.MemoryStream
        _1a25a75f_79d5_4484_98f9_c744c2b55c4d_26: localfile.txt
        _1a25a75f_79d5_4484_98f9_c744c2b55c4d_27: C:\local_temp\localfile.txt
}
5: Activity [1.1] "Sequence" scheduled child activity [1.81] "InternalGetNextFile1"
6: Activity [1.81] "InternalGetNextFile1" is Executing
{
    Arguments
        ErrorOnTimeout: False
        SubscriptionId: fa79c9c0-afc2-4fb3-a889-40ab72a221a2
        Timeout: 00:00:00
        IsImplicitlyCancellable: False
}
7: CustomTrackingRecord [1.81] "iCPSTraceTrackingRecord"
8: WorkflowInstance "GetSftpFtpNextFileActivity" is Idle
9: Bookmark "b713e544-8a0c-4b67-a5af-f98e4ad4532b" resumed with payload &lt;iCore.Workflow.Activities.Extensions.ItemSubscriptionEventArgs`1[iCore.Common.Utilities.FileSystemWatcher.FileInfoBase]&gt; owner [1.81] "InternalGetNextFile1"
10: Activity [1.81] "InternalGetNextFile1" is Closed
{
    Arguments
        ErrorOnTimeout: False
        SubscriptionId: fa79c9c0-afc2-4fb3-a889-40ab72a221a2
        FileName: file.name
        Timeout: 00:00:00
        IsImplicitlyCancellable: False
        FilePath: /directory/path/file.name
}
11: Activity [1.1] "Sequence" scheduled child activity [1.2] "If"
12: Activity [1.2] "If" is Executing
{
    Arguments
        Condition: True
}
13: Activity [1.2] "If" scheduled child activity [1.6] "TryCatch"
14: Activity [1.6] "TryCatch" is Executing
15: Activity [1.6] "TryCatch" scheduled child activity [1.10] "TrySequence1"
16: Activity [1.10] "TrySequence1" is Executing
17: Activity [1.10] "TrySequence1" scheduled child activity [1.75] "AssignProcessingFileName"
18: Activity [1.75] "AssignProcessingFileName" is Executing
{
    Arguments
        Value: file.name
}
19: Activity [1.75] "AssignProcessingFileName" is Closed
{
    Arguments
        Value: file.name
        To: file.name
}
20: Activity [1.10] "TrySequence1" scheduled child activity [1.68] "AssignProcessingFilePath"
21: Activity [1.68] "AssignProcessingFilePath" is Executing
{
    Arguments
        Value: /directory/path/file.name
}
22: Activity [1.68] "AssignProcessingFilePath" is Closed
{
    Arguments
        Value: /directory/path/file.name
        To: /directory/path/file.name
}
23: Activity [1.10] "TrySequence1" scheduled child activity [1.56] "IfRenameFile"
24: Activity [1.56] "IfRenameFile" is Executing
{
    Arguments
        Condition: False
}
25: Activity [1.56] "IfRenameFile" is Closed
{
    Arguments
        Condition: False
}
26: Activity [1.10] "TrySequence1" scheduled child activity [1.50] "SetLocalFileName"
27: Activity [1.50] "SetLocalFileName" is Executing
{
    Arguments
        Value: localfile.txt
}
28: Activity [1.50] "SetLocalFileName" is Closed
{
    Arguments
        Value: localfile.txt
        To: localfile.txt
}
29: Activity [1.10] "TrySequence1" scheduled child activity [1.44] "SetLocalFilePath"
30: Activity [1.44] "SetLocalFilePath" is Executing
{
    Arguments
        Value: C:\local_temp\localfile.txt
}
31: Activity [1.44] "SetLocalFilePath" is Closed
{
    Arguments
        Value: C:\local_temp\localfile.txt
        To: C:\local_temp\localfile.txt
}
32: Activity [1.10] "TrySequence1" scheduled child activity [1.36] "OpenFile1"
33: Activity [1.36] "OpenFile1" is Executing
{
    Arguments
        FileAccess: ReadWrite
        FileMode: Create
        FileName: C:\local_temp\localfile.txt
        FileShare: None
}
34: WorkflowInstance "GetSftpFtpNextFileActivity" is Idle
35: Activity [1.36] "OpenFile1" is Closed
{
    Arguments
        FileAccess: ReadWrite
        FileMode: Create
        FileName: C:\local_temp\localfile.txt
        Result: System.IO.MemoryStream
        FileShare: None
}
36: Activity [1.10] "TrySequence1" scheduled child activity [1.30] "DownloadSftpFtpFileToStream1"
37: Activity [1.30] "DownloadSftpFtpFileToStream1" is Executing
{
    Arguments
        DestinationStream: System.IO.MemoryStream
        SourceFilename: /directory/path/file.name
        Connection: Mock&lt;iCore.Public.Ftp.IFileTransferConnection:850f&gt;.Object
}
38: WorkflowInstance "GetSftpFtpNextFileActivity" is Idle
39: Activity [1.30] "DownloadSftpFtpFileToStream1" is Closed
{
    Arguments
        DestinationStream: System.IO.MemoryStream
        SourceFilename: /directory/path/file.name
        Connection: Mock&lt;iCore.Public.Ftp.IFileTransferConnection:850f&gt;.Object
}
40: Activity [1.10] "TrySequence1" scheduled child activity [1.21] "If"
41: Activity [1.21] "If" is Executing
{
    Arguments
        Condition: False
}
42: Activity [1.21] "If" is Closed
{
    Arguments
        Condition: False
}
43: Activity [1.10] "TrySequence1" scheduled child activity [1.16] "AssignLocalFileNameOut"
44: Activity [1.16] "AssignLocalFileNameOut" is Executing
{
    Arguments
        Value: localfile.txt
}
45: Activity [1.16] "AssignLocalFileNameOut" is Closed
{
    Arguments
        Value: localfile.txt
        To: localfile.txt
}
46: Activity [1.10] "TrySequence1" scheduled child activity [1.11] "AssignLocalFilePath"
47: Activity [1.11] "AssignLocalFilePath" is Executing
{
    Arguments
        Value: C:\local_temp\localfile.txt
}
48: Activity [1.11] "AssignLocalFilePath" is Closed
{
    Arguments
        Value: C:\local_temp\localfile.txt
        To: C:\local_temp\localfile.txt
}
49: Activity [1.10] "TrySequence1" is Closed
50: Activity [1.6] "TryCatch" scheduled child activity [1.7] "FinallySequence1"
51: Activity [1.7] "FinallySequence1" is Executing
52: Activity [1.7] "FinallySequence1" scheduled child activity [1.8] "CloseStream1"
53: Activity [1.8] "CloseStream1" is Executing
{
    Arguments
        Stream: System.IO.MemoryStream
}
54: WorkflowInstance "GetSftpFtpNextFileActivity" is Idle
55: Activity [1.8] "CloseStream1" is Closed
{
    Arguments
        Stream: System.IO.MemoryStream
}
56: Activity [1.7] "FinallySequence1" is Closed
57: Activity [1.6] "TryCatch" is Closed
58: Activity [1.2] "If" is Closed
{
    Arguments
        Condition: True
}
59: Activity [1.1] "Sequence" is Closed
{
    Variables
        _1a25a75f_79d5_4484_98f9_c744c2b55c4d_28: System.IO.MemoryStream
        _1a25a75f_79d5_4484_98f9_c744c2b55c4d_29: localfile.txt
        _1a25a75f_79d5_4484_98f9_c744c2b55c4d_30: C:\local_temp\localfile.txt
}
60: Activity [1] "GetSftpFtpNextFileActivity" is Closed
{
    Arguments
        LocalFileNameIn: localfile.txt
        LocalFileNameOut: localfile.txt
        RenameFile: False
        MoveFileTo: 
        LocalFilePath: C:\local_temp\localfile.txt
        ErrorOnTimeout: False
        SubscriptionId: fa79c9c0-afc2-4fb3-a889-40ab72a221a2
        Timeout: 00:00:00
        Connection: Mock&lt;iCore.Public.Ftp.IFileTransferConnection:850f&gt;.Object
        OriginalFileName: file.name
        ProcessingFilePath: /directory/path/file.name
        IsImplicitlyCancellable: False
        LocalDirectory: C:\local_temp
        ProcessingFileName: file.name
        OriginalFilePath: /directory/path/file.name
        DeleteServerFile: False
}
61: WorkflowInstance "GetSftpFtpNextFileActivity" is Completed</StdOut>
      </Output>
    </UnitTestResult>
    <UnitTestResult executionId="6d8ff4d6-515c-4194-b184-63428c555dd9" testId="baba7f91-6696-5745-1c3c-202324fe47a9" testName="Invoke_RenameTrue_DownloadingRenamedFile" computerName="ICSWS068" duration="00:00:00.0110176" startTime="2016-08-04T09:59:10.4265521+02:00" endTime="2016-08-04T09:59:10.4390806+02:00" testType="13cdc9d9-ddb5-4fa4-a97d-d965ccfc6d4b" outcome="Passed" testListId="8c84fa94-04c1-424b-9868-57a2d4851a1d" relativeResultsDirectory="6d8ff4d6-515c-4194-b184-63428c555dd9">
      <Output>
        <StdOut>Debug Trace:
FileTransferPath.GetDirectoryName: path=/directory/path/file.name directorySeparator=
\directory\path: FileTransferPath.GetDirectoryName: Path.GetDirectoryName={0}
0: WorkflowInstance "GetSftpFtpNextFileActivity" is Started
1: Activity [null] "null" scheduled child activity [1] "GetSftpFtpNextFileActivity"
2: Activity [1] "GetSftpFtpNextFileActivity" is Executing
{
    Arguments
        LocalFileNameIn: localfile.txt
        RenameFile: True
        MoveFileTo: 
        ErrorOnTimeout: False
        SubscriptionId: 7fdeae6d-89c5-41ba-b24a-6d872731b6c6
        Timeout: 00:00:00
        Connection: Mock&lt;iCore.Public.Ftp.IFileTransferConnection:5e15&gt;.Object
        IsImplicitlyCancellable: False
        LocalDirectory: C:\local_temp
        DeleteServerFile: False
}
3: Activity [1] "GetSftpFtpNextFileActivity" scheduled child activity [1.1] "Sequence"
4: Activity [1.1] "Sequence" is Executing
{
    Variables
        _1a25a75f_79d5_4484_98f9_c744c2b55c4d_31: System.IO.MemoryStream
        _1a25a75f_79d5_4484_98f9_c744c2b55c4d_32: localfile.txt
        _1a25a75f_79d5_4484_98f9_c744c2b55c4d_33: C:\local_temp\localfile.txt
}
5: Activity [1.1] "Sequence" scheduled child activity [1.81] "InternalGetNextFile1"
6: Activity [1.81] "InternalGetNextFile1" is Executing
{
    Arguments
        ErrorOnTimeout: False
        SubscriptionId: 7fdeae6d-89c5-41ba-b24a-6d872731b6c6
        Timeout: 00:00:00
        IsImplicitlyCancellable: False
}
7: CustomTrackingRecord [1.81] "iCPSTraceTrackingRecord"
8: WorkflowInstance "GetSftpFtpNextFileActivity" is Idle
9: Bookmark "7bf82025-1c3e-4940-9693-fce8a52305fe" resumed with payload &lt;iCore.Workflow.Activities.Extensions.ItemSubscriptionEventArgs`1[iCore.Common.Utilities.FileSystemWatcher.FileInfoBase]&gt; owner [1.81] "InternalGetNextFile1"
10: Activity [1.81] "InternalGetNextFile1" is Closed
{
    Arguments
        ErrorOnTimeout: False
        SubscriptionId: 7fdeae6d-89c5-41ba-b24a-6d872731b6c6
        FileName: file.name
        Timeout: 00:00:00
        IsImplicitlyCancellable: False
        FilePath: /directory/path/file.name
}
11: Activity [1.1] "Sequence" scheduled child activity [1.2] "If"
12: Activity [1.2] "If" is Executing
{
    Arguments
        Condition: True
}
13: Activity [1.2] "If" scheduled child activity [1.6] "TryCatch"
14: Activity [1.6] "TryCatch" is Executing
15: Activity [1.6] "TryCatch" scheduled child activity [1.10] "TrySequence1"
16: Activity [1.10] "TrySequence1" is Executing
17: Activity [1.10] "TrySequence1" scheduled child activity [1.75] "AssignProcessingFileName"
18: Activity [1.75] "AssignProcessingFileName" is Executing
{
    Arguments
        Value: file.test
}
19: Activity [1.75] "AssignProcessingFileName" is Closed
{
    Arguments
        Value: file.test
        To: file.test
}
20: Activity [1.10] "TrySequence1" scheduled child activity [1.68] "AssignProcessingFilePath"
21: Activity [1.68] "AssignProcessingFilePath" is Executing
{
    Arguments
        Value: /directory/path/file.test
}
22: Activity [1.68] "AssignProcessingFilePath" is Closed
{
    Arguments
        Value: /directory/path/file.test
        To: /directory/path/file.test
}
23: Activity [1.10] "TrySequence1" scheduled child activity [1.56] "IfRenameFile"
24: Activity [1.56] "IfRenameFile" is Executing
{
    Arguments
        Condition: True
}
25: Activity [1.56] "IfRenameFile" scheduled child activity [1.60] "RenameSftpFtpFile1"
26: Activity [1.60] "RenameSftpFtpFile1" is Executing
{
    Arguments
        FromFilename: /directory/path/file.name
        Overwrite: True
        ToFilename: /directory/path/file.test
        Connection: Mock&lt;iCore.Public.Ftp.IFileTransferConnection:5e15&gt;.Object
}
27: WorkflowInstance "GetSftpFtpNextFileActivity" is Idle
28: Activity [1.60] "RenameSftpFtpFile1" is Closed
{
    Arguments
        FromFilename: /directory/path/file.name
        Overwrite: True
        ToFilename: /directory/path/file.test
        Connection: Mock&lt;iCore.Public.Ftp.IFileTransferConnection:5e15&gt;.Object
}
29: Activity [1.56] "IfRenameFile" is Closed
{
    Arguments
        Condition: True
}
30: Activity [1.10] "TrySequence1" scheduled child activity [1.50] "SetLocalFileName"
31: Activity [1.50] "SetLocalFileName" is Executing
{
    Arguments
        Value: localfile.txt
}
32: Activity [1.50] "SetLocalFileName" is Closed
{
    Arguments
        Value: localfile.txt
        To: localfile.txt
}
33: Activity [1.10] "TrySequence1" scheduled child activity [1.44] "SetLocalFilePath"
34: Activity [1.44] "SetLocalFilePath" is Executing
{
    Arguments
        Value: C:\local_temp\localfile.txt
}
35: Activity [1.44] "SetLocalFilePath" is Closed
{
    Arguments
        Value: C:\local_temp\localfile.txt
        To: C:\local_temp\localfile.txt
}
36: Activity [1.10] "TrySequence1" scheduled child activity [1.36] "OpenFile1"
37: Activity [1.36] "OpenFile1" is Executing
{
    Arguments
        FileAccess: ReadWrite
        FileMode: Create
        FileName: C:\local_temp\localfile.txt
        FileShare: None
}
38: WorkflowInstance "GetSftpFtpNextFileActivity" is Idle
39: Activity [1.36] "OpenFile1" is Closed
{
    Arguments
        FileAccess: ReadWrite
        FileMode: Create
        FileName: C:\local_temp\localfile.txt
        Result: System.IO.MemoryStream
        FileShare: None
}
40: Activity [1.10] "TrySequence1" scheduled child activity [1.30] "DownloadSftpFtpFileToStream1"
41: Activity [1.30] "DownloadSftpFtpFileToStream1" is Executing
{
    Arguments
        DestinationStream: System.IO.MemoryStream
        SourceFilename: /directory/path/file.test
        Connection: Mock&lt;iCore.Public.Ftp.IFileTransferConnection:5e15&gt;.Object
}
42: WorkflowInstance "GetSftpFtpNextFileActivity" is Idle
43: Activity [1.30] "DownloadSftpFtpFileToStream1" is Closed
{
    Arguments
        DestinationStream: System.IO.MemoryStream
        SourceFilename: /directory/path/file.test
        Connection: Mock&lt;iCore.Public.Ftp.IFileTransferConnection:5e15&gt;.Object
}
44: Activity [1.10] "TrySequence1" scheduled child activity [1.21] "If"
45: Activity [1.21] "If" is Executing
{
    Arguments
        Condition: False
}
46: Activity [1.21] "If" is Closed
{
    Arguments
        Condition: False
}
47: Activity [1.10] "TrySequence1" scheduled child activity [1.16] "AssignLocalFileNameOut"
48: Activity [1.16] "AssignLocalFileNameOut" is Executing
{
    Arguments
        Value: localfile.txt
}
49: Activity [1.16] "AssignLocalFileNameOut" is Closed
{
    Arguments
        Value: localfile.txt
        To: localfile.txt
}
50: Activity [1.10] "TrySequence1" scheduled child activity [1.11] "AssignLocalFilePath"
51: Activity [1.11] "AssignLocalFilePath" is Executing
{
    Arguments
        Value: C:\local_temp\localfile.txt
}
52: Activity [1.11] "AssignLocalFilePath" is Closed
{
    Arguments
        Value: C:\local_temp\localfile.txt
        To: C:\local_temp\localfile.txt
}
53: Activity [1.10] "TrySequence1" is Closed
54: Activity [1.6] "TryCatch" scheduled child activity [1.7] "FinallySequence1"
55: Activity [1.7] "FinallySequence1" is Executing
56: Activity [1.7] "FinallySequence1" scheduled child activity [1.8] "CloseStream1"
57: Activity [1.8] "CloseStream1" is Executing
{
    Arguments
        Stream: System.IO.MemoryStream
}
58: WorkflowInstance "GetSftpFtpNextFileActivity" is Idle
59: Activity [1.8] "CloseStream1" is Closed
{
    Arguments
        Stream: System.IO.MemoryStream
}
60: Activity [1.7] "FinallySequence1" is Closed
61: Activity [1.6] "TryCatch" is Closed
62: Activity [1.2] "If" is Closed
{
    Arguments
        Condition: True
}
63: Activity [1.1] "Sequence" is Closed
{
    Variables
        _1a25a75f_79d5_4484_98f9_c744c2b55c4d_34: System.IO.MemoryStream
        _1a25a75f_79d5_4484_98f9_c744c2b55c4d_35: localfile.txt
        _1a25a75f_79d5_4484_98f9_c744c2b55c4d_36: C:\local_temp\localfile.txt
}
64: Activity [1] "GetSftpFtpNextFileActivity" is Closed
{
    Arguments
        LocalFileNameIn: localfile.txt
        LocalFileNameOut: localfile.txt
        RenameFile: True
        MoveFileTo: 
        LocalFilePath: C:\local_temp\localfile.txt
        ErrorOnTimeout: False
        SubscriptionId: 7fdeae6d-89c5-41ba-b24a-6d872731b6c6
        Timeout: 00:00:00
        Connection: Mock&lt;iCore.Public.Ftp.IFileTransferConnection:5e15&gt;.Object
        OriginalFileName: file.name
        ProcessingFilePath: /directory/path/file.test
        IsImplicitlyCancellable: False
        LocalDirectory: C:\local_temp
        ProcessingFileName: file.test
        OriginalFilePath: /directory/path/file.name
        DeleteServerFile: False
}
65: WorkflowInstance "GetSftpFtpNextFileActivity" is Completed</StdOut>
      </Output>
    </UnitTestResult>
    <UnitTestResult executionId="cf584872-d7ff-4fc0-af46-58e6203d3177" testId="6b260e0c-d14d-a025-9641-20d0e0ccd1f4" testName="Invoke_DeleteServerFileTrue_VerifyFileDeleteActivity" computerName="ICSWS068" duration="00:00:00.0094461" startTime="2016-08-04T09:59:10.4420680+02:00" endTime="2016-08-04T09:59:10.4525743+02:00" testType="13cdc9d9-ddb5-4fa4-a97d-d965ccfc6d4b" outcome="Passed" testListId="8c84fa94-04c1-424b-9868-57a2d4851a1d" relativeResultsDirectory="cf584872-d7ff-4fc0-af46-58e6203d3177">
      <Output>
        <StdOut>Debug Trace:
FileTransferPath.GetDirectoryName: path=/directory/path/file.name directorySeparator=
\directory\path: FileTransferPath.GetDirectoryName: Path.GetDirectoryName={0}
0: WorkflowInstance "GetSftpFtpNextFileActivity" is Started
1: Activity [null] "null" scheduled child activity [1] "GetSftpFtpNextFileActivity"
2: Activity [1] "GetSftpFtpNextFileActivity" is Executing
{
    Arguments
        LocalFileNameIn: localfile.txt
        RenameFile: False
        MoveFileTo: 
        ErrorOnTimeout: False
        SubscriptionId: c9398e0e-b14e-43f7-ada6-362a3f0642f7
        Timeout: 00:00:00
        Connection: Mock&lt;iCore.Public.Ftp.IFileTransferConnection:9c2a&gt;.Object
        IsImplicitlyCancellable: False
        LocalDirectory: C:\local_temp
        DeleteServerFile: True
}
3: Activity [1] "GetSftpFtpNextFileActivity" scheduled child activity [1.1] "Sequence"
4: Activity [1.1] "Sequence" is Executing
{
    Variables
        _1a25a75f_79d5_4484_98f9_c744c2b55c4d_37: System.IO.MemoryStream
        _1a25a75f_79d5_4484_98f9_c744c2b55c4d_38: localfile.txt
        _1a25a75f_79d5_4484_98f9_c744c2b55c4d_39: C:\local_temp\localfile.txt
}
5: Activity [1.1] "Sequence" scheduled child activity [1.81] "InternalGetNextFile1"
6: Activity [1.81] "InternalGetNextFile1" is Executing
{
    Arguments
        ErrorOnTimeout: False
        SubscriptionId: c9398e0e-b14e-43f7-ada6-362a3f0642f7
        Timeout: 00:00:00
        IsImplicitlyCancellable: False
}
7: CustomTrackingRecord [1.81] "iCPSTraceTrackingRecord"
8: WorkflowInstance "GetSftpFtpNextFileActivity" is Idle
9: Bookmark "3b38191c-1be0-427f-a7b2-6c962a78a8fe" resumed with payload &lt;iCore.Workflow.Activities.Extensions.ItemSubscriptionEventArgs`1[iCore.Common.Utilities.FileSystemWatcher.FileInfoBase]&gt; owner [1.81] "InternalGetNextFile1"
10: Activity [1.81] "InternalGetNextFile1" is Closed
{
    Arguments
        ErrorOnTimeout: False
        SubscriptionId: c9398e0e-b14e-43f7-ada6-362a3f0642f7
        FileName: file.name
        Timeout: 00:00:00
        IsImplicitlyCancellable: False
        FilePath: /directory/path/file.name
}
11: Activity [1.1] "Sequence" scheduled child activity [1.2] "If"
12: Activity [1.2] "If" is Executing
{
    Arguments
        Condition: True
}
13: Activity [1.2] "If" scheduled child activity [1.6] "TryCatch"
14: Activity [1.6] "TryCatch" is Executing
15: Activity [1.6] "TryCatch" scheduled child activity [1.10] "TrySequence1"
16: Activity [1.10] "TrySequence1" is Executing
17: Activity [1.10] "TrySequence1" scheduled child activity [1.75] "AssignProcessingFileName"
18: Activity [1.75] "AssignProcessingFileName" is Executing
{
    Arguments
        Value: file.name
}
19: Activity [1.75] "AssignProcessingFileName" is Closed
{
    Arguments
        Value: file.name
        To: file.name
}
20: Activity [1.10] "TrySequence1" scheduled child activity [1.68] "AssignProcessingFilePath"
21: Activity [1.68] "AssignProcessingFilePath" is Executing
{
    Arguments
        Value: /directory/path/file.name
}
22: Activity [1.68] "AssignProcessingFilePath" is Closed
{
    Arguments
        Value: /directory/path/file.name
        To: /directory/path/file.name
}
23: Activity [1.10] "TrySequence1" scheduled child activity [1.56] "IfRenameFile"
24: Activity [1.56] "IfRenameFile" is Executing
{
    Arguments
        Condition: False
}
25: Activity [1.56] "IfRenameFile" is Closed
{
    Arguments
        Condition: False
}
26: Activity [1.10] "TrySequence1" scheduled child activity [1.50] "SetLocalFileName"
27: Activity [1.50] "SetLocalFileName" is Executing
{
    Arguments
        Value: localfile.txt
}
28: Activity [1.50] "SetLocalFileName" is Closed
{
    Arguments
        Value: localfile.txt
        To: localfile.txt
}
29: Activity [1.10] "TrySequence1" scheduled child activity [1.44] "SetLocalFilePath"
30: Activity [1.44] "SetLocalFilePath" is Executing
{
    Arguments
        Value: C:\local_temp\localfile.txt
}
31: Activity [1.44] "SetLocalFilePath" is Closed
{
    Arguments
        Value: C:\local_temp\localfile.txt
        To: C:\local_temp\localfile.txt
}
32: Activity [1.10] "TrySequence1" scheduled child activity [1.36] "OpenFile1"
33: Activity [1.36] "OpenFile1" is Executing
{
    Arguments
        FileAccess: ReadWrite
        FileMode: Create
        FileName: C:\local_temp\localfile.txt
        FileShare: None
}
34: WorkflowInstance "GetSftpFtpNextFileActivity" is Idle
35: Activity [1.36] "OpenFile1" is Closed
{
    Arguments
        FileAccess: ReadWrite
        FileMode: Create
        FileName: C:\local_temp\localfile.txt
        Result: System.IO.MemoryStream
        FileShare: None
}
36: Activity [1.10] "TrySequence1" scheduled child activity [1.30] "DownloadSftpFtpFileToStream1"
37: Activity [1.30] "DownloadSftpFtpFileToStream1" is Executing
{
    Arguments
        DestinationStream: System.IO.MemoryStream
        SourceFilename: /directory/path/file.name
        Connection: Mock&lt;iCore.Public.Ftp.IFileTransferConnection:9c2a&gt;.Object
}
38: WorkflowInstance "GetSftpFtpNextFileActivity" is Idle
39: Activity [1.30] "DownloadSftpFtpFileToStream1" is Closed
{
    Arguments
        DestinationStream: System.IO.MemoryStream
        SourceFilename: /directory/path/file.name
        Connection: Mock&lt;iCore.Public.Ftp.IFileTransferConnection:9c2a&gt;.Object
}
40: Activity [1.10] "TrySequence1" scheduled child activity [1.21] "If"
41: Activity [1.21] "If" is Executing
{
    Arguments
        Condition: True
}
42: Activity [1.21] "If" scheduled child activity [1.24] "DeleteSftpFtpFile1"
43: Activity [1.24] "DeleteSftpFtpFile1" is Executing
{
    Arguments
        Connection: Mock&lt;iCore.Public.Ftp.IFileTransferConnection:9c2a&gt;.Object
        Filename: /directory/path/file.name
        ErrorOnNoFile: False
}
44: WorkflowInstance "GetSftpFtpNextFileActivity" is Idle
45: Activity [1.24] "DeleteSftpFtpFile1" is Closed
{
    Arguments
        Connection: Mock&lt;iCore.Public.Ftp.IFileTransferConnection:9c2a&gt;.Object
        Filename: /directory/path/file.name
        ErrorOnNoFile: False
}
46: Activity [1.21] "If" is Closed
{
    Arguments
        Condition: True
}
47: Activity [1.10] "TrySequence1" scheduled child activity [1.16] "AssignLocalFileNameOut"
48: Activity [1.16] "AssignLocalFileNameOut" is Executing
{
    Arguments
        Value: localfile.txt
}
49: Activity [1.16] "AssignLocalFileNameOut" is Closed
{
    Arguments
        Value: localfile.txt
        To: localfile.txt
}
50: Activity [1.10] "TrySequence1" scheduled child activity [1.11] "AssignLocalFilePath"
51: Activity [1.11] "AssignLocalFilePath" is Executing
{
    Arguments
        Value: C:\local_temp\localfile.txt
}
52: Activity [1.11] "AssignLocalFilePath" is Closed
{
    Arguments
        Value: C:\local_temp\localfile.txt
        To: C:\local_temp\localfile.txt
}
53: Activity [1.10] "TrySequence1" is Closed
54: Activity [1.6] "TryCatch" scheduled child activity [1.7] "FinallySequence1"
55: Activity [1.7] "FinallySequence1" is Executing
56: Activity [1.7] "FinallySequence1" scheduled child activity [1.8] "CloseStream1"
57: Activity [1.8] "CloseStream1" is Executing
{
    Arguments
        Stream: System.IO.MemoryStream
}
58: WorkflowInstance "GetSftpFtpNextFileActivity" is Idle
59: Activity [1.8] "CloseStream1" is Closed
{
    Arguments
        Stream: System.IO.MemoryStream
}
60: Activity [1.7] "FinallySequence1" is Closed
61: Activity [1.6] "TryCatch" is Closed
62: Activity [1.2] "If" is Closed
{
    Arguments
        Condition: True
}
63: Activity [1.1] "Sequence" is Closed
{
    Variables
        _1a25a75f_79d5_4484_98f9_c744c2b55c4d_40: System.IO.MemoryStream
        _1a25a75f_79d5_4484_98f9_c744c2b55c4d_41: localfile.txt
        _1a25a75f_79d5_4484_98f9_c744c2b55c4d_42: C:\local_temp\localfile.txt
}
64: Activity [1] "GetSftpFtpNextFileActivity" is Closed
{
    Arguments
        LocalFileNameIn: localfile.txt
        LocalFileNameOut: localfile.txt
        RenameFile: False
        MoveFileTo: 
        LocalFilePath: C:\local_temp\localfile.txt
        ErrorOnTimeout: False
        SubscriptionId: c9398e0e-b14e-43f7-ada6-362a3f0642f7
        Timeout: 00:00:00
        Connection: Mock&lt;iCore.Public.Ftp.IFileTransferConnection:9c2a&gt;.Object
        OriginalFileName: file.name
        ProcessingFilePath: /directory/path/file.name
        IsImplicitlyCancellable: False
        LocalDirectory: C:\local_temp
        ProcessingFileName: file.name
        OriginalFilePath: /directory/path/file.name
        DeleteServerFile: True
}
65: WorkflowInstance "GetSftpFtpNextFileActivity" is Completed</StdOut>
      </Output>
    </UnitTestResult>
    <UnitTestResult executionId="66e03706-b08c-4f75-9f8c-7d16336555fe" testId="0286a2c5-c5ed-51c3-d967-603ad858c773" testName="Invoke_DeleteServerFileFalse_DeleteActivityNotUsed" computerName="ICSWS068" duration="00:00:00.0081948" startTime="2016-08-04T09:59:10.4555686+02:00" endTime="2016-08-04T09:59:10.4651664+02:00" testType="13cdc9d9-ddb5-4fa4-a97d-d965ccfc6d4b" outcome="Passed" testListId="8c84fa94-04c1-424b-9868-57a2d4851a1d" relativeResultsDirectory="66e03706-b08c-4f75-9f8c-7d16336555fe">
      <Output>
        <StdOut>Debug Trace:
FileTransferPath.GetDirectoryName: path=/directory/path/file.name directorySeparator=
\directory\path: FileTransferPath.GetDirectoryName: Path.GetDirectoryName={0}
0: WorkflowInstance "GetSftpFtpNextFileActivity" is Started
1: Activity [null] "null" scheduled child activity [1] "GetSftpFtpNextFileActivity"
2: Activity [1] "GetSftpFtpNextFileActivity" is Executing
{
    Arguments
        LocalFileNameIn: localfile.txt
        RenameFile: False
        MoveFileTo: 
        ErrorOnTimeout: False
        SubscriptionId: d14cc2dd-c61a-4a14-936b-78b744d77aa3
        Timeout: 00:00:00
        Connection: Mock&lt;iCore.Public.Ftp.IFileTransferConnection:4cfd&gt;.Object
        IsImplicitlyCancellable: False
        LocalDirectory: C:\local_temp
        DeleteServerFile: False
}
3: Activity [1] "GetSftpFtpNextFileActivity" scheduled child activity [1.1] "Sequence"
4: Activity [1.1] "Sequence" is Executing
{
    Variables
        _1a25a75f_79d5_4484_98f9_c744c2b55c4d_43: System.IO.MemoryStream
        _1a25a75f_79d5_4484_98f9_c744c2b55c4d_44: localfile.txt
        _1a25a75f_79d5_4484_98f9_c744c2b55c4d_45: C:\local_temp\localfile.txt
}
5: Activity [1.1] "Sequence" scheduled child activity [1.81] "InternalGetNextFile1"
6: Activity [1.81] "InternalGetNextFile1" is Executing
{
    Arguments
        ErrorOnTimeout: False
        SubscriptionId: d14cc2dd-c61a-4a14-936b-78b744d77aa3
        Timeout: 00:00:00
        IsImplicitlyCancellable: False
}
7: CustomTrackingRecord [1.81] "iCPSTraceTrackingRecord"
8: WorkflowInstance "GetSftpFtpNextFileActivity" is Idle
9: Bookmark "5900d81f-6281-4091-acee-ac4d1adc2d01" resumed with payload &lt;iCore.Workflow.Activities.Extensions.ItemSubscriptionEventArgs`1[iCore.Common.Utilities.FileSystemWatcher.FileInfoBase]&gt; owner [1.81] "InternalGetNextFile1"
10: Activity [1.81] "InternalGetNextFile1" is Closed
{
    Arguments
        ErrorOnTimeout: False
        SubscriptionId: d14cc2dd-c61a-4a14-936b-78b744d77aa3
        FileName: file.name
        Timeout: 00:00:00
        IsImplicitlyCancellable: False
        FilePath: /directory/path/file.name
}
11: Activity [1.1] "Sequence" scheduled child activity [1.2] "If"
12: Activity [1.2] "If" is Executing
{
    Arguments
        Condition: True
}
13: Activity [1.2] "If" scheduled child activity [1.6] "TryCatch"
14: Activity [1.6] "TryCatch" is Executing
15: Activity [1.6] "TryCatch" scheduled child activity [1.10] "TrySequence1"
16: Activity [1.10] "TrySequence1" is Executing
17: Activity [1.10] "TrySequence1" scheduled child activity [1.75] "AssignProcessingFileName"
18: Activity [1.75] "AssignProcessingFileName" is Executing
{
    Arguments
        Value: file.name
}
19: Activity [1.75] "AssignProcessingFileName" is Closed
{
    Arguments
        Value: file.name
        To: file.name
}
20: Activity [1.10] "TrySequence1" scheduled child activity [1.68] "AssignProcessingFilePath"
21: Activity [1.68] "AssignProcessingFilePath" is Executing
{
    Arguments
        Value: /directory/path/file.name
}
22: Activity [1.68] "AssignProcessingFilePath" is Closed
{
    Arguments
        Value: /directory/path/file.name
        To: /directory/path/file.name
}
23: Activity [1.10] "TrySequence1" scheduled child activity [1.56] "IfRenameFile"
24: Activity [1.56] "IfRenameFile" is Executing
{
    Arguments
        Condition: False
}
25: Activity [1.56] "IfRenameFile" is Closed
{
    Arguments
        Condition: False
}
26: Activity [1.10] "TrySequence1" scheduled child activity [1.50] "SetLocalFileName"
27: Activity [1.50] "SetLocalFileName" is Executing
{
    Arguments
        Value: localfile.txt
}
28: Activity [1.50] "SetLocalFileName" is Closed
{
    Arguments
        Value: localfile.txt
        To: localfile.txt
}
29: Activity [1.10] "TrySequence1" scheduled child activity [1.44] "SetLocalFilePath"
30: Activity [1.44] "SetLocalFilePath" is Executing
{
    Arguments
        Value: C:\local_temp\localfile.txt
}
31: Activity [1.44] "SetLocalFilePath" is Closed
{
    Arguments
        Value: C:\local_temp\localfile.txt
        To: C:\local_temp\localfile.txt
}
32: Activity [1.10] "TrySequence1" scheduled child activity [1.36] "OpenFile1"
33: Activity [1.36] "OpenFile1" is Executing
{
    Arguments
        FileAccess: ReadWrite
        FileMode: Create
        FileName: C:\local_temp\localfile.txt
        FileShare: None
}
34: WorkflowInstance "GetSftpFtpNextFileActivity" is Idle
35: Activity [1.36] "OpenFile1" is Closed
{
    Arguments
        FileAccess: ReadWrite
        FileMode: Create
        FileName: C:\local_temp\localfile.txt
        Result: System.IO.MemoryStream
        FileShare: None
}
36: Activity [1.10] "TrySequence1" scheduled child activity [1.30] "DownloadSftpFtpFileToStream1"
37: Activity [1.30] "DownloadSftpFtpFileToStream1" is Executing
{
    Arguments
        DestinationStream: System.IO.MemoryStream
        SourceFilename: /directory/path/file.name
        Connection: Mock&lt;iCore.Public.Ftp.IFileTransferConnection:4cfd&gt;.Object
}
38: WorkflowInstance "GetSftpFtpNextFileActivity" is Idle
39: Activity [1.30] "DownloadSftpFtpFileToStream1" is Closed
{
    Arguments
        DestinationStream: System.IO.MemoryStream
        SourceFilename: /directory/path/file.name
        Connection: Mock&lt;iCore.Public.Ftp.IFileTransferConnection:4cfd&gt;.Object
}
40: Activity [1.10] "TrySequence1" scheduled child activity [1.21] "If"
41: Activity [1.21] "If" is Executing
{
    Arguments
        Condition: False
}
42: Activity [1.21] "If" is Closed
{
    Arguments
        Condition: False
}
43: Activity [1.10] "TrySequence1" scheduled child activity [1.16] "AssignLocalFileNameOut"
44: Activity [1.16] "AssignLocalFileNameOut" is Executing
{
    Arguments
        Value: localfile.txt
}
45: Activity [1.16] "AssignLocalFileNameOut" is Closed
{
    Arguments
        Value: localfile.txt
        To: localfile.txt
}
46: Activity [1.10] "TrySequence1" scheduled child activity [1.11] "AssignLocalFilePath"
47: Activity [1.11] "AssignLocalFilePath" is Executing
{
    Arguments
        Value: C:\local_temp\localfile.txt
}
48: Activity [1.11] "AssignLocalFilePath" is Closed
{
    Arguments
        Value: C:\local_temp\localfile.txt
        To: C:\local_temp\localfile.txt
}
49: Activity [1.10] "TrySequence1" is Closed
50: Activity [1.6] "TryCatch" scheduled child activity [1.7] "FinallySequence1"
51: Activity [1.7] "FinallySequence1" is Executing
52: Activity [1.7] "FinallySequence1" scheduled child activity [1.8] "CloseStream1"
53: Activity [1.8] "CloseStream1" is Executing
{
    Arguments
        Stream: System.IO.MemoryStream
}
54: WorkflowInstance "GetSftpFtpNextFileActivity" is Idle
55: Activity [1.8] "CloseStream1" is Closed
{
    Arguments
        Stream: System.IO.MemoryStream
}
56: Activity [1.7] "FinallySequence1" is Closed
57: Activity [1.6] "TryCatch" is Closed
58: Activity [1.2] "If" is Closed
{
    Arguments
        Condition: True
}
59: Activity [1.1] "Sequence" is Closed
{
    Variables
        _1a25a75f_79d5_4484_98f9_c744c2b55c4d_46: System.IO.MemoryStream
        _1a25a75f_79d5_4484_98f9_c744c2b55c4d_47: localfile.txt
        _1a25a75f_79d5_4484_98f9_c744c2b55c4d_48: C:\local_temp\localfile.txt
}
60: Activity [1] "GetSftpFtpNextFileActivity" is Closed
{
    Arguments
        LocalFileNameIn: localfile.txt
        LocalFileNameOut: localfile.txt
        RenameFile: False
        MoveFileTo: 
        LocalFilePath: C:\local_temp\localfile.txt
        ErrorOnTimeout: False
        SubscriptionId: d14cc2dd-c61a-4a14-936b-78b744d77aa3
        Timeout: 00:00:00
        Connection: Mock&lt;iCore.Public.Ftp.IFileTransferConnection:4cfd&gt;.Object
        OriginalFileName: file.name
        ProcessingFilePath: /directory/path/file.name
        IsImplicitlyCancellable: False
        LocalDirectory: C:\local_temp
        ProcessingFileName: file.name
        OriginalFilePath: /directory/path/file.name
        DeleteServerFile: False
}
61: WorkflowInstance "GetSftpFtpNextFileActivity" is Completed</StdOut>
      </Output>
    </UnitTestResult>
    <UnitTestResult executionId="df71578b-d683-4fff-8992-3628e5887517" testId="6636b219-dd13-7bcf-f989-4a0b70894cb3" testName="Invoke_MoveFileToIsSet_VerifyFileIsMoved" computerName="ICSWS068" duration="00:00:00.0086212" startTime="2016-08-04T09:59:10.4681508+02:00" endTime="2016-08-04T09:59:10.4781592+02:00" testType="13cdc9d9-ddb5-4fa4-a97d-d965ccfc6d4b" outcome="Passed" testListId="8c84fa94-04c1-424b-9868-57a2d4851a1d" relativeResultsDirectory="df71578b-d683-4fff-8992-3628e5887517">
      <Output>
        <StdOut>Debug Trace:
0: WorkflowInstance "GetSftpFtpNextFileActivity" is Started
1: Activity [null] "null" scheduled child activity [1] "GetSftpFtpNextFileActivity"
2: Activity [1] "GetSftpFtpNextFileActivity" is Executing
{
    Arguments
        LocalFileNameIn: localfile.txt
        RenameFile: False
        MoveFileTo: /movetoDirectory/path/
        ErrorOnTimeout: False
        SubscriptionId: 204f29f6-6414-4af7-9013-98b0b16ed09b
        Timeout: 00:00:00
        Connection: Mock&lt;iCore.Public.Ftp.IFileTransferConnection:9cde&gt;.Object
        IsImplicitlyCancellable: False
        LocalDirectory: C:\local_temp
        DeleteServerFile: False
}
3: Activity [1] "GetSftpFtpNextFileActivity" scheduled child activity [1.1] "Sequence"
4: Activity [1.1] "Sequence" is Executing
{
    Variables
        _1a25a75f_79d5_4484_98f9_c744c2b55c4d_49: System.IO.MemoryStream
        _1a25a75f_79d5_4484_98f9_c744c2b55c4d_50: localfile.txt
        _1a25a75f_79d5_4484_98f9_c744c2b55c4d_51: C:\local_temp\localfile.txt
}
5: Activity [1.1] "Sequence" scheduled child activity [1.81] "InternalGetNextFile1"
6: Activity [1.81] "InternalGetNextFile1" is Executing
{
    Arguments
        ErrorOnTimeout: False
        SubscriptionId: 204f29f6-6414-4af7-9013-98b0b16ed09b
        Timeout: 00:00:00
        IsImplicitlyCancellable: False
}
7: CustomTrackingRecord [1.81] "iCPSTraceTrackingRecord"
8: WorkflowInstance "GetSftpFtpNextFileActivity" is Idle
9: Bookmark "5863b789-5e19-4fe4-8974-6221ea6dfe04" resumed with payload &lt;iCore.Workflow.Activities.Extensions.ItemSubscriptionEventArgs`1[iCore.Common.Utilities.FileSystemWatcher.FileInfoBase]&gt; owner [1.81] "InternalGetNextFile1"
10: Activity [1.81] "InternalGetNextFile1" is Closed
{
    Arguments
        ErrorOnTimeout: False
        SubscriptionId: 204f29f6-6414-4af7-9013-98b0b16ed09b
        FileName: file.name
        Timeout: 00:00:00
        IsImplicitlyCancellable: False
        FilePath: /directory/path/file.name
}
11: Activity [1.1] "Sequence" scheduled child activity [1.2] "If"
12: Activity [1.2] "If" is Executing
{
    Arguments
        Condition: True
}
13: Activity [1.2] "If" scheduled child activity [1.6] "TryCatch"
14: Activity [1.6] "TryCatch" is Executing
15: Activity [1.6] "TryCatch" scheduled child activity [1.10] "TrySequence1"
16: Activity [1.10] "TrySequence1" is Executing
17: Activity [1.10] "TrySequence1" scheduled child activity [1.75] "AssignProcessingFileName"
18: Activity [1.75] "AssignProcessingFileName" is Executing
{
    Arguments
        Value: file.name
}
19: Activity [1.75] "AssignProcessingFileName" is Closed
{
    Arguments
        Value: file.name
        To: file.name
}
20: Activity [1.10] "TrySequence1" scheduled child activity [1.68] "AssignProcessingFilePath"
21: Activity [1.68] "AssignProcessingFilePath" is Executing
{
    Arguments
        Value: /movetoDirectory/path/file.name
}
22: Activity [1.68] "AssignProcessingFilePath" is Closed
{
    Arguments
        Value: /movetoDirectory/path/file.name
        To: /movetoDirectory/path/file.name
}
23: Activity [1.10] "TrySequence1" scheduled child activity [1.56] "IfRenameFile"
24: Activity [1.56] "IfRenameFile" is Executing
{
    Arguments
        Condition: True
}
25: Activity [1.56] "IfRenameFile" scheduled child activity [1.60] "RenameSftpFtpFile1"
26: Activity [1.60] "RenameSftpFtpFile1" is Executing
{
    Arguments
        FromFilename: /directory/path/file.name
        Overwrite: True
        ToFilename: /movetoDirectory/path/file.name
        Connection: Mock&lt;iCore.Public.Ftp.IFileTransferConnection:9cde&gt;.Object
}
27: WorkflowInstance "GetSftpFtpNextFileActivity" is Idle
28: Activity [1.60] "RenameSftpFtpFile1" is Closed
{
    Arguments
        FromFilename: /directory/path/file.name
        Overwrite: True
        ToFilename: /movetoDirectory/path/file.name
        Connection: Mock&lt;iCore.Public.Ftp.IFileTransferConnection:9cde&gt;.Object
}
29: Activity [1.56] "IfRenameFile" is Closed
{
    Arguments
        Condition: True
}
30: Activity [1.10] "TrySequence1" scheduled child activity [1.50] "SetLocalFileName"
31: Activity [1.50] "SetLocalFileName" is Executing
{
    Arguments
        Value: localfile.txt
}
32: Activity [1.50] "SetLocalFileName" is Closed
{
    Arguments
        Value: localfile.txt
        To: localfile.txt
}
33: Activity [1.10] "TrySequence1" scheduled child activity [1.44] "SetLocalFilePath"
34: Activity [1.44] "SetLocalFilePath" is Executing
{
    Arguments
        Value: C:\local_temp\localfile.txt
}
35: Activity [1.44] "SetLocalFilePath" is Closed
{
    Arguments
        Value: C:\local_temp\localfile.txt
        To: C:\local_temp\localfile.txt
}
36: Activity [1.10] "TrySequence1" scheduled child activity [1.36] "OpenFile1"
37: Activity [1.36] "OpenFile1" is Executing
{
    Arguments
        FileAccess: ReadWrite
        FileMode: Create
        FileName: C:\local_temp\localfile.txt
        FileShare: None
}
38: WorkflowInstance "GetSftpFtpNextFileActivity" is Idle
39: Activity [1.36] "OpenFile1" is Closed
{
    Arguments
        FileAccess: ReadWrite
        FileMode: Create
        FileName: C:\local_temp\localfile.txt
        Result: System.IO.MemoryStream
        FileShare: None
}
40: Activity [1.10] "TrySequence1" scheduled child activity [1.30] "DownloadSftpFtpFileToStream1"
41: Activity [1.30] "DownloadSftpFtpFileToStream1" is Executing
{
    Arguments
        DestinationStream: System.IO.MemoryStream
        SourceFilename: /movetoDirectory/path/file.name
        Connection: Mock&lt;iCore.Public.Ftp.IFileTransferConnection:9cde&gt;.Object
}
42: WorkflowInstance "GetSftpFtpNextFileActivity" is Idle
43: Activity [1.30] "DownloadSftpFtpFileToStream1" is Closed
{
    Arguments
        DestinationStream: System.IO.MemoryStream
        SourceFilename: /movetoDirectory/path/file.name
        Connection: Mock&lt;iCore.Public.Ftp.IFileTransferConnection:9cde&gt;.Object
}
44: Activity [1.10] "TrySequence1" scheduled child activity [1.21] "If"
45: Activity [1.21] "If" is Executing
{
    Arguments
        Condition: False
}
46: Activity [1.21] "If" is Closed
{
    Arguments
        Condition: False
}
47: Activity [1.10] "TrySequence1" scheduled child activity [1.16] "AssignLocalFileNameOut"
48: Activity [1.16] "AssignLocalFileNameOut" is Executing
{
    Arguments
        Value: localfile.txt
}
49: Activity [1.16] "AssignLocalFileNameOut" is Closed
{
    Arguments
        Value: localfile.txt
        To: localfile.txt
}
50: Activity [1.10] "TrySequence1" scheduled child activity [1.11] "AssignLocalFilePath"
51: Activity [1.11] "AssignLocalFilePath" is Executing
{
    Arguments
        Value: C:\local_temp\localfile.txt
}
52: Activity [1.11] "AssignLocalFilePath" is Closed
{
    Arguments
        Value: C:\local_temp\localfile.txt
        To: C:\local_temp\localfile.txt
}
53: Activity [1.10] "TrySequence1" is Closed
54: Activity [1.6] "TryCatch" scheduled child activity [1.7] "FinallySequence1"
55: Activity [1.7] "FinallySequence1" is Executing
56: Activity [1.7] "FinallySequence1" scheduled child activity [1.8] "CloseStream1"
57: Activity [1.8] "CloseStream1" is Executing
{
    Arguments
        Stream: System.IO.MemoryStream
}
58: WorkflowInstance "GetSftpFtpNextFileActivity" is Idle
59: Activity [1.8] "CloseStream1" is Closed
{
    Arguments
        Stream: System.IO.MemoryStream
}
60: Activity [1.7] "FinallySequence1" is Closed
61: Activity [1.6] "TryCatch" is Closed
62: Activity [1.2] "If" is Closed
{
    Arguments
        Condition: True
}
63: Activity [1.1] "Sequence" is Closed
{
    Variables
        _1a25a75f_79d5_4484_98f9_c744c2b55c4d_52: System.IO.MemoryStream
        _1a25a75f_79d5_4484_98f9_c744c2b55c4d_53: localfile.txt
        _1a25a75f_79d5_4484_98f9_c744c2b55c4d_54: C:\local_temp\localfile.txt
}
64: Activity [1] "GetSftpFtpNextFileActivity" is Closed
{
    Arguments
        LocalFileNameIn: localfile.txt
        LocalFileNameOut: localfile.txt
        RenameFile: False
        MoveFileTo: /movetoDirectory/path/
        LocalFilePath: C:\local_temp\localfile.txt
        ErrorOnTimeout: False
        SubscriptionId: 204f29f6-6414-4af7-9013-98b0b16ed09b
        Timeout: 00:00:00
        Connection: Mock&lt;iCore.Public.Ftp.IFileTransferConnection:9cde&gt;.Object
        OriginalFileName: file.name
        ProcessingFilePath: /movetoDirectory/path/file.name
        IsImplicitlyCancellable: False
        LocalDirectory: C:\local_temp
        ProcessingFileName: file.name
        OriginalFilePath: /directory/path/file.name
        DeleteServerFile: False
}
65: WorkflowInstance "GetSftpFtpNextFileActivity" is Completed</StdOut>
      </Output>
    </UnitTestResult>
    <UnitTestResult executionId="ba290eb7-a8cb-4a14-a87d-8802f6f036d8" testId="90eff0bb-07f0-d175-a231-ce291e35435d" testName="Invoke_MoveFileToIsSet_DownloadingMovedFilePath" computerName="ICSWS068" duration="00:00:00.0087921" startTime="2016-08-04T09:59:10.4806597+02:00" endTime="2016-08-04T09:59:10.4906721+02:00" testType="13cdc9d9-ddb5-4fa4-a97d-d965ccfc6d4b" outcome="Passed" testListId="8c84fa94-04c1-424b-9868-57a2d4851a1d" relativeResultsDirectory="ba290eb7-a8cb-4a14-a87d-8802f6f036d8">
      <Output>
        <StdOut>Debug Trace:
0: WorkflowInstance "GetSftpFtpNextFileActivity" is Started
1: Activity [null] "null" scheduled child activity [1] "GetSftpFtpNextFileActivity"
2: Activity [1] "GetSftpFtpNextFileActivity" is Executing
{
    Arguments
        LocalFileNameIn: localfile.txt
        RenameFile: False
        MoveFileTo: /movetoDirectory/path/
        ErrorOnTimeout: False
        SubscriptionId: 87ab8423-e42c-4e48-8ddc-6fab39a3079d
        Timeout: 00:00:00
        Connection: Mock&lt;iCore.Public.Ftp.IFileTransferConnection:d2c7&gt;.Object
        IsImplicitlyCancellable: False
        LocalDirectory: C:\local_temp
        DeleteServerFile: False
}
3: Activity [1] "GetSftpFtpNextFileActivity" scheduled child activity [1.1] "Sequence"
4: Activity [1.1] "Sequence" is Executing
{
    Variables
        _1a25a75f_79d5_4484_98f9_c744c2b55c4d_55: System.IO.MemoryStream
        _1a25a75f_79d5_4484_98f9_c744c2b55c4d_56: localfile.txt
        _1a25a75f_79d5_4484_98f9_c744c2b55c4d_57: C:\local_temp\localfile.txt
}
5: Activity [1.1] "Sequence" scheduled child activity [1.81] "InternalGetNextFile1"
6: Activity [1.81] "InternalGetNextFile1" is Executing
{
    Arguments
        ErrorOnTimeout: False
        SubscriptionId: 87ab8423-e42c-4e48-8ddc-6fab39a3079d
        Timeout: 00:00:00
        IsImplicitlyCancellable: False
}
7: CustomTrackingRecord [1.81] "iCPSTraceTrackingRecord"
8: WorkflowInstance "GetSftpFtpNextFileActivity" is Idle
9: Bookmark "ceb5c99b-b22d-4798-9abc-90567a848318" resumed with payload &lt;iCore.Workflow.Activities.Extensions.ItemSubscriptionEventArgs`1[iCore.Common.Utilities.FileSystemWatcher.FileInfoBase]&gt; owner [1.81] "InternalGetNextFile1"
10: Activity [1.81] "InternalGetNextFile1" is Closed
{
    Arguments
        ErrorOnTimeout: False
        SubscriptionId: 87ab8423-e42c-4e48-8ddc-6fab39a3079d
        FileName: file.name
        Timeout: 00:00:00
        IsImplicitlyCancellable: False
        FilePath: /directory/path/file.name
}
11: Activity [1.1] "Sequence" scheduled child activity [1.2] "If"
12: Activity [1.2] "If" is Executing
{
    Arguments
        Condition: True
}
13: Activity [1.2] "If" scheduled child activity [1.6] "TryCatch"
14: Activity [1.6] "TryCatch" is Executing
15: Activity [1.6] "TryCatch" scheduled child activity [1.10] "TrySequence1"
16: Activity [1.10] "TrySequence1" is Executing
17: Activity [1.10] "TrySequence1" scheduled child activity [1.75] "AssignProcessingFileName"
18: Activity [1.75] "AssignProcessingFileName" is Executing
{
    Arguments
        Value: file.name
}
19: Activity [1.75] "AssignProcessingFileName" is Closed
{
    Arguments
        Value: file.name
        To: file.name
}
20: Activity [1.10] "TrySequence1" scheduled child activity [1.68] "AssignProcessingFilePath"
21: Activity [1.68] "AssignProcessingFilePath" is Executing
{
    Arguments
        Value: /movetoDirectory/path/file.name
}
22: Activity [1.68] "AssignProcessingFilePath" is Closed
{
    Arguments
        Value: /movetoDirectory/path/file.name
        To: /movetoDirectory/path/file.name
}
23: Activity [1.10] "TrySequence1" scheduled child activity [1.56] "IfRenameFile"
24: Activity [1.56] "IfRenameFile" is Executing
{
    Arguments
        Condition: True
}
25: Activity [1.56] "IfRenameFile" scheduled child activity [1.60] "RenameSftpFtpFile1"
26: Activity [1.60] "RenameSftpFtpFile1" is Executing
{
    Arguments
        FromFilename: /directory/path/file.name
        Overwrite: True
        ToFilename: /movetoDirectory/path/file.name
        Connection: Mock&lt;iCore.Public.Ftp.IFileTransferConnection:d2c7&gt;.Object
}
27: WorkflowInstance "GetSftpFtpNextFileActivity" is Idle
28: Activity [1.60] "RenameSftpFtpFile1" is Closed
{
    Arguments
        FromFilename: /directory/path/file.name
        Overwrite: True
        ToFilename: /movetoDirectory/path/file.name
        Connection: Mock&lt;iCore.Public.Ftp.IFileTransferConnection:d2c7&gt;.Object
}
29: Activity [1.56] "IfRenameFile" is Closed
{
    Arguments
        Condition: True
}
30: Activity [1.10] "TrySequence1" scheduled child activity [1.50] "SetLocalFileName"
31: Activity [1.50] "SetLocalFileName" is Executing
{
    Arguments
        Value: localfile.txt
}
32: Activity [1.50] "SetLocalFileName" is Closed
{
    Arguments
        Value: localfile.txt
        To: localfile.txt
}
33: Activity [1.10] "TrySequence1" scheduled child activity [1.44] "SetLocalFilePath"
34: Activity [1.44] "SetLocalFilePath" is Executing
{
    Arguments
        Value: C:\local_temp\localfile.txt
}
35: Activity [1.44] "SetLocalFilePath" is Closed
{
    Arguments
        Value: C:\local_temp\localfile.txt
        To: C:\local_temp\localfile.txt
}
36: Activity [1.10] "TrySequence1" scheduled child activity [1.36] "OpenFile1"
37: Activity [1.36] "OpenFile1" is Executing
{
    Arguments
        FileAccess: ReadWrite
        FileMode: Create
        FileName: C:\local_temp\localfile.txt
        FileShare: None
}
38: WorkflowInstance "GetSftpFtpNextFileActivity" is Idle
39: Activity [1.36] "OpenFile1" is Closed
{
    Arguments
        FileAccess: ReadWrite
        FileMode: Create
        FileName: C:\local_temp\localfile.txt
        Result: System.IO.MemoryStream
        FileShare: None
}
40: Activity [1.10] "TrySequence1" scheduled child activity [1.30] "DownloadSftpFtpFileToStream1"
41: Activity [1.30] "DownloadSftpFtpFileToStream1" is Executing
{
    Arguments
        DestinationStream: System.IO.MemoryStream
        SourceFilename: /movetoDirectory/path/file.name
        Connection: Mock&lt;iCore.Public.Ftp.IFileTransferConnection:d2c7&gt;.Object
}
42: WorkflowInstance "GetSftpFtpNextFileActivity" is Idle
43: Activity [1.30] "DownloadSftpFtpFileToStream1" is Closed
{
    Arguments
        DestinationStream: System.IO.MemoryStream
        SourceFilename: /movetoDirectory/path/file.name
        Connection: Mock&lt;iCore.Public.Ftp.IFileTransferConnection:d2c7&gt;.Object
}
44: Activity [1.10] "TrySequence1" scheduled child activity [1.21] "If"
45: Activity [1.21] "If" is Executing
{
    Arguments
        Condition: False
}
46: Activity [1.21] "If" is Closed
{
    Arguments
        Condition: False
}
47: Activity [1.10] "TrySequence1" scheduled child activity [1.16] "AssignLocalFileNameOut"
48: Activity [1.16] "AssignLocalFileNameOut" is Executing
{
    Arguments
        Value: localfile.txt
}
49: Activity [1.16] "AssignLocalFileNameOut" is Closed
{
    Arguments
        Value: localfile.txt
        To: localfile.txt
}
50: Activity [1.10] "TrySequence1" scheduled child activity [1.11] "AssignLocalFilePath"
51: Activity [1.11] "AssignLocalFilePath" is Executing
{
    Arguments
        Value: C:\local_temp\localfile.txt
}
52: Activity [1.11] "AssignLocalFilePath" is Closed
{
    Arguments
        Value: C:\local_temp\localfile.txt
        To: C:\local_temp\localfile.txt
}
53: Activity [1.10] "TrySequence1" is Closed
54: Activity [1.6] "TryCatch" scheduled child activity [1.7] "FinallySequence1"
55: Activity [1.7] "FinallySequence1" is Executing
56: Activity [1.7] "FinallySequence1" scheduled child activity [1.8] "CloseStream1"
57: Activity [1.8] "CloseStream1" is Executing
{
    Arguments
        Stream: System.IO.MemoryStream
}
58: WorkflowInstance "GetSftpFtpNextFileActivity" is Idle
59: Activity [1.8] "CloseStream1" is Closed
{
    Arguments
        Stream: System.IO.MemoryStream
}
60: Activity [1.7] "FinallySequence1" is Closed
61: Activity [1.6] "TryCatch" is Closed
62: Activity [1.2] "If" is Closed
{
    Arguments
        Condition: True
}
63: Activity [1.1] "Sequence" is Closed
{
    Variables
        _1a25a75f_79d5_4484_98f9_c744c2b55c4d_58: System.IO.MemoryStream
        _1a25a75f_79d5_4484_98f9_c744c2b55c4d_59: localfile.txt
        _1a25a75f_79d5_4484_98f9_c744c2b55c4d_60: C:\local_temp\localfile.txt
}
64: Activity [1] "GetSftpFtpNextFileActivity" is Closed
{
    Arguments
        LocalFileNameIn: localfile.txt
        LocalFileNameOut: localfile.txt
        RenameFile: False
        MoveFileTo: /movetoDirectory/path/
        LocalFilePath: C:\local_temp\localfile.txt
        ErrorOnTimeout: False
        SubscriptionId: 87ab8423-e42c-4e48-8ddc-6fab39a3079d
        Timeout: 00:00:00
        Connection: Mock&lt;iCore.Public.Ftp.IFileTransferConnection:d2c7&gt;.Object
        OriginalFileName: file.name
        ProcessingFilePath: /movetoDirectory/path/file.name
        IsImplicitlyCancellable: False
        LocalDirectory: C:\local_temp
        ProcessingFileName: file.name
        OriginalFilePath: /directory/path/file.name
        DeleteServerFile: False
}
65: WorkflowInstance "GetSftpFtpNextFileActivity" is Completed</StdOut>
      </Output>
    </UnitTestResult>
    <UnitTestResult executionId="16b6fb7a-51e5-48b3-b38a-28453a9a49bc" testId="5296b9e6-bb50-c3ae-26fd-4aafba07a1a0" testName="Invoke_AllArgumentsTimeoutWithoutError_ShouldNotDownloadAndProcessFile" computerName="ICSWS068" duration="00:00:00.0120627" startTime="2016-08-04T09:59:10.4931897+02:00" endTime="2016-08-04T09:59:10.5069337+02:00" testType="13cdc9d9-ddb5-4fa4-a97d-d965ccfc6d4b" outcome="Passed" testListId="8c84fa94-04c1-424b-9868-57a2d4851a1d" relativeResultsDirectory="16b6fb7a-51e5-48b3-b38a-28453a9a49bc">
      <Output>
        <StdOut>Debug Trace:
0: WorkflowInstance "GetSftpFtpNextFileActivity" is Started
1: Activity [null] "null" scheduled child activity [1] "GetSftpFtpNextFileActivity"
2: Activity [1] "GetSftpFtpNextFileActivity" is Executing
{
    Arguments
        LocalFileNameIn: localfile.txt
        RenameFile: True
        MoveFileTo: /movetoDirectory/path/
        ErrorOnTimeout: False
        SubscriptionId: e8259d55-f094-40e9-b7f5-52e9f91f7e96
        Timeout: 00:00:10
        Connection: Mock&lt;iCore.Public.Ftp.IFileTransferConnection:a0c4&gt;.Object
        IsImplicitlyCancellable: False
        LocalDirectory: C:\local_temp
        DeleteServerFile: True
}
3: Activity [1] "GetSftpFtpNextFileActivity" scheduled child activity [1.1] "Sequence"
4: Activity [1.1] "Sequence" is Executing
{
    Variables
        _1a25a75f_79d5_4484_98f9_c744c2b55c4d_61: 
        _1a25a75f_79d5_4484_98f9_c744c2b55c4d_62: 
        _1a25a75f_79d5_4484_98f9_c744c2b55c4d_63: 
}
5: Activity [1.1] "Sequence" scheduled child activity [1.81] "InternalGetNextFile1"
6: Activity [1.81] "InternalGetNextFile1" is Executing
{
    Arguments
        ErrorOnTimeout: False
        SubscriptionId: e8259d55-f094-40e9-b7f5-52e9f91f7e96
        Timeout: 00:00:10
        IsImplicitlyCancellable: False
}
7: CustomTrackingRecord [1.81] "iCPSTraceTrackingRecord"
8: WorkflowInstance "GetSftpFtpNextFileActivity" is Idle
9: WorkflowInstance "GetSftpFtpNextFileActivity" is Idle
10: Bookmark "fe9dc631-61df-4862-b476-14dca5da26c2" resumed with payload &lt;iCore.Workflow.Activities.Extensions.ItemSubscriptionEventArgs`1[iCore.Common.Utilities.FileSystemWatcher.FileInfoBase]&gt; owner [1.81] "InternalGetNextFile1"
11: Activity [1.81] "InternalGetNextFile1" is Closed
{
    Arguments
        ErrorOnTimeout: False
        SubscriptionId: e8259d55-f094-40e9-b7f5-52e9f91f7e96
        FileName: 
        Timeout: 00:00:10
        IsImplicitlyCancellable: False
        FilePath: 
}
12: Activity [1.1] "Sequence" scheduled child activity [1.2] "If"
13: Activity [1.2] "If" is Executing
{
    Arguments
        Condition: False
}
14: Activity [1.2] "If" is Closed
{
    Arguments
        Condition: False
}
15: Activity [1.1] "Sequence" is Closed
{
    Variables
        _1a25a75f_79d5_4484_98f9_c744c2b55c4d_64: 
        _1a25a75f_79d5_4484_98f9_c744c2b55c4d_65: 
        _1a25a75f_79d5_4484_98f9_c744c2b55c4d_66: 
}
16: Activity [1] "GetSftpFtpNextFileActivity" is Closed
{
    Arguments
        LocalFileNameIn: localfile.txt
        LocalFileNameOut: 
        RenameFile: True
        MoveFileTo: /movetoDirectory/path/
        LocalFilePath: 
        ErrorOnTimeout: False
        SubscriptionId: e8259d55-f094-40e9-b7f5-52e9f91f7e96
        Timeout: 00:00:10
        Connection: Mock&lt;iCore.Public.Ftp.IFileTransferConnection:a0c4&gt;.Object
        OriginalFileName: 
        ProcessingFilePath: 
        IsImplicitlyCancellable: False
        LocalDirectory: C:\local_temp
        ProcessingFileName: 
        OriginalFilePath: 
        DeleteServerFile: True
}
17: WorkflowInstance "GetSftpFtpNextFileActivity" is Completed</StdOut>
      </Output>
    </UnitTestResult>
    <UnitTestResult executionId="67a864d7-adea-42f1-b76f-bb3a0ac10d80" testId="beef9ead-4f5a-03ad-0588-2fa15e7899ee" testName="Invoke_OpenedStream_StreamIsClosedWhenActivityCompletes" computerName="ICSWS068" duration="00:00:00.0090968" startTime="2016-08-04T09:59:10.5094199+02:00" endTime="2016-08-04T09:59:10.5199450+02:00" testType="13cdc9d9-ddb5-4fa4-a97d-d965ccfc6d4b" outcome="Passed" testListId="8c84fa94-04c1-424b-9868-57a2d4851a1d" relativeResultsDirectory="67a864d7-adea-42f1-b76f-bb3a0ac10d80">
      <Output>
        <StdOut>Debug Trace:
FileTransferPath.GetDirectoryName: path=/directory/path/file.name directorySeparator=
\directory\path: FileTransferPath.GetDirectoryName: Path.GetDirectoryName={0}
0: WorkflowInstance "GetSftpFtpNextFileActivity" is Started
1: Activity [null] "null" scheduled child activity [1] "GetSftpFtpNextFileActivity"
2: Activity [1] "GetSftpFtpNextFileActivity" is Executing
{
    Arguments
        LocalFileNameIn: localfile.txt
        RenameFile: False
        MoveFileTo: 
        ErrorOnTimeout: False
        SubscriptionId: 5517a2c6-0a75-4146-93f2-cafe9d38b045
        Timeout: 00:00:00
        Connection: Mock&lt;iCore.Public.Ftp.IFileTransferConnection:5ac0&gt;.Object
        IsImplicitlyCancellable: False
        LocalDirectory: C:\local_temp
        DeleteServerFile: False
}
3: Activity [1] "GetSftpFtpNextFileActivity" scheduled child activity [1.1] "Sequence"
4: Activity [1.1] "Sequence" is Executing
{
    Variables
        _1a25a75f_79d5_4484_98f9_c744c2b55c4d_67: System.IO.MemoryStream
        _1a25a75f_79d5_4484_98f9_c744c2b55c4d_68: localfile.txt
        _1a25a75f_79d5_4484_98f9_c744c2b55c4d_69: C:\local_temp\localfile.txt
}
5: Activity [1.1] "Sequence" scheduled child activity [1.81] "InternalGetNextFile1"
6: Activity [1.81] "InternalGetNextFile1" is Executing
{
    Arguments
        ErrorOnTimeout: False
        SubscriptionId: 5517a2c6-0a75-4146-93f2-cafe9d38b045
        Timeout: 00:00:00
        IsImplicitlyCancellable: False
}
7: CustomTrackingRecord [1.81] "iCPSTraceTrackingRecord"
8: WorkflowInstance "GetSftpFtpNextFileActivity" is Idle
9: Bookmark "c75d9e68-6873-4528-ae58-5b233548372b" resumed with payload &lt;iCore.Workflow.Activities.Extensions.ItemSubscriptionEventArgs`1[iCore.Common.Utilities.FileSystemWatcher.FileInfoBase]&gt; owner [1.81] "InternalGetNextFile1"
10: Activity [1.81] "InternalGetNextFile1" is Closed
{
    Arguments
        ErrorOnTimeout: False
        SubscriptionId: 5517a2c6-0a75-4146-93f2-cafe9d38b045
        FileName: file.name
        Timeout: 00:00:00
        IsImplicitlyCancellable: False
        FilePath: /directory/path/file.name
}
11: Activity [1.1] "Sequence" scheduled child activity [1.2] "If"
12: Activity [1.2] "If" is Executing
{
    Arguments
        Condition: True
}
13: Activity [1.2] "If" scheduled child activity [1.6] "TryCatch"
14: Activity [1.6] "TryCatch" is Executing
15: Activity [1.6] "TryCatch" scheduled child activity [1.10] "TrySequence1"
16: Activity [1.10] "TrySequence1" is Executing
17: Activity [1.10] "TrySequence1" scheduled child activity [1.75] "AssignProcessingFileName"
18: Activity [1.75] "AssignProcessingFileName" is Executing
{
    Arguments
        Value: file.name
}
19: Activity [1.75] "AssignProcessingFileName" is Closed
{
    Arguments
        Value: file.name
        To: file.name
}
20: Activity [1.10] "TrySequence1" scheduled child activity [1.68] "AssignProcessingFilePath"
21: Activity [1.68] "AssignProcessingFilePath" is Executing
{
    Arguments
        Value: /directory/path/file.name
}
22: Activity [1.68] "AssignProcessingFilePath" is Closed
{
    Arguments
        Value: /directory/path/file.name
        To: /directory/path/file.name
}
23: Activity [1.10] "TrySequence1" scheduled child activity [1.56] "IfRenameFile"
24: Activity [1.56] "IfRenameFile" is Executing
{
    Arguments
        Condition: False
}
25: Activity [1.56] "IfRenameFile" is Closed
{
    Arguments
        Condition: False
}
26: Activity [1.10] "TrySequence1" scheduled child activity [1.50] "SetLocalFileName"
27: Activity [1.50] "SetLocalFileName" is Executing
{
    Arguments
        Value: localfile.txt
}
28: Activity [1.50] "SetLocalFileName" is Closed
{
    Arguments
        Value: localfile.txt
        To: localfile.txt
}
29: Activity [1.10] "TrySequence1" scheduled child activity [1.44] "SetLocalFilePath"
30: Activity [1.44] "SetLocalFilePath" is Executing
{
    Arguments
        Value: C:\local_temp\localfile.txt
}
31: Activity [1.44] "SetLocalFilePath" is Closed
{
    Arguments
        Value: C:\local_temp\localfile.txt
        To: C:\local_temp\localfile.txt
}
32: Activity [1.10] "TrySequence1" scheduled child activity [1.36] "OpenFile1"
33: Activity [1.36] "OpenFile1" is Executing
{
    Arguments
        FileAccess: ReadWrite
        FileMode: Create
        FileName: C:\local_temp\localfile.txt
        FileShare: None
}
34: WorkflowInstance "GetSftpFtpNextFileActivity" is Idle
35: Activity [1.36] "OpenFile1" is Closed
{
    Arguments
        FileAccess: ReadWrite
        FileMode: Create
        FileName: C:\local_temp\localfile.txt
        Result: System.IO.MemoryStream
        FileShare: None
}
36: Activity [1.10] "TrySequence1" scheduled child activity [1.30] "DownloadSftpFtpFileToStream1"
37: Activity [1.30] "DownloadSftpFtpFileToStream1" is Executing
{
    Arguments
        DestinationStream: System.IO.MemoryStream
        SourceFilename: /directory/path/file.name
        Connection: Mock&lt;iCore.Public.Ftp.IFileTransferConnection:5ac0&gt;.Object
}
38: WorkflowInstance "GetSftpFtpNextFileActivity" is Idle
39: Activity [1.30] "DownloadSftpFtpFileToStream1" is Closed
{
    Arguments
        DestinationStream: System.IO.MemoryStream
        SourceFilename: /directory/path/file.name
        Connection: Mock&lt;iCore.Public.Ftp.IFileTransferConnection:5ac0&gt;.Object
}
40: Activity [1.10] "TrySequence1" scheduled child activity [1.21] "If"
41: Activity [1.21] "If" is Executing
{
    Arguments
        Condition: False
}
42: Activity [1.21] "If" is Closed
{
    Arguments
        Condition: False
}
43: Activity [1.10] "TrySequence1" scheduled child activity [1.16] "AssignLocalFileNameOut"
44: Activity [1.16] "AssignLocalFileNameOut" is Executing
{
    Arguments
        Value: localfile.txt
}
45: Activity [1.16] "AssignLocalFileNameOut" is Closed
{
    Arguments
        Value: localfile.txt
        To: localfile.txt
}
46: Activity [1.10] "TrySequence1" scheduled child activity [1.11] "AssignLocalFilePath"
47: Activity [1.11] "AssignLocalFilePath" is Executing
{
    Arguments
        Value: C:\local_temp\localfile.txt
}
48: Activity [1.11] "AssignLocalFilePath" is Closed
{
    Arguments
        Value: C:\local_temp\localfile.txt
        To: C:\local_temp\localfile.txt
}
49: Activity [1.10] "TrySequence1" is Closed
50: Activity [1.6] "TryCatch" scheduled child activity [1.7] "FinallySequence1"
51: Activity [1.7] "FinallySequence1" is Executing
52: Activity [1.7] "FinallySequence1" scheduled child activity [1.8] "CloseStream1"
53: Activity [1.8] "CloseStream1" is Executing
{
    Arguments
        Stream: System.IO.MemoryStream
}
54: WorkflowInstance "GetSftpFtpNextFileActivity" is Idle
55: Activity [1.8] "CloseStream1" is Closed
{
    Arguments
        Stream: System.IO.MemoryStream
}
56: Activity [1.7] "FinallySequence1" is Closed
57: Activity [1.6] "TryCatch" is Closed
58: Activity [1.2] "If" is Closed
{
    Arguments
        Condition: True
}
59: Activity [1.1] "Sequence" is Closed
{
    Variables
        _1a25a75f_79d5_4484_98f9_c744c2b55c4d_70: System.IO.MemoryStream
        _1a25a75f_79d5_4484_98f9_c744c2b55c4d_71: localfile.txt
        _1a25a75f_79d5_4484_98f9_c744c2b55c4d_72: C:\local_temp\localfile.txt
}
60: Activity [1] "GetSftpFtpNextFileActivity" is Closed
{
    Arguments
        LocalFileNameIn: localfile.txt
        LocalFileNameOut: localfile.txt
        RenameFile: False
        MoveFileTo: 
        LocalFilePath: C:\local_temp\localfile.txt
        ErrorOnTimeout: False
        SubscriptionId: 5517a2c6-0a75-4146-93f2-cafe9d38b045
        Timeout: 00:00:00
        Connection: Mock&lt;iCore.Public.Ftp.IFileTransferConnection:5ac0&gt;.Object
        OriginalFileName: file.name
        ProcessingFilePath: /directory/path/file.name
        IsImplicitlyCancellable: False
        LocalDirectory: C:\local_temp
        ProcessingFileName: file.name
        OriginalFilePath: /directory/path/file.name
        DeleteServerFile: False
}
61: WorkflowInstance "GetSftpFtpNextFileActivity" is Completed</StdOut>
      </Output>
    </UnitTestResult>
    <UnitTestResult executionId="11ba5fa3-9baa-476b-8639-e045f524864a" testId="9499730f-b195-ea84-9ce1-16801381561b" testName="Invoke_OpenedStreamExceptionOnOpenFile_StreamClosed" computerName="ICSWS068" duration="00:00:00.0105258" startTime="2016-08-04T09:59:10.5224470+02:00" endTime="2016-08-04T09:59:10.5343400+02:00" testType="13cdc9d9-ddb5-4fa4-a97d-d965ccfc6d4b" outcome="Passed" testListId="8c84fa94-04c1-424b-9868-57a2d4851a1d" relativeResultsDirectory="11ba5fa3-9baa-476b-8639-e045f524864a">
      <Output>
        <StdOut>Debug Trace:
FileTransferPath.GetDirectoryName: path=/directory/path/file.name directorySeparator=
\directory\path: FileTransferPath.GetDirectoryName: Path.GetDirectoryName={0}
0: WorkflowInstance "GetSftpFtpNextFileActivity" is Started
1: Activity [null] "null" scheduled child activity [1] "GetSftpFtpNextFileActivity"
2: Activity [1] "GetSftpFtpNextFileActivity" is Executing
{
    Arguments
        LocalFileNameIn: localfile.txt
        RenameFile: False
        MoveFileTo: 
        ErrorOnTimeout: False
        SubscriptionId: 3f471ecc-39a5-46fe-83d4-a406557c0173
        Timeout: 00:00:00
        Connection: Mock&lt;iCore.Public.Ftp.IFileTransferConnection:d62e&gt;.Object
        IsImplicitlyCancellable: False
        LocalDirectory: C:\local_temp
        DeleteServerFile: False
}
3: Activity [1] "GetSftpFtpNextFileActivity" scheduled child activity [1.1] "Sequence"
4: Activity [1.1] "Sequence" is Executing
{
    Variables
        _1a25a75f_79d5_4484_98f9_c744c2b55c4d_73: System.IO.MemoryStream
        _1a25a75f_79d5_4484_98f9_c744c2b55c4d_74: localfile.txt
        _1a25a75f_79d5_4484_98f9_c744c2b55c4d_75: C:\local_temp\localfile.txt
}
5: Activity [1.1] "Sequence" scheduled child activity [1.81] "InternalGetNextFile1"
6: Activity [1.81] "InternalGetNextFile1" is Executing
{
    Arguments
        ErrorOnTimeout: False
        SubscriptionId: 3f471ecc-39a5-46fe-83d4-a406557c0173
        Timeout: 00:00:00
        IsImplicitlyCancellable: False
}
7: CustomTrackingRecord [1.81] "iCPSTraceTrackingRecord"
8: WorkflowInstance "GetSftpFtpNextFileActivity" is Idle
9: Bookmark "1b5a5e26-fd16-4684-9608-d07bb9c6a4d3" resumed with payload &lt;iCore.Workflow.Activities.Extensions.ItemSubscriptionEventArgs`1[iCore.Common.Utilities.FileSystemWatcher.FileInfoBase]&gt; owner [1.81] "InternalGetNextFile1"
10: Activity [1.81] "InternalGetNextFile1" is Closed
{
    Arguments
        ErrorOnTimeout: False
        SubscriptionId: 3f471ecc-39a5-46fe-83d4-a406557c0173
        FileName: file.name
        Timeout: 00:00:00
        IsImplicitlyCancellable: False
        FilePath: /directory/path/file.name
}
11: Activity [1.1] "Sequence" scheduled child activity [1.2] "If"
12: Activity [1.2] "If" is Executing
{
    Arguments
        Condition: True
}
13: Activity [1.2] "If" scheduled child activity [1.6] "TryCatch"
14: Activity [1.6] "TryCatch" is Executing
15: Activity [1.6] "TryCatch" scheduled child activity [1.10] "TrySequence1"
16: Activity [1.10] "TrySequence1" is Executing
17: Activity [1.10] "TrySequence1" scheduled child activity [1.75] "AssignProcessingFileName"
18: Activity [1.75] "AssignProcessingFileName" is Executing
{
    Arguments
        Value: file.name
}
19: Activity [1.75] "AssignProcessingFileName" is Closed
{
    Arguments
        Value: file.name
        To: file.name
}
20: Activity [1.10] "TrySequence1" scheduled child activity [1.68] "AssignProcessingFilePath"
21: Activity [1.68] "AssignProcessingFilePath" is Executing
{
    Arguments
        Value: /directory/path/file.name
}
22: Activity [1.68] "AssignProcessingFilePath" is Closed
{
    Arguments
        Value: /directory/path/file.name
        To: /directory/path/file.name
}
23: Activity [1.10] "TrySequence1" scheduled child activity [1.56] "IfRenameFile"
24: Activity [1.56] "IfRenameFile" is Executing
{
    Arguments
        Condition: False
}
25: Activity [1.56] "IfRenameFile" is Closed
{
    Arguments
        Condition: False
}
26: Activity [1.10] "TrySequence1" scheduled child activity [1.50] "SetLocalFileName"
27: Activity [1.50] "SetLocalFileName" is Executing
{
    Arguments
        Value: localfile.txt
}
28: Activity [1.50] "SetLocalFileName" is Closed
{
    Arguments
        Value: localfile.txt
        To: localfile.txt
}
29: Activity [1.10] "TrySequence1" scheduled child activity [1.44] "SetLocalFilePath"
30: Activity [1.44] "SetLocalFilePath" is Executing
{
    Arguments
        Value: C:\local_temp\localfile.txt
}
31: Activity [1.44] "SetLocalFilePath" is Closed
{
    Arguments
        Value: C:\local_temp\localfile.txt
        To: C:\local_temp\localfile.txt
}
32: Activity [1.10] "TrySequence1" scheduled child activity [1.36] "OpenFile1"
33: Activity [1.36] "OpenFile1" is Executing
{
    Arguments
        FileAccess: ReadWrite
        FileMode: Create
        FileName: C:\local_temp\localfile.txt
        FileShare: None
}
34: WorkflowInstance "GetSftpFtpNextFileActivity" is Idle
35: Activity [1.36] "OpenFile1" is Closed
{
    Arguments
        FileAccess: ReadWrite
        FileMode: Create
        FileName: C:\local_temp\localfile.txt
        Result: System.IO.MemoryStream
        FileShare: None
}
36: Activity [1.10] "TrySequence1" scheduled child activity [1.30] "DownloadSftpFtpFileToStream1"
37: Activity [1.30] "DownloadSftpFtpFileToStream1" is Executing
{
    Arguments
        DestinationStream: System.IO.MemoryStream
        SourceFilename: /directory/path/file.name
        Connection: Mock&lt;iCore.Public.Ftp.IFileTransferConnection:d62e&gt;.Object
}
38: WorkflowInstance "GetSftpFtpNextFileActivity" is Idle
39: Activity [1.30] "DownloadSftpFtpFileToStream1" is Faulted
{
    Arguments
        DestinationStream: System.IO.MemoryStream
        SourceFilename: /directory/path/file.name
        Connection: Mock&lt;iCore.Public.Ftp.IFileTransferConnection:d62e&gt;.Object
}
40: Fault source [1.30] "DownloadSftpFtpFileToStream1"
41: Fault source [1.30] "DownloadSftpFtpFileToStream1"
42: WorkflowInstance "GetSftpFtpNextFileActivity" Unhandled Exception Source "DownloadSftpFtpFileToStream1" Exception &lt;System.InvalidOperationException: Operation is not valid due to the current state of the object.
   at Moq.MethodCall.Execute(ICallContext call)
   at Moq.ExecuteCall.HandleIntercept(ICallContext invocation, InterceptorContext ctx, CurrentInterceptContext localctx)
   at Moq.Interceptor.Intercept(ICallContext invocation)
   at Moq.Proxy.CastleProxyFactory.Interceptor.Intercept(IInvocation invocation)
   at Castle.DynamicProxy.AbstractInvocation.Proceed()
   at Castle.Proxies.IFileTransferConnectionProxy_1.DownloadFile(String remoteFileName, Stream destination, CancellationToken cancellationToken)
   at iCore.Workflow.Activities.Ftp.DownloadSftpFtpFileToStreamActivity.&lt;&gt;c__DisplayClass13_0.&lt;BeginExecute&gt;b__0()
   at System.Threading.Tasks.Task.InnerInvoke()
   at System.Threading.Tasks.Task.Execute()
--- End of stack trace from previous location where exception was thrown ---
   at System.Runtime.ExceptionServices.ExceptionDispatchInfo.Throw()
   at iCore.Workflow.Activities.ActivityUtilities.ThrowIfTaskFailedAndActivityIsNotCanceled(Task task, AsyncCodeActivityContext context)
   at iCore.Workflow.Activities.Ftp.DownloadSftpFtpFileToStreamActivity.EndExecute(AsyncCodeActivityContext context, IAsyncResult result)
   at System.Activities.AsyncCodeActivity.System.Activities.IAsyncCodeActivity.FinishExecution(AsyncCodeActivityContext context, IAsyncResult result)
   at System.Activities.AsyncCodeActivity.CompleteAsyncCodeActivityData.CompleteAsyncCodeActivityWorkItem.Execute(ActivityExecutor executor, BookmarkManager bookmarkManager)&gt;
43: Host requests cancel of activity [1] "GetSftpFtpNextFileActivity"
44: Activity [1] "GetSftpFtpNextFileActivity" requests cancel of activity [1.1] "Sequence"
45: Activity [1.1] "Sequence" requests cancel of activity [1.2] "If"
46: Activity [1.2] "If" requests cancel of activity [1.6] "TryCatch"
47: Activity [1.6] "TryCatch" requests cancel of activity [1.10] "TrySequence1"
48: Activity [1.10] "TrySequence1" is Canceled
49: Activity [1.6] "TryCatch" scheduled child activity [1.7] "FinallySequence1"
50: Activity [1.7] "FinallySequence1" is Executing
51: Activity [1.7] "FinallySequence1" scheduled child activity [1.8] "CloseStream1"
52: Activity [1.8] "CloseStream1" is Executing
{
    Arguments
        Stream: System.IO.MemoryStream
}
53: WorkflowInstance "GetSftpFtpNextFileActivity" is Idle
54: Activity [1.8] "CloseStream1" is Closed
{
    Arguments
        Stream: System.IO.MemoryStream
}
55: Activity [1.7] "FinallySequence1" is Closed
56: Activity [1.6] "TryCatch" is Canceled
57: Activity [1.2] "If" is Canceled
{
    Arguments
        Condition: True
}
58: Activity [1.1] "Sequence" is Canceled
{
    Variables
        _1a25a75f_79d5_4484_98f9_c744c2b55c4d_76: System.IO.MemoryStream
        _1a25a75f_79d5_4484_98f9_c744c2b55c4d_77: localfile.txt
        _1a25a75f_79d5_4484_98f9_c744c2b55c4d_78: C:\local_temp\localfile.txt
}
59: Activity [1] "GetSftpFtpNextFileActivity" is Canceled
{
    Arguments
        LocalFileNameIn: localfile.txt
        LocalFileNameOut: 
        RenameFile: False
        MoveFileTo: 
        LocalFilePath: 
        ErrorOnTimeout: False
        SubscriptionId: 3f471ecc-39a5-46fe-83d4-a406557c0173
        Timeout: 00:00:00
        Connection: Mock&lt;iCore.Public.Ftp.IFileTransferConnection:d62e&gt;.Object
        OriginalFileName: file.name
        ProcessingFilePath: /directory/path/file.name
        IsImplicitlyCancellable: False
        LocalDirectory: C:\local_temp
        ProcessingFileName: file.name
        OriginalFilePath: /directory/path/file.name
        DeleteServerFile: False
}
60: WorkflowInstance "GetSftpFtpNextFileActivity" is Canceled</StdOut>
      </Output>
    </UnitTestResult>
    <UnitTestResult executionId="8184ccf3-d863-4957-a1ac-402f329a071c" testId="fd314776-f1ef-5de4-1834-63fb07399aa8" testName="Invoke_AllArguments_TimeoutValueIsPassedToInternalGetNext" computerName="ICSWS068" duration="00:00:00.0042861" startTime="2016-08-04T09:59:10.5368570+02:00" endTime="2016-08-04T09:59:10.5423452+02:00" testType="13cdc9d9-ddb5-4fa4-a97d-d965ccfc6d4b" outcome="Passed" testListId="8c84fa94-04c1-424b-9868-57a2d4851a1d" relativeResultsDirectory="8184ccf3-d863-4957-a1ac-402f329a071c">
      <Output>
        <StdOut>Debug Trace:
0: WorkflowInstance "GetSftpFtpNextFileActivity" is Started
1: Activity [null] "null" scheduled child activity [1] "GetSftpFtpNextFileActivity"
2: Activity [1] "GetSftpFtpNextFileActivity" is Executing
{
    Arguments
        LocalFileNameIn: localfile.txt
        RenameFile: False
        MoveFileTo: 
        ErrorOnTimeout: False
        SubscriptionId: 97be378a-de7d-484b-ab19-10ca054ed483
        Timeout: 00:00:10
        Connection: Mock&lt;iCore.Public.Ftp.IFileTransferConnection:3522&gt;.Object
        IsImplicitlyCancellable: False
        LocalDirectory: C:\local_temp
        DeleteServerFile: False
}
3: Activity [1] "GetSftpFtpNextFileActivity" scheduled child activity [1.1] "Sequence"
4: Activity [1.1] "Sequence" is Executing
{
    Variables
        _1a25a75f_79d5_4484_98f9_c744c2b55c4d_79: 
        _1a25a75f_79d5_4484_98f9_c744c2b55c4d_80: 
        _1a25a75f_79d5_4484_98f9_c744c2b55c4d_81: 
}
5: Activity [1.1] "Sequence" scheduled child activity [1.81] "InternalGetNextFile1"
6: Activity [1.81] "InternalGetNextFile1" is Executing
{
    Arguments
        ErrorOnTimeout: False
        SubscriptionId: 97be378a-de7d-484b-ab19-10ca054ed483
        Timeout: 00:00:10
        IsImplicitlyCancellable: False
}
7: CustomTrackingRecord [1.81] "iCPSTraceTrackingRecord"
8: WorkflowInstance "GetSftpFtpNextFileActivity" is Idle</StdOut>
      </Output>
    </UnitTestResult>
    <UnitTestResult executionId="2e945c75-aa1a-4cc6-bd7d-1f40e0361f51" testId="8e029bb8-f1db-e0bb-8e60-94d3986529d2" testName="Invoke_AllArguments_ErrorOnTimeoutValueIsPassedToInternalGetNext" computerName="ICSWS068" duration="00:00:00.0040465" startTime="2016-08-04T09:59:10.5453472+02:00" endTime="2016-08-04T09:59:10.5503509+02:00" testType="13cdc9d9-ddb5-4fa4-a97d-d965ccfc6d4b" outcome="Passed" testListId="8c84fa94-04c1-424b-9868-57a2d4851a1d" relativeResultsDirectory="2e945c75-aa1a-4cc6-bd7d-1f40e0361f51">
      <Output>
        <StdOut>Debug Trace:
0: WorkflowInstance "GetSftpFtpNextFileActivity" is Started
1: Activity [null] "null" scheduled child activity [1] "GetSftpFtpNextFileActivity"
2: Activity [1] "GetSftpFtpNextFileActivity" is Executing
{
    Arguments
        LocalFileNameIn: localfile.txt
        RenameFile: False
        MoveFileTo: 
        ErrorOnTimeout: True
        SubscriptionId: 0b1c32f7-d607-4952-9dc0-0e063a62e0b5
        Timeout: 00:00:00
        Connection: Mock&lt;iCore.Public.Ftp.IFileTransferConnection:edfe&gt;.Object
        IsImplicitlyCancellable: False
        LocalDirectory: C:\local_temp
        DeleteServerFile: False
}
3: Activity [1] "GetSftpFtpNextFileActivity" scheduled child activity [1.1] "Sequence"
4: Activity [1.1] "Sequence" is Executing
{
    Variables
        _1a25a75f_79d5_4484_98f9_c744c2b55c4d_82: 
        _1a25a75f_79d5_4484_98f9_c744c2b55c4d_83: 
        _1a25a75f_79d5_4484_98f9_c744c2b55c4d_84: 
}
5: Activity [1.1] "Sequence" scheduled child activity [1.81] "InternalGetNextFile1"
6: Activity [1.81] "InternalGetNextFile1" is Executing
{
    Arguments
        ErrorOnTimeout: True
        SubscriptionId: 0b1c32f7-d607-4952-9dc0-0e063a62e0b5
        Timeout: 00:00:00
        IsImplicitlyCancellable: False
}
7: CustomTrackingRecord [1.81] "iCPSTraceTrackingRecord"
8: WorkflowInstance "GetSftpFtpNextFileActivity" is Idle</StdOut>
      </Output>
    </UnitTestResult>
    <UnitTestResult executionId="ae095d67-02f8-4e7a-8e64-99d978a0e7d1" testId="3b495187-293d-868a-0495-cf99fc94dd0b" testName="Invoke_AllArguments_SubscriptionIdValueIsPassedToInternalGetNext" computerName="ICSWS068" duration="00:00:00.0088443" startTime="2016-08-04T09:59:10.5528538+02:00" endTime="2016-08-04T09:59:10.5628639+02:00" testType="13cdc9d9-ddb5-4fa4-a97d-d965ccfc6d4b" outcome="Passed" testListId="8c84fa94-04c1-424b-9868-57a2d4851a1d" relativeResultsDirectory="ae095d67-02f8-4e7a-8e64-99d978a0e7d1">
      <Output>
        <StdOut>Debug Trace:
FileTransferPath.GetDirectoryName: path=/directory/path/file.name directorySeparator=
\directory\path: FileTransferPath.GetDirectoryName: Path.GetDirectoryName={0}
0: WorkflowInstance "GetSftpFtpNextFileActivity" is Started
1: Activity [null] "null" scheduled child activity [1] "GetSftpFtpNextFileActivity"
2: Activity [1] "GetSftpFtpNextFileActivity" is Executing
{
    Arguments
        LocalFileNameIn: localfile.txt
        RenameFile: False
        MoveFileTo: 
        ErrorOnTimeout: False
        SubscriptionId: 2705f202-1dac-4d7d-92f9-c70938e36434
        Timeout: 00:00:00
        Connection: Mock&lt;iCore.Public.Ftp.IFileTransferConnection:e93d&gt;.Object
        IsImplicitlyCancellable: False
        LocalDirectory: C:\local_temp
        DeleteServerFile: False
}
3: Activity [1] "GetSftpFtpNextFileActivity" scheduled child activity [1.1] "Sequence"
4: Activity [1.1] "Sequence" is Executing
{
    Variables
        _1a25a75f_79d5_4484_98f9_c744c2b55c4d_85: System.IO.MemoryStream
        _1a25a75f_79d5_4484_98f9_c744c2b55c4d_86: localfile.txt
        _1a25a75f_79d5_4484_98f9_c744c2b55c4d_87: C:\local_temp\localfile.txt
}
5: Activity [1.1] "Sequence" scheduled child activity [1.81] "InternalGetNextFile1"
6: Activity [1.81] "InternalGetNextFile1" is Executing
{
    Arguments
        ErrorOnTimeout: False
        SubscriptionId: 2705f202-1dac-4d7d-92f9-c70938e36434
        Timeout: 00:00:00
        IsImplicitlyCancellable: False
}
7: CustomTrackingRecord [1.81] "iCPSTraceTrackingRecord"
8: WorkflowInstance "GetSftpFtpNextFileActivity" is Idle
9: Bookmark "9530cb12-5241-4ddb-aef4-c3d734b08bfc" resumed with payload &lt;iCore.Workflow.Activities.Extensions.ItemSubscriptionEventArgs`1[iCore.Common.Utilities.FileSystemWatcher.FileInfoBase]&gt; owner [1.81] "InternalGetNextFile1"
10: Activity [1.81] "InternalGetNextFile1" is Closed
{
    Arguments
        ErrorOnTimeout: False
        SubscriptionId: 2705f202-1dac-4d7d-92f9-c70938e36434
        FileName: file.name
        Timeout: 00:00:00
        IsImplicitlyCancellable: False
        FilePath: /directory/path/file.name
}
11: Activity [1.1] "Sequence" scheduled child activity [1.2] "If"
12: Activity [1.2] "If" is Executing
{
    Arguments
        Condition: True
}
13: Activity [1.2] "If" scheduled child activity [1.6] "TryCatch"
14: Activity [1.6] "TryCatch" is Executing
15: Activity [1.6] "TryCatch" scheduled child activity [1.10] "TrySequence1"
16: Activity [1.10] "TrySequence1" is Executing
17: Activity [1.10] "TrySequence1" scheduled child activity [1.75] "AssignProcessingFileName"
18: Activity [1.75] "AssignProcessingFileName" is Executing
{
    Arguments
        Value: file.name
}
19: Activity [1.75] "AssignProcessingFileName" is Closed
{
    Arguments
        Value: file.name
        To: file.name
}
20: Activity [1.10] "TrySequence1" scheduled child activity [1.68] "AssignProcessingFilePath"
21: Activity [1.68] "AssignProcessingFilePath" is Executing
{
    Arguments
        Value: /directory/path/file.name
}
22: Activity [1.68] "AssignProcessingFilePath" is Closed
{
    Arguments
        Value: /directory/path/file.name
        To: /directory/path/file.name
}
23: Activity [1.10] "TrySequence1" scheduled child activity [1.56] "IfRenameFile"
24: Activity [1.56] "IfRenameFile" is Executing
{
    Arguments
        Condition: False
}
25: Activity [1.56] "IfRenameFile" is Closed
{
    Arguments
        Condition: False
}
26: Activity [1.10] "TrySequence1" scheduled child activity [1.50] "SetLocalFileName"
27: Activity [1.50] "SetLocalFileName" is Executing
{
    Arguments
        Value: localfile.txt
}
28: Activity [1.50] "SetLocalFileName" is Closed
{
    Arguments
        Value: localfile.txt
        To: localfile.txt
}
29: Activity [1.10] "TrySequence1" scheduled child activity [1.44] "SetLocalFilePath"
30: Activity [1.44] "SetLocalFilePath" is Executing
{
    Arguments
        Value: C:\local_temp\localfile.txt
}
31: Activity [1.44] "SetLocalFilePath" is Closed
{
    Arguments
        Value: C:\local_temp\localfile.txt
        To: C:\local_temp\localfile.txt
}
32: Activity [1.10] "TrySequence1" scheduled child activity [1.36] "OpenFile1"
33: Activity [1.36] "OpenFile1" is Executing
{
    Arguments
        FileAccess: ReadWrite
        FileMode: Create
        FileName: C:\local_temp\localfile.txt
        FileShare: None
}
34: WorkflowInstance "GetSftpFtpNextFileActivity" is Idle
35: Activity [1.36] "OpenFile1" is Closed
{
    Arguments
        FileAccess: ReadWrite
        FileMode: Create
        FileName: C:\local_temp\localfile.txt
        Result: System.IO.MemoryStream
        FileShare: None
}
36: Activity [1.10] "TrySequence1" scheduled child activity [1.30] "DownloadSftpFtpFileToStream1"
37: Activity [1.30] "DownloadSftpFtpFileToStream1" is Executing
{
    Arguments
        DestinationStream: System.IO.MemoryStream
        SourceFilename: /directory/path/file.name
        Connection: Mock&lt;iCore.Public.Ftp.IFileTransferConnection:e93d&gt;.Object
}
38: WorkflowInstance "GetSftpFtpNextFileActivity" is Idle
39: Activity [1.30] "DownloadSftpFtpFileToStream1" is Closed
{
    Arguments
        DestinationStream: System.IO.MemoryStream
        SourceFilename: /directory/path/file.name
        Connection: Mock&lt;iCore.Public.Ftp.IFileTransferConnection:e93d&gt;.Object
}
40: Activity [1.10] "TrySequence1" scheduled child activity [1.21] "If"
41: Activity [1.21] "If" is Executing
{
    Arguments
        Condition: False
}
42: Activity [1.21] "If" is Closed
{
    Arguments
        Condition: False
}
43: Activity [1.10] "TrySequence1" scheduled child activity [1.16] "AssignLocalFileNameOut"
44: Activity [1.16] "AssignLocalFileNameOut" is Executing
{
    Arguments
        Value: localfile.txt
}
45: Activity [1.16] "AssignLocalFileNameOut" is Closed
{
    Arguments
        Value: localfile.txt
        To: localfile.txt
}
46: Activity [1.10] "TrySequence1" scheduled child activity [1.11] "AssignLocalFilePath"
47: Activity [1.11] "AssignLocalFilePath" is Executing
{
    Arguments
        Value: C:\local_temp\localfile.txt
}
48: Activity [1.11] "AssignLocalFilePath" is Closed
{
    Arguments
        Value: C:\local_temp\localfile.txt
        To: C:\local_temp\localfile.txt
}
49: Activity [1.10] "TrySequence1" is Closed
50: Activity [1.6] "TryCatch" scheduled child activity [1.7] "FinallySequence1"
51: Activity [1.7] "FinallySequence1" is Executing
52: Activity [1.7] "FinallySequence1" scheduled child activity [1.8] "CloseStream1"
53: Activity [1.8] "CloseStream1" is Executing
{
    Arguments
        Stream: System.IO.MemoryStream
}
54: WorkflowInstance "GetSftpFtpNextFileActivity" is Idle
55: Activity [1.8] "CloseStream1" is Closed
{
    Arguments
        Stream: System.IO.MemoryStream
}
56: Activity [1.7] "FinallySequence1" is Closed
57: Activity [1.6] "TryCatch" is Closed
58: Activity [1.2] "If" is Closed
{
    Arguments
        Condition: True
}
59: Activity [1.1] "Sequence" is Closed
{
    Variables
        _1a25a75f_79d5_4484_98f9_c744c2b55c4d_88: System.IO.MemoryStream
        _1a25a75f_79d5_4484_98f9_c744c2b55c4d_89: localfile.txt
        _1a25a75f_79d5_4484_98f9_c744c2b55c4d_90: C:\local_temp\localfile.txt
}
60: Activity [1] "GetSftpFtpNextFileActivity" is Closed
{
    Arguments
        LocalFileNameIn: localfile.txt
        LocalFileNameOut: localfile.txt
        RenameFile: False
        MoveFileTo: 
        LocalFilePath: C:\local_temp\localfile.txt
        ErrorOnTimeout: False
        SubscriptionId: 2705f202-1dac-4d7d-92f9-c70938e36434
        Timeout: 00:00:00
        Connection: Mock&lt;iCore.Public.Ftp.IFileTransferConnection:e93d&gt;.Object
        OriginalFileName: file.name
        ProcessingFilePath: /directory/path/file.name
        IsImplicitlyCancellable: False
        LocalDirectory: C:\local_temp
        ProcessingFileName: file.name
        OriginalFilePath: /directory/path/file.name
        DeleteServerFile: False
}
61: WorkflowInstance "GetSftpFtpNextFileActivity" is Completed</StdOut>
      </Output>
    </UnitTestResult>
    <UnitTestResult executionId="da21f176-0b6b-4e9f-bdb1-502479010283" testId="425deb36-c065-8909-b02c-660d7db5a4aa" testName="Invoke_AllArguments_IsImplicitlyCancellableValueIsPassedToInternalGetNext" computerName="ICSWS068" duration="00:00:00.0079467" startTime="2016-08-04T09:59:10.5659368+02:00" endTime="2016-08-04T09:59:10.5754446+02:00" testType="13cdc9d9-ddb5-4fa4-a97d-d965ccfc6d4b" outcome="Passed" testListId="8c84fa94-04c1-424b-9868-57a2d4851a1d" relativeResultsDirectory="da21f176-0b6b-4e9f-bdb1-502479010283">
      <Output>
        <StdOut>Debug Trace:
FileTransferPath.GetDirectoryName: path=/directory/path/file.name directorySeparator=
\directory\path: FileTransferPath.GetDirectoryName: Path.GetDirectoryName={0}
0: WorkflowInstance "GetSftpFtpNextFileActivity" is Started
1: Activity [null] "null" scheduled child activity [1] "GetSftpFtpNextFileActivity"
2: Activity [1] "GetSftpFtpNextFileActivity" is Executing
{
    Arguments
        LocalFileNameIn: localfile.txt
        RenameFile: False
        MoveFileTo: 
        ErrorOnTimeout: False
        SubscriptionId: 29db53bb-9d8d-4203-925c-bd321a9f9119
        Timeout: 00:00:00
        Connection: Mock&lt;iCore.Public.Ftp.IFileTransferConnection:f05a&gt;.Object
        IsImplicitlyCancellable: True
        LocalDirectory: C:\local_temp
        DeleteServerFile: False
}
3: Activity [1] "GetSftpFtpNextFileActivity" scheduled child activity [1.1] "Sequence"
4: Activity [1.1] "Sequence" is Executing
{
    Variables
        _1a25a75f_79d5_4484_98f9_c744c2b55c4d_91: System.IO.MemoryStream
        _1a25a75f_79d5_4484_98f9_c744c2b55c4d_92: localfile.txt
        _1a25a75f_79d5_4484_98f9_c744c2b55c4d_93: C:\local_temp\localfile.txt
}
5: Activity [1.1] "Sequence" scheduled child activity [1.81] "InternalGetNextFile1"
6: Activity [1.81] "InternalGetNextFile1" is Executing
{
    Arguments
        ErrorOnTimeout: False
        SubscriptionId: 29db53bb-9d8d-4203-925c-bd321a9f9119
        Timeout: 00:00:00
        IsImplicitlyCancellable: True
}
7: CustomTrackingRecord [1.81] "iCPSTraceTrackingRecord"
8: WorkflowInstance "GetSftpFtpNextFileActivity" is Idle
9: Bookmark "579d7203-b6e1-424c-83d9-9e00a46d8467" resumed with payload &lt;iCore.Workflow.Activities.Extensions.ItemSubscriptionEventArgs`1[iCore.Common.Utilities.FileSystemWatcher.FileInfoBase]&gt; owner [1.81] "InternalGetNextFile1"
10: Activity [1.81] "InternalGetNextFile1" is Closed
{
    Arguments
        ErrorOnTimeout: False
        SubscriptionId: 29db53bb-9d8d-4203-925c-bd321a9f9119
        FileName: file.name
        Timeout: 00:00:00
        IsImplicitlyCancellable: True
        FilePath: /directory/path/file.name
}
11: Activity [1.1] "Sequence" scheduled child activity [1.2] "If"
12: Activity [1.2] "If" is Executing
{
    Arguments
        Condition: True
}
13: Activity [1.2] "If" scheduled child activity [1.6] "TryCatch"
14: Activity [1.6] "TryCatch" is Executing
15: Activity [1.6] "TryCatch" scheduled child activity [1.10] "TrySequence1"
16: Activity [1.10] "TrySequence1" is Executing
17: Activity [1.10] "TrySequence1" scheduled child activity [1.75] "AssignProcessingFileName"
18: Activity [1.75] "AssignProcessingFileName" is Executing
{
    Arguments
        Value: file.name
}
19: Activity [1.75] "AssignProcessingFileName" is Closed
{
    Arguments
        Value: file.name
        To: file.name
}
20: Activity [1.10] "TrySequence1" scheduled child activity [1.68] "AssignProcessingFilePath"
21: Activity [1.68] "AssignProcessingFilePath" is Executing
{
    Arguments
        Value: /directory/path/file.name
}
22: Activity [1.68] "AssignProcessingFilePath" is Closed
{
    Arguments
        Value: /directory/path/file.name
        To: /directory/path/file.name
}
23: Activity [1.10] "TrySequence1" scheduled child activity [1.56] "IfRenameFile"
24: Activity [1.56] "IfRenameFile" is Executing
{
    Arguments
        Condition: False
}
25: Activity [1.56] "IfRenameFile" is Closed
{
    Arguments
        Condition: False
}
26: Activity [1.10] "TrySequence1" scheduled child activity [1.50] "SetLocalFileName"
27: Activity [1.50] "SetLocalFileName" is Executing
{
    Arguments
        Value: localfile.txt
}
28: Activity [1.50] "SetLocalFileName" is Closed
{
    Arguments
        Value: localfile.txt
        To: localfile.txt
}
29: Activity [1.10] "TrySequence1" scheduled child activity [1.44] "SetLocalFilePath"
30: Activity [1.44] "SetLocalFilePath" is Executing
{
    Arguments
        Value: C:\local_temp\localfile.txt
}
31: Activity [1.44] "SetLocalFilePath" is Closed
{
    Arguments
        Value: C:\local_temp\localfile.txt
        To: C:\local_temp\localfile.txt
}
32: Activity [1.10] "TrySequence1" scheduled child activity [1.36] "OpenFile1"
33: Activity [1.36] "OpenFile1" is Executing
{
    Arguments
        FileAccess: ReadWrite
        FileMode: Create
        FileName: C:\local_temp\localfile.txt
        FileShare: None
}
34: WorkflowInstance "GetSftpFtpNextFileActivity" is Idle
35: Activity [1.36] "OpenFile1" is Closed
{
    Arguments
        FileAccess: ReadWrite
        FileMode: Create
        FileName: C:\local_temp\localfile.txt
        Result: System.IO.MemoryStream
        FileShare: None
}
36: Activity [1.10] "TrySequence1" scheduled child activity [1.30] "DownloadSftpFtpFileToStream1"
37: Activity [1.30] "DownloadSftpFtpFileToStream1" is Executing
{
    Arguments
        DestinationStream: System.IO.MemoryStream
        SourceFilename: /directory/path/file.name
        Connection: Mock&lt;iCore.Public.Ftp.IFileTransferConnection:f05a&gt;.Object
}
38: WorkflowInstance "GetSftpFtpNextFileActivity" is Idle
39: Activity [1.30] "DownloadSftpFtpFileToStream1" is Closed
{
    Arguments
        DestinationStream: System.IO.MemoryStream
        SourceFilename: /directory/path/file.name
        Connection: Mock&lt;iCore.Public.Ftp.IFileTransferConnection:f05a&gt;.Object
}
40: Activity [1.10] "TrySequence1" scheduled child activity [1.21] "If"
41: Activity [1.21] "If" is Executing
{
    Arguments
        Condition: False
}
42: Activity [1.21] "If" is Closed
{
    Arguments
        Condition: False
}
43: Activity [1.10] "TrySequence1" scheduled child activity [1.16] "AssignLocalFileNameOut"
44: Activity [1.16] "AssignLocalFileNameOut" is Executing
{
    Arguments
        Value: localfile.txt
}
45: Activity [1.16] "AssignLocalFileNameOut" is Closed
{
    Arguments
        Value: localfile.txt
        To: localfile.txt
}
46: Activity [1.10] "TrySequence1" scheduled child activity [1.11] "AssignLocalFilePath"
47: Activity [1.11] "AssignLocalFilePath" is Executing
{
    Arguments
        Value: C:\local_temp\localfile.txt
}
48: Activity [1.11] "AssignLocalFilePath" is Closed
{
    Arguments
        Value: C:\local_temp\localfile.txt
        To: C:\local_temp\localfile.txt
}
49: Activity [1.10] "TrySequence1" is Closed
50: Activity [1.6] "TryCatch" scheduled child activity [1.7] "FinallySequence1"
51: Activity [1.7] "FinallySequence1" is Executing
52: Activity [1.7] "FinallySequence1" scheduled child activity [1.8] "CloseStream1"
53: Activity [1.8] "CloseStream1" is Executing
{
    Arguments
        Stream: System.IO.MemoryStream
}
54: WorkflowInstance "GetSftpFtpNextFileActivity" is Idle
55: Activity [1.8] "CloseStream1" is Closed
{
    Arguments
        Stream: System.IO.MemoryStream
}
56: Activity [1.7] "FinallySequence1" is Closed
57: Activity [1.6] "TryCatch" is Closed
58: Activity [1.2] "If" is Closed
{
    Arguments
        Condition: True
}
59: Activity [1.1] "Sequence" is Closed
{
    Variables
        _1a25a75f_79d5_4484_98f9_c744c2b55c4d_94: System.IO.MemoryStream
        _1a25a75f_79d5_4484_98f9_c744c2b55c4d_95: localfile.txt
        _1a25a75f_79d5_4484_98f9_c744c2b55c4d_96: C:\local_temp\localfile.txt
}
60: Activity [1] "GetSftpFtpNextFileActivity" is Closed
{
    Arguments
        LocalFileNameIn: localfile.txt
        LocalFileNameOut: localfile.txt
        RenameFile: False
        MoveFileTo: 
        LocalFilePath: C:\local_temp\localfile.txt
        ErrorOnTimeout: False
        SubscriptionId: 29db53bb-9d8d-4203-925c-bd321a9f9119
        Timeout: 00:00:00
        Connection: Mock&lt;iCore.Public.Ftp.IFileTransferConnection:f05a&gt;.Object
        OriginalFileName: file.name
        ProcessingFilePath: /directory/path/file.name
        IsImplicitlyCancellable: True
        LocalDirectory: C:\local_temp
        ProcessingFileName: file.name
        OriginalFilePath: /directory/path/file.name
        DeleteServerFile: False
}
61: WorkflowInstance "GetSftpFtpNextFileActivity" is Completed</StdOut>
      </Output>
    </UnitTestResult>
    <UnitTestResult executionId="67d19208-8240-4520-a955-1fb131d3a74d" testId="e539b579-2241-7bc3-96a8-c3c0c867a109" testName="Invoke_AllArguments_ConnectionValueIsPassedToRename" computerName="ICSWS068" duration="00:00:00.0098214" startTime="2016-08-04T09:59:10.5779613+02:00" endTime="2016-08-04T09:59:10.5897669+02:00" testType="13cdc9d9-ddb5-4fa4-a97d-d965ccfc6d4b" outcome="Passed" testListId="8c84fa94-04c1-424b-9868-57a2d4851a1d" relativeResultsDirectory="67d19208-8240-4520-a955-1fb131d3a74d">
      <Output>
        <StdOut>Debug Trace:
FileTransferPath.GetDirectoryName: path=/directory/path/file.name directorySeparator=
\directory\path: FileTransferPath.GetDirectoryName: Path.GetDirectoryName={0}
0: WorkflowInstance "GetSftpFtpNextFileActivity" is Started
1: Activity [null] "null" scheduled child activity [1] "GetSftpFtpNextFileActivity"
2: Activity [1] "GetSftpFtpNextFileActivity" is Executing
{
    Arguments
        LocalFileNameIn: localfile.txt
        RenameFile: True
        MoveFileTo: 
        ErrorOnTimeout: False
        SubscriptionId: ea469fac-98ee-4998-825c-7eaf3472d9c9
        Timeout: 00:00:00
        Connection: Mock&lt;iCore.Public.Ftp.IFileTransferConnection:b039&gt;.Object
        IsImplicitlyCancellable: False
        LocalDirectory: C:\local_temp
        DeleteServerFile: False
}
3: Activity [1] "GetSftpFtpNextFileActivity" scheduled child activity [1.1] "Sequence"
4: Activity [1.1] "Sequence" is Executing
{
    Variables
        _1a25a75f_79d5_4484_98f9_c744c2b55c4d_97: System.IO.MemoryStream
        _1a25a75f_79d5_4484_98f9_c744c2b55c4d_98: localfile.txt
        _1a25a75f_79d5_4484_98f9_c744c2b55c4d_99: C:\local_temp\localfile.txt
}
5: Activity [1.1] "Sequence" scheduled child activity [1.81] "InternalGetNextFile1"
6: Activity [1.81] "InternalGetNextFile1" is Executing
{
    Arguments
        ErrorOnTimeout: False
        SubscriptionId: ea469fac-98ee-4998-825c-7eaf3472d9c9
        Timeout: 00:00:00
        IsImplicitlyCancellable: False
}
7: CustomTrackingRecord [1.81] "iCPSTraceTrackingRecord"
8: WorkflowInstance "GetSftpFtpNextFileActivity" is Idle
9: Bookmark "45755633-b22b-485b-b4ea-c6bb8ee1d3d2" resumed with payload &lt;iCore.Workflow.Activities.Extensions.ItemSubscriptionEventArgs`1[iCore.Common.Utilities.FileSystemWatcher.FileInfoBase]&gt; owner [1.81] "InternalGetNextFile1"
10: Activity [1.81] "InternalGetNextFile1" is Closed
{
    Arguments
        ErrorOnTimeout: False
        SubscriptionId: ea469fac-98ee-4998-825c-7eaf3472d9c9
        FileName: file.name
        Timeout: 00:00:00
        IsImplicitlyCancellable: False
        FilePath: /directory/path/file.name
}
11: Activity [1.1] "Sequence" scheduled child activity [1.2] "If"
12: Activity [1.2] "If" is Executing
{
    Arguments
        Condition: True
}
13: Activity [1.2] "If" scheduled child activity [1.6] "TryCatch"
14: Activity [1.6] "TryCatch" is Executing
15: Activity [1.6] "TryCatch" scheduled child activity [1.10] "TrySequence1"
16: Activity [1.10] "TrySequence1" is Executing
17: Activity [1.10] "TrySequence1" scheduled child activity [1.75] "AssignProcessingFileName"
18: Activity [1.75] "AssignProcessingFileName" is Executing
{
    Arguments
        Value: file.test
}
19: Activity [1.75] "AssignProcessingFileName" is Closed
{
    Arguments
        Value: file.test
        To: file.test
}
20: Activity [1.10] "TrySequence1" scheduled child activity [1.68] "AssignProcessingFilePath"
21: Activity [1.68] "AssignProcessingFilePath" is Executing
{
    Arguments
        Value: /directory/path/file.test
}
22: Activity [1.68] "AssignProcessingFilePath" is Closed
{
    Arguments
        Value: /directory/path/file.test
        To: /directory/path/file.test
}
23: Activity [1.10] "TrySequence1" scheduled child activity [1.56] "IfRenameFile"
24: Activity [1.56] "IfRenameFile" is Executing
{
    Arguments
        Condition: True
}
25: Activity [1.56] "IfRenameFile" scheduled child activity [1.60] "RenameSftpFtpFile1"
26: Activity [1.60] "RenameSftpFtpFile1" is Executing
{
    Arguments
        FromFilename: /directory/path/file.name
        Overwrite: True
        ToFilename: /directory/path/file.test
        Connection: Mock&lt;iCore.Public.Ftp.IFileTransferConnection:b039&gt;.Object
}
27: WorkflowInstance "GetSftpFtpNextFileActivity" is Idle
28: Activity [1.60] "RenameSftpFtpFile1" is Closed
{
    Arguments
        FromFilename: /directory/path/file.name
        Overwrite: True
        ToFilename: /directory/path/file.test
        Connection: Mock&lt;iCore.Public.Ftp.IFileTransferConnection:b039&gt;.Object
}
29: Activity [1.56] "IfRenameFile" is Closed
{
    Arguments
        Condition: True
}
30: Activity [1.10] "TrySequence1" scheduled child activity [1.50] "SetLocalFileName"
31: Activity [1.50] "SetLocalFileName" is Executing
{
    Arguments
        Value: localfile.txt
}
32: Activity [1.50] "SetLocalFileName" is Closed
{
    Arguments
        Value: localfile.txt
        To: localfile.txt
}
33: Activity [1.10] "TrySequence1" scheduled child activity [1.44] "SetLocalFilePath"
34: Activity [1.44] "SetLocalFilePath" is Executing
{
    Arguments
        Value: C:\local_temp\localfile.txt
}
35: Activity [1.44] "SetLocalFilePath" is Closed
{
    Arguments
        Value: C:\local_temp\localfile.txt
        To: C:\local_temp\localfile.txt
}
36: Activity [1.10] "TrySequence1" scheduled child activity [1.36] "OpenFile1"
37: Activity [1.36] "OpenFile1" is Executing
{
    Arguments
        FileAccess: ReadWrite
        FileMode: Create
        FileName: C:\local_temp\localfile.txt
        FileShare: None
}
38: WorkflowInstance "GetSftpFtpNextFileActivity" is Idle
39: Activity [1.36] "OpenFile1" is Closed
{
    Arguments
        FileAccess: ReadWrite
        FileMode: Create
        FileName: C:\local_temp\localfile.txt
        Result: System.IO.MemoryStream
        FileShare: None
}
40: Activity [1.10] "TrySequence1" scheduled child activity [1.30] "DownloadSftpFtpFileToStream1"
41: Activity [1.30] "DownloadSftpFtpFileToStream1" is Executing
{
    Arguments
        DestinationStream: System.IO.MemoryStream
        SourceFilename: /directory/path/file.test
        Connection: Mock&lt;iCore.Public.Ftp.IFileTransferConnection:b039&gt;.Object
}
42: WorkflowInstance "GetSftpFtpNextFileActivity" is Idle
43: Activity [1.30] "DownloadSftpFtpFileToStream1" is Closed
{
    Arguments
        DestinationStream: System.IO.MemoryStream
        SourceFilename: /directory/path/file.test
        Connection: Mock&lt;iCore.Public.Ftp.IFileTransferConnection:b039&gt;.Object
}
44: Activity [1.10] "TrySequence1" scheduled child activity [1.21] "If"
45: Activity [1.21] "If" is Executing
{
    Arguments
        Condition: False
}
46: Activity [1.21] "If" is Closed
{
    Arguments
        Condition: False
}
47: Activity [1.10] "TrySequence1" scheduled child activity [1.16] "AssignLocalFileNameOut"
48: Activity [1.16] "AssignLocalFileNameOut" is Executing
{
    Arguments
        Value: localfile.txt
}
49: Activity [1.16] "AssignLocalFileNameOut" is Closed
{
    Arguments
        Value: localfile.txt
        To: localfile.txt
}
50: Activity [1.10] "TrySequence1" scheduled child activity [1.11] "AssignLocalFilePath"
51: Activity [1.11] "AssignLocalFilePath" is Executing
{
    Arguments
        Value: C:\local_temp\localfile.txt
}
52: Activity [1.11] "AssignLocalFilePath" is Closed
{
    Arguments
        Value: C:\local_temp\localfile.txt
        To: C:\local_temp\localfile.txt
}
53: Activity [1.10] "TrySequence1" is Closed
54: Activity [1.6] "TryCatch" scheduled child activity [1.7] "FinallySequence1"
55: Activity [1.7] "FinallySequence1" is Executing
56: Activity [1.7] "FinallySequence1" scheduled child activity [1.8] "CloseStream1"
57: Activity [1.8] "CloseStream1" is Executing
{
    Arguments
        Stream: System.IO.MemoryStream
}
58: WorkflowInstance "GetSftpFtpNextFileActivity" is Idle
59: Activity [1.8] "CloseStream1" is Closed
{
    Arguments
        Stream: System.IO.MemoryStream
}
60: Activity [1.7] "FinallySequence1" is Closed
61: Activity [1.6] "TryCatch" is Closed
62: Activity [1.2] "If" is Closed
{
    Arguments
        Condition: True
}
63: Activity [1.1] "Sequence" is Closed
{
    Variables
        _1a25a75f_79d5_4484_98f9_c744c2b55c4d_100: System.IO.MemoryStream
        _1a25a75f_79d5_4484_98f9_c744c2b55c4d_101: localfile.txt
        _1a25a75f_79d5_4484_98f9_c744c2b55c4d_102: C:\local_temp\localfile.txt
}
64: Activity [1] "GetSftpFtpNextFileActivity" is Closed
{
    Arguments
        LocalFileNameIn: localfile.txt
        LocalFileNameOut: localfile.txt
        RenameFile: True
        MoveFileTo: 
        LocalFilePath: C:\local_temp\localfile.txt
        ErrorOnTimeout: False
        SubscriptionId: ea469fac-98ee-4998-825c-7eaf3472d9c9
        Timeout: 00:00:00
        Connection: Mock&lt;iCore.Public.Ftp.IFileTransferConnection:b039&gt;.Object
        OriginalFileName: file.name
        ProcessingFilePath: /directory/path/file.test
        IsImplicitlyCancellable: False
        LocalDirectory: C:\local_temp
        ProcessingFileName: file.test
        OriginalFilePath: /directory/path/file.name
        DeleteServerFile: False
}
65: WorkflowInstance "GetSftpFtpNextFileActivity" is Completed</StdOut>
      </Output>
    </UnitTestResult>
    <UnitTestResult executionId="f8bfefb1-fb2b-4551-a73a-1e0e92fd35be" testId="24d8fe37-b698-f216-d23d-bb35aa7bc737" testName="Invoke_AllArguments_OverwriteTruePassedToRename" computerName="ICSWS068" duration="00:00:00.0092270" startTime="2016-08-04T09:59:10.5922698+02:00" endTime="2016-08-04T09:59:10.6032403+02:00" testType="13cdc9d9-ddb5-4fa4-a97d-d965ccfc6d4b" outcome="Passed" testListId="8c84fa94-04c1-424b-9868-57a2d4851a1d" relativeResultsDirectory="f8bfefb1-fb2b-4551-a73a-1e0e92fd35be">
      <Output>
        <StdOut>Debug Trace:
FileTransferPath.GetDirectoryName: path=/directory/path/file.name directorySeparator=
\directory\path: FileTransferPath.GetDirectoryName: Path.GetDirectoryName={0}
0: WorkflowInstance "GetSftpFtpNextFileActivity" is Started
1: Activity [null] "null" scheduled child activity [1] "GetSftpFtpNextFileActivity"
2: Activity [1] "GetSftpFtpNextFileActivity" is Executing
{
    Arguments
        LocalFileNameIn: localfile.txt
        RenameFile: True
        MoveFileTo: 
        ErrorOnTimeout: False
        SubscriptionId: 62171910-00e7-438e-b238-18edea1fd9ba
        Timeout: 00:00:00
        Connection: Mock&lt;iCore.Public.Ftp.IFileTransferConnection:370b&gt;.Object
        IsImplicitlyCancellable: False
        LocalDirectory: C:\local_temp
        DeleteServerFile: False
}
3: Activity [1] "GetSftpFtpNextFileActivity" scheduled child activity [1.1] "Sequence"
4: Activity [1.1] "Sequence" is Executing
{
    Variables
        _1a25a75f_79d5_4484_98f9_c744c2b55c4d_103: System.IO.MemoryStream
        _1a25a75f_79d5_4484_98f9_c744c2b55c4d_104: localfile.txt
        _1a25a75f_79d5_4484_98f9_c744c2b55c4d_105: C:\local_temp\localfile.txt
}
5: Activity [1.1] "Sequence" scheduled child activity [1.81] "InternalGetNextFile1"
6: Activity [1.81] "InternalGetNextFile1" is Executing
{
    Arguments
        ErrorOnTimeout: False
        SubscriptionId: 62171910-00e7-438e-b238-18edea1fd9ba
        Timeout: 00:00:00
        IsImplicitlyCancellable: False
}
7: CustomTrackingRecord [1.81] "iCPSTraceTrackingRecord"
8: WorkflowInstance "GetSftpFtpNextFileActivity" is Idle
9: Bookmark "fd44cbfe-050f-4fd3-a667-6becc8cc0388" resumed with payload &lt;iCore.Workflow.Activities.Extensions.ItemSubscriptionEventArgs`1[iCore.Common.Utilities.FileSystemWatcher.FileInfoBase]&gt; owner [1.81] "InternalGetNextFile1"
10: Activity [1.81] "InternalGetNextFile1" is Closed
{
    Arguments
        ErrorOnTimeout: False
        SubscriptionId: 62171910-00e7-438e-b238-18edea1fd9ba
        FileName: file.name
        Timeout: 00:00:00
        IsImplicitlyCancellable: False
        FilePath: /directory/path/file.name
}
11: Activity [1.1] "Sequence" scheduled child activity [1.2] "If"
12: Activity [1.2] "If" is Executing
{
    Arguments
        Condition: True
}
13: Activity [1.2] "If" scheduled child activity [1.6] "TryCatch"
14: Activity [1.6] "TryCatch" is Executing
15: Activity [1.6] "TryCatch" scheduled child activity [1.10] "TrySequence1"
16: Activity [1.10] "TrySequence1" is Executing
17: Activity [1.10] "TrySequence1" scheduled child activity [1.75] "AssignProcessingFileName"
18: Activity [1.75] "AssignProcessingFileName" is Executing
{
    Arguments
        Value: file.test
}
19: Activity [1.75] "AssignProcessingFileName" is Closed
{
    Arguments
        Value: file.test
        To: file.test
}
20: Activity [1.10] "TrySequence1" scheduled child activity [1.68] "AssignProcessingFilePath"
21: Activity [1.68] "AssignProcessingFilePath" is Executing
{
    Arguments
        Value: /directory/path/file.test
}
22: Activity [1.68] "AssignProcessingFilePath" is Closed
{
    Arguments
        Value: /directory/path/file.test
        To: /directory/path/file.test
}
23: Activity [1.10] "TrySequence1" scheduled child activity [1.56] "IfRenameFile"
24: Activity [1.56] "IfRenameFile" is Executing
{
    Arguments
        Condition: True
}
25: Activity [1.56] "IfRenameFile" scheduled child activity [1.60] "RenameSftpFtpFile1"
26: Activity [1.60] "RenameSftpFtpFile1" is Executing
{
    Arguments
        FromFilename: /directory/path/file.name
        Overwrite: True
        ToFilename: /directory/path/file.test
        Connection: Mock&lt;iCore.Public.Ftp.IFileTransferConnection:370b&gt;.Object
}
27: WorkflowInstance "GetSftpFtpNextFileActivity" is Idle
28: Activity [1.60] "RenameSftpFtpFile1" is Closed
{
    Arguments
        FromFilename: /directory/path/file.name
        Overwrite: True
        ToFilename: /directory/path/file.test
        Connection: Mock&lt;iCore.Public.Ftp.IFileTransferConnection:370b&gt;.Object
}
29: Activity [1.56] "IfRenameFile" is Closed
{
    Arguments
        Condition: True
}
30: Activity [1.10] "TrySequence1" scheduled child activity [1.50] "SetLocalFileName"
31: Activity [1.50] "SetLocalFileName" is Executing
{
    Arguments
        Value: localfile.txt
}
32: Activity [1.50] "SetLocalFileName" is Closed
{
    Arguments
        Value: localfile.txt
        To: localfile.txt
}
33: Activity [1.10] "TrySequence1" scheduled child activity [1.44] "SetLocalFilePath"
34: Activity [1.44] "SetLocalFilePath" is Executing
{
    Arguments
        Value: C:\local_temp\localfile.txt
}
35: Activity [1.44] "SetLocalFilePath" is Closed
{
    Arguments
        Value: C:\local_temp\localfile.txt
        To: C:\local_temp\localfile.txt
}
36: Activity [1.10] "TrySequence1" scheduled child activity [1.36] "OpenFile1"
37: Activity [1.36] "OpenFile1" is Executing
{
    Arguments
        FileAccess: ReadWrite
        FileMode: Create
        FileName: C:\local_temp\localfile.txt
        FileShare: None
}
38: WorkflowInstance "GetSftpFtpNextFileActivity" is Idle
39: Activity [1.36] "OpenFile1" is Closed
{
    Arguments
        FileAccess: ReadWrite
        FileMode: Create
        FileName: C:\local_temp\localfile.txt
        Result: System.IO.MemoryStream
        FileShare: None
}
40: Activity [1.10] "TrySequence1" scheduled child activity [1.30] "DownloadSftpFtpFileToStream1"
41: Activity [1.30] "DownloadSftpFtpFileToStream1" is Executing
{
    Arguments
        DestinationStream: System.IO.MemoryStream
        SourceFilename: /directory/path/file.test
        Connection: Mock&lt;iCore.Public.Ftp.IFileTransferConnection:370b&gt;.Object
}
42: WorkflowInstance "GetSftpFtpNextFileActivity" is Idle
43: Activity [1.30] "DownloadSftpFtpFileToStream1" is Closed
{
    Arguments
        DestinationStream: System.IO.MemoryStream
        SourceFilename: /directory/path/file.test
        Connection: Mock&lt;iCore.Public.Ftp.IFileTransferConnection:370b&gt;.Object
}
44: Activity [1.10] "TrySequence1" scheduled child activity [1.21] "If"
45: Activity [1.21] "If" is Executing
{
    Arguments
        Condition: False
}
46: Activity [1.21] "If" is Closed
{
    Arguments
        Condition: False
}
47: Activity [1.10] "TrySequence1" scheduled child activity [1.16] "AssignLocalFileNameOut"
48: Activity [1.16] "AssignLocalFileNameOut" is Executing
{
    Arguments
        Value: localfile.txt
}
49: Activity [1.16] "AssignLocalFileNameOut" is Closed
{
    Arguments
        Value: localfile.txt
        To: localfile.txt
}
50: Activity [1.10] "TrySequence1" scheduled child activity [1.11] "AssignLocalFilePath"
51: Activity [1.11] "AssignLocalFilePath" is Executing
{
    Arguments
        Value: C:\local_temp\localfile.txt
}
52: Activity [1.11] "AssignLocalFilePath" is Closed
{
    Arguments
        Value: C:\local_temp\localfile.txt
        To: C:\local_temp\localfile.txt
}
53: Activity [1.10] "TrySequence1" is Closed
54: Activity [1.6] "TryCatch" scheduled child activity [1.7] "FinallySequence1"
55: Activity [1.7] "FinallySequence1" is Executing
56: Activity [1.7] "FinallySequence1" scheduled child activity [1.8] "CloseStream1"
57: Activity [1.8] "CloseStream1" is Executing
{
    Arguments
        Stream: System.IO.MemoryStream
}
58: WorkflowInstance "GetSftpFtpNextFileActivity" is Idle
59: Activity [1.8] "CloseStream1" is Closed
{
    Arguments
        Stream: System.IO.MemoryStream
}
60: Activity [1.7] "FinallySequence1" is Closed
61: Activity [1.6] "TryCatch" is Closed
62: Activity [1.2] "If" is Closed
{
    Arguments
        Condition: True
}
63: Activity [1.1] "Sequence" is Closed
{
    Variables
        _1a25a75f_79d5_4484_98f9_c744c2b55c4d_106: System.IO.MemoryStream
        _1a25a75f_79d5_4484_98f9_c744c2b55c4d_107: localfile.txt
        _1a25a75f_79d5_4484_98f9_c744c2b55c4d_108: C:\local_temp\localfile.txt
}
64: Activity [1] "GetSftpFtpNextFileActivity" is Closed
{
    Arguments
        LocalFileNameIn: localfile.txt
        LocalFileNameOut: localfile.txt
        RenameFile: True
        MoveFileTo: 
        LocalFilePath: C:\local_temp\localfile.txt
        ErrorOnTimeout: False
        SubscriptionId: 62171910-00e7-438e-b238-18edea1fd9ba
        Timeout: 00:00:00
        Connection: Mock&lt;iCore.Public.Ftp.IFileTransferConnection:370b&gt;.Object
        OriginalFileName: file.name
        ProcessingFilePath: /directory/path/file.test
        IsImplicitlyCancellable: False
        LocalDirectory: C:\local_temp
        ProcessingFileName: file.test
        OriginalFilePath: /directory/path/file.name
        DeleteServerFile: False
}
65: WorkflowInstance "GetSftpFtpNextFileActivity" is Completed</StdOut>
      </Output>
    </UnitTestResult>
    <UnitTestResult executionId="85e1a238-2a2a-410f-b941-5e7ccfd73852" testId="f418e28f-bf42-b807-5ac1-29d46bf2142e" testName="Invoke_AllArguments_ReadWriteAccessPassedToOpenFile" computerName="ICSWS068" duration="00:00:00.0086282" startTime="2016-08-04T09:59:10.6057605+02:00" endTime="2016-08-04T09:59:10.6157530+02:00" testType="13cdc9d9-ddb5-4fa4-a97d-d965ccfc6d4b" outcome="Passed" testListId="8c84fa94-04c1-424b-9868-57a2d4851a1d" relativeResultsDirectory="85e1a238-2a2a-410f-b941-5e7ccfd73852">
      <Output>
        <StdOut>Debug Trace:
FileTransferPath.GetDirectoryName: path=/directory/path/file.name directorySeparator=
\directory\path: FileTransferPath.GetDirectoryName: Path.GetDirectoryName={0}
0: WorkflowInstance "GetSftpFtpNextFileActivity" is Started
1: Activity [null] "null" scheduled child activity [1] "GetSftpFtpNextFileActivity"
2: Activity [1] "GetSftpFtpNextFileActivity" is Executing
{
    Arguments
        LocalFileNameIn: localfile.txt
        RenameFile: False
        MoveFileTo: 
        ErrorOnTimeout: False
        SubscriptionId: 05e6deb6-7547-4a80-a396-57a04235dc9c
        Timeout: 00:00:00
        Connection: Mock&lt;iCore.Public.Ftp.IFileTransferConnection:690a&gt;.Object
        IsImplicitlyCancellable: False
        LocalDirectory: C:\local_temp
        DeleteServerFile: False
}
3: Activity [1] "GetSftpFtpNextFileActivity" scheduled child activity [1.1] "Sequence"
4: Activity [1.1] "Sequence" is Executing
{
    Variables
        _1a25a75f_79d5_4484_98f9_c744c2b55c4d_109: System.IO.MemoryStream
        _1a25a75f_79d5_4484_98f9_c744c2b55c4d_110: localfile.txt
        _1a25a75f_79d5_4484_98f9_c744c2b55c4d_111: C:\local_temp\localfile.txt
}
5: Activity [1.1] "Sequence" scheduled child activity [1.81] "InternalGetNextFile1"
6: Activity [1.81] "InternalGetNextFile1" is Executing
{
    Arguments
        ErrorOnTimeout: False
        SubscriptionId: 05e6deb6-7547-4a80-a396-57a04235dc9c
        Timeout: 00:00:00
        IsImplicitlyCancellable: False
}
7: CustomTrackingRecord [1.81] "iCPSTraceTrackingRecord"
8: WorkflowInstance "GetSftpFtpNextFileActivity" is Idle
9: Bookmark "86e26a76-298a-4222-859e-93f96d42f348" resumed with payload &lt;iCore.Workflow.Activities.Extensions.ItemSubscriptionEventArgs`1[iCore.Common.Utilities.FileSystemWatcher.FileInfoBase]&gt; owner [1.81] "InternalGetNextFile1"
10: Activity [1.81] "InternalGetNextFile1" is Closed
{
    Arguments
        ErrorOnTimeout: False
        SubscriptionId: 05e6deb6-7547-4a80-a396-57a04235dc9c
        FileName: file.name
        Timeout: 00:00:00
        IsImplicitlyCancellable: False
        FilePath: /directory/path/file.name
}
11: Activity [1.1] "Sequence" scheduled child activity [1.2] "If"
12: Activity [1.2] "If" is Executing
{
    Arguments
        Condition: True
}
13: Activity [1.2] "If" scheduled child activity [1.6] "TryCatch"
14: Activity [1.6] "TryCatch" is Executing
15: Activity [1.6] "TryCatch" scheduled child activity [1.10] "TrySequence1"
16: Activity [1.10] "TrySequence1" is Executing
17: Activity [1.10] "TrySequence1" scheduled child activity [1.75] "AssignProcessingFileName"
18: Activity [1.75] "AssignProcessingFileName" is Executing
{
    Arguments
        Value: file.name
}
19: Activity [1.75] "AssignProcessingFileName" is Closed
{
    Arguments
        Value: file.name
        To: file.name
}
20: Activity [1.10] "TrySequence1" scheduled child activity [1.68] "AssignProcessingFilePath"
21: Activity [1.68] "AssignProcessingFilePath" is Executing
{
    Arguments
        Value: /directory/path/file.name
}
22: Activity [1.68] "AssignProcessingFilePath" is Closed
{
    Arguments
        Value: /directory/path/file.name
        To: /directory/path/file.name
}
23: Activity [1.10] "TrySequence1" scheduled child activity [1.56] "IfRenameFile"
24: Activity [1.56] "IfRenameFile" is Executing
{
    Arguments
        Condition: False
}
25: Activity [1.56] "IfRenameFile" is Closed
{
    Arguments
        Condition: False
}
26: Activity [1.10] "TrySequence1" scheduled child activity [1.50] "SetLocalFileName"
27: Activity [1.50] "SetLocalFileName" is Executing
{
    Arguments
        Value: localfile.txt
}
28: Activity [1.50] "SetLocalFileName" is Closed
{
    Arguments
        Value: localfile.txt
        To: localfile.txt
}
29: Activity [1.10] "TrySequence1" scheduled child activity [1.44] "SetLocalFilePath"
30: Activity [1.44] "SetLocalFilePath" is Executing
{
    Arguments
        Value: C:\local_temp\localfile.txt
}
31: Activity [1.44] "SetLocalFilePath" is Closed
{
    Arguments
        Value: C:\local_temp\localfile.txt
        To: C:\local_temp\localfile.txt
}
32: Activity [1.10] "TrySequence1" scheduled child activity [1.36] "OpenFile1"
33: Activity [1.36] "OpenFile1" is Executing
{
    Arguments
        FileAccess: ReadWrite
        FileMode: Create
        FileName: C:\local_temp\localfile.txt
        FileShare: None
}
34: WorkflowInstance "GetSftpFtpNextFileActivity" is Idle
35: Activity [1.36] "OpenFile1" is Closed
{
    Arguments
        FileAccess: ReadWrite
        FileMode: Create
        FileName: C:\local_temp\localfile.txt
        Result: System.IO.MemoryStream
        FileShare: None
}
36: Activity [1.10] "TrySequence1" scheduled child activity [1.30] "DownloadSftpFtpFileToStream1"
37: Activity [1.30] "DownloadSftpFtpFileToStream1" is Executing
{
    Arguments
        DestinationStream: System.IO.MemoryStream
        SourceFilename: /directory/path/file.name
        Connection: Mock&lt;iCore.Public.Ftp.IFileTransferConnection:690a&gt;.Object
}
38: WorkflowInstance "GetSftpFtpNextFileActivity" is Idle
39: Activity [1.30] "DownloadSftpFtpFileToStream1" is Closed
{
    Arguments
        DestinationStream: System.IO.MemoryStream
        SourceFilename: /directory/path/file.name
        Connection: Mock&lt;iCore.Public.Ftp.IFileTransferConnection:690a&gt;.Object
}
40: Activity [1.10] "TrySequence1" scheduled child activity [1.21] "If"
41: Activity [1.21] "If" is Executing
{
    Arguments
        Condition: False
}
42: Activity [1.21] "If" is Closed
{
    Arguments
        Condition: False
}
43: Activity [1.10] "TrySequence1" scheduled child activity [1.16] "AssignLocalFileNameOut"
44: Activity [1.16] "AssignLocalFileNameOut" is Executing
{
    Arguments
        Value: localfile.txt
}
45: Activity [1.16] "AssignLocalFileNameOut" is Closed
{
    Arguments
        Value: localfile.txt
        To: localfile.txt
}
46: Activity [1.10] "TrySequence1" scheduled child activity [1.11] "AssignLocalFilePath"
47: Activity [1.11] "AssignLocalFilePath" is Executing
{
    Arguments
        Value: C:\local_temp\localfile.txt
}
48: Activity [1.11] "AssignLocalFilePath" is Closed
{
    Arguments
        Value: C:\local_temp\localfile.txt
        To: C:\local_temp\localfile.txt
}
49: Activity [1.10] "TrySequence1" is Closed
50: Activity [1.6] "TryCatch" scheduled child activity [1.7] "FinallySequence1"
51: Activity [1.7] "FinallySequence1" is Executing
52: Activity [1.7] "FinallySequence1" scheduled child activity [1.8] "CloseStream1"
53: Activity [1.8] "CloseStream1" is Executing
{
    Arguments
        Stream: System.IO.MemoryStream
}
54: WorkflowInstance "GetSftpFtpNextFileActivity" is Idle
55: Activity [1.8] "CloseStream1" is Closed
{
    Arguments
        Stream: System.IO.MemoryStream
}
56: Activity [1.7] "FinallySequence1" is Closed
57: Activity [1.6] "TryCatch" is Closed
58: Activity [1.2] "If" is Closed
{
    Arguments
        Condition: True
}
59: Activity [1.1] "Sequence" is Closed
{
    Variables
        _1a25a75f_79d5_4484_98f9_c744c2b55c4d_112: System.IO.MemoryStream
        _1a25a75f_79d5_4484_98f9_c744c2b55c4d_113: localfile.txt
        _1a25a75f_79d5_4484_98f9_c744c2b55c4d_114: C:\local_temp\localfile.txt
}
60: Activity [1] "GetSftpFtpNextFileActivity" is Closed
{
    Arguments
        LocalFileNameIn: localfile.txt
        LocalFileNameOut: localfile.txt
        RenameFile: False
        MoveFileTo: 
        LocalFilePath: C:\local_temp\localfile.txt
        ErrorOnTimeout: False
        SubscriptionId: 05e6deb6-7547-4a80-a396-57a04235dc9c
        Timeout: 00:00:00
        Connection: Mock&lt;iCore.Public.Ftp.IFileTransferConnection:690a&gt;.Object
        OriginalFileName: file.name
        ProcessingFilePath: /directory/path/file.name
        IsImplicitlyCancellable: False
        LocalDirectory: C:\local_temp
        ProcessingFileName: file.name
        OriginalFilePath: /directory/path/file.name
        DeleteServerFile: False
}
61: WorkflowInstance "GetSftpFtpNextFileActivity" is Completed</StdOut>
      </Output>
    </UnitTestResult>
    <UnitTestResult executionId="2b0d189d-1af6-4fc7-960a-32884f984de9" testId="877946ba-fa5e-e787-6539-47b5080bcb84" testName="Invoke_AllArguments_FileModeCreatePassedToOpenFile" computerName="ICSWS068" duration="00:00:00.0084622" startTime="2016-08-04T09:59:10.6192556+02:00" endTime="2016-08-04T09:59:10.6288446+02:00" testType="13cdc9d9-ddb5-4fa4-a97d-d965ccfc6d4b" outcome="Passed" testListId="8c84fa94-04c1-424b-9868-57a2d4851a1d" relativeResultsDirectory="2b0d189d-1af6-4fc7-960a-32884f984de9">
      <Output>
        <StdOut>Debug Trace:
FileTransferPath.GetDirectoryName: path=/directory/path/file.name directorySeparator=
\directory\path: FileTransferPath.GetDirectoryName: Path.GetDirectoryName={0}
0: WorkflowInstance "GetSftpFtpNextFileActivity" is Started
1: Activity [null] "null" scheduled child activity [1] "GetSftpFtpNextFileActivity"
2: Activity [1] "GetSftpFtpNextFileActivity" is Executing
{
    Arguments
        LocalFileNameIn: localfile.txt
        RenameFile: False
        MoveFileTo: 
        ErrorOnTimeout: False
        SubscriptionId: b8655527-ee82-4238-9cf4-552dc8bb6b92
        Timeout: 00:00:00
        Connection: Mock&lt;iCore.Public.Ftp.IFileTransferConnection:19cb&gt;.Object
        IsImplicitlyCancellable: False
        LocalDirectory: C:\local_temp
        DeleteServerFile: False
}
3: Activity [1] "GetSftpFtpNextFileActivity" scheduled child activity [1.1] "Sequence"
4: Activity [1.1] "Sequence" is Executing
{
    Variables
        _1a25a75f_79d5_4484_98f9_c744c2b55c4d_115: System.IO.MemoryStream
        _1a25a75f_79d5_4484_98f9_c744c2b55c4d_116: localfile.txt
        _1a25a75f_79d5_4484_98f9_c744c2b55c4d_117: C:\local_temp\localfile.txt
}
5: Activity [1.1] "Sequence" scheduled child activity [1.81] "InternalGetNextFile1"
6: Activity [1.81] "InternalGetNextFile1" is Executing
{
    Arguments
        ErrorOnTimeout: False
        SubscriptionId: b8655527-ee82-4238-9cf4-552dc8bb6b92
        Timeout: 00:00:00
        IsImplicitlyCancellable: False
}
7: CustomTrackingRecord [1.81] "iCPSTraceTrackingRecord"
8: WorkflowInstance "GetSftpFtpNextFileActivity" is Idle
9: Bookmark "b400fd3d-f245-470f-b10d-016ce460b223" resumed with payload &lt;iCore.Workflow.Activities.Extensions.ItemSubscriptionEventArgs`1[iCore.Common.Utilities.FileSystemWatcher.FileInfoBase]&gt; owner [1.81] "InternalGetNextFile1"
10: Activity [1.81] "InternalGetNextFile1" is Closed
{
    Arguments
        ErrorOnTimeout: False
        SubscriptionId: b8655527-ee82-4238-9cf4-552dc8bb6b92
        FileName: file.name
        Timeout: 00:00:00
        IsImplicitlyCancellable: False
        FilePath: /directory/path/file.name
}
11: Activity [1.1] "Sequence" scheduled child activity [1.2] "If"
12: Activity [1.2] "If" is Executing
{
    Arguments
        Condition: True
}
13: Activity [1.2] "If" scheduled child activity [1.6] "TryCatch"
14: Activity [1.6] "TryCatch" is Executing
15: Activity [1.6] "TryCatch" scheduled child activity [1.10] "TrySequence1"
16: Activity [1.10] "TrySequence1" is Executing
17: Activity [1.10] "TrySequence1" scheduled child activity [1.75] "AssignProcessingFileName"
18: Activity [1.75] "AssignProcessingFileName" is Executing
{
    Arguments
        Value: file.name
}
19: Activity [1.75] "AssignProcessingFileName" is Closed
{
    Arguments
        Value: file.name
        To: file.name
}
20: Activity [1.10] "TrySequence1" scheduled child activity [1.68] "AssignProcessingFilePath"
21: Activity [1.68] "AssignProcessingFilePath" is Executing
{
    Arguments
        Value: /directory/path/file.name
}
22: Activity [1.68] "AssignProcessingFilePath" is Closed
{
    Arguments
        Value: /directory/path/file.name
        To: /directory/path/file.name
}
23: Activity [1.10] "TrySequence1" scheduled child activity [1.56] "IfRenameFile"
24: Activity [1.56] "IfRenameFile" is Executing
{
    Arguments
        Condition: False
}
25: Activity [1.56] "IfRenameFile" is Closed
{
    Arguments
        Condition: False
}
26: Activity [1.10] "TrySequence1" scheduled child activity [1.50] "SetLocalFileName"
27: Activity [1.50] "SetLocalFileName" is Executing
{
    Arguments
        Value: localfile.txt
}
28: Activity [1.50] "SetLocalFileName" is Closed
{
    Arguments
        Value: localfile.txt
        To: localfile.txt
}
29: Activity [1.10] "TrySequence1" scheduled child activity [1.44] "SetLocalFilePath"
30: Activity [1.44] "SetLocalFilePath" is Executing
{
    Arguments
        Value: C:\local_temp\localfile.txt
}
31: Activity [1.44] "SetLocalFilePath" is Closed
{
    Arguments
        Value: C:\local_temp\localfile.txt
        To: C:\local_temp\localfile.txt
}
32: Activity [1.10] "TrySequence1" scheduled child activity [1.36] "OpenFile1"
33: Activity [1.36] "OpenFile1" is Executing
{
    Arguments
        FileAccess: ReadWrite
        FileMode: Create
        FileName: C:\local_temp\localfile.txt
        FileShare: None
}
34: WorkflowInstance "GetSftpFtpNextFileActivity" is Idle
35: Activity [1.36] "OpenFile1" is Closed
{
    Arguments
        FileAccess: ReadWrite
        FileMode: Create
        FileName: C:\local_temp\localfile.txt
        Result: System.IO.MemoryStream
        FileShare: None
}
36: Activity [1.10] "TrySequence1" scheduled child activity [1.30] "DownloadSftpFtpFileToStream1"
37: Activity [1.30] "DownloadSftpFtpFileToStream1" is Executing
{
    Arguments
        DestinationStream: System.IO.MemoryStream
        SourceFilename: /directory/path/file.name
        Connection: Mock&lt;iCore.Public.Ftp.IFileTransferConnection:19cb&gt;.Object
}
38: WorkflowInstance "GetSftpFtpNextFileActivity" is Idle
39: Activity [1.30] "DownloadSftpFtpFileToStream1" is Closed
{
    Arguments
        DestinationStream: System.IO.MemoryStream
        SourceFilename: /directory/path/file.name
        Connection: Mock&lt;iCore.Public.Ftp.IFileTransferConnection:19cb&gt;.Object
}
40: Activity [1.10] "TrySequence1" scheduled child activity [1.21] "If"
41: Activity [1.21] "If" is Executing
{
    Arguments
        Condition: False
}
42: Activity [1.21] "If" is Closed
{
    Arguments
        Condition: False
}
43: Activity [1.10] "TrySequence1" scheduled child activity [1.16] "AssignLocalFileNameOut"
44: Activity [1.16] "AssignLocalFileNameOut" is Executing
{
    Arguments
        Value: localfile.txt
}
45: Activity [1.16] "AssignLocalFileNameOut" is Closed
{
    Arguments
        Value: localfile.txt
        To: localfile.txt
}
46: Activity [1.10] "TrySequence1" scheduled child activity [1.11] "AssignLocalFilePath"
47: Activity [1.11] "AssignLocalFilePath" is Executing
{
    Arguments
        Value: C:\local_temp\localfile.txt
}
48: Activity [1.11] "AssignLocalFilePath" is Closed
{
    Arguments
        Value: C:\local_temp\localfile.txt
        To: C:\local_temp\localfile.txt
}
49: Activity [1.10] "TrySequence1" is Closed
50: Activity [1.6] "TryCatch" scheduled child activity [1.7] "FinallySequence1"
51: Activity [1.7] "FinallySequence1" is Executing
52: Activity [1.7] "FinallySequence1" scheduled child activity [1.8] "CloseStream1"
53: Activity [1.8] "CloseStream1" is Executing
{
    Arguments
        Stream: System.IO.MemoryStream
}
54: WorkflowInstance "GetSftpFtpNextFileActivity" is Idle
55: Activity [1.8] "CloseStream1" is Closed
{
    Arguments
        Stream: System.IO.MemoryStream
}
56: Activity [1.7] "FinallySequence1" is Closed
57: Activity [1.6] "TryCatch" is Closed
58: Activity [1.2] "If" is Closed
{
    Arguments
        Condition: True
}
59: Activity [1.1] "Sequence" is Closed
{
    Variables
        _1a25a75f_79d5_4484_98f9_c744c2b55c4d_118: System.IO.MemoryStream
        _1a25a75f_79d5_4484_98f9_c744c2b55c4d_119: localfile.txt
        _1a25a75f_79d5_4484_98f9_c744c2b55c4d_120: C:\local_temp\localfile.txt
}
60: Activity [1] "GetSftpFtpNextFileActivity" is Closed
{
    Arguments
        LocalFileNameIn: localfile.txt
        LocalFileNameOut: localfile.txt
        RenameFile: False
        MoveFileTo: 
        LocalFilePath: C:\local_temp\localfile.txt
        ErrorOnTimeout: False
        SubscriptionId: b8655527-ee82-4238-9cf4-552dc8bb6b92
        Timeout: 00:00:00
        Connection: Mock&lt;iCore.Public.Ftp.IFileTransferConnection:19cb&gt;.Object
        OriginalFileName: file.name
        ProcessingFilePath: /directory/path/file.name
        IsImplicitlyCancellable: False
        LocalDirectory: C:\local_temp
        ProcessingFileName: file.name
        OriginalFilePath: /directory/path/file.name
        DeleteServerFile: False
}
61: WorkflowInstance "GetSftpFtpNextFileActivity" is Completed</StdOut>
      </Output>
    </UnitTestResult>
    <UnitTestResult executionId="f0c63457-68e1-4bd9-a7cc-b56e6246dd49" testId="6cef6cd0-a73a-85fb-095b-33e74d7bb614" testName="Invoke_AllArguments_FileShareNonePassedToOpenFile" computerName="ICSWS068" duration="00:00:00.0083737" startTime="2016-08-04T09:59:10.6318299+02:00" endTime="2016-08-04T09:59:10.6413963+02:00" testType="13cdc9d9-ddb5-4fa4-a97d-d965ccfc6d4b" outcome="Passed" testListId="8c84fa94-04c1-424b-9868-57a2d4851a1d" relativeResultsDirectory="f0c63457-68e1-4bd9-a7cc-b56e6246dd49">
      <Output>
        <StdOut>Debug Trace:
FileTransferPath.GetDirectoryName: path=/directory/path/file.name directorySeparator=
\directory\path: FileTransferPath.GetDirectoryName: Path.GetDirectoryName={0}
0: WorkflowInstance "GetSftpFtpNextFileActivity" is Started
1: Activity [null] "null" scheduled child activity [1] "GetSftpFtpNextFileActivity"
2: Activity [1] "GetSftpFtpNextFileActivity" is Executing
{
    Arguments
        LocalFileNameIn: localfile.txt
        RenameFile: False
        MoveFileTo: 
        ErrorOnTimeout: False
        SubscriptionId: 5fa2f90a-34ff-41b7-b38f-2fb3e93baf78
        Timeout: 00:00:00
        Connection: Mock&lt;iCore.Public.Ftp.IFileTransferConnection:d0c6&gt;.Object
        IsImplicitlyCancellable: False
        LocalDirectory: C:\local_temp
        DeleteServerFile: False
}
3: Activity [1] "GetSftpFtpNextFileActivity" scheduled child activity [1.1] "Sequence"
4: Activity [1.1] "Sequence" is Executing
{
    Variables
        _1a25a75f_79d5_4484_98f9_c744c2b55c4d_121: System.IO.MemoryStream
        _1a25a75f_79d5_4484_98f9_c744c2b55c4d_122: localfile.txt
        _1a25a75f_79d5_4484_98f9_c744c2b55c4d_123: C:\local_temp\localfile.txt
}
5: Activity [1.1] "Sequence" scheduled child activity [1.81] "InternalGetNextFile1"
6: Activity [1.81] "InternalGetNextFile1" is Executing
{
    Arguments
        ErrorOnTimeout: False
        SubscriptionId: 5fa2f90a-34ff-41b7-b38f-2fb3e93baf78
        Timeout: 00:00:00
        IsImplicitlyCancellable: False
}
7: CustomTrackingRecord [1.81] "iCPSTraceTrackingRecord"
8: WorkflowInstance "GetSftpFtpNextFileActivity" is Idle
9: Bookmark "89ee020c-051c-4c61-bfb9-25c1b8d3a012" resumed with payload &lt;iCore.Workflow.Activities.Extensions.ItemSubscriptionEventArgs`1[iCore.Common.Utilities.FileSystemWatcher.FileInfoBase]&gt; owner [1.81] "InternalGetNextFile1"
10: Activity [1.81] "InternalGetNextFile1" is Closed
{
    Arguments
        ErrorOnTimeout: False
        SubscriptionId: 5fa2f90a-34ff-41b7-b38f-2fb3e93baf78
        FileName: file.name
        Timeout: 00:00:00
        IsImplicitlyCancellable: False
        FilePath: /directory/path/file.name
}
11: Activity [1.1] "Sequence" scheduled child activity [1.2] "If"
12: Activity [1.2] "If" is Executing
{
    Arguments
        Condition: True
}
13: Activity [1.2] "If" scheduled child activity [1.6] "TryCatch"
14: Activity [1.6] "TryCatch" is Executing
15: Activity [1.6] "TryCatch" scheduled child activity [1.10] "TrySequence1"
16: Activity [1.10] "TrySequence1" is Executing
17: Activity [1.10] "TrySequence1" scheduled child activity [1.75] "AssignProcessingFileName"
18: Activity [1.75] "AssignProcessingFileName" is Executing
{
    Arguments
        Value: file.name
}
19: Activity [1.75] "AssignProcessingFileName" is Closed
{
    Arguments
        Value: file.name
        To: file.name
}
20: Activity [1.10] "TrySequence1" scheduled child activity [1.68] "AssignProcessingFilePath"
21: Activity [1.68] "AssignProcessingFilePath" is Executing
{
    Arguments
        Value: /directory/path/file.name
}
22: Activity [1.68] "AssignProcessingFilePath" is Closed
{
    Arguments
        Value: /directory/path/file.name
        To: /directory/path/file.name
}
23: Activity [1.10] "TrySequence1" scheduled child activity [1.56] "IfRenameFile"
24: Activity [1.56] "IfRenameFile" is Executing
{
    Arguments
        Condition: False
}
25: Activity [1.56] "IfRenameFile" is Closed
{
    Arguments
        Condition: False
}
26: Activity [1.10] "TrySequence1" scheduled child activity [1.50] "SetLocalFileName"
27: Activity [1.50] "SetLocalFileName" is Executing
{
    Arguments
        Value: localfile.txt
}
28: Activity [1.50] "SetLocalFileName" is Closed
{
    Arguments
        Value: localfile.txt
        To: localfile.txt
}
29: Activity [1.10] "TrySequence1" scheduled child activity [1.44] "SetLocalFilePath"
30: Activity [1.44] "SetLocalFilePath" is Executing
{
    Arguments
        Value: C:\local_temp\localfile.txt
}
31: Activity [1.44] "SetLocalFilePath" is Closed
{
    Arguments
        Value: C:\local_temp\localfile.txt
        To: C:\local_temp\localfile.txt
}
32: Activity [1.10] "TrySequence1" scheduled child activity [1.36] "OpenFile1"
33: Activity [1.36] "OpenFile1" is Executing
{
    Arguments
        FileAccess: ReadWrite
        FileMode: Create
        FileName: C:\local_temp\localfile.txt
        FileShare: None
}
34: WorkflowInstance "GetSftpFtpNextFileActivity" is Idle
35: Activity [1.36] "OpenFile1" is Closed
{
    Arguments
        FileAccess: ReadWrite
        FileMode: Create
        FileName: C:\local_temp\localfile.txt
        Result: System.IO.MemoryStream
        FileShare: None
}
36: Activity [1.10] "TrySequence1" scheduled child activity [1.30] "DownloadSftpFtpFileToStream1"
37: Activity [1.30] "DownloadSftpFtpFileToStream1" is Executing
{
    Arguments
        DestinationStream: System.IO.MemoryStream
        SourceFilename: /directory/path/file.name
        Connection: Mock&lt;iCore.Public.Ftp.IFileTransferConnection:d0c6&gt;.Object
}
38: WorkflowInstance "GetSftpFtpNextFileActivity" is Idle
39: Activity [1.30] "DownloadSftpFtpFileToStream1" is Closed
{
    Arguments
        DestinationStream: System.IO.MemoryStream
        SourceFilename: /directory/path/file.name
        Connection: Mock&lt;iCore.Public.Ftp.IFileTransferConnection:d0c6&gt;.Object
}
40: Activity [1.10] "TrySequence1" scheduled child activity [1.21] "If"
41: Activity [1.21] "If" is Executing
{
    Arguments
        Condition: False
}
42: Activity [1.21] "If" is Closed
{
    Arguments
        Condition: False
}
43: Activity [1.10] "TrySequence1" scheduled child activity [1.16] "AssignLocalFileNameOut"
44: Activity [1.16] "AssignLocalFileNameOut" is Executing
{
    Arguments
        Value: localfile.txt
}
45: Activity [1.16] "AssignLocalFileNameOut" is Closed
{
    Arguments
        Value: localfile.txt
        To: localfile.txt
}
46: Activity [1.10] "TrySequence1" scheduled child activity [1.11] "AssignLocalFilePath"
47: Activity [1.11] "AssignLocalFilePath" is Executing
{
    Arguments
        Value: C:\local_temp\localfile.txt
}
48: Activity [1.11] "AssignLocalFilePath" is Closed
{
    Arguments
        Value: C:\local_temp\localfile.txt
        To: C:\local_temp\localfile.txt
}
49: Activity [1.10] "TrySequence1" is Closed
50: Activity [1.6] "TryCatch" scheduled child activity [1.7] "FinallySequence1"
51: Activity [1.7] "FinallySequence1" is Executing
52: Activity [1.7] "FinallySequence1" scheduled child activity [1.8] "CloseStream1"
53: Activity [1.8] "CloseStream1" is Executing
{
    Arguments
        Stream: System.IO.MemoryStream
}
54: WorkflowInstance "GetSftpFtpNextFileActivity" is Idle
55: Activity [1.8] "CloseStream1" is Closed
{
    Arguments
        Stream: System.IO.MemoryStream
}
56: Activity [1.7] "FinallySequence1" is Closed
57: Activity [1.6] "TryCatch" is Closed
58: Activity [1.2] "If" is Closed
{
    Arguments
        Condition: True
}
59: Activity [1.1] "Sequence" is Closed
{
    Variables
        _1a25a75f_79d5_4484_98f9_c744c2b55c4d_124: System.IO.MemoryStream
        _1a25a75f_79d5_4484_98f9_c744c2b55c4d_125: localfile.txt
        _1a25a75f_79d5_4484_98f9_c744c2b55c4d_126: C:\local_temp\localfile.txt
}
60: Activity [1] "GetSftpFtpNextFileActivity" is Closed
{
    Arguments
        LocalFileNameIn: localfile.txt
        LocalFileNameOut: localfile.txt
        RenameFile: False
        MoveFileTo: 
        LocalFilePath: C:\local_temp\localfile.txt
        ErrorOnTimeout: False
        SubscriptionId: 5fa2f90a-34ff-41b7-b38f-2fb3e93baf78
        Timeout: 00:00:00
        Connection: Mock&lt;iCore.Public.Ftp.IFileTransferConnection:d0c6&gt;.Object
        OriginalFileName: file.name
        ProcessingFilePath: /directory/path/file.name
        IsImplicitlyCancellable: False
        LocalDirectory: C:\local_temp
        ProcessingFileName: file.name
        OriginalFilePath: /directory/path/file.name
        DeleteServerFile: False
}
61: WorkflowInstance "GetSftpFtpNextFileActivity" is Completed</StdOut>
      </Output>
    </UnitTestResult>
    <UnitTestResult executionId="595eb6d1-2abe-4314-b094-e1c6cb2cd1b9" testId="9f6bb50e-1fc1-2ccf-9212-fe280e8d7fd2" testName="Invoke_AllArguments_ConnectionPassedToDownload" computerName="ICSWS068" duration="00:00:00.0108956" startTime="2016-08-04T09:59:10.6439033+02:00" endTime="2016-08-04T09:59:10.6569133+02:00" testType="13cdc9d9-ddb5-4fa4-a97d-d965ccfc6d4b" outcome="Passed" testListId="8c84fa94-04c1-424b-9868-57a2d4851a1d" relativeResultsDirectory="595eb6d1-2abe-4314-b094-e1c6cb2cd1b9">
      <Output>
        <StdOut>Debug Trace:
FileTransferPath.GetDirectoryName: path=/directory/path/file.name directorySeparator=
\directory\path: FileTransferPath.GetDirectoryName: Path.GetDirectoryName={0}
0: WorkflowInstance "GetSftpFtpNextFileActivity" is Started
1: Activity [null] "null" scheduled child activity [1] "GetSftpFtpNextFileActivity"
2: Activity [1] "GetSftpFtpNextFileActivity" is Executing
{
    Arguments
        LocalFileNameIn: localfile.txt
        RenameFile: False
        MoveFileTo: 
        ErrorOnTimeout: False
        SubscriptionId: 1950f847-0969-475e-a3a6-dbd3d6ee8edb
        Timeout: 00:00:00
        Connection: Mock&lt;iCore.Public.Ftp.IFileTransferConnection:a6bf&gt;.Object
        IsImplicitlyCancellable: False
        LocalDirectory: C:\local_temp
        DeleteServerFile: False
}
3: Activity [1] "GetSftpFtpNextFileActivity" scheduled child activity [1.1] "Sequence"
4: Activity [1.1] "Sequence" is Executing
{
    Variables
        _1a25a75f_79d5_4484_98f9_c744c2b55c4d_127: System.IO.MemoryStream
        _1a25a75f_79d5_4484_98f9_c744c2b55c4d_128: localfile.txt
        _1a25a75f_79d5_4484_98f9_c744c2b55c4d_129: C:\local_temp\localfile.txt
}
5: Activity [1.1] "Sequence" scheduled child activity [1.81] "InternalGetNextFile1"
6: Activity [1.81] "InternalGetNextFile1" is Executing
{
    Arguments
        ErrorOnTimeout: False
        SubscriptionId: 1950f847-0969-475e-a3a6-dbd3d6ee8edb
        Timeout: 00:00:00
        IsImplicitlyCancellable: False
}
7: CustomTrackingRecord [1.81] "iCPSTraceTrackingRecord"
8: WorkflowInstance "GetSftpFtpNextFileActivity" is Idle
9: Bookmark "0417c57a-c6dd-4d15-983a-1427364e3b28" resumed with payload &lt;iCore.Workflow.Activities.Extensions.ItemSubscriptionEventArgs`1[iCore.Common.Utilities.FileSystemWatcher.FileInfoBase]&gt; owner [1.81] "InternalGetNextFile1"
10: Activity [1.81] "InternalGetNextFile1" is Closed
{
    Arguments
        ErrorOnTimeout: False
        SubscriptionId: 1950f847-0969-475e-a3a6-dbd3d6ee8edb
        FileName: file.name
        Timeout: 00:00:00
        IsImplicitlyCancellable: False
        FilePath: /directory/path/file.name
}
11: Activity [1.1] "Sequence" scheduled child activity [1.2] "If"
12: Activity [1.2] "If" is Executing
{
    Arguments
        Condition: True
}
13: Activity [1.2] "If" scheduled child activity [1.6] "TryCatch"
14: Activity [1.6] "TryCatch" is Executing
15: Activity [1.6] "TryCatch" scheduled child activity [1.10] "TrySequence1"
16: Activity [1.10] "TrySequence1" is Executing
17: Activity [1.10] "TrySequence1" scheduled child activity [1.75] "AssignProcessingFileName"
18: Activity [1.75] "AssignProcessingFileName" is Executing
{
    Arguments
        Value: file.name
}
19: Activity [1.75] "AssignProcessingFileName" is Closed
{
    Arguments
        Value: file.name
        To: file.name
}
20: Activity [1.10] "TrySequence1" scheduled child activity [1.68] "AssignProcessingFilePath"
21: Activity [1.68] "AssignProcessingFilePath" is Executing
{
    Arguments
        Value: /directory/path/file.name
}
22: Activity [1.68] "AssignProcessingFilePath" is Closed
{
    Arguments
        Value: /directory/path/file.name
        To: /directory/path/file.name
}
23: Activity [1.10] "TrySequence1" scheduled child activity [1.56] "IfRenameFile"
24: Activity [1.56] "IfRenameFile" is Executing
{
    Arguments
        Condition: False
}
25: Activity [1.56] "IfRenameFile" is Closed
{
    Arguments
        Condition: False
}
26: Activity [1.10] "TrySequence1" scheduled child activity [1.50] "SetLocalFileName"
27: Activity [1.50] "SetLocalFileName" is Executing
{
    Arguments
        Value: localfile.txt
}
28: Activity [1.50] "SetLocalFileName" is Closed
{
    Arguments
        Value: localfile.txt
        To: localfile.txt
}
29: Activity [1.10] "TrySequence1" scheduled child activity [1.44] "SetLocalFilePath"
30: Activity [1.44] "SetLocalFilePath" is Executing
{
    Arguments
        Value: C:\local_temp\localfile.txt
}
31: Activity [1.44] "SetLocalFilePath" is Closed
{
    Arguments
        Value: C:\local_temp\localfile.txt
        To: C:\local_temp\localfile.txt
}
32: Activity [1.10] "TrySequence1" scheduled child activity [1.36] "OpenFile1"
33: Activity [1.36] "OpenFile1" is Executing
{
    Arguments
        FileAccess: ReadWrite
        FileMode: Create
        FileName: C:\local_temp\localfile.txt
        FileShare: None
}
34: WorkflowInstance "GetSftpFtpNextFileActivity" is Idle
35: Activity [1.36] "OpenFile1" is Closed
{
    Arguments
        FileAccess: ReadWrite
        FileMode: Create
        FileName: C:\local_temp\localfile.txt
        Result: System.IO.MemoryStream
        FileShare: None
}
36: Activity [1.10] "TrySequence1" scheduled child activity [1.30] "DownloadSftpFtpFileToStream1"
37: Activity [1.30] "DownloadSftpFtpFileToStream1" is Executing
{
    Arguments
        DestinationStream: System.IO.MemoryStream
        SourceFilename: /directory/path/file.name
        Connection: Mock&lt;iCore.Public.Ftp.IFileTransferConnection:a6bf&gt;.Object
}
38: WorkflowInstance "GetSftpFtpNextFileActivity" is Idle
39: Activity [1.30] "DownloadSftpFtpFileToStream1" is Closed
{
    Arguments
        DestinationStream: System.IO.MemoryStream
        SourceFilename: /directory/path/file.name
        Connection: Mock&lt;iCore.Public.Ftp.IFileTransferConnection:a6bf&gt;.Object
}
40: Activity [1.10] "TrySequence1" scheduled child activity [1.21] "If"
41: Activity [1.21] "If" is Executing
{
    Arguments
        Condition: False
}
42: Activity [1.21] "If" is Closed
{
    Arguments
        Condition: False
}
43: Activity [1.10] "TrySequence1" scheduled child activity [1.16] "AssignLocalFileNameOut"
44: Activity [1.16] "AssignLocalFileNameOut" is Executing
{
    Arguments
        Value: localfile.txt
}
45: Activity [1.16] "AssignLocalFileNameOut" is Closed
{
    Arguments
        Value: localfile.txt
        To: localfile.txt
}
46: Activity [1.10] "TrySequence1" scheduled child activity [1.11] "AssignLocalFilePath"
47: Activity [1.11] "AssignLocalFilePath" is Executing
{
    Arguments
        Value: C:\local_temp\localfile.txt
}
48: Activity [1.11] "AssignLocalFilePath" is Closed
{
    Arguments
        Value: C:\local_temp\localfile.txt
        To: C:\local_temp\localfile.txt
}
49: Activity [1.10] "TrySequence1" is Closed
50: Activity [1.6] "TryCatch" scheduled child activity [1.7] "FinallySequence1"
51: Activity [1.7] "FinallySequence1" is Executing
52: Activity [1.7] "FinallySequence1" scheduled child activity [1.8] "CloseStream1"
53: Activity [1.8] "CloseStream1" is Executing
{
    Arguments
        Stream: System.IO.MemoryStream
}
54: WorkflowInstance "GetSftpFtpNextFileActivity" is Idle
55: Activity [1.8] "CloseStream1" is Closed
{
    Arguments
        Stream: System.IO.MemoryStream
}
56: Activity [1.7] "FinallySequence1" is Closed
57: Activity [1.6] "TryCatch" is Closed
58: Activity [1.2] "If" is Closed
{
    Arguments
        Condition: True
}
59: Activity [1.1] "Sequence" is Closed
{
    Variables
        _1a25a75f_79d5_4484_98f9_c744c2b55c4d_130: System.IO.MemoryStream
        _1a25a75f_79d5_4484_98f9_c744c2b55c4d_131: localfile.txt
        _1a25a75f_79d5_4484_98f9_c744c2b55c4d_132: C:\local_temp\localfile.txt
}
60: Activity [1] "GetSftpFtpNextFileActivity" is Closed
{
    Arguments
        LocalFileNameIn: localfile.txt
        LocalFileNameOut: localfile.txt
        RenameFile: False
        MoveFileTo: 
        LocalFilePath: C:\local_temp\localfile.txt
        ErrorOnTimeout: False
        SubscriptionId: 1950f847-0969-475e-a3a6-dbd3d6ee8edb
        Timeout: 00:00:00
        Connection: Mock&lt;iCore.Public.Ftp.IFileTransferConnection:a6bf&gt;.Object
        OriginalFileName: file.name
        ProcessingFilePath: /directory/path/file.name
        IsImplicitlyCancellable: False
        LocalDirectory: C:\local_temp
        ProcessingFileName: file.name
        OriginalFilePath: /directory/path/file.name
        DeleteServerFile: False
}
61: WorkflowInstance "GetSftpFtpNextFileActivity" is Completed</StdOut>
      </Output>
    </UnitTestResult>
    <UnitTestResult executionId="c0efd991-2c23-4928-ab96-cae7d429644d" testId="232aab9d-c2fa-4c95-edad-26faa19021fa" testName="Invoke_AllArguments_ConnectionPassedToDelete" computerName="ICSWS068" duration="00:00:00.0105912" startTime="2016-08-04T09:59:10.6614165+02:00" endTime="2016-08-04T09:59:10.6734239+02:00" testType="13cdc9d9-ddb5-4fa4-a97d-d965ccfc6d4b" outcome="Passed" testListId="8c84fa94-04c1-424b-9868-57a2d4851a1d" relativeResultsDirectory="c0efd991-2c23-4928-ab96-cae7d429644d">
      <Output>
        <StdOut>Debug Trace:
FileTransferPath.GetDirectoryName: path=/directory/path/file.name directorySeparator=
\directory\path: FileTransferPath.GetDirectoryName: Path.GetDirectoryName={0}
0: WorkflowInstance "GetSftpFtpNextFileActivity" is Started
1: Activity [null] "null" scheduled child activity [1] "GetSftpFtpNextFileActivity"
2: Activity [1] "GetSftpFtpNextFileActivity" is Executing
{
    Arguments
        LocalFileNameIn: localfile.txt
        RenameFile: False
        MoveFileTo: 
        ErrorOnTimeout: False
        SubscriptionId: 4deb0e70-12bf-4591-99c3-a2db53557b6f
        Timeout: 00:00:00
        Connection: Mock&lt;iCore.Public.Ftp.IFileTransferConnection:9254&gt;.Object
        IsImplicitlyCancellable: False
        LocalDirectory: C:\local_temp
        DeleteServerFile: True
}
3: Activity [1] "GetSftpFtpNextFileActivity" scheduled child activity [1.1] "Sequence"
4: Activity [1.1] "Sequence" is Executing
{
    Variables
        _1a25a75f_79d5_4484_98f9_c744c2b55c4d_133: System.IO.MemoryStream
        _1a25a75f_79d5_4484_98f9_c744c2b55c4d_134: localfile.txt
        _1a25a75f_79d5_4484_98f9_c744c2b55c4d_135: C:\local_temp\localfile.txt
}
5: Activity [1.1] "Sequence" scheduled child activity [1.81] "InternalGetNextFile1"
6: Activity [1.81] "InternalGetNextFile1" is Executing
{
    Arguments
        ErrorOnTimeout: False
        SubscriptionId: 4deb0e70-12bf-4591-99c3-a2db53557b6f
        Timeout: 00:00:00
        IsImplicitlyCancellable: False
}
7: CustomTrackingRecord [1.81] "iCPSTraceTrackingRecord"
8: WorkflowInstance "GetSftpFtpNextFileActivity" is Idle
9: Bookmark "6e4bc812-cc65-42b2-b0c9-7f9dd0e291e0" resumed with payload &lt;iCore.Workflow.Activities.Extensions.ItemSubscriptionEventArgs`1[iCore.Common.Utilities.FileSystemWatcher.FileInfoBase]&gt; owner [1.81] "InternalGetNextFile1"
10: Activity [1.81] "InternalGetNextFile1" is Closed
{
    Arguments
        ErrorOnTimeout: False
        SubscriptionId: 4deb0e70-12bf-4591-99c3-a2db53557b6f
        FileName: file.name
        Timeout: 00:00:00
        IsImplicitlyCancellable: False
        FilePath: /directory/path/file.name
}
11: Activity [1.1] "Sequence" scheduled child activity [1.2] "If"
12: Activity [1.2] "If" is Executing
{
    Arguments
        Condition: True
}
13: Activity [1.2] "If" scheduled child activity [1.6] "TryCatch"
14: Activity [1.6] "TryCatch" is Executing
15: Activity [1.6] "TryCatch" scheduled child activity [1.10] "TrySequence1"
16: Activity [1.10] "TrySequence1" is Executing
17: Activity [1.10] "TrySequence1" scheduled child activity [1.75] "AssignProcessingFileName"
18: Activity [1.75] "AssignProcessingFileName" is Executing
{
    Arguments
        Value: file.name
}
19: Activity [1.75] "AssignProcessingFileName" is Closed
{
    Arguments
        Value: file.name
        To: file.name
}
20: Activity [1.10] "TrySequence1" scheduled child activity [1.68] "AssignProcessingFilePath"
21: Activity [1.68] "AssignProcessingFilePath" is Executing
{
    Arguments
        Value: /directory/path/file.name
}
22: Activity [1.68] "AssignProcessingFilePath" is Closed
{
    Arguments
        Value: /directory/path/file.name
        To: /directory/path/file.name
}
23: Activity [1.10] "TrySequence1" scheduled child activity [1.56] "IfRenameFile"
24: Activity [1.56] "IfRenameFile" is Executing
{
    Arguments
        Condition: False
}
25: Activity [1.56] "IfRenameFile" is Closed
{
    Arguments
        Condition: False
}
26: Activity [1.10] "TrySequence1" scheduled child activity [1.50] "SetLocalFileName"
27: Activity [1.50] "SetLocalFileName" is Executing
{
    Arguments
        Value: localfile.txt
}
28: Activity [1.50] "SetLocalFileName" is Closed
{
    Arguments
        Value: localfile.txt
        To: localfile.txt
}
29: Activity [1.10] "TrySequence1" scheduled child activity [1.44] "SetLocalFilePath"
30: Activity [1.44] "SetLocalFilePath" is Executing
{
    Arguments
        Value: C:\local_temp\localfile.txt
}
31: Activity [1.44] "SetLocalFilePath" is Closed
{
    Arguments
        Value: C:\local_temp\localfile.txt
        To: C:\local_temp\localfile.txt
}
32: Activity [1.10] "TrySequence1" scheduled child activity [1.36] "OpenFile1"
33: Activity [1.36] "OpenFile1" is Executing
{
    Arguments
        FileAccess: ReadWrite
        FileMode: Create
        FileName: C:\local_temp\localfile.txt
        FileShare: None
}
34: WorkflowInstance "GetSftpFtpNextFileActivity" is Idle
35: Activity [1.36] "OpenFile1" is Closed
{
    Arguments
        FileAccess: ReadWrite
        FileMode: Create
        FileName: C:\local_temp\localfile.txt
        Result: System.IO.MemoryStream
        FileShare: None
}
36: Activity [1.10] "TrySequence1" scheduled child activity [1.30] "DownloadSftpFtpFileToStream1"
37: Activity [1.30] "DownloadSftpFtpFileToStream1" is Executing
{
    Arguments
        DestinationStream: System.IO.MemoryStream
        SourceFilename: /directory/path/file.name
        Connection: Mock&lt;iCore.Public.Ftp.IFileTransferConnection:9254&gt;.Object
}
38: WorkflowInstance "GetSftpFtpNextFileActivity" is Idle
39: Activity [1.30] "DownloadSftpFtpFileToStream1" is Closed
{
    Arguments
        DestinationStream: System.IO.MemoryStream
        SourceFilename: /directory/path/file.name
        Connection: Mock&lt;iCore.Public.Ftp.IFileTransferConnection:9254&gt;.Object
}
40: Activity [1.10] "TrySequence1" scheduled child activity [1.21] "If"
41: Activity [1.21] "If" is Executing
{
    Arguments
        Condition: True
}
42: Activity [1.21] "If" scheduled child activity [1.24] "DeleteSftpFtpFile1"
43: Activity [1.24] "DeleteSftpFtpFile1" is Executing
{
    Arguments
        Connection: Mock&lt;iCore.Public.Ftp.IFileTransferConnection:9254&gt;.Object
        Filename: /directory/path/file.name
        ErrorOnNoFile: False
}
44: WorkflowInstance "GetSftpFtpNextFileActivity" is Idle
45: Activity [1.24] "DeleteSftpFtpFile1" is Closed
{
    Arguments
        Connection: Mock&lt;iCore.Public.Ftp.IFileTransferConnection:9254&gt;.Object
        Filename: /directory/path/file.name
        ErrorOnNoFile: False
}
46: Activity [1.21] "If" is Closed
{
    Arguments
        Condition: True
}
47: Activity [1.10] "TrySequence1" scheduled child activity [1.16] "AssignLocalFileNameOut"
48: Activity [1.16] "AssignLocalFileNameOut" is Executing
{
    Arguments
        Value: localfile.txt
}
49: Activity [1.16] "AssignLocalFileNameOut" is Closed
{
    Arguments
        Value: localfile.txt
        To: localfile.txt
}
50: Activity [1.10] "TrySequence1" scheduled child activity [1.11] "AssignLocalFilePath"
51: Activity [1.11] "AssignLocalFilePath" is Executing
{
    Arguments
        Value: C:\local_temp\localfile.txt
}
52: Activity [1.11] "AssignLocalFilePath" is Closed
{
    Arguments
        Value: C:\local_temp\localfile.txt
        To: C:\local_temp\localfile.txt
}
53: Activity [1.10] "TrySequence1" is Closed
54: Activity [1.6] "TryCatch" scheduled child activity [1.7] "FinallySequence1"
55: Activity [1.7] "FinallySequence1" is Executing
56: Activity [1.7] "FinallySequence1" scheduled child activity [1.8] "CloseStream1"
57: Activity [1.8] "CloseStream1" is Executing
{
    Arguments
        Stream: System.IO.MemoryStream
}
58: WorkflowInstance "GetSftpFtpNextFileActivity" is Idle
59: Activity [1.8] "CloseStream1" is Closed
{
    Arguments
        Stream: System.IO.MemoryStream
}
60: Activity [1.7] "FinallySequence1" is Closed
61: Activity [1.6] "TryCatch" is Closed
62: Activity [1.2] "If" is Closed
{
    Arguments
        Condition: True
}
63: Activity [1.1] "Sequence" is Closed
{
    Variables
        _1a25a75f_79d5_4484_98f9_c744c2b55c4d_136: System.IO.MemoryStream
        _1a25a75f_79d5_4484_98f9_c744c2b55c4d_137: localfile.txt
        _1a25a75f_79d5_4484_98f9_c744c2b55c4d_138: C:\local_temp\localfile.txt
}
64: Activity [1] "GetSftpFtpNextFileActivity" is Closed
{
    Arguments
        LocalFileNameIn: localfile.txt
        LocalFileNameOut: localfile.txt
        RenameFile: False
        MoveFileTo: 
        LocalFilePath: C:\local_temp\localfile.txt
        ErrorOnTimeout: False
        SubscriptionId: 4deb0e70-12bf-4591-99c3-a2db53557b6f
        Timeout: 00:00:00
        Connection: Mock&lt;iCore.Public.Ftp.IFileTransferConnection:9254&gt;.Object
        OriginalFileName: file.name
        ProcessingFilePath: /directory/path/file.name
        IsImplicitlyCancellable: False
        LocalDirectory: C:\local_temp
        ProcessingFileName: file.name
        OriginalFilePath: /directory/path/file.name
        DeleteServerFile: True
}
65: WorkflowInstance "GetSftpFtpNextFileActivity" is Completed</StdOut>
      </Output>
    </UnitTestResult>
    <UnitTestResult executionId="10dfbed2-ca29-4029-b276-74ba76af0c6a" testId="c5e43791-a999-a57c-f740-d85fd7ce1a5a" testName="Invoke_AllArguments_ErrorOnNoFilePassedToDelete" computerName="ICSWS068" duration="00:00:00.0091082" startTime="2016-08-04T09:59:10.6764268+02:00" endTime="2016-08-04T09:59:10.6871512+02:00" testType="13cdc9d9-ddb5-4fa4-a97d-d965ccfc6d4b" outcome="Passed" testListId="8c84fa94-04c1-424b-9868-57a2d4851a1d" relativeResultsDirectory="10dfbed2-ca29-4029-b276-74ba76af0c6a">
      <Output>
        <StdOut>Debug Trace:
FileTransferPath.GetDirectoryName: path=/directory/path/file.name directorySeparator=
\directory\path: FileTransferPath.GetDirectoryName: Path.GetDirectoryName={0}
0: WorkflowInstance "GetSftpFtpNextFileActivity" is Started
1: Activity [null] "null" scheduled child activity [1] "GetSftpFtpNextFileActivity"
2: Activity [1] "GetSftpFtpNextFileActivity" is Executing
{
    Arguments
        LocalFileNameIn: localfile.txt
        RenameFile: False
        MoveFileTo: 
        ErrorOnTimeout: False
        SubscriptionId: 28afd405-e08a-46d2-8523-5e4e05b13866
        Timeout: 00:00:00
        Connection: Mock&lt;iCore.Public.Ftp.IFileTransferConnection:04e5&gt;.Object
        IsImplicitlyCancellable: False
        LocalDirectory: C:\local_temp
        DeleteServerFile: True
}
3: Activity [1] "GetSftpFtpNextFileActivity" scheduled child activity [1.1] "Sequence"
4: Activity [1.1] "Sequence" is Executing
{
    Variables
        _1a25a75f_79d5_4484_98f9_c744c2b55c4d_139: System.IO.MemoryStream
        _1a25a75f_79d5_4484_98f9_c744c2b55c4d_140: localfile.txt
        _1a25a75f_79d5_4484_98f9_c744c2b55c4d_141: C:\local_temp\localfile.txt
}
5: Activity [1.1] "Sequence" scheduled child activity [1.81] "InternalGetNextFile1"
6: Activity [1.81] "InternalGetNextFile1" is Executing
{
    Arguments
        ErrorOnTimeout: False
        SubscriptionId: 28afd405-e08a-46d2-8523-5e4e05b13866
        Timeout: 00:00:00
        IsImplicitlyCancellable: False
}
7: CustomTrackingRecord [1.81] "iCPSTraceTrackingRecord"
8: WorkflowInstance "GetSftpFtpNextFileActivity" is Idle
9: Bookmark "e8692503-8db0-415a-9a8d-255c463dfde5" resumed with payload &lt;iCore.Workflow.Activities.Extensions.ItemSubscriptionEventArgs`1[iCore.Common.Utilities.FileSystemWatcher.FileInfoBase]&gt; owner [1.81] "InternalGetNextFile1"
10: Activity [1.81] "InternalGetNextFile1" is Closed
{
    Arguments
        ErrorOnTimeout: False
        SubscriptionId: 28afd405-e08a-46d2-8523-5e4e05b13866
        FileName: file.name
        Timeout: 00:00:00
        IsImplicitlyCancellable: False
        FilePath: /directory/path/file.name
}
11: Activity [1.1] "Sequence" scheduled child activity [1.2] "If"
12: Activity [1.2] "If" is Executing
{
    Arguments
        Condition: True
}
13: Activity [1.2] "If" scheduled child activity [1.6] "TryCatch"
14: Activity [1.6] "TryCatch" is Executing
15: Activity [1.6] "TryCatch" scheduled child activity [1.10] "TrySequence1"
16: Activity [1.10] "TrySequence1" is Executing
17: Activity [1.10] "TrySequence1" scheduled child activity [1.75] "AssignProcessingFileName"
18: Activity [1.75] "AssignProcessingFileName" is Executing
{
    Arguments
        Value: file.name
}
19: Activity [1.75] "AssignProcessingFileName" is Closed
{
    Arguments
        Value: file.name
        To: file.name
}
20: Activity [1.10] "TrySequence1" scheduled child activity [1.68] "AssignProcessingFilePath"
21: Activity [1.68] "AssignProcessingFilePath" is Executing
{
    Arguments
        Value: /directory/path/file.name
}
22: Activity [1.68] "AssignProcessingFilePath" is Closed
{
    Arguments
        Value: /directory/path/file.name
        To: /directory/path/file.name
}
23: Activity [1.10] "TrySequence1" scheduled child activity [1.56] "IfRenameFile"
24: Activity [1.56] "IfRenameFile" is Executing
{
    Arguments
        Condition: False
}
25: Activity [1.56] "IfRenameFile" is Closed
{
    Arguments
        Condition: False
}
26: Activity [1.10] "TrySequence1" scheduled child activity [1.50] "SetLocalFileName"
27: Activity [1.50] "SetLocalFileName" is Executing
{
    Arguments
        Value: localfile.txt
}
28: Activity [1.50] "SetLocalFileName" is Closed
{
    Arguments
        Value: localfile.txt
        To: localfile.txt
}
29: Activity [1.10] "TrySequence1" scheduled child activity [1.44] "SetLocalFilePath"
30: Activity [1.44] "SetLocalFilePath" is Executing
{
    Arguments
        Value: C:\local_temp\localfile.txt
}
31: Activity [1.44] "SetLocalFilePath" is Closed
{
    Arguments
        Value: C:\local_temp\localfile.txt
        To: C:\local_temp\localfile.txt
}
32: Activity [1.10] "TrySequence1" scheduled child activity [1.36] "OpenFile1"
33: Activity [1.36] "OpenFile1" is Executing
{
    Arguments
        FileAccess: ReadWrite
        FileMode: Create
        FileName: C:\local_temp\localfile.txt
        FileShare: None
}
34: WorkflowInstance "GetSftpFtpNextFileActivity" is Idle
35: Activity [1.36] "OpenFile1" is Closed
{
    Arguments
        FileAccess: ReadWrite
        FileMode: Create
        FileName: C:\local_temp\localfile.txt
        Result: System.IO.MemoryStream
        FileShare: None
}
36: Activity [1.10] "TrySequence1" scheduled child activity [1.30] "DownloadSftpFtpFileToStream1"
37: Activity [1.30] "DownloadSftpFtpFileToStream1" is Executing
{
    Arguments
        DestinationStream: System.IO.MemoryStream
        SourceFilename: /directory/path/file.name
        Connection: Mock&lt;iCore.Public.Ftp.IFileTransferConnection:04e5&gt;.Object
}
38: WorkflowInstance "GetSftpFtpNextFileActivity" is Idle
39: Activity [1.30] "DownloadSftpFtpFileToStream1" is Closed
{
    Arguments
        DestinationStream: System.IO.MemoryStream
        SourceFilename: /directory/path/file.name
        Connection: Mock&lt;iCore.Public.Ftp.IFileTransferConnection:04e5&gt;.Object
}
40: Activity [1.10] "TrySequence1" scheduled child activity [1.21] "If"
41: Activity [1.21] "If" is Executing
{
    Arguments
        Condition: True
}
42: Activity [1.21] "If" scheduled child activity [1.24] "DeleteSftpFtpFile1"
43: Activity [1.24] "DeleteSftpFtpFile1" is Executing
{
    Arguments
        Connection: Mock&lt;iCore.Public.Ftp.IFileTransferConnection:04e5&gt;.Object
        Filename: /directory/path/file.name
        ErrorOnNoFile: False
}
44: WorkflowInstance "GetSftpFtpNextFileActivity" is Idle
45: Activity [1.24] "DeleteSftpFtpFile1" is Closed
{
    Arguments
        Connection: Mock&lt;iCore.Public.Ftp.IFileTransferConnection:04e5&gt;.Object
        Filename: /directory/path/file.name
        ErrorOnNoFile: False
}
46: Activity [1.21] "If" is Closed
{
    Arguments
        Condition: True
}
47: Activity [1.10] "TrySequence1" scheduled child activity [1.16] "AssignLocalFileNameOut"
48: Activity [1.16] "AssignLocalFileNameOut" is Executing
{
    Arguments
        Value: localfile.txt
}
49: Activity [1.16] "AssignLocalFileNameOut" is Closed
{
    Arguments
        Value: localfile.txt
        To: localfile.txt
}
50: Activity [1.10] "TrySequence1" scheduled child activity [1.11] "AssignLocalFilePath"
51: Activity [1.11] "AssignLocalFilePath" is Executing
{
    Arguments
        Value: C:\local_temp\localfile.txt
}
52: Activity [1.11] "AssignLocalFilePath" is Closed
{
    Arguments
        Value: C:\local_temp\localfile.txt
        To: C:\local_temp\localfile.txt
}
53: Activity [1.10] "TrySequence1" is Closed
54: Activity [1.6] "TryCatch" scheduled child activity [1.7] "FinallySequence1"
55: Activity [1.7] "FinallySequence1" is Executing
56: Activity [1.7] "FinallySequence1" scheduled child activity [1.8] "CloseStream1"
57: Activity [1.8] "CloseStream1" is Executing
{
    Arguments
        Stream: System.IO.MemoryStream
}
58: WorkflowInstance "GetSftpFtpNextFileActivity" is Idle
59: Activity [1.8] "CloseStream1" is Closed
{
    Arguments
        Stream: System.IO.MemoryStream
}
60: Activity [1.7] "FinallySequence1" is Closed
61: Activity [1.6] "TryCatch" is Closed
62: Activity [1.2] "If" is Closed
{
    Arguments
        Condition: True
}
63: Activity [1.1] "Sequence" is Closed
{
    Variables
        _1a25a75f_79d5_4484_98f9_c744c2b55c4d_142: System.IO.MemoryStream
        _1a25a75f_79d5_4484_98f9_c744c2b55c4d_143: localfile.txt
        _1a25a75f_79d5_4484_98f9_c744c2b55c4d_144: C:\local_temp\localfile.txt
}
64: Activity [1] "GetSftpFtpNextFileActivity" is Closed
{
    Arguments
        LocalFileNameIn: localfile.txt
        LocalFileNameOut: localfile.txt
        RenameFile: False
        MoveFileTo: 
        LocalFilePath: C:\local_temp\localfile.txt
        ErrorOnTimeout: False
        SubscriptionId: 28afd405-e08a-46d2-8523-5e4e05b13866
        Timeout: 00:00:00
        Connection: Mock&lt;iCore.Public.Ftp.IFileTransferConnection:04e5&gt;.Object
        OriginalFileName: file.name
        ProcessingFilePath: /directory/path/file.name
        IsImplicitlyCancellable: False
        LocalDirectory: C:\local_temp
        ProcessingFileName: file.name
        OriginalFilePath: /directory/path/file.name
        DeleteServerFile: True
}
65: WorkflowInstance "GetSftpFtpNextFileActivity" is Completed</StdOut>
      </Output>
    </UnitTestResult>
    <UnitTestResult executionId="705d6b28-af01-40b0-9767-b1b6977ccad0" testId="38374464-412c-cb0f-701c-fa8ecd464631" testName="Invoke_AllArguments_LocalFileNameIsEmptyPassingOriginalFileNameToOpenFile" computerName="ICSWS068" duration="00:00:00.0109067" startTime="2016-08-04T09:59:10.6956578+02:00" endTime="2016-08-04T09:59:10.7081673+02:00" testType="13cdc9d9-ddb5-4fa4-a97d-d965ccfc6d4b" outcome="Passed" testListId="8c84fa94-04c1-424b-9868-57a2d4851a1d" relativeResultsDirectory="705d6b28-af01-40b0-9767-b1b6977ccad0">
      <Output>
        <StdOut>Debug Trace:
FileTransferPath.GetDirectoryName: path=/directory/path/file.name directorySeparator=
\directory\path: FileTransferPath.GetDirectoryName: Path.GetDirectoryName={0}
0: WorkflowInstance "GetSftpFtpNextFileActivity" is Started
1: Activity [null] "null" scheduled child activity [1] "GetSftpFtpNextFileActivity"
2: Activity [1] "GetSftpFtpNextFileActivity" is Executing
{
    Arguments
        LocalFileNameIn: 
        RenameFile: False
        MoveFileTo: 
        ErrorOnTimeout: False
        SubscriptionId: 53fcacd5-1c0b-4f49-98ea-240ae8c92a9a
        Timeout: 00:00:00
        Connection: Mock&lt;iCore.Public.Ftp.IFileTransferConnection:c13a&gt;.Object
        IsImplicitlyCancellable: False
        LocalDirectory: C:\local_temp
        DeleteServerFile: False
}
3: Activity [1] "GetSftpFtpNextFileActivity" scheduled child activity [1.1] "Sequence"
4: Activity [1.1] "Sequence" is Executing
{
    Variables
        _1a25a75f_79d5_4484_98f9_c744c2b55c4d_145: System.IO.MemoryStream
        _1a25a75f_79d5_4484_98f9_c744c2b55c4d_146: file.name
        _1a25a75f_79d5_4484_98f9_c744c2b55c4d_147: C:\local_temp\file.name
}
5: Activity [1.1] "Sequence" scheduled child activity [1.81] "InternalGetNextFile1"
6: Activity [1.81] "InternalGetNextFile1" is Executing
{
    Arguments
        ErrorOnTimeout: False
        SubscriptionId: 53fcacd5-1c0b-4f49-98ea-240ae8c92a9a
        Timeout: 00:00:00
        IsImplicitlyCancellable: False
}
7: CustomTrackingRecord [1.81] "iCPSTraceTrackingRecord"
8: WorkflowInstance "GetSftpFtpNextFileActivity" is Idle
9: Bookmark "60fcede6-130a-4cec-9786-dda93a4c992e" resumed with payload &lt;iCore.Workflow.Activities.Extensions.ItemSubscriptionEventArgs`1[iCore.Common.Utilities.FileSystemWatcher.FileInfoBase]&gt; owner [1.81] "InternalGetNextFile1"
10: Activity [1.81] "InternalGetNextFile1" is Closed
{
    Arguments
        ErrorOnTimeout: False
        SubscriptionId: 53fcacd5-1c0b-4f49-98ea-240ae8c92a9a
        FileName: file.name
        Timeout: 00:00:00
        IsImplicitlyCancellable: False
        FilePath: /directory/path/file.name
}
11: Activity [1.1] "Sequence" scheduled child activity [1.2] "If"
12: Activity [1.2] "If" is Executing
{
    Arguments
        Condition: True
}
13: Activity [1.2] "If" scheduled child activity [1.6] "TryCatch"
14: Activity [1.6] "TryCatch" is Executing
15: Activity [1.6] "TryCatch" scheduled child activity [1.10] "TrySequence1"
16: Activity [1.10] "TrySequence1" is Executing
17: Activity [1.10] "TrySequence1" scheduled child activity [1.75] "AssignProcessingFileName"
18: Activity [1.75] "AssignProcessingFileName" is Executing
{
    Arguments
        Value: file.name
}
19: Activity [1.75] "AssignProcessingFileName" is Closed
{
    Arguments
        Value: file.name
        To: file.name
}
20: Activity [1.10] "TrySequence1" scheduled child activity [1.68] "AssignProcessingFilePath"
21: Activity [1.68] "AssignProcessingFilePath" is Executing
{
    Arguments
        Value: /directory/path/file.name
}
22: Activity [1.68] "AssignProcessingFilePath" is Closed
{
    Arguments
        Value: /directory/path/file.name
        To: /directory/path/file.name
}
23: Activity [1.10] "TrySequence1" scheduled child activity [1.56] "IfRenameFile"
24: Activity [1.56] "IfRenameFile" is Executing
{
    Arguments
        Condition: False
}
25: Activity [1.56] "IfRenameFile" is Closed
{
    Arguments
        Condition: False
}
26: Activity [1.10] "TrySequence1" scheduled child activity [1.50] "SetLocalFileName"
27: Activity [1.50] "SetLocalFileName" is Executing
{
    Arguments
        Value: file.name
}
28: Activity [1.50] "SetLocalFileName" is Closed
{
    Arguments
        Value: file.name
        To: file.name
}
29: Activity [1.10] "TrySequence1" scheduled child activity [1.44] "SetLocalFilePath"
30: Activity [1.44] "SetLocalFilePath" is Executing
{
    Arguments
        Value: C:\local_temp\file.name
}
31: Activity [1.44] "SetLocalFilePath" is Closed
{
    Arguments
        Value: C:\local_temp\file.name
        To: C:\local_temp\file.name
}
32: Activity [1.10] "TrySequence1" scheduled child activity [1.36] "OpenFile1"
33: Activity [1.36] "OpenFile1" is Executing
{
    Arguments
        FileAccess: ReadWrite
        FileMode: Create
        FileName: C:\local_temp\file.name
        FileShare: None
}
34: WorkflowInstance "GetSftpFtpNextFileActivity" is Idle
35: Activity [1.36] "OpenFile1" is Closed
{
    Arguments
        FileAccess: ReadWrite
        FileMode: Create
        FileName: C:\local_temp\file.name
        Result: System.IO.MemoryStream
        FileShare: None
}
36: Activity [1.10] "TrySequence1" scheduled child activity [1.30] "DownloadSftpFtpFileToStream1"
37: Activity [1.30] "DownloadSftpFtpFileToStream1" is Executing
{
    Arguments
        DestinationStream: System.IO.MemoryStream
        SourceFilename: /directory/path/file.name
        Connection: Mock&lt;iCore.Public.Ftp.IFileTransferConnection:c13a&gt;.Object
}
38: WorkflowInstance "GetSftpFtpNextFileActivity" is Idle
39: Activity [1.30] "DownloadSftpFtpFileToStream1" is Closed
{
    Arguments
        DestinationStream: System.IO.MemoryStream
        SourceFilename: /directory/path/file.name
        Connection: Mock&lt;iCore.Public.Ftp.IFileTransferConnection:c13a&gt;.Object
}
40: Activity [1.10] "TrySequence1" scheduled child activity [1.21] "If"
41: Activity [1.21] "If" is Executing
{
    Arguments
        Condition: False
}
42: Activity [1.21] "If" is Closed
{
    Arguments
        Condition: False
}
43: Activity [1.10] "TrySequence1" scheduled child activity [1.16] "AssignLocalFileNameOut"
44: Activity [1.16] "AssignLocalFileNameOut" is Executing
{
    Arguments
        Value: file.name
}
45: Activity [1.16] "AssignLocalFileNameOut" is Closed
{
    Arguments
        Value: file.name
        To: file.name
}
46: Activity [1.10] "TrySequence1" scheduled child activity [1.11] "AssignLocalFilePath"
47: Activity [1.11] "AssignLocalFilePath" is Executing
{
    Arguments
        Value: C:\local_temp\file.name
}
48: Activity [1.11] "AssignLocalFilePath" is Closed
{
    Arguments
        Value: C:\local_temp\file.name
        To: C:\local_temp\file.name
}
49: Activity [1.10] "TrySequence1" is Closed
50: Activity [1.6] "TryCatch" scheduled child activity [1.7] "FinallySequence1"
51: Activity [1.7] "FinallySequence1" is Executing
52: Activity [1.7] "FinallySequence1" scheduled child activity [1.8] "CloseStream1"
53: Activity [1.8] "CloseStream1" is Executing
{
    Arguments
        Stream: System.IO.MemoryStream
}
54: WorkflowInstance "GetSftpFtpNextFileActivity" is Idle
55: Activity [1.8] "CloseStream1" is Closed
{
    Arguments
        Stream: System.IO.MemoryStream
}
56: Activity [1.7] "FinallySequence1" is Closed
57: Activity [1.6] "TryCatch" is Closed
58: Activity [1.2] "If" is Closed
{
    Arguments
        Condition: True
}
59: Activity [1.1] "Sequence" is Closed
{
    Variables
        _1a25a75f_79d5_4484_98f9_c744c2b55c4d_148: System.IO.MemoryStream
        _1a25a75f_79d5_4484_98f9_c744c2b55c4d_149: file.name
        _1a25a75f_79d5_4484_98f9_c744c2b55c4d_150: C:\local_temp\file.name
}
60: Activity [1] "GetSftpFtpNextFileActivity" is Closed
{
    Arguments
        LocalFileNameIn: 
        LocalFileNameOut: file.name
        RenameFile: False
        MoveFileTo: 
        LocalFilePath: C:\local_temp\file.name
        ErrorOnTimeout: False
        SubscriptionId: 53fcacd5-1c0b-4f49-98ea-240ae8c92a9a
        Timeout: 00:00:00
        Connection: Mock&lt;iCore.Public.Ftp.IFileTransferConnection:c13a&gt;.Object
        OriginalFileName: file.name
        ProcessingFilePath: /directory/path/file.name
        IsImplicitlyCancellable: False
        LocalDirectory: C:\local_temp
        ProcessingFileName: file.name
        OriginalFilePath: /directory/path/file.name
        DeleteServerFile: False
}
61: WorkflowInstance "GetSftpFtpNextFileActivity" is Completed</StdOut>
      </Output>
    </UnitTestResult>
    <UnitTestResult executionId="5a4f96da-2cbd-4b0f-bc5b-96a7bf3c2d04" testId="1dfc5e24-4257-6b5d-6cfd-79a8f4b857b4" testName="Invoke_NoRenameNoMove_OutArgumentOriginalFilePathIsSet" computerName="ICSWS068" duration="00:00:00.0108064" startTime="2016-08-04T09:59:10.7116690+02:00" endTime="2016-08-04T09:59:10.7241520+02:00" testType="13cdc9d9-ddb5-4fa4-a97d-d965ccfc6d4b" outcome="Passed" testListId="8c84fa94-04c1-424b-9868-57a2d4851a1d" relativeResultsDirectory="5a4f96da-2cbd-4b0f-bc5b-96a7bf3c2d04">
      <Output>
        <StdOut>Debug Trace:
FileTransferPath.GetDirectoryName: path=/directory/path/file.name directorySeparator=
\directory\path: FileTransferPath.GetDirectoryName: Path.GetDirectoryName={0}
0: WorkflowInstance "GetSftpFtpNextFileActivity" is Started
1: Activity [null] "null" scheduled child activity [1] "GetSftpFtpNextFileActivity"
2: Activity [1] "GetSftpFtpNextFileActivity" is Executing
{
    Arguments
        LocalFileNameIn: localfile.txt
        RenameFile: False
        MoveFileTo: 
        ErrorOnTimeout: False
        SubscriptionId: 942d1cff-03b8-45d1-ada3-3050305e2ec4
        Timeout: 00:00:00
        Connection: Mock&lt;iCore.Public.Ftp.IFileTransferConnection:b7e3&gt;.Object
        IsImplicitlyCancellable: False
        LocalDirectory: C:\local_temp
        DeleteServerFile: False
}
3: Activity [1] "GetSftpFtpNextFileActivity" scheduled child activity [1.1] "Sequence"
4: Activity [1.1] "Sequence" is Executing
{
    Variables
        _1a25a75f_79d5_4484_98f9_c744c2b55c4d_151: System.IO.MemoryStream
        _1a25a75f_79d5_4484_98f9_c744c2b55c4d_152: localfile.txt
        _1a25a75f_79d5_4484_98f9_c744c2b55c4d_153: C:\local_temp\localfile.txt
}
5: Activity [1.1] "Sequence" scheduled child activity [1.81] "InternalGetNextFile1"
6: Activity [1.81] "InternalGetNextFile1" is Executing
{
    Arguments
        ErrorOnTimeout: False
        SubscriptionId: 942d1cff-03b8-45d1-ada3-3050305e2ec4
        Timeout: 00:00:00
        IsImplicitlyCancellable: False
}
7: CustomTrackingRecord [1.81] "iCPSTraceTrackingRecord"
8: WorkflowInstance "GetSftpFtpNextFileActivity" is Idle
9: Bookmark "119ba226-aa05-432b-9bed-b7dd14f8e2f5" resumed with payload &lt;iCore.Workflow.Activities.Extensions.ItemSubscriptionEventArgs`1[iCore.Common.Utilities.FileSystemWatcher.FileInfoBase]&gt; owner [1.81] "InternalGetNextFile1"
10: Activity [1.81] "InternalGetNextFile1" is Closed
{
    Arguments
        ErrorOnTimeout: False
        SubscriptionId: 942d1cff-03b8-45d1-ada3-3050305e2ec4
        FileName: file.name
        Timeout: 00:00:00
        IsImplicitlyCancellable: False
        FilePath: /directory/path/file.name
}
11: Activity [1.1] "Sequence" scheduled child activity [1.2] "If"
12: Activity [1.2] "If" is Executing
{
    Arguments
        Condition: True
}
13: Activity [1.2] "If" scheduled child activity [1.6] "TryCatch"
14: Activity [1.6] "TryCatch" is Executing
15: Activity [1.6] "TryCatch" scheduled child activity [1.10] "TrySequence1"
16: Activity [1.10] "TrySequence1" is Executing
17: Activity [1.10] "TrySequence1" scheduled child activity [1.75] "AssignProcessingFileName"
18: Activity [1.75] "AssignProcessingFileName" is Executing
{
    Arguments
        Value: file.name
}
19: Activity [1.75] "AssignProcessingFileName" is Closed
{
    Arguments
        Value: file.name
        To: file.name
}
20: Activity [1.10] "TrySequence1" scheduled child activity [1.68] "AssignProcessingFilePath"
21: Activity [1.68] "AssignProcessingFilePath" is Executing
{
    Arguments
        Value: /directory/path/file.name
}
22: Activity [1.68] "AssignProcessingFilePath" is Closed
{
    Arguments
        Value: /directory/path/file.name
        To: /directory/path/file.name
}
23: Activity [1.10] "TrySequence1" scheduled child activity [1.56] "IfRenameFile"
24: Activity [1.56] "IfRenameFile" is Executing
{
    Arguments
        Condition: False
}
25: Activity [1.56] "IfRenameFile" is Closed
{
    Arguments
        Condition: False
}
26: Activity [1.10] "TrySequence1" scheduled child activity [1.50] "SetLocalFileName"
27: Activity [1.50] "SetLocalFileName" is Executing
{
    Arguments
        Value: localfile.txt
}
28: Activity [1.50] "SetLocalFileName" is Closed
{
    Arguments
        Value: localfile.txt
        To: localfile.txt
}
29: Activity [1.10] "TrySequence1" scheduled child activity [1.44] "SetLocalFilePath"
30: Activity [1.44] "SetLocalFilePath" is Executing
{
    Arguments
        Value: C:\local_temp\localfile.txt
}
31: Activity [1.44] "SetLocalFilePath" is Closed
{
    Arguments
        Value: C:\local_temp\localfile.txt
        To: C:\local_temp\localfile.txt
}
32: Activity [1.10] "TrySequence1" scheduled child activity [1.36] "OpenFile1"
33: Activity [1.36] "OpenFile1" is Executing
{
    Arguments
        FileAccess: ReadWrite
        FileMode: Create
        FileName: C:\local_temp\localfile.txt
        FileShare: None
}
34: WorkflowInstance "GetSftpFtpNextFileActivity" is Idle
35: Activity [1.36] "OpenFile1" is Closed
{
    Arguments
        FileAccess: ReadWrite
        FileMode: Create
        FileName: C:\local_temp\localfile.txt
        Result: System.IO.MemoryStream
        FileShare: None
}
36: Activity [1.10] "TrySequence1" scheduled child activity [1.30] "DownloadSftpFtpFileToStream1"
37: Activity [1.30] "DownloadSftpFtpFileToStream1" is Executing
{
    Arguments
        DestinationStream: System.IO.MemoryStream
        SourceFilename: /directory/path/file.name
        Connection: Mock&lt;iCore.Public.Ftp.IFileTransferConnection:b7e3&gt;.Object
}
38: WorkflowInstance "GetSftpFtpNextFileActivity" is Idle
39: Activity [1.30] "DownloadSftpFtpFileToStream1" is Closed
{
    Arguments
        DestinationStream: System.IO.MemoryStream
        SourceFilename: /directory/path/file.name
        Connection: Mock&lt;iCore.Public.Ftp.IFileTransferConnection:b7e3&gt;.Object
}
40: Activity [1.10] "TrySequence1" scheduled child activity [1.21] "If"
41: Activity [1.21] "If" is Executing
{
    Arguments
        Condition: False
}
42: Activity [1.21] "If" is Closed
{
    Arguments
        Condition: False
}
43: Activity [1.10] "TrySequence1" scheduled child activity [1.16] "AssignLocalFileNameOut"
44: Activity [1.16] "AssignLocalFileNameOut" is Executing
{
    Arguments
        Value: localfile.txt
}
45: Activity [1.16] "AssignLocalFileNameOut" is Closed
{
    Arguments
        Value: localfile.txt
        To: localfile.txt
}
46: Activity [1.10] "TrySequence1" scheduled child activity [1.11] "AssignLocalFilePath"
47: Activity [1.11] "AssignLocalFilePath" is Executing
{
    Arguments
        Value: C:\local_temp\localfile.txt
}
48: Activity [1.11] "AssignLocalFilePath" is Closed
{
    Arguments
        Value: C:\local_temp\localfile.txt
        To: C:\local_temp\localfile.txt
}
49: Activity [1.10] "TrySequence1" is Closed
50: Activity [1.6] "TryCatch" scheduled child activity [1.7] "FinallySequence1"
51: Activity [1.7] "FinallySequence1" is Executing
52: Activity [1.7] "FinallySequence1" scheduled child activity [1.8] "CloseStream1"
53: Activity [1.8] "CloseStream1" is Executing
{
    Arguments
        Stream: System.IO.MemoryStream
}
54: WorkflowInstance "GetSftpFtpNextFileActivity" is Idle
55: Activity [1.8] "CloseStream1" is Closed
{
    Arguments
        Stream: System.IO.MemoryStream
}
56: Activity [1.7] "FinallySequence1" is Closed
57: Activity [1.6] "TryCatch" is Closed
58: Activity [1.2] "If" is Closed
{
    Arguments
        Condition: True
}
59: Activity [1.1] "Sequence" is Closed
{
    Variables
        _1a25a75f_79d5_4484_98f9_c744c2b55c4d_154: System.IO.MemoryStream
        _1a25a75f_79d5_4484_98f9_c744c2b55c4d_155: localfile.txt
        _1a25a75f_79d5_4484_98f9_c744c2b55c4d_156: C:\local_temp\localfile.txt
}
60: Activity [1] "GetSftpFtpNextFileActivity" is Closed
{
    Arguments
        LocalFileNameIn: localfile.txt
        LocalFileNameOut: localfile.txt
        RenameFile: False
        MoveFileTo: 
        LocalFilePath: C:\local_temp\localfile.txt
        ErrorOnTimeout: False
        SubscriptionId: 942d1cff-03b8-45d1-ada3-3050305e2ec4
        Timeout: 00:00:00
        Connection: Mock&lt;iCore.Public.Ftp.IFileTransferConnection:b7e3&gt;.Object
        OriginalFileName: file.name
        ProcessingFilePath: /directory/path/file.name
        IsImplicitlyCancellable: False
        LocalDirectory: C:\local_temp
        ProcessingFileName: file.name
        OriginalFilePath: /directory/path/file.name
        DeleteServerFile: False
}
61: WorkflowInstance "GetSftpFtpNextFileActivity" is Completed</StdOut>
      </Output>
    </UnitTestResult>
    <UnitTestResult executionId="3ea0af80-fb08-4a9e-a2c7-447d958eb446" testId="bbe4acfa-2103-647c-044a-33215ea9624e" testName="Invoke_NoRenameNoMove_OutArgumentOriginalFilenameIsSet" computerName="ICSWS068" duration="00:00:00.0105062" startTime="2016-08-04T09:59:10.7271532+02:00" endTime="2016-08-04T09:59:10.7386644+02:00" testType="13cdc9d9-ddb5-4fa4-a97d-d965ccfc6d4b" outcome="Passed" testListId="8c84fa94-04c1-424b-9868-57a2d4851a1d" relativeResultsDirectory="3ea0af80-fb08-4a9e-a2c7-447d958eb446">
      <Output>
        <StdOut>Debug Trace:
FileTransferPath.GetDirectoryName: path=/directory/path/file.name directorySeparator=
\directory\path: FileTransferPath.GetDirectoryName: Path.GetDirectoryName={0}
0: WorkflowInstance "GetSftpFtpNextFileActivity" is Started
1: Activity [null] "null" scheduled child activity [1] "GetSftpFtpNextFileActivity"
2: Activity [1] "GetSftpFtpNextFileActivity" is Executing
{
    Arguments
        LocalFileNameIn: localfile.txt
        RenameFile: False
        MoveFileTo: 
        ErrorOnTimeout: False
        SubscriptionId: 6804df38-8a10-4d7f-aee4-c5b6812850d1
        Timeout: 00:00:00
        Connection: Mock&lt;iCore.Public.Ftp.IFileTransferConnection:91ef&gt;.Object
        IsImplicitlyCancellable: False
        LocalDirectory: C:\local_temp
        DeleteServerFile: False
}
3: Activity [1] "GetSftpFtpNextFileActivity" scheduled child activity [1.1] "Sequence"
4: Activity [1.1] "Sequence" is Executing
{
    Variables
        _1a25a75f_79d5_4484_98f9_c744c2b55c4d_157: System.IO.MemoryStream
        _1a25a75f_79d5_4484_98f9_c744c2b55c4d_158: localfile.txt
        _1a25a75f_79d5_4484_98f9_c744c2b55c4d_159: C:\local_temp\localfile.txt
}
5: Activity [1.1] "Sequence" scheduled child activity [1.81] "InternalGetNextFile1"
6: Activity [1.81] "InternalGetNextFile1" is Executing
{
    Arguments
        ErrorOnTimeout: False
        SubscriptionId: 6804df38-8a10-4d7f-aee4-c5b6812850d1
        Timeout: 00:00:00
        IsImplicitlyCancellable: False
}
7: CustomTrackingRecord [1.81] "iCPSTraceTrackingRecord"
8: WorkflowInstance "GetSftpFtpNextFileActivity" is Idle
9: Bookmark "16d1e522-7b6f-4d99-aa99-d0445f0f5add" resumed with payload &lt;iCore.Workflow.Activities.Extensions.ItemSubscriptionEventArgs`1[iCore.Common.Utilities.FileSystemWatcher.FileInfoBase]&gt; owner [1.81] "InternalGetNextFile1"
10: Activity [1.81] "InternalGetNextFile1" is Closed
{
    Arguments
        ErrorOnTimeout: False
        SubscriptionId: 6804df38-8a10-4d7f-aee4-c5b6812850d1
        FileName: file.name
        Timeout: 00:00:00
        IsImplicitlyCancellable: False
        FilePath: /directory/path/file.name
}
11: Activity [1.1] "Sequence" scheduled child activity [1.2] "If"
12: Activity [1.2] "If" is Executing
{
    Arguments
        Condition: True
}
13: Activity [1.2] "If" scheduled child activity [1.6] "TryCatch"
14: Activity [1.6] "TryCatch" is Executing
15: Activity [1.6] "TryCatch" scheduled child activity [1.10] "TrySequence1"
16: Activity [1.10] "TrySequence1" is Executing
17: Activity [1.10] "TrySequence1" scheduled child activity [1.75] "AssignProcessingFileName"
18: Activity [1.75] "AssignProcessingFileName" is Executing
{
    Arguments
        Value: file.name
}
19: Activity [1.75] "AssignProcessingFileName" is Closed
{
    Arguments
        Value: file.name
        To: file.name
}
20: Activity [1.10] "TrySequence1" scheduled child activity [1.68] "AssignProcessingFilePath"
21: Activity [1.68] "AssignProcessingFilePath" is Executing
{
    Arguments
        Value: /directory/path/file.name
}
22: Activity [1.68] "AssignProcessingFilePath" is Closed
{
    Arguments
        Value: /directory/path/file.name
        To: /directory/path/file.name
}
23: Activity [1.10] "TrySequence1" scheduled child activity [1.56] "IfRenameFile"
24: Activity [1.56] "IfRenameFile" is Executing
{
    Arguments
        Condition: False
}
25: Activity [1.56] "IfRenameFile" is Closed
{
    Arguments
        Condition: False
}
26: Activity [1.10] "TrySequence1" scheduled child activity [1.50] "SetLocalFileName"
27: Activity [1.50] "SetLocalFileName" is Executing
{
    Arguments
        Value: localfile.txt
}
28: Activity [1.50] "SetLocalFileName" is Closed
{
    Arguments
        Value: localfile.txt
        To: localfile.txt
}
29: Activity [1.10] "TrySequence1" scheduled child activity [1.44] "SetLocalFilePath"
30: Activity [1.44] "SetLocalFilePath" is Executing
{
    Arguments
        Value: C:\local_temp\localfile.txt
}
31: Activity [1.44] "SetLocalFilePath" is Closed
{
    Arguments
        Value: C:\local_temp\localfile.txt
        To: C:\local_temp\localfile.txt
}
32: Activity [1.10] "TrySequence1" scheduled child activity [1.36] "OpenFile1"
33: Activity [1.36] "OpenFile1" is Executing
{
    Arguments
        FileAccess: ReadWrite
        FileMode: Create
        FileName: C:\local_temp\localfile.txt
        FileShare: None
}
34: WorkflowInstance "GetSftpFtpNextFileActivity" is Idle
35: Activity [1.36] "OpenFile1" is Closed
{
    Arguments
        FileAccess: ReadWrite
        FileMode: Create
        FileName: C:\local_temp\localfile.txt
        Result: System.IO.MemoryStream
        FileShare: None
}
36: Activity [1.10] "TrySequence1" scheduled child activity [1.30] "DownloadSftpFtpFileToStream1"
37: Activity [1.30] "DownloadSftpFtpFileToStream1" is Executing
{
    Arguments
        DestinationStream: System.IO.MemoryStream
        SourceFilename: /directory/path/file.name
        Connection: Mock&lt;iCore.Public.Ftp.IFileTransferConnection:91ef&gt;.Object
}
38: WorkflowInstance "GetSftpFtpNextFileActivity" is Idle
39: Activity [1.30] "DownloadSftpFtpFileToStream1" is Closed
{
    Arguments
        DestinationStream: System.IO.MemoryStream
        SourceFilename: /directory/path/file.name
        Connection: Mock&lt;iCore.Public.Ftp.IFileTransferConnection:91ef&gt;.Object
}
40: Activity [1.10] "TrySequence1" scheduled child activity [1.21] "If"
41: Activity [1.21] "If" is Executing
{
    Arguments
        Condition: False
}
42: Activity [1.21] "If" is Closed
{
    Arguments
        Condition: False
}
43: Activity [1.10] "TrySequence1" scheduled child activity [1.16] "AssignLocalFileNameOut"
44: Activity [1.16] "AssignLocalFileNameOut" is Executing
{
    Arguments
        Value: localfile.txt
}
45: Activity [1.16] "AssignLocalFileNameOut" is Closed
{
    Arguments
        Value: localfile.txt
        To: localfile.txt
}
46: Activity [1.10] "TrySequence1" scheduled child activity [1.11] "AssignLocalFilePath"
47: Activity [1.11] "AssignLocalFilePath" is Executing
{
    Arguments
        Value: C:\local_temp\localfile.txt
}
48: Activity [1.11] "AssignLocalFilePath" is Closed
{
    Arguments
        Value: C:\local_temp\localfile.txt
        To: C:\local_temp\localfile.txt
}
49: Activity [1.10] "TrySequence1" is Closed
50: Activity [1.6] "TryCatch" scheduled child activity [1.7] "FinallySequence1"
51: Activity [1.7] "FinallySequence1" is Executing
52: Activity [1.7] "FinallySequence1" scheduled child activity [1.8] "CloseStream1"
53: Activity [1.8] "CloseStream1" is Executing
{
    Arguments
        Stream: System.IO.MemoryStream
}
54: WorkflowInstance "GetSftpFtpNextFileActivity" is Idle
55: Activity [1.8] "CloseStream1" is Closed
{
    Arguments
        Stream: System.IO.MemoryStream
}
56: Activity [1.7] "FinallySequence1" is Closed
57: Activity [1.6] "TryCatch" is Closed
58: Activity [1.2] "If" is Closed
{
    Arguments
        Condition: True
}
59: Activity [1.1] "Sequence" is Closed
{
    Variables
        _1a25a75f_79d5_4484_98f9_c744c2b55c4d_160: System.IO.MemoryStream
        _1a25a75f_79d5_4484_98f9_c744c2b55c4d_161: localfile.txt
        _1a25a75f_79d5_4484_98f9_c744c2b55c4d_162: C:\local_temp\localfile.txt
}
60: Activity [1] "GetSftpFtpNextFileActivity" is Closed
{
    Arguments
        LocalFileNameIn: localfile.txt
        LocalFileNameOut: localfile.txt
        RenameFile: False
        MoveFileTo: 
        LocalFilePath: C:\local_temp\localfile.txt
        ErrorOnTimeout: False
        SubscriptionId: 6804df38-8a10-4d7f-aee4-c5b6812850d1
        Timeout: 00:00:00
        Connection: Mock&lt;iCore.Public.Ftp.IFileTransferConnection:91ef&gt;.Object
        OriginalFileName: file.name
        ProcessingFilePath: /directory/path/file.name
        IsImplicitlyCancellable: False
        LocalDirectory: C:\local_temp
        ProcessingFileName: file.name
        OriginalFilePath: /directory/path/file.name
        DeleteServerFile: False
}
61: WorkflowInstance "GetSftpFtpNextFileActivity" is Completed</StdOut>
      </Output>
    </UnitTestResult>
    <UnitTestResult executionId="d13b2621-d559-4d68-986d-f722a1de1977" testId="3dcd3667-3f58-3d97-45fd-3dc0845d3cd0" testName="Invoke_NoRenameNoMove_OutArgumentProcessingFilePathIsSet" computerName="ICSWS068" duration="00:00:00.0104519" startTime="2016-08-04T09:59:10.7416670+02:00" endTime="2016-08-04T09:59:10.7536621+02:00" testType="13cdc9d9-ddb5-4fa4-a97d-d965ccfc6d4b" outcome="Passed" testListId="8c84fa94-04c1-424b-9868-57a2d4851a1d" relativeResultsDirectory="d13b2621-d559-4d68-986d-f722a1de1977">
      <Output>
        <StdOut>Debug Trace:
FileTransferPath.GetDirectoryName: path=/directory/path/file.name directorySeparator=
\directory\path: FileTransferPath.GetDirectoryName: Path.GetDirectoryName={0}
0: WorkflowInstance "GetSftpFtpNextFileActivity" is Started
1: Activity [null] "null" scheduled child activity [1] "GetSftpFtpNextFileActivity"
2: Activity [1] "GetSftpFtpNextFileActivity" is Executing
{
    Arguments
        LocalFileNameIn: localfile.txt
        RenameFile: False
        MoveFileTo: 
        ErrorOnTimeout: False
        SubscriptionId: b29dd4f0-82b7-4bde-84c4-c80329cc0836
        Timeout: 00:00:00
        Connection: Mock&lt;iCore.Public.Ftp.IFileTransferConnection:c473&gt;.Object
        IsImplicitlyCancellable: False
        LocalDirectory: C:\local_temp
        DeleteServerFile: False
}
3: Activity [1] "GetSftpFtpNextFileActivity" scheduled child activity [1.1] "Sequence"
4: Activity [1.1] "Sequence" is Executing
{
    Variables
        _1a25a75f_79d5_4484_98f9_c744c2b55c4d_163: System.IO.MemoryStream
        _1a25a75f_79d5_4484_98f9_c744c2b55c4d_164: localfile.txt
        _1a25a75f_79d5_4484_98f9_c744c2b55c4d_165: C:\local_temp\localfile.txt
}
5: Activity [1.1] "Sequence" scheduled child activity [1.81] "InternalGetNextFile1"
6: Activity [1.81] "InternalGetNextFile1" is Executing
{
    Arguments
        ErrorOnTimeout: False
        SubscriptionId: b29dd4f0-82b7-4bde-84c4-c80329cc0836
        Timeout: 00:00:00
        IsImplicitlyCancellable: False
}
7: CustomTrackingRecord [1.81] "iCPSTraceTrackingRecord"
8: WorkflowInstance "GetSftpFtpNextFileActivity" is Idle
9: Bookmark "24a8c9b0-f6bc-4fd2-8aaf-bef4fd7244d3" resumed with payload &lt;iCore.Workflow.Activities.Extensions.ItemSubscriptionEventArgs`1[iCore.Common.Utilities.FileSystemWatcher.FileInfoBase]&gt; owner [1.81] "InternalGetNextFile1"
10: Activity [1.81] "InternalGetNextFile1" is Closed
{
    Arguments
        ErrorOnTimeout: False
        SubscriptionId: b29dd4f0-82b7-4bde-84c4-c80329cc0836
        FileName: file.name
        Timeout: 00:00:00
        IsImplicitlyCancellable: False
        FilePath: /directory/path/file.name
}
11: Activity [1.1] "Sequence" scheduled child activity [1.2] "If"
12: Activity [1.2] "If" is Executing
{
    Arguments
        Condition: True
}
13: Activity [1.2] "If" scheduled child activity [1.6] "TryCatch"
14: Activity [1.6] "TryCatch" is Executing
15: Activity [1.6] "TryCatch" scheduled child activity [1.10] "TrySequence1"
16: Activity [1.10] "TrySequence1" is Executing
17: Activity [1.10] "TrySequence1" scheduled child activity [1.75] "AssignProcessingFileName"
18: Activity [1.75] "AssignProcessingFileName" is Executing
{
    Arguments
        Value: file.name
}
19: Activity [1.75] "AssignProcessingFileName" is Closed
{
    Arguments
        Value: file.name
        To: file.name
}
20: Activity [1.10] "TrySequence1" scheduled child activity [1.68] "AssignProcessingFilePath"
21: Activity [1.68] "AssignProcessingFilePath" is Executing
{
    Arguments
        Value: /directory/path/file.name
}
22: Activity [1.68] "AssignProcessingFilePath" is Closed
{
    Arguments
        Value: /directory/path/file.name
        To: /directory/path/file.name
}
23: Activity [1.10] "TrySequence1" scheduled child activity [1.56] "IfRenameFile"
24: Activity [1.56] "IfRenameFile" is Executing
{
    Arguments
        Condition: False
}
25: Activity [1.56] "IfRenameFile" is Closed
{
    Arguments
        Condition: False
}
26: Activity [1.10] "TrySequence1" scheduled child activity [1.50] "SetLocalFileName"
27: Activity [1.50] "SetLocalFileName" is Executing
{
    Arguments
        Value: localfile.txt
}
28: Activity [1.50] "SetLocalFileName" is Closed
{
    Arguments
        Value: localfile.txt
        To: localfile.txt
}
29: Activity [1.10] "TrySequence1" scheduled child activity [1.44] "SetLocalFilePath"
30: Activity [1.44] "SetLocalFilePath" is Executing
{
    Arguments
        Value: C:\local_temp\localfile.txt
}
31: Activity [1.44] "SetLocalFilePath" is Closed
{
    Arguments
        Value: C:\local_temp\localfile.txt
        To: C:\local_temp\localfile.txt
}
32: Activity [1.10] "TrySequence1" scheduled child activity [1.36] "OpenFile1"
33: Activity [1.36] "OpenFile1" is Executing
{
    Arguments
        FileAccess: ReadWrite
        FileMode: Create
        FileName: C:\local_temp\localfile.txt
        FileShare: None
}
34: WorkflowInstance "GetSftpFtpNextFileActivity" is Idle
35: Activity [1.36] "OpenFile1" is Closed
{
    Arguments
        FileAccess: ReadWrite
        FileMode: Create
        FileName: C:\local_temp\localfile.txt
        Result: System.IO.MemoryStream
        FileShare: None
}
36: Activity [1.10] "TrySequence1" scheduled child activity [1.30] "DownloadSftpFtpFileToStream1"
37: Activity [1.30] "DownloadSftpFtpFileToStream1" is Executing
{
    Arguments
        DestinationStream: System.IO.MemoryStream
        SourceFilename: /directory/path/file.name
        Connection: Mock&lt;iCore.Public.Ftp.IFileTransferConnection:c473&gt;.Object
}
38: WorkflowInstance "GetSftpFtpNextFileActivity" is Idle
39: Activity [1.30] "DownloadSftpFtpFileToStream1" is Closed
{
    Arguments
        DestinationStream: System.IO.MemoryStream
        SourceFilename: /directory/path/file.name
        Connection: Mock&lt;iCore.Public.Ftp.IFileTransferConnection:c473&gt;.Object
}
40: Activity [1.10] "TrySequence1" scheduled child activity [1.21] "If"
41: Activity [1.21] "If" is Executing
{
    Arguments
        Condition: False
}
42: Activity [1.21] "If" is Closed
{
    Arguments
        Condition: False
}
43: Activity [1.10] "TrySequence1" scheduled child activity [1.16] "AssignLocalFileNameOut"
44: Activity [1.16] "AssignLocalFileNameOut" is Executing
{
    Arguments
        Value: localfile.txt
}
45: Activity [1.16] "AssignLocalFileNameOut" is Closed
{
    Arguments
        Value: localfile.txt
        To: localfile.txt
}
46: Activity [1.10] "TrySequence1" scheduled child activity [1.11] "AssignLocalFilePath"
47: Activity [1.11] "AssignLocalFilePath" is Executing
{
    Arguments
        Value: C:\local_temp\localfile.txt
}
48: Activity [1.11] "AssignLocalFilePath" is Closed
{
    Arguments
        Value: C:\local_temp\localfile.txt
        To: C:\local_temp\localfile.txt
}
49: Activity [1.10] "TrySequence1" is Closed
50: Activity [1.6] "TryCatch" scheduled child activity [1.7] "FinallySequence1"
51: Activity [1.7] "FinallySequence1" is Executing
52: Activity [1.7] "FinallySequence1" scheduled child activity [1.8] "CloseStream1"
53: Activity [1.8] "CloseStream1" is Executing
{
    Arguments
        Stream: System.IO.MemoryStream
}
54: WorkflowInstance "GetSftpFtpNextFileActivity" is Idle
55: Activity [1.8] "CloseStream1" is Closed
{
    Arguments
        Stream: System.IO.MemoryStream
}
56: Activity [1.7] "FinallySequence1" is Closed
57: Activity [1.6] "TryCatch" is Closed
58: Activity [1.2] "If" is Closed
{
    Arguments
        Condition: True
}
59: Activity [1.1] "Sequence" is Closed
{
    Variables
        _1a25a75f_79d5_4484_98f9_c744c2b55c4d_166: System.IO.MemoryStream
        _1a25a75f_79d5_4484_98f9_c744c2b55c4d_167: localfile.txt
        _1a25a75f_79d5_4484_98f9_c744c2b55c4d_168: C:\local_temp\localfile.txt
}
60: Activity [1] "GetSftpFtpNextFileActivity" is Closed
{
    Arguments
        LocalFileNameIn: localfile.txt
        LocalFileNameOut: localfile.txt
        RenameFile: False
        MoveFileTo: 
        LocalFilePath: C:\local_temp\localfile.txt
        ErrorOnTimeout: False
        SubscriptionId: b29dd4f0-82b7-4bde-84c4-c80329cc0836
        Timeout: 00:00:00
        Connection: Mock&lt;iCore.Public.Ftp.IFileTransferConnection:c473&gt;.Object
        OriginalFileName: file.name
        ProcessingFilePath: /directory/path/file.name
        IsImplicitlyCancellable: False
        LocalDirectory: C:\local_temp
        ProcessingFileName: file.name
        OriginalFilePath: /directory/path/file.name
        DeleteServerFile: False
}
61: WorkflowInstance "GetSftpFtpNextFileActivity" is Completed</StdOut>
      </Output>
    </UnitTestResult>
    <UnitTestResult executionId="fdbe34a5-61af-44d0-b2e8-bd84dd8c7a40" testId="742360af-63f8-7281-6ac1-63bb9c84a48b" testName="Invoke_NoRenameNoMove_TopDirectoryOriginalFilePath_OutArgumentProcessingFilePathIsSet" computerName="ICSWS068" duration="00:00:00.0100716" startTime="2016-08-04T09:59:10.7561641+02:00" endTime="2016-08-04T09:59:10.7681759+02:00" testType="13cdc9d9-ddb5-4fa4-a97d-d965ccfc6d4b" outcome="Passed" testListId="8c84fa94-04c1-424b-9868-57a2d4851a1d" relativeResultsDirectory="fdbe34a5-61af-44d0-b2e8-bd84dd8c7a40">
      <Output>
        <StdOut>Debug Trace:
FileTransferPath.GetDirectoryName: path=/file.name directorySeparator=
\: FileTransferPath.GetDirectoryName: Path.GetDirectoryName={0}
0: WorkflowInstance "GetSftpFtpNextFileActivity" is Started
1: Activity [null] "null" scheduled child activity [1] "GetSftpFtpNextFileActivity"
2: Activity [1] "GetSftpFtpNextFileActivity" is Executing
{
    Arguments
        LocalFileNameIn: localfile.txt
        RenameFile: False
        MoveFileTo: 
        ErrorOnTimeout: False
        SubscriptionId: dfcc9e46-2794-4ae6-857e-875545a404c9
        Timeout: 00:00:00
        Connection: Mock&lt;iCore.Public.Ftp.IFileTransferConnection:8991&gt;.Object
        IsImplicitlyCancellable: False
        LocalDirectory: C:\local_temp
        DeleteServerFile: False
}
3: Activity [1] "GetSftpFtpNextFileActivity" scheduled child activity [1.1] "Sequence"
4: Activity [1.1] "Sequence" is Executing
{
    Variables
        _1a25a75f_79d5_4484_98f9_c744c2b55c4d_169: System.IO.MemoryStream
        _1a25a75f_79d5_4484_98f9_c744c2b55c4d_170: localfile.txt
        _1a25a75f_79d5_4484_98f9_c744c2b55c4d_171: C:\local_temp\localfile.txt
}
5: Activity [1.1] "Sequence" scheduled child activity [1.81] "InternalGetNextFile1"
6: Activity [1.81] "InternalGetNextFile1" is Executing
{
    Arguments
        ErrorOnTimeout: False
        SubscriptionId: dfcc9e46-2794-4ae6-857e-875545a404c9
        Timeout: 00:00:00
        IsImplicitlyCancellable: False
}
7: CustomTrackingRecord [1.81] "iCPSTraceTrackingRecord"
8: WorkflowInstance "GetSftpFtpNextFileActivity" is Idle
9: Bookmark "4a09317a-9005-4305-b5e5-e2d6c3a82455" resumed with payload &lt;iCore.Workflow.Activities.Extensions.ItemSubscriptionEventArgs`1[iCore.Common.Utilities.FileSystemWatcher.FileInfoBase]&gt; owner [1.81] "InternalGetNextFile1"
10: Activity [1.81] "InternalGetNextFile1" is Closed
{
    Arguments
        ErrorOnTimeout: False
        SubscriptionId: dfcc9e46-2794-4ae6-857e-875545a404c9
        FileName: file.name
        Timeout: 00:00:00
        IsImplicitlyCancellable: False
        FilePath: /file.name
}
11: Activity [1.1] "Sequence" scheduled child activity [1.2] "If"
12: Activity [1.2] "If" is Executing
{
    Arguments
        Condition: True
}
13: Activity [1.2] "If" scheduled child activity [1.6] "TryCatch"
14: Activity [1.6] "TryCatch" is Executing
15: Activity [1.6] "TryCatch" scheduled child activity [1.10] "TrySequence1"
16: Activity [1.10] "TrySequence1" is Executing
17: Activity [1.10] "TrySequence1" scheduled child activity [1.75] "AssignProcessingFileName"
18: Activity [1.75] "AssignProcessingFileName" is Executing
{
    Arguments
        Value: file.name
}
19: Activity [1.75] "AssignProcessingFileName" is Closed
{
    Arguments
        Value: file.name
        To: file.name
}
20: Activity [1.10] "TrySequence1" scheduled child activity [1.68] "AssignProcessingFilePath"
21: Activity [1.68] "AssignProcessingFilePath" is Executing
{
    Arguments
        Value: /file.name
}
22: Activity [1.68] "AssignProcessingFilePath" is Closed
{
    Arguments
        Value: /file.name
        To: /file.name
}
23: Activity [1.10] "TrySequence1" scheduled child activity [1.56] "IfRenameFile"
24: Activity [1.56] "IfRenameFile" is Executing
{
    Arguments
        Condition: False
}
25: Activity [1.56] "IfRenameFile" is Closed
{
    Arguments
        Condition: False
}
26: Activity [1.10] "TrySequence1" scheduled child activity [1.50] "SetLocalFileName"
27: Activity [1.50] "SetLocalFileName" is Executing
{
    Arguments
        Value: localfile.txt
}
28: Activity [1.50] "SetLocalFileName" is Closed
{
    Arguments
        Value: localfile.txt
        To: localfile.txt
}
29: Activity [1.10] "TrySequence1" scheduled child activity [1.44] "SetLocalFilePath"
30: Activity [1.44] "SetLocalFilePath" is Executing
{
    Arguments
        Value: C:\local_temp\localfile.txt
}
31: Activity [1.44] "SetLocalFilePath" is Closed
{
    Arguments
        Value: C:\local_temp\localfile.txt
        To: C:\local_temp\localfile.txt
}
32: Activity [1.10] "TrySequence1" scheduled child activity [1.36] "OpenFile1"
33: Activity [1.36] "OpenFile1" is Executing
{
    Arguments
        FileAccess: ReadWrite
        FileMode: Create
        FileName: C:\local_temp\localfile.txt
        FileShare: None
}
34: WorkflowInstance "GetSftpFtpNextFileActivity" is Idle
35: Activity [1.36] "OpenFile1" is Closed
{
    Arguments
        FileAccess: ReadWrite
        FileMode: Create
        FileName: C:\local_temp\localfile.txt
        Result: System.IO.MemoryStream
        FileShare: None
}
36: Activity [1.10] "TrySequence1" scheduled child activity [1.30] "DownloadSftpFtpFileToStream1"
37: Activity [1.30] "DownloadSftpFtpFileToStream1" is Executing
{
    Arguments
        DestinationStream: System.IO.MemoryStream
        SourceFilename: /file.name
        Connection: Mock&lt;iCore.Public.Ftp.IFileTransferConnection:8991&gt;.Object
}
38: WorkflowInstance "GetSftpFtpNextFileActivity" is Idle
39: Activity [1.30] "DownloadSftpFtpFileToStream1" is Closed
{
    Arguments
        DestinationStream: System.IO.MemoryStream
        SourceFilename: /file.name
        Connection: Mock&lt;iCore.Public.Ftp.IFileTransferConnection:8991&gt;.Object
}
40: Activity [1.10] "TrySequence1" scheduled child activity [1.21] "If"
41: Activity [1.21] "If" is Executing
{
    Arguments
        Condition: False
}
42: Activity [1.21] "If" is Closed
{
    Arguments
        Condition: False
}
43: Activity [1.10] "TrySequence1" scheduled child activity [1.16] "AssignLocalFileNameOut"
44: Activity [1.16] "AssignLocalFileNameOut" is Executing
{
    Arguments
        Value: localfile.txt
}
45: Activity [1.16] "AssignLocalFileNameOut" is Closed
{
    Arguments
        Value: localfile.txt
        To: localfile.txt
}
46: Activity [1.10] "TrySequence1" scheduled child activity [1.11] "AssignLocalFilePath"
47: Activity [1.11] "AssignLocalFilePath" is Executing
{
    Arguments
        Value: C:\local_temp\localfile.txt
}
48: Activity [1.11] "AssignLocalFilePath" is Closed
{
    Arguments
        Value: C:\local_temp\localfile.txt
        To: C:\local_temp\localfile.txt
}
49: Activity [1.10] "TrySequence1" is Closed
50: Activity [1.6] "TryCatch" scheduled child activity [1.7] "FinallySequence1"
51: Activity [1.7] "FinallySequence1" is Executing
52: Activity [1.7] "FinallySequence1" scheduled child activity [1.8] "CloseStream1"
53: Activity [1.8] "CloseStream1" is Executing
{
    Arguments
        Stream: System.IO.MemoryStream
}
54: WorkflowInstance "GetSftpFtpNextFileActivity" is Idle
55: Activity [1.8] "CloseStream1" is Closed
{
    Arguments
        Stream: System.IO.MemoryStream
}
56: Activity [1.7] "FinallySequence1" is Closed
57: Activity [1.6] "TryCatch" is Closed
58: Activity [1.2] "If" is Closed
{
    Arguments
        Condition: True
}
59: Activity [1.1] "Sequence" is Closed
{
    Variables
        _1a25a75f_79d5_4484_98f9_c744c2b55c4d_172: System.IO.MemoryStream
        _1a25a75f_79d5_4484_98f9_c744c2b55c4d_173: localfile.txt
        _1a25a75f_79d5_4484_98f9_c744c2b55c4d_174: C:\local_temp\localfile.txt
}
60: Activity [1] "GetSftpFtpNextFileActivity" is Closed
{
    Arguments
        LocalFileNameIn: localfile.txt
        LocalFileNameOut: localfile.txt
        RenameFile: False
        MoveFileTo: 
        LocalFilePath: C:\local_temp\localfile.txt
        ErrorOnTimeout: False
        SubscriptionId: dfcc9e46-2794-4ae6-857e-875545a404c9
        Timeout: 00:00:00
        Connection: Mock&lt;iCore.Public.Ftp.IFileTransferConnection:8991&gt;.Object
        OriginalFileName: file.name
        ProcessingFilePath: /file.name
        IsImplicitlyCancellable: False
        LocalDirectory: C:\local_temp
        ProcessingFileName: file.name
        OriginalFilePath: /file.name
        DeleteServerFile: False
}
61: WorkflowInstance "GetSftpFtpNextFileActivity" is Completed</StdOut>
      </Output>
    </UnitTestResult>
    <UnitTestResult executionId="cfd7edff-2a1c-4bec-a2fa-573f269f7f9f" testId="e63e54b8-42d4-a8c1-50c8-8bcdbb5ef90f" testName="Invoke_NoRenameNoMove_OutArgumentProcessingFilenameIsSet" computerName="ICSWS068" duration="00:00:00.0099883" startTime="2016-08-04T09:59:10.7711779+02:00" endTime="2016-08-04T09:59:10.7821862+02:00" testType="13cdc9d9-ddb5-4fa4-a97d-d965ccfc6d4b" outcome="Passed" testListId="8c84fa94-04c1-424b-9868-57a2d4851a1d" relativeResultsDirectory="cfd7edff-2a1c-4bec-a2fa-573f269f7f9f">
      <Output>
        <StdOut>Debug Trace:
FileTransferPath.GetDirectoryName: path=/directory/path/file.name directorySeparator=
\directory\path: FileTransferPath.GetDirectoryName: Path.GetDirectoryName={0}
0: WorkflowInstance "GetSftpFtpNextFileActivity" is Started
1: Activity [null] "null" scheduled child activity [1] "GetSftpFtpNextFileActivity"
2: Activity [1] "GetSftpFtpNextFileActivity" is Executing
{
    Arguments
        LocalFileNameIn: localfile.txt
        RenameFile: False
        MoveFileTo: 
        ErrorOnTimeout: False
        SubscriptionId: 4957e539-e127-4944-9905-37c3b737b476
        Timeout: 00:00:00
        Connection: Mock&lt;iCore.Public.Ftp.IFileTransferConnection:8700&gt;.Object
        IsImplicitlyCancellable: False
        LocalDirectory: C:\local_temp
        DeleteServerFile: False
}
3: Activity [1] "GetSftpFtpNextFileActivity" scheduled child activity [1.1] "Sequence"
4: Activity [1.1] "Sequence" is Executing
{
    Variables
        _1a25a75f_79d5_4484_98f9_c744c2b55c4d_175: System.IO.MemoryStream
        _1a25a75f_79d5_4484_98f9_c744c2b55c4d_176: localfile.txt
        _1a25a75f_79d5_4484_98f9_c744c2b55c4d_177: C:\local_temp\localfile.txt
}
5: Activity [1.1] "Sequence" scheduled child activity [1.81] "InternalGetNextFile1"
6: Activity [1.81] "InternalGetNextFile1" is Executing
{
    Arguments
        ErrorOnTimeout: False
        SubscriptionId: 4957e539-e127-4944-9905-37c3b737b476
        Timeout: 00:00:00
        IsImplicitlyCancellable: False
}
7: CustomTrackingRecord [1.81] "iCPSTraceTrackingRecord"
8: WorkflowInstance "GetSftpFtpNextFileActivity" is Idle
9: Bookmark "fe6ce277-21cd-4b7b-8233-c2fb933b4b77" resumed with payload &lt;iCore.Workflow.Activities.Extensions.ItemSubscriptionEventArgs`1[iCore.Common.Utilities.FileSystemWatcher.FileInfoBase]&gt; owner [1.81] "InternalGetNextFile1"
10: Activity [1.81] "InternalGetNextFile1" is Closed
{
    Arguments
        ErrorOnTimeout: False
        SubscriptionId: 4957e539-e127-4944-9905-37c3b737b476
        FileName: file.name
        Timeout: 00:00:00
        IsImplicitlyCancellable: False
        FilePath: /directory/path/file.name
}
11: Activity [1.1] "Sequence" scheduled child activity [1.2] "If"
12: Activity [1.2] "If" is Executing
{
    Arguments
        Condition: True
}
13: Activity [1.2] "If" scheduled child activity [1.6] "TryCatch"
14: Activity [1.6] "TryCatch" is Executing
15: Activity [1.6] "TryCatch" scheduled child activity [1.10] "TrySequence1"
16: Activity [1.10] "TrySequence1" is Executing
17: Activity [1.10] "TrySequence1" scheduled child activity [1.75] "AssignProcessingFileName"
18: Activity [1.75] "AssignProcessingFileName" is Executing
{
    Arguments
        Value: file.name
}
19: Activity [1.75] "AssignProcessingFileName" is Closed
{
    Arguments
        Value: file.name
        To: file.name
}
20: Activity [1.10] "TrySequence1" scheduled child activity [1.68] "AssignProcessingFilePath"
21: Activity [1.68] "AssignProcessingFilePath" is Executing
{
    Arguments
        Value: /directory/path/file.name
}
22: Activity [1.68] "AssignProcessingFilePath" is Closed
{
    Arguments
        Value: /directory/path/file.name
        To: /directory/path/file.name
}
23: Activity [1.10] "TrySequence1" scheduled child activity [1.56] "IfRenameFile"
24: Activity [1.56] "IfRenameFile" is Executing
{
    Arguments
        Condition: False
}
25: Activity [1.56] "IfRenameFile" is Closed
{
    Arguments
        Condition: False
}
26: Activity [1.10] "TrySequence1" scheduled child activity [1.50] "SetLocalFileName"
27: Activity [1.50] "SetLocalFileName" is Executing
{
    Arguments
        Value: localfile.txt
}
28: Activity [1.50] "SetLocalFileName" is Closed
{
    Arguments
        Value: localfile.txt
        To: localfile.txt
}
29: Activity [1.10] "TrySequence1" scheduled child activity [1.44] "SetLocalFilePath"
30: Activity [1.44] "SetLocalFilePath" is Executing
{
    Arguments
        Value: C:\local_temp\localfile.txt
}
31: Activity [1.44] "SetLocalFilePath" is Closed
{
    Arguments
        Value: C:\local_temp\localfile.txt
        To: C:\local_temp\localfile.txt
}
32: Activity [1.10] "TrySequence1" scheduled child activity [1.36] "OpenFile1"
33: Activity [1.36] "OpenFile1" is Executing
{
    Arguments
        FileAccess: ReadWrite
        FileMode: Create
        FileName: C:\local_temp\localfile.txt
        FileShare: None
}
34: WorkflowInstance "GetSftpFtpNextFileActivity" is Idle
35: Activity [1.36] "OpenFile1" is Closed
{
    Arguments
        FileAccess: ReadWrite
        FileMode: Create
        FileName: C:\local_temp\localfile.txt
        Result: System.IO.MemoryStream
        FileShare: None
}
36: Activity [1.10] "TrySequence1" scheduled child activity [1.30] "DownloadSftpFtpFileToStream1"
37: Activity [1.30] "DownloadSftpFtpFileToStream1" is Executing
{
    Arguments
        DestinationStream: System.IO.MemoryStream
        SourceFilename: /directory/path/file.name
        Connection: Mock&lt;iCore.Public.Ftp.IFileTransferConnection:8700&gt;.Object
}
38: WorkflowInstance "GetSftpFtpNextFileActivity" is Idle
39: Activity [1.30] "DownloadSftpFtpFileToStream1" is Closed
{
    Arguments
        DestinationStream: System.IO.MemoryStream
        SourceFilename: /directory/path/file.name
        Connection: Mock&lt;iCore.Public.Ftp.IFileTransferConnection:8700&gt;.Object
}
40: Activity [1.10] "TrySequence1" scheduled child activity [1.21] "If"
41: Activity [1.21] "If" is Executing
{
    Arguments
        Condition: False
}
42: Activity [1.21] "If" is Closed
{
    Arguments
        Condition: False
}
43: Activity [1.10] "TrySequence1" scheduled child activity [1.16] "AssignLocalFileNameOut"
44: Activity [1.16] "AssignLocalFileNameOut" is Executing
{
    Arguments
        Value: localfile.txt
}
45: Activity [1.16] "AssignLocalFileNameOut" is Closed
{
    Arguments
        Value: localfile.txt
        To: localfile.txt
}
46: Activity [1.10] "TrySequence1" scheduled child activity [1.11] "AssignLocalFilePath"
47: Activity [1.11] "AssignLocalFilePath" is Executing
{
    Arguments
        Value: C:\local_temp\localfile.txt
}
48: Activity [1.11] "AssignLocalFilePath" is Closed
{
    Arguments
        Value: C:\local_temp\localfile.txt
        To: C:\local_temp\localfile.txt
}
49: Activity [1.10] "TrySequence1" is Closed
50: Activity [1.6] "TryCatch" scheduled child activity [1.7] "FinallySequence1"
51: Activity [1.7] "FinallySequence1" is Executing
52: Activity [1.7] "FinallySequence1" scheduled child activity [1.8] "CloseStream1"
53: Activity [1.8] "CloseStream1" is Executing
{
    Arguments
        Stream: System.IO.MemoryStream
}
54: WorkflowInstance "GetSftpFtpNextFileActivity" is Idle
55: Activity [1.8] "CloseStream1" is Closed
{
    Arguments
        Stream: System.IO.MemoryStream
}
56: Activity [1.7] "FinallySequence1" is Closed
57: Activity [1.6] "TryCatch" is Closed
58: Activity [1.2] "If" is Closed
{
    Arguments
        Condition: True
}
59: Activity [1.1] "Sequence" is Closed
{
    Variables
        _1a25a75f_79d5_4484_98f9_c744c2b55c4d_178: System.IO.MemoryStream
        _1a25a75f_79d5_4484_98f9_c744c2b55c4d_179: localfile.txt
        _1a25a75f_79d5_4484_98f9_c744c2b55c4d_180: C:\local_temp\localfile.txt
}
60: Activity [1] "GetSftpFtpNextFileActivity" is Closed
{
    Arguments
        LocalFileNameIn: localfile.txt
        LocalFileNameOut: localfile.txt
        RenameFile: False
        MoveFileTo: 
        LocalFilePath: C:\local_temp\localfile.txt
        ErrorOnTimeout: False
        SubscriptionId: 4957e539-e127-4944-9905-37c3b737b476
        Timeout: 00:00:00
        Connection: Mock&lt;iCore.Public.Ftp.IFileTransferConnection:8700&gt;.Object
        OriginalFileName: file.name
        ProcessingFilePath: /directory/path/file.name
        IsImplicitlyCancellable: False
        LocalDirectory: C:\local_temp
        ProcessingFileName: file.name
        OriginalFilePath: /directory/path/file.name
        DeleteServerFile: False
}
61: WorkflowInstance "GetSftpFtpNextFileActivity" is Completed</StdOut>
      </Output>
    </UnitTestResult>
    <UnitTestResult executionId="4f3c6a65-871c-4651-9107-42686e9e7a95" testId="6aaa3180-32aa-3a58-2ac8-edf395f5350b" testName="Invoke_NoRenameNoMove_OutArgumentLocalFilePathIsSet" computerName="ICSWS068" duration="00:00:00.0097153" startTime="2016-08-04T09:59:10.7860117+02:00" endTime="2016-08-04T09:59:10.7970353+02:00" testType="13cdc9d9-ddb5-4fa4-a97d-d965ccfc6d4b" outcome="Passed" testListId="8c84fa94-04c1-424b-9868-57a2d4851a1d" relativeResultsDirectory="4f3c6a65-871c-4651-9107-42686e9e7a95">
      <Output>
        <StdOut>Debug Trace:
FileTransferPath.GetDirectoryName: path=/directory/path/file.name directorySeparator=
\directory\path: FileTransferPath.GetDirectoryName: Path.GetDirectoryName={0}
0: WorkflowInstance "GetSftpFtpNextFileActivity" is Started
1: Activity [null] "null" scheduled child activity [1] "GetSftpFtpNextFileActivity"
2: Activity [1] "GetSftpFtpNextFileActivity" is Executing
{
    Arguments
        LocalFileNameIn: localfile.txt
        RenameFile: False
        MoveFileTo: 
        ErrorOnTimeout: False
        SubscriptionId: eb1a6a1d-eab3-4dd6-b85f-944515df3e0b
        Timeout: 00:00:00
        Connection: Mock&lt;iCore.Public.Ftp.IFileTransferConnection:afa6&gt;.Object
        IsImplicitlyCancellable: False
        LocalDirectory: C:\local_temp
        DeleteServerFile: False
}
3: Activity [1] "GetSftpFtpNextFileActivity" scheduled child activity [1.1] "Sequence"
4: Activity [1.1] "Sequence" is Executing
{
    Variables
        _1a25a75f_79d5_4484_98f9_c744c2b55c4d_181: System.IO.MemoryStream
        _1a25a75f_79d5_4484_98f9_c744c2b55c4d_182: localfile.txt
        _1a25a75f_79d5_4484_98f9_c744c2b55c4d_183: C:\local_temp\localfile.txt
}
5: Activity [1.1] "Sequence" scheduled child activity [1.81] "InternalGetNextFile1"
6: Activity [1.81] "InternalGetNextFile1" is Executing
{
    Arguments
        ErrorOnTimeout: False
        SubscriptionId: eb1a6a1d-eab3-4dd6-b85f-944515df3e0b
        Timeout: 00:00:00
        IsImplicitlyCancellable: False
}
7: CustomTrackingRecord [1.81] "iCPSTraceTrackingRecord"
8: WorkflowInstance "GetSftpFtpNextFileActivity" is Idle
9: Bookmark "3f3b5f55-ff9a-47a5-ade6-331a5df66d86" resumed with payload &lt;iCore.Workflow.Activities.Extensions.ItemSubscriptionEventArgs`1[iCore.Common.Utilities.FileSystemWatcher.FileInfoBase]&gt; owner [1.81] "InternalGetNextFile1"
10: Activity [1.81] "InternalGetNextFile1" is Closed
{
    Arguments
        ErrorOnTimeout: False
        SubscriptionId: eb1a6a1d-eab3-4dd6-b85f-944515df3e0b
        FileName: file.name
        Timeout: 00:00:00
        IsImplicitlyCancellable: False
        FilePath: /directory/path/file.name
}
11: Activity [1.1] "Sequence" scheduled child activity [1.2] "If"
12: Activity [1.2] "If" is Executing
{
    Arguments
        Condition: True
}
13: Activity [1.2] "If" scheduled child activity [1.6] "TryCatch"
14: Activity [1.6] "TryCatch" is Executing
15: Activity [1.6] "TryCatch" scheduled child activity [1.10] "TrySequence1"
16: Activity [1.10] "TrySequence1" is Executing
17: Activity [1.10] "TrySequence1" scheduled child activity [1.75] "AssignProcessingFileName"
18: Activity [1.75] "AssignProcessingFileName" is Executing
{
    Arguments
        Value: file.name
}
19: Activity [1.75] "AssignProcessingFileName" is Closed
{
    Arguments
        Value: file.name
        To: file.name
}
20: Activity [1.10] "TrySequence1" scheduled child activity [1.68] "AssignProcessingFilePath"
21: Activity [1.68] "AssignProcessingFilePath" is Executing
{
    Arguments
        Value: /directory/path/file.name
}
22: Activity [1.68] "AssignProcessingFilePath" is Closed
{
    Arguments
        Value: /directory/path/file.name
        To: /directory/path/file.name
}
23: Activity [1.10] "TrySequence1" scheduled child activity [1.56] "IfRenameFile"
24: Activity [1.56] "IfRenameFile" is Executing
{
    Arguments
        Condition: False
}
25: Activity [1.56] "IfRenameFile" is Closed
{
    Arguments
        Condition: False
}
26: Activity [1.10] "TrySequence1" scheduled child activity [1.50] "SetLocalFileName"
27: Activity [1.50] "SetLocalFileName" is Executing
{
    Arguments
        Value: localfile.txt
}
28: Activity [1.50] "SetLocalFileName" is Closed
{
    Arguments
        Value: localfile.txt
        To: localfile.txt
}
29: Activity [1.10] "TrySequence1" scheduled child activity [1.44] "SetLocalFilePath"
30: Activity [1.44] "SetLocalFilePath" is Executing
{
    Arguments
        Value: C:\local_temp\localfile.txt
}
31: Activity [1.44] "SetLocalFilePath" is Closed
{
    Arguments
        Value: C:\local_temp\localfile.txt
        To: C:\local_temp\localfile.txt
}
32: Activity [1.10] "TrySequence1" scheduled child activity [1.36] "OpenFile1"
33: Activity [1.36] "OpenFile1" is Executing
{
    Arguments
        FileAccess: ReadWrite
        FileMode: Create
        FileName: C:\local_temp\localfile.txt
        FileShare: None
}
34: WorkflowInstance "GetSftpFtpNextFileActivity" is Idle
35: Activity [1.36] "OpenFile1" is Closed
{
    Arguments
        FileAccess: ReadWrite
        FileMode: Create
        FileName: C:\local_temp\localfile.txt
        Result: System.IO.MemoryStream
        FileShare: None
}
36: Activity [1.10] "TrySequence1" scheduled child activity [1.30] "DownloadSftpFtpFileToStream1"
37: Activity [1.30] "DownloadSftpFtpFileToStream1" is Executing
{
    Arguments
        DestinationStream: System.IO.MemoryStream
        SourceFilename: /directory/path/file.name
        Connection: Mock&lt;iCore.Public.Ftp.IFileTransferConnection:afa6&gt;.Object
}
38: WorkflowInstance "GetSftpFtpNextFileActivity" is Idle
39: Activity [1.30] "DownloadSftpFtpFileToStream1" is Closed
{
    Arguments
        DestinationStream: System.IO.MemoryStream
        SourceFilename: /directory/path/file.name
        Connection: Mock&lt;iCore.Public.Ftp.IFileTransferConnection:afa6&gt;.Object
}
40: Activity [1.10] "TrySequence1" scheduled child activity [1.21] "If"
41: Activity [1.21] "If" is Executing
{
    Arguments
        Condition: False
}
42: Activity [1.21] "If" is Closed
{
    Arguments
        Condition: False
}
43: Activity [1.10] "TrySequence1" scheduled child activity [1.16] "AssignLocalFileNameOut"
44: Activity [1.16] "AssignLocalFileNameOut" is Executing
{
    Arguments
        Value: localfile.txt
}
45: Activity [1.16] "AssignLocalFileNameOut" is Closed
{
    Arguments
        Value: localfile.txt
        To: localfile.txt
}
46: Activity [1.10] "TrySequence1" scheduled child activity [1.11] "AssignLocalFilePath"
47: Activity [1.11] "AssignLocalFilePath" is Executing
{
    Arguments
        Value: C:\local_temp\localfile.txt
}
48: Activity [1.11] "AssignLocalFilePath" is Closed
{
    Arguments
        Value: C:\local_temp\localfile.txt
        To: C:\local_temp\localfile.txt
}
49: Activity [1.10] "TrySequence1" is Closed
50: Activity [1.6] "TryCatch" scheduled child activity [1.7] "FinallySequence1"
51: Activity [1.7] "FinallySequence1" is Executing
52: Activity [1.7] "FinallySequence1" scheduled child activity [1.8] "CloseStream1"
53: Activity [1.8] "CloseStream1" is Executing
{
    Arguments
        Stream: System.IO.MemoryStream
}
54: WorkflowInstance "GetSftpFtpNextFileActivity" is Idle
55: Activity [1.8] "CloseStream1" is Closed
{
    Arguments
        Stream: System.IO.MemoryStream
}
56: Activity [1.7] "FinallySequence1" is Closed
57: Activity [1.6] "TryCatch" is Closed
58: Activity [1.2] "If" is Closed
{
    Arguments
        Condition: True
}
59: Activity [1.1] "Sequence" is Closed
{
    Variables
        _1a25a75f_79d5_4484_98f9_c744c2b55c4d_184: System.IO.MemoryStream
        _1a25a75f_79d5_4484_98f9_c744c2b55c4d_185: localfile.txt
        _1a25a75f_79d5_4484_98f9_c744c2b55c4d_186: C:\local_temp\localfile.txt
}
60: Activity [1] "GetSftpFtpNextFileActivity" is Closed
{
    Arguments
        LocalFileNameIn: localfile.txt
        LocalFileNameOut: localfile.txt
        RenameFile: False
        MoveFileTo: 
        LocalFilePath: C:\local_temp\localfile.txt
        ErrorOnTimeout: False
        SubscriptionId: eb1a6a1d-eab3-4dd6-b85f-944515df3e0b
        Timeout: 00:00:00
        Connection: Mock&lt;iCore.Public.Ftp.IFileTransferConnection:afa6&gt;.Object
        OriginalFileName: file.name
        ProcessingFilePath: /directory/path/file.name
        IsImplicitlyCancellable: False
        LocalDirectory: C:\local_temp
        ProcessingFileName: file.name
        OriginalFilePath: /directory/path/file.name
        DeleteServerFile: False
}
61: WorkflowInstance "GetSftpFtpNextFileActivity" is Completed</StdOut>
      </Output>
    </UnitTestResult>
    <UnitTestResult executionId="e1beea1e-2139-41b4-8250-0273f6cd63f6" testId="f9900c17-aaf0-da98-15a1-3e76c2280c6e" testName="Invoke_NoRenameNoMove_OutArgumentLocalFilenameIsSet" computerName="ICSWS068" duration="00:00:00.0111921" startTime="2016-08-04T09:59:10.8005223+02:00" endTime="2016-08-04T09:59:10.8135502+02:00" testType="13cdc9d9-ddb5-4fa4-a97d-d965ccfc6d4b" outcome="Passed" testListId="8c84fa94-04c1-424b-9868-57a2d4851a1d" relativeResultsDirectory="e1beea1e-2139-41b4-8250-0273f6cd63f6">
      <Output>
        <StdOut>Debug Trace:
FileTransferPath.GetDirectoryName: path=/directory/path/file.name directorySeparator=
\directory\path: FileTransferPath.GetDirectoryName: Path.GetDirectoryName={0}
0: WorkflowInstance "GetSftpFtpNextFileActivity" is Started
1: Activity [null] "null" scheduled child activity [1] "GetSftpFtpNextFileActivity"
2: Activity [1] "GetSftpFtpNextFileActivity" is Executing
{
    Arguments
        LocalFileNameIn: localfile.txt
        RenameFile: False
        MoveFileTo: 
        ErrorOnTimeout: False
        SubscriptionId: 58f3c4b1-383f-487d-b0e2-fdfef81fc662
        Timeout: 00:00:00
        Connection: Mock&lt;iCore.Public.Ftp.IFileTransferConnection:863c&gt;.Object
        IsImplicitlyCancellable: False
        LocalDirectory: C:\local_temp
        DeleteServerFile: False
}
3: Activity [1] "GetSftpFtpNextFileActivity" scheduled child activity [1.1] "Sequence"
4: Activity [1.1] "Sequence" is Executing
{
    Variables
        _1a25a75f_79d5_4484_98f9_c744c2b55c4d_187: System.IO.MemoryStream
        _1a25a75f_79d5_4484_98f9_c744c2b55c4d_188: localfile.txt
        _1a25a75f_79d5_4484_98f9_c744c2b55c4d_189: C:\local_temp\localfile.txt
}
5: Activity [1.1] "Sequence" scheduled child activity [1.81] "InternalGetNextFile1"
6: Activity [1.81] "InternalGetNextFile1" is Executing
{
    Arguments
        ErrorOnTimeout: False
        SubscriptionId: 58f3c4b1-383f-487d-b0e2-fdfef81fc662
        Timeout: 00:00:00
        IsImplicitlyCancellable: False
}
7: CustomTrackingRecord [1.81] "iCPSTraceTrackingRecord"
8: WorkflowInstance "GetSftpFtpNextFileActivity" is Idle
9: Bookmark "ca66d1c9-6498-46c3-81fb-8580c02f82fa" resumed with payload &lt;iCore.Workflow.Activities.Extensions.ItemSubscriptionEventArgs`1[iCore.Common.Utilities.FileSystemWatcher.FileInfoBase]&gt; owner [1.81] "InternalGetNextFile1"
10: Activity [1.81] "InternalGetNextFile1" is Closed
{
    Arguments
        ErrorOnTimeout: False
        SubscriptionId: 58f3c4b1-383f-487d-b0e2-fdfef81fc662
        FileName: file.name
        Timeout: 00:00:00
        IsImplicitlyCancellable: False
        FilePath: /directory/path/file.name
}
11: Activity [1.1] "Sequence" scheduled child activity [1.2] "If"
12: Activity [1.2] "If" is Executing
{
    Arguments
        Condition: True
}
13: Activity [1.2] "If" scheduled child activity [1.6] "TryCatch"
14: Activity [1.6] "TryCatch" is Executing
15: Activity [1.6] "TryCatch" scheduled child activity [1.10] "TrySequence1"
16: Activity [1.10] "TrySequence1" is Executing
17: Activity [1.10] "TrySequence1" scheduled child activity [1.75] "AssignProcessingFileName"
18: Activity [1.75] "AssignProcessingFileName" is Executing
{
    Arguments
        Value: file.name
}
19: Activity [1.75] "AssignProcessingFileName" is Closed
{
    Arguments
        Value: file.name
        To: file.name
}
20: Activity [1.10] "TrySequence1" scheduled child activity [1.68] "AssignProcessingFilePath"
21: Activity [1.68] "AssignProcessingFilePath" is Executing
{
    Arguments
        Value: /directory/path/file.name
}
22: Activity [1.68] "AssignProcessingFilePath" is Closed
{
    Arguments
        Value: /directory/path/file.name
        To: /directory/path/file.name
}
23: Activity [1.10] "TrySequence1" scheduled child activity [1.56] "IfRenameFile"
24: Activity [1.56] "IfRenameFile" is Executing
{
    Arguments
        Condition: False
}
25: Activity [1.56] "IfRenameFile" is Closed
{
    Arguments
        Condition: False
}
26: Activity [1.10] "TrySequence1" scheduled child activity [1.50] "SetLocalFileName"
27: Activity [1.50] "SetLocalFileName" is Executing
{
    Arguments
        Value: localfile.txt
}
28: Activity [1.50] "SetLocalFileName" is Closed
{
    Arguments
        Value: localfile.txt
        To: localfile.txt
}
29: Activity [1.10] "TrySequence1" scheduled child activity [1.44] "SetLocalFilePath"
30: Activity [1.44] "SetLocalFilePath" is Executing
{
    Arguments
        Value: C:\local_temp\localfile.txt
}
31: Activity [1.44] "SetLocalFilePath" is Closed
{
    Arguments
        Value: C:\local_temp\localfile.txt
        To: C:\local_temp\localfile.txt
}
32: Activity [1.10] "TrySequence1" scheduled child activity [1.36] "OpenFile1"
33: Activity [1.36] "OpenFile1" is Executing
{
    Arguments
        FileAccess: ReadWrite
        FileMode: Create
        FileName: C:\local_temp\localfile.txt
        FileShare: None
}
34: WorkflowInstance "GetSftpFtpNextFileActivity" is Idle
35: Activity [1.36] "OpenFile1" is Closed
{
    Arguments
        FileAccess: ReadWrite
        FileMode: Create
        FileName: C:\local_temp\localfile.txt
        Result: System.IO.MemoryStream
        FileShare: None
}
36: Activity [1.10] "TrySequence1" scheduled child activity [1.30] "DownloadSftpFtpFileToStream1"
37: Activity [1.30] "DownloadSftpFtpFileToStream1" is Executing
{
    Arguments
        DestinationStream: System.IO.MemoryStream
        SourceFilename: /directory/path/file.name
        Connection: Mock&lt;iCore.Public.Ftp.IFileTransferConnection:863c&gt;.Object
}
38: WorkflowInstance "GetSftpFtpNextFileActivity" is Idle
39: Activity [1.30] "DownloadSftpFtpFileToStream1" is Closed
{
    Arguments
        DestinationStream: System.IO.MemoryStream
        SourceFilename: /directory/path/file.name
        Connection: Mock&lt;iCore.Public.Ftp.IFileTransferConnection:863c&gt;.Object
}
40: Activity [1.10] "TrySequence1" scheduled child activity [1.21] "If"
41: Activity [1.21] "If" is Executing
{
    Arguments
        Condition: False
}
42: Activity [1.21] "If" is Closed
{
    Arguments
        Condition: False
}
43: Activity [1.10] "TrySequence1" scheduled child activity [1.16] "AssignLocalFileNameOut"
44: Activity [1.16] "AssignLocalFileNameOut" is Executing
{
    Arguments
        Value: localfile.txt
}
45: Activity [1.16] "AssignLocalFileNameOut" is Closed
{
    Arguments
        Value: localfile.txt
        To: localfile.txt
}
46: Activity [1.10] "TrySequence1" scheduled child activity [1.11] "AssignLocalFilePath"
47: Activity [1.11] "AssignLocalFilePath" is Executing
{
    Arguments
        Value: C:\local_temp\localfile.txt
}
48: Activity [1.11] "AssignLocalFilePath" is Closed
{
    Arguments
        Value: C:\local_temp\localfile.txt
        To: C:\local_temp\localfile.txt
}
49: Activity [1.10] "TrySequence1" is Closed
50: Activity [1.6] "TryCatch" scheduled child activity [1.7] "FinallySequence1"
51: Activity [1.7] "FinallySequence1" is Executing
52: Activity [1.7] "FinallySequence1" scheduled child activity [1.8] "CloseStream1"
53: Activity [1.8] "CloseStream1" is Executing
{
    Arguments
        Stream: System.IO.MemoryStream
}
54: WorkflowInstance "GetSftpFtpNextFileActivity" is Idle
55: Activity [1.8] "CloseStream1" is Closed
{
    Arguments
        Stream: System.IO.MemoryStream
}
56: Activity [1.7] "FinallySequence1" is Closed
57: Activity [1.6] "TryCatch" is Closed
58: Activity [1.2] "If" is Closed
{
    Arguments
        Condition: True
}
59: Activity [1.1] "Sequence" is Closed
{
    Variables
        _1a25a75f_79d5_4484_98f9_c744c2b55c4d_190: System.IO.MemoryStream
        _1a25a75f_79d5_4484_98f9_c744c2b55c4d_191: localfile.txt
        _1a25a75f_79d5_4484_98f9_c744c2b55c4d_192: C:\local_temp\localfile.txt
}
60: Activity [1] "GetSftpFtpNextFileActivity" is Closed
{
    Arguments
        LocalFileNameIn: localfile.txt
        LocalFileNameOut: localfile.txt
        RenameFile: False
        MoveFileTo: 
        LocalFilePath: C:\local_temp\localfile.txt
        ErrorOnTimeout: False
        SubscriptionId: 58f3c4b1-383f-487d-b0e2-fdfef81fc662
        Timeout: 00:00:00
        Connection: Mock&lt;iCore.Public.Ftp.IFileTransferConnection:863c&gt;.Object
        OriginalFileName: file.name
        ProcessingFilePath: /directory/path/file.name
        IsImplicitlyCancellable: False
        LocalDirectory: C:\local_temp
        ProcessingFileName: file.name
        OriginalFilePath: /directory/path/file.name
        DeleteServerFile: False
}
61: WorkflowInstance "GetSftpFtpNextFileActivity" is Completed</StdOut>
      </Output>
    </UnitTestResult>
    <UnitTestResult executionId="df21a322-35e0-4bd6-a92a-a95b08a76f45" testId="44a64d7f-2f31-7b9a-b4f2-f1e6449757c1" testName="Invoke_RenameNoMove_OutArgumentOriginalFilePathIsSet" computerName="ICSWS068" duration="00:00:00.0113560" startTime="2016-08-04T09:59:10.8165367+02:00" endTime="2016-08-04T09:59:10.8293262+02:00" testType="13cdc9d9-ddb5-4fa4-a97d-d965ccfc6d4b" outcome="Passed" testListId="8c84fa94-04c1-424b-9868-57a2d4851a1d" relativeResultsDirectory="df21a322-35e0-4bd6-a92a-a95b08a76f45">
      <Output>
        <StdOut>Debug Trace:
FileTransferPath.GetDirectoryName: path=/directory/path/file.name directorySeparator=
\directory\path: FileTransferPath.GetDirectoryName: Path.GetDirectoryName={0}
0: WorkflowInstance "GetSftpFtpNextFileActivity" is Started
1: Activity [null] "null" scheduled child activity [1] "GetSftpFtpNextFileActivity"
2: Activity [1] "GetSftpFtpNextFileActivity" is Executing
{
    Arguments
        LocalFileNameIn: localfile.txt
        RenameFile: True
        MoveFileTo: 
        ErrorOnTimeout: False
        SubscriptionId: 6d4fb056-2844-48d3-a510-3622f1596b3d
        Timeout: 00:00:00
        Connection: Mock&lt;iCore.Public.Ftp.IFileTransferConnection:a04f&gt;.Object
        IsImplicitlyCancellable: False
        LocalDirectory: C:\local_temp
        DeleteServerFile: False
}
3: Activity [1] "GetSftpFtpNextFileActivity" scheduled child activity [1.1] "Sequence"
4: Activity [1.1] "Sequence" is Executing
{
    Variables
        _1a25a75f_79d5_4484_98f9_c744c2b55c4d_193: System.IO.MemoryStream
        _1a25a75f_79d5_4484_98f9_c744c2b55c4d_194: localfile.txt
        _1a25a75f_79d5_4484_98f9_c744c2b55c4d_195: C:\local_temp\localfile.txt
}
5: Activity [1.1] "Sequence" scheduled child activity [1.81] "InternalGetNextFile1"
6: Activity [1.81] "InternalGetNextFile1" is Executing
{
    Arguments
        ErrorOnTimeout: False
        SubscriptionId: 6d4fb056-2844-48d3-a510-3622f1596b3d
        Timeout: 00:00:00
        IsImplicitlyCancellable: False
}
7: CustomTrackingRecord [1.81] "iCPSTraceTrackingRecord"
8: WorkflowInstance "GetSftpFtpNextFileActivity" is Idle
9: Bookmark "b88ff05c-129e-4acf-8748-8e125b6393cb" resumed with payload &lt;iCore.Workflow.Activities.Extensions.ItemSubscriptionEventArgs`1[iCore.Common.Utilities.FileSystemWatcher.FileInfoBase]&gt; owner [1.81] "InternalGetNextFile1"
10: Activity [1.81] "InternalGetNextFile1" is Closed
{
    Arguments
        ErrorOnTimeout: False
        SubscriptionId: 6d4fb056-2844-48d3-a510-3622f1596b3d
        FileName: file.name
        Timeout: 00:00:00
        IsImplicitlyCancellable: False
        FilePath: /directory/path/file.name
}
11: Activity [1.1] "Sequence" scheduled child activity [1.2] "If"
12: Activity [1.2] "If" is Executing
{
    Arguments
        Condition: True
}
13: Activity [1.2] "If" scheduled child activity [1.6] "TryCatch"
14: Activity [1.6] "TryCatch" is Executing
15: Activity [1.6] "TryCatch" scheduled child activity [1.10] "TrySequence1"
16: Activity [1.10] "TrySequence1" is Executing
17: Activity [1.10] "TrySequence1" scheduled child activity [1.75] "AssignProcessingFileName"
18: Activity [1.75] "AssignProcessingFileName" is Executing
{
    Arguments
        Value: file.test
}
19: Activity [1.75] "AssignProcessingFileName" is Closed
{
    Arguments
        Value: file.test
        To: file.test
}
20: Activity [1.10] "TrySequence1" scheduled child activity [1.68] "AssignProcessingFilePath"
21: Activity [1.68] "AssignProcessingFilePath" is Executing
{
    Arguments
        Value: /directory/path/file.test
}
22: Activity [1.68] "AssignProcessingFilePath" is Closed
{
    Arguments
        Value: /directory/path/file.test
        To: /directory/path/file.test
}
23: Activity [1.10] "TrySequence1" scheduled child activity [1.56] "IfRenameFile"
24: Activity [1.56] "IfRenameFile" is Executing
{
    Arguments
        Condition: True
}
25: Activity [1.56] "IfRenameFile" scheduled child activity [1.60] "RenameSftpFtpFile1"
26: Activity [1.60] "RenameSftpFtpFile1" is Executing
{
    Arguments
        FromFilename: /directory/path/file.name
        Overwrite: True
        ToFilename: /directory/path/file.test
        Connection: Mock&lt;iCore.Public.Ftp.IFileTransferConnection:a04f&gt;.Object
}
27: WorkflowInstance "GetSftpFtpNextFileActivity" is Idle
28: Activity [1.60] "RenameSftpFtpFile1" is Closed
{
    Arguments
        FromFilename: /directory/path/file.name
        Overwrite: True
        ToFilename: /directory/path/file.test
        Connection: Mock&lt;iCore.Public.Ftp.IFileTransferConnection:a04f&gt;.Object
}
29: Activity [1.56] "IfRenameFile" is Closed
{
    Arguments
        Condition: True
}
30: Activity [1.10] "TrySequence1" scheduled child activity [1.50] "SetLocalFileName"
31: Activity [1.50] "SetLocalFileName" is Executing
{
    Arguments
        Value: localfile.txt
}
32: Activity [1.50] "SetLocalFileName" is Closed
{
    Arguments
        Value: localfile.txt
        To: localfile.txt
}
33: Activity [1.10] "TrySequence1" scheduled child activity [1.44] "SetLocalFilePath"
34: Activity [1.44] "SetLocalFilePath" is Executing
{
    Arguments
        Value: C:\local_temp\localfile.txt
}
35: Activity [1.44] "SetLocalFilePath" is Closed
{
    Arguments
        Value: C:\local_temp\localfile.txt
        To: C:\local_temp\localfile.txt
}
36: Activity [1.10] "TrySequence1" scheduled child activity [1.36] "OpenFile1"
37: Activity [1.36] "OpenFile1" is Executing
{
    Arguments
        FileAccess: ReadWrite
        FileMode: Create
        FileName: C:\local_temp\localfile.txt
        FileShare: None
}
38: WorkflowInstance "GetSftpFtpNextFileActivity" is Idle
39: Activity [1.36] "OpenFile1" is Closed
{
    Arguments
        FileAccess: ReadWrite
        FileMode: Create
        FileName: C:\local_temp\localfile.txt
        Result: System.IO.MemoryStream
        FileShare: None
}
40: Activity [1.10] "TrySequence1" scheduled child activity [1.30] "DownloadSftpFtpFileToStream1"
41: Activity [1.30] "DownloadSftpFtpFileToStream1" is Executing
{
    Arguments
        DestinationStream: System.IO.MemoryStream
        SourceFilename: /directory/path/file.test
        Connection: Mock&lt;iCore.Public.Ftp.IFileTransferConnection:a04f&gt;.Object
}
42: WorkflowInstance "GetSftpFtpNextFileActivity" is Idle
43: Activity [1.30] "DownloadSftpFtpFileToStream1" is Closed
{
    Arguments
        DestinationStream: System.IO.MemoryStream
        SourceFilename: /directory/path/file.test
        Connection: Mock&lt;iCore.Public.Ftp.IFileTransferConnection:a04f&gt;.Object
}
44: Activity [1.10] "TrySequence1" scheduled child activity [1.21] "If"
45: Activity [1.21] "If" is Executing
{
    Arguments
        Condition: False
}
46: Activity [1.21] "If" is Closed
{
    Arguments
        Condition: False
}
47: Activity [1.10] "TrySequence1" scheduled child activity [1.16] "AssignLocalFileNameOut"
48: Activity [1.16] "AssignLocalFileNameOut" is Executing
{
    Arguments
        Value: localfile.txt
}
49: Activity [1.16] "AssignLocalFileNameOut" is Closed
{
    Arguments
        Value: localfile.txt
        To: localfile.txt
}
50: Activity [1.10] "TrySequence1" scheduled child activity [1.11] "AssignLocalFilePath"
51: Activity [1.11] "AssignLocalFilePath" is Executing
{
    Arguments
        Value: C:\local_temp\localfile.txt
}
52: Activity [1.11] "AssignLocalFilePath" is Closed
{
    Arguments
        Value: C:\local_temp\localfile.txt
        To: C:\local_temp\localfile.txt
}
53: Activity [1.10] "TrySequence1" is Closed
54: Activity [1.6] "TryCatch" scheduled child activity [1.7] "FinallySequence1"
55: Activity [1.7] "FinallySequence1" is Executing
56: Activity [1.7] "FinallySequence1" scheduled child activity [1.8] "CloseStream1"
57: Activity [1.8] "CloseStream1" is Executing
{
    Arguments
        Stream: System.IO.MemoryStream
}
58: WorkflowInstance "GetSftpFtpNextFileActivity" is Idle
59: Activity [1.8] "CloseStream1" is Closed
{
    Arguments
        Stream: System.IO.MemoryStream
}
60: Activity [1.7] "FinallySequence1" is Closed
61: Activity [1.6] "TryCatch" is Closed
62: Activity [1.2] "If" is Closed
{
    Arguments
        Condition: True
}
63: Activity [1.1] "Sequence" is Closed
{
    Variables
        _1a25a75f_79d5_4484_98f9_c744c2b55c4d_196: System.IO.MemoryStream
        _1a25a75f_79d5_4484_98f9_c744c2b55c4d_197: localfile.txt
        _1a25a75f_79d5_4484_98f9_c744c2b55c4d_198: C:\local_temp\localfile.txt
}
64: Activity [1] "GetSftpFtpNextFileActivity" is Closed
{
    Arguments
        LocalFileNameIn: localfile.txt
        LocalFileNameOut: localfile.txt
        RenameFile: True
        MoveFileTo: 
        LocalFilePath: C:\local_temp\localfile.txt
        ErrorOnTimeout: False
        SubscriptionId: 6d4fb056-2844-48d3-a510-3622f1596b3d
        Timeout: 00:00:00
        Connection: Mock&lt;iCore.Public.Ftp.IFileTransferConnection:a04f&gt;.Object
        OriginalFileName: file.name
        ProcessingFilePath: /directory/path/file.test
        IsImplicitlyCancellable: False
        LocalDirectory: C:\local_temp
        ProcessingFileName: file.test
        OriginalFilePath: /directory/path/file.name
        DeleteServerFile: False
}
65: WorkflowInstance "GetSftpFtpNextFileActivity" is Completed</StdOut>
      </Output>
    </UnitTestResult>
    <UnitTestResult executionId="11d2102c-a690-49d7-b1da-d112ac695d3b" testId="b43f687d-4649-2fc5-7a28-9ab18c977ed9" testName="Invoke_RenameNoMove_OutArgumentOriginalFilenameIsSet" computerName="ICSWS068" duration="00:00:00.0109384" startTime="2016-08-04T09:59:10.8318279+02:00" endTime="2016-08-04T09:59:10.8438591+02:00" testType="13cdc9d9-ddb5-4fa4-a97d-d965ccfc6d4b" outcome="Passed" testListId="8c84fa94-04c1-424b-9868-57a2d4851a1d" relativeResultsDirectory="11d2102c-a690-49d7-b1da-d112ac695d3b">
      <Output>
        <StdOut>Debug Trace:
FileTransferPath.GetDirectoryName: path=/directory/path/file.name directorySeparator=
\directory\path: FileTransferPath.GetDirectoryName: Path.GetDirectoryName={0}
0: WorkflowInstance "GetSftpFtpNextFileActivity" is Started
1: Activity [null] "null" scheduled child activity [1] "GetSftpFtpNextFileActivity"
2: Activity [1] "GetSftpFtpNextFileActivity" is Executing
{
    Arguments
        LocalFileNameIn: localfile.txt
        RenameFile: True
        MoveFileTo: 
        ErrorOnTimeout: False
        SubscriptionId: 8ff34dd3-ed18-4216-a9af-4f254071e2fd
        Timeout: 00:00:00
        Connection: Mock&lt;iCore.Public.Ftp.IFileTransferConnection:6e60&gt;.Object
        IsImplicitlyCancellable: False
        LocalDirectory: C:\local_temp
        DeleteServerFile: False
}
3: Activity [1] "GetSftpFtpNextFileActivity" scheduled child activity [1.1] "Sequence"
4: Activity [1.1] "Sequence" is Executing
{
    Variables
        _1a25a75f_79d5_4484_98f9_c744c2b55c4d_199: System.IO.MemoryStream
        _1a25a75f_79d5_4484_98f9_c744c2b55c4d_200: localfile.txt
        _1a25a75f_79d5_4484_98f9_c744c2b55c4d_201: C:\local_temp\localfile.txt
}
5: Activity [1.1] "Sequence" scheduled child activity [1.81] "InternalGetNextFile1"
6: Activity [1.81] "InternalGetNextFile1" is Executing
{
    Arguments
        ErrorOnTimeout: False
        SubscriptionId: 8ff34dd3-ed18-4216-a9af-4f254071e2fd
        Timeout: 00:00:00
        IsImplicitlyCancellable: False
}
7: CustomTrackingRecord [1.81] "iCPSTraceTrackingRecord"
8: WorkflowInstance "GetSftpFtpNextFileActivity" is Idle
9: Bookmark "2005d60c-2e52-4835-9d39-69fcc968446c" resumed with payload &lt;iCore.Workflow.Activities.Extensions.ItemSubscriptionEventArgs`1[iCore.Common.Utilities.FileSystemWatcher.FileInfoBase]&gt; owner [1.81] "InternalGetNextFile1"
10: Activity [1.81] "InternalGetNextFile1" is Closed
{
    Arguments
        ErrorOnTimeout: False
        SubscriptionId: 8ff34dd3-ed18-4216-a9af-4f254071e2fd
        FileName: file.name
        Timeout: 00:00:00
        IsImplicitlyCancellable: False
        FilePath: /directory/path/file.name
}
11: Activity [1.1] "Sequence" scheduled child activity [1.2] "If"
12: Activity [1.2] "If" is Executing
{
    Arguments
        Condition: True
}
13: Activity [1.2] "If" scheduled child activity [1.6] "TryCatch"
14: Activity [1.6] "TryCatch" is Executing
15: Activity [1.6] "TryCatch" scheduled child activity [1.10] "TrySequence1"
16: Activity [1.10] "TrySequence1" is Executing
17: Activity [1.10] "TrySequence1" scheduled child activity [1.75] "AssignProcessingFileName"
18: Activity [1.75] "AssignProcessingFileName" is Executing
{
    Arguments
        Value: file.test
}
19: Activity [1.75] "AssignProcessingFileName" is Closed
{
    Arguments
        Value: file.test
        To: file.test
}
20: Activity [1.10] "TrySequence1" scheduled child activity [1.68] "AssignProcessingFilePath"
21: Activity [1.68] "AssignProcessingFilePath" is Executing
{
    Arguments
        Value: /directory/path/file.test
}
22: Activity [1.68] "AssignProcessingFilePath" is Closed
{
    Arguments
        Value: /directory/path/file.test
        To: /directory/path/file.test
}
23: Activity [1.10] "TrySequence1" scheduled child activity [1.56] "IfRenameFile"
24: Activity [1.56] "IfRenameFile" is Executing
{
    Arguments
        Condition: True
}
25: Activity [1.56] "IfRenameFile" scheduled child activity [1.60] "RenameSftpFtpFile1"
26: Activity [1.60] "RenameSftpFtpFile1" is Executing
{
    Arguments
        FromFilename: /directory/path/file.name
        Overwrite: True
        ToFilename: /directory/path/file.test
        Connection: Mock&lt;iCore.Public.Ftp.IFileTransferConnection:6e60&gt;.Object
}
27: WorkflowInstance "GetSftpFtpNextFileActivity" is Idle
28: Activity [1.60] "RenameSftpFtpFile1" is Closed
{
    Arguments
        FromFilename: /directory/path/file.name
        Overwrite: True
        ToFilename: /directory/path/file.test
        Connection: Mock&lt;iCore.Public.Ftp.IFileTransferConnection:6e60&gt;.Object
}
29: Activity [1.56] "IfRenameFile" is Closed
{
    Arguments
        Condition: True
}
30: Activity [1.10] "TrySequence1" scheduled child activity [1.50] "SetLocalFileName"
31: Activity [1.50] "SetLocalFileName" is Executing
{
    Arguments
        Value: localfile.txt
}
32: Activity [1.50] "SetLocalFileName" is Closed
{
    Arguments
        Value: localfile.txt
        To: localfile.txt
}
33: Activity [1.10] "TrySequence1" scheduled child activity [1.44] "SetLocalFilePath"
34: Activity [1.44] "SetLocalFilePath" is Executing
{
    Arguments
        Value: C:\local_temp\localfile.txt
}
35: Activity [1.44] "SetLocalFilePath" is Closed
{
    Arguments
        Value: C:\local_temp\localfile.txt
        To: C:\local_temp\localfile.txt
}
36: Activity [1.10] "TrySequence1" scheduled child activity [1.36] "OpenFile1"
37: Activity [1.36] "OpenFile1" is Executing
{
    Arguments
        FileAccess: ReadWrite
        FileMode: Create
        FileName: C:\local_temp\localfile.txt
        FileShare: None
}
38: WorkflowInstance "GetSftpFtpNextFileActivity" is Idle
39: Activity [1.36] "OpenFile1" is Closed
{
    Arguments
        FileAccess: ReadWrite
        FileMode: Create
        FileName: C:\local_temp\localfile.txt
        Result: System.IO.MemoryStream
        FileShare: None
}
40: Activity [1.10] "TrySequence1" scheduled child activity [1.30] "DownloadSftpFtpFileToStream1"
41: Activity [1.30] "DownloadSftpFtpFileToStream1" is Executing
{
    Arguments
        DestinationStream: System.IO.MemoryStream
        SourceFilename: /directory/path/file.test
        Connection: Mock&lt;iCore.Public.Ftp.IFileTransferConnection:6e60&gt;.Object
}
42: WorkflowInstance "GetSftpFtpNextFileActivity" is Idle
43: Activity [1.30] "DownloadSftpFtpFileToStream1" is Closed
{
    Arguments
        DestinationStream: System.IO.MemoryStream
        SourceFilename: /directory/path/file.test
        Connection: Mock&lt;iCore.Public.Ftp.IFileTransferConnection:6e60&gt;.Object
}
44: Activity [1.10] "TrySequence1" scheduled child activity [1.21] "If"
45: Activity [1.21] "If" is Executing
{
    Arguments
        Condition: False
}
46: Activity [1.21] "If" is Closed
{
    Arguments
        Condition: False
}
47: Activity [1.10] "TrySequence1" scheduled child activity [1.16] "AssignLocalFileNameOut"
48: Activity [1.16] "AssignLocalFileNameOut" is Executing
{
    Arguments
        Value: localfile.txt
}
49: Activity [1.16] "AssignLocalFileNameOut" is Closed
{
    Arguments
        Value: localfile.txt
        To: localfile.txt
}
50: Activity [1.10] "TrySequence1" scheduled child activity [1.11] "AssignLocalFilePath"
51: Activity [1.11] "AssignLocalFilePath" is Executing
{
    Arguments
        Value: C:\local_temp\localfile.txt
}
52: Activity [1.11] "AssignLocalFilePath" is Closed
{
    Arguments
        Value: C:\local_temp\localfile.txt
        To: C:\local_temp\localfile.txt
}
53: Activity [1.10] "TrySequence1" is Closed
54: Activity [1.6] "TryCatch" scheduled child activity [1.7] "FinallySequence1"
55: Activity [1.7] "FinallySequence1" is Executing
56: Activity [1.7] "FinallySequence1" scheduled child activity [1.8] "CloseStream1"
57: Activity [1.8] "CloseStream1" is Executing
{
    Arguments
        Stream: System.IO.MemoryStream
}
58: WorkflowInstance "GetSftpFtpNextFileActivity" is Idle
59: Activity [1.8] "CloseStream1" is Closed
{
    Arguments
        Stream: System.IO.MemoryStream
}
60: Activity [1.7] "FinallySequence1" is Closed
61: Activity [1.6] "TryCatch" is Closed
62: Activity [1.2] "If" is Closed
{
    Arguments
        Condition: True
}
63: Activity [1.1] "Sequence" is Closed
{
    Variables
        _1a25a75f_79d5_4484_98f9_c744c2b55c4d_202: System.IO.MemoryStream
        _1a25a75f_79d5_4484_98f9_c744c2b55c4d_203: localfile.txt
        _1a25a75f_79d5_4484_98f9_c744c2b55c4d_204: C:\local_temp\localfile.txt
}
64: Activity [1] "GetSftpFtpNextFileActivity" is Closed
{
    Arguments
        LocalFileNameIn: localfile.txt
        LocalFileNameOut: localfile.txt
        RenameFile: True
        MoveFileTo: 
        LocalFilePath: C:\local_temp\localfile.txt
        ErrorOnTimeout: False
        SubscriptionId: 8ff34dd3-ed18-4216-a9af-4f254071e2fd
        Timeout: 00:00:00
        Connection: Mock&lt;iCore.Public.Ftp.IFileTransferConnection:6e60&gt;.Object
        OriginalFileName: file.name
        ProcessingFilePath: /directory/path/file.test
        IsImplicitlyCancellable: False
        LocalDirectory: C:\local_temp
        ProcessingFileName: file.test
        OriginalFilePath: /directory/path/file.name
        DeleteServerFile: False
}
65: WorkflowInstance "GetSftpFtpNextFileActivity" is Completed</StdOut>
      </Output>
    </UnitTestResult>
    <UnitTestResult executionId="c42ccf58-9a6f-410e-a81f-6d4d725b160b" testId="9e0c0664-ac71-dcb3-5209-00486304408e" testName="Invoke_RenameNoMove_OutArgumentProcessingFilePathIsSet" computerName="ICSWS068" duration="00:00:00.0110856" startTime="2016-08-04T09:59:10.8468634+02:00" endTime="2016-08-04T09:59:10.8588888+02:00" testType="13cdc9d9-ddb5-4fa4-a97d-d965ccfc6d4b" outcome="Passed" testListId="8c84fa94-04c1-424b-9868-57a2d4851a1d" relativeResultsDirectory="c42ccf58-9a6f-410e-a81f-6d4d725b160b">
      <Output>
        <StdOut>Debug Trace:
FileTransferPath.GetDirectoryName: path=/directory/path/file.name directorySeparator=
\directory\path: FileTransferPath.GetDirectoryName: Path.GetDirectoryName={0}
0: WorkflowInstance "GetSftpFtpNextFileActivity" is Started
1: Activity [null] "null" scheduled child activity [1] "GetSftpFtpNextFileActivity"
2: Activity [1] "GetSftpFtpNextFileActivity" is Executing
{
    Arguments
        LocalFileNameIn: localfile.txt
        RenameFile: True
        MoveFileTo: 
        ErrorOnTimeout: False
        SubscriptionId: 0346042d-f4bb-4912-906a-cf92af857fd0
        Timeout: 00:00:00
        Connection: Mock&lt;iCore.Public.Ftp.IFileTransferConnection:4ff6&gt;.Object
        IsImplicitlyCancellable: False
        LocalDirectory: C:\local_temp
        DeleteServerFile: False
}
3: Activity [1] "GetSftpFtpNextFileActivity" scheduled child activity [1.1] "Sequence"
4: Activity [1.1] "Sequence" is Executing
{
    Variables
        _1a25a75f_79d5_4484_98f9_c744c2b55c4d_205: System.IO.MemoryStream
        _1a25a75f_79d5_4484_98f9_c744c2b55c4d_206: localfile.txt
        _1a25a75f_79d5_4484_98f9_c744c2b55c4d_207: C:\local_temp\localfile.txt
}
5: Activity [1.1] "Sequence" scheduled child activity [1.81] "InternalGetNextFile1"
6: Activity [1.81] "InternalGetNextFile1" is Executing
{
    Arguments
        ErrorOnTimeout: False
        SubscriptionId: 0346042d-f4bb-4912-906a-cf92af857fd0
        Timeout: 00:00:00
        IsImplicitlyCancellable: False
}
7: CustomTrackingRecord [1.81] "iCPSTraceTrackingRecord"
8: WorkflowInstance "GetSftpFtpNextFileActivity" is Idle
9: Bookmark "2ee75286-c2a0-458b-a630-22aca4fa9d87" resumed with payload &lt;iCore.Workflow.Activities.Extensions.ItemSubscriptionEventArgs`1[iCore.Common.Utilities.FileSystemWatcher.FileInfoBase]&gt; owner [1.81] "InternalGetNextFile1"
10: Activity [1.81] "InternalGetNextFile1" is Closed
{
    Arguments
        ErrorOnTimeout: False
        SubscriptionId: 0346042d-f4bb-4912-906a-cf92af857fd0
        FileName: file.name
        Timeout: 00:00:00
        IsImplicitlyCancellable: False
        FilePath: /directory/path/file.name
}
11: Activity [1.1] "Sequence" scheduled child activity [1.2] "If"
12: Activity [1.2] "If" is Executing
{
    Arguments
        Condition: True
}
13: Activity [1.2] "If" scheduled child activity [1.6] "TryCatch"
14: Activity [1.6] "TryCatch" is Executing
15: Activity [1.6] "TryCatch" scheduled child activity [1.10] "TrySequence1"
16: Activity [1.10] "TrySequence1" is Executing
17: Activity [1.10] "TrySequence1" scheduled child activity [1.75] "AssignProcessingFileName"
18: Activity [1.75] "AssignProcessingFileName" is Executing
{
    Arguments
        Value: file.test
}
19: Activity [1.75] "AssignProcessingFileName" is Closed
{
    Arguments
        Value: file.test
        To: file.test
}
20: Activity [1.10] "TrySequence1" scheduled child activity [1.68] "AssignProcessingFilePath"
21: Activity [1.68] "AssignProcessingFilePath" is Executing
{
    Arguments
        Value: /directory/path/file.test
}
22: Activity [1.68] "AssignProcessingFilePath" is Closed
{
    Arguments
        Value: /directory/path/file.test
        To: /directory/path/file.test
}
23: Activity [1.10] "TrySequence1" scheduled child activity [1.56] "IfRenameFile"
24: Activity [1.56] "IfRenameFile" is Executing
{
    Arguments
        Condition: True
}
25: Activity [1.56] "IfRenameFile" scheduled child activity [1.60] "RenameSftpFtpFile1"
26: Activity [1.60] "RenameSftpFtpFile1" is Executing
{
    Arguments
        FromFilename: /directory/path/file.name
        Overwrite: True
        ToFilename: /directory/path/file.test
        Connection: Mock&lt;iCore.Public.Ftp.IFileTransferConnection:4ff6&gt;.Object
}
27: WorkflowInstance "GetSftpFtpNextFileActivity" is Idle
28: Activity [1.60] "RenameSftpFtpFile1" is Closed
{
    Arguments
        FromFilename: /directory/path/file.name
        Overwrite: True
        ToFilename: /directory/path/file.test
        Connection: Mock&lt;iCore.Public.Ftp.IFileTransferConnection:4ff6&gt;.Object
}
29: Activity [1.56] "IfRenameFile" is Closed
{
    Arguments
        Condition: True
}
30: Activity [1.10] "TrySequence1" scheduled child activity [1.50] "SetLocalFileName"
31: Activity [1.50] "SetLocalFileName" is Executing
{
    Arguments
        Value: localfile.txt
}
32: Activity [1.50] "SetLocalFileName" is Closed
{
    Arguments
        Value: localfile.txt
        To: localfile.txt
}
33: Activity [1.10] "TrySequence1" scheduled child activity [1.44] "SetLocalFilePath"
34: Activity [1.44] "SetLocalFilePath" is Executing
{
    Arguments
        Value: C:\local_temp\localfile.txt
}
35: Activity [1.44] "SetLocalFilePath" is Closed
{
    Arguments
        Value: C:\local_temp\localfile.txt
        To: C:\local_temp\localfile.txt
}
36: Activity [1.10] "TrySequence1" scheduled child activity [1.36] "OpenFile1"
37: Activity [1.36] "OpenFile1" is Executing
{
    Arguments
        FileAccess: ReadWrite
        FileMode: Create
        FileName: C:\local_temp\localfile.txt
        FileShare: None
}
38: WorkflowInstance "GetSftpFtpNextFileActivity" is Idle
39: Activity [1.36] "OpenFile1" is Closed
{
    Arguments
        FileAccess: ReadWrite
        FileMode: Create
        FileName: C:\local_temp\localfile.txt
        Result: System.IO.MemoryStream
        FileShare: None
}
40: Activity [1.10] "TrySequence1" scheduled child activity [1.30] "DownloadSftpFtpFileToStream1"
41: Activity [1.30] "DownloadSftpFtpFileToStream1" is Executing
{
    Arguments
        DestinationStream: System.IO.MemoryStream
        SourceFilename: /directory/path/file.test
        Connection: Mock&lt;iCore.Public.Ftp.IFileTransferConnection:4ff6&gt;.Object
}
42: WorkflowInstance "GetSftpFtpNextFileActivity" is Idle
43: Activity [1.30] "DownloadSftpFtpFileToStream1" is Closed
{
    Arguments
        DestinationStream: System.IO.MemoryStream
        SourceFilename: /directory/path/file.test
        Connection: Mock&lt;iCore.Public.Ftp.IFileTransferConnection:4ff6&gt;.Object
}
44: Activity [1.10] "TrySequence1" scheduled child activity [1.21] "If"
45: Activity [1.21] "If" is Executing
{
    Arguments
        Condition: False
}
46: Activity [1.21] "If" is Closed
{
    Arguments
        Condition: False
}
47: Activity [1.10] "TrySequence1" scheduled child activity [1.16] "AssignLocalFileNameOut"
48: Activity [1.16] "AssignLocalFileNameOut" is Executing
{
    Arguments
        Value: localfile.txt
}
49: Activity [1.16] "AssignLocalFileNameOut" is Closed
{
    Arguments
        Value: localfile.txt
        To: localfile.txt
}
50: Activity [1.10] "TrySequence1" scheduled child activity [1.11] "AssignLocalFilePath"
51: Activity [1.11] "AssignLocalFilePath" is Executing
{
    Arguments
        Value: C:\local_temp\localfile.txt
}
52: Activity [1.11] "AssignLocalFilePath" is Closed
{
    Arguments
        Value: C:\local_temp\localfile.txt
        To: C:\local_temp\localfile.txt
}
53: Activity [1.10] "TrySequence1" is Closed
54: Activity [1.6] "TryCatch" scheduled child activity [1.7] "FinallySequence1"
55: Activity [1.7] "FinallySequence1" is Executing
56: Activity [1.7] "FinallySequence1" scheduled child activity [1.8] "CloseStream1"
57: Activity [1.8] "CloseStream1" is Executing
{
    Arguments
        Stream: System.IO.MemoryStream
}
58: WorkflowInstance "GetSftpFtpNextFileActivity" is Idle
59: Activity [1.8] "CloseStream1" is Closed
{
    Arguments
        Stream: System.IO.MemoryStream
}
60: Activity [1.7] "FinallySequence1" is Closed
61: Activity [1.6] "TryCatch" is Closed
62: Activity [1.2] "If" is Closed
{
    Arguments
        Condition: True
}
63: Activity [1.1] "Sequence" is Closed
{
    Variables
        _1a25a75f_79d5_4484_98f9_c744c2b55c4d_208: System.IO.MemoryStream
        _1a25a75f_79d5_4484_98f9_c744c2b55c4d_209: localfile.txt
        _1a25a75f_79d5_4484_98f9_c744c2b55c4d_210: C:\local_temp\localfile.txt
}
64: Activity [1] "GetSftpFtpNextFileActivity" is Closed
{
    Arguments
        LocalFileNameIn: localfile.txt
        LocalFileNameOut: localfile.txt
        RenameFile: True
        MoveFileTo: 
        LocalFilePath: C:\local_temp\localfile.txt
        ErrorOnTimeout: False
        SubscriptionId: 0346042d-f4bb-4912-906a-cf92af857fd0
        Timeout: 00:00:00
        Connection: Mock&lt;iCore.Public.Ftp.IFileTransferConnection:4ff6&gt;.Object
        OriginalFileName: file.name
        ProcessingFilePath: /directory/path/file.test
        IsImplicitlyCancellable: False
        LocalDirectory: C:\local_temp
        ProcessingFileName: file.test
        OriginalFilePath: /directory/path/file.name
        DeleteServerFile: False
}
65: WorkflowInstance "GetSftpFtpNextFileActivity" is Completed</StdOut>
      </Output>
    </UnitTestResult>
    <UnitTestResult executionId="d7fa4dff-1b40-48a2-8c4e-64c990b24f07" testId="cbd53138-ea99-c860-c923-60634051d941" testName="Invoke_RenameNoMove_OutArgumentProcessingFilenameIsSet" computerName="ICSWS068" duration="00:00:00.0121548" startTime="2016-08-04T09:59:10.8618740+02:00" endTime="2016-08-04T09:59:10.8753870+02:00" testType="13cdc9d9-ddb5-4fa4-a97d-d965ccfc6d4b" outcome="Passed" testListId="8c84fa94-04c1-424b-9868-57a2d4851a1d" relativeResultsDirectory="d7fa4dff-1b40-48a2-8c4e-64c990b24f07">
      <Output>
        <StdOut>Debug Trace:
FileTransferPath.GetDirectoryName: path=/directory/path/file.name directorySeparator=
\directory\path: FileTransferPath.GetDirectoryName: Path.GetDirectoryName={0}
0: WorkflowInstance "GetSftpFtpNextFileActivity" is Started
1: Activity [null] "null" scheduled child activity [1] "GetSftpFtpNextFileActivity"
2: Activity [1] "GetSftpFtpNextFileActivity" is Executing
{
    Arguments
        LocalFileNameIn: localfile.txt
        RenameFile: True
        MoveFileTo: 
        ErrorOnTimeout: False
        SubscriptionId: a78f9414-5777-47a6-b4ee-016504f64239
        Timeout: 00:00:00
        Connection: Mock&lt;iCore.Public.Ftp.IFileTransferConnection:9986&gt;.Object
        IsImplicitlyCancellable: False
        LocalDirectory: C:\local_temp
        DeleteServerFile: False
}
3: Activity [1] "GetSftpFtpNextFileActivity" scheduled child activity [1.1] "Sequence"
4: Activity [1.1] "Sequence" is Executing
{
    Variables
        _1a25a75f_79d5_4484_98f9_c744c2b55c4d_211: System.IO.MemoryStream
        _1a25a75f_79d5_4484_98f9_c744c2b55c4d_212: localfile.txt
        _1a25a75f_79d5_4484_98f9_c744c2b55c4d_213: C:\local_temp\localfile.txt
}
5: Activity [1.1] "Sequence" scheduled child activity [1.81] "InternalGetNextFile1"
6: Activity [1.81] "InternalGetNextFile1" is Executing
{
    Arguments
        ErrorOnTimeout: False
        SubscriptionId: a78f9414-5777-47a6-b4ee-016504f64239
        Timeout: 00:00:00
        IsImplicitlyCancellable: False
}
7: CustomTrackingRecord [1.81] "iCPSTraceTrackingRecord"
8: WorkflowInstance "GetSftpFtpNextFileActivity" is Idle
9: Bookmark "b1e7ab82-8b5e-45cc-8fff-c5d71a2232b3" resumed with payload &lt;iCore.Workflow.Activities.Extensions.ItemSubscriptionEventArgs`1[iCore.Common.Utilities.FileSystemWatcher.FileInfoBase]&gt; owner [1.81] "InternalGetNextFile1"
10: Activity [1.81] "InternalGetNextFile1" is Closed
{
    Arguments
        ErrorOnTimeout: False
        SubscriptionId: a78f9414-5777-47a6-b4ee-016504f64239
        FileName: file.name
        Timeout: 00:00:00
        IsImplicitlyCancellable: False
        FilePath: /directory/path/file.name
}
11: Activity [1.1] "Sequence" scheduled child activity [1.2] "If"
12: Activity [1.2] "If" is Executing
{
    Arguments
        Condition: True
}
13: Activity [1.2] "If" scheduled child activity [1.6] "TryCatch"
14: Activity [1.6] "TryCatch" is Executing
15: Activity [1.6] "TryCatch" scheduled child activity [1.10] "TrySequence1"
16: Activity [1.10] "TrySequence1" is Executing
17: Activity [1.10] "TrySequence1" scheduled child activity [1.75] "AssignProcessingFileName"
18: Activity [1.75] "AssignProcessingFileName" is Executing
{
    Arguments
        Value: file.test
}
19: Activity [1.75] "AssignProcessingFileName" is Closed
{
    Arguments
        Value: file.test
        To: file.test
}
20: Activity [1.10] "TrySequence1" scheduled child activity [1.68] "AssignProcessingFilePath"
21: Activity [1.68] "AssignProcessingFilePath" is Executing
{
    Arguments
        Value: /directory/path/file.test
}
22: Activity [1.68] "AssignProcessingFilePath" is Closed
{
    Arguments
        Value: /directory/path/file.test
        To: /directory/path/file.test
}
23: Activity [1.10] "TrySequence1" scheduled child activity [1.56] "IfRenameFile"
24: Activity [1.56] "IfRenameFile" is Executing
{
    Arguments
        Condition: True
}
25: Activity [1.56] "IfRenameFile" scheduled child activity [1.60] "RenameSftpFtpFile1"
26: Activity [1.60] "RenameSftpFtpFile1" is Executing
{
    Arguments
        FromFilename: /directory/path/file.name
        Overwrite: True
        ToFilename: /directory/path/file.test
        Connection: Mock&lt;iCore.Public.Ftp.IFileTransferConnection:9986&gt;.Object
}
27: WorkflowInstance "GetSftpFtpNextFileActivity" is Idle
28: Activity [1.60] "RenameSftpFtpFile1" is Closed
{
    Arguments
        FromFilename: /directory/path/file.name
        Overwrite: True
        ToFilename: /directory/path/file.test
        Connection: Mock&lt;iCore.Public.Ftp.IFileTransferConnection:9986&gt;.Object
}
29: Activity [1.56] "IfRenameFile" is Closed
{
    Arguments
        Condition: True
}
30: Activity [1.10] "TrySequence1" scheduled child activity [1.50] "SetLocalFileName"
31: Activity [1.50] "SetLocalFileName" is Executing
{
    Arguments
        Value: localfile.txt
}
32: Activity [1.50] "SetLocalFileName" is Closed
{
    Arguments
        Value: localfile.txt
        To: localfile.txt
}
33: Activity [1.10] "TrySequence1" scheduled child activity [1.44] "SetLocalFilePath"
34: Activity [1.44] "SetLocalFilePath" is Executing
{
    Arguments
        Value: C:\local_temp\localfile.txt
}
35: Activity [1.44] "SetLocalFilePath" is Closed
{
    Arguments
        Value: C:\local_temp\localfile.txt
        To: C:\local_temp\localfile.txt
}
36: Activity [1.10] "TrySequence1" scheduled child activity [1.36] "OpenFile1"
37: Activity [1.36] "OpenFile1" is Executing
{
    Arguments
        FileAccess: ReadWrite
        FileMode: Create
        FileName: C:\local_temp\localfile.txt
        FileShare: None
}
38: WorkflowInstance "GetSftpFtpNextFileActivity" is Idle
39: Activity [1.36] "OpenFile1" is Closed
{
    Arguments
        FileAccess: ReadWrite
        FileMode: Create
        FileName: C:\local_temp\localfile.txt
        Result: System.IO.MemoryStream
        FileShare: None
}
40: Activity [1.10] "TrySequence1" scheduled child activity [1.30] "DownloadSftpFtpFileToStream1"
41: Activity [1.30] "DownloadSftpFtpFileToStream1" is Executing
{
    Arguments
        DestinationStream: System.IO.MemoryStream
        SourceFilename: /directory/path/file.test
        Connection: Mock&lt;iCore.Public.Ftp.IFileTransferConnection:9986&gt;.Object
}
42: WorkflowInstance "GetSftpFtpNextFileActivity" is Idle
43: Activity [1.30] "DownloadSftpFtpFileToStream1" is Closed
{
    Arguments
        DestinationStream: System.IO.MemoryStream
        SourceFilename: /directory/path/file.test
        Connection: Mock&lt;iCore.Public.Ftp.IFileTransferConnection:9986&gt;.Object
}
44: Activity [1.10] "TrySequence1" scheduled child activity [1.21] "If"
45: Activity [1.21] "If" is Executing
{
    Arguments
        Condition: False
}
46: Activity [1.21] "If" is Closed
{
    Arguments
        Condition: False
}
47: Activity [1.10] "TrySequence1" scheduled child activity [1.16] "AssignLocalFileNameOut"
48: Activity [1.16] "AssignLocalFileNameOut" is Executing
{
    Arguments
        Value: localfile.txt
}
49: Activity [1.16] "AssignLocalFileNameOut" is Closed
{
    Arguments
        Value: localfile.txt
        To: localfile.txt
}
50: Activity [1.10] "TrySequence1" scheduled child activity [1.11] "AssignLocalFilePath"
51: Activity [1.11] "AssignLocalFilePath" is Executing
{
    Arguments
        Value: C:\local_temp\localfile.txt
}
52: Activity [1.11] "AssignLocalFilePath" is Closed
{
    Arguments
        Value: C:\local_temp\localfile.txt
        To: C:\local_temp\localfile.txt
}
53: Activity [1.10] "TrySequence1" is Closed
54: Activity [1.6] "TryCatch" scheduled child activity [1.7] "FinallySequence1"
55: Activity [1.7] "FinallySequence1" is Executing
56: Activity [1.7] "FinallySequence1" scheduled child activity [1.8] "CloseStream1"
57: Activity [1.8] "CloseStream1" is Executing
{
    Arguments
        Stream: System.IO.MemoryStream
}
58: WorkflowInstance "GetSftpFtpNextFileActivity" is Idle
59: Activity [1.8] "CloseStream1" is Closed
{
    Arguments
        Stream: System.IO.MemoryStream
}
60: Activity [1.7] "FinallySequence1" is Closed
61: Activity [1.6] "TryCatch" is Closed
62: Activity [1.2] "If" is Closed
{
    Arguments
        Condition: True
}
63: Activity [1.1] "Sequence" is Closed
{
    Variables
        _1a25a75f_79d5_4484_98f9_c744c2b55c4d_214: System.IO.MemoryStream
        _1a25a75f_79d5_4484_98f9_c744c2b55c4d_215: localfile.txt
        _1a25a75f_79d5_4484_98f9_c744c2b55c4d_216: C:\local_temp\localfile.txt
}
64: Activity [1] "GetSftpFtpNextFileActivity" is Closed
{
    Arguments
        LocalFileNameIn: localfile.txt
        LocalFileNameOut: localfile.txt
        RenameFile: True
        MoveFileTo: 
        LocalFilePath: C:\local_temp\localfile.txt
        ErrorOnTimeout: False
        SubscriptionId: a78f9414-5777-47a6-b4ee-016504f64239
        Timeout: 00:00:00
        Connection: Mock&lt;iCore.Public.Ftp.IFileTransferConnection:9986&gt;.Object
        OriginalFileName: file.name
        ProcessingFilePath: /directory/path/file.test
        IsImplicitlyCancellable: False
        LocalDirectory: C:\local_temp
        ProcessingFileName: file.test
        OriginalFilePath: /directory/path/file.name
        DeleteServerFile: False
}
65: WorkflowInstance "GetSftpFtpNextFileActivity" is Completed</StdOut>
      </Output>
    </UnitTestResult>
    <UnitTestResult executionId="9353d2e0-2683-4038-a0da-c3af58148037" testId="c257d925-a371-7a4c-05ec-f978c3a25182" testName="Invoke_RenameNoMove_OutArgumentLocalFilePathIsSet" computerName="ICSWS068" duration="00:00:00.0113079" startTime="2016-08-04T09:59:10.8783890+02:00" endTime="2016-08-04T09:59:10.9069349+02:00" testType="13cdc9d9-ddb5-4fa4-a97d-d965ccfc6d4b" outcome="Passed" testListId="8c84fa94-04c1-424b-9868-57a2d4851a1d" relativeResultsDirectory="9353d2e0-2683-4038-a0da-c3af58148037">
      <Output>
        <StdOut>Debug Trace:
FileTransferPath.GetDirectoryName: path=/directory/path/file.name directorySeparator=
\directory\path: FileTransferPath.GetDirectoryName: Path.GetDirectoryName={0}
0: WorkflowInstance "GetSftpFtpNextFileActivity" is Started
1: Activity [null] "null" scheduled child activity [1] "GetSftpFtpNextFileActivity"
2: Activity [1] "GetSftpFtpNextFileActivity" is Executing
{
    Arguments
        LocalFileNameIn: localfile.txt
        RenameFile: True
        MoveFileTo: 
        ErrorOnTimeout: False
        SubscriptionId: 1e9a672d-1e60-482c-94e3-ccf9a5e8d0eb
        Timeout: 00:00:00
        Connection: Mock&lt;iCore.Public.Ftp.IFileTransferConnection:dc3e&gt;.Object
        IsImplicitlyCancellable: False
        LocalDirectory: C:\local_temp
        DeleteServerFile: False
}
3: Activity [1] "GetSftpFtpNextFileActivity" scheduled child activity [1.1] "Sequence"
4: Activity [1.1] "Sequence" is Executing
{
    Variables
        _1a25a75f_79d5_4484_98f9_c744c2b55c4d_217: System.IO.MemoryStream
        _1a25a75f_79d5_4484_98f9_c744c2b55c4d_218: localfile.txt
        _1a25a75f_79d5_4484_98f9_c744c2b55c4d_219: C:\local_temp\localfile.txt
}
5: Activity [1.1] "Sequence" scheduled child activity [1.81] "InternalGetNextFile1"
6: Activity [1.81] "InternalGetNextFile1" is Executing
{
    Arguments
        ErrorOnTimeout: False
        SubscriptionId: 1e9a672d-1e60-482c-94e3-ccf9a5e8d0eb
        Timeout: 00:00:00
        IsImplicitlyCancellable: False
}
7: CustomTrackingRecord [1.81] "iCPSTraceTrackingRecord"
8: WorkflowInstance "GetSftpFtpNextFileActivity" is Idle
9: Bookmark "50fdf629-3a3b-4e84-9f0d-f7011ebd90a9" resumed with payload &lt;iCore.Workflow.Activities.Extensions.ItemSubscriptionEventArgs`1[iCore.Common.Utilities.FileSystemWatcher.FileInfoBase]&gt; owner [1.81] "InternalGetNextFile1"
10: Activity [1.81] "InternalGetNextFile1" is Closed
{
    Arguments
        ErrorOnTimeout: False
        SubscriptionId: 1e9a672d-1e60-482c-94e3-ccf9a5e8d0eb
        FileName: file.name
        Timeout: 00:00:00
        IsImplicitlyCancellable: False
        FilePath: /directory/path/file.name
}
11: Activity [1.1] "Sequence" scheduled child activity [1.2] "If"
12: Activity [1.2] "If" is Executing
{
    Arguments
        Condition: True
}
13: Activity [1.2] "If" scheduled child activity [1.6] "TryCatch"
14: Activity [1.6] "TryCatch" is Executing
15: Activity [1.6] "TryCatch" scheduled child activity [1.10] "TrySequence1"
16: Activity [1.10] "TrySequence1" is Executing
17: Activity [1.10] "TrySequence1" scheduled child activity [1.75] "AssignProcessingFileName"
18: Activity [1.75] "AssignProcessingFileName" is Executing
{
    Arguments
        Value: file.test
}
19: Activity [1.75] "AssignProcessingFileName" is Closed
{
    Arguments
        Value: file.test
        To: file.test
}
20: Activity [1.10] "TrySequence1" scheduled child activity [1.68] "AssignProcessingFilePath"
21: Activity [1.68] "AssignProcessingFilePath" is Executing
{
    Arguments
        Value: /directory/path/file.test
}
22: Activity [1.68] "AssignProcessingFilePath" is Closed
{
    Arguments
        Value: /directory/path/file.test
        To: /directory/path/file.test
}
23: Activity [1.10] "TrySequence1" scheduled child activity [1.56] "IfRenameFile"
24: Activity [1.56] "IfRenameFile" is Executing
{
    Arguments
        Condition: True
}
25: Activity [1.56] "IfRenameFile" scheduled child activity [1.60] "RenameSftpFtpFile1"
26: Activity [1.60] "RenameSftpFtpFile1" is Executing
{
    Arguments
        FromFilename: /directory/path/file.name
        Overwrite: True
        ToFilename: /directory/path/file.test
        Connection: Mock&lt;iCore.Public.Ftp.IFileTransferConnection:dc3e&gt;.Object
}
27: WorkflowInstance "GetSftpFtpNextFileActivity" is Idle
28: Activity [1.60] "RenameSftpFtpFile1" is Closed
{
    Arguments
        FromFilename: /directory/path/file.name
        Overwrite: True
        ToFilename: /directory/path/file.test
        Connection: Mock&lt;iCore.Public.Ftp.IFileTransferConnection:dc3e&gt;.Object
}
29: Activity [1.56] "IfRenameFile" is Closed
{
    Arguments
        Condition: True
}
30: Activity [1.10] "TrySequence1" scheduled child activity [1.50] "SetLocalFileName"
31: Activity [1.50] "SetLocalFileName" is Executing
{
    Arguments
        Value: localfile.txt
}
32: Activity [1.50] "SetLocalFileName" is Closed
{
    Arguments
        Value: localfile.txt
        To: localfile.txt
}
33: Activity [1.10] "TrySequence1" scheduled child activity [1.44] "SetLocalFilePath"
34: Activity [1.44] "SetLocalFilePath" is Executing
{
    Arguments
        Value: C:\local_temp\localfile.txt
}
35: Activity [1.44] "SetLocalFilePath" is Closed
{
    Arguments
        Value: C:\local_temp\localfile.txt
        To: C:\local_temp\localfile.txt
}
36: Activity [1.10] "TrySequence1" scheduled child activity [1.36] "OpenFile1"
37: Activity [1.36] "OpenFile1" is Executing
{
    Arguments
        FileAccess: ReadWrite
        FileMode: Create
        FileName: C:\local_temp\localfile.txt
        FileShare: None
}
38: WorkflowInstance "GetSftpFtpNextFileActivity" is Idle
39: Activity [1.36] "OpenFile1" is Closed
{
    Arguments
        FileAccess: ReadWrite
        FileMode: Create
        FileName: C:\local_temp\localfile.txt
        Result: System.IO.MemoryStream
        FileShare: None
}
40: Activity [1.10] "TrySequence1" scheduled child activity [1.30] "DownloadSftpFtpFileToStream1"
41: Activity [1.30] "DownloadSftpFtpFileToStream1" is Executing
{
    Arguments
        DestinationStream: System.IO.MemoryStream
        SourceFilename: /directory/path/file.test
        Connection: Mock&lt;iCore.Public.Ftp.IFileTransferConnection:dc3e&gt;.Object
}
42: WorkflowInstance "GetSftpFtpNextFileActivity" is Idle
43: Activity [1.30] "DownloadSftpFtpFileToStream1" is Closed
{
    Arguments
        DestinationStream: System.IO.MemoryStream
        SourceFilename: /directory/path/file.test
        Connection: Mock&lt;iCore.Public.Ftp.IFileTransferConnection:dc3e&gt;.Object
}
44: Activity [1.10] "TrySequence1" scheduled child activity [1.21] "If"
45: Activity [1.21] "If" is Executing
{
    Arguments
        Condition: False
}
46: Activity [1.21] "If" is Closed
{
    Arguments
        Condition: False
}
47: Activity [1.10] "TrySequence1" scheduled child activity [1.16] "AssignLocalFileNameOut"
48: Activity [1.16] "AssignLocalFileNameOut" is Executing
{
    Arguments
        Value: localfile.txt
}
49: Activity [1.16] "AssignLocalFileNameOut" is Closed
{
    Arguments
        Value: localfile.txt
        To: localfile.txt
}
50: Activity [1.10] "TrySequence1" scheduled child activity [1.11] "AssignLocalFilePath"
51: Activity [1.11] "AssignLocalFilePath" is Executing
{
    Arguments
        Value: C:\local_temp\localfile.txt
}
52: Activity [1.11] "AssignLocalFilePath" is Closed
{
    Arguments
        Value: C:\local_temp\localfile.txt
        To: C:\local_temp\localfile.txt
}
53: Activity [1.10] "TrySequence1" is Closed
54: Activity [1.6] "TryCatch" scheduled child activity [1.7] "FinallySequence1"
55: Activity [1.7] "FinallySequence1" is Executing
56: Activity [1.7] "FinallySequence1" scheduled child activity [1.8] "CloseStream1"
57: Activity [1.8] "CloseStream1" is Executing
{
    Arguments
        Stream: System.IO.MemoryStream
}
58: WorkflowInstance "GetSftpFtpNextFileActivity" is Idle
59: Activity [1.8] "CloseStream1" is Closed
{
    Arguments
        Stream: System.IO.MemoryStream
}
60: Activity [1.7] "FinallySequence1" is Closed
61: Activity [1.6] "TryCatch" is Closed
62: Activity [1.2] "If" is Closed
{
    Arguments
        Condition: True
}
63: Activity [1.1] "Sequence" is Closed
{
    Variables
        _1a25a75f_79d5_4484_98f9_c744c2b55c4d_220: System.IO.MemoryStream
        _1a25a75f_79d5_4484_98f9_c744c2b55c4d_221: localfile.txt
        _1a25a75f_79d5_4484_98f9_c744c2b55c4d_222: C:\local_temp\localfile.txt
}
64: Activity [1] "GetSftpFtpNextFileActivity" is Closed
{
    Arguments
        LocalFileNameIn: localfile.txt
        LocalFileNameOut: localfile.txt
        RenameFile: True
        MoveFileTo: 
        LocalFilePath: C:\local_temp\localfile.txt
        ErrorOnTimeout: False
        SubscriptionId: 1e9a672d-1e60-482c-94e3-ccf9a5e8d0eb
        Timeout: 00:00:00
        Connection: Mock&lt;iCore.Public.Ftp.IFileTransferConnection:dc3e&gt;.Object
        OriginalFileName: file.name
        ProcessingFilePath: /directory/path/file.test
        IsImplicitlyCancellable: False
        LocalDirectory: C:\local_temp
        ProcessingFileName: file.test
        OriginalFilePath: /directory/path/file.name
        DeleteServerFile: False
}
65: WorkflowInstance "GetSftpFtpNextFileActivity" is Completed</StdOut>
      </Output>
    </UnitTestResult>
    <UnitTestResult executionId="97998701-aa6b-4d80-bc00-69ec6f687025" testId="abcb5cbf-c6d0-3bc4-5426-d051c6f8e4ed" testName="Invoke_RenameNoMove_OutArgumentLocalFilenameIsSet" computerName="ICSWS068" duration="00:00:00.0106701" startTime="2016-08-04T09:59:10.9099193+02:00" endTime="2016-08-04T09:59:10.9219504+02:00" testType="13cdc9d9-ddb5-4fa4-a97d-d965ccfc6d4b" outcome="Passed" testListId="8c84fa94-04c1-424b-9868-57a2d4851a1d" relativeResultsDirectory="97998701-aa6b-4d80-bc00-69ec6f687025">
      <Output>
        <StdOut>Debug Trace:
FileTransferPath.GetDirectoryName: path=/directory/path/file.name directorySeparator=
\directory\path: FileTransferPath.GetDirectoryName: Path.GetDirectoryName={0}
0: WorkflowInstance "GetSftpFtpNextFileActivity" is Started
1: Activity [null] "null" scheduled child activity [1] "GetSftpFtpNextFileActivity"
2: Activity [1] "GetSftpFtpNextFileActivity" is Executing
{
    Arguments
        LocalFileNameIn: localfile.txt
        RenameFile: True
        MoveFileTo: 
        ErrorOnTimeout: False
        SubscriptionId: 4203ac68-4f71-44e4-964e-700b0f98a4df
        Timeout: 00:00:00
        Connection: Mock&lt;iCore.Public.Ftp.IFileTransferConnection:335d&gt;.Object
        IsImplicitlyCancellable: False
        LocalDirectory: C:\local_temp
        DeleteServerFile: False
}
3: Activity [1] "GetSftpFtpNextFileActivity" scheduled child activity [1.1] "Sequence"
4: Activity [1.1] "Sequence" is Executing
{
    Variables
        _1a25a75f_79d5_4484_98f9_c744c2b55c4d_223: System.IO.MemoryStream
        _1a25a75f_79d5_4484_98f9_c744c2b55c4d_224: localfile.txt
        _1a25a75f_79d5_4484_98f9_c744c2b55c4d_225: C:\local_temp\localfile.txt
}
5: Activity [1.1] "Sequence" scheduled child activity [1.81] "InternalGetNextFile1"
6: Activity [1.81] "InternalGetNextFile1" is Executing
{
    Arguments
        ErrorOnTimeout: False
        SubscriptionId: 4203ac68-4f71-44e4-964e-700b0f98a4df
        Timeout: 00:00:00
        IsImplicitlyCancellable: False
}
7: CustomTrackingRecord [1.81] "iCPSTraceTrackingRecord"
8: WorkflowInstance "GetSftpFtpNextFileActivity" is Idle
9: Bookmark "be233195-1d06-4f3f-aaaf-89607a25fcbc" resumed with payload &lt;iCore.Workflow.Activities.Extensions.ItemSubscriptionEventArgs`1[iCore.Common.Utilities.FileSystemWatcher.FileInfoBase]&gt; owner [1.81] "InternalGetNextFile1"
10: Activity [1.81] "InternalGetNextFile1" is Closed
{
    Arguments
        ErrorOnTimeout: False
        SubscriptionId: 4203ac68-4f71-44e4-964e-700b0f98a4df
        FileName: file.name
        Timeout: 00:00:00
        IsImplicitlyCancellable: False
        FilePath: /directory/path/file.name
}
11: Activity [1.1] "Sequence" scheduled child activity [1.2] "If"
12: Activity [1.2] "If" is Executing
{
    Arguments
        Condition: True
}
13: Activity [1.2] "If" scheduled child activity [1.6] "TryCatch"
14: Activity [1.6] "TryCatch" is Executing
15: Activity [1.6] "TryCatch" scheduled child activity [1.10] "TrySequence1"
16: Activity [1.10] "TrySequence1" is Executing
17: Activity [1.10] "TrySequence1" scheduled child activity [1.75] "AssignProcessingFileName"
18: Activity [1.75] "AssignProcessingFileName" is Executing
{
    Arguments
        Value: file.test
}
19: Activity [1.75] "AssignProcessingFileName" is Closed
{
    Arguments
        Value: file.test
        To: file.test
}
20: Activity [1.10] "TrySequence1" scheduled child activity [1.68] "AssignProcessingFilePath"
21: Activity [1.68] "AssignProcessingFilePath" is Executing
{
    Arguments
        Value: /directory/path/file.test
}
22: Activity [1.68] "AssignProcessingFilePath" is Closed
{
    Arguments
        Value: /directory/path/file.test
        To: /directory/path/file.test
}
23: Activity [1.10] "TrySequence1" scheduled child activity [1.56] "IfRenameFile"
24: Activity [1.56] "IfRenameFile" is Executing
{
    Arguments
        Condition: True
}
25: Activity [1.56] "IfRenameFile" scheduled child activity [1.60] "RenameSftpFtpFile1"
26: Activity [1.60] "RenameSftpFtpFile1" is Executing
{
    Arguments
        FromFilename: /directory/path/file.name
        Overwrite: True
        ToFilename: /directory/path/file.test
        Connection: Mock&lt;iCore.Public.Ftp.IFileTransferConnection:335d&gt;.Object
}
27: WorkflowInstance "GetSftpFtpNextFileActivity" is Idle
28: Activity [1.60] "RenameSftpFtpFile1" is Closed
{
    Arguments
        FromFilename: /directory/path/file.name
        Overwrite: True
        ToFilename: /directory/path/file.test
        Connection: Mock&lt;iCore.Public.Ftp.IFileTransferConnection:335d&gt;.Object
}
29: Activity [1.56] "IfRenameFile" is Closed
{
    Arguments
        Condition: True
}
30: Activity [1.10] "TrySequence1" scheduled child activity [1.50] "SetLocalFileName"
31: Activity [1.50] "SetLocalFileName" is Executing
{
    Arguments
        Value: localfile.txt
}
32: Activity [1.50] "SetLocalFileName" is Closed
{
    Arguments
        Value: localfile.txt
        To: localfile.txt
}
33: Activity [1.10] "TrySequence1" scheduled child activity [1.44] "SetLocalFilePath"
34: Activity [1.44] "SetLocalFilePath" is Executing
{
    Arguments
        Value: C:\local_temp\localfile.txt
}
35: Activity [1.44] "SetLocalFilePath" is Closed
{
    Arguments
        Value: C:\local_temp\localfile.txt
        To: C:\local_temp\localfile.txt
}
36: Activity [1.10] "TrySequence1" scheduled child activity [1.36] "OpenFile1"
37: Activity [1.36] "OpenFile1" is Executing
{
    Arguments
        FileAccess: ReadWrite
        FileMode: Create
        FileName: C:\local_temp\localfile.txt
        FileShare: None
}
38: WorkflowInstance "GetSftpFtpNextFileActivity" is Idle
39: Activity [1.36] "OpenFile1" is Closed
{
    Arguments
        FileAccess: ReadWrite
        FileMode: Create
        FileName: C:\local_temp\localfile.txt
        Result: System.IO.MemoryStream
        FileShare: None
}
40: Activity [1.10] "TrySequence1" scheduled child activity [1.30] "DownloadSftpFtpFileToStream1"
41: Activity [1.30] "DownloadSftpFtpFileToStream1" is Executing
{
    Arguments
        DestinationStream: System.IO.MemoryStream
        SourceFilename: /directory/path/file.test
        Connection: Mock&lt;iCore.Public.Ftp.IFileTransferConnection:335d&gt;.Object
}
42: WorkflowInstance "GetSftpFtpNextFileActivity" is Idle
43: Activity [1.30] "DownloadSftpFtpFileToStream1" is Closed
{
    Arguments
        DestinationStream: System.IO.MemoryStream
        SourceFilename: /directory/path/file.test
        Connection: Mock&lt;iCore.Public.Ftp.IFileTransferConnection:335d&gt;.Object
}
44: Activity [1.10] "TrySequence1" scheduled child activity [1.21] "If"
45: Activity [1.21] "If" is Executing
{
    Arguments
        Condition: False
}
46: Activity [1.21] "If" is Closed
{
    Arguments
        Condition: False
}
47: Activity [1.10] "TrySequence1" scheduled child activity [1.16] "AssignLocalFileNameOut"
48: Activity [1.16] "AssignLocalFileNameOut" is Executing
{
    Arguments
        Value: localfile.txt
}
49: Activity [1.16] "AssignLocalFileNameOut" is Closed
{
    Arguments
        Value: localfile.txt
        To: localfile.txt
}
50: Activity [1.10] "TrySequence1" scheduled child activity [1.11] "AssignLocalFilePath"
51: Activity [1.11] "AssignLocalFilePath" is Executing
{
    Arguments
        Value: C:\local_temp\localfile.txt
}
52: Activity [1.11] "AssignLocalFilePath" is Closed
{
    Arguments
        Value: C:\local_temp\localfile.txt
        To: C:\local_temp\localfile.txt
}
53: Activity [1.10] "TrySequence1" is Closed
54: Activity [1.6] "TryCatch" scheduled child activity [1.7] "FinallySequence1"
55: Activity [1.7] "FinallySequence1" is Executing
56: Activity [1.7] "FinallySequence1" scheduled child activity [1.8] "CloseStream1"
57: Activity [1.8] "CloseStream1" is Executing
{
    Arguments
        Stream: System.IO.MemoryStream
}
58: WorkflowInstance "GetSftpFtpNextFileActivity" is Idle
59: Activity [1.8] "CloseStream1" is Closed
{
    Arguments
        Stream: System.IO.MemoryStream
}
60: Activity [1.7] "FinallySequence1" is Closed
61: Activity [1.6] "TryCatch" is Closed
62: Activity [1.2] "If" is Closed
{
    Arguments
        Condition: True
}
63: Activity [1.1] "Sequence" is Closed
{
    Variables
        _1a25a75f_79d5_4484_98f9_c744c2b55c4d_226: System.IO.MemoryStream
        _1a25a75f_79d5_4484_98f9_c744c2b55c4d_227: localfile.txt
        _1a25a75f_79d5_4484_98f9_c744c2b55c4d_228: C:\local_temp\localfile.txt
}
64: Activity [1] "GetSftpFtpNextFileActivity" is Closed
{
    Arguments
        LocalFileNameIn: localfile.txt
        LocalFileNameOut: localfile.txt
        RenameFile: True
        MoveFileTo: 
        LocalFilePath: C:\local_temp\localfile.txt
        ErrorOnTimeout: False
        SubscriptionId: 4203ac68-4f71-44e4-964e-700b0f98a4df
        Timeout: 00:00:00
        Connection: Mock&lt;iCore.Public.Ftp.IFileTransferConnection:335d&gt;.Object
        OriginalFileName: file.name
        ProcessingFilePath: /directory/path/file.test
        IsImplicitlyCancellable: False
        LocalDirectory: C:\local_temp
        ProcessingFileName: file.test
        OriginalFilePath: /directory/path/file.name
        DeleteServerFile: False
}
65: WorkflowInstance "GetSftpFtpNextFileActivity" is Completed</StdOut>
      </Output>
    </UnitTestResult>
    <UnitTestResult executionId="2ca99dba-f335-4d67-ba41-f7e8acd866df" testId="33f6d3be-d771-8d5f-5398-31ef4bd5ce09" testName="Invoke_NoRenameMove_OutArgumentOriginalFilePathIsSet" computerName="ICSWS068" duration="00:00:00.0100912" startTime="2016-08-04T09:59:10.9244533+02:00" endTime="2016-08-04T09:59:10.9359640+02:00" testType="13cdc9d9-ddb5-4fa4-a97d-d965ccfc6d4b" outcome="Passed" testListId="8c84fa94-04c1-424b-9868-57a2d4851a1d" relativeResultsDirectory="2ca99dba-f335-4d67-ba41-f7e8acd866df">
      <Output>
        <StdOut>Debug Trace:
0: WorkflowInstance "GetSftpFtpNextFileActivity" is Started
1: Activity [null] "null" scheduled child activity [1] "GetSftpFtpNextFileActivity"
2: Activity [1] "GetSftpFtpNextFileActivity" is Executing
{
    Arguments
        LocalFileNameIn: localfile.txt
        RenameFile: False
        MoveFileTo: /movetoDirectory/path/
        ErrorOnTimeout: False
        SubscriptionId: fc0c7417-d3cb-45a8-a446-b3a50a5854e1
        Timeout: 00:00:00
        Connection: Mock&lt;iCore.Public.Ftp.IFileTransferConnection:f0da&gt;.Object
        IsImplicitlyCancellable: False
        LocalDirectory: C:\local_temp
        DeleteServerFile: False
}
3: Activity [1] "GetSftpFtpNextFileActivity" scheduled child activity [1.1] "Sequence"
4: Activity [1.1] "Sequence" is Executing
{
    Variables
        _1a25a75f_79d5_4484_98f9_c744c2b55c4d_229: System.IO.MemoryStream
        _1a25a75f_79d5_4484_98f9_c744c2b55c4d_230: localfile.txt
        _1a25a75f_79d5_4484_98f9_c744c2b55c4d_231: C:\local_temp\localfile.txt
}
5: Activity [1.1] "Sequence" scheduled child activity [1.81] "InternalGetNextFile1"
6: Activity [1.81] "InternalGetNextFile1" is Executing
{
    Arguments
        ErrorOnTimeout: False
        SubscriptionId: fc0c7417-d3cb-45a8-a446-b3a50a5854e1
        Timeout: 00:00:00
        IsImplicitlyCancellable: False
}
7: CustomTrackingRecord [1.81] "iCPSTraceTrackingRecord"
8: WorkflowInstance "GetSftpFtpNextFileActivity" is Idle
9: Bookmark "7395c070-c0cd-4b67-8d8e-c5dc05fb760d" resumed with payload &lt;iCore.Workflow.Activities.Extensions.ItemSubscriptionEventArgs`1[iCore.Common.Utilities.FileSystemWatcher.FileInfoBase]&gt; owner [1.81] "InternalGetNextFile1"
10: Activity [1.81] "InternalGetNextFile1" is Closed
{
    Arguments
        ErrorOnTimeout: False
        SubscriptionId: fc0c7417-d3cb-45a8-a446-b3a50a5854e1
        FileName: file.name
        Timeout: 00:00:00
        IsImplicitlyCancellable: False
        FilePath: /directory/path/file.name
}
11: Activity [1.1] "Sequence" scheduled child activity [1.2] "If"
12: Activity [1.2] "If" is Executing
{
    Arguments
        Condition: True
}
13: Activity [1.2] "If" scheduled child activity [1.6] "TryCatch"
14: Activity [1.6] "TryCatch" is Executing
15: Activity [1.6] "TryCatch" scheduled child activity [1.10] "TrySequence1"
16: Activity [1.10] "TrySequence1" is Executing
17: Activity [1.10] "TrySequence1" scheduled child activity [1.75] "AssignProcessingFileName"
18: Activity [1.75] "AssignProcessingFileName" is Executing
{
    Arguments
        Value: file.name
}
19: Activity [1.75] "AssignProcessingFileName" is Closed
{
    Arguments
        Value: file.name
        To: file.name
}
20: Activity [1.10] "TrySequence1" scheduled child activity [1.68] "AssignProcessingFilePath"
21: Activity [1.68] "AssignProcessingFilePath" is Executing
{
    Arguments
        Value: /movetoDirectory/path/file.name
}
22: Activity [1.68] "AssignProcessingFilePath" is Closed
{
    Arguments
        Value: /movetoDirectory/path/file.name
        To: /movetoDirectory/path/file.name
}
23: Activity [1.10] "TrySequence1" scheduled child activity [1.56] "IfRenameFile"
24: Activity [1.56] "IfRenameFile" is Executing
{
    Arguments
        Condition: True
}
25: Activity [1.56] "IfRenameFile" scheduled child activity [1.60] "RenameSftpFtpFile1"
26: Activity [1.60] "RenameSftpFtpFile1" is Executing
{
    Arguments
        FromFilename: /directory/path/file.name
        Overwrite: True
        ToFilename: /movetoDirectory/path/file.name
        Connection: Mock&lt;iCore.Public.Ftp.IFileTransferConnection:f0da&gt;.Object
}
27: WorkflowInstance "GetSftpFtpNextFileActivity" is Idle
28: Activity [1.60] "RenameSftpFtpFile1" is Closed
{
    Arguments
        FromFilename: /directory/path/file.name
        Overwrite: True
        ToFilename: /movetoDirectory/path/file.name
        Connection: Mock&lt;iCore.Public.Ftp.IFileTransferConnection:f0da&gt;.Object
}
29: Activity [1.56] "IfRenameFile" is Closed
{
    Arguments
        Condition: True
}
30: Activity [1.10] "TrySequence1" scheduled child activity [1.50] "SetLocalFileName"
31: Activity [1.50] "SetLocalFileName" is Executing
{
    Arguments
        Value: localfile.txt
}
32: Activity [1.50] "SetLocalFileName" is Closed
{
    Arguments
        Value: localfile.txt
        To: localfile.txt
}
33: Activity [1.10] "TrySequence1" scheduled child activity [1.44] "SetLocalFilePath"
34: Activity [1.44] "SetLocalFilePath" is Executing
{
    Arguments
        Value: C:\local_temp\localfile.txt
}
35: Activity [1.44] "SetLocalFilePath" is Closed
{
    Arguments
        Value: C:\local_temp\localfile.txt
        To: C:\local_temp\localfile.txt
}
36: Activity [1.10] "TrySequence1" scheduled child activity [1.36] "OpenFile1"
37: Activity [1.36] "OpenFile1" is Executing
{
    Arguments
        FileAccess: ReadWrite
        FileMode: Create
        FileName: C:\local_temp\localfile.txt
        FileShare: None
}
38: WorkflowInstance "GetSftpFtpNextFileActivity" is Idle
39: Activity [1.36] "OpenFile1" is Closed
{
    Arguments
        FileAccess: ReadWrite
        FileMode: Create
        FileName: C:\local_temp\localfile.txt
        Result: System.IO.MemoryStream
        FileShare: None
}
40: Activity [1.10] "TrySequence1" scheduled child activity [1.30] "DownloadSftpFtpFileToStream1"
41: Activity [1.30] "DownloadSftpFtpFileToStream1" is Executing
{
    Arguments
        DestinationStream: System.IO.MemoryStream
        SourceFilename: /movetoDirectory/path/file.name
        Connection: Mock&lt;iCore.Public.Ftp.IFileTransferConnection:f0da&gt;.Object
}
42: WorkflowInstance "GetSftpFtpNextFileActivity" is Idle
43: Activity [1.30] "DownloadSftpFtpFileToStream1" is Closed
{
    Arguments
        DestinationStream: System.IO.MemoryStream
        SourceFilename: /movetoDirectory/path/file.name
        Connection: Mock&lt;iCore.Public.Ftp.IFileTransferConnection:f0da&gt;.Object
}
44: Activity [1.10] "TrySequence1" scheduled child activity [1.21] "If"
45: Activity [1.21] "If" is Executing
{
    Arguments
        Condition: False
}
46: Activity [1.21] "If" is Closed
{
    Arguments
        Condition: False
}
47: Activity [1.10] "TrySequence1" scheduled child activity [1.16] "AssignLocalFileNameOut"
48: Activity [1.16] "AssignLocalFileNameOut" is Executing
{
    Arguments
        Value: localfile.txt
}
49: Activity [1.16] "AssignLocalFileNameOut" is Closed
{
    Arguments
        Value: localfile.txt
        To: localfile.txt
}
50: Activity [1.10] "TrySequence1" scheduled child activity [1.11] "AssignLocalFilePath"
51: Activity [1.11] "AssignLocalFilePath" is Executing
{
    Arguments
        Value: C:\local_temp\localfile.txt
}
52: Activity [1.11] "AssignLocalFilePath" is Closed
{
    Arguments
        Value: C:\local_temp\localfile.txt
        To: C:\local_temp\localfile.txt
}
53: Activity [1.10] "TrySequence1" is Closed
54: Activity [1.6] "TryCatch" scheduled child activity [1.7] "FinallySequence1"
55: Activity [1.7] "FinallySequence1" is Executing
56: Activity [1.7] "FinallySequence1" scheduled child activity [1.8] "CloseStream1"
57: Activity [1.8] "CloseStream1" is Executing
{
    Arguments
        Stream: System.IO.MemoryStream
}
58: WorkflowInstance "GetSftpFtpNextFileActivity" is Idle
59: Activity [1.8] "CloseStream1" is Closed
{
    Arguments
        Stream: System.IO.MemoryStream
}
60: Activity [1.7] "FinallySequence1" is Closed
61: Activity [1.6] "TryCatch" is Closed
62: Activity [1.2] "If" is Closed
{
    Arguments
        Condition: True
}
63: Activity [1.1] "Sequence" is Closed
{
    Variables
        _1a25a75f_79d5_4484_98f9_c744c2b55c4d_232: System.IO.MemoryStream
        _1a25a75f_79d5_4484_98f9_c744c2b55c4d_233: localfile.txt
        _1a25a75f_79d5_4484_98f9_c744c2b55c4d_234: C:\local_temp\localfile.txt
}
64: Activity [1] "GetSftpFtpNextFileActivity" is Closed
{
    Arguments
        LocalFileNameIn: localfile.txt
        LocalFileNameOut: localfile.txt
        RenameFile: False
        MoveFileTo: /movetoDirectory/path/
        LocalFilePath: C:\local_temp\localfile.txt
        ErrorOnTimeout: False
        SubscriptionId: fc0c7417-d3cb-45a8-a446-b3a50a5854e1
        Timeout: 00:00:00
        Connection: Mock&lt;iCore.Public.Ftp.IFileTransferConnection:f0da&gt;.Object
        OriginalFileName: file.name
        ProcessingFilePath: /movetoDirectory/path/file.name
        IsImplicitlyCancellable: False
        LocalDirectory: C:\local_temp
        ProcessingFileName: file.name
        OriginalFilePath: /directory/path/file.name
        DeleteServerFile: False
}
65: WorkflowInstance "GetSftpFtpNextFileActivity" is Completed</StdOut>
      </Output>
    </UnitTestResult>
    <UnitTestResult executionId="588175bf-fff2-4c9d-96b2-ccf3d8a3f23a" testId="7e8f4af6-bc69-0a9c-7c1d-97517b09f402" testName="Invoke_NoRenameMove_OutArgumentOriginalFilenameIsSet" computerName="ICSWS068" duration="00:00:00.0099053" startTime="2016-08-04T09:59:10.9384648+02:00" endTime="2016-08-04T09:59:10.9494617+02:00" testType="13cdc9d9-ddb5-4fa4-a97d-d965ccfc6d4b" outcome="Passed" testListId="8c84fa94-04c1-424b-9868-57a2d4851a1d" relativeResultsDirectory="588175bf-fff2-4c9d-96b2-ccf3d8a3f23a">
      <Output>
        <StdOut>Debug Trace:
0: WorkflowInstance "GetSftpFtpNextFileActivity" is Started
1: Activity [null] "null" scheduled child activity [1] "GetSftpFtpNextFileActivity"
2: Activity [1] "GetSftpFtpNextFileActivity" is Executing
{
    Arguments
        LocalFileNameIn: localfile.txt
        RenameFile: False
        MoveFileTo: /movetoDirectory/path/
        ErrorOnTimeout: False
        SubscriptionId: 6ff1b5a8-80e6-4865-9dc6-a2a306bb8935
        Timeout: 00:00:00
        Connection: Mock&lt;iCore.Public.Ftp.IFileTransferConnection:ae19&gt;.Object
        IsImplicitlyCancellable: False
        LocalDirectory: C:\local_temp
        DeleteServerFile: False
}
3: Activity [1] "GetSftpFtpNextFileActivity" scheduled child activity [1.1] "Sequence"
4: Activity [1.1] "Sequence" is Executing
{
    Variables
        _1a25a75f_79d5_4484_98f9_c744c2b55c4d_235: System.IO.MemoryStream
        _1a25a75f_79d5_4484_98f9_c744c2b55c4d_236: localfile.txt
        _1a25a75f_79d5_4484_98f9_c744c2b55c4d_237: C:\local_temp\localfile.txt
}
5: Activity [1.1] "Sequence" scheduled child activity [1.81] "InternalGetNextFile1"
6: Activity [1.81] "InternalGetNextFile1" is Executing
{
    Arguments
        ErrorOnTimeout: False
        SubscriptionId: 6ff1b5a8-80e6-4865-9dc6-a2a306bb8935
        Timeout: 00:00:00
        IsImplicitlyCancellable: False
}
7: CustomTrackingRecord [1.81] "iCPSTraceTrackingRecord"
8: WorkflowInstance "GetSftpFtpNextFileActivity" is Idle
9: Bookmark "33247c1d-6198-4f50-9ee5-c7014c9ef520" resumed with payload &lt;iCore.Workflow.Activities.Extensions.ItemSubscriptionEventArgs`1[iCore.Common.Utilities.FileSystemWatcher.FileInfoBase]&gt; owner [1.81] "InternalGetNextFile1"
10: Activity [1.81] "InternalGetNextFile1" is Closed
{
    Arguments
        ErrorOnTimeout: False
        SubscriptionId: 6ff1b5a8-80e6-4865-9dc6-a2a306bb8935
        FileName: file.name
        Timeout: 00:00:00
        IsImplicitlyCancellable: False
        FilePath: /directory/path/file.name
}
11: Activity [1.1] "Sequence" scheduled child activity [1.2] "If"
12: Activity [1.2] "If" is Executing
{
    Arguments
        Condition: True
}
13: Activity [1.2] "If" scheduled child activity [1.6] "TryCatch"
14: Activity [1.6] "TryCatch" is Executing
15: Activity [1.6] "TryCatch" scheduled child activity [1.10] "TrySequence1"
16: Activity [1.10] "TrySequence1" is Executing
17: Activity [1.10] "TrySequence1" scheduled child activity [1.75] "AssignProcessingFileName"
18: Activity [1.75] "AssignProcessingFileName" is Executing
{
    Arguments
        Value: file.name
}
19: Activity [1.75] "AssignProcessingFileName" is Closed
{
    Arguments
        Value: file.name
        To: file.name
}
20: Activity [1.10] "TrySequence1" scheduled child activity [1.68] "AssignProcessingFilePath"
21: Activity [1.68] "AssignProcessingFilePath" is Executing
{
    Arguments
        Value: /movetoDirectory/path/file.name
}
22: Activity [1.68] "AssignProcessingFilePath" is Closed
{
    Arguments
        Value: /movetoDirectory/path/file.name
        To: /movetoDirectory/path/file.name
}
23: Activity [1.10] "TrySequence1" scheduled child activity [1.56] "IfRenameFile"
24: Activity [1.56] "IfRenameFile" is Executing
{
    Arguments
        Condition: True
}
25: Activity [1.56] "IfRenameFile" scheduled child activity [1.60] "RenameSftpFtpFile1"
26: Activity [1.60] "RenameSftpFtpFile1" is Executing
{
    Arguments
        FromFilename: /directory/path/file.name
        Overwrite: True
        ToFilename: /movetoDirectory/path/file.name
        Connection: Mock&lt;iCore.Public.Ftp.IFileTransferConnection:ae19&gt;.Object
}
27: WorkflowInstance "GetSftpFtpNextFileActivity" is Idle
28: Activity [1.60] "RenameSftpFtpFile1" is Closed
{
    Arguments
        FromFilename: /directory/path/file.name
        Overwrite: True
        ToFilename: /movetoDirectory/path/file.name
        Connection: Mock&lt;iCore.Public.Ftp.IFileTransferConnection:ae19&gt;.Object
}
29: Activity [1.56] "IfRenameFile" is Closed
{
    Arguments
        Condition: True
}
30: Activity [1.10] "TrySequence1" scheduled child activity [1.50] "SetLocalFileName"
31: Activity [1.50] "SetLocalFileName" is Executing
{
    Arguments
        Value: localfile.txt
}
32: Activity [1.50] "SetLocalFileName" is Closed
{
    Arguments
        Value: localfile.txt
        To: localfile.txt
}
33: Activity [1.10] "TrySequence1" scheduled child activity [1.44] "SetLocalFilePath"
34: Activity [1.44] "SetLocalFilePath" is Executing
{
    Arguments
        Value: C:\local_temp\localfile.txt
}
35: Activity [1.44] "SetLocalFilePath" is Closed
{
    Arguments
        Value: C:\local_temp\localfile.txt
        To: C:\local_temp\localfile.txt
}
36: Activity [1.10] "TrySequence1" scheduled child activity [1.36] "OpenFile1"
37: Activity [1.36] "OpenFile1" is Executing
{
    Arguments
        FileAccess: ReadWrite
        FileMode: Create
        FileName: C:\local_temp\localfile.txt
        FileShare: None
}
38: WorkflowInstance "GetSftpFtpNextFileActivity" is Idle
39: Activity [1.36] "OpenFile1" is Closed
{
    Arguments
        FileAccess: ReadWrite
        FileMode: Create
        FileName: C:\local_temp\localfile.txt
        Result: System.IO.MemoryStream
        FileShare: None
}
40: Activity [1.10] "TrySequence1" scheduled child activity [1.30] "DownloadSftpFtpFileToStream1"
41: Activity [1.30] "DownloadSftpFtpFileToStream1" is Executing
{
    Arguments
        DestinationStream: System.IO.MemoryStream
        SourceFilename: /movetoDirectory/path/file.name
        Connection: Mock&lt;iCore.Public.Ftp.IFileTransferConnection:ae19&gt;.Object
}
42: WorkflowInstance "GetSftpFtpNextFileActivity" is Idle
43: Activity [1.30] "DownloadSftpFtpFileToStream1" is Closed
{
    Arguments
        DestinationStream: System.IO.MemoryStream
        SourceFilename: /movetoDirectory/path/file.name
        Connection: Mock&lt;iCore.Public.Ftp.IFileTransferConnection:ae19&gt;.Object
}
44: Activity [1.10] "TrySequence1" scheduled child activity [1.21] "If"
45: Activity [1.21] "If" is Executing
{
    Arguments
        Condition: False
}
46: Activity [1.21] "If" is Closed
{
    Arguments
        Condition: False
}
47: Activity [1.10] "TrySequence1" scheduled child activity [1.16] "AssignLocalFileNameOut"
48: Activity [1.16] "AssignLocalFileNameOut" is Executing
{
    Arguments
        Value: localfile.txt
}
49: Activity [1.16] "AssignLocalFileNameOut" is Closed
{
    Arguments
        Value: localfile.txt
        To: localfile.txt
}
50: Activity [1.10] "TrySequence1" scheduled child activity [1.11] "AssignLocalFilePath"
51: Activity [1.11] "AssignLocalFilePath" is Executing
{
    Arguments
        Value: C:\local_temp\localfile.txt
}
52: Activity [1.11] "AssignLocalFilePath" is Closed
{
    Arguments
        Value: C:\local_temp\localfile.txt
        To: C:\local_temp\localfile.txt
}
53: Activity [1.10] "TrySequence1" is Closed
54: Activity [1.6] "TryCatch" scheduled child activity [1.7] "FinallySequence1"
55: Activity [1.7] "FinallySequence1" is Executing
56: Activity [1.7] "FinallySequence1" scheduled child activity [1.8] "CloseStream1"
57: Activity [1.8] "CloseStream1" is Executing
{
    Arguments
        Stream: System.IO.MemoryStream
}
58: WorkflowInstance "GetSftpFtpNextFileActivity" is Idle
59: Activity [1.8] "CloseStream1" is Closed
{
    Arguments
        Stream: System.IO.MemoryStream
}
60: Activity [1.7] "FinallySequence1" is Closed
61: Activity [1.6] "TryCatch" is Closed
62: Activity [1.2] "If" is Closed
{
    Arguments
        Condition: True
}
63: Activity [1.1] "Sequence" is Closed
{
    Variables
        _1a25a75f_79d5_4484_98f9_c744c2b55c4d_238: System.IO.MemoryStream
        _1a25a75f_79d5_4484_98f9_c744c2b55c4d_239: localfile.txt
        _1a25a75f_79d5_4484_98f9_c744c2b55c4d_240: C:\local_temp\localfile.txt
}
64: Activity [1] "GetSftpFtpNextFileActivity" is Closed
{
    Arguments
        LocalFileNameIn: localfile.txt
        LocalFileNameOut: localfile.txt
        RenameFile: False
        MoveFileTo: /movetoDirectory/path/
        LocalFilePath: C:\local_temp\localfile.txt
        ErrorOnTimeout: False
        SubscriptionId: 6ff1b5a8-80e6-4865-9dc6-a2a306bb8935
        Timeout: 00:00:00
        Connection: Mock&lt;iCore.Public.Ftp.IFileTransferConnection:ae19&gt;.Object
        OriginalFileName: file.name
        ProcessingFilePath: /movetoDirectory/path/file.name
        IsImplicitlyCancellable: False
        LocalDirectory: C:\local_temp
        ProcessingFileName: file.name
        OriginalFilePath: /directory/path/file.name
        DeleteServerFile: False
}
65: WorkflowInstance "GetSftpFtpNextFileActivity" is Completed</StdOut>
      </Output>
    </UnitTestResult>
    <UnitTestResult executionId="bf8b1e8b-e5cb-4204-8066-caed222e9ee8" testId="fb21bc99-5b49-8412-9333-bcc4653fa1b0" testName="Invoke_NoRenameMove_OutArgumentProcessingFilePathIsSet" computerName="ICSWS068" duration="00:00:00.0099683" startTime="2016-08-04T09:59:10.9519637+02:00" endTime="2016-08-04T09:59:10.9639697+02:00" testType="13cdc9d9-ddb5-4fa4-a97d-d965ccfc6d4b" outcome="Passed" testListId="8c84fa94-04c1-424b-9868-57a2d4851a1d" relativeResultsDirectory="bf8b1e8b-e5cb-4204-8066-caed222e9ee8">
      <Output>
        <StdOut>Debug Trace:
0: WorkflowInstance "GetSftpFtpNextFileActivity" is Started
1: Activity [null] "null" scheduled child activity [1] "GetSftpFtpNextFileActivity"
2: Activity [1] "GetSftpFtpNextFileActivity" is Executing
{
    Arguments
        LocalFileNameIn: localfile.txt
        RenameFile: False
        MoveFileTo: /movetoDirectory/path/
        ErrorOnTimeout: False
        SubscriptionId: 1428c847-dc8b-47ee-aae3-982188d1abc7
        Timeout: 00:00:00
        Connection: Mock&lt;iCore.Public.Ftp.IFileTransferConnection:31af&gt;.Object
        IsImplicitlyCancellable: False
        LocalDirectory: C:\local_temp
        DeleteServerFile: False
}
3: Activity [1] "GetSftpFtpNextFileActivity" scheduled child activity [1.1] "Sequence"
4: Activity [1.1] "Sequence" is Executing
{
    Variables
        _1a25a75f_79d5_4484_98f9_c744c2b55c4d_241: System.IO.MemoryStream
        _1a25a75f_79d5_4484_98f9_c744c2b55c4d_242: localfile.txt
        _1a25a75f_79d5_4484_98f9_c744c2b55c4d_243: C:\local_temp\localfile.txt
}
5: Activity [1.1] "Sequence" scheduled child activity [1.81] "InternalGetNextFile1"
6: Activity [1.81] "InternalGetNextFile1" is Executing
{
    Arguments
        ErrorOnTimeout: False
        SubscriptionId: 1428c847-dc8b-47ee-aae3-982188d1abc7
        Timeout: 00:00:00
        IsImplicitlyCancellable: False
}
7: CustomTrackingRecord [1.81] "iCPSTraceTrackingRecord"
8: WorkflowInstance "GetSftpFtpNextFileActivity" is Idle
9: Bookmark "ab47fce3-da2d-4409-a469-53574979c827" resumed with payload &lt;iCore.Workflow.Activities.Extensions.ItemSubscriptionEventArgs`1[iCore.Common.Utilities.FileSystemWatcher.FileInfoBase]&gt; owner [1.81] "InternalGetNextFile1"
10: Activity [1.81] "InternalGetNextFile1" is Closed
{
    Arguments
        ErrorOnTimeout: False
        SubscriptionId: 1428c847-dc8b-47ee-aae3-982188d1abc7
        FileName: file.name
        Timeout: 00:00:00
        IsImplicitlyCancellable: False
        FilePath: /directory/path/file.name
}
11: Activity [1.1] "Sequence" scheduled child activity [1.2] "If"
12: Activity [1.2] "If" is Executing
{
    Arguments
        Condition: True
}
13: Activity [1.2] "If" scheduled child activity [1.6] "TryCatch"
14: Activity [1.6] "TryCatch" is Executing
15: Activity [1.6] "TryCatch" scheduled child activity [1.10] "TrySequence1"
16: Activity [1.10] "TrySequence1" is Executing
17: Activity [1.10] "TrySequence1" scheduled child activity [1.75] "AssignProcessingFileName"
18: Activity [1.75] "AssignProcessingFileName" is Executing
{
    Arguments
        Value: file.name
}
19: Activity [1.75] "AssignProcessingFileName" is Closed
{
    Arguments
        Value: file.name
        To: file.name
}
20: Activity [1.10] "TrySequence1" scheduled child activity [1.68] "AssignProcessingFilePath"
21: Activity [1.68] "AssignProcessingFilePath" is Executing
{
    Arguments
        Value: /movetoDirectory/path/file.name
}
22: Activity [1.68] "AssignProcessingFilePath" is Closed
{
    Arguments
        Value: /movetoDirectory/path/file.name
        To: /movetoDirectory/path/file.name
}
23: Activity [1.10] "TrySequence1" scheduled child activity [1.56] "IfRenameFile"
24: Activity [1.56] "IfRenameFile" is Executing
{
    Arguments
        Condition: True
}
25: Activity [1.56] "IfRenameFile" scheduled child activity [1.60] "RenameSftpFtpFile1"
26: Activity [1.60] "RenameSftpFtpFile1" is Executing
{
    Arguments
        FromFilename: /directory/path/file.name
        Overwrite: True
        ToFilename: /movetoDirectory/path/file.name
        Connection: Mock&lt;iCore.Public.Ftp.IFileTransferConnection:31af&gt;.Object
}
27: WorkflowInstance "GetSftpFtpNextFileActivity" is Idle
28: Activity [1.60] "RenameSftpFtpFile1" is Closed
{
    Arguments
        FromFilename: /directory/path/file.name
        Overwrite: True
        ToFilename: /movetoDirectory/path/file.name
        Connection: Mock&lt;iCore.Public.Ftp.IFileTransferConnection:31af&gt;.Object
}
29: Activity [1.56] "IfRenameFile" is Closed
{
    Arguments
        Condition: True
}
30: Activity [1.10] "TrySequence1" scheduled child activity [1.50] "SetLocalFileName"
31: Activity [1.50] "SetLocalFileName" is Executing
{
    Arguments
        Value: localfile.txt
}
32: Activity [1.50] "SetLocalFileName" is Closed
{
    Arguments
        Value: localfile.txt
        To: localfile.txt
}
33: Activity [1.10] "TrySequence1" scheduled child activity [1.44] "SetLocalFilePath"
34: Activity [1.44] "SetLocalFilePath" is Executing
{
    Arguments
        Value: C:\local_temp\localfile.txt
}
35: Activity [1.44] "SetLocalFilePath" is Closed
{
    Arguments
        Value: C:\local_temp\localfile.txt
        To: C:\local_temp\localfile.txt
}
36: Activity [1.10] "TrySequence1" scheduled child activity [1.36] "OpenFile1"
37: Activity [1.36] "OpenFile1" is Executing
{
    Arguments
        FileAccess: ReadWrite
        FileMode: Create
        FileName: C:\local_temp\localfile.txt
        FileShare: None
}
38: WorkflowInstance "GetSftpFtpNextFileActivity" is Idle
39: Activity [1.36] "OpenFile1" is Closed
{
    Arguments
        FileAccess: ReadWrite
        FileMode: Create
        FileName: C:\local_temp\localfile.txt
        Result: System.IO.MemoryStream
        FileShare: None
}
40: Activity [1.10] "TrySequence1" scheduled child activity [1.30] "DownloadSftpFtpFileToStream1"
41: Activity [1.30] "DownloadSftpFtpFileToStream1" is Executing
{
    Arguments
        DestinationStream: System.IO.MemoryStream
        SourceFilename: /movetoDirectory/path/file.name
        Connection: Mock&lt;iCore.Public.Ftp.IFileTransferConnection:31af&gt;.Object
}
42: WorkflowInstance "GetSftpFtpNextFileActivity" is Idle
43: Activity [1.30] "DownloadSftpFtpFileToStream1" is Closed
{
    Arguments
        DestinationStream: System.IO.MemoryStream
        SourceFilename: /movetoDirectory/path/file.name
        Connection: Mock&lt;iCore.Public.Ftp.IFileTransferConnection:31af&gt;.Object
}
44: Activity [1.10] "TrySequence1" scheduled child activity [1.21] "If"
45: Activity [1.21] "If" is Executing
{
    Arguments
        Condition: False
}
46: Activity [1.21] "If" is Closed
{
    Arguments
        Condition: False
}
47: Activity [1.10] "TrySequence1" scheduled child activity [1.16] "AssignLocalFileNameOut"
48: Activity [1.16] "AssignLocalFileNameOut" is Executing
{
    Arguments
        Value: localfile.txt
}
49: Activity [1.16] "AssignLocalFileNameOut" is Closed
{
    Arguments
        Value: localfile.txt
        To: localfile.txt
}
50: Activity [1.10] "TrySequence1" scheduled child activity [1.11] "AssignLocalFilePath"
51: Activity [1.11] "AssignLocalFilePath" is Executing
{
    Arguments
        Value: C:\local_temp\localfile.txt
}
52: Activity [1.11] "AssignLocalFilePath" is Closed
{
    Arguments
        Value: C:\local_temp\localfile.txt
        To: C:\local_temp\localfile.txt
}
53: Activity [1.10] "TrySequence1" is Closed
54: Activity [1.6] "TryCatch" scheduled child activity [1.7] "FinallySequence1"
55: Activity [1.7] "FinallySequence1" is Executing
56: Activity [1.7] "FinallySequence1" scheduled child activity [1.8] "CloseStream1"
57: Activity [1.8] "CloseStream1" is Executing
{
    Arguments
        Stream: System.IO.MemoryStream
}
58: WorkflowInstance "GetSftpFtpNextFileActivity" is Idle
59: Activity [1.8] "CloseStream1" is Closed
{
    Arguments
        Stream: System.IO.MemoryStream
}
60: Activity [1.7] "FinallySequence1" is Closed
61: Activity [1.6] "TryCatch" is Closed
62: Activity [1.2] "If" is Closed
{
    Arguments
        Condition: True
}
63: Activity [1.1] "Sequence" is Closed
{
    Variables
        _1a25a75f_79d5_4484_98f9_c744c2b55c4d_244: System.IO.MemoryStream
        _1a25a75f_79d5_4484_98f9_c744c2b55c4d_245: localfile.txt
        _1a25a75f_79d5_4484_98f9_c744c2b55c4d_246: C:\local_temp\localfile.txt
}
64: Activity [1] "GetSftpFtpNextFileActivity" is Closed
{
    Arguments
        LocalFileNameIn: localfile.txt
        LocalFileNameOut: localfile.txt
        RenameFile: False
        MoveFileTo: /movetoDirectory/path/
        LocalFilePath: C:\local_temp\localfile.txt
        ErrorOnTimeout: False
        SubscriptionId: 1428c847-dc8b-47ee-aae3-982188d1abc7
        Timeout: 00:00:00
        Connection: Mock&lt;iCore.Public.Ftp.IFileTransferConnection:31af&gt;.Object
        OriginalFileName: file.name
        ProcessingFilePath: /movetoDirectory/path/file.name
        IsImplicitlyCancellable: False
        LocalDirectory: C:\local_temp
        ProcessingFileName: file.name
        OriginalFilePath: /directory/path/file.name
        DeleteServerFile: False
}
65: WorkflowInstance "GetSftpFtpNextFileActivity" is Completed</StdOut>
      </Output>
    </UnitTestResult>
    <UnitTestResult executionId="ffdad0f5-3522-482a-88ff-fe8e38456fe3" testId="23f6dc92-fb27-bb7f-30ab-dfadd079624a" testName="Invoke_NoRenameMove_OutArgumentProcessingFilenameIsSet" computerName="ICSWS068" duration="00:00:00.0098833" startTime="2016-08-04T09:59:10.9669711+02:00" endTime="2016-08-04T09:59:10.9784949+02:00" testType="13cdc9d9-ddb5-4fa4-a97d-d965ccfc6d4b" outcome="Passed" testListId="8c84fa94-04c1-424b-9868-57a2d4851a1d" relativeResultsDirectory="ffdad0f5-3522-482a-88ff-fe8e38456fe3">
      <Output>
        <StdOut>Debug Trace:
0: WorkflowInstance "GetSftpFtpNextFileActivity" is Started
1: Activity [null] "null" scheduled child activity [1] "GetSftpFtpNextFileActivity"
2: Activity [1] "GetSftpFtpNextFileActivity" is Executing
{
    Arguments
        LocalFileNameIn: localfile.txt
        RenameFile: False
        MoveFileTo: /movetoDirectory/path/
        ErrorOnTimeout: False
        SubscriptionId: 55ca0bcd-e1fd-4436-b229-288afb8019a3
        Timeout: 00:00:00
        Connection: Mock&lt;iCore.Public.Ftp.IFileTransferConnection:d5dc&gt;.Object
        IsImplicitlyCancellable: False
        LocalDirectory: C:\local_temp
        DeleteServerFile: False
}
3: Activity [1] "GetSftpFtpNextFileActivity" scheduled child activity [1.1] "Sequence"
4: Activity [1.1] "Sequence" is Executing
{
    Variables
        _1a25a75f_79d5_4484_98f9_c744c2b55c4d_247: System.IO.MemoryStream
        _1a25a75f_79d5_4484_98f9_c744c2b55c4d_248: localfile.txt
        _1a25a75f_79d5_4484_98f9_c744c2b55c4d_249: C:\local_temp\localfile.txt
}
5: Activity [1.1] "Sequence" scheduled child activity [1.81] "InternalGetNextFile1"
6: Activity [1.81] "InternalGetNextFile1" is Executing
{
    Arguments
        ErrorOnTimeout: False
        SubscriptionId: 55ca0bcd-e1fd-4436-b229-288afb8019a3
        Timeout: 00:00:00
        IsImplicitlyCancellable: False
}
7: CustomTrackingRecord [1.81] "iCPSTraceTrackingRecord"
8: WorkflowInstance "GetSftpFtpNextFileActivity" is Idle
9: Bookmark "409360e3-edc7-4cf6-a80c-ca6c721477c2" resumed with payload &lt;iCore.Workflow.Activities.Extensions.ItemSubscriptionEventArgs`1[iCore.Common.Utilities.FileSystemWatcher.FileInfoBase]&gt; owner [1.81] "InternalGetNextFile1"
10: Activity [1.81] "InternalGetNextFile1" is Closed
{
    Arguments
        ErrorOnTimeout: False
        SubscriptionId: 55ca0bcd-e1fd-4436-b229-288afb8019a3
        FileName: file.name
        Timeout: 00:00:00
        IsImplicitlyCancellable: False
        FilePath: /directory/path/file.name
}
11: Activity [1.1] "Sequence" scheduled child activity [1.2] "If"
12: Activity [1.2] "If" is Executing
{
    Arguments
        Condition: True
}
13: Activity [1.2] "If" scheduled child activity [1.6] "TryCatch"
14: Activity [1.6] "TryCatch" is Executing
15: Activity [1.6] "TryCatch" scheduled child activity [1.10] "TrySequence1"
16: Activity [1.10] "TrySequence1" is Executing
17: Activity [1.10] "TrySequence1" scheduled child activity [1.75] "AssignProcessingFileName"
18: Activity [1.75] "AssignProcessingFileName" is Executing
{
    Arguments
        Value: file.name
}
19: Activity [1.75] "AssignProcessingFileName" is Closed
{
    Arguments
        Value: file.name
        To: file.name
}
20: Activity [1.10] "TrySequence1" scheduled child activity [1.68] "AssignProcessingFilePath"
21: Activity [1.68] "AssignProcessingFilePath" is Executing
{
    Arguments
        Value: /movetoDirectory/path/file.name
}
22: Activity [1.68] "AssignProcessingFilePath" is Closed
{
    Arguments
        Value: /movetoDirectory/path/file.name
        To: /movetoDirectory/path/file.name
}
23: Activity [1.10] "TrySequence1" scheduled child activity [1.56] "IfRenameFile"
24: Activity [1.56] "IfRenameFile" is Executing
{
    Arguments
        Condition: True
}
25: Activity [1.56] "IfRenameFile" scheduled child activity [1.60] "RenameSftpFtpFile1"
26: Activity [1.60] "RenameSftpFtpFile1" is Executing
{
    Arguments
        FromFilename: /directory/path/file.name
        Overwrite: True
        ToFilename: /movetoDirectory/path/file.name
        Connection: Mock&lt;iCore.Public.Ftp.IFileTransferConnection:d5dc&gt;.Object
}
27: WorkflowInstance "GetSftpFtpNextFileActivity" is Idle
28: Activity [1.60] "RenameSftpFtpFile1" is Closed
{
    Arguments
        FromFilename: /directory/path/file.name
        Overwrite: True
        ToFilename: /movetoDirectory/path/file.name
        Connection: Mock&lt;iCore.Public.Ftp.IFileTransferConnection:d5dc&gt;.Object
}
29: Activity [1.56] "IfRenameFile" is Closed
{
    Arguments
        Condition: True
}
30: Activity [1.10] "TrySequence1" scheduled child activity [1.50] "SetLocalFileName"
31: Activity [1.50] "SetLocalFileName" is Executing
{
    Arguments
        Value: localfile.txt
}
32: Activity [1.50] "SetLocalFileName" is Closed
{
    Arguments
        Value: localfile.txt
        To: localfile.txt
}
33: Activity [1.10] "TrySequence1" scheduled child activity [1.44] "SetLocalFilePath"
34: Activity [1.44] "SetLocalFilePath" is Executing
{
    Arguments
        Value: C:\local_temp\localfile.txt
}
35: Activity [1.44] "SetLocalFilePath" is Closed
{
    Arguments
        Value: C:\local_temp\localfile.txt
        To: C:\local_temp\localfile.txt
}
36: Activity [1.10] "TrySequence1" scheduled child activity [1.36] "OpenFile1"
37: Activity [1.36] "OpenFile1" is Executing
{
    Arguments
        FileAccess: ReadWrite
        FileMode: Create
        FileName: C:\local_temp\localfile.txt
        FileShare: None
}
38: WorkflowInstance "GetSftpFtpNextFileActivity" is Idle
39: Activity [1.36] "OpenFile1" is Closed
{
    Arguments
        FileAccess: ReadWrite
        FileMode: Create
        FileName: C:\local_temp\localfile.txt
        Result: System.IO.MemoryStream
        FileShare: None
}
40: Activity [1.10] "TrySequence1" scheduled child activity [1.30] "DownloadSftpFtpFileToStream1"
41: Activity [1.30] "DownloadSftpFtpFileToStream1" is Executing
{
    Arguments
        DestinationStream: System.IO.MemoryStream
        SourceFilename: /movetoDirectory/path/file.name
        Connection: Mock&lt;iCore.Public.Ftp.IFileTransferConnection:d5dc&gt;.Object
}
42: WorkflowInstance "GetSftpFtpNextFileActivity" is Idle
43: Activity [1.30] "DownloadSftpFtpFileToStream1" is Closed
{
    Arguments
        DestinationStream: System.IO.MemoryStream
        SourceFilename: /movetoDirectory/path/file.name
        Connection: Mock&lt;iCore.Public.Ftp.IFileTransferConnection:d5dc&gt;.Object
}
44: Activity [1.10] "TrySequence1" scheduled child activity [1.21] "If"
45: Activity [1.21] "If" is Executing
{
    Arguments
        Condition: False
}
46: Activity [1.21] "If" is Closed
{
    Arguments
        Condition: False
}
47: Activity [1.10] "TrySequence1" scheduled child activity [1.16] "AssignLocalFileNameOut"
48: Activity [1.16] "AssignLocalFileNameOut" is Executing
{
    Arguments
        Value: localfile.txt
}
49: Activity [1.16] "AssignLocalFileNameOut" is Closed
{
    Arguments
        Value: localfile.txt
        To: localfile.txt
}
50: Activity [1.10] "TrySequence1" scheduled child activity [1.11] "AssignLocalFilePath"
51: Activity [1.11] "AssignLocalFilePath" is Executing
{
    Arguments
        Value: C:\local_temp\localfile.txt
}
52: Activity [1.11] "AssignLocalFilePath" is Closed
{
    Arguments
        Value: C:\local_temp\localfile.txt
        To: C:\local_temp\localfile.txt
}
53: Activity [1.10] "TrySequence1" is Closed
54: Activity [1.6] "TryCatch" scheduled child activity [1.7] "FinallySequence1"
55: Activity [1.7] "FinallySequence1" is Executing
56: Activity [1.7] "FinallySequence1" scheduled child activity [1.8] "CloseStream1"
57: Activity [1.8] "CloseStream1" is Executing
{
    Arguments
        Stream: System.IO.MemoryStream
}
58: WorkflowInstance "GetSftpFtpNextFileActivity" is Idle
59: Activity [1.8] "CloseStream1" is Closed
{
    Arguments
        Stream: System.IO.MemoryStream
}
60: Activity [1.7] "FinallySequence1" is Closed
61: Activity [1.6] "TryCatch" is Closed
62: Activity [1.2] "If" is Closed
{
    Arguments
        Condition: True
}
63: Activity [1.1] "Sequence" is Closed
{
    Variables
        _1a25a75f_79d5_4484_98f9_c744c2b55c4d_250: System.IO.MemoryStream
        _1a25a75f_79d5_4484_98f9_c744c2b55c4d_251: localfile.txt
        _1a25a75f_79d5_4484_98f9_c744c2b55c4d_252: C:\local_temp\localfile.txt
}
64: Activity [1] "GetSftpFtpNextFileActivity" is Closed
{
    Arguments
        LocalFileNameIn: localfile.txt
        LocalFileNameOut: localfile.txt
        RenameFile: False
        MoveFileTo: /movetoDirectory/path/
        LocalFilePath: C:\local_temp\localfile.txt
        ErrorOnTimeout: False
        SubscriptionId: 55ca0bcd-e1fd-4436-b229-288afb8019a3
        Timeout: 00:00:00
        Connection: Mock&lt;iCore.Public.Ftp.IFileTransferConnection:d5dc&gt;.Object
        OriginalFileName: file.name
        ProcessingFilePath: /movetoDirectory/path/file.name
        IsImplicitlyCancellable: False
        LocalDirectory: C:\local_temp
        ProcessingFileName: file.name
        OriginalFilePath: /directory/path/file.name
        DeleteServerFile: False
}
65: WorkflowInstance "GetSftpFtpNextFileActivity" is Completed</StdOut>
      </Output>
    </UnitTestResult>
    <UnitTestResult executionId="5c18111f-9c94-4e4d-b6f0-ef8d8770e169" testId="7369bc4b-545e-2eef-8e5a-eb8c54117f29" testName="Invoke_NoRenameMove_OutArgumentLocalFilePathIsSet" computerName="ICSWS068" duration="00:00:00.0101258" startTime="2016-08-04T09:59:10.9809984+02:00" endTime="2016-08-04T09:59:10.9924897+02:00" testType="13cdc9d9-ddb5-4fa4-a97d-d965ccfc6d4b" outcome="Passed" testListId="8c84fa94-04c1-424b-9868-57a2d4851a1d" relativeResultsDirectory="5c18111f-9c94-4e4d-b6f0-ef8d8770e169">
      <Output>
        <StdOut>Debug Trace:
0: WorkflowInstance "GetSftpFtpNextFileActivity" is Started
1: Activity [null] "null" scheduled child activity [1] "GetSftpFtpNextFileActivity"
2: Activity [1] "GetSftpFtpNextFileActivity" is Executing
{
    Arguments
        LocalFileNameIn: localfile.txt
        RenameFile: False
        MoveFileTo: /movetoDirectory/path/
        ErrorOnTimeout: False
        SubscriptionId: 7278ff3e-4d72-453b-a9f1-e42c79e74413
        Timeout: 00:00:00
        Connection: Mock&lt;iCore.Public.Ftp.IFileTransferConnection:e80b&gt;.Object
        IsImplicitlyCancellable: False
        LocalDirectory: C:\local_temp
        DeleteServerFile: False
}
3: Activity [1] "GetSftpFtpNextFileActivity" scheduled child activity [1.1] "Sequence"
4: Activity [1.1] "Sequence" is Executing
{
    Variables
        _1a25a75f_79d5_4484_98f9_c744c2b55c4d_253: System.IO.MemoryStream
        _1a25a75f_79d5_4484_98f9_c744c2b55c4d_254: localfile.txt
        _1a25a75f_79d5_4484_98f9_c744c2b55c4d_255: C:\local_temp\localfile.txt
}
5: Activity [1.1] "Sequence" scheduled child activity [1.81] "InternalGetNextFile1"
6: Activity [1.81] "InternalGetNextFile1" is Executing
{
    Arguments
        ErrorOnTimeout: False
        SubscriptionId: 7278ff3e-4d72-453b-a9f1-e42c79e74413
        Timeout: 00:00:00
        IsImplicitlyCancellable: False
}
7: CustomTrackingRecord [1.81] "iCPSTraceTrackingRecord"
8: WorkflowInstance "GetSftpFtpNextFileActivity" is Idle
9: Bookmark "ae3b5744-7a07-40f6-a079-a390d13c5f01" resumed with payload &lt;iCore.Workflow.Activities.Extensions.ItemSubscriptionEventArgs`1[iCore.Common.Utilities.FileSystemWatcher.FileInfoBase]&gt; owner [1.81] "InternalGetNextFile1"
10: Activity [1.81] "InternalGetNextFile1" is Closed
{
    Arguments
        ErrorOnTimeout: False
        SubscriptionId: 7278ff3e-4d72-453b-a9f1-e42c79e74413
        FileName: file.name
        Timeout: 00:00:00
        IsImplicitlyCancellable: False
        FilePath: /directory/path/file.name
}
11: Activity [1.1] "Sequence" scheduled child activity [1.2] "If"
12: Activity [1.2] "If" is Executing
{
    Arguments
        Condition: True
}
13: Activity [1.2] "If" scheduled child activity [1.6] "TryCatch"
14: Activity [1.6] "TryCatch" is Executing
15: Activity [1.6] "TryCatch" scheduled child activity [1.10] "TrySequence1"
16: Activity [1.10] "TrySequence1" is Executing
17: Activity [1.10] "TrySequence1" scheduled child activity [1.75] "AssignProcessingFileName"
18: Activity [1.75] "AssignProcessingFileName" is Executing
{
    Arguments
        Value: file.name
}
19: Activity [1.75] "AssignProcessingFileName" is Closed
{
    Arguments
        Value: file.name
        To: file.name
}
20: Activity [1.10] "TrySequence1" scheduled child activity [1.68] "AssignProcessingFilePath"
21: Activity [1.68] "AssignProcessingFilePath" is Executing
{
    Arguments
        Value: /movetoDirectory/path/file.name
}
22: Activity [1.68] "AssignProcessingFilePath" is Closed
{
    Arguments
        Value: /movetoDirectory/path/file.name
        To: /movetoDirectory/path/file.name
}
23: Activity [1.10] "TrySequence1" scheduled child activity [1.56] "IfRenameFile"
24: Activity [1.56] "IfRenameFile" is Executing
{
    Arguments
        Condition: True
}
25: Activity [1.56] "IfRenameFile" scheduled child activity [1.60] "RenameSftpFtpFile1"
26: Activity [1.60] "RenameSftpFtpFile1" is Executing
{
    Arguments
        FromFilename: /directory/path/file.name
        Overwrite: True
        ToFilename: /movetoDirectory/path/file.name
        Connection: Mock&lt;iCore.Public.Ftp.IFileTransferConnection:e80b&gt;.Object
}
27: WorkflowInstance "GetSftpFtpNextFileActivity" is Idle
28: Activity [1.60] "RenameSftpFtpFile1" is Closed
{
    Arguments
        FromFilename: /directory/path/file.name
        Overwrite: True
        ToFilename: /movetoDirectory/path/file.name
        Connection: Mock&lt;iCore.Public.Ftp.IFileTransferConnection:e80b&gt;.Object
}
29: Activity [1.56] "IfRenameFile" is Closed
{
    Arguments
        Condition: True
}
30: Activity [1.10] "TrySequence1" scheduled child activity [1.50] "SetLocalFileName"
31: Activity [1.50] "SetLocalFileName" is Executing
{
    Arguments
        Value: localfile.txt
}
32: Activity [1.50] "SetLocalFileName" is Closed
{
    Arguments
        Value: localfile.txt
        To: localfile.txt
}
33: Activity [1.10] "TrySequence1" scheduled child activity [1.44] "SetLocalFilePath"
34: Activity [1.44] "SetLocalFilePath" is Executing
{
    Arguments
        Value: C:\local_temp\localfile.txt
}
35: Activity [1.44] "SetLocalFilePath" is Closed
{
    Arguments
        Value: C:\local_temp\localfile.txt
        To: C:\local_temp\localfile.txt
}
36: Activity [1.10] "TrySequence1" scheduled child activity [1.36] "OpenFile1"
37: Activity [1.36] "OpenFile1" is Executing
{
    Arguments
        FileAccess: ReadWrite
        FileMode: Create
        FileName: C:\local_temp\localfile.txt
        FileShare: None
}
38: WorkflowInstance "GetSftpFtpNextFileActivity" is Idle
39: Activity [1.36] "OpenFile1" is Closed
{
    Arguments
        FileAccess: ReadWrite
        FileMode: Create
        FileName: C:\local_temp\localfile.txt
        Result: System.IO.MemoryStream
        FileShare: None
}
40: Activity [1.10] "TrySequence1" scheduled child activity [1.30] "DownloadSftpFtpFileToStream1"
41: Activity [1.30] "DownloadSftpFtpFileToStream1" is Executing
{
    Arguments
        DestinationStream: System.IO.MemoryStream
        SourceFilename: /movetoDirectory/path/file.name
        Connection: Mock&lt;iCore.Public.Ftp.IFileTransferConnection:e80b&gt;.Object
}
42: WorkflowInstance "GetSftpFtpNextFileActivity" is Idle
43: Activity [1.30] "DownloadSftpFtpFileToStream1" is Closed
{
    Arguments
        DestinationStream: System.IO.MemoryStream
        SourceFilename: /movetoDirectory/path/file.name
        Connection: Mock&lt;iCore.Public.Ftp.IFileTransferConnection:e80b&gt;.Object
}
44: Activity [1.10] "TrySequence1" scheduled child activity [1.21] "If"
45: Activity [1.21] "If" is Executing
{
    Arguments
        Condition: False
}
46: Activity [1.21] "If" is Closed
{
    Arguments
        Condition: False
}
47: Activity [1.10] "TrySequence1" scheduled child activity [1.16] "AssignLocalFileNameOut"
48: Activity [1.16] "AssignLocalFileNameOut" is Executing
{
    Arguments
        Value: localfile.txt
}
49: Activity [1.16] "AssignLocalFileNameOut" is Closed
{
    Arguments
        Value: localfile.txt
        To: localfile.txt
}
50: Activity [1.10] "TrySequence1" scheduled child activity [1.11] "AssignLocalFilePath"
51: Activity [1.11] "AssignLocalFilePath" is Executing
{
    Arguments
        Value: C:\local_temp\localfile.txt
}
52: Activity [1.11] "AssignLocalFilePath" is Closed
{
    Arguments
        Value: C:\local_temp\localfile.txt
        To: C:\local_temp\localfile.txt
}
53: Activity [1.10] "TrySequence1" is Closed
54: Activity [1.6] "TryCatch" scheduled child activity [1.7] "FinallySequence1"
55: Activity [1.7] "FinallySequence1" is Executing
56: Activity [1.7] "FinallySequence1" scheduled child activity [1.8] "CloseStream1"
57: Activity [1.8] "CloseStream1" is Executing
{
    Arguments
        Stream: System.IO.MemoryStream
}
58: WorkflowInstance "GetSftpFtpNextFileActivity" is Idle
59: Activity [1.8] "CloseStream1" is Closed
{
    Arguments
        Stream: System.IO.MemoryStream
}
60: Activity [1.7] "FinallySequence1" is Closed
61: Activity [1.6] "TryCatch" is Closed
62: Activity [1.2] "If" is Closed
{
    Arguments
        Condition: True
}
63: Activity [1.1] "Sequence" is Closed
{
    Variables
        _1a25a75f_79d5_4484_98f9_c744c2b55c4d_256: System.IO.MemoryStream
        _1a25a75f_79d5_4484_98f9_c744c2b55c4d_257: localfile.txt
        _1a25a75f_79d5_4484_98f9_c744c2b55c4d_258: C:\local_temp\localfile.txt
}
64: Activity [1] "GetSftpFtpNextFileActivity" is Closed
{
    Arguments
        LocalFileNameIn: localfile.txt
        LocalFileNameOut: localfile.txt
        RenameFile: False
        MoveFileTo: /movetoDirectory/path/
        LocalFilePath: C:\local_temp\localfile.txt
        ErrorOnTimeout: False
        SubscriptionId: 7278ff3e-4d72-453b-a9f1-e42c79e74413
        Timeout: 00:00:00
        Connection: Mock&lt;iCore.Public.Ftp.IFileTransferConnection:e80b&gt;.Object
        OriginalFileName: file.name
        ProcessingFilePath: /movetoDirectory/path/file.name
        IsImplicitlyCancellable: False
        LocalDirectory: C:\local_temp
        ProcessingFileName: file.name
        OriginalFilePath: /directory/path/file.name
        DeleteServerFile: False
}
65: WorkflowInstance "GetSftpFtpNextFileActivity" is Completed</StdOut>
      </Output>
    </UnitTestResult>
    <UnitTestResult executionId="76db89ed-01e2-43a8-afb3-b6c0cebfac2d" testId="101f9030-bd53-0c8a-6065-1d2009d15ad2" testName="Invoke_NoRenameMove_OutArgumentLocalFilenameIsSet" computerName="ICSWS068" duration="00:00:00.0108032" startTime="2016-08-04T09:59:10.9950105+02:00" endTime="2016-08-04T09:59:11.0072411+02:00" testType="13cdc9d9-ddb5-4fa4-a97d-d965ccfc6d4b" outcome="Passed" testListId="8c84fa94-04c1-424b-9868-57a2d4851a1d" relativeResultsDirectory="76db89ed-01e2-43a8-afb3-b6c0cebfac2d">
      <Output>
        <StdOut>Debug Trace:
0: WorkflowInstance "GetSftpFtpNextFileActivity" is Started
1: Activity [null] "null" scheduled child activity [1] "GetSftpFtpNextFileActivity"
2: Activity [1] "GetSftpFtpNextFileActivity" is Executing
{
    Arguments
        LocalFileNameIn: localfile.txt
        RenameFile: False
        MoveFileTo: /movetoDirectory/path/
        ErrorOnTimeout: False
        SubscriptionId: e87306e0-4ffb-4b3c-9f5e-c0aef741e0e8
        Timeout: 00:00:00
        Connection: Mock&lt;iCore.Public.Ftp.IFileTransferConnection:a53b&gt;.Object
        IsImplicitlyCancellable: False
        LocalDirectory: C:\local_temp
        DeleteServerFile: False
}
3: Activity [1] "GetSftpFtpNextFileActivity" scheduled child activity [1.1] "Sequence"
4: Activity [1.1] "Sequence" is Executing
{
    Variables
        _1a25a75f_79d5_4484_98f9_c744c2b55c4d_259: System.IO.MemoryStream
        _1a25a75f_79d5_4484_98f9_c744c2b55c4d_260: localfile.txt
        _1a25a75f_79d5_4484_98f9_c744c2b55c4d_261: C:\local_temp\localfile.txt
}
5: Activity [1.1] "Sequence" scheduled child activity [1.81] "InternalGetNextFile1"
6: Activity [1.81] "InternalGetNextFile1" is Executing
{
    Arguments
        ErrorOnTimeout: False
        SubscriptionId: e87306e0-4ffb-4b3c-9f5e-c0aef741e0e8
        Timeout: 00:00:00
        IsImplicitlyCancellable: False
}
7: CustomTrackingRecord [1.81] "iCPSTraceTrackingRecord"
8: WorkflowInstance "GetSftpFtpNextFileActivity" is Idle
9: Bookmark "352541ef-ef50-4318-9068-81d837e274d7" resumed with payload &lt;iCore.Workflow.Activities.Extensions.ItemSubscriptionEventArgs`1[iCore.Common.Utilities.FileSystemWatcher.FileInfoBase]&gt; owner [1.81] "InternalGetNextFile1"
10: Activity [1.81] "InternalGetNextFile1" is Closed
{
    Arguments
        ErrorOnTimeout: False
        SubscriptionId: e87306e0-4ffb-4b3c-9f5e-c0aef741e0e8
        FileName: file.name
        Timeout: 00:00:00
        IsImplicitlyCancellable: False
        FilePath: /directory/path/file.name
}
11: Activity [1.1] "Sequence" scheduled child activity [1.2] "If"
12: Activity [1.2] "If" is Executing
{
    Arguments
        Condition: True
}
13: Activity [1.2] "If" scheduled child activity [1.6] "TryCatch"
14: Activity [1.6] "TryCatch" is Executing
15: Activity [1.6] "TryCatch" scheduled child activity [1.10] "TrySequence1"
16: Activity [1.10] "TrySequence1" is Executing
17: Activity [1.10] "TrySequence1" scheduled child activity [1.75] "AssignProcessingFileName"
18: Activity [1.75] "AssignProcessingFileName" is Executing
{
    Arguments
        Value: file.name
}
19: Activity [1.75] "AssignProcessingFileName" is Closed
{
    Arguments
        Value: file.name
        To: file.name
}
20: Activity [1.10] "TrySequence1" scheduled child activity [1.68] "AssignProcessingFilePath"
21: Activity [1.68] "AssignProcessingFilePath" is Executing
{
    Arguments
        Value: /movetoDirectory/path/file.name
}
22: Activity [1.68] "AssignProcessingFilePath" is Closed
{
    Arguments
        Value: /movetoDirectory/path/file.name
        To: /movetoDirectory/path/file.name
}
23: Activity [1.10] "TrySequence1" scheduled child activity [1.56] "IfRenameFile"
24: Activity [1.56] "IfRenameFile" is Executing
{
    Arguments
        Condition: True
}
25: Activity [1.56] "IfRenameFile" scheduled child activity [1.60] "RenameSftpFtpFile1"
26: Activity [1.60] "RenameSftpFtpFile1" is Executing
{
    Arguments
        FromFilename: /directory/path/file.name
        Overwrite: True
        ToFilename: /movetoDirectory/path/file.name
        Connection: Mock&lt;iCore.Public.Ftp.IFileTransferConnection:a53b&gt;.Object
}
27: WorkflowInstance "GetSftpFtpNextFileActivity" is Idle
28: Activity [1.60] "RenameSftpFtpFile1" is Closed
{
    Arguments
        FromFilename: /directory/path/file.name
        Overwrite: True
        ToFilename: /movetoDirectory/path/file.name
        Connection: Mock&lt;iCore.Public.Ftp.IFileTransferConnection:a53b&gt;.Object
}
29: Activity [1.56] "IfRenameFile" is Closed
{
    Arguments
        Condition: True
}
30: Activity [1.10] "TrySequence1" scheduled child activity [1.50] "SetLocalFileName"
31: Activity [1.50] "SetLocalFileName" is Executing
{
    Arguments
        Value: localfile.txt
}
32: Activity [1.50] "SetLocalFileName" is Closed
{
    Arguments
        Value: localfile.txt
        To: localfile.txt
}
33: Activity [1.10] "TrySequence1" scheduled child activity [1.44] "SetLocalFilePath"
34: Activity [1.44] "SetLocalFilePath" is Executing
{
    Arguments
        Value: C:\local_temp\localfile.txt
}
35: Activity [1.44] "SetLocalFilePath" is Closed
{
    Arguments
        Value: C:\local_temp\localfile.txt
        To: C:\local_temp\localfile.txt
}
36: Activity [1.10] "TrySequence1" scheduled child activity [1.36] "OpenFile1"
37: Activity [1.36] "OpenFile1" is Executing
{
    Arguments
        FileAccess: ReadWrite
        FileMode: Create
        FileName: C:\local_temp\localfile.txt
        FileShare: None
}
38: WorkflowInstance "GetSftpFtpNextFileActivity" is Idle
39: Activity [1.36] "OpenFile1" is Closed
{
    Arguments
        FileAccess: ReadWrite
        FileMode: Create
        FileName: C:\local_temp\localfile.txt
        Result: System.IO.MemoryStream
        FileShare: None
}
40: Activity [1.10] "TrySequence1" scheduled child activity [1.30] "DownloadSftpFtpFileToStream1"
41: Activity [1.30] "DownloadSftpFtpFileToStream1" is Executing
{
    Arguments
        DestinationStream: System.IO.MemoryStream
        SourceFilename: /movetoDirectory/path/file.name
        Connection: Mock&lt;iCore.Public.Ftp.IFileTransferConnection:a53b&gt;.Object
}
42: WorkflowInstance "GetSftpFtpNextFileActivity" is Idle
43: Activity [1.30] "DownloadSftpFtpFileToStream1" is Closed
{
    Arguments
        DestinationStream: System.IO.MemoryStream
        SourceFilename: /movetoDirectory/path/file.name
        Connection: Mock&lt;iCore.Public.Ftp.IFileTransferConnection:a53b&gt;.Object
}
44: Activity [1.10] "TrySequence1" scheduled child activity [1.21] "If"
45: Activity [1.21] "If" is Executing
{
    Arguments
        Condition: False
}
46: Activity [1.21] "If" is Closed
{
    Arguments
        Condition: False
}
47: Activity [1.10] "TrySequence1" scheduled child activity [1.16] "AssignLocalFileNameOut"
48: Activity [1.16] "AssignLocalFileNameOut" is Executing
{
    Arguments
        Value: localfile.txt
}
49: Activity [1.16] "AssignLocalFileNameOut" is Closed
{
    Arguments
        Value: localfile.txt
        To: localfile.txt
}
50: Activity [1.10] "TrySequence1" scheduled child activity [1.11] "AssignLocalFilePath"
51: Activity [1.11] "AssignLocalFilePath" is Executing
{
    Arguments
        Value: C:\local_temp\localfile.txt
}
52: Activity [1.11] "AssignLocalFilePath" is Closed
{
    Arguments
        Value: C:\local_temp\localfile.txt
        To: C:\local_temp\localfile.txt
}
53: Activity [1.10] "TrySequence1" is Closed
54: Activity [1.6] "TryCatch" scheduled child activity [1.7] "FinallySequence1"
55: Activity [1.7] "FinallySequence1" is Executing
56: Activity [1.7] "FinallySequence1" scheduled child activity [1.8] "CloseStream1"
57: Activity [1.8] "CloseStream1" is Executing
{
    Arguments
        Stream: System.IO.MemoryStream
}
58: WorkflowInstance "GetSftpFtpNextFileActivity" is Idle
59: Activity [1.8] "CloseStream1" is Closed
{
    Arguments
        Stream: System.IO.MemoryStream
}
60: Activity [1.7] "FinallySequence1" is Closed
61: Activity [1.6] "TryCatch" is Closed
62: Activity [1.2] "If" is Closed
{
    Arguments
        Condition: True
}
63: Activity [1.1] "Sequence" is Closed
{
    Variables
        _1a25a75f_79d5_4484_98f9_c744c2b55c4d_262: System.IO.MemoryStream
        _1a25a75f_79d5_4484_98f9_c744c2b55c4d_263: localfile.txt
        _1a25a75f_79d5_4484_98f9_c744c2b55c4d_264: C:\local_temp\localfile.txt
}
64: Activity [1] "GetSftpFtpNextFileActivity" is Closed
{
    Arguments
        LocalFileNameIn: localfile.txt
        LocalFileNameOut: localfile.txt
        RenameFile: False
        MoveFileTo: /movetoDirectory/path/
        LocalFilePath: C:\local_temp\localfile.txt
        ErrorOnTimeout: False
        SubscriptionId: e87306e0-4ffb-4b3c-9f5e-c0aef741e0e8
        Timeout: 00:00:00
        Connection: Mock&lt;iCore.Public.Ftp.IFileTransferConnection:a53b&gt;.Object
        OriginalFileName: file.name
        ProcessingFilePath: /movetoDirectory/path/file.name
        IsImplicitlyCancellable: False
        LocalDirectory: C:\local_temp
        ProcessingFileName: file.name
        OriginalFilePath: /directory/path/file.name
        DeleteServerFile: False
}
65: WorkflowInstance "GetSftpFtpNextFileActivity" is Completed</StdOut>
      </Output>
    </UnitTestResult>
    <UnitTestResult executionId="4698e4bb-ab3c-4a2f-aaa0-bb759894b314" testId="2eee89de-51c9-89dd-91bd-df15141cd414" testName="Invoke_NormalExecution_OutArgumentIsUploadedIsTrue" computerName="ICSWS068" duration="00:00:00.0143852" startTime="2016-08-04T09:59:11.0097583+02:00" endTime="2016-08-04T09:59:11.0256493+02:00" testType="13cdc9d9-ddb5-4fa4-a97d-d965ccfc6d4b" outcome="Passed" testListId="8c84fa94-04c1-424b-9868-57a2d4851a1d" relativeResultsDirectory="4698e4bb-ab3c-4a2f-aaa0-bb759894b314">
      <Output>
        <StdOut>Debug Trace:
0: WorkflowInstance "UploadSftpFtpFileFromStreamActivity" is Started
1: Activity [null] "null" scheduled child activity [1] "UploadSftpFtpFileFromStreamActivity"
2: Activity [1] "UploadSftpFtpFileFromStreamActivity" is Executing
{
    Arguments
        SourceStream: System.IO.MemoryStream
        DestinationFilename: /root/test.txt
        FileSizeCheck: False
        Connection: Mock&lt;iCore.Public.Ftp.IFileTransferConnection:bae5&gt;.Object
        StoreMode: None
}
3: WorkflowInstance "UploadSftpFtpFileFromStreamActivity" is Idle
4: Activity [1] "UploadSftpFtpFileFromStreamActivity" is Closed
{
    Arguments
        SourceStream: System.IO.MemoryStream
        DestinationFilename: /root/test.txt
        FileSizeCheck: False
        Connection: Mock&lt;iCore.Public.Ftp.IFileTransferConnection:bae5&gt;.Object
        IsUploaded: True
        StoreMode: None
}
5: WorkflowInstance "UploadSftpFtpFileFromStreamActivity" is Completed</StdOut>
      </Output>
    </UnitTestResult>
    <UnitTestResult executionId="6a39f594-9dba-4a4a-bc44-840c51d801bf" testId="6720a58d-fe73-3532-469d-b34b181efa6e" testName="Invoke_UploadFileReturnsFalse_OutArgumentIsUploadedIsFalse" computerName="ICSWS068" duration="00:00:00.0057142" startTime="2016-08-04T09:59:11.0286521+02:00" endTime="2016-08-04T09:59:11.0356761+02:00" testType="13cdc9d9-ddb5-4fa4-a97d-d965ccfc6d4b" outcome="Passed" testListId="8c84fa94-04c1-424b-9868-57a2d4851a1d" relativeResultsDirectory="6a39f594-9dba-4a4a-bc44-840c51d801bf">
      <Output>
        <StdOut>Debug Trace:
0: WorkflowInstance "UploadSftpFtpFileFromStreamActivity" is Started
1: Activity [null] "null" scheduled child activity [1] "UploadSftpFtpFileFromStreamActivity"
2: Activity [1] "UploadSftpFtpFileFromStreamActivity" is Executing
{
    Arguments
        SourceStream: System.IO.MemoryStream
        DestinationFilename: /root/test.txt
        FileSizeCheck: False
        Connection: Mock&lt;iCore.Public.Ftp.IFileTransferConnection:6cc6&gt;.Object
        StoreMode: Skip
}
3: WorkflowInstance "UploadSftpFtpFileFromStreamActivity" is Idle
4: Activity [1] "UploadSftpFtpFileFromStreamActivity" is Closed
{
    Arguments
        SourceStream: System.IO.MemoryStream
        DestinationFilename: /root/test.txt
        FileSizeCheck: False
        Connection: Mock&lt;iCore.Public.Ftp.IFileTransferConnection:6cc6&gt;.Object
        IsUploaded: False
        StoreMode: Skip
}
5: WorkflowInstance "UploadSftpFtpFileFromStreamActivity" is Completed</StdOut>
      </Output>
    </UnitTestResult>
    <UnitTestResult executionId="a90b7386-d3e7-4846-8cba-47d51db286d5" testId="0e783ecc-0e3d-1d42-6630-3115b8bab0ac" testName="Invoke_UploadFileFails_ThrowsTestException" computerName="ICSWS068" duration="00:00:00.0037990" startTime="2016-08-04T09:59:11.0381769+02:00" endTime="2016-08-04T09:59:11.0431800+02:00" testType="13cdc9d9-ddb5-4fa4-a97d-d965ccfc6d4b" outcome="Passed" testListId="8c84fa94-04c1-424b-9868-57a2d4851a1d" relativeResultsDirectory="a90b7386-d3e7-4846-8cba-47d51db286d5">
      <Output>
        <StdOut>Debug Trace:
0: WorkflowInstance "UploadSftpFtpFileFromStreamActivity" is Started
1: Activity [null] "null" scheduled child activity [1] "UploadSftpFtpFileFromStreamActivity"
2: Activity [1] "UploadSftpFtpFileFromStreamActivity" is Executing
{
    Arguments
        SourceStream: System.IO.MemoryStream
        DestinationFilename: file.txt
        FileSizeCheck: True
        Connection: Mock&lt;iCore.Public.Ftp.IFileTransferConnection:449a&gt;.Object
        StoreMode: None
}
3: WorkflowInstance "UploadSftpFtpFileFromStreamActivity" is Idle
4: Activity [1] "UploadSftpFtpFileFromStreamActivity" is Faulted
{
    Arguments
        SourceStream: System.IO.MemoryStream
        DestinationFilename: file.txt
        FileSizeCheck: True
        Connection: Mock&lt;iCore.Public.Ftp.IFileTransferConnection:449a&gt;.Object
        IsUploaded: False
        StoreMode: None
}
5: Fault source [1] "UploadSftpFtpFileFromStreamActivity"
6: WorkflowInstance "UploadSftpFtpFileFromStreamActivity" Unhandled Exception Source "UploadSftpFtpFileFromStreamActivity" Exception &lt;Testing.Common.TestException: Test exception
   at UnitTests.Workflow.Activities.Ftp.UploadSftpFtpFileFromStreamActivityTests.&lt;&gt;c.&lt;Invoke_UploadFileFails_ThrowsTestException&gt;b__5_0() in F:\ETWork\Main\Common\Assemblies\UnitTests.iCore.Workflow.Activities.Ftp\Ftp\UploadSftpFtpFileFromStreamActivityTests.cs:line 91
   at Moq.MethodCall.&lt;&gt;c__DisplayClass5.&lt;SetCallbackWithoutArguments&gt;b__4(Object[] param0)
   at Moq.MethodCall.Execute(ICallContext call)
   at Moq.MethodCallReturn`2.Execute(ICallContext call)
   at Moq.ExecuteCall.HandleIntercept(ICallContext invocation, InterceptorContext ctx, CurrentInterceptContext localctx)
   at Moq.Interceptor.Intercept(ICallContext invocation)
   at Moq.Proxy.CastleProxyFactory.Interceptor.Intercept(IInvocation invocation)
   at Castle.DynamicProxy.AbstractInvocation.Proceed()
   at Castle.Proxies.IFileTransferConnectionProxy_1.UploadFile(String remoteFileName, Stream sourceStream, FtpStoreMode storeMode, Boolean checkFileSize, CancellationToken cancellationToken)
   at iCore.Workflow.Activities.Ftp.UploadSftpFtpFileFromStreamActivity.&lt;&gt;c__DisplayClass26_0.&lt;BeginExecute&gt;b__0()
   at System.Threading.Tasks.Task`1.InnerInvoke()
   at System.Threading.Tasks.Task.Execute()
--- End of stack trace from previous location where exception was thrown ---
   at System.Runtime.ExceptionServices.ExceptionDispatchInfo.Throw()
   at iCore.Workflow.Activities.ActivityUtilities.ThrowIfTaskFailedAndActivityIsNotCanceled(Task task, AsyncCodeActivityContext context)
   at iCore.Workflow.Activities.Ftp.UploadSftpFtpFileFromStreamActivity.EndExecute(AsyncCodeActivityContext context, IAsyncResult result)
   at System.Activities.AsyncCodeActivity.System.Activities.IAsyncCodeActivity.FinishExecution(AsyncCodeActivityContext context, IAsyncResult result)
   at System.Activities.AsyncCodeActivity.CompleteAsyncCodeActivityData.CompleteAsyncCodeActivityWorkItem.Execute(ActivityExecutor executor, BookmarkManager bookmarkManager)&gt;
7: WorkflowInstance Aborted [UploadSftpFtpFileFromStreamActivity] Reason "Test exception"</StdOut>
      </Output>
    </UnitTestResult>
    <UnitTestResult executionId="78de234e-db0a-4bc4-921a-6458c5a45a24" testId="5b4e6963-d84b-a43c-8e57-92dd37001554" testName="Invoke_ConnectionIsNull_ThrowsArgumentNullException" computerName="ICSWS068" duration="00:00:00.0017524" startTime="2016-08-04T09:59:11.0456985+02:00" endTime="2016-08-04T09:59:11.0486852+02:00" testType="13cdc9d9-ddb5-4fa4-a97d-d965ccfc6d4b" outcome="Passed" testListId="8c84fa94-04c1-424b-9868-57a2d4851a1d" relativeResultsDirectory="78de234e-db0a-4bc4-921a-6458c5a45a24">
      <Output>
        <StdOut>Debug Trace:
0: WorkflowInstance "UploadSftpFtpFileFromStreamActivity" is Started
1: Activity [null] "null" scheduled child activity [1] "UploadSftpFtpFileFromStreamActivity"
2: Activity [1] "UploadSftpFtpFileFromStreamActivity" is Executing
{
    Arguments
        SourceStream: System.IO.MemoryStream
        DestinationFilename: file.txt
        FileSizeCheck: True
        Connection: 
        StoreMode: None
}
3: Activity [1] "UploadSftpFtpFileFromStreamActivity" is Faulted
{
    Arguments
        SourceStream: System.IO.MemoryStream
        DestinationFilename: file.txt
        FileSizeCheck: True
        Connection: 
        IsUploaded: False
        StoreMode: None
}
4: Fault source [1] "UploadSftpFtpFileFromStreamActivity"
5: WorkflowInstance "UploadSftpFtpFileFromStreamActivity" Unhandled Exception Source "UploadSftpFtpFileFromStreamActivity" Exception &lt;System.ArgumentNullException: Connection is null (Nothing in VB).
Parameter name: Connection
   at Tests.iCore.Common.Activities.UnitTestActivityBase.WaitForCompletion() in F:\ETWork\Main\Testing\Assemblies\Tests.iCore.Common.Activities\UnitTestActivityBase.cs:line 129
   at Tests.iCore.Common.Activities.UnitTestActivityBase.RunAndWaitForCompletion() in F:\ETWork\Main\Testing\Assemblies\Tests.iCore.Common.Activities\UnitTestActivityBase.cs:line 113
   at UnitTests.Workflow.Activities.Ftp.UploadSftpFtpFileFromStreamActivityTests.Invoke_ConnectionIsNull_ThrowsArgumentNullException() in F:\ETWork\Main\Common\Assemblies\UnitTests.iCore.Workflow.Activities.Ftp\Ftp\UploadSftpFtpFileFromStreamActivityTests.cs:line 117&gt;
6: WorkflowInstance Aborted [UploadSftpFtpFileFromStreamActivity] Reason "Connection is null (Nothing in VB).
Parameter name: Connection"</StdOut>
      </Output>
    </UnitTestResult>
    <UnitTestResult executionId="95d9d165-cc57-4322-b431-5477889b26e1" testId="9edd4492-abee-799b-1590-036c2e26a40b" testName="Invoke_DestinationFilenameIsEmpty_ThrowsArgumentNullException" computerName="ICSWS068" duration="00:00:00.0019213" startTime="2016-08-04T09:59:11.0516875+02:00" endTime="2016-08-04T09:59:11.0547083+02:00" testType="13cdc9d9-ddb5-4fa4-a97d-d965ccfc6d4b" outcome="Passed" testListId="8c84fa94-04c1-424b-9868-57a2d4851a1d" relativeResultsDirectory="95d9d165-cc57-4322-b431-5477889b26e1">
      <Output>
        <StdOut>Debug Trace:
0: WorkflowInstance "UploadSftpFtpFileFromStreamActivity" is Started
1: Activity [null] "null" scheduled child activity [1] "UploadSftpFtpFileFromStreamActivity"
2: Activity [1] "UploadSftpFtpFileFromStreamActivity" is Executing
{
    Arguments
        SourceStream: System.IO.MemoryStream
        DestinationFilename: 
        FileSizeCheck: True
        Connection: Mock&lt;iCore.Public.Ftp.IFileTransferConnection:84e5&gt;.Object
        StoreMode: None
}
3: Activity [1] "UploadSftpFtpFileFromStreamActivity" is Faulted
{
    Arguments
        SourceStream: System.IO.MemoryStream
        DestinationFilename: 
        FileSizeCheck: True
        Connection: Mock&lt;iCore.Public.Ftp.IFileTransferConnection:84e5&gt;.Object
        IsUploaded: False
        StoreMode: None
}
4: Fault source [1] "UploadSftpFtpFileFromStreamActivity"
5: WorkflowInstance "UploadSftpFtpFileFromStreamActivity" Unhandled Exception Source "UploadSftpFtpFileFromStreamActivity" Exception &lt;System.ArgumentNullException: Destination filename is null (Nothing in VB) or empty.
Parameter name: DestinationFilename
   at Tests.iCore.Common.Activities.UnitTestActivityBase.WaitForCompletion() in F:\ETWork\Main\Testing\Assemblies\Tests.iCore.Common.Activities\UnitTestActivityBase.cs:line 129
   at Tests.iCore.Common.Activities.UnitTestActivityBase.RunAndWaitForCompletion() in F:\ETWork\Main\Testing\Assemblies\Tests.iCore.Common.Activities\UnitTestActivityBase.cs:line 113
   at UnitTests.Workflow.Activities.Ftp.UploadSftpFtpFileFromStreamActivityTests.Invoke_DestinationFilenameIsEmpty_ThrowsArgumentNullException() in F:\ETWork\Main\Common\Assemblies\UnitTests.iCore.Workflow.Activities.Ftp\Ftp\UploadSftpFtpFileFromStreamActivityTests.cs:line 133&gt;
6: WorkflowInstance Aborted [UploadSftpFtpFileFromStreamActivity] Reason "Destination filename is null (Nothing in VB) or empty.
Parameter name: DestinationFilename"</StdOut>
      </Output>
    </UnitTestResult>
    <UnitTestResult executionId="6f12c148-9a52-4702-8182-0fa5353e4178" testId="76bf54f1-d6f3-a8b1-d566-8106c40a1ca6" testName="Invoke_SourceStreamIsEmpty_ThrowsArgumentNullException" computerName="ICSWS068" duration="00:00:00.0017518" startTime="2016-08-04T09:59:11.0573144+02:00" endTime="2016-08-04T09:59:11.0603179+02:00" testType="13cdc9d9-ddb5-4fa4-a97d-d965ccfc6d4b" outcome="Passed" testListId="8c84fa94-04c1-424b-9868-57a2d4851a1d" relativeResultsDirectory="6f12c148-9a52-4702-8182-0fa5353e4178">
      <Output>
        <StdOut>Debug Trace:
0: WorkflowInstance "UploadSftpFtpFileFromStreamActivity" is Started
1: Activity [null] "null" scheduled child activity [1] "UploadSftpFtpFileFromStreamActivity"
2: Activity [1] "UploadSftpFtpFileFromStreamActivity" is Executing
{
    Arguments
        SourceStream: 
        DestinationFilename: 
        FileSizeCheck: True
        Connection: Mock&lt;iCore.Public.Ftp.IFileTransferConnection:774d&gt;.Object
        StoreMode: None
}
3: Activity [1] "UploadSftpFtpFileFromStreamActivity" is Faulted
{
    Arguments
        SourceStream: 
        DestinationFilename: 
        FileSizeCheck: True
        Connection: Mock&lt;iCore.Public.Ftp.IFileTransferConnection:774d&gt;.Object
        IsUploaded: False
        StoreMode: None
}
4: Fault source [1] "UploadSftpFtpFileFromStreamActivity"
5: WorkflowInstance "UploadSftpFtpFileFromStreamActivity" Unhandled Exception Source "UploadSftpFtpFileFromStreamActivity" Exception &lt;System.ArgumentNullException: Destination filename is null (Nothing in VB) or empty.
Parameter name: DestinationFilename
   at Tests.iCore.Common.Activities.UnitTestActivityBase.WaitForCompletion() in F:\ETWork\Main\Testing\Assemblies\Tests.iCore.Common.Activities\UnitTestActivityBase.cs:line 129
   at Tests.iCore.Common.Activities.UnitTestActivityBase.RunAndWaitForCompletion() in F:\ETWork\Main\Testing\Assemblies\Tests.iCore.Common.Activities\UnitTestActivityBase.cs:line 113
   at UnitTests.Workflow.Activities.Ftp.UploadSftpFtpFileFromStreamActivityTests.Invoke_SourceStreamIsEmpty_ThrowsArgumentNullException() in F:\ETWork\Main\Common\Assemblies\UnitTests.iCore.Workflow.Activities.Ftp\Ftp\UploadSftpFtpFileFromStreamActivityTests.cs:line 147&gt;
6: WorkflowInstance Aborted [UploadSftpFtpFileFromStreamActivity] Reason "Destination filename is null (Nothing in VB) or empty.
Parameter name: DestinationFilename"</StdOut>
      </Output>
    </UnitTestResult>
    <UnitTestResult executionId="aa76d0bf-fed7-4597-8fc4-998677c5f4e2" testId="da6e7d17-19f2-3a75-30f0-6ecb9233715a" testName="Invoke_ConnectionArgumentIsMissing_ThrowsArgumentException" computerName="ICSWS068" duration="00:00:00.0011515" startTime="2016-08-04T09:59:11.0628891+02:00" endTime="2016-08-04T09:59:11.0654090+02:00" testType="13cdc9d9-ddb5-4fa4-a97d-d965ccfc6d4b" outcome="Passed" testListId="8c84fa94-04c1-424b-9868-57a2d4851a1d" relativeResultsDirectory="aa76d0bf-fed7-4597-8fc4-998677c5f4e2" />
    <UnitTestResult executionId="e0a8ffba-e400-4a16-894e-75606b13ab6f" testId="d444b0a5-f366-ce4c-d294-6f89c533b031" testName="Invoke_DestinationFilenameArgumentIsMissing_ThrowsArgumentException" computerName="ICSWS068" duration="00:00:00.0011498" startTime="2016-08-04T09:59:11.0678940+02:00" endTime="2016-08-04T09:59:11.0704115+02:00" testType="13cdc9d9-ddb5-4fa4-a97d-d965ccfc6d4b" outcome="Passed" testListId="8c84fa94-04c1-424b-9868-57a2d4851a1d" relativeResultsDirectory="e0a8ffba-e400-4a16-894e-75606b13ab6f" />
    <UnitTestResult executionId="555c844f-2a6f-4d8d-a34e-65e9a4627554" testId="f6f55a29-1329-0ae1-03b4-a10ac6f5097f" testName="Invoke_SourceStreamArgumentIsMissing_ThrowsArgumentException" computerName="ICSWS068" duration="00:00:00.0010577" startTime="2016-08-04T09:59:11.0729133+02:00" endTime="2016-08-04T09:59:11.0753994+02:00" testType="13cdc9d9-ddb5-4fa4-a97d-d965ccfc6d4b" outcome="Passed" testListId="8c84fa94-04c1-424b-9868-57a2d4851a1d" relativeResultsDirectory="555c844f-2a6f-4d8d-a34e-65e9a4627554" />
    <UnitTestResult executionId="9d252b4c-19b0-4ea2-b209-814639376e42" testId="cc6e0747-8c7f-184e-1e19-03ae43bc6d5d" testName="Invoke_StoreTypeArgumentIsMissing_ThrowsArgumentException" computerName="ICSWS068" duration="00:00:00.0011515" startTime="2016-08-04T09:59:11.0779009+02:00" endTime="2016-08-04T09:59:11.0804190+02:00" testType="13cdc9d9-ddb5-4fa4-a97d-d965ccfc6d4b" outcome="Passed" testListId="8c84fa94-04c1-424b-9868-57a2d4851a1d" relativeResultsDirectory="9d252b4c-19b0-4ea2-b209-814639376e42" />
    <UnitTestResult executionId="064181d8-f887-4733-a936-0846e2f3a983" testId="24949aae-a9e5-8dc3-778d-7a2d7a42501c" testName="Invoke_FileSizeCheckArgumentDefaultValueIsFalse_OutArgumentIsUploadedIsTrue" computerName="ICSWS068" duration="00:00:00.0052426" startTime="2016-08-04T09:59:11.0829055+02:00" endTime="2016-08-04T09:59:11.0894095+02:00" testType="13cdc9d9-ddb5-4fa4-a97d-d965ccfc6d4b" outcome="Passed" testListId="8c84fa94-04c1-424b-9868-57a2d4851a1d" relativeResultsDirectory="064181d8-f887-4733-a936-0846e2f3a983">
      <Output>
        <StdOut>Debug Trace:
0: WorkflowInstance "UploadSftpFtpFileFromStreamActivity" is Started
1: Activity [null] "null" scheduled child activity [1] "UploadSftpFtpFileFromStreamActivity"
2: Activity [1] "UploadSftpFtpFileFromStreamActivity" is Executing
{
    Arguments
        SourceStream: System.IO.MemoryStream
        DestinationFilename: test.txt
        FileSizeCheck: False
        Connection: Mock&lt;iCore.Public.Ftp.IFileTransferConnection:6b81&gt;.Object
        StoreMode: None
}
3: WorkflowInstance "UploadSftpFtpFileFromStreamActivity" is Idle
4: Activity [1] "UploadSftpFtpFileFromStreamActivity" is Closed
{
    Arguments
        SourceStream: System.IO.MemoryStream
        DestinationFilename: test.txt
        FileSizeCheck: False
        Connection: Mock&lt;iCore.Public.Ftp.IFileTransferConnection:6b81&gt;.Object
        IsUploaded: True
        StoreMode: None
}
5: WorkflowInstance "UploadSftpFtpFileFromStreamActivity" is Completed</StdOut>
      </Output>
    </UnitTestResult>
    <UnitTestResult executionId="e6632e32-5561-4595-968b-85cf041aee31" testId="3ca72938-ef44-3543-5887-319a087ed1a4" testName="Invoke_ConnectionIsDisposed_ThrowsArgumentException" computerName="ICSWS068" duration="00:00:00.0068197" startTime="2016-08-04T09:59:11.0929120+02:00" endTime="2016-08-04T09:59:11.1014181+02:00" testType="13cdc9d9-ddb5-4fa4-a97d-d965ccfc6d4b" outcome="Passed" testListId="8c84fa94-04c1-424b-9868-57a2d4851a1d" relativeResultsDirectory="e6632e32-5561-4595-968b-85cf041aee31">
      <Output>
        <StdOut>Debug Trace:
0: WorkflowInstance "UploadSftpFtpFileFromStreamActivity" is Started
1: Activity [null] "null" scheduled child activity [1] "UploadSftpFtpFileFromStreamActivity"
2: Activity [1] "UploadSftpFtpFileFromStreamActivity" is Executing
{
    Arguments
        SourceStream: System.IO.MemoryStream
        DestinationFilename: /root/test.txt
        FileSizeCheck: False
        Connection: Mock&lt;iCore.Public.Ftp.IFileTransferConnection:7adb&gt;.Object
        StoreMode: None
}
3: Activity [1] "UploadSftpFtpFileFromStreamActivity" is Faulted
{
    Arguments
        SourceStream: System.IO.MemoryStream
        DestinationFilename: /root/test.txt
        FileSizeCheck: False
        Connection: Mock&lt;iCore.Public.Ftp.IFileTransferConnection:7adb&gt;.Object
        IsUploaded: False
        StoreMode: None
}
4: Fault source [1] "UploadSftpFtpFileFromStreamActivity"
5: WorkflowInstance "UploadSftpFtpFileFromStreamActivity" Unhandled Exception Source "UploadSftpFtpFileFromStreamActivity" Exception &lt;System.ArgumentException: Connection is closed.
Parameter name: Connection
   at iCore.Workflow.Activities.Ftp.UploadSftpFtpFileFromStreamActivity.BeginExecute(AsyncCodeActivityContext context, AsyncCallback callback, Object state)
   at System.Activities.AsyncCodeActivity.InternalExecute(ActivityInstance instance, ActivityExecutor executor, BookmarkManager bookmarkManager)
   at System.Activities.ActivityInstance.Execute(ActivityExecutor executor, BookmarkManager bookmarkManager)
   at System.Activities.Runtime.ActivityExecutor.ExecuteActivityWorkItem.ExecuteBody(ActivityExecutor executor, BookmarkManager bookmarkManager, Location resultLocation)&gt;
6: WorkflowInstance Aborted [UploadSftpFtpFileFromStreamActivity] Reason "Connection is closed.
Parameter name: Connection"</StdOut>
      </Output>
    </UnitTestResult>
    <UnitTestResult executionId="112ec311-bc39-419c-814b-914741dcdd8d" testId="0d07c229-4a8b-1eda-46e8-fc25cf0debe3" testName="Invoke_DependencyThrowsOutOfMemoryException_ThrowsFatalException" computerName="ICSWS068" duration="00:00:00.0031178" startTime="2016-08-04T09:59:11.1059382+02:00" endTime="2016-08-04T09:59:11.1104411+02:00" testType="13cdc9d9-ddb5-4fa4-a97d-d965ccfc6d4b" outcome="Passed" testListId="8c84fa94-04c1-424b-9868-57a2d4851a1d" relativeResultsDirectory="112ec311-bc39-419c-814b-914741dcdd8d">
      <Output>
        <StdOut>Debug Trace:
0: WorkflowInstance "UploadSftpFtpFileFromStreamActivity" is Started
1: Activity [null] "null" scheduled child activity [1] "UploadSftpFtpFileFromStreamActivity"
2: Activity [1] "UploadSftpFtpFileFromStreamActivity" is Executing
{
    Arguments
        SourceStream: System.IO.MemoryStream
        DestinationFilename: file.txt
        FileSizeCheck: True
        Connection: Mock&lt;iCore.Public.Ftp.IFileTransferConnection:0ca0&gt;.Object
        StoreMode: None
}
3: WorkflowInstance "UploadSftpFtpFileFromStreamActivity" is Idle
4: Activity [1] "UploadSftpFtpFileFromStreamActivity" is Faulted
{
    Arguments
        SourceStream: System.IO.MemoryStream
        DestinationFilename: file.txt
        FileSizeCheck: True
        Connection: Mock&lt;iCore.Public.Ftp.IFileTransferConnection:0ca0&gt;.Object
        IsUploaded: False
        StoreMode: None
}
5: Fault source [1] "UploadSftpFtpFileFromStreamActivity"
6: WorkflowInstance "UploadSftpFtpFileFromStreamActivity" Unhandled Exception Source "UploadSftpFtpFileFromStreamActivity" Exception &lt;iCore.Workflow.Activities.Exceptions.WorkflowFatalException: Insufficient memory to continue the execution of the program. ---&gt; System.OutOfMemoryException: Insufficient memory to continue the execution of the program.
   at UnitTests.Workflow.Activities.Ftp.UploadSftpFtpFileFromStreamActivityTests.&lt;&gt;c.&lt;Invoke_DependencyThrowsOutOfMemoryException_ThrowsFatalException&gt;b__15_0() in F:\ETWork\Main\Common\Assemblies\UnitTests.iCore.Workflow.Activities.Ftp\Ftp\UploadSftpFtpFileFromStreamActivityTests.cs:line 263
   at Moq.MethodCall.&lt;&gt;c__DisplayClass5.&lt;SetCallbackWithoutArguments&gt;b__4(Object[] param0)
   at Moq.MethodCall.Execute(ICallContext call)
   at Moq.MethodCallReturn`2.Execute(ICallContext call)
   at Moq.ExecuteCall.HandleIntercept(ICallContext invocation, InterceptorContext ctx, CurrentInterceptContext localctx)
   at Moq.Interceptor.Intercept(ICallContext invocation)
   at Moq.Proxy.CastleProxyFactory.Interceptor.Intercept(IInvocation invocation)
   at Castle.DynamicProxy.AbstractInvocation.Proceed()
   at Castle.Proxies.IFileTransferConnectionProxy_1.UploadFile(String remoteFileName, Stream sourceStream, FtpStoreMode storeMode, Boolean checkFileSize, CancellationToken cancellationToken)
   at iCore.Workflow.Activities.Ftp.UploadSftpFtpFileFromStreamActivity.&lt;&gt;c__DisplayClass26_0.&lt;BeginExecute&gt;b__0()
   at System.Threading.Tasks.Task`1.InnerInvoke()
   at System.Threading.Tasks.Task.Execute()
   --- End of inner exception stack trace ---
   at System.Runtime.ExceptionServices.ExceptionDispatchInfo.Throw()
   at iCore.Workflow.Activities.ActivityUtilities.ThrowIfTaskFailedAndActivityIsNotCanceled(Task task, AsyncCodeActivityContext context)
   at iCore.Workflow.Activities.Ftp.UploadSftpFtpFileFromStreamActivity.EndExecute(AsyncCodeActivityContext context, IAsyncResult result)
   at System.Activities.AsyncCodeActivity.System.Activities.IAsyncCodeActivity.FinishExecution(AsyncCodeActivityContext context, IAsyncResult result)
   at System.Activities.AsyncCodeActivity.CompleteAsyncCodeActivityData.CompleteAsyncCodeActivityWorkItem.Execute(ActivityExecutor executor, BookmarkManager bookmarkManager)&gt;
7: WorkflowInstance Aborted [UploadSftpFtpFileFromStreamActivity] Reason "Insufficient memory to continue the execution of the program. InnerException Message: Insufficient memory to continue the execution of the program."</StdOut>
      </Output>
    </UnitTestResult>
    <UnitTestResult executionId="d3105dea-ba3c-4b7d-b54a-a98f8448ab76" testId="8005b75e-2b8e-a7d3-c91d-9ba84e501585" testName="Invoke_ValidArgs_CreateSftpFtpReaderConfigurationActivityUsedAndPopulatedCorrectly" computerName="ICSWS068" duration="00:00:00.1644471" startTime="2016-08-04T09:59:11.1132621+02:00" endTime="2016-08-04T09:59:11.2788057+02:00" testType="13cdc9d9-ddb5-4fa4-a97d-d965ccfc6d4b" outcome="Passed" testListId="8c84fa94-04c1-424b-9868-57a2d4851a1d" relativeResultsDirectory="d3105dea-ba3c-4b7d-b54a-a98f8448ab76">
      <Output>
        <StdOut>Debug Trace:
0: WorkflowInstance "SftpFtpReaderExActivity" is Started
1: Activity [null] "null" scheduled child activity [1] "SftpFtpReaderExActivity"
2: Activity [1] "SftpFtpReaderExActivity" is Executing
{
    Arguments
        LocalFileNameIn: LocalFileNameIn
        RenameFile: True
        MoveFileTo: MoveDir
        FilterOptions: IgnoreCase
        ErrorOnTimeout: True
        ScanFilterOptions: FilterOnClientCaseSensitive
        Timeout: 00:00:03
        Filter: [abc]{{1}}
        Connection: Mock&lt;iCore.Public.Ftp.IFileTransferConnection:de4f&gt;.Object
        ScanInterval: 1
        ScanDirectory: ScanDir
        SettleTime: 0
        ScanFilter: *.txt
        LocalDirectory: A:\localdir
        DeleteServerFile: True
}
3: Activity [1] "SftpFtpReaderExActivity" scheduled child activity [1.1] "TryCatch1"
4: Activity [1.1] "TryCatch1" is Executing
{
    Variables
        connection: 77efccbd-2af5-42e9-86df-c01f76a3a0a3
}
5: Activity [1.1] "TryCatch1" scheduled child activity [1.4] "TryCatch2"
6: Activity [1.4] "TryCatch2" is Executing
7: Activity [1.4] "TryCatch2" scheduled child activity [1.8] "MainSequence1"
8: Activity [1.8] "MainSequence1" is Executing
{
    Variables
        configuration: iCore.Workflow.Activities.Filesystem.FileReaderConfiguration
}
9: Activity [1.8] "MainSequence1" scheduled child activity [1.50] "CreateConfiguration1"
10: Activity [1.50] "CreateConfiguration1" is Executing
{
    Arguments
        FilterOptions: IgnoreCase
        ScanFilterOptions: FilterOnClientCaseSensitive
        Filter: [abc]{{1}}
        ScanInterval: 1
        ScanDirectory: ScanDir
        SettleTime: 0
        ScanFilter: *.txt
}
11: Activity [1.50] "CreateConfiguration1" is Closed
{
    Arguments
        FilterOptions: IgnoreCase
        ScanFilterOptions: FilterOnClientCaseSensitive
        Filter: [abc]{{1}}
        ScanInterval: 1
        Result: iCore.Workflow.Activities.Filesystem.FileReaderConfiguration
        ScanDirectory: ScanDir
        SettleTime: 0
        ScanFilter: *.txt
}
12: Activity [1.8] "MainSequence1" scheduled child activity [1.43] "StartReaderActivity1"
13: Activity [1.43] "StartReaderActivity1" is Executing
{
    Arguments
        Connection: Mock&lt;iCore.Public.Ftp.IFileTransferConnection:de4f&gt;.Object
        Configuration: iCore.Workflow.Activities.Filesystem.FileReaderConfiguration
        OpenNewConnection: False
}
14: WorkflowInstance "SftpFtpReaderExActivity" is Idle
15: CustomTrackingRecord [1.43] "iCPSTraceTrackingRecord"
16: Activity [1.43] "StartReaderActivity1" is Closed
{
    Arguments
        Connection: Mock&lt;iCore.Public.Ftp.IFileTransferConnection:de4f&gt;.Object
        Result: 77efccbd-2af5-42e9-86df-c01f76a3a0a3
        Configuration: iCore.Workflow.Activities.Filesystem.FileReaderConfiguration
        OpenNewConnection: False
}
17: Activity [1.8] "MainSequence1" scheduled child activity [1.9] "OpenNextFile1"
18: Activity [1.9] "OpenNextFile1" is Executing
{
    Arguments
        LocalFileNameIn: LocalFileNameIn
        RenameFile: True
        MoveFileTo: MoveDir
        ErrorOnTimeout: True
        SubscriptionId: 77efccbd-2af5-42e9-86df-c01f76a3a0a3
        Timeout: 00:00:03
        Connection: Mock&lt;iCore.Public.Ftp.IFileTransferConnection:de4f&gt;.Object
        IsImplicitlyCancellable: True
        LocalDirectory: A:\localdir
        DeleteServerFile: True
}
19: Activity [1.9] "OpenNextFile1" scheduled child activity [1.9.1] "Sequence"
20: Activity [1.9.1] "Sequence" is Executing
21: Activity [1.9.1] "Sequence" scheduled child activity [1.9.13] "Sequence"
22: Activity [1.9.13] "Sequence" is Executing
{
    Variables
        _1a25a75f_79d5_4484_98f9_c744c2b55c4d_265: Mock&lt;System.IO.Stream:a026&gt;.Object
        _1a25a75f_79d5_4484_98f9_c744c2b55c4d_266: LocalFileNameIn
        _1a25a75f_79d5_4484_98f9_c744c2b55c4d_267: A:\localdir\LocalFileNameIn
}
23: Activity [1.9.13] "Sequence" scheduled child activity [1.9.93] "InternalGetNextFile1"
24: Activity [1.9.93] "InternalGetNextFile1" is Executing
{
    Arguments
        ErrorOnTimeout: True
        SubscriptionId: 77efccbd-2af5-42e9-86df-c01f76a3a0a3
        Timeout: 00:00:03
        IsImplicitlyCancellable: True
}
25: CustomTrackingRecord [1.9.93] "iCPSTraceTrackingRecord"
26: WorkflowInstance "SftpFtpReaderExActivity" is Idle
27: Bookmark "b2528fe8-af17-42e4-bb0c-f7328c60df67" resumed with payload &lt;iCore.Workflow.Activities.Extensions.ItemSubscriptionEventArgs`1[iCore.Common.Utilities.FileSystemWatcher.FileInfoBase]&gt; owner [1.9.93] "InternalGetNextFile1"
28: Activity [1.9.93] "InternalGetNextFile1" is Closed
{
    Arguments
        ErrorOnTimeout: True
        SubscriptionId: 77efccbd-2af5-42e9-86df-c01f76a3a0a3
        FileName: notInterestingEither
        Timeout: 00:00:03
        IsImplicitlyCancellable: True
        FilePath: leastInteresting
}
29: Activity [1.9.13] "Sequence" scheduled child activity [1.9.14] "If"
30: Activity [1.9.14] "If" is Executing
{
    Arguments
        Condition: True
}
31: Activity [1.9.14] "If" scheduled child activity [1.9.18] "TryCatch"
32: Activity [1.9.18] "TryCatch" is Executing
33: Activity [1.9.18] "TryCatch" scheduled child activity [1.9.22] "TrySequence1"
34: Activity [1.9.22] "TrySequence1" is Executing
35: Activity [1.9.22] "TrySequence1" scheduled child activity [1.9.87] "AssignProcessingFileName"
36: Activity [1.9.87] "AssignProcessingFileName" is Executing
{
    Arguments
        Value: 374cb9fa-2a75-4087-9cf3-845624bb077d
}
37: Activity [1.9.87] "AssignProcessingFileName" is Closed
{
    Arguments
        Value: 374cb9fa-2a75-4087-9cf3-845624bb077d
        To: 374cb9fa-2a75-4087-9cf3-845624bb077d
}
38: Activity [1.9.22] "TrySequence1" scheduled child activity [1.9.80] "AssignProcessingFilePath"
39: Activity [1.9.80] "AssignProcessingFilePath" is Executing
{
    Arguments
        Value: MoveDir/374cb9fa-2a75-4087-9cf3-845624bb077d
}
40: Activity [1.9.80] "AssignProcessingFilePath" is Closed
{
    Arguments
        Value: MoveDir/374cb9fa-2a75-4087-9cf3-845624bb077d
        To: MoveDir/374cb9fa-2a75-4087-9cf3-845624bb077d
}
41: Activity [1.9.22] "TrySequence1" scheduled child activity [1.9.68] "IfRenameFile"
42: Activity [1.9.68] "IfRenameFile" is Executing
{
    Arguments
        Condition: True
}
43: Activity [1.9.68] "IfRenameFile" scheduled child activity [1.9.72] "RenameSftpFtpFile1"
44: Activity [1.9.72] "RenameSftpFtpFile1" is Executing
{
    Arguments
        FromFilename: leastInteresting
        Overwrite: True
        ToFilename: MoveDir/374cb9fa-2a75-4087-9cf3-845624bb077d
        Connection: Mock&lt;iCore.Public.Ftp.IFileTransferConnection:de4f&gt;.Object
}
45: WorkflowInstance "SftpFtpReaderExActivity" is Idle
46: Activity [1.9.72] "RenameSftpFtpFile1" is Closed
{
    Arguments
        FromFilename: leastInteresting
        Overwrite: True
        ToFilename: MoveDir/374cb9fa-2a75-4087-9cf3-845624bb077d
        Connection: Mock&lt;iCore.Public.Ftp.IFileTransferConnection:de4f&gt;.Object
}
47: Activity [1.9.68] "IfRenameFile" is Closed
{
    Arguments
        Condition: True
}
48: Activity [1.9.22] "TrySequence1" scheduled child activity [1.9.62] "SetLocalFileName"
49: Activity [1.9.62] "SetLocalFileName" is Executing
{
    Arguments
        Value: LocalFileNameIn
}
50: Activity [1.9.62] "SetLocalFileName" is Closed
{
    Arguments
        Value: LocalFileNameIn
        To: LocalFileNameIn
}
51: Activity [1.9.22] "TrySequence1" scheduled child activity [1.9.56] "SetLocalFilePath"
52: Activity [1.9.56] "SetLocalFilePath" is Executing
{
    Arguments
        Value: A:\localdir\LocalFileNameIn
}
53: Activity [1.9.56] "SetLocalFilePath" is Closed
{
    Arguments
        Value: A:\localdir\LocalFileNameIn
        To: A:\localdir\LocalFileNameIn
}
54: Activity [1.9.22] "TrySequence1" scheduled child activity [1.9.48] "OpenFile1"
55: Activity [1.9.48] "OpenFile1" is Executing
{
    Arguments
        FileAccess: ReadWrite
        FileMode: Create
        FileName: A:\localdir\LocalFileNameIn
        FileShare: None
}
56: WorkflowInstance "SftpFtpReaderExActivity" is Idle
57: Activity [1.9.48] "OpenFile1" is Closed
{
    Arguments
        FileAccess: ReadWrite
        FileMode: Create
        FileName: A:\localdir\LocalFileNameIn
        Result: Mock&lt;System.IO.Stream:a026&gt;.Object
        FileShare: None
}
58: Activity [1.9.22] "TrySequence1" scheduled child activity [1.9.42] "DownloadSftpFtpFileToStream1"
59: Activity [1.9.42] "DownloadSftpFtpFileToStream1" is Executing
{
    Arguments
        DestinationStream: Mock&lt;System.IO.Stream:a026&gt;.Object
        SourceFilename: MoveDir/374cb9fa-2a75-4087-9cf3-845624bb077d
        Connection: Mock&lt;iCore.Public.Ftp.IFileTransferConnection:de4f&gt;.Object
}
60: WorkflowInstance "SftpFtpReaderExActivity" is Idle
61: Activity [1.9.42] "DownloadSftpFtpFileToStream1" is Closed
{
    Arguments
        DestinationStream: Mock&lt;System.IO.Stream:a026&gt;.Object
        SourceFilename: MoveDir/374cb9fa-2a75-4087-9cf3-845624bb077d
        Connection: Mock&lt;iCore.Public.Ftp.IFileTransferConnection:de4f&gt;.Object
}
62: Activity [1.9.22] "TrySequence1" scheduled child activity [1.9.33] "If"
63: Activity [1.9.33] "If" is Executing
{
    Arguments
        Condition: True
}
64: Activity [1.9.33] "If" scheduled child activity [1.9.36] "DeleteSftpFtpFile1"
65: Activity [1.9.36] "DeleteSftpFtpFile1" is Executing
{
    Arguments
        Connection: Mock&lt;iCore.Public.Ftp.IFileTransferConnection:de4f&gt;.Object
        Filename: MoveDir/374cb9fa-2a75-4087-9cf3-845624bb077d
        ErrorOnNoFile: False
}
66: WorkflowInstance "SftpFtpReaderExActivity" is Idle
67: Activity [1.9.36] "DeleteSftpFtpFile1" is Closed
{
    Arguments
        Connection: Mock&lt;iCore.Public.Ftp.IFileTransferConnection:de4f&gt;.Object
        Filename: MoveDir/374cb9fa-2a75-4087-9cf3-845624bb077d
        ErrorOnNoFile: False
}
68: Activity [1.9.33] "If" is Closed
{
    Arguments
        Condition: True
}
69: Activity [1.9.22] "TrySequence1" scheduled child activity [1.9.28] "AssignLocalFileNameOut"
70: Activity [1.9.28] "AssignLocalFileNameOut" is Executing
{
    Arguments
        Value: LocalFileNameIn
}
71: Activity [1.9.28] "AssignLocalFileNameOut" is Closed
{
    Arguments
        Value: LocalFileNameIn
        To: LocalFileNameIn
}
72: Activity [1.9.22] "TrySequence1" scheduled child activity [1.9.23] "AssignLocalFilePath"
73: Activity [1.9.23] "AssignLocalFilePath" is Executing
{
    Arguments
        Value: A:\localdir\LocalFileNameIn
}
74: Activity [1.9.23] "AssignLocalFilePath" is Closed
{
    Arguments
        Value: A:\localdir\LocalFileNameIn
        To: A:\localdir\LocalFileNameIn
}
75: Activity [1.9.22] "TrySequence1" is Closed
76: Activity [1.9.18] "TryCatch" scheduled child activity [1.9.19] "FinallySequence1"
77: Activity [1.9.19] "FinallySequence1" is Executing
78: Activity [1.9.19] "FinallySequence1" scheduled child activity [1.9.20] "CloseStream1"
79: Activity [1.9.20] "CloseStream1" is Executing
{
    Arguments
        Stream: Mock&lt;System.IO.Stream:a026&gt;.Object
}
80: WorkflowInstance "SftpFtpReaderExActivity" is Idle
81: Activity [1.9.20] "CloseStream1" is Closed
{
    Arguments
        Stream: Mock&lt;System.IO.Stream:a026&gt;.Object
}
82: Activity [1.9.19] "FinallySequence1" is Closed
83: Activity [1.9.18] "TryCatch" is Closed
84: Activity [1.9.14] "If" is Closed
{
    Arguments
        Condition: True
}
85: Activity [1.9.13] "Sequence" is Closed
{
    Variables
        _1a25a75f_79d5_4484_98f9_c744c2b55c4d_268: Mock&lt;System.IO.Stream:a026&gt;.Object
        _1a25a75f_79d5_4484_98f9_c744c2b55c4d_269: LocalFileNameIn
        _1a25a75f_79d5_4484_98f9_c744c2b55c4d_270: A:\localdir\LocalFileNameIn
}
86: Activity [1.9.1] "Sequence" scheduled child activity [1.9.2] "OpenIfFileDownloaded1"
87: Activity [1.9.2] "OpenIfFileDownloaded1" is Executing
{
    Arguments
        Condition: True
}
88: Activity [1.9.2] "OpenIfFileDownloaded1" scheduled child activity [1.9.5] "OpenFile2"
89: Activity [1.9.5] "OpenFile2" is Executing
{
    Arguments
        FileAccess: ReadWrite
        FileMode: Open
        FileName: A:\localdir\LocalFileNameIn
        FileShare: None
}
90: WorkflowInstance "SftpFtpReaderExActivity" is Idle
91: Activity [1.9.5] "OpenFile2" is Closed
{
    Arguments
        FileAccess: ReadWrite
        FileMode: Open
        FileName: A:\localdir\LocalFileNameIn
        Result: Mock&lt;System.IO.Stream:a026&gt;.Object
        FileShare: None
}
92: Activity [1.9.2] "OpenIfFileDownloaded1" is Closed
{
    Arguments
        Condition: True
}
93: Activity [1.9.1] "Sequence" is Closed
94: Activity [1.9] "OpenNextFile1" is Closed
{
    Arguments
        LocalFileNameIn: LocalFileNameIn
        LocalFileNameOut: LocalFileNameIn
        RenameFile: True
        MoveFileTo: MoveDir
        LocalFilePath: A:\localdir\LocalFileNameIn
        ErrorOnTimeout: True
        SubscriptionId: 77efccbd-2af5-42e9-86df-c01f76a3a0a3
        Timeout: 00:00:03
        Connection: Mock&lt;iCore.Public.Ftp.IFileTransferConnection:de4f&gt;.Object
        OriginalFileName: notInterestingEither
        Data: Mock&lt;System.IO.Stream:a026&gt;.Object
        ProcessingFilePath: MoveDir/374cb9fa-2a75-4087-9cf3-845624bb077d
        IsImplicitlyCancellable: True
        LocalDirectory: A:\localdir
        ProcessingFileName: 374cb9fa-2a75-4087-9cf3-845624bb077d
        OriginalFilePath: leastInteresting
        DeleteServerFile: True
}
95: Activity [1.8] "MainSequence1" is Closed
{
    Variables
        configuration: iCore.Workflow.Activities.Filesystem.FileReaderConfiguration
}
96: Activity [1.4] "TryCatch2" scheduled child activity [1.5] "CloseConnection1"
97: Activity [1.5] "CloseConnection1" is Executing
{
    Arguments
        SubscriptionId: 77efccbd-2af5-42e9-86df-c01f76a3a0a3
}
98: CustomTrackingRecord [1.5] "iCPSTraceTrackingRecord"
99: Activity [1.5] "CloseConnection1" is Closed
{
    Arguments
        SubscriptionId: 77efccbd-2af5-42e9-86df-c01f76a3a0a3
}
100: Activity [1.4] "TryCatch2" is Closed
101: Activity [1.1] "TryCatch1" is Closed
{
    Variables
        connection: 77efccbd-2af5-42e9-86df-c01f76a3a0a3
}
102: Activity [1] "SftpFtpReaderExActivity" is Closed
{
    Arguments
        LocalFileNameIn: LocalFileNameIn
        LocalFileNameOut: LocalFileNameIn
        RenameFile: True
        MoveFileTo: MoveDir
        LocalFilePath: A:\localdir\LocalFileNameIn
        FilterOptions: IgnoreCase
        ErrorOnTimeout: True
        ScanFilterOptions: FilterOnClientCaseSensitive
        Timeout: 00:00:03
        Filter: [abc]{{1}}
        Connection: Mock&lt;iCore.Public.Ftp.IFileTransferConnection:de4f&gt;.Object
        OriginalFileName: notInterestingEither
        ScanInterval: 1
        ScanDirectory: ScanDir
        SettleTime: 0
        Data: Mock&lt;System.IO.Stream:a026&gt;.Object
        ProcessingFilePath: MoveDir/374cb9fa-2a75-4087-9cf3-845624bb077d
        ScanFilter: *.txt
        LocalDirectory: A:\localdir
        ProcessingFileName: 374cb9fa-2a75-4087-9cf3-845624bb077d
        OriginalFilePath: leastInteresting
        DeleteServerFile: True
}
103: WorkflowInstance "SftpFtpReaderExActivity" is Completed</StdOut>
      </Output>
    </UnitTestResult>
    <UnitTestResult executionId="f5518e37-10b4-49ea-af51-7db08e36c3eb" testId="aaa11e7b-de38-faf6-4358-4c8096bc7710" testName="Invoke_ValidArgs_OpenSftpFtpNextFileActivityUsedAndPopulatedCorrectly" computerName="ICSWS068" duration="00:00:00.0688585" startTime="2016-08-04T09:59:11.2818085+02:00" endTime="2016-08-04T09:59:11.3523466+02:00" testType="13cdc9d9-ddb5-4fa4-a97d-d965ccfc6d4b" outcome="Passed" testListId="8c84fa94-04c1-424b-9868-57a2d4851a1d" relativeResultsDirectory="f5518e37-10b4-49ea-af51-7db08e36c3eb">
      <Output>
        <StdOut>Debug Trace:
0: WorkflowInstance "SftpFtpReaderExActivity" is Started
1: Activity [null] "null" scheduled child activity [1] "SftpFtpReaderExActivity"
2: Activity [1] "SftpFtpReaderExActivity" is Executing
{
    Arguments
        LocalFileNameIn: LocalFileNameIn
        RenameFile: True
        MoveFileTo: MoveDir
        FilterOptions: IgnoreCase
        ErrorOnTimeout: True
        ScanFilterOptions: FilterOnClientCaseSensitive
        Timeout: 00:00:03
        Filter: [abc]{{1}}
        Connection: Mock&lt;iCore.Public.Ftp.IFileTransferConnection:719e&gt;.Object
        ScanInterval: 1
        ScanDirectory: ScanDir
        SettleTime: 0
        ScanFilter: *.txt
        LocalDirectory: A:\localdir
        DeleteServerFile: True
}
3: Activity [1] "SftpFtpReaderExActivity" scheduled child activity [1.1] "TryCatch1"
4: Activity [1.1] "TryCatch1" is Executing
{
    Variables
        connection: 9a2e63fd-37a5-4589-823d-16d61ed4e200
}
5: Activity [1.1] "TryCatch1" scheduled child activity [1.4] "TryCatch2"
6: Activity [1.4] "TryCatch2" is Executing
7: Activity [1.4] "TryCatch2" scheduled child activity [1.8] "MainSequence1"
8: Activity [1.8] "MainSequence1" is Executing
{
    Variables
        configuration: iCore.Workflow.Activities.Filesystem.FileReaderConfiguration
}
9: Activity [1.8] "MainSequence1" scheduled child activity [1.50] "CreateConfiguration1"
10: Activity [1.50] "CreateConfiguration1" is Executing
{
    Arguments
        FilterOptions: IgnoreCase
        ScanFilterOptions: FilterOnClientCaseSensitive
        Filter: [abc]{{1}}
        ScanInterval: 1
        ScanDirectory: ScanDir
        SettleTime: 0
        ScanFilter: *.txt
}
11: Activity [1.50] "CreateConfiguration1" is Closed
{
    Arguments
        FilterOptions: IgnoreCase
        ScanFilterOptions: FilterOnClientCaseSensitive
        Filter: [abc]{{1}}
        ScanInterval: 1
        Result: iCore.Workflow.Activities.Filesystem.FileReaderConfiguration
        ScanDirectory: ScanDir
        SettleTime: 0
        ScanFilter: *.txt
}
12: Activity [1.8] "MainSequence1" scheduled child activity [1.43] "StartReaderActivity1"
13: Activity [1.43] "StartReaderActivity1" is Executing
{
    Arguments
        Connection: Mock&lt;iCore.Public.Ftp.IFileTransferConnection:719e&gt;.Object
        Configuration: iCore.Workflow.Activities.Filesystem.FileReaderConfiguration
        OpenNewConnection: False
}
14: WorkflowInstance "SftpFtpReaderExActivity" is Idle
15: CustomTrackingRecord [1.43] "iCPSTraceTrackingRecord"
16: Activity [1.43] "StartReaderActivity1" is Closed
{
    Arguments
        Connection: Mock&lt;iCore.Public.Ftp.IFileTransferConnection:719e&gt;.Object
        Result: 9a2e63fd-37a5-4589-823d-16d61ed4e200
        Configuration: iCore.Workflow.Activities.Filesystem.FileReaderConfiguration
        OpenNewConnection: False
}
17: Activity [1.8] "MainSequence1" scheduled child activity [1.9] "OpenNextFile1"
18: Activity [1.9] "OpenNextFile1" is Executing
{
    Arguments
        LocalFileNameIn: LocalFileNameIn
        RenameFile: True
        MoveFileTo: MoveDir
        ErrorOnTimeout: True
        SubscriptionId: 9a2e63fd-37a5-4589-823d-16d61ed4e200
        Timeout: 00:00:03
        Connection: Mock&lt;iCore.Public.Ftp.IFileTransferConnection:719e&gt;.Object
        IsImplicitlyCancellable: True
        LocalDirectory: A:\localdir
        DeleteServerFile: True
}
19: Activity [1.9] "OpenNextFile1" scheduled child activity [1.9.1] "Sequence"
20: Activity [1.9.1] "Sequence" is Executing
21: Activity [1.9.1] "Sequence" scheduled child activity [1.9.13] "Sequence"
22: Activity [1.9.13] "Sequence" is Executing
{
    Variables
        _1a25a75f_79d5_4484_98f9_c744c2b55c4d_271: Mock&lt;System.IO.Stream:f84f&gt;.Object
        _1a25a75f_79d5_4484_98f9_c744c2b55c4d_272: LocalFileNameIn
        _1a25a75f_79d5_4484_98f9_c744c2b55c4d_273: A:\localdir\LocalFileNameIn
}
23: Activity [1.9.13] "Sequence" scheduled child activity [1.9.93] "InternalGetNextFile1"
24: Activity [1.9.93] "InternalGetNextFile1" is Executing
{
    Arguments
        ErrorOnTimeout: True
        SubscriptionId: 9a2e63fd-37a5-4589-823d-16d61ed4e200
        Timeout: 00:00:03
        IsImplicitlyCancellable: True
}
25: CustomTrackingRecord [1.9.93] "iCPSTraceTrackingRecord"
26: WorkflowInstance "SftpFtpReaderExActivity" is Idle
27: Bookmark "f6794960-d8b9-4192-90dc-5be014d6a7c2" resumed with payload &lt;iCore.Workflow.Activities.Extensions.ItemSubscriptionEventArgs`1[iCore.Common.Utilities.FileSystemWatcher.FileInfoBase]&gt; owner [1.9.93] "InternalGetNextFile1"
28: Activity [1.9.93] "InternalGetNextFile1" is Closed
{
    Arguments
        ErrorOnTimeout: True
        SubscriptionId: 9a2e63fd-37a5-4589-823d-16d61ed4e200
        FileName: notInterestingEither
        Timeout: 00:00:03
        IsImplicitlyCancellable: True
        FilePath: leastInteresting
}
29: Activity [1.9.13] "Sequence" scheduled child activity [1.9.14] "If"
30: Activity [1.9.14] "If" is Executing
{
    Arguments
        Condition: True
}
31: Activity [1.9.14] "If" scheduled child activity [1.9.18] "TryCatch"
32: Activity [1.9.18] "TryCatch" is Executing
33: Activity [1.9.18] "TryCatch" scheduled child activity [1.9.22] "TrySequence1"
34: Activity [1.9.22] "TrySequence1" is Executing
35: Activity [1.9.22] "TrySequence1" scheduled child activity [1.9.87] "AssignProcessingFileName"
36: Activity [1.9.87] "AssignProcessingFileName" is Executing
{
    Arguments
        Value: a53cf0b9-f4fe-4a59-894c-b31195e4e8fc
}
37: Activity [1.9.87] "AssignProcessingFileName" is Closed
{
    Arguments
        Value: a53cf0b9-f4fe-4a59-894c-b31195e4e8fc
        To: a53cf0b9-f4fe-4a59-894c-b31195e4e8fc
}
38: Activity [1.9.22] "TrySequence1" scheduled child activity [1.9.80] "AssignProcessingFilePath"
39: Activity [1.9.80] "AssignProcessingFilePath" is Executing
{
    Arguments
        Value: MoveDir/a53cf0b9-f4fe-4a59-894c-b31195e4e8fc
}
40: Activity [1.9.80] "AssignProcessingFilePath" is Closed
{
    Arguments
        Value: MoveDir/a53cf0b9-f4fe-4a59-894c-b31195e4e8fc
        To: MoveDir/a53cf0b9-f4fe-4a59-894c-b31195e4e8fc
}
41: Activity [1.9.22] "TrySequence1" scheduled child activity [1.9.68] "IfRenameFile"
42: Activity [1.9.68] "IfRenameFile" is Executing
{
    Arguments
        Condition: True
}
43: Activity [1.9.68] "IfRenameFile" scheduled child activity [1.9.72] "RenameSftpFtpFile1"
44: Activity [1.9.72] "RenameSftpFtpFile1" is Executing
{
    Arguments
        FromFilename: leastInteresting
        Overwrite: True
        ToFilename: MoveDir/a53cf0b9-f4fe-4a59-894c-b31195e4e8fc
        Connection: Mock&lt;iCore.Public.Ftp.IFileTransferConnection:719e&gt;.Object
}
45: WorkflowInstance "SftpFtpReaderExActivity" is Idle
46: Activity [1.9.72] "RenameSftpFtpFile1" is Closed
{
    Arguments
        FromFilename: leastInteresting
        Overwrite: True
        ToFilename: MoveDir/a53cf0b9-f4fe-4a59-894c-b31195e4e8fc
        Connection: Mock&lt;iCore.Public.Ftp.IFileTransferConnection:719e&gt;.Object
}
47: Activity [1.9.68] "IfRenameFile" is Closed
{
    Arguments
        Condition: True
}
48: Activity [1.9.22] "TrySequence1" scheduled child activity [1.9.62] "SetLocalFileName"
49: Activity [1.9.62] "SetLocalFileName" is Executing
{
    Arguments
        Value: LocalFileNameIn
}
50: Activity [1.9.62] "SetLocalFileName" is Closed
{
    Arguments
        Value: LocalFileNameIn
        To: LocalFileNameIn
}
51: Activity [1.9.22] "TrySequence1" scheduled child activity [1.9.56] "SetLocalFilePath"
52: Activity [1.9.56] "SetLocalFilePath" is Executing
{
    Arguments
        Value: A:\localdir\LocalFileNameIn
}
53: Activity [1.9.56] "SetLocalFilePath" is Closed
{
    Arguments
        Value: A:\localdir\LocalFileNameIn
        To: A:\localdir\LocalFileNameIn
}
54: Activity [1.9.22] "TrySequence1" scheduled child activity [1.9.48] "OpenFile1"
55: Activity [1.9.48] "OpenFile1" is Executing
{
    Arguments
        FileAccess: ReadWrite
        FileMode: Create
        FileName: A:\localdir\LocalFileNameIn
        FileShare: None
}
56: WorkflowInstance "SftpFtpReaderExActivity" is Idle
57: Activity [1.9.48] "OpenFile1" is Closed
{
    Arguments
        FileAccess: ReadWrite
        FileMode: Create
        FileName: A:\localdir\LocalFileNameIn
        Result: Mock&lt;System.IO.Stream:f84f&gt;.Object
        FileShare: None
}
58: Activity [1.9.22] "TrySequence1" scheduled child activity [1.9.42] "DownloadSftpFtpFileToStream1"
59: Activity [1.9.42] "DownloadSftpFtpFileToStream1" is Executing
{
    Arguments
        DestinationStream: Mock&lt;System.IO.Stream:f84f&gt;.Object
        SourceFilename: MoveDir/a53cf0b9-f4fe-4a59-894c-b31195e4e8fc
        Connection: Mock&lt;iCore.Public.Ftp.IFileTransferConnection:719e&gt;.Object
}
60: WorkflowInstance "SftpFtpReaderExActivity" is Idle
61: Activity [1.9.42] "DownloadSftpFtpFileToStream1" is Closed
{
    Arguments
        DestinationStream: Mock&lt;System.IO.Stream:f84f&gt;.Object
        SourceFilename: MoveDir/a53cf0b9-f4fe-4a59-894c-b31195e4e8fc
        Connection: Mock&lt;iCore.Public.Ftp.IFileTransferConnection:719e&gt;.Object
}
62: Activity [1.9.22] "TrySequence1" scheduled child activity [1.9.33] "If"
63: Activity [1.9.33] "If" is Executing
{
    Arguments
        Condition: True
}
64: Activity [1.9.33] "If" scheduled child activity [1.9.36] "DeleteSftpFtpFile1"
65: Activity [1.9.36] "DeleteSftpFtpFile1" is Executing
{
    Arguments
        Connection: Mock&lt;iCore.Public.Ftp.IFileTransferConnection:719e&gt;.Object
        Filename: MoveDir/a53cf0b9-f4fe-4a59-894c-b31195e4e8fc
        ErrorOnNoFile: False
}
66: WorkflowInstance "SftpFtpReaderExActivity" is Idle
67: Activity [1.9.36] "DeleteSftpFtpFile1" is Closed
{
    Arguments
        Connection: Mock&lt;iCore.Public.Ftp.IFileTransferConnection:719e&gt;.Object
        Filename: MoveDir/a53cf0b9-f4fe-4a59-894c-b31195e4e8fc
        ErrorOnNoFile: False
}
68: Activity [1.9.33] "If" is Closed
{
    Arguments
        Condition: True
}
69: Activity [1.9.22] "TrySequence1" scheduled child activity [1.9.28] "AssignLocalFileNameOut"
70: Activity [1.9.28] "AssignLocalFileNameOut" is Executing
{
    Arguments
        Value: LocalFileNameIn
}
71: Activity [1.9.28] "AssignLocalFileNameOut" is Closed
{
    Arguments
        Value: LocalFileNameIn
        To: LocalFileNameIn
}
72: Activity [1.9.22] "TrySequence1" scheduled child activity [1.9.23] "AssignLocalFilePath"
73: Activity [1.9.23] "AssignLocalFilePath" is Executing
{
    Arguments
        Value: A:\localdir\LocalFileNameIn
}
74: Activity [1.9.23] "AssignLocalFilePath" is Closed
{
    Arguments
        Value: A:\localdir\LocalFileNameIn
        To: A:\localdir\LocalFileNameIn
}
75: Activity [1.9.22] "TrySequence1" is Closed
76: Activity [1.9.18] "TryCatch" scheduled child activity [1.9.19] "FinallySequence1"
77: Activity [1.9.19] "FinallySequence1" is Executing
78: Activity [1.9.19] "FinallySequence1" scheduled child activity [1.9.20] "CloseStream1"
79: Activity [1.9.20] "CloseStream1" is Executing
{
    Arguments
        Stream: Mock&lt;System.IO.Stream:f84f&gt;.Object
}
80: WorkflowInstance "SftpFtpReaderExActivity" is Idle
81: Activity [1.9.20] "CloseStream1" is Closed
{
    Arguments
        Stream: Mock&lt;System.IO.Stream:f84f&gt;.Object
}
82: Activity [1.9.19] "FinallySequence1" is Closed
83: Activity [1.9.18] "TryCatch" is Closed
84: Activity [1.9.14] "If" is Closed
{
    Arguments
        Condition: True
}
85: Activity [1.9.13] "Sequence" is Closed
{
    Variables
        _1a25a75f_79d5_4484_98f9_c744c2b55c4d_274: Mock&lt;System.IO.Stream:f84f&gt;.Object
        _1a25a75f_79d5_4484_98f9_c744c2b55c4d_275: LocalFileNameIn
        _1a25a75f_79d5_4484_98f9_c744c2b55c4d_276: A:\localdir\LocalFileNameIn
}
86: Activity [1.9.1] "Sequence" scheduled child activity [1.9.2] "OpenIfFileDownloaded1"
87: Activity [1.9.2] "OpenIfFileDownloaded1" is Executing
{
    Arguments
        Condition: True
}
88: Activity [1.9.2] "OpenIfFileDownloaded1" scheduled child activity [1.9.5] "OpenFile2"
89: Activity [1.9.5] "OpenFile2" is Executing
{
    Arguments
        FileAccess: ReadWrite
        FileMode: Open
        FileName: A:\localdir\LocalFileNameIn
        FileShare: None
}
90: WorkflowInstance "SftpFtpReaderExActivity" is Idle
91: Activity [1.9.5] "OpenFile2" is Closed
{
    Arguments
        FileAccess: ReadWrite
        FileMode: Open
        FileName: A:\localdir\LocalFileNameIn
        Result: Mock&lt;System.IO.Stream:f84f&gt;.Object
        FileShare: None
}
92: Activity [1.9.2] "OpenIfFileDownloaded1" is Closed
{
    Arguments
        Condition: True
}
93: Activity [1.9.1] "Sequence" is Closed
94: Activity [1.9] "OpenNextFile1" is Closed
{
    Arguments
        LocalFileNameIn: LocalFileNameIn
        LocalFileNameOut: LocalFileNameIn
        RenameFile: True
        MoveFileTo: MoveDir
        LocalFilePath: A:\localdir\LocalFileNameIn
        ErrorOnTimeout: True
        SubscriptionId: 9a2e63fd-37a5-4589-823d-16d61ed4e200
        Timeout: 00:00:03
        Connection: Mock&lt;iCore.Public.Ftp.IFileTransferConnection:719e&gt;.Object
        OriginalFileName: notInterestingEither
        Data: Mock&lt;System.IO.Stream:f84f&gt;.Object
        ProcessingFilePath: MoveDir/a53cf0b9-f4fe-4a59-894c-b31195e4e8fc
        IsImplicitlyCancellable: True
        LocalDirectory: A:\localdir
        ProcessingFileName: a53cf0b9-f4fe-4a59-894c-b31195e4e8fc
        OriginalFilePath: leastInteresting
        DeleteServerFile: True
}
95: Activity [1.8] "MainSequence1" is Closed
{
    Variables
        configuration: iCore.Workflow.Activities.Filesystem.FileReaderConfiguration
}
96: Activity [1.4] "TryCatch2" scheduled child activity [1.5] "CloseConnection1"
97: Activity [1.5] "CloseConnection1" is Executing
{
    Arguments
        SubscriptionId: 9a2e63fd-37a5-4589-823d-16d61ed4e200
}
98: CustomTrackingRecord [1.5] "iCPSTraceTrackingRecord"
99: Activity [1.5] "CloseConnection1" is Closed
{
    Arguments
        SubscriptionId: 9a2e63fd-37a5-4589-823d-16d61ed4e200
}
100: Activity [1.4] "TryCatch2" is Closed
101: Activity [1.1] "TryCatch1" is Closed
{
    Variables
        connection: 9a2e63fd-37a5-4589-823d-16d61ed4e200
}
102: Activity [1] "SftpFtpReaderExActivity" is Closed
{
    Arguments
        LocalFileNameIn: LocalFileNameIn
        LocalFileNameOut: LocalFileNameIn
        RenameFile: True
        MoveFileTo: MoveDir
        LocalFilePath: A:\localdir\LocalFileNameIn
        FilterOptions: IgnoreCase
        ErrorOnTimeout: True
        ScanFilterOptions: FilterOnClientCaseSensitive
        Timeout: 00:00:03
        Filter: [abc]{{1}}
        Connection: Mock&lt;iCore.Public.Ftp.IFileTransferConnection:719e&gt;.Object
        OriginalFileName: notInterestingEither
        ScanInterval: 1
        ScanDirectory: ScanDir
        SettleTime: 0
        Data: Mock&lt;System.IO.Stream:f84f&gt;.Object
        ProcessingFilePath: MoveDir/a53cf0b9-f4fe-4a59-894c-b31195e4e8fc
        ScanFilter: *.txt
        LocalDirectory: A:\localdir
        ProcessingFileName: a53cf0b9-f4fe-4a59-894c-b31195e4e8fc
        OriginalFilePath: leastInteresting
        DeleteServerFile: True
}
103: WorkflowInstance "SftpFtpReaderExActivity" is Completed</StdOut>
      </Output>
    </UnitTestResult>
    <UnitTestResult executionId="a33ca016-4da4-4425-a1ab-7b6951eea31c" testId="998261ba-feab-c684-0778-2cf0ef6269b6" testName="Invoke_VerifyActivityOrder" computerName="ICSWS068" duration="00:00:00.0679749" startTime="2016-08-04T09:59:11.3563642+02:00" endTime="2016-08-04T09:59:11.4257489+02:00" testType="13cdc9d9-ddb5-4fa4-a97d-d965ccfc6d4b" outcome="Passed" testListId="8c84fa94-04c1-424b-9868-57a2d4851a1d" relativeResultsDirectory="a33ca016-4da4-4425-a1ab-7b6951eea31c">
      <Output>
        <StdOut>Debug Trace:
0: WorkflowInstance "SftpFtpReaderExActivity" is Started
1: Activity [null] "null" scheduled child activity [1] "SftpFtpReaderExActivity"
2: Activity [1] "SftpFtpReaderExActivity" is Executing
{
    Arguments
        LocalFileNameIn: LocalFileNameIn
        RenameFile: True
        MoveFileTo: MoveDir
        FilterOptions: IgnoreCase
        ErrorOnTimeout: True
        ScanFilterOptions: FilterOnClientCaseSensitive
        Timeout: 00:00:03
        Filter: [abc]{{1}}
        Connection: Mock&lt;iCore.Public.Ftp.IFileTransferConnection:4c6d&gt;.Object
        ScanInterval: 1
        ScanDirectory: ScanDir
        SettleTime: 0
        ScanFilter: *.txt
        LocalDirectory: A:\localdir
        DeleteServerFile: True
}
3: Activity [1] "SftpFtpReaderExActivity" scheduled child activity [1.1] "TryCatch1"
4: Activity [1.1] "TryCatch1" is Executing
{
    Variables
        connection: edcb9b57-0a0d-463b-9e98-9549076de91e
}
5: Activity [1.1] "TryCatch1" scheduled child activity [1.4] "TryCatch2"
6: Activity [1.4] "TryCatch2" is Executing
7: Activity [1.4] "TryCatch2" scheduled child activity [1.8] "MainSequence1"
8: Activity [1.8] "MainSequence1" is Executing
{
    Variables
        configuration: iCore.Workflow.Activities.Filesystem.FileReaderConfiguration
}
9: Activity [1.8] "MainSequence1" scheduled child activity [1.50] "CreateConfiguration1"
10: Activity [1.50] "CreateConfiguration1" is Executing
{
    Arguments
        FilterOptions: IgnoreCase
        ScanFilterOptions: FilterOnClientCaseSensitive
        Filter: [abc]{{1}}
        ScanInterval: 1
        ScanDirectory: ScanDir
        SettleTime: 0
        ScanFilter: *.txt
}
11: Activity [1.50] "CreateConfiguration1" is Closed
{
    Arguments
        FilterOptions: IgnoreCase
        ScanFilterOptions: FilterOnClientCaseSensitive
        Filter: [abc]{{1}}
        ScanInterval: 1
        Result: iCore.Workflow.Activities.Filesystem.FileReaderConfiguration
        ScanDirectory: ScanDir
        SettleTime: 0
        ScanFilter: *.txt
}
12: Activity [1.8] "MainSequence1" scheduled child activity [1.43] "StartReaderActivity1"
13: Activity [1.43] "StartReaderActivity1" is Executing
{
    Arguments
        Connection: Mock&lt;iCore.Public.Ftp.IFileTransferConnection:4c6d&gt;.Object
        Configuration: iCore.Workflow.Activities.Filesystem.FileReaderConfiguration
        OpenNewConnection: False
}
14: WorkflowInstance "SftpFtpReaderExActivity" is Idle
15: CustomTrackingRecord [1.43] "iCPSTraceTrackingRecord"
16: Activity [1.43] "StartReaderActivity1" is Closed
{
    Arguments
        Connection: Mock&lt;iCore.Public.Ftp.IFileTransferConnection:4c6d&gt;.Object
        Result: edcb9b57-0a0d-463b-9e98-9549076de91e
        Configuration: iCore.Workflow.Activities.Filesystem.FileReaderConfiguration
        OpenNewConnection: False
}
17: Activity [1.8] "MainSequence1" scheduled child activity [1.9] "OpenNextFile1"
18: Activity [1.9] "OpenNextFile1" is Executing
{
    Arguments
        LocalFileNameIn: LocalFileNameIn
        RenameFile: True
        MoveFileTo: MoveDir
        ErrorOnTimeout: True
        SubscriptionId: edcb9b57-0a0d-463b-9e98-9549076de91e
        Timeout: 00:00:03
        Connection: Mock&lt;iCore.Public.Ftp.IFileTransferConnection:4c6d&gt;.Object
        IsImplicitlyCancellable: True
        LocalDirectory: A:\localdir
        DeleteServerFile: True
}
19: Activity [1.9] "OpenNextFile1" scheduled child activity [1.9.1] "Sequence"
20: Activity [1.9.1] "Sequence" is Executing
21: Activity [1.9.1] "Sequence" scheduled child activity [1.9.13] "Sequence"
22: Activity [1.9.13] "Sequence" is Executing
{
    Variables
        _1a25a75f_79d5_4484_98f9_c744c2b55c4d_277: Mock&lt;System.IO.Stream:7a5c&gt;.Object
        _1a25a75f_79d5_4484_98f9_c744c2b55c4d_278: LocalFileNameIn
        _1a25a75f_79d5_4484_98f9_c744c2b55c4d_279: A:\localdir\LocalFileNameIn
}
23: Activity [1.9.13] "Sequence" scheduled child activity [1.9.93] "InternalGetNextFile1"
24: Activity [1.9.93] "InternalGetNextFile1" is Executing
{
    Arguments
        ErrorOnTimeout: True
        SubscriptionId: edcb9b57-0a0d-463b-9e98-9549076de91e
        Timeout: 00:00:03
        IsImplicitlyCancellable: True
}
25: CustomTrackingRecord [1.9.93] "iCPSTraceTrackingRecord"
26: WorkflowInstance "SftpFtpReaderExActivity" is Idle
27: Bookmark "e781a7d0-7db3-4fe8-863f-b6ce3b717764" resumed with payload &lt;iCore.Workflow.Activities.Extensions.ItemSubscriptionEventArgs`1[iCore.Common.Utilities.FileSystemWatcher.FileInfoBase]&gt; owner [1.9.93] "InternalGetNextFile1"
28: Activity [1.9.93] "InternalGetNextFile1" is Closed
{
    Arguments
        ErrorOnTimeout: True
        SubscriptionId: edcb9b57-0a0d-463b-9e98-9549076de91e
        FileName: notInterestingEither
        Timeout: 00:00:03
        IsImplicitlyCancellable: True
        FilePath: leastInteresting
}
29: Activity [1.9.13] "Sequence" scheduled child activity [1.9.14] "If"
30: Activity [1.9.14] "If" is Executing
{
    Arguments
        Condition: True
}
31: Activity [1.9.14] "If" scheduled child activity [1.9.18] "TryCatch"
32: Activity [1.9.18] "TryCatch" is Executing
33: Activity [1.9.18] "TryCatch" scheduled child activity [1.9.22] "TrySequence1"
34: Activity [1.9.22] "TrySequence1" is Executing
35: Activity [1.9.22] "TrySequence1" scheduled child activity [1.9.87] "AssignProcessingFileName"
36: Activity [1.9.87] "AssignProcessingFileName" is Executing
{
    Arguments
        Value: 0b9c82cc-a7ed-455d-8df8-0fd906f6d145
}
37: Activity [1.9.87] "AssignProcessingFileName" is Closed
{
    Arguments
        Value: 0b9c82cc-a7ed-455d-8df8-0fd906f6d145
        To: 0b9c82cc-a7ed-455d-8df8-0fd906f6d145
}
38: Activity [1.9.22] "TrySequence1" scheduled child activity [1.9.80] "AssignProcessingFilePath"
39: Activity [1.9.80] "AssignProcessingFilePath" is Executing
{
    Arguments
        Value: MoveDir/0b9c82cc-a7ed-455d-8df8-0fd906f6d145
}
40: Activity [1.9.80] "AssignProcessingFilePath" is Closed
{
    Arguments
        Value: MoveDir/0b9c82cc-a7ed-455d-8df8-0fd906f6d145
        To: MoveDir/0b9c82cc-a7ed-455d-8df8-0fd906f6d145
}
41: Activity [1.9.22] "TrySequence1" scheduled child activity [1.9.68] "IfRenameFile"
42: Activity [1.9.68] "IfRenameFile" is Executing
{
    Arguments
        Condition: True
}
43: Activity [1.9.68] "IfRenameFile" scheduled child activity [1.9.72] "RenameSftpFtpFile1"
44: Activity [1.9.72] "RenameSftpFtpFile1" is Executing
{
    Arguments
        FromFilename: leastInteresting
        Overwrite: True
        ToFilename: MoveDir/0b9c82cc-a7ed-455d-8df8-0fd906f6d145
        Connection: Mock&lt;iCore.Public.Ftp.IFileTransferConnection:4c6d&gt;.Object
}
45: WorkflowInstance "SftpFtpReaderExActivity" is Idle
46: Activity [1.9.72] "RenameSftpFtpFile1" is Closed
{
    Arguments
        FromFilename: leastInteresting
        Overwrite: True
        ToFilename: MoveDir/0b9c82cc-a7ed-455d-8df8-0fd906f6d145
        Connection: Mock&lt;iCore.Public.Ftp.IFileTransferConnection:4c6d&gt;.Object
}
47: Activity [1.9.68] "IfRenameFile" is Closed
{
    Arguments
        Condition: True
}
48: Activity [1.9.22] "TrySequence1" scheduled child activity [1.9.62] "SetLocalFileName"
49: Activity [1.9.62] "SetLocalFileName" is Executing
{
    Arguments
        Value: LocalFileNameIn
}
50: Activity [1.9.62] "SetLocalFileName" is Closed
{
    Arguments
        Value: LocalFileNameIn
        To: LocalFileNameIn
}
51: Activity [1.9.22] "TrySequence1" scheduled child activity [1.9.56] "SetLocalFilePath"
52: Activity [1.9.56] "SetLocalFilePath" is Executing
{
    Arguments
        Value: A:\localdir\LocalFileNameIn
}
53: Activity [1.9.56] "SetLocalFilePath" is Closed
{
    Arguments
        Value: A:\localdir\LocalFileNameIn
        To: A:\localdir\LocalFileNameIn
}
54: Activity [1.9.22] "TrySequence1" scheduled child activity [1.9.48] "OpenFile1"
55: Activity [1.9.48] "OpenFile1" is Executing
{
    Arguments
        FileAccess: ReadWrite
        FileMode: Create
        FileName: A:\localdir\LocalFileNameIn
        FileShare: None
}
56: WorkflowInstance "SftpFtpReaderExActivity" is Idle
57: Activity [1.9.48] "OpenFile1" is Closed
{
    Arguments
        FileAccess: ReadWrite
        FileMode: Create
        FileName: A:\localdir\LocalFileNameIn
        Result: Mock&lt;System.IO.Stream:7a5c&gt;.Object
        FileShare: None
}
58: Activity [1.9.22] "TrySequence1" scheduled child activity [1.9.42] "DownloadSftpFtpFileToStream1"
59: Activity [1.9.42] "DownloadSftpFtpFileToStream1" is Executing
{
    Arguments
        DestinationStream: Mock&lt;System.IO.Stream:7a5c&gt;.Object
        SourceFilename: MoveDir/0b9c82cc-a7ed-455d-8df8-0fd906f6d145
        Connection: Mock&lt;iCore.Public.Ftp.IFileTransferConnection:4c6d&gt;.Object
}
60: WorkflowInstance "SftpFtpReaderExActivity" is Idle
61: Activity [1.9.42] "DownloadSftpFtpFileToStream1" is Closed
{
    Arguments
        DestinationStream: Mock&lt;System.IO.Stream:7a5c&gt;.Object
        SourceFilename: MoveDir/0b9c82cc-a7ed-455d-8df8-0fd906f6d145
        Connection: Mock&lt;iCore.Public.Ftp.IFileTransferConnection:4c6d&gt;.Object
}
62: Activity [1.9.22] "TrySequence1" scheduled child activity [1.9.33] "If"
63: Activity [1.9.33] "If" is Executing
{
    Arguments
        Condition: True
}
64: Activity [1.9.33] "If" scheduled child activity [1.9.36] "DeleteSftpFtpFile1"
65: Activity [1.9.36] "DeleteSftpFtpFile1" is Executing
{
    Arguments
        Connection: Mock&lt;iCore.Public.Ftp.IFileTransferConnection:4c6d&gt;.Object
        Filename: MoveDir/0b9c82cc-a7ed-455d-8df8-0fd906f6d145
        ErrorOnNoFile: False
}
66: WorkflowInstance "SftpFtpReaderExActivity" is Idle
67: Activity [1.9.36] "DeleteSftpFtpFile1" is Closed
{
    Arguments
        Connection: Mock&lt;iCore.Public.Ftp.IFileTransferConnection:4c6d&gt;.Object
        Filename: MoveDir/0b9c82cc-a7ed-455d-8df8-0fd906f6d145
        ErrorOnNoFile: False
}
68: Activity [1.9.33] "If" is Closed
{
    Arguments
        Condition: True
}
69: Activity [1.9.22] "TrySequence1" scheduled child activity [1.9.28] "AssignLocalFileNameOut"
70: Activity [1.9.28] "AssignLocalFileNameOut" is Executing
{
    Arguments
        Value: LocalFileNameIn
}
71: Activity [1.9.28] "AssignLocalFileNameOut" is Closed
{
    Arguments
        Value: LocalFileNameIn
        To: LocalFileNameIn
}
72: Activity [1.9.22] "TrySequence1" scheduled child activity [1.9.23] "AssignLocalFilePath"
73: Activity [1.9.23] "AssignLocalFilePath" is Executing
{
    Arguments
        Value: A:\localdir\LocalFileNameIn
}
74: Activity [1.9.23] "AssignLocalFilePath" is Closed
{
    Arguments
        Value: A:\localdir\LocalFileNameIn
        To: A:\localdir\LocalFileNameIn
}
75: Activity [1.9.22] "TrySequence1" is Closed
76: Activity [1.9.18] "TryCatch" scheduled child activity [1.9.19] "FinallySequence1"
77: Activity [1.9.19] "FinallySequence1" is Executing
78: Activity [1.9.19] "FinallySequence1" scheduled child activity [1.9.20] "CloseStream1"
79: Activity [1.9.20] "CloseStream1" is Executing
{
    Arguments
        Stream: Mock&lt;System.IO.Stream:7a5c&gt;.Object
}
80: WorkflowInstance "SftpFtpReaderExActivity" is Idle
81: Activity [1.9.20] "CloseStream1" is Closed
{
    Arguments
        Stream: Mock&lt;System.IO.Stream:7a5c&gt;.Object
}
82: Activity [1.9.19] "FinallySequence1" is Closed
83: Activity [1.9.18] "TryCatch" is Closed
84: Activity [1.9.14] "If" is Closed
{
    Arguments
        Condition: True
}
85: Activity [1.9.13] "Sequence" is Closed
{
    Variables
        _1a25a75f_79d5_4484_98f9_c744c2b55c4d_280: Mock&lt;System.IO.Stream:7a5c&gt;.Object
        _1a25a75f_79d5_4484_98f9_c744c2b55c4d_281: LocalFileNameIn
        _1a25a75f_79d5_4484_98f9_c744c2b55c4d_282: A:\localdir\LocalFileNameIn
}
86: Activity [1.9.1] "Sequence" scheduled child activity [1.9.2] "OpenIfFileDownloaded1"
87: Activity [1.9.2] "OpenIfFileDownloaded1" is Executing
{
    Arguments
        Condition: True
}
88: Activity [1.9.2] "OpenIfFileDownloaded1" scheduled child activity [1.9.5] "OpenFile2"
89: Activity [1.9.5] "OpenFile2" is Executing
{
    Arguments
        FileAccess: ReadWrite
        FileMode: Open
        FileName: A:\localdir\LocalFileNameIn
        FileShare: None
}
90: Activity [1.9.5] "OpenFile2" is Closed
{
    Arguments
        FileAccess: ReadWrite
        FileMode: Open
        FileName: A:\localdir\LocalFileNameIn
        Result: Mock&lt;System.IO.Stream:7a5c&gt;.Object
        FileShare: None
}
91: Activity [1.9.2] "OpenIfFileDownloaded1" is Closed
{
    Arguments
        Condition: True
}
92: Activity [1.9.1] "Sequence" is Closed
93: Activity [1.9] "OpenNextFile1" is Closed
{
    Arguments
        LocalFileNameIn: LocalFileNameIn
        LocalFileNameOut: LocalFileNameIn
        RenameFile: True
        MoveFileTo: MoveDir
        LocalFilePath: A:\localdir\LocalFileNameIn
        ErrorOnTimeout: True
        SubscriptionId: edcb9b57-0a0d-463b-9e98-9549076de91e
        Timeout: 00:00:03
        Connection: Mock&lt;iCore.Public.Ftp.IFileTransferConnection:4c6d&gt;.Object
        OriginalFileName: notInterestingEither
        Data: Mock&lt;System.IO.Stream:7a5c&gt;.Object
        ProcessingFilePath: MoveDir/0b9c82cc-a7ed-455d-8df8-0fd906f6d145
        IsImplicitlyCancellable: True
        LocalDirectory: A:\localdir
        ProcessingFileName: 0b9c82cc-a7ed-455d-8df8-0fd906f6d145
        OriginalFilePath: leastInteresting
        DeleteServerFile: True
}
94: Activity [1.8] "MainSequence1" is Closed
{
    Variables
        configuration: iCore.Workflow.Activities.Filesystem.FileReaderConfiguration
}
95: Activity [1.4] "TryCatch2" scheduled child activity [1.5] "CloseConnection1"
96: Activity [1.5] "CloseConnection1" is Executing
{
    Arguments
        SubscriptionId: edcb9b57-0a0d-463b-9e98-9549076de91e
}
97: CustomTrackingRecord [1.5] "iCPSTraceTrackingRecord"
98: Activity [1.5] "CloseConnection1" is Closed
{
    Arguments
        SubscriptionId: edcb9b57-0a0d-463b-9e98-9549076de91e
}
99: Activity [1.4] "TryCatch2" is Closed
100: Activity [1.1] "TryCatch1" is Closed
{
    Variables
        connection: edcb9b57-0a0d-463b-9e98-9549076de91e
}
101: Activity [1] "SftpFtpReaderExActivity" is Closed
{
    Arguments
        LocalFileNameIn: LocalFileNameIn
        LocalFileNameOut: LocalFileNameIn
        RenameFile: True
        MoveFileTo: MoveDir
        LocalFilePath: A:\localdir\LocalFileNameIn
        FilterOptions: IgnoreCase
        ErrorOnTimeout: True
        ScanFilterOptions: FilterOnClientCaseSensitive
        Timeout: 00:00:03
        Filter: [abc]{{1}}
        Connection: Mock&lt;iCore.Public.Ftp.IFileTransferConnection:4c6d&gt;.Object
        OriginalFileName: notInterestingEither
        ScanInterval: 1
        ScanDirectory: ScanDir
        SettleTime: 0
        Data: Mock&lt;System.IO.Stream:7a5c&gt;.Object
        ProcessingFilePath: MoveDir/0b9c82cc-a7ed-455d-8df8-0fd906f6d145
        ScanFilter: *.txt
        LocalDirectory: A:\localdir
        ProcessingFileName: 0b9c82cc-a7ed-455d-8df8-0fd906f6d145
        OriginalFilePath: leastInteresting
        DeleteServerFile: True
}
102: WorkflowInstance "SftpFtpReaderExActivity" is Completed</StdOut>
      </Output>
    </UnitTestResult>
    <UnitTestResult executionId="2be972ad-b2d8-4461-b997-411a728ab861" testId="2246c02b-c043-8bd1-d15f-80655c8c6edf" testName="Invoke_ExecutionCanceled_ExecutesCloseConnectionActivityWithExpectedArgument" computerName="ICSWS068" duration="00:00:00.0607179" startTime="2016-08-04T09:59:11.4282518+02:00" endTime="2016-08-04T09:59:11.4903639+02:00" testType="13cdc9d9-ddb5-4fa4-a97d-d965ccfc6d4b" outcome="Passed" testListId="8c84fa94-04c1-424b-9868-57a2d4851a1d" relativeResultsDirectory="2be972ad-b2d8-4461-b997-411a728ab861">
      <Output>
        <StdOut>Debug Trace:
0: WorkflowInstance "SftpFtpReaderExActivity" is Started
1: Activity [null] "null" scheduled child activity [1] "SftpFtpReaderExActivity"
2: Activity [1] "SftpFtpReaderExActivity" is Executing
{
    Arguments
        LocalFileNameIn: LocalFileNameIn
        RenameFile: True
        MoveFileTo: MoveDir
        FilterOptions: IgnoreCase
        ErrorOnTimeout: True
        ScanFilterOptions: FilterOnClientCaseSensitive
        Timeout: 00:00:03
        Filter: [abc]{{1}}
        Connection: Mock&lt;iCore.Public.Ftp.IFileTransferConnection:1291&gt;.Object
        ScanInterval: 1
        ScanDirectory: ScanDir
        SettleTime: 0
        ScanFilter: *.txt
        LocalDirectory: A:\localdir
        DeleteServerFile: True
}
3: Activity [1] "SftpFtpReaderExActivity" scheduled child activity [1.1] "TryCatch1"
4: Activity [1.1] "TryCatch1" is Executing
{
    Variables
        connection: 49702548-2723-4a4d-a653-cb8c472ce3d1
}
5: Activity [1.1] "TryCatch1" scheduled child activity [1.4] "TryCatch2"
6: Activity [1.4] "TryCatch2" is Executing
7: Activity [1.4] "TryCatch2" scheduled child activity [1.8] "MainSequence1"
8: Activity [1.8] "MainSequence1" is Executing
{
    Variables
        configuration: iCore.Workflow.Activities.Filesystem.FileReaderConfiguration
}
9: Activity [1.8] "MainSequence1" scheduled child activity [1.50] "CreateConfiguration1"
10: Activity [1.50] "CreateConfiguration1" is Executing
{
    Arguments
        FilterOptions: IgnoreCase
        ScanFilterOptions: FilterOnClientCaseSensitive
        Filter: [abc]{{1}}
        ScanInterval: 1
        ScanDirectory: ScanDir
        SettleTime: 0
        ScanFilter: *.txt
}
11: Activity [1.50] "CreateConfiguration1" is Closed
{
    Arguments
        FilterOptions: IgnoreCase
        ScanFilterOptions: FilterOnClientCaseSensitive
        Filter: [abc]{{1}}
        ScanInterval: 1
        Result: iCore.Workflow.Activities.Filesystem.FileReaderConfiguration
        ScanDirectory: ScanDir
        SettleTime: 0
        ScanFilter: *.txt
}
12: Activity [1.8] "MainSequence1" scheduled child activity [1.43] "StartReaderActivity1"
13: Activity [1.43] "StartReaderActivity1" is Executing
{
    Arguments
        Connection: Mock&lt;iCore.Public.Ftp.IFileTransferConnection:1291&gt;.Object
        Configuration: iCore.Workflow.Activities.Filesystem.FileReaderConfiguration
        OpenNewConnection: False
}
14: WorkflowInstance "SftpFtpReaderExActivity" is Idle
15: CustomTrackingRecord [1.43] "iCPSTraceTrackingRecord"
16: Activity [1.43] "StartReaderActivity1" is Closed
{
    Arguments
        Connection: Mock&lt;iCore.Public.Ftp.IFileTransferConnection:1291&gt;.Object
        Result: 49702548-2723-4a4d-a653-cb8c472ce3d1
        Configuration: iCore.Workflow.Activities.Filesystem.FileReaderConfiguration
        OpenNewConnection: False
}
17: Activity [1.8] "MainSequence1" scheduled child activity [1.9] "OpenNextFile1"
18: Activity [1.9] "OpenNextFile1" is Executing
{
    Arguments
        LocalFileNameIn: LocalFileNameIn
        RenameFile: True
        MoveFileTo: MoveDir
        ErrorOnTimeout: True
        SubscriptionId: 49702548-2723-4a4d-a653-cb8c472ce3d1
        Timeout: 00:00:03
        Connection: Mock&lt;iCore.Public.Ftp.IFileTransferConnection:1291&gt;.Object
        IsImplicitlyCancellable: True
        LocalDirectory: A:\localdir
        DeleteServerFile: True
}
19: Activity [1.9] "OpenNextFile1" scheduled child activity [1.9.1] "Sequence"
20: Activity [1.9.1] "Sequence" is Executing
21: Activity [1.9.1] "Sequence" scheduled child activity [1.9.13] "Sequence"
22: Activity [1.9.13] "Sequence" is Executing
{
    Variables
        _1a25a75f_79d5_4484_98f9_c744c2b55c4d_283: 
        _1a25a75f_79d5_4484_98f9_c744c2b55c4d_284: 
        _1a25a75f_79d5_4484_98f9_c744c2b55c4d_285: 
}
23: Activity [1.9.13] "Sequence" scheduled child activity [1.9.93] "InternalGetNextFile1"
24: Activity [1.9.93] "InternalGetNextFile1" is Executing
{
    Arguments
        ErrorOnTimeout: True
        SubscriptionId: 49702548-2723-4a4d-a653-cb8c472ce3d1
        Timeout: 00:00:03
        IsImplicitlyCancellable: True
}
25: CustomTrackingRecord [1.9.93] "iCPSTraceTrackingRecord"
26: WorkflowInstance "SftpFtpReaderExActivity" is Idle
27: Host requests cancel of activity [1] "SftpFtpReaderExActivity"
28: Activity [1] "SftpFtpReaderExActivity" requests cancel of activity [1.1] "TryCatch1"
29: Activity [1.1] "TryCatch1" requests cancel of activity [1.4] "TryCatch2"
30: Activity [1.4] "TryCatch2" requests cancel of activity [1.8] "MainSequence1"
31: Activity [1.8] "MainSequence1" requests cancel of activity [1.9] "OpenNextFile1"
32: Activity [1.9] "OpenNextFile1" requests cancel of activity [1.9.1] "Sequence"
33: Activity [1.9.1] "Sequence" requests cancel of activity [1.9.13] "Sequence"
34: Activity [1.9.13] "Sequence" requests cancel of activity [1.9.93] "InternalGetNextFile1"
35: CustomTrackingRecord [1.9.93] "iCPSTraceTrackingRecord"
36: Activity [1.9.93] "InternalGetNextFile1" is Canceled
{
    Arguments
        ErrorOnTimeout: True
        SubscriptionId: 49702548-2723-4a4d-a653-cb8c472ce3d1
        FileName: 
        Timeout: 00:00:03
        IsImplicitlyCancellable: True
        FilePath: 
}
37: Activity [1.9.13] "Sequence" is Canceled
{
    Variables
        _1a25a75f_79d5_4484_98f9_c744c2b55c4d_286: 
        _1a25a75f_79d5_4484_98f9_c744c2b55c4d_287: 
        _1a25a75f_79d5_4484_98f9_c744c2b55c4d_288: 
}
38: Activity [1.9.1] "Sequence" is Canceled
39: Activity [1.9] "OpenNextFile1" is Canceled
{
    Arguments
        LocalFileNameIn: LocalFileNameIn
        LocalFileNameOut: 
        RenameFile: True
        MoveFileTo: MoveDir
        LocalFilePath: 
        ErrorOnTimeout: True
        SubscriptionId: 49702548-2723-4a4d-a653-cb8c472ce3d1
        Timeout: 00:00:03
        Connection: Mock&lt;iCore.Public.Ftp.IFileTransferConnection:1291&gt;.Object
        OriginalFileName: 
        Data: 
        ProcessingFilePath: 
        IsImplicitlyCancellable: True
        LocalDirectory: A:\localdir
        ProcessingFileName: 
        OriginalFilePath: 
        DeleteServerFile: True
}
40: Activity [1.8] "MainSequence1" is Canceled
{
    Variables
        configuration: iCore.Workflow.Activities.Filesystem.FileReaderConfiguration
}
41: Activity [1.4] "TryCatch2" scheduled child activity [1.5] "CloseConnection1"
42: Activity [1.5] "CloseConnection1" is Executing
{
    Arguments
        SubscriptionId: 49702548-2723-4a4d-a653-cb8c472ce3d1
}
43: CustomTrackingRecord [1.5] "iCPSTraceTrackingRecord"
44: Activity [1.5] "CloseConnection1" is Closed
{
    Arguments
        SubscriptionId: 49702548-2723-4a4d-a653-cb8c472ce3d1
}
45: Activity [1.4] "TryCatch2" is Canceled
46: Activity [1.1] "TryCatch1" is Canceled
{
    Variables
        connection: 49702548-2723-4a4d-a653-cb8c472ce3d1
}
47: Activity [1] "SftpFtpReaderExActivity" is Canceled
{
    Arguments
        LocalFileNameIn: LocalFileNameIn
        LocalFileNameOut: 
        RenameFile: True
        MoveFileTo: MoveDir
        LocalFilePath: 
        FilterOptions: IgnoreCase
        ErrorOnTimeout: True
        ScanFilterOptions: FilterOnClientCaseSensitive
        Timeout: 00:00:03
        Filter: [abc]{{1}}
        Connection: Mock&lt;iCore.Public.Ftp.IFileTransferConnection:1291&gt;.Object
        OriginalFileName: 
        ScanInterval: 1
        ScanDirectory: ScanDir
        SettleTime: 0
        Data: 
        ProcessingFilePath: 
        ScanFilter: *.txt
        LocalDirectory: A:\localdir
        ProcessingFileName: 
        OriginalFilePath: 
        DeleteServerFile: True
}
48: WorkflowInstance "SftpFtpReaderExActivity" is Canceled</StdOut>
      </Output>
    </UnitTestResult>
    <UnitTestResult executionId="96dcb271-1b8a-419f-9e47-0d73328bd507" testId="c480fd6f-80eb-8135-be10-dadc7bc57ff1" testName="Invoke_ExecutionFails_ThrowsException" computerName="ICSWS068" duration="00:00:00.0614428" startTime="2016-08-04T09:59:11.4933677+02:00" endTime="2016-08-04T09:59:11.5562443+02:00" testType="13cdc9d9-ddb5-4fa4-a97d-d965ccfc6d4b" outcome="Passed" testListId="8c84fa94-04c1-424b-9868-57a2d4851a1d" relativeResultsDirectory="96dcb271-1b8a-419f-9e47-0d73328bd507">
      <Output>
        <StdOut>Debug Trace:
0: WorkflowInstance "SftpFtpReaderExActivity" is Started
1: Activity [null] "null" scheduled child activity [1] "SftpFtpReaderExActivity"
2: Activity [1] "SftpFtpReaderExActivity" is Executing
{
    Arguments
        LocalFileNameIn: LocalFileNameIn
        RenameFile: True
        MoveFileTo: MoveDir
        FilterOptions: IgnoreCase
        ErrorOnTimeout: True
        ScanFilterOptions: FilterOnClientCaseSensitive
        Timeout: 00:00:03
        Filter: [abc]{{1}}
        Connection: Mock&lt;iCore.Public.Ftp.IFileTransferConnection:e173&gt;.Object
        ScanInterval: 1
        ScanDirectory: ScanDir
        SettleTime: 0
        ScanFilter: *.txt
        LocalDirectory: A:\localdir
        DeleteServerFile: True
}
3: Activity [1] "SftpFtpReaderExActivity" scheduled child activity [1.1] "TryCatch1"
4: Activity [1.1] "TryCatch1" is Executing
{
    Variables
        connection: 32c74fd1-9832-4aaa-8cbb-cd56c209e21b
}
5: Activity [1.1] "TryCatch1" scheduled child activity [1.4] "TryCatch2"
6: Activity [1.4] "TryCatch2" is Executing
7: Activity [1.4] "TryCatch2" scheduled child activity [1.8] "MainSequence1"
8: Activity [1.8] "MainSequence1" is Executing
{
    Variables
        configuration: iCore.Workflow.Activities.Filesystem.FileReaderConfiguration
}
9: Activity [1.8] "MainSequence1" scheduled child activity [1.50] "CreateConfiguration1"
10: Activity [1.50] "CreateConfiguration1" is Executing
{
    Arguments
        FilterOptions: IgnoreCase
        ScanFilterOptions: FilterOnClientCaseSensitive
        Filter: [abc]{{1}}
        ScanInterval: 1
        ScanDirectory: ScanDir
        SettleTime: 0
        ScanFilter: *.txt
}
11: Activity [1.50] "CreateConfiguration1" is Closed
{
    Arguments
        FilterOptions: IgnoreCase
        ScanFilterOptions: FilterOnClientCaseSensitive
        Filter: [abc]{{1}}
        ScanInterval: 1
        Result: iCore.Workflow.Activities.Filesystem.FileReaderConfiguration
        ScanDirectory: ScanDir
        SettleTime: 0
        ScanFilter: *.txt
}
12: Activity [1.8] "MainSequence1" scheduled child activity [1.43] "StartReaderActivity1"
13: Activity [1.43] "StartReaderActivity1" is Executing
{
    Arguments
        Connection: Mock&lt;iCore.Public.Ftp.IFileTransferConnection:e173&gt;.Object
        Configuration: iCore.Workflow.Activities.Filesystem.FileReaderConfiguration
        OpenNewConnection: False
}
14: WorkflowInstance "SftpFtpReaderExActivity" is Idle
15: CustomTrackingRecord [1.43] "iCPSTraceTrackingRecord"
16: Activity [1.43] "StartReaderActivity1" is Closed
{
    Arguments
        Connection: Mock&lt;iCore.Public.Ftp.IFileTransferConnection:e173&gt;.Object
        Result: 32c74fd1-9832-4aaa-8cbb-cd56c209e21b
        Configuration: iCore.Workflow.Activities.Filesystem.FileReaderConfiguration
        OpenNewConnection: False
}
17: Activity [1.8] "MainSequence1" scheduled child activity [1.9] "OpenNextFile1"
18: Activity [1.9] "OpenNextFile1" is Executing
{
    Arguments
        LocalFileNameIn: LocalFileNameIn
        RenameFile: True
        MoveFileTo: MoveDir
        ErrorOnTimeout: True
        SubscriptionId: 32c74fd1-9832-4aaa-8cbb-cd56c209e21b
        Timeout: 00:00:03
        Connection: Mock&lt;iCore.Public.Ftp.IFileTransferConnection:e173&gt;.Object
        IsImplicitlyCancellable: True
        LocalDirectory: A:\localdir
        DeleteServerFile: True
}
19: Activity [1.9] "OpenNextFile1" scheduled child activity [1.9.1] "Sequence"
20: Activity [1.9.1] "Sequence" is Executing
21: Activity [1.9.1] "Sequence" scheduled child activity [1.9.13] "Sequence"
22: Activity [1.9.13] "Sequence" is Executing
{
    Variables
        _1a25a75f_79d5_4484_98f9_c744c2b55c4d_289: 
        _1a25a75f_79d5_4484_98f9_c744c2b55c4d_290: 
        _1a25a75f_79d5_4484_98f9_c744c2b55c4d_291: 
}
23: Activity [1.9.13] "Sequence" scheduled child activity [1.9.93] "InternalGetNextFile1"
24: Activity [1.9.93] "InternalGetNextFile1" is Executing
{
    Arguments
        ErrorOnTimeout: True
        SubscriptionId: 32c74fd1-9832-4aaa-8cbb-cd56c209e21b
        Timeout: 00:00:03
        IsImplicitlyCancellable: True
}
25: CustomTrackingRecord [1.9.93] "iCPSTraceTrackingRecord"
26: WorkflowInstance "SftpFtpReaderExActivity" is Idle
27: Bookmark "0cd03300-e389-4f0c-bf9c-c61af8110ef7" resumed with payload &lt;iCore.Workflow.Activities.Extensions.ItemSubscriptionEventArgs`1[iCore.Common.Utilities.FileSystemWatcher.FileInfoBase]&gt; owner [1.9.93] "InternalGetNextFile1"
28: Activity [1.9.93] "InternalGetNextFile1" is Faulted
{
    Arguments
        ErrorOnTimeout: True
        SubscriptionId: 32c74fd1-9832-4aaa-8cbb-cd56c209e21b
        FileName: 
        Timeout: 00:00:03
        IsImplicitlyCancellable: True
        FilePath: 
}
29: Fault source [1.9.93] "InternalGetNextFile1"
30: Fault source [1.9.93] "InternalGetNextFile1"
31: Activity [1.1] "TryCatch1" requests cancel of activity [1.4] "TryCatch2"
32: Activity [1.4] "TryCatch2" requests cancel of activity [1.8] "MainSequence1"
33: Activity [1.8] "MainSequence1" requests cancel of activity [1.9] "OpenNextFile1"
34: Activity [1.9] "OpenNextFile1" requests cancel of activity [1.9.1] "Sequence"
35: Activity [1.9.1] "Sequence" requests cancel of activity [1.9.13] "Sequence"
36: Activity [1.9.13] "Sequence" is Canceled
{
    Variables
        _1a25a75f_79d5_4484_98f9_c744c2b55c4d_292: 
        _1a25a75f_79d5_4484_98f9_c744c2b55c4d_293: 
        _1a25a75f_79d5_4484_98f9_c744c2b55c4d_294: 
}
37: Activity [1.9.1] "Sequence" is Canceled
38: Activity [1.9] "OpenNextFile1" is Canceled
{
    Arguments
        LocalFileNameIn: LocalFileNameIn
        LocalFileNameOut: 
        RenameFile: True
        MoveFileTo: MoveDir
        LocalFilePath: 
        ErrorOnTimeout: True
        SubscriptionId: 32c74fd1-9832-4aaa-8cbb-cd56c209e21b
        Timeout: 00:00:03
        Connection: Mock&lt;iCore.Public.Ftp.IFileTransferConnection:e173&gt;.Object
        OriginalFileName: 
        Data: 
        ProcessingFilePath: 
        IsImplicitlyCancellable: True
        LocalDirectory: A:\localdir
        ProcessingFileName: 
        OriginalFilePath: 
        DeleteServerFile: True
}
39: Activity [1.8] "MainSequence1" is Canceled
{
    Variables
        configuration: iCore.Workflow.Activities.Filesystem.FileReaderConfiguration
}
40: Activity [1.4] "TryCatch2" scheduled child activity [1.5] "CloseConnection1"
41: Activity [1.5] "CloseConnection1" is Executing
{
    Arguments
        SubscriptionId: 32c74fd1-9832-4aaa-8cbb-cd56c209e21b
}
42: CustomTrackingRecord [1.5] "iCPSTraceTrackingRecord"
43: Activity [1.5] "CloseConnection1" is Closed
{
    Arguments
        SubscriptionId: 32c74fd1-9832-4aaa-8cbb-cd56c209e21b
}
44: Activity [1.4] "TryCatch2" is Canceled
45: Activity [1.1] "TryCatch1" scheduled child activity [1.2] "Throw"
46: Activity [1.2] "Throw" is Executing
{
    Arguments
        Exception: Testing.Common.TestException: Test exception
   at System.Activities.Statements.Throw.Execute(CodeActivityContext context)
   at System.Activities.CodeActivity.InternalExecute(ActivityInstance instance, ActivityExecutor executor, BookmarkManager bookmarkManager)
   at System.Activities.ActivityInstance.Execute(ActivityExecutor executor, BookmarkManager bookmarkManager)
   at System.Activities.Runtime.ActivityExecutor.ExecuteActivityWorkItem.ExecuteBody(ActivityExecutor executor, BookmarkManager bookmarkManager, Location resultLocation)
}
47: Activity [1.2] "Throw" is Faulted
{
    Arguments
        Exception: Testing.Common.TestException: Test exception
   at System.Activities.Statements.Throw.Execute(CodeActivityContext context)
   at System.Activities.CodeActivity.InternalExecute(ActivityInstance instance, ActivityExecutor executor, BookmarkManager bookmarkManager)
   at System.Activities.ActivityInstance.Execute(ActivityExecutor executor, BookmarkManager bookmarkManager)
   at System.Activities.Runtime.ActivityExecutor.ExecuteActivityWorkItem.ExecuteBody(ActivityExecutor executor, BookmarkManager bookmarkManager, Location resultLocation)
}
48: Fault source [1.2] "Throw"
49: Fault source [1.2] "Throw"
50: WorkflowInstance "SftpFtpReaderExActivity" Unhandled Exception Source "Throw" Exception &lt;Testing.Common.TestException: Test exception
   at System.Activities.Statements.Throw.Execute(CodeActivityContext context)
   at System.Activities.CodeActivity.InternalExecute(ActivityInstance instance, ActivityExecutor executor, BookmarkManager bookmarkManager)
   at System.Activities.ActivityInstance.Execute(ActivityExecutor executor, BookmarkManager bookmarkManager)
   at System.Activities.Runtime.ActivityExecutor.ExecuteActivityWorkItem.ExecuteBody(ActivityExecutor executor, BookmarkManager bookmarkManager, Location resultLocation)&gt;</StdOut>
      </Output>
    </UnitTestResult>
    <UnitTestResult executionId="5e8f8034-89ee-4775-aa52-444233cf3f2a" testId="801bf94f-6482-1158-2087-277fd1467e1d" testName="Invoke_ExecutionFails_ExecutesCloseConnectionActivityWithExpectedArgument" computerName="ICSWS068" duration="00:00:00.0610232" startTime="2016-08-04T09:59:11.5592452+02:00" endTime="2016-08-04T09:59:11.6214415+02:00" testType="13cdc9d9-ddb5-4fa4-a97d-d965ccfc6d4b" outcome="Passed" testListId="8c84fa94-04c1-424b-9868-57a2d4851a1d" relativeResultsDirectory="5e8f8034-89ee-4775-aa52-444233cf3f2a">
      <Output>
        <StdOut>Debug Trace:
0: WorkflowInstance "SftpFtpReaderExActivity" is Started
1: Activity [null] "null" scheduled child activity [1] "SftpFtpReaderExActivity"
2: Activity [1] "SftpFtpReaderExActivity" is Executing
{
    Arguments
        LocalFileNameIn: LocalFileNameIn
        RenameFile: True
        MoveFileTo: MoveDir
        FilterOptions: IgnoreCase
        ErrorOnTimeout: True
        ScanFilterOptions: FilterOnClientCaseSensitive
        Timeout: 00:00:03
        Filter: [abc]{{1}}
        Connection: Mock&lt;iCore.Public.Ftp.IFileTransferConnection:c53e&gt;.Object
        ScanInterval: 1
        ScanDirectory: ScanDir
        SettleTime: 0
        ScanFilter: *.txt
        LocalDirectory: A:\localdir
        DeleteServerFile: True
}
3: Activity [1] "SftpFtpReaderExActivity" scheduled child activity [1.1] "TryCatch1"
4: Activity [1.1] "TryCatch1" is Executing
{
    Variables
        connection: 07c2c5fc-5da6-47de-a2a3-a35a0206ad0f
}
5: Activity [1.1] "TryCatch1" scheduled child activity [1.4] "TryCatch2"
6: Activity [1.4] "TryCatch2" is Executing
7: Activity [1.4] "TryCatch2" scheduled child activity [1.8] "MainSequence1"
8: Activity [1.8] "MainSequence1" is Executing
{
    Variables
        configuration: iCore.Workflow.Activities.Filesystem.FileReaderConfiguration
}
9: Activity [1.8] "MainSequence1" scheduled child activity [1.50] "CreateConfiguration1"
10: Activity [1.50] "CreateConfiguration1" is Executing
{
    Arguments
        FilterOptions: IgnoreCase
        ScanFilterOptions: FilterOnClientCaseSensitive
        Filter: [abc]{{1}}
        ScanInterval: 1
        ScanDirectory: ScanDir
        SettleTime: 0
        ScanFilter: *.txt
}
11: Activity [1.50] "CreateConfiguration1" is Closed
{
    Arguments
        FilterOptions: IgnoreCase
        ScanFilterOptions: FilterOnClientCaseSensitive
        Filter: [abc]{{1}}
        ScanInterval: 1
        Result: iCore.Workflow.Activities.Filesystem.FileReaderConfiguration
        ScanDirectory: ScanDir
        SettleTime: 0
        ScanFilter: *.txt
}
12: Activity [1.8] "MainSequence1" scheduled child activity [1.43] "StartReaderActivity1"
13: Activity [1.43] "StartReaderActivity1" is Executing
{
    Arguments
        Connection: Mock&lt;iCore.Public.Ftp.IFileTransferConnection:c53e&gt;.Object
        Configuration: iCore.Workflow.Activities.Filesystem.FileReaderConfiguration
        OpenNewConnection: False
}
14: WorkflowInstance "SftpFtpReaderExActivity" is Idle
15: CustomTrackingRecord [1.43] "iCPSTraceTrackingRecord"
16: Activity [1.43] "StartReaderActivity1" is Closed
{
    Arguments
        Connection: Mock&lt;iCore.Public.Ftp.IFileTransferConnection:c53e&gt;.Object
        Result: 07c2c5fc-5da6-47de-a2a3-a35a0206ad0f
        Configuration: iCore.Workflow.Activities.Filesystem.FileReaderConfiguration
        OpenNewConnection: False
}
17: Activity [1.8] "MainSequence1" scheduled child activity [1.9] "OpenNextFile1"
18: Activity [1.9] "OpenNextFile1" is Executing
{
    Arguments
        LocalFileNameIn: LocalFileNameIn
        RenameFile: True
        MoveFileTo: MoveDir
        ErrorOnTimeout: True
        SubscriptionId: 07c2c5fc-5da6-47de-a2a3-a35a0206ad0f
        Timeout: 00:00:03
        Connection: Mock&lt;iCore.Public.Ftp.IFileTransferConnection:c53e&gt;.Object
        IsImplicitlyCancellable: True
        LocalDirectory: A:\localdir
        DeleteServerFile: True
}
19: Activity [1.9] "OpenNextFile1" scheduled child activity [1.9.1] "Sequence"
20: Activity [1.9.1] "Sequence" is Executing
21: Activity [1.9.1] "Sequence" scheduled child activity [1.9.13] "Sequence"
22: Activity [1.9.13] "Sequence" is Executing
{
    Variables
        _1a25a75f_79d5_4484_98f9_c744c2b55c4d_295: 
        _1a25a75f_79d5_4484_98f9_c744c2b55c4d_296: 
        _1a25a75f_79d5_4484_98f9_c744c2b55c4d_297: 
}
23: Activity [1.9.13] "Sequence" scheduled child activity [1.9.93] "InternalGetNextFile1"
24: Activity [1.9.93] "InternalGetNextFile1" is Executing
{
    Arguments
        ErrorOnTimeout: True
        SubscriptionId: 07c2c5fc-5da6-47de-a2a3-a35a0206ad0f
        Timeout: 00:00:03
        IsImplicitlyCancellable: True
}
25: CustomTrackingRecord [1.9.93] "iCPSTraceTrackingRecord"
26: WorkflowInstance "SftpFtpReaderExActivity" is Idle
27: Bookmark "e1ad53a8-d706-4ddd-9e04-1401dae67831" resumed with payload &lt;iCore.Workflow.Activities.Extensions.ItemSubscriptionEventArgs`1[iCore.Common.Utilities.FileSystemWatcher.FileInfoBase]&gt; owner [1.9.93] "InternalGetNextFile1"
28: Activity [1.9.93] "InternalGetNextFile1" is Faulted
{
    Arguments
        ErrorOnTimeout: True
        SubscriptionId: 07c2c5fc-5da6-47de-a2a3-a35a0206ad0f
        FileName: 
        Timeout: 00:00:03
        IsImplicitlyCancellable: True
        FilePath: 
}
29: Fault source [1.9.93] "InternalGetNextFile1"
30: Fault source [1.9.93] "InternalGetNextFile1"
31: Activity [1.1] "TryCatch1" requests cancel of activity [1.4] "TryCatch2"
32: Activity [1.4] "TryCatch2" requests cancel of activity [1.8] "MainSequence1"
33: Activity [1.8] "MainSequence1" requests cancel of activity [1.9] "OpenNextFile1"
34: Activity [1.9] "OpenNextFile1" requests cancel of activity [1.9.1] "Sequence"
35: Activity [1.9.1] "Sequence" requests cancel of activity [1.9.13] "Sequence"
36: Activity [1.9.13] "Sequence" is Canceled
{
    Variables
        _1a25a75f_79d5_4484_98f9_c744c2b55c4d_298: 
        _1a25a75f_79d5_4484_98f9_c744c2b55c4d_299: 
        _1a25a75f_79d5_4484_98f9_c744c2b55c4d_300: 
}
37: Activity [1.9.1] "Sequence" is Canceled
38: Activity [1.9] "OpenNextFile1" is Canceled
{
    Arguments
        LocalFileNameIn: LocalFileNameIn
        LocalFileNameOut: 
        RenameFile: True
        MoveFileTo: MoveDir
        LocalFilePath: 
        ErrorOnTimeout: True
        SubscriptionId: 07c2c5fc-5da6-47de-a2a3-a35a0206ad0f
        Timeout: 00:00:03
        Connection: Mock&lt;iCore.Public.Ftp.IFileTransferConnection:c53e&gt;.Object
        OriginalFileName: 
        Data: 
        ProcessingFilePath: 
        IsImplicitlyCancellable: True
        LocalDirectory: A:\localdir
        ProcessingFileName: 
        OriginalFilePath: 
        DeleteServerFile: True
}
39: Activity [1.8] "MainSequence1" is Canceled
{
    Variables
        configuration: iCore.Workflow.Activities.Filesystem.FileReaderConfiguration
}
40: Activity [1.4] "TryCatch2" scheduled child activity [1.5] "CloseConnection1"
41: Activity [1.5] "CloseConnection1" is Executing
{
    Arguments
        SubscriptionId: 07c2c5fc-5da6-47de-a2a3-a35a0206ad0f
}
42: CustomTrackingRecord [1.5] "iCPSTraceTrackingRecord"
43: Activity [1.5] "CloseConnection1" is Closed
{
    Arguments
        SubscriptionId: 07c2c5fc-5da6-47de-a2a3-a35a0206ad0f
}
44: Activity [1.4] "TryCatch2" is Canceled
45: Activity [1.1] "TryCatch1" scheduled child activity [1.2] "Throw"
46: Activity [1.2] "Throw" is Executing
{
    Arguments
        Exception: Testing.Common.TestException: Test exception
   at System.Activities.Statements.Throw.Execute(CodeActivityContext context)
   at System.Activities.CodeActivity.InternalExecute(ActivityInstance instance, ActivityExecutor executor, BookmarkManager bookmarkManager)
   at System.Activities.ActivityInstance.Execute(ActivityExecutor executor, BookmarkManager bookmarkManager)
   at System.Activities.Runtime.ActivityExecutor.ExecuteActivityWorkItem.ExecuteBody(ActivityExecutor executor, BookmarkManager bookmarkManager, Location resultLocation)
}
47: Activity [1.2] "Throw" is Faulted
{
    Arguments
        Exception: Testing.Common.TestException: Test exception
   at System.Activities.Statements.Throw.Execute(CodeActivityContext context)
   at System.Activities.CodeActivity.InternalExecute(ActivityInstance instance, ActivityExecutor executor, BookmarkManager bookmarkManager)
   at System.Activities.ActivityInstance.Execute(ActivityExecutor executor, BookmarkManager bookmarkManager)
   at System.Activities.Runtime.ActivityExecutor.ExecuteActivityWorkItem.ExecuteBody(ActivityExecutor executor, BookmarkManager bookmarkManager, Location resultLocation)
}
48: Fault source [1.2] "Throw"
49: Fault source [1.2] "Throw"
50: WorkflowInstance "SftpFtpReaderExActivity" Unhandled Exception Source "Throw" Exception &lt;Testing.Common.TestException: Test exception
   at System.Activities.Statements.Throw.Execute(CodeActivityContext context)
   at System.Activities.CodeActivity.InternalExecute(ActivityInstance instance, ActivityExecutor executor, BookmarkManager bookmarkManager)
   at System.Activities.ActivityInstance.Execute(ActivityExecutor executor, BookmarkManager bookmarkManager)
   at System.Activities.Runtime.ActivityExecutor.ExecuteActivityWorkItem.ExecuteBody(ActivityExecutor executor, BookmarkManager bookmarkManager, Location resultLocation)&gt;
51: WorkflowInstance Aborted [SftpFtpReaderExActivity] Reason "Test exception"</StdOut>
      </Output>
    </UnitTestResult>
    <UnitTestResult executionId="6487269a-f9a3-4cfb-bc27-ab5db9b80603" testId="3c497a7f-34ac-d198-48ac-6d1652027cbf" testName="Invoke_NoRenameNoMove_OutArgumentsAsExpected" computerName="ICSWS068" duration="00:00:00.0723261" startTime="2016-08-04T09:59:11.6249446+02:00" endTime="2016-08-04T09:59:11.6992965+02:00" testType="13cdc9d9-ddb5-4fa4-a97d-d965ccfc6d4b" outcome="Passed" testListId="8c84fa94-04c1-424b-9868-57a2d4851a1d" relativeResultsDirectory="6487269a-f9a3-4cfb-bc27-ab5db9b80603">
      <Output>
        <StdOut>Debug Trace:
FileTransferPath.GetDirectoryName: path=a:\directory\path\file.name directorySeparator=
a:\directory\path: FileTransferPath.GetDirectoryName: Path.GetDirectoryName={0}
0: WorkflowInstance "SftpFtpReaderExActivity" is Started
1: Activity [null] "null" scheduled child activity [1] "SftpFtpReaderExActivity"
2: Activity [1] "SftpFtpReaderExActivity" is Executing
{
    Arguments
        LocalFileNameIn: LocalFileNameIn
        RenameFile: False
        MoveFileTo: 
        FilterOptions: IgnoreCase
        ErrorOnTimeout: True
        ScanFilterOptions: FilterOnClientCaseSensitive
        Timeout: 00:00:03
        Filter: [abc]{{1}}
        Connection: Mock&lt;iCore.Public.Ftp.IFileTransferConnection:bddb&gt;.Object
        ScanInterval: 1
        ScanDirectory: ScanDir
        SettleTime: 0
        ScanFilter: *.txt
        LocalDirectory: A:\localdir
        DeleteServerFile: True
}
3: Activity [1] "SftpFtpReaderExActivity" scheduled child activity [1.1] "TryCatch1"
4: Activity [1.1] "TryCatch1" is Executing
{
    Variables
        connection: 866d8d87-a303-404c-84a2-416f0e407e93
}
5: Activity [1.1] "TryCatch1" scheduled child activity [1.4] "TryCatch2"
6: Activity [1.4] "TryCatch2" is Executing
7: Activity [1.4] "TryCatch2" scheduled child activity [1.8] "MainSequence1"
8: Activity [1.8] "MainSequence1" is Executing
{
    Variables
        configuration: iCore.Workflow.Activities.Filesystem.FileReaderConfiguration
}
9: Activity [1.8] "MainSequence1" scheduled child activity [1.50] "CreateConfiguration1"
10: Activity [1.50] "CreateConfiguration1" is Executing
{
    Arguments
        FilterOptions: IgnoreCase
        ScanFilterOptions: FilterOnClientCaseSensitive
        Filter: [abc]{{1}}
        ScanInterval: 1
        ScanDirectory: ScanDir
        SettleTime: 0
        ScanFilter: *.txt
}
11: Activity [1.50] "CreateConfiguration1" is Closed
{
    Arguments
        FilterOptions: IgnoreCase
        ScanFilterOptions: FilterOnClientCaseSensitive
        Filter: [abc]{{1}}
        ScanInterval: 1
        Result: iCore.Workflow.Activities.Filesystem.FileReaderConfiguration
        ScanDirectory: ScanDir
        SettleTime: 0
        ScanFilter: *.txt
}
12: Activity [1.8] "MainSequence1" scheduled child activity [1.43] "StartReaderActivity1"
13: Activity [1.43] "StartReaderActivity1" is Executing
{
    Arguments
        Connection: Mock&lt;iCore.Public.Ftp.IFileTransferConnection:bddb&gt;.Object
        Configuration: iCore.Workflow.Activities.Filesystem.FileReaderConfiguration
        OpenNewConnection: False
}
14: WorkflowInstance "SftpFtpReaderExActivity" is Idle
15: CustomTrackingRecord [1.43] "iCPSTraceTrackingRecord"
16: Activity [1.43] "StartReaderActivity1" is Closed
{
    Arguments
        Connection: Mock&lt;iCore.Public.Ftp.IFileTransferConnection:bddb&gt;.Object
        Result: 866d8d87-a303-404c-84a2-416f0e407e93
        Configuration: iCore.Workflow.Activities.Filesystem.FileReaderConfiguration
        OpenNewConnection: False
}
17: Activity [1.8] "MainSequence1" scheduled child activity [1.9] "OpenNextFile1"
18: Activity [1.9] "OpenNextFile1" is Executing
{
    Arguments
        LocalFileNameIn: LocalFileNameIn
        RenameFile: False
        MoveFileTo: 
        ErrorOnTimeout: True
        SubscriptionId: 866d8d87-a303-404c-84a2-416f0e407e93
        Timeout: 00:00:03
        Connection: Mock&lt;iCore.Public.Ftp.IFileTransferConnection:bddb&gt;.Object
        IsImplicitlyCancellable: True
        LocalDirectory: A:\localdir
        DeleteServerFile: True
}
19: Activity [1.9] "OpenNextFile1" scheduled child activity [1.9.1] "Sequence"
20: Activity [1.9.1] "Sequence" is Executing
21: Activity [1.9.1] "Sequence" scheduled child activity [1.9.13] "Sequence"
22: Activity [1.9.13] "Sequence" is Executing
{
    Variables
        _1a25a75f_79d5_4484_98f9_c744c2b55c4d_301: Mock&lt;System.IO.Stream:5bf8&gt;.Object
        _1a25a75f_79d5_4484_98f9_c744c2b55c4d_302: LocalFileNameIn
        _1a25a75f_79d5_4484_98f9_c744c2b55c4d_303: A:\localdir\LocalFileNameIn
}
23: Activity [1.9.13] "Sequence" scheduled child activity [1.9.93] "InternalGetNextFile1"
24: Activity [1.9.93] "InternalGetNextFile1" is Executing
{
    Arguments
        ErrorOnTimeout: True
        SubscriptionId: 866d8d87-a303-404c-84a2-416f0e407e93
        Timeout: 00:00:03
        IsImplicitlyCancellable: True
}
25: CustomTrackingRecord [1.9.93] "iCPSTraceTrackingRecord"
26: WorkflowInstance "SftpFtpReaderExActivity" is Idle
27: Bookmark "c9fdc164-34d8-4452-94ae-86633519a596" resumed with payload &lt;iCore.Workflow.Activities.Extensions.ItemSubscriptionEventArgs`1[iCore.Common.Utilities.FileSystemWatcher.FileInfoBase]&gt; owner [1.9.93] "InternalGetNextFile1"
28: Activity [1.9.93] "InternalGetNextFile1" is Closed
{
    Arguments
        ErrorOnTimeout: True
        SubscriptionId: 866d8d87-a303-404c-84a2-416f0e407e93
        FileName: file.name
        Timeout: 00:00:03
        IsImplicitlyCancellable: True
        FilePath: a:\directory\path\file.name
}
29: Activity [1.9.13] "Sequence" scheduled child activity [1.9.14] "If"
30: Activity [1.9.14] "If" is Executing
{
    Arguments
        Condition: True
}
31: Activity [1.9.14] "If" scheduled child activity [1.9.18] "TryCatch"
32: Activity [1.9.18] "TryCatch" is Executing
33: Activity [1.9.18] "TryCatch" scheduled child activity [1.9.22] "TrySequence1"
34: Activity [1.9.22] "TrySequence1" is Executing
35: Activity [1.9.22] "TrySequence1" scheduled child activity [1.9.87] "AssignProcessingFileName"
36: Activity [1.9.87] "AssignProcessingFileName" is Executing
{
    Arguments
        Value: file.name
}
37: Activity [1.9.87] "AssignProcessingFileName" is Closed
{
    Arguments
        Value: file.name
        To: file.name
}
38: Activity [1.9.22] "TrySequence1" scheduled child activity [1.9.80] "AssignProcessingFilePath"
39: Activity [1.9.80] "AssignProcessingFilePath" is Executing
{
    Arguments
        Value: a:/directory/path/file.name
}
40: Activity [1.9.80] "AssignProcessingFilePath" is Closed
{
    Arguments
        Value: a:/directory/path/file.name
        To: a:/directory/path/file.name
}
41: Activity [1.9.22] "TrySequence1" scheduled child activity [1.9.68] "IfRenameFile"
42: Activity [1.9.68] "IfRenameFile" is Executing
{
    Arguments
        Condition: False
}
43: Activity [1.9.68] "IfRenameFile" is Closed
{
    Arguments
        Condition: False
}
44: Activity [1.9.22] "TrySequence1" scheduled child activity [1.9.62] "SetLocalFileName"
45: Activity [1.9.62] "SetLocalFileName" is Executing
{
    Arguments
        Value: LocalFileNameIn
}
46: Activity [1.9.62] "SetLocalFileName" is Closed
{
    Arguments
        Value: LocalFileNameIn
        To: LocalFileNameIn
}
47: Activity [1.9.22] "TrySequence1" scheduled child activity [1.9.56] "SetLocalFilePath"
48: Activity [1.9.56] "SetLocalFilePath" is Executing
{
    Arguments
        Value: A:\localdir\LocalFileNameIn
}
49: Activity [1.9.56] "SetLocalFilePath" is Closed
{
    Arguments
        Value: A:\localdir\LocalFileNameIn
        To: A:\localdir\LocalFileNameIn
}
50: Activity [1.9.22] "TrySequence1" scheduled child activity [1.9.48] "OpenFile1"
51: Activity [1.9.48] "OpenFile1" is Executing
{
    Arguments
        FileAccess: ReadWrite
        FileMode: Create
        FileName: A:\localdir\LocalFileNameIn
        FileShare: None
}
52: WorkflowInstance "SftpFtpReaderExActivity" is Idle
53: Activity [1.9.48] "OpenFile1" is Closed
{
    Arguments
        FileAccess: ReadWrite
        FileMode: Create
        FileName: A:\localdir\LocalFileNameIn
        Result: Mock&lt;System.IO.Stream:5bf8&gt;.Object
        FileShare: None
}
54: Activity [1.9.22] "TrySequence1" scheduled child activity [1.9.42] "DownloadSftpFtpFileToStream1"
55: Activity [1.9.42] "DownloadSftpFtpFileToStream1" is Executing
{
    Arguments
        DestinationStream: Mock&lt;System.IO.Stream:5bf8&gt;.Object
        SourceFilename: a:/directory/path/file.name
        Connection: Mock&lt;iCore.Public.Ftp.IFileTransferConnection:bddb&gt;.Object
}
56: WorkflowInstance "SftpFtpReaderExActivity" is Idle
57: Activity [1.9.42] "DownloadSftpFtpFileToStream1" is Closed
{
    Arguments
        DestinationStream: Mock&lt;System.IO.Stream:5bf8&gt;.Object
        SourceFilename: a:/directory/path/file.name
        Connection: Mock&lt;iCore.Public.Ftp.IFileTransferConnection:bddb&gt;.Object
}
58: Activity [1.9.22] "TrySequence1" scheduled child activity [1.9.33] "If"
59: Activity [1.9.33] "If" is Executing
{
    Arguments
        Condition: True
}
60: Activity [1.9.33] "If" scheduled child activity [1.9.36] "DeleteSftpFtpFile1"
61: Activity [1.9.36] "DeleteSftpFtpFile1" is Executing
{
    Arguments
        Connection: Mock&lt;iCore.Public.Ftp.IFileTransferConnection:bddb&gt;.Object
        Filename: a:/directory/path/file.name
        ErrorOnNoFile: False
}
62: WorkflowInstance "SftpFtpReaderExActivity" is Idle
63: Activity [1.9.36] "DeleteSftpFtpFile1" is Closed
{
    Arguments
        Connection: Mock&lt;iCore.Public.Ftp.IFileTransferConnection:bddb&gt;.Object
        Filename: a:/directory/path/file.name
        ErrorOnNoFile: False
}
64: Activity [1.9.33] "If" is Closed
{
    Arguments
        Condition: True
}
65: Activity [1.9.22] "TrySequence1" scheduled child activity [1.9.28] "AssignLocalFileNameOut"
66: Activity [1.9.28] "AssignLocalFileNameOut" is Executing
{
    Arguments
        Value: LocalFileNameIn
}
67: Activity [1.9.28] "AssignLocalFileNameOut" is Closed
{
    Arguments
        Value: LocalFileNameIn
        To: LocalFileNameIn
}
68: Activity [1.9.22] "TrySequence1" scheduled child activity [1.9.23] "AssignLocalFilePath"
69: Activity [1.9.23] "AssignLocalFilePath" is Executing
{
    Arguments
        Value: A:\localdir\LocalFileNameIn
}
70: Activity [1.9.23] "AssignLocalFilePath" is Closed
{
    Arguments
        Value: A:\localdir\LocalFileNameIn
        To: A:\localdir\LocalFileNameIn
}
71: Activity [1.9.22] "TrySequence1" is Closed
72: Activity [1.9.18] "TryCatch" scheduled child activity [1.9.19] "FinallySequence1"
73: Activity [1.9.19] "FinallySequence1" is Executing
74: Activity [1.9.19] "FinallySequence1" scheduled child activity [1.9.20] "CloseStream1"
75: Activity [1.9.20] "CloseStream1" is Executing
{
    Arguments
        Stream: Mock&lt;System.IO.Stream:5bf8&gt;.Object
}
76: WorkflowInstance "SftpFtpReaderExActivity" is Idle
77: Activity [1.9.20] "CloseStream1" is Closed
{
    Arguments
        Stream: Mock&lt;System.IO.Stream:5bf8&gt;.Object
}
78: Activity [1.9.19] "FinallySequence1" is Closed
79: Activity [1.9.18] "TryCatch" is Closed
80: Activity [1.9.14] "If" is Closed
{
    Arguments
        Condition: True
}
81: Activity [1.9.13] "Sequence" is Closed
{
    Variables
        _1a25a75f_79d5_4484_98f9_c744c2b55c4d_304: Mock&lt;System.IO.Stream:5bf8&gt;.Object
        _1a25a75f_79d5_4484_98f9_c744c2b55c4d_305: LocalFileNameIn
        _1a25a75f_79d5_4484_98f9_c744c2b55c4d_306: A:\localdir\LocalFileNameIn
}
82: Activity [1.9.1] "Sequence" scheduled child activity [1.9.2] "OpenIfFileDownloaded1"
83: Activity [1.9.2] "OpenIfFileDownloaded1" is Executing
{
    Arguments
        Condition: True
}
84: Activity [1.9.2] "OpenIfFileDownloaded1" scheduled child activity [1.9.5] "OpenFile2"
85: Activity [1.9.5] "OpenFile2" is Executing
{
    Arguments
        FileAccess: ReadWrite
        FileMode: Open
        FileName: A:\localdir\LocalFileNameIn
        FileShare: None
}
86: WorkflowInstance "SftpFtpReaderExActivity" is Idle
87: Activity [1.9.5] "OpenFile2" is Closed
{
    Arguments
        FileAccess: ReadWrite
        FileMode: Open
        FileName: A:\localdir\LocalFileNameIn
        Result: Mock&lt;System.IO.Stream:5bf8&gt;.Object
        FileShare: None
}
88: Activity [1.9.2] "OpenIfFileDownloaded1" is Closed
{
    Arguments
        Condition: True
}
89: Activity [1.9.1] "Sequence" is Closed
90: Activity [1.9] "OpenNextFile1" is Closed
{
    Arguments
        LocalFileNameIn: LocalFileNameIn
        LocalFileNameOut: LocalFileNameIn
        RenameFile: False
        MoveFileTo: 
        LocalFilePath: A:\localdir\LocalFileNameIn
        ErrorOnTimeout: True
        SubscriptionId: 866d8d87-a303-404c-84a2-416f0e407e93
        Timeout: 00:00:03
        Connection: Mock&lt;iCore.Public.Ftp.IFileTransferConnection:bddb&gt;.Object
        OriginalFileName: file.name
        Data: Mock&lt;System.IO.Stream:5bf8&gt;.Object
        ProcessingFilePath: a:/directory/path/file.name
        IsImplicitlyCancellable: True
        LocalDirectory: A:\localdir
        ProcessingFileName: file.name
        OriginalFilePath: a:\directory\path\file.name
        DeleteServerFile: True
}
91: Activity [1.8] "MainSequence1" is Closed
{
    Variables
        configuration: iCore.Workflow.Activities.Filesystem.FileReaderConfiguration
}
92: Activity [1.4] "TryCatch2" scheduled child activity [1.5] "CloseConnection1"
93: Activity [1.5] "CloseConnection1" is Executing
{
    Arguments
        SubscriptionId: 866d8d87-a303-404c-84a2-416f0e407e93
}
94: CustomTrackingRecord [1.5] "iCPSTraceTrackingRecord"
95: Activity [1.5] "CloseConnection1" is Closed
{
    Arguments
        SubscriptionId: 866d8d87-a303-404c-84a2-416f0e407e93
}
96: Activity [1.4] "TryCatch2" is Closed
97: Activity [1.1] "TryCatch1" is Closed
{
    Variables
        connection: 866d8d87-a303-404c-84a2-416f0e407e93
}
98: Activity [1] "SftpFtpReaderExActivity" is Closed
{
    Arguments
        LocalFileNameIn: LocalFileNameIn
        LocalFileNameOut: LocalFileNameIn
        RenameFile: False
        MoveFileTo: 
        LocalFilePath: A:\localdir\LocalFileNameIn
        FilterOptions: IgnoreCase
        ErrorOnTimeout: True
        ScanFilterOptions: FilterOnClientCaseSensitive
        Timeout: 00:00:03
        Filter: [abc]{{1}}
        Connection: Mock&lt;iCore.Public.Ftp.IFileTransferConnection:bddb&gt;.Object
        OriginalFileName: file.name
        ScanInterval: 1
        ScanDirectory: ScanDir
        SettleTime: 0
        Data: Mock&lt;System.IO.Stream:5bf8&gt;.Object
        ProcessingFilePath: a:/directory/path/file.name
        ScanFilter: *.txt
        LocalDirectory: A:\localdir
        ProcessingFileName: file.name
        OriginalFilePath: a:\directory\path\file.name
        DeleteServerFile: True
}
99: WorkflowInstance "SftpFtpReaderExActivity" is Completed</StdOut>
      </Output>
    </UnitTestResult>
    <UnitTestResult executionId="1a2105c3-b93c-4841-95df-8eb2b5967eec" testId="364a2917-1c50-a6a3-f41a-99750feef765" testName="Invoke_RenameNoMove_OutArgumentsAsExpected" computerName="ICSWS068" duration="00:00:00.0682265" startTime="2016-08-04T09:59:11.7027990+02:00" endTime="2016-08-04T09:59:11.7725395+02:00" testType="13cdc9d9-ddb5-4fa4-a97d-d965ccfc6d4b" outcome="Passed" testListId="8c84fa94-04c1-424b-9868-57a2d4851a1d" relativeResultsDirectory="1a2105c3-b93c-4841-95df-8eb2b5967eec">
      <Output>
        <StdOut>Debug Trace:
FileTransferPath.GetDirectoryName: path=a:\directory\path\file.name directorySeparator=
a:\directory\path: FileTransferPath.GetDirectoryName: Path.GetDirectoryName={0}
0: WorkflowInstance "SftpFtpReaderExActivity" is Started
1: Activity [null] "null" scheduled child activity [1] "SftpFtpReaderExActivity"
2: Activity [1] "SftpFtpReaderExActivity" is Executing
{
    Arguments
        LocalFileNameIn: LocalFileNameIn
        RenameFile: True
        MoveFileTo: 
        FilterOptions: IgnoreCase
        ErrorOnTimeout: True
        ScanFilterOptions: FilterOnClientCaseSensitive
        Timeout: 00:00:03
        Filter: [abc]{{1}}
        Connection: Mock&lt;iCore.Public.Ftp.IFileTransferConnection:3fd7&gt;.Object
        ScanInterval: 1
        ScanDirectory: ScanDir
        SettleTime: 0
        ScanFilter: *.txt
        LocalDirectory: A:\localdir
        DeleteServerFile: True
}
3: Activity [1] "SftpFtpReaderExActivity" scheduled child activity [1.1] "TryCatch1"
4: Activity [1.1] "TryCatch1" is Executing
{
    Variables
        connection: 66461d54-e74e-4094-95cb-646e9fbcfe3e
}
5: Activity [1.1] "TryCatch1" scheduled child activity [1.4] "TryCatch2"
6: Activity [1.4] "TryCatch2" is Executing
7: Activity [1.4] "TryCatch2" scheduled child activity [1.8] "MainSequence1"
8: Activity [1.8] "MainSequence1" is Executing
{
    Variables
        configuration: iCore.Workflow.Activities.Filesystem.FileReaderConfiguration
}
9: Activity [1.8] "MainSequence1" scheduled child activity [1.50] "CreateConfiguration1"
10: Activity [1.50] "CreateConfiguration1" is Executing
{
    Arguments
        FilterOptions: IgnoreCase
        ScanFilterOptions: FilterOnClientCaseSensitive
        Filter: [abc]{{1}}
        ScanInterval: 1
        ScanDirectory: ScanDir
        SettleTime: 0
        ScanFilter: *.txt
}
11: Activity [1.50] "CreateConfiguration1" is Closed
{
    Arguments
        FilterOptions: IgnoreCase
        ScanFilterOptions: FilterOnClientCaseSensitive
        Filter: [abc]{{1}}
        ScanInterval: 1
        Result: iCore.Workflow.Activities.Filesystem.FileReaderConfiguration
        ScanDirectory: ScanDir
        SettleTime: 0
        ScanFilter: *.txt
}
12: Activity [1.8] "MainSequence1" scheduled child activity [1.43] "StartReaderActivity1"
13: Activity [1.43] "StartReaderActivity1" is Executing
{
    Arguments
        Connection: Mock&lt;iCore.Public.Ftp.IFileTransferConnection:3fd7&gt;.Object
        Configuration: iCore.Workflow.Activities.Filesystem.FileReaderConfiguration
        OpenNewConnection: False
}
14: WorkflowInstance "SftpFtpReaderExActivity" is Idle
15: CustomTrackingRecord [1.43] "iCPSTraceTrackingRecord"
16: Activity [1.43] "StartReaderActivity1" is Closed
{
    Arguments
        Connection: Mock&lt;iCore.Public.Ftp.IFileTransferConnection:3fd7&gt;.Object
        Result: 66461d54-e74e-4094-95cb-646e9fbcfe3e
        Configuration: iCore.Workflow.Activities.Filesystem.FileReaderConfiguration
        OpenNewConnection: False
}
17: Activity [1.8] "MainSequence1" scheduled child activity [1.9] "OpenNextFile1"
18: Activity [1.9] "OpenNextFile1" is Executing
{
    Arguments
        LocalFileNameIn: LocalFileNameIn
        RenameFile: True
        MoveFileTo: 
        ErrorOnTimeout: True
        SubscriptionId: 66461d54-e74e-4094-95cb-646e9fbcfe3e
        Timeout: 00:00:03
        Connection: Mock&lt;iCore.Public.Ftp.IFileTransferConnection:3fd7&gt;.Object
        IsImplicitlyCancellable: True
        LocalDirectory: A:\localdir
        DeleteServerFile: True
}
19: Activity [1.9] "OpenNextFile1" scheduled child activity [1.9.1] "Sequence"
20: Activity [1.9.1] "Sequence" is Executing
21: Activity [1.9.1] "Sequence" scheduled child activity [1.9.13] "Sequence"
22: Activity [1.9.13] "Sequence" is Executing
{
    Variables
        _1a25a75f_79d5_4484_98f9_c744c2b55c4d_307: Mock&lt;System.IO.Stream:d817&gt;.Object
        _1a25a75f_79d5_4484_98f9_c744c2b55c4d_308: LocalFileNameIn
        _1a25a75f_79d5_4484_98f9_c744c2b55c4d_309: A:\localdir\LocalFileNameIn
}
23: Activity [1.9.13] "Sequence" scheduled child activity [1.9.93] "InternalGetNextFile1"
24: Activity [1.9.93] "InternalGetNextFile1" is Executing
{
    Arguments
        ErrorOnTimeout: True
        SubscriptionId: 66461d54-e74e-4094-95cb-646e9fbcfe3e
        Timeout: 00:00:03
        IsImplicitlyCancellable: True
}
25: CustomTrackingRecord [1.9.93] "iCPSTraceTrackingRecord"
26: WorkflowInstance "SftpFtpReaderExActivity" is Idle
27: Bookmark "8b454804-3d42-46a4-aee8-d68836e139da" resumed with payload &lt;iCore.Workflow.Activities.Extensions.ItemSubscriptionEventArgs`1[iCore.Common.Utilities.FileSystemWatcher.FileInfoBase]&gt; owner [1.9.93] "InternalGetNextFile1"
28: Activity [1.9.93] "InternalGetNextFile1" is Closed
{
    Arguments
        ErrorOnTimeout: True
        SubscriptionId: 66461d54-e74e-4094-95cb-646e9fbcfe3e
        FileName: file.name
        Timeout: 00:00:03
        IsImplicitlyCancellable: True
        FilePath: a:\directory\path\file.name
}
29: Activity [1.9.13] "Sequence" scheduled child activity [1.9.14] "If"
30: Activity [1.9.14] "If" is Executing
{
    Arguments
        Condition: True
}
31: Activity [1.9.14] "If" scheduled child activity [1.9.18] "TryCatch"
32: Activity [1.9.18] "TryCatch" is Executing
33: Activity [1.9.18] "TryCatch" scheduled child activity [1.9.22] "TrySequence1"
34: Activity [1.9.22] "TrySequence1" is Executing
35: Activity [1.9.22] "TrySequence1" scheduled child activity [1.9.87] "AssignProcessingFileName"
36: Activity [1.9.87] "AssignProcessingFileName" is Executing
{
    Arguments
        Value: file.name_temp
}
37: Activity [1.9.87] "AssignProcessingFileName" is Closed
{
    Arguments
        Value: file.name_temp
        To: file.name_temp
}
38: Activity [1.9.22] "TrySequence1" scheduled child activity [1.9.80] "AssignProcessingFilePath"
39: Activity [1.9.80] "AssignProcessingFilePath" is Executing
{
    Arguments
        Value: a:/directory/path/file.name_temp
}
40: Activity [1.9.80] "AssignProcessingFilePath" is Closed
{
    Arguments
        Value: a:/directory/path/file.name_temp
        To: a:/directory/path/file.name_temp
}
41: Activity [1.9.22] "TrySequence1" scheduled child activity [1.9.68] "IfRenameFile"
42: Activity [1.9.68] "IfRenameFile" is Executing
{
    Arguments
        Condition: True
}
43: Activity [1.9.68] "IfRenameFile" scheduled child activity [1.9.72] "RenameSftpFtpFile1"
44: Activity [1.9.72] "RenameSftpFtpFile1" is Executing
{
    Arguments
        FromFilename: a:\directory\path\file.name
        Overwrite: True
        ToFilename: a:/directory/path/file.name_temp
        Connection: Mock&lt;iCore.Public.Ftp.IFileTransferConnection:3fd7&gt;.Object
}
45: WorkflowInstance "SftpFtpReaderExActivity" is Idle
46: Activity [1.9.72] "RenameSftpFtpFile1" is Closed
{
    Arguments
        FromFilename: a:\directory\path\file.name
        Overwrite: True
        ToFilename: a:/directory/path/file.name_temp
        Connection: Mock&lt;iCore.Public.Ftp.IFileTransferConnection:3fd7&gt;.Object
}
47: Activity [1.9.68] "IfRenameFile" is Closed
{
    Arguments
        Condition: True
}
48: Activity [1.9.22] "TrySequence1" scheduled child activity [1.9.62] "SetLocalFileName"
49: Activity [1.9.62] "SetLocalFileName" is Executing
{
    Arguments
        Value: LocalFileNameIn
}
50: Activity [1.9.62] "SetLocalFileName" is Closed
{
    Arguments
        Value: LocalFileNameIn
        To: LocalFileNameIn
}
51: Activity [1.9.22] "TrySequence1" scheduled child activity [1.9.56] "SetLocalFilePath"
52: Activity [1.9.56] "SetLocalFilePath" is Executing
{
    Arguments
        Value: A:\localdir\LocalFileNameIn
}
53: Activity [1.9.56] "SetLocalFilePath" is Closed
{
    Arguments
        Value: A:\localdir\LocalFileNameIn
        To: A:\localdir\LocalFileNameIn
}
54: Activity [1.9.22] "TrySequence1" scheduled child activity [1.9.48] "OpenFile1"
55: Activity [1.9.48] "OpenFile1" is Executing
{
    Arguments
        FileAccess: ReadWrite
        FileMode: Create
        FileName: A:\localdir\LocalFileNameIn
        FileShare: None
}
56: WorkflowInstance "SftpFtpReaderExActivity" is Idle
57: Activity [1.9.48] "OpenFile1" is Closed
{
    Arguments
        FileAccess: ReadWrite
        FileMode: Create
        FileName: A:\localdir\LocalFileNameIn
        Result: Mock&lt;System.IO.Stream:d817&gt;.Object
        FileShare: None
}
58: Activity [1.9.22] "TrySequence1" scheduled child activity [1.9.42] "DownloadSftpFtpFileToStream1"
59: Activity [1.9.42] "DownloadSftpFtpFileToStream1" is Executing
{
    Arguments
        DestinationStream: Mock&lt;System.IO.Stream:d817&gt;.Object
        SourceFilename: a:/directory/path/file.name_temp
        Connection: Mock&lt;iCore.Public.Ftp.IFileTransferConnection:3fd7&gt;.Object
}
60: WorkflowInstance "SftpFtpReaderExActivity" is Idle
61: Activity [1.9.42] "DownloadSftpFtpFileToStream1" is Closed
{
    Arguments
        DestinationStream: Mock&lt;System.IO.Stream:d817&gt;.Object
        SourceFilename: a:/directory/path/file.name_temp
        Connection: Mock&lt;iCore.Public.Ftp.IFileTransferConnection:3fd7&gt;.Object
}
62: Activity [1.9.22] "TrySequence1" scheduled child activity [1.9.33] "If"
63: Activity [1.9.33] "If" is Executing
{
    Arguments
        Condition: True
}
64: Activity [1.9.33] "If" scheduled child activity [1.9.36] "DeleteSftpFtpFile1"
65: Activity [1.9.36] "DeleteSftpFtpFile1" is Executing
{
    Arguments
        Connection: Mock&lt;iCore.Public.Ftp.IFileTransferConnection:3fd7&gt;.Object
        Filename: a:/directory/path/file.name_temp
        ErrorOnNoFile: False
}
66: WorkflowInstance "SftpFtpReaderExActivity" is Idle
67: Activity [1.9.36] "DeleteSftpFtpFile1" is Closed
{
    Arguments
        Connection: Mock&lt;iCore.Public.Ftp.IFileTransferConnection:3fd7&gt;.Object
        Filename: a:/directory/path/file.name_temp
        ErrorOnNoFile: False
}
68: Activity [1.9.33] "If" is Closed
{
    Arguments
        Condition: True
}
69: Activity [1.9.22] "TrySequence1" scheduled child activity [1.9.28] "AssignLocalFileNameOut"
70: Activity [1.9.28] "AssignLocalFileNameOut" is Executing
{
    Arguments
        Value: LocalFileNameIn
}
71: Activity [1.9.28] "AssignLocalFileNameOut" is Closed
{
    Arguments
        Value: LocalFileNameIn
        To: LocalFileNameIn
}
72: Activity [1.9.22] "TrySequence1" scheduled child activity [1.9.23] "AssignLocalFilePath"
73: Activity [1.9.23] "AssignLocalFilePath" is Executing
{
    Arguments
        Value: A:\localdir\LocalFileNameIn
}
74: Activity [1.9.23] "AssignLocalFilePath" is Closed
{
    Arguments
        Value: A:\localdir\LocalFileNameIn
        To: A:\localdir\LocalFileNameIn
}
75: Activity [1.9.22] "TrySequence1" is Closed
76: Activity [1.9.18] "TryCatch" scheduled child activity [1.9.19] "FinallySequence1"
77: Activity [1.9.19] "FinallySequence1" is Executing
78: Activity [1.9.19] "FinallySequence1" scheduled child activity [1.9.20] "CloseStream1"
79: Activity [1.9.20] "CloseStream1" is Executing
{
    Arguments
        Stream: Mock&lt;System.IO.Stream:d817&gt;.Object
}
80: WorkflowInstance "SftpFtpReaderExActivity" is Idle
81: Activity [1.9.20] "CloseStream1" is Closed
{
    Arguments
        Stream: Mock&lt;System.IO.Stream:d817&gt;.Object
}
82: Activity [1.9.19] "FinallySequence1" is Closed
83: Activity [1.9.18] "TryCatch" is Closed
84: Activity [1.9.14] "If" is Closed
{
    Arguments
        Condition: True
}
85: Activity [1.9.13] "Sequence" is Closed
{
    Variables
        _1a25a75f_79d5_4484_98f9_c744c2b55c4d_310: Mock&lt;System.IO.Stream:d817&gt;.Object
        _1a25a75f_79d5_4484_98f9_c744c2b55c4d_311: LocalFileNameIn
        _1a25a75f_79d5_4484_98f9_c744c2b55c4d_312: A:\localdir\LocalFileNameIn
}
86: Activity [1.9.1] "Sequence" scheduled child activity [1.9.2] "OpenIfFileDownloaded1"
87: Activity [1.9.2] "OpenIfFileDownloaded1" is Executing
{
    Arguments
        Condition: True
}
88: Activity [1.9.2] "OpenIfFileDownloaded1" scheduled child activity [1.9.5] "OpenFile2"
89: Activity [1.9.5] "OpenFile2" is Executing
{
    Arguments
        FileAccess: ReadWrite
        FileMode: Open
        FileName: A:\localdir\LocalFileNameIn
        FileShare: None
}
90: WorkflowInstance "SftpFtpReaderExActivity" is Idle
91: Activity [1.9.5] "OpenFile2" is Closed
{
    Arguments
        FileAccess: ReadWrite
        FileMode: Open
        FileName: A:\localdir\LocalFileNameIn
        Result: Mock&lt;System.IO.Stream:d817&gt;.Object
        FileShare: None
}
92: Activity [1.9.2] "OpenIfFileDownloaded1" is Closed
{
    Arguments
        Condition: True
}
93: Activity [1.9.1] "Sequence" is Closed
94: Activity [1.9] "OpenNextFile1" is Closed
{
    Arguments
        LocalFileNameIn: LocalFileNameIn
        LocalFileNameOut: LocalFileNameIn
        RenameFile: True
        MoveFileTo: 
        LocalFilePath: A:\localdir\LocalFileNameIn
        ErrorOnTimeout: True
        SubscriptionId: 66461d54-e74e-4094-95cb-646e9fbcfe3e
        Timeout: 00:00:03
        Connection: Mock&lt;iCore.Public.Ftp.IFileTransferConnection:3fd7&gt;.Object
        OriginalFileName: file.name
        Data: Mock&lt;System.IO.Stream:d817&gt;.Object
        ProcessingFilePath: a:/directory/path/file.name_temp
        IsImplicitlyCancellable: True
        LocalDirectory: A:\localdir
        ProcessingFileName: file.name_temp
        OriginalFilePath: a:\directory\path\file.name
        DeleteServerFile: True
}
95: Activity [1.8] "MainSequence1" is Closed
{
    Variables
        configuration: iCore.Workflow.Activities.Filesystem.FileReaderConfiguration
}
96: Activity [1.4] "TryCatch2" scheduled child activity [1.5] "CloseConnection1"
97: Activity [1.5] "CloseConnection1" is Executing
{
    Arguments
        SubscriptionId: 66461d54-e74e-4094-95cb-646e9fbcfe3e
}
98: CustomTrackingRecord [1.5] "iCPSTraceTrackingRecord"
99: Activity [1.5] "CloseConnection1" is Closed
{
    Arguments
        SubscriptionId: 66461d54-e74e-4094-95cb-646e9fbcfe3e
}
100: Activity [1.4] "TryCatch2" is Closed
101: Activity [1.1] "TryCatch1" is Closed
{
    Variables
        connection: 66461d54-e74e-4094-95cb-646e9fbcfe3e
}
102: Activity [1] "SftpFtpReaderExActivity" is Closed
{
    Arguments
        LocalFileNameIn: LocalFileNameIn
        LocalFileNameOut: LocalFileNameIn
        RenameFile: True
        MoveFileTo: 
        LocalFilePath: A:\localdir\LocalFileNameIn
        FilterOptions: IgnoreCase
        ErrorOnTimeout: True
        ScanFilterOptions: FilterOnClientCaseSensitive
        Timeout: 00:00:03
        Filter: [abc]{{1}}
        Connection: Mock&lt;iCore.Public.Ftp.IFileTransferConnection:3fd7&gt;.Object
        OriginalFileName: file.name
        ScanInterval: 1
        ScanDirectory: ScanDir
        SettleTime: 0
        Data: Mock&lt;System.IO.Stream:d817&gt;.Object
        ProcessingFilePath: a:/directory/path/file.name_temp
        ScanFilter: *.txt
        LocalDirectory: A:\localdir
        ProcessingFileName: file.name_temp
        OriginalFilePath: a:\directory\path\file.name
        DeleteServerFile: True
}
103: WorkflowInstance "SftpFtpReaderExActivity" is Completed</StdOut>
      </Output>
    </UnitTestResult>
    <UnitTestResult executionId="d482dce5-9665-4602-a3ce-14c11a095b33" testId="93cd613a-4b60-a252-ceb3-80cae37a5bf3" testName="Invoke_RenameMove_OutArgumentsAsExpected" computerName="ICSWS068" duration="00:00:00.0690224" startTime="2016-08-04T09:59:11.7760415+02:00" endTime="2016-08-04T09:59:11.8466737+02:00" testType="13cdc9d9-ddb5-4fa4-a97d-d965ccfc6d4b" outcome="Passed" testListId="8c84fa94-04c1-424b-9868-57a2d4851a1d" relativeResultsDirectory="d482dce5-9665-4602-a3ce-14c11a095b33">
      <Output>
        <StdOut>Debug Trace:
0: WorkflowInstance "SftpFtpReaderExActivity" is Started
1: Activity [null] "null" scheduled child activity [1] "SftpFtpReaderExActivity"
2: Activity [1] "SftpFtpReaderExActivity" is Executing
{
    Arguments
        LocalFileNameIn: LocalFileNameIn
        RenameFile: True
        MoveFileTo: MoveToDir
        FilterOptions: IgnoreCase
        ErrorOnTimeout: True
        ScanFilterOptions: FilterOnClientCaseSensitive
        Timeout: 00:00:03
        Filter: [abc]{{1}}
        Connection: Mock&lt;iCore.Public.Ftp.IFileTransferConnection:c165&gt;.Object
        ScanInterval: 1
        ScanDirectory: ScanDir
        SettleTime: 0
        ScanFilter: *.txt
        LocalDirectory: A:\localdir
        DeleteServerFile: True
}
3: Activity [1] "SftpFtpReaderExActivity" scheduled child activity [1.1] "TryCatch1"
4: Activity [1.1] "TryCatch1" is Executing
{
    Variables
        connection: 35769a24-5c83-462d-85ab-358b0109ba87
}
5: Activity [1.1] "TryCatch1" scheduled child activity [1.4] "TryCatch2"
6: Activity [1.4] "TryCatch2" is Executing
7: Activity [1.4] "TryCatch2" scheduled child activity [1.8] "MainSequence1"
8: Activity [1.8] "MainSequence1" is Executing
{
    Variables
        configuration: iCore.Workflow.Activities.Filesystem.FileReaderConfiguration
}
9: Activity [1.8] "MainSequence1" scheduled child activity [1.50] "CreateConfiguration1"
10: Activity [1.50] "CreateConfiguration1" is Executing
{
    Arguments
        FilterOptions: IgnoreCase
        ScanFilterOptions: FilterOnClientCaseSensitive
        Filter: [abc]{{1}}
        ScanInterval: 1
        ScanDirectory: ScanDir
        SettleTime: 0
        ScanFilter: *.txt
}
11: Activity [1.50] "CreateConfiguration1" is Closed
{
    Arguments
        FilterOptions: IgnoreCase
        ScanFilterOptions: FilterOnClientCaseSensitive
        Filter: [abc]{{1}}
        ScanInterval: 1
        Result: iCore.Workflow.Activities.Filesystem.FileReaderConfiguration
        ScanDirectory: ScanDir
        SettleTime: 0
        ScanFilter: *.txt
}
12: Activity [1.8] "MainSequence1" scheduled child activity [1.43] "StartReaderActivity1"
13: Activity [1.43] "StartReaderActivity1" is Executing
{
    Arguments
        Connection: Mock&lt;iCore.Public.Ftp.IFileTransferConnection:c165&gt;.Object
        Configuration: iCore.Workflow.Activities.Filesystem.FileReaderConfiguration
        OpenNewConnection: False
}
14: WorkflowInstance "SftpFtpReaderExActivity" is Idle
15: CustomTrackingRecord [1.43] "iCPSTraceTrackingRecord"
16: Activity [1.43] "StartReaderActivity1" is Closed
{
    Arguments
        Connection: Mock&lt;iCore.Public.Ftp.IFileTransferConnection:c165&gt;.Object
        Result: 35769a24-5c83-462d-85ab-358b0109ba87
        Configuration: iCore.Workflow.Activities.Filesystem.FileReaderConfiguration
        OpenNewConnection: False
}
17: Activity [1.8] "MainSequence1" scheduled child activity [1.9] "OpenNextFile1"
18: Activity [1.9] "OpenNextFile1" is Executing
{
    Arguments
        LocalFileNameIn: LocalFileNameIn
        RenameFile: True
        MoveFileTo: MoveToDir
        ErrorOnTimeout: True
        SubscriptionId: 35769a24-5c83-462d-85ab-358b0109ba87
        Timeout: 00:00:03
        Connection: Mock&lt;iCore.Public.Ftp.IFileTransferConnection:c165&gt;.Object
        IsImplicitlyCancellable: True
        LocalDirectory: A:\localdir
        DeleteServerFile: True
}
19: Activity [1.9] "OpenNextFile1" scheduled child activity [1.9.1] "Sequence"
20: Activity [1.9.1] "Sequence" is Executing
21: Activity [1.9.1] "Sequence" scheduled child activity [1.9.13] "Sequence"
22: Activity [1.9.13] "Sequence" is Executing
{
    Variables
        _1a25a75f_79d5_4484_98f9_c744c2b55c4d_313: Mock&lt;System.IO.Stream:6952&gt;.Object
        _1a25a75f_79d5_4484_98f9_c744c2b55c4d_314: LocalFileNameIn
        _1a25a75f_79d5_4484_98f9_c744c2b55c4d_315: A:\localdir\LocalFileNameIn
}
23: Activity [1.9.13] "Sequence" scheduled child activity [1.9.93] "InternalGetNextFile1"
24: Activity [1.9.93] "InternalGetNextFile1" is Executing
{
    Arguments
        ErrorOnTimeout: True
        SubscriptionId: 35769a24-5c83-462d-85ab-358b0109ba87
        Timeout: 00:00:03
        IsImplicitlyCancellable: True
}
25: CustomTrackingRecord [1.9.93] "iCPSTraceTrackingRecord"
26: WorkflowInstance "SftpFtpReaderExActivity" is Idle
27: Bookmark "6f4d7a49-1d8d-4e92-9023-919b717d5a31" resumed with payload &lt;iCore.Workflow.Activities.Extensions.ItemSubscriptionEventArgs`1[iCore.Common.Utilities.FileSystemWatcher.FileInfoBase]&gt; owner [1.9.93] "InternalGetNextFile1"
28: Activity [1.9.93] "InternalGetNextFile1" is Closed
{
    Arguments
        ErrorOnTimeout: True
        SubscriptionId: 35769a24-5c83-462d-85ab-358b0109ba87
        FileName: file.name
        Timeout: 00:00:03
        IsImplicitlyCancellable: True
        FilePath: a:\directory\path\file.name
}
29: Activity [1.9.13] "Sequence" scheduled child activity [1.9.14] "If"
30: Activity [1.9.14] "If" is Executing
{
    Arguments
        Condition: True
}
31: Activity [1.9.14] "If" scheduled child activity [1.9.18] "TryCatch"
32: Activity [1.9.18] "TryCatch" is Executing
33: Activity [1.9.18] "TryCatch" scheduled child activity [1.9.22] "TrySequence1"
34: Activity [1.9.22] "TrySequence1" is Executing
35: Activity [1.9.22] "TrySequence1" scheduled child activity [1.9.87] "AssignProcessingFileName"
36: Activity [1.9.87] "AssignProcessingFileName" is Executing
{
    Arguments
        Value: file.name_temp
}
37: Activity [1.9.87] "AssignProcessingFileName" is Closed
{
    Arguments
        Value: file.name_temp
        To: file.name_temp
}
38: Activity [1.9.22] "TrySequence1" scheduled child activity [1.9.80] "AssignProcessingFilePath"
39: Activity [1.9.80] "AssignProcessingFilePath" is Executing
{
    Arguments
        Value: MoveToDir/file.name_temp
}
40: Activity [1.9.80] "AssignProcessingFilePath" is Closed
{
    Arguments
        Value: MoveToDir/file.name_temp
        To: MoveToDir/file.name_temp
}
41: Activity [1.9.22] "TrySequence1" scheduled child activity [1.9.68] "IfRenameFile"
42: Activity [1.9.68] "IfRenameFile" is Executing
{
    Arguments
        Condition: True
}
43: Activity [1.9.68] "IfRenameFile" scheduled child activity [1.9.72] "RenameSftpFtpFile1"
44: Activity [1.9.72] "RenameSftpFtpFile1" is Executing
{
    Arguments
        FromFilename: a:\directory\path\file.name
        Overwrite: True
        ToFilename: MoveToDir/file.name_temp
        Connection: Mock&lt;iCore.Public.Ftp.IFileTransferConnection:c165&gt;.Object
}
45: WorkflowInstance "SftpFtpReaderExActivity" is Idle
46: Activity [1.9.72] "RenameSftpFtpFile1" is Closed
{
    Arguments
        FromFilename: a:\directory\path\file.name
        Overwrite: True
        ToFilename: MoveToDir/file.name_temp
        Connection: Mock&lt;iCore.Public.Ftp.IFileTransferConnection:c165&gt;.Object
}
47: Activity [1.9.68] "IfRenameFile" is Closed
{
    Arguments
        Condition: True
}
48: Activity [1.9.22] "TrySequence1" scheduled child activity [1.9.62] "SetLocalFileName"
49: Activity [1.9.62] "SetLocalFileName" is Executing
{
    Arguments
        Value: LocalFileNameIn
}
50: Activity [1.9.62] "SetLocalFileName" is Closed
{
    Arguments
        Value: LocalFileNameIn
        To: LocalFileNameIn
}
51: Activity [1.9.22] "TrySequence1" scheduled child activity [1.9.56] "SetLocalFilePath"
52: Activity [1.9.56] "SetLocalFilePath" is Executing
{
    Arguments
        Value: A:\localdir\LocalFileNameIn
}
53: Activity [1.9.56] "SetLocalFilePath" is Closed
{
    Arguments
        Value: A:\localdir\LocalFileNameIn
        To: A:\localdir\LocalFileNameIn
}
54: Activity [1.9.22] "TrySequence1" scheduled child activity [1.9.48] "OpenFile1"
55: Activity [1.9.48] "OpenFile1" is Executing
{
    Arguments
        FileAccess: ReadWrite
        FileMode: Create
        FileName: A:\localdir\LocalFileNameIn
        FileShare: None
}
56: WorkflowInstance "SftpFtpReaderExActivity" is Idle
57: Activity [1.9.48] "OpenFile1" is Closed
{
    Arguments
        FileAccess: ReadWrite
        FileMode: Create
        FileName: A:\localdir\LocalFileNameIn
        Result: Mock&lt;System.IO.Stream:6952&gt;.Object
        FileShare: None
}
58: Activity [1.9.22] "TrySequence1" scheduled child activity [1.9.42] "DownloadSftpFtpFileToStream1"
59: Activity [1.9.42] "DownloadSftpFtpFileToStream1" is Executing
{
    Arguments
        DestinationStream: Mock&lt;System.IO.Stream:6952&gt;.Object
        SourceFilename: MoveToDir/file.name_temp
        Connection: Mock&lt;iCore.Public.Ftp.IFileTransferConnection:c165&gt;.Object
}
60: WorkflowInstance "SftpFtpReaderExActivity" is Idle
61: Activity [1.9.42] "DownloadSftpFtpFileToStream1" is Closed
{
    Arguments
        DestinationStream: Mock&lt;System.IO.Stream:6952&gt;.Object
        SourceFilename: MoveToDir/file.name_temp
        Connection: Mock&lt;iCore.Public.Ftp.IFileTransferConnection:c165&gt;.Object
}
62: Activity [1.9.22] "TrySequence1" scheduled child activity [1.9.33] "If"
63: Activity [1.9.33] "If" is Executing
{
    Arguments
        Condition: True
}
64: Activity [1.9.33] "If" scheduled child activity [1.9.36] "DeleteSftpFtpFile1"
65: Activity [1.9.36] "DeleteSftpFtpFile1" is Executing
{
    Arguments
        Connection: Mock&lt;iCore.Public.Ftp.IFileTransferConnection:c165&gt;.Object
        Filename: MoveToDir/file.name_temp
        ErrorOnNoFile: False
}
66: WorkflowInstance "SftpFtpReaderExActivity" is Idle
67: Activity [1.9.36] "DeleteSftpFtpFile1" is Closed
{
    Arguments
        Connection: Mock&lt;iCore.Public.Ftp.IFileTransferConnection:c165&gt;.Object
        Filename: MoveToDir/file.name_temp
        ErrorOnNoFile: False
}
68: Activity [1.9.33] "If" is Closed
{
    Arguments
        Condition: True
}
69: Activity [1.9.22] "TrySequence1" scheduled child activity [1.9.28] "AssignLocalFileNameOut"
70: Activity [1.9.28] "AssignLocalFileNameOut" is Executing
{
    Arguments
        Value: LocalFileNameIn
}
71: Activity [1.9.28] "AssignLocalFileNameOut" is Closed
{
    Arguments
        Value: LocalFileNameIn
        To: LocalFileNameIn
}
72: Activity [1.9.22] "TrySequence1" scheduled child activity [1.9.23] "AssignLocalFilePath"
73: Activity [1.9.23] "AssignLocalFilePath" is Executing
{
    Arguments
        Value: A:\localdir\LocalFileNameIn
}
74: Activity [1.9.23] "AssignLocalFilePath" is Closed
{
    Arguments
        Value: A:\localdir\LocalFileNameIn
        To: A:\localdir\LocalFileNameIn
}
75: Activity [1.9.22] "TrySequence1" is Closed
76: Activity [1.9.18] "TryCatch" scheduled child activity [1.9.19] "FinallySequence1"
77: Activity [1.9.19] "FinallySequence1" is Executing
78: Activity [1.9.19] "FinallySequence1" scheduled child activity [1.9.20] "CloseStream1"
79: Activity [1.9.20] "CloseStream1" is Executing
{
    Arguments
        Stream: Mock&lt;System.IO.Stream:6952&gt;.Object
}
80: WorkflowInstance "SftpFtpReaderExActivity" is Idle
81: Activity [1.9.20] "CloseStream1" is Closed
{
    Arguments
        Stream: Mock&lt;System.IO.Stream:6952&gt;.Object
}
82: Activity [1.9.19] "FinallySequence1" is Closed
83: Activity [1.9.18] "TryCatch" is Closed
84: Activity [1.9.14] "If" is Closed
{
    Arguments
        Condition: True
}
85: Activity [1.9.13] "Sequence" is Closed
{
    Variables
        _1a25a75f_79d5_4484_98f9_c744c2b55c4d_316: Mock&lt;System.IO.Stream:6952&gt;.Object
        _1a25a75f_79d5_4484_98f9_c744c2b55c4d_317: LocalFileNameIn
        _1a25a75f_79d5_4484_98f9_c744c2b55c4d_318: A:\localdir\LocalFileNameIn
}
86: Activity [1.9.1] "Sequence" scheduled child activity [1.9.2] "OpenIfFileDownloaded1"
87: Activity [1.9.2] "OpenIfFileDownloaded1" is Executing
{
    Arguments
        Condition: True
}
88: Activity [1.9.2] "OpenIfFileDownloaded1" scheduled child activity [1.9.5] "OpenFile2"
89: Activity [1.9.5] "OpenFile2" is Executing
{
    Arguments
        FileAccess: ReadWrite
        FileMode: Open
        FileName: A:\localdir\LocalFileNameIn
        FileShare: None
}
90: WorkflowInstance "SftpFtpReaderExActivity" is Idle
91: Activity [1.9.5] "OpenFile2" is Closed
{
    Arguments
        FileAccess: ReadWrite
        FileMode: Open
        FileName: A:\localdir\LocalFileNameIn
        Result: Mock&lt;System.IO.Stream:6952&gt;.Object
        FileShare: None
}
92: Activity [1.9.2] "OpenIfFileDownloaded1" is Closed
{
    Arguments
        Condition: True
}
93: Activity [1.9.1] "Sequence" is Closed
94: Activity [1.9] "OpenNextFile1" is Closed
{
    Arguments
        LocalFileNameIn: LocalFileNameIn
        LocalFileNameOut: LocalFileNameIn
        RenameFile: True
        MoveFileTo: MoveToDir
        LocalFilePath: A:\localdir\LocalFileNameIn
        ErrorOnTimeout: True
        SubscriptionId: 35769a24-5c83-462d-85ab-358b0109ba87
        Timeout: 00:00:03
        Connection: Mock&lt;iCore.Public.Ftp.IFileTransferConnection:c165&gt;.Object
        OriginalFileName: file.name
        Data: Mock&lt;System.IO.Stream:6952&gt;.Object
        ProcessingFilePath: MoveToDir/file.name_temp
        IsImplicitlyCancellable: True
        LocalDirectory: A:\localdir
        ProcessingFileName: file.name_temp
        OriginalFilePath: a:\directory\path\file.name
        DeleteServerFile: True
}
95: Activity [1.8] "MainSequence1" is Closed
{
    Variables
        configuration: iCore.Workflow.Activities.Filesystem.FileReaderConfiguration
}
96: Activity [1.4] "TryCatch2" scheduled child activity [1.5] "CloseConnection1"
97: Activity [1.5] "CloseConnection1" is Executing
{
    Arguments
        SubscriptionId: 35769a24-5c83-462d-85ab-358b0109ba87
}
98: CustomTrackingRecord [1.5] "iCPSTraceTrackingRecord"
99: Activity [1.5] "CloseConnection1" is Closed
{
    Arguments
        SubscriptionId: 35769a24-5c83-462d-85ab-358b0109ba87
}
100: Activity [1.4] "TryCatch2" is Closed
101: Activity [1.1] "TryCatch1" is Closed
{
    Variables
        connection: 35769a24-5c83-462d-85ab-358b0109ba87
}
102: Activity [1] "SftpFtpReaderExActivity" is Closed
{
    Arguments
        LocalFileNameIn: LocalFileNameIn
        LocalFileNameOut: LocalFileNameIn
        RenameFile: True
        MoveFileTo: MoveToDir
        LocalFilePath: A:\localdir\LocalFileNameIn
        FilterOptions: IgnoreCase
        ErrorOnTimeout: True
        ScanFilterOptions: FilterOnClientCaseSensitive
        Timeout: 00:00:03
        Filter: [abc]{{1}}
        Connection: Mock&lt;iCore.Public.Ftp.IFileTransferConnection:c165&gt;.Object
        OriginalFileName: file.name
        ScanInterval: 1
        ScanDirectory: ScanDir
        SettleTime: 0
        Data: Mock&lt;System.IO.Stream:6952&gt;.Object
        ProcessingFilePath: MoveToDir/file.name_temp
        ScanFilter: *.txt
        LocalDirectory: A:\localdir
        ProcessingFileName: file.name_temp
        OriginalFilePath: a:\directory\path\file.name
        DeleteServerFile: True
}
103: WorkflowInstance "SftpFtpReaderExActivity" is Completed</StdOut>
      </Output>
    </UnitTestResult>
    <UnitTestResult executionId="375f6b19-ebee-4286-8db0-0af62776c48c" testId="f9f0c513-6a78-cf8d-917a-49d5f2d283cd" testName="Invoke_NoRenameMove_OutArgumentsAsExpected" computerName="ICSWS068" duration="00:00:00.0690429" startTime="2016-08-04T09:59:11.8501754+02:00" endTime="2016-08-04T09:59:11.9212117+02:00" testType="13cdc9d9-ddb5-4fa4-a97d-d965ccfc6d4b" outcome="Passed" testListId="8c84fa94-04c1-424b-9868-57a2d4851a1d" relativeResultsDirectory="375f6b19-ebee-4286-8db0-0af62776c48c">
      <Output>
        <StdOut>Debug Trace:
0: WorkflowInstance "SftpFtpReaderExActivity" is Started
1: Activity [null] "null" scheduled child activity [1] "SftpFtpReaderExActivity"
2: Activity [1] "SftpFtpReaderExActivity" is Executing
{
    Arguments
        LocalFileNameIn: LocalFileNameIn
        RenameFile: False
        MoveFileTo: MoveToDir
        FilterOptions: IgnoreCase
        ErrorOnTimeout: True
        ScanFilterOptions: FilterOnClientCaseSensitive
        Timeout: 00:00:03
        Filter: [abc]{{1}}
        Connection: Mock&lt;iCore.Public.Ftp.IFileTransferConnection:019d&gt;.Object
        ScanInterval: 1
        ScanDirectory: ScanDir
        SettleTime: 0
        ScanFilter: *.txt
        LocalDirectory: A:\localdir
        DeleteServerFile: True
}
3: Activity [1] "SftpFtpReaderExActivity" scheduled child activity [1.1] "TryCatch1"
4: Activity [1.1] "TryCatch1" is Executing
{
    Variables
        connection: 1bd3c7e5-4072-4793-b2c0-1ab5c9427ce2
}
5: Activity [1.1] "TryCatch1" scheduled child activity [1.4] "TryCatch2"
6: Activity [1.4] "TryCatch2" is Executing
7: Activity [1.4] "TryCatch2" scheduled child activity [1.8] "MainSequence1"
8: Activity [1.8] "MainSequence1" is Executing
{
    Variables
        configuration: iCore.Workflow.Activities.Filesystem.FileReaderConfiguration
}
9: Activity [1.8] "MainSequence1" scheduled child activity [1.50] "CreateConfiguration1"
10: Activity [1.50] "CreateConfiguration1" is Executing
{
    Arguments
        FilterOptions: IgnoreCase
        ScanFilterOptions: FilterOnClientCaseSensitive
        Filter: [abc]{{1}}
        ScanInterval: 1
        ScanDirectory: ScanDir
        SettleTime: 0
        ScanFilter: *.txt
}
11: Activity [1.50] "CreateConfiguration1" is Closed
{
    Arguments
        FilterOptions: IgnoreCase
        ScanFilterOptions: FilterOnClientCaseSensitive
        Filter: [abc]{{1}}
        ScanInterval: 1
        Result: iCore.Workflow.Activities.Filesystem.FileReaderConfiguration
        ScanDirectory: ScanDir
        SettleTime: 0
        ScanFilter: *.txt
}
12: Activity [1.8] "MainSequence1" scheduled child activity [1.43] "StartReaderActivity1"
13: Activity [1.43] "StartReaderActivity1" is Executing
{
    Arguments
        Connection: Mock&lt;iCore.Public.Ftp.IFileTransferConnection:019d&gt;.Object
        Configuration: iCore.Workflow.Activities.Filesystem.FileReaderConfiguration
        OpenNewConnection: False
}
14: WorkflowInstance "SftpFtpReaderExActivity" is Idle
15: CustomTrackingRecord [1.43] "iCPSTraceTrackingRecord"
16: Activity [1.43] "StartReaderActivity1" is Closed
{
    Arguments
        Connection: Mock&lt;iCore.Public.Ftp.IFileTransferConnection:019d&gt;.Object
        Result: 1bd3c7e5-4072-4793-b2c0-1ab5c9427ce2
        Configuration: iCore.Workflow.Activities.Filesystem.FileReaderConfiguration
        OpenNewConnection: False
}
17: Activity [1.8] "MainSequence1" scheduled child activity [1.9] "OpenNextFile1"
18: Activity [1.9] "OpenNextFile1" is Executing
{
    Arguments
        LocalFileNameIn: LocalFileNameIn
        RenameFile: False
        MoveFileTo: MoveToDir
        ErrorOnTimeout: True
        SubscriptionId: 1bd3c7e5-4072-4793-b2c0-1ab5c9427ce2
        Timeout: 00:00:03
        Connection: Mock&lt;iCore.Public.Ftp.IFileTransferConnection:019d&gt;.Object
        IsImplicitlyCancellable: True
        LocalDirectory: A:\localdir
        DeleteServerFile: True
}
19: Activity [1.9] "OpenNextFile1" scheduled child activity [1.9.1] "Sequence"
20: Activity [1.9.1] "Sequence" is Executing
21: Activity [1.9.1] "Sequence" scheduled child activity [1.9.13] "Sequence"
22: Activity [1.9.13] "Sequence" is Executing
{
    Variables
        _1a25a75f_79d5_4484_98f9_c744c2b55c4d_319: Mock&lt;System.IO.Stream:5d99&gt;.Object
        _1a25a75f_79d5_4484_98f9_c744c2b55c4d_320: LocalFileNameIn
        _1a25a75f_79d5_4484_98f9_c744c2b55c4d_321: A:\localdir\LocalFileNameIn
}
23: Activity [1.9.13] "Sequence" scheduled child activity [1.9.93] "InternalGetNextFile1"
24: Activity [1.9.93] "InternalGetNextFile1" is Executing
{
    Arguments
        ErrorOnTimeout: True
        SubscriptionId: 1bd3c7e5-4072-4793-b2c0-1ab5c9427ce2
        Timeout: 00:00:03
        IsImplicitlyCancellable: True
}
25: CustomTrackingRecord [1.9.93] "iCPSTraceTrackingRecord"
26: WorkflowInstance "SftpFtpReaderExActivity" is Idle
27: Bookmark "8428b1f6-858b-46b3-b143-5d5c7c7507de" resumed with payload &lt;iCore.Workflow.Activities.Extensions.ItemSubscriptionEventArgs`1[iCore.Common.Utilities.FileSystemWatcher.FileInfoBase]&gt; owner [1.9.93] "InternalGetNextFile1"
28: Activity [1.9.93] "InternalGetNextFile1" is Closed
{
    Arguments
        ErrorOnTimeout: True
        SubscriptionId: 1bd3c7e5-4072-4793-b2c0-1ab5c9427ce2
        FileName: file.name
        Timeout: 00:00:03
        IsImplicitlyCancellable: True
        FilePath: a:\directory\path\file.name
}
29: Activity [1.9.13] "Sequence" scheduled child activity [1.9.14] "If"
30: Activity [1.9.14] "If" is Executing
{
    Arguments
        Condition: True
}
31: Activity [1.9.14] "If" scheduled child activity [1.9.18] "TryCatch"
32: Activity [1.9.18] "TryCatch" is Executing
33: Activity [1.9.18] "TryCatch" scheduled child activity [1.9.22] "TrySequence1"
34: Activity [1.9.22] "TrySequence1" is Executing
35: Activity [1.9.22] "TrySequence1" scheduled child activity [1.9.87] "AssignProcessingFileName"
36: Activity [1.9.87] "AssignProcessingFileName" is Executing
{
    Arguments
        Value: file.name
}
37: Activity [1.9.87] "AssignProcessingFileName" is Closed
{
    Arguments
        Value: file.name
        To: file.name
}
38: Activity [1.9.22] "TrySequence1" scheduled child activity [1.9.80] "AssignProcessingFilePath"
39: Activity [1.9.80] "AssignProcessingFilePath" is Executing
{
    Arguments
        Value: MoveToDir/file.name
}
40: Activity [1.9.80] "AssignProcessingFilePath" is Closed
{
    Arguments
        Value: MoveToDir/file.name
        To: MoveToDir/file.name
}
41: Activity [1.9.22] "TrySequence1" scheduled child activity [1.9.68] "IfRenameFile"
42: Activity [1.9.68] "IfRenameFile" is Executing
{
    Arguments
        Condition: True
}
43: Activity [1.9.68] "IfRenameFile" scheduled child activity [1.9.72] "RenameSftpFtpFile1"
44: Activity [1.9.72] "RenameSftpFtpFile1" is Executing
{
    Arguments
        FromFilename: a:\directory\path\file.name
        Overwrite: True
        ToFilename: MoveToDir/file.name
        Connection: Mock&lt;iCore.Public.Ftp.IFileTransferConnection:019d&gt;.Object
}
45: WorkflowInstance "SftpFtpReaderExActivity" is Idle
46: Activity [1.9.72] "RenameSftpFtpFile1" is Closed
{
    Arguments
        FromFilename: a:\directory\path\file.name
        Overwrite: True
        ToFilename: MoveToDir/file.name
        Connection: Mock&lt;iCore.Public.Ftp.IFileTransferConnection:019d&gt;.Object
}
47: Activity [1.9.68] "IfRenameFile" is Closed
{
    Arguments
        Condition: True
}
48: Activity [1.9.22] "TrySequence1" scheduled child activity [1.9.62] "SetLocalFileName"
49: Activity [1.9.62] "SetLocalFileName" is Executing
{
    Arguments
        Value: LocalFileNameIn
}
50: Activity [1.9.62] "SetLocalFileName" is Closed
{
    Arguments
        Value: LocalFileNameIn
        To: LocalFileNameIn
}
51: Activity [1.9.22] "TrySequence1" scheduled child activity [1.9.56] "SetLocalFilePath"
52: Activity [1.9.56] "SetLocalFilePath" is Executing
{
    Arguments
        Value: A:\localdir\LocalFileNameIn
}
53: Activity [1.9.56] "SetLocalFilePath" is Closed
{
    Arguments
        Value: A:\localdir\LocalFileNameIn
        To: A:\localdir\LocalFileNameIn
}
54: Activity [1.9.22] "TrySequence1" scheduled child activity [1.9.48] "OpenFile1"
55: Activity [1.9.48] "OpenFile1" is Executing
{
    Arguments
        FileAccess: ReadWrite
        FileMode: Create
        FileName: A:\localdir\LocalFileNameIn
        FileShare: None
}
56: WorkflowInstance "SftpFtpReaderExActivity" is Idle
57: Activity [1.9.48] "OpenFile1" is Closed
{
    Arguments
        FileAccess: ReadWrite
        FileMode: Create
        FileName: A:\localdir\LocalFileNameIn
        Result: Mock&lt;System.IO.Stream:5d99&gt;.Object
        FileShare: None
}
58: Activity [1.9.22] "TrySequence1" scheduled child activity [1.9.42] "DownloadSftpFtpFileToStream1"
59: Activity [1.9.42] "DownloadSftpFtpFileToStream1" is Executing
{
    Arguments
        DestinationStream: Mock&lt;System.IO.Stream:5d99&gt;.Object
        SourceFilename: MoveToDir/file.name
        Connection: Mock&lt;iCore.Public.Ftp.IFileTransferConnection:019d&gt;.Object
}
60: WorkflowInstance "SftpFtpReaderExActivity" is Idle
61: Activity [1.9.42] "DownloadSftpFtpFileToStream1" is Closed
{
    Arguments
        DestinationStream: Mock&lt;System.IO.Stream:5d99&gt;.Object
        SourceFilename: MoveToDir/file.name
        Connection: Mock&lt;iCore.Public.Ftp.IFileTransferConnection:019d&gt;.Object
}
62: Activity [1.9.22] "TrySequence1" scheduled child activity [1.9.33] "If"
63: Activity [1.9.33] "If" is Executing
{
    Arguments
        Condition: True
}
64: Activity [1.9.33] "If" scheduled child activity [1.9.36] "DeleteSftpFtpFile1"
65: Activity [1.9.36] "DeleteSftpFtpFile1" is Executing
{
    Arguments
        Connection: Mock&lt;iCore.Public.Ftp.IFileTransferConnection:019d&gt;.Object
        Filename: MoveToDir/file.name
        ErrorOnNoFile: False
}
66: WorkflowInstance "SftpFtpReaderExActivity" is Idle
67: Activity [1.9.36] "DeleteSftpFtpFile1" is Closed
{
    Arguments
        Connection: Mock&lt;iCore.Public.Ftp.IFileTransferConnection:019d&gt;.Object
        Filename: MoveToDir/file.name
        ErrorOnNoFile: False
}
68: Activity [1.9.33] "If" is Closed
{
    Arguments
        Condition: True
}
69: Activity [1.9.22] "TrySequence1" scheduled child activity [1.9.28] "AssignLocalFileNameOut"
70: Activity [1.9.28] "AssignLocalFileNameOut" is Executing
{
    Arguments
        Value: LocalFileNameIn
}
71: Activity [1.9.28] "AssignLocalFileNameOut" is Closed
{
    Arguments
        Value: LocalFileNameIn
        To: LocalFileNameIn
}
72: Activity [1.9.22] "TrySequence1" scheduled child activity [1.9.23] "AssignLocalFilePath"
73: Activity [1.9.23] "AssignLocalFilePath" is Executing
{
    Arguments
        Value: A:\localdir\LocalFileNameIn
}
74: Activity [1.9.23] "AssignLocalFilePath" is Closed
{
    Arguments
        Value: A:\localdir\LocalFileNameIn
        To: A:\localdir\LocalFileNameIn
}
75: Activity [1.9.22] "TrySequence1" is Closed
76: Activity [1.9.18] "TryCatch" scheduled child activity [1.9.19] "FinallySequence1"
77: Activity [1.9.19] "FinallySequence1" is Executing
78: Activity [1.9.19] "FinallySequence1" scheduled child activity [1.9.20] "CloseStream1"
79: Activity [1.9.20] "CloseStream1" is Executing
{
    Arguments
        Stream: Mock&lt;System.IO.Stream:5d99&gt;.Object
}
80: WorkflowInstance "SftpFtpReaderExActivity" is Idle
81: Activity [1.9.20] "CloseStream1" is Closed
{
    Arguments
        Stream: Mock&lt;System.IO.Stream:5d99&gt;.Object
}
82: Activity [1.9.19] "FinallySequence1" is Closed
83: Activity [1.9.18] "TryCatch" is Closed
84: Activity [1.9.14] "If" is Closed
{
    Arguments
        Condition: True
}
85: Activity [1.9.13] "Sequence" is Closed
{
    Variables
        _1a25a75f_79d5_4484_98f9_c744c2b55c4d_322: Mock&lt;System.IO.Stream:5d99&gt;.Object
        _1a25a75f_79d5_4484_98f9_c744c2b55c4d_323: LocalFileNameIn
        _1a25a75f_79d5_4484_98f9_c744c2b55c4d_324: A:\localdir\LocalFileNameIn
}
86: Activity [1.9.1] "Sequence" scheduled child activity [1.9.2] "OpenIfFileDownloaded1"
87: Activity [1.9.2] "OpenIfFileDownloaded1" is Executing
{
    Arguments
        Condition: True
}
88: Activity [1.9.2] "OpenIfFileDownloaded1" scheduled child activity [1.9.5] "OpenFile2"
89: Activity [1.9.5] "OpenFile2" is Executing
{
    Arguments
        FileAccess: ReadWrite
        FileMode: Open
        FileName: A:\localdir\LocalFileNameIn
        FileShare: None
}
90: WorkflowInstance "SftpFtpReaderExActivity" is Idle
91: Activity [1.9.5] "OpenFile2" is Closed
{
    Arguments
        FileAccess: ReadWrite
        FileMode: Open
        FileName: A:\localdir\LocalFileNameIn
        Result: Mock&lt;System.IO.Stream:5d99&gt;.Object
        FileShare: None
}
92: Activity [1.9.2] "OpenIfFileDownloaded1" is Closed
{
    Arguments
        Condition: True
}
93: Activity [1.9.1] "Sequence" is Closed
94: Activity [1.9] "OpenNextFile1" is Closed
{
    Arguments
        LocalFileNameIn: LocalFileNameIn
        LocalFileNameOut: LocalFileNameIn
        RenameFile: False
        MoveFileTo: MoveToDir
        LocalFilePath: A:\localdir\LocalFileNameIn
        ErrorOnTimeout: True
        SubscriptionId: 1bd3c7e5-4072-4793-b2c0-1ab5c9427ce2
        Timeout: 00:00:03
        Connection: Mock&lt;iCore.Public.Ftp.IFileTransferConnection:019d&gt;.Object
        OriginalFileName: file.name
        Data: Mock&lt;System.IO.Stream:5d99&gt;.Object
        ProcessingFilePath: MoveToDir/file.name
        IsImplicitlyCancellable: True
        LocalDirectory: A:\localdir
        ProcessingFileName: file.name
        OriginalFilePath: a:\directory\path\file.name
        DeleteServerFile: True
}
95: Activity [1.8] "MainSequence1" is Closed
{
    Variables
        configuration: iCore.Workflow.Activities.Filesystem.FileReaderConfiguration
}
96: Activity [1.4] "TryCatch2" scheduled child activity [1.5] "CloseConnection1"
97: Activity [1.5] "CloseConnection1" is Executing
{
    Arguments
        SubscriptionId: 1bd3c7e5-4072-4793-b2c0-1ab5c9427ce2
}
98: CustomTrackingRecord [1.5] "iCPSTraceTrackingRecord"
99: Activity [1.5] "CloseConnection1" is Closed
{
    Arguments
        SubscriptionId: 1bd3c7e5-4072-4793-b2c0-1ab5c9427ce2
}
100: Activity [1.4] "TryCatch2" is Closed
101: Activity [1.1] "TryCatch1" is Closed
{
    Variables
        connection: 1bd3c7e5-4072-4793-b2c0-1ab5c9427ce2
}
102: Activity [1] "SftpFtpReaderExActivity" is Closed
{
    Arguments
        LocalFileNameIn: LocalFileNameIn
        LocalFileNameOut: LocalFileNameIn
        RenameFile: False
        MoveFileTo: MoveToDir
        LocalFilePath: A:\localdir\LocalFileNameIn
        FilterOptions: IgnoreCase
        ErrorOnTimeout: True
        ScanFilterOptions: FilterOnClientCaseSensitive
        Timeout: 00:00:03
        Filter: [abc]{{1}}
        Connection: Mock&lt;iCore.Public.Ftp.IFileTransferConnection:019d&gt;.Object
        OriginalFileName: file.name
        ScanInterval: 1
        ScanDirectory: ScanDir
        SettleTime: 0
        Data: Mock&lt;System.IO.Stream:5d99&gt;.Object
        ProcessingFilePath: MoveToDir/file.name
        ScanFilter: *.txt
        LocalDirectory: A:\localdir
        ProcessingFileName: file.name
        OriginalFilePath: a:\directory\path\file.name
        DeleteServerFile: True
}
103: WorkflowInstance "SftpFtpReaderExActivity" is Completed</StdOut>
      </Output>
    </UnitTestResult>
    <UnitTestResult executionId="df9a13d6-fd27-4c37-8e94-ac63a85a7c8e" testId="0d8c31dd-ed0d-61e8-7bc3-5a3603a9f03d" testName="Invoke_NoRenameNoMoveNoErrorOnTimeoutNoFileFound_OutArgumentsAreNull" computerName="ICSWS068" duration="00:00:00.0607496" startTime="2016-08-04T09:59:11.9242143+02:00" endTime="2016-08-04T09:59:11.9862578+02:00" testType="13cdc9d9-ddb5-4fa4-a97d-d965ccfc6d4b" outcome="Passed" testListId="8c84fa94-04c1-424b-9868-57a2d4851a1d" relativeResultsDirectory="df9a13d6-fd27-4c37-8e94-ac63a85a7c8e">
      <Output>
        <StdOut>Debug Trace:
0: WorkflowInstance "SftpFtpReaderExActivity" is Started
1: Activity [null] "null" scheduled child activity [1] "SftpFtpReaderExActivity"
2: Activity [1] "SftpFtpReaderExActivity" is Executing
{
    Arguments
        LocalFileNameIn: LocalFileNameIn
        RenameFile: False
        MoveFileTo: 
        FilterOptions: IgnoreCase
        ErrorOnTimeout: False
        ScanFilterOptions: FilterOnClientCaseSensitive
        Timeout: 00:00:03
        Filter: [abc]{{1}}
        Connection: Mock&lt;iCore.Public.Ftp.IFileTransferConnection:1be1&gt;.Object
        ScanInterval: 1
        ScanDirectory: ScanDir
        SettleTime: 0
        ScanFilter: *.txt
        LocalDirectory: A:\localdir
        DeleteServerFile: True
}
3: Activity [1] "SftpFtpReaderExActivity" scheduled child activity [1.1] "TryCatch1"
4: Activity [1.1] "TryCatch1" is Executing
{
    Variables
        connection: 3bcb6c42-171c-4727-9341-43aaaf907afb
}
5: Activity [1.1] "TryCatch1" scheduled child activity [1.4] "TryCatch2"
6: Activity [1.4] "TryCatch2" is Executing
7: Activity [1.4] "TryCatch2" scheduled child activity [1.8] "MainSequence1"
8: Activity [1.8] "MainSequence1" is Executing
{
    Variables
        configuration: iCore.Workflow.Activities.Filesystem.FileReaderConfiguration
}
9: Activity [1.8] "MainSequence1" scheduled child activity [1.50] "CreateConfiguration1"
10: Activity [1.50] "CreateConfiguration1" is Executing
{
    Arguments
        FilterOptions: IgnoreCase
        ScanFilterOptions: FilterOnClientCaseSensitive
        Filter: [abc]{{1}}
        ScanInterval: 1
        ScanDirectory: ScanDir
        SettleTime: 0
        ScanFilter: *.txt
}
11: Activity [1.50] "CreateConfiguration1" is Closed
{
    Arguments
        FilterOptions: IgnoreCase
        ScanFilterOptions: FilterOnClientCaseSensitive
        Filter: [abc]{{1}}
        ScanInterval: 1
        Result: iCore.Workflow.Activities.Filesystem.FileReaderConfiguration
        ScanDirectory: ScanDir
        SettleTime: 0
        ScanFilter: *.txt
}
12: Activity [1.8] "MainSequence1" scheduled child activity [1.43] "StartReaderActivity1"
13: Activity [1.43] "StartReaderActivity1" is Executing
{
    Arguments
        Connection: Mock&lt;iCore.Public.Ftp.IFileTransferConnection:1be1&gt;.Object
        Configuration: iCore.Workflow.Activities.Filesystem.FileReaderConfiguration
        OpenNewConnection: False
}
14: WorkflowInstance "SftpFtpReaderExActivity" is Idle
15: CustomTrackingRecord [1.43] "iCPSTraceTrackingRecord"
16: Activity [1.43] "StartReaderActivity1" is Closed
{
    Arguments
        Connection: Mock&lt;iCore.Public.Ftp.IFileTransferConnection:1be1&gt;.Object
        Result: 3bcb6c42-171c-4727-9341-43aaaf907afb
        Configuration: iCore.Workflow.Activities.Filesystem.FileReaderConfiguration
        OpenNewConnection: False
}
17: Activity [1.8] "MainSequence1" scheduled child activity [1.9] "OpenNextFile1"
18: Activity [1.9] "OpenNextFile1" is Executing
{
    Arguments
        LocalFileNameIn: LocalFileNameIn
        RenameFile: False
        MoveFileTo: 
        ErrorOnTimeout: False
        SubscriptionId: 3bcb6c42-171c-4727-9341-43aaaf907afb
        Timeout: 00:00:03
        Connection: Mock&lt;iCore.Public.Ftp.IFileTransferConnection:1be1&gt;.Object
        IsImplicitlyCancellable: True
        LocalDirectory: A:\localdir
        DeleteServerFile: True
}
19: Activity [1.9] "OpenNextFile1" scheduled child activity [1.9.1] "Sequence"
20: Activity [1.9.1] "Sequence" is Executing
21: Activity [1.9.1] "Sequence" scheduled child activity [1.9.13] "Sequence"
22: Activity [1.9.13] "Sequence" is Executing
{
    Variables
        _1a25a75f_79d5_4484_98f9_c744c2b55c4d_325: 
        _1a25a75f_79d5_4484_98f9_c744c2b55c4d_326: 
        _1a25a75f_79d5_4484_98f9_c744c2b55c4d_327: 
}
23: Activity [1.9.13] "Sequence" scheduled child activity [1.9.93] "InternalGetNextFile1"
24: Activity [1.9.93] "InternalGetNextFile1" is Executing
{
    Arguments
        ErrorOnTimeout: False
        SubscriptionId: 3bcb6c42-171c-4727-9341-43aaaf907afb
        Timeout: 00:00:03
        IsImplicitlyCancellable: True
}
25: CustomTrackingRecord [1.9.93] "iCPSTraceTrackingRecord"
26: WorkflowInstance "SftpFtpReaderExActivity" is Idle
27: Bookmark "c3aa9b72-bbae-429b-a5da-71b5e9a70d0e" resumed with payload &lt;iCore.Workflow.Activities.Extensions.ItemSubscriptionEventArgs`1[iCore.Common.Utilities.FileSystemWatcher.FileInfoBase]&gt; owner [1.9.93] "InternalGetNextFile1"
28: Activity [1.9.93] "InternalGetNextFile1" is Closed
{
    Arguments
        ErrorOnTimeout: False
        SubscriptionId: 3bcb6c42-171c-4727-9341-43aaaf907afb
        FileName: 
        Timeout: 00:00:03
        IsImplicitlyCancellable: True
        FilePath: 
}
29: Activity [1.9.13] "Sequence" scheduled child activity [1.9.14] "If"
30: Activity [1.9.14] "If" is Executing
{
    Arguments
        Condition: False
}
31: Activity [1.9.14] "If" is Closed
{
    Arguments
        Condition: False
}
32: Activity [1.9.13] "Sequence" is Closed
{
    Variables
        _1a25a75f_79d5_4484_98f9_c744c2b55c4d_328: 
        _1a25a75f_79d5_4484_98f9_c744c2b55c4d_329: 
        _1a25a75f_79d5_4484_98f9_c744c2b55c4d_330: 
}
33: Activity [1.9.1] "Sequence" scheduled child activity [1.9.2] "OpenIfFileDownloaded1"
34: Activity [1.9.2] "OpenIfFileDownloaded1" is Executing
{
    Arguments
        Condition: False
}
35: Activity [1.9.2] "OpenIfFileDownloaded1" is Closed
{
    Arguments
        Condition: False
}
36: Activity [1.9.1] "Sequence" is Closed
37: Activity [1.9] "OpenNextFile1" is Closed
{
    Arguments
        LocalFileNameIn: LocalFileNameIn
        LocalFileNameOut: 
        RenameFile: False
        MoveFileTo: 
        LocalFilePath: 
        ErrorOnTimeout: False
        SubscriptionId: 3bcb6c42-171c-4727-9341-43aaaf907afb
        Timeout: 00:00:03
        Connection: Mock&lt;iCore.Public.Ftp.IFileTransferConnection:1be1&gt;.Object
        OriginalFileName: 
        Data: 
        ProcessingFilePath: 
        IsImplicitlyCancellable: True
        LocalDirectory: A:\localdir
        ProcessingFileName: 
        OriginalFilePath: 
        DeleteServerFile: True
}
38: Activity [1.8] "MainSequence1" is Closed
{
    Variables
        configuration: iCore.Workflow.Activities.Filesystem.FileReaderConfiguration
}
39: Activity [1.4] "TryCatch2" scheduled child activity [1.5] "CloseConnection1"
40: Activity [1.5] "CloseConnection1" is Executing
{
    Arguments
        SubscriptionId: 3bcb6c42-171c-4727-9341-43aaaf907afb
}
41: CustomTrackingRecord [1.5] "iCPSTraceTrackingRecord"
42: Activity [1.5] "CloseConnection1" is Closed
{
    Arguments
        SubscriptionId: 3bcb6c42-171c-4727-9341-43aaaf907afb
}
43: Activity [1.4] "TryCatch2" is Closed
44: Activity [1.1] "TryCatch1" is Closed
{
    Variables
        connection: 3bcb6c42-171c-4727-9341-43aaaf907afb
}
45: Activity [1] "SftpFtpReaderExActivity" is Closed
{
    Arguments
        LocalFileNameIn: LocalFileNameIn
        LocalFileNameOut: 
        RenameFile: False
        MoveFileTo: 
        LocalFilePath: 
        FilterOptions: IgnoreCase
        ErrorOnTimeout: False
        ScanFilterOptions: FilterOnClientCaseSensitive
        Timeout: 00:00:03
        Filter: [abc]{{1}}
        Connection: Mock&lt;iCore.Public.Ftp.IFileTransferConnection:1be1&gt;.Object
        OriginalFileName: 
        ScanInterval: 1
        ScanDirectory: ScanDir
        SettleTime: 0
        Data: 
        ProcessingFilePath: 
        ScanFilter: *.txt
        LocalDirectory: A:\localdir
        ProcessingFileName: 
        OriginalFilePath: 
        DeleteServerFile: True
}
46: WorkflowInstance "SftpFtpReaderExActivity" is Completed</StdOut>
      </Output>
    </UnitTestResult>
    <UnitTestResult executionId="35420ce5-98e6-4645-9bed-a76cb87a417e" testId="9dc04645-8dbb-9613-e8c8-a9ddf8ba6c9a" testName="Invoke_RenameMoveNoErrorOnTimeoutNoFileFound_OutArgumentsAreNull" computerName="ICSWS068" duration="00:00:00.0615428" startTime="2016-08-04T09:59:11.9902619+02:00" endTime="2016-08-04T09:59:12.0526752+02:00" testType="13cdc9d9-ddb5-4fa4-a97d-d965ccfc6d4b" outcome="Passed" testListId="8c84fa94-04c1-424b-9868-57a2d4851a1d" relativeResultsDirectory="35420ce5-98e6-4645-9bed-a76cb87a417e">
      <Output>
        <StdOut>Debug Trace:
0: WorkflowInstance "SftpFtpReaderExActivity" is Started
1: Activity [null] "null" scheduled child activity [1] "SftpFtpReaderExActivity"
2: Activity [1] "SftpFtpReaderExActivity" is Executing
{
    Arguments
        LocalFileNameIn: LocalFileNameIn
        RenameFile: True
        MoveFileTo: a:\nother\directory\path
        FilterOptions: IgnoreCase
        ErrorOnTimeout: False
        ScanFilterOptions: FilterOnClientCaseSensitive
        Timeout: 00:00:03
        Filter: [abc]{{1}}
        Connection: Mock&lt;iCore.Public.Ftp.IFileTransferConnection:2ec5&gt;.Object
        ScanInterval: 1
        ScanDirectory: ScanDir
        SettleTime: 0
        ScanFilter: *.txt
        LocalDirectory: A:\localdir
        DeleteServerFile: True
}
3: Activity [1] "SftpFtpReaderExActivity" scheduled child activity [1.1] "TryCatch1"
4: Activity [1.1] "TryCatch1" is Executing
{
    Variables
        connection: b990fcff-1ac7-4fbf-97a4-b64fe8b5108b
}
5: Activity [1.1] "TryCatch1" scheduled child activity [1.4] "TryCatch2"
6: Activity [1.4] "TryCatch2" is Executing
7: Activity [1.4] "TryCatch2" scheduled child activity [1.8] "MainSequence1"
8: Activity [1.8] "MainSequence1" is Executing
{
    Variables
        configuration: iCore.Workflow.Activities.Filesystem.FileReaderConfiguration
}
9: Activity [1.8] "MainSequence1" scheduled child activity [1.50] "CreateConfiguration1"
10: Activity [1.50] "CreateConfiguration1" is Executing
{
    Arguments
        FilterOptions: IgnoreCase
        ScanFilterOptions: FilterOnClientCaseSensitive
        Filter: [abc]{{1}}
        ScanInterval: 1
        ScanDirectory: ScanDir
        SettleTime: 0
        ScanFilter: *.txt
}
11: Activity [1.50] "CreateConfiguration1" is Closed
{
    Arguments
        FilterOptions: IgnoreCase
        ScanFilterOptions: FilterOnClientCaseSensitive
        Filter: [abc]{{1}}
        ScanInterval: 1
        Result: iCore.Workflow.Activities.Filesystem.FileReaderConfiguration
        ScanDirectory: ScanDir
        SettleTime: 0
        ScanFilter: *.txt
}
12: Activity [1.8] "MainSequence1" scheduled child activity [1.43] "StartReaderActivity1"
13: Activity [1.43] "StartReaderActivity1" is Executing
{
    Arguments
        Connection: Mock&lt;iCore.Public.Ftp.IFileTransferConnection:2ec5&gt;.Object
        Configuration: iCore.Workflow.Activities.Filesystem.FileReaderConfiguration
        OpenNewConnection: False
}
14: WorkflowInstance "SftpFtpReaderExActivity" is Idle
15: CustomTrackingRecord [1.43] "iCPSTraceTrackingRecord"
16: Activity [1.43] "StartReaderActivity1" is Closed
{
    Arguments
        Connection: Mock&lt;iCore.Public.Ftp.IFileTransferConnection:2ec5&gt;.Object
        Result: b990fcff-1ac7-4fbf-97a4-b64fe8b5108b
        Configuration: iCore.Workflow.Activities.Filesystem.FileReaderConfiguration
        OpenNewConnection: False
}
17: Activity [1.8] "MainSequence1" scheduled child activity [1.9] "OpenNextFile1"
18: Activity [1.9] "OpenNextFile1" is Executing
{
    Arguments
        LocalFileNameIn: LocalFileNameIn
        RenameFile: True
        MoveFileTo: a:\nother\directory\path
        ErrorOnTimeout: False
        SubscriptionId: b990fcff-1ac7-4fbf-97a4-b64fe8b5108b
        Timeout: 00:00:03
        Connection: Mock&lt;iCore.Public.Ftp.IFileTransferConnection:2ec5&gt;.Object
        IsImplicitlyCancellable: True
        LocalDirectory: A:\localdir
        DeleteServerFile: True
}
19: Activity [1.9] "OpenNextFile1" scheduled child activity [1.9.1] "Sequence"
20: Activity [1.9.1] "Sequence" is Executing
21: Activity [1.9.1] "Sequence" scheduled child activity [1.9.13] "Sequence"
22: Activity [1.9.13] "Sequence" is Executing
{
    Variables
        _1a25a75f_79d5_4484_98f9_c744c2b55c4d_331: 
        _1a25a75f_79d5_4484_98f9_c744c2b55c4d_332: 
        _1a25a75f_79d5_4484_98f9_c744c2b55c4d_333: 
}
23: Activity [1.9.13] "Sequence" scheduled child activity [1.9.93] "InternalGetNextFile1"
24: Activity [1.9.93] "InternalGetNextFile1" is Executing
{
    Arguments
        ErrorOnTimeout: False
        SubscriptionId: b990fcff-1ac7-4fbf-97a4-b64fe8b5108b
        Timeout: 00:00:03
        IsImplicitlyCancellable: True
}
25: CustomTrackingRecord [1.9.93] "iCPSTraceTrackingRecord"
26: WorkflowInstance "SftpFtpReaderExActivity" is Idle
27: Bookmark "d60ef01e-4796-440c-82ad-8a90bbf71717" resumed with payload &lt;iCore.Workflow.Activities.Extensions.ItemSubscriptionEventArgs`1[iCore.Common.Utilities.FileSystemWatcher.FileInfoBase]&gt; owner [1.9.93] "InternalGetNextFile1"
28: Activity [1.9.93] "InternalGetNextFile1" is Closed
{
    Arguments
        ErrorOnTimeout: False
        SubscriptionId: b990fcff-1ac7-4fbf-97a4-b64fe8b5108b
        FileName: 
        Timeout: 00:00:03
        IsImplicitlyCancellable: True
        FilePath: 
}
29: Activity [1.9.13] "Sequence" scheduled child activity [1.9.14] "If"
30: Activity [1.9.14] "If" is Executing
{
    Arguments
        Condition: False
}
31: Activity [1.9.14] "If" is Closed
{
    Arguments
        Condition: False
}
32: Activity [1.9.13] "Sequence" is Closed
{
    Variables
        _1a25a75f_79d5_4484_98f9_c744c2b55c4d_334: 
        _1a25a75f_79d5_4484_98f9_c744c2b55c4d_335: 
        _1a25a75f_79d5_4484_98f9_c744c2b55c4d_336: 
}
33: Activity [1.9.1] "Sequence" scheduled child activity [1.9.2] "OpenIfFileDownloaded1"
34: Activity [1.9.2] "OpenIfFileDownloaded1" is Executing
{
    Arguments
        Condition: False
}
35: Activity [1.9.2] "OpenIfFileDownloaded1" is Closed
{
    Arguments
        Condition: False
}
36: Activity [1.9.1] "Sequence" is Closed
37: Activity [1.9] "OpenNextFile1" is Closed
{
    Arguments
        LocalFileNameIn: LocalFileNameIn
        LocalFileNameOut: 
        RenameFile: True
        MoveFileTo: a:\nother\directory\path
        LocalFilePath: 
        ErrorOnTimeout: False
        SubscriptionId: b990fcff-1ac7-4fbf-97a4-b64fe8b5108b
        Timeout: 00:00:03
        Connection: Mock&lt;iCore.Public.Ftp.IFileTransferConnection:2ec5&gt;.Object
        OriginalFileName: 
        Data: 
        ProcessingFilePath: 
        IsImplicitlyCancellable: True
        LocalDirectory: A:\localdir
        ProcessingFileName: 
        OriginalFilePath: 
        DeleteServerFile: True
}
38: Activity [1.8] "MainSequence1" is Closed
{
    Variables
        configuration: iCore.Workflow.Activities.Filesystem.FileReaderConfiguration
}
39: Activity [1.4] "TryCatch2" scheduled child activity [1.5] "CloseConnection1"
40: Activity [1.5] "CloseConnection1" is Executing
{
    Arguments
        SubscriptionId: b990fcff-1ac7-4fbf-97a4-b64fe8b5108b
}
41: CustomTrackingRecord [1.5] "iCPSTraceTrackingRecord"
42: Activity [1.5] "CloseConnection1" is Closed
{
    Arguments
        SubscriptionId: b990fcff-1ac7-4fbf-97a4-b64fe8b5108b
}
43: Activity [1.4] "TryCatch2" is Closed
44: Activity [1.1] "TryCatch1" is Closed
{
    Variables
        connection: b990fcff-1ac7-4fbf-97a4-b64fe8b5108b
}
45: Activity [1] "SftpFtpReaderExActivity" is Closed
{
    Arguments
        LocalFileNameIn: LocalFileNameIn
        LocalFileNameOut: 
        RenameFile: True
        MoveFileTo: a:\nother\directory\path
        LocalFilePath: 
        FilterOptions: IgnoreCase
        ErrorOnTimeout: False
        ScanFilterOptions: FilterOnClientCaseSensitive
        Timeout: 00:00:03
        Filter: [abc]{{1}}
        Connection: Mock&lt;iCore.Public.Ftp.IFileTransferConnection:2ec5&gt;.Object
        OriginalFileName: 
        ScanInterval: 1
        ScanDirectory: ScanDir
        SettleTime: 0
        Data: 
        ProcessingFilePath: 
        ScanFilter: *.txt
        LocalDirectory: A:\localdir
        ProcessingFileName: 
        OriginalFilePath: 
        DeleteServerFile: True
}
46: WorkflowInstance "SftpFtpReaderExActivity" is Completed</StdOut>
      </Output>
    </UnitTestResult>
    <UnitTestResult executionId="e93a0c62-c28f-4809-91fa-2f73890abe57" testId="d4b828da-187a-d6f5-d7a3-5ae1daa628fc" testName="Invoke_RenameNoMoveNoErrorOnTimeoutNoFileFound_OutArgumentsAreNull" computerName="ICSWS068" duration="00:00:00.0603050" startTime="2016-08-04T09:59:12.0556974+02:00" endTime="2016-08-04T09:59:12.1177380+02:00" testType="13cdc9d9-ddb5-4fa4-a97d-d965ccfc6d4b" outcome="Passed" testListId="8c84fa94-04c1-424b-9868-57a2d4851a1d" relativeResultsDirectory="e93a0c62-c28f-4809-91fa-2f73890abe57">
      <Output>
        <StdOut>Debug Trace:
0: WorkflowInstance "SftpFtpReaderExActivity" is Started
1: Activity [null] "null" scheduled child activity [1] "SftpFtpReaderExActivity"
2: Activity [1] "SftpFtpReaderExActivity" is Executing
{
    Arguments
        LocalFileNameIn: LocalFileNameIn
        RenameFile: True
        MoveFileTo: 
        FilterOptions: IgnoreCase
        ErrorOnTimeout: False
        ScanFilterOptions: FilterOnClientCaseSensitive
        Timeout: 00:00:03
        Filter: [abc]{{1}}
        Connection: Mock&lt;iCore.Public.Ftp.IFileTransferConnection:94a9&gt;.Object
        ScanInterval: 1
        ScanDirectory: ScanDir
        SettleTime: 0
        ScanFilter: *.txt
        LocalDirectory: A:\localdir
        DeleteServerFile: True
}
3: Activity [1] "SftpFtpReaderExActivity" scheduled child activity [1.1] "TryCatch1"
4: Activity [1.1] "TryCatch1" is Executing
{
    Variables
        connection: 545dcd82-9ad3-4ad5-9f8f-fd7ec4235786
}
5: Activity [1.1] "TryCatch1" scheduled child activity [1.4] "TryCatch2"
6: Activity [1.4] "TryCatch2" is Executing
7: Activity [1.4] "TryCatch2" scheduled child activity [1.8] "MainSequence1"
8: Activity [1.8] "MainSequence1" is Executing
{
    Variables
        configuration: iCore.Workflow.Activities.Filesystem.FileReaderConfiguration
}
9: Activity [1.8] "MainSequence1" scheduled child activity [1.50] "CreateConfiguration1"
10: Activity [1.50] "CreateConfiguration1" is Executing
{
    Arguments
        FilterOptions: IgnoreCase
        ScanFilterOptions: FilterOnClientCaseSensitive
        Filter: [abc]{{1}}
        ScanInterval: 1
        ScanDirectory: ScanDir
        SettleTime: 0
        ScanFilter: *.txt
}
11: Activity [1.50] "CreateConfiguration1" is Closed
{
    Arguments
        FilterOptions: IgnoreCase
        ScanFilterOptions: FilterOnClientCaseSensitive
        Filter: [abc]{{1}}
        ScanInterval: 1
        Result: iCore.Workflow.Activities.Filesystem.FileReaderConfiguration
        ScanDirectory: ScanDir
        SettleTime: 0
        ScanFilter: *.txt
}
12: Activity [1.8] "MainSequence1" scheduled child activity [1.43] "StartReaderActivity1"
13: Activity [1.43] "StartReaderActivity1" is Executing
{
    Arguments
        Connection: Mock&lt;iCore.Public.Ftp.IFileTransferConnection:94a9&gt;.Object
        Configuration: iCore.Workflow.Activities.Filesystem.FileReaderConfiguration
        OpenNewConnection: False
}
14: WorkflowInstance "SftpFtpReaderExActivity" is Idle
15: CustomTrackingRecord [1.43] "iCPSTraceTrackingRecord"
16: Activity [1.43] "StartReaderActivity1" is Closed
{
    Arguments
        Connection: Mock&lt;iCore.Public.Ftp.IFileTransferConnection:94a9&gt;.Object
        Result: 545dcd82-9ad3-4ad5-9f8f-fd7ec4235786
        Configuration: iCore.Workflow.Activities.Filesystem.FileReaderConfiguration
        OpenNewConnection: False
}
17: Activity [1.8] "MainSequence1" scheduled child activity [1.9] "OpenNextFile1"
18: Activity [1.9] "OpenNextFile1" is Executing
{
    Arguments
        LocalFileNameIn: LocalFileNameIn
        RenameFile: True
        MoveFileTo: 
        ErrorOnTimeout: False
        SubscriptionId: 545dcd82-9ad3-4ad5-9f8f-fd7ec4235786
        Timeout: 00:00:03
        Connection: Mock&lt;iCore.Public.Ftp.IFileTransferConnection:94a9&gt;.Object
        IsImplicitlyCancellable: True
        LocalDirectory: A:\localdir
        DeleteServerFile: True
}
19: Activity [1.9] "OpenNextFile1" scheduled child activity [1.9.1] "Sequence"
20: Activity [1.9.1] "Sequence" is Executing
21: Activity [1.9.1] "Sequence" scheduled child activity [1.9.13] "Sequence"
22: Activity [1.9.13] "Sequence" is Executing
{
    Variables
        _1a25a75f_79d5_4484_98f9_c744c2b55c4d_337: 
        _1a25a75f_79d5_4484_98f9_c744c2b55c4d_338: 
        _1a25a75f_79d5_4484_98f9_c744c2b55c4d_339: 
}
23: Activity [1.9.13] "Sequence" scheduled child activity [1.9.93] "InternalGetNextFile1"
24: Activity [1.9.93] "InternalGetNextFile1" is Executing
{
    Arguments
        ErrorOnTimeout: False
        SubscriptionId: 545dcd82-9ad3-4ad5-9f8f-fd7ec4235786
        Timeout: 00:00:03
        IsImplicitlyCancellable: True
}
25: CustomTrackingRecord [1.9.93] "iCPSTraceTrackingRecord"
26: WorkflowInstance "SftpFtpReaderExActivity" is Idle
27: Bookmark "71f7111d-763f-4f69-9fe1-68585e62c3ed" resumed with payload &lt;iCore.Workflow.Activities.Extensions.ItemSubscriptionEventArgs`1[iCore.Common.Utilities.FileSystemWatcher.FileInfoBase]&gt; owner [1.9.93] "InternalGetNextFile1"
28: Activity [1.9.93] "InternalGetNextFile1" is Closed
{
    Arguments
        ErrorOnTimeout: False
        SubscriptionId: 545dcd82-9ad3-4ad5-9f8f-fd7ec4235786
        FileName: 
        Timeout: 00:00:03
        IsImplicitlyCancellable: True
        FilePath: 
}
29: Activity [1.9.13] "Sequence" scheduled child activity [1.9.14] "If"
30: Activity [1.9.14] "If" is Executing
{
    Arguments
        Condition: False
}
31: Activity [1.9.14] "If" is Closed
{
    Arguments
        Condition: False
}
32: Activity [1.9.13] "Sequence" is Closed
{
    Variables
        _1a25a75f_79d5_4484_98f9_c744c2b55c4d_340: 
        _1a25a75f_79d5_4484_98f9_c744c2b55c4d_341: 
        _1a25a75f_79d5_4484_98f9_c744c2b55c4d_342: 
}
33: Activity [1.9.1] "Sequence" scheduled child activity [1.9.2] "OpenIfFileDownloaded1"
34: Activity [1.9.2] "OpenIfFileDownloaded1" is Executing
{
    Arguments
        Condition: False
}
35: Activity [1.9.2] "OpenIfFileDownloaded1" is Closed
{
    Arguments
        Condition: False
}
36: Activity [1.9.1] "Sequence" is Closed
37: Activity [1.9] "OpenNextFile1" is Closed
{
    Arguments
        LocalFileNameIn: LocalFileNameIn
        LocalFileNameOut: 
        RenameFile: True
        MoveFileTo: 
        LocalFilePath: 
        ErrorOnTimeout: False
        SubscriptionId: 545dcd82-9ad3-4ad5-9f8f-fd7ec4235786
        Timeout: 00:00:03
        Connection: Mock&lt;iCore.Public.Ftp.IFileTransferConnection:94a9&gt;.Object
        OriginalFileName: 
        Data: 
        ProcessingFilePath: 
        IsImplicitlyCancellable: True
        LocalDirectory: A:\localdir
        ProcessingFileName: 
        OriginalFilePath: 
        DeleteServerFile: True
}
38: Activity [1.8] "MainSequence1" is Closed
{
    Variables
        configuration: iCore.Workflow.Activities.Filesystem.FileReaderConfiguration
}
39: Activity [1.4] "TryCatch2" scheduled child activity [1.5] "CloseConnection1"
40: Activity [1.5] "CloseConnection1" is Executing
{
    Arguments
        SubscriptionId: 545dcd82-9ad3-4ad5-9f8f-fd7ec4235786
}
41: CustomTrackingRecord [1.5] "iCPSTraceTrackingRecord"
42: Activity [1.5] "CloseConnection1" is Closed
{
    Arguments
        SubscriptionId: 545dcd82-9ad3-4ad5-9f8f-fd7ec4235786
}
43: Activity [1.4] "TryCatch2" is Closed
44: Activity [1.1] "TryCatch1" is Closed
{
    Variables
        connection: 545dcd82-9ad3-4ad5-9f8f-fd7ec4235786
}
45: Activity [1] "SftpFtpReaderExActivity" is Closed
{
    Arguments
        LocalFileNameIn: LocalFileNameIn
        LocalFileNameOut: 
        RenameFile: True
        MoveFileTo: 
        LocalFilePath: 
        FilterOptions: IgnoreCase
        ErrorOnTimeout: False
        ScanFilterOptions: FilterOnClientCaseSensitive
        Timeout: 00:00:03
        Filter: [abc]{{1}}
        Connection: Mock&lt;iCore.Public.Ftp.IFileTransferConnection:94a9&gt;.Object
        OriginalFileName: 
        ScanInterval: 1
        ScanDirectory: ScanDir
        SettleTime: 0
        Data: 
        ProcessingFilePath: 
        ScanFilter: *.txt
        LocalDirectory: A:\localdir
        ProcessingFileName: 
        OriginalFilePath: 
        DeleteServerFile: True
}
46: WorkflowInstance "SftpFtpReaderExActivity" is Completed</StdOut>
      </Output>
    </UnitTestResult>
    <UnitTestResult executionId="c0af8e28-7100-4e27-ad77-bb57b68f6acc" testId="839f4b23-f7b5-157a-847f-af348ee366e3" testName="Invoke_NoRenameMoveNoErrorOnTimeoutNoFileFound_OutArgumentsAreNull" computerName="ICSWS068" duration="00:00:00.0604284" startTime="2016-08-04T09:59:12.1212394+02:00" endTime="2016-08-04T09:59:12.1830803+02:00" testType="13cdc9d9-ddb5-4fa4-a97d-d965ccfc6d4b" outcome="Passed" testListId="8c84fa94-04c1-424b-9868-57a2d4851a1d" relativeResultsDirectory="c0af8e28-7100-4e27-ad77-bb57b68f6acc">
      <Output>
        <StdOut>Debug Trace:
0: WorkflowInstance "SftpFtpReaderExActivity" is Started
1: Activity [null] "null" scheduled child activity [1] "SftpFtpReaderExActivity"
2: Activity [1] "SftpFtpReaderExActivity" is Executing
{
    Arguments
        LocalFileNameIn: LocalFileNameIn
        RenameFile: True
        MoveFileTo: a:\nother\directory\path
        FilterOptions: IgnoreCase
        ErrorOnTimeout: False
        ScanFilterOptions: FilterOnClientCaseSensitive
        Timeout: 00:00:03
        Filter: [abc]{{1}}
        Connection: Mock&lt;iCore.Public.Ftp.IFileTransferConnection:a699&gt;.Object
        ScanInterval: 1
        ScanDirectory: ScanDir
        SettleTime: 0
        ScanFilter: *.txt
        LocalDirectory: A:\localdir
        DeleteServerFile: True
}
3: Activity [1] "SftpFtpReaderExActivity" scheduled child activity [1.1] "TryCatch1"
4: Activity [1.1] "TryCatch1" is Executing
{
    Variables
        connection: 370ad258-14b5-4f4c-ab6b-14952a992216
}
5: Activity [1.1] "TryCatch1" scheduled child activity [1.4] "TryCatch2"
6: Activity [1.4] "TryCatch2" is Executing
7: Activity [1.4] "TryCatch2" scheduled child activity [1.8] "MainSequence1"
8: Activity [1.8] "MainSequence1" is Executing
{
    Variables
        configuration: iCore.Workflow.Activities.Filesystem.FileReaderConfiguration
}
9: Activity [1.8] "MainSequence1" scheduled child activity [1.50] "CreateConfiguration1"
10: Activity [1.50] "CreateConfiguration1" is Executing
{
    Arguments
        FilterOptions: IgnoreCase
        ScanFilterOptions: FilterOnClientCaseSensitive
        Filter: [abc]{{1}}
        ScanInterval: 1
        ScanDirectory: ScanDir
        SettleTime: 0
        ScanFilter: *.txt
}
11: Activity [1.50] "CreateConfiguration1" is Closed
{
    Arguments
        FilterOptions: IgnoreCase
        ScanFilterOptions: FilterOnClientCaseSensitive
        Filter: [abc]{{1}}
        ScanInterval: 1
        Result: iCore.Workflow.Activities.Filesystem.FileReaderConfiguration
        ScanDirectory: ScanDir
        SettleTime: 0
        ScanFilter: *.txt
}
12: Activity [1.8] "MainSequence1" scheduled child activity [1.43] "StartReaderActivity1"
13: Activity [1.43] "StartReaderActivity1" is Executing
{
    Arguments
        Connection: Mock&lt;iCore.Public.Ftp.IFileTransferConnection:a699&gt;.Object
        Configuration: iCore.Workflow.Activities.Filesystem.FileReaderConfiguration
        OpenNewConnection: False
}
14: WorkflowInstance "SftpFtpReaderExActivity" is Idle
15: CustomTrackingRecord [1.43] "iCPSTraceTrackingRecord"
16: Activity [1.43] "StartReaderActivity1" is Closed
{
    Arguments
        Connection: Mock&lt;iCore.Public.Ftp.IFileTransferConnection:a699&gt;.Object
        Result: 370ad258-14b5-4f4c-ab6b-14952a992216
        Configuration: iCore.Workflow.Activities.Filesystem.FileReaderConfiguration
        OpenNewConnection: False
}
17: Activity [1.8] "MainSequence1" scheduled child activity [1.9] "OpenNextFile1"
18: Activity [1.9] "OpenNextFile1" is Executing
{
    Arguments
        LocalFileNameIn: LocalFileNameIn
        RenameFile: True
        MoveFileTo: a:\nother\directory\path
        ErrorOnTimeout: False
        SubscriptionId: 370ad258-14b5-4f4c-ab6b-14952a992216
        Timeout: 00:00:03
        Connection: Mock&lt;iCore.Public.Ftp.IFileTransferConnection:a699&gt;.Object
        IsImplicitlyCancellable: True
        LocalDirectory: A:\localdir
        DeleteServerFile: True
}
19: Activity [1.9] "OpenNextFile1" scheduled child activity [1.9.1] "Sequence"
20: Activity [1.9.1] "Sequence" is Executing
21: Activity [1.9.1] "Sequence" scheduled child activity [1.9.13] "Sequence"
22: Activity [1.9.13] "Sequence" is Executing
{
    Variables
        _1a25a75f_79d5_4484_98f9_c744c2b55c4d_343: 
        _1a25a75f_79d5_4484_98f9_c744c2b55c4d_344: 
        _1a25a75f_79d5_4484_98f9_c744c2b55c4d_345: 
}
23: Activity [1.9.13] "Sequence" scheduled child activity [1.9.93] "InternalGetNextFile1"
24: Activity [1.9.93] "InternalGetNextFile1" is Executing
{
    Arguments
        ErrorOnTimeout: False
        SubscriptionId: 370ad258-14b5-4f4c-ab6b-14952a992216
        Timeout: 00:00:03
        IsImplicitlyCancellable: True
}
25: CustomTrackingRecord [1.9.93] "iCPSTraceTrackingRecord"
26: WorkflowInstance "SftpFtpReaderExActivity" is Idle
27: Bookmark "1e5859ae-fa9d-49bc-8099-581b1071501f" resumed with payload &lt;iCore.Workflow.Activities.Extensions.ItemSubscriptionEventArgs`1[iCore.Common.Utilities.FileSystemWatcher.FileInfoBase]&gt; owner [1.9.93] "InternalGetNextFile1"
28: Activity [1.9.93] "InternalGetNextFile1" is Closed
{
    Arguments
        ErrorOnTimeout: False
        SubscriptionId: 370ad258-14b5-4f4c-ab6b-14952a992216
        FileName: 
        Timeout: 00:00:03
        IsImplicitlyCancellable: True
        FilePath: 
}
29: Activity [1.9.13] "Sequence" scheduled child activity [1.9.14] "If"
30: Activity [1.9.14] "If" is Executing
{
    Arguments
        Condition: False
}
31: Activity [1.9.14] "If" is Closed
{
    Arguments
        Condition: False
}
32: Activity [1.9.13] "Sequence" is Closed
{
    Variables
        _1a25a75f_79d5_4484_98f9_c744c2b55c4d_346: 
        _1a25a75f_79d5_4484_98f9_c744c2b55c4d_347: 
        _1a25a75f_79d5_4484_98f9_c744c2b55c4d_348: 
}
33: Activity [1.9.1] "Sequence" scheduled child activity [1.9.2] "OpenIfFileDownloaded1"
34: Activity [1.9.2] "OpenIfFileDownloaded1" is Executing
{
    Arguments
        Condition: False
}
35: Activity [1.9.2] "OpenIfFileDownloaded1" is Closed
{
    Arguments
        Condition: False
}
36: Activity [1.9.1] "Sequence" is Closed
37: Activity [1.9] "OpenNextFile1" is Closed
{
    Arguments
        LocalFileNameIn: LocalFileNameIn
        LocalFileNameOut: 
        RenameFile: True
        MoveFileTo: a:\nother\directory\path
        LocalFilePath: 
        ErrorOnTimeout: False
        SubscriptionId: 370ad258-14b5-4f4c-ab6b-14952a992216
        Timeout: 00:00:03
        Connection: Mock&lt;iCore.Public.Ftp.IFileTransferConnection:a699&gt;.Object
        OriginalFileName: 
        Data: 
        ProcessingFilePath: 
        IsImplicitlyCancellable: True
        LocalDirectory: A:\localdir
        ProcessingFileName: 
        OriginalFilePath: 
        DeleteServerFile: True
}
38: Activity [1.8] "MainSequence1" is Closed
{
    Variables
        configuration: iCore.Workflow.Activities.Filesystem.FileReaderConfiguration
}
39: Activity [1.4] "TryCatch2" scheduled child activity [1.5] "CloseConnection1"
40: Activity [1.5] "CloseConnection1" is Executing
{
    Arguments
        SubscriptionId: 370ad258-14b5-4f4c-ab6b-14952a992216
}
41: CustomTrackingRecord [1.5] "iCPSTraceTrackingRecord"
42: Activity [1.5] "CloseConnection1" is Closed
{
    Arguments
        SubscriptionId: 370ad258-14b5-4f4c-ab6b-14952a992216
}
43: Activity [1.4] "TryCatch2" is Closed
44: Activity [1.1] "TryCatch1" is Closed
{
    Variables
        connection: 370ad258-14b5-4f4c-ab6b-14952a992216
}
45: Activity [1] "SftpFtpReaderExActivity" is Closed
{
    Arguments
        LocalFileNameIn: LocalFileNameIn
        LocalFileNameOut: 
        RenameFile: True
        MoveFileTo: a:\nother\directory\path
        LocalFilePath: 
        FilterOptions: IgnoreCase
        ErrorOnTimeout: False
        ScanFilterOptions: FilterOnClientCaseSensitive
        Timeout: 00:00:03
        Filter: [abc]{{1}}
        Connection: Mock&lt;iCore.Public.Ftp.IFileTransferConnection:a699&gt;.Object
        OriginalFileName: 
        ScanInterval: 1
        ScanDirectory: ScanDir
        SettleTime: 0
        Data: 
        ProcessingFilePath: 
        ScanFilter: *.txt
        LocalDirectory: A:\localdir
        ProcessingFileName: 
        OriginalFilePath: 
        DeleteServerFile: True
}
46: WorkflowInstance "SftpFtpReaderExActivity" is Completed</StdOut>
      </Output>
    </UnitTestResult>
    <UnitTestResult executionId="28a6b695-e45c-480a-af45-21cc9e5b8d61" testId="3ab84651-852c-6dd7-8a07-d51d848339fd" testName="Allocate_InspectDefaultValue" computerName="ICSWS068" duration="00:00:00.0594167" startTime="2016-08-04T09:59:12.1865676+02:00" endTime="2016-08-04T09:59:12.2476713+02:00" testType="13cdc9d9-ddb5-4fa4-a97d-d965ccfc6d4b" outcome="Passed" testListId="8c84fa94-04c1-424b-9868-57a2d4851a1d" relativeResultsDirectory="28a6b695-e45c-480a-af45-21cc9e5b8d61">
      <Output>
        <StdOut>Debug Trace:
0: WorkflowInstance "SftpFtpReaderExActivity" is Started
1: Activity [null] "null" scheduled child activity [1] "SftpFtpReaderExActivity"
2: Activity [1] "SftpFtpReaderExActivity" is Executing
{
    Arguments
        LocalFileNameIn: LocalFileNameIn
        RenameFile: False
        MoveFileTo: MoveDir
        FilterOptions: IgnoreCase
        ErrorOnTimeout: True
        ScanFilterOptions: FilterOnServer
        Timeout: -00:00:00.0010000
        Filter: [abc]{{1}}
        Connection: Mock&lt;iCore.Public.Ftp.IFileTransferConnection:9474&gt;.Object
        ScanInterval: 30
        ScanDirectory: /
        SettleTime: 0
        ScanFilter: *
        LocalDirectory: A:\localdir
        DeleteServerFile: True
}
3: Activity [1] "SftpFtpReaderExActivity" scheduled child activity [1.1] "TryCatch1"
4: Activity [1.1] "TryCatch1" is Executing
{
    Variables
        connection: 905b156f-0e92-4437-aa30-05c527a8f3d3
}
5: Activity [1.1] "TryCatch1" scheduled child activity [1.4] "TryCatch2"
6: Activity [1.4] "TryCatch2" is Executing
7: Activity [1.4] "TryCatch2" scheduled child activity [1.8] "MainSequence1"
8: Activity [1.8] "MainSequence1" is Executing
{
    Variables
        configuration: iCore.Workflow.Activities.Filesystem.FileReaderConfiguration
}
9: Activity [1.8] "MainSequence1" scheduled child activity [1.50] "CreateConfiguration1"
10: Activity [1.50] "CreateConfiguration1" is Executing
{
    Arguments
        FilterOptions: IgnoreCase
        ScanFilterOptions: FilterOnServer
        Filter: [abc]{{1}}
        ScanInterval: 30
        ScanDirectory: /
        SettleTime: 0
        ScanFilter: *
}
11: Activity [1.50] "CreateConfiguration1" is Closed
{
    Arguments
        FilterOptions: IgnoreCase
        ScanFilterOptions: FilterOnServer
        Filter: [abc]{{1}}
        ScanInterval: 30
        Result: iCore.Workflow.Activities.Filesystem.FileReaderConfiguration
        ScanDirectory: /
        SettleTime: 0
        ScanFilter: *
}
12: Activity [1.8] "MainSequence1" scheduled child activity [1.43] "StartReaderActivity1"
13: Activity [1.43] "StartReaderActivity1" is Executing
{
    Arguments
        Connection: Mock&lt;iCore.Public.Ftp.IFileTransferConnection:9474&gt;.Object
        Configuration: iCore.Workflow.Activities.Filesystem.FileReaderConfiguration
        OpenNewConnection: False
}
14: WorkflowInstance "SftpFtpReaderExActivity" is Idle
15: CustomTrackingRecord [1.43] "iCPSTraceTrackingRecord"
16: Activity [1.43] "StartReaderActivity1" is Closed
{
    Arguments
        Connection: Mock&lt;iCore.Public.Ftp.IFileTransferConnection:9474&gt;.Object
        Result: 905b156f-0e92-4437-aa30-05c527a8f3d3
        Configuration: iCore.Workflow.Activities.Filesystem.FileReaderConfiguration
        OpenNewConnection: False
}
17: Activity [1.8] "MainSequence1" scheduled child activity [1.9] "OpenNextFile1"
18: Activity [1.9] "OpenNextFile1" is Executing
{
    Arguments
        LocalFileNameIn: LocalFileNameIn
        RenameFile: False
        MoveFileTo: MoveDir
        ErrorOnTimeout: True
        SubscriptionId: 905b156f-0e92-4437-aa30-05c527a8f3d3
        Timeout: -00:00:00.0010000
        Connection: Mock&lt;iCore.Public.Ftp.IFileTransferConnection:9474&gt;.Object
        IsImplicitlyCancellable: True
        LocalDirectory: A:\localdir
        DeleteServerFile: True
}
19: Activity [1.9] "OpenNextFile1" scheduled child activity [1.9.1] "Sequence"
20: Activity [1.9.1] "Sequence" is Executing
21: Activity [1.9.1] "Sequence" scheduled child activity [1.9.13] "Sequence"
22: Activity [1.9.13] "Sequence" is Executing
{
    Variables
        _1a25a75f_79d5_4484_98f9_c744c2b55c4d_349: 
        _1a25a75f_79d5_4484_98f9_c744c2b55c4d_350: 
        _1a25a75f_79d5_4484_98f9_c744c2b55c4d_351: 
}
23: Activity [1.9.13] "Sequence" scheduled child activity [1.9.93] "InternalGetNextFile1"
24: Activity [1.9.93] "InternalGetNextFile1" is Executing
{
    Arguments
        ErrorOnTimeout: True
        SubscriptionId: 905b156f-0e92-4437-aa30-05c527a8f3d3
        Timeout: -00:00:00.0010000
        IsImplicitlyCancellable: True
}
25: CustomTrackingRecord [1.9.93] "iCPSTraceTrackingRecord"
26: WorkflowInstance "SftpFtpReaderExActivity" is Idle</StdOut>
      </Output>
    </UnitTestResult>
    <UnitTestResult executionId="13dc26cd-ab0d-4d27-9d56-69f4dc80931f" testId="b540a9c5-1f14-6510-fa84-50aeceaabdba" testName="VerifyArgumentAttributes_SameAsGetSftpFtpNextFileActivity" computerName="ICSWS068" duration="00:00:00.0069297" startTime="2016-08-04T09:59:12.2511586+02:00" endTime="2016-08-04T09:59:12.2597488+02:00" testType="13cdc9d9-ddb5-4fa4-a97d-d965ccfc6d4b" outcome="Passed" testListId="8c84fa94-04c1-424b-9868-57a2d4851a1d" relativeResultsDirectory="13dc26cd-ab0d-4d27-9d56-69f4dc80931f" />
    <UnitTestResult executionId="b1669740-d673-4fd0-820c-e9ff402626ea" testId="83fd843d-af0e-0bf0-5b9c-7dfb48ec9a91" testName="Invoke_ValidArgs_CreateSftpFtpReaderConfigurationActivityUsedAndPopulatedCorrectly" computerName="ICSWS068" duration="00:00:00.0743645" startTime="2016-08-04T09:59:12.2627341+02:00" endTime="2016-08-04T09:59:12.3387630+02:00" testType="13cdc9d9-ddb5-4fa4-a97d-d965ccfc6d4b" outcome="Passed" testListId="8c84fa94-04c1-424b-9868-57a2d4851a1d" relativeResultsDirectory="b1669740-d673-4fd0-820c-e9ff402626ea">
      <Output>
        <StdOut>Debug Trace:
0: WorkflowInstance "SftpFtpReaderActivity" is Started
1: Activity [null] "null" scheduled child activity [1] "SftpFtpReaderActivity"
2: Activity [1] "SftpFtpReaderActivity" is Executing
{
    Arguments
        LocalFileNameIn: LocalFileNameIn
        RenameFile: True
        MoveFileTo: MoveToDir
        FilterOptions: IgnoreCase
        ErrorOnTimeout: True
        ScanFilterOptions: FilterOnClientCaseSensitive
        Timeout: 00:00:03
        Filter: [abc]{{1}}
        Connection: Mock&lt;iCore.Public.Ftp.IFileTransferConnection:1280&gt;.Object
        ScanInterval: 1
        ScanDirectory: ScanDir
        SettleTime: 0
        ScanFilter: *.txt
        LocalDirectory: A:\localdir
        DeleteServerFile: True
}
3: Activity [1] "SftpFtpReaderActivity" scheduled child activity [1.1] "TryCatch1"
4: Activity [1.1] "TryCatch1" is Executing
{
    Variables
        connection: 9ff00026-6390-4d84-8b2f-b027686ed4b4
}
5: Activity [1.1] "TryCatch1" scheduled child activity [1.4] "TryCatch2"
6: Activity [1.4] "TryCatch2" is Executing
7: Activity [1.4] "TryCatch2" scheduled child activity [1.8] "MainSequence1"
8: Activity [1.8] "MainSequence1" is Executing
{
    Variables
        configuration: iCore.Workflow.Activities.Filesystem.FileReaderConfiguration
}
9: Activity [1.8] "MainSequence1" scheduled child activity [1.48] "CreateConfiguration1"
10: Activity [1.48] "CreateConfiguration1" is Executing
{
    Arguments
        FilterOptions: IgnoreCase
        ScanFilterOptions: FilterOnClientCaseSensitive
        Filter: [abc]{{1}}
        ScanInterval: 1
        ScanDirectory: ScanDir
        SettleTime: 0
        ScanFilter: *.txt
}
11: Activity [1.48] "CreateConfiguration1" is Closed
{
    Arguments
        FilterOptions: IgnoreCase
        ScanFilterOptions: FilterOnClientCaseSensitive
        Filter: [abc]{{1}}
        ScanInterval: 1
        Result: iCore.Workflow.Activities.Filesystem.FileReaderConfiguration
        ScanDirectory: ScanDir
        SettleTime: 0
        ScanFilter: *.txt
}
12: Activity [1.8] "MainSequence1" scheduled child activity [1.41] "StartReaderActivity1"
13: Activity [1.41] "StartReaderActivity1" is Executing
{
    Arguments
        Connection: Mock&lt;iCore.Public.Ftp.IFileTransferConnection:1280&gt;.Object
        Configuration: iCore.Workflow.Activities.Filesystem.FileReaderConfiguration
        OpenNewConnection: False
}
14: WorkflowInstance "SftpFtpReaderActivity" is Idle
15: CustomTrackingRecord [1.41] "iCPSTraceTrackingRecord"
16: Activity [1.41] "StartReaderActivity1" is Closed
{
    Arguments
        Connection: Mock&lt;iCore.Public.Ftp.IFileTransferConnection:1280&gt;.Object
        Result: 9ff00026-6390-4d84-8b2f-b027686ed4b4
        Configuration: iCore.Workflow.Activities.Filesystem.FileReaderConfiguration
        OpenNewConnection: False
}
17: Activity [1.8] "MainSequence1" scheduled child activity [1.9] "GetNextFile1"
18: Activity [1.9] "GetNextFile1" is Executing
{
    Arguments
        LocalFileNameIn: LocalFileNameIn
        RenameFile: True
        MoveFileTo: MoveToDir
        ErrorOnTimeout: True
        SubscriptionId: 9ff00026-6390-4d84-8b2f-b027686ed4b4
        Timeout: 00:00:03
        Connection: Mock&lt;iCore.Public.Ftp.IFileTransferConnection:1280&gt;.Object
        IsImplicitlyCancellable: True
        LocalDirectory: A:\localdir
        DeleteServerFile: True
}
19: Activity [1.9] "GetNextFile1" scheduled child activity [1.9.1] "Sequence"
20: Activity [1.9.1] "Sequence" is Executing
{
    Variables
        _1a25a75f_79d5_4484_98f9_c744c2b55c4d_352: Mock&lt;System.IO.Stream:c1b9&gt;.Object
        _1a25a75f_79d5_4484_98f9_c744c2b55c4d_353: LocalFileNameIn
        _1a25a75f_79d5_4484_98f9_c744c2b55c4d_354: A:\localdir\LocalFileNameIn
}
21: Activity [1.9.1] "Sequence" scheduled child activity [1.9.81] "InternalGetNextFile1"
22: Activity [1.9.81] "InternalGetNextFile1" is Executing
{
    Arguments
        ErrorOnTimeout: True
        SubscriptionId: 9ff00026-6390-4d84-8b2f-b027686ed4b4
        Timeout: 00:00:03
        IsImplicitlyCancellable: True
}
23: CustomTrackingRecord [1.9.81] "iCPSTraceTrackingRecord"
24: WorkflowInstance "SftpFtpReaderActivity" is Idle
25: Bookmark "c991b304-bead-430e-ac70-a8d6b3c8b8bc" resumed with payload &lt;iCore.Workflow.Activities.Extensions.ItemSubscriptionEventArgs`1[iCore.Common.Utilities.FileSystemWatcher.FileInfoBase]&gt; owner [1.9.81] "InternalGetNextFile1"
26: Activity [1.9.81] "InternalGetNextFile1" is Closed
{
    Arguments
        ErrorOnTimeout: True
        SubscriptionId: 9ff00026-6390-4d84-8b2f-b027686ed4b4
        FileName: notInterestingEither
        Timeout: 00:00:03
        IsImplicitlyCancellable: True
        FilePath: leastInteresting
}
27: Activity [1.9.1] "Sequence" scheduled child activity [1.9.2] "If"
28: Activity [1.9.2] "If" is Executing
{
    Arguments
        Condition: True
}
29: Activity [1.9.2] "If" scheduled child activity [1.9.6] "TryCatch"
30: Activity [1.9.6] "TryCatch" is Executing
31: Activity [1.9.6] "TryCatch" scheduled child activity [1.9.10] "TrySequence1"
32: Activity [1.9.10] "TrySequence1" is Executing
33: Activity [1.9.10] "TrySequence1" scheduled child activity [1.9.75] "AssignProcessingFileName"
34: Activity [1.9.75] "AssignProcessingFileName" is Executing
{
    Arguments
        Value: e7396e14-c5e2-4dd1-b609-a4e835e728dc
}
35: Activity [1.9.75] "AssignProcessingFileName" is Closed
{
    Arguments
        Value: e7396e14-c5e2-4dd1-b609-a4e835e728dc
        To: e7396e14-c5e2-4dd1-b609-a4e835e728dc
}
36: Activity [1.9.10] "TrySequence1" scheduled child activity [1.9.68] "AssignProcessingFilePath"
37: Activity [1.9.68] "AssignProcessingFilePath" is Executing
{
    Arguments
        Value: MoveToDir/e7396e14-c5e2-4dd1-b609-a4e835e728dc
}
38: Activity [1.9.68] "AssignProcessingFilePath" is Closed
{
    Arguments
        Value: MoveToDir/e7396e14-c5e2-4dd1-b609-a4e835e728dc
        To: MoveToDir/e7396e14-c5e2-4dd1-b609-a4e835e728dc
}
39: Activity [1.9.10] "TrySequence1" scheduled child activity [1.9.56] "IfRenameFile"
40: Activity [1.9.56] "IfRenameFile" is Executing
{
    Arguments
        Condition: True
}
41: Activity [1.9.56] "IfRenameFile" scheduled child activity [1.9.60] "RenameSftpFtpFile1"
42: Activity [1.9.60] "RenameSftpFtpFile1" is Executing
{
    Arguments
        FromFilename: leastInteresting
        Overwrite: True
        ToFilename: MoveToDir/e7396e14-c5e2-4dd1-b609-a4e835e728dc
        Connection: Mock&lt;iCore.Public.Ftp.IFileTransferConnection:1280&gt;.Object
}
43: WorkflowInstance "SftpFtpReaderActivity" is Idle
44: Activity [1.9.60] "RenameSftpFtpFile1" is Closed
{
    Arguments
        FromFilename: leastInteresting
        Overwrite: True
        ToFilename: MoveToDir/e7396e14-c5e2-4dd1-b609-a4e835e728dc
        Connection: Mock&lt;iCore.Public.Ftp.IFileTransferConnection:1280&gt;.Object
}
45: Activity [1.9.56] "IfRenameFile" is Closed
{
    Arguments
        Condition: True
}
46: Activity [1.9.10] "TrySequence1" scheduled child activity [1.9.50] "SetLocalFileName"
47: Activity [1.9.50] "SetLocalFileName" is Executing
{
    Arguments
        Value: LocalFileNameIn
}
48: Activity [1.9.50] "SetLocalFileName" is Closed
{
    Arguments
        Value: LocalFileNameIn
        To: LocalFileNameIn
}
49: Activity [1.9.10] "TrySequence1" scheduled child activity [1.9.44] "SetLocalFilePath"
50: Activity [1.9.44] "SetLocalFilePath" is Executing
{
    Arguments
        Value: A:\localdir\LocalFileNameIn
}
51: Activity [1.9.44] "SetLocalFilePath" is Closed
{
    Arguments
        Value: A:\localdir\LocalFileNameIn
        To: A:\localdir\LocalFileNameIn
}
52: Activity [1.9.10] "TrySequence1" scheduled child activity [1.9.36] "OpenFile1"
53: Activity [1.9.36] "OpenFile1" is Executing
{
    Arguments
        FileAccess: ReadWrite
        FileMode: Create
        FileName: A:\localdir\LocalFileNameIn
        FileShare: None
}
54: WorkflowInstance "SftpFtpReaderActivity" is Idle
55: Activity [1.9.36] "OpenFile1" is Closed
{
    Arguments
        FileAccess: ReadWrite
        FileMode: Create
        FileName: A:\localdir\LocalFileNameIn
        Result: Mock&lt;System.IO.Stream:c1b9&gt;.Object
        FileShare: None
}
56: Activity [1.9.10] "TrySequence1" scheduled child activity [1.9.30] "DownloadSftpFtpFileToStream1"
57: Activity [1.9.30] "DownloadSftpFtpFileToStream1" is Executing
{
    Arguments
        DestinationStream: Mock&lt;System.IO.Stream:c1b9&gt;.Object
        SourceFilename: MoveToDir/e7396e14-c5e2-4dd1-b609-a4e835e728dc
        Connection: Mock&lt;iCore.Public.Ftp.IFileTransferConnection:1280&gt;.Object
}
58: WorkflowInstance "SftpFtpReaderActivity" is Idle
59: Activity [1.9.30] "DownloadSftpFtpFileToStream1" is Closed
{
    Arguments
        DestinationStream: Mock&lt;System.IO.Stream:c1b9&gt;.Object
        SourceFilename: MoveToDir/e7396e14-c5e2-4dd1-b609-a4e835e728dc
        Connection: Mock&lt;iCore.Public.Ftp.IFileTransferConnection:1280&gt;.Object
}
60: Activity [1.9.10] "TrySequence1" scheduled child activity [1.9.21] "If"
61: Activity [1.9.21] "If" is Executing
{
    Arguments
        Condition: True
}
62: Activity [1.9.21] "If" scheduled child activity [1.9.24] "DeleteSftpFtpFile1"
63: Activity [1.9.24] "DeleteSftpFtpFile1" is Executing
{
    Arguments
        Connection: Mock&lt;iCore.Public.Ftp.IFileTransferConnection:1280&gt;.Object
        Filename: MoveToDir/e7396e14-c5e2-4dd1-b609-a4e835e728dc
        ErrorOnNoFile: False
}
64: WorkflowInstance "SftpFtpReaderActivity" is Idle
65: Activity [1.9.24] "DeleteSftpFtpFile1" is Closed
{
    Arguments
        Connection: Mock&lt;iCore.Public.Ftp.IFileTransferConnection:1280&gt;.Object
        Filename: MoveToDir/e7396e14-c5e2-4dd1-b609-a4e835e728dc
        ErrorOnNoFile: False
}
66: Activity [1.9.21] "If" is Closed
{
    Arguments
        Condition: True
}
67: Activity [1.9.10] "TrySequence1" scheduled child activity [1.9.16] "AssignLocalFileNameOut"
68: Activity [1.9.16] "AssignLocalFileNameOut" is Executing
{
    Arguments
        Value: LocalFileNameIn
}
69: Activity [1.9.16] "AssignLocalFileNameOut" is Closed
{
    Arguments
        Value: LocalFileNameIn
        To: LocalFileNameIn
}
70: Activity [1.9.10] "TrySequence1" scheduled child activity [1.9.11] "AssignLocalFilePath"
71: Activity [1.9.11] "AssignLocalFilePath" is Executing
{
    Arguments
        Value: A:\localdir\LocalFileNameIn
}
72: Activity [1.9.11] "AssignLocalFilePath" is Closed
{
    Arguments
        Value: A:\localdir\LocalFileNameIn
        To: A:\localdir\LocalFileNameIn
}
73: Activity [1.9.10] "TrySequence1" is Closed
74: Activity [1.9.6] "TryCatch" scheduled child activity [1.9.7] "FinallySequence1"
75: Activity [1.9.7] "FinallySequence1" is Executing
76: Activity [1.9.7] "FinallySequence1" scheduled child activity [1.9.8] "CloseStream1"
77: Activity [1.9.8] "CloseStream1" is Executing
{
    Arguments
        Stream: Mock&lt;System.IO.Stream:c1b9&gt;.Object
}
78: WorkflowInstance "SftpFtpReaderActivity" is Idle
79: Activity [1.9.8] "CloseStream1" is Closed
{
    Arguments
        Stream: Mock&lt;System.IO.Stream:c1b9&gt;.Object
}
80: Activity [1.9.7] "FinallySequence1" is Closed
81: Activity [1.9.6] "TryCatch" is Closed
82: Activity [1.9.2] "If" is Closed
{
    Arguments
        Condition: True
}
83: Activity [1.9.1] "Sequence" is Closed
{
    Variables
        _1a25a75f_79d5_4484_98f9_c744c2b55c4d_355: Mock&lt;System.IO.Stream:c1b9&gt;.Object
        _1a25a75f_79d5_4484_98f9_c744c2b55c4d_356: LocalFileNameIn
        _1a25a75f_79d5_4484_98f9_c744c2b55c4d_357: A:\localdir\LocalFileNameIn
}
84: Activity [1.9] "GetNextFile1" is Closed
{
    Arguments
        LocalFileNameIn: LocalFileNameIn
        LocalFileNameOut: LocalFileNameIn
        RenameFile: True
        MoveFileTo: MoveToDir
        LocalFilePath: A:\localdir\LocalFileNameIn
        ErrorOnTimeout: True
        SubscriptionId: 9ff00026-6390-4d84-8b2f-b027686ed4b4
        Timeout: 00:00:03
        Connection: Mock&lt;iCore.Public.Ftp.IFileTransferConnection:1280&gt;.Object
        OriginalFileName: notInterestingEither
        ProcessingFilePath: MoveToDir/e7396e14-c5e2-4dd1-b609-a4e835e728dc
        IsImplicitlyCancellable: True
        LocalDirectory: A:\localdir
        ProcessingFileName: e7396e14-c5e2-4dd1-b609-a4e835e728dc
        OriginalFilePath: leastInteresting
        DeleteServerFile: True
}
85: Activity [1.8] "MainSequence1" is Closed
{
    Variables
        configuration: iCore.Workflow.Activities.Filesystem.FileReaderConfiguration
}
86: Activity [1.4] "TryCatch2" scheduled child activity [1.5] "CloseConnection1"
87: Activity [1.5] "CloseConnection1" is Executing
{
    Arguments
        SubscriptionId: 9ff00026-6390-4d84-8b2f-b027686ed4b4
}
88: CustomTrackingRecord [1.5] "iCPSTraceTrackingRecord"
89: Activity [1.5] "CloseConnection1" is Closed
{
    Arguments
        SubscriptionId: 9ff00026-6390-4d84-8b2f-b027686ed4b4
}
90: Activity [1.4] "TryCatch2" is Closed
91: Activity [1.1] "TryCatch1" is Closed
{
    Variables
        connection: 9ff00026-6390-4d84-8b2f-b027686ed4b4
}
92: Activity [1] "SftpFtpReaderActivity" is Closed
{
    Arguments
        LocalFileNameIn: LocalFileNameIn
        LocalFileNameOut: LocalFileNameIn
        RenameFile: True
        MoveFileTo: MoveToDir
        LocalFilePath: A:\localdir\LocalFileNameIn
        FilterOptions: IgnoreCase
        ErrorOnTimeout: True
        ScanFilterOptions: FilterOnClientCaseSensitive
        Timeout: 00:00:03
        Filter: [abc]{{1}}
        Connection: Mock&lt;iCore.Public.Ftp.IFileTransferConnection:1280&gt;.Object
        OriginalFileName: notInterestingEither
        ScanInterval: 1
        ScanDirectory: ScanDir
        SettleTime: 0
        ProcessingFilePath: MoveToDir/e7396e14-c5e2-4dd1-b609-a4e835e728dc
        ScanFilter: *.txt
        LocalDirectory: A:\localdir
        ProcessingFileName: e7396e14-c5e2-4dd1-b609-a4e835e728dc
        OriginalFilePath: leastInteresting
        DeleteServerFile: True
}
93: WorkflowInstance "SftpFtpReaderActivity" is Completed</StdOut>
      </Output>
    </UnitTestResult>
    <UnitTestResult executionId="c90037dc-6d73-4575-9ecb-bb3918fc729e" testId="42aaad5e-2fc7-eee4-57c0-bac15f447283" testName="Invoke_ValidArgs_GetSftpFtpNextFileActivityUsedAndPopulatedCorrectly" computerName="ICSWS068" duration="00:00:00.0652662" startTime="2016-08-04T09:59:12.3417571+02:00" endTime="2016-08-04T09:59:12.4084551+02:00" testType="13cdc9d9-ddb5-4fa4-a97d-d965ccfc6d4b" outcome="Passed" testListId="8c84fa94-04c1-424b-9868-57a2d4851a1d" relativeResultsDirectory="c90037dc-6d73-4575-9ecb-bb3918fc729e">
      <Output>
        <StdOut>Debug Trace:
0: WorkflowInstance "SftpFtpReaderActivity" is Started
1: Activity [null] "null" scheduled child activity [1] "SftpFtpReaderActivity"
2: Activity [1] "SftpFtpReaderActivity" is Executing
{
    Arguments
        LocalFileNameIn: LocalFileNameIn
        RenameFile: True
        MoveFileTo: MoveToDir
        FilterOptions: IgnoreCase
        ErrorOnTimeout: True
        ScanFilterOptions: FilterOnClientCaseSensitive
        Timeout: 00:00:03
        Filter: [abc]{{1}}
        Connection: Mock&lt;iCore.Public.Ftp.IFileTransferConnection:3944&gt;.Object
        ScanInterval: 1
        ScanDirectory: ScanDir
        SettleTime: 0
        ScanFilter: *.txt
        LocalDirectory: A:\localdir
        DeleteServerFile: True
}
3: Activity [1] "SftpFtpReaderActivity" scheduled child activity [1.1] "TryCatch1"
4: Activity [1.1] "TryCatch1" is Executing
{
    Variables
        connection: 559e404e-2af1-40c3-93ed-84b3b6531c85
}
5: Activity [1.1] "TryCatch1" scheduled child activity [1.4] "TryCatch2"
6: Activity [1.4] "TryCatch2" is Executing
7: Activity [1.4] "TryCatch2" scheduled child activity [1.8] "MainSequence1"
8: Activity [1.8] "MainSequence1" is Executing
{
    Variables
        configuration: iCore.Workflow.Activities.Filesystem.FileReaderConfiguration
}
9: Activity [1.8] "MainSequence1" scheduled child activity [1.48] "CreateConfiguration1"
10: Activity [1.48] "CreateConfiguration1" is Executing
{
    Arguments
        FilterOptions: IgnoreCase
        ScanFilterOptions: FilterOnClientCaseSensitive
        Filter: [abc]{{1}}
        ScanInterval: 1
        ScanDirectory: ScanDir
        SettleTime: 0
        ScanFilter: *.txt
}
11: Activity [1.48] "CreateConfiguration1" is Closed
{
    Arguments
        FilterOptions: IgnoreCase
        ScanFilterOptions: FilterOnClientCaseSensitive
        Filter: [abc]{{1}}
        ScanInterval: 1
        Result: iCore.Workflow.Activities.Filesystem.FileReaderConfiguration
        ScanDirectory: ScanDir
        SettleTime: 0
        ScanFilter: *.txt
}
12: Activity [1.8] "MainSequence1" scheduled child activity [1.41] "StartReaderActivity1"
13: Activity [1.41] "StartReaderActivity1" is Executing
{
    Arguments
        Connection: Mock&lt;iCore.Public.Ftp.IFileTransferConnection:3944&gt;.Object
        Configuration: iCore.Workflow.Activities.Filesystem.FileReaderConfiguration
        OpenNewConnection: False
}
14: WorkflowInstance "SftpFtpReaderActivity" is Idle
15: CustomTrackingRecord [1.41] "iCPSTraceTrackingRecord"
16: Activity [1.41] "StartReaderActivity1" is Closed
{
    Arguments
        Connection: Mock&lt;iCore.Public.Ftp.IFileTransferConnection:3944&gt;.Object
        Result: 559e404e-2af1-40c3-93ed-84b3b6531c85
        Configuration: iCore.Workflow.Activities.Filesystem.FileReaderConfiguration
        OpenNewConnection: False
}
17: Activity [1.8] "MainSequence1" scheduled child activity [1.9] "GetNextFile1"
18: Activity [1.9] "GetNextFile1" is Executing
{
    Arguments
        LocalFileNameIn: LocalFileNameIn
        RenameFile: True
        MoveFileTo: MoveToDir
        ErrorOnTimeout: True
        SubscriptionId: 559e404e-2af1-40c3-93ed-84b3b6531c85
        Timeout: 00:00:03
        Connection: Mock&lt;iCore.Public.Ftp.IFileTransferConnection:3944&gt;.Object
        IsImplicitlyCancellable: True
        LocalDirectory: A:\localdir
        DeleteServerFile: True
}
19: Activity [1.9] "GetNextFile1" scheduled child activity [1.9.1] "Sequence"
20: Activity [1.9.1] "Sequence" is Executing
{
    Variables
        _1a25a75f_79d5_4484_98f9_c744c2b55c4d_358: Mock&lt;System.IO.Stream:b1a1&gt;.Object
        _1a25a75f_79d5_4484_98f9_c744c2b55c4d_359: LocalFileNameIn
        _1a25a75f_79d5_4484_98f9_c744c2b55c4d_360: A:\localdir\LocalFileNameIn
}
21: Activity [1.9.1] "Sequence" scheduled child activity [1.9.81] "InternalGetNextFile1"
22: Activity [1.9.81] "InternalGetNextFile1" is Executing
{
    Arguments
        ErrorOnTimeout: True
        SubscriptionId: 559e404e-2af1-40c3-93ed-84b3b6531c85
        Timeout: 00:00:03
        IsImplicitlyCancellable: True
}
23: CustomTrackingRecord [1.9.81] "iCPSTraceTrackingRecord"
24: WorkflowInstance "SftpFtpReaderActivity" is Idle
25: Bookmark "e97a87c3-b63d-4db3-957b-a890b1226eed" resumed with payload &lt;iCore.Workflow.Activities.Extensions.ItemSubscriptionEventArgs`1[iCore.Common.Utilities.FileSystemWatcher.FileInfoBase]&gt; owner [1.9.81] "InternalGetNextFile1"
26: Activity [1.9.81] "InternalGetNextFile1" is Closed
{
    Arguments
        ErrorOnTimeout: True
        SubscriptionId: 559e404e-2af1-40c3-93ed-84b3b6531c85
        FileName: notInterestingEither
        Timeout: 00:00:03
        IsImplicitlyCancellable: True
        FilePath: leastInteresting
}
27: Activity [1.9.1] "Sequence" scheduled child activity [1.9.2] "If"
28: Activity [1.9.2] "If" is Executing
{
    Arguments
        Condition: True
}
29: Activity [1.9.2] "If" scheduled child activity [1.9.6] "TryCatch"
30: Activity [1.9.6] "TryCatch" is Executing
31: Activity [1.9.6] "TryCatch" scheduled child activity [1.9.10] "TrySequence1"
32: Activity [1.9.10] "TrySequence1" is Executing
33: Activity [1.9.10] "TrySequence1" scheduled child activity [1.9.75] "AssignProcessingFileName"
34: Activity [1.9.75] "AssignProcessingFileName" is Executing
{
    Arguments
        Value: ed5709a7-3eb2-408b-a6cd-0a85160ea162
}
35: Activity [1.9.75] "AssignProcessingFileName" is Closed
{
    Arguments
        Value: ed5709a7-3eb2-408b-a6cd-0a85160ea162
        To: ed5709a7-3eb2-408b-a6cd-0a85160ea162
}
36: Activity [1.9.10] "TrySequence1" scheduled child activity [1.9.68] "AssignProcessingFilePath"
37: Activity [1.9.68] "AssignProcessingFilePath" is Executing
{
    Arguments
        Value: MoveToDir/ed5709a7-3eb2-408b-a6cd-0a85160ea162
}
38: Activity [1.9.68] "AssignProcessingFilePath" is Closed
{
    Arguments
        Value: MoveToDir/ed5709a7-3eb2-408b-a6cd-0a85160ea162
        To: MoveToDir/ed5709a7-3eb2-408b-a6cd-0a85160ea162
}
39: Activity [1.9.10] "TrySequence1" scheduled child activity [1.9.56] "IfRenameFile"
40: Activity [1.9.56] "IfRenameFile" is Executing
{
    Arguments
        Condition: True
}
41: Activity [1.9.56] "IfRenameFile" scheduled child activity [1.9.60] "RenameSftpFtpFile1"
42: Activity [1.9.60] "RenameSftpFtpFile1" is Executing
{
    Arguments
        FromFilename: leastInteresting
        Overwrite: True
        ToFilename: MoveToDir/ed5709a7-3eb2-408b-a6cd-0a85160ea162
        Connection: Mock&lt;iCore.Public.Ftp.IFileTransferConnection:3944&gt;.Object
}
43: WorkflowInstance "SftpFtpReaderActivity" is Idle
44: Activity [1.9.60] "RenameSftpFtpFile1" is Closed
{
    Arguments
        FromFilename: leastInteresting
        Overwrite: True
        ToFilename: MoveToDir/ed5709a7-3eb2-408b-a6cd-0a85160ea162
        Connection: Mock&lt;iCore.Public.Ftp.IFileTransferConnection:3944&gt;.Object
}
45: Activity [1.9.56] "IfRenameFile" is Closed
{
    Arguments
        Condition: True
}
46: Activity [1.9.10] "TrySequence1" scheduled child activity [1.9.50] "SetLocalFileName"
47: Activity [1.9.50] "SetLocalFileName" is Executing
{
    Arguments
        Value: LocalFileNameIn
}
48: Activity [1.9.50] "SetLocalFileName" is Closed
{
    Arguments
        Value: LocalFileNameIn
        To: LocalFileNameIn
}
49: Activity [1.9.10] "TrySequence1" scheduled child activity [1.9.44] "SetLocalFilePath"
50: Activity [1.9.44] "SetLocalFilePath" is Executing
{
    Arguments
        Value: A:\localdir\LocalFileNameIn
}
51: Activity [1.9.44] "SetLocalFilePath" is Closed
{
    Arguments
        Value: A:\localdir\LocalFileNameIn
        To: A:\localdir\LocalFileNameIn
}
52: Activity [1.9.10] "TrySequence1" scheduled child activity [1.9.36] "OpenFile1"
53: Activity [1.9.36] "OpenFile1" is Executing
{
    Arguments
        FileAccess: ReadWrite
        FileMode: Create
        FileName: A:\localdir\LocalFileNameIn
        FileShare: None
}
54: WorkflowInstance "SftpFtpReaderActivity" is Idle
55: Activity [1.9.36] "OpenFile1" is Closed
{
    Arguments
        FileAccess: ReadWrite
        FileMode: Create
        FileName: A:\localdir\LocalFileNameIn
        Result: Mock&lt;System.IO.Stream:b1a1&gt;.Object
        FileShare: None
}
56: Activity [1.9.10] "TrySequence1" scheduled child activity [1.9.30] "DownloadSftpFtpFileToStream1"
57: Activity [1.9.30] "DownloadSftpFtpFileToStream1" is Executing
{
    Arguments
        DestinationStream: Mock&lt;System.IO.Stream:b1a1&gt;.Object
        SourceFilename: MoveToDir/ed5709a7-3eb2-408b-a6cd-0a85160ea162
        Connection: Mock&lt;iCore.Public.Ftp.IFileTransferConnection:3944&gt;.Object
}
58: WorkflowInstance "SftpFtpReaderActivity" is Idle
59: Activity [1.9.30] "DownloadSftpFtpFileToStream1" is Closed
{
    Arguments
        DestinationStream: Mock&lt;System.IO.Stream:b1a1&gt;.Object
        SourceFilename: MoveToDir/ed5709a7-3eb2-408b-a6cd-0a85160ea162
        Connection: Mock&lt;iCore.Public.Ftp.IFileTransferConnection:3944&gt;.Object
}
60: Activity [1.9.10] "TrySequence1" scheduled child activity [1.9.21] "If"
61: Activity [1.9.21] "If" is Executing
{
    Arguments
        Condition: True
}
62: Activity [1.9.21] "If" scheduled child activity [1.9.24] "DeleteSftpFtpFile1"
63: Activity [1.9.24] "DeleteSftpFtpFile1" is Executing
{
    Arguments
        Connection: Mock&lt;iCore.Public.Ftp.IFileTransferConnection:3944&gt;.Object
        Filename: MoveToDir/ed5709a7-3eb2-408b-a6cd-0a85160ea162
        ErrorOnNoFile: False
}
64: WorkflowInstance "SftpFtpReaderActivity" is Idle
65: Activity [1.9.24] "DeleteSftpFtpFile1" is Closed
{
    Arguments
        Connection: Mock&lt;iCore.Public.Ftp.IFileTransferConnection:3944&gt;.Object
        Filename: MoveToDir/ed5709a7-3eb2-408b-a6cd-0a85160ea162
        ErrorOnNoFile: False
}
66: Activity [1.9.21] "If" is Closed
{
    Arguments
        Condition: True
}
67: Activity [1.9.10] "TrySequence1" scheduled child activity [1.9.16] "AssignLocalFileNameOut"
68: Activity [1.9.16] "AssignLocalFileNameOut" is Executing
{
    Arguments
        Value: LocalFileNameIn
}
69: Activity [1.9.16] "AssignLocalFileNameOut" is Closed
{
    Arguments
        Value: LocalFileNameIn
        To: LocalFileNameIn
}
70: Activity [1.9.10] "TrySequence1" scheduled child activity [1.9.11] "AssignLocalFilePath"
71: Activity [1.9.11] "AssignLocalFilePath" is Executing
{
    Arguments
        Value: A:\localdir\LocalFileNameIn
}
72: Activity [1.9.11] "AssignLocalFilePath" is Closed
{
    Arguments
        Value: A:\localdir\LocalFileNameIn
        To: A:\localdir\LocalFileNameIn
}
73: Activity [1.9.10] "TrySequence1" is Closed
74: Activity [1.9.6] "TryCatch" scheduled child activity [1.9.7] "FinallySequence1"
75: Activity [1.9.7] "FinallySequence1" is Executing
76: Activity [1.9.7] "FinallySequence1" scheduled child activity [1.9.8] "CloseStream1"
77: Activity [1.9.8] "CloseStream1" is Executing
{
    Arguments
        Stream: Mock&lt;System.IO.Stream:b1a1&gt;.Object
}
78: WorkflowInstance "SftpFtpReaderActivity" is Idle
79: Activity [1.9.8] "CloseStream1" is Closed
{
    Arguments
        Stream: Mock&lt;System.IO.Stream:b1a1&gt;.Object
}
80: Activity [1.9.7] "FinallySequence1" is Closed
81: Activity [1.9.6] "TryCatch" is Closed
82: Activity [1.9.2] "If" is Closed
{
    Arguments
        Condition: True
}
83: Activity [1.9.1] "Sequence" is Closed
{
    Variables
        _1a25a75f_79d5_4484_98f9_c744c2b55c4d_361: Mock&lt;System.IO.Stream:b1a1&gt;.Object
        _1a25a75f_79d5_4484_98f9_c744c2b55c4d_362: LocalFileNameIn
        _1a25a75f_79d5_4484_98f9_c744c2b55c4d_363: A:\localdir\LocalFileNameIn
}
84: Activity [1.9] "GetNextFile1" is Closed
{
    Arguments
        LocalFileNameIn: LocalFileNameIn
        LocalFileNameOut: LocalFileNameIn
        RenameFile: True
        MoveFileTo: MoveToDir
        LocalFilePath: A:\localdir\LocalFileNameIn
        ErrorOnTimeout: True
        SubscriptionId: 559e404e-2af1-40c3-93ed-84b3b6531c85
        Timeout: 00:00:03
        Connection: Mock&lt;iCore.Public.Ftp.IFileTransferConnection:3944&gt;.Object
        OriginalFileName: notInterestingEither
        ProcessingFilePath: MoveToDir/ed5709a7-3eb2-408b-a6cd-0a85160ea162
        IsImplicitlyCancellable: True
        LocalDirectory: A:\localdir
        ProcessingFileName: ed5709a7-3eb2-408b-a6cd-0a85160ea162
        OriginalFilePath: leastInteresting
        DeleteServerFile: True
}
85: Activity [1.8] "MainSequence1" is Closed
{
    Variables
        configuration: iCore.Workflow.Activities.Filesystem.FileReaderConfiguration
}
86: Activity [1.4] "TryCatch2" scheduled child activity [1.5] "CloseConnection1"
87: Activity [1.5] "CloseConnection1" is Executing
{
    Arguments
        SubscriptionId: 559e404e-2af1-40c3-93ed-84b3b6531c85
}
88: CustomTrackingRecord [1.5] "iCPSTraceTrackingRecord"
89: Activity [1.5] "CloseConnection1" is Closed
{
    Arguments
        SubscriptionId: 559e404e-2af1-40c3-93ed-84b3b6531c85
}
90: Activity [1.4] "TryCatch2" is Closed
91: Activity [1.1] "TryCatch1" is Closed
{
    Variables
        connection: 559e404e-2af1-40c3-93ed-84b3b6531c85
}
92: Activity [1] "SftpFtpReaderActivity" is Closed
{
    Arguments
        LocalFileNameIn: LocalFileNameIn
        LocalFileNameOut: LocalFileNameIn
        RenameFile: True
        MoveFileTo: MoveToDir
        LocalFilePath: A:\localdir\LocalFileNameIn
        FilterOptions: IgnoreCase
        ErrorOnTimeout: True
        ScanFilterOptions: FilterOnClientCaseSensitive
        Timeout: 00:00:03
        Filter: [abc]{{1}}
        Connection: Mock&lt;iCore.Public.Ftp.IFileTransferConnection:3944&gt;.Object
        OriginalFileName: notInterestingEither
        ScanInterval: 1
        ScanDirectory: ScanDir
        SettleTime: 0
        ProcessingFilePath: MoveToDir/ed5709a7-3eb2-408b-a6cd-0a85160ea162
        ScanFilter: *.txt
        LocalDirectory: A:\localdir
        ProcessingFileName: ed5709a7-3eb2-408b-a6cd-0a85160ea162
        OriginalFilePath: leastInteresting
        DeleteServerFile: True
}
93: WorkflowInstance "SftpFtpReaderActivity" is Completed</StdOut>
      </Output>
    </UnitTestResult>
    <UnitTestResult executionId="1b1f80c0-ff6b-42d9-b2ee-448ea49aac59" testId="64e0485f-4290-f465-6c66-518320016ed7" testName="Invoke_VerifyActivityOrder" computerName="ICSWS068" duration="00:00:00.0658744" startTime="2016-08-04T09:59:12.4114574+02:00" endTime="2016-08-04T09:59:12.4785310+02:00" testType="13cdc9d9-ddb5-4fa4-a97d-d965ccfc6d4b" outcome="Passed" testListId="8c84fa94-04c1-424b-9868-57a2d4851a1d" relativeResultsDirectory="1b1f80c0-ff6b-42d9-b2ee-448ea49aac59">
      <Output>
        <StdOut>Debug Trace:
0: WorkflowInstance "SftpFtpReaderActivity" is Started
1: Activity [null] "null" scheduled child activity [1] "SftpFtpReaderActivity"
2: Activity [1] "SftpFtpReaderActivity" is Executing
{
    Arguments
        LocalFileNameIn: LocalFileNameIn
        RenameFile: True
        MoveFileTo: MoveToDir
        FilterOptions: IgnoreCase
        ErrorOnTimeout: True
        ScanFilterOptions: FilterOnClientCaseSensitive
        Timeout: 00:00:03
        Filter: [abc]{{1}}
        Connection: Mock&lt;iCore.Public.Ftp.IFileTransferConnection:fafc&gt;.Object
        ScanInterval: 1
        ScanDirectory: ScanDir
        SettleTime: 0
        ScanFilter: *.txt
        LocalDirectory: A:\localdir
        DeleteServerFile: True
}
3: Activity [1] "SftpFtpReaderActivity" scheduled child activity [1.1] "TryCatch1"
4: Activity [1.1] "TryCatch1" is Executing
{
    Variables
        connection: 14257f99-20bf-4168-8b66-e327e22f3850
}
5: Activity [1.1] "TryCatch1" scheduled child activity [1.4] "TryCatch2"
6: Activity [1.4] "TryCatch2" is Executing
7: Activity [1.4] "TryCatch2" scheduled child activity [1.8] "MainSequence1"
8: Activity [1.8] "MainSequence1" is Executing
{
    Variables
        configuration: iCore.Workflow.Activities.Filesystem.FileReaderConfiguration
}
9: Activity [1.8] "MainSequence1" scheduled child activity [1.48] "CreateConfiguration1"
10: Activity [1.48] "CreateConfiguration1" is Executing
{
    Arguments
        FilterOptions: IgnoreCase
        ScanFilterOptions: FilterOnClientCaseSensitive
        Filter: [abc]{{1}}
        ScanInterval: 1
        ScanDirectory: ScanDir
        SettleTime: 0
        ScanFilter: *.txt
}
11: Activity [1.48] "CreateConfiguration1" is Closed
{
    Arguments
        FilterOptions: IgnoreCase
        ScanFilterOptions: FilterOnClientCaseSensitive
        Filter: [abc]{{1}}
        ScanInterval: 1
        Result: iCore.Workflow.Activities.Filesystem.FileReaderConfiguration
        ScanDirectory: ScanDir
        SettleTime: 0
        ScanFilter: *.txt
}
12: Activity [1.8] "MainSequence1" scheduled child activity [1.41] "StartReaderActivity1"
13: Activity [1.41] "StartReaderActivity1" is Executing
{
    Arguments
        Connection: Mock&lt;iCore.Public.Ftp.IFileTransferConnection:fafc&gt;.Object
        Configuration: iCore.Workflow.Activities.Filesystem.FileReaderConfiguration
        OpenNewConnection: False
}
14: WorkflowInstance "SftpFtpReaderActivity" is Idle
15: CustomTrackingRecord [1.41] "iCPSTraceTrackingRecord"
16: Activity [1.41] "StartReaderActivity1" is Closed
{
    Arguments
        Connection: Mock&lt;iCore.Public.Ftp.IFileTransferConnection:fafc&gt;.Object
        Result: 14257f99-20bf-4168-8b66-e327e22f3850
        Configuration: iCore.Workflow.Activities.Filesystem.FileReaderConfiguration
        OpenNewConnection: False
}
17: Activity [1.8] "MainSequence1" scheduled child activity [1.9] "GetNextFile1"
18: Activity [1.9] "GetNextFile1" is Executing
{
    Arguments
        LocalFileNameIn: LocalFileNameIn
        RenameFile: True
        MoveFileTo: MoveToDir
        ErrorOnTimeout: True
        SubscriptionId: 14257f99-20bf-4168-8b66-e327e22f3850
        Timeout: 00:00:03
        Connection: Mock&lt;iCore.Public.Ftp.IFileTransferConnection:fafc&gt;.Object
        IsImplicitlyCancellable: True
        LocalDirectory: A:\localdir
        DeleteServerFile: True
}
19: Activity [1.9] "GetNextFile1" scheduled child activity [1.9.1] "Sequence"
20: Activity [1.9.1] "Sequence" is Executing
{
    Variables
        _1a25a75f_79d5_4484_98f9_c744c2b55c4d_364: Mock&lt;System.IO.Stream:b892&gt;.Object
        _1a25a75f_79d5_4484_98f9_c744c2b55c4d_365: LocalFileNameIn
        _1a25a75f_79d5_4484_98f9_c744c2b55c4d_366: A:\localdir\LocalFileNameIn
}
21: Activity [1.9.1] "Sequence" scheduled child activity [1.9.81] "InternalGetNextFile1"
22: Activity [1.9.81] "InternalGetNextFile1" is Executing
{
    Arguments
        ErrorOnTimeout: True
        SubscriptionId: 14257f99-20bf-4168-8b66-e327e22f3850
        Timeout: 00:00:03
        IsImplicitlyCancellable: True
}
23: CustomTrackingRecord [1.9.81] "iCPSTraceTrackingRecord"
24: WorkflowInstance "SftpFtpReaderActivity" is Idle
25: Bookmark "b1ab92b6-75d3-4e45-9c03-26e4481b6aca" resumed with payload &lt;iCore.Workflow.Activities.Extensions.ItemSubscriptionEventArgs`1[iCore.Common.Utilities.FileSystemWatcher.FileInfoBase]&gt; owner [1.9.81] "InternalGetNextFile1"
26: Activity [1.9.81] "InternalGetNextFile1" is Closed
{
    Arguments
        ErrorOnTimeout: True
        SubscriptionId: 14257f99-20bf-4168-8b66-e327e22f3850
        FileName: notInterestingEither
        Timeout: 00:00:03
        IsImplicitlyCancellable: True
        FilePath: leastInteresting
}
27: Activity [1.9.1] "Sequence" scheduled child activity [1.9.2] "If"
28: Activity [1.9.2] "If" is Executing
{
    Arguments
        Condition: True
}
29: Activity [1.9.2] "If" scheduled child activity [1.9.6] "TryCatch"
30: Activity [1.9.6] "TryCatch" is Executing
31: Activity [1.9.6] "TryCatch" scheduled child activity [1.9.10] "TrySequence1"
32: Activity [1.9.10] "TrySequence1" is Executing
33: Activity [1.9.10] "TrySequence1" scheduled child activity [1.9.75] "AssignProcessingFileName"
34: Activity [1.9.75] "AssignProcessingFileName" is Executing
{
    Arguments
        Value: ed3d3c95-2b2d-4b35-bf1b-2bc4818a1916
}
35: Activity [1.9.75] "AssignProcessingFileName" is Closed
{
    Arguments
        Value: ed3d3c95-2b2d-4b35-bf1b-2bc4818a1916
        To: ed3d3c95-2b2d-4b35-bf1b-2bc4818a1916
}
36: Activity [1.9.10] "TrySequence1" scheduled child activity [1.9.68] "AssignProcessingFilePath"
37: Activity [1.9.68] "AssignProcessingFilePath" is Executing
{
    Arguments
        Value: MoveToDir/ed3d3c95-2b2d-4b35-bf1b-2bc4818a1916
}
38: Activity [1.9.68] "AssignProcessingFilePath" is Closed
{
    Arguments
        Value: MoveToDir/ed3d3c95-2b2d-4b35-bf1b-2bc4818a1916
        To: MoveToDir/ed3d3c95-2b2d-4b35-bf1b-2bc4818a1916
}
39: Activity [1.9.10] "TrySequence1" scheduled child activity [1.9.56] "IfRenameFile"
40: Activity [1.9.56] "IfRenameFile" is Executing
{
    Arguments
        Condition: True
}
41: Activity [1.9.56] "IfRenameFile" scheduled child activity [1.9.60] "RenameSftpFtpFile1"
42: Activity [1.9.60] "RenameSftpFtpFile1" is Executing
{
    Arguments
        FromFilename: leastInteresting
        Overwrite: True
        ToFilename: MoveToDir/ed3d3c95-2b2d-4b35-bf1b-2bc4818a1916
        Connection: Mock&lt;iCore.Public.Ftp.IFileTransferConnection:fafc&gt;.Object
}
43: WorkflowInstance "SftpFtpReaderActivity" is Idle
44: Activity [1.9.60] "RenameSftpFtpFile1" is Closed
{
    Arguments
        FromFilename: leastInteresting
        Overwrite: True
        ToFilename: MoveToDir/ed3d3c95-2b2d-4b35-bf1b-2bc4818a1916
        Connection: Mock&lt;iCore.Public.Ftp.IFileTransferConnection:fafc&gt;.Object
}
45: Activity [1.9.56] "IfRenameFile" is Closed
{
    Arguments
        Condition: True
}
46: Activity [1.9.10] "TrySequence1" scheduled child activity [1.9.50] "SetLocalFileName"
47: Activity [1.9.50] "SetLocalFileName" is Executing
{
    Arguments
        Value: LocalFileNameIn
}
48: Activity [1.9.50] "SetLocalFileName" is Closed
{
    Arguments
        Value: LocalFileNameIn
        To: LocalFileNameIn
}
49: Activity [1.9.10] "TrySequence1" scheduled child activity [1.9.44] "SetLocalFilePath"
50: Activity [1.9.44] "SetLocalFilePath" is Executing
{
    Arguments
        Value: A:\localdir\LocalFileNameIn
}
51: Activity [1.9.44] "SetLocalFilePath" is Closed
{
    Arguments
        Value: A:\localdir\LocalFileNameIn
        To: A:\localdir\LocalFileNameIn
}
52: Activity [1.9.10] "TrySequence1" scheduled child activity [1.9.36] "OpenFile1"
53: Activity [1.9.36] "OpenFile1" is Executing
{
    Arguments
        FileAccess: ReadWrite
        FileMode: Create
        FileName: A:\localdir\LocalFileNameIn
        FileShare: None
}
54: WorkflowInstance "SftpFtpReaderActivity" is Idle
55: Activity [1.9.36] "OpenFile1" is Closed
{
    Arguments
        FileAccess: ReadWrite
        FileMode: Create
        FileName: A:\localdir\LocalFileNameIn
        Result: Mock&lt;System.IO.Stream:b892&gt;.Object
        FileShare: None
}
56: Activity [1.9.10] "TrySequence1" scheduled child activity [1.9.30] "DownloadSftpFtpFileToStream1"
57: Activity [1.9.30] "DownloadSftpFtpFileToStream1" is Executing
{
    Arguments
        DestinationStream: Mock&lt;System.IO.Stream:b892&gt;.Object
        SourceFilename: MoveToDir/ed3d3c95-2b2d-4b35-bf1b-2bc4818a1916
        Connection: Mock&lt;iCore.Public.Ftp.IFileTransferConnection:fafc&gt;.Object
}
58: WorkflowInstance "SftpFtpReaderActivity" is Idle
59: Activity [1.9.30] "DownloadSftpFtpFileToStream1" is Closed
{
    Arguments
        DestinationStream: Mock&lt;System.IO.Stream:b892&gt;.Object
        SourceFilename: MoveToDir/ed3d3c95-2b2d-4b35-bf1b-2bc4818a1916
        Connection: Mock&lt;iCore.Public.Ftp.IFileTransferConnection:fafc&gt;.Object
}
60: Activity [1.9.10] "TrySequence1" scheduled child activity [1.9.21] "If"
61: Activity [1.9.21] "If" is Executing
{
    Arguments
        Condition: True
}
62: Activity [1.9.21] "If" scheduled child activity [1.9.24] "DeleteSftpFtpFile1"
63: Activity [1.9.24] "DeleteSftpFtpFile1" is Executing
{
    Arguments
        Connection: Mock&lt;iCore.Public.Ftp.IFileTransferConnection:fafc&gt;.Object
        Filename: MoveToDir/ed3d3c95-2b2d-4b35-bf1b-2bc4818a1916
        ErrorOnNoFile: False
}
64: WorkflowInstance "SftpFtpReaderActivity" is Idle
65: Activity [1.9.24] "DeleteSftpFtpFile1" is Closed
{
    Arguments
        Connection: Mock&lt;iCore.Public.Ftp.IFileTransferConnection:fafc&gt;.Object
        Filename: MoveToDir/ed3d3c95-2b2d-4b35-bf1b-2bc4818a1916
        ErrorOnNoFile: False
}
66: Activity [1.9.21] "If" is Closed
{
    Arguments
        Condition: True
}
67: Activity [1.9.10] "TrySequence1" scheduled child activity [1.9.16] "AssignLocalFileNameOut"
68: Activity [1.9.16] "AssignLocalFileNameOut" is Executing
{
    Arguments
        Value: LocalFileNameIn
}
69: Activity [1.9.16] "AssignLocalFileNameOut" is Closed
{
    Arguments
        Value: LocalFileNameIn
        To: LocalFileNameIn
}
70: Activity [1.9.10] "TrySequence1" scheduled child activity [1.9.11] "AssignLocalFilePath"
71: Activity [1.9.11] "AssignLocalFilePath" is Executing
{
    Arguments
        Value: A:\localdir\LocalFileNameIn
}
72: Activity [1.9.11] "AssignLocalFilePath" is Closed
{
    Arguments
        Value: A:\localdir\LocalFileNameIn
        To: A:\localdir\LocalFileNameIn
}
73: Activity [1.9.10] "TrySequence1" is Closed
74: Activity [1.9.6] "TryCatch" scheduled child activity [1.9.7] "FinallySequence1"
75: Activity [1.9.7] "FinallySequence1" is Executing
76: Activity [1.9.7] "FinallySequence1" scheduled child activity [1.9.8] "CloseStream1"
77: Activity [1.9.8] "CloseStream1" is Executing
{
    Arguments
        Stream: Mock&lt;System.IO.Stream:b892&gt;.Object
}
78: WorkflowInstance "SftpFtpReaderActivity" is Idle
79: Activity [1.9.8] "CloseStream1" is Closed
{
    Arguments
        Stream: Mock&lt;System.IO.Stream:b892&gt;.Object
}
80: Activity [1.9.7] "FinallySequence1" is Closed
81: Activity [1.9.6] "TryCatch" is Closed
82: Activity [1.9.2] "If" is Closed
{
    Arguments
        Condition: True
}
83: Activity [1.9.1] "Sequence" is Closed
{
    Variables
        _1a25a75f_79d5_4484_98f9_c744c2b55c4d_367: Mock&lt;System.IO.Stream:b892&gt;.Object
        _1a25a75f_79d5_4484_98f9_c744c2b55c4d_368: LocalFileNameIn
        _1a25a75f_79d5_4484_98f9_c744c2b55c4d_369: A:\localdir\LocalFileNameIn
}
84: Activity [1.9] "GetNextFile1" is Closed
{
    Arguments
        LocalFileNameIn: LocalFileNameIn
        LocalFileNameOut: LocalFileNameIn
        RenameFile: True
        MoveFileTo: MoveToDir
        LocalFilePath: A:\localdir\LocalFileNameIn
        ErrorOnTimeout: True
        SubscriptionId: 14257f99-20bf-4168-8b66-e327e22f3850
        Timeout: 00:00:03
        Connection: Mock&lt;iCore.Public.Ftp.IFileTransferConnection:fafc&gt;.Object
        OriginalFileName: notInterestingEither
        ProcessingFilePath: MoveToDir/ed3d3c95-2b2d-4b35-bf1b-2bc4818a1916
        IsImplicitlyCancellable: True
        LocalDirectory: A:\localdir
        ProcessingFileName: ed3d3c95-2b2d-4b35-bf1b-2bc4818a1916
        OriginalFilePath: leastInteresting
        DeleteServerFile: True
}
85: Activity [1.8] "MainSequence1" is Closed
{
    Variables
        configuration: iCore.Workflow.Activities.Filesystem.FileReaderConfiguration
}
86: Activity [1.4] "TryCatch2" scheduled child activity [1.5] "CloseConnection1"
87: Activity [1.5] "CloseConnection1" is Executing
{
    Arguments
        SubscriptionId: 14257f99-20bf-4168-8b66-e327e22f3850
}
88: CustomTrackingRecord [1.5] "iCPSTraceTrackingRecord"
89: Activity [1.5] "CloseConnection1" is Closed
{
    Arguments
        SubscriptionId: 14257f99-20bf-4168-8b66-e327e22f3850
}
90: Activity [1.4] "TryCatch2" is Closed
91: Activity [1.1] "TryCatch1" is Closed
{
    Variables
        connection: 14257f99-20bf-4168-8b66-e327e22f3850
}
92: Activity [1] "SftpFtpReaderActivity" is Closed
{
    Arguments
        LocalFileNameIn: LocalFileNameIn
        LocalFileNameOut: LocalFileNameIn
        RenameFile: True
        MoveFileTo: MoveToDir
        LocalFilePath: A:\localdir\LocalFileNameIn
        FilterOptions: IgnoreCase
        ErrorOnTimeout: True
        ScanFilterOptions: FilterOnClientCaseSensitive
        Timeout: 00:00:03
        Filter: [abc]{{1}}
        Connection: Mock&lt;iCore.Public.Ftp.IFileTransferConnection:fafc&gt;.Object
        OriginalFileName: notInterestingEither
        ScanInterval: 1
        ScanDirectory: ScanDir
        SettleTime: 0
        ProcessingFilePath: MoveToDir/ed3d3c95-2b2d-4b35-bf1b-2bc4818a1916
        ScanFilter: *.txt
        LocalDirectory: A:\localdir
        ProcessingFileName: ed3d3c95-2b2d-4b35-bf1b-2bc4818a1916
        OriginalFilePath: leastInteresting
        DeleteServerFile: True
}
93: WorkflowInstance "SftpFtpReaderActivity" is Completed</StdOut>
      </Output>
    </UnitTestResult>
    <UnitTestResult executionId="9411b4af-d9c4-44e2-b81f-17ec04c51812" testId="b28dd2c5-bbae-2694-496b-156a297f0be6" testName="Invoke_ExecutionCanceled_ExecutesCloseConnectionActivityWithExpectedArgument" computerName="ICSWS068" duration="00:00:00.0603323" startTime="2016-08-04T09:59:12.4820339+02:00" endTime="2016-08-04T09:59:12.5439575+02:00" testType="13cdc9d9-ddb5-4fa4-a97d-d965ccfc6d4b" outcome="Passed" testListId="8c84fa94-04c1-424b-9868-57a2d4851a1d" relativeResultsDirectory="9411b4af-d9c4-44e2-b81f-17ec04c51812">
      <Output>
        <StdOut>Debug Trace:
0: WorkflowInstance "SftpFtpReaderActivity" is Started
1: Activity [null] "null" scheduled child activity [1] "SftpFtpReaderActivity"
2: Activity [1] "SftpFtpReaderActivity" is Executing
{
    Arguments
        LocalFileNameIn: LocalFileNameIn
        RenameFile: True
        MoveFileTo: MoveToDir
        FilterOptions: IgnoreCase
        ErrorOnTimeout: True
        ScanFilterOptions: FilterOnClientCaseSensitive
        Timeout: 00:00:03
        Filter: [abc]{{1}}
        Connection: Mock&lt;iCore.Public.Ftp.IFileTransferConnection:dd17&gt;.Object
        ScanInterval: 1
        ScanDirectory: ScanDir
        SettleTime: 0
        ScanFilter: *.txt
        LocalDirectory: A:\localdir
        DeleteServerFile: True
}
3: Activity [1] "SftpFtpReaderActivity" scheduled child activity [1.1] "TryCatch1"
4: Activity [1.1] "TryCatch1" is Executing
{
    Variables
        connection: ad5548d3-bbf4-4b21-823e-7cc5d6a28de7
}
5: Activity [1.1] "TryCatch1" scheduled child activity [1.4] "TryCatch2"
6: Activity [1.4] "TryCatch2" is Executing
7: Activity [1.4] "TryCatch2" scheduled child activity [1.8] "MainSequence1"
8: Activity [1.8] "MainSequence1" is Executing
{
    Variables
        configuration: iCore.Workflow.Activities.Filesystem.FileReaderConfiguration
}
9: Activity [1.8] "MainSequence1" scheduled child activity [1.48] "CreateConfiguration1"
10: Activity [1.48] "CreateConfiguration1" is Executing
{
    Arguments
        FilterOptions: IgnoreCase
        ScanFilterOptions: FilterOnClientCaseSensitive
        Filter: [abc]{{1}}
        ScanInterval: 1
        ScanDirectory: ScanDir
        SettleTime: 0
        ScanFilter: *.txt
}
11: Activity [1.48] "CreateConfiguration1" is Closed
{
    Arguments
        FilterOptions: IgnoreCase
        ScanFilterOptions: FilterOnClientCaseSensitive
        Filter: [abc]{{1}}
        ScanInterval: 1
        Result: iCore.Workflow.Activities.Filesystem.FileReaderConfiguration
        ScanDirectory: ScanDir
        SettleTime: 0
        ScanFilter: *.txt
}
12: Activity [1.8] "MainSequence1" scheduled child activity [1.41] "StartReaderActivity1"
13: Activity [1.41] "StartReaderActivity1" is Executing
{
    Arguments
        Connection: Mock&lt;iCore.Public.Ftp.IFileTransferConnection:dd17&gt;.Object
        Configuration: iCore.Workflow.Activities.Filesystem.FileReaderConfiguration
        OpenNewConnection: False
}
14: WorkflowInstance "SftpFtpReaderActivity" is Idle
15: CustomTrackingRecord [1.41] "iCPSTraceTrackingRecord"
16: Activity [1.41] "StartReaderActivity1" is Closed
{
    Arguments
        Connection: Mock&lt;iCore.Public.Ftp.IFileTransferConnection:dd17&gt;.Object
        Result: ad5548d3-bbf4-4b21-823e-7cc5d6a28de7
        Configuration: iCore.Workflow.Activities.Filesystem.FileReaderConfiguration
        OpenNewConnection: False
}
17: Activity [1.8] "MainSequence1" scheduled child activity [1.9] "GetNextFile1"
18: Activity [1.9] "GetNextFile1" is Executing
{
    Arguments
        LocalFileNameIn: LocalFileNameIn
        RenameFile: True
        MoveFileTo: MoveToDir
        ErrorOnTimeout: True
        SubscriptionId: ad5548d3-bbf4-4b21-823e-7cc5d6a28de7
        Timeout: 00:00:03
        Connection: Mock&lt;iCore.Public.Ftp.IFileTransferConnection:dd17&gt;.Object
        IsImplicitlyCancellable: True
        LocalDirectory: A:\localdir
        DeleteServerFile: True
}
19: Activity [1.9] "GetNextFile1" scheduled child activity [1.9.1] "Sequence"
20: Activity [1.9.1] "Sequence" is Executing
{
    Variables
        _1a25a75f_79d5_4484_98f9_c744c2b55c4d_370: 
        _1a25a75f_79d5_4484_98f9_c744c2b55c4d_371: 
        _1a25a75f_79d5_4484_98f9_c744c2b55c4d_372: 
}
21: Activity [1.9.1] "Sequence" scheduled child activity [1.9.81] "InternalGetNextFile1"
22: Activity [1.9.81] "InternalGetNextFile1" is Executing
{
    Arguments
        ErrorOnTimeout: True
        SubscriptionId: ad5548d3-bbf4-4b21-823e-7cc5d6a28de7
        Timeout: 00:00:03
        IsImplicitlyCancellable: True
}
23: CustomTrackingRecord [1.9.81] "iCPSTraceTrackingRecord"
24: WorkflowInstance "SftpFtpReaderActivity" is Idle
25: Host requests cancel of activity [1] "SftpFtpReaderActivity"
26: Activity [1] "SftpFtpReaderActivity" requests cancel of activity [1.1] "TryCatch1"
27: Activity [1.1] "TryCatch1" requests cancel of activity [1.4] "TryCatch2"
28: Activity [1.4] "TryCatch2" requests cancel of activity [1.8] "MainSequence1"
29: Activity [1.8] "MainSequence1" requests cancel of activity [1.9] "GetNextFile1"
30: Activity [1.9] "GetNextFile1" requests cancel of activity [1.9.1] "Sequence"
31: Activity [1.9.1] "Sequence" requests cancel of activity [1.9.81] "InternalGetNextFile1"
32: CustomTrackingRecord [1.9.81] "iCPSTraceTrackingRecord"
33: Activity [1.9.81] "InternalGetNextFile1" is Canceled
{
    Arguments
        ErrorOnTimeout: True
        SubscriptionId: ad5548d3-bbf4-4b21-823e-7cc5d6a28de7
        FileName: 
        Timeout: 00:00:03
        IsImplicitlyCancellable: True
        FilePath: 
}
34: Activity [1.9.1] "Sequence" is Canceled
{
    Variables
        _1a25a75f_79d5_4484_98f9_c744c2b55c4d_373: 
        _1a25a75f_79d5_4484_98f9_c744c2b55c4d_374: 
        _1a25a75f_79d5_4484_98f9_c744c2b55c4d_375: 
}
35: Activity [1.9] "GetNextFile1" is Canceled
{
    Arguments
        LocalFileNameIn: LocalFileNameIn
        LocalFileNameOut: 
        RenameFile: True
        MoveFileTo: MoveToDir
        LocalFilePath: 
        ErrorOnTimeout: True
        SubscriptionId: ad5548d3-bbf4-4b21-823e-7cc5d6a28de7
        Timeout: 00:00:03
        Connection: Mock&lt;iCore.Public.Ftp.IFileTransferConnection:dd17&gt;.Object
        OriginalFileName: 
        ProcessingFilePath: 
        IsImplicitlyCancellable: True
        LocalDirectory: A:\localdir
        ProcessingFileName: 
        OriginalFilePath: 
        DeleteServerFile: True
}
36: Activity [1.8] "MainSequence1" is Canceled
{
    Variables
        configuration: iCore.Workflow.Activities.Filesystem.FileReaderConfiguration
}
37: Activity [1.4] "TryCatch2" scheduled child activity [1.5] "CloseConnection1"
38: Activity [1.5] "CloseConnection1" is Executing
{
    Arguments
        SubscriptionId: ad5548d3-bbf4-4b21-823e-7cc5d6a28de7
}
39: CustomTrackingRecord [1.5] "iCPSTraceTrackingRecord"
40: Activity [1.5] "CloseConnection1" is Closed
{
    Arguments
        SubscriptionId: ad5548d3-bbf4-4b21-823e-7cc5d6a28de7
}
41: Activity [1.4] "TryCatch2" is Canceled
42: Activity [1.1] "TryCatch1" is Canceled
{
    Variables
        connection: ad5548d3-bbf4-4b21-823e-7cc5d6a28de7
}
43: Activity [1] "SftpFtpReaderActivity" is Canceled
{
    Arguments
        LocalFileNameIn: LocalFileNameIn
        LocalFileNameOut: 
        RenameFile: True
        MoveFileTo: MoveToDir
        LocalFilePath: 
        FilterOptions: IgnoreCase
        ErrorOnTimeout: True
        ScanFilterOptions: FilterOnClientCaseSensitive
        Timeout: 00:00:03
        Filter: [abc]{{1}}
        Connection: Mock&lt;iCore.Public.Ftp.IFileTransferConnection:dd17&gt;.Object
        OriginalFileName: 
        ScanInterval: 1
        ScanDirectory: ScanDir
        SettleTime: 0
        ProcessingFilePath: 
        ScanFilter: *.txt
        LocalDirectory: A:\localdir
        ProcessingFileName: 
        OriginalFilePath: 
        DeleteServerFile: True
}
44: WorkflowInstance "SftpFtpReaderActivity" is Canceled</StdOut>
      </Output>
    </UnitTestResult>
    <UnitTestResult executionId="de3672c5-fbfa-49e0-8617-64f36001a1c4" testId="e2c35eac-5aba-1e39-739b-ea22b79774ec" testName="Invoke_ExecutionFails_ThrowsException" computerName="ICSWS068" duration="00:00:00.0613475" startTime="2016-08-04T09:59:12.5464504+02:00" endTime="2016-08-04T09:59:12.6091731+02:00" testType="13cdc9d9-ddb5-4fa4-a97d-d965ccfc6d4b" outcome="Passed" testListId="8c84fa94-04c1-424b-9868-57a2d4851a1d" relativeResultsDirectory="de3672c5-fbfa-49e0-8617-64f36001a1c4">
      <Output>
        <StdOut>Debug Trace:
0: WorkflowInstance "SftpFtpReaderActivity" is Started
1: Activity [null] "null" scheduled child activity [1] "SftpFtpReaderActivity"
2: Activity [1] "SftpFtpReaderActivity" is Executing
{
    Arguments
        LocalFileNameIn: LocalFileNameIn
        RenameFile: True
        MoveFileTo: MoveToDir
        FilterOptions: IgnoreCase
        ErrorOnTimeout: True
        ScanFilterOptions: FilterOnClientCaseSensitive
        Timeout: 00:00:03
        Filter: [abc]{{1}}
        Connection: Mock&lt;iCore.Public.Ftp.IFileTransferConnection:f74e&gt;.Object
        ScanInterval: 1
        ScanDirectory: ScanDir
        SettleTime: 0
        ScanFilter: *.txt
        LocalDirectory: A:\localdir
        DeleteServerFile: True
}
3: Activity [1] "SftpFtpReaderActivity" scheduled child activity [1.1] "TryCatch1"
4: Activity [1.1] "TryCatch1" is Executing
{
    Variables
        connection: 7ae6d6d2-18b5-41e5-be3c-38a34fba6c1d
}
5: Activity [1.1] "TryCatch1" scheduled child activity [1.4] "TryCatch2"
6: Activity [1.4] "TryCatch2" is Executing
7: Activity [1.4] "TryCatch2" scheduled child activity [1.8] "MainSequence1"
8: Activity [1.8] "MainSequence1" is Executing
{
    Variables
        configuration: iCore.Workflow.Activities.Filesystem.FileReaderConfiguration
}
9: Activity [1.8] "MainSequence1" scheduled child activity [1.48] "CreateConfiguration1"
10: Activity [1.48] "CreateConfiguration1" is Executing
{
    Arguments
        FilterOptions: IgnoreCase
        ScanFilterOptions: FilterOnClientCaseSensitive
        Filter: [abc]{{1}}
        ScanInterval: 1
        ScanDirectory: ScanDir
        SettleTime: 0
        ScanFilter: *.txt
}
11: Activity [1.48] "CreateConfiguration1" is Closed
{
    Arguments
        FilterOptions: IgnoreCase
        ScanFilterOptions: FilterOnClientCaseSensitive
        Filter: [abc]{{1}}
        ScanInterval: 1
        Result: iCore.Workflow.Activities.Filesystem.FileReaderConfiguration
        ScanDirectory: ScanDir
        SettleTime: 0
        ScanFilter: *.txt
}
12: Activity [1.8] "MainSequence1" scheduled child activity [1.41] "StartReaderActivity1"
13: Activity [1.41] "StartReaderActivity1" is Executing
{
    Arguments
        Connection: Mock&lt;iCore.Public.Ftp.IFileTransferConnection:f74e&gt;.Object
        Configuration: iCore.Workflow.Activities.Filesystem.FileReaderConfiguration
        OpenNewConnection: False
}
14: WorkflowInstance "SftpFtpReaderActivity" is Idle
15: CustomTrackingRecord [1.41] "iCPSTraceTrackingRecord"
16: Activity [1.41] "StartReaderActivity1" is Closed
{
    Arguments
        Connection: Mock&lt;iCore.Public.Ftp.IFileTransferConnection:f74e&gt;.Object
        Result: 7ae6d6d2-18b5-41e5-be3c-38a34fba6c1d
        Configuration: iCore.Workflow.Activities.Filesystem.FileReaderConfiguration
        OpenNewConnection: False
}
17: Activity [1.8] "MainSequence1" scheduled child activity [1.9] "GetNextFile1"
18: Activity [1.9] "GetNextFile1" is Executing
{
    Arguments
        LocalFileNameIn: LocalFileNameIn
        RenameFile: True
        MoveFileTo: MoveToDir
        ErrorOnTimeout: True
        SubscriptionId: 7ae6d6d2-18b5-41e5-be3c-38a34fba6c1d
        Timeout: 00:00:03
        Connection: Mock&lt;iCore.Public.Ftp.IFileTransferConnection:f74e&gt;.Object
        IsImplicitlyCancellable: True
        LocalDirectory: A:\localdir
        DeleteServerFile: True
}
19: Activity [1.9] "GetNextFile1" scheduled child activity [1.9.1] "Sequence"
20: Activity [1.9.1] "Sequence" is Executing
{
    Variables
        _1a25a75f_79d5_4484_98f9_c744c2b55c4d_376: 
        _1a25a75f_79d5_4484_98f9_c744c2b55c4d_377: 
        _1a25a75f_79d5_4484_98f9_c744c2b55c4d_378: 
}
21: Activity [1.9.1] "Sequence" scheduled child activity [1.9.81] "InternalGetNextFile1"
22: Activity [1.9.81] "InternalGetNextFile1" is Executing
{
    Arguments
        ErrorOnTimeout: True
        SubscriptionId: 7ae6d6d2-18b5-41e5-be3c-38a34fba6c1d
        Timeout: 00:00:03
        IsImplicitlyCancellable: True
}
23: CustomTrackingRecord [1.9.81] "iCPSTraceTrackingRecord"
24: WorkflowInstance "SftpFtpReaderActivity" is Idle
25: Bookmark "e4e70750-467f-46e9-a04f-ad928725361c" resumed with payload &lt;iCore.Workflow.Activities.Extensions.ItemSubscriptionEventArgs`1[iCore.Common.Utilities.FileSystemWatcher.FileInfoBase]&gt; owner [1.9.81] "InternalGetNextFile1"
26: Activity [1.9.81] "InternalGetNextFile1" is Faulted
{
    Arguments
        ErrorOnTimeout: True
        SubscriptionId: 7ae6d6d2-18b5-41e5-be3c-38a34fba6c1d
        FileName: 
        Timeout: 00:00:03
        IsImplicitlyCancellable: True
        FilePath: 
}
27: Fault source [1.9.81] "InternalGetNextFile1"
28: Fault source [1.9.81] "InternalGetNextFile1"
29: Activity [1.1] "TryCatch1" requests cancel of activity [1.4] "TryCatch2"
30: Activity [1.4] "TryCatch2" requests cancel of activity [1.8] "MainSequence1"
31: Activity [1.8] "MainSequence1" requests cancel of activity [1.9] "GetNextFile1"
32: Activity [1.9] "GetNextFile1" requests cancel of activity [1.9.1] "Sequence"
33: Activity [1.9.1] "Sequence" is Canceled
{
    Variables
        _1a25a75f_79d5_4484_98f9_c744c2b55c4d_379: 
        _1a25a75f_79d5_4484_98f9_c744c2b55c4d_380: 
        _1a25a75f_79d5_4484_98f9_c744c2b55c4d_381: 
}
34: Activity [1.9] "GetNextFile1" is Canceled
{
    Arguments
        LocalFileNameIn: LocalFileNameIn
        LocalFileNameOut: 
        RenameFile: True
        MoveFileTo: MoveToDir
        LocalFilePath: 
        ErrorOnTimeout: True
        SubscriptionId: 7ae6d6d2-18b5-41e5-be3c-38a34fba6c1d
        Timeout: 00:00:03
        Connection: Mock&lt;iCore.Public.Ftp.IFileTransferConnection:f74e&gt;.Object
        OriginalFileName: 
        ProcessingFilePath: 
        IsImplicitlyCancellable: True
        LocalDirectory: A:\localdir
        ProcessingFileName: 
        OriginalFilePath: 
        DeleteServerFile: True
}
35: Activity [1.8] "MainSequence1" is Canceled
{
    Variables
        configuration: iCore.Workflow.Activities.Filesystem.FileReaderConfiguration
}
36: Activity [1.4] "TryCatch2" scheduled child activity [1.5] "CloseConnection1"
37: Activity [1.5] "CloseConnection1" is Executing
{
    Arguments
        SubscriptionId: 7ae6d6d2-18b5-41e5-be3c-38a34fba6c1d
}
38: CustomTrackingRecord [1.5] "iCPSTraceTrackingRecord"
39: Activity [1.5] "CloseConnection1" is Closed
{
    Arguments
        SubscriptionId: 7ae6d6d2-18b5-41e5-be3c-38a34fba6c1d
}
40: Activity [1.4] "TryCatch2" is Canceled
41: Activity [1.1] "TryCatch1" scheduled child activity [1.2] "Throw"
42: Activity [1.2] "Throw" is Executing
{
    Arguments
        Exception: Testing.Common.TestException: Test exception
   at System.Activities.Statements.Throw.Execute(CodeActivityContext context)
   at System.Activities.CodeActivity.InternalExecute(ActivityInstance instance, ActivityExecutor executor, BookmarkManager bookmarkManager)
   at System.Activities.ActivityInstance.Execute(ActivityExecutor executor, BookmarkManager bookmarkManager)
   at System.Activities.Runtime.ActivityExecutor.ExecuteActivityWorkItem.ExecuteBody(ActivityExecutor executor, BookmarkManager bookmarkManager, Location resultLocation)
}
43: Activity [1.2] "Throw" is Faulted
{
    Arguments
        Exception: Testing.Common.TestException: Test exception
   at System.Activities.Statements.Throw.Execute(CodeActivityContext context)
   at System.Activities.CodeActivity.InternalExecute(ActivityInstance instance, ActivityExecutor executor, BookmarkManager bookmarkManager)
   at System.Activities.ActivityInstance.Execute(ActivityExecutor executor, BookmarkManager bookmarkManager)
   at System.Activities.Runtime.ActivityExecutor.ExecuteActivityWorkItem.ExecuteBody(ActivityExecutor executor, BookmarkManager bookmarkManager, Location resultLocation)
}
44: Fault source [1.2] "Throw"
45: Fault source [1.2] "Throw"
46: WorkflowInstance "SftpFtpReaderActivity" Unhandled Exception Source "Throw" Exception &lt;Testing.Common.TestException: Test exception
   at System.Activities.Statements.Throw.Execute(CodeActivityContext context)
   at System.Activities.CodeActivity.InternalExecute(ActivityInstance instance, ActivityExecutor executor, BookmarkManager bookmarkManager)
   at System.Activities.ActivityInstance.Execute(ActivityExecutor executor, BookmarkManager bookmarkManager)
   at System.Activities.Runtime.ActivityExecutor.ExecuteActivityWorkItem.ExecuteBody(ActivityExecutor executor, BookmarkManager bookmarkManager, Location resultLocation)&gt;
47: Activity [1.1] "TryCatch1" is Faulted
{
    Variables
        connection: 7ae6d6d2-18b5-41e5-be3c-38a34fba6c1d
}
48: Activity [1] "SftpFtpReaderActivity" is Faulted
{
    Arguments
        LocalFileNameIn: LocalFileNameIn
        LocalFileNameOut: 
        RenameFile: True
        MoveFileTo: MoveToDir
        LocalFilePath: 
        FilterOptions: IgnoreCase
        ErrorOnTimeout: True
        ScanFilterOptions: FilterOnClientCaseSensitive
        Timeout: 00:00:03
        Filter: [abc]{{1}}
        Connection: Mock&lt;iCore.Public.Ftp.IFileTransferConnection:f74e&gt;.Object
        OriginalFileName: 
        ScanInterval: 1
        ScanDirectory: ScanDir
        SettleTime: 0
        ProcessingFilePath: 
        ScanFilter: *.txt
        LocalDirectory: A:\localdir
        ProcessingFileName: 
        OriginalFilePath: 
        DeleteServerFile: True
}
49: WorkflowInstance "SftpFtpReaderActivity" Terminated Reason "Test exception"</StdOut>
      </Output>
    </UnitTestResult>
    <UnitTestResult executionId="190ab99d-01ee-46dd-8d69-664b3589a8fe" testId="7e20d495-fbab-a3c9-afd1-ea01595fca0b" testName="Invoke_ExecutionFails_ExecutesCloseConnectionActivityWithExpectedArgument" computerName="ICSWS068" duration="00:00:00.0604757" startTime="2016-08-04T09:59:12.6116745+02:00" endTime="2016-08-04T09:59:12.6735277+02:00" testType="13cdc9d9-ddb5-4fa4-a97d-d965ccfc6d4b" outcome="Passed" testListId="8c84fa94-04c1-424b-9868-57a2d4851a1d" relativeResultsDirectory="190ab99d-01ee-46dd-8d69-664b3589a8fe">
      <Output>
        <StdOut>Debug Trace:
0: WorkflowInstance "SftpFtpReaderActivity" is Started
1: Activity [null] "null" scheduled child activity [1] "SftpFtpReaderActivity"
2: Activity [1] "SftpFtpReaderActivity" is Executing
{
    Arguments
        LocalFileNameIn: LocalFileNameIn
        RenameFile: True
        MoveFileTo: MoveToDir
        FilterOptions: IgnoreCase
        ErrorOnTimeout: True
        ScanFilterOptions: FilterOnClientCaseSensitive
        Timeout: 00:00:03
        Filter: [abc]{{1}}
        Connection: Mock&lt;iCore.Public.Ftp.IFileTransferConnection:5e9b&gt;.Object
        ScanInterval: 1
        ScanDirectory: ScanDir
        SettleTime: 0
        ScanFilter: *.txt
        LocalDirectory: A:\localdir
        DeleteServerFile: True
}
3: Activity [1] "SftpFtpReaderActivity" scheduled child activity [1.1] "TryCatch1"
4: Activity [1.1] "TryCatch1" is Executing
{
    Variables
        connection: ed94e976-a9ad-426b-b455-27b24e8dade1
}
5: Activity [1.1] "TryCatch1" scheduled child activity [1.4] "TryCatch2"
6: Activity [1.4] "TryCatch2" is Executing
7: Activity [1.4] "TryCatch2" scheduled child activity [1.8] "MainSequence1"
8: Activity [1.8] "MainSequence1" is Executing
{
    Variables
        configuration: iCore.Workflow.Activities.Filesystem.FileReaderConfiguration
}
9: Activity [1.8] "MainSequence1" scheduled child activity [1.48] "CreateConfiguration1"
10: Activity [1.48] "CreateConfiguration1" is Executing
{
    Arguments
        FilterOptions: IgnoreCase
        ScanFilterOptions: FilterOnClientCaseSensitive
        Filter: [abc]{{1}}
        ScanInterval: 1
        ScanDirectory: ScanDir
        SettleTime: 0
        ScanFilter: *.txt
}
11: Activity [1.48] "CreateConfiguration1" is Closed
{
    Arguments
        FilterOptions: IgnoreCase
        ScanFilterOptions: FilterOnClientCaseSensitive
        Filter: [abc]{{1}}
        ScanInterval: 1
        Result: iCore.Workflow.Activities.Filesystem.FileReaderConfiguration
        ScanDirectory: ScanDir
        SettleTime: 0
        ScanFilter: *.txt
}
12: Activity [1.8] "MainSequence1" scheduled child activity [1.41] "StartReaderActivity1"
13: Activity [1.41] "StartReaderActivity1" is Executing
{
    Arguments
        Connection: Mock&lt;iCore.Public.Ftp.IFileTransferConnection:5e9b&gt;.Object
        Configuration: iCore.Workflow.Activities.Filesystem.FileReaderConfiguration
        OpenNewConnection: False
}
14: WorkflowInstance "SftpFtpReaderActivity" is Idle
15: CustomTrackingRecord [1.41] "iCPSTraceTrackingRecord"
16: Activity [1.41] "StartReaderActivity1" is Closed
{
    Arguments
        Connection: Mock&lt;iCore.Public.Ftp.IFileTransferConnection:5e9b&gt;.Object
        Result: ed94e976-a9ad-426b-b455-27b24e8dade1
        Configuration: iCore.Workflow.Activities.Filesystem.FileReaderConfiguration
        OpenNewConnection: False
}
17: Activity [1.8] "MainSequence1" scheduled child activity [1.9] "GetNextFile1"
18: Activity [1.9] "GetNextFile1" is Executing
{
    Arguments
        LocalFileNameIn: LocalFileNameIn
        RenameFile: True
        MoveFileTo: MoveToDir
        ErrorOnTimeout: True
        SubscriptionId: ed94e976-a9ad-426b-b455-27b24e8dade1
        Timeout: 00:00:03
        Connection: Mock&lt;iCore.Public.Ftp.IFileTransferConnection:5e9b&gt;.Object
        IsImplicitlyCancellable: True
        LocalDirectory: A:\localdir
        DeleteServerFile: True
}
19: Activity [1.9] "GetNextFile1" scheduled child activity [1.9.1] "Sequence"
20: Activity [1.9.1] "Sequence" is Executing
{
    Variables
        _1a25a75f_79d5_4484_98f9_c744c2b55c4d_382: 
        _1a25a75f_79d5_4484_98f9_c744c2b55c4d_383: 
        _1a25a75f_79d5_4484_98f9_c744c2b55c4d_384: 
}
21: Activity [1.9.1] "Sequence" scheduled child activity [1.9.81] "InternalGetNextFile1"
22: Activity [1.9.81] "InternalGetNextFile1" is Executing
{
    Arguments
        ErrorOnTimeout: True
        SubscriptionId: ed94e976-a9ad-426b-b455-27b24e8dade1
        Timeout: 00:00:03
        IsImplicitlyCancellable: True
}
23: CustomTrackingRecord [1.9.81] "iCPSTraceTrackingRecord"
24: WorkflowInstance "SftpFtpReaderActivity" is Idle
25: Bookmark "4fd76e3c-efaf-4b30-879b-ebea4ec24569" resumed with payload &lt;iCore.Workflow.Activities.Extensions.ItemSubscriptionEventArgs`1[iCore.Common.Utilities.FileSystemWatcher.FileInfoBase]&gt; owner [1.9.81] "InternalGetNextFile1"
26: Activity [1.9.81] "InternalGetNextFile1" is Faulted
{
    Arguments
        ErrorOnTimeout: True
        SubscriptionId: ed94e976-a9ad-426b-b455-27b24e8dade1
        FileName: 
        Timeout: 00:00:03
        IsImplicitlyCancellable: True
        FilePath: 
}
27: Fault source [1.9.81] "InternalGetNextFile1"
28: Fault source [1.9.81] "InternalGetNextFile1"
29: Activity [1.1] "TryCatch1" requests cancel of activity [1.4] "TryCatch2"
30: Activity [1.4] "TryCatch2" requests cancel of activity [1.8] "MainSequence1"
31: Activity [1.8] "MainSequence1" requests cancel of activity [1.9] "GetNextFile1"
32: Activity [1.9] "GetNextFile1" requests cancel of activity [1.9.1] "Sequence"
33: Activity [1.9.1] "Sequence" is Canceled
{
    Variables
        _1a25a75f_79d5_4484_98f9_c744c2b55c4d_385: 
        _1a25a75f_79d5_4484_98f9_c744c2b55c4d_386: 
        _1a25a75f_79d5_4484_98f9_c744c2b55c4d_387: 
}
34: Activity [1.9] "GetNextFile1" is Canceled
{
    Arguments
        LocalFileNameIn: LocalFileNameIn
        LocalFileNameOut: 
        RenameFile: True
        MoveFileTo: MoveToDir
        LocalFilePath: 
        ErrorOnTimeout: True
        SubscriptionId: ed94e976-a9ad-426b-b455-27b24e8dade1
        Timeout: 00:00:03
        Connection: Mock&lt;iCore.Public.Ftp.IFileTransferConnection:5e9b&gt;.Object
        OriginalFileName: 
        ProcessingFilePath: 
        IsImplicitlyCancellable: True
        LocalDirectory: A:\localdir
        ProcessingFileName: 
        OriginalFilePath: 
        DeleteServerFile: True
}
35: Activity [1.8] "MainSequence1" is Canceled
{
    Variables
        configuration: iCore.Workflow.Activities.Filesystem.FileReaderConfiguration
}
36: Activity [1.4] "TryCatch2" scheduled child activity [1.5] "CloseConnection1"
37: Activity [1.5] "CloseConnection1" is Executing
{
    Arguments
        SubscriptionId: ed94e976-a9ad-426b-b455-27b24e8dade1
}
38: CustomTrackingRecord [1.5] "iCPSTraceTrackingRecord"
39: Activity [1.5] "CloseConnection1" is Closed
{
    Arguments
        SubscriptionId: ed94e976-a9ad-426b-b455-27b24e8dade1
}
40: Activity [1.4] "TryCatch2" is Canceled
41: Activity [1.1] "TryCatch1" scheduled child activity [1.2] "Throw"
42: Activity [1.2] "Throw" is Executing
{
    Arguments
        Exception: Testing.Common.TestException: Test exception
   at System.Activities.Statements.Throw.Execute(CodeActivityContext context)
   at System.Activities.CodeActivity.InternalExecute(ActivityInstance instance, ActivityExecutor executor, BookmarkManager bookmarkManager)
   at System.Activities.ActivityInstance.Execute(ActivityExecutor executor, BookmarkManager bookmarkManager)
   at System.Activities.Runtime.ActivityExecutor.ExecuteActivityWorkItem.ExecuteBody(ActivityExecutor executor, BookmarkManager bookmarkManager, Location resultLocation)
}
43: Activity [1.2] "Throw" is Faulted
{
    Arguments
        Exception: Testing.Common.TestException: Test exception
   at System.Activities.Statements.Throw.Execute(CodeActivityContext context)
   at System.Activities.CodeActivity.InternalExecute(ActivityInstance instance, ActivityExecutor executor, BookmarkManager bookmarkManager)
   at System.Activities.ActivityInstance.Execute(ActivityExecutor executor, BookmarkManager bookmarkManager)
   at System.Activities.Runtime.ActivityExecutor.ExecuteActivityWorkItem.ExecuteBody(ActivityExecutor executor, BookmarkManager bookmarkManager, Location resultLocation)
}
44: Fault source [1.2] "Throw"
45: Fault source [1.2] "Throw"
46: WorkflowInstance "SftpFtpReaderActivity" Unhandled Exception Source "Throw" Exception &lt;Testing.Common.TestException: Test exception
   at System.Activities.Statements.Throw.Execute(CodeActivityContext context)
   at System.Activities.CodeActivity.InternalExecute(ActivityInstance instance, ActivityExecutor executor, BookmarkManager bookmarkManager)
   at System.Activities.ActivityInstance.Execute(ActivityExecutor executor, BookmarkManager bookmarkManager)
   at System.Activities.Runtime.ActivityExecutor.ExecuteActivityWorkItem.ExecuteBody(ActivityExecutor executor, BookmarkManager bookmarkManager, Location resultLocation)&gt;
47: WorkflowInstance Aborted [SftpFtpReaderActivity] Reason "Test exception"</StdOut>
      </Output>
    </UnitTestResult>
    <UnitTestResult executionId="6cf17fff-b9a2-493c-87c9-1b736e39a102" testId="503dc619-150d-3775-bd72-ebe70ab45c03" testName="Invoke_NoRenameNoMove_OutArgumentsAsExpected" computerName="ICSWS068" duration="00:00:00.0652729" startTime="2016-08-04T09:59:12.6760300+02:00" endTime="2016-08-04T09:59:12.7429186+02:00" testType="13cdc9d9-ddb5-4fa4-a97d-d965ccfc6d4b" outcome="Passed" testListId="8c84fa94-04c1-424b-9868-57a2d4851a1d" relativeResultsDirectory="6cf17fff-b9a2-493c-87c9-1b736e39a102">
      <Output>
        <StdOut>Debug Trace:
FileTransferPath.GetDirectoryName: path=a:\directory\path\file.name directorySeparator=
a:\directory\path: FileTransferPath.GetDirectoryName: Path.GetDirectoryName={0}
0: WorkflowInstance "SftpFtpReaderActivity" is Started
1: Activity [null] "null" scheduled child activity [1] "SftpFtpReaderActivity"
2: Activity [1] "SftpFtpReaderActivity" is Executing
{
    Arguments
        LocalFileNameIn: LocalFileNameIn
        RenameFile: False
        MoveFileTo: 
        FilterOptions: IgnoreCase
        ErrorOnTimeout: True
        ScanFilterOptions: FilterOnClientCaseSensitive
        Timeout: 00:00:03
        Filter: [abc]{{1}}
        Connection: Mock&lt;iCore.Public.Ftp.IFileTransferConnection:652f&gt;.Object
        ScanInterval: 1
        ScanDirectory: ScanDir
        SettleTime: 0
        ScanFilter: *.txt
        LocalDirectory: A:\localdir
        DeleteServerFile: True
}
3: Activity [1] "SftpFtpReaderActivity" scheduled child activity [1.1] "TryCatch1"
4: Activity [1.1] "TryCatch1" is Executing
{
    Variables
        connection: 8c983532-c260-4b85-b817-29b4d783e68d
}
5: Activity [1.1] "TryCatch1" scheduled child activity [1.4] "TryCatch2"
6: Activity [1.4] "TryCatch2" is Executing
7: Activity [1.4] "TryCatch2" scheduled child activity [1.8] "MainSequence1"
8: Activity [1.8] "MainSequence1" is Executing
{
    Variables
        configuration: iCore.Workflow.Activities.Filesystem.FileReaderConfiguration
}
9: Activity [1.8] "MainSequence1" scheduled child activity [1.48] "CreateConfiguration1"
10: Activity [1.48] "CreateConfiguration1" is Executing
{
    Arguments
        FilterOptions: IgnoreCase
        ScanFilterOptions: FilterOnClientCaseSensitive
        Filter: [abc]{{1}}
        ScanInterval: 1
        ScanDirectory: ScanDir
        SettleTime: 0
        ScanFilter: *.txt
}
11: Activity [1.48] "CreateConfiguration1" is Closed
{
    Arguments
        FilterOptions: IgnoreCase
        ScanFilterOptions: FilterOnClientCaseSensitive
        Filter: [abc]{{1}}
        ScanInterval: 1
        Result: iCore.Workflow.Activities.Filesystem.FileReaderConfiguration
        ScanDirectory: ScanDir
        SettleTime: 0
        ScanFilter: *.txt
}
12: Activity [1.8] "MainSequence1" scheduled child activity [1.41] "StartReaderActivity1"
13: Activity [1.41] "StartReaderActivity1" is Executing
{
    Arguments
        Connection: Mock&lt;iCore.Public.Ftp.IFileTransferConnection:652f&gt;.Object
        Configuration: iCore.Workflow.Activities.Filesystem.FileReaderConfiguration
        OpenNewConnection: False
}
14: WorkflowInstance "SftpFtpReaderActivity" is Idle
15: CustomTrackingRecord [1.41] "iCPSTraceTrackingRecord"
16: Activity [1.41] "StartReaderActivity1" is Closed
{
    Arguments
        Connection: Mock&lt;iCore.Public.Ftp.IFileTransferConnection:652f&gt;.Object
        Result: 8c983532-c260-4b85-b817-29b4d783e68d
        Configuration: iCore.Workflow.Activities.Filesystem.FileReaderConfiguration
        OpenNewConnection: False
}
17: Activity [1.8] "MainSequence1" scheduled child activity [1.9] "GetNextFile1"
18: Activity [1.9] "GetNextFile1" is Executing
{
    Arguments
        LocalFileNameIn: LocalFileNameIn
        RenameFile: False
        MoveFileTo: 
        ErrorOnTimeout: True
        SubscriptionId: 8c983532-c260-4b85-b817-29b4d783e68d
        Timeout: 00:00:03
        Connection: Mock&lt;iCore.Public.Ftp.IFileTransferConnection:652f&gt;.Object
        IsImplicitlyCancellable: True
        LocalDirectory: A:\localdir
        DeleteServerFile: True
}
19: Activity [1.9] "GetNextFile1" scheduled child activity [1.9.1] "Sequence"
20: Activity [1.9.1] "Sequence" is Executing
{
    Variables
        _1a25a75f_79d5_4484_98f9_c744c2b55c4d_388: Mock&lt;System.IO.Stream:229e&gt;.Object
        _1a25a75f_79d5_4484_98f9_c744c2b55c4d_389: LocalFileNameIn
        _1a25a75f_79d5_4484_98f9_c744c2b55c4d_390: A:\localdir\LocalFileNameIn
}
21: Activity [1.9.1] "Sequence" scheduled child activity [1.9.81] "InternalGetNextFile1"
22: Activity [1.9.81] "InternalGetNextFile1" is Executing
{
    Arguments
        ErrorOnTimeout: True
        SubscriptionId: 8c983532-c260-4b85-b817-29b4d783e68d
        Timeout: 00:00:03
        IsImplicitlyCancellable: True
}
23: CustomTrackingRecord [1.9.81] "iCPSTraceTrackingRecord"
24: WorkflowInstance "SftpFtpReaderActivity" is Idle
25: Bookmark "9dd7816f-6a6e-4223-b317-166da6394663" resumed with payload &lt;iCore.Workflow.Activities.Extensions.ItemSubscriptionEventArgs`1[iCore.Common.Utilities.FileSystemWatcher.FileInfoBase]&gt; owner [1.9.81] "InternalGetNextFile1"
26: Activity [1.9.81] "InternalGetNextFile1" is Closed
{
    Arguments
        ErrorOnTimeout: True
        SubscriptionId: 8c983532-c260-4b85-b817-29b4d783e68d
        FileName: file.name
        Timeout: 00:00:03
        IsImplicitlyCancellable: True
        FilePath: a:\directory\path\file.name
}
27: Activity [1.9.1] "Sequence" scheduled child activity [1.9.2] "If"
28: Activity [1.9.2] "If" is Executing
{
    Arguments
        Condition: True
}
29: Activity [1.9.2] "If" scheduled child activity [1.9.6] "TryCatch"
30: Activity [1.9.6] "TryCatch" is Executing
31: Activity [1.9.6] "TryCatch" scheduled child activity [1.9.10] "TrySequence1"
32: Activity [1.9.10] "TrySequence1" is Executing
33: Activity [1.9.10] "TrySequence1" scheduled child activity [1.9.75] "AssignProcessingFileName"
34: Activity [1.9.75] "AssignProcessingFileName" is Executing
{
    Arguments
        Value: file.name
}
35: Activity [1.9.75] "AssignProcessingFileName" is Closed
{
    Arguments
        Value: file.name
        To: file.name
}
36: Activity [1.9.10] "TrySequence1" scheduled child activity [1.9.68] "AssignProcessingFilePath"
37: Activity [1.9.68] "AssignProcessingFilePath" is Executing
{
    Arguments
        Value: a:/directory/path/file.name
}
38: Activity [1.9.68] "AssignProcessingFilePath" is Closed
{
    Arguments
        Value: a:/directory/path/file.name
        To: a:/directory/path/file.name
}
39: Activity [1.9.10] "TrySequence1" scheduled child activity [1.9.56] "IfRenameFile"
40: Activity [1.9.56] "IfRenameFile" is Executing
{
    Arguments
        Condition: False
}
41: Activity [1.9.56] "IfRenameFile" is Closed
{
    Arguments
        Condition: False
}
42: Activity [1.9.10] "TrySequence1" scheduled child activity [1.9.50] "SetLocalFileName"
43: Activity [1.9.50] "SetLocalFileName" is Executing
{
    Arguments
        Value: LocalFileNameIn
}
44: Activity [1.9.50] "SetLocalFileName" is Closed
{
    Arguments
        Value: LocalFileNameIn
        To: LocalFileNameIn
}
45: Activity [1.9.10] "TrySequence1" scheduled child activity [1.9.44] "SetLocalFilePath"
46: Activity [1.9.44] "SetLocalFilePath" is Executing
{
    Arguments
        Value: A:\localdir\LocalFileNameIn
}
47: Activity [1.9.44] "SetLocalFilePath" is Closed
{
    Arguments
        Value: A:\localdir\LocalFileNameIn
        To: A:\localdir\LocalFileNameIn
}
48: Activity [1.9.10] "TrySequence1" scheduled child activity [1.9.36] "OpenFile1"
49: Activity [1.9.36] "OpenFile1" is Executing
{
    Arguments
        FileAccess: ReadWrite
        FileMode: Create
        FileName: A:\localdir\LocalFileNameIn
        FileShare: None
}
50: WorkflowInstance "SftpFtpReaderActivity" is Idle
51: Activity [1.9.36] "OpenFile1" is Closed
{
    Arguments
        FileAccess: ReadWrite
        FileMode: Create
        FileName: A:\localdir\LocalFileNameIn
        Result: Mock&lt;System.IO.Stream:229e&gt;.Object
        FileShare: None
}
52: Activity [1.9.10] "TrySequence1" scheduled child activity [1.9.30] "DownloadSftpFtpFileToStream1"
53: Activity [1.9.30] "DownloadSftpFtpFileToStream1" is Executing
{
    Arguments
        DestinationStream: Mock&lt;System.IO.Stream:229e&gt;.Object
        SourceFilename: a:/directory/path/file.name
        Connection: Mock&lt;iCore.Public.Ftp.IFileTransferConnection:652f&gt;.Object
}
54: WorkflowInstance "SftpFtpReaderActivity" is Idle
55: Activity [1.9.30] "DownloadSftpFtpFileToStream1" is Closed
{
    Arguments
        DestinationStream: Mock&lt;System.IO.Stream:229e&gt;.Object
        SourceFilename: a:/directory/path/file.name
        Connection: Mock&lt;iCore.Public.Ftp.IFileTransferConnection:652f&gt;.Object
}
56: Activity [1.9.10] "TrySequence1" scheduled child activity [1.9.21] "If"
57: Activity [1.9.21] "If" is Executing
{
    Arguments
        Condition: True
}
58: Activity [1.9.21] "If" scheduled child activity [1.9.24] "DeleteSftpFtpFile1"
59: Activity [1.9.24] "DeleteSftpFtpFile1" is Executing
{
    Arguments
        Connection: Mock&lt;iCore.Public.Ftp.IFileTransferConnection:652f&gt;.Object
        Filename: a:/directory/path/file.name
        ErrorOnNoFile: False
}
60: WorkflowInstance "SftpFtpReaderActivity" is Idle
61: Activity [1.9.24] "DeleteSftpFtpFile1" is Closed
{
    Arguments
        Connection: Mock&lt;iCore.Public.Ftp.IFileTransferConnection:652f&gt;.Object
        Filename: a:/directory/path/file.name
        ErrorOnNoFile: False
}
62: Activity [1.9.21] "If" is Closed
{
    Arguments
        Condition: True
}
63: Activity [1.9.10] "TrySequence1" scheduled child activity [1.9.16] "AssignLocalFileNameOut"
64: Activity [1.9.16] "AssignLocalFileNameOut" is Executing
{
    Arguments
        Value: LocalFileNameIn
}
65: Activity [1.9.16] "AssignLocalFileNameOut" is Closed
{
    Arguments
        Value: LocalFileNameIn
        To: LocalFileNameIn
}
66: Activity [1.9.10] "TrySequence1" scheduled child activity [1.9.11] "AssignLocalFilePath"
67: Activity [1.9.11] "AssignLocalFilePath" is Executing
{
    Arguments
        Value: A:\localdir\LocalFileNameIn
}
68: Activity [1.9.11] "AssignLocalFilePath" is Closed
{
    Arguments
        Value: A:\localdir\LocalFileNameIn
        To: A:\localdir\LocalFileNameIn
}
69: Activity [1.9.10] "TrySequence1" is Closed
70: Activity [1.9.6] "TryCatch" scheduled child activity [1.9.7] "FinallySequence1"
71: Activity [1.9.7] "FinallySequence1" is Executing
72: Activity [1.9.7] "FinallySequence1" scheduled child activity [1.9.8] "CloseStream1"
73: Activity [1.9.8] "CloseStream1" is Executing
{
    Arguments
        Stream: Mock&lt;System.IO.Stream:229e&gt;.Object
}
74: WorkflowInstance "SftpFtpReaderActivity" is Idle
75: Activity [1.9.8] "CloseStream1" is Closed
{
    Arguments
        Stream: Mock&lt;System.IO.Stream:229e&gt;.Object
}
76: Activity [1.9.7] "FinallySequence1" is Closed
77: Activity [1.9.6] "TryCatch" is Closed
78: Activity [1.9.2] "If" is Closed
{
    Arguments
        Condition: True
}
79: Activity [1.9.1] "Sequence" is Closed
{
    Variables
        _1a25a75f_79d5_4484_98f9_c744c2b55c4d_391: Mock&lt;System.IO.Stream:229e&gt;.Object
        _1a25a75f_79d5_4484_98f9_c744c2b55c4d_392: LocalFileNameIn
        _1a25a75f_79d5_4484_98f9_c744c2b55c4d_393: A:\localdir\LocalFileNameIn
}
80: Activity [1.9] "GetNextFile1" is Closed
{
    Arguments
        LocalFileNameIn: LocalFileNameIn
        LocalFileNameOut: LocalFileNameIn
        RenameFile: False
        MoveFileTo: 
        LocalFilePath: A:\localdir\LocalFileNameIn
        ErrorOnTimeout: True
        SubscriptionId: 8c983532-c260-4b85-b817-29b4d783e68d
        Timeout: 00:00:03
        Connection: Mock&lt;iCore.Public.Ftp.IFileTransferConnection:652f&gt;.Object
        OriginalFileName: file.name
        ProcessingFilePath: a:/directory/path/file.name
        IsImplicitlyCancellable: True
        LocalDirectory: A:\localdir
        ProcessingFileName: file.name
        OriginalFilePath: a:\directory\path\file.name
        DeleteServerFile: True
}
81: Activity [1.8] "MainSequence1" is Closed
{
    Variables
        configuration: iCore.Workflow.Activities.Filesystem.FileReaderConfiguration
}
82: Activity [1.4] "TryCatch2" scheduled child activity [1.5] "CloseConnection1"
83: Activity [1.5] "CloseConnection1" is Executing
{
    Arguments
        SubscriptionId: 8c983532-c260-4b85-b817-29b4d783e68d
}
84: CustomTrackingRecord [1.5] "iCPSTraceTrackingRecord"
85: Activity [1.5] "CloseConnection1" is Closed
{
    Arguments
        SubscriptionId: 8c983532-c260-4b85-b817-29b4d783e68d
}
86: Activity [1.4] "TryCatch2" is Closed
87: Activity [1.1] "TryCatch1" is Closed
{
    Variables
        connection: 8c983532-c260-4b85-b817-29b4d783e68d
}
88: Activity [1] "SftpFtpReaderActivity" is Closed
{
    Arguments
        LocalFileNameIn: LocalFileNameIn
        LocalFileNameOut: LocalFileNameIn
        RenameFile: False
        MoveFileTo: 
        LocalFilePath: A:\localdir\LocalFileNameIn
        FilterOptions: IgnoreCase
        ErrorOnTimeout: True
        ScanFilterOptions: FilterOnClientCaseSensitive
        Timeout: 00:00:03
        Filter: [abc]{{1}}
        Connection: Mock&lt;iCore.Public.Ftp.IFileTransferConnection:652f&gt;.Object
        OriginalFileName: file.name
        ScanInterval: 1
        ScanDirectory: ScanDir
        SettleTime: 0
        ProcessingFilePath: a:/directory/path/file.name
        ScanFilter: *.txt
        LocalDirectory: A:\localdir
        ProcessingFileName: file.name
        OriginalFilePath: a:\directory\path\file.name
        DeleteServerFile: True
}
89: WorkflowInstance "SftpFtpReaderActivity" is Completed</StdOut>
      </Output>
    </UnitTestResult>
    <UnitTestResult executionId="7f000097-82b5-49a6-add1-55266454495e" testId="a11d8395-2601-760b-fbfd-dd774843014a" testName="Invoke_RenameNoMove_OutArgumentsAsExpected" computerName="ICSWS068" duration="00:00:00.0658899" startTime="2016-08-04T09:59:12.7454446+02:00" endTime="2016-08-04T09:59:12.8132209+02:00" testType="13cdc9d9-ddb5-4fa4-a97d-d965ccfc6d4b" outcome="Passed" testListId="8c84fa94-04c1-424b-9868-57a2d4851a1d" relativeResultsDirectory="7f000097-82b5-49a6-add1-55266454495e">
      <Output>
        <StdOut>Debug Trace:
FileTransferPath.GetDirectoryName: path=a:\directory\path\file.name directorySeparator=
a:\directory\path: FileTransferPath.GetDirectoryName: Path.GetDirectoryName={0}
0: WorkflowInstance "SftpFtpReaderActivity" is Started
1: Activity [null] "null" scheduled child activity [1] "SftpFtpReaderActivity"
2: Activity [1] "SftpFtpReaderActivity" is Executing
{
    Arguments
        LocalFileNameIn: LocalFileNameIn
        RenameFile: True
        MoveFileTo: 
        FilterOptions: IgnoreCase
        ErrorOnTimeout: True
        ScanFilterOptions: FilterOnClientCaseSensitive
        Timeout: 00:00:03
        Filter: [abc]{{1}}
        Connection: Mock&lt;iCore.Public.Ftp.IFileTransferConnection:ebfd&gt;.Object
        ScanInterval: 1
        ScanDirectory: ScanDir
        SettleTime: 0
        ScanFilter: *.txt
        LocalDirectory: A:\localdir
        DeleteServerFile: True
}
3: Activity [1] "SftpFtpReaderActivity" scheduled child activity [1.1] "TryCatch1"
4: Activity [1.1] "TryCatch1" is Executing
{
    Variables
        connection: 2ef17a3b-4c16-4e4e-80ef-94fa640d178a
}
5: Activity [1.1] "TryCatch1" scheduled child activity [1.4] "TryCatch2"
6: Activity [1.4] "TryCatch2" is Executing
7: Activity [1.4] "TryCatch2" scheduled child activity [1.8] "MainSequence1"
8: Activity [1.8] "MainSequence1" is Executing
{
    Variables
        configuration: iCore.Workflow.Activities.Filesystem.FileReaderConfiguration
}
9: Activity [1.8] "MainSequence1" scheduled child activity [1.48] "CreateConfiguration1"
10: Activity [1.48] "CreateConfiguration1" is Executing
{
    Arguments
        FilterOptions: IgnoreCase
        ScanFilterOptions: FilterOnClientCaseSensitive
        Filter: [abc]{{1}}
        ScanInterval: 1
        ScanDirectory: ScanDir
        SettleTime: 0
        ScanFilter: *.txt
}
11: Activity [1.48] "CreateConfiguration1" is Closed
{
    Arguments
        FilterOptions: IgnoreCase
        ScanFilterOptions: FilterOnClientCaseSensitive
        Filter: [abc]{{1}}
        ScanInterval: 1
        Result: iCore.Workflow.Activities.Filesystem.FileReaderConfiguration
        ScanDirectory: ScanDir
        SettleTime: 0
        ScanFilter: *.txt
}
12: Activity [1.8] "MainSequence1" scheduled child activity [1.41] "StartReaderActivity1"
13: Activity [1.41] "StartReaderActivity1" is Executing
{
    Arguments
        Connection: Mock&lt;iCore.Public.Ftp.IFileTransferConnection:ebfd&gt;.Object
        Configuration: iCore.Workflow.Activities.Filesystem.FileReaderConfiguration
        OpenNewConnection: False
}
14: WorkflowInstance "SftpFtpReaderActivity" is Idle
15: CustomTrackingRecord [1.41] "iCPSTraceTrackingRecord"
16: Activity [1.41] "StartReaderActivity1" is Closed
{
    Arguments
        Connection: Mock&lt;iCore.Public.Ftp.IFileTransferConnection:ebfd&gt;.Object
        Result: 2ef17a3b-4c16-4e4e-80ef-94fa640d178a
        Configuration: iCore.Workflow.Activities.Filesystem.FileReaderConfiguration
        OpenNewConnection: False
}
17: Activity [1.8] "MainSequence1" scheduled child activity [1.9] "GetNextFile1"
18: Activity [1.9] "GetNextFile1" is Executing
{
    Arguments
        LocalFileNameIn: LocalFileNameIn
        RenameFile: True
        MoveFileTo: 
        ErrorOnTimeout: True
        SubscriptionId: 2ef17a3b-4c16-4e4e-80ef-94fa640d178a
        Timeout: 00:00:03
        Connection: Mock&lt;iCore.Public.Ftp.IFileTransferConnection:ebfd&gt;.Object
        IsImplicitlyCancellable: True
        LocalDirectory: A:\localdir
        DeleteServerFile: True
}
19: Activity [1.9] "GetNextFile1" scheduled child activity [1.9.1] "Sequence"
20: Activity [1.9.1] "Sequence" is Executing
{
    Variables
        _1a25a75f_79d5_4484_98f9_c744c2b55c4d_394: Mock&lt;System.IO.Stream:ea55&gt;.Object
        _1a25a75f_79d5_4484_98f9_c744c2b55c4d_395: LocalFileNameIn
        _1a25a75f_79d5_4484_98f9_c744c2b55c4d_396: A:\localdir\LocalFileNameIn
}
21: Activity [1.9.1] "Sequence" scheduled child activity [1.9.81] "InternalGetNextFile1"
22: Activity [1.9.81] "InternalGetNextFile1" is Executing
{
    Arguments
        ErrorOnTimeout: True
        SubscriptionId: 2ef17a3b-4c16-4e4e-80ef-94fa640d178a
        Timeout: 00:00:03
        IsImplicitlyCancellable: True
}
23: CustomTrackingRecord [1.9.81] "iCPSTraceTrackingRecord"
24: WorkflowInstance "SftpFtpReaderActivity" is Idle
25: Bookmark "c66376b8-b039-4a0e-bfc4-472933b70a51" resumed with payload &lt;iCore.Workflow.Activities.Extensions.ItemSubscriptionEventArgs`1[iCore.Common.Utilities.FileSystemWatcher.FileInfoBase]&gt; owner [1.9.81] "InternalGetNextFile1"
26: Activity [1.9.81] "InternalGetNextFile1" is Closed
{
    Arguments
        ErrorOnTimeout: True
        SubscriptionId: 2ef17a3b-4c16-4e4e-80ef-94fa640d178a
        FileName: file.name
        Timeout: 00:00:03
        IsImplicitlyCancellable: True
        FilePath: a:\directory\path\file.name
}
27: Activity [1.9.1] "Sequence" scheduled child activity [1.9.2] "If"
28: Activity [1.9.2] "If" is Executing
{
    Arguments
        Condition: True
}
29: Activity [1.9.2] "If" scheduled child activity [1.9.6] "TryCatch"
30: Activity [1.9.6] "TryCatch" is Executing
31: Activity [1.9.6] "TryCatch" scheduled child activity [1.9.10] "TrySequence1"
32: Activity [1.9.10] "TrySequence1" is Executing
33: Activity [1.9.10] "TrySequence1" scheduled child activity [1.9.75] "AssignProcessingFileName"
34: Activity [1.9.75] "AssignProcessingFileName" is Executing
{
    Arguments
        Value: file.name_temp
}
35: Activity [1.9.75] "AssignProcessingFileName" is Closed
{
    Arguments
        Value: file.name_temp
        To: file.name_temp
}
36: Activity [1.9.10] "TrySequence1" scheduled child activity [1.9.68] "AssignProcessingFilePath"
37: Activity [1.9.68] "AssignProcessingFilePath" is Executing
{
    Arguments
        Value: a:/directory/path/file.name_temp
}
38: Activity [1.9.68] "AssignProcessingFilePath" is Closed
{
    Arguments
        Value: a:/directory/path/file.name_temp
        To: a:/directory/path/file.name_temp
}
39: Activity [1.9.10] "TrySequence1" scheduled child activity [1.9.56] "IfRenameFile"
40: Activity [1.9.56] "IfRenameFile" is Executing
{
    Arguments
        Condition: True
}
41: Activity [1.9.56] "IfRenameFile" scheduled child activity [1.9.60] "RenameSftpFtpFile1"
42: Activity [1.9.60] "RenameSftpFtpFile1" is Executing
{
    Arguments
        FromFilename: a:\directory\path\file.name
        Overwrite: True
        ToFilename: a:/directory/path/file.name_temp
        Connection: Mock&lt;iCore.Public.Ftp.IFileTransferConnection:ebfd&gt;.Object
}
43: WorkflowInstance "SftpFtpReaderActivity" is Idle
44: Activity [1.9.60] "RenameSftpFtpFile1" is Closed
{
    Arguments
        FromFilename: a:\directory\path\file.name
        Overwrite: True
        ToFilename: a:/directory/path/file.name_temp
        Connection: Mock&lt;iCore.Public.Ftp.IFileTransferConnection:ebfd&gt;.Object
}
45: Activity [1.9.56] "IfRenameFile" is Closed
{
    Arguments
        Condition: True
}
46: Activity [1.9.10] "TrySequence1" scheduled child activity [1.9.50] "SetLocalFileName"
47: Activity [1.9.50] "SetLocalFileName" is Executing
{
    Arguments
        Value: LocalFileNameIn
}
48: Activity [1.9.50] "SetLocalFileName" is Closed
{
    Arguments
        Value: LocalFileNameIn
        To: LocalFileNameIn
}
49: Activity [1.9.10] "TrySequence1" scheduled child activity [1.9.44] "SetLocalFilePath"
50: Activity [1.9.44] "SetLocalFilePath" is Executing
{
    Arguments
        Value: A:\localdir\LocalFileNameIn
}
51: Activity [1.9.44] "SetLocalFilePath" is Closed
{
    Arguments
        Value: A:\localdir\LocalFileNameIn
        To: A:\localdir\LocalFileNameIn
}
52: Activity [1.9.10] "TrySequence1" scheduled child activity [1.9.36] "OpenFile1"
53: Activity [1.9.36] "OpenFile1" is Executing
{
    Arguments
        FileAccess: ReadWrite
        FileMode: Create
        FileName: A:\localdir\LocalFileNameIn
        FileShare: None
}
54: WorkflowInstance "SftpFtpReaderActivity" is Idle
55: Activity [1.9.36] "OpenFile1" is Closed
{
    Arguments
        FileAccess: ReadWrite
        FileMode: Create
        FileName: A:\localdir\LocalFileNameIn
        Result: Mock&lt;System.IO.Stream:ea55&gt;.Object
        FileShare: None
}
56: Activity [1.9.10] "TrySequence1" scheduled child activity [1.9.30] "DownloadSftpFtpFileToStream1"
57: Activity [1.9.30] "DownloadSftpFtpFileToStream1" is Executing
{
    Arguments
        DestinationStream: Mock&lt;System.IO.Stream:ea55&gt;.Object
        SourceFilename: a:/directory/path/file.name_temp
        Connection: Mock&lt;iCore.Public.Ftp.IFileTransferConnection:ebfd&gt;.Object
}
58: WorkflowInstance "SftpFtpReaderActivity" is Idle
59: Activity [1.9.30] "DownloadSftpFtpFileToStream1" is Closed
{
    Arguments
        DestinationStream: Mock&lt;System.IO.Stream:ea55&gt;.Object
        SourceFilename: a:/directory/path/file.name_temp
        Connection: Mock&lt;iCore.Public.Ftp.IFileTransferConnection:ebfd&gt;.Object
}
60: Activity [1.9.10] "TrySequence1" scheduled child activity [1.9.21] "If"
61: Activity [1.9.21] "If" is Executing
{
    Arguments
        Condition: True
}
62: Activity [1.9.21] "If" scheduled child activity [1.9.24] "DeleteSftpFtpFile1"
63: Activity [1.9.24] "DeleteSftpFtpFile1" is Executing
{
    Arguments
        Connection: Mock&lt;iCore.Public.Ftp.IFileTransferConnection:ebfd&gt;.Object
        Filename: a:/directory/path/file.name_temp
        ErrorOnNoFile: False
}
64: WorkflowInstance "SftpFtpReaderActivity" is Idle
65: Activity [1.9.24] "DeleteSftpFtpFile1" is Closed
{
    Arguments
        Connection: Mock&lt;iCore.Public.Ftp.IFileTransferConnection:ebfd&gt;.Object
        Filename: a:/directory/path/file.name_temp
        ErrorOnNoFile: False
}
66: Activity [1.9.21] "If" is Closed
{
    Arguments
        Condition: True
}
67: Activity [1.9.10] "TrySequence1" scheduled child activity [1.9.16] "AssignLocalFileNameOut"
68: Activity [1.9.16] "AssignLocalFileNameOut" is Executing
{
    Arguments
        Value: LocalFileNameIn
}
69: Activity [1.9.16] "AssignLocalFileNameOut" is Closed
{
    Arguments
        Value: LocalFileNameIn
        To: LocalFileNameIn
}
70: Activity [1.9.10] "TrySequence1" scheduled child activity [1.9.11] "AssignLocalFilePath"
71: Activity [1.9.11] "AssignLocalFilePath" is Executing
{
    Arguments
        Value: A:\localdir\LocalFileNameIn
}
72: Activity [1.9.11] "AssignLocalFilePath" is Closed
{
    Arguments
        Value: A:\localdir\LocalFileNameIn
        To: A:\localdir\LocalFileNameIn
}
73: Activity [1.9.10] "TrySequence1" is Closed
74: Activity [1.9.6] "TryCatch" scheduled child activity [1.9.7] "FinallySequence1"
75: Activity [1.9.7] "FinallySequence1" is Executing
76: Activity [1.9.7] "FinallySequence1" scheduled child activity [1.9.8] "CloseStream1"
77: Activity [1.9.8] "CloseStream1" is Executing
{
    Arguments
        Stream: Mock&lt;System.IO.Stream:ea55&gt;.Object
}
78: WorkflowInstance "SftpFtpReaderActivity" is Idle
79: Activity [1.9.8] "CloseStream1" is Closed
{
    Arguments
        Stream: Mock&lt;System.IO.Stream:ea55&gt;.Object
}
80: Activity [1.9.7] "FinallySequence1" is Closed
81: Activity [1.9.6] "TryCatch" is Closed
82: Activity [1.9.2] "If" is Closed
{
    Arguments
        Condition: True
}
83: Activity [1.9.1] "Sequence" is Closed
{
    Variables
        _1a25a75f_79d5_4484_98f9_c744c2b55c4d_397: Mock&lt;System.IO.Stream:ea55&gt;.Object
        _1a25a75f_79d5_4484_98f9_c744c2b55c4d_398: LocalFileNameIn
        _1a25a75f_79d5_4484_98f9_c744c2b55c4d_399: A:\localdir\LocalFileNameIn
}
84: Activity [1.9] "GetNextFile1" is Closed
{
    Arguments
        LocalFileNameIn: LocalFileNameIn
        LocalFileNameOut: LocalFileNameIn
        RenameFile: True
        MoveFileTo: 
        LocalFilePath: A:\localdir\LocalFileNameIn
        ErrorOnTimeout: True
        SubscriptionId: 2ef17a3b-4c16-4e4e-80ef-94fa640d178a
        Timeout: 00:00:03
        Connection: Mock&lt;iCore.Public.Ftp.IFileTransferConnection:ebfd&gt;.Object
        OriginalFileName: file.name
        ProcessingFilePath: a:/directory/path/file.name_temp
        IsImplicitlyCancellable: True
        LocalDirectory: A:\localdir
        ProcessingFileName: file.name_temp
        OriginalFilePath: a:\directory\path\file.name
        DeleteServerFile: True
}
85: Activity [1.8] "MainSequence1" is Closed
{
    Variables
        configuration: iCore.Workflow.Activities.Filesystem.FileReaderConfiguration
}
86: Activity [1.4] "TryCatch2" scheduled child activity [1.5] "CloseConnection1"
87: Activity [1.5] "CloseConnection1" is Executing
{
    Arguments
        SubscriptionId: 2ef17a3b-4c16-4e4e-80ef-94fa640d178a
}
88: CustomTrackingRecord [1.5] "iCPSTraceTrackingRecord"
89: Activity [1.5] "CloseConnection1" is Closed
{
    Arguments
        SubscriptionId: 2ef17a3b-4c16-4e4e-80ef-94fa640d178a
}
90: Activity [1.4] "TryCatch2" is Closed
91: Activity [1.1] "TryCatch1" is Closed
{
    Variables
        connection: 2ef17a3b-4c16-4e4e-80ef-94fa640d178a
}
92: Activity [1] "SftpFtpReaderActivity" is Closed
{
    Arguments
        LocalFileNameIn: LocalFileNameIn
        LocalFileNameOut: LocalFileNameIn
        RenameFile: True
        MoveFileTo: 
        LocalFilePath: A:\localdir\LocalFileNameIn
        FilterOptions: IgnoreCase
        ErrorOnTimeout: True
        ScanFilterOptions: FilterOnClientCaseSensitive
        Timeout: 00:00:03
        Filter: [abc]{{1}}
        Connection: Mock&lt;iCore.Public.Ftp.IFileTransferConnection:ebfd&gt;.Object
        OriginalFileName: file.name
        ScanInterval: 1
        ScanDirectory: ScanDir
        SettleTime: 0
        ProcessingFilePath: a:/directory/path/file.name_temp
        ScanFilter: *.txt
        LocalDirectory: A:\localdir
        ProcessingFileName: file.name_temp
        OriginalFilePath: a:\directory\path\file.name
        DeleteServerFile: True
}
93: WorkflowInstance "SftpFtpReaderActivity" is Completed</StdOut>
      </Output>
    </UnitTestResult>
    <UnitTestResult executionId="a6238d43-b0b8-4719-a730-27337fdaa28f" testId="0869e578-d003-6130-e0e8-d2f36eff5472" testName="Invoke_RenameMove_OutArgumentsAsExpected" computerName="ICSWS068" duration="00:00:00.0658911" startTime="2016-08-04T09:59:12.8157405+02:00" endTime="2016-08-04T09:59:12.8828599+02:00" testType="13cdc9d9-ddb5-4fa4-a97d-d965ccfc6d4b" outcome="Passed" testListId="8c84fa94-04c1-424b-9868-57a2d4851a1d" relativeResultsDirectory="a6238d43-b0b8-4719-a730-27337fdaa28f">
      <Output>
        <StdOut>Debug Trace:
0: WorkflowInstance "SftpFtpReaderActivity" is Started
1: Activity [null] "null" scheduled child activity [1] "SftpFtpReaderActivity"
2: Activity [1] "SftpFtpReaderActivity" is Executing
{
    Arguments
        LocalFileNameIn: LocalFileNameIn
        RenameFile: True
        MoveFileTo: MoveToDir
        FilterOptions: IgnoreCase
        ErrorOnTimeout: True
        ScanFilterOptions: FilterOnClientCaseSensitive
        Timeout: 00:00:03
        Filter: [abc]{{1}}
        Connection: Mock&lt;iCore.Public.Ftp.IFileTransferConnection:a69d&gt;.Object
        ScanInterval: 1
        ScanDirectory: ScanDir
        SettleTime: 0
        ScanFilter: *.txt
        LocalDirectory: A:\localdir
        DeleteServerFile: True
}
3: Activity [1] "SftpFtpReaderActivity" scheduled child activity [1.1] "TryCatch1"
4: Activity [1.1] "TryCatch1" is Executing
{
    Variables
        connection: c89f4361-e432-4c64-9d1d-3735438e86c2
}
5: Activity [1.1] "TryCatch1" scheduled child activity [1.4] "TryCatch2"
6: Activity [1.4] "TryCatch2" is Executing
7: Activity [1.4] "TryCatch2" scheduled child activity [1.8] "MainSequence1"
8: Activity [1.8] "MainSequence1" is Executing
{
    Variables
        configuration: iCore.Workflow.Activities.Filesystem.FileReaderConfiguration
}
9: Activity [1.8] "MainSequence1" scheduled child activity [1.48] "CreateConfiguration1"
10: Activity [1.48] "CreateConfiguration1" is Executing
{
    Arguments
        FilterOptions: IgnoreCase
        ScanFilterOptions: FilterOnClientCaseSensitive
        Filter: [abc]{{1}}
        ScanInterval: 1
        ScanDirectory: ScanDir
        SettleTime: 0
        ScanFilter: *.txt
}
11: Activity [1.48] "CreateConfiguration1" is Closed
{
    Arguments
        FilterOptions: IgnoreCase
        ScanFilterOptions: FilterOnClientCaseSensitive
        Filter: [abc]{{1}}
        ScanInterval: 1
        Result: iCore.Workflow.Activities.Filesystem.FileReaderConfiguration
        ScanDirectory: ScanDir
        SettleTime: 0
        ScanFilter: *.txt
}
12: Activity [1.8] "MainSequence1" scheduled child activity [1.41] "StartReaderActivity1"
13: Activity [1.41] "StartReaderActivity1" is Executing
{
    Arguments
        Connection: Mock&lt;iCore.Public.Ftp.IFileTransferConnection:a69d&gt;.Object
        Configuration: iCore.Workflow.Activities.Filesystem.FileReaderConfiguration
        OpenNewConnection: False
}
14: WorkflowInstance "SftpFtpReaderActivity" is Idle
15: CustomTrackingRecord [1.41] "iCPSTraceTrackingRecord"
16: Activity [1.41] "StartReaderActivity1" is Closed
{
    Arguments
        Connection: Mock&lt;iCore.Public.Ftp.IFileTransferConnection:a69d&gt;.Object
        Result: c89f4361-e432-4c64-9d1d-3735438e86c2
        Configuration: iCore.Workflow.Activities.Filesystem.FileReaderConfiguration
        OpenNewConnection: False
}
17: Activity [1.8] "MainSequence1" scheduled child activity [1.9] "GetNextFile1"
18: Activity [1.9] "GetNextFile1" is Executing
{
    Arguments
        LocalFileNameIn: LocalFileNameIn
        RenameFile: True
        MoveFileTo: MoveToDir
        ErrorOnTimeout: True
        SubscriptionId: c89f4361-e432-4c64-9d1d-3735438e86c2
        Timeout: 00:00:03
        Connection: Mock&lt;iCore.Public.Ftp.IFileTransferConnection:a69d&gt;.Object
        IsImplicitlyCancellable: True
        LocalDirectory: A:\localdir
        DeleteServerFile: True
}
19: Activity [1.9] "GetNextFile1" scheduled child activity [1.9.1] "Sequence"
20: Activity [1.9.1] "Sequence" is Executing
{
    Variables
        _1a25a75f_79d5_4484_98f9_c744c2b55c4d_400: Mock&lt;System.IO.Stream:3e34&gt;.Object
        _1a25a75f_79d5_4484_98f9_c744c2b55c4d_401: LocalFileNameIn
        _1a25a75f_79d5_4484_98f9_c744c2b55c4d_402: A:\localdir\LocalFileNameIn
}
21: Activity [1.9.1] "Sequence" scheduled child activity [1.9.81] "InternalGetNextFile1"
22: Activity [1.9.81] "InternalGetNextFile1" is Executing
{
    Arguments
        ErrorOnTimeout: True
        SubscriptionId: c89f4361-e432-4c64-9d1d-3735438e86c2
        Timeout: 00:00:03
        IsImplicitlyCancellable: True
}
23: CustomTrackingRecord [1.9.81] "iCPSTraceTrackingRecord"
24: WorkflowInstance "SftpFtpReaderActivity" is Idle
25: Bookmark "3fa04235-0177-46d6-907d-0d1fed150927" resumed with payload &lt;iCore.Workflow.Activities.Extensions.ItemSubscriptionEventArgs`1[iCore.Common.Utilities.FileSystemWatcher.FileInfoBase]&gt; owner [1.9.81] "InternalGetNextFile1"
26: Activity [1.9.81] "InternalGetNextFile1" is Closed
{
    Arguments
        ErrorOnTimeout: True
        SubscriptionId: c89f4361-e432-4c64-9d1d-3735438e86c2
        FileName: file.name
        Timeout: 00:00:03
        IsImplicitlyCancellable: True
        FilePath: a:\directory\path\file.name
}
27: Activity [1.9.1] "Sequence" scheduled child activity [1.9.2] "If"
28: Activity [1.9.2] "If" is Executing
{
    Arguments
        Condition: True
}
29: Activity [1.9.2] "If" scheduled child activity [1.9.6] "TryCatch"
30: Activity [1.9.6] "TryCatch" is Executing
31: Activity [1.9.6] "TryCatch" scheduled child activity [1.9.10] "TrySequence1"
32: Activity [1.9.10] "TrySequence1" is Executing
33: Activity [1.9.10] "TrySequence1" scheduled child activity [1.9.75] "AssignProcessingFileName"
34: Activity [1.9.75] "AssignProcessingFileName" is Executing
{
    Arguments
        Value: file.name_temp
}
35: Activity [1.9.75] "AssignProcessingFileName" is Closed
{
    Arguments
        Value: file.name_temp
        To: file.name_temp
}
36: Activity [1.9.10] "TrySequence1" scheduled child activity [1.9.68] "AssignProcessingFilePath"
37: Activity [1.9.68] "AssignProcessingFilePath" is Executing
{
    Arguments
        Value: MoveToDir/file.name_temp
}
38: Activity [1.9.68] "AssignProcessingFilePath" is Closed
{
    Arguments
        Value: MoveToDir/file.name_temp
        To: MoveToDir/file.name_temp
}
39: Activity [1.9.10] "TrySequence1" scheduled child activity [1.9.56] "IfRenameFile"
40: Activity [1.9.56] "IfRenameFile" is Executing
{
    Arguments
        Condition: True
}
41: Activity [1.9.56] "IfRenameFile" scheduled child activity [1.9.60] "RenameSftpFtpFile1"
42: Activity [1.9.60] "RenameSftpFtpFile1" is Executing
{
    Arguments
        FromFilename: a:\directory\path\file.name
        Overwrite: True
        ToFilename: MoveToDir/file.name_temp
        Connection: Mock&lt;iCore.Public.Ftp.IFileTransferConnection:a69d&gt;.Object
}
43: WorkflowInstance "SftpFtpReaderActivity" is Idle
44: Activity [1.9.60] "RenameSftpFtpFile1" is Closed
{
    Arguments
        FromFilename: a:\directory\path\file.name
        Overwrite: True
        ToFilename: MoveToDir/file.name_temp
        Connection: Mock&lt;iCore.Public.Ftp.IFileTransferConnection:a69d&gt;.Object
}
45: Activity [1.9.56] "IfRenameFile" is Closed
{
    Arguments
        Condition: True
}
46: Activity [1.9.10] "TrySequence1" scheduled child activity [1.9.50] "SetLocalFileName"
47: Activity [1.9.50] "SetLocalFileName" is Executing
{
    Arguments
        Value: LocalFileNameIn
}
48: Activity [1.9.50] "SetLocalFileName" is Closed
{
    Arguments
        Value: LocalFileNameIn
        To: LocalFileNameIn
}
49: Activity [1.9.10] "TrySequence1" scheduled child activity [1.9.44] "SetLocalFilePath"
50: Activity [1.9.44] "SetLocalFilePath" is Executing
{
    Arguments
        Value: A:\localdir\LocalFileNameIn
}
51: Activity [1.9.44] "SetLocalFilePath" is Closed
{
    Arguments
        Value: A:\localdir\LocalFileNameIn
        To: A:\localdir\LocalFileNameIn
}
52: Activity [1.9.10] "TrySequence1" scheduled child activity [1.9.36] "OpenFile1"
53: Activity [1.9.36] "OpenFile1" is Executing
{
    Arguments
        FileAccess: ReadWrite
        FileMode: Create
        FileName: A:\localdir\LocalFileNameIn
        FileShare: None
}
54: WorkflowInstance "SftpFtpReaderActivity" is Idle
55: Activity [1.9.36] "OpenFile1" is Closed
{
    Arguments
        FileAccess: ReadWrite
        FileMode: Create
        FileName: A:\localdir\LocalFileNameIn
        Result: Mock&lt;System.IO.Stream:3e34&gt;.Object
        FileShare: None
}
56: Activity [1.9.10] "TrySequence1" scheduled child activity [1.9.30] "DownloadSftpFtpFileToStream1"
57: Activity [1.9.30] "DownloadSftpFtpFileToStream1" is Executing
{
    Arguments
        DestinationStream: Mock&lt;System.IO.Stream:3e34&gt;.Object
        SourceFilename: MoveToDir/file.name_temp
        Connection: Mock&lt;iCore.Public.Ftp.IFileTransferConnection:a69d&gt;.Object
}
58: WorkflowInstance "SftpFtpReaderActivity" is Idle
59: Activity [1.9.30] "DownloadSftpFtpFileToStream1" is Closed
{
    Arguments
        DestinationStream: Mock&lt;System.IO.Stream:3e34&gt;.Object
        SourceFilename: MoveToDir/file.name_temp
        Connection: Mock&lt;iCore.Public.Ftp.IFileTransferConnection:a69d&gt;.Object
}
60: Activity [1.9.10] "TrySequence1" scheduled child activity [1.9.21] "If"
61: Activity [1.9.21] "If" is Executing
{
    Arguments
        Condition: True
}
62: Activity [1.9.21] "If" scheduled child activity [1.9.24] "DeleteSftpFtpFile1"
63: Activity [1.9.24] "DeleteSftpFtpFile1" is Executing
{
    Arguments
        Connection: Mock&lt;iCore.Public.Ftp.IFileTransferConnection:a69d&gt;.Object
        Filename: MoveToDir/file.name_temp
        ErrorOnNoFile: False
}
64: WorkflowInstance "SftpFtpReaderActivity" is Idle
65: Activity [1.9.24] "DeleteSftpFtpFile1" is Closed
{
    Arguments
        Connection: Mock&lt;iCore.Public.Ftp.IFileTransferConnection:a69d&gt;.Object
        Filename: MoveToDir/file.name_temp
        ErrorOnNoFile: False
}
66: Activity [1.9.21] "If" is Closed
{
    Arguments
        Condition: True
}
67: Activity [1.9.10] "TrySequence1" scheduled child activity [1.9.16] "AssignLocalFileNameOut"
68: Activity [1.9.16] "AssignLocalFileNameOut" is Executing
{
    Arguments
        Value: LocalFileNameIn
}
69: Activity [1.9.16] "AssignLocalFileNameOut" is Closed
{
    Arguments
        Value: LocalFileNameIn
        To: LocalFileNameIn
}
70: Activity [1.9.10] "TrySequence1" scheduled child activity [1.9.11] "AssignLocalFilePath"
71: Activity [1.9.11] "AssignLocalFilePath" is Executing
{
    Arguments
        Value: A:\localdir\LocalFileNameIn
}
72: Activity [1.9.11] "AssignLocalFilePath" is Closed
{
    Arguments
        Value: A:\localdir\LocalFileNameIn
        To: A:\localdir\LocalFileNameIn
}
73: Activity [1.9.10] "TrySequence1" is Closed
74: Activity [1.9.6] "TryCatch" scheduled child activity [1.9.7] "FinallySequence1"
75: Activity [1.9.7] "FinallySequence1" is Executing
76: Activity [1.9.7] "FinallySequence1" scheduled child activity [1.9.8] "CloseStream1"
77: Activity [1.9.8] "CloseStream1" is Executing
{
    Arguments
        Stream: Mock&lt;System.IO.Stream:3e34&gt;.Object
}
78: WorkflowInstance "SftpFtpReaderActivity" is Idle
79: Activity [1.9.8] "CloseStream1" is Closed
{
    Arguments
        Stream: Mock&lt;System.IO.Stream:3e34&gt;.Object
}
80: Activity [1.9.7] "FinallySequence1" is Closed
81: Activity [1.9.6] "TryCatch" is Closed
82: Activity [1.9.2] "If" is Closed
{
    Arguments
        Condition: True
}
83: Activity [1.9.1] "Sequence" is Closed
{
    Variables
        _1a25a75f_79d5_4484_98f9_c744c2b55c4d_403: Mock&lt;System.IO.Stream:3e34&gt;.Object
        _1a25a75f_79d5_4484_98f9_c744c2b55c4d_404: LocalFileNameIn
        _1a25a75f_79d5_4484_98f9_c744c2b55c4d_405: A:\localdir\LocalFileNameIn
}
84: Activity [1.9] "GetNextFile1" is Closed
{
    Arguments
        LocalFileNameIn: LocalFileNameIn
        LocalFileNameOut: LocalFileNameIn
        RenameFile: True
        MoveFileTo: MoveToDir
        LocalFilePath: A:\localdir\LocalFileNameIn
        ErrorOnTimeout: True
        SubscriptionId: c89f4361-e432-4c64-9d1d-3735438e86c2
        Timeout: 00:00:03
        Connection: Mock&lt;iCore.Public.Ftp.IFileTransferConnection:a69d&gt;.Object
        OriginalFileName: file.name
        ProcessingFilePath: MoveToDir/file.name_temp
        IsImplicitlyCancellable: True
        LocalDirectory: A:\localdir
        ProcessingFileName: file.name_temp
        OriginalFilePath: a:\directory\path\file.name
        DeleteServerFile: True
}
85: Activity [1.8] "MainSequence1" is Closed
{
    Variables
        configuration: iCore.Workflow.Activities.Filesystem.FileReaderConfiguration
}
86: Activity [1.4] "TryCatch2" scheduled child activity [1.5] "CloseConnection1"
87: Activity [1.5] "CloseConnection1" is Executing
{
    Arguments
        SubscriptionId: c89f4361-e432-4c64-9d1d-3735438e86c2
}
88: CustomTrackingRecord [1.5] "iCPSTraceTrackingRecord"
89: Activity [1.5] "CloseConnection1" is Closed
{
    Arguments
        SubscriptionId: c89f4361-e432-4c64-9d1d-3735438e86c2
}
90: Activity [1.4] "TryCatch2" is Closed
91: Activity [1.1] "TryCatch1" is Closed
{
    Variables
        connection: c89f4361-e432-4c64-9d1d-3735438e86c2
}
92: Activity [1] "SftpFtpReaderActivity" is Closed
{
    Arguments
        LocalFileNameIn: LocalFileNameIn
        LocalFileNameOut: LocalFileNameIn
        RenameFile: True
        MoveFileTo: MoveToDir
        LocalFilePath: A:\localdir\LocalFileNameIn
        FilterOptions: IgnoreCase
        ErrorOnTimeout: True
        ScanFilterOptions: FilterOnClientCaseSensitive
        Timeout: 00:00:03
        Filter: [abc]{{1}}
        Connection: Mock&lt;iCore.Public.Ftp.IFileTransferConnection:a69d&gt;.Object
        OriginalFileName: file.name
        ScanInterval: 1
        ScanDirectory: ScanDir
        SettleTime: 0
        ProcessingFilePath: MoveToDir/file.name_temp
        ScanFilter: *.txt
        LocalDirectory: A:\localdir
        ProcessingFileName: file.name_temp
        OriginalFilePath: a:\directory\path\file.name
        DeleteServerFile: True
}
93: WorkflowInstance "SftpFtpReaderActivity" is Completed</StdOut>
      </Output>
    </UnitTestResult>
    <UnitTestResult executionId="d53138b1-2d49-453e-aae4-23a7ca753264" testId="11d4dbe6-7a3d-300f-ab56-5fa44e27b794" testName="Invoke_NoRenameMove_OutArgumentsAsExpected" computerName="ICSWS068" duration="00:00:00.0653081" startTime="2016-08-04T09:59:12.8858845+02:00" endTime="2016-08-04T09:59:12.9522807+02:00" testType="13cdc9d9-ddb5-4fa4-a97d-d965ccfc6d4b" outcome="Passed" testListId="8c84fa94-04c1-424b-9868-57a2d4851a1d" relativeResultsDirectory="d53138b1-2d49-453e-aae4-23a7ca753264">
      <Output>
        <StdOut>Debug Trace:
0: WorkflowInstance "SftpFtpReaderActivity" is Started
1: Activity [null] "null" scheduled child activity [1] "SftpFtpReaderActivity"
2: Activity [1] "SftpFtpReaderActivity" is Executing
{
    Arguments
        LocalFileNameIn: LocalFileNameIn
        RenameFile: False
        MoveFileTo: MoveToDir
        FilterOptions: IgnoreCase
        ErrorOnTimeout: True
        ScanFilterOptions: FilterOnClientCaseSensitive
        Timeout: 00:00:03
        Filter: [abc]{{1}}
        Connection: Mock&lt;iCore.Public.Ftp.IFileTransferConnection:64f4&gt;.Object
        ScanInterval: 1
        ScanDirectory: ScanDir
        SettleTime: 0
        ScanFilter: *.txt
        LocalDirectory: A:\localdir
        DeleteServerFile: True
}
3: Activity [1] "SftpFtpReaderActivity" scheduled child activity [1.1] "TryCatch1"
4: Activity [1.1] "TryCatch1" is Executing
{
    Variables
        connection: e042bdf7-aabe-4225-8f1d-158b228592a6
}
5: Activity [1.1] "TryCatch1" scheduled child activity [1.4] "TryCatch2"
6: Activity [1.4] "TryCatch2" is Executing
7: Activity [1.4] "TryCatch2" scheduled child activity [1.8] "MainSequence1"
8: Activity [1.8] "MainSequence1" is Executing
{
    Variables
        configuration: iCore.Workflow.Activities.Filesystem.FileReaderConfiguration
}
9: Activity [1.8] "MainSequence1" scheduled child activity [1.48] "CreateConfiguration1"
10: Activity [1.48] "CreateConfiguration1" is Executing
{
    Arguments
        FilterOptions: IgnoreCase
        ScanFilterOptions: FilterOnClientCaseSensitive
        Filter: [abc]{{1}}
        ScanInterval: 1
        ScanDirectory: ScanDir
        SettleTime: 0
        ScanFilter: *.txt
}
11: Activity [1.48] "CreateConfiguration1" is Closed
{
    Arguments
        FilterOptions: IgnoreCase
        ScanFilterOptions: FilterOnClientCaseSensitive
        Filter: [abc]{{1}}
        ScanInterval: 1
        Result: iCore.Workflow.Activities.Filesystem.FileReaderConfiguration
        ScanDirectory: ScanDir
        SettleTime: 0
        ScanFilter: *.txt
}
12: Activity [1.8] "MainSequence1" scheduled child activity [1.41] "StartReaderActivity1"
13: Activity [1.41] "StartReaderActivity1" is Executing
{
    Arguments
        Connection: Mock&lt;iCore.Public.Ftp.IFileTransferConnection:64f4&gt;.Object
        Configuration: iCore.Workflow.Activities.Filesystem.FileReaderConfiguration
        OpenNewConnection: False
}
14: WorkflowInstance "SftpFtpReaderActivity" is Idle
15: CustomTrackingRecord [1.41] "iCPSTraceTrackingRecord"
16: Activity [1.41] "StartReaderActivity1" is Closed
{
    Arguments
        Connection: Mock&lt;iCore.Public.Ftp.IFileTransferConnection:64f4&gt;.Object
        Result: e042bdf7-aabe-4225-8f1d-158b228592a6
        Configuration: iCore.Workflow.Activities.Filesystem.FileReaderConfiguration
        OpenNewConnection: False
}
17: Activity [1.8] "MainSequence1" scheduled child activity [1.9] "GetNextFile1"
18: Activity [1.9] "GetNextFile1" is Executing
{
    Arguments
        LocalFileNameIn: LocalFileNameIn
        RenameFile: False
        MoveFileTo: MoveToDir
        ErrorOnTimeout: True
        SubscriptionId: e042bdf7-aabe-4225-8f1d-158b228592a6
        Timeout: 00:00:03
        Connection: Mock&lt;iCore.Public.Ftp.IFileTransferConnection:64f4&gt;.Object
        IsImplicitlyCancellable: True
        LocalDirectory: A:\localdir
        DeleteServerFile: True
}
19: Activity [1.9] "GetNextFile1" scheduled child activity [1.9.1] "Sequence"
20: Activity [1.9.1] "Sequence" is Executing
{
    Variables
        _1a25a75f_79d5_4484_98f9_c744c2b55c4d_406: Mock&lt;System.IO.Stream:505e&gt;.Object
        _1a25a75f_79d5_4484_98f9_c744c2b55c4d_407: LocalFileNameIn
        _1a25a75f_79d5_4484_98f9_c744c2b55c4d_408: A:\localdir\LocalFileNameIn
}
21: Activity [1.9.1] "Sequence" scheduled child activity [1.9.81] "InternalGetNextFile1"
22: Activity [1.9.81] "InternalGetNextFile1" is Executing
{
    Arguments
        ErrorOnTimeout: True
        SubscriptionId: e042bdf7-aabe-4225-8f1d-158b228592a6
        Timeout: 00:00:03
        IsImplicitlyCancellable: True
}
23: CustomTrackingRecord [1.9.81] "iCPSTraceTrackingRecord"
24: WorkflowInstance "SftpFtpReaderActivity" is Idle
25: Bookmark "0204a952-a1b0-436f-938d-3a62dcac68f4" resumed with payload &lt;iCore.Workflow.Activities.Extensions.ItemSubscriptionEventArgs`1[iCore.Common.Utilities.FileSystemWatcher.FileInfoBase]&gt; owner [1.9.81] "InternalGetNextFile1"
26: Activity [1.9.81] "InternalGetNextFile1" is Closed
{
    Arguments
        ErrorOnTimeout: True
        SubscriptionId: e042bdf7-aabe-4225-8f1d-158b228592a6
        FileName: file.name
        Timeout: 00:00:03
        IsImplicitlyCancellable: True
        FilePath: a:\directory\path\file.name
}
27: Activity [1.9.1] "Sequence" scheduled child activity [1.9.2] "If"
28: Activity [1.9.2] "If" is Executing
{
    Arguments
        Condition: True
}
29: Activity [1.9.2] "If" scheduled child activity [1.9.6] "TryCatch"
30: Activity [1.9.6] "TryCatch" is Executing
31: Activity [1.9.6] "TryCatch" scheduled child activity [1.9.10] "TrySequence1"
32: Activity [1.9.10] "TrySequence1" is Executing
33: Activity [1.9.10] "TrySequence1" scheduled child activity [1.9.75] "AssignProcessingFileName"
34: Activity [1.9.75] "AssignProcessingFileName" is Executing
{
    Arguments
        Value: file.name
}
35: Activity [1.9.75] "AssignProcessingFileName" is Closed
{
    Arguments
        Value: file.name
        To: file.name
}
36: Activity [1.9.10] "TrySequence1" scheduled child activity [1.9.68] "AssignProcessingFilePath"
37: Activity [1.9.68] "AssignProcessingFilePath" is Executing
{
    Arguments
        Value: MoveToDir/file.name
}
38: Activity [1.9.68] "AssignProcessingFilePath" is Closed
{
    Arguments
        Value: MoveToDir/file.name
        To: MoveToDir/file.name
}
39: Activity [1.9.10] "TrySequence1" scheduled child activity [1.9.56] "IfRenameFile"
40: Activity [1.9.56] "IfRenameFile" is Executing
{
    Arguments
        Condition: True
}
41: Activity [1.9.56] "IfRenameFile" scheduled child activity [1.9.60] "RenameSftpFtpFile1"
42: Activity [1.9.60] "RenameSftpFtpFile1" is Executing
{
    Arguments
        FromFilename: a:\directory\path\file.name
        Overwrite: True
        ToFilename: MoveToDir/file.name
        Connection: Mock&lt;iCore.Public.Ftp.IFileTransferConnection:64f4&gt;.Object
}
43: WorkflowInstance "SftpFtpReaderActivity" is Idle
44: Activity [1.9.60] "RenameSftpFtpFile1" is Closed
{
    Arguments
        FromFilename: a:\directory\path\file.name
        Overwrite: True
        ToFilename: MoveToDir/file.name
        Connection: Mock&lt;iCore.Public.Ftp.IFileTransferConnection:64f4&gt;.Object
}
45: Activity [1.9.56] "IfRenameFile" is Closed
{
    Arguments
        Condition: True
}
46: Activity [1.9.10] "TrySequence1" scheduled child activity [1.9.50] "SetLocalFileName"
47: Activity [1.9.50] "SetLocalFileName" is Executing
{
    Arguments
        Value: LocalFileNameIn
}
48: Activity [1.9.50] "SetLocalFileName" is Closed
{
    Arguments
        Value: LocalFileNameIn
        To: LocalFileNameIn
}
49: Activity [1.9.10] "TrySequence1" scheduled child activity [1.9.44] "SetLocalFilePath"
50: Activity [1.9.44] "SetLocalFilePath" is Executing
{
    Arguments
        Value: A:\localdir\LocalFileNameIn
}
51: Activity [1.9.44] "SetLocalFilePath" is Closed
{
    Arguments
        Value: A:\localdir\LocalFileNameIn
        To: A:\localdir\LocalFileNameIn
}
52: Activity [1.9.10] "TrySequence1" scheduled child activity [1.9.36] "OpenFile1"
53: Activity [1.9.36] "OpenFile1" is Executing
{
    Arguments
        FileAccess: ReadWrite
        FileMode: Create
        FileName: A:\localdir\LocalFileNameIn
        FileShare: None
}
54: WorkflowInstance "SftpFtpReaderActivity" is Idle
55: Activity [1.9.36] "OpenFile1" is Closed
{
    Arguments
        FileAccess: ReadWrite
        FileMode: Create
        FileName: A:\localdir\LocalFileNameIn
        Result: Mock&lt;System.IO.Stream:505e&gt;.Object
        FileShare: None
}
56: Activity [1.9.10] "TrySequence1" scheduled child activity [1.9.30] "DownloadSftpFtpFileToStream1"
57: Activity [1.9.30] "DownloadSftpFtpFileToStream1" is Executing
{
    Arguments
        DestinationStream: Mock&lt;System.IO.Stream:505e&gt;.Object
        SourceFilename: MoveToDir/file.name
        Connection: Mock&lt;iCore.Public.Ftp.IFileTransferConnection:64f4&gt;.Object
}
58: WorkflowInstance "SftpFtpReaderActivity" is Idle
59: Activity [1.9.30] "DownloadSftpFtpFileToStream1" is Closed
{
    Arguments
        DestinationStream: Mock&lt;System.IO.Stream:505e&gt;.Object
        SourceFilename: MoveToDir/file.name
        Connection: Mock&lt;iCore.Public.Ftp.IFileTransferConnection:64f4&gt;.Object
}
60: Activity [1.9.10] "TrySequence1" scheduled child activity [1.9.21] "If"
61: Activity [1.9.21] "If" is Executing
{
    Arguments
        Condition: True
}
62: Activity [1.9.21] "If" scheduled child activity [1.9.24] "DeleteSftpFtpFile1"
63: Activity [1.9.24] "DeleteSftpFtpFile1" is Executing
{
    Arguments
        Connection: Mock&lt;iCore.Public.Ftp.IFileTransferConnection:64f4&gt;.Object
        Filename: MoveToDir/file.name
        ErrorOnNoFile: False
}
64: WorkflowInstance "SftpFtpReaderActivity" is Idle
65: Activity [1.9.24] "DeleteSftpFtpFile1" is Closed
{
    Arguments
        Connection: Mock&lt;iCore.Public.Ftp.IFileTransferConnection:64f4&gt;.Object
        Filename: MoveToDir/file.name
        ErrorOnNoFile: False
}
66: Activity [1.9.21] "If" is Closed
{
    Arguments
        Condition: True
}
67: Activity [1.9.10] "TrySequence1" scheduled child activity [1.9.16] "AssignLocalFileNameOut"
68: Activity [1.9.16] "AssignLocalFileNameOut" is Executing
{
    Arguments
        Value: LocalFileNameIn
}
69: Activity [1.9.16] "AssignLocalFileNameOut" is Closed
{
    Arguments
        Value: LocalFileNameIn
        To: LocalFileNameIn
}
70: Activity [1.9.10] "TrySequence1" scheduled child activity [1.9.11] "AssignLocalFilePath"
71: Activity [1.9.11] "AssignLocalFilePath" is Executing
{
    Arguments
        Value: A:\localdir\LocalFileNameIn
}
72: Activity [1.9.11] "AssignLocalFilePath" is Closed
{
    Arguments
        Value: A:\localdir\LocalFileNameIn
        To: A:\localdir\LocalFileNameIn
}
73: Activity [1.9.10] "TrySequence1" is Closed
74: Activity [1.9.6] "TryCatch" scheduled child activity [1.9.7] "FinallySequence1"
75: Activity [1.9.7] "FinallySequence1" is Executing
76: Activity [1.9.7] "FinallySequence1" scheduled child activity [1.9.8] "CloseStream1"
77: Activity [1.9.8] "CloseStream1" is Executing
{
    Arguments
        Stream: Mock&lt;System.IO.Stream:505e&gt;.Object
}
78: WorkflowInstance "SftpFtpReaderActivity" is Idle
79: Activity [1.9.8] "CloseStream1" is Closed
{
    Arguments
        Stream: Mock&lt;System.IO.Stream:505e&gt;.Object
}
80: Activity [1.9.7] "FinallySequence1" is Closed
81: Activity [1.9.6] "TryCatch" is Closed
82: Activity [1.9.2] "If" is Closed
{
    Arguments
        Condition: True
}
83: Activity [1.9.1] "Sequence" is Closed
{
    Variables
        _1a25a75f_79d5_4484_98f9_c744c2b55c4d_409: Mock&lt;System.IO.Stream:505e&gt;.Object
        _1a25a75f_79d5_4484_98f9_c744c2b55c4d_410: LocalFileNameIn
        _1a25a75f_79d5_4484_98f9_c744c2b55c4d_411: A:\localdir\LocalFileNameIn
}
84: Activity [1.9] "GetNextFile1" is Closed
{
    Arguments
        LocalFileNameIn: LocalFileNameIn
        LocalFileNameOut: LocalFileNameIn
        RenameFile: False
        MoveFileTo: MoveToDir
        LocalFilePath: A:\localdir\LocalFileNameIn
        ErrorOnTimeout: True
        SubscriptionId: e042bdf7-aabe-4225-8f1d-158b228592a6
        Timeout: 00:00:03
        Connection: Mock&lt;iCore.Public.Ftp.IFileTransferConnection:64f4&gt;.Object
        OriginalFileName: file.name
        ProcessingFilePath: MoveToDir/file.name
        IsImplicitlyCancellable: True
        LocalDirectory: A:\localdir
        ProcessingFileName: file.name
        OriginalFilePath: a:\directory\path\file.name
        DeleteServerFile: True
}
85: Activity [1.8] "MainSequence1" is Closed
{
    Variables
        configuration: iCore.Workflow.Activities.Filesystem.FileReaderConfiguration
}
86: Activity [1.4] "TryCatch2" scheduled child activity [1.5] "CloseConnection1"
87: Activity [1.5] "CloseConnection1" is Executing
{
    Arguments
        SubscriptionId: e042bdf7-aabe-4225-8f1d-158b228592a6
}
88: CustomTrackingRecord [1.5] "iCPSTraceTrackingRecord"
89: Activity [1.5] "CloseConnection1" is Closed
{
    Arguments
        SubscriptionId: e042bdf7-aabe-4225-8f1d-158b228592a6
}
90: Activity [1.4] "TryCatch2" is Closed
91: Activity [1.1] "TryCatch1" is Closed
{
    Variables
        connection: e042bdf7-aabe-4225-8f1d-158b228592a6
}
92: Activity [1] "SftpFtpReaderActivity" is Closed
{
    Arguments
        LocalFileNameIn: LocalFileNameIn
        LocalFileNameOut: LocalFileNameIn
        RenameFile: False
        MoveFileTo: MoveToDir
        LocalFilePath: A:\localdir\LocalFileNameIn
        FilterOptions: IgnoreCase
        ErrorOnTimeout: True
        ScanFilterOptions: FilterOnClientCaseSensitive
        Timeout: 00:00:03
        Filter: [abc]{{1}}
        Connection: Mock&lt;iCore.Public.Ftp.IFileTransferConnection:64f4&gt;.Object
        OriginalFileName: file.name
        ScanInterval: 1
        ScanDirectory: ScanDir
        SettleTime: 0
        ProcessingFilePath: MoveToDir/file.name
        ScanFilter: *.txt
        LocalDirectory: A:\localdir
        ProcessingFileName: file.name
        OriginalFilePath: a:\directory\path\file.name
        DeleteServerFile: True
}
93: WorkflowInstance "SftpFtpReaderActivity" is Completed</StdOut>
      </Output>
    </UnitTestResult>
    <UnitTestResult executionId="839c7a27-7bbf-4cb9-b905-aebe4f39e7c1" testId="3ae1ae5e-7b28-1676-081b-3e342c18fce9" testName="Invoke_NoRenameNoMoveNoErrorOnTimeoutNoFileFound_OutArgumentsAreNull" computerName="ICSWS068" duration="00:00:00.0601109" startTime="2016-08-04T09:59:12.9552865+02:00" endTime="2016-08-04T09:59:13.0165937+02:00" testType="13cdc9d9-ddb5-4fa4-a97d-d965ccfc6d4b" outcome="Passed" testListId="8c84fa94-04c1-424b-9868-57a2d4851a1d" relativeResultsDirectory="839c7a27-7bbf-4cb9-b905-aebe4f39e7c1">
      <Output>
        <StdOut>Debug Trace:
0: WorkflowInstance "SftpFtpReaderActivity" is Started
1: Activity [null] "null" scheduled child activity [1] "SftpFtpReaderActivity"
2: Activity [1] "SftpFtpReaderActivity" is Executing
{
    Arguments
        LocalFileNameIn: LocalFileNameIn
        RenameFile: False
        MoveFileTo: 
        FilterOptions: IgnoreCase
        ErrorOnTimeout: False
        ScanFilterOptions: FilterOnClientCaseSensitive
        Timeout: 00:00:03
        Filter: [abc]{{1}}
        Connection: Mock&lt;iCore.Public.Ftp.IFileTransferConnection:4f27&gt;.Object
        ScanInterval: 1
        ScanDirectory: ScanDir
        SettleTime: 0
        ScanFilter: *.txt
        LocalDirectory: A:\localdir
        DeleteServerFile: True
}
3: Activity [1] "SftpFtpReaderActivity" scheduled child activity [1.1] "TryCatch1"
4: Activity [1.1] "TryCatch1" is Executing
{
    Variables
        connection: b3843e55-1fc4-4fb7-90c6-84a30575836d
}
5: Activity [1.1] "TryCatch1" scheduled child activity [1.4] "TryCatch2"
6: Activity [1.4] "TryCatch2" is Executing
7: Activity [1.4] "TryCatch2" scheduled child activity [1.8] "MainSequence1"
8: Activity [1.8] "MainSequence1" is Executing
{
    Variables
        configuration: iCore.Workflow.Activities.Filesystem.FileReaderConfiguration
}
9: Activity [1.8] "MainSequence1" scheduled child activity [1.48] "CreateConfiguration1"
10: Activity [1.48] "CreateConfiguration1" is Executing
{
    Arguments
        FilterOptions: IgnoreCase
        ScanFilterOptions: FilterOnClientCaseSensitive
        Filter: [abc]{{1}}
        ScanInterval: 1
        ScanDirectory: ScanDir
        SettleTime: 0
        ScanFilter: *.txt
}
11: Activity [1.48] "CreateConfiguration1" is Closed
{
    Arguments
        FilterOptions: IgnoreCase
        ScanFilterOptions: FilterOnClientCaseSensitive
        Filter: [abc]{{1}}
        ScanInterval: 1
        Result: iCore.Workflow.Activities.Filesystem.FileReaderConfiguration
        ScanDirectory: ScanDir
        SettleTime: 0
        ScanFilter: *.txt
}
12: Activity [1.8] "MainSequence1" scheduled child activity [1.41] "StartReaderActivity1"
13: Activity [1.41] "StartReaderActivity1" is Executing
{
    Arguments
        Connection: Mock&lt;iCore.Public.Ftp.IFileTransferConnection:4f27&gt;.Object
        Configuration: iCore.Workflow.Activities.Filesystem.FileReaderConfiguration
        OpenNewConnection: False
}
14: WorkflowInstance "SftpFtpReaderActivity" is Idle
15: CustomTrackingRecord [1.41] "iCPSTraceTrackingRecord"
16: Activity [1.41] "StartReaderActivity1" is Closed
{
    Arguments
        Connection: Mock&lt;iCore.Public.Ftp.IFileTransferConnection:4f27&gt;.Object
        Result: b3843e55-1fc4-4fb7-90c6-84a30575836d
        Configuration: iCore.Workflow.Activities.Filesystem.FileReaderConfiguration
        OpenNewConnection: False
}
17: Activity [1.8] "MainSequence1" scheduled child activity [1.9] "GetNextFile1"
18: Activity [1.9] "GetNextFile1" is Executing
{
    Arguments
        LocalFileNameIn: LocalFileNameIn
        RenameFile: False
        MoveFileTo: 
        ErrorOnTimeout: False
        SubscriptionId: b3843e55-1fc4-4fb7-90c6-84a30575836d
        Timeout: 00:00:03
        Connection: Mock&lt;iCore.Public.Ftp.IFileTransferConnection:4f27&gt;.Object
        IsImplicitlyCancellable: True
        LocalDirectory: A:\localdir
        DeleteServerFile: True
}
19: Activity [1.9] "GetNextFile1" scheduled child activity [1.9.1] "Sequence"
20: Activity [1.9.1] "Sequence" is Executing
{
    Variables
        _1a25a75f_79d5_4484_98f9_c744c2b55c4d_412: 
        _1a25a75f_79d5_4484_98f9_c744c2b55c4d_413: 
        _1a25a75f_79d5_4484_98f9_c744c2b55c4d_414: 
}
21: Activity [1.9.1] "Sequence" scheduled child activity [1.9.81] "InternalGetNextFile1"
22: Activity [1.9.81] "InternalGetNextFile1" is Executing
{
    Arguments
        ErrorOnTimeout: False
        SubscriptionId: b3843e55-1fc4-4fb7-90c6-84a30575836d
        Timeout: 00:00:03
        IsImplicitlyCancellable: True
}
23: CustomTrackingRecord [1.9.81] "iCPSTraceTrackingRecord"
24: WorkflowInstance "SftpFtpReaderActivity" is Idle
25: Bookmark "d1b4856c-423c-42ce-870d-d723a95c34c0" resumed with payload &lt;iCore.Workflow.Activities.Extensions.ItemSubscriptionEventArgs`1[iCore.Common.Utilities.FileSystemWatcher.FileInfoBase]&gt; owner [1.9.81] "InternalGetNextFile1"
26: Activity [1.9.81] "InternalGetNextFile1" is Closed
{
    Arguments
        ErrorOnTimeout: False
        SubscriptionId: b3843e55-1fc4-4fb7-90c6-84a30575836d
        FileName: 
        Timeout: 00:00:03
        IsImplicitlyCancellable: True
        FilePath: 
}
27: Activity [1.9.1] "Sequence" scheduled child activity [1.9.2] "If"
28: Activity [1.9.2] "If" is Executing
{
    Arguments
        Condition: False
}
29: Activity [1.9.2] "If" is Closed
{
    Arguments
        Condition: False
}
30: Activity [1.9.1] "Sequence" is Closed
{
    Variables
        _1a25a75f_79d5_4484_98f9_c744c2b55c4d_415: 
        _1a25a75f_79d5_4484_98f9_c744c2b55c4d_416: 
        _1a25a75f_79d5_4484_98f9_c744c2b55c4d_417: 
}
31: Activity [1.9] "GetNextFile1" is Closed
{
    Arguments
        LocalFileNameIn: LocalFileNameIn
        LocalFileNameOut: 
        RenameFile: False
        MoveFileTo: 
        LocalFilePath: 
        ErrorOnTimeout: False
        SubscriptionId: b3843e55-1fc4-4fb7-90c6-84a30575836d
        Timeout: 00:00:03
        Connection: Mock&lt;iCore.Public.Ftp.IFileTransferConnection:4f27&gt;.Object
        OriginalFileName: 
        ProcessingFilePath: 
        IsImplicitlyCancellable: True
        LocalDirectory: A:\localdir
        ProcessingFileName: 
        OriginalFilePath: 
        DeleteServerFile: True
}
32: Activity [1.8] "MainSequence1" is Closed
{
    Variables
        configuration: iCore.Workflow.Activities.Filesystem.FileReaderConfiguration
}
33: Activity [1.4] "TryCatch2" scheduled child activity [1.5] "CloseConnection1"
34: Activity [1.5] "CloseConnection1" is Executing
{
    Arguments
        SubscriptionId: b3843e55-1fc4-4fb7-90c6-84a30575836d
}
35: CustomTrackingRecord [1.5] "iCPSTraceTrackingRecord"
36: Activity [1.5] "CloseConnection1" is Closed
{
    Arguments
        SubscriptionId: b3843e55-1fc4-4fb7-90c6-84a30575836d
}
37: Activity [1.4] "TryCatch2" is Closed
38: Activity [1.1] "TryCatch1" is Closed
{
    Variables
        connection: b3843e55-1fc4-4fb7-90c6-84a30575836d
}
39: Activity [1] "SftpFtpReaderActivity" is Closed
{
    Arguments
        LocalFileNameIn: LocalFileNameIn
        LocalFileNameOut: 
        RenameFile: False
        MoveFileTo: 
        LocalFilePath: 
        FilterOptions: IgnoreCase
        ErrorOnTimeout: False
        ScanFilterOptions: FilterOnClientCaseSensitive
        Timeout: 00:00:03
        Filter: [abc]{{1}}
        Connection: Mock&lt;iCore.Public.Ftp.IFileTransferConnection:4f27&gt;.Object
        OriginalFileName: 
        ScanInterval: 1
        ScanDirectory: ScanDir
        SettleTime: 0
        ProcessingFilePath: 
        ScanFilter: *.txt
        LocalDirectory: A:\localdir
        ProcessingFileName: 
        OriginalFilePath: 
        DeleteServerFile: True
}
40: WorkflowInstance "SftpFtpReaderActivity" is Completed</StdOut>
      </Output>
    </UnitTestResult>
    <UnitTestResult executionId="d952afe9-4e90-4173-8ac5-95b1a8ece446" testId="c1747931-7130-9a55-7090-d01ca9f62983" testName="Invoke_RenameMoveNoErrorOnTimeoutNoFileFound_OutArgumentsAreNull" computerName="ICSWS068" duration="00:00:00.0594502" startTime="2016-08-04T09:59:13.0195954+02:00" endTime="2016-08-04T09:59:13.0802888+02:00" testType="13cdc9d9-ddb5-4fa4-a97d-d965ccfc6d4b" outcome="Passed" testListId="8c84fa94-04c1-424b-9868-57a2d4851a1d" relativeResultsDirectory="d952afe9-4e90-4173-8ac5-95b1a8ece446">
      <Output>
        <StdOut>Debug Trace:
0: WorkflowInstance "SftpFtpReaderActivity" is Started
1: Activity [null] "null" scheduled child activity [1] "SftpFtpReaderActivity"
2: Activity [1] "SftpFtpReaderActivity" is Executing
{
    Arguments
        LocalFileNameIn: LocalFileNameIn
        RenameFile: True
        MoveFileTo: a:\nother\directory\path
        FilterOptions: IgnoreCase
        ErrorOnTimeout: False
        ScanFilterOptions: FilterOnClientCaseSensitive
        Timeout: 00:00:03
        Filter: [abc]{{1}}
        Connection: Mock&lt;iCore.Public.Ftp.IFileTransferConnection:f623&gt;.Object
        ScanInterval: 1
        ScanDirectory: ScanDir
        SettleTime: 0
        ScanFilter: *.txt
        LocalDirectory: A:\localdir
        DeleteServerFile: True
}
3: Activity [1] "SftpFtpReaderActivity" scheduled child activity [1.1] "TryCatch1"
4: Activity [1.1] "TryCatch1" is Executing
{
    Variables
        connection: cae99e1c-ae9d-448a-bee2-7c9dca27a72a
}
5: Activity [1.1] "TryCatch1" scheduled child activity [1.4] "TryCatch2"
6: Activity [1.4] "TryCatch2" is Executing
7: Activity [1.4] "TryCatch2" scheduled child activity [1.8] "MainSequence1"
8: Activity [1.8] "MainSequence1" is Executing
{
    Variables
        configuration: iCore.Workflow.Activities.Filesystem.FileReaderConfiguration
}
9: Activity [1.8] "MainSequence1" scheduled child activity [1.48] "CreateConfiguration1"
10: Activity [1.48] "CreateConfiguration1" is Executing
{
    Arguments
        FilterOptions: IgnoreCase
        ScanFilterOptions: FilterOnClientCaseSensitive
        Filter: [abc]{{1}}
        ScanInterval: 1
        ScanDirectory: ScanDir
        SettleTime: 0
        ScanFilter: *.txt
}
11: Activity [1.48] "CreateConfiguration1" is Closed
{
    Arguments
        FilterOptions: IgnoreCase
        ScanFilterOptions: FilterOnClientCaseSensitive
        Filter: [abc]{{1}}
        ScanInterval: 1
        Result: iCore.Workflow.Activities.Filesystem.FileReaderConfiguration
        ScanDirectory: ScanDir
        SettleTime: 0
        ScanFilter: *.txt
}
12: Activity [1.8] "MainSequence1" scheduled child activity [1.41] "StartReaderActivity1"
13: Activity [1.41] "StartReaderActivity1" is Executing
{
    Arguments
        Connection: Mock&lt;iCore.Public.Ftp.IFileTransferConnection:f623&gt;.Object
        Configuration: iCore.Workflow.Activities.Filesystem.FileReaderConfiguration
        OpenNewConnection: False
}
14: WorkflowInstance "SftpFtpReaderActivity" is Idle
15: CustomTrackingRecord [1.41] "iCPSTraceTrackingRecord"
16: Activity [1.41] "StartReaderActivity1" is Closed
{
    Arguments
        Connection: Mock&lt;iCore.Public.Ftp.IFileTransferConnection:f623&gt;.Object
        Result: cae99e1c-ae9d-448a-bee2-7c9dca27a72a
        Configuration: iCore.Workflow.Activities.Filesystem.FileReaderConfiguration
        OpenNewConnection: False
}
17: Activity [1.8] "MainSequence1" scheduled child activity [1.9] "GetNextFile1"
18: Activity [1.9] "GetNextFile1" is Executing
{
    Arguments
        LocalFileNameIn: LocalFileNameIn
        RenameFile: True
        MoveFileTo: a:\nother\directory\path
        ErrorOnTimeout: False
        SubscriptionId: cae99e1c-ae9d-448a-bee2-7c9dca27a72a
        Timeout: 00:00:03
        Connection: Mock&lt;iCore.Public.Ftp.IFileTransferConnection:f623&gt;.Object
        IsImplicitlyCancellable: True
        LocalDirectory: A:\localdir
        DeleteServerFile: True
}
19: Activity [1.9] "GetNextFile1" scheduled child activity [1.9.1] "Sequence"
20: Activity [1.9.1] "Sequence" is Executing
{
    Variables
        _1a25a75f_79d5_4484_98f9_c744c2b55c4d_418: 
        _1a25a75f_79d5_4484_98f9_c744c2b55c4d_419: 
        _1a25a75f_79d5_4484_98f9_c744c2b55c4d_420: 
}
21: Activity [1.9.1] "Sequence" scheduled child activity [1.9.81] "InternalGetNextFile1"
22: Activity [1.9.81] "InternalGetNextFile1" is Executing
{
    Arguments
        ErrorOnTimeout: False
        SubscriptionId: cae99e1c-ae9d-448a-bee2-7c9dca27a72a
        Timeout: 00:00:03
        IsImplicitlyCancellable: True
}
23: CustomTrackingRecord [1.9.81] "iCPSTraceTrackingRecord"
24: WorkflowInstance "SftpFtpReaderActivity" is Idle
25: Bookmark "930a5b67-1eaf-4833-8a1e-070dac215a22" resumed with payload &lt;iCore.Workflow.Activities.Extensions.ItemSubscriptionEventArgs`1[iCore.Common.Utilities.FileSystemWatcher.FileInfoBase]&gt; owner [1.9.81] "InternalGetNextFile1"
26: Activity [1.9.81] "InternalGetNextFile1" is Closed
{
    Arguments
        ErrorOnTimeout: False
        SubscriptionId: cae99e1c-ae9d-448a-bee2-7c9dca27a72a
        FileName: 
        Timeout: 00:00:03
        IsImplicitlyCancellable: True
        FilePath: 
}
27: Activity [1.9.1] "Sequence" scheduled child activity [1.9.2] "If"
28: Activity [1.9.2] "If" is Executing
{
    Arguments
        Condition: False
}
29: Activity [1.9.2] "If" is Closed
{
    Arguments
        Condition: False
}
30: Activity [1.9.1] "Sequence" is Closed
{
    Variables
        _1a25a75f_79d5_4484_98f9_c744c2b55c4d_421: 
        _1a25a75f_79d5_4484_98f9_c744c2b55c4d_422: 
        _1a25a75f_79d5_4484_98f9_c744c2b55c4d_423: 
}
31: Activity [1.9] "GetNextFile1" is Closed
{
    Arguments
        LocalFileNameIn: LocalFileNameIn
        LocalFileNameOut: 
        RenameFile: True
        MoveFileTo: a:\nother\directory\path
        LocalFilePath: 
        ErrorOnTimeout: False
        SubscriptionId: cae99e1c-ae9d-448a-bee2-7c9dca27a72a
        Timeout: 00:00:03
        Connection: Mock&lt;iCore.Public.Ftp.IFileTransferConnection:f623&gt;.Object
        OriginalFileName: 
        ProcessingFilePath: 
        IsImplicitlyCancellable: True
        LocalDirectory: A:\localdir
        ProcessingFileName: 
        OriginalFilePath: 
        DeleteServerFile: True
}
32: Activity [1.8] "MainSequence1" is Closed
{
    Variables
        configuration: iCore.Workflow.Activities.Filesystem.FileReaderConfiguration
}
33: Activity [1.4] "TryCatch2" scheduled child activity [1.5] "CloseConnection1"
34: Activity [1.5] "CloseConnection1" is Executing
{
    Arguments
        SubscriptionId: cae99e1c-ae9d-448a-bee2-7c9dca27a72a
}
35: CustomTrackingRecord [1.5] "iCPSTraceTrackingRecord"
36: Activity [1.5] "CloseConnection1" is Closed
{
    Arguments
        SubscriptionId: cae99e1c-ae9d-448a-bee2-7c9dca27a72a
}
37: Activity [1.4] "TryCatch2" is Closed
38: Activity [1.1] "TryCatch1" is Closed
{
    Variables
        connection: cae99e1c-ae9d-448a-bee2-7c9dca27a72a
}
39: Activity [1] "SftpFtpReaderActivity" is Closed
{
    Arguments
        LocalFileNameIn: LocalFileNameIn
        LocalFileNameOut: 
        RenameFile: True
        MoveFileTo: a:\nother\directory\path
        LocalFilePath: 
        FilterOptions: IgnoreCase
        ErrorOnTimeout: False
        ScanFilterOptions: FilterOnClientCaseSensitive
        Timeout: 00:00:03
        Filter: [abc]{{1}}
        Connection: Mock&lt;iCore.Public.Ftp.IFileTransferConnection:f623&gt;.Object
        OriginalFileName: 
        ScanInterval: 1
        ScanDirectory: ScanDir
        SettleTime: 0
        ProcessingFilePath: 
        ScanFilter: *.txt
        LocalDirectory: A:\localdir
        ProcessingFileName: 
        OriginalFilePath: 
        DeleteServerFile: True
}
40: WorkflowInstance "SftpFtpReaderActivity" is Completed</StdOut>
      </Output>
    </UnitTestResult>
    <UnitTestResult executionId="55f25b10-b555-40a2-8e5b-267e0b940f4b" testId="eacaa944-7567-0e3d-120e-8d3d35b95e26" testName="Invoke_RenameNoMoveNoErrorOnTimeoutNoFileFound_OutArgumentsAreNull" computerName="ICSWS068" duration="00:00:00.0607026" startTime="2016-08-04T09:59:13.0832914+02:00" endTime="2016-08-04T09:59:13.1452114+02:00" testType="13cdc9d9-ddb5-4fa4-a97d-d965ccfc6d4b" outcome="Passed" testListId="8c84fa94-04c1-424b-9868-57a2d4851a1d" relativeResultsDirectory="55f25b10-b555-40a2-8e5b-267e0b940f4b">
      <Output>
        <StdOut>Debug Trace:
0: WorkflowInstance "SftpFtpReaderActivity" is Started
1: Activity [null] "null" scheduled child activity [1] "SftpFtpReaderActivity"
2: Activity [1] "SftpFtpReaderActivity" is Executing
{
    Arguments
        LocalFileNameIn: LocalFileNameIn
        RenameFile: True
        MoveFileTo: 
        FilterOptions: IgnoreCase
        ErrorOnTimeout: False
        ScanFilterOptions: FilterOnClientCaseSensitive
        Timeout: 00:00:03
        Filter: [abc]{{1}}
        Connection: Mock&lt;iCore.Public.Ftp.IFileTransferConnection:e2b7&gt;.Object
        ScanInterval: 1
        ScanDirectory: ScanDir
        SettleTime: 0
        ScanFilter: *.txt
        LocalDirectory: A:\localdir
        DeleteServerFile: True
}
3: Activity [1] "SftpFtpReaderActivity" scheduled child activity [1.1] "TryCatch1"
4: Activity [1.1] "TryCatch1" is Executing
{
    Variables
        connection: 8cee698a-1f64-4f76-b895-7dd6a3bb1358
}
5: Activity [1.1] "TryCatch1" scheduled child activity [1.4] "TryCatch2"
6: Activity [1.4] "TryCatch2" is Executing
7: Activity [1.4] "TryCatch2" scheduled child activity [1.8] "MainSequence1"
8: Activity [1.8] "MainSequence1" is Executing
{
    Variables
        configuration: iCore.Workflow.Activities.Filesystem.FileReaderConfiguration
}
9: Activity [1.8] "MainSequence1" scheduled child activity [1.48] "CreateConfiguration1"
10: Activity [1.48] "CreateConfiguration1" is Executing
{
    Arguments
        FilterOptions: IgnoreCase
        ScanFilterOptions: FilterOnClientCaseSensitive
        Filter: [abc]{{1}}
        ScanInterval: 1
        ScanDirectory: ScanDir
        SettleTime: 0
        ScanFilter: *.txt
}
11: Activity [1.48] "CreateConfiguration1" is Closed
{
    Arguments
        FilterOptions: IgnoreCase
        ScanFilterOptions: FilterOnClientCaseSensitive
        Filter: [abc]{{1}}
        ScanInterval: 1
        Result: iCore.Workflow.Activities.Filesystem.FileReaderConfiguration
        ScanDirectory: ScanDir
        SettleTime: 0
        ScanFilter: *.txt
}
12: Activity [1.8] "MainSequence1" scheduled child activity [1.41] "StartReaderActivity1"
13: Activity [1.41] "StartReaderActivity1" is Executing
{
    Arguments
        Connection: Mock&lt;iCore.Public.Ftp.IFileTransferConnection:e2b7&gt;.Object
        Configuration: iCore.Workflow.Activities.Filesystem.FileReaderConfiguration
        OpenNewConnection: False
}
14: WorkflowInstance "SftpFtpReaderActivity" is Idle
15: CustomTrackingRecord [1.41] "iCPSTraceTrackingRecord"
16: Activity [1.41] "StartReaderActivity1" is Closed
{
    Arguments
        Connection: Mock&lt;iCore.Public.Ftp.IFileTransferConnection:e2b7&gt;.Object
        Result: 8cee698a-1f64-4f76-b895-7dd6a3bb1358
        Configuration: iCore.Workflow.Activities.Filesystem.FileReaderConfiguration
        OpenNewConnection: False
}
17: Activity [1.8] "MainSequence1" scheduled child activity [1.9] "GetNextFile1"
18: Activity [1.9] "GetNextFile1" is Executing
{
    Arguments
        LocalFileNameIn: LocalFileNameIn
        RenameFile: True
        MoveFileTo: 
        ErrorOnTimeout: False
        SubscriptionId: 8cee698a-1f64-4f76-b895-7dd6a3bb1358
        Timeout: 00:00:03
        Connection: Mock&lt;iCore.Public.Ftp.IFileTransferConnection:e2b7&gt;.Object
        IsImplicitlyCancellable: True
        LocalDirectory: A:\localdir
        DeleteServerFile: True
}
19: Activity [1.9] "GetNextFile1" scheduled child activity [1.9.1] "Sequence"
20: Activity [1.9.1] "Sequence" is Executing
{
    Variables
        _1a25a75f_79d5_4484_98f9_c744c2b55c4d_424: 
        _1a25a75f_79d5_4484_98f9_c744c2b55c4d_425: 
        _1a25a75f_79d5_4484_98f9_c744c2b55c4d_426: 
}
21: Activity [1.9.1] "Sequence" scheduled child activity [1.9.81] "InternalGetNextFile1"
22: Activity [1.9.81] "InternalGetNextFile1" is Executing
{
    Arguments
        ErrorOnTimeout: False
        SubscriptionId: 8cee698a-1f64-4f76-b895-7dd6a3bb1358
        Timeout: 00:00:03
        IsImplicitlyCancellable: True
}
23: CustomTrackingRecord [1.9.81] "iCPSTraceTrackingRecord"
24: WorkflowInstance "SftpFtpReaderActivity" is Idle
25: Bookmark "fba27a78-ecf9-41cd-ab54-919c9fa555f9" resumed with payload &lt;iCore.Workflow.Activities.Extensions.ItemSubscriptionEventArgs`1[iCore.Common.Utilities.FileSystemWatcher.FileInfoBase]&gt; owner [1.9.81] "InternalGetNextFile1"
26: Activity [1.9.81] "InternalGetNextFile1" is Closed
{
    Arguments
        ErrorOnTimeout: False
        SubscriptionId: 8cee698a-1f64-4f76-b895-7dd6a3bb1358
        FileName: 
        Timeout: 00:00:03
        IsImplicitlyCancellable: True
        FilePath: 
}
27: Activity [1.9.1] "Sequence" scheduled child activity [1.9.2] "If"
28: Activity [1.9.2] "If" is Executing
{
    Arguments
        Condition: False
}
29: Activity [1.9.2] "If" is Closed
{
    Arguments
        Condition: False
}
30: Activity [1.9.1] "Sequence" is Closed
{
    Variables
        _1a25a75f_79d5_4484_98f9_c744c2b55c4d_427: 
        _1a25a75f_79d5_4484_98f9_c744c2b55c4d_428: 
        _1a25a75f_79d5_4484_98f9_c744c2b55c4d_429: 
}
31: Activity [1.9] "GetNextFile1" is Closed
{
    Arguments
        LocalFileNameIn: LocalFileNameIn
        LocalFileNameOut: 
        RenameFile: True
        MoveFileTo: 
        LocalFilePath: 
        ErrorOnTimeout: False
        SubscriptionId: 8cee698a-1f64-4f76-b895-7dd6a3bb1358
        Timeout: 00:00:03
        Connection: Mock&lt;iCore.Public.Ftp.IFileTransferConnection:e2b7&gt;.Object
        OriginalFileName: 
        ProcessingFilePath: 
        IsImplicitlyCancellable: True
        LocalDirectory: A:\localdir
        ProcessingFileName: 
        OriginalFilePath: 
        DeleteServerFile: True
}
32: Activity [1.8] "MainSequence1" is Closed
{
    Variables
        configuration: iCore.Workflow.Activities.Filesystem.FileReaderConfiguration
}
33: Activity [1.4] "TryCatch2" scheduled child activity [1.5] "CloseConnection1"
34: Activity [1.5] "CloseConnection1" is Executing
{
    Arguments
        SubscriptionId: 8cee698a-1f64-4f76-b895-7dd6a3bb1358
}
35: CustomTrackingRecord [1.5] "iCPSTraceTrackingRecord"
36: Activity [1.5] "CloseConnection1" is Closed
{
    Arguments
        SubscriptionId: 8cee698a-1f64-4f76-b895-7dd6a3bb1358
}
37: Activity [1.4] "TryCatch2" is Closed
38: Activity [1.1] "TryCatch1" is Closed
{
    Variables
        connection: 8cee698a-1f64-4f76-b895-7dd6a3bb1358
}
39: Activity [1] "SftpFtpReaderActivity" is Closed
{
    Arguments
        LocalFileNameIn: LocalFileNameIn
        LocalFileNameOut: 
        RenameFile: True
        MoveFileTo: 
        LocalFilePath: 
        FilterOptions: IgnoreCase
        ErrorOnTimeout: False
        ScanFilterOptions: FilterOnClientCaseSensitive
        Timeout: 00:00:03
        Filter: [abc]{{1}}
        Connection: Mock&lt;iCore.Public.Ftp.IFileTransferConnection:e2b7&gt;.Object
        OriginalFileName: 
        ScanInterval: 1
        ScanDirectory: ScanDir
        SettleTime: 0
        ProcessingFilePath: 
        ScanFilter: *.txt
        LocalDirectory: A:\localdir
        ProcessingFileName: 
        OriginalFilePath: 
        DeleteServerFile: True
}
40: WorkflowInstance "SftpFtpReaderActivity" is Completed</StdOut>
      </Output>
    </UnitTestResult>
    <UnitTestResult executionId="05bf6eb9-9782-49d4-9afa-5159c8b660c8" testId="ae8aeeaa-4c8c-5dff-4065-f5a9d582756f" testName="Invoke_NoRenameMoveNoErrorOnTimeoutNoFileFound_OutArgumentsAreNull" computerName="ICSWS068" duration="00:00:00.0681033" startTime="2016-08-04T09:59:13.1481979+02:00" endTime="2016-08-04T09:59:13.2173331+02:00" testType="13cdc9d9-ddb5-4fa4-a97d-d965ccfc6d4b" outcome="Passed" testListId="8c84fa94-04c1-424b-9868-57a2d4851a1d" relativeResultsDirectory="05bf6eb9-9782-49d4-9afa-5159c8b660c8">
      <Output>
        <StdOut>Debug Trace:
0: WorkflowInstance "SftpFtpReaderActivity" is Started
1: Activity [null] "null" scheduled child activity [1] "SftpFtpReaderActivity"
2: Activity [1] "SftpFtpReaderActivity" is Executing
{
    Arguments
        LocalFileNameIn: LocalFileNameIn
        RenameFile: True
        MoveFileTo: a:\nother\directory\path
        FilterOptions: IgnoreCase
        ErrorOnTimeout: False
        ScanFilterOptions: FilterOnClientCaseSensitive
        Timeout: 00:00:03
        Filter: [abc]{{1}}
        Connection: Mock&lt;iCore.Public.Ftp.IFileTransferConnection:24b2&gt;.Object
        ScanInterval: 1
        ScanDirectory: ScanDir
        SettleTime: 0
        ScanFilter: *.txt
        LocalDirectory: A:\localdir
        DeleteServerFile: True
}
3: Activity [1] "SftpFtpReaderActivity" scheduled child activity [1.1] "TryCatch1"
4: Activity [1.1] "TryCatch1" is Executing
{
    Variables
        connection: 6bb10043-47b4-4ba5-875f-598fafdaa9e4
}
5: Activity [1.1] "TryCatch1" scheduled child activity [1.4] "TryCatch2"
6: Activity [1.4] "TryCatch2" is Executing
7: Activity [1.4] "TryCatch2" scheduled child activity [1.8] "MainSequence1"
8: Activity [1.8] "MainSequence1" is Executing
{
    Variables
        configuration: iCore.Workflow.Activities.Filesystem.FileReaderConfiguration
}
9: Activity [1.8] "MainSequence1" scheduled child activity [1.48] "CreateConfiguration1"
10: Activity [1.48] "CreateConfiguration1" is Executing
{
    Arguments
        FilterOptions: IgnoreCase
        ScanFilterOptions: FilterOnClientCaseSensitive
        Filter: [abc]{{1}}
        ScanInterval: 1
        ScanDirectory: ScanDir
        SettleTime: 0
        ScanFilter: *.txt
}
11: Activity [1.48] "CreateConfiguration1" is Closed
{
    Arguments
        FilterOptions: IgnoreCase
        ScanFilterOptions: FilterOnClientCaseSensitive
        Filter: [abc]{{1}}
        ScanInterval: 1
        Result: iCore.Workflow.Activities.Filesystem.FileReaderConfiguration
        ScanDirectory: ScanDir
        SettleTime: 0
        ScanFilter: *.txt
}
12: Activity [1.8] "MainSequence1" scheduled child activity [1.41] "StartReaderActivity1"
13: Activity [1.41] "StartReaderActivity1" is Executing
{
    Arguments
        Connection: Mock&lt;iCore.Public.Ftp.IFileTransferConnection:24b2&gt;.Object
        Configuration: iCore.Workflow.Activities.Filesystem.FileReaderConfiguration
        OpenNewConnection: False
}
14: WorkflowInstance "SftpFtpReaderActivity" is Idle
15: CustomTrackingRecord [1.41] "iCPSTraceTrackingRecord"
16: Activity [1.41] "StartReaderActivity1" is Closed
{
    Arguments
        Connection: Mock&lt;iCore.Public.Ftp.IFileTransferConnection:24b2&gt;.Object
        Result: 6bb10043-47b4-4ba5-875f-598fafdaa9e4
        Configuration: iCore.Workflow.Activities.Filesystem.FileReaderConfiguration
        OpenNewConnection: False
}
17: Activity [1.8] "MainSequence1" scheduled child activity [1.9] "GetNextFile1"
18: Activity [1.9] "GetNextFile1" is Executing
{
    Arguments
        LocalFileNameIn: LocalFileNameIn
        RenameFile: True
        MoveFileTo: a:\nother\directory\path
        ErrorOnTimeout: False
        SubscriptionId: 6bb10043-47b4-4ba5-875f-598fafdaa9e4
        Timeout: 00:00:03
        Connection: Mock&lt;iCore.Public.Ftp.IFileTransferConnection:24b2&gt;.Object
        IsImplicitlyCancellable: True
        LocalDirectory: A:\localdir
        DeleteServerFile: True
}
19: Activity [1.9] "GetNextFile1" scheduled child activity [1.9.1] "Sequence"
20: Activity [1.9.1] "Sequence" is Executing
{
    Variables
        _1a25a75f_79d5_4484_98f9_c744c2b55c4d_430: 
        _1a25a75f_79d5_4484_98f9_c744c2b55c4d_431: 
        _1a25a75f_79d5_4484_98f9_c744c2b55c4d_432: 
}
21: Activity [1.9.1] "Sequence" scheduled child activity [1.9.81] "InternalGetNextFile1"
22: Activity [1.9.81] "InternalGetNextFile1" is Executing
{
    Arguments
        ErrorOnTimeout: False
        SubscriptionId: 6bb10043-47b4-4ba5-875f-598fafdaa9e4
        Timeout: 00:00:03
        IsImplicitlyCancellable: True
}
23: CustomTrackingRecord [1.9.81] "iCPSTraceTrackingRecord"
24: WorkflowInstance "SftpFtpReaderActivity" is Idle
25: Bookmark "9e2f9c99-67b2-4138-b3f5-760222010d6f" resumed with payload &lt;iCore.Workflow.Activities.Extensions.ItemSubscriptionEventArgs`1[iCore.Common.Utilities.FileSystemWatcher.FileInfoBase]&gt; owner [1.9.81] "InternalGetNextFile1"
26: Activity [1.9.81] "InternalGetNextFile1" is Closed
{
    Arguments
        ErrorOnTimeout: False
        SubscriptionId: 6bb10043-47b4-4ba5-875f-598fafdaa9e4
        FileName: 
        Timeout: 00:00:03
        IsImplicitlyCancellable: True
        FilePath: 
}
27: Activity [1.9.1] "Sequence" scheduled child activity [1.9.2] "If"
28: Activity [1.9.2] "If" is Executing
{
    Arguments
        Condition: False
}
29: Activity [1.9.2] "If" is Closed
{
    Arguments
        Condition: False
}
30: Activity [1.9.1] "Sequence" is Closed
{
    Variables
        _1a25a75f_79d5_4484_98f9_c744c2b55c4d_433: 
        _1a25a75f_79d5_4484_98f9_c744c2b55c4d_434: 
        _1a25a75f_79d5_4484_98f9_c744c2b55c4d_435: 
}
31: Activity [1.9] "GetNextFile1" is Closed
{
    Arguments
        LocalFileNameIn: LocalFileNameIn
        LocalFileNameOut: 
        RenameFile: True
        MoveFileTo: a:\nother\directory\path
        LocalFilePath: 
        ErrorOnTimeout: False
        SubscriptionId: 6bb10043-47b4-4ba5-875f-598fafdaa9e4
        Timeout: 00:00:03
        Connection: Mock&lt;iCore.Public.Ftp.IFileTransferConnection:24b2&gt;.Object
        OriginalFileName: 
        ProcessingFilePath: 
        IsImplicitlyCancellable: True
        LocalDirectory: A:\localdir
        ProcessingFileName: 
        OriginalFilePath: 
        DeleteServerFile: True
}
32: Activity [1.8] "MainSequence1" is Closed
{
    Variables
        configuration: iCore.Workflow.Activities.Filesystem.FileReaderConfiguration
}
33: Activity [1.4] "TryCatch2" scheduled child activity [1.5] "CloseConnection1"
34: Activity [1.5] "CloseConnection1" is Executing
{
    Arguments
        SubscriptionId: 6bb10043-47b4-4ba5-875f-598fafdaa9e4
}
35: CustomTrackingRecord [1.5] "iCPSTraceTrackingRecord"
36: Activity [1.5] "CloseConnection1" is Closed
{
    Arguments
        SubscriptionId: 6bb10043-47b4-4ba5-875f-598fafdaa9e4
}
37: Activity [1.4] "TryCatch2" is Closed
38: Activity [1.1] "TryCatch1" is Closed
{
    Variables
        connection: 6bb10043-47b4-4ba5-875f-598fafdaa9e4
}
39: Activity [1] "SftpFtpReaderActivity" is Closed
{
    Arguments
        LocalFileNameIn: LocalFileNameIn
        LocalFileNameOut: 
        RenameFile: True
        MoveFileTo: a:\nother\directory\path
        LocalFilePath: 
        FilterOptions: IgnoreCase
        ErrorOnTimeout: False
        ScanFilterOptions: FilterOnClientCaseSensitive
        Timeout: 00:00:03
        Filter: [abc]{{1}}
        Connection: Mock&lt;iCore.Public.Ftp.IFileTransferConnection:24b2&gt;.Object
        OriginalFileName: 
        ScanInterval: 1
        ScanDirectory: ScanDir
        SettleTime: 0
        ProcessingFilePath: 
        ScanFilter: *.txt
        LocalDirectory: A:\localdir
        ProcessingFileName: 
        OriginalFilePath: 
        DeleteServerFile: True
}
40: WorkflowInstance "SftpFtpReaderActivity" is Completed</StdOut>
      </Output>
    </UnitTestResult>
    <UnitTestResult executionId="7b0d6906-b1ec-49f5-9fc2-b60f1f276d66" testId="488759c5-2b6a-8db6-ab42-0c01993bf9ad" testName="Allocate_InspectDefaultValue" computerName="ICSWS068" duration="00:00:00.0595041" startTime="2016-08-04T09:59:13.2213354+02:00" endTime="2016-08-04T09:59:13.2824323+02:00" testType="13cdc9d9-ddb5-4fa4-a97d-d965ccfc6d4b" outcome="Passed" testListId="8c84fa94-04c1-424b-9868-57a2d4851a1d" relativeResultsDirectory="7b0d6906-b1ec-49f5-9fc2-b60f1f276d66">
      <Output>
        <StdOut>Debug Trace:
0: WorkflowInstance "SftpFtpReaderActivity" is Started
1: Activity [null] "null" scheduled child activity [1] "SftpFtpReaderActivity"
2: Activity [1] "SftpFtpReaderActivity" is Executing
{
    Arguments
        LocalFileNameIn: LocalFileNameIn
        RenameFile: False
        MoveFileTo: MoveToDir
        FilterOptions: IgnoreCase
        ErrorOnTimeout: True
        ScanFilterOptions: FilterOnServer
        Timeout: -00:00:00.0010000
        Filter: [abc]{{1}}
        Connection: Mock&lt;iCore.Public.Ftp.IFileTransferConnection:7f5a&gt;.Object
        ScanInterval: 30
        ScanDirectory: /
        SettleTime: 0
        ScanFilter: *
        LocalDirectory: A:\localdir
        DeleteServerFile: True
}
3: Activity [1] "SftpFtpReaderActivity" scheduled child activity [1.1] "TryCatch1"
4: Activity [1.1] "TryCatch1" is Executing
{
    Variables
        connection: 95bacbbe-460e-44f2-a5ea-5cab2a6b0cc4
}
5: Activity [1.1] "TryCatch1" scheduled child activity [1.4] "TryCatch2"
6: Activity [1.4] "TryCatch2" is Executing
7: Activity [1.4] "TryCatch2" scheduled child activity [1.8] "MainSequence1"
8: Activity [1.8] "MainSequence1" is Executing
{
    Variables
        configuration: iCore.Workflow.Activities.Filesystem.FileReaderConfiguration
}
9: Activity [1.8] "MainSequence1" scheduled child activity [1.48] "CreateConfiguration1"
10: Activity [1.48] "CreateConfiguration1" is Executing
{
    Arguments
        FilterOptions: IgnoreCase
        ScanFilterOptions: FilterOnServer
        Filter: [abc]{{1}}
        ScanInterval: 30
        ScanDirectory: /
        SettleTime: 0
        ScanFilter: *
}
11: Activity [1.48] "CreateConfiguration1" is Closed
{
    Arguments
        FilterOptions: IgnoreCase
        ScanFilterOptions: FilterOnServer
        Filter: [abc]{{1}}
        ScanInterval: 30
        Result: iCore.Workflow.Activities.Filesystem.FileReaderConfiguration
        ScanDirectory: /
        SettleTime: 0
        ScanFilter: *
}
12: Activity [1.8] "MainSequence1" scheduled child activity [1.41] "StartReaderActivity1"
13: Activity [1.41] "StartReaderActivity1" is Executing
{
    Arguments
        Connection: Mock&lt;iCore.Public.Ftp.IFileTransferConnection:7f5a&gt;.Object
        Configuration: iCore.Workflow.Activities.Filesystem.FileReaderConfiguration
        OpenNewConnection: False
}
14: WorkflowInstance "SftpFtpReaderActivity" is Idle
15: CustomTrackingRecord [1.41] "iCPSTraceTrackingRecord"
16: Activity [1.41] "StartReaderActivity1" is Closed
{
    Arguments
        Connection: Mock&lt;iCore.Public.Ftp.IFileTransferConnection:7f5a&gt;.Object
        Result: 95bacbbe-460e-44f2-a5ea-5cab2a6b0cc4
        Configuration: iCore.Workflow.Activities.Filesystem.FileReaderConfiguration
        OpenNewConnection: False
}
17: Activity [1.8] "MainSequence1" scheduled child activity [1.9] "GetNextFile1"
18: Activity [1.9] "GetNextFile1" is Executing
{
    Arguments
        LocalFileNameIn: LocalFileNameIn
        RenameFile: False
        MoveFileTo: MoveToDir
        ErrorOnTimeout: True
        SubscriptionId: 95bacbbe-460e-44f2-a5ea-5cab2a6b0cc4
        Timeout: -00:00:00.0010000
        Connection: Mock&lt;iCore.Public.Ftp.IFileTransferConnection:7f5a&gt;.Object
        IsImplicitlyCancellable: True
        LocalDirectory: A:\localdir
        DeleteServerFile: True
}
19: Activity [1.9] "GetNextFile1" scheduled child activity [1.9.1] "Sequence"
20: Activity [1.9.1] "Sequence" is Executing
{
    Variables
        _1a25a75f_79d5_4484_98f9_c744c2b55c4d_436: 
        _1a25a75f_79d5_4484_98f9_c744c2b55c4d_437: 
        _1a25a75f_79d5_4484_98f9_c744c2b55c4d_438: 
}
21: Activity [1.9.1] "Sequence" scheduled child activity [1.9.81] "InternalGetNextFile1"
22: Activity [1.9.81] "InternalGetNextFile1" is Executing
{
    Arguments
        ErrorOnTimeout: True
        SubscriptionId: 95bacbbe-460e-44f2-a5ea-5cab2a6b0cc4
        Timeout: -00:00:00.0010000
        IsImplicitlyCancellable: True
}
23: CustomTrackingRecord [1.9.81] "iCPSTraceTrackingRecord"
24: WorkflowInstance "SftpFtpReaderActivity" is Idle</StdOut>
      </Output>
    </UnitTestResult>
    <UnitTestResult executionId="d1977c28-b646-4ebd-acd8-162bfe774549" testId="fad59eb6-6618-def7-b296-7b0a6a51a2c8" testName="VerifyArgumentAttributes_SameAsCreateSftpFtpReaderConfigurationActivity" computerName="ICSWS068" duration="00:00:00.0066285" startTime="2016-08-04T09:59:13.2854346+02:00" endTime="2016-08-04T09:59:13.2934444+02:00" testType="13cdc9d9-ddb5-4fa4-a97d-d965ccfc6d4b" outcome="Passed" testListId="8c84fa94-04c1-424b-9868-57a2d4851a1d" relativeResultsDirectory="d1977c28-b646-4ebd-acd8-162bfe774549" />
    <UnitTestResult executionId="80a506aa-674a-462f-a2a3-802b151b6740" testId="06537a5a-d1f1-5f40-8539-9d85b7677d24" testName="VerifyArgumentAttributes_SameAsGetSftpFtpNextFileActivity" computerName="ICSWS068" duration="00:00:00.0055940" startTime="2016-08-04T09:59:13.2959617+02:00" endTime="2016-08-04T09:59:13.3024698+02:00" testType="13cdc9d9-ddb5-4fa4-a97d-d965ccfc6d4b" outcome="Passed" testListId="8c84fa94-04c1-424b-9868-57a2d4851a1d" relativeResultsDirectory="80a506aa-674a-462f-a2a3-802b151b6740" />
    <UnitTestResult executionId="374721dd-8ea2-4bd8-80f3-9cb071e50d6c" testId="d5cb383a-2c1c-8a14-4faa-044b88c000da" testName="VerifyArgumentAttributes_SameAsStartSftpFtpReaderActivity" computerName="ICSWS068" duration="00:00:00.0051696" startTime="2016-08-04T09:59:13.3057861+02:00" endTime="2016-08-04T09:59:13.3118063+02:00" testType="13cdc9d9-ddb5-4fa4-a97d-d965ccfc6d4b" outcome="Passed" testListId="8c84fa94-04c1-424b-9868-57a2d4851a1d" relativeResultsDirectory="374721dd-8ea2-4bd8-80f3-9cb071e50d6c" />
    <UnitTestResult executionId="8bc98ed2-38a3-4704-8318-7c0851e15531" testId="c40f998a-e08d-133b-e47a-35aa06b6c059" testName="Invoke_AllArguments_VerifyOpenFileActivity" computerName="ICSWS068" duration="00:00:00.0110531" startTime="2016-08-04T09:59:13.3142992+02:00" endTime="2016-08-04T09:59:13.3267826+02:00" testType="13cdc9d9-ddb5-4fa4-a97d-d965ccfc6d4b" outcome="Passed" testListId="8c84fa94-04c1-424b-9868-57a2d4851a1d" relativeResultsDirectory="8bc98ed2-38a3-4704-8318-7c0851e15531">
      <Output>
        <StdOut>Debug Trace:
FileTransferPath.GetDirectoryName: path=/directory/path/file.name directorySeparator=
\directory\path: FileTransferPath.GetDirectoryName: Path.GetDirectoryName={0}
0: WorkflowInstance "OpenSftpFtpNextFileActivity" is Started
1: Activity [null] "null" scheduled child activity [1] "OpenSftpFtpNextFileActivity"
2: Activity [1] "OpenSftpFtpNextFileActivity" is Executing
{
    Arguments
        LocalFileNameIn: localfile.txt
        RenameFile: False
        MoveFileTo: 
        ErrorOnTimeout: False
        SubscriptionId: 40bb1866-d629-4fd1-a9b9-71a38a0260ab
        Timeout: 00:00:00
        Connection: Mock&lt;iCore.Public.Ftp.IFileTransferConnection:4a33&gt;.Object
        IsImplicitlyCancellable: False
        LocalDirectory: C:\local_temp
        DeleteServerFile: False
}
3: Activity [1] "OpenSftpFtpNextFileActivity" scheduled child activity [1.1] "Sequence"
4: Activity [1.1] "Sequence" is Executing
5: Activity [1.1] "Sequence" scheduled child activity [1.13] "Sequence"
6: Activity [1.13] "Sequence" is Executing
{
    Variables
        _1a25a75f_79d5_4484_98f9_c744c2b55c4d_439: System.IO.MemoryStream
        _1a25a75f_79d5_4484_98f9_c744c2b55c4d_440: localfile.txt
        _1a25a75f_79d5_4484_98f9_c744c2b55c4d_441: C:\local_temp\localfile.txt
}
7: Activity [1.13] "Sequence" scheduled child activity [1.93] "InternalGetNextFile1"
8: Activity [1.93] "InternalGetNextFile1" is Executing
{
    Arguments
        ErrorOnTimeout: False
        SubscriptionId: 40bb1866-d629-4fd1-a9b9-71a38a0260ab
        Timeout: 00:00:00
        IsImplicitlyCancellable: False
}
9: CustomTrackingRecord [1.93] "iCPSTraceTrackingRecord"
10: WorkflowInstance "OpenSftpFtpNextFileActivity" is Idle
11: Bookmark "6afb5647-cea4-4a2c-aecb-5e465392b53c" resumed with payload &lt;iCore.Workflow.Activities.Extensions.ItemSubscriptionEventArgs`1[iCore.Common.Utilities.FileSystemWatcher.FileInfoBase]&gt; owner [1.93] "InternalGetNextFile1"
12: Activity [1.93] "InternalGetNextFile1" is Closed
{
    Arguments
        ErrorOnTimeout: False
        SubscriptionId: 40bb1866-d629-4fd1-a9b9-71a38a0260ab
        FileName: file.name
        Timeout: 00:00:00
        IsImplicitlyCancellable: False
        FilePath: /directory/path/file.name
}
13: Activity [1.13] "Sequence" scheduled child activity [1.14] "If"
14: Activity [1.14] "If" is Executing
{
    Arguments
        Condition: True
}
15: Activity [1.14] "If" scheduled child activity [1.18] "TryCatch"
16: Activity [1.18] "TryCatch" is Executing
17: Activity [1.18] "TryCatch" scheduled child activity [1.22] "TrySequence1"
18: Activity [1.22] "TrySequence1" is Executing
19: Activity [1.22] "TrySequence1" scheduled child activity [1.87] "AssignProcessingFileName"
20: Activity [1.87] "AssignProcessingFileName" is Executing
{
    Arguments
        Value: file.name
}
21: Activity [1.87] "AssignProcessingFileName" is Closed
{
    Arguments
        Value: file.name
        To: file.name
}
22: Activity [1.22] "TrySequence1" scheduled child activity [1.80] "AssignProcessingFilePath"
23: Activity [1.80] "AssignProcessingFilePath" is Executing
{
    Arguments
        Value: /directory/path/file.name
}
24: Activity [1.80] "AssignProcessingFilePath" is Closed
{
    Arguments
        Value: /directory/path/file.name
        To: /directory/path/file.name
}
25: Activity [1.22] "TrySequence1" scheduled child activity [1.68] "IfRenameFile"
26: Activity [1.68] "IfRenameFile" is Executing
{
    Arguments
        Condition: False
}
27: Activity [1.68] "IfRenameFile" is Closed
{
    Arguments
        Condition: False
}
28: Activity [1.22] "TrySequence1" scheduled child activity [1.62] "SetLocalFileName"
29: Activity [1.62] "SetLocalFileName" is Executing
{
    Arguments
        Value: localfile.txt
}
30: Activity [1.62] "SetLocalFileName" is Closed
{
    Arguments
        Value: localfile.txt
        To: localfile.txt
}
31: Activity [1.22] "TrySequence1" scheduled child activity [1.56] "SetLocalFilePath"
32: Activity [1.56] "SetLocalFilePath" is Executing
{
    Arguments
        Value: C:\local_temp\localfile.txt
}
33: Activity [1.56] "SetLocalFilePath" is Closed
{
    Arguments
        Value: C:\local_temp\localfile.txt
        To: C:\local_temp\localfile.txt
}
34: Activity [1.22] "TrySequence1" scheduled child activity [1.48] "OpenFile1"
35: Activity [1.48] "OpenFile1" is Executing
{
    Arguments
        FileAccess: ReadWrite
        FileMode: Create
        FileName: C:\local_temp\localfile.txt
        FileShare: None
}
36: WorkflowInstance "OpenSftpFtpNextFileActivity" is Idle
37: Activity [1.48] "OpenFile1" is Closed
{
    Arguments
        FileAccess: ReadWrite
        FileMode: Create
        FileName: C:\local_temp\localfile.txt
        Result: System.IO.MemoryStream
        FileShare: None
}
38: Activity [1.22] "TrySequence1" scheduled child activity [1.42] "DownloadSftpFtpFileToStream1"
39: Activity [1.42] "DownloadSftpFtpFileToStream1" is Executing
{
    Arguments
        DestinationStream: System.IO.MemoryStream
        SourceFilename: /directory/path/file.name
        Connection: Mock&lt;iCore.Public.Ftp.IFileTransferConnection:4a33&gt;.Object
}
40: WorkflowInstance "OpenSftpFtpNextFileActivity" is Idle
41: Activity [1.42] "DownloadSftpFtpFileToStream1" is Closed
{
    Arguments
        DestinationStream: System.IO.MemoryStream
        SourceFilename: /directory/path/file.name
        Connection: Mock&lt;iCore.Public.Ftp.IFileTransferConnection:4a33&gt;.Object
}
42: Activity [1.22] "TrySequence1" scheduled child activity [1.33] "If"
43: Activity [1.33] "If" is Executing
{
    Arguments
        Condition: False
}
44: Activity [1.33] "If" is Closed
{
    Arguments
        Condition: False
}
45: Activity [1.22] "TrySequence1" scheduled child activity [1.28] "AssignLocalFileNameOut"
46: Activity [1.28] "AssignLocalFileNameOut" is Executing
{
    Arguments
        Value: localfile.txt
}
47: Activity [1.28] "AssignLocalFileNameOut" is Closed
{
    Arguments
        Value: localfile.txt
        To: localfile.txt
}
48: Activity [1.22] "TrySequence1" scheduled child activity [1.23] "AssignLocalFilePath"
49: Activity [1.23] "AssignLocalFilePath" is Executing
{
    Arguments
        Value: C:\local_temp\localfile.txt
}
50: Activity [1.23] "AssignLocalFilePath" is Closed
{
    Arguments
        Value: C:\local_temp\localfile.txt
        To: C:\local_temp\localfile.txt
}
51: Activity [1.22] "TrySequence1" is Closed
52: Activity [1.18] "TryCatch" scheduled child activity [1.19] "FinallySequence1"
53: Activity [1.19] "FinallySequence1" is Executing
54: Activity [1.19] "FinallySequence1" scheduled child activity [1.20] "CloseStream1"
55: Activity [1.20] "CloseStream1" is Executing
{
    Arguments
        Stream: System.IO.MemoryStream
}
56: WorkflowInstance "OpenSftpFtpNextFileActivity" is Idle
57: Activity [1.20] "CloseStream1" is Closed
{
    Arguments
        Stream: System.IO.MemoryStream
}
58: Activity [1.19] "FinallySequence1" is Closed
59: Activity [1.18] "TryCatch" is Closed
60: Activity [1.14] "If" is Closed
{
    Arguments
        Condition: True
}
61: Activity [1.13] "Sequence" is Closed
{
    Variables
        _1a25a75f_79d5_4484_98f9_c744c2b55c4d_442: System.IO.MemoryStream
        _1a25a75f_79d5_4484_98f9_c744c2b55c4d_443: localfile.txt
        _1a25a75f_79d5_4484_98f9_c744c2b55c4d_444: C:\local_temp\localfile.txt
}
62: Activity [1.1] "Sequence" scheduled child activity [1.2] "OpenIfFileDownloaded1"
63: Activity [1.2] "OpenIfFileDownloaded1" is Executing
{
    Arguments
        Condition: True
}
64: Activity [1.2] "OpenIfFileDownloaded1" scheduled child activity [1.5] "OpenFile2"
65: Activity [1.5] "OpenFile2" is Executing
{
    Arguments
        FileAccess: ReadWrite
        FileMode: Open
        FileName: C:\local_temp\localfile.txt
        FileShare: None
}
66: WorkflowInstance "OpenSftpFtpNextFileActivity" is Idle
67: Activity [1.5] "OpenFile2" is Closed
{
    Arguments
        FileAccess: ReadWrite
        FileMode: Open
        FileName: C:\local_temp\localfile.txt
        Result: System.IO.MemoryStream
        FileShare: None
}
68: Activity [1.2] "OpenIfFileDownloaded1" is Closed
{
    Arguments
        Condition: True
}
69: Activity [1.1] "Sequence" is Closed
70: Activity [1] "OpenSftpFtpNextFileActivity" is Closed
{
    Arguments
        LocalFileNameIn: localfile.txt
        LocalFileNameOut: localfile.txt
        RenameFile: False
        MoveFileTo: 
        LocalFilePath: C:\local_temp\localfile.txt
        ErrorOnTimeout: False
        SubscriptionId: 40bb1866-d629-4fd1-a9b9-71a38a0260ab
        Timeout: 00:00:00
        Connection: Mock&lt;iCore.Public.Ftp.IFileTransferConnection:4a33&gt;.Object
        OriginalFileName: file.name
        Data: System.IO.MemoryStream
        ProcessingFilePath: /directory/path/file.name
        IsImplicitlyCancellable: False
        LocalDirectory: C:\local_temp
        ProcessingFileName: file.name
        OriginalFilePath: /directory/path/file.name
        DeleteServerFile: False
}
71: WorkflowInstance "OpenSftpFtpNextFileActivity" is Completed</StdOut>
      </Output>
    </UnitTestResult>
    <UnitTestResult executionId="0b8811e4-ab07-4af8-bd21-538f718a40c7" testId="2e217906-635c-9e5f-f82d-ccfad99903c5" testName="Invoke_FileFound_VerifyLocalFilePathPassedToOpenFileActivity" computerName="ICSWS068" duration="00:00:00.0090499" startTime="2016-08-04T09:59:13.3293001+02:00" endTime="2016-08-04T09:59:13.3398249+02:00" testType="13cdc9d9-ddb5-4fa4-a97d-d965ccfc6d4b" outcome="Passed" testListId="8c84fa94-04c1-424b-9868-57a2d4851a1d" relativeResultsDirectory="0b8811e4-ab07-4af8-bd21-538f718a40c7">
      <Output>
        <StdOut>Debug Trace:
FileTransferPath.GetDirectoryName: path=/directory/path/file.name directorySeparator=
\directory\path: FileTransferPath.GetDirectoryName: Path.GetDirectoryName={0}
0: WorkflowInstance "OpenSftpFtpNextFileActivity" is Started
1: Activity [null] "null" scheduled child activity [1] "OpenSftpFtpNextFileActivity"
2: Activity [1] "OpenSftpFtpNextFileActivity" is Executing
{
    Arguments
        LocalFileNameIn: localfile.txt
        RenameFile: False
        MoveFileTo: 
        ErrorOnTimeout: False
        SubscriptionId: b9278615-9698-4b0f-91b4-21b06ad5e086
        Timeout: 00:00:00
        Connection: Mock&lt;iCore.Public.Ftp.IFileTransferConnection:4432&gt;.Object
        IsImplicitlyCancellable: False
        LocalDirectory: C:\local_temp
        DeleteServerFile: False
}
3: Activity [1] "OpenSftpFtpNextFileActivity" scheduled child activity [1.1] "Sequence"
4: Activity [1.1] "Sequence" is Executing
5: Activity [1.1] "Sequence" scheduled child activity [1.13] "Sequence"
6: Activity [1.13] "Sequence" is Executing
{
    Variables
        _1a25a75f_79d5_4484_98f9_c744c2b55c4d_445: System.IO.MemoryStream
        _1a25a75f_79d5_4484_98f9_c744c2b55c4d_446: localfile.txt
        _1a25a75f_79d5_4484_98f9_c744c2b55c4d_447: C:\local_temp\localfile.txt
}
7: Activity [1.13] "Sequence" scheduled child activity [1.93] "InternalGetNextFile1"
8: Activity [1.93] "InternalGetNextFile1" is Executing
{
    Arguments
        ErrorOnTimeout: False
        SubscriptionId: b9278615-9698-4b0f-91b4-21b06ad5e086
        Timeout: 00:00:00
        IsImplicitlyCancellable: False
}
9: CustomTrackingRecord [1.93] "iCPSTraceTrackingRecord"
10: WorkflowInstance "OpenSftpFtpNextFileActivity" is Idle
11: Bookmark "0af79cfc-c806-4113-8c44-a61f88614748" resumed with payload &lt;iCore.Workflow.Activities.Extensions.ItemSubscriptionEventArgs`1[iCore.Common.Utilities.FileSystemWatcher.FileInfoBase]&gt; owner [1.93] "InternalGetNextFile1"
12: Activity [1.93] "InternalGetNextFile1" is Closed
{
    Arguments
        ErrorOnTimeout: False
        SubscriptionId: b9278615-9698-4b0f-91b4-21b06ad5e086
        FileName: file.name
        Timeout: 00:00:00
        IsImplicitlyCancellable: False
        FilePath: /directory/path/file.name
}
13: Activity [1.13] "Sequence" scheduled child activity [1.14] "If"
14: Activity [1.14] "If" is Executing
{
    Arguments
        Condition: True
}
15: Activity [1.14] "If" scheduled child activity [1.18] "TryCatch"
16: Activity [1.18] "TryCatch" is Executing
17: Activity [1.18] "TryCatch" scheduled child activity [1.22] "TrySequence1"
18: Activity [1.22] "TrySequence1" is Executing
19: Activity [1.22] "TrySequence1" scheduled child activity [1.87] "AssignProcessingFileName"
20: Activity [1.87] "AssignProcessingFileName" is Executing
{
    Arguments
        Value: file.name
}
21: Activity [1.87] "AssignProcessingFileName" is Closed
{
    Arguments
        Value: file.name
        To: file.name
}
22: Activity [1.22] "TrySequence1" scheduled child activity [1.80] "AssignProcessingFilePath"
23: Activity [1.80] "AssignProcessingFilePath" is Executing
{
    Arguments
        Value: /directory/path/file.name
}
24: Activity [1.80] "AssignProcessingFilePath" is Closed
{
    Arguments
        Value: /directory/path/file.name
        To: /directory/path/file.name
}
25: Activity [1.22] "TrySequence1" scheduled child activity [1.68] "IfRenameFile"
26: Activity [1.68] "IfRenameFile" is Executing
{
    Arguments
        Condition: False
}
27: Activity [1.68] "IfRenameFile" is Closed
{
    Arguments
        Condition: False
}
28: Activity [1.22] "TrySequence1" scheduled child activity [1.62] "SetLocalFileName"
29: Activity [1.62] "SetLocalFileName" is Executing
{
    Arguments
        Value: localfile.txt
}
30: Activity [1.62] "SetLocalFileName" is Closed
{
    Arguments
        Value: localfile.txt
        To: localfile.txt
}
31: Activity [1.22] "TrySequence1" scheduled child activity [1.56] "SetLocalFilePath"
32: Activity [1.56] "SetLocalFilePath" is Executing
{
    Arguments
        Value: C:\local_temp\localfile.txt
}
33: Activity [1.56] "SetLocalFilePath" is Closed
{
    Arguments
        Value: C:\local_temp\localfile.txt
        To: C:\local_temp\localfile.txt
}
34: Activity [1.22] "TrySequence1" scheduled child activity [1.48] "OpenFile1"
35: Activity [1.48] "OpenFile1" is Executing
{
    Arguments
        FileAccess: ReadWrite
        FileMode: Create
        FileName: C:\local_temp\localfile.txt
        FileShare: None
}
36: WorkflowInstance "OpenSftpFtpNextFileActivity" is Idle
37: Activity [1.48] "OpenFile1" is Closed
{
    Arguments
        FileAccess: ReadWrite
        FileMode: Create
        FileName: C:\local_temp\localfile.txt
        Result: System.IO.MemoryStream
        FileShare: None
}
38: Activity [1.22] "TrySequence1" scheduled child activity [1.42] "DownloadSftpFtpFileToStream1"
39: Activity [1.42] "DownloadSftpFtpFileToStream1" is Executing
{
    Arguments
        DestinationStream: System.IO.MemoryStream
        SourceFilename: /directory/path/file.name
        Connection: Mock&lt;iCore.Public.Ftp.IFileTransferConnection:4432&gt;.Object
}
40: WorkflowInstance "OpenSftpFtpNextFileActivity" is Idle
41: Activity [1.42] "DownloadSftpFtpFileToStream1" is Closed
{
    Arguments
        DestinationStream: System.IO.MemoryStream
        SourceFilename: /directory/path/file.name
        Connection: Mock&lt;iCore.Public.Ftp.IFileTransferConnection:4432&gt;.Object
}
42: Activity [1.22] "TrySequence1" scheduled child activity [1.33] "If"
43: Activity [1.33] "If" is Executing
{
    Arguments
        Condition: False
}
44: Activity [1.33] "If" is Closed
{
    Arguments
        Condition: False
}
45: Activity [1.22] "TrySequence1" scheduled child activity [1.28] "AssignLocalFileNameOut"
46: Activity [1.28] "AssignLocalFileNameOut" is Executing
{
    Arguments
        Value: localfile.txt
}
47: Activity [1.28] "AssignLocalFileNameOut" is Closed
{
    Arguments
        Value: localfile.txt
        To: localfile.txt
}
48: Activity [1.22] "TrySequence1" scheduled child activity [1.23] "AssignLocalFilePath"
49: Activity [1.23] "AssignLocalFilePath" is Executing
{
    Arguments
        Value: C:\local_temp\localfile.txt
}
50: Activity [1.23] "AssignLocalFilePath" is Closed
{
    Arguments
        Value: C:\local_temp\localfile.txt
        To: C:\local_temp\localfile.txt
}
51: Activity [1.22] "TrySequence1" is Closed
52: Activity [1.18] "TryCatch" scheduled child activity [1.19] "FinallySequence1"
53: Activity [1.19] "FinallySequence1" is Executing
54: Activity [1.19] "FinallySequence1" scheduled child activity [1.20] "CloseStream1"
55: Activity [1.20] "CloseStream1" is Executing
{
    Arguments
        Stream: System.IO.MemoryStream
}
56: WorkflowInstance "OpenSftpFtpNextFileActivity" is Idle
57: Activity [1.20] "CloseStream1" is Closed
{
    Arguments
        Stream: System.IO.MemoryStream
}
58: Activity [1.19] "FinallySequence1" is Closed
59: Activity [1.18] "TryCatch" is Closed
60: Activity [1.14] "If" is Closed
{
    Arguments
        Condition: True
}
61: Activity [1.13] "Sequence" is Closed
{
    Variables
        _1a25a75f_79d5_4484_98f9_c744c2b55c4d_448: System.IO.MemoryStream
        _1a25a75f_79d5_4484_98f9_c744c2b55c4d_449: localfile.txt
        _1a25a75f_79d5_4484_98f9_c744c2b55c4d_450: C:\local_temp\localfile.txt
}
62: Activity [1.1] "Sequence" scheduled child activity [1.2] "OpenIfFileDownloaded1"
63: Activity [1.2] "OpenIfFileDownloaded1" is Executing
{
    Arguments
        Condition: True
}
64: Activity [1.2] "OpenIfFileDownloaded1" scheduled child activity [1.5] "OpenFile2"
65: Activity [1.5] "OpenFile2" is Executing
{
    Arguments
        FileAccess: ReadWrite
        FileMode: Open
        FileName: C:\local_temp\localfile.txt
        FileShare: None
}
66: WorkflowInstance "OpenSftpFtpNextFileActivity" is Idle
67: Activity [1.5] "OpenFile2" is Closed
{
    Arguments
        FileAccess: ReadWrite
        FileMode: Open
        FileName: C:\local_temp\localfile.txt
        Result: System.IO.MemoryStream
        FileShare: None
}
68: Activity [1.2] "OpenIfFileDownloaded1" is Closed
{
    Arguments
        Condition: True
}
69: Activity [1.1] "Sequence" is Closed
70: Activity [1] "OpenSftpFtpNextFileActivity" is Closed
{
    Arguments
        LocalFileNameIn: localfile.txt
        LocalFileNameOut: localfile.txt
        RenameFile: False
        MoveFileTo: 
        LocalFilePath: C:\local_temp\localfile.txt
        ErrorOnTimeout: False
        SubscriptionId: b9278615-9698-4b0f-91b4-21b06ad5e086
        Timeout: 00:00:00
        Connection: Mock&lt;iCore.Public.Ftp.IFileTransferConnection:4432&gt;.Object
        OriginalFileName: file.name
        Data: System.IO.MemoryStream
        ProcessingFilePath: /directory/path/file.name
        IsImplicitlyCancellable: False
        LocalDirectory: C:\local_temp
        ProcessingFileName: file.name
        OriginalFilePath: /directory/path/file.name
        DeleteServerFile: False
}
71: WorkflowInstance "OpenSftpFtpNextFileActivity" is Completed</StdOut>
      </Output>
    </UnitTestResult>
    <UnitTestResult executionId="38804b65-43b1-45dd-ad6d-a06660981fea" testId="31ab353c-1147-cbb0-6a92-69f09dab01b3" testName="Invoke_FileFound_VerifyFileAccessPassedToOpenFileActivity" computerName="ICSWS068" duration="00:00:00.0087478" startTime="2016-08-04T09:59:13.3423283+02:00" endTime="2016-08-04T09:59:13.3523387+02:00" testType="13cdc9d9-ddb5-4fa4-a97d-d965ccfc6d4b" outcome="Passed" testListId="8c84fa94-04c1-424b-9868-57a2d4851a1d" relativeResultsDirectory="38804b65-43b1-45dd-ad6d-a06660981fea">
      <Output>
        <StdOut>Debug Trace:
FileTransferPath.GetDirectoryName: path=/directory/path/file.name directorySeparator=
\directory\path: FileTransferPath.GetDirectoryName: Path.GetDirectoryName={0}
0: WorkflowInstance "OpenSftpFtpNextFileActivity" is Started
1: Activity [null] "null" scheduled child activity [1] "OpenSftpFtpNextFileActivity"
2: Activity [1] "OpenSftpFtpNextFileActivity" is Executing
{
    Arguments
        LocalFileNameIn: localfile.txt
        RenameFile: False
        MoveFileTo: 
        ErrorOnTimeout: False
        SubscriptionId: f6e3d8f2-bf47-4fc8-9120-9c2a6913e4c9
        Timeout: 00:00:00
        Connection: Mock&lt;iCore.Public.Ftp.IFileTransferConnection:8f3e&gt;.Object
        IsImplicitlyCancellable: False
        LocalDirectory: C:\local_temp
        DeleteServerFile: False
}
3: Activity [1] "OpenSftpFtpNextFileActivity" scheduled child activity [1.1] "Sequence"
4: Activity [1.1] "Sequence" is Executing
5: Activity [1.1] "Sequence" scheduled child activity [1.13] "Sequence"
6: Activity [1.13] "Sequence" is Executing
{
    Variables
        _1a25a75f_79d5_4484_98f9_c744c2b55c4d_451: System.IO.MemoryStream
        _1a25a75f_79d5_4484_98f9_c744c2b55c4d_452: localfile.txt
        _1a25a75f_79d5_4484_98f9_c744c2b55c4d_453: C:\local_temp\localfile.txt
}
7: Activity [1.13] "Sequence" scheduled child activity [1.93] "InternalGetNextFile1"
8: Activity [1.93] "InternalGetNextFile1" is Executing
{
    Arguments
        ErrorOnTimeout: False
        SubscriptionId: f6e3d8f2-bf47-4fc8-9120-9c2a6913e4c9
        Timeout: 00:00:00
        IsImplicitlyCancellable: False
}
9: CustomTrackingRecord [1.93] "iCPSTraceTrackingRecord"
10: WorkflowInstance "OpenSftpFtpNextFileActivity" is Idle
11: Bookmark "708a1b71-30cf-4f5a-8c0d-0e0b4487f1d2" resumed with payload &lt;iCore.Workflow.Activities.Extensions.ItemSubscriptionEventArgs`1[iCore.Common.Utilities.FileSystemWatcher.FileInfoBase]&gt; owner [1.93] "InternalGetNextFile1"
12: Activity [1.93] "InternalGetNextFile1" is Closed
{
    Arguments
        ErrorOnTimeout: False
        SubscriptionId: f6e3d8f2-bf47-4fc8-9120-9c2a6913e4c9
        FileName: file.name
        Timeout: 00:00:00
        IsImplicitlyCancellable: False
        FilePath: /directory/path/file.name
}
13: Activity [1.13] "Sequence" scheduled child activity [1.14] "If"
14: Activity [1.14] "If" is Executing
{
    Arguments
        Condition: True
}
15: Activity [1.14] "If" scheduled child activity [1.18] "TryCatch"
16: Activity [1.18] "TryCatch" is Executing
17: Activity [1.18] "TryCatch" scheduled child activity [1.22] "TrySequence1"
18: Activity [1.22] "TrySequence1" is Executing
19: Activity [1.22] "TrySequence1" scheduled child activity [1.87] "AssignProcessingFileName"
20: Activity [1.87] "AssignProcessingFileName" is Executing
{
    Arguments
        Value: file.name
}
21: Activity [1.87] "AssignProcessingFileName" is Closed
{
    Arguments
        Value: file.name
        To: file.name
}
22: Activity [1.22] "TrySequence1" scheduled child activity [1.80] "AssignProcessingFilePath"
23: Activity [1.80] "AssignProcessingFilePath" is Executing
{
    Arguments
        Value: /directory/path/file.name
}
24: Activity [1.80] "AssignProcessingFilePath" is Closed
{
    Arguments
        Value: /directory/path/file.name
        To: /directory/path/file.name
}
25: Activity [1.22] "TrySequence1" scheduled child activity [1.68] "IfRenameFile"
26: Activity [1.68] "IfRenameFile" is Executing
{
    Arguments
        Condition: False
}
27: Activity [1.68] "IfRenameFile" is Closed
{
    Arguments
        Condition: False
}
28: Activity [1.22] "TrySequence1" scheduled child activity [1.62] "SetLocalFileName"
29: Activity [1.62] "SetLocalFileName" is Executing
{
    Arguments
        Value: localfile.txt
}
30: Activity [1.62] "SetLocalFileName" is Closed
{
    Arguments
        Value: localfile.txt
        To: localfile.txt
}
31: Activity [1.22] "TrySequence1" scheduled child activity [1.56] "SetLocalFilePath"
32: Activity [1.56] "SetLocalFilePath" is Executing
{
    Arguments
        Value: C:\local_temp\localfile.txt
}
33: Activity [1.56] "SetLocalFilePath" is Closed
{
    Arguments
        Value: C:\local_temp\localfile.txt
        To: C:\local_temp\localfile.txt
}
34: Activity [1.22] "TrySequence1" scheduled child activity [1.48] "OpenFile1"
35: Activity [1.48] "OpenFile1" is Executing
{
    Arguments
        FileAccess: ReadWrite
        FileMode: Create
        FileName: C:\local_temp\localfile.txt
        FileShare: None
}
36: WorkflowInstance "OpenSftpFtpNextFileActivity" is Idle
37: Activity [1.48] "OpenFile1" is Closed
{
    Arguments
        FileAccess: ReadWrite
        FileMode: Create
        FileName: C:\local_temp\localfile.txt
        Result: System.IO.MemoryStream
        FileShare: None
}
38: Activity [1.22] "TrySequence1" scheduled child activity [1.42] "DownloadSftpFtpFileToStream1"
39: Activity [1.42] "DownloadSftpFtpFileToStream1" is Executing
{
    Arguments
        DestinationStream: System.IO.MemoryStream
        SourceFilename: /directory/path/file.name
        Connection: Mock&lt;iCore.Public.Ftp.IFileTransferConnection:8f3e&gt;.Object
}
40: WorkflowInstance "OpenSftpFtpNextFileActivity" is Idle
41: Activity [1.42] "DownloadSftpFtpFileToStream1" is Closed
{
    Arguments
        DestinationStream: System.IO.MemoryStream
        SourceFilename: /directory/path/file.name
        Connection: Mock&lt;iCore.Public.Ftp.IFileTransferConnection:8f3e&gt;.Object
}
42: Activity [1.22] "TrySequence1" scheduled child activity [1.33] "If"
43: Activity [1.33] "If" is Executing
{
    Arguments
        Condition: False
}
44: Activity [1.33] "If" is Closed
{
    Arguments
        Condition: False
}
45: Activity [1.22] "TrySequence1" scheduled child activity [1.28] "AssignLocalFileNameOut"
46: Activity [1.28] "AssignLocalFileNameOut" is Executing
{
    Arguments
        Value: localfile.txt
}
47: Activity [1.28] "AssignLocalFileNameOut" is Closed
{
    Arguments
        Value: localfile.txt
        To: localfile.txt
}
48: Activity [1.22] "TrySequence1" scheduled child activity [1.23] "AssignLocalFilePath"
49: Activity [1.23] "AssignLocalFilePath" is Executing
{
    Arguments
        Value: C:\local_temp\localfile.txt
}
50: Activity [1.23] "AssignLocalFilePath" is Closed
{
    Arguments
        Value: C:\local_temp\localfile.txt
        To: C:\local_temp\localfile.txt
}
51: Activity [1.22] "TrySequence1" is Closed
52: Activity [1.18] "TryCatch" scheduled child activity [1.19] "FinallySequence1"
53: Activity [1.19] "FinallySequence1" is Executing
54: Activity [1.19] "FinallySequence1" scheduled child activity [1.20] "CloseStream1"
55: Activity [1.20] "CloseStream1" is Executing
{
    Arguments
        Stream: System.IO.MemoryStream
}
56: WorkflowInstance "OpenSftpFtpNextFileActivity" is Idle
57: Activity [1.20] "CloseStream1" is Closed
{
    Arguments
        Stream: System.IO.MemoryStream
}
58: Activity [1.19] "FinallySequence1" is Closed
59: Activity [1.18] "TryCatch" is Closed
60: Activity [1.14] "If" is Closed
{
    Arguments
        Condition: True
}
61: Activity [1.13] "Sequence" is Closed
{
    Variables
        _1a25a75f_79d5_4484_98f9_c744c2b55c4d_454: System.IO.MemoryStream
        _1a25a75f_79d5_4484_98f9_c744c2b55c4d_455: localfile.txt
        _1a25a75f_79d5_4484_98f9_c744c2b55c4d_456: C:\local_temp\localfile.txt
}
62: Activity [1.1] "Sequence" scheduled child activity [1.2] "OpenIfFileDownloaded1"
63: Activity [1.2] "OpenIfFileDownloaded1" is Executing
{
    Arguments
        Condition: True
}
64: Activity [1.2] "OpenIfFileDownloaded1" scheduled child activity [1.5] "OpenFile2"
65: Activity [1.5] "OpenFile2" is Executing
{
    Arguments
        FileAccess: ReadWrite
        FileMode: Open
        FileName: C:\local_temp\localfile.txt
        FileShare: None
}
66: WorkflowInstance "OpenSftpFtpNextFileActivity" is Idle
67: Activity [1.5] "OpenFile2" is Closed
{
    Arguments
        FileAccess: ReadWrite
        FileMode: Open
        FileName: C:\local_temp\localfile.txt
        Result: System.IO.MemoryStream
        FileShare: None
}
68: Activity [1.2] "OpenIfFileDownloaded1" is Closed
{
    Arguments
        Condition: True
}
69: Activity [1.1] "Sequence" is Closed
70: Activity [1] "OpenSftpFtpNextFileActivity" is Closed
{
    Arguments
        LocalFileNameIn: localfile.txt
        LocalFileNameOut: localfile.txt
        RenameFile: False
        MoveFileTo: 
        LocalFilePath: C:\local_temp\localfile.txt
        ErrorOnTimeout: False
        SubscriptionId: f6e3d8f2-bf47-4fc8-9120-9c2a6913e4c9
        Timeout: 00:00:00
        Connection: Mock&lt;iCore.Public.Ftp.IFileTransferConnection:8f3e&gt;.Object
        OriginalFileName: file.name
        Data: System.IO.MemoryStream
        ProcessingFilePath: /directory/path/file.name
        IsImplicitlyCancellable: False
        LocalDirectory: C:\local_temp
        ProcessingFileName: file.name
        OriginalFilePath: /directory/path/file.name
        DeleteServerFile: False
}
71: WorkflowInstance "OpenSftpFtpNextFileActivity" is Completed</StdOut>
      </Output>
    </UnitTestResult>
    <UnitTestResult executionId="e03de14f-84a2-468a-ac85-946c6c5f7302" testId="0ccde5fd-fac4-83b9-f507-7a10ba50bc18" testName="Invoke_FileFound_VerifyFileModePassedToOpenFileActivity" computerName="ICSWS068" duration="00:00:00.0087364" startTime="2016-08-04T09:59:13.3549832+02:00" endTime="2016-08-04T09:59:13.3654898+02:00" testType="13cdc9d9-ddb5-4fa4-a97d-d965ccfc6d4b" outcome="Passed" testListId="8c84fa94-04c1-424b-9868-57a2d4851a1d" relativeResultsDirectory="e03de14f-84a2-468a-ac85-946c6c5f7302">
      <Output>
        <StdOut>Debug Trace:
FileTransferPath.GetDirectoryName: path=/directory/path/file.name directorySeparator=
\directory\path: FileTransferPath.GetDirectoryName: Path.GetDirectoryName={0}
0: WorkflowInstance "OpenSftpFtpNextFileActivity" is Started
1: Activity [null] "null" scheduled child activity [1] "OpenSftpFtpNextFileActivity"
2: Activity [1] "OpenSftpFtpNextFileActivity" is Executing
{
    Arguments
        LocalFileNameIn: localfile.txt
        RenameFile: False
        MoveFileTo: 
        ErrorOnTimeout: False
        SubscriptionId: 3851e579-d0b3-4aaa-9699-f4e42f8d8a86
        Timeout: 00:00:00
        Connection: Mock&lt;iCore.Public.Ftp.IFileTransferConnection:88e9&gt;.Object
        IsImplicitlyCancellable: False
        LocalDirectory: C:\local_temp
        DeleteServerFile: False
}
3: Activity [1] "OpenSftpFtpNextFileActivity" scheduled child activity [1.1] "Sequence"
4: Activity [1.1] "Sequence" is Executing
5: Activity [1.1] "Sequence" scheduled child activity [1.13] "Sequence"
6: Activity [1.13] "Sequence" is Executing
{
    Variables
        _1a25a75f_79d5_4484_98f9_c744c2b55c4d_457: System.IO.MemoryStream
        _1a25a75f_79d5_4484_98f9_c744c2b55c4d_458: localfile.txt
        _1a25a75f_79d5_4484_98f9_c744c2b55c4d_459: C:\local_temp\localfile.txt
}
7: Activity [1.13] "Sequence" scheduled child activity [1.93] "InternalGetNextFile1"
8: Activity [1.93] "InternalGetNextFile1" is Executing
{
    Arguments
        ErrorOnTimeout: False
        SubscriptionId: 3851e579-d0b3-4aaa-9699-f4e42f8d8a86
        Timeout: 00:00:00
        IsImplicitlyCancellable: False
}
9: CustomTrackingRecord [1.93] "iCPSTraceTrackingRecord"
10: WorkflowInstance "OpenSftpFtpNextFileActivity" is Idle
11: Bookmark "4f9a9f24-a91c-4991-b728-694a16850fce" resumed with payload &lt;iCore.Workflow.Activities.Extensions.ItemSubscriptionEventArgs`1[iCore.Common.Utilities.FileSystemWatcher.FileInfoBase]&gt; owner [1.93] "InternalGetNextFile1"
12: Activity [1.93] "InternalGetNextFile1" is Closed
{
    Arguments
        ErrorOnTimeout: False
        SubscriptionId: 3851e579-d0b3-4aaa-9699-f4e42f8d8a86
        FileName: file.name
        Timeout: 00:00:00
        IsImplicitlyCancellable: False
        FilePath: /directory/path/file.name
}
13: Activity [1.13] "Sequence" scheduled child activity [1.14] "If"
14: Activity [1.14] "If" is Executing
{
    Arguments
        Condition: True
}
15: Activity [1.14] "If" scheduled child activity [1.18] "TryCatch"
16: Activity [1.18] "TryCatch" is Executing
17: Activity [1.18] "TryCatch" scheduled child activity [1.22] "TrySequence1"
18: Activity [1.22] "TrySequence1" is Executing
19: Activity [1.22] "TrySequence1" scheduled child activity [1.87] "AssignProcessingFileName"
20: Activity [1.87] "AssignProcessingFileName" is Executing
{
    Arguments
        Value: file.name
}
21: Activity [1.87] "AssignProcessingFileName" is Closed
{
    Arguments
        Value: file.name
        To: file.name
}
22: Activity [1.22] "TrySequence1" scheduled child activity [1.80] "AssignProcessingFilePath"
23: Activity [1.80] "AssignProcessingFilePath" is Executing
{
    Arguments
        Value: /directory/path/file.name
}
24: Activity [1.80] "AssignProcessingFilePath" is Closed
{
    Arguments
        Value: /directory/path/file.name
        To: /directory/path/file.name
}
25: Activity [1.22] "TrySequence1" scheduled child activity [1.68] "IfRenameFile"
26: Activity [1.68] "IfRenameFile" is Executing
{
    Arguments
        Condition: False
}
27: Activity [1.68] "IfRenameFile" is Closed
{
    Arguments
        Condition: False
}
28: Activity [1.22] "TrySequence1" scheduled child activity [1.62] "SetLocalFileName"
29: Activity [1.62] "SetLocalFileName" is Executing
{
    Arguments
        Value: localfile.txt
}
30: Activity [1.62] "SetLocalFileName" is Closed
{
    Arguments
        Value: localfile.txt
        To: localfile.txt
}
31: Activity [1.22] "TrySequence1" scheduled child activity [1.56] "SetLocalFilePath"
32: Activity [1.56] "SetLocalFilePath" is Executing
{
    Arguments
        Value: C:\local_temp\localfile.txt
}
33: Activity [1.56] "SetLocalFilePath" is Closed
{
    Arguments
        Value: C:\local_temp\localfile.txt
        To: C:\local_temp\localfile.txt
}
34: Activity [1.22] "TrySequence1" scheduled child activity [1.48] "OpenFile1"
35: Activity [1.48] "OpenFile1" is Executing
{
    Arguments
        FileAccess: ReadWrite
        FileMode: Create
        FileName: C:\local_temp\localfile.txt
        FileShare: None
}
36: WorkflowInstance "OpenSftpFtpNextFileActivity" is Idle
37: Activity [1.48] "OpenFile1" is Closed
{
    Arguments
        FileAccess: ReadWrite
        FileMode: Create
        FileName: C:\local_temp\localfile.txt
        Result: System.IO.MemoryStream
        FileShare: None
}
38: Activity [1.22] "TrySequence1" scheduled child activity [1.42] "DownloadSftpFtpFileToStream1"
39: Activity [1.42] "DownloadSftpFtpFileToStream1" is Executing
{
    Arguments
        DestinationStream: System.IO.MemoryStream
        SourceFilename: /directory/path/file.name
        Connection: Mock&lt;iCore.Public.Ftp.IFileTransferConnection:88e9&gt;.Object
}
40: WorkflowInstance "OpenSftpFtpNextFileActivity" is Idle
41: Activity [1.42] "DownloadSftpFtpFileToStream1" is Closed
{
    Arguments
        DestinationStream: System.IO.MemoryStream
        SourceFilename: /directory/path/file.name
        Connection: Mock&lt;iCore.Public.Ftp.IFileTransferConnection:88e9&gt;.Object
}
42: Activity [1.22] "TrySequence1" scheduled child activity [1.33] "If"
43: Activity [1.33] "If" is Executing
{
    Arguments
        Condition: False
}
44: Activity [1.33] "If" is Closed
{
    Arguments
        Condition: False
}
45: Activity [1.22] "TrySequence1" scheduled child activity [1.28] "AssignLocalFileNameOut"
46: Activity [1.28] "AssignLocalFileNameOut" is Executing
{
    Arguments
        Value: localfile.txt
}
47: Activity [1.28] "AssignLocalFileNameOut" is Closed
{
    Arguments
        Value: localfile.txt
        To: localfile.txt
}
48: Activity [1.22] "TrySequence1" scheduled child activity [1.23] "AssignLocalFilePath"
49: Activity [1.23] "AssignLocalFilePath" is Executing
{
    Arguments
        Value: C:\local_temp\localfile.txt
}
50: Activity [1.23] "AssignLocalFilePath" is Closed
{
    Arguments
        Value: C:\local_temp\localfile.txt
        To: C:\local_temp\localfile.txt
}
51: Activity [1.22] "TrySequence1" is Closed
52: Activity [1.18] "TryCatch" scheduled child activity [1.19] "FinallySequence1"
53: Activity [1.19] "FinallySequence1" is Executing
54: Activity [1.19] "FinallySequence1" scheduled child activity [1.20] "CloseStream1"
55: Activity [1.20] "CloseStream1" is Executing
{
    Arguments
        Stream: System.IO.MemoryStream
}
56: WorkflowInstance "OpenSftpFtpNextFileActivity" is Idle
57: Activity [1.20] "CloseStream1" is Closed
{
    Arguments
        Stream: System.IO.MemoryStream
}
58: Activity [1.19] "FinallySequence1" is Closed
59: Activity [1.18] "TryCatch" is Closed
60: Activity [1.14] "If" is Closed
{
    Arguments
        Condition: True
}
61: Activity [1.13] "Sequence" is Closed
{
    Variables
        _1a25a75f_79d5_4484_98f9_c744c2b55c4d_460: System.IO.MemoryStream
        _1a25a75f_79d5_4484_98f9_c744c2b55c4d_461: localfile.txt
        _1a25a75f_79d5_4484_98f9_c744c2b55c4d_462: C:\local_temp\localfile.txt
}
62: Activity [1.1] "Sequence" scheduled child activity [1.2] "OpenIfFileDownloaded1"
63: Activity [1.2] "OpenIfFileDownloaded1" is Executing
{
    Arguments
        Condition: True
}
64: Activity [1.2] "OpenIfFileDownloaded1" scheduled child activity [1.5] "OpenFile2"
65: Activity [1.5] "OpenFile2" is Executing
{
    Arguments
        FileAccess: ReadWrite
        FileMode: Open
        FileName: C:\local_temp\localfile.txt
        FileShare: None
}
66: WorkflowInstance "OpenSftpFtpNextFileActivity" is Idle
67: Activity [1.5] "OpenFile2" is Closed
{
    Arguments
        FileAccess: ReadWrite
        FileMode: Open
        FileName: C:\local_temp\localfile.txt
        Result: System.IO.MemoryStream
        FileShare: None
}
68: Activity [1.2] "OpenIfFileDownloaded1" is Closed
{
    Arguments
        Condition: True
}
69: Activity [1.1] "Sequence" is Closed
70: Activity [1] "OpenSftpFtpNextFileActivity" is Closed
{
    Arguments
        LocalFileNameIn: localfile.txt
        LocalFileNameOut: localfile.txt
        RenameFile: False
        MoveFileTo: 
        LocalFilePath: C:\local_temp\localfile.txt
        ErrorOnTimeout: False
        SubscriptionId: 3851e579-d0b3-4aaa-9699-f4e42f8d8a86
        Timeout: 00:00:00
        Connection: Mock&lt;iCore.Public.Ftp.IFileTransferConnection:88e9&gt;.Object
        OriginalFileName: file.name
        Data: System.IO.MemoryStream
        ProcessingFilePath: /directory/path/file.name
        IsImplicitlyCancellable: False
        LocalDirectory: C:\local_temp
        ProcessingFileName: file.name
        OriginalFilePath: /directory/path/file.name
        DeleteServerFile: False
}
71: WorkflowInstance "OpenSftpFtpNextFileActivity" is Completed</StdOut>
      </Output>
    </UnitTestResult>
    <UnitTestResult executionId="e185abcc-8ea4-4bc9-8cf5-4258ed190e14" testId="96eab2fe-803d-66f6-2ce4-1ab4d0f0c13d" testName="Invoke_FileFound_VerifyFileSharePassedToOpenFileActivity" computerName="ICSWS068" duration="00:00:00.0090745" startTime="2016-08-04T09:59:13.3684930+02:00" endTime="2016-08-04T09:59:13.3790171+02:00" testType="13cdc9d9-ddb5-4fa4-a97d-d965ccfc6d4b" outcome="Passed" testListId="8c84fa94-04c1-424b-9868-57a2d4851a1d" relativeResultsDirectory="e185abcc-8ea4-4bc9-8cf5-4258ed190e14">
      <Output>
        <StdOut>Debug Trace:
FileTransferPath.GetDirectoryName: path=/directory/path/file.name directorySeparator=
\directory\path: FileTransferPath.GetDirectoryName: Path.GetDirectoryName={0}
0: WorkflowInstance "OpenSftpFtpNextFileActivity" is Started
1: Activity [null] "null" scheduled child activity [1] "OpenSftpFtpNextFileActivity"
2: Activity [1] "OpenSftpFtpNextFileActivity" is Executing
{
    Arguments
        LocalFileNameIn: localfile.txt
        RenameFile: False
        MoveFileTo: 
        ErrorOnTimeout: False
        SubscriptionId: 70ac6376-16b2-43bc-a71a-af4901f8dd28
        Timeout: 00:00:00
        Connection: Mock&lt;iCore.Public.Ftp.IFileTransferConnection:2691&gt;.Object
        IsImplicitlyCancellable: False
        LocalDirectory: C:\local_temp
        DeleteServerFile: False
}
3: Activity [1] "OpenSftpFtpNextFileActivity" scheduled child activity [1.1] "Sequence"
4: Activity [1.1] "Sequence" is Executing
5: Activity [1.1] "Sequence" scheduled child activity [1.13] "Sequence"
6: Activity [1.13] "Sequence" is Executing
{
    Variables
        _1a25a75f_79d5_4484_98f9_c744c2b55c4d_463: System.IO.MemoryStream
        _1a25a75f_79d5_4484_98f9_c744c2b55c4d_464: localfile.txt
        _1a25a75f_79d5_4484_98f9_c744c2b55c4d_465: C:\local_temp\localfile.txt
}
7: Activity [1.13] "Sequence" scheduled child activity [1.93] "InternalGetNextFile1"
8: Activity [1.93] "InternalGetNextFile1" is Executing
{
    Arguments
        ErrorOnTimeout: False
        SubscriptionId: 70ac6376-16b2-43bc-a71a-af4901f8dd28
        Timeout: 00:00:00
        IsImplicitlyCancellable: False
}
9: CustomTrackingRecord [1.93] "iCPSTraceTrackingRecord"
10: WorkflowInstance "OpenSftpFtpNextFileActivity" is Idle
11: Bookmark "9c75bf38-fc11-4c6e-bf9e-9aaa7321000a" resumed with payload &lt;iCore.Workflow.Activities.Extensions.ItemSubscriptionEventArgs`1[iCore.Common.Utilities.FileSystemWatcher.FileInfoBase]&gt; owner [1.93] "InternalGetNextFile1"
12: Activity [1.93] "InternalGetNextFile1" is Closed
{
    Arguments
        ErrorOnTimeout: False
        SubscriptionId: 70ac6376-16b2-43bc-a71a-af4901f8dd28
        FileName: file.name
        Timeout: 00:00:00
        IsImplicitlyCancellable: False
        FilePath: /directory/path/file.name
}
13: Activity [1.13] "Sequence" scheduled child activity [1.14] "If"
14: Activity [1.14] "If" is Executing
{
    Arguments
        Condition: True
}
15: Activity [1.14] "If" scheduled child activity [1.18] "TryCatch"
16: Activity [1.18] "TryCatch" is Executing
17: Activity [1.18] "TryCatch" scheduled child activity [1.22] "TrySequence1"
18: Activity [1.22] "TrySequence1" is Executing
19: Activity [1.22] "TrySequence1" scheduled child activity [1.87] "AssignProcessingFileName"
20: Activity [1.87] "AssignProcessingFileName" is Executing
{
    Arguments
        Value: file.name
}
21: Activity [1.87] "AssignProcessingFileName" is Closed
{
    Arguments
        Value: file.name
        To: file.name
}
22: Activity [1.22] "TrySequence1" scheduled child activity [1.80] "AssignProcessingFilePath"
23: Activity [1.80] "AssignProcessingFilePath" is Executing
{
    Arguments
        Value: /directory/path/file.name
}
24: Activity [1.80] "AssignProcessingFilePath" is Closed
{
    Arguments
        Value: /directory/path/file.name
        To: /directory/path/file.name
}
25: Activity [1.22] "TrySequence1" scheduled child activity [1.68] "IfRenameFile"
26: Activity [1.68] "IfRenameFile" is Executing
{
    Arguments
        Condition: False
}
27: Activity [1.68] "IfRenameFile" is Closed
{
    Arguments
        Condition: False
}
28: Activity [1.22] "TrySequence1" scheduled child activity [1.62] "SetLocalFileName"
29: Activity [1.62] "SetLocalFileName" is Executing
{
    Arguments
        Value: localfile.txt
}
30: Activity [1.62] "SetLocalFileName" is Closed
{
    Arguments
        Value: localfile.txt
        To: localfile.txt
}
31: Activity [1.22] "TrySequence1" scheduled child activity [1.56] "SetLocalFilePath"
32: Activity [1.56] "SetLocalFilePath" is Executing
{
    Arguments
        Value: C:\local_temp\localfile.txt
}
33: Activity [1.56] "SetLocalFilePath" is Closed
{
    Arguments
        Value: C:\local_temp\localfile.txt
        To: C:\local_temp\localfile.txt
}
34: Activity [1.22] "TrySequence1" scheduled child activity [1.48] "OpenFile1"
35: Activity [1.48] "OpenFile1" is Executing
{
    Arguments
        FileAccess: ReadWrite
        FileMode: Create
        FileName: C:\local_temp\localfile.txt
        FileShare: None
}
36: WorkflowInstance "OpenSftpFtpNextFileActivity" is Idle
37: Activity [1.48] "OpenFile1" is Closed
{
    Arguments
        FileAccess: ReadWrite
        FileMode: Create
        FileName: C:\local_temp\localfile.txt
        Result: System.IO.MemoryStream
        FileShare: None
}
38: Activity [1.22] "TrySequence1" scheduled child activity [1.42] "DownloadSftpFtpFileToStream1"
39: Activity [1.42] "DownloadSftpFtpFileToStream1" is Executing
{
    Arguments
        DestinationStream: System.IO.MemoryStream
        SourceFilename: /directory/path/file.name
        Connection: Mock&lt;iCore.Public.Ftp.IFileTransferConnection:2691&gt;.Object
}
40: WorkflowInstance "OpenSftpFtpNextFileActivity" is Idle
41: Activity [1.42] "DownloadSftpFtpFileToStream1" is Closed
{
    Arguments
        DestinationStream: System.IO.MemoryStream
        SourceFilename: /directory/path/file.name
        Connection: Mock&lt;iCore.Public.Ftp.IFileTransferConnection:2691&gt;.Object
}
42: Activity [1.22] "TrySequence1" scheduled child activity [1.33] "If"
43: Activity [1.33] "If" is Executing
{
    Arguments
        Condition: False
}
44: Activity [1.33] "If" is Closed
{
    Arguments
        Condition: False
}
45: Activity [1.22] "TrySequence1" scheduled child activity [1.28] "AssignLocalFileNameOut"
46: Activity [1.28] "AssignLocalFileNameOut" is Executing
{
    Arguments
        Value: localfile.txt
}
47: Activity [1.28] "AssignLocalFileNameOut" is Closed
{
    Arguments
        Value: localfile.txt
        To: localfile.txt
}
48: Activity [1.22] "TrySequence1" scheduled child activity [1.23] "AssignLocalFilePath"
49: Activity [1.23] "AssignLocalFilePath" is Executing
{
    Arguments
        Value: C:\local_temp\localfile.txt
}
50: Activity [1.23] "AssignLocalFilePath" is Closed
{
    Arguments
        Value: C:\local_temp\localfile.txt
        To: C:\local_temp\localfile.txt
}
51: Activity [1.22] "TrySequence1" is Closed
52: Activity [1.18] "TryCatch" scheduled child activity [1.19] "FinallySequence1"
53: Activity [1.19] "FinallySequence1" is Executing
54: Activity [1.19] "FinallySequence1" scheduled child activity [1.20] "CloseStream1"
55: Activity [1.20] "CloseStream1" is Executing
{
    Arguments
        Stream: System.IO.MemoryStream
}
56: WorkflowInstance "OpenSftpFtpNextFileActivity" is Idle
57: Activity [1.20] "CloseStream1" is Closed
{
    Arguments
        Stream: System.IO.MemoryStream
}
58: Activity [1.19] "FinallySequence1" is Closed
59: Activity [1.18] "TryCatch" is Closed
60: Activity [1.14] "If" is Closed
{
    Arguments
        Condition: True
}
61: Activity [1.13] "Sequence" is Closed
{
    Variables
        _1a25a75f_79d5_4484_98f9_c744c2b55c4d_466: System.IO.MemoryStream
        _1a25a75f_79d5_4484_98f9_c744c2b55c4d_467: localfile.txt
        _1a25a75f_79d5_4484_98f9_c744c2b55c4d_468: C:\local_temp\localfile.txt
}
62: Activity [1.1] "Sequence" scheduled child activity [1.2] "OpenIfFileDownloaded1"
63: Activity [1.2] "OpenIfFileDownloaded1" is Executing
{
    Arguments
        Condition: True
}
64: Activity [1.2] "OpenIfFileDownloaded1" scheduled child activity [1.5] "OpenFile2"
65: Activity [1.5] "OpenFile2" is Executing
{
    Arguments
        FileAccess: ReadWrite
        FileMode: Open
        FileName: C:\local_temp\localfile.txt
        FileShare: None
}
66: WorkflowInstance "OpenSftpFtpNextFileActivity" is Idle
67: Activity [1.5] "OpenFile2" is Closed
{
    Arguments
        FileAccess: ReadWrite
        FileMode: Open
        FileName: C:\local_temp\localfile.txt
        Result: System.IO.MemoryStream
        FileShare: None
}
68: Activity [1.2] "OpenIfFileDownloaded1" is Closed
{
    Arguments
        Condition: True
}
69: Activity [1.1] "Sequence" is Closed
70: Activity [1] "OpenSftpFtpNextFileActivity" is Closed
{
    Arguments
        LocalFileNameIn: localfile.txt
        LocalFileNameOut: localfile.txt
        RenameFile: False
        MoveFileTo: 
        LocalFilePath: C:\local_temp\localfile.txt
        ErrorOnTimeout: False
        SubscriptionId: 70ac6376-16b2-43bc-a71a-af4901f8dd28
        Timeout: 00:00:00
        Connection: Mock&lt;iCore.Public.Ftp.IFileTransferConnection:2691&gt;.Object
        OriginalFileName: file.name
        Data: System.IO.MemoryStream
        ProcessingFilePath: /directory/path/file.name
        IsImplicitlyCancellable: False
        LocalDirectory: C:\local_temp
        ProcessingFileName: file.name
        OriginalFilePath: /directory/path/file.name
        DeleteServerFile: False
}
71: WorkflowInstance "OpenSftpFtpNextFileActivity" is Completed</StdOut>
      </Output>
    </UnitTestResult>
    <UnitTestResult executionId="e0224b0d-fa6d-40f4-9f23-fe977cc491de" testId="c8ea0b8f-f464-69df-a58c-f33db16a11dd" testName="Invoke_FileFound_StreamOutputIsSet" computerName="ICSWS068" duration="00:00:00.0107771" startTime="2016-08-04T09:59:13.3815039+02:00" endTime="2016-08-04T09:59:13.3935471+02:00" testType="13cdc9d9-ddb5-4fa4-a97d-d965ccfc6d4b" outcome="Passed" testListId="8c84fa94-04c1-424b-9868-57a2d4851a1d" relativeResultsDirectory="e0224b0d-fa6d-40f4-9f23-fe977cc491de">
      <Output>
        <StdOut>Debug Trace:
FileTransferPath.GetDirectoryName: path=/directory/path/file.name directorySeparator=
\directory\path: FileTransferPath.GetDirectoryName: Path.GetDirectoryName={0}
0: WorkflowInstance "OpenSftpFtpNextFileActivity" is Started
1: Activity [null] "null" scheduled child activity [1] "OpenSftpFtpNextFileActivity"
2: Activity [1] "OpenSftpFtpNextFileActivity" is Executing
{
    Arguments
        LocalFileNameIn: localfile.txt
        RenameFile: False
        MoveFileTo: 
        ErrorOnTimeout: False
        SubscriptionId: f739e5e3-c796-49ef-9d6b-276be60ae10e
        Timeout: 00:00:00
        Connection: Mock&lt;iCore.Public.Ftp.IFileTransferConnection:38b0&gt;.Object
        IsImplicitlyCancellable: False
        LocalDirectory: C:\local_temp
        DeleteServerFile: False
}
3: Activity [1] "OpenSftpFtpNextFileActivity" scheduled child activity [1.1] "Sequence"
4: Activity [1.1] "Sequence" is Executing
5: Activity [1.1] "Sequence" scheduled child activity [1.13] "Sequence"
6: Activity [1.13] "Sequence" is Executing
{
    Variables
        _1a25a75f_79d5_4484_98f9_c744c2b55c4d_469: System.IO.MemoryStream
        _1a25a75f_79d5_4484_98f9_c744c2b55c4d_470: localfile.txt
        _1a25a75f_79d5_4484_98f9_c744c2b55c4d_471: C:\local_temp\localfile.txt
}
7: Activity [1.13] "Sequence" scheduled child activity [1.93] "InternalGetNextFile1"
8: Activity [1.93] "InternalGetNextFile1" is Executing
{
    Arguments
        ErrorOnTimeout: False
        SubscriptionId: f739e5e3-c796-49ef-9d6b-276be60ae10e
        Timeout: 00:00:00
        IsImplicitlyCancellable: False
}
9: CustomTrackingRecord [1.93] "iCPSTraceTrackingRecord"
10: WorkflowInstance "OpenSftpFtpNextFileActivity" is Idle
11: Bookmark "04a52d83-7266-4e52-9603-9ba3342b294d" resumed with payload &lt;iCore.Workflow.Activities.Extensions.ItemSubscriptionEventArgs`1[iCore.Common.Utilities.FileSystemWatcher.FileInfoBase]&gt; owner [1.93] "InternalGetNextFile1"
12: Activity [1.93] "InternalGetNextFile1" is Closed
{
    Arguments
        ErrorOnTimeout: False
        SubscriptionId: f739e5e3-c796-49ef-9d6b-276be60ae10e
        FileName: file.name
        Timeout: 00:00:00
        IsImplicitlyCancellable: False
        FilePath: /directory/path/file.name
}
13: Activity [1.13] "Sequence" scheduled child activity [1.14] "If"
14: Activity [1.14] "If" is Executing
{
    Arguments
        Condition: True
}
15: Activity [1.14] "If" scheduled child activity [1.18] "TryCatch"
16: Activity [1.18] "TryCatch" is Executing
17: Activity [1.18] "TryCatch" scheduled child activity [1.22] "TrySequence1"
18: Activity [1.22] "TrySequence1" is Executing
19: Activity [1.22] "TrySequence1" scheduled child activity [1.87] "AssignProcessingFileName"
20: Activity [1.87] "AssignProcessingFileName" is Executing
{
    Arguments
        Value: file.name
}
21: Activity [1.87] "AssignProcessingFileName" is Closed
{
    Arguments
        Value: file.name
        To: file.name
}
22: Activity [1.22] "TrySequence1" scheduled child activity [1.80] "AssignProcessingFilePath"
23: Activity [1.80] "AssignProcessingFilePath" is Executing
{
    Arguments
        Value: /directory/path/file.name
}
24: Activity [1.80] "AssignProcessingFilePath" is Closed
{
    Arguments
        Value: /directory/path/file.name
        To: /directory/path/file.name
}
25: Activity [1.22] "TrySequence1" scheduled child activity [1.68] "IfRenameFile"
26: Activity [1.68] "IfRenameFile" is Executing
{
    Arguments
        Condition: False
}
27: Activity [1.68] "IfRenameFile" is Closed
{
    Arguments
        Condition: False
}
28: Activity [1.22] "TrySequence1" scheduled child activity [1.62] "SetLocalFileName"
29: Activity [1.62] "SetLocalFileName" is Executing
{
    Arguments
        Value: localfile.txt
}
30: Activity [1.62] "SetLocalFileName" is Closed
{
    Arguments
        Value: localfile.txt
        To: localfile.txt
}
31: Activity [1.22] "TrySequence1" scheduled child activity [1.56] "SetLocalFilePath"
32: Activity [1.56] "SetLocalFilePath" is Executing
{
    Arguments
        Value: C:\local_temp\localfile.txt
}
33: Activity [1.56] "SetLocalFilePath" is Closed
{
    Arguments
        Value: C:\local_temp\localfile.txt
        To: C:\local_temp\localfile.txt
}
34: Activity [1.22] "TrySequence1" scheduled child activity [1.48] "OpenFile1"
35: Activity [1.48] "OpenFile1" is Executing
{
    Arguments
        FileAccess: ReadWrite
        FileMode: Create
        FileName: C:\local_temp\localfile.txt
        FileShare: None
}
36: WorkflowInstance "OpenSftpFtpNextFileActivity" is Idle
37: Activity [1.48] "OpenFile1" is Closed
{
    Arguments
        FileAccess: ReadWrite
        FileMode: Create
        FileName: C:\local_temp\localfile.txt
        Result: System.IO.MemoryStream
        FileShare: None
}
38: Activity [1.22] "TrySequence1" scheduled child activity [1.42] "DownloadSftpFtpFileToStream1"
39: Activity [1.42] "DownloadSftpFtpFileToStream1" is Executing
{
    Arguments
        DestinationStream: System.IO.MemoryStream
        SourceFilename: /directory/path/file.name
        Connection: Mock&lt;iCore.Public.Ftp.IFileTransferConnection:38b0&gt;.Object
}
40: WorkflowInstance "OpenSftpFtpNextFileActivity" is Idle
41: Activity [1.42] "DownloadSftpFtpFileToStream1" is Closed
{
    Arguments
        DestinationStream: System.IO.MemoryStream
        SourceFilename: /directory/path/file.name
        Connection: Mock&lt;iCore.Public.Ftp.IFileTransferConnection:38b0&gt;.Object
}
42: Activity [1.22] "TrySequence1" scheduled child activity [1.33] "If"
43: Activity [1.33] "If" is Executing
{
    Arguments
        Condition: False
}
44: Activity [1.33] "If" is Closed
{
    Arguments
        Condition: False
}
45: Activity [1.22] "TrySequence1" scheduled child activity [1.28] "AssignLocalFileNameOut"
46: Activity [1.28] "AssignLocalFileNameOut" is Executing
{
    Arguments
        Value: localfile.txt
}
47: Activity [1.28] "AssignLocalFileNameOut" is Closed
{
    Arguments
        Value: localfile.txt
        To: localfile.txt
}
48: Activity [1.22] "TrySequence1" scheduled child activity [1.23] "AssignLocalFilePath"
49: Activity [1.23] "AssignLocalFilePath" is Executing
{
    Arguments
        Value: C:\local_temp\localfile.txt
}
50: Activity [1.23] "AssignLocalFilePath" is Closed
{
    Arguments
        Value: C:\local_temp\localfile.txt
        To: C:\local_temp\localfile.txt
}
51: Activity [1.22] "TrySequence1" is Closed
52: Activity [1.18] "TryCatch" scheduled child activity [1.19] "FinallySequence1"
53: Activity [1.19] "FinallySequence1" is Executing
54: Activity [1.19] "FinallySequence1" scheduled child activity [1.20] "CloseStream1"
55: Activity [1.20] "CloseStream1" is Executing
{
    Arguments
        Stream: System.IO.MemoryStream
}
56: WorkflowInstance "OpenSftpFtpNextFileActivity" is Idle
57: Activity [1.20] "CloseStream1" is Closed
{
    Arguments
        Stream: System.IO.MemoryStream
}
58: Activity [1.19] "FinallySequence1" is Closed
59: Activity [1.18] "TryCatch" is Closed
60: Activity [1.14] "If" is Closed
{
    Arguments
        Condition: True
}
61: Activity [1.13] "Sequence" is Closed
{
    Variables
        _1a25a75f_79d5_4484_98f9_c744c2b55c4d_472: System.IO.MemoryStream
        _1a25a75f_79d5_4484_98f9_c744c2b55c4d_473: localfile.txt
        _1a25a75f_79d5_4484_98f9_c744c2b55c4d_474: C:\local_temp\localfile.txt
}
62: Activity [1.1] "Sequence" scheduled child activity [1.2] "OpenIfFileDownloaded1"
63: Activity [1.2] "OpenIfFileDownloaded1" is Executing
{
    Arguments
        Condition: True
}
64: Activity [1.2] "OpenIfFileDownloaded1" scheduled child activity [1.5] "OpenFile2"
65: Activity [1.5] "OpenFile2" is Executing
{
    Arguments
        FileAccess: ReadWrite
        FileMode: Open
        FileName: C:\local_temp\localfile.txt
        FileShare: None
}
66: WorkflowInstance "OpenSftpFtpNextFileActivity" is Idle
67: Activity [1.5] "OpenFile2" is Closed
{
    Arguments
        FileAccess: ReadWrite
        FileMode: Open
        FileName: C:\local_temp\localfile.txt
        Result: System.IO.MemoryStream
        FileShare: None
}
68: Activity [1.2] "OpenIfFileDownloaded1" is Closed
{
    Arguments
        Condition: True
}
69: Activity [1.1] "Sequence" is Closed
70: Activity [1] "OpenSftpFtpNextFileActivity" is Closed
{
    Arguments
        LocalFileNameIn: localfile.txt
        LocalFileNameOut: localfile.txt
        RenameFile: False
        MoveFileTo: 
        LocalFilePath: C:\local_temp\localfile.txt
        ErrorOnTimeout: False
        SubscriptionId: f739e5e3-c796-49ef-9d6b-276be60ae10e
        Timeout: 00:00:00
        Connection: Mock&lt;iCore.Public.Ftp.IFileTransferConnection:38b0&gt;.Object
        OriginalFileName: file.name
        Data: System.IO.MemoryStream
        ProcessingFilePath: /directory/path/file.name
        IsImplicitlyCancellable: False
        LocalDirectory: C:\local_temp
        ProcessingFileName: file.name
        OriginalFilePath: /directory/path/file.name
        DeleteServerFile: False
}
71: WorkflowInstance "OpenSftpFtpNextFileActivity" is Completed</StdOut>
      </Output>
    </UnitTestResult>
    <UnitTestResult executionId="66e58918-6fdc-414c-a008-b0331367a1ee" testId="95e56123-042a-020a-bd8d-c3f5552cdd5c" testName="Invoke_FileNotFound_DataStreamIsNull" computerName="ICSWS068" duration="00:00:00.0064271" startTime="2016-08-04T09:59:13.3965321+02:00" endTime="2016-08-04T09:59:13.4043669+02:00" testType="13cdc9d9-ddb5-4fa4-a97d-d965ccfc6d4b" outcome="Passed" testListId="8c84fa94-04c1-424b-9868-57a2d4851a1d" relativeResultsDirectory="66e58918-6fdc-414c-a008-b0331367a1ee">
      <Output>
        <StdOut>Debug Trace:
0: WorkflowInstance "OpenSftpFtpNextFileActivity" is Started
1: Activity [null] "null" scheduled child activity [1] "OpenSftpFtpNextFileActivity"
2: Activity [1] "OpenSftpFtpNextFileActivity" is Executing
{
    Arguments
        LocalFileNameIn: localfile.txt
        RenameFile: False
        MoveFileTo: 
        ErrorOnTimeout: False
        SubscriptionId: e768b498-4eaa-4287-bad2-18df5a83cc7e
        Timeout: 00:00:00
        Connection: Mock&lt;iCore.Public.Ftp.IFileTransferConnection:7a1a&gt;.Object
        IsImplicitlyCancellable: False
        LocalDirectory: C:\local_temp
        DeleteServerFile: False
}
3: Activity [1] "OpenSftpFtpNextFileActivity" scheduled child activity [1.1] "Sequence"
4: Activity [1.1] "Sequence" is Executing
5: Activity [1.1] "Sequence" scheduled child activity [1.13] "Sequence"
6: Activity [1.13] "Sequence" is Executing
{
    Variables
        _1a25a75f_79d5_4484_98f9_c744c2b55c4d_475: 
        _1a25a75f_79d5_4484_98f9_c744c2b55c4d_476: 
        _1a25a75f_79d5_4484_98f9_c744c2b55c4d_477: 
}
7: Activity [1.13] "Sequence" scheduled child activity [1.93] "InternalGetNextFile1"
8: Activity [1.93] "InternalGetNextFile1" is Executing
{
    Arguments
        ErrorOnTimeout: False
        SubscriptionId: e768b498-4eaa-4287-bad2-18df5a83cc7e
        Timeout: 00:00:00
        IsImplicitlyCancellable: False
}
9: CustomTrackingRecord [1.93] "iCPSTraceTrackingRecord"
10: WorkflowInstance "OpenSftpFtpNextFileActivity" is Idle
11: Bookmark "72e597a9-da6d-4b4c-837a-0c908488f666" resumed with payload &lt;iCore.Workflow.Activities.Extensions.ItemSubscriptionEventArgs`1[iCore.Common.Utilities.FileSystemWatcher.FileInfoBase]&gt; owner [1.93] "InternalGetNextFile1"
12: Activity [1.93] "InternalGetNextFile1" is Closed
{
    Arguments
        ErrorOnTimeout: False
        SubscriptionId: e768b498-4eaa-4287-bad2-18df5a83cc7e
        FileName: 
        Timeout: 00:00:00
        IsImplicitlyCancellable: False
        FilePath: 
}
13: Activity [1.13] "Sequence" scheduled child activity [1.14] "If"
14: Activity [1.14] "If" is Executing
{
    Arguments
        Condition: False
}
15: Activity [1.14] "If" is Closed
{
    Arguments
        Condition: False
}
16: Activity [1.13] "Sequence" is Closed
{
    Variables
        _1a25a75f_79d5_4484_98f9_c744c2b55c4d_478: 
        _1a25a75f_79d5_4484_98f9_c744c2b55c4d_479: 
        _1a25a75f_79d5_4484_98f9_c744c2b55c4d_480: 
}
17: Activity [1.1] "Sequence" scheduled child activity [1.2] "OpenIfFileDownloaded1"
18: Activity [1.2] "OpenIfFileDownloaded1" is Executing
{
    Arguments
        Condition: False
}
19: Activity [1.2] "OpenIfFileDownloaded1" is Closed
{
    Arguments
        Condition: False
}
20: Activity [1.1] "Sequence" is Closed
21: Activity [1] "OpenSftpFtpNextFileActivity" is Closed
{
    Arguments
        LocalFileNameIn: localfile.txt
        LocalFileNameOut: 
        RenameFile: False
        MoveFileTo: 
        LocalFilePath: 
        ErrorOnTimeout: False
        SubscriptionId: e768b498-4eaa-4287-bad2-18df5a83cc7e
        Timeout: 00:00:00
        Connection: Mock&lt;iCore.Public.Ftp.IFileTransferConnection:7a1a&gt;.Object
        OriginalFileName: 
        Data: 
        ProcessingFilePath: 
        IsImplicitlyCancellable: False
        LocalDirectory: C:\local_temp
        ProcessingFileName: 
        OriginalFilePath: 
        DeleteServerFile: False
}
22: WorkflowInstance "OpenSftpFtpNextFileActivity" is Completed</StdOut>
      </Output>
    </UnitTestResult>
    <UnitTestResult executionId="77a7fd23-1be8-4960-a2e4-987c8502fa2c" testId="657ea48b-53a1-990f-cb7d-f1aea9b3d6f6" testName="Invoke_NormalExecution_Success" computerName="ICSWS068" duration="00:00:00.0161330" startTime="2016-08-04T09:59:13.4068677+02:00" endTime="2016-08-04T09:59:13.4244052+02:00" testType="13cdc9d9-ddb5-4fa4-a97d-d965ccfc6d4b" outcome="Passed" testListId="8c84fa94-04c1-424b-9868-57a2d4851a1d" relativeResultsDirectory="77a7fd23-1be8-4960-a2e4-987c8502fa2c">
      <Output>
        <StdOut>Debug Trace:
0: WorkflowInstance "SendFtpCommandActivity" is Started
1: Activity [null] "null" scheduled child activity [1] "SendFtpCommandActivity"
2: Activity [1] "SendFtpCommandActivity" is Executing
{
    Arguments
        AcceptedReturnCodes: System.Int16[]
        Connection: Mock&lt;iCore.Public.Ftp.IFileTransferConnection:cfd3&gt;.Object
        Command: NOOP
}
3: WorkflowInstance "SendFtpCommandActivity" is Idle
4: Activity [1] "SendFtpCommandActivity" is Closed
{
    Arguments
        AcceptedReturnCodes: System.Int16[]
        Connection: Mock&lt;iCore.Public.Ftp.IFileTransferConnection:cfd3&gt;.Object
        Result: 200 OK
        Command: NOOP
}
5: WorkflowInstance "SendFtpCommandActivity" is Completed</StdOut>
      </Output>
    </UnitTestResult>
    <UnitTestResult executionId="d5fdd3e1-cb79-44da-9f8d-81bcb3867232" testId="57959f88-148a-22c2-e920-cdc2517a9801" testName="Invoke_ArgumentsPassedToRuntime_Success" computerName="ICSWS068" duration="00:00:00.0041054" startTime="2016-08-04T09:59:13.4269058+02:00" endTime="2016-08-04T09:59:13.4323940+02:00" testType="13cdc9d9-ddb5-4fa4-a97d-d965ccfc6d4b" outcome="Passed" testListId="8c84fa94-04c1-424b-9868-57a2d4851a1d" relativeResultsDirectory="d5fdd3e1-cb79-44da-9f8d-81bcb3867232">
      <Output>
        <StdOut>Debug Trace:
0: WorkflowInstance "SendFtpCommandActivity" is Started
1: Activity [null] "null" scheduled child activity [1] "SendFtpCommandActivity"
2: Activity [1] "SendFtpCommandActivity" is Executing
{
    Arguments
        AcceptedReturnCodes: System.Int16[]
        Connection: Mock&lt;iCore.Public.Ftp.IFileTransferConnection:4c3d&gt;.Object
        Command: cmd
}
3: WorkflowInstance "SendFtpCommandActivity" is Idle
4: Activity [1] "SendFtpCommandActivity" is Closed
{
    Arguments
        AcceptedReturnCodes: System.Int16[]
        Connection: Mock&lt;iCore.Public.Ftp.IFileTransferConnection:4c3d&gt;.Object
        Result: 200 OK
        Command: cmd
}
5: WorkflowInstance "SendFtpCommandActivity" is Completed</StdOut>
      </Output>
    </UnitTestResult>
    <UnitTestResult executionId="81d3a1e1-27c8-49e9-8d9e-58f8ced200b8" testId="d6c8487d-128a-ef46-9dee-92cf2d50ad36" testName="Invoke_AcceptedReturnCodesNullPassesNullToRuntime_Success" computerName="ICSWS068" duration="00:00:00.0031826" startTime="2016-08-04T09:59:13.4350813+02:00" endTime="2016-08-04T09:59:13.4396003+02:00" testType="13cdc9d9-ddb5-4fa4-a97d-d965ccfc6d4b" outcome="Passed" testListId="8c84fa94-04c1-424b-9868-57a2d4851a1d" relativeResultsDirectory="81d3a1e1-27c8-49e9-8d9e-58f8ced200b8">
      <Output>
        <StdOut>Debug Trace:
0: WorkflowInstance "SendFtpCommandActivity" is Started
1: Activity [null] "null" scheduled child activity [1] "SendFtpCommandActivity"
2: Activity [1] "SendFtpCommandActivity" is Executing
{
    Arguments
        AcceptedReturnCodes: 
        Connection: Mock&lt;iCore.Public.Ftp.IFileTransferConnection:3861&gt;.Object
        Command: cmd
}
3: WorkflowInstance "SendFtpCommandActivity" is Idle
4: Activity [1] "SendFtpCommandActivity" is Closed
{
    Arguments
        AcceptedReturnCodes: 
        Connection: Mock&lt;iCore.Public.Ftp.IFileTransferConnection:3861&gt;.Object
        Result: 200 OK
        Command: cmd
}
5: WorkflowInstance "SendFtpCommandActivity" is Completed</StdOut>
      </Output>
    </UnitTestResult>
    <UnitTestResult executionId="47c5347b-fbfd-41e3-b501-42c3668701bf" testId="96c9e354-4ae3-e596-9367-d01a15b9ae3e" testName="Invoke_NotAcceptedReturnCode_ThrowsFtpException" computerName="ICSWS068" duration="00:00:00.0030283" startTime="2016-08-04T09:59:13.4420865+02:00" endTime="2016-08-04T09:59:13.4465896+02:00" testType="13cdc9d9-ddb5-4fa4-a97d-d965ccfc6d4b" outcome="Passed" testListId="8c84fa94-04c1-424b-9868-57a2d4851a1d" relativeResultsDirectory="47c5347b-fbfd-41e3-b501-42c3668701bf">
      <Output>
        <StdOut>Debug Trace:
0: WorkflowInstance "SendFtpCommandActivity" is Started
1: Activity [null] "null" scheduled child activity [1] "SendFtpCommandActivity"
2: Activity [1] "SendFtpCommandActivity" is Executing
{
    Arguments
        AcceptedReturnCodes: System.Int16[]
        Connection: Mock&lt;iCore.Public.Ftp.IFileTransferConnection:6b0d&gt;.Object
        Command: NOOP
}
3: WorkflowInstance "SendFtpCommandActivity" is Idle
4: Activity [1] "SendFtpCommandActivity" is Faulted
{
    Arguments
        AcceptedReturnCodes: System.Int16[]
        Connection: Mock&lt;iCore.Public.Ftp.IFileTransferConnection:6b0d&gt;.Object
        Result: 
        Command: NOOP
}
5: Fault source [1] "SendFtpCommandActivity"
6: WorkflowInstance "SendFtpCommandActivity" Unhandled Exception Source "SendFtpCommandActivity" Exception &lt;iCore.Public.Ftp.FtpException: Not excpected errorcode
   at Tests.iCore.Common.Activities.UnitTestActivityBase.WaitForCompletion() in F:\ETWork\Main\Testing\Assemblies\Tests.iCore.Common.Activities\UnitTestActivityBase.cs:line 129
   at Tests.iCore.Common.Activities.UnitTestActivityBase.RunAndWaitForCompletion() in F:\ETWork\Main\Testing\Assemblies\Tests.iCore.Common.Activities\UnitTestActivityBase.cs:line 113
   at UnitTests.Workflow.Activities.Ftp.Ftp.SendFtpCommandActivityTests.Invoke_NotAcceptedReturnCode_ThrowsFtpException() in F:\ETWork\Main\Common\Assemblies\UnitTests.iCore.Workflow.Activities.Ftp\Ftp\SendFtpCommandActivityTests.cs:line 109&gt;
7: WorkflowInstance Aborted [SendFtpCommandActivity] Reason "Not excpected errorcode"</StdOut>
      </Output>
    </UnitTestResult>
    <UnitTestResult executionId="ef0e1945-7f89-427e-bb74-c48206b49d13" testId="d123c688-1f2c-fb8a-32e9-48de404e813f" testName="Invoke_NotFtpConnection_ThrowsArgumentException" computerName="ICSWS068" duration="00:00:00.0013674" startTime="2016-08-04T09:59:13.4491080+02:00" endTime="2016-08-04T09:59:13.4515936+02:00" testType="13cdc9d9-ddb5-4fa4-a97d-d965ccfc6d4b" outcome="Passed" testListId="8c84fa94-04c1-424b-9868-57a2d4851a1d" relativeResultsDirectory="ef0e1945-7f89-427e-bb74-c48206b49d13" />
    <UnitTestResult executionId="71342957-9566-4117-bfed-bfe96fb4af7c" testId="65f5d2c6-08a0-4329-512d-fa139e7042cb" testName="Invoke_ConnectionIsDisposed_ThrowsArgumentException" computerName="ICSWS068" duration="00:00:00.0030131" startTime="2016-08-04T09:59:13.4545953+02:00" endTime="2016-08-04T09:59:13.4586161+02:00" testType="13cdc9d9-ddb5-4fa4-a97d-d965ccfc6d4b" outcome="Passed" testListId="8c84fa94-04c1-424b-9868-57a2d4851a1d" relativeResultsDirectory="71342957-9566-4117-bfed-bfe96fb4af7c">
      <Output>
        <StdOut>Debug Trace:
0: WorkflowInstance "SendFtpCommandActivity" is Started
1: Activity [null] "null" scheduled child activity [1] "SendFtpCommandActivity"
2: Activity [1] "SendFtpCommandActivity" is Executing
{
    Arguments
        AcceptedReturnCodes: System.Int16[]
        Connection: Mock&lt;iCore.Public.Ftp.IFileTransferConnection:e65d&gt;.Object
        Command: NOOP
}
3: Activity [1] "SendFtpCommandActivity" is Faulted
{
    Arguments
        AcceptedReturnCodes: System.Int16[]
        Connection: Mock&lt;iCore.Public.Ftp.IFileTransferConnection:e65d&gt;.Object
        Result: 
        Command: NOOP
}
4: Fault source [1] "SendFtpCommandActivity"
5: WorkflowInstance "SendFtpCommandActivity" Unhandled Exception Source "SendFtpCommandActivity" Exception &lt;System.ArgumentException: Connection is closed.
Parameter name: Connection
   at iCore.Workflow.Activities.Ftp.SendFtpCommandActivity.BeginExecute(AsyncCodeActivityContext context, AsyncCallback callback, Object state)
   at System.Activities.AsyncCodeActivity`1.InternalExecute(ActivityInstance instance, ActivityExecutor executor, BookmarkManager bookmarkManager)
   at System.Activities.ActivityInstance.Execute(ActivityExecutor executor, BookmarkManager bookmarkManager)
   at System.Activities.Runtime.ActivityExecutor.ExecuteActivityWorkItem.ExecuteBody(ActivityExecutor executor, BookmarkManager bookmarkManager, Location resultLocation)&gt;
6: WorkflowInstance Aborted [SendFtpCommandActivity] Reason "Connection is closed.
Parameter name: Connection"</StdOut>
      </Output>
    </UnitTestResult>
    <UnitTestResult executionId="a4bf9aea-88da-4154-8dbd-cb5ee963680d" testId="7fe3d083-fcc6-01b4-01a7-f717f508420a" testName="Invoke_SourceFileNameIsNotSet_ThrowsArgumentException" computerName="ICSWS068" duration="00:00:00.0151970" startTime="2016-08-04T09:59:13.4611160+02:00" endTime="2016-08-04T09:59:13.4778929+02:00" testType="13cdc9d9-ddb5-4fa4-a97d-d965ccfc6d4b" outcome="Passed" testListId="8c84fa94-04c1-424b-9868-57a2d4851a1d" relativeResultsDirectory="a4bf9aea-88da-4154-8dbd-cb5ee963680d" />
    <UnitTestResult executionId="0fdd804f-ba91-40a1-963a-71828c74d01d" testId="df6c459c-31c6-7e25-ef91-f84e3cb9a71f" testName="Invoke_ConnectionIsMissing_ThrowsArgumentException" computerName="ICSWS068" duration="00:00:00.0031406" startTime="2016-08-04T09:59:13.4808761+02:00" endTime="2016-08-04T09:59:13.4848781+02:00" testType="13cdc9d9-ddb5-4fa4-a97d-d965ccfc6d4b" outcome="Passed" testListId="8c84fa94-04c1-424b-9868-57a2d4851a1d" relativeResultsDirectory="0fdd804f-ba91-40a1-963a-71828c74d01d" />
    <UnitTestResult executionId="43936b4c-7f3e-4a52-ba40-b6683eb8cbde" testId="402d313e-7f9f-a2c7-1f37-46525f2f0be2" testName="Invoke_DestinationDirectoryIsNotSet_ThrowsArgumentException" computerName="ICSWS068" duration="00:00:00.0031057" startTime="2016-08-04T09:59:13.4878804+02:00" endTime="2016-08-04T09:59:13.4923844+02:00" testType="13cdc9d9-ddb5-4fa4-a97d-d965ccfc6d4b" outcome="Passed" testListId="8c84fa94-04c1-424b-9868-57a2d4851a1d" relativeResultsDirectory="43936b4c-7f3e-4a52-ba40-b6683eb8cbde" />
    <UnitTestResult executionId="d0b24542-fb06-4eba-a15e-938b3ab0b770" testId="92d99919-58b0-b737-1fc9-5b57bc8ac08a" testName="Invoke_StoreModeIsNotSet_ThrowsArgumentException" computerName="ICSWS068" duration="00:00:00.0030694" startTime="2016-08-04T09:59:13.4953894+02:00" endTime="2016-08-04T09:59:13.4999089+02:00" testType="13cdc9d9-ddb5-4fa4-a97d-d965ccfc6d4b" outcome="Passed" testListId="8c84fa94-04c1-424b-9868-57a2d4851a1d" relativeResultsDirectory="d0b24542-fb06-4eba-a15e-938b3ab0b770" />
    <UnitTestResult executionId="6058d0ff-77da-4600-a708-d64c1febfca0" testId="376c7c17-a9f7-57bc-12a1-2b201483682f" testName="Invoke_CreateTemporaryFileButTempExtensionAndTempDirectoryIsEnpty_ThrowsException" computerName="ICSWS068" duration="00:00:00.0045171" startTime="2016-08-04T09:59:13.5023963+02:00" endTime="2016-08-04T09:59:13.5084000+02:00" testType="13cdc9d9-ddb5-4fa4-a97d-d965ccfc6d4b" outcome="Passed" testListId="8c84fa94-04c1-424b-9868-57a2d4851a1d" relativeResultsDirectory="6058d0ff-77da-4600-a708-d64c1febfca0">
      <Output>
        <StdOut>Debug Trace:
0: WorkflowInstance "SftpFtpWriterActivity" is Started
1: Activity [null] "null" scheduled child activity [1] "SftpFtpWriterActivity"
2: Activity [1] "SftpFtpWriterActivity" is Executing
{
    Arguments
        CreateTemporaryFile: True
        DestinationFileName: filename.txt
        FileSizeCheck: False
        SourceFileName: C:/filepath/filename.txt
        FileTransferConnection: Mock&lt;iCore.Public.Ftp.IFileTransferConnection:7b38&gt;.Object
        TemporaryExtension: 
        StoreMode: Skip
        TemporaryServerDirectory: 
        DestinationDirectory: /filepath/
}
3: Activity [1] "SftpFtpWriterActivity" is Faulted
{
    Arguments
        CreateTemporaryFile: True
        LocalFileName: 
        DestinationFileName: filename.txt
        LocalFilePath: 
        FileSizeCheck: False
        SourceFileName: C:/filepath/filename.txt
        ServerFileName: 
        FileTransferConnection: Mock&lt;iCore.Public.Ftp.IFileTransferConnection:7b38&gt;.Object
        TemporaryExtension: 
        StoreMode: Skip
        TemporaryServerDirectory: 
        DestinationDirectory: /filepath/
        ServerFilePath: 
}
4: Fault source [1] "SftpFtpWriterActivity"
5: WorkflowInstance "SftpFtpWriterActivity" Unhandled Exception Source "SftpFtpWriterActivity" Exception &lt;System.InvalidOperationException: Create temporary file is true but neither Temporary file extension nor Temporary server directory is set
   at iCore.Workflow.Activities.Ftp.SftpFtpWriterBaseActivity.ValidateConfiguration(FileWriterConfiguration writerConfiguration)
   at iCore.Workflow.Activities.Ftp.SftpFtpWriterActivity.ValidateCofiguration(String sourceFile, FileWriterConfiguration writerConfiguration)
   at iCore.Workflow.Activities.Ftp.SftpFtpWriterActivity.BeginExecute(AsyncCodeActivityContext context, AsyncCallback callback, Object state)
   at System.Activities.AsyncCodeActivity.InternalExecute(ActivityInstance instance, ActivityExecutor executor, BookmarkManager bookmarkManager)
   at System.Activities.ActivityInstance.Execute(ActivityExecutor executor, BookmarkManager bookmarkManager)
   at System.Activities.Runtime.ActivityExecutor.ExecuteActivityWorkItem.ExecuteBody(ActivityExecutor executor, BookmarkManager bookmarkManager, Location resultLocation)&gt;
6: WorkflowInstance Aborted [SftpFtpWriterActivity] Reason "Create temporary file is true but neither Temporary file extension nor Temporary server directory is set"</StdOut>
      </Output>
    </UnitTestResult>
    <UnitTestResult executionId="1518d779-64df-4407-bb8a-558f50233120" testId="0a8dcfc9-3f47-d3bb-e973-5da9efd9eaa7" testName="Invoke_SourceFileNameIsNull_ThrowsArgumentException" computerName="ICSWS068" duration="00:00:00.0033034" startTime="2016-08-04T09:59:13.5109175+02:00" endTime="2016-08-04T09:59:13.5154069+02:00" testType="13cdc9d9-ddb5-4fa4-a97d-d965ccfc6d4b" outcome="Passed" testListId="8c84fa94-04c1-424b-9868-57a2d4851a1d" relativeResultsDirectory="1518d779-64df-4407-bb8a-558f50233120">
      <Output>
        <StdOut>Debug Trace:
0: WorkflowInstance "SftpFtpWriterActivity" is Started
1: Activity [null] "null" scheduled child activity [1] "SftpFtpWriterActivity"
2: Activity [1] "SftpFtpWriterActivity" is Executing
{
    Arguments
        CreateTemporaryFile: False
        DestinationFileName: filename.txt
        FileSizeCheck: False
        SourceFileName: 
        FileTransferConnection: Mock&lt;iCore.Public.Ftp.IFileTransferConnection:b9d9&gt;.Object
        TemporaryExtension: 
        StoreMode: Skip
        TemporaryServerDirectory: 
        DestinationDirectory: /filepath/
}
3: Activity [1] "SftpFtpWriterActivity" is Faulted
{
    Arguments
        CreateTemporaryFile: False
        LocalFileName: 
        DestinationFileName: filename.txt
        LocalFilePath: 
        FileSizeCheck: False
        SourceFileName: 
        ServerFileName: 
        FileTransferConnection: Mock&lt;iCore.Public.Ftp.IFileTransferConnection:b9d9&gt;.Object
        TemporaryExtension: 
        StoreMode: Skip
        TemporaryServerDirectory: 
        DestinationDirectory: /filepath/
        ServerFilePath: 
}
4: Fault source [1] "SftpFtpWriterActivity"
5: WorkflowInstance "SftpFtpWriterActivity" Unhandled Exception Source "SftpFtpWriterActivity" Exception &lt;System.ArgumentException: Source file name must not be null or empty
   at iCore.Workflow.Activities.Ftp.SftpFtpWriterActivity.ValidateCofiguration(String sourceFile, FileWriterConfiguration writerConfiguration)
   at iCore.Workflow.Activities.Ftp.SftpFtpWriterActivity.BeginExecute(AsyncCodeActivityContext context, AsyncCallback callback, Object state)
   at System.Activities.AsyncCodeActivity.InternalExecute(ActivityInstance instance, ActivityExecutor executor, BookmarkManager bookmarkManager)
   at System.Activities.ActivityInstance.Execute(ActivityExecutor executor, BookmarkManager bookmarkManager)
   at System.Activities.Runtime.ActivityExecutor.ExecuteActivityWorkItem.ExecuteBody(ActivityExecutor executor, BookmarkManager bookmarkManager, Location resultLocation)&gt;
6: WorkflowInstance Aborted [SftpFtpWriterActivity] Reason "Source file name must not be null or empty"</StdOut>
      </Output>
    </UnitTestResult>
    <UnitTestResult executionId="974eb7ae-3646-48d1-816e-2b71476e51f2" testId="097336a5-f59d-b2de-81dc-3a85279c40cd" testName="Invoke_DestinationDirectoryIsNull_ThrowsArgumentException" computerName="ICSWS068" duration="00:00:00.0033380" startTime="2016-08-04T09:59:13.5184080+02:00" endTime="2016-08-04T09:59:13.5224282+02:00" testType="13cdc9d9-ddb5-4fa4-a97d-d965ccfc6d4b" outcome="Passed" testListId="8c84fa94-04c1-424b-9868-57a2d4851a1d" relativeResultsDirectory="974eb7ae-3646-48d1-816e-2b71476e51f2">
      <Output>
        <StdOut>Debug Trace:
0: WorkflowInstance "SftpFtpWriterActivity" is Started
1: Activity [null] "null" scheduled child activity [1] "SftpFtpWriterActivity"
2: Activity [1] "SftpFtpWriterActivity" is Executing
{
    Arguments
        CreateTemporaryFile: False
        DestinationFileName: filename.txt
        FileSizeCheck: False
        SourceFileName: C:/filepath/filename.txt
        FileTransferConnection: Mock&lt;iCore.Public.Ftp.IFileTransferConnection:3f49&gt;.Object
        TemporaryExtension: 
        StoreMode: Skip
        TemporaryServerDirectory: 
        DestinationDirectory: 
}
3: Activity [1] "SftpFtpWriterActivity" is Faulted
{
    Arguments
        CreateTemporaryFile: False
        LocalFileName: 
        DestinationFileName: filename.txt
        LocalFilePath: 
        FileSizeCheck: False
        SourceFileName: C:/filepath/filename.txt
        ServerFileName: 
        FileTransferConnection: Mock&lt;iCore.Public.Ftp.IFileTransferConnection:3f49&gt;.Object
        TemporaryExtension: 
        StoreMode: Skip
        TemporaryServerDirectory: 
        DestinationDirectory: 
        ServerFilePath: 
}
4: Fault source [1] "SftpFtpWriterActivity"
5: WorkflowInstance "SftpFtpWriterActivity" Unhandled Exception Source "SftpFtpWriterActivity" Exception &lt;System.ArgumentException: Destination directory must not be null or empty
   at iCore.Workflow.Activities.Ftp.SftpFtpWriterBaseActivity.ValidateConfiguration(FileWriterConfiguration writerConfiguration)
   at iCore.Workflow.Activities.Ftp.SftpFtpWriterActivity.ValidateCofiguration(String sourceFile, FileWriterConfiguration writerConfiguration)
   at iCore.Workflow.Activities.Ftp.SftpFtpWriterActivity.BeginExecute(AsyncCodeActivityContext context, AsyncCallback callback, Object state)
   at System.Activities.AsyncCodeActivity.InternalExecute(ActivityInstance instance, ActivityExecutor executor, BookmarkManager bookmarkManager)
   at System.Activities.ActivityInstance.Execute(ActivityExecutor executor, BookmarkManager bookmarkManager)
   at System.Activities.Runtime.ActivityExecutor.ExecuteActivityWorkItem.ExecuteBody(ActivityExecutor executor, BookmarkManager bookmarkManager, Location resultLocation)&gt;
6: WorkflowInstance Aborted [SftpFtpWriterActivity] Reason "Destination directory must not be null or empty"</StdOut>
      </Output>
    </UnitTestResult>
    <UnitTestResult executionId="0d3b25be-cbc2-4cf8-9a51-f2e84e91199e" testId="cb4d6a3d-567c-18d0-672f-c2d78073092d" testName="Invoke_ValidArguments_WriteFromFileIsCalledWithSourceFile" computerName="ICSWS068" duration="00:00:00.0047658" startTime="2016-08-04T09:59:13.5253053+02:00" endTime="2016-08-04T09:59:13.5313099+02:00" testType="13cdc9d9-ddb5-4fa4-a97d-d965ccfc6d4b" outcome="Passed" testListId="8c84fa94-04c1-424b-9868-57a2d4851a1d" relativeResultsDirectory="0d3b25be-cbc2-4cf8-9a51-f2e84e91199e">
      <Output>
        <StdOut>Debug Trace:
0: WorkflowInstance "SftpFtpWriterActivity" is Started
1: Activity [null] "null" scheduled child activity [1] "SftpFtpWriterActivity"
2: Activity [1] "SftpFtpWriterActivity" is Executing
{
    Arguments
        CreateTemporaryFile: False
        DestinationFileName: filename.txt
        FileSizeCheck: False
        SourceFileName: C:/filepath/filename.txt
        FileTransferConnection: Mock&lt;iCore.Public.Ftp.IFileTransferConnection:9c09&gt;.Object
        TemporaryExtension: 
        StoreMode: Skip
        TemporaryServerDirectory: 
        DestinationDirectory: /filepath/
}
3: WorkflowInstance "SftpFtpWriterActivity" is Idle
4: Activity [1] "SftpFtpWriterActivity" is Closed
{
    Arguments
        CreateTemporaryFile: False
        LocalFileName: filename.txt
        DestinationFileName: filename.txt
        LocalFilePath: C:/filepath/filename.txt
        FileSizeCheck: False
        SourceFileName: C:/filepath/filename.txt
        ServerFileName: filename.txt
        FileTransferConnection: Mock&lt;iCore.Public.Ftp.IFileTransferConnection:9c09&gt;.Object
        TemporaryExtension: 
        StoreMode: Skip
        TemporaryServerDirectory: 
        DestinationDirectory: /filepath/
        ServerFilePath: /filepath/filename.txt
}
5: WorkflowInstance "SftpFtpWriterActivity" is Completed</StdOut>
      </Output>
    </UnitTestResult>
    <UnitTestResult executionId="9e40db9e-9802-4f96-bf79-fc6cdd1b31a3" testId="5be89ceb-fdd2-834d-dc40-1b6c3cb99b0e" testName="Invoke_ValidArguments_LocalFilePathOutArgumentIsSet" computerName="ICSWS068" duration="00:00:00.0034471" startTime="2016-08-04T09:59:13.5343007+02:00" endTime="2016-08-04T09:59:13.5388194+02:00" testType="13cdc9d9-ddb5-4fa4-a97d-d965ccfc6d4b" outcome="Passed" testListId="8c84fa94-04c1-424b-9868-57a2d4851a1d" relativeResultsDirectory="9e40db9e-9802-4f96-bf79-fc6cdd1b31a3">
      <Output>
        <StdOut>Debug Trace:
0: WorkflowInstance "SftpFtpWriterActivity" is Started
1: Activity [null] "null" scheduled child activity [1] "SftpFtpWriterActivity"
2: Activity [1] "SftpFtpWriterActivity" is Executing
{
    Arguments
        CreateTemporaryFile: False
        DestinationFileName: filename.txt
        FileSizeCheck: False
        SourceFileName: C:/filepath/filename.txt
        FileTransferConnection: Mock&lt;iCore.Public.Ftp.IFileTransferConnection:b512&gt;.Object
        TemporaryExtension: 
        StoreMode: Skip
        TemporaryServerDirectory: 
        DestinationDirectory: /filepath/
}
3: WorkflowInstance "SftpFtpWriterActivity" is Idle
4: Activity [1] "SftpFtpWriterActivity" is Closed
{
    Arguments
        CreateTemporaryFile: False
        LocalFileName: filename.txt
        DestinationFileName: filename.txt
        LocalFilePath: C:/filepath/filename.txt
        FileSizeCheck: False
        SourceFileName: C:/filepath/filename.txt
        ServerFileName: filename.txt
        FileTransferConnection: Mock&lt;iCore.Public.Ftp.IFileTransferConnection:b512&gt;.Object
        TemporaryExtension: 
        StoreMode: Skip
        TemporaryServerDirectory: 
        DestinationDirectory: /filepath/
        ServerFilePath: /filepath/filename.txt
}
5: WorkflowInstance "SftpFtpWriterActivity" is Completed</StdOut>
      </Output>
    </UnitTestResult>
    <UnitTestResult executionId="c8de9de8-42a0-476d-bc99-dd2a7ddf242e" testId="72aa15d6-7a85-bd6c-31b2-6f615590e3c4" testName="Invoke_ValidArguments_LocalFileNameOutArgumentIsSet" computerName="ICSWS068" duration="00:00:00.0033181" startTime="2016-08-04T09:59:13.5418047+02:00" endTime="2016-08-04T09:59:13.5463281+02:00" testType="13cdc9d9-ddb5-4fa4-a97d-d965ccfc6d4b" outcome="Passed" testListId="8c84fa94-04c1-424b-9868-57a2d4851a1d" relativeResultsDirectory="c8de9de8-42a0-476d-bc99-dd2a7ddf242e">
      <Output>
        <StdOut>Debug Trace:
0: WorkflowInstance "SftpFtpWriterActivity" is Started
1: Activity [null] "null" scheduled child activity [1] "SftpFtpWriterActivity"
2: Activity [1] "SftpFtpWriterActivity" is Executing
{
    Arguments
        CreateTemporaryFile: False
        DestinationFileName: filename.txt
        FileSizeCheck: False
        SourceFileName: C:/filepath/filename.txt
        FileTransferConnection: Mock&lt;iCore.Public.Ftp.IFileTransferConnection:1cf5&gt;.Object
        TemporaryExtension: 
        StoreMode: Skip
        TemporaryServerDirectory: 
        DestinationDirectory: /filepath/
}
3: WorkflowInstance "SftpFtpWriterActivity" is Idle
4: Activity [1] "SftpFtpWriterActivity" is Closed
{
    Arguments
        CreateTemporaryFile: False
        LocalFileName: filename.txt
        DestinationFileName: filename.txt
        LocalFilePath: C:/filepath/filename.txt
        FileSizeCheck: False
        SourceFileName: C:/filepath/filename.txt
        ServerFileName: filename.txt
        FileTransferConnection: Mock&lt;iCore.Public.Ftp.IFileTransferConnection:1cf5&gt;.Object
        TemporaryExtension: 
        StoreMode: Skip
        TemporaryServerDirectory: 
        DestinationDirectory: /filepath/
        ServerFilePath: /filepath/filename.txt
}
5: WorkflowInstance "SftpFtpWriterActivity" is Completed</StdOut>
      </Output>
    </UnitTestResult>
    <UnitTestResult executionId="c761df7d-a7b2-4529-835d-b99e4084ebf7" testId="d534f5ee-3faa-2e8f-6d94-87eea27f5443" testName="Invoke_ValidArguments_ServerFilePathOutArgumentIsSet" computerName="ICSWS068" duration="00:00:00.0033040" startTime="2016-08-04T09:59:13.5488137+02:00" endTime="2016-08-04T09:59:13.5533206+02:00" testType="13cdc9d9-ddb5-4fa4-a97d-d965ccfc6d4b" outcome="Passed" testListId="8c84fa94-04c1-424b-9868-57a2d4851a1d" relativeResultsDirectory="c761df7d-a7b2-4529-835d-b99e4084ebf7">
      <Output>
        <StdOut>Debug Trace:
0: WorkflowInstance "SftpFtpWriterActivity" is Started
1: Activity [null] "null" scheduled child activity [1] "SftpFtpWriterActivity"
2: Activity [1] "SftpFtpWriterActivity" is Executing
{
    Arguments
        CreateTemporaryFile: False
        DestinationFileName: filename.txt
        FileSizeCheck: False
        SourceFileName: C:/filepath/filename.txt
        FileTransferConnection: Mock&lt;iCore.Public.Ftp.IFileTransferConnection:f14b&gt;.Object
        TemporaryExtension: 
        StoreMode: Skip
        TemporaryServerDirectory: 
        DestinationDirectory: /filepath/
}
3: WorkflowInstance "SftpFtpWriterActivity" is Idle
4: Activity [1] "SftpFtpWriterActivity" is Closed
{
    Arguments
        CreateTemporaryFile: False
        LocalFileName: filename.txt
        DestinationFileName: filename.txt
        LocalFilePath: C:/filepath/filename.txt
        FileSizeCheck: False
        SourceFileName: C:/filepath/filename.txt
        ServerFileName: filename.txt
        FileTransferConnection: Mock&lt;iCore.Public.Ftp.IFileTransferConnection:f14b&gt;.Object
        TemporaryExtension: 
        StoreMode: Skip
        TemporaryServerDirectory: 
        DestinationDirectory: /filepath/
        ServerFilePath: /filepath/filename.txt
}
5: WorkflowInstance "SftpFtpWriterActivity" is Completed</StdOut>
      </Output>
    </UnitTestResult>
    <UnitTestResult executionId="aca3d70a-68fb-4e5c-9699-341caec71429" testId="28230e54-5618-7605-ef16-2a66971f7d88" testName="Invoke_ValidArguments_ServerFileNameOutArgumentIsSet" computerName="ICSWS068" duration="00:00:00.0034213" startTime="2016-08-04T09:59:13.5563385+02:00" endTime="2016-08-04T09:59:13.5613425+02:00" testType="13cdc9d9-ddb5-4fa4-a97d-d965ccfc6d4b" outcome="Passed" testListId="8c84fa94-04c1-424b-9868-57a2d4851a1d" relativeResultsDirectory="aca3d70a-68fb-4e5c-9699-341caec71429">
      <Output>
        <StdOut>Debug Trace:
0: WorkflowInstance "SftpFtpWriterActivity" is Started
1: Activity [null] "null" scheduled child activity [1] "SftpFtpWriterActivity"
2: Activity [1] "SftpFtpWriterActivity" is Executing
{
    Arguments
        CreateTemporaryFile: False
        DestinationFileName: filename.txt
        FileSizeCheck: False
        SourceFileName: C:/filepath/filename.txt
        FileTransferConnection: Mock&lt;iCore.Public.Ftp.IFileTransferConnection:57a9&gt;.Object
        TemporaryExtension: 
        StoreMode: Skip
        TemporaryServerDirectory: 
        DestinationDirectory: /filepath/
}
3: WorkflowInstance "SftpFtpWriterActivity" is Idle
4: Activity [1] "SftpFtpWriterActivity" is Closed
{
    Arguments
        CreateTemporaryFile: False
        LocalFileName: filename.txt
        DestinationFileName: filename.txt
        LocalFilePath: C:/filepath/filename.txt
        FileSizeCheck: False
        SourceFileName: C:/filepath/filename.txt
        ServerFileName: filename.txt
        FileTransferConnection: Mock&lt;iCore.Public.Ftp.IFileTransferConnection:57a9&gt;.Object
        TemporaryExtension: 
        StoreMode: Skip
        TemporaryServerDirectory: 
        DestinationDirectory: /filepath/
        ServerFilePath: /filepath/filename.txt
}
5: WorkflowInstance "SftpFtpWriterActivity" is Completed</StdOut>
      </Output>
    </UnitTestResult>
    <UnitTestResult executionId="bd85d50a-f179-432e-b943-73ed08230754" testId="974d0396-3cda-99b7-3ce7-59eaa78e64a2" testName="Invoke_DataIsNotSet_ThrowsArgumentException" computerName="ICSWS068" duration="00:00:00.0052664" startTime="2016-08-04T09:59:13.5638322+02:00" endTime="2016-08-04T09:59:13.5703362+02:00" testType="13cdc9d9-ddb5-4fa4-a97d-d965ccfc6d4b" outcome="Passed" testListId="8c84fa94-04c1-424b-9868-57a2d4851a1d" relativeResultsDirectory="bd85d50a-f179-432e-b943-73ed08230754" />
    <UnitTestResult executionId="838ac643-ad30-40d0-9fe1-9c2701c72e7c" testId="e8bbf711-702b-317b-c63a-d4a190cda78d" testName="Invoke_ConnectionIsMissing_ThrowsArgumentException" computerName="ICSWS068" duration="00:00:00.0030518" startTime="2016-08-04T09:59:13.5733042+02:00" endTime="2016-08-04T09:59:13.5773246+02:00" testType="13cdc9d9-ddb5-4fa4-a97d-d965ccfc6d4b" outcome="Passed" testListId="8c84fa94-04c1-424b-9868-57a2d4851a1d" relativeResultsDirectory="838ac643-ad30-40d0-9fe1-9c2701c72e7c" />
    <UnitTestResult executionId="31b14ec5-a28c-4f91-8add-92007e735736" testId="95e2d7e2-787a-43d5-661c-b4edb536abd2" testName="Invoke_DestinationDirectoryIsNotSet_ThrowsArgumentException" computerName="ICSWS068" duration="00:00:00.0030225" startTime="2016-08-04T09:59:13.5803108+02:00" endTime="2016-08-04T09:59:13.5843318+02:00" testType="13cdc9d9-ddb5-4fa4-a97d-d965ccfc6d4b" outcome="Passed" testListId="8c84fa94-04c1-424b-9868-57a2d4851a1d" relativeResultsDirectory="31b14ec5-a28c-4f91-8add-92007e735736" />
    <UnitTestResult executionId="0f66a689-68a0-47d0-93a6-6eb5751d22d7" testId="cf26d743-0a4b-7a0d-f683-639ad4866d31" testName="Invoke_StoreModeIsNotSet_ThrowsArgumentException" computerName="ICSWS068" duration="00:00:00.0030160" startTime="2016-08-04T09:59:13.5873174+02:00" endTime="2016-08-04T09:59:13.5913361+02:00" testType="13cdc9d9-ddb5-4fa4-a97d-d965ccfc6d4b" outcome="Passed" testListId="8c84fa94-04c1-424b-9868-57a2d4851a1d" relativeResultsDirectory="0f66a689-68a0-47d0-93a6-6eb5751d22d7" />
    <UnitTestResult executionId="c5e03809-eedb-4810-9b4b-bf740c7f5124" testId="c54c4af1-92eb-4f42-c1aa-20ecf64a0030" testName="Invoke_DestinationDirectoryIsNull_ThrowsArgumentException" computerName="ICSWS068" duration="00:00:00.0037450" startTime="2016-08-04T09:59:13.5941411+02:00" endTime="2016-08-04T09:59:13.5991644+02:00" testType="13cdc9d9-ddb5-4fa4-a97d-d965ccfc6d4b" outcome="Passed" testListId="8c84fa94-04c1-424b-9868-57a2d4851a1d" relativeResultsDirectory="c5e03809-eedb-4810-9b4b-bf740c7f5124">
      <Output>
        <StdOut>Debug Trace:
0: WorkflowInstance "SftpFtpWriterExActivity" is Started
1: Activity [null] "null" scheduled child activity [1] "SftpFtpWriterExActivity"
2: Activity [1] "SftpFtpWriterExActivity" is Executing
{
    Arguments
        CreateTemporaryFile: False
        DestinationFileName: filename.txt
        FileSizeCheck: False
        Data: System.IO.MemoryStream
        FileTransferConnection: Mock&lt;iCore.Public.Ftp.IFileTransferConnection:0df8&gt;.Object
        TemporaryExtension: 
        StoreMode: Skip
        TemporaryServerDirectory: 
        DestinationDirectory: 
}
3: Activity [1] "SftpFtpWriterExActivity" is Faulted
{
    Arguments
        CreateTemporaryFile: False
        DestinationFileName: filename.txt
        FileSizeCheck: False
        ServerFileName: 
        Data: System.IO.MemoryStream
        FileTransferConnection: Mock&lt;iCore.Public.Ftp.IFileTransferConnection:0df8&gt;.Object
        TemporaryExtension: 
        StoreMode: Skip
        TemporaryServerDirectory: 
        DestinationDirectory: 
        ServerFilePath: 
}
4: Fault source [1] "SftpFtpWriterExActivity"
5: WorkflowInstance "SftpFtpWriterExActivity" Unhandled Exception Source "SftpFtpWriterExActivity" Exception &lt;System.ArgumentException: Destination directory must not be null or empty
   at iCore.Workflow.Activities.Ftp.SftpFtpWriterBaseActivity.ValidateConfiguration(FileWriterConfiguration writerConfiguration)
   at iCore.Workflow.Activities.Ftp.SftpFtpWriterExActivity.ValidateCofiguration(Stream data, FileWriterConfiguration writerConfiguration)
   at iCore.Workflow.Activities.Ftp.SftpFtpWriterExActivity.BeginExecute(AsyncCodeActivityContext context, AsyncCallback callback, Object state)
   at System.Activities.AsyncCodeActivity.InternalExecute(ActivityInstance instance, ActivityExecutor executor, BookmarkManager bookmarkManager)
   at System.Activities.ActivityInstance.Execute(ActivityExecutor executor, BookmarkManager bookmarkManager)
   at System.Activities.Runtime.ActivityExecutor.ExecuteActivityWorkItem.ExecuteBody(ActivityExecutor executor, BookmarkManager bookmarkManager, Location resultLocation)&gt;
6: WorkflowInstance Aborted [SftpFtpWriterExActivity] Reason "Destination directory must not be null or empty"</StdOut>
      </Output>
    </UnitTestResult>
    <UnitTestResult executionId="5a3da1b9-f2f6-46a6-a4b1-91f9c7148f8e" testId="5a9880e9-24ab-2c8c-1f0f-bb98d25aab4e" testName="Invoke_DataIsNull_ThrowsArgumentException" computerName="ICSWS068" duration="00:00:00.0046559" startTime="2016-08-04T09:59:13.6016465+02:00" endTime="2016-08-04T09:59:13.6074877+02:00" testType="13cdc9d9-ddb5-4fa4-a97d-d965ccfc6d4b" outcome="Passed" testListId="8c84fa94-04c1-424b-9868-57a2d4851a1d" relativeResultsDirectory="5a3da1b9-f2f6-46a6-a4b1-91f9c7148f8e">
      <Output>
        <StdOut>Debug Trace:
0: WorkflowInstance "SftpFtpWriterExActivity" is Started
1: Activity [null] "null" scheduled child activity [1] "SftpFtpWriterExActivity"
2: Activity [1] "SftpFtpWriterExActivity" is Executing
{
    Arguments
        CreateTemporaryFile: False
        DestinationFileName: filename.txt
        FileSizeCheck: False
        Data: 
        FileTransferConnection: Mock&lt;iCore.Public.Ftp.IFileTransferConnection:6c5d&gt;.Object
        TemporaryExtension: 
        StoreMode: Skip
        TemporaryServerDirectory: 
        DestinationDirectory: /filepath/
}
3: Activity [1] "SftpFtpWriterExActivity" is Faulted
{
    Arguments
        CreateTemporaryFile: False
        DestinationFileName: filename.txt
        FileSizeCheck: False
        ServerFileName: 
        Data: 
        FileTransferConnection: Mock&lt;iCore.Public.Ftp.IFileTransferConnection:6c5d&gt;.Object
        TemporaryExtension: 
        StoreMode: Skip
        TemporaryServerDirectory: 
        DestinationDirectory: /filepath/
        ServerFilePath: 
}
4: Fault source [1] "SftpFtpWriterExActivity"
5: WorkflowInstance "SftpFtpWriterExActivity" Unhandled Exception Source "SftpFtpWriterExActivity" Exception &lt;System.ArgumentException: Data must not be null
   at iCore.Workflow.Activities.Ftp.SftpFtpWriterExActivity.ValidateCofiguration(Stream data, FileWriterConfiguration writerConfiguration)
   at iCore.Workflow.Activities.Ftp.SftpFtpWriterExActivity.BeginExecute(AsyncCodeActivityContext context, AsyncCallback callback, Object state)
   at System.Activities.AsyncCodeActivity.InternalExecute(ActivityInstance instance, ActivityExecutor executor, BookmarkManager bookmarkManager)
   at System.Activities.ActivityInstance.Execute(ActivityExecutor executor, BookmarkManager bookmarkManager)
   at System.Activities.Runtime.ActivityExecutor.ExecuteActivityWorkItem.ExecuteBody(ActivityExecutor executor, BookmarkManager bookmarkManager, Location resultLocation)&gt;
6: WorkflowInstance Aborted [SftpFtpWriterExActivity] Reason "Data must not be null"</StdOut>
      </Output>
    </UnitTestResult>
    <UnitTestResult executionId="08dd10e1-cd6b-49cb-9ebe-8f2be72049b8" testId="3d37a6a4-5e0d-7cfc-c119-156b7d1d9d46" testName="Invoke_CreateTemporaryFileButTempExtensionAndTempDirectoryIsEnpty_ThrowsException" computerName="ICSWS068" duration="00:00:00.0032876" startTime="2016-08-04T09:59:13.6104883+02:00" endTime="2016-08-04T09:59:13.6150108+02:00" testType="13cdc9d9-ddb5-4fa4-a97d-d965ccfc6d4b" outcome="Passed" testListId="8c84fa94-04c1-424b-9868-57a2d4851a1d" relativeResultsDirectory="08dd10e1-cd6b-49cb-9ebe-8f2be72049b8">
      <Output>
        <StdOut>Debug Trace:
0: WorkflowInstance "SftpFtpWriterExActivity" is Started
1: Activity [null] "null" scheduled child activity [1] "SftpFtpWriterExActivity"
2: Activity [1] "SftpFtpWriterExActivity" is Executing
{
    Arguments
        CreateTemporaryFile: True
        DestinationFileName: filename.txt
        FileSizeCheck: False
        Data: System.IO.MemoryStream
        FileTransferConnection: Mock&lt;iCore.Public.Ftp.IFileTransferConnection:19c2&gt;.Object
        TemporaryExtension: 
        StoreMode: Skip
        TemporaryServerDirectory: 
        DestinationDirectory: /filepath/
}
3: Activity [1] "SftpFtpWriterExActivity" is Faulted
{
    Arguments
        CreateTemporaryFile: True
        DestinationFileName: filename.txt
        FileSizeCheck: False
        ServerFileName: 
        Data: System.IO.MemoryStream
        FileTransferConnection: Mock&lt;iCore.Public.Ftp.IFileTransferConnection:19c2&gt;.Object
        TemporaryExtension: 
        StoreMode: Skip
        TemporaryServerDirectory: 
        DestinationDirectory: /filepath/
        ServerFilePath: 
}
4: Fault source [1] "SftpFtpWriterExActivity"
5: WorkflowInstance "SftpFtpWriterExActivity" Unhandled Exception Source "SftpFtpWriterExActivity" Exception &lt;System.InvalidOperationException: Create temporary file is true but neither Temporary file extension nor Temporary server directory is set
   at iCore.Workflow.Activities.Ftp.SftpFtpWriterBaseActivity.ValidateConfiguration(FileWriterConfiguration writerConfiguration)
   at iCore.Workflow.Activities.Ftp.SftpFtpWriterExActivity.ValidateCofiguration(Stream data, FileWriterConfiguration writerConfiguration)
   at iCore.Workflow.Activities.Ftp.SftpFtpWriterExActivity.BeginExecute(AsyncCodeActivityContext context, AsyncCallback callback, Object state)
   at System.Activities.AsyncCodeActivity.InternalExecute(ActivityInstance instance, ActivityExecutor executor, BookmarkManager bookmarkManager)
   at System.Activities.ActivityInstance.Execute(ActivityExecutor executor, BookmarkManager bookmarkManager)
   at System.Activities.Runtime.ActivityExecutor.ExecuteActivityWorkItem.ExecuteBody(ActivityExecutor executor, BookmarkManager bookmarkManager, Location resultLocation)&gt;
6: WorkflowInstance Aborted [SftpFtpWriterExActivity] Reason "Create temporary file is true but neither Temporary file extension nor Temporary server directory is set"</StdOut>
      </Output>
    </UnitTestResult>
    <UnitTestResult executionId="c176bcd0-826c-4979-88f7-39832c4bf0d8" testId="fc8e3f8c-ba42-3638-ea97-a726b24043c6" testName="Invoke_ValidArguments_WriteFromStreamCalledWithStream" computerName="ICSWS068" duration="00:00:00.0058646" startTime="2016-08-04T09:59:13.6179984+02:00" endTime="2016-08-04T09:59:13.6250382+02:00" testType="13cdc9d9-ddb5-4fa4-a97d-d965ccfc6d4b" outcome="Passed" testListId="8c84fa94-04c1-424b-9868-57a2d4851a1d" relativeResultsDirectory="c176bcd0-826c-4979-88f7-39832c4bf0d8">
      <Output>
        <StdOut>Debug Trace:
0: WorkflowInstance "SftpFtpWriterExActivity" is Started
1: Activity [null] "null" scheduled child activity [1] "SftpFtpWriterExActivity"
2: Activity [1] "SftpFtpWriterExActivity" is Executing
{
    Arguments
        CreateTemporaryFile: False
        DestinationFileName: filename.txt
        FileSizeCheck: False
        Data: System.IO.MemoryStream
        FileTransferConnection: Mock&lt;iCore.Public.Ftp.IFileTransferConnection:9275&gt;.Object
        TemporaryExtension: 
        StoreMode: Skip
        TemporaryServerDirectory: 
        DestinationDirectory: /filepath/
}
3: WorkflowInstance "SftpFtpWriterExActivity" is Idle
4: Activity [1] "SftpFtpWriterExActivity" is Closed
{
    Arguments
        CreateTemporaryFile: False
        DestinationFileName: filename.txt
        FileSizeCheck: False
        ServerFileName: filename.txt
        Data: System.IO.MemoryStream
        FileTransferConnection: Mock&lt;iCore.Public.Ftp.IFileTransferConnection:9275&gt;.Object
        TemporaryExtension: 
        StoreMode: Skip
        TemporaryServerDirectory: 
        DestinationDirectory: /filepath/
        ServerFilePath: /filepath/filename.txt
}
5: WorkflowInstance "SftpFtpWriterExActivity" is Completed</StdOut>
      </Output>
    </UnitTestResult>
    <UnitTestResult executionId="75f3665c-d92a-4a35-bf96-a7155d3e9149" testId="84affa08-b285-f838-2dcb-993d83774f1e" testName="Invoke_ValidArguments_ServerFilePathOutArgumentIsSet" computerName="ICSWS068" duration="00:00:00.0034820" startTime="2016-08-04T09:59:13.6280232+02:00" endTime="2016-08-04T09:59:13.6330263+02:00" testType="13cdc9d9-ddb5-4fa4-a97d-d965ccfc6d4b" outcome="Passed" testListId="8c84fa94-04c1-424b-9868-57a2d4851a1d" relativeResultsDirectory="75f3665c-d92a-4a35-bf96-a7155d3e9149">
      <Output>
        <StdOut>Debug Trace:
0: WorkflowInstance "SftpFtpWriterExActivity" is Started
1: Activity [null] "null" scheduled child activity [1] "SftpFtpWriterExActivity"
2: Activity [1] "SftpFtpWriterExActivity" is Executing
{
    Arguments
        CreateTemporaryFile: False
        DestinationFileName: filename.txt
        FileSizeCheck: False
        Data: System.IO.MemoryStream
        FileTransferConnection: Mock&lt;iCore.Public.Ftp.IFileTransferConnection:6041&gt;.Object
        TemporaryExtension: 
        StoreMode: Skip
        TemporaryServerDirectory: 
        DestinationDirectory: /filepath/
}
3: WorkflowInstance "SftpFtpWriterExActivity" is Idle
4: Activity [1] "SftpFtpWriterExActivity" is Closed
{
    Arguments
        CreateTemporaryFile: False
        DestinationFileName: filename.txt
        FileSizeCheck: False
        ServerFileName: filename.txt
        Data: System.IO.MemoryStream
        FileTransferConnection: Mock&lt;iCore.Public.Ftp.IFileTransferConnection:6041&gt;.Object
        TemporaryExtension: 
        StoreMode: Skip
        TemporaryServerDirectory: 
        DestinationDirectory: /filepath/
        ServerFilePath: /filepath/filename.txt
}
5: WorkflowInstance "SftpFtpWriterExActivity" is Completed</StdOut>
      </Output>
    </UnitTestResult>
    <UnitTestResult executionId="9fed373e-2fc2-45be-bb1f-8e11a30ff5f0" testId="c040e3e2-3e1c-42b3-192c-dc8b30c23293" testName="Invoke_ValidArguments_ServerFileNameOutArgumentIsSet" computerName="ICSWS068" duration="00:00:00.0033286" startTime="2016-08-04T09:59:13.6360292+02:00" endTime="2016-08-04T09:59:13.6405479+02:00" testType="13cdc9d9-ddb5-4fa4-a97d-d965ccfc6d4b" outcome="Passed" testListId="8c84fa94-04c1-424b-9868-57a2d4851a1d" relativeResultsDirectory="9fed373e-2fc2-45be-bb1f-8e11a30ff5f0">
      <Output>
        <StdOut>Debug Trace:
0: WorkflowInstance "SftpFtpWriterExActivity" is Started
1: Activity [null] "null" scheduled child activity [1] "SftpFtpWriterExActivity"
2: Activity [1] "SftpFtpWriterExActivity" is Executing
{
    Arguments
        CreateTemporaryFile: False
        DestinationFileName: filename.txt
        FileSizeCheck: False
        Data: System.IO.MemoryStream
        FileTransferConnection: Mock&lt;iCore.Public.Ftp.IFileTransferConnection:dc6e&gt;.Object
        TemporaryExtension: 
        StoreMode: Skip
        TemporaryServerDirectory: 
        DestinationDirectory: /filepath/
}
3: WorkflowInstance "SftpFtpWriterExActivity" is Idle
4: Activity [1] "SftpFtpWriterExActivity" is Closed
{
    Arguments
        CreateTemporaryFile: False
        DestinationFileName: filename.txt
        FileSizeCheck: False
        ServerFileName: filename.txt
        Data: System.IO.MemoryStream
        FileTransferConnection: Mock&lt;iCore.Public.Ftp.IFileTransferConnection:dc6e&gt;.Object
        TemporaryExtension: 
        StoreMode: Skip
        TemporaryServerDirectory: 
        DestinationDirectory: /filepath/
        ServerFilePath: /filepath/filename.txt
}
5: WorkflowInstance "SftpFtpWriterExActivity" is Completed</StdOut>
      </Output>
    </UnitTestResult>
  </Results>
  <TestDefinitions>
    <UnitTest name="Invoke_NormalExecution_Success" storage="f:\etwork\bin\tests\unittests.icore.workflow.activities.ftp.dll" id="76593a16-1858-f93c-e513-cf8810960c6c">
      <Execution id="2736c61e-b17e-4354-bc0e-594242f82089" />
      <TestMethod codeBase="F:\ETWork\bin\Tests\UnitTests.iCore.Workflow.Activities.Ftp.dll" adapterTypeName="Microsoft.VisualStudio.TestTools.TestTypes.Unit.UnitTestAdapter" className="UnitTests.Workflow.Activities.Ftp.CloseSftpFtpConnectionActivityTests" name="Invoke_NormalExecution_Success" />
    </UnitTest>
    <UnitTest name="Invoke_ConnectionIsDisposed_Success" storage="f:\etwork\bin\tests\unittests.icore.workflow.activities.ftp.dll" id="418de1e4-c93f-04a6-4bc0-454b96f85d99">
      <Execution id="01117375-80ad-4520-95ae-2dd261be2612" />
      <TestMethod codeBase="F:\ETWork\bin\Tests\UnitTests.iCore.Workflow.Activities.Ftp.dll" adapterTypeName="Microsoft.VisualStudio.TestTools.TestTypes.Unit.UnitTestAdapter" className="UnitTests.Workflow.Activities.Ftp.CloseSftpFtpConnectionActivityTests" name="Invoke_ConnectionIsDisposed_Success" />
    </UnitTest>
    <UnitTest name="Invoke_ConnectionIsNull_Success" storage="f:\etwork\bin\tests\unittests.icore.workflow.activities.ftp.dll" id="a0edeb50-f23d-a41a-bcc7-6f50647124c3">
      <Execution id="3306e6ab-5185-44b1-9554-114f02cd9b1d" />
      <TestMethod codeBase="F:\ETWork\bin\Tests\UnitTests.iCore.Workflow.Activities.Ftp.dll" adapterTypeName="Microsoft.VisualStudio.TestTools.TestTypes.Unit.UnitTestAdapter" className="UnitTests.Workflow.Activities.Ftp.CloseSftpFtpConnectionActivityTests" name="Invoke_ConnectionIsNull_Success" />
    </UnitTest>
    <UnitTest name="Invoke_RequiredInArgumentIsMissing_UnhandledArgumentException" storage="f:\etwork\bin\tests\unittests.icore.workflow.activities.ftp.dll" id="f595ec16-421c-c558-556f-18ad9da31195">
      <Execution id="5fb65775-e77a-471d-bea2-b6dcbf374995" />
      <TestMethod codeBase="F:\ETWork\bin\Tests\UnitTests.iCore.Workflow.Activities.Ftp.dll" adapterTypeName="Microsoft.VisualStudio.TestTools.TestTypes.Unit.UnitTestAdapter" className="UnitTests.Workflow.Activities.Ftp.CloseSftpFtpConnectionActivityTests" name="Invoke_RequiredInArgumentIsMissing_UnhandledArgumentException" />
    </UnitTest>
    <UnitTest name="Invoke_SetAllArguments_ExpectedConfigurationReturned" storage="f:\etwork\bin\tests\unittests.icore.workflow.activities.ftp.dll" id="8786f2d4-05bc-8b1f-6654-5d12cf0cbe42">
      <Execution id="79d20294-401c-434b-9a1f-4138dcf74e97" />
      <TestMethod codeBase="F:\ETWork\bin\Tests\UnitTests.iCore.Workflow.Activities.Ftp.dll" adapterTypeName="Microsoft.VisualStudio.TestTools.TestTypes.Unit.UnitTestAdapter" className="UnitTests.Workflow.Activities.Ftp.CreateSftpFtpReaderConfigurationActivityTests" name="Invoke_SetAllArguments_ExpectedConfigurationReturned" />
    </UnitTest>
    <UnitTest name="Invoke_SetOnlyRequiredArguments_Success" storage="f:\etwork\bin\tests\unittests.icore.workflow.activities.ftp.dll" id="83918793-f77e-261f-ccd0-dcaa90a6ec02">
      <Execution id="0c5b6def-642b-4a91-9d1e-b3cd4c9d6a5d" />
      <TestMethod codeBase="F:\ETWork\bin\Tests\UnitTests.iCore.Workflow.Activities.Ftp.dll" adapterTypeName="Microsoft.VisualStudio.TestTools.TestTypes.Unit.UnitTestAdapter" className="UnitTests.Workflow.Activities.Ftp.CreateSftpFtpReaderConfigurationActivityTests" name="Invoke_SetOnlyRequiredArguments_Success" />
    </UnitTest>
    <UnitTest name="Invoke_SetOnlyRequiredArguments_DefaultValuesAreCorrect" storage="f:\etwork\bin\tests\unittests.icore.workflow.activities.ftp.dll" id="bc001b95-36d5-a530-9804-89a9c733b75d">
      <Execution id="4d497086-de7d-4e6c-9966-e78285e781f9" />
      <TestMethod codeBase="F:\ETWork\bin\Tests\UnitTests.iCore.Workflow.Activities.Ftp.dll" adapterTypeName="Microsoft.VisualStudio.TestTools.TestTypes.Unit.UnitTestAdapter" className="UnitTests.Workflow.Activities.Ftp.CreateSftpFtpReaderConfigurationActivityTests" name="Invoke_SetOnlyRequiredArguments_DefaultValuesAreCorrect" />
    </UnitTest>
    <UnitTest name="Invoke_RequiredArgumentServerDirectoryMissing_ThrowsArgumentException" storage="f:\etwork\bin\tests\unittests.icore.workflow.activities.ftp.dll" id="248b9440-63e6-96c4-0c19-a321c8b1ffbc">
      <Execution id="984a0eb1-1632-4771-911c-787dd3e28897" />
      <TestMethod codeBase="F:\ETWork\bin\Tests\UnitTests.iCore.Workflow.Activities.Ftp.dll" adapterTypeName="Microsoft.VisualStudio.TestTools.TestTypes.Unit.UnitTestAdapter" className="UnitTests.Workflow.Activities.Ftp.CreateSftpFtpReaderConfigurationActivityTests" name="Invoke_RequiredArgumentServerDirectoryMissing_ThrowsArgumentException" />
    </UnitTest>
    <UnitTest name="Invoke_RequiredArgumentServerDirectoryIsEmpty_ThrowsArgumentException" storage="f:\etwork\bin\tests\unittests.icore.workflow.activities.ftp.dll" id="57d8ab00-e257-ad7c-2055-2b3d5453c93b">
      <Execution id="c1490196-719f-4d8f-b7db-19683a6566d3" />
      <TestMethod codeBase="F:\ETWork\bin\Tests\UnitTests.iCore.Workflow.Activities.Ftp.dll" adapterTypeName="Microsoft.VisualStudio.TestTools.TestTypes.Unit.UnitTestAdapter" className="UnitTests.Workflow.Activities.Ftp.CreateSftpFtpReaderConfigurationActivityTests" name="Invoke_RequiredArgumentServerDirectoryIsEmpty_ThrowsArgumentException" />
    </UnitTest>
    <UnitTest name="Invoke_RequiredArgumentServerDirectoryIsNull_ThrowsArgumentException" storage="f:\etwork\bin\tests\unittests.icore.workflow.activities.ftp.dll" id="ed5c90a7-f29a-9d8d-e968-28bfc43ad3dc">
      <Execution id="60eec002-5622-47a2-8f62-0f9cb5cb4df0" />
      <TestMethod codeBase="F:\ETWork\bin\Tests\UnitTests.iCore.Workflow.Activities.Ftp.dll" adapterTypeName="Microsoft.VisualStudio.TestTools.TestTypes.Unit.UnitTestAdapter" className="UnitTests.Workflow.Activities.Ftp.CreateSftpFtpReaderConfigurationActivityTests" name="Invoke_RequiredArgumentServerDirectoryIsNull_ThrowsArgumentException" />
    </UnitTest>
    <UnitTest name="Invoke_RequiredArgumentScanIntervalMissing_ThrowsArgumentException" storage="f:\etwork\bin\tests\unittests.icore.workflow.activities.ftp.dll" id="f10f7393-9afb-bdc3-e0c9-a23340046aa9">
      <Execution id="2503a960-6034-4710-a89c-ec8d58d9c5bb" />
      <TestMethod codeBase="F:\ETWork\bin\Tests\UnitTests.iCore.Workflow.Activities.Ftp.dll" adapterTypeName="Microsoft.VisualStudio.TestTools.TestTypes.Unit.UnitTestAdapter" className="UnitTests.Workflow.Activities.Ftp.CreateSftpFtpReaderConfigurationActivityTests" name="Invoke_RequiredArgumentScanIntervalMissing_ThrowsArgumentException" />
    </UnitTest>
    <UnitTest name="Invoke_RequiredArgumentSettleTimeMissing_ThrowsArgumentException" storage="f:\etwork\bin\tests\unittests.icore.workflow.activities.ftp.dll" id="69688e71-aa85-c3cf-5897-24d084b1c12b">
      <Execution id="b170c41f-a7f0-4e63-924a-869cfc4d3027" />
      <TestMethod codeBase="F:\ETWork\bin\Tests\UnitTests.iCore.Workflow.Activities.Ftp.dll" adapterTypeName="Microsoft.VisualStudio.TestTools.TestTypes.Unit.UnitTestAdapter" className="UnitTests.Workflow.Activities.Ftp.CreateSftpFtpReaderConfigurationActivityTests" name="Invoke_RequiredArgumentSettleTimeMissing_ThrowsArgumentException" />
    </UnitTest>
    <UnitTest name="Invoke_FilterIsNotAValidRegex_ThrowsArgumentException" storage="f:\etwork\bin\tests\unittests.icore.workflow.activities.ftp.dll" id="60771c8e-b489-fbd7-2146-21aaa7f37e8a">
      <Execution id="6ff45f20-acf6-4ded-8e66-1ebadf42f3c0" />
      <TestMethod codeBase="F:\ETWork\bin\Tests\UnitTests.iCore.Workflow.Activities.Ftp.dll" adapterTypeName="Microsoft.VisualStudio.TestTools.TestTypes.Unit.UnitTestAdapter" className="UnitTests.Workflow.Activities.Ftp.CreateSftpFtpReaderConfigurationActivityTests" name="Invoke_FilterIsNotAValidRegex_ThrowsArgumentException" />
    </UnitTest>
    <UnitTest name="Invoke_AllValidInputArguments_Succeeds" storage="f:\etwork\bin\tests\unittests.icore.workflow.activities.ftp.dll" id="3ec59592-9c8a-e56d-2f6d-1d720f35cc84">
      <Execution id="07803dc1-fd25-4b07-9cdf-66369bc74ac4" />
      <TestMethod codeBase="F:\ETWork\bin\Tests\UnitTests.iCore.Workflow.Activities.Ftp.dll" adapterTypeName="Microsoft.VisualStudio.TestTools.TestTypes.Unit.UnitTestAdapter" className="UnitTests.Workflow.Activities.Ftp.CreateFtpsConnectionConfigurationActivityTests" name="Invoke_AllValidInputArguments_Succeeds" />
    </UnitTest>
    <UnitTest name="Invoke_RequiredValidInputArgumentsWithoutDefaultValues_CorrectDefaultsAreReturned" storage="f:\etwork\bin\tests\unittests.icore.workflow.activities.ftp.dll" id="00adb31e-3187-ace0-bab9-7c9991adee9a">
      <Execution id="454f068e-bccc-41f4-82e5-c4b625f9770e" />
      <TestMethod codeBase="F:\ETWork\bin\Tests\UnitTests.iCore.Workflow.Activities.Ftp.dll" adapterTypeName="Microsoft.VisualStudio.TestTools.TestTypes.Unit.UnitTestAdapter" className="UnitTests.Workflow.Activities.Ftp.CreateFtpsConnectionConfigurationActivityTests" name="Invoke_RequiredValidInputArgumentsWithoutDefaultValues_CorrectDefaultsAreReturned" />
    </UnitTest>
    <UnitTest name="Invoke_RequiredArgumentServerIsMissing_ThrowsArgumentException" storage="f:\etwork\bin\tests\unittests.icore.workflow.activities.ftp.dll" id="aae560f8-3ce9-c6fe-e199-95b7be0a232f">
      <Execution id="4b8d0775-b41f-4507-8f6b-3cc1234bfeeb" />
      <TestMethod codeBase="F:\ETWork\bin\Tests\UnitTests.iCore.Workflow.Activities.Ftp.dll" adapterTypeName="Microsoft.VisualStudio.TestTools.TestTypes.Unit.UnitTestAdapter" className="UnitTests.Workflow.Activities.Ftp.CreateFtpsConnectionConfigurationActivityTests" name="Invoke_RequiredArgumentServerIsMissing_ThrowsArgumentException" />
    </UnitTest>
    <UnitTest name="Invoke_RequiredArgumentUserIsMissing_ThrowsArgumentException" storage="f:\etwork\bin\tests\unittests.icore.workflow.activities.ftp.dll" id="8e3ef701-00f3-62ba-f714-e6c59b9b7c30">
      <Execution id="abfc77d9-1ad5-4d6c-825c-80a17aaa9537" />
      <TestMethod codeBase="F:\ETWork\bin\Tests\UnitTests.iCore.Workflow.Activities.Ftp.dll" adapterTypeName="Microsoft.VisualStudio.TestTools.TestTypes.Unit.UnitTestAdapter" className="UnitTests.Workflow.Activities.Ftp.CreateFtpsConnectionConfigurationActivityTests" name="Invoke_RequiredArgumentUserIsMissing_ThrowsArgumentException" />
    </UnitTest>
    <UnitTest name="Invoke_ArgumentServerIsNull_ThrowsArgumentException" storage="f:\etwork\bin\tests\unittests.icore.workflow.activities.ftp.dll" id="93ee21f3-ee70-54e6-a231-c694e25623cd">
      <Execution id="5d215fc7-e16c-4f83-ab5c-7b6532a3f9f3" />
      <TestMethod codeBase="F:\ETWork\bin\Tests\UnitTests.iCore.Workflow.Activities.Ftp.dll" adapterTypeName="Microsoft.VisualStudio.TestTools.TestTypes.Unit.UnitTestAdapter" className="UnitTests.Workflow.Activities.Ftp.CreateFtpsConnectionConfigurationActivityTests" name="Invoke_ArgumentServerIsNull_ThrowsArgumentException" />
    </UnitTest>
    <UnitTest name="Invoke_ArgumentUserIsNull_ThrowsArgumentException" storage="f:\etwork\bin\tests\unittests.icore.workflow.activities.ftp.dll" id="fdb4204c-982b-4ea1-ebc1-9975e15267a6">
      <Execution id="21a2dd2d-48f5-4e63-8d6a-0ea5958bd042" />
      <TestMethod codeBase="F:\ETWork\bin\Tests\UnitTests.iCore.Workflow.Activities.Ftp.dll" adapterTypeName="Microsoft.VisualStudio.TestTools.TestTypes.Unit.UnitTestAdapter" className="UnitTests.Workflow.Activities.Ftp.CreateFtpsConnectionConfigurationActivityTests" name="Invoke_ArgumentUserIsNull_ThrowsArgumentException" />
    </UnitTest>
    <UnitTest name="Invoke_AllowsNullCertificateValidationConfigurationWhenUseSSLIsFalse_Success" storage="f:\etwork\bin\tests\unittests.icore.workflow.activities.ftp.dll" id="cfd419ad-07b2-dd85-a736-5c75618c3c9f">
      <Execution id="adeaab02-ab38-4bc6-b6c3-253286c88db4" />
      <TestMethod codeBase="F:\ETWork\bin\Tests\UnitTests.iCore.Workflow.Activities.Ftp.dll" adapterTypeName="Microsoft.VisualStudio.TestTools.TestTypes.Unit.UnitTestAdapter" className="UnitTests.Workflow.Activities.Ftp.CreateFtpsConnectionConfigurationActivityTests" name="Invoke_AllowsNullCertificateValidationConfigurationWhenUseSSLIsFalse_Success" />
    </UnitTest>
    <UnitTest name="Invoke_AllowsNullCertificateValidationConfigurationWhenEnableValidationIsFalse_Success" storage="f:\etwork\bin\tests\unittests.icore.workflow.activities.ftp.dll" id="a1d8c0c3-b391-8180-cbbc-2e8908a62cde">
      <Execution id="1946c9b9-f200-42c3-99b7-2b2687916f57" />
      <TestMethod codeBase="F:\ETWork\bin\Tests\UnitTests.iCore.Workflow.Activities.Ftp.dll" adapterTypeName="Microsoft.VisualStudio.TestTools.TestTypes.Unit.UnitTestAdapter" className="UnitTests.Workflow.Activities.Ftp.CreateFtpsConnectionConfigurationActivityTests" name="Invoke_AllowsNullCertificateValidationConfigurationWhenEnableValidationIsFalse_Success" />
    </UnitTest>
    <UnitTest name="Invoke_DoesNotAllowNullCertificateValidationConfigurationWhenEnableValidationAndUseSSLIsTrue_ThrowsArgumentException" storage="f:\etwork\bin\tests\unittests.icore.workflow.activities.ftp.dll" id="536e0f67-a509-bb16-5c7a-b6e63bf09cfa">
      <Execution id="0dfa6f7f-3451-47d1-8cb9-32172b083fc3" />
      <TestMethod codeBase="F:\ETWork\bin\Tests\UnitTests.iCore.Workflow.Activities.Ftp.dll" adapterTypeName="Microsoft.VisualStudio.TestTools.TestTypes.Unit.UnitTestAdapter" className="UnitTests.Workflow.Activities.Ftp.CreateFtpsConnectionConfigurationActivityTests" name="Invoke_DoesNotAllowNullCertificateValidationConfigurationWhenEnableValidationAndUseSSLIsTrue_ThrowsArgumentException" />
    </UnitTest>
    <UnitTest name="Invoke_CertificateValidationConfigurationSetWhenEnableValidationAndUseSSLIsTrue_CertificateValidationConfigurationIsSetInResult" storage="f:\etwork\bin\tests\unittests.icore.workflow.activities.ftp.dll" id="a5d73247-5cbc-c979-0783-392503092b84">
      <Execution id="a2451ff0-568f-461d-b8c9-6d4cfb2927a8" />
      <TestMethod codeBase="F:\ETWork\bin\Tests\UnitTests.iCore.Workflow.Activities.Ftp.dll" adapterTypeName="Microsoft.VisualStudio.TestTools.TestTypes.Unit.UnitTestAdapter" className="UnitTests.Workflow.Activities.Ftp.CreateFtpsConnectionConfigurationActivityTests" name="Invoke_CertificateValidationConfigurationSetWhenEnableValidationAndUseSSLIsTrue_CertificateValidationConfigurationIsSetInResult" />
    </UnitTest>
    <UnitTest name="Invoke_CertificateValidationConfigurationSetWhenEnableValidationIsFalseAndUseSSLIsTrue_CertificateValidationConfigurationIsSetInResult" storage="f:\etwork\bin\tests\unittests.icore.workflow.activities.ftp.dll" id="da8ae0e7-98ae-3789-f008-99e62ba6c6c2">
      <Execution id="6cb183de-a903-4718-a046-363a8933b057" />
      <TestMethod codeBase="F:\ETWork\bin\Tests\UnitTests.iCore.Workflow.Activities.Ftp.dll" adapterTypeName="Microsoft.VisualStudio.TestTools.TestTypes.Unit.UnitTestAdapter" className="UnitTests.Workflow.Activities.Ftp.CreateFtpsConnectionConfigurationActivityTests" name="Invoke_CertificateValidationConfigurationSetWhenEnableValidationIsFalseAndUseSSLIsTrue_CertificateValidationConfigurationIsSetInResult" />
    </UnitTest>
    <UnitTest name="Invoke_CertificateValidationConfigurationSetWhenEnableValidationIsTrueAndUseSSLIsFalse_CertificateValidationConfigurationIsSetInResult" storage="f:\etwork\bin\tests\unittests.icore.workflow.activities.ftp.dll" id="9e922281-2769-8bc2-49de-d329f34a0c3a">
      <Execution id="b812b2bb-734f-4d0d-8151-812572c69e3f" />
      <TestMethod codeBase="F:\ETWork\bin\Tests\UnitTests.iCore.Workflow.Activities.Ftp.dll" adapterTypeName="Microsoft.VisualStudio.TestTools.TestTypes.Unit.UnitTestAdapter" className="UnitTests.Workflow.Activities.Ftp.CreateFtpsConnectionConfigurationActivityTests" name="Invoke_CertificateValidationConfigurationSetWhenEnableValidationIsTrueAndUseSSLIsFalse_CertificateValidationConfigurationIsSetInResult" />
    </UnitTest>
    <UnitTest name="Invoke_CertificateValidationConfigurationSetWhenEnableValidationAndUseSSLIsFalse_CertificateValidationConfigurationIsSetInResult" storage="f:\etwork\bin\tests\unittests.icore.workflow.activities.ftp.dll" id="e2acff4e-a5e4-ca70-c114-4ed3e908c254">
      <Execution id="1f211c3a-b742-4372-b5a2-a452ec94fb99" />
      <TestMethod codeBase="F:\ETWork\bin\Tests\UnitTests.iCore.Workflow.Activities.Ftp.dll" adapterTypeName="Microsoft.VisualStudio.TestTools.TestTypes.Unit.UnitTestAdapter" className="UnitTests.Workflow.Activities.Ftp.CreateFtpsConnectionConfigurationActivityTests" name="Invoke_CertificateValidationConfigurationSetWhenEnableValidationAndUseSSLIsFalse_CertificateValidationConfigurationIsSetInResult" />
    </UnitTest>
    <UnitTest name="Invoke_NormalExecution_Success" storage="f:\etwork\bin\tests\unittests.icore.workflow.activities.ftp.dll" id="21523386-72d2-d54c-f3c7-eca0158e4a3e">
      <Execution id="3ca09fae-4726-4bb0-b2bd-122a0112e025" />
      <TestMethod codeBase="F:\ETWork\bin\Tests\UnitTests.iCore.Workflow.Activities.Ftp.dll" adapterTypeName="Microsoft.VisualStudio.TestTools.TestTypes.Unit.UnitTestAdapter" className="UnitTests.Workflow.Activities.Ftp.DeleteSftpFtpFileActivityTests" name="Invoke_NormalExecution_Success" />
    </UnitTest>
    <UnitTest name="Invoke_NormalExecution_CorrectDefaultErrorArgument" storage="f:\etwork\bin\tests\unittests.icore.workflow.activities.ftp.dll" id="6453eec0-00f4-c7d1-6b34-79eb0a959b2a">
      <Execution id="e939182a-09b8-4c8b-ab59-959fd632d7ee" />
      <TestMethod codeBase="F:\ETWork\bin\Tests\UnitTests.iCore.Workflow.Activities.Ftp.dll" adapterTypeName="Microsoft.VisualStudio.TestTools.TestTypes.Unit.UnitTestAdapter" className="UnitTests.Workflow.Activities.Ftp.DeleteSftpFtpFileActivityTests" name="Invoke_NormalExecution_CorrectDefaultErrorArgument" />
    </UnitTest>
    <UnitTest name="Invoke_ConnectionIsMissing_ThrowsArgumentNullException" storage="f:\etwork\bin\tests\unittests.icore.workflow.activities.ftp.dll" id="704b4e99-7a8b-8c40-ec0b-418cbd021eb3">
      <Execution id="b36d1843-9548-4a4a-acd5-34035d3b52ad" />
      <TestMethod codeBase="F:\ETWork\bin\Tests\UnitTests.iCore.Workflow.Activities.Ftp.dll" adapterTypeName="Microsoft.VisualStudio.TestTools.TestTypes.Unit.UnitTestAdapter" className="UnitTests.Workflow.Activities.Ftp.DeleteSftpFtpFileActivityTests" name="Invoke_ConnectionIsMissing_ThrowsArgumentNullException" />
    </UnitTest>
    <UnitTest name="Invoke_FilenameIsNull_ThrowsArgumentException" storage="f:\etwork\bin\tests\unittests.icore.workflow.activities.ftp.dll" id="163c5ca6-cae8-28b0-49c1-7a8c91627845">
      <Execution id="f2c4fe1e-b8b7-4b93-b5a7-76674c4dd20f" />
      <TestMethod codeBase="F:\ETWork\bin\Tests\UnitTests.iCore.Workflow.Activities.Ftp.dll" adapterTypeName="Microsoft.VisualStudio.TestTools.TestTypes.Unit.UnitTestAdapter" className="UnitTests.Workflow.Activities.Ftp.DeleteSftpFtpFileActivityTests" name="Invoke_FilenameIsNull_ThrowsArgumentException" />
    </UnitTest>
    <UnitTest name="Invoke_FilenameIsEmpty_ThrowsArgumentException" storage="f:\etwork\bin\tests\unittests.icore.workflow.activities.ftp.dll" id="c6848d1e-f51e-7fb2-c8b4-4400a8360f79">
      <Execution id="3968374e-80a6-4eda-bee2-d28adfbd5f30" />
      <TestMethod codeBase="F:\ETWork\bin\Tests\UnitTests.iCore.Workflow.Activities.Ftp.dll" adapterTypeName="Microsoft.VisualStudio.TestTools.TestTypes.Unit.UnitTestAdapter" className="UnitTests.Workflow.Activities.Ftp.DeleteSftpFtpFileActivityTests" name="Invoke_FilenameIsEmpty_ThrowsArgumentException" />
    </UnitTest>
    <UnitTest name="Invoke_ConnectionIsDisposed_ThrowsArgumentException" storage="f:\etwork\bin\tests\unittests.icore.workflow.activities.ftp.dll" id="a6ef473f-6b7c-aa44-a2c4-c61a913cf442">
      <Execution id="e027a1ec-907c-4adc-9248-9478e0bf863d" />
      <TestMethod codeBase="F:\ETWork\bin\Tests\UnitTests.iCore.Workflow.Activities.Ftp.dll" adapterTypeName="Microsoft.VisualStudio.TestTools.TestTypes.Unit.UnitTestAdapter" className="UnitTests.Workflow.Activities.Ftp.DeleteSftpFtpFileActivityTests" name="Invoke_ConnectionIsDisposed_ThrowsArgumentException" />
    </UnitTest>
    <UnitTest name="Invoke_NormalExecution_Success" storage="f:\etwork\bin\tests\unittests.icore.workflow.activities.ftp.dll" id="5b89b1be-de90-79c6-2813-34d02b01c91f">
      <Execution id="b3955ccc-6b91-4208-9442-7bdb4ad61a78" />
      <TestMethod codeBase="F:\ETWork\bin\Tests\UnitTests.iCore.Workflow.Activities.Ftp.dll" adapterTypeName="Microsoft.VisualStudio.TestTools.TestTypes.Unit.UnitTestAdapter" className="UnitTests.Workflow.Activities.Ftp.DownloadSftpFtpFileToStreamActivityTests" name="Invoke_NormalExecution_Success" />
    </UnitTest>
    <UnitTest name="Invoke_DownloadFileFails_Throws" storage="f:\etwork\bin\tests\unittests.icore.workflow.activities.ftp.dll" id="1a31583e-ac44-245d-59be-ffd2ff8efb17">
      <Execution id="5476c659-f0c2-4538-bd95-6e0909d13e16" />
      <TestMethod codeBase="F:\ETWork\bin\Tests\UnitTests.iCore.Workflow.Activities.Ftp.dll" adapterTypeName="Microsoft.VisualStudio.TestTools.TestTypes.Unit.UnitTestAdapter" className="UnitTests.Workflow.Activities.Ftp.DownloadSftpFtpFileToStreamActivityTests" name="Invoke_DownloadFileFails_Throws" />
    </UnitTest>
    <UnitTest name="Invoke_ConnectionIsNull_ThrowsArgumentNullException" storage="f:\etwork\bin\tests\unittests.icore.workflow.activities.ftp.dll" id="bd3b297b-5458-f71c-8990-84c97d15c1b8">
      <Execution id="0bb55c73-ff90-49d2-9415-8c7d92478039" />
      <TestMethod codeBase="F:\ETWork\bin\Tests\UnitTests.iCore.Workflow.Activities.Ftp.dll" adapterTypeName="Microsoft.VisualStudio.TestTools.TestTypes.Unit.UnitTestAdapter" className="UnitTests.Workflow.Activities.Ftp.DownloadSftpFtpFileToStreamActivityTests" name="Invoke_ConnectionIsNull_ThrowsArgumentNullException" />
    </UnitTest>
    <UnitTest name="Invoke_SourceFilenameIsEmpty_ThrowsArgumentNullException" storage="f:\etwork\bin\tests\unittests.icore.workflow.activities.ftp.dll" id="8acebfc8-6cff-ec09-4fd7-0c92620da132">
      <Execution id="2e412d18-1e7a-4e94-a636-900d37ccb1b1" />
      <TestMethod codeBase="F:\ETWork\bin\Tests\UnitTests.iCore.Workflow.Activities.Ftp.dll" adapterTypeName="Microsoft.VisualStudio.TestTools.TestTypes.Unit.UnitTestAdapter" className="UnitTests.Workflow.Activities.Ftp.DownloadSftpFtpFileToStreamActivityTests" name="Invoke_SourceFilenameIsEmpty_ThrowsArgumentNullException" />
    </UnitTest>
    <UnitTest name="Invoke_DestinationStreamIsNull_ThrowsArgumentNullException" storage="f:\etwork\bin\tests\unittests.icore.workflow.activities.ftp.dll" id="f2f98d9d-406c-8d09-b9a9-a6fea9b8c502">
      <Execution id="67ba028d-9195-478a-a5d8-5cc833d02bff" />
      <TestMethod codeBase="F:\ETWork\bin\Tests\UnitTests.iCore.Workflow.Activities.Ftp.dll" adapterTypeName="Microsoft.VisualStudio.TestTools.TestTypes.Unit.UnitTestAdapter" className="UnitTests.Workflow.Activities.Ftp.DownloadSftpFtpFileToStreamActivityTests" name="Invoke_DestinationStreamIsNull_ThrowsArgumentNullException" />
    </UnitTest>
    <UnitTest name="Invoke_ConnectionArgumentIsMissing_ThrowsArgumentException" storage="f:\etwork\bin\tests\unittests.icore.workflow.activities.ftp.dll" id="99889691-1e95-4b48-36bc-4e8669bd03fb">
      <Execution id="9eee5f63-87cc-49ef-a14d-e9b244ce7547" />
      <TestMethod codeBase="F:\ETWork\bin\Tests\UnitTests.iCore.Workflow.Activities.Ftp.dll" adapterTypeName="Microsoft.VisualStudio.TestTools.TestTypes.Unit.UnitTestAdapter" className="UnitTests.Workflow.Activities.Ftp.DownloadSftpFtpFileToStreamActivityTests" name="Invoke_ConnectionArgumentIsMissing_ThrowsArgumentException" />
    </UnitTest>
    <UnitTest name="Invoke_SourceFilenameArgumentIsMissing_ThrowsArgumentException" storage="f:\etwork\bin\tests\unittests.icore.workflow.activities.ftp.dll" id="e181c337-dc4d-158a-0d18-55dd47dfe054">
      <Execution id="a1b7b4dc-2778-42ca-83dd-0e15ce67de8f" />
      <TestMethod codeBase="F:\ETWork\bin\Tests\UnitTests.iCore.Workflow.Activities.Ftp.dll" adapterTypeName="Microsoft.VisualStudio.TestTools.TestTypes.Unit.UnitTestAdapter" className="UnitTests.Workflow.Activities.Ftp.DownloadSftpFtpFileToStreamActivityTests" name="Invoke_SourceFilenameArgumentIsMissing_ThrowsArgumentException" />
    </UnitTest>
    <UnitTest name="Invoke_DestinationStreamArgumentIsMissing_ThrowsArgumentException" storage="f:\etwork\bin\tests\unittests.icore.workflow.activities.ftp.dll" id="4f739940-7588-1629-b024-15f03f93bb7a">
      <Execution id="59766df3-778b-437b-bc9a-e34a9fc76893" />
      <TestMethod codeBase="F:\ETWork\bin\Tests\UnitTests.iCore.Workflow.Activities.Ftp.dll" adapterTypeName="Microsoft.VisualStudio.TestTools.TestTypes.Unit.UnitTestAdapter" className="UnitTests.Workflow.Activities.Ftp.DownloadSftpFtpFileToStreamActivityTests" name="Invoke_DestinationStreamArgumentIsMissing_ThrowsArgumentException" />
    </UnitTest>
    <UnitTest name="Invoke_ConnectionIsDisposed_ThrowsArgumentException" storage="f:\etwork\bin\tests\unittests.icore.workflow.activities.ftp.dll" id="d1b42a42-944c-d007-7b99-49746667448d">
      <Execution id="834a360a-aa8c-4e6e-821b-bfb2b5230b65" />
      <TestMethod codeBase="F:\ETWork\bin\Tests\UnitTests.iCore.Workflow.Activities.Ftp.dll" adapterTypeName="Microsoft.VisualStudio.TestTools.TestTypes.Unit.UnitTestAdapter" className="UnitTests.Workflow.Activities.Ftp.DownloadSftpFtpFileToStreamActivityTests" name="Invoke_ConnectionIsDisposed_ThrowsArgumentException" />
    </UnitTest>
    <UnitTest name="Invoke_DependencyThrowsOutOfMemoryException_ThrowsFatalException" storage="f:\etwork\bin\tests\unittests.icore.workflow.activities.ftp.dll" id="df37b7df-6e65-bc72-4638-b612f6dc61ff">
      <Execution id="0400e912-e16c-4929-a243-8673ca04fce1" />
      <TestMethod codeBase="F:\ETWork\bin\Tests\UnitTests.iCore.Workflow.Activities.Ftp.dll" adapterTypeName="Microsoft.VisualStudio.TestTools.TestTypes.Unit.UnitTestAdapter" className="UnitTests.Workflow.Activities.Ftp.DownloadSftpFtpFileToStreamActivityTests" name="Invoke_DependencyThrowsOutOfMemoryException_ThrowsFatalException" />
    </UnitTest>
    <UnitTest name="Invoke_SubscriptionIdMissing_ThrowArgumentException" storage="f:\etwork\bin\tests\unittests.icore.workflow.activities.ftp.dll" id="e3371b4f-8c95-40a6-428e-3fc1fd9c6caf">
      <Execution id="43ae5d8c-2fd7-4fd4-847b-a05135a992f1" />
      <TestMethod codeBase="F:\ETWork\bin\Tests\UnitTests.iCore.Workflow.Activities.Ftp.dll" adapterTypeName="Microsoft.VisualStudio.TestTools.TestTypes.Unit.UnitTestAdapter" className="UnitTests.Workflow.Activities.Ftp.InternalGetSftpFtpNextFileActivityTests" name="Invoke_SubscriptionIdMissing_ThrowArgumentException" />
    </UnitTest>
    <UnitTest name="Invoke_SubscriptionIdIsEmpty_ThrowsArgumentException" storage="f:\etwork\bin\tests\unittests.icore.workflow.activities.ftp.dll" id="ddeb7ad9-e2f4-f693-5c1e-9943de58dadc">
      <Execution id="9057d0ca-a5a1-4360-ab4c-6b490104657b" />
      <TestMethod codeBase="F:\ETWork\bin\Tests\UnitTests.iCore.Workflow.Activities.Ftp.dll" adapterTypeName="Microsoft.VisualStudio.TestTools.TestTypes.Unit.UnitTestAdapter" className="UnitTests.Workflow.Activities.Ftp.InternalGetSftpFtpNextFileActivityTests" name="Invoke_SubscriptionIdIsEmpty_ThrowsArgumentException" />
    </UnitTest>
    <UnitTest name="Invoke_FileReaderExtensionMissing_ThrowsException" storage="f:\etwork\bin\tests\unittests.icore.workflow.activities.ftp.dll" id="552c407e-c643-77ae-4b8d-2d5384f9fa38">
      <Execution id="9ce9f2aa-aa2c-4937-9364-ea632e539f5b" />
      <TestMethod codeBase="F:\ETWork\bin\Tests\UnitTests.iCore.Workflow.Activities.Ftp.dll" adapterTypeName="Microsoft.VisualStudio.TestTools.TestTypes.Unit.UnitTestAdapter" className="UnitTests.Workflow.Activities.Ftp.InternalGetSftpFtpNextFileActivityTests" name="Invoke_FileReaderExtensionMissing_ThrowsException" />
    </UnitTest>
    <UnitTest name="Invoke_WorkFlowExecuteContextProviderMissing_ThrowsException" storage="f:\etwork\bin\tests\unittests.icore.workflow.activities.ftp.dll" id="9b23bd98-139d-40ff-cab7-3fb2e3d7b941">
      <Execution id="ac2b80c7-d1b6-4e49-bb09-9eb6d0847cd1" />
      <TestMethod codeBase="F:\ETWork\bin\Tests\UnitTests.iCore.Workflow.Activities.Ftp.dll" adapterTypeName="Microsoft.VisualStudio.TestTools.TestTypes.Unit.UnitTestAdapter" className="UnitTests.Workflow.Activities.Ftp.InternalGetSftpFtpNextFileActivityTests" name="Invoke_WorkFlowExecuteContextProviderMissing_ThrowsException" />
    </UnitTest>
    <UnitTest name="Invoke_WorkFlowCancellableSectionTrackerMissing_ThrowsException" storage="f:\etwork\bin\tests\unittests.icore.workflow.activities.ftp.dll" id="3cec1b59-c6f8-d01c-de4f-1c10a7cdee3b">
      <Execution id="98ca3ddc-5010-4a76-8ff3-2fc9f2d8f97e" />
      <TestMethod codeBase="F:\ETWork\bin\Tests\UnitTests.iCore.Workflow.Activities.Ftp.dll" adapterTypeName="Microsoft.VisualStudio.TestTools.TestTypes.Unit.UnitTestAdapter" className="UnitTests.Workflow.Activities.Ftp.InternalGetSftpFtpNextFileActivityTests" name="Invoke_WorkFlowCancellableSectionTrackerMissing_ThrowsException" />
    </UnitTest>
    <UnitTest name="Invoke_AllInArgumentsValid_SubscriptionIsAdded" storage="f:\etwork\bin\tests\unittests.icore.workflow.activities.ftp.dll" id="fd1d471f-73a8-9f74-e4d7-0fe1b3073eb2">
      <Execution id="6bf6216f-153a-4f2d-a6e7-b196c6278769" />
      <TestMethod codeBase="F:\ETWork\bin\Tests\UnitTests.iCore.Workflow.Activities.Ftp.dll" adapterTypeName="Microsoft.VisualStudio.TestTools.TestTypes.Unit.UnitTestAdapter" className="UnitTests.Workflow.Activities.Ftp.InternalGetSftpFtpNextFileActivityTests" name="Invoke_AllInArgumentsValid_SubscriptionIsAdded" />
    </UnitTest>
    <UnitTest name="Invoke_AllArgumentsValid_BookmarkIsCreated" storage="f:\etwork\bin\tests\unittests.icore.workflow.activities.ftp.dll" id="dfc64e51-b5b4-379f-8639-1c282019e29f">
      <Execution id="b74561b8-aca2-4a52-8071-56e0b1b5a302" />
      <TestMethod codeBase="F:\ETWork\bin\Tests\UnitTests.iCore.Workflow.Activities.Ftp.dll" adapterTypeName="Microsoft.VisualStudio.TestTools.TestTypes.Unit.UnitTestAdapter" className="UnitTests.Workflow.Activities.Ftp.InternalGetSftpFtpNextFileActivityTests" name="Invoke_AllArgumentsValid_BookmarkIsCreated" />
    </UnitTest>
    <UnitTest name="Invoke_AllArgumentsValid_BookmarkNameIsGuid" storage="f:\etwork\bin\tests\unittests.icore.workflow.activities.ftp.dll" id="a1ef12d3-f30c-9c23-99c2-a7a2a8b2e03a">
      <Execution id="3f2c383c-1cdc-44e4-936e-3503693cb2d1" />
      <TestMethod codeBase="F:\ETWork\bin\Tests\UnitTests.iCore.Workflow.Activities.Ftp.dll" adapterTypeName="Microsoft.VisualStudio.TestTools.TestTypes.Unit.UnitTestAdapter" className="UnitTests.Workflow.Activities.Ftp.InternalGetSftpFtpNextFileActivityTests" name="Invoke_AllArgumentsValid_BookmarkNameIsGuid" />
    </UnitTest>
    <UnitTest name="Invoke_SubscriptionChanged_UpdateSubscriptionId" storage="f:\etwork\bin\tests\unittests.icore.workflow.activities.ftp.dll" id="dfa77b86-b582-3d13-757e-d64d9f72406e">
      <Execution id="67efc37a-fc36-4b47-92c6-4d614ac0a5fb" />
      <TestMethod codeBase="F:\ETWork\bin\Tests\UnitTests.iCore.Workflow.Activities.Ftp.dll" adapterTypeName="Microsoft.VisualStudio.TestTools.TestTypes.Unit.UnitTestAdapter" className="UnitTests.Workflow.Activities.Ftp.InternalGetSftpFtpNextFileActivityTests" name="Invoke_SubscriptionChanged_UpdateSubscriptionId" />
    </UnitTest>
    <UnitTest name="Invoke_TimeoutElapsedAndNoErrorOnTimeout_ActivityEnds" storage="f:\etwork\bin\tests\unittests.icore.workflow.activities.ftp.dll" id="50119228-2128-12b5-5a50-5d7deffd864b">
      <Execution id="e85b76b1-7e21-4810-82d4-bed554e966c2" />
      <TestMethod codeBase="F:\ETWork\bin\Tests\UnitTests.iCore.Workflow.Activities.Ftp.dll" adapterTypeName="Microsoft.VisualStudio.TestTools.TestTypes.Unit.UnitTestAdapter" className="UnitTests.Workflow.Activities.Ftp.InternalGetSftpFtpNextFileActivityTests" name="Invoke_TimeoutElapsedAndNoErrorOnTimeout_ActivityEnds" />
    </UnitTest>
    <UnitTest name="Invoke_TimeooutElapsedAndShouldErrorOnTimeout_ThrowsException" storage="f:\etwork\bin\tests\unittests.icore.workflow.activities.ftp.dll" id="c1afbd7f-a4ca-7c92-ae50-fd1e30cccdb3">
      <Execution id="99df51ce-e3b0-4364-8eaf-be345e34d291" />
      <TestMethod codeBase="F:\ETWork\bin\Tests\UnitTests.iCore.Workflow.Activities.Ftp.dll" adapterTypeName="Microsoft.VisualStudio.TestTools.TestTypes.Unit.UnitTestAdapter" className="UnitTests.Workflow.Activities.Ftp.InternalGetSftpFtpNextFileActivityTests" name="Invoke_TimeooutElapsedAndShouldErrorOnTimeout_ThrowsException" />
    </UnitTest>
    <UnitTest name="Invoke_ImplicitlyCancellableTrue_EntersCancellableSection" storage="f:\etwork\bin\tests\unittests.icore.workflow.activities.ftp.dll" id="9c716cbe-8683-6ea7-84e9-e00a1baf048d">
      <Execution id="5474faec-bd8a-4a3b-8484-951e77731c6d" />
      <TestMethod codeBase="F:\ETWork\bin\Tests\UnitTests.iCore.Workflow.Activities.Ftp.dll" adapterTypeName="Microsoft.VisualStudio.TestTools.TestTypes.Unit.UnitTestAdapter" className="UnitTests.Workflow.Activities.Ftp.InternalGetSftpFtpNextFileActivityTests" name="Invoke_ImplicitlyCancellableTrue_EntersCancellableSection" />
    </UnitTest>
    <UnitTest name="Invoke_ImplicitlyCancellableFalse_DoesNotEntersCancellableSection" storage="f:\etwork\bin\tests\unittests.icore.workflow.activities.ftp.dll" id="a5a5e611-91e2-2549-0698-d75c81ddf4eb">
      <Execution id="6ddc4b0b-670b-405b-898b-8bbf22f9d24c" />
      <TestMethod codeBase="F:\ETWork\bin\Tests\UnitTests.iCore.Workflow.Activities.Ftp.dll" adapterTypeName="Microsoft.VisualStudio.TestTools.TestTypes.Unit.UnitTestAdapter" className="UnitTests.Workflow.Activities.Ftp.InternalGetSftpFtpNextFileActivityTests" name="Invoke_ImplicitlyCancellableFalse_DoesNotEntersCancellableSection" />
    </UnitTest>
    <UnitTest name="Invoke_ImplicitlyCancellableTrueAndOnNextFile_ExitCancellableSection" storage="f:\etwork\bin\tests\unittests.icore.workflow.activities.ftp.dll" id="db58b18c-8287-cf39-64e4-b4892456f3b0">
      <Execution id="8163c2c5-2902-46ea-93fd-836dfd3ffa35" />
      <TestMethod codeBase="F:\ETWork\bin\Tests\UnitTests.iCore.Workflow.Activities.Ftp.dll" adapterTypeName="Microsoft.VisualStudio.TestTools.TestTypes.Unit.UnitTestAdapter" className="UnitTests.Workflow.Activities.Ftp.InternalGetSftpFtpNextFileActivityTests" name="Invoke_ImplicitlyCancellableTrueAndOnNextFile_ExitCancellableSection" />
    </UnitTest>
    <UnitTest name="Invoke_ImplicitlyCancellableFalseAndOnNextFile_DoesNotExitCancellableSection" storage="f:\etwork\bin\tests\unittests.icore.workflow.activities.ftp.dll" id="9603956f-e642-58a7-3e61-86a6d3ce82e4">
      <Execution id="7e2996db-17a0-43bf-9200-78d5217a8f23" />
      <TestMethod codeBase="F:\ETWork\bin\Tests\UnitTests.iCore.Workflow.Activities.Ftp.dll" adapterTypeName="Microsoft.VisualStudio.TestTools.TestTypes.Unit.UnitTestAdapter" className="UnitTests.Workflow.Activities.Ftp.InternalGetSftpFtpNextFileActivityTests" name="Invoke_ImplicitlyCancellableFalseAndOnNextFile_DoesNotExitCancellableSection" />
    </UnitTest>
    <UnitTest name="Invoke_CancelCalled_SubscriptionCancelled" storage="f:\etwork\bin\tests\unittests.icore.workflow.activities.ftp.dll" id="9036ddbb-b395-2c5c-9234-54964bee3a39">
      <Execution id="d774a1e4-fa2b-4e9b-afa7-2375a2630c00" />
      <TestMethod codeBase="F:\ETWork\bin\Tests\UnitTests.iCore.Workflow.Activities.Ftp.dll" adapterTypeName="Microsoft.VisualStudio.TestTools.TestTypes.Unit.UnitTestAdapter" className="UnitTests.Workflow.Activities.Ftp.InternalGetSftpFtpNextFileActivityTests" name="Invoke_CancelCalled_SubscriptionCancelled" />
    </UnitTest>
    <UnitTest name="Invoke_CancelCalledExceptionThrownOnCancelSubscription_HandlesException" storage="f:\etwork\bin\tests\unittests.icore.workflow.activities.ftp.dll" id="92d22ba7-b922-752b-857b-7b89a3294c89">
      <Execution id="cc24ce50-8066-490f-86a5-11fda10fcf9b" />
      <TestMethod codeBase="F:\ETWork\bin\Tests\UnitTests.iCore.Workflow.Activities.Ftp.dll" adapterTypeName="Microsoft.VisualStudio.TestTools.TestTypes.Unit.UnitTestAdapter" className="UnitTests.Workflow.Activities.Ftp.InternalGetSftpFtpNextFileActivityTests" name="Invoke_CancelCalledExceptionThrownOnCancelSubscription_HandlesException" />
    </UnitTest>
    <UnitTest name="Invoke_AbortCalled_SubscriptionIsCancelled" storage="f:\etwork\bin\tests\unittests.icore.workflow.activities.ftp.dll" id="1bb977ae-1944-a8e5-0196-b4917a306c5a">
      <Execution id="ad709060-05f2-420b-9644-9271b6cc1edd" />
      <TestMethod codeBase="F:\ETWork\bin\Tests\UnitTests.iCore.Workflow.Activities.Ftp.dll" adapterTypeName="Microsoft.VisualStudio.TestTools.TestTypes.Unit.UnitTestAdapter" className="UnitTests.Workflow.Activities.Ftp.InternalGetSftpFtpNextFileActivityTests" name="Invoke_AbortCalled_SubscriptionIsCancelled" />
    </UnitTest>
    <UnitTest name="Invoke_OnlyRequiredArguments_ServerFilePathCanBeRetrieved" storage="f:\etwork\bin\tests\unittests.icore.workflow.activities.ftp.dll" id="dc786e32-ba42-779c-3c53-68ff56721fe2">
      <Execution id="58835d2f-b5e2-4df6-9931-698c072c86d7" />
      <TestMethod codeBase="F:\ETWork\bin\Tests\UnitTests.iCore.Workflow.Activities.Ftp.dll" adapterTypeName="Microsoft.VisualStudio.TestTools.TestTypes.Unit.UnitTestAdapter" className="UnitTests.Workflow.Activities.Ftp.InternalGetSftpFtpNextFileActivityTests" name="Invoke_OnlyRequiredArguments_ServerFilePathCanBeRetrieved" />
    </UnitTest>
    <UnitTest name="Invoke_FileFound_FileNameIsRetrivedFromFileInfoBase" storage="f:\etwork\bin\tests\unittests.icore.workflow.activities.ftp.dll" id="db93fd24-1033-8179-59eb-901b7f7dcb55">
      <Execution id="2b1d4d35-7e04-43df-9c96-a9b4d9d1d94e" />
      <TestMethod codeBase="F:\ETWork\bin\Tests\UnitTests.iCore.Workflow.Activities.Ftp.dll" adapterTypeName="Microsoft.VisualStudio.TestTools.TestTypes.Unit.UnitTestAdapter" className="UnitTests.Workflow.Activities.Ftp.InternalGetSftpFtpNextFileActivityTests" name="Invoke_FileFound_FileNameIsRetrivedFromFileInfoBase" />
    </UnitTest>
    <UnitTest name="Invoke_AllArgumentsSet_ServerFilePathCanBeRetrieved" storage="f:\etwork\bin\tests\unittests.icore.workflow.activities.ftp.dll" id="570d241b-40e5-d62c-5156-bba53f77dfb9">
      <Execution id="c963540f-db9f-4e7c-baee-2b054181ef7d" />
      <TestMethod codeBase="F:\ETWork\bin\Tests\UnitTests.iCore.Workflow.Activities.Ftp.dll" adapterTypeName="Microsoft.VisualStudio.TestTools.TestTypes.Unit.UnitTestAdapter" className="UnitTests.Workflow.Activities.Ftp.InternalGetSftpFtpNextFileActivityTests" name="Invoke_AllArgumentsSet_ServerFilePathCanBeRetrieved" />
    </UnitTest>
    <UnitTest name="Invoke_ArgumentValidBookmarkResumeButDoesNotReturnExpectedEventArgs_ThrowArgumentException" storage="f:\etwork\bin\tests\unittests.icore.workflow.activities.ftp.dll" id="add9b006-1c03-4947-07c3-7463559c6b39">
      <Execution id="9ef8e255-64bc-4e99-95e8-f4fe612bb88b" />
      <TestMethod codeBase="F:\ETWork\bin\Tests\UnitTests.iCore.Workflow.Activities.Ftp.dll" adapterTypeName="Microsoft.VisualStudio.TestTools.TestTypes.Unit.UnitTestAdapter" className="UnitTests.Workflow.Activities.Ftp.InternalGetSftpFtpNextFileActivityTests" name="Invoke_ArgumentValidBookmarkResumeButDoesNotReturnExpectedEventArgs_ThrowArgumentException" />
    </UnitTest>
    <UnitTest name="Invoke_ArgumentsValidEventArgsHasErrors_ThrowsException" storage="f:\etwork\bin\tests\unittests.icore.workflow.activities.ftp.dll" id="f72fd43a-f735-90fd-396b-486a1e98f7f0">
      <Execution id="805260b0-63d9-4070-847d-0401c38d1037" />
      <TestMethod codeBase="F:\ETWork\bin\Tests\UnitTests.iCore.Workflow.Activities.Ftp.dll" adapterTypeName="Microsoft.VisualStudio.TestTools.TestTypes.Unit.UnitTestAdapter" className="UnitTests.Workflow.Activities.Ftp.InternalGetSftpFtpNextFileActivityTests" name="Invoke_ArgumentsValidEventArgsHasErrors_ThrowsException" />
    </UnitTest>
    <UnitTest name="Invoke_NormalExecution_Success" storage="f:\etwork\bin\tests\unittests.icore.workflow.activities.ftp.dll" id="748a9ad4-eb18-aea4-f052-32e20f4294b0">
      <Execution id="e893235d-99ef-4c7b-88ba-771ce9e77c8b" />
      <TestMethod codeBase="F:\ETWork\bin\Tests\UnitTests.iCore.Workflow.Activities.Ftp.dll" adapterTypeName="Microsoft.VisualStudio.TestTools.TestTypes.Unit.UnitTestAdapter" className="UnitTests.Workflow.Activities.Ftp.ListSftpFtpDirectoryActivityTests" name="Invoke_NormalExecution_Success" />
    </UnitTest>
    <UnitTest name="Invoke_FilterIsNull_Success" storage="f:\etwork\bin\tests\unittests.icore.workflow.activities.ftp.dll" id="b857ec75-1b42-4f62-360e-1de8d341c9df">
      <Execution id="14eb0247-1e32-4cdc-a7d7-cc841f3b30e5" />
      <TestMethod codeBase="F:\ETWork\bin\Tests\UnitTests.iCore.Workflow.Activities.Ftp.dll" adapterTypeName="Microsoft.VisualStudio.TestTools.TestTypes.Unit.UnitTestAdapter" className="UnitTests.Workflow.Activities.Ftp.ListSftpFtpDirectoryActivityTests" name="Invoke_FilterIsNull_Success" />
    </UnitTest>
    <UnitTest name="Invoke_ConnectionIsNull_ThrowsArgumentException" storage="f:\etwork\bin\tests\unittests.icore.workflow.activities.ftp.dll" id="d00e235f-a759-21de-9323-756cf8327dbb">
      <Execution id="bd695619-2d23-4d3d-aaa3-501fbcbf2d67" />
      <TestMethod codeBase="F:\ETWork\bin\Tests\UnitTests.iCore.Workflow.Activities.Ftp.dll" adapterTypeName="Microsoft.VisualStudio.TestTools.TestTypes.Unit.UnitTestAdapter" className="UnitTests.Workflow.Activities.Ftp.ListSftpFtpDirectoryActivityTests" name="Invoke_ConnectionIsNull_ThrowsArgumentException" />
    </UnitTest>
    <UnitTest name="Invoke_ConnectionIsMissing_ThrowsArgumentException" storage="f:\etwork\bin\tests\unittests.icore.workflow.activities.ftp.dll" id="a57b98f2-96f5-622f-0936-e4428fc8b2ba">
      <Execution id="69ac6621-6d1c-42cb-9e87-4ade77b6f886" />
      <TestMethod codeBase="F:\ETWork\bin\Tests\UnitTests.iCore.Workflow.Activities.Ftp.dll" adapterTypeName="Microsoft.VisualStudio.TestTools.TestTypes.Unit.UnitTestAdapter" className="UnitTests.Workflow.Activities.Ftp.ListSftpFtpDirectoryActivityTests" name="Invoke_ConnectionIsMissing_ThrowsArgumentException" />
    </UnitTest>
    <UnitTest name="Invoke_DirectoryIsNull_ThrowsArgumentException" storage="f:\etwork\bin\tests\unittests.icore.workflow.activities.ftp.dll" id="2af45f51-9c46-e5f7-30a6-598410a9c761">
      <Execution id="8042032a-833a-466c-849d-c1ec69797fa5" />
      <TestMethod codeBase="F:\ETWork\bin\Tests\UnitTests.iCore.Workflow.Activities.Ftp.dll" adapterTypeName="Microsoft.VisualStudio.TestTools.TestTypes.Unit.UnitTestAdapter" className="UnitTests.Workflow.Activities.Ftp.ListSftpFtpDirectoryActivityTests" name="Invoke_DirectoryIsNull_ThrowsArgumentException" />
    </UnitTest>
    <UnitTest name="Invoke_DirectoryIsEmpty_ThrowsArgumentException" storage="f:\etwork\bin\tests\unittests.icore.workflow.activities.ftp.dll" id="26a483f8-7117-e06a-6422-e1a27ca3e7ed">
      <Execution id="8ae42cbe-1259-4843-8413-25b3190a00b3" />
      <TestMethod codeBase="F:\ETWork\bin\Tests\UnitTests.iCore.Workflow.Activities.Ftp.dll" adapterTypeName="Microsoft.VisualStudio.TestTools.TestTypes.Unit.UnitTestAdapter" className="UnitTests.Workflow.Activities.Ftp.ListSftpFtpDirectoryActivityTests" name="Invoke_DirectoryIsEmpty_ThrowsArgumentException" />
    </UnitTest>
    <UnitTest name="Invoke_ConnectionIsDisposed_ThrowsArgumentException" storage="f:\etwork\bin\tests\unittests.icore.workflow.activities.ftp.dll" id="470dbbee-594b-2d46-cd86-ed08cc780669">
      <Execution id="6e0dd347-0fe3-4fd0-ad8d-bf72081ed65e" />
      <TestMethod codeBase="F:\ETWork\bin\Tests\UnitTests.iCore.Workflow.Activities.Ftp.dll" adapterTypeName="Microsoft.VisualStudio.TestTools.TestTypes.Unit.UnitTestAdapter" className="UnitTests.Workflow.Activities.Ftp.ListSftpFtpDirectoryActivityTests" name="Invoke_ConnectionIsDisposed_ThrowsArgumentException" />
    </UnitTest>
    <UnitTest name="Invoke_NormalExecution_Success" storage="f:\etwork\bin\tests\unittests.icore.workflow.activities.ftp.dll" id="e4914436-808d-071f-eafe-fa45b5dba2b9">
      <Execution id="4b10f91f-78f8-4f3f-8ddd-4a4fadcd18ae" />
      <TestMethod codeBase="F:\ETWork\bin\Tests\UnitTests.iCore.Workflow.Activities.Ftp.dll" adapterTypeName="Microsoft.VisualStudio.TestTools.TestTypes.Unit.UnitTestAdapter" className="UnitTests.Workflow.Activities.Ftp.OpenSftpFtpConnectionActivityTests" name="Invoke_NormalExecution_Success" />
    </UnitTest>
    <UnitTest name="Invoke_NormalExecution_CorrectReturnValue" storage="f:\etwork\bin\tests\unittests.icore.workflow.activities.ftp.dll" id="a369b24e-4f95-11e9-9d84-35835d7dd990">
      <Execution id="4c471e92-7ba8-4dc0-a097-9f2e7dfc295b" />
      <TestMethod codeBase="F:\ETWork\bin\Tests\UnitTests.iCore.Workflow.Activities.Ftp.dll" adapterTypeName="Microsoft.VisualStudio.TestTools.TestTypes.Unit.UnitTestAdapter" className="UnitTests.Workflow.Activities.Ftp.OpenSftpFtpConnectionActivityTests" name="Invoke_NormalExecution_CorrectReturnValue" />
    </UnitTest>
    <UnitTest name="Invoke_ConnectionPropertiesIsNull_Success" storage="f:\etwork\bin\tests\unittests.icore.workflow.activities.ftp.dll" id="bdc8ed1c-5127-50b1-b0f2-ee5f9ad3b1d1">
      <Execution id="30fc8ac5-84eb-4b36-98b9-e56735e70931" />
      <TestMethod codeBase="F:\ETWork\bin\Tests\UnitTests.iCore.Workflow.Activities.Ftp.dll" adapterTypeName="Microsoft.VisualStudio.TestTools.TestTypes.Unit.UnitTestAdapter" className="UnitTests.Workflow.Activities.Ftp.OpenSftpFtpConnectionActivityTests" name="Invoke_ConnectionPropertiesIsNull_Success" />
    </UnitTest>
    <UnitTest name="Invoke_RequiredInArgumentIsMissing_UnhandledArgumentException" storage="f:\etwork\bin\tests\unittests.icore.workflow.activities.ftp.dll" id="9d2004d7-474c-0acd-876f-2c0eb5059b92">
      <Execution id="ae98ba0f-4212-418f-b1ad-46a034684fca" />
      <TestMethod codeBase="F:\ETWork\bin\Tests\UnitTests.iCore.Workflow.Activities.Ftp.dll" adapterTypeName="Microsoft.VisualStudio.TestTools.TestTypes.Unit.UnitTestAdapter" className="UnitTests.Workflow.Activities.Ftp.OpenSftpFtpConnectionActivityTests" name="Invoke_RequiredInArgumentIsMissing_UnhandledArgumentException" />
    </UnitTest>
    <UnitTest name="Invoke_NormalExecution_Success" storage="f:\etwork\bin\tests\unittests.icore.workflow.activities.ftp.dll" id="1e802eae-30bc-7a54-f160-1d883af08454">
      <Execution id="12a4e903-088d-46b6-8f00-fdd90c5c6b62" />
      <TestMethod codeBase="F:\ETWork\bin\Tests\UnitTests.iCore.Workflow.Activities.Ftp.dll" adapterTypeName="Microsoft.VisualStudio.TestTools.TestTypes.Unit.UnitTestAdapter" className="UnitTests.Workflow.Activities.Ftp.RenameSftpFtpFileActivityTests" name="Invoke_NormalExecution_Success" />
    </UnitTest>
    <UnitTest name="Invoke_ConnectionIsMissing_ThrowsArgumentNullException" storage="f:\etwork\bin\tests\unittests.icore.workflow.activities.ftp.dll" id="84000c10-976e-5076-dc60-3f8fd5040349">
      <Execution id="50163c7d-8351-4581-8b04-fc5dcc9b7a0a" />
      <TestMethod codeBase="F:\ETWork\bin\Tests\UnitTests.iCore.Workflow.Activities.Ftp.dll" adapterTypeName="Microsoft.VisualStudio.TestTools.TestTypes.Unit.UnitTestAdapter" className="UnitTests.Workflow.Activities.Ftp.RenameSftpFtpFileActivityTests" name="Invoke_ConnectionIsMissing_ThrowsArgumentNullException" />
    </UnitTest>
    <UnitTest name="Invoke_FromFilenameIsNull_ThrowsArgumentException" storage="f:\etwork\bin\tests\unittests.icore.workflow.activities.ftp.dll" id="8180ca74-4eb1-5361-b112-4540d8457bdb">
      <Execution id="7b99e0bd-c158-47e2-a102-a0b989c97d9e" />
      <TestMethod codeBase="F:\ETWork\bin\Tests\UnitTests.iCore.Workflow.Activities.Ftp.dll" adapterTypeName="Microsoft.VisualStudio.TestTools.TestTypes.Unit.UnitTestAdapter" className="UnitTests.Workflow.Activities.Ftp.RenameSftpFtpFileActivityTests" name="Invoke_FromFilenameIsNull_ThrowsArgumentException" />
    </UnitTest>
    <UnitTest name="Invoke_ToFilenameIsNull_ThrowsArgumentException" storage="f:\etwork\bin\tests\unittests.icore.workflow.activities.ftp.dll" id="ad6cb86a-51da-5976-82ea-f850d3b53962">
      <Execution id="a2a5e431-1701-4ffd-9269-ba7bfa739678" />
      <TestMethod codeBase="F:\ETWork\bin\Tests\UnitTests.iCore.Workflow.Activities.Ftp.dll" adapterTypeName="Microsoft.VisualStudio.TestTools.TestTypes.Unit.UnitTestAdapter" className="UnitTests.Workflow.Activities.Ftp.RenameSftpFtpFileActivityTests" name="Invoke_ToFilenameIsNull_ThrowsArgumentException" />
    </UnitTest>
    <UnitTest name="Invoke_FromFilenameIsEmpty_ThrowsArgumentException" storage="f:\etwork\bin\tests\unittests.icore.workflow.activities.ftp.dll" id="5a244ef1-64d6-43a5-c48b-5be2d1776465">
      <Execution id="bcc82271-343f-4144-96b9-1b43aa0794d3" />
      <TestMethod codeBase="F:\ETWork\bin\Tests\UnitTests.iCore.Workflow.Activities.Ftp.dll" adapterTypeName="Microsoft.VisualStudio.TestTools.TestTypes.Unit.UnitTestAdapter" className="UnitTests.Workflow.Activities.Ftp.RenameSftpFtpFileActivityTests" name="Invoke_FromFilenameIsEmpty_ThrowsArgumentException" />
    </UnitTest>
    <UnitTest name="Invoke_ToFilenameIsEmpty_ThrowsArgumentException" storage="f:\etwork\bin\tests\unittests.icore.workflow.activities.ftp.dll" id="e1d8b656-c933-ebbd-9f87-11413d471a19">
      <Execution id="3d5aacda-f634-4f60-9603-c68097d149b1" />
      <TestMethod codeBase="F:\ETWork\bin\Tests\UnitTests.iCore.Workflow.Activities.Ftp.dll" adapterTypeName="Microsoft.VisualStudio.TestTools.TestTypes.Unit.UnitTestAdapter" className="UnitTests.Workflow.Activities.Ftp.RenameSftpFtpFileActivityTests" name="Invoke_ToFilenameIsEmpty_ThrowsArgumentException" />
    </UnitTest>
    <UnitTest name="Invoke_ConnectionIsDisposed_ThrowsArgumentException" storage="f:\etwork\bin\tests\unittests.icore.workflow.activities.ftp.dll" id="1d3a366c-a7d2-c8ca-025d-df9cf9ccc61d">
      <Execution id="b0b049d4-791a-4bb5-9bff-d867684c0564" />
      <TestMethod codeBase="F:\ETWork\bin\Tests\UnitTests.iCore.Workflow.Activities.Ftp.dll" adapterTypeName="Microsoft.VisualStudio.TestTools.TestTypes.Unit.UnitTestAdapter" className="UnitTests.Workflow.Activities.Ftp.RenameSftpFtpFileActivityTests" name="Invoke_ConnectionIsDisposed_ThrowsArgumentException" />
    </UnitTest>
    <UnitTest name="Invoke_NormalExecution_Success" storage="f:\etwork\bin\tests\unittests.icore.workflow.activities.ftp.dll" id="43c18d21-0da0-2e71-465c-23a8e21ea7d5">
      <Execution id="226ca9ac-4f1b-4a3f-852b-85602f7e59a9" />
      <TestMethod codeBase="F:\ETWork\bin\Tests\UnitTests.iCore.Workflow.Activities.Ftp.dll" adapterTypeName="Microsoft.VisualStudio.TestTools.TestTypes.Unit.UnitTestAdapter" className="UnitTests.Workflow.Activities.Ftp.GetCurrentSftpFtpDirectoryActivityTests" name="Invoke_NormalExecution_Success" />
    </UnitTest>
    <UnitTest name="Invoke_ConnectionIsNull_Success" storage="f:\etwork\bin\tests\unittests.icore.workflow.activities.ftp.dll" id="606a9702-503b-0664-24fa-2b35c71cdac4">
      <Execution id="968469bc-e3ee-4de2-9a0c-03899b6db4a9" />
      <TestMethod codeBase="F:\ETWork\bin\Tests\UnitTests.iCore.Workflow.Activities.Ftp.dll" adapterTypeName="Microsoft.VisualStudio.TestTools.TestTypes.Unit.UnitTestAdapter" className="UnitTests.Workflow.Activities.Ftp.GetCurrentSftpFtpDirectoryActivityTests" name="Invoke_ConnectionIsNull_Success" />
    </UnitTest>
    <UnitTest name="Invoke_RequiredInArgumentIsMissing_UnhandledArgumentException" storage="f:\etwork\bin\tests\unittests.icore.workflow.activities.ftp.dll" id="16116340-8c0d-125f-185a-9db532f4d35c">
      <Execution id="b3a2b13a-ede5-467f-8ab1-c44cbe972ee3" />
      <TestMethod codeBase="F:\ETWork\bin\Tests\UnitTests.iCore.Workflow.Activities.Ftp.dll" adapterTypeName="Microsoft.VisualStudio.TestTools.TestTypes.Unit.UnitTestAdapter" className="UnitTests.Workflow.Activities.Ftp.GetCurrentSftpFtpDirectoryActivityTests" name="Invoke_RequiredInArgumentIsMissing_UnhandledArgumentException" />
    </UnitTest>
    <UnitTest name="Invoke_ConnectionIsDisposed_ThrowsArgumentException" storage="f:\etwork\bin\tests\unittests.icore.workflow.activities.ftp.dll" id="c34c8ccd-ea25-c1ee-dc17-5c61436bf29e">
      <Execution id="3c94103d-a1b0-42f2-90a9-2595322319bc" />
      <TestMethod codeBase="F:\ETWork\bin\Tests\UnitTests.iCore.Workflow.Activities.Ftp.dll" adapterTypeName="Microsoft.VisualStudio.TestTools.TestTypes.Unit.UnitTestAdapter" className="UnitTests.Workflow.Activities.Ftp.GetCurrentSftpFtpDirectoryActivityTests" name="Invoke_ConnectionIsDisposed_ThrowsArgumentException" />
    </UnitTest>
    <UnitTest name="Invoke_NormalExecution_Success" storage="f:\etwork\bin\tests\unittests.icore.workflow.activities.ftp.dll" id="0a449015-3822-66b2-b955-f2d2b53074d3">
      <Execution id="3aa56073-0ab8-4b82-b4a1-857194be6252" />
      <TestMethod codeBase="F:\ETWork\bin\Tests\UnitTests.iCore.Workflow.Activities.Ftp.dll" adapterTypeName="Microsoft.VisualStudio.TestTools.TestTypes.Unit.UnitTestAdapter" className="UnitTests.Workflow.Activities.Ftp.SetCurrentSftpFtpDirectoryActivityTests" name="Invoke_NormalExecution_Success" />
    </UnitTest>
    <UnitTest name="Invoke_ConnectionIsNull_Success" storage="f:\etwork\bin\tests\unittests.icore.workflow.activities.ftp.dll" id="e5417925-24a9-24a7-aeaa-cdda1db7a059">
      <Execution id="dac6ba4f-9c20-4ee0-9eee-b169fed589b4" />
      <TestMethod codeBase="F:\ETWork\bin\Tests\UnitTests.iCore.Workflow.Activities.Ftp.dll" adapterTypeName="Microsoft.VisualStudio.TestTools.TestTypes.Unit.UnitTestAdapter" className="UnitTests.Workflow.Activities.Ftp.SetCurrentSftpFtpDirectoryActivityTests" name="Invoke_ConnectionIsNull_Success" />
    </UnitTest>
    <UnitTest name="Invoke_DirectoryIsNull_Success" storage="f:\etwork\bin\tests\unittests.icore.workflow.activities.ftp.dll" id="553f2e61-eefd-3bde-341c-c0760344c45c">
      <Execution id="1f0d674d-f813-4931-ba80-84d66bc888ef" />
      <TestMethod codeBase="F:\ETWork\bin\Tests\UnitTests.iCore.Workflow.Activities.Ftp.dll" adapterTypeName="Microsoft.VisualStudio.TestTools.TestTypes.Unit.UnitTestAdapter" className="UnitTests.Workflow.Activities.Ftp.SetCurrentSftpFtpDirectoryActivityTests" name="Invoke_DirectoryIsNull_Success" />
    </UnitTest>
    <UnitTest name="Invoke_RequiredInArgumentConnectionIsMissing_UnhandledArgumentException" storage="f:\etwork\bin\tests\unittests.icore.workflow.activities.ftp.dll" id="19db6bc5-3e2a-3ff2-9791-b534744b9b6a">
      <Execution id="02630500-bbd8-4e14-9325-1f3cf09a7431" />
      <TestMethod codeBase="F:\ETWork\bin\Tests\UnitTests.iCore.Workflow.Activities.Ftp.dll" adapterTypeName="Microsoft.VisualStudio.TestTools.TestTypes.Unit.UnitTestAdapter" className="UnitTests.Workflow.Activities.Ftp.SetCurrentSftpFtpDirectoryActivityTests" name="Invoke_RequiredInArgumentConnectionIsMissing_UnhandledArgumentException" />
    </UnitTest>
    <UnitTest name="Invoke_RequiredInArgumentDirectoryIsMissing_UnhandledArgumentException" storage="f:\etwork\bin\tests\unittests.icore.workflow.activities.ftp.dll" id="bf994b6a-e01e-9a04-619c-59d6b7eb666f">
      <Execution id="3a0090f3-02c2-48db-a264-8e866d53c2bc" />
      <TestMethod codeBase="F:\ETWork\bin\Tests\UnitTests.iCore.Workflow.Activities.Ftp.dll" adapterTypeName="Microsoft.VisualStudio.TestTools.TestTypes.Unit.UnitTestAdapter" className="UnitTests.Workflow.Activities.Ftp.SetCurrentSftpFtpDirectoryActivityTests" name="Invoke_RequiredInArgumentDirectoryIsMissing_UnhandledArgumentException" />
    </UnitTest>
    <UnitTest name="Invoke_ConnectionIsDisposed_ThrowsArgumentException" storage="f:\etwork\bin\tests\unittests.icore.workflow.activities.ftp.dll" id="c0f88a97-a45b-e705-0a3a-8ece9beffcb5">
      <Execution id="b61b1ed2-9158-406d-a926-6729e80414e0" />
      <TestMethod codeBase="F:\ETWork\bin\Tests\UnitTests.iCore.Workflow.Activities.Ftp.dll" adapterTypeName="Microsoft.VisualStudio.TestTools.TestTypes.Unit.UnitTestAdapter" className="UnitTests.Workflow.Activities.Ftp.SetCurrentSftpFtpDirectoryActivityTests" name="Invoke_ConnectionIsDisposed_ThrowsArgumentException" />
    </UnitTest>
    <UnitTest name="Invoke_NonDefaultRequiredIsSet_ValidConfigurationIsReturned" storage="f:\etwork\bin\tests\unittests.icore.workflow.activities.ftp.dll" id="6ace0c52-0900-fef8-6705-a44827ece201">
      <Execution id="16eb6dd8-f083-4fb9-9422-041d60dfc12b" />
      <TestMethod codeBase="F:\ETWork\bin\Tests\UnitTests.iCore.Workflow.Activities.Ftp.dll" adapterTypeName="Microsoft.VisualStudio.TestTools.TestTypes.Unit.UnitTestAdapter" className="UnitTests.Workflow.Activities.Ftp.CreateSftpConnectionConfigurationActivityTests" name="Invoke_NonDefaultRequiredIsSet_ValidConfigurationIsReturned" />
    </UnitTest>
    <UnitTest name="Invoke_AllInputArgumentsHasValues_Succeeds" storage="f:\etwork\bin\tests\unittests.icore.workflow.activities.ftp.dll" id="b7de8a07-3538-ac1b-9583-0ee93ee57ccd">
      <Execution id="97499a20-a4a7-4881-8bd2-02ebc96a1f77" />
      <TestMethod codeBase="F:\ETWork\bin\Tests\UnitTests.iCore.Workflow.Activities.Ftp.dll" adapterTypeName="Microsoft.VisualStudio.TestTools.TestTypes.Unit.UnitTestAdapter" className="UnitTests.Workflow.Activities.Ftp.CreateSftpConnectionConfigurationActivityTests" name="Invoke_AllInputArgumentsHasValues_Succeeds" />
    </UnitTest>
    <UnitTest name="Invoke_UseSocksIsTrue_ValueIsSet" storage="f:\etwork\bin\tests\unittests.icore.workflow.activities.ftp.dll" id="8e8b2871-eb10-732e-6a30-b0191886e532">
      <Execution id="45609762-9524-4c1b-9a2b-797f41fe23a4" />
      <TestMethod codeBase="F:\ETWork\bin\Tests\UnitTests.iCore.Workflow.Activities.Ftp.dll" adapterTypeName="Microsoft.VisualStudio.TestTools.TestTypes.Unit.UnitTestAdapter" className="UnitTests.Workflow.Activities.Ftp.CreateSftpConnectionConfigurationActivityTests" name="Invoke_UseSocksIsTrue_ValueIsSet" />
    </UnitTest>
    <UnitTest name="Invoke_UseHttpProxyIsTrue_ValueIsSet" storage="f:\etwork\bin\tests\unittests.icore.workflow.activities.ftp.dll" id="08aedb78-f5b8-64a1-bfd6-ac14df6ad8d8">
      <Execution id="62b48727-b14a-495e-82d5-ad66236a851e" />
      <TestMethod codeBase="F:\ETWork\bin\Tests\UnitTests.iCore.Workflow.Activities.Ftp.dll" adapterTypeName="Microsoft.VisualStudio.TestTools.TestTypes.Unit.UnitTestAdapter" className="UnitTests.Workflow.Activities.Ftp.CreateSftpConnectionConfigurationActivityTests" name="Invoke_UseHttpProxyIsTrue_ValueIsSet" />
    </UnitTest>
    <UnitTest name="Invoke_CustomPipelineLengthSet_ValueIsSet" storage="f:\etwork\bin\tests\unittests.icore.workflow.activities.ftp.dll" id="684a66b3-1ebc-e95e-d228-efb736434dd8">
      <Execution id="1d915f6b-f89c-43ad-80d6-4076a0ab7df0" />
      <TestMethod codeBase="F:\ETWork\bin\Tests\UnitTests.iCore.Workflow.Activities.Ftp.dll" adapterTypeName="Microsoft.VisualStudio.TestTools.TestTypes.Unit.UnitTestAdapter" className="UnitTests.Workflow.Activities.Ftp.CreateSftpConnectionConfigurationActivityTests" name="Invoke_CustomPipelineLengthSet_ValueIsSet" />
    </UnitTest>
    <UnitTest name="Invoke_ServerIsNull_ThrowsException" storage="f:\etwork\bin\tests\unittests.icore.workflow.activities.ftp.dll" id="9f5150ae-14a7-de8a-8911-12666a5d80de">
      <Execution id="b3a32251-139f-45a3-94af-5b1f5bc6d754" />
      <TestMethod codeBase="F:\ETWork\bin\Tests\UnitTests.iCore.Workflow.Activities.Ftp.dll" adapterTypeName="Microsoft.VisualStudio.TestTools.TestTypes.Unit.UnitTestAdapter" className="UnitTests.Workflow.Activities.Ftp.CreateSftpConnectionConfigurationActivityTests" name="Invoke_ServerIsNull_ThrowsException" />
    </UnitTest>
    <UnitTest name="Invoke_UsernameIsNull_ThrowsException" storage="f:\etwork\bin\tests\unittests.icore.workflow.activities.ftp.dll" id="c1aefe79-786b-f8d3-f6ea-9baf42ea7e61">
      <Execution id="f25ee61d-4501-493f-955f-e5a350f30e2f" />
      <TestMethod codeBase="F:\ETWork\bin\Tests\UnitTests.iCore.Workflow.Activities.Ftp.dll" adapterTypeName="Microsoft.VisualStudio.TestTools.TestTypes.Unit.UnitTestAdapter" className="UnitTests.Workflow.Activities.Ftp.CreateSftpConnectionConfigurationActivityTests" name="Invoke_UsernameIsNull_ThrowsException" />
    </UnitTest>
    <UnitTest name="Invoke_UserIsMissing_ThrowsArgumentException" storage="f:\etwork\bin\tests\unittests.icore.workflow.activities.ftp.dll" id="bc474c04-afe0-2c50-12c4-f070bc3527f6">
      <Execution id="af82832a-96b5-4f1e-ac28-68f52a8ee380" />
      <TestMethod codeBase="F:\ETWork\bin\Tests\UnitTests.iCore.Workflow.Activities.Ftp.dll" adapterTypeName="Microsoft.VisualStudio.TestTools.TestTypes.Unit.UnitTestAdapter" className="UnitTests.Workflow.Activities.Ftp.CreateSftpConnectionConfigurationActivityTests" name="Invoke_UserIsMissing_ThrowsArgumentException" />
    </UnitTest>
    <UnitTest name="Invoke_ServerIsMissing_ThrowsArgumentException" storage="f:\etwork\bin\tests\unittests.icore.workflow.activities.ftp.dll" id="9267db19-436a-b934-10f0-bf2650255358">
      <Execution id="6a2fcbf8-cb09-4e34-a578-bd038c5df71a" />
      <TestMethod codeBase="F:\ETWork\bin\Tests\UnitTests.iCore.Workflow.Activities.Ftp.dll" adapterTypeName="Microsoft.VisualStudio.TestTools.TestTypes.Unit.UnitTestAdapter" className="UnitTests.Workflow.Activities.Ftp.CreateSftpConnectionConfigurationActivityTests" name="Invoke_ServerIsMissing_ThrowsArgumentException" />
    </UnitTest>
    <UnitTest name="Invoke_HttpProxyIsEnabledAndHttpProxyServerIsNull_ThrowsException" storage="f:\etwork\bin\tests\unittests.icore.workflow.activities.ftp.dll" id="9c7e88c4-d862-d6cd-8ceb-fedd152b16c3">
      <Execution id="af3ba7bb-e478-48c0-8e3d-61706fc70602" />
      <TestMethod codeBase="F:\ETWork\bin\Tests\UnitTests.iCore.Workflow.Activities.Ftp.dll" adapterTypeName="Microsoft.VisualStudio.TestTools.TestTypes.Unit.UnitTestAdapter" className="UnitTests.Workflow.Activities.Ftp.CreateSftpConnectionConfigurationActivityTests" name="Invoke_HttpProxyIsEnabledAndHttpProxyServerIsNull_ThrowsException" />
    </UnitTest>
    <UnitTest name="Invoke_SocksIsEnabledAndSocksServerIsNull_ThrowsException" storage="f:\etwork\bin\tests\unittests.icore.workflow.activities.ftp.dll" id="1ce77e7d-9968-5348-f7c2-413a004b1ad1">
      <Execution id="ac329dd3-91ee-464c-bf81-56ddc5993676" />
      <TestMethod codeBase="F:\ETWork\bin\Tests\UnitTests.iCore.Workflow.Activities.Ftp.dll" adapterTypeName="Microsoft.VisualStudio.TestTools.TestTypes.Unit.UnitTestAdapter" className="UnitTests.Workflow.Activities.Ftp.CreateSftpConnectionConfigurationActivityTests" name="Invoke_SocksIsEnabledAndSocksServerIsNull_ThrowsException" />
    </UnitTest>
    <UnitTest name="Invoke_ConfigurationMissing_ThrowsArgumentException" storage="f:\etwork\bin\tests\unittests.icore.workflow.activities.ftp.dll" id="c7efbf20-71d5-7af5-dbdb-05621d99831d">
      <Execution id="957e1067-44cf-4ff1-9db4-46dde6f372c7" />
      <TestMethod codeBase="F:\ETWork\bin\Tests\UnitTests.iCore.Workflow.Activities.Ftp.dll" adapterTypeName="Microsoft.VisualStudio.TestTools.TestTypes.Unit.UnitTestAdapter" className="UnitTests.Workflow.Activities.Ftp.StartSftpFtpReaderActivityTests" name="Invoke_ConfigurationMissing_ThrowsArgumentException" />
    </UnitTest>
    <UnitTest name="Invoke_ConnectionMissing_ThrowsArgumentException" storage="f:\etwork\bin\tests\unittests.icore.workflow.activities.ftp.dll" id="c7e5ee1e-e13e-1215-bae8-208646eb0e68">
      <Execution id="2e0e0c8e-688c-402b-8a94-5c15420ea9e3" />
      <TestMethod codeBase="F:\ETWork\bin\Tests\UnitTests.iCore.Workflow.Activities.Ftp.dll" adapterTypeName="Microsoft.VisualStudio.TestTools.TestTypes.Unit.UnitTestAdapter" className="UnitTests.Workflow.Activities.Ftp.StartSftpFtpReaderActivityTests" name="Invoke_ConnectionMissing_ThrowsArgumentException" />
    </UnitTest>
    <UnitTest name="Invoke_ConfigurationIsNull_ThrowsArgumentEception" storage="f:\etwork\bin\tests\unittests.icore.workflow.activities.ftp.dll" id="be679bd7-2645-3eba-116d-7293c6ce7895">
      <Execution id="5ecadaed-200d-4435-8715-8bedb40c3693" />
      <TestMethod codeBase="F:\ETWork\bin\Tests\UnitTests.iCore.Workflow.Activities.Ftp.dll" adapterTypeName="Microsoft.VisualStudio.TestTools.TestTypes.Unit.UnitTestAdapter" className="UnitTests.Workflow.Activities.Ftp.StartSftpFtpReaderActivityTests" name="Invoke_ConfigurationIsNull_ThrowsArgumentEception" />
    </UnitTest>
    <UnitTest name="Invoke_ConnectionIsNull_ThrowsArgumentException" storage="f:\etwork\bin\tests\unittests.icore.workflow.activities.ftp.dll" id="47b1aa51-e2b9-df3b-c7eb-aa95f48e0aa3">
      <Execution id="bad0d7c3-4755-40d0-a23a-0b9631381c9d" />
      <TestMethod codeBase="F:\ETWork\bin\Tests\UnitTests.iCore.Workflow.Activities.Ftp.dll" adapterTypeName="Microsoft.VisualStudio.TestTools.TestTypes.Unit.UnitTestAdapter" className="UnitTests.Workflow.Activities.Ftp.StartSftpFtpReaderActivityTests" name="Invoke_ConnectionIsNull_ThrowsArgumentException" />
    </UnitTest>
    <UnitTest name="Invoke_OpenNewConnectionIsFalseButConnectionNotOpen_ThrowsInvalidOperationException" storage="f:\etwork\bin\tests\unittests.icore.workflow.activities.ftp.dll" id="6996465b-01fb-f65b-8633-2ec5612acb78">
      <Execution id="97bbd03b-5106-4c3e-80d9-71de4693e3c8" />
      <TestMethod codeBase="F:\ETWork\bin\Tests\UnitTests.iCore.Workflow.Activities.Ftp.dll" adapterTypeName="Microsoft.VisualStudio.TestTools.TestTypes.Unit.UnitTestAdapter" className="UnitTests.Workflow.Activities.Ftp.StartSftpFtpReaderActivityTests" name="Invoke_OpenNewConnectionIsFalseButConnectionNotOpen_ThrowsInvalidOperationException" />
    </UnitTest>
    <UnitTest name="Invoke_OpenNewConnectionIsFalseAndConnectionIsOpened_ReturnsIdOfSubscription" storage="f:\etwork\bin\tests\unittests.icore.workflow.activities.ftp.dll" id="1eea9f8e-be1c-bdde-b5e4-ab60cb5ba707">
      <Execution id="478a9c9e-eb7a-449f-ad48-7390eeefda89" />
      <TestMethod codeBase="F:\ETWork\bin\Tests\UnitTests.iCore.Workflow.Activities.Ftp.dll" adapterTypeName="Microsoft.VisualStudio.TestTools.TestTypes.Unit.UnitTestAdapter" className="UnitTests.Workflow.Activities.Ftp.StartSftpFtpReaderActivityTests" name="Invoke_OpenNewConnectionIsFalseAndConnectionIsOpened_ReturnsIdOfSubscription" />
    </UnitTest>
    <UnitTest name="Invoke_OpenNewConnectionIsTrueAndNotConnected_ConnectionOpenedOnClone" storage="f:\etwork\bin\tests\unittests.icore.workflow.activities.ftp.dll" id="da9cc1bb-8949-5da3-6e64-01c3f2d25668">
      <Execution id="372a345c-0dad-4904-b23d-292a73415c53" />
      <TestMethod codeBase="F:\ETWork\bin\Tests\UnitTests.iCore.Workflow.Activities.Ftp.dll" adapterTypeName="Microsoft.VisualStudio.TestTools.TestTypes.Unit.UnitTestAdapter" className="UnitTests.Workflow.Activities.Ftp.StartSftpFtpReaderActivityTests" name="Invoke_OpenNewConnectionIsTrueAndNotConnected_ConnectionOpenedOnClone" />
    </UnitTest>
    <UnitTest name="Invoke_OpenNewConnectionIsTrueAndConnected_ConnectionOpenedOnClone" storage="f:\etwork\bin\tests\unittests.icore.workflow.activities.ftp.dll" id="4d496680-40bc-b60b-351b-afaed33270e8">
      <Execution id="882022ea-4be5-48cd-9e3f-ced2c2489e2d" />
      <TestMethod codeBase="F:\ETWork\bin\Tests\UnitTests.iCore.Workflow.Activities.Ftp.dll" adapterTypeName="Microsoft.VisualStudio.TestTools.TestTypes.Unit.UnitTestAdapter" className="UnitTests.Workflow.Activities.Ftp.StartSftpFtpReaderActivityTests" name="Invoke_OpenNewConnectionIsTrueAndConnected_ConnectionOpenedOnClone" />
    </UnitTest>
    <UnitTest name="Invoke_OpenNewConnectionIsTrue_ReturnsIdOfSubscription" storage="f:\etwork\bin\tests\unittests.icore.workflow.activities.ftp.dll" id="a5ac5349-49d4-617c-d6aa-1698be8e5859">
      <Execution id="625c44e3-7d17-46e9-862c-3c3b939c550c" />
      <TestMethod codeBase="F:\ETWork\bin\Tests\UnitTests.iCore.Workflow.Activities.Ftp.dll" adapterTypeName="Microsoft.VisualStudio.TestTools.TestTypes.Unit.UnitTestAdapter" className="UnitTests.Workflow.Activities.Ftp.StartSftpFtpReaderActivityTests" name="Invoke_OpenNewConnectionIsTrue_ReturnsIdOfSubscription" />
    </UnitTest>
    <UnitTest name="Invoke_OpenConnectionIsTrueAndCancel_TokenIsCancelled" storage="f:\etwork\bin\tests\unittests.icore.workflow.activities.ftp.dll" id="35cc6b19-ca09-93f7-36a4-878943da7525">
      <Execution id="6afe0aed-3192-4226-9894-6f3fe0c13eed" />
      <TestMethod codeBase="F:\ETWork\bin\Tests\UnitTests.iCore.Workflow.Activities.Ftp.dll" adapterTypeName="Microsoft.VisualStudio.TestTools.TestTypes.Unit.UnitTestAdapter" className="UnitTests.Workflow.Activities.Ftp.StartSftpFtpReaderActivityTests" name="Invoke_OpenConnectionIsTrueAndCancel_TokenIsCancelled" />
    </UnitTest>
    <UnitTest name="Invoke_CorrectParameters_Success" storage="f:\etwork\bin\tests\unittests.icore.workflow.activities.ftp.dll" id="16b69696-1bdf-a0fd-c9d3-56cf93372185">
      <Execution id="4ddf6f32-3ff5-473a-9e7b-a1140f1f855f" />
      <TestMethod codeBase="F:\ETWork\bin\Tests\UnitTests.iCore.Workflow.Activities.Ftp.dll" adapterTypeName="Microsoft.VisualStudio.TestTools.TestTypes.Unit.UnitTestAdapter" className="UnitTests.Workflow.Activities.Ftp.StopSftpFtpReaderActivityTests" name="Invoke_CorrectParameters_Success" />
    </UnitTest>
    <UnitTest name="Invoke_EmptyId_ThrowsTestException" storage="f:\etwork\bin\tests\unittests.icore.workflow.activities.ftp.dll" id="ef40069c-1604-786d-4267-6e2cb18c9322">
      <Execution id="b846566d-a76d-427e-8d97-770ecbd62629" />
      <TestMethod codeBase="F:\ETWork\bin\Tests\UnitTests.iCore.Workflow.Activities.Ftp.dll" adapterTypeName="Microsoft.VisualStudio.TestTools.TestTypes.Unit.UnitTestAdapter" className="UnitTests.Workflow.Activities.Ftp.StopSftpFtpReaderActivityTests" name="Invoke_EmptyId_ThrowsTestException" />
    </UnitTest>
    <UnitTest name="Invoke_SubscriptionIsMissing_ThrowsArgumentException" storage="f:\etwork\bin\tests\unittests.icore.workflow.activities.ftp.dll" id="7116938b-79e7-0a09-8b4c-c972fe8abed5">
      <Execution id="86b7d50f-2d7c-4613-aa2f-2a36bd2dbea1" />
      <TestMethod codeBase="F:\ETWork\bin\Tests\UnitTests.iCore.Workflow.Activities.Ftp.dll" adapterTypeName="Microsoft.VisualStudio.TestTools.TestTypes.Unit.UnitTestAdapter" className="UnitTests.Workflow.Activities.Ftp.GetSftpFtpNextFileActivityTestTests" name="Invoke_SubscriptionIsMissing_ThrowsArgumentException" />
    </UnitTest>
    <UnitTest name="Invoke_ConnectionIsMissing_ThrowsArgumentException" storage="f:\etwork\bin\tests\unittests.icore.workflow.activities.ftp.dll" id="2ae3978e-e49b-bfce-7091-105f46f2561d">
      <Execution id="a1f51375-9458-4cf9-a96f-91beb0b41861" />
      <TestMethod codeBase="F:\ETWork\bin\Tests\UnitTests.iCore.Workflow.Activities.Ftp.dll" adapterTypeName="Microsoft.VisualStudio.TestTools.TestTypes.Unit.UnitTestAdapter" className="UnitTests.Workflow.Activities.Ftp.GetSftpFtpNextFileActivityTestTests" name="Invoke_ConnectionIsMissing_ThrowsArgumentException" />
    </UnitTest>
    <UnitTest name="Invoke_AllArguments_VerifyInternalGetNextActivity" storage="f:\etwork\bin\tests\unittests.icore.workflow.activities.ftp.dll" id="437f18eb-6138-48c5-3095-f23cf756c059">
      <Execution id="63ee5798-f458-4600-a53e-85e83f741b1c" />
      <TestMethod codeBase="F:\ETWork\bin\Tests\UnitTests.iCore.Workflow.Activities.Ftp.dll" adapterTypeName="Microsoft.VisualStudio.TestTools.TestTypes.Unit.UnitTestAdapter" className="UnitTests.Workflow.Activities.Ftp.GetSftpFtpNextFileActivityTestTests" name="Invoke_AllArguments_VerifyInternalGetNextActivity" />
    </UnitTest>
    <UnitTest name="Invoke_AllArguments_VerifyFileDownloadActivity" storage="f:\etwork\bin\tests\unittests.icore.workflow.activities.ftp.dll" id="6b4c1e97-f362-3e2a-ea4f-1de76bdda5d3">
      <Execution id="179e32e0-634d-491a-979b-3e4d45d6583c" />
      <TestMethod codeBase="F:\ETWork\bin\Tests\UnitTests.iCore.Workflow.Activities.Ftp.dll" adapterTypeName="Microsoft.VisualStudio.TestTools.TestTypes.Unit.UnitTestAdapter" className="UnitTests.Workflow.Activities.Ftp.GetSftpFtpNextFileActivityTestTests" name="Invoke_AllArguments_VerifyFileDownloadActivity" />
    </UnitTest>
    <UnitTest name="Invoke_AllArguments_VerifyOpenFileActivity" storage="f:\etwork\bin\tests\unittests.icore.workflow.activities.ftp.dll" id="e3731e2e-daff-a37c-abba-e07e4cbd1a56">
      <Execution id="37ff2b3a-76d0-4ec7-950b-496a3c92413d" />
      <TestMethod codeBase="F:\ETWork\bin\Tests\UnitTests.iCore.Workflow.Activities.Ftp.dll" adapterTypeName="Microsoft.VisualStudio.TestTools.TestTypes.Unit.UnitTestAdapter" className="UnitTests.Workflow.Activities.Ftp.GetSftpFtpNextFileActivityTestTests" name="Invoke_AllArguments_VerifyOpenFileActivity" />
    </UnitTest>
    <UnitTest name="Invoke_RenameTrue_VerifyFileRenamedActivity" storage="f:\etwork\bin\tests\unittests.icore.workflow.activities.ftp.dll" id="1fec83ea-59a6-2abb-b0f4-dc5af04ad755">
      <Execution id="563f9f01-5233-4748-8179-85c5342f629b" />
      <TestMethod codeBase="F:\ETWork\bin\Tests\UnitTests.iCore.Workflow.Activities.Ftp.dll" adapterTypeName="Microsoft.VisualStudio.TestTools.TestTypes.Unit.UnitTestAdapter" className="UnitTests.Workflow.Activities.Ftp.GetSftpFtpNextFileActivityTestTests" name="Invoke_RenameTrue_VerifyFileRenamedActivity" />
    </UnitTest>
    <UnitTest name="Invoke_NoRenameNoMove_VerifyNotUsingRenameActivity" storage="f:\etwork\bin\tests\unittests.icore.workflow.activities.ftp.dll" id="15af26a4-ce24-0e70-befd-2c7aad792796">
      <Execution id="d68309a5-83df-4316-aa80-441949bcff4a" />
      <TestMethod codeBase="F:\ETWork\bin\Tests\UnitTests.iCore.Workflow.Activities.Ftp.dll" adapterTypeName="Microsoft.VisualStudio.TestTools.TestTypes.Unit.UnitTestAdapter" className="UnitTests.Workflow.Activities.Ftp.GetSftpFtpNextFileActivityTestTests" name="Invoke_NoRenameNoMove_VerifyNotUsingRenameActivity" />
    </UnitTest>
    <UnitTest name="Invoke_RenameTrue_DownloadingRenamedFile" storage="f:\etwork\bin\tests\unittests.icore.workflow.activities.ftp.dll" id="baba7f91-6696-5745-1c3c-202324fe47a9">
      <Execution id="6d8ff4d6-515c-4194-b184-63428c555dd9" />
      <TestMethod codeBase="F:\ETWork\bin\Tests\UnitTests.iCore.Workflow.Activities.Ftp.dll" adapterTypeName="Microsoft.VisualStudio.TestTools.TestTypes.Unit.UnitTestAdapter" className="UnitTests.Workflow.Activities.Ftp.GetSftpFtpNextFileActivityTestTests" name="Invoke_RenameTrue_DownloadingRenamedFile" />
    </UnitTest>
    <UnitTest name="Invoke_DeleteServerFileTrue_VerifyFileDeleteActivity" storage="f:\etwork\bin\tests\unittests.icore.workflow.activities.ftp.dll" id="6b260e0c-d14d-a025-9641-20d0e0ccd1f4">
      <Execution id="cf584872-d7ff-4fc0-af46-58e6203d3177" />
      <TestMethod codeBase="F:\ETWork\bin\Tests\UnitTests.iCore.Workflow.Activities.Ftp.dll" adapterTypeName="Microsoft.VisualStudio.TestTools.TestTypes.Unit.UnitTestAdapter" className="UnitTests.Workflow.Activities.Ftp.GetSftpFtpNextFileActivityTestTests" name="Invoke_DeleteServerFileTrue_VerifyFileDeleteActivity" />
    </UnitTest>
    <UnitTest name="Invoke_DeleteServerFileFalse_DeleteActivityNotUsed" storage="f:\etwork\bin\tests\unittests.icore.workflow.activities.ftp.dll" id="0286a2c5-c5ed-51c3-d967-603ad858c773">
      <Execution id="66e03706-b08c-4f75-9f8c-7d16336555fe" />
      <TestMethod codeBase="F:\ETWork\bin\Tests\UnitTests.iCore.Workflow.Activities.Ftp.dll" adapterTypeName="Microsoft.VisualStudio.TestTools.TestTypes.Unit.UnitTestAdapter" className="UnitTests.Workflow.Activities.Ftp.GetSftpFtpNextFileActivityTestTests" name="Invoke_DeleteServerFileFalse_DeleteActivityNotUsed" />
    </UnitTest>
    <UnitTest name="Invoke_MoveFileToIsSet_VerifyFileIsMoved" storage="f:\etwork\bin\tests\unittests.icore.workflow.activities.ftp.dll" id="6636b219-dd13-7bcf-f989-4a0b70894cb3">
      <Execution id="df71578b-d683-4fff-8992-3628e5887517" />
      <TestMethod codeBase="F:\ETWork\bin\Tests\UnitTests.iCore.Workflow.Activities.Ftp.dll" adapterTypeName="Microsoft.VisualStudio.TestTools.TestTypes.Unit.UnitTestAdapter" className="UnitTests.Workflow.Activities.Ftp.GetSftpFtpNextFileActivityTestTests" name="Invoke_MoveFileToIsSet_VerifyFileIsMoved" />
    </UnitTest>
    <UnitTest name="Invoke_MoveFileToIsSet_DownloadingMovedFilePath" storage="f:\etwork\bin\tests\unittests.icore.workflow.activities.ftp.dll" id="90eff0bb-07f0-d175-a231-ce291e35435d">
      <Execution id="ba290eb7-a8cb-4a14-a87d-8802f6f036d8" />
      <TestMethod codeBase="F:\ETWork\bin\Tests\UnitTests.iCore.Workflow.Activities.Ftp.dll" adapterTypeName="Microsoft.VisualStudio.TestTools.TestTypes.Unit.UnitTestAdapter" className="UnitTests.Workflow.Activities.Ftp.GetSftpFtpNextFileActivityTestTests" name="Invoke_MoveFileToIsSet_DownloadingMovedFilePath" />
    </UnitTest>
    <UnitTest name="Invoke_AllArgumentsTimeoutWithoutError_ShouldNotDownloadAndProcessFile" storage="f:\etwork\bin\tests\unittests.icore.workflow.activities.ftp.dll" id="5296b9e6-bb50-c3ae-26fd-4aafba07a1a0">
      <Execution id="16b6fb7a-51e5-48b3-b38a-28453a9a49bc" />
      <TestMethod codeBase="F:\ETWork\bin\Tests\UnitTests.iCore.Workflow.Activities.Ftp.dll" adapterTypeName="Microsoft.VisualStudio.TestTools.TestTypes.Unit.UnitTestAdapter" className="UnitTests.Workflow.Activities.Ftp.GetSftpFtpNextFileActivityTestTests" name="Invoke_AllArgumentsTimeoutWithoutError_ShouldNotDownloadAndProcessFile" />
    </UnitTest>
    <UnitTest name="Invoke_OpenedStream_StreamIsClosedWhenActivityCompletes" storage="f:\etwork\bin\tests\unittests.icore.workflow.activities.ftp.dll" id="beef9ead-4f5a-03ad-0588-2fa15e7899ee">
      <Execution id="67a864d7-adea-42f1-b76f-bb3a0ac10d80" />
      <TestMethod codeBase="F:\ETWork\bin\Tests\UnitTests.iCore.Workflow.Activities.Ftp.dll" adapterTypeName="Microsoft.VisualStudio.TestTools.TestTypes.Unit.UnitTestAdapter" className="UnitTests.Workflow.Activities.Ftp.GetSftpFtpNextFileActivityTestTests" name="Invoke_OpenedStream_StreamIsClosedWhenActivityCompletes" />
    </UnitTest>
    <UnitTest name="Invoke_OpenedStreamExceptionOnOpenFile_StreamClosed" storage="f:\etwork\bin\tests\unittests.icore.workflow.activities.ftp.dll" id="9499730f-b195-ea84-9ce1-16801381561b">
      <Execution id="11ba5fa3-9baa-476b-8639-e045f524864a" />
      <TestMethod codeBase="F:\ETWork\bin\Tests\UnitTests.iCore.Workflow.Activities.Ftp.dll" adapterTypeName="Microsoft.VisualStudio.TestTools.TestTypes.Unit.UnitTestAdapter" className="UnitTests.Workflow.Activities.Ftp.GetSftpFtpNextFileActivityTestTests" name="Invoke_OpenedStreamExceptionOnOpenFile_StreamClosed" />
    </UnitTest>
    <UnitTest name="Invoke_AllArguments_TimeoutValueIsPassedToInternalGetNext" storage="f:\etwork\bin\tests\unittests.icore.workflow.activities.ftp.dll" id="fd314776-f1ef-5de4-1834-63fb07399aa8">
      <Execution id="8184ccf3-d863-4957-a1ac-402f329a071c" />
      <TestMethod codeBase="F:\ETWork\bin\Tests\UnitTests.iCore.Workflow.Activities.Ftp.dll" adapterTypeName="Microsoft.VisualStudio.TestTools.TestTypes.Unit.UnitTestAdapter" className="UnitTests.Workflow.Activities.Ftp.GetSftpFtpNextFileActivityTestTests" name="Invoke_AllArguments_TimeoutValueIsPassedToInternalGetNext" />
    </UnitTest>
    <UnitTest name="Invoke_AllArguments_ErrorOnTimeoutValueIsPassedToInternalGetNext" storage="f:\etwork\bin\tests\unittests.icore.workflow.activities.ftp.dll" id="8e029bb8-f1db-e0bb-8e60-94d3986529d2">
      <Execution id="2e945c75-aa1a-4cc6-bd7d-1f40e0361f51" />
      <TestMethod codeBase="F:\ETWork\bin\Tests\UnitTests.iCore.Workflow.Activities.Ftp.dll" adapterTypeName="Microsoft.VisualStudio.TestTools.TestTypes.Unit.UnitTestAdapter" className="UnitTests.Workflow.Activities.Ftp.GetSftpFtpNextFileActivityTestTests" name="Invoke_AllArguments_ErrorOnTimeoutValueIsPassedToInternalGetNext" />
    </UnitTest>
    <UnitTest name="Invoke_AllArguments_SubscriptionIdValueIsPassedToInternalGetNext" storage="f:\etwork\bin\tests\unittests.icore.workflow.activities.ftp.dll" id="3b495187-293d-868a-0495-cf99fc94dd0b">
      <Execution id="ae095d67-02f8-4e7a-8e64-99d978a0e7d1" />
      <TestMethod codeBase="F:\ETWork\bin\Tests\UnitTests.iCore.Workflow.Activities.Ftp.dll" adapterTypeName="Microsoft.VisualStudio.TestTools.TestTypes.Unit.UnitTestAdapter" className="UnitTests.Workflow.Activities.Ftp.GetSftpFtpNextFileActivityTestTests" name="Invoke_AllArguments_SubscriptionIdValueIsPassedToInternalGetNext" />
    </UnitTest>
    <UnitTest name="Invoke_AllArguments_IsImplicitlyCancellableValueIsPassedToInternalGetNext" storage="f:\etwork\bin\tests\unittests.icore.workflow.activities.ftp.dll" id="425deb36-c065-8909-b02c-660d7db5a4aa">
      <Execution id="da21f176-0b6b-4e9f-bdb1-502479010283" />
      <TestMethod codeBase="F:\ETWork\bin\Tests\UnitTests.iCore.Workflow.Activities.Ftp.dll" adapterTypeName="Microsoft.VisualStudio.TestTools.TestTypes.Unit.UnitTestAdapter" className="UnitTests.Workflow.Activities.Ftp.GetSftpFtpNextFileActivityTestTests" name="Invoke_AllArguments_IsImplicitlyCancellableValueIsPassedToInternalGetNext" />
    </UnitTest>
    <UnitTest name="Invoke_AllArguments_ConnectionValueIsPassedToRename" storage="f:\etwork\bin\tests\unittests.icore.workflow.activities.ftp.dll" id="e539b579-2241-7bc3-96a8-c3c0c867a109">
      <Execution id="67d19208-8240-4520-a955-1fb131d3a74d" />
      <TestMethod codeBase="F:\ETWork\bin\Tests\UnitTests.iCore.Workflow.Activities.Ftp.dll" adapterTypeName="Microsoft.VisualStudio.TestTools.TestTypes.Unit.UnitTestAdapter" className="UnitTests.Workflow.Activities.Ftp.GetSftpFtpNextFileActivityTestTests" name="Invoke_AllArguments_ConnectionValueIsPassedToRename" />
    </UnitTest>
    <UnitTest name="Invoke_AllArguments_OverwriteTruePassedToRename" storage="f:\etwork\bin\tests\unittests.icore.workflow.activities.ftp.dll" id="24d8fe37-b698-f216-d23d-bb35aa7bc737">
      <Execution id="f8bfefb1-fb2b-4551-a73a-1e0e92fd35be" />
      <TestMethod codeBase="F:\ETWork\bin\Tests\UnitTests.iCore.Workflow.Activities.Ftp.dll" adapterTypeName="Microsoft.VisualStudio.TestTools.TestTypes.Unit.UnitTestAdapter" className="UnitTests.Workflow.Activities.Ftp.GetSftpFtpNextFileActivityTestTests" name="Invoke_AllArguments_OverwriteTruePassedToRename" />
    </UnitTest>
    <UnitTest name="Invoke_AllArguments_ReadWriteAccessPassedToOpenFile" storage="f:\etwork\bin\tests\unittests.icore.workflow.activities.ftp.dll" id="f418e28f-bf42-b807-5ac1-29d46bf2142e">
      <Execution id="85e1a238-2a2a-410f-b941-5e7ccfd73852" />
      <TestMethod codeBase="F:\ETWork\bin\Tests\UnitTests.iCore.Workflow.Activities.Ftp.dll" adapterTypeName="Microsoft.VisualStudio.TestTools.TestTypes.Unit.UnitTestAdapter" className="UnitTests.Workflow.Activities.Ftp.GetSftpFtpNextFileActivityTestTests" name="Invoke_AllArguments_ReadWriteAccessPassedToOpenFile" />
    </UnitTest>
    <UnitTest name="Invoke_AllArguments_FileModeCreatePassedToOpenFile" storage="f:\etwork\bin\tests\unittests.icore.workflow.activities.ftp.dll" id="877946ba-fa5e-e787-6539-47b5080bcb84">
      <Execution id="2b0d189d-1af6-4fc7-960a-32884f984de9" />
      <TestMethod codeBase="F:\ETWork\bin\Tests\UnitTests.iCore.Workflow.Activities.Ftp.dll" adapterTypeName="Microsoft.VisualStudio.TestTools.TestTypes.Unit.UnitTestAdapter" className="UnitTests.Workflow.Activities.Ftp.GetSftpFtpNextFileActivityTestTests" name="Invoke_AllArguments_FileModeCreatePassedToOpenFile" />
    </UnitTest>
    <UnitTest name="Invoke_AllArguments_FileShareNonePassedToOpenFile" storage="f:\etwork\bin\tests\unittests.icore.workflow.activities.ftp.dll" id="6cef6cd0-a73a-85fb-095b-33e74d7bb614">
      <Execution id="f0c63457-68e1-4bd9-a7cc-b56e6246dd49" />
      <TestMethod codeBase="F:\ETWork\bin\Tests\UnitTests.iCore.Workflow.Activities.Ftp.dll" adapterTypeName="Microsoft.VisualStudio.TestTools.TestTypes.Unit.UnitTestAdapter" className="UnitTests.Workflow.Activities.Ftp.GetSftpFtpNextFileActivityTestTests" name="Invoke_AllArguments_FileShareNonePassedToOpenFile" />
    </UnitTest>
    <UnitTest name="Invoke_AllArguments_ConnectionPassedToDownload" storage="f:\etwork\bin\tests\unittests.icore.workflow.activities.ftp.dll" id="9f6bb50e-1fc1-2ccf-9212-fe280e8d7fd2">
      <Execution id="595eb6d1-2abe-4314-b094-e1c6cb2cd1b9" />
      <TestMethod codeBase="F:\ETWork\bin\Tests\UnitTests.iCore.Workflow.Activities.Ftp.dll" adapterTypeName="Microsoft.VisualStudio.TestTools.TestTypes.Unit.UnitTestAdapter" className="UnitTests.Workflow.Activities.Ftp.GetSftpFtpNextFileActivityTestTests" name="Invoke_AllArguments_ConnectionPassedToDownload" />
    </UnitTest>
    <UnitTest name="Invoke_AllArguments_ConnectionPassedToDelete" storage="f:\etwork\bin\tests\unittests.icore.workflow.activities.ftp.dll" id="232aab9d-c2fa-4c95-edad-26faa19021fa">
      <Execution id="c0efd991-2c23-4928-ab96-cae7d429644d" />
      <TestMethod codeBase="F:\ETWork\bin\Tests\UnitTests.iCore.Workflow.Activities.Ftp.dll" adapterTypeName="Microsoft.VisualStudio.TestTools.TestTypes.Unit.UnitTestAdapter" className="UnitTests.Workflow.Activities.Ftp.GetSftpFtpNextFileActivityTestTests" name="Invoke_AllArguments_ConnectionPassedToDelete" />
    </UnitTest>
    <UnitTest name="Invoke_AllArguments_ErrorOnNoFilePassedToDelete" storage="f:\etwork\bin\tests\unittests.icore.workflow.activities.ftp.dll" id="c5e43791-a999-a57c-f740-d85fd7ce1a5a">
      <Execution id="10dfbed2-ca29-4029-b276-74ba76af0c6a" />
      <TestMethod codeBase="F:\ETWork\bin\Tests\UnitTests.iCore.Workflow.Activities.Ftp.dll" adapterTypeName="Microsoft.VisualStudio.TestTools.TestTypes.Unit.UnitTestAdapter" className="UnitTests.Workflow.Activities.Ftp.GetSftpFtpNextFileActivityTestTests" name="Invoke_AllArguments_ErrorOnNoFilePassedToDelete" />
    </UnitTest>
    <UnitTest name="Invoke_AllArguments_LocalFileNameIsEmptyPassingOriginalFileNameToOpenFile" storage="f:\etwork\bin\tests\unittests.icore.workflow.activities.ftp.dll" id="38374464-412c-cb0f-701c-fa8ecd464631">
      <Execution id="705d6b28-af01-40b0-9767-b1b6977ccad0" />
      <TestMethod codeBase="F:\ETWork\bin\Tests\UnitTests.iCore.Workflow.Activities.Ftp.dll" adapterTypeName="Microsoft.VisualStudio.TestTools.TestTypes.Unit.UnitTestAdapter" className="UnitTests.Workflow.Activities.Ftp.GetSftpFtpNextFileActivityTestTests" name="Invoke_AllArguments_LocalFileNameIsEmptyPassingOriginalFileNameToOpenFile" />
    </UnitTest>
    <UnitTest name="Invoke_NoRenameNoMove_OutArgumentOriginalFilePathIsSet" storage="f:\etwork\bin\tests\unittests.icore.workflow.activities.ftp.dll" id="1dfc5e24-4257-6b5d-6cfd-79a8f4b857b4">
      <Execution id="5a4f96da-2cbd-4b0f-bc5b-96a7bf3c2d04" />
      <TestMethod codeBase="F:\ETWork\bin\Tests\UnitTests.iCore.Workflow.Activities.Ftp.dll" adapterTypeName="Microsoft.VisualStudio.TestTools.TestTypes.Unit.UnitTestAdapter" className="UnitTests.Workflow.Activities.Ftp.GetSftpFtpNextFileActivityTestTests" name="Invoke_NoRenameNoMove_OutArgumentOriginalFilePathIsSet" />
    </UnitTest>
    <UnitTest name="Invoke_NoRenameNoMove_OutArgumentOriginalFilenameIsSet" storage="f:\etwork\bin\tests\unittests.icore.workflow.activities.ftp.dll" id="bbe4acfa-2103-647c-044a-33215ea9624e">
      <Execution id="3ea0af80-fb08-4a9e-a2c7-447d958eb446" />
      <TestMethod codeBase="F:\ETWork\bin\Tests\UnitTests.iCore.Workflow.Activities.Ftp.dll" adapterTypeName="Microsoft.VisualStudio.TestTools.TestTypes.Unit.UnitTestAdapter" className="UnitTests.Workflow.Activities.Ftp.GetSftpFtpNextFileActivityTestTests" name="Invoke_NoRenameNoMove_OutArgumentOriginalFilenameIsSet" />
    </UnitTest>
    <UnitTest name="Invoke_NoRenameNoMove_OutArgumentProcessingFilePathIsSet" storage="f:\etwork\bin\tests\unittests.icore.workflow.activities.ftp.dll" id="3dcd3667-3f58-3d97-45fd-3dc0845d3cd0">
      <Execution id="d13b2621-d559-4d68-986d-f722a1de1977" />
      <TestMethod codeBase="F:\ETWork\bin\Tests\UnitTests.iCore.Workflow.Activities.Ftp.dll" adapterTypeName="Microsoft.VisualStudio.TestTools.TestTypes.Unit.UnitTestAdapter" className="UnitTests.Workflow.Activities.Ftp.GetSftpFtpNextFileActivityTestTests" name="Invoke_NoRenameNoMove_OutArgumentProcessingFilePathIsSet" />
    </UnitTest>
    <UnitTest name="Invoke_NoRenameNoMove_TopDirectoryOriginalFilePath_OutArgumentProcessingFilePathIsSet" storage="f:\etwork\bin\tests\unittests.icore.workflow.activities.ftp.dll" id="742360af-63f8-7281-6ac1-63bb9c84a48b">
      <Execution id="fdbe34a5-61af-44d0-b2e8-bd84dd8c7a40" />
      <TestMethod codeBase="F:\ETWork\bin\Tests\UnitTests.iCore.Workflow.Activities.Ftp.dll" adapterTypeName="Microsoft.VisualStudio.TestTools.TestTypes.Unit.UnitTestAdapter" className="UnitTests.Workflow.Activities.Ftp.GetSftpFtpNextFileActivityTestTests" name="Invoke_NoRenameNoMove_TopDirectoryOriginalFilePath_OutArgumentProcessingFilePathIsSet" />
    </UnitTest>
    <UnitTest name="Invoke_NoRenameNoMove_OutArgumentProcessingFilenameIsSet" storage="f:\etwork\bin\tests\unittests.icore.workflow.activities.ftp.dll" id="e63e54b8-42d4-a8c1-50c8-8bcdbb5ef90f">
      <Execution id="cfd7edff-2a1c-4bec-a2fa-573f269f7f9f" />
      <TestMethod codeBase="F:\ETWork\bin\Tests\UnitTests.iCore.Workflow.Activities.Ftp.dll" adapterTypeName="Microsoft.VisualStudio.TestTools.TestTypes.Unit.UnitTestAdapter" className="UnitTests.Workflow.Activities.Ftp.GetSftpFtpNextFileActivityTestTests" name="Invoke_NoRenameNoMove_OutArgumentProcessingFilenameIsSet" />
    </UnitTest>
    <UnitTest name="Invoke_NoRenameNoMove_OutArgumentLocalFilePathIsSet" storage="f:\etwork\bin\tests\unittests.icore.workflow.activities.ftp.dll" id="6aaa3180-32aa-3a58-2ac8-edf395f5350b">
      <Execution id="4f3c6a65-871c-4651-9107-42686e9e7a95" />
      <TestMethod codeBase="F:\ETWork\bin\Tests\UnitTests.iCore.Workflow.Activities.Ftp.dll" adapterTypeName="Microsoft.VisualStudio.TestTools.TestTypes.Unit.UnitTestAdapter" className="UnitTests.Workflow.Activities.Ftp.GetSftpFtpNextFileActivityTestTests" name="Invoke_NoRenameNoMove_OutArgumentLocalFilePathIsSet" />
    </UnitTest>
    <UnitTest name="Invoke_NoRenameNoMove_OutArgumentLocalFilenameIsSet" storage="f:\etwork\bin\tests\unittests.icore.workflow.activities.ftp.dll" id="f9900c17-aaf0-da98-15a1-3e76c2280c6e">
      <Execution id="e1beea1e-2139-41b4-8250-0273f6cd63f6" />
      <TestMethod codeBase="F:\ETWork\bin\Tests\UnitTests.iCore.Workflow.Activities.Ftp.dll" adapterTypeName="Microsoft.VisualStudio.TestTools.TestTypes.Unit.UnitTestAdapter" className="UnitTests.Workflow.Activities.Ftp.GetSftpFtpNextFileActivityTestTests" name="Invoke_NoRenameNoMove_OutArgumentLocalFilenameIsSet" />
    </UnitTest>
    <UnitTest name="Invoke_RenameNoMove_OutArgumentOriginalFilePathIsSet" storage="f:\etwork\bin\tests\unittests.icore.workflow.activities.ftp.dll" id="44a64d7f-2f31-7b9a-b4f2-f1e6449757c1">
      <Execution id="df21a322-35e0-4bd6-a92a-a95b08a76f45" />
      <TestMethod codeBase="F:\ETWork\bin\Tests\UnitTests.iCore.Workflow.Activities.Ftp.dll" adapterTypeName="Microsoft.VisualStudio.TestTools.TestTypes.Unit.UnitTestAdapter" className="UnitTests.Workflow.Activities.Ftp.GetSftpFtpNextFileActivityTestTests" name="Invoke_RenameNoMove_OutArgumentOriginalFilePathIsSet" />
    </UnitTest>
    <UnitTest name="Invoke_RenameNoMove_OutArgumentOriginalFilenameIsSet" storage="f:\etwork\bin\tests\unittests.icore.workflow.activities.ftp.dll" id="b43f687d-4649-2fc5-7a28-9ab18c977ed9">
      <Execution id="11d2102c-a690-49d7-b1da-d112ac695d3b" />
      <TestMethod codeBase="F:\ETWork\bin\Tests\UnitTests.iCore.Workflow.Activities.Ftp.dll" adapterTypeName="Microsoft.VisualStudio.TestTools.TestTypes.Unit.UnitTestAdapter" className="UnitTests.Workflow.Activities.Ftp.GetSftpFtpNextFileActivityTestTests" name="Invoke_RenameNoMove_OutArgumentOriginalFilenameIsSet" />
    </UnitTest>
    <UnitTest name="Invoke_RenameNoMove_OutArgumentProcessingFilePathIsSet" storage="f:\etwork\bin\tests\unittests.icore.workflow.activities.ftp.dll" id="9e0c0664-ac71-dcb3-5209-00486304408e">
      <Execution id="c42ccf58-9a6f-410e-a81f-6d4d725b160b" />
      <TestMethod codeBase="F:\ETWork\bin\Tests\UnitTests.iCore.Workflow.Activities.Ftp.dll" adapterTypeName="Microsoft.VisualStudio.TestTools.TestTypes.Unit.UnitTestAdapter" className="UnitTests.Workflow.Activities.Ftp.GetSftpFtpNextFileActivityTestTests" name="Invoke_RenameNoMove_OutArgumentProcessingFilePathIsSet" />
    </UnitTest>
    <UnitTest name="Invoke_RenameNoMove_OutArgumentProcessingFilenameIsSet" storage="f:\etwork\bin\tests\unittests.icore.workflow.activities.ftp.dll" id="cbd53138-ea99-c860-c923-60634051d941">
      <Execution id="d7fa4dff-1b40-48a2-8c4e-64c990b24f07" />
      <TestMethod codeBase="F:\ETWork\bin\Tests\UnitTests.iCore.Workflow.Activities.Ftp.dll" adapterTypeName="Microsoft.VisualStudio.TestTools.TestTypes.Unit.UnitTestAdapter" className="UnitTests.Workflow.Activities.Ftp.GetSftpFtpNextFileActivityTestTests" name="Invoke_RenameNoMove_OutArgumentProcessingFilenameIsSet" />
    </UnitTest>
    <UnitTest name="Invoke_RenameNoMove_OutArgumentLocalFilePathIsSet" storage="f:\etwork\bin\tests\unittests.icore.workflow.activities.ftp.dll" id="c257d925-a371-7a4c-05ec-f978c3a25182">
      <Execution id="9353d2e0-2683-4038-a0da-c3af58148037" />
      <TestMethod codeBase="F:\ETWork\bin\Tests\UnitTests.iCore.Workflow.Activities.Ftp.dll" adapterTypeName="Microsoft.VisualStudio.TestTools.TestTypes.Unit.UnitTestAdapter" className="UnitTests.Workflow.Activities.Ftp.GetSftpFtpNextFileActivityTestTests" name="Invoke_RenameNoMove_OutArgumentLocalFilePathIsSet" />
    </UnitTest>
    <UnitTest name="Invoke_RenameNoMove_OutArgumentLocalFilenameIsSet" storage="f:\etwork\bin\tests\unittests.icore.workflow.activities.ftp.dll" id="abcb5cbf-c6d0-3bc4-5426-d051c6f8e4ed">
      <Execution id="97998701-aa6b-4d80-bc00-69ec6f687025" />
      <TestMethod codeBase="F:\ETWork\bin\Tests\UnitTests.iCore.Workflow.Activities.Ftp.dll" adapterTypeName="Microsoft.VisualStudio.TestTools.TestTypes.Unit.UnitTestAdapter" className="UnitTests.Workflow.Activities.Ftp.GetSftpFtpNextFileActivityTestTests" name="Invoke_RenameNoMove_OutArgumentLocalFilenameIsSet" />
    </UnitTest>
    <UnitTest name="Invoke_NoRenameMove_OutArgumentOriginalFilePathIsSet" storage="f:\etwork\bin\tests\unittests.icore.workflow.activities.ftp.dll" id="33f6d3be-d771-8d5f-5398-31ef4bd5ce09">
      <Execution id="2ca99dba-f335-4d67-ba41-f7e8acd866df" />
      <TestMethod codeBase="F:\ETWork\bin\Tests\UnitTests.iCore.Workflow.Activities.Ftp.dll" adapterTypeName="Microsoft.VisualStudio.TestTools.TestTypes.Unit.UnitTestAdapter" className="UnitTests.Workflow.Activities.Ftp.GetSftpFtpNextFileActivityTestTests" name="Invoke_NoRenameMove_OutArgumentOriginalFilePathIsSet" />
    </UnitTest>
    <UnitTest name="Invoke_NoRenameMove_OutArgumentOriginalFilenameIsSet" storage="f:\etwork\bin\tests\unittests.icore.workflow.activities.ftp.dll" id="7e8f4af6-bc69-0a9c-7c1d-97517b09f402">
      <Execution id="588175bf-fff2-4c9d-96b2-ccf3d8a3f23a" />
      <TestMethod codeBase="F:\ETWork\bin\Tests\UnitTests.iCore.Workflow.Activities.Ftp.dll" adapterTypeName="Microsoft.VisualStudio.TestTools.TestTypes.Unit.UnitTestAdapter" className="UnitTests.Workflow.Activities.Ftp.GetSftpFtpNextFileActivityTestTests" name="Invoke_NoRenameMove_OutArgumentOriginalFilenameIsSet" />
    </UnitTest>
    <UnitTest name="Invoke_NoRenameMove_OutArgumentProcessingFilePathIsSet" storage="f:\etwork\bin\tests\unittests.icore.workflow.activities.ftp.dll" id="fb21bc99-5b49-8412-9333-bcc4653fa1b0">
      <Execution id="bf8b1e8b-e5cb-4204-8066-caed222e9ee8" />
      <TestMethod codeBase="F:\ETWork\bin\Tests\UnitTests.iCore.Workflow.Activities.Ftp.dll" adapterTypeName="Microsoft.VisualStudio.TestTools.TestTypes.Unit.UnitTestAdapter" className="UnitTests.Workflow.Activities.Ftp.GetSftpFtpNextFileActivityTestTests" name="Invoke_NoRenameMove_OutArgumentProcessingFilePathIsSet" />
    </UnitTest>
    <UnitTest name="Invoke_NoRenameMove_OutArgumentProcessingFilenameIsSet" storage="f:\etwork\bin\tests\unittests.icore.workflow.activities.ftp.dll" id="23f6dc92-fb27-bb7f-30ab-dfadd079624a">
      <Execution id="ffdad0f5-3522-482a-88ff-fe8e38456fe3" />
      <TestMethod codeBase="F:\ETWork\bin\Tests\UnitTests.iCore.Workflow.Activities.Ftp.dll" adapterTypeName="Microsoft.VisualStudio.TestTools.TestTypes.Unit.UnitTestAdapter" className="UnitTests.Workflow.Activities.Ftp.GetSftpFtpNextFileActivityTestTests" name="Invoke_NoRenameMove_OutArgumentProcessingFilenameIsSet" />
    </UnitTest>
    <UnitTest name="Invoke_NoRenameMove_OutArgumentLocalFilePathIsSet" storage="f:\etwork\bin\tests\unittests.icore.workflow.activities.ftp.dll" id="7369bc4b-545e-2eef-8e5a-eb8c54117f29">
      <Execution id="5c18111f-9c94-4e4d-b6f0-ef8d8770e169" />
      <TestMethod codeBase="F:\ETWork\bin\Tests\UnitTests.iCore.Workflow.Activities.Ftp.dll" adapterTypeName="Microsoft.VisualStudio.TestTools.TestTypes.Unit.UnitTestAdapter" className="UnitTests.Workflow.Activities.Ftp.GetSftpFtpNextFileActivityTestTests" name="Invoke_NoRenameMove_OutArgumentLocalFilePathIsSet" />
    </UnitTest>
    <UnitTest name="Invoke_NoRenameMove_OutArgumentLocalFilenameIsSet" storage="f:\etwork\bin\tests\unittests.icore.workflow.activities.ftp.dll" id="101f9030-bd53-0c8a-6065-1d2009d15ad2">
      <Execution id="76db89ed-01e2-43a8-afb3-b6c0cebfac2d" />
      <TestMethod codeBase="F:\ETWork\bin\Tests\UnitTests.iCore.Workflow.Activities.Ftp.dll" adapterTypeName="Microsoft.VisualStudio.TestTools.TestTypes.Unit.UnitTestAdapter" className="UnitTests.Workflow.Activities.Ftp.GetSftpFtpNextFileActivityTestTests" name="Invoke_NoRenameMove_OutArgumentLocalFilenameIsSet" />
    </UnitTest>
    <UnitTest name="Invoke_NormalExecution_OutArgumentIsUploadedIsTrue" storage="f:\etwork\bin\tests\unittests.icore.workflow.activities.ftp.dll" id="2eee89de-51c9-89dd-91bd-df15141cd414">
      <Execution id="4698e4bb-ab3c-4a2f-aaa0-bb759894b314" />
      <TestMethod codeBase="F:\ETWork\bin\Tests\UnitTests.iCore.Workflow.Activities.Ftp.dll" adapterTypeName="Microsoft.VisualStudio.TestTools.TestTypes.Unit.UnitTestAdapter" className="UnitTests.Workflow.Activities.Ftp.UploadSftpFtpFileFromStreamActivityTests" name="Invoke_NormalExecution_OutArgumentIsUploadedIsTrue" />
    </UnitTest>
    <UnitTest name="Invoke_UploadFileReturnsFalse_OutArgumentIsUploadedIsFalse" storage="f:\etwork\bin\tests\unittests.icore.workflow.activities.ftp.dll" id="6720a58d-fe73-3532-469d-b34b181efa6e">
      <Execution id="6a39f594-9dba-4a4a-bc44-840c51d801bf" />
      <TestMethod codeBase="F:\ETWork\bin\Tests\UnitTests.iCore.Workflow.Activities.Ftp.dll" adapterTypeName="Microsoft.VisualStudio.TestTools.TestTypes.Unit.UnitTestAdapter" className="UnitTests.Workflow.Activities.Ftp.UploadSftpFtpFileFromStreamActivityTests" name="Invoke_UploadFileReturnsFalse_OutArgumentIsUploadedIsFalse" />
    </UnitTest>
    <UnitTest name="Invoke_UploadFileFails_ThrowsTestException" storage="f:\etwork\bin\tests\unittests.icore.workflow.activities.ftp.dll" id="0e783ecc-0e3d-1d42-6630-3115b8bab0ac">
      <Execution id="a90b7386-d3e7-4846-8cba-47d51db286d5" />
      <TestMethod codeBase="F:\ETWork\bin\Tests\UnitTests.iCore.Workflow.Activities.Ftp.dll" adapterTypeName="Microsoft.VisualStudio.TestTools.TestTypes.Unit.UnitTestAdapter" className="UnitTests.Workflow.Activities.Ftp.UploadSftpFtpFileFromStreamActivityTests" name="Invoke_UploadFileFails_ThrowsTestException" />
    </UnitTest>
    <UnitTest name="Invoke_ConnectionIsNull_ThrowsArgumentNullException" storage="f:\etwork\bin\tests\unittests.icore.workflow.activities.ftp.dll" id="5b4e6963-d84b-a43c-8e57-92dd37001554">
      <Execution id="78de234e-db0a-4bc4-921a-6458c5a45a24" />
      <TestMethod codeBase="F:\ETWork\bin\Tests\UnitTests.iCore.Workflow.Activities.Ftp.dll" adapterTypeName="Microsoft.VisualStudio.TestTools.TestTypes.Unit.UnitTestAdapter" className="UnitTests.Workflow.Activities.Ftp.UploadSftpFtpFileFromStreamActivityTests" name="Invoke_ConnectionIsNull_ThrowsArgumentNullException" />
    </UnitTest>
    <UnitTest name="Invoke_DestinationFilenameIsEmpty_ThrowsArgumentNullException" storage="f:\etwork\bin\tests\unittests.icore.workflow.activities.ftp.dll" id="9edd4492-abee-799b-1590-036c2e26a40b">
      <Execution id="95d9d165-cc57-4322-b431-5477889b26e1" />
      <TestMethod codeBase="F:\ETWork\bin\Tests\UnitTests.iCore.Workflow.Activities.Ftp.dll" adapterTypeName="Microsoft.VisualStudio.TestTools.TestTypes.Unit.UnitTestAdapter" className="UnitTests.Workflow.Activities.Ftp.UploadSftpFtpFileFromStreamActivityTests" name="Invoke_DestinationFilenameIsEmpty_ThrowsArgumentNullException" />
    </UnitTest>
    <UnitTest name="Invoke_SourceStreamIsEmpty_ThrowsArgumentNullException" storage="f:\etwork\bin\tests\unittests.icore.workflow.activities.ftp.dll" id="76bf54f1-d6f3-a8b1-d566-8106c40a1ca6">
      <Execution id="6f12c148-9a52-4702-8182-0fa5353e4178" />
      <TestMethod codeBase="F:\ETWork\bin\Tests\UnitTests.iCore.Workflow.Activities.Ftp.dll" adapterTypeName="Microsoft.VisualStudio.TestTools.TestTypes.Unit.UnitTestAdapter" className="UnitTests.Workflow.Activities.Ftp.UploadSftpFtpFileFromStreamActivityTests" name="Invoke_SourceStreamIsEmpty_ThrowsArgumentNullException" />
    </UnitTest>
    <UnitTest name="Invoke_ConnectionArgumentIsMissing_ThrowsArgumentException" storage="f:\etwork\bin\tests\unittests.icore.workflow.activities.ftp.dll" id="da6e7d17-19f2-3a75-30f0-6ecb9233715a">
      <Execution id="aa76d0bf-fed7-4597-8fc4-998677c5f4e2" />
      <TestMethod codeBase="F:\ETWork\bin\Tests\UnitTests.iCore.Workflow.Activities.Ftp.dll" adapterTypeName="Microsoft.VisualStudio.TestTools.TestTypes.Unit.UnitTestAdapter" className="UnitTests.Workflow.Activities.Ftp.UploadSftpFtpFileFromStreamActivityTests" name="Invoke_ConnectionArgumentIsMissing_ThrowsArgumentException" />
    </UnitTest>
    <UnitTest name="Invoke_DestinationFilenameArgumentIsMissing_ThrowsArgumentException" storage="f:\etwork\bin\tests\unittests.icore.workflow.activities.ftp.dll" id="d444b0a5-f366-ce4c-d294-6f89c533b031">
      <Execution id="e0a8ffba-e400-4a16-894e-75606b13ab6f" />
      <TestMethod codeBase="F:\ETWork\bin\Tests\UnitTests.iCore.Workflow.Activities.Ftp.dll" adapterTypeName="Microsoft.VisualStudio.TestTools.TestTypes.Unit.UnitTestAdapter" className="UnitTests.Workflow.Activities.Ftp.UploadSftpFtpFileFromStreamActivityTests" name="Invoke_DestinationFilenameArgumentIsMissing_ThrowsArgumentException" />
    </UnitTest>
    <UnitTest name="Invoke_SourceStreamArgumentIsMissing_ThrowsArgumentException" storage="f:\etwork\bin\tests\unittests.icore.workflow.activities.ftp.dll" id="f6f55a29-1329-0ae1-03b4-a10ac6f5097f">
      <Execution id="555c844f-2a6f-4d8d-a34e-65e9a4627554" />
      <TestMethod codeBase="F:\ETWork\bin\Tests\UnitTests.iCore.Workflow.Activities.Ftp.dll" adapterTypeName="Microsoft.VisualStudio.TestTools.TestTypes.Unit.UnitTestAdapter" className="UnitTests.Workflow.Activities.Ftp.UploadSftpFtpFileFromStreamActivityTests" name="Invoke_SourceStreamArgumentIsMissing_ThrowsArgumentException" />
    </UnitTest>
    <UnitTest name="Invoke_StoreTypeArgumentIsMissing_ThrowsArgumentException" storage="f:\etwork\bin\tests\unittests.icore.workflow.activities.ftp.dll" id="cc6e0747-8c7f-184e-1e19-03ae43bc6d5d">
      <Execution id="9d252b4c-19b0-4ea2-b209-814639376e42" />
      <TestMethod codeBase="F:\ETWork\bin\Tests\UnitTests.iCore.Workflow.Activities.Ftp.dll" adapterTypeName="Microsoft.VisualStudio.TestTools.TestTypes.Unit.UnitTestAdapter" className="UnitTests.Workflow.Activities.Ftp.UploadSftpFtpFileFromStreamActivityTests" name="Invoke_StoreTypeArgumentIsMissing_ThrowsArgumentException" />
    </UnitTest>
    <UnitTest name="Invoke_FileSizeCheckArgumentDefaultValueIsFalse_OutArgumentIsUploadedIsTrue" storage="f:\etwork\bin\tests\unittests.icore.workflow.activities.ftp.dll" id="24949aae-a9e5-8dc3-778d-7a2d7a42501c">
      <Execution id="064181d8-f887-4733-a936-0846e2f3a983" />
      <TestMethod codeBase="F:\ETWork\bin\Tests\UnitTests.iCore.Workflow.Activities.Ftp.dll" adapterTypeName="Microsoft.VisualStudio.TestTools.TestTypes.Unit.UnitTestAdapter" className="UnitTests.Workflow.Activities.Ftp.UploadSftpFtpFileFromStreamActivityTests" name="Invoke_FileSizeCheckArgumentDefaultValueIsFalse_OutArgumentIsUploadedIsTrue" />
    </UnitTest>
    <UnitTest name="Invoke_ConnectionIsDisposed_ThrowsArgumentException" storage="f:\etwork\bin\tests\unittests.icore.workflow.activities.ftp.dll" id="3ca72938-ef44-3543-5887-319a087ed1a4">
      <Execution id="e6632e32-5561-4595-968b-85cf041aee31" />
      <TestMethod codeBase="F:\ETWork\bin\Tests\UnitTests.iCore.Workflow.Activities.Ftp.dll" adapterTypeName="Microsoft.VisualStudio.TestTools.TestTypes.Unit.UnitTestAdapter" className="UnitTests.Workflow.Activities.Ftp.UploadSftpFtpFileFromStreamActivityTests" name="Invoke_ConnectionIsDisposed_ThrowsArgumentException" />
    </UnitTest>
    <UnitTest name="Invoke_DependencyThrowsOutOfMemoryException_ThrowsFatalException" storage="f:\etwork\bin\tests\unittests.icore.workflow.activities.ftp.dll" id="0d07c229-4a8b-1eda-46e8-fc25cf0debe3">
      <Execution id="112ec311-bc39-419c-814b-914741dcdd8d" />
      <TestMethod codeBase="F:\ETWork\bin\Tests\UnitTests.iCore.Workflow.Activities.Ftp.dll" adapterTypeName="Microsoft.VisualStudio.TestTools.TestTypes.Unit.UnitTestAdapter" className="UnitTests.Workflow.Activities.Ftp.UploadSftpFtpFileFromStreamActivityTests" name="Invoke_DependencyThrowsOutOfMemoryException_ThrowsFatalException" />
    </UnitTest>
    <UnitTest name="Invoke_ValidArgs_CreateSftpFtpReaderConfigurationActivityUsedAndPopulatedCorrectly" storage="f:\etwork\bin\tests\unittests.icore.workflow.activities.ftp.dll" id="8005b75e-2b8e-a7d3-c91d-9ba84e501585">
      <Execution id="d3105dea-ba3c-4b7d-b54a-a98f8448ab76" />
      <TestMethod codeBase="F:\ETWork\bin\Tests\UnitTests.iCore.Workflow.Activities.Ftp.dll" adapterTypeName="Microsoft.VisualStudio.TestTools.TestTypes.Unit.UnitTestAdapter" className="UnitTests.Workflow.Activities.Ftp.Ftp.SftpFtpReaderExActivityTests" name="Invoke_ValidArgs_CreateSftpFtpReaderConfigurationActivityUsedAndPopulatedCorrectly" />
    </UnitTest>
    <UnitTest name="Invoke_ValidArgs_OpenSftpFtpNextFileActivityUsedAndPopulatedCorrectly" storage="f:\etwork\bin\tests\unittests.icore.workflow.activities.ftp.dll" id="aaa11e7b-de38-faf6-4358-4c8096bc7710">
      <Execution id="f5518e37-10b4-49ea-af51-7db08e36c3eb" />
      <TestMethod codeBase="F:\ETWork\bin\Tests\UnitTests.iCore.Workflow.Activities.Ftp.dll" adapterTypeName="Microsoft.VisualStudio.TestTools.TestTypes.Unit.UnitTestAdapter" className="UnitTests.Workflow.Activities.Ftp.Ftp.SftpFtpReaderExActivityTests" name="Invoke_ValidArgs_OpenSftpFtpNextFileActivityUsedAndPopulatedCorrectly" />
    </UnitTest>
    <UnitTest name="Invoke_VerifyActivityOrder" storage="f:\etwork\bin\tests\unittests.icore.workflow.activities.ftp.dll" id="998261ba-feab-c684-0778-2cf0ef6269b6">
      <Execution id="a33ca016-4da4-4425-a1ab-7b6951eea31c" />
      <TestMethod codeBase="F:\ETWork\bin\Tests\UnitTests.iCore.Workflow.Activities.Ftp.dll" adapterTypeName="Microsoft.VisualStudio.TestTools.TestTypes.Unit.UnitTestAdapter" className="UnitTests.Workflow.Activities.Ftp.Ftp.SftpFtpReaderExActivityTests" name="Invoke_VerifyActivityOrder" />
    </UnitTest>
    <UnitTest name="Invoke_ExecutionCanceled_ExecutesCloseConnectionActivityWithExpectedArgument" storage="f:\etwork\bin\tests\unittests.icore.workflow.activities.ftp.dll" id="2246c02b-c043-8bd1-d15f-80655c8c6edf">
      <Execution id="2be972ad-b2d8-4461-b997-411a728ab861" />
      <TestMethod codeBase="F:\ETWork\bin\Tests\UnitTests.iCore.Workflow.Activities.Ftp.dll" adapterTypeName="Microsoft.VisualStudio.TestTools.TestTypes.Unit.UnitTestAdapter" className="UnitTests.Workflow.Activities.Ftp.Ftp.SftpFtpReaderExActivityTests" name="Invoke_ExecutionCanceled_ExecutesCloseConnectionActivityWithExpectedArgument" />
    </UnitTest>
    <UnitTest name="Invoke_ExecutionFails_ThrowsException" storage="f:\etwork\bin\tests\unittests.icore.workflow.activities.ftp.dll" id="c480fd6f-80eb-8135-be10-dadc7bc57ff1">
      <Execution id="96dcb271-1b8a-419f-9e47-0d73328bd507" />
      <TestMethod codeBase="F:\ETWork\bin\Tests\UnitTests.iCore.Workflow.Activities.Ftp.dll" adapterTypeName="Microsoft.VisualStudio.TestTools.TestTypes.Unit.UnitTestAdapter" className="UnitTests.Workflow.Activities.Ftp.Ftp.SftpFtpReaderExActivityTests" name="Invoke_ExecutionFails_ThrowsException" />
    </UnitTest>
    <UnitTest name="Invoke_ExecutionFails_ExecutesCloseConnectionActivityWithExpectedArgument" storage="f:\etwork\bin\tests\unittests.icore.workflow.activities.ftp.dll" id="801bf94f-6482-1158-2087-277fd1467e1d">
      <Execution id="5e8f8034-89ee-4775-aa52-444233cf3f2a" />
      <TestMethod codeBase="F:\ETWork\bin\Tests\UnitTests.iCore.Workflow.Activities.Ftp.dll" adapterTypeName="Microsoft.VisualStudio.TestTools.TestTypes.Unit.UnitTestAdapter" className="UnitTests.Workflow.Activities.Ftp.Ftp.SftpFtpReaderExActivityTests" name="Invoke_ExecutionFails_ExecutesCloseConnectionActivityWithExpectedArgument" />
    </UnitTest>
    <UnitTest name="Invoke_NoRenameNoMove_OutArgumentsAsExpected" storage="f:\etwork\bin\tests\unittests.icore.workflow.activities.ftp.dll" id="3c497a7f-34ac-d198-48ac-6d1652027cbf">
      <Execution id="6487269a-f9a3-4cfb-bc27-ab5db9b80603" />
      <TestMethod codeBase="F:\ETWork\bin\Tests\UnitTests.iCore.Workflow.Activities.Ftp.dll" adapterTypeName="Microsoft.VisualStudio.TestTools.TestTypes.Unit.UnitTestAdapter" className="UnitTests.Workflow.Activities.Ftp.Ftp.SftpFtpReaderExActivityTests" name="Invoke_NoRenameNoMove_OutArgumentsAsExpected" />
    </UnitTest>
    <UnitTest name="Invoke_RenameNoMove_OutArgumentsAsExpected" storage="f:\etwork\bin\tests\unittests.icore.workflow.activities.ftp.dll" id="364a2917-1c50-a6a3-f41a-99750feef765">
      <Execution id="1a2105c3-b93c-4841-95df-8eb2b5967eec" />
      <TestMethod codeBase="F:\ETWork\bin\Tests\UnitTests.iCore.Workflow.Activities.Ftp.dll" adapterTypeName="Microsoft.VisualStudio.TestTools.TestTypes.Unit.UnitTestAdapter" className="UnitTests.Workflow.Activities.Ftp.Ftp.SftpFtpReaderExActivityTests" name="Invoke_RenameNoMove_OutArgumentsAsExpected" />
    </UnitTest>
    <UnitTest name="Invoke_RenameMove_OutArgumentsAsExpected" storage="f:\etwork\bin\tests\unittests.icore.workflow.activities.ftp.dll" id="93cd613a-4b60-a252-ceb3-80cae37a5bf3">
      <Execution id="d482dce5-9665-4602-a3ce-14c11a095b33" />
      <TestMethod codeBase="F:\ETWork\bin\Tests\UnitTests.iCore.Workflow.Activities.Ftp.dll" adapterTypeName="Microsoft.VisualStudio.TestTools.TestTypes.Unit.UnitTestAdapter" className="UnitTests.Workflow.Activities.Ftp.Ftp.SftpFtpReaderExActivityTests" name="Invoke_RenameMove_OutArgumentsAsExpected" />
    </UnitTest>
    <UnitTest name="Invoke_NoRenameMove_OutArgumentsAsExpected" storage="f:\etwork\bin\tests\unittests.icore.workflow.activities.ftp.dll" id="f9f0c513-6a78-cf8d-917a-49d5f2d283cd">
      <Execution id="375f6b19-ebee-4286-8db0-0af62776c48c" />
      <TestMethod codeBase="F:\ETWork\bin\Tests\UnitTests.iCore.Workflow.Activities.Ftp.dll" adapterTypeName="Microsoft.VisualStudio.TestTools.TestTypes.Unit.UnitTestAdapter" className="UnitTests.Workflow.Activities.Ftp.Ftp.SftpFtpReaderExActivityTests" name="Invoke_NoRenameMove_OutArgumentsAsExpected" />
    </UnitTest>
    <UnitTest name="Invoke_NoRenameNoMoveNoErrorOnTimeoutNoFileFound_OutArgumentsAreNull" storage="f:\etwork\bin\tests\unittests.icore.workflow.activities.ftp.dll" id="0d8c31dd-ed0d-61e8-7bc3-5a3603a9f03d">
      <Execution id="df9a13d6-fd27-4c37-8e94-ac63a85a7c8e" />
      <TestMethod codeBase="F:\ETWork\bin\Tests\UnitTests.iCore.Workflow.Activities.Ftp.dll" adapterTypeName="Microsoft.VisualStudio.TestTools.TestTypes.Unit.UnitTestAdapter" className="UnitTests.Workflow.Activities.Ftp.Ftp.SftpFtpReaderExActivityTests" name="Invoke_NoRenameNoMoveNoErrorOnTimeoutNoFileFound_OutArgumentsAreNull" />
    </UnitTest>
    <UnitTest name="Invoke_RenameMoveNoErrorOnTimeoutNoFileFound_OutArgumentsAreNull" storage="f:\etwork\bin\tests\unittests.icore.workflow.activities.ftp.dll" id="9dc04645-8dbb-9613-e8c8-a9ddf8ba6c9a">
      <Execution id="35420ce5-98e6-4645-9bed-a76cb87a417e" />
      <TestMethod codeBase="F:\ETWork\bin\Tests\UnitTests.iCore.Workflow.Activities.Ftp.dll" adapterTypeName="Microsoft.VisualStudio.TestTools.TestTypes.Unit.UnitTestAdapter" className="UnitTests.Workflow.Activities.Ftp.Ftp.SftpFtpReaderExActivityTests" name="Invoke_RenameMoveNoErrorOnTimeoutNoFileFound_OutArgumentsAreNull" />
    </UnitTest>
    <UnitTest name="Invoke_RenameNoMoveNoErrorOnTimeoutNoFileFound_OutArgumentsAreNull" storage="f:\etwork\bin\tests\unittests.icore.workflow.activities.ftp.dll" id="d4b828da-187a-d6f5-d7a3-5ae1daa628fc">
      <Execution id="e93a0c62-c28f-4809-91fa-2f73890abe57" />
      <TestMethod codeBase="F:\ETWork\bin\Tests\UnitTests.iCore.Workflow.Activities.Ftp.dll" adapterTypeName="Microsoft.VisualStudio.TestTools.TestTypes.Unit.UnitTestAdapter" className="UnitTests.Workflow.Activities.Ftp.Ftp.SftpFtpReaderExActivityTests" name="Invoke_RenameNoMoveNoErrorOnTimeoutNoFileFound_OutArgumentsAreNull" />
    </UnitTest>
    <UnitTest name="Invoke_NoRenameMoveNoErrorOnTimeoutNoFileFound_OutArgumentsAreNull" storage="f:\etwork\bin\tests\unittests.icore.workflow.activities.ftp.dll" id="839f4b23-f7b5-157a-847f-af348ee366e3">
      <Execution id="c0af8e28-7100-4e27-ad77-bb57b68f6acc" />
      <TestMethod codeBase="F:\ETWork\bin\Tests\UnitTests.iCore.Workflow.Activities.Ftp.dll" adapterTypeName="Microsoft.VisualStudio.TestTools.TestTypes.Unit.UnitTestAdapter" className="UnitTests.Workflow.Activities.Ftp.Ftp.SftpFtpReaderExActivityTests" name="Invoke_NoRenameMoveNoErrorOnTimeoutNoFileFound_OutArgumentsAreNull" />
    </UnitTest>
    <UnitTest name="Allocate_InspectDefaultValue" storage="f:\etwork\bin\tests\unittests.icore.workflow.activities.ftp.dll" id="3ab84651-852c-6dd7-8a07-d51d848339fd">
      <Execution id="28a6b695-e45c-480a-af45-21cc9e5b8d61" />
      <TestMethod codeBase="F:\ETWork\bin\Tests\UnitTests.iCore.Workflow.Activities.Ftp.dll" adapterTypeName="Microsoft.VisualStudio.TestTools.TestTypes.Unit.UnitTestAdapter" className="UnitTests.Workflow.Activities.Ftp.Ftp.SftpFtpReaderExActivityTests" name="Allocate_InspectDefaultValue" />
    </UnitTest>
    <UnitTest name="VerifyArgumentAttributes_SameAsGetSftpFtpNextFileActivity" storage="f:\etwork\bin\tests\unittests.icore.workflow.activities.ftp.dll" id="b540a9c5-1f14-6510-fa84-50aeceaabdba">
      <Execution id="13dc26cd-ab0d-4d27-9d56-69f4dc80931f" />
      <TestMethod codeBase="F:\ETWork\bin\Tests\UnitTests.iCore.Workflow.Activities.Ftp.dll" adapterTypeName="Microsoft.VisualStudio.TestTools.TestTypes.Unit.UnitTestAdapter" className="UnitTests.Workflow.Activities.Ftp.Ftp.SftpFtpReaderExActivityTests" name="VerifyArgumentAttributes_SameAsGetSftpFtpNextFileActivity" />
    </UnitTest>
    <UnitTest name="Invoke_ValidArgs_CreateSftpFtpReaderConfigurationActivityUsedAndPopulatedCorrectly" storage="f:\etwork\bin\tests\unittests.icore.workflow.activities.ftp.dll" id="83fd843d-af0e-0bf0-5b9c-7dfb48ec9a91">
      <Execution id="b1669740-d673-4fd0-820c-e9ff402626ea" />
      <TestMethod codeBase="F:\ETWork\bin\Tests\UnitTests.iCore.Workflow.Activities.Ftp.dll" adapterTypeName="Microsoft.VisualStudio.TestTools.TestTypes.Unit.UnitTestAdapter" className="UnitTests.Workflow.Activities.Ftp.Ftp.SftpFtpReaderActivityTests" name="Invoke_ValidArgs_CreateSftpFtpReaderConfigurationActivityUsedAndPopulatedCorrectly" />
    </UnitTest>
    <UnitTest name="Invoke_ValidArgs_GetSftpFtpNextFileActivityUsedAndPopulatedCorrectly" storage="f:\etwork\bin\tests\unittests.icore.workflow.activities.ftp.dll" id="42aaad5e-2fc7-eee4-57c0-bac15f447283">
      <Execution id="c90037dc-6d73-4575-9ecb-bb3918fc729e" />
      <TestMethod codeBase="F:\ETWork\bin\Tests\UnitTests.iCore.Workflow.Activities.Ftp.dll" adapterTypeName="Microsoft.VisualStudio.TestTools.TestTypes.Unit.UnitTestAdapter" className="UnitTests.Workflow.Activities.Ftp.Ftp.SftpFtpReaderActivityTests" name="Invoke_ValidArgs_GetSftpFtpNextFileActivityUsedAndPopulatedCorrectly" />
    </UnitTest>
    <UnitTest name="Invoke_VerifyActivityOrder" storage="f:\etwork\bin\tests\unittests.icore.workflow.activities.ftp.dll" id="64e0485f-4290-f465-6c66-518320016ed7">
      <Execution id="1b1f80c0-ff6b-42d9-b2ee-448ea49aac59" />
      <TestMethod codeBase="F:\ETWork\bin\Tests\UnitTests.iCore.Workflow.Activities.Ftp.dll" adapterTypeName="Microsoft.VisualStudio.TestTools.TestTypes.Unit.UnitTestAdapter" className="UnitTests.Workflow.Activities.Ftp.Ftp.SftpFtpReaderActivityTests" name="Invoke_VerifyActivityOrder" />
    </UnitTest>
    <UnitTest name="Invoke_ExecutionCanceled_ExecutesCloseConnectionActivityWithExpectedArgument" storage="f:\etwork\bin\tests\unittests.icore.workflow.activities.ftp.dll" id="b28dd2c5-bbae-2694-496b-156a297f0be6">
      <Execution id="9411b4af-d9c4-44e2-b81f-17ec04c51812" />
      <TestMethod codeBase="F:\ETWork\bin\Tests\UnitTests.iCore.Workflow.Activities.Ftp.dll" adapterTypeName="Microsoft.VisualStudio.TestTools.TestTypes.Unit.UnitTestAdapter" className="UnitTests.Workflow.Activities.Ftp.Ftp.SftpFtpReaderActivityTests" name="Invoke_ExecutionCanceled_ExecutesCloseConnectionActivityWithExpectedArgument" />
    </UnitTest>
    <UnitTest name="Invoke_ExecutionFails_ThrowsException" storage="f:\etwork\bin\tests\unittests.icore.workflow.activities.ftp.dll" id="e2c35eac-5aba-1e39-739b-ea22b79774ec">
      <Execution id="de3672c5-fbfa-49e0-8617-64f36001a1c4" />
      <TestMethod codeBase="F:\ETWork\bin\Tests\UnitTests.iCore.Workflow.Activities.Ftp.dll" adapterTypeName="Microsoft.VisualStudio.TestTools.TestTypes.Unit.UnitTestAdapter" className="UnitTests.Workflow.Activities.Ftp.Ftp.SftpFtpReaderActivityTests" name="Invoke_ExecutionFails_ThrowsException" />
    </UnitTest>
    <UnitTest name="Invoke_ExecutionFails_ExecutesCloseConnectionActivityWithExpectedArgument" storage="f:\etwork\bin\tests\unittests.icore.workflow.activities.ftp.dll" id="7e20d495-fbab-a3c9-afd1-ea01595fca0b">
      <Execution id="190ab99d-01ee-46dd-8d69-664b3589a8fe" />
      <TestMethod codeBase="F:\ETWork\bin\Tests\UnitTests.iCore.Workflow.Activities.Ftp.dll" adapterTypeName="Microsoft.VisualStudio.TestTools.TestTypes.Unit.UnitTestAdapter" className="UnitTests.Workflow.Activities.Ftp.Ftp.SftpFtpReaderActivityTests" name="Invoke_ExecutionFails_ExecutesCloseConnectionActivityWithExpectedArgument" />
    </UnitTest>
    <UnitTest name="Invoke_NoRenameNoMove_OutArgumentsAsExpected" storage="f:\etwork\bin\tests\unittests.icore.workflow.activities.ftp.dll" id="503dc619-150d-3775-bd72-ebe70ab45c03">
      <Execution id="6cf17fff-b9a2-493c-87c9-1b736e39a102" />
      <TestMethod codeBase="F:\ETWork\bin\Tests\UnitTests.iCore.Workflow.Activities.Ftp.dll" adapterTypeName="Microsoft.VisualStudio.TestTools.TestTypes.Unit.UnitTestAdapter" className="UnitTests.Workflow.Activities.Ftp.Ftp.SftpFtpReaderActivityTests" name="Invoke_NoRenameNoMove_OutArgumentsAsExpected" />
    </UnitTest>
    <UnitTest name="Invoke_RenameNoMove_OutArgumentsAsExpected" storage="f:\etwork\bin\tests\unittests.icore.workflow.activities.ftp.dll" id="a11d8395-2601-760b-fbfd-dd774843014a">
      <Execution id="7f000097-82b5-49a6-add1-55266454495e" />
      <TestMethod codeBase="F:\ETWork\bin\Tests\UnitTests.iCore.Workflow.Activities.Ftp.dll" adapterTypeName="Microsoft.VisualStudio.TestTools.TestTypes.Unit.UnitTestAdapter" className="UnitTests.Workflow.Activities.Ftp.Ftp.SftpFtpReaderActivityTests" name="Invoke_RenameNoMove_OutArgumentsAsExpected" />
    </UnitTest>
    <UnitTest name="Invoke_RenameMove_OutArgumentsAsExpected" storage="f:\etwork\bin\tests\unittests.icore.workflow.activities.ftp.dll" id="0869e578-d003-6130-e0e8-d2f36eff5472">
      <Execution id="a6238d43-b0b8-4719-a730-27337fdaa28f" />
      <TestMethod codeBase="F:\ETWork\bin\Tests\UnitTests.iCore.Workflow.Activities.Ftp.dll" adapterTypeName="Microsoft.VisualStudio.TestTools.TestTypes.Unit.UnitTestAdapter" className="UnitTests.Workflow.Activities.Ftp.Ftp.SftpFtpReaderActivityTests" name="Invoke_RenameMove_OutArgumentsAsExpected" />
    </UnitTest>
    <UnitTest name="Invoke_NoRenameMove_OutArgumentsAsExpected" storage="f:\etwork\bin\tests\unittests.icore.workflow.activities.ftp.dll" id="11d4dbe6-7a3d-300f-ab56-5fa44e27b794">
      <Execution id="d53138b1-2d49-453e-aae4-23a7ca753264" />
      <TestMethod codeBase="F:\ETWork\bin\Tests\UnitTests.iCore.Workflow.Activities.Ftp.dll" adapterTypeName="Microsoft.VisualStudio.TestTools.TestTypes.Unit.UnitTestAdapter" className="UnitTests.Workflow.Activities.Ftp.Ftp.SftpFtpReaderActivityTests" name="Invoke_NoRenameMove_OutArgumentsAsExpected" />
    </UnitTest>
    <UnitTest name="Invoke_NoRenameNoMoveNoErrorOnTimeoutNoFileFound_OutArgumentsAreNull" storage="f:\etwork\bin\tests\unittests.icore.workflow.activities.ftp.dll" id="3ae1ae5e-7b28-1676-081b-3e342c18fce9">
      <Execution id="839c7a27-7bbf-4cb9-b905-aebe4f39e7c1" />
      <TestMethod codeBase="F:\ETWork\bin\Tests\UnitTests.iCore.Workflow.Activities.Ftp.dll" adapterTypeName="Microsoft.VisualStudio.TestTools.TestTypes.Unit.UnitTestAdapter" className="UnitTests.Workflow.Activities.Ftp.Ftp.SftpFtpReaderActivityTests" name="Invoke_NoRenameNoMoveNoErrorOnTimeoutNoFileFound_OutArgumentsAreNull" />
    </UnitTest>
    <UnitTest name="Invoke_RenameMoveNoErrorOnTimeoutNoFileFound_OutArgumentsAreNull" storage="f:\etwork\bin\tests\unittests.icore.workflow.activities.ftp.dll" id="c1747931-7130-9a55-7090-d01ca9f62983">
      <Execution id="d952afe9-4e90-4173-8ac5-95b1a8ece446" />
      <TestMethod codeBase="F:\ETWork\bin\Tests\UnitTests.iCore.Workflow.Activities.Ftp.dll" adapterTypeName="Microsoft.VisualStudio.TestTools.TestTypes.Unit.UnitTestAdapter" className="UnitTests.Workflow.Activities.Ftp.Ftp.SftpFtpReaderActivityTests" name="Invoke_RenameMoveNoErrorOnTimeoutNoFileFound_OutArgumentsAreNull" />
    </UnitTest>
    <UnitTest name="Invoke_RenameNoMoveNoErrorOnTimeoutNoFileFound_OutArgumentsAreNull" storage="f:\etwork\bin\tests\unittests.icore.workflow.activities.ftp.dll" id="eacaa944-7567-0e3d-120e-8d3d35b95e26">
      <Execution id="55f25b10-b555-40a2-8e5b-267e0b940f4b" />
      <TestMethod codeBase="F:\ETWork\bin\Tests\UnitTests.iCore.Workflow.Activities.Ftp.dll" adapterTypeName="Microsoft.VisualStudio.TestTools.TestTypes.Unit.UnitTestAdapter" className="UnitTests.Workflow.Activities.Ftp.Ftp.SftpFtpReaderActivityTests" name="Invoke_RenameNoMoveNoErrorOnTimeoutNoFileFound_OutArgumentsAreNull" />
    </UnitTest>
    <UnitTest name="Invoke_NoRenameMoveNoErrorOnTimeoutNoFileFound_OutArgumentsAreNull" storage="f:\etwork\bin\tests\unittests.icore.workflow.activities.ftp.dll" id="ae8aeeaa-4c8c-5dff-4065-f5a9d582756f">
      <Execution id="05bf6eb9-9782-49d4-9afa-5159c8b660c8" />
      <TestMethod codeBase="F:\ETWork\bin\Tests\UnitTests.iCore.Workflow.Activities.Ftp.dll" adapterTypeName="Microsoft.VisualStudio.TestTools.TestTypes.Unit.UnitTestAdapter" className="UnitTests.Workflow.Activities.Ftp.Ftp.SftpFtpReaderActivityTests" name="Invoke_NoRenameMoveNoErrorOnTimeoutNoFileFound_OutArgumentsAreNull" />
    </UnitTest>
    <UnitTest name="Allocate_InspectDefaultValue" storage="f:\etwork\bin\tests\unittests.icore.workflow.activities.ftp.dll" id="488759c5-2b6a-8db6-ab42-0c01993bf9ad">
      <Execution id="7b0d6906-b1ec-49f5-9fc2-b60f1f276d66" />
      <TestMethod codeBase="F:\ETWork\bin\Tests\UnitTests.iCore.Workflow.Activities.Ftp.dll" adapterTypeName="Microsoft.VisualStudio.TestTools.TestTypes.Unit.UnitTestAdapter" className="UnitTests.Workflow.Activities.Ftp.Ftp.SftpFtpReaderActivityTests" name="Allocate_InspectDefaultValue" />
    </UnitTest>
    <UnitTest name="VerifyArgumentAttributes_SameAsCreateSftpFtpReaderConfigurationActivity" storage="f:\etwork\bin\tests\unittests.icore.workflow.activities.ftp.dll" id="fad59eb6-6618-def7-b296-7b0a6a51a2c8">
      <Execution id="d1977c28-b646-4ebd-acd8-162bfe774549" />
      <TestMethod codeBase="F:\ETWork\bin\Tests\UnitTests.iCore.Workflow.Activities.Ftp.dll" adapterTypeName="Microsoft.VisualStudio.TestTools.TestTypes.Unit.UnitTestAdapter" className="UnitTests.Workflow.Activities.Ftp.Ftp.SftpFtpReaderActivityTests" name="VerifyArgumentAttributes_SameAsCreateSftpFtpReaderConfigurationActivity" />
    </UnitTest>
    <UnitTest name="VerifyArgumentAttributes_SameAsGetSftpFtpNextFileActivity" storage="f:\etwork\bin\tests\unittests.icore.workflow.activities.ftp.dll" id="06537a5a-d1f1-5f40-8539-9d85b7677d24">
      <Execution id="80a506aa-674a-462f-a2a3-802b151b6740" />
      <TestMethod codeBase="F:\ETWork\bin\Tests\UnitTests.iCore.Workflow.Activities.Ftp.dll" adapterTypeName="Microsoft.VisualStudio.TestTools.TestTypes.Unit.UnitTestAdapter" className="UnitTests.Workflow.Activities.Ftp.Ftp.SftpFtpReaderActivityTests" name="VerifyArgumentAttributes_SameAsGetSftpFtpNextFileActivity" />
    </UnitTest>
    <UnitTest name="VerifyArgumentAttributes_SameAsStartSftpFtpReaderActivity" storage="f:\etwork\bin\tests\unittests.icore.workflow.activities.ftp.dll" id="d5cb383a-2c1c-8a14-4faa-044b88c000da">
      <Execution id="374721dd-8ea2-4bd8-80f3-9cb071e50d6c" />
      <TestMethod codeBase="F:\ETWork\bin\Tests\UnitTests.iCore.Workflow.Activities.Ftp.dll" adapterTypeName="Microsoft.VisualStudio.TestTools.TestTypes.Unit.UnitTestAdapter" className="UnitTests.Workflow.Activities.Ftp.Ftp.SftpFtpReaderActivityTests" name="VerifyArgumentAttributes_SameAsStartSftpFtpReaderActivity" />
    </UnitTest>
    <UnitTest name="Invoke_AllArguments_VerifyOpenFileActivity" storage="f:\etwork\bin\tests\unittests.icore.workflow.activities.ftp.dll" id="c40f998a-e08d-133b-e47a-35aa06b6c059">
      <Execution id="8bc98ed2-38a3-4704-8318-7c0851e15531" />
      <TestMethod codeBase="F:\ETWork\bin\Tests\UnitTests.iCore.Workflow.Activities.Ftp.dll" adapterTypeName="Microsoft.VisualStudio.TestTools.TestTypes.Unit.UnitTestAdapter" className="UnitTests.Workflow.Activities.Ftp.Ftp.OpenSftpFtpNextFileActivityTestTests" name="Invoke_AllArguments_VerifyOpenFileActivity" />
    </UnitTest>
    <UnitTest name="Invoke_FileFound_VerifyLocalFilePathPassedToOpenFileActivity" storage="f:\etwork\bin\tests\unittests.icore.workflow.activities.ftp.dll" id="2e217906-635c-9e5f-f82d-ccfad99903c5">
      <Execution id="0b8811e4-ab07-4af8-bd21-538f718a40c7" />
      <TestMethod codeBase="F:\ETWork\bin\Tests\UnitTests.iCore.Workflow.Activities.Ftp.dll" adapterTypeName="Microsoft.VisualStudio.TestTools.TestTypes.Unit.UnitTestAdapter" className="UnitTests.Workflow.Activities.Ftp.Ftp.OpenSftpFtpNextFileActivityTestTests" name="Invoke_FileFound_VerifyLocalFilePathPassedToOpenFileActivity" />
    </UnitTest>
    <UnitTest name="Invoke_FileFound_VerifyFileAccessPassedToOpenFileActivity" storage="f:\etwork\bin\tests\unittests.icore.workflow.activities.ftp.dll" id="31ab353c-1147-cbb0-6a92-69f09dab01b3">
      <Execution id="38804b65-43b1-45dd-ad6d-a06660981fea" />
      <TestMethod codeBase="F:\ETWork\bin\Tests\UnitTests.iCore.Workflow.Activities.Ftp.dll" adapterTypeName="Microsoft.VisualStudio.TestTools.TestTypes.Unit.UnitTestAdapter" className="UnitTests.Workflow.Activities.Ftp.Ftp.OpenSftpFtpNextFileActivityTestTests" name="Invoke_FileFound_VerifyFileAccessPassedToOpenFileActivity" />
    </UnitTest>
    <UnitTest name="Invoke_FileFound_VerifyFileModePassedToOpenFileActivity" storage="f:\etwork\bin\tests\unittests.icore.workflow.activities.ftp.dll" id="0ccde5fd-fac4-83b9-f507-7a10ba50bc18">
      <Execution id="e03de14f-84a2-468a-ac85-946c6c5f7302" />
      <TestMethod codeBase="F:\ETWork\bin\Tests\UnitTests.iCore.Workflow.Activities.Ftp.dll" adapterTypeName="Microsoft.VisualStudio.TestTools.TestTypes.Unit.UnitTestAdapter" className="UnitTests.Workflow.Activities.Ftp.Ftp.OpenSftpFtpNextFileActivityTestTests" name="Invoke_FileFound_VerifyFileModePassedToOpenFileActivity" />
    </UnitTest>
    <UnitTest name="Invoke_FileFound_VerifyFileSharePassedToOpenFileActivity" storage="f:\etwork\bin\tests\unittests.icore.workflow.activities.ftp.dll" id="96eab2fe-803d-66f6-2ce4-1ab4d0f0c13d">
      <Execution id="e185abcc-8ea4-4bc9-8cf5-4258ed190e14" />
      <TestMethod codeBase="F:\ETWork\bin\Tests\UnitTests.iCore.Workflow.Activities.Ftp.dll" adapterTypeName="Microsoft.VisualStudio.TestTools.TestTypes.Unit.UnitTestAdapter" className="UnitTests.Workflow.Activities.Ftp.Ftp.OpenSftpFtpNextFileActivityTestTests" name="Invoke_FileFound_VerifyFileSharePassedToOpenFileActivity" />
    </UnitTest>
    <UnitTest name="Invoke_FileFound_StreamOutputIsSet" storage="f:\etwork\bin\tests\unittests.icore.workflow.activities.ftp.dll" id="c8ea0b8f-f464-69df-a58c-f33db16a11dd">
      <Execution id="e0224b0d-fa6d-40f4-9f23-fe977cc491de" />
      <TestMethod codeBase="F:\ETWork\bin\Tests\UnitTests.iCore.Workflow.Activities.Ftp.dll" adapterTypeName="Microsoft.VisualStudio.TestTools.TestTypes.Unit.UnitTestAdapter" className="UnitTests.Workflow.Activities.Ftp.Ftp.OpenSftpFtpNextFileActivityTestTests" name="Invoke_FileFound_StreamOutputIsSet" />
    </UnitTest>
    <UnitTest name="Invoke_FileNotFound_DataStreamIsNull" storage="f:\etwork\bin\tests\unittests.icore.workflow.activities.ftp.dll" id="95e56123-042a-020a-bd8d-c3f5552cdd5c">
      <Execution id="66e58918-6fdc-414c-a008-b0331367a1ee" />
      <TestMethod codeBase="F:\ETWork\bin\Tests\UnitTests.iCore.Workflow.Activities.Ftp.dll" adapterTypeName="Microsoft.VisualStudio.TestTools.TestTypes.Unit.UnitTestAdapter" className="UnitTests.Workflow.Activities.Ftp.Ftp.OpenSftpFtpNextFileActivityTestTests" name="Invoke_FileNotFound_DataStreamIsNull" />
    </UnitTest>
    <UnitTest name="Invoke_NormalExecution_Success" storage="f:\etwork\bin\tests\unittests.icore.workflow.activities.ftp.dll" id="657ea48b-53a1-990f-cb7d-f1aea9b3d6f6">
      <Execution id="77a7fd23-1be8-4960-a2e4-987c8502fa2c" />
      <TestMethod codeBase="F:\ETWork\bin\Tests\UnitTests.iCore.Workflow.Activities.Ftp.dll" adapterTypeName="Microsoft.VisualStudio.TestTools.TestTypes.Unit.UnitTestAdapter" className="UnitTests.Workflow.Activities.Ftp.Ftp.SendFtpCommandActivityTests" name="Invoke_NormalExecution_Success" />
    </UnitTest>
    <UnitTest name="Invoke_ArgumentsPassedToRuntime_Success" storage="f:\etwork\bin\tests\unittests.icore.workflow.activities.ftp.dll" id="57959f88-148a-22c2-e920-cdc2517a9801">
      <Execution id="d5fdd3e1-cb79-44da-9f8d-81bcb3867232" />
      <TestMethod codeBase="F:\ETWork\bin\Tests\UnitTests.iCore.Workflow.Activities.Ftp.dll" adapterTypeName="Microsoft.VisualStudio.TestTools.TestTypes.Unit.UnitTestAdapter" className="UnitTests.Workflow.Activities.Ftp.Ftp.SendFtpCommandActivityTests" name="Invoke_ArgumentsPassedToRuntime_Success" />
    </UnitTest>
    <UnitTest name="Invoke_AcceptedReturnCodesNullPassesNullToRuntime_Success" storage="f:\etwork\bin\tests\unittests.icore.workflow.activities.ftp.dll" id="d6c8487d-128a-ef46-9dee-92cf2d50ad36">
      <Execution id="81d3a1e1-27c8-49e9-8d9e-58f8ced200b8" />
      <TestMethod codeBase="F:\ETWork\bin\Tests\UnitTests.iCore.Workflow.Activities.Ftp.dll" adapterTypeName="Microsoft.VisualStudio.TestTools.TestTypes.Unit.UnitTestAdapter" className="UnitTests.Workflow.Activities.Ftp.Ftp.SendFtpCommandActivityTests" name="Invoke_AcceptedReturnCodesNullPassesNullToRuntime_Success" />
    </UnitTest>
    <UnitTest name="Invoke_NotAcceptedReturnCode_ThrowsFtpException" storage="f:\etwork\bin\tests\unittests.icore.workflow.activities.ftp.dll" id="96c9e354-4ae3-e596-9367-d01a15b9ae3e">
      <Execution id="47c5347b-fbfd-41e3-b501-42c3668701bf" />
      <TestMethod codeBase="F:\ETWork\bin\Tests\UnitTests.iCore.Workflow.Activities.Ftp.dll" adapterTypeName="Microsoft.VisualStudio.TestTools.TestTypes.Unit.UnitTestAdapter" className="UnitTests.Workflow.Activities.Ftp.Ftp.SendFtpCommandActivityTests" name="Invoke_NotAcceptedReturnCode_ThrowsFtpException" />
    </UnitTest>
    <UnitTest name="Invoke_NotFtpConnection_ThrowsArgumentException" storage="f:\etwork\bin\tests\unittests.icore.workflow.activities.ftp.dll" id="d123c688-1f2c-fb8a-32e9-48de404e813f">
      <Execution id="ef0e1945-7f89-427e-bb74-c48206b49d13" />
      <TestMethod codeBase="F:\ETWork\bin\Tests\UnitTests.iCore.Workflow.Activities.Ftp.dll" adapterTypeName="Microsoft.VisualStudio.TestTools.TestTypes.Unit.UnitTestAdapter" className="UnitTests.Workflow.Activities.Ftp.Ftp.SendFtpCommandActivityTests" name="Invoke_NotFtpConnection_ThrowsArgumentException" />
    </UnitTest>
    <UnitTest name="Invoke_ConnectionIsDisposed_ThrowsArgumentException" storage="f:\etwork\bin\tests\unittests.icore.workflow.activities.ftp.dll" id="65f5d2c6-08a0-4329-512d-fa139e7042cb">
      <Execution id="71342957-9566-4117-bfed-bfe96fb4af7c" />
      <TestMethod codeBase="F:\ETWork\bin\Tests\UnitTests.iCore.Workflow.Activities.Ftp.dll" adapterTypeName="Microsoft.VisualStudio.TestTools.TestTypes.Unit.UnitTestAdapter" className="UnitTests.Workflow.Activities.Ftp.Ftp.SendFtpCommandActivityTests" name="Invoke_ConnectionIsDisposed_ThrowsArgumentException" />
    </UnitTest>
    <UnitTest name="Invoke_SourceFileNameIsNotSet_ThrowsArgumentException" storage="f:\etwork\bin\tests\unittests.icore.workflow.activities.ftp.dll" id="7fe3d083-fcc6-01b4-01a7-f717f508420a">
      <Execution id="a4bf9aea-88da-4154-8dbd-cb5ee963680d" />
      <TestMethod codeBase="F:\ETWork\bin\Tests\UnitTests.iCore.Workflow.Activities.Ftp.dll" adapterTypeName="Microsoft.VisualStudio.TestTools.TestTypes.Unit.UnitTestAdapter" className="UnitTests.Workflow.Activities.Ftp.Ftp.SftpFtpWriterActivityTests" name="Invoke_SourceFileNameIsNotSet_ThrowsArgumentException" />
    </UnitTest>
    <UnitTest name="Invoke_ConnectionIsMissing_ThrowsArgumentException" storage="f:\etwork\bin\tests\unittests.icore.workflow.activities.ftp.dll" id="df6c459c-31c6-7e25-ef91-f84e3cb9a71f">
      <Execution id="0fdd804f-ba91-40a1-963a-71828c74d01d" />
      <TestMethod codeBase="F:\ETWork\bin\Tests\UnitTests.iCore.Workflow.Activities.Ftp.dll" adapterTypeName="Microsoft.VisualStudio.TestTools.TestTypes.Unit.UnitTestAdapter" className="UnitTests.Workflow.Activities.Ftp.Ftp.SftpFtpWriterActivityTests" name="Invoke_ConnectionIsMissing_ThrowsArgumentException" />
    </UnitTest>
    <UnitTest name="Invoke_DestinationDirectoryIsNotSet_ThrowsArgumentException" storage="f:\etwork\bin\tests\unittests.icore.workflow.activities.ftp.dll" id="402d313e-7f9f-a2c7-1f37-46525f2f0be2">
      <Execution id="43936b4c-7f3e-4a52-ba40-b6683eb8cbde" />
      <TestMethod codeBase="F:\ETWork\bin\Tests\UnitTests.iCore.Workflow.Activities.Ftp.dll" adapterTypeName="Microsoft.VisualStudio.TestTools.TestTypes.Unit.UnitTestAdapter" className="UnitTests.Workflow.Activities.Ftp.Ftp.SftpFtpWriterActivityTests" name="Invoke_DestinationDirectoryIsNotSet_ThrowsArgumentException" />
    </UnitTest>
    <UnitTest name="Invoke_StoreModeIsNotSet_ThrowsArgumentException" storage="f:\etwork\bin\tests\unittests.icore.workflow.activities.ftp.dll" id="92d99919-58b0-b737-1fc9-5b57bc8ac08a">
      <Execution id="d0b24542-fb06-4eba-a15e-938b3ab0b770" />
      <TestMethod codeBase="F:\ETWork\bin\Tests\UnitTests.iCore.Workflow.Activities.Ftp.dll" adapterTypeName="Microsoft.VisualStudio.TestTools.TestTypes.Unit.UnitTestAdapter" className="UnitTests.Workflow.Activities.Ftp.Ftp.SftpFtpWriterActivityTests" name="Invoke_StoreModeIsNotSet_ThrowsArgumentException" />
    </UnitTest>
    <UnitTest name="Invoke_CreateTemporaryFileButTempExtensionAndTempDirectoryIsEnpty_ThrowsException" storage="f:\etwork\bin\tests\unittests.icore.workflow.activities.ftp.dll" id="376c7c17-a9f7-57bc-12a1-2b201483682f">
      <Execution id="6058d0ff-77da-4600-a708-d64c1febfca0" />
      <TestMethod codeBase="F:\ETWork\bin\Tests\UnitTests.iCore.Workflow.Activities.Ftp.dll" adapterTypeName="Microsoft.VisualStudio.TestTools.TestTypes.Unit.UnitTestAdapter" className="UnitTests.Workflow.Activities.Ftp.Ftp.SftpFtpWriterActivityTests" name="Invoke_CreateTemporaryFileButTempExtensionAndTempDirectoryIsEnpty_ThrowsException" />
    </UnitTest>
    <UnitTest name="Invoke_SourceFileNameIsNull_ThrowsArgumentException" storage="f:\etwork\bin\tests\unittests.icore.workflow.activities.ftp.dll" id="0a8dcfc9-3f47-d3bb-e973-5da9efd9eaa7">
      <Execution id="1518d779-64df-4407-bb8a-558f50233120" />
      <TestMethod codeBase="F:\ETWork\bin\Tests\UnitTests.iCore.Workflow.Activities.Ftp.dll" adapterTypeName="Microsoft.VisualStudio.TestTools.TestTypes.Unit.UnitTestAdapter" className="UnitTests.Workflow.Activities.Ftp.Ftp.SftpFtpWriterActivityTests" name="Invoke_SourceFileNameIsNull_ThrowsArgumentException" />
    </UnitTest>
    <UnitTest name="Invoke_DestinationDirectoryIsNull_ThrowsArgumentException" storage="f:\etwork\bin\tests\unittests.icore.workflow.activities.ftp.dll" id="097336a5-f59d-b2de-81dc-3a85279c40cd">
      <Execution id="974eb7ae-3646-48d1-816e-2b71476e51f2" />
      <TestMethod codeBase="F:\ETWork\bin\Tests\UnitTests.iCore.Workflow.Activities.Ftp.dll" adapterTypeName="Microsoft.VisualStudio.TestTools.TestTypes.Unit.UnitTestAdapter" className="UnitTests.Workflow.Activities.Ftp.Ftp.SftpFtpWriterActivityTests" name="Invoke_DestinationDirectoryIsNull_ThrowsArgumentException" />
    </UnitTest>
    <UnitTest name="Invoke_ValidArguments_WriteFromFileIsCalledWithSourceFile" storage="f:\etwork\bin\tests\unittests.icore.workflow.activities.ftp.dll" id="cb4d6a3d-567c-18d0-672f-c2d78073092d">
      <Execution id="0d3b25be-cbc2-4cf8-9a51-f2e84e91199e" />
      <TestMethod codeBase="F:\ETWork\bin\Tests\UnitTests.iCore.Workflow.Activities.Ftp.dll" adapterTypeName="Microsoft.VisualStudio.TestTools.TestTypes.Unit.UnitTestAdapter" className="UnitTests.Workflow.Activities.Ftp.Ftp.SftpFtpWriterActivityTests" name="Invoke_ValidArguments_WriteFromFileIsCalledWithSourceFile" />
    </UnitTest>
    <UnitTest name="Invoke_ValidArguments_LocalFilePathOutArgumentIsSet" storage="f:\etwork\bin\tests\unittests.icore.workflow.activities.ftp.dll" id="5be89ceb-fdd2-834d-dc40-1b6c3cb99b0e">
      <Execution id="9e40db9e-9802-4f96-bf79-fc6cdd1b31a3" />
      <TestMethod codeBase="F:\ETWork\bin\Tests\UnitTests.iCore.Workflow.Activities.Ftp.dll" adapterTypeName="Microsoft.VisualStudio.TestTools.TestTypes.Unit.UnitTestAdapter" className="UnitTests.Workflow.Activities.Ftp.Ftp.SftpFtpWriterActivityTests" name="Invoke_ValidArguments_LocalFilePathOutArgumentIsSet" />
    </UnitTest>
    <UnitTest name="Invoke_ValidArguments_LocalFileNameOutArgumentIsSet" storage="f:\etwork\bin\tests\unittests.icore.workflow.activities.ftp.dll" id="72aa15d6-7a85-bd6c-31b2-6f615590e3c4">
      <Execution id="c8de9de8-42a0-476d-bc99-dd2a7ddf242e" />
      <TestMethod codeBase="F:\ETWork\bin\Tests\UnitTests.iCore.Workflow.Activities.Ftp.dll" adapterTypeName="Microsoft.VisualStudio.TestTools.TestTypes.Unit.UnitTestAdapter" className="UnitTests.Workflow.Activities.Ftp.Ftp.SftpFtpWriterActivityTests" name="Invoke_ValidArguments_LocalFileNameOutArgumentIsSet" />
    </UnitTest>
    <UnitTest name="Invoke_ValidArguments_ServerFilePathOutArgumentIsSet" storage="f:\etwork\bin\tests\unittests.icore.workflow.activities.ftp.dll" id="d534f5ee-3faa-2e8f-6d94-87eea27f5443">
      <Execution id="c761df7d-a7b2-4529-835d-b99e4084ebf7" />
      <TestMethod codeBase="F:\ETWork\bin\Tests\UnitTests.iCore.Workflow.Activities.Ftp.dll" adapterTypeName="Microsoft.VisualStudio.TestTools.TestTypes.Unit.UnitTestAdapter" className="UnitTests.Workflow.Activities.Ftp.Ftp.SftpFtpWriterActivityTests" name="Invoke_ValidArguments_ServerFilePathOutArgumentIsSet" />
    </UnitTest>
    <UnitTest name="Invoke_ValidArguments_ServerFileNameOutArgumentIsSet" storage="f:\etwork\bin\tests\unittests.icore.workflow.activities.ftp.dll" id="28230e54-5618-7605-ef16-2a66971f7d88">
      <Execution id="aca3d70a-68fb-4e5c-9699-341caec71429" />
      <TestMethod codeBase="F:\ETWork\bin\Tests\UnitTests.iCore.Workflow.Activities.Ftp.dll" adapterTypeName="Microsoft.VisualStudio.TestTools.TestTypes.Unit.UnitTestAdapter" className="UnitTests.Workflow.Activities.Ftp.Ftp.SftpFtpWriterActivityTests" name="Invoke_ValidArguments_ServerFileNameOutArgumentIsSet" />
    </UnitTest>
    <UnitTest name="Invoke_DataIsNotSet_ThrowsArgumentException" storage="f:\etwork\bin\tests\unittests.icore.workflow.activities.ftp.dll" id="974d0396-3cda-99b7-3ce7-59eaa78e64a2">
      <Execution id="bd85d50a-f179-432e-b943-73ed08230754" />
      <TestMethod codeBase="F:\ETWork\bin\Tests\UnitTests.iCore.Workflow.Activities.Ftp.dll" adapterTypeName="Microsoft.VisualStudio.TestTools.TestTypes.Unit.UnitTestAdapter" className="UnitTests.Workflow.Activities.Ftp.Ftp.SftpFtpWriterExActivityTests" name="Invoke_DataIsNotSet_ThrowsArgumentException" />
    </UnitTest>
    <UnitTest name="Invoke_ConnectionIsMissing_ThrowsArgumentException" storage="f:\etwork\bin\tests\unittests.icore.workflow.activities.ftp.dll" id="e8bbf711-702b-317b-c63a-d4a190cda78d">
      <Execution id="838ac643-ad30-40d0-9fe1-9c2701c72e7c" />
      <TestMethod codeBase="F:\ETWork\bin\Tests\UnitTests.iCore.Workflow.Activities.Ftp.dll" adapterTypeName="Microsoft.VisualStudio.TestTools.TestTypes.Unit.UnitTestAdapter" className="UnitTests.Workflow.Activities.Ftp.Ftp.SftpFtpWriterExActivityTests" name="Invoke_ConnectionIsMissing_ThrowsArgumentException" />
    </UnitTest>
    <UnitTest name="Invoke_DestinationDirectoryIsNotSet_ThrowsArgumentException" storage="f:\etwork\bin\tests\unittests.icore.workflow.activities.ftp.dll" id="95e2d7e2-787a-43d5-661c-b4edb536abd2">
      <Execution id="31b14ec5-a28c-4f91-8add-92007e735736" />
      <TestMethod codeBase="F:\ETWork\bin\Tests\UnitTests.iCore.Workflow.Activities.Ftp.dll" adapterTypeName="Microsoft.VisualStudio.TestTools.TestTypes.Unit.UnitTestAdapter" className="UnitTests.Workflow.Activities.Ftp.Ftp.SftpFtpWriterExActivityTests" name="Invoke_DestinationDirectoryIsNotSet_ThrowsArgumentException" />
    </UnitTest>
    <UnitTest name="Invoke_StoreModeIsNotSet_ThrowsArgumentException" storage="f:\etwork\bin\tests\unittests.icore.workflow.activities.ftp.dll" id="cf26d743-0a4b-7a0d-f683-639ad4866d31">
      <Execution id="0f66a689-68a0-47d0-93a6-6eb5751d22d7" />
      <TestMethod codeBase="F:\ETWork\bin\Tests\UnitTests.iCore.Workflow.Activities.Ftp.dll" adapterTypeName="Microsoft.VisualStudio.TestTools.TestTypes.Unit.UnitTestAdapter" className="UnitTests.Workflow.Activities.Ftp.Ftp.SftpFtpWriterExActivityTests" name="Invoke_StoreModeIsNotSet_ThrowsArgumentException" />
    </UnitTest>
    <UnitTest name="Invoke_DestinationDirectoryIsNull_ThrowsArgumentException" storage="f:\etwork\bin\tests\unittests.icore.workflow.activities.ftp.dll" id="c54c4af1-92eb-4f42-c1aa-20ecf64a0030">
      <Execution id="c5e03809-eedb-4810-9b4b-bf740c7f5124" />
      <TestMethod codeBase="F:\ETWork\bin\Tests\UnitTests.iCore.Workflow.Activities.Ftp.dll" adapterTypeName="Microsoft.VisualStudio.TestTools.TestTypes.Unit.UnitTestAdapter" className="UnitTests.Workflow.Activities.Ftp.Ftp.SftpFtpWriterExActivityTests" name="Invoke_DestinationDirectoryIsNull_ThrowsArgumentException" />
    </UnitTest>
    <UnitTest name="Invoke_DataIsNull_ThrowsArgumentException" storage="f:\etwork\bin\tests\unittests.icore.workflow.activities.ftp.dll" id="5a9880e9-24ab-2c8c-1f0f-bb98d25aab4e">
      <Execution id="5a3da1b9-f2f6-46a6-a4b1-91f9c7148f8e" />
      <TestMethod codeBase="F:\ETWork\bin\Tests\UnitTests.iCore.Workflow.Activities.Ftp.dll" adapterTypeName="Microsoft.VisualStudio.TestTools.TestTypes.Unit.UnitTestAdapter" className="UnitTests.Workflow.Activities.Ftp.Ftp.SftpFtpWriterExActivityTests" name="Invoke_DataIsNull_ThrowsArgumentException" />
    </UnitTest>
    <UnitTest name="Invoke_CreateTemporaryFileButTempExtensionAndTempDirectoryIsEnpty_ThrowsException" storage="f:\etwork\bin\tests\unittests.icore.workflow.activities.ftp.dll" id="3d37a6a4-5e0d-7cfc-c119-156b7d1d9d46">
      <Execution id="08dd10e1-cd6b-49cb-9ebe-8f2be72049b8" />
      <TestMethod codeBase="F:\ETWork\bin\Tests\UnitTests.iCore.Workflow.Activities.Ftp.dll" adapterTypeName="Microsoft.VisualStudio.TestTools.TestTypes.Unit.UnitTestAdapter" className="UnitTests.Workflow.Activities.Ftp.Ftp.SftpFtpWriterExActivityTests" name="Invoke_CreateTemporaryFileButTempExtensionAndTempDirectoryIsEnpty_ThrowsException" />
    </UnitTest>
    <UnitTest name="Invoke_ValidArguments_WriteFromStreamCalledWithStream" storage="f:\etwork\bin\tests\unittests.icore.workflow.activities.ftp.dll" id="fc8e3f8c-ba42-3638-ea97-a726b24043c6">
      <Execution id="c176bcd0-826c-4979-88f7-39832c4bf0d8" />
      <TestMethod codeBase="F:\ETWork\bin\Tests\UnitTests.iCore.Workflow.Activities.Ftp.dll" adapterTypeName="Microsoft.VisualStudio.TestTools.TestTypes.Unit.UnitTestAdapter" className="UnitTests.Workflow.Activities.Ftp.Ftp.SftpFtpWriterExActivityTests" name="Invoke_ValidArguments_WriteFromStreamCalledWithStream" />
    </UnitTest>
    <UnitTest name="Invoke_ValidArguments_ServerFilePathOutArgumentIsSet" storage="f:\etwork\bin\tests\unittests.icore.workflow.activities.ftp.dll" id="84affa08-b285-f838-2dcb-993d83774f1e">
      <Execution id="75f3665c-d92a-4a35-bf96-a7155d3e9149" />
      <TestMethod codeBase="F:\ETWork\bin\Tests\UnitTests.iCore.Workflow.Activities.Ftp.dll" adapterTypeName="Microsoft.VisualStudio.TestTools.TestTypes.Unit.UnitTestAdapter" className="UnitTests.Workflow.Activities.Ftp.Ftp.SftpFtpWriterExActivityTests" name="Invoke_ValidArguments_ServerFilePathOutArgumentIsSet" />
    </UnitTest>
    <UnitTest name="Invoke_ValidArguments_ServerFileNameOutArgumentIsSet" storage="f:\etwork\bin\tests\unittests.icore.workflow.activities.ftp.dll" id="c040e3e2-3e1c-42b3-192c-dc8b30c23293">
      <Execution id="9fed373e-2fc2-45be-bb1f-8e11a30ff5f0" />
      <TestMethod codeBase="F:\ETWork\bin\Tests\UnitTests.iCore.Workflow.Activities.Ftp.dll" adapterTypeName="Microsoft.VisualStudio.TestTools.TestTypes.Unit.UnitTestAdapter" className="UnitTests.Workflow.Activities.Ftp.Ftp.SftpFtpWriterExActivityTests" name="Invoke_ValidArguments_ServerFileNameOutArgumentIsSet" />
    </UnitTest>
  </TestDefinitions>
  <TestEntries>
    <TestEntry testId="76593a16-1858-f93c-e513-cf8810960c6c" executionId="2736c61e-b17e-4354-bc0e-594242f82089" testListId="8c84fa94-04c1-424b-9868-57a2d4851a1d" />
    <TestEntry testId="418de1e4-c93f-04a6-4bc0-454b96f85d99" executionId="01117375-80ad-4520-95ae-2dd261be2612" testListId="8c84fa94-04c1-424b-9868-57a2d4851a1d" />
    <TestEntry testId="a0edeb50-f23d-a41a-bcc7-6f50647124c3" executionId="3306e6ab-5185-44b1-9554-114f02cd9b1d" testListId="8c84fa94-04c1-424b-9868-57a2d4851a1d" />
    <TestEntry testId="f595ec16-421c-c558-556f-18ad9da31195" executionId="5fb65775-e77a-471d-bea2-b6dcbf374995" testListId="8c84fa94-04c1-424b-9868-57a2d4851a1d" />
    <TestEntry testId="8786f2d4-05bc-8b1f-6654-5d12cf0cbe42" executionId="79d20294-401c-434b-9a1f-4138dcf74e97" testListId="8c84fa94-04c1-424b-9868-57a2d4851a1d" />
    <TestEntry testId="83918793-f77e-261f-ccd0-dcaa90a6ec02" executionId="0c5b6def-642b-4a91-9d1e-b3cd4c9d6a5d" testListId="8c84fa94-04c1-424b-9868-57a2d4851a1d" />
    <TestEntry testId="bc001b95-36d5-a530-9804-89a9c733b75d" executionId="4d497086-de7d-4e6c-9966-e78285e781f9" testListId="8c84fa94-04c1-424b-9868-57a2d4851a1d" />
    <TestEntry testId="248b9440-63e6-96c4-0c19-a321c8b1ffbc" executionId="984a0eb1-1632-4771-911c-787dd3e28897" testListId="8c84fa94-04c1-424b-9868-57a2d4851a1d" />
    <TestEntry testId="57d8ab00-e257-ad7c-2055-2b3d5453c93b" executionId="c1490196-719f-4d8f-b7db-19683a6566d3" testListId="8c84fa94-04c1-424b-9868-57a2d4851a1d" />
    <TestEntry testId="ed5c90a7-f29a-9d8d-e968-28bfc43ad3dc" executionId="60eec002-5622-47a2-8f62-0f9cb5cb4df0" testListId="8c84fa94-04c1-424b-9868-57a2d4851a1d" />
    <TestEntry testId="f10f7393-9afb-bdc3-e0c9-a23340046aa9" executionId="2503a960-6034-4710-a89c-ec8d58d9c5bb" testListId="8c84fa94-04c1-424b-9868-57a2d4851a1d" />
    <TestEntry testId="69688e71-aa85-c3cf-5897-24d084b1c12b" executionId="b170c41f-a7f0-4e63-924a-869cfc4d3027" testListId="8c84fa94-04c1-424b-9868-57a2d4851a1d" />
    <TestEntry testId="60771c8e-b489-fbd7-2146-21aaa7f37e8a" executionId="6ff45f20-acf6-4ded-8e66-1ebadf42f3c0" testListId="8c84fa94-04c1-424b-9868-57a2d4851a1d" />
    <TestEntry testId="3ec59592-9c8a-e56d-2f6d-1d720f35cc84" executionId="07803dc1-fd25-4b07-9cdf-66369bc74ac4" testListId="8c84fa94-04c1-424b-9868-57a2d4851a1d" />
    <TestEntry testId="00adb31e-3187-ace0-bab9-7c9991adee9a" executionId="454f068e-bccc-41f4-82e5-c4b625f9770e" testListId="8c84fa94-04c1-424b-9868-57a2d4851a1d" />
    <TestEntry testId="aae560f8-3ce9-c6fe-e199-95b7be0a232f" executionId="4b8d0775-b41f-4507-8f6b-3cc1234bfeeb" testListId="8c84fa94-04c1-424b-9868-57a2d4851a1d" />
    <TestEntry testId="8e3ef701-00f3-62ba-f714-e6c59b9b7c30" executionId="abfc77d9-1ad5-4d6c-825c-80a17aaa9537" testListId="8c84fa94-04c1-424b-9868-57a2d4851a1d" />
    <TestEntry testId="93ee21f3-ee70-54e6-a231-c694e25623cd" executionId="5d215fc7-e16c-4f83-ab5c-7b6532a3f9f3" testListId="8c84fa94-04c1-424b-9868-57a2d4851a1d" />
    <TestEntry testId="fdb4204c-982b-4ea1-ebc1-9975e15267a6" executionId="21a2dd2d-48f5-4e63-8d6a-0ea5958bd042" testListId="8c84fa94-04c1-424b-9868-57a2d4851a1d" />
    <TestEntry testId="cfd419ad-07b2-dd85-a736-5c75618c3c9f" executionId="adeaab02-ab38-4bc6-b6c3-253286c88db4" testListId="8c84fa94-04c1-424b-9868-57a2d4851a1d" />
    <TestEntry testId="a1d8c0c3-b391-8180-cbbc-2e8908a62cde" executionId="1946c9b9-f200-42c3-99b7-2b2687916f57" testListId="8c84fa94-04c1-424b-9868-57a2d4851a1d" />
    <TestEntry testId="536e0f67-a509-bb16-5c7a-b6e63bf09cfa" executionId="0dfa6f7f-3451-47d1-8cb9-32172b083fc3" testListId="8c84fa94-04c1-424b-9868-57a2d4851a1d" />
    <TestEntry testId="a5d73247-5cbc-c979-0783-392503092b84" executionId="a2451ff0-568f-461d-b8c9-6d4cfb2927a8" testListId="8c84fa94-04c1-424b-9868-57a2d4851a1d" />
    <TestEntry testId="da8ae0e7-98ae-3789-f008-99e62ba6c6c2" executionId="6cb183de-a903-4718-a046-363a8933b057" testListId="8c84fa94-04c1-424b-9868-57a2d4851a1d" />
    <TestEntry testId="9e922281-2769-8bc2-49de-d329f34a0c3a" executionId="b812b2bb-734f-4d0d-8151-812572c69e3f" testListId="8c84fa94-04c1-424b-9868-57a2d4851a1d" />
    <TestEntry testId="e2acff4e-a5e4-ca70-c114-4ed3e908c254" executionId="1f211c3a-b742-4372-b5a2-a452ec94fb99" testListId="8c84fa94-04c1-424b-9868-57a2d4851a1d" />
    <TestEntry testId="21523386-72d2-d54c-f3c7-eca0158e4a3e" executionId="3ca09fae-4726-4bb0-b2bd-122a0112e025" testListId="8c84fa94-04c1-424b-9868-57a2d4851a1d" />
    <TestEntry testId="6453eec0-00f4-c7d1-6b34-79eb0a959b2a" executionId="e939182a-09b8-4c8b-ab59-959fd632d7ee" testListId="8c84fa94-04c1-424b-9868-57a2d4851a1d" />
    <TestEntry testId="704b4e99-7a8b-8c40-ec0b-418cbd021eb3" executionId="b36d1843-9548-4a4a-acd5-34035d3b52ad" testListId="8c84fa94-04c1-424b-9868-57a2d4851a1d" />
    <TestEntry testId="163c5ca6-cae8-28b0-49c1-7a8c91627845" executionId="f2c4fe1e-b8b7-4b93-b5a7-76674c4dd20f" testListId="8c84fa94-04c1-424b-9868-57a2d4851a1d" />
    <TestEntry testId="c6848d1e-f51e-7fb2-c8b4-4400a8360f79" executionId="3968374e-80a6-4eda-bee2-d28adfbd5f30" testListId="8c84fa94-04c1-424b-9868-57a2d4851a1d" />
    <TestEntry testId="a6ef473f-6b7c-aa44-a2c4-c61a913cf442" executionId="e027a1ec-907c-4adc-9248-9478e0bf863d" testListId="8c84fa94-04c1-424b-9868-57a2d4851a1d" />
    <TestEntry testId="5b89b1be-de90-79c6-2813-34d02b01c91f" executionId="b3955ccc-6b91-4208-9442-7bdb4ad61a78" testListId="8c84fa94-04c1-424b-9868-57a2d4851a1d" />
    <TestEntry testId="1a31583e-ac44-245d-59be-ffd2ff8efb17" executionId="5476c659-f0c2-4538-bd95-6e0909d13e16" testListId="8c84fa94-04c1-424b-9868-57a2d4851a1d" />
    <TestEntry testId="bd3b297b-5458-f71c-8990-84c97d15c1b8" executionId="0bb55c73-ff90-49d2-9415-8c7d92478039" testListId="8c84fa94-04c1-424b-9868-57a2d4851a1d" />
    <TestEntry testId="8acebfc8-6cff-ec09-4fd7-0c92620da132" executionId="2e412d18-1e7a-4e94-a636-900d37ccb1b1" testListId="8c84fa94-04c1-424b-9868-57a2d4851a1d" />
    <TestEntry testId="f2f98d9d-406c-8d09-b9a9-a6fea9b8c502" executionId="67ba028d-9195-478a-a5d8-5cc833d02bff" testListId="8c84fa94-04c1-424b-9868-57a2d4851a1d" />
    <TestEntry testId="99889691-1e95-4b48-36bc-4e8669bd03fb" executionId="9eee5f63-87cc-49ef-a14d-e9b244ce7547" testListId="8c84fa94-04c1-424b-9868-57a2d4851a1d" />
    <TestEntry testId="e181c337-dc4d-158a-0d18-55dd47dfe054" executionId="a1b7b4dc-2778-42ca-83dd-0e15ce67de8f" testListId="8c84fa94-04c1-424b-9868-57a2d4851a1d" />
    <TestEntry testId="4f739940-7588-1629-b024-15f03f93bb7a" executionId="59766df3-778b-437b-bc9a-e34a9fc76893" testListId="8c84fa94-04c1-424b-9868-57a2d4851a1d" />
    <TestEntry testId="d1b42a42-944c-d007-7b99-49746667448d" executionId="834a360a-aa8c-4e6e-821b-bfb2b5230b65" testListId="8c84fa94-04c1-424b-9868-57a2d4851a1d" />
    <TestEntry testId="df37b7df-6e65-bc72-4638-b612f6dc61ff" executionId="0400e912-e16c-4929-a243-8673ca04fce1" testListId="8c84fa94-04c1-424b-9868-57a2d4851a1d" />
    <TestEntry testId="e3371b4f-8c95-40a6-428e-3fc1fd9c6caf" executionId="43ae5d8c-2fd7-4fd4-847b-a05135a992f1" testListId="8c84fa94-04c1-424b-9868-57a2d4851a1d" />
    <TestEntry testId="ddeb7ad9-e2f4-f693-5c1e-9943de58dadc" executionId="9057d0ca-a5a1-4360-ab4c-6b490104657b" testListId="8c84fa94-04c1-424b-9868-57a2d4851a1d" />
    <TestEntry testId="552c407e-c643-77ae-4b8d-2d5384f9fa38" executionId="9ce9f2aa-aa2c-4937-9364-ea632e539f5b" testListId="8c84fa94-04c1-424b-9868-57a2d4851a1d" />
    <TestEntry testId="9b23bd98-139d-40ff-cab7-3fb2e3d7b941" executionId="ac2b80c7-d1b6-4e49-bb09-9eb6d0847cd1" testListId="8c84fa94-04c1-424b-9868-57a2d4851a1d" />
    <TestEntry testId="3cec1b59-c6f8-d01c-de4f-1c10a7cdee3b" executionId="98ca3ddc-5010-4a76-8ff3-2fc9f2d8f97e" testListId="8c84fa94-04c1-424b-9868-57a2d4851a1d" />
    <TestEntry testId="fd1d471f-73a8-9f74-e4d7-0fe1b3073eb2" executionId="6bf6216f-153a-4f2d-a6e7-b196c6278769" testListId="8c84fa94-04c1-424b-9868-57a2d4851a1d" />
    <TestEntry testId="dfc64e51-b5b4-379f-8639-1c282019e29f" executionId="b74561b8-aca2-4a52-8071-56e0b1b5a302" testListId="8c84fa94-04c1-424b-9868-57a2d4851a1d" />
    <TestEntry testId="a1ef12d3-f30c-9c23-99c2-a7a2a8b2e03a" executionId="3f2c383c-1cdc-44e4-936e-3503693cb2d1" testListId="8c84fa94-04c1-424b-9868-57a2d4851a1d" />
    <TestEntry testId="dfa77b86-b582-3d13-757e-d64d9f72406e" executionId="67efc37a-fc36-4b47-92c6-4d614ac0a5fb" testListId="8c84fa94-04c1-424b-9868-57a2d4851a1d" />
    <TestEntry testId="50119228-2128-12b5-5a50-5d7deffd864b" executionId="e85b76b1-7e21-4810-82d4-bed554e966c2" testListId="8c84fa94-04c1-424b-9868-57a2d4851a1d" />
    <TestEntry testId="c1afbd7f-a4ca-7c92-ae50-fd1e30cccdb3" executionId="99df51ce-e3b0-4364-8eaf-be345e34d291" testListId="8c84fa94-04c1-424b-9868-57a2d4851a1d" />
    <TestEntry testId="9c716cbe-8683-6ea7-84e9-e00a1baf048d" executionId="5474faec-bd8a-4a3b-8484-951e77731c6d" testListId="8c84fa94-04c1-424b-9868-57a2d4851a1d" />
    <TestEntry testId="a5a5e611-91e2-2549-0698-d75c81ddf4eb" executionId="6ddc4b0b-670b-405b-898b-8bbf22f9d24c" testListId="8c84fa94-04c1-424b-9868-57a2d4851a1d" />
    <TestEntry testId="db58b18c-8287-cf39-64e4-b4892456f3b0" executionId="8163c2c5-2902-46ea-93fd-836dfd3ffa35" testListId="8c84fa94-04c1-424b-9868-57a2d4851a1d" />
    <TestEntry testId="9603956f-e642-58a7-3e61-86a6d3ce82e4" executionId="7e2996db-17a0-43bf-9200-78d5217a8f23" testListId="8c84fa94-04c1-424b-9868-57a2d4851a1d" />
    <TestEntry testId="9036ddbb-b395-2c5c-9234-54964bee3a39" executionId="d774a1e4-fa2b-4e9b-afa7-2375a2630c00" testListId="8c84fa94-04c1-424b-9868-57a2d4851a1d" />
    <TestEntry testId="92d22ba7-b922-752b-857b-7b89a3294c89" executionId="cc24ce50-8066-490f-86a5-11fda10fcf9b" testListId="8c84fa94-04c1-424b-9868-57a2d4851a1d" />
    <TestEntry testId="1bb977ae-1944-a8e5-0196-b4917a306c5a" executionId="ad709060-05f2-420b-9644-9271b6cc1edd" testListId="8c84fa94-04c1-424b-9868-57a2d4851a1d" />
    <TestEntry testId="dc786e32-ba42-779c-3c53-68ff56721fe2" executionId="58835d2f-b5e2-4df6-9931-698c072c86d7" testListId="8c84fa94-04c1-424b-9868-57a2d4851a1d" />
    <TestEntry testId="db93fd24-1033-8179-59eb-901b7f7dcb55" executionId="2b1d4d35-7e04-43df-9c96-a9b4d9d1d94e" testListId="8c84fa94-04c1-424b-9868-57a2d4851a1d" />
    <TestEntry testId="570d241b-40e5-d62c-5156-bba53f77dfb9" executionId="c963540f-db9f-4e7c-baee-2b054181ef7d" testListId="8c84fa94-04c1-424b-9868-57a2d4851a1d" />
    <TestEntry testId="add9b006-1c03-4947-07c3-7463559c6b39" executionId="9ef8e255-64bc-4e99-95e8-f4fe612bb88b" testListId="8c84fa94-04c1-424b-9868-57a2d4851a1d" />
    <TestEntry testId="f72fd43a-f735-90fd-396b-486a1e98f7f0" executionId="805260b0-63d9-4070-847d-0401c38d1037" testListId="8c84fa94-04c1-424b-9868-57a2d4851a1d" />
    <TestEntry testId="748a9ad4-eb18-aea4-f052-32e20f4294b0" executionId="e893235d-99ef-4c7b-88ba-771ce9e77c8b" testListId="8c84fa94-04c1-424b-9868-57a2d4851a1d" />
    <TestEntry testId="b857ec75-1b42-4f62-360e-1de8d341c9df" executionId="14eb0247-1e32-4cdc-a7d7-cc841f3b30e5" testListId="8c84fa94-04c1-424b-9868-57a2d4851a1d" />
    <TestEntry testId="d00e235f-a759-21de-9323-756cf8327dbb" executionId="bd695619-2d23-4d3d-aaa3-501fbcbf2d67" testListId="8c84fa94-04c1-424b-9868-57a2d4851a1d" />
    <TestEntry testId="a57b98f2-96f5-622f-0936-e4428fc8b2ba" executionId="69ac6621-6d1c-42cb-9e87-4ade77b6f886" testListId="8c84fa94-04c1-424b-9868-57a2d4851a1d" />
    <TestEntry testId="2af45f51-9c46-e5f7-30a6-598410a9c761" executionId="8042032a-833a-466c-849d-c1ec69797fa5" testListId="8c84fa94-04c1-424b-9868-57a2d4851a1d" />
    <TestEntry testId="26a483f8-7117-e06a-6422-e1a27ca3e7ed" executionId="8ae42cbe-1259-4843-8413-25b3190a00b3" testListId="8c84fa94-04c1-424b-9868-57a2d4851a1d" />
    <TestEntry testId="470dbbee-594b-2d46-cd86-ed08cc780669" executionId="6e0dd347-0fe3-4fd0-ad8d-bf72081ed65e" testListId="8c84fa94-04c1-424b-9868-57a2d4851a1d" />
    <TestEntry testId="e4914436-808d-071f-eafe-fa45b5dba2b9" executionId="4b10f91f-78f8-4f3f-8ddd-4a4fadcd18ae" testListId="8c84fa94-04c1-424b-9868-57a2d4851a1d" />
    <TestEntry testId="a369b24e-4f95-11e9-9d84-35835d7dd990" executionId="4c471e92-7ba8-4dc0-a097-9f2e7dfc295b" testListId="8c84fa94-04c1-424b-9868-57a2d4851a1d" />
    <TestEntry testId="bdc8ed1c-5127-50b1-b0f2-ee5f9ad3b1d1" executionId="30fc8ac5-84eb-4b36-98b9-e56735e70931" testListId="8c84fa94-04c1-424b-9868-57a2d4851a1d" />
    <TestEntry testId="9d2004d7-474c-0acd-876f-2c0eb5059b92" executionId="ae98ba0f-4212-418f-b1ad-46a034684fca" testListId="8c84fa94-04c1-424b-9868-57a2d4851a1d" />
    <TestEntry testId="1e802eae-30bc-7a54-f160-1d883af08454" executionId="12a4e903-088d-46b6-8f00-fdd90c5c6b62" testListId="8c84fa94-04c1-424b-9868-57a2d4851a1d" />
    <TestEntry testId="84000c10-976e-5076-dc60-3f8fd5040349" executionId="50163c7d-8351-4581-8b04-fc5dcc9b7a0a" testListId="8c84fa94-04c1-424b-9868-57a2d4851a1d" />
    <TestEntry testId="8180ca74-4eb1-5361-b112-4540d8457bdb" executionId="7b99e0bd-c158-47e2-a102-a0b989c97d9e" testListId="8c84fa94-04c1-424b-9868-57a2d4851a1d" />
    <TestEntry testId="ad6cb86a-51da-5976-82ea-f850d3b53962" executionId="a2a5e431-1701-4ffd-9269-ba7bfa739678" testListId="8c84fa94-04c1-424b-9868-57a2d4851a1d" />
    <TestEntry testId="5a244ef1-64d6-43a5-c48b-5be2d1776465" executionId="bcc82271-343f-4144-96b9-1b43aa0794d3" testListId="8c84fa94-04c1-424b-9868-57a2d4851a1d" />
    <TestEntry testId="e1d8b656-c933-ebbd-9f87-11413d471a19" executionId="3d5aacda-f634-4f60-9603-c68097d149b1" testListId="8c84fa94-04c1-424b-9868-57a2d4851a1d" />
    <TestEntry testId="1d3a366c-a7d2-c8ca-025d-df9cf9ccc61d" executionId="b0b049d4-791a-4bb5-9bff-d867684c0564" testListId="8c84fa94-04c1-424b-9868-57a2d4851a1d" />
    <TestEntry testId="43c18d21-0da0-2e71-465c-23a8e21ea7d5" executionId="226ca9ac-4f1b-4a3f-852b-85602f7e59a9" testListId="8c84fa94-04c1-424b-9868-57a2d4851a1d" />
    <TestEntry testId="606a9702-503b-0664-24fa-2b35c71cdac4" executionId="968469bc-e3ee-4de2-9a0c-03899b6db4a9" testListId="8c84fa94-04c1-424b-9868-57a2d4851a1d" />
    <TestEntry testId="16116340-8c0d-125f-185a-9db532f4d35c" executionId="b3a2b13a-ede5-467f-8ab1-c44cbe972ee3" testListId="8c84fa94-04c1-424b-9868-57a2d4851a1d" />
    <TestEntry testId="c34c8ccd-ea25-c1ee-dc17-5c61436bf29e" executionId="3c94103d-a1b0-42f2-90a9-2595322319bc" testListId="8c84fa94-04c1-424b-9868-57a2d4851a1d" />
    <TestEntry testId="0a449015-3822-66b2-b955-f2d2b53074d3" executionId="3aa56073-0ab8-4b82-b4a1-857194be6252" testListId="8c84fa94-04c1-424b-9868-57a2d4851a1d" />
    <TestEntry testId="e5417925-24a9-24a7-aeaa-cdda1db7a059" executionId="dac6ba4f-9c20-4ee0-9eee-b169fed589b4" testListId="8c84fa94-04c1-424b-9868-57a2d4851a1d" />
    <TestEntry testId="553f2e61-eefd-3bde-341c-c0760344c45c" executionId="1f0d674d-f813-4931-ba80-84d66bc888ef" testListId="8c84fa94-04c1-424b-9868-57a2d4851a1d" />
    <TestEntry testId="19db6bc5-3e2a-3ff2-9791-b534744b9b6a" executionId="02630500-bbd8-4e14-9325-1f3cf09a7431" testListId="8c84fa94-04c1-424b-9868-57a2d4851a1d" />
    <TestEntry testId="bf994b6a-e01e-9a04-619c-59d6b7eb666f" executionId="3a0090f3-02c2-48db-a264-8e866d53c2bc" testListId="8c84fa94-04c1-424b-9868-57a2d4851a1d" />
    <TestEntry testId="c0f88a97-a45b-e705-0a3a-8ece9beffcb5" executionId="b61b1ed2-9158-406d-a926-6729e80414e0" testListId="8c84fa94-04c1-424b-9868-57a2d4851a1d" />
    <TestEntry testId="6ace0c52-0900-fef8-6705-a44827ece201" executionId="16eb6dd8-f083-4fb9-9422-041d60dfc12b" testListId="8c84fa94-04c1-424b-9868-57a2d4851a1d" />
    <TestEntry testId="b7de8a07-3538-ac1b-9583-0ee93ee57ccd" executionId="97499a20-a4a7-4881-8bd2-02ebc96a1f77" testListId="8c84fa94-04c1-424b-9868-57a2d4851a1d" />
    <TestEntry testId="8e8b2871-eb10-732e-6a30-b0191886e532" executionId="45609762-9524-4c1b-9a2b-797f41fe23a4" testListId="8c84fa94-04c1-424b-9868-57a2d4851a1d" />
    <TestEntry testId="08aedb78-f5b8-64a1-bfd6-ac14df6ad8d8" executionId="62b48727-b14a-495e-82d5-ad66236a851e" testListId="8c84fa94-04c1-424b-9868-57a2d4851a1d" />
    <TestEntry testId="684a66b3-1ebc-e95e-d228-efb736434dd8" executionId="1d915f6b-f89c-43ad-80d6-4076a0ab7df0" testListId="8c84fa94-04c1-424b-9868-57a2d4851a1d" />
    <TestEntry testId="9f5150ae-14a7-de8a-8911-12666a5d80de" executionId="b3a32251-139f-45a3-94af-5b1f5bc6d754" testListId="8c84fa94-04c1-424b-9868-57a2d4851a1d" />
    <TestEntry testId="c1aefe79-786b-f8d3-f6ea-9baf42ea7e61" executionId="f25ee61d-4501-493f-955f-e5a350f30e2f" testListId="8c84fa94-04c1-424b-9868-57a2d4851a1d" />
    <TestEntry testId="bc474c04-afe0-2c50-12c4-f070bc3527f6" executionId="af82832a-96b5-4f1e-ac28-68f52a8ee380" testListId="8c84fa94-04c1-424b-9868-57a2d4851a1d" />
    <TestEntry testId="9267db19-436a-b934-10f0-bf2650255358" executionId="6a2fcbf8-cb09-4e34-a578-bd038c5df71a" testListId="8c84fa94-04c1-424b-9868-57a2d4851a1d" />
    <TestEntry testId="9c7e88c4-d862-d6cd-8ceb-fedd152b16c3" executionId="af3ba7bb-e478-48c0-8e3d-61706fc70602" testListId="8c84fa94-04c1-424b-9868-57a2d4851a1d" />
    <TestEntry testId="1ce77e7d-9968-5348-f7c2-413a004b1ad1" executionId="ac329dd3-91ee-464c-bf81-56ddc5993676" testListId="8c84fa94-04c1-424b-9868-57a2d4851a1d" />
    <TestEntry testId="c7efbf20-71d5-7af5-dbdb-05621d99831d" executionId="957e1067-44cf-4ff1-9db4-46dde6f372c7" testListId="8c84fa94-04c1-424b-9868-57a2d4851a1d" />
    <TestEntry testId="c7e5ee1e-e13e-1215-bae8-208646eb0e68" executionId="2e0e0c8e-688c-402b-8a94-5c15420ea9e3" testListId="8c84fa94-04c1-424b-9868-57a2d4851a1d" />
    <TestEntry testId="be679bd7-2645-3eba-116d-7293c6ce7895" executionId="5ecadaed-200d-4435-8715-8bedb40c3693" testListId="8c84fa94-04c1-424b-9868-57a2d4851a1d" />
    <TestEntry testId="47b1aa51-e2b9-df3b-c7eb-aa95f48e0aa3" executionId="bad0d7c3-4755-40d0-a23a-0b9631381c9d" testListId="8c84fa94-04c1-424b-9868-57a2d4851a1d" />
    <TestEntry testId="6996465b-01fb-f65b-8633-2ec5612acb78" executionId="97bbd03b-5106-4c3e-80d9-71de4693e3c8" testListId="8c84fa94-04c1-424b-9868-57a2d4851a1d" />
    <TestEntry testId="1eea9f8e-be1c-bdde-b5e4-ab60cb5ba707" executionId="478a9c9e-eb7a-449f-ad48-7390eeefda89" testListId="8c84fa94-04c1-424b-9868-57a2d4851a1d" />
    <TestEntry testId="da9cc1bb-8949-5da3-6e64-01c3f2d25668" executionId="372a345c-0dad-4904-b23d-292a73415c53" testListId="8c84fa94-04c1-424b-9868-57a2d4851a1d" />
    <TestEntry testId="4d496680-40bc-b60b-351b-afaed33270e8" executionId="882022ea-4be5-48cd-9e3f-ced2c2489e2d" testListId="8c84fa94-04c1-424b-9868-57a2d4851a1d" />
    <TestEntry testId="a5ac5349-49d4-617c-d6aa-1698be8e5859" executionId="625c44e3-7d17-46e9-862c-3c3b939c550c" testListId="8c84fa94-04c1-424b-9868-57a2d4851a1d" />
    <TestEntry testId="35cc6b19-ca09-93f7-36a4-878943da7525" executionId="6afe0aed-3192-4226-9894-6f3fe0c13eed" testListId="8c84fa94-04c1-424b-9868-57a2d4851a1d" />
    <TestEntry testId="16b69696-1bdf-a0fd-c9d3-56cf93372185" executionId="4ddf6f32-3ff5-473a-9e7b-a1140f1f855f" testListId="8c84fa94-04c1-424b-9868-57a2d4851a1d" />
    <TestEntry testId="ef40069c-1604-786d-4267-6e2cb18c9322" executionId="b846566d-a76d-427e-8d97-770ecbd62629" testListId="8c84fa94-04c1-424b-9868-57a2d4851a1d" />
    <TestEntry testId="7116938b-79e7-0a09-8b4c-c972fe8abed5" executionId="86b7d50f-2d7c-4613-aa2f-2a36bd2dbea1" testListId="8c84fa94-04c1-424b-9868-57a2d4851a1d" />
    <TestEntry testId="2ae3978e-e49b-bfce-7091-105f46f2561d" executionId="a1f51375-9458-4cf9-a96f-91beb0b41861" testListId="8c84fa94-04c1-424b-9868-57a2d4851a1d" />
    <TestEntry testId="437f18eb-6138-48c5-3095-f23cf756c059" executionId="63ee5798-f458-4600-a53e-85e83f741b1c" testListId="8c84fa94-04c1-424b-9868-57a2d4851a1d" />
    <TestEntry testId="6b4c1e97-f362-3e2a-ea4f-1de76bdda5d3" executionId="179e32e0-634d-491a-979b-3e4d45d6583c" testListId="8c84fa94-04c1-424b-9868-57a2d4851a1d" />
    <TestEntry testId="e3731e2e-daff-a37c-abba-e07e4cbd1a56" executionId="37ff2b3a-76d0-4ec7-950b-496a3c92413d" testListId="8c84fa94-04c1-424b-9868-57a2d4851a1d" />
    <TestEntry testId="1fec83ea-59a6-2abb-b0f4-dc5af04ad755" executionId="563f9f01-5233-4748-8179-85c5342f629b" testListId="8c84fa94-04c1-424b-9868-57a2d4851a1d" />
    <TestEntry testId="15af26a4-ce24-0e70-befd-2c7aad792796" executionId="d68309a5-83df-4316-aa80-441949bcff4a" testListId="8c84fa94-04c1-424b-9868-57a2d4851a1d" />
    <TestEntry testId="baba7f91-6696-5745-1c3c-202324fe47a9" executionId="6d8ff4d6-515c-4194-b184-63428c555dd9" testListId="8c84fa94-04c1-424b-9868-57a2d4851a1d" />
    <TestEntry testId="6b260e0c-d14d-a025-9641-20d0e0ccd1f4" executionId="cf584872-d7ff-4fc0-af46-58e6203d3177" testListId="8c84fa94-04c1-424b-9868-57a2d4851a1d" />
    <TestEntry testId="0286a2c5-c5ed-51c3-d967-603ad858c773" executionId="66e03706-b08c-4f75-9f8c-7d16336555fe" testListId="8c84fa94-04c1-424b-9868-57a2d4851a1d" />
    <TestEntry testId="6636b219-dd13-7bcf-f989-4a0b70894cb3" executionId="df71578b-d683-4fff-8992-3628e5887517" testListId="8c84fa94-04c1-424b-9868-57a2d4851a1d" />
    <TestEntry testId="90eff0bb-07f0-d175-a231-ce291e35435d" executionId="ba290eb7-a8cb-4a14-a87d-8802f6f036d8" testListId="8c84fa94-04c1-424b-9868-57a2d4851a1d" />
    <TestEntry testId="5296b9e6-bb50-c3ae-26fd-4aafba07a1a0" executionId="16b6fb7a-51e5-48b3-b38a-28453a9a49bc" testListId="8c84fa94-04c1-424b-9868-57a2d4851a1d" />
    <TestEntry testId="beef9ead-4f5a-03ad-0588-2fa15e7899ee" executionId="67a864d7-adea-42f1-b76f-bb3a0ac10d80" testListId="8c84fa94-04c1-424b-9868-57a2d4851a1d" />
    <TestEntry testId="9499730f-b195-ea84-9ce1-16801381561b" executionId="11ba5fa3-9baa-476b-8639-e045f524864a" testListId="8c84fa94-04c1-424b-9868-57a2d4851a1d" />
    <TestEntry testId="fd314776-f1ef-5de4-1834-63fb07399aa8" executionId="8184ccf3-d863-4957-a1ac-402f329a071c" testListId="8c84fa94-04c1-424b-9868-57a2d4851a1d" />
    <TestEntry testId="8e029bb8-f1db-e0bb-8e60-94d3986529d2" executionId="2e945c75-aa1a-4cc6-bd7d-1f40e0361f51" testListId="8c84fa94-04c1-424b-9868-57a2d4851a1d" />
    <TestEntry testId="3b495187-293d-868a-0495-cf99fc94dd0b" executionId="ae095d67-02f8-4e7a-8e64-99d978a0e7d1" testListId="8c84fa94-04c1-424b-9868-57a2d4851a1d" />
    <TestEntry testId="425deb36-c065-8909-b02c-660d7db5a4aa" executionId="da21f176-0b6b-4e9f-bdb1-502479010283" testListId="8c84fa94-04c1-424b-9868-57a2d4851a1d" />
    <TestEntry testId="e539b579-2241-7bc3-96a8-c3c0c867a109" executionId="67d19208-8240-4520-a955-1fb131d3a74d" testListId="8c84fa94-04c1-424b-9868-57a2d4851a1d" />
    <TestEntry testId="24d8fe37-b698-f216-d23d-bb35aa7bc737" executionId="f8bfefb1-fb2b-4551-a73a-1e0e92fd35be" testListId="8c84fa94-04c1-424b-9868-57a2d4851a1d" />
    <TestEntry testId="f418e28f-bf42-b807-5ac1-29d46bf2142e" executionId="85e1a238-2a2a-410f-b941-5e7ccfd73852" testListId="8c84fa94-04c1-424b-9868-57a2d4851a1d" />
    <TestEntry testId="877946ba-fa5e-e787-6539-47b5080bcb84" executionId="2b0d189d-1af6-4fc7-960a-32884f984de9" testListId="8c84fa94-04c1-424b-9868-57a2d4851a1d" />
    <TestEntry testId="6cef6cd0-a73a-85fb-095b-33e74d7bb614" executionId="f0c63457-68e1-4bd9-a7cc-b56e6246dd49" testListId="8c84fa94-04c1-424b-9868-57a2d4851a1d" />
    <TestEntry testId="9f6bb50e-1fc1-2ccf-9212-fe280e8d7fd2" executionId="595eb6d1-2abe-4314-b094-e1c6cb2cd1b9" testListId="8c84fa94-04c1-424b-9868-57a2d4851a1d" />
    <TestEntry testId="232aab9d-c2fa-4c95-edad-26faa19021fa" executionId="c0efd991-2c23-4928-ab96-cae7d429644d" testListId="8c84fa94-04c1-424b-9868-57a2d4851a1d" />
    <TestEntry testId="c5e43791-a999-a57c-f740-d85fd7ce1a5a" executionId="10dfbed2-ca29-4029-b276-74ba76af0c6a" testListId="8c84fa94-04c1-424b-9868-57a2d4851a1d" />
    <TestEntry testId="38374464-412c-cb0f-701c-fa8ecd464631" executionId="705d6b28-af01-40b0-9767-b1b6977ccad0" testListId="8c84fa94-04c1-424b-9868-57a2d4851a1d" />
    <TestEntry testId="1dfc5e24-4257-6b5d-6cfd-79a8f4b857b4" executionId="5a4f96da-2cbd-4b0f-bc5b-96a7bf3c2d04" testListId="8c84fa94-04c1-424b-9868-57a2d4851a1d" />
    <TestEntry testId="bbe4acfa-2103-647c-044a-33215ea9624e" executionId="3ea0af80-fb08-4a9e-a2c7-447d958eb446" testListId="8c84fa94-04c1-424b-9868-57a2d4851a1d" />
    <TestEntry testId="3dcd3667-3f58-3d97-45fd-3dc0845d3cd0" executionId="d13b2621-d559-4d68-986d-f722a1de1977" testListId="8c84fa94-04c1-424b-9868-57a2d4851a1d" />
    <TestEntry testId="742360af-63f8-7281-6ac1-63bb9c84a48b" executionId="fdbe34a5-61af-44d0-b2e8-bd84dd8c7a40" testListId="8c84fa94-04c1-424b-9868-57a2d4851a1d" />
    <TestEntry testId="e63e54b8-42d4-a8c1-50c8-8bcdbb5ef90f" executionId="cfd7edff-2a1c-4bec-a2fa-573f269f7f9f" testListId="8c84fa94-04c1-424b-9868-57a2d4851a1d" />
    <TestEntry testId="6aaa3180-32aa-3a58-2ac8-edf395f5350b" executionId="4f3c6a65-871c-4651-9107-42686e9e7a95" testListId="8c84fa94-04c1-424b-9868-57a2d4851a1d" />
    <TestEntry testId="f9900c17-aaf0-da98-15a1-3e76c2280c6e" executionId="e1beea1e-2139-41b4-8250-0273f6cd63f6" testListId="8c84fa94-04c1-424b-9868-57a2d4851a1d" />
    <TestEntry testId="44a64d7f-2f31-7b9a-b4f2-f1e6449757c1" executionId="df21a322-35e0-4bd6-a92a-a95b08a76f45" testListId="8c84fa94-04c1-424b-9868-57a2d4851a1d" />
    <TestEntry testId="b43f687d-4649-2fc5-7a28-9ab18c977ed9" executionId="11d2102c-a690-49d7-b1da-d112ac695d3b" testListId="8c84fa94-04c1-424b-9868-57a2d4851a1d" />
    <TestEntry testId="9e0c0664-ac71-dcb3-5209-00486304408e" executionId="c42ccf58-9a6f-410e-a81f-6d4d725b160b" testListId="8c84fa94-04c1-424b-9868-57a2d4851a1d" />
    <TestEntry testId="cbd53138-ea99-c860-c923-60634051d941" executionId="d7fa4dff-1b40-48a2-8c4e-64c990b24f07" testListId="8c84fa94-04c1-424b-9868-57a2d4851a1d" />
    <TestEntry testId="c257d925-a371-7a4c-05ec-f978c3a25182" executionId="9353d2e0-2683-4038-a0da-c3af58148037" testListId="8c84fa94-04c1-424b-9868-57a2d4851a1d" />
    <TestEntry testId="abcb5cbf-c6d0-3bc4-5426-d051c6f8e4ed" executionId="97998701-aa6b-4d80-bc00-69ec6f687025" testListId="8c84fa94-04c1-424b-9868-57a2d4851a1d" />
    <TestEntry testId="33f6d3be-d771-8d5f-5398-31ef4bd5ce09" executionId="2ca99dba-f335-4d67-ba41-f7e8acd866df" testListId="8c84fa94-04c1-424b-9868-57a2d4851a1d" />
    <TestEntry testId="7e8f4af6-bc69-0a9c-7c1d-97517b09f402" executionId="588175bf-fff2-4c9d-96b2-ccf3d8a3f23a" testListId="8c84fa94-04c1-424b-9868-57a2d4851a1d" />
    <TestEntry testId="fb21bc99-5b49-8412-9333-bcc4653fa1b0" executionId="bf8b1e8b-e5cb-4204-8066-caed222e9ee8" testListId="8c84fa94-04c1-424b-9868-57a2d4851a1d" />
    <TestEntry testId="23f6dc92-fb27-bb7f-30ab-dfadd079624a" executionId="ffdad0f5-3522-482a-88ff-fe8e38456fe3" testListId="8c84fa94-04c1-424b-9868-57a2d4851a1d" />
    <TestEntry testId="7369bc4b-545e-2eef-8e5a-eb8c54117f29" executionId="5c18111f-9c94-4e4d-b6f0-ef8d8770e169" testListId="8c84fa94-04c1-424b-9868-57a2d4851a1d" />
    <TestEntry testId="101f9030-bd53-0c8a-6065-1d2009d15ad2" executionId="76db89ed-01e2-43a8-afb3-b6c0cebfac2d" testListId="8c84fa94-04c1-424b-9868-57a2d4851a1d" />
    <TestEntry testId="2eee89de-51c9-89dd-91bd-df15141cd414" executionId="4698e4bb-ab3c-4a2f-aaa0-bb759894b314" testListId="8c84fa94-04c1-424b-9868-57a2d4851a1d" />
    <TestEntry testId="6720a58d-fe73-3532-469d-b34b181efa6e" executionId="6a39f594-9dba-4a4a-bc44-840c51d801bf" testListId="8c84fa94-04c1-424b-9868-57a2d4851a1d" />
    <TestEntry testId="0e783ecc-0e3d-1d42-6630-3115b8bab0ac" executionId="a90b7386-d3e7-4846-8cba-47d51db286d5" testListId="8c84fa94-04c1-424b-9868-57a2d4851a1d" />
    <TestEntry testId="5b4e6963-d84b-a43c-8e57-92dd37001554" executionId="78de234e-db0a-4bc4-921a-6458c5a45a24" testListId="8c84fa94-04c1-424b-9868-57a2d4851a1d" />
    <TestEntry testId="9edd4492-abee-799b-1590-036c2e26a40b" executionId="95d9d165-cc57-4322-b431-5477889b26e1" testListId="8c84fa94-04c1-424b-9868-57a2d4851a1d" />
    <TestEntry testId="76bf54f1-d6f3-a8b1-d566-8106c40a1ca6" executionId="6f12c148-9a52-4702-8182-0fa5353e4178" testListId="8c84fa94-04c1-424b-9868-57a2d4851a1d" />
    <TestEntry testId="da6e7d17-19f2-3a75-30f0-6ecb9233715a" executionId="aa76d0bf-fed7-4597-8fc4-998677c5f4e2" testListId="8c84fa94-04c1-424b-9868-57a2d4851a1d" />
    <TestEntry testId="d444b0a5-f366-ce4c-d294-6f89c533b031" executionId="e0a8ffba-e400-4a16-894e-75606b13ab6f" testListId="8c84fa94-04c1-424b-9868-57a2d4851a1d" />
    <TestEntry testId="f6f55a29-1329-0ae1-03b4-a10ac6f5097f" executionId="555c844f-2a6f-4d8d-a34e-65e9a4627554" testListId="8c84fa94-04c1-424b-9868-57a2d4851a1d" />
    <TestEntry testId="cc6e0747-8c7f-184e-1e19-03ae43bc6d5d" executionId="9d252b4c-19b0-4ea2-b209-814639376e42" testListId="8c84fa94-04c1-424b-9868-57a2d4851a1d" />
    <TestEntry testId="24949aae-a9e5-8dc3-778d-7a2d7a42501c" executionId="064181d8-f887-4733-a936-0846e2f3a983" testListId="8c84fa94-04c1-424b-9868-57a2d4851a1d" />
    <TestEntry testId="3ca72938-ef44-3543-5887-319a087ed1a4" executionId="e6632e32-5561-4595-968b-85cf041aee31" testListId="8c84fa94-04c1-424b-9868-57a2d4851a1d" />
    <TestEntry testId="0d07c229-4a8b-1eda-46e8-fc25cf0debe3" executionId="112ec311-bc39-419c-814b-914741dcdd8d" testListId="8c84fa94-04c1-424b-9868-57a2d4851a1d" />
    <TestEntry testId="8005b75e-2b8e-a7d3-c91d-9ba84e501585" executionId="d3105dea-ba3c-4b7d-b54a-a98f8448ab76" testListId="8c84fa94-04c1-424b-9868-57a2d4851a1d" />
    <TestEntry testId="aaa11e7b-de38-faf6-4358-4c8096bc7710" executionId="f5518e37-10b4-49ea-af51-7db08e36c3eb" testListId="8c84fa94-04c1-424b-9868-57a2d4851a1d" />
    <TestEntry testId="998261ba-feab-c684-0778-2cf0ef6269b6" executionId="a33ca016-4da4-4425-a1ab-7b6951eea31c" testListId="8c84fa94-04c1-424b-9868-57a2d4851a1d" />
    <TestEntry testId="2246c02b-c043-8bd1-d15f-80655c8c6edf" executionId="2be972ad-b2d8-4461-b997-411a728ab861" testListId="8c84fa94-04c1-424b-9868-57a2d4851a1d" />
    <TestEntry testId="c480fd6f-80eb-8135-be10-dadc7bc57ff1" executionId="96dcb271-1b8a-419f-9e47-0d73328bd507" testListId="8c84fa94-04c1-424b-9868-57a2d4851a1d" />
    <TestEntry testId="801bf94f-6482-1158-2087-277fd1467e1d" executionId="5e8f8034-89ee-4775-aa52-444233cf3f2a" testListId="8c84fa94-04c1-424b-9868-57a2d4851a1d" />
    <TestEntry testId="3c497a7f-34ac-d198-48ac-6d1652027cbf" executionId="6487269a-f9a3-4cfb-bc27-ab5db9b80603" testListId="8c84fa94-04c1-424b-9868-57a2d4851a1d" />
    <TestEntry testId="364a2917-1c50-a6a3-f41a-99750feef765" executionId="1a2105c3-b93c-4841-95df-8eb2b5967eec" testListId="8c84fa94-04c1-424b-9868-57a2d4851a1d" />
    <TestEntry testId="93cd613a-4b60-a252-ceb3-80cae37a5bf3" executionId="d482dce5-9665-4602-a3ce-14c11a095b33" testListId="8c84fa94-04c1-424b-9868-57a2d4851a1d" />
    <TestEntry testId="f9f0c513-6a78-cf8d-917a-49d5f2d283cd" executionId="375f6b19-ebee-4286-8db0-0af62776c48c" testListId="8c84fa94-04c1-424b-9868-57a2d4851a1d" />
    <TestEntry testId="0d8c31dd-ed0d-61e8-7bc3-5a3603a9f03d" executionId="df9a13d6-fd27-4c37-8e94-ac63a85a7c8e" testListId="8c84fa94-04c1-424b-9868-57a2d4851a1d" />
    <TestEntry testId="9dc04645-8dbb-9613-e8c8-a9ddf8ba6c9a" executionId="35420ce5-98e6-4645-9bed-a76cb87a417e" testListId="8c84fa94-04c1-424b-9868-57a2d4851a1d" />
    <TestEntry testId="d4b828da-187a-d6f5-d7a3-5ae1daa628fc" executionId="e93a0c62-c28f-4809-91fa-2f73890abe57" testListId="8c84fa94-04c1-424b-9868-57a2d4851a1d" />
    <TestEntry testId="839f4b23-f7b5-157a-847f-af348ee366e3" executionId="c0af8e28-7100-4e27-ad77-bb57b68f6acc" testListId="8c84fa94-04c1-424b-9868-57a2d4851a1d" />
    <TestEntry testId="3ab84651-852c-6dd7-8a07-d51d848339fd" executionId="28a6b695-e45c-480a-af45-21cc9e5b8d61" testListId="8c84fa94-04c1-424b-9868-57a2d4851a1d" />
    <TestEntry testId="b540a9c5-1f14-6510-fa84-50aeceaabdba" executionId="13dc26cd-ab0d-4d27-9d56-69f4dc80931f" testListId="8c84fa94-04c1-424b-9868-57a2d4851a1d" />
    <TestEntry testId="83fd843d-af0e-0bf0-5b9c-7dfb48ec9a91" executionId="b1669740-d673-4fd0-820c-e9ff402626ea" testListId="8c84fa94-04c1-424b-9868-57a2d4851a1d" />
    <TestEntry testId="42aaad5e-2fc7-eee4-57c0-bac15f447283" executionId="c90037dc-6d73-4575-9ecb-bb3918fc729e" testListId="8c84fa94-04c1-424b-9868-57a2d4851a1d" />
    <TestEntry testId="64e0485f-4290-f465-6c66-518320016ed7" executionId="1b1f80c0-ff6b-42d9-b2ee-448ea49aac59" testListId="8c84fa94-04c1-424b-9868-57a2d4851a1d" />
    <TestEntry testId="b28dd2c5-bbae-2694-496b-156a297f0be6" executionId="9411b4af-d9c4-44e2-b81f-17ec04c51812" testListId="8c84fa94-04c1-424b-9868-57a2d4851a1d" />
    <TestEntry testId="e2c35eac-5aba-1e39-739b-ea22b79774ec" executionId="de3672c5-fbfa-49e0-8617-64f36001a1c4" testListId="8c84fa94-04c1-424b-9868-57a2d4851a1d" />
    <TestEntry testId="7e20d495-fbab-a3c9-afd1-ea01595fca0b" executionId="190ab99d-01ee-46dd-8d69-664b3589a8fe" testListId="8c84fa94-04c1-424b-9868-57a2d4851a1d" />
    <TestEntry testId="503dc619-150d-3775-bd72-ebe70ab45c03" executionId="6cf17fff-b9a2-493c-87c9-1b736e39a102" testListId="8c84fa94-04c1-424b-9868-57a2d4851a1d" />
    <TestEntry testId="a11d8395-2601-760b-fbfd-dd774843014a" executionId="7f000097-82b5-49a6-add1-55266454495e" testListId="8c84fa94-04c1-424b-9868-57a2d4851a1d" />
    <TestEntry testId="0869e578-d003-6130-e0e8-d2f36eff5472" executionId="a6238d43-b0b8-4719-a730-27337fdaa28f" testListId="8c84fa94-04c1-424b-9868-57a2d4851a1d" />
    <TestEntry testId="11d4dbe6-7a3d-300f-ab56-5fa44e27b794" executionId="d53138b1-2d49-453e-aae4-23a7ca753264" testListId="8c84fa94-04c1-424b-9868-57a2d4851a1d" />
    <TestEntry testId="3ae1ae5e-7b28-1676-081b-3e342c18fce9" executionId="839c7a27-7bbf-4cb9-b905-aebe4f39e7c1" testListId="8c84fa94-04c1-424b-9868-57a2d4851a1d" />
    <TestEntry testId="c1747931-7130-9a55-7090-d01ca9f62983" executionId="d952afe9-4e90-4173-8ac5-95b1a8ece446" testListId="8c84fa94-04c1-424b-9868-57a2d4851a1d" />
    <TestEntry testId="eacaa944-7567-0e3d-120e-8d3d35b95e26" executionId="55f25b10-b555-40a2-8e5b-267e0b940f4b" testListId="8c84fa94-04c1-424b-9868-57a2d4851a1d" />
    <TestEntry testId="ae8aeeaa-4c8c-5dff-4065-f5a9d582756f" executionId="05bf6eb9-9782-49d4-9afa-5159c8b660c8" testListId="8c84fa94-04c1-424b-9868-57a2d4851a1d" />
    <TestEntry testId="488759c5-2b6a-8db6-ab42-0c01993bf9ad" executionId="7b0d6906-b1ec-49f5-9fc2-b60f1f276d66" testListId="8c84fa94-04c1-424b-9868-57a2d4851a1d" />
    <TestEntry testId="fad59eb6-6618-def7-b296-7b0a6a51a2c8" executionId="d1977c28-b646-4ebd-acd8-162bfe774549" testListId="8c84fa94-04c1-424b-9868-57a2d4851a1d" />
    <TestEntry testId="06537a5a-d1f1-5f40-8539-9d85b7677d24" executionId="80a506aa-674a-462f-a2a3-802b151b6740" testListId="8c84fa94-04c1-424b-9868-57a2d4851a1d" />
    <TestEntry testId="d5cb383a-2c1c-8a14-4faa-044b88c000da" executionId="374721dd-8ea2-4bd8-80f3-9cb071e50d6c" testListId="8c84fa94-04c1-424b-9868-57a2d4851a1d" />
    <TestEntry testId="c40f998a-e08d-133b-e47a-35aa06b6c059" executionId="8bc98ed2-38a3-4704-8318-7c0851e15531" testListId="8c84fa94-04c1-424b-9868-57a2d4851a1d" />
    <TestEntry testId="2e217906-635c-9e5f-f82d-ccfad99903c5" executionId="0b8811e4-ab07-4af8-bd21-538f718a40c7" testListId="8c84fa94-04c1-424b-9868-57a2d4851a1d" />
    <TestEntry testId="31ab353c-1147-cbb0-6a92-69f09dab01b3" executionId="38804b65-43b1-45dd-ad6d-a06660981fea" testListId="8c84fa94-04c1-424b-9868-57a2d4851a1d" />
    <TestEntry testId="0ccde5fd-fac4-83b9-f507-7a10ba50bc18" executionId="e03de14f-84a2-468a-ac85-946c6c5f7302" testListId="8c84fa94-04c1-424b-9868-57a2d4851a1d" />
    <TestEntry testId="96eab2fe-803d-66f6-2ce4-1ab4d0f0c13d" executionId="e185abcc-8ea4-4bc9-8cf5-4258ed190e14" testListId="8c84fa94-04c1-424b-9868-57a2d4851a1d" />
    <TestEntry testId="c8ea0b8f-f464-69df-a58c-f33db16a11dd" executionId="e0224b0d-fa6d-40f4-9f23-fe977cc491de" testListId="8c84fa94-04c1-424b-9868-57a2d4851a1d" />
    <TestEntry testId="95e56123-042a-020a-bd8d-c3f5552cdd5c" executionId="66e58918-6fdc-414c-a008-b0331367a1ee" testListId="8c84fa94-04c1-424b-9868-57a2d4851a1d" />
    <TestEntry testId="657ea48b-53a1-990f-cb7d-f1aea9b3d6f6" executionId="77a7fd23-1be8-4960-a2e4-987c8502fa2c" testListId="8c84fa94-04c1-424b-9868-57a2d4851a1d" />
    <TestEntry testId="57959f88-148a-22c2-e920-cdc2517a9801" executionId="d5fdd3e1-cb79-44da-9f8d-81bcb3867232" testListId="8c84fa94-04c1-424b-9868-57a2d4851a1d" />
    <TestEntry testId="d6c8487d-128a-ef46-9dee-92cf2d50ad36" executionId="81d3a1e1-27c8-49e9-8d9e-58f8ced200b8" testListId="8c84fa94-04c1-424b-9868-57a2d4851a1d" />
    <TestEntry testId="96c9e354-4ae3-e596-9367-d01a15b9ae3e" executionId="47c5347b-fbfd-41e3-b501-42c3668701bf" testListId="8c84fa94-04c1-424b-9868-57a2d4851a1d" />
    <TestEntry testId="d123c688-1f2c-fb8a-32e9-48de404e813f" executionId="ef0e1945-7f89-427e-bb74-c48206b49d13" testListId="8c84fa94-04c1-424b-9868-57a2d4851a1d" />
    <TestEntry testId="65f5d2c6-08a0-4329-512d-fa139e7042cb" executionId="71342957-9566-4117-bfed-bfe96fb4af7c" testListId="8c84fa94-04c1-424b-9868-57a2d4851a1d" />
    <TestEntry testId="7fe3d083-fcc6-01b4-01a7-f717f508420a" executionId="a4bf9aea-88da-4154-8dbd-cb5ee963680d" testListId="8c84fa94-04c1-424b-9868-57a2d4851a1d" />
    <TestEntry testId="df6c459c-31c6-7e25-ef91-f84e3cb9a71f" executionId="0fdd804f-ba91-40a1-963a-71828c74d01d" testListId="8c84fa94-04c1-424b-9868-57a2d4851a1d" />
    <TestEntry testId="402d313e-7f9f-a2c7-1f37-46525f2f0be2" executionId="43936b4c-7f3e-4a52-ba40-b6683eb8cbde" testListId="8c84fa94-04c1-424b-9868-57a2d4851a1d" />
    <TestEntry testId="92d99919-58b0-b737-1fc9-5b57bc8ac08a" executionId="d0b24542-fb06-4eba-a15e-938b3ab0b770" testListId="8c84fa94-04c1-424b-9868-57a2d4851a1d" />
    <TestEntry testId="376c7c17-a9f7-57bc-12a1-2b201483682f" executionId="6058d0ff-77da-4600-a708-d64c1febfca0" testListId="8c84fa94-04c1-424b-9868-57a2d4851a1d" />
    <TestEntry testId="0a8dcfc9-3f47-d3bb-e973-5da9efd9eaa7" executionId="1518d779-64df-4407-bb8a-558f50233120" testListId="8c84fa94-04c1-424b-9868-57a2d4851a1d" />
    <TestEntry testId="097336a5-f59d-b2de-81dc-3a85279c40cd" executionId="974eb7ae-3646-48d1-816e-2b71476e51f2" testListId="8c84fa94-04c1-424b-9868-57a2d4851a1d" />
    <TestEntry testId="cb4d6a3d-567c-18d0-672f-c2d78073092d" executionId="0d3b25be-cbc2-4cf8-9a51-f2e84e91199e" testListId="8c84fa94-04c1-424b-9868-57a2d4851a1d" />
    <TestEntry testId="5be89ceb-fdd2-834d-dc40-1b6c3cb99b0e" executionId="9e40db9e-9802-4f96-bf79-fc6cdd1b31a3" testListId="8c84fa94-04c1-424b-9868-57a2d4851a1d" />
    <TestEntry testId="72aa15d6-7a85-bd6c-31b2-6f615590e3c4" executionId="c8de9de8-42a0-476d-bc99-dd2a7ddf242e" testListId="8c84fa94-04c1-424b-9868-57a2d4851a1d" />
    <TestEntry testId="d534f5ee-3faa-2e8f-6d94-87eea27f5443" executionId="c761df7d-a7b2-4529-835d-b99e4084ebf7" testListId="8c84fa94-04c1-424b-9868-57a2d4851a1d" />
    <TestEntry testId="28230e54-5618-7605-ef16-2a66971f7d88" executionId="aca3d70a-68fb-4e5c-9699-341caec71429" testListId="8c84fa94-04c1-424b-9868-57a2d4851a1d" />
    <TestEntry testId="974d0396-3cda-99b7-3ce7-59eaa78e64a2" executionId="bd85d50a-f179-432e-b943-73ed08230754" testListId="8c84fa94-04c1-424b-9868-57a2d4851a1d" />
    <TestEntry testId="e8bbf711-702b-317b-c63a-d4a190cda78d" executionId="838ac643-ad30-40d0-9fe1-9c2701c72e7c" testListId="8c84fa94-04c1-424b-9868-57a2d4851a1d" />
    <TestEntry testId="95e2d7e2-787a-43d5-661c-b4edb536abd2" executionId="31b14ec5-a28c-4f91-8add-92007e735736" testListId="8c84fa94-04c1-424b-9868-57a2d4851a1d" />
    <TestEntry testId="cf26d743-0a4b-7a0d-f683-639ad4866d31" executionId="0f66a689-68a0-47d0-93a6-6eb5751d22d7" testListId="8c84fa94-04c1-424b-9868-57a2d4851a1d" />
    <TestEntry testId="c54c4af1-92eb-4f42-c1aa-20ecf64a0030" executionId="c5e03809-eedb-4810-9b4b-bf740c7f5124" testListId="8c84fa94-04c1-424b-9868-57a2d4851a1d" />
    <TestEntry testId="5a9880e9-24ab-2c8c-1f0f-bb98d25aab4e" executionId="5a3da1b9-f2f6-46a6-a4b1-91f9c7148f8e" testListId="8c84fa94-04c1-424b-9868-57a2d4851a1d" />
    <TestEntry testId="3d37a6a4-5e0d-7cfc-c119-156b7d1d9d46" executionId="08dd10e1-cd6b-49cb-9ebe-8f2be72049b8" testListId="8c84fa94-04c1-424b-9868-57a2d4851a1d" />
    <TestEntry testId="fc8e3f8c-ba42-3638-ea97-a726b24043c6" executionId="c176bcd0-826c-4979-88f7-39832c4bf0d8" testListId="8c84fa94-04c1-424b-9868-57a2d4851a1d" />
    <TestEntry testId="84affa08-b285-f838-2dcb-993d83774f1e" executionId="75f3665c-d92a-4a35-bf96-a7155d3e9149" testListId="8c84fa94-04c1-424b-9868-57a2d4851a1d" />
    <TestEntry testId="c040e3e2-3e1c-42b3-192c-dc8b30c23293" executionId="9fed373e-2fc2-45be-bb1f-8e11a30ff5f0" testListId="8c84fa94-04c1-424b-9868-57a2d4851a1d" />
  </TestEntries>
  <TestLists>
    <TestList name="Results Not in a List" id="8c84fa94-04c1-424b-9868-57a2d4851a1d" />
    <TestList name="All Loaded Results" id="19431567-8539-422a-85d7-44ee4e166bda" />
  </TestLists>
  <ResultSummary outcome="Completed">
    <Counters total="245" executed="245" passed="245" failed="0" error="0" timeout="0" aborted="0" inconclusive="0" passedButRunAborted="0" notRunnable="0" notExecuted="0" disconnected="0" warning="0" completed="0" inProgress="0" pending="0" />
  </ResultSummary>
</TestRun>