<?xml version="1.0" encoding="UTF-8"?>
<TestRun id="42c5d217-9b71-4566-84c8-ab69467f73bd" name="bacemi@ICSWS068 2016-08-04 09:57:45" runUser="ICORE\bacemi" xmlns="http://microsoft.com/schemas/VisualStudio/TeamTest/2010">
  <Times creation="2016-08-04T09:57:45.0963105+02:00" queuing="2016-08-04T09:57:45.0963105+02:00" start="2016-08-04T09:57:44.4989855+02:00" finish="2016-08-04T09:57:46.4882578+02:00" />
  <TestSettings name="default" id="1577c2ab-eab8-4f23-98a3-a182d8d92439">
    <Execution>
      <TestTypeSpecific />
    </Execution>
    <Deployment runDeploymentRoot="bacemi_ICSWS068 2016-08-04 09_57_45" />
    <Properties />
  </TestSettings>
  <Results>
    <UnitTestResult executionId="cc4837b4-c588-44d0-9e13-8538e7e8e945" testId="8e070a0a-44ed-3c11-db0b-dd3ee1fe73d0" testName="Construction_ValidArgs_Success" computerName="ICSWS068" duration="00:00:00.2471977" startTime="2016-08-04T09:57:44.4989855+02:00" endTime="2016-08-04T09:57:44.9620456+02:00" testType="13cdc9d9-ddb5-4fa4-a97d-d965ccfc6d4b" outcome="Passed" testListId="8c84fa94-04c1-424b-9868-57a2d4851a1d" relativeResultsDirectory="cc4837b4-c588-44d0-9e13-8538e7e8e945" />
    <UnitTestResult executionId="67e56242-c21e-4850-9927-c874237f0acd" testId="f0bedb7c-dc16-d29e-b906-12822c54ae29" testName="Construction_PathIsEmpty_Throws" computerName="ICSWS068" duration="00:00:00.0045520" startTime="2016-08-04T09:57:44.9654424+02:00" endTime="2016-08-04T09:57:44.9719464+02:00" testType="13cdc9d9-ddb5-4fa4-a97d-d965ccfc6d4b" outcome="Passed" testListId="8c84fa94-04c1-424b-9868-57a2d4851a1d" relativeResultsDirectory="67e56242-c21e-4850-9927-c874237f0acd" />
    <UnitTestResult executionId="5afa56d4-cbbf-4184-8788-41105789f658" testId="6fd46dbc-dd4a-b07e-ed6b-851adfcb1af3" testName="Construction_PathIsNull_Throws" computerName="ICSWS068" duration="00:00:00.0029230" startTime="2016-08-04T09:57:44.9754495+02:00" endTime="2016-08-04T09:57:44.9794539+02:00" testType="13cdc9d9-ddb5-4fa4-a97d-d965ccfc6d4b" outcome="Passed" testListId="8c84fa94-04c1-424b-9868-57a2d4851a1d" relativeResultsDirectory="5afa56d4-cbbf-4184-8788-41105789f658" />
    <UnitTestResult executionId="dae38070-b3b6-4e84-a4bf-7175a1ad11cd" testId="ecf1fc43-c775-08a2-6e94-c988370e24eb" testName="Construction_CallbackIsNull_Throws" computerName="ICSWS068" duration="00:00:00.0031160" startTime="2016-08-04T09:57:44.9824591+02:00" endTime="2016-08-04T09:57:44.9869637+02:00" testType="13cdc9d9-ddb5-4fa4-a97d-d965ccfc6d4b" outcome="Passed" testListId="8c84fa94-04c1-424b-9868-57a2d4851a1d" relativeResultsDirectory="dae38070-b3b6-4e84-a4bf-7175a1ad11cd" />
    <UnitTestResult executionId="988a3860-86ec-4913-b154-010b43f3b864" testId="1e8fb3e0-2996-4110-cc75-ec6c84fb9d58" testName="ParseXmlString_ParseCalledAgainFromCallback_Throws" computerName="ICSWS068" duration="00:00:00.0261052" startTime="2016-08-04T09:57:44.9894645+02:00" endTime="2016-08-04T09:57:45.0170312+02:00" testType="13cdc9d9-ddb5-4fa4-a97d-d965ccfc6d4b" outcome="Passed" testListId="8c84fa94-04c1-424b-9868-57a2d4851a1d" relativeResultsDirectory="988a3860-86ec-4913-b154-010b43f3b864" />
    <UnitTestResult executionId="20977b79-f342-430b-9164-551c2c2ae97d" testId="faca31e8-b8e4-6fca-b7e9-ee87275c3b16" testName="ParseXmlString_MapDocumentDoesNotContainMapDocElment_Throws" computerName="ICSWS068" duration="00:00:00.0038019" startTime="2016-08-04T09:57:45.0200318+02:00" endTime="2016-08-04T09:57:45.0250370+02:00" testType="13cdc9d9-ddb5-4fa4-a97d-d965ccfc6d4b" outcome="Passed" testListId="8c84fa94-04c1-424b-9868-57a2d4851a1d" relativeResultsDirectory="20977b79-f342-430b-9164-551c2c2ae97d" />
    <UnitTestResult executionId="9574a206-d3aa-4cf5-84f1-3d3bfe2c0656" testId="55f36a27-7b72-d14b-4547-6063f490dd5c" testName="ParseXmlString_ValidArgsNoMapProcedureCallbacks_Success" computerName="ICSWS068" duration="00:00:00.0091774" startTime="2016-08-04T09:57:45.0280375+02:00" endTime="2016-08-04T09:57:45.0384719+02:00" testType="13cdc9d9-ddb5-4fa4-a97d-d965ccfc6d4b" outcome="Passed" testListId="8c84fa94-04c1-424b-9868-57a2d4851a1d" relativeResultsDirectory="9574a206-d3aa-4cf5-84f1-3d3bfe2c0656" />
    <UnitTestResult executionId="c92f5cf2-76c5-4aa1-87d6-35f7cbe0b4ac" testId="86b92204-9f25-4447-0924-6b460c290c49" testName="ParseXmlString_ValidArgs_StartAndEndElementIsCalled" computerName="ICSWS068" duration="00:00:00.0075168" startTime="2016-08-04T09:57:45.0414563+02:00" endTime="2016-08-04T09:57:45.0504626+02:00" testType="13cdc9d9-ddb5-4fa4-a97d-d965ccfc6d4b" outcome="Passed" testListId="8c84fa94-04c1-424b-9868-57a2d4851a1d" relativeResultsDirectory="c92f5cf2-76c5-4aa1-87d6-35f7cbe0b4ac" />
    <UnitTestResult executionId="f4fc5a13-5065-4e90-b9d0-99ecf7a76e61" testId="b68493bb-f41a-3fef-d397-af4feb95d9cf" testName="ParseXmlString_CharactersOnParentElementOnly_OnCharactersIsInvoked" computerName="ICSWS068" duration="00:00:00.0047547" startTime="2016-08-04T09:57:45.0534664+02:00" endTime="2016-08-04T09:57:45.0594868+02:00" testType="13cdc9d9-ddb5-4fa4-a97d-d965ccfc6d4b" outcome="Passed" testListId="8c84fa94-04c1-424b-9868-57a2d4851a1d" relativeResultsDirectory="f4fc5a13-5065-4e90-b9d0-99ecf7a76e61" />
    <UnitTestResult executionId="115a682a-ed3c-4d1a-ae57-3ec110e117fe" testId="0d257235-858f-20e2-78e9-e5513b03f6e6" testName="ParseXmlString_CharactersOnParentAndChild_OnCharactersIsInvoked" computerName="ICSWS068" duration="00:00:00.0039688" startTime="2016-08-04T09:57:45.0614882+02:00" endTime="2016-08-04T09:57:45.0672899+02:00" testType="13cdc9d9-ddb5-4fa4-a97d-d965ccfc6d4b" outcome="Passed" testListId="8c84fa94-04c1-424b-9868-57a2d4851a1d" relativeResultsDirectory="115a682a-ed3c-4d1a-ae57-3ec110e117fe" />
    <UnitTestResult executionId="afbc1a32-50af-430e-81da-a18054caedf9" testId="ea17841e-9b66-893a-ce69-77dd283963b3" testName="ParseXmlString_CharactersOnChildOnly_OnCharactersIsInvoked" computerName="ICSWS068" duration="00:00:00.0056517" startTime="2016-08-04T09:57:45.0702922+02:00" endTime="2016-08-04T09:57:45.0772971+02:00" testType="13cdc9d9-ddb5-4fa4-a97d-d965ccfc6d4b" outcome="Passed" testListId="8c84fa94-04c1-424b-9868-57a2d4851a1d" relativeResultsDirectory="afbc1a32-50af-430e-81da-a18054caedf9" />
    <UnitTestResult executionId="1c820923-3a7b-46a5-b2eb-82eb48242579" testId="0f63906e-fdb2-4285-aa50-8370ea081dfc" testName="ParseXmlString_UpdateElementValueIsFalse_ValueIsNotAvailableInCurrentElement" computerName="ICSWS068" duration="00:00:00.0057406" startTime="2016-08-04T09:57:45.0803005+02:00" endTime="2016-08-04T09:57:45.0873045+02:00" testType="13cdc9d9-ddb5-4fa4-a97d-d965ccfc6d4b" outcome="Passed" testListId="8c84fa94-04c1-424b-9868-57a2d4851a1d" relativeResultsDirectory="1c820923-3a7b-46a5-b2eb-82eb48242579" />
    <UnitTestResult executionId="65e188ae-61fd-4f5a-8550-3edffd189df0" testId="19c56020-5de4-fecb-bec3-857069a5fe09" testName="ParseXmlString_UpdateElementValueIsTrue_ValueIsAvailableInCurrentElement" computerName="ICSWS068" duration="00:00:00.0040603" startTime="2016-08-04T09:57:45.0908071+02:00" endTime="2016-08-04T09:57:45.0963105+02:00" testType="13cdc9d9-ddb5-4fa4-a97d-d965ccfc6d4b" outcome="Passed" testListId="8c84fa94-04c1-424b-9868-57a2d4851a1d" relativeResultsDirectory="65e188ae-61fd-4f5a-8550-3edffd189df0" />
    <UnitTestResult executionId="7cdffb74-c78d-4289-ba1d-6ff1f3570d2a" testId="9735d805-87d4-3396-f207-db3e7042c7da" testName="ParseXmlDocument_ParseCalledAgainFromCallback_Throws" computerName="ICSWS068" duration="00:00:00.0418761" startTime="2016-08-04T09:57:45.0993128+02:00" endTime="2016-08-04T09:57:45.1423435+02:00" testType="13cdc9d9-ddb5-4fa4-a97d-d965ccfc6d4b" outcome="Passed" testListId="8c84fa94-04c1-424b-9868-57a2d4851a1d" relativeResultsDirectory="7cdffb74-c78d-4289-ba1d-6ff1f3570d2a" />
    <UnitTestResult executionId="2f416733-071f-41ae-b8da-71d103fcbfc4" testId="58414af1-2703-1484-1681-195291b83093" testName="ParseXmlDocument_MapDocumentDoesNotContainMapDocElment_Throws" computerName="ICSWS068" duration="00:00:00.0041224" startTime="2016-08-04T09:57:45.1448452+02:00" endTime="2016-08-04T09:57:45.1503489+02:00" testType="13cdc9d9-ddb5-4fa4-a97d-d965ccfc6d4b" outcome="Passed" testListId="8c84fa94-04c1-424b-9868-57a2d4851a1d" relativeResultsDirectory="2f416733-071f-41ae-b8da-71d103fcbfc4" />
    <UnitTestResult executionId="e5529cb9-6820-48b2-8a51-75672826e268" testId="09a8fe50-e477-d033-5293-e194a50b4ed3" testName="ParseXmlDocument_ValidArgsNoMapProcedureCallbacks_Success" computerName="ICSWS068" duration="00:00:00.0046251" startTime="2016-08-04T09:57:45.1533544+02:00" endTime="2016-08-04T09:57:45.1593608+02:00" testType="13cdc9d9-ddb5-4fa4-a97d-d965ccfc6d4b" outcome="Passed" testListId="8c84fa94-04c1-424b-9868-57a2d4851a1d" relativeResultsDirectory="e5529cb9-6820-48b2-8a51-75672826e268" />
    <UnitTestResult executionId="54683a10-f13a-467d-b764-f86b5b93b49b" testId="bb17515d-a6ad-e707-c946-1cf2d93a5ace" testName="ParseXmlDocument_ValidArgs_StartAndEndElementIsCalled" computerName="ICSWS068" duration="00:00:00.0064681" startTime="2016-08-04T09:57:45.1623648+02:00" endTime="2016-08-04T09:57:45.1698726+02:00" testType="13cdc9d9-ddb5-4fa4-a97d-d965ccfc6d4b" outcome="Passed" testListId="8c84fa94-04c1-424b-9868-57a2d4851a1d" relativeResultsDirectory="54683a10-f13a-467d-b764-f86b5b93b49b" />
    <UnitTestResult executionId="378f5de1-c06b-4a0b-9053-f27ef0f8beb6" testId="f34bb00b-7563-4afb-a8ce-39e9da8524cd" testName="ParseXmlDocument_CharactersOnParentElementOnly_OnCharactersIsInvoked" computerName="ICSWS068" duration="00:00:00.0048271" startTime="2016-08-04T09:57:45.1728796+02:00" endTime="2016-08-04T09:57:45.1789000+02:00" testType="13cdc9d9-ddb5-4fa4-a97d-d965ccfc6d4b" outcome="Passed" testListId="8c84fa94-04c1-424b-9868-57a2d4851a1d" relativeResultsDirectory="378f5de1-c06b-4a0b-9053-f27ef0f8beb6" />
    <UnitTestResult executionId="83106939-ed5e-4c46-a197-333852b71d9f" testId="3a512f09-e9a7-496b-0992-0eb985d69b45" testName="ParseXmlDocument_CharactersOnParentAndChild_OnCharactersIsInvoked" computerName="ICSWS068" duration="00:00:00.0051479" startTime="2016-08-04T09:57:45.1814020+02:00" endTime="2016-08-04T09:57:45.1878893+02:00" testType="13cdc9d9-ddb5-4fa4-a97d-d965ccfc6d4b" outcome="Passed" testListId="8c84fa94-04c1-424b-9868-57a2d4851a1d" relativeResultsDirectory="83106939-ed5e-4c46-a197-333852b71d9f" />
    <UnitTestResult executionId="6645fbba-083e-4df2-8f06-55c0bec059fe" testId="4435f068-4359-ac87-fe7b-d0688ccde59e" testName="ParseXmlDocument_CharactersOnChildOnly_OnCharactersIsInvoked" computerName="ICSWS068" duration="00:00:00.0046793" startTime="2016-08-04T09:57:45.1908925+02:00" endTime="2016-08-04T09:57:45.1968959+02:00" testType="13cdc9d9-ddb5-4fa4-a97d-d965ccfc6d4b" outcome="Passed" testListId="8c84fa94-04c1-424b-9868-57a2d4851a1d" relativeResultsDirectory="6645fbba-083e-4df2-8f06-55c0bec059fe" />
    <UnitTestResult executionId="8abac4e6-e2d1-4755-a34b-2e1dbb959d41" testId="1bd203bd-f930-6b1a-c2d9-976667253048" testName="ParseXmlDocument_UpdateElementValueIsFalse_ValueIsNotAvailableInCurrentElement" computerName="ICSWS068" duration="00:00:00.0050362" startTime="2016-08-04T09:57:45.1993973+02:00" endTime="2016-08-04T09:57:45.2054019+02:00" testType="13cdc9d9-ddb5-4fa4-a97d-d965ccfc6d4b" outcome="Passed" testListId="8c84fa94-04c1-424b-9868-57a2d4851a1d" relativeResultsDirectory="8abac4e6-e2d1-4755-a34b-2e1dbb959d41" />
    <UnitTestResult executionId="da9f8e17-53b0-44cc-b34c-cecb241f74ab" testId="28edcf1b-d16c-9209-9096-812250abc2c8" testName="ParseXmlDocument_UpdateElementValueIsTrue_ValueIsAvailableInCurrentElement" computerName="ICSWS068" duration="00:00:00.0049485" startTime="2016-08-04T09:57:45.2084039+02:00" endTime="2016-08-04T09:57:45.2149091+02:00" testType="13cdc9d9-ddb5-4fa4-a97d-d965ccfc6d4b" outcome="Passed" testListId="8c84fa94-04c1-424b-9868-57a2d4851a1d" relativeResultsDirectory="da9f8e17-53b0-44cc-b34c-cecb241f74ab" />
    <UnitTestResult executionId="a740de9a-0de0-4b7e-a9c0-215f7ee7d94f" testId="91a751da-13cd-5220-8c8c-8f12a1f3f828" testName="ParseUrl_ParseCalledAgainFromCallback_Throws" computerName="ICSWS068" duration="00:00:00.0055655" startTime="2016-08-04T09:57:45.2174105+02:00" endTime="2016-08-04T09:57:45.2249163+02:00" testType="13cdc9d9-ddb5-4fa4-a97d-d965ccfc6d4b" outcome="Passed" testListId="8c84fa94-04c1-424b-9868-57a2d4851a1d" relativeResultsDirectory="a740de9a-0de0-4b7e-a9c0-215f7ee7d94f" />
    <UnitTestResult executionId="62b08d28-c32a-4475-b62c-21f17f19275e" testId="fa629b5c-7117-138d-133e-58459f67dc39" testName="ParseUrl_MapDocumentDoesNotContainMapDocElment_Throws" computerName="ICSWS068" duration="00:00:00.0033128" startTime="2016-08-04T09:57:45.2279177+02:00" endTime="2016-08-04T09:57:45.2324208+02:00" testType="13cdc9d9-ddb5-4fa4-a97d-d965ccfc6d4b" outcome="Passed" testListId="8c84fa94-04c1-424b-9868-57a2d4851a1d" relativeResultsDirectory="62b08d28-c32a-4475-b62c-21f17f19275e" />
    <UnitTestResult executionId="bdf5ee42-9caf-496a-a2f4-0d886c4f72f8" testId="c9f38068-df69-a9a9-facf-e91eab602436" testName="ParseUrl_ValidArgsNoMapProcedureCallbacks_Success" computerName="ICSWS068" duration="00:00:00.0043145" startTime="2016-08-04T09:57:45.2354237+02:00" endTime="2016-08-04T09:57:45.2409268+02:00" testType="13cdc9d9-ddb5-4fa4-a97d-d965ccfc6d4b" outcome="Passed" testListId="8c84fa94-04c1-424b-9868-57a2d4851a1d" relativeResultsDirectory="bdf5ee42-9caf-496a-a2f4-0d886c4f72f8" />
    <UnitTestResult executionId="37496184-837f-42b7-a0c7-9cbfa8bf2844" testId="6455a75d-41e9-7288-a253-d274f51791f6" testName="ParseUrl_ValidArgs_StartAndEndElementIsCalled" computerName="ICSWS068" duration="00:00:00.0058611" startTime="2016-08-04T09:57:45.2439294+02:00" endTime="2016-08-04T09:57:45.2509340+02:00" testType="13cdc9d9-ddb5-4fa4-a97d-d965ccfc6d4b" outcome="Passed" testListId="8c84fa94-04c1-424b-9868-57a2d4851a1d" relativeResultsDirectory="37496184-837f-42b7-a0c7-9cbfa8bf2844" />
    <UnitTestResult executionId="0be4d80c-923e-4992-b30e-945a5ce6ad79" testId="843749de-2ef7-8fcc-6444-2966a5505051" testName="ParseUrl_CharactersOnParentElementOnly_OnCharactersIsInvoked" computerName="ICSWS068" duration="00:00:00.0045949" startTime="2016-08-04T09:57:45.2539363+02:00" endTime="2016-08-04T09:57:45.2599412+02:00" testType="13cdc9d9-ddb5-4fa4-a97d-d965ccfc6d4b" outcome="Passed" testListId="8c84fa94-04c1-424b-9868-57a2d4851a1d" relativeResultsDirectory="0be4d80c-923e-4992-b30e-945a5ce6ad79" />
    <UnitTestResult executionId="5d409eb6-760b-4f8f-bc95-806b4c1c8221" testId="eb4e4bee-f4ca-9650-0b4f-6af3f505dd5e" testName="ParseUrl_CharactersOnParentAndChild_OnCharactersIsInvoked" computerName="ICSWS068" duration="00:00:00.0046972" startTime="2016-08-04T09:57:45.2644775+02:00" endTime="2016-08-04T09:57:45.2704662+02:00" testType="13cdc9d9-ddb5-4fa4-a97d-d965ccfc6d4b" outcome="Passed" testListId="8c84fa94-04c1-424b-9868-57a2d4851a1d" relativeResultsDirectory="5d409eb6-760b-4f8f-bc95-806b4c1c8221" />
    <UnitTestResult executionId="422b8a88-d12d-408c-9e82-a79d1cd19e39" testId="1ae0425b-2a58-b335-121f-30d8bd9fa96b" testName="ParseUrl_CharactersOnChildOnly_OnCharactersIsInvoked" computerName="ICSWS068" duration="00:00:00.0042359" startTime="2016-08-04T09:57:45.2734723+02:00" endTime="2016-08-04T09:57:45.2789922+02:00" testType="13cdc9d9-ddb5-4fa4-a97d-d965ccfc6d4b" outcome="Passed" testListId="8c84fa94-04c1-424b-9868-57a2d4851a1d" relativeResultsDirectory="422b8a88-d12d-408c-9e82-a79d1cd19e39" />
    <UnitTestResult executionId="7db76cb4-d55f-4d26-8db1-13e9fc165ac4" testId="ebb91897-7677-47f6-c779-42026b2e5ba9" testName="ParseUrl_UpdateElementValueIsFalse_ValueIsNotAvailableInCurrentElement" computerName="ICSWS068" duration="00:00:00.0047673" startTime="2016-08-04T09:57:45.2814786+02:00" endTime="2016-08-04T09:57:45.2878325+02:00" testType="13cdc9d9-ddb5-4fa4-a97d-d965ccfc6d4b" outcome="Passed" testListId="8c84fa94-04c1-424b-9868-57a2d4851a1d" relativeResultsDirectory="7db76cb4-d55f-4d26-8db1-13e9fc165ac4" />
    <UnitTestResult executionId="68be31c6-a394-48b1-b5e0-19aff4ea487f" testId="21ca2155-24a8-4270-859b-0d60eb7b4e82" testName="ParseUrl_UpdateElementValueIsTrue_ValueIsAvailableInCurrentElement" computerName="ICSWS068" duration="00:00:00.0043157" startTime="2016-08-04T09:57:45.2903360+02:00" endTime="2016-08-04T09:57:45.2963552+02:00" testType="13cdc9d9-ddb5-4fa4-a97d-d965ccfc6d4b" outcome="Passed" testListId="8c84fa94-04c1-424b-9868-57a2d4851a1d" relativeResultsDirectory="68be31c6-a394-48b1-b5e0-19aff4ea487f" />
    <UnitTestResult executionId="49aee2d7-5e67-477a-96c8-5b93e7043d57" testId="d282b2a3-69fa-e350-ac8c-a4f98258a01f" testName="Occurence_NotRunning_Throws" computerName="ICSWS068" duration="00:00:00.0034090" startTime="2016-08-04T09:57:45.2988405+02:00" endTime="2016-08-04T09:57:45.3033439+02:00" testType="13cdc9d9-ddb5-4fa4-a97d-d965ccfc6d4b" outcome="Passed" testListId="8c84fa94-04c1-424b-9868-57a2d4851a1d" relativeResultsDirectory="49aee2d7-5e67-477a-96c8-5b93e7043d57" />
    <UnitTestResult executionId="50c916d6-b4f8-40fb-9b47-9236e8178b09" testId="47ad1841-66ad-d6d2-9a98-eed88a9236fe" testName="Occurence_TwoCoccurencesBothPresentInInputXml_Success" computerName="ICSWS068" duration="00:00:00.0059931" startTime="2016-08-04T09:57:45.3063468+02:00" endTime="2016-08-04T09:57:45.3133514+02:00" testType="13cdc9d9-ddb5-4fa4-a97d-d965ccfc6d4b" outcome="Passed" testListId="8c84fa94-04c1-424b-9868-57a2d4851a1d" relativeResultsDirectory="50c916d6-b4f8-40fb-9b47-9236e8178b09" />
    <UnitTestResult executionId="fc7a7f7c-8fb6-4344-a351-2034f0596588" testId="e26e1420-c12d-1a30-9103-585a81dc344b" testName="Occurence_TooManyOccurencesInXmlInput_Throws" computerName="ICSWS068" duration="00:00:00.0045251" startTime="2016-08-04T09:57:45.3163540+02:00" endTime="2016-08-04T09:57:45.3218577+02:00" testType="13cdc9d9-ddb5-4fa4-a97d-d965ccfc6d4b" outcome="Passed" testListId="8c84fa94-04c1-424b-9868-57a2d4851a1d" relativeResultsDirectory="fc7a7f7c-8fb6-4344-a351-2034f0596588" />
    <UnitTestResult executionId="f6f34e1d-d21a-4035-8a0e-486a97c2144f" testId="5d628734-371c-9408-32a1-f53569be77b9" testName="Repetition_NotRunning_Throws" computerName="ICSWS068" duration="00:00:00.0032178" startTime="2016-08-04T09:57:45.3253600+02:00" endTime="2016-08-04T09:57:45.3298629+02:00" testType="13cdc9d9-ddb5-4fa4-a97d-d965ccfc6d4b" outcome="Passed" testListId="8c84fa94-04c1-424b-9868-57a2d4851a1d" relativeResultsDirectory="f6f34e1d-d21a-4035-8a0e-486a97c2144f" />
    <UnitTestResult executionId="9de934ac-47cb-481b-9245-c9209196dbeb" testId="112a8224-6bff-80c3-f13d-38af12396907" testName="Repetition_CallbackChecksRepetition_Success" computerName="ICSWS068" duration="00:00:00.0040013" startTime="2016-08-04T09:57:45.3323654+02:00" endTime="2016-08-04T09:57:45.3378718+02:00" testType="13cdc9d9-ddb5-4fa4-a97d-d965ccfc6d4b" outcome="Passed" testListId="8c84fa94-04c1-424b-9868-57a2d4851a1d" relativeResultsDirectory="9de934ac-47cb-481b-9245-c9209196dbeb" />
    <UnitTestResult executionId="69af150d-a3c2-42f7-87ea-f187e8912399" testId="c460cd3a-d3d3-42a8-91dc-968dfc870222" testName="ParseNnn_XmlIndataMissingMandatoryElement_Throws" computerName="ICSWS068" duration="00:00:00.0339003" startTime="2016-08-04T09:57:45.3403879+02:00" endTime="2016-08-04T09:57:45.3760530+02:00" testType="13cdc9d9-ddb5-4fa4-a97d-d965ccfc6d4b" outcome="Passed" testListId="8c84fa94-04c1-424b-9868-57a2d4851a1d" relativeResultsDirectory="69af150d-a3c2-42f7-87ea-f187e8912399" />
    <UnitTestResult executionId="eb02dd3e-34ef-49df-9f86-ff84e92a521d" testId="7eaf508c-be8b-f758-917c-2a3b601faaa1" testName="ParseNnn_ParseAbortOkFromCallback_Throws" computerName="ICSWS068" duration="00:00:00.0044875" startTime="2016-08-04T09:57:45.3785699+02:00" endTime="2016-08-04T09:57:45.3844027+02:00" testType="13cdc9d9-ddb5-4fa4-a97d-d965ccfc6d4b" outcome="Passed" testListId="8c84fa94-04c1-424b-9868-57a2d4851a1d" relativeResultsDirectory="eb02dd3e-34ef-49df-9f86-ff84e92a521d" />
    <UnitTestResult executionId="c0c60b47-2faa-4a48-b6b8-576ffc247f78" testId="1e344402-fa41-99aa-a040-23cbe41af2e9" testName="ParseNnn_ParseAbortFailCalledCallback_Throws" computerName="ICSWS068" duration="00:00:00.0042397" startTime="2016-08-04T09:57:45.3874044+02:00" endTime="2016-08-04T09:57:45.3929084+02:00" testType="13cdc9d9-ddb5-4fa4-a97d-d965ccfc6d4b" outcome="Passed" testListId="8c84fa94-04c1-424b-9868-57a2d4851a1d" relativeResultsDirectory="c0c60b47-2faa-4a48-b6b8-576ffc247f78" />
    <UnitTestResult executionId="881cbd7b-fff7-4e9d-803c-40820cc30751" testId="25b22eb3-8fd6-d173-49b0-4318f02c97ed" testName="ParseNnn_ErrorOccursInCallback_Throws" computerName="ICSWS068" duration="00:00:00.0046652" startTime="2016-08-04T09:57:45.3959104+02:00" endTime="2016-08-04T09:57:45.4019153+02:00" testType="13cdc9d9-ddb5-4fa4-a97d-d965ccfc6d4b" outcome="Passed" testListId="8c84fa94-04c1-424b-9868-57a2d4851a1d" relativeResultsDirectory="881cbd7b-fff7-4e9d-803c-40820cc30751" />
    <UnitTestResult executionId="b84affcf-e072-4aaa-bea0-3ca4f15f88eb" testId="550f7021-3d04-4379-be24-7425d94cd918" testName="ParseNnn_ExitScriptFailedFromCallback_Throws" computerName="ICSWS068" duration="00:00:00.0047550" startTime="2016-08-04T09:57:45.4064181+02:00" endTime="2016-08-04T09:57:45.4129418+02:00" testType="13cdc9d9-ddb5-4fa4-a97d-d965ccfc6d4b" outcome="Passed" testListId="8c84fa94-04c1-424b-9868-57a2d4851a1d" relativeResultsDirectory="b84affcf-e072-4aaa-bea0-3ca4f15f88eb" />
    <UnitTestResult executionId="6eeccdc7-f2a9-4663-b377-24fb103dc61c" testId="ba920fd2-f9b2-4ee3-925d-0678e9d04991" testName="ParseNnn_ExitScriptOkFromCallback_Throws" computerName="ICSWS068" duration="00:00:00.0048177" startTime="2016-08-04T09:57:45.4159283+02:00" endTime="2016-08-04T09:57:45.4224328+02:00" testType="13cdc9d9-ddb5-4fa4-a97d-d965ccfc6d4b" outcome="Passed" testListId="8c84fa94-04c1-424b-9868-57a2d4851a1d" relativeResultsDirectory="6eeccdc7-f2a9-4663-b377-24fb103dc61c" />
    <UnitTestResult executionId="313c1ac2-4f84-447a-a019-44ff673c9215" testId="53223320-f2b7-8e8c-43ac-bee22c6df48f" testName="ParseNnn_ParseFails_OnErrorIsInvokedAndParseErrorSet" computerName="ICSWS068" duration="00:00:00.0049380" startTime="2016-08-04T09:57:45.4264363+02:00" endTime="2016-08-04T09:57:45.4329435+02:00" testType="13cdc9d9-ddb5-4fa4-a97d-d965ccfc6d4b" outcome="Passed" testListId="8c84fa94-04c1-424b-9868-57a2d4851a1d" relativeResultsDirectory="313c1ac2-4f84-447a-a019-44ff673c9215" />
    <UnitTestResult executionId="52fbaaab-81fd-4834-af12-621fd1442c1d" testId="0231ce47-d5a5-cdc4-119f-323891178877" testName="ParseNnn_MapElementNotPresentInSchemaMapDocument_Throws" computerName="ICSWS068" duration="00:00:00.0035785" startTime="2016-08-04T09:57:45.4359455+02:00" endTime="2016-08-04T09:57:45.4409659+02:00" testType="13cdc9d9-ddb5-4fa4-a97d-d965ccfc6d4b" outcome="Passed" testListId="8c84fa94-04c1-424b-9868-57a2d4851a1d" relativeResultsDirectory="52fbaaab-81fd-4834-af12-621fd1442c1d" />
    <UnitTestResult executionId="94838c50-472f-4490-856b-3243c0d5076b" testId="c9f8479c-f297-9307-d67a-42f4044f7000" testName="ParseNnnn_AnyElement_AllElementsTraversed" computerName="ICSWS068" duration="00:00:00.0049136" startTime="2016-08-04T09:57:45.4433389+02:00" endTime="2016-08-04T09:57:45.4498283+02:00" testType="13cdc9d9-ddb5-4fa4-a97d-d965ccfc6d4b" outcome="Passed" testListId="8c84fa94-04c1-424b-9868-57a2d4851a1d" relativeResultsDirectory="94838c50-472f-4490-856b-3243c0d5076b" />
    <UnitTestResult executionId="d0eae88b-d87a-4818-a980-33fd2fb0fdcb" testId="9e7648c3-559e-1ec6-061b-9f63e08bdcf8" testName="Count_ReturnsCorrectNumber" computerName="ICSWS068" duration="00:00:00.0006677" startTime="2016-08-04T09:57:45.4513285+02:00" endTime="2016-08-04T09:57:45.4547625+02:00" testType="13cdc9d9-ddb5-4fa4-a97d-d965ccfc6d4b" outcome="Passed" testListId="8c84fa94-04c1-424b-9868-57a2d4851a1d" relativeResultsDirectory="d0eae88b-d87a-4818-a980-33fd2fb0fdcb" />
    <UnitTestResult executionId="6727dc74-f94f-4f8a-bd67-1a1a32a418da" testId="2e2dcc43-528f-a817-2328-6684688ee73d" testName="AddItem_AddsAtEnd" computerName="ICSWS068" duration="00:00:00.0005859" startTime="2016-08-04T09:57:45.4572651+02:00" endTime="2016-08-04T09:57:45.4592656+02:00" testType="13cdc9d9-ddb5-4fa4-a97d-d965ccfc6d4b" outcome="Passed" testListId="8c84fa94-04c1-424b-9868-57a2d4851a1d" relativeResultsDirectory="6727dc74-f94f-4f8a-bd67-1a1a32a418da" />
    <UnitTestResult executionId="e2d99bf6-ad03-4360-9106-b493e0fd477e" testId="8697f0a5-e21e-29fe-e852-be8def4e1f44" testName="AddItem_Copy_NotRemovedFromPreviousNode" computerName="ICSWS068" duration="00:00:00.0002668" startTime="2016-08-04T09:57:45.4622729+02:00" endTime="2016-08-04T09:57:45.4637747+02:00" testType="13cdc9d9-ddb5-4fa4-a97d-d965ccfc6d4b" outcome="Passed" testListId="8c84fa94-04c1-424b-9868-57a2d4851a1d" relativeResultsDirectory="e2d99bf6-ad03-4360-9106-b493e0fd477e" />
    <UnitTestResult executionId="a2fc83a1-88dc-4baa-aa83-551b378d9c51" testId="5bc73dbf-702f-7384-ff11-25e299313e30" testName="AddItem_AlreadyExists_ValueReplaced" computerName="ICSWS068" duration="00:00:00.0002228" startTime="2016-08-04T09:57:45.4662758+02:00" endTime="2016-08-04T09:57:45.4677810+02:00" testType="13cdc9d9-ddb5-4fa4-a97d-d965ccfc6d4b" outcome="Passed" testListId="8c84fa94-04c1-424b-9868-57a2d4851a1d" relativeResultsDirectory="a2fc83a1-88dc-4baa-aa83-551b378d9c51" />
    <UnitTestResult executionId="dd8f9608-4175-4083-81c9-1ad3615c1944" testId="5e353604-1752-a72c-3fa9-fa6893cfaa4d" testName="AddItem_NotAttributeType_Throws" computerName="ICSWS068" duration="00:00:00.0009067" startTime="2016-08-04T09:57:45.4702786+02:00" endTime="2016-08-04T09:57:45.4717798+02:00" testType="13cdc9d9-ddb5-4fa4-a97d-d965ccfc6d4b" outcome="Passed" testListId="8c84fa94-04c1-424b-9868-57a2d4851a1d" relativeResultsDirectory="dd8f9608-4175-4083-81c9-1ad3615c1944" />
    <UnitTestResult executionId="71f11029-7466-4134-896b-1f7335e5a3c6" testId="3b19ddfa-ff1a-93bd-7b2f-f849989f4a29" testName="AddItem_NotXmlNodeImplementation_Throws" computerName="ICSWS068" duration="00:00:00.0212261" startTime="2016-08-04T09:57:45.4752797+02:00" endTime="2016-08-04T09:57:45.4979720+02:00" testType="13cdc9d9-ddb5-4fa4-a97d-d965ccfc6d4b" outcome="Passed" testListId="8c84fa94-04c1-424b-9868-57a2d4851a1d" relativeResultsDirectory="71f11029-7466-4134-896b-1f7335e5a3c6" />
    <UnitTestResult executionId="3c77e60e-c121-42a5-ad8e-78c90c7c078f" testId="15ae4425-700f-7ef3-f865-abf88aba7fc3" testName="GetAttributeAt_ReturnsCorrectAttribute" computerName="ICSWS068" duration="00:00:00.0003747" startTime="2016-08-04T09:57:45.5004726+02:00" endTime="2016-08-04T09:57:45.5019743+02:00" testType="13cdc9d9-ddb5-4fa4-a97d-d965ccfc6d4b" outcome="Passed" testListId="8c84fa94-04c1-424b-9868-57a2d4851a1d" relativeResultsDirectory="3c77e60e-c121-42a5-ad8e-78c90c7c078f" />
    <UnitTestResult executionId="c1be297c-e4b3-428b-88bb-923600b56ea7" testId="5a511875-a36c-527f-122d-d937d95106af" testName="GetAttributeAt_OutOfRange_ReturnsNull" computerName="ICSWS068" duration="00:00:00.0001706" startTime="2016-08-04T09:57:45.5050945+02:00" endTime="2016-08-04T09:57:45.5065801+02:00" testType="13cdc9d9-ddb5-4fa4-a97d-d965ccfc6d4b" outcome="Passed" testListId="8c84fa94-04c1-424b-9868-57a2d4851a1d" relativeResultsDirectory="c1be297c-e4b3-428b-88bb-923600b56ea7" />
    <UnitTestResult executionId="a1e5940c-11ee-4820-8445-85e43715bb38" testId="5882ad71-539a-9a60-5ff5-3204c13cad73" testName="GetNamedItem_WithoutNamespace_ReturnsCorrectAttribute" computerName="ICSWS068" duration="00:00:00.0003134" startTime="2016-08-04T09:57:45.5090809+02:00" endTime="2016-08-04T09:57:45.5110991+02:00" testType="13cdc9d9-ddb5-4fa4-a97d-d965ccfc6d4b" outcome="Passed" testListId="8c84fa94-04c1-424b-9868-57a2d4851a1d" relativeResultsDirectory="a1e5940c-11ee-4820-8445-85e43715bb38" />
    <UnitTestResult executionId="ba36bdc6-ad8d-47b1-b4e3-ddc2e8639e90" testId="6cd79aa1-cdaa-07ca-2e08-4604e468d981" testName="GetNamedItem_WithNamespace_ReturnsCorrectAttribute" computerName="ICSWS068" duration="00:00:00.0002161" startTime="2016-08-04T09:57:45.5135888+02:00" endTime="2016-08-04T09:57:45.5150884+02:00" testType="13cdc9d9-ddb5-4fa4-a97d-d965ccfc6d4b" outcome="Passed" testListId="8c84fa94-04c1-424b-9868-57a2d4851a1d" relativeResultsDirectory="ba36bdc6-ad8d-47b1-b4e3-ddc2e8639e90" />
    <UnitTestResult executionId="026747d3-f9aa-4f41-9f63-05cdfce3c179" testId="8cb14343-3f1d-4344-64f6-175b982a34da" testName="GetNamedItem_NotPresentAttribute_ReturnsNull" computerName="ICSWS068" duration="00:00:00.0002240" startTime="2016-08-04T09:57:45.5175913+02:00" endTime="2016-08-04T09:57:45.5190916+02:00" testType="13cdc9d9-ddb5-4fa4-a97d-d965ccfc6d4b" outcome="Passed" testListId="8c84fa94-04c1-424b-9868-57a2d4851a1d" relativeResultsDirectory="026747d3-f9aa-4f41-9f63-05cdfce3c179" />
    <UnitTestResult executionId="ec6ac5bf-1174-49a7-aecf-384ce68b2b47" testId="03b9c171-cbea-124c-89a2-417c6b5227a0" testName="RemoveNamedItem_WithoutNamespace_ReturnsAndRemovesCorrectAttribute" computerName="ICSWS068" duration="00:00:00.0003439" startTime="2016-08-04T09:57:45.5215945+02:00" endTime="2016-08-04T09:57:45.5236120+02:00" testType="13cdc9d9-ddb5-4fa4-a97d-d965ccfc6d4b" outcome="Passed" testListId="8c84fa94-04c1-424b-9868-57a2d4851a1d" relativeResultsDirectory="ec6ac5bf-1174-49a7-aecf-384ce68b2b47" />
    <UnitTestResult executionId="5866574a-2d2d-44be-829e-dcdb7a8cdbc2" testId="90dbf66c-97e9-cb2c-8878-eb9d42a91735" testName="RemoveNamedItem_WithNamespace_ReturnsAndRemovesCorrectAttribute" computerName="ICSWS068" duration="00:00:00.0002536" startTime="2016-08-04T09:57:45.5260973+02:00" endTime="2016-08-04T09:57:45.5275976+02:00" testType="13cdc9d9-ddb5-4fa4-a97d-d965ccfc6d4b" outcome="Passed" testListId="8c84fa94-04c1-424b-9868-57a2d4851a1d" relativeResultsDirectory="5866574a-2d2d-44be-829e-dcdb7a8cdbc2" />
    <UnitTestResult executionId="67e893e5-ace2-441b-8560-a7150a860b5e" testId="0d5630c3-8daa-df8e-5f5f-3de69ee52ad6" testName="RemoveNamedItem_NotPresentAttribute_ReturnsNull" computerName="ICSWS068" duration="00:00:00.0001715" startTime="2016-08-04T09:57:45.5301005+02:00" endTime="2016-08-04T09:57:45.5316016+02:00" testType="13cdc9d9-ddb5-4fa4-a97d-d965ccfc6d4b" outcome="Passed" testListId="8c84fa94-04c1-424b-9868-57a2d4851a1d" relativeResultsDirectory="67e893e5-ace2-441b-8560-a7150a860b5e" />
    <UnitTestResult executionId="9e0b85f4-7511-4748-9d70-e8a99c285f2d" testId="b6796fc8-16e4-6065-f0ee-cea034f66072" testName="Clear_EmptiesCollection" computerName="ICSWS068" duration="00:00:00.0002410" startTime="2016-08-04T09:57:45.5336204+02:00" endTime="2016-08-04T09:57:45.5351072+02:00" testType="13cdc9d9-ddb5-4fa4-a97d-d965ccfc6d4b" outcome="Passed" testListId="8c84fa94-04c1-424b-9868-57a2d4851a1d" relativeResultsDirectory="9e0b85f4-7511-4748-9d70-e8a99c285f2d" />
    <UnitTestResult executionId="944d6724-9c4c-4059-a82d-8ede6ac8521a" testId="de77650c-54d0-2eec-27a2-058c99c0810c" testName="Construction_ValidArgs_Success" computerName="ICSWS068" duration="00:00:00.0005867" startTime="2016-08-04T09:57:45.5381100+02:00" endTime="2016-08-04T09:57:45.5396106+02:00" testType="13cdc9d9-ddb5-4fa4-a97d-d965ccfc6d4b" outcome="Passed" testListId="8c84fa94-04c1-424b-9868-57a2d4851a1d" relativeResultsDirectory="944d6724-9c4c-4059-a82d-8ede6ac8521a" />
    <UnitTestResult executionId="401bf3ac-24b4-43f9-b13c-c7cd098e668c" testId="55935ccc-483d-f05f-f61b-f5b4de5abfd6" testName="Implementation_Assign_AssignedObjectIsReturnedOnGet" computerName="ICSWS068" duration="00:00:00.0003765" startTime="2016-08-04T09:57:45.5416115+02:00" endTime="2016-08-04T09:57:45.5440117+02:00" testType="13cdc9d9-ddb5-4fa4-a97d-d965ccfc6d4b" outcome="Passed" testListId="8c84fa94-04c1-424b-9868-57a2d4851a1d" relativeResultsDirectory="401bf3ac-24b4-43f9-b13c-c7cd098e668c" />
    <UnitTestResult executionId="a34a9c9e-3b79-493a-a99e-838ef17b7705" testId="0ba50ddc-179a-e9b1-9355-848564f9eedf" testName="Implementation_AssignOfWrongNodeType_Throws" computerName="ICSWS068" duration="00:00:00.0006316" startTime="2016-08-04T09:57:45.5465134+02:00" endTime="2016-08-04T09:57:45.5484993+02:00" testType="13cdc9d9-ddb5-4fa4-a97d-d965ccfc6d4b" outcome="Passed" testListId="8c84fa94-04c1-424b-9868-57a2d4851a1d" relativeResultsDirectory="a34a9c9e-3b79-493a-a99e-838ef17b7705" />
    <UnitTestResult executionId="c2bade6d-12ac-49ad-be55-0a65a3366708" testId="09435d64-8e87-689e-022a-313215218698" testName="IsInitialized_Assigned_ReturnsTrue" computerName="ICSWS068" duration="00:00:00.0001900" startTime="2016-08-04T09:57:45.5505178+02:00" endTime="2016-08-04T09:57:45.5520048+02:00" testType="13cdc9d9-ddb5-4fa4-a97d-d965ccfc6d4b" outcome="Passed" testListId="8c84fa94-04c1-424b-9868-57a2d4851a1d" relativeResultsDirectory="c2bade6d-12ac-49ad-be55-0a65a3366708" />
    <UnitTestResult executionId="b1623883-5e42-42b5-b42e-02ffdbc401d2" testId="2c0fb843-03c2-9949-a9a5-e74474f40d57" testName="Xml_ReturnsEntireMarkup" computerName="ICSWS068" duration="00:00:00.0007879" startTime="2016-08-04T09:57:45.5550083+02:00" endTime="2016-08-04T09:57:45.5570097+02:00" testType="13cdc9d9-ddb5-4fa4-a97d-d965ccfc6d4b" outcome="Passed" testListId="8c84fa94-04c1-424b-9868-57a2d4851a1d" relativeResultsDirectory="b1623883-5e42-42b5-b42e-02ffdbc401d2" />
    <UnitTestResult executionId="d5280855-797d-4a74-8033-92705b6b08c5" testId="2d341c27-400b-c885-b070-585a988cb8c3" testName="CheckBoolPropertiesDefaultValues" computerName="ICSWS068" duration="00:00:00.0004017" startTime="2016-08-04T09:57:45.5595117+02:00" endTime="2016-08-04T09:57:45.5610126+02:00" testType="13cdc9d9-ddb5-4fa4-a97d-d965ccfc6d4b" outcome="Passed" testListId="8c84fa94-04c1-424b-9868-57a2d4851a1d" relativeResultsDirectory="d5280855-797d-4a74-8033-92705b6b08c5" />
    <UnitTestResult executionId="dcc5e7b4-808b-4b04-b3e0-5489992b4d45" testId="55be63d7-0315-641f-eca9-b85c750f3571" testName="SelectXMLNodes_ReturnsCorrectNodes" computerName="ICSWS068" duration="00:00:00.0008196" startTime="2016-08-04T09:57:45.5636117+02:00" endTime="2016-08-04T09:57:45.5655973+02:00" testType="13cdc9d9-ddb5-4fa4-a97d-d965ccfc6d4b" outcome="Passed" testListId="8c84fa94-04c1-424b-9868-57a2d4851a1d" relativeResultsDirectory="dcc5e7b4-808b-4b04-b3e0-5489992b4d45" />
    <UnitTestResult executionId="bd0cd474-672a-4708-af87-e1f590ad78b9" testId="cfb4fef1-361b-be1a-4cc2-b8b32cdcb436" testName="SelectXMLNodes_WithNamespace_ReturnsCorrectNodes" computerName="ICSWS068" duration="00:00:00.0006219" startTime="2016-08-04T09:57:45.5680978+02:00" endTime="2016-08-04T09:57:45.5706154+02:00" testType="13cdc9d9-ddb5-4fa4-a97d-d965ccfc6d4b" outcome="Passed" testListId="8c84fa94-04c1-424b-9868-57a2d4851a1d" relativeResultsDirectory="bd0cd474-672a-4708-af87-e1f590ad78b9" />
    <UnitTestResult executionId="000566b8-5ca2-42e4-bbd7-56bca193b302" testId="48bb41f6-385c-a046-a156-efa33bd210af" testName="SelectSingleXMLNode_ReturnsCorrectNode" computerName="ICSWS068" duration="00:00:00.0006521" startTime="2016-08-04T09:57:45.5741027+02:00" endTime="2016-08-04T09:57:45.5756188+02:00" testType="13cdc9d9-ddb5-4fa4-a97d-d965ccfc6d4b" outcome="Passed" testListId="8c84fa94-04c1-424b-9868-57a2d4851a1d" relativeResultsDirectory="000566b8-5ca2-42e4-bbd7-56bca193b302" />
    <UnitTestResult executionId="7fc2d548-0a98-44a4-8e61-39182ccc6757" testId="1954c7fc-0726-2be1-c213-6c8d93320b73" testName="SelectSingleXMLNode_WithNamespace_ReturnsCorrectNode" computerName="ICSWS068" duration="00:00:00.0003592" startTime="2016-08-04T09:57:45.5781064+02:00" endTime="2016-08-04T09:57:45.5796067+02:00" testType="13cdc9d9-ddb5-4fa4-a97d-d965ccfc6d4b" outcome="Passed" testListId="8c84fa94-04c1-424b-9868-57a2d4851a1d" relativeResultsDirectory="7fc2d548-0a98-44a4-8e61-39182ccc6757" />
    <UnitTestResult executionId="50509728-f7f8-4a45-aaa7-02d6bb893350" testId="5c98fc6d-0cbc-29b1-4040-4f00c1415bff" testName="SelectSingleXMLNode_NodeNotFound_ReturnsNull" computerName="ICSWS068" duration="00:00:00.0001923" startTime="2016-08-04T09:57:45.5821093+02:00" endTime="2016-08-04T09:57:45.5836151+02:00" testType="13cdc9d9-ddb5-4fa4-a97d-d965ccfc6d4b" outcome="Passed" testListId="8c84fa94-04c1-424b-9868-57a2d4851a1d" relativeResultsDirectory="50509728-f7f8-4a45-aaa7-02d6bb893350" />
    <UnitTestResult executionId="78702949-809d-4220-8b33-02319cb7bab5" testId="8a3fd059-20d2-d605-8109-6f346a723cc7" testName="DocumentElement_Get_ReturnsWholeMarkup" computerName="ICSWS068" duration="00:00:00.0004372" startTime="2016-08-04T09:57:45.5861169+02:00" endTime="2016-08-04T09:57:45.5881177+02:00" testType="13cdc9d9-ddb5-4fa4-a97d-d965ccfc6d4b" outcome="Passed" testListId="8c84fa94-04c1-424b-9868-57a2d4851a1d" relativeResultsDirectory="78702949-809d-4220-8b33-02319cb7bab5" />
    <UnitTestResult executionId="a37d020d-8f61-46fb-a5a4-3f2dad0c8f25" testId="f97c27e2-f467-62cc-f607-55d5ecad9833" testName="DocumentElement_Set_ReplacesAll" computerName="ICSWS068" duration="00:00:00.0004137" startTime="2016-08-04T09:57:45.5906355+02:00" endTime="2016-08-04T09:57:45.5921197+02:00" testType="13cdc9d9-ddb5-4fa4-a97d-d965ccfc6d4b" outcome="Passed" testListId="8c84fa94-04c1-424b-9868-57a2d4851a1d" relativeResultsDirectory="a37d020d-8f61-46fb-a5a4-3f2dad0c8f25" />
    <UnitTestResult executionId="9ff6545c-e7e2-4b38-a508-2cacae6be841" testId="7c4fa55f-6667-bd6e-f447-03d5f65f7ba5" testName="AddChild_AllowedTypes_Success" computerName="ICSWS068" duration="00:00:00.0007463" startTime="2016-08-04T09:57:45.5946246+02:00" endTime="2016-08-04T09:57:45.5966434+02:00" testType="13cdc9d9-ddb5-4fa4-a97d-d965ccfc6d4b" outcome="Passed" testListId="8c84fa94-04c1-424b-9868-57a2d4851a1d" relativeResultsDirectory="9ff6545c-e7e2-4b38-a508-2cacae6be841" />
    <UnitTestResult executionId="b2e7125a-1ea3-4a28-a650-4811d57210d4" testId="9dd518b9-b818-2170-2c1f-b403d0cb90f3" testName="AddChild_Element_Success" computerName="ICSWS068" duration="00:00:00.0003574" startTime="2016-08-04T09:57:45.5991454+02:00" endTime="2016-08-04T09:57:45.6006295+02:00" testType="13cdc9d9-ddb5-4fa4-a97d-d965ccfc6d4b" outcome="Passed" testListId="8c84fa94-04c1-424b-9868-57a2d4851a1d" relativeResultsDirectory="b2e7125a-1ea3-4a28-a650-4811d57210d4" />
    <UnitTestResult executionId="1ab380ef-028d-4921-8855-49f4c561680e" testId="a9af45f6-a861-c56c-4ce4-ea70e5f892a9" testName="AddChild_NotAllowedTypes_Throws" computerName="ICSWS068" duration="00:00:00.0012583" startTime="2016-08-04T09:57:45.6036315+02:00" endTime="2016-08-04T09:57:45.6061379+02:00" testType="13cdc9d9-ddb5-4fa4-a97d-d965ccfc6d4b" outcome="Passed" testListId="8c84fa94-04c1-424b-9868-57a2d4851a1d" relativeResultsDirectory="1ab380ef-028d-4921-8855-49f4c561680e" />
    <UnitTestResult executionId="19405fbf-956f-4b86-943c-dc3b966988c8" testId="968573f0-f5f4-7b49-15e7-ba9147a6b854" testName="AddChild_AddChildMove_ReturnsSameObject" computerName="ICSWS068" duration="00:00:00.0002278" startTime="2016-08-04T09:57:45.6091399+02:00" endTime="2016-08-04T09:57:45.6106563+02:00" testType="13cdc9d9-ddb5-4fa4-a97d-d965ccfc6d4b" outcome="Passed" testListId="8c84fa94-04c1-424b-9868-57a2d4851a1d" relativeResultsDirectory="19405fbf-956f-4b86-943c-dc3b966988c8" />
    <UnitTestResult executionId="1945d88b-0209-4b55-bb3e-783229d4016c" testId="7747149f-8862-bca5-e7b6-adc880da055f" testName="AddChild_AddChildCopy_ReturnsNewObject" computerName="ICSWS068" duration="00:00:00.0001900" startTime="2016-08-04T09:57:45.6131425+02:00" endTime="2016-08-04T09:57:45.6146492+02:00" testType="13cdc9d9-ddb5-4fa4-a97d-d965ccfc6d4b" outcome="Passed" testListId="8c84fa94-04c1-424b-9868-57a2d4851a1d" relativeResultsDirectory="1945d88b-0209-4b55-bb3e-783229d4016c" />
    <UnitTestResult executionId="26b9d327-c475-4f4b-b3e7-1f6b36b7b4cc" testId="3b2d1f85-b670-2075-12c1-36dbbd131a15" testName="Clear_RemovesAllNodes" computerName="ICSWS068" duration="00:00:00.0003105" startTime="2016-08-04T09:57:45.6166627+02:00" endTime="2016-08-04T09:57:45.6181468+02:00" testType="13cdc9d9-ddb5-4fa4-a97d-d965ccfc6d4b" outcome="Passed" testListId="8c84fa94-04c1-424b-9868-57a2d4851a1d" relativeResultsDirectory="26b9d327-c475-4f4b-b3e7-1f6b36b7b4cc" />
    <UnitTestResult executionId="90e6f3c5-0c04-48bd-b7bb-080bb6dce2e5" testId="5fc9f507-69dc-37e4-4b9f-04618c9a782f" testName="XsltTransformToString_XsltContainsScriptBlocks_Success" computerName="ICSWS068" duration="00:00:00.0787031" startTime="2016-08-04T09:57:45.6211497+02:00" endTime="2016-08-04T09:57:45.7014683+02:00" testType="13cdc9d9-ddb5-4fa4-a97d-d965ccfc6d4b" outcome="Passed" testListId="8c84fa94-04c1-424b-9868-57a2d4851a1d" relativeResultsDirectory="90e6f3c5-0c04-48bd-b7bb-080bb6dce2e5" />
    <UnitTestResult executionId="9ca09ce6-ff0b-468f-9759-b28c9f97bb6a" testId="b464a58f-7b22-1e64-f796-9d8b3a22c283" testName="CreateCollection_ListIsNull_Throws" computerName="ICSWS068" duration="00:00:00.0010407" startTime="2016-08-04T09:57:45.7044955+02:00" endTime="2016-08-04T09:57:45.7069726+02:00" testType="13cdc9d9-ddb5-4fa4-a97d-d965ccfc6d4b" outcome="Passed" testListId="8c84fa94-04c1-424b-9868-57a2d4851a1d" relativeResultsDirectory="9ca09ce6-ff0b-468f-9759-b28c9f97bb6a" />
    <UnitTestResult executionId="99c4ae7b-68ad-4e11-a8b4-ba0931ad4eae" testId="c49d48a0-aeaa-4786-dc0b-1d24c2d0d4be" testName="Count_ReturnsCorrectNumber" computerName="ICSWS068" duration="00:00:00.0001765" startTime="2016-08-04T09:57:45.7099740+02:00" endTime="2016-08-04T09:57:45.7114766+02:00" testType="13cdc9d9-ddb5-4fa4-a97d-d965ccfc6d4b" outcome="Passed" testListId="8c84fa94-04c1-424b-9868-57a2d4851a1d" relativeResultsDirectory="99c4ae7b-68ad-4e11-a8b4-ba0931ad4eae" />
    <UnitTestResult executionId="34f52ca5-01ac-430a-b18b-212c1bfd2dc8" testId="7be7ac77-853a-cb1c-3d05-a94d3eef6b29" testName="GetNodeAt_ReturnsNodeAtPos" computerName="ICSWS068" duration="00:00:00.0004296" startTime="2016-08-04T09:57:45.7139768+02:00" endTime="2016-08-04T09:57:45.7159786+02:00" testType="13cdc9d9-ddb5-4fa4-a97d-d965ccfc6d4b" outcome="Passed" testListId="8c84fa94-04c1-424b-9868-57a2d4851a1d" relativeResultsDirectory="34f52ca5-01ac-430a-b18b-212c1bfd2dc8" />
    <UnitTestResult executionId="3ff3419c-d5c8-481d-999f-585fc771c79e" testId="88b2fcee-ea8c-2df7-129d-4ac81d3a444c" testName="GetNodeAt_OutOfRange_ReturnsNull" computerName="ICSWS068" duration="00:00:00.0001683" startTime="2016-08-04T09:57:45.7184803+02:00" endTime="2016-08-04T09:57:45.7194812+02:00" testType="13cdc9d9-ddb5-4fa4-a97d-d965ccfc6d4b" outcome="Passed" testListId="8c84fa94-04c1-424b-9868-57a2d4851a1d" relativeResultsDirectory="3ff3419c-d5c8-481d-999f-585fc771c79e" />
    <UnitTestResult executionId="6fdee9e6-d802-4470-a5b7-bc65704f3115" testId="614d80fe-e6a1-8a80-8dc7-eaf1968cb70f" testName="GetFirstNode_MultipleInvocations_AlwaysReturnsFirstNode" computerName="ICSWS068" duration="00:00:00.0003516" startTime="2016-08-04T09:57:45.7219832+02:00" endTime="2016-08-04T09:57:45.7239852+02:00" testType="13cdc9d9-ddb5-4fa4-a97d-d965ccfc6d4b" outcome="Passed" testListId="8c84fa94-04c1-424b-9868-57a2d4851a1d" relativeResultsDirectory="6fdee9e6-d802-4470-a5b7-bc65704f3115" />
    <UnitTestResult executionId="4504afe8-1381-40c0-80e8-a09a1debba33" testId="255a3e30-d6d5-b531-c432-41e987a4f44c" testName="GetNextNode_FirstInvoke_ReturnsFirstNode" computerName="ICSWS068" duration="00:00:00.0002803" startTime="2016-08-04T09:57:45.7260030+02:00" endTime="2016-08-04T09:57:45.7275024+02:00" testType="13cdc9d9-ddb5-4fa4-a97d-d965ccfc6d4b" outcome="Passed" testListId="8c84fa94-04c1-424b-9868-57a2d4851a1d" relativeResultsDirectory="4504afe8-1381-40c0-80e8-a09a1debba33" />
    <UnitTestResult executionId="28ef2eac-7884-484a-90c9-339447802c08" testId="0c34af3d-b10a-bf6b-1044-6b75c263f07c" testName="GetNextNode_MultipleInvoke_ReturnsNextNodeAndEventuallyNull" computerName="ICSWS068" duration="00:00:00.0002627" startTime="2016-08-04T09:57:45.7304889+02:00" endTime="2016-08-04T09:57:45.7319909+02:00" testType="13cdc9d9-ddb5-4fa4-a97d-d965ccfc6d4b" outcome="Passed" testListId="8c84fa94-04c1-424b-9868-57a2d4851a1d" relativeResultsDirectory="28ef2eac-7884-484a-90c9-339447802c08" />
    <UnitTestResult executionId="5be6b83b-1955-40ab-bdd2-8dcfd8a88bd7" testId="3721ee9a-52e5-123f-05e6-3dba121bd14e" testName="CreateElement_ParentIsDocumentValueSetAndChildrenAdded_Success" computerName="ICSWS068" duration="00:00:00.0008668" startTime="2016-08-04T09:57:45.7340105+02:00" endTime="2016-08-04T09:57:45.7364964+02:00" testType="13cdc9d9-ddb5-4fa4-a97d-d965ccfc6d4b" outcome="Passed" testListId="8c84fa94-04c1-424b-9868-57a2d4851a1d" relativeResultsDirectory="5be6b83b-1955-40ab-bdd2-8dcfd8a88bd7" />
    <UnitTestResult executionId="a23c2796-2446-4d99-a219-7383fba8d38b" testId="aa49daa0-9064-81b6-20a1-0947818048a9" testName="CreateElement_ParentIsElementNoChildrenAddedNoValueAdded_Success" computerName="ICSWS068" duration="00:00:00.0002900" startTime="2016-08-04T09:57:45.7389972+02:00" endTime="2016-08-04T09:57:45.7405160+02:00" testType="13cdc9d9-ddb5-4fa4-a97d-d965ccfc6d4b" outcome="Passed" testListId="8c84fa94-04c1-424b-9868-57a2d4851a1d" relativeResultsDirectory="a23c2796-2446-4d99-a219-7383fba8d38b" />
    <UnitTestResult executionId="ac1f567a-22a3-4376-ace3-33a81d1319d2" testId="bf782d3b-7b92-fb16-3bcc-b02ffea894de" testName="CreateElement_ParentIsNull_Throws" computerName="ICSWS068" duration="00:00:00.0005466" startTime="2016-08-04T09:57:45.7434388+02:00" endTime="2016-08-04T09:57:45.7454399+02:00" testType="13cdc9d9-ddb5-4fa4-a97d-d965ccfc6d4b" outcome="Passed" testListId="8c84fa94-04c1-424b-9868-57a2d4851a1d" relativeResultsDirectory="ac1f567a-22a3-4376-ace3-33a81d1319d2" />
    <UnitTestResult executionId="9a905cb8-d384-4925-a511-cbfb05183cac" testId="78520ebd-7e14-2ecc-b27d-10c36c7be573" testName="Class_Implements_IXmlNode" computerName="ICSWS068" duration="00:00:00.0002231" startTime="2016-08-04T09:57:45.7484941+02:00" endTime="2016-08-04T09:57:45.7499965+02:00" testType="13cdc9d9-ddb5-4fa4-a97d-d965ccfc6d4b" outcome="Passed" testListId="8c84fa94-04c1-424b-9868-57a2d4851a1d" relativeResultsDirectory="9a905cb8-d384-4925-a511-cbfb05183cac" />
    <UnitTestResult executionId="fe33533c-b589-471f-935a-7012bda4076c" testId="f93cdfd6-f8dc-249d-f3cc-e847b9f9b153" testName="Class_Implements_IXmlNodeImplementation" computerName="ICSWS068" duration="00:00:00.0001580" startTime="2016-08-04T09:57:45.7524967+02:00" endTime="2016-08-04T09:57:45.7539985+02:00" testType="13cdc9d9-ddb5-4fa4-a97d-d965ccfc6d4b" outcome="Passed" testListId="8c84fa94-04c1-424b-9868-57a2d4851a1d" relativeResultsDirectory="fe33533c-b589-471f-935a-7012bda4076c" />
    <UnitTestResult executionId="11872ec4-eccd-4160-9b90-bd5d97101495" testId="aed196af-c6e7-7965-9b6f-d5ac0e17e66a" testName="Class_Implements_IXmlDocumentImplementation" computerName="ICSWS068" duration="00:00:00.0001275" startTime="2016-08-04T09:57:45.7565002+02:00" endTime="2016-08-04T09:57:45.7580025+02:00" testType="13cdc9d9-ddb5-4fa4-a97d-d965ccfc6d4b" outcome="Passed" testListId="8c84fa94-04c1-424b-9868-57a2d4851a1d" relativeResultsDirectory="11872ec4-eccd-4160-9b90-bd5d97101495" />
    <UnitTestResult executionId="2b2e6bc9-cebc-44b0-85b4-b2b04cde7014" testId="0ff9baf1-2737-e48a-6a32-91603b3d4bf6" testName="AddChild_NotInitialized_Throws" computerName="ICSWS068" duration="00:00:00.0011410" startTime="2016-08-04T09:57:45.7605200+02:00" endTime="2016-08-04T09:57:45.7630045+02:00" testType="13cdc9d9-ddb5-4fa4-a97d-d965ccfc6d4b" outcome="Passed" testListId="8c84fa94-04c1-424b-9868-57a2d4851a1d" relativeResultsDirectory="2b2e6bc9-cebc-44b0-85b4-b2b04cde7014" />
    <UnitTestResult executionId="2b1dceb4-94e7-42c6-ad4c-664ca83769fc" testId="9b487b94-cfc3-ccfc-a785-ab9ae04ba2d7" testName="AddChild_ElementToAddIsNull_Throws" computerName="ICSWS068" duration="00:00:00.0006518" startTime="2016-08-04T09:57:45.7655073+02:00" endTime="2016-08-04T09:57:45.7675085+02:00" testType="13cdc9d9-ddb5-4fa4-a97d-d965ccfc6d4b" outcome="Passed" testListId="8c84fa94-04c1-424b-9868-57a2d4851a1d" relativeResultsDirectory="2b1dceb4-94e7-42c6-ad4c-664ca83769fc" />
    <UnitTestResult executionId="2605338b-e3d3-4963-b065-ccb0eedaf01c" testId="a4719a59-bf06-8412-6a63-8a26233ecf50" testName="AddChild_ElementToAddIsNoInitialized_Throws" computerName="ICSWS068" duration="00:00:00.0006366" startTime="2016-08-04T09:57:45.7705099+02:00" endTime="2016-08-04T09:57:45.7725310+02:00" testType="13cdc9d9-ddb5-4fa4-a97d-d965ccfc6d4b" outcome="Passed" testListId="8c84fa94-04c1-424b-9868-57a2d4851a1d" relativeResultsDirectory="2605338b-e3d3-4963-b065-ccb0eedaf01c" />
    <UnitTestResult executionId="563cb70b-29f5-4afa-a80b-9cae1bec2b33" testId="9fff7551-b59c-2daa-68e5-a42fdead2ed0" testName="AddChild_AddElementAddChildMoveDifferentSourceDocuments_ReturnsAddedChild" computerName="ICSWS068" duration="00:00:00.0006172" startTime="2016-08-04T09:57:45.7750506+02:00" endTime="2016-08-04T09:57:45.7770550+02:00" testType="13cdc9d9-ddb5-4fa4-a97d-d965ccfc6d4b" outcome="Passed" testListId="8c84fa94-04c1-424b-9868-57a2d4851a1d" relativeResultsDirectory="563cb70b-29f5-4afa-a80b-9cae1bec2b33" />
    <UnitTestResult executionId="6a22f485-936b-43f2-a713-0d30cb9ef63d" testId="be7ea358-1223-7da6-8e22-80f0ad780f7d" testName="AddChild_AddElementAddChildMoveDifferentSourceDocuments_ElementIsRemovedFroumSourceDocument" computerName="ICSWS068" duration="00:00:00.0002170" startTime="2016-08-04T09:57:45.7795561+02:00" endTime="2016-08-04T09:57:45.7810722+02:00" testType="13cdc9d9-ddb5-4fa4-a97d-d965ccfc6d4b" outcome="Passed" testListId="8c84fa94-04c1-424b-9868-57a2d4851a1d" relativeResultsDirectory="6a22f485-936b-43f2-a713-0d30cb9ef63d" />
    <UnitTestResult executionId="bcf2f691-42e8-430e-897f-25dec38c1bba" testId="48f7ad2e-8045-fec5-5300-8dae9841988c" testName="AddChild_AddElementAddChildMoveSameDocuments_ReturnsAddedChild" computerName="ICSWS068" duration="00:00:00.0003090" startTime="2016-08-04T09:57:45.7830789+02:00" endTime="2016-08-04T09:57:45.7845780+02:00" testType="13cdc9d9-ddb5-4fa4-a97d-d965ccfc6d4b" outcome="Passed" testListId="8c84fa94-04c1-424b-9868-57a2d4851a1d" relativeResultsDirectory="bcf2f691-42e8-430e-897f-25dec38c1bba" />
    <UnitTestResult executionId="3610dd76-daa3-4715-b627-ab4d5bd44ba6" testId="bdbb2773-0924-2f49-ce7e-d1e8fe4d7daf" testName="AddChild_AddElementAddChildMoveSameDocuments_ElementIsRemovedFroumSourceDocument" computerName="ICSWS068" duration="00:00:00.0002612" startTime="2016-08-04T09:57:45.7870645+02:00" endTime="2016-08-04T09:57:45.7885656+02:00" testType="13cdc9d9-ddb5-4fa4-a97d-d965ccfc6d4b" outcome="Passed" testListId="8c84fa94-04c1-424b-9868-57a2d4851a1d" relativeResultsDirectory="3610dd76-daa3-4715-b627-ab4d5bd44ba6" />
    <UnitTestResult executionId="e3c7bb1a-75b8-4d2b-8303-bce0930503bd" testId="928f6e7c-4033-a84d-860e-aa74b801825d" testName="AddChild_AddElementAddChildFirstCopyWithChildrenDifferentDocuments_AddedChildIsFirstChild" computerName="ICSWS068" duration="00:00:00.0005384" startTime="2016-08-04T09:57:45.7910673+02:00" endTime="2016-08-04T09:57:45.7930620+02:00" testType="13cdc9d9-ddb5-4fa4-a97d-d965ccfc6d4b" outcome="Passed" testListId="8c84fa94-04c1-424b-9868-57a2d4851a1d" relativeResultsDirectory="e3c7bb1a-75b8-4d2b-8303-bce0930503bd" />
    <UnitTestResult executionId="2d7f85b8-8501-4e14-8b71-6cd5b2e437d7" testId="d021c44e-d9b3-75cc-1e78-96bb7b88366d" testName="AddChild_AddElementAddChildFirstAndCopyWithChildrenAndDifferentDocuments_ElementIsCopied" computerName="ICSWS068" duration="00:00:00.0003894" startTime="2016-08-04T09:57:45.7955828+02:00" endTime="2016-08-04T09:57:45.7970839+02:00" testType="13cdc9d9-ddb5-4fa4-a97d-d965ccfc6d4b" outcome="Passed" testListId="8c84fa94-04c1-424b-9868-57a2d4851a1d" relativeResultsDirectory="2d7f85b8-8501-4e14-8b71-6cd5b2e437d7" />
    <UnitTestResult executionId="77ffe455-eb7b-4c33-aa37-f66f89fdd1eb" testId="0491ddd1-6268-ee0f-ab08-8b5f18a0b33c" testName="AddChild_AddElementAddChildFirstAndCopyNoChildrenAndDifferentDocuments_ElementIsCopiedWithoutChildren" computerName="ICSWS068" duration="00:00:00.0005929" startTime="2016-08-04T09:57:45.7995689+02:00" endTime="2016-08-04T09:57:45.8080744+02:00" testType="13cdc9d9-ddb5-4fa4-a97d-d965ccfc6d4b" outcome="Passed" testListId="8c84fa94-04c1-424b-9868-57a2d4851a1d" relativeResultsDirectory="77ffe455-eb7b-4c33-aa37-f66f89fdd1eb" />
    <UnitTestResult executionId="9381353e-f596-49af-af7d-f82d1f9e884a" testId="8113ad3a-e967-835e-090f-891c8ad1ec44" testName="AddChild_AddElementAddChildLast_AddedChildIsLastChild" computerName="ICSWS068" duration="00:00:00.0003020" startTime="2016-08-04T09:57:45.8110778+02:00" endTime="2016-08-04T09:57:45.8115775+02:00" testType="13cdc9d9-ddb5-4fa4-a97d-d965ccfc6d4b" outcome="Passed" testListId="8c84fa94-04c1-424b-9868-57a2d4851a1d" relativeResultsDirectory="9381353e-f596-49af-af7d-f82d1f9e884a" />
    <UnitTestResult executionId="7c2ab2dc-c2eb-40c7-a193-efec329103db" testId="9114780c-2c5d-8a69-ed4e-efe0c9fab53e" testName="AddChild_AddElementAddChildAtIndex_AddedChildIsAtIndex" computerName="ICSWS068" duration="00:00:00.0002865" startTime="2016-08-04T09:57:45.8150370+02:00" endTime="2016-08-04T09:57:45.8165358+02:00" testType="13cdc9d9-ddb5-4fa4-a97d-d965ccfc6d4b" outcome="Passed" testListId="8c84fa94-04c1-424b-9868-57a2d4851a1d" relativeResultsDirectory="7c2ab2dc-c2eb-40c7-a193-efec329103db" />
    <UnitTestResult executionId="b1693819-7592-44b1-863d-db93c79145dd" testId="806e80fa-058e-2f47-dad5-dab7db37e7af" testName="AddChild_AddElementAddChildAtIndexGreaterThanCount_AddedChildIsAddedLast" computerName="ICSWS068" duration="00:00:00.0002859" startTime="2016-08-04T09:57:45.8185211+02:00" endTime="2016-08-04T09:57:45.8205237+02:00" testType="13cdc9d9-ddb5-4fa4-a97d-d965ccfc6d4b" outcome="Passed" testListId="8c84fa94-04c1-424b-9868-57a2d4851a1d" relativeResultsDirectory="b1693819-7592-44b1-863d-db93c79145dd" />
    <UnitTestResult executionId="c9960139-61af-4e30-ab41-494edc41faba" testId="5508f1fa-5a8f-3f3d-d7e2-6efdc26de4f0" testName="AddChild_AddElementAddChildAtIndexLessThanZero_AddedChildIsAddedLast" computerName="ICSWS068" duration="00:00:00.0003011" startTime="2016-08-04T09:57:45.8230240+02:00" endTime="2016-08-04T09:57:45.8245251+02:00" testType="13cdc9d9-ddb5-4fa4-a97d-d965ccfc6d4b" outcome="Passed" testListId="8c84fa94-04c1-424b-9868-57a2d4851a1d" relativeResultsDirectory="c9960139-61af-4e30-ab41-494edc41faba" />
    <UnitTestResult executionId="5d175671-47ce-46e0-9c00-53cd702057ba" testId="3b049afa-e308-46e2-2564-10df932e1904" testName="AddChild_AddElementOptionAddChildMove_AddedChildIsMoved" computerName="ICSWS068" duration="00:00:00.0004073" startTime="2016-08-04T09:57:45.8270277+02:00" endTime="2016-08-04T09:57:45.8290456+02:00" testType="13cdc9d9-ddb5-4fa4-a97d-d965ccfc6d4b" outcome="Passed" testListId="8c84fa94-04c1-424b-9868-57a2d4851a1d" relativeResultsDirectory="5d175671-47ce-46e0-9c00-53cd702057ba" />
    <UnitTestResult executionId="cd5ddf4e-7693-46e7-9a6e-a60654f6b9f0" testId="32b1384f-a738-7335-3264-83989a0a3843" testName="AddChild_AddElementOptionAddChildCopyWithChildren_AddedChildAndItsChildrenAreAllCopied" computerName="ICSWS068" duration="00:00:00.0002982" startTime="2016-08-04T09:57:45.8315303+02:00" endTime="2016-08-04T09:57:45.8330314+02:00" testType="13cdc9d9-ddb5-4fa4-a97d-d965ccfc6d4b" outcome="Passed" testListId="8c84fa94-04c1-424b-9868-57a2d4851a1d" relativeResultsDirectory="cd5ddf4e-7693-46e7-9a6e-a60654f6b9f0" />
    <UnitTestResult executionId="0c607768-138f-4365-b871-1d1e8a6254d6" testId="3116ee3b-242c-22d5-7c2a-f071d64671de" testName="AddChild_AddElementOptionAddChildCopyNoChildren_AddedChildIsCopiedWithoutItsChildren" computerName="ICSWS068" duration="00:00:00.0007378" startTime="2016-08-04T09:57:45.8365349+02:00" endTime="2016-08-04T09:57:45.8395515+02:00" testType="13cdc9d9-ddb5-4fa4-a97d-d965ccfc6d4b" outcome="Passed" testListId="8c84fa94-04c1-424b-9868-57a2d4851a1d" relativeResultsDirectory="0c607768-138f-4365-b871-1d1e8a6254d6" />
    <UnitTestResult executionId="ca33aa1b-e8f4-45e2-835f-722050597c7b" testId="03dc3eff-0bcd-ed41-5d79-7edfce13fd04" testName="AddNewChild_ParentNotInitialized_Throws" computerName="ICSWS068" duration="00:00:00.0007747" startTime="2016-08-04T09:57:45.8420377+02:00" endTime="2016-08-04T09:57:45.8441928+02:00" testType="13cdc9d9-ddb5-4fa4-a97d-d965ccfc6d4b" outcome="Passed" testListId="8c84fa94-04c1-424b-9868-57a2d4851a1d" relativeResultsDirectory="ca33aa1b-e8f4-45e2-835f-722050597c7b" />
    <UnitTestResult executionId="8e206f31-19df-4122-b7dc-97baa9604ee5" testId="04f656fe-1e25-2c77-73d3-f94a7c9e3233" testName="AddNewChild_ParentIsElementXMLNodeType_ATTRIBUTE_Throws" computerName="ICSWS068" duration="00:00:00.0022181" startTime="2016-08-04T09:57:45.8497109+02:00" endTime="2016-08-04T09:57:45.8551020+02:00" testType="13cdc9d9-ddb5-4fa4-a97d-d965ccfc6d4b" outcome="Passed" testListId="8c84fa94-04c1-424b-9868-57a2d4851a1d" relativeResultsDirectory="8e206f31-19df-4122-b7dc-97baa9604ee5" />
    <UnitTestResult executionId="2c131a10-6d92-4af1-bc8f-8df17169f8e6" testId="35784e10-3aa6-45e4-410f-c58fbb675003" testName="AddNewChild_ParentIsElementXMLNodeType_CDATA_SECTION_Success" computerName="ICSWS068" duration="00:00:00.0003741" startTime="2016-08-04T09:57:45.8596055+02:00" endTime="2016-08-04T09:57:45.8611263+02:00" testType="13cdc9d9-ddb5-4fa4-a97d-d965ccfc6d4b" outcome="Passed" testListId="8c84fa94-04c1-424b-9868-57a2d4851a1d" relativeResultsDirectory="2c131a10-6d92-4af1-bc8f-8df17169f8e6" />
    <UnitTestResult executionId="bce7fcaa-51ed-40b2-b584-d7b89c9cccb4" testId="d28eb845-c267-9d45-65ef-84395e595896" testName="AddNewChild_ParentIsElementXMLNodeType_COMMENT_Success" computerName="ICSWS068" duration="00:00:00.0006712" startTime="2016-08-04T09:57:45.8636136+02:00" endTime="2016-08-04T09:57:45.8666335+02:00" testType="13cdc9d9-ddb5-4fa4-a97d-d965ccfc6d4b" outcome="Passed" testListId="8c84fa94-04c1-424b-9868-57a2d4851a1d" relativeResultsDirectory="bce7fcaa-51ed-40b2-b584-d7b89c9cccb4" />
    <UnitTestResult executionId="52cbcc19-e475-4566-a118-41c5c4a1cfb3" testId="8609e568-e040-0388-db3f-4bd5b83c882e" testName="AddNewChild_ParentIsElementXMLNodeType_ELEMENT_Success" computerName="ICSWS068" duration="00:00:00.0002612" startTime="2016-08-04T09:57:45.8706182+02:00" endTime="2016-08-04T09:57:45.8721369+02:00" testType="13cdc9d9-ddb5-4fa4-a97d-d965ccfc6d4b" outcome="Passed" testListId="8c84fa94-04c1-424b-9868-57a2d4851a1d" relativeResultsDirectory="52cbcc19-e475-4566-a118-41c5c4a1cfb3" />
    <UnitTestResult executionId="6399f9f7-9093-4e6e-8aa8-37a5789de6cf" testId="4ca0e16b-d1b1-9f4d-2e35-ae08d36a047f" testName="AddNewChild_ParentIsElementXMLNodeType_PROCESSING_INSTRUCTION_Success" computerName="ICSWS068" duration="00:00:00.0002692" startTime="2016-08-04T09:57:45.8750046+02:00" endTime="2016-08-04T09:57:45.8765225+02:00" testType="13cdc9d9-ddb5-4fa4-a97d-d965ccfc6d4b" outcome="Passed" testListId="8c84fa94-04c1-424b-9868-57a2d4851a1d" relativeResultsDirectory="6399f9f7-9093-4e6e-8aa8-37a5789de6cf" />
    <UnitTestResult executionId="c4f34d27-bb7e-482a-8332-559da60bb371" testId="f8531230-f8f1-32cc-5f54-43f8eb60a1e7" testName="AddNewChild_ParentIsElementXMLNodeType_TEXT_Success" computerName="ICSWS068" duration="00:00:00.0002319" startTime="2016-08-04T09:57:45.8790072+02:00" endTime="2016-08-04T09:57:45.8800095+02:00" testType="13cdc9d9-ddb5-4fa4-a97d-d965ccfc6d4b" outcome="Passed" testListId="8c84fa94-04c1-424b-9868-57a2d4851a1d" relativeResultsDirectory="c4f34d27-bb7e-482a-8332-559da60bb371" />
    <UnitTestResult executionId="67309369-c3f4-4856-81ea-5c35b01b61b4" testId="cb9e3b57-cdde-5df0-bf61-903191b8f263" testName="AddNewChild_ParentIsElementXMLNodeType_DOCUMENT_FRAGMENT_Success" computerName="ICSWS068" duration="00:00:00.0001756" startTime="2016-08-04T09:57:45.8820268+02:00" endTime="2016-08-04T09:57:45.8838657+02:00" testType="13cdc9d9-ddb5-4fa4-a97d-d965ccfc6d4b" outcome="Passed" testListId="8c84fa94-04c1-424b-9868-57a2d4851a1d" relativeResultsDirectory="67309369-c3f4-4856-81ea-5c35b01b61b4" />
    <UnitTestResult executionId="538faab2-a894-446f-9df2-2042a12a7ee0" testId="5081c89e-8ac3-2ffb-4e82-74b7a0573051" testName="AddNewChild_ParentIsElementXMLNodeType_DOCUMENT_Throws" computerName="ICSWS068" duration="00:00:00.0004964" startTime="2016-08-04T09:57:45.8873689+02:00" endTime="2016-08-04T09:57:45.8893865+02:00" testType="13cdc9d9-ddb5-4fa4-a97d-d965ccfc6d4b" outcome="Passed" testListId="8c84fa94-04c1-424b-9868-57a2d4851a1d" relativeResultsDirectory="538faab2-a894-446f-9df2-2042a12a7ee0" />
    <UnitTestResult executionId="a6b3ae93-3294-408c-8d83-b6ebd6810396" testId="4217013e-9d2c-1643-0c20-1a0c2f12c7f5" testName="AddNewChild_ParentIsElementXMLNodeType_DOCUMENT_TYPE_Throws" computerName="ICSWS068" duration="00:00:00.0006756" startTime="2016-08-04T09:57:45.8918709+02:00" endTime="2016-08-04T09:57:45.8944468+02:00" testType="13cdc9d9-ddb5-4fa4-a97d-d965ccfc6d4b" outcome="Passed" testListId="8c84fa94-04c1-424b-9868-57a2d4851a1d" relativeResultsDirectory="a6b3ae93-3294-408c-8d83-b6ebd6810396" />
    <UnitTestResult executionId="7b4d09a5-f16b-4611-a1ce-1ccb318b2c65" testId="fbba3bfd-1ed0-78fc-91ff-3a2a25e86f7e" testName="AddNewChild_ParentIsElementXMLNodeType_ENTITY_Throws" computerName="ICSWS068" duration="00:00:00.0004683" startTime="2016-08-04T09:57:45.8969491+02:00" endTime="2016-08-04T09:57:45.8984500+02:00" testType="13cdc9d9-ddb5-4fa4-a97d-d965ccfc6d4b" outcome="Passed" testListId="8c84fa94-04c1-424b-9868-57a2d4851a1d" relativeResultsDirectory="7b4d09a5-f16b-4611-a1ce-1ccb318b2c65" />
    <UnitTestResult executionId="fd4ee549-52cc-49d4-b813-34b11b7f8c98" testId="e10ca4a9-a2c2-68ae-7905-a944e9feb2c3" testName="AddNewChild_ParentIsElementXMLNodeType_ENTITY_REFERENCE_Throws" computerName="ICSWS068" duration="00:00:00.0001689" startTime="2016-08-04T09:57:45.9014523+02:00" endTime="2016-08-04T09:57:45.9028918+02:00" testType="13cdc9d9-ddb5-4fa4-a97d-d965ccfc6d4b" outcome="Passed" testListId="8c84fa94-04c1-424b-9868-57a2d4851a1d" relativeResultsDirectory="fd4ee549-52cc-49d4-b813-34b11b7f8c98" />
    <UnitTestResult executionId="d8d7454c-bae6-4c0b-bdc9-450ede5c47f1" testId="0918c1b0-941f-8e48-9ac9-434a658a7fc3" testName="AddNewChild_OnElement_XMLNodeType_NOTATION_Throws" computerName="ICSWS068" duration="00:00:00.0004436" startTime="2016-08-04T09:57:45.9058962+02:00" endTime="2016-08-04T09:57:45.9073985+02:00" testType="13cdc9d9-ddb5-4fa4-a97d-d965ccfc6d4b" outcome="Passed" testListId="8c84fa94-04c1-424b-9868-57a2d4851a1d" relativeResultsDirectory="d8d7454c-bae6-4c0b-bdc9-450ede5c47f1" />
    <UnitTestResult executionId="a87a62eb-bc7c-4b8b-a1e0-2dcd5ae8a91b" testId="7a291685-a353-0d09-b7a3-c5542b33bb5d" testName="BufferSize_DocumentStarted_ThrowsExceptionOnSet" computerName="ICSWS068" duration="00:00:00.0603120" startTime="2016-08-04T09:57:45.9104002+02:00" endTime="2016-08-04T09:57:45.9717379+02:00" testType="13cdc9d9-ddb5-4fa4-a97d-d965ccfc6d4b" outcome="Passed" testListId="8c84fa94-04c1-424b-9868-57a2d4851a1d" relativeResultsDirectory="a87a62eb-bc7c-4b8b-a1e0-2dcd5ae8a91b" />
    <UnitTestResult executionId="b55ea6f8-e0a7-4714-bc61-39d67dbd147f" testId="41c4e8f1-331e-d698-7475-13a4358d3f8c" testName="BufferSize_ValueLessThanZero_ThrowsExceptionOnSet" computerName="ICSWS068" duration="00:00:00.0005624" startTime="2016-08-04T09:57:45.9755871+02:00" endTime="2016-08-04T09:57:45.9770862+02:00" testType="13cdc9d9-ddb5-4fa4-a97d-d965ccfc6d4b" outcome="Passed" testListId="8c84fa94-04c1-424b-9868-57a2d4851a1d" relativeResultsDirectory="b55ea6f8-e0a7-4714-bc61-39d67dbd147f" />
    <UnitTestResult executionId="d7642c80-d5b2-4f1a-a46c-c41169cfdda9" testId="078aa349-6363-5f92-94cf-2201e8c13e5f" testName="BufferSize_ValueZeroOrAbove_ValueIsSet" computerName="ICSWS068" duration="00:00:00.0004419" startTime="2016-08-04T09:57:45.9801055+02:00" endTime="2016-08-04T09:57:45.9816063+02:00" testType="13cdc9d9-ddb5-4fa4-a97d-d965ccfc6d4b" outcome="Passed" testListId="8c84fa94-04c1-424b-9868-57a2d4851a1d" relativeResultsDirectory="d7642c80-d5b2-4f1a-a46c-c41169cfdda9" />
    <UnitTestResult executionId="a68a72ab-3c72-4e53-8081-fbfdaeb0966c" testId="7924baa7-9755-dc0b-63e2-05162cbdcfd2" testName="Indent_DocumentStarted_ThrowsExceptionOnSet" computerName="ICSWS068" duration="00:00:00.0007146" startTime="2016-08-04T09:57:45.9849417+02:00" endTime="2016-08-04T09:57:45.9869429+02:00" testType="13cdc9d9-ddb5-4fa4-a97d-d965ccfc6d4b" outcome="Passed" testListId="8c84fa94-04c1-424b-9868-57a2d4851a1d" relativeResultsDirectory="a68a72ab-3c72-4e53-8081-fbfdaeb0966c" />
    <UnitTestResult executionId="d0fb2053-f00d-48b6-a7a0-0f5d38499114" testId="8d6397fa-a221-ef26-8068-014575832f26" testName="Indent_CantSetValue" computerName="ICSWS068" duration="00:00:00.0003812" startTime="2016-08-04T09:57:45.9899458+02:00" endTime="2016-08-04T09:57:45.9919478+02:00" testType="13cdc9d9-ddb5-4fa4-a97d-d965ccfc6d4b" outcome="Passed" testListId="8c84fa94-04c1-424b-9868-57a2d4851a1d" relativeResultsDirectory="d0fb2053-f00d-48b6-a7a0-0f5d38499114" />
    <UnitTestResult executionId="bf002449-7c71-47bc-ae6b-3d4c7af7a081" testId="7450a15a-3404-3206-9566-b011c572006e" testName="Encoding_DocumentStarted_ThrowsExceptionOnSet" computerName="ICSWS068" duration="00:00:00.0007084" startTime="2016-08-04T09:57:45.9949577+02:00" endTime="2016-08-04T09:57:45.9969553+02:00" testType="13cdc9d9-ddb5-4fa4-a97d-d965ccfc6d4b" outcome="Passed" testListId="8c84fa94-04c1-424b-9868-57a2d4851a1d" relativeResultsDirectory="bf002449-7c71-47bc-ae6b-3d4c7af7a081" />
    <UnitTestResult executionId="eec08b3b-6b27-4e5a-a5a1-01c02cb1d565" testId="5b29698c-a9f5-aa7f-d18d-8abb5b657178" testName="Encoding_CantSetValue" computerName="ICSWS068" duration="00:00:00.0003014" startTime="2016-08-04T09:57:45.9994738+02:00" endTime="2016-08-04T09:57:46.0009573+02:00" testType="13cdc9d9-ddb5-4fa4-a97d-d965ccfc6d4b" outcome="Passed" testListId="8c84fa94-04c1-424b-9868-57a2d4851a1d" relativeResultsDirectory="eec08b3b-6b27-4e5a-a5a1-01c02cb1d565" />
    <UnitTestResult executionId="e5eb5237-2b44-4166-bc51-7cce740fb876" testId="8c315110-96ea-6c9a-6bc7-f09396ae0d6b" testName="Standalone_DocumentStarted_ThrowsExceptionOnSet" computerName="ICSWS068" duration="00:00:00.0006952" startTime="2016-08-04T09:57:46.0042124+02:00" endTime="2016-08-04T09:57:46.0057144+02:00" testType="13cdc9d9-ddb5-4fa4-a97d-d965ccfc6d4b" outcome="Passed" testListId="8c84fa94-04c1-424b-9868-57a2d4851a1d" relativeResultsDirectory="e5eb5237-2b44-4166-bc51-7cce740fb876" />
    <UnitTestResult executionId="28245eed-1451-4331-a983-6d7c749bb2b3" testId="0a5a3f39-9219-722d-8e48-e6cddf7b06f3" testName="OutputXmlDocument_GetWithUrlOutputType_ThrowsException" computerName="ICSWS068" duration="00:00:00.0007205" startTime="2016-08-04T09:57:46.0082147+02:00" endTime="2016-08-04T09:57:46.0102331+02:00" testType="13cdc9d9-ddb5-4fa4-a97d-d965ccfc6d4b" outcome="Passed" testListId="8c84fa94-04c1-424b-9868-57a2d4851a1d" relativeResultsDirectory="28245eed-1451-4331-a983-6d7c749bb2b3" />
    <UnitTestResult executionId="7ec781d6-3131-43c0-879a-1422903bed05" testId="05244104-2961-0369-692b-cd40bdf7534b" testName="OutputXmlDocument_GetWithStringOutputType_ThrowsException" computerName="ICSWS068" duration="00:00:00.0005574" startTime="2016-08-04T09:57:46.0132231+02:00" endTime="2016-08-04T09:57:46.0152283+02:00" testType="13cdc9d9-ddb5-4fa4-a97d-d965ccfc6d4b" outcome="Passed" testListId="8c84fa94-04c1-424b-9868-57a2d4851a1d" relativeResultsDirectory="7ec781d6-3131-43c0-879a-1422903bed05" />
    <UnitTestResult executionId="ecfb6b03-859c-48e8-addc-d87aa14ac17a" testId="9a4a723b-d1d1-1e6c-01ea-6cfe793bfdff" testName="OutputXmlDocument_GetWithXmlDocumentOutputType_ReturnsDocument" computerName="ICSWS068" duration="00:00:00.0003730" startTime="2016-08-04T09:57:46.0172242+02:00" endTime="2016-08-04T09:57:46.0192256+02:00" testType="13cdc9d9-ddb5-4fa4-a97d-d965ccfc6d4b" outcome="Passed" testListId="8c84fa94-04c1-424b-9868-57a2d4851a1d" relativeResultsDirectory="ecfb6b03-859c-48e8-addc-d87aa14ac17a" />
    <UnitTestResult executionId="805abae1-a631-40fe-a719-0e1e729750a1" testId="c3afd3ce-0962-cc4e-e706-772c27b9f2f2" testName="OutputAsXMLString_GetWithXmlDocumentOutputType_ThrowsException" computerName="ICSWS068" duration="00:00:00.0007504" startTime="2016-08-04T09:57:46.0227294+02:00" endTime="2016-08-04T09:57:46.0247308+02:00" testType="13cdc9d9-ddb5-4fa4-a97d-d965ccfc6d4b" outcome="Passed" testListId="8c84fa94-04c1-424b-9868-57a2d4851a1d" relativeResultsDirectory="805abae1-a631-40fe-a719-0e1e729750a1" />
    <UnitTestResult executionId="9d0a6543-663b-4f28-b4ac-310836cce29a" testId="65e35250-f18d-f0cc-5c89-da19dc08f751" testName="OutputAsXMLString_GetWithUrlOutputType_ThrowsException" computerName="ICSWS068" duration="00:00:00.0005908" startTime="2016-08-04T09:57:46.0277322+02:00" endTime="2016-08-04T09:57:46.0297489+02:00" testType="13cdc9d9-ddb5-4fa4-a97d-d965ccfc6d4b" outcome="Passed" testListId="8c84fa94-04c1-424b-9868-57a2d4851a1d" relativeResultsDirectory="9d0a6543-663b-4f28-b4ac-310836cce29a" />
    <UnitTestResult executionId="f9d02e84-3ae2-44aa-aa40-cf4f9fb71204" testId="121d8f8d-aa66-8b43-1224-f980d74a6218" testName="StartDocument_Started_ThrowsException" computerName="ICSWS068" duration="00:00:00.0005850" startTime="2016-08-04T09:57:46.0317351+02:00" endTime="2016-08-04T09:57:46.0342057+02:00" testType="13cdc9d9-ddb5-4fa4-a97d-d965ccfc6d4b" outcome="Passed" testListId="8c84fa94-04c1-424b-9868-57a2d4851a1d" relativeResultsDirectory="f9d02e84-3ae2-44aa-aa40-cf4f9fb71204" />
    <UnitTestResult executionId="f82beb2f-ec62-4b25-bfad-fd459ed6db0d" testId="3af834f1-7242-5bb2-ed3b-2a6a98ba5cf1" testName="StartDocument_OutPutTypeIsUrl_ShouldOpenFile" computerName="ICSWS068" duration="00:00:00.0026755" startTime="2016-08-04T09:57:46.0372077+02:00" endTime="2016-08-04T09:57:46.0411965+02:00" testType="13cdc9d9-ddb5-4fa4-a97d-d965ccfc6d4b" outcome="Passed" testListId="8c84fa94-04c1-424b-9868-57a2d4851a1d" relativeResultsDirectory="f82beb2f-ec62-4b25-bfad-fd459ed6db0d" />
    <UnitTestResult executionId="60412147-de59-4886-bb27-66d2e7b2bd0a" testId="8204ad8d-1a57-1f29-49b6-50670c9de294" testName="StartDocument_OutputTypeIsXmlDocument_ShouldNotOpenFile" computerName="ICSWS068" duration="00:00:00.0014099" startTime="2016-08-04T09:57:46.0451985+02:00" endTime="2016-08-04T09:57:46.0477157+02:00" testType="13cdc9d9-ddb5-4fa4-a97d-d965ccfc6d4b" outcome="Passed" testListId="8c84fa94-04c1-424b-9868-57a2d4851a1d" relativeResultsDirectory="60412147-de59-4886-bb27-66d2e7b2bd0a" />
    <UnitTestResult executionId="080edb7e-5d69-43a9-92e4-b0dd9a9e35ff" testId="3a3a69af-18eb-5b96-4214-f75e8fb82458" testName="StartDocument_OutputTypeIsString_ShouldNotOpenFile" computerName="ICSWS068" duration="00:00:00.0013894" startTime="2016-08-04T09:57:46.0502031+02:00" endTime="2016-08-04T09:57:46.0522028+02:00" testType="13cdc9d9-ddb5-4fa4-a97d-d965ccfc6d4b" outcome="Passed" testListId="8c84fa94-04c1-424b-9868-57a2d4851a1d" relativeResultsDirectory="080edb7e-5d69-43a9-92e4-b0dd9a9e35ff" />
    <UnitTestResult executionId="4b1d9705-2550-4c61-b9cb-ff111b1314a9" testId="e60b358c-ea88-6a48-efed-74f223942754" testName="StartDocument_OmitXmlDeclarationIsFalse_AddDeclaration" computerName="ICSWS068" duration="00:00:00.0010501" startTime="2016-08-04T09:57:46.0561789+02:00" endTime="2016-08-04T09:57:46.0586807+02:00" testType="13cdc9d9-ddb5-4fa4-a97d-d965ccfc6d4b" outcome="Passed" testListId="8c84fa94-04c1-424b-9868-57a2d4851a1d" relativeResultsDirectory="4b1d9705-2550-4c61-b9cb-ff111b1314a9" />
    <UnitTestResult executionId="f5ebc515-3183-4dd9-9212-f589540f2259" testId="8c811601-0bb4-375a-ba1d-3ce2faad322b" testName="StartDocument_OmitXmlDeclarationIsTrue_SkipAddingDeclaration" computerName="ICSWS068" duration="00:00:00.0004477" startTime="2016-08-04T09:57:46.0616827+02:00" endTime="2016-08-04T09:57:46.0631885+02:00" testType="13cdc9d9-ddb5-4fa4-a97d-d965ccfc6d4b" outcome="Passed" testListId="8c84fa94-04c1-424b-9868-57a2d4851a1d" relativeResultsDirectory="f5ebc515-3183-4dd9-9212-f589540f2259" />
    <UnitTestResult executionId="48c1b768-f67d-4c95-888b-537ed619fae9" testId="7c1f303c-6cf1-3609-57d2-3e49c9c556a8" testName="StartDocument_OmitDSeclarationIsFalseAndStandaloneIsTrue_StandaloneYesInDeclaration" computerName="ICSWS068" duration="00:00:00.0004272" startTime="2016-08-04T09:57:46.0656888+02:00" endTime="2016-08-04T09:57:46.0671899+02:00" testType="13cdc9d9-ddb5-4fa4-a97d-d965ccfc6d4b" outcome="Passed" testListId="8c84fa94-04c1-424b-9868-57a2d4851a1d" relativeResultsDirectory="48c1b768-f67d-4c95-888b-537ed619fae9" />
    <UnitTestResult executionId="93711f1a-c016-4594-99b6-c0876c5ee600" testId="7889f4f6-bf39-a6bf-d776-5b770634a915" testName="StartDocumentOmitDeclarationIsFalse_DeclarationIncludesEncodingWebName" computerName="ICSWS068" duration="00:00:00.0005530" startTime="2016-08-04T09:57:46.0701934+02:00" endTime="2016-08-04T09:57:46.0721936+02:00" testType="13cdc9d9-ddb5-4fa4-a97d-d965ccfc6d4b" outcome="Passed" testListId="8c84fa94-04c1-424b-9868-57a2d4851a1d" relativeResultsDirectory="93711f1a-c016-4594-99b6-c0876c5ee600" />
    <UnitTestResult executionId="e5077901-aa95-4a8f-ab25-8875e7aa9d47" testId="95776cdd-fdef-01e3-2893-91cb45a34f9b" testName="EndDocument_NotInitialized_ThrowException" computerName="ICSWS068" duration="00:00:00.0006351" startTime="2016-08-04T09:57:46.0751965+02:00" endTime="2016-08-04T09:57:46.0776973+02:00" testType="13cdc9d9-ddb5-4fa4-a97d-d965ccfc6d4b" outcome="Passed" testListId="8c84fa94-04c1-424b-9868-57a2d4851a1d" relativeResultsDirectory="e5077901-aa95-4a8f-ab25-8875e7aa9d47" />
    <UnitTestResult executionId="4689994e-af4d-49bf-91a8-44601330db7c" testId="14faca73-04dd-4418-7898-1b4b6534547a" testName="EndDocument_IfStarted_XmlWriterIsClosed" computerName="ICSWS068" duration="00:00:00.0014181" startTime="2016-08-04T09:57:46.0801997+02:00" endTime="2016-08-04T09:57:46.0826952+02:00" testType="13cdc9d9-ddb5-4fa4-a97d-d965ccfc6d4b" outcome="Passed" testListId="8c84fa94-04c1-424b-9868-57a2d4851a1d" relativeResultsDirectory="4689994e-af4d-49bf-91a8-44601330db7c" />
    <UnitTestResult executionId="ab81f055-9461-4abc-8b85-74ef4e130fac" testId="1d534872-d932-a966-a0f9-58ebaa04e0c9" testName="EndDocument_OutputAsXmlDocument_LoadFromString" computerName="ICSWS068" duration="00:00:00.0107698" startTime="2016-08-04T09:57:46.0851987+02:00" endTime="2016-08-04T09:57:46.0977313+02:00" testType="13cdc9d9-ddb5-4fa4-a97d-d965ccfc6d4b" outcome="Passed" testListId="8c84fa94-04c1-424b-9868-57a2d4851a1d" relativeResultsDirectory="ab81f055-9461-4abc-8b85-74ef4e130fac" />
    <UnitTestResult executionId="f16f747f-92b4-48ab-b5ed-b7063bfffee4" testId="66d72e5c-70d2-4a43-6419-f2c82d8ae44c" testName="WriteProcessingInstruction_NotInitialized_ThrowsException" computerName="ICSWS068" duration="00:00:00.0007073" startTime="2016-08-04T09:57:46.1002201+02:00" endTime="2016-08-04T09:57:46.1027210+02:00" testType="13cdc9d9-ddb5-4fa4-a97d-d965ccfc6d4b" outcome="Passed" testListId="8c84fa94-04c1-424b-9868-57a2d4851a1d" relativeResultsDirectory="f16f747f-92b4-48ab-b5ed-b7063bfffee4" />
    <UnitTestResult executionId="42f8f9b0-20d3-456d-832a-c3eb47eba552" testId="2ef98e5a-5132-10ff-19b5-5782009acc04" testName="WriteProcessingInstruction_InitializedAndStarted_CallsXmlWriterMethodWithParamters" computerName="ICSWS068" duration="00:00:00.0009184" startTime="2016-08-04T09:57:46.1062224+02:00" endTime="2016-08-04T09:57:46.1082247+02:00" testType="13cdc9d9-ddb5-4fa4-a97d-d965ccfc6d4b" outcome="Passed" testListId="8c84fa94-04c1-424b-9868-57a2d4851a1d" relativeResultsDirectory="42f8f9b0-20d3-456d-832a-c3eb47eba552" />
    <UnitTestResult executionId="a36412cc-85ab-4c34-85c7-b682980a4895" testId="8d31108a-a718-8748-eee5-8df6eab03cb3" testName="StartElement_NotInitialized_ThrowException" computerName="ICSWS068" duration="00:00:00.0005639" startTime="2016-08-04T09:57:46.1112252+02:00" endTime="2016-08-04T09:57:46.1129956+02:00" testType="13cdc9d9-ddb5-4fa4-a97d-d965ccfc6d4b" outcome="Passed" testListId="8c84fa94-04c1-424b-9868-57a2d4851a1d" relativeResultsDirectory="a36412cc-85ab-4c34-85c7-b682980a4895" />
    <UnitTestResult executionId="e5fadf90-4b98-4213-87b3-a22f745f8990" testId="09155a6e-a2af-ad12-b5b0-b179c6dade60" testName="StartElement_IfPrefixDefinedButHasNotAddedPrefix_ShouldThrowException" computerName="ICSWS068" duration="00:00:00.0027720" startTime="2016-08-04T09:57:46.1165011+02:00" endTime="2016-08-04T09:57:46.1205037+02:00" testType="13cdc9d9-ddb5-4fa4-a97d-d965ccfc6d4b" outcome="Passed" testListId="8c84fa94-04c1-424b-9868-57a2d4851a1d" relativeResultsDirectory="e5fadf90-4b98-4213-87b3-a22f745f8990" />
    <UnitTestResult executionId="56fdd87f-e897-41e6-a316-39459e17f48f" testId="2a32eed6-5193-d65c-b1d6-2c6f43f2d41e" testName="StartElement_NamspaceNullButPrefixAlreadyAdded_ShouldSetNamespace" computerName="ICSWS068" duration="00:00:00.0037019" startTime="2016-08-04T09:57:46.1240054+02:00" endTime="2016-08-04T09:57:46.1290103+02:00" testType="13cdc9d9-ddb5-4fa4-a97d-d965ccfc6d4b" outcome="Passed" testListId="8c84fa94-04c1-424b-9868-57a2d4851a1d" relativeResultsDirectory="56fdd87f-e897-41e6-a316-39459e17f48f" />
    <UnitTestResult executionId="10e37f02-2bd1-4846-a158-f8055a1de60a" testId="52c39e36-9a9a-7365-d45f-e46caaebea7b" testName="StartElement_NamespaceNullAndPrefixNotPreviouslyAdded_ThrowsException" computerName="ICSWS068" duration="00:00:00.0178731" startTime="2016-08-04T09:57:46.1315263+02:00" endTime="2016-08-04T09:57:46.1509468+02:00" testType="13cdc9d9-ddb5-4fa4-a97d-d965ccfc6d4b" outcome="Passed" testListId="8c84fa94-04c1-424b-9868-57a2d4851a1d" relativeResultsDirectory="10e37f02-2bd1-4846-a158-f8055a1de60a" />
    <UnitTestResult executionId="b3cb64bd-d446-415c-9fa0-c6c7d13f9f20" testId="2248b8b8-888c-4e1c-1689-9c9409c92cbb" testName="StartElement_IfAttributeCollectionAndNotAllPrefixesArePartOfTheDeclaration_ShouldThrowException" computerName="ICSWS068" duration="00:00:00.0093675" startTime="2016-08-04T09:57:46.1544491+02:00" endTime="2016-08-04T09:57:46.1649677+02:00" testType="13cdc9d9-ddb5-4fa4-a97d-d965ccfc6d4b" outcome="Passed" testListId="8c84fa94-04c1-424b-9868-57a2d4851a1d" relativeResultsDirectory="b3cb64bd-d446-415c-9fa0-c6c7d13f9f20" />
    <UnitTestResult executionId="4b4ec1d3-0fb3-4100-b687-2e79a97f5ae6" testId="a6b285fa-44dd-be75-9625-15c940cd6d84" testName="StartElement_PrefixDefinedAndAdded_WriteStartElementOnInnerXmlWriterIsCalled" computerName="ICSWS068" duration="00:00:00.0017993" startTime="2016-08-04T09:57:46.1679521+02:00" endTime="2016-08-04T09:57:46.1709544+02:00" testType="13cdc9d9-ddb5-4fa4-a97d-d965ccfc6d4b" outcome="Passed" testListId="8c84fa94-04c1-424b-9868-57a2d4851a1d" relativeResultsDirectory="4b4ec1d3-0fb3-4100-b687-2e79a97f5ae6" />
    <UnitTestResult executionId="305df2fa-5560-43c8-850f-963962428196" testId="d46d0d89-c01a-bab5-2cf7-0e859201525e" testName="StartElement_AttrbuteCollectionWithAllPrefixesInDeclaration_WriteAttributes" computerName="ICSWS068" duration="00:00:00.0048755" startTime="2016-08-04T09:57:46.1739567+02:00" endTime="2016-08-04T09:57:46.1799786+02:00" testType="13cdc9d9-ddb5-4fa4-a97d-d965ccfc6d4b" outcome="Passed" testListId="8c84fa94-04c1-424b-9868-57a2d4851a1d" relativeResultsDirectory="305df2fa-5560-43c8-850f-963962428196" />
    <UnitTestResult executionId="dadb4aa7-bfb9-444f-a891-2315c27f5f25" testId="9e10d4fe-ee08-5b70-8c96-52236c8a8f49" testName="EndElement_NotInitialized_ThrowsException" computerName="ICSWS068" duration="00:00:00.0006243" startTime="2016-08-04T09:57:46.1830293+02:00" endTime="2016-08-04T09:57:46.1850331+02:00" testType="13cdc9d9-ddb5-4fa4-a97d-d965ccfc6d4b" outcome="Passed" testListId="8c84fa94-04c1-424b-9868-57a2d4851a1d" relativeResultsDirectory="dadb4aa7-bfb9-444f-a891-2315c27f5f25" />
    <UnitTestResult executionId="7cce96a9-b19a-4546-b7a1-270d2c85a3fe" testId="e016d258-7104-f51d-f812-585d8db7a747" testName="EndElement_EndElementBeforeStartElement_ThrowsException" computerName="ICSWS068" duration="00:00:00.0006301" startTime="2016-08-04T09:57:46.1880345+02:00" endTime="2016-08-04T09:57:46.1895515+02:00" testType="13cdc9d9-ddb5-4fa4-a97d-d965ccfc6d4b" outcome="Passed" testListId="8c84fa94-04c1-424b-9868-57a2d4851a1d" relativeResultsDirectory="7cce96a9-b19a-4546-b7a1-270d2c85a3fe" />
    <UnitTestResult executionId="d88ad053-dff7-49fc-8eba-786228a4c48c" testId="d9f73849-37e2-4387-25ca-fccee3f6eb30" testName="EndElement_IfStartElementWritten_WriteEndElementIsInitiated" computerName="ICSWS068" duration="00:00:00.0007483" startTime="2016-08-04T09:57:46.1915546+02:00" endTime="2016-08-04T09:57:46.1940267+02:00" testType="13cdc9d9-ddb5-4fa4-a97d-d965ccfc6d4b" outcome="Passed" testListId="8c84fa94-04c1-424b-9868-57a2d4851a1d" relativeResultsDirectory="d88ad053-dff7-49fc-8eba-786228a4c48c" />
    <UnitTestResult executionId="3d943591-bc4a-485e-9ddc-0c74a706799f" testId="c1d7bf33-3078-2ddb-397e-cc340a315056" testName="EndElement_OneMoreEndElementThanStartElement_ThrowsException" computerName="ICSWS068" duration="00:00:00.0004618" startTime="2016-08-04T09:57:46.1965285+02:00" endTime="2016-08-04T09:57:46.1985293+02:00" testType="13cdc9d9-ddb5-4fa4-a97d-d965ccfc6d4b" outcome="Passed" testListId="8c84fa94-04c1-424b-9868-57a2d4851a1d" relativeResultsDirectory="3d943591-bc4a-485e-9ddc-0c74a706799f" />
    <UnitTestResult executionId="31c88f30-9385-458c-877b-ec0b1a13bb2b" testId="abbf03cb-cc83-e435-6ca9-d0fc891e9793" testName="AddPreficMapping_NotInitialized_ThrowsException" computerName="ICSWS068" duration="00:00:00.0006205" startTime="2016-08-04T09:57:46.2010322+02:00" endTime="2016-08-04T09:57:46.2030369+02:00" testType="13cdc9d9-ddb5-4fa4-a97d-d965ccfc6d4b" outcome="Passed" testListId="8c84fa94-04c1-424b-9868-57a2d4851a1d" relativeResultsDirectory="31c88f30-9385-458c-877b-ec0b1a13bb2b" />
    <UnitTestResult executionId="8ba29195-2ef9-400c-8621-c0cd47bed556" testId="104c185c-7ce4-be69-1756-33593a16a605" testName="WriteCharacters_NotInitialized_ThrowsException" computerName="ICSWS068" duration="00:00:00.0007055" startTime="2016-08-04T09:57:46.2055427+02:00" endTime="2016-08-04T09:57:46.2075558+02:00" testType="13cdc9d9-ddb5-4fa4-a97d-d965ccfc6d4b" outcome="Passed" testListId="8c84fa94-04c1-424b-9868-57a2d4851a1d" relativeResultsDirectory="8ba29195-2ef9-400c-8621-c0cd47bed556" />
    <UnitTestResult executionId="ddd69ba6-58bf-4de6-b429-b4c9b26b4ddd" testId="9cd7b945-4845-b1ce-c6b1-c4990f210ac0" testName="WriteCharacters_CharsAreNull_NothingIsWritten" computerName="ICSWS068" duration="00:00:00.0010782" startTime="2016-08-04T09:57:46.2095414+02:00" endTime="2016-08-04T09:57:46.2120423+02:00" testType="13cdc9d9-ddb5-4fa4-a97d-d965ccfc6d4b" outcome="Passed" testListId="8c84fa94-04c1-424b-9868-57a2d4851a1d" relativeResultsDirectory="ddd69ba6-58bf-4de6-b429-b4c9b26b4ddd" />
    <UnitTestResult executionId="e3b39dd8-b969-4aae-b518-0726321b2203" testId="75c17996-1e70-00a9-2f8e-a98577547320" testName="WriteCharacters_WritingCData_ShouldWriteInRaw" computerName="ICSWS068" duration="00:00:00.0022292" startTime="2016-08-04T09:57:46.2152469+02:00" endTime="2016-08-04T09:57:46.2187489+02:00" testType="13cdc9d9-ddb5-4fa4-a97d-d965ccfc6d4b" outcome="Passed" testListId="8c84fa94-04c1-424b-9868-57a2d4851a1d" relativeResultsDirectory="e3b39dd8-b969-4aae-b518-0726321b2203" />
    <UnitTestResult executionId="1b64a761-834e-4f04-bae4-ad50e3708abc" testId="79023dc6-dcfc-89b9-6422-3b5091a62acd" testName="WriteCharacters_OutputEscapingDisabled_ShouldWriteInRaw" computerName="ICSWS068" duration="00:00:00.0011952" startTime="2016-08-04T09:57:46.2222515+02:00" endTime="2016-08-04T09:57:46.2247535+02:00" testType="13cdc9d9-ddb5-4fa4-a97d-d965ccfc6d4b" outcome="Passed" testListId="8c84fa94-04c1-424b-9868-57a2d4851a1d" relativeResultsDirectory="1b64a761-834e-4f04-bae4-ad50e3708abc" />
    <UnitTestResult executionId="5f4b121e-3c07-498b-872e-17f6b99b1514" testId="fdb75b67-a1c4-4bbe-0eea-016015a17f43" testName="WriteCharacters_NotCDataOrDisabledEscaping_ShouldWriteAsString" computerName="ICSWS068" duration="00:00:00.0010958" startTime="2016-08-04T09:57:46.2272555+02:00" endTime="2016-08-04T09:57:46.2297734+02:00" testType="13cdc9d9-ddb5-4fa4-a97d-d965ccfc6d4b" outcome="Passed" testListId="8c84fa94-04c1-424b-9868-57a2d4851a1d" relativeResultsDirectory="5f4b121e-3c07-498b-872e-17f6b99b1514" />
    <UnitTestResult executionId="f0b960f4-5be7-4d0f-a4ce-0064c592feb1" testId="c5e42185-ffae-1b1b-dd19-09b6047ff74a" testName="StartCDATA_NotInitialized_ThrowsException" computerName="ICSWS068" duration="00:00:00.0005776" startTime="2016-08-04T09:57:46.2322598+02:00" endTime="2016-08-04T09:57:46.2342689+02:00" testType="13cdc9d9-ddb5-4fa4-a97d-d965ccfc6d4b" outcome="Passed" testListId="8c84fa94-04c1-424b-9868-57a2d4851a1d" relativeResultsDirectory="f0b960f4-5be7-4d0f-a4ce-0064c592feb1" />
    <UnitTestResult executionId="b6a3a75d-1742-4efd-b48f-20ecfecb13a1" testId="b81e3b46-3e81-e335-bc9a-fabba3b3f59b" testName="StartCDATA_Started_WritesCDATAStart" computerName="ICSWS068" duration="00:00:00.0010554" startTime="2016-08-04T09:57:46.2372852+02:00" endTime="2016-08-04T09:57:46.2397837+02:00" testType="13cdc9d9-ddb5-4fa4-a97d-d965ccfc6d4b" outcome="Passed" testListId="8c84fa94-04c1-424b-9868-57a2d4851a1d" relativeResultsDirectory="b6a3a75d-1742-4efd-b48f-20ecfecb13a1" />
    <UnitTestResult executionId="54438de1-a17a-4360-8c0f-fed5a8f509d5" testId="e5109588-f9ed-3927-f13c-4ccdeeb102ee" testName="EndCDATA_NotInitialized_ThrowsException" computerName="ICSWS068" duration="00:00:00.0005574" startTime="2016-08-04T09:57:46.2422705+02:00" endTime="2016-08-04T09:57:46.2438065+02:00" testType="13cdc9d9-ddb5-4fa4-a97d-d965ccfc6d4b" outcome="Passed" testListId="8c84fa94-04c1-424b-9868-57a2d4851a1d" relativeResultsDirectory="54438de1-a17a-4360-8c0f-fed5a8f509d5" />
    <UnitTestResult executionId="3352fc79-f991-4b95-9e81-101739256b62" testId="457280a2-0e68-62bc-6abe-dc5a12752300" testName="EndCDATA_StartedButNotCDATAStart_ThrowsException" computerName="ICSWS068" duration="00:00:00.0006029" startTime="2016-08-04T09:57:46.2462910+02:00" endTime="2016-08-04T09:57:46.2483091+02:00" testType="13cdc9d9-ddb5-4fa4-a97d-d965ccfc6d4b" outcome="Passed" testListId="8c84fa94-04c1-424b-9868-57a2d4851a1d" relativeResultsDirectory="3352fc79-f991-4b95-9e81-101739256b62" />
    <UnitTestResult executionId="1122abf2-be62-453b-b733-62308d025c08" testId="7bd124e2-2cc1-f354-4834-4d3c24297282" testName="EndCDATA_CDATAStarted_OutputsCDATAEnd" computerName="ICSWS068" duration="00:00:00.0011706" startTime="2016-08-04T09:57:46.2507938+02:00" endTime="2016-08-04T09:57:46.2532958+02:00" testType="13cdc9d9-ddb5-4fa4-a97d-d965ccfc6d4b" outcome="Passed" testListId="8c84fa94-04c1-424b-9868-57a2d4851a1d" relativeResultsDirectory="1122abf2-be62-453b-b733-62308d025c08" />
    <UnitTestResult executionId="d25d5984-5fa1-4a6a-b90e-31c3c0c8dd8e" testId="e7156a26-4b8a-014d-549b-eecb64210060" testName="EndCDATA_WhenLessStartCDATAThanEndCDATA_ThrowsException" computerName="ICSWS068" duration="00:00:00.0005067" startTime="2016-08-04T09:57:46.2558134+02:00" endTime="2016-08-04T09:57:46.2577990+02:00" testType="13cdc9d9-ddb5-4fa4-a97d-d965ccfc6d4b" outcome="Passed" testListId="8c84fa94-04c1-424b-9868-57a2d4851a1d" relativeResultsDirectory="d25d5984-5fa1-4a6a-b90e-31c3c0c8dd8e" />
    <UnitTestResult executionId="01a9fdaf-bb04-40a9-9b1b-c24399f0b48c" testId="a34639b7-add6-5251-006c-8865d6484d47" testName="WriteComment_NotInitialized_ThrowsException" computerName="ICSWS068" duration="00:00:00.0007216" startTime="2016-08-04T09:57:46.2603007+02:00" endTime="2016-08-04T09:57:46.2618180+02:00" testType="13cdc9d9-ddb5-4fa4-a97d-d965ccfc6d4b" outcome="Passed" testListId="8c84fa94-04c1-424b-9868-57a2d4851a1d" relativeResultsDirectory="01a9fdaf-bb04-40a9-9b1b-c24399f0b48c" />
    <UnitTestResult executionId="fb435f56-0f43-4e48-b81c-a13112817df0" testId="60f3712d-e7f4-1c70-2b6e-c301a25c5d6d" testName="WriteComment_WritingCData_CommentWrittenAsRaw" computerName="ICSWS068" duration="00:00:00.0008032" startTime="2016-08-04T09:57:46.2648079+02:00" endTime="2016-08-04T09:57:46.2668076+02:00" testType="13cdc9d9-ddb5-4fa4-a97d-d965ccfc6d4b" outcome="Passed" testListId="8c84fa94-04c1-424b-9868-57a2d4851a1d" relativeResultsDirectory="fb435f56-0f43-4e48-b81c-a13112817df0" />
    <UnitTestResult executionId="acc99d18-9ad2-40dc-ac15-13c0aba0244d" testId="df5bfa31-1cf3-7120-aa6c-99c8f90b58d8" testName="WriteComment_WhenWritingRaw_XmlCommentTagsAreExplicitlyUsed" computerName="ICSWS068" duration="00:00:00.0008917" startTime="2016-08-04T09:57:46.2702944+02:00" endTime="2016-08-04T09:57:46.2723113+02:00" testType="13cdc9d9-ddb5-4fa4-a97d-d965ccfc6d4b" outcome="Passed" testListId="8c84fa94-04c1-424b-9868-57a2d4851a1d" relativeResultsDirectory="acc99d18-9ad2-40dc-ac15-13c0aba0244d" />
    <UnitTestResult executionId="04a0e586-a4ed-489c-9724-95f4f32c5d1e" testId="9be93861-31bf-0ae8-65e2-d4906adbf224" testName="WriteComment_NotWritingCData_CommentWrittenAsComment" computerName="ICSWS068" duration="00:00:00.0008489" startTime="2016-08-04T09:57:46.2752081+02:00" endTime="2016-08-04T09:57:46.2772274+02:00" testType="13cdc9d9-ddb5-4fa4-a97d-d965ccfc6d4b" outcome="Passed" testListId="8c84fa94-04c1-424b-9868-57a2d4851a1d" relativeResultsDirectory="04a0e586-a4ed-489c-9724-95f4f32c5d1e" />
    <UnitTestResult executionId="37a312d5-42cc-4dfe-a50d-1e8c8a12e76d" testId="07d3bd8e-73ff-abea-c853-cdefbff20355" testName="VerifyCanSetEncoding_DocumentStarted_ThrowsExpception" computerName="ICSWS068" duration="00:00:00.0002665" startTime="2016-08-04T09:57:46.2797121+02:00" endTime="2016-08-04T09:57:46.2807121+02:00" testType="13cdc9d9-ddb5-4fa4-a97d-d965ccfc6d4b" outcome="Passed" testListId="8c84fa94-04c1-424b-9868-57a2d4851a1d" relativeResultsDirectory="37a312d5-42cc-4dfe-a50d-1e8c8a12e76d" />
    <UnitTestResult executionId="8d1e0898-7d6f-44f8-b1bd-c14219acedbf" testId="50560322-ead5-aa3f-eeee-81ed97dc12ca" testName="VerifyCanSetEncoding_DocumentNotStarted_DoesNotThrowException" computerName="ICSWS068" duration="00:00:00.0001665" startTime="2016-08-04T09:57:46.2833631+02:00" endTime="2016-08-04T09:57:46.2843830+02:00" testType="13cdc9d9-ddb5-4fa4-a97d-d965ccfc6d4b" outcome="Passed" testListId="8c84fa94-04c1-424b-9868-57a2d4851a1d" relativeResultsDirectory="8d1e0898-7d6f-44f8-b1bd-c14219acedbf" />
  </Results>
  <TestDefinitions>
    <UnitTest name="Construction_ValidArgs_Success" storage="f:\etwork\bin\tests\unittests.icore.runtime.xml.dll" id="8e070a0a-44ed-3c11-db0b-dd3ee1fe73d0">
      <Execution id="cc4837b4-c588-44d0-9e13-8538e7e8e945" />
      <TestMethod codeBase="F:\ETWork\bin\Tests\UnitTests.iCore.Runtime.Xml.dll" adapterTypeName="Microsoft.VisualStudio.TestTools.TestTypes.Unit.UnitTestAdapter" className="UnitTests.iCore.Component.Core.ManagedScriptObjects.XmlObjects.XmlParserImplementationTests" name="Construction_ValidArgs_Success" />
    </UnitTest>
    <UnitTest name="Construction_PathIsEmpty_Throws" storage="f:\etwork\bin\tests\unittests.icore.runtime.xml.dll" id="f0bedb7c-dc16-d29e-b906-12822c54ae29">
      <Execution id="67e56242-c21e-4850-9927-c874237f0acd" />
      <TestMethod codeBase="F:\ETWork\bin\Tests\UnitTests.iCore.Runtime.Xml.dll" adapterTypeName="Microsoft.VisualStudio.TestTools.TestTypes.Unit.UnitTestAdapter" className="UnitTests.iCore.Component.Core.ManagedScriptObjects.XmlObjects.XmlParserImplementationTests" name="Construction_PathIsEmpty_Throws" />
    </UnitTest>
    <UnitTest name="Construction_PathIsNull_Throws" storage="f:\etwork\bin\tests\unittests.icore.runtime.xml.dll" id="6fd46dbc-dd4a-b07e-ed6b-851adfcb1af3">
      <Execution id="5afa56d4-cbbf-4184-8788-41105789f658" />
      <TestMethod codeBase="F:\ETWork\bin\Tests\UnitTests.iCore.Runtime.Xml.dll" adapterTypeName="Microsoft.VisualStudio.TestTools.TestTypes.Unit.UnitTestAdapter" className="UnitTests.iCore.Component.Core.ManagedScriptObjects.XmlObjects.XmlParserImplementationTests" name="Construction_PathIsNull_Throws" />
    </UnitTest>
    <UnitTest name="Construction_CallbackIsNull_Throws" storage="f:\etwork\bin\tests\unittests.icore.runtime.xml.dll" id="ecf1fc43-c775-08a2-6e94-c988370e24eb">
      <Execution id="dae38070-b3b6-4e84-a4bf-7175a1ad11cd" />
      <TestMethod codeBase="F:\ETWork\bin\Tests\UnitTests.iCore.Runtime.Xml.dll" adapterTypeName="Microsoft.VisualStudio.TestTools.TestTypes.Unit.UnitTestAdapter" className="UnitTests.iCore.Component.Core.ManagedScriptObjects.XmlObjects.XmlParserImplementationTests" name="Construction_CallbackIsNull_Throws" />
    </UnitTest>
    <UnitTest name="ParseXmlString_ParseCalledAgainFromCallback_Throws" storage="f:\etwork\bin\tests\unittests.icore.runtime.xml.dll" id="1e8fb3e0-2996-4110-cc75-ec6c84fb9d58">
      <Execution id="988a3860-86ec-4913-b154-010b43f3b864" />
      <TestMethod codeBase="F:\ETWork\bin\Tests\UnitTests.iCore.Runtime.Xml.dll" adapterTypeName="Microsoft.VisualStudio.TestTools.TestTypes.Unit.UnitTestAdapter" className="UnitTests.iCore.Component.Core.ManagedScriptObjects.XmlObjects.XmlParserImplementationTests" name="ParseXmlString_ParseCalledAgainFromCallback_Throws" />
    </UnitTest>
    <UnitTest name="ParseXmlString_MapDocumentDoesNotContainMapDocElment_Throws" storage="f:\etwork\bin\tests\unittests.icore.runtime.xml.dll" id="faca31e8-b8e4-6fca-b7e9-ee87275c3b16">
      <Execution id="20977b79-f342-430b-9164-551c2c2ae97d" />
      <TestMethod codeBase="F:\ETWork\bin\Tests\UnitTests.iCore.Runtime.Xml.dll" adapterTypeName="Microsoft.VisualStudio.TestTools.TestTypes.Unit.UnitTestAdapter" className="UnitTests.iCore.Component.Core.ManagedScriptObjects.XmlObjects.XmlParserImplementationTests" name="ParseXmlString_MapDocumentDoesNotContainMapDocElment_Throws" />
    </UnitTest>
    <UnitTest name="ParseXmlString_ValidArgsNoMapProcedureCallbacks_Success" storage="f:\etwork\bin\tests\unittests.icore.runtime.xml.dll" id="55f36a27-7b72-d14b-4547-6063f490dd5c">
      <Execution id="9574a206-d3aa-4cf5-84f1-3d3bfe2c0656" />
      <TestMethod codeBase="F:\ETWork\bin\Tests\UnitTests.iCore.Runtime.Xml.dll" adapterTypeName="Microsoft.VisualStudio.TestTools.TestTypes.Unit.UnitTestAdapter" className="UnitTests.iCore.Component.Core.ManagedScriptObjects.XmlObjects.XmlParserImplementationTests" name="ParseXmlString_ValidArgsNoMapProcedureCallbacks_Success" />
    </UnitTest>
    <UnitTest name="ParseXmlString_ValidArgs_StartAndEndElementIsCalled" storage="f:\etwork\bin\tests\unittests.icore.runtime.xml.dll" id="86b92204-9f25-4447-0924-6b460c290c49">
      <Execution id="c92f5cf2-76c5-4aa1-87d6-35f7cbe0b4ac" />
      <TestMethod codeBase="F:\ETWork\bin\Tests\UnitTests.iCore.Runtime.Xml.dll" adapterTypeName="Microsoft.VisualStudio.TestTools.TestTypes.Unit.UnitTestAdapter" className="UnitTests.iCore.Component.Core.ManagedScriptObjects.XmlObjects.XmlParserImplementationTests" name="ParseXmlString_ValidArgs_StartAndEndElementIsCalled" />
    </UnitTest>
    <UnitTest name="ParseXmlString_CharactersOnParentElementOnly_OnCharactersIsInvoked" storage="f:\etwork\bin\tests\unittests.icore.runtime.xml.dll" id="b68493bb-f41a-3fef-d397-af4feb95d9cf">
      <Execution id="f4fc5a13-5065-4e90-b9d0-99ecf7a76e61" />
      <TestMethod codeBase="F:\ETWork\bin\Tests\UnitTests.iCore.Runtime.Xml.dll" adapterTypeName="Microsoft.VisualStudio.TestTools.TestTypes.Unit.UnitTestAdapter" className="UnitTests.iCore.Component.Core.ManagedScriptObjects.XmlObjects.XmlParserImplementationTests" name="ParseXmlString_CharactersOnParentElementOnly_OnCharactersIsInvoked" />
    </UnitTest>
    <UnitTest name="ParseXmlString_CharactersOnParentAndChild_OnCharactersIsInvoked" storage="f:\etwork\bin\tests\unittests.icore.runtime.xml.dll" id="0d257235-858f-20e2-78e9-e5513b03f6e6">
      <Execution id="115a682a-ed3c-4d1a-ae57-3ec110e117fe" />
      <TestMethod codeBase="F:\ETWork\bin\Tests\UnitTests.iCore.Runtime.Xml.dll" adapterTypeName="Microsoft.VisualStudio.TestTools.TestTypes.Unit.UnitTestAdapter" className="UnitTests.iCore.Component.Core.ManagedScriptObjects.XmlObjects.XmlParserImplementationTests" name="ParseXmlString_CharactersOnParentAndChild_OnCharactersIsInvoked" />
    </UnitTest>
    <UnitTest name="ParseXmlString_CharactersOnChildOnly_OnCharactersIsInvoked" storage="f:\etwork\bin\tests\unittests.icore.runtime.xml.dll" id="ea17841e-9b66-893a-ce69-77dd283963b3">
      <Execution id="afbc1a32-50af-430e-81da-a18054caedf9" />
      <TestMethod codeBase="F:\ETWork\bin\Tests\UnitTests.iCore.Runtime.Xml.dll" adapterTypeName="Microsoft.VisualStudio.TestTools.TestTypes.Unit.UnitTestAdapter" className="UnitTests.iCore.Component.Core.ManagedScriptObjects.XmlObjects.XmlParserImplementationTests" name="ParseXmlString_CharactersOnChildOnly_OnCharactersIsInvoked" />
    </UnitTest>
    <UnitTest name="ParseXmlString_UpdateElementValueIsFalse_ValueIsNotAvailableInCurrentElement" storage="f:\etwork\bin\tests\unittests.icore.runtime.xml.dll" id="0f63906e-fdb2-4285-aa50-8370ea081dfc">
      <Execution id="1c820923-3a7b-46a5-b2eb-82eb48242579" />
      <TestMethod codeBase="F:\ETWork\bin\Tests\UnitTests.iCore.Runtime.Xml.dll" adapterTypeName="Microsoft.VisualStudio.TestTools.TestTypes.Unit.UnitTestAdapter" className="UnitTests.iCore.Component.Core.ManagedScriptObjects.XmlObjects.XmlParserImplementationTests" name="ParseXmlString_UpdateElementValueIsFalse_ValueIsNotAvailableInCurrentElement" />
    </UnitTest>
    <UnitTest name="ParseXmlString_UpdateElementValueIsTrue_ValueIsAvailableInCurrentElement" storage="f:\etwork\bin\tests\unittests.icore.runtime.xml.dll" id="19c56020-5de4-fecb-bec3-857069a5fe09">
      <Execution id="65e188ae-61fd-4f5a-8550-3edffd189df0" />
      <TestMethod codeBase="F:\ETWork\bin\Tests\UnitTests.iCore.Runtime.Xml.dll" adapterTypeName="Microsoft.VisualStudio.TestTools.TestTypes.Unit.UnitTestAdapter" className="UnitTests.iCore.Component.Core.ManagedScriptObjects.XmlObjects.XmlParserImplementationTests" name="ParseXmlString_UpdateElementValueIsTrue_ValueIsAvailableInCurrentElement" />
    </UnitTest>
    <UnitTest name="ParseXmlDocument_ParseCalledAgainFromCallback_Throws" storage="f:\etwork\bin\tests\unittests.icore.runtime.xml.dll" id="9735d805-87d4-3396-f207-db3e7042c7da">
      <Execution id="7cdffb74-c78d-4289-ba1d-6ff1f3570d2a" />
      <TestMethod codeBase="F:\ETWork\bin\Tests\UnitTests.iCore.Runtime.Xml.dll" adapterTypeName="Microsoft.VisualStudio.TestTools.TestTypes.Unit.UnitTestAdapter" className="UnitTests.iCore.Component.Core.ManagedScriptObjects.XmlObjects.XmlParserImplementationTests" name="ParseXmlDocument_ParseCalledAgainFromCallback_Throws" />
    </UnitTest>
    <UnitTest name="ParseXmlDocument_MapDocumentDoesNotContainMapDocElment_Throws" storage="f:\etwork\bin\tests\unittests.icore.runtime.xml.dll" id="58414af1-2703-1484-1681-195291b83093">
      <Execution id="2f416733-071f-41ae-b8da-71d103fcbfc4" />
      <TestMethod codeBase="F:\ETWork\bin\Tests\UnitTests.iCore.Runtime.Xml.dll" adapterTypeName="Microsoft.VisualStudio.TestTools.TestTypes.Unit.UnitTestAdapter" className="UnitTests.iCore.Component.Core.ManagedScriptObjects.XmlObjects.XmlParserImplementationTests" name="ParseXmlDocument_MapDocumentDoesNotContainMapDocElment_Throws" />
    </UnitTest>
    <UnitTest name="ParseXmlDocument_ValidArgsNoMapProcedureCallbacks_Success" storage="f:\etwork\bin\tests\unittests.icore.runtime.xml.dll" id="09a8fe50-e477-d033-5293-e194a50b4ed3">
      <Execution id="e5529cb9-6820-48b2-8a51-75672826e268" />
      <TestMethod codeBase="F:\ETWork\bin\Tests\UnitTests.iCore.Runtime.Xml.dll" adapterTypeName="Microsoft.VisualStudio.TestTools.TestTypes.Unit.UnitTestAdapter" className="UnitTests.iCore.Component.Core.ManagedScriptObjects.XmlObjects.XmlParserImplementationTests" name="ParseXmlDocument_ValidArgsNoMapProcedureCallbacks_Success" />
    </UnitTest>
    <UnitTest name="ParseXmlDocument_ValidArgs_StartAndEndElementIsCalled" storage="f:\etwork\bin\tests\unittests.icore.runtime.xml.dll" id="bb17515d-a6ad-e707-c946-1cf2d93a5ace">
      <Execution id="54683a10-f13a-467d-b764-f86b5b93b49b" />
      <TestMethod codeBase="F:\ETWork\bin\Tests\UnitTests.iCore.Runtime.Xml.dll" adapterTypeName="Microsoft.VisualStudio.TestTools.TestTypes.Unit.UnitTestAdapter" className="UnitTests.iCore.Component.Core.ManagedScriptObjects.XmlObjects.XmlParserImplementationTests" name="ParseXmlDocument_ValidArgs_StartAndEndElementIsCalled" />
    </UnitTest>
    <UnitTest name="ParseXmlDocument_CharactersOnParentElementOnly_OnCharactersIsInvoked" storage="f:\etwork\bin\tests\unittests.icore.runtime.xml.dll" id="f34bb00b-7563-4afb-a8ce-39e9da8524cd">
      <Execution id="378f5de1-c06b-4a0b-9053-f27ef0f8beb6" />
      <TestMethod codeBase="F:\ETWork\bin\Tests\UnitTests.iCore.Runtime.Xml.dll" adapterTypeName="Microsoft.VisualStudio.TestTools.TestTypes.Unit.UnitTestAdapter" className="UnitTests.iCore.Component.Core.ManagedScriptObjects.XmlObjects.XmlParserImplementationTests" name="ParseXmlDocument_CharactersOnParentElementOnly_OnCharactersIsInvoked" />
    </UnitTest>
    <UnitTest name="ParseXmlDocument_CharactersOnParentAndChild_OnCharactersIsInvoked" storage="f:\etwork\bin\tests\unittests.icore.runtime.xml.dll" id="3a512f09-e9a7-496b-0992-0eb985d69b45">
      <Execution id="83106939-ed5e-4c46-a197-333852b71d9f" />
      <TestMethod codeBase="F:\ETWork\bin\Tests\UnitTests.iCore.Runtime.Xml.dll" adapterTypeName="Microsoft.VisualStudio.TestTools.TestTypes.Unit.UnitTestAdapter" className="UnitTests.iCore.Component.Core.ManagedScriptObjects.XmlObjects.XmlParserImplementationTests" name="ParseXmlDocument_CharactersOnParentAndChild_OnCharactersIsInvoked" />
    </UnitTest>
    <UnitTest name="ParseXmlDocument_CharactersOnChildOnly_OnCharactersIsInvoked" storage="f:\etwork\bin\tests\unittests.icore.runtime.xml.dll" id="4435f068-4359-ac87-fe7b-d0688ccde59e">
      <Execution id="6645fbba-083e-4df2-8f06-55c0bec059fe" />
      <TestMethod codeBase="F:\ETWork\bin\Tests\UnitTests.iCore.Runtime.Xml.dll" adapterTypeName="Microsoft.VisualStudio.TestTools.TestTypes.Unit.UnitTestAdapter" className="UnitTests.iCore.Component.Core.ManagedScriptObjects.XmlObjects.XmlParserImplementationTests" name="ParseXmlDocument_CharactersOnChildOnly_OnCharactersIsInvoked" />
    </UnitTest>
    <UnitTest name="ParseXmlDocument_UpdateElementValueIsFalse_ValueIsNotAvailableInCurrentElement" storage="f:\etwork\bin\tests\unittests.icore.runtime.xml.dll" id="1bd203bd-f930-6b1a-c2d9-976667253048">
      <Execution id="8abac4e6-e2d1-4755-a34b-2e1dbb959d41" />
      <TestMethod codeBase="F:\ETWork\bin\Tests\UnitTests.iCore.Runtime.Xml.dll" adapterTypeName="Microsoft.VisualStudio.TestTools.TestTypes.Unit.UnitTestAdapter" className="UnitTests.iCore.Component.Core.ManagedScriptObjects.XmlObjects.XmlParserImplementationTests" name="ParseXmlDocument_UpdateElementValueIsFalse_ValueIsNotAvailableInCurrentElement" />
    </UnitTest>
    <UnitTest name="ParseXmlDocument_UpdateElementValueIsTrue_ValueIsAvailableInCurrentElement" storage="f:\etwork\bin\tests\unittests.icore.runtime.xml.dll" id="28edcf1b-d16c-9209-9096-812250abc2c8">
      <Execution id="da9f8e17-53b0-44cc-b34c-cecb241f74ab" />
      <TestMethod codeBase="F:\ETWork\bin\Tests\UnitTests.iCore.Runtime.Xml.dll" adapterTypeName="Microsoft.VisualStudio.TestTools.TestTypes.Unit.UnitTestAdapter" className="UnitTests.iCore.Component.Core.ManagedScriptObjects.XmlObjects.XmlParserImplementationTests" name="ParseXmlDocument_UpdateElementValueIsTrue_ValueIsAvailableInCurrentElement" />
    </UnitTest>
    <UnitTest name="ParseUrl_ParseCalledAgainFromCallback_Throws" storage="f:\etwork\bin\tests\unittests.icore.runtime.xml.dll" id="91a751da-13cd-5220-8c8c-8f12a1f3f828">
      <Execution id="a740de9a-0de0-4b7e-a9c0-215f7ee7d94f" />
      <TestMethod codeBase="F:\ETWork\bin\Tests\UnitTests.iCore.Runtime.Xml.dll" adapterTypeName="Microsoft.VisualStudio.TestTools.TestTypes.Unit.UnitTestAdapter" className="UnitTests.iCore.Component.Core.ManagedScriptObjects.XmlObjects.XmlParserImplementationTests" name="ParseUrl_ParseCalledAgainFromCallback_Throws" />
    </UnitTest>
    <UnitTest name="ParseUrl_MapDocumentDoesNotContainMapDocElment_Throws" storage="f:\etwork\bin\tests\unittests.icore.runtime.xml.dll" id="fa629b5c-7117-138d-133e-58459f67dc39">
      <Execution id="62b08d28-c32a-4475-b62c-21f17f19275e" />
      <TestMethod codeBase="F:\ETWork\bin\Tests\UnitTests.iCore.Runtime.Xml.dll" adapterTypeName="Microsoft.VisualStudio.TestTools.TestTypes.Unit.UnitTestAdapter" className="UnitTests.iCore.Component.Core.ManagedScriptObjects.XmlObjects.XmlParserImplementationTests" name="ParseUrl_MapDocumentDoesNotContainMapDocElment_Throws" />
    </UnitTest>
    <UnitTest name="ParseUrl_ValidArgsNoMapProcedureCallbacks_Success" storage="f:\etwork\bin\tests\unittests.icore.runtime.xml.dll" id="c9f38068-df69-a9a9-facf-e91eab602436">
      <Execution id="bdf5ee42-9caf-496a-a2f4-0d886c4f72f8" />
      <TestMethod codeBase="F:\ETWork\bin\Tests\UnitTests.iCore.Runtime.Xml.dll" adapterTypeName="Microsoft.VisualStudio.TestTools.TestTypes.Unit.UnitTestAdapter" className="UnitTests.iCore.Component.Core.ManagedScriptObjects.XmlObjects.XmlParserImplementationTests" name="ParseUrl_ValidArgsNoMapProcedureCallbacks_Success" />
    </UnitTest>
    <UnitTest name="ParseUrl_ValidArgs_StartAndEndElementIsCalled" storage="f:\etwork\bin\tests\unittests.icore.runtime.xml.dll" id="6455a75d-41e9-7288-a253-d274f51791f6">
      <Execution id="37496184-837f-42b7-a0c7-9cbfa8bf2844" />
      <TestMethod codeBase="F:\ETWork\bin\Tests\UnitTests.iCore.Runtime.Xml.dll" adapterTypeName="Microsoft.VisualStudio.TestTools.TestTypes.Unit.UnitTestAdapter" className="UnitTests.iCore.Component.Core.ManagedScriptObjects.XmlObjects.XmlParserImplementationTests" name="ParseUrl_ValidArgs_StartAndEndElementIsCalled" />
    </UnitTest>
    <UnitTest name="ParseUrl_CharactersOnParentElementOnly_OnCharactersIsInvoked" storage="f:\etwork\bin\tests\unittests.icore.runtime.xml.dll" id="843749de-2ef7-8fcc-6444-2966a5505051">
      <Execution id="0be4d80c-923e-4992-b30e-945a5ce6ad79" />
      <TestMethod codeBase="F:\ETWork\bin\Tests\UnitTests.iCore.Runtime.Xml.dll" adapterTypeName="Microsoft.VisualStudio.TestTools.TestTypes.Unit.UnitTestAdapter" className="UnitTests.iCore.Component.Core.ManagedScriptObjects.XmlObjects.XmlParserImplementationTests" name="ParseUrl_CharactersOnParentElementOnly_OnCharactersIsInvoked" />
    </UnitTest>
    <UnitTest name="ParseUrl_CharactersOnParentAndChild_OnCharactersIsInvoked" storage="f:\etwork\bin\tests\unittests.icore.runtime.xml.dll" id="eb4e4bee-f4ca-9650-0b4f-6af3f505dd5e">
      <Execution id="5d409eb6-760b-4f8f-bc95-806b4c1c8221" />
      <TestMethod codeBase="F:\ETWork\bin\Tests\UnitTests.iCore.Runtime.Xml.dll" adapterTypeName="Microsoft.VisualStudio.TestTools.TestTypes.Unit.UnitTestAdapter" className="UnitTests.iCore.Component.Core.ManagedScriptObjects.XmlObjects.XmlParserImplementationTests" name="ParseUrl_CharactersOnParentAndChild_OnCharactersIsInvoked" />
    </UnitTest>
    <UnitTest name="ParseUrl_CharactersOnChildOnly_OnCharactersIsInvoked" storage="f:\etwork\bin\tests\unittests.icore.runtime.xml.dll" id="1ae0425b-2a58-b335-121f-30d8bd9fa96b">
      <Execution id="422b8a88-d12d-408c-9e82-a79d1cd19e39" />
      <TestMethod codeBase="F:\ETWork\bin\Tests\UnitTests.iCore.Runtime.Xml.dll" adapterTypeName="Microsoft.VisualStudio.TestTools.TestTypes.Unit.UnitTestAdapter" className="UnitTests.iCore.Component.Core.ManagedScriptObjects.XmlObjects.XmlParserImplementationTests" name="ParseUrl_CharactersOnChildOnly_OnCharactersIsInvoked" />
    </UnitTest>
    <UnitTest name="ParseUrl_UpdateElementValueIsFalse_ValueIsNotAvailableInCurrentElement" storage="f:\etwork\bin\tests\unittests.icore.runtime.xml.dll" id="ebb91897-7677-47f6-c779-42026b2e5ba9">
      <Execution id="7db76cb4-d55f-4d26-8db1-13e9fc165ac4" />
      <TestMethod codeBase="F:\ETWork\bin\Tests\UnitTests.iCore.Runtime.Xml.dll" adapterTypeName="Microsoft.VisualStudio.TestTools.TestTypes.Unit.UnitTestAdapter" className="UnitTests.iCore.Component.Core.ManagedScriptObjects.XmlObjects.XmlParserImplementationTests" name="ParseUrl_UpdateElementValueIsFalse_ValueIsNotAvailableInCurrentElement" />
    </UnitTest>
    <UnitTest name="ParseUrl_UpdateElementValueIsTrue_ValueIsAvailableInCurrentElement" storage="f:\etwork\bin\tests\unittests.icore.runtime.xml.dll" id="21ca2155-24a8-4270-859b-0d60eb7b4e82">
      <Execution id="68be31c6-a394-48b1-b5e0-19aff4ea487f" />
      <TestMethod codeBase="F:\ETWork\bin\Tests\UnitTests.iCore.Runtime.Xml.dll" adapterTypeName="Microsoft.VisualStudio.TestTools.TestTypes.Unit.UnitTestAdapter" className="UnitTests.iCore.Component.Core.ManagedScriptObjects.XmlObjects.XmlParserImplementationTests" name="ParseUrl_UpdateElementValueIsTrue_ValueIsAvailableInCurrentElement" />
    </UnitTest>
    <UnitTest name="Occurence_NotRunning_Throws" storage="f:\etwork\bin\tests\unittests.icore.runtime.xml.dll" id="d282b2a3-69fa-e350-ac8c-a4f98258a01f">
      <Execution id="49aee2d7-5e67-477a-96c8-5b93e7043d57" />
      <TestMethod codeBase="F:\ETWork\bin\Tests\UnitTests.iCore.Runtime.Xml.dll" adapterTypeName="Microsoft.VisualStudio.TestTools.TestTypes.Unit.UnitTestAdapter" className="UnitTests.iCore.Component.Core.ManagedScriptObjects.XmlObjects.XmlParserImplementationTests" name="Occurence_NotRunning_Throws" />
    </UnitTest>
    <UnitTest name="Occurence_TwoCoccurencesBothPresentInInputXml_Success" storage="f:\etwork\bin\tests\unittests.icore.runtime.xml.dll" id="47ad1841-66ad-d6d2-9a98-eed88a9236fe">
      <Execution id="50c916d6-b4f8-40fb-9b47-9236e8178b09" />
      <TestMethod codeBase="F:\ETWork\bin\Tests\UnitTests.iCore.Runtime.Xml.dll" adapterTypeName="Microsoft.VisualStudio.TestTools.TestTypes.Unit.UnitTestAdapter" className="UnitTests.iCore.Component.Core.ManagedScriptObjects.XmlObjects.XmlParserImplementationTests" name="Occurence_TwoCoccurencesBothPresentInInputXml_Success" />
    </UnitTest>
    <UnitTest name="Occurence_TooManyOccurencesInXmlInput_Throws" storage="f:\etwork\bin\tests\unittests.icore.runtime.xml.dll" id="e26e1420-c12d-1a30-9103-585a81dc344b">
      <Execution id="fc7a7f7c-8fb6-4344-a351-2034f0596588" />
      <TestMethod codeBase="F:\ETWork\bin\Tests\UnitTests.iCore.Runtime.Xml.dll" adapterTypeName="Microsoft.VisualStudio.TestTools.TestTypes.Unit.UnitTestAdapter" className="UnitTests.iCore.Component.Core.ManagedScriptObjects.XmlObjects.XmlParserImplementationTests" name="Occurence_TooManyOccurencesInXmlInput_Throws" />
    </UnitTest>
    <UnitTest name="Repetition_NotRunning_Throws" storage="f:\etwork\bin\tests\unittests.icore.runtime.xml.dll" id="5d628734-371c-9408-32a1-f53569be77b9">
      <Execution id="f6f34e1d-d21a-4035-8a0e-486a97c2144f" />
      <TestMethod codeBase="F:\ETWork\bin\Tests\UnitTests.iCore.Runtime.Xml.dll" adapterTypeName="Microsoft.VisualStudio.TestTools.TestTypes.Unit.UnitTestAdapter" className="UnitTests.iCore.Component.Core.ManagedScriptObjects.XmlObjects.XmlParserImplementationTests" name="Repetition_NotRunning_Throws" />
    </UnitTest>
    <UnitTest name="Repetition_CallbackChecksRepetition_Success" storage="f:\etwork\bin\tests\unittests.icore.runtime.xml.dll" id="112a8224-6bff-80c3-f13d-38af12396907">
      <Execution id="9de934ac-47cb-481b-9245-c9209196dbeb" />
      <TestMethod codeBase="F:\ETWork\bin\Tests\UnitTests.iCore.Runtime.Xml.dll" adapterTypeName="Microsoft.VisualStudio.TestTools.TestTypes.Unit.UnitTestAdapter" className="UnitTests.iCore.Component.Core.ManagedScriptObjects.XmlObjects.XmlParserImplementationTests" name="Repetition_CallbackChecksRepetition_Success" />
    </UnitTest>
    <UnitTest name="ParseNnn_XmlIndataMissingMandatoryElement_Throws" storage="f:\etwork\bin\tests\unittests.icore.runtime.xml.dll" id="c460cd3a-d3d3-42a8-91dc-968dfc870222">
      <Execution id="69af150d-a3c2-42f7-87ea-f187e8912399" />
      <TestMethod codeBase="F:\ETWork\bin\Tests\UnitTests.iCore.Runtime.Xml.dll" adapterTypeName="Microsoft.VisualStudio.TestTools.TestTypes.Unit.UnitTestAdapter" className="UnitTests.iCore.Component.Core.ManagedScriptObjects.XmlObjects.XmlParserImplementationTests" name="ParseNnn_XmlIndataMissingMandatoryElement_Throws" />
    </UnitTest>
    <UnitTest name="ParseNnn_ParseAbortOkFromCallback_Throws" storage="f:\etwork\bin\tests\unittests.icore.runtime.xml.dll" id="7eaf508c-be8b-f758-917c-2a3b601faaa1">
      <Execution id="eb02dd3e-34ef-49df-9f86-ff84e92a521d" />
      <TestMethod codeBase="F:\ETWork\bin\Tests\UnitTests.iCore.Runtime.Xml.dll" adapterTypeName="Microsoft.VisualStudio.TestTools.TestTypes.Unit.UnitTestAdapter" className="UnitTests.iCore.Component.Core.ManagedScriptObjects.XmlObjects.XmlParserImplementationTests" name="ParseNnn_ParseAbortOkFromCallback_Throws" />
    </UnitTest>
    <UnitTest name="ParseNnn_ParseAbortFailCalledCallback_Throws" storage="f:\etwork\bin\tests\unittests.icore.runtime.xml.dll" id="1e344402-fa41-99aa-a040-23cbe41af2e9">
      <Execution id="c0c60b47-2faa-4a48-b6b8-576ffc247f78" />
      <TestMethod codeBase="F:\ETWork\bin\Tests\UnitTests.iCore.Runtime.Xml.dll" adapterTypeName="Microsoft.VisualStudio.TestTools.TestTypes.Unit.UnitTestAdapter" className="UnitTests.iCore.Component.Core.ManagedScriptObjects.XmlObjects.XmlParserImplementationTests" name="ParseNnn_ParseAbortFailCalledCallback_Throws" />
    </UnitTest>
    <UnitTest name="ParseNnn_ErrorOccursInCallback_Throws" storage="f:\etwork\bin\tests\unittests.icore.runtime.xml.dll" id="25b22eb3-8fd6-d173-49b0-4318f02c97ed">
      <Execution id="881cbd7b-fff7-4e9d-803c-40820cc30751" />
      <TestMethod codeBase="F:\ETWork\bin\Tests\UnitTests.iCore.Runtime.Xml.dll" adapterTypeName="Microsoft.VisualStudio.TestTools.TestTypes.Unit.UnitTestAdapter" className="UnitTests.iCore.Component.Core.ManagedScriptObjects.XmlObjects.XmlParserImplementationTests" name="ParseNnn_ErrorOccursInCallback_Throws" />
    </UnitTest>
    <UnitTest name="ParseNnn_ExitScriptFailedFromCallback_Throws" storage="f:\etwork\bin\tests\unittests.icore.runtime.xml.dll" id="550f7021-3d04-4379-be24-7425d94cd918">
      <Execution id="b84affcf-e072-4aaa-bea0-3ca4f15f88eb" />
      <TestMethod codeBase="F:\ETWork\bin\Tests\UnitTests.iCore.Runtime.Xml.dll" adapterTypeName="Microsoft.VisualStudio.TestTools.TestTypes.Unit.UnitTestAdapter" className="UnitTests.iCore.Component.Core.ManagedScriptObjects.XmlObjects.XmlParserImplementationTests" name="ParseNnn_ExitScriptFailedFromCallback_Throws" />
    </UnitTest>
    <UnitTest name="ParseNnn_ExitScriptOkFromCallback_Throws" storage="f:\etwork\bin\tests\unittests.icore.runtime.xml.dll" id="ba920fd2-f9b2-4ee3-925d-0678e9d04991">
      <Execution id="6eeccdc7-f2a9-4663-b377-24fb103dc61c" />
      <TestMethod codeBase="F:\ETWork\bin\Tests\UnitTests.iCore.Runtime.Xml.dll" adapterTypeName="Microsoft.VisualStudio.TestTools.TestTypes.Unit.UnitTestAdapter" className="UnitTests.iCore.Component.Core.ManagedScriptObjects.XmlObjects.XmlParserImplementationTests" name="ParseNnn_ExitScriptOkFromCallback_Throws" />
    </UnitTest>
    <UnitTest name="ParseNnn_ParseFails_OnErrorIsInvokedAndParseErrorSet" storage="f:\etwork\bin\tests\unittests.icore.runtime.xml.dll" id="53223320-f2b7-8e8c-43ac-bee22c6df48f">
      <Execution id="313c1ac2-4f84-447a-a019-44ff673c9215" />
      <TestMethod codeBase="F:\ETWork\bin\Tests\UnitTests.iCore.Runtime.Xml.dll" adapterTypeName="Microsoft.VisualStudio.TestTools.TestTypes.Unit.UnitTestAdapter" className="UnitTests.iCore.Component.Core.ManagedScriptObjects.XmlObjects.XmlParserImplementationTests" name="ParseNnn_ParseFails_OnErrorIsInvokedAndParseErrorSet" />
    </UnitTest>
    <UnitTest name="ParseNnn_MapElementNotPresentInSchemaMapDocument_Throws" storage="f:\etwork\bin\tests\unittests.icore.runtime.xml.dll" id="0231ce47-d5a5-cdc4-119f-323891178877">
      <Execution id="52fbaaab-81fd-4834-af12-621fd1442c1d" />
      <TestMethod codeBase="F:\ETWork\bin\Tests\UnitTests.iCore.Runtime.Xml.dll" adapterTypeName="Microsoft.VisualStudio.TestTools.TestTypes.Unit.UnitTestAdapter" className="UnitTests.iCore.Component.Core.ManagedScriptObjects.XmlObjects.XmlParserImplementationTests" name="ParseNnn_MapElementNotPresentInSchemaMapDocument_Throws" />
    </UnitTest>
    <UnitTest name="ParseNnnn_AnyElement_AllElementsTraversed" storage="f:\etwork\bin\tests\unittests.icore.runtime.xml.dll" id="c9f8479c-f297-9307-d67a-42f4044f7000">
      <Execution id="94838c50-472f-4490-856b-3243c0d5076b" />
      <TestMethod codeBase="F:\ETWork\bin\Tests\UnitTests.iCore.Runtime.Xml.dll" adapterTypeName="Microsoft.VisualStudio.TestTools.TestTypes.Unit.UnitTestAdapter" className="UnitTests.iCore.Component.Core.ManagedScriptObjects.XmlObjects.XmlParserImplementationTests" name="ParseNnnn_AnyElement_AllElementsTraversed" />
    </UnitTest>
    <UnitTest name="Count_ReturnsCorrectNumber" storage="f:\etwork\bin\tests\unittests.icore.runtime.xml.dll" id="9e7648c3-559e-1ec6-061b-9f63e08bdcf8">
      <Execution id="d0eae88b-d87a-4818-a980-33fd2fb0fdcb" />
      <TestMethod codeBase="F:\ETWork\bin\Tests\UnitTests.iCore.Runtime.Xml.dll" adapterTypeName="Microsoft.VisualStudio.TestTools.TestTypes.Unit.UnitTestAdapter" className="UnitTests.iCore.Runtime.Xml.XmlAttributeCollectionImplementationTests" name="Count_ReturnsCorrectNumber" />
    </UnitTest>
    <UnitTest name="AddItem_AddsAtEnd" storage="f:\etwork\bin\tests\unittests.icore.runtime.xml.dll" id="2e2dcc43-528f-a817-2328-6684688ee73d">
      <Execution id="6727dc74-f94f-4f8a-bd67-1a1a32a418da" />
      <TestMethod codeBase="F:\ETWork\bin\Tests\UnitTests.iCore.Runtime.Xml.dll" adapterTypeName="Microsoft.VisualStudio.TestTools.TestTypes.Unit.UnitTestAdapter" className="UnitTests.iCore.Runtime.Xml.XmlAttributeCollectionImplementationTests" name="AddItem_AddsAtEnd" />
    </UnitTest>
    <UnitTest name="AddItem_Copy_NotRemovedFromPreviousNode" storage="f:\etwork\bin\tests\unittests.icore.runtime.xml.dll" id="8697f0a5-e21e-29fe-e852-be8def4e1f44">
      <Execution id="e2d99bf6-ad03-4360-9106-b493e0fd477e" />
      <TestMethod codeBase="F:\ETWork\bin\Tests\UnitTests.iCore.Runtime.Xml.dll" adapterTypeName="Microsoft.VisualStudio.TestTools.TestTypes.Unit.UnitTestAdapter" className="UnitTests.iCore.Runtime.Xml.XmlAttributeCollectionImplementationTests" name="AddItem_Copy_NotRemovedFromPreviousNode" />
    </UnitTest>
    <UnitTest name="AddItem_AlreadyExists_ValueReplaced" storage="f:\etwork\bin\tests\unittests.icore.runtime.xml.dll" id="5bc73dbf-702f-7384-ff11-25e299313e30">
      <Execution id="a2fc83a1-88dc-4baa-aa83-551b378d9c51" />
      <TestMethod codeBase="F:\ETWork\bin\Tests\UnitTests.iCore.Runtime.Xml.dll" adapterTypeName="Microsoft.VisualStudio.TestTools.TestTypes.Unit.UnitTestAdapter" className="UnitTests.iCore.Runtime.Xml.XmlAttributeCollectionImplementationTests" name="AddItem_AlreadyExists_ValueReplaced" />
    </UnitTest>
    <UnitTest name="AddItem_NotAttributeType_Throws" storage="f:\etwork\bin\tests\unittests.icore.runtime.xml.dll" id="5e353604-1752-a72c-3fa9-fa6893cfaa4d">
      <Execution id="dd8f9608-4175-4083-81c9-1ad3615c1944" />
      <TestMethod codeBase="F:\ETWork\bin\Tests\UnitTests.iCore.Runtime.Xml.dll" adapterTypeName="Microsoft.VisualStudio.TestTools.TestTypes.Unit.UnitTestAdapter" className="UnitTests.iCore.Runtime.Xml.XmlAttributeCollectionImplementationTests" name="AddItem_NotAttributeType_Throws" />
    </UnitTest>
    <UnitTest name="AddItem_NotXmlNodeImplementation_Throws" storage="f:\etwork\bin\tests\unittests.icore.runtime.xml.dll" id="3b19ddfa-ff1a-93bd-7b2f-f849989f4a29">
      <Execution id="71f11029-7466-4134-896b-1f7335e5a3c6" />
      <TestMethod codeBase="F:\ETWork\bin\Tests\UnitTests.iCore.Runtime.Xml.dll" adapterTypeName="Microsoft.VisualStudio.TestTools.TestTypes.Unit.UnitTestAdapter" className="UnitTests.iCore.Runtime.Xml.XmlAttributeCollectionImplementationTests" name="AddItem_NotXmlNodeImplementation_Throws" />
    </UnitTest>
    <UnitTest name="GetAttributeAt_ReturnsCorrectAttribute" storage="f:\etwork\bin\tests\unittests.icore.runtime.xml.dll" id="15ae4425-700f-7ef3-f865-abf88aba7fc3">
      <Execution id="3c77e60e-c121-42a5-ad8e-78c90c7c078f" />
      <TestMethod codeBase="F:\ETWork\bin\Tests\UnitTests.iCore.Runtime.Xml.dll" adapterTypeName="Microsoft.VisualStudio.TestTools.TestTypes.Unit.UnitTestAdapter" className="UnitTests.iCore.Runtime.Xml.XmlAttributeCollectionImplementationTests" name="GetAttributeAt_ReturnsCorrectAttribute" />
    </UnitTest>
    <UnitTest name="GetAttributeAt_OutOfRange_ReturnsNull" storage="f:\etwork\bin\tests\unittests.icore.runtime.xml.dll" id="5a511875-a36c-527f-122d-d937d95106af">
      <Execution id="c1be297c-e4b3-428b-88bb-923600b56ea7" />
      <TestMethod codeBase="F:\ETWork\bin\Tests\UnitTests.iCore.Runtime.Xml.dll" adapterTypeName="Microsoft.VisualStudio.TestTools.TestTypes.Unit.UnitTestAdapter" className="UnitTests.iCore.Runtime.Xml.XmlAttributeCollectionImplementationTests" name="GetAttributeAt_OutOfRange_ReturnsNull" />
    </UnitTest>
    <UnitTest name="GetNamedItem_WithoutNamespace_ReturnsCorrectAttribute" storage="f:\etwork\bin\tests\unittests.icore.runtime.xml.dll" id="5882ad71-539a-9a60-5ff5-3204c13cad73">
      <Execution id="a1e5940c-11ee-4820-8445-85e43715bb38" />
      <TestMethod codeBase="F:\ETWork\bin\Tests\UnitTests.iCore.Runtime.Xml.dll" adapterTypeName="Microsoft.VisualStudio.TestTools.TestTypes.Unit.UnitTestAdapter" className="UnitTests.iCore.Runtime.Xml.XmlAttributeCollectionImplementationTests" name="GetNamedItem_WithoutNamespace_ReturnsCorrectAttribute" />
    </UnitTest>
    <UnitTest name="GetNamedItem_WithNamespace_ReturnsCorrectAttribute" storage="f:\etwork\bin\tests\unittests.icore.runtime.xml.dll" id="6cd79aa1-cdaa-07ca-2e08-4604e468d981">
      <Execution id="ba36bdc6-ad8d-47b1-b4e3-ddc2e8639e90" />
      <TestMethod codeBase="F:\ETWork\bin\Tests\UnitTests.iCore.Runtime.Xml.dll" adapterTypeName="Microsoft.VisualStudio.TestTools.TestTypes.Unit.UnitTestAdapter" className="UnitTests.iCore.Runtime.Xml.XmlAttributeCollectionImplementationTests" name="GetNamedItem_WithNamespace_ReturnsCorrectAttribute" />
    </UnitTest>
    <UnitTest name="GetNamedItem_NotPresentAttribute_ReturnsNull" storage="f:\etwork\bin\tests\unittests.icore.runtime.xml.dll" id="8cb14343-3f1d-4344-64f6-175b982a34da">
      <Execution id="026747d3-f9aa-4f41-9f63-05cdfce3c179" />
      <TestMethod codeBase="F:\ETWork\bin\Tests\UnitTests.iCore.Runtime.Xml.dll" adapterTypeName="Microsoft.VisualStudio.TestTools.TestTypes.Unit.UnitTestAdapter" className="UnitTests.iCore.Runtime.Xml.XmlAttributeCollectionImplementationTests" name="GetNamedItem_NotPresentAttribute_ReturnsNull" />
    </UnitTest>
    <UnitTest name="RemoveNamedItem_WithoutNamespace_ReturnsAndRemovesCorrectAttribute" storage="f:\etwork\bin\tests\unittests.icore.runtime.xml.dll" id="03b9c171-cbea-124c-89a2-417c6b5227a0">
      <Execution id="ec6ac5bf-1174-49a7-aecf-384ce68b2b47" />
      <TestMethod codeBase="F:\ETWork\bin\Tests\UnitTests.iCore.Runtime.Xml.dll" adapterTypeName="Microsoft.VisualStudio.TestTools.TestTypes.Unit.UnitTestAdapter" className="UnitTests.iCore.Runtime.Xml.XmlAttributeCollectionImplementationTests" name="RemoveNamedItem_WithoutNamespace_ReturnsAndRemovesCorrectAttribute" />
    </UnitTest>
    <UnitTest name="RemoveNamedItem_WithNamespace_ReturnsAndRemovesCorrectAttribute" storage="f:\etwork\bin\tests\unittests.icore.runtime.xml.dll" id="90dbf66c-97e9-cb2c-8878-eb9d42a91735">
      <Execution id="5866574a-2d2d-44be-829e-dcdb7a8cdbc2" />
      <TestMethod codeBase="F:\ETWork\bin\Tests\UnitTests.iCore.Runtime.Xml.dll" adapterTypeName="Microsoft.VisualStudio.TestTools.TestTypes.Unit.UnitTestAdapter" className="UnitTests.iCore.Runtime.Xml.XmlAttributeCollectionImplementationTests" name="RemoveNamedItem_WithNamespace_ReturnsAndRemovesCorrectAttribute" />
    </UnitTest>
    <UnitTest name="RemoveNamedItem_NotPresentAttribute_ReturnsNull" storage="f:\etwork\bin\tests\unittests.icore.runtime.xml.dll" id="0d5630c3-8daa-df8e-5f5f-3de69ee52ad6">
      <Execution id="67e893e5-ace2-441b-8560-a7150a860b5e" />
      <TestMethod codeBase="F:\ETWork\bin\Tests\UnitTests.iCore.Runtime.Xml.dll" adapterTypeName="Microsoft.VisualStudio.TestTools.TestTypes.Unit.UnitTestAdapter" className="UnitTests.iCore.Runtime.Xml.XmlAttributeCollectionImplementationTests" name="RemoveNamedItem_NotPresentAttribute_ReturnsNull" />
    </UnitTest>
    <UnitTest name="Clear_EmptiesCollection" storage="f:\etwork\bin\tests\unittests.icore.runtime.xml.dll" id="b6796fc8-16e4-6065-f0ee-cea034f66072">
      <Execution id="9e0b85f4-7511-4748-9d70-e8a99c285f2d" />
      <TestMethod codeBase="F:\ETWork\bin\Tests\UnitTests.iCore.Runtime.Xml.dll" adapterTypeName="Microsoft.VisualStudio.TestTools.TestTypes.Unit.UnitTestAdapter" className="UnitTests.iCore.Runtime.Xml.XmlAttributeCollectionImplementationTests" name="Clear_EmptiesCollection" />
    </UnitTest>
    <UnitTest name="Construction_ValidArgs_Success" storage="f:\etwork\bin\tests\unittests.icore.runtime.xml.dll" id="de77650c-54d0-2eec-27a2-058c99c0810c">
      <Execution id="944d6724-9c4c-4059-a82d-8ede6ac8521a" />
      <TestMethod codeBase="F:\ETWork\bin\Tests\UnitTests.iCore.Runtime.Xml.dll" adapterTypeName="Microsoft.VisualStudio.TestTools.TestTypes.Unit.UnitTestAdapter" className="UnitTests.iCore.Runtime.Xml.XmlDocumentImplementationTest" name="Construction_ValidArgs_Success" />
    </UnitTest>
    <UnitTest name="Implementation_Assign_AssignedObjectIsReturnedOnGet" storage="f:\etwork\bin\tests\unittests.icore.runtime.xml.dll" id="55935ccc-483d-f05f-f61b-f5b4de5abfd6">
      <Execution id="401bf3ac-24b4-43f9-b13c-c7cd098e668c" />
      <TestMethod codeBase="F:\ETWork\bin\Tests\UnitTests.iCore.Runtime.Xml.dll" adapterTypeName="Microsoft.VisualStudio.TestTools.TestTypes.Unit.UnitTestAdapter" className="UnitTests.iCore.Runtime.Xml.XmlDocumentImplementationTest" name="Implementation_Assign_AssignedObjectIsReturnedOnGet" />
    </UnitTest>
    <UnitTest name="Implementation_AssignOfWrongNodeType_Throws" storage="f:\etwork\bin\tests\unittests.icore.runtime.xml.dll" id="0ba50ddc-179a-e9b1-9355-848564f9eedf">
      <Execution id="a34a9c9e-3b79-493a-a99e-838ef17b7705" />
      <TestMethod codeBase="F:\ETWork\bin\Tests\UnitTests.iCore.Runtime.Xml.dll" adapterTypeName="Microsoft.VisualStudio.TestTools.TestTypes.Unit.UnitTestAdapter" className="UnitTests.iCore.Runtime.Xml.XmlDocumentImplementationTest" name="Implementation_AssignOfWrongNodeType_Throws" />
    </UnitTest>
    <UnitTest name="IsInitialized_Assigned_ReturnsTrue" storage="f:\etwork\bin\tests\unittests.icore.runtime.xml.dll" id="09435d64-8e87-689e-022a-313215218698">
      <Execution id="c2bade6d-12ac-49ad-be55-0a65a3366708" />
      <TestMethod codeBase="F:\ETWork\bin\Tests\UnitTests.iCore.Runtime.Xml.dll" adapterTypeName="Microsoft.VisualStudio.TestTools.TestTypes.Unit.UnitTestAdapter" className="UnitTests.iCore.Runtime.Xml.XmlDocumentImplementationTest" name="IsInitialized_Assigned_ReturnsTrue" />
    </UnitTest>
    <UnitTest name="Xml_ReturnsEntireMarkup" storage="f:\etwork\bin\tests\unittests.icore.runtime.xml.dll" id="2c0fb843-03c2-9949-a9a5-e74474f40d57">
      <Execution id="b1623883-5e42-42b5-b42e-02ffdbc401d2" />
      <TestMethod codeBase="F:\ETWork\bin\Tests\UnitTests.iCore.Runtime.Xml.dll" adapterTypeName="Microsoft.VisualStudio.TestTools.TestTypes.Unit.UnitTestAdapter" className="UnitTests.iCore.Runtime.Xml.XmlDocumentImplementationTest" name="Xml_ReturnsEntireMarkup" />
    </UnitTest>
    <UnitTest name="CheckBoolPropertiesDefaultValues" storage="f:\etwork\bin\tests\unittests.icore.runtime.xml.dll" id="2d341c27-400b-c885-b070-585a988cb8c3">
      <Execution id="d5280855-797d-4a74-8033-92705b6b08c5" />
      <TestMethod codeBase="F:\ETWork\bin\Tests\UnitTests.iCore.Runtime.Xml.dll" adapterTypeName="Microsoft.VisualStudio.TestTools.TestTypes.Unit.UnitTestAdapter" className="UnitTests.iCore.Runtime.Xml.XmlDocumentImplementationTest" name="CheckBoolPropertiesDefaultValues" />
    </UnitTest>
    <UnitTest name="SelectXMLNodes_ReturnsCorrectNodes" storage="f:\etwork\bin\tests\unittests.icore.runtime.xml.dll" id="55be63d7-0315-641f-eca9-b85c750f3571">
      <Execution id="dcc5e7b4-808b-4b04-b3e0-5489992b4d45" />
      <TestMethod codeBase="F:\ETWork\bin\Tests\UnitTests.iCore.Runtime.Xml.dll" adapterTypeName="Microsoft.VisualStudio.TestTools.TestTypes.Unit.UnitTestAdapter" className="UnitTests.iCore.Runtime.Xml.XmlDocumentImplementationTest" name="SelectXMLNodes_ReturnsCorrectNodes" />
    </UnitTest>
    <UnitTest name="SelectXMLNodes_WithNamespace_ReturnsCorrectNodes" storage="f:\etwork\bin\tests\unittests.icore.runtime.xml.dll" id="cfb4fef1-361b-be1a-4cc2-b8b32cdcb436">
      <Execution id="bd0cd474-672a-4708-af87-e1f590ad78b9" />
      <TestMethod codeBase="F:\ETWork\bin\Tests\UnitTests.iCore.Runtime.Xml.dll" adapterTypeName="Microsoft.VisualStudio.TestTools.TestTypes.Unit.UnitTestAdapter" className="UnitTests.iCore.Runtime.Xml.XmlDocumentImplementationTest" name="SelectXMLNodes_WithNamespace_ReturnsCorrectNodes" />
    </UnitTest>
    <UnitTest name="SelectSingleXMLNode_ReturnsCorrectNode" storage="f:\etwork\bin\tests\unittests.icore.runtime.xml.dll" id="48bb41f6-385c-a046-a156-efa33bd210af">
      <Execution id="000566b8-5ca2-42e4-bbd7-56bca193b302" />
      <TestMethod codeBase="F:\ETWork\bin\Tests\UnitTests.iCore.Runtime.Xml.dll" adapterTypeName="Microsoft.VisualStudio.TestTools.TestTypes.Unit.UnitTestAdapter" className="UnitTests.iCore.Runtime.Xml.XmlDocumentImplementationTest" name="SelectSingleXMLNode_ReturnsCorrectNode" />
    </UnitTest>
    <UnitTest name="SelectSingleXMLNode_WithNamespace_ReturnsCorrectNode" storage="f:\etwork\bin\tests\unittests.icore.runtime.xml.dll" id="1954c7fc-0726-2be1-c213-6c8d93320b73">
      <Execution id="7fc2d548-0a98-44a4-8e61-39182ccc6757" />
      <TestMethod codeBase="F:\ETWork\bin\Tests\UnitTests.iCore.Runtime.Xml.dll" adapterTypeName="Microsoft.VisualStudio.TestTools.TestTypes.Unit.UnitTestAdapter" className="UnitTests.iCore.Runtime.Xml.XmlDocumentImplementationTest" name="SelectSingleXMLNode_WithNamespace_ReturnsCorrectNode" />
    </UnitTest>
    <UnitTest name="SelectSingleXMLNode_NodeNotFound_ReturnsNull" storage="f:\etwork\bin\tests\unittests.icore.runtime.xml.dll" id="5c98fc6d-0cbc-29b1-4040-4f00c1415bff">
      <Execution id="50509728-f7f8-4a45-aaa7-02d6bb893350" />
      <TestMethod codeBase="F:\ETWork\bin\Tests\UnitTests.iCore.Runtime.Xml.dll" adapterTypeName="Microsoft.VisualStudio.TestTools.TestTypes.Unit.UnitTestAdapter" className="UnitTests.iCore.Runtime.Xml.XmlDocumentImplementationTest" name="SelectSingleXMLNode_NodeNotFound_ReturnsNull" />
    </UnitTest>
    <UnitTest name="DocumentElement_Get_ReturnsWholeMarkup" storage="f:\etwork\bin\tests\unittests.icore.runtime.xml.dll" id="8a3fd059-20d2-d605-8109-6f346a723cc7">
      <Execution id="78702949-809d-4220-8b33-02319cb7bab5" />
      <TestMethod codeBase="F:\ETWork\bin\Tests\UnitTests.iCore.Runtime.Xml.dll" adapterTypeName="Microsoft.VisualStudio.TestTools.TestTypes.Unit.UnitTestAdapter" className="UnitTests.iCore.Runtime.Xml.XmlDocumentImplementationTest" name="DocumentElement_Get_ReturnsWholeMarkup" />
    </UnitTest>
    <UnitTest name="DocumentElement_Set_ReplacesAll" storage="f:\etwork\bin\tests\unittests.icore.runtime.xml.dll" id="f97c27e2-f467-62cc-f607-55d5ecad9833">
      <Execution id="a37d020d-8f61-46fb-a5a4-3f2dad0c8f25" />
      <TestMethod codeBase="F:\ETWork\bin\Tests\UnitTests.iCore.Runtime.Xml.dll" adapterTypeName="Microsoft.VisualStudio.TestTools.TestTypes.Unit.UnitTestAdapter" className="UnitTests.iCore.Runtime.Xml.XmlDocumentImplementationTest" name="DocumentElement_Set_ReplacesAll" />
    </UnitTest>
    <UnitTest name="AddChild_AllowedTypes_Success" storage="f:\etwork\bin\tests\unittests.icore.runtime.xml.dll" id="7c4fa55f-6667-bd6e-f447-03d5f65f7ba5">
      <Execution id="9ff6545c-e7e2-4b38-a508-2cacae6be841" />
      <TestMethod codeBase="F:\ETWork\bin\Tests\UnitTests.iCore.Runtime.Xml.dll" adapterTypeName="Microsoft.VisualStudio.TestTools.TestTypes.Unit.UnitTestAdapter" className="UnitTests.iCore.Runtime.Xml.XmlDocumentImplementationTest" name="AddChild_AllowedTypes_Success" />
    </UnitTest>
    <UnitTest name="AddChild_Element_Success" storage="f:\etwork\bin\tests\unittests.icore.runtime.xml.dll" id="9dd518b9-b818-2170-2c1f-b403d0cb90f3">
      <Execution id="b2e7125a-1ea3-4a28-a650-4811d57210d4" />
      <TestMethod codeBase="F:\ETWork\bin\Tests\UnitTests.iCore.Runtime.Xml.dll" adapterTypeName="Microsoft.VisualStudio.TestTools.TestTypes.Unit.UnitTestAdapter" className="UnitTests.iCore.Runtime.Xml.XmlDocumentImplementationTest" name="AddChild_Element_Success" />
    </UnitTest>
    <UnitTest name="AddChild_NotAllowedTypes_Throws" storage="f:\etwork\bin\tests\unittests.icore.runtime.xml.dll" id="a9af45f6-a861-c56c-4ce4-ea70e5f892a9">
      <Execution id="1ab380ef-028d-4921-8855-49f4c561680e" />
      <TestMethod codeBase="F:\ETWork\bin\Tests\UnitTests.iCore.Runtime.Xml.dll" adapterTypeName="Microsoft.VisualStudio.TestTools.TestTypes.Unit.UnitTestAdapter" className="UnitTests.iCore.Runtime.Xml.XmlDocumentImplementationTest" name="AddChild_NotAllowedTypes_Throws" />
    </UnitTest>
    <UnitTest name="AddChild_AddChildMove_ReturnsSameObject" storage="f:\etwork\bin\tests\unittests.icore.runtime.xml.dll" id="968573f0-f5f4-7b49-15e7-ba9147a6b854">
      <Execution id="19405fbf-956f-4b86-943c-dc3b966988c8" />
      <TestMethod codeBase="F:\ETWork\bin\Tests\UnitTests.iCore.Runtime.Xml.dll" adapterTypeName="Microsoft.VisualStudio.TestTools.TestTypes.Unit.UnitTestAdapter" className="UnitTests.iCore.Runtime.Xml.XmlDocumentImplementationTest" name="AddChild_AddChildMove_ReturnsSameObject" />
    </UnitTest>
    <UnitTest name="AddChild_AddChildCopy_ReturnsNewObject" storage="f:\etwork\bin\tests\unittests.icore.runtime.xml.dll" id="7747149f-8862-bca5-e7b6-adc880da055f">
      <Execution id="1945d88b-0209-4b55-bb3e-783229d4016c" />
      <TestMethod codeBase="F:\ETWork\bin\Tests\UnitTests.iCore.Runtime.Xml.dll" adapterTypeName="Microsoft.VisualStudio.TestTools.TestTypes.Unit.UnitTestAdapter" className="UnitTests.iCore.Runtime.Xml.XmlDocumentImplementationTest" name="AddChild_AddChildCopy_ReturnsNewObject" />
    </UnitTest>
    <UnitTest name="Clear_RemovesAllNodes" storage="f:\etwork\bin\tests\unittests.icore.runtime.xml.dll" id="3b2d1f85-b670-2075-12c1-36dbbd131a15">
      <Execution id="26b9d327-c475-4f4b-b3e7-1f6b36b7b4cc" />
      <TestMethod codeBase="F:\ETWork\bin\Tests\UnitTests.iCore.Runtime.Xml.dll" adapterTypeName="Microsoft.VisualStudio.TestTools.TestTypes.Unit.UnitTestAdapter" className="UnitTests.iCore.Runtime.Xml.XmlDocumentImplementationTest" name="Clear_RemovesAllNodes" />
    </UnitTest>
    <UnitTest name="XsltTransformToString_XsltContainsScriptBlocks_Success" storage="f:\etwork\bin\tests\unittests.icore.runtime.xml.dll" id="5fc9f507-69dc-37e4-4b9f-04618c9a782f">
      <Execution id="90e6f3c5-0c04-48bd-b7bb-080bb6dce2e5" />
      <TestMethod codeBase="F:\ETWork\bin\Tests\UnitTests.iCore.Runtime.Xml.dll" adapterTypeName="Microsoft.VisualStudio.TestTools.TestTypes.Unit.UnitTestAdapter" className="UnitTests.iCore.Runtime.Xml.XmlDocumentImplementationTest" name="XsltTransformToString_XsltContainsScriptBlocks_Success" />
    </UnitTest>
    <UnitTest name="CreateCollection_ListIsNull_Throws" storage="f:\etwork\bin\tests\unittests.icore.runtime.xml.dll" id="b464a58f-7b22-1e64-f796-9d8b3a22c283">
      <Execution id="9ca09ce6-ff0b-468f-9759-b28c9f97bb6a" />
      <TestMethod codeBase="F:\ETWork\bin\Tests\UnitTests.iCore.Runtime.Xml.dll" adapterTypeName="Microsoft.VisualStudio.TestTools.TestTypes.Unit.UnitTestAdapter" className="UnitTests.iCore.Runtime.Xml.XmlNodeCollectionImplementationTests" name="CreateCollection_ListIsNull_Throws" />
    </UnitTest>
    <UnitTest name="Count_ReturnsCorrectNumber" storage="f:\etwork\bin\tests\unittests.icore.runtime.xml.dll" id="c49d48a0-aeaa-4786-dc0b-1d24c2d0d4be">
      <Execution id="99c4ae7b-68ad-4e11-a8b4-ba0931ad4eae" />
      <TestMethod codeBase="F:\ETWork\bin\Tests\UnitTests.iCore.Runtime.Xml.dll" adapterTypeName="Microsoft.VisualStudio.TestTools.TestTypes.Unit.UnitTestAdapter" className="UnitTests.iCore.Runtime.Xml.XmlNodeCollectionImplementationTests" name="Count_ReturnsCorrectNumber" />
    </UnitTest>
    <UnitTest name="GetNodeAt_ReturnsNodeAtPos" storage="f:\etwork\bin\tests\unittests.icore.runtime.xml.dll" id="7be7ac77-853a-cb1c-3d05-a94d3eef6b29">
      <Execution id="34f52ca5-01ac-430a-b18b-212c1bfd2dc8" />
      <TestMethod codeBase="F:\ETWork\bin\Tests\UnitTests.iCore.Runtime.Xml.dll" adapterTypeName="Microsoft.VisualStudio.TestTools.TestTypes.Unit.UnitTestAdapter" className="UnitTests.iCore.Runtime.Xml.XmlNodeCollectionImplementationTests" name="GetNodeAt_ReturnsNodeAtPos" />
    </UnitTest>
    <UnitTest name="GetNodeAt_OutOfRange_ReturnsNull" storage="f:\etwork\bin\tests\unittests.icore.runtime.xml.dll" id="88b2fcee-ea8c-2df7-129d-4ac81d3a444c">
      <Execution id="3ff3419c-d5c8-481d-999f-585fc771c79e" />
      <TestMethod codeBase="F:\ETWork\bin\Tests\UnitTests.iCore.Runtime.Xml.dll" adapterTypeName="Microsoft.VisualStudio.TestTools.TestTypes.Unit.UnitTestAdapter" className="UnitTests.iCore.Runtime.Xml.XmlNodeCollectionImplementationTests" name="GetNodeAt_OutOfRange_ReturnsNull" />
    </UnitTest>
    <UnitTest name="GetFirstNode_MultipleInvocations_AlwaysReturnsFirstNode" storage="f:\etwork\bin\tests\unittests.icore.runtime.xml.dll" id="614d80fe-e6a1-8a80-8dc7-eaf1968cb70f">
      <Execution id="6fdee9e6-d802-4470-a5b7-bc65704f3115" />
      <TestMethod codeBase="F:\ETWork\bin\Tests\UnitTests.iCore.Runtime.Xml.dll" adapterTypeName="Microsoft.VisualStudio.TestTools.TestTypes.Unit.UnitTestAdapter" className="UnitTests.iCore.Runtime.Xml.XmlNodeCollectionImplementationTests" name="GetFirstNode_MultipleInvocations_AlwaysReturnsFirstNode" />
    </UnitTest>
    <UnitTest name="GetNextNode_FirstInvoke_ReturnsFirstNode" storage="f:\etwork\bin\tests\unittests.icore.runtime.xml.dll" id="255a3e30-d6d5-b531-c432-41e987a4f44c">
      <Execution id="4504afe8-1381-40c0-80e8-a09a1debba33" />
      <TestMethod codeBase="F:\ETWork\bin\Tests\UnitTests.iCore.Runtime.Xml.dll" adapterTypeName="Microsoft.VisualStudio.TestTools.TestTypes.Unit.UnitTestAdapter" className="UnitTests.iCore.Runtime.Xml.XmlNodeCollectionImplementationTests" name="GetNextNode_FirstInvoke_ReturnsFirstNode" />
    </UnitTest>
    <UnitTest name="GetNextNode_MultipleInvoke_ReturnsNextNodeAndEventuallyNull" storage="f:\etwork\bin\tests\unittests.icore.runtime.xml.dll" id="0c34af3d-b10a-bf6b-1044-6b75c263f07c">
      <Execution id="28ef2eac-7884-484a-90c9-339447802c08" />
      <TestMethod codeBase="F:\ETWork\bin\Tests\UnitTests.iCore.Runtime.Xml.dll" adapterTypeName="Microsoft.VisualStudio.TestTools.TestTypes.Unit.UnitTestAdapter" className="UnitTests.iCore.Runtime.Xml.XmlNodeCollectionImplementationTests" name="GetNextNode_MultipleInvoke_ReturnsNextNodeAndEventuallyNull" />
    </UnitTest>
    <UnitTest name="CreateElement_ParentIsDocumentValueSetAndChildrenAdded_Success" storage="f:\etwork\bin\tests\unittests.icore.runtime.xml.dll" id="3721ee9a-52e5-123f-05e6-3dba121bd14e">
      <Execution id="5be6b83b-1955-40ab-bdd2-8dcfd8a88bd7" />
      <TestMethod codeBase="F:\ETWork\bin\Tests\UnitTests.iCore.Runtime.Xml.dll" adapterTypeName="Microsoft.VisualStudio.TestTools.TestTypes.Unit.UnitTestAdapter" className="UnitTests.iCore.Runtime.Xml.XmlNodeImplementationTests" name="CreateElement_ParentIsDocumentValueSetAndChildrenAdded_Success" />
    </UnitTest>
    <UnitTest name="CreateElement_ParentIsElementNoChildrenAddedNoValueAdded_Success" storage="f:\etwork\bin\tests\unittests.icore.runtime.xml.dll" id="aa49daa0-9064-81b6-20a1-0947818048a9">
      <Execution id="a23c2796-2446-4d99-a219-7383fba8d38b" />
      <TestMethod codeBase="F:\ETWork\bin\Tests\UnitTests.iCore.Runtime.Xml.dll" adapterTypeName="Microsoft.VisualStudio.TestTools.TestTypes.Unit.UnitTestAdapter" className="UnitTests.iCore.Runtime.Xml.XmlNodeImplementationTests" name="CreateElement_ParentIsElementNoChildrenAddedNoValueAdded_Success" />
    </UnitTest>
    <UnitTest name="CreateElement_ParentIsNull_Throws" storage="f:\etwork\bin\tests\unittests.icore.runtime.xml.dll" id="bf782d3b-7b92-fb16-3bcc-b02ffea894de">
      <Execution id="ac1f567a-22a3-4376-ace3-33a81d1319d2" />
      <TestMethod codeBase="F:\ETWork\bin\Tests\UnitTests.iCore.Runtime.Xml.dll" adapterTypeName="Microsoft.VisualStudio.TestTools.TestTypes.Unit.UnitTestAdapter" className="UnitTests.iCore.Runtime.Xml.XmlNodeImplementationTests" name="CreateElement_ParentIsNull_Throws" />
    </UnitTest>
    <UnitTest name="Class_Implements_IXmlNode" storage="f:\etwork\bin\tests\unittests.icore.runtime.xml.dll" id="78520ebd-7e14-2ecc-b27d-10c36c7be573">
      <Execution id="9a905cb8-d384-4925-a511-cbfb05183cac" />
      <TestMethod codeBase="F:\ETWork\bin\Tests\UnitTests.iCore.Runtime.Xml.dll" adapterTypeName="Microsoft.VisualStudio.TestTools.TestTypes.Unit.UnitTestAdapter" className="UnitTests.iCore.Runtime.Xml.XmlNodeImplementationTests" name="Class_Implements_IXmlNode" />
    </UnitTest>
    <UnitTest name="Class_Implements_IXmlNodeImplementation" storage="f:\etwork\bin\tests\unittests.icore.runtime.xml.dll" id="f93cdfd6-f8dc-249d-f3cc-e847b9f9b153">
      <Execution id="fe33533c-b589-471f-935a-7012bda4076c" />
      <TestMethod codeBase="F:\ETWork\bin\Tests\UnitTests.iCore.Runtime.Xml.dll" adapterTypeName="Microsoft.VisualStudio.TestTools.TestTypes.Unit.UnitTestAdapter" className="UnitTests.iCore.Runtime.Xml.XmlNodeImplementationTests" name="Class_Implements_IXmlNodeImplementation" />
    </UnitTest>
    <UnitTest name="Class_Implements_IXmlDocumentImplementation" storage="f:\etwork\bin\tests\unittests.icore.runtime.xml.dll" id="aed196af-c6e7-7965-9b6f-d5ac0e17e66a">
      <Execution id="11872ec4-eccd-4160-9b90-bd5d97101495" />
      <TestMethod codeBase="F:\ETWork\bin\Tests\UnitTests.iCore.Runtime.Xml.dll" adapterTypeName="Microsoft.VisualStudio.TestTools.TestTypes.Unit.UnitTestAdapter" className="UnitTests.iCore.Runtime.Xml.XmlNodeImplementationTests" name="Class_Implements_IXmlDocumentImplementation" />
    </UnitTest>
    <UnitTest name="AddChild_NotInitialized_Throws" storage="f:\etwork\bin\tests\unittests.icore.runtime.xml.dll" id="0ff9baf1-2737-e48a-6a32-91603b3d4bf6">
      <Execution id="2b2e6bc9-cebc-44b0-85b4-b2b04cde7014" />
      <TestMethod codeBase="F:\ETWork\bin\Tests\UnitTests.iCore.Runtime.Xml.dll" adapterTypeName="Microsoft.VisualStudio.TestTools.TestTypes.Unit.UnitTestAdapter" className="UnitTests.iCore.Runtime.Xml.XmlNodeImplementationTests" name="AddChild_NotInitialized_Throws" />
    </UnitTest>
    <UnitTest name="AddChild_ElementToAddIsNull_Throws" storage="f:\etwork\bin\tests\unittests.icore.runtime.xml.dll" id="9b487b94-cfc3-ccfc-a785-ab9ae04ba2d7">
      <Execution id="2b1dceb4-94e7-42c6-ad4c-664ca83769fc" />
      <TestMethod codeBase="F:\ETWork\bin\Tests\UnitTests.iCore.Runtime.Xml.dll" adapterTypeName="Microsoft.VisualStudio.TestTools.TestTypes.Unit.UnitTestAdapter" className="UnitTests.iCore.Runtime.Xml.XmlNodeImplementationTests" name="AddChild_ElementToAddIsNull_Throws" />
    </UnitTest>
    <UnitTest name="AddChild_ElementToAddIsNoInitialized_Throws" storage="f:\etwork\bin\tests\unittests.icore.runtime.xml.dll" id="a4719a59-bf06-8412-6a63-8a26233ecf50">
      <Execution id="2605338b-e3d3-4963-b065-ccb0eedaf01c" />
      <TestMethod codeBase="F:\ETWork\bin\Tests\UnitTests.iCore.Runtime.Xml.dll" adapterTypeName="Microsoft.VisualStudio.TestTools.TestTypes.Unit.UnitTestAdapter" className="UnitTests.iCore.Runtime.Xml.XmlNodeImplementationTests" name="AddChild_ElementToAddIsNoInitialized_Throws" />
    </UnitTest>
    <UnitTest name="AddChild_AddElementAddChildMoveDifferentSourceDocuments_ReturnsAddedChild" storage="f:\etwork\bin\tests\unittests.icore.runtime.xml.dll" id="9fff7551-b59c-2daa-68e5-a42fdead2ed0">
      <Execution id="563cb70b-29f5-4afa-a80b-9cae1bec2b33" />
      <TestMethod codeBase="F:\ETWork\bin\Tests\UnitTests.iCore.Runtime.Xml.dll" adapterTypeName="Microsoft.VisualStudio.TestTools.TestTypes.Unit.UnitTestAdapter" className="UnitTests.iCore.Runtime.Xml.XmlNodeImplementationTests" name="AddChild_AddElementAddChildMoveDifferentSourceDocuments_ReturnsAddedChild" />
    </UnitTest>
    <UnitTest name="AddChild_AddElementAddChildMoveDifferentSourceDocuments_ElementIsRemovedFroumSourceDocument" storage="f:\etwork\bin\tests\unittests.icore.runtime.xml.dll" id="be7ea358-1223-7da6-8e22-80f0ad780f7d">
      <Execution id="6a22f485-936b-43f2-a713-0d30cb9ef63d" />
      <TestMethod codeBase="F:\ETWork\bin\Tests\UnitTests.iCore.Runtime.Xml.dll" adapterTypeName="Microsoft.VisualStudio.TestTools.TestTypes.Unit.UnitTestAdapter" className="UnitTests.iCore.Runtime.Xml.XmlNodeImplementationTests" name="AddChild_AddElementAddChildMoveDifferentSourceDocuments_ElementIsRemovedFroumSourceDocument" />
    </UnitTest>
    <UnitTest name="AddChild_AddElementAddChildMoveSameDocuments_ReturnsAddedChild" storage="f:\etwork\bin\tests\unittests.icore.runtime.xml.dll" id="48f7ad2e-8045-fec5-5300-8dae9841988c">
      <Execution id="bcf2f691-42e8-430e-897f-25dec38c1bba" />
      <TestMethod codeBase="F:\ETWork\bin\Tests\UnitTests.iCore.Runtime.Xml.dll" adapterTypeName="Microsoft.VisualStudio.TestTools.TestTypes.Unit.UnitTestAdapter" className="UnitTests.iCore.Runtime.Xml.XmlNodeImplementationTests" name="AddChild_AddElementAddChildMoveSameDocuments_ReturnsAddedChild" />
    </UnitTest>
    <UnitTest name="AddChild_AddElementAddChildMoveSameDocuments_ElementIsRemovedFroumSourceDocument" storage="f:\etwork\bin\tests\unittests.icore.runtime.xml.dll" id="bdbb2773-0924-2f49-ce7e-d1e8fe4d7daf">
      <Execution id="3610dd76-daa3-4715-b627-ab4d5bd44ba6" />
      <TestMethod codeBase="F:\ETWork\bin\Tests\UnitTests.iCore.Runtime.Xml.dll" adapterTypeName="Microsoft.VisualStudio.TestTools.TestTypes.Unit.UnitTestAdapter" className="UnitTests.iCore.Runtime.Xml.XmlNodeImplementationTests" name="AddChild_AddElementAddChildMoveSameDocuments_ElementIsRemovedFroumSourceDocument" />
    </UnitTest>
    <UnitTest name="AddChild_AddElementAddChildFirstCopyWithChildrenDifferentDocuments_AddedChildIsFirstChild" storage="f:\etwork\bin\tests\unittests.icore.runtime.xml.dll" id="928f6e7c-4033-a84d-860e-aa74b801825d">
      <Execution id="e3c7bb1a-75b8-4d2b-8303-bce0930503bd" />
      <TestMethod codeBase="F:\ETWork\bin\Tests\UnitTests.iCore.Runtime.Xml.dll" adapterTypeName="Microsoft.VisualStudio.TestTools.TestTypes.Unit.UnitTestAdapter" className="UnitTests.iCore.Runtime.Xml.XmlNodeImplementationTests" name="AddChild_AddElementAddChildFirstCopyWithChildrenDifferentDocuments_AddedChildIsFirstChild" />
    </UnitTest>
    <UnitTest name="AddChild_AddElementAddChildFirstAndCopyWithChildrenAndDifferentDocuments_ElementIsCopied" storage="f:\etwork\bin\tests\unittests.icore.runtime.xml.dll" id="d021c44e-d9b3-75cc-1e78-96bb7b88366d">
      <Execution id="2d7f85b8-8501-4e14-8b71-6cd5b2e437d7" />
      <TestMethod codeBase="F:\ETWork\bin\Tests\UnitTests.iCore.Runtime.Xml.dll" adapterTypeName="Microsoft.VisualStudio.TestTools.TestTypes.Unit.UnitTestAdapter" className="UnitTests.iCore.Runtime.Xml.XmlNodeImplementationTests" name="AddChild_AddElementAddChildFirstAndCopyWithChildrenAndDifferentDocuments_ElementIsCopied" />
    </UnitTest>
    <UnitTest name="AddChild_AddElementAddChildFirstAndCopyNoChildrenAndDifferentDocuments_ElementIsCopiedWithoutChildren" storage="f:\etwork\bin\tests\unittests.icore.runtime.xml.dll" id="0491ddd1-6268-ee0f-ab08-8b5f18a0b33c">
      <Execution id="77ffe455-eb7b-4c33-aa37-f66f89fdd1eb" />
      <TestMethod codeBase="F:\ETWork\bin\Tests\UnitTests.iCore.Runtime.Xml.dll" adapterTypeName="Microsoft.VisualStudio.TestTools.TestTypes.Unit.UnitTestAdapter" className="UnitTests.iCore.Runtime.Xml.XmlNodeImplementationTests" name="AddChild_AddElementAddChildFirstAndCopyNoChildrenAndDifferentDocuments_ElementIsCopiedWithoutChildren" />
    </UnitTest>
    <UnitTest name="AddChild_AddElementAddChildLast_AddedChildIsLastChild" storage="f:\etwork\bin\tests\unittests.icore.runtime.xml.dll" id="8113ad3a-e967-835e-090f-891c8ad1ec44">
      <Execution id="9381353e-f596-49af-af7d-f82d1f9e884a" />
      <TestMethod codeBase="F:\ETWork\bin\Tests\UnitTests.iCore.Runtime.Xml.dll" adapterTypeName="Microsoft.VisualStudio.TestTools.TestTypes.Unit.UnitTestAdapter" className="UnitTests.iCore.Runtime.Xml.XmlNodeImplementationTests" name="AddChild_AddElementAddChildLast_AddedChildIsLastChild" />
    </UnitTest>
    <UnitTest name="AddChild_AddElementAddChildAtIndex_AddedChildIsAtIndex" storage="f:\etwork\bin\tests\unittests.icore.runtime.xml.dll" id="9114780c-2c5d-8a69-ed4e-efe0c9fab53e">
      <Execution id="7c2ab2dc-c2eb-40c7-a193-efec329103db" />
      <TestMethod codeBase="F:\ETWork\bin\Tests\UnitTests.iCore.Runtime.Xml.dll" adapterTypeName="Microsoft.VisualStudio.TestTools.TestTypes.Unit.UnitTestAdapter" className="UnitTests.iCore.Runtime.Xml.XmlNodeImplementationTests" name="AddChild_AddElementAddChildAtIndex_AddedChildIsAtIndex" />
    </UnitTest>
    <UnitTest name="AddChild_AddElementAddChildAtIndexGreaterThanCount_AddedChildIsAddedLast" storage="f:\etwork\bin\tests\unittests.icore.runtime.xml.dll" id="806e80fa-058e-2f47-dad5-dab7db37e7af">
      <Execution id="b1693819-7592-44b1-863d-db93c79145dd" />
      <TestMethod codeBase="F:\ETWork\bin\Tests\UnitTests.iCore.Runtime.Xml.dll" adapterTypeName="Microsoft.VisualStudio.TestTools.TestTypes.Unit.UnitTestAdapter" className="UnitTests.iCore.Runtime.Xml.XmlNodeImplementationTests" name="AddChild_AddElementAddChildAtIndexGreaterThanCount_AddedChildIsAddedLast" />
    </UnitTest>
    <UnitTest name="AddChild_AddElementAddChildAtIndexLessThanZero_AddedChildIsAddedLast" storage="f:\etwork\bin\tests\unittests.icore.runtime.xml.dll" id="5508f1fa-5a8f-3f3d-d7e2-6efdc26de4f0">
      <Execution id="c9960139-61af-4e30-ab41-494edc41faba" />
      <TestMethod codeBase="F:\ETWork\bin\Tests\UnitTests.iCore.Runtime.Xml.dll" adapterTypeName="Microsoft.VisualStudio.TestTools.TestTypes.Unit.UnitTestAdapter" className="UnitTests.iCore.Runtime.Xml.XmlNodeImplementationTests" name="AddChild_AddElementAddChildAtIndexLessThanZero_AddedChildIsAddedLast" />
    </UnitTest>
    <UnitTest name="AddChild_AddElementOptionAddChildMove_AddedChildIsMoved" storage="f:\etwork\bin\tests\unittests.icore.runtime.xml.dll" id="3b049afa-e308-46e2-2564-10df932e1904">
      <Execution id="5d175671-47ce-46e0-9c00-53cd702057ba" />
      <TestMethod codeBase="F:\ETWork\bin\Tests\UnitTests.iCore.Runtime.Xml.dll" adapterTypeName="Microsoft.VisualStudio.TestTools.TestTypes.Unit.UnitTestAdapter" className="UnitTests.iCore.Runtime.Xml.XmlNodeImplementationTests" name="AddChild_AddElementOptionAddChildMove_AddedChildIsMoved" />
    </UnitTest>
    <UnitTest name="AddChild_AddElementOptionAddChildCopyWithChildren_AddedChildAndItsChildrenAreAllCopied" storage="f:\etwork\bin\tests\unittests.icore.runtime.xml.dll" id="32b1384f-a738-7335-3264-83989a0a3843">
      <Execution id="cd5ddf4e-7693-46e7-9a6e-a60654f6b9f0" />
      <TestMethod codeBase="F:\ETWork\bin\Tests\UnitTests.iCore.Runtime.Xml.dll" adapterTypeName="Microsoft.VisualStudio.TestTools.TestTypes.Unit.UnitTestAdapter" className="UnitTests.iCore.Runtime.Xml.XmlNodeImplementationTests" name="AddChild_AddElementOptionAddChildCopyWithChildren_AddedChildAndItsChildrenAreAllCopied" />
    </UnitTest>
    <UnitTest name="AddChild_AddElementOptionAddChildCopyNoChildren_AddedChildIsCopiedWithoutItsChildren" storage="f:\etwork\bin\tests\unittests.icore.runtime.xml.dll" id="3116ee3b-242c-22d5-7c2a-f071d64671de">
      <Execution id="0c607768-138f-4365-b871-1d1e8a6254d6" />
      <TestMethod codeBase="F:\ETWork\bin\Tests\UnitTests.iCore.Runtime.Xml.dll" adapterTypeName="Microsoft.VisualStudio.TestTools.TestTypes.Unit.UnitTestAdapter" className="UnitTests.iCore.Runtime.Xml.XmlNodeImplementationTests" name="AddChild_AddElementOptionAddChildCopyNoChildren_AddedChildIsCopiedWithoutItsChildren" />
    </UnitTest>
    <UnitTest name="AddNewChild_ParentNotInitialized_Throws" storage="f:\etwork\bin\tests\unittests.icore.runtime.xml.dll" id="03dc3eff-0bcd-ed41-5d79-7edfce13fd04">
      <Execution id="ca33aa1b-e8f4-45e2-835f-722050597c7b" />
      <TestMethod codeBase="F:\ETWork\bin\Tests\UnitTests.iCore.Runtime.Xml.dll" adapterTypeName="Microsoft.VisualStudio.TestTools.TestTypes.Unit.UnitTestAdapter" className="UnitTests.iCore.Runtime.Xml.XmlNodeImplementationTests" name="AddNewChild_ParentNotInitialized_Throws" />
    </UnitTest>
    <UnitTest name="AddNewChild_ParentIsElementXMLNodeType_ATTRIBUTE_Throws" storage="f:\etwork\bin\tests\unittests.icore.runtime.xml.dll" id="04f656fe-1e25-2c77-73d3-f94a7c9e3233">
      <Execution id="8e206f31-19df-4122-b7dc-97baa9604ee5" />
      <TestMethod codeBase="F:\ETWork\bin\Tests\UnitTests.iCore.Runtime.Xml.dll" adapterTypeName="Microsoft.VisualStudio.TestTools.TestTypes.Unit.UnitTestAdapter" className="UnitTests.iCore.Runtime.Xml.XmlNodeImplementationTests" name="AddNewChild_ParentIsElementXMLNodeType_ATTRIBUTE_Throws" />
    </UnitTest>
    <UnitTest name="AddNewChild_ParentIsElementXMLNodeType_CDATA_SECTION_Success" storage="f:\etwork\bin\tests\unittests.icore.runtime.xml.dll" id="35784e10-3aa6-45e4-410f-c58fbb675003">
      <Execution id="2c131a10-6d92-4af1-bc8f-8df17169f8e6" />
      <TestMethod codeBase="F:\ETWork\bin\Tests\UnitTests.iCore.Runtime.Xml.dll" adapterTypeName="Microsoft.VisualStudio.TestTools.TestTypes.Unit.UnitTestAdapter" className="UnitTests.iCore.Runtime.Xml.XmlNodeImplementationTests" name="AddNewChild_ParentIsElementXMLNodeType_CDATA_SECTION_Success" />
    </UnitTest>
    <UnitTest name="AddNewChild_ParentIsElementXMLNodeType_COMMENT_Success" storage="f:\etwork\bin\tests\unittests.icore.runtime.xml.dll" id="d28eb845-c267-9d45-65ef-84395e595896">
      <Execution id="bce7fcaa-51ed-40b2-b584-d7b89c9cccb4" />
      <TestMethod codeBase="F:\ETWork\bin\Tests\UnitTests.iCore.Runtime.Xml.dll" adapterTypeName="Microsoft.VisualStudio.TestTools.TestTypes.Unit.UnitTestAdapter" className="UnitTests.iCore.Runtime.Xml.XmlNodeImplementationTests" name="AddNewChild_ParentIsElementXMLNodeType_COMMENT_Success" />
    </UnitTest>
    <UnitTest name="AddNewChild_ParentIsElementXMLNodeType_ELEMENT_Success" storage="f:\etwork\bin\tests\unittests.icore.runtime.xml.dll" id="8609e568-e040-0388-db3f-4bd5b83c882e">
      <Execution id="52cbcc19-e475-4566-a118-41c5c4a1cfb3" />
      <TestMethod codeBase="F:\ETWork\bin\Tests\UnitTests.iCore.Runtime.Xml.dll" adapterTypeName="Microsoft.VisualStudio.TestTools.TestTypes.Unit.UnitTestAdapter" className="UnitTests.iCore.Runtime.Xml.XmlNodeImplementationTests" name="AddNewChild_ParentIsElementXMLNodeType_ELEMENT_Success" />
    </UnitTest>
    <UnitTest name="AddNewChild_ParentIsElementXMLNodeType_PROCESSING_INSTRUCTION_Success" storage="f:\etwork\bin\tests\unittests.icore.runtime.xml.dll" id="4ca0e16b-d1b1-9f4d-2e35-ae08d36a047f">
      <Execution id="6399f9f7-9093-4e6e-8aa8-37a5789de6cf" />
      <TestMethod codeBase="F:\ETWork\bin\Tests\UnitTests.iCore.Runtime.Xml.dll" adapterTypeName="Microsoft.VisualStudio.TestTools.TestTypes.Unit.UnitTestAdapter" className="UnitTests.iCore.Runtime.Xml.XmlNodeImplementationTests" name="AddNewChild_ParentIsElementXMLNodeType_PROCESSING_INSTRUCTION_Success" />
    </UnitTest>
    <UnitTest name="AddNewChild_ParentIsElementXMLNodeType_TEXT_Success" storage="f:\etwork\bin\tests\unittests.icore.runtime.xml.dll" id="f8531230-f8f1-32cc-5f54-43f8eb60a1e7">
      <Execution id="c4f34d27-bb7e-482a-8332-559da60bb371" />
      <TestMethod codeBase="F:\ETWork\bin\Tests\UnitTests.iCore.Runtime.Xml.dll" adapterTypeName="Microsoft.VisualStudio.TestTools.TestTypes.Unit.UnitTestAdapter" className="UnitTests.iCore.Runtime.Xml.XmlNodeImplementationTests" name="AddNewChild_ParentIsElementXMLNodeType_TEXT_Success" />
    </UnitTest>
    <UnitTest name="AddNewChild_ParentIsElementXMLNodeType_DOCUMENT_FRAGMENT_Success" storage="f:\etwork\bin\tests\unittests.icore.runtime.xml.dll" id="cb9e3b57-cdde-5df0-bf61-903191b8f263">
      <Execution id="67309369-c3f4-4856-81ea-5c35b01b61b4" />
      <TestMethod codeBase="F:\ETWork\bin\Tests\UnitTests.iCore.Runtime.Xml.dll" adapterTypeName="Microsoft.VisualStudio.TestTools.TestTypes.Unit.UnitTestAdapter" className="UnitTests.iCore.Runtime.Xml.XmlNodeImplementationTests" name="AddNewChild_ParentIsElementXMLNodeType_DOCUMENT_FRAGMENT_Success" />
    </UnitTest>
    <UnitTest name="AddNewChild_ParentIsElementXMLNodeType_DOCUMENT_Throws" storage="f:\etwork\bin\tests\unittests.icore.runtime.xml.dll" id="5081c89e-8ac3-2ffb-4e82-74b7a0573051">
      <Execution id="538faab2-a894-446f-9df2-2042a12a7ee0" />
      <TestMethod codeBase="F:\ETWork\bin\Tests\UnitTests.iCore.Runtime.Xml.dll" adapterTypeName="Microsoft.VisualStudio.TestTools.TestTypes.Unit.UnitTestAdapter" className="UnitTests.iCore.Runtime.Xml.XmlNodeImplementationTests" name="AddNewChild_ParentIsElementXMLNodeType_DOCUMENT_Throws" />
    </UnitTest>
    <UnitTest name="AddNewChild_ParentIsElementXMLNodeType_DOCUMENT_TYPE_Throws" storage="f:\etwork\bin\tests\unittests.icore.runtime.xml.dll" id="4217013e-9d2c-1643-0c20-1a0c2f12c7f5">
      <Execution id="a6b3ae93-3294-408c-8d83-b6ebd6810396" />
      <TestMethod codeBase="F:\ETWork\bin\Tests\UnitTests.iCore.Runtime.Xml.dll" adapterTypeName="Microsoft.VisualStudio.TestTools.TestTypes.Unit.UnitTestAdapter" className="UnitTests.iCore.Runtime.Xml.XmlNodeImplementationTests" name="AddNewChild_ParentIsElementXMLNodeType_DOCUMENT_TYPE_Throws" />
    </UnitTest>
    <UnitTest name="AddNewChild_ParentIsElementXMLNodeType_ENTITY_Throws" storage="f:\etwork\bin\tests\unittests.icore.runtime.xml.dll" id="fbba3bfd-1ed0-78fc-91ff-3a2a25e86f7e">
      <Execution id="7b4d09a5-f16b-4611-a1ce-1ccb318b2c65" />
      <TestMethod codeBase="F:\ETWork\bin\Tests\UnitTests.iCore.Runtime.Xml.dll" adapterTypeName="Microsoft.VisualStudio.TestTools.TestTypes.Unit.UnitTestAdapter" className="UnitTests.iCore.Runtime.Xml.XmlNodeImplementationTests" name="AddNewChild_ParentIsElementXMLNodeType_ENTITY_Throws" />
    </UnitTest>
    <UnitTest name="AddNewChild_ParentIsElementXMLNodeType_ENTITY_REFERENCE_Throws" storage="f:\etwork\bin\tests\unittests.icore.runtime.xml.dll" id="e10ca4a9-a2c2-68ae-7905-a944e9feb2c3">
      <Execution id="fd4ee549-52cc-49d4-b813-34b11b7f8c98" />
      <TestMethod codeBase="F:\ETWork\bin\Tests\UnitTests.iCore.Runtime.Xml.dll" adapterTypeName="Microsoft.VisualStudio.TestTools.TestTypes.Unit.UnitTestAdapter" className="UnitTests.iCore.Runtime.Xml.XmlNodeImplementationTests" name="AddNewChild_ParentIsElementXMLNodeType_ENTITY_REFERENCE_Throws" />
    </UnitTest>
    <UnitTest name="AddNewChild_OnElement_XMLNodeType_NOTATION_Throws" storage="f:\etwork\bin\tests\unittests.icore.runtime.xml.dll" id="0918c1b0-941f-8e48-9ac9-434a658a7fc3">
      <Execution id="d8d7454c-bae6-4c0b-bdc9-450ede5c47f1" />
      <TestMethod codeBase="F:\ETWork\bin\Tests\UnitTests.iCore.Runtime.Xml.dll" adapterTypeName="Microsoft.VisualStudio.TestTools.TestTypes.Unit.UnitTestAdapter" className="UnitTests.iCore.Runtime.Xml.XmlNodeImplementationTests" name="AddNewChild_OnElement_XMLNodeType_NOTATION_Throws" />
    </UnitTest>
    <UnitTest name="BufferSize_DocumentStarted_ThrowsExceptionOnSet" storage="f:\etwork\bin\tests\unittests.icore.runtime.xml.dll" id="7a291685-a353-0d09-b7a3-c5542b33bb5d">
      <Execution id="a87a62eb-bc7c-4b8b-a1e0-2dcd5ae8a91b" />
      <TestMethod codeBase="F:\ETWork\bin\Tests\UnitTests.iCore.Runtime.Xml.dll" adapterTypeName="Microsoft.VisualStudio.TestTools.TestTypes.Unit.UnitTestAdapter" className="UnitTests.iCore.Runtime.Xml.XmlWriterImplementationTests" name="BufferSize_DocumentStarted_ThrowsExceptionOnSet" />
    </UnitTest>
    <UnitTest name="BufferSize_ValueLessThanZero_ThrowsExceptionOnSet" storage="f:\etwork\bin\tests\unittests.icore.runtime.xml.dll" id="41c4e8f1-331e-d698-7475-13a4358d3f8c">
      <Execution id="b55ea6f8-e0a7-4714-bc61-39d67dbd147f" />
      <TestMethod codeBase="F:\ETWork\bin\Tests\UnitTests.iCore.Runtime.Xml.dll" adapterTypeName="Microsoft.VisualStudio.TestTools.TestTypes.Unit.UnitTestAdapter" className="UnitTests.iCore.Runtime.Xml.XmlWriterImplementationTests" name="BufferSize_ValueLessThanZero_ThrowsExceptionOnSet" />
    </UnitTest>
    <UnitTest name="BufferSize_ValueZeroOrAbove_ValueIsSet" storage="f:\etwork\bin\tests\unittests.icore.runtime.xml.dll" id="078aa349-6363-5f92-94cf-2201e8c13e5f">
      <Execution id="d7642c80-d5b2-4f1a-a46c-c41169cfdda9" />
      <TestMethod codeBase="F:\ETWork\bin\Tests\UnitTests.iCore.Runtime.Xml.dll" adapterTypeName="Microsoft.VisualStudio.TestTools.TestTypes.Unit.UnitTestAdapter" className="UnitTests.iCore.Runtime.Xml.XmlWriterImplementationTests" name="BufferSize_ValueZeroOrAbove_ValueIsSet" />
    </UnitTest>
    <UnitTest name="Indent_DocumentStarted_ThrowsExceptionOnSet" storage="f:\etwork\bin\tests\unittests.icore.runtime.xml.dll" id="7924baa7-9755-dc0b-63e2-05162cbdcfd2">
      <Execution id="a68a72ab-3c72-4e53-8081-fbfdaeb0966c" />
      <TestMethod codeBase="F:\ETWork\bin\Tests\UnitTests.iCore.Runtime.Xml.dll" adapterTypeName="Microsoft.VisualStudio.TestTools.TestTypes.Unit.UnitTestAdapter" className="UnitTests.iCore.Runtime.Xml.XmlWriterImplementationTests" name="Indent_DocumentStarted_ThrowsExceptionOnSet" />
    </UnitTest>
    <UnitTest name="Indent_CantSetValue" storage="f:\etwork\bin\tests\unittests.icore.runtime.xml.dll" id="8d6397fa-a221-ef26-8068-014575832f26">
      <Execution id="d0fb2053-f00d-48b6-a7a0-0f5d38499114" />
      <TestMethod codeBase="F:\ETWork\bin\Tests\UnitTests.iCore.Runtime.Xml.dll" adapterTypeName="Microsoft.VisualStudio.TestTools.TestTypes.Unit.UnitTestAdapter" className="UnitTests.iCore.Runtime.Xml.XmlWriterImplementationTests" name="Indent_CantSetValue" />
    </UnitTest>
    <UnitTest name="Encoding_DocumentStarted_ThrowsExceptionOnSet" storage="f:\etwork\bin\tests\unittests.icore.runtime.xml.dll" id="7450a15a-3404-3206-9566-b011c572006e">
      <Execution id="bf002449-7c71-47bc-ae6b-3d4c7af7a081" />
      <TestMethod codeBase="F:\ETWork\bin\Tests\UnitTests.iCore.Runtime.Xml.dll" adapterTypeName="Microsoft.VisualStudio.TestTools.TestTypes.Unit.UnitTestAdapter" className="UnitTests.iCore.Runtime.Xml.XmlWriterImplementationTests" name="Encoding_DocumentStarted_ThrowsExceptionOnSet" />
    </UnitTest>
    <UnitTest name="Encoding_CantSetValue" storage="f:\etwork\bin\tests\unittests.icore.runtime.xml.dll" id="5b29698c-a9f5-aa7f-d18d-8abb5b657178">
      <Execution id="eec08b3b-6b27-4e5a-a5a1-01c02cb1d565" />
      <TestMethod codeBase="F:\ETWork\bin\Tests\UnitTests.iCore.Runtime.Xml.dll" adapterTypeName="Microsoft.VisualStudio.TestTools.TestTypes.Unit.UnitTestAdapter" className="UnitTests.iCore.Runtime.Xml.XmlWriterImplementationTests" name="Encoding_CantSetValue" />
    </UnitTest>
    <UnitTest name="Standalone_DocumentStarted_ThrowsExceptionOnSet" storage="f:\etwork\bin\tests\unittests.icore.runtime.xml.dll" id="8c315110-96ea-6c9a-6bc7-f09396ae0d6b">
      <Execution id="e5eb5237-2b44-4166-bc51-7cce740fb876" />
      <TestMethod codeBase="F:\ETWork\bin\Tests\UnitTests.iCore.Runtime.Xml.dll" adapterTypeName="Microsoft.VisualStudio.TestTools.TestTypes.Unit.UnitTestAdapter" className="UnitTests.iCore.Runtime.Xml.XmlWriterImplementationTests" name="Standalone_DocumentStarted_ThrowsExceptionOnSet" />
    </UnitTest>
    <UnitTest name="OutputXmlDocument_GetWithUrlOutputType_ThrowsException" storage="f:\etwork\bin\tests\unittests.icore.runtime.xml.dll" id="0a5a3f39-9219-722d-8e48-e6cddf7b06f3">
      <Execution id="28245eed-1451-4331-a983-6d7c749bb2b3" />
      <TestMethod codeBase="F:\ETWork\bin\Tests\UnitTests.iCore.Runtime.Xml.dll" adapterTypeName="Microsoft.VisualStudio.TestTools.TestTypes.Unit.UnitTestAdapter" className="UnitTests.iCore.Runtime.Xml.XmlWriterImplementationTests" name="OutputXmlDocument_GetWithUrlOutputType_ThrowsException" />
    </UnitTest>
    <UnitTest name="OutputXmlDocument_GetWithStringOutputType_ThrowsException" storage="f:\etwork\bin\tests\unittests.icore.runtime.xml.dll" id="05244104-2961-0369-692b-cd40bdf7534b">
      <Execution id="7ec781d6-3131-43c0-879a-1422903bed05" />
      <TestMethod codeBase="F:\ETWork\bin\Tests\UnitTests.iCore.Runtime.Xml.dll" adapterTypeName="Microsoft.VisualStudio.TestTools.TestTypes.Unit.UnitTestAdapter" className="UnitTests.iCore.Runtime.Xml.XmlWriterImplementationTests" name="OutputXmlDocument_GetWithStringOutputType_ThrowsException" />
    </UnitTest>
    <UnitTest name="OutputXmlDocument_GetWithXmlDocumentOutputType_ReturnsDocument" storage="f:\etwork\bin\tests\unittests.icore.runtime.xml.dll" id="9a4a723b-d1d1-1e6c-01ea-6cfe793bfdff">
      <Execution id="ecfb6b03-859c-48e8-addc-d87aa14ac17a" />
      <TestMethod codeBase="F:\ETWork\bin\Tests\UnitTests.iCore.Runtime.Xml.dll" adapterTypeName="Microsoft.VisualStudio.TestTools.TestTypes.Unit.UnitTestAdapter" className="UnitTests.iCore.Runtime.Xml.XmlWriterImplementationTests" name="OutputXmlDocument_GetWithXmlDocumentOutputType_ReturnsDocument" />
    </UnitTest>
    <UnitTest name="OutputAsXMLString_GetWithXmlDocumentOutputType_ThrowsException" storage="f:\etwork\bin\tests\unittests.icore.runtime.xml.dll" id="c3afd3ce-0962-cc4e-e706-772c27b9f2f2">
      <Execution id="805abae1-a631-40fe-a719-0e1e729750a1" />
      <TestMethod codeBase="F:\ETWork\bin\Tests\UnitTests.iCore.Runtime.Xml.dll" adapterTypeName="Microsoft.VisualStudio.TestTools.TestTypes.Unit.UnitTestAdapter" className="UnitTests.iCore.Runtime.Xml.XmlWriterImplementationTests" name="OutputAsXMLString_GetWithXmlDocumentOutputType_ThrowsException" />
    </UnitTest>
    <UnitTest name="OutputAsXMLString_GetWithUrlOutputType_ThrowsException" storage="f:\etwork\bin\tests\unittests.icore.runtime.xml.dll" id="65e35250-f18d-f0cc-5c89-da19dc08f751">
      <Execution id="9d0a6543-663b-4f28-b4ac-310836cce29a" />
      <TestMethod codeBase="F:\ETWork\bin\Tests\UnitTests.iCore.Runtime.Xml.dll" adapterTypeName="Microsoft.VisualStudio.TestTools.TestTypes.Unit.UnitTestAdapter" className="UnitTests.iCore.Runtime.Xml.XmlWriterImplementationTests" name="OutputAsXMLString_GetWithUrlOutputType_ThrowsException" />
    </UnitTest>
    <UnitTest name="StartDocument_Started_ThrowsException" storage="f:\etwork\bin\tests\unittests.icore.runtime.xml.dll" id="121d8f8d-aa66-8b43-1224-f980d74a6218">
      <Execution id="f9d02e84-3ae2-44aa-aa40-cf4f9fb71204" />
      <TestMethod codeBase="F:\ETWork\bin\Tests\UnitTests.iCore.Runtime.Xml.dll" adapterTypeName="Microsoft.VisualStudio.TestTools.TestTypes.Unit.UnitTestAdapter" className="UnitTests.iCore.Runtime.Xml.XmlWriterImplementationTests" name="StartDocument_Started_ThrowsException" />
    </UnitTest>
    <UnitTest name="StartDocument_OutPutTypeIsUrl_ShouldOpenFile" storage="f:\etwork\bin\tests\unittests.icore.runtime.xml.dll" id="3af834f1-7242-5bb2-ed3b-2a6a98ba5cf1">
      <Execution id="f82beb2f-ec62-4b25-bfad-fd459ed6db0d" />
      <TestMethod codeBase="F:\ETWork\bin\Tests\UnitTests.iCore.Runtime.Xml.dll" adapterTypeName="Microsoft.VisualStudio.TestTools.TestTypes.Unit.UnitTestAdapter" className="UnitTests.iCore.Runtime.Xml.XmlWriterImplementationTests" name="StartDocument_OutPutTypeIsUrl_ShouldOpenFile" />
    </UnitTest>
    <UnitTest name="StartDocument_OutputTypeIsXmlDocument_ShouldNotOpenFile" storage="f:\etwork\bin\tests\unittests.icore.runtime.xml.dll" id="8204ad8d-1a57-1f29-49b6-50670c9de294">
      <Execution id="60412147-de59-4886-bb27-66d2e7b2bd0a" />
      <TestMethod codeBase="F:\ETWork\bin\Tests\UnitTests.iCore.Runtime.Xml.dll" adapterTypeName="Microsoft.VisualStudio.TestTools.TestTypes.Unit.UnitTestAdapter" className="UnitTests.iCore.Runtime.Xml.XmlWriterImplementationTests" name="StartDocument_OutputTypeIsXmlDocument_ShouldNotOpenFile" />
    </UnitTest>
    <UnitTest name="StartDocument_OutputTypeIsString_ShouldNotOpenFile" storage="f:\etwork\bin\tests\unittests.icore.runtime.xml.dll" id="3a3a69af-18eb-5b96-4214-f75e8fb82458">
      <Execution id="080edb7e-5d69-43a9-92e4-b0dd9a9e35ff" />
      <TestMethod codeBase="F:\ETWork\bin\Tests\UnitTests.iCore.Runtime.Xml.dll" adapterTypeName="Microsoft.VisualStudio.TestTools.TestTypes.Unit.UnitTestAdapter" className="UnitTests.iCore.Runtime.Xml.XmlWriterImplementationTests" name="StartDocument_OutputTypeIsString_ShouldNotOpenFile" />
    </UnitTest>
    <UnitTest name="StartDocument_OmitXmlDeclarationIsFalse_AddDeclaration" storage="f:\etwork\bin\tests\unittests.icore.runtime.xml.dll" id="e60b358c-ea88-6a48-efed-74f223942754">
      <Execution id="4b1d9705-2550-4c61-b9cb-ff111b1314a9" />
      <TestMethod codeBase="F:\ETWork\bin\Tests\UnitTests.iCore.Runtime.Xml.dll" adapterTypeName="Microsoft.VisualStudio.TestTools.TestTypes.Unit.UnitTestAdapter" className="UnitTests.iCore.Runtime.Xml.XmlWriterImplementationTests" name="StartDocument_OmitXmlDeclarationIsFalse_AddDeclaration" />
    </UnitTest>
    <UnitTest name="StartDocument_OmitXmlDeclarationIsTrue_SkipAddingDeclaration" storage="f:\etwork\bin\tests\unittests.icore.runtime.xml.dll" id="8c811601-0bb4-375a-ba1d-3ce2faad322b">
      <Execution id="f5ebc515-3183-4dd9-9212-f589540f2259" />
      <TestMethod codeBase="F:\ETWork\bin\Tests\UnitTests.iCore.Runtime.Xml.dll" adapterTypeName="Microsoft.VisualStudio.TestTools.TestTypes.Unit.UnitTestAdapter" className="UnitTests.iCore.Runtime.Xml.XmlWriterImplementationTests" name="StartDocument_OmitXmlDeclarationIsTrue_SkipAddingDeclaration" />
    </UnitTest>
    <UnitTest name="StartDocument_OmitDSeclarationIsFalseAndStandaloneIsTrue_StandaloneYesInDeclaration" storage="f:\etwork\bin\tests\unittests.icore.runtime.xml.dll" id="7c1f303c-6cf1-3609-57d2-3e49c9c556a8">
      <Execution id="48c1b768-f67d-4c95-888b-537ed619fae9" />
      <TestMethod codeBase="F:\ETWork\bin\Tests\UnitTests.iCore.Runtime.Xml.dll" adapterTypeName="Microsoft.VisualStudio.TestTools.TestTypes.Unit.UnitTestAdapter" className="UnitTests.iCore.Runtime.Xml.XmlWriterImplementationTests" name="StartDocument_OmitDSeclarationIsFalseAndStandaloneIsTrue_StandaloneYesInDeclaration" />
    </UnitTest>
    <UnitTest name="StartDocumentOmitDeclarationIsFalse_DeclarationIncludesEncodingWebName" storage="f:\etwork\bin\tests\unittests.icore.runtime.xml.dll" id="7889f4f6-bf39-a6bf-d776-5b770634a915">
      <Execution id="93711f1a-c016-4594-99b6-c0876c5ee600" />
      <TestMethod codeBase="F:\ETWork\bin\Tests\UnitTests.iCore.Runtime.Xml.dll" adapterTypeName="Microsoft.VisualStudio.TestTools.TestTypes.Unit.UnitTestAdapter" className="UnitTests.iCore.Runtime.Xml.XmlWriterImplementationTests" name="StartDocumentOmitDeclarationIsFalse_DeclarationIncludesEncodingWebName" />
    </UnitTest>
    <UnitTest name="EndDocument_NotInitialized_ThrowException" storage="f:\etwork\bin\tests\unittests.icore.runtime.xml.dll" id="95776cdd-fdef-01e3-2893-91cb45a34f9b">
      <Execution id="e5077901-aa95-4a8f-ab25-8875e7aa9d47" />
      <TestMethod codeBase="F:\ETWork\bin\Tests\UnitTests.iCore.Runtime.Xml.dll" adapterTypeName="Microsoft.VisualStudio.TestTools.TestTypes.Unit.UnitTestAdapter" className="UnitTests.iCore.Runtime.Xml.XmlWriterImplementationTests" name="EndDocument_NotInitialized_ThrowException" />
    </UnitTest>
    <UnitTest name="EndDocument_IfStarted_XmlWriterIsClosed" storage="f:\etwork\bin\tests\unittests.icore.runtime.xml.dll" id="14faca73-04dd-4418-7898-1b4b6534547a">
      <Execution id="4689994e-af4d-49bf-91a8-44601330db7c" />
      <TestMethod codeBase="F:\ETWork\bin\Tests\UnitTests.iCore.Runtime.Xml.dll" adapterTypeName="Microsoft.VisualStudio.TestTools.TestTypes.Unit.UnitTestAdapter" className="UnitTests.iCore.Runtime.Xml.XmlWriterImplementationTests" name="EndDocument_IfStarted_XmlWriterIsClosed" />
    </UnitTest>
    <UnitTest name="EndDocument_OutputAsXmlDocument_LoadFromString" storage="f:\etwork\bin\tests\unittests.icore.runtime.xml.dll" id="1d534872-d932-a966-a0f9-58ebaa04e0c9">
      <Execution id="ab81f055-9461-4abc-8b85-74ef4e130fac" />
      <TestMethod codeBase="F:\ETWork\bin\Tests\UnitTests.iCore.Runtime.Xml.dll" adapterTypeName="Microsoft.VisualStudio.TestTools.TestTypes.Unit.UnitTestAdapter" className="UnitTests.iCore.Runtime.Xml.XmlWriterImplementationTests" name="EndDocument_OutputAsXmlDocument_LoadFromString" />
    </UnitTest>
    <UnitTest name="WriteProcessingInstruction_NotInitialized_ThrowsException" storage="f:\etwork\bin\tests\unittests.icore.runtime.xml.dll" id="66d72e5c-70d2-4a43-6419-f2c82d8ae44c">
      <Execution id="f16f747f-92b4-48ab-b5ed-b7063bfffee4" />
      <TestMethod codeBase="F:\ETWork\bin\Tests\UnitTests.iCore.Runtime.Xml.dll" adapterTypeName="Microsoft.VisualStudio.TestTools.TestTypes.Unit.UnitTestAdapter" className="UnitTests.iCore.Runtime.Xml.XmlWriterImplementationTests" name="WriteProcessingInstruction_NotInitialized_ThrowsException" />
    </UnitTest>
    <UnitTest name="WriteProcessingInstruction_InitializedAndStarted_CallsXmlWriterMethodWithParamters" storage="f:\etwork\bin\tests\unittests.icore.runtime.xml.dll" id="2ef98e5a-5132-10ff-19b5-5782009acc04">
      <Execution id="42f8f9b0-20d3-456d-832a-c3eb47eba552" />
      <TestMethod codeBase="F:\ETWork\bin\Tests\UnitTests.iCore.Runtime.Xml.dll" adapterTypeName="Microsoft.VisualStudio.TestTools.TestTypes.Unit.UnitTestAdapter" className="UnitTests.iCore.Runtime.Xml.XmlWriterImplementationTests" name="WriteProcessingInstruction_InitializedAndStarted_CallsXmlWriterMethodWithParamters" />
    </UnitTest>
    <UnitTest name="StartElement_NotInitialized_ThrowException" storage="f:\etwork\bin\tests\unittests.icore.runtime.xml.dll" id="8d31108a-a718-8748-eee5-8df6eab03cb3">
      <Execution id="a36412cc-85ab-4c34-85c7-b682980a4895" />
      <TestMethod codeBase="F:\ETWork\bin\Tests\UnitTests.iCore.Runtime.Xml.dll" adapterTypeName="Microsoft.VisualStudio.TestTools.TestTypes.Unit.UnitTestAdapter" className="UnitTests.iCore.Runtime.Xml.XmlWriterImplementationTests" name="StartElement_NotInitialized_ThrowException" />
    </UnitTest>
    <UnitTest name="StartElement_IfPrefixDefinedButHasNotAddedPrefix_ShouldThrowException" storage="f:\etwork\bin\tests\unittests.icore.runtime.xml.dll" id="09155a6e-a2af-ad12-b5b0-b179c6dade60">
      <Execution id="e5fadf90-4b98-4213-87b3-a22f745f8990" />
      <TestMethod codeBase="F:\ETWork\bin\Tests\UnitTests.iCore.Runtime.Xml.dll" adapterTypeName="Microsoft.VisualStudio.TestTools.TestTypes.Unit.UnitTestAdapter" className="UnitTests.iCore.Runtime.Xml.XmlWriterImplementationTests" name="StartElement_IfPrefixDefinedButHasNotAddedPrefix_ShouldThrowException" />
    </UnitTest>
    <UnitTest name="StartElement_NamspaceNullButPrefixAlreadyAdded_ShouldSetNamespace" storage="f:\etwork\bin\tests\unittests.icore.runtime.xml.dll" id="2a32eed6-5193-d65c-b1d6-2c6f43f2d41e">
      <Execution id="56fdd87f-e897-41e6-a316-39459e17f48f" />
      <TestMethod codeBase="F:\ETWork\bin\Tests\UnitTests.iCore.Runtime.Xml.dll" adapterTypeName="Microsoft.VisualStudio.TestTools.TestTypes.Unit.UnitTestAdapter" className="UnitTests.iCore.Runtime.Xml.XmlWriterImplementationTests" name="StartElement_NamspaceNullButPrefixAlreadyAdded_ShouldSetNamespace" />
    </UnitTest>
    <UnitTest name="StartElement_NamespaceNullAndPrefixNotPreviouslyAdded_ThrowsException" storage="f:\etwork\bin\tests\unittests.icore.runtime.xml.dll" id="52c39e36-9a9a-7365-d45f-e46caaebea7b">
      <Execution id="10e37f02-2bd1-4846-a158-f8055a1de60a" />
      <TestMethod codeBase="F:\ETWork\bin\Tests\UnitTests.iCore.Runtime.Xml.dll" adapterTypeName="Microsoft.VisualStudio.TestTools.TestTypes.Unit.UnitTestAdapter" className="UnitTests.iCore.Runtime.Xml.XmlWriterImplementationTests" name="StartElement_NamespaceNullAndPrefixNotPreviouslyAdded_ThrowsException" />
    </UnitTest>
    <UnitTest name="StartElement_IfAttributeCollectionAndNotAllPrefixesArePartOfTheDeclaration_ShouldThrowException" storage="f:\etwork\bin\tests\unittests.icore.runtime.xml.dll" id="2248b8b8-888c-4e1c-1689-9c9409c92cbb">
      <Execution id="b3cb64bd-d446-415c-9fa0-c6c7d13f9f20" />
      <TestMethod codeBase="F:\ETWork\bin\Tests\UnitTests.iCore.Runtime.Xml.dll" adapterTypeName="Microsoft.VisualStudio.TestTools.TestTypes.Unit.UnitTestAdapter" className="UnitTests.iCore.Runtime.Xml.XmlWriterImplementationTests" name="StartElement_IfAttributeCollectionAndNotAllPrefixesArePartOfTheDeclaration_ShouldThrowException" />
    </UnitTest>
    <UnitTest name="StartElement_PrefixDefinedAndAdded_WriteStartElementOnInnerXmlWriterIsCalled" storage="f:\etwork\bin\tests\unittests.icore.runtime.xml.dll" id="a6b285fa-44dd-be75-9625-15c940cd6d84">
      <Execution id="4b4ec1d3-0fb3-4100-b687-2e79a97f5ae6" />
      <TestMethod codeBase="F:\ETWork\bin\Tests\UnitTests.iCore.Runtime.Xml.dll" adapterTypeName="Microsoft.VisualStudio.TestTools.TestTypes.Unit.UnitTestAdapter" className="UnitTests.iCore.Runtime.Xml.XmlWriterImplementationTests" name="StartElement_PrefixDefinedAndAdded_WriteStartElementOnInnerXmlWriterIsCalled" />
    </UnitTest>
    <UnitTest name="StartElement_AttrbuteCollectionWithAllPrefixesInDeclaration_WriteAttributes" storage="f:\etwork\bin\tests\unittests.icore.runtime.xml.dll" id="d46d0d89-c01a-bab5-2cf7-0e859201525e">
      <Execution id="305df2fa-5560-43c8-850f-963962428196" />
      <TestMethod codeBase="F:\ETWork\bin\Tests\UnitTests.iCore.Runtime.Xml.dll" adapterTypeName="Microsoft.VisualStudio.TestTools.TestTypes.Unit.UnitTestAdapter" className="UnitTests.iCore.Runtime.Xml.XmlWriterImplementationTests" name="StartElement_AttrbuteCollectionWithAllPrefixesInDeclaration_WriteAttributes" />
    </UnitTest>
    <UnitTest name="EndElement_NotInitialized_ThrowsException" storage="f:\etwork\bin\tests\unittests.icore.runtime.xml.dll" id="9e10d4fe-ee08-5b70-8c96-52236c8a8f49">
      <Execution id="dadb4aa7-bfb9-444f-a891-2315c27f5f25" />
      <TestMethod codeBase="F:\ETWork\bin\Tests\UnitTests.iCore.Runtime.Xml.dll" adapterTypeName="Microsoft.VisualStudio.TestTools.TestTypes.Unit.UnitTestAdapter" className="UnitTests.iCore.Runtime.Xml.XmlWriterImplementationTests" name="EndElement_NotInitialized_ThrowsException" />
    </UnitTest>
    <UnitTest name="EndElement_EndElementBeforeStartElement_ThrowsException" storage="f:\etwork\bin\tests\unittests.icore.runtime.xml.dll" id="e016d258-7104-f51d-f812-585d8db7a747">
      <Execution id="7cce96a9-b19a-4546-b7a1-270d2c85a3fe" />
      <TestMethod codeBase="F:\ETWork\bin\Tests\UnitTests.iCore.Runtime.Xml.dll" adapterTypeName="Microsoft.VisualStudio.TestTools.TestTypes.Unit.UnitTestAdapter" className="UnitTests.iCore.Runtime.Xml.XmlWriterImplementationTests" name="EndElement_EndElementBeforeStartElement_ThrowsException" />
    </UnitTest>
    <UnitTest name="EndElement_IfStartElementWritten_WriteEndElementIsInitiated" storage="f:\etwork\bin\tests\unittests.icore.runtime.xml.dll" id="d9f73849-37e2-4387-25ca-fccee3f6eb30">
      <Execution id="d88ad053-dff7-49fc-8eba-786228a4c48c" />
      <TestMethod codeBase="F:\ETWork\bin\Tests\UnitTests.iCore.Runtime.Xml.dll" adapterTypeName="Microsoft.VisualStudio.TestTools.TestTypes.Unit.UnitTestAdapter" className="UnitTests.iCore.Runtime.Xml.XmlWriterImplementationTests" name="EndElement_IfStartElementWritten_WriteEndElementIsInitiated" />
    </UnitTest>
    <UnitTest name="EndElement_OneMoreEndElementThanStartElement_ThrowsException" storage="f:\etwork\bin\tests\unittests.icore.runtime.xml.dll" id="c1d7bf33-3078-2ddb-397e-cc340a315056">
      <Execution id="3d943591-bc4a-485e-9ddc-0c74a706799f" />
      <TestMethod codeBase="F:\ETWork\bin\Tests\UnitTests.iCore.Runtime.Xml.dll" adapterTypeName="Microsoft.VisualStudio.TestTools.TestTypes.Unit.UnitTestAdapter" className="UnitTests.iCore.Runtime.Xml.XmlWriterImplementationTests" name="EndElement_OneMoreEndElementThanStartElement_ThrowsException" />
    </UnitTest>
    <UnitTest name="AddPreficMapping_NotInitialized_ThrowsException" storage="f:\etwork\bin\tests\unittests.icore.runtime.xml.dll" id="abbf03cb-cc83-e435-6ca9-d0fc891e9793">
      <Execution id="31c88f30-9385-458c-877b-ec0b1a13bb2b" />
      <TestMethod codeBase="F:\ETWork\bin\Tests\UnitTests.iCore.Runtime.Xml.dll" adapterTypeName="Microsoft.VisualStudio.TestTools.TestTypes.Unit.UnitTestAdapter" className="UnitTests.iCore.Runtime.Xml.XmlWriterImplementationTests" name="AddPreficMapping_NotInitialized_ThrowsException" />
    </UnitTest>
    <UnitTest name="WriteCharacters_NotInitialized_ThrowsException" storage="f:\etwork\bin\tests\unittests.icore.runtime.xml.dll" id="104c185c-7ce4-be69-1756-33593a16a605">
      <Execution id="8ba29195-2ef9-400c-8621-c0cd47bed556" />
      <TestMethod codeBase="F:\ETWork\bin\Tests\UnitTests.iCore.Runtime.Xml.dll" adapterTypeName="Microsoft.VisualStudio.TestTools.TestTypes.Unit.UnitTestAdapter" className="UnitTests.iCore.Runtime.Xml.XmlWriterImplementationTests" name="WriteCharacters_NotInitialized_ThrowsException" />
    </UnitTest>
    <UnitTest name="WriteCharacters_CharsAreNull_NothingIsWritten" storage="f:\etwork\bin\tests\unittests.icore.runtime.xml.dll" id="9cd7b945-4845-b1ce-c6b1-c4990f210ac0">
      <Execution id="ddd69ba6-58bf-4de6-b429-b4c9b26b4ddd" />
      <TestMethod codeBase="F:\ETWork\bin\Tests\UnitTests.iCore.Runtime.Xml.dll" adapterTypeName="Microsoft.VisualStudio.TestTools.TestTypes.Unit.UnitTestAdapter" className="UnitTests.iCore.Runtime.Xml.XmlWriterImplementationTests" name="WriteCharacters_CharsAreNull_NothingIsWritten" />
    </UnitTest>
    <UnitTest name="WriteCharacters_WritingCData_ShouldWriteInRaw" storage="f:\etwork\bin\tests\unittests.icore.runtime.xml.dll" id="75c17996-1e70-00a9-2f8e-a98577547320">
      <Execution id="e3b39dd8-b969-4aae-b518-0726321b2203" />
      <TestMethod codeBase="F:\ETWork\bin\Tests\UnitTests.iCore.Runtime.Xml.dll" adapterTypeName="Microsoft.VisualStudio.TestTools.TestTypes.Unit.UnitTestAdapter" className="UnitTests.iCore.Runtime.Xml.XmlWriterImplementationTests" name="WriteCharacters_WritingCData_ShouldWriteInRaw" />
    </UnitTest>
    <UnitTest name="WriteCharacters_OutputEscapingDisabled_ShouldWriteInRaw" storage="f:\etwork\bin\tests\unittests.icore.runtime.xml.dll" id="79023dc6-dcfc-89b9-6422-3b5091a62acd">
      <Execution id="1b64a761-834e-4f04-bae4-ad50e3708abc" />
      <TestMethod codeBase="F:\ETWork\bin\Tests\UnitTests.iCore.Runtime.Xml.dll" adapterTypeName="Microsoft.VisualStudio.TestTools.TestTypes.Unit.UnitTestAdapter" className="UnitTests.iCore.Runtime.Xml.XmlWriterImplementationTests" name="WriteCharacters_OutputEscapingDisabled_ShouldWriteInRaw" />
    </UnitTest>
    <UnitTest name="WriteCharacters_NotCDataOrDisabledEscaping_ShouldWriteAsString" storage="f:\etwork\bin\tests\unittests.icore.runtime.xml.dll" id="fdb75b67-a1c4-4bbe-0eea-016015a17f43">
      <Execution id="5f4b121e-3c07-498b-872e-17f6b99b1514" />
      <TestMethod codeBase="F:\ETWork\bin\Tests\UnitTests.iCore.Runtime.Xml.dll" adapterTypeName="Microsoft.VisualStudio.TestTools.TestTypes.Unit.UnitTestAdapter" className="UnitTests.iCore.Runtime.Xml.XmlWriterImplementationTests" name="WriteCharacters_NotCDataOrDisabledEscaping_ShouldWriteAsString" />
    </UnitTest>
    <UnitTest name="StartCDATA_NotInitialized_ThrowsException" storage="f:\etwork\bin\tests\unittests.icore.runtime.xml.dll" id="c5e42185-ffae-1b1b-dd19-09b6047ff74a">
      <Execution id="f0b960f4-5be7-4d0f-a4ce-0064c592feb1" />
      <TestMethod codeBase="F:\ETWork\bin\Tests\UnitTests.iCore.Runtime.Xml.dll" adapterTypeName="Microsoft.VisualStudio.TestTools.TestTypes.Unit.UnitTestAdapter" className="UnitTests.iCore.Runtime.Xml.XmlWriterImplementationTests" name="StartCDATA_NotInitialized_ThrowsException" />
    </UnitTest>
    <UnitTest name="StartCDATA_Started_WritesCDATAStart" storage="f:\etwork\bin\tests\unittests.icore.runtime.xml.dll" id="b81e3b46-3e81-e335-bc9a-fabba3b3f59b">
      <Execution id="b6a3a75d-1742-4efd-b48f-20ecfecb13a1" />
      <TestMethod codeBase="F:\ETWork\bin\Tests\UnitTests.iCore.Runtime.Xml.dll" adapterTypeName="Microsoft.VisualStudio.TestTools.TestTypes.Unit.UnitTestAdapter" className="UnitTests.iCore.Runtime.Xml.XmlWriterImplementationTests" name="StartCDATA_Started_WritesCDATAStart" />
    </UnitTest>
    <UnitTest name="EndCDATA_NotInitialized_ThrowsException" storage="f:\etwork\bin\tests\unittests.icore.runtime.xml.dll" id="e5109588-f9ed-3927-f13c-4ccdeeb102ee">
      <Execution id="54438de1-a17a-4360-8c0f-fed5a8f509d5" />
      <TestMethod codeBase="F:\ETWork\bin\Tests\UnitTests.iCore.Runtime.Xml.dll" adapterTypeName="Microsoft.VisualStudio.TestTools.TestTypes.Unit.UnitTestAdapter" className="UnitTests.iCore.Runtime.Xml.XmlWriterImplementationTests" name="EndCDATA_NotInitialized_ThrowsException" />
    </UnitTest>
    <UnitTest name="EndCDATA_StartedButNotCDATAStart_ThrowsException" storage="f:\etwork\bin\tests\unittests.icore.runtime.xml.dll" id="457280a2-0e68-62bc-6abe-dc5a12752300">
      <Execution id="3352fc79-f991-4b95-9e81-101739256b62" />
      <TestMethod codeBase="F:\ETWork\bin\Tests\UnitTests.iCore.Runtime.Xml.dll" adapterTypeName="Microsoft.VisualStudio.TestTools.TestTypes.Unit.UnitTestAdapter" className="UnitTests.iCore.Runtime.Xml.XmlWriterImplementationTests" name="EndCDATA_StartedButNotCDATAStart_ThrowsException" />
    </UnitTest>
    <UnitTest name="EndCDATA_CDATAStarted_OutputsCDATAEnd" storage="f:\etwork\bin\tests\unittests.icore.runtime.xml.dll" id="7bd124e2-2cc1-f354-4834-4d3c24297282">
      <Execution id="1122abf2-be62-453b-b733-62308d025c08" />
      <TestMethod codeBase="F:\ETWork\bin\Tests\UnitTests.iCore.Runtime.Xml.dll" adapterTypeName="Microsoft.VisualStudio.TestTools.TestTypes.Unit.UnitTestAdapter" className="UnitTests.iCore.Runtime.Xml.XmlWriterImplementationTests" name="EndCDATA_CDATAStarted_OutputsCDATAEnd" />
    </UnitTest>
    <UnitTest name="EndCDATA_WhenLessStartCDATAThanEndCDATA_ThrowsException" storage="f:\etwork\bin\tests\unittests.icore.runtime.xml.dll" id="e7156a26-4b8a-014d-549b-eecb64210060">
      <Execution id="d25d5984-5fa1-4a6a-b90e-31c3c0c8dd8e" />
      <TestMethod codeBase="F:\ETWork\bin\Tests\UnitTests.iCore.Runtime.Xml.dll" adapterTypeName="Microsoft.VisualStudio.TestTools.TestTypes.Unit.UnitTestAdapter" className="UnitTests.iCore.Runtime.Xml.XmlWriterImplementationTests" name="EndCDATA_WhenLessStartCDATAThanEndCDATA_ThrowsException" />
    </UnitTest>
    <UnitTest name="WriteComment_NotInitialized_ThrowsException" storage="f:\etwork\bin\tests\unittests.icore.runtime.xml.dll" id="a34639b7-add6-5251-006c-8865d6484d47">
      <Execution id="01a9fdaf-bb04-40a9-9b1b-c24399f0b48c" />
      <TestMethod codeBase="F:\ETWork\bin\Tests\UnitTests.iCore.Runtime.Xml.dll" adapterTypeName="Microsoft.VisualStudio.TestTools.TestTypes.Unit.UnitTestAdapter" className="UnitTests.iCore.Runtime.Xml.XmlWriterImplementationTests" name="WriteComment_NotInitialized_ThrowsException" />
    </UnitTest>
    <UnitTest name="WriteComment_WritingCData_CommentWrittenAsRaw" storage="f:\etwork\bin\tests\unittests.icore.runtime.xml.dll" id="60f3712d-e7f4-1c70-2b6e-c301a25c5d6d">
      <Execution id="fb435f56-0f43-4e48-b81c-a13112817df0" />
      <TestMethod codeBase="F:\ETWork\bin\Tests\UnitTests.iCore.Runtime.Xml.dll" adapterTypeName="Microsoft.VisualStudio.TestTools.TestTypes.Unit.UnitTestAdapter" className="UnitTests.iCore.Runtime.Xml.XmlWriterImplementationTests" name="WriteComment_WritingCData_CommentWrittenAsRaw" />
    </UnitTest>
    <UnitTest name="WriteComment_WhenWritingRaw_XmlCommentTagsAreExplicitlyUsed" storage="f:\etwork\bin\tests\unittests.icore.runtime.xml.dll" id="df5bfa31-1cf3-7120-aa6c-99c8f90b58d8">
      <Execution id="acc99d18-9ad2-40dc-ac15-13c0aba0244d" />
      <TestMethod codeBase="F:\ETWork\bin\Tests\UnitTests.iCore.Runtime.Xml.dll" adapterTypeName="Microsoft.VisualStudio.TestTools.TestTypes.Unit.UnitTestAdapter" className="UnitTests.iCore.Runtime.Xml.XmlWriterImplementationTests" name="WriteComment_WhenWritingRaw_XmlCommentTagsAreExplicitlyUsed" />
    </UnitTest>
    <UnitTest name="WriteComment_NotWritingCData_CommentWrittenAsComment" storage="f:\etwork\bin\tests\unittests.icore.runtime.xml.dll" id="9be93861-31bf-0ae8-65e2-d4906adbf224">
      <Execution id="04a0e586-a4ed-489c-9724-95f4f32c5d1e" />
      <TestMethod codeBase="F:\ETWork\bin\Tests\UnitTests.iCore.Runtime.Xml.dll" adapterTypeName="Microsoft.VisualStudio.TestTools.TestTypes.Unit.UnitTestAdapter" className="UnitTests.iCore.Runtime.Xml.XmlWriterImplementationTests" name="WriteComment_NotWritingCData_CommentWrittenAsComment" />
    </UnitTest>
    <UnitTest name="VerifyCanSetEncoding_DocumentStarted_ThrowsExpception" storage="f:\etwork\bin\tests\unittests.icore.runtime.xml.dll" id="07d3bd8e-73ff-abea-c853-cdefbff20355">
      <Execution id="37a312d5-42cc-4dfe-a50d-1e8c8a12e76d" />
      <TestMethod codeBase="F:\ETWork\bin\Tests\UnitTests.iCore.Runtime.Xml.dll" adapterTypeName="Microsoft.VisualStudio.TestTools.TestTypes.Unit.UnitTestAdapter" className="UnitTests.iCore.Runtime.Xml.XmlWriterImplementationTests" name="VerifyCanSetEncoding_DocumentStarted_ThrowsExpception" />
    </UnitTest>
    <UnitTest name="VerifyCanSetEncoding_DocumentNotStarted_DoesNotThrowException" storage="f:\etwork\bin\tests\unittests.icore.runtime.xml.dll" id="50560322-ead5-aa3f-eeee-81ed97dc12ca">
      <Execution id="8d1e0898-7d6f-44f8-b1bd-c14219acedbf" />
      <TestMethod codeBase="F:\ETWork\bin\Tests\UnitTests.iCore.Runtime.Xml.dll" adapterTypeName="Microsoft.VisualStudio.TestTools.TestTypes.Unit.UnitTestAdapter" className="UnitTests.iCore.Runtime.Xml.XmlWriterImplementationTests" name="VerifyCanSetEncoding_DocumentNotStarted_DoesNotThrowException" />
    </UnitTest>
  </TestDefinitions>
  <TestEntries>
    <TestEntry testId="8e070a0a-44ed-3c11-db0b-dd3ee1fe73d0" executionId="cc4837b4-c588-44d0-9e13-8538e7e8e945" testListId="8c84fa94-04c1-424b-9868-57a2d4851a1d" />
    <TestEntry testId="f0bedb7c-dc16-d29e-b906-12822c54ae29" executionId="67e56242-c21e-4850-9927-c874237f0acd" testListId="8c84fa94-04c1-424b-9868-57a2d4851a1d" />
    <TestEntry testId="6fd46dbc-dd4a-b07e-ed6b-851adfcb1af3" executionId="5afa56d4-cbbf-4184-8788-41105789f658" testListId="8c84fa94-04c1-424b-9868-57a2d4851a1d" />
    <TestEntry testId="ecf1fc43-c775-08a2-6e94-c988370e24eb" executionId="dae38070-b3b6-4e84-a4bf-7175a1ad11cd" testListId="8c84fa94-04c1-424b-9868-57a2d4851a1d" />
    <TestEntry testId="1e8fb3e0-2996-4110-cc75-ec6c84fb9d58" executionId="988a3860-86ec-4913-b154-010b43f3b864" testListId="8c84fa94-04c1-424b-9868-57a2d4851a1d" />
    <TestEntry testId="faca31e8-b8e4-6fca-b7e9-ee87275c3b16" executionId="20977b79-f342-430b-9164-551c2c2ae97d" testListId="8c84fa94-04c1-424b-9868-57a2d4851a1d" />
    <TestEntry testId="55f36a27-7b72-d14b-4547-6063f490dd5c" executionId="9574a206-d3aa-4cf5-84f1-3d3bfe2c0656" testListId="8c84fa94-04c1-424b-9868-57a2d4851a1d" />
    <TestEntry testId="86b92204-9f25-4447-0924-6b460c290c49" executionId="c92f5cf2-76c5-4aa1-87d6-35f7cbe0b4ac" testListId="8c84fa94-04c1-424b-9868-57a2d4851a1d" />
    <TestEntry testId="b68493bb-f41a-3fef-d397-af4feb95d9cf" executionId="f4fc5a13-5065-4e90-b9d0-99ecf7a76e61" testListId="8c84fa94-04c1-424b-9868-57a2d4851a1d" />
    <TestEntry testId="0d257235-858f-20e2-78e9-e5513b03f6e6" executionId="115a682a-ed3c-4d1a-ae57-3ec110e117fe" testListId="8c84fa94-04c1-424b-9868-57a2d4851a1d" />
    <TestEntry testId="ea17841e-9b66-893a-ce69-77dd283963b3" executionId="afbc1a32-50af-430e-81da-a18054caedf9" testListId="8c84fa94-04c1-424b-9868-57a2d4851a1d" />
    <TestEntry testId="0f63906e-fdb2-4285-aa50-8370ea081dfc" executionId="1c820923-3a7b-46a5-b2eb-82eb48242579" testListId="8c84fa94-04c1-424b-9868-57a2d4851a1d" />
    <TestEntry testId="19c56020-5de4-fecb-bec3-857069a5fe09" executionId="65e188ae-61fd-4f5a-8550-3edffd189df0" testListId="8c84fa94-04c1-424b-9868-57a2d4851a1d" />
    <TestEntry testId="9735d805-87d4-3396-f207-db3e7042c7da" executionId="7cdffb74-c78d-4289-ba1d-6ff1f3570d2a" testListId="8c84fa94-04c1-424b-9868-57a2d4851a1d" />
    <TestEntry testId="58414af1-2703-1484-1681-195291b83093" executionId="2f416733-071f-41ae-b8da-71d103fcbfc4" testListId="8c84fa94-04c1-424b-9868-57a2d4851a1d" />
    <TestEntry testId="09a8fe50-e477-d033-5293-e194a50b4ed3" executionId="e5529cb9-6820-48b2-8a51-75672826e268" testListId="8c84fa94-04c1-424b-9868-57a2d4851a1d" />
    <TestEntry testId="bb17515d-a6ad-e707-c946-1cf2d93a5ace" executionId="54683a10-f13a-467d-b764-f86b5b93b49b" testListId="8c84fa94-04c1-424b-9868-57a2d4851a1d" />
    <TestEntry testId="f34bb00b-7563-4afb-a8ce-39e9da8524cd" executionId="378f5de1-c06b-4a0b-9053-f27ef0f8beb6" testListId="8c84fa94-04c1-424b-9868-57a2d4851a1d" />
    <TestEntry testId="3a512f09-e9a7-496b-0992-0eb985d69b45" executionId="83106939-ed5e-4c46-a197-333852b71d9f" testListId="8c84fa94-04c1-424b-9868-57a2d4851a1d" />
    <TestEntry testId="4435f068-4359-ac87-fe7b-d0688ccde59e" executionId="6645fbba-083e-4df2-8f06-55c0bec059fe" testListId="8c84fa94-04c1-424b-9868-57a2d4851a1d" />
    <TestEntry testId="1bd203bd-f930-6b1a-c2d9-976667253048" executionId="8abac4e6-e2d1-4755-a34b-2e1dbb959d41" testListId="8c84fa94-04c1-424b-9868-57a2d4851a1d" />
    <TestEntry testId="28edcf1b-d16c-9209-9096-812250abc2c8" executionId="da9f8e17-53b0-44cc-b34c-cecb241f74ab" testListId="8c84fa94-04c1-424b-9868-57a2d4851a1d" />
    <TestEntry testId="91a751da-13cd-5220-8c8c-8f12a1f3f828" executionId="a740de9a-0de0-4b7e-a9c0-215f7ee7d94f" testListId="8c84fa94-04c1-424b-9868-57a2d4851a1d" />
    <TestEntry testId="fa629b5c-7117-138d-133e-58459f67dc39" executionId="62b08d28-c32a-4475-b62c-21f17f19275e" testListId="8c84fa94-04c1-424b-9868-57a2d4851a1d" />
    <TestEntry testId="c9f38068-df69-a9a9-facf-e91eab602436" executionId="bdf5ee42-9caf-496a-a2f4-0d886c4f72f8" testListId="8c84fa94-04c1-424b-9868-57a2d4851a1d" />
    <TestEntry testId="6455a75d-41e9-7288-a253-d274f51791f6" executionId="37496184-837f-42b7-a0c7-9cbfa8bf2844" testListId="8c84fa94-04c1-424b-9868-57a2d4851a1d" />
    <TestEntry testId="843749de-2ef7-8fcc-6444-2966a5505051" executionId="0be4d80c-923e-4992-b30e-945a5ce6ad79" testListId="8c84fa94-04c1-424b-9868-57a2d4851a1d" />
    <TestEntry testId="eb4e4bee-f4ca-9650-0b4f-6af3f505dd5e" executionId="5d409eb6-760b-4f8f-bc95-806b4c1c8221" testListId="8c84fa94-04c1-424b-9868-57a2d4851a1d" />
    <TestEntry testId="1ae0425b-2a58-b335-121f-30d8bd9fa96b" executionId="422b8a88-d12d-408c-9e82-a79d1cd19e39" testListId="8c84fa94-04c1-424b-9868-57a2d4851a1d" />
    <TestEntry testId="ebb91897-7677-47f6-c779-42026b2e5ba9" executionId="7db76cb4-d55f-4d26-8db1-13e9fc165ac4" testListId="8c84fa94-04c1-424b-9868-57a2d4851a1d" />
    <TestEntry testId="21ca2155-24a8-4270-859b-0d60eb7b4e82" executionId="68be31c6-a394-48b1-b5e0-19aff4ea487f" testListId="8c84fa94-04c1-424b-9868-57a2d4851a1d" />
    <TestEntry testId="d282b2a3-69fa-e350-ac8c-a4f98258a01f" executionId="49aee2d7-5e67-477a-96c8-5b93e7043d57" testListId="8c84fa94-04c1-424b-9868-57a2d4851a1d" />
    <TestEntry testId="47ad1841-66ad-d6d2-9a98-eed88a9236fe" executionId="50c916d6-b4f8-40fb-9b47-9236e8178b09" testListId="8c84fa94-04c1-424b-9868-57a2d4851a1d" />
    <TestEntry testId="e26e1420-c12d-1a30-9103-585a81dc344b" executionId="fc7a7f7c-8fb6-4344-a351-2034f0596588" testListId="8c84fa94-04c1-424b-9868-57a2d4851a1d" />
    <TestEntry testId="5d628734-371c-9408-32a1-f53569be77b9" executionId="f6f34e1d-d21a-4035-8a0e-486a97c2144f" testListId="8c84fa94-04c1-424b-9868-57a2d4851a1d" />
    <TestEntry testId="112a8224-6bff-80c3-f13d-38af12396907" executionId="9de934ac-47cb-481b-9245-c9209196dbeb" testListId="8c84fa94-04c1-424b-9868-57a2d4851a1d" />
    <TestEntry testId="c460cd3a-d3d3-42a8-91dc-968dfc870222" executionId="69af150d-a3c2-42f7-87ea-f187e8912399" testListId="8c84fa94-04c1-424b-9868-57a2d4851a1d" />
    <TestEntry testId="7eaf508c-be8b-f758-917c-2a3b601faaa1" executionId="eb02dd3e-34ef-49df-9f86-ff84e92a521d" testListId="8c84fa94-04c1-424b-9868-57a2d4851a1d" />
    <TestEntry testId="1e344402-fa41-99aa-a040-23cbe41af2e9" executionId="c0c60b47-2faa-4a48-b6b8-576ffc247f78" testListId="8c84fa94-04c1-424b-9868-57a2d4851a1d" />
    <TestEntry testId="25b22eb3-8fd6-d173-49b0-4318f02c97ed" executionId="881cbd7b-fff7-4e9d-803c-40820cc30751" testListId="8c84fa94-04c1-424b-9868-57a2d4851a1d" />
    <TestEntry testId="550f7021-3d04-4379-be24-7425d94cd918" executionId="b84affcf-e072-4aaa-bea0-3ca4f15f88eb" testListId="8c84fa94-04c1-424b-9868-57a2d4851a1d" />
    <TestEntry testId="ba920fd2-f9b2-4ee3-925d-0678e9d04991" executionId="6eeccdc7-f2a9-4663-b377-24fb103dc61c" testListId="8c84fa94-04c1-424b-9868-57a2d4851a1d" />
    <TestEntry testId="53223320-f2b7-8e8c-43ac-bee22c6df48f" executionId="313c1ac2-4f84-447a-a019-44ff673c9215" testListId="8c84fa94-04c1-424b-9868-57a2d4851a1d" />
    <TestEntry testId="0231ce47-d5a5-cdc4-119f-323891178877" executionId="52fbaaab-81fd-4834-af12-621fd1442c1d" testListId="8c84fa94-04c1-424b-9868-57a2d4851a1d" />
    <TestEntry testId="c9f8479c-f297-9307-d67a-42f4044f7000" executionId="94838c50-472f-4490-856b-3243c0d5076b" testListId="8c84fa94-04c1-424b-9868-57a2d4851a1d" />
    <TestEntry testId="9e7648c3-559e-1ec6-061b-9f63e08bdcf8" executionId="d0eae88b-d87a-4818-a980-33fd2fb0fdcb" testListId="8c84fa94-04c1-424b-9868-57a2d4851a1d" />
    <TestEntry testId="2e2dcc43-528f-a817-2328-6684688ee73d" executionId="6727dc74-f94f-4f8a-bd67-1a1a32a418da" testListId="8c84fa94-04c1-424b-9868-57a2d4851a1d" />
    <TestEntry testId="8697f0a5-e21e-29fe-e852-be8def4e1f44" executionId="e2d99bf6-ad03-4360-9106-b493e0fd477e" testListId="8c84fa94-04c1-424b-9868-57a2d4851a1d" />
    <TestEntry testId="5bc73dbf-702f-7384-ff11-25e299313e30" executionId="a2fc83a1-88dc-4baa-aa83-551b378d9c51" testListId="8c84fa94-04c1-424b-9868-57a2d4851a1d" />
    <TestEntry testId="5e353604-1752-a72c-3fa9-fa6893cfaa4d" executionId="dd8f9608-4175-4083-81c9-1ad3615c1944" testListId="8c84fa94-04c1-424b-9868-57a2d4851a1d" />
    <TestEntry testId="3b19ddfa-ff1a-93bd-7b2f-f849989f4a29" executionId="71f11029-7466-4134-896b-1f7335e5a3c6" testListId="8c84fa94-04c1-424b-9868-57a2d4851a1d" />
    <TestEntry testId="15ae4425-700f-7ef3-f865-abf88aba7fc3" executionId="3c77e60e-c121-42a5-ad8e-78c90c7c078f" testListId="8c84fa94-04c1-424b-9868-57a2d4851a1d" />
    <TestEntry testId="5a511875-a36c-527f-122d-d937d95106af" executionId="c1be297c-e4b3-428b-88bb-923600b56ea7" testListId="8c84fa94-04c1-424b-9868-57a2d4851a1d" />
    <TestEntry testId="5882ad71-539a-9a60-5ff5-3204c13cad73" executionId="a1e5940c-11ee-4820-8445-85e43715bb38" testListId="8c84fa94-04c1-424b-9868-57a2d4851a1d" />
    <TestEntry testId="6cd79aa1-cdaa-07ca-2e08-4604e468d981" executionId="ba36bdc6-ad8d-47b1-b4e3-ddc2e8639e90" testListId="8c84fa94-04c1-424b-9868-57a2d4851a1d" />
    <TestEntry testId="8cb14343-3f1d-4344-64f6-175b982a34da" executionId="026747d3-f9aa-4f41-9f63-05cdfce3c179" testListId="8c84fa94-04c1-424b-9868-57a2d4851a1d" />
    <TestEntry testId="03b9c171-cbea-124c-89a2-417c6b5227a0" executionId="ec6ac5bf-1174-49a7-aecf-384ce68b2b47" testListId="8c84fa94-04c1-424b-9868-57a2d4851a1d" />
    <TestEntry testId="90dbf66c-97e9-cb2c-8878-eb9d42a91735" executionId="5866574a-2d2d-44be-829e-dcdb7a8cdbc2" testListId="8c84fa94-04c1-424b-9868-57a2d4851a1d" />
    <TestEntry testId="0d5630c3-8daa-df8e-5f5f-3de69ee52ad6" executionId="67e893e5-ace2-441b-8560-a7150a860b5e" testListId="8c84fa94-04c1-424b-9868-57a2d4851a1d" />
    <TestEntry testId="b6796fc8-16e4-6065-f0ee-cea034f66072" executionId="9e0b85f4-7511-4748-9d70-e8a99c285f2d" testListId="8c84fa94-04c1-424b-9868-57a2d4851a1d" />
    <TestEntry testId="de77650c-54d0-2eec-27a2-058c99c0810c" executionId="944d6724-9c4c-4059-a82d-8ede6ac8521a" testListId="8c84fa94-04c1-424b-9868-57a2d4851a1d" />
    <TestEntry testId="55935ccc-483d-f05f-f61b-f5b4de5abfd6" executionId="401bf3ac-24b4-43f9-b13c-c7cd098e668c" testListId="8c84fa94-04c1-424b-9868-57a2d4851a1d" />
    <TestEntry testId="0ba50ddc-179a-e9b1-9355-848564f9eedf" executionId="a34a9c9e-3b79-493a-a99e-838ef17b7705" testListId="8c84fa94-04c1-424b-9868-57a2d4851a1d" />
    <TestEntry testId="09435d64-8e87-689e-022a-313215218698" executionId="c2bade6d-12ac-49ad-be55-0a65a3366708" testListId="8c84fa94-04c1-424b-9868-57a2d4851a1d" />
    <TestEntry testId="2c0fb843-03c2-9949-a9a5-e74474f40d57" executionId="b1623883-5e42-42b5-b42e-02ffdbc401d2" testListId="8c84fa94-04c1-424b-9868-57a2d4851a1d" />
    <TestEntry testId="2d341c27-400b-c885-b070-585a988cb8c3" executionId="d5280855-797d-4a74-8033-92705b6b08c5" testListId="8c84fa94-04c1-424b-9868-57a2d4851a1d" />
    <TestEntry testId="55be63d7-0315-641f-eca9-b85c750f3571" executionId="dcc5e7b4-808b-4b04-b3e0-5489992b4d45" testListId="8c84fa94-04c1-424b-9868-57a2d4851a1d" />
    <TestEntry testId="cfb4fef1-361b-be1a-4cc2-b8b32cdcb436" executionId="bd0cd474-672a-4708-af87-e1f590ad78b9" testListId="8c84fa94-04c1-424b-9868-57a2d4851a1d" />
    <TestEntry testId="48bb41f6-385c-a046-a156-efa33bd210af" executionId="000566b8-5ca2-42e4-bbd7-56bca193b302" testListId="8c84fa94-04c1-424b-9868-57a2d4851a1d" />
    <TestEntry testId="1954c7fc-0726-2be1-c213-6c8d93320b73" executionId="7fc2d548-0a98-44a4-8e61-39182ccc6757" testListId="8c84fa94-04c1-424b-9868-57a2d4851a1d" />
    <TestEntry testId="5c98fc6d-0cbc-29b1-4040-4f00c1415bff" executionId="50509728-f7f8-4a45-aaa7-02d6bb893350" testListId="8c84fa94-04c1-424b-9868-57a2d4851a1d" />
    <TestEntry testId="8a3fd059-20d2-d605-8109-6f346a723cc7" executionId="78702949-809d-4220-8b33-02319cb7bab5" testListId="8c84fa94-04c1-424b-9868-57a2d4851a1d" />
    <TestEntry testId="f97c27e2-f467-62cc-f607-55d5ecad9833" executionId="a37d020d-8f61-46fb-a5a4-3f2dad0c8f25" testListId="8c84fa94-04c1-424b-9868-57a2d4851a1d" />
    <TestEntry testId="7c4fa55f-6667-bd6e-f447-03d5f65f7ba5" executionId="9ff6545c-e7e2-4b38-a508-2cacae6be841" testListId="8c84fa94-04c1-424b-9868-57a2d4851a1d" />
    <TestEntry testId="9dd518b9-b818-2170-2c1f-b403d0cb90f3" executionId="b2e7125a-1ea3-4a28-a650-4811d57210d4" testListId="8c84fa94-04c1-424b-9868-57a2d4851a1d" />
    <TestEntry testId="a9af45f6-a861-c56c-4ce4-ea70e5f892a9" executionId="1ab380ef-028d-4921-8855-49f4c561680e" testListId="8c84fa94-04c1-424b-9868-57a2d4851a1d" />
    <TestEntry testId="968573f0-f5f4-7b49-15e7-ba9147a6b854" executionId="19405fbf-956f-4b86-943c-dc3b966988c8" testListId="8c84fa94-04c1-424b-9868-57a2d4851a1d" />
    <TestEntry testId="7747149f-8862-bca5-e7b6-adc880da055f" executionId="1945d88b-0209-4b55-bb3e-783229d4016c" testListId="8c84fa94-04c1-424b-9868-57a2d4851a1d" />
    <TestEntry testId="3b2d1f85-b670-2075-12c1-36dbbd131a15" executionId="26b9d327-c475-4f4b-b3e7-1f6b36b7b4cc" testListId="8c84fa94-04c1-424b-9868-57a2d4851a1d" />
    <TestEntry testId="5fc9f507-69dc-37e4-4b9f-04618c9a782f" executionId="90e6f3c5-0c04-48bd-b7bb-080bb6dce2e5" testListId="8c84fa94-04c1-424b-9868-57a2d4851a1d" />
    <TestEntry testId="b464a58f-7b22-1e64-f796-9d8b3a22c283" executionId="9ca09ce6-ff0b-468f-9759-b28c9f97bb6a" testListId="8c84fa94-04c1-424b-9868-57a2d4851a1d" />
    <TestEntry testId="c49d48a0-aeaa-4786-dc0b-1d24c2d0d4be" executionId="99c4ae7b-68ad-4e11-a8b4-ba0931ad4eae" testListId="8c84fa94-04c1-424b-9868-57a2d4851a1d" />
    <TestEntry testId="7be7ac77-853a-cb1c-3d05-a94d3eef6b29" executionId="34f52ca5-01ac-430a-b18b-212c1bfd2dc8" testListId="8c84fa94-04c1-424b-9868-57a2d4851a1d" />
    <TestEntry testId="88b2fcee-ea8c-2df7-129d-4ac81d3a444c" executionId="3ff3419c-d5c8-481d-999f-585fc771c79e" testListId="8c84fa94-04c1-424b-9868-57a2d4851a1d" />
    <TestEntry testId="614d80fe-e6a1-8a80-8dc7-eaf1968cb70f" executionId="6fdee9e6-d802-4470-a5b7-bc65704f3115" testListId="8c84fa94-04c1-424b-9868-57a2d4851a1d" />
    <TestEntry testId="255a3e30-d6d5-b531-c432-41e987a4f44c" executionId="4504afe8-1381-40c0-80e8-a09a1debba33" testListId="8c84fa94-04c1-424b-9868-57a2d4851a1d" />
    <TestEntry testId="0c34af3d-b10a-bf6b-1044-6b75c263f07c" executionId="28ef2eac-7884-484a-90c9-339447802c08" testListId="8c84fa94-04c1-424b-9868-57a2d4851a1d" />
    <TestEntry testId="3721ee9a-52e5-123f-05e6-3dba121bd14e" executionId="5be6b83b-1955-40ab-bdd2-8dcfd8a88bd7" testListId="8c84fa94-04c1-424b-9868-57a2d4851a1d" />
    <TestEntry testId="aa49daa0-9064-81b6-20a1-0947818048a9" executionId="a23c2796-2446-4d99-a219-7383fba8d38b" testListId="8c84fa94-04c1-424b-9868-57a2d4851a1d" />
    <TestEntry testId="bf782d3b-7b92-fb16-3bcc-b02ffea894de" executionId="ac1f567a-22a3-4376-ace3-33a81d1319d2" testListId="8c84fa94-04c1-424b-9868-57a2d4851a1d" />
    <TestEntry testId="78520ebd-7e14-2ecc-b27d-10c36c7be573" executionId="9a905cb8-d384-4925-a511-cbfb05183cac" testListId="8c84fa94-04c1-424b-9868-57a2d4851a1d" />
    <TestEntry testId="f93cdfd6-f8dc-249d-f3cc-e847b9f9b153" executionId="fe33533c-b589-471f-935a-7012bda4076c" testListId="8c84fa94-04c1-424b-9868-57a2d4851a1d" />
    <TestEntry testId="aed196af-c6e7-7965-9b6f-d5ac0e17e66a" executionId="11872ec4-eccd-4160-9b90-bd5d97101495" testListId="8c84fa94-04c1-424b-9868-57a2d4851a1d" />
    <TestEntry testId="0ff9baf1-2737-e48a-6a32-91603b3d4bf6" executionId="2b2e6bc9-cebc-44b0-85b4-b2b04cde7014" testListId="8c84fa94-04c1-424b-9868-57a2d4851a1d" />
    <TestEntry testId="9b487b94-cfc3-ccfc-a785-ab9ae04ba2d7" executionId="2b1dceb4-94e7-42c6-ad4c-664ca83769fc" testListId="8c84fa94-04c1-424b-9868-57a2d4851a1d" />
    <TestEntry testId="a4719a59-bf06-8412-6a63-8a26233ecf50" executionId="2605338b-e3d3-4963-b065-ccb0eedaf01c" testListId="8c84fa94-04c1-424b-9868-57a2d4851a1d" />
    <TestEntry testId="9fff7551-b59c-2daa-68e5-a42fdead2ed0" executionId="563cb70b-29f5-4afa-a80b-9cae1bec2b33" testListId="8c84fa94-04c1-424b-9868-57a2d4851a1d" />
    <TestEntry testId="be7ea358-1223-7da6-8e22-80f0ad780f7d" executionId="6a22f485-936b-43f2-a713-0d30cb9ef63d" testListId="8c84fa94-04c1-424b-9868-57a2d4851a1d" />
    <TestEntry testId="48f7ad2e-8045-fec5-5300-8dae9841988c" executionId="bcf2f691-42e8-430e-897f-25dec38c1bba" testListId="8c84fa94-04c1-424b-9868-57a2d4851a1d" />
    <TestEntry testId="bdbb2773-0924-2f49-ce7e-d1e8fe4d7daf" executionId="3610dd76-daa3-4715-b627-ab4d5bd44ba6" testListId="8c84fa94-04c1-424b-9868-57a2d4851a1d" />
    <TestEntry testId="928f6e7c-4033-a84d-860e-aa74b801825d" executionId="e3c7bb1a-75b8-4d2b-8303-bce0930503bd" testListId="8c84fa94-04c1-424b-9868-57a2d4851a1d" />
    <TestEntry testId="d021c44e-d9b3-75cc-1e78-96bb7b88366d" executionId="2d7f85b8-8501-4e14-8b71-6cd5b2e437d7" testListId="8c84fa94-04c1-424b-9868-57a2d4851a1d" />
    <TestEntry testId="0491ddd1-6268-ee0f-ab08-8b5f18a0b33c" executionId="77ffe455-eb7b-4c33-aa37-f66f89fdd1eb" testListId="8c84fa94-04c1-424b-9868-57a2d4851a1d" />
    <TestEntry testId="8113ad3a-e967-835e-090f-891c8ad1ec44" executionId="9381353e-f596-49af-af7d-f82d1f9e884a" testListId="8c84fa94-04c1-424b-9868-57a2d4851a1d" />
    <TestEntry testId="9114780c-2c5d-8a69-ed4e-efe0c9fab53e" executionId="7c2ab2dc-c2eb-40c7-a193-efec329103db" testListId="8c84fa94-04c1-424b-9868-57a2d4851a1d" />
    <TestEntry testId="806e80fa-058e-2f47-dad5-dab7db37e7af" executionId="b1693819-7592-44b1-863d-db93c79145dd" testListId="8c84fa94-04c1-424b-9868-57a2d4851a1d" />
    <TestEntry testId="5508f1fa-5a8f-3f3d-d7e2-6efdc26de4f0" executionId="c9960139-61af-4e30-ab41-494edc41faba" testListId="8c84fa94-04c1-424b-9868-57a2d4851a1d" />
    <TestEntry testId="3b049afa-e308-46e2-2564-10df932e1904" executionId="5d175671-47ce-46e0-9c00-53cd702057ba" testListId="8c84fa94-04c1-424b-9868-57a2d4851a1d" />
    <TestEntry testId="32b1384f-a738-7335-3264-83989a0a3843" executionId="cd5ddf4e-7693-46e7-9a6e-a60654f6b9f0" testListId="8c84fa94-04c1-424b-9868-57a2d4851a1d" />
    <TestEntry testId="3116ee3b-242c-22d5-7c2a-f071d64671de" executionId="0c607768-138f-4365-b871-1d1e8a6254d6" testListId="8c84fa94-04c1-424b-9868-57a2d4851a1d" />
    <TestEntry testId="03dc3eff-0bcd-ed41-5d79-7edfce13fd04" executionId="ca33aa1b-e8f4-45e2-835f-722050597c7b" testListId="8c84fa94-04c1-424b-9868-57a2d4851a1d" />
    <TestEntry testId="04f656fe-1e25-2c77-73d3-f94a7c9e3233" executionId="8e206f31-19df-4122-b7dc-97baa9604ee5" testListId="8c84fa94-04c1-424b-9868-57a2d4851a1d" />
    <TestEntry testId="35784e10-3aa6-45e4-410f-c58fbb675003" executionId="2c131a10-6d92-4af1-bc8f-8df17169f8e6" testListId="8c84fa94-04c1-424b-9868-57a2d4851a1d" />
    <TestEntry testId="d28eb845-c267-9d45-65ef-84395e595896" executionId="bce7fcaa-51ed-40b2-b584-d7b89c9cccb4" testListId="8c84fa94-04c1-424b-9868-57a2d4851a1d" />
    <TestEntry testId="8609e568-e040-0388-db3f-4bd5b83c882e" executionId="52cbcc19-e475-4566-a118-41c5c4a1cfb3" testListId="8c84fa94-04c1-424b-9868-57a2d4851a1d" />
    <TestEntry testId="4ca0e16b-d1b1-9f4d-2e35-ae08d36a047f" executionId="6399f9f7-9093-4e6e-8aa8-37a5789de6cf" testListId="8c84fa94-04c1-424b-9868-57a2d4851a1d" />
    <TestEntry testId="f8531230-f8f1-32cc-5f54-43f8eb60a1e7" executionId="c4f34d27-bb7e-482a-8332-559da60bb371" testListId="8c84fa94-04c1-424b-9868-57a2d4851a1d" />
    <TestEntry testId="cb9e3b57-cdde-5df0-bf61-903191b8f263" executionId="67309369-c3f4-4856-81ea-5c35b01b61b4" testListId="8c84fa94-04c1-424b-9868-57a2d4851a1d" />
    <TestEntry testId="5081c89e-8ac3-2ffb-4e82-74b7a0573051" executionId="538faab2-a894-446f-9df2-2042a12a7ee0" testListId="8c84fa94-04c1-424b-9868-57a2d4851a1d" />
    <TestEntry testId="4217013e-9d2c-1643-0c20-1a0c2f12c7f5" executionId="a6b3ae93-3294-408c-8d83-b6ebd6810396" testListId="8c84fa94-04c1-424b-9868-57a2d4851a1d" />
    <TestEntry testId="fbba3bfd-1ed0-78fc-91ff-3a2a25e86f7e" executionId="7b4d09a5-f16b-4611-a1ce-1ccb318b2c65" testListId="8c84fa94-04c1-424b-9868-57a2d4851a1d" />
    <TestEntry testId="e10ca4a9-a2c2-68ae-7905-a944e9feb2c3" executionId="fd4ee549-52cc-49d4-b813-34b11b7f8c98" testListId="8c84fa94-04c1-424b-9868-57a2d4851a1d" />
    <TestEntry testId="0918c1b0-941f-8e48-9ac9-434a658a7fc3" executionId="d8d7454c-bae6-4c0b-bdc9-450ede5c47f1" testListId="8c84fa94-04c1-424b-9868-57a2d4851a1d" />
    <TestEntry testId="7a291685-a353-0d09-b7a3-c5542b33bb5d" executionId="a87a62eb-bc7c-4b8b-a1e0-2dcd5ae8a91b" testListId="8c84fa94-04c1-424b-9868-57a2d4851a1d" />
    <TestEntry testId="41c4e8f1-331e-d698-7475-13a4358d3f8c" executionId="b55ea6f8-e0a7-4714-bc61-39d67dbd147f" testListId="8c84fa94-04c1-424b-9868-57a2d4851a1d" />
    <TestEntry testId="078aa349-6363-5f92-94cf-2201e8c13e5f" executionId="d7642c80-d5b2-4f1a-a46c-c41169cfdda9" testListId="8c84fa94-04c1-424b-9868-57a2d4851a1d" />
    <TestEntry testId="7924baa7-9755-dc0b-63e2-05162cbdcfd2" executionId="a68a72ab-3c72-4e53-8081-fbfdaeb0966c" testListId="8c84fa94-04c1-424b-9868-57a2d4851a1d" />
    <TestEntry testId="8d6397fa-a221-ef26-8068-014575832f26" executionId="d0fb2053-f00d-48b6-a7a0-0f5d38499114" testListId="8c84fa94-04c1-424b-9868-57a2d4851a1d" />
    <TestEntry testId="7450a15a-3404-3206-9566-b011c572006e" executionId="bf002449-7c71-47bc-ae6b-3d4c7af7a081" testListId="8c84fa94-04c1-424b-9868-57a2d4851a1d" />
    <TestEntry testId="5b29698c-a9f5-aa7f-d18d-8abb5b657178" executionId="eec08b3b-6b27-4e5a-a5a1-01c02cb1d565" testListId="8c84fa94-04c1-424b-9868-57a2d4851a1d" />
    <TestEntry testId="8c315110-96ea-6c9a-6bc7-f09396ae0d6b" executionId="e5eb5237-2b44-4166-bc51-7cce740fb876" testListId="8c84fa94-04c1-424b-9868-57a2d4851a1d" />
    <TestEntry testId="0a5a3f39-9219-722d-8e48-e6cddf7b06f3" executionId="28245eed-1451-4331-a983-6d7c749bb2b3" testListId="8c84fa94-04c1-424b-9868-57a2d4851a1d" />
    <TestEntry testId="05244104-2961-0369-692b-cd40bdf7534b" executionId="7ec781d6-3131-43c0-879a-1422903bed05" testListId="8c84fa94-04c1-424b-9868-57a2d4851a1d" />
    <TestEntry testId="9a4a723b-d1d1-1e6c-01ea-6cfe793bfdff" executionId="ecfb6b03-859c-48e8-addc-d87aa14ac17a" testListId="8c84fa94-04c1-424b-9868-57a2d4851a1d" />
    <TestEntry testId="c3afd3ce-0962-cc4e-e706-772c27b9f2f2" executionId="805abae1-a631-40fe-a719-0e1e729750a1" testListId="8c84fa94-04c1-424b-9868-57a2d4851a1d" />
    <TestEntry testId="65e35250-f18d-f0cc-5c89-da19dc08f751" executionId="9d0a6543-663b-4f28-b4ac-310836cce29a" testListId="8c84fa94-04c1-424b-9868-57a2d4851a1d" />
    <TestEntry testId="121d8f8d-aa66-8b43-1224-f980d74a6218" executionId="f9d02e84-3ae2-44aa-aa40-cf4f9fb71204" testListId="8c84fa94-04c1-424b-9868-57a2d4851a1d" />
    <TestEntry testId="3af834f1-7242-5bb2-ed3b-2a6a98ba5cf1" executionId="f82beb2f-ec62-4b25-bfad-fd459ed6db0d" testListId="8c84fa94-04c1-424b-9868-57a2d4851a1d" />
    <TestEntry testId="8204ad8d-1a57-1f29-49b6-50670c9de294" executionId="60412147-de59-4886-bb27-66d2e7b2bd0a" testListId="8c84fa94-04c1-424b-9868-57a2d4851a1d" />
    <TestEntry testId="3a3a69af-18eb-5b96-4214-f75e8fb82458" executionId="080edb7e-5d69-43a9-92e4-b0dd9a9e35ff" testListId="8c84fa94-04c1-424b-9868-57a2d4851a1d" />
    <TestEntry testId="e60b358c-ea88-6a48-efed-74f223942754" executionId="4b1d9705-2550-4c61-b9cb-ff111b1314a9" testListId="8c84fa94-04c1-424b-9868-57a2d4851a1d" />
    <TestEntry testId="8c811601-0bb4-375a-ba1d-3ce2faad322b" executionId="f5ebc515-3183-4dd9-9212-f589540f2259" testListId="8c84fa94-04c1-424b-9868-57a2d4851a1d" />
    <TestEntry testId="7c1f303c-6cf1-3609-57d2-3e49c9c556a8" executionId="48c1b768-f67d-4c95-888b-537ed619fae9" testListId="8c84fa94-04c1-424b-9868-57a2d4851a1d" />
    <TestEntry testId="7889f4f6-bf39-a6bf-d776-5b770634a915" executionId="93711f1a-c016-4594-99b6-c0876c5ee600" testListId="8c84fa94-04c1-424b-9868-57a2d4851a1d" />
    <TestEntry testId="95776cdd-fdef-01e3-2893-91cb45a34f9b" executionId="e5077901-aa95-4a8f-ab25-8875e7aa9d47" testListId="8c84fa94-04c1-424b-9868-57a2d4851a1d" />
    <TestEntry testId="14faca73-04dd-4418-7898-1b4b6534547a" executionId="4689994e-af4d-49bf-91a8-44601330db7c" testListId="8c84fa94-04c1-424b-9868-57a2d4851a1d" />
    <TestEntry testId="1d534872-d932-a966-a0f9-58ebaa04e0c9" executionId="ab81f055-9461-4abc-8b85-74ef4e130fac" testListId="8c84fa94-04c1-424b-9868-57a2d4851a1d" />
    <TestEntry testId="66d72e5c-70d2-4a43-6419-f2c82d8ae44c" executionId="f16f747f-92b4-48ab-b5ed-b7063bfffee4" testListId="8c84fa94-04c1-424b-9868-57a2d4851a1d" />
    <TestEntry testId="2ef98e5a-5132-10ff-19b5-5782009acc04" executionId="42f8f9b0-20d3-456d-832a-c3eb47eba552" testListId="8c84fa94-04c1-424b-9868-57a2d4851a1d" />
    <TestEntry testId="8d31108a-a718-8748-eee5-8df6eab03cb3" executionId="a36412cc-85ab-4c34-85c7-b682980a4895" testListId="8c84fa94-04c1-424b-9868-57a2d4851a1d" />
    <TestEntry testId="09155a6e-a2af-ad12-b5b0-b179c6dade60" executionId="e5fadf90-4b98-4213-87b3-a22f745f8990" testListId="8c84fa94-04c1-424b-9868-57a2d4851a1d" />
    <TestEntry testId="2a32eed6-5193-d65c-b1d6-2c6f43f2d41e" executionId="56fdd87f-e897-41e6-a316-39459e17f48f" testListId="8c84fa94-04c1-424b-9868-57a2d4851a1d" />
    <TestEntry testId="52c39e36-9a9a-7365-d45f-e46caaebea7b" executionId="10e37f02-2bd1-4846-a158-f8055a1de60a" testListId="8c84fa94-04c1-424b-9868-57a2d4851a1d" />
    <TestEntry testId="2248b8b8-888c-4e1c-1689-9c9409c92cbb" executionId="b3cb64bd-d446-415c-9fa0-c6c7d13f9f20" testListId="8c84fa94-04c1-424b-9868-57a2d4851a1d" />
    <TestEntry testId="a6b285fa-44dd-be75-9625-15c940cd6d84" executionId="4b4ec1d3-0fb3-4100-b687-2e79a97f5ae6" testListId="8c84fa94-04c1-424b-9868-57a2d4851a1d" />
    <TestEntry testId="d46d0d89-c01a-bab5-2cf7-0e859201525e" executionId="305df2fa-5560-43c8-850f-963962428196" testListId="8c84fa94-04c1-424b-9868-57a2d4851a1d" />
    <TestEntry testId="9e10d4fe-ee08-5b70-8c96-52236c8a8f49" executionId="dadb4aa7-bfb9-444f-a891-2315c27f5f25" testListId="8c84fa94-04c1-424b-9868-57a2d4851a1d" />
    <TestEntry testId="e016d258-7104-f51d-f812-585d8db7a747" executionId="7cce96a9-b19a-4546-b7a1-270d2c85a3fe" testListId="8c84fa94-04c1-424b-9868-57a2d4851a1d" />
    <TestEntry testId="d9f73849-37e2-4387-25ca-fccee3f6eb30" executionId="d88ad053-dff7-49fc-8eba-786228a4c48c" testListId="8c84fa94-04c1-424b-9868-57a2d4851a1d" />
    <TestEntry testId="c1d7bf33-3078-2ddb-397e-cc340a315056" executionId="3d943591-bc4a-485e-9ddc-0c74a706799f" testListId="8c84fa94-04c1-424b-9868-57a2d4851a1d" />
    <TestEntry testId="abbf03cb-cc83-e435-6ca9-d0fc891e9793" executionId="31c88f30-9385-458c-877b-ec0b1a13bb2b" testListId="8c84fa94-04c1-424b-9868-57a2d4851a1d" />
    <TestEntry testId="104c185c-7ce4-be69-1756-33593a16a605" executionId="8ba29195-2ef9-400c-8621-c0cd47bed556" testListId="8c84fa94-04c1-424b-9868-57a2d4851a1d" />
    <TestEntry testId="9cd7b945-4845-b1ce-c6b1-c4990f210ac0" executionId="ddd69ba6-58bf-4de6-b429-b4c9b26b4ddd" testListId="8c84fa94-04c1-424b-9868-57a2d4851a1d" />
    <TestEntry testId="75c17996-1e70-00a9-2f8e-a98577547320" executionId="e3b39dd8-b969-4aae-b518-0726321b2203" testListId="8c84fa94-04c1-424b-9868-57a2d4851a1d" />
    <TestEntry testId="79023dc6-dcfc-89b9-6422-3b5091a62acd" executionId="1b64a761-834e-4f04-bae4-ad50e3708abc" testListId="8c84fa94-04c1-424b-9868-57a2d4851a1d" />
    <TestEntry testId="fdb75b67-a1c4-4bbe-0eea-016015a17f43" executionId="5f4b121e-3c07-498b-872e-17f6b99b1514" testListId="8c84fa94-04c1-424b-9868-57a2d4851a1d" />
    <TestEntry testId="c5e42185-ffae-1b1b-dd19-09b6047ff74a" executionId="f0b960f4-5be7-4d0f-a4ce-0064c592feb1" testListId="8c84fa94-04c1-424b-9868-57a2d4851a1d" />
    <TestEntry testId="b81e3b46-3e81-e335-bc9a-fabba3b3f59b" executionId="b6a3a75d-1742-4efd-b48f-20ecfecb13a1" testListId="8c84fa94-04c1-424b-9868-57a2d4851a1d" />
    <TestEntry testId="e5109588-f9ed-3927-f13c-4ccdeeb102ee" executionId="54438de1-a17a-4360-8c0f-fed5a8f509d5" testListId="8c84fa94-04c1-424b-9868-57a2d4851a1d" />
    <TestEntry testId="457280a2-0e68-62bc-6abe-dc5a12752300" executionId="3352fc79-f991-4b95-9e81-101739256b62" testListId="8c84fa94-04c1-424b-9868-57a2d4851a1d" />
    <TestEntry testId="7bd124e2-2cc1-f354-4834-4d3c24297282" executionId="1122abf2-be62-453b-b733-62308d025c08" testListId="8c84fa94-04c1-424b-9868-57a2d4851a1d" />
    <TestEntry testId="e7156a26-4b8a-014d-549b-eecb64210060" executionId="d25d5984-5fa1-4a6a-b90e-31c3c0c8dd8e" testListId="8c84fa94-04c1-424b-9868-57a2d4851a1d" />
    <TestEntry testId="a34639b7-add6-5251-006c-8865d6484d47" executionId="01a9fdaf-bb04-40a9-9b1b-c24399f0b48c" testListId="8c84fa94-04c1-424b-9868-57a2d4851a1d" />
    <TestEntry testId="60f3712d-e7f4-1c70-2b6e-c301a25c5d6d" executionId="fb435f56-0f43-4e48-b81c-a13112817df0" testListId="8c84fa94-04c1-424b-9868-57a2d4851a1d" />
    <TestEntry testId="df5bfa31-1cf3-7120-aa6c-99c8f90b58d8" executionId="acc99d18-9ad2-40dc-ac15-13c0aba0244d" testListId="8c84fa94-04c1-424b-9868-57a2d4851a1d" />
    <TestEntry testId="9be93861-31bf-0ae8-65e2-d4906adbf224" executionId="04a0e586-a4ed-489c-9724-95f4f32c5d1e" testListId="8c84fa94-04c1-424b-9868-57a2d4851a1d" />
    <TestEntry testId="07d3bd8e-73ff-abea-c853-cdefbff20355" executionId="37a312d5-42cc-4dfe-a50d-1e8c8a12e76d" testListId="8c84fa94-04c1-424b-9868-57a2d4851a1d" />
    <TestEntry testId="50560322-ead5-aa3f-eeee-81ed97dc12ca" executionId="8d1e0898-7d6f-44f8-b1bd-c14219acedbf" testListId="8c84fa94-04c1-424b-9868-57a2d4851a1d" />
  </TestEntries>
  <TestLists>
    <TestList name="Results Not in a List" id="8c84fa94-04c1-424b-9868-57a2d4851a1d" />
    <TestList name="All Loaded Results" id="19431567-8539-422a-85d7-44ee4e166bda" />
  </TestLists>
  <ResultSummary outcome="Completed">
    <Counters total="178" executed="178" passed="178" failed="0" error="0" timeout="0" aborted="0" inconclusive="0" passedButRunAborted="0" notRunnable="0" notExecuted="0" disconnected="0" warning="0" completed="0" inProgress="0" pending="0" />
  </ResultSummary>
</TestRun>