<?xml version="1.0" encoding="UTF-8"?>
<TestRun id="0caee3b3-371e-4b5f-a523-0eb6ab2414bf" name="bacemi@ICSWS068 2016-08-04 09:55:59" runUser="ICORE\bacemi" xmlns="http://microsoft.com/schemas/VisualStudio/TeamTest/2010">
  <Times creation="2016-08-04T09:55:59.9803741+02:00" queuing="2016-08-04T09:55:59.9803741+02:00" start="2016-08-04T09:55:59.5613258+02:00" finish="2016-08-04T09:56:16.8868065+02:00" />
  <TestSettings name="default" id="73e13fc0-b5d1-4c65-9d13-1688b046568f">
    <Execution>
      <TestTypeSpecific />
    </Execution>
    <Deployment runDeploymentRoot="bacemi_ICSWS068 2016-08-04 09_55_59" />
    <Properties />
  </TestSettings>
  <Results>
    <UnitTestResult executionId="d15d1b6d-01ec-449a-a749-834fb13e9c86" testId="3772e903-f3d6-b3cb-5be6-9b42200493d6" testName="SingleOperationFailed_StateIsMomentaryIssueDetected" computerName="ICSWS068" duration="00:00:00.0614097" startTime="2016-08-04T09:55:59.5613258+02:00" endTime="2016-08-04T09:55:59.8932066+02:00" testType="13cdc9d9-ddb5-4fa4-a97d-d965ccfc6d4b" outcome="Passed" testListId="8c84fa94-04c1-424b-9868-57a2d4851a1d" relativeResultsDirectory="d15d1b6d-01ec-449a-a749-834fb13e9c86" />
    <UnitTestResult executionId="5abbae7f-9b60-4cf0-84cd-266d6f41475f" testId="838bca0c-149b-69ce-0877-595502987a44" testName="MultipleOperationsFailedDuringProlongedTimeSpan_ProlongedIssueDetectedEmitted" computerName="ICSWS068" duration="00:00:00.0053224" startTime="2016-08-04T09:55:59.8962086+02:00" endTime="2016-08-04T09:55:59.9032135+02:00" testType="13cdc9d9-ddb5-4fa4-a97d-d965ccfc6d4b" outcome="Passed" testListId="8c84fa94-04c1-424b-9868-57a2d4851a1d" relativeResultsDirectory="5abbae7f-9b60-4cf0-84cd-266d6f41475f" />
    <UnitTestResult executionId="a76adf8b-750c-4f2b-b8ec-4375638ebea3" testId="388492bb-036a-ac6a-45b5-5659775bb922" testName="MultipleOperationsFailed_OusideProlongedTimeThreshold_OnlyMomentaryIssueDetectedEmitted" computerName="ICSWS068" duration="00:00:00.0005586" startTime="2016-08-04T09:55:59.9062161+02:00" endTime="2016-08-04T09:55:59.9082169+02:00" testType="13cdc9d9-ddb5-4fa4-a97d-d965ccfc6d4b" outcome="Passed" testListId="8c84fa94-04c1-424b-9868-57a2d4851a1d" relativeResultsDirectory="a76adf8b-750c-4f2b-b8ec-4375638ebea3" />
    <UnitTestResult executionId="e89b9508-2051-4d90-8902-10fa61b85e6c" testId="da9060ea-5434-07be-b0e5-012606175887" testName="OperationSucceeded_AfterOperationFailedButBeforeResolveTimeThresholdReached_StateIsMomentaryIssueDetected" computerName="ICSWS068" duration="00:00:00.0010193" startTime="2016-08-04T09:55:59.9107195+02:00" endTime="2016-08-04T09:55:59.9132207+02:00" testType="13cdc9d9-ddb5-4fa4-a97d-d965ccfc6d4b" outcome="Passed" testListId="8c84fa94-04c1-424b-9868-57a2d4851a1d" relativeResultsDirectory="e89b9508-2051-4d90-8902-10fa61b85e6c" />
    <UnitTestResult executionId="21334efe-c4e0-419d-b5fe-4fba9b1c7505" testId="c3b14c07-7c43-2c92-00e0-fdab0fdedac1" testName="OperationSucceeded_AfterOperationFailedAndAfterResolveTimeThreshold_StateIsNoIssueDetected" computerName="ICSWS068" duration="00:00:00.0003870" startTime="2016-08-04T09:55:59.9157224+02:00" endTime="2016-08-04T09:55:59.9172235+02:00" testType="13cdc9d9-ddb5-4fa4-a97d-d965ccfc6d4b" outcome="Passed" testListId="8c84fa94-04c1-424b-9868-57a2d4851a1d" relativeResultsDirectory="21334efe-c4e0-419d-b5fe-4fba9b1c7505" />
    <UnitTestResult executionId="af4d340a-6054-4cf7-b108-5619a381691a" testId="5b2f26e2-6cce-cfc3-0483-7c839e4bc7fc" testName="OperationSucceeded_AfterOperationFailedAndAfterResolveTimeThresholdWithRequiredConsecutiveSuccessesNotMet_StateIsMomentaryIssueDetected" computerName="ICSWS068" duration="00:00:00.0004052" startTime="2016-08-04T09:55:59.9197253+02:00" endTime="2016-08-04T09:55:59.9217273+02:00" testType="13cdc9d9-ddb5-4fa4-a97d-d965ccfc6d4b" outcome="Passed" testListId="8c84fa94-04c1-424b-9868-57a2d4851a1d" relativeResultsDirectory="af4d340a-6054-4cf7-b108-5619a381691a" />
    <UnitTestResult executionId="82618c89-54a2-4ff6-9eb5-88ea2ff1a898" testId="087f815a-c0ba-d8a0-804f-64e397c5e7fa" testName="OperationSucceeded_AfterOperationFailedAndAfterResolveTimeThresholdWithRequiredConsecutiveSuccessesMet_StateIsNoIssuesDetected" computerName="ICSWS068" duration="00:00:00.0003727" startTime="2016-08-04T09:55:59.9242287+02:00" endTime="2016-08-04T09:55:59.9262298+02:00" testType="13cdc9d9-ddb5-4fa4-a97d-d965ccfc6d4b" outcome="Passed" testListId="8c84fa94-04c1-424b-9868-57a2d4851a1d" relativeResultsDirectory="82618c89-54a2-4ff6-9eb5-88ea2ff1a898" />
    <UnitTestResult executionId="cce28561-37f1-4191-a73b-ec6caf91aa68" testId="e942b7af-a85d-750e-d8bb-35db730f2d37" testName="TwoConsecutiveOperationSucceeded_AfterProlongedIssueDetectedButBeforeResolutionTimeThresholdReached_StateBecomesNoIssuesDetectedOnlyAfterResolutionTimeHasPassed" computerName="ICSWS068" duration="00:00:00.0011697" startTime="2016-08-04T09:55:59.9287318+02:00" endTime="2016-08-04T09:55:59.9312339+02:00" testType="13cdc9d9-ddb5-4fa4-a97d-d965ccfc6d4b" outcome="Passed" testListId="8c84fa94-04c1-424b-9868-57a2d4851a1d" relativeResultsDirectory="cce28561-37f1-4191-a73b-ec6caf91aa68" />
    <UnitTestResult executionId="fd211661-5dfc-4cde-8cf9-4386d6df7945" testId="18b3ab7b-20d5-ca08-0fb7-618ab37fe798" testName="ManyInterleavedOperationReports_CorrectStateSequenceIsReturned" computerName="ICSWS068" duration="00:00:00.0010457" startTime="2016-08-04T09:55:59.9342359+02:00" endTime="2016-08-04T09:55:59.9362390+02:00" testType="13cdc9d9-ddb5-4fa4-a97d-d965ccfc6d4b" outcome="Passed" testListId="8c84fa94-04c1-424b-9868-57a2d4851a1d" relativeResultsDirectory="fd211661-5dfc-4cde-8cf9-4386d6df7945" />
    <UnitTestResult executionId="c1fa71f7-8f73-46a2-9ca2-f9f6fbcce3b9" testId="79e29642-28be-4a14-9463-efd9034ee9a9" testName="ManyInterleavedOperationReportsWithSubscription_CorrectStateSequenceIsReturned" computerName="ICSWS068" duration="00:00:00.0027955" startTime="2016-08-04T09:55:59.9392393+02:00" endTime="2016-08-04T09:55:59.9432422+02:00" testType="13cdc9d9-ddb5-4fa4-a97d-d965ccfc6d4b" outcome="Passed" testListId="8c84fa94-04c1-424b-9868-57a2d4851a1d" relativeResultsDirectory="c1fa71f7-8f73-46a2-9ca2-f9f6fbcce3b9" />
    <UnitTestResult executionId="db5f051a-7999-4f0a-8d3d-e1bd19d87122" testId="1a10b903-0598-7142-0b33-6cbe6b5d906a" testName="AddRef_NewObject_Returns1" computerName="ICSWS068" duration="00:00:00.0016879" startTime="2016-08-04T09:55:59.9467447+02:00" endTime="2016-08-04T09:55:59.9497643+02:00" testType="13cdc9d9-ddb5-4fa4-a97d-d965ccfc6d4b" outcome="Passed" testListId="8c84fa94-04c1-424b-9868-57a2d4851a1d" relativeResultsDirectory="db5f051a-7999-4f0a-8d3d-e1bd19d87122" />
    <UnitTestResult executionId="3bf40a7e-42e8-4551-b4d3-790d84a955b1" testId="19ada5d2-3132-647d-5689-95ffbeef970d" testName="AddRef_ObjectExistsWithRefCount1_Returns2" computerName="ICSWS068" duration="00:00:00.0001689" startTime="2016-08-04T09:55:59.9527681+02:00" endTime="2016-08-04T09:55:59.9542865+02:00" testType="13cdc9d9-ddb5-4fa4-a97d-d965ccfc6d4b" outcome="Passed" testListId="8c84fa94-04c1-424b-9868-57a2d4851a1d" relativeResultsDirectory="3bf40a7e-42e8-4551-b4d3-790d84a955b1" />
    <UnitTestResult executionId="7a3a609f-0b37-4af3-88d0-20c472ea7f0e" testId="520aa612-d686-01b5-c1ba-d837c5cdd33d" testName="IncRef_ObjectDoesNotExistInWh_Returns0" computerName="ICSWS068" duration="00:00:00.0005266" startTime="2016-08-04T09:55:59.9572883+02:00" endTime="2016-08-04T09:55:59.9597906+02:00" testType="13cdc9d9-ddb5-4fa4-a97d-d965ccfc6d4b" outcome="Passed" testListId="8c84fa94-04c1-424b-9868-57a2d4851a1d" relativeResultsDirectory="7a3a609f-0b37-4af3-88d0-20c472ea7f0e" />
    <UnitTestResult executionId="fbea8ae9-7f15-447b-8269-981f4aa0379e" testId="0b8c0782-f46f-f152-d392-3964fbecf1c5" testName="IncRef_ObjectExistsInWh_Returns2" computerName="ICSWS068" duration="00:00:00.0001950" startTime="2016-08-04T09:55:59.9623594+02:00" endTime="2016-08-04T09:55:59.9638620+02:00" testType="13cdc9d9-ddb5-4fa4-a97d-d965ccfc6d4b" outcome="Passed" testListId="8c84fa94-04c1-424b-9868-57a2d4851a1d" relativeResultsDirectory="fbea8ae9-7f15-447b-8269-981f4aa0379e" />
    <UnitTestResult executionId="6b1b9c17-8563-4e10-9270-daf97c5b9d2e" testId="63518bdb-31c7-514a-1e38-823970cc2c3d" testName="DelRef_ObjectDoesNotExistInWh_ReturnsMinus1" computerName="ICSWS068" duration="00:00:00.0013040" startTime="2016-08-04T09:55:59.9663638+02:00" endTime="2016-08-04T09:55:59.9688658+02:00" testType="13cdc9d9-ddb5-4fa4-a97d-d965ccfc6d4b" outcome="Passed" testListId="8c84fa94-04c1-424b-9868-57a2d4851a1d" relativeResultsDirectory="6b1b9c17-8563-4e10-9270-daf97c5b9d2e" />
    <UnitTestResult executionId="75fd47a6-64b0-463f-84a4-cad93a911788" testId="bf86be2a-20b8-05c5-1f71-c13c5f36a71d" testName="DelRef_ObjectExistsInWh_Returns0" computerName="ICSWS068" duration="00:00:00.0003492" startTime="2016-08-04T09:55:59.9713675+02:00" endTime="2016-08-04T09:55:59.9733689+02:00" testType="13cdc9d9-ddb5-4fa4-a97d-d965ccfc6d4b" outcome="Passed" testListId="8c84fa94-04c1-424b-9868-57a2d4851a1d" relativeResultsDirectory="75fd47a6-64b0-463f-84a4-cad93a911788" />
    <UnitTestResult executionId="6b19f652-2bf6-4dc7-9af9-fdb6513e99fb" testId="b5788398-659b-8931-2a19-38838d83577f" testName="DelRef_ObjectWithRefCount1_CallsDisposeOnObject" computerName="ICSWS068" duration="00:00:00.0004803" startTime="2016-08-04T09:55:59.9768718+02:00" endTime="2016-08-04T09:55:59.9788744+02:00" testType="13cdc9d9-ddb5-4fa4-a97d-d965ccfc6d4b" outcome="Passed" testListId="8c84fa94-04c1-424b-9868-57a2d4851a1d" relativeResultsDirectory="6b19f652-2bf6-4dc7-9af9-fdb6513e99fb" />
    <UnitTestResult executionId="95a3843c-a41d-4545-9a82-b860178804ac" testId="35cc3ac5-70e6-fb40-a164-867d7790ea24" testName="DelRef_ObjectWithRefCount1_Returns0" computerName="ICSWS068" duration="00:00:00.0001715" startTime="2016-08-04T09:55:59.9823758+02:00" endTime="2016-08-04T09:55:59.9833761+02:00" testType="13cdc9d9-ddb5-4fa4-a97d-d965ccfc6d4b" outcome="Passed" testListId="8c84fa94-04c1-424b-9868-57a2d4851a1d" relativeResultsDirectory="95a3843c-a41d-4545-9a82-b860178804ac" />
    <UnitTestResult executionId="c71dbac4-c02b-4f45-b780-3ba345e84e1d" testId="43c8ff4c-58a3-360c-4742-acbf2b48854a" testName="DelRef_ObjectWithRefCount2_DoesNotCallDisposeOnObject" computerName="ICSWS068" duration="00:00:00.0002762" startTime="2016-08-04T09:55:59.9858781+02:00" endTime="2016-08-04T09:55:59.9878795+02:00" testType="13cdc9d9-ddb5-4fa4-a97d-d965ccfc6d4b" outcome="Passed" testListId="8c84fa94-04c1-424b-9868-57a2d4851a1d" relativeResultsDirectory="c71dbac4-c02b-4f45-b780-3ba345e84e1d" />
    <UnitTestResult executionId="4c7ddd14-28ca-488e-9909-6f6a0d96b965" testId="309fdead-5106-5ed1-ab4c-844e95471767" testName="DelRef_ObjectWithRefCount2_Returns1" computerName="ICSWS068" duration="00:00:00.0001879" startTime="2016-08-04T09:55:59.9913821+02:00" endTime="2016-08-04T09:55:59.9929830+02:00" testType="13cdc9d9-ddb5-4fa4-a97d-d965ccfc6d4b" outcome="Passed" testListId="8c84fa94-04c1-424b-9868-57a2d4851a1d" relativeResultsDirectory="4c7ddd14-28ca-488e-9909-6f6a0d96b965" />
    <UnitTestResult executionId="6a32f649-3e7e-4fa4-a914-f3ebd985f3d4" testId="3f98af05-665c-02ef-9965-0eaf705ae76e" testName="DelRef_CalledTwiceOnObjectWithRefCount2_CallsDisposeOnObject" computerName="ICSWS068" duration="00:00:00.0002123" startTime="2016-08-04T09:55:59.9954832+02:00" endTime="2016-08-04T09:55:59.9969841+02:00" testType="13cdc9d9-ddb5-4fa4-a97d-d965ccfc6d4b" outcome="Passed" testListId="8c84fa94-04c1-424b-9868-57a2d4851a1d" relativeResultsDirectory="6a32f649-3e7e-4fa4-a914-f3ebd985f3d4" />
    <UnitTestResult executionId="03f39856-53fc-4500-b4e4-2032dbdcd7f1" testId="9d5f811e-8e13-f7c0-30e4-cc76aed208f8" testName="DelRef_CalledTwiceOnObjectWithRefCount2_Returns0" computerName="ICSWS068" duration="00:00:00.0002260" startTime="2016-08-04T09:56:00.0004869+02:00" endTime="2016-08-04T09:56:00.0019878+02:00" testType="13cdc9d9-ddb5-4fa4-a97d-d965ccfc6d4b" outcome="Passed" testListId="8c84fa94-04c1-424b-9868-57a2d4851a1d" relativeResultsDirectory="03f39856-53fc-4500-b4e4-2032dbdcd7f1" />
    <UnitTestResult executionId="b08590cf-2bec-469d-93aa-72b934475046" testId="e5cd8dc6-655d-fe37-736e-fed37be3fad2" testName="Dispose_SeveralObjectsInList_DisposeIsCalledOnAllObjects" computerName="ICSWS068" duration="00:00:00.0014498" startTime="2016-08-04T09:56:00.0049901+02:00" endTime="2016-08-04T09:56:00.0079924+02:00" testType="13cdc9d9-ddb5-4fa4-a97d-d965ccfc6d4b" outcome="Passed" testListId="8c84fa94-04c1-424b-9868-57a2d4851a1d" relativeResultsDirectory="b08590cf-2bec-469d-93aa-72b934475046">
      <Output>
        <StdOut>Debug Trace:
Warning: Object DisposableObject  in ReferenceWarehouse when disposing
Warning: Object DisposableObject  in ReferenceWarehouse when disposing
Warning: Object DisposableObject  in ReferenceWarehouse when disposing
Warning: Object DisposableObject  in ReferenceWarehouse when disposing
Warning: Object DisposableObject  in ReferenceWarehouse when disposing
Warning: Object DisposableObject  in ReferenceWarehouse when disposing
Warning: Object DisposableObject  in ReferenceWarehouse when disposing
Warning: Object DisposableObject  in ReferenceWarehouse when disposing
Warning: Object DisposableObject  in ReferenceWarehouse when disposing
Warning: Object DisposableObject  in ReferenceWarehouse when disposing</StdOut>
      </Output>
    </UnitTestResult>
    <UnitTestResult executionId="b736b1c5-4400-4e8b-9f62-ea9cb229247c" testId="2cdf81c2-2ea8-b6ed-8756-84f4b3f8bd8b" testName="DelRef_MultipleObjectsWithEqualHashCodesInList_CallsDisposeOnlyOnCorrectObject" computerName="ICSWS068" duration="00:00:00.0002384" startTime="2016-08-04T09:56:00.0119949+02:00" endTime="2016-08-04T09:56:00.0134964+02:00" testType="13cdc9d9-ddb5-4fa4-a97d-d965ccfc6d4b" outcome="Passed" testListId="8c84fa94-04c1-424b-9868-57a2d4851a1d" relativeResultsDirectory="b736b1c5-4400-4e8b-9f62-ea9cb229247c" />
    <UnitTestResult executionId="fa52c2d6-cabf-402d-aa2f-a8fb3e43cee8" testId="03d06537-739c-9358-6469-e7a7b91209ab" testName="AddRef_ObjectIsCollectedEvenIfItExistsInWarehouse" computerName="ICSWS068" duration="00:00:00.0105167" startTime="2016-08-04T09:56:00.0159978+02:00" endTime="2016-08-04T09:56:00.0280064+02:00" testType="13cdc9d9-ddb5-4fa4-a97d-d965ccfc6d4b" outcome="Passed" testListId="8c84fa94-04c1-424b-9868-57a2d4851a1d" relativeResultsDirectory="fa52c2d6-cabf-402d-aa2f-a8fb3e43cee8" />
    <UnitTestResult executionId="8b667e32-bb51-4c9a-863b-43afeb34dac7" testId="fb7e9df5-9933-ce14-5e0d-f8269828e248" testName="PurgeStaleReferences_DoesNotThrow" computerName="ICSWS068" duration="00:00:00.0046212" startTime="2016-08-04T09:56:00.0310087+02:00" endTime="2016-08-04T09:56:00.0370130+02:00" testType="13cdc9d9-ddb5-4fa4-a97d-d965ccfc6d4b" outcome="Passed" testListId="8c84fa94-04c1-424b-9868-57a2d4851a1d" relativeResultsDirectory="8b667e32-bb51-4c9a-863b-43afeb34dac7" />
    <UnitTestResult executionId="9f00881c-36dc-4ebc-9351-1607acf395d8" testId="94c82352-7133-b174-91e9-5f43ff01c9f9" testName="Constructor_NoStreamProvided_ArgumentNullExceptionRaised" computerName="ICSWS068" duration="00:00:00.0022559" startTime="2016-08-04T09:56:00.0405156+02:00" endTime="2016-08-04T09:56:00.0445181+02:00" testType="13cdc9d9-ddb5-4fa4-a97d-d965ccfc6d4b" outcome="Passed" testListId="8c84fa94-04c1-424b-9868-57a2d4851a1d" relativeResultsDirectory="9f00881c-36dc-4ebc-9351-1607acf395d8" />
    <UnitTestResult executionId="d014454f-6f1d-4ad4-a0e0-a75c9e2570b0" testId="c4fa1c76-6182-4953-ad94-ad1eee8dd58d" testName="Constructor_ClosedStreamProvided_ObjectDisposedExceptionRaised" computerName="ICSWS068" duration="00:00:00.0005372" startTime="2016-08-04T09:56:00.0470199+02:00" endTime="2016-08-04T09:56:00.0490222+02:00" testType="13cdc9d9-ddb5-4fa4-a97d-d965ccfc6d4b" outcome="Passed" testListId="8c84fa94-04c1-424b-9868-57a2d4851a1d" relativeResultsDirectory="d014454f-6f1d-4ad4-a0e0-a75c9e2570b0" />
    <UnitTestResult executionId="6d91000c-c158-4dff-8c19-2ac3984ff307" testId="210c2965-f887-c555-5d84-dd6a17626d98" testName="Constructor_ValidStreamProvided_Succeeds" computerName="ICSWS068" duration="00:00:00.0001510" startTime="2016-08-04T09:56:00.0510230+02:00" endTime="2016-08-04T09:56:00.0525242+02:00" testType="13cdc9d9-ddb5-4fa4-a97d-d965ccfc6d4b" outcome="Passed" testListId="8c84fa94-04c1-424b-9868-57a2d4851a1d" relativeResultsDirectory="6d91000c-c158-4dff-8c19-2ac3984ff307" />
    <UnitTestResult executionId="f1f45a8d-119e-4c03-a980-e929525b9c40" testId="5576c38e-8650-b7ae-0655-05d2233fa589" testName="Seek_FromBeginForward_Succeeds" computerName="ICSWS068" duration="00:00:00.0012700" startTime="2016-08-04T09:56:00.0550259+02:00" endTime="2016-08-04T09:56:00.0580279+02:00" testType="13cdc9d9-ddb5-4fa4-a97d-d965ccfc6d4b" outcome="Passed" testListId="8c84fa94-04c1-424b-9868-57a2d4851a1d" relativeResultsDirectory="f1f45a8d-119e-4c03-a980-e929525b9c40" />
    <UnitTestResult executionId="8112f1e3-21aa-4fd3-843f-245c9d94851e" testId="9b426732-b4e1-d5bc-99dc-c2352f330e72" testName="Seek_FromStartBeyondStart_IOExceptionRaised" computerName="ICSWS068" duration="00:00:00.0006381" startTime="2016-08-04T09:56:00.0610299+02:00" endTime="2016-08-04T09:56:00.0630313+02:00" testType="13cdc9d9-ddb5-4fa4-a97d-d965ccfc6d4b" outcome="Passed" testListId="8c84fa94-04c1-424b-9868-57a2d4851a1d" relativeResultsDirectory="8112f1e3-21aa-4fd3-843f-245c9d94851e" />
    <UnitTestResult executionId="c49e8c57-40ef-44f8-9d10-3f1b2e30ab09" testId="bb272a44-a04b-23a6-7e1c-b02c33cd977c" testName="Seek_FromStartBeyondEnd_Succeeds" computerName="ICSWS068" duration="00:00:00.0002087" startTime="2016-08-04T09:56:00.0660336+02:00" endTime="2016-08-04T09:56:00.0670342+02:00" testType="13cdc9d9-ddb5-4fa4-a97d-d965ccfc6d4b" outcome="Passed" testListId="8c84fa94-04c1-424b-9868-57a2d4851a1d" relativeResultsDirectory="c49e8c57-40ef-44f8-9d10-3f1b2e30ab09" />
    <UnitTestResult executionId="11081077-42d9-45fd-9ebc-687854ad74ea" testId="51c05d2b-aa2d-e4bb-1ea9-7e39cfc76730" testName="Seek_FromCurrentForward_Succeeds" computerName="ICSWS068" duration="00:00:00.0002976" startTime="2016-08-04T09:56:00.0695362+02:00" endTime="2016-08-04T09:56:00.0710370+02:00" testType="13cdc9d9-ddb5-4fa4-a97d-d965ccfc6d4b" outcome="Passed" testListId="8c84fa94-04c1-424b-9868-57a2d4851a1d" relativeResultsDirectory="11081077-42d9-45fd-9ebc-687854ad74ea" />
    <UnitTestResult executionId="0e865c9e-85fd-4600-9e4c-7d90c6a62f20" testId="63ca1df5-b500-ca00-4c59-e35b75bf0dac" testName="Seek_FromCurrentBackward_Succeeds" computerName="ICSWS068" duration="00:00:00.0002715" startTime="2016-08-04T09:56:00.0735396+02:00" endTime="2016-08-04T09:56:00.0750399+02:00" testType="13cdc9d9-ddb5-4fa4-a97d-d965ccfc6d4b" outcome="Passed" testListId="8c84fa94-04c1-424b-9868-57a2d4851a1d" relativeResultsDirectory="0e865c9e-85fd-4600-9e4c-7d90c6a62f20" />
    <UnitTestResult executionId="8727c786-f2f3-4ccd-934b-fa5e8cf6e3f3" testId="72a0ce69-4d0b-fda5-e562-b87b7b2e51b6" testName="Seek_FromCurrentBackwardBeyondStart_IOExceptionRaised" computerName="ICSWS068" duration="00:00:00.0005671" startTime="2016-08-04T09:56:00.0775419+02:00" endTime="2016-08-04T09:56:00.0795434+02:00" testType="13cdc9d9-ddb5-4fa4-a97d-d965ccfc6d4b" outcome="Passed" testListId="8c84fa94-04c1-424b-9868-57a2d4851a1d" relativeResultsDirectory="8727c786-f2f3-4ccd-934b-fa5e8cf6e3f3" />
    <UnitTestResult executionId="778fe069-75cc-4f0e-a61c-c4a0f1b91d92" testId="c4903f4c-1181-1a6d-8227-10fa25a6dacd" testName="Seek_FromCurrentForwardBeyondEnd_Succeeds" computerName="ICSWS068" duration="00:00:00.0002214" startTime="2016-08-04T09:56:00.0815445+02:00" endTime="2016-08-04T09:56:00.0830456+02:00" testType="13cdc9d9-ddb5-4fa4-a97d-d965ccfc6d4b" outcome="Passed" testListId="8c84fa94-04c1-424b-9868-57a2d4851a1d" relativeResultsDirectory="778fe069-75cc-4f0e-a61c-c4a0f1b91d92" />
    <UnitTestResult executionId="a699f296-e87f-417e-aaa0-18c0e52c8932" testId="e64385fb-9314-4627-10e3-b7ab602a0bf7" testName="Seek_FromEndBackwards_Succeeds" computerName="ICSWS068" duration="00:00:00.0002193" startTime="2016-08-04T09:56:00.0850471+02:00" endTime="2016-08-04T09:56:00.0865482+02:00" testType="13cdc9d9-ddb5-4fa4-a97d-d965ccfc6d4b" outcome="Passed" testListId="8c84fa94-04c1-424b-9868-57a2d4851a1d" relativeResultsDirectory="a699f296-e87f-417e-aaa0-18c0e52c8932" />
    <UnitTestResult executionId="361a9c69-c4de-4da7-969d-5afd47cb3ac0" testId="4e88c2e1-b581-92c8-103c-6badd66e2049" testName="Seek_FromEndBackwardsBeyondStart_IOExceptionRaised" computerName="ICSWS068" duration="00:00:00.0005982" startTime="2016-08-04T09:56:00.0895505+02:00" endTime="2016-08-04T09:56:00.0910514+02:00" testType="13cdc9d9-ddb5-4fa4-a97d-d965ccfc6d4b" outcome="Passed" testListId="8c84fa94-04c1-424b-9868-57a2d4851a1d" relativeResultsDirectory="361a9c69-c4de-4da7-969d-5afd47cb3ac0" />
    <UnitTestResult executionId="e779acb9-235c-4434-a530-cb543aa03ee8" testId="1848fa38-d493-ca8f-9824-da6b80f8c510" testName="Seek_FromEndBeyondEnd_IOExceptionRaised" computerName="ICSWS068" duration="00:00:00.0002419" startTime="2016-08-04T09:56:00.0940540+02:00" endTime="2016-08-04T09:56:00.0955548+02:00" testType="13cdc9d9-ddb5-4fa4-a97d-d965ccfc6d4b" outcome="Passed" testListId="8c84fa94-04c1-424b-9868-57a2d4851a1d" relativeResultsDirectory="e779acb9-235c-4434-a530-cb543aa03ee8" />
    <UnitTestResult executionId="1e12fb95-c6da-4955-88ef-aa3eaa851a21" testId="7f1911af-3a00-6c2c-3b40-49e29cde7efd" testName="SetLength_LengthIsNegativeValue_ArgumentOutOfRangeExceptionRaised" computerName="ICSWS068" duration="00:00:00.0006674" startTime="2016-08-04T09:56:00.0975735+02:00" endTime="2016-08-04T09:56:00.0995747+02:00" testType="13cdc9d9-ddb5-4fa4-a97d-d965ccfc6d4b" outcome="Passed" testListId="8c84fa94-04c1-424b-9868-57a2d4851a1d" relativeResultsDirectory="1e12fb95-c6da-4955-88ef-aa3eaa851a21" />
    <UnitTestResult executionId="9e14b87f-d609-4305-9b31-bfe27a154163" testId="def35367-12e0-b268-37fb-fbb8b200ca08" testName="SetLength_LengthIsPositivValue_LengthIsSet" computerName="ICSWS068" duration="00:00:00.0002932" startTime="2016-08-04T09:56:00.1015749+02:00" endTime="2016-08-04T09:56:00.1030617+02:00" testType="13cdc9d9-ddb5-4fa4-a97d-d965ccfc6d4b" outcome="Passed" testListId="8c84fa94-04c1-424b-9868-57a2d4851a1d" relativeResultsDirectory="9e14b87f-d609-4305-9b31-bfe27a154163" />
    <UnitTestResult executionId="08b52859-b6fe-4976-972b-fb846968ad02" testId="e5186b8b-4772-0be6-0545-88d0cf719b94" testName="Read_BufferProvided_DataWrittenToBuffer" computerName="ICSWS068" duration="00:00:00.0002483" startTime="2016-08-04T09:56:00.1060637+02:00" endTime="2016-08-04T09:56:00.1075684+02:00" testType="13cdc9d9-ddb5-4fa4-a97d-d965ccfc6d4b" outcome="Passed" testListId="8c84fa94-04c1-424b-9868-57a2d4851a1d" relativeResultsDirectory="08b52859-b6fe-4976-972b-fb846968ad02" />
    <UnitTestResult executionId="90fd8a96-350a-4561-8ae6-6153b203eff3" testId="a1833b70-0903-4fbb-6619-1d2b5d072bc6" testName="ReadByte_ReadingFromCurrentPositionToEnd_DataRead" computerName="ICSWS068" duration="00:00:00.0003020" startTime="2016-08-04T09:56:00.1100651+02:00" endTime="2016-08-04T09:56:00.1115803+02:00" testType="13cdc9d9-ddb5-4fa4-a97d-d965ccfc6d4b" outcome="Passed" testListId="8c84fa94-04c1-424b-9868-57a2d4851a1d" relativeResultsDirectory="90fd8a96-350a-4561-8ae6-6153b203eff3" />
    <UnitTestResult executionId="6a4b349a-2daf-47d4-a349-974996810c63" testId="5051b7fc-f45e-8fd9-d003-9ca8c6e36eae" testName="Write_BufferProvided_DataWrittenToStream" computerName="ICSWS068" duration="00:00:00.0003260" startTime="2016-08-04T09:56:00.1137780+02:00" endTime="2016-08-04T09:56:00.1152961+02:00" testType="13cdc9d9-ddb5-4fa4-a97d-d965ccfc6d4b" outcome="Passed" testListId="8c84fa94-04c1-424b-9868-57a2d4851a1d" relativeResultsDirectory="6a4b349a-2daf-47d4-a349-974996810c63" />
    <UnitTestResult executionId="51b3443b-afbb-4238-9800-283d8f5a3472" testId="cd773cbc-390b-20fb-d9db-27b8c52d9730" testName="WriteByte_WritingOneByteAtEnd_DataWrittenToStream" computerName="ICSWS068" duration="00:00:00.0002950" startTime="2016-08-04T09:56:00.1172984+02:00" endTime="2016-08-04T09:56:00.1187826+02:00" testType="13cdc9d9-ddb5-4fa4-a97d-d965ccfc6d4b" outcome="Passed" testListId="8c84fa94-04c1-424b-9868-57a2d4851a1d" relativeResultsDirectory="51b3443b-afbb-4238-9800-283d8f5a3472" />
    <UnitTestResult executionId="6e9b917b-4d3a-46b1-ac4d-4a05aec5a6dc" testId="c524b354-3020-0a36-e836-914778984b04" testName="Close_ClosingStream_StreamClosed" computerName="ICSWS068" duration="00:00:00.0004002" startTime="2016-08-04T09:56:00.1212837+02:00" endTime="2016-08-04T09:56:00.1229244+02:00" testType="13cdc9d9-ddb5-4fa4-a97d-d965ccfc6d4b" outcome="Passed" testListId="8c84fa94-04c1-424b-9868-57a2d4851a1d" relativeResultsDirectory="6e9b917b-4d3a-46b1-ac4d-4a05aec5a6dc" />
    <UnitTestResult executionId="928600ae-2b55-4682-af0d-e6fff21e879c" testId="357a783d-2591-703b-9e6a-23cc989f57ab" testName="Length_GetLength_Succeeds" computerName="ICSWS068" duration="00:00:00.0002126" startTime="2016-08-04T09:56:00.1259288+02:00" endTime="2016-08-04T09:56:00.1269302+02:00" testType="13cdc9d9-ddb5-4fa4-a97d-d965ccfc6d4b" outcome="Passed" testListId="8c84fa94-04c1-424b-9868-57a2d4851a1d" relativeResultsDirectory="928600ae-2b55-4682-af0d-e6fff21e879c" />
    <UnitTestResult executionId="5ecb0270-a8aa-4476-8c17-19a37f286669" testId="348305b4-4a93-00f4-90d1-0c5b438a5c4b" testName="Position_GetPosition_Succeeds" computerName="ICSWS068" duration="00:00:00.0003070" startTime="2016-08-04T09:56:00.1294311+02:00" endTime="2016-08-04T09:56:00.1309495+02:00" testType="13cdc9d9-ddb5-4fa4-a97d-d965ccfc6d4b" outcome="Passed" testListId="8c84fa94-04c1-424b-9868-57a2d4851a1d" relativeResultsDirectory="5ecb0270-a8aa-4476-8c17-19a37f286669" />
    <UnitTestResult executionId="9265f231-1319-427a-bab4-2165f2b58198" testId="ae3845ac-f01a-53de-eb31-331f2be16ce5" testName="Position_SetPosition_Succeeds" computerName="ICSWS068" duration="00:00:00.0002246" startTime="2016-08-04T09:56:00.1334392+02:00" endTime="2016-08-04T09:56:00.1349647+02:00" testType="13cdc9d9-ddb5-4fa4-a97d-d965ccfc6d4b" outcome="Passed" testListId="8c84fa94-04c1-424b-9868-57a2d4851a1d" relativeResultsDirectory="9265f231-1319-427a-bab4-2165f2b58198" />
    <UnitTestResult executionId="d596278a-a203-489c-b669-9336013074a2" testId="293713cf-8b44-fa61-28f2-3f3b625cc134" testName="CreateStaticInvoker_VoidMethodWithoutArguments" computerName="ICSWS068" duration="00:00:00.0036483" startTime="2016-08-04T09:56:00.1369415+02:00" endTime="2016-08-04T09:56:00.1419452+02:00" testType="13cdc9d9-ddb5-4fa4-a97d-d965ccfc6d4b" outcome="Passed" testListId="8c84fa94-04c1-424b-9868-57a2d4851a1d" relativeResultsDirectory="d596278a-a203-489c-b669-9336013074a2" />
    <UnitTestResult executionId="fdca8231-a7ec-4dae-861b-d90af0c3a02a" testId="cf3ffc82-1472-5fd7-bb27-624c3a9f05cb" testName="CreateStaticInvoker_IntMethodWitharguments" computerName="ICSWS068" duration="00:00:00.0009184" startTime="2016-08-04T09:56:00.1449472+02:00" endTime="2016-08-04T09:56:00.1469651+02:00" testType="13cdc9d9-ddb5-4fa4-a97d-d965ccfc6d4b" outcome="Passed" testListId="8c84fa94-04c1-424b-9868-57a2d4851a1d" relativeResultsDirectory="fdca8231-a7ec-4dae-861b-d90af0c3a02a" />
    <UnitTestResult executionId="664628e4-65d8-4be5-af15-ec40dc16cd6b" testId="5c782b39-04c6-335a-7af3-8716a66b8523" testName="CreateStaticInvokerOfT_IntMethodWitharguments" computerName="ICSWS068" duration="00:00:00.0017797" startTime="2016-08-04T09:56:00.1494507+02:00" endTime="2016-08-04T09:56:00.1524732+02:00" testType="13cdc9d9-ddb5-4fa4-a97d-d965ccfc6d4b" outcome="Passed" testListId="8c84fa94-04c1-424b-9868-57a2d4851a1d" relativeResultsDirectory="664628e4-65d8-4be5-af15-ec40dc16cd6b" />
    <UnitTestResult executionId="3bb9b8e5-4750-4796-aab3-fc24e330cd64" testId="bd33cdab-2009-cd16-2ce6-12417d5b89b7" testName="CreateInvoker_VoidMethodWithoutArguments" computerName="ICSWS068" duration="00:00:00.0017597" startTime="2016-08-04T09:56:00.1549567+02:00" endTime="2016-08-04T09:56:00.1579763+02:00" testType="13cdc9d9-ddb5-4fa4-a97d-d965ccfc6d4b" outcome="Passed" testListId="8c84fa94-04c1-424b-9868-57a2d4851a1d" relativeResultsDirectory="3bb9b8e5-4750-4796-aab3-fc24e330cd64" />
    <UnitTestResult executionId="730f9c68-2eeb-4713-9e85-ed15ade53d80" testId="7044fdef-bd18-4a04-7f1c-35be4c862268" testName="CreateInvoker_IntMethodWithoutArguments" computerName="ICSWS068" duration="00:00:00.0005935" startTime="2016-08-04T09:56:00.1604681+02:00" endTime="2016-08-04T09:56:00.1614798+02:00" testType="13cdc9d9-ddb5-4fa4-a97d-d965ccfc6d4b" outcome="Passed" testListId="8c84fa94-04c1-424b-9868-57a2d4851a1d" relativeResultsDirectory="730f9c68-2eeb-4713-9e85-ed15ade53d80" />
    <UnitTestResult executionId="794db6e4-4a90-44ac-ad33-dd7f07e5910d" testId="c3c63776-3706-bdef-a30f-ad2d9d82155a" testName="CreateInvoker_IntMethodWithArguments" computerName="ICSWS068" duration="00:00:00.0008210" startTime="2016-08-04T09:56:00.1649296+02:00" endTime="2016-08-04T09:56:00.1669298+02:00" testType="13cdc9d9-ddb5-4fa4-a97d-d965ccfc6d4b" outcome="Passed" testListId="8c84fa94-04c1-424b-9868-57a2d4851a1d" relativeResultsDirectory="794db6e4-4a90-44ac-ad33-dd7f07e5910d" />
    <UnitTestResult executionId="9f9fe36f-2965-4d34-8059-1ee7db95d955" testId="b02c9960-6e87-2898-0e7d-07a1cd3ea5b8" testName="CreateInvokerOfT_IntMethodWithoutArguments" computerName="ICSWS068" duration="00:00:00.0019037" startTime="2016-08-04T09:56:00.1694316+02:00" endTime="2016-08-04T09:56:00.1724383+02:00" testType="13cdc9d9-ddb5-4fa4-a97d-d965ccfc6d4b" outcome="Passed" testListId="8c84fa94-04c1-424b-9868-57a2d4851a1d" relativeResultsDirectory="9f9fe36f-2965-4d34-8059-1ee7db95d955" />
    <UnitTestResult executionId="60845f7e-de15-4581-ba57-a2a71f3cb7a9" testId="a37cb65b-1a96-5bb1-713b-44638b52a7cc" testName="CreateInvokerOfT_IntMethodWithArguments" computerName="ICSWS068" duration="00:00:00.0007744" startTime="2016-08-04T09:56:00.1764411+02:00" endTime="2016-08-04T09:56:00.1784423+02:00" testType="13cdc9d9-ddb5-4fa4-a97d-d965ccfc6d4b" outcome="Passed" testListId="8c84fa94-04c1-424b-9868-57a2d4851a1d" relativeResultsDirectory="60845f7e-de15-4581-ba57-a2a71f3cb7a9" />
    <UnitTestResult executionId="e5caa7c5-e085-4228-a19e-3390e33dfdf3" testId="5e43fafe-21d4-b2e2-8007-430bfdf3e33e" testName="CreateActivator_DefaultConstructor_ReturnsCorrectActivator" computerName="ICSWS068" duration="00:00:00.0017284" startTime="2016-08-04T09:56:00.1809434+02:00" endTime="2016-08-04T09:56:00.1837900+02:00" testType="13cdc9d9-ddb5-4fa4-a97d-d965ccfc6d4b" outcome="Passed" testListId="8c84fa94-04c1-424b-9868-57a2d4851a1d" relativeResultsDirectory="e5caa7c5-e085-4228-a19e-3390e33dfdf3" />
    <UnitTestResult executionId="919aba86-a9ae-4cbe-97d1-48327217ee86" testId="66389ea6-29e9-e053-15a1-5dde71e38f38" testName="CreateActivator_SingleParameterConstructor_ReturnsCorrectActivator" computerName="ICSWS068" duration="00:00:00.0006988" startTime="2016-08-04T09:56:00.1862932+02:00" endTime="2016-08-04T09:56:00.1882931+02:00" testType="13cdc9d9-ddb5-4fa4-a97d-d965ccfc6d4b" outcome="Passed" testListId="8c84fa94-04c1-424b-9868-57a2d4851a1d" relativeResultsDirectory="919aba86-a9ae-4cbe-97d1-48327217ee86" />
    <UnitTestResult executionId="dec73d54-4ffb-44f3-aead-ee31f058af63" testId="9b9e7d6d-da57-1c62-741d-ff0e3144d29d" testName="CreateActivator_MultiParameterConstructor_ReturnsCorrectActivator" computerName="ICSWS068" duration="00:00:00.0010181" startTime="2016-08-04T09:56:00.1907951+02:00" endTime="2016-08-04T09:56:00.1933177+02:00" testType="13cdc9d9-ddb5-4fa4-a97d-d965ccfc6d4b" outcome="Passed" testListId="8c84fa94-04c1-424b-9868-57a2d4851a1d" relativeResultsDirectory="dec73d54-4ffb-44f3-aead-ee31f058af63" />
    <UnitTestResult executionId="dd07d8d1-2039-4266-90f8-67d59254004f" testId="d82e002c-d25c-c5b4-c2e3-e7420c60c547" testName="CreateActivatorOfT_DefaultConstructor_ReturnsCorrectActivator" computerName="ICSWS068" duration="00:00:00.0014864" startTime="2016-08-04T09:56:00.1963021+02:00" endTime="2016-08-04T09:56:00.1988044+02:00" testType="13cdc9d9-ddb5-4fa4-a97d-d965ccfc6d4b" outcome="Passed" testListId="8c84fa94-04c1-424b-9868-57a2d4851a1d" relativeResultsDirectory="dd07d8d1-2039-4266-90f8-67d59254004f" />
    <UnitTestResult executionId="4bf480cf-b7ee-45f9-8825-7f7a874c1795" testId="b1f94884-8b3f-2e6e-2585-59b082eda87c" testName="CreateActivatorOfT_SingleParameterConstructor_ReturnsCorrectActivator" computerName="ICSWS068" duration="00:00:00.0005316" startTime="2016-08-04T09:56:00.2013061+02:00" endTime="2016-08-04T09:56:00.2033231+02:00" testType="13cdc9d9-ddb5-4fa4-a97d-d965ccfc6d4b" outcome="Passed" testListId="8c84fa94-04c1-424b-9868-57a2d4851a1d" relativeResultsDirectory="4bf480cf-b7ee-45f9-8825-7f7a874c1795" />
    <UnitTestResult executionId="8d7d1136-3d5b-474d-baf6-fb6aa176c6a7" testId="3524134e-d5c0-4221-f27d-4be9ad798c0d" testName="CreateActivatorOfT_MultiParameterConstructor_ReturnsCorrectActivator" computerName="ICSWS068" duration="00:00:00.0006451" startTime="2016-08-04T09:56:00.2058095+02:00" endTime="2016-08-04T09:56:00.2073256+02:00" testType="13cdc9d9-ddb5-4fa4-a97d-d965ccfc6d4b" outcome="Passed" testListId="8c84fa94-04c1-424b-9868-57a2d4851a1d" relativeResultsDirectory="8d7d1136-3d5b-474d-baf6-fb6aa176c6a7" />
    <UnitTestResult executionId="58c5cbfd-d5c9-4b7e-bff1-901afa690f86" testId="f306f413-be37-0de3-39ca-bd5f58bf3671" testName="CreateActivatorFromType_SingleParameterConstructor_ReturnsCorrectActivator" computerName="ICSWS068" duration="00:00:00.0012662" startTime="2016-08-04T09:56:00.2098118+02:00" endTime="2016-08-04T09:56:00.2123176+02:00" testType="13cdc9d9-ddb5-4fa4-a97d-d965ccfc6d4b" outcome="Passed" testListId="8c84fa94-04c1-424b-9868-57a2d4851a1d" relativeResultsDirectory="58c5cbfd-d5c9-4b7e-bff1-901afa690f86" />
    <UnitTestResult executionId="ec6c73ea-4c23-48f9-b66f-26d7862574c6" testId="9e5b832b-f93c-c6c7-71fd-95ff31a2617b" testName="CreateActivatorFromType_MultiParameterConstructor_ReturnsCorrectActivator" computerName="ICSWS068" duration="00:00:00.0009776" startTime="2016-08-04T09:56:00.2163196+02:00" endTime="2016-08-04T09:56:00.2188222+02:00" testType="13cdc9d9-ddb5-4fa4-a97d-d965ccfc6d4b" outcome="Passed" testListId="8c84fa94-04c1-424b-9868-57a2d4851a1d" relativeResultsDirectory="ec6c73ea-4c23-48f9-b66f-26d7862574c6" />
    <UnitTestResult executionId="167b8ee5-a867-4454-a6a9-b39ceccd6b86" testId="57098eb8-30b8-488b-4008-d0782262ca6e" testName="DefaultConstructor_CountIsZero" computerName="ICSWS068" duration="00:00:00.0008615" startTime="2016-08-04T09:56:00.2208239+02:00" endTime="2016-08-04T09:56:00.2238060+02:00" testType="13cdc9d9-ddb5-4fa4-a97d-d965ccfc6d4b" outcome="Passed" testListId="8c84fa94-04c1-424b-9868-57a2d4851a1d" relativeResultsDirectory="167b8ee5-a867-4454-a6a9-b39ceccd6b86" />
    <UnitTestResult executionId="46925ef6-be76-4a3f-b318-f24d7e608ba1" testId="2132a45e-f7e9-377f-cc76-09850c1293a3" testName="Constructor_NegativeCapacity_ThrowsArgumentOutOfRangeException" computerName="ICSWS068" duration="00:00:00.0006325" startTime="2016-08-04T09:56:00.2263092+02:00" endTime="2016-08-04T09:56:00.2283103+02:00" testType="13cdc9d9-ddb5-4fa4-a97d-d965ccfc6d4b" outcome="Passed" testListId="8c84fa94-04c1-424b-9868-57a2d4851a1d" relativeResultsDirectory="46925ef6-be76-4a3f-b318-f24d7e608ba1" />
    <UnitTestResult executionId="b467f565-34e8-4eb2-9269-7c3d919688fd" testId="a139e32b-bb08-29a0-6100-0ac1294437f6" testName="Constructor_ZeroCapacity_CapacityIsZero" computerName="ICSWS068" duration="00:00:00.0002398" startTime="2016-08-04T09:56:00.2318167+02:00" endTime="2016-08-04T09:56:00.2333193+02:00" testType="13cdc9d9-ddb5-4fa4-a97d-d965ccfc6d4b" outcome="Passed" testListId="8c84fa94-04c1-424b-9868-57a2d4851a1d" relativeResultsDirectory="b467f565-34e8-4eb2-9269-7c3d919688fd" />
    <UnitTestResult executionId="90762f14-1f80-454c-b4a8-21b35fdbf174" testId="c5c16005-dfe0-ce25-821f-83576c403f1b" testName="Constructor_PositiveCapacity_CapacityIsSet" computerName="ICSWS068" duration="00:00:00.0001607" startTime="2016-08-04T09:56:00.2358193+02:00" endTime="2016-08-04T09:56:00.2373222+02:00" testType="13cdc9d9-ddb5-4fa4-a97d-d965ccfc6d4b" outcome="Passed" testListId="8c84fa94-04c1-424b-9868-57a2d4851a1d" relativeResultsDirectory="90762f14-1f80-454c-b4a8-21b35fdbf174" />
    <UnitTestResult executionId="5b58b0ff-9fe2-4bfd-a8ef-c244bb85de7d" testId="704b5f99-97bc-8bcd-1bad-d5ee5da063fd" testName="Constructor_PositiveCapacity_CountIsZero" computerName="ICSWS068" duration="00:00:00.0001709" startTime="2016-08-04T09:56:00.2403236+02:00" endTime="2016-08-04T09:56:00.2418300+02:00" testType="13cdc9d9-ddb5-4fa4-a97d-d965ccfc6d4b" outcome="Passed" testListId="8c84fa94-04c1-424b-9868-57a2d4851a1d" relativeResultsDirectory="5b58b0ff-9fe2-4bfd-a8ef-c244bb85de7d" />
    <UnitTestResult executionId="e4347f24-9377-4cbb-8465-0f02d073b116" testId="1a537d4a-65a3-2316-d608-7d6de63248f2" testName="Constructor_NullEnumerable_ThrowsArgumentNullException" computerName="ICSWS068" duration="00:00:00.0006812" startTime="2016-08-04T09:56:00.2443303+02:00" endTime="2016-08-04T09:56:00.2463332+02:00" testType="13cdc9d9-ddb5-4fa4-a97d-d965ccfc6d4b" outcome="Passed" testListId="8c84fa94-04c1-424b-9868-57a2d4851a1d" relativeResultsDirectory="e4347f24-9377-4cbb-8465-0f02d073b116" />
    <UnitTestResult executionId="c441243a-88b2-4a68-b23e-95e7160790a1" testId="22676257-8586-099f-26d7-eda62e545e6b" testName="Constructor_EmptyEnumerable_CountIsZero" computerName="ICSWS068" duration="00:00:00.0002882" startTime="2016-08-04T09:56:00.2488337+02:00" endTime="2016-08-04T09:56:00.2508355+02:00" testType="13cdc9d9-ddb5-4fa4-a97d-d965ccfc6d4b" outcome="Passed" testListId="8c84fa94-04c1-424b-9868-57a2d4851a1d" relativeResultsDirectory="c441243a-88b2-4a68-b23e-95e7160790a1" />
    <UnitTestResult executionId="63ebf394-06fa-4070-bb4d-0699b1774af7" testId="4408e608-c43f-fa54-c838-9a164870f71f" testName="Constructor_NonEmptyEnumerable_CountMatches" computerName="ICSWS068" duration="00:00:00.0002199" startTime="2016-08-04T09:56:00.2532938+02:00" endTime="2016-08-04T09:56:00.2547955+02:00" testType="13cdc9d9-ddb5-4fa4-a97d-d965ccfc6d4b" outcome="Passed" testListId="8c84fa94-04c1-424b-9868-57a2d4851a1d" relativeResultsDirectory="63ebf394-06fa-4070-bb4d-0699b1774af7" />
    <UnitTestResult executionId="4462bd51-2b29-44fc-bf82-21d2a711472d" testId="e414bda4-c775-d4f0-b93a-0ae6161a3543" testName="Constructor_NonEmptySequence_SequencesAreEqual" computerName="ICSWS068" duration="00:00:00.0008894" startTime="2016-08-04T09:56:00.2582972+02:00" endTime="2016-08-04T09:56:00.2607998+02:00" testType="13cdc9d9-ddb5-4fa4-a97d-d965ccfc6d4b" outcome="Passed" testListId="8c84fa94-04c1-424b-9868-57a2d4851a1d" relativeResultsDirectory="4462bd51-2b29-44fc-bf82-21d2a711472d" />
    <UnitTestResult executionId="6b21d944-e19a-41dc-8305-83559ab176a6" testId="34ac57ee-102a-2cff-90f8-dc836265d823" testName="Constructor_NonEmptySequence_CapacityIsNotLessThanCount" computerName="ICSWS068" duration="00:00:00.0001926" startTime="2016-08-04T09:56:00.2634320+02:00" endTime="2016-08-04T09:56:00.2649338+02:00" testType="13cdc9d9-ddb5-4fa4-a97d-d965ccfc6d4b" outcome="Passed" testListId="8c84fa94-04c1-424b-9868-57a2d4851a1d" relativeResultsDirectory="6b21d944-e19a-41dc-8305-83559ab176a6" />
    <UnitTestResult executionId="b8e83b49-0d2b-43f8-a1a0-d2f837e2ab70" testId="0ccb8e61-91cc-3b74-b7ee-a199eae0e2c8" testName="PushBack_EmptyDeque_CountIsOne" computerName="ICSWS068" duration="00:00:00.0005689" startTime="2016-08-04T09:56:00.2669581+02:00" endTime="2016-08-04T09:56:00.2684513+02:00" testType="13cdc9d9-ddb5-4fa4-a97d-d965ccfc6d4b" outcome="Passed" testListId="8c84fa94-04c1-424b-9868-57a2d4851a1d" relativeResultsDirectory="b8e83b49-0d2b-43f8-a1a0-d2f837e2ab70" />
    <UnitTestResult executionId="db515c85-bb72-447f-9d77-e3bddbec6ef8" testId="838550a9-9df7-2ddc-8b72-59a68ea818be" testName="PushBack_EmptyDeque_SequenceConsistsOfElement" computerName="ICSWS068" duration="00:00:00.0001689" startTime="2016-08-04T09:56:00.2709375+02:00" endTime="2016-08-04T09:56:00.2723454+02:00" testType="13cdc9d9-ddb5-4fa4-a97d-d965ccfc6d4b" outcome="Passed" testListId="8c84fa94-04c1-424b-9868-57a2d4851a1d" relativeResultsDirectory="db515c85-bb72-447f-9d77-e3bddbec6ef8" />
    <UnitTestResult executionId="0ea6d45d-1e1d-41a8-bb82-cd7aabbfc603" testId="784ed5a7-0bda-c7e3-6727-51506539b899" testName="PushBack_NonEmptySequence_CountIsIncremented" computerName="ICSWS068" duration="00:00:00.0002029" startTime="2016-08-04T09:56:00.2743656+02:00" endTime="2016-08-04T09:56:00.2758509+02:00" testType="13cdc9d9-ddb5-4fa4-a97d-d965ccfc6d4b" outcome="Passed" testListId="8c84fa94-04c1-424b-9868-57a2d4851a1d" relativeResultsDirectory="0ea6d45d-1e1d-41a8-bb82-cd7aabbfc603" />
    <UnitTestResult executionId="c0a5942b-ff6d-4219-b52f-a93d512a1c8e" testId="60845b78-8768-e7ef-0029-cde297a53cd2" testName="PushBack_NonEmptySequence_SequenceMatchesExpected" computerName="ICSWS068" duration="00:00:00.0001818" startTime="2016-08-04T09:56:00.2783529+02:00" endTime="2016-08-04T09:56:00.2798693+02:00" testType="13cdc9d9-ddb5-4fa4-a97d-d965ccfc6d4b" outcome="Passed" testListId="8c84fa94-04c1-424b-9868-57a2d4851a1d" relativeResultsDirectory="c0a5942b-ff6d-4219-b52f-a93d512a1c8e" />
    <UnitTestResult executionId="a2a844e1-c46e-42cb-9c48-4a81fd95d025" testId="95dadaaa-04c5-825e-98e5-266fd15361df" testName="PushFront_EmptyDeque_CountIsOne" computerName="ICSWS068" duration="00:00:00.0003175" startTime="2016-08-04T09:56:00.2824182+02:00" endTime="2016-08-04T09:56:00.2844214+02:00" testType="13cdc9d9-ddb5-4fa4-a97d-d965ccfc6d4b" outcome="Passed" testListId="8c84fa94-04c1-424b-9868-57a2d4851a1d" relativeResultsDirectory="a2a844e1-c46e-42cb-9c48-4a81fd95d025" />
    <UnitTestResult executionId="cd7a0442-a8a3-4b84-9782-f4d67feb0b69" testId="4080c07f-bef7-4c7a-f553-08adde06e319" testName="PushFront_EmptyDeque_SequenceConsistsOfElement" computerName="ICSWS068" duration="00:00:00.0001533" startTime="2016-08-04T09:56:00.2864407+02:00" endTime="2016-08-04T09:56:00.2879401+02:00" testType="13cdc9d9-ddb5-4fa4-a97d-d965ccfc6d4b" outcome="Passed" testListId="8c84fa94-04c1-424b-9868-57a2d4851a1d" relativeResultsDirectory="cd7a0442-a8a3-4b84-9782-f4d67feb0b69" />
    <UnitTestResult executionId="e2c417ca-3e28-4b48-bf1e-506922b7dcb1" testId="64591c8f-6104-de12-3b33-2ee48c30cc3a" testName="PushFront_NonEmptySequence_CountIsIncremented" computerName="ICSWS068" duration="00:00:00.0002205" startTime="2016-08-04T09:56:00.2904263+02:00" endTime="2016-08-04T09:56:00.2919427+02:00" testType="13cdc9d9-ddb5-4fa4-a97d-d965ccfc6d4b" outcome="Passed" testListId="8c84fa94-04c1-424b-9868-57a2d4851a1d" relativeResultsDirectory="e2c417ca-3e28-4b48-bf1e-506922b7dcb1" />
    <UnitTestResult executionId="681c8aad-0fa5-443f-a1d5-f3551d99dff5" testId="d972630d-2122-0a20-8e4c-c0f30e791c0d" testName="PushFront_NonEmptySequence_SequenceMatchesExpected" computerName="ICSWS068" duration="00:00:00.0002161" startTime="2016-08-04T09:56:00.2944289+02:00" endTime="2016-08-04T09:56:00.2964309+02:00" testType="13cdc9d9-ddb5-4fa4-a97d-d965ccfc6d4b" outcome="Passed" testListId="8c84fa94-04c1-424b-9868-57a2d4851a1d" relativeResultsDirectory="681c8aad-0fa5-443f-a1d5-f3551d99dff5" />
    <UnitTestResult executionId="c86c561c-c96e-497e-8a8b-cdaeb1bd0608" testId="ec7169bc-f284-26f8-5a83-c2cace403865" testName="PopBack_EmptySequence_ThrowsInvalidOperationException" computerName="ICSWS068" duration="00:00:00.0006688" startTime="2016-08-04T09:56:00.2989543+02:00" endTime="2016-08-04T09:56:00.3009493+02:00" testType="13cdc9d9-ddb5-4fa4-a97d-d965ccfc6d4b" outcome="Passed" testListId="8c84fa94-04c1-424b-9868-57a2d4851a1d" relativeResultsDirectory="c86c561c-c96e-497e-8a8b-cdaeb1bd0608" />
    <UnitTestResult executionId="1050dd6f-58e3-49e7-b85c-23b6f409ba18" testId="2951802f-8248-9ac6-6242-8130b7b1c4a8" testName="PopBack_NonEmptySequence_ReturnsLastItemInList" computerName="ICSWS068" duration="00:00:00.0001964" startTime="2016-08-04T09:56:00.3034366+02:00" endTime="2016-08-04T09:56:00.3049363+02:00" testType="13cdc9d9-ddb5-4fa4-a97d-d965ccfc6d4b" outcome="Passed" testListId="8c84fa94-04c1-424b-9868-57a2d4851a1d" relativeResultsDirectory="1050dd6f-58e3-49e7-b85c-23b6f409ba18" />
    <UnitTestResult executionId="6b81d107-7ddd-4455-9205-9f4b68223f32" testId="4cb5a92c-6050-800b-d775-6c18e1c18361" testName="PopBack_NonEmptySequence_CountIsDecremented" computerName="ICSWS068" duration="00:00:00.0002029" startTime="2016-08-04T09:56:00.3079383+02:00" endTime="2016-08-04T09:56:00.3094406+02:00" testType="13cdc9d9-ddb5-4fa4-a97d-d965ccfc6d4b" outcome="Passed" testListId="8c84fa94-04c1-424b-9868-57a2d4851a1d" relativeResultsDirectory="6b81d107-7ddd-4455-9205-9f4b68223f32" />
    <UnitTestResult executionId="2e93731e-ca99-44a0-885c-e4f4c6b8a8c4" testId="b933a881-8c36-c538-8002-6e5144a4fd63" testName="PopBack_NonEmptySequence_SequenceIsCorrect" computerName="ICSWS068" duration="00:00:00.0014284" startTime="2016-08-04T09:56:00.3114418+02:00" endTime="2016-08-04T09:56:00.3145165+02:00" testType="13cdc9d9-ddb5-4fa4-a97d-d965ccfc6d4b" outcome="Passed" testListId="8c84fa94-04c1-424b-9868-57a2d4851a1d" relativeResultsDirectory="2e93731e-ca99-44a0-885c-e4f4c6b8a8c4" />
    <UnitTestResult executionId="47901e80-0f37-4587-a12f-8f8240515202" testId="caf0135c-3b19-a12d-fdd8-1cc649b5da8f" testName="PopFront_EmptySequence_ThrowsInvalidOperationException" computerName="ICSWS068" duration="00:00:00.0006301" startTime="2016-08-04T09:56:00.3165188+02:00" endTime="2016-08-04T09:56:00.3185355+02:00" testType="13cdc9d9-ddb5-4fa4-a97d-d965ccfc6d4b" outcome="Passed" testListId="8c84fa94-04c1-424b-9868-57a2d4851a1d" relativeResultsDirectory="47901e80-0f37-4587-a12f-8f8240515202" />
    <UnitTestResult executionId="e2f3d5ce-46d0-4699-b3ad-aad9a6015ce9" testId="880edbfa-c44b-d7a6-b1ee-b557855b363a" testName="PopFront_NonEmptySequence_ReturnsFirstItemInList" computerName="ICSWS068" duration="00:00:00.0002058" startTime="2016-08-04T09:56:00.3205378+02:00" endTime="2016-08-04T09:56:00.3226961+02:00" testType="13cdc9d9-ddb5-4fa4-a97d-d965ccfc6d4b" outcome="Passed" testListId="8c84fa94-04c1-424b-9868-57a2d4851a1d" relativeResultsDirectory="e2f3d5ce-46d0-4699-b3ad-aad9a6015ce9" />
    <UnitTestResult executionId="d441b0d3-ae3f-4a60-8614-c3b8320f6992" testId="5824c7ed-c1cd-304c-31d9-d4342965f356" testName="PopFront_NonEmptySequence_CountIsDecremented" computerName="ICSWS068" duration="00:00:00.0001906" startTime="2016-08-04T09:56:00.3252005+02:00" endTime="2016-08-04T09:56:00.3267172+02:00" testType="13cdc9d9-ddb5-4fa4-a97d-d965ccfc6d4b" outcome="Passed" testListId="8c84fa94-04c1-424b-9868-57a2d4851a1d" relativeResultsDirectory="d441b0d3-ae3f-4a60-8614-c3b8320f6992" />
    <UnitTestResult executionId="12c5f9c0-5071-44bb-b787-0aa370912594" testId="389aa43e-edc4-40b8-987f-7e067f05de67" testName="PopFront_NonEmptySequence_SequenceIsCorrect" computerName="ICSWS068" duration="00:00:00.0013870" startTime="2016-08-04T09:56:00.3287039+02:00" endTime="2016-08-04T09:56:00.3312065+02:00" testType="13cdc9d9-ddb5-4fa4-a97d-d965ccfc6d4b" outcome="Passed" testListId="8c84fa94-04c1-424b-9868-57a2d4851a1d" relativeResultsDirectory="12c5f9c0-5071-44bb-b787-0aa370912594" />
    <UnitTestResult executionId="cd3d1599-3f8c-4e52-8cc1-a1fb85237b91" testId="e50d9812-a5dd-7278-5497-e1d83f49407a" testName="Contains_EmptySequence_ReturnsFalse" computerName="ICSWS068" duration="00:00:00.0004888" startTime="2016-08-04T09:56:00.3340801+02:00" endTime="2016-08-04T09:56:00.3355985+02:00" testType="13cdc9d9-ddb5-4fa4-a97d-d965ccfc6d4b" outcome="Passed" testListId="8c84fa94-04c1-424b-9868-57a2d4851a1d" relativeResultsDirectory="cd3d1599-3f8c-4e52-8cc1-a1fb85237b91" />
    <UnitTestResult executionId="57421eb6-ed7a-4de6-bee5-b126d68926ed" testId="78419f03-9e05-eb55-59cc-822ce6a1f2a7" testName="Contains_NullArgumentWithoutNullInSequence_ReturnsFalse" computerName="ICSWS068" duration="00:00:00.0012152" startTime="2016-08-04T09:56:00.3380829+02:00" endTime="2016-08-04T09:56:00.3405861+02:00" testType="13cdc9d9-ddb5-4fa4-a97d-d965ccfc6d4b" outcome="Passed" testListId="8c84fa94-04c1-424b-9868-57a2d4851a1d" relativeResultsDirectory="57421eb6-ed7a-4de6-bee5-b126d68926ed" />
    <UnitTestResult executionId="a3ce911f-d3c5-4ee6-86db-58788bfd1428" testId="2bf48edb-aeee-b331-657b-5160fad3b848" testName="Contains_NullArgumentWithNullInSequence_ReturnsTrue" computerName="ICSWS068" duration="00:00:00.0001627" startTime="2016-08-04T09:56:00.3435881+02:00" endTime="2016-08-04T09:56:00.3451057+02:00" testType="13cdc9d9-ddb5-4fa4-a97d-d965ccfc6d4b" outcome="Passed" testListId="8c84fa94-04c1-424b-9868-57a2d4851a1d" relativeResultsDirectory="a3ce911f-d3c5-4ee6-86db-58788bfd1428" />
    <UnitTestResult executionId="b61c5d5e-595a-4f8a-b586-95e5def77640" testId="fd71484c-6a5b-412c-4bb5-900b0d0d1c34" testName="Contains_ArgumentThatExistsInSequence_ReturnsTrue" computerName="ICSWS068" duration="00:00:00.0001595" startTime="2016-08-04T09:56:00.3470898+02:00" endTime="2016-08-04T09:56:00.3485910+02:00" testType="13cdc9d9-ddb5-4fa4-a97d-d965ccfc6d4b" outcome="Passed" testListId="8c84fa94-04c1-424b-9868-57a2d4851a1d" relativeResultsDirectory="b61c5d5e-595a-4f8a-b586-95e5def77640" />
    <UnitTestResult executionId="8becd18a-5721-4e89-9ada-2071d52490c2" testId="46eedb58-eb6a-1694-f495-d1f4227ea516" testName="Contains_ComparerProvided_UsesComparer" computerName="ICSWS068" duration="00:00:00.0012847" startTime="2016-08-04T09:56:00.3506085+02:00" endTime="2016-08-04T09:56:00.3531296+02:00" testType="13cdc9d9-ddb5-4fa4-a97d-d965ccfc6d4b" outcome="Passed" testListId="8c84fa94-04c1-424b-9868-57a2d4851a1d" relativeResultsDirectory="8becd18a-5721-4e89-9ada-2071d52490c2" />
    <UnitTestResult executionId="472a0d0a-0afc-46c8-b582-79bb0cceaddc" testId="069008d5-aab7-b0ef-f729-1cf1dae6a23d" testName="PushBackAndPushFront_MultipleInterleavedInvocations_ResultingSequenceIsCorrect" computerName="ICSWS068" duration="00:00:00.0002624" startTime="2016-08-04T09:56:00.3556140+02:00" endTime="2016-08-04T09:56:00.3571169+02:00" testType="13cdc9d9-ddb5-4fa4-a97d-d965ccfc6d4b" outcome="Passed" testListId="8c84fa94-04c1-424b-9868-57a2d4851a1d" relativeResultsDirectory="472a0d0a-0afc-46c8-b582-79bb0cceaddc" />
    <UnitTestResult executionId="9056d1dd-acfd-4eda-82c1-bf9b8f35f87f" testId="84c9d5c7-12b7-c334-226f-5a0ccde788fa" testName="PopFrontAndPopBack_InterleavedOperations_ResultsAreCorrect" computerName="ICSWS068" duration="00:00:00.0003340" startTime="2016-08-04T09:56:00.3596339+02:00" endTime="2016-08-04T09:56:00.3611342+02:00" testType="13cdc9d9-ddb5-4fa4-a97d-d965ccfc6d4b" outcome="Passed" testListId="8c84fa94-04c1-424b-9868-57a2d4851a1d" relativeResultsDirectory="9056d1dd-acfd-4eda-82c1-bf9b8f35f87f" />
    <UnitTestResult executionId="91d44b8f-8312-46d2-990c-4f597b0ed3f7" testId="7a08bd8e-8560-3ce9-adf0-c221fb8e168b" testName="PushAndPop_ResultingSequenceIsCorrect" computerName="ICSWS068" duration="00:00:00.0003782" startTime="2016-08-04T09:56:00.3634476+02:00" endTime="2016-08-04T09:56:00.3649508+02:00" testType="13cdc9d9-ddb5-4fa4-a97d-d965ccfc6d4b" outcome="Passed" testListId="8c84fa94-04c1-424b-9868-57a2d4851a1d" relativeResultsDirectory="91d44b8f-8312-46d2-990c-4f597b0ed3f7" />
    <UnitTestResult executionId="f3caa533-d453-46c2-8130-e3e3e62d1f87" testId="1435847f-823f-6ef8-7c1a-19f17cc59956" testName="PushAndPop_ResultingSequenceIsCorrectByIndex" computerName="ICSWS068" duration="00:00:00.0005759" startTime="2016-08-04T09:56:00.3674499+02:00" endTime="2016-08-04T09:56:00.3694364+02:00" testType="13cdc9d9-ddb5-4fa4-a97d-d965ccfc6d4b" outcome="Passed" testListId="8c84fa94-04c1-424b-9868-57a2d4851a1d" relativeResultsDirectory="f3caa533-d453-46c2-8130-e3e3e62d1f87" />
    <UnitTestResult executionId="9b3bfb39-b4c5-4477-ba8f-fd4a4d3875c6" testId="4b52899d-7bb8-3677-fac4-3a1561dcb6b2" testName="Item_NegativeIndex_ThrowsArgumentOutOfRangeException" computerName="ICSWS068" duration="00:00:00.0006246" startTime="2016-08-04T09:56:00.3719375+02:00" endTime="2016-08-04T09:56:00.3744392+02:00" testType="13cdc9d9-ddb5-4fa4-a97d-d965ccfc6d4b" outcome="Passed" testListId="8c84fa94-04c1-424b-9868-57a2d4851a1d" relativeResultsDirectory="9b3bfb39-b4c5-4477-ba8f-fd4a4d3875c6" />
    <UnitTestResult executionId="22bfa41a-405e-499e-aa43-e5d98cd759db" testId="15e00175-d0cd-93cd-2024-bf5045e94764" testName="Item_InvalidIndex_ThrowsArgumentOutOfRangeException" computerName="ICSWS068" duration="00:00:00.0005985" startTime="2016-08-04T09:56:00.3769424+02:00" endTime="2016-08-04T09:56:00.3784597+02:00" testType="13cdc9d9-ddb5-4fa4-a97d-d965ccfc6d4b" outcome="Passed" testListId="8c84fa94-04c1-424b-9868-57a2d4851a1d" relativeResultsDirectory="22bfa41a-405e-499e-aa43-e5d98cd759db" />
    <UnitTestResult executionId="e92480cd-2168-4209-8157-5252eb259201" testId="b36b87ca-9f0c-906f-a1a9-26ee7399e3f1" testName="Remove_EmptySequence_CountIsUnchanged" computerName="ICSWS068" duration="00:00:00.0004850" startTime="2016-08-04T09:56:00.3819447+02:00" endTime="2016-08-04T09:56:00.3834458+02:00" testType="13cdc9d9-ddb5-4fa4-a97d-d965ccfc6d4b" outcome="Passed" testListId="8c84fa94-04c1-424b-9868-57a2d4851a1d" relativeResultsDirectory="e92480cd-2168-4209-8157-5252eb259201" />
    <UnitTestResult executionId="2a3b9b6d-ab42-4930-ac02-50a776451b94" testId="84603da1-7e95-590a-57b5-4f5192a9fd7a" testName="Remove_NonExistingElement_DequeIsUnchanged" computerName="ICSWS068" duration="00:00:00.0001967" startTime="2016-08-04T09:56:00.3859487+02:00" endTime="2016-08-04T09:56:00.3874642+02:00" testType="13cdc9d9-ddb5-4fa4-a97d-d965ccfc6d4b" outcome="Passed" testListId="8c84fa94-04c1-424b-9868-57a2d4851a1d" relativeResultsDirectory="2a3b9b6d-ab42-4930-ac02-50a776451b94" />
    <UnitTestResult executionId="71bbd15f-43f2-4209-8603-d8cc0904f107" testId="83af4d31-751d-22d8-2280-3d5c12fe52c4" testName="Remove_ExistingElement_ElementIsRemoved" computerName="ICSWS068" duration="00:00:00.0023017" startTime="2016-08-04T09:56:00.3899504+02:00" endTime="2016-08-04T09:56:00.3937401+02:00" testType="13cdc9d9-ddb5-4fa4-a97d-d965ccfc6d4b" outcome="Passed" testListId="8c84fa94-04c1-424b-9868-57a2d4851a1d" relativeResultsDirectory="71bbd15f-43f2-4209-8603-d8cc0904f107" />
    <UnitTestResult executionId="0acce847-7e2b-4a5b-bbf4-f9b094e86e26" testId="526efb7d-d730-24e3-a5f4-28ea26fce43a" testName="Remove_ExistingElementAfterPop_ElementIsRemoved" computerName="ICSWS068" duration="00:00:00.0002211" startTime="2016-08-04T09:56:00.3962397+02:00" endTime="2016-08-04T09:56:00.3972555+02:00" testType="13cdc9d9-ddb5-4fa4-a97d-d965ccfc6d4b" outcome="Passed" testListId="8c84fa94-04c1-424b-9868-57a2d4851a1d" relativeResultsDirectory="0acce847-7e2b-4a5b-bbf4-f9b094e86e26" />
    <UnitTestResult executionId="7659ccc5-6b6e-4f9b-b9bc-cc8e7b54bfa7" testId="b9608324-0088-eeaf-0431-ab4e73dee275" testName="NonParallel_Populate_VertexCountIsCorrect" computerName="ICSWS068" duration="00:00:00.0094593" startTime="2016-08-04T09:56:00.3997584+02:00" endTime="2016-08-04T09:56:00.4107497+02:00" testType="13cdc9d9-ddb5-4fa4-a97d-d965ccfc6d4b" outcome="Passed" testListId="8c84fa94-04c1-424b-9868-57a2d4851a1d" relativeResultsDirectory="7659ccc5-6b6e-4f9b-b9bc-cc8e7b54bfa7" />
    <UnitTestResult executionId="ae69bf35-0c0e-41d4-95f8-f889863aff40" testId="3495b6e7-2d54-1bc3-bfe7-b46402148176" testName="NonParallel_Populate_VerticesIsCorrect" computerName="ICSWS068" duration="00:00:00.0060948" startTime="2016-08-04T09:56:00.4132708+02:00" endTime="2016-08-04T09:56:00.4207763+02:00" testType="13cdc9d9-ddb5-4fa4-a97d-d965ccfc6d4b" outcome="Passed" testListId="8c84fa94-04c1-424b-9868-57a2d4851a1d" relativeResultsDirectory="ae69bf35-0c0e-41d4-95f8-f889863aff40" />
    <UnitTestResult executionId="9ea4192f-aadc-4d37-9c00-daa74c864b00" testId="7bcb9c09-93d0-9d03-30aa-d9c8ad984e2b" testName="NonParallel_Populate_EdgeCountIsCorrect" computerName="ICSWS068" duration="00:00:00.0009815" startTime="2016-08-04T09:56:00.4242788+02:00" endTime="2016-08-04T09:56:00.4267820+02:00" testType="13cdc9d9-ddb5-4fa4-a97d-d965ccfc6d4b" outcome="Passed" testListId="8c84fa94-04c1-424b-9868-57a2d4851a1d" relativeResultsDirectory="9ea4192f-aadc-4d37-9c00-daa74c864b00" />
    <UnitTestResult executionId="3142d51c-237f-4bbb-9f15-e3e63bbd11b4" testId="f94d4178-cefd-300e-7c10-211fe8c489c6" testName="NonParallel_Populate_EdgesIsCorrect" computerName="ICSWS068" duration="00:00:00.0062837" startTime="2016-08-04T09:56:00.4302846+02:00" endTime="2016-08-04T09:56:00.4377927+02:00" testType="13cdc9d9-ddb5-4fa4-a97d-d965ccfc6d4b" outcome="Passed" testListId="8c84fa94-04c1-424b-9868-57a2d4851a1d" relativeResultsDirectory="3142d51c-237f-4bbb-9f15-e3e63bbd11b4" />
    <UnitTestResult executionId="1505eb89-2a98-448a-bdb0-2baa21979fd1" testId="e8530b89-c0ee-7c66-3c39-bd7a3e455fc4" testName="NonParallel_Populate_GetOutDegreeIsCorrect" computerName="ICSWS068" duration="00:00:00.0006718" startTime="2016-08-04T09:56:00.4413132+02:00" endTime="2016-08-04T09:56:00.4435392+02:00" testType="13cdc9d9-ddb5-4fa4-a97d-d965ccfc6d4b" outcome="Passed" testListId="8c84fa94-04c1-424b-9868-57a2d4851a1d" relativeResultsDirectory="1505eb89-2a98-448a-bdb0-2baa21979fd1" />
    <UnitTestResult executionId="7df2da17-77b3-452e-b6ce-c01c643d4d4f" testId="1b5c4c2b-5871-ae79-5a00-24df841e8c0d" testName="NonParallel_PopulateFullyConnectedGraph_GetOutDegreeIsCorrect" computerName="ICSWS068" duration="00:00:00.0013011" startTime="2016-08-04T09:56:00.4465233+02:00" endTime="2016-08-04T09:56:00.4495253+02:00" testType="13cdc9d9-ddb5-4fa4-a97d-d965ccfc6d4b" outcome="Passed" testListId="8c84fa94-04c1-424b-9868-57a2d4851a1d" relativeResultsDirectory="7df2da17-77b3-452e-b6ce-c01c643d4d4f" />
    <UnitTestResult executionId="abf5db6a-2e18-40fa-b7b4-b678894551f0" testId="d1f5d1db-ff53-38d9-eae5-44d154290dac" testName="NonParallel_Populate_GetOutEdgesIsCorrect" computerName="ICSWS068" duration="00:00:00.0006530" startTime="2016-08-04T09:56:00.4525323+02:00" endTime="2016-08-04T09:56:00.4545329+02:00" testType="13cdc9d9-ddb5-4fa4-a97d-d965ccfc6d4b" outcome="Passed" testListId="8c84fa94-04c1-424b-9868-57a2d4851a1d" relativeResultsDirectory="abf5db6a-2e18-40fa-b7b4-b678894551f0" />
    <UnitTestResult executionId="c5d351a5-0763-46a1-b1e0-8169724f62be" testId="e65f163a-f4f4-20c9-2569-1b333b99680e" testName="NonParallel_PopulateFullyConnected_GetOutEdgesIsCorrect" computerName="ICSWS068" duration="00:00:00.0004533" startTime="2016-08-04T09:56:00.4575349+02:00" endTime="2016-08-04T09:56:00.4590375+02:00" testType="13cdc9d9-ddb5-4fa4-a97d-d965ccfc6d4b" outcome="Passed" testListId="8c84fa94-04c1-424b-9868-57a2d4851a1d" relativeResultsDirectory="c5d351a5-0763-46a1-b1e0-8169724f62be" />
    <UnitTestResult executionId="cdb35c60-daec-4caa-9416-b21b0ffd9ff2" testId="cc8f3593-6685-3d37-3ce0-e6f1612412ad" testName="NonParallel_Populate_TryGetOutEdgesIsCorrect" computerName="ICSWS068" duration="00:00:00.0001914" startTime="2016-08-04T09:56:00.4620404+02:00" endTime="2016-08-04T09:56:00.4635436+02:00" testType="13cdc9d9-ddb5-4fa4-a97d-d965ccfc6d4b" outcome="Passed" testListId="8c84fa94-04c1-424b-9868-57a2d4851a1d" relativeResultsDirectory="cdb35c60-daec-4caa-9416-b21b0ffd9ff2" />
    <UnitTestResult executionId="683ac8d1-43eb-494c-bd05-b5ec0f96b01f" testId="e76fa711-fdc8-075a-340c-ee436046e992" testName="NonParallel_AddVertex_AlreadyExistingVertex_ThrowsArgumentException" computerName="ICSWS068" duration="00:00:00.0004624" startTime="2016-08-04T09:56:00.4660605+02:00" endTime="2016-08-04T09:56:00.4675631+02:00" testType="13cdc9d9-ddb5-4fa4-a97d-d965ccfc6d4b" outcome="Passed" testListId="8c84fa94-04c1-424b-9868-57a2d4851a1d" relativeResultsDirectory="683ac8d1-43eb-494c-bd05-b5ec0f96b01f" />
    <UnitTestResult executionId="127c6e69-3297-4c2b-8de1-9552a50494d7" testId="0bf76b08-630d-ed64-a9f8-1cea7685f535" testName="NonParallel_AddEdge_AlreadyExistingEdge_Throws" computerName="ICSWS068" duration="00:00:00.0008554" startTime="2016-08-04T09:56:00.4710484+02:00" endTime="2016-08-04T09:56:00.4730499+02:00" testType="13cdc9d9-ddb5-4fa4-a97d-d965ccfc6d4b" outcome="Passed" testListId="8c84fa94-04c1-424b-9868-57a2d4851a1d" relativeResultsDirectory="127c6e69-3297-4c2b-8de1-9552a50494d7" />
    <UnitTestResult executionId="2e509b49-037c-44a3-8b44-0ff711add874" testId="9d85dc11-2db0-a8e0-e285-dcc702d832e7" testName="NonParallel_RemoveEdgeBySourceAndTarget_ExistingEdge_EdgeIsRemoved" computerName="ICSWS068" duration="00:00:00.0033377" startTime="2016-08-04T09:56:00.4760533+02:00" endTime="2016-08-04T09:56:00.4805550+02:00" testType="13cdc9d9-ddb5-4fa4-a97d-d965ccfc6d4b" outcome="Passed" testListId="8c84fa94-04c1-424b-9868-57a2d4851a1d" relativeResultsDirectory="2e509b49-037c-44a3-8b44-0ff711add874" />
    <UnitTestResult executionId="89c3a9e2-3c7e-4a89-8ef7-a26bd4846cb4" testId="85822edc-e331-2ad5-69c1-82e86c74007f" testName="NonParallel_RemoveEdgeBySourceAndTarget_NonExistingEdge_ReturnsFalse" computerName="ICSWS068" duration="00:00:00.0002985" startTime="2016-08-04T09:56:00.4832902+02:00" endTime="2016-08-04T09:56:00.4847898+02:00" testType="13cdc9d9-ddb5-4fa4-a97d-d965ccfc6d4b" outcome="Passed" testListId="8c84fa94-04c1-424b-9868-57a2d4851a1d" relativeResultsDirectory="89c3a9e2-3c7e-4a89-8ef7-a26bd4846cb4" />
    <UnitTestResult executionId="a7f983e7-7be6-4dfa-be31-6347d55dc897" testId="9c8ae88e-a69c-a81b-c640-9a2312fb42e1" testName="NonParallel_RemoveEdgeBySourceAndTarget_NonExistingSourceVertex_ReturnsFalse" computerName="ICSWS068" duration="00:00:00.0002821" startTime="2016-08-04T09:56:00.4868077+02:00" endTime="2016-08-04T09:56:00.4882930+02:00" testType="13cdc9d9-ddb5-4fa4-a97d-d965ccfc6d4b" outcome="Passed" testListId="8c84fa94-04c1-424b-9868-57a2d4851a1d" relativeResultsDirectory="a7f983e7-7be6-4dfa-be31-6347d55dc897" />
    <UnitTestResult executionId="b3d106f8-42d0-4bd7-9485-29719852bca8" testId="faa2cc12-5fb6-f994-c961-f0be946ae0f6" testName="NonParallel_RemoveEdgeBySourceAndTarget_NonExistingTargetVertex_ReturnsFalse" computerName="ICSWS068" duration="00:00:00.0002838" startTime="2016-08-04T09:56:00.4907933+02:00" endTime="2016-08-04T09:56:00.4922979+02:00" testType="13cdc9d9-ddb5-4fa4-a97d-d965ccfc6d4b" outcome="Passed" testListId="8c84fa94-04c1-424b-9868-57a2d4851a1d" relativeResultsDirectory="b3d106f8-42d0-4bd7-9485-29719852bca8" />
    <UnitTestResult executionId="0f0a5701-1df4-4ede-b0c2-e43f087a2716" testId="1b41061d-3e63-6db5-a4d2-3ac35c8fcfde" testName="NonParallel_RemoveEdge_ExistingEdge_EdgeIsRemoved" computerName="ICSWS068" duration="00:00:00.0006413" startTime="2016-08-04T09:56:00.4948005+02:00" endTime="2016-08-04T09:56:00.4968175+02:00" testType="13cdc9d9-ddb5-4fa4-a97d-d965ccfc6d4b" outcome="Passed" testListId="8c84fa94-04c1-424b-9868-57a2d4851a1d" relativeResultsDirectory="0f0a5701-1df4-4ede-b0c2-e43f087a2716" />
    <UnitTestResult executionId="0b233265-8cf5-47b4-971c-d2a276f30d6f" testId="240e76d7-39be-7095-454c-87231e702083" testName="NonParallel_RemoveEdge_NonExistingEdge_EdgeIsRemoved" computerName="ICSWS068" duration="00:00:00.0003067" startTime="2016-08-04T09:56:00.4993192+02:00" endTime="2016-08-04T09:56:00.5008206+02:00" testType="13cdc9d9-ddb5-4fa4-a97d-d965ccfc6d4b" outcome="Passed" testListId="8c84fa94-04c1-424b-9868-57a2d4851a1d" relativeResultsDirectory="0b233265-8cf5-47b4-971c-d2a276f30d6f" />
    <UnitTestResult executionId="f8667e0f-a679-4d0a-8d31-ef114a1a5f32" testId="7cef866c-a935-f590-ad42-15782d160473" testName="NonParallel_RemoveEdgeByPredicate_ExistingEdges_EdgesAreRemoved" computerName="ICSWS068" duration="00:00:00.0011891" startTime="2016-08-04T09:56:00.5033051+02:00" endTime="2016-08-04T09:56:00.5058074+02:00" testType="13cdc9d9-ddb5-4fa4-a97d-d965ccfc6d4b" outcome="Passed" testListId="8c84fa94-04c1-424b-9868-57a2d4851a1d" relativeResultsDirectory="f8667e0f-a679-4d0a-8d31-ef114a1a5f32" />
    <UnitTestResult executionId="d68437e5-61d3-4d9d-8de6-b1df482c0613" testId="1f9e2a69-14b9-f0fe-1ad5-3bc2499de803" testName="NonParallel_ClearVertex_ExistingVertex_AllEdgesAreRemoved" computerName="ICSWS068" duration="00:00:00.0015333" startTime="2016-08-04T09:56:00.5083085+02:00" endTime="2016-08-04T09:56:00.5113281+02:00" testType="13cdc9d9-ddb5-4fa4-a97d-d965ccfc6d4b" outcome="Passed" testListId="8c84fa94-04c1-424b-9868-57a2d4851a1d" relativeResultsDirectory="d68437e5-61d3-4d9d-8de6-b1df482c0613" />
    <UnitTestResult executionId="17484e6e-1ae3-49aa-84af-f2eea9d174ac" testId="e630fafd-c94b-800b-d11b-9586f0c3960b" testName="NonParallel_ClearVertex_NonExistingVertex_ThrowsVertexNotFoundException" computerName="ICSWS068" duration="00:00:00.0006287" startTime="2016-08-04T09:56:00.5137594+02:00" endTime="2016-08-04T09:56:00.5157609+02:00" testType="13cdc9d9-ddb5-4fa4-a97d-d965ccfc6d4b" outcome="Passed" testListId="8c84fa94-04c1-424b-9868-57a2d4851a1d" relativeResultsDirectory="17484e6e-1ae3-49aa-84af-f2eea9d174ac" />
    <UnitTestResult executionId="05cc3097-da92-4f11-a261-958584a0b23c" testId="9a5e1005-026a-6264-b03d-5cb80d7ee8c9" testName="NonParallel_RemoveVertex_ExistingVertex_VertexAndAllEdgesAreRemoved" computerName="ICSWS068" duration="00:00:00.0003630" startTime="2016-08-04T09:56:00.5177626+02:00" endTime="2016-08-04T09:56:00.5192473+02:00" testType="13cdc9d9-ddb5-4fa4-a97d-d965ccfc6d4b" outcome="Passed" testListId="8c84fa94-04c1-424b-9868-57a2d4851a1d" relativeResultsDirectory="05cc3097-da92-4f11-a261-958584a0b23c" />
    <UnitTestResult executionId="a48726df-7651-4e91-9872-ce130ab2c7c4" testId="d1104001-3c13-f293-95df-a3b40c1bb2ef" testName="NonParallel_RemoveVertex_NonExistingVertex_ThrowsVertexNotFoundException" computerName="ICSWS068" duration="00:00:00.0005445" startTime="2016-08-04T09:56:00.5212479+02:00" endTime="2016-08-04T09:56:00.5237596+02:00" testType="13cdc9d9-ddb5-4fa4-a97d-d965ccfc6d4b" outcome="Passed" testListId="8c84fa94-04c1-424b-9868-57a2d4851a1d" relativeResultsDirectory="a48726df-7651-4e91-9872-ce130ab2c7c4" />
    <UnitTestResult executionId="b90bb172-8945-40f4-9af0-2d2139e5b778" testId="0318a121-af86-cf5c-31b2-d9a104061c7a" testName="NonParallel_Clear_VerticesAndEdgesAreAllRemoved" computerName="ICSWS068" duration="00:00:00.0002947" startTime="2016-08-04T09:56:00.5267445+02:00" endTime="2016-08-04T09:56:00.5282639+02:00" testType="13cdc9d9-ddb5-4fa4-a97d-d965ccfc6d4b" outcome="Passed" testListId="8c84fa94-04c1-424b-9868-57a2d4851a1d" relativeResultsDirectory="b90bb172-8945-40f4-9af0-2d2139e5b778" />
    <UnitTestResult executionId="973b4c03-841b-4670-a6a0-d35426dec58c" testId="9f0a0293-773d-4c37-5026-a5314dea1e1d" testName="NonParallel_RemoveOutEdgeIf_ExistingEdges_CorrectEdgesAreRemovedAndCorrectResultReturned" computerName="ICSWS068" duration="00:00:00.0005835" startTime="2016-08-04T09:56:00.5307489+02:00" endTime="2016-08-04T09:56:00.5317500+02:00" testType="13cdc9d9-ddb5-4fa4-a97d-d965ccfc6d4b" outcome="Passed" testListId="8c84fa94-04c1-424b-9868-57a2d4851a1d" relativeResultsDirectory="973b4c03-841b-4670-a6a0-d35426dec58c" />
    <UnitTestResult executionId="ffd9ea2e-d779-42a3-acdb-a783bdc5b32d" testId="b4e3d6e0-48c8-817f-2296-0c5e5b71fcbb" testName="NonParallel_RemoveOutEdgeIf_NonExistingVertex_ThrowsVertexNotFoundException" computerName="ICSWS068" duration="00:00:00.0005941" startTime="2016-08-04T09:56:00.5347341+02:00" endTime="2016-08-04T09:56:00.5367362+02:00" testType="13cdc9d9-ddb5-4fa4-a97d-d965ccfc6d4b" outcome="Passed" testListId="8c84fa94-04c1-424b-9868-57a2d4851a1d" relativeResultsDirectory="ffd9ea2e-d779-42a3-acdb-a783bdc5b32d" />
    <UnitTestResult executionId="a8e0d64b-eb93-4844-a7df-b9be0d7f2823" testId="40cd7ad5-4ce7-cbe2-0081-7ab1c65aefa6" testName="NonParallel_ClearOutEdges_ExistingVertex_CorrectEdgesAreRemoved" computerName="ICSWS068" duration="00:00:00.0006882" startTime="2016-08-04T09:56:00.5392203+02:00" endTime="2016-08-04T09:56:00.5417217+02:00" testType="13cdc9d9-ddb5-4fa4-a97d-d965ccfc6d4b" outcome="Passed" testListId="8c84fa94-04c1-424b-9868-57a2d4851a1d" relativeResultsDirectory="a8e0d64b-eb93-4844-a7df-b9be0d7f2823" />
    <UnitTestResult executionId="89a53551-7855-4cc3-8141-bc3a7c1403c6" testId="abb1bc8c-4f32-656a-138d-4ec276797f1b" testName="NonParallel_ClearOutEdges_NonExistingVertex_ThrowsVertexNotFoundException" computerName="ICSWS068" duration="00:00:00.0005392" startTime="2016-08-04T09:56:00.5443396+02:00" endTime="2016-08-04T09:56:00.5463595+02:00" testType="13cdc9d9-ddb5-4fa4-a97d-d965ccfc6d4b" outcome="Passed" testListId="8c84fa94-04c1-424b-9868-57a2d4851a1d" relativeResultsDirectory="89a53551-7855-4cc3-8141-bc3a7c1403c6" />
    <UnitTestResult executionId="e073dca9-5700-4552-a8ae-cc2e47e9604b" testId="23fcb502-c10e-6fba-8873-386999411a9a" testName="Parallel_Populate_GraphIsCorrect" computerName="ICSWS068" duration="00:00:00.0020374" startTime="2016-08-04T09:56:00.5483571+02:00" endTime="2016-08-04T09:56:00.5513626+02:00" testType="13cdc9d9-ddb5-4fa4-a97d-d965ccfc6d4b" outcome="Passed" testListId="8c84fa94-04c1-424b-9868-57a2d4851a1d" relativeResultsDirectory="e073dca9-5700-4552-a8ae-cc2e47e9604b" />
    <UnitTestResult executionId="a9d63322-3c0e-45e1-bd1e-705bf576160d" testId="040985a2-14fb-ab1d-a185-1c76a32b7ee9" testName="Parallel_PopulateFullyConnectedGraph_GetOutDegreeIsCorrect" computerName="ICSWS068" duration="00:00:00.0012111" startTime="2016-08-04T09:56:00.5543382+02:00" endTime="2016-08-04T09:56:00.5568402+02:00" testType="13cdc9d9-ddb5-4fa4-a97d-d965ccfc6d4b" outcome="Passed" testListId="8c84fa94-04c1-424b-9868-57a2d4851a1d" relativeResultsDirectory="a9d63322-3c0e-45e1-bd1e-705bf576160d" />
    <UnitTestResult executionId="5c2e7d74-4118-419d-bce4-784825e3ac28" testId="bd42c241-aa84-9507-7046-6a3dbd6f86f8" testName="Parallel_Populate_GetOutEdgesIsCorrect" computerName="ICSWS068" duration="00:00:00.0001973" startTime="2016-08-04T09:56:00.5593587+02:00" endTime="2016-08-04T09:56:00.5613434+02:00" testType="13cdc9d9-ddb5-4fa4-a97d-d965ccfc6d4b" outcome="Passed" testListId="8c84fa94-04c1-424b-9868-57a2d4851a1d" relativeResultsDirectory="5c2e7d74-4118-419d-bce4-784825e3ac28" />
    <UnitTestResult executionId="fe6bba83-5373-4f65-b86a-208735c201c4" testId="f93081ed-3a63-96e4-b01d-cebef48aeae3" testName="Parallel_PopulateFullyConnected_GetOutEdgesIsCorrect" computerName="ICSWS068" duration="00:00:00.0004032" startTime="2016-08-04T09:56:00.5638448+02:00" endTime="2016-08-04T09:56:00.5658635+02:00" testType="13cdc9d9-ddb5-4fa4-a97d-d965ccfc6d4b" outcome="Passed" testListId="8c84fa94-04c1-424b-9868-57a2d4851a1d" relativeResultsDirectory="fe6bba83-5373-4f65-b86a-208735c201c4" />
    <UnitTestResult executionId="17c9c869-a1c0-4560-9aed-748d15dfe32c" testId="419f4662-71b3-9022-ccf6-246d066d4116" testName="Parallel_AddVertex_AlreadyExistingVertex_ThrowsArgumentException" computerName="ICSWS068" duration="00:00:00.0003991" startTime="2016-08-04T09:56:00.5678471+02:00" endTime="2016-08-04T09:56:00.5698488+02:00" testType="13cdc9d9-ddb5-4fa4-a97d-d965ccfc6d4b" outcome="Passed" testListId="8c84fa94-04c1-424b-9868-57a2d4851a1d" relativeResultsDirectory="17c9c869-a1c0-4560-9aed-748d15dfe32c" />
    <UnitTestResult executionId="58830d64-6f10-43d0-b409-7de0712cbb01" testId="f4925ab0-c1c1-52bd-ae22-570461bf3ed7" testName="Parallel_AddEdge_AlreadyExistingEdge_Succeeds" computerName="ICSWS068" duration="00:00:00.0002642" startTime="2016-08-04T09:56:00.5718514+02:00" endTime="2016-08-04T09:56:00.5739373+02:00" testType="13cdc9d9-ddb5-4fa4-a97d-d965ccfc6d4b" outcome="Passed" testListId="8c84fa94-04c1-424b-9868-57a2d4851a1d" relativeResultsDirectory="58830d64-6f10-43d0-b409-7de0712cbb01" />
    <UnitTestResult executionId="702c8913-18fe-485a-9f81-4792a8a8272c" testId="b7ad9a40-ed22-e2a3-def3-f9da5931ebd6" testName="Parallel_RemoveEdgeBySourceAndTarget_ExistingEdge_AllMatchingEdgesAreRemoved" computerName="ICSWS068" duration="00:00:00.0003967" startTime="2016-08-04T09:56:00.5759232+02:00" endTime="2016-08-04T09:56:00.5779413+02:00" testType="13cdc9d9-ddb5-4fa4-a97d-d965ccfc6d4b" outcome="Passed" testListId="8c84fa94-04c1-424b-9868-57a2d4851a1d" relativeResultsDirectory="702c8913-18fe-485a-9f81-4792a8a8272c" />
    <UnitTestResult executionId="ca28bb14-4e5d-40b2-8ef3-2354e933ad75" testId="25610b78-886c-a49e-cb3a-4957218d3077" testName="Parallel_RemoveEdgeBySourceAndTarget_NonExistingEdge_ReturnsFalse" computerName="ICSWS068" duration="00:00:00.0003175" startTime="2016-08-04T09:56:00.5804263+02:00" endTime="2016-08-04T09:56:00.5819301+02:00" testType="13cdc9d9-ddb5-4fa4-a97d-d965ccfc6d4b" outcome="Passed" testListId="8c84fa94-04c1-424b-9868-57a2d4851a1d" relativeResultsDirectory="ca28bb14-4e5d-40b2-8ef3-2354e933ad75" />
    <UnitTestResult executionId="59181a92-d23b-434a-8d51-8a47685eaaed" testId="7d781843-c0f9-b72f-c8a9-6d5009f84d77" testName="Parallel_RemoveEdgeBySourceAndTarget_NonExistingSourceVertex_ReturnsFalse" computerName="ICSWS068" duration="00:00:00.0002794" startTime="2016-08-04T09:56:00.5849345+02:00" endTime="2016-08-04T09:56:00.5864550+02:00" testType="13cdc9d9-ddb5-4fa4-a97d-d965ccfc6d4b" outcome="Passed" testListId="8c84fa94-04c1-424b-9868-57a2d4851a1d" relativeResultsDirectory="59181a92-d23b-434a-8d51-8a47685eaaed" />
    <UnitTestResult executionId="b80ec322-f0dc-4921-abe3-f3f46195777b" testId="ff5c70f6-e5fa-8b98-1880-bb0fb44d92f0" testName="Parallel_RemoveEdgeBySourceAndTarget_NonExistingTargetVertex_ReturnsFalse" computerName="ICSWS068" duration="00:00:00.0003014" startTime="2016-08-04T09:56:00.5889365+02:00" endTime="2016-08-04T09:56:00.5904634+02:00" testType="13cdc9d9-ddb5-4fa4-a97d-d965ccfc6d4b" outcome="Passed" testListId="8c84fa94-04c1-424b-9868-57a2d4851a1d" relativeResultsDirectory="b80ec322-f0dc-4921-abe3-f3f46195777b" />
    <UnitTestResult executionId="ce66998c-88cb-4bd1-bc56-ddea4dc0331c" testId="2e826411-2a32-54b7-2798-eb1ece2538c7" testName="Parallel_RemoveEdge_ExistingEdge_EdgeIsRemoved" computerName="ICSWS068" duration="00:00:00.0004480" startTime="2016-08-04T09:56:00.5929009+02:00" endTime="2016-08-04T09:56:00.5944182+02:00" testType="13cdc9d9-ddb5-4fa4-a97d-d965ccfc6d4b" outcome="Passed" testListId="8c84fa94-04c1-424b-9868-57a2d4851a1d" relativeResultsDirectory="ce66998c-88cb-4bd1-bc56-ddea4dc0331c" />
    <UnitTestResult executionId="f1911cdd-f72b-4be1-8266-7d1b47b7cfd7" testId="f5862e4f-3dbf-5ab0-5c2d-f68c003cee50" testName="Parallel_RemoveEdge_NonExistingEdge_ReturnsFalse" computerName="ICSWS068" duration="00:00:00.0003240" startTime="2016-08-04T09:56:00.5964202+02:00" endTime="2016-08-04T09:56:00.5979043+02:00" testType="13cdc9d9-ddb5-4fa4-a97d-d965ccfc6d4b" outcome="Passed" testListId="8c84fa94-04c1-424b-9868-57a2d4851a1d" relativeResultsDirectory="f1911cdd-f72b-4be1-8266-7d1b47b7cfd7" />
    <UnitTestResult executionId="5befbf76-12c4-4655-8b54-ab5877e535c1" testId="a802c093-b85f-787c-a14f-51fa9e21f3c2" testName="Parallel_RemoveEdgeByPredicate_ExistingEdges_EdgesAreRemoved" computerName="ICSWS068" duration="00:00:00.0004413" startTime="2016-08-04T09:56:00.6004066+02:00" endTime="2016-08-04T09:56:00.6024090+02:00" testType="13cdc9d9-ddb5-4fa4-a97d-d965ccfc6d4b" outcome="Passed" testListId="8c84fa94-04c1-424b-9868-57a2d4851a1d" relativeResultsDirectory="5befbf76-12c4-4655-8b54-ab5877e535c1" />
    <UnitTestResult executionId="f06d27b5-b266-445e-a9a7-9084bbff77d0" testId="bf695ec5-cd17-495f-e52a-a9117a287c80" testName="Parallel_ClearVertex_ExistingVertex_AllEdgesAreRemoved" computerName="ICSWS068" duration="00:00:00.0003797" startTime="2016-08-04T09:56:00.6049250+02:00" endTime="2016-08-04T09:56:00.6069112+02:00" testType="13cdc9d9-ddb5-4fa4-a97d-d965ccfc6d4b" outcome="Passed" testListId="8c84fa94-04c1-424b-9868-57a2d4851a1d" relativeResultsDirectory="f06d27b5-b266-445e-a9a7-9084bbff77d0" />
    <UnitTestResult executionId="4cdb2ea5-d5fd-4c9f-b914-eb87db24d739" testId="fe7ae685-7837-f2b6-7d7f-e2385e824e4a" testName="Parallel_ClearVertex_NonExistingVertex_ThrowsVertexNotFoundException" computerName="ICSWS068" duration="00:00:00.0005422" startTime="2016-08-04T09:56:00.6094123+02:00" endTime="2016-08-04T09:56:00.6109302+02:00" testType="13cdc9d9-ddb5-4fa4-a97d-d965ccfc6d4b" outcome="Passed" testListId="8c84fa94-04c1-424b-9868-57a2d4851a1d" relativeResultsDirectory="4cdb2ea5-d5fd-4c9f-b914-eb87db24d739" />
    <UnitTestResult executionId="609f2f1e-11d9-4ff7-be47-cbacc87cdd8e" testId="298dff39-5bca-2ba5-9de3-51c3f05ee4ec" testName="Parallel_RemoveVertex_ExistingVertex_VertexAndAllEdgesAreRemoved" computerName="ICSWS068" duration="00:00:00.0002495" startTime="2016-08-04T09:56:00.6134425+02:00" endTime="2016-08-04T09:56:00.6149436+02:00" testType="13cdc9d9-ddb5-4fa4-a97d-d965ccfc6d4b" outcome="Passed" testListId="8c84fa94-04c1-424b-9868-57a2d4851a1d" relativeResultsDirectory="609f2f1e-11d9-4ff7-be47-cbacc87cdd8e" />
    <UnitTestResult executionId="7ebc9aaf-5b37-49b8-90b1-45d3e92b8b9a" testId="29d633e3-83d3-a6fb-c32b-f3f54c3d7068" testName="Parallel_RemoveVertex_NonExistingVertex_ThrowsVertexNotFoundException" computerName="ICSWS068" duration="00:00:00.0005700" startTime="2016-08-04T09:56:00.6169448+02:00" endTime="2016-08-04T09:56:00.6189318+02:00" testType="13cdc9d9-ddb5-4fa4-a97d-d965ccfc6d4b" outcome="Passed" testListId="8c84fa94-04c1-424b-9868-57a2d4851a1d" relativeResultsDirectory="7ebc9aaf-5b37-49b8-90b1-45d3e92b8b9a" />
    <UnitTestResult executionId="3909bac5-a565-4b8c-800b-7944d666a0d6" testId="8919418d-f044-2bb7-9f8d-daf6a7c51b0d" testName="Parallel_Clear_VerticesAndEdgesAreAllRemoved" computerName="ICSWS068" duration="00:00:00.0002046" startTime="2016-08-04T09:56:00.6209494+02:00" endTime="2016-08-04T09:56:00.6229329+02:00" testType="13cdc9d9-ddb5-4fa4-a97d-d965ccfc6d4b" outcome="Passed" testListId="8c84fa94-04c1-424b-9868-57a2d4851a1d" relativeResultsDirectory="3909bac5-a565-4b8c-800b-7944d666a0d6" />
    <UnitTestResult executionId="ca842ff6-f0f1-4a9a-9548-11d7d3fa0e20" testId="2bfbef2a-698f-77e1-7cf4-566e7f233ba1" testName="Parallel_RemoveOutEdgeIf_ExistingEdges_CorrectEdgesAreRemovedAndCorrectResultReturned" computerName="ICSWS068" duration="00:00:00.0004542" startTime="2016-08-04T09:56:00.6259191+02:00" endTime="2016-08-04T09:56:00.6274361+02:00" testType="13cdc9d9-ddb5-4fa4-a97d-d965ccfc6d4b" outcome="Passed" testListId="8c84fa94-04c1-424b-9868-57a2d4851a1d" relativeResultsDirectory="ca842ff6-f0f1-4a9a-9548-11d7d3fa0e20" />
    <UnitTestResult executionId="ef285d42-36c2-4f5f-9174-692b2d9ee9ca" testId="110bbc3d-df26-610a-ad5e-6f57c422ed6e" testName="Parallel_RemoveOutEdgeIf_NonExistingVertex_ThrowsVertexNotFoundException" computerName="ICSWS068" duration="00:00:00.0005820" startTime="2016-08-04T09:56:00.6294217+02:00" endTime="2016-08-04T09:56:00.6314246+02:00" testType="13cdc9d9-ddb5-4fa4-a97d-d965ccfc6d4b" outcome="Passed" testListId="8c84fa94-04c1-424b-9868-57a2d4851a1d" relativeResultsDirectory="ef285d42-36c2-4f5f-9174-692b2d9ee9ca" />
    <UnitTestResult executionId="2f2126a8-b3cb-41d8-97f7-af6d15443da2" testId="74788af0-b90d-10a6-5bf8-95729a8b1e41" testName="Parallel_ClearOutEdges_ExistingVertex_CorrectEdgesAreRemoved" computerName="ICSWS068" duration="00:00:00.0002659" startTime="2016-08-04T09:56:00.6339457+02:00" endTime="2016-08-04T09:56:00.6359289+02:00" testType="13cdc9d9-ddb5-4fa4-a97d-d965ccfc6d4b" outcome="Passed" testListId="8c84fa94-04c1-424b-9868-57a2d4851a1d" relativeResultsDirectory="2f2126a8-b3cb-41d8-97f7-af6d15443da2" />
    <UnitTestResult executionId="1ffc16c8-2e5e-461a-b48c-c881b4197716" testId="0695f58d-71fb-041d-6097-6b55d2fbd737" testName="Parallel_ClearOutEdges_NonExistingVertex_ThrowsVertexNotFoundException" computerName="ICSWS068" duration="00:00:00.0005480" startTime="2016-08-04T09:56:00.6389312+02:00" endTime="2016-08-04T09:56:00.6404332+02:00" testType="13cdc9d9-ddb5-4fa4-a97d-d965ccfc6d4b" outcome="Passed" testListId="8c84fa94-04c1-424b-9868-57a2d4851a1d" relativeResultsDirectory="1ffc16c8-2e5e-461a-b48c-c881b4197716" />
    <UnitTestResult executionId="c52db944-7723-4f2a-8faf-9ee86e4bc390" testId="a90030de-ebc1-2d19-e6d3-651ee4f12254" testName="NonParallel_Populate_VertexCountIsCorrect" computerName="ICSWS068" duration="00:00:00.0035260" startTime="2016-08-04T09:56:00.6429396+02:00" endTime="2016-08-04T09:56:00.6479580+02:00" testType="13cdc9d9-ddb5-4fa4-a97d-d965ccfc6d4b" outcome="Passed" testListId="8c84fa94-04c1-424b-9868-57a2d4851a1d" relativeResultsDirectory="c52db944-7723-4f2a-8faf-9ee86e4bc390" />
    <UnitTestResult executionId="af955da3-8d5c-4dc4-bc66-41081efb9472" testId="2d1e01d2-0583-5e20-94dd-6500ab3ea16a" testName="NonParallel_Populate_VerticesIsCorrect" computerName="ICSWS068" duration="00:00:00.0003008" startTime="2016-08-04T09:56:00.6509451+02:00" endTime="2016-08-04T09:56:00.6522456+02:00" testType="13cdc9d9-ddb5-4fa4-a97d-d965ccfc6d4b" outcome="Passed" testListId="8c84fa94-04c1-424b-9868-57a2d4851a1d" relativeResultsDirectory="af955da3-8d5c-4dc4-bc66-41081efb9472" />
    <UnitTestResult executionId="6b96f742-bdca-4af0-a66f-6955e2c13eb4" testId="4ea144f7-25de-9a77-4b38-97f3610cbb20" testName="NonParallel_Populate_EdgeCountIsCorrect" computerName="ICSWS068" duration="00:00:00.0002460" startTime="2016-08-04T09:56:00.6547491+02:00" endTime="2016-08-04T09:56:00.6562508+02:00" testType="13cdc9d9-ddb5-4fa4-a97d-d965ccfc6d4b" outcome="Passed" testListId="8c84fa94-04c1-424b-9868-57a2d4851a1d" relativeResultsDirectory="6b96f742-bdca-4af0-a66f-6955e2c13eb4" />
    <UnitTestResult executionId="b873cb47-4ffd-49ae-8c2e-c0fff07957d5" testId="b5e05a1c-72f3-c360-ce1e-2a9036b82a88" testName="NonParallel_Populate_EdgesIsCorrect" computerName="ICSWS068" duration="00:00:00.0010647" startTime="2016-08-04T09:56:00.6587696+02:00" endTime="2016-08-04T09:56:00.6612657+02:00" testType="13cdc9d9-ddb5-4fa4-a97d-d965ccfc6d4b" outcome="Passed" testListId="8c84fa94-04c1-424b-9868-57a2d4851a1d" relativeResultsDirectory="b873cb47-4ffd-49ae-8c2e-c0fff07957d5" />
    <UnitTestResult executionId="d41514ce-40dc-41b3-b93a-2b9535da415f" testId="24b5adfa-1ae3-cbbb-d2a3-00a4789e0d38" testName="NonParallel_Populate_GetOutDegreeIsCorrect" computerName="ICSWS068" duration="00:00:00.0003560" startTime="2016-08-04T09:56:00.6633020+02:00" endTime="2016-08-04T09:56:00.6647874+02:00" testType="13cdc9d9-ddb5-4fa4-a97d-d965ccfc6d4b" outcome="Passed" testListId="8c84fa94-04c1-424b-9868-57a2d4851a1d" relativeResultsDirectory="d41514ce-40dc-41b3-b93a-2b9535da415f" />
    <UnitTestResult executionId="a27f6bf3-a9c8-4d63-b808-d8ca77d63f8e" testId="7ead36ed-9b0e-83a2-d8ce-be55216ea41f" testName="NonParallel_PopulateFullyConnectedGraph_GetOutDegreeIsCorrect" computerName="ICSWS068" duration="00:00:00.0010961" startTime="2016-08-04T09:56:00.6673058+02:00" endTime="2016-08-04T09:56:00.6698069+02:00" testType="13cdc9d9-ddb5-4fa4-a97d-d965ccfc6d4b" outcome="Passed" testListId="8c84fa94-04c1-424b-9868-57a2d4851a1d" relativeResultsDirectory="a27f6bf3-a9c8-4d63-b808-d8ca77d63f8e" />
    <UnitTestResult executionId="43a1eaef-30a2-46eb-953b-ea7a62f930af" testId="71384f83-73ed-be7b-d897-9d29a52fd52a" testName="NonParallel_Populate_GetOutEdgesIsCorrect" computerName="ICSWS068" duration="00:00:00.0003425" startTime="2016-08-04T09:56:00.6722940+02:00" endTime="2016-08-04T09:56:00.6737940+02:00" testType="13cdc9d9-ddb5-4fa4-a97d-d965ccfc6d4b" outcome="Passed" testListId="8c84fa94-04c1-424b-9868-57a2d4851a1d" relativeResultsDirectory="43a1eaef-30a2-46eb-953b-ea7a62f930af" />
    <UnitTestResult executionId="8612f816-1b7e-45b3-855a-19762c56ecda" testId="6cc7e340-2037-ba37-8818-7cd5f9e4ca00" testName="NonParallel_PopulateFullyConnected_GetOutEdgesIsCorrect" computerName="ICSWS068" duration="00:00:00.0004272" startTime="2016-08-04T09:56:00.6767960+02:00" endTime="2016-08-04T09:56:00.6783147+02:00" testType="13cdc9d9-ddb5-4fa4-a97d-d965ccfc6d4b" outcome="Passed" testListId="8c84fa94-04c1-424b-9868-57a2d4851a1d" relativeResultsDirectory="8612f816-1b7e-45b3-855a-19762c56ecda" />
    <UnitTestResult executionId="112a604f-8f98-4d56-93fd-dcb15a05d2ca" testId="405cc4bb-bdcb-fe40-97d4-492738dacfbe" testName="NonParallel_Populate_TryGetOutEdgesIsCorrect" computerName="ICSWS068" duration="00:00:00.0002117" startTime="2016-08-04T09:56:00.6812994+02:00" endTime="2016-08-04T09:56:00.6826129+02:00" testType="13cdc9d9-ddb5-4fa4-a97d-d965ccfc6d4b" outcome="Passed" testListId="8c84fa94-04c1-424b-9868-57a2d4851a1d" relativeResultsDirectory="112a604f-8f98-4d56-93fd-dcb15a05d2ca" />
    <UnitTestResult executionId="6e53c10b-4622-463f-8203-7f7dac9668ea" testId="5149a4d0-826d-b491-8f23-0c021f67bbbd" testName="NonParallel_AddVertex_AlreadyExistingVertex_ThrowsArgumentException" computerName="ICSWS068" duration="00:00:00.0003841" startTime="2016-08-04T09:56:00.6851257+02:00" endTime="2016-08-04T09:56:00.6866330+02:00" testType="13cdc9d9-ddb5-4fa4-a97d-d965ccfc6d4b" outcome="Passed" testListId="8c84fa94-04c1-424b-9868-57a2d4851a1d" relativeResultsDirectory="6e53c10b-4622-463f-8203-7f7dac9668ea" />
    <UnitTestResult executionId="8f8db411-1518-4a86-a171-21c419f69356" testId="5307add8-cc29-e16f-aed7-9f883688d356" testName="NonParallel_AddEdge_AlreadyExistingEdge_Throws" computerName="ICSWS068" duration="00:00:00.0006507" startTime="2016-08-04T09:56:00.6891189+02:00" endTime="2016-08-04T09:56:00.6911221+02:00" testType="13cdc9d9-ddb5-4fa4-a97d-d965ccfc6d4b" outcome="Passed" testListId="8c84fa94-04c1-424b-9868-57a2d4851a1d" relativeResultsDirectory="8f8db411-1518-4a86-a171-21c419f69356" />
    <UnitTestResult executionId="e8bbd078-19bc-41bc-bfb6-0c434c657fcd" testId="e6ccbd72-f68f-d68d-cede-f2a1d173deb6" testName="NonParallel_RemoveEdgeBySourceAndTarget_ExistingEdge_EdgeIsRemoved" computerName="ICSWS068" duration="00:00:00.0049429" startTime="2016-08-04T09:56:00.6940869+02:00" endTime="2016-08-04T09:56:00.7000906+02:00" testType="13cdc9d9-ddb5-4fa4-a97d-d965ccfc6d4b" outcome="Passed" testListId="8c84fa94-04c1-424b-9868-57a2d4851a1d" relativeResultsDirectory="e8bbd078-19bc-41bc-bfb6-0c434c657fcd" />
    <UnitTestResult executionId="b5bda573-4233-4766-8cf9-87f0ae735cb2" testId="5d7374f4-03a2-fae5-2f7a-caec4b789c23" testName="NonParallel_RemoveEdgeBySourceAndTarget_NonExistingEdge_ReturnsFalse" computerName="ICSWS068" duration="00:00:00.0003580" startTime="2016-08-04T09:56:00.7030935+02:00" endTime="2016-08-04T09:56:00.7045937+02:00" testType="13cdc9d9-ddb5-4fa4-a97d-d965ccfc6d4b" outcome="Passed" testListId="8c84fa94-04c1-424b-9868-57a2d4851a1d" relativeResultsDirectory="b5bda573-4233-4766-8cf9-87f0ae735cb2" />
    <UnitTestResult executionId="7a0821f1-6cbe-489d-8f46-f3387a3106cb" testId="92274bbb-7072-233a-14dd-c4c43940c3a0" testName="NonParallel_RemoveEdgeBySourceAndTarget_NonExistingSourceVertex_ReturnsFalse" computerName="ICSWS068" duration="00:00:00.0003756" startTime="2016-08-04T09:56:00.7080957+02:00" endTime="2016-08-04T09:56:00.7096130+02:00" testType="13cdc9d9-ddb5-4fa4-a97d-d965ccfc6d4b" outcome="Passed" testListId="8c84fa94-04c1-424b-9868-57a2d4851a1d" relativeResultsDirectory="7a0821f1-6cbe-489d-8f46-f3387a3106cb" />
    <UnitTestResult executionId="dda5b14a-a046-4b8c-adff-07839170a2c3" testId="54362853-c931-379b-858e-80c8247e4f76" testName="NonParallel_RemoveEdgeBySourceAndTarget_NonExistingTargetVertex_ReturnsFalse" computerName="ICSWS068" duration="00:00:00.0003624" startTime="2016-08-04T09:56:00.7121030+02:00" endTime="2016-08-04T09:56:00.7136208+02:00" testType="13cdc9d9-ddb5-4fa4-a97d-d965ccfc6d4b" outcome="Passed" testListId="8c84fa94-04c1-424b-9868-57a2d4851a1d" relativeResultsDirectory="dda5b14a-a046-4b8c-adff-07839170a2c3" />
    <UnitTestResult executionId="d94bf957-5b4a-453e-bd64-332e32a68697" testId="8935351f-4e03-cb4f-443f-d0ae0bb1e885" testName="NonParallel_RemoveEdge_ExistingEdge_EdgeIsRemoved" computerName="ICSWS068" duration="00:00:00.0006524" startTime="2016-08-04T09:56:00.7161073+02:00" endTime="2016-08-04T09:56:00.7181079+02:00" testType="13cdc9d9-ddb5-4fa4-a97d-d965ccfc6d4b" outcome="Passed" testListId="8c84fa94-04c1-424b-9868-57a2d4851a1d" relativeResultsDirectory="d94bf957-5b4a-453e-bd64-332e32a68697" />
    <UnitTestResult executionId="07b04989-e9ed-4196-a271-dd39cdaa6cd9" testId="a6f6feb5-22f3-f523-1686-40d4bd6f8211" testName="NonParallel_RemoveEdge_NonExistingEdge_EdgeIsRemoved" computerName="ICSWS068" duration="00:00:00.0003876" startTime="2016-08-04T09:56:00.7206096+02:00" endTime="2016-08-04T09:56:00.7211099+02:00" testType="13cdc9d9-ddb5-4fa4-a97d-d965ccfc6d4b" outcome="Passed" testListId="8c84fa94-04c1-424b-9868-57a2d4851a1d" relativeResultsDirectory="07b04989-e9ed-4196-a271-dd39cdaa6cd9" />
    <UnitTestResult executionId="5adb3802-208b-41b3-8a38-a41d7b21b24e" testId="35be4e2f-6282-14b7-119c-be1d6ab1e7f4" testName="NonParallel_RemoveEdgeByPredicate_ExistingEdges_EdgesAreRemoved" computerName="ICSWS068" duration="00:00:00.0023225" startTime="2016-08-04T09:56:00.7255022+02:00" endTime="2016-08-04T09:56:00.7334856+02:00" testType="13cdc9d9-ddb5-4fa4-a97d-d965ccfc6d4b" outcome="Passed" testListId="8c84fa94-04c1-424b-9868-57a2d4851a1d" relativeResultsDirectory="5adb3802-208b-41b3-8a38-a41d7b21b24e" />
    <UnitTestResult executionId="e94cb879-d627-456f-8fd0-91e64f5cb74c" testId="8cfd6c93-c9e7-17ff-21c2-03e39641a8d1" testName="NonParallel_ClearVertex_ExistingVertex_AllEdgesAreRemoved" computerName="ICSWS068" duration="00:00:00.0019679" startTime="2016-08-04T09:56:00.7359873+02:00" endTime="2016-08-04T09:56:00.7395063+02:00" testType="13cdc9d9-ddb5-4fa4-a97d-d965ccfc6d4b" outcome="Passed" testListId="8c84fa94-04c1-424b-9868-57a2d4851a1d" relativeResultsDirectory="e94cb879-d627-456f-8fd0-91e64f5cb74c" />
    <UnitTestResult executionId="93fd4c48-72da-4f16-a8dd-d59cbd12fbae" testId="3a8f3fd2-5962-8948-1b79-e839bc2051fb" testName="NonParallel_ClearVertex_NonExistingVertex_ThrowsVertexNotFoundException" computerName="ICSWS068" duration="00:00:00.0005788" startTime="2016-08-04T09:56:00.7424960+02:00" endTime="2016-08-04T09:56:00.7439977+02:00" testType="13cdc9d9-ddb5-4fa4-a97d-d965ccfc6d4b" outcome="Passed" testListId="8c84fa94-04c1-424b-9868-57a2d4851a1d" relativeResultsDirectory="93fd4c48-72da-4f16-a8dd-d59cbd12fbae" />
    <UnitTestResult executionId="ec63d2b2-8863-4007-8e9d-b778ad929f00" testId="3e748dea-a737-b584-fabc-71f7d932bd01" testName="NonParallel_RemoveVertex_ExistingVertex_VertexAndAllEdgesAreRemoved" computerName="ICSWS068" duration="00:00:00.0004304" startTime="2016-08-04T09:56:00.7465144+02:00" endTime="2016-08-04T09:56:00.7480009+02:00" testType="13cdc9d9-ddb5-4fa4-a97d-d965ccfc6d4b" outcome="Passed" testListId="8c84fa94-04c1-424b-9868-57a2d4851a1d" relativeResultsDirectory="ec63d2b2-8863-4007-8e9d-b778ad929f00" />
    <UnitTestResult executionId="2a673024-c667-460d-8c91-a7972dd4c164" testId="687b8eaf-8b46-94bd-0655-3ce2340cd5bd" testName="NonParallel_RemoveVertex_NonExistingVertex_ThrowsVertexNotFoundException" computerName="ICSWS068" duration="00:00:00.0005102" startTime="2016-08-04T09:56:00.7505014+02:00" endTime="2016-08-04T09:56:00.7520196+02:00" testType="13cdc9d9-ddb5-4fa4-a97d-d965ccfc6d4b" outcome="Passed" testListId="8c84fa94-04c1-424b-9868-57a2d4851a1d" relativeResultsDirectory="2a673024-c667-460d-8c91-a7972dd4c164" />
    <UnitTestResult executionId="1d97f7fa-d347-4f4e-80b4-661734911b86" testId="88ea4b4b-2e1b-3535-597d-422b62d7fb81" testName="NonParallel_Clear_VerticesAndEdgesAreAllRemoved" computerName="ICSWS068" duration="00:00:00.0002917" startTime="2016-08-04T09:56:00.7545234+02:00" endTime="2016-08-04T09:56:00.7560239+02:00" testType="13cdc9d9-ddb5-4fa4-a97d-d965ccfc6d4b" outcome="Passed" testListId="8c84fa94-04c1-424b-9868-57a2d4851a1d" relativeResultsDirectory="1d97f7fa-d347-4f4e-80b4-661734911b86" />
    <UnitTestResult executionId="2b12aca1-7721-4351-87e1-601c0f577729" testId="c8698dd8-56a2-86c8-23c8-cd40a865f803" testName="NonParallel_RemoveOutEdgeIf_ExistingEdges_CorrectEdgesAreRemovedAndCorrectResultReturned" computerName="ICSWS068" duration="00:00:00.0012589" startTime="2016-08-04T09:56:00.7585256+02:00" endTime="2016-08-04T09:56:00.7610432+02:00" testType="13cdc9d9-ddb5-4fa4-a97d-d965ccfc6d4b" outcome="Passed" testListId="8c84fa94-04c1-424b-9868-57a2d4851a1d" relativeResultsDirectory="2b12aca1-7721-4351-87e1-601c0f577729" />
    <UnitTestResult executionId="84f797df-52a2-4032-a9a9-da9757a07675" testId="5ffd8817-a8bc-c802-8cd1-8c32f65a139d" testName="NonParallel_RemoveOutEdgeIf_NonExistingVertex_ThrowsVertexNotFoundException" computerName="ICSWS068" duration="00:00:00.0005999" startTime="2016-08-04T09:56:00.7637766+02:00" endTime="2016-08-04T09:56:00.7652936+02:00" testType="13cdc9d9-ddb5-4fa4-a97d-d965ccfc6d4b" outcome="Passed" testListId="8c84fa94-04c1-424b-9868-57a2d4851a1d" relativeResultsDirectory="84f797df-52a2-4032-a9a9-da9757a07675" />
    <UnitTestResult executionId="564ad39a-cf50-4bcc-8291-5f43a94e2636" testId="a0525aa4-3d02-d171-359e-046b35eafa4c" testName="NonParallel_ClearOutEdges_ExistingVertex_CorrectEdgesAreRemoved" computerName="ICSWS068" duration="00:00:00.0015506" startTime="2016-08-04T09:56:00.7677809+02:00" endTime="2016-08-04T09:56:00.7707823+02:00" testType="13cdc9d9-ddb5-4fa4-a97d-d965ccfc6d4b" outcome="Passed" testListId="8c84fa94-04c1-424b-9868-57a2d4851a1d" relativeResultsDirectory="564ad39a-cf50-4bcc-8291-5f43a94e2636" />
    <UnitTestResult executionId="632f8ee6-ef9c-4df0-8e75-b98225bfdb43" testId="4abd80f8-6ee1-ba2f-4a5a-d10af2bff9de" testName="NonParallel_ClearOutEdges_NonExistingVertex_ThrowsVertexNotFoundException" computerName="ICSWS068" duration="00:00:00.0007947" startTime="2016-08-04T09:56:00.7732574+02:00" endTime="2016-08-04T09:56:00.7752588+02:00" testType="13cdc9d9-ddb5-4fa4-a97d-d965ccfc6d4b" outcome="Passed" testListId="8c84fa94-04c1-424b-9868-57a2d4851a1d" relativeResultsDirectory="632f8ee6-ef9c-4df0-8e75-b98225bfdb43" />
    <UnitTestResult executionId="63bb02d2-abd4-4537-89e2-3597269f0b92" testId="d732bfff-2532-8c97-9501-364150bb5e6d" testName="Parallel_Populate_GraphIsCorrect" computerName="ICSWS068" duration="00:00:00.0006146" startTime="2016-08-04T09:56:00.7782608+02:00" endTime="2016-08-04T09:56:00.7802619+02:00" testType="13cdc9d9-ddb5-4fa4-a97d-d965ccfc6d4b" outcome="Passed" testListId="8c84fa94-04c1-424b-9868-57a2d4851a1d" relativeResultsDirectory="63bb02d2-abd4-4537-89e2-3597269f0b92" />
    <UnitTestResult executionId="b9a623ef-ca4d-4404-bb46-7c9932800854" testId="24728be4-efcf-eadf-67c3-4d740aa40bbd" testName="Parallel_PopulateFullyConnectedGraph_GetOutDegreeIsCorrect" computerName="ICSWS068" duration="00:00:00.0009369" startTime="2016-08-04T09:56:00.7822663+02:00" endTime="2016-08-04T09:56:00.7842850+02:00" testType="13cdc9d9-ddb5-4fa4-a97d-d965ccfc6d4b" outcome="Passed" testListId="8c84fa94-04c1-424b-9868-57a2d4851a1d" relativeResultsDirectory="b9a623ef-ca4d-4404-bb46-7c9932800854" />
    <UnitTestResult executionId="20a57b81-4fd9-4491-a17a-92b9e3bab0b0" testId="ba7be781-dc23-f022-7cda-9d1acf60f7c2" testName="Parallel_Populate_GetOutEdgesIsCorrect" computerName="ICSWS068" duration="00:00:00.0001521" startTime="2016-08-04T09:56:00.7867736+02:00" endTime="2016-08-04T09:56:00.7877891+02:00" testType="13cdc9d9-ddb5-4fa4-a97d-d965ccfc6d4b" outcome="Passed" testListId="8c84fa94-04c1-424b-9868-57a2d4851a1d" relativeResultsDirectory="20a57b81-4fd9-4491-a17a-92b9e3bab0b0" />
    <UnitTestResult executionId="1e0cdbe9-ffdc-437f-a6fa-7d82bb28a44a" testId="4a0074a5-4fd1-02df-d591-967e66f48683" testName="Parallel_PopulateFullyConnected_GetOutEdgesIsCorrect" computerName="ICSWS068" duration="00:00:00.0004046" startTime="2016-08-04T09:56:00.7907741+02:00" endTime="2016-08-04T09:56:00.7927814+02:00" testType="13cdc9d9-ddb5-4fa4-a97d-d965ccfc6d4b" outcome="Passed" testListId="8c84fa94-04c1-424b-9868-57a2d4851a1d" relativeResultsDirectory="1e0cdbe9-ffdc-437f-a6fa-7d82bb28a44a" />
    <UnitTestResult executionId="05c9269d-5eb2-49c0-9681-1de4e2841d9c" testId="1e4e364e-ca56-b7d2-b261-88c84d2c3fa4" testName="Parallel_AddVertex_AlreadyExistingVertex_ThrowsArgumentException" computerName="ICSWS068" duration="00:00:00.0003847" startTime="2016-08-04T09:56:00.7952939+02:00" endTime="2016-08-04T09:56:00.7967998+02:00" testType="13cdc9d9-ddb5-4fa4-a97d-d965ccfc6d4b" outcome="Passed" testListId="8c84fa94-04c1-424b-9868-57a2d4851a1d" relativeResultsDirectory="05c9269d-5eb2-49c0-9681-1de4e2841d9c" />
    <UnitTestResult executionId="96b96097-692c-4888-9ad0-2e93cb2ac069" testId="e32c7bcd-d5a3-442d-c61d-9bd0b5e6098a" testName="Parallel_AddEdge_AlreadyExistingEdge_Succeeds" computerName="ICSWS068" duration="00:00:00.0002519" startTime="2016-08-04T09:56:00.7992857+02:00" endTime="2016-08-04T09:56:00.8003021+02:00" testType="13cdc9d9-ddb5-4fa4-a97d-d965ccfc6d4b" outcome="Passed" testListId="8c84fa94-04c1-424b-9868-57a2d4851a1d" relativeResultsDirectory="96b96097-692c-4888-9ad0-2e93cb2ac069" />
    <UnitTestResult executionId="9ac88e39-ddea-4e46-89e9-cf5b1a89e5ac" testId="b3921a72-704f-c89b-36b6-be426b55a3a6" testName="Parallel_RemoveEdgeBySourceAndTarget_ExistingEdge_AllMatchingEdgesAreRemoved" computerName="ICSWS068" duration="00:00:00.0003287" startTime="2016-08-04T09:56:00.8027190+02:00" endTime="2016-08-04T09:56:00.8042216+02:00" testType="13cdc9d9-ddb5-4fa4-a97d-d965ccfc6d4b" outcome="Passed" testListId="8c84fa94-04c1-424b-9868-57a2d4851a1d" relativeResultsDirectory="9ac88e39-ddea-4e46-89e9-cf5b1a89e5ac" />
    <UnitTestResult executionId="870881d5-e395-403c-ad86-ebac3bfa7d7c" testId="e6731686-ed36-3e67-8716-72c922f9c12c" testName="Parallel_RemoveEdgeBySourceAndTarget_NonExistingEdge_ReturnsFalse" computerName="ICSWS068" duration="00:00:00.0003727" startTime="2016-08-04T09:56:00.8067242+02:00" endTime="2016-08-04T09:56:00.8087254+02:00" testType="13cdc9d9-ddb5-4fa4-a97d-d965ccfc6d4b" outcome="Passed" testListId="8c84fa94-04c1-424b-9868-57a2d4851a1d" relativeResultsDirectory="870881d5-e395-403c-ad86-ebac3bfa7d7c" />
    <UnitTestResult executionId="6136aff1-23c7-4c8b-bc06-792193eb61bb" testId="bbb303a5-8c50-158a-04c0-a63737ca2fc8" testName="Parallel_RemoveEdgeBySourceAndTarget_NonExistingSourceVertex_ReturnsFalse" computerName="ICSWS068" duration="00:00:00.0003592" startTime="2016-08-04T09:56:00.8112283+02:00" endTime="2016-08-04T09:56:00.8127309+02:00" testType="13cdc9d9-ddb5-4fa4-a97d-d965ccfc6d4b" outcome="Passed" testListId="8c84fa94-04c1-424b-9868-57a2d4851a1d" relativeResultsDirectory="6136aff1-23c7-4c8b-bc06-792193eb61bb" />
    <UnitTestResult executionId="dd38db00-5933-4d63-b839-4d6c20136274" testId="cc9bcd82-58cc-b880-afa5-31393dbb1cf5" testName="Parallel_RemoveEdgeBySourceAndTarget_NonExistingTargetVertex_ReturnsFalse" computerName="ICSWS068" duration="00:00:00.0003126" startTime="2016-08-04T09:56:00.8152326+02:00" endTime="2016-08-04T09:56:00.8167490+02:00" testType="13cdc9d9-ddb5-4fa4-a97d-d965ccfc6d4b" outcome="Passed" testListId="8c84fa94-04c1-424b-9868-57a2d4851a1d" relativeResultsDirectory="dd38db00-5933-4d63-b839-4d6c20136274" />
    <UnitTestResult executionId="cb191d42-ac99-47a8-92ef-c282100521fc" testId="d2f679dc-7501-a688-c0a3-b2650c2beacf" testName="Parallel_RemoveEdge_ExistingEdge_EdgeIsRemoved" computerName="ICSWS068" duration="00:00:00.0003334" startTime="2016-08-04T09:56:00.8187364+02:00" endTime="2016-08-04T09:56:00.8202519+02:00" testType="13cdc9d9-ddb5-4fa4-a97d-d965ccfc6d4b" outcome="Passed" testListId="8c84fa94-04c1-424b-9868-57a2d4851a1d" relativeResultsDirectory="cb191d42-ac99-47a8-92ef-c282100521fc" />
    <UnitTestResult executionId="c821f9a7-b708-4196-887c-ef628f615180" testId="1faed937-c264-2535-0777-4bc3c6e519a5" testName="Parallel_RemoveEdge_NonExistingEdge_ReturnsFalse" computerName="ICSWS068" duration="00:00:00.0004175" startTime="2016-08-04T09:56:00.8228536+02:00" endTime="2016-08-04T09:56:00.8248374+02:00" testType="13cdc9d9-ddb5-4fa4-a97d-d965ccfc6d4b" outcome="Passed" testListId="8c84fa94-04c1-424b-9868-57a2d4851a1d" relativeResultsDirectory="c821f9a7-b708-4196-887c-ef628f615180" />
    <UnitTestResult executionId="bb450268-2f00-432c-ae8c-dd94d39aeb03" testId="97ecaed0-9e93-d55d-25af-d606acb5a32f" testName="Parallel_RemoveEdgeByPredicate_ExistingEdges_EdgesAreRemoved" computerName="ICSWS068" duration="00:00:00.0004891" startTime="2016-08-04T09:56:00.8273391+02:00" endTime="2016-08-04T09:56:00.8288573+02:00" testType="13cdc9d9-ddb5-4fa4-a97d-d965ccfc6d4b" outcome="Passed" testListId="8c84fa94-04c1-424b-9868-57a2d4851a1d" relativeResultsDirectory="bb450268-2f00-432c-ae8c-dd94d39aeb03" />
    <UnitTestResult executionId="7f5225e2-f4c9-4535-baf7-136884809f34" testId="f6a75167-af62-fcea-9b2d-ed6ee44263d3" testName="Parallel_ClearVertex_ExistingVertex_AllEdgesAreRemoved" computerName="ICSWS068" duration="00:00:00.0002829" startTime="2016-08-04T09:56:00.8313446+02:00" endTime="2016-08-04T09:56:00.8328789+02:00" testType="13cdc9d9-ddb5-4fa4-a97d-d965ccfc6d4b" outcome="Passed" testListId="8c84fa94-04c1-424b-9868-57a2d4851a1d" relativeResultsDirectory="7f5225e2-f4c9-4535-baf7-136884809f34" />
    <UnitTestResult executionId="7011739b-0836-46a6-b62a-a259f585a750" testId="c3dcbd87-7bcf-f437-2536-9f452d0b9270" testName="Parallel_ClearVertex_NonExistingVertex_ThrowsVertexNotFoundException" computerName="ICSWS068" duration="00:00:00.0005070" startTime="2016-08-04T09:56:00.8348818+02:00" endTime="2016-08-04T09:56:00.8363657+02:00" testType="13cdc9d9-ddb5-4fa4-a97d-d965ccfc6d4b" outcome="Passed" testListId="8c84fa94-04c1-424b-9868-57a2d4851a1d" relativeResultsDirectory="7011739b-0836-46a6-b62a-a259f585a750" />
    <UnitTestResult executionId="eaa6df00-7d4a-4ec2-a81c-1756ec325587" testId="caca3d23-7458-f0d9-2821-ee4af17edd8f" testName="Parallel_RemoveVertex_ExistingVertex_VertexAndAllEdgesAreRemoved" computerName="ICSWS068" duration="00:00:00.0003067" startTime="2016-08-04T09:56:00.8393677+02:00" endTime="2016-08-04T09:56:00.8408858+02:00" testType="13cdc9d9-ddb5-4fa4-a97d-d965ccfc6d4b" outcome="Passed" testListId="8c84fa94-04c1-424b-9868-57a2d4851a1d" relativeResultsDirectory="eaa6df00-7d4a-4ec2-a81c-1756ec325587" />
    <UnitTestResult executionId="d4418f36-4c41-4913-8ec2-6340a54fbfc4" testId="24ede4b6-0883-1e29-cd7e-2cc1e34d5304" testName="Parallel_RemoveVertex_NonExistingVertex_ThrowsVertexNotFoundException" computerName="ICSWS068" duration="00:00:00.0005410" startTime="2016-08-04T09:56:00.8434761+02:00" endTime="2016-08-04T09:56:00.8449778+02:00" testType="13cdc9d9-ddb5-4fa4-a97d-d965ccfc6d4b" outcome="Passed" testListId="8c84fa94-04c1-424b-9868-57a2d4851a1d" relativeResultsDirectory="d4418f36-4c41-4913-8ec2-6340a54fbfc4" />
    <UnitTestResult executionId="ddf99fce-6147-436c-be01-1edb4ec64116" testId="0bd22ce6-e498-b3b7-2fb9-337bd3e4ff55" testName="Parallel_Clear_VerticesAndEdgesAreAllRemoved" computerName="ICSWS068" duration="00:00:00.0001774" startTime="2016-08-04T09:56:00.8474790+02:00" endTime="2016-08-04T09:56:00.8489986+02:00" testType="13cdc9d9-ddb5-4fa4-a97d-d965ccfc6d4b" outcome="Passed" testListId="8c84fa94-04c1-424b-9868-57a2d4851a1d" relativeResultsDirectory="ddf99fce-6147-436c-be01-1edb4ec64116" />
    <UnitTestResult executionId="0f77215b-de67-46ca-8ace-567124be43bc" testId="fdd371e1-aa15-08e5-08fc-724fd3a9961e" testName="Parallel_RemoveOutEdgeIf_ExistingEdges_CorrectEdgesAreRemovedAndCorrectResultReturned" computerName="ICSWS068" duration="00:00:00.0004999" startTime="2016-08-04T09:56:00.8514833+02:00" endTime="2016-08-04T09:56:00.8535041+02:00" testType="13cdc9d9-ddb5-4fa4-a97d-d965ccfc6d4b" outcome="Passed" testListId="8c84fa94-04c1-424b-9868-57a2d4851a1d" relativeResultsDirectory="0f77215b-de67-46ca-8ace-567124be43bc" />
    <UnitTestResult executionId="f3666fa7-724b-4a60-99d4-4e53173999a0" testId="08ed9043-7af9-5c9b-fa68-0c206686098a" testName="Parallel_RemoveOutEdgeIf_NonExistingVertex_ThrowsVertexNotFoundException" computerName="ICSWS068" duration="00:00:00.0006911" startTime="2016-08-04T09:56:00.8560043+02:00" endTime="2016-08-04T09:56:00.8579899+02:00" testType="13cdc9d9-ddb5-4fa4-a97d-d965ccfc6d4b" outcome="Passed" testListId="8c84fa94-04c1-424b-9868-57a2d4851a1d" relativeResultsDirectory="f3666fa7-724b-4a60-99d4-4e53173999a0" />
    <UnitTestResult executionId="9874401a-55c4-4ef5-93ac-15d016a307a0" testId="df509762-ad40-9fb3-3420-a1733f53ac38" testName="Parallel_ClearOutEdges_ExistingVertex_CorrectEdgesAreRemoved" computerName="ICSWS068" duration="00:00:00.0003014" startTime="2016-08-04T09:56:00.8609928+02:00" endTime="2016-08-04T09:56:00.8624978+02:00" testType="13cdc9d9-ddb5-4fa4-a97d-d965ccfc6d4b" outcome="Passed" testListId="8c84fa94-04c1-424b-9868-57a2d4851a1d" relativeResultsDirectory="9874401a-55c4-4ef5-93ac-15d016a307a0" />
    <UnitTestResult executionId="380d685d-7af0-4589-a4a3-053a60d873f4" testId="462601c3-d01e-1e18-49b2-da75c3227981" testName="Parallel_ClearOutEdges_NonExistingVertex_ThrowsVertexNotFoundException" computerName="ICSWS068" duration="00:00:00.0005680" startTime="2016-08-04T09:56:00.8650153+02:00" endTime="2016-08-04T09:56:00.8670174+02:00" testType="13cdc9d9-ddb5-4fa4-a97d-d965ccfc6d4b" outcome="Passed" testListId="8c84fa94-04c1-424b-9868-57a2d4851a1d" relativeResultsDirectory="380d685d-7af0-4589-a4a3-053a60d873f4" />
    <UnitTestResult executionId="be87000e-e4aa-415b-8d90-4650701dda00" testId="75a0eb3e-e160-8f2f-52e3-1f5ee3a37e92" testName="AssemblyNameUtils_CreateTest" computerName="ICSWS068" duration="00:00:00.0012480" startTime="2016-08-04T09:56:00.8690170+02:00" endTime="2016-08-04T09:56:00.8715047+02:00" testType="13cdc9d9-ddb5-4fa4-a97d-d965ccfc6d4b" outcome="Passed" testListId="8c84fa94-04c1-424b-9868-57a2d4851a1d" relativeResultsDirectory="be87000e-e4aa-415b-8d90-4650701dda00" />
    <UnitTestResult executionId="fe6aa193-a9b5-4dc8-b40a-47dc0316d999" testId="68131229-dfc3-7d09-7391-665cbd05846d" testName="AssemblyNameUtils_CreateTest2" computerName="ICSWS068" duration="00:00:00.0004950" startTime="2016-08-04T09:56:00.8745105+02:00" endTime="2016-08-04T09:56:00.8765131+02:00" testType="13cdc9d9-ddb5-4fa4-a97d-d965ccfc6d4b" outcome="Passed" testListId="8c84fa94-04c1-424b-9868-57a2d4851a1d" relativeResultsDirectory="fe6aa193-a9b5-4dc8-b40a-47dc0316d999" />
    <UnitTestResult executionId="0bc46e6a-7e87-4c23-bf3a-d81fd5269141" testId="941d3a9c-f7eb-ab83-6d7f-523584545920" testName="AssemblyNameUtils_CreateTest3" computerName="ICSWS068" duration="00:00:00.0002841" startTime="2016-08-04T09:56:00.8790139+02:00" endTime="2016-08-04T09:56:00.8805148+02:00" testType="13cdc9d9-ddb5-4fa4-a97d-d965ccfc6d4b" outcome="Passed" testListId="8c84fa94-04c1-424b-9868-57a2d4851a1d" relativeResultsDirectory="0bc46e6a-7e87-4c23-bf3a-d81fd5269141" />
    <UnitTestResult executionId="ce18ad6c-0d96-44c5-9f56-3ddbc293d127" testId="a3a9a692-29f7-f10f-1079-25ac333e696b" testName="AssemblyNameUtils_GetPublicKeyTokenAsStringTest" computerName="ICSWS068" duration="00:00:00.0008949" startTime="2016-08-04T09:56:00.8825350+02:00" endTime="2016-08-04T09:56:00.8845379+02:00" testType="13cdc9d9-ddb5-4fa4-a97d-d965ccfc6d4b" outcome="Passed" testListId="8c84fa94-04c1-424b-9868-57a2d4851a1d" relativeResultsDirectory="ce18ad6c-0d96-44c5-9f56-3ddbc293d127" />
    <UnitTestResult executionId="0b93fe35-75a6-4514-9ca8-60be9a9437c9" testId="0f8d91e4-ee4f-4008-c4ef-dad66b6c412b" testName="AddDefaultServices_ContainerIsNull_Throws" computerName="ICSWS068" duration="00:00:00.0040113" startTime="2016-08-04T09:56:00.8875229+02:00" endTime="2016-08-04T09:56:00.8927659+02:00" testType="13cdc9d9-ddb5-4fa4-a97d-d965ccfc6d4b" outcome="Passed" testListId="8c84fa94-04c1-424b-9868-57a2d4851a1d" relativeResultsDirectory="0b93fe35-75a6-4514-9ca8-60be9a9437c9" />
    <UnitTestResult executionId="fbb01475-8e21-4ca4-8fab-b8f2d822de74" testId="26a705a7-e0af-7e55-43cf-5e59c148b181" testName="AddDefaultServices_ContainerIsNotNull_Succeeds" computerName="ICSWS068" duration="00:00:00.0026650" startTime="2016-08-04T09:56:00.8957705+02:00" endTime="2016-08-04T09:56:00.8997898+02:00" testType="13cdc9d9-ddb5-4fa4-a97d-d965ccfc6d4b" outcome="Passed" testListId="8c84fa94-04c1-424b-9868-57a2d4851a1d" relativeResultsDirectory="fbb01475-8e21-4ca4-8fab-b8f2d822de74" />
    <UnitTestResult executionId="f93ceaff-eb62-4ec4-b52d-9bf740c46333" testId="9f1fa591-67db-55a0-b3f6-cf72294b7e50" testName="AddDefaultServices_ContainerIsNotEmptyKeepExistingIsFalse_ContainerHasNewServiceInstance" computerName="ICSWS068" duration="00:00:00.0009548" startTime="2016-08-04T09:56:00.9022754+02:00" endTime="2016-08-04T09:56:00.9042936+02:00" testType="13cdc9d9-ddb5-4fa4-a97d-d965ccfc6d4b" outcome="Passed" testListId="8c84fa94-04c1-424b-9868-57a2d4851a1d" relativeResultsDirectory="f93ceaff-eb62-4ec4-b52d-9bf740c46333" />
    <UnitTestResult executionId="f3ece942-a5a1-4a7a-9ac0-284033f7448b" testId="8c712f9a-acd9-817c-8375-f238c6f081ed" testName="AddDefaultServices_ContainerIsNotEmptyKeepExistingIsTrue_ContainerHasOldServiceInstance" computerName="ICSWS068" duration="00:00:00.0011832" startTime="2016-08-04T09:56:00.9072791+02:00" endTime="2016-08-04T09:56:00.9102820+02:00" testType="13cdc9d9-ddb5-4fa4-a97d-d965ccfc6d4b" outcome="Passed" testListId="8c84fa94-04c1-424b-9868-57a2d4851a1d" relativeResultsDirectory="f3ece942-a5a1-4a7a-9ac0-284033f7448b" />
    <UnitTestResult executionId="66146a98-0cb2-4039-a93b-548f3fc1e36c" testId="84c4a44a-7f2a-c0ff-cc0b-adcf903793ec" testName="AddDefaultServices_ContainerIsEmpty_ContainerHasIEMailValidatorService" computerName="ICSWS068" duration="00:00:00.0001794" startTime="2016-08-04T09:56:00.9127861+02:00" endTime="2016-08-04T09:56:00.9142872+02:00" testType="13cdc9d9-ddb5-4fa4-a97d-d965ccfc6d4b" outcome="Passed" testListId="8c84fa94-04c1-424b-9868-57a2d4851a1d" relativeResultsDirectory="66146a98-0cb2-4039-a93b-548f3fc1e36c" />
    <UnitTestResult executionId="9334f17d-4749-410e-987f-d6fe49c18ee3" testId="5fad0f52-83eb-c5c9-a6b6-67f19952f7d9" testName="AddDefaultServices_ContainerIsEmpty_ContainerHasIProcessService" computerName="ICSWS068" duration="00:00:00.0002090" startTime="2016-08-04T09:56:00.9163045+02:00" endTime="2016-08-04T09:56:00.9177907+02:00" testType="13cdc9d9-ddb5-4fa4-a97d-d965ccfc6d4b" outcome="Passed" testListId="8c84fa94-04c1-424b-9868-57a2d4851a1d" relativeResultsDirectory="9334f17d-4749-410e-987f-d6fe49c18ee3" />
    <UnitTestResult executionId="e4443c72-2276-49d3-a303-d0e2533bc70e" testId="8a02fbf6-b719-4d76-805f-f5971de64128" testName="AddDefaultServices_ContainerIsEmpty_ContainerHasIPathProvider" computerName="ICSWS068" duration="00:00:00.0001659" startTime="2016-08-04T09:56:00.9202921+02:00" endTime="2016-08-04T09:56:00.9212924+02:00" testType="13cdc9d9-ddb5-4fa4-a97d-d965ccfc6d4b" outcome="Passed" testListId="8c84fa94-04c1-424b-9868-57a2d4851a1d" relativeResultsDirectory="e4443c72-2276-49d3-a303-d0e2533bc70e" />
    <UnitTestResult executionId="ae1377b9-af4b-4b69-97f8-681cdf7ee65b" testId="194e9271-3995-0edd-2826-470d4e226a93" testName="AddDefaultServices_ContainerIsEmpty_ContainerHasIXmlUtilsService" computerName="ICSWS068" duration="00:00:00.0002290" startTime="2016-08-04T09:56:00.9242953+02:00" endTime="2016-08-04T09:56:00.9258131+02:00" testType="13cdc9d9-ddb5-4fa4-a97d-d965ccfc6d4b" outcome="Passed" testListId="8c84fa94-04c1-424b-9868-57a2d4851a1d" relativeResultsDirectory="ae1377b9-af4b-4b69-97f8-681cdf7ee65b" />
    <UnitTestResult executionId="5abd6180-15e6-4954-9d30-2cc2ab517614" testId="18b6fc83-ac1b-a158-4e22-9cebbcb3c93a" testName="AddDefaultServices_ContainerIsEmpty_ContainerHasIFileSystemService" computerName="ICSWS068" duration="00:00:00.0002041" startTime="2016-08-04T09:56:00.9287975+02:00" endTime="2016-08-04T09:56:00.9297984+02:00" testType="13cdc9d9-ddb5-4fa4-a97d-d965ccfc6d4b" outcome="Passed" testListId="8c84fa94-04c1-424b-9868-57a2d4851a1d" relativeResultsDirectory="5abd6180-15e6-4954-9d30-2cc2ab517614" />
    <UnitTestResult executionId="c7b4d804-12bc-4c0d-a693-0767f70e9f7a" testId="9826f91e-4d85-7bef-90c6-b4cb75aab7aa" testName="AddDefaultServices_ContainerIsEmpty_ContainerHasIDateTimeService" computerName="ICSWS068" duration="00:00:00.0002082" startTime="2016-08-04T09:56:00.9328025+02:00" endTime="2016-08-04T09:56:00.9343027+02:00" testType="13cdc9d9-ddb5-4fa4-a97d-d965ccfc6d4b" outcome="Passed" testListId="8c84fa94-04c1-424b-9868-57a2d4851a1d" relativeResultsDirectory="c7b4d804-12bc-4c0d-a693-0767f70e9f7a" />
    <UnitTestResult executionId="1e68f16d-2993-4f4b-84cc-8cb83bb3b217" testId="7a761349-3514-435f-cd81-0aa7aa69f055" testName="AddDefaultServices_ContainerIsEmpty_ContainerHasIFactoryWarehouse" computerName="ICSWS068" duration="00:00:00.0001727" startTime="2016-08-04T09:56:00.9368044+02:00" endTime="2016-08-04T09:56:00.9378041+02:00" testType="13cdc9d9-ddb5-4fa4-a97d-d965ccfc6d4b" outcome="Passed" testListId="8c84fa94-04c1-424b-9868-57a2d4851a1d" relativeResultsDirectory="1e68f16d-2993-4f4b-84cc-8cb83bb3b217" />
    <UnitTestResult executionId="101404c4-a787-4c09-ac14-51b5d0b89429" testId="b91af2da-0691-f8a9-5a9b-7815c076d11a" testName="AddDefaultServices_ContainerIsEmpty_ContainerHasIStreamUtility" computerName="ICSWS068" duration="00:00:00.0002143" startTime="2016-08-04T09:56:00.9408073+02:00" endTime="2016-08-04T09:56:00.9423275+02:00" testType="13cdc9d9-ddb5-4fa4-a97d-d965ccfc6d4b" outcome="Passed" testListId="8c84fa94-04c1-424b-9868-57a2d4851a1d" relativeResultsDirectory="101404c4-a787-4c09-ac14-51b5d0b89429" />
    <UnitTestResult executionId="ea6f6bad-24ff-4019-afee-3b099736e498" testId="a035156e-e06e-ab79-e140-5702b1d691c6" testName="AddDefaultServices_ContainerIsEmpty_ContainerHasINamedPipeFactory" computerName="ICSWS068" duration="00:00:00.0001765" startTime="2016-08-04T09:56:00.9448307+02:00" endTime="2016-08-04T09:56:00.9458316+02:00" testType="13cdc9d9-ddb5-4fa4-a97d-d965ccfc6d4b" outcome="Passed" testListId="8c84fa94-04c1-424b-9868-57a2d4851a1d" relativeResultsDirectory="ea6f6bad-24ff-4019-afee-3b099736e498" />
    <UnitTestResult executionId="789b705c-cc0e-4f65-848f-fadc57b7cbd0" testId="dcb52ed9-a78d-96a8-dff5-148d1bab218c" testName="AddDefaultServices_ContainerIsEmpty_ContainerHasIPasswordService" computerName="ICSWS068" duration="00:00:00.0001835" startTime="2016-08-04T09:56:00.9488350+02:00" endTime="2016-08-04T09:56:00.9503523+02:00" testType="13cdc9d9-ddb5-4fa4-a97d-d965ccfc6d4b" outcome="Passed" testListId="8c84fa94-04c1-424b-9868-57a2d4851a1d" relativeResultsDirectory="789b705c-cc0e-4f65-848f-fadc57b7cbd0" />
    <UnitTestResult executionId="376b25e5-5234-47cb-9bd1-0b9007fe0ad5" testId="84a8b8c3-bda0-a40b-aaae-432460c59245" testName="GetEncryptionCryptoTransform_KeyIsNull_Throws" computerName="ICSWS068" duration="00:00:00.0008398" startTime="2016-08-04T09:56:00.9523546+02:00" endTime="2016-08-04T09:56:00.9548578+02:00" testType="13cdc9d9-ddb5-4fa4-a97d-d965ccfc6d4b" outcome="Passed" testListId="8c84fa94-04c1-424b-9868-57a2d4851a1d" relativeResultsDirectory="376b25e5-5234-47cb-9bd1-0b9007fe0ad5" />
    <UnitTestResult executionId="bfa6f3d4-574c-42a8-8996-6e8283673020" testId="9d75b788-c121-bf4c-47dc-77f4e626f3b1" testName="GetEncryptionCryptoTransform_KeyIsEmpty_Throws" computerName="ICSWS068" duration="00:00:00.0005284" startTime="2016-08-04T09:56:00.9578601+02:00" endTime="2016-08-04T09:56:00.9598774+02:00" testType="13cdc9d9-ddb5-4fa4-a97d-d965ccfc6d4b" outcome="Passed" testListId="8c84fa94-04c1-424b-9868-57a2d4851a1d" relativeResultsDirectory="bfa6f3d4-574c-42a8-8996-6e8283673020" />
    <UnitTestResult executionId="4b582313-4784-4939-a24c-6da292fc273e" testId="fe90b3a6-87f5-f302-8147-e10a01c63059" testName="GetEncryptionCryptoTransform_KeyIsValid_Success" computerName="ICSWS068" duration="00:00:00.0017603" startTime="2016-08-04T09:56:00.9623676+02:00" endTime="2016-08-04T09:56:00.9653699+02:00" testType="13cdc9d9-ddb5-4fa4-a97d-d965ccfc6d4b" outcome="Passed" testListId="8c84fa94-04c1-424b-9868-57a2d4851a1d" relativeResultsDirectory="4b582313-4784-4939-a24c-6da292fc273e" />
    <UnitTestResult executionId="054c8523-cf22-4cf3-af09-4437bfc7c105" testId="824c8972-34ed-6509-2c7e-10b8d67c3e11" testName="GetEncryptionCryptoTransform_IVIsNotSet_GeneratedIVSetOnFactory" computerName="ICSWS068" duration="00:00:00.0001536" startTime="2016-08-04T09:56:00.9678716+02:00" endTime="2016-08-04T09:56:00.9688722+02:00" testType="13cdc9d9-ddb5-4fa4-a97d-d965ccfc6d4b" outcome="Passed" testListId="8c84fa94-04c1-424b-9868-57a2d4851a1d" relativeResultsDirectory="054c8523-cf22-4cf3-af09-4437bfc7c105" />
    <UnitTestResult executionId="507982d0-94fc-4cd4-a529-6161b5b99f87" testId="73b50b91-d34a-09a4-7e2c-aef92bdf075d" testName="GetEncryptionCryptoTransform_IVIsEmpty_GeneratedIVSetOnFactory" computerName="ICSWS068" duration="00:00:00.0002527" startTime="2016-08-04T09:56:00.9718786+02:00" endTime="2016-08-04T09:56:00.9733783+02:00" testType="13cdc9d9-ddb5-4fa4-a97d-d965ccfc6d4b" outcome="Passed" testListId="8c84fa94-04c1-424b-9868-57a2d4851a1d" relativeResultsDirectory="507982d0-94fc-4cd4-a529-6161b5b99f87" />
    <UnitTestResult executionId="49ba0556-e4fe-4175-94d6-af84cb7759d4" testId="57549c88-7141-69f4-abc8-5cd1bea1bb01" testName="GetEncryptionCryptoTransform_IVIsNotEmpty_GeneratedIVSetOnFactory" computerName="ICSWS068" duration="00:00:00.0002296" startTime="2016-08-04T09:56:00.9758803+02:00" endTime="2016-08-04T09:56:00.9773829+02:00" testType="13cdc9d9-ddb5-4fa4-a97d-d965ccfc6d4b" outcome="Passed" testListId="8c84fa94-04c1-424b-9868-57a2d4851a1d" relativeResultsDirectory="49ba0556-e4fe-4175-94d6-af84cb7759d4" />
    <UnitTestResult executionId="a6ae6d14-c767-4193-8c9c-15e22f2a5b47" testId="cf1691f8-d3d6-321d-e127-e6f3b54e8c44" testName="GetDecryptionCryptoTransform_KeyIsNull_Throws" computerName="ICSWS068" duration="00:00:00.0007219" startTime="2016-08-04T09:56:00.9803843+02:00" endTime="2016-08-04T09:56:00.9824092+02:00" testType="13cdc9d9-ddb5-4fa4-a97d-d965ccfc6d4b" outcome="Passed" testListId="8c84fa94-04c1-424b-9868-57a2d4851a1d" relativeResultsDirectory="a6ae6d14-c767-4193-8c9c-15e22f2a5b47" />
    <UnitTestResult executionId="ac430ad3-16c1-456a-85e9-5a6d92fd54c6" testId="0a572a96-21a1-e2da-9d1d-2856fd1b6f2d" testName="GetDecryptionCryptoTransform_KeyIsEmpty_Throws" computerName="ICSWS068" duration="00:00:00.0005152" startTime="2016-08-04T09:56:00.9848910+02:00" endTime="2016-08-04T09:56:00.9864106+02:00" testType="13cdc9d9-ddb5-4fa4-a97d-d965ccfc6d4b" outcome="Passed" testListId="8c84fa94-04c1-424b-9868-57a2d4851a1d" relativeResultsDirectory="ac430ad3-16c1-456a-85e9-5a6d92fd54c6" />
    <UnitTestResult executionId="34514927-fcdb-4c4d-ab52-f9e0a941a541" testId="4ca4cd1b-e735-2fc6-620b-af0f391c4355" testName="GetDecryptionCryptoTransform_IVNotSet_Throws" computerName="ICSWS068" duration="00:00:00.0005820" startTime="2016-08-04T09:56:00.9888953+02:00" endTime="2016-08-04T09:56:00.9908956+02:00" testType="13cdc9d9-ddb5-4fa4-a97d-d965ccfc6d4b" outcome="Passed" testListId="8c84fa94-04c1-424b-9868-57a2d4851a1d" relativeResultsDirectory="34514927-fcdb-4c4d-ab52-f9e0a941a541" />
    <UnitTestResult executionId="95f4e245-6ce7-450a-981f-504ac73a9c8a" testId="372ffc6e-fcce-f2b2-40e7-33ca7670b482" testName="GetDecryptionCryptoTransform_ValidKeyAndIV_Success" computerName="ICSWS068" duration="00:00:00.0001961" startTime="2016-08-04T09:56:00.9935261+02:00" endTime="2016-08-04T09:56:00.9950119+02:00" testType="13cdc9d9-ddb5-4fa4-a97d-d965ccfc6d4b" outcome="Passed" testListId="8c84fa94-04c1-424b-9868-57a2d4851a1d" relativeResultsDirectory="95f4e245-6ce7-450a-981f-504ac73a9c8a" />
    <UnitTestResult executionId="35f37535-a046-4e9e-b11b-dedec5fffca3" testId="a4b9acb1-c47e-044c-d8b2-28cd649d70d0" testName="KeySizeInBytes_Version1_Returns32" computerName="ICSWS068" duration="00:00:00.0002606" startTime="2016-08-04T09:56:00.9975143+02:00" endTime="2016-08-04T09:56:00.9990139+02:00" testType="13cdc9d9-ddb5-4fa4-a97d-d965ccfc6d4b" outcome="Passed" testListId="8c84fa94-04c1-424b-9868-57a2d4851a1d" relativeResultsDirectory="35f37535-a046-4e9e-b11b-dedec5fffca3" />
    <UnitTestResult executionId="31a6aac2-2558-4c47-9efc-d75854e2af2f" testId="97fa1f2b-b321-84f1-e428-6c7db0166a96" testName="CustomAttributeTableType_MultipleCallsToMappingOfType_TypeIsMappedOnlyOnce" computerName="ICSWS068" duration="00:00:00.0026113" startTime="2016-08-04T09:56:01.0013203+02:00" endTime="2016-08-04T09:56:01.0053256+02:00" testType="13cdc9d9-ddb5-4fa4-a97d-d965ccfc6d4b" outcome="Passed" testListId="8c84fa94-04c1-424b-9868-57a2d4851a1d" relativeResultsDirectory="31a6aac2-2558-4c47-9efc-d75854e2af2f" />
    <UnitTestResult executionId="c7e7e255-f24b-4785-aecd-ff03a5cc164d" testId="b0d8d9e3-06e8-7d3c-ffb3-c667b64d8cbc" testName="CustomAttributeTableType_GetDefaultCustomAttribute_ClassIsDecoratedWithCustomAttribute" computerName="ICSWS068" duration="00:00:00.0004477" startTime="2016-08-04T09:56:01.0083270+02:00" endTime="2016-08-04T09:56:01.0103287+02:00" testType="13cdc9d9-ddb5-4fa4-a97d-d965ccfc6d4b" outcome="Passed" testListId="8c84fa94-04c1-424b-9868-57a2d4851a1d" relativeResultsDirectory="c7e7e255-f24b-4785-aecd-ff03a5cc164d" />
    <UnitTestResult executionId="29611190-d1c6-4cb4-bf9e-42da00a3ead5" testId="360f83f3-275a-2794-a9b3-af66907cdc92" testName="CustomAttributeTableType_AddCustomAttributeToType_TypeIsDecoratedWithAddedAttribute" computerName="ICSWS068" duration="00:00:00.0018369" startTime="2016-08-04T09:56:01.0143310+02:00" endTime="2016-08-04T09:56:01.0178338+02:00" testType="13cdc9d9-ddb5-4fa4-a97d-d965ccfc6d4b" outcome="Passed" testListId="8c84fa94-04c1-424b-9868-57a2d4851a1d" relativeResultsDirectory="29611190-d1c6-4cb4-bf9e-42da00a3ead5" />
    <UnitTestResult executionId="b84011ac-2f98-4c16-88c3-9ed62cfce09b" testId="33472f7c-1b67-8e04-57f1-d8671a632c60" testName="CustomAttributeTableType_AddCustomAttributeToTypeWithADefaultDecoratedAttribute_TypeIsDecoratedWithBothDefaultAndAddedCustomeAttribute" computerName="ICSWS068" duration="00:00:00.0009246" startTime="2016-08-04T09:56:01.0208356+02:00" endTime="2016-08-04T09:56:01.0232027+02:00" testType="13cdc9d9-ddb5-4fa4-a97d-d965ccfc6d4b" outcome="Passed" testListId="8c84fa94-04c1-424b-9868-57a2d4851a1d" relativeResultsDirectory="b84011ac-2f98-4c16-88c3-9ed62cfce09b" />
    <UnitTestResult executionId="ecd8b443-a50d-4ff2-adda-834e580b6a3f" testId="29b86586-1d81-6c5f-33ad-6774dfb69d37" testName="CustomAttributeTableType_GetCustomAttributeWithoutAttributeTypeName_ArgumentNullExceptionIsThrown" computerName="ICSWS068" duration="00:00:00.0005196" startTime="2016-08-04T09:56:01.0267053+02:00" endTime="2016-08-04T09:56:01.0287082+02:00" testType="13cdc9d9-ddb5-4fa4-a97d-d965ccfc6d4b" outcome="Passed" testListId="8c84fa94-04c1-424b-9868-57a2d4851a1d" relativeResultsDirectory="ecd8b443-a50d-4ff2-adda-834e580b6a3f" />
    <UnitTestResult executionId="af259188-6278-4b61-8f02-582faada0c84" testId="dfb7118c-5ecd-1f76-7abf-a300c978f9cb" testName="CustomAttributeTableType_GetDefaultPropertyCustomAttribute_PropertyIsDecoratedWithDefaultCustomAttribute" computerName="ICSWS068" duration="00:00:00.0028685" startTime="2016-08-04T09:56:01.0312081+02:00" endTime="2016-08-04T09:56:01.0352142+02:00" testType="13cdc9d9-ddb5-4fa4-a97d-d965ccfc6d4b" outcome="Passed" testListId="8c84fa94-04c1-424b-9868-57a2d4851a1d" relativeResultsDirectory="af259188-6278-4b61-8f02-582faada0c84" />
    <UnitTestResult executionId="8b24b256-77da-476d-ad84-7670aab5b8e1" testId="b5f7a35a-13eb-e195-ac80-f436c5e317c1" testName="CustomAttributeTableReflectionContextTest_GetDefaultAndAddedCustomAttribute_PropertyIsDecoratedWithBothDefaultAndAddedCustomAttribute" computerName="ICSWS068" duration="00:00:00.0018647" startTime="2016-08-04T09:56:01.0377332+02:00" endTime="2016-08-04T09:56:01.0417188+02:00" testType="13cdc9d9-ddb5-4fa4-a97d-d965ccfc6d4b" outcome="Passed" testListId="8c84fa94-04c1-424b-9868-57a2d4851a1d" relativeResultsDirectory="8b24b256-77da-476d-ad84-7670aab5b8e1" />
    <UnitTestResult executionId="0e3e6625-ff50-4348-85c2-d08565a247a6" testId="20c570ee-a4ac-6f2e-c766-86a7f9b73fd0" testName="CustomAttributeTableReflectionContextTest_InvokingGetProperties_PropertiesAreDecoratedWithCustomAttributes" computerName="ICSWS068" duration="00:00:00.0010732" startTime="2016-08-04T09:56:01.0442375+02:00" endTime="2016-08-04T09:56:01.0467225+02:00" testType="13cdc9d9-ddb5-4fa4-a97d-d965ccfc6d4b" outcome="Passed" testListId="8c84fa94-04c1-424b-9868-57a2d4851a1d" relativeResultsDirectory="0e3e6625-ff50-4348-85c2-d08565a247a6" />
    <UnitTestResult executionId="ddc63a21-31e8-4ee8-81c7-5533b24fdb86" testId="07c822d0-358d-c1df-709f-636eaa649ca9" testName="CustomAttributeTableReflectionContextTest_InvokingGetMembers_PropertiesAreDecoratedWithCustomAttributes" computerName="ICSWS068" duration="00:00:00.0011911" startTime="2016-08-04T09:56:01.0492257+02:00" endTime="2016-08-04T09:56:01.0517289+02:00" testType="13cdc9d9-ddb5-4fa4-a97d-d965ccfc6d4b" outcome="Passed" testListId="8c84fa94-04c1-424b-9868-57a2d4851a1d" relativeResultsDirectory="ddc63a21-31e8-4ee8-81c7-5533b24fdb86" />
    <UnitTestResult executionId="7d6e1c5d-986a-4171-a19f-3a2ec1b26a3c" testId="2e08b9f6-683f-cc7a-0a0a-7c528444ffbb" testName="CustomAttributeTableReflectionContextTest_InvokingGetMember_PropertiesAreDecoratedWithCustomAttributes" computerName="ICSWS068" duration="00:00:00.0013838" startTime="2016-08-04T09:56:01.0547335+02:00" endTime="2016-08-04T09:56:01.0577355+02:00" testType="13cdc9d9-ddb5-4fa4-a97d-d965ccfc6d4b" outcome="Passed" testListId="8c84fa94-04c1-424b-9868-57a2d4851a1d" relativeResultsDirectory="7d6e1c5d-986a-4171-a19f-3a2ec1b26a3c" />
    <UnitTestResult executionId="3fefc056-a004-4296-8ad2-54fc6b0ddd75" testId="9e70a018-4e73-b073-cb8d-9eefb56d368d" testName="CustomAttributeTableReflectionContextTest_InvokingGetMember2_PropertiesAreDecoratedWithCustomAttributes" computerName="ICSWS068" duration="00:00:00.0004557" startTime="2016-08-04T09:56:01.0607369+02:00" endTime="2016-08-04T09:56:01.0617404+02:00" testType="13cdc9d9-ddb5-4fa4-a97d-d965ccfc6d4b" outcome="Passed" testListId="8c84fa94-04c1-424b-9868-57a2d4851a1d" relativeResultsDirectory="3fefc056-a004-4296-8ad2-54fc6b0ddd75" />
    <UnitTestResult executionId="2ef064c5-0fd3-4ac4-8932-5338613fda8f" testId="92c3407e-7b78-3b28-bcbe-9ed64622b1b1" testName="CustomAttributeTableReflectionContextTest_NestedTypeIsReturnedCorrectlyAsMappedType" computerName="ICSWS068" duration="00:00:00.0008888" startTime="2016-08-04T09:56:01.0657454+02:00" endTime="2016-08-04T09:56:01.0682468+02:00" testType="13cdc9d9-ddb5-4fa4-a97d-d965ccfc6d4b" outcome="Passed" testListId="8c84fa94-04c1-424b-9868-57a2d4851a1d" relativeResultsDirectory="2ef064c5-0fd3-4ac4-8932-5338613fda8f" />
    <UnitTestResult executionId="9794337e-f82e-4b19-900c-088652a9f210" testId="8d41bc97-cd13-9b56-10ff-adb78abdf343" testName="CustomAttributeTableReflectionContextTest_PropertysDeclaringTypeIsReturnedCorrectlyAsMappedType" computerName="ICSWS068" duration="00:00:00.0005269" startTime="2016-08-04T09:56:01.0707491+02:00" endTime="2016-08-04T09:56:01.0728153+02:00" testType="13cdc9d9-ddb5-4fa4-a97d-d965ccfc6d4b" outcome="Passed" testListId="8c84fa94-04c1-424b-9868-57a2d4851a1d" relativeResultsDirectory="9794337e-f82e-4b19-900c-088652a9f210" />
    <UnitTestResult executionId="fb25d7cf-2f18-479b-9dc4-79945b3192a0" testId="910639b5-2a77-f87d-3edf-6486026829b4" testName="CustomAttributeTableReflectionContextTest_FieldWithRelatedPropertyReturnsCorrectIsDefinedResults" computerName="ICSWS068" duration="00:00:00.0013794" startTime="2016-08-04T09:56:01.0763200+02:00" endTime="2016-08-04T09:56:01.0793220+02:00" testType="13cdc9d9-ddb5-4fa4-a97d-d965ccfc6d4b" outcome="Passed" testListId="8c84fa94-04c1-424b-9868-57a2d4851a1d" relativeResultsDirectory="fb25d7cf-2f18-479b-9dc4-79945b3192a0" />
    <UnitTestResult executionId="e854d5e0-48a3-41aa-8653-afd7a7aa4a2b" testId="d68d2ff9-938d-c2a5-10d6-06c495731ad5" testName="CustomAttributeTableReflectionContextTest_FieldWithRelatedPropertyReturnsCorrectProperties" computerName="ICSWS068" duration="00:00:00.0010609" startTime="2016-08-04T09:56:01.0818240+02:00" endTime="2016-08-04T09:56:01.0845081+02:00" testType="13cdc9d9-ddb5-4fa4-a97d-d965ccfc6d4b" outcome="Passed" testListId="8c84fa94-04c1-424b-9868-57a2d4851a1d" relativeResultsDirectory="e854d5e0-48a3-41aa-8653-afd7a7aa4a2b" />
    <UnitTestResult executionId="733915d9-a514-4e26-9109-996a86a3dc68" testId="6dff7eb6-cd90-84eb-d55e-130162d394ef" testName="CustomAttributeTableReflectionContextTest_AssigningCustomAttributeToMethodParameter_ValidParameterCustomAttributesAreReturnedWhenRequested" computerName="ICSWS068" duration="00:00:00.0050025" startTime="2016-08-04T09:56:01.0874957+02:00" endTime="2016-08-04T09:56:01.0944384+02:00" testType="13cdc9d9-ddb5-4fa4-a97d-d965ccfc6d4b" outcome="Passed" testListId="8c84fa94-04c1-424b-9868-57a2d4851a1d" relativeResultsDirectory="733915d9-a514-4e26-9109-996a86a3dc68" />
    <UnitTestResult executionId="ccdbbb1d-d718-46af-a3b8-4b47629d6858" testId="cfb8dcd1-2843-0616-8cc4-79811fea08cd" testName="CustomAttributeTableReflectionContextTest_AssigningUniqueCustomAttributeToEachMethodParameters_ValidParameterCustomAttributeAreReturnedWhenRequested" computerName="ICSWS068" duration="00:00:00.0014785" startTime="2016-08-04T09:56:01.0969390+02:00" endTime="2016-08-04T09:56:01.0999413+02:00" testType="13cdc9d9-ddb5-4fa4-a97d-d965ccfc6d4b" outcome="Passed" testListId="8c84fa94-04c1-424b-9868-57a2d4851a1d" relativeResultsDirectory="ccdbbb1d-d718-46af-a3b8-4b47629d6858" />
    <UnitTestResult executionId="cad7e779-d058-4def-973c-8145e82a2c5e" testId="1ca326c0-34a2-7c78-4e2a-8ccf1c67cab8" testName="CustomAttributeTableReflectionContextTest_AssigningCustomAttributeToMethodParameter_CustomAttributeIsDefinedForParameter" computerName="ICSWS068" duration="00:00:00.0008463" startTime="2016-08-04T09:56:01.1024438+02:00" endTime="2016-08-04T09:56:01.1044614+02:00" testType="13cdc9d9-ddb5-4fa4-a97d-d965ccfc6d4b" outcome="Passed" testListId="8c84fa94-04c1-424b-9868-57a2d4851a1d" relativeResultsDirectory="cad7e779-d058-4def-973c-8145e82a2c5e" />
    <UnitTestResult executionId="5f0bf5a4-5728-48bc-96e5-2950ed2d3bde" testId="6435bba3-d6d3-7a62-48a9-07a8d44cffcd" testName="CustomAttributeTableReflectionContextTest_AssigningCustomAttributeToOverLoadedMethodParameter_CustomAttributeIsDefinedForCorrentMethodParameterInfo" computerName="ICSWS068" duration="00:00:00.0026201" startTime="2016-08-04T09:56:01.1074458+02:00" endTime="2016-08-04T09:56:01.1114657+02:00" testType="13cdc9d9-ddb5-4fa4-a97d-d965ccfc6d4b" outcome="Passed" testListId="8c84fa94-04c1-424b-9868-57a2d4851a1d" relativeResultsDirectory="5f0bf5a4-5728-48bc-96e5-2950ed2d3bde" />
    <UnitTestResult executionId="4db1584a-c998-46ca-8e1a-ebfff8c8739d" testId="85618f89-e58d-fea0-bbc4-3de083c87418" testName="Min_Date1EqualsDate2_ReturnsDate1" computerName="ICSWS068" duration="00:00:00.0007867" startTime="2016-08-04T09:56:01.1139689+02:00" endTime="2016-08-04T09:56:01.1159703+02:00" testType="13cdc9d9-ddb5-4fa4-a97d-d965ccfc6d4b" outcome="Passed" testListId="8c84fa94-04c1-424b-9868-57a2d4851a1d" relativeResultsDirectory="4db1584a-c998-46ca-8e1a-ebfff8c8739d" />
    <UnitTestResult executionId="283bec5c-bbbf-46c9-a70b-4c8ccaec686c" testId="8b7b9f42-69c3-1045-d526-9d1ad3748dbd" testName="Min_Date1EqualsDate2_ReturnsDate2" computerName="ICSWS068" duration="00:00:00.0001917" startTime="2016-08-04T09:56:01.1184720+02:00" endTime="2016-08-04T09:56:01.1199890+02:00" testType="13cdc9d9-ddb5-4fa4-a97d-d965ccfc6d4b" outcome="Passed" testListId="8c84fa94-04c1-424b-9868-57a2d4851a1d" relativeResultsDirectory="283bec5c-bbbf-46c9-a70b-4c8ccaec686c" />
    <UnitTestResult executionId="5478c766-502d-4242-a05c-a7946e388161" testId="9d41d46b-3f0e-9c8a-91a7-a73801101169" testName="Min_Date1IsLessThanDate2_ReturnsDate1" computerName="ICSWS068" duration="00:00:00.0002448" startTime="2016-08-04T09:56:01.1224781+02:00" endTime="2016-08-04T09:56:01.1239793+02:00" testType="13cdc9d9-ddb5-4fa4-a97d-d965ccfc6d4b" outcome="Passed" testListId="8c84fa94-04c1-424b-9868-57a2d4851a1d" relativeResultsDirectory="5478c766-502d-4242-a05c-a7946e388161" />
    <UnitTestResult executionId="8bf104cc-8fbd-4fbe-b6e7-9f5b6db3401f" testId="8645477e-206d-2dfd-c43d-816b04f16f45" testName="Min_Date1IsGreaterThanDate2_RetursDate2" computerName="ICSWS068" duration="00:00:00.0002398" startTime="2016-08-04T09:56:01.1269810+02:00" endTime="2016-08-04T09:56:01.1284824+02:00" testType="13cdc9d9-ddb5-4fa4-a97d-d965ccfc6d4b" outcome="Passed" testListId="8c84fa94-04c1-424b-9868-57a2d4851a1d" relativeResultsDirectory="8bf104cc-8fbd-4fbe-b6e7-9f5b6db3401f" />
    <UnitTestResult executionId="4140c046-8967-473d-b1be-4751fb8b1fb2" testId="c43a1d06-6944-94fe-1244-90da98eea20e" testName="Min_Date1IsNull_ReturnsDate2" computerName="ICSWS068" duration="00:00:00.0001782" startTime="2016-08-04T09:56:01.1309838+02:00" endTime="2016-08-04T09:56:01.1323671+02:00" testType="13cdc9d9-ddb5-4fa4-a97d-d965ccfc6d4b" outcome="Passed" testListId="8c84fa94-04c1-424b-9868-57a2d4851a1d" relativeResultsDirectory="4140c046-8967-473d-b1be-4751fb8b1fb2" />
    <UnitTestResult executionId="9f454eb5-4318-46d4-992b-e1e8d90d05f4" testId="404234ba-6ade-6164-c83e-82b625d62846" testName="Min_Date2IsNull_ReturnsDate1" computerName="ICSWS068" duration="00:00:00.0001976" startTime="2016-08-04T09:56:01.1348709+02:00" endTime="2016-08-04T09:56:01.1363729+02:00" testType="13cdc9d9-ddb5-4fa4-a97d-d965ccfc6d4b" outcome="Passed" testListId="8c84fa94-04c1-424b-9868-57a2d4851a1d" relativeResultsDirectory="9f454eb5-4318-46d4-992b-e1e8d90d05f4" />
    <UnitTestResult executionId="d838ac4e-7560-47fe-a547-0f4c82f7589b" testId="223de926-6104-2eec-31d8-48f1534f7ad6" testName="Min_BoothDatesAreNull_ReturnsNullableWithNoValue" computerName="ICSWS068" duration="00:00:00.0001780" startTime="2016-08-04T09:56:01.1388743+02:00" endTime="2016-08-04T09:56:01.1398746+02:00" testType="13cdc9d9-ddb5-4fa4-a97d-d965ccfc6d4b" outcome="Passed" testListId="8c84fa94-04c1-424b-9868-57a2d4851a1d" relativeResultsDirectory="d838ac4e-7560-47fe-a547-0f4c82f7589b" />
    <UnitTestResult executionId="c8d41bcd-8515-445f-978e-e2844679c2db" testId="5f2b119d-7f60-4e4f-a16e-db1f634c519b" testName="Min_Date1IsNull_ReturnsNullableWithValue" computerName="ICSWS068" duration="00:00:00.0007979" startTime="2016-08-04T09:56:01.1428827+02:00" endTime="2016-08-04T09:56:01.1448991+02:00" testType="13cdc9d9-ddb5-4fa4-a97d-d965ccfc6d4b" outcome="Passed" testListId="8c84fa94-04c1-424b-9868-57a2d4851a1d" relativeResultsDirectory="c8d41bcd-8515-445f-978e-e2844679c2db" />
    <UnitTestResult executionId="575752bc-40dd-4d8a-9a20-3a0fb9e96dc4" testId="660e7e6d-43a9-8f71-2c43-ac819a9f4e4e" testName="Min_Date2IsNull_ReturnsNullableWithValue" computerName="ICSWS068" duration="00:00:00.0001551" startTime="2016-08-04T09:56:01.1473844+02:00" endTime="2016-08-04T09:56:01.1484017+02:00" testType="13cdc9d9-ddb5-4fa4-a97d-d965ccfc6d4b" outcome="Passed" testListId="8c84fa94-04c1-424b-9868-57a2d4851a1d" relativeResultsDirectory="575752bc-40dd-4d8a-9a20-3a0fb9e96dc4" />
    <UnitTestResult executionId="c2b47a89-fd8f-4499-92b1-08214387e31b" testId="104379d0-8a0a-db3e-8214-fde43c0e19ee" testName="IsMultipleValuesSet_TypeArgumentIsNull_ThrowsException" computerName="ICSWS068" duration="00:00:00.0009213" startTime="2016-08-04T09:56:01.1509040+02:00" endTime="2016-08-04T09:56:01.1528923+02:00" testType="13cdc9d9-ddb5-4fa4-a97d-d965ccfc6d4b" outcome="Passed" testListId="8c84fa94-04c1-424b-9868-57a2d4851a1d" relativeResultsDirectory="c2b47a89-fd8f-4499-92b1-08214387e31b" />
    <UnitTestResult executionId="e88e5ff8-5b0f-4bd4-8a4a-6634be2a8d21" testId="b3ba3ec7-c92a-df6b-f955-6e7f611dc51e" testName="IsMultipleValuesSet_TypeArgumentIsNotEnum_ThrowsException" computerName="ICSWS068" duration="00:00:00.0005557" startTime="2016-08-04T09:56:01.1558954+02:00" endTime="2016-08-04T09:56:01.1578969+02:00" testType="13cdc9d9-ddb5-4fa4-a97d-d965ccfc6d4b" outcome="Passed" testListId="8c84fa94-04c1-424b-9868-57a2d4851a1d" relativeResultsDirectory="e88e5ff8-5b0f-4bd4-8a4a-6634be2a8d21" />
    <UnitTestResult executionId="6ddb74d6-eaa3-4760-bb17-c7db4b11c57a" testId="63b3e93a-4ee4-4ff2-0afe-9633a052f998" testName="IsMultipleValuesSet_EnumTypeNotMarkedWithFlagsAttribute_ThrowsException" computerName="ICSWS068" duration="00:00:00.0005316" startTime="2016-08-04T09:56:01.1608983+02:00" endTime="2016-08-04T09:56:01.1624032+02:00" testType="13cdc9d9-ddb5-4fa4-a97d-d965ccfc6d4b" outcome="Passed" testListId="8c84fa94-04c1-424b-9868-57a2d4851a1d" relativeResultsDirectory="6ddb74d6-eaa3-4760-bb17-c7db4b11c57a" />
    <UnitTestResult executionId="f9edf445-4bf8-441e-a6e8-e58929e4eb80" testId="9e9b3f99-5e17-3397-02c1-087059a40f74" testName="IsMultipleValuesSet_NoValueSet_ReturnsFalse" computerName="ICSWS068" duration="00:00:00.0001894" startTime="2016-08-04T09:56:01.1654041+02:00" endTime="2016-08-04T09:56:01.1669210+02:00" testType="13cdc9d9-ddb5-4fa4-a97d-d965ccfc6d4b" outcome="Passed" testListId="8c84fa94-04c1-424b-9868-57a2d4851a1d" relativeResultsDirectory="f9edf445-4bf8-441e-a6e8-e58929e4eb80" />
    <UnitTestResult executionId="8dd4ea34-7e12-43ec-9810-99a44f82d0f5" testId="23db293f-0771-2a10-881a-2572a53b691c" testName="IsMultipleValuesSet_OneValueSet_ReturnsFalse" computerName="ICSWS068" duration="00:00:00.0001495" startTime="2016-08-04T09:56:01.1694084+02:00" endTime="2016-08-04T09:56:01.1704233+02:00" testType="13cdc9d9-ddb5-4fa4-a97d-d965ccfc6d4b" outcome="Passed" testListId="8c84fa94-04c1-424b-9868-57a2d4851a1d" relativeResultsDirectory="8dd4ea34-7e12-43ec-9810-99a44f82d0f5" />
    <UnitTestResult executionId="9d04f497-41c6-40cc-8bfb-500e86391030" testId="860307f9-51b1-9df4-af7b-959208178bf3" testName="IsMultipleValuesSet_TwoValueSet_ReturnsTrue" computerName="ICSWS068" duration="00:00:00.0001923" startTime="2016-08-04T09:56:01.1734127+02:00" endTime="2016-08-04T09:56:01.1749145+02:00" testType="13cdc9d9-ddb5-4fa4-a97d-d965ccfc6d4b" outcome="Passed" testListId="8c84fa94-04c1-424b-9868-57a2d4851a1d" relativeResultsDirectory="9d04f497-41c6-40cc-8bfb-500e86391030" />
    <UnitTestResult executionId="c5b119a4-7aa0-4c87-a1c6-927d875025d7" testId="df5119d1-0a79-c736-a5c6-a47e76eeff48" testName="IsMultipleValuesSet_ValueNotSpecifiedByEnumSet_ReturnsFalse" computerName="ICSWS068" duration="00:00:00.0001709" startTime="2016-08-04T09:56:01.1774326+02:00" endTime="2016-08-04T09:56:01.1789170+02:00" testType="13cdc9d9-ddb5-4fa4-a97d-d965ccfc6d4b" outcome="Passed" testListId="8c84fa94-04c1-424b-9868-57a2d4851a1d" relativeResultsDirectory="c5b119a4-7aa0-4c87-a1c6-927d875025d7" />
    <UnitTestResult executionId="992485f4-43d2-42ce-b003-35a609ec1819" testId="d8d39bf6-01f4-b933-39c8-1652bb12637f" testName="AreIntersected_ArgNotOfSameType_Throws" computerName="ICSWS068" duration="00:00:00.0010691" startTime="2016-08-04T09:56:01.1809179+02:00" endTime="2016-08-04T09:56:01.1838595+02:00" testType="13cdc9d9-ddb5-4fa4-a97d-d965ccfc6d4b" outcome="Passed" testListId="8c84fa94-04c1-424b-9868-57a2d4851a1d" relativeResultsDirectory="992485f4-43d2-42ce-b003-35a609ec1819" />
    <UnitTestResult executionId="a1b7eda1-da53-4c16-82e9-ce7c6ac8586d" testId="e2adb234-95ea-2c40-0dd9-a6d28b87a104" testName="AreIntersected_EnumWithoutFlagsSameValue_Throws" computerName="ICSWS068" duration="00:00:00.0004844" startTime="2016-08-04T09:56:01.1863421+02:00" endTime="2016-08-04T09:56:01.1878629+02:00" testType="13cdc9d9-ddb5-4fa4-a97d-d965ccfc6d4b" outcome="Passed" testListId="8c84fa94-04c1-424b-9868-57a2d4851a1d" relativeResultsDirectory="a1b7eda1-da53-4c16-82e9-ce7c6ac8586d" />
    <UnitTestResult executionId="f7ea7a28-8bd0-4268-aba9-0ac89062bb11" testId="9131b822-0267-6571-8a0f-ff0516661956" testName="AreIntersected_EnumWithoutFlagsNotSameValue_Throws" computerName="ICSWS068" duration="00:00:00.0005706" startTime="2016-08-04T09:56:01.1908462+02:00" endTime="2016-08-04T09:56:01.1928482+02:00" testType="13cdc9d9-ddb5-4fa4-a97d-d965ccfc6d4b" outcome="Passed" testListId="8c84fa94-04c1-424b-9868-57a2d4851a1d" relativeResultsDirectory="f7ea7a28-8bd0-4268-aba9-0ac89062bb11" />
    <UnitTestResult executionId="d4ade6a8-fd74-4232-b49a-87eb6fe6efca" testId="f37cf62f-d1d8-3bc2-f22f-3e2c81c7bec2" testName="AreIntersected_NoValuesSetInEither_ReturnsFalse" computerName="ICSWS068" duration="00:00:00.0003785" startTime="2016-08-04T09:56:01.1953487+02:00" endTime="2016-08-04T09:56:01.1973657+02:00" testType="13cdc9d9-ddb5-4fa4-a97d-d965ccfc6d4b" outcome="Passed" testListId="8c84fa94-04c1-424b-9868-57a2d4851a1d" relativeResultsDirectory="d4ade6a8-fd74-4232-b49a-87eb6fe6efca" />
    <UnitTestResult executionId="fbd80267-4032-42f4-9c3b-e6e149c1b3f4" testId="4d5861a0-0ba9-4ace-9b44-e42788101a71" testName="AreIntersected_NoValuesSetInFirstArg_ReturnsFalse" computerName="ICSWS068" duration="00:00:00.0001475" startTime="2016-08-04T09:56:01.1998516+02:00" endTime="2016-08-04T09:56:01.2008680+02:00" testType="13cdc9d9-ddb5-4fa4-a97d-d965ccfc6d4b" outcome="Passed" testListId="8c84fa94-04c1-424b-9868-57a2d4851a1d" relativeResultsDirectory="fbd80267-4032-42f4-9c3b-e6e149c1b3f4" />
    <UnitTestResult executionId="8edc0302-3fef-4454-a244-4151465ac2de" testId="36ec0ee8-2135-63b4-cb94-a94dfa1cf30c" testName="AreIntersected_NoValuesSetInSecondArg_ReturnsFalse" computerName="ICSWS068" duration="00:00:00.0001554" startTime="2016-08-04T09:56:01.2033550+02:00" endTime="2016-08-04T09:56:01.2043717+02:00" testType="13cdc9d9-ddb5-4fa4-a97d-d965ccfc6d4b" outcome="Passed" testListId="8c84fa94-04c1-424b-9868-57a2d4851a1d" relativeResultsDirectory="8edc0302-3fef-4454-a244-4151465ac2de" />
    <UnitTestResult executionId="6316f3e6-8374-4206-a320-740e3758ef15" testId="cc214f3b-579b-7043-b857-193cc9812d7c" testName="AreIntersected_NotIntersected_ReturnsFalse" computerName="ICSWS068" duration="00:00:00.0001885" startTime="2016-08-04T09:56:01.2073570+02:00" endTime="2016-08-04T09:56:01.2088585+02:00" testType="13cdc9d9-ddb5-4fa4-a97d-d965ccfc6d4b" outcome="Passed" testListId="8c84fa94-04c1-424b-9868-57a2d4851a1d" relativeResultsDirectory="6316f3e6-8374-4206-a320-740e3758ef15" />
    <UnitTestResult executionId="75be2c4c-7902-46f1-842c-63246a2d04d3" testId="c41b0891-e4f8-8a37-14e3-b6567bb21ea7" testName="AreIntersected_AreIntersectedWithOneValue_ReturnsTrue" computerName="ICSWS068" duration="00:00:00.0001838" startTime="2016-08-04T09:56:01.2113602+02:00" endTime="2016-08-04T09:56:01.2129792+02:00" testType="13cdc9d9-ddb5-4fa4-a97d-d965ccfc6d4b" outcome="Passed" testListId="8c84fa94-04c1-424b-9868-57a2d4851a1d" relativeResultsDirectory="75be2c4c-7902-46f1-842c-63246a2d04d3" />
    <UnitTestResult executionId="7999f5c3-d93b-4237-8213-d061da1ab5b4" testId="2f4fd20e-b1e1-56c1-bc93-b70069fbd3ae" testName="AreIntersected_AreIntersectedWithTwoValues_ReturnsTrue" computerName="ICSWS068" duration="00:00:00.0001750" startTime="2016-08-04T09:56:01.2159654+02:00" endTime="2016-08-04T09:56:01.2169659+02:00" testType="13cdc9d9-ddb5-4fa4-a97d-d965ccfc6d4b" outcome="Passed" testListId="8c84fa94-04c1-424b-9868-57a2d4851a1d" relativeResultsDirectory="7999f5c3-d93b-4237-8213-d061da1ab5b4" />
    <UnitTestResult executionId="8bfa4720-c9a7-47f5-82c4-83ecfc313f86" testId="dd0c2ebb-2e33-e72d-62c4-0047cfb148b6" testName="AreIntersected_AreIntersectedSameValue1_ReturnsTrue" computerName="ICSWS068" duration="00:00:00.0001736" startTime="2016-08-04T09:56:01.2199691+02:00" endTime="2016-08-04T09:56:01.2209846+02:00" testType="13cdc9d9-ddb5-4fa4-a97d-d965ccfc6d4b" outcome="Passed" testListId="8c84fa94-04c1-424b-9868-57a2d4851a1d" relativeResultsDirectory="8bfa4720-c9a7-47f5-82c4-83ecfc313f86" />
    <UnitTestResult executionId="89279d50-9b38-4bfe-afb1-ace1775e27a2" testId="24684fe1-81f8-157e-d789-0efd3cecbc85" testName="AreIntersected_AreIntersectedSameValue2_ReturnsTrue" computerName="ICSWS068" duration="00:00:00.0001826" startTime="2016-08-04T09:56:01.2240802+02:00" endTime="2016-08-04T09:56:01.2255831+02:00" testType="13cdc9d9-ddb5-4fa4-a97d-d965ccfc6d4b" outcome="Passed" testListId="8c84fa94-04c1-424b-9868-57a2d4851a1d" relativeResultsDirectory="89279d50-9b38-4bfe-afb1-ace1775e27a2" />
    <UnitTestResult executionId="8e6cd0b1-bc54-4116-b8bd-48ba1a593758" testId="1f8e2ae3-6f1c-4b99-bcaf-96174402c73c" testName="AreIntersected_AreIntersectedSameValue3_ReturnsTrue" computerName="ICSWS068" duration="00:00:00.0001762" startTime="2016-08-04T09:56:01.2285836+02:00" endTime="2016-08-04T09:56:01.2300851+02:00" testType="13cdc9d9-ddb5-4fa4-a97d-d965ccfc6d4b" outcome="Passed" testListId="8c84fa94-04c1-424b-9868-57a2d4851a1d" relativeResultsDirectory="8e6cd0b1-bc54-4116-b8bd-48ba1a593758" />
    <UnitTestResult executionId="859c8ea9-ade1-49a4-957a-7963b052bc33" testId="1518740b-d247-bb46-8842-7c86e3fe9f8c" testName="Constructor_NoDateAndSize_FilePropetiesIsNullIsTrue" computerName="ICSWS068" duration="00:00:00.0003586" startTime="2016-08-04T09:56:01.2325886+02:00" endTime="2016-08-04T09:56:01.2346085+02:00" testType="13cdc9d9-ddb5-4fa4-a97d-d965ccfc6d4b" outcome="Passed" testListId="8c84fa94-04c1-424b-9868-57a2d4851a1d" relativeResultsDirectory="859c8ea9-ade1-49a4-957a-7963b052bc33" />
    <UnitTestResult executionId="3b7ad617-ed83-4ea3-b4a2-1e2ed457fe29" testId="807d5ad7-0b9b-1b73-91f7-ba0755787662" testName="Constructor_WithDateAndSize_FilePropetiesIsNullIsFalse" computerName="ICSWS068" duration="00:00:00.0003099" startTime="2016-08-04T09:56:01.2370949+02:00" endTime="2016-08-04T09:56:01.2386119+02:00" testType="13cdc9d9-ddb5-4fa4-a97d-d965ccfc6d4b" outcome="Passed" testListId="8c84fa94-04c1-424b-9868-57a2d4851a1d" relativeResultsDirectory="3b7ad617-ed83-4ea3-b4a2-1e2ed457fe29" />
    <UnitTestResult executionId="291848d1-0cdd-43ea-9caa-6164dbb01983" testId="1116a7d6-4bda-0685-ba5f-9c426c11f491" testName="SetProperties_NoInitialDateAndSize_FilePropetiesIsNullIsFalse" computerName="ICSWS068" duration="00:00:00.0002551" startTime="2016-08-04T09:56:01.2415981+02:00" endTime="2016-08-04T09:56:01.2432960+02:00" testType="13cdc9d9-ddb5-4fa4-a97d-d965ccfc6d4b" outcome="Passed" testListId="8c84fa94-04c1-424b-9868-57a2d4851a1d" relativeResultsDirectory="291848d1-0cdd-43ea-9caa-6164dbb01983" />
    <UnitTestResult executionId="475c3abc-813d-46f1-a0bf-35e2d90f8067" testId="0a79f743-0898-3258-1664-0fce07d4db87" testName="SetProperties_NoInitialDateAndSize_DateIsSet" computerName="ICSWS068" duration="00:00:00.0007495" startTime="2016-08-04T09:56:01.2457801+02:00" endTime="2016-08-04T09:56:01.2477991+02:00" testType="13cdc9d9-ddb5-4fa4-a97d-d965ccfc6d4b" outcome="Passed" testListId="8c84fa94-04c1-424b-9868-57a2d4851a1d" relativeResultsDirectory="475c3abc-813d-46f1-a0bf-35e2d90f8067" />
    <UnitTestResult executionId="094b6110-2150-44dc-845f-58c5f74f2829" testId="75f6d832-b308-86d5-4cfc-4fbcd8529417" testName="SetProperties_NoInitialDateAndSize_SizeIsSet" computerName="ICSWS068" duration="00:00:00.0002161" startTime="2016-08-04T09:56:01.2497985+02:00" endTime="2016-08-04T09:56:01.2513008+02:00" testType="13cdc9d9-ddb5-4fa4-a97d-d965ccfc6d4b" outcome="Passed" testListId="8c84fa94-04c1-424b-9868-57a2d4851a1d" relativeResultsDirectory="094b6110-2150-44dc-845f-58c5f74f2829" />
    <UnitTestResult executionId="f397d7d0-38ea-49ad-ab6f-f37b8f18c291" testId="d4503c68-78a9-ffea-8a7f-cd71860ee03f" testName="SetProperties_InitialDateAndSize_DateIsOverwritten" computerName="ICSWS068" duration="00:00:00.0001577" startTime="2016-08-04T09:56:01.2533058+02:00" endTime="2016-08-04T09:56:01.2548055+02:00" testType="13cdc9d9-ddb5-4fa4-a97d-d965ccfc6d4b" outcome="Passed" testListId="8c84fa94-04c1-424b-9868-57a2d4851a1d" relativeResultsDirectory="f397d7d0-38ea-49ad-ab6f-f37b8f18c291" />
    <UnitTestResult executionId="3e88db4f-d372-4b63-a662-c82ce467bdda" testId="2de825d4-0c5d-beb5-bac4-14c7544d93a5" testName="SetProperties_InitialDateAndSize_SizeIsOverwritten" computerName="ICSWS068" duration="00:00:00.0002043" startTime="2016-08-04T09:56:01.2572911+02:00" endTime="2016-08-04T09:56:01.2587946+02:00" testType="13cdc9d9-ddb5-4fa4-a97d-d965ccfc6d4b" outcome="Passed" testListId="8c84fa94-04c1-424b-9868-57a2d4851a1d" relativeResultsDirectory="3e88db4f-d372-4b63-a662-c82ce467bdda" />
    <UnitTestResult executionId="52871f9d-8aca-43d5-90f7-3023c28f5809" testId="c7246ea0-0283-514a-3c36-fd5ed4bc683a" testName="Equals_DateAndSizeDiffers_ReturnsTrue" computerName="ICSWS068" duration="00:00:00.0005592" startTime="2016-08-04T09:56:01.2617951+02:00" endTime="2016-08-04T09:56:01.2634068+02:00" testType="13cdc9d9-ddb5-4fa4-a97d-d965ccfc6d4b" outcome="Passed" testListId="8c84fa94-04c1-424b-9868-57a2d4851a1d" relativeResultsDirectory="52871f9d-8aca-43d5-90f7-3023c28f5809" />
    <UnitTestResult executionId="635002f4-472e-4a90-b715-d7d4e31951fc" testId="445c70e3-ad80-0339-a75f-92d55a644ad5" testName="Equals_FileNamesDiffer_ReturnsFalse" computerName="ICSWS068" duration="00:00:00.0001299" startTime="2016-08-04T09:56:01.2659070+02:00" endTime="2016-08-04T09:56:01.2673927+02:00" testType="13cdc9d9-ddb5-4fa4-a97d-d965ccfc6d4b" outcome="Passed" testListId="8c84fa94-04c1-424b-9868-57a2d4851a1d" relativeResultsDirectory="635002f4-472e-4a90-b715-d7d4e31951fc" />
    <UnitTestResult executionId="82df4041-32cb-40ca-944c-3e3575309ac5" testId="522a7cbe-4bb5-aabb-e611-e779b7eb308b" testName="GetStatus_SizeAndDateAreSame_ReturnsUntouched" computerName="ICSWS068" duration="00:00:00.0008272" startTime="2016-08-04T09:56:01.2693938+02:00" endTime="2016-08-04T09:56:01.2713964+02:00" testType="13cdc9d9-ddb5-4fa4-a97d-d965ccfc6d4b" outcome="Passed" testListId="8c84fa94-04c1-424b-9868-57a2d4851a1d" relativeResultsDirectory="82df4041-32cb-40ca-944c-3e3575309ac5" />
    <UnitTestResult executionId="7771c249-4777-4b6f-b984-409e6bc82644" testId="be1bb932-989e-6471-360a-63b0963968b0" testName="GetStatus_SizeDiffer_ReturnsTouched" computerName="ICSWS068" duration="00:00:00.0001947" startTime="2016-08-04T09:56:01.2749040+02:00" endTime="2016-08-04T09:56:01.2764066+02:00" testType="13cdc9d9-ddb5-4fa4-a97d-d965ccfc6d4b" outcome="Passed" testListId="8c84fa94-04c1-424b-9868-57a2d4851a1d" relativeResultsDirectory="7771c249-4777-4b6f-b984-409e6bc82644" />
    <UnitTestResult executionId="dd475432-5587-4ba9-84df-165c9f9b0442" testId="98a97890-5ed6-b926-143b-f25ef2bd4457" testName="GetStatus_DateDiffer_ReturnsTouched" computerName="ICSWS068" duration="00:00:00.0001838" startTime="2016-08-04T09:56:01.2789068+02:00" endTime="2016-08-04T09:56:01.2804241+02:00" testType="13cdc9d9-ddb5-4fa4-a97d-d965ccfc6d4b" outcome="Passed" testListId="8c84fa94-04c1-424b-9868-57a2d4851a1d" relativeResultsDirectory="dd475432-5587-4ba9-84df-165c9f9b0442" />
    <UnitTestResult executionId="82efe584-c648-4a69-922b-1e60f9e7ef79" testId="8517a108-f428-eaca-eca1-95044bd37f0e" testName="GetStatus_ArgumentIsNull_ThrowsException" computerName="ICSWS068" duration="00:00:00.0005020" startTime="2016-08-04T09:56:01.2819258+02:00" endTime="2016-08-04T09:56:01.2844466+02:00" testType="13cdc9d9-ddb5-4fa4-a97d-d965ccfc6d4b" outcome="Passed" testListId="8c84fa94-04c1-424b-9868-57a2d4851a1d" relativeResultsDirectory="82efe584-c648-4a69-922b-1e60f9e7ef79" />
    <UnitTestResult executionId="994ebec0-2719-4184-a77b-af9eb10bac42" testId="bb730be5-1419-11eb-6b3f-eec635a676a1" testName="Update_ArgumentIsNull_ThrowsException" computerName="ICSWS068" duration="00:00:00.0006386" startTime="2016-08-04T09:56:01.2864478+02:00" endTime="2016-08-04T09:56:01.2884477+02:00" testType="13cdc9d9-ddb5-4fa4-a97d-d965ccfc6d4b" outcome="Passed" testListId="8c84fa94-04c1-424b-9868-57a2d4851a1d" relativeResultsDirectory="994ebec0-2719-4184-a77b-af9eb10bac42" />
    <UnitTestResult executionId="b2326fe3-3b38-474a-b580-21b9efc61ee1" testId="4431dcfc-2ddc-c655-06b9-75d3ec27e75e" testName="Update_SizeAndDateAreSame_ReturnsUntouched" computerName="ICSWS068" duration="00:00:00.0001686" startTime="2016-08-04T09:56:01.2909345+02:00" endTime="2016-08-04T09:56:01.2931673+02:00" testType="13cdc9d9-ddb5-4fa4-a97d-d965ccfc6d4b" outcome="Passed" testListId="8c84fa94-04c1-424b-9868-57a2d4851a1d" relativeResultsDirectory="b2326fe3-3b38-474a-b580-21b9efc61ee1" />
    <UnitTestResult executionId="a74a589d-972c-4957-9fd9-1c09f4f2beb1" testId="e8bba3d0-9763-bf04-89d1-3be86681ed51" testName="Update_SizeDiffer_ReturnsTouched" computerName="ICSWS068" duration="00:00:00.0001627" startTime="2016-08-04T09:56:01.2956535+02:00" endTime="2016-08-04T09:56:01.2966540+02:00" testType="13cdc9d9-ddb5-4fa4-a97d-d965ccfc6d4b" outcome="Passed" testListId="8c84fa94-04c1-424b-9868-57a2d4851a1d" relativeResultsDirectory="a74a589d-972c-4957-9fd9-1c09f4f2beb1" />
    <UnitTestResult executionId="70a2dfaa-853d-4de5-8bde-4a15b6f1e0f2" testId="a583c5ca-7def-ea50-c9cb-6f748e924a1c" testName="Update_DateDiffer_ReturnsTouched" computerName="ICSWS068" duration="00:00:00.0001736" startTime="2016-08-04T09:56:01.2991558+02:00" endTime="2016-08-04T09:56:01.3001719+02:00" testType="13cdc9d9-ddb5-4fa4-a97d-d965ccfc6d4b" outcome="Passed" testListId="8c84fa94-04c1-424b-9868-57a2d4851a1d" relativeResultsDirectory="70a2dfaa-853d-4de5-8bde-4a15b6f1e0f2" />
    <UnitTestResult executionId="2b3f99f7-08b3-4dbc-a93c-6c6ca146bc2d" testId="3f98fe05-41f7-e9fc-3ae2-cb7dfa2b59ef" testName="Update_SizeDiffer_SizeIsUpdated" computerName="ICSWS068" duration="00:00:00.0001738" startTime="2016-08-04T09:56:01.3026363+02:00" endTime="2016-08-04T09:56:01.3041398+02:00" testType="13cdc9d9-ddb5-4fa4-a97d-d965ccfc6d4b" outcome="Passed" testListId="8c84fa94-04c1-424b-9868-57a2d4851a1d" relativeResultsDirectory="2b3f99f7-08b3-4dbc-a93c-6c6ca146bc2d" />
    <UnitTestResult executionId="4bada450-a986-43c8-ae1f-421be12c12e9" testId="ceb62784-bad6-446e-537c-b799957a9883" testName="Update_DateDiffer_DateIsUpdated" computerName="ICSWS068" duration="00:00:00.0002275" startTime="2016-08-04T09:56:01.3066415+02:00" endTime="2016-08-04T09:56:01.3081424+02:00" testType="13cdc9d9-ddb5-4fa4-a97d-d965ccfc6d4b" outcome="Passed" testListId="8c84fa94-04c1-424b-9868-57a2d4851a1d" relativeResultsDirectory="4bada450-a986-43c8-ae1f-421be12c12e9" />
    <UnitTestResult executionId="0b798014-19df-4d4d-acd7-d79cfd815c0c" testId="5380c26d-850a-a94d-3760-3116f72e89e1" testName="Add_ListIsEmpty_ReturnsOne" computerName="ICSWS068" duration="00:00:00.2328593" startTime="2016-08-04T09:56:01.3111447+02:00" endTime="2016-08-04T09:56:01.5449384+02:00" testType="13cdc9d9-ddb5-4fa4-a97d-d965ccfc6d4b" outcome="Passed" testListId="8c84fa94-04c1-424b-9868-57a2d4851a1d" relativeResultsDirectory="0b798014-19df-4d4d-acd7-d79cfd815c0c" />
    <UnitTestResult executionId="019953cb-652d-4d89-9748-ac6f91be7898" testId="53dc4bcb-76ff-7d4f-0af6-d9f1d13ffed3" testName="Add_ListIsEmptyAddSameFileTwice_ReturnsOne" computerName="ICSWS068" duration="00:00:00.0022131" startTime="2016-08-04T09:56:01.5479401+02:00" endTime="2016-08-04T09:56:01.5514447+02:00" testType="13cdc9d9-ddb5-4fa4-a97d-d965ccfc6d4b" outcome="Passed" testListId="8c84fa94-04c1-424b-9868-57a2d4851a1d" relativeResultsDirectory="019953cb-652d-4d89-9748-ac6f91be7898" />
    <UnitTestResult executionId="37ebb303-3238-4d77-a464-594b14f1597c" testId="8c1bc56e-621b-34df-dd1d-53da652778e8" testName="Add_ListIsEmptyBeginEndUpdateIsNotCalled_ReturnsZero" computerName="ICSWS068" duration="00:00:00.0025521" startTime="2016-08-04T09:56:01.5539482+02:00" endTime="2016-08-04T09:56:01.5574511+02:00" testType="13cdc9d9-ddb5-4fa4-a97d-d965ccfc6d4b" outcome="Passed" testListId="8c84fa94-04c1-424b-9868-57a2d4851a1d" relativeResultsDirectory="37ebb303-3238-4d77-a464-594b14f1597c" />
    <UnitTestResult executionId="567c5907-9d6d-4a98-baf8-7930d5b68ee4" testId="82709766-e215-7d88-0aa4-4d0d0d7dfa73" testName="ProcessList_ListIsActive_ReturnsFalse" computerName="ICSWS068" duration="00:00:00.0026738" startTime="2016-08-04T09:56:01.5604528+02:00" endTime="2016-08-04T09:56:01.5644618+02:00" testType="13cdc9d9-ddb5-4fa4-a97d-d965ccfc6d4b" outcome="Passed" testListId="8c84fa94-04c1-424b-9868-57a2d4851a1d" relativeResultsDirectory="567c5907-9d6d-4a98-baf8-7930d5b68ee4" />
    <UnitTestResult executionId="f27aa367-fea4-44d4-b8c6-9a551f614a54" testId="6b72c940-b9ca-2bcb-d153-4e7cd39ab74a" testName="ProcessList_ListIsEmptyAndNotActive_ReturnsFalse" computerName="ICSWS068" duration="00:00:00.0019260" startTime="2016-08-04T09:56:01.5669620+02:00" endTime="2016-08-04T09:56:01.5699646+02:00" testType="13cdc9d9-ddb5-4fa4-a97d-d965ccfc6d4b" outcome="Passed" testListId="8c84fa94-04c1-424b-9868-57a2d4851a1d" relativeResultsDirectory="f27aa367-fea4-44d4-b8c6-9a551f614a54" />
    <UnitTestResult executionId="2ce7009f-f073-4952-b459-ce38a8f96d13" testId="6f7848cc-1d54-08b8-6845-bc8c1190355b" testName="ProcessList_ListIsNotActiveAndContainsOneFileThatIsNotReady_ReturnsFalse" computerName="ICSWS068" duration="00:00:00.0208857" startTime="2016-08-04T09:56:01.5724872+02:00" endTime="2016-08-04T09:56:01.5949422+02:00" testType="13cdc9d9-ddb5-4fa4-a97d-d965ccfc6d4b" outcome="Passed" testListId="8c84fa94-04c1-424b-9868-57a2d4851a1d" relativeResultsDirectory="2ce7009f-f073-4952-b459-ce38a8f96d13" />
    <UnitTestResult executionId="d40db8cc-f789-4c18-bd25-09a7d1620a6c" testId="a8e625ba-f214-1406-d73d-ccf31e201428" testName="ProcessList_ListIsNotActiveAndContainsOneFileThatIsModified_ReturnsFalse" computerName="ICSWS068" duration="00:00:00.0061388" startTime="2016-08-04T09:56:01.5979448+02:00" endTime="2016-08-04T09:56:01.6049643+02:00" testType="13cdc9d9-ddb5-4fa4-a97d-d965ccfc6d4b" outcome="Passed" testListId="8c84fa94-04c1-424b-9868-57a2d4851a1d" relativeResultsDirectory="d40db8cc-f789-4c18-bd25-09a7d1620a6c" />
    <UnitTestResult executionId="f752cf69-2dd3-454b-8d8c-02e9523e2973" testId="2ac44d52-df7d-0f84-ea67-ab8994b1572b" testName="ProcessList_ListIsNotActiveAndContainsOneFileThatIsReady_ReturnsTrue" computerName="ICSWS068" duration="00:00:00.0045723" startTime="2016-08-04T09:56:01.6079508+02:00" endTime="2016-08-04T09:56:01.6145005+02:00" testType="13cdc9d9-ddb5-4fa4-a97d-d965ccfc6d4b" outcome="Passed" testListId="8c84fa94-04c1-424b-9868-57a2d4851a1d" relativeResultsDirectory="f752cf69-2dd3-454b-8d8c-02e9523e2973" />
    <UnitTestResult executionId="1e981397-d984-44e3-95db-e116cc272174" testId="4f5d6b71-f44c-b0db-58d9-e2fe2f3174a6" testName="ProcessList_ListIsActiveAndContainsOneFileThatIsNotReady_ReturnsFalseWhenListIsActiveDuringAdd" computerName="ICSWS068" duration="00:00:00.0047937" startTime="2016-08-04T09:56:01.6175031+02:00" endTime="2016-08-04T09:56:01.6235101+02:00" testType="13cdc9d9-ddb5-4fa4-a97d-d965ccfc6d4b" outcome="Passed" testListId="8c84fa94-04c1-424b-9868-57a2d4851a1d" relativeResultsDirectory="1e981397-d984-44e3-95db-e116cc272174" />
    <UnitTestResult executionId="ebeabb99-95d8-415e-8651-333f5ea6d226" testId="00ce97ad-0cda-a86a-468d-6030eebf7d02" testName="ProcessList_ListIsDeactivatedAfterTwoFilesAreAddedAndTimerHasInvokedCallback_ReturnsTrue" computerName="ICSWS068" duration="00:00:00.0064790" startTime="2016-08-04T09:56:01.6260264+02:00" endTime="2016-08-04T09:56:01.6340163+02:00" testType="13cdc9d9-ddb5-4fa4-a97d-d965ccfc6d4b" outcome="Passed" testListId="8c84fa94-04c1-424b-9868-57a2d4851a1d" relativeResultsDirectory="ebeabb99-95d8-415e-8651-333f5ea6d226" />
    <UnitTestResult executionId="e45aafa4-93ee-4cc3-a757-88f0b7acbbc9" testId="e7a58be6-4b73-002f-2b3c-41ca8c396a9b" testName="TimerCallbackInvoked_FileAddedAndCurrentTimeIsEqualToFilesReadyTime_FileIsReceivedInEventHandler" computerName="ICSWS068" duration="00:00:00.0053755" startTime="2016-08-04T09:56:01.6365359+02:00" endTime="2016-08-04T09:56:01.6430261+02:00" testType="13cdc9d9-ddb5-4fa4-a97d-d965ccfc6d4b" outcome="Passed" testListId="8c84fa94-04c1-424b-9868-57a2d4851a1d" relativeResultsDirectory="e45aafa4-93ee-4cc3-a757-88f0b7acbbc9" />
    <UnitTestResult executionId="ae2aec7f-bb37-4a0a-bc84-328f660c257d" testId="4d54d9e9-2ae8-c836-9995-876e802d5b06" testName="TimerCallbackInvoked_FileAddedAndCurrentTimeIsGreaterThanFilesReadyTime_FileIsReceivedInEventHandler" computerName="ICSWS068" duration="00:00:00.0042717" startTime="2016-08-04T09:56:01.6460281+02:00" endTime="2016-08-04T09:56:01.6515333+02:00" testType="13cdc9d9-ddb5-4fa4-a97d-d965ccfc6d4b" outcome="Passed" testListId="8c84fa94-04c1-424b-9868-57a2d4851a1d" relativeResultsDirectory="ae2aec7f-bb37-4a0a-bc84-328f660c257d" />
    <UnitTestResult executionId="c9ab1c95-97b4-47a1-82d6-43b71b6536c1" testId="dcda13bc-6ff3-fe0c-4229-47546350488a" testName="TimerCallbackInvoked_FileAddedAndCurrentTimeIsLessThanFilesReadyTime_FileIsNotReceivedInEventHandler" computerName="ICSWS068" duration="00:00:00.0045368" startTime="2016-08-04T09:56:01.6540377+02:00" endTime="2016-08-04T09:56:01.6595426+02:00" testType="13cdc9d9-ddb5-4fa4-a97d-d965ccfc6d4b" outcome="Passed" testListId="8c84fa94-04c1-424b-9868-57a2d4851a1d" relativeResultsDirectory="c9ab1c95-97b4-47a1-82d6-43b71b6536c1" />
    <UnitTestResult executionId="69cd116a-2c59-4ceb-95a6-f390a940b445" testId="4dc566d2-3d9b-df39-4815-52ef41c13226" testName="TimerCallbackInvoked_FileAddedAndCurrentTimeIsGreaterThanFilesReadyTimeAndFileIsModidifed_FileIsNotReceivedInEventHandler" computerName="ICSWS068" duration="00:00:00.0050092" startTime="2016-08-04T09:56:01.6625642+02:00" endTime="2016-08-04T09:56:01.6690515+02:00" testType="13cdc9d9-ddb5-4fa4-a97d-d965ccfc6d4b" outcome="Passed" testListId="8c84fa94-04c1-424b-9868-57a2d4851a1d" relativeResultsDirectory="69cd116a-2c59-4ceb-95a6-f390a940b445" />
    <UnitTestResult executionId="a9d83771-3e3d-48b3-87d2-818d68cfda16" testId="71bbb209-b9a9-7e0c-537d-aa77173841b0" testName="EndUpdate_ListIsActiveFileWithDateAddedAndCheckFileStatusIsFalse_FileIsReceivedInEventHandler" computerName="ICSWS068" duration="00:00:00.0042107" startTime="2016-08-04T09:56:01.6715532+02:00" endTime="2016-08-04T09:56:01.6770608+02:00" testType="13cdc9d9-ddb5-4fa4-a97d-d965ccfc6d4b" outcome="Passed" testListId="8c84fa94-04c1-424b-9868-57a2d4851a1d" relativeResultsDirectory="a9d83771-3e3d-48b3-87d2-818d68cfda16" />
    <UnitTestResult executionId="df086d34-f444-4679-a66c-4dddd662a5ea" testId="de8fb3aa-510e-eaf2-cd5a-0f7c868021df" testName="EndUpdate_ListIsNotActiveFileWithDateAddedAndCheckFileStatusIsFalse_FileIsNotReceivedInEventHandler" computerName="ICSWS068" duration="00:00:00.0039984" startTime="2016-08-04T09:56:01.6801636+02:00" endTime="2016-08-04T09:56:01.6856847+02:00" testType="13cdc9d9-ddb5-4fa4-a97d-d965ccfc6d4b" outcome="Passed" testListId="8c84fa94-04c1-424b-9868-57a2d4851a1d" relativeResultsDirectory="df086d34-f444-4679-a66c-4dddd662a5ea" />
    <UnitTestResult executionId="cf06e2fc-5632-41c6-bfc1-17139f2771fc" testId="1c605085-b25d-2a7d-0318-1d647f0091a0" testName="EndUpdate_ListIsActiveFileWithoutDateAddedAndCheckFileStatusIsFalse_FileIsReceivedInEventHandler" computerName="ICSWS068" duration="00:00:00.0050039" startTime="2016-08-04T09:56:01.6881697+02:00" endTime="2016-08-04T09:56:01.6946739+02:00" testType="13cdc9d9-ddb5-4fa4-a97d-d965ccfc6d4b" outcome="Passed" testListId="8c84fa94-04c1-424b-9868-57a2d4851a1d" relativeResultsDirectory="cf06e2fc-5632-41c6-bfc1-17139f2771fc" />
    <UnitTestResult executionId="fcd31561-5b71-47cc-9624-814649c34268" testId="3c05c40c-9658-811a-d313-132efe8847f7" testName="EndUpdate_ListIsActiveFileWithoutDateAddedAndCheckFileStatusIsFalseFileIsModified_FileIsReceivedInEventHandler" computerName="ICSWS068" duration="00:00:00.0043174" startTime="2016-08-04T09:56:01.6971771+02:00" endTime="2016-08-04T09:56:01.7031958+02:00" testType="13cdc9d9-ddb5-4fa4-a97d-d965ccfc6d4b" outcome="Passed" testListId="8c84fa94-04c1-424b-9868-57a2d4851a1d" relativeResultsDirectory="fcd31561-5b71-47cc-9624-814649c34268" />
    <UnitTestResult executionId="c753e1d3-ae53-453f-9485-2f320276d4d4" testId="90ca0290-37d6-621a-3d19-48a836f8684a" testName="EndUpdate_ListIsActiveTimerIsNotRunningFileAdded_TimerIsStarted" computerName="ICSWS068" duration="00:00:00.0124812" startTime="2016-08-04T09:56:01.7061826+02:00" endTime="2016-08-04T09:56:01.7202078+02:00" testType="13cdc9d9-ddb5-4fa4-a97d-d965ccfc6d4b" outcome="Passed" testListId="8c84fa94-04c1-424b-9868-57a2d4851a1d" relativeResultsDirectory="c753e1d3-ae53-453f-9485-2f320276d4d4" />
    <UnitTestResult executionId="3cd5bf4f-c830-4646-9e48-8a9ec2b72d3e" testId="8b1bfb18-bc37-566f-1390-300af2670696" testName="EndUpdate_ListIsActiveTimerIsNotRunningSameFileAddedTwice_TimerIsStartedWithFirstSettleTime" computerName="ICSWS068" duration="00:00:00.0058986" startTime="2016-08-04T09:56:01.7231978+02:00" endTime="2016-08-04T09:56:01.7307044+02:00" testType="13cdc9d9-ddb5-4fa4-a97d-d965ccfc6d4b" outcome="Passed" testListId="8c84fa94-04c1-424b-9868-57a2d4851a1d" relativeResultsDirectory="3cd5bf4f-c830-4646-9e48-8a9ec2b72d3e" />
    <UnitTestResult executionId="af0ac2c4-7a7c-4f37-af2f-2b5463a09fdd" testId="5f5671b6-8cd9-3c32-f279-80d523f2ba69" testName="EndUpdate_ListIsActiveTimerIsNotRunningTwoFilesAdded_TimerIsStartedWithSmallestSettleTime" computerName="ICSWS068" duration="00:00:00.0070901" startTime="2016-08-04T09:56:01.7337053+02:00" endTime="2016-08-04T09:56:01.7417136+02:00" testType="13cdc9d9-ddb5-4fa4-a97d-d965ccfc6d4b" outcome="Passed" testListId="8c84fa94-04c1-424b-9868-57a2d4851a1d" relativeResultsDirectory="af0ac2c4-7a7c-4f37-af2f-2b5463a09fdd" />
    <UnitTestResult executionId="6f628035-631e-4a62-81fe-3ca0801fb218" testId="76dbc2f0-0d33-59df-8f02-b9cc4ebd98ee" testName="EndUpdate_ListIsActiveTimerIsRunningFileIsAdded_TimerIsNotStartedWhenRunning" computerName="ICSWS068" duration="00:00:00.0073259" startTime="2016-08-04T09:56:01.7447174+02:00" endTime="2016-08-04T09:56:01.7532422+02:00" testType="13cdc9d9-ddb5-4fa4-a97d-d965ccfc6d4b" outcome="Passed" testListId="8c84fa94-04c1-424b-9868-57a2d4851a1d" relativeResultsDirectory="6f628035-631e-4a62-81fe-3ca0801fb218" />
    <UnitTestResult executionId="43c1928e-d75f-4485-a1a2-a62ca65d9430" testId="d2f69a66-4df0-5c6d-23f1-e134ddb23145" testName="EndUpdate_ListIsNotActiveFileAdded_TimerIsNotStarted" computerName="ICSWS068" duration="00:00:00.0048969" startTime="2016-08-04T09:56:01.7557430+02:00" endTime="2016-08-04T09:56:01.7625599+02:00" testType="13cdc9d9-ddb5-4fa4-a97d-d965ccfc6d4b" outcome="Passed" testListId="8c84fa94-04c1-424b-9868-57a2d4851a1d" relativeResultsDirectory="43c1928e-d75f-4485-a1a2-a62ca65d9430" />
    <UnitTestResult executionId="39ac4182-9cfb-4cc9-a8a7-89148edf065b" testId="807bbe3e-f4da-658b-78c1-826118e9b1b0" testName="StopTimer_TimerIsRunning_TimerIsStopped" computerName="ICSWS068" duration="00:00:00.0072927" startTime="2016-08-04T09:56:01.7650654+02:00" endTime="2016-08-04T09:56:01.7735735+02:00" testType="13cdc9d9-ddb5-4fa4-a97d-d965ccfc6d4b" outcome="Passed" testListId="8c84fa94-04c1-424b-9868-57a2d4851a1d" relativeResultsDirectory="39ac4182-9cfb-4cc9-a8a7-89148edf065b" />
    <UnitTestResult executionId="6ec22057-c429-42ef-86d2-b7daf6fad7d4" testId="d64e54f0-a09e-9cef-4d6f-dbf007a211fe" testName="StopTimer_TimerIsNotRunning_TimerIsStopped" computerName="ICSWS068" duration="00:00:00.0058215" startTime="2016-08-04T09:56:01.7765770+02:00" endTime="2016-08-04T09:56:01.7835821+02:00" testType="13cdc9d9-ddb5-4fa4-a97d-d965ccfc6d4b" outcome="Passed" testListId="8c84fa94-04c1-424b-9868-57a2d4851a1d" relativeResultsDirectory="6ec22057-c429-42ef-86d2-b7daf6fad7d4" />
    <UnitTestResult executionId="e4fb4bdf-6e1c-4825-927a-59a9b5258768" testId="35b22418-4187-ba17-04bd-521a87f4f1c5" testName="StartTimer_TimerRunning_TimerIsNotStarted" computerName="ICSWS068" duration="00:00:00.0056332" startTime="2016-08-04T09:56:01.7860985+02:00" endTime="2016-08-04T09:56:01.7932497+02:00" testType="13cdc9d9-ddb5-4fa4-a97d-d965ccfc6d4b" outcome="Passed" testListId="8c84fa94-04c1-424b-9868-57a2d4851a1d" relativeResultsDirectory="e4fb4bdf-6e1c-4825-927a-59a9b5258768" />
    <UnitTestResult executionId="0f06c516-b8ab-402c-9654-97a1e01e2d0e" testId="fb7db491-86cd-d09b-c656-f8728cd57e98" testName="StartTimer_ListIsNotActive_TimerIsNotStarted" computerName="ICSWS068" duration="00:00:00.0058464" startTime="2016-08-04T09:56:01.8085893+02:00" endTime="2016-08-04T09:56:01.8155959+02:00" testType="13cdc9d9-ddb5-4fa4-a97d-d965ccfc6d4b" outcome="Passed" testListId="8c84fa94-04c1-424b-9868-57a2d4851a1d" relativeResultsDirectory="0f06c516-b8ab-402c-9654-97a1e01e2d0e" />
    <UnitTestResult executionId="dd1a3098-7b8e-48b9-93a4-4e93b22bb1ec" testId="4afef9b1-bdd8-4f94-b0ee-9b0fb00a8fb9" testName="EndUpdate_ListIsActiveCheckFileStatusIsFalseFileAdded_TimerIsNotStarted" computerName="ICSWS068" duration="00:00:00.0047899" startTime="2016-08-04T09:56:01.8181129+02:00" endTime="2016-08-04T09:56:01.8241008+02:00" testType="13cdc9d9-ddb5-4fa4-a97d-d965ccfc6d4b" outcome="Passed" testListId="8c84fa94-04c1-424b-9868-57a2d4851a1d" relativeResultsDirectory="dd1a3098-7b8e-48b9-93a4-4e93b22bb1ec" />
    <UnitTestResult executionId="50d3bfc9-0947-4f24-a8e1-2e681968f350" testId="750d2c63-1a9b-7d0d-eccd-f1551dc8c1ac" testName="ProcessList_FilesSortCriteriaIsByNameAndAscending_FilesAreProcessedByNameAscending" computerName="ICSWS068" duration="00:00:00.0063570" startTime="2016-08-04T09:56:01.8271028+02:00" endTime="2016-08-04T09:56:01.8346285+02:00" testType="13cdc9d9-ddb5-4fa4-a97d-d965ccfc6d4b" outcome="Passed" testListId="8c84fa94-04c1-424b-9868-57a2d4851a1d" relativeResultsDirectory="50d3bfc9-0947-4f24-a8e1-2e681968f350" />
    <UnitTestResult executionId="8d342c5c-46f1-4724-b25a-904945877a4c" testId="2645515c-b8fb-c34a-a8fa-6250b2a1f4e7" testName="ProcessList_FilesSortCriteriaIsByNameAndDescending_FilesAreProcessedByNameDescending" computerName="ICSWS068" duration="00:00:00.0063590" startTime="2016-08-04T09:56:01.8381478+02:00" endTime="2016-08-04T09:56:01.8463224+02:00" testType="13cdc9d9-ddb5-4fa4-a97d-d965ccfc6d4b" outcome="Passed" testListId="8c84fa94-04c1-424b-9868-57a2d4851a1d" relativeResultsDirectory="8d342c5c-46f1-4724-b25a-904945877a4c" />
    <UnitTestResult executionId="4be638fb-5f17-4b21-a929-c28862e454c1" testId="8fe85cfc-802f-8394-d1ee-6cb3c6bf276c" testName="ProcessFiles_FilesSortCriteriaIsBySizeAndAscending_FilesAreProcessedBySizeAscending" computerName="ICSWS068" duration="00:00:00.0062112" startTime="2016-08-04T09:56:01.8488080+02:00" endTime="2016-08-04T09:56:01.8563161+02:00" testType="13cdc9d9-ddb5-4fa4-a97d-d965ccfc6d4b" outcome="Passed" testListId="8c84fa94-04c1-424b-9868-57a2d4851a1d" relativeResultsDirectory="4be638fb-5f17-4b21-a929-c28862e454c1" />
    <UnitTestResult executionId="eacc5d81-9b8e-4198-b0d6-5dd36315ebbf" testId="7ca4c031-dbdb-4611-9ada-ac384b7dd429" testName="ProcessFiles_FilesSortCriteriaIsBySizeAndDescending_FilesAreProcessedBySizeDescending" computerName="ICSWS068" duration="00:00:00.0060303" startTime="2016-08-04T09:56:01.8593184+02:00" endTime="2016-08-04T09:56:01.8668238+02:00" testType="13cdc9d9-ddb5-4fa4-a97d-d965ccfc6d4b" outcome="Passed" testListId="8c84fa94-04c1-424b-9868-57a2d4851a1d" relativeResultsDirectory="eacc5d81-9b8e-4198-b0d6-5dd36315ebbf" />
    <UnitTestResult executionId="55c778ca-3e26-4703-9759-bb5a1406fbd4" testId="86096cbf-8fdf-595f-692b-5a2820bef4b6" testName="ProcessFiles_FilesSortCriteriaIsByDateAndAscending_FilesAreProcessedByDateAscending" computerName="ICSWS068" duration="00:00:00.0063655" startTime="2016-08-04T09:56:01.8693255+02:00" endTime="2016-08-04T09:56:01.8768676+02:00" testType="13cdc9d9-ddb5-4fa4-a97d-d965ccfc6d4b" outcome="Passed" testListId="8c84fa94-04c1-424b-9868-57a2d4851a1d" relativeResultsDirectory="55c778ca-3e26-4703-9759-bb5a1406fbd4" />
    <UnitTestResult executionId="b20d36b9-c03a-4087-a392-5b27916bc8b5" testId="ba26fb46-2a87-84b2-8822-184bd76d425d" testName="ProcessFiles_FilesSortCriteriaIsByDateAndDescending_FilesAreProcessedByDateDescending" computerName="ICSWS068" duration="00:00:00.0061312" startTime="2016-08-04T09:56:01.8798526+02:00" endTime="2016-08-04T09:56:01.8868733+02:00" testType="13cdc9d9-ddb5-4fa4-a97d-d965ccfc6d4b" outcome="Passed" testListId="8c84fa94-04c1-424b-9868-57a2d4851a1d" relativeResultsDirectory="b20d36b9-c03a-4087-a392-5b27916bc8b5" />
    <UnitTestResult executionId="13b5a0c1-00da-487a-9469-eec7ae6da7bd" testId="7ff920e9-4d38-221d-9147-36f2862215e5" testName="ProcessFiles_ListIsNotActiveAddedFileHasNoDate_ReturnsFalse" computerName="ICSWS068" duration="00:00:00.0040245" startTime="2016-08-04T09:56:01.8898598+02:00" endTime="2016-08-04T09:56:01.8953688+02:00" testType="13cdc9d9-ddb5-4fa4-a97d-d965ccfc6d4b" outcome="Passed" testListId="8c84fa94-04c1-424b-9868-57a2d4851a1d" relativeResultsDirectory="13b5a0c1-00da-487a-9469-eec7ae6da7bd" />
    <UnitTestResult executionId="50a426e3-b924-46fe-b604-0681da5132e0" testId="c30c7103-7115-9535-1777-a4ed9114e3ee" testName="ProcessFiles_ListIsActiveAddedFileHasNoDateListIsDeactivatedAndTimerCallbackIsInvoked_ReturnsTrue" computerName="ICSWS068" duration="00:00:00.0043060" startTime="2016-08-04T09:56:01.8978857+02:00" endTime="2016-08-04T09:56:01.9033906+02:00" testType="13cdc9d9-ddb5-4fa4-a97d-d965ccfc6d4b" outcome="Passed" testListId="8c84fa94-04c1-424b-9868-57a2d4851a1d" relativeResultsDirectory="50a426e3-b924-46fe-b604-0681da5132e0" />
    <UnitTestResult executionId="9699a582-83c2-4d9f-926c-2fe02e5168c1" testId="834be18d-033c-2291-7629-e25d7b8eb765" testName="ProcessFiles_ListIsNotActiveFileIsModified_ReturnsFalse" computerName="ICSWS068" duration="00:00:00.0041872" startTime="2016-08-04T09:56:01.9063768+02:00" endTime="2016-08-04T09:56:01.9113964+02:00" testType="13cdc9d9-ddb5-4fa4-a97d-d965ccfc6d4b" outcome="Passed" testListId="8c84fa94-04c1-424b-9868-57a2d4851a1d" relativeResultsDirectory="9699a582-83c2-4d9f-926c-2fe02e5168c1" />
    <UnitTestResult executionId="02f59dc4-2260-4636-9946-c070872d5b4e" testId="582508b8-7571-86a2-67a1-d2fddc4748a6" testName="ProcessFiles_ListIsNotActiveFileIsDeletedFromDisk_ReturnsFalse" computerName="ICSWS068" duration="00:00:00.0040204" startTime="2016-08-04T09:56:01.9143816+02:00" endTime="2016-08-04T09:56:01.9194027+02:00" testType="13cdc9d9-ddb5-4fa4-a97d-d965ccfc6d4b" outcome="Passed" testListId="8c84fa94-04c1-424b-9868-57a2d4851a1d" relativeResultsDirectory="02f59dc4-2260-4636-9946-c070872d5b4e" />
    <UnitTestResult executionId="8c85a58a-aaac-4978-adbb-2fe8c74b37c8" testId="d113eda5-98e6-0ac4-2fd8-d58b0d6f8b0b" testName="ProcessFiles_ListIsNotActiveSettleTimeIsZero_ReturnsTrue" computerName="ICSWS068" duration="00:00:00.0042022" startTime="2016-08-04T09:56:01.9229088+02:00" endTime="2016-08-04T09:56:01.9283961+02:00" testType="13cdc9d9-ddb5-4fa4-a97d-d965ccfc6d4b" outcome="Passed" testListId="8c84fa94-04c1-424b-9868-57a2d4851a1d" relativeResultsDirectory="8c85a58a-aaac-4978-adbb-2fe8c74b37c8" />
    <UnitTestResult executionId="94e5f438-58e8-4433-8207-2497315a2e76" testId="227d833e-5ff0-4178-0481-0fa1f607fd59" testName="ProcessFiles_ListIsNotActiveSettleTimeIsZeroFileHasNoDate_ReturnsFalse" computerName="ICSWS068" duration="00:00:00.0041380" startTime="2016-08-04T09:56:01.9308978+02:00" endTime="2016-08-04T09:56:01.9364203+02:00" testType="13cdc9d9-ddb5-4fa4-a97d-d965ccfc6d4b" outcome="Passed" testListId="8c84fa94-04c1-424b-9868-57a2d4851a1d" relativeResultsDirectory="94e5f438-58e8-4433-8207-2497315a2e76" />
    <UnitTestResult executionId="64dfab79-9713-4a04-ae75-58cdf77e1791" testId="a452a30b-ed75-412a-40a9-455f8180a3d3" testName="ProcessFiles_ListIsNotActiveNoCheckFileStatus_ReturnsTrue" computerName="ICSWS068" duration="00:00:00.0040755" startTime="2016-08-04T09:56:01.9394059+02:00" endTime="2016-08-04T09:56:01.9448797+02:00" testType="13cdc9d9-ddb5-4fa4-a97d-d965ccfc6d4b" outcome="Passed" testListId="8c84fa94-04c1-424b-9868-57a2d4851a1d" relativeResultsDirectory="64dfab79-9713-4a04-ae75-58cdf77e1791" />
    <UnitTestResult executionId="b57d229b-38e2-43c0-a852-dbe763474e72" testId="d361f0c1-0904-aa95-5938-cba84c6ca7af" testName="ProcessFiles_ListIsNotActiveFileHasNoDateNoCheckFileStatus_ReturnsTrue" computerName="ICSWS068" duration="00:00:00.0038356" startTime="2016-08-04T09:56:01.9478805+02:00" endTime="2016-08-04T09:56:01.9529033+02:00" testType="13cdc9d9-ddb5-4fa4-a97d-d965ccfc6d4b" outcome="Passed" testListId="8c84fa94-04c1-424b-9868-57a2d4851a1d" relativeResultsDirectory="b57d229b-38e2-43c0-a852-dbe763474e72" />
    <UnitTestResult executionId="63d39d9b-7d33-49bf-b11b-d866d7d37d19" testId="be13e197-7803-c6ff-c74a-53a7e7c07acd" testName="Clear_InvokeAddThenClearThenAdd_SecondAddReturnsOne" computerName="ICSWS068" duration="00:00:00.0022823" startTime="2016-08-04T09:56:01.9553895+02:00" endTime="2016-08-04T09:56:01.9588917+02:00" testType="13cdc9d9-ddb5-4fa4-a97d-d965ccfc6d4b" outcome="Passed" testListId="8c84fa94-04c1-424b-9868-57a2d4851a1d" relativeResultsDirectory="63d39d9b-7d33-49bf-b11b-d866d7d37d19" />
    <UnitTestResult executionId="e426a3db-54c5-46f3-a211-17d7701a18e2" testId="da5c86af-897b-84c2-e917-19a2c44de1a9" testName="Constructor_Default_Success" computerName="ICSWS068" duration="00:00:00.0024911" startTime="2016-08-04T09:56:01.9618940+02:00" endTime="2016-08-04T09:56:01.9658673+02:00" testType="13cdc9d9-ddb5-4fa4-a97d-d965ccfc6d4b" outcome="Passed" testListId="8c84fa94-04c1-424b-9868-57a2d4851a1d" relativeResultsDirectory="e426a3db-54c5-46f3-a211-17d7701a18e2" />
    <UnitTestResult executionId="7e0e86bb-2669-450a-8ff9-52a3720dab5a" testId="2061bf26-b556-1243-85dc-a42aeed407af" testName="CreateHash_WithoutSalt_Success" computerName="ICSWS068" duration="00:00:00.4734050" startTime="2016-08-04T09:56:01.9683690+02:00" endTime="2016-08-04T09:56:02.4426495+02:00" testType="13cdc9d9-ddb5-4fa4-a97d-d965ccfc6d4b" outcome="Passed" testListId="8c84fa94-04c1-424b-9868-57a2d4851a1d" relativeResultsDirectory="7e0e86bb-2669-450a-8ff9-52a3720dab5a" />
    <UnitTestResult executionId="6742aabf-ac2a-4378-9461-95981182233d" testId="88bf76dd-bd69-d75e-4563-e08b10f193d8" testName="CreateHash_EmptyString_Throws" computerName="ICSWS068" duration="00:00:00.0006178" startTime="2016-08-04T09:56:02.4456515+02:00" endTime="2016-08-04T09:56:02.4471532+02:00" testType="13cdc9d9-ddb5-4fa4-a97d-d965ccfc6d4b" outcome="Passed" testListId="8c84fa94-04c1-424b-9868-57a2d4851a1d" relativeResultsDirectory="6742aabf-ac2a-4378-9461-95981182233d" />
    <UnitTestResult executionId="ec1c5b50-d6da-4bfe-9878-b22eb24e7ba7" testId="6c8a3ca6-8831-0317-a7cc-50feb982a4cf" testName="CreateHash_NullString_Throws" computerName="ICSWS068" duration="00:00:00.0004923" startTime="2016-08-04T09:56:02.4501541+02:00" endTime="2016-08-04T09:56:02.4516722+02:00" testType="13cdc9d9-ddb5-4fa4-a97d-d965ccfc6d4b" outcome="Passed" testListId="8c84fa94-04c1-424b-9868-57a2d4851a1d" relativeResultsDirectory="ec1c5b50-d6da-4bfe-9878-b22eb24e7ba7" />
    <UnitTestResult executionId="4dd82118-a91e-41c2-88ec-46ce880bf13e" testId="e2108036-99ee-eea5-4eee-35fd297953ab" testName="CreateHash_SaltIsNull_Throws" computerName="ICSWS068" duration="00:00:00.0005293" startTime="2016-08-04T09:56:02.4536625+02:00" endTime="2016-08-04T09:56:02.4551619+02:00" testType="13cdc9d9-ddb5-4fa4-a97d-d965ccfc6d4b" outcome="Passed" testListId="8c84fa94-04c1-424b-9868-57a2d4851a1d" relativeResultsDirectory="4dd82118-a91e-41c2-88ec-46ce880bf13e" />
    <UnitTestResult executionId="0747da71-c2fe-47ef-a0e3-990fe80f4f14" testId="84be755c-4e12-a17d-d5de-2c4cbf6371dc" testName="CreateHash_SaltIsEmpty_Throws" computerName="ICSWS068" duration="00:00:00.0006263" startTime="2016-08-04T09:56:02.4586651+02:00" endTime="2016-08-04T09:56:02.4606832+02:00" testType="13cdc9d9-ddb5-4fa4-a97d-d965ccfc6d4b" outcome="Passed" testListId="8c84fa94-04c1-424b-9868-57a2d4851a1d" relativeResultsDirectory="0747da71-c2fe-47ef-a0e3-990fe80f4f14" />
    <UnitTestResult executionId="509190d7-d931-455f-93ac-1c7f19741286" testId="17b18dfc-ee16-7b5c-ddb0-6c5e780be5f4" testName="CreateHash_SaltIsTooShort_Throws" computerName="ICSWS068" duration="00:00:00.0005700" startTime="2016-08-04T09:56:02.4631879+02:00" endTime="2016-08-04T09:56:02.4651899+02:00" testType="13cdc9d9-ddb5-4fa4-a97d-d965ccfc6d4b" outcome="Passed" testListId="8c84fa94-04c1-424b-9868-57a2d4851a1d" relativeResultsDirectory="509190d7-d931-455f-93ac-1c7f19741286" />
    <UnitTestResult executionId="8cc44434-bd48-411a-a8ae-93628147ad61" testId="aae79068-ff98-75da-4bd8-b48cb5c1740a" testName="CreateHash_SaltIsLong_Succeeds" computerName="ICSWS068" duration="00:00:00.4716795" startTime="2016-08-04T09:56:02.4676752+02:00" endTime="2016-08-04T09:56:02.9404868+02:00" testType="13cdc9d9-ddb5-4fa4-a97d-d965ccfc6d4b" outcome="Passed" testListId="8c84fa94-04c1-424b-9868-57a2d4851a1d" relativeResultsDirectory="8cc44434-bd48-411a-a8ae-93628147ad61" />
    <UnitTestResult executionId="5d2c3fcb-f1db-445b-b2b6-6fb4e412ed80" testId="5ff54d9c-39fb-1528-4706-54da371f50a0" testName="CreateHash_SaltIsNotInitialized_Succeeds" computerName="ICSWS068" duration="00:00:00.4729364" startTime="2016-08-04T09:56:02.9434911+02:00" endTime="2016-08-04T09:56:03.4177687+02:00" testType="13cdc9d9-ddb5-4fa4-a97d-d965ccfc6d4b" outcome="Passed" testListId="8c84fa94-04c1-424b-9868-57a2d4851a1d" relativeResultsDirectory="5d2c3fcb-f1db-445b-b2b6-6fb4e412ed80" />
    <UnitTestResult executionId="4c08a5c7-7872-4676-af41-41b280ee63a8" testId="58632aa8-2e63-51eb-d3ff-095d0daf2e77" testName="CreateHash_SaltIsZeroes_Succeeds" computerName="ICSWS068" duration="00:00:00.4782374" startTime="2016-08-04T09:56:03.4207704+02:00" endTime="2016-08-04T09:56:03.9004203+02:00" testType="13cdc9d9-ddb5-4fa4-a97d-d965ccfc6d4b" outcome="Passed" testListId="8c84fa94-04c1-424b-9868-57a2d4851a1d" relativeResultsDirectory="4c08a5c7-7872-4676-af41-41b280ee63a8" />
    <UnitTestResult executionId="520820c2-8d7c-41b5-a9a4-e9eec687f3a7" testId="956b036e-8fb9-6f11-7960-aa6e04069ce8" testName="CreateHash_WithoutSalt_HashIsNotNull" computerName="ICSWS068" duration="00:00:00.4887773" startTime="2016-08-04T09:56:03.9048369+02:00" endTime="2016-08-04T09:56:04.3948491+02:00" testType="13cdc9d9-ddb5-4fa4-a97d-d965ccfc6d4b" outcome="Passed" testListId="8c84fa94-04c1-424b-9868-57a2d4851a1d" relativeResultsDirectory="520820c2-8d7c-41b5-a9a4-e9eec687f3a7" />
    <UnitTestResult executionId="ecacc41b-c9a6-4141-b1a0-024a145e124e" testId="79e34a3b-2ed5-74ce-d6d1-382cbd2f96f3" testName="CreateHash_WithoutSaltStringIsNotEmpty_HashIs32Bytes" computerName="ICSWS068" duration="00:00:00.4826004" startTime="2016-08-04T09:56:04.3978523+02:00" endTime="2016-08-04T09:56:04.8819995+02:00" testType="13cdc9d9-ddb5-4fa4-a97d-d965ccfc6d4b" outcome="Passed" testListId="8c84fa94-04c1-424b-9868-57a2d4851a1d" relativeResultsDirectory="ecacc41b-c9a6-4141-b1a0-024a145e124e" />
    <UnitTestResult executionId="3b476da1-48e7-44cc-8692-bc516740912e" testId="953bc4e3-40ff-30ed-c837-f23b5378fa7f" testName="CreateHash_CalledTwoTimesWithoutSalt_HashesAreDifferent" computerName="ICSWS068" duration="00:00:00.9624826" startTime="2016-08-04T09:56:04.8850047+02:00" endTime="2016-08-04T09:56:05.8489499+02:00" testType="13cdc9d9-ddb5-4fa4-a97d-d965ccfc6d4b" outcome="Passed" testListId="8c84fa94-04c1-424b-9868-57a2d4851a1d" relativeResultsDirectory="3b476da1-48e7-44cc-8692-bc516740912e" />
    <UnitTestResult executionId="bfa47096-1172-4f34-93a1-53dd14e97f95" testId="cb884e57-a479-c895-6b8e-38e866fa1061" testName="CreateHash_CalledSecondTimeWithSameSalt_HashesAreSame" computerName="ICSWS068" duration="00:00:00.9638055" startTime="2016-08-04T09:56:05.8514308+02:00" endTime="2016-08-04T09:56:06.8167294+02:00" testType="13cdc9d9-ddb5-4fa4-a97d-d965ccfc6d4b" outcome="Passed" testListId="8c84fa94-04c1-424b-9868-57a2d4851a1d" relativeResultsDirectory="bfa47096-1172-4f34-93a1-53dd14e97f95" />
    <UnitTestResult executionId="c17e2ccc-7d8b-4103-9856-4241b273707b" testId="57bfcae0-a45f-9a02-aed0-de56f88666ee" testName="CreateHash_CalledSecondTimeWithOtherSalt_HashesAreNotSame" computerName="ICSWS068" duration="00:00:00.9744290" startTime="2016-08-04T09:56:06.8197311+02:00" endTime="2016-08-04T09:56:07.7958021+02:00" testType="13cdc9d9-ddb5-4fa4-a97d-d965ccfc6d4b" outcome="Passed" testListId="8c84fa94-04c1-424b-9868-57a2d4851a1d" relativeResultsDirectory="c17e2ccc-7d8b-4103-9856-4241b273707b" />
    <UnitTestResult executionId="16884875-3098-4eb0-a71e-e079458892c6" testId="23c149c2-3cf8-c7fa-90c1-02377d9787cf" testName="CreateHash_CalledSecondTimeWithOtherData_HashesAreNotSame" computerName="ICSWS068" duration="00:00:00.9433110" startTime="2016-08-04T09:56:07.7983197+02:00" endTime="2016-08-04T09:56:08.7432945+02:00" testType="13cdc9d9-ddb5-4fa4-a97d-d965ccfc6d4b" outcome="Passed" testListId="8c84fa94-04c1-424b-9868-57a2d4851a1d" relativeResultsDirectory="16884875-3098-4eb0-a71e-e079458892c6" />
    <UnitTestResult executionId="7aa19d10-f906-48c2-92d9-9f750862514a" testId="4bbb62f7-d610-c59c-7284-d1955fbfd2c2" testName="CreateSalt_WithoutSalt_SaltIsNotNull" computerName="ICSWS068" duration="00:00:00.4713414" startTime="2016-08-04T09:56:08.7462775+02:00" endTime="2016-08-04T09:56:09.2189175+02:00" testType="13cdc9d9-ddb5-4fa4-a97d-d965ccfc6d4b" outcome="Passed" testListId="8c84fa94-04c1-424b-9868-57a2d4851a1d" relativeResultsDirectory="7aa19d10-f906-48c2-92d9-9f750862514a" />
    <UnitTestResult executionId="1a55a502-4568-4cef-b03d-e13d6831df6e" testId="066660a8-4544-2778-dbd6-58d259652e5b" testName="CreateSalt_WithoutSaltStringIsNotEmpty_SaltIs32Bytes" computerName="ICSWS068" duration="00:00:00.4788019" startTime="2016-08-04T09:56:09.2219198+02:00" endTime="2016-08-04T09:56:09.7018524+02:00" testType="13cdc9d9-ddb5-4fa4-a97d-d965ccfc6d4b" outcome="Passed" testListId="8c84fa94-04c1-424b-9868-57a2d4851a1d" relativeResultsDirectory="1a55a502-4568-4cef-b03d-e13d6831df6e" />
    <UnitTestResult executionId="80670d0c-960b-416c-848b-87053537481b" testId="4cae0c8b-40f7-e310-026e-13514ee81fe9" testName="CreateHash_CalledTwoTimesWithoutSalt_SaltsAreDifferent" computerName="ICSWS068" duration="00:00:00.9422981" startTime="2016-08-04T09:56:09.7056415+02:00" endTime="2016-08-04T09:56:10.6499665+02:00" testType="13cdc9d9-ddb5-4fa4-a97d-d965ccfc6d4b" outcome="Passed" testListId="8c84fa94-04c1-424b-9868-57a2d4851a1d" relativeResultsDirectory="80670d0c-960b-416c-848b-87053537481b" />
    <UnitTestResult executionId="62c2b4cd-ac2c-4323-bf89-f461403fd63f" testId="ed8ae566-3876-85de-0db3-95fc081f83cf" testName="CreateHashAndStretchedKey_WithoutSalt_SaltGenerated" computerName="ICSWS068" duration="00:00:00.9473651" startTime="2016-08-04T09:56:10.6524679+02:00" endTime="2016-08-04T09:56:11.6014192+02:00" testType="13cdc9d9-ddb5-4fa4-a97d-d965ccfc6d4b" outcome="Passed" testListId="8c84fa94-04c1-424b-9868-57a2d4851a1d" relativeResultsDirectory="62c2b4cd-ac2c-4323-bf89-f461403fd63f" />
    <UnitTestResult executionId="805fafdf-a329-45d7-9072-f2c38a76d885" testId="76af9c9d-37f9-d82b-3b6a-2a9fd8e715df" testName="CreateHashAndStretchedKey_StretchedKeySizeIsZero_Throws" computerName="ICSWS068" duration="00:00:00.0006266" startTime="2016-08-04T09:56:11.6039042+02:00" endTime="2016-08-04T09:56:11.6064133+02:00" testType="13cdc9d9-ddb5-4fa4-a97d-d965ccfc6d4b" outcome="Passed" testListId="8c84fa94-04c1-424b-9868-57a2d4851a1d" relativeResultsDirectory="805fafdf-a329-45d7-9072-f2c38a76d885" />
    <UnitTestResult executionId="5aa24482-01ee-42c5-967c-3b7b268c05d8" testId="d8411415-b530-f4f1-7af3-d7ad19bae135" testName="CreateHashAndStretchedKey_StretchedKeySizeIsNegative_Throws" computerName="ICSWS068" duration="00:00:00.0005199" startTime="2016-08-04T09:56:11.6084250+02:00" endTime="2016-08-04T09:56:11.6099094+02:00" testType="13cdc9d9-ddb5-4fa4-a97d-d965ccfc6d4b" outcome="Passed" testListId="8c84fa94-04c1-424b-9868-57a2d4851a1d" relativeResultsDirectory="5aa24482-01ee-42c5-967c-3b7b268c05d8" />
    <UnitTestResult executionId="5ae94341-6f22-4c17-b9c3-a1dbf2a267be" testId="8b7176ae-054f-85cd-ef95-22a4daa2296b" testName="CreateHashAndStretchedKey_StretchedKeySizeIsNonZero_StretchedKeyIsCorrectSize" computerName="ICSWS068" duration="00:00:00.9358372" startTime="2016-08-04T09:56:11.6144577+02:00" endTime="2016-08-04T09:56:12.5517963+02:00" testType="13cdc9d9-ddb5-4fa4-a97d-d965ccfc6d4b" outcome="Passed" testListId="8c84fa94-04c1-424b-9868-57a2d4851a1d" relativeResultsDirectory="5ae94341-6f22-4c17-b9c3-a1dbf2a267be" />
    <UnitTestResult executionId="41213740-238f-413c-9dfe-f9efec638349" testId="cc768eb7-8cad-031b-04e7-82004a89b410" testName="Add_FirstEvent_EventsOccurredIsRaised" computerName="ICSWS068" duration="00:00:00.0189942" startTime="2016-08-04T09:56:12.5542995+02:00" endTime="2016-08-04T09:56:12.5749889+02:00" testType="13cdc9d9-ddb5-4fa4-a97d-d965ccfc6d4b" outcome="Passed" testListId="8c84fa94-04c1-424b-9868-57a2d4851a1d" relativeResultsDirectory="41213740-238f-413c-9dfe-f9efec638349">
      <Output>
        <StdOut>Debug Trace:
Add event A in category 1 at 08/04/2016 09:56:12
NotifyOnNewEvents(1); at 2016-08-04 09:56:12</StdOut>
      </Output>
    </UnitTestResult>
    <UnitTestResult executionId="c0098b45-e7df-4a29-a444-8c0723f429e9" testId="63438f7c-32bd-88f5-b237-7dfe16f9c68f" testName="Add_SecondEventBeforeMinimumEventOccurrenceInterval_OnlyOneEventsOccurredIsRaised" computerName="ICSWS068" duration="00:00:00.0227358" startTime="2016-08-04T09:56:12.5774742+02:00" endTime="2016-08-04T09:56:12.6015230+02:00" testType="13cdc9d9-ddb5-4fa4-a97d-d965ccfc6d4b" outcome="Passed" testListId="8c84fa94-04c1-424b-9868-57a2d4851a1d" relativeResultsDirectory="c0098b45-e7df-4a29-a444-8c0723f429e9">
      <Output>
        <StdOut>Debug Trace:
Add event A in category 1 at 08/04/2016 09:56:12
NotifyOnNewEvents(1); at 2016-08-04 09:56:12
Add event B in category 1 at 08/04/2016 09:56:13</StdOut>
      </Output>
    </UnitTestResult>
    <UnitTestResult executionId="d56d4e02-7778-4400-a69e-9bda03c07c35" testId="b2468c33-542d-f6f5-73c0-629e28bc3fa3" testName="Add_SecondEventAfterMinimumEventOccurrenceInterval_EventsOccurredIsRaisedTwice" computerName="ICSWS068" duration="00:00:00.0005524" startTime="2016-08-04T09:56:12.6039893+02:00" endTime="2016-08-04T09:56:12.6059895+02:00" testType="13cdc9d9-ddb5-4fa4-a97d-d965ccfc6d4b" outcome="Passed" testListId="8c84fa94-04c1-424b-9868-57a2d4851a1d" relativeResultsDirectory="d56d4e02-7778-4400-a69e-9bda03c07c35">
      <Output>
        <StdOut>Debug Trace:
Add event A in category 1 at 08/04/2016 09:56:12
NotifyOnNewEvents(1); at 2016-08-04 09:56:12
Add event B in category 1 at 08/04/2016 09:56:18
NotifyOnNewEvents(1); at 2016-08-04 09:56:12</StdOut>
      </Output>
    </UnitTestResult>
    <UnitTestResult executionId="09e3a34a-e4db-4b9a-899d-84816d74d07c" testId="a0f7c935-3d5e-cdfb-195e-b782f3c96efd" testName="Add_SecondEventBeforeMinimumEventOccurrenceInterval_EventsOccurredIsRaisedAgainWhenMinimumOccurrenceIntervalTimeHasPassed" computerName="ICSWS068" duration="00:00:00.0050702" startTime="2016-08-04T09:56:12.6084766+02:00" endTime="2016-08-04T09:56:12.6144829+02:00" testType="13cdc9d9-ddb5-4fa4-a97d-d965ccfc6d4b" outcome="Passed" testListId="8c84fa94-04c1-424b-9868-57a2d4851a1d" relativeResultsDirectory="09e3a34a-e4db-4b9a-899d-84816d74d07c">
      <Output>
        <StdOut>Debug Trace:
Add event A in category 1 at 08/04/2016 09:56:12
NotifyOnNewEvents(1); at 2016-08-04 09:56:12
Add event B in category 1 at 08/04/2016 09:56:13
NotifyOnNewEvents(1); at 2016-08-04 09:56:12</StdOut>
      </Output>
    </UnitTestResult>
    <UnitTestResult executionId="569595c5-99d8-4902-9076-62d945fcfd0f" testId="a55affd0-fce6-6b11-f6c1-1e4cc22e0a66" testName="Add_MultipleEventBeforeMinimumEventOccurrenceInterval_EventsOccurredIsRaisedAgainWhenMinimumOccurrenceIntervalTimeHasPassed" computerName="ICSWS068" duration="00:00:00.0021890" startTime="2016-08-04T09:56:12.6179852+02:00" endTime="2016-08-04T09:56:12.6210034+02:00" testType="13cdc9d9-ddb5-4fa4-a97d-d965ccfc6d4b" outcome="Passed" testListId="8c84fa94-04c1-424b-9868-57a2d4851a1d" relativeResultsDirectory="569595c5-99d8-4902-9076-62d945fcfd0f">
      <Output>
        <StdOut>Debug Trace:
Add event A in category 1 at 08/04/2016 09:56:12
NotifyOnNewEvents(1); at 2016-08-04 09:56:12
Add event B in category 1 at 08/04/2016 09:56:13
Add event C in category 1 at 08/04/2016 09:56:13
Add event D in category 1 at 08/04/2016 09:56:13
NotifyOnNewEvents(1); at 2016-08-04 09:56:12</StdOut>
      </Output>
    </UnitTestResult>
    <UnitTestResult executionId="5903cbe8-d51f-4f93-8526-6da49951a092" testId="ceb50692-7712-5620-d680-194199c74a89" testName="Add_NoEventOccurrenceThrottling_EventsOccurredIsRaisedForEachAddedEvent" computerName="ICSWS068" duration="00:00:00.0005803" startTime="2016-08-04T09:56:12.6239617+02:00" endTime="2016-08-04T09:56:12.6254625+02:00" testType="13cdc9d9-ddb5-4fa4-a97d-d965ccfc6d4b" outcome="Passed" testListId="8c84fa94-04c1-424b-9868-57a2d4851a1d" relativeResultsDirectory="5903cbe8-d51f-4f93-8526-6da49951a092">
      <Output>
        <StdOut>Debug Trace:
Add event A in category 1 at 08/04/2016 09:56:12
NotifyOnNewEvents(1); at 2016-08-04 09:56:12
Add event B in category 1 at 08/04/2016 09:56:12
NotifyOnNewEvents(1); at 2016-08-04 09:56:12</StdOut>
      </Output>
    </UnitTestResult>
    <UnitTestResult executionId="6c869b1e-6f98-4623-8201-f4d18d85b9be" testId="56c3fff6-e885-8138-67b8-f4a4d42ba83a" testName="Add_SecondEventOfDifferentCategoryBeforeMinimumEventOccurrenceInterval_EventsOccurredIsRaisedImmediately" computerName="ICSWS068" duration="00:00:00.0005216" startTime="2016-08-04T09:56:12.6274804+02:00" endTime="2016-08-04T09:56:12.6294818+02:00" testType="13cdc9d9-ddb5-4fa4-a97d-d965ccfc6d4b" outcome="Passed" testListId="8c84fa94-04c1-424b-9868-57a2d4851a1d" relativeResultsDirectory="6c869b1e-6f98-4623-8201-f4d18d85b9be">
      <Output>
        <StdOut>Debug Trace:
Add event A in category 1 at 08/04/2016 09:56:12
NotifyOnNewEvents(1); at 2016-08-04 09:56:12
Add event B in category 2 at 08/04/2016 09:56:13
NotifyOnNewEvents(2); at 2016-08-04 09:56:12</StdOut>
      </Output>
    </UnitTestResult>
    <UnitTestResult executionId="a8b0cc26-005c-419b-a0a0-b04cbfd57903" testId="2d71aae8-0209-3892-2089-0c649f64dfb1" testName="Add_MultipleEventsOfDifferentCategories_EventsOccurredIsRaisedAtTheCorrectTimes" computerName="ICSWS068" duration="00:00:00.0022105" startTime="2016-08-04T09:56:12.6314668+02:00" endTime="2016-08-04T09:56:12.6349418+02:00" testType="13cdc9d9-ddb5-4fa4-a97d-d965ccfc6d4b" outcome="Passed" testListId="8c84fa94-04c1-424b-9868-57a2d4851a1d" relativeResultsDirectory="a8b0cc26-005c-419b-a0a0-b04cbfd57903">
      <Output>
        <StdOut>Debug Trace:
Add event A in category 1 at 08/04/2016 09:56:12
NotifyOnNewEvents(1); at 2016-08-04 09:56:12
Add event B in category 2 at 08/04/2016 09:56:12
NotifyOnNewEvents(2); at 2016-08-04 09:56:12
Add event B in category 1 at 08/04/2016 09:56:12
Add event C in category 2 at 08/04/2016 09:56:12
Add event C in category 1 at 08/04/2016 09:56:12
NotifyOnNewEvents(1); at 2016-08-04 09:56:12
NotifyOnNewEvents(2); at 2016-08-04 09:56:12</StdOut>
      </Output>
    </UnitTestResult>
    <UnitTestResult executionId="e9b8b1ab-802b-4e7e-a1e0-29808f8acd52" testId="ca796ce5-6d9d-dc71-f0c1-1f16d8499e9b" testName="Add_MultipleEventsOfDifferentCategoriesSeparatedInTime_EventsOccurredIsRaisedAtTheCorrectTimes2" computerName="ICSWS068" duration="00:00:00.0015231" startTime="2016-08-04T09:56:12.6379438+02:00" endTime="2016-08-04T09:56:12.6409461+02:00" testType="13cdc9d9-ddb5-4fa4-a97d-d965ccfc6d4b" outcome="Passed" testListId="8c84fa94-04c1-424b-9868-57a2d4851a1d" relativeResultsDirectory="e9b8b1ab-802b-4e7e-a1e0-29808f8acd52">
      <Output>
        <StdOut>Debug Trace:
Add event A in category 1 at 08/04/2016 09:56:12
NotifyOnNewEvents(1); at 2016-08-04 09:56:12
Add event B in category 2 at 08/04/2016 09:56:13
NotifyOnNewEvents(2); at 2016-08-04 09:56:12
Add event B in category 1 at 08/04/2016 09:56:13
Add event C in category 2 at 08/04/2016 09:56:13
Add event C in category 1 at 08/04/2016 09:56:13
NotifyOnNewEvents(1); at 2016-08-04 09:56:12
NotifyOnNewEvents(2); at 2016-08-04 09:56:12</StdOut>
      </Output>
    </UnitTestResult>
    <UnitTestResult executionId="d8fd9df6-cad0-42a1-a44a-af4e22e2257d" testId="f1f3820b-be5f-e3c0-8b69-3ddda60b8d9a" testName="AddLessEventsThanCountThreshold_CountThresholdReachedIsNotRaised" computerName="ICSWS068" duration="00:00:00.0003604" startTime="2016-08-04T09:56:12.6434487+02:00" endTime="2016-08-04T09:56:12.6449490+02:00" testType="13cdc9d9-ddb5-4fa4-a97d-d965ccfc6d4b" outcome="Passed" testListId="8c84fa94-04c1-424b-9868-57a2d4851a1d" relativeResultsDirectory="d8fd9df6-cad0-42a1-a44a-af4e22e2257d">
      <Output>
        <StdOut>Debug Trace:
Add event A in category 1 at 08/04/2016 09:56:12
NotifyOnNewEvents(1); at 2016-08-04 09:56:12
Add event B in category 1 at 08/04/2016 09:56:12
NotifyOnNewEvents(1); at 2016-08-04 09:56:12</StdOut>
      </Output>
    </UnitTestResult>
    <UnitTestResult executionId="281487c7-fed8-4943-9403-431129a1181b" testId="d9161d96-6635-cd8c-44c6-36a36faafa4e" testName="AddEventCountEqualToCountThreshold_CountThresholdReachedIsRaised" computerName="ICSWS068" duration="00:00:00.0035919" startTime="2016-08-04T09:56:12.6474507+02:00" endTime="2016-08-04T09:56:12.6519556+02:00" testType="13cdc9d9-ddb5-4fa4-a97d-d965ccfc6d4b" outcome="Passed" testListId="8c84fa94-04c1-424b-9868-57a2d4851a1d" relativeResultsDirectory="281487c7-fed8-4943-9403-431129a1181b">
      <Output>
        <StdOut>Debug Trace:
Add event A in category 1 at 08/04/2016 09:56:12
NotifyOnNewEvents(1); at 2016-08-04 09:56:12
Add event B in category 1 at 08/04/2016 09:56:12
NotifyOnNewEvents(1); at 2016-08-04 09:56:12
Add event C in category 1 at 08/04/2016 09:56:12
NotifyOnNewEvents(1); at 2016-08-04 09:56:12</StdOut>
      </Output>
    </UnitTestResult>
    <UnitTestResult executionId="adc505f9-7b1d-4880-8a6f-599177aeb6d9" testId="d2803bbb-a050-5bca-87ae-f89665474cca" testName="Add_DifferentCategories_EventCountEqualThanCountThreshold_CountThresholdReachedIsRaised" computerName="ICSWS068" duration="00:00:00.0012193" startTime="2016-08-04T09:56:12.6549626+02:00" endTime="2016-08-04T09:56:12.6569816+02:00" testType="13cdc9d9-ddb5-4fa4-a97d-d965ccfc6d4b" outcome="Passed" testListId="8c84fa94-04c1-424b-9868-57a2d4851a1d" relativeResultsDirectory="adc505f9-7b1d-4880-8a6f-599177aeb6d9">
      <Output>
        <StdOut>Debug Trace:
Add event A in category 1 at 08/04/2016 09:56:12
NotifyOnNewEvents(1); at 2016-08-04 09:56:12
Add event B in category 1 at 08/04/2016 09:56:12
NotifyOnNewEvents(1); at 2016-08-04 09:56:12
Add event a in category 2 at 08/04/2016 09:56:12
NotifyOnNewEvents(2); at 2016-08-04 09:56:12
Add event C in category 1 at 08/04/2016 09:56:12
NotifyOnNewEvents(1); at 2016-08-04 09:56:12
Add event b in category 2 at 08/04/2016 09:56:12
NotifyOnNewEvents(2); at 2016-08-04 09:56:12
Add event c in category 2 at 08/04/2016 09:56:12
NotifyOnNewEvents(2); at 2016-08-04 09:56:12</StdOut>
      </Output>
    </UnitTestResult>
    <UnitTestResult executionId="59c1eaa3-318e-4a47-bd65-2c9ab66d4cba" testId="3db64796-78aa-7a27-0b45-e66d5293c9a9" testName="Add_DifferentCategories_EventCountGreaterThanCountThreshold_CountThresholdReachedIsNotRaisedMultipleTimesForTheSameCategory" computerName="ICSWS068" duration="00:00:00.0024207" startTime="2016-08-04T09:56:12.6594658+02:00" endTime="2016-08-04T09:56:12.6627460+02:00" testType="13cdc9d9-ddb5-4fa4-a97d-d965ccfc6d4b" outcome="Passed" testListId="8c84fa94-04c1-424b-9868-57a2d4851a1d" relativeResultsDirectory="59c1eaa3-318e-4a47-bd65-2c9ab66d4cba">
      <Output>
        <StdOut>Debug Trace:
Add event A in category 1 at 08/04/2016 09:56:12
NotifyOnNewEvents(1); at 2016-08-04 09:56:12
Add event B in category 1 at 08/04/2016 09:56:12
NotifyOnNewEvents(1); at 2016-08-04 09:56:12
Add event a in category 2 at 08/04/2016 09:56:12
NotifyOnNewEvents(2); at 2016-08-04 09:56:12
Add event C in category 1 at 08/04/2016 09:56:12
NotifyOnNewEvents(1); at 2016-08-04 09:56:12
Add event b in category 2 at 08/04/2016 09:56:12
NotifyOnNewEvents(2); at 2016-08-04 09:56:12
Add event c in category 2 at 08/04/2016 09:56:12
NotifyOnNewEvents(2); at 2016-08-04 09:56:12
Add event D in category 1 at 08/04/2016 09:56:12
NotifyOnNewEvents(1); at 2016-08-04 09:56:12
Add event d in category 2 at 08/04/2016 09:56:12
NotifyOnNewEvents(2); at 2016-08-04 09:56:12</StdOut>
      </Output>
    </UnitTestResult>
    <UnitTestResult executionId="2d1822c5-3576-4ecd-9dc3-3ee885ad580e" testId="f8d2a643-25a3-ea6b-356b-a65f40be01e8" testName="Clear_CountThresholdNeverReached_CountThresholdClearedIsNotCalled" computerName="ICSWS068" duration="00:00:00.0021333" startTime="2016-08-04T09:56:12.6652313+02:00" endTime="2016-08-04T09:56:12.6687501+02:00" testType="13cdc9d9-ddb5-4fa4-a97d-d965ccfc6d4b" outcome="Passed" testListId="8c84fa94-04c1-424b-9868-57a2d4851a1d" relativeResultsDirectory="2d1822c5-3576-4ecd-9dc3-3ee885ad580e">
      <Output>
        <StdOut>Debug Trace:
Add event A in category 1 at 08/04/2016 09:56:12
NotifyOnNewEvents(1); at 2016-08-04 09:56:12
Add event B in category 1 at 08/04/2016 09:56:12
NotifyOnNewEvents(1); at 2016-08-04 09:56:12
Add event a in category 2 at 08/04/2016 09:56:12
NotifyOnNewEvents(2); at 2016-08-04 09:56:12
Add event b in category 2 at 08/04/2016 09:56:12
NotifyOnNewEvents(2); at 2016-08-04 09:56:12</StdOut>
      </Output>
    </UnitTestResult>
    <UnitTestResult executionId="bd5ee58e-b66a-45f9-ab00-ae45c3dc9246" testId="11c850e6-7345-60c5-e0ac-9d61acc51f3b" testName="Clear_CountThresholdReachedForSingleCategory_CountThresholdClearedIsRaisedForThatCategory" computerName="ICSWS068" duration="00:00:00.0009172" startTime="2016-08-04T09:56:12.6712377+02:00" endTime="2016-08-04T09:56:12.6732728+02:00" testType="13cdc9d9-ddb5-4fa4-a97d-d965ccfc6d4b" outcome="Passed" testListId="8c84fa94-04c1-424b-9868-57a2d4851a1d" relativeResultsDirectory="bd5ee58e-b66a-45f9-ab00-ae45c3dc9246">
      <Output>
        <StdOut>Debug Trace:
Add event A in category 1 at 08/04/2016 09:56:12
NotifyOnNewEvents(1); at 2016-08-04 09:56:12
Add event B in category 1 at 08/04/2016 09:56:12
NotifyOnNewEvents(1); at 2016-08-04 09:56:12
Add event C in category 1 at 08/04/2016 09:56:12
NotifyOnNewEvents(1); at 2016-08-04 09:56:12
Add event a in category 2 at 08/04/2016 09:56:12
NotifyOnNewEvents(2); at 2016-08-04 09:56:12
Add event b in category 2 at 08/04/2016 09:56:12
NotifyOnNewEvents(2); at 2016-08-04 09:56:12</StdOut>
      </Output>
    </UnitTestResult>
    <UnitTestResult executionId="37f524fa-ba8b-4519-b430-086e53a0d076" testId="0ae1d444-3aaf-dfb0-4dcb-2c2c1ce995cb" testName="Clear_CountThresholdReachedForAllCategories_CountThresholdClearedIsRaisedForAllCategories" computerName="ICSWS068" duration="00:00:00.0009181" startTime="2016-08-04T09:56:12.6752743+02:00" endTime="2016-08-04T09:56:12.6772599+02:00" testType="13cdc9d9-ddb5-4fa4-a97d-d965ccfc6d4b" outcome="Passed" testListId="8c84fa94-04c1-424b-9868-57a2d4851a1d" relativeResultsDirectory="37f524fa-ba8b-4519-b430-086e53a0d076">
      <Output>
        <StdOut>Debug Trace:
Add event A in category 1 at 08/04/2016 09:56:12
NotifyOnNewEvents(1); at 2016-08-04 09:56:12
Add event B in category 1 at 08/04/2016 09:56:12
NotifyOnNewEvents(1); at 2016-08-04 09:56:12
Add event a in category 2 at 08/04/2016 09:56:12
NotifyOnNewEvents(2); at 2016-08-04 09:56:12
Add event C in category 1 at 08/04/2016 09:56:12
NotifyOnNewEvents(1); at 2016-08-04 09:56:12
Add event b in category 2 at 08/04/2016 09:56:12
NotifyOnNewEvents(2); at 2016-08-04 09:56:12
Add event c in category 2 at 08/04/2016 09:56:12
NotifyOnNewEvents(2); at 2016-08-04 09:56:12</StdOut>
      </Output>
    </UnitTestResult>
    <UnitTestResult executionId="3efdbd23-66cd-44c9-9e92-20e552d86ba0" testId="16064910-5ebd-fd1e-cd58-e66c0f8ede4e" testName="Add_CountThresholdNotReachedSinceLastClear_CountThresholdReachedIsNotRaised" computerName="ICSWS068" duration="00:00:00.0006287" startTime="2016-08-04T09:56:12.6797616+02:00" endTime="2016-08-04T09:56:12.6812639+02:00" testType="13cdc9d9-ddb5-4fa4-a97d-d965ccfc6d4b" outcome="Passed" testListId="8c84fa94-04c1-424b-9868-57a2d4851a1d" relativeResultsDirectory="3efdbd23-66cd-44c9-9e92-20e552d86ba0">
      <Output>
        <StdOut>Debug Trace:
Add event A in category 1 at 08/04/2016 09:56:12
NotifyOnNewEvents(1); at 2016-08-04 09:56:12
Add event B in category 1 at 08/04/2016 09:56:12
NotifyOnNewEvents(1); at 2016-08-04 09:56:12
Add event C in category 1 at 08/04/2016 09:56:12
NotifyOnNewEvents(1); at 2016-08-04 09:56:12
Add event A in category 1 at 08/04/2016 09:56:12
NotifyOnNewEvents(1); at 2016-08-04 09:56:12
Add event B in category 1 at 08/04/2016 09:56:12
NotifyOnNewEvents(1); at 2016-08-04 09:56:12</StdOut>
      </Output>
    </UnitTestResult>
    <UnitTestResult executionId="4c3e20b9-b2ef-4ca3-bc95-0e3cbf029ae0" testId="15f11c9a-21b5-5d68-bb4e-48c94386e9d2" testName="Clear_CountThresholdNotReachedSinceLastClear_CountThresholdClearedIsNotRaised" computerName="ICSWS068" duration="00:00:00.0005407" startTime="2016-08-04T09:56:12.6848137+02:00" endTime="2016-08-04T09:56:12.6863146+02:00" testType="13cdc9d9-ddb5-4fa4-a97d-d965ccfc6d4b" outcome="Passed" testListId="8c84fa94-04c1-424b-9868-57a2d4851a1d" relativeResultsDirectory="4c3e20b9-b2ef-4ca3-bc95-0e3cbf029ae0">
      <Output>
        <StdOut>Debug Trace:
Add event A in category 1 at 08/04/2016 09:56:12
NotifyOnNewEvents(1); at 2016-08-04 09:56:12
Add event B in category 1 at 08/04/2016 09:56:12
NotifyOnNewEvents(1); at 2016-08-04 09:56:12
Add event C in category 1 at 08/04/2016 09:56:12
NotifyOnNewEvents(1); at 2016-08-04 09:56:12
Add event A in category 1 at 08/04/2016 09:56:12
NotifyOnNewEvents(1); at 2016-08-04 09:56:12
Add event B in category 1 at 08/04/2016 09:56:12
NotifyOnNewEvents(1); at 2016-08-04 09:56:12</StdOut>
      </Output>
    </UnitTestResult>
    <UnitTestResult executionId="3e30bf0a-4155-481e-a959-1f1d9375f718" testId="58601bd5-1f12-f781-2524-c9d36294b2c0" testName="Add_CountThresholdReachedAgainAfterClear_CountThresholdReachedIsRaised" computerName="ICSWS068" duration="00:00:00.0006213" startTime="2016-08-04T09:56:12.6888172+02:00" endTime="2016-08-04T09:56:12.6908338+02:00" testType="13cdc9d9-ddb5-4fa4-a97d-d965ccfc6d4b" outcome="Passed" testListId="8c84fa94-04c1-424b-9868-57a2d4851a1d" relativeResultsDirectory="3e30bf0a-4155-481e-a959-1f1d9375f718">
      <Output>
        <StdOut>Debug Trace:
Add event A in category 1 at 08/04/2016 09:56:12
NotifyOnNewEvents(1); at 2016-08-04 09:56:12
Add event B in category 1 at 08/04/2016 09:56:12
NotifyOnNewEvents(1); at 2016-08-04 09:56:12
Add event C in category 1 at 08/04/2016 09:56:12
NotifyOnNewEvents(1); at 2016-08-04 09:56:12
Add event D in category 1 at 08/04/2016 09:56:12
NotifyOnNewEvents(1); at 2016-08-04 09:56:12
Add event E in category 1 at 08/04/2016 09:56:12
NotifyOnNewEvents(1); at 2016-08-04 09:56:12
Add event F in category 1 at 08/04/2016 09:56:12
NotifyOnNewEvents(1); at 2016-08-04 09:56:12</StdOut>
      </Output>
    </UnitTestResult>
    <UnitTestResult executionId="2cde2ff5-bd75-4e81-add0-3232ddc00bfd" testId="20faf8a4-c94d-b2c4-f0f9-2acad8e8bba3" testName="Cleared_CountThresholdReachedAgainAfterClear_CountThresholdClearedIsRaised" computerName="ICSWS068" duration="00:00:00.0005357" startTime="2016-08-04T09:56:12.6933229+02:00" endTime="2016-08-04T09:56:12.6948238+02:00" testType="13cdc9d9-ddb5-4fa4-a97d-d965ccfc6d4b" outcome="Passed" testListId="8c84fa94-04c1-424b-9868-57a2d4851a1d" relativeResultsDirectory="2cde2ff5-bd75-4e81-add0-3232ddc00bfd">
      <Output>
        <StdOut>Debug Trace:
Add event A in category 1 at 08/04/2016 09:56:12
NotifyOnNewEvents(1); at 2016-08-04 09:56:12
Add event B in category 1 at 08/04/2016 09:56:12
NotifyOnNewEvents(1); at 2016-08-04 09:56:12
Add event C in category 1 at 08/04/2016 09:56:12
NotifyOnNewEvents(1); at 2016-08-04 09:56:12
Add event D in category 1 at 08/04/2016 09:56:12
NotifyOnNewEvents(1); at 2016-08-04 09:56:12
Add event E in category 1 at 08/04/2016 09:56:12
NotifyOnNewEvents(1); at 2016-08-04 09:56:12
Add event F in category 1 at 08/04/2016 09:56:12
NotifyOnNewEvents(1); at 2016-08-04 09:56:12</StdOut>
      </Output>
    </UnitTestResult>
    <UnitTestResult executionId="d60e83b4-fedb-428a-87aa-b81e838226b4" testId="3c5e44d7-cebd-4a7c-6607-74a74cc30eb2" testName="AddEventsLessFrequentThanFrequencyThreshold_FrequencyThresholdReachedIsNotRaised" computerName="ICSWS068" duration="00:00:00.0014811" startTime="2016-08-04T09:56:12.6968255+02:00" endTime="2016-08-04T09:56:12.6998290+02:00" testType="13cdc9d9-ddb5-4fa4-a97d-d965ccfc6d4b" outcome="Passed" testListId="8c84fa94-04c1-424b-9868-57a2d4851a1d" relativeResultsDirectory="d60e83b4-fedb-428a-87aa-b81e838226b4">
      <Output>
        <StdOut>Debug Trace:
Add event A in category 1 at 08/04/2016 09:56:12
NotifyOnNewEvents(1); at 2016-08-04 09:56:12
Add event B in category 1 at 08/04/2016 09:56:13
NotifyOnNewEvents(1); at 2016-08-04 09:56:12
Add event C in category 1 at 08/04/2016 09:56:14
PurgeOldFrequencyMonitoredEvents
Removed occurence A (2016-08-04 09:56:12) from frequency monitoring.
Frequency threshold cleared for category 1 = False
NotifyOnNewEvents(1); at 2016-08-04 09:56:12</StdOut>
      </Output>
    </UnitTestResult>
    <UnitTestResult executionId="11981090-783f-4b47-a6ba-a0f339419e02" testId="a6e85539-de0a-e1ae-e990-d0e452f05ebc" testName="AddEventsBreakingFrequencyThreshold_FrequencyThresholdReachedIsRaised" computerName="ICSWS068" duration="00:00:00.0026518" startTime="2016-08-04T09:56:12.7023304+02:00" endTime="2016-08-04T09:56:12.7063321+02:00" testType="13cdc9d9-ddb5-4fa4-a97d-d965ccfc6d4b" outcome="Passed" testListId="8c84fa94-04c1-424b-9868-57a2d4851a1d" relativeResultsDirectory="11981090-783f-4b47-a6ba-a0f339419e02">
      <Output>
        <StdOut>Debug Trace:
Add event A in category 1 at 08/04/2016 09:56:12
NotifyOnNewEvents(1); at 2016-08-04 09:56:12
Add event B in category 1 at 08/04/2016 09:56:13
NotifyOnNewEvents(1); at 2016-08-04 09:56:12
Add event C in category 1 at 08/04/2016 09:56:14
PurgeOldFrequencyMonitoredEvents
Frequency threshold reached for category 1
NotifyOnNewEvents(1); at 2016-08-04 09:56:12</StdOut>
      </Output>
    </UnitTestResult>
    <UnitTestResult executionId="79b71018-993d-45bb-b0e9-fee96b06524d" testId="b41a59ea-98df-12de-12b0-1e9dc0b53a13" testName="FrequencyThresholdReached_FrequencyThresholdClearedIsRaisedWhenFrequencyIntervalTimeHasPassedSinceFirstEventWasAdded" computerName="ICSWS068" duration="00:00:00.0011641" startTime="2016-08-04T09:56:12.7088347+02:00" endTime="2016-08-04T09:56:12.7113367+02:00" testType="13cdc9d9-ddb5-4fa4-a97d-d965ccfc6d4b" outcome="Passed" testListId="8c84fa94-04c1-424b-9868-57a2d4851a1d" relativeResultsDirectory="79b71018-993d-45bb-b0e9-fee96b06524d">
      <Output>
        <StdOut>Debug Trace:
Add event A in category 1 at 08/04/2016 09:56:12
NotifyOnNewEvents(1); at 2016-08-04 09:56:12
Add event B in category 1 at 08/04/2016 09:56:13
NotifyOnNewEvents(1); at 2016-08-04 09:56:12
Add event C in category 1 at 08/04/2016 09:56:14
PurgeOldFrequencyMonitoredEvents
Frequency threshold reached for category 1
NotifyOnNewEvents(1); at 2016-08-04 09:56:12
PurgeOldFrequencyMonitoredEvents
Removed occurence A (2016-08-04 09:56:12) from frequency monitoring.</StdOut>
      </Output>
    </UnitTestResult>
    <UnitTestResult executionId="1ef211fc-8d82-4b29-908c-fbd752520d11" testId="0f8a8da6-1789-da2d-bbf4-621bfb812e33" testName="Clear_FrequencyThresholdReached_FrequencyThresholdClearedIsRaised" computerName="ICSWS068" duration="00:00:00.0012606" startTime="2016-08-04T09:56:12.7134986+02:00" endTime="2016-08-04T09:56:12.7164821+02:00" testType="13cdc9d9-ddb5-4fa4-a97d-d965ccfc6d4b" outcome="Passed" testListId="8c84fa94-04c1-424b-9868-57a2d4851a1d" relativeResultsDirectory="1ef211fc-8d82-4b29-908c-fbd752520d11">
      <Output>
        <StdOut>Debug Trace:
Add event A in category 1 at 08/04/2016 09:56:12
NotifyOnNewEvents(1); at 2016-08-04 09:56:12
Add event B in category 1 at 08/04/2016 09:56:13
NotifyOnNewEvents(1); at 2016-08-04 09:56:12
Add event C in category 1 at 08/04/2016 09:56:14
PurgeOldFrequencyMonitoredEvents
Frequency threshold reached for category 1
NotifyOnNewEvents(1); at 2016-08-04 09:56:12</StdOut>
      </Output>
    </UnitTestResult>
    <UnitTestResult executionId="87c66777-1911-4fac-86e8-814862ab5aec" testId="b99fa297-b1f0-9722-d1a7-96e3c3d0476c" testName="AddEventsWithMultipleCategoriesBreakingFrequencyThreshold_FrequencyThresholdReachedIsRaised" computerName="ICSWS068" duration="00:00:00.0010879" startTime="2016-08-04T09:56:12.7189841+02:00" endTime="2016-08-04T09:56:12.7214864+02:00" testType="13cdc9d9-ddb5-4fa4-a97d-d965ccfc6d4b" outcome="Passed" testListId="8c84fa94-04c1-424b-9868-57a2d4851a1d" relativeResultsDirectory="87c66777-1911-4fac-86e8-814862ab5aec">
      <Output>
        <StdOut>Debug Trace:
Add event A in category 1 at 08/04/2016 09:56:12
NotifyOnNewEvents(1); at 2016-08-04 09:56:12
Add event a in category 2 at 08/04/2016 09:56:13
NotifyOnNewEvents(2); at 2016-08-04 09:56:12
Add event B in category 1 at 08/04/2016 09:56:13
NotifyOnNewEvents(1); at 2016-08-04 09:56:12
Add event C in category 1 at 08/04/2016 09:56:14
PurgeOldFrequencyMonitoredEvents
Frequency threshold reached for category 1
NotifyOnNewEvents(1); at 2016-08-04 09:56:12
Add event b in category 2 at 08/04/2016 09:56:14
NotifyOnNewEvents(2); at 2016-08-04 09:56:12
Add event c in category 2 at 08/04/2016 09:56:14
PurgeOldFrequencyMonitoredEvents
Frequency threshold reached for category 2
NotifyOnNewEvents(2); at 2016-08-04 09:56:12</StdOut>
      </Output>
    </UnitTestResult>
    <UnitTestResult executionId="11577ab4-a2ce-4eb9-8cb0-49bf739701ef" testId="e0b47bf4-24ab-5fca-fb6b-1149271b91bf" testName="FrequencyThresholdReachedForMultipleCategories_FrequencyThresholdClearedIsRaisedWhenFrequencyIntervalTimeHasPassedSinceFirstEventWasAdded" computerName="ICSWS068" duration="00:00:00.0008800" startTime="2016-08-04T09:56:12.7239899+02:00" endTime="2016-08-04T09:56:12.7259916+02:00" testType="13cdc9d9-ddb5-4fa4-a97d-d965ccfc6d4b" outcome="Passed" testListId="8c84fa94-04c1-424b-9868-57a2d4851a1d" relativeResultsDirectory="11577ab4-a2ce-4eb9-8cb0-49bf739701ef">
      <Output>
        <StdOut>Debug Trace:
Add event A in category 1 at 08/04/2016 09:56:12
NotifyOnNewEvents(1); at 2016-08-04 09:56:12
Add event a in category 2 at 08/04/2016 09:56:13
NotifyOnNewEvents(2); at 2016-08-04 09:56:12
Add event B in category 1 at 08/04/2016 09:56:13
NotifyOnNewEvents(1); at 2016-08-04 09:56:12
Add event C in category 1 at 08/04/2016 09:56:14
PurgeOldFrequencyMonitoredEvents
Frequency threshold reached for category 1
NotifyOnNewEvents(1); at 2016-08-04 09:56:12
Add event b in category 2 at 08/04/2016 09:56:14
NotifyOnNewEvents(2); at 2016-08-04 09:56:12
Add event c in category 2 at 08/04/2016 09:56:14
PurgeOldFrequencyMonitoredEvents
Frequency threshold reached for category 2
NotifyOnNewEvents(2); at 2016-08-04 09:56:12
PurgeOldFrequencyMonitoredEvents
Removed occurence A (2016-08-04 09:56:12) from frequency monitoring.
PurgeOldFrequencyMonitoredEvents
Removed occurence a (2016-08-04 09:56:13) from frequency monitoring.</StdOut>
      </Output>
    </UnitTestResult>
    <UnitTestResult executionId="7d5fcc22-2c1a-4f56-a07a-02c9aa21f3f4" testId="573395d5-e91b-2a46-e586-6989234ac556" testName="ClearCategory_FrequencyThresholdReachedForMultipleCategories_FrequencyThresholdClearedRaisedForCorrectCategory" computerName="ICSWS068" duration="00:00:00.0026078" startTime="2016-08-04T09:56:12.7284930+02:00" endTime="2016-08-04T09:56:12.7320000+02:00" testType="13cdc9d9-ddb5-4fa4-a97d-d965ccfc6d4b" outcome="Passed" testListId="8c84fa94-04c1-424b-9868-57a2d4851a1d" relativeResultsDirectory="7d5fcc22-2c1a-4f56-a07a-02c9aa21f3f4">
      <Output>
        <StdOut>Debug Trace:
Add event A in category 1 at 08/04/2016 09:56:12
NotifyOnNewEvents(1); at 2016-08-04 09:56:12
Add event a in category 2 at 08/04/2016 09:56:13
NotifyOnNewEvents(2); at 2016-08-04 09:56:12
Add event B in category 1 at 08/04/2016 09:56:13
NotifyOnNewEvents(1); at 2016-08-04 09:56:12
Add event C in category 1 at 08/04/2016 09:56:14
PurgeOldFrequencyMonitoredEvents
Frequency threshold reached for category 1
NotifyOnNewEvents(1); at 2016-08-04 09:56:12
Add event b in category 2 at 08/04/2016 09:56:14
NotifyOnNewEvents(2); at 2016-08-04 09:56:12
Add event c in category 2 at 08/04/2016 09:56:14
PurgeOldFrequencyMonitoredEvents
Frequency threshold reached for category 2
NotifyOnNewEvents(2); at 2016-08-04 09:56:12</StdOut>
      </Output>
    </UnitTestResult>
    <UnitTestResult executionId="61adb882-1dad-4705-8923-04ffc1d6872e" testId="810a85e2-e582-7fc5-0d0f-0dcae290424c" testName="FrequencyThresholdReachedForSecondTime_FrequencyThresholdReachedIsRaised" computerName="ICSWS068" duration="00:00:00.0008342" startTime="2016-08-04T09:56:12.7350011+02:00" endTime="2016-08-04T09:56:12.7370026+02:00" testType="13cdc9d9-ddb5-4fa4-a97d-d965ccfc6d4b" outcome="Passed" testListId="8c84fa94-04c1-424b-9868-57a2d4851a1d" relativeResultsDirectory="61adb882-1dad-4705-8923-04ffc1d6872e">
      <Output>
        <StdOut>Debug Trace:
Add event A in category 1 at 08/04/2016 09:56:12
NotifyOnNewEvents(1); at 2016-08-04 09:56:12
Add event B in category 1 at 08/04/2016 09:56:13
NotifyOnNewEvents(1); at 2016-08-04 09:56:12
Add event C in category 1 at 08/04/2016 09:56:14
PurgeOldFrequencyMonitoredEvents
Frequency threshold reached for category 1
NotifyOnNewEvents(1); at 2016-08-04 09:56:12
PurgeOldFrequencyMonitoredEvents
Removed occurence A (2016-08-04 09:56:12) from frequency monitoring.
Add event D in category 1 at 08/04/2016 09:56:15
PurgeOldFrequencyMonitoredEvents
Frequency threshold reached for category 1
NotifyOnNewEvents(1); at 2016-08-04 09:56:12</StdOut>
      </Output>
    </UnitTestResult>
    <UnitTestResult executionId="28ddd179-8ea5-4ab5-9dcc-b1645c9ba8fa" testId="883fd7f6-bbc7-cdac-b18c-098e0dadf6a5" testName="FrequencyThresholdClearedForSecondTime_FrequencyThresholdClearedIsRaised" computerName="ICSWS068" duration="00:00:00.0008310" startTime="2016-08-04T09:56:12.7390210+02:00" endTime="2016-08-04T09:56:12.7410066+02:00" testType="13cdc9d9-ddb5-4fa4-a97d-d965ccfc6d4b" outcome="Passed" testListId="8c84fa94-04c1-424b-9868-57a2d4851a1d" relativeResultsDirectory="28ddd179-8ea5-4ab5-9dcc-b1645c9ba8fa">
      <Output>
        <StdOut>Debug Trace:
Add event A in category 1 at 08/04/2016 09:56:12
NotifyOnNewEvents(1); at 2016-08-04 09:56:12
Add event B in category 1 at 08/04/2016 09:56:13
NotifyOnNewEvents(1); at 2016-08-04 09:56:12
Add event C in category 1 at 08/04/2016 09:56:14
PurgeOldFrequencyMonitoredEvents
Frequency threshold reached for category 1
NotifyOnNewEvents(1); at 2016-08-04 09:56:12
PurgeOldFrequencyMonitoredEvents
Removed occurence A (2016-08-04 09:56:12) from frequency monitoring.
Add event D in category 1 at 08/04/2016 09:56:15
PurgeOldFrequencyMonitoredEvents
Frequency threshold reached for category 1
NotifyOnNewEvents(1); at 2016-08-04 09:56:12
PurgeOldFrequencyMonitoredEvents
Removed occurence B (2016-08-04 09:56:13) from frequency monitoring.</StdOut>
      </Output>
    </UnitTestResult>
    <UnitTestResult executionId="d7c09b9a-963d-4482-a57c-a5274e1a7300" testId="9b0d2b73-b4d4-668b-c516-56bd2650f250" testName="Retry_NullAction_ThrowsArgumentNullException" computerName="ICSWS068" duration="00:00:00.0010993" startTime="2016-08-04T09:56:12.7435071+02:00" endTime="2016-08-04T09:56:12.7455256+02:00" testType="13cdc9d9-ddb5-4fa4-a97d-d965ccfc6d4b" outcome="Passed" testListId="8c84fa94-04c1-424b-9868-57a2d4851a1d" relativeResultsDirectory="d7c09b9a-963d-4482-a57c-a5274e1a7300" />
    <UnitTestResult executionId="76b4b44f-760b-4d25-876f-a257956df742" testId="7532ca98-f92d-17dc-0b7e-b225decadc98" testName="Retry_NullRetryRule_ThrowsArgumentNullException" computerName="ICSWS068" duration="00:00:00.0006826" startTime="2016-08-04T09:56:12.7485115+02:00" endTime="2016-08-04T09:56:12.7505138+02:00" testType="13cdc9d9-ddb5-4fa4-a97d-d965ccfc6d4b" outcome="Passed" testListId="8c84fa94-04c1-424b-9868-57a2d4851a1d" relativeResultsDirectory="76b4b44f-760b-4d25-876f-a257956df742" />
    <UnitTestResult executionId="d0425cc0-f72d-484d-8394-a7f0f02253b4" testId="6e5e1f42-6002-befe-0983-419082368f5c" testName="Retry_ZeroMaxRetries_RunsActionOnlyOnce" computerName="ICSWS068" duration="00:00:00.0060649" startTime="2016-08-04T09:56:12.7525334+02:00" endTime="2016-08-04T09:56:12.7600233+02:00" testType="13cdc9d9-ddb5-4fa4-a97d-d965ccfc6d4b" outcome="Passed" testListId="8c84fa94-04c1-424b-9868-57a2d4851a1d" relativeResultsDirectory="d0425cc0-f72d-484d-8394-a7f0f02253b4" />
    <UnitTestResult executionId="2a0b9906-34ee-48ac-87ca-2e00fa443946" testId="c06713f0-e9db-6b4b-5fc0-cd5f2662d5b4" testName="Retry_ZeroMaxRetries_ThrowsTestException" computerName="ICSWS068" duration="00:00:00.0011037" startTime="2016-08-04T09:56:12.7625443+02:00" endTime="2016-08-04T09:56:12.7650294+02:00" testType="13cdc9d9-ddb5-4fa4-a97d-d965ccfc6d4b" outcome="Passed" testListId="8c84fa94-04c1-424b-9868-57a2d4851a1d" relativeResultsDirectory="2a0b9906-34ee-48ac-87ca-2e00fa443946" />
    <UnitTestResult executionId="f4327f8f-8e0a-4cec-af6d-087cec5d1b03" testId="30a14669-df18-ab70-471e-d6d37dddb0ad" testName="Retry_FourMaxRetriesActionSucceeds_RunsActionOnlyOnce" computerName="ICSWS068" duration="00:00:00.0006542" startTime="2016-08-04T09:56:12.7675319+02:00" endTime="2016-08-04T09:56:12.7695319+02:00" testType="13cdc9d9-ddb5-4fa4-a97d-d965ccfc6d4b" outcome="Passed" testListId="8c84fa94-04c1-424b-9868-57a2d4851a1d" relativeResultsDirectory="f4327f8f-8e0a-4cec-af6d-087cec5d1b03" />
    <UnitTestResult executionId="2be9e601-ccf6-4e95-9af5-73a73398c957" testId="e02ca0ec-5e3a-74ac-c49c-2e4a43fd5866" testName="Retry_FourMaxRetriesActionSucceedsOnThirdAttempt_DoesNotThrow" computerName="ICSWS068" duration="00:00:00.0014817" startTime="2016-08-04T09:56:12.7710342+02:00" endTime="2016-08-04T09:56:12.7745110+02:00" testType="13cdc9d9-ddb5-4fa4-a97d-d965ccfc6d4b" outcome="Passed" testListId="8c84fa94-04c1-424b-9868-57a2d4851a1d" relativeResultsDirectory="2be9e601-ccf6-4e95-9af5-73a73398c957" />
    <UnitTestResult executionId="51cb0470-9acb-4a45-9de3-81c6702ae9b8" testId="0e7499ae-bcb5-1231-45ff-669c9fbebe99" testName="Retry_TwoMaxRetriesActionFailsThreeTimes_ThrowsCorrectRetryFailureException" computerName="ICSWS068" duration="00:00:00.0032694" startTime="2016-08-04T09:56:12.7775121+02:00" endTime="2016-08-04T09:56:12.7865187+02:00" testType="13cdc9d9-ddb5-4fa4-a97d-d965ccfc6d4b" outcome="Passed" testListId="8c84fa94-04c1-424b-9868-57a2d4851a1d" relativeResultsDirectory="51cb0470-9acb-4a45-9de3-81c6702ae9b8" />
    <UnitTestResult executionId="d8dca6fc-c198-4595-9826-501c1de68817" testId="bf0e6ef3-1207-2332-b1b8-675f6375b82e" testName="Retry_TwoMaxRetriesWithFilteredExceptionsActionFailsThreeTimesWithAllowedExceptions_Succeeds" computerName="ICSWS068" duration="00:00:00.0010806" startTime="2016-08-04T09:56:12.7890201+02:00" endTime="2016-08-04T09:56:12.7915239+02:00" testType="13cdc9d9-ddb5-4fa4-a97d-d965ccfc6d4b" outcome="Passed" testListId="8c84fa94-04c1-424b-9868-57a2d4851a1d" relativeResultsDirectory="d8dca6fc-c198-4595-9826-501c1de68817" />
    <UnitTestResult executionId="9a0db3e5-16e4-45f8-b137-e7572cba78d2" testId="f923cd0f-dfab-9f73-3ae5-765ebddc5875" testName="Retry_TwoMaxRetriesWithFiltereedExceptionsActionFailsWithTooManyUnallowedExceptions_ThrowsCorrectRetryFailedException" computerName="ICSWS068" duration="00:00:00.0014545" startTime="2016-08-04T09:56:12.7937869+02:00" endTime="2016-08-04T09:56:12.7967883+02:00" testType="13cdc9d9-ddb5-4fa4-a97d-d965ccfc6d4b" outcome="Passed" testListId="8c84fa94-04c1-424b-9868-57a2d4851a1d" relativeResultsDirectory="9a0db3e5-16e4-45f8-b137-e7572cba78d2" />
    <UnitTestResult executionId="c1ee3a1b-a481-414b-a695-733c34af378e" testId="f7de1aff-11f1-9a54-d1bd-baaf5fae23ea" testName="Retry_TwoMaxRetriesIgnoringDeadlocks_ActionDeadlocksThreeTimes_Succeeds" computerName="ICSWS068" duration="00:00:00.0024805" startTime="2016-08-04T09:56:12.7997901+02:00" endTime="2016-08-04T09:56:12.8033120+02:00" testType="13cdc9d9-ddb5-4fa4-a97d-d965ccfc6d4b" outcome="Passed" testListId="8c84fa94-04c1-424b-9868-57a2d4851a1d" relativeResultsDirectory="c1ee3a1b-a481-414b-a695-733c34af378e" />
    <UnitTestResult executionId="1ebae601-1d16-4587-8289-6f3ddf746065" testId="eb29977b-3bc0-a614-e26a-a08d32d038c9" testName="Retry_TwoMaxRetriesIgnoringDeadlocks_ActionThrowsMixOfDeadlocksAndOtherErrors_ThrowsCorrectRetryFailedException" computerName="ICSWS068" duration="00:00:00.0011721" startTime="2016-08-04T09:56:12.8062976+02:00" endTime="2016-08-04T09:56:12.8088010+02:00" testType="13cdc9d9-ddb5-4fa4-a97d-d965ccfc6d4b" outcome="Passed" testListId="8c84fa94-04c1-424b-9868-57a2d4851a1d" relativeResultsDirectory="1ebae601-1d16-4587-8289-6f3ddf746065" />
    <UnitTestResult executionId="451250b1-90ea-4904-979b-be92090ce957" testId="733d1333-1788-d492-21a6-e6779f56c3d6" testName="Retry_ZeroMaxConsecutiveRetries_RunsActionOnlyOnce" computerName="ICSWS068" duration="00:00:00.0019181" startTime="2016-08-04T09:56:12.8113013+02:00" endTime="2016-08-04T09:56:12.8142159+02:00" testType="13cdc9d9-ddb5-4fa4-a97d-d965ccfc6d4b" outcome="Passed" testListId="8c84fa94-04c1-424b-9868-57a2d4851a1d" relativeResultsDirectory="451250b1-90ea-4904-979b-be92090ce957" />
    <UnitTestResult executionId="f4c66770-3c7f-4e51-b98b-a3db1c47b9af" testId="a7c83cfb-0f94-edd5-7c75-284df5c9c819" testName="Retry_FourMaxConsecutiveRetriesActionSucceeds_RunsActionOnlyOnce" computerName="ICSWS068" duration="00:00:00.0005615" startTime="2016-08-04T09:56:12.8172255+02:00" endTime="2016-08-04T09:56:12.8192337+02:00" testType="13cdc9d9-ddb5-4fa4-a97d-d965ccfc6d4b" outcome="Passed" testListId="8c84fa94-04c1-424b-9868-57a2d4851a1d" relativeResultsDirectory="f4c66770-3c7f-4e51-b98b-a3db1c47b9af" />
    <UnitTestResult executionId="35d3181d-2d4d-4940-a07b-ca2470410f21" testId="05caa212-0e87-897a-87eb-4cf639109ebe" testName="Retry_TwoMaxConsecutiveRetriesActionThrowsManyNonConsecutiveExceptions_DoesNotThrow" computerName="ICSWS068" duration="00:00:00.0024717" startTime="2016-08-04T09:56:12.8212193+02:00" endTime="2016-08-04T09:56:12.8252060+02:00" testType="13cdc9d9-ddb5-4fa4-a97d-d965ccfc6d4b" outcome="Passed" testListId="8c84fa94-04c1-424b-9868-57a2d4851a1d" relativeResultsDirectory="35d3181d-2d4d-4940-a07b-ca2470410f21" />
    <UnitTestResult executionId="ad1d274a-46ab-49ae-9823-c289b99ea166" testId="7b99d2d7-ed13-b1c8-b115-1667287ab461" testName="Retry_TwoMaxConsecutiveRetriesActionThrowsThreeConsecutiveErrors_ThrowsCorrectRetryFailureException" computerName="ICSWS068" duration="00:00:00.0009533" startTime="2016-08-04T09:56:12.8277072+02:00" endTime="2016-08-04T09:56:12.8301936+02:00" testType="13cdc9d9-ddb5-4fa4-a97d-d965ccfc6d4b" outcome="Passed" testListId="8c84fa94-04c1-424b-9868-57a2d4851a1d" relativeResultsDirectory="ad1d274a-46ab-49ae-9823-c289b99ea166" />
    <UnitTestResult executionId="fcaa2e61-a84b-4e04-be83-45cb73563715" testId="a5150760-4dcc-d8d2-2909-6dc54e65b23f" testName="Retry_TwoMaxConsecutiveWithFilteredExceptionsActionFailsThreeTimesWithAllowedExceptions_Succeeds" computerName="ICSWS068" duration="00:00:00.0009715" startTime="2016-08-04T09:56:12.8331997+02:00" endTime="2016-08-04T09:56:12.8357000+02:00" testType="13cdc9d9-ddb5-4fa4-a97d-d965ccfc6d4b" outcome="Passed" testListId="8c84fa94-04c1-424b-9868-57a2d4851a1d" relativeResultsDirectory="fcaa2e61-a84b-4e04-be83-45cb73563715" />
    <UnitTestResult executionId="6718bb97-ec19-4708-879b-7d6e255710ed" testId="3cbcdaea-d5be-443b-51a5-7e09de3620f3" testName="Retry_TwoMaxConsecutiveErrorsWithFiltereedExceptionsActionFailsWithTooManyUnallowedExceptions_ThrowsCorrectRetryFailedException" computerName="ICSWS068" duration="00:00:00.0012812" startTime="2016-08-04T09:56:12.8382026+02:00" endTime="2016-08-04T09:56:12.8407043+02:00" testType="13cdc9d9-ddb5-4fa4-a97d-d965ccfc6d4b" outcome="Passed" testListId="8c84fa94-04c1-424b-9868-57a2d4851a1d" relativeResultsDirectory="6718bb97-ec19-4708-879b-7d6e255710ed" />
    <UnitTestResult executionId="e7a597c5-b24d-4101-94d8-395c56fa614e" testId="5b80d864-252f-3f0f-c92b-a96579b571da" testName="Retry_TwoMaxConsecutiveErrorsIgnoringDeadlocks_ActionDeadlocksThreeTimesInARow_Succeeds" computerName="ICSWS068" duration="00:00:00.0008439" startTime="2016-08-04T09:56:12.8437216+02:00" endTime="2016-08-04T09:56:12.8457236+02:00" testType="13cdc9d9-ddb5-4fa4-a97d-d965ccfc6d4b" outcome="Passed" testListId="8c84fa94-04c1-424b-9868-57a2d4851a1d" relativeResultsDirectory="e7a597c5-b24d-4101-94d8-395c56fa614e" />
    <UnitTestResult executionId="f7c0877f-557f-401a-b8e8-a23b7e25db1c" testId="ea7764bf-5cf6-1510-8f2b-0fd3d0e278a7" testName="Retry_Max3TotalErrors_Max2ConsecutiveErrors_ActionThrowsThreeDifferentExceptions_ThrowsCorrectException" computerName="ICSWS068" duration="00:00:00.0014483" startTime="2016-08-04T09:56:12.8487095+02:00" endTime="2016-08-04T09:56:12.8512118+02:00" testType="13cdc9d9-ddb5-4fa4-a97d-d965ccfc6d4b" outcome="Passed" testListId="8c84fa94-04c1-424b-9868-57a2d4851a1d" relativeResultsDirectory="f7c0877f-557f-401a-b8e8-a23b7e25db1c" />
    <UnitTestResult executionId="8a736a46-7438-444f-a632-f88d0534a972" testId="ed87f482-cc02-9f0a-840b-4c0b6ea42164" testName="Retry_DelayBetweenRetries_CancellationSet_ThrowsCorrectException" computerName="ICSWS068" duration="00:00:00.2173878" startTime="2016-08-04T09:56:12.8542173+02:00" endTime="2016-08-04T09:56:13.0733625+02:00" testType="13cdc9d9-ddb5-4fa4-a97d-d965ccfc6d4b" outcome="Passed" testListId="8c84fa94-04c1-424b-9868-57a2d4851a1d" relativeResultsDirectory="8a736a46-7438-444f-a632-f88d0534a972" />
    <UnitTestResult executionId="fc752f8b-63e0-49f9-b8f4-14202a49a482" testId="8f2126f5-8c90-1685-549c-b1e48124503d" testName="ExecuteAsync_ErrorsOccurs_RetriesAreHandledCorrectly" computerName="ICSWS068" duration="00:00:00.1441112" startTime="2016-08-04T09:56:13.0758466+02:00" endTime="2016-08-04T09:56:13.2210955+02:00" testType="13cdc9d9-ddb5-4fa4-a97d-d965ccfc6d4b" outcome="Passed" testListId="8c84fa94-04c1-424b-9868-57a2d4851a1d" relativeResultsDirectory="fc752f8b-63e0-49f9-b8f4-14202a49a482" />
    <UnitTestResult executionId="090f498d-e96f-41a4-8099-e0c7e3e82278" testId="53fb41d8-bfb7-6be6-d02b-4d7695255037" testName="ExecuteAsyncWithReturnValue_ErrorsOccurs_RetriesAreHandledCorrectly" computerName="ICSWS068" duration="00:00:00.1434667" startTime="2016-08-04T09:56:13.2238230+02:00" endTime="2016-08-04T09:56:13.3686634+02:00" testType="13cdc9d9-ddb5-4fa4-a97d-d965ccfc6d4b" outcome="Passed" testListId="8c84fa94-04c1-424b-9868-57a2d4851a1d" relativeResultsDirectory="090f498d-e96f-41a4-8099-e0c7e3e82278" />
    <UnitTestResult executionId="f6f15a1b-b949-40b3-8c6a-156cbc33ed95" testId="92dfb640-dd6c-18fa-05ed-9acae7871f38" testName="ReadPrefixedString_1BytePrefix_ReturnsCorrectStringAndBytes" computerName="ICSWS068" duration="00:00:00.0082813" startTime="2016-08-04T09:56:13.3716645+02:00" endTime="2016-08-04T09:56:13.3813717+02:00" testType="13cdc9d9-ddb5-4fa4-a97d-d965ccfc6d4b" outcome="Passed" testListId="8c84fa94-04c1-424b-9868-57a2d4851a1d" relativeResultsDirectory="f6f15a1b-b949-40b3-8c6a-156cbc33ed95" />
    <UnitTestResult executionId="1b2b44dd-ed81-4277-b40c-f8f06ae4cb9a" testId="036911f7-2384-5519-faa6-d327d5ee7cbb" testName="ReadPrefixedString_PrefixGreaterThanActualSizeOfString_ThrowsFormatException" computerName="ICSWS068" duration="00:00:00.0015184" startTime="2016-08-04T09:56:13.3843742+02:00" endTime="2016-08-04T09:56:13.3868927+02:00" testType="13cdc9d9-ddb5-4fa4-a97d-d965ccfc6d4b" outcome="Passed" testListId="8c84fa94-04c1-424b-9868-57a2d4851a1d" relativeResultsDirectory="1b2b44dd-ed81-4277-b40c-f8f06ae4cb9a" />
    <UnitTestResult executionId="b6062da6-50b9-4243-90e3-11adfc52cd18" testId="f5665beb-4141-31cc-d1b4-df165f5a7436" testName="ReadPrefixedString_PrefixGreaterThanActualSizeOfStringAndMaxCharsLessThanString_Success" computerName="ICSWS068" duration="00:00:00.0005806" startTime="2016-08-04T09:56:13.3893941+02:00" endTime="2016-08-04T09:56:13.3913788+02:00" testType="13cdc9d9-ddb5-4fa4-a97d-d965ccfc6d4b" outcome="Passed" testListId="8c84fa94-04c1-424b-9868-57a2d4851a1d" relativeResultsDirectory="b6062da6-50b9-4243-90e3-11adfc52cd18" />
    <UnitTestResult executionId="3573965a-24bb-4977-a376-8f0e283253e3" testId="b6399c58-1e6a-fb77-56dc-2611af0c0f29" testName="ReadPrefixedString_PrefixGreaterThanActualSizeOfStringAndMaxCharsMoreThanString_ThrowsFormatException" computerName="ICSWS068" duration="00:00:00.0010964" startTime="2016-08-04T09:56:13.3938858+02:00" endTime="2016-08-04T09:56:13.3963878+02:00" testType="13cdc9d9-ddb5-4fa4-a97d-d965ccfc6d4b" outcome="Passed" testListId="8c84fa94-04c1-424b-9868-57a2d4851a1d" relativeResultsDirectory="3573965a-24bb-4977-a376-8f0e283253e3" />
    <UnitTestResult executionId="b08f9ec2-89d4-4e0a-bd93-144af0e14781" testId="f6772bce-972d-7b10-b655-8423107fa5e2" testName="ReadPrefixedString_InputStreamContainsDataAfterString_Success" computerName="ICSWS068" duration="00:00:00.0010281" startTime="2016-08-04T09:56:13.3988898+02:00" endTime="2016-08-04T09:56:13.4013904+02:00" testType="13cdc9d9-ddb5-4fa4-a97d-d965ccfc6d4b" outcome="Passed" testListId="8c84fa94-04c1-424b-9868-57a2d4851a1d" relativeResultsDirectory="b08f9ec2-89d4-4e0a-bd93-144af0e14781" />
    <UnitTestResult executionId="23b70ba3-2ef6-448a-aae9-397dedbd5aa2" testId="0695d487-87b8-6ea4-1fb8-97931b6cea90" testName="ReadPrefixedString_2BytePrefix_ReturnsCorrectStringAndBytes" computerName="ICSWS068" duration="00:00:00.0027327" startTime="2016-08-04T09:56:13.4039076+02:00" endTime="2016-08-04T09:56:13.4078955+02:00" testType="13cdc9d9-ddb5-4fa4-a97d-d965ccfc6d4b" outcome="Passed" testListId="8c84fa94-04c1-424b-9868-57a2d4851a1d" relativeResultsDirectory="23b70ba3-2ef6-448a-aae9-397dedbd5aa2" />
    <UnitTestResult executionId="143d8896-18e5-49d1-be29-108983abc0b1" testId="2148c64c-25b8-eef4-4443-3376f2b98299" testName="ReadPrefixedString_4BytePrefix_ReturnsCorrectStringAndBytes" computerName="ICSWS068" duration="00:00:00.0012078" startTime="2016-08-04T09:56:13.4108975+02:00" endTime="2016-08-04T09:56:13.4134427+02:00" testType="13cdc9d9-ddb5-4fa4-a97d-d965ccfc6d4b" outcome="Passed" testListId="8c84fa94-04c1-424b-9868-57a2d4851a1d" relativeResultsDirectory="143d8896-18e5-49d1-be29-108983abc0b1" />
    <UnitTestResult executionId="fb8cb636-8bee-4e44-b8dd-9b1fdbc55a73" testId="ab4f7604-3681-36b9-1fb6-82e94714e26a" testName="ReadPrefixedString_UTF7Prefix_ReturnsCorrectStringAndBytes" computerName="ICSWS068" duration="00:00:00.0013987" startTime="2016-08-04T09:56:13.4159285+02:00" endTime="2016-08-04T09:56:13.4184311+02:00" testType="13cdc9d9-ddb5-4fa4-a97d-d965ccfc6d4b" outcome="Passed" testListId="8c84fa94-04c1-424b-9868-57a2d4851a1d" relativeResultsDirectory="fb8cb636-8bee-4e44-b8dd-9b1fdbc55a73" />
    <UnitTestResult executionId="6d348c43-d3ea-4866-b0bf-893da7e12cb0" testId="bf38c723-899c-c9a8-5fa1-a2f909dd9916" testName="ReadPrefixedString_UTF7PrefixAndWrongPrefixFormat_ThrowsFormatException" computerName="ICSWS068" duration="00:00:00.0011615" startTime="2016-08-04T09:56:13.4214328+02:00" endTime="2016-08-04T09:56:13.4234698+02:00" testType="13cdc9d9-ddb5-4fa4-a97d-d965ccfc6d4b" outcome="Passed" testListId="8c84fa94-04c1-424b-9868-57a2d4851a1d" relativeResultsDirectory="6d348c43-d3ea-4866-b0bf-893da7e12cb0" />
    <UnitTestResult executionId="f1a79bff-a3bc-452a-b5b7-e781a147c53e" testId="16f04824-e8a0-931e-4723-42d0fc2b68d1" testName="ReadPrefixedString_UTF7PrefixIAndVeryLongString_ReturnsCorrectStringAndBytes" computerName="ICSWS068" duration="00:00:00.0007738" startTime="2016-08-04T09:56:13.4259568+02:00" endTime="2016-08-04T09:56:13.4279729+02:00" testType="13cdc9d9-ddb5-4fa4-a97d-d965ccfc6d4b" outcome="Passed" testListId="8c84fa94-04c1-424b-9868-57a2d4851a1d" relativeResultsDirectory="f1a79bff-a3bc-452a-b5b7-e781a147c53e" />
    <UnitTestResult executionId="e81fd608-40fa-4b52-9ed2-333da07d8a6a" testId="275fa635-e5e4-9f35-da27-4de35e58bfd0" testName="ReadPrefixedString_UTF7PrefixAndNonSeekableStream_ReturnsCorrectStringAndBytes" computerName="ICSWS068" duration="00:00:00.0011064" startTime="2016-08-04T09:56:13.4304597+02:00" endTime="2016-08-04T09:56:13.4329807+02:00" testType="13cdc9d9-ddb5-4fa4-a97d-d965ccfc6d4b" outcome="Passed" testListId="8c84fa94-04c1-424b-9868-57a2d4851a1d" relativeResultsDirectory="e81fd608-40fa-4b52-9ed2-333da07d8a6a" />
    <UnitTestResult executionId="4e665587-0511-40f3-aee4-3fd13abd19a5" testId="d2c4ce38-7b16-695f-5881-55d16dc12801" testName="ReadPrefixedString_UTF7PrefixAndMaxCharsSetToLessThanString_ReturnsCorrectStringAndBytes" computerName="ICSWS068" duration="00:00:00.0006914" startTime="2016-08-04T09:56:13.4354842+02:00" endTime="2016-08-04T09:56:13.4374871+02:00" testType="13cdc9d9-ddb5-4fa4-a97d-d965ccfc6d4b" outcome="Passed" testListId="8c84fa94-04c1-424b-9868-57a2d4851a1d" relativeResultsDirectory="4e665587-0511-40f3-aee4-3fd13abd19a5" />
    <UnitTestResult executionId="3deb3ce2-4582-42bc-be8b-560c73885e9f" testId="6b4280c3-f910-fe7e-8283-b1f5cd96372e" testName="ReadPrefixedString_UTF7PrefixAndMaxCharsSetToGreaterThanString_ReturnsCorrectStringAndBytes" computerName="ICSWS068" duration="00:00:00.0007131" startTime="2016-08-04T09:56:13.4404891+02:00" endTime="2016-08-04T09:56:13.4424908+02:00" testType="13cdc9d9-ddb5-4fa4-a97d-d965ccfc6d4b" outcome="Passed" testListId="8c84fa94-04c1-424b-9868-57a2d4851a1d" relativeResultsDirectory="3deb3ce2-4582-42bc-be8b-560c73885e9f" />
    <UnitTestResult executionId="6c18b55c-7be5-44fe-bad0-b389c68ee190" testId="433f6b6e-886e-8b65-221a-7d52e0655df2" testName="ReadPrefixedString_UTF7PrefixAndMaxCharsSetToEqualToString_ReturnsCorrectStringAndBytes" computerName="ICSWS068" duration="00:00:00.0006486" startTime="2016-08-04T09:56:13.4450022+02:00" endTime="2016-08-04T09:56:13.4469931+02:00" testType="13cdc9d9-ddb5-4fa4-a97d-d965ccfc6d4b" outcome="Passed" testListId="8c84fa94-04c1-424b-9868-57a2d4851a1d" relativeResultsDirectory="6c18b55c-7be5-44fe-bad0-b389c68ee190" />
    <UnitTestResult executionId="ea63f7e8-bdf3-4ee4-9873-c7ac855563d0" testId="ca5078c3-84bf-dfab-c634-d80ffe1e04e6" testName="ReadNullTerminatedString_ReadAllCharacters_ReturnsCorrectStringAndBytes" computerName="ICSWS068" duration="00:00:00.0029708" startTime="2016-08-04T09:56:13.4494951+02:00" endTime="2016-08-04T09:56:13.4540006+02:00" testType="13cdc9d9-ddb5-4fa4-a97d-d965ccfc6d4b" outcome="Passed" testListId="8c84fa94-04c1-424b-9868-57a2d4851a1d" relativeResultsDirectory="ea63f7e8-bdf3-4ee4-9873-c7ac855563d0" />
    <UnitTestResult executionId="66c4b903-a7aa-4fa1-81d5-62e91c79c7e3" testId="49b9b94a-f48c-dd36-e598-1b2ad541bb7c" testName="ReadNullTerminatedString_MaxCharsSetLessThanString_ReturnsCorrectStringAndBytes" computerName="ICSWS068" duration="00:00:00.0007216" startTime="2016-08-04T09:56:13.4565243+02:00" endTime="2016-08-04T09:56:13.4585439+02:00" testType="13cdc9d9-ddb5-4fa4-a97d-d965ccfc6d4b" outcome="Passed" testListId="8c84fa94-04c1-424b-9868-57a2d4851a1d" relativeResultsDirectory="66c4b903-a7aa-4fa1-81d5-62e91c79c7e3" />
    <UnitTestResult executionId="63b16145-1bc0-4f6c-8fbd-1b237393377b" testId="a7a12e4b-3f73-81ec-6b33-5f03a182adee" testName="ReadNullTerminatedString_MaxCharsLargerThanString_ReturnsCorrectStringAndBytes" computerName="ICSWS068" duration="00:00:00.0007451" startTime="2016-08-04T09:56:13.4605460+02:00" endTime="2016-08-04T09:56:13.4625670+02:00" testType="13cdc9d9-ddb5-4fa4-a97d-d965ccfc6d4b" outcome="Passed" testListId="8c84fa94-04c1-424b-9868-57a2d4851a1d" relativeResultsDirectory="63b16145-1bc0-4f6c-8fbd-1b237393377b" />
    <UnitTestResult executionId="a5db329f-77ce-4ee5-985a-b56b25b795ea" testId="b7dc6d28-b2d5-a2cf-dff9-2f9dc410f9d3" testName="ReadNullTerminatedString_MaxCharsEqualToString_ReturnsCorrectStringAndBytes" computerName="ICSWS068" duration="00:00:00.0007228" startTime="2016-08-04T09:56:13.4650512+02:00" endTime="2016-08-04T09:56:13.4670699+02:00" testType="13cdc9d9-ddb5-4fa4-a97d-d965ccfc6d4b" outcome="Passed" testListId="8c84fa94-04c1-424b-9868-57a2d4851a1d" relativeResultsDirectory="a5db329f-77ce-4ee5-985a-b56b25b795ea" />
    <UnitTestResult executionId="1e2a7a48-2e58-4b3d-bf96-60383588c316" testId="44af3cc9-99bc-31c4-7ac1-cf1f11080ccb" testName="ReadNullTerminatedString_ASCIIAndNullCharMissing_Throws" computerName="ICSWS068" duration="00:00:00.0012049" startTime="2016-08-04T09:56:13.4695713+02:00" endTime="2016-08-04T09:56:13.4720950+02:00" testType="13cdc9d9-ddb5-4fa4-a97d-d965ccfc6d4b" outcome="Passed" testListId="8c84fa94-04c1-424b-9868-57a2d4851a1d" relativeResultsDirectory="1e2a7a48-2e58-4b3d-bf96-60383588c316" />
    <UnitTestResult executionId="b8bd5bc3-aeb4-4218-b9ae-460628df1594" testId="73d9a622-8b12-0aca-3e7e-ef7a3260e77e" testName="ReadText_NumberOfCharsEqualToStreamLength_ReturnsCorrectStringAndBytes" computerName="ICSWS068" duration="00:00:00.0005920" startTime="2016-08-04T09:56:13.4740921+02:00" endTime="2016-08-04T09:56:13.4760950+02:00" testType="13cdc9d9-ddb5-4fa4-a97d-d965ccfc6d4b" outcome="Passed" testListId="8c84fa94-04c1-424b-9868-57a2d4851a1d" relativeResultsDirectory="b8bd5bc3-aeb4-4218-b9ae-460628df1594" />
    <UnitTestResult executionId="1577d607-dd61-4267-bd81-eab9fe7c90c9" testId="a1d53d05-8b79-6f6e-1456-0f158e1c43bb" testName="ReadText_NumberOfCharsLessThanStreamLength_ReturnsCorrectStringAndBytes" computerName="ICSWS068" duration="00:00:00.0006340" startTime="2016-08-04T09:56:13.4785803+02:00" endTime="2016-08-04T09:56:13.4800964+02:00" testType="13cdc9d9-ddb5-4fa4-a97d-d965ccfc6d4b" outcome="Passed" testListId="8c84fa94-04c1-424b-9868-57a2d4851a1d" relativeResultsDirectory="1577d607-dd61-4267-bd81-eab9fe7c90c9" />
    <UnitTestResult executionId="48dc716b-552f-4c98-9919-a39a2f859301" testId="47eb4a19-4b26-f51d-81ad-ef96b70114c4" testName="ReadText_NumberOfCharsLargerThanStreamLength_ReturnsRemainingCharacters" computerName="ICSWS068" duration="00:00:00.0006413" startTime="2016-08-04T09:56:13.4833875+02:00" endTime="2016-08-04T09:56:13.4848887+02:00" testType="13cdc9d9-ddb5-4fa4-a97d-d965ccfc6d4b" outcome="Passed" testListId="8c84fa94-04c1-424b-9868-57a2d4851a1d" relativeResultsDirectory="48dc716b-552f-4c98-9919-a39a2f859301" />
    <UnitTestResult executionId="3aebbbed-5e59-4b7b-9b58-fd2bf64d49f0" testId="0fcc8407-6516-2e8e-5633-0e3b91b469c0" testName="ReadText_NumberOfCharsIsZero_ReturnsEmptyString" computerName="ICSWS068" duration="00:00:00.0006325" startTime="2016-08-04T09:56:13.4878912+02:00" endTime="2016-08-04T09:56:13.4894071+02:00" testType="13cdc9d9-ddb5-4fa4-a97d-d965ccfc6d4b" outcome="Passed" testListId="8c84fa94-04c1-424b-9868-57a2d4851a1d" relativeResultsDirectory="3aebbbed-5e59-4b7b-9b58-fd2bf64d49f0" />
    <UnitTestResult executionId="0750b4da-b22f-47a2-8e8d-03a98d58f924" testId="bd414bec-290e-e395-dd52-0922cb6033c0" testName="ReadText_LargeUTF32String_WithMaxChars_ReturnsExpectedResult" computerName="ICSWS068" duration="00:00:00.0015943" startTime="2016-08-04T09:56:13.4913953+02:00" endTime="2016-08-04T09:56:13.4949166+02:00" testType="13cdc9d9-ddb5-4fa4-a97d-d965ccfc6d4b" outcome="Passed" testListId="8c84fa94-04c1-424b-9868-57a2d4851a1d" relativeResultsDirectory="0750b4da-b22f-47a2-8e8d-03a98d58f924" />
    <UnitTestResult executionId="92c1205e-b404-4ac2-8f75-1a0a87b6020a" testId="70a32390-a71c-cb8a-ced9-da2f6f1a1963" testName="ReadText_LargeUTF16tring_WithMaxChars_ReturnsExpectedResult" computerName="ICSWS068" duration="00:00:00.0002914" startTime="2016-08-04T09:56:13.4974016+02:00" endTime="2016-08-04T09:56:13.4989037+02:00" testType="13cdc9d9-ddb5-4fa4-a97d-d965ccfc6d4b" outcome="Passed" testListId="8c84fa94-04c1-424b-9868-57a2d4851a1d" relativeResultsDirectory="92c1205e-b404-4ac2-8f75-1a0a87b6020a" />
    <UnitTestResult executionId="ea1395a3-41b8-4c0b-8bc2-df95c2e30d48" testId="c3452404-940a-e695-3f52-0f3bff22220b" testName="ReadText_LargeUTF8tring_WithMaxChars_ReturnsExpectedResult" computerName="ICSWS068" duration="00:00:00.0003947" startTime="2016-08-04T09:56:13.5014054+02:00" endTime="2016-08-04T09:56:13.5032731+02:00" testType="13cdc9d9-ddb5-4fa4-a97d-d965ccfc6d4b" outcome="Passed" testListId="8c84fa94-04c1-424b-9868-57a2d4851a1d" relativeResultsDirectory="ea1395a3-41b8-4c0b-8bc2-df95c2e30d48" />
    <UnitTestResult executionId="e133485f-8368-4798-b32d-2e48e3ec790f" testId="00a89677-9563-695b-dfdd-4fb96d8f9bd8" testName="ReadText_LargeUTF7tring_NoMaxChars_ReturnsExpectedResult" computerName="ICSWS068" duration="00:00:00.0007832" startTime="2016-08-04T09:56:13.5052751+02:00" endTime="2016-08-04T09:56:13.5072760+02:00" testType="13cdc9d9-ddb5-4fa4-a97d-d965ccfc6d4b" outcome="Passed" testListId="8c84fa94-04c1-424b-9868-57a2d4851a1d" relativeResultsDirectory="e133485f-8368-4798-b32d-2e48e3ec790f" />
    <UnitTestResult executionId="6fcd4756-77e5-4b49-8537-ace67d414256" testId="337c7dff-2a43-43ba-4f23-4aef7db4a482" testName="ReadText_SmallUTF8tring_WithMaxChars_ReturnsExpectedResult" computerName="ICSWS068" duration="00:00:00.0001448" startTime="2016-08-04T09:56:13.5097621+02:00" endTime="2016-08-04T09:56:13.5107797+02:00" testType="13cdc9d9-ddb5-4fa4-a97d-d965ccfc6d4b" outcome="Passed" testListId="8c84fa94-04c1-424b-9868-57a2d4851a1d" relativeResultsDirectory="6fcd4756-77e5-4b49-8537-ace67d414256" />
    <UnitTestResult executionId="4efbab78-0461-4e62-ae3b-85073b858ed7" testId="01f9762e-a42f-97c9-41d8-7060501c24eb" testName="DetectEncodingFromBOM_StreamWithCorrectBOMAndPositionIsZero_ReturnsCorrectCodePage" computerName="ICSWS068" duration="00:00:00.0011143" startTime="2016-08-04T09:56:13.5132644+02:00" endTime="2016-08-04T09:56:13.5152659+02:00" testType="13cdc9d9-ddb5-4fa4-a97d-d965ccfc6d4b" outcome="Passed" testListId="8c84fa94-04c1-424b-9868-57a2d4851a1d" relativeResultsDirectory="4efbab78-0461-4e62-ae3b-85073b858ed7" />
    <UnitTestResult executionId="c1a47396-a4e3-4d8b-abc5-51049b66f6cf" testId="845d464f-13f0-ffda-9b63-3684ceec4fe5" testName="DetectEncodingFromBOM_StreamWithNoBOM_ReturnsMinusOne" computerName="ICSWS068" duration="00:00:00.0001756" startTime="2016-08-04T09:56:13.5182852+02:00" endTime="2016-08-04T09:56:13.5197711+02:00" testType="13cdc9d9-ddb5-4fa4-a97d-d965ccfc6d4b" outcome="Passed" testListId="8c84fa94-04c1-424b-9868-57a2d4851a1d" relativeResultsDirectory="c1a47396-a4e3-4d8b-abc5-51049b66f6cf" />
    <UnitTestResult executionId="1fb55f1c-cc3b-4e28-84a7-83af3ff576ce" testId="4571f10e-2c7a-4cc3-4f77-a1086f23f7e9" testName="DetectEncodingFromBOM_PositionIsMoreThanZero_ReturnsCorrectCodePage" computerName="ICSWS068" duration="00:00:00.0001844" startTime="2016-08-04T09:56:13.5222710+02:00" endTime="2016-08-04T09:56:13.5232728+02:00" testType="13cdc9d9-ddb5-4fa4-a97d-d965ccfc6d4b" outcome="Passed" testListId="8c84fa94-04c1-424b-9868-57a2d4851a1d" relativeResultsDirectory="1fb55f1c-cc3b-4e28-84a7-83af3ff576ce" />
    <UnitTestResult executionId="2a1d383d-7042-4f2d-872d-9d30df531142" testId="cde1c48a-521b-e7e8-54a1-e923910a80da" testName="CopyStream_CorrectStreamsAndMaxLengthIsNegative_StreamsAreIdentical" computerName="ICSWS068" duration="00:00:00.0006686" startTime="2016-08-04T09:56:13.5262745+02:00" endTime="2016-08-04T09:56:13.5282750+02:00" testType="13cdc9d9-ddb5-4fa4-a97d-d965ccfc6d4b" outcome="Passed" testListId="8c84fa94-04c1-424b-9868-57a2d4851a1d" relativeResultsDirectory="2a1d383d-7042-4f2d-872d-9d30df531142" />
    <UnitTestResult executionId="9cd1b97a-97d9-43dc-afc9-55db51fe581e" testId="a356056a-6fc4-8a6b-c10b-8469afa85fd9" testName="CopyStream_CorrectStreamsAndMaxLengthLessThanStreamLength_CorrectDataCopied" computerName="ICSWS068" duration="00:00:00.0002020" startTime="2016-08-04T09:56:13.5302923+02:00" endTime="2016-08-04T09:56:13.5317779+02:00" testType="13cdc9d9-ddb5-4fa4-a97d-d965ccfc6d4b" outcome="Passed" testListId="8c84fa94-04c1-424b-9868-57a2d4851a1d" relativeResultsDirectory="9cd1b97a-97d9-43dc-afc9-55db51fe581e" />
    <UnitTestResult executionId="29240858-f30c-46a4-a7fe-f02fc57cb440" testId="0f1335ca-c3af-7069-5f95-03bc391f09e2" testName="CopyStream_CorrectStreamsAndMaxLengthIsNegative_AllBytesCopied" computerName="ICSWS068" duration="00:00:00.0002128" startTime="2016-08-04T09:56:13.5342796+02:00" endTime="2016-08-04T09:56:13.5357816+02:00" testType="13cdc9d9-ddb5-4fa4-a97d-d965ccfc6d4b" outcome="Passed" testListId="8c84fa94-04c1-424b-9868-57a2d4851a1d" relativeResultsDirectory="29240858-f30c-46a4-a7fe-f02fc57cb440" />
    <UnitTestResult executionId="eb3cc5c6-2bfa-4e0f-bfad-f27943bc3a4e" testId="b8307f6f-8fce-93e7-02f3-d77d32f90c9f" testName="CopyStream_CorrectStreamsAndMaxLengthLessThanStreamLength_CorrectBytesCopied" computerName="ICSWS068" duration="00:00:00.0001706" startTime="2016-08-04T09:56:13.5382828+02:00" endTime="2016-08-04T09:56:13.5392828+02:00" testType="13cdc9d9-ddb5-4fa4-a97d-d965ccfc6d4b" outcome="Passed" testListId="8c84fa94-04c1-424b-9868-57a2d4851a1d" relativeResultsDirectory="eb3cc5c6-2bfa-4e0f-bfad-f27943bc3a4e" />
    <UnitTestResult executionId="d1749338-bed5-47e6-a8d2-63e6759fd50f" testId="ae95f335-db66-dbde-8663-9d4d96bdf3f6" testName="CopyStream_CorrectStreamsAndMaxLengthIsLargerThanStreamlength_StreamsAreIdenticalAndBytesCopiedIsCorrect" computerName="ICSWS068" duration="00:00:00.0002128" startTime="2016-08-04T09:56:13.5417851+02:00" endTime="2016-08-04T09:56:13.5433026+02:00" testType="13cdc9d9-ddb5-4fa4-a97d-d965ccfc6d4b" outcome="Passed" testListId="8c84fa94-04c1-424b-9868-57a2d4851a1d" relativeResultsDirectory="d1749338-bed5-47e6-a8d2-63e6759fd50f" />
    <UnitTestResult executionId="688eaefb-d4f1-42e3-ae45-f00cef9efcaf" testId="7ffc0aad-53bc-787a-150a-2a8a166beab3" testName="CopyStream_StreamsPositionNotZeroAndMaxLengthIsNegative_CorrectDataCopied" computerName="ICSWS068" duration="00:00:00.0001859" startTime="2016-08-04T09:56:13.5453041+02:00" endTime="2016-08-04T09:56:13.5468058+02:00" testType="13cdc9d9-ddb5-4fa4-a97d-d965ccfc6d4b" outcome="Passed" testListId="8c84fa94-04c1-424b-9868-57a2d4851a1d" relativeResultsDirectory="688eaefb-d4f1-42e3-ae45-f00cef9efcaf" />
    <UnitTestResult executionId="232908b8-3590-47ac-889c-19389a0bf347" testId="217554e3-3ad0-bd98-ddca-13bacff03ec8" testName="CopyStream_StreamsPositionNotZeroAndMaxLengthIsNegative_NonSeekableStream_CorrectDataCopied" computerName="ICSWS068" duration="00:00:00.0005996" startTime="2016-08-04T09:56:13.5492917+02:00" endTime="2016-08-04T09:56:13.5508087+02:00" testType="13cdc9d9-ddb5-4fa4-a97d-d965ccfc6d4b" outcome="Passed" testListId="8c84fa94-04c1-424b-9868-57a2d4851a1d" relativeResultsDirectory="232908b8-3590-47ac-889c-19389a0bf347" />
    <UnitTestResult executionId="c92c2159-63ee-44c4-8e59-7e243fa4848e" testId="c314ddc6-c690-ec6f-d64d-234440a4e097" testName="WriteBOM_WriteUTF8BOM_BOMWrittenCorrectly" computerName="ICSWS068" duration="00:00:00.0011800" startTime="2016-08-04T09:56:13.5535230+02:00" endTime="2016-08-04T09:56:13.5560259+02:00" testType="13cdc9d9-ddb5-4fa4-a97d-d965ccfc6d4b" outcome="Passed" testListId="8c84fa94-04c1-424b-9868-57a2d4851a1d" relativeResultsDirectory="c92c2159-63ee-44c4-8e59-7e243fa4848e" />
    <UnitTestResult executionId="931599d5-0bc1-4fbf-a842-806993a4a950" testId="65ffc494-7598-763f-7720-e2d2bd8b84b7" testName="WriteBOM_WriteASCIIBOM_BOMNotWritten" computerName="ICSWS068" duration="00:00:00.0006040" startTime="2016-08-04T09:56:13.5585285+02:00" endTime="2016-08-04T09:56:13.5605449+02:00" testType="13cdc9d9-ddb5-4fa4-a97d-d965ccfc6d4b" outcome="Passed" testListId="8c84fa94-04c1-424b-9868-57a2d4851a1d" relativeResultsDirectory="931599d5-0bc1-4fbf-a842-806993a4a950" />
    <UnitTestResult executionId="c043821d-cefd-49af-98e1-1b552ab64109" testId="c4363172-6072-e6ed-9b9b-652d26966412" testName="WriteBOM_NonSeekableStream_ThrowsNotSupportedException" computerName="ICSWS068" duration="00:00:00.0010768" startTime="2016-08-04T09:56:13.5625501+02:00" endTime="2016-08-04T09:56:13.5650363+02:00" testType="13cdc9d9-ddb5-4fa4-a97d-d965ccfc6d4b" outcome="Passed" testListId="8c84fa94-04c1-424b-9868-57a2d4851a1d" relativeResultsDirectory="c043821d-cefd-49af-98e1-1b552ab64109" />
    <UnitTestResult executionId="b6a3855a-d7d7-4208-8242-809a7c02462a" testId="7baea902-e2e9-53d4-7cdc-e8059f6b09ef" testName="WriteTextToStream_WriteASCIIStringAndNoBOM_TextWrittenCorrectly" computerName="ICSWS068" duration="00:00:00.0023140" startTime="2016-08-04T09:56:13.5680374+02:00" endTime="2016-08-04T09:56:13.5715567+02:00" testType="13cdc9d9-ddb5-4fa4-a97d-d965ccfc6d4b" outcome="Passed" testListId="8c84fa94-04c1-424b-9868-57a2d4851a1d" relativeResultsDirectory="b6a3855a-d7d7-4208-8242-809a7c02462a" />
    <UnitTestResult executionId="ae38f468-ad19-4447-9c32-4e42e2175c2a" testId="d6a5e63e-bf3f-906d-be46-548c7322b626" testName="WriteTextToStream_WriteASCIIStringAndWriteBOM_TextWrittenCorrectly" computerName="ICSWS068" duration="00:00:00.0006152" startTime="2016-08-04T09:56:13.5744103+02:00" endTime="2016-08-04T09:56:13.5764112+02:00" testType="13cdc9d9-ddb5-4fa4-a97d-d965ccfc6d4b" outcome="Passed" testListId="8c84fa94-04c1-424b-9868-57a2d4851a1d" relativeResultsDirectory="ae38f468-ad19-4447-9c32-4e42e2175c2a" />
    <UnitTestResult executionId="e5178080-c947-4e10-a2fc-af96c4ed2f76" testId="00d617af-6247-ba87-11ce-100f962d413c" testName="WriteTextToStream_WriteUnicodeStringAndNoBOM_TextWrittenCorrectly" computerName="ICSWS068" duration="00:00:00.0005771" startTime="2016-08-04T09:56:13.5785513+02:00" endTime="2016-08-04T09:56:13.5800533+02:00" testType="13cdc9d9-ddb5-4fa4-a97d-d965ccfc6d4b" outcome="Passed" testListId="8c84fa94-04c1-424b-9868-57a2d4851a1d" relativeResultsDirectory="e5178080-c947-4e10-a2fc-af96c4ed2f76" />
    <UnitTestResult executionId="22266bb6-fbc7-4e88-95f9-655d47e8b270" testId="8e06bb8a-df9b-49e7-df24-70c4c5ea78c6" testName="WriteTextToStream_WriteUnicodeStringAndWriteBOM_BOMAndTextWrittenCorrectly" computerName="ICSWS068" duration="00:00:00.0008096" startTime="2016-08-04T09:56:13.5830653+02:00" endTime="2016-08-04T09:56:13.5850655+02:00" testType="13cdc9d9-ddb5-4fa4-a97d-d965ccfc6d4b" outcome="Passed" testListId="8c84fa94-04c1-424b-9868-57a2d4851a1d" relativeResultsDirectory="22266bb6-fbc7-4e88-95f9-655d47e8b270" />
    <UnitTestResult executionId="17c6ac75-7cf4-4cf6-a28d-edf216757cc0" testId="a94f123f-8935-546c-5c5a-07aa63d7af1e" testName="WritePrefixedStringToStream_WriteASCIIStringAnd1BPrefix_StringWrittenCorrectly" computerName="ICSWS068" duration="00:00:00.0018090" startTime="2016-08-04T09:56:13.5875684+02:00" endTime="2016-08-04T09:56:13.5905693+02:00" testType="13cdc9d9-ddb5-4fa4-a97d-d965ccfc6d4b" outcome="Passed" testListId="8c84fa94-04c1-424b-9868-57a2d4851a1d" relativeResultsDirectory="17c6ac75-7cf4-4cf6-a28d-edf216757cc0" />
    <UnitTestResult executionId="de4fe25d-6006-414d-abd5-eb24409eff8a" testId="2aab4853-62b8-e5a4-9d57-8bc7b632ccf1" testName="WritePrefixedStringToStream_WriteUnicodeStringAnd2BPrefix_StringWrittenCorrectly" computerName="ICSWS068" duration="00:00:00.0007199" startTime="2016-08-04T09:56:13.5930903+02:00" endTime="2016-08-04T09:56:13.5950921+02:00" testType="13cdc9d9-ddb5-4fa4-a97d-d965ccfc6d4b" outcome="Passed" testListId="8c84fa94-04c1-424b-9868-57a2d4851a1d" relativeResultsDirectory="de4fe25d-6006-414d-abd5-eb24409eff8a" />
    <UnitTestResult executionId="adc3b529-028a-4c55-823a-70ea3083c033" testId="c8f2f4ad-ed3e-fd96-a48c-7da7c577add2" testName="WritePrefixedStringToStream_WriteUTF8StringAnd4BPrefix_StringWrittenCorrectly" computerName="ICSWS068" duration="00:00:00.0007859" startTime="2016-08-04T09:56:13.5970917+02:00" endTime="2016-08-04T09:56:13.5995791+02:00" testType="13cdc9d9-ddb5-4fa4-a97d-d965ccfc6d4b" outcome="Passed" testListId="8c84fa94-04c1-424b-9868-57a2d4851a1d" relativeResultsDirectory="adc3b529-028a-4c55-823a-70ea3083c033" />
    <UnitTestResult executionId="b1ba30b7-7834-4d67-8709-1dfbf4324218" testId="388aed93-12bc-49ae-1bef-71de96f3fa9d" testName="WritePrefixedStringToStream_WriteUTF7StringAndUTF7Prefix_StringWrittenCorrectly" computerName="ICSWS068" duration="00:00:00.0009152" startTime="2016-08-04T09:56:13.6025814+02:00" endTime="2016-08-04T09:56:13.6045831+02:00" testType="13cdc9d9-ddb5-4fa4-a97d-d965ccfc6d4b" outcome="Passed" testListId="8c84fa94-04c1-424b-9868-57a2d4851a1d" relativeResultsDirectory="b1ba30b7-7834-4d67-8709-1dfbf4324218" />
    <UnitTestResult executionId="48f21844-323f-4094-9023-09e84433ed37" testId="3748e06c-9fc0-314f-f904-1bd2493b3b89" testName="WriteNullTerminatedStringToStream_WriteASCIIString_TextWrittenCorrectly" computerName="ICSWS068" duration="00:00:00.0015433" startTime="2016-08-04T09:56:13.6070992+02:00" endTime="2016-08-04T09:56:13.6101032+02:00" testType="13cdc9d9-ddb5-4fa4-a97d-d965ccfc6d4b" outcome="Passed" testListId="8c84fa94-04c1-424b-9868-57a2d4851a1d" relativeResultsDirectory="48f21844-323f-4094-9023-09e84433ed37" />
    <UnitTestResult executionId="eb38b363-f94c-47ab-9ba7-476018ec6f79" testId="7a6afa5a-dfef-e987-d9d5-5e11b53c298d" testName="WriteNullTerminatedStringToStream_WriteUnicodeString_TextWrittenCorrectly" computerName="ICSWS068" duration="00:00:00.0007216" startTime="2016-08-04T09:56:13.6126334+02:00" endTime="2016-08-04T09:56:13.6146260+02:00" testType="13cdc9d9-ddb5-4fa4-a97d-d965ccfc6d4b" outcome="Passed" testListId="8c84fa94-04c1-424b-9868-57a2d4851a1d" relativeResultsDirectory="eb38b363-f94c-47ab-9ba7-476018ec6f79" />
    <UnitTestResult executionId="523dc241-9f62-42c7-ab70-23a5f0806d00" testId="92a83c29-5451-af75-9d96-2c442b373387" testName="ConvertTextEncoding_ASCIIToUnicodeAndNoBOM_TextConvertedSuccessfully" computerName="ICSWS068" duration="00:00:00.0008727" startTime="2016-08-04T09:56:13.6176134+02:00" endTime="2016-08-04T09:56:13.6196133+02:00" testType="13cdc9d9-ddb5-4fa4-a97d-d965ccfc6d4b" outcome="Passed" testListId="8c84fa94-04c1-424b-9868-57a2d4851a1d" relativeResultsDirectory="523dc241-9f62-42c7-ab70-23a5f0806d00" />
    <UnitTestResult executionId="7fd61b2b-fb8d-40c9-ad3e-498151079bb8" testId="78dd33ad-7d05-8ac2-7cf1-05e6030cbec7" testName="ConvertTextEncoding_UnicodeToUTF32AndBOM_TextConvertedSuccessfully" computerName="ICSWS068" duration="00:00:00.0003495" startTime="2016-08-04T09:56:13.6221212+02:00" endTime="2016-08-04T09:56:13.6236379+02:00" testType="13cdc9d9-ddb5-4fa4-a97d-d965ccfc6d4b" outcome="Passed" testListId="8c84fa94-04c1-424b-9868-57a2d4851a1d" relativeResultsDirectory="7fd61b2b-fb8d-40c9-ad3e-498151079bb8" />
    <UnitTestResult executionId="69d82be3-a369-422b-b678-b53d11f6dc98" testId="6f44b1e1-6404-6fc2-3c57-1748b0e9837d" testName="CopyTextAsync_UnicodeToUTF32AndBOM_TextConvertedSuccessfully" computerName="ICSWS068" duration="00:00:00.0004005" startTime="2016-08-04T09:56:13.6261235+02:00" endTime="2016-08-04T09:56:13.6276249+02:00" testType="13cdc9d9-ddb5-4fa4-a97d-d965ccfc6d4b" outcome="Passed" testListId="8c84fa94-04c1-424b-9868-57a2d4851a1d" relativeResultsDirectory="69d82be3-a369-422b-b678-b53d11f6dc98" />
    <UnitTestResult executionId="76a988de-aaf8-4678-9a41-ff35ebb9053f" testId="b2e32f91-bb82-ff66-f1be-47f3c58ae677" testName="ReadBinaryData_StreamWithIntegers_ValueReadSuccessfully" computerName="ICSWS068" duration="00:00:00.0009196" startTime="2016-08-04T09:56:13.6296504+02:00" endTime="2016-08-04T09:56:13.6316290+02:00" testType="13cdc9d9-ddb5-4fa4-a97d-d965ccfc6d4b" outcome="Passed" testListId="8c84fa94-04c1-424b-9868-57a2d4851a1d" relativeResultsDirectory="76a988de-aaf8-4678-9a41-ff35ebb9053f" />
    <UnitTestResult executionId="eb5d9904-1c2b-4acc-9449-529274d587fa" testId="686f9d2a-c7ff-8db1-8b1e-95429ab3ad58" testName="ReadBinaryData_StreamWithFloats_TwoValuesReadSuccessfully" computerName="ICSWS068" duration="00:00:00.0007442" startTime="2016-08-04T09:56:13.6341480+02:00" endTime="2016-08-04T09:56:13.6366541+02:00" testType="13cdc9d9-ddb5-4fa4-a97d-d965ccfc6d4b" outcome="Passed" testListId="8c84fa94-04c1-424b-9868-57a2d4851a1d" relativeResultsDirectory="eb5d9904-1c2b-4acc-9449-529274d587fa" />
    <UnitTestResult executionId="e3475d1c-11bb-4f05-9252-5638f2115bbe" testId="4a79037f-14d5-26db-9906-7a2a36acb6ec" testName="ReadBinaryData_UnsupportedType_ThrowsNotSupportedException" computerName="ICSWS068" duration="00:00:00.0006598" startTime="2016-08-04T09:56:13.6391371+02:00" endTime="2016-08-04T09:56:13.6411373+02:00" testType="13cdc9d9-ddb5-4fa4-a97d-d965ccfc6d4b" outcome="Passed" testListId="8c84fa94-04c1-424b-9868-57a2d4851a1d" relativeResultsDirectory="e3475d1c-11bb-4f05-9252-5638f2115bbe" />
    <UnitTestResult executionId="9fe18bd4-7100-4db0-93fc-a74cba6801dd" testId="8383b9c9-88e6-4176-1fd0-2e50139b5477" testName="ReadBinaryDataAsync_StreamWithMultipleTypes_TwoValuesReadSuccessfully" computerName="ICSWS068" duration="00:00:00.0008246" startTime="2016-08-04T09:56:13.6436399+02:00" endTime="2016-08-04T09:56:13.6456601+02:00" testType="13cdc9d9-ddb5-4fa4-a97d-d965ccfc6d4b" outcome="Passed" testListId="8c84fa94-04c1-424b-9868-57a2d4851a1d" relativeResultsDirectory="9fe18bd4-7100-4db0-93fc-a74cba6801dd" />
    <UnitTestResult executionId="9488a0c6-4868-4e28-9bd5-c3b7cada7199" testId="a0b346aa-2437-d840-3e78-065ff866660d" testName="WriteBinaryData_WriteInteger_ValueWrittenSuccessfully" computerName="ICSWS068" duration="00:00:00.0010917" startTime="2016-08-04T09:56:13.6476434+02:00" endTime="2016-08-04T09:56:13.6501454+02:00" testType="13cdc9d9-ddb5-4fa4-a97d-d965ccfc6d4b" outcome="Passed" testListId="8c84fa94-04c1-424b-9868-57a2d4851a1d" relativeResultsDirectory="9488a0c6-4868-4e28-9bd5-c3b7cada7199" />
    <UnitTestResult executionId="b4867fc1-ad48-4e47-bc42-7fb5f448c04f" testId="731a6fd6-ce64-c4db-483d-085da8382f32" testName="WriteBinaryData_WriteFloat_ValueWrittenSuccessfully" computerName="ICSWS068" duration="00:00:00.0002128" startTime="2016-08-04T09:56:13.6531462+02:00" endTime="2016-08-04T09:56:13.6546652+02:00" testType="13cdc9d9-ddb5-4fa4-a97d-d965ccfc6d4b" outcome="Passed" testListId="8c84fa94-04c1-424b-9868-57a2d4851a1d" relativeResultsDirectory="b4867fc1-ad48-4e47-bc42-7fb5f448c04f" />
    <UnitTestResult executionId="6c5db0ca-1801-4d38-b0ae-31b045dd81a3" testId="4b6f7373-4d44-bfe4-c7ca-f641d93c77ff" testName="WriteBinaryData_WriteString_ThrowsNotSupportedException" computerName="ICSWS068" duration="00:00:00.0005568" startTime="2016-08-04T09:56:13.6566497+02:00" endTime="2016-08-04T09:56:13.6586681+02:00" testType="13cdc9d9-ddb5-4fa4-a97d-d965ccfc6d4b" outcome="Passed" testListId="8c84fa94-04c1-424b-9868-57a2d4851a1d" relativeResultsDirectory="6c5db0ca-1801-4d38-b0ae-31b045dd81a3" />
    <UnitTestResult executionId="a135201a-1759-4796-a0e8-41826a63cb51" testId="9cc5d321-8a3e-a180-bc6b-1cd7b7c9af5b" testName="RebuildTest1" computerName="ICSWS068" duration="00:00:00.0121835" startTime="2016-08-04T09:56:13.6606684+02:00" endTime="2016-08-04T09:56:13.6739511+02:00" testType="13cdc9d9-ddb5-4fa4-a97d-d965ccfc6d4b" outcome="Passed" testListId="8c84fa94-04c1-424b-9868-57a2d4851a1d" relativeResultsDirectory="a135201a-1759-4796-a0e8-41826a63cb51" />
    <UnitTestResult executionId="663966ba-3553-49f4-9159-518902d41163" testId="c82471e8-e9f1-f2f0-d51d-80b083577231" testName="RebuildTest2" computerName="ICSWS068" duration="00:00:00.0004331" startTime="2016-08-04T09:56:13.6764543+02:00" endTime="2016-08-04T09:56:13.6784546+02:00" testType="13cdc9d9-ddb5-4fa4-a97d-d965ccfc6d4b" outcome="Passed" testListId="8c84fa94-04c1-424b-9868-57a2d4851a1d" relativeResultsDirectory="663966ba-3553-49f4-9159-518902d41163" />
    <UnitTestResult executionId="5b24d75b-15ab-443e-a45a-30368bb08791" testId="c8a161a0-edcf-e86c-24d8-ddd5a7759262" testName="RebuildTest3" computerName="ICSWS068" duration="00:00:00.0005900" startTime="2016-08-04T09:56:13.6804399+02:00" endTime="2016-08-04T09:56:13.6824419+02:00" testType="13cdc9d9-ddb5-4fa4-a97d-d965ccfc6d4b" outcome="Passed" testListId="8c84fa94-04c1-424b-9868-57a2d4851a1d" relativeResultsDirectory="5b24d75b-15ab-443e-a45a-30368bb08791" />
    <UnitTestResult executionId="edd69dc5-b96c-49e1-89a1-15aae7a6d4da" testId="7772ce28-4782-e405-2138-d2e3c0362ae5" testName="RebuildTest4" computerName="ICSWS068" duration="00:00:00.0008686" startTime="2016-08-04T09:56:13.6859454+02:00" endTime="2016-08-04T09:56:13.6879612+02:00" testType="13cdc9d9-ddb5-4fa4-a97d-d965ccfc6d4b" outcome="Passed" testListId="8c84fa94-04c1-424b-9868-57a2d4851a1d" relativeResultsDirectory="edd69dc5-b96c-49e1-89a1-15aae7a6d4da" />
    <UnitTestResult executionId="4ca8228c-e415-4f00-b3c0-fdf210817513" testId="eb0c8ade-06e1-b4e7-3243-50e3095bfbb4" testName="FindRegionTest" computerName="ICSWS068" duration="00:00:00.0029582" startTime="2016-08-04T09:56:13.6899626+02:00" endTime="2016-08-04T09:56:13.6939232+02:00" testType="13cdc9d9-ddb5-4fa4-a97d-d965ccfc6d4b" outcome="Passed" testListId="8c84fa94-04c1-424b-9868-57a2d4851a1d" relativeResultsDirectory="4ca8228c-e415-4f00-b3c0-fdf210817513" />
    <UnitTestResult executionId="2f2b9dc7-c7ac-4747-9ee2-d439c3f9ec01" testId="6e86a282-185b-4a0b-838f-cde8c645cea6" testName="ToOffsetTest" computerName="ICSWS068" duration="00:00:00.0003697" startTime="2016-08-04T09:56:13.6969258+02:00" endTime="2016-08-04T09:56:13.6984267+02:00" testType="13cdc9d9-ddb5-4fa4-a97d-d965ccfc6d4b" outcome="Passed" testListId="8c84fa94-04c1-424b-9868-57a2d4851a1d" relativeResultsDirectory="2f2b9dc7-c7ac-4747-9ee2-d439c3f9ec01" />
    <UnitTestResult executionId="3ae39ac0-43e2-4b8d-bbcf-917b7d308849" testId="db6a86fe-4a7e-e384-b6b5-d8a777a6132c" testName="ToStringTest" computerName="ICSWS068" duration="00:00:00.0002392" startTime="2016-08-04T09:56:13.7009454+02:00" endTime="2016-08-04T09:56:13.7029316+02:00" testType="13cdc9d9-ddb5-4fa4-a97d-d965ccfc6d4b" outcome="Passed" testListId="8c84fa94-04c1-424b-9868-57a2d4851a1d" relativeResultsDirectory="3ae39ac0-43e2-4b8d-bbcf-917b7d308849" />
    <UnitTestResult executionId="912d30d5-f1b1-4522-bd19-1a62dc404fcb" testId="e84dffc8-afdb-a93f-d68c-9d98b8bd8f30" testName="ToTextLocationTest" computerName="ICSWS068" duration="00:00:00.0015078" startTime="2016-08-04T09:56:13.7054321+02:00" endTime="2016-08-04T09:56:13.7084350+02:00" testType="13cdc9d9-ddb5-4fa4-a97d-d965ccfc6d4b" outcome="Passed" testListId="8c84fa94-04c1-424b-9868-57a2d4851a1d" relativeResultsDirectory="912d30d5-f1b1-4522-bd19-1a62dc404fcb" />
    <UnitTestResult executionId="69ae4d90-2e5f-497c-9793-c7552b76d947" testId="d21ecc77-937d-6883-194e-2ddde3279a3d" testName="GetRegionTest" computerName="ICSWS068" duration="00:00:00.0002841" startTime="2016-08-04T09:56:13.7109517+02:00" endTime="2016-08-04T09:56:13.7129373+02:00" testType="13cdc9d9-ddb5-4fa4-a97d-d965ccfc6d4b" outcome="Passed" testListId="8c84fa94-04c1-424b-9868-57a2d4851a1d" relativeResultsDirectory="69ae4d90-2e5f-497c-9793-c7552b76d947" />
    <UnitTestResult executionId="6088591f-6815-4f6d-b3fa-8d8cdf5642e1" testId="7dd21592-189a-4d19-b3ea-b38e7875aeb5" testName="GetHashCodeTest (Data Row 0)" computerName="ICSWS068" duration="00:00:00.0006448" startTime="2016-08-04T07:56:13.7545128+02:00" endTime="2016-08-04T07:56:13.7555146+02:00" testType="13cdc9d9-ddb5-4fa4-a97d-d965ccfc6d4b" outcome="Passed" testListId="8c84fa94-04c1-424b-9868-57a2d4851a1d" relativeResultsDirectory="6088591f-6815-4f6d-b3fa-8d8cdf5642e1" />
    <UnitTestResult executionId="4d30e7f4-87d1-4617-8116-a4eca2bee06d" testId="5bc6ab31-f6d8-46a8-9929-0af644d7e346" testName="GetHashCodeTest (Data Row 1)" computerName="ICSWS068" duration="00:00:00.0000149" startTime="2016-08-04T07:56:13.7555146+02:00" endTime="2016-08-04T07:56:13.7555146+02:00" testType="13cdc9d9-ddb5-4fa4-a97d-d965ccfc6d4b" outcome="Passed" testListId="8c84fa94-04c1-424b-9868-57a2d4851a1d" relativeResultsDirectory="4d30e7f4-87d1-4617-8116-a4eca2bee06d" />
    <UnitTestResult executionId="77f6fe25-4b48-4a87-ae10-ac11776a327e" testId="73090bc5-1d54-4ef5-9465-eb13087ff653" testName="GetHashCodeTest (Data Row 2)" computerName="ICSWS068" duration="00:00:00.0000076" startTime="2016-08-04T07:56:13.7555146+02:00" endTime="2016-08-04T07:56:13.7555146+02:00" testType="13cdc9d9-ddb5-4fa4-a97d-d965ccfc6d4b" outcome="Passed" testListId="8c84fa94-04c1-424b-9868-57a2d4851a1d" relativeResultsDirectory="77f6fe25-4b48-4a87-ae10-ac11776a327e" />
    <UnitTestResult executionId="82ff7f93-e425-4256-8aca-9204071267ef" testId="34ac1e6e-8fd4-4dda-8e3a-dc7a9e3cd58a" testName="GetHashCodeTest (Data Row 3)" computerName="ICSWS068" duration="00:00:00.0000085" startTime="2016-08-04T07:56:13.7555146+02:00" endTime="2016-08-04T07:56:13.7555146+02:00" testType="13cdc9d9-ddb5-4fa4-a97d-d965ccfc6d4b" outcome="Passed" testListId="8c84fa94-04c1-424b-9868-57a2d4851a1d" relativeResultsDirectory="82ff7f93-e425-4256-8aca-9204071267ef" />
    <UnitTestResult executionId="eb86cdeb-9169-4009-96f7-4dd27e3f9b6f" testId="96c28bb0-3b3f-40e2-b3dd-01b04e255c13" testName="GetHashCodeTest (Data Row 4)" computerName="ICSWS068" duration="00:00:00.0000064" startTime="2016-08-04T07:56:13.7555146+02:00" endTime="2016-08-04T07:56:13.7555146+02:00" testType="13cdc9d9-ddb5-4fa4-a97d-d965ccfc6d4b" outcome="Passed" testListId="8c84fa94-04c1-424b-9868-57a2d4851a1d" relativeResultsDirectory="eb86cdeb-9169-4009-96f7-4dd27e3f9b6f" />
    <UnitTestResult executionId="be9c2714-23bc-4df3-9f7c-db99a1a4cfaf" testId="a9a813d9-f539-4810-8d20-516fb29eb66d" testName="GetHashCodeTest (Data Row 5)" computerName="ICSWS068" duration="00:00:00.0000067" startTime="2016-08-04T07:56:13.7555146+02:00" endTime="2016-08-04T07:56:13.7555146+02:00" testType="13cdc9d9-ddb5-4fa4-a97d-d965ccfc6d4b" outcome="Passed" testListId="8c84fa94-04c1-424b-9868-57a2d4851a1d" relativeResultsDirectory="be9c2714-23bc-4df3-9f7c-db99a1a4cfaf" />
    <UnitTestResult executionId="3a797194-a0dd-4635-9d7f-6698c03524f6" testId="ae18a1c8-1a06-41ec-91d8-263e4009f1ab" testName="GetHashCodeTest (Data Row 6)" computerName="ICSWS068" duration="00:00:00.0000064" startTime="2016-08-04T07:56:13.7555146+02:00" endTime="2016-08-04T07:56:13.7555146+02:00" testType="13cdc9d9-ddb5-4fa4-a97d-d965ccfc6d4b" outcome="Passed" testListId="8c84fa94-04c1-424b-9868-57a2d4851a1d" relativeResultsDirectory="3a797194-a0dd-4635-9d7f-6698c03524f6" />
    <UnitTestResult executionId="58167cde-3df0-40cd-b746-7dd4294aff49" testId="fc13dad8-f0ac-4a17-b9c5-cf1c693fdd08" testName="GetHashCodeTest (Data Row 7)" computerName="ICSWS068" duration="00:00:00.0000067" startTime="2016-08-04T07:56:13.7555146+02:00" endTime="2016-08-04T07:56:13.7555146+02:00" testType="13cdc9d9-ddb5-4fa4-a97d-d965ccfc6d4b" outcome="Passed" testListId="8c84fa94-04c1-424b-9868-57a2d4851a1d" relativeResultsDirectory="58167cde-3df0-40cd-b746-7dd4294aff49" />
    <UnitTestResult executionId="4014756a-af4f-4010-a6e1-55a44c660267" testId="e5310004-7800-4eac-ab57-1d8c0ed510fb" testName="EqualsTest (Data Row 0)" computerName="ICSWS068" duration="00:00:00.0002953" startTime="2016-08-04T07:56:13.7640083+02:00" endTime="2016-08-04T07:56:13.7645085+02:00" testType="13cdc9d9-ddb5-4fa4-a97d-d965ccfc6d4b" outcome="Passed" testListId="8c84fa94-04c1-424b-9868-57a2d4851a1d" relativeResultsDirectory="4014756a-af4f-4010-a6e1-55a44c660267" />
    <UnitTestResult executionId="fc73ea87-3ac6-47f7-82c7-d68538d90bf2" testId="fd0c716a-4ad6-4f04-8998-774971045920" testName="EqualsTest (Data Row 1)" computerName="ICSWS068" duration="00:00:00.0000114" startTime="2016-08-04T07:56:13.7645085+02:00" endTime="2016-08-04T07:56:13.7645085+02:00" testType="13cdc9d9-ddb5-4fa4-a97d-d965ccfc6d4b" outcome="Passed" testListId="8c84fa94-04c1-424b-9868-57a2d4851a1d" relativeResultsDirectory="fc73ea87-3ac6-47f7-82c7-d68538d90bf2" />
    <UnitTestResult executionId="35d0d80b-b757-459e-a511-f60e1e2eb0ba" testId="f3a8ec37-8836-4448-bc73-1880f5034cf1" testName="EqualsTest (Data Row 2)" computerName="ICSWS068" duration="00:00:00.0000093" startTime="2016-08-04T07:56:13.7645085+02:00" endTime="2016-08-04T07:56:13.7645085+02:00" testType="13cdc9d9-ddb5-4fa4-a97d-d965ccfc6d4b" outcome="Passed" testListId="8c84fa94-04c1-424b-9868-57a2d4851a1d" relativeResultsDirectory="35d0d80b-b757-459e-a511-f60e1e2eb0ba" />
    <UnitTestResult executionId="24aa2254-7ebb-407e-8110-328f3387ddad" testId="4c8d815b-a861-4697-a98d-854619522676" testName="EqualsTest (Data Row 3)" computerName="ICSWS068" duration="00:00:00.0000073" startTime="2016-08-04T07:56:13.7645085+02:00" endTime="2016-08-04T07:56:13.7645085+02:00" testType="13cdc9d9-ddb5-4fa4-a97d-d965ccfc6d4b" outcome="Passed" testListId="8c84fa94-04c1-424b-9868-57a2d4851a1d" relativeResultsDirectory="24aa2254-7ebb-407e-8110-328f3387ddad" />
    <UnitTestResult executionId="532fe6c7-a83e-4612-a9cd-89a601e25e51" testId="16026900-0abd-4996-93c0-7c510d388eb7" testName="EqualsTest (Data Row 4)" computerName="ICSWS068" duration="00:00:00.0000070" startTime="2016-08-04T07:56:13.7645085+02:00" endTime="2016-08-04T07:56:13.7645085+02:00" testType="13cdc9d9-ddb5-4fa4-a97d-d965ccfc6d4b" outcome="Passed" testListId="8c84fa94-04c1-424b-9868-57a2d4851a1d" relativeResultsDirectory="532fe6c7-a83e-4612-a9cd-89a601e25e51" />
    <UnitTestResult executionId="ec72e1b9-0342-42fc-9062-4aad7661e51a" testId="70b16c43-d819-4ce7-9bb0-5c1df53b278f" testName="EqualsTest (Data Row 5)" computerName="ICSWS068" duration="00:00:00.0000070" startTime="2016-08-04T07:56:13.7645085+02:00" endTime="2016-08-04T07:56:13.7645085+02:00" testType="13cdc9d9-ddb5-4fa4-a97d-d965ccfc6d4b" outcome="Passed" testListId="8c84fa94-04c1-424b-9868-57a2d4851a1d" relativeResultsDirectory="ec72e1b9-0342-42fc-9062-4aad7661e51a" />
    <UnitTestResult executionId="b38b25eb-cb04-47c5-b7bc-0f255a6b0dbd" testId="114de90d-d10f-4a08-abd2-64b31d6868ba" testName="EqualsTest (Data Row 6)" computerName="ICSWS068" duration="00:00:00.0000067" startTime="2016-08-04T07:56:13.7645085+02:00" endTime="2016-08-04T07:56:13.7645085+02:00" testType="13cdc9d9-ddb5-4fa4-a97d-d965ccfc6d4b" outcome="Passed" testListId="8c84fa94-04c1-424b-9868-57a2d4851a1d" relativeResultsDirectory="b38b25eb-cb04-47c5-b7bc-0f255a6b0dbd" />
    <UnitTestResult executionId="7f7b487f-9d17-4938-9a1e-2ea7ab3db83e" testId="447d1600-ce1d-4828-9e21-ffbc4c8f6ddd" testName="EqualsTest (Data Row 7)" computerName="ICSWS068" duration="00:00:00.0000070" startTime="2016-08-04T07:56:13.7645085+02:00" endTime="2016-08-04T07:56:13.7645085+02:00" testType="13cdc9d9-ddb5-4fa4-a97d-d965ccfc6d4b" outcome="Passed" testListId="8c84fa94-04c1-424b-9868-57a2d4851a1d" relativeResultsDirectory="7f7b487f-9d17-4938-9a1e-2ea7ab3db83e" />
    <UnitTestResult executionId="a9a2c847-54d2-4a26-b077-962b6b8eca07" testId="2e8cf0f8-15dd-4cfa-b4b5-0a5374bd2bd8" testName="CompareToTest (Data Row 0)" computerName="ICSWS068" duration="00:00:00.0003387" startTime="2016-08-04T07:56:13.7705111+02:00" endTime="2016-08-04T07:56:13.7710125+02:00" testType="13cdc9d9-ddb5-4fa4-a97d-d965ccfc6d4b" outcome="Passed" testListId="8c84fa94-04c1-424b-9868-57a2d4851a1d" relativeResultsDirectory="a9a2c847-54d2-4a26-b077-962b6b8eca07" />
    <UnitTestResult executionId="6723609a-ad40-4308-b66c-40517af8911d" testId="2174d70f-f275-4e0b-a332-42865bc12cd0" testName="CompareToTest (Data Row 1)" computerName="ICSWS068" duration="00:00:00.0000114" startTime="2016-08-04T07:56:13.7710125+02:00" endTime="2016-08-04T07:56:13.7710125+02:00" testType="13cdc9d9-ddb5-4fa4-a97d-d965ccfc6d4b" outcome="Passed" testListId="8c84fa94-04c1-424b-9868-57a2d4851a1d" relativeResultsDirectory="6723609a-ad40-4308-b66c-40517af8911d" />
    <UnitTestResult executionId="fcb323f5-a5eb-4767-9acb-b4dccf34c8bf" testId="a92a85fa-d7e2-4552-8b74-471c1d4d0429" testName="CompareToTest (Data Row 2)" computerName="ICSWS068" duration="00:00:00.0000076" startTime="2016-08-04T07:56:13.7710125+02:00" endTime="2016-08-04T07:56:13.7710125+02:00" testType="13cdc9d9-ddb5-4fa4-a97d-d965ccfc6d4b" outcome="Passed" testListId="8c84fa94-04c1-424b-9868-57a2d4851a1d" relativeResultsDirectory="fcb323f5-a5eb-4767-9acb-b4dccf34c8bf" />
    <UnitTestResult executionId="33a3c194-6ceb-4854-b09c-a9bba314a9dc" testId="eb9757a4-b995-4f73-83ef-887c51762c19" testName="CompareToTest (Data Row 3)" computerName="ICSWS068" duration="00:00:00.0000070" startTime="2016-08-04T07:56:13.7710125+02:00" endTime="2016-08-04T07:56:13.7710125+02:00" testType="13cdc9d9-ddb5-4fa4-a97d-d965ccfc6d4b" outcome="Passed" testListId="8c84fa94-04c1-424b-9868-57a2d4851a1d" relativeResultsDirectory="33a3c194-6ceb-4854-b09c-a9bba314a9dc" />
    <UnitTestResult executionId="9de41c8a-ec72-4430-9918-5054ef64f2c5" testId="b7e606ab-0d48-4605-b7bf-32a180a73d41" testName="CompareToTest (Data Row 4)" computerName="ICSWS068" duration="00:00:00.0000070" startTime="2016-08-04T07:56:13.7710125+02:00" endTime="2016-08-04T07:56:13.7710125+02:00" testType="13cdc9d9-ddb5-4fa4-a97d-d965ccfc6d4b" outcome="Passed" testListId="8c84fa94-04c1-424b-9868-57a2d4851a1d" relativeResultsDirectory="9de41c8a-ec72-4430-9918-5054ef64f2c5" />
    <UnitTestResult executionId="9636630e-656d-4260-acb5-c8feeb72eec0" testId="26f23fce-20fa-4fc4-bcb4-7deebef6a1b3" testName="CompareToTest (Data Row 5)" computerName="ICSWS068" duration="00:00:00.0000070" startTime="2016-08-04T07:56:13.7710125+02:00" endTime="2016-08-04T07:56:13.7710125+02:00" testType="13cdc9d9-ddb5-4fa4-a97d-d965ccfc6d4b" outcome="Passed" testListId="8c84fa94-04c1-424b-9868-57a2d4851a1d" relativeResultsDirectory="9636630e-656d-4260-acb5-c8feeb72eec0" />
    <UnitTestResult executionId="9d2b3dad-06df-4c85-a7e0-3c7aaeab6830" testId="eea201e8-d4c1-4302-a852-64fb983c924a" testName="CompareToTest (Data Row 6)" computerName="ICSWS068" duration="00:00:00.0000067" startTime="2016-08-04T07:56:13.7710125+02:00" endTime="2016-08-04T07:56:13.7710125+02:00" testType="13cdc9d9-ddb5-4fa4-a97d-d965ccfc6d4b" outcome="Passed" testListId="8c84fa94-04c1-424b-9868-57a2d4851a1d" relativeResultsDirectory="9d2b3dad-06df-4c85-a7e0-3c7aaeab6830" />
    <UnitTestResult executionId="92187853-e6a7-4380-82d0-c96fe9f95206" testId="8059bb62-455d-41c1-b9d6-36920724af4c" testName="CompareToTest (Data Row 7)" computerName="ICSWS068" duration="00:00:00.0000079" startTime="2016-08-04T07:56:13.7710125+02:00" endTime="2016-08-04T07:56:13.7710125+02:00" testType="13cdc9d9-ddb5-4fa4-a97d-d965ccfc6d4b" outcome="Passed" testListId="8c84fa94-04c1-424b-9868-57a2d4851a1d" relativeResultsDirectory="92187853-e6a7-4380-82d0-c96fe9f95206" />
    <UnitTestResult executionId="6e30a9b9-01a1-4d17-8bbf-ff953e2cd27a" testId="b2312421-4bcd-dc80-a0db-9d0d0a90a02c" testName="TextLocationConstructorTest" computerName="ICSWS068" duration="00:00:00.0001809" startTime="2016-08-04T09:56:13.7747239+02:00" endTime="2016-08-04T09:56:13.7762403+02:00" testType="13cdc9d9-ddb5-4fa4-a97d-d965ccfc6d4b" outcome="Passed" testListId="8c84fa94-04c1-424b-9868-57a2d4851a1d" relativeResultsDirectory="6e30a9b9-01a1-4d17-8bbf-ff953e2cd27a" />
    <UnitTestResult executionId="73a350fc-4f4c-4aa9-91e5-2f2272a9723b" testId="264a9f60-085d-073a-bee6-0c07433dd5f8" testName="Constructor_NegativePeriodicDelay_ThrowsArgumentOutOfRangeException" computerName="ICSWS068" duration="00:00:00.0013040" startTime="2016-08-04T09:56:13.7792271+02:00" endTime="2016-08-04T09:56:13.7817297+02:00" testType="13cdc9d9-ddb5-4fa4-a97d-d965ccfc6d4b" outcome="Passed" testListId="8c84fa94-04c1-424b-9868-57a2d4851a1d" relativeResultsDirectory="73a350fc-4f4c-4aa9-91e5-2f2272a9723b" />
    <UnitTestResult executionId="78a81619-7d04-4743-8d84-3250eeb94b03" testId="b625eda3-2ce7-6194-25c0-6732641656bf" testName="Constructor_ZeroPeriodicDelay_Succeeds" computerName="ICSWS068" duration="00:00:00.0013105" startTime="2016-08-04T09:56:13.7847308+02:00" endTime="2016-08-04T09:56:13.7872489+02:00" testType="13cdc9d9-ddb5-4fa4-a97d-d965ccfc6d4b" outcome="Passed" testListId="8c84fa94-04c1-424b-9868-57a2d4851a1d" relativeResultsDirectory="78a81619-7d04-4743-8d84-3250eeb94b03" />
    <UnitTestResult executionId="8d1d5ff4-96e4-4bb6-ad4f-be4473754032" testId="ea663aba-5c32-5c8e-0197-04ef74823f7d" testName="Constructor_ValidPositivePeriodicDelay_Succeeds" computerName="ICSWS068" duration="00:00:00.0005826" startTime="2016-08-04T09:56:13.7897512+02:00" endTime="2016-08-04T09:56:13.7917371+02:00" testType="13cdc9d9-ddb5-4fa4-a97d-d965ccfc6d4b" outcome="Passed" testListId="8c84fa94-04c1-424b-9868-57a2d4851a1d" relativeResultsDirectory="8d1d5ff4-96e4-4bb6-ad4f-be4473754032" />
    <UnitTestResult executionId="8aa70cfc-4dad-48ca-8e66-b2c1358dd2bf" testId="60e4c274-1839-f400-bb64-d017cb6da65b" testName="Constructor_TooLargePeriodicDelay_ThrowsArgumentOutOfRangeException" computerName="ICSWS068" duration="00:00:00.0005307" startTime="2016-08-04T09:56:13.7940476+02:00" endTime="2016-08-04T09:56:13.7955482+02:00" testType="13cdc9d9-ddb5-4fa4-a97d-d965ccfc6d4b" outcome="Passed" testListId="8c84fa94-04c1-424b-9868-57a2d4851a1d" relativeResultsDirectory="8aa70cfc-4dad-48ca-8e66-b2c1358dd2bf" />
    <UnitTestResult executionId="2e57819c-13fd-491c-897b-eb2422736745" testId="0f5f84a3-498e-db8c-ed26-6a506905baab" testName="DualConstructor_NegativePeriodicDelay_ThrowsArgumentOutOfRangeException" computerName="ICSWS068" duration="00:00:00.0005926" startTime="2016-08-04T09:56:13.7975511+02:00" endTime="2016-08-04T09:56:13.7995689+02:00" testType="13cdc9d9-ddb5-4fa4-a97d-d965ccfc6d4b" outcome="Passed" testListId="8c84fa94-04c1-424b-9868-57a2d4851a1d" relativeResultsDirectory="2e57819c-13fd-491c-897b-eb2422736745" />
    <UnitTestResult executionId="26f9f4da-0e10-4f99-80a4-b6fc3b11083b" testId="9bd7452b-98a4-57a3-35bb-2d6d6124e83a" testName="DualConstructor_ZeroPeriodicDelay_Succeeds" computerName="ICSWS068" duration="00:00:00.0006231" startTime="2016-08-04T09:56:13.8020545+02:00" endTime="2016-08-04T09:56:13.8040583+02:00" testType="13cdc9d9-ddb5-4fa4-a97d-d965ccfc6d4b" outcome="Passed" testListId="8c84fa94-04c1-424b-9868-57a2d4851a1d" relativeResultsDirectory="26f9f4da-0e10-4f99-80a4-b6fc3b11083b" />
    <UnitTestResult executionId="801a5f8d-0d76-476c-897b-5aa23d387763" testId="e1751d08-1173-77ff-e928-ff280680654b" testName="DualConstructor_ValidPositivePeriodicDelay_Succeeds" computerName="ICSWS068" duration="00:00:00.0006498" startTime="2016-08-04T09:56:13.8065600+02:00" endTime="2016-08-04T09:56:13.8085615+02:00" testType="13cdc9d9-ddb5-4fa4-a97d-d965ccfc6d4b" outcome="Passed" testListId="8c84fa94-04c1-424b-9868-57a2d4851a1d" relativeResultsDirectory="801a5f8d-0d76-476c-897b-5aa23d387763" />
    <UnitTestResult executionId="5484c1ba-2d71-4e52-9ebd-2420bd5f38ce" testId="006e9207-f4bc-9619-a804-b711daad631b" testName="DualConstructor_TooLargePeriodicDelay_ThrowsArgumentOutOfRangeException" computerName="ICSWS068" duration="00:00:00.0009489" startTime="2016-08-04T09:56:13.8110632+02:00" endTime="2016-08-04T09:56:13.8135699+02:00" testType="13cdc9d9-ddb5-4fa4-a97d-d965ccfc6d4b" outcome="Passed" testListId="8c84fa94-04c1-424b-9868-57a2d4851a1d" relativeResultsDirectory="5484c1ba-2d71-4e52-9ebd-2420bd5f38ce" />
    <UnitTestResult executionId="45d99519-f98e-442d-9849-1ae8303c36ba" testId="2092375e-3739-e24e-c38c-1ac68239b25a" testName="DualConstructor_NegativeInitialDelay_ThrowsArgumentOutOfRangeException" computerName="ICSWS068" duration="00:00:00.0013806" startTime="2016-08-04T09:56:13.8160713+02:00" endTime="2016-08-04T09:56:13.8190742+02:00" testType="13cdc9d9-ddb5-4fa4-a97d-d965ccfc6d4b" outcome="Passed" testListId="8c84fa94-04c1-424b-9868-57a2d4851a1d" relativeResultsDirectory="45d99519-f98e-442d-9849-1ae8303c36ba" />
    <UnitTestResult executionId="5cdf341f-c6be-41ae-a5d1-592dd83515ce" testId="a52f6c48-1ccf-c1db-c7b9-27e20eafd7b1" testName="DualConstructor_ValidPositiveInitialDelay_Succeeds" computerName="ICSWS068" duration="00:00:00.0006448" startTime="2016-08-04T09:56:13.8215747+02:00" endTime="2016-08-04T09:56:13.8235069+02:00" testType="13cdc9d9-ddb5-4fa4-a97d-d965ccfc6d4b" outcome="Passed" testListId="8c84fa94-04c1-424b-9868-57a2d4851a1d" relativeResultsDirectory="5cdf341f-c6be-41ae-a5d1-592dd83515ce" />
    <UnitTestResult executionId="0f745eef-0c15-46ff-83dd-b2d9923c5a8d" testId="557a9f18-c83a-e5bc-6cdf-97a3dde3326a" testName="DualConstructor_TooLargeInitialDelay_ThrowsArgumentOutOfRangeException" computerName="ICSWS068" duration="00:00:00.0009049" startTime="2016-08-04T09:56:13.8260119+02:00" endTime="2016-08-04T09:56:13.8280116+02:00" testType="13cdc9d9-ddb5-4fa4-a97d-d965ccfc6d4b" outcome="Passed" testListId="8c84fa94-04c1-424b-9868-57a2d4851a1d" relativeResultsDirectory="0f745eef-0c15-46ff-83dd-b2d9923c5a8d" />
    <UnitTestResult executionId="ced9e96d-06f5-460e-a8fa-afe5685fc6d1" testId="358a4689-813f-04e6-73b4-61410401c7b1" testName="Set_NonZeroInitialDelay_InvokesTimer" computerName="ICSWS068" duration="00:00:00.0021465" startTime="2016-08-04T09:56:13.8304972+02:00" endTime="2016-08-04T09:56:13.8335044+02:00" testType="13cdc9d9-ddb5-4fa4-a97d-d965ccfc6d4b" outcome="Passed" testListId="8c84fa94-04c1-424b-9868-57a2d4851a1d" relativeResultsDirectory="ced9e96d-06f5-460e-a8fa-afe5685fc6d1" />
    <UnitTestResult executionId="691bfc2d-4d11-408a-8450-281c30e6f7f3" testId="854fe98c-eaf7-3227-faa1-14a77e342cfc" testName="Set_ZeroInitialDelay_DoesNotInvokeForInitialSet" computerName="ICSWS068" duration="00:00:00.0016360" startTime="2016-08-04T09:56:13.8360061+02:00" endTime="2016-08-04T09:56:13.8390079+02:00" testType="13cdc9d9-ddb5-4fa4-a97d-d965ccfc6d4b" outcome="Passed" testListId="8c84fa94-04c1-424b-9868-57a2d4851a1d" relativeResultsDirectory="691bfc2d-4d11-408a-8450-281c30e6f7f3" />
    <UnitTestResult executionId="67b6be98-2a1e-4109-a940-c23cdcc14f04" testId="b5a096f7-e7cb-48be-9e42-84c9b08e3c6c" testName="WaitOne_NonSignalled_ReturnsFalse" computerName="ICSWS068" duration="00:00:00.0109193" startTime="2016-08-04T09:56:13.8416600+02:00" endTime="2016-08-04T09:56:13.8538038+02:00" testType="13cdc9d9-ddb5-4fa4-a97d-d965ccfc6d4b" outcome="Passed" testListId="8c84fa94-04c1-424b-9868-57a2d4851a1d" relativeResultsDirectory="67b6be98-2a1e-4109-a940-c23cdcc14f04" />
    <UnitTestResult executionId="619f2604-399f-49a5-b69a-d0c2092e8b75" testId="035566ac-8be7-833b-bbc1-a0a115188012" testName="WaitOne_SignalledWithZeroInitialDelay_ReturnsTrue" computerName="ICSWS068" duration="00:00:00.0012386" startTime="2016-08-04T09:56:13.8568058+02:00" endTime="2016-08-04T09:56:13.8593081+02:00" testType="13cdc9d9-ddb5-4fa4-a97d-d965ccfc6d4b" outcome="Passed" testListId="8c84fa94-04c1-424b-9868-57a2d4851a1d" relativeResultsDirectory="619f2604-399f-49a5-b69a-d0c2092e8b75" />
    <UnitTestResult executionId="c07ca539-50b0-4335-9763-5d7912f11740" testId="09964b86-fd78-cbf2-aa1b-6e958a36f4c7" testName="WaitOne_SignalledWithNonZeroInitialDelay_ReturnsFalse" computerName="ICSWS068" duration="00:00:00.0108372" startTime="2016-08-04T09:56:13.8618257+02:00" endTime="2016-08-04T09:56:13.8740993+02:00" testType="13cdc9d9-ddb5-4fa4-a97d-d965ccfc6d4b" outcome="Passed" testListId="8c84fa94-04c1-424b-9868-57a2d4851a1d" relativeResultsDirectory="c07ca539-50b0-4335-9763-5d7912f11740" />
    <UnitTestResult executionId="1ecd1354-5c6a-4dc1-9215-d847ea22f1c3" testId="fed3afa1-c010-228a-752d-ee11a71fe2ec" testName="WaitOne_SignalledWithNonZeroInitialDelay_ReturnsTrueAfterTimerCallback" computerName="ICSWS068" duration="00:00:00.0115566" startTime="2016-08-04T09:56:13.8766201+02:00" endTime="2016-08-04T09:56:13.8896164+02:00" testType="13cdc9d9-ddb5-4fa4-a97d-d965ccfc6d4b" outcome="Passed" testListId="8c84fa94-04c1-424b-9868-57a2d4851a1d" relativeResultsDirectory="1ecd1354-5c6a-4dc1-9215-d847ea22f1c3" />
    <UnitTestResult executionId="9bfb0350-96db-455e-86c2-0e0830533c4e" testId="37413a88-5188-b024-53b7-e020b0754408" testName="WaitOne_CalledTwice_SignalledWithNonZeroPeridoicDelay_ReturnsTrueAfterTimerCallbackOnly" computerName="ICSWS068" duration="00:00:00.0216531" startTime="2016-08-04T09:56:13.8921169+02:00" endTime="2016-08-04T09:56:13.9151705+02:00" testType="13cdc9d9-ddb5-4fa4-a97d-d965ccfc6d4b" outcome="Passed" testListId="8c84fa94-04c1-424b-9868-57a2d4851a1d" relativeResultsDirectory="9bfb0350-96db-455e-86c2-0e0830533c4e" />
    <UnitTestResult executionId="ea4f61aa-b5b4-4829-941b-7471061c4add" testId="0768977b-272e-86eb-6139-1d92899c3816" testName="Reset_WasSet_DisablesTimer" computerName="ICSWS068" duration="00:00:00.0016404" startTime="2016-08-04T09:56:13.9181734+02:00" endTime="2016-08-04T09:56:13.9211906+02:00" testType="13cdc9d9-ddb5-4fa4-a97d-d965ccfc6d4b" outcome="Passed" testListId="8c84fa94-04c1-424b-9868-57a2d4851a1d" relativeResultsDirectory="ea4f61aa-b5b4-4829-941b-7471061c4add" />
    <UnitTestResult executionId="706c6907-2e68-4722-b3ae-7b451d6b548e" testId="db36a3bc-d7bf-1222-2404-df7b1e00d389" testName="Reset_WasSet_CausesWaitOneToReturnFalse" computerName="ICSWS068" duration="00:00:00.0047207" startTime="2016-08-04T09:56:13.9237812+02:00" endTime="2016-08-04T09:56:13.9297503+02:00" testType="13cdc9d9-ddb5-4fa4-a97d-d965ccfc6d4b" outcome="Passed" testListId="8c84fa94-04c1-424b-9868-57a2d4851a1d" relativeResultsDirectory="706c6907-2e68-4722-b3ae-7b451d6b548e" />
    <UnitTestResult executionId="78565d25-9758-40a0-99f9-399374b6ce2f" testId="caf688c6-0349-fd7e-c52e-644ebbb0c155" testName="WaitOne_MultipleWaitingThreads_ReleasesOneThreadForEachTimerCallback" computerName="ICSWS068" duration="00:00:00.3525624" startTime="2016-08-04T09:56:13.9327456+02:00" endTime="2016-08-04T09:56:14.2867049+02:00" testType="13cdc9d9-ddb5-4fa4-a97d-d965ccfc6d4b" outcome="Passed" testListId="8c84fa94-04c1-424b-9868-57a2d4851a1d" relativeResultsDirectory="78565d25-9758-40a0-99f9-399374b6ce2f" />
    <UnitTestResult executionId="2c468255-61d9-47ba-a4da-958df16b85a0" testId="cdb35d3d-bcd3-555e-ec01-9c47fc60f949" testName="WaitableTimerConstructor_TimerValueSet_TimerSetOnCorrectDueTime" computerName="ICSWS068" duration="00:00:01.0036632" startTime="2016-08-04T09:56:14.2897090+02:00" endTime="2016-08-04T09:56:15.2944306+02:00" testType="13cdc9d9-ddb5-4fa4-a97d-d965ccfc6d4b" outcome="Passed" testListId="8c84fa94-04c1-424b-9868-57a2d4851a1d" relativeResultsDirectory="2c468255-61d9-47ba-a4da-958df16b85a0" />
    <UnitTestResult executionId="bad3fa86-b2c5-403a-b193-247ee3cf8736" testId="60d7b930-1014-c233-e49a-dc903d65ba7a" testName="CreateFragmentedXmlWriterTraceListener_CreatesOutputClosingTracer" computerName="ICSWS068" duration="00:00:00.0206558" startTime="2016-08-04T09:56:15.2974323+02:00" endTime="2016-08-04T09:56:15.3190563+02:00" testType="13cdc9d9-ddb5-4fa4-a97d-d965ccfc6d4b" outcome="Passed" testListId="8c84fa94-04c1-424b-9868-57a2d4851a1d" relativeResultsDirectory="bad3fa86-b2c5-403a-b193-247ee3cf8736" />
    <UnitTestResult executionId="7810b405-2664-468a-8bcd-d26712c6c3f6" testId="2c06a36c-f26c-6b50-2904-31526fb1c530" testName="IntervalTest_Construction1" computerName="ICSWS068" duration="00:00:00.0003087" startTime="2016-08-04T09:56:15.3220639+02:00" endTime="2016-08-04T09:56:15.3235832+02:00" testType="13cdc9d9-ddb5-4fa4-a97d-d965ccfc6d4b" outcome="Passed" testListId="8c84fa94-04c1-424b-9868-57a2d4851a1d" relativeResultsDirectory="7810b405-2664-468a-8bcd-d26712c6c3f6" />
    <UnitTestResult executionId="8d812ac1-4424-4ea7-9103-9714c7fc3f86" testId="8a759f5f-11aa-5ff7-2750-e744c42e00a6" testName="Constructor_LowerBoundGreaterThanUpperBound_ThrowsArgumentException" computerName="ICSWS068" duration="00:00:00.0005190" startTime="2016-08-04T09:56:15.3260817+02:00" endTime="2016-08-04T09:56:15.3275679+02:00" testType="13cdc9d9-ddb5-4fa4-a97d-d965ccfc6d4b" outcome="Passed" testListId="8c84fa94-04c1-424b-9868-57a2d4851a1d" relativeResultsDirectory="8d812ac1-4424-4ea7-9103-9714c7fc3f86" />
    <UnitTestResult executionId="135ac2d1-366e-40c6-976c-7dca17fe6fb3" testId="0e2b2179-5753-84e8-9943-b6cd76a10953" testName="IntervalTest_Construction3" computerName="ICSWS068" duration="00:00:00.0001730" startTime="2016-08-04T09:56:15.3300837+02:00" endTime="2016-08-04T09:56:15.3315704+02:00" testType="13cdc9d9-ddb5-4fa4-a97d-d965ccfc6d4b" outcome="Passed" testListId="8c84fa94-04c1-424b-9868-57a2d4851a1d" relativeResultsDirectory="135ac2d1-366e-40c6-976c-7dca17fe6fb3" />
    <UnitTestResult executionId="13e8d9bb-6c2d-4d44-9eec-dccc884ab21b" testId="1bf42f02-99d5-4acf-b860-727bdf7de6cb" testName="IntervalTest_op_EqualityTest (Data Row 0)" computerName="ICSWS068" duration="00:00:00.0008383" startTime="2016-08-04T07:56:15.3385768+02:00" endTime="2016-08-04T07:56:15.3395774+02:00" testType="13cdc9d9-ddb5-4fa4-a97d-d965ccfc6d4b" outcome="Passed" testListId="8c84fa94-04c1-424b-9868-57a2d4851a1d" relativeResultsDirectory="13e8d9bb-6c2d-4d44-9eec-dccc884ab21b" />
    <UnitTestResult executionId="185363d9-9945-4be3-a582-f23da55c79d0" testId="20ea7d9b-1153-4d4c-9b6c-f9ead50785f6" testName="IntervalTest_op_EqualityTest (Data Row 1)" computerName="ICSWS068" duration="00:00:00.0000152" startTime="2016-08-04T07:56:15.3395774+02:00" endTime="2016-08-04T07:56:15.3395774+02:00" testType="13cdc9d9-ddb5-4fa4-a97d-d965ccfc6d4b" outcome="Passed" testListId="8c84fa94-04c1-424b-9868-57a2d4851a1d" relativeResultsDirectory="185363d9-9945-4be3-a582-f23da55c79d0" />
    <UnitTestResult executionId="f665b5d8-d024-494b-b755-35a49c7ace1b" testId="f839598a-b695-4c89-a3fa-5f8540ae2fd5" testName="IntervalTest_op_EqualityTest (Data Row 2)" computerName="ICSWS068" duration="00:00:00.0000085" startTime="2016-08-04T07:56:15.3395774+02:00" endTime="2016-08-04T07:56:15.3395774+02:00" testType="13cdc9d9-ddb5-4fa4-a97d-d965ccfc6d4b" outcome="Passed" testListId="8c84fa94-04c1-424b-9868-57a2d4851a1d" relativeResultsDirectory="f665b5d8-d024-494b-b755-35a49c7ace1b" />
    <UnitTestResult executionId="668a591a-492d-494c-a82e-78b50929981d" testId="b90f5cfd-98c2-47f2-86d7-6a05dee813c4" testName="IntervalTest_op_EqualityTest (Data Row 3)" computerName="ICSWS068" duration="00:00:00.0000079" startTime="2016-08-04T07:56:15.3395774+02:00" endTime="2016-08-04T07:56:15.3395774+02:00" testType="13cdc9d9-ddb5-4fa4-a97d-d965ccfc6d4b" outcome="Passed" testListId="8c84fa94-04c1-424b-9868-57a2d4851a1d" relativeResultsDirectory="668a591a-492d-494c-a82e-78b50929981d" />
    <UnitTestResult executionId="a066a369-ed4e-4ffa-9cfe-dca45e39175f" testId="5b7bbcef-3952-4d94-9e57-2fd217f09e5f" testName="IntervalTest_op_EqualityTest (Data Row 4)" computerName="ICSWS068" duration="00:00:00.0000076" startTime="2016-08-04T07:56:15.3395774+02:00" endTime="2016-08-04T07:56:15.3395774+02:00" testType="13cdc9d9-ddb5-4fa4-a97d-d965ccfc6d4b" outcome="Passed" testListId="8c84fa94-04c1-424b-9868-57a2d4851a1d" relativeResultsDirectory="a066a369-ed4e-4ffa-9cfe-dca45e39175f" />
    <UnitTestResult executionId="b1992352-8e68-4c92-8250-c7a170204b5d" testId="935684b4-b94b-40b3-9c5b-5a78eedbedbb" testName="IntervalTest_IntersectsTest (Data Row 0)" computerName="ICSWS068" duration="00:00:00.0004187" startTime="2016-08-04T07:56:15.3453558+02:00" endTime="2016-08-04T07:56:15.3458558+02:00" testType="13cdc9d9-ddb5-4fa4-a97d-d965ccfc6d4b" outcome="Passed" testListId="8c84fa94-04c1-424b-9868-57a2d4851a1d" relativeResultsDirectory="b1992352-8e68-4c92-8250-c7a170204b5d" />
    <UnitTestResult executionId="a9d55275-4050-405e-adf5-690a46c82d91" testId="f45a1700-95d4-49df-b134-3e549810c596" testName="IntervalTest_IntersectsTest (Data Row 1)" computerName="ICSWS068" duration="00:00:00.0000126" startTime="2016-08-04T07:56:15.3458558+02:00" endTime="2016-08-04T07:56:15.3458558+02:00" testType="13cdc9d9-ddb5-4fa4-a97d-d965ccfc6d4b" outcome="Passed" testListId="8c84fa94-04c1-424b-9868-57a2d4851a1d" relativeResultsDirectory="a9d55275-4050-405e-adf5-690a46c82d91" />
    <UnitTestResult executionId="e1c44e68-71bb-479e-a837-ed1cf9cae2e9" testId="89ed41b7-f2f7-42b8-876d-f64eb8243185" testName="IntervalTest_IntersectsTest (Data Row 2)" computerName="ICSWS068" duration="00:00:00.0000082" startTime="2016-08-04T07:56:15.3458558+02:00" endTime="2016-08-04T07:56:15.3458558+02:00" testType="13cdc9d9-ddb5-4fa4-a97d-d965ccfc6d4b" outcome="Passed" testListId="8c84fa94-04c1-424b-9868-57a2d4851a1d" relativeResultsDirectory="e1c44e68-71bb-479e-a837-ed1cf9cae2e9" />
    <UnitTestResult executionId="29cd45d4-2bd1-4537-8598-5f6b5fdd922d" testId="06daa2fa-b66a-42bc-b025-5ede350d31d3" testName="IntervalTest_IntersectsTest (Data Row 3)" computerName="ICSWS068" duration="00:00:00.0000076" startTime="2016-08-04T07:56:15.3458558+02:00" endTime="2016-08-04T07:56:15.3458558+02:00" testType="13cdc9d9-ddb5-4fa4-a97d-d965ccfc6d4b" outcome="Passed" testListId="8c84fa94-04c1-424b-9868-57a2d4851a1d" relativeResultsDirectory="29cd45d4-2bd1-4537-8598-5f6b5fdd922d" />
    <UnitTestResult executionId="8d1811d2-03f8-44a8-8d41-7621dd62515d" testId="0e4c0d9a-a653-48c1-9df8-8debb31f81fe" testName="IntervalTest_IntersectsTest (Data Row 4)" computerName="ICSWS068" duration="00:00:00.0000076" startTime="2016-08-04T07:56:15.3458558+02:00" endTime="2016-08-04T07:56:15.3458558+02:00" testType="13cdc9d9-ddb5-4fa4-a97d-d965ccfc6d4b" outcome="Passed" testListId="8c84fa94-04c1-424b-9868-57a2d4851a1d" relativeResultsDirectory="8d1811d2-03f8-44a8-8d41-7621dd62515d" />
    <UnitTestResult executionId="db7fdbbb-f733-4453-b5b9-68ed7a0d5642" testId="597d923a-5cbc-4d9e-b88a-966bfeff6032" testName="IntervalTest_ContainsTest (Data Row 0)" computerName="ICSWS068" duration="00:00:00.0004343" startTime="2016-08-04T07:56:15.3508440+02:00" endTime="2016-08-04T07:56:15.3513443+02:00" testType="13cdc9d9-ddb5-4fa4-a97d-d965ccfc6d4b" outcome="Passed" testListId="8c84fa94-04c1-424b-9868-57a2d4851a1d" relativeResultsDirectory="db7fdbbb-f733-4453-b5b9-68ed7a0d5642" />
    <UnitTestResult executionId="48243985-631c-4c27-a6c6-aab2834fc73c" testId="f7aae39f-359a-4deb-819c-19e07e451bda" testName="IntervalTest_ContainsTest (Data Row 1)" computerName="ICSWS068" duration="00:00:00.0000137" startTime="2016-08-04T07:56:15.3513443+02:00" endTime="2016-08-04T07:56:15.3513443+02:00" testType="13cdc9d9-ddb5-4fa4-a97d-d965ccfc6d4b" outcome="Passed" testListId="8c84fa94-04c1-424b-9868-57a2d4851a1d" relativeResultsDirectory="48243985-631c-4c27-a6c6-aab2834fc73c" />
    <UnitTestResult executionId="86327fa6-7fd3-46f9-b03f-00f43e9c348c" testId="ddd6441e-c8de-48ac-929a-499cfd21327d" testName="IntervalTest_ContainsTest (Data Row 2)" computerName="ICSWS068" duration="00:00:00.0000096" startTime="2016-08-04T07:56:15.3513443+02:00" endTime="2016-08-04T07:56:15.3513443+02:00" testType="13cdc9d9-ddb5-4fa4-a97d-d965ccfc6d4b" outcome="Passed" testListId="8c84fa94-04c1-424b-9868-57a2d4851a1d" relativeResultsDirectory="86327fa6-7fd3-46f9-b03f-00f43e9c348c" />
    <UnitTestResult executionId="02a81074-cebd-42e4-822f-f840c0b01582" testId="e74c13df-5d16-4f09-8d00-3409a9f6370f" testName="IntervalTest_ContainsTest (Data Row 3)" computerName="ICSWS068" duration="00:00:00.0000076" startTime="2016-08-04T07:56:15.3513443+02:00" endTime="2016-08-04T07:56:15.3513443+02:00" testType="13cdc9d9-ddb5-4fa4-a97d-d965ccfc6d4b" outcome="Passed" testListId="8c84fa94-04c1-424b-9868-57a2d4851a1d" relativeResultsDirectory="02a81074-cebd-42e4-822f-f840c0b01582" />
    <UnitTestResult executionId="bba7759d-445f-4033-93bf-8216a587db6d" testId="78f936de-5886-428f-b8f7-e08a6297d504" testName="IntervalTest_ContainsTest (Data Row 4)" computerName="ICSWS068" duration="00:00:00.0000073" startTime="2016-08-04T07:56:15.3513443+02:00" endTime="2016-08-04T07:56:15.3513443+02:00" testType="13cdc9d9-ddb5-4fa4-a97d-d965ccfc6d4b" outcome="Passed" testListId="8c84fa94-04c1-424b-9868-57a2d4851a1d" relativeResultsDirectory="bba7759d-445f-4033-93bf-8216a587db6d" />
    <UnitTestResult executionId="aa5f2627-0d61-4aef-a3cb-dc393890a5d1" testId="6bd88669-bc24-8810-83bf-7b1ff00aea93" testName="ImmutableStack_StringSerialization" computerName="ICSWS068" duration="00:00:00.0088613" startTime="2016-08-04T09:56:15.3548469+02:00" endTime="2016-08-04T09:56:15.3653728+02:00" testType="13cdc9d9-ddb5-4fa4-a97d-d965ccfc6d4b" outcome="Passed" testListId="8c84fa94-04c1-424b-9868-57a2d4851a1d" relativeResultsDirectory="aa5f2627-0d61-4aef-a3cb-dc393890a5d1" />
    <UnitTestResult executionId="07061e5b-d241-48a4-a8f4-5d160ad6ffc5" testId="617629e8-7fc0-e284-7ea3-99ad39415273" testName="ImmutableStack_IntSerialization" computerName="ICSWS068" duration="00:00:00.0075077" startTime="2016-08-04T09:56:15.3683593+02:00" endTime="2016-08-04T09:56:15.3769002+02:00" testType="13cdc9d9-ddb5-4fa4-a97d-d965ccfc6d4b" outcome="Passed" testListId="8c84fa94-04c1-424b-9868-57a2d4851a1d" relativeResultsDirectory="07061e5b-d241-48a4-a8f4-5d160ad6ffc5" />
    <UnitTestResult executionId="fa823a36-53f6-482d-919a-653ef402b489" testId="3e168676-1e6a-96f4-f507-0026d0dba375" testName="ImmutableStack_ComplexSerialization" computerName="ICSWS068" duration="00:00:00.0114768" startTime="2016-08-04T09:56:15.3798872+02:00" endTime="2016-08-04T09:56:15.3925803+02:00" testType="13cdc9d9-ddb5-4fa4-a97d-d965ccfc6d4b" outcome="Passed" testListId="8c84fa94-04c1-424b-9868-57a2d4851a1d" relativeResultsDirectory="fa823a36-53f6-482d-919a-653ef402b489" />
    <UnitTestResult executionId="64521244-0afa-43c3-92bb-adc810c99876" testId="ca97c74d-dc03-4a4c-9a08-c17bcfdb4d9f" testName="ImmutableStack_TestIsEmpty" computerName="ICSWS068" duration="00:00:00.0002061" startTime="2016-08-04T09:56:15.3960667+02:00" endTime="2016-08-04T09:56:15.3975684+02:00" testType="13cdc9d9-ddb5-4fa4-a97d-d965ccfc6d4b" outcome="Passed" testListId="8c84fa94-04c1-424b-9868-57a2d4851a1d" relativeResultsDirectory="64521244-0afa-43c3-92bb-adc810c99876" />
    <UnitTestResult executionId="f2bd854f-827b-4aae-b041-35a9ab46f6f8" testId="9b961824-d80e-9955-a55a-67525bc8cc20" testName="HasValue_ValueWasAssigned_ReturnsTrue" computerName="ICSWS068" duration="00:00:00.0006944" startTime="2016-08-04T09:56:15.4000690+02:00" endTime="2016-08-04T09:56:15.4015701+02:00" testType="13cdc9d9-ddb5-4fa4-a97d-d965ccfc6d4b" outcome="Passed" testListId="8c84fa94-04c1-424b-9868-57a2d4851a1d" relativeResultsDirectory="f2bd854f-827b-4aae-b041-35a9ab46f6f8" />
    <UnitTestResult executionId="e3f087fd-f559-4684-bba0-bed04b889834" testId="cc5c2a3e-0db6-793e-0d95-b864f01e364c" testName="HasValue_NoValueWasAssigned_ReturnsFalse" computerName="ICSWS068" duration="00:00:00.0001419" startTime="2016-08-04T09:56:15.4052402+02:00" endTime="2016-08-04T09:56:15.4062419+02:00" testType="13cdc9d9-ddb5-4fa4-a97d-d965ccfc6d4b" outcome="Passed" testListId="8c84fa94-04c1-424b-9868-57a2d4851a1d" relativeResultsDirectory="e3f087fd-f559-4684-bba0-bed04b889834" />
    <UnitTestResult executionId="e74e1c32-3100-432b-a63e-224f583e94ae" testId="39411367-3a8d-8446-016c-9e09b6d4b292" testName="HasValue_ValueWasAssignedFromEmptyMaybe_ReturnsFalse" computerName="ICSWS068" duration="00:00:00.0002143" startTime="2016-08-04T09:56:15.4087592+02:00" endTime="2016-08-04T09:56:15.4102594+02:00" testType="13cdc9d9-ddb5-4fa4-a97d-d965ccfc6d4b" outcome="Passed" testListId="8c84fa94-04c1-424b-9868-57a2d4851a1d" relativeResultsDirectory="e74e1c32-3100-432b-a63e-224f583e94ae" />
    <UnitTestResult executionId="fb9578a0-9ada-4cd5-a0e4-c451d32de1ed" testId="f65054d2-26fd-089a-419d-ea67ebee56e0" testName="HasValue_ValueWasAssignedFromInitializedMaybe_ReturnsTrue" computerName="ICSWS068" duration="00:00:00.0001343" startTime="2016-08-04T09:56:15.4127468+02:00" endTime="2016-08-04T09:56:15.4137685+02:00" testType="13cdc9d9-ddb5-4fa4-a97d-d965ccfc6d4b" outcome="Passed" testListId="8c84fa94-04c1-424b-9868-57a2d4851a1d" relativeResultsDirectory="fb9578a0-9ada-4cd5-a0e4-c451d32de1ed" />
    <UnitTestResult executionId="264973d9-e526-499e-9ac9-625f88af7cb6" testId="5080e5b9-0629-be6b-8b84-db7c0d7debe4" testName="Value_ValueWasAssigned_ReturnsValue" computerName="ICSWS068" duration="00:00:00.0002926" startTime="2016-08-04T09:56:15.4157693+02:00" endTime="2016-08-04T09:56:15.4177546+02:00" testType="13cdc9d9-ddb5-4fa4-a97d-d965ccfc6d4b" outcome="Passed" testListId="8c84fa94-04c1-424b-9868-57a2d4851a1d" relativeResultsDirectory="264973d9-e526-499e-9ac9-625f88af7cb6" />
    <UnitTestResult executionId="fae88b62-cae8-42d2-afed-e0c98cb2b578" testId="09a049af-c248-b3f4-c066-98198e9afc78" testName="Value_ValueWasNotAssigned_ThrowsInvalidOperationException" computerName="ICSWS068" duration="00:00:00.0006477" startTime="2016-08-04T09:56:15.4217548+02:00" endTime="2016-08-04T09:56:15.4240604+02:00" testType="13cdc9d9-ddb5-4fa4-a97d-d965ccfc6d4b" outcome="Passed" testListId="8c84fa94-04c1-424b-9868-57a2d4851a1d" relativeResultsDirectory="fae88b62-cae8-42d2-afed-e0c98cb2b578" />
    <UnitTestResult executionId="c7654b2c-cb2d-4b1a-8c60-16f9a84d2076" testId="f5c284a0-d9a5-14ca-eb72-369fa67ef8b6" testName="Equals_ValueWasNotAssigned_ComparedToNothing_ReturnsTrue" computerName="ICSWS068" duration="00:00:00.0007609" startTime="2016-08-04T09:56:15.4280626+02:00" endTime="2016-08-04T09:56:15.4320652+02:00" testType="13cdc9d9-ddb5-4fa4-a97d-d965ccfc6d4b" outcome="Passed" testListId="8c84fa94-04c1-424b-9868-57a2d4851a1d" relativeResultsDirectory="c7654b2c-cb2d-4b1a-8c60-16f9a84d2076" />
    <UnitTestResult executionId="68f34306-71b7-4ec0-9d31-f348e54e12cc" testId="20d85082-5556-1d3a-59d0-ba2f73f18c17" testName="Equals_ValueWasAssigned_ComparedToNothing_ReturnsFalse" computerName="ICSWS068" duration="00:00:00.0001736" startTime="2016-08-04T09:56:15.4370689+02:00" endTime="2016-08-04T09:56:15.4390704+02:00" testType="13cdc9d9-ddb5-4fa4-a97d-d965ccfc6d4b" outcome="Passed" testListId="8c84fa94-04c1-424b-9868-57a2d4851a1d" relativeResultsDirectory="68f34306-71b7-4ec0-9d31-f348e54e12cc" />
    <UnitTestResult executionId="759b1d41-f4fe-4f0c-8753-83206367266d" testId="117b3747-b723-f669-300b-692b154881c8" testName="Equals_ValueWasAssigned_ComparedToValue_ReturnsTrue" computerName="ICSWS068" duration="00:00:00.0002639" startTime="2016-08-04T09:56:15.4420727+02:00" endTime="2016-08-04T09:56:15.4435738+02:00" testType="13cdc9d9-ddb5-4fa4-a97d-d965ccfc6d4b" outcome="Passed" testListId="8c84fa94-04c1-424b-9868-57a2d4851a1d" relativeResultsDirectory="759b1d41-f4fe-4f0c-8753-83206367266d" />
    <UnitTestResult executionId="78e53f6f-9a75-48e0-81b4-994b81b938c8" testId="373484e5-18a4-6607-dea3-ec6772f1ce92" testName="Equals_ValueWasAssigned_ComparedDifferentValue_ReturnsTrue" computerName="ICSWS068" duration="00:00:00.0001865" startTime="2016-08-04T09:56:15.4460755+02:00" endTime="2016-08-04T09:56:15.4475776+02:00" testType="13cdc9d9-ddb5-4fa4-a97d-d965ccfc6d4b" outcome="Passed" testListId="8c84fa94-04c1-424b-9868-57a2d4851a1d" relativeResultsDirectory="78e53f6f-9a75-48e0-81b4-994b81b938c8" />
    <UnitTestResult executionId="2f370d16-7a12-446b-bf46-b2bf0c693a8b" testId="574e22a4-8534-9785-1228-0e2deeaef53a" testName="Equals_ValueWasAssigned_ComparedToOtherMaybeWithDifferentValue_ReturnsFalse" computerName="ICSWS068" duration="00:00:00.0001791" startTime="2016-08-04T09:56:15.4515804+02:00" endTime="2016-08-04T09:56:15.4525968+02:00" testType="13cdc9d9-ddb5-4fa4-a97d-d965ccfc6d4b" outcome="Passed" testListId="8c84fa94-04c1-424b-9868-57a2d4851a1d" relativeResultsDirectory="2f370d16-7a12-446b-bf46-b2bf0c693a8b" />
    <UnitTestResult executionId="4e644169-f754-4023-97b7-f4c8643d8ef2" testId="9decd2bf-16a8-eed8-bb67-ff3a3abb15e4" testName="Equals_ValueWasAssigned_ComparedToOtherMaybeWithSameValue_ReturnsTrue" computerName="ICSWS068" duration="00:00:00.0001791" startTime="2016-08-04T09:56:15.4550830+02:00" endTime="2016-08-04T09:56:15.4565830+02:00" testType="13cdc9d9-ddb5-4fa4-a97d-d965ccfc6d4b" outcome="Passed" testListId="8c84fa94-04c1-424b-9868-57a2d4851a1d" relativeResultsDirectory="4e644169-f754-4023-97b7-f4c8643d8ef2" />
    <UnitTestResult executionId="75d1d990-da7c-4285-bea7-ea249ba9ed26" testId="bfcfc1b4-8c06-7432-8751-c8f7e1d185f3" testName="OperatorEq_ValueWasNotAssigned_ComparedToNothing_ReturnsTrue" computerName="ICSWS068" duration="00:00:00.0002363" startTime="2016-08-04T09:56:15.4590850+02:00" endTime="2016-08-04T09:56:15.4606017+02:00" testType="13cdc9d9-ddb5-4fa4-a97d-d965ccfc6d4b" outcome="Passed" testListId="8c84fa94-04c1-424b-9868-57a2d4851a1d" relativeResultsDirectory="75d1d990-da7c-4285-bea7-ea249ba9ed26" />
    <UnitTestResult executionId="91516c87-23a5-4ff7-a7d6-e2d001f308a5" testId="2c407d33-2a95-08bd-77f5-ead9c24c1593" testName="OperatorEq_ValueWasAssigned_ComparedToNothing_ReturnsFalse" computerName="ICSWS068" duration="00:00:00.0001557" startTime="2016-08-04T09:56:15.4632568+02:00" endTime="2016-08-04T09:56:15.4642726+02:00" testType="13cdc9d9-ddb5-4fa4-a97d-d965ccfc6d4b" outcome="Passed" testListId="8c84fa94-04c1-424b-9868-57a2d4851a1d" relativeResultsDirectory="91516c87-23a5-4ff7-a7d6-e2d001f308a5" />
    <UnitTestResult executionId="8adc5e89-8692-4c98-9e8b-8fdfc57bbbd7" testId="d35d10af-70a0-9292-5054-8520a2d1a5d0" testName="OperatorEq_ValueWasAssigned_ComparedToValue_ReturnsTrue" computerName="ICSWS068" duration="00:00:00.0001709" startTime="2016-08-04T09:56:15.4672593+02:00" endTime="2016-08-04T09:56:15.4682596+02:00" testType="13cdc9d9-ddb5-4fa4-a97d-d965ccfc6d4b" outcome="Passed" testListId="8c84fa94-04c1-424b-9868-57a2d4851a1d" relativeResultsDirectory="8adc5e89-8692-4c98-9e8b-8fdfc57bbbd7" />
    <UnitTestResult executionId="86528ab2-2190-4b2d-a998-1d84be8fd7e9" testId="d8663f1a-baf0-f783-bf74-e701416a0467" testName="OperatorEq_ValueWasAssigned_ValueComparedToIt_ReturnsTrue" computerName="ICSWS068" duration="00:00:00.0001527" startTime="2016-08-04T09:56:15.4707789+02:00" endTime="2016-08-04T09:56:15.4722821+02:00" testType="13cdc9d9-ddb5-4fa4-a97d-d965ccfc6d4b" outcome="Passed" testListId="8c84fa94-04c1-424b-9868-57a2d4851a1d" relativeResultsDirectory="86528ab2-2190-4b2d-a998-1d84be8fd7e9" />
    <UnitTestResult executionId="d89f2e63-f440-4ec7-a0f4-4d120b0cf996" testId="238d3e6b-660c-b770-1660-baf76289c1ed" testName="OperatorEq_ValueWasAssigned_ComparedDifferentValue_ReturnsTrue" computerName="ICSWS068" duration="00:00:00.0001457" startTime="2016-08-04T09:56:15.4742666+02:00" endTime="2016-08-04T09:56:15.4757677+02:00" testType="13cdc9d9-ddb5-4fa4-a97d-d965ccfc6d4b" outcome="Passed" testListId="8c84fa94-04c1-424b-9868-57a2d4851a1d" relativeResultsDirectory="d89f2e63-f440-4ec7-a0f4-4d120b0cf996" />
    <UnitTestResult executionId="40ad18db-8858-4e85-a4f2-6ec8f1b09c96" testId="e6f1c710-1b63-5b48-9197-7e47427a8aa6" testName="OperatorEq_ValueWasAssigned_ComparedToOtherMaybeWithDifferentValue_ReturnsFalse" computerName="ICSWS068" duration="00:00:00.0001756" startTime="2016-08-04T09:56:15.4782700+02:00" endTime="2016-08-04T09:56:15.4797706+02:00" testType="13cdc9d9-ddb5-4fa4-a97d-d965ccfc6d4b" outcome="Passed" testListId="8c84fa94-04c1-424b-9868-57a2d4851a1d" relativeResultsDirectory="40ad18db-8858-4e85-a4f2-6ec8f1b09c96" />
    <UnitTestResult executionId="1541b3e7-0230-499d-875a-365fe111853f" testId="dd9057c5-540c-a3d6-ed59-8fc92239bc7a" testName="OperatorEq_ValueWasAssigned_ComparedToOtherMaybeWithSameValue_ReturnsTrue" computerName="ICSWS068" duration="00:00:00.0001950" startTime="2016-08-04T09:56:15.4822723+02:00" endTime="2016-08-04T09:56:15.4837740+02:00" testType="13cdc9d9-ddb5-4fa4-a97d-d965ccfc6d4b" outcome="Passed" testListId="8c84fa94-04c1-424b-9868-57a2d4851a1d" relativeResultsDirectory="1541b3e7-0230-499d-875a-365fe111853f" />
    <UnitTestResult executionId="139019c0-d76d-4c2f-b247-672e47683ca3" testId="b7d950eb-bab5-9502-60db-a363b5f2194a" testName="ImplicitConversion" computerName="ICSWS068" duration="00:00:00.0008703" startTime="2016-08-04T09:56:15.4867760+02:00" endTime="2016-08-04T09:56:15.4887775+02:00" testType="13cdc9d9-ddb5-4fa4-a97d-d965ccfc6d4b" outcome="Passed" testListId="8c84fa94-04c1-424b-9868-57a2d4851a1d" relativeResultsDirectory="139019c0-d76d-4c2f-b247-672e47683ca3" />
    <UnitTestResult executionId="eed6d054-0472-4049-a5d4-e12b8c266307" testId="975890e5-31db-7792-3d04-27c8681a570d" testName="ReleaseStringCharacters_NoReleaseNeeded_Succeeds" computerName="ICSWS068" duration="00:00:00.0003612" startTime="2016-08-04T09:56:15.4912792+02:00" endTime="2016-08-04T09:56:15.4927806+02:00" testType="13cdc9d9-ddb5-4fa4-a97d-d965ccfc6d4b" outcome="Passed" testListId="8c84fa94-04c1-424b-9868-57a2d4851a1d" relativeResultsDirectory="eed6d054-0472-4049-a5d4-e12b8c266307" />
    <UnitTestResult executionId="4f34d4b4-6c15-4c5e-8835-ad1daedca57c" testId="edf68c94-a5ec-b730-9778-44078c572537" testName="ReleaseStringCharacters_StringChars_Succeeds" computerName="ICSWS068" duration="00:00:00.0001387" startTime="2016-08-04T09:56:15.4952820+02:00" endTime="2016-08-04T09:56:15.4962829+02:00" testType="13cdc9d9-ddb5-4fa4-a97d-d965ccfc6d4b" outcome="Passed" testListId="8c84fa94-04c1-424b-9868-57a2d4851a1d" relativeResultsDirectory="4f34d4b4-6c15-4c5e-8835-ad1daedca57c" />
    <UnitTestResult executionId="042983e6-1c3d-4c24-8ee2-8ebd951fa8cc" testId="e55229e1-343f-2a9f-baea-eff8d15abefc" testName="ReleaseStringCharacters_ReleaseChars_Succeeds" computerName="ICSWS068" duration="00:00:00.0001911" startTime="2016-08-04T09:56:15.4982837+02:00" endTime="2016-08-04T09:56:15.4997852+02:00" testType="13cdc9d9-ddb5-4fa4-a97d-d965ccfc6d4b" outcome="Passed" testListId="8c84fa94-04c1-424b-9868-57a2d4851a1d" relativeResultsDirectory="042983e6-1c3d-4c24-8ee2-8ebd951fa8cc" />
    <UnitTestResult executionId="bdc4cfe5-fac7-4805-bc00-245c3baae100" testId="f5b77f69-6919-fa03-cd56-5fe96735515a" testName="ReleaseStringCharacters_ReleaseCharsAndStringChars_Succeeds" computerName="ICSWS068" duration="00:00:00.0001727" startTime="2016-08-04T09:56:15.5027869+02:00" endTime="2016-08-04T09:56:15.5042886+02:00" testType="13cdc9d9-ddb5-4fa4-a97d-d965ccfc6d4b" outcome="Passed" testListId="8c84fa94-04c1-424b-9868-57a2d4851a1d" relativeResultsDirectory="bdc4cfe5-fac7-4805-bc00-245c3baae100" />
    <UnitTestResult executionId="7ce3f012-8ac5-4742-94f7-14cd968b64d0" testId="dc442020-b99c-8546-d90c-04ee3ba42205" testName="GetNextIntegerSuffixedValue_ArgumentValueIsNotSuffixed_ResultIsSuffixedWithTwo" computerName="ICSWS068" duration="00:00:00.0035650" startTime="2016-08-04T09:56:15.5067909+02:00" endTime="2016-08-04T09:56:15.5112932+02:00" testType="13cdc9d9-ddb5-4fa4-a97d-d965ccfc6d4b" outcome="Passed" testListId="8c84fa94-04c1-424b-9868-57a2d4851a1d" relativeResultsDirectory="7ce3f012-8ac5-4742-94f7-14cd968b64d0" />
    <UnitTestResult executionId="25d66016-2f3d-4d0d-9d23-ad27f43bf2b1" testId="7d59e641-832c-2363-bfa6-6dbb7d6f87df" testName="GetNextIntegerSuffixedValue_ArgumentValueIsIntegerSuffixed_ResultIsSuffixedWithNextIntegerValue" computerName="ICSWS068" duration="00:00:00.0002756" startTime="2016-08-04T09:56:15.5137949+02:00" endTime="2016-08-04T09:56:15.5152961+02:00" testType="13cdc9d9-ddb5-4fa4-a97d-d965ccfc6d4b" outcome="Passed" testListId="8c84fa94-04c1-424b-9868-57a2d4851a1d" relativeResultsDirectory="25d66016-2f3d-4d0d-9d23-ad27f43bf2b1" />
    <UnitTestResult executionId="fa50ff06-3fd5-48cd-b354-a20ec234742e" testId="244491c1-5d65-7e1c-fc55-c1b2eb8b4a5f" testName="GetNextIntegerSuffixedValue_ArgumentFuncIsNull_ResultIsSuffixedWithNextIntegerValue" computerName="ICSWS068" duration="00:00:00.0001689" startTime="2016-08-04T09:56:15.5187989+02:00" endTime="2016-08-04T09:56:15.5202995+02:00" testType="13cdc9d9-ddb5-4fa4-a97d-d965ccfc6d4b" outcome="Passed" testListId="8c84fa94-04c1-424b-9868-57a2d4851a1d" relativeResultsDirectory="fa50ff06-3fd5-48cd-b354-a20ec234742e" />
    <UnitTestResult executionId="a51550b7-a973-4623-946d-06272a5416b1" testId="f4efaebc-7e9c-7f81-4fc6-a4f90c2b264f" testName="GetNextIntegerSuffixedValue_NextValuesAlreadyExists_ResultIsSuffixedWithNextAvailableIntegerValue" computerName="ICSWS068" duration="00:00:00.0003955" startTime="2016-08-04T09:56:15.5228018+02:00" endTime="2016-08-04T09:56:15.5243044+02:00" testType="13cdc9d9-ddb5-4fa4-a97d-d965ccfc6d4b" outcome="Passed" testListId="8c84fa94-04c1-424b-9868-57a2d4851a1d" relativeResultsDirectory="a51550b7-a973-4623-946d-06272a5416b1" />
    <UnitTestResult executionId="65ab628a-4b07-4dfc-be55-4967b24737d5" testId="902a703a-ce37-8f09-b9c0-6fc9ba2e736e" testName="GetNextIntegerSuffixedValue_ArgumentFuncThrows_Throws" computerName="ICSWS068" duration="00:00:00.0006070" startTime="2016-08-04T09:56:15.5268044+02:00" endTime="2016-08-04T09:56:15.5288073+02:00" testType="13cdc9d9-ddb5-4fa4-a97d-d965ccfc6d4b" outcome="Passed" testListId="8c84fa94-04c1-424b-9868-57a2d4851a1d" relativeResultsDirectory="65ab628a-4b07-4dfc-be55-4967b24737d5" />
    <UnitTestResult executionId="60f12f8d-03e1-406e-9c4d-a56016b04166" testId="afee2aa8-b35f-f1d7-909f-9d68d4e12bcc" testName="GetNextIntegerSuffixedValue_ArgumentValuesSuffixIsUInt64Max_ThrowsOverflowException" computerName="ICSWS068" duration="00:00:00.0006504" startTime="2016-08-04T09:56:15.5313084+02:00" endTime="2016-08-04T09:56:15.5333148+02:00" testType="13cdc9d9-ddb5-4fa4-a97d-d965ccfc6d4b" outcome="Passed" testListId="8c84fa94-04c1-424b-9868-57a2d4851a1d" relativeResultsDirectory="60f12f8d-03e1-406e-9c4d-a56016b04166" />
    <UnitTestResult executionId="98fcb215-2680-4002-a9bf-79fa70a0aad2" testId="7312ddc3-6e8d-cb06-b59e-ffaf3a1a8e83" testName="GetNextIntegerSuffixedValue_ArgumentValuesIsNull_ThrowsOverflowException" computerName="ICSWS068" duration="00:00:00.0005621" startTime="2016-08-04T09:56:15.5358151+02:00" endTime="2016-08-04T09:56:15.5378320+02:00" testType="13cdc9d9-ddb5-4fa4-a97d-d965ccfc6d4b" outcome="Passed" testListId="8c84fa94-04c1-424b-9868-57a2d4851a1d" relativeResultsDirectory="98fcb215-2680-4002-a9bf-79fa70a0aad2" />
    <UnitTestResult executionId="20254458-f507-4a98-86e0-7cbf571ebdb1" testId="ca98eac0-a8d6-7ac0-f66f-411b005349d4" testName="GetNextIntegerSuffixedValue_ArgumentValuesIsEmpty_ThrowsOverflowException" computerName="ICSWS068" duration="00:00:00.0006014" startTime="2016-08-04T09:56:15.5403194+02:00" endTime="2016-08-04T09:56:15.5423390+02:00" testType="13cdc9d9-ddb5-4fa4-a97d-d965ccfc6d4b" outcome="Passed" testListId="8c84fa94-04c1-424b-9868-57a2d4851a1d" relativeResultsDirectory="20254458-f507-4a98-86e0-7cbf571ebdb1" />
    <UnitTestResult executionId="e25207f2-2a74-4106-b567-ad4f58c04d64" testId="5c21bd83-cf2e-acf5-f640-695cad3d33b2" testName="GetNextIntegerSuffixedValue_ArgumentValuesIsWhiteSpace_ThrowsOverflowException" computerName="ICSWS068" duration="00:00:00.0005451" startTime="2016-08-04T09:56:15.5453260+02:00" endTime="2016-08-04T09:56:15.5468427+02:00" testType="13cdc9d9-ddb5-4fa4-a97d-d965ccfc6d4b" outcome="Passed" testListId="8c84fa94-04c1-424b-9868-57a2d4851a1d" relativeResultsDirectory="e25207f2-2a74-4106-b567-ad4f58c04d64" />
    <UnitTestResult executionId="b42d15ae-7b1f-4f15-8ad7-70b9dabab3de" testId="eda22834-9396-4633-4d26-b2fa33e6800e" testName="GetNextIntegerSuffixedValue_ArgumentValuesIsNumericsOnly_ResultIsNextNumericOnlyValue" computerName="ICSWS068" duration="00:00:00.0002838" startTime="2016-08-04T09:56:15.5488445+02:00" endTime="2016-08-04T09:56:15.5503301+02:00" testType="13cdc9d9-ddb5-4fa4-a97d-d965ccfc6d4b" outcome="Passed" testListId="8c84fa94-04c1-424b-9868-57a2d4851a1d" relativeResultsDirectory="b42d15ae-7b1f-4f15-8ad7-70b9dabab3de" />
    <UnitTestResult executionId="e9f7d4ed-e15c-4d38-83d2-0dab631aae0a" testId="299800e5-2cfa-e0f4-c639-615d9f28793f" testName="GetTicksPerUnit_UnitIsms_ReturnsTicksPerMillisecond" computerName="ICSWS068" duration="00:00:00.0004360" startTime="2016-08-04T09:56:15.5528312+02:00" endTime="2016-08-04T09:56:15.5543488+02:00" testType="13cdc9d9-ddb5-4fa4-a97d-d965ccfc6d4b" outcome="Passed" testListId="8c84fa94-04c1-424b-9868-57a2d4851a1d" relativeResultsDirectory="e9f7d4ed-e15c-4d38-83d2-0dab631aae0a" />
    <UnitTestResult executionId="775a3c3e-e8af-4c97-bd77-9ce7c3d28085" testId="148fc3fb-6338-5912-75bc-8b1b122b40f0" testName="GetTicksPerUnit_UnitIss_ReturnsTicksPerSecond" computerName="ICSWS068" duration="00:00:00.0001495" startTime="2016-08-04T09:56:15.5573346+02:00" endTime="2016-08-04T09:56:15.5583346+02:00" testType="13cdc9d9-ddb5-4fa4-a97d-d965ccfc6d4b" outcome="Passed" testListId="8c84fa94-04c1-424b-9868-57a2d4851a1d" relativeResultsDirectory="775a3c3e-e8af-4c97-bd77-9ce7c3d28085" />
    <UnitTestResult executionId="e506421f-9d74-4ad4-bc0a-357b600aceb2" testId="0f30872d-3b5e-d4f3-dd8f-18ecb264eccb" testName="GetTicksPerUnit_UnitIsm_ReturnsTicksPerMinute" computerName="ICSWS068" duration="00:00:00.0001653" startTime="2016-08-04T09:56:15.5608519+02:00" endTime="2016-08-04T09:56:15.5628586+02:00" testType="13cdc9d9-ddb5-4fa4-a97d-d965ccfc6d4b" outcome="Passed" testListId="8c84fa94-04c1-424b-9868-57a2d4851a1d" relativeResultsDirectory="e506421f-9d74-4ad4-bc0a-357b600aceb2" />
    <UnitTestResult executionId="bc118b0d-1bf0-4a82-a70e-c2e41826a831" testId="4311a973-fec4-b643-81c4-2b4a36c3350e" testName="GetTicksPerUnit_UnitIsh_ReturnsTicksPerHour" computerName="ICSWS068" duration="00:00:00.0001812" startTime="2016-08-04T09:56:15.5653424+02:00" endTime="2016-08-04T09:56:15.5668433+02:00" testType="13cdc9d9-ddb5-4fa4-a97d-d965ccfc6d4b" outcome="Passed" testListId="8c84fa94-04c1-424b-9868-57a2d4851a1d" relativeResultsDirectory="bc118b0d-1bf0-4a82-a70e-c2e41826a831" />
    <UnitTestResult executionId="f00ac054-e271-4460-a28d-442481977220" testId="d170a57f-e2bc-d2fb-3b80-2f4b091b9ac8" testName="GetTicksPerUnit_UnitIsd_ReturnsTicksPerDay" computerName="ICSWS068" duration="00:00:00.0001378" startTime="2016-08-04T09:56:15.5693453+02:00" endTime="2016-08-04T09:56:15.5708620+02:00" testType="13cdc9d9-ddb5-4fa4-a97d-d965ccfc6d4b" outcome="Passed" testListId="8c84fa94-04c1-424b-9868-57a2d4851a1d" relativeResultsDirectory="f00ac054-e271-4460-a28d-442481977220" />
    <UnitTestResult executionId="f3f1e755-c812-4837-92b8-391bf5de10a4" testId="d3bb0b54-0f55-f922-ca35-49317e50e936" testName="GetTicksPerUnit_NotImplementedEnum_Throws" computerName="ICSWS068" duration="00:00:00.0006231" startTime="2016-08-04T09:56:15.5738525+02:00" endTime="2016-08-04T09:56:15.5753537+02:00" testType="13cdc9d9-ddb5-4fa4-a97d-d965ccfc6d4b" outcome="Passed" testListId="8c84fa94-04c1-424b-9868-57a2d4851a1d" relativeResultsDirectory="f3f1e755-c812-4837-92b8-391bf5de10a4" />
    <UnitTestResult executionId="7b9cdf8c-dd6f-4a36-aac3-249e17751b23" testId="f71b43fa-e0c9-4281-c8c5-254fb708d7c0" testName="GetTicksPerUnit_AllAvailableEnumValuesSupplied_EachSucceeds" computerName="ICSWS068" duration="00:00:00.0005304" startTime="2016-08-04T09:56:15.5778542+02:00" endTime="2016-08-04T09:56:15.5793712+02:00" testType="13cdc9d9-ddb5-4fa4-a97d-d965ccfc6d4b" outcome="Passed" testListId="8c84fa94-04c1-424b-9868-57a2d4851a1d" relativeResultsDirectory="7b9cdf8c-dd6f-4a36-aac3-249e17751b23" />
    <UnitTestResult executionId="b1663db6-c842-4efd-b7ab-39df1330e4e4" testId="bd4e1ed7-4d74-0073-54b6-9057edf998f5" testName="GetTimeUnitString_UnitIsms_ReturnsMillisecondText" computerName="ICSWS068" duration="00:00:00.0004929" startTime="2016-08-04T09:56:15.5818594+02:00" endTime="2016-08-04T09:56:15.5838626+02:00" testType="13cdc9d9-ddb5-4fa4-a97d-d965ccfc6d4b" outcome="Passed" testListId="8c84fa94-04c1-424b-9868-57a2d4851a1d" relativeResultsDirectory="b1663db6-c842-4efd-b7ab-39df1330e4e4" />
    <UnitTestResult executionId="cb65d268-6a73-4f71-b65d-750ed7e6bcec" testId="a59c915c-3e09-54ae-fc45-8b07373cfacb" testName="GetTimeUnitString_UnitIss_ReturnsSecondsText" computerName="ICSWS068" duration="00:00:00.0001527" startTime="2016-08-04T09:56:15.5863644+02:00" endTime="2016-08-04T09:56:15.5878661+02:00" testType="13cdc9d9-ddb5-4fa4-a97d-d965ccfc6d4b" outcome="Passed" testListId="8c84fa94-04c1-424b-9868-57a2d4851a1d" relativeResultsDirectory="cb65d268-6a73-4f71-b65d-750ed7e6bcec" />
    <UnitTestResult executionId="6b86956c-9b22-4ee9-b7b4-8344357d9690" testId="ee45d335-5084-4bd0-e200-e07aa9e62dfa" testName="GetTimeUnitString_UnitIsm_ReturnsMinutesText" computerName="ICSWS068" duration="00:00:00.0001266" startTime="2016-08-04T09:56:15.5903687+02:00" endTime="2016-08-04T09:56:15.5918698+02:00" testType="13cdc9d9-ddb5-4fa4-a97d-d965ccfc6d4b" outcome="Passed" testListId="8c84fa94-04c1-424b-9868-57a2d4851a1d" relativeResultsDirectory="6b86956c-9b22-4ee9-b7b4-8344357d9690" />
    <UnitTestResult executionId="67d6cb02-e17f-4877-bb2e-0bec0480fd57" testId="52b11396-80f1-2587-fe78-fa92de53d036" testName="GetTimeUnitString_UnitIsmh_ReturnsHoursText" computerName="ICSWS068" duration="00:00:00.0001214" startTime="2016-08-04T09:56:15.5939604+02:00" endTime="2016-08-04T09:56:15.5949754+02:00" testType="13cdc9d9-ddb5-4fa4-a97d-d965ccfc6d4b" outcome="Passed" testListId="8c84fa94-04c1-424b-9868-57a2d4851a1d" relativeResultsDirectory="67d6cb02-e17f-4877-bb2e-0bec0480fd57" />
    <UnitTestResult executionId="e2fff09c-e92d-4720-af0c-afa1da92441a" testId="1bf25aed-2378-9be8-f551-a7e7c7d4218f" testName="GetTimeUnitString_UnitIsd_ReturnsDaysText" computerName="ICSWS068" duration="00:00:00.0001334" startTime="2016-08-04T09:56:15.5969777+02:00" endTime="2016-08-04T09:56:15.5984800+02:00" testType="13cdc9d9-ddb5-4fa4-a97d-d965ccfc6d4b" outcome="Passed" testListId="8c84fa94-04c1-424b-9868-57a2d4851a1d" relativeResultsDirectory="e2fff09c-e92d-4720-af0c-afa1da92441a" />
    <UnitTestResult executionId="ead6c7ce-27b0-4afa-aff5-76114498799d" testId="2760a526-05f0-7b39-198f-217a26f4b3c6" testName="GetTimeUnitString_NotImplementedEnum_ThrowsException" computerName="ICSWS068" duration="00:00:00.0006023" startTime="2016-08-04T09:56:15.6014653+02:00" endTime="2016-08-04T09:56:15.6034667+02:00" testType="13cdc9d9-ddb5-4fa4-a97d-d965ccfc6d4b" outcome="Passed" testListId="8c84fa94-04c1-424b-9868-57a2d4851a1d" relativeResultsDirectory="ead6c7ce-27b0-4afa-aff5-76114498799d" />
    <UnitTestResult executionId="02bf4a15-1d54-47d0-bb73-1510bf6a3ecb" testId="93df8627-ddce-4309-0af7-fa854a9defeb" testName="GetTimeUnitString_AllAvailableEnumValuesSupplied_EachSucceeds" computerName="ICSWS068" duration="00:00:00.0002316" startTime="2016-08-04T09:56:15.6064681+02:00" endTime="2016-08-04T09:56:15.6079707+02:00" testType="13cdc9d9-ddb5-4fa4-a97d-d965ccfc6d4b" outcome="Passed" testListId="8c84fa94-04c1-424b-9868-57a2d4851a1d" relativeResultsDirectory="02bf4a15-1d54-47d0-bb73-1510bf6a3ecb" />
    <UnitTestResult executionId="b0c4784a-fb18-47d4-bc8e-7a194909db1b" testId="be164978-57ce-4794-b264-04b573233f76" testName="TestEmailValidator (Data Row 0)" computerName="ICSWS068" duration="00:00:00.0013665" startTime="2016-08-04T07:56:15.6149944+02:00" endTime="2016-08-04T07:56:15.6164782+02:00" testType="13cdc9d9-ddb5-4fa4-a97d-d965ccfc6d4b" outcome="Passed" testListId="8c84fa94-04c1-424b-9868-57a2d4851a1d" relativeResultsDirectory="b0c4784a-fb18-47d4-bc8e-7a194909db1b" />
    <UnitTestResult executionId="d9cac27f-eb7f-4dae-b127-b0a5bf403ec9" testId="330d819f-b93e-4d2a-a2ca-09b7fa3da664" testName="TestEmailValidator (Data Row 1)" computerName="ICSWS068" duration="00:00:00.0000158" startTime="2016-08-04T07:56:15.6164782+02:00" endTime="2016-08-04T07:56:15.6164782+02:00" testType="13cdc9d9-ddb5-4fa4-a97d-d965ccfc6d4b" outcome="Passed" testListId="8c84fa94-04c1-424b-9868-57a2d4851a1d" relativeResultsDirectory="d9cac27f-eb7f-4dae-b127-b0a5bf403ec9" />
    <UnitTestResult executionId="ab057bf9-06be-4eb2-a41f-1aab88173eaa" testId="8e4e9cb4-1971-4dd4-8349-7a028366a1f1" testName="TestEmailValidator (Data Row 2)" computerName="ICSWS068" duration="00:00:00.0000085" startTime="2016-08-04T07:56:15.6164782+02:00" endTime="2016-08-04T07:56:15.6164782+02:00" testType="13cdc9d9-ddb5-4fa4-a97d-d965ccfc6d4b" outcome="Passed" testListId="8c84fa94-04c1-424b-9868-57a2d4851a1d" relativeResultsDirectory="ab057bf9-06be-4eb2-a41f-1aab88173eaa" />
    <UnitTestResult executionId="70606a5a-cb22-404a-ae53-0dfb83e5ae84" testId="ed6aad92-bb53-4bf1-93ee-1e3033279ce5" testName="TestEmailValidator (Data Row 3)" computerName="ICSWS068" duration="00:00:00.0000087" startTime="2016-08-04T07:56:15.6164782+02:00" endTime="2016-08-04T07:56:15.6164782+02:00" testType="13cdc9d9-ddb5-4fa4-a97d-d965ccfc6d4b" outcome="Passed" testListId="8c84fa94-04c1-424b-9868-57a2d4851a1d" relativeResultsDirectory="70606a5a-cb22-404a-ae53-0dfb83e5ae84" />
    <UnitTestResult executionId="8732a8d2-f02a-468a-8be8-b5e8f63f0fcb" testId="9a4aae0a-2ea6-4aef-a456-260d05670254" testName="TestEmailValidator (Data Row 4)" computerName="ICSWS068" duration="00:00:00.0000126" startTime="2016-08-04T07:56:15.6164782+02:00" endTime="2016-08-04T07:56:15.6164782+02:00" testType="13cdc9d9-ddb5-4fa4-a97d-d965ccfc6d4b" outcome="Passed" testListId="8c84fa94-04c1-424b-9868-57a2d4851a1d" relativeResultsDirectory="8732a8d2-f02a-468a-8be8-b5e8f63f0fcb" />
    <UnitTestResult executionId="3fc821fe-1231-4d68-b2e5-a13ffc3412b4" testId="b68bee60-a604-4c42-a3a9-46d406652a2c" testName="TestEmailValidator (Data Row 5)" computerName="ICSWS068" duration="00:00:00.0000090" startTime="2016-08-04T07:56:15.6164782+02:00" endTime="2016-08-04T07:56:15.6164782+02:00" testType="13cdc9d9-ddb5-4fa4-a97d-d965ccfc6d4b" outcome="Passed" testListId="8c84fa94-04c1-424b-9868-57a2d4851a1d" relativeResultsDirectory="3fc821fe-1231-4d68-b2e5-a13ffc3412b4" />
    <UnitTestResult executionId="b300fd23-d82d-4801-b57d-d326eaf3665a" testId="9daaef62-1092-434a-bfe9-b5830b85be45" testName="TestEmailValidator (Data Row 6)" computerName="ICSWS068" duration="00:00:00.0000076" startTime="2016-08-04T07:56:15.6164782+02:00" endTime="2016-08-04T07:56:15.6164782+02:00" testType="13cdc9d9-ddb5-4fa4-a97d-d965ccfc6d4b" outcome="Passed" testListId="8c84fa94-04c1-424b-9868-57a2d4851a1d" relativeResultsDirectory="b300fd23-d82d-4801-b57d-d326eaf3665a" />
    <UnitTestResult executionId="52d70284-fd91-4fe6-87ee-070257700f1c" testId="8de504d8-671f-4357-b0d7-af2a318c7b07" testName="TestEmailValidator (Data Row 7)" computerName="ICSWS068" duration="00:00:00.0000090" startTime="2016-08-04T07:56:15.6164782+02:00" endTime="2016-08-04T07:56:15.6164782+02:00" testType="13cdc9d9-ddb5-4fa4-a97d-d965ccfc6d4b" outcome="Passed" testListId="8c84fa94-04c1-424b-9868-57a2d4851a1d" relativeResultsDirectory="52d70284-fd91-4fe6-87ee-070257700f1c" />
    <UnitTestResult executionId="132cff6a-3339-40ce-8ff6-6741132a22ce" testId="f2546eb4-d470-4365-9dbc-36457f5499ab" testName="TestEmailValidator (Data Row 8)" computerName="ICSWS068" duration="00:00:00.0000076" startTime="2016-08-04T07:56:15.6164782+02:00" endTime="2016-08-04T07:56:15.6164782+02:00" testType="13cdc9d9-ddb5-4fa4-a97d-d965ccfc6d4b" outcome="Passed" testListId="8c84fa94-04c1-424b-9868-57a2d4851a1d" relativeResultsDirectory="132cff6a-3339-40ce-8ff6-6741132a22ce" />
    <UnitTestResult executionId="c073aa15-43e7-4172-a1d9-3291f8038cac" testId="a3f6ff6a-e09a-4fd3-9581-34b5af7cbab2" testName="TestEmailValidator (Data Row 9)" computerName="ICSWS068" duration="00:00:00.0000073" startTime="2016-08-04T07:56:15.6164782+02:00" endTime="2016-08-04T07:56:15.6164782+02:00" testType="13cdc9d9-ddb5-4fa4-a97d-d965ccfc6d4b" outcome="Passed" testListId="8c84fa94-04c1-424b-9868-57a2d4851a1d" relativeResultsDirectory="c073aa15-43e7-4172-a1d9-3291f8038cac" />
    <UnitTestResult executionId="90220783-52bf-4953-b5ad-b3bee1307464" testId="437b640e-1504-4d52-aacd-a390debec285" testName="TestEmailValidator (Data Row 10)" computerName="ICSWS068" duration="00:00:00.0005970" startTime="2016-08-04T07:56:15.6164782+02:00" endTime="2016-08-04T07:56:15.6169782+02:00" testType="13cdc9d9-ddb5-4fa4-a97d-d965ccfc6d4b" outcome="Passed" testListId="8c84fa94-04c1-424b-9868-57a2d4851a1d" relativeResultsDirectory="90220783-52bf-4953-b5ad-b3bee1307464" />
    <UnitTestResult executionId="bd2af0d9-d58f-472f-8280-e7606543aa4f" testId="a3908264-95e4-4ec1-acfb-fdfae3e39f82" testName="TestEmailValidator (Data Row 11)" computerName="ICSWS068" duration="00:00:00.0001002" startTime="2016-08-04T07:56:15.6169782+02:00" endTime="2016-08-04T07:56:15.6174943+02:00" testType="13cdc9d9-ddb5-4fa4-a97d-d965ccfc6d4b" outcome="Passed" testListId="8c84fa94-04c1-424b-9868-57a2d4851a1d" relativeResultsDirectory="bd2af0d9-d58f-472f-8280-e7606543aa4f" />
    <UnitTestResult executionId="614fe22b-f3f6-4682-89c5-77a4e31d2672" testId="e822cd9f-af1f-4a00-a5e7-e69898f5810a" testName="TestEmailValidator (Data Row 12)" computerName="ICSWS068" duration="00:00:00.0000856" startTime="2016-08-04T07:56:15.6174943+02:00" endTime="2016-08-04T07:56:15.6174943+02:00" testType="13cdc9d9-ddb5-4fa4-a97d-d965ccfc6d4b" outcome="Passed" testListId="8c84fa94-04c1-424b-9868-57a2d4851a1d" relativeResultsDirectory="614fe22b-f3f6-4682-89c5-77a4e31d2672" />
    <UnitTestResult executionId="6cc0ecf7-4477-46fe-8fc4-7bfc89b25df2" testId="488da017-93f3-4422-953c-46f52ebf0cca" testName="TestEmailValidator (Data Row 13)" computerName="ICSWS068" duration="00:00:00.0000287" startTime="2016-08-04T07:56:15.6174943+02:00" endTime="2016-08-04T07:56:15.6174943+02:00" testType="13cdc9d9-ddb5-4fa4-a97d-d965ccfc6d4b" outcome="Passed" testListId="8c84fa94-04c1-424b-9868-57a2d4851a1d" relativeResultsDirectory="6cc0ecf7-4477-46fe-8fc4-7bfc89b25df2" />
    <UnitTestResult executionId="4a816590-ec4b-437e-9265-15f46a13d339" testId="1b4406b3-e895-4e24-a19f-f08f571124bb" testName="TestEmailValidator (Data Row 14)" computerName="ICSWS068" duration="00:00:00.0000093" startTime="2016-08-04T07:56:15.6174943+02:00" endTime="2016-08-04T07:56:15.6174943+02:00" testType="13cdc9d9-ddb5-4fa4-a97d-d965ccfc6d4b" outcome="Passed" testListId="8c84fa94-04c1-424b-9868-57a2d4851a1d" relativeResultsDirectory="4a816590-ec4b-437e-9265-15f46a13d339" />
    <UnitTestResult executionId="b312ba44-bdd4-4f91-95cf-a142ce57c9e1" testId="366ad2bc-8c7f-45ee-bde7-0ab90f477d0b" testName="TestEmailValidator (Data Row 15)" computerName="ICSWS068" duration="00:00:00.0000826" startTime="2016-08-04T07:56:15.6174943+02:00" endTime="2016-08-04T07:56:15.6174943+02:00" testType="13cdc9d9-ddb5-4fa4-a97d-d965ccfc6d4b" outcome="Passed" testListId="8c84fa94-04c1-424b-9868-57a2d4851a1d" relativeResultsDirectory="b312ba44-bdd4-4f91-95cf-a142ce57c9e1" />
    <UnitTestResult executionId="2e163920-5c1c-4ade-946b-b5dc548d9d02" testId="1549dfc5-e355-4fb1-bc8b-fd25e396828a" testName="TestEmailValidator (Data Row 16)" computerName="ICSWS068" duration="00:00:00.0000111" startTime="2016-08-04T07:56:15.6174943+02:00" endTime="2016-08-04T07:56:15.6174943+02:00" testType="13cdc9d9-ddb5-4fa4-a97d-d965ccfc6d4b" outcome="Passed" testListId="8c84fa94-04c1-424b-9868-57a2d4851a1d" relativeResultsDirectory="2e163920-5c1c-4ade-946b-b5dc548d9d02" />
    <UnitTestResult executionId="9a5b5f22-bb76-4ce4-b8a1-72522f5c4981" testId="dd867f10-5cb0-40ed-a7f8-a3b28041145d" testName="TestEmailValidator (Data Row 17)" computerName="ICSWS068" duration="00:00:00.0000093" startTime="2016-08-04T07:56:15.6174943+02:00" endTime="2016-08-04T07:56:15.6174943+02:00" testType="13cdc9d9-ddb5-4fa4-a97d-d965ccfc6d4b" outcome="Passed" testListId="8c84fa94-04c1-424b-9868-57a2d4851a1d" relativeResultsDirectory="9a5b5f22-bb76-4ce4-b8a1-72522f5c4981" />
    <UnitTestResult executionId="20586b7b-a87d-4a9d-ac80-8ff73ced6caf" testId="f261c55b-a5d6-4e37-8fde-7bd6cdb449f1" testName="TestEmailValidator (Data Row 18)" computerName="ICSWS068" duration="00:00:00.0000076" startTime="2016-08-04T07:56:15.6174943+02:00" endTime="2016-08-04T07:56:15.6174943+02:00" testType="13cdc9d9-ddb5-4fa4-a97d-d965ccfc6d4b" outcome="Passed" testListId="8c84fa94-04c1-424b-9868-57a2d4851a1d" relativeResultsDirectory="20586b7b-a87d-4a9d-ac80-8ff73ced6caf" />
    <UnitTestResult executionId="fcf59ef3-85bd-4ab6-a6d8-b2e8da36820f" testId="22f9cdcd-54a1-4c8c-b314-e59a9313372f" testName="TestEmailValidator (Data Row 19)" computerName="ICSWS068" duration="00:00:00.0000073" startTime="2016-08-04T07:56:15.6174943+02:00" endTime="2016-08-04T07:56:15.6174943+02:00" testType="13cdc9d9-ddb5-4fa4-a97d-d965ccfc6d4b" outcome="Passed" testListId="8c84fa94-04c1-424b-9868-57a2d4851a1d" relativeResultsDirectory="fcf59ef3-85bd-4ab6-a6d8-b2e8da36820f" />
    <UnitTestResult executionId="ceff3b79-3723-47cd-9011-e6d385c24476" testId="cc414243-c23a-475a-afce-8580334fb914" testName="TestEmailValidator (Data Row 20)" computerName="ICSWS068" duration="00:00:00.0002821" startTime="2016-08-04T07:56:15.6174943+02:00" endTime="2016-08-04T07:56:15.6179964+02:00" testType="13cdc9d9-ddb5-4fa4-a97d-d965ccfc6d4b" outcome="Passed" testListId="8c84fa94-04c1-424b-9868-57a2d4851a1d" relativeResultsDirectory="ceff3b79-3723-47cd-9011-e6d385c24476" />
    <UnitTestResult executionId="837fdf0c-c776-48f3-b626-aad26c9b318a" testId="16452095-c5cf-4cbc-a1d0-1b0fcc60f147" testName="TestEmailValidator (Data Row 21)" computerName="ICSWS068" duration="00:00:00.0001032" startTime="2016-08-04T07:56:15.6179964+02:00" endTime="2016-08-04T07:56:15.6179964+02:00" testType="13cdc9d9-ddb5-4fa4-a97d-d965ccfc6d4b" outcome="Passed" testListId="8c84fa94-04c1-424b-9868-57a2d4851a1d" relativeResultsDirectory="837fdf0c-c776-48f3-b626-aad26c9b318a" />
    <UnitTestResult executionId="791321b8-c59e-4259-8ef7-d3130714db6c" testId="c308cfcd-777c-4846-8e56-772c386724d4" testName="TestEmailValidator (Data Row 22)" computerName="ICSWS068" duration="00:00:00.0000885" startTime="2016-08-04T07:56:15.6179964+02:00" endTime="2016-08-04T07:56:15.6179964+02:00" testType="13cdc9d9-ddb5-4fa4-a97d-d965ccfc6d4b" outcome="Passed" testListId="8c84fa94-04c1-424b-9868-57a2d4851a1d" relativeResultsDirectory="791321b8-c59e-4259-8ef7-d3130714db6c" />
    <UnitTestResult executionId="d2a6038c-5c70-4081-b3e8-0cf5b52813df" testId="dc8e5d04-78d1-4dff-9be7-961965aed11a" testName="TestEmailValidator (Data Row 23)" computerName="ICSWS068" duration="00:00:00.0000856" startTime="2016-08-04T07:56:15.6179964+02:00" endTime="2016-08-04T07:56:15.6184964+02:00" testType="13cdc9d9-ddb5-4fa4-a97d-d965ccfc6d4b" outcome="Passed" testListId="8c84fa94-04c1-424b-9868-57a2d4851a1d" relativeResultsDirectory="d2a6038c-5c70-4081-b3e8-0cf5b52813df" />
    <UnitTestResult executionId="4d25e24a-1c6b-485b-bb06-5ec5b9663a62" testId="b6dcb971-fa79-40fa-83f9-aaab1ad7405f" testName="TestEmailValidator (Data Row 24)" computerName="ICSWS068" duration="00:00:00.0000137" startTime="2016-08-04T07:56:15.6184964+02:00" endTime="2016-08-04T07:56:15.6184964+02:00" testType="13cdc9d9-ddb5-4fa4-a97d-d965ccfc6d4b" outcome="Passed" testListId="8c84fa94-04c1-424b-9868-57a2d4851a1d" relativeResultsDirectory="4d25e24a-1c6b-485b-bb06-5ec5b9663a62" />
    <UnitTestResult executionId="607ff187-263b-409d-b8df-5472e109e14c" testId="73433a79-ec50-4d1d-9d0a-12e9aff18f79" testName="TestEmailValidator (Data Row 25)" computerName="ICSWS068" duration="00:00:00.0000085" startTime="2016-08-04T07:56:15.6184964+02:00" endTime="2016-08-04T07:56:15.6184964+02:00" testType="13cdc9d9-ddb5-4fa4-a97d-d965ccfc6d4b" outcome="Passed" testListId="8c84fa94-04c1-424b-9868-57a2d4851a1d" relativeResultsDirectory="607ff187-263b-409d-b8df-5472e109e14c" />
    <UnitTestResult executionId="d06b3855-9397-4c92-bac3-832437293cc6" testId="00e050c2-a069-4268-b45c-1ca54b4d182a" testName="TestEmailValidator (Data Row 26)" computerName="ICSWS068" duration="00:00:00.0000079" startTime="2016-08-04T07:56:15.6184964+02:00" endTime="2016-08-04T07:56:15.6184964+02:00" testType="13cdc9d9-ddb5-4fa4-a97d-d965ccfc6d4b" outcome="Passed" testListId="8c84fa94-04c1-424b-9868-57a2d4851a1d" relativeResultsDirectory="d06b3855-9397-4c92-bac3-832437293cc6" />
    <UnitTestResult executionId="af486589-7d9c-4d6b-b504-f15b7da6fdc9" testId="08a1a826-9eee-4022-a386-48c1848c40e5" testName="TestEmailValidator (Data Row 27)" computerName="ICSWS068" duration="00:00:00.0000076" startTime="2016-08-04T07:56:15.6184964+02:00" endTime="2016-08-04T07:56:15.6184964+02:00" testType="13cdc9d9-ddb5-4fa4-a97d-d965ccfc6d4b" outcome="Passed" testListId="8c84fa94-04c1-424b-9868-57a2d4851a1d" relativeResultsDirectory="af486589-7d9c-4d6b-b504-f15b7da6fdc9" />
    <UnitTestResult executionId="2789baad-4252-474d-b758-08187eb53f12" testId="468f79b7-f907-4e3d-adae-6c150310441c" testName="TestEmailValidator (Data Row 28)" computerName="ICSWS068" duration="00:00:00.0000087" startTime="2016-08-04T07:56:15.6184964+02:00" endTime="2016-08-04T07:56:15.6184964+02:00" testType="13cdc9d9-ddb5-4fa4-a97d-d965ccfc6d4b" outcome="Passed" testListId="8c84fa94-04c1-424b-9868-57a2d4851a1d" relativeResultsDirectory="2789baad-4252-474d-b758-08187eb53f12" />
    <UnitTestResult executionId="90881763-d812-4104-860b-d46ea71f1964" testId="0458b86f-4d91-4dbb-8fb2-d94c7609d7ef" testName="TestEmailValidator (Data Row 29)" computerName="ICSWS068" duration="00:00:00.0000073" startTime="2016-08-04T07:56:15.6184964+02:00" endTime="2016-08-04T07:56:15.6184964+02:00" testType="13cdc9d9-ddb5-4fa4-a97d-d965ccfc6d4b" outcome="Passed" testListId="8c84fa94-04c1-424b-9868-57a2d4851a1d" relativeResultsDirectory="90881763-d812-4104-860b-d46ea71f1964" />
    <UnitTestResult executionId="f6e0e568-fa5d-472d-956d-586889b47cc8" testId="2ee01dad-09d9-4737-acd6-f6dc6ebbb1de" testName="TestEmailValidator (Data Row 30)" computerName="ICSWS068" duration="00:00:00.0000073" startTime="2016-08-04T07:56:15.6184964+02:00" endTime="2016-08-04T07:56:15.6184964+02:00" testType="13cdc9d9-ddb5-4fa4-a97d-d965ccfc6d4b" outcome="Passed" testListId="8c84fa94-04c1-424b-9868-57a2d4851a1d" relativeResultsDirectory="f6e0e568-fa5d-472d-956d-586889b47cc8" />
    <UnitTestResult executionId="d46c6ea7-2ae9-4f8f-a024-b6335a7949a9" testId="3a2de84e-4b84-4e35-950b-8e1fb4fa32e2" testName="TestEmailValidator (Data Row 31)" computerName="ICSWS068" duration="00:00:00.0000076" startTime="2016-08-04T07:56:15.6184964+02:00" endTime="2016-08-04T07:56:15.6184964+02:00" testType="13cdc9d9-ddb5-4fa4-a97d-d965ccfc6d4b" outcome="Passed" testListId="8c84fa94-04c1-424b-9868-57a2d4851a1d" relativeResultsDirectory="d46c6ea7-2ae9-4f8f-a024-b6335a7949a9" />
    <UnitTestResult executionId="771fd1e5-a67d-4e71-b2ae-c43297279c57" testId="09aa6f6b-023b-491c-8a8a-14898e086136" testName="TestEmailValidator (Data Row 32)" computerName="ICSWS068" duration="00:00:00.0000073" startTime="2016-08-04T07:56:15.6184964+02:00" endTime="2016-08-04T07:56:15.6184964+02:00" testType="13cdc9d9-ddb5-4fa4-a97d-d965ccfc6d4b" outcome="Passed" testListId="8c84fa94-04c1-424b-9868-57a2d4851a1d" relativeResultsDirectory="771fd1e5-a67d-4e71-b2ae-c43297279c57" />
    <UnitTestResult executionId="2161247f-3553-4884-a623-22fa7bebb762" testId="822d4dc9-7592-457a-a9f0-ddf35f990330" testName="TestEmailValidator (Data Row 33)" computerName="ICSWS068" duration="00:00:00.0000073" startTime="2016-08-04T07:56:15.6184964+02:00" endTime="2016-08-04T07:56:15.6184964+02:00" testType="13cdc9d9-ddb5-4fa4-a97d-d965ccfc6d4b" outcome="Passed" testListId="8c84fa94-04c1-424b-9868-57a2d4851a1d" relativeResultsDirectory="2161247f-3553-4884-a623-22fa7bebb762" />
    <UnitTestResult executionId="01370ec6-1435-4a7d-af23-bcee643320da" testId="43aa9109-dba6-443b-a01f-2197dc2eb999" testName="TestEmailValidator (Data Row 34)" computerName="ICSWS068" duration="00:00:00.0000073" startTime="2016-08-04T07:56:15.6184964+02:00" endTime="2016-08-04T07:56:15.6184964+02:00" testType="13cdc9d9-ddb5-4fa4-a97d-d965ccfc6d4b" outcome="Passed" testListId="8c84fa94-04c1-424b-9868-57a2d4851a1d" relativeResultsDirectory="01370ec6-1435-4a7d-af23-bcee643320da" />
    <UnitTestResult executionId="7798a7f3-b5da-4adb-84f4-9827df274d54" testId="e7d92d0a-f7bd-47c8-8a84-dc94a90aab12" testName="TestEmailValidator (Data Row 35)" computerName="ICSWS068" duration="00:00:00.0000085" startTime="2016-08-04T07:56:15.6184964+02:00" endTime="2016-08-04T07:56:15.6184964+02:00" testType="13cdc9d9-ddb5-4fa4-a97d-d965ccfc6d4b" outcome="Passed" testListId="8c84fa94-04c1-424b-9868-57a2d4851a1d" relativeResultsDirectory="7798a7f3-b5da-4adb-84f4-9827df274d54" />
    <UnitTestResult executionId="d4e987e5-90d2-4cec-a6ce-2816253f5c63" testId="17c5f286-4a25-4ce9-bf88-8170e9fc4ad6" testName="TestEmailValidator (Data Row 36)" computerName="ICSWS068" duration="00:00:00.0000073" startTime="2016-08-04T07:56:15.6184964+02:00" endTime="2016-08-04T07:56:15.6184964+02:00" testType="13cdc9d9-ddb5-4fa4-a97d-d965ccfc6d4b" outcome="Passed" testListId="8c84fa94-04c1-424b-9868-57a2d4851a1d" relativeResultsDirectory="d4e987e5-90d2-4cec-a6ce-2816253f5c63" />
    <UnitTestResult executionId="94fbef0a-650d-408c-98fd-c260bab8ecc8" testId="cbf90735-10d4-4118-a061-785164c8f9bd" testName="TestEmailValidator (Data Row 37)" computerName="ICSWS068" duration="00:00:00.0000073" startTime="2016-08-04T07:56:15.6184964+02:00" endTime="2016-08-04T07:56:15.6184964+02:00" testType="13cdc9d9-ddb5-4fa4-a97d-d965ccfc6d4b" outcome="Passed" testListId="8c84fa94-04c1-424b-9868-57a2d4851a1d" relativeResultsDirectory="94fbef0a-650d-408c-98fd-c260bab8ecc8" />
    <UnitTestResult executionId="99233741-02ae-4bf3-9085-b693efa2b9b6" testId="72294c0b-56b8-4fd5-91ce-ab4a8e062a37" testName="TestEmailValidator (Data Row 38)" computerName="ICSWS068" duration="00:00:00.0000076" startTime="2016-08-04T07:56:15.6184964+02:00" endTime="2016-08-04T07:56:15.6184964+02:00" testType="13cdc9d9-ddb5-4fa4-a97d-d965ccfc6d4b" outcome="Passed" testListId="8c84fa94-04c1-424b-9868-57a2d4851a1d" relativeResultsDirectory="99233741-02ae-4bf3-9085-b693efa2b9b6" />
    <UnitTestResult executionId="51f02d3e-64d2-4880-9f57-69d0c57218ba" testId="63d74d43-98f6-4da1-a9b5-ff0191cb7e9e" testName="TestEmailValidator (Data Row 39)" computerName="ICSWS068" duration="00:00:00.0000079" startTime="2016-08-04T07:56:15.6184964+02:00" endTime="2016-08-04T07:56:15.6184964+02:00" testType="13cdc9d9-ddb5-4fa4-a97d-d965ccfc6d4b" outcome="Passed" testListId="8c84fa94-04c1-424b-9868-57a2d4851a1d" relativeResultsDirectory="51f02d3e-64d2-4880-9f57-69d0c57218ba" />
    <UnitTestResult executionId="345fdceb-b314-42a9-9598-f1bc3510f124" testId="b5025bc0-25b2-4b34-abb7-128a746d13f0" testName="TestEmailValidator (Data Row 40)" computerName="ICSWS068" duration="00:00:00.0000076" startTime="2016-08-04T07:56:15.6184964+02:00" endTime="2016-08-04T07:56:15.6184964+02:00" testType="13cdc9d9-ddb5-4fa4-a97d-d965ccfc6d4b" outcome="Passed" testListId="8c84fa94-04c1-424b-9868-57a2d4851a1d" relativeResultsDirectory="345fdceb-b314-42a9-9598-f1bc3510f124" />
    <UnitTestResult executionId="79970cac-dccd-4a66-8a0c-a399ffdf9912" testId="1cd93b08-d8bc-47b4-b467-e994c1c1a4cc" testName="TestEmailValidator (Data Row 41)" computerName="ICSWS068" duration="00:00:00.0000073" startTime="2016-08-04T07:56:15.6184964+02:00" endTime="2016-08-04T07:56:15.6184964+02:00" testType="13cdc9d9-ddb5-4fa4-a97d-d965ccfc6d4b" outcome="Passed" testListId="8c84fa94-04c1-424b-9868-57a2d4851a1d" relativeResultsDirectory="79970cac-dccd-4a66-8a0c-a399ffdf9912" />
    <UnitTestResult executionId="b4a08d73-74c9-44c9-a9bd-b0235deda1b5" testId="75074c43-b451-4ebd-9c55-290fedd7ebe5" testName="TestEmailValidator (Data Row 42)" computerName="ICSWS068" duration="00:00:00.0000082" startTime="2016-08-04T07:56:15.6184964+02:00" endTime="2016-08-04T07:56:15.6184964+02:00" testType="13cdc9d9-ddb5-4fa4-a97d-d965ccfc6d4b" outcome="Passed" testListId="8c84fa94-04c1-424b-9868-57a2d4851a1d" relativeResultsDirectory="b4a08d73-74c9-44c9-a9bd-b0235deda1b5" />
    <UnitTestResult executionId="2deee6f2-e452-4566-8cb0-bd657e7c8d6d" testId="a048a58a-86eb-4527-9068-8ce7569fcb38" testName="TestEmailValidator (Data Row 43)" computerName="ICSWS068" duration="00:00:00.0000073" startTime="2016-08-04T07:56:15.6184964+02:00" endTime="2016-08-04T07:56:15.6184964+02:00" testType="13cdc9d9-ddb5-4fa4-a97d-d965ccfc6d4b" outcome="Passed" testListId="8c84fa94-04c1-424b-9868-57a2d4851a1d" relativeResultsDirectory="2deee6f2-e452-4566-8cb0-bd657e7c8d6d" />
    <UnitTestResult executionId="3493d669-bdf6-44a6-9fd3-d857b7b36251" testId="e3184e52-7d36-4cc1-aa10-b48416f75696" testName="TestEmailValidator (Data Row 44)" computerName="ICSWS068" duration="00:00:00.0000073" startTime="2016-08-04T07:56:15.6184964+02:00" endTime="2016-08-04T07:56:15.6184964+02:00" testType="13cdc9d9-ddb5-4fa4-a97d-d965ccfc6d4b" outcome="Passed" testListId="8c84fa94-04c1-424b-9868-57a2d4851a1d" relativeResultsDirectory="3493d669-bdf6-44a6-9fd3-d857b7b36251" />
    <UnitTestResult executionId="909a4cf7-d1c7-47c2-86e4-19e6181cce0d" testId="a87546bb-eef0-4ad9-9732-b952dbdd22c2" testName="TestEmailValidator (Data Row 45)" computerName="ICSWS068" duration="00:00:00.0000073" startTime="2016-08-04T07:56:15.6184964+02:00" endTime="2016-08-04T07:56:15.6184964+02:00" testType="13cdc9d9-ddb5-4fa4-a97d-d965ccfc6d4b" outcome="Passed" testListId="8c84fa94-04c1-424b-9868-57a2d4851a1d" relativeResultsDirectory="909a4cf7-d1c7-47c2-86e4-19e6181cce0d" />
    <UnitTestResult executionId="71fd8e05-1aab-4bb1-babb-265b57b181a2" testId="ab436dcb-301f-403a-9fbd-e3380831e99d" testName="TestEmailValidator (Data Row 46)" computerName="ICSWS068" duration="00:00:00.0000076" startTime="2016-08-04T07:56:15.6184964+02:00" endTime="2016-08-04T07:56:15.6184964+02:00" testType="13cdc9d9-ddb5-4fa4-a97d-d965ccfc6d4b" outcome="Passed" testListId="8c84fa94-04c1-424b-9868-57a2d4851a1d" relativeResultsDirectory="71fd8e05-1aab-4bb1-babb-265b57b181a2" />
    <UnitTestResult executionId="f9ab6896-c31e-4c7a-bd18-805db1c5dbe1" testId="94615c1b-2666-4019-9ff1-dd2e3d4271d8" testName="TestEmailValidator (Data Row 47)" computerName="ICSWS068" duration="00:00:00.0000079" startTime="2016-08-04T07:56:15.6184964+02:00" endTime="2016-08-04T07:56:15.6184964+02:00" testType="13cdc9d9-ddb5-4fa4-a97d-d965ccfc6d4b" outcome="Passed" testListId="8c84fa94-04c1-424b-9868-57a2d4851a1d" relativeResultsDirectory="f9ab6896-c31e-4c7a-bd18-805db1c5dbe1" />
    <UnitTestResult executionId="bd7d9735-212a-40d6-b70f-2a2a5a3cc152" testId="b36e9eba-8a36-4eff-aa72-e7808c192399" testName="TestEmailValidator (Data Row 48)" computerName="ICSWS068" duration="00:00:00.0000073" startTime="2016-08-04T07:56:15.6184964+02:00" endTime="2016-08-04T07:56:15.6184964+02:00" testType="13cdc9d9-ddb5-4fa4-a97d-d965ccfc6d4b" outcome="Passed" testListId="8c84fa94-04c1-424b-9868-57a2d4851a1d" relativeResultsDirectory="bd7d9735-212a-40d6-b70f-2a2a5a3cc152" />
    <UnitTestResult executionId="7432e565-b938-4ab8-841b-96c37a8bcb47" testId="8810873b-6244-4519-80cb-2af64043fce1" testName="TestEmailValidator (Data Row 49)" computerName="ICSWS068" duration="00:00:00.0000085" startTime="2016-08-04T07:56:15.6184964+02:00" endTime="2016-08-04T07:56:15.6184964+02:00" testType="13cdc9d9-ddb5-4fa4-a97d-d965ccfc6d4b" outcome="Passed" testListId="8c84fa94-04c1-424b-9868-57a2d4851a1d" relativeResultsDirectory="7432e565-b938-4ab8-841b-96c37a8bcb47" />
    <UnitTestResult executionId="77329be6-214d-4c14-b948-6be85f6e9339" testId="87ba9bba-3d54-42b1-9266-5bedef7053f1" testName="TestEmailValidator (Data Row 50)" computerName="ICSWS068" duration="00:00:00.0000096" startTime="2016-08-04T07:56:15.6184964+02:00" endTime="2016-08-04T07:56:15.6184964+02:00" testType="13cdc9d9-ddb5-4fa4-a97d-d965ccfc6d4b" outcome="Passed" testListId="8c84fa94-04c1-424b-9868-57a2d4851a1d" relativeResultsDirectory="77329be6-214d-4c14-b948-6be85f6e9339" />
    <UnitTestResult executionId="045e9406-dacd-4894-86e1-a019c0e51dde" testId="ffa22878-5ba4-4056-a173-f1211cc6621e" testName="TestEmailValidator (Data Row 51)" computerName="ICSWS068" duration="00:00:00.0000079" startTime="2016-08-04T07:56:15.6184964+02:00" endTime="2016-08-04T07:56:15.6184964+02:00" testType="13cdc9d9-ddb5-4fa4-a97d-d965ccfc6d4b" outcome="Passed" testListId="8c84fa94-04c1-424b-9868-57a2d4851a1d" relativeResultsDirectory="045e9406-dacd-4894-86e1-a019c0e51dde" />
    <UnitTestResult executionId="bc108019-e334-45ad-b70a-ba514698bb69" testId="c05794fe-7013-4007-860f-32a866929b99" testName="TestEmailValidator (Data Row 52)" computerName="ICSWS068" duration="00:00:00.0000076" startTime="2016-08-04T07:56:15.6184964+02:00" endTime="2016-08-04T07:56:15.6184964+02:00" testType="13cdc9d9-ddb5-4fa4-a97d-d965ccfc6d4b" outcome="Passed" testListId="8c84fa94-04c1-424b-9868-57a2d4851a1d" relativeResultsDirectory="bc108019-e334-45ad-b70a-ba514698bb69" />
    <UnitTestResult executionId="3588b1be-bde7-417e-9d59-a231b12f1730" testId="199e1bef-6f78-4a52-bb6a-b40c73e1fa15" testName="TestEmailValidator (Data Row 53)" computerName="ICSWS068" duration="00:00:00.0000073" startTime="2016-08-04T07:56:15.6184964+02:00" endTime="2016-08-04T07:56:15.6184964+02:00" testType="13cdc9d9-ddb5-4fa4-a97d-d965ccfc6d4b" outcome="Passed" testListId="8c84fa94-04c1-424b-9868-57a2d4851a1d" relativeResultsDirectory="3588b1be-bde7-417e-9d59-a231b12f1730" />
    <UnitTestResult executionId="7d3b1b47-9708-46e3-ab0a-495a7ba75385" testId="dc2e07fb-3460-4444-85a8-b2282dc6bd88" testName="TestEmailValidator (Data Row 54)" computerName="ICSWS068" duration="00:00:00.0000120" startTime="2016-08-04T07:56:15.6184964+02:00" endTime="2016-08-04T07:56:15.6189952+02:00" testType="13cdc9d9-ddb5-4fa4-a97d-d965ccfc6d4b" outcome="Passed" testListId="8c84fa94-04c1-424b-9868-57a2d4851a1d" relativeResultsDirectory="7d3b1b47-9708-46e3-ab0a-495a7ba75385" />
    <UnitTestResult executionId="ffbbb017-bf93-42a0-8d62-c58b84b2a515" testId="bf5f226c-ee14-4c5c-9b7f-c02fb0b5d585" testName="TestEmailValidator (Data Row 55)" computerName="ICSWS068" duration="00:00:00.0000082" startTime="2016-08-04T07:56:15.6189952+02:00" endTime="2016-08-04T07:56:15.6189952+02:00" testType="13cdc9d9-ddb5-4fa4-a97d-d965ccfc6d4b" outcome="Passed" testListId="8c84fa94-04c1-424b-9868-57a2d4851a1d" relativeResultsDirectory="ffbbb017-bf93-42a0-8d62-c58b84b2a515" />
    <UnitTestResult executionId="67e774bf-49e0-4c9c-a3b5-8ef4a0e9b975" testId="976b8d30-1d08-48d4-a404-982a33c30b02" testName="TestEmailValidator (Data Row 56)" computerName="ICSWS068" duration="00:00:00.0000085" startTime="2016-08-04T07:56:15.6189952+02:00" endTime="2016-08-04T07:56:15.6189952+02:00" testType="13cdc9d9-ddb5-4fa4-a97d-d965ccfc6d4b" outcome="Passed" testListId="8c84fa94-04c1-424b-9868-57a2d4851a1d" relativeResultsDirectory="67e774bf-49e0-4c9c-a3b5-8ef4a0e9b975" />
    <UnitTestResult executionId="c21a9736-66ec-46b7-94c6-376f86309565" testId="0ca9477a-91f6-4797-9164-72071c78d216" testName="TestEmailValidator (Data Row 57)" computerName="ICSWS068" duration="00:00:00.0000079" startTime="2016-08-04T07:56:15.6189952+02:00" endTime="2016-08-04T07:56:15.6189952+02:00" testType="13cdc9d9-ddb5-4fa4-a97d-d965ccfc6d4b" outcome="Passed" testListId="8c84fa94-04c1-424b-9868-57a2d4851a1d" relativeResultsDirectory="c21a9736-66ec-46b7-94c6-376f86309565" />
    <UnitTestResult executionId="134beeb8-9b6d-408a-9f7e-6f14c3c6fddf" testId="4e329619-c806-4f95-bf3d-6cf0b3663bd0" testName="TestEmailValidator (Data Row 58)" computerName="ICSWS068" duration="00:00:00.0000829" startTime="2016-08-04T07:56:15.6189952+02:00" endTime="2016-08-04T07:56:15.6189952+02:00" testType="13cdc9d9-ddb5-4fa4-a97d-d965ccfc6d4b" outcome="Passed" testListId="8c84fa94-04c1-424b-9868-57a2d4851a1d" relativeResultsDirectory="134beeb8-9b6d-408a-9f7e-6f14c3c6fddf" />
    <UnitTestResult executionId="4a928b71-dca6-40d1-959d-4e261bc63f09" testId="42172f52-ab1b-49d1-a243-d06c429f97f7" testName="TestEmailValidator (Data Row 59)" computerName="ICSWS068" duration="00:00:00.0000847" startTime="2016-08-04T07:56:15.6189952+02:00" endTime="2016-08-04T07:56:15.6189952+02:00" testType="13cdc9d9-ddb5-4fa4-a97d-d965ccfc6d4b" outcome="Passed" testListId="8c84fa94-04c1-424b-9868-57a2d4851a1d" relativeResultsDirectory="4a928b71-dca6-40d1-959d-4e261bc63f09" />
    <UnitTestResult executionId="cf0849b2-83fb-4bfc-99b9-f29f3003462a" testId="754fa9d7-59c8-438b-a996-4de195c5cbeb" testName="TestEmailValidator (Data Row 60)" computerName="ICSWS068" duration="00:00:00.0000847" startTime="2016-08-04T07:56:15.6189952+02:00" endTime="2016-08-04T07:56:15.6189952+02:00" testType="13cdc9d9-ddb5-4fa4-a97d-d965ccfc6d4b" outcome="Passed" testListId="8c84fa94-04c1-424b-9868-57a2d4851a1d" relativeResultsDirectory="cf0849b2-83fb-4bfc-99b9-f29f3003462a" />
    <UnitTestResult executionId="19e584c5-e55a-49bd-8c39-5a7fbdf36fc6" testId="58830fae-f9cf-4211-b84c-cd8f5a65c7cb" testName="TestEmailValidator (Data Row 61)" computerName="ICSWS068" duration="00:00:00.0000891" startTime="2016-08-04T07:56:15.6189952+02:00" endTime="2016-08-04T07:56:15.6189952+02:00" testType="13cdc9d9-ddb5-4fa4-a97d-d965ccfc6d4b" outcome="Passed" testListId="8c84fa94-04c1-424b-9868-57a2d4851a1d" relativeResultsDirectory="19e584c5-e55a-49bd-8c39-5a7fbdf36fc6" />
    <UnitTestResult executionId="771befb6-4c06-4908-87b5-a730131eaa70" testId="e411708d-41c5-4b11-8a51-270e11693e22" testName="TestEmailValidator (Data Row 62)" computerName="ICSWS068" duration="00:00:00.0000894" startTime="2016-08-04T07:56:15.6189952+02:00" endTime="2016-08-04T07:56:15.6194805+02:00" testType="13cdc9d9-ddb5-4fa4-a97d-d965ccfc6d4b" outcome="Passed" testListId="8c84fa94-04c1-424b-9868-57a2d4851a1d" relativeResultsDirectory="771befb6-4c06-4908-87b5-a730131eaa70" />
    <UnitTestResult executionId="e6d9e0a1-9936-443f-95ed-229ce8abd3ca" testId="9b805b1e-3acc-437b-9f4f-ca468356ad54" testName="TestEmailValidator (Data Row 63)" computerName="ICSWS068" duration="00:00:00.0000554" startTime="2016-08-04T07:56:15.6194805+02:00" endTime="2016-08-04T07:56:15.6194805+02:00" testType="13cdc9d9-ddb5-4fa4-a97d-d965ccfc6d4b" outcome="Passed" testListId="8c84fa94-04c1-424b-9868-57a2d4851a1d" relativeResultsDirectory="e6d9e0a1-9936-443f-95ed-229ce8abd3ca" />
    <UnitTestResult executionId="0db10ba7-ec0f-43d6-9704-1f4fe679fa39" testId="69de4624-bc31-47b0-83b3-f3df8b37548d" testName="TestEmailValidator (Data Row 64)" computerName="ICSWS068" duration="00:00:00.0001093" startTime="2016-08-04T07:56:15.6194805+02:00" endTime="2016-08-04T07:56:15.6194805+02:00" testType="13cdc9d9-ddb5-4fa4-a97d-d965ccfc6d4b" outcome="Passed" testListId="8c84fa94-04c1-424b-9868-57a2d4851a1d" relativeResultsDirectory="0db10ba7-ec0f-43d6-9704-1f4fe679fa39" />
    <UnitTestResult executionId="1b94becf-e0fb-4d48-820a-1eef04d3f3f3" testId="ad75cc8c-77a4-430e-afd4-a82adb0364b3" testName="TestEmailValidator (Data Row 65)" computerName="ICSWS068" duration="00:00:00.0001126" startTime="2016-08-04T07:56:15.6194805+02:00" endTime="2016-08-04T07:56:15.6194805+02:00" testType="13cdc9d9-ddb5-4fa4-a97d-d965ccfc6d4b" outcome="Passed" testListId="8c84fa94-04c1-424b-9868-57a2d4851a1d" relativeResultsDirectory="1b94becf-e0fb-4d48-820a-1eef04d3f3f3" />
    <UnitTestResult executionId="3af5fc14-1dc5-4f04-aa46-5e9a397a99fe" testId="ddefde06-4171-4b40-8f95-0c000f61b6bc" testName="TestEmailValidator (Data Row 66)" computerName="ICSWS068" duration="00:00:00.0000844" startTime="2016-08-04T07:56:15.6194805+02:00" endTime="2016-08-04T07:56:15.6194805+02:00" testType="13cdc9d9-ddb5-4fa4-a97d-d965ccfc6d4b" outcome="Passed" testListId="8c84fa94-04c1-424b-9868-57a2d4851a1d" relativeResultsDirectory="3af5fc14-1dc5-4f04-aa46-5e9a397a99fe" />
    <UnitTestResult executionId="c46d6892-e4ee-445f-8912-d9a9840e7b6e" testId="6f79dc54-4eb6-4d04-a4f7-7ea930079b5b" testName="TestEmailValidator (Data Row 67)" computerName="ICSWS068" duration="00:00:00.0000876" startTime="2016-08-04T07:56:15.6194805+02:00" endTime="2016-08-04T07:56:15.6199814+02:00" testType="13cdc9d9-ddb5-4fa4-a97d-d965ccfc6d4b" outcome="Passed" testListId="8c84fa94-04c1-424b-9868-57a2d4851a1d" relativeResultsDirectory="c46d6892-e4ee-445f-8912-d9a9840e7b6e" />
    <UnitTestResult executionId="ed562b98-bfc6-4984-95df-17ad88fc455d" testId="73f1cb32-9dcc-4e75-8245-e644aa76788e" testName="TestEmailValidator (Data Row 68)" computerName="ICSWS068" duration="00:00:00.0000806" startTime="2016-08-04T07:56:15.6199814+02:00" endTime="2016-08-04T07:56:15.6199814+02:00" testType="13cdc9d9-ddb5-4fa4-a97d-d965ccfc6d4b" outcome="Passed" testListId="8c84fa94-04c1-424b-9868-57a2d4851a1d" relativeResultsDirectory="ed562b98-bfc6-4984-95df-17ad88fc455d" />
    <UnitTestResult executionId="31f49ce2-9902-41d8-9f64-988cd9998f75" testId="961fbbca-fd2c-485f-a0bb-dbc61abb1884" testName="TestEmailValidator (Data Row 69)" computerName="ICSWS068" duration="00:00:00.0000809" startTime="2016-08-04T07:56:15.6199814+02:00" endTime="2016-08-04T07:56:15.6199814+02:00" testType="13cdc9d9-ddb5-4fa4-a97d-d965ccfc6d4b" outcome="Passed" testListId="8c84fa94-04c1-424b-9868-57a2d4851a1d" relativeResultsDirectory="31f49ce2-9902-41d8-9f64-988cd9998f75" />
    <UnitTestResult executionId="4ebdb6aa-46bb-4b89-8e7c-b64ec68e62b9" testId="8ebd678c-7ad8-43f9-baab-af898da48ade" testName="TestEmailValidator (Data Row 70)" computerName="ICSWS068" duration="00:00:00.0000806" startTime="2016-08-04T07:56:15.6199814+02:00" endTime="2016-08-04T07:56:15.6199814+02:00" testType="13cdc9d9-ddb5-4fa4-a97d-d965ccfc6d4b" outcome="Passed" testListId="8c84fa94-04c1-424b-9868-57a2d4851a1d" relativeResultsDirectory="4ebdb6aa-46bb-4b89-8e7c-b64ec68e62b9" />
    <UnitTestResult executionId="0ba8ae32-3604-499f-ab66-84b4b7baeec9" testId="d5511b61-5ceb-4c47-85e5-d8d8601fce3a" testName="TestEmailValidator (Data Row 71)" computerName="ICSWS068" duration="00:00:00.0000803" startTime="2016-08-04T07:56:15.6199814+02:00" endTime="2016-08-04T07:56:15.6199814+02:00" testType="13cdc9d9-ddb5-4fa4-a97d-d965ccfc6d4b" outcome="Passed" testListId="8c84fa94-04c1-424b-9868-57a2d4851a1d" relativeResultsDirectory="0ba8ae32-3604-499f-ab66-84b4b7baeec9" />
    <UnitTestResult executionId="e9ec7edc-8695-4833-81b8-0a1ae4653f68" testId="2c94bb21-d537-4eb4-9ddf-ec699aac8875" testName="TestEmailValidator (Data Row 72)" computerName="ICSWS068" duration="00:00:00.0000809" startTime="2016-08-04T07:56:15.6199814+02:00" endTime="2016-08-04T07:56:15.6204814+02:00" testType="13cdc9d9-ddb5-4fa4-a97d-d965ccfc6d4b" outcome="Passed" testListId="8c84fa94-04c1-424b-9868-57a2d4851a1d" relativeResultsDirectory="e9ec7edc-8695-4833-81b8-0a1ae4653f68" />
    <UnitTestResult executionId="c0634a62-3638-48c5-9ee4-444082961dd7" testId="7f04c5b3-31e8-8f34-1568-c454a6117dc3" testName="IsEqualTo_OtherIsNull_ReturnsFalse" computerName="ICSWS068" duration="00:00:00.0004650" startTime="2016-08-04T09:56:15.6270006+02:00" endTime="2016-08-04T09:56:15.6285015+02:00" testType="13cdc9d9-ddb5-4fa4-a97d-d965ccfc6d4b" outcome="Passed" testListId="8c84fa94-04c1-424b-9868-57a2d4851a1d" relativeResultsDirectory="c0634a62-3638-48c5-9ee4-444082961dd7" />
    <UnitTestResult executionId="00c13d5c-e77c-4ace-b766-523cae8070f3" testId="92c68e06-b876-a764-0ca6-fac8684e6577" testName="IsEqualTo_EmptyObjects_ReturnsTrue" computerName="ICSWS068" duration="00:00:00.0001821" startTime="2016-08-04T09:56:15.6310035+02:00" endTime="2016-08-04T09:56:15.6325240+02:00" testType="13cdc9d9-ddb5-4fa4-a97d-d965ccfc6d4b" outcome="Passed" testListId="8c84fa94-04c1-424b-9868-57a2d4851a1d" relativeResultsDirectory="00c13d5c-e77c-4ace-b766-523cae8070f3" />
    <UnitTestResult executionId="38bda875-dcec-40c9-9da5-19a9e5eb8259" testId="a32acd2b-6de8-94db-2e8e-229fa1bd541b" testName="IsEqualTo_DifferenceInLength_AlwaysReturnFalse" computerName="ICSWS068" duration="00:00:00.3111249" startTime="2016-08-04T09:56:15.6360098+02:00" endTime="2016-08-04T09:56:15.9482644+02:00" testType="13cdc9d9-ddb5-4fa4-a97d-d965ccfc6d4b" outcome="Passed" testListId="8c84fa94-04c1-424b-9868-57a2d4851a1d" relativeResultsDirectory="38bda875-dcec-40c9-9da5-19a9e5eb8259">
      <Output>
        <StdOut>0:
(PositiveInt 1, PositiveInt 2)
&lt;null&gt;
1:
(PositiveInt 3, PositiveInt 1)
&lt;null&gt;
2:
(PositiveInt 1, PositiveInt 3)
&lt;null&gt;
3:
(PositiveInt 3, PositiveInt 1)
&lt;null&gt;
4:
(PositiveInt 1, PositiveInt 1)
4:
(PositiveInt 1, PositiveInt 2)
&lt;null&gt;
5:
(PositiveInt 1, PositiveInt 3)
&lt;null&gt;
6:
(PositiveInt 5, PositiveInt 4)
&lt;null&gt;
7:
(PositiveInt 8, PositiveInt 7)
&lt;null&gt;
8:
(PositiveInt 1, PositiveInt 1)
8:
(PositiveInt 3, PositiveInt 8)
&lt;null&gt;
9:
(PositiveInt 6, PositiveInt 5)
&lt;null&gt;
10:
(PositiveInt 1, PositiveInt 1)
10:
(PositiveInt 1, PositiveInt 1)
10:
(PositiveInt 3, PositiveInt 1)
&lt;null&gt;
11:
(PositiveInt 4, PositiveInt 6)
&lt;null&gt;
12:
(PositiveInt 3, PositiveInt 4)
&lt;null&gt;
13:
(PositiveInt 1, PositiveInt 1)
13:
(PositiveInt 4, PositiveInt 4)
13:
(PositiveInt 8, PositiveInt 12)
&lt;null&gt;
14:
(PositiveInt 4, PositiveInt 1)
&lt;null&gt;
15:
(PositiveInt 2, PositiveInt 4)
&lt;null&gt;
16:
(PositiveInt 7, PositiveInt 18)
&lt;null&gt;
17:
(PositiveInt 3, PositiveInt 3)
17:
(PositiveInt 16, PositiveInt 4)
&lt;null&gt;
18:
(PositiveInt 10, PositiveInt 8)
&lt;null&gt;
19:
(PositiveInt 10, PositiveInt 9)
&lt;null&gt;
20:
(PositiveInt 10, PositiveInt 9)
&lt;null&gt;
21:
(PositiveInt 22, PositiveInt 10)
&lt;null&gt;
22:
(PositiveInt 15, PositiveInt 13)
&lt;null&gt;
23:
(PositiveInt 15, PositiveInt 8)
&lt;null&gt;
24:
(PositiveInt 3, PositiveInt 1)
&lt;null&gt;
25:
(PositiveInt 3, PositiveInt 8)
&lt;null&gt;
26:
(PositiveInt 8, PositiveInt 4)
&lt;null&gt;
27:
(PositiveInt 24, PositiveInt 16)
&lt;null&gt;
28:
(PositiveInt 6, PositiveInt 12)
&lt;null&gt;
29:
(PositiveInt 6, PositiveInt 27)
&lt;null&gt;
30:
(PositiveInt 2, PositiveInt 10)
&lt;null&gt;
31:
(PositiveInt 20, PositiveInt 16)
&lt;null&gt;
32:
(PositiveInt 4, PositiveInt 1)
&lt;null&gt;
33:
(PositiveInt 6, PositiveInt 18)
&lt;null&gt;
34:
(PositiveInt 4, PositiveInt 9)
&lt;null&gt;
35:
(PositiveInt 6, PositiveInt 1)
&lt;null&gt;
36:
(PositiveInt 15, PositiveInt 22)
&lt;null&gt;
37:
(PositiveInt 15, PositiveInt 25)
&lt;null&gt;
38:
(PositiveInt 2, PositiveInt 4)
&lt;null&gt;
39:
(PositiveInt 10, PositiveInt 4)
&lt;null&gt;
40:
(PositiveInt 3, PositiveInt 4)
&lt;null&gt;
41:
(PositiveInt 26, PositiveInt 27)
&lt;null&gt;
42:
(PositiveInt 15, PositiveInt 22)
&lt;null&gt;
43:
(PositiveInt 4, PositiveInt 4)
43:
(PositiveInt 3, PositiveInt 6)
&lt;null&gt;
44:
(PositiveInt 27, PositiveInt 19)
&lt;null&gt;
45:
(PositiveInt 45, PositiveInt 6)
&lt;null&gt;
46:
(PositiveInt 45, PositiveInt 36)
&lt;null&gt;
47:
(PositiveInt 3, PositiveInt 35)
&lt;null&gt;
48:
(PositiveInt 26, PositiveInt 25)
&lt;null&gt;
49:
(PositiveInt 21, PositiveInt 19)
&lt;null&gt;
50:
(PositiveInt 19, PositiveInt 20)
&lt;null&gt;
51:
(PositiveInt 4, PositiveInt 4)
51:
(PositiveInt 1, PositiveInt 1)
51:
(PositiveInt 24, PositiveInt 2)
&lt;null&gt;
52:
(PositiveInt 35, PositiveInt 9)
&lt;null&gt;
53:
(PositiveInt 14, PositiveInt 45)
&lt;null&gt;
54:
(PositiveInt 6, PositiveInt 11)
&lt;null&gt;
55:
(PositiveInt 10, PositiveInt 30)
&lt;null&gt;
56:
(PositiveInt 40, PositiveInt 56)
&lt;null&gt;
57:
(PositiveInt 9, PositiveInt 13)
&lt;null&gt;
58:
(PositiveInt 43, PositiveInt 30)
&lt;null&gt;
59:
(PositiveInt 2, PositiveInt 1)
&lt;null&gt;
60:
(PositiveInt 28, PositiveInt 8)
&lt;null&gt;
61:
(PositiveInt 12, PositiveInt 14)
&lt;null&gt;
62:
(PositiveInt 9, PositiveInt 13)
&lt;null&gt;
63:
(PositiveInt 31, PositiveInt 30)
&lt;null&gt;
64:
(PositiveInt 20, PositiveInt 26)
&lt;null&gt;
65:
(PositiveInt 57, PositiveInt 47)
&lt;null&gt;
66:
(PositiveInt 28, PositiveInt 1)
&lt;null&gt;
67:
(PositiveInt 11, PositiveInt 21)
&lt;null&gt;
68:
(PositiveInt 47, PositiveInt 13)
&lt;null&gt;
69:
(PositiveInt 19, PositiveInt 13)
&lt;null&gt;
70:
(PositiveInt 34, PositiveInt 30)
&lt;null&gt;
71:
(PositiveInt 1, PositiveInt 2)
&lt;null&gt;
72:
(PositiveInt 11, PositiveInt 4)
&lt;null&gt;
73:
(PositiveInt 7, PositiveInt 4)
&lt;null&gt;
74:
(PositiveInt 25, PositiveInt 58)
&lt;null&gt;
75:
(PositiveInt 58, PositiveInt 16)
&lt;null&gt;
76:
(PositiveInt 76, PositiveInt 6)
&lt;null&gt;
77:
(PositiveInt 27, PositiveInt 4)
&lt;null&gt;
78:
(PositiveInt 13, PositiveInt 14)
&lt;null&gt;
79:
(PositiveInt 12, PositiveInt 9)
&lt;null&gt;
80:
(PositiveInt 29, PositiveInt 7)
&lt;null&gt;
81:
(PositiveInt 22, PositiveInt 32)
&lt;null&gt;
82:
(PositiveInt 1, PositiveInt 2)
&lt;null&gt;
83:
(PositiveInt 12, PositiveInt 8)
&lt;null&gt;
84:
(PositiveInt 61, PositiveInt 4)
&lt;null&gt;
85:
(PositiveInt 29, PositiveInt 19)
&lt;null&gt;
86:
(PositiveInt 72, PositiveInt 69)
&lt;null&gt;
87:
(PositiveInt 28, PositiveInt 1)
&lt;null&gt;
88:
(PositiveInt 3, PositiveInt 3)
88:
(PositiveInt 37, PositiveInt 37)
88:
(PositiveInt 6, PositiveInt 8)
&lt;null&gt;
89:
(PositiveInt 3, PositiveInt 30)
&lt;null&gt;
90:
(PositiveInt 6, PositiveInt 60)
&lt;null&gt;
91:
(PositiveInt 1, PositiveInt 1)
91:
(PositiveInt 29, PositiveInt 13)
&lt;null&gt;
92:
(PositiveInt 6, PositiveInt 18)
&lt;null&gt;
93:
(PositiveInt 16, PositiveInt 39)
&lt;null&gt;
94:
(PositiveInt 26, PositiveInt 7)
&lt;null&gt;
95:
(PositiveInt 85, PositiveInt 77)
&lt;null&gt;
96:
(PositiveInt 2, PositiveInt 26)
&lt;null&gt;
97:
(PositiveInt 65, PositiveInt 35)
&lt;null&gt;
98:
(PositiveInt 43, PositiveInt 34)
&lt;null&gt;
99:
(PositiveInt 19, PositiveInt 31)
&lt;null&gt;
Ok, passed 100 tests.</StdOut>
      </Output>
    </UnitTestResult>
    <UnitTestResult executionId="d560435b-0db7-41f6-97f8-a0e060abcfb4" testId="e875fa13-b4e4-0298-41fb-22cb8a5d40ca" testName="IsEqualTo_DifferentButEqualLength_AlwaysReturnFalse" computerName="ICSWS068" duration="00:00:00.0011806" startTime="2016-08-04T09:56:15.9512664+02:00" endTime="2016-08-04T09:56:15.9537675+02:00" testType="13cdc9d9-ddb5-4fa4-a97d-d965ccfc6d4b" outcome="Passed" testListId="8c84fa94-04c1-424b-9868-57a2d4851a1d" relativeResultsDirectory="d560435b-0db7-41f6-97f8-a0e060abcfb4" />
    <UnitTestResult executionId="8125e14a-c310-435f-8eef-35e7c5e3dc31" testId="8182c7e5-ccfd-955d-88dc-223cd45572f6" testName="IsEqualTo_LastCharacterDifferent_AlwaysReturnFalse" computerName="ICSWS068" duration="00:00:00.0799116" startTime="2016-08-04T09:56:15.9562692+02:00" endTime="2016-08-04T09:56:16.0372332+02:00" testType="13cdc9d9-ddb5-4fa4-a97d-d965ccfc6d4b" outcome="Passed" testListId="8c84fa94-04c1-424b-9868-57a2d4851a1d" relativeResultsDirectory="8125e14a-c310-435f-8eef-35e7c5e3dc31">
      <Output>
        <StdOut>0:
(?F6, ~, 5)
1:
(., &#x19;, I)
2:
(z, |, r)
3:
(a&lt;$, Z, |)
4:
(KO&gt;, &#x1A;, a)
5:
("&amp;~&#x1C;, i, X)
6:
(e&#x7;, 
, V)
7:
(n]u, Q, &#x6;)
8:
(&#x19;&#x1A;J&#x2;, @, /)
9:
(Lo, I, &#x1C;)
10:
(Y{q&#x13;_$, $, &#x1A;)
11:
(Y&#x1E;, c, U)
12:
(j=&#x16;, &#x1C;, *)
13:
(M&#x19;&lt;&gt;{&#x1;cP.&#x6;7], , o)
14:
(&#xB;-#&gt;, 	, N)
15:
(a&#x1E;&#x3;, M, H)
16:
(?&#x4;, (, O)
17:
(+&#x1E;&lt;EmIY$&#x13;, ,, #)
18:
(j&#xC;&#x2;&#x1D;&#x13;5+w&lt;, ,, q)
19:
(#Fu, &#x13;, ')
20:
({G=_, |, `)
21:
(&#x16;&#x5;'&#x1D;?&#x10;u&#x17;&#x6;(&#x1E;, F, &lt;)
22:
(h4, 9, ~)
23:
( &#x15; , x, s)
24:
(DcX&#x2;&#x14;
Vx=3, *, t)
25:
(s?a&amp;&#x1C;h
OE&#x11;3)n, &#x1D;, Y)
26:
(&#x14;6,N&#x1A;_Uwm&#x8;~ &#x16;1'I?&#xB;Prh
, 0, u)
27:
(p&lt;2, p, f)
28:
(a p_, {, +)
29:
(m2~ &#x16;8'I?aC2(J9[Qsi, B, 8)
30:
(&#x4;s, 8, .)
31:
(7|q`OE&#x11;Vxn&#x10;!&#x17;, ~, &#x10;)
32:
(7N$&#x13;	Uw&lt;2~ e, &#x3;, H)
33:
(&#x10;\&#x1E;&#x16;G, &#x1C;, {)
34:
(J, =, 	)
35:
(	JqoS&#x13;?, \0, &#x5;)
36:
(RE" ML1C&#xF;&#x5;'\=Q!B}e(Jy&#x7;s&#x18;* l&#xE;, ^, &#x8;)
37:
(oZ&#x12;hpB&#x2;(/~, [, t)
38:
(&#x1;#o4*LB]Suk7|&#x1E;, 	, )
39:
(&#x15;&#x2;&#x14;
,x=3U!1C9[, b, #)
40:
(&gt;I&#x2;qg|U^S7I&#x15;&#xB;, p, &#x2;)
41:
(&#x11;, 1, &#x11;)
42:
(&#xB;-y&gt;4JG&#x18;5\"L
i&#x3;, ', &#x16;)
43:
(&gt;&#x1C;z1"&#xF;&amp;E&#x8;Mo;1S&#x18;&#xE;Z|A7&#x3;%&#x1B;`,, &#x1F;, &#x1C;)
44:
(P
&#x1F;&#x11;(\&#x15;J&#x15;IW, &#x3;, z)
45:
(&#x2;, 0, v)
46:
(&#xE;0, &#x7;, v)
47:
(m, V, x)
48:
(&#x4;&#x11;, 
, =)
49:
($F&#xB;&#x1;'&#x16;&#x5;'&#x1D;?&#xB;6j&#x14;W, &#x1E;, a)
50:
(&#x6;fx, V, ()
51:
(r&#x14;, t, ?)
52:
(&#xB;&#x15;7&#xC;0l|, m, 2)
53:
(2, X, d)
54:
(^^nO&#x12;,  , X)
55:
(zp&lt;&#x1;#&#x19;;*LBd0ukY&#x1E;&#x14;6,G=_U!f&#x8;~J, ?, G)
56:
(&#x1A;CA{db ', l, C)
57:
(&#x16;b'I?aPrh
y&#x1B;&#x11;3D:\Rmc&#x5;{G&#xC;., [, Q)
58:
(c|&#x1E;cY{G=&#x2;$pf+MC, \, {)
59:
(~W&#x1D;GzI&#xB;&#x1D;'|$&#x4;%M,f&#x5;tj6{&#x1D;&#x13;5$F&lt;^*, g, x)
60:
(\5&#xF;zM&#x10;2pXNpf&#x8;w&#x19;&#xF;1 B8ZIk, &#xF;, o)
61:
(&#x4;&amp;&#x15;7-O&gt;`VxD	!&#x17;2(J@[Qsi5z&#x1C;, ], S)
62:
(j&#x1C;&#x6;&#x18;&#xE;Z|A7&#x3;%&#x1B;`&#x2;f)n&#x10;\R&#x17;9&#x5;, ^, 9)
63:
(?~&#x10;33}4&#x1E;&#x1B;&#x1B;&#x1E;, C, &#x17;)
64:
(y4, &#x1C;, c)
65:
(UwC&#x8;~ &#x16;1'I?&#xB;Prh4y&#x1B;&#x11;, b, X)
66:
(	2N&#x1A;], N, &#x10;)
67:
(g&#xF;?LYUn&#x5;afL&#x19;o2, &#x6;, &#x17;)
68:
(C, &#xC;, l)
69:
(&#x1D;, Q, @)
70:
(%q6XN&#x1A;&lt;&#x1;w&#x19;e* B&#xE;SIk7-r&#x14;
V&#x1B;=3!K&#xB;, #, ")
71:
(&#xB;&#x6;&#x12;QVa, &#x6;, T)
72:
(&#x14;&#x6;&#x1F;u!$7, &#x18;, ^)
73:
(e&#x7;v&#x18;&#xE;0|A7Y%j`&#x2;x&#x13;	+!m2TJl[}s&#x15;&#x4;&amp;&#x1C;&gt;
OEg]xn&#x10;&#x6;!&#x17;9/{@b, &#x4;, P)
74:
(&#x15;&#x6;6f5&#x11;G&#xF;CK&#xB;&#x1A;`#h
VLn3u&#x17;\R_(&lt;S^]bh&#xB;T
R, a, F)
75:
(Suk7|&#x1E;&#x14;6%G=_+pf&#x8;T&#x19;&#xF;1'B8ZP&#x1C;a&#x3;yE
,"D3UKm9~, &#x1B;, -)
76:
(&#x11;, Y, ])
77:
(&#x1C;a&#x3;y&#x1B;
, u, k)
78:
(&#x11;&#xB;BW&#x1F;_\yl'it~&#x10;&#x6;(t9/Q&#x1D;bXzF&lt;&#x1;#&#x19;e*LB&#xE;0ukY&#x1E;&#x14;6&#x2;G=_+!f&#x8;~J&#xF;1's8ZP&#x1C;&gt;&#x3;yy&amp;Rb'j&lt;&#x1C;, 3, ~)
79:
(vc&amp;t0B, 1, o)
80:
(S[&#x10;;&#xB;yFfo7&#x1D;jn30"q]*&#x11;^M&#x10;U!C9~ lb'WF&lt;&#x8;Moe&#x7;v&#x18;&#xE;0|A7YOj`&#x2;x&#x13;	+!m, #, )
81:
(T&#x19;&#xF;1'B8ZPka&#x3;yE
,"D3UKm\~t&#x16;b', &#x16;, &#xC;)
82:
(&#x5;'&#x1B;&#x14;&#x12;iXN&#x1A;_&#x1;w, ", *)
83:
(RA&#x3;Hj`,N&#x13;, g, &gt;)
84:
(&gt;-#o4VLn]u&#x17;c(&#x1E;@, ), &#x18;)
85:
(&gt;
Oqg	x&#x1A;&#x10;2!C9['lb&#x4;z&#x15;&#xB;-#&gt;4VL&#x18;]u&#x17;&#x6;(&#x1E;@&#xC;Q, &#x1D;, &#x13;)
86:
(-1&#x1B;R&#x1A;`{&#x1B;9[&#x14;W?Q;*rK, &#x18;, &#xE;)
87:
(&#x2;&#x14;
, &lt;, y)
88:
(&#x15;7` &#x1F;A" , &#x14;, Y)
89:
(#E4V, ?, 5)
90:
(,"D:Kmc(t&#x16;&#xC;Q&#x1D;?O-I`&#x11;#&#x6;uA, &#x12;, $)
91:
(O&#x7;4m0u&#x17;Y{@6&#x2;$i_&#x1;M&#x12;&#x8;*vl1, I, ?)
92:
(&#x1F;m7WF&lt;^*oe&#x7;}, i, 2)
93:
(&#x1;w&#x19;&#x8;* B&#xE;SIka|r&#x14;
%&#x1B;!'|L}lt&#x11;|&#xC;T&#x17;\~J@&#x5;'si.PF&#x12;4yo;]"&#x18;d&#x6;KAc/%j&#xC;XN&#x13;5&#x1;w&lt;^T B&#x7;}Ik0&amp;H&#x14;
Oq=, @, 6)
94:
(;#nk, &#x1B;, -)
95:
(	"D:&gt;1EWpJ&#x11;a\rze|p&gt;H&#x6;tx&#x11;Vxn&#x10;\!&#x17;9&#x5;J@b.$i&#xB;&#x1;M&#x12;4*v;tQ&#x7; e&#x7;}I&#xE;0&amp;r7YOq=&#x2;x&#x1A;f, d, &#x1B;)
96:
(+!C9[0Ng	ND&#x10;2wm9[Q&#x16;8&#x4;z?a-#h
VL, N, D)
97:
(si&#x4;z&#x1C;&#x12;^#&#x6;HH
UD&#x10;UKm9/t&#x16;bX&#x1D;?5&#x1;#h^*L&#x11;&#x7;)u:0, /, t)
98:
(NVE;&#x7;LndV&gt;9	\B`P&#x18;m,O&gt;
OEg])n&#x10;&#x6;R&#x17;9/Q@bXzF&#xB;&#x1;#o4*LB&#xE;Suk7|&#x1E;&#x14;`%G=_+pf&#x8;T&#x19;&#xF;1}B8ZP&#x1C;a&#x3;yE
,"D, :, 2)
99:
(Sud&#x6;|&#x1E;j/%G=XNpf&#x1;w&#x2;b2io&#xE;&#x5;7&amp;rh
, 
, ()
100:
(&gt;C\~C9&#x5;'lb.P, &#x1B;, &#x8;)
101:
(v2&#x16;}@&gt;Iq &#x1D;6DH&#x1D;&#x14;8$lZNk.'Y0Bi&#x1E;%4}Hy$&#x13;	U, ], n)
102:
(R&gt;&#x1A;q&#x13;RA&#x3;%j`,N&#x13;	Uwm2~, e, &#x1A;)
103:
(&#x17;x1`#E, &#x11;, k)
104:
(Q\&#xE;&#x16;&#x1B;, &#x1F;, r)
105:
(&#x19;&#x8;~ l1'u&#xE;Suk7|&#x1E;&#x14;6&#x2;G=_+pf&#x8;T&#x19;&#xF;1's8, 	, O)
106:
(&#x8;_p.q6X$&#x1A;_&#x1;wCe* l&#xE;SI&#x15;7|r&#x14;`V&#x1B;=	Df\(m&#xF;&#x5;Qs8.z, a, R)
107:
(&#x15;i&#xF;R{R@&#x19;W&gt;-, L, &#xC;)
108:
(TJ&#x16;[}s?&#x4;&amp;&#x1C;h
OE, E, U)
109:
(&amp;o&#x8;*oe&#x7;S&#x18;&#xE;0|A7YO&#x1B;`&#x2;, ], f)
110:
(=6L/, &#x5;, {)
111:
(&#x19;&amp; *&gt;S&#x1F;&#x5;	B&#x5;Jl8.s&#x15;aWy,&#x3;&#x6;o/J8y&#x6;;"e&#x7;LB&#xE;0uk7YO&#x14;`&#x2;x=_+!f&#x8;TJl1's&#x15;, 6, ])
112:
(&#x15;7-O&#x1B;`Vxn	!&#x17;2(J@&#xC;Qsi&#xB;z&#x1C;&#x12;4#E;])nd&#x6;|&#x17;/%q6XN&#x1A;_&#x1;w&#x19;&#x8;* B&#xE;SIka|r&#x14;
%&#x1B;=3Df, &#x1E;, &#x14;)
113:
(=A(&#x8;f:N)v^R&#xC;CB%o-g&#x1C;Mf+MC&#xF;1vl8Z&#x1F;&#x15;, %, j)
114:
(Fl4,&#xC;uAi71|W*ewf, e, $)
115:
(L&#x1C;q*, &#x16;, &#xC;)
116:
(\~t@&#x5;'&#x1D;?.PFh4yo&#x11;]"&#x18;:0KAcY%j&#xC;&#x2;$&#x13;5+M&lt;^TvB&#x7;}&#x1F;&#x15;0&amp;H&gt;YOqg, 7, -)
117:
(|kZ&amp;&#x1C;&gt;&#x3;OEg,"n&#x10;&#x6;K&#x4;
.&#x1;&#x12;^$_&#x11;v+-VX&#x18;]u&#x17;&#x6;(&#x1E;@&#xC;QGi5zp&#x12;&#x8;#&#x19;;1}BdZ&amp;k&#x3;%q6,N, x, z)
118:
(&#x12;&#x12;&#xC;50]c&gt;~E, /, *)
119:
(*oe1S&#x18;&#xE;Z, H, 7)
120:
(&amp;H&gt;YOqg3x&#x1A;&#x10;2!C9['lb&#x4;z&#x15;&#xB;-#&gt;4VL&#x18;]u&#x17;&#x6;(&#x1E;@, B, &#x7;)
121:
(&#x8;&#x10;"&#x18;:&#x6;	{i&#xE;asi5W&#x1C;, ;, #)
122:
(&#x1E;@&#xC;QG, V, )
123:
(&#x1;}	|e@/7}&#xE;{&#x8;, ;, B)
124:
(&#x8;T&#x19;&#xF;1'B8ZP&#x1C;a&#x3;y&#x1B;
,"D3UKm9~t&#x16;&#xC;'&#x1D;?5PFh^*o&#x11;&#x7;)&#x18;:0R&#x1E;cY{q&#xC;&#x2;$&#x1A;5+MC&#xF;Tvl&#xE;}&#x1F;&#x15;7&amp;H&gt;, x, g)
125:
(D71|	&#x1A;y&#x1B;+g\u&#x17;R&#x1E;@6{Gi_&#x1;F&#x12;&#x8;*o;1S&#x18;&#xE;\&#x8;&#x10;&#x12;A]ceT &#x16;8}, &#x5;, t)
126:
(4r$ &#x1E;P&#x18;&#x7;SI&#xE;0&amp;r7YO&#x1B;=&#x2;xDf+!C&#xF;&#x5;J, t, &#x12;)
127:
(voW&#x1E;NqAJ9&#x5;{@bX$F&#xB;&#x1;Mo4*v&#x18;]SuA7|&#x1E;j`%G&#x13;{7-&#xB;&#x15;&#x17;7'H5:&#x1;p&lt;2w:?c&gt;, -, &#x1A;)
128:
(b&#x4;z&#x15;&#xB;-#&gt;4VL&#x18;, %, &#x1B;)
129:
(L&#x18;:u&#x17;, j, C)
130:
(#&#x12;u	&#x2;&#x1A;&#x11;_}&#xF;&#x5;Qsi.1&#x15;&#x16;]d&#x4;&#x14;ct'&#x13;&#x2;Z4w&#x19;^* B&#x7;SIka&amp;r&#x14;
, {, &#x1D;)
131:
(B8Qs8, &#xB;, ^)
132:
(`&#x2;, 1, ')
133:
(&#x5;$N}&#x16;1&#x1E;}l8, &#xF;, &#x1;)
134:
(;]Lnd&#x6;R&#x17;/{@6XNi_&#x1;wC&#x8;* l1SIk7|r&#x14;`%&#x1B;=3, &lt;, +)
135:
(4&#x1F;&#x14;rXL\&#x1;D&#x7;) {&#x3;Oqg,N&#x1A;&#x10;UwC9~ &#x16;b&#x4;I?&#xB;-rh4V&#x1B;&#x11;3u:\(&#x1E;c&#x5;QG&#xC;., ., P)
136:
(K&#x10;2(J9[Qs?&#x4;z&#x1C;&#x12;-#E;VLnd0u&#x17;/&#x1E;@6XGi_&#x1;M&#x12;&#x8;* ;1SI&#x15;Z|r&gt;&#x3;%&#x1B;=,NDf2o, &#xC;, {)
137:
(i.PF&#x12;4yo&#x11;]"&#x18;:, t, 7)
138:
(&#xC;'d2aY;iZR&#x15;Z&amp;H&gt;&#x3;%qg	j&#x17;4M&#x12;4*v;]SuA&#x6;|&#x1E;j/, j, &#x12;)
139:
(u&#x1C;+W7Q)?&#x1E;*n:u&#x17;(&#x1E;@6&#x2;Gi_+p&#x12;&#x8;*v;1S&#x1F;, ], L)
140:
(&#x14;`%G=	Npf&#x8;w&#x19;&#xF;1}B8ZPka&#x3;y&#x14;
,"n3UKm\~t&#x16;&#x5;'&#x1D;?&#xB;PFh^yofU!f\~J&#xF;&#x5;'s8.PF&#x12;Wyo, &#x7;, L)
141:
(6$9!p&#x2;NDf+wm&#xF;51f0&#x11;B, 2, G)
142:
(&#x2;&#x1A;fe~a$
IJ&#x4;j&#x1;*, &#x7;, k)
143:
()&#x1F;k0RH&#x14;Y{q&#x13;_$&#x1A;&lt;&#x8;MCe[vl&#xE;&#x4;P&#x15;7-y&gt;`Vxg	!m2(J&#x16;[Qsi&#x4;z&#x1C;&#x12;^#E;]Lnd, o, F)
144:
(u&#x17;&#x6;(&#x1E;@&#xC;QGi_zp&#x12;&#x8;#&#x19;;1}BdZ|k&#x3;%&#x14;6,N&#x1A;_, 2, ()
145:
(N9L&lt;{0&gt;&#xE;WK]SuA7|&#x1E;&#x14;`%G=, B, =)
146:
(&#x18;]S&#x1F;A7|Hj`%q&#x13;, &#xB;, V)
147:
(&#x4;nL?&#x1A;&#x4;s?&lt;/'j/Q&#x1D;&#x13;5zF&lt;^#oe&#x7;}B&#xE;0&amp;kdU;Xa&#x6;@&#x5;0&#x8;Km2(t&#x16;[Q&#x1D;?5zFh^#E&#x11;&#x7;Ln:0R&#x17;cY{@6F5&#x1;F&lt;^Toe&#x7;}&#x18;&#xE;0&amp;r7YOq`&#x2;x&#x1A;	+!C&#xF;TJlb}s&#x15;&#xB;%tcY%j&#xC;&#x2;N&#x13;5+M&#x19;^, o, 	)
148:
(]u&#x17;&#x6;, &#x19;, &#x8;)
149:
(&#x17;UD, ], 9)
150:
( &#xE;9&#x4;^w&lt;^T B&#x7;}&#x1F;k0&amp;H&#x14;YOq=3x&#x1A;&#x10;\!C, &#xE;, &#x15;)
151:
(&#xC;s-J9&#x5;{&#x1D;b.$F&#xB;&#x1;Mo4*v&#x18;&#xE;S&#x1F;A7|&#x1E;j`%G&#x13;	+p&lt;2T&#x19;&#xF;$%7X|&#xE;a\KAcRtj&#x11;*o, v, v)
151:
(,qg	U&#x1A;&#x10;2(C9[Q&#x1D;b4, ], L)
152:
(6%&#x1B;=	NDf2wm&#xF;[ &#x16;8.z?aW#, V, &#x18;)
153:
(VJ, Y, G)
154:
(F9Le&#x7;LBd0&amp;kYO&#x14;6&#x2;x&#x1A;_U!C&#x8;~Jl1's&#x15;&#xB;Pr&gt;4y&#x1B;g@?&#x4;&#x1D;&#x15;\fNW, 3, 6)
155:
(&#x1F;A, g, ])
156:
(uO(&#x3;&#x15;be~,u7&#x19;&#x8;T&#x19;&#xF;1}s8ZP&#x1C;a&#x3;yEg,"n&#x10;UKm9~t&#x16;bX&#x1D;?&#xB;&#x1;Fh^*o&#x11;&#x7;SuJ, :, &#x15;)
157:
(&#x7;Lnd0u&#x17;/&#x1E;@6X$i_&#x1;M&#x12;&#x8;* ;1SI&#x15;Z|r&#x14;&#x3;%&#x1B;=	NDf2wm&#xF;&#x5; &#x16;8., ?, j)
158:
(lo6j&#x1E;E&#x15;H&#xB;Pr&gt;4V&#x1B;g]D:&#x6;(, u, &#x12;)
159:
(:ge0&#xB;$i&#xB;&#x1;M&#x12;4*v;]SuA&#x6;|&#x1E;j/%G=	Npf2w&#x19;&#xF;[ B8Z&amp;ka&#x3;O&#x14;
,x=3UK&#x17;\~t@&#x5;'&#x1D;?&#xB;PFh4yo&#x11;]"&#x18;:0|AcY%jG6,G=_U!f&#x8;~J&#xF;1'I8ZPr&gt;&#x3;y&#x1B;g,"D, h, S)
160:
(JjF	8=&#x16;3.&#x14;gA, +, C)
161:
("+&#x17;Z&#x1F;A&#x3;%j6,N&#x13;_Uw&lt;2~ &#x16;['I?&#x4;&amp;rh
O&#x1B;&#x11;3xD:\!&#x17;c&#x5;{@&#xC;.&#x1A;&#x4;G	*{#&lt;^T&#x19;;&#x7;}Bd0&amp;H&#x3;Oq6,x&#x1A;_U!C9~ lb'I&#x15;&#xB;Pr, 9, J)
162:
(&#x18;Knvq6&#x11;"&amp;&#x4;}U+?H`fHLXo%&#x14;&#x1C;&#x10;E&amp;&#x12;&#x1A;&#x1D;O15G=_+pf&#x8;TJ&#xF;1's8ZP&#x1C;a&#x3;yEg,"D&#x10;UKm9/t&#x16;bX&#x1D;&#x13;035x, &#x15;, ')
163:
(Jc&#x5;J@b.si&#xB;WM&#x12;4*v;]S&#x1F;d&#x6;|Hj/%G&#x13;XNp&lt;&#x1;w&#x19;e[ B8&#x4;Ika-O&#x14;
Vx=3U!f\~J@&#x5;'&#x1D;i.PF&#x12;Wyo;]"&#x18;:&#x6;KAc/%j&#xC;XN&#x13;5+, Z, &amp;)
164:
(;AK&#x8;'K3), 5, ])
165:
(F&lt;WM&#x2;8J@b.$i&#xB;&#x1;M&#x12;4*v&#x18;]S&#x1F;A&#x6;, \, S)
166:
(m=:SH5CY&#x4;&#x1F;
-)s+b-Zs&#x15;ZP&#x1C;&gt;&#x3;y&#x1B;g]"D&#x10;&#x6;Km9/t&#x16;&#xC;Xz?5&#x1;#h^*L&#x11;&#x7;)uk0R&#x1E;&#x14;Y{q=&#x2;$&#x1A;f&#x8;MC&#xF;1vl&#xE;ZP&#x15;7&#x3;y&gt;`,"g	, c, *)
167:
([
&#x15;'&#x1D;, `, &#x19;)
168:
(	bN&#x14;&#x1B;&#x2;-7n])&#x1F;, @, &#x5;)
169:
(J.q6X$&#x1A;_&#x1;MCe* , &#x7;, ;)
170:
(%j&#xC;&#x2;$&#x13;5+M&#x19;^TvB&#x7;}&#x1F;&#x15;0&amp;H&gt;
Oqg	x&#x1A;&#x10;2!C9['lb&#x4;z&#x15;&#xB;-#o4VL&#x18;]u&#x17;&#x6;(&#x1E;@&#xC;QGi_zp&#x12;&#x8;#&#x19;;1}BdZ|k&#x3;%&#x14;6,N&#x1A;_Uwm&#x8;, P, F)
171:
(&#x1B;G.&#xE;5lj, r, &#xB;)
172:
(pf+w&#x19;&#xF;T B8Z&#x1F;ka&#x3;H&#x14;
,q=3UK&#x10;\~t9&#x18;&#x7;}&#x18;&#xE;0&amp;r7YOq`&#x2;x&#x1A;	+!C9TJlb}s&#x15;&#xB;W&#x1C;&gt;4VEg]n, b, &#x4;)
173:
(_Upf&#x8;~J&#xF;1's8ZPr, &#x14;, 
)
174:
("&#x18;:0KAcY%j&#xC;&#x2;$&#x13;5+M&lt;^Tv, 5, +)
175:
(;1S&#x1F;&#x15;Z|H&gt;&#x3;%qg,ND&#x10;2wm9[ &#x16;b&#x4;I?a-#hT, 4, &#x10;)
176:
(:&#xC;'BVl, -, 5)
177:
(5&#x7;0q&#x8;a/&lt;H0G&#x14;l&#x11;*o&#x11;&#x7;Su:0R&#x1E;cY{G&#xC;&#x2;$pq&#x15;^&#x6;Bc&#x11;D, &#x10;, )
178:
(Df\~m&#xF;&#x5;'s8.P&#x1C;aWyo, &#x14;, 
)
179:
(Af}lb, \0, u)
180:
(&#x16;b'&#x1D;?&#xB;&#x1;Fh4*o&#x11;&#x7;&#x19;&#x1;w&#x19;&#xF;[ B8&#x4;Ika&#x3;r&#x14;
,x, &#x2;, E)
181:
(&#x16;[Qsi&#x4;z&#x1C;&#x12;, ,, @)
182:
( l1SIkZ|r&#x14;`%&#x1B;=3NDf\wm&#xF;&#x5;Q&#x16;8.P?a, $, &#x13;)
183:
(/'&#x1A;;;, x, T)
184:
(d[bD&#xE;yz&#x13;5zp&lt;^#&#x19;;&#x7;}Bd0&amp;kYO&#x14;6,x&#x1A;_U!C&#x8;~Jl1'I&#x15;&#xB;Pr&gt;4y&#x1B;&#x11;]D:&#x6;(, \0, +)
185:
()|hTzMP:&#x1B;&#x18;&#x10;!#V/9 jlAE/Jl~t@b'&#x1D;i&#xB;PFh4*o&#x11;]S&#x18;:0|AcY%G&#xC;&#x2;Np5+M&#x19;6QKZK, s, &#x10;)
186:
(@&#xC;Qsi5z&#x1C;&#x12;4#E;])nd&#x6;|&#x17;, , |)
187:
(&#x6;zI&#x1B;b, \, u)
188:
('&#x1E;Xj6,N&#x13;_Uwm2~ &#x16;['I?&#x4;Prh
&#xB;&amp;Z&#x4;o?k&#x19;&lt;'^t-&#x14;ms&#x13;O, ], g)
189:
(&#xC;.si5W, &lt;, &#x16;)
190:
(o&#x11;&#x7;S&#x18;:0RAcY{G&#xC;&#x2;$&#x1A;5+MC^Tvl8}&#x1F;&#x15;7&amp;H&gt;`Oqg	U&#x1A;&#x10;2(C9[Q&#x1D;b&#x4;zF&#xB;-#E4VLn:u\u:\Rtc&#x5;{&#x1D;i.$F&#x12;*JsVN&#x1;"E6&#x2;gE&#x13;&#x1F;
;KIQ-&#x10;, &#x8;, T)
191:
(Wi_+M&#x12;&#x8;*v;1S&#x1F;&#x15;Z|r&gt;&#x3;%&#x1B;g	ND&#x10;2wm&#xF;[ &#x16;8&#x4;z?, &#x1A;, o)
192:
(A0&amp;H7YOq`, \0, L)
193:
(D$&amp;&#x16;i&#x2;$i_+MC&#x8;Tvl1S&#x1F;&#x15;Z|H&gt;`, 
, ')
194:
(6&#x2;Gi_+p&#x12;&#x8;*&#x19;;, w, m)
195:
(v;]S&#x1F;d&#x6;|Hj/%G&#x13;XNp&lt;2w&#x19;&#xF;[ B8&#x4;Ika-O&#x14;
,x=3U!f\~J@&#x5;', A, })
196:
(p&#x2;xDf\!m&#xF;6&#x11;w/=s\&#x5;&#xF;=9)&#x11;Xj`&#x2;xD	+!m2TJl[}s&#x15;a&amp;&#x1C;&gt;
OEg]xn&#x10;&#x6;R&#x17;9/{@bXzF&#xB;&#x1;#o4*L&#x18;]Suk7|&#x1E;&#x14;`%G=, &#x5;, &#x10;)
197:
(&#x2;&gt;r}&lt;[,R+[i'&#x16;61g&#x1D;&#x15;&#x8;YS&#x13;&#x12;G`%G=	Npf&#x8;T&#x19;&#xF;1}B8ZP&#x1C;a&#x3;yE
, &#xE;, })
198:
(|&#x17;/%q6XNp_&#x1;w&#x19;e* B&#xE;SIka|r&#x14;
V&#x1B;=3UDf\~m&#xF;&#x5;'sY--t&#xC;r(&#x11;M:	D^&amp;vfUo)bWU&#x16;Y&#x1E;@6&#x2;Gi_+M&#x12;&#x8;Tv;1S&#x1F;dZ|H&gt;&#x3;%&#x1B;g,ND&#x10;2wm9[ &#x16;8&#x4;I?a-#h
VL&#x11;3)u:\R&#x1E;@&#x5;{&#x1D;i.$F&#x12;WMo;1v&#x18;&#xE;Z&#x1F;A7&#x3;%j`,N&#x13;	, `, V)
199:
(u&#x17;&#x6;|&#x1E;/%G, 	, N)
Large-Ok, passed 200 tests.</StdOut>
      </Output>
    </UnitTestResult>
    <UnitTestResult executionId="df35f951-8127-4fd6-8829-3efd0b0f1197" testId="b16088f9-3e56-5895-1ae1-1d55154dbc74" testName="IsEqualTo_Same_AlwaysReturnFalse" computerName="ICSWS068" duration="00:00:00.0313250" startTime="2016-08-04T09:56:16.0417205+02:00" endTime="2016-08-04T09:56:16.0742473+02:00" testType="13cdc9d9-ddb5-4fa4-a97d-d965ccfc6d4b" outcome="Passed" testListId="8c84fa94-04c1-424b-9868-57a2d4851a1d" relativeResultsDirectory="df35f951-8127-4fd6-8829-3efd0b0f1197">
      <Output>
        <StdOut>0:
NonEmptyString "dUL"
1:
NonEmptyString "("
2:
NonEmptyString "T"
3:
NonEmptyString "a%"
4:
NonEmptyString "M4&#x7;"
5:
NonEmptyString "|r"
6:
NonEmptyString "xg3)n&#x10;&#x6;"
7:
NonEmptyString "Qh_b"
8:
NonEmptyString "m-[&#x1F;c&lt;"
9:
NonEmptyString "C9~"
10:
NonEmptyString "5&#x1F;&#x11;5&gt;$&#x1C;&#x6;aB"
11:
NonEmptyString "!4];HI"
12:
NonEmptyString "YK&#x7;"
13:
NonEmptyString "/%"
14:
NonEmptyString "&#x16;yl6}"
15:
NonEmptyString ".af(|h"
16:
NonEmptyString "$4"
17:
NonEmptyString "3"
18:
NonEmptyString "&#x15;N"
19:
NonEmptyString "ND"
20:
NonEmptyString "Prh-"
21:
NonEmptyString "uk"
22:
NonEmptyString "	k1tUn&#x10;U"
23:
NonEmptyString "&#xF;"
24:
NonEmptyString "	xD:!mc(J@&#xC;"
25:
NonEmptyString "|&#xB;s*"
26:
NonEmptyString "^Tv"
27:
NonEmptyString "i_+p&#x12;&#x8;T&#x19;;1}&#x1F;dZ|H"
28:
NonEmptyString "G=&#x2;$pf+"
29:
NonEmptyString "3)K"
30:
NonEmptyString "@/{q6X$k"
31:
NonEmptyString "&#x6;uk7|&#x1E;&#x14;6%G=_+pf&#x8;"
32:
NonEmptyString "L&#x11;"
33:
NonEmptyString "
,&#x1B;g]"D&#x10;&#x6;Kmc/Q&#x16;"
34:
NonEmptyString "=%&#x1B;=3Df\~m&#xF;&#x5;'&#x16;8.P&#x1C;aWy"
35:
NonEmptyString "--S:&#x16;l2!&#x17;2("
36:
NonEmptyString "&#x18;&#xE;0u"
37:
NonEmptyString "&#x15;&#xB;-yo4VL&#x18;]uAc(&#x1E;@&#xC;QGi5z"
38:
NonEmptyString "Moe1"
39:
NonEmptyString "&#x1C;&lt;&#x14;Vy"
40:
NonEmptyString "Y{"
41:
NonEmptyString "(x&gt;/"
42:
NonEmptyString "&#x5;Ug]"
43:
NonEmptyString "L&#x11;&#x7;)u:0RH&#x14;Y{q=&#x2;$&#x1A;f+M"
44:
NonEmptyString "?&#xB;&#x1;Fh"
45:
NonEmptyString "&#x16;\}v,dSIk7|r&#x14;
%&#x1B;=3NDf\(m"
46:
NonEmptyString "="
47:
NonEmptyString "V"T&amp;i&#xB;1.'8&#x17;&#xE;&#x10;)K&#x10;&#x6;(t9/Q&#x1D;&#xC;&#x3;&#x1F;?$pu&#x16;QPC&#x1;_*?qg"88&#x15;.s&#x15;&#xB;"
48:
NonEmptyString "tj"
49:
NonEmptyString "K@"
50:
NonEmptyString "$CM9Tp+"
51:
NonEmptyString "o8y|&#x1B;uh( {Jk&#x3;TB3"
52:
NonEmptyString "&#xE;Vq5Q#q"
53:
NonEmptyString "RgVL&#x18;:u&#x17;c(&#x1E;@&#xC;&#x2;G"
54:
NonEmptyString "xj-r&#x14;`"
55:
NonEmptyString "H)B&#x7;)&#x1F;k"
56:
NonEmptyString "Q@b"
57:
NonEmptyString "&#x3;rR`&#xB;d'`.|M;~Ce['l"
58:
NonEmptyString "&#x1F;k&#x3;H&#x14;6,"
59:
NonEmptyString "=&#x1F;NlF&gt;@n&#x1F;Se=&#x1E;a&#x3;H&gt;
"
60:
NonEmptyString "D).,~ 6"
61:
NonEmptyString "#dm&#x2;Qkcsb.$i&#xB;W"
62:
NonEmptyString "/62&#x1A;g"
63:
NonEmptyString "&#x5;"
64:
NonEmptyString "XNi_&#x1;wC&#x8;* l1SI"
65:
NonEmptyString ""`#h
VL&#x11;3u:\R&#x1E;@&#x5;{Gi.$p&#x12;WMo;1v&#x18;"
66:
NonEmptyString "w&#x2;P/j.&gt;Wz&lt;L&#x15;&#x4;P&#x15;&#xB;-y&gt;4V"&#x18;]uA&#x6;(&#x1E;j&#xC;QG&#x13;5zp&#x12;^#&#x19;;&#x7;}"
67:
NonEmptyString ""D:\Kmc&#x5;QmUe/A7Y%j`&#x2;ND	+!"
68:
NonEmptyString "p&lt;&#x1;w&#x19;e[ B&#xE;&#x4;Ika-r&#x14;"
69:
NonEmptyString "&#x11;&#x7;Lnd0R&#x17;Y{@6"
70:
NonEmptyString "j$q&#x1;p&lt;&#x1;w&#x19;&#xF;[ B8&#x4;Ika&#x3;r&#x14;
,x=3U!f\~t&#xF;&#x5;'&#x1D;i.PF&#x12;"
71:
NonEmptyString "D:\(&#x1E;c&#x5;QG&#xC;.$p&#x12;"
72:
NonEmptyString "uA&#x6;(&#x1E;j/QGiXzp&#x12;^#&#x19;;&#x7;LBdZ&amp;k&#x3;O&#x14;6,x=_Uw"
73:
NonEmptyString "~5ZZH|"
74:
NonEmptyString "$&#x1A;&lt;"
75:
NonEmptyString "~5rK\ENGYOqg"
76:
NonEmptyString "Ac(&#x1E;j&#xC;QG&#x13;5+p&#x12;^T&#x19;;&#x7;*&#x12;&#x8;* l1SIkZ|r&#x14;`%&#x1B;=	NDf\wm&#xF;&#x5;Q&#x16;8.-"
77:
NonEmptyString "z&#x4;&#x1D;"
78:
NonEmptyString "&#x18;"&#x3;p}"
79:
NonEmptyString "{.&#x1C;J~SB&#xE;SIk7|r&#x14;`%&#x1B;"
80:
NonEmptyString "-"
81:
NonEmptyString "wm"
82:
NonEmptyString "[a"
83:
NonEmptyString "&#x7;z&#x7;G;k+F&#xC;cR5es&#x1F;L&#x1B;O`XC/&#x7;v7j&#x6;1t7Y&#x1E;&#x14;`&#x2;G=	+!f2TJ&#xF;1}s&#x15;Z&amp;&#x1C;&gt;&#x3;yEg"
84:
NonEmptyString "&#x3;"
85:
NonEmptyString "&#x5;^9"
86:
NonEmptyString "&#x16;&#x19;^&#xB;GYu&#x13;&#x18;5&#x13;&#x2;p&#x13;i&#x7;A"
87:
NonEmptyString "N&#x13;	Uw&lt;2~ &#x16;[}I?&#x4;&amp;rh-O&#x1B;&#x11;3xn:\!&#x17;c&#x5;J@&#xC;"
88:
NonEmptyString "&amp;&#x1C;&gt;
OEg3xn&#x10;\!&#x17;9/{@bX$i&#xB;&#x1;Mo4"
89:
NonEmptyString "H&#x1C;,&#x2;09"
90:
NonEmptyString "5jnA4&#x18;L&#x1D;I;&#x1B;.es&#x2;xn*)P'w&#x4;@	
/./,=u&#x16;&#x5;Q&#x16;&#xC;.$p5WM&#x19;^"
91:
NonEmptyString "OE
,xn3U!&#x17;9~t@b'&#x1D;"
92:
NonEmptyString "&#x1A;f&#x8;MCe1'l&#xE;ZP&#x15;7&#x3;y&gt;`V"D	"
93:
NonEmptyString "Q&#x1C;a&#x6;Yr7YO&#x1B;`&#x2;x&#x1A;f
Q4w&lt;&#x8;*BK:0)e|Ur5z"
94:
NonEmptyString "&lt;&#xE;"
95:
NonEmptyString "7Y%&#x1B;`&#x2;ND	+"
96:
NonEmptyString "&gt;9F&#x5;NC]RsJ(&#x1E;@6{Gi_$p&#x12;&#x8;*&#x19;;1S02P_A&#x4;lsQ&#x19;VrXm}@bX"
97:
NonEmptyString "/"
98:
NonEmptyString "&#x13;&#x5;3Ka&#x4;si5z&#x1C;&#x12;&lt;b"V&#x17;X&#x14;6,Nw&#xC;7&#x11;#l&#x19;d"
99:
NonEmptyString "o;"
Ok, passed 100 tests.</StdOut>
      </Output>
    </UnitTestResult>
    <UnitTestResult executionId="bcb47511-fe42-46a4-beda-20e76552886e" testId="9bea6e9f-4828-1716-c801-b2d59a1ab1e4" testName="GetByteLength_StringIsNotEmpty_ReturnsExectedValue" computerName="ICSWS068" duration="00:00:00.0246343" startTime="2016-08-04T09:56:16.0772496+02:00" endTime="2016-08-04T09:56:16.1027726+02:00" testType="13cdc9d9-ddb5-4fa4-a97d-d965ccfc6d4b" outcome="Passed" testListId="8c84fa94-04c1-424b-9868-57a2d4851a1d" relativeResultsDirectory="bcb47511-fe42-46a4-beda-20e76552886e">
      <Output>
        <StdOut>0:
NonEmptyString "6&#xB;CP"
1:
NonEmptyString "i"
2:
NonEmptyString "pf"
3:
NonEmptyString "+wm2T"
4:
NonEmptyString "
@\v^	]"
5:
NonEmptyString "Oa$i"
6:
NonEmptyString "I&#x5;"
7:
NonEmptyString "a-#h
VL"
8:
NonEmptyString "*&#xF;"
9:
NonEmptyString "+Dp7&lt;"
10:
NonEmptyString "Y{q=&#x2;$&#x1A;"
11:
NonEmptyString "^&#x16;2&#x11;	"
12:
NonEmptyString "r"
13:
NonEmptyString ":\Rt@&#x5;{&#x1D;"
14:
NonEmptyString "&#x18;"
15:
NonEmptyString "kC&#x11;~&lt;CUK&#x17;9~"
16:
NonEmptyString "&#x15;&#x4;"
17:
NonEmptyString "&gt;`"
18:
NonEmptyString "e"
19:
NonEmptyString "OW#&#x19;&#x1D;&#xF;"
20:
NonEmptyString "t"
21:
NonEmptyString ".P&#x1C;aWyo
"
22:
NonEmptyString "&lt;&#x17;e"
23:
NonEmptyString "L&amp;"
24:
NonEmptyString "FJ&#x6;DXQ@&#xC;QGi5+p&#x12;&#x8;T&#x19;;1"
25:
NonEmptyString "&#x10;&#x6;"
26:
NonEmptyString "b'"
27:
NonEmptyString "Z1&#x12;ct&gt;o]&#x17;"
28:
NonEmptyString "&#x7;)"
29:
NonEmptyString "uk"
30:
NonEmptyString "}',KHc=&#x19;:~L&#xE;~&#x1F;&#x15;-&#x11;&#x1E;H"
31:
NonEmptyString ".$"
32:
NonEmptyString ";1$&#x1C;&#x19;+!C&#xF;TJl8"
33:
NonEmptyString "XN"
34:
NonEmptyString "Z&#x1F;A"
35:
NonEmptyString "&#xF;hIYE 
"U"
36:
NonEmptyString "jMLFU}&#x1C;fKit&gt;B-&#x1E;,VJT]8"
37:
NonEmptyString "@bX"
38:
NonEmptyString "&#x16;&#xF;"$-u:*$o$"
39:
NonEmptyString "Y"
40:
NonEmptyString "KK:)KAc/tj&#xC;&#x2;&#x1D;"
41:
NonEmptyString ";]S&#x1F;d&#x6;|H/%G6XNp&lt;&#x1;w&#x19;e* B8SI"
42:
NonEmptyString "=_$&#x1A;&lt;&#x8;~Ce1'l&#xE;&#x4;P&#x15;7-"
43:
NonEmptyString "J&#xF;1}s8ZP&#x1C;a&#x3;yEg,"n&#x10;"
44:
NonEmptyString "&#xF;.`"
45:
NonEmptyString "S&#x18;:"
46:
NonEmptyString "Sl&#xE;&#x4;&amp;&#x15;7-Ot&#x6;&#x4;&#xC;Xq`V(S"
47:
NonEmptyString "&#x13;V&#x1B;=	Df2"
48:
NonEmptyString "&#x1A;3x&#x1A;&#x10;2~C9['lb&#x4;P&#x15;"
49:
NonEmptyString "}&#x1F;&#xE;"
50:
NonEmptyString "yo&#x11;]"&#x18;:&#x6;|Ac/%j&#xC;&#x2;Np5+"
51:
NonEmptyString ","
52:
NonEmptyString "K8J@bXsi&#xB;&#x1;&#x1C;&#x12;4*v;]Sud&#x6;|&#x1E;/%G=XNpf&#x1;w&#x19;&#xF;[ B8"
53:
NonEmptyString ")D:\R&#x1E;c"
54:
NonEmptyString "5$p5+M&#x19;^TvB&#x7;}&#x1F;&#x15;a&amp;H&gt;
Oqg	x&#x1A;&#x10;2~C9['lb&#x4;z&#x15;"
55:
NonEmptyString "o&gt;D\KARtj6{"
56:
NonEmptyString "CUK&#x17;9~t&#x16;b&#x7;7G)5L!=u8}&#x1F;&#x15;a&amp;"
57:
NonEmptyString "@"
58:
NonEmptyString "ka-O&#x14;
,xn3U!&#x17;"
59:
NonEmptyString "b&#x1F;-k.P&#x15;a"
60:
NonEmptyString "!f&#x8;~J&#xF;1"
61:
NonEmptyString "xD	!&#x17;c"
62:
NonEmptyString "+"
63:
NonEmptyString "lTJlb.s&#x15;&#xB;W&#x1C;&gt;4VEg]K&#x10;&#x6;(&#x1E;zd&#xC;wH7-O&#x1B;`VxD	!&#x17;c(J"
64:
NonEmptyString "Y&lt;$&#x1A;&lt;2~Ce['l&#xE;&#x4;&amp;&#x15;7-O&#x1B;`VxD	&#x1D;&#xC;X&#x1D;&#x13;5&#x1;"
65:
NonEmptyString "	lL87&#x2;/bmsz,sB ]e&#x4;.U&#x3;x&#x10;\"
66:
NonEmptyString "-r&#x14;`V&#x1B;=3!f\(J&#xF;&#x5;Qs8.P&#x1C;&#x12;"
67:
NonEmptyString "Zf^g]uA&#x6;(&#x1E;j/QGiXzp&#x12;^#&#x19;;&#x7;LBdZ&amp;k&#x3;O&#x14;6"
68:
NonEmptyString "CeTvl&#xE;Z&#x1F;&#x15;7&#x3;H&gt;`Vqg	K&#x10;2(J9[Qsb&#x4;z&#x1C;h-#E;"
69:
NonEmptyString "K&#x10;2(J&#x16;[Qs?&#x4;z&#x1C;h^#"
70:
NonEmptyString "lb'I&#x15;&#xB;Pr&gt;4V&#x1B;&#x11;]D:&#x6;(mc&#x5;Q-4"
71:
NonEmptyString "q&#x5;'X:v&#xB;+1&#x7;JD3:"
72:
NonEmptyString "XzF&#xB;&#x1;#&#x19;4*LB]Suk7|&#x1E;&#x14;6%G=_+pf&#x8;T&#x19;&#xF;1'B8ZP&#x1C;a&#x3;yE"
73:
NonEmptyString "e&#x17;/0_Wo2w&#x19;e[}B&#xE;&#x4;&amp;"
74:
NonEmptyString "/{q&#x13;XN&#x1A;&lt;&#x1;wCe* l&#xE;&#x4;I"
75:
NonEmptyString
  "&#x17;0Zs8ZP&#x1C;a&#x3;yE
,"D&#x10;UKm9~t&#x16;&#xC;'&#x1D;?5&#x1;Fh^*o&#x11;&#x7;)&#x18;:0R&#x1E;cY{G&#xC;&#x2;$&#x1A;f+MC&#xF;Tvl8}&#x1F;&#x15;7&#x3;&#x18;mA- c"
76:
NonEmptyString "5"
77:
NonEmptyString "2(J&#x16;[Qs?5z&#x1C;&#x12;^#E;&#x7;Lnd&#x6;R&#x17;/"
78:
NonEmptyString "&#x4;&#x18;2@/%nA%#}&#x15;&#x13;"
79:
NonEmptyString "8:q &#x15;/&#x17;^&#x11;:X&#x17;
&#xB;$F&#xB;&#x1;Mo&#x17;yh4*o&#x11;]S&#x18;"
80:
NonEmptyString "&#xF;1}B8ZPka&#x3;y"
81:
NonEmptyString "&#x7;2"
82:
NonEmptyString "C3&#x11;]Su&#x15;.P&#x15;"
83:
NonEmptyString "DoOcG#&#x16;"
84:
NonEmptyString "H&gt;YOqg3x&#x1A;&#x10;2!C9[Jlb&#x4;P&#x15;&#xB;-#&gt;4VL"
85:
NonEmptyString "X$i_&#x1;MC&#x8;* l1SI&#x15;Z|r&gt;`%&#x1B;=	NDf2wmjr.#&#x1D;6X&#x1D;&#x13;5&#x1;w&lt;^* e&#x7;SI&#xE;0&amp;r&#x14;YO&#x1B;=&#x2;x&#x1A;f"
86:
NonEmptyString "S{j6{q&#x13;_U&#x1A;&lt;&#x8;~Ce['l&#xE;&#x4;Pr7"
87:
NonEmptyString "B"
88:
NonEmptyString "[}s?&#x4;&amp;&#x1C;&gt;-OEgVxn&#x10;\!&#x17;9/J@bX$i&#xB;&#x1;M&#x12;4*L;]S"
89:
NonEmptyString "Z+*I"
90:
NonEmptyString "%BU&#xB;U&#x10;6MHWu)&#x3;o-F"
91:
NonEmptyString "&#xB;-rh4V&#x1B;&#x11;3u:\(&#x1E;c&#x5;Q"
92:
NonEmptyString "}s&#x15;&#x4;&amp;&#x1C;&gt;
OEg3xn&#x10;&#x6;!&#x17;9/{@bXzi&#xB;&#x1;#&#x12;4*L&#x18;]Suk&#x6;|&#x1E;&#x14;`"
93:
NonEmptyString "&#x1A;_UwC9~ &#x16;b'I?&#xB;"
94:
NonEmptyString "yp&#x2;iz=&#x2;0&gt;C+!C9&#x5;Jlb&#x4;s&#x15;"
95:
NonEmptyString "a&#x2;~'&#x1;ud0uk&#x3;O&#x14;6,x=_U!C&#x8;~ l1"
96:
NonEmptyString "L&#x18;]u&#x17;&#x6;(&#x1E;@&#xC;Q"
97:
NonEmptyString "&#x1A;:NH7"
98:
NonEmptyString "(J@b.si&#xB;&#x1;&#x1C;&#x12;4*v;]Sud&#x6;|&#x1E;/%G&#x13;XNpf&#x1;w&#x19;&#xF;* B8&#x4;Ika&#x3;r&#x14;
,x"
99:
NonEmptyString "u&#x17;c(&#x1E;@&#xC;QGi5&#x15;;* l1SI&#x15;7|r&gt;`%&#x1B;=	NDf2(m&#xF;&#x5;Q"
Ok, passed 100 tests.</StdOut>
      </Output>
    </UnitTestResult>
    <UnitTestResult executionId="386e28e4-76f7-4e41-a7af-a2947a114594" testId="de88913f-be6d-7ebb-dc9c-58d2e5af31a8" testName="GetByteLength_StringIsEmpty_ReturnsZero" computerName="ICSWS068" duration="00:00:00.0002316" startTime="2016-08-04T09:56:16.1057749+02:00" endTime="2016-08-04T09:56:16.1072763+02:00" testType="13cdc9d9-ddb5-4fa4-a97d-d965ccfc6d4b" outcome="Passed" testListId="8c84fa94-04c1-424b-9868-57a2d4851a1d" relativeResultsDirectory="386e28e4-76f7-4e41-a7af-a2947a114594" />
    <UnitTestResult executionId="10522964-f664-41b9-9c2d-a996e1d05e8a" testId="a117dacb-f111-8017-36fd-8b19506cc635" testName="GetByteLength_SecureStringIsNull_Throws" computerName="ICSWS068" duration="00:00:00.0005577" startTime="2016-08-04T09:56:16.1097777+02:00" endTime="2016-08-04T09:56:16.1112792+02:00" testType="13cdc9d9-ddb5-4fa4-a97d-d965ccfc6d4b" outcome="Passed" testListId="8c84fa94-04c1-424b-9868-57a2d4851a1d" relativeResultsDirectory="10522964-f664-41b9-9c2d-a996e1d05e8a" />
    <UnitTestResult executionId="6d4dddee-a677-481c-b101-e6fcf8481e9f" testId="bb3e8f69-6762-e28d-d1a8-ccd4ab442751" testName="GetBytes_StringIsEmpty_ReturnsEmptyArray" computerName="ICSWS068" duration="00:00:00.0001413" startTime="2016-08-04T09:56:16.1137803+02:00" endTime="2016-08-04T09:56:16.1147818+02:00" testType="13cdc9d9-ddb5-4fa4-a97d-d965ccfc6d4b" outcome="Passed" testListId="8c84fa94-04c1-424b-9868-57a2d4851a1d" relativeResultsDirectory="6d4dddee-a677-481c-b101-e6fcf8481e9f" />
    <UnitTestResult executionId="7f113028-c2b9-4cc6-b5b5-5cf655675cfd" testId="e3d6b0ca-ddab-d272-714d-ec518d32fb59" testName="GetBytes_StringIsNotEmpty_ReturnsExectedBytes" computerName="ICSWS068" duration="00:00:00.0242190" startTime="2016-08-04T09:56:16.1172832+02:00" endTime="2016-08-04T09:56:16.1430889+02:00" testType="13cdc9d9-ddb5-4fa4-a97d-d965ccfc6d4b" outcome="Passed" testListId="8c84fa94-04c1-424b-9868-57a2d4851a1d" relativeResultsDirectory="7f113028-c2b9-4cc6-b5b5-5cf655675cfd">
      <Output>
        <StdOut>0:
NonEmptyString "&#x7;"
1:
NonEmptyString "K"
2:
NonEmptyString ";1"
3:
NonEmptyString "&#x7;}&#x1F;"
4:
NonEmptyString "`;&#x3;r"
5:
NonEmptyString "4"
6:
NonEmptyString "%D&#xF;!H7"
7:
NonEmptyString "&#x14;j"
8:
NonEmptyString "&#xF;Z|s"
9:
NonEmptyString "&#x3;ws^G}Y&lt;"
10:
NonEmptyString "XL\	&#x11;bv&#x3;&#x14;S7"
11:
NonEmptyString "]"
12:
NonEmptyString "eMyt=2eUg]"
13:
NonEmptyString "v=q&#xF;"
14:
NonEmptyString "}nR1\&#x19;&#x1C;"
15:
NonEmptyString "@p&#xC;P?&#xB;PFh4y"
16:
NonEmptyString "Ga&#x10;S&#x18;:0"
17:
NonEmptyString "U&#x19;"
18:
NonEmptyString "z"
19:
NonEmptyString "&#xB;"&#x19;2TJ&#xF;[}s8Z"
20:
NonEmptyString "=_+!f&#x8;TJ&#xF;"
21:
NonEmptyString "`2Zr
&#x1D;Rju@&#x3;Hj`,q&#x13;	U"
22:
NonEmptyString "h4bY&#x14;	\)V."
23:
NonEmptyString "&#x7;"
24:
NonEmptyString "4V"&#x18;]KA&#x6;(tj&#xC;QG&#x13;5zp"
25:
NonEmptyString "&#x3;"
26:
NonEmptyString "&#x1D;&#xC;"
27:
NonEmptyString "&#x16;|]a&#x6; &#x18;;&#x1D;_&#x1C;I"
28:
NonEmptyString "C9~ lb'I&#x15;&#xB;-r&gt;4V&#x1B;&#x11;]D:"
29:
NonEmptyString "D"
30:
NonEmptyString "I&#x15;7-"
31:
NonEmptyString "&#x10;"
32:
NonEmptyString "H&#x3;Oq6,x&#x1A;_"
33:
NonEmptyString "7&amp;rh
OE&#x11;3xn:\R&#x17;c&#x5;"
34:
NonEmptyString "6H&gt;`,"g	K&#x10;2(t9[Q&#x1D;"
35:
NonEmptyString "&amp;ZI?aPrh
y&#x1B;&#x11;3"D:\Rmc&#x5;"
36:
NonEmptyString "&#x14;
,qg3U&#x19;"
37:
NonEmptyString "RC\L@"
38:
NonEmptyString "$&#x1A;f"
39:
NonEmptyString "?QG&#x13;5zp&lt;^T&#x19;e&#x7;}Bd0&amp;k"
40:
NonEmptyString "dSI&#x15;Z|"
41:
NonEmptyString "4VL&#x18;]"
42:
NonEmptyString "(k0"
43:
NonEmptyString "$6,N&#x1A;_Uwm9~ &#x16;b'I?&#xB;Prh
V&#x1B;&#x11;3D:\(mc&#x5;{G"
44:
NonEmptyString "N"
45:
NonEmptyString "dm&#x10;M"
46:
NonEmptyString "RH&#x14;6,q=_U&#x1A;&lt;&#x8;~Ce14A}.9+pl8d"5&gt;&#x1B;&#x1C;m"
47:
NonEmptyString ";z&#xC;X&#x1C;m^w&#x19;"
48:
NonEmptyString "Vy&#xB;&#x1;#o4*L&#x18;&#xE;S"
49:
NonEmptyString "m&#x6;Kmc&#x5;Q&#x16;&#xC;"
50:
NonEmptyString "Gp&#x17;"
51:
NonEmptyString "&#x12;eCP&#x13;XzF&lt;&#x1;#"
52:
NonEmptyString "0I&#xE;0&amp;r7YOq`&#x2;xt"
53:
NonEmptyString "u&#x14;`F\_"
54:
NonEmptyString "&#x4;&amp;ka-OE
Vxn3U!&#x17;\~J"
55:
NonEmptyString "3,'A"
56:
NonEmptyString ")&#x1B;bbB"
57:
NonEmptyString "&amp;&#x1F;&#x1D;44"*]67&#x6;-&#x1;&#x4;rmI[Qs?&#x4;"
58:
NonEmptyString "&#x1D;@/{@6XN&#x1A;_&#x1;wC&#x8;* l1SIk7|r&#x14;`%&#x1B;=	NDf"
59:
NonEmptyString "j?"&#x11;]S&#x18;:&#x6;|AcY%G&#xC;&#x2;Np5+w&#x19;&#xF;TvB8}&#x1F;ka&amp;H&#x14;
,qg3U&#x1A;&#x10;\~C9['Z:#"
60:
NonEmptyString "_$&#x1A;&lt;"
61:
NonEmptyString "E&#x11;V#)&lt;p&#x10;-&#x1B;l1-d[8&#x14;&#x16;d&#xB;-"
62:
NonEmptyString "7-"
63:
NonEmptyString "(j1)&#x19;{Pi&#xB;PFh4yo&#x11;]S&#x18;:0|AcY%j&#xC;&#x2;Np5+M&#x19;^TvB8}&#x1F;ka&amp;H&gt;
"
64:
NonEmptyString "q=&#x2;x&#x1A;f"
65:
NonEmptyString "&#x13;5&#x1;F&lt;^*oe&#x7;"
66:
NonEmptyString "&#x1A;/q&#x3;F&#xB;-yo&#x11;VL&#x18;:uAc(&#x1E;j&#xC;&#x2;Gi5"
67:
NonEmptyString "&#x15;1*S,~ak&gt;P&#x1C;&#x12;4yo;]"&#x18;d&#x6;|A/"
68:
NonEmptyString "Pkh)&#x5;Hc]U"
69:
NonEmptyString ",GX}Vo&#x11;VL&#x18;:u&#x17;cY&#x1E;@&#xC;&#x2;Gi5+p&#x12;&#x8;Tv;1}"
70:
NonEmptyString "x&#x1A;_+!C"
71:
NonEmptyString "+&lt;&#x10;lh&#x1E;bJ&#x6;"
72:
NonEmptyString "tbm-&amp;Tz(3&#x14;"
73:
NonEmptyString "%G&#x1D;&#x13;"
74:
NonEmptyString "_&#x1;MCe* l&#xE;SI&#x15;7|r&gt;`V&#x1B;=	Df2(m&#xF;&#x5;Qs8.z&#x1C;aW"
75:
NonEmptyString "*v&#x18;&#xE;SuA7|&#x1E;j`%G&#x13;	+"
76:
NonEmptyString "-&#x17;!"
77:
NonEmptyString "&#xE;&#x4;+&#x1A;	+!C2T"
78:
NonEmptyString ";y$DPvl&#x1B;Qq8'&#x16;A9"
79:
NonEmptyString "K&#x17;9~t@bX&#x1D;i&#xB;"
80:
NonEmptyString "P&#x2;&#x15;L&#x7;m&#xB;P)H	"
81:
NonEmptyString "&#x5;{&#x1D;&#xC;.$"
82:
NonEmptyString "~fQ"
83:
NonEmptyString "(&#x1E;c&#x5;QGi.$p&#x12;WM&#x19;;1vBdZ&#x1F;A&#x3;Hj6,N&#x13;	Uw,&#x1B;&#x11;3"D:\(mc&#x5;{&#x16;&#xC;.$"
84:
NonEmptyString "TJ&#x16;[}s?&#x4;&amp;&#x1C;&gt;-OEg3xn&#x10;\!&#x17;9/J@bX$i&#xB;&#x1;M&#x12;4*L&#x18;]SuA&#x6;|&#x1E;&#x14;/%G=	Npf2w&#x19;"
85:
NonEmptyString "&#x1F;&#xE;}&#x1F;&#x15;7&amp;H&gt;`,qg"
86:
NonEmptyString "9F~_&#x1A;&#x17;N&#x10; 2~t&#x16;[Q&#x1D;?&#x4;zFh^#o&#x11;&#x7;Ln:0R&#x17;cY{@6H1&#x11;&#x8; q?QGi"
87:
NonEmptyString "y&gt;`,"g	UKm2~t&#x16;[Q&#x1D;?&#x4;zFhy"
88:
NonEmptyString "D"
89:
NonEmptyString "&#x1E;c`pzP~&#x19;&#x1;l`&lt;|"
90:
NonEmptyString "a&amp;&#x1C;h
OE&#x11;3xn&#x10;\R&#x17;9&#x5;{@b.$i&#xB;&#x1;Mo4*v&#x18;]S&#x1F;A7|&#x1E;j`%G&#x13;	"
91:
NonEmptyString "KA&#x6;(tj/Q&#x1D;&#x13;5Fip|O$&gt;-&#x1C;&gt;4V"g]u&#x10;&#x6;("
92:
NonEmptyString "[d&#x10;Ju"
93:
NonEmptyString "sI8&#x4;"
94:
NonEmptyString "_;Mg&#xC;6%z]nT&#xC;"
95:
NonEmptyString "3 &#x6;&#x1F;o^T e&#x7;}Ik0&amp;r&#x14;Y"
96:
NonEmptyString "`ff/r&#x14;YO&#x1B;=3xDf\!m&#xF;!&#x2;3F&#x3;1&#x1B;&#x8;e["
97:
NonEmptyString ".PX&#x17;&#xB;$F&#xB;&#x1;Mo4*v&#x18;&#xE;SuA7|&#x1E;j`&#x2;G&#x13;	+pf2T&#x1A;&#x19;rz'N6&#x1F;C7==S7&amp;r"
98:
NonEmptyString "62}&#x1F;	BoxniK`3&#x1F;8i&#x19;G[&#x11;~0pxv.q6X$"
99:
NonEmptyString "&#x1E;&#x11;T&#x19;;&#x7;}BdZ"
Ok, passed 100 tests.</StdOut>
      </Output>
    </UnitTestResult>
    <UnitTestResult executionId="0c7a2b55-fb8e-40fc-b1e4-aa867b619668" testId="42c9de9b-9e00-aa81-3b60-0600a5ec0e1d" testName="ToCharArray_SecureStringIsNull_Throws" computerName="ICSWS068" duration="00:00:00.0007357" startTime="2016-08-04T09:56:16.1456059+02:00" endTime="2016-08-04T09:56:16.1475915+02:00" testType="13cdc9d9-ddb5-4fa4-a97d-d965ccfc6d4b" outcome="Passed" testListId="8c84fa94-04c1-424b-9868-57a2d4851a1d" relativeResultsDirectory="0c7a2b55-fb8e-40fc-b1e4-aa867b619668" />
    <UnitTestResult executionId="d565da16-60e2-4ecb-80c0-0c321dd452dd" testId="8b2ea03b-ffad-c5b8-8028-f608d4bc037e" testName="ToCharArray_SecureStringIsEmpty_ReturnsEmptyArray" computerName="ICSWS068" duration="00:00:00.0002677" startTime="2016-08-04T09:56:16.1495932+02:00" endTime="2016-08-04T09:56:16.1515943+02:00" testType="13cdc9d9-ddb5-4fa4-a97d-d965ccfc6d4b" outcome="Passed" testListId="8c84fa94-04c1-424b-9868-57a2d4851a1d" relativeResultsDirectory="d565da16-60e2-4ecb-80c0-0c321dd452dd" />
    <UnitTestResult executionId="2e171080-cf01-4abc-a7a5-fe3c920ad73b" testId="c2cf2dd2-56bf-4d07-d752-8756e63fc9ba" testName="ToCharArray_SecureStringIsNotEmpty_ReturnCharArray" computerName="ICSWS068" duration="00:00:00.0002800" startTime="2016-08-04T09:56:16.1540969+02:00" endTime="2016-08-04T09:56:16.1555981+02:00" testType="13cdc9d9-ddb5-4fa4-a97d-d965ccfc6d4b" outcome="Passed" testListId="8c84fa94-04c1-424b-9868-57a2d4851a1d" relativeResultsDirectory="2e171080-cf01-4abc-a7a5-fe3c920ad73b" />
    <UnitTestResult executionId="0a205b9a-4af4-4dc5-9689-bcbcf179bbf8" testId="b0b47815-c98b-e28d-16a9-f5b851781338" testName="Encode_NonEmptyNothingToEncodeStringToString_Success" computerName="ICSWS068" duration="00:00:00.0017685" startTime="2016-08-04T09:56:16.1580989+02:00" endTime="2016-08-04T09:56:16.1611182+02:00" testType="13cdc9d9-ddb5-4fa4-a97d-d965ccfc6d4b" outcome="Passed" testListId="8c84fa94-04c1-424b-9868-57a2d4851a1d" relativeResultsDirectory="0a205b9a-4af4-4dc5-9689-bcbcf179bbf8" />
    <UnitTestResult executionId="7cdfba2a-55c3-4982-b841-547f3d96d222" testId="b648826a-5863-5fd1-970b-c0c57432b7bb" testName="Encode_NonEmptyNothingToEncodeStringToStream_Success" computerName="ICSWS068" duration="00:00:00.0002841" startTime="2016-08-04T09:56:16.1631449+02:00" endTime="2016-08-04T09:56:16.1646319+02:00" testType="13cdc9d9-ddb5-4fa4-a97d-d965ccfc6d4b" outcome="Passed" testListId="8c84fa94-04c1-424b-9868-57a2d4851a1d" relativeResultsDirectory="7cdfba2a-55c3-4982-b841-547f3d96d222" />
    <UnitTestResult executionId="65748de7-cda9-498f-a92a-3b9c5d70340d" testId="f675f3b2-399d-1df9-f079-bf6ee74e2abd" testName="Encode_NonEmptyNothingToEncodeSteamToStream_Success" computerName="ICSWS068" duration="00:00:00.0002442" startTime="2016-08-04T09:56:16.1671322+02:00" endTime="2016-08-04T09:56:16.1686342+02:00" testType="13cdc9d9-ddb5-4fa4-a97d-d965ccfc6d4b" outcome="Passed" testListId="8c84fa94-04c1-424b-9868-57a2d4851a1d" relativeResultsDirectory="65748de7-cda9-498f-a92a-3b9c5d70340d" />
    <UnitTestResult executionId="4b440d49-1cd9-472b-b17a-2f4138510a68" testId="ee281e62-a94c-8646-4d5c-d010a0e0c905" testName="Encode_NonEmptyNothingToEncodeSteamToString_Success" computerName="ICSWS068" duration="00:00:00.0003422" startTime="2016-08-04T09:56:16.1711526+02:00" endTime="2016-08-04T09:56:16.1726556+02:00" testType="13cdc9d9-ddb5-4fa4-a97d-d965ccfc6d4b" outcome="Passed" testListId="8c84fa94-04c1-424b-9868-57a2d4851a1d" relativeResultsDirectory="4b440d49-1cd9-472b-b17a-2f4138510a68" />
    <UnitTestResult executionId="3617c66f-f8ed-499c-afeb-6f24057695e1" testId="2cb7053c-f5e6-879c-e3e7-325b450aa7f7" testName="Encode_EscapeEmptyStringConvertAttributes_Success" computerName="ICSWS068" duration="00:00:00.0001976" startTime="2016-08-04T09:56:16.1751766+02:00" endTime="2016-08-04T09:56:16.1766772+02:00" testType="13cdc9d9-ddb5-4fa4-a97d-d965ccfc6d4b" outcome="Passed" testListId="8c84fa94-04c1-424b-9868-57a2d4851a1d" relativeResultsDirectory="3617c66f-f8ed-499c-afeb-6f24057695e1" />
    <UnitTestResult executionId="a21797c1-cf71-4cd7-b254-d5bb48e87958" testId="dfc6ef7e-e58a-dcab-2070-4945f98239c7" testName="Encode_EscapeEmptyStringDoNotConvertAttributes_Success" computerName="ICSWS068" duration="00:00:00.0001046" startTime="2016-08-04T09:56:16.1786769+02:00" endTime="2016-08-04T09:56:16.1796636+02:00" testType="13cdc9d9-ddb5-4fa4-a97d-d965ccfc6d4b" outcome="Passed" testListId="8c84fa94-04c1-424b-9868-57a2d4851a1d" relativeResultsDirectory="a21797c1-cf71-4cd7-b254-d5bb48e87958" />
    <UnitTestResult executionId="97c86fd1-2be1-4546-b192-9365e432e6e5" testId="63734ecd-0ce3-cf6e-1caf-0bbd235a72a0" testName="Encode_NonEmptyNothingEscapableConvertAttributes_Success" computerName="ICSWS068" duration="00:00:00.0001595" startTime="2016-08-04T09:56:16.1816654+02:00" endTime="2016-08-04T09:56:16.1836692+02:00" testType="13cdc9d9-ddb5-4fa4-a97d-d965ccfc6d4b" outcome="Passed" testListId="8c84fa94-04c1-424b-9868-57a2d4851a1d" relativeResultsDirectory="97c86fd1-2be1-4546-b192-9365e432e6e5" />
    <UnitTestResult executionId="b050c1b5-857b-4cb9-bea0-41e599001fb1" testId="d8e7e18e-487c-ee76-b07b-7f418da3a07d" testName="Encode_NonEmptyNothingEscapableDoNotConvertAttributes_Success" computerName="ICSWS068" duration="00:00:00.0001284" startTime="2016-08-04T09:56:16.1861882+02:00" endTime="2016-08-04T09:56:16.1876720+02:00" testType="13cdc9d9-ddb5-4fa4-a97d-d965ccfc6d4b" outcome="Passed" testListId="8c84fa94-04c1-424b-9868-57a2d4851a1d" relativeResultsDirectory="b050c1b5-857b-4cb9-bea0-41e599001fb1" />
    <UnitTestResult executionId="fcec124c-6210-4053-ace2-5f8aa7addc16" testId="1ce2a322-4a40-c067-005c-3547120ea42e" testName="Encode_NonEmptyEverythingEscapableConvertAttributes_Success" computerName="ICSWS068" duration="00:00:00.0001612" startTime="2016-08-04T09:56:16.1901761+02:00" endTime="2016-08-04T09:56:16.1916758+02:00" testType="13cdc9d9-ddb5-4fa4-a97d-d965ccfc6d4b" outcome="Passed" testListId="8c84fa94-04c1-424b-9868-57a2d4851a1d" relativeResultsDirectory="fcec124c-6210-4053-ace2-5f8aa7addc16" />
    <UnitTestResult executionId="c4fe61be-b675-4b43-a633-6d2a43f2db93" testId="01c1d926-b0a7-e221-fc79-045e5c5f4d04" testName="Encode_NonEmptyEverythingEscapableDoNotConvertAttributes_Success" computerName="ICSWS068" duration="00:00:00.0001360" startTime="2016-08-04T09:56:16.1939992+02:00" endTime="2016-08-04T09:56:16.1955015+02:00" testType="13cdc9d9-ddb5-4fa4-a97d-d965ccfc6d4b" outcome="Passed" testListId="8c84fa94-04c1-424b-9868-57a2d4851a1d" relativeResultsDirectory="c4fe61be-b675-4b43-a633-6d2a43f2db93" />
    <UnitTestResult executionId="7b470b32-1dd1-4e6b-a96d-347cae687960" testId="eb50af03-2520-041c-0a14-e055778d10d2" testName="Encode_BrokenXmlConvertAttributes_Success" computerName="ICSWS068" duration="00:00:00.0001589" startTime="2016-08-04T09:56:16.1980226+02:00" endTime="2016-08-04T09:56:16.1995032+02:00" testType="13cdc9d9-ddb5-4fa4-a97d-d965ccfc6d4b" outcome="Passed" testListId="8c84fa94-04c1-424b-9868-57a2d4851a1d" relativeResultsDirectory="7b470b32-1dd1-4e6b-a96d-347cae687960" />
    <UnitTestResult executionId="f9fad411-adb3-4b31-9b79-e43f4e900663" testId="88449547-415c-fa9e-adc4-04e9ab7d6bfc" testName="Encode_BrokenXmlDoNotConvertAttributes_Success" computerName="ICSWS068" duration="00:00:00.0001909" startTime="2016-08-04T09:56:16.2015231+02:00" endTime="2016-08-04T09:56:16.2030049+02:00" testType="13cdc9d9-ddb5-4fa4-a97d-d965ccfc6d4b" outcome="Passed" testListId="8c84fa94-04c1-424b-9868-57a2d4851a1d" relativeResultsDirectory="f9fad411-adb3-4b31-9b79-e43f4e900663" />
    <UnitTestResult executionId="94b75ace-6773-47b8-9af2-7a6885c1fc58" testId="74cbec70-d639-d65a-4282-bf58c25dd008" testName="Encode_XmlConvertAttributes_Success" computerName="ICSWS068" duration="00:00:00.0001548" startTime="2016-08-04T09:56:16.2055095+02:00" endTime="2016-08-04T09:56:16.2065251+02:00" testType="13cdc9d9-ddb5-4fa4-a97d-d965ccfc6d4b" outcome="Passed" testListId="8c84fa94-04c1-424b-9868-57a2d4851a1d" relativeResultsDirectory="94b75ace-6773-47b8-9af2-7a6885c1fc58" />
    <UnitTestResult executionId="5a276bb4-efe3-4582-bca9-14757685f116" testId="24366f7c-23cc-ac98-1bad-c7fde0399992" testName="Encode_XmlDoNotConvertAttributes_Success" computerName="ICSWS068" duration="00:00:00.0001607" startTime="2016-08-04T09:56:16.2090112+02:00" endTime="2016-08-04T09:56:16.2105282+02:00" testType="13cdc9d9-ddb5-4fa4-a97d-d965ccfc6d4b" outcome="Passed" testListId="8c84fa94-04c1-424b-9868-57a2d4851a1d" relativeResultsDirectory="5a276bb4-efe3-4582-bca9-14757685f116" />
    <UnitTestResult executionId="1dc031e5-bef1-4a67-9939-0e817970c38b" testId="9c8a8342-ed81-76b5-d6d9-2ff892c41277" testName="Encode_AlreadyEscapedConvertAttributes_Success" computerName="ICSWS068" duration="00:00:00.0001442" startTime="2016-08-04T09:56:16.2130074+02:00" endTime="2016-08-04T09:56:16.2145114+02:00" testType="13cdc9d9-ddb5-4fa4-a97d-d965ccfc6d4b" outcome="Passed" testListId="8c84fa94-04c1-424b-9868-57a2d4851a1d" relativeResultsDirectory="1dc031e5-bef1-4a67-9939-0e817970c38b" />
    <UnitTestResult executionId="dd4cf364-04c3-454c-936d-c7adbc87d9ce" testId="e10a6fd2-fa7a-8383-3341-42895ccdf49b" testName="Encode_AlreadyEscapedDoNotConvertAttributes_Success" computerName="ICSWS068" duration="00:00:00.0001548" startTime="2016-08-04T09:56:16.2170126+02:00" endTime="2016-08-04T09:56:16.2185137+02:00" testType="13cdc9d9-ddb5-4fa4-a97d-d965ccfc6d4b" outcome="Passed" testListId="8c84fa94-04c1-424b-9868-57a2d4851a1d" relativeResultsDirectory="dd4cf364-04c3-454c-936d-c7adbc87d9ce" />
    <UnitTestResult executionId="043eefe1-f242-48dd-af06-299e70e0107d" testId="f42bb1e2-2282-eaee-6e3c-decffeb0c88c" testName="Encode_NonEmptyEverythingEscapableWithInvalidXmlCharConvertAttributes_Success" computerName="ICSWS068" duration="00:00:00.0001926" startTime="2016-08-04T09:56:16.2215157+02:00" endTime="2016-08-04T09:56:16.2234110+02:00" testType="13cdc9d9-ddb5-4fa4-a97d-d965ccfc6d4b" outcome="Passed" testListId="8c84fa94-04c1-424b-9868-57a2d4851a1d" relativeResultsDirectory="043eefe1-f242-48dd-af06-299e70e0107d" />
    <UnitTestResult executionId="513f97b4-3a48-474f-b6a0-7c0baf82ff8f" testId="52fafb7a-eae6-9dea-ae5d-2dc9e9b977b7" testName="Encode_NonEmptyEverythingEscapableWithInvalidXmlCharDoNotConvertAttributes_Success" computerName="ICSWS068" duration="00:00:00.0001407" startTime="2016-08-04T09:56:16.2263969+02:00" endTime="2016-08-04T09:56:16.2273974+02:00" testType="13cdc9d9-ddb5-4fa4-a97d-d965ccfc6d4b" outcome="Passed" testListId="8c84fa94-04c1-424b-9868-57a2d4851a1d" relativeResultsDirectory="513f97b4-3a48-474f-b6a0-7c0baf82ff8f" />
    <UnitTestResult executionId="4b6cd3d2-119e-4bc9-85e3-27b5240c6419" testId="6d78fd8f-c432-6b05-230b-2fdeb75c9fb8" testName="Encode_NonEmptyEverythingEscapableWithTrulyInvalidXmlCharConvertAttributes_Success" computerName="ICSWS068" duration="00:00:00.0001340" startTime="2016-08-04T09:56:16.2299168+02:00" endTime="2016-08-04T09:56:16.2314006+02:00" testType="13cdc9d9-ddb5-4fa4-a97d-d965ccfc6d4b" outcome="Passed" testListId="8c84fa94-04c1-424b-9868-57a2d4851a1d" relativeResultsDirectory="4b6cd3d2-119e-4bc9-85e3-27b5240c6419" />
    <UnitTestResult executionId="b691c021-bfff-443d-8b89-6cb035ccda6f" testId="82aae650-4aae-ab4c-7c3c-775e5f5f0703" testName="Encode_NonEmptyEverythingEscapableWithTrulyInvalidXmlCharDoNotConvertAttributes_Success" computerName="ICSWS068" duration="00:00:00.0001348" startTime="2016-08-04T09:56:16.2333531+02:00" endTime="2016-08-04T09:56:16.2348706+02:00" testType="13cdc9d9-ddb5-4fa4-a97d-d965ccfc6d4b" outcome="Passed" testListId="8c84fa94-04c1-424b-9868-57a2d4851a1d" relativeResultsDirectory="b691c021-bfff-443d-8b89-6cb035ccda6f" />
    <UnitTestResult executionId="be83eb66-1baa-4bb4-9fa4-c513a27d2006" testId="6ae0e632-e31f-bea7-1337-d24abc4a888a" testName="Encode_SurrogatePairConvertAttributes_Success" computerName="ICSWS068" duration="00:00:00.0001120" startTime="2016-08-04T09:56:16.2373568+02:00" endTime="2016-08-04T09:56:16.2383738+02:00" testType="13cdc9d9-ddb5-4fa4-a97d-d965ccfc6d4b" outcome="Passed" testListId="8c84fa94-04c1-424b-9868-57a2d4851a1d" relativeResultsDirectory="be83eb66-1baa-4bb4-9fa4-c513a27d2006" />
    <UnitTestResult executionId="223ce73b-bb22-458c-8067-d01cdcf89122" testId="db98d0a6-3661-12cb-bbf8-27ae95f0897a" testName="Encode_SurrogatePairDoNotConvertAttributes_Success" computerName="ICSWS068" duration="00:00:00.0001337" startTime="2016-08-04T09:56:16.2408585+02:00" endTime="2016-08-04T09:56:16.2418591+02:00" testType="13cdc9d9-ddb5-4fa4-a97d-d965ccfc6d4b" outcome="Passed" testListId="8c84fa94-04c1-424b-9868-57a2d4851a1d" relativeResultsDirectory="223ce73b-bb22-458c-8067-d01cdcf89122" />
    <UnitTestResult executionId="a22bbd4a-8b1a-4438-b098-defeb30a068d" testId="adb5b47f-6895-805c-8db4-9423bb7f9280" testName="Encode_UnclosedXml_NotClosed" computerName="ICSWS068" duration="00:00:00.0001137" startTime="2016-08-04T09:56:16.2443784+02:00" endTime="2016-08-04T09:56:16.2458792+02:00" testType="13cdc9d9-ddb5-4fa4-a97d-d965ccfc6d4b" outcome="Passed" testListId="8c84fa94-04c1-424b-9868-57a2d4851a1d" relativeResultsDirectory="a22bbd4a-8b1a-4438-b098-defeb30a068d" />
    <UnitTestResult executionId="b092ec67-9b5c-427d-8ab4-8190dc8fca17" testId="647ac674-7ca4-34e3-1e8b-5b510b1c6df0" testName="Transform_UnclosedXml_Fails" computerName="ICSWS068" duration="00:00:00.0019870" startTime="2016-08-04T09:56:16.2478634+02:00" endTime="2016-08-04T09:56:16.2518765+02:00" testType="13cdc9d9-ddb5-4fa4-a97d-d965ccfc6d4b" outcome="Passed" testListId="8c84fa94-04c1-424b-9868-57a2d4851a1d" relativeResultsDirectory="b092ec67-9b5c-427d-8ab4-8190dc8fca17" />
    <UnitTestResult executionId="28fa31c5-8d8f-4e3b-84f7-ed2357ad9fd9" testId="9861db84-4dcf-4fd0-b096-bcf984cf8fd4" testName="Transform_EmptyXml_Fails" computerName="ICSWS068" duration="00:00:00.0004864" startTime="2016-08-04T09:56:16.2548682+02:00" endTime="2016-08-04T09:56:16.2563849+02:00" testType="13cdc9d9-ddb5-4fa4-a97d-d965ccfc6d4b" outcome="Passed" testListId="8c84fa94-04c1-424b-9868-57a2d4851a1d" relativeResultsDirectory="28fa31c5-8d8f-4e3b-84f7-ed2357ad9fd9" />
    <UnitTestResult executionId="e230be3a-bafe-4797-86aa-6000b820ef1d" testId="f7faef35-9ec9-c15a-fce3-c01e0d0c52c1" testName="Transform_NullXml_Fails" computerName="ICSWS068" duration="00:00:00.0004618" startTime="2016-08-04T09:56:16.2588896+02:00" endTime="2016-08-04T09:56:16.2613895+02:00" testType="13cdc9d9-ddb5-4fa4-a97d-d965ccfc6d4b" outcome="Passed" testListId="8c84fa94-04c1-424b-9868-57a2d4851a1d" relativeResultsDirectory="e230be3a-bafe-4797-86aa-6000b820ef1d" />
    <UnitTestResult executionId="cf33cabe-2d62-4154-ada8-a79311d3eee7" testId="694e35c3-b353-80db-30db-aab105703800" testName="Transform_SimpleXmlBrokenTemplate_Fails" computerName="ICSWS068" duration="00:00:00.0043588" startTime="2016-08-04T09:56:16.2634874+02:00" endTime="2016-08-04T09:56:16.2691372+02:00" testType="13cdc9d9-ddb5-4fa4-a97d-d965ccfc6d4b" outcome="Passed" testListId="8c84fa94-04c1-424b-9868-57a2d4851a1d" relativeResultsDirectory="cf33cabe-2d62-4154-ada8-a79311d3eee7" />
    <UnitTestResult executionId="09ca2e64-38d3-4d81-adfc-4c4376c03c19" testId="2422df6c-5806-3035-2b8a-e552e0f76bfa" testName="Transform_SimpleXmlEmptyTemplate_Fails" computerName="ICSWS068" duration="00:00:00.0005375" startTime="2016-08-04T09:56:16.2716571+02:00" endTime="2016-08-04T09:56:16.2734744+02:00" testType="13cdc9d9-ddb5-4fa4-a97d-d965ccfc6d4b" outcome="Passed" testListId="8c84fa94-04c1-424b-9868-57a2d4851a1d" relativeResultsDirectory="09ca2e64-38d3-4d81-adfc-4c4376c03c19" />
    <UnitTestResult executionId="96cb78b3-2533-45dc-bd17-7580d9b5851f" testId="069654a4-d160-74a5-65c0-325c33399178" testName="Transform_SimpleXmlNullTemplate_Fails" computerName="ICSWS068" duration="00:00:00.0005489" startTime="2016-08-04T09:56:16.2764749+02:00" endTime="2016-08-04T09:56:16.2779922+02:00" testType="13cdc9d9-ddb5-4fa4-a97d-d965ccfc6d4b" outcome="Passed" testListId="8c84fa94-04c1-424b-9868-57a2d4851a1d" relativeResultsDirectory="96cb78b3-2533-45dc-bd17-7580d9b5851f" />
    <UnitTestResult executionId="e4b2a709-6909-4ab1-8d3f-b55ea1a476a5" testId="5c140550-b692-a1aa-c747-f48c8ae4e353" testName="Transform_SimpleXmlSimpleHtmlTransformation_Success" computerName="ICSWS068" duration="00:00:00.0195027" startTime="2016-08-04T09:56:16.2804869+02:00" endTime="2016-08-04T09:56:16.3012727+02:00" testType="13cdc9d9-ddb5-4fa4-a97d-d965ccfc6d4b" outcome="Passed" testListId="8c84fa94-04c1-424b-9868-57a2d4851a1d" relativeResultsDirectory="e4b2a709-6909-4ab1-8d3f-b55ea1a476a5" />
    <UnitTestResult executionId="96ee0927-4b68-4555-bb87-fe93052b3baa" testId="5ea281d7-8ae6-3516-cb2d-8d79902e7920" testName="Transform_SimpleXmlSimpleHtmlTransformationByStreams_Success" computerName="ICSWS068" duration="00:00:00.0042347" startTime="2016-08-04T09:56:16.3038061+02:00" endTime="2016-08-04T09:56:16.3092978+02:00" testType="13cdc9d9-ddb5-4fa4-a97d-d965ccfc6d4b" outcome="Passed" testListId="8c84fa94-04c1-424b-9868-57a2d4851a1d" relativeResultsDirectory="96ee0927-4b68-4555-bb87-fe93052b3baa" />
    <UnitTestResult executionId="a12886ab-61db-4159-baf5-b1db38830a01" testId="883c8fc6-58be-403f-e964-e085d710ed9e" testName="Transform_SimpleXmlSimpleHtmlTransformationAsync_Success" computerName="ICSWS068" duration="00:00:00.0050142" startTime="2016-08-04T09:56:16.3117822+02:00" endTime="2016-08-04T09:56:16.3182877+02:00" testType="13cdc9d9-ddb5-4fa4-a97d-d965ccfc6d4b" outcome="Passed" testListId="8c84fa94-04c1-424b-9868-57a2d4851a1d" relativeResultsDirectory="a12886ab-61db-4159-baf5-b1db38830a01" />
    <UnitTestResult executionId="026916f1-0d40-46ec-85be-9d118131b312" testId="abe9161c-1794-3326-40bb-d6a52cf48c36" testName="Transform_SimpleXmlSimpleHtmlTransformationByStreamsAsync_Success" computerName="ICSWS068" duration="00:00:00.0049362" startTime="2016-08-04T09:56:16.3207888+02:00" endTime="2016-08-04T09:56:16.3267975+02:00" testType="13cdc9d9-ddb5-4fa4-a97d-d965ccfc6d4b" outcome="Passed" testListId="8c84fa94-04c1-424b-9868-57a2d4851a1d" relativeResultsDirectory="026916f1-0d40-46ec-85be-9d118131b312" />
    <UnitTestResult executionId="3afabbf3-5874-4447-a5a6-6786d70722c2" testId="9c86152c-053e-5d4e-6528-ce7ec83a1e51" testName="Transform_SimpleXmlSimpleXmlTransformation_Success" computerName="ICSWS068" duration="00:00:00.0039887" startTime="2016-08-04T09:56:16.3297998+02:00" endTime="2016-08-04T09:56:16.3347766+02:00" testType="13cdc9d9-ddb5-4fa4-a97d-d965ccfc6d4b" outcome="Passed" testListId="8c84fa94-04c1-424b-9868-57a2d4851a1d" relativeResultsDirectory="3afabbf3-5874-4447-a5a6-6786d70722c2" />
    <UnitTestResult executionId="230440fd-d23d-4e71-80b6-45cee3612670" testId="392aa1d9-4f28-1051-8ec2-9bb4a8ce7201" testName="Transform_SimpleXmlCruelPlainTextTransformation_Success" computerName="ICSWS068" duration="00:00:00.0039280" startTime="2016-08-04T09:56:16.3377783+02:00" endTime="2016-08-04T09:56:16.3426377+02:00" testType="13cdc9d9-ddb5-4fa4-a97d-d965ccfc6d4b" outcome="Passed" testListId="8c84fa94-04c1-424b-9868-57a2d4851a1d" relativeResultsDirectory="230440fd-d23d-4e71-80b6-45cee3612670" />
    <UnitTestResult executionId="378aa31b-52ba-4a11-bc61-945d2be9748b" testId="546896aa-372f-d0af-57c3-45b6f9761fe9" testName="Transform_SimpleXmlSimplePlainTextTransformation_Success" computerName="ICSWS068" duration="00:00:00.0037110" startTime="2016-08-04T09:56:16.3456418+02:00" endTime="2016-08-04T09:56:16.3501449+02:00" testType="13cdc9d9-ddb5-4fa4-a97d-d965ccfc6d4b" outcome="Passed" testListId="8c84fa94-04c1-424b-9868-57a2d4851a1d" relativeResultsDirectory="378aa31b-52ba-4a11-bc61-945d2be9748b" />
    <UnitTestResult executionId="bd1be6c8-526b-4d91-be98-73623b2cd6ea" testId="c7bcdb3f-7fd5-d9de-e540-51f9d25eff2d" testName="Transform_NullInput_Exception" computerName="ICSWS068" duration="00:00:00.0006445" startTime="2016-08-04T09:56:16.3531466+02:00" endTime="2016-08-04T09:56:16.3551481+02:00" testType="13cdc9d9-ddb5-4fa4-a97d-d965ccfc6d4b" outcome="Passed" testListId="8c84fa94-04c1-424b-9868-57a2d4851a1d" relativeResultsDirectory="bd1be6c8-526b-4d91-be98-73623b2cd6ea" />
    <UnitTestResult executionId="e9ea2da2-c8ae-4eff-ab22-5ff7b7176d22" testId="e3febf77-c688-bdd7-0a88-447e2eddef0a" testName="Transform_NullTemplate_Exception" computerName="ICSWS068" duration="00:00:00.0005428" startTime="2016-08-04T09:56:16.3571653+02:00" endTime="2016-08-04T09:56:16.3586665+02:00" testType="13cdc9d9-ddb5-4fa4-a97d-d965ccfc6d4b" outcome="Passed" testListId="8c84fa94-04c1-424b-9868-57a2d4851a1d" relativeResultsDirectory="e9ea2da2-c8ae-4eff-ab22-5ff7b7176d22" />
    <UnitTestResult executionId="ea09cf12-e74e-43fe-96a9-e08438450121" testId="d977ba75-b363-42c6-bc3d-1fe8fa6c48a4" testName="Transform_NullOutput_Exception" computerName="ICSWS068" duration="00:00:00.0005533" startTime="2016-08-04T09:56:16.3611523+02:00" endTime="2016-08-04T09:56:16.3626693+02:00" testType="13cdc9d9-ddb5-4fa4-a97d-d965ccfc6d4b" outcome="Passed" testListId="8c84fa94-04c1-424b-9868-57a2d4851a1d" relativeResultsDirectory="ea09cf12-e74e-43fe-96a9-e08438450121" />
    <UnitTestResult executionId="0f8434e7-4270-4b38-b312-01df23f46a45" testId="67e634ba-0d75-4e70-559e-8eb699b85f1b" testName="Transform_XmlPositionAlreadyAtEnd_Exception" computerName="ICSWS068" duration="00:00:00.0005237" startTime="2016-08-04T09:56:16.3651561+02:00" endTime="2016-08-04T09:56:16.3666731+02:00" testType="13cdc9d9-ddb5-4fa4-a97d-d965ccfc6d4b" outcome="Passed" testListId="8c84fa94-04c1-424b-9868-57a2d4851a1d" relativeResultsDirectory="0f8434e7-4270-4b38-b312-01df23f46a45" />
    <UnitTestResult executionId="4be0a41b-dc9a-46f3-81fa-634628a5b359" testId="dae0916a-135a-62c6-a552-40dc89b0ca20" testName="Transform_XsltPositionAlreadyAtEnd_Exception" computerName="ICSWS068" duration="00:00:00.0006624" startTime="2016-08-04T09:56:16.3691587+02:00" endTime="2016-08-04T09:56:16.3711595+02:00" testType="13cdc9d9-ddb5-4fa4-a97d-d965ccfc6d4b" outcome="Passed" testListId="8c84fa94-04c1-424b-9868-57a2d4851a1d" relativeResultsDirectory="4be0a41b-dc9a-46f3-81fa-634628a5b359" />
    <UnitTestResult executionId="4d3e6759-a193-497a-a22b-482392f9b23b" testId="734b2699-ae74-fcaa-7696-83b79992fbf9" testName="Transform_OutputNotAtEnd_SuccessOverWritten" computerName="ICSWS068" duration="00:00:00.0039113" startTime="2016-08-04T09:56:16.3738944+02:00" endTime="2016-08-04T09:56:16.3789142+02:00" testType="13cdc9d9-ddb5-4fa4-a97d-d965ccfc6d4b" outcome="Passed" testListId="8c84fa94-04c1-424b-9868-57a2d4851a1d" relativeResultsDirectory="4d3e6759-a193-497a-a22b-482392f9b23b" />
    <UnitTestResult executionId="baaf0d2f-2985-41c6-bf24-88ad54184b7d" testId="ed281cfd-7ada-d250-ec5c-ee0bee2496a2" testName="Transform_OutputReadonly_Exception" computerName="ICSWS068" duration="00:00:00.0046295" startTime="2016-08-04T09:56:16.3809154+02:00" endTime="2016-08-04T09:56:16.3869223+02:00" testType="13cdc9d9-ddb5-4fa4-a97d-d965ccfc6d4b" outcome="Passed" testListId="8c84fa94-04c1-424b-9868-57a2d4851a1d" relativeResultsDirectory="baaf0d2f-2985-41c6-bf24-88ad54184b7d" />
    <UnitTestResult executionId="426bf9b3-fb4b-4386-9426-96db4ceed553" testId="1d1ce6df-af10-18b7-9919-c9b9c789b8bd" testName="Transform_SimpleSuccessCase_XmlPositionAtEnd" computerName="ICSWS068" duration="00:00:00.0040799" startTime="2016-08-04T09:56:16.3899093+02:00" endTime="2016-08-04T09:56:16.3953960+02:00" testType="13cdc9d9-ddb5-4fa4-a97d-d965ccfc6d4b" outcome="Passed" testListId="8c84fa94-04c1-424b-9868-57a2d4851a1d" relativeResultsDirectory="426bf9b3-fb4b-4386-9426-96db4ceed553" />
    <UnitTestResult executionId="16999bd7-65bd-448b-8b28-99aaddb89b8f" testId="940cd288-dd30-43dd-e64c-9e8f128d0833" testName="Transform_SimpleSuccessCase_XsltPositionAtEnd" computerName="ICSWS068" duration="00:00:00.0038887" startTime="2016-08-04T09:56:16.3988983+02:00" endTime="2016-08-04T09:56:16.4038739+02:00" testType="13cdc9d9-ddb5-4fa4-a97d-d965ccfc6d4b" outcome="Passed" testListId="8c84fa94-04c1-424b-9868-57a2d4851a1d" relativeResultsDirectory="16999bd7-65bd-448b-8b28-99aaddb89b8f" />
    <UnitTestResult executionId="2610b6b8-173e-47a9-b801-ec6a504ef716" testId="9defa63c-e655-0ec2-9f8d-2fc93bfbad4b" testName="Transform_SimpleSuccessCase_OutputPositionAtEnd" computerName="ICSWS068" duration="00:00:00.0038119" startTime="2016-08-04T09:56:16.4063786+02:00" endTime="2016-08-04T09:56:16.4113632+02:00" testType="13cdc9d9-ddb5-4fa4-a97d-d965ccfc6d4b" outcome="Passed" testListId="8c84fa94-04c1-424b-9868-57a2d4851a1d" relativeResultsDirectory="2610b6b8-173e-47a9-b801-ec6a504ef716" />
    <UnitTestResult executionId="78ee9c5e-685c-4194-9d7b-0e0617b068b5" testId="1b3726d8-6f8b-7ac0-a6e5-2d0512f422f4" testName="Constructor_DirectoryReaderArgIsNull_Throws" computerName="ICSWS068" duration="00:00:00.0170532" startTime="2016-08-04T09:56:16.4139957+02:00" endTime="2016-08-04T09:56:16.4325632+02:00" testType="13cdc9d9-ddb5-4fa4-a97d-d965ccfc6d4b" outcome="Passed" testListId="8c84fa94-04c1-424b-9868-57a2d4851a1d" relativeResultsDirectory="78ee9c5e-685c-4194-9d7b-0e0617b068b5" />
    <UnitTestResult executionId="3a210394-5cc5-4c89-a850-eb0ff72f7854" testId="3586fc49-afca-357b-fbee-1c73d2bd6901" testName="Constructor_SearchCriteriaArgIsNull_Throws" computerName="ICSWS068" duration="00:00:00.0006240" startTime="2016-08-04T09:56:16.4350473+02:00" endTime="2016-08-04T09:56:16.4370663+02:00" testType="13cdc9d9-ddb5-4fa4-a97d-d965ccfc6d4b" outcome="Passed" testListId="8c84fa94-04c1-424b-9868-57a2d4851a1d" relativeResultsDirectory="3a210394-5cc5-4c89-a850-eb0ff72f7854" />
    <UnitTestResult executionId="970ae135-430f-40fd-add5-279c48d52564" testId="c2f57c3a-ec12-76f9-da41-306df2aaddd7" testName="Constructor_SettleTimeListArgIsNull_Throws" computerName="ICSWS068" duration="00:00:00.0005551" startTime="2016-08-04T09:56:16.4390677+02:00" endTime="2016-08-04T09:56:16.4410677+02:00" testType="13cdc9d9-ddb5-4fa4-a97d-d965ccfc6d4b" outcome="Passed" testListId="8c84fa94-04c1-424b-9868-57a2d4851a1d" relativeResultsDirectory="970ae135-430f-40fd-add5-279c48d52564" />
    <UnitTestResult executionId="7a364384-81e9-4409-95dc-e194baa3b886" testId="5fc9ab39-249a-0f0b-1941-994db2415dcc" testName="Constructor_DateTimeServiceArgIsNull_Throws" computerName="ICSWS068" duration="00:00:00.0005448" startTime="2016-08-04T09:56:16.4429958+02:00" endTime="2016-08-04T09:56:16.4449984+02:00" testType="13cdc9d9-ddb5-4fa4-a97d-d965ccfc6d4b" outcome="Passed" testListId="8c84fa94-04c1-424b-9868-57a2d4851a1d" relativeResultsDirectory="7a364384-81e9-4409-95dc-e194baa3b886" />
    <UnitTestResult executionId="5ff054a5-5054-4bdb-8fdb-fd59be5a21f6" testId="f19a4c86-6546-9e37-c32b-e44ff0708a2c" testName="Constructor_ValidArgumentsGetFilesOnStartIsFalse_GetFilesIsNotInvoked" computerName="ICSWS068" duration="00:00:00.0024198" startTime="2016-08-04T09:56:16.4469987+02:00" endTime="2016-08-04T09:56:16.4504866+02:00" testType="13cdc9d9-ddb5-4fa4-a97d-d965ccfc6d4b" outcome="Passed" testListId="8c84fa94-04c1-424b-9868-57a2d4851a1d" relativeResultsDirectory="5ff054a5-5054-4bdb-8fdb-fd59be5a21f6" />
    <UnitTestResult executionId="b5457e1e-3dca-4541-9f61-3ac4894ce27d" testId="e221cfed-ac02-398c-c24f-6a211aedf099" testName="Constructor_ValidArgumentsGetFilesOnStartIsTrue_GetFilesIsInvoked" computerName="ICSWS068" duration="00:00:00.0030409" startTime="2016-08-04T09:56:16.4534874+02:00" endTime="2016-08-04T09:56:16.4575061+02:00" testType="13cdc9d9-ddb5-4fa4-a97d-d965ccfc6d4b" outcome="Passed" testListId="8c84fa94-04c1-424b-9868-57a2d4851a1d" relativeResultsDirectory="b5457e1e-3dca-4541-9f61-3ac4894ce27d" />
    <UnitTestResult executionId="3a3d4783-f9f1-4ba8-89b1-4eda2cc3c694" testId="862c27a7-4a19-7a14-5251-ac6ea6513abd" testName="PollIntervall_DefaultValue_DefaultIs30" computerName="ICSWS068" duration="00:00:00.0003595" startTime="2016-08-04T09:56:16.4599976+02:00" endTime="2016-08-04T09:56:16.4614940+02:00" testType="13cdc9d9-ddb5-4fa4-a97d-d965ccfc6d4b" outcome="Passed" testListId="8c84fa94-04c1-424b-9868-57a2d4851a1d" relativeResultsDirectory="3a3d4783-f9f1-4ba8-89b1-4eda2cc3c694" />
    <UnitTestResult executionId="9dc684d7-9928-40c0-8c4a-6e1143d2d8da" testId="5bc47b82-9f7b-0eff-935b-0ac139f96ee3" testName="PollIntervall_ReadTwice_ReturnsSameValue" computerName="ICSWS068" duration="00:00:00.0003117" startTime="2016-08-04T09:56:16.4639958+02:00" endTime="2016-08-04T09:56:16.4654969+02:00" testType="13cdc9d9-ddb5-4fa4-a97d-d965ccfc6d4b" outcome="Passed" testListId="8c84fa94-04c1-424b-9868-57a2d4851a1d" relativeResultsDirectory="9dc684d7-9928-40c0-8c4a-6e1143d2d8da" />
    <UnitTestResult executionId="3f42d0ab-e001-422d-bacf-10215f8416d2" testId="de312afa-40c9-c393-88fe-384655323309" testName="PollIntervall_SetAndGet_ReturnsNewValue" computerName="ICSWS068" duration="00:00:00.0003656" startTime="2016-08-04T09:56:16.4680153+02:00" endTime="2016-08-04T09:56:16.4695153+02:00" testType="13cdc9d9-ddb5-4fa4-a97d-d965ccfc6d4b" outcome="Passed" testListId="8c84fa94-04c1-424b-9868-57a2d4851a1d" relativeResultsDirectory="3f42d0ab-e001-422d-bacf-10215f8416d2" />
    <UnitTestResult executionId="3c558663-80cd-4568-9610-09bdf5f75bec" testId="6b264820-706c-2419-c98d-436baf89ed6e" testName="MaxWaitTimeoutInSeconds_DefaultValue_DefaultIsConstructorArg" computerName="ICSWS068" duration="00:00:00.0003260" startTime="2016-08-04T09:56:16.4710159+02:00" endTime="2016-08-04T09:56:16.4734478+02:00" testType="13cdc9d9-ddb5-4fa4-a97d-d965ccfc6d4b" outcome="Passed" testListId="8c84fa94-04c1-424b-9868-57a2d4851a1d" relativeResultsDirectory="3c558663-80cd-4568-9610-09bdf5f75bec" />
    <UnitTestResult executionId="01a75700-931d-4378-aca4-bf6577f4db3c" testId="4bed4e04-4a49-9d99-bf99-4b43eb314f63" testName="MaxWaitTimeoutInSeconds_ReadTwice_ReturnsSameValue" computerName="ICSWS068" duration="00:00:00.0003061" startTime="2016-08-04T09:56:16.4759337+02:00" endTime="2016-08-04T09:56:16.4774527+02:00" testType="13cdc9d9-ddb5-4fa4-a97d-d965ccfc6d4b" outcome="Passed" testListId="8c84fa94-04c1-424b-9868-57a2d4851a1d" relativeResultsDirectory="01a75700-931d-4378-aca4-bf6577f4db3c" />
    <UnitTestResult executionId="c7152988-4a17-4cf8-8b60-45915e890ad4" testId="f75979f0-4b8d-38ec-7627-b62b189e0073" testName="MaxWaitTimeoutInSeconds_SetAndGet_ReturnsNewValue" computerName="ICSWS068" duration="00:00:00.0002920" startTime="2016-08-04T09:56:16.4799380+02:00" endTime="2016-08-04T09:56:16.4814535+02:00" testType="13cdc9d9-ddb5-4fa4-a97d-d965ccfc6d4b" outcome="Passed" testListId="8c84fa94-04c1-424b-9868-57a2d4851a1d" relativeResultsDirectory="c7152988-4a17-4cf8-8b60-45915e890ad4" />
    <UnitTestResult executionId="1933b33f-d1ba-4a60-a78e-f35ecd1e4f81" testId="4a212ec7-1acc-523a-f85e-bb6e29ba2cf4" testName="SettleTimeInMilliSeconds_DefaultValue_DefaultIs0" computerName="ICSWS068" duration="00:00:00.0002955" startTime="2016-08-04T09:56:16.4840767+02:00" endTime="2016-08-04T09:56:16.4850948+02:00" testType="13cdc9d9-ddb5-4fa4-a97d-d965ccfc6d4b" outcome="Passed" testListId="8c84fa94-04c1-424b-9868-57a2d4851a1d" relativeResultsDirectory="1933b33f-d1ba-4a60-a78e-f35ecd1e4f81" />
    <UnitTestResult executionId="c212d7b5-1153-4afb-b093-a4c010068f25" testId="a70a77f6-c521-700a-fa60-b2a7610780db" testName="SettleTimeInMilliSeconds_ReadTwice_ReturnsSameValue" computerName="ICSWS068" duration="00:00:00.0002785" startTime="2016-08-04T09:56:16.4875954+02:00" endTime="2016-08-04T09:56:16.4890816+02:00" testType="13cdc9d9-ddb5-4fa4-a97d-d965ccfc6d4b" outcome="Passed" testListId="8c84fa94-04c1-424b-9868-57a2d4851a1d" relativeResultsDirectory="c212d7b5-1153-4afb-b093-a4c010068f25" />
    <UnitTestResult executionId="d48b5f21-4bd8-4598-8362-8debcbe16bae" testId="7fa65d3b-5107-e790-5b0c-a9ccde4b8ad5" testName="SettleTimeInMilliSeconds_SetAndGet_ReturnsNewValue" computerName="ICSWS068" duration="00:00:00.0003087" startTime="2016-08-04T09:56:16.4910991+02:00" endTime="2016-08-04T09:56:16.4925868+02:00" testType="13cdc9d9-ddb5-4fa4-a97d-d965ccfc6d4b" outcome="Passed" testListId="8c84fa94-04c1-424b-9868-57a2d4851a1d" relativeResultsDirectory="d48b5f21-4bd8-4598-8362-8debcbe16bae" />
    <UnitTestResult executionId="6e3111e3-1c41-4dfd-8bc4-4920d9612428" testId="bdce1a49-0eda-20b8-5ea1-9177edc0040a" testName="SettleTimeInMilliSeconds_CorrectlyBeignSetInConstructor" computerName="ICSWS068" duration="00:00:00.0002777" startTime="2016-08-04T09:56:16.4955899+02:00" endTime="2016-08-04T09:56:16.4970899+02:00" testType="13cdc9d9-ddb5-4fa4-a97d-d965ccfc6d4b" outcome="Passed" testListId="8c84fa94-04c1-424b-9868-57a2d4851a1d" relativeResultsDirectory="6e3111e3-1c41-4dfd-8bc4-4920d9612428" />
    <UnitTestResult executionId="6f83bd2d-47c0-44a9-87b5-6e713f1869b6" testId="b598289a-31c4-8ab2-8cda-428b5a6a504c" testName="BeginPoll_TimeOutTooBig_Throws" computerName="ICSWS068" duration="00:00:00.0010290" startTime="2016-08-04T09:56:16.4990916+02:00" endTime="2016-08-04T09:56:16.5016054+02:00" testType="13cdc9d9-ddb5-4fa4-a97d-d965ccfc6d4b" outcome="Passed" testListId="8c84fa94-04c1-424b-9868-57a2d4851a1d" relativeResultsDirectory="6f83bd2d-47c0-44a9-87b5-6e713f1869b6" />
    <UnitTestResult executionId="e8408b83-9b74-4402-b439-d3ebd0738859" testId="27460ec1-6a68-b4b6-c49d-92f5215b33c9" testName="BeginPoll_PollIntervalTooBig_Throws" computerName="ICSWS068" duration="00:00:00.0051614" startTime="2016-08-04T09:56:16.5041097+02:00" endTime="2016-08-04T09:56:16.5101305+02:00" testType="13cdc9d9-ddb5-4fa4-a97d-d965ccfc6d4b" outcome="Passed" testListId="8c84fa94-04c1-424b-9868-57a2d4851a1d" relativeResultsDirectory="e8408b83-9b74-4402-b439-d3ebd0738859" />
    <UnitTestResult executionId="f7b0a3f1-b78e-4c85-8efb-2bff3dcc0d2a" testId="60eff454-21c4-d060-a973-33a10fd821da" testName="Constructor_Default_Success" computerName="ICSWS068" duration="00:00:00.0042867" startTime="2016-08-04T09:56:16.5128741+02:00" endTime="2016-08-04T09:56:16.5183972+02:00" testType="13cdc9d9-ddb5-4fa4-a97d-d965ccfc6d4b" outcome="Passed" testListId="8c84fa94-04c1-424b-9868-57a2d4851a1d" relativeResultsDirectory="f7b0a3f1-b78e-4c85-8efb-2bff3dcc0d2a" />
    <UnitTestResult executionId="a050292a-2103-42e4-9313-3ce1a06b0b60" testId="d74953f1-8381-4ee5-e65e-e691ec84139f" testName="GetFiles_NullArgument_Throws" computerName="ICSWS068" duration="00:00:00.0020750" startTime="2016-08-04T09:56:16.5208831+02:00" endTime="2016-08-04T09:56:16.5239719+02:00" testType="13cdc9d9-ddb5-4fa4-a97d-d965ccfc6d4b" outcome="Passed" testListId="8c84fa94-04c1-424b-9868-57a2d4851a1d" relativeResultsDirectory="a050292a-2103-42e4-9313-3ce1a06b0b60" />
    <UnitTestResult executionId="660bdf7f-0aa4-4e78-87cb-9a9757baba7e" testId="8bb6eda1-51f3-e8c6-6ddd-691819800953" testName="GetFiles_ValidArgument_ReturnsExpextedFile" computerName="ICSWS068" duration="00:00:00.0067649" startTime="2016-08-04T09:56:16.5265877+02:00" endTime="2016-08-04T09:56:16.5345981+02:00" testType="13cdc9d9-ddb5-4fa4-a97d-d965ccfc6d4b" outcome="Passed" testListId="8c84fa94-04c1-424b-9868-57a2d4851a1d" relativeResultsDirectory="660bdf7f-0aa4-4e78-87cb-9a9757baba7e" />
    <UnitTestResult executionId="eece6257-1053-458a-81b0-df60645258f4" testId="691f238c-2b21-6a7e-f287-a10f420f694a" testName="GetFiles_ValidArgumentManyFiles_ReturnsExpectedFiles" computerName="ICSWS068" duration="00:00:00.0071068" startTime="2016-08-04T09:56:16.5371145+02:00" endTime="2016-08-04T09:56:16.5454439+02:00" testType="13cdc9d9-ddb5-4fa4-a97d-d965ccfc6d4b" outcome="Passed" testListId="8c84fa94-04c1-424b-9868-57a2d4851a1d" relativeResultsDirectory="eece6257-1053-458a-81b0-df60645258f4" />
    <UnitTestResult executionId="75143310-8d90-4531-85fe-a82079bb0e6f" testId="b9d7aa16-2d1c-5aa8-9e98-8d1e66dd2e02" testName="GetFiles_ZeroRetriesAndGetFilesImplThrowsIOException_ThrowsIOException" computerName="ICSWS068" duration="00:00:00.0038016" startTime="2016-08-04T09:56:16.5479615+02:00" endTime="2016-08-04T09:56:16.5529640+02:00" testType="13cdc9d9-ddb5-4fa4-a97d-d965ccfc6d4b" outcome="Passed" testListId="8c84fa94-04c1-424b-9868-57a2d4851a1d" relativeResultsDirectory="75143310-8d90-4531-85fe-a82079bb0e6f" />
    <UnitTestResult executionId="deb3bf25-44da-4b50-85f5-d79f7f867e43" testId="7590e06b-36ca-ca63-e713-7fce49bf94a9" testName="GetFiles_OneRetryAndGetFilesImplThrowsIOExceptionOnFirstInvoke_SleepsOnceAndReturnsExpectedFiles" computerName="ICSWS068" duration="00:00:00.0059878" startTime="2016-08-04T09:56:16.5554505+02:00" endTime="2016-08-04T09:56:16.5629718+02:00" testType="13cdc9d9-ddb5-4fa4-a97d-d965ccfc6d4b" outcome="Passed" testListId="8c84fa94-04c1-424b-9868-57a2d4851a1d" relativeResultsDirectory="deb3bf25-44da-4b50-85f5-d79f7f867e43" />
    <UnitTestResult executionId="edb549dd-7159-4c7b-98a0-43f3420ad1f0" testId="cb17addf-b48d-5a80-262d-5631b9e4725d" testName="GetFiles_ThreeRetryAndGetFilesImplThrowsIOException_SleepsThreeTimesAndThrows" computerName="ICSWS068" duration="00:00:00.0045432" startTime="2016-08-04T09:56:16.5654580+02:00" endTime="2016-08-04T09:56:16.5714608+02:00" testType="13cdc9d9-ddb5-4fa4-a97d-d965ccfc6d4b" outcome="Passed" testListId="8c84fa94-04c1-424b-9868-57a2d4851a1d" relativeResultsDirectory="edb549dd-7159-4c7b-98a0-43f3420ad1f0" />
    <UnitTestResult executionId="cb0420ea-6fbc-43d6-814f-199fddef7ecf" testId="7f07863b-4df2-32cf-6376-b0509236a6d4" testName="GetFiles_RetryPerformed_LogEventCreated" computerName="ICSWS068" duration="00:00:00.0052506" startTime="2016-08-04T09:56:16.5748094+02:00" endTime="2016-08-04T09:56:16.5813269+02:00" testType="13cdc9d9-ddb5-4fa4-a97d-d965ccfc6d4b" outcome="Passed" testListId="8c84fa94-04c1-424b-9868-57a2d4851a1d" relativeResultsDirectory="cb0420ea-6fbc-43d6-814f-199fddef7ecf" />
    <UnitTestResult executionId="7c7b83cb-786f-4c15-96e7-8ab9408d353f" testId="0e1daf73-2fb0-5f6f-6498-1c254ed49c00" testName="GetFiles_OneRetryAndGetFilesImplThrowsNonIOException_SleepsNotAndThrows" computerName="ICSWS068" duration="00:00:00.0028207" startTime="2016-08-04T09:56:16.5838154+02:00" endTime="2016-08-04T09:56:16.5878350+02:00" testType="13cdc9d9-ddb5-4fa4-a97d-d965ccfc6d4b" outcome="Passed" testListId="8c84fa94-04c1-424b-9868-57a2d4851a1d" relativeResultsDirectory="7c7b83cb-786f-4c15-96e7-8ab9408d353f" />
    <UnitTestResult executionId="8d939e0d-9fd8-4f37-861f-869703f52e90" testId="73481815-f5b9-7d6d-2c43-1a8d026e50af" testName="GetFiles_FileDeletedBetweenListedAndExamined_FileNotInResult" computerName="ICSWS068" duration="00:00:00.0061077" startTime="2016-08-04T09:56:16.5903191+02:00" endTime="2016-08-04T09:56:16.5978460+02:00" testType="13cdc9d9-ddb5-4fa4-a97d-d965ccfc6d4b" outcome="Passed" testListId="8c84fa94-04c1-424b-9868-57a2d4851a1d" relativeResultsDirectory="8d939e0d-9fd8-4f37-861f-869703f52e90" />
    <UnitTestResult executionId="55bfd8d4-799b-49b3-85a6-6d5d1a794ea6" testId="43cdf980-33c7-9350-7fb6-3755c9f5993b" testName="GetFiles_DirectoryIsEmpty_ReturnsEmptyList" computerName="ICSWS068" duration="00:00:00.0019547" startTime="2016-08-04T09:56:16.6003298+02:00" endTime="2016-08-04T09:56:16.6033321+02:00" testType="13cdc9d9-ddb5-4fa4-a97d-d965ccfc6d4b" outcome="Passed" testListId="8c84fa94-04c1-424b-9868-57a2d4851a1d" relativeResultsDirectory="55bfd8d4-799b-49b3-85a6-6d5d1a794ea6" />
    <UnitTestResult executionId="856a5a90-258b-4d4b-9d86-e54dbd51a0bb" testId="84d11edd-b7d5-c213-deb2-abd634e53e64" testName="GetFiles_RecursiveInSearchCriteria_InvokesImplementationWithCorrectArgument" computerName="ICSWS068" duration="00:00:00.0023984" startTime="2016-08-04T09:56:16.6058497+02:00" endTime="2016-08-04T09:56:16.6093531+02:00" testType="13cdc9d9-ddb5-4fa4-a97d-d965ccfc6d4b" outcome="Passed" testListId="8c84fa94-04c1-424b-9868-57a2d4851a1d" relativeResultsDirectory="856a5a90-258b-4d4b-9d86-e54dbd51a0bb" />
    <UnitTestResult executionId="e10a46a1-d811-4ea4-9c04-0c0e967d7291" testId="7eec8a33-373c-88fd-d447-37726216f618" testName="GetFiles_RegexInSearchCriteria_ReturnsCorrectFiles" computerName="ICSWS068" duration="00:00:00.0059244" startTime="2016-08-04T09:56:16.6118399+02:00" endTime="2016-08-04T09:56:16.6188480+02:00" testType="13cdc9d9-ddb5-4fa4-a97d-d965ccfc6d4b" outcome="Passed" testListId="8c84fa94-04c1-424b-9868-57a2d4851a1d" relativeResultsDirectory="e10a46a1-d811-4ea4-9c04-0c0e967d7291" />
    <UnitTestResult executionId="37531cc0-771f-4634-a99f-3ad89d559ef4" testId="9bfdbf77-7344-839a-75cb-8433ba01bb36" testName="GetFiles_CancelledAfterFirstTry_CancelledBeforeRetry" computerName="ICSWS068" duration="00:00:00.0061599" startTime="2016-08-04T09:56:16.6218485+02:00" endTime="2016-08-04T09:56:16.6288695+02:00" testType="13cdc9d9-ddb5-4fa4-a97d-d965ccfc6d4b" outcome="Passed" testListId="8c84fa94-04c1-424b-9868-57a2d4851a1d" relativeResultsDirectory="37531cc0-771f-4634-a99f-3ad89d559ef4">
      <Output>
        <StdOut>Debug Trace:
asdfasdfas</StdOut>
      </Output>
    </UnitTestResult>
    <UnitTestResult executionId="b303e31f-9d73-4230-8580-f9138bb040ee" testId="e2f86e29-650c-68d1-fd41-ad42e05bc12c" testName="Constructor_CountIsZero" computerName="ICSWS068" duration="00:00:00.0010427" startTime="2016-08-04T09:56:16.6318557+02:00" endTime="2016-08-04T09:56:16.6340635+02:00" testType="13cdc9d9-ddb5-4fa4-a97d-d965ccfc6d4b" outcome="Passed" testListId="8c84fa94-04c1-424b-9868-57a2d4851a1d" relativeResultsDirectory="b303e31f-9d73-4230-8580-f9138bb040ee" />
    <UnitTestResult executionId="c3b09490-3c20-468b-8b83-88cddfb09334" testId="e94d8a0b-f551-d20b-dbc0-bab71c3fc774" testName="Enqueue_ValidValue_CountIsIncremented" computerName="ICSWS068" duration="00:00:00.0003891" startTime="2016-08-04T09:56:16.6365644+02:00" endTime="2016-08-04T09:56:16.6380670+02:00" testType="13cdc9d9-ddb5-4fa4-a97d-d965ccfc6d4b" outcome="Passed" testListId="8c84fa94-04c1-424b-9868-57a2d4851a1d" relativeResultsDirectory="c3b09490-3c20-468b-8b83-88cddfb09334" />
    <UnitTestResult executionId="b69e976d-567b-495b-82a7-0a75a4428feb" testId="1672994c-8446-948a-7426-3eda7726a27b" testName="Enqueue_ValidValue_SequenceContainsQueuedItem" computerName="ICSWS068" duration="00:00:00.0006627" startTime="2016-08-04T09:56:16.6404837+02:00" endTime="2016-08-04T09:56:16.6414854+02:00" testType="13cdc9d9-ddb5-4fa4-a97d-d965ccfc6d4b" outcome="Passed" testListId="8c84fa94-04c1-424b-9868-57a2d4851a1d" relativeResultsDirectory="b69e976d-567b-495b-82a7-0a75a4428feb" />
    <UnitTestResult executionId="8488801c-d34d-477a-981b-2b0b5628f52d" testId="3476aba9-b1f0-7721-b00e-a8a67d5894c9" testName="Dequeue_NonEmptyQueue_ReturnsItemWithHighestPriority" computerName="ICSWS068" duration="00:00:00.0006301" startTime="2016-08-04T09:56:16.6444525+02:00" endTime="2016-08-04T09:56:16.6464366+02:00" testType="13cdc9d9-ddb5-4fa4-a97d-d965ccfc6d4b" outcome="Passed" testListId="8c84fa94-04c1-424b-9868-57a2d4851a1d" relativeResultsDirectory="8488801c-d34d-477a-981b-2b0b5628f52d" />
    <UnitTestResult executionId="887ce5a7-b55e-40e3-81a1-02a1be3424e0" testId="19444624-8d13-f972-827b-ec6493195b52" testName="Peek_NonEmptyQueue_ReturnsItemWithHighestPriority" computerName="ICSWS068" duration="00:00:00.0002785" startTime="2016-08-04T09:56:16.6484539+02:00" endTime="2016-08-04T09:56:16.6499389+02:00" testType="13cdc9d9-ddb5-4fa4-a97d-d965ccfc6d4b" outcome="Passed" testListId="8c84fa94-04c1-424b-9868-57a2d4851a1d" relativeResultsDirectory="887ce5a7-b55e-40e3-81a1-02a1be3424e0" />
    <UnitTestResult executionId="8515dea1-fabe-4efc-8c3f-768badfef4ff" testId="cc2fe645-c66c-e85e-4418-aedd41945b82" testName="Dequeue_EmptyQueue_ThrowsInvalidOperationException" computerName="ICSWS068" duration="00:00:00.0006143" startTime="2016-08-04T09:56:16.6524580+02:00" endTime="2016-08-04T09:56:16.6544435+02:00" testType="13cdc9d9-ddb5-4fa4-a97d-d965ccfc6d4b" outcome="Passed" testListId="8c84fa94-04c1-424b-9868-57a2d4851a1d" relativeResultsDirectory="8515dea1-fabe-4efc-8c3f-768badfef4ff" />
    <UnitTestResult executionId="7d6c9d5e-a637-4dd5-8279-f6bafc2c6b14" testId="a1de4eed-21b1-a9b8-6ef0-e48e6da9a5c5" testName="Dequeue_NonEmptyQueue_RemovesItemWithHighestPriority" computerName="ICSWS068" duration="00:00:00.0004483" startTime="2016-08-04T09:56:16.6569576+02:00" endTime="2016-08-04T09:56:16.6584599+02:00" testType="13cdc9d9-ddb5-4fa4-a97d-d965ccfc6d4b" outcome="Passed" testListId="8c84fa94-04c1-424b-9868-57a2d4851a1d" relativeResultsDirectory="7d6c9d5e-a637-4dd5-8279-f6bafc2c6b14" />
    <UnitTestResult executionId="08faede0-964f-49f3-a278-94597be5deae" testId="ee10a2d1-f7e0-7ab0-155d-697880e402cf" testName="Dequeue_NonEmptyQueueWithCustomComparer_RemovesItemWithHighestPriority" computerName="ICSWS068" duration="00:00:00.0006237" startTime="2016-08-04T09:56:16.6610458+02:00" endTime="2016-08-04T09:56:16.6630490+02:00" testType="13cdc9d9-ddb5-4fa4-a97d-d965ccfc6d4b" outcome="Passed" testListId="8c84fa94-04c1-424b-9868-57a2d4851a1d" relativeResultsDirectory="08faede0-964f-49f3-a278-94597be5deae" />
    <UnitTestResult executionId="95604409-a6a2-4baa-9dff-c7adc6503a32" testId="f3949ecc-fccb-3ced-426a-f55ab4ea9674" testName="Remove_ExistingItem_RemovesTheItemFromTheQueue" computerName="ICSWS068" duration="00:00:00.0021876" startTime="2016-08-04T09:56:16.6650501+02:00" endTime="2016-08-04T09:56:16.6685694+02:00" testType="13cdc9d9-ddb5-4fa4-a97d-d965ccfc6d4b" outcome="Passed" testListId="8c84fa94-04c1-424b-9868-57a2d4851a1d" relativeResultsDirectory="95604409-a6a2-4baa-9dff-c7adc6503a32" />
    <UnitTestResult executionId="4adcfe74-d479-4c84-98ef-4341b08e1409" testId="c6962444-181a-f71b-c905-e6c10a5c675e" testName="Remove_ExistingItemAndSpecificComparer_RemovesTheItemFromTheQueue" computerName="ICSWS068" duration="00:00:00.0005733" startTime="2016-08-04T09:56:16.6710556+02:00" endTime="2016-08-04T09:56:16.6725553+02:00" testType="13cdc9d9-ddb5-4fa4-a97d-d965ccfc6d4b" outcome="Passed" testListId="8c84fa94-04c1-424b-9868-57a2d4851a1d" relativeResultsDirectory="4adcfe74-d479-4c84-98ef-4341b08e1409" />
  </Results>
  <TestDefinitions>
    <UnitTest name="SingleOperationFailed_StateIsMomentaryIssueDetected" storage="f:\etwork\bin\tests\unittests.icore.common.dll" id="3772e903-f3d6-b3cb-5be6-9b42200493d6">
      <Execution id="d15d1b6d-01ec-449a-a749-834fb13e9c86" />
      <TestMethod codeBase="F:\ETWork\bin\Tests\UnitTests.iCore.Common.dll" adapterTypeName="Microsoft.VisualStudio.TestTools.TestTypes.Unit.UnitTestAdapter" className="iCore.Common.Utilities.TransientErrorMonitorTests" name="SingleOperationFailed_StateIsMomentaryIssueDetected" />
    </UnitTest>
    <UnitTest name="MultipleOperationsFailedDuringProlongedTimeSpan_ProlongedIssueDetectedEmitted" storage="f:\etwork\bin\tests\unittests.icore.common.dll" id="838bca0c-149b-69ce-0877-595502987a44">
      <Execution id="5abbae7f-9b60-4cf0-84cd-266d6f41475f" />
      <TestMethod codeBase="F:\ETWork\bin\Tests\UnitTests.iCore.Common.dll" adapterTypeName="Microsoft.VisualStudio.TestTools.TestTypes.Unit.UnitTestAdapter" className="iCore.Common.Utilities.TransientErrorMonitorTests" name="MultipleOperationsFailedDuringProlongedTimeSpan_ProlongedIssueDetectedEmitted" />
    </UnitTest>
    <UnitTest name="MultipleOperationsFailed_OusideProlongedTimeThreshold_OnlyMomentaryIssueDetectedEmitted" storage="f:\etwork\bin\tests\unittests.icore.common.dll" id="388492bb-036a-ac6a-45b5-5659775bb922">
      <Execution id="a76adf8b-750c-4f2b-b8ec-4375638ebea3" />
      <TestMethod codeBase="F:\ETWork\bin\Tests\UnitTests.iCore.Common.dll" adapterTypeName="Microsoft.VisualStudio.TestTools.TestTypes.Unit.UnitTestAdapter" className="iCore.Common.Utilities.TransientErrorMonitorTests" name="MultipleOperationsFailed_OusideProlongedTimeThreshold_OnlyMomentaryIssueDetectedEmitted" />
    </UnitTest>
    <UnitTest name="OperationSucceeded_AfterOperationFailedButBeforeResolveTimeThresholdReached_StateIsMomentaryIssueDetected" storage="f:\etwork\bin\tests\unittests.icore.common.dll" id="da9060ea-5434-07be-b0e5-012606175887">
      <Execution id="e89b9508-2051-4d90-8902-10fa61b85e6c" />
      <TestMethod codeBase="F:\ETWork\bin\Tests\UnitTests.iCore.Common.dll" adapterTypeName="Microsoft.VisualStudio.TestTools.TestTypes.Unit.UnitTestAdapter" className="iCore.Common.Utilities.TransientErrorMonitorTests" name="OperationSucceeded_AfterOperationFailedButBeforeResolveTimeThresholdReached_StateIsMomentaryIssueDetected" />
    </UnitTest>
    <UnitTest name="OperationSucceeded_AfterOperationFailedAndAfterResolveTimeThreshold_StateIsNoIssueDetected" storage="f:\etwork\bin\tests\unittests.icore.common.dll" id="c3b14c07-7c43-2c92-00e0-fdab0fdedac1">
      <Execution id="21334efe-c4e0-419d-b5fe-4fba9b1c7505" />
      <TestMethod codeBase="F:\ETWork\bin\Tests\UnitTests.iCore.Common.dll" adapterTypeName="Microsoft.VisualStudio.TestTools.TestTypes.Unit.UnitTestAdapter" className="iCore.Common.Utilities.TransientErrorMonitorTests" name="OperationSucceeded_AfterOperationFailedAndAfterResolveTimeThreshold_StateIsNoIssueDetected" />
    </UnitTest>
    <UnitTest name="OperationSucceeded_AfterOperationFailedAndAfterResolveTimeThresholdWithRequiredConsecutiveSuccessesNotMet_StateIsMomentaryIssueDetected" storage="f:\etwork\bin\tests\unittests.icore.common.dll" id="5b2f26e2-6cce-cfc3-0483-7c839e4bc7fc">
      <Execution id="af4d340a-6054-4cf7-b108-5619a381691a" />
      <TestMethod codeBase="F:\ETWork\bin\Tests\UnitTests.iCore.Common.dll" adapterTypeName="Microsoft.VisualStudio.TestTools.TestTypes.Unit.UnitTestAdapter" className="iCore.Common.Utilities.TransientErrorMonitorTests" name="OperationSucceeded_AfterOperationFailedAndAfterResolveTimeThresholdWithRequiredConsecutiveSuccessesNotMet_StateIsMomentaryIssueDetected" />
    </UnitTest>
    <UnitTest name="OperationSucceeded_AfterOperationFailedAndAfterResolveTimeThresholdWithRequiredConsecutiveSuccessesMet_StateIsNoIssuesDetected" storage="f:\etwork\bin\tests\unittests.icore.common.dll" id="087f815a-c0ba-d8a0-804f-64e397c5e7fa">
      <Execution id="82618c89-54a2-4ff6-9eb5-88ea2ff1a898" />
      <TestMethod codeBase="F:\ETWork\bin\Tests\UnitTests.iCore.Common.dll" adapterTypeName="Microsoft.VisualStudio.TestTools.TestTypes.Unit.UnitTestAdapter" className="iCore.Common.Utilities.TransientErrorMonitorTests" name="OperationSucceeded_AfterOperationFailedAndAfterResolveTimeThresholdWithRequiredConsecutiveSuccessesMet_StateIsNoIssuesDetected" />
    </UnitTest>
    <UnitTest name="TwoConsecutiveOperationSucceeded_AfterProlongedIssueDetectedButBeforeResolutionTimeThresholdReached_StateBecomesNoIssuesDetectedOnlyAfterResolutionTimeHasPassed" storage="f:\etwork\bin\tests\unittests.icore.common.dll" id="e942b7af-a85d-750e-d8bb-35db730f2d37">
      <Execution id="cce28561-37f1-4191-a73b-ec6caf91aa68" />
      <TestMethod codeBase="F:\ETWork\bin\Tests\UnitTests.iCore.Common.dll" adapterTypeName="Microsoft.VisualStudio.TestTools.TestTypes.Unit.UnitTestAdapter" className="iCore.Common.Utilities.TransientErrorMonitorTests" name="TwoConsecutiveOperationSucceeded_AfterProlongedIssueDetectedButBeforeResolutionTimeThresholdReached_StateBecomesNoIssuesDetectedOnlyAfterResolutionTimeHasPassed" />
    </UnitTest>
    <UnitTest name="ManyInterleavedOperationReports_CorrectStateSequenceIsReturned" storage="f:\etwork\bin\tests\unittests.icore.common.dll" id="18b3ab7b-20d5-ca08-0fb7-618ab37fe798">
      <Execution id="fd211661-5dfc-4cde-8cf9-4386d6df7945" />
      <TestMethod codeBase="F:\ETWork\bin\Tests\UnitTests.iCore.Common.dll" adapterTypeName="Microsoft.VisualStudio.TestTools.TestTypes.Unit.UnitTestAdapter" className="iCore.Common.Utilities.TransientErrorMonitorTests" name="ManyInterleavedOperationReports_CorrectStateSequenceIsReturned" />
    </UnitTest>
    <UnitTest name="ManyInterleavedOperationReportsWithSubscription_CorrectStateSequenceIsReturned" storage="f:\etwork\bin\tests\unittests.icore.common.dll" id="79e29642-28be-4a14-9463-efd9034ee9a9">
      <Execution id="c1fa71f7-8f73-46a2-9ca2-f9f6fbcce3b9" />
      <TestMethod codeBase="F:\ETWork\bin\Tests\UnitTests.iCore.Common.dll" adapterTypeName="Microsoft.VisualStudio.TestTools.TestTypes.Unit.UnitTestAdapter" className="iCore.Common.Utilities.TransientErrorMonitorTests" name="ManyInterleavedOperationReportsWithSubscription_CorrectStateSequenceIsReturned" />
    </UnitTest>
    <UnitTest name="AddRef_NewObject_Returns1" storage="f:\etwork\bin\tests\unittests.icore.common.dll" id="1a10b903-0598-7142-0b33-6cbe6b5d906a">
      <Execution id="db5f051a-7999-4f0a-8d3d-e1bd19d87122" />
      <TestMethod codeBase="F:\ETWork\bin\Tests\UnitTests.iCore.Common.dll" adapterTypeName="Microsoft.VisualStudio.TestTools.TestTypes.Unit.UnitTestAdapter" className="Tests.iCore.Common.Utilities.ReferenceWarehouseTests" name="AddRef_NewObject_Returns1" />
    </UnitTest>
    <UnitTest name="AddRef_ObjectExistsWithRefCount1_Returns2" storage="f:\etwork\bin\tests\unittests.icore.common.dll" id="19ada5d2-3132-647d-5689-95ffbeef970d">
      <Execution id="3bf40a7e-42e8-4551-b4d3-790d84a955b1" />
      <TestMethod codeBase="F:\ETWork\bin\Tests\UnitTests.iCore.Common.dll" adapterTypeName="Microsoft.VisualStudio.TestTools.TestTypes.Unit.UnitTestAdapter" className="Tests.iCore.Common.Utilities.ReferenceWarehouseTests" name="AddRef_ObjectExistsWithRefCount1_Returns2" />
    </UnitTest>
    <UnitTest name="IncRef_ObjectDoesNotExistInWh_Returns0" storage="f:\etwork\bin\tests\unittests.icore.common.dll" id="520aa612-d686-01b5-c1ba-d837c5cdd33d">
      <Execution id="7a3a609f-0b37-4af3-88d0-20c472ea7f0e" />
      <TestMethod codeBase="F:\ETWork\bin\Tests\UnitTests.iCore.Common.dll" adapterTypeName="Microsoft.VisualStudio.TestTools.TestTypes.Unit.UnitTestAdapter" className="Tests.iCore.Common.Utilities.ReferenceWarehouseTests" name="IncRef_ObjectDoesNotExistInWh_Returns0" />
    </UnitTest>
    <UnitTest name="IncRef_ObjectExistsInWh_Returns2" storage="f:\etwork\bin\tests\unittests.icore.common.dll" id="0b8c0782-f46f-f152-d392-3964fbecf1c5">
      <Execution id="fbea8ae9-7f15-447b-8269-981f4aa0379e" />
      <TestMethod codeBase="F:\ETWork\bin\Tests\UnitTests.iCore.Common.dll" adapterTypeName="Microsoft.VisualStudio.TestTools.TestTypes.Unit.UnitTestAdapter" className="Tests.iCore.Common.Utilities.ReferenceWarehouseTests" name="IncRef_ObjectExistsInWh_Returns2" />
    </UnitTest>
    <UnitTest name="DelRef_ObjectDoesNotExistInWh_ReturnsMinus1" storage="f:\etwork\bin\tests\unittests.icore.common.dll" id="63518bdb-31c7-514a-1e38-823970cc2c3d">
      <Execution id="6b1b9c17-8563-4e10-9270-daf97c5b9d2e" />
      <TestMethod codeBase="F:\ETWork\bin\Tests\UnitTests.iCore.Common.dll" adapterTypeName="Microsoft.VisualStudio.TestTools.TestTypes.Unit.UnitTestAdapter" className="Tests.iCore.Common.Utilities.ReferenceWarehouseTests" name="DelRef_ObjectDoesNotExistInWh_ReturnsMinus1" />
    </UnitTest>
    <UnitTest name="DelRef_ObjectExistsInWh_Returns0" storage="f:\etwork\bin\tests\unittests.icore.common.dll" id="bf86be2a-20b8-05c5-1f71-c13c5f36a71d">
      <Execution id="75fd47a6-64b0-463f-84a4-cad93a911788" />
      <TestMethod codeBase="F:\ETWork\bin\Tests\UnitTests.iCore.Common.dll" adapterTypeName="Microsoft.VisualStudio.TestTools.TestTypes.Unit.UnitTestAdapter" className="Tests.iCore.Common.Utilities.ReferenceWarehouseTests" name="DelRef_ObjectExistsInWh_Returns0" />
    </UnitTest>
    <UnitTest name="DelRef_ObjectWithRefCount1_CallsDisposeOnObject" storage="f:\etwork\bin\tests\unittests.icore.common.dll" id="b5788398-659b-8931-2a19-38838d83577f">
      <Execution id="6b19f652-2bf6-4dc7-9af9-fdb6513e99fb" />
      <TestMethod codeBase="F:\ETWork\bin\Tests\UnitTests.iCore.Common.dll" adapterTypeName="Microsoft.VisualStudio.TestTools.TestTypes.Unit.UnitTestAdapter" className="Tests.iCore.Common.Utilities.ReferenceWarehouseTests" name="DelRef_ObjectWithRefCount1_CallsDisposeOnObject" />
    </UnitTest>
    <UnitTest name="DelRef_ObjectWithRefCount1_Returns0" storage="f:\etwork\bin\tests\unittests.icore.common.dll" id="35cc3ac5-70e6-fb40-a164-867d7790ea24">
      <Execution id="95a3843c-a41d-4545-9a82-b860178804ac" />
      <TestMethod codeBase="F:\ETWork\bin\Tests\UnitTests.iCore.Common.dll" adapterTypeName="Microsoft.VisualStudio.TestTools.TestTypes.Unit.UnitTestAdapter" className="Tests.iCore.Common.Utilities.ReferenceWarehouseTests" name="DelRef_ObjectWithRefCount1_Returns0" />
    </UnitTest>
    <UnitTest name="DelRef_ObjectWithRefCount2_DoesNotCallDisposeOnObject" storage="f:\etwork\bin\tests\unittests.icore.common.dll" id="43c8ff4c-58a3-360c-4742-acbf2b48854a">
      <Execution id="c71dbac4-c02b-4f45-b780-3ba345e84e1d" />
      <TestMethod codeBase="F:\ETWork\bin\Tests\UnitTests.iCore.Common.dll" adapterTypeName="Microsoft.VisualStudio.TestTools.TestTypes.Unit.UnitTestAdapter" className="Tests.iCore.Common.Utilities.ReferenceWarehouseTests" name="DelRef_ObjectWithRefCount2_DoesNotCallDisposeOnObject" />
    </UnitTest>
    <UnitTest name="DelRef_ObjectWithRefCount2_Returns1" storage="f:\etwork\bin\tests\unittests.icore.common.dll" id="309fdead-5106-5ed1-ab4c-844e95471767">
      <Execution id="4c7ddd14-28ca-488e-9909-6f6a0d96b965" />
      <TestMethod codeBase="F:\ETWork\bin\Tests\UnitTests.iCore.Common.dll" adapterTypeName="Microsoft.VisualStudio.TestTools.TestTypes.Unit.UnitTestAdapter" className="Tests.iCore.Common.Utilities.ReferenceWarehouseTests" name="DelRef_ObjectWithRefCount2_Returns1" />
    </UnitTest>
    <UnitTest name="DelRef_CalledTwiceOnObjectWithRefCount2_CallsDisposeOnObject" storage="f:\etwork\bin\tests\unittests.icore.common.dll" id="3f98af05-665c-02ef-9965-0eaf705ae76e">
      <Execution id="6a32f649-3e7e-4fa4-a914-f3ebd985f3d4" />
      <TestMethod codeBase="F:\ETWork\bin\Tests\UnitTests.iCore.Common.dll" adapterTypeName="Microsoft.VisualStudio.TestTools.TestTypes.Unit.UnitTestAdapter" className="Tests.iCore.Common.Utilities.ReferenceWarehouseTests" name="DelRef_CalledTwiceOnObjectWithRefCount2_CallsDisposeOnObject" />
    </UnitTest>
    <UnitTest name="DelRef_CalledTwiceOnObjectWithRefCount2_Returns0" storage="f:\etwork\bin\tests\unittests.icore.common.dll" id="9d5f811e-8e13-f7c0-30e4-cc76aed208f8">
      <Execution id="03f39856-53fc-4500-b4e4-2032dbdcd7f1" />
      <TestMethod codeBase="F:\ETWork\bin\Tests\UnitTests.iCore.Common.dll" adapterTypeName="Microsoft.VisualStudio.TestTools.TestTypes.Unit.UnitTestAdapter" className="Tests.iCore.Common.Utilities.ReferenceWarehouseTests" name="DelRef_CalledTwiceOnObjectWithRefCount2_Returns0" />
    </UnitTest>
    <UnitTest name="Dispose_SeveralObjectsInList_DisposeIsCalledOnAllObjects" storage="f:\etwork\bin\tests\unittests.icore.common.dll" id="e5cd8dc6-655d-fe37-736e-fed37be3fad2">
      <Execution id="b08590cf-2bec-469d-93aa-72b934475046" />
      <TestMethod codeBase="F:\ETWork\bin\Tests\UnitTests.iCore.Common.dll" adapterTypeName="Microsoft.VisualStudio.TestTools.TestTypes.Unit.UnitTestAdapter" className="Tests.iCore.Common.Utilities.ReferenceWarehouseTests" name="Dispose_SeveralObjectsInList_DisposeIsCalledOnAllObjects" />
    </UnitTest>
    <UnitTest name="DelRef_MultipleObjectsWithEqualHashCodesInList_CallsDisposeOnlyOnCorrectObject" storage="f:\etwork\bin\tests\unittests.icore.common.dll" id="2cdf81c2-2ea8-b6ed-8756-84f4b3f8bd8b">
      <Execution id="b736b1c5-4400-4e8b-9f62-ea9cb229247c" />
      <TestMethod codeBase="F:\ETWork\bin\Tests\UnitTests.iCore.Common.dll" adapterTypeName="Microsoft.VisualStudio.TestTools.TestTypes.Unit.UnitTestAdapter" className="Tests.iCore.Common.Utilities.ReferenceWarehouseTests" name="DelRef_MultipleObjectsWithEqualHashCodesInList_CallsDisposeOnlyOnCorrectObject" />
    </UnitTest>
    <UnitTest name="AddRef_ObjectIsCollectedEvenIfItExistsInWarehouse" storage="f:\etwork\bin\tests\unittests.icore.common.dll" id="03d06537-739c-9358-6469-e7a7b91209ab">
      <Execution id="fa52c2d6-cabf-402d-aa2f-a8fb3e43cee8" />
      <TestMethod codeBase="F:\ETWork\bin\Tests\UnitTests.iCore.Common.dll" adapterTypeName="Microsoft.VisualStudio.TestTools.TestTypes.Unit.UnitTestAdapter" className="Tests.iCore.Common.Utilities.ReferenceWarehouseTests" name="AddRef_ObjectIsCollectedEvenIfItExistsInWarehouse" />
    </UnitTest>
    <UnitTest name="PurgeStaleReferences_DoesNotThrow" storage="f:\etwork\bin\tests\unittests.icore.common.dll" id="fb7e9df5-9933-ce14-5e0d-f8269828e248">
      <Execution id="8b667e32-bb51-4c9a-863b-43afeb34dac7" />
      <TestMethod codeBase="F:\ETWork\bin\Tests\UnitTests.iCore.Common.dll" adapterTypeName="Microsoft.VisualStudio.TestTools.TestTypes.Unit.UnitTestAdapter" className="Tests.iCore.Common.Utilities.ReferenceWarehouseTests" name="PurgeStaleReferences_DoesNotThrow" />
    </UnitTest>
    <UnitTest name="Constructor_NoStreamProvided_ArgumentNullExceptionRaised" storage="f:\etwork\bin\tests\unittests.icore.common.dll" id="94c82352-7133-b174-91e9-5f43ff01c9f9">
      <Execution id="9f00881c-36dc-4ebc-9351-1607acf395d8" />
      <TestMethod codeBase="F:\ETWork\bin\Tests\UnitTests.iCore.Common.dll" adapterTypeName="Microsoft.VisualStudio.TestTools.TestTypes.Unit.UnitTestAdapter" className="Tests.iCore.Common.Utilities.TrimmedStartStreamTest" name="Constructor_NoStreamProvided_ArgumentNullExceptionRaised" />
    </UnitTest>
    <UnitTest name="Constructor_ClosedStreamProvided_ObjectDisposedExceptionRaised" storage="f:\etwork\bin\tests\unittests.icore.common.dll" id="c4fa1c76-6182-4953-ad94-ad1eee8dd58d">
      <Execution id="d014454f-6f1d-4ad4-a0e0-a75c9e2570b0" />
      <TestMethod codeBase="F:\ETWork\bin\Tests\UnitTests.iCore.Common.dll" adapterTypeName="Microsoft.VisualStudio.TestTools.TestTypes.Unit.UnitTestAdapter" className="Tests.iCore.Common.Utilities.TrimmedStartStreamTest" name="Constructor_ClosedStreamProvided_ObjectDisposedExceptionRaised" />
    </UnitTest>
    <UnitTest name="Constructor_ValidStreamProvided_Succeeds" storage="f:\etwork\bin\tests\unittests.icore.common.dll" id="210c2965-f887-c555-5d84-dd6a17626d98">
      <Execution id="6d91000c-c158-4dff-8c19-2ac3984ff307" />
      <TestMethod codeBase="F:\ETWork\bin\Tests\UnitTests.iCore.Common.dll" adapterTypeName="Microsoft.VisualStudio.TestTools.TestTypes.Unit.UnitTestAdapter" className="Tests.iCore.Common.Utilities.TrimmedStartStreamTest" name="Constructor_ValidStreamProvided_Succeeds" />
    </UnitTest>
    <UnitTest name="Seek_FromBeginForward_Succeeds" storage="f:\etwork\bin\tests\unittests.icore.common.dll" id="5576c38e-8650-b7ae-0655-05d2233fa589">
      <Execution id="f1f45a8d-119e-4c03-a980-e929525b9c40" />
      <TestMethod codeBase="F:\ETWork\bin\Tests\UnitTests.iCore.Common.dll" adapterTypeName="Microsoft.VisualStudio.TestTools.TestTypes.Unit.UnitTestAdapter" className="Tests.iCore.Common.Utilities.TrimmedStartStreamTest" name="Seek_FromBeginForward_Succeeds" />
    </UnitTest>
    <UnitTest name="Seek_FromStartBeyondStart_IOExceptionRaised" storage="f:\etwork\bin\tests\unittests.icore.common.dll" id="9b426732-b4e1-d5bc-99dc-c2352f330e72">
      <Execution id="8112f1e3-21aa-4fd3-843f-245c9d94851e" />
      <TestMethod codeBase="F:\ETWork\bin\Tests\UnitTests.iCore.Common.dll" adapterTypeName="Microsoft.VisualStudio.TestTools.TestTypes.Unit.UnitTestAdapter" className="Tests.iCore.Common.Utilities.TrimmedStartStreamTest" name="Seek_FromStartBeyondStart_IOExceptionRaised" />
    </UnitTest>
    <UnitTest name="Seek_FromStartBeyondEnd_Succeeds" storage="f:\etwork\bin\tests\unittests.icore.common.dll" id="bb272a44-a04b-23a6-7e1c-b02c33cd977c">
      <Execution id="c49e8c57-40ef-44f8-9d10-3f1b2e30ab09" />
      <TestMethod codeBase="F:\ETWork\bin\Tests\UnitTests.iCore.Common.dll" adapterTypeName="Microsoft.VisualStudio.TestTools.TestTypes.Unit.UnitTestAdapter" className="Tests.iCore.Common.Utilities.TrimmedStartStreamTest" name="Seek_FromStartBeyondEnd_Succeeds" />
    </UnitTest>
    <UnitTest name="Seek_FromCurrentForward_Succeeds" storage="f:\etwork\bin\tests\unittests.icore.common.dll" id="51c05d2b-aa2d-e4bb-1ea9-7e39cfc76730">
      <Execution id="11081077-42d9-45fd-9ebc-687854ad74ea" />
      <TestMethod codeBase="F:\ETWork\bin\Tests\UnitTests.iCore.Common.dll" adapterTypeName="Microsoft.VisualStudio.TestTools.TestTypes.Unit.UnitTestAdapter" className="Tests.iCore.Common.Utilities.TrimmedStartStreamTest" name="Seek_FromCurrentForward_Succeeds" />
    </UnitTest>
    <UnitTest name="Seek_FromCurrentBackward_Succeeds" storage="f:\etwork\bin\tests\unittests.icore.common.dll" id="63ca1df5-b500-ca00-4c59-e35b75bf0dac">
      <Execution id="0e865c9e-85fd-4600-9e4c-7d90c6a62f20" />
      <TestMethod codeBase="F:\ETWork\bin\Tests\UnitTests.iCore.Common.dll" adapterTypeName="Microsoft.VisualStudio.TestTools.TestTypes.Unit.UnitTestAdapter" className="Tests.iCore.Common.Utilities.TrimmedStartStreamTest" name="Seek_FromCurrentBackward_Succeeds" />
    </UnitTest>
    <UnitTest name="Seek_FromCurrentBackwardBeyondStart_IOExceptionRaised" storage="f:\etwork\bin\tests\unittests.icore.common.dll" id="72a0ce69-4d0b-fda5-e562-b87b7b2e51b6">
      <Execution id="8727c786-f2f3-4ccd-934b-fa5e8cf6e3f3" />
      <TestMethod codeBase="F:\ETWork\bin\Tests\UnitTests.iCore.Common.dll" adapterTypeName="Microsoft.VisualStudio.TestTools.TestTypes.Unit.UnitTestAdapter" className="Tests.iCore.Common.Utilities.TrimmedStartStreamTest" name="Seek_FromCurrentBackwardBeyondStart_IOExceptionRaised" />
    </UnitTest>
    <UnitTest name="Seek_FromCurrentForwardBeyondEnd_Succeeds" storage="f:\etwork\bin\tests\unittests.icore.common.dll" id="c4903f4c-1181-1a6d-8227-10fa25a6dacd">
      <Execution id="778fe069-75cc-4f0e-a61c-c4a0f1b91d92" />
      <TestMethod codeBase="F:\ETWork\bin\Tests\UnitTests.iCore.Common.dll" adapterTypeName="Microsoft.VisualStudio.TestTools.TestTypes.Unit.UnitTestAdapter" className="Tests.iCore.Common.Utilities.TrimmedStartStreamTest" name="Seek_FromCurrentForwardBeyondEnd_Succeeds" />
    </UnitTest>
    <UnitTest name="Seek_FromEndBackwards_Succeeds" storage="f:\etwork\bin\tests\unittests.icore.common.dll" id="e64385fb-9314-4627-10e3-b7ab602a0bf7">
      <Execution id="a699f296-e87f-417e-aaa0-18c0e52c8932" />
      <TestMethod codeBase="F:\ETWork\bin\Tests\UnitTests.iCore.Common.dll" adapterTypeName="Microsoft.VisualStudio.TestTools.TestTypes.Unit.UnitTestAdapter" className="Tests.iCore.Common.Utilities.TrimmedStartStreamTest" name="Seek_FromEndBackwards_Succeeds" />
    </UnitTest>
    <UnitTest name="Seek_FromEndBackwardsBeyondStart_IOExceptionRaised" storage="f:\etwork\bin\tests\unittests.icore.common.dll" id="4e88c2e1-b581-92c8-103c-6badd66e2049">
      <Execution id="361a9c69-c4de-4da7-969d-5afd47cb3ac0" />
      <TestMethod codeBase="F:\ETWork\bin\Tests\UnitTests.iCore.Common.dll" adapterTypeName="Microsoft.VisualStudio.TestTools.TestTypes.Unit.UnitTestAdapter" className="Tests.iCore.Common.Utilities.TrimmedStartStreamTest" name="Seek_FromEndBackwardsBeyondStart_IOExceptionRaised" />
    </UnitTest>
    <UnitTest name="Seek_FromEndBeyondEnd_IOExceptionRaised" storage="f:\etwork\bin\tests\unittests.icore.common.dll" id="1848fa38-d493-ca8f-9824-da6b80f8c510">
      <Execution id="e779acb9-235c-4434-a530-cb543aa03ee8" />
      <TestMethod codeBase="F:\ETWork\bin\Tests\UnitTests.iCore.Common.dll" adapterTypeName="Microsoft.VisualStudio.TestTools.TestTypes.Unit.UnitTestAdapter" className="Tests.iCore.Common.Utilities.TrimmedStartStreamTest" name="Seek_FromEndBeyondEnd_IOExceptionRaised" />
    </UnitTest>
    <UnitTest name="SetLength_LengthIsNegativeValue_ArgumentOutOfRangeExceptionRaised" storage="f:\etwork\bin\tests\unittests.icore.common.dll" id="7f1911af-3a00-6c2c-3b40-49e29cde7efd">
      <Execution id="1e12fb95-c6da-4955-88ef-aa3eaa851a21" />
      <TestMethod codeBase="F:\ETWork\bin\Tests\UnitTests.iCore.Common.dll" adapterTypeName="Microsoft.VisualStudio.TestTools.TestTypes.Unit.UnitTestAdapter" className="Tests.iCore.Common.Utilities.TrimmedStartStreamTest" name="SetLength_LengthIsNegativeValue_ArgumentOutOfRangeExceptionRaised" />
    </UnitTest>
    <UnitTest name="SetLength_LengthIsPositivValue_LengthIsSet" storage="f:\etwork\bin\tests\unittests.icore.common.dll" id="def35367-12e0-b268-37fb-fbb8b200ca08">
      <Execution id="9e14b87f-d609-4305-9b31-bfe27a154163" />
      <TestMethod codeBase="F:\ETWork\bin\Tests\UnitTests.iCore.Common.dll" adapterTypeName="Microsoft.VisualStudio.TestTools.TestTypes.Unit.UnitTestAdapter" className="Tests.iCore.Common.Utilities.TrimmedStartStreamTest" name="SetLength_LengthIsPositivValue_LengthIsSet" />
    </UnitTest>
    <UnitTest name="Read_BufferProvided_DataWrittenToBuffer" storage="f:\etwork\bin\tests\unittests.icore.common.dll" id="e5186b8b-4772-0be6-0545-88d0cf719b94">
      <Execution id="08b52859-b6fe-4976-972b-fb846968ad02" />
      <TestMethod codeBase="F:\ETWork\bin\Tests\UnitTests.iCore.Common.dll" adapterTypeName="Microsoft.VisualStudio.TestTools.TestTypes.Unit.UnitTestAdapter" className="Tests.iCore.Common.Utilities.TrimmedStartStreamTest" name="Read_BufferProvided_DataWrittenToBuffer" />
    </UnitTest>
    <UnitTest name="ReadByte_ReadingFromCurrentPositionToEnd_DataRead" storage="f:\etwork\bin\tests\unittests.icore.common.dll" id="a1833b70-0903-4fbb-6619-1d2b5d072bc6">
      <Execution id="90fd8a96-350a-4561-8ae6-6153b203eff3" />
      <TestMethod codeBase="F:\ETWork\bin\Tests\UnitTests.iCore.Common.dll" adapterTypeName="Microsoft.VisualStudio.TestTools.TestTypes.Unit.UnitTestAdapter" className="Tests.iCore.Common.Utilities.TrimmedStartStreamTest" name="ReadByte_ReadingFromCurrentPositionToEnd_DataRead" />
    </UnitTest>
    <UnitTest name="Write_BufferProvided_DataWrittenToStream" storage="f:\etwork\bin\tests\unittests.icore.common.dll" id="5051b7fc-f45e-8fd9-d003-9ca8c6e36eae">
      <Execution id="6a4b349a-2daf-47d4-a349-974996810c63" />
      <TestMethod codeBase="F:\ETWork\bin\Tests\UnitTests.iCore.Common.dll" adapterTypeName="Microsoft.VisualStudio.TestTools.TestTypes.Unit.UnitTestAdapter" className="Tests.iCore.Common.Utilities.TrimmedStartStreamTest" name="Write_BufferProvided_DataWrittenToStream" />
    </UnitTest>
    <UnitTest name="WriteByte_WritingOneByteAtEnd_DataWrittenToStream" storage="f:\etwork\bin\tests\unittests.icore.common.dll" id="cd773cbc-390b-20fb-d9db-27b8c52d9730">
      <Execution id="51b3443b-afbb-4238-9800-283d8f5a3472" />
      <TestMethod codeBase="F:\ETWork\bin\Tests\UnitTests.iCore.Common.dll" adapterTypeName="Microsoft.VisualStudio.TestTools.TestTypes.Unit.UnitTestAdapter" className="Tests.iCore.Common.Utilities.TrimmedStartStreamTest" name="WriteByte_WritingOneByteAtEnd_DataWrittenToStream" />
    </UnitTest>
    <UnitTest name="Close_ClosingStream_StreamClosed" storage="f:\etwork\bin\tests\unittests.icore.common.dll" id="c524b354-3020-0a36-e836-914778984b04">
      <Execution id="6e9b917b-4d3a-46b1-ac4d-4a05aec5a6dc" />
      <TestMethod codeBase="F:\ETWork\bin\Tests\UnitTests.iCore.Common.dll" adapterTypeName="Microsoft.VisualStudio.TestTools.TestTypes.Unit.UnitTestAdapter" className="Tests.iCore.Common.Utilities.TrimmedStartStreamTest" name="Close_ClosingStream_StreamClosed" />
    </UnitTest>
    <UnitTest name="Length_GetLength_Succeeds" storage="f:\etwork\bin\tests\unittests.icore.common.dll" id="357a783d-2591-703b-9e6a-23cc989f57ab">
      <Execution id="928600ae-2b55-4682-af0d-e6fff21e879c" />
      <TestMethod codeBase="F:\ETWork\bin\Tests\UnitTests.iCore.Common.dll" adapterTypeName="Microsoft.VisualStudio.TestTools.TestTypes.Unit.UnitTestAdapter" className="Tests.iCore.Common.Utilities.TrimmedStartStreamTest" name="Length_GetLength_Succeeds" />
    </UnitTest>
    <UnitTest name="Position_GetPosition_Succeeds" storage="f:\etwork\bin\tests\unittests.icore.common.dll" id="348305b4-4a93-00f4-90d1-0c5b438a5c4b">
      <Execution id="5ecb0270-a8aa-4476-8c17-19a37f286669" />
      <TestMethod codeBase="F:\ETWork\bin\Tests\UnitTests.iCore.Common.dll" adapterTypeName="Microsoft.VisualStudio.TestTools.TestTypes.Unit.UnitTestAdapter" className="Tests.iCore.Common.Utilities.TrimmedStartStreamTest" name="Position_GetPosition_Succeeds" />
    </UnitTest>
    <UnitTest name="Position_SetPosition_Succeeds" storage="f:\etwork\bin\tests\unittests.icore.common.dll" id="ae3845ac-f01a-53de-eb31-331f2be16ce5">
      <Execution id="9265f231-1319-427a-bab4-2165f2b58198" />
      <TestMethod codeBase="F:\ETWork\bin\Tests\UnitTests.iCore.Common.dll" adapterTypeName="Microsoft.VisualStudio.TestTools.TestTypes.Unit.UnitTestAdapter" className="Tests.iCore.Common.Utilities.TrimmedStartStreamTest" name="Position_SetPosition_Succeeds" />
    </UnitTest>
    <UnitTest name="CreateStaticInvoker_VoidMethodWithoutArguments" storage="f:\etwork\bin\tests\unittests.icore.common.dll" id="293713cf-8b44-fa61-28f2-3f3b625cc134">
      <Execution id="d596278a-a203-489c-b669-9336013074a2" />
      <TestMethod codeBase="F:\ETWork\bin\Tests\UnitTests.iCore.Common.dll" adapterTypeName="Microsoft.VisualStudio.TestTools.TestTypes.Unit.UnitTestAdapter" className="UnitTests_iCore_Common.MethodInvokerFactoryExtensionsTests" name="CreateStaticInvoker_VoidMethodWithoutArguments" />
    </UnitTest>
    <UnitTest name="CreateStaticInvoker_IntMethodWitharguments" storage="f:\etwork\bin\tests\unittests.icore.common.dll" id="cf3ffc82-1472-5fd7-bb27-624c3a9f05cb">
      <Execution id="fdca8231-a7ec-4dae-861b-d90af0c3a02a" />
      <TestMethod codeBase="F:\ETWork\bin\Tests\UnitTests.iCore.Common.dll" adapterTypeName="Microsoft.VisualStudio.TestTools.TestTypes.Unit.UnitTestAdapter" className="UnitTests_iCore_Common.MethodInvokerFactoryExtensionsTests" name="CreateStaticInvoker_IntMethodWitharguments" />
    </UnitTest>
    <UnitTest name="CreateStaticInvokerOfT_IntMethodWitharguments" storage="f:\etwork\bin\tests\unittests.icore.common.dll" id="5c782b39-04c6-335a-7af3-8716a66b8523">
      <Execution id="664628e4-65d8-4be5-af15-ec40dc16cd6b" />
      <TestMethod codeBase="F:\ETWork\bin\Tests\UnitTests.iCore.Common.dll" adapterTypeName="Microsoft.VisualStudio.TestTools.TestTypes.Unit.UnitTestAdapter" className="UnitTests_iCore_Common.MethodInvokerFactoryExtensionsTests" name="CreateStaticInvokerOfT_IntMethodWitharguments" />
    </UnitTest>
    <UnitTest name="CreateInvoker_VoidMethodWithoutArguments" storage="f:\etwork\bin\tests\unittests.icore.common.dll" id="bd33cdab-2009-cd16-2ce6-12417d5b89b7">
      <Execution id="3bb9b8e5-4750-4796-aab3-fc24e330cd64" />
      <TestMethod codeBase="F:\ETWork\bin\Tests\UnitTests.iCore.Common.dll" adapterTypeName="Microsoft.VisualStudio.TestTools.TestTypes.Unit.UnitTestAdapter" className="UnitTests_iCore_Common.MethodInvokerFactoryExtensionsTests" name="CreateInvoker_VoidMethodWithoutArguments" />
    </UnitTest>
    <UnitTest name="CreateInvoker_IntMethodWithoutArguments" storage="f:\etwork\bin\tests\unittests.icore.common.dll" id="7044fdef-bd18-4a04-7f1c-35be4c862268">
      <Execution id="730f9c68-2eeb-4713-9e85-ed15ade53d80" />
      <TestMethod codeBase="F:\ETWork\bin\Tests\UnitTests.iCore.Common.dll" adapterTypeName="Microsoft.VisualStudio.TestTools.TestTypes.Unit.UnitTestAdapter" className="UnitTests_iCore_Common.MethodInvokerFactoryExtensionsTests" name="CreateInvoker_IntMethodWithoutArguments" />
    </UnitTest>
    <UnitTest name="CreateInvoker_IntMethodWithArguments" storage="f:\etwork\bin\tests\unittests.icore.common.dll" id="c3c63776-3706-bdef-a30f-ad2d9d82155a">
      <Execution id="794db6e4-4a90-44ac-ad33-dd7f07e5910d" />
      <TestMethod codeBase="F:\ETWork\bin\Tests\UnitTests.iCore.Common.dll" adapterTypeName="Microsoft.VisualStudio.TestTools.TestTypes.Unit.UnitTestAdapter" className="UnitTests_iCore_Common.MethodInvokerFactoryExtensionsTests" name="CreateInvoker_IntMethodWithArguments" />
    </UnitTest>
    <UnitTest name="CreateInvokerOfT_IntMethodWithoutArguments" storage="f:\etwork\bin\tests\unittests.icore.common.dll" id="b02c9960-6e87-2898-0e7d-07a1cd3ea5b8">
      <Execution id="9f9fe36f-2965-4d34-8059-1ee7db95d955" />
      <TestMethod codeBase="F:\ETWork\bin\Tests\UnitTests.iCore.Common.dll" adapterTypeName="Microsoft.VisualStudio.TestTools.TestTypes.Unit.UnitTestAdapter" className="UnitTests_iCore_Common.MethodInvokerFactoryExtensionsTests" name="CreateInvokerOfT_IntMethodWithoutArguments" />
    </UnitTest>
    <UnitTest name="CreateInvokerOfT_IntMethodWithArguments" storage="f:\etwork\bin\tests\unittests.icore.common.dll" id="a37cb65b-1a96-5bb1-713b-44638b52a7cc">
      <Execution id="60845f7e-de15-4581-ba57-a2a71f3cb7a9" />
      <TestMethod codeBase="F:\ETWork\bin\Tests\UnitTests.iCore.Common.dll" adapterTypeName="Microsoft.VisualStudio.TestTools.TestTypes.Unit.UnitTestAdapter" className="UnitTests_iCore_Common.MethodInvokerFactoryExtensionsTests" name="CreateInvokerOfT_IntMethodWithArguments" />
    </UnitTest>
    <UnitTest name="CreateActivator_DefaultConstructor_ReturnsCorrectActivator" storage="f:\etwork\bin\tests\unittests.icore.common.dll" id="5e43fafe-21d4-b2e2-8007-430bfdf3e33e">
      <Execution id="e5caa7c5-e085-4228-a19e-3390e33dfdf3" />
      <TestMethod codeBase="F:\ETWork\bin\Tests\UnitTests.iCore.Common.dll" adapterTypeName="Microsoft.VisualStudio.TestTools.TestTypes.Unit.UnitTestAdapter" className="UnitTests_iCore_Common.ObjectActivatorFactoryExtensionsTests" name="CreateActivator_DefaultConstructor_ReturnsCorrectActivator" />
    </UnitTest>
    <UnitTest name="CreateActivator_SingleParameterConstructor_ReturnsCorrectActivator" storage="f:\etwork\bin\tests\unittests.icore.common.dll" id="66389ea6-29e9-e053-15a1-5dde71e38f38">
      <Execution id="919aba86-a9ae-4cbe-97d1-48327217ee86" />
      <TestMethod codeBase="F:\ETWork\bin\Tests\UnitTests.iCore.Common.dll" adapterTypeName="Microsoft.VisualStudio.TestTools.TestTypes.Unit.UnitTestAdapter" className="UnitTests_iCore_Common.ObjectActivatorFactoryExtensionsTests" name="CreateActivator_SingleParameterConstructor_ReturnsCorrectActivator" />
    </UnitTest>
    <UnitTest name="CreateActivator_MultiParameterConstructor_ReturnsCorrectActivator" storage="f:\etwork\bin\tests\unittests.icore.common.dll" id="9b9e7d6d-da57-1c62-741d-ff0e3144d29d">
      <Execution id="dec73d54-4ffb-44f3-aead-ee31f058af63" />
      <TestMethod codeBase="F:\ETWork\bin\Tests\UnitTests.iCore.Common.dll" adapterTypeName="Microsoft.VisualStudio.TestTools.TestTypes.Unit.UnitTestAdapter" className="UnitTests_iCore_Common.ObjectActivatorFactoryExtensionsTests" name="CreateActivator_MultiParameterConstructor_ReturnsCorrectActivator" />
    </UnitTest>
    <UnitTest name="CreateActivatorOfT_DefaultConstructor_ReturnsCorrectActivator" storage="f:\etwork\bin\tests\unittests.icore.common.dll" id="d82e002c-d25c-c5b4-c2e3-e7420c60c547">
      <Execution id="dd07d8d1-2039-4266-90f8-67d59254004f" />
      <TestMethod codeBase="F:\ETWork\bin\Tests\UnitTests.iCore.Common.dll" adapterTypeName="Microsoft.VisualStudio.TestTools.TestTypes.Unit.UnitTestAdapter" className="UnitTests_iCore_Common.ObjectActivatorFactoryExtensionsTests" name="CreateActivatorOfT_DefaultConstructor_ReturnsCorrectActivator" />
    </UnitTest>
    <UnitTest name="CreateActivatorOfT_SingleParameterConstructor_ReturnsCorrectActivator" storage="f:\etwork\bin\tests\unittests.icore.common.dll" id="b1f94884-8b3f-2e6e-2585-59b082eda87c">
      <Execution id="4bf480cf-b7ee-45f9-8825-7f7a874c1795" />
      <TestMethod codeBase="F:\ETWork\bin\Tests\UnitTests.iCore.Common.dll" adapterTypeName="Microsoft.VisualStudio.TestTools.TestTypes.Unit.UnitTestAdapter" className="UnitTests_iCore_Common.ObjectActivatorFactoryExtensionsTests" name="CreateActivatorOfT_SingleParameterConstructor_ReturnsCorrectActivator" />
    </UnitTest>
    <UnitTest name="CreateActivatorOfT_MultiParameterConstructor_ReturnsCorrectActivator" storage="f:\etwork\bin\tests\unittests.icore.common.dll" id="3524134e-d5c0-4221-f27d-4be9ad798c0d">
      <Execution id="8d7d1136-3d5b-474d-baf6-fb6aa176c6a7" />
      <TestMethod codeBase="F:\ETWork\bin\Tests\UnitTests.iCore.Common.dll" adapterTypeName="Microsoft.VisualStudio.TestTools.TestTypes.Unit.UnitTestAdapter" className="UnitTests_iCore_Common.ObjectActivatorFactoryExtensionsTests" name="CreateActivatorOfT_MultiParameterConstructor_ReturnsCorrectActivator" />
    </UnitTest>
    <UnitTest name="CreateActivatorFromType_SingleParameterConstructor_ReturnsCorrectActivator" storage="f:\etwork\bin\tests\unittests.icore.common.dll" id="f306f413-be37-0de3-39ca-bd5f58bf3671">
      <Execution id="58c5cbfd-d5c9-4b7e-bff1-901afa690f86" />
      <TestMethod codeBase="F:\ETWork\bin\Tests\UnitTests.iCore.Common.dll" adapterTypeName="Microsoft.VisualStudio.TestTools.TestTypes.Unit.UnitTestAdapter" className="UnitTests_iCore_Common.ObjectActivatorFactoryExtensionsTests" name="CreateActivatorFromType_SingleParameterConstructor_ReturnsCorrectActivator" />
    </UnitTest>
    <UnitTest name="CreateActivatorFromType_MultiParameterConstructor_ReturnsCorrectActivator" storage="f:\etwork\bin\tests\unittests.icore.common.dll" id="9e5b832b-f93c-c6c7-71fd-95ff31a2617b">
      <Execution id="ec6c73ea-4c23-48f9-b66f-26d7862574c6" />
      <TestMethod codeBase="F:\ETWork\bin\Tests\UnitTests.iCore.Common.dll" adapterTypeName="Microsoft.VisualStudio.TestTools.TestTypes.Unit.UnitTestAdapter" className="UnitTests_iCore_Common.ObjectActivatorFactoryExtensionsTests" name="CreateActivatorFromType_MultiParameterConstructor_ReturnsCorrectActivator" />
    </UnitTest>
    <UnitTest name="DefaultConstructor_CountIsZero" storage="f:\etwork\bin\tests\unittests.icore.common.dll" id="57098eb8-30b8-488b-4008-d0782262ca6e">
      <Execution id="167b8ee5-a867-4454-a6a9-b39ceccd6b86" />
      <TestMethod codeBase="F:\ETWork\bin\Tests\UnitTests.iCore.Common.dll" adapterTypeName="Microsoft.VisualStudio.TestTools.TestTypes.Unit.UnitTestAdapter" className="TestProject1.DequeTests" name="DefaultConstructor_CountIsZero" />
    </UnitTest>
    <UnitTest name="Constructor_NegativeCapacity_ThrowsArgumentOutOfRangeException" storage="f:\etwork\bin\tests\unittests.icore.common.dll" id="2132a45e-f7e9-377f-cc76-09850c1293a3">
      <Execution id="46925ef6-be76-4a3f-b318-f24d7e608ba1" />
      <TestMethod codeBase="F:\ETWork\bin\Tests\UnitTests.iCore.Common.dll" adapterTypeName="Microsoft.VisualStudio.TestTools.TestTypes.Unit.UnitTestAdapter" className="TestProject1.DequeTests" name="Constructor_NegativeCapacity_ThrowsArgumentOutOfRangeException" />
    </UnitTest>
    <UnitTest name="Constructor_ZeroCapacity_CapacityIsZero" storage="f:\etwork\bin\tests\unittests.icore.common.dll" id="a139e32b-bb08-29a0-6100-0ac1294437f6">
      <Execution id="b467f565-34e8-4eb2-9269-7c3d919688fd" />
      <TestMethod codeBase="F:\ETWork\bin\Tests\UnitTests.iCore.Common.dll" adapterTypeName="Microsoft.VisualStudio.TestTools.TestTypes.Unit.UnitTestAdapter" className="TestProject1.DequeTests" name="Constructor_ZeroCapacity_CapacityIsZero" />
    </UnitTest>
    <UnitTest name="Constructor_PositiveCapacity_CapacityIsSet" storage="f:\etwork\bin\tests\unittests.icore.common.dll" id="c5c16005-dfe0-ce25-821f-83576c403f1b">
      <Execution id="90762f14-1f80-454c-b4a8-21b35fdbf174" />
      <TestMethod codeBase="F:\ETWork\bin\Tests\UnitTests.iCore.Common.dll" adapterTypeName="Microsoft.VisualStudio.TestTools.TestTypes.Unit.UnitTestAdapter" className="TestProject1.DequeTests" name="Constructor_PositiveCapacity_CapacityIsSet" />
    </UnitTest>
    <UnitTest name="Constructor_PositiveCapacity_CountIsZero" storage="f:\etwork\bin\tests\unittests.icore.common.dll" id="704b5f99-97bc-8bcd-1bad-d5ee5da063fd">
      <Execution id="5b58b0ff-9fe2-4bfd-a8ef-c244bb85de7d" />
      <TestMethod codeBase="F:\ETWork\bin\Tests\UnitTests.iCore.Common.dll" adapterTypeName="Microsoft.VisualStudio.TestTools.TestTypes.Unit.UnitTestAdapter" className="TestProject1.DequeTests" name="Constructor_PositiveCapacity_CountIsZero" />
    </UnitTest>
    <UnitTest name="Constructor_NullEnumerable_ThrowsArgumentNullException" storage="f:\etwork\bin\tests\unittests.icore.common.dll" id="1a537d4a-65a3-2316-d608-7d6de63248f2">
      <Execution id="e4347f24-9377-4cbb-8465-0f02d073b116" />
      <TestMethod codeBase="F:\ETWork\bin\Tests\UnitTests.iCore.Common.dll" adapterTypeName="Microsoft.VisualStudio.TestTools.TestTypes.Unit.UnitTestAdapter" className="TestProject1.DequeTests" name="Constructor_NullEnumerable_ThrowsArgumentNullException" />
    </UnitTest>
    <UnitTest name="Constructor_EmptyEnumerable_CountIsZero" storage="f:\etwork\bin\tests\unittests.icore.common.dll" id="22676257-8586-099f-26d7-eda62e545e6b">
      <Execution id="c441243a-88b2-4a68-b23e-95e7160790a1" />
      <TestMethod codeBase="F:\ETWork\bin\Tests\UnitTests.iCore.Common.dll" adapterTypeName="Microsoft.VisualStudio.TestTools.TestTypes.Unit.UnitTestAdapter" className="TestProject1.DequeTests" name="Constructor_EmptyEnumerable_CountIsZero" />
    </UnitTest>
    <UnitTest name="Constructor_NonEmptyEnumerable_CountMatches" storage="f:\etwork\bin\tests\unittests.icore.common.dll" id="4408e608-c43f-fa54-c838-9a164870f71f">
      <Execution id="63ebf394-06fa-4070-bb4d-0699b1774af7" />
      <TestMethod codeBase="F:\ETWork\bin\Tests\UnitTests.iCore.Common.dll" adapterTypeName="Microsoft.VisualStudio.TestTools.TestTypes.Unit.UnitTestAdapter" className="TestProject1.DequeTests" name="Constructor_NonEmptyEnumerable_CountMatches" />
    </UnitTest>
    <UnitTest name="Constructor_NonEmptySequence_SequencesAreEqual" storage="f:\etwork\bin\tests\unittests.icore.common.dll" id="e414bda4-c775-d4f0-b93a-0ae6161a3543">
      <Execution id="4462bd51-2b29-44fc-bf82-21d2a711472d" />
      <TestMethod codeBase="F:\ETWork\bin\Tests\UnitTests.iCore.Common.dll" adapterTypeName="Microsoft.VisualStudio.TestTools.TestTypes.Unit.UnitTestAdapter" className="TestProject1.DequeTests" name="Constructor_NonEmptySequence_SequencesAreEqual" />
    </UnitTest>
    <UnitTest name="Constructor_NonEmptySequence_CapacityIsNotLessThanCount" storage="f:\etwork\bin\tests\unittests.icore.common.dll" id="34ac57ee-102a-2cff-90f8-dc836265d823">
      <Execution id="6b21d944-e19a-41dc-8305-83559ab176a6" />
      <TestMethod codeBase="F:\ETWork\bin\Tests\UnitTests.iCore.Common.dll" adapterTypeName="Microsoft.VisualStudio.TestTools.TestTypes.Unit.UnitTestAdapter" className="TestProject1.DequeTests" name="Constructor_NonEmptySequence_CapacityIsNotLessThanCount" />
    </UnitTest>
    <UnitTest name="PushBack_EmptyDeque_CountIsOne" storage="f:\etwork\bin\tests\unittests.icore.common.dll" id="0ccb8e61-91cc-3b74-b7ee-a199eae0e2c8">
      <Execution id="b8e83b49-0d2b-43f8-a1a0-d2f837e2ab70" />
      <TestMethod codeBase="F:\ETWork\bin\Tests\UnitTests.iCore.Common.dll" adapterTypeName="Microsoft.VisualStudio.TestTools.TestTypes.Unit.UnitTestAdapter" className="TestProject1.DequeTests" name="PushBack_EmptyDeque_CountIsOne" />
    </UnitTest>
    <UnitTest name="PushBack_EmptyDeque_SequenceConsistsOfElement" storage="f:\etwork\bin\tests\unittests.icore.common.dll" id="838550a9-9df7-2ddc-8b72-59a68ea818be">
      <Execution id="db515c85-bb72-447f-9d77-e3bddbec6ef8" />
      <TestMethod codeBase="F:\ETWork\bin\Tests\UnitTests.iCore.Common.dll" adapterTypeName="Microsoft.VisualStudio.TestTools.TestTypes.Unit.UnitTestAdapter" className="TestProject1.DequeTests" name="PushBack_EmptyDeque_SequenceConsistsOfElement" />
    </UnitTest>
    <UnitTest name="PushBack_NonEmptySequence_CountIsIncremented" storage="f:\etwork\bin\tests\unittests.icore.common.dll" id="784ed5a7-0bda-c7e3-6727-51506539b899">
      <Execution id="0ea6d45d-1e1d-41a8-bb82-cd7aabbfc603" />
      <TestMethod codeBase="F:\ETWork\bin\Tests\UnitTests.iCore.Common.dll" adapterTypeName="Microsoft.VisualStudio.TestTools.TestTypes.Unit.UnitTestAdapter" className="TestProject1.DequeTests" name="PushBack_NonEmptySequence_CountIsIncremented" />
    </UnitTest>
    <UnitTest name="PushBack_NonEmptySequence_SequenceMatchesExpected" storage="f:\etwork\bin\tests\unittests.icore.common.dll" id="60845b78-8768-e7ef-0029-cde297a53cd2">
      <Execution id="c0a5942b-ff6d-4219-b52f-a93d512a1c8e" />
      <TestMethod codeBase="F:\ETWork\bin\Tests\UnitTests.iCore.Common.dll" adapterTypeName="Microsoft.VisualStudio.TestTools.TestTypes.Unit.UnitTestAdapter" className="TestProject1.DequeTests" name="PushBack_NonEmptySequence_SequenceMatchesExpected" />
    </UnitTest>
    <UnitTest name="PushFront_EmptyDeque_CountIsOne" storage="f:\etwork\bin\tests\unittests.icore.common.dll" id="95dadaaa-04c5-825e-98e5-266fd15361df">
      <Execution id="a2a844e1-c46e-42cb-9c48-4a81fd95d025" />
      <TestMethod codeBase="F:\ETWork\bin\Tests\UnitTests.iCore.Common.dll" adapterTypeName="Microsoft.VisualStudio.TestTools.TestTypes.Unit.UnitTestAdapter" className="TestProject1.DequeTests" name="PushFront_EmptyDeque_CountIsOne" />
    </UnitTest>
    <UnitTest name="PushFront_EmptyDeque_SequenceConsistsOfElement" storage="f:\etwork\bin\tests\unittests.icore.common.dll" id="4080c07f-bef7-4c7a-f553-08adde06e319">
      <Execution id="cd7a0442-a8a3-4b84-9782-f4d67feb0b69" />
      <TestMethod codeBase="F:\ETWork\bin\Tests\UnitTests.iCore.Common.dll" adapterTypeName="Microsoft.VisualStudio.TestTools.TestTypes.Unit.UnitTestAdapter" className="TestProject1.DequeTests" name="PushFront_EmptyDeque_SequenceConsistsOfElement" />
    </UnitTest>
    <UnitTest name="PushFront_NonEmptySequence_CountIsIncremented" storage="f:\etwork\bin\tests\unittests.icore.common.dll" id="64591c8f-6104-de12-3b33-2ee48c30cc3a">
      <Execution id="e2c417ca-3e28-4b48-bf1e-506922b7dcb1" />
      <TestMethod codeBase="F:\ETWork\bin\Tests\UnitTests.iCore.Common.dll" adapterTypeName="Microsoft.VisualStudio.TestTools.TestTypes.Unit.UnitTestAdapter" className="TestProject1.DequeTests" name="PushFront_NonEmptySequence_CountIsIncremented" />
    </UnitTest>
    <UnitTest name="PushFront_NonEmptySequence_SequenceMatchesExpected" storage="f:\etwork\bin\tests\unittests.icore.common.dll" id="d972630d-2122-0a20-8e4c-c0f30e791c0d">
      <Execution id="681c8aad-0fa5-443f-a1d5-f3551d99dff5" />
      <TestMethod codeBase="F:\ETWork\bin\Tests\UnitTests.iCore.Common.dll" adapterTypeName="Microsoft.VisualStudio.TestTools.TestTypes.Unit.UnitTestAdapter" className="TestProject1.DequeTests" name="PushFront_NonEmptySequence_SequenceMatchesExpected" />
    </UnitTest>
    <UnitTest name="PopBack_EmptySequence_ThrowsInvalidOperationException" storage="f:\etwork\bin\tests\unittests.icore.common.dll" id="ec7169bc-f284-26f8-5a83-c2cace403865">
      <Execution id="c86c561c-c96e-497e-8a8b-cdaeb1bd0608" />
      <TestMethod codeBase="F:\ETWork\bin\Tests\UnitTests.iCore.Common.dll" adapterTypeName="Microsoft.VisualStudio.TestTools.TestTypes.Unit.UnitTestAdapter" className="TestProject1.DequeTests" name="PopBack_EmptySequence_ThrowsInvalidOperationException" />
    </UnitTest>
    <UnitTest name="PopBack_NonEmptySequence_ReturnsLastItemInList" storage="f:\etwork\bin\tests\unittests.icore.common.dll" id="2951802f-8248-9ac6-6242-8130b7b1c4a8">
      <Execution id="1050dd6f-58e3-49e7-b85c-23b6f409ba18" />
      <TestMethod codeBase="F:\ETWork\bin\Tests\UnitTests.iCore.Common.dll" adapterTypeName="Microsoft.VisualStudio.TestTools.TestTypes.Unit.UnitTestAdapter" className="TestProject1.DequeTests" name="PopBack_NonEmptySequence_ReturnsLastItemInList" />
    </UnitTest>
    <UnitTest name="PopBack_NonEmptySequence_CountIsDecremented" storage="f:\etwork\bin\tests\unittests.icore.common.dll" id="4cb5a92c-6050-800b-d775-6c18e1c18361">
      <Execution id="6b81d107-7ddd-4455-9205-9f4b68223f32" />
      <TestMethod codeBase="F:\ETWork\bin\Tests\UnitTests.iCore.Common.dll" adapterTypeName="Microsoft.VisualStudio.TestTools.TestTypes.Unit.UnitTestAdapter" className="TestProject1.DequeTests" name="PopBack_NonEmptySequence_CountIsDecremented" />
    </UnitTest>
    <UnitTest name="PopBack_NonEmptySequence_SequenceIsCorrect" storage="f:\etwork\bin\tests\unittests.icore.common.dll" id="b933a881-8c36-c538-8002-6e5144a4fd63">
      <Execution id="2e93731e-ca99-44a0-885c-e4f4c6b8a8c4" />
      <TestMethod codeBase="F:\ETWork\bin\Tests\UnitTests.iCore.Common.dll" adapterTypeName="Microsoft.VisualStudio.TestTools.TestTypes.Unit.UnitTestAdapter" className="TestProject1.DequeTests" name="PopBack_NonEmptySequence_SequenceIsCorrect" />
    </UnitTest>
    <UnitTest name="PopFront_EmptySequence_ThrowsInvalidOperationException" storage="f:\etwork\bin\tests\unittests.icore.common.dll" id="caf0135c-3b19-a12d-fdd8-1cc649b5da8f">
      <Execution id="47901e80-0f37-4587-a12f-8f8240515202" />
      <TestMethod codeBase="F:\ETWork\bin\Tests\UnitTests.iCore.Common.dll" adapterTypeName="Microsoft.VisualStudio.TestTools.TestTypes.Unit.UnitTestAdapter" className="TestProject1.DequeTests" name="PopFront_EmptySequence_ThrowsInvalidOperationException" />
    </UnitTest>
    <UnitTest name="PopFront_NonEmptySequence_ReturnsFirstItemInList" storage="f:\etwork\bin\tests\unittests.icore.common.dll" id="880edbfa-c44b-d7a6-b1ee-b557855b363a">
      <Execution id="e2f3d5ce-46d0-4699-b3ad-aad9a6015ce9" />
      <TestMethod codeBase="F:\ETWork\bin\Tests\UnitTests.iCore.Common.dll" adapterTypeName="Microsoft.VisualStudio.TestTools.TestTypes.Unit.UnitTestAdapter" className="TestProject1.DequeTests" name="PopFront_NonEmptySequence_ReturnsFirstItemInList" />
    </UnitTest>
    <UnitTest name="PopFront_NonEmptySequence_CountIsDecremented" storage="f:\etwork\bin\tests\unittests.icore.common.dll" id="5824c7ed-c1cd-304c-31d9-d4342965f356">
      <Execution id="d441b0d3-ae3f-4a60-8614-c3b8320f6992" />
      <TestMethod codeBase="F:\ETWork\bin\Tests\UnitTests.iCore.Common.dll" adapterTypeName="Microsoft.VisualStudio.TestTools.TestTypes.Unit.UnitTestAdapter" className="TestProject1.DequeTests" name="PopFront_NonEmptySequence_CountIsDecremented" />
    </UnitTest>
    <UnitTest name="PopFront_NonEmptySequence_SequenceIsCorrect" storage="f:\etwork\bin\tests\unittests.icore.common.dll" id="389aa43e-edc4-40b8-987f-7e067f05de67">
      <Execution id="12c5f9c0-5071-44bb-b787-0aa370912594" />
      <TestMethod codeBase="F:\ETWork\bin\Tests\UnitTests.iCore.Common.dll" adapterTypeName="Microsoft.VisualStudio.TestTools.TestTypes.Unit.UnitTestAdapter" className="TestProject1.DequeTests" name="PopFront_NonEmptySequence_SequenceIsCorrect" />
    </UnitTest>
    <UnitTest name="Contains_EmptySequence_ReturnsFalse" storage="f:\etwork\bin\tests\unittests.icore.common.dll" id="e50d9812-a5dd-7278-5497-e1d83f49407a">
      <Execution id="cd3d1599-3f8c-4e52-8cc1-a1fb85237b91" />
      <TestMethod codeBase="F:\ETWork\bin\Tests\UnitTests.iCore.Common.dll" adapterTypeName="Microsoft.VisualStudio.TestTools.TestTypes.Unit.UnitTestAdapter" className="TestProject1.DequeTests" name="Contains_EmptySequence_ReturnsFalse" />
    </UnitTest>
    <UnitTest name="Contains_NullArgumentWithoutNullInSequence_ReturnsFalse" storage="f:\etwork\bin\tests\unittests.icore.common.dll" id="78419f03-9e05-eb55-59cc-822ce6a1f2a7">
      <Execution id="57421eb6-ed7a-4de6-bee5-b126d68926ed" />
      <TestMethod codeBase="F:\ETWork\bin\Tests\UnitTests.iCore.Common.dll" adapterTypeName="Microsoft.VisualStudio.TestTools.TestTypes.Unit.UnitTestAdapter" className="TestProject1.DequeTests" name="Contains_NullArgumentWithoutNullInSequence_ReturnsFalse" />
    </UnitTest>
    <UnitTest name="Contains_NullArgumentWithNullInSequence_ReturnsTrue" storage="f:\etwork\bin\tests\unittests.icore.common.dll" id="2bf48edb-aeee-b331-657b-5160fad3b848">
      <Execution id="a3ce911f-d3c5-4ee6-86db-58788bfd1428" />
      <TestMethod codeBase="F:\ETWork\bin\Tests\UnitTests.iCore.Common.dll" adapterTypeName="Microsoft.VisualStudio.TestTools.TestTypes.Unit.UnitTestAdapter" className="TestProject1.DequeTests" name="Contains_NullArgumentWithNullInSequence_ReturnsTrue" />
    </UnitTest>
    <UnitTest name="Contains_ArgumentThatExistsInSequence_ReturnsTrue" storage="f:\etwork\bin\tests\unittests.icore.common.dll" id="fd71484c-6a5b-412c-4bb5-900b0d0d1c34">
      <Execution id="b61c5d5e-595a-4f8a-b586-95e5def77640" />
      <TestMethod codeBase="F:\ETWork\bin\Tests\UnitTests.iCore.Common.dll" adapterTypeName="Microsoft.VisualStudio.TestTools.TestTypes.Unit.UnitTestAdapter" className="TestProject1.DequeTests" name="Contains_ArgumentThatExistsInSequence_ReturnsTrue" />
    </UnitTest>
    <UnitTest name="Contains_ComparerProvided_UsesComparer" storage="f:\etwork\bin\tests\unittests.icore.common.dll" id="46eedb58-eb6a-1694-f495-d1f4227ea516">
      <Execution id="8becd18a-5721-4e89-9ada-2071d52490c2" />
      <TestMethod codeBase="F:\ETWork\bin\Tests\UnitTests.iCore.Common.dll" adapterTypeName="Microsoft.VisualStudio.TestTools.TestTypes.Unit.UnitTestAdapter" className="TestProject1.DequeTests" name="Contains_ComparerProvided_UsesComparer" />
    </UnitTest>
    <UnitTest name="PushBackAndPushFront_MultipleInterleavedInvocations_ResultingSequenceIsCorrect" storage="f:\etwork\bin\tests\unittests.icore.common.dll" id="069008d5-aab7-b0ef-f729-1cf1dae6a23d">
      <Execution id="472a0d0a-0afc-46c8-b582-79bb0cceaddc" />
      <TestMethod codeBase="F:\ETWork\bin\Tests\UnitTests.iCore.Common.dll" adapterTypeName="Microsoft.VisualStudio.TestTools.TestTypes.Unit.UnitTestAdapter" className="TestProject1.DequeTests" name="PushBackAndPushFront_MultipleInterleavedInvocations_ResultingSequenceIsCorrect" />
    </UnitTest>
    <UnitTest name="PopFrontAndPopBack_InterleavedOperations_ResultsAreCorrect" storage="f:\etwork\bin\tests\unittests.icore.common.dll" id="84c9d5c7-12b7-c334-226f-5a0ccde788fa">
      <Execution id="9056d1dd-acfd-4eda-82c1-bf9b8f35f87f" />
      <TestMethod codeBase="F:\ETWork\bin\Tests\UnitTests.iCore.Common.dll" adapterTypeName="Microsoft.VisualStudio.TestTools.TestTypes.Unit.UnitTestAdapter" className="TestProject1.DequeTests" name="PopFrontAndPopBack_InterleavedOperations_ResultsAreCorrect" />
    </UnitTest>
    <UnitTest name="PushAndPop_ResultingSequenceIsCorrect" storage="f:\etwork\bin\tests\unittests.icore.common.dll" id="7a08bd8e-8560-3ce9-adf0-c221fb8e168b">
      <Execution id="91d44b8f-8312-46d2-990c-4f597b0ed3f7" />
      <TestMethod codeBase="F:\ETWork\bin\Tests\UnitTests.iCore.Common.dll" adapterTypeName="Microsoft.VisualStudio.TestTools.TestTypes.Unit.UnitTestAdapter" className="TestProject1.DequeTests" name="PushAndPop_ResultingSequenceIsCorrect" />
    </UnitTest>
    <UnitTest name="PushAndPop_ResultingSequenceIsCorrectByIndex" storage="f:\etwork\bin\tests\unittests.icore.common.dll" id="1435847f-823f-6ef8-7c1a-19f17cc59956">
      <Execution id="f3caa533-d453-46c2-8130-e3e3e62d1f87" />
      <TestMethod codeBase="F:\ETWork\bin\Tests\UnitTests.iCore.Common.dll" adapterTypeName="Microsoft.VisualStudio.TestTools.TestTypes.Unit.UnitTestAdapter" className="TestProject1.DequeTests" name="PushAndPop_ResultingSequenceIsCorrectByIndex" />
    </UnitTest>
    <UnitTest name="Item_NegativeIndex_ThrowsArgumentOutOfRangeException" storage="f:\etwork\bin\tests\unittests.icore.common.dll" id="4b52899d-7bb8-3677-fac4-3a1561dcb6b2">
      <Execution id="9b3bfb39-b4c5-4477-ba8f-fd4a4d3875c6" />
      <TestMethod codeBase="F:\ETWork\bin\Tests\UnitTests.iCore.Common.dll" adapterTypeName="Microsoft.VisualStudio.TestTools.TestTypes.Unit.UnitTestAdapter" className="TestProject1.DequeTests" name="Item_NegativeIndex_ThrowsArgumentOutOfRangeException" />
    </UnitTest>
    <UnitTest name="Item_InvalidIndex_ThrowsArgumentOutOfRangeException" storage="f:\etwork\bin\tests\unittests.icore.common.dll" id="15e00175-d0cd-93cd-2024-bf5045e94764">
      <Execution id="22bfa41a-405e-499e-aa43-e5d98cd759db" />
      <TestMethod codeBase="F:\ETWork\bin\Tests\UnitTests.iCore.Common.dll" adapterTypeName="Microsoft.VisualStudio.TestTools.TestTypes.Unit.UnitTestAdapter" className="TestProject1.DequeTests" name="Item_InvalidIndex_ThrowsArgumentOutOfRangeException" />
    </UnitTest>
    <UnitTest name="Remove_EmptySequence_CountIsUnchanged" storage="f:\etwork\bin\tests\unittests.icore.common.dll" id="b36b87ca-9f0c-906f-a1a9-26ee7399e3f1">
      <Execution id="e92480cd-2168-4209-8157-5252eb259201" />
      <TestMethod codeBase="F:\ETWork\bin\Tests\UnitTests.iCore.Common.dll" adapterTypeName="Microsoft.VisualStudio.TestTools.TestTypes.Unit.UnitTestAdapter" className="TestProject1.DequeTests" name="Remove_EmptySequence_CountIsUnchanged" />
    </UnitTest>
    <UnitTest name="Remove_NonExistingElement_DequeIsUnchanged" storage="f:\etwork\bin\tests\unittests.icore.common.dll" id="84603da1-7e95-590a-57b5-4f5192a9fd7a">
      <Execution id="2a3b9b6d-ab42-4930-ac02-50a776451b94" />
      <TestMethod codeBase="F:\ETWork\bin\Tests\UnitTests.iCore.Common.dll" adapterTypeName="Microsoft.VisualStudio.TestTools.TestTypes.Unit.UnitTestAdapter" className="TestProject1.DequeTests" name="Remove_NonExistingElement_DequeIsUnchanged" />
    </UnitTest>
    <UnitTest name="Remove_ExistingElement_ElementIsRemoved" storage="f:\etwork\bin\tests\unittests.icore.common.dll" id="83af4d31-751d-22d8-2280-3d5c12fe52c4">
      <Execution id="71bbd15f-43f2-4209-8603-d8cc0904f107" />
      <TestMethod codeBase="F:\ETWork\bin\Tests\UnitTests.iCore.Common.dll" adapterTypeName="Microsoft.VisualStudio.TestTools.TestTypes.Unit.UnitTestAdapter" className="TestProject1.DequeTests" name="Remove_ExistingElement_ElementIsRemoved" />
    </UnitTest>
    <UnitTest name="Remove_ExistingElementAfterPop_ElementIsRemoved" storage="f:\etwork\bin\tests\unittests.icore.common.dll" id="526efb7d-d730-24e3-a5f4-28ea26fce43a">
      <Execution id="0acce847-7e2b-4a5b-bbf4-f9b094e86e26" />
      <TestMethod codeBase="F:\ETWork\bin\Tests\UnitTests.iCore.Common.dll" adapterTypeName="Microsoft.VisualStudio.TestTools.TestTypes.Unit.UnitTestAdapter" className="TestProject1.DequeTests" name="Remove_ExistingElementAfterPop_ElementIsRemoved" />
    </UnitTest>
    <UnitTest name="NonParallel_Populate_VertexCountIsCorrect" storage="f:\etwork\bin\tests\unittests.icore.common.dll" id="b9608324-0088-eeaf-0431-ab4e73dee275">
      <Execution id="7659ccc5-6b6e-4f9b-b9bc-cc8e7b54bfa7" />
      <TestMethod codeBase="F:\ETWork\bin\Tests\UnitTests.iCore.Common.dll" adapterTypeName="Microsoft.VisualStudio.TestTools.TestTypes.Unit.UnitTestAdapter" className="UnitTests.Common.Collections.Graph.AdjacencyGraphTests" name="NonParallel_Populate_VertexCountIsCorrect" />
    </UnitTest>
    <UnitTest name="NonParallel_Populate_VerticesIsCorrect" storage="f:\etwork\bin\tests\unittests.icore.common.dll" id="3495b6e7-2d54-1bc3-bfe7-b46402148176">
      <Execution id="ae69bf35-0c0e-41d4-95f8-f889863aff40" />
      <TestMethod codeBase="F:\ETWork\bin\Tests\UnitTests.iCore.Common.dll" adapterTypeName="Microsoft.VisualStudio.TestTools.TestTypes.Unit.UnitTestAdapter" className="UnitTests.Common.Collections.Graph.AdjacencyGraphTests" name="NonParallel_Populate_VerticesIsCorrect" />
    </UnitTest>
    <UnitTest name="NonParallel_Populate_EdgeCountIsCorrect" storage="f:\etwork\bin\tests\unittests.icore.common.dll" id="7bcb9c09-93d0-9d03-30aa-d9c8ad984e2b">
      <Execution id="9ea4192f-aadc-4d37-9c00-daa74c864b00" />
      <TestMethod codeBase="F:\ETWork\bin\Tests\UnitTests.iCore.Common.dll" adapterTypeName="Microsoft.VisualStudio.TestTools.TestTypes.Unit.UnitTestAdapter" className="UnitTests.Common.Collections.Graph.AdjacencyGraphTests" name="NonParallel_Populate_EdgeCountIsCorrect" />
    </UnitTest>
    <UnitTest name="NonParallel_Populate_EdgesIsCorrect" storage="f:\etwork\bin\tests\unittests.icore.common.dll" id="f94d4178-cefd-300e-7c10-211fe8c489c6">
      <Execution id="3142d51c-237f-4bbb-9f15-e3e63bbd11b4" />
      <TestMethod codeBase="F:\ETWork\bin\Tests\UnitTests.iCore.Common.dll" adapterTypeName="Microsoft.VisualStudio.TestTools.TestTypes.Unit.UnitTestAdapter" className="UnitTests.Common.Collections.Graph.AdjacencyGraphTests" name="NonParallel_Populate_EdgesIsCorrect" />
    </UnitTest>
    <UnitTest name="NonParallel_Populate_GetOutDegreeIsCorrect" storage="f:\etwork\bin\tests\unittests.icore.common.dll" id="e8530b89-c0ee-7c66-3c39-bd7a3e455fc4">
      <Execution id="1505eb89-2a98-448a-bdb0-2baa21979fd1" />
      <TestMethod codeBase="F:\ETWork\bin\Tests\UnitTests.iCore.Common.dll" adapterTypeName="Microsoft.VisualStudio.TestTools.TestTypes.Unit.UnitTestAdapter" className="UnitTests.Common.Collections.Graph.AdjacencyGraphTests" name="NonParallel_Populate_GetOutDegreeIsCorrect" />
    </UnitTest>
    <UnitTest name="NonParallel_PopulateFullyConnectedGraph_GetOutDegreeIsCorrect" storage="f:\etwork\bin\tests\unittests.icore.common.dll" id="1b5c4c2b-5871-ae79-5a00-24df841e8c0d">
      <Execution id="7df2da17-77b3-452e-b6ce-c01c643d4d4f" />
      <TestMethod codeBase="F:\ETWork\bin\Tests\UnitTests.iCore.Common.dll" adapterTypeName="Microsoft.VisualStudio.TestTools.TestTypes.Unit.UnitTestAdapter" className="UnitTests.Common.Collections.Graph.AdjacencyGraphTests" name="NonParallel_PopulateFullyConnectedGraph_GetOutDegreeIsCorrect" />
    </UnitTest>
    <UnitTest name="NonParallel_Populate_GetOutEdgesIsCorrect" storage="f:\etwork\bin\tests\unittests.icore.common.dll" id="d1f5d1db-ff53-38d9-eae5-44d154290dac">
      <Execution id="abf5db6a-2e18-40fa-b7b4-b678894551f0" />
      <TestMethod codeBase="F:\ETWork\bin\Tests\UnitTests.iCore.Common.dll" adapterTypeName="Microsoft.VisualStudio.TestTools.TestTypes.Unit.UnitTestAdapter" className="UnitTests.Common.Collections.Graph.AdjacencyGraphTests" name="NonParallel_Populate_GetOutEdgesIsCorrect" />
    </UnitTest>
    <UnitTest name="NonParallel_PopulateFullyConnected_GetOutEdgesIsCorrect" storage="f:\etwork\bin\tests\unittests.icore.common.dll" id="e65f163a-f4f4-20c9-2569-1b333b99680e">
      <Execution id="c5d351a5-0763-46a1-b1e0-8169724f62be" />
      <TestMethod codeBase="F:\ETWork\bin\Tests\UnitTests.iCore.Common.dll" adapterTypeName="Microsoft.VisualStudio.TestTools.TestTypes.Unit.UnitTestAdapter" className="UnitTests.Common.Collections.Graph.AdjacencyGraphTests" name="NonParallel_PopulateFullyConnected_GetOutEdgesIsCorrect" />
    </UnitTest>
    <UnitTest name="NonParallel_Populate_TryGetOutEdgesIsCorrect" storage="f:\etwork\bin\tests\unittests.icore.common.dll" id="cc8f3593-6685-3d37-3ce0-e6f1612412ad">
      <Execution id="cdb35c60-daec-4caa-9416-b21b0ffd9ff2" />
      <TestMethod codeBase="F:\ETWork\bin\Tests\UnitTests.iCore.Common.dll" adapterTypeName="Microsoft.VisualStudio.TestTools.TestTypes.Unit.UnitTestAdapter" className="UnitTests.Common.Collections.Graph.AdjacencyGraphTests" name="NonParallel_Populate_TryGetOutEdgesIsCorrect" />
    </UnitTest>
    <UnitTest name="NonParallel_AddVertex_AlreadyExistingVertex_ThrowsArgumentException" storage="f:\etwork\bin\tests\unittests.icore.common.dll" id="e76fa711-fdc8-075a-340c-ee436046e992">
      <Execution id="683ac8d1-43eb-494c-bd05-b5ec0f96b01f" />
      <TestMethod codeBase="F:\ETWork\bin\Tests\UnitTests.iCore.Common.dll" adapterTypeName="Microsoft.VisualStudio.TestTools.TestTypes.Unit.UnitTestAdapter" className="UnitTests.Common.Collections.Graph.AdjacencyGraphTests" name="NonParallel_AddVertex_AlreadyExistingVertex_ThrowsArgumentException" />
    </UnitTest>
    <UnitTest name="NonParallel_AddEdge_AlreadyExistingEdge_Throws" storage="f:\etwork\bin\tests\unittests.icore.common.dll" id="0bf76b08-630d-ed64-a9f8-1cea7685f535">
      <Execution id="127c6e69-3297-4c2b-8de1-9552a50494d7" />
      <TestMethod codeBase="F:\ETWork\bin\Tests\UnitTests.iCore.Common.dll" adapterTypeName="Microsoft.VisualStudio.TestTools.TestTypes.Unit.UnitTestAdapter" className="UnitTests.Common.Collections.Graph.AdjacencyGraphTests" name="NonParallel_AddEdge_AlreadyExistingEdge_Throws" />
    </UnitTest>
    <UnitTest name="NonParallel_RemoveEdgeBySourceAndTarget_ExistingEdge_EdgeIsRemoved" storage="f:\etwork\bin\tests\unittests.icore.common.dll" id="9d85dc11-2db0-a8e0-e285-dcc702d832e7">
      <Execution id="2e509b49-037c-44a3-8b44-0ff711add874" />
      <TestMethod codeBase="F:\ETWork\bin\Tests\UnitTests.iCore.Common.dll" adapterTypeName="Microsoft.VisualStudio.TestTools.TestTypes.Unit.UnitTestAdapter" className="UnitTests.Common.Collections.Graph.AdjacencyGraphTests" name="NonParallel_RemoveEdgeBySourceAndTarget_ExistingEdge_EdgeIsRemoved" />
    </UnitTest>
    <UnitTest name="NonParallel_RemoveEdgeBySourceAndTarget_NonExistingEdge_ReturnsFalse" storage="f:\etwork\bin\tests\unittests.icore.common.dll" id="85822edc-e331-2ad5-69c1-82e86c74007f">
      <Execution id="89c3a9e2-3c7e-4a89-8ef7-a26bd4846cb4" />
      <TestMethod codeBase="F:\ETWork\bin\Tests\UnitTests.iCore.Common.dll" adapterTypeName="Microsoft.VisualStudio.TestTools.TestTypes.Unit.UnitTestAdapter" className="UnitTests.Common.Collections.Graph.AdjacencyGraphTests" name="NonParallel_RemoveEdgeBySourceAndTarget_NonExistingEdge_ReturnsFalse" />
    </UnitTest>
    <UnitTest name="NonParallel_RemoveEdgeBySourceAndTarget_NonExistingSourceVertex_ReturnsFalse" storage="f:\etwork\bin\tests\unittests.icore.common.dll" id="9c8ae88e-a69c-a81b-c640-9a2312fb42e1">
      <Execution id="a7f983e7-7be6-4dfa-be31-6347d55dc897" />
      <TestMethod codeBase="F:\ETWork\bin\Tests\UnitTests.iCore.Common.dll" adapterTypeName="Microsoft.VisualStudio.TestTools.TestTypes.Unit.UnitTestAdapter" className="UnitTests.Common.Collections.Graph.AdjacencyGraphTests" name="NonParallel_RemoveEdgeBySourceAndTarget_NonExistingSourceVertex_ReturnsFalse" />
    </UnitTest>
    <UnitTest name="NonParallel_RemoveEdgeBySourceAndTarget_NonExistingTargetVertex_ReturnsFalse" storage="f:\etwork\bin\tests\unittests.icore.common.dll" id="faa2cc12-5fb6-f994-c961-f0be946ae0f6">
      <Execution id="b3d106f8-42d0-4bd7-9485-29719852bca8" />
      <TestMethod codeBase="F:\ETWork\bin\Tests\UnitTests.iCore.Common.dll" adapterTypeName="Microsoft.VisualStudio.TestTools.TestTypes.Unit.UnitTestAdapter" className="UnitTests.Common.Collections.Graph.AdjacencyGraphTests" name="NonParallel_RemoveEdgeBySourceAndTarget_NonExistingTargetVertex_ReturnsFalse" />
    </UnitTest>
    <UnitTest name="NonParallel_RemoveEdge_ExistingEdge_EdgeIsRemoved" storage="f:\etwork\bin\tests\unittests.icore.common.dll" id="1b41061d-3e63-6db5-a4d2-3ac35c8fcfde">
      <Execution id="0f0a5701-1df4-4ede-b0c2-e43f087a2716" />
      <TestMethod codeBase="F:\ETWork\bin\Tests\UnitTests.iCore.Common.dll" adapterTypeName="Microsoft.VisualStudio.TestTools.TestTypes.Unit.UnitTestAdapter" className="UnitTests.Common.Collections.Graph.AdjacencyGraphTests" name="NonParallel_RemoveEdge_ExistingEdge_EdgeIsRemoved" />
    </UnitTest>
    <UnitTest name="NonParallel_RemoveEdge_NonExistingEdge_EdgeIsRemoved" storage="f:\etwork\bin\tests\unittests.icore.common.dll" id="240e76d7-39be-7095-454c-87231e702083">
      <Execution id="0b233265-8cf5-47b4-971c-d2a276f30d6f" />
      <TestMethod codeBase="F:\ETWork\bin\Tests\UnitTests.iCore.Common.dll" adapterTypeName="Microsoft.VisualStudio.TestTools.TestTypes.Unit.UnitTestAdapter" className="UnitTests.Common.Collections.Graph.AdjacencyGraphTests" name="NonParallel_RemoveEdge_NonExistingEdge_EdgeIsRemoved" />
    </UnitTest>
    <UnitTest name="NonParallel_RemoveEdgeByPredicate_ExistingEdges_EdgesAreRemoved" storage="f:\etwork\bin\tests\unittests.icore.common.dll" id="7cef866c-a935-f590-ad42-15782d160473">
      <Execution id="f8667e0f-a679-4d0a-8d31-ef114a1a5f32" />
      <TestMethod codeBase="F:\ETWork\bin\Tests\UnitTests.iCore.Common.dll" adapterTypeName="Microsoft.VisualStudio.TestTools.TestTypes.Unit.UnitTestAdapter" className="UnitTests.Common.Collections.Graph.AdjacencyGraphTests" name="NonParallel_RemoveEdgeByPredicate_ExistingEdges_EdgesAreRemoved" />
    </UnitTest>
    <UnitTest name="NonParallel_ClearVertex_ExistingVertex_AllEdgesAreRemoved" storage="f:\etwork\bin\tests\unittests.icore.common.dll" id="1f9e2a69-14b9-f0fe-1ad5-3bc2499de803">
      <Execution id="d68437e5-61d3-4d9d-8de6-b1df482c0613" />
      <TestMethod codeBase="F:\ETWork\bin\Tests\UnitTests.iCore.Common.dll" adapterTypeName="Microsoft.VisualStudio.TestTools.TestTypes.Unit.UnitTestAdapter" className="UnitTests.Common.Collections.Graph.AdjacencyGraphTests" name="NonParallel_ClearVertex_ExistingVertex_AllEdgesAreRemoved" />
    </UnitTest>
    <UnitTest name="NonParallel_ClearVertex_NonExistingVertex_ThrowsVertexNotFoundException" storage="f:\etwork\bin\tests\unittests.icore.common.dll" id="e630fafd-c94b-800b-d11b-9586f0c3960b">
      <Execution id="17484e6e-1ae3-49aa-84af-f2eea9d174ac" />
      <TestMethod codeBase="F:\ETWork\bin\Tests\UnitTests.iCore.Common.dll" adapterTypeName="Microsoft.VisualStudio.TestTools.TestTypes.Unit.UnitTestAdapter" className="UnitTests.Common.Collections.Graph.AdjacencyGraphTests" name="NonParallel_ClearVertex_NonExistingVertex_ThrowsVertexNotFoundException" />
    </UnitTest>
    <UnitTest name="NonParallel_RemoveVertex_ExistingVertex_VertexAndAllEdgesAreRemoved" storage="f:\etwork\bin\tests\unittests.icore.common.dll" id="9a5e1005-026a-6264-b03d-5cb80d7ee8c9">
      <Execution id="05cc3097-da92-4f11-a261-958584a0b23c" />
      <TestMethod codeBase="F:\ETWork\bin\Tests\UnitTests.iCore.Common.dll" adapterTypeName="Microsoft.VisualStudio.TestTools.TestTypes.Unit.UnitTestAdapter" className="UnitTests.Common.Collections.Graph.AdjacencyGraphTests" name="NonParallel_RemoveVertex_ExistingVertex_VertexAndAllEdgesAreRemoved" />
    </UnitTest>
    <UnitTest name="NonParallel_RemoveVertex_NonExistingVertex_ThrowsVertexNotFoundException" storage="f:\etwork\bin\tests\unittests.icore.common.dll" id="d1104001-3c13-f293-95df-a3b40c1bb2ef">
      <Execution id="a48726df-7651-4e91-9872-ce130ab2c7c4" />
      <TestMethod codeBase="F:\ETWork\bin\Tests\UnitTests.iCore.Common.dll" adapterTypeName="Microsoft.VisualStudio.TestTools.TestTypes.Unit.UnitTestAdapter" className="UnitTests.Common.Collections.Graph.AdjacencyGraphTests" name="NonParallel_RemoveVertex_NonExistingVertex_ThrowsVertexNotFoundException" />
    </UnitTest>
    <UnitTest name="NonParallel_Clear_VerticesAndEdgesAreAllRemoved" storage="f:\etwork\bin\tests\unittests.icore.common.dll" id="0318a121-af86-cf5c-31b2-d9a104061c7a">
      <Execution id="b90bb172-8945-40f4-9af0-2d2139e5b778" />
      <TestMethod codeBase="F:\ETWork\bin\Tests\UnitTests.iCore.Common.dll" adapterTypeName="Microsoft.VisualStudio.TestTools.TestTypes.Unit.UnitTestAdapter" className="UnitTests.Common.Collections.Graph.AdjacencyGraphTests" name="NonParallel_Clear_VerticesAndEdgesAreAllRemoved" />
    </UnitTest>
    <UnitTest name="NonParallel_RemoveOutEdgeIf_ExistingEdges_CorrectEdgesAreRemovedAndCorrectResultReturned" storage="f:\etwork\bin\tests\unittests.icore.common.dll" id="9f0a0293-773d-4c37-5026-a5314dea1e1d">
      <Execution id="973b4c03-841b-4670-a6a0-d35426dec58c" />
      <TestMethod codeBase="F:\ETWork\bin\Tests\UnitTests.iCore.Common.dll" adapterTypeName="Microsoft.VisualStudio.TestTools.TestTypes.Unit.UnitTestAdapter" className="UnitTests.Common.Collections.Graph.AdjacencyGraphTests" name="NonParallel_RemoveOutEdgeIf_ExistingEdges_CorrectEdgesAreRemovedAndCorrectResultReturned" />
    </UnitTest>
    <UnitTest name="NonParallel_RemoveOutEdgeIf_NonExistingVertex_ThrowsVertexNotFoundException" storage="f:\etwork\bin\tests\unittests.icore.common.dll" id="b4e3d6e0-48c8-817f-2296-0c5e5b71fcbb">
      <Execution id="ffd9ea2e-d779-42a3-acdb-a783bdc5b32d" />
      <TestMethod codeBase="F:\ETWork\bin\Tests\UnitTests.iCore.Common.dll" adapterTypeName="Microsoft.VisualStudio.TestTools.TestTypes.Unit.UnitTestAdapter" className="UnitTests.Common.Collections.Graph.AdjacencyGraphTests" name="NonParallel_RemoveOutEdgeIf_NonExistingVertex_ThrowsVertexNotFoundException" />
    </UnitTest>
    <UnitTest name="NonParallel_ClearOutEdges_ExistingVertex_CorrectEdgesAreRemoved" storage="f:\etwork\bin\tests\unittests.icore.common.dll" id="40cd7ad5-4ce7-cbe2-0081-7ab1c65aefa6">
      <Execution id="a8e0d64b-eb93-4844-a7df-b9be0d7f2823" />
      <TestMethod codeBase="F:\ETWork\bin\Tests\UnitTests.iCore.Common.dll" adapterTypeName="Microsoft.VisualStudio.TestTools.TestTypes.Unit.UnitTestAdapter" className="UnitTests.Common.Collections.Graph.AdjacencyGraphTests" name="NonParallel_ClearOutEdges_ExistingVertex_CorrectEdgesAreRemoved" />
    </UnitTest>
    <UnitTest name="NonParallel_ClearOutEdges_NonExistingVertex_ThrowsVertexNotFoundException" storage="f:\etwork\bin\tests\unittests.icore.common.dll" id="abb1bc8c-4f32-656a-138d-4ec276797f1b">
      <Execution id="89a53551-7855-4cc3-8141-bc3a7c1403c6" />
      <TestMethod codeBase="F:\ETWork\bin\Tests\UnitTests.iCore.Common.dll" adapterTypeName="Microsoft.VisualStudio.TestTools.TestTypes.Unit.UnitTestAdapter" className="UnitTests.Common.Collections.Graph.AdjacencyGraphTests" name="NonParallel_ClearOutEdges_NonExistingVertex_ThrowsVertexNotFoundException" />
    </UnitTest>
    <UnitTest name="Parallel_Populate_GraphIsCorrect" storage="f:\etwork\bin\tests\unittests.icore.common.dll" id="23fcb502-c10e-6fba-8873-386999411a9a">
      <Execution id="e073dca9-5700-4552-a8ae-cc2e47e9604b" />
      <TestMethod codeBase="F:\ETWork\bin\Tests\UnitTests.iCore.Common.dll" adapterTypeName="Microsoft.VisualStudio.TestTools.TestTypes.Unit.UnitTestAdapter" className="UnitTests.Common.Collections.Graph.AdjacencyGraphTests" name="Parallel_Populate_GraphIsCorrect" />
    </UnitTest>
    <UnitTest name="Parallel_PopulateFullyConnectedGraph_GetOutDegreeIsCorrect" storage="f:\etwork\bin\tests\unittests.icore.common.dll" id="040985a2-14fb-ab1d-a185-1c76a32b7ee9">
      <Execution id="a9d63322-3c0e-45e1-bd1e-705bf576160d" />
      <TestMethod codeBase="F:\ETWork\bin\Tests\UnitTests.iCore.Common.dll" adapterTypeName="Microsoft.VisualStudio.TestTools.TestTypes.Unit.UnitTestAdapter" className="UnitTests.Common.Collections.Graph.AdjacencyGraphTests" name="Parallel_PopulateFullyConnectedGraph_GetOutDegreeIsCorrect" />
    </UnitTest>
    <UnitTest name="Parallel_Populate_GetOutEdgesIsCorrect" storage="f:\etwork\bin\tests\unittests.icore.common.dll" id="bd42c241-aa84-9507-7046-6a3dbd6f86f8">
      <Execution id="5c2e7d74-4118-419d-bce4-784825e3ac28" />
      <TestMethod codeBase="F:\ETWork\bin\Tests\UnitTests.iCore.Common.dll" adapterTypeName="Microsoft.VisualStudio.TestTools.TestTypes.Unit.UnitTestAdapter" className="UnitTests.Common.Collections.Graph.AdjacencyGraphTests" name="Parallel_Populate_GetOutEdgesIsCorrect" />
    </UnitTest>
    <UnitTest name="Parallel_PopulateFullyConnected_GetOutEdgesIsCorrect" storage="f:\etwork\bin\tests\unittests.icore.common.dll" id="f93081ed-3a63-96e4-b01d-cebef48aeae3">
      <Execution id="fe6bba83-5373-4f65-b86a-208735c201c4" />
      <TestMethod codeBase="F:\ETWork\bin\Tests\UnitTests.iCore.Common.dll" adapterTypeName="Microsoft.VisualStudio.TestTools.TestTypes.Unit.UnitTestAdapter" className="UnitTests.Common.Collections.Graph.AdjacencyGraphTests" name="Parallel_PopulateFullyConnected_GetOutEdgesIsCorrect" />
    </UnitTest>
    <UnitTest name="Parallel_AddVertex_AlreadyExistingVertex_ThrowsArgumentException" storage="f:\etwork\bin\tests\unittests.icore.common.dll" id="419f4662-71b3-9022-ccf6-246d066d4116">
      <Execution id="17c9c869-a1c0-4560-9aed-748d15dfe32c" />
      <TestMethod codeBase="F:\ETWork\bin\Tests\UnitTests.iCore.Common.dll" adapterTypeName="Microsoft.VisualStudio.TestTools.TestTypes.Unit.UnitTestAdapter" className="UnitTests.Common.Collections.Graph.AdjacencyGraphTests" name="Parallel_AddVertex_AlreadyExistingVertex_ThrowsArgumentException" />
    </UnitTest>
    <UnitTest name="Parallel_AddEdge_AlreadyExistingEdge_Succeeds" storage="f:\etwork\bin\tests\unittests.icore.common.dll" id="f4925ab0-c1c1-52bd-ae22-570461bf3ed7">
      <Execution id="58830d64-6f10-43d0-b409-7de0712cbb01" />
      <TestMethod codeBase="F:\ETWork\bin\Tests\UnitTests.iCore.Common.dll" adapterTypeName="Microsoft.VisualStudio.TestTools.TestTypes.Unit.UnitTestAdapter" className="UnitTests.Common.Collections.Graph.AdjacencyGraphTests" name="Parallel_AddEdge_AlreadyExistingEdge_Succeeds" />
    </UnitTest>
    <UnitTest name="Parallel_RemoveEdgeBySourceAndTarget_ExistingEdge_AllMatchingEdgesAreRemoved" storage="f:\etwork\bin\tests\unittests.icore.common.dll" id="b7ad9a40-ed22-e2a3-def3-f9da5931ebd6">
      <Execution id="702c8913-18fe-485a-9f81-4792a8a8272c" />
      <TestMethod codeBase="F:\ETWork\bin\Tests\UnitTests.iCore.Common.dll" adapterTypeName="Microsoft.VisualStudio.TestTools.TestTypes.Unit.UnitTestAdapter" className="UnitTests.Common.Collections.Graph.AdjacencyGraphTests" name="Parallel_RemoveEdgeBySourceAndTarget_ExistingEdge_AllMatchingEdgesAreRemoved" />
    </UnitTest>
    <UnitTest name="Parallel_RemoveEdgeBySourceAndTarget_NonExistingEdge_ReturnsFalse" storage="f:\etwork\bin\tests\unittests.icore.common.dll" id="25610b78-886c-a49e-cb3a-4957218d3077">
      <Execution id="ca28bb14-4e5d-40b2-8ef3-2354e933ad75" />
      <TestMethod codeBase="F:\ETWork\bin\Tests\UnitTests.iCore.Common.dll" adapterTypeName="Microsoft.VisualStudio.TestTools.TestTypes.Unit.UnitTestAdapter" className="UnitTests.Common.Collections.Graph.AdjacencyGraphTests" name="Parallel_RemoveEdgeBySourceAndTarget_NonExistingEdge_ReturnsFalse" />
    </UnitTest>
    <UnitTest name="Parallel_RemoveEdgeBySourceAndTarget_NonExistingSourceVertex_ReturnsFalse" storage="f:\etwork\bin\tests\unittests.icore.common.dll" id="7d781843-c0f9-b72f-c8a9-6d5009f84d77">
      <Execution id="59181a92-d23b-434a-8d51-8a47685eaaed" />
      <TestMethod codeBase="F:\ETWork\bin\Tests\UnitTests.iCore.Common.dll" adapterTypeName="Microsoft.VisualStudio.TestTools.TestTypes.Unit.UnitTestAdapter" className="UnitTests.Common.Collections.Graph.AdjacencyGraphTests" name="Parallel_RemoveEdgeBySourceAndTarget_NonExistingSourceVertex_ReturnsFalse" />
    </UnitTest>
    <UnitTest name="Parallel_RemoveEdgeBySourceAndTarget_NonExistingTargetVertex_ReturnsFalse" storage="f:\etwork\bin\tests\unittests.icore.common.dll" id="ff5c70f6-e5fa-8b98-1880-bb0fb44d92f0">
      <Execution id="b80ec322-f0dc-4921-abe3-f3f46195777b" />
      <TestMethod codeBase="F:\ETWork\bin\Tests\UnitTests.iCore.Common.dll" adapterTypeName="Microsoft.VisualStudio.TestTools.TestTypes.Unit.UnitTestAdapter" className="UnitTests.Common.Collections.Graph.AdjacencyGraphTests" name="Parallel_RemoveEdgeBySourceAndTarget_NonExistingTargetVertex_ReturnsFalse" />
    </UnitTest>
    <UnitTest name="Parallel_RemoveEdge_ExistingEdge_EdgeIsRemoved" storage="f:\etwork\bin\tests\unittests.icore.common.dll" id="2e826411-2a32-54b7-2798-eb1ece2538c7">
      <Execution id="ce66998c-88cb-4bd1-bc56-ddea4dc0331c" />
      <TestMethod codeBase="F:\ETWork\bin\Tests\UnitTests.iCore.Common.dll" adapterTypeName="Microsoft.VisualStudio.TestTools.TestTypes.Unit.UnitTestAdapter" className="UnitTests.Common.Collections.Graph.AdjacencyGraphTests" name="Parallel_RemoveEdge_ExistingEdge_EdgeIsRemoved" />
    </UnitTest>
    <UnitTest name="Parallel_RemoveEdge_NonExistingEdge_ReturnsFalse" storage="f:\etwork\bin\tests\unittests.icore.common.dll" id="f5862e4f-3dbf-5ab0-5c2d-f68c003cee50">
      <Execution id="f1911cdd-f72b-4be1-8266-7d1b47b7cfd7" />
      <TestMethod codeBase="F:\ETWork\bin\Tests\UnitTests.iCore.Common.dll" adapterTypeName="Microsoft.VisualStudio.TestTools.TestTypes.Unit.UnitTestAdapter" className="UnitTests.Common.Collections.Graph.AdjacencyGraphTests" name="Parallel_RemoveEdge_NonExistingEdge_ReturnsFalse" />
    </UnitTest>
    <UnitTest name="Parallel_RemoveEdgeByPredicate_ExistingEdges_EdgesAreRemoved" storage="f:\etwork\bin\tests\unittests.icore.common.dll" id="a802c093-b85f-787c-a14f-51fa9e21f3c2">
      <Execution id="5befbf76-12c4-4655-8b54-ab5877e535c1" />
      <TestMethod codeBase="F:\ETWork\bin\Tests\UnitTests.iCore.Common.dll" adapterTypeName="Microsoft.VisualStudio.TestTools.TestTypes.Unit.UnitTestAdapter" className="UnitTests.Common.Collections.Graph.AdjacencyGraphTests" name="Parallel_RemoveEdgeByPredicate_ExistingEdges_EdgesAreRemoved" />
    </UnitTest>
    <UnitTest name="Parallel_ClearVertex_ExistingVertex_AllEdgesAreRemoved" storage="f:\etwork\bin\tests\unittests.icore.common.dll" id="bf695ec5-cd17-495f-e52a-a9117a287c80">
      <Execution id="f06d27b5-b266-445e-a9a7-9084bbff77d0" />
      <TestMethod codeBase="F:\ETWork\bin\Tests\UnitTests.iCore.Common.dll" adapterTypeName="Microsoft.VisualStudio.TestTools.TestTypes.Unit.UnitTestAdapter" className="UnitTests.Common.Collections.Graph.AdjacencyGraphTests" name="Parallel_ClearVertex_ExistingVertex_AllEdgesAreRemoved" />
    </UnitTest>
    <UnitTest name="Parallel_ClearVertex_NonExistingVertex_ThrowsVertexNotFoundException" storage="f:\etwork\bin\tests\unittests.icore.common.dll" id="fe7ae685-7837-f2b6-7d7f-e2385e824e4a">
      <Execution id="4cdb2ea5-d5fd-4c9f-b914-eb87db24d739" />
      <TestMethod codeBase="F:\ETWork\bin\Tests\UnitTests.iCore.Common.dll" adapterTypeName="Microsoft.VisualStudio.TestTools.TestTypes.Unit.UnitTestAdapter" className="UnitTests.Common.Collections.Graph.AdjacencyGraphTests" name="Parallel_ClearVertex_NonExistingVertex_ThrowsVertexNotFoundException" />
    </UnitTest>
    <UnitTest name="Parallel_RemoveVertex_ExistingVertex_VertexAndAllEdgesAreRemoved" storage="f:\etwork\bin\tests\unittests.icore.common.dll" id="298dff39-5bca-2ba5-9de3-51c3f05ee4ec">
      <Execution id="609f2f1e-11d9-4ff7-be47-cbacc87cdd8e" />
      <TestMethod codeBase="F:\ETWork\bin\Tests\UnitTests.iCore.Common.dll" adapterTypeName="Microsoft.VisualStudio.TestTools.TestTypes.Unit.UnitTestAdapter" className="UnitTests.Common.Collections.Graph.AdjacencyGraphTests" name="Parallel_RemoveVertex_ExistingVertex_VertexAndAllEdgesAreRemoved" />
    </UnitTest>
    <UnitTest name="Parallel_RemoveVertex_NonExistingVertex_ThrowsVertexNotFoundException" storage="f:\etwork\bin\tests\unittests.icore.common.dll" id="29d633e3-83d3-a6fb-c32b-f3f54c3d7068">
      <Execution id="7ebc9aaf-5b37-49b8-90b1-45d3e92b8b9a" />
      <TestMethod codeBase="F:\ETWork\bin\Tests\UnitTests.iCore.Common.dll" adapterTypeName="Microsoft.VisualStudio.TestTools.TestTypes.Unit.UnitTestAdapter" className="UnitTests.Common.Collections.Graph.AdjacencyGraphTests" name="Parallel_RemoveVertex_NonExistingVertex_ThrowsVertexNotFoundException" />
    </UnitTest>
    <UnitTest name="Parallel_Clear_VerticesAndEdgesAreAllRemoved" storage="f:\etwork\bin\tests\unittests.icore.common.dll" id="8919418d-f044-2bb7-9f8d-daf6a7c51b0d">
      <Execution id="3909bac5-a565-4b8c-800b-7944d666a0d6" />
      <TestMethod codeBase="F:\ETWork\bin\Tests\UnitTests.iCore.Common.dll" adapterTypeName="Microsoft.VisualStudio.TestTools.TestTypes.Unit.UnitTestAdapter" className="UnitTests.Common.Collections.Graph.AdjacencyGraphTests" name="Parallel_Clear_VerticesAndEdgesAreAllRemoved" />
    </UnitTest>
    <UnitTest name="Parallel_RemoveOutEdgeIf_ExistingEdges_CorrectEdgesAreRemovedAndCorrectResultReturned" storage="f:\etwork\bin\tests\unittests.icore.common.dll" id="2bfbef2a-698f-77e1-7cf4-566e7f233ba1">
      <Execution id="ca842ff6-f0f1-4a9a-9548-11d7d3fa0e20" />
      <TestMethod codeBase="F:\ETWork\bin\Tests\UnitTests.iCore.Common.dll" adapterTypeName="Microsoft.VisualStudio.TestTools.TestTypes.Unit.UnitTestAdapter" className="UnitTests.Common.Collections.Graph.AdjacencyGraphTests" name="Parallel_RemoveOutEdgeIf_ExistingEdges_CorrectEdgesAreRemovedAndCorrectResultReturned" />
    </UnitTest>
    <UnitTest name="Parallel_RemoveOutEdgeIf_NonExistingVertex_ThrowsVertexNotFoundException" storage="f:\etwork\bin\tests\unittests.icore.common.dll" id="110bbc3d-df26-610a-ad5e-6f57c422ed6e">
      <Execution id="ef285d42-36c2-4f5f-9174-692b2d9ee9ca" />
      <TestMethod codeBase="F:\ETWork\bin\Tests\UnitTests.iCore.Common.dll" adapterTypeName="Microsoft.VisualStudio.TestTools.TestTypes.Unit.UnitTestAdapter" className="UnitTests.Common.Collections.Graph.AdjacencyGraphTests" name="Parallel_RemoveOutEdgeIf_NonExistingVertex_ThrowsVertexNotFoundException" />
    </UnitTest>
    <UnitTest name="Parallel_ClearOutEdges_ExistingVertex_CorrectEdgesAreRemoved" storage="f:\etwork\bin\tests\unittests.icore.common.dll" id="74788af0-b90d-10a6-5bf8-95729a8b1e41">
      <Execution id="2f2126a8-b3cb-41d8-97f7-af6d15443da2" />
      <TestMethod codeBase="F:\ETWork\bin\Tests\UnitTests.iCore.Common.dll" adapterTypeName="Microsoft.VisualStudio.TestTools.TestTypes.Unit.UnitTestAdapter" className="UnitTests.Common.Collections.Graph.AdjacencyGraphTests" name="Parallel_ClearOutEdges_ExistingVertex_CorrectEdgesAreRemoved" />
    </UnitTest>
    <UnitTest name="Parallel_ClearOutEdges_NonExistingVertex_ThrowsVertexNotFoundException" storage="f:\etwork\bin\tests\unittests.icore.common.dll" id="0695f58d-71fb-041d-6097-6b55d2fbd737">
      <Execution id="1ffc16c8-2e5e-461a-b48c-c881b4197716" />
      <TestMethod codeBase="F:\ETWork\bin\Tests\UnitTests.iCore.Common.dll" adapterTypeName="Microsoft.VisualStudio.TestTools.TestTypes.Unit.UnitTestAdapter" className="UnitTests.Common.Collections.Graph.AdjacencyGraphTests" name="Parallel_ClearOutEdges_NonExistingVertex_ThrowsVertexNotFoundException" />
    </UnitTest>
    <UnitTest name="NonParallel_Populate_VertexCountIsCorrect" storage="f:\etwork\bin\tests\unittests.icore.common.dll" id="a90030de-ebc1-2d19-e6d3-651ee4f12254">
      <Execution id="c52db944-7723-4f2a-8faf-9ee86e4bc390" />
      <TestMethod codeBase="F:\ETWork\bin\Tests\UnitTests.iCore.Common.dll" adapterTypeName="Microsoft.VisualStudio.TestTools.TestTypes.Unit.UnitTestAdapter" className="UnitTests.Common.Collections.Graph.BidirectionalGraphTests" name="NonParallel_Populate_VertexCountIsCorrect" />
    </UnitTest>
    <UnitTest name="NonParallel_Populate_VerticesIsCorrect" storage="f:\etwork\bin\tests\unittests.icore.common.dll" id="2d1e01d2-0583-5e20-94dd-6500ab3ea16a">
      <Execution id="af955da3-8d5c-4dc4-bc66-41081efb9472" />
      <TestMethod codeBase="F:\ETWork\bin\Tests\UnitTests.iCore.Common.dll" adapterTypeName="Microsoft.VisualStudio.TestTools.TestTypes.Unit.UnitTestAdapter" className="UnitTests.Common.Collections.Graph.BidirectionalGraphTests" name="NonParallel_Populate_VerticesIsCorrect" />
    </UnitTest>
    <UnitTest name="NonParallel_Populate_EdgeCountIsCorrect" storage="f:\etwork\bin\tests\unittests.icore.common.dll" id="4ea144f7-25de-9a77-4b38-97f3610cbb20">
      <Execution id="6b96f742-bdca-4af0-a66f-6955e2c13eb4" />
      <TestMethod codeBase="F:\ETWork\bin\Tests\UnitTests.iCore.Common.dll" adapterTypeName="Microsoft.VisualStudio.TestTools.TestTypes.Unit.UnitTestAdapter" className="UnitTests.Common.Collections.Graph.BidirectionalGraphTests" name="NonParallel_Populate_EdgeCountIsCorrect" />
    </UnitTest>
    <UnitTest name="NonParallel_Populate_EdgesIsCorrect" storage="f:\etwork\bin\tests\unittests.icore.common.dll" id="b5e05a1c-72f3-c360-ce1e-2a9036b82a88">
      <Execution id="b873cb47-4ffd-49ae-8c2e-c0fff07957d5" />
      <TestMethod codeBase="F:\ETWork\bin\Tests\UnitTests.iCore.Common.dll" adapterTypeName="Microsoft.VisualStudio.TestTools.TestTypes.Unit.UnitTestAdapter" className="UnitTests.Common.Collections.Graph.BidirectionalGraphTests" name="NonParallel_Populate_EdgesIsCorrect" />
    </UnitTest>
    <UnitTest name="NonParallel_Populate_GetOutDegreeIsCorrect" storage="f:\etwork\bin\tests\unittests.icore.common.dll" id="24b5adfa-1ae3-cbbb-d2a3-00a4789e0d38">
      <Execution id="d41514ce-40dc-41b3-b93a-2b9535da415f" />
      <TestMethod codeBase="F:\ETWork\bin\Tests\UnitTests.iCore.Common.dll" adapterTypeName="Microsoft.VisualStudio.TestTools.TestTypes.Unit.UnitTestAdapter" className="UnitTests.Common.Collections.Graph.BidirectionalGraphTests" name="NonParallel_Populate_GetOutDegreeIsCorrect" />
    </UnitTest>
    <UnitTest name="NonParallel_PopulateFullyConnectedGraph_GetOutDegreeIsCorrect" storage="f:\etwork\bin\tests\unittests.icore.common.dll" id="7ead36ed-9b0e-83a2-d8ce-be55216ea41f">
      <Execution id="a27f6bf3-a9c8-4d63-b808-d8ca77d63f8e" />
      <TestMethod codeBase="F:\ETWork\bin\Tests\UnitTests.iCore.Common.dll" adapterTypeName="Microsoft.VisualStudio.TestTools.TestTypes.Unit.UnitTestAdapter" className="UnitTests.Common.Collections.Graph.BidirectionalGraphTests" name="NonParallel_PopulateFullyConnectedGraph_GetOutDegreeIsCorrect" />
    </UnitTest>
    <UnitTest name="NonParallel_Populate_GetOutEdgesIsCorrect" storage="f:\etwork\bin\tests\unittests.icore.common.dll" id="71384f83-73ed-be7b-d897-9d29a52fd52a">
      <Execution id="43a1eaef-30a2-46eb-953b-ea7a62f930af" />
      <TestMethod codeBase="F:\ETWork\bin\Tests\UnitTests.iCore.Common.dll" adapterTypeName="Microsoft.VisualStudio.TestTools.TestTypes.Unit.UnitTestAdapter" className="UnitTests.Common.Collections.Graph.BidirectionalGraphTests" name="NonParallel_Populate_GetOutEdgesIsCorrect" />
    </UnitTest>
    <UnitTest name="NonParallel_PopulateFullyConnected_GetOutEdgesIsCorrect" storage="f:\etwork\bin\tests\unittests.icore.common.dll" id="6cc7e340-2037-ba37-8818-7cd5f9e4ca00">
      <Execution id="8612f816-1b7e-45b3-855a-19762c56ecda" />
      <TestMethod codeBase="F:\ETWork\bin\Tests\UnitTests.iCore.Common.dll" adapterTypeName="Microsoft.VisualStudio.TestTools.TestTypes.Unit.UnitTestAdapter" className="UnitTests.Common.Collections.Graph.BidirectionalGraphTests" name="NonParallel_PopulateFullyConnected_GetOutEdgesIsCorrect" />
    </UnitTest>
    <UnitTest name="NonParallel_Populate_TryGetOutEdgesIsCorrect" storage="f:\etwork\bin\tests\unittests.icore.common.dll" id="405cc4bb-bdcb-fe40-97d4-492738dacfbe">
      <Execution id="112a604f-8f98-4d56-93fd-dcb15a05d2ca" />
      <TestMethod codeBase="F:\ETWork\bin\Tests\UnitTests.iCore.Common.dll" adapterTypeName="Microsoft.VisualStudio.TestTools.TestTypes.Unit.UnitTestAdapter" className="UnitTests.Common.Collections.Graph.BidirectionalGraphTests" name="NonParallel_Populate_TryGetOutEdgesIsCorrect" />
    </UnitTest>
    <UnitTest name="NonParallel_AddVertex_AlreadyExistingVertex_ThrowsArgumentException" storage="f:\etwork\bin\tests\unittests.icore.common.dll" id="5149a4d0-826d-b491-8f23-0c021f67bbbd">
      <Execution id="6e53c10b-4622-463f-8203-7f7dac9668ea" />
      <TestMethod codeBase="F:\ETWork\bin\Tests\UnitTests.iCore.Common.dll" adapterTypeName="Microsoft.VisualStudio.TestTools.TestTypes.Unit.UnitTestAdapter" className="UnitTests.Common.Collections.Graph.BidirectionalGraphTests" name="NonParallel_AddVertex_AlreadyExistingVertex_ThrowsArgumentException" />
    </UnitTest>
    <UnitTest name="NonParallel_AddEdge_AlreadyExistingEdge_Throws" storage="f:\etwork\bin\tests\unittests.icore.common.dll" id="5307add8-cc29-e16f-aed7-9f883688d356">
      <Execution id="8f8db411-1518-4a86-a171-21c419f69356" />
      <TestMethod codeBase="F:\ETWork\bin\Tests\UnitTests.iCore.Common.dll" adapterTypeName="Microsoft.VisualStudio.TestTools.TestTypes.Unit.UnitTestAdapter" className="UnitTests.Common.Collections.Graph.BidirectionalGraphTests" name="NonParallel_AddEdge_AlreadyExistingEdge_Throws" />
    </UnitTest>
    <UnitTest name="NonParallel_RemoveEdgeBySourceAndTarget_ExistingEdge_EdgeIsRemoved" storage="f:\etwork\bin\tests\unittests.icore.common.dll" id="e6ccbd72-f68f-d68d-cede-f2a1d173deb6">
      <Execution id="e8bbd078-19bc-41bc-bfb6-0c434c657fcd" />
      <TestMethod codeBase="F:\ETWork\bin\Tests\UnitTests.iCore.Common.dll" adapterTypeName="Microsoft.VisualStudio.TestTools.TestTypes.Unit.UnitTestAdapter" className="UnitTests.Common.Collections.Graph.BidirectionalGraphTests" name="NonParallel_RemoveEdgeBySourceAndTarget_ExistingEdge_EdgeIsRemoved" />
    </UnitTest>
    <UnitTest name="NonParallel_RemoveEdgeBySourceAndTarget_NonExistingEdge_ReturnsFalse" storage="f:\etwork\bin\tests\unittests.icore.common.dll" id="5d7374f4-03a2-fae5-2f7a-caec4b789c23">
      <Execution id="b5bda573-4233-4766-8cf9-87f0ae735cb2" />
      <TestMethod codeBase="F:\ETWork\bin\Tests\UnitTests.iCore.Common.dll" adapterTypeName="Microsoft.VisualStudio.TestTools.TestTypes.Unit.UnitTestAdapter" className="UnitTests.Common.Collections.Graph.BidirectionalGraphTests" name="NonParallel_RemoveEdgeBySourceAndTarget_NonExistingEdge_ReturnsFalse" />
    </UnitTest>
    <UnitTest name="NonParallel_RemoveEdgeBySourceAndTarget_NonExistingSourceVertex_ReturnsFalse" storage="f:\etwork\bin\tests\unittests.icore.common.dll" id="92274bbb-7072-233a-14dd-c4c43940c3a0">
      <Execution id="7a0821f1-6cbe-489d-8f46-f3387a3106cb" />
      <TestMethod codeBase="F:\ETWork\bin\Tests\UnitTests.iCore.Common.dll" adapterTypeName="Microsoft.VisualStudio.TestTools.TestTypes.Unit.UnitTestAdapter" className="UnitTests.Common.Collections.Graph.BidirectionalGraphTests" name="NonParallel_RemoveEdgeBySourceAndTarget_NonExistingSourceVertex_ReturnsFalse" />
    </UnitTest>
    <UnitTest name="NonParallel_RemoveEdgeBySourceAndTarget_NonExistingTargetVertex_ReturnsFalse" storage="f:\etwork\bin\tests\unittests.icore.common.dll" id="54362853-c931-379b-858e-80c8247e4f76">
      <Execution id="dda5b14a-a046-4b8c-adff-07839170a2c3" />
      <TestMethod codeBase="F:\ETWork\bin\Tests\UnitTests.iCore.Common.dll" adapterTypeName="Microsoft.VisualStudio.TestTools.TestTypes.Unit.UnitTestAdapter" className="UnitTests.Common.Collections.Graph.BidirectionalGraphTests" name="NonParallel_RemoveEdgeBySourceAndTarget_NonExistingTargetVertex_ReturnsFalse" />
    </UnitTest>
    <UnitTest name="NonParallel_RemoveEdge_ExistingEdge_EdgeIsRemoved" storage="f:\etwork\bin\tests\unittests.icore.common.dll" id="8935351f-4e03-cb4f-443f-d0ae0bb1e885">
      <Execution id="d94bf957-5b4a-453e-bd64-332e32a68697" />
      <TestMethod codeBase="F:\ETWork\bin\Tests\UnitTests.iCore.Common.dll" adapterTypeName="Microsoft.VisualStudio.TestTools.TestTypes.Unit.UnitTestAdapter" className="UnitTests.Common.Collections.Graph.BidirectionalGraphTests" name="NonParallel_RemoveEdge_ExistingEdge_EdgeIsRemoved" />
    </UnitTest>
    <UnitTest name="NonParallel_RemoveEdge_NonExistingEdge_EdgeIsRemoved" storage="f:\etwork\bin\tests\unittests.icore.common.dll" id="a6f6feb5-22f3-f523-1686-40d4bd6f8211">
      <Execution id="07b04989-e9ed-4196-a271-dd39cdaa6cd9" />
      <TestMethod codeBase="F:\ETWork\bin\Tests\UnitTests.iCore.Common.dll" adapterTypeName="Microsoft.VisualStudio.TestTools.TestTypes.Unit.UnitTestAdapter" className="UnitTests.Common.Collections.Graph.BidirectionalGraphTests" name="NonParallel_RemoveEdge_NonExistingEdge_EdgeIsRemoved" />
    </UnitTest>
    <UnitTest name="NonParallel_RemoveEdgeByPredicate_ExistingEdges_EdgesAreRemoved" storage="f:\etwork\bin\tests\unittests.icore.common.dll" id="35be4e2f-6282-14b7-119c-be1d6ab1e7f4">
      <Execution id="5adb3802-208b-41b3-8a38-a41d7b21b24e" />
      <TestMethod codeBase="F:\ETWork\bin\Tests\UnitTests.iCore.Common.dll" adapterTypeName="Microsoft.VisualStudio.TestTools.TestTypes.Unit.UnitTestAdapter" className="UnitTests.Common.Collections.Graph.BidirectionalGraphTests" name="NonParallel_RemoveEdgeByPredicate_ExistingEdges_EdgesAreRemoved" />
    </UnitTest>
    <UnitTest name="NonParallel_ClearVertex_ExistingVertex_AllEdgesAreRemoved" storage="f:\etwork\bin\tests\unittests.icore.common.dll" id="8cfd6c93-c9e7-17ff-21c2-03e39641a8d1">
      <Execution id="e94cb879-d627-456f-8fd0-91e64f5cb74c" />
      <TestMethod codeBase="F:\ETWork\bin\Tests\UnitTests.iCore.Common.dll" adapterTypeName="Microsoft.VisualStudio.TestTools.TestTypes.Unit.UnitTestAdapter" className="UnitTests.Common.Collections.Graph.BidirectionalGraphTests" name="NonParallel_ClearVertex_ExistingVertex_AllEdgesAreRemoved" />
    </UnitTest>
    <UnitTest name="NonParallel_ClearVertex_NonExistingVertex_ThrowsVertexNotFoundException" storage="f:\etwork\bin\tests\unittests.icore.common.dll" id="3a8f3fd2-5962-8948-1b79-e839bc2051fb">
      <Execution id="93fd4c48-72da-4f16-a8dd-d59cbd12fbae" />
      <TestMethod codeBase="F:\ETWork\bin\Tests\UnitTests.iCore.Common.dll" adapterTypeName="Microsoft.VisualStudio.TestTools.TestTypes.Unit.UnitTestAdapter" className="UnitTests.Common.Collections.Graph.BidirectionalGraphTests" name="NonParallel_ClearVertex_NonExistingVertex_ThrowsVertexNotFoundException" />
    </UnitTest>
    <UnitTest name="NonParallel_RemoveVertex_ExistingVertex_VertexAndAllEdgesAreRemoved" storage="f:\etwork\bin\tests\unittests.icore.common.dll" id="3e748dea-a737-b584-fabc-71f7d932bd01">
      <Execution id="ec63d2b2-8863-4007-8e9d-b778ad929f00" />
      <TestMethod codeBase="F:\ETWork\bin\Tests\UnitTests.iCore.Common.dll" adapterTypeName="Microsoft.VisualStudio.TestTools.TestTypes.Unit.UnitTestAdapter" className="UnitTests.Common.Collections.Graph.BidirectionalGraphTests" name="NonParallel_RemoveVertex_ExistingVertex_VertexAndAllEdgesAreRemoved" />
    </UnitTest>
    <UnitTest name="NonParallel_RemoveVertex_NonExistingVertex_ThrowsVertexNotFoundException" storage="f:\etwork\bin\tests\unittests.icore.common.dll" id="687b8eaf-8b46-94bd-0655-3ce2340cd5bd">
      <Execution id="2a673024-c667-460d-8c91-a7972dd4c164" />
      <TestMethod codeBase="F:\ETWork\bin\Tests\UnitTests.iCore.Common.dll" adapterTypeName="Microsoft.VisualStudio.TestTools.TestTypes.Unit.UnitTestAdapter" className="UnitTests.Common.Collections.Graph.BidirectionalGraphTests" name="NonParallel_RemoveVertex_NonExistingVertex_ThrowsVertexNotFoundException" />
    </UnitTest>
    <UnitTest name="NonParallel_Clear_VerticesAndEdgesAreAllRemoved" storage="f:\etwork\bin\tests\unittests.icore.common.dll" id="88ea4b4b-2e1b-3535-597d-422b62d7fb81">
      <Execution id="1d97f7fa-d347-4f4e-80b4-661734911b86" />
      <TestMethod codeBase="F:\ETWork\bin\Tests\UnitTests.iCore.Common.dll" adapterTypeName="Microsoft.VisualStudio.TestTools.TestTypes.Unit.UnitTestAdapter" className="UnitTests.Common.Collections.Graph.BidirectionalGraphTests" name="NonParallel_Clear_VerticesAndEdgesAreAllRemoved" />
    </UnitTest>
    <UnitTest name="NonParallel_RemoveOutEdgeIf_ExistingEdges_CorrectEdgesAreRemovedAndCorrectResultReturned" storage="f:\etwork\bin\tests\unittests.icore.common.dll" id="c8698dd8-56a2-86c8-23c8-cd40a865f803">
      <Execution id="2b12aca1-7721-4351-87e1-601c0f577729" />
      <TestMethod codeBase="F:\ETWork\bin\Tests\UnitTests.iCore.Common.dll" adapterTypeName="Microsoft.VisualStudio.TestTools.TestTypes.Unit.UnitTestAdapter" className="UnitTests.Common.Collections.Graph.BidirectionalGraphTests" name="NonParallel_RemoveOutEdgeIf_ExistingEdges_CorrectEdgesAreRemovedAndCorrectResultReturned" />
    </UnitTest>
    <UnitTest name="NonParallel_RemoveOutEdgeIf_NonExistingVertex_ThrowsVertexNotFoundException" storage="f:\etwork\bin\tests\unittests.icore.common.dll" id="5ffd8817-a8bc-c802-8cd1-8c32f65a139d">
      <Execution id="84f797df-52a2-4032-a9a9-da9757a07675" />
      <TestMethod codeBase="F:\ETWork\bin\Tests\UnitTests.iCore.Common.dll" adapterTypeName="Microsoft.VisualStudio.TestTools.TestTypes.Unit.UnitTestAdapter" className="UnitTests.Common.Collections.Graph.BidirectionalGraphTests" name="NonParallel_RemoveOutEdgeIf_NonExistingVertex_ThrowsVertexNotFoundException" />
    </UnitTest>
    <UnitTest name="NonParallel_ClearOutEdges_ExistingVertex_CorrectEdgesAreRemoved" storage="f:\etwork\bin\tests\unittests.icore.common.dll" id="a0525aa4-3d02-d171-359e-046b35eafa4c">
      <Execution id="564ad39a-cf50-4bcc-8291-5f43a94e2636" />
      <TestMethod codeBase="F:\ETWork\bin\Tests\UnitTests.iCore.Common.dll" adapterTypeName="Microsoft.VisualStudio.TestTools.TestTypes.Unit.UnitTestAdapter" className="UnitTests.Common.Collections.Graph.BidirectionalGraphTests" name="NonParallel_ClearOutEdges_ExistingVertex_CorrectEdgesAreRemoved" />
    </UnitTest>
    <UnitTest name="NonParallel_ClearOutEdges_NonExistingVertex_ThrowsVertexNotFoundException" storage="f:\etwork\bin\tests\unittests.icore.common.dll" id="4abd80f8-6ee1-ba2f-4a5a-d10af2bff9de">
      <Execution id="632f8ee6-ef9c-4df0-8e75-b98225bfdb43" />
      <TestMethod codeBase="F:\ETWork\bin\Tests\UnitTests.iCore.Common.dll" adapterTypeName="Microsoft.VisualStudio.TestTools.TestTypes.Unit.UnitTestAdapter" className="UnitTests.Common.Collections.Graph.BidirectionalGraphTests" name="NonParallel_ClearOutEdges_NonExistingVertex_ThrowsVertexNotFoundException" />
    </UnitTest>
    <UnitTest name="Parallel_Populate_GraphIsCorrect" storage="f:\etwork\bin\tests\unittests.icore.common.dll" id="d732bfff-2532-8c97-9501-364150bb5e6d">
      <Execution id="63bb02d2-abd4-4537-89e2-3597269f0b92" />
      <TestMethod codeBase="F:\ETWork\bin\Tests\UnitTests.iCore.Common.dll" adapterTypeName="Microsoft.VisualStudio.TestTools.TestTypes.Unit.UnitTestAdapter" className="UnitTests.Common.Collections.Graph.BidirectionalGraphTests" name="Parallel_Populate_GraphIsCorrect" />
    </UnitTest>
    <UnitTest name="Parallel_PopulateFullyConnectedGraph_GetOutDegreeIsCorrect" storage="f:\etwork\bin\tests\unittests.icore.common.dll" id="24728be4-efcf-eadf-67c3-4d740aa40bbd">
      <Execution id="b9a623ef-ca4d-4404-bb46-7c9932800854" />
      <TestMethod codeBase="F:\ETWork\bin\Tests\UnitTests.iCore.Common.dll" adapterTypeName="Microsoft.VisualStudio.TestTools.TestTypes.Unit.UnitTestAdapter" className="UnitTests.Common.Collections.Graph.BidirectionalGraphTests" name="Parallel_PopulateFullyConnectedGraph_GetOutDegreeIsCorrect" />
    </UnitTest>
    <UnitTest name="Parallel_Populate_GetOutEdgesIsCorrect" storage="f:\etwork\bin\tests\unittests.icore.common.dll" id="ba7be781-dc23-f022-7cda-9d1acf60f7c2">
      <Execution id="20a57b81-4fd9-4491-a17a-92b9e3bab0b0" />
      <TestMethod codeBase="F:\ETWork\bin\Tests\UnitTests.iCore.Common.dll" adapterTypeName="Microsoft.VisualStudio.TestTools.TestTypes.Unit.UnitTestAdapter" className="UnitTests.Common.Collections.Graph.BidirectionalGraphTests" name="Parallel_Populate_GetOutEdgesIsCorrect" />
    </UnitTest>
    <UnitTest name="Parallel_PopulateFullyConnected_GetOutEdgesIsCorrect" storage="f:\etwork\bin\tests\unittests.icore.common.dll" id="4a0074a5-4fd1-02df-d591-967e66f48683">
      <Execution id="1e0cdbe9-ffdc-437f-a6fa-7d82bb28a44a" />
      <TestMethod codeBase="F:\ETWork\bin\Tests\UnitTests.iCore.Common.dll" adapterTypeName="Microsoft.VisualStudio.TestTools.TestTypes.Unit.UnitTestAdapter" className="UnitTests.Common.Collections.Graph.BidirectionalGraphTests" name="Parallel_PopulateFullyConnected_GetOutEdgesIsCorrect" />
    </UnitTest>
    <UnitTest name="Parallel_AddVertex_AlreadyExistingVertex_ThrowsArgumentException" storage="f:\etwork\bin\tests\unittests.icore.common.dll" id="1e4e364e-ca56-b7d2-b261-88c84d2c3fa4">
      <Execution id="05c9269d-5eb2-49c0-9681-1de4e2841d9c" />
      <TestMethod codeBase="F:\ETWork\bin\Tests\UnitTests.iCore.Common.dll" adapterTypeName="Microsoft.VisualStudio.TestTools.TestTypes.Unit.UnitTestAdapter" className="UnitTests.Common.Collections.Graph.BidirectionalGraphTests" name="Parallel_AddVertex_AlreadyExistingVertex_ThrowsArgumentException" />
    </UnitTest>
    <UnitTest name="Parallel_AddEdge_AlreadyExistingEdge_Succeeds" storage="f:\etwork\bin\tests\unittests.icore.common.dll" id="e32c7bcd-d5a3-442d-c61d-9bd0b5e6098a">
      <Execution id="96b96097-692c-4888-9ad0-2e93cb2ac069" />
      <TestMethod codeBase="F:\ETWork\bin\Tests\UnitTests.iCore.Common.dll" adapterTypeName="Microsoft.VisualStudio.TestTools.TestTypes.Unit.UnitTestAdapter" className="UnitTests.Common.Collections.Graph.BidirectionalGraphTests" name="Parallel_AddEdge_AlreadyExistingEdge_Succeeds" />
    </UnitTest>
    <UnitTest name="Parallel_RemoveEdgeBySourceAndTarget_ExistingEdge_AllMatchingEdgesAreRemoved" storage="f:\etwork\bin\tests\unittests.icore.common.dll" id="b3921a72-704f-c89b-36b6-be426b55a3a6">
      <Execution id="9ac88e39-ddea-4e46-89e9-cf5b1a89e5ac" />
      <TestMethod codeBase="F:\ETWork\bin\Tests\UnitTests.iCore.Common.dll" adapterTypeName="Microsoft.VisualStudio.TestTools.TestTypes.Unit.UnitTestAdapter" className="UnitTests.Common.Collections.Graph.BidirectionalGraphTests" name="Parallel_RemoveEdgeBySourceAndTarget_ExistingEdge_AllMatchingEdgesAreRemoved" />
    </UnitTest>
    <UnitTest name="Parallel_RemoveEdgeBySourceAndTarget_NonExistingEdge_ReturnsFalse" storage="f:\etwork\bin\tests\unittests.icore.common.dll" id="e6731686-ed36-3e67-8716-72c922f9c12c">
      <Execution id="870881d5-e395-403c-ad86-ebac3bfa7d7c" />
      <TestMethod codeBase="F:\ETWork\bin\Tests\UnitTests.iCore.Common.dll" adapterTypeName="Microsoft.VisualStudio.TestTools.TestTypes.Unit.UnitTestAdapter" className="UnitTests.Common.Collections.Graph.BidirectionalGraphTests" name="Parallel_RemoveEdgeBySourceAndTarget_NonExistingEdge_ReturnsFalse" />
    </UnitTest>
    <UnitTest name="Parallel_RemoveEdgeBySourceAndTarget_NonExistingSourceVertex_ReturnsFalse" storage="f:\etwork\bin\tests\unittests.icore.common.dll" id="bbb303a5-8c50-158a-04c0-a63737ca2fc8">
      <Execution id="6136aff1-23c7-4c8b-bc06-792193eb61bb" />
      <TestMethod codeBase="F:\ETWork\bin\Tests\UnitTests.iCore.Common.dll" adapterTypeName="Microsoft.VisualStudio.TestTools.TestTypes.Unit.UnitTestAdapter" className="UnitTests.Common.Collections.Graph.BidirectionalGraphTests" name="Parallel_RemoveEdgeBySourceAndTarget_NonExistingSourceVertex_ReturnsFalse" />
    </UnitTest>
    <UnitTest name="Parallel_RemoveEdgeBySourceAndTarget_NonExistingTargetVertex_ReturnsFalse" storage="f:\etwork\bin\tests\unittests.icore.common.dll" id="cc9bcd82-58cc-b880-afa5-31393dbb1cf5">
      <Execution id="dd38db00-5933-4d63-b839-4d6c20136274" />
      <TestMethod codeBase="F:\ETWork\bin\Tests\UnitTests.iCore.Common.dll" adapterTypeName="Microsoft.VisualStudio.TestTools.TestTypes.Unit.UnitTestAdapter" className="UnitTests.Common.Collections.Graph.BidirectionalGraphTests" name="Parallel_RemoveEdgeBySourceAndTarget_NonExistingTargetVertex_ReturnsFalse" />
    </UnitTest>
    <UnitTest name="Parallel_RemoveEdge_ExistingEdge_EdgeIsRemoved" storage="f:\etwork\bin\tests\unittests.icore.common.dll" id="d2f679dc-7501-a688-c0a3-b2650c2beacf">
      <Execution id="cb191d42-ac99-47a8-92ef-c282100521fc" />
      <TestMethod codeBase="F:\ETWork\bin\Tests\UnitTests.iCore.Common.dll" adapterTypeName="Microsoft.VisualStudio.TestTools.TestTypes.Unit.UnitTestAdapter" className="UnitTests.Common.Collections.Graph.BidirectionalGraphTests" name="Parallel_RemoveEdge_ExistingEdge_EdgeIsRemoved" />
    </UnitTest>
    <UnitTest name="Parallel_RemoveEdge_NonExistingEdge_ReturnsFalse" storage="f:\etwork\bin\tests\unittests.icore.common.dll" id="1faed937-c264-2535-0777-4bc3c6e519a5">
      <Execution id="c821f9a7-b708-4196-887c-ef628f615180" />
      <TestMethod codeBase="F:\ETWork\bin\Tests\UnitTests.iCore.Common.dll" adapterTypeName="Microsoft.VisualStudio.TestTools.TestTypes.Unit.UnitTestAdapter" className="UnitTests.Common.Collections.Graph.BidirectionalGraphTests" name="Parallel_RemoveEdge_NonExistingEdge_ReturnsFalse" />
    </UnitTest>
    <UnitTest name="Parallel_RemoveEdgeByPredicate_ExistingEdges_EdgesAreRemoved" storage="f:\etwork\bin\tests\unittests.icore.common.dll" id="97ecaed0-9e93-d55d-25af-d606acb5a32f">
      <Execution id="bb450268-2f00-432c-ae8c-dd94d39aeb03" />
      <TestMethod codeBase="F:\ETWork\bin\Tests\UnitTests.iCore.Common.dll" adapterTypeName="Microsoft.VisualStudio.TestTools.TestTypes.Unit.UnitTestAdapter" className="UnitTests.Common.Collections.Graph.BidirectionalGraphTests" name="Parallel_RemoveEdgeByPredicate_ExistingEdges_EdgesAreRemoved" />
    </UnitTest>
    <UnitTest name="Parallel_ClearVertex_ExistingVertex_AllEdgesAreRemoved" storage="f:\etwork\bin\tests\unittests.icore.common.dll" id="f6a75167-af62-fcea-9b2d-ed6ee44263d3">
      <Execution id="7f5225e2-f4c9-4535-baf7-136884809f34" />
      <TestMethod codeBase="F:\ETWork\bin\Tests\UnitTests.iCore.Common.dll" adapterTypeName="Microsoft.VisualStudio.TestTools.TestTypes.Unit.UnitTestAdapter" className="UnitTests.Common.Collections.Graph.BidirectionalGraphTests" name="Parallel_ClearVertex_ExistingVertex_AllEdgesAreRemoved" />
    </UnitTest>
    <UnitTest name="Parallel_ClearVertex_NonExistingVertex_ThrowsVertexNotFoundException" storage="f:\etwork\bin\tests\unittests.icore.common.dll" id="c3dcbd87-7bcf-f437-2536-9f452d0b9270">
      <Execution id="7011739b-0836-46a6-b62a-a259f585a750" />
      <TestMethod codeBase="F:\ETWork\bin\Tests\UnitTests.iCore.Common.dll" adapterTypeName="Microsoft.VisualStudio.TestTools.TestTypes.Unit.UnitTestAdapter" className="UnitTests.Common.Collections.Graph.BidirectionalGraphTests" name="Parallel_ClearVertex_NonExistingVertex_ThrowsVertexNotFoundException" />
    </UnitTest>
    <UnitTest name="Parallel_RemoveVertex_ExistingVertex_VertexAndAllEdgesAreRemoved" storage="f:\etwork\bin\tests\unittests.icore.common.dll" id="caca3d23-7458-f0d9-2821-ee4af17edd8f">
      <Execution id="eaa6df00-7d4a-4ec2-a81c-1756ec325587" />
      <TestMethod codeBase="F:\ETWork\bin\Tests\UnitTests.iCore.Common.dll" adapterTypeName="Microsoft.VisualStudio.TestTools.TestTypes.Unit.UnitTestAdapter" className="UnitTests.Common.Collections.Graph.BidirectionalGraphTests" name="Parallel_RemoveVertex_ExistingVertex_VertexAndAllEdgesAreRemoved" />
    </UnitTest>
    <UnitTest name="Parallel_RemoveVertex_NonExistingVertex_ThrowsVertexNotFoundException" storage="f:\etwork\bin\tests\unittests.icore.common.dll" id="24ede4b6-0883-1e29-cd7e-2cc1e34d5304">
      <Execution id="d4418f36-4c41-4913-8ec2-6340a54fbfc4" />
      <TestMethod codeBase="F:\ETWork\bin\Tests\UnitTests.iCore.Common.dll" adapterTypeName="Microsoft.VisualStudio.TestTools.TestTypes.Unit.UnitTestAdapter" className="UnitTests.Common.Collections.Graph.BidirectionalGraphTests" name="Parallel_RemoveVertex_NonExistingVertex_ThrowsVertexNotFoundException" />
    </UnitTest>
    <UnitTest name="Parallel_Clear_VerticesAndEdgesAreAllRemoved" storage="f:\etwork\bin\tests\unittests.icore.common.dll" id="0bd22ce6-e498-b3b7-2fb9-337bd3e4ff55">
      <Execution id="ddf99fce-6147-436c-be01-1edb4ec64116" />
      <TestMethod codeBase="F:\ETWork\bin\Tests\UnitTests.iCore.Common.dll" adapterTypeName="Microsoft.VisualStudio.TestTools.TestTypes.Unit.UnitTestAdapter" className="UnitTests.Common.Collections.Graph.BidirectionalGraphTests" name="Parallel_Clear_VerticesAndEdgesAreAllRemoved" />
    </UnitTest>
    <UnitTest name="Parallel_RemoveOutEdgeIf_ExistingEdges_CorrectEdgesAreRemovedAndCorrectResultReturned" storage="f:\etwork\bin\tests\unittests.icore.common.dll" id="fdd371e1-aa15-08e5-08fc-724fd3a9961e">
      <Execution id="0f77215b-de67-46ca-8ace-567124be43bc" />
      <TestMethod codeBase="F:\ETWork\bin\Tests\UnitTests.iCore.Common.dll" adapterTypeName="Microsoft.VisualStudio.TestTools.TestTypes.Unit.UnitTestAdapter" className="UnitTests.Common.Collections.Graph.BidirectionalGraphTests" name="Parallel_RemoveOutEdgeIf_ExistingEdges_CorrectEdgesAreRemovedAndCorrectResultReturned" />
    </UnitTest>
    <UnitTest name="Parallel_RemoveOutEdgeIf_NonExistingVertex_ThrowsVertexNotFoundException" storage="f:\etwork\bin\tests\unittests.icore.common.dll" id="08ed9043-7af9-5c9b-fa68-0c206686098a">
      <Execution id="f3666fa7-724b-4a60-99d4-4e53173999a0" />
      <TestMethod codeBase="F:\ETWork\bin\Tests\UnitTests.iCore.Common.dll" adapterTypeName="Microsoft.VisualStudio.TestTools.TestTypes.Unit.UnitTestAdapter" className="UnitTests.Common.Collections.Graph.BidirectionalGraphTests" name="Parallel_RemoveOutEdgeIf_NonExistingVertex_ThrowsVertexNotFoundException" />
    </UnitTest>
    <UnitTest name="Parallel_ClearOutEdges_ExistingVertex_CorrectEdgesAreRemoved" storage="f:\etwork\bin\tests\unittests.icore.common.dll" id="df509762-ad40-9fb3-3420-a1733f53ac38">
      <Execution id="9874401a-55c4-4ef5-93ac-15d016a307a0" />
      <TestMethod codeBase="F:\ETWork\bin\Tests\UnitTests.iCore.Common.dll" adapterTypeName="Microsoft.VisualStudio.TestTools.TestTypes.Unit.UnitTestAdapter" className="UnitTests.Common.Collections.Graph.BidirectionalGraphTests" name="Parallel_ClearOutEdges_ExistingVertex_CorrectEdgesAreRemoved" />
    </UnitTest>
    <UnitTest name="Parallel_ClearOutEdges_NonExistingVertex_ThrowsVertexNotFoundException" storage="f:\etwork\bin\tests\unittests.icore.common.dll" id="462601c3-d01e-1e18-49b2-da75c3227981">
      <Execution id="380d685d-7af0-4589-a4a3-053a60d873f4" />
      <TestMethod codeBase="F:\ETWork\bin\Tests\UnitTests.iCore.Common.dll" adapterTypeName="Microsoft.VisualStudio.TestTools.TestTypes.Unit.UnitTestAdapter" className="UnitTests.Common.Collections.Graph.BidirectionalGraphTests" name="Parallel_ClearOutEdges_NonExistingVertex_ThrowsVertexNotFoundException" />
    </UnitTest>
    <UnitTest name="AssemblyNameUtils_CreateTest" storage="f:\etwork\bin\tests\unittests.icore.common.dll" id="75a0eb3e-e160-8f2f-52e3-1f5ee3a37e92">
      <Execution id="be87000e-e4aa-415b-8d90-4650701dda00" />
      <TestMethod codeBase="F:\ETWork\bin\Tests\UnitTests.iCore.Common.dll" adapterTypeName="Microsoft.VisualStudio.TestTools.TestTypes.Unit.UnitTestAdapter" className="UnitTests.iCore.Common.AssemblyNameUtilsTest" name="AssemblyNameUtils_CreateTest" />
    </UnitTest>
    <UnitTest name="AssemblyNameUtils_CreateTest2" storage="f:\etwork\bin\tests\unittests.icore.common.dll" id="68131229-dfc3-7d09-7391-665cbd05846d">
      <Execution id="fe6aa193-a9b5-4dc8-b40a-47dc0316d999" />
      <TestMethod codeBase="F:\ETWork\bin\Tests\UnitTests.iCore.Common.dll" adapterTypeName="Microsoft.VisualStudio.TestTools.TestTypes.Unit.UnitTestAdapter" className="UnitTests.iCore.Common.AssemblyNameUtilsTest" name="AssemblyNameUtils_CreateTest2" />
    </UnitTest>
    <UnitTest name="AssemblyNameUtils_CreateTest3" storage="f:\etwork\bin\tests\unittests.icore.common.dll" id="941d3a9c-f7eb-ab83-6d7f-523584545920">
      <Execution id="0bc46e6a-7e87-4c23-bf3a-d81fd5269141" />
      <TestMethod codeBase="F:\ETWork\bin\Tests\UnitTests.iCore.Common.dll" adapterTypeName="Microsoft.VisualStudio.TestTools.TestTypes.Unit.UnitTestAdapter" className="UnitTests.iCore.Common.AssemblyNameUtilsTest" name="AssemblyNameUtils_CreateTest3" />
    </UnitTest>
    <UnitTest name="AssemblyNameUtils_GetPublicKeyTokenAsStringTest" storage="f:\etwork\bin\tests\unittests.icore.common.dll" id="a3a9a692-29f7-f10f-1079-25ac333e696b">
      <Execution id="ce18ad6c-0d96-44c5-9f56-3ddbc293d127" />
      <TestMethod codeBase="F:\ETWork\bin\Tests\UnitTests.iCore.Common.dll" adapterTypeName="Microsoft.VisualStudio.TestTools.TestTypes.Unit.UnitTestAdapter" className="UnitTests.iCore.Common.AssemblyNameUtilsTest" name="AssemblyNameUtils_GetPublicKeyTokenAsStringTest" />
    </UnitTest>
    <UnitTest name="AddDefaultServices_ContainerIsNull_Throws" storage="f:\etwork\bin\tests\unittests.icore.common.dll" id="0f8d91e4-ee4f-4008-c4ef-dad66b6c412b">
      <Execution id="0b93fe35-75a6-4514-9ca8-60be9a9437c9" />
      <TestMethod codeBase="F:\ETWork\bin\Tests\UnitTests.iCore.Common.dll" adapterTypeName="Microsoft.VisualStudio.TestTools.TestTypes.Unit.UnitTestAdapter" className="UnitTests.iCore.Common.CommonServiceProviderTests" name="AddDefaultServices_ContainerIsNull_Throws" />
    </UnitTest>
    <UnitTest name="AddDefaultServices_ContainerIsNotNull_Succeeds" storage="f:\etwork\bin\tests\unittests.icore.common.dll" id="26a705a7-e0af-7e55-43cf-5e59c148b181">
      <Execution id="fbb01475-8e21-4ca4-8fab-b8f2d822de74" />
      <TestMethod codeBase="F:\ETWork\bin\Tests\UnitTests.iCore.Common.dll" adapterTypeName="Microsoft.VisualStudio.TestTools.TestTypes.Unit.UnitTestAdapter" className="UnitTests.iCore.Common.CommonServiceProviderTests" name="AddDefaultServices_ContainerIsNotNull_Succeeds" />
    </UnitTest>
    <UnitTest name="AddDefaultServices_ContainerIsNotEmptyKeepExistingIsFalse_ContainerHasNewServiceInstance" storage="f:\etwork\bin\tests\unittests.icore.common.dll" id="9f1fa591-67db-55a0-b3f6-cf72294b7e50">
      <Execution id="f93ceaff-eb62-4ec4-b52d-9bf740c46333" />
      <TestMethod codeBase="F:\ETWork\bin\Tests\UnitTests.iCore.Common.dll" adapterTypeName="Microsoft.VisualStudio.TestTools.TestTypes.Unit.UnitTestAdapter" className="UnitTests.iCore.Common.CommonServiceProviderTests" name="AddDefaultServices_ContainerIsNotEmptyKeepExistingIsFalse_ContainerHasNewServiceInstance" />
    </UnitTest>
    <UnitTest name="AddDefaultServices_ContainerIsNotEmptyKeepExistingIsTrue_ContainerHasOldServiceInstance" storage="f:\etwork\bin\tests\unittests.icore.common.dll" id="8c712f9a-acd9-817c-8375-f238c6f081ed">
      <Execution id="f3ece942-a5a1-4a7a-9ac0-284033f7448b" />
      <TestMethod codeBase="F:\ETWork\bin\Tests\UnitTests.iCore.Common.dll" adapterTypeName="Microsoft.VisualStudio.TestTools.TestTypes.Unit.UnitTestAdapter" className="UnitTests.iCore.Common.CommonServiceProviderTests" name="AddDefaultServices_ContainerIsNotEmptyKeepExistingIsTrue_ContainerHasOldServiceInstance" />
    </UnitTest>
    <UnitTest name="AddDefaultServices_ContainerIsEmpty_ContainerHasIEMailValidatorService" storage="f:\etwork\bin\tests\unittests.icore.common.dll" id="84c4a44a-7f2a-c0ff-cc0b-adcf903793ec">
      <Execution id="66146a98-0cb2-4039-a93b-548f3fc1e36c" />
      <TestMethod codeBase="F:\ETWork\bin\Tests\UnitTests.iCore.Common.dll" adapterTypeName="Microsoft.VisualStudio.TestTools.TestTypes.Unit.UnitTestAdapter" className="UnitTests.iCore.Common.CommonServiceProviderTests" name="AddDefaultServices_ContainerIsEmpty_ContainerHasIEMailValidatorService" />
    </UnitTest>
    <UnitTest name="AddDefaultServices_ContainerIsEmpty_ContainerHasIProcessService" storage="f:\etwork\bin\tests\unittests.icore.common.dll" id="5fad0f52-83eb-c5c9-a6b6-67f19952f7d9">
      <Execution id="9334f17d-4749-410e-987f-d6fe49c18ee3" />
      <TestMethod codeBase="F:\ETWork\bin\Tests\UnitTests.iCore.Common.dll" adapterTypeName="Microsoft.VisualStudio.TestTools.TestTypes.Unit.UnitTestAdapter" className="UnitTests.iCore.Common.CommonServiceProviderTests" name="AddDefaultServices_ContainerIsEmpty_ContainerHasIProcessService" />
    </UnitTest>
    <UnitTest name="AddDefaultServices_ContainerIsEmpty_ContainerHasIPathProvider" storage="f:\etwork\bin\tests\unittests.icore.common.dll" id="8a02fbf6-b719-4d76-805f-f5971de64128">
      <Execution id="e4443c72-2276-49d3-a303-d0e2533bc70e" />
      <TestMethod codeBase="F:\ETWork\bin\Tests\UnitTests.iCore.Common.dll" adapterTypeName="Microsoft.VisualStudio.TestTools.TestTypes.Unit.UnitTestAdapter" className="UnitTests.iCore.Common.CommonServiceProviderTests" name="AddDefaultServices_ContainerIsEmpty_ContainerHasIPathProvider" />
    </UnitTest>
    <UnitTest name="AddDefaultServices_ContainerIsEmpty_ContainerHasIXmlUtilsService" storage="f:\etwork\bin\tests\unittests.icore.common.dll" id="194e9271-3995-0edd-2826-470d4e226a93">
      <Execution id="ae1377b9-af4b-4b69-97f8-681cdf7ee65b" />
      <TestMethod codeBase="F:\ETWork\bin\Tests\UnitTests.iCore.Common.dll" adapterTypeName="Microsoft.VisualStudio.TestTools.TestTypes.Unit.UnitTestAdapter" className="UnitTests.iCore.Common.CommonServiceProviderTests" name="AddDefaultServices_ContainerIsEmpty_ContainerHasIXmlUtilsService" />
    </UnitTest>
    <UnitTest name="AddDefaultServices_ContainerIsEmpty_ContainerHasIFileSystemService" storage="f:\etwork\bin\tests\unittests.icore.common.dll" id="18b6fc83-ac1b-a158-4e22-9cebbcb3c93a">
      <Execution id="5abd6180-15e6-4954-9d30-2cc2ab517614" />
      <TestMethod codeBase="F:\ETWork\bin\Tests\UnitTests.iCore.Common.dll" adapterTypeName="Microsoft.VisualStudio.TestTools.TestTypes.Unit.UnitTestAdapter" className="UnitTests.iCore.Common.CommonServiceProviderTests" name="AddDefaultServices_ContainerIsEmpty_ContainerHasIFileSystemService" />
    </UnitTest>
    <UnitTest name="AddDefaultServices_ContainerIsEmpty_ContainerHasIDateTimeService" storage="f:\etwork\bin\tests\unittests.icore.common.dll" id="9826f91e-4d85-7bef-90c6-b4cb75aab7aa">
      <Execution id="c7b4d804-12bc-4c0d-a693-0767f70e9f7a" />
      <TestMethod codeBase="F:\ETWork\bin\Tests\UnitTests.iCore.Common.dll" adapterTypeName="Microsoft.VisualStudio.TestTools.TestTypes.Unit.UnitTestAdapter" className="UnitTests.iCore.Common.CommonServiceProviderTests" name="AddDefaultServices_ContainerIsEmpty_ContainerHasIDateTimeService" />
    </UnitTest>
    <UnitTest name="AddDefaultServices_ContainerIsEmpty_ContainerHasIFactoryWarehouse" storage="f:\etwork\bin\tests\unittests.icore.common.dll" id="7a761349-3514-435f-cd81-0aa7aa69f055">
      <Execution id="1e68f16d-2993-4f4b-84cc-8cb83bb3b217" />
      <TestMethod codeBase="F:\ETWork\bin\Tests\UnitTests.iCore.Common.dll" adapterTypeName="Microsoft.VisualStudio.TestTools.TestTypes.Unit.UnitTestAdapter" className="UnitTests.iCore.Common.CommonServiceProviderTests" name="AddDefaultServices_ContainerIsEmpty_ContainerHasIFactoryWarehouse" />
    </UnitTest>
    <UnitTest name="AddDefaultServices_ContainerIsEmpty_ContainerHasIStreamUtility" storage="f:\etwork\bin\tests\unittests.icore.common.dll" id="b91af2da-0691-f8a9-5a9b-7815c076d11a">
      <Execution id="101404c4-a787-4c09-ac14-51b5d0b89429" />
      <TestMethod codeBase="F:\ETWork\bin\Tests\UnitTests.iCore.Common.dll" adapterTypeName="Microsoft.VisualStudio.TestTools.TestTypes.Unit.UnitTestAdapter" className="UnitTests.iCore.Common.CommonServiceProviderTests" name="AddDefaultServices_ContainerIsEmpty_ContainerHasIStreamUtility" />
    </UnitTest>
    <UnitTest name="AddDefaultServices_ContainerIsEmpty_ContainerHasINamedPipeFactory" storage="f:\etwork\bin\tests\unittests.icore.common.dll" id="a035156e-e06e-ab79-e140-5702b1d691c6">
      <Execution id="ea6f6bad-24ff-4019-afee-3b099736e498" />
      <TestMethod codeBase="F:\ETWork\bin\Tests\UnitTests.iCore.Common.dll" adapterTypeName="Microsoft.VisualStudio.TestTools.TestTypes.Unit.UnitTestAdapter" className="UnitTests.iCore.Common.CommonServiceProviderTests" name="AddDefaultServices_ContainerIsEmpty_ContainerHasINamedPipeFactory" />
    </UnitTest>
    <UnitTest name="AddDefaultServices_ContainerIsEmpty_ContainerHasIPasswordService" storage="f:\etwork\bin\tests\unittests.icore.common.dll" id="dcb52ed9-a78d-96a8-dff5-148d1bab218c">
      <Execution id="789b705c-cc0e-4f65-848f-fadc57b7cbd0" />
      <TestMethod codeBase="F:\ETWork\bin\Tests\UnitTests.iCore.Common.dll" adapterTypeName="Microsoft.VisualStudio.TestTools.TestTypes.Unit.UnitTestAdapter" className="UnitTests.iCore.Common.CommonServiceProviderTests" name="AddDefaultServices_ContainerIsEmpty_ContainerHasIPasswordService" />
    </UnitTest>
    <UnitTest name="GetEncryptionCryptoTransform_KeyIsNull_Throws" storage="f:\etwork\bin\tests\unittests.icore.common.dll" id="84a8b8c3-bda0-a40b-aaae-432460c59245">
      <Execution id="376b25e5-5234-47cb-9bd1-0b9007fe0ad5" />
      <TestMethod codeBase="F:\ETWork\bin\Tests\UnitTests.iCore.Common.dll" adapterTypeName="Microsoft.VisualStudio.TestTools.TestTypes.Unit.UnitTestAdapter" className="UnitTests.iCore.Common.CryptoTransformFactoryImplTests" name="GetEncryptionCryptoTransform_KeyIsNull_Throws" />
    </UnitTest>
    <UnitTest name="GetEncryptionCryptoTransform_KeyIsEmpty_Throws" storage="f:\etwork\bin\tests\unittests.icore.common.dll" id="9d75b788-c121-bf4c-47dc-77f4e626f3b1">
      <Execution id="bfa6f3d4-574c-42a8-8996-6e8283673020" />
      <TestMethod codeBase="F:\ETWork\bin\Tests\UnitTests.iCore.Common.dll" adapterTypeName="Microsoft.VisualStudio.TestTools.TestTypes.Unit.UnitTestAdapter" className="UnitTests.iCore.Common.CryptoTransformFactoryImplTests" name="GetEncryptionCryptoTransform_KeyIsEmpty_Throws" />
    </UnitTest>
    <UnitTest name="GetEncryptionCryptoTransform_KeyIsValid_Success" storage="f:\etwork\bin\tests\unittests.icore.common.dll" id="fe90b3a6-87f5-f302-8147-e10a01c63059">
      <Execution id="4b582313-4784-4939-a24c-6da292fc273e" />
      <TestMethod codeBase="F:\ETWork\bin\Tests\UnitTests.iCore.Common.dll" adapterTypeName="Microsoft.VisualStudio.TestTools.TestTypes.Unit.UnitTestAdapter" className="UnitTests.iCore.Common.CryptoTransformFactoryImplTests" name="GetEncryptionCryptoTransform_KeyIsValid_Success" />
    </UnitTest>
    <UnitTest name="GetEncryptionCryptoTransform_IVIsNotSet_GeneratedIVSetOnFactory" storage="f:\etwork\bin\tests\unittests.icore.common.dll" id="824c8972-34ed-6509-2c7e-10b8d67c3e11">
      <Execution id="054c8523-cf22-4cf3-af09-4437bfc7c105" />
      <TestMethod codeBase="F:\ETWork\bin\Tests\UnitTests.iCore.Common.dll" adapterTypeName="Microsoft.VisualStudio.TestTools.TestTypes.Unit.UnitTestAdapter" className="UnitTests.iCore.Common.CryptoTransformFactoryImplTests" name="GetEncryptionCryptoTransform_IVIsNotSet_GeneratedIVSetOnFactory" />
    </UnitTest>
    <UnitTest name="GetEncryptionCryptoTransform_IVIsEmpty_GeneratedIVSetOnFactory" storage="f:\etwork\bin\tests\unittests.icore.common.dll" id="73b50b91-d34a-09a4-7e2c-aef92bdf075d">
      <Execution id="507982d0-94fc-4cd4-a529-6161b5b99f87" />
      <TestMethod codeBase="F:\ETWork\bin\Tests\UnitTests.iCore.Common.dll" adapterTypeName="Microsoft.VisualStudio.TestTools.TestTypes.Unit.UnitTestAdapter" className="UnitTests.iCore.Common.CryptoTransformFactoryImplTests" name="GetEncryptionCryptoTransform_IVIsEmpty_GeneratedIVSetOnFactory" />
    </UnitTest>
    <UnitTest name="GetEncryptionCryptoTransform_IVIsNotEmpty_GeneratedIVSetOnFactory" storage="f:\etwork\bin\tests\unittests.icore.common.dll" id="57549c88-7141-69f4-abc8-5cd1bea1bb01">
      <Execution id="49ba0556-e4fe-4175-94d6-af84cb7759d4" />
      <TestMethod codeBase="F:\ETWork\bin\Tests\UnitTests.iCore.Common.dll" adapterTypeName="Microsoft.VisualStudio.TestTools.TestTypes.Unit.UnitTestAdapter" className="UnitTests.iCore.Common.CryptoTransformFactoryImplTests" name="GetEncryptionCryptoTransform_IVIsNotEmpty_GeneratedIVSetOnFactory" />
    </UnitTest>
    <UnitTest name="GetDecryptionCryptoTransform_KeyIsNull_Throws" storage="f:\etwork\bin\tests\unittests.icore.common.dll" id="cf1691f8-d3d6-321d-e127-e6f3b54e8c44">
      <Execution id="a6ae6d14-c767-4193-8c9c-15e22f2a5b47" />
      <TestMethod codeBase="F:\ETWork\bin\Tests\UnitTests.iCore.Common.dll" adapterTypeName="Microsoft.VisualStudio.TestTools.TestTypes.Unit.UnitTestAdapter" className="UnitTests.iCore.Common.CryptoTransformFactoryImplTests" name="GetDecryptionCryptoTransform_KeyIsNull_Throws" />
    </UnitTest>
    <UnitTest name="GetDecryptionCryptoTransform_KeyIsEmpty_Throws" storage="f:\etwork\bin\tests\unittests.icore.common.dll" id="0a572a96-21a1-e2da-9d1d-2856fd1b6f2d">
      <Execution id="ac430ad3-16c1-456a-85e9-5a6d92fd54c6" />
      <TestMethod codeBase="F:\ETWork\bin\Tests\UnitTests.iCore.Common.dll" adapterTypeName="Microsoft.VisualStudio.TestTools.TestTypes.Unit.UnitTestAdapter" className="UnitTests.iCore.Common.CryptoTransformFactoryImplTests" name="GetDecryptionCryptoTransform_KeyIsEmpty_Throws" />
    </UnitTest>
    <UnitTest name="GetDecryptionCryptoTransform_IVNotSet_Throws" storage="f:\etwork\bin\tests\unittests.icore.common.dll" id="4ca4cd1b-e735-2fc6-620b-af0f391c4355">
      <Execution id="34514927-fcdb-4c4d-ab52-f9e0a941a541" />
      <TestMethod codeBase="F:\ETWork\bin\Tests\UnitTests.iCore.Common.dll" adapterTypeName="Microsoft.VisualStudio.TestTools.TestTypes.Unit.UnitTestAdapter" className="UnitTests.iCore.Common.CryptoTransformFactoryImplTests" name="GetDecryptionCryptoTransform_IVNotSet_Throws" />
    </UnitTest>
    <UnitTest name="GetDecryptionCryptoTransform_ValidKeyAndIV_Success" storage="f:\etwork\bin\tests\unittests.icore.common.dll" id="372ffc6e-fcce-f2b2-40e7-33ca7670b482">
      <Execution id="95f4e245-6ce7-450a-981f-504ac73a9c8a" />
      <TestMethod codeBase="F:\ETWork\bin\Tests\UnitTests.iCore.Common.dll" adapterTypeName="Microsoft.VisualStudio.TestTools.TestTypes.Unit.UnitTestAdapter" className="UnitTests.iCore.Common.CryptoTransformFactoryImplTests" name="GetDecryptionCryptoTransform_ValidKeyAndIV_Success" />
    </UnitTest>
    <UnitTest name="KeySizeInBytes_Version1_Returns32" storage="f:\etwork\bin\tests\unittests.icore.common.dll" id="a4b9acb1-c47e-044c-d8b2-28cd649d70d0">
      <Execution id="35f37535-a046-4e9e-b11b-dedec5fffca3" />
      <TestMethod codeBase="F:\ETWork\bin\Tests\UnitTests.iCore.Common.dll" adapterTypeName="Microsoft.VisualStudio.TestTools.TestTypes.Unit.UnitTestAdapter" className="UnitTests.iCore.Common.CryptoTransformFactoryImplTests" name="KeySizeInBytes_Version1_Returns32" />
    </UnitTest>
    <UnitTest name="CustomAttributeTableType_MultipleCallsToMappingOfType_TypeIsMappedOnlyOnce" storage="f:\etwork\bin\tests\unittests.icore.common.dll" id="97fa1f2b-b321-84f1-e428-6c7db0166a96">
      <Execution id="31a6aac2-2558-4c47-9efc-d75854e2af2f" />
      <TestMethod codeBase="F:\ETWork\bin\Tests\UnitTests.iCore.Common.dll" adapterTypeName="Microsoft.VisualStudio.TestTools.TestTypes.Unit.UnitTestAdapter" className="UnitTests.iCore.Common.CustomAttributeTableReflectionContextTests" name="CustomAttributeTableType_MultipleCallsToMappingOfType_TypeIsMappedOnlyOnce" />
    </UnitTest>
    <UnitTest name="CustomAttributeTableType_GetDefaultCustomAttribute_ClassIsDecoratedWithCustomAttribute" storage="f:\etwork\bin\tests\unittests.icore.common.dll" id="b0d8d9e3-06e8-7d3c-ffb3-c667b64d8cbc">
      <Execution id="c7e7e255-f24b-4785-aecd-ff03a5cc164d" />
      <TestMethod codeBase="F:\ETWork\bin\Tests\UnitTests.iCore.Common.dll" adapterTypeName="Microsoft.VisualStudio.TestTools.TestTypes.Unit.UnitTestAdapter" className="UnitTests.iCore.Common.CustomAttributeTableReflectionContextTests" name="CustomAttributeTableType_GetDefaultCustomAttribute_ClassIsDecoratedWithCustomAttribute" />
    </UnitTest>
    <UnitTest name="CustomAttributeTableType_AddCustomAttributeToType_TypeIsDecoratedWithAddedAttribute" storage="f:\etwork\bin\tests\unittests.icore.common.dll" id="360f83f3-275a-2794-a9b3-af66907cdc92">
      <Execution id="29611190-d1c6-4cb4-bf9e-42da00a3ead5" />
      <TestMethod codeBase="F:\ETWork\bin\Tests\UnitTests.iCore.Common.dll" adapterTypeName="Microsoft.VisualStudio.TestTools.TestTypes.Unit.UnitTestAdapter" className="UnitTests.iCore.Common.CustomAttributeTableReflectionContextTests" name="CustomAttributeTableType_AddCustomAttributeToType_TypeIsDecoratedWithAddedAttribute" />
    </UnitTest>
    <UnitTest name="CustomAttributeTableType_AddCustomAttributeToTypeWithADefaultDecoratedAttribute_TypeIsDecoratedWithBothDefaultAndAddedCustomeAttribute" storage="f:\etwork\bin\tests\unittests.icore.common.dll" id="33472f7c-1b67-8e04-57f1-d8671a632c60">
      <Execution id="b84011ac-2f98-4c16-88c3-9ed62cfce09b" />
      <TestMethod codeBase="F:\ETWork\bin\Tests\UnitTests.iCore.Common.dll" adapterTypeName="Microsoft.VisualStudio.TestTools.TestTypes.Unit.UnitTestAdapter" className="UnitTests.iCore.Common.CustomAttributeTableReflectionContextTests" name="CustomAttributeTableType_AddCustomAttributeToTypeWithADefaultDecoratedAttribute_TypeIsDecoratedWithBothDefaultAndAddedCustomeAttribute" />
    </UnitTest>
    <UnitTest name="CustomAttributeTableType_GetCustomAttributeWithoutAttributeTypeName_ArgumentNullExceptionIsThrown" storage="f:\etwork\bin\tests\unittests.icore.common.dll" id="29b86586-1d81-6c5f-33ad-6774dfb69d37">
      <Execution id="ecd8b443-a50d-4ff2-adda-834e580b6a3f" />
      <TestMethod codeBase="F:\ETWork\bin\Tests\UnitTests.iCore.Common.dll" adapterTypeName="Microsoft.VisualStudio.TestTools.TestTypes.Unit.UnitTestAdapter" className="UnitTests.iCore.Common.CustomAttributeTableReflectionContextTests" name="CustomAttributeTableType_GetCustomAttributeWithoutAttributeTypeName_ArgumentNullExceptionIsThrown" />
    </UnitTest>
    <UnitTest name="CustomAttributeTableType_GetDefaultPropertyCustomAttribute_PropertyIsDecoratedWithDefaultCustomAttribute" storage="f:\etwork\bin\tests\unittests.icore.common.dll" id="dfb7118c-5ecd-1f76-7abf-a300c978f9cb">
      <Execution id="af259188-6278-4b61-8f02-582faada0c84" />
      <TestMethod codeBase="F:\ETWork\bin\Tests\UnitTests.iCore.Common.dll" adapterTypeName="Microsoft.VisualStudio.TestTools.TestTypes.Unit.UnitTestAdapter" className="UnitTests.iCore.Common.CustomAttributeTableReflectionContextTests" name="CustomAttributeTableType_GetDefaultPropertyCustomAttribute_PropertyIsDecoratedWithDefaultCustomAttribute" />
    </UnitTest>
    <UnitTest name="CustomAttributeTableReflectionContextTest_GetDefaultAndAddedCustomAttribute_PropertyIsDecoratedWithBothDefaultAndAddedCustomAttribute" storage="f:\etwork\bin\tests\unittests.icore.common.dll" id="b5f7a35a-13eb-e195-ac80-f436c5e317c1">
      <Execution id="8b24b256-77da-476d-ad84-7670aab5b8e1" />
      <TestMethod codeBase="F:\ETWork\bin\Tests\UnitTests.iCore.Common.dll" adapterTypeName="Microsoft.VisualStudio.TestTools.TestTypes.Unit.UnitTestAdapter" className="UnitTests.iCore.Common.CustomAttributeTableReflectionContextTests" name="CustomAttributeTableReflectionContextTest_GetDefaultAndAddedCustomAttribute_PropertyIsDecoratedWithBothDefaultAndAddedCustomAttribute" />
    </UnitTest>
    <UnitTest name="CustomAttributeTableReflectionContextTest_InvokingGetProperties_PropertiesAreDecoratedWithCustomAttributes" storage="f:\etwork\bin\tests\unittests.icore.common.dll" id="20c570ee-a4ac-6f2e-c766-86a7f9b73fd0">
      <Execution id="0e3e6625-ff50-4348-85c2-d08565a247a6" />
      <TestMethod codeBase="F:\ETWork\bin\Tests\UnitTests.iCore.Common.dll" adapterTypeName="Microsoft.VisualStudio.TestTools.TestTypes.Unit.UnitTestAdapter" className="UnitTests.iCore.Common.CustomAttributeTableReflectionContextTests" name="CustomAttributeTableReflectionContextTest_InvokingGetProperties_PropertiesAreDecoratedWithCustomAttributes" />
    </UnitTest>
    <UnitTest name="CustomAttributeTableReflectionContextTest_InvokingGetMembers_PropertiesAreDecoratedWithCustomAttributes" storage="f:\etwork\bin\tests\unittests.icore.common.dll" id="07c822d0-358d-c1df-709f-636eaa649ca9">
      <Execution id="ddc63a21-31e8-4ee8-81c7-5533b24fdb86" />
      <TestMethod codeBase="F:\ETWork\bin\Tests\UnitTests.iCore.Common.dll" adapterTypeName="Microsoft.VisualStudio.TestTools.TestTypes.Unit.UnitTestAdapter" className="UnitTests.iCore.Common.CustomAttributeTableReflectionContextTests" name="CustomAttributeTableReflectionContextTest_InvokingGetMembers_PropertiesAreDecoratedWithCustomAttributes" />
    </UnitTest>
    <UnitTest name="CustomAttributeTableReflectionContextTest_InvokingGetMember_PropertiesAreDecoratedWithCustomAttributes" storage="f:\etwork\bin\tests\unittests.icore.common.dll" id="2e08b9f6-683f-cc7a-0a0a-7c528444ffbb">
      <Execution id="7d6e1c5d-986a-4171-a19f-3a2ec1b26a3c" />
      <TestMethod codeBase="F:\ETWork\bin\Tests\UnitTests.iCore.Common.dll" adapterTypeName="Microsoft.VisualStudio.TestTools.TestTypes.Unit.UnitTestAdapter" className="UnitTests.iCore.Common.CustomAttributeTableReflectionContextTests" name="CustomAttributeTableReflectionContextTest_InvokingGetMember_PropertiesAreDecoratedWithCustomAttributes" />
    </UnitTest>
    <UnitTest name="CustomAttributeTableReflectionContextTest_InvokingGetMember2_PropertiesAreDecoratedWithCustomAttributes" storage="f:\etwork\bin\tests\unittests.icore.common.dll" id="9e70a018-4e73-b073-cb8d-9eefb56d368d">
      <Execution id="3fefc056-a004-4296-8ad2-54fc6b0ddd75" />
      <TestMethod codeBase="F:\ETWork\bin\Tests\UnitTests.iCore.Common.dll" adapterTypeName="Microsoft.VisualStudio.TestTools.TestTypes.Unit.UnitTestAdapter" className="UnitTests.iCore.Common.CustomAttributeTableReflectionContextTests" name="CustomAttributeTableReflectionContextTest_InvokingGetMember2_PropertiesAreDecoratedWithCustomAttributes" />
    </UnitTest>
    <UnitTest name="CustomAttributeTableReflectionContextTest_NestedTypeIsReturnedCorrectlyAsMappedType" storage="f:\etwork\bin\tests\unittests.icore.common.dll" id="92c3407e-7b78-3b28-bcbe-9ed64622b1b1">
      <Execution id="2ef064c5-0fd3-4ac4-8932-5338613fda8f" />
      <TestMethod codeBase="F:\ETWork\bin\Tests\UnitTests.iCore.Common.dll" adapterTypeName="Microsoft.VisualStudio.TestTools.TestTypes.Unit.UnitTestAdapter" className="UnitTests.iCore.Common.CustomAttributeTableReflectionContextTests" name="CustomAttributeTableReflectionContextTest_NestedTypeIsReturnedCorrectlyAsMappedType" />
    </UnitTest>
    <UnitTest name="CustomAttributeTableReflectionContextTest_PropertysDeclaringTypeIsReturnedCorrectlyAsMappedType" storage="f:\etwork\bin\tests\unittests.icore.common.dll" id="8d41bc97-cd13-9b56-10ff-adb78abdf343">
      <Execution id="9794337e-f82e-4b19-900c-088652a9f210" />
      <TestMethod codeBase="F:\ETWork\bin\Tests\UnitTests.iCore.Common.dll" adapterTypeName="Microsoft.VisualStudio.TestTools.TestTypes.Unit.UnitTestAdapter" className="UnitTests.iCore.Common.CustomAttributeTableReflectionContextTests" name="CustomAttributeTableReflectionContextTest_PropertysDeclaringTypeIsReturnedCorrectlyAsMappedType" />
    </UnitTest>
    <UnitTest name="CustomAttributeTableReflectionContextTest_FieldWithRelatedPropertyReturnsCorrectIsDefinedResults" storage="f:\etwork\bin\tests\unittests.icore.common.dll" id="910639b5-2a77-f87d-3edf-6486026829b4">
      <Execution id="fb25d7cf-2f18-479b-9dc4-79945b3192a0" />
      <TestMethod codeBase="F:\ETWork\bin\Tests\UnitTests.iCore.Common.dll" adapterTypeName="Microsoft.VisualStudio.TestTools.TestTypes.Unit.UnitTestAdapter" className="UnitTests.iCore.Common.CustomAttributeTableReflectionContextTests" name="CustomAttributeTableReflectionContextTest_FieldWithRelatedPropertyReturnsCorrectIsDefinedResults" />
    </UnitTest>
    <UnitTest name="CustomAttributeTableReflectionContextTest_FieldWithRelatedPropertyReturnsCorrectProperties" storage="f:\etwork\bin\tests\unittests.icore.common.dll" id="d68d2ff9-938d-c2a5-10d6-06c495731ad5">
      <Execution id="e854d5e0-48a3-41aa-8653-afd7a7aa4a2b" />
      <TestMethod codeBase="F:\ETWork\bin\Tests\UnitTests.iCore.Common.dll" adapterTypeName="Microsoft.VisualStudio.TestTools.TestTypes.Unit.UnitTestAdapter" className="UnitTests.iCore.Common.CustomAttributeTableReflectionContextTests" name="CustomAttributeTableReflectionContextTest_FieldWithRelatedPropertyReturnsCorrectProperties" />
    </UnitTest>
    <UnitTest name="CustomAttributeTableReflectionContextTest_AssigningCustomAttributeToMethodParameter_ValidParameterCustomAttributesAreReturnedWhenRequested" storage="f:\etwork\bin\tests\unittests.icore.common.dll" id="6dff7eb6-cd90-84eb-d55e-130162d394ef">
      <Execution id="733915d9-a514-4e26-9109-996a86a3dc68" />
      <TestMethod codeBase="F:\ETWork\bin\Tests\UnitTests.iCore.Common.dll" adapterTypeName="Microsoft.VisualStudio.TestTools.TestTypes.Unit.UnitTestAdapter" className="UnitTests.iCore.Common.CustomAttributeTableReflectionContextTests" name="CustomAttributeTableReflectionContextTest_AssigningCustomAttributeToMethodParameter_ValidParameterCustomAttributesAreReturnedWhenRequested" />
    </UnitTest>
    <UnitTest name="CustomAttributeTableReflectionContextTest_AssigningUniqueCustomAttributeToEachMethodParameters_ValidParameterCustomAttributeAreReturnedWhenRequested" storage="f:\etwork\bin\tests\unittests.icore.common.dll" id="cfb8dcd1-2843-0616-8cc4-79811fea08cd">
      <Execution id="ccdbbb1d-d718-46af-a3b8-4b47629d6858" />
      <TestMethod codeBase="F:\ETWork\bin\Tests\UnitTests.iCore.Common.dll" adapterTypeName="Microsoft.VisualStudio.TestTools.TestTypes.Unit.UnitTestAdapter" className="UnitTests.iCore.Common.CustomAttributeTableReflectionContextTests" name="CustomAttributeTableReflectionContextTest_AssigningUniqueCustomAttributeToEachMethodParameters_ValidParameterCustomAttributeAreReturnedWhenRequested" />
    </UnitTest>
    <UnitTest name="CustomAttributeTableReflectionContextTest_AssigningCustomAttributeToMethodParameter_CustomAttributeIsDefinedForParameter" storage="f:\etwork\bin\tests\unittests.icore.common.dll" id="1ca326c0-34a2-7c78-4e2a-8ccf1c67cab8">
      <Execution id="cad7e779-d058-4def-973c-8145e82a2c5e" />
      <TestMethod codeBase="F:\ETWork\bin\Tests\UnitTests.iCore.Common.dll" adapterTypeName="Microsoft.VisualStudio.TestTools.TestTypes.Unit.UnitTestAdapter" className="UnitTests.iCore.Common.CustomAttributeTableReflectionContextTests" name="CustomAttributeTableReflectionContextTest_AssigningCustomAttributeToMethodParameter_CustomAttributeIsDefinedForParameter" />
    </UnitTest>
    <UnitTest name="CustomAttributeTableReflectionContextTest_AssigningCustomAttributeToOverLoadedMethodParameter_CustomAttributeIsDefinedForCorrentMethodParameterInfo" storage="f:\etwork\bin\tests\unittests.icore.common.dll" id="6435bba3-d6d3-7a62-48a9-07a8d44cffcd">
      <Execution id="5f0bf5a4-5728-48bc-96e5-2950ed2d3bde" />
      <TestMethod codeBase="F:\ETWork\bin\Tests\UnitTests.iCore.Common.dll" adapterTypeName="Microsoft.VisualStudio.TestTools.TestTypes.Unit.UnitTestAdapter" className="UnitTests.iCore.Common.CustomAttributeTableReflectionContextTests" name="CustomAttributeTableReflectionContextTest_AssigningCustomAttributeToOverLoadedMethodParameter_CustomAttributeIsDefinedForCorrentMethodParameterInfo" />
    </UnitTest>
    <UnitTest name="Min_Date1EqualsDate2_ReturnsDate1" storage="f:\etwork\bin\tests\unittests.icore.common.dll" id="85618f89-e58d-fea0-bbc4-3de083c87418">
      <Execution id="4db1584a-c998-46ca-8e1a-ebfff8c8739d" />
      <TestMethod codeBase="F:\ETWork\bin\Tests\UnitTests.iCore.Common.dll" adapterTypeName="Microsoft.VisualStudio.TestTools.TestTypes.Unit.UnitTestAdapter" className="UnitTests.iCore.Common.DateTimeUtilityTests" name="Min_Date1EqualsDate2_ReturnsDate1" />
    </UnitTest>
    <UnitTest name="Min_Date1EqualsDate2_ReturnsDate2" storage="f:\etwork\bin\tests\unittests.icore.common.dll" id="8b7b9f42-69c3-1045-d526-9d1ad3748dbd">
      <Execution id="283bec5c-bbbf-46c9-a70b-4c8ccaec686c" />
      <TestMethod codeBase="F:\ETWork\bin\Tests\UnitTests.iCore.Common.dll" adapterTypeName="Microsoft.VisualStudio.TestTools.TestTypes.Unit.UnitTestAdapter" className="UnitTests.iCore.Common.DateTimeUtilityTests" name="Min_Date1EqualsDate2_ReturnsDate2" />
    </UnitTest>
    <UnitTest name="Min_Date1IsLessThanDate2_ReturnsDate1" storage="f:\etwork\bin\tests\unittests.icore.common.dll" id="9d41d46b-3f0e-9c8a-91a7-a73801101169">
      <Execution id="5478c766-502d-4242-a05c-a7946e388161" />
      <TestMethod codeBase="F:\ETWork\bin\Tests\UnitTests.iCore.Common.dll" adapterTypeName="Microsoft.VisualStudio.TestTools.TestTypes.Unit.UnitTestAdapter" className="UnitTests.iCore.Common.DateTimeUtilityTests" name="Min_Date1IsLessThanDate2_ReturnsDate1" />
    </UnitTest>
    <UnitTest name="Min_Date1IsGreaterThanDate2_RetursDate2" storage="f:\etwork\bin\tests\unittests.icore.common.dll" id="8645477e-206d-2dfd-c43d-816b04f16f45">
      <Execution id="8bf104cc-8fbd-4fbe-b6e7-9f5b6db3401f" />
      <TestMethod codeBase="F:\ETWork\bin\Tests\UnitTests.iCore.Common.dll" adapterTypeName="Microsoft.VisualStudio.TestTools.TestTypes.Unit.UnitTestAdapter" className="UnitTests.iCore.Common.DateTimeUtilityTests" name="Min_Date1IsGreaterThanDate2_RetursDate2" />
    </UnitTest>
    <UnitTest name="Min_Date1IsNull_ReturnsDate2" storage="f:\etwork\bin\tests\unittests.icore.common.dll" id="c43a1d06-6944-94fe-1244-90da98eea20e">
      <Execution id="4140c046-8967-473d-b1be-4751fb8b1fb2" />
      <TestMethod codeBase="F:\ETWork\bin\Tests\UnitTests.iCore.Common.dll" adapterTypeName="Microsoft.VisualStudio.TestTools.TestTypes.Unit.UnitTestAdapter" className="UnitTests.iCore.Common.DateTimeUtilityTests" name="Min_Date1IsNull_ReturnsDate2" />
    </UnitTest>
    <UnitTest name="Min_Date2IsNull_ReturnsDate1" storage="f:\etwork\bin\tests\unittests.icore.common.dll" id="404234ba-6ade-6164-c83e-82b625d62846">
      <Execution id="9f454eb5-4318-46d4-992b-e1e8d90d05f4" />
      <TestMethod codeBase="F:\ETWork\bin\Tests\UnitTests.iCore.Common.dll" adapterTypeName="Microsoft.VisualStudio.TestTools.TestTypes.Unit.UnitTestAdapter" className="UnitTests.iCore.Common.DateTimeUtilityTests" name="Min_Date2IsNull_ReturnsDate1" />
    </UnitTest>
    <UnitTest name="Min_BoothDatesAreNull_ReturnsNullableWithNoValue" storage="f:\etwork\bin\tests\unittests.icore.common.dll" id="223de926-6104-2eec-31d8-48f1534f7ad6">
      <Execution id="d838ac4e-7560-47fe-a547-0f4c82f7589b" />
      <TestMethod codeBase="F:\ETWork\bin\Tests\UnitTests.iCore.Common.dll" adapterTypeName="Microsoft.VisualStudio.TestTools.TestTypes.Unit.UnitTestAdapter" className="UnitTests.iCore.Common.DateTimeUtilityTests" name="Min_BoothDatesAreNull_ReturnsNullableWithNoValue" />
    </UnitTest>
    <UnitTest name="Min_Date1IsNull_ReturnsNullableWithValue" storage="f:\etwork\bin\tests\unittests.icore.common.dll" id="5f2b119d-7f60-4e4f-a16e-db1f634c519b">
      <Execution id="c8d41bcd-8515-445f-978e-e2844679c2db" />
      <TestMethod codeBase="F:\ETWork\bin\Tests\UnitTests.iCore.Common.dll" adapterTypeName="Microsoft.VisualStudio.TestTools.TestTypes.Unit.UnitTestAdapter" className="UnitTests.iCore.Common.DateTimeUtilityTests" name="Min_Date1IsNull_ReturnsNullableWithValue" />
    </UnitTest>
    <UnitTest name="Min_Date2IsNull_ReturnsNullableWithValue" storage="f:\etwork\bin\tests\unittests.icore.common.dll" id="660e7e6d-43a9-8f71-2c43-ac819a9f4e4e">
      <Execution id="575752bc-40dd-4d8a-9a20-3a0fb9e96dc4" />
      <TestMethod codeBase="F:\ETWork\bin\Tests\UnitTests.iCore.Common.dll" adapterTypeName="Microsoft.VisualStudio.TestTools.TestTypes.Unit.UnitTestAdapter" className="UnitTests.iCore.Common.DateTimeUtilityTests" name="Min_Date2IsNull_ReturnsNullableWithValue" />
    </UnitTest>
    <UnitTest name="IsMultipleValuesSet_TypeArgumentIsNull_ThrowsException" storage="f:\etwork\bin\tests\unittests.icore.common.dll" id="104379d0-8a0a-db3e-8214-fde43c0e19ee">
      <Execution id="c2b47a89-fd8f-4499-92b1-08214387e31b" />
      <TestMethod codeBase="F:\ETWork\bin\Tests\UnitTests.iCore.Common.dll" adapterTypeName="Microsoft.VisualStudio.TestTools.TestTypes.Unit.UnitTestAdapter" className="UnitTests.iCore.Common.EnumHelperTests" name="IsMultipleValuesSet_TypeArgumentIsNull_ThrowsException" />
    </UnitTest>
    <UnitTest name="IsMultipleValuesSet_TypeArgumentIsNotEnum_ThrowsException" storage="f:\etwork\bin\tests\unittests.icore.common.dll" id="b3ba3ec7-c92a-df6b-f955-6e7f611dc51e">
      <Execution id="e88e5ff8-5b0f-4bd4-8a4a-6634be2a8d21" />
      <TestMethod codeBase="F:\ETWork\bin\Tests\UnitTests.iCore.Common.dll" adapterTypeName="Microsoft.VisualStudio.TestTools.TestTypes.Unit.UnitTestAdapter" className="UnitTests.iCore.Common.EnumHelperTests" name="IsMultipleValuesSet_TypeArgumentIsNotEnum_ThrowsException" />
    </UnitTest>
    <UnitTest name="IsMultipleValuesSet_EnumTypeNotMarkedWithFlagsAttribute_ThrowsException" storage="f:\etwork\bin\tests\unittests.icore.common.dll" id="63b3e93a-4ee4-4ff2-0afe-9633a052f998">
      <Execution id="6ddb74d6-eaa3-4760-bb17-c7db4b11c57a" />
      <TestMethod codeBase="F:\ETWork\bin\Tests\UnitTests.iCore.Common.dll" adapterTypeName="Microsoft.VisualStudio.TestTools.TestTypes.Unit.UnitTestAdapter" className="UnitTests.iCore.Common.EnumHelperTests" name="IsMultipleValuesSet_EnumTypeNotMarkedWithFlagsAttribute_ThrowsException" />
    </UnitTest>
    <UnitTest name="IsMultipleValuesSet_NoValueSet_ReturnsFalse" storage="f:\etwork\bin\tests\unittests.icore.common.dll" id="9e9b3f99-5e17-3397-02c1-087059a40f74">
      <Execution id="f9edf445-4bf8-441e-a6e8-e58929e4eb80" />
      <TestMethod codeBase="F:\ETWork\bin\Tests\UnitTests.iCore.Common.dll" adapterTypeName="Microsoft.VisualStudio.TestTools.TestTypes.Unit.UnitTestAdapter" className="UnitTests.iCore.Common.EnumHelperTests" name="IsMultipleValuesSet_NoValueSet_ReturnsFalse" />
    </UnitTest>
    <UnitTest name="IsMultipleValuesSet_OneValueSet_ReturnsFalse" storage="f:\etwork\bin\tests\unittests.icore.common.dll" id="23db293f-0771-2a10-881a-2572a53b691c">
      <Execution id="8dd4ea34-7e12-43ec-9810-99a44f82d0f5" />
      <TestMethod codeBase="F:\ETWork\bin\Tests\UnitTests.iCore.Common.dll" adapterTypeName="Microsoft.VisualStudio.TestTools.TestTypes.Unit.UnitTestAdapter" className="UnitTests.iCore.Common.EnumHelperTests" name="IsMultipleValuesSet_OneValueSet_ReturnsFalse" />
    </UnitTest>
    <UnitTest name="IsMultipleValuesSet_TwoValueSet_ReturnsTrue" storage="f:\etwork\bin\tests\unittests.icore.common.dll" id="860307f9-51b1-9df4-af7b-959208178bf3">
      <Execution id="9d04f497-41c6-40cc-8bfb-500e86391030" />
      <TestMethod codeBase="F:\ETWork\bin\Tests\UnitTests.iCore.Common.dll" adapterTypeName="Microsoft.VisualStudio.TestTools.TestTypes.Unit.UnitTestAdapter" className="UnitTests.iCore.Common.EnumHelperTests" name="IsMultipleValuesSet_TwoValueSet_ReturnsTrue" />
    </UnitTest>
    <UnitTest name="IsMultipleValuesSet_ValueNotSpecifiedByEnumSet_ReturnsFalse" storage="f:\etwork\bin\tests\unittests.icore.common.dll" id="df5119d1-0a79-c736-a5c6-a47e76eeff48">
      <Execution id="c5b119a4-7aa0-4c87-a1c6-927d875025d7" />
      <TestMethod codeBase="F:\ETWork\bin\Tests\UnitTests.iCore.Common.dll" adapterTypeName="Microsoft.VisualStudio.TestTools.TestTypes.Unit.UnitTestAdapter" className="UnitTests.iCore.Common.EnumHelperTests" name="IsMultipleValuesSet_ValueNotSpecifiedByEnumSet_ReturnsFalse" />
    </UnitTest>
    <UnitTest name="AreIntersected_ArgNotOfSameType_Throws" storage="f:\etwork\bin\tests\unittests.icore.common.dll" id="d8d39bf6-01f4-b933-39c8-1652bb12637f">
      <Execution id="992485f4-43d2-42ce-b003-35a609ec1819" />
      <TestMethod codeBase="F:\ETWork\bin\Tests\UnitTests.iCore.Common.dll" adapterTypeName="Microsoft.VisualStudio.TestTools.TestTypes.Unit.UnitTestAdapter" className="UnitTests.iCore.Common.EnumHelperTests" name="AreIntersected_ArgNotOfSameType_Throws" />
    </UnitTest>
    <UnitTest name="AreIntersected_EnumWithoutFlagsSameValue_Throws" storage="f:\etwork\bin\tests\unittests.icore.common.dll" id="e2adb234-95ea-2c40-0dd9-a6d28b87a104">
      <Execution id="a1b7eda1-da53-4c16-82e9-ce7c6ac8586d" />
      <TestMethod codeBase="F:\ETWork\bin\Tests\UnitTests.iCore.Common.dll" adapterTypeName="Microsoft.VisualStudio.TestTools.TestTypes.Unit.UnitTestAdapter" className="UnitTests.iCore.Common.EnumHelperTests" name="AreIntersected_EnumWithoutFlagsSameValue_Throws" />
    </UnitTest>
    <UnitTest name="AreIntersected_EnumWithoutFlagsNotSameValue_Throws" storage="f:\etwork\bin\tests\unittests.icore.common.dll" id="9131b822-0267-6571-8a0f-ff0516661956">
      <Execution id="f7ea7a28-8bd0-4268-aba9-0ac89062bb11" />
      <TestMethod codeBase="F:\ETWork\bin\Tests\UnitTests.iCore.Common.dll" adapterTypeName="Microsoft.VisualStudio.TestTools.TestTypes.Unit.UnitTestAdapter" className="UnitTests.iCore.Common.EnumHelperTests" name="AreIntersected_EnumWithoutFlagsNotSameValue_Throws" />
    </UnitTest>
    <UnitTest name="AreIntersected_NoValuesSetInEither_ReturnsFalse" storage="f:\etwork\bin\tests\unittests.icore.common.dll" id="f37cf62f-d1d8-3bc2-f22f-3e2c81c7bec2">
      <Execution id="d4ade6a8-fd74-4232-b49a-87eb6fe6efca" />
      <TestMethod codeBase="F:\ETWork\bin\Tests\UnitTests.iCore.Common.dll" adapterTypeName="Microsoft.VisualStudio.TestTools.TestTypes.Unit.UnitTestAdapter" className="UnitTests.iCore.Common.EnumHelperTests" name="AreIntersected_NoValuesSetInEither_ReturnsFalse" />
    </UnitTest>
    <UnitTest name="AreIntersected_NoValuesSetInFirstArg_ReturnsFalse" storage="f:\etwork\bin\tests\unittests.icore.common.dll" id="4d5861a0-0ba9-4ace-9b44-e42788101a71">
      <Execution id="fbd80267-4032-42f4-9c3b-e6e149c1b3f4" />
      <TestMethod codeBase="F:\ETWork\bin\Tests\UnitTests.iCore.Common.dll" adapterTypeName="Microsoft.VisualStudio.TestTools.TestTypes.Unit.UnitTestAdapter" className="UnitTests.iCore.Common.EnumHelperTests" name="AreIntersected_NoValuesSetInFirstArg_ReturnsFalse" />
    </UnitTest>
    <UnitTest name="AreIntersected_NoValuesSetInSecondArg_ReturnsFalse" storage="f:\etwork\bin\tests\unittests.icore.common.dll" id="36ec0ee8-2135-63b4-cb94-a94dfa1cf30c">
      <Execution id="8edc0302-3fef-4454-a244-4151465ac2de" />
      <TestMethod codeBase="F:\ETWork\bin\Tests\UnitTests.iCore.Common.dll" adapterTypeName="Microsoft.VisualStudio.TestTools.TestTypes.Unit.UnitTestAdapter" className="UnitTests.iCore.Common.EnumHelperTests" name="AreIntersected_NoValuesSetInSecondArg_ReturnsFalse" />
    </UnitTest>
    <UnitTest name="AreIntersected_NotIntersected_ReturnsFalse" storage="f:\etwork\bin\tests\unittests.icore.common.dll" id="cc214f3b-579b-7043-b857-193cc9812d7c">
      <Execution id="6316f3e6-8374-4206-a320-740e3758ef15" />
      <TestMethod codeBase="F:\ETWork\bin\Tests\UnitTests.iCore.Common.dll" adapterTypeName="Microsoft.VisualStudio.TestTools.TestTypes.Unit.UnitTestAdapter" className="UnitTests.iCore.Common.EnumHelperTests" name="AreIntersected_NotIntersected_ReturnsFalse" />
    </UnitTest>
    <UnitTest name="AreIntersected_AreIntersectedWithOneValue_ReturnsTrue" storage="f:\etwork\bin\tests\unittests.icore.common.dll" id="c41b0891-e4f8-8a37-14e3-b6567bb21ea7">
      <Execution id="75be2c4c-7902-46f1-842c-63246a2d04d3" />
      <TestMethod codeBase="F:\ETWork\bin\Tests\UnitTests.iCore.Common.dll" adapterTypeName="Microsoft.VisualStudio.TestTools.TestTypes.Unit.UnitTestAdapter" className="UnitTests.iCore.Common.EnumHelperTests" name="AreIntersected_AreIntersectedWithOneValue_ReturnsTrue" />
    </UnitTest>
    <UnitTest name="AreIntersected_AreIntersectedWithTwoValues_ReturnsTrue" storage="f:\etwork\bin\tests\unittests.icore.common.dll" id="2f4fd20e-b1e1-56c1-bc93-b70069fbd3ae">
      <Execution id="7999f5c3-d93b-4237-8213-d061da1ab5b4" />
      <TestMethod codeBase="F:\ETWork\bin\Tests\UnitTests.iCore.Common.dll" adapterTypeName="Microsoft.VisualStudio.TestTools.TestTypes.Unit.UnitTestAdapter" className="UnitTests.iCore.Common.EnumHelperTests" name="AreIntersected_AreIntersectedWithTwoValues_ReturnsTrue" />
    </UnitTest>
    <UnitTest name="AreIntersected_AreIntersectedSameValue1_ReturnsTrue" storage="f:\etwork\bin\tests\unittests.icore.common.dll" id="dd0c2ebb-2e33-e72d-62c4-0047cfb148b6">
      <Execution id="8bfa4720-c9a7-47f5-82c4-83ecfc313f86" />
      <TestMethod codeBase="F:\ETWork\bin\Tests\UnitTests.iCore.Common.dll" adapterTypeName="Microsoft.VisualStudio.TestTools.TestTypes.Unit.UnitTestAdapter" className="UnitTests.iCore.Common.EnumHelperTests" name="AreIntersected_AreIntersectedSameValue1_ReturnsTrue" />
    </UnitTest>
    <UnitTest name="AreIntersected_AreIntersectedSameValue2_ReturnsTrue" storage="f:\etwork\bin\tests\unittests.icore.common.dll" id="24684fe1-81f8-157e-d789-0efd3cecbc85">
      <Execution id="89279d50-9b38-4bfe-afb1-ace1775e27a2" />
      <TestMethod codeBase="F:\ETWork\bin\Tests\UnitTests.iCore.Common.dll" adapterTypeName="Microsoft.VisualStudio.TestTools.TestTypes.Unit.UnitTestAdapter" className="UnitTests.iCore.Common.EnumHelperTests" name="AreIntersected_AreIntersectedSameValue2_ReturnsTrue" />
    </UnitTest>
    <UnitTest name="AreIntersected_AreIntersectedSameValue3_ReturnsTrue" storage="f:\etwork\bin\tests\unittests.icore.common.dll" id="1f8e2ae3-6f1c-4b99-bcaf-96174402c73c">
      <Execution id="8e6cd0b1-bc54-4116-b8bd-48ba1a593758" />
      <TestMethod codeBase="F:\ETWork\bin\Tests\UnitTests.iCore.Common.dll" adapterTypeName="Microsoft.VisualStudio.TestTools.TestTypes.Unit.UnitTestAdapter" className="UnitTests.iCore.Common.EnumHelperTests" name="AreIntersected_AreIntersectedSameValue3_ReturnsTrue" />
    </UnitTest>
    <UnitTest name="Constructor_NoDateAndSize_FilePropetiesIsNullIsTrue" storage="f:\etwork\bin\tests\unittests.icore.common.dll" id="1518740b-d247-bb46-8842-7c86e3fe9f8c">
      <TestCategory>
        <TestCategoryItem TestCategory="ImportTest" />
      </TestCategory>
      <Execution id="859c8ea9-ade1-49a4-957a-7963b052bc33" />
      <TestMethod codeBase="F:\ETWork\bin\Tests\UnitTests.iCore.Common.dll" adapterTypeName="Microsoft.VisualStudio.TestTools.TestTypes.Unit.UnitTestAdapter" className="UnitTests.iCore.Common.FileInfoBaseTests" name="Constructor_NoDateAndSize_FilePropetiesIsNullIsTrue" />
    </UnitTest>
    <UnitTest name="Constructor_WithDateAndSize_FilePropetiesIsNullIsFalse" storage="f:\etwork\bin\tests\unittests.icore.common.dll" id="807d5ad7-0b9b-1b73-91f7-ba0755787662">
      <TestCategory>
        <TestCategoryItem TestCategory="ImportTest" />
      </TestCategory>
      <Execution id="3b7ad617-ed83-4ea3-b4a2-1e2ed457fe29" />
      <TestMethod codeBase="F:\ETWork\bin\Tests\UnitTests.iCore.Common.dll" adapterTypeName="Microsoft.VisualStudio.TestTools.TestTypes.Unit.UnitTestAdapter" className="UnitTests.iCore.Common.FileInfoBaseTests" name="Constructor_WithDateAndSize_FilePropetiesIsNullIsFalse" />
    </UnitTest>
    <UnitTest name="SetProperties_NoInitialDateAndSize_FilePropetiesIsNullIsFalse" storage="f:\etwork\bin\tests\unittests.icore.common.dll" id="1116a7d6-4bda-0685-ba5f-9c426c11f491">
      <TestCategory>
        <TestCategoryItem TestCategory="ImportTest" />
      </TestCategory>
      <Execution id="291848d1-0cdd-43ea-9caa-6164dbb01983" />
      <TestMethod codeBase="F:\ETWork\bin\Tests\UnitTests.iCore.Common.dll" adapterTypeName="Microsoft.VisualStudio.TestTools.TestTypes.Unit.UnitTestAdapter" className="UnitTests.iCore.Common.FileInfoBaseTests" name="SetProperties_NoInitialDateAndSize_FilePropetiesIsNullIsFalse" />
    </UnitTest>
    <UnitTest name="SetProperties_NoInitialDateAndSize_DateIsSet" storage="f:\etwork\bin\tests\unittests.icore.common.dll" id="0a79f743-0898-3258-1664-0fce07d4db87">
      <Execution id="475c3abc-813d-46f1-a0bf-35e2d90f8067" />
      <TestMethod codeBase="F:\ETWork\bin\Tests\UnitTests.iCore.Common.dll" adapterTypeName="Microsoft.VisualStudio.TestTools.TestTypes.Unit.UnitTestAdapter" className="UnitTests.iCore.Common.FileInfoBaseTests" name="SetProperties_NoInitialDateAndSize_DateIsSet" />
    </UnitTest>
    <UnitTest name="SetProperties_NoInitialDateAndSize_SizeIsSet" storage="f:\etwork\bin\tests\unittests.icore.common.dll" id="75f6d832-b308-86d5-4cfc-4fbcd8529417">
      <Execution id="094b6110-2150-44dc-845f-58c5f74f2829" />
      <TestMethod codeBase="F:\ETWork\bin\Tests\UnitTests.iCore.Common.dll" adapterTypeName="Microsoft.VisualStudio.TestTools.TestTypes.Unit.UnitTestAdapter" className="UnitTests.iCore.Common.FileInfoBaseTests" name="SetProperties_NoInitialDateAndSize_SizeIsSet" />
    </UnitTest>
    <UnitTest name="SetProperties_InitialDateAndSize_DateIsOverwritten" storage="f:\etwork\bin\tests\unittests.icore.common.dll" id="d4503c68-78a9-ffea-8a7f-cd71860ee03f">
      <Execution id="f397d7d0-38ea-49ad-ab6f-f37b8f18c291" />
      <TestMethod codeBase="F:\ETWork\bin\Tests\UnitTests.iCore.Common.dll" adapterTypeName="Microsoft.VisualStudio.TestTools.TestTypes.Unit.UnitTestAdapter" className="UnitTests.iCore.Common.FileInfoBaseTests" name="SetProperties_InitialDateAndSize_DateIsOverwritten" />
    </UnitTest>
    <UnitTest name="SetProperties_InitialDateAndSize_SizeIsOverwritten" storage="f:\etwork\bin\tests\unittests.icore.common.dll" id="2de825d4-0c5d-beb5-bac4-14c7544d93a5">
      <Execution id="3e88db4f-d372-4b63-a662-c82ce467bdda" />
      <TestMethod codeBase="F:\ETWork\bin\Tests\UnitTests.iCore.Common.dll" adapterTypeName="Microsoft.VisualStudio.TestTools.TestTypes.Unit.UnitTestAdapter" className="UnitTests.iCore.Common.FileInfoBaseTests" name="SetProperties_InitialDateAndSize_SizeIsOverwritten" />
    </UnitTest>
    <UnitTest name="Equals_DateAndSizeDiffers_ReturnsTrue" storage="f:\etwork\bin\tests\unittests.icore.common.dll" id="c7246ea0-0283-514a-3c36-fd5ed4bc683a">
      <Execution id="52871f9d-8aca-43d5-90f7-3023c28f5809" />
      <TestMethod codeBase="F:\ETWork\bin\Tests\UnitTests.iCore.Common.dll" adapterTypeName="Microsoft.VisualStudio.TestTools.TestTypes.Unit.UnitTestAdapter" className="UnitTests.iCore.Common.FileInfoBaseTests" name="Equals_DateAndSizeDiffers_ReturnsTrue" />
    </UnitTest>
    <UnitTest name="Equals_FileNamesDiffer_ReturnsFalse" storage="f:\etwork\bin\tests\unittests.icore.common.dll" id="445c70e3-ad80-0339-a75f-92d55a644ad5">
      <Execution id="635002f4-472e-4a90-b715-d7d4e31951fc" />
      <TestMethod codeBase="F:\ETWork\bin\Tests\UnitTests.iCore.Common.dll" adapterTypeName="Microsoft.VisualStudio.TestTools.TestTypes.Unit.UnitTestAdapter" className="UnitTests.iCore.Common.FileInfoBaseTests" name="Equals_FileNamesDiffer_ReturnsFalse" />
    </UnitTest>
    <UnitTest name="GetStatus_SizeAndDateAreSame_ReturnsUntouched" storage="f:\etwork\bin\tests\unittests.icore.common.dll" id="522a7cbe-4bb5-aabb-e611-e779b7eb308b">
      <Execution id="82df4041-32cb-40ca-944c-3e3575309ac5" />
      <TestMethod codeBase="F:\ETWork\bin\Tests\UnitTests.iCore.Common.dll" adapterTypeName="Microsoft.VisualStudio.TestTools.TestTypes.Unit.UnitTestAdapter" className="UnitTests.iCore.Common.FileInfoBaseTests" name="GetStatus_SizeAndDateAreSame_ReturnsUntouched" />
    </UnitTest>
    <UnitTest name="GetStatus_SizeDiffer_ReturnsTouched" storage="f:\etwork\bin\tests\unittests.icore.common.dll" id="be1bb932-989e-6471-360a-63b0963968b0">
      <Execution id="7771c249-4777-4b6f-b984-409e6bc82644" />
      <TestMethod codeBase="F:\ETWork\bin\Tests\UnitTests.iCore.Common.dll" adapterTypeName="Microsoft.VisualStudio.TestTools.TestTypes.Unit.UnitTestAdapter" className="UnitTests.iCore.Common.FileInfoBaseTests" name="GetStatus_SizeDiffer_ReturnsTouched" />
    </UnitTest>
    <UnitTest name="GetStatus_DateDiffer_ReturnsTouched" storage="f:\etwork\bin\tests\unittests.icore.common.dll" id="98a97890-5ed6-b926-143b-f25ef2bd4457">
      <Execution id="dd475432-5587-4ba9-84df-165c9f9b0442" />
      <TestMethod codeBase="F:\ETWork\bin\Tests\UnitTests.iCore.Common.dll" adapterTypeName="Microsoft.VisualStudio.TestTools.TestTypes.Unit.UnitTestAdapter" className="UnitTests.iCore.Common.FileInfoBaseTests" name="GetStatus_DateDiffer_ReturnsTouched" />
    </UnitTest>
    <UnitTest name="GetStatus_ArgumentIsNull_ThrowsException" storage="f:\etwork\bin\tests\unittests.icore.common.dll" id="8517a108-f428-eaca-eca1-95044bd37f0e">
      <Execution id="82efe584-c648-4a69-922b-1e60f9e7ef79" />
      <TestMethod codeBase="F:\ETWork\bin\Tests\UnitTests.iCore.Common.dll" adapterTypeName="Microsoft.VisualStudio.TestTools.TestTypes.Unit.UnitTestAdapter" className="UnitTests.iCore.Common.FileInfoBaseTests" name="GetStatus_ArgumentIsNull_ThrowsException" />
    </UnitTest>
    <UnitTest name="Update_ArgumentIsNull_ThrowsException" storage="f:\etwork\bin\tests\unittests.icore.common.dll" id="bb730be5-1419-11eb-6b3f-eec635a676a1">
      <Execution id="994ebec0-2719-4184-a77b-af9eb10bac42" />
      <TestMethod codeBase="F:\ETWork\bin\Tests\UnitTests.iCore.Common.dll" adapterTypeName="Microsoft.VisualStudio.TestTools.TestTypes.Unit.UnitTestAdapter" className="UnitTests.iCore.Common.FileInfoBaseTests" name="Update_ArgumentIsNull_ThrowsException" />
    </UnitTest>
    <UnitTest name="Update_SizeAndDateAreSame_ReturnsUntouched" storage="f:\etwork\bin\tests\unittests.icore.common.dll" id="4431dcfc-2ddc-c655-06b9-75d3ec27e75e">
      <Execution id="b2326fe3-3b38-474a-b580-21b9efc61ee1" />
      <TestMethod codeBase="F:\ETWork\bin\Tests\UnitTests.iCore.Common.dll" adapterTypeName="Microsoft.VisualStudio.TestTools.TestTypes.Unit.UnitTestAdapter" className="UnitTests.iCore.Common.FileInfoBaseTests" name="Update_SizeAndDateAreSame_ReturnsUntouched" />
    </UnitTest>
    <UnitTest name="Update_SizeDiffer_ReturnsTouched" storage="f:\etwork\bin\tests\unittests.icore.common.dll" id="e8bba3d0-9763-bf04-89d1-3be86681ed51">
      <Execution id="a74a589d-972c-4957-9fd9-1c09f4f2beb1" />
      <TestMethod codeBase="F:\ETWork\bin\Tests\UnitTests.iCore.Common.dll" adapterTypeName="Microsoft.VisualStudio.TestTools.TestTypes.Unit.UnitTestAdapter" className="UnitTests.iCore.Common.FileInfoBaseTests" name="Update_SizeDiffer_ReturnsTouched" />
    </UnitTest>
    <UnitTest name="Update_DateDiffer_ReturnsTouched" storage="f:\etwork\bin\tests\unittests.icore.common.dll" id="a583c5ca-7def-ea50-c9cb-6f748e924a1c">
      <Execution id="70a2dfaa-853d-4de5-8bde-4a15b6f1e0f2" />
      <TestMethod codeBase="F:\ETWork\bin\Tests\UnitTests.iCore.Common.dll" adapterTypeName="Microsoft.VisualStudio.TestTools.TestTypes.Unit.UnitTestAdapter" className="UnitTests.iCore.Common.FileInfoBaseTests" name="Update_DateDiffer_ReturnsTouched" />
    </UnitTest>
    <UnitTest name="Update_SizeDiffer_SizeIsUpdated" storage="f:\etwork\bin\tests\unittests.icore.common.dll" id="3f98fe05-41f7-e9fc-3ae2-cb7dfa2b59ef">
      <Execution id="2b3f99f7-08b3-4dbc-a93c-6c6ca146bc2d" />
      <TestMethod codeBase="F:\ETWork\bin\Tests\UnitTests.iCore.Common.dll" adapterTypeName="Microsoft.VisualStudio.TestTools.TestTypes.Unit.UnitTestAdapter" className="UnitTests.iCore.Common.FileInfoBaseTests" name="Update_SizeDiffer_SizeIsUpdated" />
    </UnitTest>
    <UnitTest name="Update_DateDiffer_DateIsUpdated" storage="f:\etwork\bin\tests\unittests.icore.common.dll" id="ceb62784-bad6-446e-537c-b799957a9883">
      <Execution id="4bada450-a986-43c8-ae1f-421be12c12e9" />
      <TestMethod codeBase="F:\ETWork\bin\Tests\UnitTests.iCore.Common.dll" adapterTypeName="Microsoft.VisualStudio.TestTools.TestTypes.Unit.UnitTestAdapter" className="UnitTests.iCore.Common.FileInfoBaseTests" name="Update_DateDiffer_DateIsUpdated" />
    </UnitTest>
    <UnitTest name="Add_ListIsEmpty_ReturnsOne" storage="f:\etwork\bin\tests\unittests.icore.common.dll" id="5380c26d-850a-a94d-3760-3116f72e89e1">
      <Execution id="0b798014-19df-4d4d-acd7-d79cfd815c0c" />
      <TestMethod codeBase="F:\ETWork\bin\Tests\UnitTests.iCore.Common.dll" adapterTypeName="Microsoft.VisualStudio.TestTools.TestTypes.Unit.UnitTestAdapter" className="UnitTests.iCore.Common.FileSettleTimeListTests" name="Add_ListIsEmpty_ReturnsOne" />
    </UnitTest>
    <UnitTest name="Add_ListIsEmptyAddSameFileTwice_ReturnsOne" storage="f:\etwork\bin\tests\unittests.icore.common.dll" id="53dc4bcb-76ff-7d4f-0af6-d9f1d13ffed3">
      <Execution id="019953cb-652d-4d89-9748-ac6f91be7898" />
      <TestMethod codeBase="F:\ETWork\bin\Tests\UnitTests.iCore.Common.dll" adapterTypeName="Microsoft.VisualStudio.TestTools.TestTypes.Unit.UnitTestAdapter" className="UnitTests.iCore.Common.FileSettleTimeListTests" name="Add_ListIsEmptyAddSameFileTwice_ReturnsOne" />
    </UnitTest>
    <UnitTest name="Add_ListIsEmptyBeginEndUpdateIsNotCalled_ReturnsZero" storage="f:\etwork\bin\tests\unittests.icore.common.dll" id="8c1bc56e-621b-34df-dd1d-53da652778e8">
      <Execution id="37ebb303-3238-4d77-a464-594b14f1597c" />
      <TestMethod codeBase="F:\ETWork\bin\Tests\UnitTests.iCore.Common.dll" adapterTypeName="Microsoft.VisualStudio.TestTools.TestTypes.Unit.UnitTestAdapter" className="UnitTests.iCore.Common.FileSettleTimeListTests" name="Add_ListIsEmptyBeginEndUpdateIsNotCalled_ReturnsZero" />
    </UnitTest>
    <UnitTest name="ProcessList_ListIsActive_ReturnsFalse" storage="f:\etwork\bin\tests\unittests.icore.common.dll" id="82709766-e215-7d88-0aa4-4d0d0d7dfa73">
      <Execution id="567c5907-9d6d-4a98-baf8-7930d5b68ee4" />
      <TestMethod codeBase="F:\ETWork\bin\Tests\UnitTests.iCore.Common.dll" adapterTypeName="Microsoft.VisualStudio.TestTools.TestTypes.Unit.UnitTestAdapter" className="UnitTests.iCore.Common.FileSettleTimeListTests" name="ProcessList_ListIsActive_ReturnsFalse" />
    </UnitTest>
    <UnitTest name="ProcessList_ListIsEmptyAndNotActive_ReturnsFalse" storage="f:\etwork\bin\tests\unittests.icore.common.dll" id="6b72c940-b9ca-2bcb-d153-4e7cd39ab74a">
      <Execution id="f27aa367-fea4-44d4-b8c6-9a551f614a54" />
      <TestMethod codeBase="F:\ETWork\bin\Tests\UnitTests.iCore.Common.dll" adapterTypeName="Microsoft.VisualStudio.TestTools.TestTypes.Unit.UnitTestAdapter" className="UnitTests.iCore.Common.FileSettleTimeListTests" name="ProcessList_ListIsEmptyAndNotActive_ReturnsFalse" />
    </UnitTest>
    <UnitTest name="ProcessList_ListIsNotActiveAndContainsOneFileThatIsNotReady_ReturnsFalse" storage="f:\etwork\bin\tests\unittests.icore.common.dll" id="6f7848cc-1d54-08b8-6845-bc8c1190355b">
      <Execution id="2ce7009f-f073-4952-b459-ce38a8f96d13" />
      <TestMethod codeBase="F:\ETWork\bin\Tests\UnitTests.iCore.Common.dll" adapterTypeName="Microsoft.VisualStudio.TestTools.TestTypes.Unit.UnitTestAdapter" className="UnitTests.iCore.Common.FileSettleTimeListTests" name="ProcessList_ListIsNotActiveAndContainsOneFileThatIsNotReady_ReturnsFalse" />
    </UnitTest>
    <UnitTest name="ProcessList_ListIsNotActiveAndContainsOneFileThatIsModified_ReturnsFalse" storage="f:\etwork\bin\tests\unittests.icore.common.dll" id="a8e625ba-f214-1406-d73d-ccf31e201428">
      <Execution id="d40db8cc-f789-4c18-bd25-09a7d1620a6c" />
      <TestMethod codeBase="F:\ETWork\bin\Tests\UnitTests.iCore.Common.dll" adapterTypeName="Microsoft.VisualStudio.TestTools.TestTypes.Unit.UnitTestAdapter" className="UnitTests.iCore.Common.FileSettleTimeListTests" name="ProcessList_ListIsNotActiveAndContainsOneFileThatIsModified_ReturnsFalse" />
    </UnitTest>
    <UnitTest name="ProcessList_ListIsNotActiveAndContainsOneFileThatIsReady_ReturnsTrue" storage="f:\etwork\bin\tests\unittests.icore.common.dll" id="2ac44d52-df7d-0f84-ea67-ab8994b1572b">
      <Execution id="f752cf69-2dd3-454b-8d8c-02e9523e2973" />
      <TestMethod codeBase="F:\ETWork\bin\Tests\UnitTests.iCore.Common.dll" adapterTypeName="Microsoft.VisualStudio.TestTools.TestTypes.Unit.UnitTestAdapter" className="UnitTests.iCore.Common.FileSettleTimeListTests" name="ProcessList_ListIsNotActiveAndContainsOneFileThatIsReady_ReturnsTrue" />
    </UnitTest>
    <UnitTest name="ProcessList_ListIsActiveAndContainsOneFileThatIsNotReady_ReturnsFalseWhenListIsActiveDuringAdd" storage="f:\etwork\bin\tests\unittests.icore.common.dll" id="4f5d6b71-f44c-b0db-58d9-e2fe2f3174a6">
      <Execution id="1e981397-d984-44e3-95db-e116cc272174" />
      <TestMethod codeBase="F:\ETWork\bin\Tests\UnitTests.iCore.Common.dll" adapterTypeName="Microsoft.VisualStudio.TestTools.TestTypes.Unit.UnitTestAdapter" className="UnitTests.iCore.Common.FileSettleTimeListTests" name="ProcessList_ListIsActiveAndContainsOneFileThatIsNotReady_ReturnsFalseWhenListIsActiveDuringAdd" />
    </UnitTest>
    <UnitTest name="ProcessList_ListIsDeactivatedAfterTwoFilesAreAddedAndTimerHasInvokedCallback_ReturnsTrue" storage="f:\etwork\bin\tests\unittests.icore.common.dll" id="00ce97ad-0cda-a86a-468d-6030eebf7d02">
      <Execution id="ebeabb99-95d8-415e-8651-333f5ea6d226" />
      <TestMethod codeBase="F:\ETWork\bin\Tests\UnitTests.iCore.Common.dll" adapterTypeName="Microsoft.VisualStudio.TestTools.TestTypes.Unit.UnitTestAdapter" className="UnitTests.iCore.Common.FileSettleTimeListTests" name="ProcessList_ListIsDeactivatedAfterTwoFilesAreAddedAndTimerHasInvokedCallback_ReturnsTrue" />
    </UnitTest>
    <UnitTest name="TimerCallbackInvoked_FileAddedAndCurrentTimeIsEqualToFilesReadyTime_FileIsReceivedInEventHandler" storage="f:\etwork\bin\tests\unittests.icore.common.dll" id="e7a58be6-4b73-002f-2b3c-41ca8c396a9b">
      <Execution id="e45aafa4-93ee-4cc3-a757-88f0b7acbbc9" />
      <TestMethod codeBase="F:\ETWork\bin\Tests\UnitTests.iCore.Common.dll" adapterTypeName="Microsoft.VisualStudio.TestTools.TestTypes.Unit.UnitTestAdapter" className="UnitTests.iCore.Common.FileSettleTimeListTests" name="TimerCallbackInvoked_FileAddedAndCurrentTimeIsEqualToFilesReadyTime_FileIsReceivedInEventHandler" />
    </UnitTest>
    <UnitTest name="TimerCallbackInvoked_FileAddedAndCurrentTimeIsGreaterThanFilesReadyTime_FileIsReceivedInEventHandler" storage="f:\etwork\bin\tests\unittests.icore.common.dll" id="4d54d9e9-2ae8-c836-9995-876e802d5b06">
      <Execution id="ae2aec7f-bb37-4a0a-bc84-328f660c257d" />
      <TestMethod codeBase="F:\ETWork\bin\Tests\UnitTests.iCore.Common.dll" adapterTypeName="Microsoft.VisualStudio.TestTools.TestTypes.Unit.UnitTestAdapter" className="UnitTests.iCore.Common.FileSettleTimeListTests" name="TimerCallbackInvoked_FileAddedAndCurrentTimeIsGreaterThanFilesReadyTime_FileIsReceivedInEventHandler" />
    </UnitTest>
    <UnitTest name="TimerCallbackInvoked_FileAddedAndCurrentTimeIsLessThanFilesReadyTime_FileIsNotReceivedInEventHandler" storage="f:\etwork\bin\tests\unittests.icore.common.dll" id="dcda13bc-6ff3-fe0c-4229-47546350488a">
      <Execution id="c9ab1c95-97b4-47a1-82d6-43b71b6536c1" />
      <TestMethod codeBase="F:\ETWork\bin\Tests\UnitTests.iCore.Common.dll" adapterTypeName="Microsoft.VisualStudio.TestTools.TestTypes.Unit.UnitTestAdapter" className="UnitTests.iCore.Common.FileSettleTimeListTests" name="TimerCallbackInvoked_FileAddedAndCurrentTimeIsLessThanFilesReadyTime_FileIsNotReceivedInEventHandler" />
    </UnitTest>
    <UnitTest name="TimerCallbackInvoked_FileAddedAndCurrentTimeIsGreaterThanFilesReadyTimeAndFileIsModidifed_FileIsNotReceivedInEventHandler" storage="f:\etwork\bin\tests\unittests.icore.common.dll" id="4dc566d2-3d9b-df39-4815-52ef41c13226">
      <Execution id="69cd116a-2c59-4ceb-95a6-f390a940b445" />
      <TestMethod codeBase="F:\ETWork\bin\Tests\UnitTests.iCore.Common.dll" adapterTypeName="Microsoft.VisualStudio.TestTools.TestTypes.Unit.UnitTestAdapter" className="UnitTests.iCore.Common.FileSettleTimeListTests" name="TimerCallbackInvoked_FileAddedAndCurrentTimeIsGreaterThanFilesReadyTimeAndFileIsModidifed_FileIsNotReceivedInEventHandler" />
    </UnitTest>
    <UnitTest name="EndUpdate_ListIsActiveFileWithDateAddedAndCheckFileStatusIsFalse_FileIsReceivedInEventHandler" storage="f:\etwork\bin\tests\unittests.icore.common.dll" id="71bbb209-b9a9-7e0c-537d-aa77173841b0">
      <Execution id="a9d83771-3e3d-48b3-87d2-818d68cfda16" />
      <TestMethod codeBase="F:\ETWork\bin\Tests\UnitTests.iCore.Common.dll" adapterTypeName="Microsoft.VisualStudio.TestTools.TestTypes.Unit.UnitTestAdapter" className="UnitTests.iCore.Common.FileSettleTimeListTests" name="EndUpdate_ListIsActiveFileWithDateAddedAndCheckFileStatusIsFalse_FileIsReceivedInEventHandler" />
    </UnitTest>
    <UnitTest name="EndUpdate_ListIsNotActiveFileWithDateAddedAndCheckFileStatusIsFalse_FileIsNotReceivedInEventHandler" storage="f:\etwork\bin\tests\unittests.icore.common.dll" id="de8fb3aa-510e-eaf2-cd5a-0f7c868021df">
      <Execution id="df086d34-f444-4679-a66c-4dddd662a5ea" />
      <TestMethod codeBase="F:\ETWork\bin\Tests\UnitTests.iCore.Common.dll" adapterTypeName="Microsoft.VisualStudio.TestTools.TestTypes.Unit.UnitTestAdapter" className="UnitTests.iCore.Common.FileSettleTimeListTests" name="EndUpdate_ListIsNotActiveFileWithDateAddedAndCheckFileStatusIsFalse_FileIsNotReceivedInEventHandler" />
    </UnitTest>
    <UnitTest name="EndUpdate_ListIsActiveFileWithoutDateAddedAndCheckFileStatusIsFalse_FileIsReceivedInEventHandler" storage="f:\etwork\bin\tests\unittests.icore.common.dll" id="1c605085-b25d-2a7d-0318-1d647f0091a0">
      <Execution id="cf06e2fc-5632-41c6-bfc1-17139f2771fc" />
      <TestMethod codeBase="F:\ETWork\bin\Tests\UnitTests.iCore.Common.dll" adapterTypeName="Microsoft.VisualStudio.TestTools.TestTypes.Unit.UnitTestAdapter" className="UnitTests.iCore.Common.FileSettleTimeListTests" name="EndUpdate_ListIsActiveFileWithoutDateAddedAndCheckFileStatusIsFalse_FileIsReceivedInEventHandler" />
    </UnitTest>
    <UnitTest name="EndUpdate_ListIsActiveFileWithoutDateAddedAndCheckFileStatusIsFalseFileIsModified_FileIsReceivedInEventHandler" storage="f:\etwork\bin\tests\unittests.icore.common.dll" id="3c05c40c-9658-811a-d313-132efe8847f7">
      <Execution id="fcd31561-5b71-47cc-9624-814649c34268" />
      <TestMethod codeBase="F:\ETWork\bin\Tests\UnitTests.iCore.Common.dll" adapterTypeName="Microsoft.VisualStudio.TestTools.TestTypes.Unit.UnitTestAdapter" className="UnitTests.iCore.Common.FileSettleTimeListTests" name="EndUpdate_ListIsActiveFileWithoutDateAddedAndCheckFileStatusIsFalseFileIsModified_FileIsReceivedInEventHandler" />
    </UnitTest>
    <UnitTest name="EndUpdate_ListIsActiveTimerIsNotRunningFileAdded_TimerIsStarted" storage="f:\etwork\bin\tests\unittests.icore.common.dll" id="90ca0290-37d6-621a-3d19-48a836f8684a">
      <Execution id="c753e1d3-ae53-453f-9485-2f320276d4d4" />
      <TestMethod codeBase="F:\ETWork\bin\Tests\UnitTests.iCore.Common.dll" adapterTypeName="Microsoft.VisualStudio.TestTools.TestTypes.Unit.UnitTestAdapter" className="UnitTests.iCore.Common.FileSettleTimeListTests" name="EndUpdate_ListIsActiveTimerIsNotRunningFileAdded_TimerIsStarted" />
    </UnitTest>
    <UnitTest name="EndUpdate_ListIsActiveTimerIsNotRunningSameFileAddedTwice_TimerIsStartedWithFirstSettleTime" storage="f:\etwork\bin\tests\unittests.icore.common.dll" id="8b1bfb18-bc37-566f-1390-300af2670696">
      <Execution id="3cd5bf4f-c830-4646-9e48-8a9ec2b72d3e" />
      <TestMethod codeBase="F:\ETWork\bin\Tests\UnitTests.iCore.Common.dll" adapterTypeName="Microsoft.VisualStudio.TestTools.TestTypes.Unit.UnitTestAdapter" className="UnitTests.iCore.Common.FileSettleTimeListTests" name="EndUpdate_ListIsActiveTimerIsNotRunningSameFileAddedTwice_TimerIsStartedWithFirstSettleTime" />
    </UnitTest>
    <UnitTest name="EndUpdate_ListIsActiveTimerIsNotRunningTwoFilesAdded_TimerIsStartedWithSmallestSettleTime" storage="f:\etwork\bin\tests\unittests.icore.common.dll" id="5f5671b6-8cd9-3c32-f279-80d523f2ba69">
      <Execution id="af0ac2c4-7a7c-4f37-af2f-2b5463a09fdd" />
      <TestMethod codeBase="F:\ETWork\bin\Tests\UnitTests.iCore.Common.dll" adapterTypeName="Microsoft.VisualStudio.TestTools.TestTypes.Unit.UnitTestAdapter" className="UnitTests.iCore.Common.FileSettleTimeListTests" name="EndUpdate_ListIsActiveTimerIsNotRunningTwoFilesAdded_TimerIsStartedWithSmallestSettleTime" />
    </UnitTest>
    <UnitTest name="EndUpdate_ListIsActiveTimerIsRunningFileIsAdded_TimerIsNotStartedWhenRunning" storage="f:\etwork\bin\tests\unittests.icore.common.dll" id="76dbc2f0-0d33-59df-8f02-b9cc4ebd98ee">
      <Execution id="6f628035-631e-4a62-81fe-3ca0801fb218" />
      <TestMethod codeBase="F:\ETWork\bin\Tests\UnitTests.iCore.Common.dll" adapterTypeName="Microsoft.VisualStudio.TestTools.TestTypes.Unit.UnitTestAdapter" className="UnitTests.iCore.Common.FileSettleTimeListTests" name="EndUpdate_ListIsActiveTimerIsRunningFileIsAdded_TimerIsNotStartedWhenRunning" />
    </UnitTest>
    <UnitTest name="EndUpdate_ListIsNotActiveFileAdded_TimerIsNotStarted" storage="f:\etwork\bin\tests\unittests.icore.common.dll" id="d2f69a66-4df0-5c6d-23f1-e134ddb23145">
      <Execution id="43c1928e-d75f-4485-a1a2-a62ca65d9430" />
      <TestMethod codeBase="F:\ETWork\bin\Tests\UnitTests.iCore.Common.dll" adapterTypeName="Microsoft.VisualStudio.TestTools.TestTypes.Unit.UnitTestAdapter" className="UnitTests.iCore.Common.FileSettleTimeListTests" name="EndUpdate_ListIsNotActiveFileAdded_TimerIsNotStarted" />
    </UnitTest>
    <UnitTest name="StopTimer_TimerIsRunning_TimerIsStopped" storage="f:\etwork\bin\tests\unittests.icore.common.dll" id="807bbe3e-f4da-658b-78c1-826118e9b1b0">
      <Execution id="39ac4182-9cfb-4cc9-a8a7-89148edf065b" />
      <TestMethod codeBase="F:\ETWork\bin\Tests\UnitTests.iCore.Common.dll" adapterTypeName="Microsoft.VisualStudio.TestTools.TestTypes.Unit.UnitTestAdapter" className="UnitTests.iCore.Common.FileSettleTimeListTests" name="StopTimer_TimerIsRunning_TimerIsStopped" />
    </UnitTest>
    <UnitTest name="StopTimer_TimerIsNotRunning_TimerIsStopped" storage="f:\etwork\bin\tests\unittests.icore.common.dll" id="d64e54f0-a09e-9cef-4d6f-dbf007a211fe">
      <Execution id="6ec22057-c429-42ef-86d2-b7daf6fad7d4" />
      <TestMethod codeBase="F:\ETWork\bin\Tests\UnitTests.iCore.Common.dll" adapterTypeName="Microsoft.VisualStudio.TestTools.TestTypes.Unit.UnitTestAdapter" className="UnitTests.iCore.Common.FileSettleTimeListTests" name="StopTimer_TimerIsNotRunning_TimerIsStopped" />
    </UnitTest>
    <UnitTest name="StartTimer_TimerRunning_TimerIsNotStarted" storage="f:\etwork\bin\tests\unittests.icore.common.dll" id="35b22418-4187-ba17-04bd-521a87f4f1c5">
      <Execution id="e4fb4bdf-6e1c-4825-927a-59a9b5258768" />
      <TestMethod codeBase="F:\ETWork\bin\Tests\UnitTests.iCore.Common.dll" adapterTypeName="Microsoft.VisualStudio.TestTools.TestTypes.Unit.UnitTestAdapter" className="UnitTests.iCore.Common.FileSettleTimeListTests" name="StartTimer_TimerRunning_TimerIsNotStarted" />
    </UnitTest>
    <UnitTest name="StartTimer_ListIsNotActive_TimerIsNotStarted" storage="f:\etwork\bin\tests\unittests.icore.common.dll" id="fb7db491-86cd-d09b-c656-f8728cd57e98">
      <Execution id="0f06c516-b8ab-402c-9654-97a1e01e2d0e" />
      <TestMethod codeBase="F:\ETWork\bin\Tests\UnitTests.iCore.Common.dll" adapterTypeName="Microsoft.VisualStudio.TestTools.TestTypes.Unit.UnitTestAdapter" className="UnitTests.iCore.Common.FileSettleTimeListTests" name="StartTimer_ListIsNotActive_TimerIsNotStarted" />
    </UnitTest>
    <UnitTest name="EndUpdate_ListIsActiveCheckFileStatusIsFalseFileAdded_TimerIsNotStarted" storage="f:\etwork\bin\tests\unittests.icore.common.dll" id="4afef9b1-bdd8-4f94-b0ee-9b0fb00a8fb9">
      <Execution id="dd1a3098-7b8e-48b9-93a4-4e93b22bb1ec" />
      <TestMethod codeBase="F:\ETWork\bin\Tests\UnitTests.iCore.Common.dll" adapterTypeName="Microsoft.VisualStudio.TestTools.TestTypes.Unit.UnitTestAdapter" className="UnitTests.iCore.Common.FileSettleTimeListTests" name="EndUpdate_ListIsActiveCheckFileStatusIsFalseFileAdded_TimerIsNotStarted" />
    </UnitTest>
    <UnitTest name="ProcessList_FilesSortCriteriaIsByNameAndAscending_FilesAreProcessedByNameAscending" storage="f:\etwork\bin\tests\unittests.icore.common.dll" id="750d2c63-1a9b-7d0d-eccd-f1551dc8c1ac">
      <Execution id="50d3bfc9-0947-4f24-a8e1-2e681968f350" />
      <TestMethod codeBase="F:\ETWork\bin\Tests\UnitTests.iCore.Common.dll" adapterTypeName="Microsoft.VisualStudio.TestTools.TestTypes.Unit.UnitTestAdapter" className="UnitTests.iCore.Common.FileSettleTimeListTests" name="ProcessList_FilesSortCriteriaIsByNameAndAscending_FilesAreProcessedByNameAscending" />
    </UnitTest>
    <UnitTest name="ProcessList_FilesSortCriteriaIsByNameAndDescending_FilesAreProcessedByNameDescending" storage="f:\etwork\bin\tests\unittests.icore.common.dll" id="2645515c-b8fb-c34a-a8fa-6250b2a1f4e7">
      <Execution id="8d342c5c-46f1-4724-b25a-904945877a4c" />
      <TestMethod codeBase="F:\ETWork\bin\Tests\UnitTests.iCore.Common.dll" adapterTypeName="Microsoft.VisualStudio.TestTools.TestTypes.Unit.UnitTestAdapter" className="UnitTests.iCore.Common.FileSettleTimeListTests" name="ProcessList_FilesSortCriteriaIsByNameAndDescending_FilesAreProcessedByNameDescending" />
    </UnitTest>
    <UnitTest name="ProcessFiles_FilesSortCriteriaIsBySizeAndAscending_FilesAreProcessedBySizeAscending" storage="f:\etwork\bin\tests\unittests.icore.common.dll" id="8fe85cfc-802f-8394-d1ee-6cb3c6bf276c">
      <Execution id="4be638fb-5f17-4b21-a929-c28862e454c1" />
      <TestMethod codeBase="F:\ETWork\bin\Tests\UnitTests.iCore.Common.dll" adapterTypeName="Microsoft.VisualStudio.TestTools.TestTypes.Unit.UnitTestAdapter" className="UnitTests.iCore.Common.FileSettleTimeListTests" name="ProcessFiles_FilesSortCriteriaIsBySizeAndAscending_FilesAreProcessedBySizeAscending" />
    </UnitTest>
    <UnitTest name="ProcessFiles_FilesSortCriteriaIsBySizeAndDescending_FilesAreProcessedBySizeDescending" storage="f:\etwork\bin\tests\unittests.icore.common.dll" id="7ca4c031-dbdb-4611-9ada-ac384b7dd429">
      <Execution id="eacc5d81-9b8e-4198-b0d6-5dd36315ebbf" />
      <TestMethod codeBase="F:\ETWork\bin\Tests\UnitTests.iCore.Common.dll" adapterTypeName="Microsoft.VisualStudio.TestTools.TestTypes.Unit.UnitTestAdapter" className="UnitTests.iCore.Common.FileSettleTimeListTests" name="ProcessFiles_FilesSortCriteriaIsBySizeAndDescending_FilesAreProcessedBySizeDescending" />
    </UnitTest>
    <UnitTest name="ProcessFiles_FilesSortCriteriaIsByDateAndAscending_FilesAreProcessedByDateAscending" storage="f:\etwork\bin\tests\unittests.icore.common.dll" id="86096cbf-8fdf-595f-692b-5a2820bef4b6">
      <Execution id="55c778ca-3e26-4703-9759-bb5a1406fbd4" />
      <TestMethod codeBase="F:\ETWork\bin\Tests\UnitTests.iCore.Common.dll" adapterTypeName="Microsoft.VisualStudio.TestTools.TestTypes.Unit.UnitTestAdapter" className="UnitTests.iCore.Common.FileSettleTimeListTests" name="ProcessFiles_FilesSortCriteriaIsByDateAndAscending_FilesAreProcessedByDateAscending" />
    </UnitTest>
    <UnitTest name="ProcessFiles_FilesSortCriteriaIsByDateAndDescending_FilesAreProcessedByDateDescending" storage="f:\etwork\bin\tests\unittests.icore.common.dll" id="ba26fb46-2a87-84b2-8822-184bd76d425d">
      <Execution id="b20d36b9-c03a-4087-a392-5b27916bc8b5" />
      <TestMethod codeBase="F:\ETWork\bin\Tests\UnitTests.iCore.Common.dll" adapterTypeName="Microsoft.VisualStudio.TestTools.TestTypes.Unit.UnitTestAdapter" className="UnitTests.iCore.Common.FileSettleTimeListTests" name="ProcessFiles_FilesSortCriteriaIsByDateAndDescending_FilesAreProcessedByDateDescending" />
    </UnitTest>
    <UnitTest name="ProcessFiles_ListIsNotActiveAddedFileHasNoDate_ReturnsFalse" storage="f:\etwork\bin\tests\unittests.icore.common.dll" id="7ff920e9-4d38-221d-9147-36f2862215e5">
      <Execution id="13b5a0c1-00da-487a-9469-eec7ae6da7bd" />
      <TestMethod codeBase="F:\ETWork\bin\Tests\UnitTests.iCore.Common.dll" adapterTypeName="Microsoft.VisualStudio.TestTools.TestTypes.Unit.UnitTestAdapter" className="UnitTests.iCore.Common.FileSettleTimeListTests" name="ProcessFiles_ListIsNotActiveAddedFileHasNoDate_ReturnsFalse" />
    </UnitTest>
    <UnitTest name="ProcessFiles_ListIsActiveAddedFileHasNoDateListIsDeactivatedAndTimerCallbackIsInvoked_ReturnsTrue" storage="f:\etwork\bin\tests\unittests.icore.common.dll" id="c30c7103-7115-9535-1777-a4ed9114e3ee">
      <Execution id="50a426e3-b924-46fe-b604-0681da5132e0" />
      <TestMethod codeBase="F:\ETWork\bin\Tests\UnitTests.iCore.Common.dll" adapterTypeName="Microsoft.VisualStudio.TestTools.TestTypes.Unit.UnitTestAdapter" className="UnitTests.iCore.Common.FileSettleTimeListTests" name="ProcessFiles_ListIsActiveAddedFileHasNoDateListIsDeactivatedAndTimerCallbackIsInvoked_ReturnsTrue" />
    </UnitTest>
    <UnitTest name="ProcessFiles_ListIsNotActiveFileIsModified_ReturnsFalse" storage="f:\etwork\bin\tests\unittests.icore.common.dll" id="834be18d-033c-2291-7629-e25d7b8eb765">
      <Execution id="9699a582-83c2-4d9f-926c-2fe02e5168c1" />
      <TestMethod codeBase="F:\ETWork\bin\Tests\UnitTests.iCore.Common.dll" adapterTypeName="Microsoft.VisualStudio.TestTools.TestTypes.Unit.UnitTestAdapter" className="UnitTests.iCore.Common.FileSettleTimeListTests" name="ProcessFiles_ListIsNotActiveFileIsModified_ReturnsFalse" />
    </UnitTest>
    <UnitTest name="ProcessFiles_ListIsNotActiveFileIsDeletedFromDisk_ReturnsFalse" storage="f:\etwork\bin\tests\unittests.icore.common.dll" id="582508b8-7571-86a2-67a1-d2fddc4748a6">
      <Execution id="02f59dc4-2260-4636-9946-c070872d5b4e" />
      <TestMethod codeBase="F:\ETWork\bin\Tests\UnitTests.iCore.Common.dll" adapterTypeName="Microsoft.VisualStudio.TestTools.TestTypes.Unit.UnitTestAdapter" className="UnitTests.iCore.Common.FileSettleTimeListTests" name="ProcessFiles_ListIsNotActiveFileIsDeletedFromDisk_ReturnsFalse" />
    </UnitTest>
    <UnitTest name="ProcessFiles_ListIsNotActiveSettleTimeIsZero_ReturnsTrue" storage="f:\etwork\bin\tests\unittests.icore.common.dll" id="d113eda5-98e6-0ac4-2fd8-d58b0d6f8b0b">
      <Execution id="8c85a58a-aaac-4978-adbb-2fe8c74b37c8" />
      <TestMethod codeBase="F:\ETWork\bin\Tests\UnitTests.iCore.Common.dll" adapterTypeName="Microsoft.VisualStudio.TestTools.TestTypes.Unit.UnitTestAdapter" className="UnitTests.iCore.Common.FileSettleTimeListTests" name="ProcessFiles_ListIsNotActiveSettleTimeIsZero_ReturnsTrue" />
    </UnitTest>
    <UnitTest name="ProcessFiles_ListIsNotActiveSettleTimeIsZeroFileHasNoDate_ReturnsFalse" storage="f:\etwork\bin\tests\unittests.icore.common.dll" id="227d833e-5ff0-4178-0481-0fa1f607fd59">
      <Execution id="94e5f438-58e8-4433-8207-2497315a2e76" />
      <TestMethod codeBase="F:\ETWork\bin\Tests\UnitTests.iCore.Common.dll" adapterTypeName="Microsoft.VisualStudio.TestTools.TestTypes.Unit.UnitTestAdapter" className="UnitTests.iCore.Common.FileSettleTimeListTests" name="ProcessFiles_ListIsNotActiveSettleTimeIsZeroFileHasNoDate_ReturnsFalse" />
    </UnitTest>
    <UnitTest name="ProcessFiles_ListIsNotActiveNoCheckFileStatus_ReturnsTrue" storage="f:\etwork\bin\tests\unittests.icore.common.dll" id="a452a30b-ed75-412a-40a9-455f8180a3d3">
      <Execution id="64dfab79-9713-4a04-ae75-58cdf77e1791" />
      <TestMethod codeBase="F:\ETWork\bin\Tests\UnitTests.iCore.Common.dll" adapterTypeName="Microsoft.VisualStudio.TestTools.TestTypes.Unit.UnitTestAdapter" className="UnitTests.iCore.Common.FileSettleTimeListTests" name="ProcessFiles_ListIsNotActiveNoCheckFileStatus_ReturnsTrue" />
    </UnitTest>
    <UnitTest name="ProcessFiles_ListIsNotActiveFileHasNoDateNoCheckFileStatus_ReturnsTrue" storage="f:\etwork\bin\tests\unittests.icore.common.dll" id="d361f0c1-0904-aa95-5938-cba84c6ca7af">
      <Execution id="b57d229b-38e2-43c0-a852-dbe763474e72" />
      <TestMethod codeBase="F:\ETWork\bin\Tests\UnitTests.iCore.Common.dll" adapterTypeName="Microsoft.VisualStudio.TestTools.TestTypes.Unit.UnitTestAdapter" className="UnitTests.iCore.Common.FileSettleTimeListTests" name="ProcessFiles_ListIsNotActiveFileHasNoDateNoCheckFileStatus_ReturnsTrue" />
    </UnitTest>
    <UnitTest name="Clear_InvokeAddThenClearThenAdd_SecondAddReturnsOne" storage="f:\etwork\bin\tests\unittests.icore.common.dll" id="be13e197-7803-c6ff-c74a-53a7e7c07acd">
      <Execution id="63d39d9b-7d33-49bf-b11b-d866d7d37d19" />
      <TestMethod codeBase="F:\ETWork\bin\Tests\UnitTests.iCore.Common.dll" adapterTypeName="Microsoft.VisualStudio.TestTools.TestTypes.Unit.UnitTestAdapter" className="UnitTests.iCore.Common.FileSettleTimeListTests" name="Clear_InvokeAddThenClearThenAdd_SecondAddReturnsOne" />
    </UnitTest>
    <UnitTest name="Constructor_Default_Success" storage="f:\etwork\bin\tests\unittests.icore.common.dll" id="da5c86af-897b-84c2-e917-19a2c44de1a9">
      <Execution id="e426a3db-54c5-46f3-a211-17d7701a18e2" />
      <TestMethod codeBase="F:\ETWork\bin\Tests\UnitTests.iCore.Common.dll" adapterTypeName="Microsoft.VisualStudio.TestTools.TestTypes.Unit.UnitTestAdapter" className="UnitTests.iCore.Common.PasswordServiceImplTests" name="Constructor_Default_Success" />
    </UnitTest>
    <UnitTest name="CreateHash_WithoutSalt_Success" storage="f:\etwork\bin\tests\unittests.icore.common.dll" id="2061bf26-b556-1243-85dc-a42aeed407af">
      <Execution id="7e0e86bb-2669-450a-8ff9-52a3720dab5a" />
      <TestMethod codeBase="F:\ETWork\bin\Tests\UnitTests.iCore.Common.dll" adapterTypeName="Microsoft.VisualStudio.TestTools.TestTypes.Unit.UnitTestAdapter" className="UnitTests.iCore.Common.PasswordServiceImplTests" name="CreateHash_WithoutSalt_Success" />
    </UnitTest>
    <UnitTest name="CreateHash_EmptyString_Throws" storage="f:\etwork\bin\tests\unittests.icore.common.dll" id="88bf76dd-bd69-d75e-4563-e08b10f193d8">
      <Execution id="6742aabf-ac2a-4378-9461-95981182233d" />
      <TestMethod codeBase="F:\ETWork\bin\Tests\UnitTests.iCore.Common.dll" adapterTypeName="Microsoft.VisualStudio.TestTools.TestTypes.Unit.UnitTestAdapter" className="UnitTests.iCore.Common.PasswordServiceImplTests" name="CreateHash_EmptyString_Throws" />
    </UnitTest>
    <UnitTest name="CreateHash_NullString_Throws" storage="f:\etwork\bin\tests\unittests.icore.common.dll" id="6c8a3ca6-8831-0317-a7cc-50feb982a4cf">
      <Execution id="ec1c5b50-d6da-4bfe-9878-b22eb24e7ba7" />
      <TestMethod codeBase="F:\ETWork\bin\Tests\UnitTests.iCore.Common.dll" adapterTypeName="Microsoft.VisualStudio.TestTools.TestTypes.Unit.UnitTestAdapter" className="UnitTests.iCore.Common.PasswordServiceImplTests" name="CreateHash_NullString_Throws" />
    </UnitTest>
    <UnitTest name="CreateHash_SaltIsNull_Throws" storage="f:\etwork\bin\tests\unittests.icore.common.dll" id="e2108036-99ee-eea5-4eee-35fd297953ab">
      <Execution id="4dd82118-a91e-41c2-88ec-46ce880bf13e" />
      <TestMethod codeBase="F:\ETWork\bin\Tests\UnitTests.iCore.Common.dll" adapterTypeName="Microsoft.VisualStudio.TestTools.TestTypes.Unit.UnitTestAdapter" className="UnitTests.iCore.Common.PasswordServiceImplTests" name="CreateHash_SaltIsNull_Throws" />
    </UnitTest>
    <UnitTest name="CreateHash_SaltIsEmpty_Throws" storage="f:\etwork\bin\tests\unittests.icore.common.dll" id="84be755c-4e12-a17d-d5de-2c4cbf6371dc">
      <Execution id="0747da71-c2fe-47ef-a0e3-990fe80f4f14" />
      <TestMethod codeBase="F:\ETWork\bin\Tests\UnitTests.iCore.Common.dll" adapterTypeName="Microsoft.VisualStudio.TestTools.TestTypes.Unit.UnitTestAdapter" className="UnitTests.iCore.Common.PasswordServiceImplTests" name="CreateHash_SaltIsEmpty_Throws" />
    </UnitTest>
    <UnitTest name="CreateHash_SaltIsTooShort_Throws" storage="f:\etwork\bin\tests\unittests.icore.common.dll" id="17b18dfc-ee16-7b5c-ddb0-6c5e780be5f4">
      <Execution id="509190d7-d931-455f-93ac-1c7f19741286" />
      <TestMethod codeBase="F:\ETWork\bin\Tests\UnitTests.iCore.Common.dll" adapterTypeName="Microsoft.VisualStudio.TestTools.TestTypes.Unit.UnitTestAdapter" className="UnitTests.iCore.Common.PasswordServiceImplTests" name="CreateHash_SaltIsTooShort_Throws" />
    </UnitTest>
    <UnitTest name="CreateHash_SaltIsLong_Succeeds" storage="f:\etwork\bin\tests\unittests.icore.common.dll" id="aae79068-ff98-75da-4bd8-b48cb5c1740a">
      <Execution id="8cc44434-bd48-411a-a8ae-93628147ad61" />
      <TestMethod codeBase="F:\ETWork\bin\Tests\UnitTests.iCore.Common.dll" adapterTypeName="Microsoft.VisualStudio.TestTools.TestTypes.Unit.UnitTestAdapter" className="UnitTests.iCore.Common.PasswordServiceImplTests" name="CreateHash_SaltIsLong_Succeeds" />
    </UnitTest>
    <UnitTest name="CreateHash_SaltIsNotInitialized_Succeeds" storage="f:\etwork\bin\tests\unittests.icore.common.dll" id="5ff54d9c-39fb-1528-4706-54da371f50a0">
      <Execution id="5d2c3fcb-f1db-445b-b2b6-6fb4e412ed80" />
      <TestMethod codeBase="F:\ETWork\bin\Tests\UnitTests.iCore.Common.dll" adapterTypeName="Microsoft.VisualStudio.TestTools.TestTypes.Unit.UnitTestAdapter" className="UnitTests.iCore.Common.PasswordServiceImplTests" name="CreateHash_SaltIsNotInitialized_Succeeds" />
    </UnitTest>
    <UnitTest name="CreateHash_SaltIsZeroes_Succeeds" storage="f:\etwork\bin\tests\unittests.icore.common.dll" id="58632aa8-2e63-51eb-d3ff-095d0daf2e77">
      <Execution id="4c08a5c7-7872-4676-af41-41b280ee63a8" />
      <TestMethod codeBase="F:\ETWork\bin\Tests\UnitTests.iCore.Common.dll" adapterTypeName="Microsoft.VisualStudio.TestTools.TestTypes.Unit.UnitTestAdapter" className="UnitTests.iCore.Common.PasswordServiceImplTests" name="CreateHash_SaltIsZeroes_Succeeds" />
    </UnitTest>
    <UnitTest name="CreateHash_WithoutSalt_HashIsNotNull" storage="f:\etwork\bin\tests\unittests.icore.common.dll" id="956b036e-8fb9-6f11-7960-aa6e04069ce8">
      <Execution id="520820c2-8d7c-41b5-a9a4-e9eec687f3a7" />
      <TestMethod codeBase="F:\ETWork\bin\Tests\UnitTests.iCore.Common.dll" adapterTypeName="Microsoft.VisualStudio.TestTools.TestTypes.Unit.UnitTestAdapter" className="UnitTests.iCore.Common.PasswordServiceImplTests" name="CreateHash_WithoutSalt_HashIsNotNull" />
    </UnitTest>
    <UnitTest name="CreateHash_WithoutSaltStringIsNotEmpty_HashIs32Bytes" storage="f:\etwork\bin\tests\unittests.icore.common.dll" id="79e34a3b-2ed5-74ce-d6d1-382cbd2f96f3">
      <Execution id="ecacc41b-c9a6-4141-b1a0-024a145e124e" />
      <TestMethod codeBase="F:\ETWork\bin\Tests\UnitTests.iCore.Common.dll" adapterTypeName="Microsoft.VisualStudio.TestTools.TestTypes.Unit.UnitTestAdapter" className="UnitTests.iCore.Common.PasswordServiceImplTests" name="CreateHash_WithoutSaltStringIsNotEmpty_HashIs32Bytes" />
    </UnitTest>
    <UnitTest name="CreateHash_CalledTwoTimesWithoutSalt_HashesAreDifferent" storage="f:\etwork\bin\tests\unittests.icore.common.dll" id="953bc4e3-40ff-30ed-c837-f23b5378fa7f">
      <Execution id="3b476da1-48e7-44cc-8692-bc516740912e" />
      <TestMethod codeBase="F:\ETWork\bin\Tests\UnitTests.iCore.Common.dll" adapterTypeName="Microsoft.VisualStudio.TestTools.TestTypes.Unit.UnitTestAdapter" className="UnitTests.iCore.Common.PasswordServiceImplTests" name="CreateHash_CalledTwoTimesWithoutSalt_HashesAreDifferent" />
    </UnitTest>
    <UnitTest name="CreateHash_CalledSecondTimeWithSameSalt_HashesAreSame" storage="f:\etwork\bin\tests\unittests.icore.common.dll" id="cb884e57-a479-c895-6b8e-38e866fa1061">
      <Execution id="bfa47096-1172-4f34-93a1-53dd14e97f95" />
      <TestMethod codeBase="F:\ETWork\bin\Tests\UnitTests.iCore.Common.dll" adapterTypeName="Microsoft.VisualStudio.TestTools.TestTypes.Unit.UnitTestAdapter" className="UnitTests.iCore.Common.PasswordServiceImplTests" name="CreateHash_CalledSecondTimeWithSameSalt_HashesAreSame" />
    </UnitTest>
    <UnitTest name="CreateHash_CalledSecondTimeWithOtherSalt_HashesAreNotSame" storage="f:\etwork\bin\tests\unittests.icore.common.dll" id="57bfcae0-a45f-9a02-aed0-de56f88666ee">
      <Execution id="c17e2ccc-7d8b-4103-9856-4241b273707b" />
      <TestMethod codeBase="F:\ETWork\bin\Tests\UnitTests.iCore.Common.dll" adapterTypeName="Microsoft.VisualStudio.TestTools.TestTypes.Unit.UnitTestAdapter" className="UnitTests.iCore.Common.PasswordServiceImplTests" name="CreateHash_CalledSecondTimeWithOtherSalt_HashesAreNotSame" />
    </UnitTest>
    <UnitTest name="CreateHash_CalledSecondTimeWithOtherData_HashesAreNotSame" storage="f:\etwork\bin\tests\unittests.icore.common.dll" id="23c149c2-3cf8-c7fa-90c1-02377d9787cf">
      <Execution id="16884875-3098-4eb0-a71e-e079458892c6" />
      <TestMethod codeBase="F:\ETWork\bin\Tests\UnitTests.iCore.Common.dll" adapterTypeName="Microsoft.VisualStudio.TestTools.TestTypes.Unit.UnitTestAdapter" className="UnitTests.iCore.Common.PasswordServiceImplTests" name="CreateHash_CalledSecondTimeWithOtherData_HashesAreNotSame" />
    </UnitTest>
    <UnitTest name="CreateSalt_WithoutSalt_SaltIsNotNull" storage="f:\etwork\bin\tests\unittests.icore.common.dll" id="4bbb62f7-d610-c59c-7284-d1955fbfd2c2">
      <Execution id="7aa19d10-f906-48c2-92d9-9f750862514a" />
      <TestMethod codeBase="F:\ETWork\bin\Tests\UnitTests.iCore.Common.dll" adapterTypeName="Microsoft.VisualStudio.TestTools.TestTypes.Unit.UnitTestAdapter" className="UnitTests.iCore.Common.PasswordServiceImplTests" name="CreateSalt_WithoutSalt_SaltIsNotNull" />
    </UnitTest>
    <UnitTest name="CreateSalt_WithoutSaltStringIsNotEmpty_SaltIs32Bytes" storage="f:\etwork\bin\tests\unittests.icore.common.dll" id="066660a8-4544-2778-dbd6-58d259652e5b">
      <Execution id="1a55a502-4568-4cef-b03d-e13d6831df6e" />
      <TestMethod codeBase="F:\ETWork\bin\Tests\UnitTests.iCore.Common.dll" adapterTypeName="Microsoft.VisualStudio.TestTools.TestTypes.Unit.UnitTestAdapter" className="UnitTests.iCore.Common.PasswordServiceImplTests" name="CreateSalt_WithoutSaltStringIsNotEmpty_SaltIs32Bytes" />
    </UnitTest>
    <UnitTest name="CreateHash_CalledTwoTimesWithoutSalt_SaltsAreDifferent" storage="f:\etwork\bin\tests\unittests.icore.common.dll" id="4cae0c8b-40f7-e310-026e-13514ee81fe9">
      <Execution id="80670d0c-960b-416c-848b-87053537481b" />
      <TestMethod codeBase="F:\ETWork\bin\Tests\UnitTests.iCore.Common.dll" adapterTypeName="Microsoft.VisualStudio.TestTools.TestTypes.Unit.UnitTestAdapter" className="UnitTests.iCore.Common.PasswordServiceImplTests" name="CreateHash_CalledTwoTimesWithoutSalt_SaltsAreDifferent" />
    </UnitTest>
    <UnitTest name="CreateHashAndStretchedKey_WithoutSalt_SaltGenerated" storage="f:\etwork\bin\tests\unittests.icore.common.dll" id="ed8ae566-3876-85de-0db3-95fc081f83cf">
      <Execution id="62c2b4cd-ac2c-4323-bf89-f461403fd63f" />
      <TestMethod codeBase="F:\ETWork\bin\Tests\UnitTests.iCore.Common.dll" adapterTypeName="Microsoft.VisualStudio.TestTools.TestTypes.Unit.UnitTestAdapter" className="UnitTests.iCore.Common.PasswordServiceImplTests" name="CreateHashAndStretchedKey_WithoutSalt_SaltGenerated" />
    </UnitTest>
    <UnitTest name="CreateHashAndStretchedKey_StretchedKeySizeIsZero_Throws" storage="f:\etwork\bin\tests\unittests.icore.common.dll" id="76af9c9d-37f9-d82b-3b6a-2a9fd8e715df">
      <Execution id="805fafdf-a329-45d7-9072-f2c38a76d885" />
      <TestMethod codeBase="F:\ETWork\bin\Tests\UnitTests.iCore.Common.dll" adapterTypeName="Microsoft.VisualStudio.TestTools.TestTypes.Unit.UnitTestAdapter" className="UnitTests.iCore.Common.PasswordServiceImplTests" name="CreateHashAndStretchedKey_StretchedKeySizeIsZero_Throws" />
    </UnitTest>
    <UnitTest name="CreateHashAndStretchedKey_StretchedKeySizeIsNegative_Throws" storage="f:\etwork\bin\tests\unittests.icore.common.dll" id="d8411415-b530-f4f1-7af3-d7ad19bae135">
      <Execution id="5aa24482-01ee-42c5-967c-3b7b268c05d8" />
      <TestMethod codeBase="F:\ETWork\bin\Tests\UnitTests.iCore.Common.dll" adapterTypeName="Microsoft.VisualStudio.TestTools.TestTypes.Unit.UnitTestAdapter" className="UnitTests.iCore.Common.PasswordServiceImplTests" name="CreateHashAndStretchedKey_StretchedKeySizeIsNegative_Throws" />
    </UnitTest>
    <UnitTest name="CreateHashAndStretchedKey_StretchedKeySizeIsNonZero_StretchedKeyIsCorrectSize" storage="f:\etwork\bin\tests\unittests.icore.common.dll" id="8b7176ae-054f-85cd-ef95-22a4daa2296b">
      <Execution id="5ae94341-6f22-4c17-b9c3-a1dbf2a267be" />
      <TestMethod codeBase="F:\ETWork\bin\Tests\UnitTests.iCore.Common.dll" adapterTypeName="Microsoft.VisualStudio.TestTools.TestTypes.Unit.UnitTestAdapter" className="UnitTests.iCore.Common.PasswordServiceImplTests" name="CreateHashAndStretchedKey_StretchedKeySizeIsNonZero_StretchedKeyIsCorrectSize" />
    </UnitTest>
    <UnitTest name="Add_FirstEvent_EventsOccurredIsRaised" storage="f:\etwork\bin\tests\unittests.icore.common.dll" id="cc768eb7-8cad-031b-04e7-82004a89b410">
      <Execution id="41213740-238f-413c-9dfe-f9efec638349" />
      <TestMethod codeBase="F:\ETWork\bin\Tests\UnitTests.iCore.Common.dll" adapterTypeName="Microsoft.VisualStudio.TestTools.TestTypes.Unit.UnitTestAdapter" className="UnitTests.iCore.Common.RecurringEventWatcherTests" name="Add_FirstEvent_EventsOccurredIsRaised" />
    </UnitTest>
    <UnitTest name="Add_SecondEventBeforeMinimumEventOccurrenceInterval_OnlyOneEventsOccurredIsRaised" storage="f:\etwork\bin\tests\unittests.icore.common.dll" id="63438f7c-32bd-88f5-b237-7dfe16f9c68f">
      <Execution id="c0098b45-e7df-4a29-a444-8c0723f429e9" />
      <TestMethod codeBase="F:\ETWork\bin\Tests\UnitTests.iCore.Common.dll" adapterTypeName="Microsoft.VisualStudio.TestTools.TestTypes.Unit.UnitTestAdapter" className="UnitTests.iCore.Common.RecurringEventWatcherTests" name="Add_SecondEventBeforeMinimumEventOccurrenceInterval_OnlyOneEventsOccurredIsRaised" />
    </UnitTest>
    <UnitTest name="Add_SecondEventAfterMinimumEventOccurrenceInterval_EventsOccurredIsRaisedTwice" storage="f:\etwork\bin\tests\unittests.icore.common.dll" id="b2468c33-542d-f6f5-73c0-629e28bc3fa3">
      <Execution id="d56d4e02-7778-4400-a69e-9bda03c07c35" />
      <TestMethod codeBase="F:\ETWork\bin\Tests\UnitTests.iCore.Common.dll" adapterTypeName="Microsoft.VisualStudio.TestTools.TestTypes.Unit.UnitTestAdapter" className="UnitTests.iCore.Common.RecurringEventWatcherTests" name="Add_SecondEventAfterMinimumEventOccurrenceInterval_EventsOccurredIsRaisedTwice" />
    </UnitTest>
    <UnitTest name="Add_SecondEventBeforeMinimumEventOccurrenceInterval_EventsOccurredIsRaisedAgainWhenMinimumOccurrenceIntervalTimeHasPassed" storage="f:\etwork\bin\tests\unittests.icore.common.dll" id="a0f7c935-3d5e-cdfb-195e-b782f3c96efd">
      <Execution id="09e3a34a-e4db-4b9a-899d-84816d74d07c" />
      <TestMethod codeBase="F:\ETWork\bin\Tests\UnitTests.iCore.Common.dll" adapterTypeName="Microsoft.VisualStudio.TestTools.TestTypes.Unit.UnitTestAdapter" className="UnitTests.iCore.Common.RecurringEventWatcherTests" name="Add_SecondEventBeforeMinimumEventOccurrenceInterval_EventsOccurredIsRaisedAgainWhenMinimumOccurrenceIntervalTimeHasPassed" />
    </UnitTest>
    <UnitTest name="Add_MultipleEventBeforeMinimumEventOccurrenceInterval_EventsOccurredIsRaisedAgainWhenMinimumOccurrenceIntervalTimeHasPassed" storage="f:\etwork\bin\tests\unittests.icore.common.dll" id="a55affd0-fce6-6b11-f6c1-1e4cc22e0a66">
      <Execution id="569595c5-99d8-4902-9076-62d945fcfd0f" />
      <TestMethod codeBase="F:\ETWork\bin\Tests\UnitTests.iCore.Common.dll" adapterTypeName="Microsoft.VisualStudio.TestTools.TestTypes.Unit.UnitTestAdapter" className="UnitTests.iCore.Common.RecurringEventWatcherTests" name="Add_MultipleEventBeforeMinimumEventOccurrenceInterval_EventsOccurredIsRaisedAgainWhenMinimumOccurrenceIntervalTimeHasPassed" />
    </UnitTest>
    <UnitTest name="Add_NoEventOccurrenceThrottling_EventsOccurredIsRaisedForEachAddedEvent" storage="f:\etwork\bin\tests\unittests.icore.common.dll" id="ceb50692-7712-5620-d680-194199c74a89">
      <Execution id="5903cbe8-d51f-4f93-8526-6da49951a092" />
      <TestMethod codeBase="F:\ETWork\bin\Tests\UnitTests.iCore.Common.dll" adapterTypeName="Microsoft.VisualStudio.TestTools.TestTypes.Unit.UnitTestAdapter" className="UnitTests.iCore.Common.RecurringEventWatcherTests" name="Add_NoEventOccurrenceThrottling_EventsOccurredIsRaisedForEachAddedEvent" />
    </UnitTest>
    <UnitTest name="Add_SecondEventOfDifferentCategoryBeforeMinimumEventOccurrenceInterval_EventsOccurredIsRaisedImmediately" storage="f:\etwork\bin\tests\unittests.icore.common.dll" id="56c3fff6-e885-8138-67b8-f4a4d42ba83a">
      <Execution id="6c869b1e-6f98-4623-8201-f4d18d85b9be" />
      <TestMethod codeBase="F:\ETWork\bin\Tests\UnitTests.iCore.Common.dll" adapterTypeName="Microsoft.VisualStudio.TestTools.TestTypes.Unit.UnitTestAdapter" className="UnitTests.iCore.Common.RecurringEventWatcherTests" name="Add_SecondEventOfDifferentCategoryBeforeMinimumEventOccurrenceInterval_EventsOccurredIsRaisedImmediately" />
    </UnitTest>
    <UnitTest name="Add_MultipleEventsOfDifferentCategories_EventsOccurredIsRaisedAtTheCorrectTimes" storage="f:\etwork\bin\tests\unittests.icore.common.dll" id="2d71aae8-0209-3892-2089-0c649f64dfb1">
      <Execution id="a8b0cc26-005c-419b-a0a0-b04cbfd57903" />
      <TestMethod codeBase="F:\ETWork\bin\Tests\UnitTests.iCore.Common.dll" adapterTypeName="Microsoft.VisualStudio.TestTools.TestTypes.Unit.UnitTestAdapter" className="UnitTests.iCore.Common.RecurringEventWatcherTests" name="Add_MultipleEventsOfDifferentCategories_EventsOccurredIsRaisedAtTheCorrectTimes" />
    </UnitTest>
    <UnitTest name="Add_MultipleEventsOfDifferentCategoriesSeparatedInTime_EventsOccurredIsRaisedAtTheCorrectTimes2" storage="f:\etwork\bin\tests\unittests.icore.common.dll" id="ca796ce5-6d9d-dc71-f0c1-1f16d8499e9b">
      <Execution id="e9b8b1ab-802b-4e7e-a1e0-29808f8acd52" />
      <TestMethod codeBase="F:\ETWork\bin\Tests\UnitTests.iCore.Common.dll" adapterTypeName="Microsoft.VisualStudio.TestTools.TestTypes.Unit.UnitTestAdapter" className="UnitTests.iCore.Common.RecurringEventWatcherTests" name="Add_MultipleEventsOfDifferentCategoriesSeparatedInTime_EventsOccurredIsRaisedAtTheCorrectTimes2" />
    </UnitTest>
    <UnitTest name="AddLessEventsThanCountThreshold_CountThresholdReachedIsNotRaised" storage="f:\etwork\bin\tests\unittests.icore.common.dll" id="f1f3820b-be5f-e3c0-8b69-3ddda60b8d9a">
      <Execution id="d8fd9df6-cad0-42a1-a44a-af4e22e2257d" />
      <TestMethod codeBase="F:\ETWork\bin\Tests\UnitTests.iCore.Common.dll" adapterTypeName="Microsoft.VisualStudio.TestTools.TestTypes.Unit.UnitTestAdapter" className="UnitTests.iCore.Common.RecurringEventWatcherTests" name="AddLessEventsThanCountThreshold_CountThresholdReachedIsNotRaised" />
    </UnitTest>
    <UnitTest name="AddEventCountEqualToCountThreshold_CountThresholdReachedIsRaised" storage="f:\etwork\bin\tests\unittests.icore.common.dll" id="d9161d96-6635-cd8c-44c6-36a36faafa4e">
      <Execution id="281487c7-fed8-4943-9403-431129a1181b" />
      <TestMethod codeBase="F:\ETWork\bin\Tests\UnitTests.iCore.Common.dll" adapterTypeName="Microsoft.VisualStudio.TestTools.TestTypes.Unit.UnitTestAdapter" className="UnitTests.iCore.Common.RecurringEventWatcherTests" name="AddEventCountEqualToCountThreshold_CountThresholdReachedIsRaised" />
    </UnitTest>
    <UnitTest name="Add_DifferentCategories_EventCountEqualThanCountThreshold_CountThresholdReachedIsRaised" storage="f:\etwork\bin\tests\unittests.icore.common.dll" id="d2803bbb-a050-5bca-87ae-f89665474cca">
      <Execution id="adc505f9-7b1d-4880-8a6f-599177aeb6d9" />
      <TestMethod codeBase="F:\ETWork\bin\Tests\UnitTests.iCore.Common.dll" adapterTypeName="Microsoft.VisualStudio.TestTools.TestTypes.Unit.UnitTestAdapter" className="UnitTests.iCore.Common.RecurringEventWatcherTests" name="Add_DifferentCategories_EventCountEqualThanCountThreshold_CountThresholdReachedIsRaised" />
    </UnitTest>
    <UnitTest name="Add_DifferentCategories_EventCountGreaterThanCountThreshold_CountThresholdReachedIsNotRaisedMultipleTimesForTheSameCategory" storage="f:\etwork\bin\tests\unittests.icore.common.dll" id="3db64796-78aa-7a27-0b45-e66d5293c9a9">
      <Execution id="59c1eaa3-318e-4a47-bd65-2c9ab66d4cba" />
      <TestMethod codeBase="F:\ETWork\bin\Tests\UnitTests.iCore.Common.dll" adapterTypeName="Microsoft.VisualStudio.TestTools.TestTypes.Unit.UnitTestAdapter" className="UnitTests.iCore.Common.RecurringEventWatcherTests" name="Add_DifferentCategories_EventCountGreaterThanCountThreshold_CountThresholdReachedIsNotRaisedMultipleTimesForTheSameCategory" />
    </UnitTest>
    <UnitTest name="Clear_CountThresholdNeverReached_CountThresholdClearedIsNotCalled" storage="f:\etwork\bin\tests\unittests.icore.common.dll" id="f8d2a643-25a3-ea6b-356b-a65f40be01e8">
      <Execution id="2d1822c5-3576-4ecd-9dc3-3ee885ad580e" />
      <TestMethod codeBase="F:\ETWork\bin\Tests\UnitTests.iCore.Common.dll" adapterTypeName="Microsoft.VisualStudio.TestTools.TestTypes.Unit.UnitTestAdapter" className="UnitTests.iCore.Common.RecurringEventWatcherTests" name="Clear_CountThresholdNeverReached_CountThresholdClearedIsNotCalled" />
    </UnitTest>
    <UnitTest name="Clear_CountThresholdReachedForSingleCategory_CountThresholdClearedIsRaisedForThatCategory" storage="f:\etwork\bin\tests\unittests.icore.common.dll" id="11c850e6-7345-60c5-e0ac-9d61acc51f3b">
      <Execution id="bd5ee58e-b66a-45f9-ab00-ae45c3dc9246" />
      <TestMethod codeBase="F:\ETWork\bin\Tests\UnitTests.iCore.Common.dll" adapterTypeName="Microsoft.VisualStudio.TestTools.TestTypes.Unit.UnitTestAdapter" className="UnitTests.iCore.Common.RecurringEventWatcherTests" name="Clear_CountThresholdReachedForSingleCategory_CountThresholdClearedIsRaisedForThatCategory" />
    </UnitTest>
    <UnitTest name="Clear_CountThresholdReachedForAllCategories_CountThresholdClearedIsRaisedForAllCategories" storage="f:\etwork\bin\tests\unittests.icore.common.dll" id="0ae1d444-3aaf-dfb0-4dcb-2c2c1ce995cb">
      <Execution id="37f524fa-ba8b-4519-b430-086e53a0d076" />
      <TestMethod codeBase="F:\ETWork\bin\Tests\UnitTests.iCore.Common.dll" adapterTypeName="Microsoft.VisualStudio.TestTools.TestTypes.Unit.UnitTestAdapter" className="UnitTests.iCore.Common.RecurringEventWatcherTests" name="Clear_CountThresholdReachedForAllCategories_CountThresholdClearedIsRaisedForAllCategories" />
    </UnitTest>
    <UnitTest name="Add_CountThresholdNotReachedSinceLastClear_CountThresholdReachedIsNotRaised" storage="f:\etwork\bin\tests\unittests.icore.common.dll" id="16064910-5ebd-fd1e-cd58-e66c0f8ede4e">
      <Execution id="3efdbd23-66cd-44c9-9e92-20e552d86ba0" />
      <TestMethod codeBase="F:\ETWork\bin\Tests\UnitTests.iCore.Common.dll" adapterTypeName="Microsoft.VisualStudio.TestTools.TestTypes.Unit.UnitTestAdapter" className="UnitTests.iCore.Common.RecurringEventWatcherTests" name="Add_CountThresholdNotReachedSinceLastClear_CountThresholdReachedIsNotRaised" />
    </UnitTest>
    <UnitTest name="Clear_CountThresholdNotReachedSinceLastClear_CountThresholdClearedIsNotRaised" storage="f:\etwork\bin\tests\unittests.icore.common.dll" id="15f11c9a-21b5-5d68-bb4e-48c94386e9d2">
      <Execution id="4c3e20b9-b2ef-4ca3-bc95-0e3cbf029ae0" />
      <TestMethod codeBase="F:\ETWork\bin\Tests\UnitTests.iCore.Common.dll" adapterTypeName="Microsoft.VisualStudio.TestTools.TestTypes.Unit.UnitTestAdapter" className="UnitTests.iCore.Common.RecurringEventWatcherTests" name="Clear_CountThresholdNotReachedSinceLastClear_CountThresholdClearedIsNotRaised" />
    </UnitTest>
    <UnitTest name="Add_CountThresholdReachedAgainAfterClear_CountThresholdReachedIsRaised" storage="f:\etwork\bin\tests\unittests.icore.common.dll" id="58601bd5-1f12-f781-2524-c9d36294b2c0">
      <Execution id="3e30bf0a-4155-481e-a959-1f1d9375f718" />
      <TestMethod codeBase="F:\ETWork\bin\Tests\UnitTests.iCore.Common.dll" adapterTypeName="Microsoft.VisualStudio.TestTools.TestTypes.Unit.UnitTestAdapter" className="UnitTests.iCore.Common.RecurringEventWatcherTests" name="Add_CountThresholdReachedAgainAfterClear_CountThresholdReachedIsRaised" />
    </UnitTest>
    <UnitTest name="Cleared_CountThresholdReachedAgainAfterClear_CountThresholdClearedIsRaised" storage="f:\etwork\bin\tests\unittests.icore.common.dll" id="20faf8a4-c94d-b2c4-f0f9-2acad8e8bba3">
      <Execution id="2cde2ff5-bd75-4e81-add0-3232ddc00bfd" />
      <TestMethod codeBase="F:\ETWork\bin\Tests\UnitTests.iCore.Common.dll" adapterTypeName="Microsoft.VisualStudio.TestTools.TestTypes.Unit.UnitTestAdapter" className="UnitTests.iCore.Common.RecurringEventWatcherTests" name="Cleared_CountThresholdReachedAgainAfterClear_CountThresholdClearedIsRaised" />
    </UnitTest>
    <UnitTest name="AddEventsLessFrequentThanFrequencyThreshold_FrequencyThresholdReachedIsNotRaised" storage="f:\etwork\bin\tests\unittests.icore.common.dll" id="3c5e44d7-cebd-4a7c-6607-74a74cc30eb2">
      <Execution id="d60e83b4-fedb-428a-87aa-b81e838226b4" />
      <TestMethod codeBase="F:\ETWork\bin\Tests\UnitTests.iCore.Common.dll" adapterTypeName="Microsoft.VisualStudio.TestTools.TestTypes.Unit.UnitTestAdapter" className="UnitTests.iCore.Common.RecurringEventWatcherTests" name="AddEventsLessFrequentThanFrequencyThreshold_FrequencyThresholdReachedIsNotRaised" />
    </UnitTest>
    <UnitTest name="AddEventsBreakingFrequencyThreshold_FrequencyThresholdReachedIsRaised" storage="f:\etwork\bin\tests\unittests.icore.common.dll" id="a6e85539-de0a-e1ae-e990-d0e452f05ebc">
      <Execution id="11981090-783f-4b47-a6ba-a0f339419e02" />
      <TestMethod codeBase="F:\ETWork\bin\Tests\UnitTests.iCore.Common.dll" adapterTypeName="Microsoft.VisualStudio.TestTools.TestTypes.Unit.UnitTestAdapter" className="UnitTests.iCore.Common.RecurringEventWatcherTests" name="AddEventsBreakingFrequencyThreshold_FrequencyThresholdReachedIsRaised" />
    </UnitTest>
    <UnitTest name="FrequencyThresholdReached_FrequencyThresholdClearedIsRaisedWhenFrequencyIntervalTimeHasPassedSinceFirstEventWasAdded" storage="f:\etwork\bin\tests\unittests.icore.common.dll" id="b41a59ea-98df-12de-12b0-1e9dc0b53a13">
      <Execution id="79b71018-993d-45bb-b0e9-fee96b06524d" />
      <TestMethod codeBase="F:\ETWork\bin\Tests\UnitTests.iCore.Common.dll" adapterTypeName="Microsoft.VisualStudio.TestTools.TestTypes.Unit.UnitTestAdapter" className="UnitTests.iCore.Common.RecurringEventWatcherTests" name="FrequencyThresholdReached_FrequencyThresholdClearedIsRaisedWhenFrequencyIntervalTimeHasPassedSinceFirstEventWasAdded" />
    </UnitTest>
    <UnitTest name="Clear_FrequencyThresholdReached_FrequencyThresholdClearedIsRaised" storage="f:\etwork\bin\tests\unittests.icore.common.dll" id="0f8a8da6-1789-da2d-bbf4-621bfb812e33">
      <Execution id="1ef211fc-8d82-4b29-908c-fbd752520d11" />
      <TestMethod codeBase="F:\ETWork\bin\Tests\UnitTests.iCore.Common.dll" adapterTypeName="Microsoft.VisualStudio.TestTools.TestTypes.Unit.UnitTestAdapter" className="UnitTests.iCore.Common.RecurringEventWatcherTests" name="Clear_FrequencyThresholdReached_FrequencyThresholdClearedIsRaised" />
    </UnitTest>
    <UnitTest name="AddEventsWithMultipleCategoriesBreakingFrequencyThreshold_FrequencyThresholdReachedIsRaised" storage="f:\etwork\bin\tests\unittests.icore.common.dll" id="b99fa297-b1f0-9722-d1a7-96e3c3d0476c">
      <Execution id="87c66777-1911-4fac-86e8-814862ab5aec" />
      <TestMethod codeBase="F:\ETWork\bin\Tests\UnitTests.iCore.Common.dll" adapterTypeName="Microsoft.VisualStudio.TestTools.TestTypes.Unit.UnitTestAdapter" className="UnitTests.iCore.Common.RecurringEventWatcherTests" name="AddEventsWithMultipleCategoriesBreakingFrequencyThreshold_FrequencyThresholdReachedIsRaised" />
    </UnitTest>
    <UnitTest name="FrequencyThresholdReachedForMultipleCategories_FrequencyThresholdClearedIsRaisedWhenFrequencyIntervalTimeHasPassedSinceFirstEventWasAdded" storage="f:\etwork\bin\tests\unittests.icore.common.dll" id="e0b47bf4-24ab-5fca-fb6b-1149271b91bf">
      <Execution id="11577ab4-a2ce-4eb9-8cb0-49bf739701ef" />
      <TestMethod codeBase="F:\ETWork\bin\Tests\UnitTests.iCore.Common.dll" adapterTypeName="Microsoft.VisualStudio.TestTools.TestTypes.Unit.UnitTestAdapter" className="UnitTests.iCore.Common.RecurringEventWatcherTests" name="FrequencyThresholdReachedForMultipleCategories_FrequencyThresholdClearedIsRaisedWhenFrequencyIntervalTimeHasPassedSinceFirstEventWasAdded" />
    </UnitTest>
    <UnitTest name="ClearCategory_FrequencyThresholdReachedForMultipleCategories_FrequencyThresholdClearedRaisedForCorrectCategory" storage="f:\etwork\bin\tests\unittests.icore.common.dll" id="573395d5-e91b-2a46-e586-6989234ac556">
      <Execution id="7d5fcc22-2c1a-4f56-a07a-02c9aa21f3f4" />
      <TestMethod codeBase="F:\ETWork\bin\Tests\UnitTests.iCore.Common.dll" adapterTypeName="Microsoft.VisualStudio.TestTools.TestTypes.Unit.UnitTestAdapter" className="UnitTests.iCore.Common.RecurringEventWatcherTests" name="ClearCategory_FrequencyThresholdReachedForMultipleCategories_FrequencyThresholdClearedRaisedForCorrectCategory" />
    </UnitTest>
    <UnitTest name="FrequencyThresholdReachedForSecondTime_FrequencyThresholdReachedIsRaised" storage="f:\etwork\bin\tests\unittests.icore.common.dll" id="810a85e2-e582-7fc5-0d0f-0dcae290424c">
      <Execution id="61adb882-1dad-4705-8923-04ffc1d6872e" />
      <TestMethod codeBase="F:\ETWork\bin\Tests\UnitTests.iCore.Common.dll" adapterTypeName="Microsoft.VisualStudio.TestTools.TestTypes.Unit.UnitTestAdapter" className="UnitTests.iCore.Common.RecurringEventWatcherTests" name="FrequencyThresholdReachedForSecondTime_FrequencyThresholdReachedIsRaised" />
    </UnitTest>
    <UnitTest name="FrequencyThresholdClearedForSecondTime_FrequencyThresholdClearedIsRaised" storage="f:\etwork\bin\tests\unittests.icore.common.dll" id="883fd7f6-bbc7-cdac-b18c-098e0dadf6a5">
      <Execution id="28ddd179-8ea5-4ab5-9dcc-b1645c9ba8fa" />
      <TestMethod codeBase="F:\ETWork\bin\Tests\UnitTests.iCore.Common.dll" adapterTypeName="Microsoft.VisualStudio.TestTools.TestTypes.Unit.UnitTestAdapter" className="UnitTests.iCore.Common.RecurringEventWatcherTests" name="FrequencyThresholdClearedForSecondTime_FrequencyThresholdClearedIsRaised" />
    </UnitTest>
    <UnitTest name="Retry_NullAction_ThrowsArgumentNullException" storage="f:\etwork\bin\tests\unittests.icore.common.dll" id="9b0d2b73-b4d4-668b-c516-56bd2650f250">
      <Execution id="d7c09b9a-963d-4482-a57c-a5274e1a7300" />
      <TestMethod codeBase="F:\ETWork\bin\Tests\UnitTests.iCore.Common.dll" adapterTypeName="Microsoft.VisualStudio.TestTools.TestTypes.Unit.UnitTestAdapter" className="UnitTests.iCore.Common.RetryManagerTests" name="Retry_NullAction_ThrowsArgumentNullException" />
    </UnitTest>
    <UnitTest name="Retry_NullRetryRule_ThrowsArgumentNullException" storage="f:\etwork\bin\tests\unittests.icore.common.dll" id="7532ca98-f92d-17dc-0b7e-b225decadc98">
      <Execution id="76b4b44f-760b-4d25-876f-a257956df742" />
      <TestMethod codeBase="F:\ETWork\bin\Tests\UnitTests.iCore.Common.dll" adapterTypeName="Microsoft.VisualStudio.TestTools.TestTypes.Unit.UnitTestAdapter" className="UnitTests.iCore.Common.RetryManagerTests" name="Retry_NullRetryRule_ThrowsArgumentNullException" />
    </UnitTest>
    <UnitTest name="Retry_ZeroMaxRetries_RunsActionOnlyOnce" storage="f:\etwork\bin\tests\unittests.icore.common.dll" id="6e5e1f42-6002-befe-0983-419082368f5c">
      <Execution id="d0425cc0-f72d-484d-8394-a7f0f02253b4" />
      <TestMethod codeBase="F:\ETWork\bin\Tests\UnitTests.iCore.Common.dll" adapterTypeName="Microsoft.VisualStudio.TestTools.TestTypes.Unit.UnitTestAdapter" className="UnitTests.iCore.Common.RetryManagerTests" name="Retry_ZeroMaxRetries_RunsActionOnlyOnce" />
    </UnitTest>
    <UnitTest name="Retry_ZeroMaxRetries_ThrowsTestException" storage="f:\etwork\bin\tests\unittests.icore.common.dll" id="c06713f0-e9db-6b4b-5fc0-cd5f2662d5b4">
      <Execution id="2a0b9906-34ee-48ac-87ca-2e00fa443946" />
      <TestMethod codeBase="F:\ETWork\bin\Tests\UnitTests.iCore.Common.dll" adapterTypeName="Microsoft.VisualStudio.TestTools.TestTypes.Unit.UnitTestAdapter" className="UnitTests.iCore.Common.RetryManagerTests" name="Retry_ZeroMaxRetries_ThrowsTestException" />
    </UnitTest>
    <UnitTest name="Retry_FourMaxRetriesActionSucceeds_RunsActionOnlyOnce" storage="f:\etwork\bin\tests\unittests.icore.common.dll" id="30a14669-df18-ab70-471e-d6d37dddb0ad">
      <Execution id="f4327f8f-8e0a-4cec-af6d-087cec5d1b03" />
      <TestMethod codeBase="F:\ETWork\bin\Tests\UnitTests.iCore.Common.dll" adapterTypeName="Microsoft.VisualStudio.TestTools.TestTypes.Unit.UnitTestAdapter" className="UnitTests.iCore.Common.RetryManagerTests" name="Retry_FourMaxRetriesActionSucceeds_RunsActionOnlyOnce" />
    </UnitTest>
    <UnitTest name="Retry_FourMaxRetriesActionSucceedsOnThirdAttempt_DoesNotThrow" storage="f:\etwork\bin\tests\unittests.icore.common.dll" id="e02ca0ec-5e3a-74ac-c49c-2e4a43fd5866">
      <Execution id="2be9e601-ccf6-4e95-9af5-73a73398c957" />
      <TestMethod codeBase="F:\ETWork\bin\Tests\UnitTests.iCore.Common.dll" adapterTypeName="Microsoft.VisualStudio.TestTools.TestTypes.Unit.UnitTestAdapter" className="UnitTests.iCore.Common.RetryManagerTests" name="Retry_FourMaxRetriesActionSucceedsOnThirdAttempt_DoesNotThrow" />
    </UnitTest>
    <UnitTest name="Retry_TwoMaxRetriesActionFailsThreeTimes_ThrowsCorrectRetryFailureException" storage="f:\etwork\bin\tests\unittests.icore.common.dll" id="0e7499ae-bcb5-1231-45ff-669c9fbebe99">
      <Execution id="51cb0470-9acb-4a45-9de3-81c6702ae9b8" />
      <TestMethod codeBase="F:\ETWork\bin\Tests\UnitTests.iCore.Common.dll" adapterTypeName="Microsoft.VisualStudio.TestTools.TestTypes.Unit.UnitTestAdapter" className="UnitTests.iCore.Common.RetryManagerTests" name="Retry_TwoMaxRetriesActionFailsThreeTimes_ThrowsCorrectRetryFailureException" />
    </UnitTest>
    <UnitTest name="Retry_TwoMaxRetriesWithFilteredExceptionsActionFailsThreeTimesWithAllowedExceptions_Succeeds" storage="f:\etwork\bin\tests\unittests.icore.common.dll" id="bf0e6ef3-1207-2332-b1b8-675f6375b82e">
      <Execution id="d8dca6fc-c198-4595-9826-501c1de68817" />
      <TestMethod codeBase="F:\ETWork\bin\Tests\UnitTests.iCore.Common.dll" adapterTypeName="Microsoft.VisualStudio.TestTools.TestTypes.Unit.UnitTestAdapter" className="UnitTests.iCore.Common.RetryManagerTests" name="Retry_TwoMaxRetriesWithFilteredExceptionsActionFailsThreeTimesWithAllowedExceptions_Succeeds" />
    </UnitTest>
    <UnitTest name="Retry_TwoMaxRetriesWithFiltereedExceptionsActionFailsWithTooManyUnallowedExceptions_ThrowsCorrectRetryFailedException" storage="f:\etwork\bin\tests\unittests.icore.common.dll" id="f923cd0f-dfab-9f73-3ae5-765ebddc5875">
      <Execution id="9a0db3e5-16e4-45f8-b137-e7572cba78d2" />
      <TestMethod codeBase="F:\ETWork\bin\Tests\UnitTests.iCore.Common.dll" adapterTypeName="Microsoft.VisualStudio.TestTools.TestTypes.Unit.UnitTestAdapter" className="UnitTests.iCore.Common.RetryManagerTests" name="Retry_TwoMaxRetriesWithFiltereedExceptionsActionFailsWithTooManyUnallowedExceptions_ThrowsCorrectRetryFailedException" />
    </UnitTest>
    <UnitTest name="Retry_TwoMaxRetriesIgnoringDeadlocks_ActionDeadlocksThreeTimes_Succeeds" storage="f:\etwork\bin\tests\unittests.icore.common.dll" id="f7de1aff-11f1-9a54-d1bd-baaf5fae23ea">
      <Execution id="c1ee3a1b-a481-414b-a695-733c34af378e" />
      <TestMethod codeBase="F:\ETWork\bin\Tests\UnitTests.iCore.Common.dll" adapterTypeName="Microsoft.VisualStudio.TestTools.TestTypes.Unit.UnitTestAdapter" className="UnitTests.iCore.Common.RetryManagerTests" name="Retry_TwoMaxRetriesIgnoringDeadlocks_ActionDeadlocksThreeTimes_Succeeds" />
    </UnitTest>
    <UnitTest name="Retry_TwoMaxRetriesIgnoringDeadlocks_ActionThrowsMixOfDeadlocksAndOtherErrors_ThrowsCorrectRetryFailedException" storage="f:\etwork\bin\tests\unittests.icore.common.dll" id="eb29977b-3bc0-a614-e26a-a08d32d038c9">
      <Execution id="1ebae601-1d16-4587-8289-6f3ddf746065" />
      <TestMethod codeBase="F:\ETWork\bin\Tests\UnitTests.iCore.Common.dll" adapterTypeName="Microsoft.VisualStudio.TestTools.TestTypes.Unit.UnitTestAdapter" className="UnitTests.iCore.Common.RetryManagerTests" name="Retry_TwoMaxRetriesIgnoringDeadlocks_ActionThrowsMixOfDeadlocksAndOtherErrors_ThrowsCorrectRetryFailedException" />
    </UnitTest>
    <UnitTest name="Retry_ZeroMaxConsecutiveRetries_RunsActionOnlyOnce" storage="f:\etwork\bin\tests\unittests.icore.common.dll" id="733d1333-1788-d492-21a6-e6779f56c3d6">
      <Execution id="451250b1-90ea-4904-979b-be92090ce957" />
      <TestMethod codeBase="F:\ETWork\bin\Tests\UnitTests.iCore.Common.dll" adapterTypeName="Microsoft.VisualStudio.TestTools.TestTypes.Unit.UnitTestAdapter" className="UnitTests.iCore.Common.RetryManagerTests" name="Retry_ZeroMaxConsecutiveRetries_RunsActionOnlyOnce" />
    </UnitTest>
    <UnitTest name="Retry_FourMaxConsecutiveRetriesActionSucceeds_RunsActionOnlyOnce" storage="f:\etwork\bin\tests\unittests.icore.common.dll" id="a7c83cfb-0f94-edd5-7c75-284df5c9c819">
      <Execution id="f4c66770-3c7f-4e51-b98b-a3db1c47b9af" />
      <TestMethod codeBase="F:\ETWork\bin\Tests\UnitTests.iCore.Common.dll" adapterTypeName="Microsoft.VisualStudio.TestTools.TestTypes.Unit.UnitTestAdapter" className="UnitTests.iCore.Common.RetryManagerTests" name="Retry_FourMaxConsecutiveRetriesActionSucceeds_RunsActionOnlyOnce" />
    </UnitTest>
    <UnitTest name="Retry_TwoMaxConsecutiveRetriesActionThrowsManyNonConsecutiveExceptions_DoesNotThrow" storage="f:\etwork\bin\tests\unittests.icore.common.dll" id="05caa212-0e87-897a-87eb-4cf639109ebe">
      <Execution id="35d3181d-2d4d-4940-a07b-ca2470410f21" />
      <TestMethod codeBase="F:\ETWork\bin\Tests\UnitTests.iCore.Common.dll" adapterTypeName="Microsoft.VisualStudio.TestTools.TestTypes.Unit.UnitTestAdapter" className="UnitTests.iCore.Common.RetryManagerTests" name="Retry_TwoMaxConsecutiveRetriesActionThrowsManyNonConsecutiveExceptions_DoesNotThrow" />
    </UnitTest>
    <UnitTest name="Retry_TwoMaxConsecutiveRetriesActionThrowsThreeConsecutiveErrors_ThrowsCorrectRetryFailureException" storage="f:\etwork\bin\tests\unittests.icore.common.dll" id="7b99d2d7-ed13-b1c8-b115-1667287ab461">
      <Execution id="ad1d274a-46ab-49ae-9823-c289b99ea166" />
      <TestMethod codeBase="F:\ETWork\bin\Tests\UnitTests.iCore.Common.dll" adapterTypeName="Microsoft.VisualStudio.TestTools.TestTypes.Unit.UnitTestAdapter" className="UnitTests.iCore.Common.RetryManagerTests" name="Retry_TwoMaxConsecutiveRetriesActionThrowsThreeConsecutiveErrors_ThrowsCorrectRetryFailureException" />
    </UnitTest>
    <UnitTest name="Retry_TwoMaxConsecutiveWithFilteredExceptionsActionFailsThreeTimesWithAllowedExceptions_Succeeds" storage="f:\etwork\bin\tests\unittests.icore.common.dll" id="a5150760-4dcc-d8d2-2909-6dc54e65b23f">
      <Execution id="fcaa2e61-a84b-4e04-be83-45cb73563715" />
      <TestMethod codeBase="F:\ETWork\bin\Tests\UnitTests.iCore.Common.dll" adapterTypeName="Microsoft.VisualStudio.TestTools.TestTypes.Unit.UnitTestAdapter" className="UnitTests.iCore.Common.RetryManagerTests" name="Retry_TwoMaxConsecutiveWithFilteredExceptionsActionFailsThreeTimesWithAllowedExceptions_Succeeds" />
    </UnitTest>
    <UnitTest name="Retry_TwoMaxConsecutiveErrorsWithFiltereedExceptionsActionFailsWithTooManyUnallowedExceptions_ThrowsCorrectRetryFailedException" storage="f:\etwork\bin\tests\unittests.icore.common.dll" id="3cbcdaea-d5be-443b-51a5-7e09de3620f3">
      <Execution id="6718bb97-ec19-4708-879b-7d6e255710ed" />
      <TestMethod codeBase="F:\ETWork\bin\Tests\UnitTests.iCore.Common.dll" adapterTypeName="Microsoft.VisualStudio.TestTools.TestTypes.Unit.UnitTestAdapter" className="UnitTests.iCore.Common.RetryManagerTests" name="Retry_TwoMaxConsecutiveErrorsWithFiltereedExceptionsActionFailsWithTooManyUnallowedExceptions_ThrowsCorrectRetryFailedException" />
    </UnitTest>
    <UnitTest name="Retry_TwoMaxConsecutiveErrorsIgnoringDeadlocks_ActionDeadlocksThreeTimesInARow_Succeeds" storage="f:\etwork\bin\tests\unittests.icore.common.dll" id="5b80d864-252f-3f0f-c92b-a96579b571da">
      <Execution id="e7a597c5-b24d-4101-94d8-395c56fa614e" />
      <TestMethod codeBase="F:\ETWork\bin\Tests\UnitTests.iCore.Common.dll" adapterTypeName="Microsoft.VisualStudio.TestTools.TestTypes.Unit.UnitTestAdapter" className="UnitTests.iCore.Common.RetryManagerTests" name="Retry_TwoMaxConsecutiveErrorsIgnoringDeadlocks_ActionDeadlocksThreeTimesInARow_Succeeds" />
    </UnitTest>
    <UnitTest name="Retry_Max3TotalErrors_Max2ConsecutiveErrors_ActionThrowsThreeDifferentExceptions_ThrowsCorrectException" storage="f:\etwork\bin\tests\unittests.icore.common.dll" id="ea7764bf-5cf6-1510-8f2b-0fd3d0e278a7">
      <Execution id="f7c0877f-557f-401a-b8e8-a23b7e25db1c" />
      <TestMethod codeBase="F:\ETWork\bin\Tests\UnitTests.iCore.Common.dll" adapterTypeName="Microsoft.VisualStudio.TestTools.TestTypes.Unit.UnitTestAdapter" className="UnitTests.iCore.Common.RetryManagerTests" name="Retry_Max3TotalErrors_Max2ConsecutiveErrors_ActionThrowsThreeDifferentExceptions_ThrowsCorrectException" />
    </UnitTest>
    <UnitTest name="Retry_DelayBetweenRetries_CancellationSet_ThrowsCorrectException" storage="f:\etwork\bin\tests\unittests.icore.common.dll" id="ed87f482-cc02-9f0a-840b-4c0b6ea42164">
      <Execution id="8a736a46-7438-444f-a632-f88d0534a972" />
      <TestMethod codeBase="F:\ETWork\bin\Tests\UnitTests.iCore.Common.dll" adapterTypeName="Microsoft.VisualStudio.TestTools.TestTypes.Unit.UnitTestAdapter" className="UnitTests.iCore.Common.RetryManagerTests" name="Retry_DelayBetweenRetries_CancellationSet_ThrowsCorrectException" />
    </UnitTest>
    <UnitTest name="ExecuteAsync_ErrorsOccurs_RetriesAreHandledCorrectly" storage="f:\etwork\bin\tests\unittests.icore.common.dll" id="8f2126f5-8c90-1685-549c-b1e48124503d">
      <Execution id="fc752f8b-63e0-49f9-b8f4-14202a49a482" />
      <TestMethod codeBase="F:\ETWork\bin\Tests\UnitTests.iCore.Common.dll" adapterTypeName="Microsoft.VisualStudio.TestTools.TestTypes.Unit.UnitTestAdapter" className="UnitTests.iCore.Common.RetryManagerTests" name="ExecuteAsync_ErrorsOccurs_RetriesAreHandledCorrectly" />
    </UnitTest>
    <UnitTest name="ExecuteAsyncWithReturnValue_ErrorsOccurs_RetriesAreHandledCorrectly" storage="f:\etwork\bin\tests\unittests.icore.common.dll" id="53fb41d8-bfb7-6be6-d02b-4d7695255037">
      <Execution id="090f498d-e96f-41a4-8099-e0c7e3e82278" />
      <TestMethod codeBase="F:\ETWork\bin\Tests\UnitTests.iCore.Common.dll" adapterTypeName="Microsoft.VisualStudio.TestTools.TestTypes.Unit.UnitTestAdapter" className="UnitTests.iCore.Common.RetryManagerTests" name="ExecuteAsyncWithReturnValue_ErrorsOccurs_RetriesAreHandledCorrectly" />
    </UnitTest>
    <UnitTest name="ReadPrefixedString_1BytePrefix_ReturnsCorrectStringAndBytes" storage="f:\etwork\bin\tests\unittests.icore.common.dll" id="92dfb640-dd6c-18fa-05ed-9acae7871f38">
      <Execution id="f6f15a1b-b949-40b3-8c6a-156cbc33ed95" />
      <TestMethod codeBase="F:\ETWork\bin\Tests\UnitTests.iCore.Common.dll" adapterTypeName="Microsoft.VisualStudio.TestTools.TestTypes.Unit.UnitTestAdapter" className="UnitTests.iCore.Common.StreamUtilityImplTest" name="ReadPrefixedString_1BytePrefix_ReturnsCorrectStringAndBytes" />
    </UnitTest>
    <UnitTest name="ReadPrefixedString_PrefixGreaterThanActualSizeOfString_ThrowsFormatException" storage="f:\etwork\bin\tests\unittests.icore.common.dll" id="036911f7-2384-5519-faa6-d327d5ee7cbb">
      <Execution id="1b2b44dd-ed81-4277-b40c-f8f06ae4cb9a" />
      <TestMethod codeBase="F:\ETWork\bin\Tests\UnitTests.iCore.Common.dll" adapterTypeName="Microsoft.VisualStudio.TestTools.TestTypes.Unit.UnitTestAdapter" className="UnitTests.iCore.Common.StreamUtilityImplTest" name="ReadPrefixedString_PrefixGreaterThanActualSizeOfString_ThrowsFormatException" />
    </UnitTest>
    <UnitTest name="ReadPrefixedString_PrefixGreaterThanActualSizeOfStringAndMaxCharsLessThanString_Success" storage="f:\etwork\bin\tests\unittests.icore.common.dll" id="f5665beb-4141-31cc-d1b4-df165f5a7436">
      <Execution id="b6062da6-50b9-4243-90e3-11adfc52cd18" />
      <TestMethod codeBase="F:\ETWork\bin\Tests\UnitTests.iCore.Common.dll" adapterTypeName="Microsoft.VisualStudio.TestTools.TestTypes.Unit.UnitTestAdapter" className="UnitTests.iCore.Common.StreamUtilityImplTest" name="ReadPrefixedString_PrefixGreaterThanActualSizeOfStringAndMaxCharsLessThanString_Success" />
    </UnitTest>
    <UnitTest name="ReadPrefixedString_PrefixGreaterThanActualSizeOfStringAndMaxCharsMoreThanString_ThrowsFormatException" storage="f:\etwork\bin\tests\unittests.icore.common.dll" id="b6399c58-1e6a-fb77-56dc-2611af0c0f29">
      <Execution id="3573965a-24bb-4977-a376-8f0e283253e3" />
      <TestMethod codeBase="F:\ETWork\bin\Tests\UnitTests.iCore.Common.dll" adapterTypeName="Microsoft.VisualStudio.TestTools.TestTypes.Unit.UnitTestAdapter" className="UnitTests.iCore.Common.StreamUtilityImplTest" name="ReadPrefixedString_PrefixGreaterThanActualSizeOfStringAndMaxCharsMoreThanString_ThrowsFormatException" />
    </UnitTest>
    <UnitTest name="ReadPrefixedString_InputStreamContainsDataAfterString_Success" storage="f:\etwork\bin\tests\unittests.icore.common.dll" id="f6772bce-972d-7b10-b655-8423107fa5e2">
      <Execution id="b08f9ec2-89d4-4e0a-bd93-144af0e14781" />
      <TestMethod codeBase="F:\ETWork\bin\Tests\UnitTests.iCore.Common.dll" adapterTypeName="Microsoft.VisualStudio.TestTools.TestTypes.Unit.UnitTestAdapter" className="UnitTests.iCore.Common.StreamUtilityImplTest" name="ReadPrefixedString_InputStreamContainsDataAfterString_Success" />
    </UnitTest>
    <UnitTest name="ReadPrefixedString_2BytePrefix_ReturnsCorrectStringAndBytes" storage="f:\etwork\bin\tests\unittests.icore.common.dll" id="0695d487-87b8-6ea4-1fb8-97931b6cea90">
      <Execution id="23b70ba3-2ef6-448a-aae9-397dedbd5aa2" />
      <TestMethod codeBase="F:\ETWork\bin\Tests\UnitTests.iCore.Common.dll" adapterTypeName="Microsoft.VisualStudio.TestTools.TestTypes.Unit.UnitTestAdapter" className="UnitTests.iCore.Common.StreamUtilityImplTest" name="ReadPrefixedString_2BytePrefix_ReturnsCorrectStringAndBytes" />
    </UnitTest>
    <UnitTest name="ReadPrefixedString_4BytePrefix_ReturnsCorrectStringAndBytes" storage="f:\etwork\bin\tests\unittests.icore.common.dll" id="2148c64c-25b8-eef4-4443-3376f2b98299">
      <Execution id="143d8896-18e5-49d1-be29-108983abc0b1" />
      <TestMethod codeBase="F:\ETWork\bin\Tests\UnitTests.iCore.Common.dll" adapterTypeName="Microsoft.VisualStudio.TestTools.TestTypes.Unit.UnitTestAdapter" className="UnitTests.iCore.Common.StreamUtilityImplTest" name="ReadPrefixedString_4BytePrefix_ReturnsCorrectStringAndBytes" />
    </UnitTest>
    <UnitTest name="ReadPrefixedString_UTF7Prefix_ReturnsCorrectStringAndBytes" storage="f:\etwork\bin\tests\unittests.icore.common.dll" id="ab4f7604-3681-36b9-1fb6-82e94714e26a">
      <Execution id="fb8cb636-8bee-4e44-b8dd-9b1fdbc55a73" />
      <TestMethod codeBase="F:\ETWork\bin\Tests\UnitTests.iCore.Common.dll" adapterTypeName="Microsoft.VisualStudio.TestTools.TestTypes.Unit.UnitTestAdapter" className="UnitTests.iCore.Common.StreamUtilityImplTest" name="ReadPrefixedString_UTF7Prefix_ReturnsCorrectStringAndBytes" />
    </UnitTest>
    <UnitTest name="ReadPrefixedString_UTF7PrefixAndWrongPrefixFormat_ThrowsFormatException" storage="f:\etwork\bin\tests\unittests.icore.common.dll" id="bf38c723-899c-c9a8-5fa1-a2f909dd9916">
      <Execution id="6d348c43-d3ea-4866-b0bf-893da7e12cb0" />
      <TestMethod codeBase="F:\ETWork\bin\Tests\UnitTests.iCore.Common.dll" adapterTypeName="Microsoft.VisualStudio.TestTools.TestTypes.Unit.UnitTestAdapter" className="UnitTests.iCore.Common.StreamUtilityImplTest" name="ReadPrefixedString_UTF7PrefixAndWrongPrefixFormat_ThrowsFormatException" />
    </UnitTest>
    <UnitTest name="ReadPrefixedString_UTF7PrefixIAndVeryLongString_ReturnsCorrectStringAndBytes" storage="f:\etwork\bin\tests\unittests.icore.common.dll" id="16f04824-e8a0-931e-4723-42d0fc2b68d1">
      <Execution id="f1a79bff-a3bc-452a-b5b7-e781a147c53e" />
      <TestMethod codeBase="F:\ETWork\bin\Tests\UnitTests.iCore.Common.dll" adapterTypeName="Microsoft.VisualStudio.TestTools.TestTypes.Unit.UnitTestAdapter" className="UnitTests.iCore.Common.StreamUtilityImplTest" name="ReadPrefixedString_UTF7PrefixIAndVeryLongString_ReturnsCorrectStringAndBytes" />
    </UnitTest>
    <UnitTest name="ReadPrefixedString_UTF7PrefixAndNonSeekableStream_ReturnsCorrectStringAndBytes" storage="f:\etwork\bin\tests\unittests.icore.common.dll" id="275fa635-e5e4-9f35-da27-4de35e58bfd0">
      <Execution id="e81fd608-40fa-4b52-9ed2-333da07d8a6a" />
      <TestMethod codeBase="F:\ETWork\bin\Tests\UnitTests.iCore.Common.dll" adapterTypeName="Microsoft.VisualStudio.TestTools.TestTypes.Unit.UnitTestAdapter" className="UnitTests.iCore.Common.StreamUtilityImplTest" name="ReadPrefixedString_UTF7PrefixAndNonSeekableStream_ReturnsCorrectStringAndBytes" />
    </UnitTest>
    <UnitTest name="ReadPrefixedString_UTF7PrefixAndMaxCharsSetToLessThanString_ReturnsCorrectStringAndBytes" storage="f:\etwork\bin\tests\unittests.icore.common.dll" id="d2c4ce38-7b16-695f-5881-55d16dc12801">
      <Execution id="4e665587-0511-40f3-aee4-3fd13abd19a5" />
      <TestMethod codeBase="F:\ETWork\bin\Tests\UnitTests.iCore.Common.dll" adapterTypeName="Microsoft.VisualStudio.TestTools.TestTypes.Unit.UnitTestAdapter" className="UnitTests.iCore.Common.StreamUtilityImplTest" name="ReadPrefixedString_UTF7PrefixAndMaxCharsSetToLessThanString_ReturnsCorrectStringAndBytes" />
    </UnitTest>
    <UnitTest name="ReadPrefixedString_UTF7PrefixAndMaxCharsSetToGreaterThanString_ReturnsCorrectStringAndBytes" storage="f:\etwork\bin\tests\unittests.icore.common.dll" id="6b4280c3-f910-fe7e-8283-b1f5cd96372e">
      <Execution id="3deb3ce2-4582-42bc-be8b-560c73885e9f" />
      <TestMethod codeBase="F:\ETWork\bin\Tests\UnitTests.iCore.Common.dll" adapterTypeName="Microsoft.VisualStudio.TestTools.TestTypes.Unit.UnitTestAdapter" className="UnitTests.iCore.Common.StreamUtilityImplTest" name="ReadPrefixedString_UTF7PrefixAndMaxCharsSetToGreaterThanString_ReturnsCorrectStringAndBytes" />
    </UnitTest>
    <UnitTest name="ReadPrefixedString_UTF7PrefixAndMaxCharsSetToEqualToString_ReturnsCorrectStringAndBytes" storage="f:\etwork\bin\tests\unittests.icore.common.dll" id="433f6b6e-886e-8b65-221a-7d52e0655df2">
      <Execution id="6c18b55c-7be5-44fe-bad0-b389c68ee190" />
      <TestMethod codeBase="F:\ETWork\bin\Tests\UnitTests.iCore.Common.dll" adapterTypeName="Microsoft.VisualStudio.TestTools.TestTypes.Unit.UnitTestAdapter" className="UnitTests.iCore.Common.StreamUtilityImplTest" name="ReadPrefixedString_UTF7PrefixAndMaxCharsSetToEqualToString_ReturnsCorrectStringAndBytes" />
    </UnitTest>
    <UnitTest name="ReadNullTerminatedString_ReadAllCharacters_ReturnsCorrectStringAndBytes" storage="f:\etwork\bin\tests\unittests.icore.common.dll" id="ca5078c3-84bf-dfab-c634-d80ffe1e04e6">
      <Execution id="ea63f7e8-bdf3-4ee4-9873-c7ac855563d0" />
      <TestMethod codeBase="F:\ETWork\bin\Tests\UnitTests.iCore.Common.dll" adapterTypeName="Microsoft.VisualStudio.TestTools.TestTypes.Unit.UnitTestAdapter" className="UnitTests.iCore.Common.StreamUtilityImplTest" name="ReadNullTerminatedString_ReadAllCharacters_ReturnsCorrectStringAndBytes" />
    </UnitTest>
    <UnitTest name="ReadNullTerminatedString_MaxCharsSetLessThanString_ReturnsCorrectStringAndBytes" storage="f:\etwork\bin\tests\unittests.icore.common.dll" id="49b9b94a-f48c-dd36-e598-1b2ad541bb7c">
      <Execution id="66c4b903-a7aa-4fa1-81d5-62e91c79c7e3" />
      <TestMethod codeBase="F:\ETWork\bin\Tests\UnitTests.iCore.Common.dll" adapterTypeName="Microsoft.VisualStudio.TestTools.TestTypes.Unit.UnitTestAdapter" className="UnitTests.iCore.Common.StreamUtilityImplTest" name="ReadNullTerminatedString_MaxCharsSetLessThanString_ReturnsCorrectStringAndBytes" />
    </UnitTest>
    <UnitTest name="ReadNullTerminatedString_MaxCharsLargerThanString_ReturnsCorrectStringAndBytes" storage="f:\etwork\bin\tests\unittests.icore.common.dll" id="a7a12e4b-3f73-81ec-6b33-5f03a182adee">
      <Execution id="63b16145-1bc0-4f6c-8fbd-1b237393377b" />
      <TestMethod codeBase="F:\ETWork\bin\Tests\UnitTests.iCore.Common.dll" adapterTypeName="Microsoft.VisualStudio.TestTools.TestTypes.Unit.UnitTestAdapter" className="UnitTests.iCore.Common.StreamUtilityImplTest" name="ReadNullTerminatedString_MaxCharsLargerThanString_ReturnsCorrectStringAndBytes" />
    </UnitTest>
    <UnitTest name="ReadNullTerminatedString_MaxCharsEqualToString_ReturnsCorrectStringAndBytes" storage="f:\etwork\bin\tests\unittests.icore.common.dll" id="b7dc6d28-b2d5-a2cf-dff9-2f9dc410f9d3">
      <Execution id="a5db329f-77ce-4ee5-985a-b56b25b795ea" />
      <TestMethod codeBase="F:\ETWork\bin\Tests\UnitTests.iCore.Common.dll" adapterTypeName="Microsoft.VisualStudio.TestTools.TestTypes.Unit.UnitTestAdapter" className="UnitTests.iCore.Common.StreamUtilityImplTest" name="ReadNullTerminatedString_MaxCharsEqualToString_ReturnsCorrectStringAndBytes" />
    </UnitTest>
    <UnitTest name="ReadNullTerminatedString_ASCIIAndNullCharMissing_Throws" storage="f:\etwork\bin\tests\unittests.icore.common.dll" id="44af3cc9-99bc-31c4-7ac1-cf1f11080ccb">
      <Execution id="1e2a7a48-2e58-4b3d-bf96-60383588c316" />
      <TestMethod codeBase="F:\ETWork\bin\Tests\UnitTests.iCore.Common.dll" adapterTypeName="Microsoft.VisualStudio.TestTools.TestTypes.Unit.UnitTestAdapter" className="UnitTests.iCore.Common.StreamUtilityImplTest" name="ReadNullTerminatedString_ASCIIAndNullCharMissing_Throws" />
    </UnitTest>
    <UnitTest name="ReadText_NumberOfCharsEqualToStreamLength_ReturnsCorrectStringAndBytes" storage="f:\etwork\bin\tests\unittests.icore.common.dll" id="73d9a622-8b12-0aca-3e7e-ef7a3260e77e">
      <Execution id="b8bd5bc3-aeb4-4218-b9ae-460628df1594" />
      <TestMethod codeBase="F:\ETWork\bin\Tests\UnitTests.iCore.Common.dll" adapterTypeName="Microsoft.VisualStudio.TestTools.TestTypes.Unit.UnitTestAdapter" className="UnitTests.iCore.Common.StreamUtilityImplTest" name="ReadText_NumberOfCharsEqualToStreamLength_ReturnsCorrectStringAndBytes" />
    </UnitTest>
    <UnitTest name="ReadText_NumberOfCharsLessThanStreamLength_ReturnsCorrectStringAndBytes" storage="f:\etwork\bin\tests\unittests.icore.common.dll" id="a1d53d05-8b79-6f6e-1456-0f158e1c43bb">
      <Execution id="1577d607-dd61-4267-bd81-eab9fe7c90c9" />
      <TestMethod codeBase="F:\ETWork\bin\Tests\UnitTests.iCore.Common.dll" adapterTypeName="Microsoft.VisualStudio.TestTools.TestTypes.Unit.UnitTestAdapter" className="UnitTests.iCore.Common.StreamUtilityImplTest" name="ReadText_NumberOfCharsLessThanStreamLength_ReturnsCorrectStringAndBytes" />
    </UnitTest>
    <UnitTest name="ReadText_NumberOfCharsLargerThanStreamLength_ReturnsRemainingCharacters" storage="f:\etwork\bin\tests\unittests.icore.common.dll" id="47eb4a19-4b26-f51d-81ad-ef96b70114c4">
      <Execution id="48dc716b-552f-4c98-9919-a39a2f859301" />
      <TestMethod codeBase="F:\ETWork\bin\Tests\UnitTests.iCore.Common.dll" adapterTypeName="Microsoft.VisualStudio.TestTools.TestTypes.Unit.UnitTestAdapter" className="UnitTests.iCore.Common.StreamUtilityImplTest" name="ReadText_NumberOfCharsLargerThanStreamLength_ReturnsRemainingCharacters" />
    </UnitTest>
    <UnitTest name="ReadText_NumberOfCharsIsZero_ReturnsEmptyString" storage="f:\etwork\bin\tests\unittests.icore.common.dll" id="0fcc8407-6516-2e8e-5633-0e3b91b469c0">
      <Execution id="3aebbbed-5e59-4b7b-9b58-fd2bf64d49f0" />
      <TestMethod codeBase="F:\ETWork\bin\Tests\UnitTests.iCore.Common.dll" adapterTypeName="Microsoft.VisualStudio.TestTools.TestTypes.Unit.UnitTestAdapter" className="UnitTests.iCore.Common.StreamUtilityImplTest" name="ReadText_NumberOfCharsIsZero_ReturnsEmptyString" />
    </UnitTest>
    <UnitTest name="ReadText_LargeUTF32String_WithMaxChars_ReturnsExpectedResult" storage="f:\etwork\bin\tests\unittests.icore.common.dll" id="bd414bec-290e-e395-dd52-0922cb6033c0">
      <Execution id="0750b4da-b22f-47a2-8e8d-03a98d58f924" />
      <TestMethod codeBase="F:\ETWork\bin\Tests\UnitTests.iCore.Common.dll" adapterTypeName="Microsoft.VisualStudio.TestTools.TestTypes.Unit.UnitTestAdapter" className="UnitTests.iCore.Common.StreamUtilityImplTest" name="ReadText_LargeUTF32String_WithMaxChars_ReturnsExpectedResult" />
    </UnitTest>
    <UnitTest name="ReadText_LargeUTF16tring_WithMaxChars_ReturnsExpectedResult" storage="f:\etwork\bin\tests\unittests.icore.common.dll" id="70a32390-a71c-cb8a-ced9-da2f6f1a1963">
      <Execution id="92c1205e-b404-4ac2-8f75-1a0a87b6020a" />
      <TestMethod codeBase="F:\ETWork\bin\Tests\UnitTests.iCore.Common.dll" adapterTypeName="Microsoft.VisualStudio.TestTools.TestTypes.Unit.UnitTestAdapter" className="UnitTests.iCore.Common.StreamUtilityImplTest" name="ReadText_LargeUTF16tring_WithMaxChars_ReturnsExpectedResult" />
    </UnitTest>
    <UnitTest name="ReadText_LargeUTF8tring_WithMaxChars_ReturnsExpectedResult" storage="f:\etwork\bin\tests\unittests.icore.common.dll" id="c3452404-940a-e695-3f52-0f3bff22220b">
      <Execution id="ea1395a3-41b8-4c0b-8bc2-df95c2e30d48" />
      <TestMethod codeBase="F:\ETWork\bin\Tests\UnitTests.iCore.Common.dll" adapterTypeName="Microsoft.VisualStudio.TestTools.TestTypes.Unit.UnitTestAdapter" className="UnitTests.iCore.Common.StreamUtilityImplTest" name="ReadText_LargeUTF8tring_WithMaxChars_ReturnsExpectedResult" />
    </UnitTest>
    <UnitTest name="ReadText_LargeUTF7tring_NoMaxChars_ReturnsExpectedResult" storage="f:\etwork\bin\tests\unittests.icore.common.dll" id="00a89677-9563-695b-dfdd-4fb96d8f9bd8">
      <Execution id="e133485f-8368-4798-b32d-2e48e3ec790f" />
      <TestMethod codeBase="F:\ETWork\bin\Tests\UnitTests.iCore.Common.dll" adapterTypeName="Microsoft.VisualStudio.TestTools.TestTypes.Unit.UnitTestAdapter" className="UnitTests.iCore.Common.StreamUtilityImplTest" name="ReadText_LargeUTF7tring_NoMaxChars_ReturnsExpectedResult" />
    </UnitTest>
    <UnitTest name="ReadText_SmallUTF8tring_WithMaxChars_ReturnsExpectedResult" storage="f:\etwork\bin\tests\unittests.icore.common.dll" id="337c7dff-2a43-43ba-4f23-4aef7db4a482">
      <Execution id="6fcd4756-77e5-4b49-8537-ace67d414256" />
      <TestMethod codeBase="F:\ETWork\bin\Tests\UnitTests.iCore.Common.dll" adapterTypeName="Microsoft.VisualStudio.TestTools.TestTypes.Unit.UnitTestAdapter" className="UnitTests.iCore.Common.StreamUtilityImplTest" name="ReadText_SmallUTF8tring_WithMaxChars_ReturnsExpectedResult" />
    </UnitTest>
    <UnitTest name="DetectEncodingFromBOM_StreamWithCorrectBOMAndPositionIsZero_ReturnsCorrectCodePage" storage="f:\etwork\bin\tests\unittests.icore.common.dll" id="01f9762e-a42f-97c9-41d8-7060501c24eb">
      <Execution id="4efbab78-0461-4e62-ae3b-85073b858ed7" />
      <TestMethod codeBase="F:\ETWork\bin\Tests\UnitTests.iCore.Common.dll" adapterTypeName="Microsoft.VisualStudio.TestTools.TestTypes.Unit.UnitTestAdapter" className="UnitTests.iCore.Common.StreamUtilityImplTest" name="DetectEncodingFromBOM_StreamWithCorrectBOMAndPositionIsZero_ReturnsCorrectCodePage" />
    </UnitTest>
    <UnitTest name="DetectEncodingFromBOM_StreamWithNoBOM_ReturnsMinusOne" storage="f:\etwork\bin\tests\unittests.icore.common.dll" id="845d464f-13f0-ffda-9b63-3684ceec4fe5">
      <Execution id="c1a47396-a4e3-4d8b-abc5-51049b66f6cf" />
      <TestMethod codeBase="F:\ETWork\bin\Tests\UnitTests.iCore.Common.dll" adapterTypeName="Microsoft.VisualStudio.TestTools.TestTypes.Unit.UnitTestAdapter" className="UnitTests.iCore.Common.StreamUtilityImplTest" name="DetectEncodingFromBOM_StreamWithNoBOM_ReturnsMinusOne" />
    </UnitTest>
    <UnitTest name="DetectEncodingFromBOM_PositionIsMoreThanZero_ReturnsCorrectCodePage" storage="f:\etwork\bin\tests\unittests.icore.common.dll" id="4571f10e-2c7a-4cc3-4f77-a1086f23f7e9">
      <Execution id="1fb55f1c-cc3b-4e28-84a7-83af3ff576ce" />
      <TestMethod codeBase="F:\ETWork\bin\Tests\UnitTests.iCore.Common.dll" adapterTypeName="Microsoft.VisualStudio.TestTools.TestTypes.Unit.UnitTestAdapter" className="UnitTests.iCore.Common.StreamUtilityImplTest" name="DetectEncodingFromBOM_PositionIsMoreThanZero_ReturnsCorrectCodePage" />
    </UnitTest>
    <UnitTest name="CopyStream_CorrectStreamsAndMaxLengthIsNegative_StreamsAreIdentical" storage="f:\etwork\bin\tests\unittests.icore.common.dll" id="cde1c48a-521b-e7e8-54a1-e923910a80da">
      <Execution id="2a1d383d-7042-4f2d-872d-9d30df531142" />
      <TestMethod codeBase="F:\ETWork\bin\Tests\UnitTests.iCore.Common.dll" adapterTypeName="Microsoft.VisualStudio.TestTools.TestTypes.Unit.UnitTestAdapter" className="UnitTests.iCore.Common.StreamUtilityImplTest" name="CopyStream_CorrectStreamsAndMaxLengthIsNegative_StreamsAreIdentical" />
    </UnitTest>
    <UnitTest name="CopyStream_CorrectStreamsAndMaxLengthLessThanStreamLength_CorrectDataCopied" storage="f:\etwork\bin\tests\unittests.icore.common.dll" id="a356056a-6fc4-8a6b-c10b-8469afa85fd9">
      <Execution id="9cd1b97a-97d9-43dc-afc9-55db51fe581e" />
      <TestMethod codeBase="F:\ETWork\bin\Tests\UnitTests.iCore.Common.dll" adapterTypeName="Microsoft.VisualStudio.TestTools.TestTypes.Unit.UnitTestAdapter" className="UnitTests.iCore.Common.StreamUtilityImplTest" name="CopyStream_CorrectStreamsAndMaxLengthLessThanStreamLength_CorrectDataCopied" />
    </UnitTest>
    <UnitTest name="CopyStream_CorrectStreamsAndMaxLengthIsNegative_AllBytesCopied" storage="f:\etwork\bin\tests\unittests.icore.common.dll" id="0f1335ca-c3af-7069-5f95-03bc391f09e2">
      <Execution id="29240858-f30c-46a4-a7fe-f02fc57cb440" />
      <TestMethod codeBase="F:\ETWork\bin\Tests\UnitTests.iCore.Common.dll" adapterTypeName="Microsoft.VisualStudio.TestTools.TestTypes.Unit.UnitTestAdapter" className="UnitTests.iCore.Common.StreamUtilityImplTest" name="CopyStream_CorrectStreamsAndMaxLengthIsNegative_AllBytesCopied" />
    </UnitTest>
    <UnitTest name="CopyStream_CorrectStreamsAndMaxLengthLessThanStreamLength_CorrectBytesCopied" storage="f:\etwork\bin\tests\unittests.icore.common.dll" id="b8307f6f-8fce-93e7-02f3-d77d32f90c9f">
      <Execution id="eb3cc5c6-2bfa-4e0f-bfad-f27943bc3a4e" />
      <TestMethod codeBase="F:\ETWork\bin\Tests\UnitTests.iCore.Common.dll" adapterTypeName="Microsoft.VisualStudio.TestTools.TestTypes.Unit.UnitTestAdapter" className="UnitTests.iCore.Common.StreamUtilityImplTest" name="CopyStream_CorrectStreamsAndMaxLengthLessThanStreamLength_CorrectBytesCopied" />
    </UnitTest>
    <UnitTest name="CopyStream_CorrectStreamsAndMaxLengthIsLargerThanStreamlength_StreamsAreIdenticalAndBytesCopiedIsCorrect" storage="f:\etwork\bin\tests\unittests.icore.common.dll" id="ae95f335-db66-dbde-8663-9d4d96bdf3f6">
      <Execution id="d1749338-bed5-47e6-a8d2-63e6759fd50f" />
      <TestMethod codeBase="F:\ETWork\bin\Tests\UnitTests.iCore.Common.dll" adapterTypeName="Microsoft.VisualStudio.TestTools.TestTypes.Unit.UnitTestAdapter" className="UnitTests.iCore.Common.StreamUtilityImplTest" name="CopyStream_CorrectStreamsAndMaxLengthIsLargerThanStreamlength_StreamsAreIdenticalAndBytesCopiedIsCorrect" />
    </UnitTest>
    <UnitTest name="CopyStream_StreamsPositionNotZeroAndMaxLengthIsNegative_CorrectDataCopied" storage="f:\etwork\bin\tests\unittests.icore.common.dll" id="7ffc0aad-53bc-787a-150a-2a8a166beab3">
      <Execution id="688eaefb-d4f1-42e3-ae45-f00cef9efcaf" />
      <TestMethod codeBase="F:\ETWork\bin\Tests\UnitTests.iCore.Common.dll" adapterTypeName="Microsoft.VisualStudio.TestTools.TestTypes.Unit.UnitTestAdapter" className="UnitTests.iCore.Common.StreamUtilityImplTest" name="CopyStream_StreamsPositionNotZeroAndMaxLengthIsNegative_CorrectDataCopied" />
    </UnitTest>
    <UnitTest name="CopyStream_StreamsPositionNotZeroAndMaxLengthIsNegative_NonSeekableStream_CorrectDataCopied" storage="f:\etwork\bin\tests\unittests.icore.common.dll" id="217554e3-3ad0-bd98-ddca-13bacff03ec8">
      <Execution id="232908b8-3590-47ac-889c-19389a0bf347" />
      <TestMethod codeBase="F:\ETWork\bin\Tests\UnitTests.iCore.Common.dll" adapterTypeName="Microsoft.VisualStudio.TestTools.TestTypes.Unit.UnitTestAdapter" className="UnitTests.iCore.Common.StreamUtilityImplTest" name="CopyStream_StreamsPositionNotZeroAndMaxLengthIsNegative_NonSeekableStream_CorrectDataCopied" />
    </UnitTest>
    <UnitTest name="WriteBOM_WriteUTF8BOM_BOMWrittenCorrectly" storage="f:\etwork\bin\tests\unittests.icore.common.dll" id="c314ddc6-c690-ec6f-d64d-234440a4e097">
      <Execution id="c92c2159-63ee-44c4-8e59-7e243fa4848e" />
      <TestMethod codeBase="F:\ETWork\bin\Tests\UnitTests.iCore.Common.dll" adapterTypeName="Microsoft.VisualStudio.TestTools.TestTypes.Unit.UnitTestAdapter" className="UnitTests.iCore.Common.StreamUtilityImplTest" name="WriteBOM_WriteUTF8BOM_BOMWrittenCorrectly" />
    </UnitTest>
    <UnitTest name="WriteBOM_WriteASCIIBOM_BOMNotWritten" storage="f:\etwork\bin\tests\unittests.icore.common.dll" id="65ffc494-7598-763f-7720-e2d2bd8b84b7">
      <Execution id="931599d5-0bc1-4fbf-a842-806993a4a950" />
      <TestMethod codeBase="F:\ETWork\bin\Tests\UnitTests.iCore.Common.dll" adapterTypeName="Microsoft.VisualStudio.TestTools.TestTypes.Unit.UnitTestAdapter" className="UnitTests.iCore.Common.StreamUtilityImplTest" name="WriteBOM_WriteASCIIBOM_BOMNotWritten" />
    </UnitTest>
    <UnitTest name="WriteBOM_NonSeekableStream_ThrowsNotSupportedException" storage="f:\etwork\bin\tests\unittests.icore.common.dll" id="c4363172-6072-e6ed-9b9b-652d26966412">
      <Execution id="c043821d-cefd-49af-98e1-1b552ab64109" />
      <TestMethod codeBase="F:\ETWork\bin\Tests\UnitTests.iCore.Common.dll" adapterTypeName="Microsoft.VisualStudio.TestTools.TestTypes.Unit.UnitTestAdapter" className="UnitTests.iCore.Common.StreamUtilityImplTest" name="WriteBOM_NonSeekableStream_ThrowsNotSupportedException" />
    </UnitTest>
    <UnitTest name="WriteTextToStream_WriteASCIIStringAndNoBOM_TextWrittenCorrectly" storage="f:\etwork\bin\tests\unittests.icore.common.dll" id="7baea902-e2e9-53d4-7cdc-e8059f6b09ef">
      <Execution id="b6a3855a-d7d7-4208-8242-809a7c02462a" />
      <TestMethod codeBase="F:\ETWork\bin\Tests\UnitTests.iCore.Common.dll" adapterTypeName="Microsoft.VisualStudio.TestTools.TestTypes.Unit.UnitTestAdapter" className="UnitTests.iCore.Common.StreamUtilityImplTest" name="WriteTextToStream_WriteASCIIStringAndNoBOM_TextWrittenCorrectly" />
    </UnitTest>
    <UnitTest name="WriteTextToStream_WriteASCIIStringAndWriteBOM_TextWrittenCorrectly" storage="f:\etwork\bin\tests\unittests.icore.common.dll" id="d6a5e63e-bf3f-906d-be46-548c7322b626">
      <Execution id="ae38f468-ad19-4447-9c32-4e42e2175c2a" />
      <TestMethod codeBase="F:\ETWork\bin\Tests\UnitTests.iCore.Common.dll" adapterTypeName="Microsoft.VisualStudio.TestTools.TestTypes.Unit.UnitTestAdapter" className="UnitTests.iCore.Common.StreamUtilityImplTest" name="WriteTextToStream_WriteASCIIStringAndWriteBOM_TextWrittenCorrectly" />
    </UnitTest>
    <UnitTest name="WriteTextToStream_WriteUnicodeStringAndNoBOM_TextWrittenCorrectly" storage="f:\etwork\bin\tests\unittests.icore.common.dll" id="00d617af-6247-ba87-11ce-100f962d413c">
      <Execution id="e5178080-c947-4e10-a2fc-af96c4ed2f76" />
      <TestMethod codeBase="F:\ETWork\bin\Tests\UnitTests.iCore.Common.dll" adapterTypeName="Microsoft.VisualStudio.TestTools.TestTypes.Unit.UnitTestAdapter" className="UnitTests.iCore.Common.StreamUtilityImplTest" name="WriteTextToStream_WriteUnicodeStringAndNoBOM_TextWrittenCorrectly" />
    </UnitTest>
    <UnitTest name="WriteTextToStream_WriteUnicodeStringAndWriteBOM_BOMAndTextWrittenCorrectly" storage="f:\etwork\bin\tests\unittests.icore.common.dll" id="8e06bb8a-df9b-49e7-df24-70c4c5ea78c6">
      <Execution id="22266bb6-fbc7-4e88-95f9-655d47e8b270" />
      <TestMethod codeBase="F:\ETWork\bin\Tests\UnitTests.iCore.Common.dll" adapterTypeName="Microsoft.VisualStudio.TestTools.TestTypes.Unit.UnitTestAdapter" className="UnitTests.iCore.Common.StreamUtilityImplTest" name="WriteTextToStream_WriteUnicodeStringAndWriteBOM_BOMAndTextWrittenCorrectly" />
    </UnitTest>
    <UnitTest name="WritePrefixedStringToStream_WriteASCIIStringAnd1BPrefix_StringWrittenCorrectly" storage="f:\etwork\bin\tests\unittests.icore.common.dll" id="a94f123f-8935-546c-5c5a-07aa63d7af1e">
      <Execution id="17c6ac75-7cf4-4cf6-a28d-edf216757cc0" />
      <TestMethod codeBase="F:\ETWork\bin\Tests\UnitTests.iCore.Common.dll" adapterTypeName="Microsoft.VisualStudio.TestTools.TestTypes.Unit.UnitTestAdapter" className="UnitTests.iCore.Common.StreamUtilityImplTest" name="WritePrefixedStringToStream_WriteASCIIStringAnd1BPrefix_StringWrittenCorrectly" />
    </UnitTest>
    <UnitTest name="WritePrefixedStringToStream_WriteUnicodeStringAnd2BPrefix_StringWrittenCorrectly" storage="f:\etwork\bin\tests\unittests.icore.common.dll" id="2aab4853-62b8-e5a4-9d57-8bc7b632ccf1">
      <Execution id="de4fe25d-6006-414d-abd5-eb24409eff8a" />
      <TestMethod codeBase="F:\ETWork\bin\Tests\UnitTests.iCore.Common.dll" adapterTypeName="Microsoft.VisualStudio.TestTools.TestTypes.Unit.UnitTestAdapter" className="UnitTests.iCore.Common.StreamUtilityImplTest" name="WritePrefixedStringToStream_WriteUnicodeStringAnd2BPrefix_StringWrittenCorrectly" />
    </UnitTest>
    <UnitTest name="WritePrefixedStringToStream_WriteUTF8StringAnd4BPrefix_StringWrittenCorrectly" storage="f:\etwork\bin\tests\unittests.icore.common.dll" id="c8f2f4ad-ed3e-fd96-a48c-7da7c577add2">
      <Execution id="adc3b529-028a-4c55-823a-70ea3083c033" />
      <TestMethod codeBase="F:\ETWork\bin\Tests\UnitTests.iCore.Common.dll" adapterTypeName="Microsoft.VisualStudio.TestTools.TestTypes.Unit.UnitTestAdapter" className="UnitTests.iCore.Common.StreamUtilityImplTest" name="WritePrefixedStringToStream_WriteUTF8StringAnd4BPrefix_StringWrittenCorrectly" />
    </UnitTest>
    <UnitTest name="WritePrefixedStringToStream_WriteUTF7StringAndUTF7Prefix_StringWrittenCorrectly" storage="f:\etwork\bin\tests\unittests.icore.common.dll" id="388aed93-12bc-49ae-1bef-71de96f3fa9d">
      <Execution id="b1ba30b7-7834-4d67-8709-1dfbf4324218" />
      <TestMethod codeBase="F:\ETWork\bin\Tests\UnitTests.iCore.Common.dll" adapterTypeName="Microsoft.VisualStudio.TestTools.TestTypes.Unit.UnitTestAdapter" className="UnitTests.iCore.Common.StreamUtilityImplTest" name="WritePrefixedStringToStream_WriteUTF7StringAndUTF7Prefix_StringWrittenCorrectly" />
    </UnitTest>
    <UnitTest name="WriteNullTerminatedStringToStream_WriteASCIIString_TextWrittenCorrectly" storage="f:\etwork\bin\tests\unittests.icore.common.dll" id="3748e06c-9fc0-314f-f904-1bd2493b3b89">
      <Execution id="48f21844-323f-4094-9023-09e84433ed37" />
      <TestMethod codeBase="F:\ETWork\bin\Tests\UnitTests.iCore.Common.dll" adapterTypeName="Microsoft.VisualStudio.TestTools.TestTypes.Unit.UnitTestAdapter" className="UnitTests.iCore.Common.StreamUtilityImplTest" name="WriteNullTerminatedStringToStream_WriteASCIIString_TextWrittenCorrectly" />
    </UnitTest>
    <UnitTest name="WriteNullTerminatedStringToStream_WriteUnicodeString_TextWrittenCorrectly" storage="f:\etwork\bin\tests\unittests.icore.common.dll" id="7a6afa5a-dfef-e987-d9d5-5e11b53c298d">
      <Execution id="eb38b363-f94c-47ab-9ba7-476018ec6f79" />
      <TestMethod codeBase="F:\ETWork\bin\Tests\UnitTests.iCore.Common.dll" adapterTypeName="Microsoft.VisualStudio.TestTools.TestTypes.Unit.UnitTestAdapter" className="UnitTests.iCore.Common.StreamUtilityImplTest" name="WriteNullTerminatedStringToStream_WriteUnicodeString_TextWrittenCorrectly" />
    </UnitTest>
    <UnitTest name="ConvertTextEncoding_ASCIIToUnicodeAndNoBOM_TextConvertedSuccessfully" storage="f:\etwork\bin\tests\unittests.icore.common.dll" id="92a83c29-5451-af75-9d96-2c442b373387">
      <Execution id="523dc241-9f62-42c7-ab70-23a5f0806d00" />
      <TestMethod codeBase="F:\ETWork\bin\Tests\UnitTests.iCore.Common.dll" adapterTypeName="Microsoft.VisualStudio.TestTools.TestTypes.Unit.UnitTestAdapter" className="UnitTests.iCore.Common.StreamUtilityImplTest" name="ConvertTextEncoding_ASCIIToUnicodeAndNoBOM_TextConvertedSuccessfully" />
    </UnitTest>
    <UnitTest name="ConvertTextEncoding_UnicodeToUTF32AndBOM_TextConvertedSuccessfully" storage="f:\etwork\bin\tests\unittests.icore.common.dll" id="78dd33ad-7d05-8ac2-7cf1-05e6030cbec7">
      <Execution id="7fd61b2b-fb8d-40c9-ad3e-498151079bb8" />
      <TestMethod codeBase="F:\ETWork\bin\Tests\UnitTests.iCore.Common.dll" adapterTypeName="Microsoft.VisualStudio.TestTools.TestTypes.Unit.UnitTestAdapter" className="UnitTests.iCore.Common.StreamUtilityImplTest" name="ConvertTextEncoding_UnicodeToUTF32AndBOM_TextConvertedSuccessfully" />
    </UnitTest>
    <UnitTest name="CopyTextAsync_UnicodeToUTF32AndBOM_TextConvertedSuccessfully" storage="f:\etwork\bin\tests\unittests.icore.common.dll" id="6f44b1e1-6404-6fc2-3c57-1748b0e9837d">
      <Execution id="69d82be3-a369-422b-b678-b53d11f6dc98" />
      <TestMethod codeBase="F:\ETWork\bin\Tests\UnitTests.iCore.Common.dll" adapterTypeName="Microsoft.VisualStudio.TestTools.TestTypes.Unit.UnitTestAdapter" className="UnitTests.iCore.Common.StreamUtilityImplTest" name="CopyTextAsync_UnicodeToUTF32AndBOM_TextConvertedSuccessfully" />
    </UnitTest>
    <UnitTest name="ReadBinaryData_StreamWithIntegers_ValueReadSuccessfully" storage="f:\etwork\bin\tests\unittests.icore.common.dll" id="b2e32f91-bb82-ff66-f1be-47f3c58ae677">
      <Execution id="76a988de-aaf8-4678-9a41-ff35ebb9053f" />
      <TestMethod codeBase="F:\ETWork\bin\Tests\UnitTests.iCore.Common.dll" adapterTypeName="Microsoft.VisualStudio.TestTools.TestTypes.Unit.UnitTestAdapter" className="UnitTests.iCore.Common.StreamUtilityImplTest" name="ReadBinaryData_StreamWithIntegers_ValueReadSuccessfully" />
    </UnitTest>
    <UnitTest name="ReadBinaryData_StreamWithFloats_TwoValuesReadSuccessfully" storage="f:\etwork\bin\tests\unittests.icore.common.dll" id="686f9d2a-c7ff-8db1-8b1e-95429ab3ad58">
      <Execution id="eb5d9904-1c2b-4acc-9449-529274d587fa" />
      <TestMethod codeBase="F:\ETWork\bin\Tests\UnitTests.iCore.Common.dll" adapterTypeName="Microsoft.VisualStudio.TestTools.TestTypes.Unit.UnitTestAdapter" className="UnitTests.iCore.Common.StreamUtilityImplTest" name="ReadBinaryData_StreamWithFloats_TwoValuesReadSuccessfully" />
    </UnitTest>
    <UnitTest name="ReadBinaryData_UnsupportedType_ThrowsNotSupportedException" storage="f:\etwork\bin\tests\unittests.icore.common.dll" id="4a79037f-14d5-26db-9906-7a2a36acb6ec">
      <Execution id="e3475d1c-11bb-4f05-9252-5638f2115bbe" />
      <TestMethod codeBase="F:\ETWork\bin\Tests\UnitTests.iCore.Common.dll" adapterTypeName="Microsoft.VisualStudio.TestTools.TestTypes.Unit.UnitTestAdapter" className="UnitTests.iCore.Common.StreamUtilityImplTest" name="ReadBinaryData_UnsupportedType_ThrowsNotSupportedException" />
    </UnitTest>
    <UnitTest name="ReadBinaryDataAsync_StreamWithMultipleTypes_TwoValuesReadSuccessfully" storage="f:\etwork\bin\tests\unittests.icore.common.dll" id="8383b9c9-88e6-4176-1fd0-2e50139b5477">
      <Execution id="9fe18bd4-7100-4db0-93fc-a74cba6801dd" />
      <TestMethod codeBase="F:\ETWork\bin\Tests\UnitTests.iCore.Common.dll" adapterTypeName="Microsoft.VisualStudio.TestTools.TestTypes.Unit.UnitTestAdapter" className="UnitTests.iCore.Common.StreamUtilityImplTest" name="ReadBinaryDataAsync_StreamWithMultipleTypes_TwoValuesReadSuccessfully" />
    </UnitTest>
    <UnitTest name="WriteBinaryData_WriteInteger_ValueWrittenSuccessfully" storage="f:\etwork\bin\tests\unittests.icore.common.dll" id="a0b346aa-2437-d840-3e78-065ff866660d">
      <Execution id="9488a0c6-4868-4e28-9bd5-c3b7cada7199" />
      <TestMethod codeBase="F:\ETWork\bin\Tests\UnitTests.iCore.Common.dll" adapterTypeName="Microsoft.VisualStudio.TestTools.TestTypes.Unit.UnitTestAdapter" className="UnitTests.iCore.Common.StreamUtilityImplTest" name="WriteBinaryData_WriteInteger_ValueWrittenSuccessfully" />
    </UnitTest>
    <UnitTest name="WriteBinaryData_WriteFloat_ValueWrittenSuccessfully" storage="f:\etwork\bin\tests\unittests.icore.common.dll" id="731a6fd6-ce64-c4db-483d-085da8382f32">
      <Execution id="b4867fc1-ad48-4e47-bc42-7fb5f448c04f" />
      <TestMethod codeBase="F:\ETWork\bin\Tests\UnitTests.iCore.Common.dll" adapterTypeName="Microsoft.VisualStudio.TestTools.TestTypes.Unit.UnitTestAdapter" className="UnitTests.iCore.Common.StreamUtilityImplTest" name="WriteBinaryData_WriteFloat_ValueWrittenSuccessfully" />
    </UnitTest>
    <UnitTest name="WriteBinaryData_WriteString_ThrowsNotSupportedException" storage="f:\etwork\bin\tests\unittests.icore.common.dll" id="4b6f7373-4d44-bfe4-c7ca-f641d93c77ff">
      <Execution id="6c5db0ca-1801-4d38-b0ae-31b045dd81a3" />
      <TestMethod codeBase="F:\ETWork\bin\Tests\UnitTests.iCore.Common.dll" adapterTypeName="Microsoft.VisualStudio.TestTools.TestTypes.Unit.UnitTestAdapter" className="UnitTests.iCore.Common.StreamUtilityImplTest" name="WriteBinaryData_WriteString_ThrowsNotSupportedException" />
    </UnitTest>
    <UnitTest name="RebuildTest1" storage="f:\etwork\bin\tests\unittests.icore.common.dll" id="9cc5d321-8a3e-a180-bc6b-1cd7b7c9af5b">
      <Execution id="a135201a-1759-4796-a0e8-41826a63cb51" />
      <TestMethod codeBase="F:\ETWork\bin\Tests\UnitTests.iCore.Common.dll" adapterTypeName="Microsoft.VisualStudio.TestTools.TestTypes.Unit.UnitTestAdapter" className="UnitTests.iCore.Common.TaggedTextDocumentRebuilderTest" name="RebuildTest1" />
    </UnitTest>
    <UnitTest name="RebuildTest2" storage="f:\etwork\bin\tests\unittests.icore.common.dll" id="c82471e8-e9f1-f2f0-d51d-80b083577231">
      <Execution id="663966ba-3553-49f4-9159-518902d41163" />
      <TestMethod codeBase="F:\ETWork\bin\Tests\UnitTests.iCore.Common.dll" adapterTypeName="Microsoft.VisualStudio.TestTools.TestTypes.Unit.UnitTestAdapter" className="UnitTests.iCore.Common.TaggedTextDocumentRebuilderTest" name="RebuildTest2" />
    </UnitTest>
    <UnitTest name="RebuildTest3" storage="f:\etwork\bin\tests\unittests.icore.common.dll" id="c8a161a0-edcf-e86c-24d8-ddd5a7759262">
      <Execution id="5b24d75b-15ab-443e-a45a-30368bb08791" />
      <TestMethod codeBase="F:\ETWork\bin\Tests\UnitTests.iCore.Common.dll" adapterTypeName="Microsoft.VisualStudio.TestTools.TestTypes.Unit.UnitTestAdapter" className="UnitTests.iCore.Common.TaggedTextDocumentRebuilderTest" name="RebuildTest3" />
    </UnitTest>
    <UnitTest name="RebuildTest4" storage="f:\etwork\bin\tests\unittests.icore.common.dll" id="7772ce28-4782-e405-2138-d2e3c0362ae5">
      <Execution id="edd69dc5-b96c-49e1-89a1-15aae7a6d4da" />
      <TestMethod codeBase="F:\ETWork\bin\Tests\UnitTests.iCore.Common.dll" adapterTypeName="Microsoft.VisualStudio.TestTools.TestTypes.Unit.UnitTestAdapter" className="UnitTests.iCore.Common.TaggedTextDocumentRebuilderTest" name="RebuildTest4" />
    </UnitTest>
    <UnitTest name="FindRegionTest" storage="f:\etwork\bin\tests\unittests.icore.common.dll" id="eb0c8ade-06e1-b4e7-3243-50e3095bfbb4">
      <Execution id="4ca8228c-e415-4f00-b3c0-fdf210817513" />
      <TestMethod codeBase="F:\ETWork\bin\Tests\UnitTests.iCore.Common.dll" adapterTypeName="Microsoft.VisualStudio.TestTools.TestTypes.Unit.UnitTestAdapter" className="UnitTests.iCore.Common.TaggedTextDocumentTest" name="FindRegionTest" />
    </UnitTest>
    <UnitTest name="ToOffsetTest" storage="f:\etwork\bin\tests\unittests.icore.common.dll" id="6e86a282-185b-4a0b-838f-cde8c645cea6">
      <Execution id="2f2b9dc7-c7ac-4747-9ee2-d439c3f9ec01" />
      <TestMethod codeBase="F:\ETWork\bin\Tests\UnitTests.iCore.Common.dll" adapterTypeName="Microsoft.VisualStudio.TestTools.TestTypes.Unit.UnitTestAdapter" className="UnitTests.iCore.Common.TaggedTextDocumentTest" name="ToOffsetTest" />
    </UnitTest>
    <UnitTest name="ToStringTest" storage="f:\etwork\bin\tests\unittests.icore.common.dll" id="db6a86fe-4a7e-e384-b6b5-d8a777a6132c">
      <Execution id="3ae39ac0-43e2-4b8d-bbcf-917b7d308849" />
      <TestMethod codeBase="F:\ETWork\bin\Tests\UnitTests.iCore.Common.dll" adapterTypeName="Microsoft.VisualStudio.TestTools.TestTypes.Unit.UnitTestAdapter" className="UnitTests.iCore.Common.TaggedTextDocumentTest" name="ToStringTest" />
    </UnitTest>
    <UnitTest name="ToTextLocationTest" storage="f:\etwork\bin\tests\unittests.icore.common.dll" id="e84dffc8-afdb-a93f-d68c-9d98b8bd8f30">
      <Execution id="912d30d5-f1b1-4522-bd19-1a62dc404fcb" />
      <TestMethod codeBase="F:\ETWork\bin\Tests\UnitTests.iCore.Common.dll" adapterTypeName="Microsoft.VisualStudio.TestTools.TestTypes.Unit.UnitTestAdapter" className="UnitTests.iCore.Common.TaggedTextDocumentTest" name="ToTextLocationTest" />
    </UnitTest>
    <UnitTest name="GetRegionTest" storage="f:\etwork\bin\tests\unittests.icore.common.dll" id="d21ecc77-937d-6883-194e-2ddde3279a3d">
      <Execution id="69ae4d90-2e5f-497c-9793-c7552b76d947" />
      <TestMethod codeBase="F:\ETWork\bin\Tests\UnitTests.iCore.Common.dll" adapterTypeName="Microsoft.VisualStudio.TestTools.TestTypes.Unit.UnitTestAdapter" className="UnitTests.iCore.Common.TaggedTextDocumentTest" name="GetRegionTest" />
    </UnitTest>
    <UnitTest name="GetHashCodeTest (Data Row 0)" storage="f:\etwork\bin\tests\unittests.icore.common.dll" id="7dd21592-189a-4d19-b3ea-b38e7875aeb5">
      <Execution id="6088591f-6815-4f6d-b3fa-8d8cdf5642e1" />
      <TestMethod codeBase="F:\ETWork\bin\Tests\UnitTests.iCore.Common.dll" adapterTypeName="Microsoft.VisualStudio.TestTools.TestTypes.Unit.UnitTestAdapter" className="UnitTests.iCore.Common.TextLocationTest" name="GetHashCodeTest (Data Row 0)" />
    </UnitTest>
    <UnitTest name="GetHashCodeTest (Data Row 1)" storage="f:\etwork\bin\tests\unittests.icore.common.dll" id="5bc6ab31-f6d8-46a8-9929-0af644d7e346">
      <Execution id="4d30e7f4-87d1-4617-8116-a4eca2bee06d" />
      <TestMethod codeBase="F:\ETWork\bin\Tests\UnitTests.iCore.Common.dll" adapterTypeName="Microsoft.VisualStudio.TestTools.TestTypes.Unit.UnitTestAdapter" className="UnitTests.iCore.Common.TextLocationTest" name="GetHashCodeTest (Data Row 1)" />
    </UnitTest>
    <UnitTest name="GetHashCodeTest (Data Row 2)" storage="f:\etwork\bin\tests\unittests.icore.common.dll" id="73090bc5-1d54-4ef5-9465-eb13087ff653">
      <Execution id="77f6fe25-4b48-4a87-ae10-ac11776a327e" />
      <TestMethod codeBase="F:\ETWork\bin\Tests\UnitTests.iCore.Common.dll" adapterTypeName="Microsoft.VisualStudio.TestTools.TestTypes.Unit.UnitTestAdapter" className="UnitTests.iCore.Common.TextLocationTest" name="GetHashCodeTest (Data Row 2)" />
    </UnitTest>
    <UnitTest name="GetHashCodeTest (Data Row 3)" storage="f:\etwork\bin\tests\unittests.icore.common.dll" id="34ac1e6e-8fd4-4dda-8e3a-dc7a9e3cd58a">
      <Execution id="82ff7f93-e425-4256-8aca-9204071267ef" />
      <TestMethod codeBase="F:\ETWork\bin\Tests\UnitTests.iCore.Common.dll" adapterTypeName="Microsoft.VisualStudio.TestTools.TestTypes.Unit.UnitTestAdapter" className="UnitTests.iCore.Common.TextLocationTest" name="GetHashCodeTest (Data Row 3)" />
    </UnitTest>
    <UnitTest name="GetHashCodeTest (Data Row 4)" storage="f:\etwork\bin\tests\unittests.icore.common.dll" id="96c28bb0-3b3f-40e2-b3dd-01b04e255c13">
      <Execution id="eb86cdeb-9169-4009-96f7-4dd27e3f9b6f" />
      <TestMethod codeBase="F:\ETWork\bin\Tests\UnitTests.iCore.Common.dll" adapterTypeName="Microsoft.VisualStudio.TestTools.TestTypes.Unit.UnitTestAdapter" className="UnitTests.iCore.Common.TextLocationTest" name="GetHashCodeTest (Data Row 4)" />
    </UnitTest>
    <UnitTest name="GetHashCodeTest (Data Row 5)" storage="f:\etwork\bin\tests\unittests.icore.common.dll" id="a9a813d9-f539-4810-8d20-516fb29eb66d">
      <Execution id="be9c2714-23bc-4df3-9f7c-db99a1a4cfaf" />
      <TestMethod codeBase="F:\ETWork\bin\Tests\UnitTests.iCore.Common.dll" adapterTypeName="Microsoft.VisualStudio.TestTools.TestTypes.Unit.UnitTestAdapter" className="UnitTests.iCore.Common.TextLocationTest" name="GetHashCodeTest (Data Row 5)" />
    </UnitTest>
    <UnitTest name="GetHashCodeTest (Data Row 6)" storage="f:\etwork\bin\tests\unittests.icore.common.dll" id="ae18a1c8-1a06-41ec-91d8-263e4009f1ab">
      <Execution id="3a797194-a0dd-4635-9d7f-6698c03524f6" />
      <TestMethod codeBase="F:\ETWork\bin\Tests\UnitTests.iCore.Common.dll" adapterTypeName="Microsoft.VisualStudio.TestTools.TestTypes.Unit.UnitTestAdapter" className="UnitTests.iCore.Common.TextLocationTest" name="GetHashCodeTest (Data Row 6)" />
    </UnitTest>
    <UnitTest name="GetHashCodeTest (Data Row 7)" storage="f:\etwork\bin\tests\unittests.icore.common.dll" id="fc13dad8-f0ac-4a17-b9c5-cf1c693fdd08">
      <Execution id="58167cde-3df0-40cd-b746-7dd4294aff49" />
      <TestMethod codeBase="F:\ETWork\bin\Tests\UnitTests.iCore.Common.dll" adapterTypeName="Microsoft.VisualStudio.TestTools.TestTypes.Unit.UnitTestAdapter" className="UnitTests.iCore.Common.TextLocationTest" name="GetHashCodeTest (Data Row 7)" />
    </UnitTest>
    <UnitTest name="EqualsTest (Data Row 0)" storage="f:\etwork\bin\tests\unittests.icore.common.dll" id="e5310004-7800-4eac-ab57-1d8c0ed510fb">
      <Execution id="4014756a-af4f-4010-a6e1-55a44c660267" />
      <TestMethod codeBase="F:\ETWork\bin\Tests\UnitTests.iCore.Common.dll" adapterTypeName="Microsoft.VisualStudio.TestTools.TestTypes.Unit.UnitTestAdapter" className="UnitTests.iCore.Common.TextLocationTest" name="EqualsTest (Data Row 0)" />
    </UnitTest>
    <UnitTest name="EqualsTest (Data Row 1)" storage="f:\etwork\bin\tests\unittests.icore.common.dll" id="fd0c716a-4ad6-4f04-8998-774971045920">
      <Execution id="fc73ea87-3ac6-47f7-82c7-d68538d90bf2" />
      <TestMethod codeBase="F:\ETWork\bin\Tests\UnitTests.iCore.Common.dll" adapterTypeName="Microsoft.VisualStudio.TestTools.TestTypes.Unit.UnitTestAdapter" className="UnitTests.iCore.Common.TextLocationTest" name="EqualsTest (Data Row 1)" />
    </UnitTest>
    <UnitTest name="EqualsTest (Data Row 2)" storage="f:\etwork\bin\tests\unittests.icore.common.dll" id="f3a8ec37-8836-4448-bc73-1880f5034cf1">
      <Execution id="35d0d80b-b757-459e-a511-f60e1e2eb0ba" />
      <TestMethod codeBase="F:\ETWork\bin\Tests\UnitTests.iCore.Common.dll" adapterTypeName="Microsoft.VisualStudio.TestTools.TestTypes.Unit.UnitTestAdapter" className="UnitTests.iCore.Common.TextLocationTest" name="EqualsTest (Data Row 2)" />
    </UnitTest>
    <UnitTest name="EqualsTest (Data Row 3)" storage="f:\etwork\bin\tests\unittests.icore.common.dll" id="4c8d815b-a861-4697-a98d-854619522676">
      <Execution id="24aa2254-7ebb-407e-8110-328f3387ddad" />
      <TestMethod codeBase="F:\ETWork\bin\Tests\UnitTests.iCore.Common.dll" adapterTypeName="Microsoft.VisualStudio.TestTools.TestTypes.Unit.UnitTestAdapter" className="UnitTests.iCore.Common.TextLocationTest" name="EqualsTest (Data Row 3)" />
    </UnitTest>
    <UnitTest name="EqualsTest (Data Row 4)" storage="f:\etwork\bin\tests\unittests.icore.common.dll" id="16026900-0abd-4996-93c0-7c510d388eb7">
      <Execution id="532fe6c7-a83e-4612-a9cd-89a601e25e51" />
      <TestMethod codeBase="F:\ETWork\bin\Tests\UnitTests.iCore.Common.dll" adapterTypeName="Microsoft.VisualStudio.TestTools.TestTypes.Unit.UnitTestAdapter" className="UnitTests.iCore.Common.TextLocationTest" name="EqualsTest (Data Row 4)" />
    </UnitTest>
    <UnitTest name="EqualsTest (Data Row 5)" storage="f:\etwork\bin\tests\unittests.icore.common.dll" id="70b16c43-d819-4ce7-9bb0-5c1df53b278f">
      <Execution id="ec72e1b9-0342-42fc-9062-4aad7661e51a" />
      <TestMethod codeBase="F:\ETWork\bin\Tests\UnitTests.iCore.Common.dll" adapterTypeName="Microsoft.VisualStudio.TestTools.TestTypes.Unit.UnitTestAdapter" className="UnitTests.iCore.Common.TextLocationTest" name="EqualsTest (Data Row 5)" />
    </UnitTest>
    <UnitTest name="EqualsTest (Data Row 6)" storage="f:\etwork\bin\tests\unittests.icore.common.dll" id="114de90d-d10f-4a08-abd2-64b31d6868ba">
      <Execution id="b38b25eb-cb04-47c5-b7bc-0f255a6b0dbd" />
      <TestMethod codeBase="F:\ETWork\bin\Tests\UnitTests.iCore.Common.dll" adapterTypeName="Microsoft.VisualStudio.TestTools.TestTypes.Unit.UnitTestAdapter" className="UnitTests.iCore.Common.TextLocationTest" name="EqualsTest (Data Row 6)" />
    </UnitTest>
    <UnitTest name="EqualsTest (Data Row 7)" storage="f:\etwork\bin\tests\unittests.icore.common.dll" id="447d1600-ce1d-4828-9e21-ffbc4c8f6ddd">
      <Execution id="7f7b487f-9d17-4938-9a1e-2ea7ab3db83e" />
      <TestMethod codeBase="F:\ETWork\bin\Tests\UnitTests.iCore.Common.dll" adapterTypeName="Microsoft.VisualStudio.TestTools.TestTypes.Unit.UnitTestAdapter" className="UnitTests.iCore.Common.TextLocationTest" name="EqualsTest (Data Row 7)" />
    </UnitTest>
    <UnitTest name="CompareToTest (Data Row 0)" storage="f:\etwork\bin\tests\unittests.icore.common.dll" id="2e8cf0f8-15dd-4cfa-b4b5-0a5374bd2bd8">
      <Execution id="a9a2c847-54d2-4a26-b077-962b6b8eca07" />
      <TestMethod codeBase="F:\ETWork\bin\Tests\UnitTests.iCore.Common.dll" adapterTypeName="Microsoft.VisualStudio.TestTools.TestTypes.Unit.UnitTestAdapter" className="UnitTests.iCore.Common.TextLocationTest" name="CompareToTest (Data Row 0)" />
    </UnitTest>
    <UnitTest name="CompareToTest (Data Row 1)" storage="f:\etwork\bin\tests\unittests.icore.common.dll" id="2174d70f-f275-4e0b-a332-42865bc12cd0">
      <Execution id="6723609a-ad40-4308-b66c-40517af8911d" />
      <TestMethod codeBase="F:\ETWork\bin\Tests\UnitTests.iCore.Common.dll" adapterTypeName="Microsoft.VisualStudio.TestTools.TestTypes.Unit.UnitTestAdapter" className="UnitTests.iCore.Common.TextLocationTest" name="CompareToTest (Data Row 1)" />
    </UnitTest>
    <UnitTest name="CompareToTest (Data Row 2)" storage="f:\etwork\bin\tests\unittests.icore.common.dll" id="a92a85fa-d7e2-4552-8b74-471c1d4d0429">
      <Execution id="fcb323f5-a5eb-4767-9acb-b4dccf34c8bf" />
      <TestMethod codeBase="F:\ETWork\bin\Tests\UnitTests.iCore.Common.dll" adapterTypeName="Microsoft.VisualStudio.TestTools.TestTypes.Unit.UnitTestAdapter" className="UnitTests.iCore.Common.TextLocationTest" name="CompareToTest (Data Row 2)" />
    </UnitTest>
    <UnitTest name="CompareToTest (Data Row 3)" storage="f:\etwork\bin\tests\unittests.icore.common.dll" id="eb9757a4-b995-4f73-83ef-887c51762c19">
      <Execution id="33a3c194-6ceb-4854-b09c-a9bba314a9dc" />
      <TestMethod codeBase="F:\ETWork\bin\Tests\UnitTests.iCore.Common.dll" adapterTypeName="Microsoft.VisualStudio.TestTools.TestTypes.Unit.UnitTestAdapter" className="UnitTests.iCore.Common.TextLocationTest" name="CompareToTest (Data Row 3)" />
    </UnitTest>
    <UnitTest name="CompareToTest (Data Row 4)" storage="f:\etwork\bin\tests\unittests.icore.common.dll" id="b7e606ab-0d48-4605-b7bf-32a180a73d41">
      <Execution id="9de41c8a-ec72-4430-9918-5054ef64f2c5" />
      <TestMethod codeBase="F:\ETWork\bin\Tests\UnitTests.iCore.Common.dll" adapterTypeName="Microsoft.VisualStudio.TestTools.TestTypes.Unit.UnitTestAdapter" className="UnitTests.iCore.Common.TextLocationTest" name="CompareToTest (Data Row 4)" />
    </UnitTest>
    <UnitTest name="CompareToTest (Data Row 5)" storage="f:\etwork\bin\tests\unittests.icore.common.dll" id="26f23fce-20fa-4fc4-bcb4-7deebef6a1b3">
      <Execution id="9636630e-656d-4260-acb5-c8feeb72eec0" />
      <TestMethod codeBase="F:\ETWork\bin\Tests\UnitTests.iCore.Common.dll" adapterTypeName="Microsoft.VisualStudio.TestTools.TestTypes.Unit.UnitTestAdapter" className="UnitTests.iCore.Common.TextLocationTest" name="CompareToTest (Data Row 5)" />
    </UnitTest>
    <UnitTest name="CompareToTest (Data Row 6)" storage="f:\etwork\bin\tests\unittests.icore.common.dll" id="eea201e8-d4c1-4302-a852-64fb983c924a">
      <Execution id="9d2b3dad-06df-4c85-a7e0-3c7aaeab6830" />
      <TestMethod codeBase="F:\ETWork\bin\Tests\UnitTests.iCore.Common.dll" adapterTypeName="Microsoft.VisualStudio.TestTools.TestTypes.Unit.UnitTestAdapter" className="UnitTests.iCore.Common.TextLocationTest" name="CompareToTest (Data Row 6)" />
    </UnitTest>
    <UnitTest name="CompareToTest (Data Row 7)" storage="f:\etwork\bin\tests\unittests.icore.common.dll" id="8059bb62-455d-41c1-b9d6-36920724af4c">
      <Execution id="92187853-e6a7-4380-82d0-c96fe9f95206" />
      <TestMethod codeBase="F:\ETWork\bin\Tests\UnitTests.iCore.Common.dll" adapterTypeName="Microsoft.VisualStudio.TestTools.TestTypes.Unit.UnitTestAdapter" className="UnitTests.iCore.Common.TextLocationTest" name="CompareToTest (Data Row 7)" />
    </UnitTest>
    <UnitTest name="TextLocationConstructorTest" storage="f:\etwork\bin\tests\unittests.icore.common.dll" id="b2312421-4bcd-dc80-a0db-9d0d0a90a02c">
      <Execution id="6e30a9b9-01a1-4d17-8bbf-ff953e2cd27a" />
      <TestMethod codeBase="F:\ETWork\bin\Tests\UnitTests.iCore.Common.dll" adapterTypeName="Microsoft.VisualStudio.TestTools.TestTypes.Unit.UnitTestAdapter" className="UnitTests.iCore.Common.TextLocationTest" name="TextLocationConstructorTest" />
    </UnitTest>
    <UnitTest name="Constructor_NegativePeriodicDelay_ThrowsArgumentOutOfRangeException" storage="f:\etwork\bin\tests\unittests.icore.common.dll" id="264a9f60-085d-073a-bee6-0c07433dd5f8">
      <Execution id="73a350fc-4f4c-4aa9-91e5-2f2272a9723b" />
      <TestMethod codeBase="F:\ETWork\bin\Tests\UnitTests.iCore.Common.dll" adapterTypeName="Microsoft.VisualStudio.TestTools.TestTypes.Unit.UnitTestAdapter" className="UnitTests.iCore.Common.ThrottlingEventWaitHandleTests" name="Constructor_NegativePeriodicDelay_ThrowsArgumentOutOfRangeException" />
    </UnitTest>
    <UnitTest name="Constructor_ZeroPeriodicDelay_Succeeds" storage="f:\etwork\bin\tests\unittests.icore.common.dll" id="b625eda3-2ce7-6194-25c0-6732641656bf">
      <Execution id="78a81619-7d04-4743-8d84-3250eeb94b03" />
      <TestMethod codeBase="F:\ETWork\bin\Tests\UnitTests.iCore.Common.dll" adapterTypeName="Microsoft.VisualStudio.TestTools.TestTypes.Unit.UnitTestAdapter" className="UnitTests.iCore.Common.ThrottlingEventWaitHandleTests" name="Constructor_ZeroPeriodicDelay_Succeeds" />
    </UnitTest>
    <UnitTest name="Constructor_ValidPositivePeriodicDelay_Succeeds" storage="f:\etwork\bin\tests\unittests.icore.common.dll" id="ea663aba-5c32-5c8e-0197-04ef74823f7d">
      <Execution id="8d1d5ff4-96e4-4bb6-ad4f-be4473754032" />
      <TestMethod codeBase="F:\ETWork\bin\Tests\UnitTests.iCore.Common.dll" adapterTypeName="Microsoft.VisualStudio.TestTools.TestTypes.Unit.UnitTestAdapter" className="UnitTests.iCore.Common.ThrottlingEventWaitHandleTests" name="Constructor_ValidPositivePeriodicDelay_Succeeds" />
    </UnitTest>
    <UnitTest name="Constructor_TooLargePeriodicDelay_ThrowsArgumentOutOfRangeException" storage="f:\etwork\bin\tests\unittests.icore.common.dll" id="60e4c274-1839-f400-bb64-d017cb6da65b">
      <Execution id="8aa70cfc-4dad-48ca-8e66-b2c1358dd2bf" />
      <TestMethod codeBase="F:\ETWork\bin\Tests\UnitTests.iCore.Common.dll" adapterTypeName="Microsoft.VisualStudio.TestTools.TestTypes.Unit.UnitTestAdapter" className="UnitTests.iCore.Common.ThrottlingEventWaitHandleTests" name="Constructor_TooLargePeriodicDelay_ThrowsArgumentOutOfRangeException" />
    </UnitTest>
    <UnitTest name="DualConstructor_NegativePeriodicDelay_ThrowsArgumentOutOfRangeException" storage="f:\etwork\bin\tests\unittests.icore.common.dll" id="0f5f84a3-498e-db8c-ed26-6a506905baab">
      <Execution id="2e57819c-13fd-491c-897b-eb2422736745" />
      <TestMethod codeBase="F:\ETWork\bin\Tests\UnitTests.iCore.Common.dll" adapterTypeName="Microsoft.VisualStudio.TestTools.TestTypes.Unit.UnitTestAdapter" className="UnitTests.iCore.Common.ThrottlingEventWaitHandleTests" name="DualConstructor_NegativePeriodicDelay_ThrowsArgumentOutOfRangeException" />
    </UnitTest>
    <UnitTest name="DualConstructor_ZeroPeriodicDelay_Succeeds" storage="f:\etwork\bin\tests\unittests.icore.common.dll" id="9bd7452b-98a4-57a3-35bb-2d6d6124e83a">
      <Execution id="26f9f4da-0e10-4f99-80a4-b6fc3b11083b" />
      <TestMethod codeBase="F:\ETWork\bin\Tests\UnitTests.iCore.Common.dll" adapterTypeName="Microsoft.VisualStudio.TestTools.TestTypes.Unit.UnitTestAdapter" className="UnitTests.iCore.Common.ThrottlingEventWaitHandleTests" name="DualConstructor_ZeroPeriodicDelay_Succeeds" />
    </UnitTest>
    <UnitTest name="DualConstructor_ValidPositivePeriodicDelay_Succeeds" storage="f:\etwork\bin\tests\unittests.icore.common.dll" id="e1751d08-1173-77ff-e928-ff280680654b">
      <Execution id="801a5f8d-0d76-476c-897b-5aa23d387763" />
      <TestMethod codeBase="F:\ETWork\bin\Tests\UnitTests.iCore.Common.dll" adapterTypeName="Microsoft.VisualStudio.TestTools.TestTypes.Unit.UnitTestAdapter" className="UnitTests.iCore.Common.ThrottlingEventWaitHandleTests" name="DualConstructor_ValidPositivePeriodicDelay_Succeeds" />
    </UnitTest>
    <UnitTest name="DualConstructor_TooLargePeriodicDelay_ThrowsArgumentOutOfRangeException" storage="f:\etwork\bin\tests\unittests.icore.common.dll" id="006e9207-f4bc-9619-a804-b711daad631b">
      <Execution id="5484c1ba-2d71-4e52-9ebd-2420bd5f38ce" />
      <TestMethod codeBase="F:\ETWork\bin\Tests\UnitTests.iCore.Common.dll" adapterTypeName="Microsoft.VisualStudio.TestTools.TestTypes.Unit.UnitTestAdapter" className="UnitTests.iCore.Common.ThrottlingEventWaitHandleTests" name="DualConstructor_TooLargePeriodicDelay_ThrowsArgumentOutOfRangeException" />
    </UnitTest>
    <UnitTest name="DualConstructor_NegativeInitialDelay_ThrowsArgumentOutOfRangeException" storage="f:\etwork\bin\tests\unittests.icore.common.dll" id="2092375e-3739-e24e-c38c-1ac68239b25a">
      <Execution id="45d99519-f98e-442d-9849-1ae8303c36ba" />
      <TestMethod codeBase="F:\ETWork\bin\Tests\UnitTests.iCore.Common.dll" adapterTypeName="Microsoft.VisualStudio.TestTools.TestTypes.Unit.UnitTestAdapter" className="UnitTests.iCore.Common.ThrottlingEventWaitHandleTests" name="DualConstructor_NegativeInitialDelay_ThrowsArgumentOutOfRangeException" />
    </UnitTest>
    <UnitTest name="DualConstructor_ValidPositiveInitialDelay_Succeeds" storage="f:\etwork\bin\tests\unittests.icore.common.dll" id="a52f6c48-1ccf-c1db-c7b9-27e20eafd7b1">
      <Execution id="5cdf341f-c6be-41ae-a5d1-592dd83515ce" />
      <TestMethod codeBase="F:\ETWork\bin\Tests\UnitTests.iCore.Common.dll" adapterTypeName="Microsoft.VisualStudio.TestTools.TestTypes.Unit.UnitTestAdapter" className="UnitTests.iCore.Common.ThrottlingEventWaitHandleTests" name="DualConstructor_ValidPositiveInitialDelay_Succeeds" />
    </UnitTest>
    <UnitTest name="DualConstructor_TooLargeInitialDelay_ThrowsArgumentOutOfRangeException" storage="f:\etwork\bin\tests\unittests.icore.common.dll" id="557a9f18-c83a-e5bc-6cdf-97a3dde3326a">
      <Execution id="0f745eef-0c15-46ff-83dd-b2d9923c5a8d" />
      <TestMethod codeBase="F:\ETWork\bin\Tests\UnitTests.iCore.Common.dll" adapterTypeName="Microsoft.VisualStudio.TestTools.TestTypes.Unit.UnitTestAdapter" className="UnitTests.iCore.Common.ThrottlingEventWaitHandleTests" name="DualConstructor_TooLargeInitialDelay_ThrowsArgumentOutOfRangeException" />
    </UnitTest>
    <UnitTest name="Set_NonZeroInitialDelay_InvokesTimer" storage="f:\etwork\bin\tests\unittests.icore.common.dll" id="358a4689-813f-04e6-73b4-61410401c7b1">
      <Execution id="ced9e96d-06f5-460e-a8fa-afe5685fc6d1" />
      <TestMethod codeBase="F:\ETWork\bin\Tests\UnitTests.iCore.Common.dll" adapterTypeName="Microsoft.VisualStudio.TestTools.TestTypes.Unit.UnitTestAdapter" className="UnitTests.iCore.Common.ThrottlingEventWaitHandleTests" name="Set_NonZeroInitialDelay_InvokesTimer" />
    </UnitTest>
    <UnitTest name="Set_ZeroInitialDelay_DoesNotInvokeForInitialSet" storage="f:\etwork\bin\tests\unittests.icore.common.dll" id="854fe98c-eaf7-3227-faa1-14a77e342cfc">
      <Execution id="691bfc2d-4d11-408a-8450-281c30e6f7f3" />
      <TestMethod codeBase="F:\ETWork\bin\Tests\UnitTests.iCore.Common.dll" adapterTypeName="Microsoft.VisualStudio.TestTools.TestTypes.Unit.UnitTestAdapter" className="UnitTests.iCore.Common.ThrottlingEventWaitHandleTests" name="Set_ZeroInitialDelay_DoesNotInvokeForInitialSet" />
    </UnitTest>
    <UnitTest name="WaitOne_NonSignalled_ReturnsFalse" storage="f:\etwork\bin\tests\unittests.icore.common.dll" id="b5a096f7-e7cb-48be-9e42-84c9b08e3c6c">
      <Execution id="67b6be98-2a1e-4109-a940-c23cdcc14f04" />
      <TestMethod codeBase="F:\ETWork\bin\Tests\UnitTests.iCore.Common.dll" adapterTypeName="Microsoft.VisualStudio.TestTools.TestTypes.Unit.UnitTestAdapter" className="UnitTests.iCore.Common.ThrottlingEventWaitHandleTests" name="WaitOne_NonSignalled_ReturnsFalse" />
    </UnitTest>
    <UnitTest name="WaitOne_SignalledWithZeroInitialDelay_ReturnsTrue" storage="f:\etwork\bin\tests\unittests.icore.common.dll" id="035566ac-8be7-833b-bbc1-a0a115188012">
      <Execution id="619f2604-399f-49a5-b69a-d0c2092e8b75" />
      <TestMethod codeBase="F:\ETWork\bin\Tests\UnitTests.iCore.Common.dll" adapterTypeName="Microsoft.VisualStudio.TestTools.TestTypes.Unit.UnitTestAdapter" className="UnitTests.iCore.Common.ThrottlingEventWaitHandleTests" name="WaitOne_SignalledWithZeroInitialDelay_ReturnsTrue" />
    </UnitTest>
    <UnitTest name="WaitOne_SignalledWithNonZeroInitialDelay_ReturnsFalse" storage="f:\etwork\bin\tests\unittests.icore.common.dll" id="09964b86-fd78-cbf2-aa1b-6e958a36f4c7">
      <Execution id="c07ca539-50b0-4335-9763-5d7912f11740" />
      <TestMethod codeBase="F:\ETWork\bin\Tests\UnitTests.iCore.Common.dll" adapterTypeName="Microsoft.VisualStudio.TestTools.TestTypes.Unit.UnitTestAdapter" className="UnitTests.iCore.Common.ThrottlingEventWaitHandleTests" name="WaitOne_SignalledWithNonZeroInitialDelay_ReturnsFalse" />
    </UnitTest>
    <UnitTest name="WaitOne_SignalledWithNonZeroInitialDelay_ReturnsTrueAfterTimerCallback" storage="f:\etwork\bin\tests\unittests.icore.common.dll" id="fed3afa1-c010-228a-752d-ee11a71fe2ec">
      <Execution id="1ecd1354-5c6a-4dc1-9215-d847ea22f1c3" />
      <TestMethod codeBase="F:\ETWork\bin\Tests\UnitTests.iCore.Common.dll" adapterTypeName="Microsoft.VisualStudio.TestTools.TestTypes.Unit.UnitTestAdapter" className="UnitTests.iCore.Common.ThrottlingEventWaitHandleTests" name="WaitOne_SignalledWithNonZeroInitialDelay_ReturnsTrueAfterTimerCallback" />
    </UnitTest>
    <UnitTest name="WaitOne_CalledTwice_SignalledWithNonZeroPeridoicDelay_ReturnsTrueAfterTimerCallbackOnly" storage="f:\etwork\bin\tests\unittests.icore.common.dll" id="37413a88-5188-b024-53b7-e020b0754408">
      <Execution id="9bfb0350-96db-455e-86c2-0e0830533c4e" />
      <TestMethod codeBase="F:\ETWork\bin\Tests\UnitTests.iCore.Common.dll" adapterTypeName="Microsoft.VisualStudio.TestTools.TestTypes.Unit.UnitTestAdapter" className="UnitTests.iCore.Common.ThrottlingEventWaitHandleTests" name="WaitOne_CalledTwice_SignalledWithNonZeroPeridoicDelay_ReturnsTrueAfterTimerCallbackOnly" />
    </UnitTest>
    <UnitTest name="Reset_WasSet_DisablesTimer" storage="f:\etwork\bin\tests\unittests.icore.common.dll" id="0768977b-272e-86eb-6139-1d92899c3816">
      <Execution id="ea4f61aa-b5b4-4829-941b-7471061c4add" />
      <TestMethod codeBase="F:\ETWork\bin\Tests\UnitTests.iCore.Common.dll" adapterTypeName="Microsoft.VisualStudio.TestTools.TestTypes.Unit.UnitTestAdapter" className="UnitTests.iCore.Common.ThrottlingEventWaitHandleTests" name="Reset_WasSet_DisablesTimer" />
    </UnitTest>
    <UnitTest name="Reset_WasSet_CausesWaitOneToReturnFalse" storage="f:\etwork\bin\tests\unittests.icore.common.dll" id="db36a3bc-d7bf-1222-2404-df7b1e00d389">
      <Execution id="706c6907-2e68-4722-b3ae-7b451d6b548e" />
      <TestMethod codeBase="F:\ETWork\bin\Tests\UnitTests.iCore.Common.dll" adapterTypeName="Microsoft.VisualStudio.TestTools.TestTypes.Unit.UnitTestAdapter" className="UnitTests.iCore.Common.ThrottlingEventWaitHandleTests" name="Reset_WasSet_CausesWaitOneToReturnFalse" />
    </UnitTest>
    <UnitTest name="WaitOne_MultipleWaitingThreads_ReleasesOneThreadForEachTimerCallback" storage="f:\etwork\bin\tests\unittests.icore.common.dll" id="caf688c6-0349-fd7e-c52e-644ebbb0c155">
      <Execution id="78565d25-9758-40a0-99f9-399374b6ce2f" />
      <TestMethod codeBase="F:\ETWork\bin\Tests\UnitTests.iCore.Common.dll" adapterTypeName="Microsoft.VisualStudio.TestTools.TestTypes.Unit.UnitTestAdapter" className="UnitTests.iCore.Common.ThrottlingEventWaitHandleTests" name="WaitOne_MultipleWaitingThreads_ReleasesOneThreadForEachTimerCallback" />
    </UnitTest>
    <UnitTest name="WaitableTimerConstructor_TimerValueSet_TimerSetOnCorrectDueTime" storage="f:\etwork\bin\tests\unittests.icore.common.dll" id="cdb35d3d-bcd3-555e-ec01-9c47fc60f949">
      <Execution id="2c468255-61d9-47ba-a4da-958df16b85a0" />
      <TestMethod codeBase="F:\ETWork\bin\Tests\UnitTests.iCore.Common.dll" adapterTypeName="Microsoft.VisualStudio.TestTools.TestTypes.Unit.UnitTestAdapter" className="UnitTests.iCore.Common.WaitableTimerTests" name="WaitableTimerConstructor_TimerValueSet_TimerSetOnCorrectDueTime" />
    </UnitTest>
    <UnitTest name="CreateFragmentedXmlWriterTraceListener_CreatesOutputClosingTracer" storage="f:\etwork\bin\tests\unittests.icore.common.dll" id="60d7b930-1014-c233-e49a-dc903d65ba7a">
      <Execution id="bad3fa86-b2c5-403a-b193-247ee3cf8736" />
      <TestMethod codeBase="F:\ETWork\bin\Tests\UnitTests.iCore.Common.dll" adapterTypeName="Microsoft.VisualStudio.TestTools.TestTypes.Unit.UnitTestAdapter" className="UnitTests.iCore.Common.Tracing.TraceListenerFactoryTests" name="CreateFragmentedXmlWriterTraceListener_CreatesOutputClosingTracer" />
    </UnitTest>
    <UnitTest name="IntervalTest_Construction1" storage="f:\etwork\bin\tests\unittests.icore.common.dll" id="2c06a36c-f26c-6b50-2904-31526fb1c530">
      <Execution id="7810b405-2664-468a-8bcd-d26712c6c3f6" />
      <TestMethod codeBase="F:\ETWork\bin\Tests\UnitTests.iCore.Common.dll" adapterTypeName="Microsoft.VisualStudio.TestTools.TestTypes.Unit.UnitTestAdapter" className="UnitTests.iCore.Common.Entities.IntervalTests" name="IntervalTest_Construction1" />
    </UnitTest>
    <UnitTest name="Constructor_LowerBoundGreaterThanUpperBound_ThrowsArgumentException" storage="f:\etwork\bin\tests\unittests.icore.common.dll" id="8a759f5f-11aa-5ff7-2750-e744c42e00a6">
      <Execution id="8d812ac1-4424-4ea7-9103-9714c7fc3f86" />
      <TestMethod codeBase="F:\ETWork\bin\Tests\UnitTests.iCore.Common.dll" adapterTypeName="Microsoft.VisualStudio.TestTools.TestTypes.Unit.UnitTestAdapter" className="UnitTests.iCore.Common.Entities.IntervalTests" name="Constructor_LowerBoundGreaterThanUpperBound_ThrowsArgumentException" />
    </UnitTest>
    <UnitTest name="IntervalTest_Construction3" storage="f:\etwork\bin\tests\unittests.icore.common.dll" id="0e2b2179-5753-84e8-9943-b6cd76a10953">
      <Execution id="135ac2d1-366e-40c6-976c-7dca17fe6fb3" />
      <TestMethod codeBase="F:\ETWork\bin\Tests\UnitTests.iCore.Common.dll" adapterTypeName="Microsoft.VisualStudio.TestTools.TestTypes.Unit.UnitTestAdapter" className="UnitTests.iCore.Common.Entities.IntervalTests" name="IntervalTest_Construction3" />
    </UnitTest>
    <UnitTest name="IntervalTest_op_EqualityTest (Data Row 0)" storage="f:\etwork\bin\tests\unittests.icore.common.dll" id="1bf42f02-99d5-4acf-b860-727bdf7de6cb">
      <Execution id="13e8d9bb-6c2d-4d44-9eec-dccc884ab21b" />
      <TestMethod codeBase="F:\ETWork\bin\Tests\UnitTests.iCore.Common.dll" adapterTypeName="Microsoft.VisualStudio.TestTools.TestTypes.Unit.UnitTestAdapter" className="UnitTests.iCore.Common.Entities.IntervalTests" name="IntervalTest_op_EqualityTest (Data Row 0)" />
    </UnitTest>
    <UnitTest name="IntervalTest_op_EqualityTest (Data Row 1)" storage="f:\etwork\bin\tests\unittests.icore.common.dll" id="20ea7d9b-1153-4d4c-9b6c-f9ead50785f6">
      <Execution id="185363d9-9945-4be3-a582-f23da55c79d0" />
      <TestMethod codeBase="F:\ETWork\bin\Tests\UnitTests.iCore.Common.dll" adapterTypeName="Microsoft.VisualStudio.TestTools.TestTypes.Unit.UnitTestAdapter" className="UnitTests.iCore.Common.Entities.IntervalTests" name="IntervalTest_op_EqualityTest (Data Row 1)" />
    </UnitTest>
    <UnitTest name="IntervalTest_op_EqualityTest (Data Row 2)" storage="f:\etwork\bin\tests\unittests.icore.common.dll" id="f839598a-b695-4c89-a3fa-5f8540ae2fd5">
      <Execution id="f665b5d8-d024-494b-b755-35a49c7ace1b" />
      <TestMethod codeBase="F:\ETWork\bin\Tests\UnitTests.iCore.Common.dll" adapterTypeName="Microsoft.VisualStudio.TestTools.TestTypes.Unit.UnitTestAdapter" className="UnitTests.iCore.Common.Entities.IntervalTests" name="IntervalTest_op_EqualityTest (Data Row 2)" />
    </UnitTest>
    <UnitTest name="IntervalTest_op_EqualityTest (Data Row 3)" storage="f:\etwork\bin\tests\unittests.icore.common.dll" id="b90f5cfd-98c2-47f2-86d7-6a05dee813c4">
      <Execution id="668a591a-492d-494c-a82e-78b50929981d" />
      <TestMethod codeBase="F:\ETWork\bin\Tests\UnitTests.iCore.Common.dll" adapterTypeName="Microsoft.VisualStudio.TestTools.TestTypes.Unit.UnitTestAdapter" className="UnitTests.iCore.Common.Entities.IntervalTests" name="IntervalTest_op_EqualityTest (Data Row 3)" />
    </UnitTest>
    <UnitTest name="IntervalTest_op_EqualityTest (Data Row 4)" storage="f:\etwork\bin\tests\unittests.icore.common.dll" id="5b7bbcef-3952-4d94-9e57-2fd217f09e5f">
      <Execution id="a066a369-ed4e-4ffa-9cfe-dca45e39175f" />
      <TestMethod codeBase="F:\ETWork\bin\Tests\UnitTests.iCore.Common.dll" adapterTypeName="Microsoft.VisualStudio.TestTools.TestTypes.Unit.UnitTestAdapter" className="UnitTests.iCore.Common.Entities.IntervalTests" name="IntervalTest_op_EqualityTest (Data Row 4)" />
    </UnitTest>
    <UnitTest name="IntervalTest_IntersectsTest (Data Row 0)" storage="f:\etwork\bin\tests\unittests.icore.common.dll" id="935684b4-b94b-40b3-9c5b-5a78eedbedbb">
      <Execution id="b1992352-8e68-4c92-8250-c7a170204b5d" />
      <TestMethod codeBase="F:\ETWork\bin\Tests\UnitTests.iCore.Common.dll" adapterTypeName="Microsoft.VisualStudio.TestTools.TestTypes.Unit.UnitTestAdapter" className="UnitTests.iCore.Common.Entities.IntervalTests" name="IntervalTest_IntersectsTest (Data Row 0)" />
    </UnitTest>
    <UnitTest name="IntervalTest_IntersectsTest (Data Row 1)" storage="f:\etwork\bin\tests\unittests.icore.common.dll" id="f45a1700-95d4-49df-b134-3e549810c596">
      <Execution id="a9d55275-4050-405e-adf5-690a46c82d91" />
      <TestMethod codeBase="F:\ETWork\bin\Tests\UnitTests.iCore.Common.dll" adapterTypeName="Microsoft.VisualStudio.TestTools.TestTypes.Unit.UnitTestAdapter" className="UnitTests.iCore.Common.Entities.IntervalTests" name="IntervalTest_IntersectsTest (Data Row 1)" />
    </UnitTest>
    <UnitTest name="IntervalTest_IntersectsTest (Data Row 2)" storage="f:\etwork\bin\tests\unittests.icore.common.dll" id="89ed41b7-f2f7-42b8-876d-f64eb8243185">
      <Execution id="e1c44e68-71bb-479e-a837-ed1cf9cae2e9" />
      <TestMethod codeBase="F:\ETWork\bin\Tests\UnitTests.iCore.Common.dll" adapterTypeName="Microsoft.VisualStudio.TestTools.TestTypes.Unit.UnitTestAdapter" className="UnitTests.iCore.Common.Entities.IntervalTests" name="IntervalTest_IntersectsTest (Data Row 2)" />
    </UnitTest>
    <UnitTest name="IntervalTest_IntersectsTest (Data Row 3)" storage="f:\etwork\bin\tests\unittests.icore.common.dll" id="06daa2fa-b66a-42bc-b025-5ede350d31d3">
      <Execution id="29cd45d4-2bd1-4537-8598-5f6b5fdd922d" />
      <TestMethod codeBase="F:\ETWork\bin\Tests\UnitTests.iCore.Common.dll" adapterTypeName="Microsoft.VisualStudio.TestTools.TestTypes.Unit.UnitTestAdapter" className="UnitTests.iCore.Common.Entities.IntervalTests" name="IntervalTest_IntersectsTest (Data Row 3)" />
    </UnitTest>
    <UnitTest name="IntervalTest_IntersectsTest (Data Row 4)" storage="f:\etwork\bin\tests\unittests.icore.common.dll" id="0e4c0d9a-a653-48c1-9df8-8debb31f81fe">
      <Execution id="8d1811d2-03f8-44a8-8d41-7621dd62515d" />
      <TestMethod codeBase="F:\ETWork\bin\Tests\UnitTests.iCore.Common.dll" adapterTypeName="Microsoft.VisualStudio.TestTools.TestTypes.Unit.UnitTestAdapter" className="UnitTests.iCore.Common.Entities.IntervalTests" name="IntervalTest_IntersectsTest (Data Row 4)" />
    </UnitTest>
    <UnitTest name="IntervalTest_ContainsTest (Data Row 0)" storage="f:\etwork\bin\tests\unittests.icore.common.dll" id="597d923a-5cbc-4d9e-b88a-966bfeff6032">
      <Execution id="db7fdbbb-f733-4453-b5b9-68ed7a0d5642" />
      <TestMethod codeBase="F:\ETWork\bin\Tests\UnitTests.iCore.Common.dll" adapterTypeName="Microsoft.VisualStudio.TestTools.TestTypes.Unit.UnitTestAdapter" className="UnitTests.iCore.Common.Entities.IntervalTests" name="IntervalTest_ContainsTest (Data Row 0)" />
    </UnitTest>
    <UnitTest name="IntervalTest_ContainsTest (Data Row 1)" storage="f:\etwork\bin\tests\unittests.icore.common.dll" id="f7aae39f-359a-4deb-819c-19e07e451bda">
      <Execution id="48243985-631c-4c27-a6c6-aab2834fc73c" />
      <TestMethod codeBase="F:\ETWork\bin\Tests\UnitTests.iCore.Common.dll" adapterTypeName="Microsoft.VisualStudio.TestTools.TestTypes.Unit.UnitTestAdapter" className="UnitTests.iCore.Common.Entities.IntervalTests" name="IntervalTest_ContainsTest (Data Row 1)" />
    </UnitTest>
    <UnitTest name="IntervalTest_ContainsTest (Data Row 2)" storage="f:\etwork\bin\tests\unittests.icore.common.dll" id="ddd6441e-c8de-48ac-929a-499cfd21327d">
      <Execution id="86327fa6-7fd3-46f9-b03f-00f43e9c348c" />
      <TestMethod codeBase="F:\ETWork\bin\Tests\UnitTests.iCore.Common.dll" adapterTypeName="Microsoft.VisualStudio.TestTools.TestTypes.Unit.UnitTestAdapter" className="UnitTests.iCore.Common.Entities.IntervalTests" name="IntervalTest_ContainsTest (Data Row 2)" />
    </UnitTest>
    <UnitTest name="IntervalTest_ContainsTest (Data Row 3)" storage="f:\etwork\bin\tests\unittests.icore.common.dll" id="e74c13df-5d16-4f09-8d00-3409a9f6370f">
      <Execution id="02a81074-cebd-42e4-822f-f840c0b01582" />
      <TestMethod codeBase="F:\ETWork\bin\Tests\UnitTests.iCore.Common.dll" adapterTypeName="Microsoft.VisualStudio.TestTools.TestTypes.Unit.UnitTestAdapter" className="UnitTests.iCore.Common.Entities.IntervalTests" name="IntervalTest_ContainsTest (Data Row 3)" />
    </UnitTest>
    <UnitTest name="IntervalTest_ContainsTest (Data Row 4)" storage="f:\etwork\bin\tests\unittests.icore.common.dll" id="78f936de-5886-428f-b8f7-e08a6297d504">
      <Execution id="bba7759d-445f-4033-93bf-8216a587db6d" />
      <TestMethod codeBase="F:\ETWork\bin\Tests\UnitTests.iCore.Common.dll" adapterTypeName="Microsoft.VisualStudio.TestTools.TestTypes.Unit.UnitTestAdapter" className="UnitTests.iCore.Common.Entities.IntervalTests" name="IntervalTest_ContainsTest (Data Row 4)" />
    </UnitTest>
    <UnitTest name="ImmutableStack_StringSerialization" storage="f:\etwork\bin\tests\unittests.icore.common.dll" id="6bd88669-bc24-8810-83bf-7b1ff00aea93">
      <Execution id="aa5f2627-0d61-4aef-a3cb-dc393890a5d1" />
      <TestMethod codeBase="F:\ETWork\bin\Tests\UnitTests.iCore.Common.dll" adapterTypeName="Microsoft.VisualStudio.TestTools.TestTypes.Unit.UnitTestAdapter" className="UnitTests.iCore.Common.Utilities.ImmutableStackTest" name="ImmutableStack_StringSerialization" />
    </UnitTest>
    <UnitTest name="ImmutableStack_IntSerialization" storage="f:\etwork\bin\tests\unittests.icore.common.dll" id="617629e8-7fc0-e284-7ea3-99ad39415273">
      <Execution id="07061e5b-d241-48a4-a8f4-5d160ad6ffc5" />
      <TestMethod codeBase="F:\ETWork\bin\Tests\UnitTests.iCore.Common.dll" adapterTypeName="Microsoft.VisualStudio.TestTools.TestTypes.Unit.UnitTestAdapter" className="UnitTests.iCore.Common.Utilities.ImmutableStackTest" name="ImmutableStack_IntSerialization" />
    </UnitTest>
    <UnitTest name="ImmutableStack_ComplexSerialization" storage="f:\etwork\bin\tests\unittests.icore.common.dll" id="3e168676-1e6a-96f4-f507-0026d0dba375">
      <Execution id="fa823a36-53f6-482d-919a-653ef402b489" />
      <TestMethod codeBase="F:\ETWork\bin\Tests\UnitTests.iCore.Common.dll" adapterTypeName="Microsoft.VisualStudio.TestTools.TestTypes.Unit.UnitTestAdapter" className="UnitTests.iCore.Common.Utilities.ImmutableStackTest" name="ImmutableStack_ComplexSerialization" />
    </UnitTest>
    <UnitTest name="ImmutableStack_TestIsEmpty" storage="f:\etwork\bin\tests\unittests.icore.common.dll" id="ca97c74d-dc03-4a4c-9a08-c17bcfdb4d9f">
      <Execution id="64521244-0afa-43c3-92bb-adc810c99876" />
      <TestMethod codeBase="F:\ETWork\bin\Tests\UnitTests.iCore.Common.dll" adapterTypeName="Microsoft.VisualStudio.TestTools.TestTypes.Unit.UnitTestAdapter" className="UnitTests.iCore.Common.Utilities.ImmutableStackTest" name="ImmutableStack_TestIsEmpty" />
    </UnitTest>
    <UnitTest name="HasValue_ValueWasAssigned_ReturnsTrue" storage="f:\etwork\bin\tests\unittests.icore.common.dll" id="9b961824-d80e-9955-a55a-67525bc8cc20">
      <Execution id="f2bd854f-827b-4aae-b041-35a9ab46f6f8" />
      <TestMethod codeBase="F:\ETWork\bin\Tests\UnitTests.iCore.Common.dll" adapterTypeName="Microsoft.VisualStudio.TestTools.TestTypes.Unit.UnitTestAdapter" className="UnitTests.iCore.Common.Utilities.MaybeTests" name="HasValue_ValueWasAssigned_ReturnsTrue" />
    </UnitTest>
    <UnitTest name="HasValue_NoValueWasAssigned_ReturnsFalse" storage="f:\etwork\bin\tests\unittests.icore.common.dll" id="cc5c2a3e-0db6-793e-0d95-b864f01e364c">
      <Execution id="e3f087fd-f559-4684-bba0-bed04b889834" />
      <TestMethod codeBase="F:\ETWork\bin\Tests\UnitTests.iCore.Common.dll" adapterTypeName="Microsoft.VisualStudio.TestTools.TestTypes.Unit.UnitTestAdapter" className="UnitTests.iCore.Common.Utilities.MaybeTests" name="HasValue_NoValueWasAssigned_ReturnsFalse" />
    </UnitTest>
    <UnitTest name="HasValue_ValueWasAssignedFromEmptyMaybe_ReturnsFalse" storage="f:\etwork\bin\tests\unittests.icore.common.dll" id="39411367-3a8d-8446-016c-9e09b6d4b292">
      <Execution id="e74e1c32-3100-432b-a63e-224f583e94ae" />
      <TestMethod codeBase="F:\ETWork\bin\Tests\UnitTests.iCore.Common.dll" adapterTypeName="Microsoft.VisualStudio.TestTools.TestTypes.Unit.UnitTestAdapter" className="UnitTests.iCore.Common.Utilities.MaybeTests" name="HasValue_ValueWasAssignedFromEmptyMaybe_ReturnsFalse" />
    </UnitTest>
    <UnitTest name="HasValue_ValueWasAssignedFromInitializedMaybe_ReturnsTrue" storage="f:\etwork\bin\tests\unittests.icore.common.dll" id="f65054d2-26fd-089a-419d-ea67ebee56e0">
      <Execution id="fb9578a0-9ada-4cd5-a0e4-c451d32de1ed" />
      <TestMethod codeBase="F:\ETWork\bin\Tests\UnitTests.iCore.Common.dll" adapterTypeName="Microsoft.VisualStudio.TestTools.TestTypes.Unit.UnitTestAdapter" className="UnitTests.iCore.Common.Utilities.MaybeTests" name="HasValue_ValueWasAssignedFromInitializedMaybe_ReturnsTrue" />
    </UnitTest>
    <UnitTest name="Value_ValueWasAssigned_ReturnsValue" storage="f:\etwork\bin\tests\unittests.icore.common.dll" id="5080e5b9-0629-be6b-8b84-db7c0d7debe4">
      <Execution id="264973d9-e526-499e-9ac9-625f88af7cb6" />
      <TestMethod codeBase="F:\ETWork\bin\Tests\UnitTests.iCore.Common.dll" adapterTypeName="Microsoft.VisualStudio.TestTools.TestTypes.Unit.UnitTestAdapter" className="UnitTests.iCore.Common.Utilities.MaybeTests" name="Value_ValueWasAssigned_ReturnsValue" />
    </UnitTest>
    <UnitTest name="Value_ValueWasNotAssigned_ThrowsInvalidOperationException" storage="f:\etwork\bin\tests\unittests.icore.common.dll" id="09a049af-c248-b3f4-c066-98198e9afc78">
      <Execution id="fae88b62-cae8-42d2-afed-e0c98cb2b578" />
      <TestMethod codeBase="F:\ETWork\bin\Tests\UnitTests.iCore.Common.dll" adapterTypeName="Microsoft.VisualStudio.TestTools.TestTypes.Unit.UnitTestAdapter" className="UnitTests.iCore.Common.Utilities.MaybeTests" name="Value_ValueWasNotAssigned_ThrowsInvalidOperationException" />
    </UnitTest>
    <UnitTest name="Equals_ValueWasNotAssigned_ComparedToNothing_ReturnsTrue" storage="f:\etwork\bin\tests\unittests.icore.common.dll" id="f5c284a0-d9a5-14ca-eb72-369fa67ef8b6">
      <Execution id="c7654b2c-cb2d-4b1a-8c60-16f9a84d2076" />
      <TestMethod codeBase="F:\ETWork\bin\Tests\UnitTests.iCore.Common.dll" adapterTypeName="Microsoft.VisualStudio.TestTools.TestTypes.Unit.UnitTestAdapter" className="UnitTests.iCore.Common.Utilities.MaybeTests" name="Equals_ValueWasNotAssigned_ComparedToNothing_ReturnsTrue" />
    </UnitTest>
    <UnitTest name="Equals_ValueWasAssigned_ComparedToNothing_ReturnsFalse" storage="f:\etwork\bin\tests\unittests.icore.common.dll" id="20d85082-5556-1d3a-59d0-ba2f73f18c17">
      <Execution id="68f34306-71b7-4ec0-9d31-f348e54e12cc" />
      <TestMethod codeBase="F:\ETWork\bin\Tests\UnitTests.iCore.Common.dll" adapterTypeName="Microsoft.VisualStudio.TestTools.TestTypes.Unit.UnitTestAdapter" className="UnitTests.iCore.Common.Utilities.MaybeTests" name="Equals_ValueWasAssigned_ComparedToNothing_ReturnsFalse" />
    </UnitTest>
    <UnitTest name="Equals_ValueWasAssigned_ComparedToValue_ReturnsTrue" storage="f:\etwork\bin\tests\unittests.icore.common.dll" id="117b3747-b723-f669-300b-692b154881c8">
      <Execution id="759b1d41-f4fe-4f0c-8753-83206367266d" />
      <TestMethod codeBase="F:\ETWork\bin\Tests\UnitTests.iCore.Common.dll" adapterTypeName="Microsoft.VisualStudio.TestTools.TestTypes.Unit.UnitTestAdapter" className="UnitTests.iCore.Common.Utilities.MaybeTests" name="Equals_ValueWasAssigned_ComparedToValue_ReturnsTrue" />
    </UnitTest>
    <UnitTest name="Equals_ValueWasAssigned_ComparedDifferentValue_ReturnsTrue" storage="f:\etwork\bin\tests\unittests.icore.common.dll" id="373484e5-18a4-6607-dea3-ec6772f1ce92">
      <Execution id="78e53f6f-9a75-48e0-81b4-994b81b938c8" />
      <TestMethod codeBase="F:\ETWork\bin\Tests\UnitTests.iCore.Common.dll" adapterTypeName="Microsoft.VisualStudio.TestTools.TestTypes.Unit.UnitTestAdapter" className="UnitTests.iCore.Common.Utilities.MaybeTests" name="Equals_ValueWasAssigned_ComparedDifferentValue_ReturnsTrue" />
    </UnitTest>
    <UnitTest name="Equals_ValueWasAssigned_ComparedToOtherMaybeWithDifferentValue_ReturnsFalse" storage="f:\etwork\bin\tests\unittests.icore.common.dll" id="574e22a4-8534-9785-1228-0e2deeaef53a">
      <Execution id="2f370d16-7a12-446b-bf46-b2bf0c693a8b" />
      <TestMethod codeBase="F:\ETWork\bin\Tests\UnitTests.iCore.Common.dll" adapterTypeName="Microsoft.VisualStudio.TestTools.TestTypes.Unit.UnitTestAdapter" className="UnitTests.iCore.Common.Utilities.MaybeTests" name="Equals_ValueWasAssigned_ComparedToOtherMaybeWithDifferentValue_ReturnsFalse" />
    </UnitTest>
    <UnitTest name="Equals_ValueWasAssigned_ComparedToOtherMaybeWithSameValue_ReturnsTrue" storage="f:\etwork\bin\tests\unittests.icore.common.dll" id="9decd2bf-16a8-eed8-bb67-ff3a3abb15e4">
      <Execution id="4e644169-f754-4023-97b7-f4c8643d8ef2" />
      <TestMethod codeBase="F:\ETWork\bin\Tests\UnitTests.iCore.Common.dll" adapterTypeName="Microsoft.VisualStudio.TestTools.TestTypes.Unit.UnitTestAdapter" className="UnitTests.iCore.Common.Utilities.MaybeTests" name="Equals_ValueWasAssigned_ComparedToOtherMaybeWithSameValue_ReturnsTrue" />
    </UnitTest>
    <UnitTest name="OperatorEq_ValueWasNotAssigned_ComparedToNothing_ReturnsTrue" storage="f:\etwork\bin\tests\unittests.icore.common.dll" id="bfcfc1b4-8c06-7432-8751-c8f7e1d185f3">
      <Execution id="75d1d990-da7c-4285-bea7-ea249ba9ed26" />
      <TestMethod codeBase="F:\ETWork\bin\Tests\UnitTests.iCore.Common.dll" adapterTypeName="Microsoft.VisualStudio.TestTools.TestTypes.Unit.UnitTestAdapter" className="UnitTests.iCore.Common.Utilities.MaybeTests" name="OperatorEq_ValueWasNotAssigned_ComparedToNothing_ReturnsTrue" />
    </UnitTest>
    <UnitTest name="OperatorEq_ValueWasAssigned_ComparedToNothing_ReturnsFalse" storage="f:\etwork\bin\tests\unittests.icore.common.dll" id="2c407d33-2a95-08bd-77f5-ead9c24c1593">
      <Execution id="91516c87-23a5-4ff7-a7d6-e2d001f308a5" />
      <TestMethod codeBase="F:\ETWork\bin\Tests\UnitTests.iCore.Common.dll" adapterTypeName="Microsoft.VisualStudio.TestTools.TestTypes.Unit.UnitTestAdapter" className="UnitTests.iCore.Common.Utilities.MaybeTests" name="OperatorEq_ValueWasAssigned_ComparedToNothing_ReturnsFalse" />
    </UnitTest>
    <UnitTest name="OperatorEq_ValueWasAssigned_ComparedToValue_ReturnsTrue" storage="f:\etwork\bin\tests\unittests.icore.common.dll" id="d35d10af-70a0-9292-5054-8520a2d1a5d0">
      <Execution id="8adc5e89-8692-4c98-9e8b-8fdfc57bbbd7" />
      <TestMethod codeBase="F:\ETWork\bin\Tests\UnitTests.iCore.Common.dll" adapterTypeName="Microsoft.VisualStudio.TestTools.TestTypes.Unit.UnitTestAdapter" className="UnitTests.iCore.Common.Utilities.MaybeTests" name="OperatorEq_ValueWasAssigned_ComparedToValue_ReturnsTrue" />
    </UnitTest>
    <UnitTest name="OperatorEq_ValueWasAssigned_ValueComparedToIt_ReturnsTrue" storage="f:\etwork\bin\tests\unittests.icore.common.dll" id="d8663f1a-baf0-f783-bf74-e701416a0467">
      <Execution id="86528ab2-2190-4b2d-a998-1d84be8fd7e9" />
      <TestMethod codeBase="F:\ETWork\bin\Tests\UnitTests.iCore.Common.dll" adapterTypeName="Microsoft.VisualStudio.TestTools.TestTypes.Unit.UnitTestAdapter" className="UnitTests.iCore.Common.Utilities.MaybeTests" name="OperatorEq_ValueWasAssigned_ValueComparedToIt_ReturnsTrue" />
    </UnitTest>
    <UnitTest name="OperatorEq_ValueWasAssigned_ComparedDifferentValue_ReturnsTrue" storage="f:\etwork\bin\tests\unittests.icore.common.dll" id="238d3e6b-660c-b770-1660-baf76289c1ed">
      <Execution id="d89f2e63-f440-4ec7-a0f4-4d120b0cf996" />
      <TestMethod codeBase="F:\ETWork\bin\Tests\UnitTests.iCore.Common.dll" adapterTypeName="Microsoft.VisualStudio.TestTools.TestTypes.Unit.UnitTestAdapter" className="UnitTests.iCore.Common.Utilities.MaybeTests" name="OperatorEq_ValueWasAssigned_ComparedDifferentValue_ReturnsTrue" />
    </UnitTest>
    <UnitTest name="OperatorEq_ValueWasAssigned_ComparedToOtherMaybeWithDifferentValue_ReturnsFalse" storage="f:\etwork\bin\tests\unittests.icore.common.dll" id="e6f1c710-1b63-5b48-9197-7e47427a8aa6">
      <Execution id="40ad18db-8858-4e85-a4f2-6ec8f1b09c96" />
      <TestMethod codeBase="F:\ETWork\bin\Tests\UnitTests.iCore.Common.dll" adapterTypeName="Microsoft.VisualStudio.TestTools.TestTypes.Unit.UnitTestAdapter" className="UnitTests.iCore.Common.Utilities.MaybeTests" name="OperatorEq_ValueWasAssigned_ComparedToOtherMaybeWithDifferentValue_ReturnsFalse" />
    </UnitTest>
    <UnitTest name="OperatorEq_ValueWasAssigned_ComparedToOtherMaybeWithSameValue_ReturnsTrue" storage="f:\etwork\bin\tests\unittests.icore.common.dll" id="dd9057c5-540c-a3d6-ed59-8fc92239bc7a">
      <Execution id="1541b3e7-0230-499d-875a-365fe111853f" />
      <TestMethod codeBase="F:\ETWork\bin\Tests\UnitTests.iCore.Common.dll" adapterTypeName="Microsoft.VisualStudio.TestTools.TestTypes.Unit.UnitTestAdapter" className="UnitTests.iCore.Common.Utilities.MaybeTests" name="OperatorEq_ValueWasAssigned_ComparedToOtherMaybeWithSameValue_ReturnsTrue" />
    </UnitTest>
    <UnitTest name="ImplicitConversion" storage="f:\etwork\bin\tests\unittests.icore.common.dll" id="b7d950eb-bab5-9502-60db-a363b5f2194a">
      <Execution id="139019c0-d76d-4c2f-b247-672e47683ca3" />
      <TestMethod codeBase="F:\ETWork\bin\Tests\UnitTests.iCore.Common.dll" adapterTypeName="Microsoft.VisualStudio.TestTools.TestTypes.Unit.UnitTestAdapter" className="UnitTests.iCore.Common.Utilities.MaybeTests" name="ImplicitConversion" />
    </UnitTest>
    <UnitTest name="ReleaseStringCharacters_NoReleaseNeeded_Succeeds" storage="f:\etwork\bin\tests\unittests.icore.common.dll" id="975890e5-31db-7792-3d04-27c8681a570d">
      <Execution id="eed6d054-0472-4049-a5d4-e12b8c266307" />
      <TestMethod codeBase="F:\ETWork\bin\Tests\UnitTests.iCore.Common.dll" adapterTypeName="Microsoft.VisualStudio.TestTools.TestTypes.Unit.UnitTestAdapter" className="UnitTests.iCore.Common.Utilities.TextUtilsTest" name="ReleaseStringCharacters_NoReleaseNeeded_Succeeds" />
    </UnitTest>
    <UnitTest name="ReleaseStringCharacters_StringChars_Succeeds" storage="f:\etwork\bin\tests\unittests.icore.common.dll" id="edf68c94-a5ec-b730-9778-44078c572537">
      <Execution id="4f34d4b4-6c15-4c5e-8835-ad1daedca57c" />
      <TestMethod codeBase="F:\ETWork\bin\Tests\UnitTests.iCore.Common.dll" adapterTypeName="Microsoft.VisualStudio.TestTools.TestTypes.Unit.UnitTestAdapter" className="UnitTests.iCore.Common.Utilities.TextUtilsTest" name="ReleaseStringCharacters_StringChars_Succeeds" />
    </UnitTest>
    <UnitTest name="ReleaseStringCharacters_ReleaseChars_Succeeds" storage="f:\etwork\bin\tests\unittests.icore.common.dll" id="e55229e1-343f-2a9f-baea-eff8d15abefc">
      <Execution id="042983e6-1c3d-4c24-8ee2-8ebd951fa8cc" />
      <TestMethod codeBase="F:\ETWork\bin\Tests\UnitTests.iCore.Common.dll" adapterTypeName="Microsoft.VisualStudio.TestTools.TestTypes.Unit.UnitTestAdapter" className="UnitTests.iCore.Common.Utilities.TextUtilsTest" name="ReleaseStringCharacters_ReleaseChars_Succeeds" />
    </UnitTest>
    <UnitTest name="ReleaseStringCharacters_ReleaseCharsAndStringChars_Succeeds" storage="f:\etwork\bin\tests\unittests.icore.common.dll" id="f5b77f69-6919-fa03-cd56-5fe96735515a">
      <Execution id="bdc4cfe5-fac7-4805-bc00-245c3baae100" />
      <TestMethod codeBase="F:\ETWork\bin\Tests\UnitTests.iCore.Common.dll" adapterTypeName="Microsoft.VisualStudio.TestTools.TestTypes.Unit.UnitTestAdapter" className="UnitTests.iCore.Common.Utilities.TextUtilsTest" name="ReleaseStringCharacters_ReleaseCharsAndStringChars_Succeeds" />
    </UnitTest>
    <UnitTest name="GetNextIntegerSuffixedValue_ArgumentValueIsNotSuffixed_ResultIsSuffixedWithTwo" storage="f:\etwork\bin\tests\unittests.icore.common.dll" id="dc442020-b99c-8546-d90c-04ee3ba42205">
      <Execution id="7ce3f012-8ac5-4742-94f7-14cd968b64d0" />
      <TestMethod codeBase="F:\ETWork\bin\Tests\UnitTests.iCore.Common.dll" adapterTypeName="Microsoft.VisualStudio.TestTools.TestTypes.Unit.UnitTestAdapter" className="UnitTests.iCore.Common.Utilities.TextUtilsTest" name="GetNextIntegerSuffixedValue_ArgumentValueIsNotSuffixed_ResultIsSuffixedWithTwo" />
    </UnitTest>
    <UnitTest name="GetNextIntegerSuffixedValue_ArgumentValueIsIntegerSuffixed_ResultIsSuffixedWithNextIntegerValue" storage="f:\etwork\bin\tests\unittests.icore.common.dll" id="7d59e641-832c-2363-bfa6-6dbb7d6f87df">
      <Execution id="25d66016-2f3d-4d0d-9d23-ad27f43bf2b1" />
      <TestMethod codeBase="F:\ETWork\bin\Tests\UnitTests.iCore.Common.dll" adapterTypeName="Microsoft.VisualStudio.TestTools.TestTypes.Unit.UnitTestAdapter" className="UnitTests.iCore.Common.Utilities.TextUtilsTest" name="GetNextIntegerSuffixedValue_ArgumentValueIsIntegerSuffixed_ResultIsSuffixedWithNextIntegerValue" />
    </UnitTest>
    <UnitTest name="GetNextIntegerSuffixedValue_ArgumentFuncIsNull_ResultIsSuffixedWithNextIntegerValue" storage="f:\etwork\bin\tests\unittests.icore.common.dll" id="244491c1-5d65-7e1c-fc55-c1b2eb8b4a5f">
      <Execution id="fa50ff06-3fd5-48cd-b354-a20ec234742e" />
      <TestMethod codeBase="F:\ETWork\bin\Tests\UnitTests.iCore.Common.dll" adapterTypeName="Microsoft.VisualStudio.TestTools.TestTypes.Unit.UnitTestAdapter" className="UnitTests.iCore.Common.Utilities.TextUtilsTest" name="GetNextIntegerSuffixedValue_ArgumentFuncIsNull_ResultIsSuffixedWithNextIntegerValue" />
    </UnitTest>
    <UnitTest name="GetNextIntegerSuffixedValue_NextValuesAlreadyExists_ResultIsSuffixedWithNextAvailableIntegerValue" storage="f:\etwork\bin\tests\unittests.icore.common.dll" id="f4efaebc-7e9c-7f81-4fc6-a4f90c2b264f">
      <Execution id="a51550b7-a973-4623-946d-06272a5416b1" />
      <TestMethod codeBase="F:\ETWork\bin\Tests\UnitTests.iCore.Common.dll" adapterTypeName="Microsoft.VisualStudio.TestTools.TestTypes.Unit.UnitTestAdapter" className="UnitTests.iCore.Common.Utilities.TextUtilsTest" name="GetNextIntegerSuffixedValue_NextValuesAlreadyExists_ResultIsSuffixedWithNextAvailableIntegerValue" />
    </UnitTest>
    <UnitTest name="GetNextIntegerSuffixedValue_ArgumentFuncThrows_Throws" storage="f:\etwork\bin\tests\unittests.icore.common.dll" id="902a703a-ce37-8f09-b9c0-6fc9ba2e736e">
      <Execution id="65ab628a-4b07-4dfc-be55-4967b24737d5" />
      <TestMethod codeBase="F:\ETWork\bin\Tests\UnitTests.iCore.Common.dll" adapterTypeName="Microsoft.VisualStudio.TestTools.TestTypes.Unit.UnitTestAdapter" className="UnitTests.iCore.Common.Utilities.TextUtilsTest" name="GetNextIntegerSuffixedValue_ArgumentFuncThrows_Throws" />
    </UnitTest>
    <UnitTest name="GetNextIntegerSuffixedValue_ArgumentValuesSuffixIsUInt64Max_ThrowsOverflowException" storage="f:\etwork\bin\tests\unittests.icore.common.dll" id="afee2aa8-b35f-f1d7-909f-9d68d4e12bcc">
      <Execution id="60f12f8d-03e1-406e-9c4d-a56016b04166" />
      <TestMethod codeBase="F:\ETWork\bin\Tests\UnitTests.iCore.Common.dll" adapterTypeName="Microsoft.VisualStudio.TestTools.TestTypes.Unit.UnitTestAdapter" className="UnitTests.iCore.Common.Utilities.TextUtilsTest" name="GetNextIntegerSuffixedValue_ArgumentValuesSuffixIsUInt64Max_ThrowsOverflowException" />
    </UnitTest>
    <UnitTest name="GetNextIntegerSuffixedValue_ArgumentValuesIsNull_ThrowsOverflowException" storage="f:\etwork\bin\tests\unittests.icore.common.dll" id="7312ddc3-6e8d-cb06-b59e-ffaf3a1a8e83">
      <Execution id="98fcb215-2680-4002-a9bf-79fa70a0aad2" />
      <TestMethod codeBase="F:\ETWork\bin\Tests\UnitTests.iCore.Common.dll" adapterTypeName="Microsoft.VisualStudio.TestTools.TestTypes.Unit.UnitTestAdapter" className="UnitTests.iCore.Common.Utilities.TextUtilsTest" name="GetNextIntegerSuffixedValue_ArgumentValuesIsNull_ThrowsOverflowException" />
    </UnitTest>
    <UnitTest name="GetNextIntegerSuffixedValue_ArgumentValuesIsEmpty_ThrowsOverflowException" storage="f:\etwork\bin\tests\unittests.icore.common.dll" id="ca98eac0-a8d6-7ac0-f66f-411b005349d4">
      <Execution id="20254458-f507-4a98-86e0-7cbf571ebdb1" />
      <TestMethod codeBase="F:\ETWork\bin\Tests\UnitTests.iCore.Common.dll" adapterTypeName="Microsoft.VisualStudio.TestTools.TestTypes.Unit.UnitTestAdapter" className="UnitTests.iCore.Common.Utilities.TextUtilsTest" name="GetNextIntegerSuffixedValue_ArgumentValuesIsEmpty_ThrowsOverflowException" />
    </UnitTest>
    <UnitTest name="GetNextIntegerSuffixedValue_ArgumentValuesIsWhiteSpace_ThrowsOverflowException" storage="f:\etwork\bin\tests\unittests.icore.common.dll" id="5c21bd83-cf2e-acf5-f640-695cad3d33b2">
      <Execution id="e25207f2-2a74-4106-b567-ad4f58c04d64" />
      <TestMethod codeBase="F:\ETWork\bin\Tests\UnitTests.iCore.Common.dll" adapterTypeName="Microsoft.VisualStudio.TestTools.TestTypes.Unit.UnitTestAdapter" className="UnitTests.iCore.Common.Utilities.TextUtilsTest" name="GetNextIntegerSuffixedValue_ArgumentValuesIsWhiteSpace_ThrowsOverflowException" />
    </UnitTest>
    <UnitTest name="GetNextIntegerSuffixedValue_ArgumentValuesIsNumericsOnly_ResultIsNextNumericOnlyValue" storage="f:\etwork\bin\tests\unittests.icore.common.dll" id="eda22834-9396-4633-4d26-b2fa33e6800e">
      <Execution id="b42d15ae-7b1f-4f15-8ad7-70b9dabab3de" />
      <TestMethod codeBase="F:\ETWork\bin\Tests\UnitTests.iCore.Common.dll" adapterTypeName="Microsoft.VisualStudio.TestTools.TestTypes.Unit.UnitTestAdapter" className="UnitTests.iCore.Common.Utilities.TextUtilsTest" name="GetNextIntegerSuffixedValue_ArgumentValuesIsNumericsOnly_ResultIsNextNumericOnlyValue" />
    </UnitTest>
    <UnitTest name="GetTicksPerUnit_UnitIsms_ReturnsTicksPerMillisecond" storage="f:\etwork\bin\tests\unittests.icore.common.dll" id="299800e5-2cfa-e0f4-c639-615d9f28793f">
      <Execution id="e9f7d4ed-e15c-4d38-83d2-0dab631aae0a" />
      <TestMethod codeBase="F:\ETWork\bin\Tests\UnitTests.iCore.Common.dll" adapterTypeName="Microsoft.VisualStudio.TestTools.TestTypes.Unit.UnitTestAdapter" className="UnitTests.iCore.Common.Utilities.TimeSpanUtilsTest" name="GetTicksPerUnit_UnitIsms_ReturnsTicksPerMillisecond" />
    </UnitTest>
    <UnitTest name="GetTicksPerUnit_UnitIss_ReturnsTicksPerSecond" storage="f:\etwork\bin\tests\unittests.icore.common.dll" id="148fc3fb-6338-5912-75bc-8b1b122b40f0">
      <Execution id="775a3c3e-e8af-4c97-bd77-9ce7c3d28085" />
      <TestMethod codeBase="F:\ETWork\bin\Tests\UnitTests.iCore.Common.dll" adapterTypeName="Microsoft.VisualStudio.TestTools.TestTypes.Unit.UnitTestAdapter" className="UnitTests.iCore.Common.Utilities.TimeSpanUtilsTest" name="GetTicksPerUnit_UnitIss_ReturnsTicksPerSecond" />
    </UnitTest>
    <UnitTest name="GetTicksPerUnit_UnitIsm_ReturnsTicksPerMinute" storage="f:\etwork\bin\tests\unittests.icore.common.dll" id="0f30872d-3b5e-d4f3-dd8f-18ecb264eccb">
      <Execution id="e506421f-9d74-4ad4-bc0a-357b600aceb2" />
      <TestMethod codeBase="F:\ETWork\bin\Tests\UnitTests.iCore.Common.dll" adapterTypeName="Microsoft.VisualStudio.TestTools.TestTypes.Unit.UnitTestAdapter" className="UnitTests.iCore.Common.Utilities.TimeSpanUtilsTest" name="GetTicksPerUnit_UnitIsm_ReturnsTicksPerMinute" />
    </UnitTest>
    <UnitTest name="GetTicksPerUnit_UnitIsh_ReturnsTicksPerHour" storage="f:\etwork\bin\tests\unittests.icore.common.dll" id="4311a973-fec4-b643-81c4-2b4a36c3350e">
      <Execution id="bc118b0d-1bf0-4a82-a70e-c2e41826a831" />
      <TestMethod codeBase="F:\ETWork\bin\Tests\UnitTests.iCore.Common.dll" adapterTypeName="Microsoft.VisualStudio.TestTools.TestTypes.Unit.UnitTestAdapter" className="UnitTests.iCore.Common.Utilities.TimeSpanUtilsTest" name="GetTicksPerUnit_UnitIsh_ReturnsTicksPerHour" />
    </UnitTest>
    <UnitTest name="GetTicksPerUnit_UnitIsd_ReturnsTicksPerDay" storage="f:\etwork\bin\tests\unittests.icore.common.dll" id="d170a57f-e2bc-d2fb-3b80-2f4b091b9ac8">
      <Execution id="f00ac054-e271-4460-a28d-442481977220" />
      <TestMethod codeBase="F:\ETWork\bin\Tests\UnitTests.iCore.Common.dll" adapterTypeName="Microsoft.VisualStudio.TestTools.TestTypes.Unit.UnitTestAdapter" className="UnitTests.iCore.Common.Utilities.TimeSpanUtilsTest" name="GetTicksPerUnit_UnitIsd_ReturnsTicksPerDay" />
    </UnitTest>
    <UnitTest name="GetTicksPerUnit_NotImplementedEnum_Throws" storage="f:\etwork\bin\tests\unittests.icore.common.dll" id="d3bb0b54-0f55-f922-ca35-49317e50e936">
      <Execution id="f3f1e755-c812-4837-92b8-391bf5de10a4" />
      <TestMethod codeBase="F:\ETWork\bin\Tests\UnitTests.iCore.Common.dll" adapterTypeName="Microsoft.VisualStudio.TestTools.TestTypes.Unit.UnitTestAdapter" className="UnitTests.iCore.Common.Utilities.TimeSpanUtilsTest" name="GetTicksPerUnit_NotImplementedEnum_Throws" />
    </UnitTest>
    <UnitTest name="GetTicksPerUnit_AllAvailableEnumValuesSupplied_EachSucceeds" storage="f:\etwork\bin\tests\unittests.icore.common.dll" id="f71b43fa-e0c9-4281-c8c5-254fb708d7c0">
      <Execution id="7b9cdf8c-dd6f-4a36-aac3-249e17751b23" />
      <TestMethod codeBase="F:\ETWork\bin\Tests\UnitTests.iCore.Common.dll" adapterTypeName="Microsoft.VisualStudio.TestTools.TestTypes.Unit.UnitTestAdapter" className="UnitTests.iCore.Common.Utilities.TimeSpanUtilsTest" name="GetTicksPerUnit_AllAvailableEnumValuesSupplied_EachSucceeds" />
    </UnitTest>
    <UnitTest name="GetTimeUnitString_UnitIsms_ReturnsMillisecondText" storage="f:\etwork\bin\tests\unittests.icore.common.dll" id="bd4e1ed7-4d74-0073-54b6-9057edf998f5">
      <Execution id="b1663db6-c842-4efd-b7ab-39df1330e4e4" />
      <TestMethod codeBase="F:\ETWork\bin\Tests\UnitTests.iCore.Common.dll" adapterTypeName="Microsoft.VisualStudio.TestTools.TestTypes.Unit.UnitTestAdapter" className="UnitTests.iCore.Common.Utilities.TimeSpanUtilsTest" name="GetTimeUnitString_UnitIsms_ReturnsMillisecondText" />
    </UnitTest>
    <UnitTest name="GetTimeUnitString_UnitIss_ReturnsSecondsText" storage="f:\etwork\bin\tests\unittests.icore.common.dll" id="a59c915c-3e09-54ae-fc45-8b07373cfacb">
      <Execution id="cb65d268-6a73-4f71-b65d-750ed7e6bcec" />
      <TestMethod codeBase="F:\ETWork\bin\Tests\UnitTests.iCore.Common.dll" adapterTypeName="Microsoft.VisualStudio.TestTools.TestTypes.Unit.UnitTestAdapter" className="UnitTests.iCore.Common.Utilities.TimeSpanUtilsTest" name="GetTimeUnitString_UnitIss_ReturnsSecondsText" />
    </UnitTest>
    <UnitTest name="GetTimeUnitString_UnitIsm_ReturnsMinutesText" storage="f:\etwork\bin\tests\unittests.icore.common.dll" id="ee45d335-5084-4bd0-e200-e07aa9e62dfa">
      <Execution id="6b86956c-9b22-4ee9-b7b4-8344357d9690" />
      <TestMethod codeBase="F:\ETWork\bin\Tests\UnitTests.iCore.Common.dll" adapterTypeName="Microsoft.VisualStudio.TestTools.TestTypes.Unit.UnitTestAdapter" className="UnitTests.iCore.Common.Utilities.TimeSpanUtilsTest" name="GetTimeUnitString_UnitIsm_ReturnsMinutesText" />
    </UnitTest>
    <UnitTest name="GetTimeUnitString_UnitIsmh_ReturnsHoursText" storage="f:\etwork\bin\tests\unittests.icore.common.dll" id="52b11396-80f1-2587-fe78-fa92de53d036">
      <Execution id="67d6cb02-e17f-4877-bb2e-0bec0480fd57" />
      <TestMethod codeBase="F:\ETWork\bin\Tests\UnitTests.iCore.Common.dll" adapterTypeName="Microsoft.VisualStudio.TestTools.TestTypes.Unit.UnitTestAdapter" className="UnitTests.iCore.Common.Utilities.TimeSpanUtilsTest" name="GetTimeUnitString_UnitIsmh_ReturnsHoursText" />
    </UnitTest>
    <UnitTest name="GetTimeUnitString_UnitIsd_ReturnsDaysText" storage="f:\etwork\bin\tests\unittests.icore.common.dll" id="1bf25aed-2378-9be8-f551-a7e7c7d4218f">
      <Execution id="e2fff09c-e92d-4720-af0c-afa1da92441a" />
      <TestMethod codeBase="F:\ETWork\bin\Tests\UnitTests.iCore.Common.dll" adapterTypeName="Microsoft.VisualStudio.TestTools.TestTypes.Unit.UnitTestAdapter" className="UnitTests.iCore.Common.Utilities.TimeSpanUtilsTest" name="GetTimeUnitString_UnitIsd_ReturnsDaysText" />
    </UnitTest>
    <UnitTest name="GetTimeUnitString_NotImplementedEnum_ThrowsException" storage="f:\etwork\bin\tests\unittests.icore.common.dll" id="2760a526-05f0-7b39-198f-217a26f4b3c6">
      <Execution id="ead6c7ce-27b0-4afa-aff5-76114498799d" />
      <TestMethod codeBase="F:\ETWork\bin\Tests\UnitTests.iCore.Common.dll" adapterTypeName="Microsoft.VisualStudio.TestTools.TestTypes.Unit.UnitTestAdapter" className="UnitTests.iCore.Common.Utilities.TimeSpanUtilsTest" name="GetTimeUnitString_NotImplementedEnum_ThrowsException" />
    </UnitTest>
    <UnitTest name="GetTimeUnitString_AllAvailableEnumValuesSupplied_EachSucceeds" storage="f:\etwork\bin\tests\unittests.icore.common.dll" id="93df8627-ddce-4309-0af7-fa854a9defeb">
      <Execution id="02bf4a15-1d54-47d0-bb73-1510bf6a3ecb" />
      <TestMethod codeBase="F:\ETWork\bin\Tests\UnitTests.iCore.Common.dll" adapterTypeName="Microsoft.VisualStudio.TestTools.TestTypes.Unit.UnitTestAdapter" className="UnitTests.iCore.Common.Utilities.TimeSpanUtilsTest" name="GetTimeUnitString_AllAvailableEnumValuesSupplied_EachSucceeds" />
    </UnitTest>
    <UnitTest name="TestEmailValidator (Data Row 0)" storage="f:\etwork\bin\tests\unittests.icore.common.dll" id="be164978-57ce-4794-b264-04b573233f76">
      <Execution id="b0c4784a-fb18-47d4-bc8e-7a194909db1b" />
      <TestMethod codeBase="F:\ETWork\bin\Tests\UnitTests.iCore.Common.dll" adapterTypeName="Microsoft.VisualStudio.TestTools.TestTypes.Unit.UnitTestAdapter" className="UnitTests.iCore.Common.Utilities.EMailValidatorTests" name="TestEmailValidator (Data Row 0)" />
    </UnitTest>
    <UnitTest name="TestEmailValidator (Data Row 1)" storage="f:\etwork\bin\tests\unittests.icore.common.dll" id="330d819f-b93e-4d2a-a2ca-09b7fa3da664">
      <Execution id="d9cac27f-eb7f-4dae-b127-b0a5bf403ec9" />
      <TestMethod codeBase="F:\ETWork\bin\Tests\UnitTests.iCore.Common.dll" adapterTypeName="Microsoft.VisualStudio.TestTools.TestTypes.Unit.UnitTestAdapter" className="UnitTests.iCore.Common.Utilities.EMailValidatorTests" name="TestEmailValidator (Data Row 1)" />
    </UnitTest>
    <UnitTest name="TestEmailValidator (Data Row 2)" storage="f:\etwork\bin\tests\unittests.icore.common.dll" id="8e4e9cb4-1971-4dd4-8349-7a028366a1f1">
      <Execution id="ab057bf9-06be-4eb2-a41f-1aab88173eaa" />
      <TestMethod codeBase="F:\ETWork\bin\Tests\UnitTests.iCore.Common.dll" adapterTypeName="Microsoft.VisualStudio.TestTools.TestTypes.Unit.UnitTestAdapter" className="UnitTests.iCore.Common.Utilities.EMailValidatorTests" name="TestEmailValidator (Data Row 2)" />
    </UnitTest>
    <UnitTest name="TestEmailValidator (Data Row 3)" storage="f:\etwork\bin\tests\unittests.icore.common.dll" id="ed6aad92-bb53-4bf1-93ee-1e3033279ce5">
      <Execution id="70606a5a-cb22-404a-ae53-0dfb83e5ae84" />
      <TestMethod codeBase="F:\ETWork\bin\Tests\UnitTests.iCore.Common.dll" adapterTypeName="Microsoft.VisualStudio.TestTools.TestTypes.Unit.UnitTestAdapter" className="UnitTests.iCore.Common.Utilities.EMailValidatorTests" name="TestEmailValidator (Data Row 3)" />
    </UnitTest>
    <UnitTest name="TestEmailValidator (Data Row 4)" storage="f:\etwork\bin\tests\unittests.icore.common.dll" id="9a4aae0a-2ea6-4aef-a456-260d05670254">
      <Execution id="8732a8d2-f02a-468a-8be8-b5e8f63f0fcb" />
      <TestMethod codeBase="F:\ETWork\bin\Tests\UnitTests.iCore.Common.dll" adapterTypeName="Microsoft.VisualStudio.TestTools.TestTypes.Unit.UnitTestAdapter" className="UnitTests.iCore.Common.Utilities.EMailValidatorTests" name="TestEmailValidator (Data Row 4)" />
    </UnitTest>
    <UnitTest name="TestEmailValidator (Data Row 5)" storage="f:\etwork\bin\tests\unittests.icore.common.dll" id="b68bee60-a604-4c42-a3a9-46d406652a2c">
      <Execution id="3fc821fe-1231-4d68-b2e5-a13ffc3412b4" />
      <TestMethod codeBase="F:\ETWork\bin\Tests\UnitTests.iCore.Common.dll" adapterTypeName="Microsoft.VisualStudio.TestTools.TestTypes.Unit.UnitTestAdapter" className="UnitTests.iCore.Common.Utilities.EMailValidatorTests" name="TestEmailValidator (Data Row 5)" />
    </UnitTest>
    <UnitTest name="TestEmailValidator (Data Row 6)" storage="f:\etwork\bin\tests\unittests.icore.common.dll" id="9daaef62-1092-434a-bfe9-b5830b85be45">
      <Execution id="b300fd23-d82d-4801-b57d-d326eaf3665a" />
      <TestMethod codeBase="F:\ETWork\bin\Tests\UnitTests.iCore.Common.dll" adapterTypeName="Microsoft.VisualStudio.TestTools.TestTypes.Unit.UnitTestAdapter" className="UnitTests.iCore.Common.Utilities.EMailValidatorTests" name="TestEmailValidator (Data Row 6)" />
    </UnitTest>
    <UnitTest name="TestEmailValidator (Data Row 7)" storage="f:\etwork\bin\tests\unittests.icore.common.dll" id="8de504d8-671f-4357-b0d7-af2a318c7b07">
      <Execution id="52d70284-fd91-4fe6-87ee-070257700f1c" />
      <TestMethod codeBase="F:\ETWork\bin\Tests\UnitTests.iCore.Common.dll" adapterTypeName="Microsoft.VisualStudio.TestTools.TestTypes.Unit.UnitTestAdapter" className="UnitTests.iCore.Common.Utilities.EMailValidatorTests" name="TestEmailValidator (Data Row 7)" />
    </UnitTest>
    <UnitTest name="TestEmailValidator (Data Row 8)" storage="f:\etwork\bin\tests\unittests.icore.common.dll" id="f2546eb4-d470-4365-9dbc-36457f5499ab">
      <Execution id="132cff6a-3339-40ce-8ff6-6741132a22ce" />
      <TestMethod codeBase="F:\ETWork\bin\Tests\UnitTests.iCore.Common.dll" adapterTypeName="Microsoft.VisualStudio.TestTools.TestTypes.Unit.UnitTestAdapter" className="UnitTests.iCore.Common.Utilities.EMailValidatorTests" name="TestEmailValidator (Data Row 8)" />
    </UnitTest>
    <UnitTest name="TestEmailValidator (Data Row 9)" storage="f:\etwork\bin\tests\unittests.icore.common.dll" id="a3f6ff6a-e09a-4fd3-9581-34b5af7cbab2">
      <Execution id="c073aa15-43e7-4172-a1d9-3291f8038cac" />
      <TestMethod codeBase="F:\ETWork\bin\Tests\UnitTests.iCore.Common.dll" adapterTypeName="Microsoft.VisualStudio.TestTools.TestTypes.Unit.UnitTestAdapter" className="UnitTests.iCore.Common.Utilities.EMailValidatorTests" name="TestEmailValidator (Data Row 9)" />
    </UnitTest>
    <UnitTest name="TestEmailValidator (Data Row 10)" storage="f:\etwork\bin\tests\unittests.icore.common.dll" id="437b640e-1504-4d52-aacd-a390debec285">
      <Execution id="90220783-52bf-4953-b5ad-b3bee1307464" />
      <TestMethod codeBase="F:\ETWork\bin\Tests\UnitTests.iCore.Common.dll" adapterTypeName="Microsoft.VisualStudio.TestTools.TestTypes.Unit.UnitTestAdapter" className="UnitTests.iCore.Common.Utilities.EMailValidatorTests" name="TestEmailValidator (Data Row 10)" />
    </UnitTest>
    <UnitTest name="TestEmailValidator (Data Row 11)" storage="f:\etwork\bin\tests\unittests.icore.common.dll" id="a3908264-95e4-4ec1-acfb-fdfae3e39f82">
      <Execution id="bd2af0d9-d58f-472f-8280-e7606543aa4f" />
      <TestMethod codeBase="F:\ETWork\bin\Tests\UnitTests.iCore.Common.dll" adapterTypeName="Microsoft.VisualStudio.TestTools.TestTypes.Unit.UnitTestAdapter" className="UnitTests.iCore.Common.Utilities.EMailValidatorTests" name="TestEmailValidator (Data Row 11)" />
    </UnitTest>
    <UnitTest name="TestEmailValidator (Data Row 12)" storage="f:\etwork\bin\tests\unittests.icore.common.dll" id="e822cd9f-af1f-4a00-a5e7-e69898f5810a">
      <Execution id="614fe22b-f3f6-4682-89c5-77a4e31d2672" />
      <TestMethod codeBase="F:\ETWork\bin\Tests\UnitTests.iCore.Common.dll" adapterTypeName="Microsoft.VisualStudio.TestTools.TestTypes.Unit.UnitTestAdapter" className="UnitTests.iCore.Common.Utilities.EMailValidatorTests" name="TestEmailValidator (Data Row 12)" />
    </UnitTest>
    <UnitTest name="TestEmailValidator (Data Row 13)" storage="f:\etwork\bin\tests\unittests.icore.common.dll" id="488da017-93f3-4422-953c-46f52ebf0cca">
      <Execution id="6cc0ecf7-4477-46fe-8fc4-7bfc89b25df2" />
      <TestMethod codeBase="F:\ETWork\bin\Tests\UnitTests.iCore.Common.dll" adapterTypeName="Microsoft.VisualStudio.TestTools.TestTypes.Unit.UnitTestAdapter" className="UnitTests.iCore.Common.Utilities.EMailValidatorTests" name="TestEmailValidator (Data Row 13)" />
    </UnitTest>
    <UnitTest name="TestEmailValidator (Data Row 14)" storage="f:\etwork\bin\tests\unittests.icore.common.dll" id="1b4406b3-e895-4e24-a19f-f08f571124bb">
      <Execution id="4a816590-ec4b-437e-9265-15f46a13d339" />
      <TestMethod codeBase="F:\ETWork\bin\Tests\UnitTests.iCore.Common.dll" adapterTypeName="Microsoft.VisualStudio.TestTools.TestTypes.Unit.UnitTestAdapter" className="UnitTests.iCore.Common.Utilities.EMailValidatorTests" name="TestEmailValidator (Data Row 14)" />
    </UnitTest>
    <UnitTest name="TestEmailValidator (Data Row 15)" storage="f:\etwork\bin\tests\unittests.icore.common.dll" id="366ad2bc-8c7f-45ee-bde7-0ab90f477d0b">
      <Execution id="b312ba44-bdd4-4f91-95cf-a142ce57c9e1" />
      <TestMethod codeBase="F:\ETWork\bin\Tests\UnitTests.iCore.Common.dll" adapterTypeName="Microsoft.VisualStudio.TestTools.TestTypes.Unit.UnitTestAdapter" className="UnitTests.iCore.Common.Utilities.EMailValidatorTests" name="TestEmailValidator (Data Row 15)" />
    </UnitTest>
    <UnitTest name="TestEmailValidator (Data Row 16)" storage="f:\etwork\bin\tests\unittests.icore.common.dll" id="1549dfc5-e355-4fb1-bc8b-fd25e396828a">
      <Execution id="2e163920-5c1c-4ade-946b-b5dc548d9d02" />
      <TestMethod codeBase="F:\ETWork\bin\Tests\UnitTests.iCore.Common.dll" adapterTypeName="Microsoft.VisualStudio.TestTools.TestTypes.Unit.UnitTestAdapter" className="UnitTests.iCore.Common.Utilities.EMailValidatorTests" name="TestEmailValidator (Data Row 16)" />
    </UnitTest>
    <UnitTest name="TestEmailValidator (Data Row 17)" storage="f:\etwork\bin\tests\unittests.icore.common.dll" id="dd867f10-5cb0-40ed-a7f8-a3b28041145d">
      <Execution id="9a5b5f22-bb76-4ce4-b8a1-72522f5c4981" />
      <TestMethod codeBase="F:\ETWork\bin\Tests\UnitTests.iCore.Common.dll" adapterTypeName="Microsoft.VisualStudio.TestTools.TestTypes.Unit.UnitTestAdapter" className="UnitTests.iCore.Common.Utilities.EMailValidatorTests" name="TestEmailValidator (Data Row 17)" />
    </UnitTest>
    <UnitTest name="TestEmailValidator (Data Row 18)" storage="f:\etwork\bin\tests\unittests.icore.common.dll" id="f261c55b-a5d6-4e37-8fde-7bd6cdb449f1">
      <Execution id="20586b7b-a87d-4a9d-ac80-8ff73ced6caf" />
      <TestMethod codeBase="F:\ETWork\bin\Tests\UnitTests.iCore.Common.dll" adapterTypeName="Microsoft.VisualStudio.TestTools.TestTypes.Unit.UnitTestAdapter" className="UnitTests.iCore.Common.Utilities.EMailValidatorTests" name="TestEmailValidator (Data Row 18)" />
    </UnitTest>
    <UnitTest name="TestEmailValidator (Data Row 19)" storage="f:\etwork\bin\tests\unittests.icore.common.dll" id="22f9cdcd-54a1-4c8c-b314-e59a9313372f">
      <Execution id="fcf59ef3-85bd-4ab6-a6d8-b2e8da36820f" />
      <TestMethod codeBase="F:\ETWork\bin\Tests\UnitTests.iCore.Common.dll" adapterTypeName="Microsoft.VisualStudio.TestTools.TestTypes.Unit.UnitTestAdapter" className="UnitTests.iCore.Common.Utilities.EMailValidatorTests" name="TestEmailValidator (Data Row 19)" />
    </UnitTest>
    <UnitTest name="TestEmailValidator (Data Row 20)" storage="f:\etwork\bin\tests\unittests.icore.common.dll" id="cc414243-c23a-475a-afce-8580334fb914">
      <Execution id="ceff3b79-3723-47cd-9011-e6d385c24476" />
      <TestMethod codeBase="F:\ETWork\bin\Tests\UnitTests.iCore.Common.dll" adapterTypeName="Microsoft.VisualStudio.TestTools.TestTypes.Unit.UnitTestAdapter" className="UnitTests.iCore.Common.Utilities.EMailValidatorTests" name="TestEmailValidator (Data Row 20)" />
    </UnitTest>
    <UnitTest name="TestEmailValidator (Data Row 21)" storage="f:\etwork\bin\tests\unittests.icore.common.dll" id="16452095-c5cf-4cbc-a1d0-1b0fcc60f147">
      <Execution id="837fdf0c-c776-48f3-b626-aad26c9b318a" />
      <TestMethod codeBase="F:\ETWork\bin\Tests\UnitTests.iCore.Common.dll" adapterTypeName="Microsoft.VisualStudio.TestTools.TestTypes.Unit.UnitTestAdapter" className="UnitTests.iCore.Common.Utilities.EMailValidatorTests" name="TestEmailValidator (Data Row 21)" />
    </UnitTest>
    <UnitTest name="TestEmailValidator (Data Row 22)" storage="f:\etwork\bin\tests\unittests.icore.common.dll" id="c308cfcd-777c-4846-8e56-772c386724d4">
      <Execution id="791321b8-c59e-4259-8ef7-d3130714db6c" />
      <TestMethod codeBase="F:\ETWork\bin\Tests\UnitTests.iCore.Common.dll" adapterTypeName="Microsoft.VisualStudio.TestTools.TestTypes.Unit.UnitTestAdapter" className="UnitTests.iCore.Common.Utilities.EMailValidatorTests" name="TestEmailValidator (Data Row 22)" />
    </UnitTest>
    <UnitTest name="TestEmailValidator (Data Row 23)" storage="f:\etwork\bin\tests\unittests.icore.common.dll" id="dc8e5d04-78d1-4dff-9be7-961965aed11a">
      <Execution id="d2a6038c-5c70-4081-b3e8-0cf5b52813df" />
      <TestMethod codeBase="F:\ETWork\bin\Tests\UnitTests.iCore.Common.dll" adapterTypeName="Microsoft.VisualStudio.TestTools.TestTypes.Unit.UnitTestAdapter" className="UnitTests.iCore.Common.Utilities.EMailValidatorTests" name="TestEmailValidator (Data Row 23)" />
    </UnitTest>
    <UnitTest name="TestEmailValidator (Data Row 24)" storage="f:\etwork\bin\tests\unittests.icore.common.dll" id="b6dcb971-fa79-40fa-83f9-aaab1ad7405f">
      <Execution id="4d25e24a-1c6b-485b-bb06-5ec5b9663a62" />
      <TestMethod codeBase="F:\ETWork\bin\Tests\UnitTests.iCore.Common.dll" adapterTypeName="Microsoft.VisualStudio.TestTools.TestTypes.Unit.UnitTestAdapter" className="UnitTests.iCore.Common.Utilities.EMailValidatorTests" name="TestEmailValidator (Data Row 24)" />
    </UnitTest>
    <UnitTest name="TestEmailValidator (Data Row 25)" storage="f:\etwork\bin\tests\unittests.icore.common.dll" id="73433a79-ec50-4d1d-9d0a-12e9aff18f79">
      <Execution id="607ff187-263b-409d-b8df-5472e109e14c" />
      <TestMethod codeBase="F:\ETWork\bin\Tests\UnitTests.iCore.Common.dll" adapterTypeName="Microsoft.VisualStudio.TestTools.TestTypes.Unit.UnitTestAdapter" className="UnitTests.iCore.Common.Utilities.EMailValidatorTests" name="TestEmailValidator (Data Row 25)" />
    </UnitTest>
    <UnitTest name="TestEmailValidator (Data Row 26)" storage="f:\etwork\bin\tests\unittests.icore.common.dll" id="00e050c2-a069-4268-b45c-1ca54b4d182a">
      <Execution id="d06b3855-9397-4c92-bac3-832437293cc6" />
      <TestMethod codeBase="F:\ETWork\bin\Tests\UnitTests.iCore.Common.dll" adapterTypeName="Microsoft.VisualStudio.TestTools.TestTypes.Unit.UnitTestAdapter" className="UnitTests.iCore.Common.Utilities.EMailValidatorTests" name="TestEmailValidator (Data Row 26)" />
    </UnitTest>
    <UnitTest name="TestEmailValidator (Data Row 27)" storage="f:\etwork\bin\tests\unittests.icore.common.dll" id="08a1a826-9eee-4022-a386-48c1848c40e5">
      <Execution id="af486589-7d9c-4d6b-b504-f15b7da6fdc9" />
      <TestMethod codeBase="F:\ETWork\bin\Tests\UnitTests.iCore.Common.dll" adapterTypeName="Microsoft.VisualStudio.TestTools.TestTypes.Unit.UnitTestAdapter" className="UnitTests.iCore.Common.Utilities.EMailValidatorTests" name="TestEmailValidator (Data Row 27)" />
    </UnitTest>
    <UnitTest name="TestEmailValidator (Data Row 28)" storage="f:\etwork\bin\tests\unittests.icore.common.dll" id="468f79b7-f907-4e3d-adae-6c150310441c">
      <Execution id="2789baad-4252-474d-b758-08187eb53f12" />
      <TestMethod codeBase="F:\ETWork\bin\Tests\UnitTests.iCore.Common.dll" adapterTypeName="Microsoft.VisualStudio.TestTools.TestTypes.Unit.UnitTestAdapter" className="UnitTests.iCore.Common.Utilities.EMailValidatorTests" name="TestEmailValidator (Data Row 28)" />
    </UnitTest>
    <UnitTest name="TestEmailValidator (Data Row 29)" storage="f:\etwork\bin\tests\unittests.icore.common.dll" id="0458b86f-4d91-4dbb-8fb2-d94c7609d7ef">
      <Execution id="90881763-d812-4104-860b-d46ea71f1964" />
      <TestMethod codeBase="F:\ETWork\bin\Tests\UnitTests.iCore.Common.dll" adapterTypeName="Microsoft.VisualStudio.TestTools.TestTypes.Unit.UnitTestAdapter" className="UnitTests.iCore.Common.Utilities.EMailValidatorTests" name="TestEmailValidator (Data Row 29)" />
    </UnitTest>
    <UnitTest name="TestEmailValidator (Data Row 30)" storage="f:\etwork\bin\tests\unittests.icore.common.dll" id="2ee01dad-09d9-4737-acd6-f6dc6ebbb1de">
      <Execution id="f6e0e568-fa5d-472d-956d-586889b47cc8" />
      <TestMethod codeBase="F:\ETWork\bin\Tests\UnitTests.iCore.Common.dll" adapterTypeName="Microsoft.VisualStudio.TestTools.TestTypes.Unit.UnitTestAdapter" className="UnitTests.iCore.Common.Utilities.EMailValidatorTests" name="TestEmailValidator (Data Row 30)" />
    </UnitTest>
    <UnitTest name="TestEmailValidator (Data Row 31)" storage="f:\etwork\bin\tests\unittests.icore.common.dll" id="3a2de84e-4b84-4e35-950b-8e1fb4fa32e2">
      <Execution id="d46c6ea7-2ae9-4f8f-a024-b6335a7949a9" />
      <TestMethod codeBase="F:\ETWork\bin\Tests\UnitTests.iCore.Common.dll" adapterTypeName="Microsoft.VisualStudio.TestTools.TestTypes.Unit.UnitTestAdapter" className="UnitTests.iCore.Common.Utilities.EMailValidatorTests" name="TestEmailValidator (Data Row 31)" />
    </UnitTest>
    <UnitTest name="TestEmailValidator (Data Row 32)" storage="f:\etwork\bin\tests\unittests.icore.common.dll" id="09aa6f6b-023b-491c-8a8a-14898e086136">
      <Execution id="771fd1e5-a67d-4e71-b2ae-c43297279c57" />
      <TestMethod codeBase="F:\ETWork\bin\Tests\UnitTests.iCore.Common.dll" adapterTypeName="Microsoft.VisualStudio.TestTools.TestTypes.Unit.UnitTestAdapter" className="UnitTests.iCore.Common.Utilities.EMailValidatorTests" name="TestEmailValidator (Data Row 32)" />
    </UnitTest>
    <UnitTest name="TestEmailValidator (Data Row 33)" storage="f:\etwork\bin\tests\unittests.icore.common.dll" id="822d4dc9-7592-457a-a9f0-ddf35f990330">
      <Execution id="2161247f-3553-4884-a623-22fa7bebb762" />
      <TestMethod codeBase="F:\ETWork\bin\Tests\UnitTests.iCore.Common.dll" adapterTypeName="Microsoft.VisualStudio.TestTools.TestTypes.Unit.UnitTestAdapter" className="UnitTests.iCore.Common.Utilities.EMailValidatorTests" name="TestEmailValidator (Data Row 33)" />
    </UnitTest>
    <UnitTest name="TestEmailValidator (Data Row 34)" storage="f:\etwork\bin\tests\unittests.icore.common.dll" id="43aa9109-dba6-443b-a01f-2197dc2eb999">
      <Execution id="01370ec6-1435-4a7d-af23-bcee643320da" />
      <TestMethod codeBase="F:\ETWork\bin\Tests\UnitTests.iCore.Common.dll" adapterTypeName="Microsoft.VisualStudio.TestTools.TestTypes.Unit.UnitTestAdapter" className="UnitTests.iCore.Common.Utilities.EMailValidatorTests" name="TestEmailValidator (Data Row 34)" />
    </UnitTest>
    <UnitTest name="TestEmailValidator (Data Row 35)" storage="f:\etwork\bin\tests\unittests.icore.common.dll" id="e7d92d0a-f7bd-47c8-8a84-dc94a90aab12">
      <Execution id="7798a7f3-b5da-4adb-84f4-9827df274d54" />
      <TestMethod codeBase="F:\ETWork\bin\Tests\UnitTests.iCore.Common.dll" adapterTypeName="Microsoft.VisualStudio.TestTools.TestTypes.Unit.UnitTestAdapter" className="UnitTests.iCore.Common.Utilities.EMailValidatorTests" name="TestEmailValidator (Data Row 35)" />
    </UnitTest>
    <UnitTest name="TestEmailValidator (Data Row 36)" storage="f:\etwork\bin\tests\unittests.icore.common.dll" id="17c5f286-4a25-4ce9-bf88-8170e9fc4ad6">
      <Execution id="d4e987e5-90d2-4cec-a6ce-2816253f5c63" />
      <TestMethod codeBase="F:\ETWork\bin\Tests\UnitTests.iCore.Common.dll" adapterTypeName="Microsoft.VisualStudio.TestTools.TestTypes.Unit.UnitTestAdapter" className="UnitTests.iCore.Common.Utilities.EMailValidatorTests" name="TestEmailValidator (Data Row 36)" />
    </UnitTest>
    <UnitTest name="TestEmailValidator (Data Row 37)" storage="f:\etwork\bin\tests\unittests.icore.common.dll" id="cbf90735-10d4-4118-a061-785164c8f9bd">
      <Execution id="94fbef0a-650d-408c-98fd-c260bab8ecc8" />
      <TestMethod codeBase="F:\ETWork\bin\Tests\UnitTests.iCore.Common.dll" adapterTypeName="Microsoft.VisualStudio.TestTools.TestTypes.Unit.UnitTestAdapter" className="UnitTests.iCore.Common.Utilities.EMailValidatorTests" name="TestEmailValidator (Data Row 37)" />
    </UnitTest>
    <UnitTest name="TestEmailValidator (Data Row 38)" storage="f:\etwork\bin\tests\unittests.icore.common.dll" id="72294c0b-56b8-4fd5-91ce-ab4a8e062a37">
      <Execution id="99233741-02ae-4bf3-9085-b693efa2b9b6" />
      <TestMethod codeBase="F:\ETWork\bin\Tests\UnitTests.iCore.Common.dll" adapterTypeName="Microsoft.VisualStudio.TestTools.TestTypes.Unit.UnitTestAdapter" className="UnitTests.iCore.Common.Utilities.EMailValidatorTests" name="TestEmailValidator (Data Row 38)" />
    </UnitTest>
    <UnitTest name="TestEmailValidator (Data Row 39)" storage="f:\etwork\bin\tests\unittests.icore.common.dll" id="63d74d43-98f6-4da1-a9b5-ff0191cb7e9e">
      <Execution id="51f02d3e-64d2-4880-9f57-69d0c57218ba" />
      <TestMethod codeBase="F:\ETWork\bin\Tests\UnitTests.iCore.Common.dll" adapterTypeName="Microsoft.VisualStudio.TestTools.TestTypes.Unit.UnitTestAdapter" className="UnitTests.iCore.Common.Utilities.EMailValidatorTests" name="TestEmailValidator (Data Row 39)" />
    </UnitTest>
    <UnitTest name="TestEmailValidator (Data Row 40)" storage="f:\etwork\bin\tests\unittests.icore.common.dll" id="b5025bc0-25b2-4b34-abb7-128a746d13f0">
      <Execution id="345fdceb-b314-42a9-9598-f1bc3510f124" />
      <TestMethod codeBase="F:\ETWork\bin\Tests\UnitTests.iCore.Common.dll" adapterTypeName="Microsoft.VisualStudio.TestTools.TestTypes.Unit.UnitTestAdapter" className="UnitTests.iCore.Common.Utilities.EMailValidatorTests" name="TestEmailValidator (Data Row 40)" />
    </UnitTest>
    <UnitTest name="TestEmailValidator (Data Row 41)" storage="f:\etwork\bin\tests\unittests.icore.common.dll" id="1cd93b08-d8bc-47b4-b467-e994c1c1a4cc">
      <Execution id="79970cac-dccd-4a66-8a0c-a399ffdf9912" />
      <TestMethod codeBase="F:\ETWork\bin\Tests\UnitTests.iCore.Common.dll" adapterTypeName="Microsoft.VisualStudio.TestTools.TestTypes.Unit.UnitTestAdapter" className="UnitTests.iCore.Common.Utilities.EMailValidatorTests" name="TestEmailValidator (Data Row 41)" />
    </UnitTest>
    <UnitTest name="TestEmailValidator (Data Row 42)" storage="f:\etwork\bin\tests\unittests.icore.common.dll" id="75074c43-b451-4ebd-9c55-290fedd7ebe5">
      <Execution id="b4a08d73-74c9-44c9-a9bd-b0235deda1b5" />
      <TestMethod codeBase="F:\ETWork\bin\Tests\UnitTests.iCore.Common.dll" adapterTypeName="Microsoft.VisualStudio.TestTools.TestTypes.Unit.UnitTestAdapter" className="UnitTests.iCore.Common.Utilities.EMailValidatorTests" name="TestEmailValidator (Data Row 42)" />
    </UnitTest>
    <UnitTest name="TestEmailValidator (Data Row 43)" storage="f:\etwork\bin\tests\unittests.icore.common.dll" id="a048a58a-86eb-4527-9068-8ce7569fcb38">
      <Execution id="2deee6f2-e452-4566-8cb0-bd657e7c8d6d" />
      <TestMethod codeBase="F:\ETWork\bin\Tests\UnitTests.iCore.Common.dll" adapterTypeName="Microsoft.VisualStudio.TestTools.TestTypes.Unit.UnitTestAdapter" className="UnitTests.iCore.Common.Utilities.EMailValidatorTests" name="TestEmailValidator (Data Row 43)" />
    </UnitTest>
    <UnitTest name="TestEmailValidator (Data Row 44)" storage="f:\etwork\bin\tests\unittests.icore.common.dll" id="e3184e52-7d36-4cc1-aa10-b48416f75696">
      <Execution id="3493d669-bdf6-44a6-9fd3-d857b7b36251" />
      <TestMethod codeBase="F:\ETWork\bin\Tests\UnitTests.iCore.Common.dll" adapterTypeName="Microsoft.VisualStudio.TestTools.TestTypes.Unit.UnitTestAdapter" className="UnitTests.iCore.Common.Utilities.EMailValidatorTests" name="TestEmailValidator (Data Row 44)" />
    </UnitTest>
    <UnitTest name="TestEmailValidator (Data Row 45)" storage="f:\etwork\bin\tests\unittests.icore.common.dll" id="a87546bb-eef0-4ad9-9732-b952dbdd22c2">
      <Execution id="909a4cf7-d1c7-47c2-86e4-19e6181cce0d" />
      <TestMethod codeBase="F:\ETWork\bin\Tests\UnitTests.iCore.Common.dll" adapterTypeName="Microsoft.VisualStudio.TestTools.TestTypes.Unit.UnitTestAdapter" className="UnitTests.iCore.Common.Utilities.EMailValidatorTests" name="TestEmailValidator (Data Row 45)" />
    </UnitTest>
    <UnitTest name="TestEmailValidator (Data Row 46)" storage="f:\etwork\bin\tests\unittests.icore.common.dll" id="ab436dcb-301f-403a-9fbd-e3380831e99d">
      <Execution id="71fd8e05-1aab-4bb1-babb-265b57b181a2" />
      <TestMethod codeBase="F:\ETWork\bin\Tests\UnitTests.iCore.Common.dll" adapterTypeName="Microsoft.VisualStudio.TestTools.TestTypes.Unit.UnitTestAdapter" className="UnitTests.iCore.Common.Utilities.EMailValidatorTests" name="TestEmailValidator (Data Row 46)" />
    </UnitTest>
    <UnitTest name="TestEmailValidator (Data Row 47)" storage="f:\etwork\bin\tests\unittests.icore.common.dll" id="94615c1b-2666-4019-9ff1-dd2e3d4271d8">
      <Execution id="f9ab6896-c31e-4c7a-bd18-805db1c5dbe1" />
      <TestMethod codeBase="F:\ETWork\bin\Tests\UnitTests.iCore.Common.dll" adapterTypeName="Microsoft.VisualStudio.TestTools.TestTypes.Unit.UnitTestAdapter" className="UnitTests.iCore.Common.Utilities.EMailValidatorTests" name="TestEmailValidator (Data Row 47)" />
    </UnitTest>
    <UnitTest name="TestEmailValidator (Data Row 48)" storage="f:\etwork\bin\tests\unittests.icore.common.dll" id="b36e9eba-8a36-4eff-aa72-e7808c192399">
      <Execution id="bd7d9735-212a-40d6-b70f-2a2a5a3cc152" />
      <TestMethod codeBase="F:\ETWork\bin\Tests\UnitTests.iCore.Common.dll" adapterTypeName="Microsoft.VisualStudio.TestTools.TestTypes.Unit.UnitTestAdapter" className="UnitTests.iCore.Common.Utilities.EMailValidatorTests" name="TestEmailValidator (Data Row 48)" />
    </UnitTest>
    <UnitTest name="TestEmailValidator (Data Row 49)" storage="f:\etwork\bin\tests\unittests.icore.common.dll" id="8810873b-6244-4519-80cb-2af64043fce1">
      <Execution id="7432e565-b938-4ab8-841b-96c37a8bcb47" />
      <TestMethod codeBase="F:\ETWork\bin\Tests\UnitTests.iCore.Common.dll" adapterTypeName="Microsoft.VisualStudio.TestTools.TestTypes.Unit.UnitTestAdapter" className="UnitTests.iCore.Common.Utilities.EMailValidatorTests" name="TestEmailValidator (Data Row 49)" />
    </UnitTest>
    <UnitTest name="TestEmailValidator (Data Row 50)" storage="f:\etwork\bin\tests\unittests.icore.common.dll" id="87ba9bba-3d54-42b1-9266-5bedef7053f1">
      <Execution id="77329be6-214d-4c14-b948-6be85f6e9339" />
      <TestMethod codeBase="F:\ETWork\bin\Tests\UnitTests.iCore.Common.dll" adapterTypeName="Microsoft.VisualStudio.TestTools.TestTypes.Unit.UnitTestAdapter" className="UnitTests.iCore.Common.Utilities.EMailValidatorTests" name="TestEmailValidator (Data Row 50)" />
    </UnitTest>
    <UnitTest name="TestEmailValidator (Data Row 51)" storage="f:\etwork\bin\tests\unittests.icore.common.dll" id="ffa22878-5ba4-4056-a173-f1211cc6621e">
      <Execution id="045e9406-dacd-4894-86e1-a019c0e51dde" />
      <TestMethod codeBase="F:\ETWork\bin\Tests\UnitTests.iCore.Common.dll" adapterTypeName="Microsoft.VisualStudio.TestTools.TestTypes.Unit.UnitTestAdapter" className="UnitTests.iCore.Common.Utilities.EMailValidatorTests" name="TestEmailValidator (Data Row 51)" />
    </UnitTest>
    <UnitTest name="TestEmailValidator (Data Row 52)" storage="f:\etwork\bin\tests\unittests.icore.common.dll" id="c05794fe-7013-4007-860f-32a866929b99">
      <Execution id="bc108019-e334-45ad-b70a-ba514698bb69" />
      <TestMethod codeBase="F:\ETWork\bin\Tests\UnitTests.iCore.Common.dll" adapterTypeName="Microsoft.VisualStudio.TestTools.TestTypes.Unit.UnitTestAdapter" className="UnitTests.iCore.Common.Utilities.EMailValidatorTests" name="TestEmailValidator (Data Row 52)" />
    </UnitTest>
    <UnitTest name="TestEmailValidator (Data Row 53)" storage="f:\etwork\bin\tests\unittests.icore.common.dll" id="199e1bef-6f78-4a52-bb6a-b40c73e1fa15">
      <Execution id="3588b1be-bde7-417e-9d59-a231b12f1730" />
      <TestMethod codeBase="F:\ETWork\bin\Tests\UnitTests.iCore.Common.dll" adapterTypeName="Microsoft.VisualStudio.TestTools.TestTypes.Unit.UnitTestAdapter" className="UnitTests.iCore.Common.Utilities.EMailValidatorTests" name="TestEmailValidator (Data Row 53)" />
    </UnitTest>
    <UnitTest name="TestEmailValidator (Data Row 54)" storage="f:\etwork\bin\tests\unittests.icore.common.dll" id="dc2e07fb-3460-4444-85a8-b2282dc6bd88">
      <Execution id="7d3b1b47-9708-46e3-ab0a-495a7ba75385" />
      <TestMethod codeBase="F:\ETWork\bin\Tests\UnitTests.iCore.Common.dll" adapterTypeName="Microsoft.VisualStudio.TestTools.TestTypes.Unit.UnitTestAdapter" className="UnitTests.iCore.Common.Utilities.EMailValidatorTests" name="TestEmailValidator (Data Row 54)" />
    </UnitTest>
    <UnitTest name="TestEmailValidator (Data Row 55)" storage="f:\etwork\bin\tests\unittests.icore.common.dll" id="bf5f226c-ee14-4c5c-9b7f-c02fb0b5d585">
      <Execution id="ffbbb017-bf93-42a0-8d62-c58b84b2a515" />
      <TestMethod codeBase="F:\ETWork\bin\Tests\UnitTests.iCore.Common.dll" adapterTypeName="Microsoft.VisualStudio.TestTools.TestTypes.Unit.UnitTestAdapter" className="UnitTests.iCore.Common.Utilities.EMailValidatorTests" name="TestEmailValidator (Data Row 55)" />
    </UnitTest>
    <UnitTest name="TestEmailValidator (Data Row 56)" storage="f:\etwork\bin\tests\unittests.icore.common.dll" id="976b8d30-1d08-48d4-a404-982a33c30b02">
      <Execution id="67e774bf-49e0-4c9c-a3b5-8ef4a0e9b975" />
      <TestMethod codeBase="F:\ETWork\bin\Tests\UnitTests.iCore.Common.dll" adapterTypeName="Microsoft.VisualStudio.TestTools.TestTypes.Unit.UnitTestAdapter" className="UnitTests.iCore.Common.Utilities.EMailValidatorTests" name="TestEmailValidator (Data Row 56)" />
    </UnitTest>
    <UnitTest name="TestEmailValidator (Data Row 57)" storage="f:\etwork\bin\tests\unittests.icore.common.dll" id="0ca9477a-91f6-4797-9164-72071c78d216">
      <Execution id="c21a9736-66ec-46b7-94c6-376f86309565" />
      <TestMethod codeBase="F:\ETWork\bin\Tests\UnitTests.iCore.Common.dll" adapterTypeName="Microsoft.VisualStudio.TestTools.TestTypes.Unit.UnitTestAdapter" className="UnitTests.iCore.Common.Utilities.EMailValidatorTests" name="TestEmailValidator (Data Row 57)" />
    </UnitTest>
    <UnitTest name="TestEmailValidator (Data Row 58)" storage="f:\etwork\bin\tests\unittests.icore.common.dll" id="4e329619-c806-4f95-bf3d-6cf0b3663bd0">
      <Execution id="134beeb8-9b6d-408a-9f7e-6f14c3c6fddf" />
      <TestMethod codeBase="F:\ETWork\bin\Tests\UnitTests.iCore.Common.dll" adapterTypeName="Microsoft.VisualStudio.TestTools.TestTypes.Unit.UnitTestAdapter" className="UnitTests.iCore.Common.Utilities.EMailValidatorTests" name="TestEmailValidator (Data Row 58)" />
    </UnitTest>
    <UnitTest name="TestEmailValidator (Data Row 59)" storage="f:\etwork\bin\tests\unittests.icore.common.dll" id="42172f52-ab1b-49d1-a243-d06c429f97f7">
      <Execution id="4a928b71-dca6-40d1-959d-4e261bc63f09" />
      <TestMethod codeBase="F:\ETWork\bin\Tests\UnitTests.iCore.Common.dll" adapterTypeName="Microsoft.VisualStudio.TestTools.TestTypes.Unit.UnitTestAdapter" className="UnitTests.iCore.Common.Utilities.EMailValidatorTests" name="TestEmailValidator (Data Row 59)" />
    </UnitTest>
    <UnitTest name="TestEmailValidator (Data Row 60)" storage="f:\etwork\bin\tests\unittests.icore.common.dll" id="754fa9d7-59c8-438b-a996-4de195c5cbeb">
      <Execution id="cf0849b2-83fb-4bfc-99b9-f29f3003462a" />
      <TestMethod codeBase="F:\ETWork\bin\Tests\UnitTests.iCore.Common.dll" adapterTypeName="Microsoft.VisualStudio.TestTools.TestTypes.Unit.UnitTestAdapter" className="UnitTests.iCore.Common.Utilities.EMailValidatorTests" name="TestEmailValidator (Data Row 60)" />
    </UnitTest>
    <UnitTest name="TestEmailValidator (Data Row 61)" storage="f:\etwork\bin\tests\unittests.icore.common.dll" id="58830fae-f9cf-4211-b84c-cd8f5a65c7cb">
      <Execution id="19e584c5-e55a-49bd-8c39-5a7fbdf36fc6" />
      <TestMethod codeBase="F:\ETWork\bin\Tests\UnitTests.iCore.Common.dll" adapterTypeName="Microsoft.VisualStudio.TestTools.TestTypes.Unit.UnitTestAdapter" className="UnitTests.iCore.Common.Utilities.EMailValidatorTests" name="TestEmailValidator (Data Row 61)" />
    </UnitTest>
    <UnitTest name="TestEmailValidator (Data Row 62)" storage="f:\etwork\bin\tests\unittests.icore.common.dll" id="e411708d-41c5-4b11-8a51-270e11693e22">
      <Execution id="771befb6-4c06-4908-87b5-a730131eaa70" />
      <TestMethod codeBase="F:\ETWork\bin\Tests\UnitTests.iCore.Common.dll" adapterTypeName="Microsoft.VisualStudio.TestTools.TestTypes.Unit.UnitTestAdapter" className="UnitTests.iCore.Common.Utilities.EMailValidatorTests" name="TestEmailValidator (Data Row 62)" />
    </UnitTest>
    <UnitTest name="TestEmailValidator (Data Row 63)" storage="f:\etwork\bin\tests\unittests.icore.common.dll" id="9b805b1e-3acc-437b-9f4f-ca468356ad54">
      <Execution id="e6d9e0a1-9936-443f-95ed-229ce8abd3ca" />
      <TestMethod codeBase="F:\ETWork\bin\Tests\UnitTests.iCore.Common.dll" adapterTypeName="Microsoft.VisualStudio.TestTools.TestTypes.Unit.UnitTestAdapter" className="UnitTests.iCore.Common.Utilities.EMailValidatorTests" name="TestEmailValidator (Data Row 63)" />
    </UnitTest>
    <UnitTest name="TestEmailValidator (Data Row 64)" storage="f:\etwork\bin\tests\unittests.icore.common.dll" id="69de4624-bc31-47b0-83b3-f3df8b37548d">
      <Execution id="0db10ba7-ec0f-43d6-9704-1f4fe679fa39" />
      <TestMethod codeBase="F:\ETWork\bin\Tests\UnitTests.iCore.Common.dll" adapterTypeName="Microsoft.VisualStudio.TestTools.TestTypes.Unit.UnitTestAdapter" className="UnitTests.iCore.Common.Utilities.EMailValidatorTests" name="TestEmailValidator (Data Row 64)" />
    </UnitTest>
    <UnitTest name="TestEmailValidator (Data Row 65)" storage="f:\etwork\bin\tests\unittests.icore.common.dll" id="ad75cc8c-77a4-430e-afd4-a82adb0364b3">
      <Execution id="1b94becf-e0fb-4d48-820a-1eef04d3f3f3" />
      <TestMethod codeBase="F:\ETWork\bin\Tests\UnitTests.iCore.Common.dll" adapterTypeName="Microsoft.VisualStudio.TestTools.TestTypes.Unit.UnitTestAdapter" className="UnitTests.iCore.Common.Utilities.EMailValidatorTests" name="TestEmailValidator (Data Row 65)" />
    </UnitTest>
    <UnitTest name="TestEmailValidator (Data Row 66)" storage="f:\etwork\bin\tests\unittests.icore.common.dll" id="ddefde06-4171-4b40-8f95-0c000f61b6bc">
      <Execution id="3af5fc14-1dc5-4f04-aa46-5e9a397a99fe" />
      <TestMethod codeBase="F:\ETWork\bin\Tests\UnitTests.iCore.Common.dll" adapterTypeName="Microsoft.VisualStudio.TestTools.TestTypes.Unit.UnitTestAdapter" className="UnitTests.iCore.Common.Utilities.EMailValidatorTests" name="TestEmailValidator (Data Row 66)" />
    </UnitTest>
    <UnitTest name="TestEmailValidator (Data Row 67)" storage="f:\etwork\bin\tests\unittests.icore.common.dll" id="6f79dc54-4eb6-4d04-a4f7-7ea930079b5b">
      <Execution id="c46d6892-e4ee-445f-8912-d9a9840e7b6e" />
      <TestMethod codeBase="F:\ETWork\bin\Tests\UnitTests.iCore.Common.dll" adapterTypeName="Microsoft.VisualStudio.TestTools.TestTypes.Unit.UnitTestAdapter" className="UnitTests.iCore.Common.Utilities.EMailValidatorTests" name="TestEmailValidator (Data Row 67)" />
    </UnitTest>
    <UnitTest name="TestEmailValidator (Data Row 68)" storage="f:\etwork\bin\tests\unittests.icore.common.dll" id="73f1cb32-9dcc-4e75-8245-e644aa76788e">
      <Execution id="ed562b98-bfc6-4984-95df-17ad88fc455d" />
      <TestMethod codeBase="F:\ETWork\bin\Tests\UnitTests.iCore.Common.dll" adapterTypeName="Microsoft.VisualStudio.TestTools.TestTypes.Unit.UnitTestAdapter" className="UnitTests.iCore.Common.Utilities.EMailValidatorTests" name="TestEmailValidator (Data Row 68)" />
    </UnitTest>
    <UnitTest name="TestEmailValidator (Data Row 69)" storage="f:\etwork\bin\tests\unittests.icore.common.dll" id="961fbbca-fd2c-485f-a0bb-dbc61abb1884">
      <Execution id="31f49ce2-9902-41d8-9f64-988cd9998f75" />
      <TestMethod codeBase="F:\ETWork\bin\Tests\UnitTests.iCore.Common.dll" adapterTypeName="Microsoft.VisualStudio.TestTools.TestTypes.Unit.UnitTestAdapter" className="UnitTests.iCore.Common.Utilities.EMailValidatorTests" name="TestEmailValidator (Data Row 69)" />
    </UnitTest>
    <UnitTest name="TestEmailValidator (Data Row 70)" storage="f:\etwork\bin\tests\unittests.icore.common.dll" id="8ebd678c-7ad8-43f9-baab-af898da48ade">
      <Execution id="4ebdb6aa-46bb-4b89-8e7c-b64ec68e62b9" />
      <TestMethod codeBase="F:\ETWork\bin\Tests\UnitTests.iCore.Common.dll" adapterTypeName="Microsoft.VisualStudio.TestTools.TestTypes.Unit.UnitTestAdapter" className="UnitTests.iCore.Common.Utilities.EMailValidatorTests" name="TestEmailValidator (Data Row 70)" />
    </UnitTest>
    <UnitTest name="TestEmailValidator (Data Row 71)" storage="f:\etwork\bin\tests\unittests.icore.common.dll" id="d5511b61-5ceb-4c47-85e5-d8d8601fce3a">
      <Execution id="0ba8ae32-3604-499f-ab66-84b4b7baeec9" />
      <TestMethod codeBase="F:\ETWork\bin\Tests\UnitTests.iCore.Common.dll" adapterTypeName="Microsoft.VisualStudio.TestTools.TestTypes.Unit.UnitTestAdapter" className="UnitTests.iCore.Common.Utilities.EMailValidatorTests" name="TestEmailValidator (Data Row 71)" />
    </UnitTest>
    <UnitTest name="TestEmailValidator (Data Row 72)" storage="f:\etwork\bin\tests\unittests.icore.common.dll" id="2c94bb21-d537-4eb4-9ddf-ec699aac8875">
      <Execution id="e9ec7edc-8695-4833-81b8-0a1ae4653f68" />
      <TestMethod codeBase="F:\ETWork\bin\Tests\UnitTests.iCore.Common.dll" adapterTypeName="Microsoft.VisualStudio.TestTools.TestTypes.Unit.UnitTestAdapter" className="UnitTests.iCore.Common.Utilities.EMailValidatorTests" name="TestEmailValidator (Data Row 72)" />
    </UnitTest>
    <UnitTest name="IsEqualTo_OtherIsNull_ReturnsFalse" storage="f:\etwork\bin\tests\unittests.icore.common.dll" id="7f04c5b3-31e8-8f34-1568-c454a6117dc3">
      <Execution id="c0634a62-3638-48c5-9ee4-444082961dd7" />
      <TestMethod codeBase="F:\ETWork\bin\Tests\UnitTests.iCore.Common.dll" adapterTypeName="Microsoft.VisualStudio.TestTools.TestTypes.Unit.UnitTestAdapter" className="UnitTests.iCore.Common.Utilities.SecureStringStringUtilTests" name="IsEqualTo_OtherIsNull_ReturnsFalse" />
    </UnitTest>
    <UnitTest name="IsEqualTo_EmptyObjects_ReturnsTrue" storage="f:\etwork\bin\tests\unittests.icore.common.dll" id="92c68e06-b876-a764-0ca6-fac8684e6577">
      <Execution id="00c13d5c-e77c-4ace-b766-523cae8070f3" />
      <TestMethod codeBase="F:\ETWork\bin\Tests\UnitTests.iCore.Common.dll" adapterTypeName="Microsoft.VisualStudio.TestTools.TestTypes.Unit.UnitTestAdapter" className="UnitTests.iCore.Common.Utilities.SecureStringStringUtilTests" name="IsEqualTo_EmptyObjects_ReturnsTrue" />
    </UnitTest>
    <UnitTest name="IsEqualTo_DifferenceInLength_AlwaysReturnFalse" storage="f:\etwork\bin\tests\unittests.icore.common.dll" id="a32acd2b-6de8-94db-2e8e-229fa1bd541b">
      <TestCategory>
        <TestCategoryItem TestCategory="FsCheck" />
      </TestCategory>
      <Execution id="38bda875-dcec-40c9-9da5-19a9e5eb8259" />
      <TestMethod codeBase="F:\ETWork\bin\Tests\UnitTests.iCore.Common.dll" adapterTypeName="Microsoft.VisualStudio.TestTools.TestTypes.Unit.UnitTestAdapter" className="UnitTests.iCore.Common.Utilities.SecureStringStringUtilTests" name="IsEqualTo_DifferenceInLength_AlwaysReturnFalse" />
    </UnitTest>
    <UnitTest name="IsEqualTo_DifferentButEqualLength_AlwaysReturnFalse" storage="f:\etwork\bin\tests\unittests.icore.common.dll" id="e875fa13-b4e4-0298-41fb-22cb8a5d40ca">
      <Execution id="d560435b-0db7-41f6-97f8-a0e060abcfb4" />
      <TestMethod codeBase="F:\ETWork\bin\Tests\UnitTests.iCore.Common.dll" adapterTypeName="Microsoft.VisualStudio.TestTools.TestTypes.Unit.UnitTestAdapter" className="UnitTests.iCore.Common.Utilities.SecureStringStringUtilTests" name="IsEqualTo_DifferentButEqualLength_AlwaysReturnFalse" />
    </UnitTest>
    <UnitTest name="IsEqualTo_LastCharacterDifferent_AlwaysReturnFalse" storage="f:\etwork\bin\tests\unittests.icore.common.dll" id="8182c7e5-ccfd-955d-88dc-223cd45572f6">
      <Execution id="8125e14a-c310-435f-8eef-35e7c5e3dc31" />
      <TestMethod codeBase="F:\ETWork\bin\Tests\UnitTests.iCore.Common.dll" adapterTypeName="Microsoft.VisualStudio.TestTools.TestTypes.Unit.UnitTestAdapter" className="UnitTests.iCore.Common.Utilities.SecureStringStringUtilTests" name="IsEqualTo_LastCharacterDifferent_AlwaysReturnFalse" />
    </UnitTest>
    <UnitTest name="IsEqualTo_Same_AlwaysReturnFalse" storage="f:\etwork\bin\tests\unittests.icore.common.dll" id="b16088f9-3e56-5895-1ae1-1d55154dbc74">
      <Execution id="df35f951-8127-4fd6-8829-3efd0b0f1197" />
      <TestMethod codeBase="F:\ETWork\bin\Tests\UnitTests.iCore.Common.dll" adapterTypeName="Microsoft.VisualStudio.TestTools.TestTypes.Unit.UnitTestAdapter" className="UnitTests.iCore.Common.Utilities.SecureStringStringUtilTests" name="IsEqualTo_Same_AlwaysReturnFalse" />
    </UnitTest>
    <UnitTest name="GetByteLength_StringIsNotEmpty_ReturnsExectedValue" storage="f:\etwork\bin\tests\unittests.icore.common.dll" id="9bea6e9f-4828-1716-c801-b2d59a1ab1e4">
      <Execution id="bcb47511-fe42-46a4-beda-20e76552886e" />
      <TestMethod codeBase="F:\ETWork\bin\Tests\UnitTests.iCore.Common.dll" adapterTypeName="Microsoft.VisualStudio.TestTools.TestTypes.Unit.UnitTestAdapter" className="UnitTests.iCore.Common.Utilities.SecureStringStringUtilTests" name="GetByteLength_StringIsNotEmpty_ReturnsExectedValue" />
    </UnitTest>
    <UnitTest name="GetByteLength_StringIsEmpty_ReturnsZero" storage="f:\etwork\bin\tests\unittests.icore.common.dll" id="de88913f-be6d-7ebb-dc9c-58d2e5af31a8">
      <Execution id="386e28e4-76f7-4e41-a7af-a2947a114594" />
      <TestMethod codeBase="F:\ETWork\bin\Tests\UnitTests.iCore.Common.dll" adapterTypeName="Microsoft.VisualStudio.TestTools.TestTypes.Unit.UnitTestAdapter" className="UnitTests.iCore.Common.Utilities.SecureStringStringUtilTests" name="GetByteLength_StringIsEmpty_ReturnsZero" />
    </UnitTest>
    <UnitTest name="GetByteLength_SecureStringIsNull_Throws" storage="f:\etwork\bin\tests\unittests.icore.common.dll" id="a117dacb-f111-8017-36fd-8b19506cc635">
      <Execution id="10522964-f664-41b9-9c2d-a996e1d05e8a" />
      <TestMethod codeBase="F:\ETWork\bin\Tests\UnitTests.iCore.Common.dll" adapterTypeName="Microsoft.VisualStudio.TestTools.TestTypes.Unit.UnitTestAdapter" className="UnitTests.iCore.Common.Utilities.SecureStringStringUtilTests" name="GetByteLength_SecureStringIsNull_Throws" />
    </UnitTest>
    <UnitTest name="GetBytes_StringIsEmpty_ReturnsEmptyArray" storage="f:\etwork\bin\tests\unittests.icore.common.dll" id="bb3e8f69-6762-e28d-d1a8-ccd4ab442751">
      <Execution id="6d4dddee-a677-481c-b101-e6fcf8481e9f" />
      <TestMethod codeBase="F:\ETWork\bin\Tests\UnitTests.iCore.Common.dll" adapterTypeName="Microsoft.VisualStudio.TestTools.TestTypes.Unit.UnitTestAdapter" className="UnitTests.iCore.Common.Utilities.SecureStringStringUtilTests" name="GetBytes_StringIsEmpty_ReturnsEmptyArray" />
    </UnitTest>
    <UnitTest name="GetBytes_StringIsNotEmpty_ReturnsExectedBytes" storage="f:\etwork\bin\tests\unittests.icore.common.dll" id="e3d6b0ca-ddab-d272-714d-ec518d32fb59">
      <Execution id="7f113028-c2b9-4cc6-b5b5-5cf655675cfd" />
      <TestMethod codeBase="F:\ETWork\bin\Tests\UnitTests.iCore.Common.dll" adapterTypeName="Microsoft.VisualStudio.TestTools.TestTypes.Unit.UnitTestAdapter" className="UnitTests.iCore.Common.Utilities.SecureStringStringUtilTests" name="GetBytes_StringIsNotEmpty_ReturnsExectedBytes" />
    </UnitTest>
    <UnitTest name="ToCharArray_SecureStringIsNull_Throws" storage="f:\etwork\bin\tests\unittests.icore.common.dll" id="42c9de9b-9e00-aa81-3b60-0600a5ec0e1d">
      <Execution id="0c7a2b55-fb8e-40fc-b1e4-aa867b619668" />
      <TestMethod codeBase="F:\ETWork\bin\Tests\UnitTests.iCore.Common.dll" adapterTypeName="Microsoft.VisualStudio.TestTools.TestTypes.Unit.UnitTestAdapter" className="UnitTests.iCore.Common.Utilities.SecureStringStringUtilTests" name="ToCharArray_SecureStringIsNull_Throws" />
    </UnitTest>
    <UnitTest name="ToCharArray_SecureStringIsEmpty_ReturnsEmptyArray" storage="f:\etwork\bin\tests\unittests.icore.common.dll" id="8b2ea03b-ffad-c5b8-8028-f608d4bc037e">
      <Execution id="d565da16-60e2-4ecb-80c0-0c321dd452dd" />
      <TestMethod codeBase="F:\ETWork\bin\Tests\UnitTests.iCore.Common.dll" adapterTypeName="Microsoft.VisualStudio.TestTools.TestTypes.Unit.UnitTestAdapter" className="UnitTests.iCore.Common.Utilities.SecureStringStringUtilTests" name="ToCharArray_SecureStringIsEmpty_ReturnsEmptyArray" />
    </UnitTest>
    <UnitTest name="ToCharArray_SecureStringIsNotEmpty_ReturnCharArray" storage="f:\etwork\bin\tests\unittests.icore.common.dll" id="c2cf2dd2-56bf-4d07-d752-8756e63fc9ba">
      <Execution id="2e171080-cf01-4abc-a7a5-fe3c920ad73b" />
      <TestMethod codeBase="F:\ETWork\bin\Tests\UnitTests.iCore.Common.dll" adapterTypeName="Microsoft.VisualStudio.TestTools.TestTypes.Unit.UnitTestAdapter" className="UnitTests.iCore.Common.Utilities.SecureStringStringUtilTests" name="ToCharArray_SecureStringIsNotEmpty_ReturnCharArray" />
    </UnitTest>
    <UnitTest name="Encode_NonEmptyNothingToEncodeStringToString_Success" storage="f:\etwork\bin\tests\unittests.icore.common.dll" id="b0b47815-c98b-e28d-16a9-f5b851781338">
      <Execution id="0a205b9a-4af4-4dc5-9689-bcbcf179bbf8" />
      <TestMethod codeBase="F:\ETWork\bin\Tests\UnitTests.iCore.Common.dll" adapterTypeName="Microsoft.VisualStudio.TestTools.TestTypes.Unit.UnitTestAdapter" className="UnitTests.iCore.Common.Utilities.XmlUtilsServiceTest" name="Encode_NonEmptyNothingToEncodeStringToString_Success" />
    </UnitTest>
    <UnitTest name="Encode_NonEmptyNothingToEncodeStringToStream_Success" storage="f:\etwork\bin\tests\unittests.icore.common.dll" id="b648826a-5863-5fd1-970b-c0c57432b7bb">
      <Execution id="7cdfba2a-55c3-4982-b841-547f3d96d222" />
      <TestMethod codeBase="F:\ETWork\bin\Tests\UnitTests.iCore.Common.dll" adapterTypeName="Microsoft.VisualStudio.TestTools.TestTypes.Unit.UnitTestAdapter" className="UnitTests.iCore.Common.Utilities.XmlUtilsServiceTest" name="Encode_NonEmptyNothingToEncodeStringToStream_Success" />
    </UnitTest>
    <UnitTest name="Encode_NonEmptyNothingToEncodeSteamToStream_Success" storage="f:\etwork\bin\tests\unittests.icore.common.dll" id="f675f3b2-399d-1df9-f079-bf6ee74e2abd">
      <Execution id="65748de7-cda9-498f-a92a-3b9c5d70340d" />
      <TestMethod codeBase="F:\ETWork\bin\Tests\UnitTests.iCore.Common.dll" adapterTypeName="Microsoft.VisualStudio.TestTools.TestTypes.Unit.UnitTestAdapter" className="UnitTests.iCore.Common.Utilities.XmlUtilsServiceTest" name="Encode_NonEmptyNothingToEncodeSteamToStream_Success" />
    </UnitTest>
    <UnitTest name="Encode_NonEmptyNothingToEncodeSteamToString_Success" storage="f:\etwork\bin\tests\unittests.icore.common.dll" id="ee281e62-a94c-8646-4d5c-d010a0e0c905">
      <Execution id="4b440d49-1cd9-472b-b17a-2f4138510a68" />
      <TestMethod codeBase="F:\ETWork\bin\Tests\UnitTests.iCore.Common.dll" adapterTypeName="Microsoft.VisualStudio.TestTools.TestTypes.Unit.UnitTestAdapter" className="UnitTests.iCore.Common.Utilities.XmlUtilsServiceTest" name="Encode_NonEmptyNothingToEncodeSteamToString_Success" />
    </UnitTest>
    <UnitTest name="Encode_EscapeEmptyStringConvertAttributes_Success" storage="f:\etwork\bin\tests\unittests.icore.common.dll" id="2cb7053c-f5e6-879c-e3e7-325b450aa7f7">
      <Execution id="3617c66f-f8ed-499c-afeb-6f24057695e1" />
      <TestMethod codeBase="F:\ETWork\bin\Tests\UnitTests.iCore.Common.dll" adapterTypeName="Microsoft.VisualStudio.TestTools.TestTypes.Unit.UnitTestAdapter" className="UnitTests.iCore.Common.Utilities.XmlUtilsServiceTest" name="Encode_EscapeEmptyStringConvertAttributes_Success" />
    </UnitTest>
    <UnitTest name="Encode_EscapeEmptyStringDoNotConvertAttributes_Success" storage="f:\etwork\bin\tests\unittests.icore.common.dll" id="dfc6ef7e-e58a-dcab-2070-4945f98239c7">
      <Execution id="a21797c1-cf71-4cd7-b254-d5bb48e87958" />
      <TestMethod codeBase="F:\ETWork\bin\Tests\UnitTests.iCore.Common.dll" adapterTypeName="Microsoft.VisualStudio.TestTools.TestTypes.Unit.UnitTestAdapter" className="UnitTests.iCore.Common.Utilities.XmlUtilsServiceTest" name="Encode_EscapeEmptyStringDoNotConvertAttributes_Success" />
    </UnitTest>
    <UnitTest name="Encode_NonEmptyNothingEscapableConvertAttributes_Success" storage="f:\etwork\bin\tests\unittests.icore.common.dll" id="63734ecd-0ce3-cf6e-1caf-0bbd235a72a0">
      <Execution id="97c86fd1-2be1-4546-b192-9365e432e6e5" />
      <TestMethod codeBase="F:\ETWork\bin\Tests\UnitTests.iCore.Common.dll" adapterTypeName="Microsoft.VisualStudio.TestTools.TestTypes.Unit.UnitTestAdapter" className="UnitTests.iCore.Common.Utilities.XmlUtilsServiceTest" name="Encode_NonEmptyNothingEscapableConvertAttributes_Success" />
    </UnitTest>
    <UnitTest name="Encode_NonEmptyNothingEscapableDoNotConvertAttributes_Success" storage="f:\etwork\bin\tests\unittests.icore.common.dll" id="d8e7e18e-487c-ee76-b07b-7f418da3a07d">
      <Execution id="b050c1b5-857b-4cb9-bea0-41e599001fb1" />
      <TestMethod codeBase="F:\ETWork\bin\Tests\UnitTests.iCore.Common.dll" adapterTypeName="Microsoft.VisualStudio.TestTools.TestTypes.Unit.UnitTestAdapter" className="UnitTests.iCore.Common.Utilities.XmlUtilsServiceTest" name="Encode_NonEmptyNothingEscapableDoNotConvertAttributes_Success" />
    </UnitTest>
    <UnitTest name="Encode_NonEmptyEverythingEscapableConvertAttributes_Success" storage="f:\etwork\bin\tests\unittests.icore.common.dll" id="1ce2a322-4a40-c067-005c-3547120ea42e">
      <Execution id="fcec124c-6210-4053-ace2-5f8aa7addc16" />
      <TestMethod codeBase="F:\ETWork\bin\Tests\UnitTests.iCore.Common.dll" adapterTypeName="Microsoft.VisualStudio.TestTools.TestTypes.Unit.UnitTestAdapter" className="UnitTests.iCore.Common.Utilities.XmlUtilsServiceTest" name="Encode_NonEmptyEverythingEscapableConvertAttributes_Success" />
    </UnitTest>
    <UnitTest name="Encode_NonEmptyEverythingEscapableDoNotConvertAttributes_Success" storage="f:\etwork\bin\tests\unittests.icore.common.dll" id="01c1d926-b0a7-e221-fc79-045e5c5f4d04">
      <Execution id="c4fe61be-b675-4b43-a633-6d2a43f2db93" />
      <TestMethod codeBase="F:\ETWork\bin\Tests\UnitTests.iCore.Common.dll" adapterTypeName="Microsoft.VisualStudio.TestTools.TestTypes.Unit.UnitTestAdapter" className="UnitTests.iCore.Common.Utilities.XmlUtilsServiceTest" name="Encode_NonEmptyEverythingEscapableDoNotConvertAttributes_Success" />
    </UnitTest>
    <UnitTest name="Encode_BrokenXmlConvertAttributes_Success" storage="f:\etwork\bin\tests\unittests.icore.common.dll" id="eb50af03-2520-041c-0a14-e055778d10d2">
      <Execution id="7b470b32-1dd1-4e6b-a96d-347cae687960" />
      <TestMethod codeBase="F:\ETWork\bin\Tests\UnitTests.iCore.Common.dll" adapterTypeName="Microsoft.VisualStudio.TestTools.TestTypes.Unit.UnitTestAdapter" className="UnitTests.iCore.Common.Utilities.XmlUtilsServiceTest" name="Encode_BrokenXmlConvertAttributes_Success" />
    </UnitTest>
    <UnitTest name="Encode_BrokenXmlDoNotConvertAttributes_Success" storage="f:\etwork\bin\tests\unittests.icore.common.dll" id="88449547-415c-fa9e-adc4-04e9ab7d6bfc">
      <Execution id="f9fad411-adb3-4b31-9b79-e43f4e900663" />
      <TestMethod codeBase="F:\ETWork\bin\Tests\UnitTests.iCore.Common.dll" adapterTypeName="Microsoft.VisualStudio.TestTools.TestTypes.Unit.UnitTestAdapter" className="UnitTests.iCore.Common.Utilities.XmlUtilsServiceTest" name="Encode_BrokenXmlDoNotConvertAttributes_Success" />
    </UnitTest>
    <UnitTest name="Encode_XmlConvertAttributes_Success" storage="f:\etwork\bin\tests\unittests.icore.common.dll" id="74cbec70-d639-d65a-4282-bf58c25dd008">
      <Execution id="94b75ace-6773-47b8-9af2-7a6885c1fc58" />
      <TestMethod codeBase="F:\ETWork\bin\Tests\UnitTests.iCore.Common.dll" adapterTypeName="Microsoft.VisualStudio.TestTools.TestTypes.Unit.UnitTestAdapter" className="UnitTests.iCore.Common.Utilities.XmlUtilsServiceTest" name="Encode_XmlConvertAttributes_Success" />
    </UnitTest>
    <UnitTest name="Encode_XmlDoNotConvertAttributes_Success" storage="f:\etwork\bin\tests\unittests.icore.common.dll" id="24366f7c-23cc-ac98-1bad-c7fde0399992">
      <Execution id="5a276bb4-efe3-4582-bca9-14757685f116" />
      <TestMethod codeBase="F:\ETWork\bin\Tests\UnitTests.iCore.Common.dll" adapterTypeName="Microsoft.VisualStudio.TestTools.TestTypes.Unit.UnitTestAdapter" className="UnitTests.iCore.Common.Utilities.XmlUtilsServiceTest" name="Encode_XmlDoNotConvertAttributes_Success" />
    </UnitTest>
    <UnitTest name="Encode_AlreadyEscapedConvertAttributes_Success" storage="f:\etwork\bin\tests\unittests.icore.common.dll" id="9c8a8342-ed81-76b5-d6d9-2ff892c41277">
      <Execution id="1dc031e5-bef1-4a67-9939-0e817970c38b" />
      <TestMethod codeBase="F:\ETWork\bin\Tests\UnitTests.iCore.Common.dll" adapterTypeName="Microsoft.VisualStudio.TestTools.TestTypes.Unit.UnitTestAdapter" className="UnitTests.iCore.Common.Utilities.XmlUtilsServiceTest" name="Encode_AlreadyEscapedConvertAttributes_Success" />
    </UnitTest>
    <UnitTest name="Encode_AlreadyEscapedDoNotConvertAttributes_Success" storage="f:\etwork\bin\tests\unittests.icore.common.dll" id="e10a6fd2-fa7a-8383-3341-42895ccdf49b">
      <Execution id="dd4cf364-04c3-454c-936d-c7adbc87d9ce" />
      <TestMethod codeBase="F:\ETWork\bin\Tests\UnitTests.iCore.Common.dll" adapterTypeName="Microsoft.VisualStudio.TestTools.TestTypes.Unit.UnitTestAdapter" className="UnitTests.iCore.Common.Utilities.XmlUtilsServiceTest" name="Encode_AlreadyEscapedDoNotConvertAttributes_Success" />
    </UnitTest>
    <UnitTest name="Encode_NonEmptyEverythingEscapableWithInvalidXmlCharConvertAttributes_Success" storage="f:\etwork\bin\tests\unittests.icore.common.dll" id="f42bb1e2-2282-eaee-6e3c-decffeb0c88c">
      <Execution id="043eefe1-f242-48dd-af06-299e70e0107d" />
      <TestMethod codeBase="F:\ETWork\bin\Tests\UnitTests.iCore.Common.dll" adapterTypeName="Microsoft.VisualStudio.TestTools.TestTypes.Unit.UnitTestAdapter" className="UnitTests.iCore.Common.Utilities.XmlUtilsServiceTest" name="Encode_NonEmptyEverythingEscapableWithInvalidXmlCharConvertAttributes_Success" />
    </UnitTest>
    <UnitTest name="Encode_NonEmptyEverythingEscapableWithInvalidXmlCharDoNotConvertAttributes_Success" storage="f:\etwork\bin\tests\unittests.icore.common.dll" id="52fafb7a-eae6-9dea-ae5d-2dc9e9b977b7">
      <Execution id="513f97b4-3a48-474f-b6a0-7c0baf82ff8f" />
      <TestMethod codeBase="F:\ETWork\bin\Tests\UnitTests.iCore.Common.dll" adapterTypeName="Microsoft.VisualStudio.TestTools.TestTypes.Unit.UnitTestAdapter" className="UnitTests.iCore.Common.Utilities.XmlUtilsServiceTest" name="Encode_NonEmptyEverythingEscapableWithInvalidXmlCharDoNotConvertAttributes_Success" />
    </UnitTest>
    <UnitTest name="Encode_NonEmptyEverythingEscapableWithTrulyInvalidXmlCharConvertAttributes_Success" storage="f:\etwork\bin\tests\unittests.icore.common.dll" id="6d78fd8f-c432-6b05-230b-2fdeb75c9fb8">
      <Execution id="4b6cd3d2-119e-4bc9-85e3-27b5240c6419" />
      <TestMethod codeBase="F:\ETWork\bin\Tests\UnitTests.iCore.Common.dll" adapterTypeName="Microsoft.VisualStudio.TestTools.TestTypes.Unit.UnitTestAdapter" className="UnitTests.iCore.Common.Utilities.XmlUtilsServiceTest" name="Encode_NonEmptyEverythingEscapableWithTrulyInvalidXmlCharConvertAttributes_Success" />
    </UnitTest>
    <UnitTest name="Encode_NonEmptyEverythingEscapableWithTrulyInvalidXmlCharDoNotConvertAttributes_Success" storage="f:\etwork\bin\tests\unittests.icore.common.dll" id="82aae650-4aae-ab4c-7c3c-775e5f5f0703">
      <Execution id="b691c021-bfff-443d-8b89-6cb035ccda6f" />
      <TestMethod codeBase="F:\ETWork\bin\Tests\UnitTests.iCore.Common.dll" adapterTypeName="Microsoft.VisualStudio.TestTools.TestTypes.Unit.UnitTestAdapter" className="UnitTests.iCore.Common.Utilities.XmlUtilsServiceTest" name="Encode_NonEmptyEverythingEscapableWithTrulyInvalidXmlCharDoNotConvertAttributes_Success" />
    </UnitTest>
    <UnitTest name="Encode_SurrogatePairConvertAttributes_Success" storage="f:\etwork\bin\tests\unittests.icore.common.dll" id="6ae0e632-e31f-bea7-1337-d24abc4a888a">
      <Execution id="be83eb66-1baa-4bb4-9fa4-c513a27d2006" />
      <TestMethod codeBase="F:\ETWork\bin\Tests\UnitTests.iCore.Common.dll" adapterTypeName="Microsoft.VisualStudio.TestTools.TestTypes.Unit.UnitTestAdapter" className="UnitTests.iCore.Common.Utilities.XmlUtilsServiceTest" name="Encode_SurrogatePairConvertAttributes_Success" />
    </UnitTest>
    <UnitTest name="Encode_SurrogatePairDoNotConvertAttributes_Success" storage="f:\etwork\bin\tests\unittests.icore.common.dll" id="db98d0a6-3661-12cb-bbf8-27ae95f0897a">
      <Execution id="223ce73b-bb22-458c-8067-d01cdcf89122" />
      <TestMethod codeBase="F:\ETWork\bin\Tests\UnitTests.iCore.Common.dll" adapterTypeName="Microsoft.VisualStudio.TestTools.TestTypes.Unit.UnitTestAdapter" className="UnitTests.iCore.Common.Utilities.XmlUtilsServiceTest" name="Encode_SurrogatePairDoNotConvertAttributes_Success" />
    </UnitTest>
    <UnitTest name="Encode_UnclosedXml_NotClosed" storage="f:\etwork\bin\tests\unittests.icore.common.dll" id="adb5b47f-6895-805c-8db4-9423bb7f9280">
      <Execution id="a22bbd4a-8b1a-4438-b098-defeb30a068d" />
      <TestMethod codeBase="F:\ETWork\bin\Tests\UnitTests.iCore.Common.dll" adapterTypeName="Microsoft.VisualStudio.TestTools.TestTypes.Unit.UnitTestAdapter" className="UnitTests.iCore.Common.Utilities.XmlUtilsServiceTest" name="Encode_UnclosedXml_NotClosed" />
    </UnitTest>
    <UnitTest name="Transform_UnclosedXml_Fails" storage="f:\etwork\bin\tests\unittests.icore.common.dll" id="647ac674-7ca4-34e3-1e8b-5b510b1c6df0">
      <Execution id="b092ec67-9b5c-427d-8ab4-8190dc8fca17" />
      <TestMethod codeBase="F:\ETWork\bin\Tests\UnitTests.iCore.Common.dll" adapterTypeName="Microsoft.VisualStudio.TestTools.TestTypes.Unit.UnitTestAdapter" className="UnitTests.iCore.Common.Utilities.XmlUtilsServiceTest" name="Transform_UnclosedXml_Fails" />
    </UnitTest>
    <UnitTest name="Transform_EmptyXml_Fails" storage="f:\etwork\bin\tests\unittests.icore.common.dll" id="9861db84-4dcf-4fd0-b096-bcf984cf8fd4">
      <Execution id="28fa31c5-8d8f-4e3b-84f7-ed2357ad9fd9" />
      <TestMethod codeBase="F:\ETWork\bin\Tests\UnitTests.iCore.Common.dll" adapterTypeName="Microsoft.VisualStudio.TestTools.TestTypes.Unit.UnitTestAdapter" className="UnitTests.iCore.Common.Utilities.XmlUtilsServiceTest" name="Transform_EmptyXml_Fails" />
    </UnitTest>
    <UnitTest name="Transform_NullXml_Fails" storage="f:\etwork\bin\tests\unittests.icore.common.dll" id="f7faef35-9ec9-c15a-fce3-c01e0d0c52c1">
      <Execution id="e230be3a-bafe-4797-86aa-6000b820ef1d" />
      <TestMethod codeBase="F:\ETWork\bin\Tests\UnitTests.iCore.Common.dll" adapterTypeName="Microsoft.VisualStudio.TestTools.TestTypes.Unit.UnitTestAdapter" className="UnitTests.iCore.Common.Utilities.XmlUtilsServiceTest" name="Transform_NullXml_Fails" />
    </UnitTest>
    <UnitTest name="Transform_SimpleXmlBrokenTemplate_Fails" storage="f:\etwork\bin\tests\unittests.icore.common.dll" id="694e35c3-b353-80db-30db-aab105703800">
      <Execution id="cf33cabe-2d62-4154-ada8-a79311d3eee7" />
      <TestMethod codeBase="F:\ETWork\bin\Tests\UnitTests.iCore.Common.dll" adapterTypeName="Microsoft.VisualStudio.TestTools.TestTypes.Unit.UnitTestAdapter" className="UnitTests.iCore.Common.Utilities.XmlUtilsServiceTest" name="Transform_SimpleXmlBrokenTemplate_Fails" />
    </UnitTest>
    <UnitTest name="Transform_SimpleXmlEmptyTemplate_Fails" storage="f:\etwork\bin\tests\unittests.icore.common.dll" id="2422df6c-5806-3035-2b8a-e552e0f76bfa">
      <Execution id="09ca2e64-38d3-4d81-adfc-4c4376c03c19" />
      <TestMethod codeBase="F:\ETWork\bin\Tests\UnitTests.iCore.Common.dll" adapterTypeName="Microsoft.VisualStudio.TestTools.TestTypes.Unit.UnitTestAdapter" className="UnitTests.iCore.Common.Utilities.XmlUtilsServiceTest" name="Transform_SimpleXmlEmptyTemplate_Fails" />
    </UnitTest>
    <UnitTest name="Transform_SimpleXmlNullTemplate_Fails" storage="f:\etwork\bin\tests\unittests.icore.common.dll" id="069654a4-d160-74a5-65c0-325c33399178">
      <Execution id="96cb78b3-2533-45dc-bd17-7580d9b5851f" />
      <TestMethod codeBase="F:\ETWork\bin\Tests\UnitTests.iCore.Common.dll" adapterTypeName="Microsoft.VisualStudio.TestTools.TestTypes.Unit.UnitTestAdapter" className="UnitTests.iCore.Common.Utilities.XmlUtilsServiceTest" name="Transform_SimpleXmlNullTemplate_Fails" />
    </UnitTest>
    <UnitTest name="Transform_SimpleXmlSimpleHtmlTransformation_Success" storage="f:\etwork\bin\tests\unittests.icore.common.dll" id="5c140550-b692-a1aa-c747-f48c8ae4e353">
      <Execution id="e4b2a709-6909-4ab1-8d3f-b55ea1a476a5" />
      <TestMethod codeBase="F:\ETWork\bin\Tests\UnitTests.iCore.Common.dll" adapterTypeName="Microsoft.VisualStudio.TestTools.TestTypes.Unit.UnitTestAdapter" className="UnitTests.iCore.Common.Utilities.XmlUtilsServiceTest" name="Transform_SimpleXmlSimpleHtmlTransformation_Success" />
    </UnitTest>
    <UnitTest name="Transform_SimpleXmlSimpleHtmlTransformationByStreams_Success" storage="f:\etwork\bin\tests\unittests.icore.common.dll" id="5ea281d7-8ae6-3516-cb2d-8d79902e7920">
      <Execution id="96ee0927-4b68-4555-bb87-fe93052b3baa" />
      <TestMethod codeBase="F:\ETWork\bin\Tests\UnitTests.iCore.Common.dll" adapterTypeName="Microsoft.VisualStudio.TestTools.TestTypes.Unit.UnitTestAdapter" className="UnitTests.iCore.Common.Utilities.XmlUtilsServiceTest" name="Transform_SimpleXmlSimpleHtmlTransformationByStreams_Success" />
    </UnitTest>
    <UnitTest name="Transform_SimpleXmlSimpleHtmlTransformationAsync_Success" storage="f:\etwork\bin\tests\unittests.icore.common.dll" id="883c8fc6-58be-403f-e964-e085d710ed9e">
      <Execution id="a12886ab-61db-4159-baf5-b1db38830a01" />
      <TestMethod codeBase="F:\ETWork\bin\Tests\UnitTests.iCore.Common.dll" adapterTypeName="Microsoft.VisualStudio.TestTools.TestTypes.Unit.UnitTestAdapter" className="UnitTests.iCore.Common.Utilities.XmlUtilsServiceTest" name="Transform_SimpleXmlSimpleHtmlTransformationAsync_Success" />
    </UnitTest>
    <UnitTest name="Transform_SimpleXmlSimpleHtmlTransformationByStreamsAsync_Success" storage="f:\etwork\bin\tests\unittests.icore.common.dll" id="abe9161c-1794-3326-40bb-d6a52cf48c36">
      <Execution id="026916f1-0d40-46ec-85be-9d118131b312" />
      <TestMethod codeBase="F:\ETWork\bin\Tests\UnitTests.iCore.Common.dll" adapterTypeName="Microsoft.VisualStudio.TestTools.TestTypes.Unit.UnitTestAdapter" className="UnitTests.iCore.Common.Utilities.XmlUtilsServiceTest" name="Transform_SimpleXmlSimpleHtmlTransformationByStreamsAsync_Success" />
    </UnitTest>
    <UnitTest name="Transform_SimpleXmlSimpleXmlTransformation_Success" storage="f:\etwork\bin\tests\unittests.icore.common.dll" id="9c86152c-053e-5d4e-6528-ce7ec83a1e51">
      <Execution id="3afabbf3-5874-4447-a5a6-6786d70722c2" />
      <TestMethod codeBase="F:\ETWork\bin\Tests\UnitTests.iCore.Common.dll" adapterTypeName="Microsoft.VisualStudio.TestTools.TestTypes.Unit.UnitTestAdapter" className="UnitTests.iCore.Common.Utilities.XmlUtilsServiceTest" name="Transform_SimpleXmlSimpleXmlTransformation_Success" />
    </UnitTest>
    <UnitTest name="Transform_SimpleXmlCruelPlainTextTransformation_Success" storage="f:\etwork\bin\tests\unittests.icore.common.dll" id="392aa1d9-4f28-1051-8ec2-9bb4a8ce7201">
      <Execution id="230440fd-d23d-4e71-80b6-45cee3612670" />
      <TestMethod codeBase="F:\ETWork\bin\Tests\UnitTests.iCore.Common.dll" adapterTypeName="Microsoft.VisualStudio.TestTools.TestTypes.Unit.UnitTestAdapter" className="UnitTests.iCore.Common.Utilities.XmlUtilsServiceTest" name="Transform_SimpleXmlCruelPlainTextTransformation_Success" />
    </UnitTest>
    <UnitTest name="Transform_SimpleXmlSimplePlainTextTransformation_Success" storage="f:\etwork\bin\tests\unittests.icore.common.dll" id="546896aa-372f-d0af-57c3-45b6f9761fe9">
      <Execution id="378aa31b-52ba-4a11-bc61-945d2be9748b" />
      <TestMethod codeBase="F:\ETWork\bin\Tests\UnitTests.iCore.Common.dll" adapterTypeName="Microsoft.VisualStudio.TestTools.TestTypes.Unit.UnitTestAdapter" className="UnitTests.iCore.Common.Utilities.XmlUtilsServiceTest" name="Transform_SimpleXmlSimplePlainTextTransformation_Success" />
    </UnitTest>
    <UnitTest name="Transform_NullInput_Exception" storage="f:\etwork\bin\tests\unittests.icore.common.dll" id="c7bcdb3f-7fd5-d9de-e540-51f9d25eff2d">
      <Execution id="bd1be6c8-526b-4d91-be98-73623b2cd6ea" />
      <TestMethod codeBase="F:\ETWork\bin\Tests\UnitTests.iCore.Common.dll" adapterTypeName="Microsoft.VisualStudio.TestTools.TestTypes.Unit.UnitTestAdapter" className="UnitTests.iCore.Common.Utilities.XmlUtilsServiceTest" name="Transform_NullInput_Exception" />
    </UnitTest>
    <UnitTest name="Transform_NullTemplate_Exception" storage="f:\etwork\bin\tests\unittests.icore.common.dll" id="e3febf77-c688-bdd7-0a88-447e2eddef0a">
      <Execution id="e9ea2da2-c8ae-4eff-ab22-5ff7b7176d22" />
      <TestMethod codeBase="F:\ETWork\bin\Tests\UnitTests.iCore.Common.dll" adapterTypeName="Microsoft.VisualStudio.TestTools.TestTypes.Unit.UnitTestAdapter" className="UnitTests.iCore.Common.Utilities.XmlUtilsServiceTest" name="Transform_NullTemplate_Exception" />
    </UnitTest>
    <UnitTest name="Transform_NullOutput_Exception" storage="f:\etwork\bin\tests\unittests.icore.common.dll" id="d977ba75-b363-42c6-bc3d-1fe8fa6c48a4">
      <Execution id="ea09cf12-e74e-43fe-96a9-e08438450121" />
      <TestMethod codeBase="F:\ETWork\bin\Tests\UnitTests.iCore.Common.dll" adapterTypeName="Microsoft.VisualStudio.TestTools.TestTypes.Unit.UnitTestAdapter" className="UnitTests.iCore.Common.Utilities.XmlUtilsServiceTest" name="Transform_NullOutput_Exception" />
    </UnitTest>
    <UnitTest name="Transform_XmlPositionAlreadyAtEnd_Exception" storage="f:\etwork\bin\tests\unittests.icore.common.dll" id="67e634ba-0d75-4e70-559e-8eb699b85f1b">
      <Execution id="0f8434e7-4270-4b38-b312-01df23f46a45" />
      <TestMethod codeBase="F:\ETWork\bin\Tests\UnitTests.iCore.Common.dll" adapterTypeName="Microsoft.VisualStudio.TestTools.TestTypes.Unit.UnitTestAdapter" className="UnitTests.iCore.Common.Utilities.XmlUtilsServiceTest" name="Transform_XmlPositionAlreadyAtEnd_Exception" />
    </UnitTest>
    <UnitTest name="Transform_XsltPositionAlreadyAtEnd_Exception" storage="f:\etwork\bin\tests\unittests.icore.common.dll" id="dae0916a-135a-62c6-a552-40dc89b0ca20">
      <Execution id="4be0a41b-dc9a-46f3-81fa-634628a5b359" />
      <TestMethod codeBase="F:\ETWork\bin\Tests\UnitTests.iCore.Common.dll" adapterTypeName="Microsoft.VisualStudio.TestTools.TestTypes.Unit.UnitTestAdapter" className="UnitTests.iCore.Common.Utilities.XmlUtilsServiceTest" name="Transform_XsltPositionAlreadyAtEnd_Exception" />
    </UnitTest>
    <UnitTest name="Transform_OutputNotAtEnd_SuccessOverWritten" storage="f:\etwork\bin\tests\unittests.icore.common.dll" id="734b2699-ae74-fcaa-7696-83b79992fbf9">
      <Execution id="4d3e6759-a193-497a-a22b-482392f9b23b" />
      <TestMethod codeBase="F:\ETWork\bin\Tests\UnitTests.iCore.Common.dll" adapterTypeName="Microsoft.VisualStudio.TestTools.TestTypes.Unit.UnitTestAdapter" className="UnitTests.iCore.Common.Utilities.XmlUtilsServiceTest" name="Transform_OutputNotAtEnd_SuccessOverWritten" />
    </UnitTest>
    <UnitTest name="Transform_OutputReadonly_Exception" storage="f:\etwork\bin\tests\unittests.icore.common.dll" id="ed281cfd-7ada-d250-ec5c-ee0bee2496a2">
      <Execution id="baaf0d2f-2985-41c6-bf24-88ad54184b7d" />
      <TestMethod codeBase="F:\ETWork\bin\Tests\UnitTests.iCore.Common.dll" adapterTypeName="Microsoft.VisualStudio.TestTools.TestTypes.Unit.UnitTestAdapter" className="UnitTests.iCore.Common.Utilities.XmlUtilsServiceTest" name="Transform_OutputReadonly_Exception" />
    </UnitTest>
    <UnitTest name="Transform_SimpleSuccessCase_XmlPositionAtEnd" storage="f:\etwork\bin\tests\unittests.icore.common.dll" id="1d1ce6df-af10-18b7-9919-c9b9c789b8bd">
      <Execution id="426bf9b3-fb4b-4386-9426-96db4ceed553" />
      <TestMethod codeBase="F:\ETWork\bin\Tests\UnitTests.iCore.Common.dll" adapterTypeName="Microsoft.VisualStudio.TestTools.TestTypes.Unit.UnitTestAdapter" className="UnitTests.iCore.Common.Utilities.XmlUtilsServiceTest" name="Transform_SimpleSuccessCase_XmlPositionAtEnd" />
    </UnitTest>
    <UnitTest name="Transform_SimpleSuccessCase_XsltPositionAtEnd" storage="f:\etwork\bin\tests\unittests.icore.common.dll" id="940cd288-dd30-43dd-e64c-9e8f128d0833">
      <Execution id="16999bd7-65bd-448b-8b28-99aaddb89b8f" />
      <TestMethod codeBase="F:\ETWork\bin\Tests\UnitTests.iCore.Common.dll" adapterTypeName="Microsoft.VisualStudio.TestTools.TestTypes.Unit.UnitTestAdapter" className="UnitTests.iCore.Common.Utilities.XmlUtilsServiceTest" name="Transform_SimpleSuccessCase_XsltPositionAtEnd" />
    </UnitTest>
    <UnitTest name="Transform_SimpleSuccessCase_OutputPositionAtEnd" storage="f:\etwork\bin\tests\unittests.icore.common.dll" id="9defa63c-e655-0ec2-9f8d-2fc93bfbad4b">
      <Execution id="2610b6b8-173e-47a9-b801-ec6a504ef716" />
      <TestMethod codeBase="F:\ETWork\bin\Tests\UnitTests.iCore.Common.dll" adapterTypeName="Microsoft.VisualStudio.TestTools.TestTypes.Unit.UnitTestAdapter" className="UnitTests.iCore.Common.Utilities.XmlUtilsServiceTest" name="Transform_SimpleSuccessCase_OutputPositionAtEnd" />
    </UnitTest>
    <UnitTest name="Constructor_DirectoryReaderArgIsNull_Throws" storage="f:\etwork\bin\tests\unittests.icore.common.dll" id="1b3726d8-6f8b-7ac0-a6e5-2d0512f422f4">
      <Execution id="78ee9c5e-685c-4194-9d7b-0e0617b068b5" />
      <TestMethod codeBase="F:\ETWork\bin\Tests\UnitTests.iCore.Common.dll" adapterTypeName="Microsoft.VisualStudio.TestTools.TestTypes.Unit.UnitTestAdapter" className="UnitTests.iCore.Common.Utilities.FilesystemWatcher.FileClientPollTests" name="Constructor_DirectoryReaderArgIsNull_Throws" />
    </UnitTest>
    <UnitTest name="Constructor_SearchCriteriaArgIsNull_Throws" storage="f:\etwork\bin\tests\unittests.icore.common.dll" id="3586fc49-afca-357b-fbee-1c73d2bd6901">
      <Execution id="3a210394-5cc5-4c89-a850-eb0ff72f7854" />
      <TestMethod codeBase="F:\ETWork\bin\Tests\UnitTests.iCore.Common.dll" adapterTypeName="Microsoft.VisualStudio.TestTools.TestTypes.Unit.UnitTestAdapter" className="UnitTests.iCore.Common.Utilities.FilesystemWatcher.FileClientPollTests" name="Constructor_SearchCriteriaArgIsNull_Throws" />
    </UnitTest>
    <UnitTest name="Constructor_SettleTimeListArgIsNull_Throws" storage="f:\etwork\bin\tests\unittests.icore.common.dll" id="c2f57c3a-ec12-76f9-da41-306df2aaddd7">
      <Execution id="970ae135-430f-40fd-add5-279c48d52564" />
      <TestMethod codeBase="F:\ETWork\bin\Tests\UnitTests.iCore.Common.dll" adapterTypeName="Microsoft.VisualStudio.TestTools.TestTypes.Unit.UnitTestAdapter" className="UnitTests.iCore.Common.Utilities.FilesystemWatcher.FileClientPollTests" name="Constructor_SettleTimeListArgIsNull_Throws" />
    </UnitTest>
    <UnitTest name="Constructor_DateTimeServiceArgIsNull_Throws" storage="f:\etwork\bin\tests\unittests.icore.common.dll" id="5fc9ab39-249a-0f0b-1941-994db2415dcc">
      <Execution id="7a364384-81e9-4409-95dc-e194baa3b886" />
      <TestMethod codeBase="F:\ETWork\bin\Tests\UnitTests.iCore.Common.dll" adapterTypeName="Microsoft.VisualStudio.TestTools.TestTypes.Unit.UnitTestAdapter" className="UnitTests.iCore.Common.Utilities.FilesystemWatcher.FileClientPollTests" name="Constructor_DateTimeServiceArgIsNull_Throws" />
    </UnitTest>
    <UnitTest name="Constructor_ValidArgumentsGetFilesOnStartIsFalse_GetFilesIsNotInvoked" storage="f:\etwork\bin\tests\unittests.icore.common.dll" id="f19a4c86-6546-9e37-c32b-e44ff0708a2c">
      <Execution id="5ff054a5-5054-4bdb-8fdb-fd59be5a21f6" />
      <TestMethod codeBase="F:\ETWork\bin\Tests\UnitTests.iCore.Common.dll" adapterTypeName="Microsoft.VisualStudio.TestTools.TestTypes.Unit.UnitTestAdapter" className="UnitTests.iCore.Common.Utilities.FilesystemWatcher.FileClientPollTests" name="Constructor_ValidArgumentsGetFilesOnStartIsFalse_GetFilesIsNotInvoked" />
    </UnitTest>
    <UnitTest name="Constructor_ValidArgumentsGetFilesOnStartIsTrue_GetFilesIsInvoked" storage="f:\etwork\bin\tests\unittests.icore.common.dll" id="e221cfed-ac02-398c-c24f-6a211aedf099">
      <Execution id="b5457e1e-3dca-4541-9f61-3ac4894ce27d" />
      <TestMethod codeBase="F:\ETWork\bin\Tests\UnitTests.iCore.Common.dll" adapterTypeName="Microsoft.VisualStudio.TestTools.TestTypes.Unit.UnitTestAdapter" className="UnitTests.iCore.Common.Utilities.FilesystemWatcher.FileClientPollTests" name="Constructor_ValidArgumentsGetFilesOnStartIsTrue_GetFilesIsInvoked" />
    </UnitTest>
    <UnitTest name="PollIntervall_DefaultValue_DefaultIs30" storage="f:\etwork\bin\tests\unittests.icore.common.dll" id="862c27a7-4a19-7a14-5251-ac6ea6513abd">
      <Execution id="3a3d4783-f9f1-4ba8-89b1-4eda2cc3c694" />
      <TestMethod codeBase="F:\ETWork\bin\Tests\UnitTests.iCore.Common.dll" adapterTypeName="Microsoft.VisualStudio.TestTools.TestTypes.Unit.UnitTestAdapter" className="UnitTests.iCore.Common.Utilities.FilesystemWatcher.FileClientPollTests" name="PollIntervall_DefaultValue_DefaultIs30" />
    </UnitTest>
    <UnitTest name="PollIntervall_ReadTwice_ReturnsSameValue" storage="f:\etwork\bin\tests\unittests.icore.common.dll" id="5bc47b82-9f7b-0eff-935b-0ac139f96ee3">
      <Execution id="9dc684d7-9928-40c0-8c4a-6e1143d2d8da" />
      <TestMethod codeBase="F:\ETWork\bin\Tests\UnitTests.iCore.Common.dll" adapterTypeName="Microsoft.VisualStudio.TestTools.TestTypes.Unit.UnitTestAdapter" className="UnitTests.iCore.Common.Utilities.FilesystemWatcher.FileClientPollTests" name="PollIntervall_ReadTwice_ReturnsSameValue" />
    </UnitTest>
    <UnitTest name="PollIntervall_SetAndGet_ReturnsNewValue" storage="f:\etwork\bin\tests\unittests.icore.common.dll" id="de312afa-40c9-c393-88fe-384655323309">
      <Execution id="3f42d0ab-e001-422d-bacf-10215f8416d2" />
      <TestMethod codeBase="F:\ETWork\bin\Tests\UnitTests.iCore.Common.dll" adapterTypeName="Microsoft.VisualStudio.TestTools.TestTypes.Unit.UnitTestAdapter" className="UnitTests.iCore.Common.Utilities.FilesystemWatcher.FileClientPollTests" name="PollIntervall_SetAndGet_ReturnsNewValue" />
    </UnitTest>
    <UnitTest name="MaxWaitTimeoutInSeconds_DefaultValue_DefaultIsConstructorArg" storage="f:\etwork\bin\tests\unittests.icore.common.dll" id="6b264820-706c-2419-c98d-436baf89ed6e">
      <Execution id="3c558663-80cd-4568-9610-09bdf5f75bec" />
      <TestMethod codeBase="F:\ETWork\bin\Tests\UnitTests.iCore.Common.dll" adapterTypeName="Microsoft.VisualStudio.TestTools.TestTypes.Unit.UnitTestAdapter" className="UnitTests.iCore.Common.Utilities.FilesystemWatcher.FileClientPollTests" name="MaxWaitTimeoutInSeconds_DefaultValue_DefaultIsConstructorArg" />
    </UnitTest>
    <UnitTest name="MaxWaitTimeoutInSeconds_ReadTwice_ReturnsSameValue" storage="f:\etwork\bin\tests\unittests.icore.common.dll" id="4bed4e04-4a49-9d99-bf99-4b43eb314f63">
      <Execution id="01a75700-931d-4378-aca4-bf6577f4db3c" />
      <TestMethod codeBase="F:\ETWork\bin\Tests\UnitTests.iCore.Common.dll" adapterTypeName="Microsoft.VisualStudio.TestTools.TestTypes.Unit.UnitTestAdapter" className="UnitTests.iCore.Common.Utilities.FilesystemWatcher.FileClientPollTests" name="MaxWaitTimeoutInSeconds_ReadTwice_ReturnsSameValue" />
    </UnitTest>
    <UnitTest name="MaxWaitTimeoutInSeconds_SetAndGet_ReturnsNewValue" storage="f:\etwork\bin\tests\unittests.icore.common.dll" id="f75979f0-4b8d-38ec-7627-b62b189e0073">
      <Execution id="c7152988-4a17-4cf8-8b60-45915e890ad4" />
      <TestMethod codeBase="F:\ETWork\bin\Tests\UnitTests.iCore.Common.dll" adapterTypeName="Microsoft.VisualStudio.TestTools.TestTypes.Unit.UnitTestAdapter" className="UnitTests.iCore.Common.Utilities.FilesystemWatcher.FileClientPollTests" name="MaxWaitTimeoutInSeconds_SetAndGet_ReturnsNewValue" />
    </UnitTest>
    <UnitTest name="SettleTimeInMilliSeconds_DefaultValue_DefaultIs0" storage="f:\etwork\bin\tests\unittests.icore.common.dll" id="4a212ec7-1acc-523a-f85e-bb6e29ba2cf4">
      <Execution id="1933b33f-d1ba-4a60-a78e-f35ecd1e4f81" />
      <TestMethod codeBase="F:\ETWork\bin\Tests\UnitTests.iCore.Common.dll" adapterTypeName="Microsoft.VisualStudio.TestTools.TestTypes.Unit.UnitTestAdapter" className="UnitTests.iCore.Common.Utilities.FilesystemWatcher.FileClientPollTests" name="SettleTimeInMilliSeconds_DefaultValue_DefaultIs0" />
    </UnitTest>
    <UnitTest name="SettleTimeInMilliSeconds_ReadTwice_ReturnsSameValue" storage="f:\etwork\bin\tests\unittests.icore.common.dll" id="a70a77f6-c521-700a-fa60-b2a7610780db">
      <Execution id="c212d7b5-1153-4afb-b093-a4c010068f25" />
      <TestMethod codeBase="F:\ETWork\bin\Tests\UnitTests.iCore.Common.dll" adapterTypeName="Microsoft.VisualStudio.TestTools.TestTypes.Unit.UnitTestAdapter" className="UnitTests.iCore.Common.Utilities.FilesystemWatcher.FileClientPollTests" name="SettleTimeInMilliSeconds_ReadTwice_ReturnsSameValue" />
    </UnitTest>
    <UnitTest name="SettleTimeInMilliSeconds_SetAndGet_ReturnsNewValue" storage="f:\etwork\bin\tests\unittests.icore.common.dll" id="7fa65d3b-5107-e790-5b0c-a9ccde4b8ad5">
      <Execution id="d48b5f21-4bd8-4598-8362-8debcbe16bae" />
      <TestMethod codeBase="F:\ETWork\bin\Tests\UnitTests.iCore.Common.dll" adapterTypeName="Microsoft.VisualStudio.TestTools.TestTypes.Unit.UnitTestAdapter" className="UnitTests.iCore.Common.Utilities.FilesystemWatcher.FileClientPollTests" name="SettleTimeInMilliSeconds_SetAndGet_ReturnsNewValue" />
    </UnitTest>
    <UnitTest name="SettleTimeInMilliSeconds_CorrectlyBeignSetInConstructor" storage="f:\etwork\bin\tests\unittests.icore.common.dll" id="bdce1a49-0eda-20b8-5ea1-9177edc0040a">
      <Execution id="6e3111e3-1c41-4dfd-8bc4-4920d9612428" />
      <TestMethod codeBase="F:\ETWork\bin\Tests\UnitTests.iCore.Common.dll" adapterTypeName="Microsoft.VisualStudio.TestTools.TestTypes.Unit.UnitTestAdapter" className="UnitTests.iCore.Common.Utilities.FilesystemWatcher.FileClientPollTests" name="SettleTimeInMilliSeconds_CorrectlyBeignSetInConstructor" />
    </UnitTest>
    <UnitTest name="BeginPoll_TimeOutTooBig_Throws" storage="f:\etwork\bin\tests\unittests.icore.common.dll" id="b598289a-31c4-8ab2-8cda-428b5a6a504c">
      <Execution id="6f83bd2d-47c0-44a9-87b5-6e713f1869b6" />
      <TestMethod codeBase="F:\ETWork\bin\Tests\UnitTests.iCore.Common.dll" adapterTypeName="Microsoft.VisualStudio.TestTools.TestTypes.Unit.UnitTestAdapter" className="UnitTests.iCore.Common.Utilities.FilesystemWatcher.FileClientPollTests" name="BeginPoll_TimeOutTooBig_Throws" />
    </UnitTest>
    <UnitTest name="BeginPoll_PollIntervalTooBig_Throws" storage="f:\etwork\bin\tests\unittests.icore.common.dll" id="27460ec1-6a68-b4b6-c49d-92f5215b33c9">
      <Execution id="e8408b83-9b74-4402-b439-d3ebd0738859" />
      <TestMethod codeBase="F:\ETWork\bin\Tests\UnitTests.iCore.Common.dll" adapterTypeName="Microsoft.VisualStudio.TestTools.TestTypes.Unit.UnitTestAdapter" className="UnitTests.iCore.Common.Utilities.FilesystemWatcher.FileClientPollTests" name="BeginPoll_PollIntervalTooBig_Throws" />
    </UnitTest>
    <UnitTest name="Constructor_Default_Success" storage="f:\etwork\bin\tests\unittests.icore.common.dll" id="60eff454-21c4-d060-a973-33a10fd821da">
      <Execution id="f7b0a3f1-b78e-4c85-8efb-2bff3dcc0d2a" />
      <TestMethod codeBase="F:\ETWork\bin\Tests\UnitTests.iCore.Common.dll" adapterTypeName="Microsoft.VisualStudio.TestTools.TestTypes.Unit.UnitTestAdapter" className="UnitTests.iCore.Common.Utilities.FilesystemWatcher.FileSystemClientTests" name="Constructor_Default_Success" />
    </UnitTest>
    <UnitTest name="GetFiles_NullArgument_Throws" storage="f:\etwork\bin\tests\unittests.icore.common.dll" id="d74953f1-8381-4ee5-e65e-e691ec84139f">
      <Execution id="a050292a-2103-42e4-9313-3ce1a06b0b60" />
      <TestMethod codeBase="F:\ETWork\bin\Tests\UnitTests.iCore.Common.dll" adapterTypeName="Microsoft.VisualStudio.TestTools.TestTypes.Unit.UnitTestAdapter" className="UnitTests.iCore.Common.Utilities.FilesystemWatcher.FileSystemClientTests" name="GetFiles_NullArgument_Throws" />
    </UnitTest>
    <UnitTest name="GetFiles_ValidArgument_ReturnsExpextedFile" storage="f:\etwork\bin\tests\unittests.icore.common.dll" id="8bb6eda1-51f3-e8c6-6ddd-691819800953">
      <Execution id="660bdf7f-0aa4-4e78-87cb-9a9757baba7e" />
      <TestMethod codeBase="F:\ETWork\bin\Tests\UnitTests.iCore.Common.dll" adapterTypeName="Microsoft.VisualStudio.TestTools.TestTypes.Unit.UnitTestAdapter" className="UnitTests.iCore.Common.Utilities.FilesystemWatcher.FileSystemClientTests" name="GetFiles_ValidArgument_ReturnsExpextedFile" />
    </UnitTest>
    <UnitTest name="GetFiles_ValidArgumentManyFiles_ReturnsExpectedFiles" storage="f:\etwork\bin\tests\unittests.icore.common.dll" id="691f238c-2b21-6a7e-f287-a10f420f694a">
      <Execution id="eece6257-1053-458a-81b0-df60645258f4" />
      <TestMethod codeBase="F:\ETWork\bin\Tests\UnitTests.iCore.Common.dll" adapterTypeName="Microsoft.VisualStudio.TestTools.TestTypes.Unit.UnitTestAdapter" className="UnitTests.iCore.Common.Utilities.FilesystemWatcher.FileSystemClientTests" name="GetFiles_ValidArgumentManyFiles_ReturnsExpectedFiles" />
    </UnitTest>
    <UnitTest name="GetFiles_ZeroRetriesAndGetFilesImplThrowsIOException_ThrowsIOException" storage="f:\etwork\bin\tests\unittests.icore.common.dll" id="b9d7aa16-2d1c-5aa8-9e98-8d1e66dd2e02">
      <Execution id="75143310-8d90-4531-85fe-a82079bb0e6f" />
      <TestMethod codeBase="F:\ETWork\bin\Tests\UnitTests.iCore.Common.dll" adapterTypeName="Microsoft.VisualStudio.TestTools.TestTypes.Unit.UnitTestAdapter" className="UnitTests.iCore.Common.Utilities.FilesystemWatcher.FileSystemClientTests" name="GetFiles_ZeroRetriesAndGetFilesImplThrowsIOException_ThrowsIOException" />
    </UnitTest>
    <UnitTest name="GetFiles_OneRetryAndGetFilesImplThrowsIOExceptionOnFirstInvoke_SleepsOnceAndReturnsExpectedFiles" storage="f:\etwork\bin\tests\unittests.icore.common.dll" id="7590e06b-36ca-ca63-e713-7fce49bf94a9">
      <Execution id="deb3bf25-44da-4b50-85f5-d79f7f867e43" />
      <TestMethod codeBase="F:\ETWork\bin\Tests\UnitTests.iCore.Common.dll" adapterTypeName="Microsoft.VisualStudio.TestTools.TestTypes.Unit.UnitTestAdapter" className="UnitTests.iCore.Common.Utilities.FilesystemWatcher.FileSystemClientTests" name="GetFiles_OneRetryAndGetFilesImplThrowsIOExceptionOnFirstInvoke_SleepsOnceAndReturnsExpectedFiles" />
    </UnitTest>
    <UnitTest name="GetFiles_ThreeRetryAndGetFilesImplThrowsIOException_SleepsThreeTimesAndThrows" storage="f:\etwork\bin\tests\unittests.icore.common.dll" id="cb17addf-b48d-5a80-262d-5631b9e4725d">
      <Execution id="edb549dd-7159-4c7b-98a0-43f3420ad1f0" />
      <TestMethod codeBase="F:\ETWork\bin\Tests\UnitTests.iCore.Common.dll" adapterTypeName="Microsoft.VisualStudio.TestTools.TestTypes.Unit.UnitTestAdapter" className="UnitTests.iCore.Common.Utilities.FilesystemWatcher.FileSystemClientTests" name="GetFiles_ThreeRetryAndGetFilesImplThrowsIOException_SleepsThreeTimesAndThrows" />
    </UnitTest>
    <UnitTest name="GetFiles_RetryPerformed_LogEventCreated" storage="f:\etwork\bin\tests\unittests.icore.common.dll" id="7f07863b-4df2-32cf-6376-b0509236a6d4">
      <Execution id="cb0420ea-6fbc-43d6-814f-199fddef7ecf" />
      <TestMethod codeBase="F:\ETWork\bin\Tests\UnitTests.iCore.Common.dll" adapterTypeName="Microsoft.VisualStudio.TestTools.TestTypes.Unit.UnitTestAdapter" className="UnitTests.iCore.Common.Utilities.FilesystemWatcher.FileSystemClientTests" name="GetFiles_RetryPerformed_LogEventCreated" />
    </UnitTest>
    <UnitTest name="GetFiles_OneRetryAndGetFilesImplThrowsNonIOException_SleepsNotAndThrows" storage="f:\etwork\bin\tests\unittests.icore.common.dll" id="0e1daf73-2fb0-5f6f-6498-1c254ed49c00">
      <Execution id="7c7b83cb-786f-4c15-96e7-8ab9408d353f" />
      <TestMethod codeBase="F:\ETWork\bin\Tests\UnitTests.iCore.Common.dll" adapterTypeName="Microsoft.VisualStudio.TestTools.TestTypes.Unit.UnitTestAdapter" className="UnitTests.iCore.Common.Utilities.FilesystemWatcher.FileSystemClientTests" name="GetFiles_OneRetryAndGetFilesImplThrowsNonIOException_SleepsNotAndThrows" />
    </UnitTest>
    <UnitTest name="GetFiles_FileDeletedBetweenListedAndExamined_FileNotInResult" storage="f:\etwork\bin\tests\unittests.icore.common.dll" id="73481815-f5b9-7d6d-2c43-1a8d026e50af">
      <Execution id="8d939e0d-9fd8-4f37-861f-869703f52e90" />
      <TestMethod codeBase="F:\ETWork\bin\Tests\UnitTests.iCore.Common.dll" adapterTypeName="Microsoft.VisualStudio.TestTools.TestTypes.Unit.UnitTestAdapter" className="UnitTests.iCore.Common.Utilities.FilesystemWatcher.FileSystemClientTests" name="GetFiles_FileDeletedBetweenListedAndExamined_FileNotInResult" />
    </UnitTest>
    <UnitTest name="GetFiles_DirectoryIsEmpty_ReturnsEmptyList" storage="f:\etwork\bin\tests\unittests.icore.common.dll" id="43cdf980-33c7-9350-7fb6-3755c9f5993b">
      <Execution id="55bfd8d4-799b-49b3-85a6-6d5d1a794ea6" />
      <TestMethod codeBase="F:\ETWork\bin\Tests\UnitTests.iCore.Common.dll" adapterTypeName="Microsoft.VisualStudio.TestTools.TestTypes.Unit.UnitTestAdapter" className="UnitTests.iCore.Common.Utilities.FilesystemWatcher.FileSystemClientTests" name="GetFiles_DirectoryIsEmpty_ReturnsEmptyList" />
    </UnitTest>
    <UnitTest name="GetFiles_RecursiveInSearchCriteria_InvokesImplementationWithCorrectArgument" storage="f:\etwork\bin\tests\unittests.icore.common.dll" id="84d11edd-b7d5-c213-deb2-abd634e53e64">
      <Execution id="856a5a90-258b-4d4b-9d86-e54dbd51a0bb" />
      <TestMethod codeBase="F:\ETWork\bin\Tests\UnitTests.iCore.Common.dll" adapterTypeName="Microsoft.VisualStudio.TestTools.TestTypes.Unit.UnitTestAdapter" className="UnitTests.iCore.Common.Utilities.FilesystemWatcher.FileSystemClientTests" name="GetFiles_RecursiveInSearchCriteria_InvokesImplementationWithCorrectArgument" />
    </UnitTest>
    <UnitTest name="GetFiles_RegexInSearchCriteria_ReturnsCorrectFiles" storage="f:\etwork\bin\tests\unittests.icore.common.dll" id="7eec8a33-373c-88fd-d447-37726216f618">
      <Execution id="e10a46a1-d811-4ea4-9c04-0c0e967d7291" />
      <TestMethod codeBase="F:\ETWork\bin\Tests\UnitTests.iCore.Common.dll" adapterTypeName="Microsoft.VisualStudio.TestTools.TestTypes.Unit.UnitTestAdapter" className="UnitTests.iCore.Common.Utilities.FilesystemWatcher.FileSystemClientTests" name="GetFiles_RegexInSearchCriteria_ReturnsCorrectFiles" />
    </UnitTest>
    <UnitTest name="GetFiles_CancelledAfterFirstTry_CancelledBeforeRetry" storage="f:\etwork\bin\tests\unittests.icore.common.dll" id="9bfdbf77-7344-839a-75cb-8433ba01bb36">
      <Execution id="37531cc0-771f-4634-a99f-3ad89d559ef4" />
      <TestMethod codeBase="F:\ETWork\bin\Tests\UnitTests.iCore.Common.dll" adapterTypeName="Microsoft.VisualStudio.TestTools.TestTypes.Unit.UnitTestAdapter" className="UnitTests.iCore.Common.Utilities.FilesystemWatcher.FileSystemClientTests" name="GetFiles_CancelledAfterFirstTry_CancelledBeforeRetry" />
    </UnitTest>
    <UnitTest name="Constructor_CountIsZero" storage="f:\etwork\bin\tests\unittests.icore.common.dll" id="e2f86e29-650c-68d1-fd41-ad42e05bc12c">
      <Execution id="b303e31f-9d73-4230-8580-f9138bb040ee" />
      <TestMethod codeBase="F:\ETWork\bin\Tests\UnitTests.iCore.Common.dll" adapterTypeName="Microsoft.VisualStudio.TestTools.TestTypes.Unit.UnitTestAdapter" className="UnitTests.iCore.Common.Collections.PriorityQueueTests" name="Constructor_CountIsZero" />
    </UnitTest>
    <UnitTest name="Enqueue_ValidValue_CountIsIncremented" storage="f:\etwork\bin\tests\unittests.icore.common.dll" id="e94d8a0b-f551-d20b-dbc0-bab71c3fc774">
      <Execution id="c3b09490-3c20-468b-8b83-88cddfb09334" />
      <TestMethod codeBase="F:\ETWork\bin\Tests\UnitTests.iCore.Common.dll" adapterTypeName="Microsoft.VisualStudio.TestTools.TestTypes.Unit.UnitTestAdapter" className="UnitTests.iCore.Common.Collections.PriorityQueueTests" name="Enqueue_ValidValue_CountIsIncremented" />
    </UnitTest>
    <UnitTest name="Enqueue_ValidValue_SequenceContainsQueuedItem" storage="f:\etwork\bin\tests\unittests.icore.common.dll" id="1672994c-8446-948a-7426-3eda7726a27b">
      <Execution id="b69e976d-567b-495b-82a7-0a75a4428feb" />
      <TestMethod codeBase="F:\ETWork\bin\Tests\UnitTests.iCore.Common.dll" adapterTypeName="Microsoft.VisualStudio.TestTools.TestTypes.Unit.UnitTestAdapter" className="UnitTests.iCore.Common.Collections.PriorityQueueTests" name="Enqueue_ValidValue_SequenceContainsQueuedItem" />
    </UnitTest>
    <UnitTest name="Dequeue_NonEmptyQueue_ReturnsItemWithHighestPriority" storage="f:\etwork\bin\tests\unittests.icore.common.dll" id="3476aba9-b1f0-7721-b00e-a8a67d5894c9">
      <Execution id="8488801c-d34d-477a-981b-2b0b5628f52d" />
      <TestMethod codeBase="F:\ETWork\bin\Tests\UnitTests.iCore.Common.dll" adapterTypeName="Microsoft.VisualStudio.TestTools.TestTypes.Unit.UnitTestAdapter" className="UnitTests.iCore.Common.Collections.PriorityQueueTests" name="Dequeue_NonEmptyQueue_ReturnsItemWithHighestPriority" />
    </UnitTest>
    <UnitTest name="Peek_NonEmptyQueue_ReturnsItemWithHighestPriority" storage="f:\etwork\bin\tests\unittests.icore.common.dll" id="19444624-8d13-f972-827b-ec6493195b52">
      <Execution id="887ce5a7-b55e-40e3-81a1-02a1be3424e0" />
      <TestMethod codeBase="F:\ETWork\bin\Tests\UnitTests.iCore.Common.dll" adapterTypeName="Microsoft.VisualStudio.TestTools.TestTypes.Unit.UnitTestAdapter" className="UnitTests.iCore.Common.Collections.PriorityQueueTests" name="Peek_NonEmptyQueue_ReturnsItemWithHighestPriority" />
    </UnitTest>
    <UnitTest name="Dequeue_EmptyQueue_ThrowsInvalidOperationException" storage="f:\etwork\bin\tests\unittests.icore.common.dll" id="cc2fe645-c66c-e85e-4418-aedd41945b82">
      <Execution id="8515dea1-fabe-4efc-8c3f-768badfef4ff" />
      <TestMethod codeBase="F:\ETWork\bin\Tests\UnitTests.iCore.Common.dll" adapterTypeName="Microsoft.VisualStudio.TestTools.TestTypes.Unit.UnitTestAdapter" className="UnitTests.iCore.Common.Collections.PriorityQueueTests" name="Dequeue_EmptyQueue_ThrowsInvalidOperationException" />
    </UnitTest>
    <UnitTest name="Dequeue_NonEmptyQueue_RemovesItemWithHighestPriority" storage="f:\etwork\bin\tests\unittests.icore.common.dll" id="a1de4eed-21b1-a9b8-6ef0-e48e6da9a5c5">
      <Execution id="7d6c9d5e-a637-4dd5-8279-f6bafc2c6b14" />
      <TestMethod codeBase="F:\ETWork\bin\Tests\UnitTests.iCore.Common.dll" adapterTypeName="Microsoft.VisualStudio.TestTools.TestTypes.Unit.UnitTestAdapter" className="UnitTests.iCore.Common.Collections.PriorityQueueTests" name="Dequeue_NonEmptyQueue_RemovesItemWithHighestPriority" />
    </UnitTest>
    <UnitTest name="Dequeue_NonEmptyQueueWithCustomComparer_RemovesItemWithHighestPriority" storage="f:\etwork\bin\tests\unittests.icore.common.dll" id="ee10a2d1-f7e0-7ab0-155d-697880e402cf">
      <Execution id="08faede0-964f-49f3-a278-94597be5deae" />
      <TestMethod codeBase="F:\ETWork\bin\Tests\UnitTests.iCore.Common.dll" adapterTypeName="Microsoft.VisualStudio.TestTools.TestTypes.Unit.UnitTestAdapter" className="UnitTests.iCore.Common.Collections.PriorityQueueTests" name="Dequeue_NonEmptyQueueWithCustomComparer_RemovesItemWithHighestPriority" />
    </UnitTest>
    <UnitTest name="Remove_ExistingItem_RemovesTheItemFromTheQueue" storage="f:\etwork\bin\tests\unittests.icore.common.dll" id="f3949ecc-fccb-3ced-426a-f55ab4ea9674">
      <Execution id="95604409-a6a2-4baa-9dff-c7adc6503a32" />
      <TestMethod codeBase="F:\ETWork\bin\Tests\UnitTests.iCore.Common.dll" adapterTypeName="Microsoft.VisualStudio.TestTools.TestTypes.Unit.UnitTestAdapter" className="UnitTests.iCore.Common.Collections.PriorityQueueTests" name="Remove_ExistingItem_RemovesTheItemFromTheQueue" />
    </UnitTest>
    <UnitTest name="Remove_ExistingItemAndSpecificComparer_RemovesTheItemFromTheQueue" storage="f:\etwork\bin\tests\unittests.icore.common.dll" id="c6962444-181a-f71b-c905-e6c10a5c675e">
      <Execution id="4adcfe74-d479-4c84-98ef-4341b08e1409" />
      <TestMethod codeBase="F:\ETWork\bin\Tests\UnitTests.iCore.Common.dll" adapterTypeName="Microsoft.VisualStudio.TestTools.TestTypes.Unit.UnitTestAdapter" className="UnitTests.iCore.Common.Collections.PriorityQueueTests" name="Remove_ExistingItemAndSpecificComparer_RemovesTheItemFromTheQueue" />
    </UnitTest>
  </TestDefinitions>
  <TestEntries>
    <TestEntry testId="3772e903-f3d6-b3cb-5be6-9b42200493d6" executionId="d15d1b6d-01ec-449a-a749-834fb13e9c86" testListId="8c84fa94-04c1-424b-9868-57a2d4851a1d" />
    <TestEntry testId="838bca0c-149b-69ce-0877-595502987a44" executionId="5abbae7f-9b60-4cf0-84cd-266d6f41475f" testListId="8c84fa94-04c1-424b-9868-57a2d4851a1d" />
    <TestEntry testId="388492bb-036a-ac6a-45b5-5659775bb922" executionId="a76adf8b-750c-4f2b-b8ec-4375638ebea3" testListId="8c84fa94-04c1-424b-9868-57a2d4851a1d" />
    <TestEntry testId="da9060ea-5434-07be-b0e5-012606175887" executionId="e89b9508-2051-4d90-8902-10fa61b85e6c" testListId="8c84fa94-04c1-424b-9868-57a2d4851a1d" />
    <TestEntry testId="c3b14c07-7c43-2c92-00e0-fdab0fdedac1" executionId="21334efe-c4e0-419d-b5fe-4fba9b1c7505" testListId="8c84fa94-04c1-424b-9868-57a2d4851a1d" />
    <TestEntry testId="5b2f26e2-6cce-cfc3-0483-7c839e4bc7fc" executionId="af4d340a-6054-4cf7-b108-5619a381691a" testListId="8c84fa94-04c1-424b-9868-57a2d4851a1d" />
    <TestEntry testId="087f815a-c0ba-d8a0-804f-64e397c5e7fa" executionId="82618c89-54a2-4ff6-9eb5-88ea2ff1a898" testListId="8c84fa94-04c1-424b-9868-57a2d4851a1d" />
    <TestEntry testId="e942b7af-a85d-750e-d8bb-35db730f2d37" executionId="cce28561-37f1-4191-a73b-ec6caf91aa68" testListId="8c84fa94-04c1-424b-9868-57a2d4851a1d" />
    <TestEntry testId="18b3ab7b-20d5-ca08-0fb7-618ab37fe798" executionId="fd211661-5dfc-4cde-8cf9-4386d6df7945" testListId="8c84fa94-04c1-424b-9868-57a2d4851a1d" />
    <TestEntry testId="79e29642-28be-4a14-9463-efd9034ee9a9" executionId="c1fa71f7-8f73-46a2-9ca2-f9f6fbcce3b9" testListId="8c84fa94-04c1-424b-9868-57a2d4851a1d" />
    <TestEntry testId="1a10b903-0598-7142-0b33-6cbe6b5d906a" executionId="db5f051a-7999-4f0a-8d3d-e1bd19d87122" testListId="8c84fa94-04c1-424b-9868-57a2d4851a1d" />
    <TestEntry testId="19ada5d2-3132-647d-5689-95ffbeef970d" executionId="3bf40a7e-42e8-4551-b4d3-790d84a955b1" testListId="8c84fa94-04c1-424b-9868-57a2d4851a1d" />
    <TestEntry testId="520aa612-d686-01b5-c1ba-d837c5cdd33d" executionId="7a3a609f-0b37-4af3-88d0-20c472ea7f0e" testListId="8c84fa94-04c1-424b-9868-57a2d4851a1d" />
    <TestEntry testId="0b8c0782-f46f-f152-d392-3964fbecf1c5" executionId="fbea8ae9-7f15-447b-8269-981f4aa0379e" testListId="8c84fa94-04c1-424b-9868-57a2d4851a1d" />
    <TestEntry testId="63518bdb-31c7-514a-1e38-823970cc2c3d" executionId="6b1b9c17-8563-4e10-9270-daf97c5b9d2e" testListId="8c84fa94-04c1-424b-9868-57a2d4851a1d" />
    <TestEntry testId="bf86be2a-20b8-05c5-1f71-c13c5f36a71d" executionId="75fd47a6-64b0-463f-84a4-cad93a911788" testListId="8c84fa94-04c1-424b-9868-57a2d4851a1d" />
    <TestEntry testId="b5788398-659b-8931-2a19-38838d83577f" executionId="6b19f652-2bf6-4dc7-9af9-fdb6513e99fb" testListId="8c84fa94-04c1-424b-9868-57a2d4851a1d" />
    <TestEntry testId="35cc3ac5-70e6-fb40-a164-867d7790ea24" executionId="95a3843c-a41d-4545-9a82-b860178804ac" testListId="8c84fa94-04c1-424b-9868-57a2d4851a1d" />
    <TestEntry testId="43c8ff4c-58a3-360c-4742-acbf2b48854a" executionId="c71dbac4-c02b-4f45-b780-3ba345e84e1d" testListId="8c84fa94-04c1-424b-9868-57a2d4851a1d" />
    <TestEntry testId="309fdead-5106-5ed1-ab4c-844e95471767" executionId="4c7ddd14-28ca-488e-9909-6f6a0d96b965" testListId="8c84fa94-04c1-424b-9868-57a2d4851a1d" />
    <TestEntry testId="3f98af05-665c-02ef-9965-0eaf705ae76e" executionId="6a32f649-3e7e-4fa4-a914-f3ebd985f3d4" testListId="8c84fa94-04c1-424b-9868-57a2d4851a1d" />
    <TestEntry testId="9d5f811e-8e13-f7c0-30e4-cc76aed208f8" executionId="03f39856-53fc-4500-b4e4-2032dbdcd7f1" testListId="8c84fa94-04c1-424b-9868-57a2d4851a1d" />
    <TestEntry testId="e5cd8dc6-655d-fe37-736e-fed37be3fad2" executionId="b08590cf-2bec-469d-93aa-72b934475046" testListId="8c84fa94-04c1-424b-9868-57a2d4851a1d" />
    <TestEntry testId="2cdf81c2-2ea8-b6ed-8756-84f4b3f8bd8b" executionId="b736b1c5-4400-4e8b-9f62-ea9cb229247c" testListId="8c84fa94-04c1-424b-9868-57a2d4851a1d" />
    <TestEntry testId="03d06537-739c-9358-6469-e7a7b91209ab" executionId="fa52c2d6-cabf-402d-aa2f-a8fb3e43cee8" testListId="8c84fa94-04c1-424b-9868-57a2d4851a1d" />
    <TestEntry testId="fb7e9df5-9933-ce14-5e0d-f8269828e248" executionId="8b667e32-bb51-4c9a-863b-43afeb34dac7" testListId="8c84fa94-04c1-424b-9868-57a2d4851a1d" />
    <TestEntry testId="94c82352-7133-b174-91e9-5f43ff01c9f9" executionId="9f00881c-36dc-4ebc-9351-1607acf395d8" testListId="8c84fa94-04c1-424b-9868-57a2d4851a1d" />
    <TestEntry testId="c4fa1c76-6182-4953-ad94-ad1eee8dd58d" executionId="d014454f-6f1d-4ad4-a0e0-a75c9e2570b0" testListId="8c84fa94-04c1-424b-9868-57a2d4851a1d" />
    <TestEntry testId="210c2965-f887-c555-5d84-dd6a17626d98" executionId="6d91000c-c158-4dff-8c19-2ac3984ff307" testListId="8c84fa94-04c1-424b-9868-57a2d4851a1d" />
    <TestEntry testId="5576c38e-8650-b7ae-0655-05d2233fa589" executionId="f1f45a8d-119e-4c03-a980-e929525b9c40" testListId="8c84fa94-04c1-424b-9868-57a2d4851a1d" />
    <TestEntry testId="9b426732-b4e1-d5bc-99dc-c2352f330e72" executionId="8112f1e3-21aa-4fd3-843f-245c9d94851e" testListId="8c84fa94-04c1-424b-9868-57a2d4851a1d" />
    <TestEntry testId="bb272a44-a04b-23a6-7e1c-b02c33cd977c" executionId="c49e8c57-40ef-44f8-9d10-3f1b2e30ab09" testListId="8c84fa94-04c1-424b-9868-57a2d4851a1d" />
    <TestEntry testId="51c05d2b-aa2d-e4bb-1ea9-7e39cfc76730" executionId="11081077-42d9-45fd-9ebc-687854ad74ea" testListId="8c84fa94-04c1-424b-9868-57a2d4851a1d" />
    <TestEntry testId="63ca1df5-b500-ca00-4c59-e35b75bf0dac" executionId="0e865c9e-85fd-4600-9e4c-7d90c6a62f20" testListId="8c84fa94-04c1-424b-9868-57a2d4851a1d" />
    <TestEntry testId="72a0ce69-4d0b-fda5-e562-b87b7b2e51b6" executionId="8727c786-f2f3-4ccd-934b-fa5e8cf6e3f3" testListId="8c84fa94-04c1-424b-9868-57a2d4851a1d" />
    <TestEntry testId="c4903f4c-1181-1a6d-8227-10fa25a6dacd" executionId="778fe069-75cc-4f0e-a61c-c4a0f1b91d92" testListId="8c84fa94-04c1-424b-9868-57a2d4851a1d" />
    <TestEntry testId="e64385fb-9314-4627-10e3-b7ab602a0bf7" executionId="a699f296-e87f-417e-aaa0-18c0e52c8932" testListId="8c84fa94-04c1-424b-9868-57a2d4851a1d" />
    <TestEntry testId="4e88c2e1-b581-92c8-103c-6badd66e2049" executionId="361a9c69-c4de-4da7-969d-5afd47cb3ac0" testListId="8c84fa94-04c1-424b-9868-57a2d4851a1d" />
    <TestEntry testId="1848fa38-d493-ca8f-9824-da6b80f8c510" executionId="e779acb9-235c-4434-a530-cb543aa03ee8" testListId="8c84fa94-04c1-424b-9868-57a2d4851a1d" />
    <TestEntry testId="7f1911af-3a00-6c2c-3b40-49e29cde7efd" executionId="1e12fb95-c6da-4955-88ef-aa3eaa851a21" testListId="8c84fa94-04c1-424b-9868-57a2d4851a1d" />
    <TestEntry testId="def35367-12e0-b268-37fb-fbb8b200ca08" executionId="9e14b87f-d609-4305-9b31-bfe27a154163" testListId="8c84fa94-04c1-424b-9868-57a2d4851a1d" />
    <TestEntry testId="e5186b8b-4772-0be6-0545-88d0cf719b94" executionId="08b52859-b6fe-4976-972b-fb846968ad02" testListId="8c84fa94-04c1-424b-9868-57a2d4851a1d" />
    <TestEntry testId="a1833b70-0903-4fbb-6619-1d2b5d072bc6" executionId="90fd8a96-350a-4561-8ae6-6153b203eff3" testListId="8c84fa94-04c1-424b-9868-57a2d4851a1d" />
    <TestEntry testId="5051b7fc-f45e-8fd9-d003-9ca8c6e36eae" executionId="6a4b349a-2daf-47d4-a349-974996810c63" testListId="8c84fa94-04c1-424b-9868-57a2d4851a1d" />
    <TestEntry testId="cd773cbc-390b-20fb-d9db-27b8c52d9730" executionId="51b3443b-afbb-4238-9800-283d8f5a3472" testListId="8c84fa94-04c1-424b-9868-57a2d4851a1d" />
    <TestEntry testId="c524b354-3020-0a36-e836-914778984b04" executionId="6e9b917b-4d3a-46b1-ac4d-4a05aec5a6dc" testListId="8c84fa94-04c1-424b-9868-57a2d4851a1d" />
    <TestEntry testId="357a783d-2591-703b-9e6a-23cc989f57ab" executionId="928600ae-2b55-4682-af0d-e6fff21e879c" testListId="8c84fa94-04c1-424b-9868-57a2d4851a1d" />
    <TestEntry testId="348305b4-4a93-00f4-90d1-0c5b438a5c4b" executionId="5ecb0270-a8aa-4476-8c17-19a37f286669" testListId="8c84fa94-04c1-424b-9868-57a2d4851a1d" />
    <TestEntry testId="ae3845ac-f01a-53de-eb31-331f2be16ce5" executionId="9265f231-1319-427a-bab4-2165f2b58198" testListId="8c84fa94-04c1-424b-9868-57a2d4851a1d" />
    <TestEntry testId="293713cf-8b44-fa61-28f2-3f3b625cc134" executionId="d596278a-a203-489c-b669-9336013074a2" testListId="8c84fa94-04c1-424b-9868-57a2d4851a1d" />
    <TestEntry testId="cf3ffc82-1472-5fd7-bb27-624c3a9f05cb" executionId="fdca8231-a7ec-4dae-861b-d90af0c3a02a" testListId="8c84fa94-04c1-424b-9868-57a2d4851a1d" />
    <TestEntry testId="5c782b39-04c6-335a-7af3-8716a66b8523" executionId="664628e4-65d8-4be5-af15-ec40dc16cd6b" testListId="8c84fa94-04c1-424b-9868-57a2d4851a1d" />
    <TestEntry testId="bd33cdab-2009-cd16-2ce6-12417d5b89b7" executionId="3bb9b8e5-4750-4796-aab3-fc24e330cd64" testListId="8c84fa94-04c1-424b-9868-57a2d4851a1d" />
    <TestEntry testId="7044fdef-bd18-4a04-7f1c-35be4c862268" executionId="730f9c68-2eeb-4713-9e85-ed15ade53d80" testListId="8c84fa94-04c1-424b-9868-57a2d4851a1d" />
    <TestEntry testId="c3c63776-3706-bdef-a30f-ad2d9d82155a" executionId="794db6e4-4a90-44ac-ad33-dd7f07e5910d" testListId="8c84fa94-04c1-424b-9868-57a2d4851a1d" />
    <TestEntry testId="b02c9960-6e87-2898-0e7d-07a1cd3ea5b8" executionId="9f9fe36f-2965-4d34-8059-1ee7db95d955" testListId="8c84fa94-04c1-424b-9868-57a2d4851a1d" />
    <TestEntry testId="a37cb65b-1a96-5bb1-713b-44638b52a7cc" executionId="60845f7e-de15-4581-ba57-a2a71f3cb7a9" testListId="8c84fa94-04c1-424b-9868-57a2d4851a1d" />
    <TestEntry testId="5e43fafe-21d4-b2e2-8007-430bfdf3e33e" executionId="e5caa7c5-e085-4228-a19e-3390e33dfdf3" testListId="8c84fa94-04c1-424b-9868-57a2d4851a1d" />
    <TestEntry testId="66389ea6-29e9-e053-15a1-5dde71e38f38" executionId="919aba86-a9ae-4cbe-97d1-48327217ee86" testListId="8c84fa94-04c1-424b-9868-57a2d4851a1d" />
    <TestEntry testId="9b9e7d6d-da57-1c62-741d-ff0e3144d29d" executionId="dec73d54-4ffb-44f3-aead-ee31f058af63" testListId="8c84fa94-04c1-424b-9868-57a2d4851a1d" />
    <TestEntry testId="d82e002c-d25c-c5b4-c2e3-e7420c60c547" executionId="dd07d8d1-2039-4266-90f8-67d59254004f" testListId="8c84fa94-04c1-424b-9868-57a2d4851a1d" />
    <TestEntry testId="b1f94884-8b3f-2e6e-2585-59b082eda87c" executionId="4bf480cf-b7ee-45f9-8825-7f7a874c1795" testListId="8c84fa94-04c1-424b-9868-57a2d4851a1d" />
    <TestEntry testId="3524134e-d5c0-4221-f27d-4be9ad798c0d" executionId="8d7d1136-3d5b-474d-baf6-fb6aa176c6a7" testListId="8c84fa94-04c1-424b-9868-57a2d4851a1d" />
    <TestEntry testId="f306f413-be37-0de3-39ca-bd5f58bf3671" executionId="58c5cbfd-d5c9-4b7e-bff1-901afa690f86" testListId="8c84fa94-04c1-424b-9868-57a2d4851a1d" />
    <TestEntry testId="9e5b832b-f93c-c6c7-71fd-95ff31a2617b" executionId="ec6c73ea-4c23-48f9-b66f-26d7862574c6" testListId="8c84fa94-04c1-424b-9868-57a2d4851a1d" />
    <TestEntry testId="57098eb8-30b8-488b-4008-d0782262ca6e" executionId="167b8ee5-a867-4454-a6a9-b39ceccd6b86" testListId="8c84fa94-04c1-424b-9868-57a2d4851a1d" />
    <TestEntry testId="2132a45e-f7e9-377f-cc76-09850c1293a3" executionId="46925ef6-be76-4a3f-b318-f24d7e608ba1" testListId="8c84fa94-04c1-424b-9868-57a2d4851a1d" />
    <TestEntry testId="a139e32b-bb08-29a0-6100-0ac1294437f6" executionId="b467f565-34e8-4eb2-9269-7c3d919688fd" testListId="8c84fa94-04c1-424b-9868-57a2d4851a1d" />
    <TestEntry testId="c5c16005-dfe0-ce25-821f-83576c403f1b" executionId="90762f14-1f80-454c-b4a8-21b35fdbf174" testListId="8c84fa94-04c1-424b-9868-57a2d4851a1d" />
    <TestEntry testId="704b5f99-97bc-8bcd-1bad-d5ee5da063fd" executionId="5b58b0ff-9fe2-4bfd-a8ef-c244bb85de7d" testListId="8c84fa94-04c1-424b-9868-57a2d4851a1d" />
    <TestEntry testId="1a537d4a-65a3-2316-d608-7d6de63248f2" executionId="e4347f24-9377-4cbb-8465-0f02d073b116" testListId="8c84fa94-04c1-424b-9868-57a2d4851a1d" />
    <TestEntry testId="22676257-8586-099f-26d7-eda62e545e6b" executionId="c441243a-88b2-4a68-b23e-95e7160790a1" testListId="8c84fa94-04c1-424b-9868-57a2d4851a1d" />
    <TestEntry testId="4408e608-c43f-fa54-c838-9a164870f71f" executionId="63ebf394-06fa-4070-bb4d-0699b1774af7" testListId="8c84fa94-04c1-424b-9868-57a2d4851a1d" />
    <TestEntry testId="e414bda4-c775-d4f0-b93a-0ae6161a3543" executionId="4462bd51-2b29-44fc-bf82-21d2a711472d" testListId="8c84fa94-04c1-424b-9868-57a2d4851a1d" />
    <TestEntry testId="34ac57ee-102a-2cff-90f8-dc836265d823" executionId="6b21d944-e19a-41dc-8305-83559ab176a6" testListId="8c84fa94-04c1-424b-9868-57a2d4851a1d" />
    <TestEntry testId="0ccb8e61-91cc-3b74-b7ee-a199eae0e2c8" executionId="b8e83b49-0d2b-43f8-a1a0-d2f837e2ab70" testListId="8c84fa94-04c1-424b-9868-57a2d4851a1d" />
    <TestEntry testId="838550a9-9df7-2ddc-8b72-59a68ea818be" executionId="db515c85-bb72-447f-9d77-e3bddbec6ef8" testListId="8c84fa94-04c1-424b-9868-57a2d4851a1d" />
    <TestEntry testId="784ed5a7-0bda-c7e3-6727-51506539b899" executionId="0ea6d45d-1e1d-41a8-bb82-cd7aabbfc603" testListId="8c84fa94-04c1-424b-9868-57a2d4851a1d" />
    <TestEntry testId="60845b78-8768-e7ef-0029-cde297a53cd2" executionId="c0a5942b-ff6d-4219-b52f-a93d512a1c8e" testListId="8c84fa94-04c1-424b-9868-57a2d4851a1d" />
    <TestEntry testId="95dadaaa-04c5-825e-98e5-266fd15361df" executionId="a2a844e1-c46e-42cb-9c48-4a81fd95d025" testListId="8c84fa94-04c1-424b-9868-57a2d4851a1d" />
    <TestEntry testId="4080c07f-bef7-4c7a-f553-08adde06e319" executionId="cd7a0442-a8a3-4b84-9782-f4d67feb0b69" testListId="8c84fa94-04c1-424b-9868-57a2d4851a1d" />
    <TestEntry testId="64591c8f-6104-de12-3b33-2ee48c30cc3a" executionId="e2c417ca-3e28-4b48-bf1e-506922b7dcb1" testListId="8c84fa94-04c1-424b-9868-57a2d4851a1d" />
    <TestEntry testId="d972630d-2122-0a20-8e4c-c0f30e791c0d" executionId="681c8aad-0fa5-443f-a1d5-f3551d99dff5" testListId="8c84fa94-04c1-424b-9868-57a2d4851a1d" />
    <TestEntry testId="ec7169bc-f284-26f8-5a83-c2cace403865" executionId="c86c561c-c96e-497e-8a8b-cdaeb1bd0608" testListId="8c84fa94-04c1-424b-9868-57a2d4851a1d" />
    <TestEntry testId="2951802f-8248-9ac6-6242-8130b7b1c4a8" executionId="1050dd6f-58e3-49e7-b85c-23b6f409ba18" testListId="8c84fa94-04c1-424b-9868-57a2d4851a1d" />
    <TestEntry testId="4cb5a92c-6050-800b-d775-6c18e1c18361" executionId="6b81d107-7ddd-4455-9205-9f4b68223f32" testListId="8c84fa94-04c1-424b-9868-57a2d4851a1d" />
    <TestEntry testId="b933a881-8c36-c538-8002-6e5144a4fd63" executionId="2e93731e-ca99-44a0-885c-e4f4c6b8a8c4" testListId="8c84fa94-04c1-424b-9868-57a2d4851a1d" />
    <TestEntry testId="caf0135c-3b19-a12d-fdd8-1cc649b5da8f" executionId="47901e80-0f37-4587-a12f-8f8240515202" testListId="8c84fa94-04c1-424b-9868-57a2d4851a1d" />
    <TestEntry testId="880edbfa-c44b-d7a6-b1ee-b557855b363a" executionId="e2f3d5ce-46d0-4699-b3ad-aad9a6015ce9" testListId="8c84fa94-04c1-424b-9868-57a2d4851a1d" />
    <TestEntry testId="5824c7ed-c1cd-304c-31d9-d4342965f356" executionId="d441b0d3-ae3f-4a60-8614-c3b8320f6992" testListId="8c84fa94-04c1-424b-9868-57a2d4851a1d" />
    <TestEntry testId="389aa43e-edc4-40b8-987f-7e067f05de67" executionId="12c5f9c0-5071-44bb-b787-0aa370912594" testListId="8c84fa94-04c1-424b-9868-57a2d4851a1d" />
    <TestEntry testId="e50d9812-a5dd-7278-5497-e1d83f49407a" executionId="cd3d1599-3f8c-4e52-8cc1-a1fb85237b91" testListId="8c84fa94-04c1-424b-9868-57a2d4851a1d" />
    <TestEntry testId="78419f03-9e05-eb55-59cc-822ce6a1f2a7" executionId="57421eb6-ed7a-4de6-bee5-b126d68926ed" testListId="8c84fa94-04c1-424b-9868-57a2d4851a1d" />
    <TestEntry testId="2bf48edb-aeee-b331-657b-5160fad3b848" executionId="a3ce911f-d3c5-4ee6-86db-58788bfd1428" testListId="8c84fa94-04c1-424b-9868-57a2d4851a1d" />
    <TestEntry testId="fd71484c-6a5b-412c-4bb5-900b0d0d1c34" executionId="b61c5d5e-595a-4f8a-b586-95e5def77640" testListId="8c84fa94-04c1-424b-9868-57a2d4851a1d" />
    <TestEntry testId="46eedb58-eb6a-1694-f495-d1f4227ea516" executionId="8becd18a-5721-4e89-9ada-2071d52490c2" testListId="8c84fa94-04c1-424b-9868-57a2d4851a1d" />
    <TestEntry testId="069008d5-aab7-b0ef-f729-1cf1dae6a23d" executionId="472a0d0a-0afc-46c8-b582-79bb0cceaddc" testListId="8c84fa94-04c1-424b-9868-57a2d4851a1d" />
    <TestEntry testId="84c9d5c7-12b7-c334-226f-5a0ccde788fa" executionId="9056d1dd-acfd-4eda-82c1-bf9b8f35f87f" testListId="8c84fa94-04c1-424b-9868-57a2d4851a1d" />
    <TestEntry testId="7a08bd8e-8560-3ce9-adf0-c221fb8e168b" executionId="91d44b8f-8312-46d2-990c-4f597b0ed3f7" testListId="8c84fa94-04c1-424b-9868-57a2d4851a1d" />
    <TestEntry testId="1435847f-823f-6ef8-7c1a-19f17cc59956" executionId="f3caa533-d453-46c2-8130-e3e3e62d1f87" testListId="8c84fa94-04c1-424b-9868-57a2d4851a1d" />
    <TestEntry testId="4b52899d-7bb8-3677-fac4-3a1561dcb6b2" executionId="9b3bfb39-b4c5-4477-ba8f-fd4a4d3875c6" testListId="8c84fa94-04c1-424b-9868-57a2d4851a1d" />
    <TestEntry testId="15e00175-d0cd-93cd-2024-bf5045e94764" executionId="22bfa41a-405e-499e-aa43-e5d98cd759db" testListId="8c84fa94-04c1-424b-9868-57a2d4851a1d" />
    <TestEntry testId="b36b87ca-9f0c-906f-a1a9-26ee7399e3f1" executionId="e92480cd-2168-4209-8157-5252eb259201" testListId="8c84fa94-04c1-424b-9868-57a2d4851a1d" />
    <TestEntry testId="84603da1-7e95-590a-57b5-4f5192a9fd7a" executionId="2a3b9b6d-ab42-4930-ac02-50a776451b94" testListId="8c84fa94-04c1-424b-9868-57a2d4851a1d" />
    <TestEntry testId="83af4d31-751d-22d8-2280-3d5c12fe52c4" executionId="71bbd15f-43f2-4209-8603-d8cc0904f107" testListId="8c84fa94-04c1-424b-9868-57a2d4851a1d" />
    <TestEntry testId="526efb7d-d730-24e3-a5f4-28ea26fce43a" executionId="0acce847-7e2b-4a5b-bbf4-f9b094e86e26" testListId="8c84fa94-04c1-424b-9868-57a2d4851a1d" />
    <TestEntry testId="b9608324-0088-eeaf-0431-ab4e73dee275" executionId="7659ccc5-6b6e-4f9b-b9bc-cc8e7b54bfa7" testListId="8c84fa94-04c1-424b-9868-57a2d4851a1d" />
    <TestEntry testId="3495b6e7-2d54-1bc3-bfe7-b46402148176" executionId="ae69bf35-0c0e-41d4-95f8-f889863aff40" testListId="8c84fa94-04c1-424b-9868-57a2d4851a1d" />
    <TestEntry testId="7bcb9c09-93d0-9d03-30aa-d9c8ad984e2b" executionId="9ea4192f-aadc-4d37-9c00-daa74c864b00" testListId="8c84fa94-04c1-424b-9868-57a2d4851a1d" />
    <TestEntry testId="f94d4178-cefd-300e-7c10-211fe8c489c6" executionId="3142d51c-237f-4bbb-9f15-e3e63bbd11b4" testListId="8c84fa94-04c1-424b-9868-57a2d4851a1d" />
    <TestEntry testId="e8530b89-c0ee-7c66-3c39-bd7a3e455fc4" executionId="1505eb89-2a98-448a-bdb0-2baa21979fd1" testListId="8c84fa94-04c1-424b-9868-57a2d4851a1d" />
    <TestEntry testId="1b5c4c2b-5871-ae79-5a00-24df841e8c0d" executionId="7df2da17-77b3-452e-b6ce-c01c643d4d4f" testListId="8c84fa94-04c1-424b-9868-57a2d4851a1d" />
    <TestEntry testId="d1f5d1db-ff53-38d9-eae5-44d154290dac" executionId="abf5db6a-2e18-40fa-b7b4-b678894551f0" testListId="8c84fa94-04c1-424b-9868-57a2d4851a1d" />
    <TestEntry testId="e65f163a-f4f4-20c9-2569-1b333b99680e" executionId="c5d351a5-0763-46a1-b1e0-8169724f62be" testListId="8c84fa94-04c1-424b-9868-57a2d4851a1d" />
    <TestEntry testId="cc8f3593-6685-3d37-3ce0-e6f1612412ad" executionId="cdb35c60-daec-4caa-9416-b21b0ffd9ff2" testListId="8c84fa94-04c1-424b-9868-57a2d4851a1d" />
    <TestEntry testId="e76fa711-fdc8-075a-340c-ee436046e992" executionId="683ac8d1-43eb-494c-bd05-b5ec0f96b01f" testListId="8c84fa94-04c1-424b-9868-57a2d4851a1d" />
    <TestEntry testId="0bf76b08-630d-ed64-a9f8-1cea7685f535" executionId="127c6e69-3297-4c2b-8de1-9552a50494d7" testListId="8c84fa94-04c1-424b-9868-57a2d4851a1d" />
    <TestEntry testId="9d85dc11-2db0-a8e0-e285-dcc702d832e7" executionId="2e509b49-037c-44a3-8b44-0ff711add874" testListId="8c84fa94-04c1-424b-9868-57a2d4851a1d" />
    <TestEntry testId="85822edc-e331-2ad5-69c1-82e86c74007f" executionId="89c3a9e2-3c7e-4a89-8ef7-a26bd4846cb4" testListId="8c84fa94-04c1-424b-9868-57a2d4851a1d" />
    <TestEntry testId="9c8ae88e-a69c-a81b-c640-9a2312fb42e1" executionId="a7f983e7-7be6-4dfa-be31-6347d55dc897" testListId="8c84fa94-04c1-424b-9868-57a2d4851a1d" />
    <TestEntry testId="faa2cc12-5fb6-f994-c961-f0be946ae0f6" executionId="b3d106f8-42d0-4bd7-9485-29719852bca8" testListId="8c84fa94-04c1-424b-9868-57a2d4851a1d" />
    <TestEntry testId="1b41061d-3e63-6db5-a4d2-3ac35c8fcfde" executionId="0f0a5701-1df4-4ede-b0c2-e43f087a2716" testListId="8c84fa94-04c1-424b-9868-57a2d4851a1d" />
    <TestEntry testId="240e76d7-39be-7095-454c-87231e702083" executionId="0b233265-8cf5-47b4-971c-d2a276f30d6f" testListId="8c84fa94-04c1-424b-9868-57a2d4851a1d" />
    <TestEntry testId="7cef866c-a935-f590-ad42-15782d160473" executionId="f8667e0f-a679-4d0a-8d31-ef114a1a5f32" testListId="8c84fa94-04c1-424b-9868-57a2d4851a1d" />
    <TestEntry testId="1f9e2a69-14b9-f0fe-1ad5-3bc2499de803" executionId="d68437e5-61d3-4d9d-8de6-b1df482c0613" testListId="8c84fa94-04c1-424b-9868-57a2d4851a1d" />
    <TestEntry testId="e630fafd-c94b-800b-d11b-9586f0c3960b" executionId="17484e6e-1ae3-49aa-84af-f2eea9d174ac" testListId="8c84fa94-04c1-424b-9868-57a2d4851a1d" />
    <TestEntry testId="9a5e1005-026a-6264-b03d-5cb80d7ee8c9" executionId="05cc3097-da92-4f11-a261-958584a0b23c" testListId="8c84fa94-04c1-424b-9868-57a2d4851a1d" />
    <TestEntry testId="d1104001-3c13-f293-95df-a3b40c1bb2ef" executionId="a48726df-7651-4e91-9872-ce130ab2c7c4" testListId="8c84fa94-04c1-424b-9868-57a2d4851a1d" />
    <TestEntry testId="0318a121-af86-cf5c-31b2-d9a104061c7a" executionId="b90bb172-8945-40f4-9af0-2d2139e5b778" testListId="8c84fa94-04c1-424b-9868-57a2d4851a1d" />
    <TestEntry testId="9f0a0293-773d-4c37-5026-a5314dea1e1d" executionId="973b4c03-841b-4670-a6a0-d35426dec58c" testListId="8c84fa94-04c1-424b-9868-57a2d4851a1d" />
    <TestEntry testId="b4e3d6e0-48c8-817f-2296-0c5e5b71fcbb" executionId="ffd9ea2e-d779-42a3-acdb-a783bdc5b32d" testListId="8c84fa94-04c1-424b-9868-57a2d4851a1d" />
    <TestEntry testId="40cd7ad5-4ce7-cbe2-0081-7ab1c65aefa6" executionId="a8e0d64b-eb93-4844-a7df-b9be0d7f2823" testListId="8c84fa94-04c1-424b-9868-57a2d4851a1d" />
    <TestEntry testId="abb1bc8c-4f32-656a-138d-4ec276797f1b" executionId="89a53551-7855-4cc3-8141-bc3a7c1403c6" testListId="8c84fa94-04c1-424b-9868-57a2d4851a1d" />
    <TestEntry testId="23fcb502-c10e-6fba-8873-386999411a9a" executionId="e073dca9-5700-4552-a8ae-cc2e47e9604b" testListId="8c84fa94-04c1-424b-9868-57a2d4851a1d" />
    <TestEntry testId="040985a2-14fb-ab1d-a185-1c76a32b7ee9" executionId="a9d63322-3c0e-45e1-bd1e-705bf576160d" testListId="8c84fa94-04c1-424b-9868-57a2d4851a1d" />
    <TestEntry testId="bd42c241-aa84-9507-7046-6a3dbd6f86f8" executionId="5c2e7d74-4118-419d-bce4-784825e3ac28" testListId="8c84fa94-04c1-424b-9868-57a2d4851a1d" />
    <TestEntry testId="f93081ed-3a63-96e4-b01d-cebef48aeae3" executionId="fe6bba83-5373-4f65-b86a-208735c201c4" testListId="8c84fa94-04c1-424b-9868-57a2d4851a1d" />
    <TestEntry testId="419f4662-71b3-9022-ccf6-246d066d4116" executionId="17c9c869-a1c0-4560-9aed-748d15dfe32c" testListId="8c84fa94-04c1-424b-9868-57a2d4851a1d" />
    <TestEntry testId="f4925ab0-c1c1-52bd-ae22-570461bf3ed7" executionId="58830d64-6f10-43d0-b409-7de0712cbb01" testListId="8c84fa94-04c1-424b-9868-57a2d4851a1d" />
    <TestEntry testId="b7ad9a40-ed22-e2a3-def3-f9da5931ebd6" executionId="702c8913-18fe-485a-9f81-4792a8a8272c" testListId="8c84fa94-04c1-424b-9868-57a2d4851a1d" />
    <TestEntry testId="25610b78-886c-a49e-cb3a-4957218d3077" executionId="ca28bb14-4e5d-40b2-8ef3-2354e933ad75" testListId="8c84fa94-04c1-424b-9868-57a2d4851a1d" />
    <TestEntry testId="7d781843-c0f9-b72f-c8a9-6d5009f84d77" executionId="59181a92-d23b-434a-8d51-8a47685eaaed" testListId="8c84fa94-04c1-424b-9868-57a2d4851a1d" />
    <TestEntry testId="ff5c70f6-e5fa-8b98-1880-bb0fb44d92f0" executionId="b80ec322-f0dc-4921-abe3-f3f46195777b" testListId="8c84fa94-04c1-424b-9868-57a2d4851a1d" />
    <TestEntry testId="2e826411-2a32-54b7-2798-eb1ece2538c7" executionId="ce66998c-88cb-4bd1-bc56-ddea4dc0331c" testListId="8c84fa94-04c1-424b-9868-57a2d4851a1d" />
    <TestEntry testId="f5862e4f-3dbf-5ab0-5c2d-f68c003cee50" executionId="f1911cdd-f72b-4be1-8266-7d1b47b7cfd7" testListId="8c84fa94-04c1-424b-9868-57a2d4851a1d" />
    <TestEntry testId="a802c093-b85f-787c-a14f-51fa9e21f3c2" executionId="5befbf76-12c4-4655-8b54-ab5877e535c1" testListId="8c84fa94-04c1-424b-9868-57a2d4851a1d" />
    <TestEntry testId="bf695ec5-cd17-495f-e52a-a9117a287c80" executionId="f06d27b5-b266-445e-a9a7-9084bbff77d0" testListId="8c84fa94-04c1-424b-9868-57a2d4851a1d" />
    <TestEntry testId="fe7ae685-7837-f2b6-7d7f-e2385e824e4a" executionId="4cdb2ea5-d5fd-4c9f-b914-eb87db24d739" testListId="8c84fa94-04c1-424b-9868-57a2d4851a1d" />
    <TestEntry testId="298dff39-5bca-2ba5-9de3-51c3f05ee4ec" executionId="609f2f1e-11d9-4ff7-be47-cbacc87cdd8e" testListId="8c84fa94-04c1-424b-9868-57a2d4851a1d" />
    <TestEntry testId="29d633e3-83d3-a6fb-c32b-f3f54c3d7068" executionId="7ebc9aaf-5b37-49b8-90b1-45d3e92b8b9a" testListId="8c84fa94-04c1-424b-9868-57a2d4851a1d" />
    <TestEntry testId="8919418d-f044-2bb7-9f8d-daf6a7c51b0d" executionId="3909bac5-a565-4b8c-800b-7944d666a0d6" testListId="8c84fa94-04c1-424b-9868-57a2d4851a1d" />
    <TestEntry testId="2bfbef2a-698f-77e1-7cf4-566e7f233ba1" executionId="ca842ff6-f0f1-4a9a-9548-11d7d3fa0e20" testListId="8c84fa94-04c1-424b-9868-57a2d4851a1d" />
    <TestEntry testId="110bbc3d-df26-610a-ad5e-6f57c422ed6e" executionId="ef285d42-36c2-4f5f-9174-692b2d9ee9ca" testListId="8c84fa94-04c1-424b-9868-57a2d4851a1d" />
    <TestEntry testId="74788af0-b90d-10a6-5bf8-95729a8b1e41" executionId="2f2126a8-b3cb-41d8-97f7-af6d15443da2" testListId="8c84fa94-04c1-424b-9868-57a2d4851a1d" />
    <TestEntry testId="0695f58d-71fb-041d-6097-6b55d2fbd737" executionId="1ffc16c8-2e5e-461a-b48c-c881b4197716" testListId="8c84fa94-04c1-424b-9868-57a2d4851a1d" />
    <TestEntry testId="a90030de-ebc1-2d19-e6d3-651ee4f12254" executionId="c52db944-7723-4f2a-8faf-9ee86e4bc390" testListId="8c84fa94-04c1-424b-9868-57a2d4851a1d" />
    <TestEntry testId="2d1e01d2-0583-5e20-94dd-6500ab3ea16a" executionId="af955da3-8d5c-4dc4-bc66-41081efb9472" testListId="8c84fa94-04c1-424b-9868-57a2d4851a1d" />
    <TestEntry testId="4ea144f7-25de-9a77-4b38-97f3610cbb20" executionId="6b96f742-bdca-4af0-a66f-6955e2c13eb4" testListId="8c84fa94-04c1-424b-9868-57a2d4851a1d" />
    <TestEntry testId="b5e05a1c-72f3-c360-ce1e-2a9036b82a88" executionId="b873cb47-4ffd-49ae-8c2e-c0fff07957d5" testListId="8c84fa94-04c1-424b-9868-57a2d4851a1d" />
    <TestEntry testId="24b5adfa-1ae3-cbbb-d2a3-00a4789e0d38" executionId="d41514ce-40dc-41b3-b93a-2b9535da415f" testListId="8c84fa94-04c1-424b-9868-57a2d4851a1d" />
    <TestEntry testId="7ead36ed-9b0e-83a2-d8ce-be55216ea41f" executionId="a27f6bf3-a9c8-4d63-b808-d8ca77d63f8e" testListId="8c84fa94-04c1-424b-9868-57a2d4851a1d" />
    <TestEntry testId="71384f83-73ed-be7b-d897-9d29a52fd52a" executionId="43a1eaef-30a2-46eb-953b-ea7a62f930af" testListId="8c84fa94-04c1-424b-9868-57a2d4851a1d" />
    <TestEntry testId="6cc7e340-2037-ba37-8818-7cd5f9e4ca00" executionId="8612f816-1b7e-45b3-855a-19762c56ecda" testListId="8c84fa94-04c1-424b-9868-57a2d4851a1d" />
    <TestEntry testId="405cc4bb-bdcb-fe40-97d4-492738dacfbe" executionId="112a604f-8f98-4d56-93fd-dcb15a05d2ca" testListId="8c84fa94-04c1-424b-9868-57a2d4851a1d" />
    <TestEntry testId="5149a4d0-826d-b491-8f23-0c021f67bbbd" executionId="6e53c10b-4622-463f-8203-7f7dac9668ea" testListId="8c84fa94-04c1-424b-9868-57a2d4851a1d" />
    <TestEntry testId="5307add8-cc29-e16f-aed7-9f883688d356" executionId="8f8db411-1518-4a86-a171-21c419f69356" testListId="8c84fa94-04c1-424b-9868-57a2d4851a1d" />
    <TestEntry testId="e6ccbd72-f68f-d68d-cede-f2a1d173deb6" executionId="e8bbd078-19bc-41bc-bfb6-0c434c657fcd" testListId="8c84fa94-04c1-424b-9868-57a2d4851a1d" />
    <TestEntry testId="5d7374f4-03a2-fae5-2f7a-caec4b789c23" executionId="b5bda573-4233-4766-8cf9-87f0ae735cb2" testListId="8c84fa94-04c1-424b-9868-57a2d4851a1d" />
    <TestEntry testId="92274bbb-7072-233a-14dd-c4c43940c3a0" executionId="7a0821f1-6cbe-489d-8f46-f3387a3106cb" testListId="8c84fa94-04c1-424b-9868-57a2d4851a1d" />
    <TestEntry testId="54362853-c931-379b-858e-80c8247e4f76" executionId="dda5b14a-a046-4b8c-adff-07839170a2c3" testListId="8c84fa94-04c1-424b-9868-57a2d4851a1d" />
    <TestEntry testId="8935351f-4e03-cb4f-443f-d0ae0bb1e885" executionId="d94bf957-5b4a-453e-bd64-332e32a68697" testListId="8c84fa94-04c1-424b-9868-57a2d4851a1d" />
    <TestEntry testId="a6f6feb5-22f3-f523-1686-40d4bd6f8211" executionId="07b04989-e9ed-4196-a271-dd39cdaa6cd9" testListId="8c84fa94-04c1-424b-9868-57a2d4851a1d" />
    <TestEntry testId="35be4e2f-6282-14b7-119c-be1d6ab1e7f4" executionId="5adb3802-208b-41b3-8a38-a41d7b21b24e" testListId="8c84fa94-04c1-424b-9868-57a2d4851a1d" />
    <TestEntry testId="8cfd6c93-c9e7-17ff-21c2-03e39641a8d1" executionId="e94cb879-d627-456f-8fd0-91e64f5cb74c" testListId="8c84fa94-04c1-424b-9868-57a2d4851a1d" />
    <TestEntry testId="3a8f3fd2-5962-8948-1b79-e839bc2051fb" executionId="93fd4c48-72da-4f16-a8dd-d59cbd12fbae" testListId="8c84fa94-04c1-424b-9868-57a2d4851a1d" />
    <TestEntry testId="3e748dea-a737-b584-fabc-71f7d932bd01" executionId="ec63d2b2-8863-4007-8e9d-b778ad929f00" testListId="8c84fa94-04c1-424b-9868-57a2d4851a1d" />
    <TestEntry testId="687b8eaf-8b46-94bd-0655-3ce2340cd5bd" executionId="2a673024-c667-460d-8c91-a7972dd4c164" testListId="8c84fa94-04c1-424b-9868-57a2d4851a1d" />
    <TestEntry testId="88ea4b4b-2e1b-3535-597d-422b62d7fb81" executionId="1d97f7fa-d347-4f4e-80b4-661734911b86" testListId="8c84fa94-04c1-424b-9868-57a2d4851a1d" />
    <TestEntry testId="c8698dd8-56a2-86c8-23c8-cd40a865f803" executionId="2b12aca1-7721-4351-87e1-601c0f577729" testListId="8c84fa94-04c1-424b-9868-57a2d4851a1d" />
    <TestEntry testId="5ffd8817-a8bc-c802-8cd1-8c32f65a139d" executionId="84f797df-52a2-4032-a9a9-da9757a07675" testListId="8c84fa94-04c1-424b-9868-57a2d4851a1d" />
    <TestEntry testId="a0525aa4-3d02-d171-359e-046b35eafa4c" executionId="564ad39a-cf50-4bcc-8291-5f43a94e2636" testListId="8c84fa94-04c1-424b-9868-57a2d4851a1d" />
    <TestEntry testId="4abd80f8-6ee1-ba2f-4a5a-d10af2bff9de" executionId="632f8ee6-ef9c-4df0-8e75-b98225bfdb43" testListId="8c84fa94-04c1-424b-9868-57a2d4851a1d" />
    <TestEntry testId="d732bfff-2532-8c97-9501-364150bb5e6d" executionId="63bb02d2-abd4-4537-89e2-3597269f0b92" testListId="8c84fa94-04c1-424b-9868-57a2d4851a1d" />
    <TestEntry testId="24728be4-efcf-eadf-67c3-4d740aa40bbd" executionId="b9a623ef-ca4d-4404-bb46-7c9932800854" testListId="8c84fa94-04c1-424b-9868-57a2d4851a1d" />
    <TestEntry testId="ba7be781-dc23-f022-7cda-9d1acf60f7c2" executionId="20a57b81-4fd9-4491-a17a-92b9e3bab0b0" testListId="8c84fa94-04c1-424b-9868-57a2d4851a1d" />
    <TestEntry testId="4a0074a5-4fd1-02df-d591-967e66f48683" executionId="1e0cdbe9-ffdc-437f-a6fa-7d82bb28a44a" testListId="8c84fa94-04c1-424b-9868-57a2d4851a1d" />
    <TestEntry testId="1e4e364e-ca56-b7d2-b261-88c84d2c3fa4" executionId="05c9269d-5eb2-49c0-9681-1de4e2841d9c" testListId="8c84fa94-04c1-424b-9868-57a2d4851a1d" />
    <TestEntry testId="e32c7bcd-d5a3-442d-c61d-9bd0b5e6098a" executionId="96b96097-692c-4888-9ad0-2e93cb2ac069" testListId="8c84fa94-04c1-424b-9868-57a2d4851a1d" />
    <TestEntry testId="b3921a72-704f-c89b-36b6-be426b55a3a6" executionId="9ac88e39-ddea-4e46-89e9-cf5b1a89e5ac" testListId="8c84fa94-04c1-424b-9868-57a2d4851a1d" />
    <TestEntry testId="e6731686-ed36-3e67-8716-72c922f9c12c" executionId="870881d5-e395-403c-ad86-ebac3bfa7d7c" testListId="8c84fa94-04c1-424b-9868-57a2d4851a1d" />
    <TestEntry testId="bbb303a5-8c50-158a-04c0-a63737ca2fc8" executionId="6136aff1-23c7-4c8b-bc06-792193eb61bb" testListId="8c84fa94-04c1-424b-9868-57a2d4851a1d" />
    <TestEntry testId="cc9bcd82-58cc-b880-afa5-31393dbb1cf5" executionId="dd38db00-5933-4d63-b839-4d6c20136274" testListId="8c84fa94-04c1-424b-9868-57a2d4851a1d" />
    <TestEntry testId="d2f679dc-7501-a688-c0a3-b2650c2beacf" executionId="cb191d42-ac99-47a8-92ef-c282100521fc" testListId="8c84fa94-04c1-424b-9868-57a2d4851a1d" />
    <TestEntry testId="1faed937-c264-2535-0777-4bc3c6e519a5" executionId="c821f9a7-b708-4196-887c-ef628f615180" testListId="8c84fa94-04c1-424b-9868-57a2d4851a1d" />
    <TestEntry testId="97ecaed0-9e93-d55d-25af-d606acb5a32f" executionId="bb450268-2f00-432c-ae8c-dd94d39aeb03" testListId="8c84fa94-04c1-424b-9868-57a2d4851a1d" />
    <TestEntry testId="f6a75167-af62-fcea-9b2d-ed6ee44263d3" executionId="7f5225e2-f4c9-4535-baf7-136884809f34" testListId="8c84fa94-04c1-424b-9868-57a2d4851a1d" />
    <TestEntry testId="c3dcbd87-7bcf-f437-2536-9f452d0b9270" executionId="7011739b-0836-46a6-b62a-a259f585a750" testListId="8c84fa94-04c1-424b-9868-57a2d4851a1d" />
    <TestEntry testId="caca3d23-7458-f0d9-2821-ee4af17edd8f" executionId="eaa6df00-7d4a-4ec2-a81c-1756ec325587" testListId="8c84fa94-04c1-424b-9868-57a2d4851a1d" />
    <TestEntry testId="24ede4b6-0883-1e29-cd7e-2cc1e34d5304" executionId="d4418f36-4c41-4913-8ec2-6340a54fbfc4" testListId="8c84fa94-04c1-424b-9868-57a2d4851a1d" />
    <TestEntry testId="0bd22ce6-e498-b3b7-2fb9-337bd3e4ff55" executionId="ddf99fce-6147-436c-be01-1edb4ec64116" testListId="8c84fa94-04c1-424b-9868-57a2d4851a1d" />
    <TestEntry testId="fdd371e1-aa15-08e5-08fc-724fd3a9961e" executionId="0f77215b-de67-46ca-8ace-567124be43bc" testListId="8c84fa94-04c1-424b-9868-57a2d4851a1d" />
    <TestEntry testId="08ed9043-7af9-5c9b-fa68-0c206686098a" executionId="f3666fa7-724b-4a60-99d4-4e53173999a0" testListId="8c84fa94-04c1-424b-9868-57a2d4851a1d" />
    <TestEntry testId="df509762-ad40-9fb3-3420-a1733f53ac38" executionId="9874401a-55c4-4ef5-93ac-15d016a307a0" testListId="8c84fa94-04c1-424b-9868-57a2d4851a1d" />
    <TestEntry testId="462601c3-d01e-1e18-49b2-da75c3227981" executionId="380d685d-7af0-4589-a4a3-053a60d873f4" testListId="8c84fa94-04c1-424b-9868-57a2d4851a1d" />
    <TestEntry testId="75a0eb3e-e160-8f2f-52e3-1f5ee3a37e92" executionId="be87000e-e4aa-415b-8d90-4650701dda00" testListId="8c84fa94-04c1-424b-9868-57a2d4851a1d" />
    <TestEntry testId="68131229-dfc3-7d09-7391-665cbd05846d" executionId="fe6aa193-a9b5-4dc8-b40a-47dc0316d999" testListId="8c84fa94-04c1-424b-9868-57a2d4851a1d" />
    <TestEntry testId="941d3a9c-f7eb-ab83-6d7f-523584545920" executionId="0bc46e6a-7e87-4c23-bf3a-d81fd5269141" testListId="8c84fa94-04c1-424b-9868-57a2d4851a1d" />
    <TestEntry testId="a3a9a692-29f7-f10f-1079-25ac333e696b" executionId="ce18ad6c-0d96-44c5-9f56-3ddbc293d127" testListId="8c84fa94-04c1-424b-9868-57a2d4851a1d" />
    <TestEntry testId="0f8d91e4-ee4f-4008-c4ef-dad66b6c412b" executionId="0b93fe35-75a6-4514-9ca8-60be9a9437c9" testListId="8c84fa94-04c1-424b-9868-57a2d4851a1d" />
    <TestEntry testId="26a705a7-e0af-7e55-43cf-5e59c148b181" executionId="fbb01475-8e21-4ca4-8fab-b8f2d822de74" testListId="8c84fa94-04c1-424b-9868-57a2d4851a1d" />
    <TestEntry testId="9f1fa591-67db-55a0-b3f6-cf72294b7e50" executionId="f93ceaff-eb62-4ec4-b52d-9bf740c46333" testListId="8c84fa94-04c1-424b-9868-57a2d4851a1d" />
    <TestEntry testId="8c712f9a-acd9-817c-8375-f238c6f081ed" executionId="f3ece942-a5a1-4a7a-9ac0-284033f7448b" testListId="8c84fa94-04c1-424b-9868-57a2d4851a1d" />
    <TestEntry testId="84c4a44a-7f2a-c0ff-cc0b-adcf903793ec" executionId="66146a98-0cb2-4039-a93b-548f3fc1e36c" testListId="8c84fa94-04c1-424b-9868-57a2d4851a1d" />
    <TestEntry testId="5fad0f52-83eb-c5c9-a6b6-67f19952f7d9" executionId="9334f17d-4749-410e-987f-d6fe49c18ee3" testListId="8c84fa94-04c1-424b-9868-57a2d4851a1d" />
    <TestEntry testId="8a02fbf6-b719-4d76-805f-f5971de64128" executionId="e4443c72-2276-49d3-a303-d0e2533bc70e" testListId="8c84fa94-04c1-424b-9868-57a2d4851a1d" />
    <TestEntry testId="194e9271-3995-0edd-2826-470d4e226a93" executionId="ae1377b9-af4b-4b69-97f8-681cdf7ee65b" testListId="8c84fa94-04c1-424b-9868-57a2d4851a1d" />
    <TestEntry testId="18b6fc83-ac1b-a158-4e22-9cebbcb3c93a" executionId="5abd6180-15e6-4954-9d30-2cc2ab517614" testListId="8c84fa94-04c1-424b-9868-57a2d4851a1d" />
    <TestEntry testId="9826f91e-4d85-7bef-90c6-b4cb75aab7aa" executionId="c7b4d804-12bc-4c0d-a693-0767f70e9f7a" testListId="8c84fa94-04c1-424b-9868-57a2d4851a1d" />
    <TestEntry testId="7a761349-3514-435f-cd81-0aa7aa69f055" executionId="1e68f16d-2993-4f4b-84cc-8cb83bb3b217" testListId="8c84fa94-04c1-424b-9868-57a2d4851a1d" />
    <TestEntry testId="b91af2da-0691-f8a9-5a9b-7815c076d11a" executionId="101404c4-a787-4c09-ac14-51b5d0b89429" testListId="8c84fa94-04c1-424b-9868-57a2d4851a1d" />
    <TestEntry testId="a035156e-e06e-ab79-e140-5702b1d691c6" executionId="ea6f6bad-24ff-4019-afee-3b099736e498" testListId="8c84fa94-04c1-424b-9868-57a2d4851a1d" />
    <TestEntry testId="dcb52ed9-a78d-96a8-dff5-148d1bab218c" executionId="789b705c-cc0e-4f65-848f-fadc57b7cbd0" testListId="8c84fa94-04c1-424b-9868-57a2d4851a1d" />
    <TestEntry testId="84a8b8c3-bda0-a40b-aaae-432460c59245" executionId="376b25e5-5234-47cb-9bd1-0b9007fe0ad5" testListId="8c84fa94-04c1-424b-9868-57a2d4851a1d" />
    <TestEntry testId="9d75b788-c121-bf4c-47dc-77f4e626f3b1" executionId="bfa6f3d4-574c-42a8-8996-6e8283673020" testListId="8c84fa94-04c1-424b-9868-57a2d4851a1d" />
    <TestEntry testId="fe90b3a6-87f5-f302-8147-e10a01c63059" executionId="4b582313-4784-4939-a24c-6da292fc273e" testListId="8c84fa94-04c1-424b-9868-57a2d4851a1d" />
    <TestEntry testId="824c8972-34ed-6509-2c7e-10b8d67c3e11" executionId="054c8523-cf22-4cf3-af09-4437bfc7c105" testListId="8c84fa94-04c1-424b-9868-57a2d4851a1d" />
    <TestEntry testId="73b50b91-d34a-09a4-7e2c-aef92bdf075d" executionId="507982d0-94fc-4cd4-a529-6161b5b99f87" testListId="8c84fa94-04c1-424b-9868-57a2d4851a1d" />
    <TestEntry testId="57549c88-7141-69f4-abc8-5cd1bea1bb01" executionId="49ba0556-e4fe-4175-94d6-af84cb7759d4" testListId="8c84fa94-04c1-424b-9868-57a2d4851a1d" />
    <TestEntry testId="cf1691f8-d3d6-321d-e127-e6f3b54e8c44" executionId="a6ae6d14-c767-4193-8c9c-15e22f2a5b47" testListId="8c84fa94-04c1-424b-9868-57a2d4851a1d" />
    <TestEntry testId="0a572a96-21a1-e2da-9d1d-2856fd1b6f2d" executionId="ac430ad3-16c1-456a-85e9-5a6d92fd54c6" testListId="8c84fa94-04c1-424b-9868-57a2d4851a1d" />
    <TestEntry testId="4ca4cd1b-e735-2fc6-620b-af0f391c4355" executionId="34514927-fcdb-4c4d-ab52-f9e0a941a541" testListId="8c84fa94-04c1-424b-9868-57a2d4851a1d" />
    <TestEntry testId="372ffc6e-fcce-f2b2-40e7-33ca7670b482" executionId="95f4e245-6ce7-450a-981f-504ac73a9c8a" testListId="8c84fa94-04c1-424b-9868-57a2d4851a1d" />
    <TestEntry testId="a4b9acb1-c47e-044c-d8b2-28cd649d70d0" executionId="35f37535-a046-4e9e-b11b-dedec5fffca3" testListId="8c84fa94-04c1-424b-9868-57a2d4851a1d" />
    <TestEntry testId="97fa1f2b-b321-84f1-e428-6c7db0166a96" executionId="31a6aac2-2558-4c47-9efc-d75854e2af2f" testListId="8c84fa94-04c1-424b-9868-57a2d4851a1d" />
    <TestEntry testId="b0d8d9e3-06e8-7d3c-ffb3-c667b64d8cbc" executionId="c7e7e255-f24b-4785-aecd-ff03a5cc164d" testListId="8c84fa94-04c1-424b-9868-57a2d4851a1d" />
    <TestEntry testId="360f83f3-275a-2794-a9b3-af66907cdc92" executionId="29611190-d1c6-4cb4-bf9e-42da00a3ead5" testListId="8c84fa94-04c1-424b-9868-57a2d4851a1d" />
    <TestEntry testId="33472f7c-1b67-8e04-57f1-d8671a632c60" executionId="b84011ac-2f98-4c16-88c3-9ed62cfce09b" testListId="8c84fa94-04c1-424b-9868-57a2d4851a1d" />
    <TestEntry testId="29b86586-1d81-6c5f-33ad-6774dfb69d37" executionId="ecd8b443-a50d-4ff2-adda-834e580b6a3f" testListId="8c84fa94-04c1-424b-9868-57a2d4851a1d" />
    <TestEntry testId="dfb7118c-5ecd-1f76-7abf-a300c978f9cb" executionId="af259188-6278-4b61-8f02-582faada0c84" testListId="8c84fa94-04c1-424b-9868-57a2d4851a1d" />
    <TestEntry testId="b5f7a35a-13eb-e195-ac80-f436c5e317c1" executionId="8b24b256-77da-476d-ad84-7670aab5b8e1" testListId="8c84fa94-04c1-424b-9868-57a2d4851a1d" />
    <TestEntry testId="20c570ee-a4ac-6f2e-c766-86a7f9b73fd0" executionId="0e3e6625-ff50-4348-85c2-d08565a247a6" testListId="8c84fa94-04c1-424b-9868-57a2d4851a1d" />
    <TestEntry testId="07c822d0-358d-c1df-709f-636eaa649ca9" executionId="ddc63a21-31e8-4ee8-81c7-5533b24fdb86" testListId="8c84fa94-04c1-424b-9868-57a2d4851a1d" />
    <TestEntry testId="2e08b9f6-683f-cc7a-0a0a-7c528444ffbb" executionId="7d6e1c5d-986a-4171-a19f-3a2ec1b26a3c" testListId="8c84fa94-04c1-424b-9868-57a2d4851a1d" />
    <TestEntry testId="9e70a018-4e73-b073-cb8d-9eefb56d368d" executionId="3fefc056-a004-4296-8ad2-54fc6b0ddd75" testListId="8c84fa94-04c1-424b-9868-57a2d4851a1d" />
    <TestEntry testId="92c3407e-7b78-3b28-bcbe-9ed64622b1b1" executionId="2ef064c5-0fd3-4ac4-8932-5338613fda8f" testListId="8c84fa94-04c1-424b-9868-57a2d4851a1d" />
    <TestEntry testId="8d41bc97-cd13-9b56-10ff-adb78abdf343" executionId="9794337e-f82e-4b19-900c-088652a9f210" testListId="8c84fa94-04c1-424b-9868-57a2d4851a1d" />
    <TestEntry testId="910639b5-2a77-f87d-3edf-6486026829b4" executionId="fb25d7cf-2f18-479b-9dc4-79945b3192a0" testListId="8c84fa94-04c1-424b-9868-57a2d4851a1d" />
    <TestEntry testId="d68d2ff9-938d-c2a5-10d6-06c495731ad5" executionId="e854d5e0-48a3-41aa-8653-afd7a7aa4a2b" testListId="8c84fa94-04c1-424b-9868-57a2d4851a1d" />
    <TestEntry testId="6dff7eb6-cd90-84eb-d55e-130162d394ef" executionId="733915d9-a514-4e26-9109-996a86a3dc68" testListId="8c84fa94-04c1-424b-9868-57a2d4851a1d" />
    <TestEntry testId="cfb8dcd1-2843-0616-8cc4-79811fea08cd" executionId="ccdbbb1d-d718-46af-a3b8-4b47629d6858" testListId="8c84fa94-04c1-424b-9868-57a2d4851a1d" />
    <TestEntry testId="1ca326c0-34a2-7c78-4e2a-8ccf1c67cab8" executionId="cad7e779-d058-4def-973c-8145e82a2c5e" testListId="8c84fa94-04c1-424b-9868-57a2d4851a1d" />
    <TestEntry testId="6435bba3-d6d3-7a62-48a9-07a8d44cffcd" executionId="5f0bf5a4-5728-48bc-96e5-2950ed2d3bde" testListId="8c84fa94-04c1-424b-9868-57a2d4851a1d" />
    <TestEntry testId="85618f89-e58d-fea0-bbc4-3de083c87418" executionId="4db1584a-c998-46ca-8e1a-ebfff8c8739d" testListId="8c84fa94-04c1-424b-9868-57a2d4851a1d" />
    <TestEntry testId="8b7b9f42-69c3-1045-d526-9d1ad3748dbd" executionId="283bec5c-bbbf-46c9-a70b-4c8ccaec686c" testListId="8c84fa94-04c1-424b-9868-57a2d4851a1d" />
    <TestEntry testId="9d41d46b-3f0e-9c8a-91a7-a73801101169" executionId="5478c766-502d-4242-a05c-a7946e388161" testListId="8c84fa94-04c1-424b-9868-57a2d4851a1d" />
    <TestEntry testId="8645477e-206d-2dfd-c43d-816b04f16f45" executionId="8bf104cc-8fbd-4fbe-b6e7-9f5b6db3401f" testListId="8c84fa94-04c1-424b-9868-57a2d4851a1d" />
    <TestEntry testId="c43a1d06-6944-94fe-1244-90da98eea20e" executionId="4140c046-8967-473d-b1be-4751fb8b1fb2" testListId="8c84fa94-04c1-424b-9868-57a2d4851a1d" />
    <TestEntry testId="404234ba-6ade-6164-c83e-82b625d62846" executionId="9f454eb5-4318-46d4-992b-e1e8d90d05f4" testListId="8c84fa94-04c1-424b-9868-57a2d4851a1d" />
    <TestEntry testId="223de926-6104-2eec-31d8-48f1534f7ad6" executionId="d838ac4e-7560-47fe-a547-0f4c82f7589b" testListId="8c84fa94-04c1-424b-9868-57a2d4851a1d" />
    <TestEntry testId="5f2b119d-7f60-4e4f-a16e-db1f634c519b" executionId="c8d41bcd-8515-445f-978e-e2844679c2db" testListId="8c84fa94-04c1-424b-9868-57a2d4851a1d" />
    <TestEntry testId="660e7e6d-43a9-8f71-2c43-ac819a9f4e4e" executionId="575752bc-40dd-4d8a-9a20-3a0fb9e96dc4" testListId="8c84fa94-04c1-424b-9868-57a2d4851a1d" />
    <TestEntry testId="104379d0-8a0a-db3e-8214-fde43c0e19ee" executionId="c2b47a89-fd8f-4499-92b1-08214387e31b" testListId="8c84fa94-04c1-424b-9868-57a2d4851a1d" />
    <TestEntry testId="b3ba3ec7-c92a-df6b-f955-6e7f611dc51e" executionId="e88e5ff8-5b0f-4bd4-8a4a-6634be2a8d21" testListId="8c84fa94-04c1-424b-9868-57a2d4851a1d" />
    <TestEntry testId="63b3e93a-4ee4-4ff2-0afe-9633a052f998" executionId="6ddb74d6-eaa3-4760-bb17-c7db4b11c57a" testListId="8c84fa94-04c1-424b-9868-57a2d4851a1d" />
    <TestEntry testId="9e9b3f99-5e17-3397-02c1-087059a40f74" executionId="f9edf445-4bf8-441e-a6e8-e58929e4eb80" testListId="8c84fa94-04c1-424b-9868-57a2d4851a1d" />
    <TestEntry testId="23db293f-0771-2a10-881a-2572a53b691c" executionId="8dd4ea34-7e12-43ec-9810-99a44f82d0f5" testListId="8c84fa94-04c1-424b-9868-57a2d4851a1d" />
    <TestEntry testId="860307f9-51b1-9df4-af7b-959208178bf3" executionId="9d04f497-41c6-40cc-8bfb-500e86391030" testListId="8c84fa94-04c1-424b-9868-57a2d4851a1d" />
    <TestEntry testId="df5119d1-0a79-c736-a5c6-a47e76eeff48" executionId="c5b119a4-7aa0-4c87-a1c6-927d875025d7" testListId="8c84fa94-04c1-424b-9868-57a2d4851a1d" />
    <TestEntry testId="d8d39bf6-01f4-b933-39c8-1652bb12637f" executionId="992485f4-43d2-42ce-b003-35a609ec1819" testListId="8c84fa94-04c1-424b-9868-57a2d4851a1d" />
    <TestEntry testId="e2adb234-95ea-2c40-0dd9-a6d28b87a104" executionId="a1b7eda1-da53-4c16-82e9-ce7c6ac8586d" testListId="8c84fa94-04c1-424b-9868-57a2d4851a1d" />
    <TestEntry testId="9131b822-0267-6571-8a0f-ff0516661956" executionId="f7ea7a28-8bd0-4268-aba9-0ac89062bb11" testListId="8c84fa94-04c1-424b-9868-57a2d4851a1d" />
    <TestEntry testId="f37cf62f-d1d8-3bc2-f22f-3e2c81c7bec2" executionId="d4ade6a8-fd74-4232-b49a-87eb6fe6efca" testListId="8c84fa94-04c1-424b-9868-57a2d4851a1d" />
    <TestEntry testId="4d5861a0-0ba9-4ace-9b44-e42788101a71" executionId="fbd80267-4032-42f4-9c3b-e6e149c1b3f4" testListId="8c84fa94-04c1-424b-9868-57a2d4851a1d" />
    <TestEntry testId="36ec0ee8-2135-63b4-cb94-a94dfa1cf30c" executionId="8edc0302-3fef-4454-a244-4151465ac2de" testListId="8c84fa94-04c1-424b-9868-57a2d4851a1d" />
    <TestEntry testId="cc214f3b-579b-7043-b857-193cc9812d7c" executionId="6316f3e6-8374-4206-a320-740e3758ef15" testListId="8c84fa94-04c1-424b-9868-57a2d4851a1d" />
    <TestEntry testId="c41b0891-e4f8-8a37-14e3-b6567bb21ea7" executionId="75be2c4c-7902-46f1-842c-63246a2d04d3" testListId="8c84fa94-04c1-424b-9868-57a2d4851a1d" />
    <TestEntry testId="2f4fd20e-b1e1-56c1-bc93-b70069fbd3ae" executionId="7999f5c3-d93b-4237-8213-d061da1ab5b4" testListId="8c84fa94-04c1-424b-9868-57a2d4851a1d" />
    <TestEntry testId="dd0c2ebb-2e33-e72d-62c4-0047cfb148b6" executionId="8bfa4720-c9a7-47f5-82c4-83ecfc313f86" testListId="8c84fa94-04c1-424b-9868-57a2d4851a1d" />
    <TestEntry testId="24684fe1-81f8-157e-d789-0efd3cecbc85" executionId="89279d50-9b38-4bfe-afb1-ace1775e27a2" testListId="8c84fa94-04c1-424b-9868-57a2d4851a1d" />
    <TestEntry testId="1f8e2ae3-6f1c-4b99-bcaf-96174402c73c" executionId="8e6cd0b1-bc54-4116-b8bd-48ba1a593758" testListId="8c84fa94-04c1-424b-9868-57a2d4851a1d" />
    <TestEntry testId="1518740b-d247-bb46-8842-7c86e3fe9f8c" executionId="859c8ea9-ade1-49a4-957a-7963b052bc33" testListId="8c84fa94-04c1-424b-9868-57a2d4851a1d" />
    <TestEntry testId="807d5ad7-0b9b-1b73-91f7-ba0755787662" executionId="3b7ad617-ed83-4ea3-b4a2-1e2ed457fe29" testListId="8c84fa94-04c1-424b-9868-57a2d4851a1d" />
    <TestEntry testId="1116a7d6-4bda-0685-ba5f-9c426c11f491" executionId="291848d1-0cdd-43ea-9caa-6164dbb01983" testListId="8c84fa94-04c1-424b-9868-57a2d4851a1d" />
    <TestEntry testId="0a79f743-0898-3258-1664-0fce07d4db87" executionId="475c3abc-813d-46f1-a0bf-35e2d90f8067" testListId="8c84fa94-04c1-424b-9868-57a2d4851a1d" />
    <TestEntry testId="75f6d832-b308-86d5-4cfc-4fbcd8529417" executionId="094b6110-2150-44dc-845f-58c5f74f2829" testListId="8c84fa94-04c1-424b-9868-57a2d4851a1d" />
    <TestEntry testId="d4503c68-78a9-ffea-8a7f-cd71860ee03f" executionId="f397d7d0-38ea-49ad-ab6f-f37b8f18c291" testListId="8c84fa94-04c1-424b-9868-57a2d4851a1d" />
    <TestEntry testId="2de825d4-0c5d-beb5-bac4-14c7544d93a5" executionId="3e88db4f-d372-4b63-a662-c82ce467bdda" testListId="8c84fa94-04c1-424b-9868-57a2d4851a1d" />
    <TestEntry testId="c7246ea0-0283-514a-3c36-fd5ed4bc683a" executionId="52871f9d-8aca-43d5-90f7-3023c28f5809" testListId="8c84fa94-04c1-424b-9868-57a2d4851a1d" />
    <TestEntry testId="445c70e3-ad80-0339-a75f-92d55a644ad5" executionId="635002f4-472e-4a90-b715-d7d4e31951fc" testListId="8c84fa94-04c1-424b-9868-57a2d4851a1d" />
    <TestEntry testId="522a7cbe-4bb5-aabb-e611-e779b7eb308b" executionId="82df4041-32cb-40ca-944c-3e3575309ac5" testListId="8c84fa94-04c1-424b-9868-57a2d4851a1d" />
    <TestEntry testId="be1bb932-989e-6471-360a-63b0963968b0" executionId="7771c249-4777-4b6f-b984-409e6bc82644" testListId="8c84fa94-04c1-424b-9868-57a2d4851a1d" />
    <TestEntry testId="98a97890-5ed6-b926-143b-f25ef2bd4457" executionId="dd475432-5587-4ba9-84df-165c9f9b0442" testListId="8c84fa94-04c1-424b-9868-57a2d4851a1d" />
    <TestEntry testId="8517a108-f428-eaca-eca1-95044bd37f0e" executionId="82efe584-c648-4a69-922b-1e60f9e7ef79" testListId="8c84fa94-04c1-424b-9868-57a2d4851a1d" />
    <TestEntry testId="bb730be5-1419-11eb-6b3f-eec635a676a1" executionId="994ebec0-2719-4184-a77b-af9eb10bac42" testListId="8c84fa94-04c1-424b-9868-57a2d4851a1d" />
    <TestEntry testId="4431dcfc-2ddc-c655-06b9-75d3ec27e75e" executionId="b2326fe3-3b38-474a-b580-21b9efc61ee1" testListId="8c84fa94-04c1-424b-9868-57a2d4851a1d" />
    <TestEntry testId="e8bba3d0-9763-bf04-89d1-3be86681ed51" executionId="a74a589d-972c-4957-9fd9-1c09f4f2beb1" testListId="8c84fa94-04c1-424b-9868-57a2d4851a1d" />
    <TestEntry testId="a583c5ca-7def-ea50-c9cb-6f748e924a1c" executionId="70a2dfaa-853d-4de5-8bde-4a15b6f1e0f2" testListId="8c84fa94-04c1-424b-9868-57a2d4851a1d" />
    <TestEntry testId="3f98fe05-41f7-e9fc-3ae2-cb7dfa2b59ef" executionId="2b3f99f7-08b3-4dbc-a93c-6c6ca146bc2d" testListId="8c84fa94-04c1-424b-9868-57a2d4851a1d" />
    <TestEntry testId="ceb62784-bad6-446e-537c-b799957a9883" executionId="4bada450-a986-43c8-ae1f-421be12c12e9" testListId="8c84fa94-04c1-424b-9868-57a2d4851a1d" />
    <TestEntry testId="5380c26d-850a-a94d-3760-3116f72e89e1" executionId="0b798014-19df-4d4d-acd7-d79cfd815c0c" testListId="8c84fa94-04c1-424b-9868-57a2d4851a1d" />
    <TestEntry testId="53dc4bcb-76ff-7d4f-0af6-d9f1d13ffed3" executionId="019953cb-652d-4d89-9748-ac6f91be7898" testListId="8c84fa94-04c1-424b-9868-57a2d4851a1d" />
    <TestEntry testId="8c1bc56e-621b-34df-dd1d-53da652778e8" executionId="37ebb303-3238-4d77-a464-594b14f1597c" testListId="8c84fa94-04c1-424b-9868-57a2d4851a1d" />
    <TestEntry testId="82709766-e215-7d88-0aa4-4d0d0d7dfa73" executionId="567c5907-9d6d-4a98-baf8-7930d5b68ee4" testListId="8c84fa94-04c1-424b-9868-57a2d4851a1d" />
    <TestEntry testId="6b72c940-b9ca-2bcb-d153-4e7cd39ab74a" executionId="f27aa367-fea4-44d4-b8c6-9a551f614a54" testListId="8c84fa94-04c1-424b-9868-57a2d4851a1d" />
    <TestEntry testId="6f7848cc-1d54-08b8-6845-bc8c1190355b" executionId="2ce7009f-f073-4952-b459-ce38a8f96d13" testListId="8c84fa94-04c1-424b-9868-57a2d4851a1d" />
    <TestEntry testId="a8e625ba-f214-1406-d73d-ccf31e201428" executionId="d40db8cc-f789-4c18-bd25-09a7d1620a6c" testListId="8c84fa94-04c1-424b-9868-57a2d4851a1d" />
    <TestEntry testId="2ac44d52-df7d-0f84-ea67-ab8994b1572b" executionId="f752cf69-2dd3-454b-8d8c-02e9523e2973" testListId="8c84fa94-04c1-424b-9868-57a2d4851a1d" />
    <TestEntry testId="4f5d6b71-f44c-b0db-58d9-e2fe2f3174a6" executionId="1e981397-d984-44e3-95db-e116cc272174" testListId="8c84fa94-04c1-424b-9868-57a2d4851a1d" />
    <TestEntry testId="00ce97ad-0cda-a86a-468d-6030eebf7d02" executionId="ebeabb99-95d8-415e-8651-333f5ea6d226" testListId="8c84fa94-04c1-424b-9868-57a2d4851a1d" />
    <TestEntry testId="e7a58be6-4b73-002f-2b3c-41ca8c396a9b" executionId="e45aafa4-93ee-4cc3-a757-88f0b7acbbc9" testListId="8c84fa94-04c1-424b-9868-57a2d4851a1d" />
    <TestEntry testId="4d54d9e9-2ae8-c836-9995-876e802d5b06" executionId="ae2aec7f-bb37-4a0a-bc84-328f660c257d" testListId="8c84fa94-04c1-424b-9868-57a2d4851a1d" />
    <TestEntry testId="dcda13bc-6ff3-fe0c-4229-47546350488a" executionId="c9ab1c95-97b4-47a1-82d6-43b71b6536c1" testListId="8c84fa94-04c1-424b-9868-57a2d4851a1d" />
    <TestEntry testId="4dc566d2-3d9b-df39-4815-52ef41c13226" executionId="69cd116a-2c59-4ceb-95a6-f390a940b445" testListId="8c84fa94-04c1-424b-9868-57a2d4851a1d" />
    <TestEntry testId="71bbb209-b9a9-7e0c-537d-aa77173841b0" executionId="a9d83771-3e3d-48b3-87d2-818d68cfda16" testListId="8c84fa94-04c1-424b-9868-57a2d4851a1d" />
    <TestEntry testId="de8fb3aa-510e-eaf2-cd5a-0f7c868021df" executionId="df086d34-f444-4679-a66c-4dddd662a5ea" testListId="8c84fa94-04c1-424b-9868-57a2d4851a1d" />
    <TestEntry testId="1c605085-b25d-2a7d-0318-1d647f0091a0" executionId="cf06e2fc-5632-41c6-bfc1-17139f2771fc" testListId="8c84fa94-04c1-424b-9868-57a2d4851a1d" />
    <TestEntry testId="3c05c40c-9658-811a-d313-132efe8847f7" executionId="fcd31561-5b71-47cc-9624-814649c34268" testListId="8c84fa94-04c1-424b-9868-57a2d4851a1d" />
    <TestEntry testId="90ca0290-37d6-621a-3d19-48a836f8684a" executionId="c753e1d3-ae53-453f-9485-2f320276d4d4" testListId="8c84fa94-04c1-424b-9868-57a2d4851a1d" />
    <TestEntry testId="8b1bfb18-bc37-566f-1390-300af2670696" executionId="3cd5bf4f-c830-4646-9e48-8a9ec2b72d3e" testListId="8c84fa94-04c1-424b-9868-57a2d4851a1d" />
    <TestEntry testId="5f5671b6-8cd9-3c32-f279-80d523f2ba69" executionId="af0ac2c4-7a7c-4f37-af2f-2b5463a09fdd" testListId="8c84fa94-04c1-424b-9868-57a2d4851a1d" />
    <TestEntry testId="76dbc2f0-0d33-59df-8f02-b9cc4ebd98ee" executionId="6f628035-631e-4a62-81fe-3ca0801fb218" testListId="8c84fa94-04c1-424b-9868-57a2d4851a1d" />
    <TestEntry testId="d2f69a66-4df0-5c6d-23f1-e134ddb23145" executionId="43c1928e-d75f-4485-a1a2-a62ca65d9430" testListId="8c84fa94-04c1-424b-9868-57a2d4851a1d" />
    <TestEntry testId="807bbe3e-f4da-658b-78c1-826118e9b1b0" executionId="39ac4182-9cfb-4cc9-a8a7-89148edf065b" testListId="8c84fa94-04c1-424b-9868-57a2d4851a1d" />
    <TestEntry testId="d64e54f0-a09e-9cef-4d6f-dbf007a211fe" executionId="6ec22057-c429-42ef-86d2-b7daf6fad7d4" testListId="8c84fa94-04c1-424b-9868-57a2d4851a1d" />
    <TestEntry testId="35b22418-4187-ba17-04bd-521a87f4f1c5" executionId="e4fb4bdf-6e1c-4825-927a-59a9b5258768" testListId="8c84fa94-04c1-424b-9868-57a2d4851a1d" />
    <TestEntry testId="fb7db491-86cd-d09b-c656-f8728cd57e98" executionId="0f06c516-b8ab-402c-9654-97a1e01e2d0e" testListId="8c84fa94-04c1-424b-9868-57a2d4851a1d" />
    <TestEntry testId="4afef9b1-bdd8-4f94-b0ee-9b0fb00a8fb9" executionId="dd1a3098-7b8e-48b9-93a4-4e93b22bb1ec" testListId="8c84fa94-04c1-424b-9868-57a2d4851a1d" />
    <TestEntry testId="750d2c63-1a9b-7d0d-eccd-f1551dc8c1ac" executionId="50d3bfc9-0947-4f24-a8e1-2e681968f350" testListId="8c84fa94-04c1-424b-9868-57a2d4851a1d" />
    <TestEntry testId="2645515c-b8fb-c34a-a8fa-6250b2a1f4e7" executionId="8d342c5c-46f1-4724-b25a-904945877a4c" testListId="8c84fa94-04c1-424b-9868-57a2d4851a1d" />
    <TestEntry testId="8fe85cfc-802f-8394-d1ee-6cb3c6bf276c" executionId="4be638fb-5f17-4b21-a929-c28862e454c1" testListId="8c84fa94-04c1-424b-9868-57a2d4851a1d" />
    <TestEntry testId="7ca4c031-dbdb-4611-9ada-ac384b7dd429" executionId="eacc5d81-9b8e-4198-b0d6-5dd36315ebbf" testListId="8c84fa94-04c1-424b-9868-57a2d4851a1d" />
    <TestEntry testId="86096cbf-8fdf-595f-692b-5a2820bef4b6" executionId="55c778ca-3e26-4703-9759-bb5a1406fbd4" testListId="8c84fa94-04c1-424b-9868-57a2d4851a1d" />
    <TestEntry testId="ba26fb46-2a87-84b2-8822-184bd76d425d" executionId="b20d36b9-c03a-4087-a392-5b27916bc8b5" testListId="8c84fa94-04c1-424b-9868-57a2d4851a1d" />
    <TestEntry testId="7ff920e9-4d38-221d-9147-36f2862215e5" executionId="13b5a0c1-00da-487a-9469-eec7ae6da7bd" testListId="8c84fa94-04c1-424b-9868-57a2d4851a1d" />
    <TestEntry testId="c30c7103-7115-9535-1777-a4ed9114e3ee" executionId="50a426e3-b924-46fe-b604-0681da5132e0" testListId="8c84fa94-04c1-424b-9868-57a2d4851a1d" />
    <TestEntry testId="834be18d-033c-2291-7629-e25d7b8eb765" executionId="9699a582-83c2-4d9f-926c-2fe02e5168c1" testListId="8c84fa94-04c1-424b-9868-57a2d4851a1d" />
    <TestEntry testId="582508b8-7571-86a2-67a1-d2fddc4748a6" executionId="02f59dc4-2260-4636-9946-c070872d5b4e" testListId="8c84fa94-04c1-424b-9868-57a2d4851a1d" />
    <TestEntry testId="d113eda5-98e6-0ac4-2fd8-d58b0d6f8b0b" executionId="8c85a58a-aaac-4978-adbb-2fe8c74b37c8" testListId="8c84fa94-04c1-424b-9868-57a2d4851a1d" />
    <TestEntry testId="227d833e-5ff0-4178-0481-0fa1f607fd59" executionId="94e5f438-58e8-4433-8207-2497315a2e76" testListId="8c84fa94-04c1-424b-9868-57a2d4851a1d" />
    <TestEntry testId="a452a30b-ed75-412a-40a9-455f8180a3d3" executionId="64dfab79-9713-4a04-ae75-58cdf77e1791" testListId="8c84fa94-04c1-424b-9868-57a2d4851a1d" />
    <TestEntry testId="d361f0c1-0904-aa95-5938-cba84c6ca7af" executionId="b57d229b-38e2-43c0-a852-dbe763474e72" testListId="8c84fa94-04c1-424b-9868-57a2d4851a1d" />
    <TestEntry testId="be13e197-7803-c6ff-c74a-53a7e7c07acd" executionId="63d39d9b-7d33-49bf-b11b-d866d7d37d19" testListId="8c84fa94-04c1-424b-9868-57a2d4851a1d" />
    <TestEntry testId="da5c86af-897b-84c2-e917-19a2c44de1a9" executionId="e426a3db-54c5-46f3-a211-17d7701a18e2" testListId="8c84fa94-04c1-424b-9868-57a2d4851a1d" />
    <TestEntry testId="2061bf26-b556-1243-85dc-a42aeed407af" executionId="7e0e86bb-2669-450a-8ff9-52a3720dab5a" testListId="8c84fa94-04c1-424b-9868-57a2d4851a1d" />
    <TestEntry testId="88bf76dd-bd69-d75e-4563-e08b10f193d8" executionId="6742aabf-ac2a-4378-9461-95981182233d" testListId="8c84fa94-04c1-424b-9868-57a2d4851a1d" />
    <TestEntry testId="6c8a3ca6-8831-0317-a7cc-50feb982a4cf" executionId="ec1c5b50-d6da-4bfe-9878-b22eb24e7ba7" testListId="8c84fa94-04c1-424b-9868-57a2d4851a1d" />
    <TestEntry testId="e2108036-99ee-eea5-4eee-35fd297953ab" executionId="4dd82118-a91e-41c2-88ec-46ce880bf13e" testListId="8c84fa94-04c1-424b-9868-57a2d4851a1d" />
    <TestEntry testId="84be755c-4e12-a17d-d5de-2c4cbf6371dc" executionId="0747da71-c2fe-47ef-a0e3-990fe80f4f14" testListId="8c84fa94-04c1-424b-9868-57a2d4851a1d" />
    <TestEntry testId="17b18dfc-ee16-7b5c-ddb0-6c5e780be5f4" executionId="509190d7-d931-455f-93ac-1c7f19741286" testListId="8c84fa94-04c1-424b-9868-57a2d4851a1d" />
    <TestEntry testId="aae79068-ff98-75da-4bd8-b48cb5c1740a" executionId="8cc44434-bd48-411a-a8ae-93628147ad61" testListId="8c84fa94-04c1-424b-9868-57a2d4851a1d" />
    <TestEntry testId="5ff54d9c-39fb-1528-4706-54da371f50a0" executionId="5d2c3fcb-f1db-445b-b2b6-6fb4e412ed80" testListId="8c84fa94-04c1-424b-9868-57a2d4851a1d" />
    <TestEntry testId="58632aa8-2e63-51eb-d3ff-095d0daf2e77" executionId="4c08a5c7-7872-4676-af41-41b280ee63a8" testListId="8c84fa94-04c1-424b-9868-57a2d4851a1d" />
    <TestEntry testId="956b036e-8fb9-6f11-7960-aa6e04069ce8" executionId="520820c2-8d7c-41b5-a9a4-e9eec687f3a7" testListId="8c84fa94-04c1-424b-9868-57a2d4851a1d" />
    <TestEntry testId="79e34a3b-2ed5-74ce-d6d1-382cbd2f96f3" executionId="ecacc41b-c9a6-4141-b1a0-024a145e124e" testListId="8c84fa94-04c1-424b-9868-57a2d4851a1d" />
    <TestEntry testId="953bc4e3-40ff-30ed-c837-f23b5378fa7f" executionId="3b476da1-48e7-44cc-8692-bc516740912e" testListId="8c84fa94-04c1-424b-9868-57a2d4851a1d" />
    <TestEntry testId="cb884e57-a479-c895-6b8e-38e866fa1061" executionId="bfa47096-1172-4f34-93a1-53dd14e97f95" testListId="8c84fa94-04c1-424b-9868-57a2d4851a1d" />
    <TestEntry testId="57bfcae0-a45f-9a02-aed0-de56f88666ee" executionId="c17e2ccc-7d8b-4103-9856-4241b273707b" testListId="8c84fa94-04c1-424b-9868-57a2d4851a1d" />
    <TestEntry testId="23c149c2-3cf8-c7fa-90c1-02377d9787cf" executionId="16884875-3098-4eb0-a71e-e079458892c6" testListId="8c84fa94-04c1-424b-9868-57a2d4851a1d" />
    <TestEntry testId="4bbb62f7-d610-c59c-7284-d1955fbfd2c2" executionId="7aa19d10-f906-48c2-92d9-9f750862514a" testListId="8c84fa94-04c1-424b-9868-57a2d4851a1d" />
    <TestEntry testId="066660a8-4544-2778-dbd6-58d259652e5b" executionId="1a55a502-4568-4cef-b03d-e13d6831df6e" testListId="8c84fa94-04c1-424b-9868-57a2d4851a1d" />
    <TestEntry testId="4cae0c8b-40f7-e310-026e-13514ee81fe9" executionId="80670d0c-960b-416c-848b-87053537481b" testListId="8c84fa94-04c1-424b-9868-57a2d4851a1d" />
    <TestEntry testId="ed8ae566-3876-85de-0db3-95fc081f83cf" executionId="62c2b4cd-ac2c-4323-bf89-f461403fd63f" testListId="8c84fa94-04c1-424b-9868-57a2d4851a1d" />
    <TestEntry testId="76af9c9d-37f9-d82b-3b6a-2a9fd8e715df" executionId="805fafdf-a329-45d7-9072-f2c38a76d885" testListId="8c84fa94-04c1-424b-9868-57a2d4851a1d" />
    <TestEntry testId="d8411415-b530-f4f1-7af3-d7ad19bae135" executionId="5aa24482-01ee-42c5-967c-3b7b268c05d8" testListId="8c84fa94-04c1-424b-9868-57a2d4851a1d" />
    <TestEntry testId="8b7176ae-054f-85cd-ef95-22a4daa2296b" executionId="5ae94341-6f22-4c17-b9c3-a1dbf2a267be" testListId="8c84fa94-04c1-424b-9868-57a2d4851a1d" />
    <TestEntry testId="cc768eb7-8cad-031b-04e7-82004a89b410" executionId="41213740-238f-413c-9dfe-f9efec638349" testListId="8c84fa94-04c1-424b-9868-57a2d4851a1d" />
    <TestEntry testId="63438f7c-32bd-88f5-b237-7dfe16f9c68f" executionId="c0098b45-e7df-4a29-a444-8c0723f429e9" testListId="8c84fa94-04c1-424b-9868-57a2d4851a1d" />
    <TestEntry testId="b2468c33-542d-f6f5-73c0-629e28bc3fa3" executionId="d56d4e02-7778-4400-a69e-9bda03c07c35" testListId="8c84fa94-04c1-424b-9868-57a2d4851a1d" />
    <TestEntry testId="a0f7c935-3d5e-cdfb-195e-b782f3c96efd" executionId="09e3a34a-e4db-4b9a-899d-84816d74d07c" testListId="8c84fa94-04c1-424b-9868-57a2d4851a1d" />
    <TestEntry testId="a55affd0-fce6-6b11-f6c1-1e4cc22e0a66" executionId="569595c5-99d8-4902-9076-62d945fcfd0f" testListId="8c84fa94-04c1-424b-9868-57a2d4851a1d" />
    <TestEntry testId="ceb50692-7712-5620-d680-194199c74a89" executionId="5903cbe8-d51f-4f93-8526-6da49951a092" testListId="8c84fa94-04c1-424b-9868-57a2d4851a1d" />
    <TestEntry testId="56c3fff6-e885-8138-67b8-f4a4d42ba83a" executionId="6c869b1e-6f98-4623-8201-f4d18d85b9be" testListId="8c84fa94-04c1-424b-9868-57a2d4851a1d" />
    <TestEntry testId="2d71aae8-0209-3892-2089-0c649f64dfb1" executionId="a8b0cc26-005c-419b-a0a0-b04cbfd57903" testListId="8c84fa94-04c1-424b-9868-57a2d4851a1d" />
    <TestEntry testId="ca796ce5-6d9d-dc71-f0c1-1f16d8499e9b" executionId="e9b8b1ab-802b-4e7e-a1e0-29808f8acd52" testListId="8c84fa94-04c1-424b-9868-57a2d4851a1d" />
    <TestEntry testId="f1f3820b-be5f-e3c0-8b69-3ddda60b8d9a" executionId="d8fd9df6-cad0-42a1-a44a-af4e22e2257d" testListId="8c84fa94-04c1-424b-9868-57a2d4851a1d" />
    <TestEntry testId="d9161d96-6635-cd8c-44c6-36a36faafa4e" executionId="281487c7-fed8-4943-9403-431129a1181b" testListId="8c84fa94-04c1-424b-9868-57a2d4851a1d" />
    <TestEntry testId="d2803bbb-a050-5bca-87ae-f89665474cca" executionId="adc505f9-7b1d-4880-8a6f-599177aeb6d9" testListId="8c84fa94-04c1-424b-9868-57a2d4851a1d" />
    <TestEntry testId="3db64796-78aa-7a27-0b45-e66d5293c9a9" executionId="59c1eaa3-318e-4a47-bd65-2c9ab66d4cba" testListId="8c84fa94-04c1-424b-9868-57a2d4851a1d" />
    <TestEntry testId="f8d2a643-25a3-ea6b-356b-a65f40be01e8" executionId="2d1822c5-3576-4ecd-9dc3-3ee885ad580e" testListId="8c84fa94-04c1-424b-9868-57a2d4851a1d" />
    <TestEntry testId="11c850e6-7345-60c5-e0ac-9d61acc51f3b" executionId="bd5ee58e-b66a-45f9-ab00-ae45c3dc9246" testListId="8c84fa94-04c1-424b-9868-57a2d4851a1d" />
    <TestEntry testId="0ae1d444-3aaf-dfb0-4dcb-2c2c1ce995cb" executionId="37f524fa-ba8b-4519-b430-086e53a0d076" testListId="8c84fa94-04c1-424b-9868-57a2d4851a1d" />
    <TestEntry testId="16064910-5ebd-fd1e-cd58-e66c0f8ede4e" executionId="3efdbd23-66cd-44c9-9e92-20e552d86ba0" testListId="8c84fa94-04c1-424b-9868-57a2d4851a1d" />
    <TestEntry testId="15f11c9a-21b5-5d68-bb4e-48c94386e9d2" executionId="4c3e20b9-b2ef-4ca3-bc95-0e3cbf029ae0" testListId="8c84fa94-04c1-424b-9868-57a2d4851a1d" />
    <TestEntry testId="58601bd5-1f12-f781-2524-c9d36294b2c0" executionId="3e30bf0a-4155-481e-a959-1f1d9375f718" testListId="8c84fa94-04c1-424b-9868-57a2d4851a1d" />
    <TestEntry testId="20faf8a4-c94d-b2c4-f0f9-2acad8e8bba3" executionId="2cde2ff5-bd75-4e81-add0-3232ddc00bfd" testListId="8c84fa94-04c1-424b-9868-57a2d4851a1d" />
    <TestEntry testId="3c5e44d7-cebd-4a7c-6607-74a74cc30eb2" executionId="d60e83b4-fedb-428a-87aa-b81e838226b4" testListId="8c84fa94-04c1-424b-9868-57a2d4851a1d" />
    <TestEntry testId="a6e85539-de0a-e1ae-e990-d0e452f05ebc" executionId="11981090-783f-4b47-a6ba-a0f339419e02" testListId="8c84fa94-04c1-424b-9868-57a2d4851a1d" />
    <TestEntry testId="b41a59ea-98df-12de-12b0-1e9dc0b53a13" executionId="79b71018-993d-45bb-b0e9-fee96b06524d" testListId="8c84fa94-04c1-424b-9868-57a2d4851a1d" />
    <TestEntry testId="0f8a8da6-1789-da2d-bbf4-621bfb812e33" executionId="1ef211fc-8d82-4b29-908c-fbd752520d11" testListId="8c84fa94-04c1-424b-9868-57a2d4851a1d" />
    <TestEntry testId="b99fa297-b1f0-9722-d1a7-96e3c3d0476c" executionId="87c66777-1911-4fac-86e8-814862ab5aec" testListId="8c84fa94-04c1-424b-9868-57a2d4851a1d" />
    <TestEntry testId="e0b47bf4-24ab-5fca-fb6b-1149271b91bf" executionId="11577ab4-a2ce-4eb9-8cb0-49bf739701ef" testListId="8c84fa94-04c1-424b-9868-57a2d4851a1d" />
    <TestEntry testId="573395d5-e91b-2a46-e586-6989234ac556" executionId="7d5fcc22-2c1a-4f56-a07a-02c9aa21f3f4" testListId="8c84fa94-04c1-424b-9868-57a2d4851a1d" />
    <TestEntry testId="810a85e2-e582-7fc5-0d0f-0dcae290424c" executionId="61adb882-1dad-4705-8923-04ffc1d6872e" testListId="8c84fa94-04c1-424b-9868-57a2d4851a1d" />
    <TestEntry testId="883fd7f6-bbc7-cdac-b18c-098e0dadf6a5" executionId="28ddd179-8ea5-4ab5-9dcc-b1645c9ba8fa" testListId="8c84fa94-04c1-424b-9868-57a2d4851a1d" />
    <TestEntry testId="9b0d2b73-b4d4-668b-c516-56bd2650f250" executionId="d7c09b9a-963d-4482-a57c-a5274e1a7300" testListId="8c84fa94-04c1-424b-9868-57a2d4851a1d" />
    <TestEntry testId="7532ca98-f92d-17dc-0b7e-b225decadc98" executionId="76b4b44f-760b-4d25-876f-a257956df742" testListId="8c84fa94-04c1-424b-9868-57a2d4851a1d" />
    <TestEntry testId="6e5e1f42-6002-befe-0983-419082368f5c" executionId="d0425cc0-f72d-484d-8394-a7f0f02253b4" testListId="8c84fa94-04c1-424b-9868-57a2d4851a1d" />
    <TestEntry testId="c06713f0-e9db-6b4b-5fc0-cd5f2662d5b4" executionId="2a0b9906-34ee-48ac-87ca-2e00fa443946" testListId="8c84fa94-04c1-424b-9868-57a2d4851a1d" />
    <TestEntry testId="30a14669-df18-ab70-471e-d6d37dddb0ad" executionId="f4327f8f-8e0a-4cec-af6d-087cec5d1b03" testListId="8c84fa94-04c1-424b-9868-57a2d4851a1d" />
    <TestEntry testId="e02ca0ec-5e3a-74ac-c49c-2e4a43fd5866" executionId="2be9e601-ccf6-4e95-9af5-73a73398c957" testListId="8c84fa94-04c1-424b-9868-57a2d4851a1d" />
    <TestEntry testId="0e7499ae-bcb5-1231-45ff-669c9fbebe99" executionId="51cb0470-9acb-4a45-9de3-81c6702ae9b8" testListId="8c84fa94-04c1-424b-9868-57a2d4851a1d" />
    <TestEntry testId="bf0e6ef3-1207-2332-b1b8-675f6375b82e" executionId="d8dca6fc-c198-4595-9826-501c1de68817" testListId="8c84fa94-04c1-424b-9868-57a2d4851a1d" />
    <TestEntry testId="f923cd0f-dfab-9f73-3ae5-765ebddc5875" executionId="9a0db3e5-16e4-45f8-b137-e7572cba78d2" testListId="8c84fa94-04c1-424b-9868-57a2d4851a1d" />
    <TestEntry testId="f7de1aff-11f1-9a54-d1bd-baaf5fae23ea" executionId="c1ee3a1b-a481-414b-a695-733c34af378e" testListId="8c84fa94-04c1-424b-9868-57a2d4851a1d" />
    <TestEntry testId="eb29977b-3bc0-a614-e26a-a08d32d038c9" executionId="1ebae601-1d16-4587-8289-6f3ddf746065" testListId="8c84fa94-04c1-424b-9868-57a2d4851a1d" />
    <TestEntry testId="733d1333-1788-d492-21a6-e6779f56c3d6" executionId="451250b1-90ea-4904-979b-be92090ce957" testListId="8c84fa94-04c1-424b-9868-57a2d4851a1d" />
    <TestEntry testId="a7c83cfb-0f94-edd5-7c75-284df5c9c819" executionId="f4c66770-3c7f-4e51-b98b-a3db1c47b9af" testListId="8c84fa94-04c1-424b-9868-57a2d4851a1d" />
    <TestEntry testId="05caa212-0e87-897a-87eb-4cf639109ebe" executionId="35d3181d-2d4d-4940-a07b-ca2470410f21" testListId="8c84fa94-04c1-424b-9868-57a2d4851a1d" />
    <TestEntry testId="7b99d2d7-ed13-b1c8-b115-1667287ab461" executionId="ad1d274a-46ab-49ae-9823-c289b99ea166" testListId="8c84fa94-04c1-424b-9868-57a2d4851a1d" />
    <TestEntry testId="a5150760-4dcc-d8d2-2909-6dc54e65b23f" executionId="fcaa2e61-a84b-4e04-be83-45cb73563715" testListId="8c84fa94-04c1-424b-9868-57a2d4851a1d" />
    <TestEntry testId="3cbcdaea-d5be-443b-51a5-7e09de3620f3" executionId="6718bb97-ec19-4708-879b-7d6e255710ed" testListId="8c84fa94-04c1-424b-9868-57a2d4851a1d" />
    <TestEntry testId="5b80d864-252f-3f0f-c92b-a96579b571da" executionId="e7a597c5-b24d-4101-94d8-395c56fa614e" testListId="8c84fa94-04c1-424b-9868-57a2d4851a1d" />
    <TestEntry testId="ea7764bf-5cf6-1510-8f2b-0fd3d0e278a7" executionId="f7c0877f-557f-401a-b8e8-a23b7e25db1c" testListId="8c84fa94-04c1-424b-9868-57a2d4851a1d" />
    <TestEntry testId="ed87f482-cc02-9f0a-840b-4c0b6ea42164" executionId="8a736a46-7438-444f-a632-f88d0534a972" testListId="8c84fa94-04c1-424b-9868-57a2d4851a1d" />
    <TestEntry testId="8f2126f5-8c90-1685-549c-b1e48124503d" executionId="fc752f8b-63e0-49f9-b8f4-14202a49a482" testListId="8c84fa94-04c1-424b-9868-57a2d4851a1d" />
    <TestEntry testId="53fb41d8-bfb7-6be6-d02b-4d7695255037" executionId="090f498d-e96f-41a4-8099-e0c7e3e82278" testListId="8c84fa94-04c1-424b-9868-57a2d4851a1d" />
    <TestEntry testId="92dfb640-dd6c-18fa-05ed-9acae7871f38" executionId="f6f15a1b-b949-40b3-8c6a-156cbc33ed95" testListId="8c84fa94-04c1-424b-9868-57a2d4851a1d" />
    <TestEntry testId="036911f7-2384-5519-faa6-d327d5ee7cbb" executionId="1b2b44dd-ed81-4277-b40c-f8f06ae4cb9a" testListId="8c84fa94-04c1-424b-9868-57a2d4851a1d" />
    <TestEntry testId="f5665beb-4141-31cc-d1b4-df165f5a7436" executionId="b6062da6-50b9-4243-90e3-11adfc52cd18" testListId="8c84fa94-04c1-424b-9868-57a2d4851a1d" />
    <TestEntry testId="b6399c58-1e6a-fb77-56dc-2611af0c0f29" executionId="3573965a-24bb-4977-a376-8f0e283253e3" testListId="8c84fa94-04c1-424b-9868-57a2d4851a1d" />
    <TestEntry testId="f6772bce-972d-7b10-b655-8423107fa5e2" executionId="b08f9ec2-89d4-4e0a-bd93-144af0e14781" testListId="8c84fa94-04c1-424b-9868-57a2d4851a1d" />
    <TestEntry testId="0695d487-87b8-6ea4-1fb8-97931b6cea90" executionId="23b70ba3-2ef6-448a-aae9-397dedbd5aa2" testListId="8c84fa94-04c1-424b-9868-57a2d4851a1d" />
    <TestEntry testId="2148c64c-25b8-eef4-4443-3376f2b98299" executionId="143d8896-18e5-49d1-be29-108983abc0b1" testListId="8c84fa94-04c1-424b-9868-57a2d4851a1d" />
    <TestEntry testId="ab4f7604-3681-36b9-1fb6-82e94714e26a" executionId="fb8cb636-8bee-4e44-b8dd-9b1fdbc55a73" testListId="8c84fa94-04c1-424b-9868-57a2d4851a1d" />
    <TestEntry testId="bf38c723-899c-c9a8-5fa1-a2f909dd9916" executionId="6d348c43-d3ea-4866-b0bf-893da7e12cb0" testListId="8c84fa94-04c1-424b-9868-57a2d4851a1d" />
    <TestEntry testId="16f04824-e8a0-931e-4723-42d0fc2b68d1" executionId="f1a79bff-a3bc-452a-b5b7-e781a147c53e" testListId="8c84fa94-04c1-424b-9868-57a2d4851a1d" />
    <TestEntry testId="275fa635-e5e4-9f35-da27-4de35e58bfd0" executionId="e81fd608-40fa-4b52-9ed2-333da07d8a6a" testListId="8c84fa94-04c1-424b-9868-57a2d4851a1d" />
    <TestEntry testId="d2c4ce38-7b16-695f-5881-55d16dc12801" executionId="4e665587-0511-40f3-aee4-3fd13abd19a5" testListId="8c84fa94-04c1-424b-9868-57a2d4851a1d" />
    <TestEntry testId="6b4280c3-f910-fe7e-8283-b1f5cd96372e" executionId="3deb3ce2-4582-42bc-be8b-560c73885e9f" testListId="8c84fa94-04c1-424b-9868-57a2d4851a1d" />
    <TestEntry testId="433f6b6e-886e-8b65-221a-7d52e0655df2" executionId="6c18b55c-7be5-44fe-bad0-b389c68ee190" testListId="8c84fa94-04c1-424b-9868-57a2d4851a1d" />
    <TestEntry testId="ca5078c3-84bf-dfab-c634-d80ffe1e04e6" executionId="ea63f7e8-bdf3-4ee4-9873-c7ac855563d0" testListId="8c84fa94-04c1-424b-9868-57a2d4851a1d" />
    <TestEntry testId="49b9b94a-f48c-dd36-e598-1b2ad541bb7c" executionId="66c4b903-a7aa-4fa1-81d5-62e91c79c7e3" testListId="8c84fa94-04c1-424b-9868-57a2d4851a1d" />
    <TestEntry testId="a7a12e4b-3f73-81ec-6b33-5f03a182adee" executionId="63b16145-1bc0-4f6c-8fbd-1b237393377b" testListId="8c84fa94-04c1-424b-9868-57a2d4851a1d" />
    <TestEntry testId="b7dc6d28-b2d5-a2cf-dff9-2f9dc410f9d3" executionId="a5db329f-77ce-4ee5-985a-b56b25b795ea" testListId="8c84fa94-04c1-424b-9868-57a2d4851a1d" />
    <TestEntry testId="44af3cc9-99bc-31c4-7ac1-cf1f11080ccb" executionId="1e2a7a48-2e58-4b3d-bf96-60383588c316" testListId="8c84fa94-04c1-424b-9868-57a2d4851a1d" />
    <TestEntry testId="73d9a622-8b12-0aca-3e7e-ef7a3260e77e" executionId="b8bd5bc3-aeb4-4218-b9ae-460628df1594" testListId="8c84fa94-04c1-424b-9868-57a2d4851a1d" />
    <TestEntry testId="a1d53d05-8b79-6f6e-1456-0f158e1c43bb" executionId="1577d607-dd61-4267-bd81-eab9fe7c90c9" testListId="8c84fa94-04c1-424b-9868-57a2d4851a1d" />
    <TestEntry testId="47eb4a19-4b26-f51d-81ad-ef96b70114c4" executionId="48dc716b-552f-4c98-9919-a39a2f859301" testListId="8c84fa94-04c1-424b-9868-57a2d4851a1d" />
    <TestEntry testId="0fcc8407-6516-2e8e-5633-0e3b91b469c0" executionId="3aebbbed-5e59-4b7b-9b58-fd2bf64d49f0" testListId="8c84fa94-04c1-424b-9868-57a2d4851a1d" />
    <TestEntry testId="bd414bec-290e-e395-dd52-0922cb6033c0" executionId="0750b4da-b22f-47a2-8e8d-03a98d58f924" testListId="8c84fa94-04c1-424b-9868-57a2d4851a1d" />
    <TestEntry testId="70a32390-a71c-cb8a-ced9-da2f6f1a1963" executionId="92c1205e-b404-4ac2-8f75-1a0a87b6020a" testListId="8c84fa94-04c1-424b-9868-57a2d4851a1d" />
    <TestEntry testId="c3452404-940a-e695-3f52-0f3bff22220b" executionId="ea1395a3-41b8-4c0b-8bc2-df95c2e30d48" testListId="8c84fa94-04c1-424b-9868-57a2d4851a1d" />
    <TestEntry testId="00a89677-9563-695b-dfdd-4fb96d8f9bd8" executionId="e133485f-8368-4798-b32d-2e48e3ec790f" testListId="8c84fa94-04c1-424b-9868-57a2d4851a1d" />
    <TestEntry testId="337c7dff-2a43-43ba-4f23-4aef7db4a482" executionId="6fcd4756-77e5-4b49-8537-ace67d414256" testListId="8c84fa94-04c1-424b-9868-57a2d4851a1d" />
    <TestEntry testId="01f9762e-a42f-97c9-41d8-7060501c24eb" executionId="4efbab78-0461-4e62-ae3b-85073b858ed7" testListId="8c84fa94-04c1-424b-9868-57a2d4851a1d" />
    <TestEntry testId="845d464f-13f0-ffda-9b63-3684ceec4fe5" executionId="c1a47396-a4e3-4d8b-abc5-51049b66f6cf" testListId="8c84fa94-04c1-424b-9868-57a2d4851a1d" />
    <TestEntry testId="4571f10e-2c7a-4cc3-4f77-a1086f23f7e9" executionId="1fb55f1c-cc3b-4e28-84a7-83af3ff576ce" testListId="8c84fa94-04c1-424b-9868-57a2d4851a1d" />
    <TestEntry testId="cde1c48a-521b-e7e8-54a1-e923910a80da" executionId="2a1d383d-7042-4f2d-872d-9d30df531142" testListId="8c84fa94-04c1-424b-9868-57a2d4851a1d" />
    <TestEntry testId="a356056a-6fc4-8a6b-c10b-8469afa85fd9" executionId="9cd1b97a-97d9-43dc-afc9-55db51fe581e" testListId="8c84fa94-04c1-424b-9868-57a2d4851a1d" />
    <TestEntry testId="0f1335ca-c3af-7069-5f95-03bc391f09e2" executionId="29240858-f30c-46a4-a7fe-f02fc57cb440" testListId="8c84fa94-04c1-424b-9868-57a2d4851a1d" />
    <TestEntry testId="b8307f6f-8fce-93e7-02f3-d77d32f90c9f" executionId="eb3cc5c6-2bfa-4e0f-bfad-f27943bc3a4e" testListId="8c84fa94-04c1-424b-9868-57a2d4851a1d" />
    <TestEntry testId="ae95f335-db66-dbde-8663-9d4d96bdf3f6" executionId="d1749338-bed5-47e6-a8d2-63e6759fd50f" testListId="8c84fa94-04c1-424b-9868-57a2d4851a1d" />
    <TestEntry testId="7ffc0aad-53bc-787a-150a-2a8a166beab3" executionId="688eaefb-d4f1-42e3-ae45-f00cef9efcaf" testListId="8c84fa94-04c1-424b-9868-57a2d4851a1d" />
    <TestEntry testId="217554e3-3ad0-bd98-ddca-13bacff03ec8" executionId="232908b8-3590-47ac-889c-19389a0bf347" testListId="8c84fa94-04c1-424b-9868-57a2d4851a1d" />
    <TestEntry testId="c314ddc6-c690-ec6f-d64d-234440a4e097" executionId="c92c2159-63ee-44c4-8e59-7e243fa4848e" testListId="8c84fa94-04c1-424b-9868-57a2d4851a1d" />
    <TestEntry testId="65ffc494-7598-763f-7720-e2d2bd8b84b7" executionId="931599d5-0bc1-4fbf-a842-806993a4a950" testListId="8c84fa94-04c1-424b-9868-57a2d4851a1d" />
    <TestEntry testId="c4363172-6072-e6ed-9b9b-652d26966412" executionId="c043821d-cefd-49af-98e1-1b552ab64109" testListId="8c84fa94-04c1-424b-9868-57a2d4851a1d" />
    <TestEntry testId="7baea902-e2e9-53d4-7cdc-e8059f6b09ef" executionId="b6a3855a-d7d7-4208-8242-809a7c02462a" testListId="8c84fa94-04c1-424b-9868-57a2d4851a1d" />
    <TestEntry testId="d6a5e63e-bf3f-906d-be46-548c7322b626" executionId="ae38f468-ad19-4447-9c32-4e42e2175c2a" testListId="8c84fa94-04c1-424b-9868-57a2d4851a1d" />
    <TestEntry testId="00d617af-6247-ba87-11ce-100f962d413c" executionId="e5178080-c947-4e10-a2fc-af96c4ed2f76" testListId="8c84fa94-04c1-424b-9868-57a2d4851a1d" />
    <TestEntry testId="8e06bb8a-df9b-49e7-df24-70c4c5ea78c6" executionId="22266bb6-fbc7-4e88-95f9-655d47e8b270" testListId="8c84fa94-04c1-424b-9868-57a2d4851a1d" />
    <TestEntry testId="a94f123f-8935-546c-5c5a-07aa63d7af1e" executionId="17c6ac75-7cf4-4cf6-a28d-edf216757cc0" testListId="8c84fa94-04c1-424b-9868-57a2d4851a1d" />
    <TestEntry testId="2aab4853-62b8-e5a4-9d57-8bc7b632ccf1" executionId="de4fe25d-6006-414d-abd5-eb24409eff8a" testListId="8c84fa94-04c1-424b-9868-57a2d4851a1d" />
    <TestEntry testId="c8f2f4ad-ed3e-fd96-a48c-7da7c577add2" executionId="adc3b529-028a-4c55-823a-70ea3083c033" testListId="8c84fa94-04c1-424b-9868-57a2d4851a1d" />
    <TestEntry testId="388aed93-12bc-49ae-1bef-71de96f3fa9d" executionId="b1ba30b7-7834-4d67-8709-1dfbf4324218" testListId="8c84fa94-04c1-424b-9868-57a2d4851a1d" />
    <TestEntry testId="3748e06c-9fc0-314f-f904-1bd2493b3b89" executionId="48f21844-323f-4094-9023-09e84433ed37" testListId="8c84fa94-04c1-424b-9868-57a2d4851a1d" />
    <TestEntry testId="7a6afa5a-dfef-e987-d9d5-5e11b53c298d" executionId="eb38b363-f94c-47ab-9ba7-476018ec6f79" testListId="8c84fa94-04c1-424b-9868-57a2d4851a1d" />
    <TestEntry testId="92a83c29-5451-af75-9d96-2c442b373387" executionId="523dc241-9f62-42c7-ab70-23a5f0806d00" testListId="8c84fa94-04c1-424b-9868-57a2d4851a1d" />
    <TestEntry testId="78dd33ad-7d05-8ac2-7cf1-05e6030cbec7" executionId="7fd61b2b-fb8d-40c9-ad3e-498151079bb8" testListId="8c84fa94-04c1-424b-9868-57a2d4851a1d" />
    <TestEntry testId="6f44b1e1-6404-6fc2-3c57-1748b0e9837d" executionId="69d82be3-a369-422b-b678-b53d11f6dc98" testListId="8c84fa94-04c1-424b-9868-57a2d4851a1d" />
    <TestEntry testId="b2e32f91-bb82-ff66-f1be-47f3c58ae677" executionId="76a988de-aaf8-4678-9a41-ff35ebb9053f" testListId="8c84fa94-04c1-424b-9868-57a2d4851a1d" />
    <TestEntry testId="686f9d2a-c7ff-8db1-8b1e-95429ab3ad58" executionId="eb5d9904-1c2b-4acc-9449-529274d587fa" testListId="8c84fa94-04c1-424b-9868-57a2d4851a1d" />
    <TestEntry testId="4a79037f-14d5-26db-9906-7a2a36acb6ec" executionId="e3475d1c-11bb-4f05-9252-5638f2115bbe" testListId="8c84fa94-04c1-424b-9868-57a2d4851a1d" />
    <TestEntry testId="8383b9c9-88e6-4176-1fd0-2e50139b5477" executionId="9fe18bd4-7100-4db0-93fc-a74cba6801dd" testListId="8c84fa94-04c1-424b-9868-57a2d4851a1d" />
    <TestEntry testId="a0b346aa-2437-d840-3e78-065ff866660d" executionId="9488a0c6-4868-4e28-9bd5-c3b7cada7199" testListId="8c84fa94-04c1-424b-9868-57a2d4851a1d" />
    <TestEntry testId="731a6fd6-ce64-c4db-483d-085da8382f32" executionId="b4867fc1-ad48-4e47-bc42-7fb5f448c04f" testListId="8c84fa94-04c1-424b-9868-57a2d4851a1d" />
    <TestEntry testId="4b6f7373-4d44-bfe4-c7ca-f641d93c77ff" executionId="6c5db0ca-1801-4d38-b0ae-31b045dd81a3" testListId="8c84fa94-04c1-424b-9868-57a2d4851a1d" />
    <TestEntry testId="9cc5d321-8a3e-a180-bc6b-1cd7b7c9af5b" executionId="a135201a-1759-4796-a0e8-41826a63cb51" testListId="8c84fa94-04c1-424b-9868-57a2d4851a1d" />
    <TestEntry testId="c82471e8-e9f1-f2f0-d51d-80b083577231" executionId="663966ba-3553-49f4-9159-518902d41163" testListId="8c84fa94-04c1-424b-9868-57a2d4851a1d" />
    <TestEntry testId="c8a161a0-edcf-e86c-24d8-ddd5a7759262" executionId="5b24d75b-15ab-443e-a45a-30368bb08791" testListId="8c84fa94-04c1-424b-9868-57a2d4851a1d" />
    <TestEntry testId="7772ce28-4782-e405-2138-d2e3c0362ae5" executionId="edd69dc5-b96c-49e1-89a1-15aae7a6d4da" testListId="8c84fa94-04c1-424b-9868-57a2d4851a1d" />
    <TestEntry testId="eb0c8ade-06e1-b4e7-3243-50e3095bfbb4" executionId="4ca8228c-e415-4f00-b3c0-fdf210817513" testListId="8c84fa94-04c1-424b-9868-57a2d4851a1d" />
    <TestEntry testId="6e86a282-185b-4a0b-838f-cde8c645cea6" executionId="2f2b9dc7-c7ac-4747-9ee2-d439c3f9ec01" testListId="8c84fa94-04c1-424b-9868-57a2d4851a1d" />
    <TestEntry testId="db6a86fe-4a7e-e384-b6b5-d8a777a6132c" executionId="3ae39ac0-43e2-4b8d-bbcf-917b7d308849" testListId="8c84fa94-04c1-424b-9868-57a2d4851a1d" />
    <TestEntry testId="e84dffc8-afdb-a93f-d68c-9d98b8bd8f30" executionId="912d30d5-f1b1-4522-bd19-1a62dc404fcb" testListId="8c84fa94-04c1-424b-9868-57a2d4851a1d" />
    <TestEntry testId="d21ecc77-937d-6883-194e-2ddde3279a3d" executionId="69ae4d90-2e5f-497c-9793-c7552b76d947" testListId="8c84fa94-04c1-424b-9868-57a2d4851a1d" />
    <TestEntry testId="7dd21592-189a-4d19-b3ea-b38e7875aeb5" executionId="6088591f-6815-4f6d-b3fa-8d8cdf5642e1" testListId="8c84fa94-04c1-424b-9868-57a2d4851a1d" />
    <TestEntry testId="5bc6ab31-f6d8-46a8-9929-0af644d7e346" executionId="4d30e7f4-87d1-4617-8116-a4eca2bee06d" testListId="8c84fa94-04c1-424b-9868-57a2d4851a1d" />
    <TestEntry testId="73090bc5-1d54-4ef5-9465-eb13087ff653" executionId="77f6fe25-4b48-4a87-ae10-ac11776a327e" testListId="8c84fa94-04c1-424b-9868-57a2d4851a1d" />
    <TestEntry testId="34ac1e6e-8fd4-4dda-8e3a-dc7a9e3cd58a" executionId="82ff7f93-e425-4256-8aca-9204071267ef" testListId="8c84fa94-04c1-424b-9868-57a2d4851a1d" />
    <TestEntry testId="96c28bb0-3b3f-40e2-b3dd-01b04e255c13" executionId="eb86cdeb-9169-4009-96f7-4dd27e3f9b6f" testListId="8c84fa94-04c1-424b-9868-57a2d4851a1d" />
    <TestEntry testId="a9a813d9-f539-4810-8d20-516fb29eb66d" executionId="be9c2714-23bc-4df3-9f7c-db99a1a4cfaf" testListId="8c84fa94-04c1-424b-9868-57a2d4851a1d" />
    <TestEntry testId="ae18a1c8-1a06-41ec-91d8-263e4009f1ab" executionId="3a797194-a0dd-4635-9d7f-6698c03524f6" testListId="8c84fa94-04c1-424b-9868-57a2d4851a1d" />
    <TestEntry testId="fc13dad8-f0ac-4a17-b9c5-cf1c693fdd08" executionId="58167cde-3df0-40cd-b746-7dd4294aff49" testListId="8c84fa94-04c1-424b-9868-57a2d4851a1d" />
    <TestEntry testId="e5310004-7800-4eac-ab57-1d8c0ed510fb" executionId="4014756a-af4f-4010-a6e1-55a44c660267" testListId="8c84fa94-04c1-424b-9868-57a2d4851a1d" />
    <TestEntry testId="fd0c716a-4ad6-4f04-8998-774971045920" executionId="fc73ea87-3ac6-47f7-82c7-d68538d90bf2" testListId="8c84fa94-04c1-424b-9868-57a2d4851a1d" />
    <TestEntry testId="f3a8ec37-8836-4448-bc73-1880f5034cf1" executionId="35d0d80b-b757-459e-a511-f60e1e2eb0ba" testListId="8c84fa94-04c1-424b-9868-57a2d4851a1d" />
    <TestEntry testId="4c8d815b-a861-4697-a98d-854619522676" executionId="24aa2254-7ebb-407e-8110-328f3387ddad" testListId="8c84fa94-04c1-424b-9868-57a2d4851a1d" />
    <TestEntry testId="16026900-0abd-4996-93c0-7c510d388eb7" executionId="532fe6c7-a83e-4612-a9cd-89a601e25e51" testListId="8c84fa94-04c1-424b-9868-57a2d4851a1d" />
    <TestEntry testId="70b16c43-d819-4ce7-9bb0-5c1df53b278f" executionId="ec72e1b9-0342-42fc-9062-4aad7661e51a" testListId="8c84fa94-04c1-424b-9868-57a2d4851a1d" />
    <TestEntry testId="114de90d-d10f-4a08-abd2-64b31d6868ba" executionId="b38b25eb-cb04-47c5-b7bc-0f255a6b0dbd" testListId="8c84fa94-04c1-424b-9868-57a2d4851a1d" />
    <TestEntry testId="447d1600-ce1d-4828-9e21-ffbc4c8f6ddd" executionId="7f7b487f-9d17-4938-9a1e-2ea7ab3db83e" testListId="8c84fa94-04c1-424b-9868-57a2d4851a1d" />
    <TestEntry testId="2e8cf0f8-15dd-4cfa-b4b5-0a5374bd2bd8" executionId="a9a2c847-54d2-4a26-b077-962b6b8eca07" testListId="8c84fa94-04c1-424b-9868-57a2d4851a1d" />
    <TestEntry testId="2174d70f-f275-4e0b-a332-42865bc12cd0" executionId="6723609a-ad40-4308-b66c-40517af8911d" testListId="8c84fa94-04c1-424b-9868-57a2d4851a1d" />
    <TestEntry testId="a92a85fa-d7e2-4552-8b74-471c1d4d0429" executionId="fcb323f5-a5eb-4767-9acb-b4dccf34c8bf" testListId="8c84fa94-04c1-424b-9868-57a2d4851a1d" />
    <TestEntry testId="eb9757a4-b995-4f73-83ef-887c51762c19" executionId="33a3c194-6ceb-4854-b09c-a9bba314a9dc" testListId="8c84fa94-04c1-424b-9868-57a2d4851a1d" />
    <TestEntry testId="b7e606ab-0d48-4605-b7bf-32a180a73d41" executionId="9de41c8a-ec72-4430-9918-5054ef64f2c5" testListId="8c84fa94-04c1-424b-9868-57a2d4851a1d" />
    <TestEntry testId="26f23fce-20fa-4fc4-bcb4-7deebef6a1b3" executionId="9636630e-656d-4260-acb5-c8feeb72eec0" testListId="8c84fa94-04c1-424b-9868-57a2d4851a1d" />
    <TestEntry testId="eea201e8-d4c1-4302-a852-64fb983c924a" executionId="9d2b3dad-06df-4c85-a7e0-3c7aaeab6830" testListId="8c84fa94-04c1-424b-9868-57a2d4851a1d" />
    <TestEntry testId="8059bb62-455d-41c1-b9d6-36920724af4c" executionId="92187853-e6a7-4380-82d0-c96fe9f95206" testListId="8c84fa94-04c1-424b-9868-57a2d4851a1d" />
    <TestEntry testId="b2312421-4bcd-dc80-a0db-9d0d0a90a02c" executionId="6e30a9b9-01a1-4d17-8bbf-ff953e2cd27a" testListId="8c84fa94-04c1-424b-9868-57a2d4851a1d" />
    <TestEntry testId="264a9f60-085d-073a-bee6-0c07433dd5f8" executionId="73a350fc-4f4c-4aa9-91e5-2f2272a9723b" testListId="8c84fa94-04c1-424b-9868-57a2d4851a1d" />
    <TestEntry testId="b625eda3-2ce7-6194-25c0-6732641656bf" executionId="78a81619-7d04-4743-8d84-3250eeb94b03" testListId="8c84fa94-04c1-424b-9868-57a2d4851a1d" />
    <TestEntry testId="ea663aba-5c32-5c8e-0197-04ef74823f7d" executionId="8d1d5ff4-96e4-4bb6-ad4f-be4473754032" testListId="8c84fa94-04c1-424b-9868-57a2d4851a1d" />
    <TestEntry testId="60e4c274-1839-f400-bb64-d017cb6da65b" executionId="8aa70cfc-4dad-48ca-8e66-b2c1358dd2bf" testListId="8c84fa94-04c1-424b-9868-57a2d4851a1d" />
    <TestEntry testId="0f5f84a3-498e-db8c-ed26-6a506905baab" executionId="2e57819c-13fd-491c-897b-eb2422736745" testListId="8c84fa94-04c1-424b-9868-57a2d4851a1d" />
    <TestEntry testId="9bd7452b-98a4-57a3-35bb-2d6d6124e83a" executionId="26f9f4da-0e10-4f99-80a4-b6fc3b11083b" testListId="8c84fa94-04c1-424b-9868-57a2d4851a1d" />
    <TestEntry testId="e1751d08-1173-77ff-e928-ff280680654b" executionId="801a5f8d-0d76-476c-897b-5aa23d387763" testListId="8c84fa94-04c1-424b-9868-57a2d4851a1d" />
    <TestEntry testId="006e9207-f4bc-9619-a804-b711daad631b" executionId="5484c1ba-2d71-4e52-9ebd-2420bd5f38ce" testListId="8c84fa94-04c1-424b-9868-57a2d4851a1d" />
    <TestEntry testId="2092375e-3739-e24e-c38c-1ac68239b25a" executionId="45d99519-f98e-442d-9849-1ae8303c36ba" testListId="8c84fa94-04c1-424b-9868-57a2d4851a1d" />
    <TestEntry testId="a52f6c48-1ccf-c1db-c7b9-27e20eafd7b1" executionId="5cdf341f-c6be-41ae-a5d1-592dd83515ce" testListId="8c84fa94-04c1-424b-9868-57a2d4851a1d" />
    <TestEntry testId="557a9f18-c83a-e5bc-6cdf-97a3dde3326a" executionId="0f745eef-0c15-46ff-83dd-b2d9923c5a8d" testListId="8c84fa94-04c1-424b-9868-57a2d4851a1d" />
    <TestEntry testId="358a4689-813f-04e6-73b4-61410401c7b1" executionId="ced9e96d-06f5-460e-a8fa-afe5685fc6d1" testListId="8c84fa94-04c1-424b-9868-57a2d4851a1d" />
    <TestEntry testId="854fe98c-eaf7-3227-faa1-14a77e342cfc" executionId="691bfc2d-4d11-408a-8450-281c30e6f7f3" testListId="8c84fa94-04c1-424b-9868-57a2d4851a1d" />
    <TestEntry testId="b5a096f7-e7cb-48be-9e42-84c9b08e3c6c" executionId="67b6be98-2a1e-4109-a940-c23cdcc14f04" testListId="8c84fa94-04c1-424b-9868-57a2d4851a1d" />
    <TestEntry testId="035566ac-8be7-833b-bbc1-a0a115188012" executionId="619f2604-399f-49a5-b69a-d0c2092e8b75" testListId="8c84fa94-04c1-424b-9868-57a2d4851a1d" />
    <TestEntry testId="09964b86-fd78-cbf2-aa1b-6e958a36f4c7" executionId="c07ca539-50b0-4335-9763-5d7912f11740" testListId="8c84fa94-04c1-424b-9868-57a2d4851a1d" />
    <TestEntry testId="fed3afa1-c010-228a-752d-ee11a71fe2ec" executionId="1ecd1354-5c6a-4dc1-9215-d847ea22f1c3" testListId="8c84fa94-04c1-424b-9868-57a2d4851a1d" />
    <TestEntry testId="37413a88-5188-b024-53b7-e020b0754408" executionId="9bfb0350-96db-455e-86c2-0e0830533c4e" testListId="8c84fa94-04c1-424b-9868-57a2d4851a1d" />
    <TestEntry testId="0768977b-272e-86eb-6139-1d92899c3816" executionId="ea4f61aa-b5b4-4829-941b-7471061c4add" testListId="8c84fa94-04c1-424b-9868-57a2d4851a1d" />
    <TestEntry testId="db36a3bc-d7bf-1222-2404-df7b1e00d389" executionId="706c6907-2e68-4722-b3ae-7b451d6b548e" testListId="8c84fa94-04c1-424b-9868-57a2d4851a1d" />
    <TestEntry testId="caf688c6-0349-fd7e-c52e-644ebbb0c155" executionId="78565d25-9758-40a0-99f9-399374b6ce2f" testListId="8c84fa94-04c1-424b-9868-57a2d4851a1d" />
    <TestEntry testId="cdb35d3d-bcd3-555e-ec01-9c47fc60f949" executionId="2c468255-61d9-47ba-a4da-958df16b85a0" testListId="8c84fa94-04c1-424b-9868-57a2d4851a1d" />
    <TestEntry testId="60d7b930-1014-c233-e49a-dc903d65ba7a" executionId="bad3fa86-b2c5-403a-b193-247ee3cf8736" testListId="8c84fa94-04c1-424b-9868-57a2d4851a1d" />
    <TestEntry testId="2c06a36c-f26c-6b50-2904-31526fb1c530" executionId="7810b405-2664-468a-8bcd-d26712c6c3f6" testListId="8c84fa94-04c1-424b-9868-57a2d4851a1d" />
    <TestEntry testId="8a759f5f-11aa-5ff7-2750-e744c42e00a6" executionId="8d812ac1-4424-4ea7-9103-9714c7fc3f86" testListId="8c84fa94-04c1-424b-9868-57a2d4851a1d" />
    <TestEntry testId="0e2b2179-5753-84e8-9943-b6cd76a10953" executionId="135ac2d1-366e-40c6-976c-7dca17fe6fb3" testListId="8c84fa94-04c1-424b-9868-57a2d4851a1d" />
    <TestEntry testId="1bf42f02-99d5-4acf-b860-727bdf7de6cb" executionId="13e8d9bb-6c2d-4d44-9eec-dccc884ab21b" testListId="8c84fa94-04c1-424b-9868-57a2d4851a1d" />
    <TestEntry testId="20ea7d9b-1153-4d4c-9b6c-f9ead50785f6" executionId="185363d9-9945-4be3-a582-f23da55c79d0" testListId="8c84fa94-04c1-424b-9868-57a2d4851a1d" />
    <TestEntry testId="f839598a-b695-4c89-a3fa-5f8540ae2fd5" executionId="f665b5d8-d024-494b-b755-35a49c7ace1b" testListId="8c84fa94-04c1-424b-9868-57a2d4851a1d" />
    <TestEntry testId="b90f5cfd-98c2-47f2-86d7-6a05dee813c4" executionId="668a591a-492d-494c-a82e-78b50929981d" testListId="8c84fa94-04c1-424b-9868-57a2d4851a1d" />
    <TestEntry testId="5b7bbcef-3952-4d94-9e57-2fd217f09e5f" executionId="a066a369-ed4e-4ffa-9cfe-dca45e39175f" testListId="8c84fa94-04c1-424b-9868-57a2d4851a1d" />
    <TestEntry testId="935684b4-b94b-40b3-9c5b-5a78eedbedbb" executionId="b1992352-8e68-4c92-8250-c7a170204b5d" testListId="8c84fa94-04c1-424b-9868-57a2d4851a1d" />
    <TestEntry testId="f45a1700-95d4-49df-b134-3e549810c596" executionId="a9d55275-4050-405e-adf5-690a46c82d91" testListId="8c84fa94-04c1-424b-9868-57a2d4851a1d" />
    <TestEntry testId="89ed41b7-f2f7-42b8-876d-f64eb8243185" executionId="e1c44e68-71bb-479e-a837-ed1cf9cae2e9" testListId="8c84fa94-04c1-424b-9868-57a2d4851a1d" />
    <TestEntry testId="06daa2fa-b66a-42bc-b025-5ede350d31d3" executionId="29cd45d4-2bd1-4537-8598-5f6b5fdd922d" testListId="8c84fa94-04c1-424b-9868-57a2d4851a1d" />
    <TestEntry testId="0e4c0d9a-a653-48c1-9df8-8debb31f81fe" executionId="8d1811d2-03f8-44a8-8d41-7621dd62515d" testListId="8c84fa94-04c1-424b-9868-57a2d4851a1d" />
    <TestEntry testId="597d923a-5cbc-4d9e-b88a-966bfeff6032" executionId="db7fdbbb-f733-4453-b5b9-68ed7a0d5642" testListId="8c84fa94-04c1-424b-9868-57a2d4851a1d" />
    <TestEntry testId="f7aae39f-359a-4deb-819c-19e07e451bda" executionId="48243985-631c-4c27-a6c6-aab2834fc73c" testListId="8c84fa94-04c1-424b-9868-57a2d4851a1d" />
    <TestEntry testId="ddd6441e-c8de-48ac-929a-499cfd21327d" executionId="86327fa6-7fd3-46f9-b03f-00f43e9c348c" testListId="8c84fa94-04c1-424b-9868-57a2d4851a1d" />
    <TestEntry testId="e74c13df-5d16-4f09-8d00-3409a9f6370f" executionId="02a81074-cebd-42e4-822f-f840c0b01582" testListId="8c84fa94-04c1-424b-9868-57a2d4851a1d" />
    <TestEntry testId="78f936de-5886-428f-b8f7-e08a6297d504" executionId="bba7759d-445f-4033-93bf-8216a587db6d" testListId="8c84fa94-04c1-424b-9868-57a2d4851a1d" />
    <TestEntry testId="6bd88669-bc24-8810-83bf-7b1ff00aea93" executionId="aa5f2627-0d61-4aef-a3cb-dc393890a5d1" testListId="8c84fa94-04c1-424b-9868-57a2d4851a1d" />
    <TestEntry testId="617629e8-7fc0-e284-7ea3-99ad39415273" executionId="07061e5b-d241-48a4-a8f4-5d160ad6ffc5" testListId="8c84fa94-04c1-424b-9868-57a2d4851a1d" />
    <TestEntry testId="3e168676-1e6a-96f4-f507-0026d0dba375" executionId="fa823a36-53f6-482d-919a-653ef402b489" testListId="8c84fa94-04c1-424b-9868-57a2d4851a1d" />
    <TestEntry testId="ca97c74d-dc03-4a4c-9a08-c17bcfdb4d9f" executionId="64521244-0afa-43c3-92bb-adc810c99876" testListId="8c84fa94-04c1-424b-9868-57a2d4851a1d" />
    <TestEntry testId="9b961824-d80e-9955-a55a-67525bc8cc20" executionId="f2bd854f-827b-4aae-b041-35a9ab46f6f8" testListId="8c84fa94-04c1-424b-9868-57a2d4851a1d" />
    <TestEntry testId="cc5c2a3e-0db6-793e-0d95-b864f01e364c" executionId="e3f087fd-f559-4684-bba0-bed04b889834" testListId="8c84fa94-04c1-424b-9868-57a2d4851a1d" />
    <TestEntry testId="39411367-3a8d-8446-016c-9e09b6d4b292" executionId="e74e1c32-3100-432b-a63e-224f583e94ae" testListId="8c84fa94-04c1-424b-9868-57a2d4851a1d" />
    <TestEntry testId="f65054d2-26fd-089a-419d-ea67ebee56e0" executionId="fb9578a0-9ada-4cd5-a0e4-c451d32de1ed" testListId="8c84fa94-04c1-424b-9868-57a2d4851a1d" />
    <TestEntry testId="5080e5b9-0629-be6b-8b84-db7c0d7debe4" executionId="264973d9-e526-499e-9ac9-625f88af7cb6" testListId="8c84fa94-04c1-424b-9868-57a2d4851a1d" />
    <TestEntry testId="09a049af-c248-b3f4-c066-98198e9afc78" executionId="fae88b62-cae8-42d2-afed-e0c98cb2b578" testListId="8c84fa94-04c1-424b-9868-57a2d4851a1d" />
    <TestEntry testId="f5c284a0-d9a5-14ca-eb72-369fa67ef8b6" executionId="c7654b2c-cb2d-4b1a-8c60-16f9a84d2076" testListId="8c84fa94-04c1-424b-9868-57a2d4851a1d" />
    <TestEntry testId="20d85082-5556-1d3a-59d0-ba2f73f18c17" executionId="68f34306-71b7-4ec0-9d31-f348e54e12cc" testListId="8c84fa94-04c1-424b-9868-57a2d4851a1d" />
    <TestEntry testId="117b3747-b723-f669-300b-692b154881c8" executionId="759b1d41-f4fe-4f0c-8753-83206367266d" testListId="8c84fa94-04c1-424b-9868-57a2d4851a1d" />
    <TestEntry testId="373484e5-18a4-6607-dea3-ec6772f1ce92" executionId="78e53f6f-9a75-48e0-81b4-994b81b938c8" testListId="8c84fa94-04c1-424b-9868-57a2d4851a1d" />
    <TestEntry testId="574e22a4-8534-9785-1228-0e2deeaef53a" executionId="2f370d16-7a12-446b-bf46-b2bf0c693a8b" testListId="8c84fa94-04c1-424b-9868-57a2d4851a1d" />
    <TestEntry testId="9decd2bf-16a8-eed8-bb67-ff3a3abb15e4" executionId="4e644169-f754-4023-97b7-f4c8643d8ef2" testListId="8c84fa94-04c1-424b-9868-57a2d4851a1d" />
    <TestEntry testId="bfcfc1b4-8c06-7432-8751-c8f7e1d185f3" executionId="75d1d990-da7c-4285-bea7-ea249ba9ed26" testListId="8c84fa94-04c1-424b-9868-57a2d4851a1d" />
    <TestEntry testId="2c407d33-2a95-08bd-77f5-ead9c24c1593" executionId="91516c87-23a5-4ff7-a7d6-e2d001f308a5" testListId="8c84fa94-04c1-424b-9868-57a2d4851a1d" />
    <TestEntry testId="d35d10af-70a0-9292-5054-8520a2d1a5d0" executionId="8adc5e89-8692-4c98-9e8b-8fdfc57bbbd7" testListId="8c84fa94-04c1-424b-9868-57a2d4851a1d" />
    <TestEntry testId="d8663f1a-baf0-f783-bf74-e701416a0467" executionId="86528ab2-2190-4b2d-a998-1d84be8fd7e9" testListId="8c84fa94-04c1-424b-9868-57a2d4851a1d" />
    <TestEntry testId="238d3e6b-660c-b770-1660-baf76289c1ed" executionId="d89f2e63-f440-4ec7-a0f4-4d120b0cf996" testListId="8c84fa94-04c1-424b-9868-57a2d4851a1d" />
    <TestEntry testId="e6f1c710-1b63-5b48-9197-7e47427a8aa6" executionId="40ad18db-8858-4e85-a4f2-6ec8f1b09c96" testListId="8c84fa94-04c1-424b-9868-57a2d4851a1d" />
    <TestEntry testId="dd9057c5-540c-a3d6-ed59-8fc92239bc7a" executionId="1541b3e7-0230-499d-875a-365fe111853f" testListId="8c84fa94-04c1-424b-9868-57a2d4851a1d" />
    <TestEntry testId="b7d950eb-bab5-9502-60db-a363b5f2194a" executionId="139019c0-d76d-4c2f-b247-672e47683ca3" testListId="8c84fa94-04c1-424b-9868-57a2d4851a1d" />
    <TestEntry testId="975890e5-31db-7792-3d04-27c8681a570d" executionId="eed6d054-0472-4049-a5d4-e12b8c266307" testListId="8c84fa94-04c1-424b-9868-57a2d4851a1d" />
    <TestEntry testId="edf68c94-a5ec-b730-9778-44078c572537" executionId="4f34d4b4-6c15-4c5e-8835-ad1daedca57c" testListId="8c84fa94-04c1-424b-9868-57a2d4851a1d" />
    <TestEntry testId="e55229e1-343f-2a9f-baea-eff8d15abefc" executionId="042983e6-1c3d-4c24-8ee2-8ebd951fa8cc" testListId="8c84fa94-04c1-424b-9868-57a2d4851a1d" />
    <TestEntry testId="f5b77f69-6919-fa03-cd56-5fe96735515a" executionId="bdc4cfe5-fac7-4805-bc00-245c3baae100" testListId="8c84fa94-04c1-424b-9868-57a2d4851a1d" />
    <TestEntry testId="dc442020-b99c-8546-d90c-04ee3ba42205" executionId="7ce3f012-8ac5-4742-94f7-14cd968b64d0" testListId="8c84fa94-04c1-424b-9868-57a2d4851a1d" />
    <TestEntry testId="7d59e641-832c-2363-bfa6-6dbb7d6f87df" executionId="25d66016-2f3d-4d0d-9d23-ad27f43bf2b1" testListId="8c84fa94-04c1-424b-9868-57a2d4851a1d" />
    <TestEntry testId="244491c1-5d65-7e1c-fc55-c1b2eb8b4a5f" executionId="fa50ff06-3fd5-48cd-b354-a20ec234742e" testListId="8c84fa94-04c1-424b-9868-57a2d4851a1d" />
    <TestEntry testId="f4efaebc-7e9c-7f81-4fc6-a4f90c2b264f" executionId="a51550b7-a973-4623-946d-06272a5416b1" testListId="8c84fa94-04c1-424b-9868-57a2d4851a1d" />
    <TestEntry testId="902a703a-ce37-8f09-b9c0-6fc9ba2e736e" executionId="65ab628a-4b07-4dfc-be55-4967b24737d5" testListId="8c84fa94-04c1-424b-9868-57a2d4851a1d" />
    <TestEntry testId="afee2aa8-b35f-f1d7-909f-9d68d4e12bcc" executionId="60f12f8d-03e1-406e-9c4d-a56016b04166" testListId="8c84fa94-04c1-424b-9868-57a2d4851a1d" />
    <TestEntry testId="7312ddc3-6e8d-cb06-b59e-ffaf3a1a8e83" executionId="98fcb215-2680-4002-a9bf-79fa70a0aad2" testListId="8c84fa94-04c1-424b-9868-57a2d4851a1d" />
    <TestEntry testId="ca98eac0-a8d6-7ac0-f66f-411b005349d4" executionId="20254458-f507-4a98-86e0-7cbf571ebdb1" testListId="8c84fa94-04c1-424b-9868-57a2d4851a1d" />
    <TestEntry testId="5c21bd83-cf2e-acf5-f640-695cad3d33b2" executionId="e25207f2-2a74-4106-b567-ad4f58c04d64" testListId="8c84fa94-04c1-424b-9868-57a2d4851a1d" />
    <TestEntry testId="eda22834-9396-4633-4d26-b2fa33e6800e" executionId="b42d15ae-7b1f-4f15-8ad7-70b9dabab3de" testListId="8c84fa94-04c1-424b-9868-57a2d4851a1d" />
    <TestEntry testId="299800e5-2cfa-e0f4-c639-615d9f28793f" executionId="e9f7d4ed-e15c-4d38-83d2-0dab631aae0a" testListId="8c84fa94-04c1-424b-9868-57a2d4851a1d" />
    <TestEntry testId="148fc3fb-6338-5912-75bc-8b1b122b40f0" executionId="775a3c3e-e8af-4c97-bd77-9ce7c3d28085" testListId="8c84fa94-04c1-424b-9868-57a2d4851a1d" />
    <TestEntry testId="0f30872d-3b5e-d4f3-dd8f-18ecb264eccb" executionId="e506421f-9d74-4ad4-bc0a-357b600aceb2" testListId="8c84fa94-04c1-424b-9868-57a2d4851a1d" />
    <TestEntry testId="4311a973-fec4-b643-81c4-2b4a36c3350e" executionId="bc118b0d-1bf0-4a82-a70e-c2e41826a831" testListId="8c84fa94-04c1-424b-9868-57a2d4851a1d" />
    <TestEntry testId="d170a57f-e2bc-d2fb-3b80-2f4b091b9ac8" executionId="f00ac054-e271-4460-a28d-442481977220" testListId="8c84fa94-04c1-424b-9868-57a2d4851a1d" />
    <TestEntry testId="d3bb0b54-0f55-f922-ca35-49317e50e936" executionId="f3f1e755-c812-4837-92b8-391bf5de10a4" testListId="8c84fa94-04c1-424b-9868-57a2d4851a1d" />
    <TestEntry testId="f71b43fa-e0c9-4281-c8c5-254fb708d7c0" executionId="7b9cdf8c-dd6f-4a36-aac3-249e17751b23" testListId="8c84fa94-04c1-424b-9868-57a2d4851a1d" />
    <TestEntry testId="bd4e1ed7-4d74-0073-54b6-9057edf998f5" executionId="b1663db6-c842-4efd-b7ab-39df1330e4e4" testListId="8c84fa94-04c1-424b-9868-57a2d4851a1d" />
    <TestEntry testId="a59c915c-3e09-54ae-fc45-8b07373cfacb" executionId="cb65d268-6a73-4f71-b65d-750ed7e6bcec" testListId="8c84fa94-04c1-424b-9868-57a2d4851a1d" />
    <TestEntry testId="ee45d335-5084-4bd0-e200-e07aa9e62dfa" executionId="6b86956c-9b22-4ee9-b7b4-8344357d9690" testListId="8c84fa94-04c1-424b-9868-57a2d4851a1d" />
    <TestEntry testId="52b11396-80f1-2587-fe78-fa92de53d036" executionId="67d6cb02-e17f-4877-bb2e-0bec0480fd57" testListId="8c84fa94-04c1-424b-9868-57a2d4851a1d" />
    <TestEntry testId="1bf25aed-2378-9be8-f551-a7e7c7d4218f" executionId="e2fff09c-e92d-4720-af0c-afa1da92441a" testListId="8c84fa94-04c1-424b-9868-57a2d4851a1d" />
    <TestEntry testId="2760a526-05f0-7b39-198f-217a26f4b3c6" executionId="ead6c7ce-27b0-4afa-aff5-76114498799d" testListId="8c84fa94-04c1-424b-9868-57a2d4851a1d" />
    <TestEntry testId="93df8627-ddce-4309-0af7-fa854a9defeb" executionId="02bf4a15-1d54-47d0-bb73-1510bf6a3ecb" testListId="8c84fa94-04c1-424b-9868-57a2d4851a1d" />
    <TestEntry testId="be164978-57ce-4794-b264-04b573233f76" executionId="b0c4784a-fb18-47d4-bc8e-7a194909db1b" testListId="8c84fa94-04c1-424b-9868-57a2d4851a1d" />
    <TestEntry testId="330d819f-b93e-4d2a-a2ca-09b7fa3da664" executionId="d9cac27f-eb7f-4dae-b127-b0a5bf403ec9" testListId="8c84fa94-04c1-424b-9868-57a2d4851a1d" />
    <TestEntry testId="8e4e9cb4-1971-4dd4-8349-7a028366a1f1" executionId="ab057bf9-06be-4eb2-a41f-1aab88173eaa" testListId="8c84fa94-04c1-424b-9868-57a2d4851a1d" />
    <TestEntry testId="ed6aad92-bb53-4bf1-93ee-1e3033279ce5" executionId="70606a5a-cb22-404a-ae53-0dfb83e5ae84" testListId="8c84fa94-04c1-424b-9868-57a2d4851a1d" />
    <TestEntry testId="9a4aae0a-2ea6-4aef-a456-260d05670254" executionId="8732a8d2-f02a-468a-8be8-b5e8f63f0fcb" testListId="8c84fa94-04c1-424b-9868-57a2d4851a1d" />
    <TestEntry testId="b68bee60-a604-4c42-a3a9-46d406652a2c" executionId="3fc821fe-1231-4d68-b2e5-a13ffc3412b4" testListId="8c84fa94-04c1-424b-9868-57a2d4851a1d" />
    <TestEntry testId="9daaef62-1092-434a-bfe9-b5830b85be45" executionId="b300fd23-d82d-4801-b57d-d326eaf3665a" testListId="8c84fa94-04c1-424b-9868-57a2d4851a1d" />
    <TestEntry testId="8de504d8-671f-4357-b0d7-af2a318c7b07" executionId="52d70284-fd91-4fe6-87ee-070257700f1c" testListId="8c84fa94-04c1-424b-9868-57a2d4851a1d" />
    <TestEntry testId="f2546eb4-d470-4365-9dbc-36457f5499ab" executionId="132cff6a-3339-40ce-8ff6-6741132a22ce" testListId="8c84fa94-04c1-424b-9868-57a2d4851a1d" />
    <TestEntry testId="a3f6ff6a-e09a-4fd3-9581-34b5af7cbab2" executionId="c073aa15-43e7-4172-a1d9-3291f8038cac" testListId="8c84fa94-04c1-424b-9868-57a2d4851a1d" />
    <TestEntry testId="437b640e-1504-4d52-aacd-a390debec285" executionId="90220783-52bf-4953-b5ad-b3bee1307464" testListId="8c84fa94-04c1-424b-9868-57a2d4851a1d" />
    <TestEntry testId="a3908264-95e4-4ec1-acfb-fdfae3e39f82" executionId="bd2af0d9-d58f-472f-8280-e7606543aa4f" testListId="8c84fa94-04c1-424b-9868-57a2d4851a1d" />
    <TestEntry testId="e822cd9f-af1f-4a00-a5e7-e69898f5810a" executionId="614fe22b-f3f6-4682-89c5-77a4e31d2672" testListId="8c84fa94-04c1-424b-9868-57a2d4851a1d" />
    <TestEntry testId="488da017-93f3-4422-953c-46f52ebf0cca" executionId="6cc0ecf7-4477-46fe-8fc4-7bfc89b25df2" testListId="8c84fa94-04c1-424b-9868-57a2d4851a1d" />
    <TestEntry testId="1b4406b3-e895-4e24-a19f-f08f571124bb" executionId="4a816590-ec4b-437e-9265-15f46a13d339" testListId="8c84fa94-04c1-424b-9868-57a2d4851a1d" />
    <TestEntry testId="366ad2bc-8c7f-45ee-bde7-0ab90f477d0b" executionId="b312ba44-bdd4-4f91-95cf-a142ce57c9e1" testListId="8c84fa94-04c1-424b-9868-57a2d4851a1d" />
    <TestEntry testId="1549dfc5-e355-4fb1-bc8b-fd25e396828a" executionId="2e163920-5c1c-4ade-946b-b5dc548d9d02" testListId="8c84fa94-04c1-424b-9868-57a2d4851a1d" />
    <TestEntry testId="dd867f10-5cb0-40ed-a7f8-a3b28041145d" executionId="9a5b5f22-bb76-4ce4-b8a1-72522f5c4981" testListId="8c84fa94-04c1-424b-9868-57a2d4851a1d" />
    <TestEntry testId="f261c55b-a5d6-4e37-8fde-7bd6cdb449f1" executionId="20586b7b-a87d-4a9d-ac80-8ff73ced6caf" testListId="8c84fa94-04c1-424b-9868-57a2d4851a1d" />
    <TestEntry testId="22f9cdcd-54a1-4c8c-b314-e59a9313372f" executionId="fcf59ef3-85bd-4ab6-a6d8-b2e8da36820f" testListId="8c84fa94-04c1-424b-9868-57a2d4851a1d" />
    <TestEntry testId="cc414243-c23a-475a-afce-8580334fb914" executionId="ceff3b79-3723-47cd-9011-e6d385c24476" testListId="8c84fa94-04c1-424b-9868-57a2d4851a1d" />
    <TestEntry testId="16452095-c5cf-4cbc-a1d0-1b0fcc60f147" executionId="837fdf0c-c776-48f3-b626-aad26c9b318a" testListId="8c84fa94-04c1-424b-9868-57a2d4851a1d" />
    <TestEntry testId="c308cfcd-777c-4846-8e56-772c386724d4" executionId="791321b8-c59e-4259-8ef7-d3130714db6c" testListId="8c84fa94-04c1-424b-9868-57a2d4851a1d" />
    <TestEntry testId="dc8e5d04-78d1-4dff-9be7-961965aed11a" executionId="d2a6038c-5c70-4081-b3e8-0cf5b52813df" testListId="8c84fa94-04c1-424b-9868-57a2d4851a1d" />
    <TestEntry testId="b6dcb971-fa79-40fa-83f9-aaab1ad7405f" executionId="4d25e24a-1c6b-485b-bb06-5ec5b9663a62" testListId="8c84fa94-04c1-424b-9868-57a2d4851a1d" />
    <TestEntry testId="73433a79-ec50-4d1d-9d0a-12e9aff18f79" executionId="607ff187-263b-409d-b8df-5472e109e14c" testListId="8c84fa94-04c1-424b-9868-57a2d4851a1d" />
    <TestEntry testId="00e050c2-a069-4268-b45c-1ca54b4d182a" executionId="d06b3855-9397-4c92-bac3-832437293cc6" testListId="8c84fa94-04c1-424b-9868-57a2d4851a1d" />
    <TestEntry testId="08a1a826-9eee-4022-a386-48c1848c40e5" executionId="af486589-7d9c-4d6b-b504-f15b7da6fdc9" testListId="8c84fa94-04c1-424b-9868-57a2d4851a1d" />
    <TestEntry testId="468f79b7-f907-4e3d-adae-6c150310441c" executionId="2789baad-4252-474d-b758-08187eb53f12" testListId="8c84fa94-04c1-424b-9868-57a2d4851a1d" />
    <TestEntry testId="0458b86f-4d91-4dbb-8fb2-d94c7609d7ef" executionId="90881763-d812-4104-860b-d46ea71f1964" testListId="8c84fa94-04c1-424b-9868-57a2d4851a1d" />
    <TestEntry testId="2ee01dad-09d9-4737-acd6-f6dc6ebbb1de" executionId="f6e0e568-fa5d-472d-956d-586889b47cc8" testListId="8c84fa94-04c1-424b-9868-57a2d4851a1d" />
    <TestEntry testId="3a2de84e-4b84-4e35-950b-8e1fb4fa32e2" executionId="d46c6ea7-2ae9-4f8f-a024-b6335a7949a9" testListId="8c84fa94-04c1-424b-9868-57a2d4851a1d" />
    <TestEntry testId="09aa6f6b-023b-491c-8a8a-14898e086136" executionId="771fd1e5-a67d-4e71-b2ae-c43297279c57" testListId="8c84fa94-04c1-424b-9868-57a2d4851a1d" />
    <TestEntry testId="822d4dc9-7592-457a-a9f0-ddf35f990330" executionId="2161247f-3553-4884-a623-22fa7bebb762" testListId="8c84fa94-04c1-424b-9868-57a2d4851a1d" />
    <TestEntry testId="43aa9109-dba6-443b-a01f-2197dc2eb999" executionId="01370ec6-1435-4a7d-af23-bcee643320da" testListId="8c84fa94-04c1-424b-9868-57a2d4851a1d" />
    <TestEntry testId="e7d92d0a-f7bd-47c8-8a84-dc94a90aab12" executionId="7798a7f3-b5da-4adb-84f4-9827df274d54" testListId="8c84fa94-04c1-424b-9868-57a2d4851a1d" />
    <TestEntry testId="17c5f286-4a25-4ce9-bf88-8170e9fc4ad6" executionId="d4e987e5-90d2-4cec-a6ce-2816253f5c63" testListId="8c84fa94-04c1-424b-9868-57a2d4851a1d" />
    <TestEntry testId="cbf90735-10d4-4118-a061-785164c8f9bd" executionId="94fbef0a-650d-408c-98fd-c260bab8ecc8" testListId="8c84fa94-04c1-424b-9868-57a2d4851a1d" />
    <TestEntry testId="72294c0b-56b8-4fd5-91ce-ab4a8e062a37" executionId="99233741-02ae-4bf3-9085-b693efa2b9b6" testListId="8c84fa94-04c1-424b-9868-57a2d4851a1d" />
    <TestEntry testId="63d74d43-98f6-4da1-a9b5-ff0191cb7e9e" executionId="51f02d3e-64d2-4880-9f57-69d0c57218ba" testListId="8c84fa94-04c1-424b-9868-57a2d4851a1d" />
    <TestEntry testId="b5025bc0-25b2-4b34-abb7-128a746d13f0" executionId="345fdceb-b314-42a9-9598-f1bc3510f124" testListId="8c84fa94-04c1-424b-9868-57a2d4851a1d" />
    <TestEntry testId="1cd93b08-d8bc-47b4-b467-e994c1c1a4cc" executionId="79970cac-dccd-4a66-8a0c-a399ffdf9912" testListId="8c84fa94-04c1-424b-9868-57a2d4851a1d" />
    <TestEntry testId="75074c43-b451-4ebd-9c55-290fedd7ebe5" executionId="b4a08d73-74c9-44c9-a9bd-b0235deda1b5" testListId="8c84fa94-04c1-424b-9868-57a2d4851a1d" />
    <TestEntry testId="a048a58a-86eb-4527-9068-8ce7569fcb38" executionId="2deee6f2-e452-4566-8cb0-bd657e7c8d6d" testListId="8c84fa94-04c1-424b-9868-57a2d4851a1d" />
    <TestEntry testId="e3184e52-7d36-4cc1-aa10-b48416f75696" executionId="3493d669-bdf6-44a6-9fd3-d857b7b36251" testListId="8c84fa94-04c1-424b-9868-57a2d4851a1d" />
    <TestEntry testId="a87546bb-eef0-4ad9-9732-b952dbdd22c2" executionId="909a4cf7-d1c7-47c2-86e4-19e6181cce0d" testListId="8c84fa94-04c1-424b-9868-57a2d4851a1d" />
    <TestEntry testId="ab436dcb-301f-403a-9fbd-e3380831e99d" executionId="71fd8e05-1aab-4bb1-babb-265b57b181a2" testListId="8c84fa94-04c1-424b-9868-57a2d4851a1d" />
    <TestEntry testId="94615c1b-2666-4019-9ff1-dd2e3d4271d8" executionId="f9ab6896-c31e-4c7a-bd18-805db1c5dbe1" testListId="8c84fa94-04c1-424b-9868-57a2d4851a1d" />
    <TestEntry testId="b36e9eba-8a36-4eff-aa72-e7808c192399" executionId="bd7d9735-212a-40d6-b70f-2a2a5a3cc152" testListId="8c84fa94-04c1-424b-9868-57a2d4851a1d" />
    <TestEntry testId="8810873b-6244-4519-80cb-2af64043fce1" executionId="7432e565-b938-4ab8-841b-96c37a8bcb47" testListId="8c84fa94-04c1-424b-9868-57a2d4851a1d" />
    <TestEntry testId="87ba9bba-3d54-42b1-9266-5bedef7053f1" executionId="77329be6-214d-4c14-b948-6be85f6e9339" testListId="8c84fa94-04c1-424b-9868-57a2d4851a1d" />
    <TestEntry testId="ffa22878-5ba4-4056-a173-f1211cc6621e" executionId="045e9406-dacd-4894-86e1-a019c0e51dde" testListId="8c84fa94-04c1-424b-9868-57a2d4851a1d" />
    <TestEntry testId="c05794fe-7013-4007-860f-32a866929b99" executionId="bc108019-e334-45ad-b70a-ba514698bb69" testListId="8c84fa94-04c1-424b-9868-57a2d4851a1d" />
    <TestEntry testId="199e1bef-6f78-4a52-bb6a-b40c73e1fa15" executionId="3588b1be-bde7-417e-9d59-a231b12f1730" testListId="8c84fa94-04c1-424b-9868-57a2d4851a1d" />
    <TestEntry testId="dc2e07fb-3460-4444-85a8-b2282dc6bd88" executionId="7d3b1b47-9708-46e3-ab0a-495a7ba75385" testListId="8c84fa94-04c1-424b-9868-57a2d4851a1d" />
    <TestEntry testId="bf5f226c-ee14-4c5c-9b7f-c02fb0b5d585" executionId="ffbbb017-bf93-42a0-8d62-c58b84b2a515" testListId="8c84fa94-04c1-424b-9868-57a2d4851a1d" />
    <TestEntry testId="976b8d30-1d08-48d4-a404-982a33c30b02" executionId="67e774bf-49e0-4c9c-a3b5-8ef4a0e9b975" testListId="8c84fa94-04c1-424b-9868-57a2d4851a1d" />
    <TestEntry testId="0ca9477a-91f6-4797-9164-72071c78d216" executionId="c21a9736-66ec-46b7-94c6-376f86309565" testListId="8c84fa94-04c1-424b-9868-57a2d4851a1d" />
    <TestEntry testId="4e329619-c806-4f95-bf3d-6cf0b3663bd0" executionId="134beeb8-9b6d-408a-9f7e-6f14c3c6fddf" testListId="8c84fa94-04c1-424b-9868-57a2d4851a1d" />
    <TestEntry testId="42172f52-ab1b-49d1-a243-d06c429f97f7" executionId="4a928b71-dca6-40d1-959d-4e261bc63f09" testListId="8c84fa94-04c1-424b-9868-57a2d4851a1d" />
    <TestEntry testId="754fa9d7-59c8-438b-a996-4de195c5cbeb" executionId="cf0849b2-83fb-4bfc-99b9-f29f3003462a" testListId="8c84fa94-04c1-424b-9868-57a2d4851a1d" />
    <TestEntry testId="58830fae-f9cf-4211-b84c-cd8f5a65c7cb" executionId="19e584c5-e55a-49bd-8c39-5a7fbdf36fc6" testListId="8c84fa94-04c1-424b-9868-57a2d4851a1d" />
    <TestEntry testId="e411708d-41c5-4b11-8a51-270e11693e22" executionId="771befb6-4c06-4908-87b5-a730131eaa70" testListId="8c84fa94-04c1-424b-9868-57a2d4851a1d" />
    <TestEntry testId="9b805b1e-3acc-437b-9f4f-ca468356ad54" executionId="e6d9e0a1-9936-443f-95ed-229ce8abd3ca" testListId="8c84fa94-04c1-424b-9868-57a2d4851a1d" />
    <TestEntry testId="69de4624-bc31-47b0-83b3-f3df8b37548d" executionId="0db10ba7-ec0f-43d6-9704-1f4fe679fa39" testListId="8c84fa94-04c1-424b-9868-57a2d4851a1d" />
    <TestEntry testId="ad75cc8c-77a4-430e-afd4-a82adb0364b3" executionId="1b94becf-e0fb-4d48-820a-1eef04d3f3f3" testListId="8c84fa94-04c1-424b-9868-57a2d4851a1d" />
    <TestEntry testId="ddefde06-4171-4b40-8f95-0c000f61b6bc" executionId="3af5fc14-1dc5-4f04-aa46-5e9a397a99fe" testListId="8c84fa94-04c1-424b-9868-57a2d4851a1d" />
    <TestEntry testId="6f79dc54-4eb6-4d04-a4f7-7ea930079b5b" executionId="c46d6892-e4ee-445f-8912-d9a9840e7b6e" testListId="8c84fa94-04c1-424b-9868-57a2d4851a1d" />
    <TestEntry testId="73f1cb32-9dcc-4e75-8245-e644aa76788e" executionId="ed562b98-bfc6-4984-95df-17ad88fc455d" testListId="8c84fa94-04c1-424b-9868-57a2d4851a1d" />
    <TestEntry testId="961fbbca-fd2c-485f-a0bb-dbc61abb1884" executionId="31f49ce2-9902-41d8-9f64-988cd9998f75" testListId="8c84fa94-04c1-424b-9868-57a2d4851a1d" />
    <TestEntry testId="8ebd678c-7ad8-43f9-baab-af898da48ade" executionId="4ebdb6aa-46bb-4b89-8e7c-b64ec68e62b9" testListId="8c84fa94-04c1-424b-9868-57a2d4851a1d" />
    <TestEntry testId="d5511b61-5ceb-4c47-85e5-d8d8601fce3a" executionId="0ba8ae32-3604-499f-ab66-84b4b7baeec9" testListId="8c84fa94-04c1-424b-9868-57a2d4851a1d" />
    <TestEntry testId="2c94bb21-d537-4eb4-9ddf-ec699aac8875" executionId="e9ec7edc-8695-4833-81b8-0a1ae4653f68" testListId="8c84fa94-04c1-424b-9868-57a2d4851a1d" />
    <TestEntry testId="7f04c5b3-31e8-8f34-1568-c454a6117dc3" executionId="c0634a62-3638-48c5-9ee4-444082961dd7" testListId="8c84fa94-04c1-424b-9868-57a2d4851a1d" />
    <TestEntry testId="92c68e06-b876-a764-0ca6-fac8684e6577" executionId="00c13d5c-e77c-4ace-b766-523cae8070f3" testListId="8c84fa94-04c1-424b-9868-57a2d4851a1d" />
    <TestEntry testId="a32acd2b-6de8-94db-2e8e-229fa1bd541b" executionId="38bda875-dcec-40c9-9da5-19a9e5eb8259" testListId="8c84fa94-04c1-424b-9868-57a2d4851a1d" />
    <TestEntry testId="e875fa13-b4e4-0298-41fb-22cb8a5d40ca" executionId="d560435b-0db7-41f6-97f8-a0e060abcfb4" testListId="8c84fa94-04c1-424b-9868-57a2d4851a1d" />
    <TestEntry testId="8182c7e5-ccfd-955d-88dc-223cd45572f6" executionId="8125e14a-c310-435f-8eef-35e7c5e3dc31" testListId="8c84fa94-04c1-424b-9868-57a2d4851a1d" />
    <TestEntry testId="b16088f9-3e56-5895-1ae1-1d55154dbc74" executionId="df35f951-8127-4fd6-8829-3efd0b0f1197" testListId="8c84fa94-04c1-424b-9868-57a2d4851a1d" />
    <TestEntry testId="9bea6e9f-4828-1716-c801-b2d59a1ab1e4" executionId="bcb47511-fe42-46a4-beda-20e76552886e" testListId="8c84fa94-04c1-424b-9868-57a2d4851a1d" />
    <TestEntry testId="de88913f-be6d-7ebb-dc9c-58d2e5af31a8" executionId="386e28e4-76f7-4e41-a7af-a2947a114594" testListId="8c84fa94-04c1-424b-9868-57a2d4851a1d" />
    <TestEntry testId="a117dacb-f111-8017-36fd-8b19506cc635" executionId="10522964-f664-41b9-9c2d-a996e1d05e8a" testListId="8c84fa94-04c1-424b-9868-57a2d4851a1d" />
    <TestEntry testId="bb3e8f69-6762-e28d-d1a8-ccd4ab442751" executionId="6d4dddee-a677-481c-b101-e6fcf8481e9f" testListId="8c84fa94-04c1-424b-9868-57a2d4851a1d" />
    <TestEntry testId="e3d6b0ca-ddab-d272-714d-ec518d32fb59" executionId="7f113028-c2b9-4cc6-b5b5-5cf655675cfd" testListId="8c84fa94-04c1-424b-9868-57a2d4851a1d" />
    <TestEntry testId="42c9de9b-9e00-aa81-3b60-0600a5ec0e1d" executionId="0c7a2b55-fb8e-40fc-b1e4-aa867b619668" testListId="8c84fa94-04c1-424b-9868-57a2d4851a1d" />
    <TestEntry testId="8b2ea03b-ffad-c5b8-8028-f608d4bc037e" executionId="d565da16-60e2-4ecb-80c0-0c321dd452dd" testListId="8c84fa94-04c1-424b-9868-57a2d4851a1d" />
    <TestEntry testId="c2cf2dd2-56bf-4d07-d752-8756e63fc9ba" executionId="2e171080-cf01-4abc-a7a5-fe3c920ad73b" testListId="8c84fa94-04c1-424b-9868-57a2d4851a1d" />
    <TestEntry testId="b0b47815-c98b-e28d-16a9-f5b851781338" executionId="0a205b9a-4af4-4dc5-9689-bcbcf179bbf8" testListId="8c84fa94-04c1-424b-9868-57a2d4851a1d" />
    <TestEntry testId="b648826a-5863-5fd1-970b-c0c57432b7bb" executionId="7cdfba2a-55c3-4982-b841-547f3d96d222" testListId="8c84fa94-04c1-424b-9868-57a2d4851a1d" />
    <TestEntry testId="f675f3b2-399d-1df9-f079-bf6ee74e2abd" executionId="65748de7-cda9-498f-a92a-3b9c5d70340d" testListId="8c84fa94-04c1-424b-9868-57a2d4851a1d" />
    <TestEntry testId="ee281e62-a94c-8646-4d5c-d010a0e0c905" executionId="4b440d49-1cd9-472b-b17a-2f4138510a68" testListId="8c84fa94-04c1-424b-9868-57a2d4851a1d" />
    <TestEntry testId="2cb7053c-f5e6-879c-e3e7-325b450aa7f7" executionId="3617c66f-f8ed-499c-afeb-6f24057695e1" testListId="8c84fa94-04c1-424b-9868-57a2d4851a1d" />
    <TestEntry testId="dfc6ef7e-e58a-dcab-2070-4945f98239c7" executionId="a21797c1-cf71-4cd7-b254-d5bb48e87958" testListId="8c84fa94-04c1-424b-9868-57a2d4851a1d" />
    <TestEntry testId="63734ecd-0ce3-cf6e-1caf-0bbd235a72a0" executionId="97c86fd1-2be1-4546-b192-9365e432e6e5" testListId="8c84fa94-04c1-424b-9868-57a2d4851a1d" />
    <TestEntry testId="d8e7e18e-487c-ee76-b07b-7f418da3a07d" executionId="b050c1b5-857b-4cb9-bea0-41e599001fb1" testListId="8c84fa94-04c1-424b-9868-57a2d4851a1d" />
    <TestEntry testId="1ce2a322-4a40-c067-005c-3547120ea42e" executionId="fcec124c-6210-4053-ace2-5f8aa7addc16" testListId="8c84fa94-04c1-424b-9868-57a2d4851a1d" />
    <TestEntry testId="01c1d926-b0a7-e221-fc79-045e5c5f4d04" executionId="c4fe61be-b675-4b43-a633-6d2a43f2db93" testListId="8c84fa94-04c1-424b-9868-57a2d4851a1d" />
    <TestEntry testId="eb50af03-2520-041c-0a14-e055778d10d2" executionId="7b470b32-1dd1-4e6b-a96d-347cae687960" testListId="8c84fa94-04c1-424b-9868-57a2d4851a1d" />
    <TestEntry testId="88449547-415c-fa9e-adc4-04e9ab7d6bfc" executionId="f9fad411-adb3-4b31-9b79-e43f4e900663" testListId="8c84fa94-04c1-424b-9868-57a2d4851a1d" />
    <TestEntry testId="74cbec70-d639-d65a-4282-bf58c25dd008" executionId="94b75ace-6773-47b8-9af2-7a6885c1fc58" testListId="8c84fa94-04c1-424b-9868-57a2d4851a1d" />
    <TestEntry testId="24366f7c-23cc-ac98-1bad-c7fde0399992" executionId="5a276bb4-efe3-4582-bca9-14757685f116" testListId="8c84fa94-04c1-424b-9868-57a2d4851a1d" />
    <TestEntry testId="9c8a8342-ed81-76b5-d6d9-2ff892c41277" executionId="1dc031e5-bef1-4a67-9939-0e817970c38b" testListId="8c84fa94-04c1-424b-9868-57a2d4851a1d" />
    <TestEntry testId="e10a6fd2-fa7a-8383-3341-42895ccdf49b" executionId="dd4cf364-04c3-454c-936d-c7adbc87d9ce" testListId="8c84fa94-04c1-424b-9868-57a2d4851a1d" />
    <TestEntry testId="f42bb1e2-2282-eaee-6e3c-decffeb0c88c" executionId="043eefe1-f242-48dd-af06-299e70e0107d" testListId="8c84fa94-04c1-424b-9868-57a2d4851a1d" />
    <TestEntry testId="52fafb7a-eae6-9dea-ae5d-2dc9e9b977b7" executionId="513f97b4-3a48-474f-b6a0-7c0baf82ff8f" testListId="8c84fa94-04c1-424b-9868-57a2d4851a1d" />
    <TestEntry testId="6d78fd8f-c432-6b05-230b-2fdeb75c9fb8" executionId="4b6cd3d2-119e-4bc9-85e3-27b5240c6419" testListId="8c84fa94-04c1-424b-9868-57a2d4851a1d" />
    <TestEntry testId="82aae650-4aae-ab4c-7c3c-775e5f5f0703" executionId="b691c021-bfff-443d-8b89-6cb035ccda6f" testListId="8c84fa94-04c1-424b-9868-57a2d4851a1d" />
    <TestEntry testId="6ae0e632-e31f-bea7-1337-d24abc4a888a" executionId="be83eb66-1baa-4bb4-9fa4-c513a27d2006" testListId="8c84fa94-04c1-424b-9868-57a2d4851a1d" />
    <TestEntry testId="db98d0a6-3661-12cb-bbf8-27ae95f0897a" executionId="223ce73b-bb22-458c-8067-d01cdcf89122" testListId="8c84fa94-04c1-424b-9868-57a2d4851a1d" />
    <TestEntry testId="adb5b47f-6895-805c-8db4-9423bb7f9280" executionId="a22bbd4a-8b1a-4438-b098-defeb30a068d" testListId="8c84fa94-04c1-424b-9868-57a2d4851a1d" />
    <TestEntry testId="647ac674-7ca4-34e3-1e8b-5b510b1c6df0" executionId="b092ec67-9b5c-427d-8ab4-8190dc8fca17" testListId="8c84fa94-04c1-424b-9868-57a2d4851a1d" />
    <TestEntry testId="9861db84-4dcf-4fd0-b096-bcf984cf8fd4" executionId="28fa31c5-8d8f-4e3b-84f7-ed2357ad9fd9" testListId="8c84fa94-04c1-424b-9868-57a2d4851a1d" />
    <TestEntry testId="f7faef35-9ec9-c15a-fce3-c01e0d0c52c1" executionId="e230be3a-bafe-4797-86aa-6000b820ef1d" testListId="8c84fa94-04c1-424b-9868-57a2d4851a1d" />
    <TestEntry testId="694e35c3-b353-80db-30db-aab105703800" executionId="cf33cabe-2d62-4154-ada8-a79311d3eee7" testListId="8c84fa94-04c1-424b-9868-57a2d4851a1d" />
    <TestEntry testId="2422df6c-5806-3035-2b8a-e552e0f76bfa" executionId="09ca2e64-38d3-4d81-adfc-4c4376c03c19" testListId="8c84fa94-04c1-424b-9868-57a2d4851a1d" />
    <TestEntry testId="069654a4-d160-74a5-65c0-325c33399178" executionId="96cb78b3-2533-45dc-bd17-7580d9b5851f" testListId="8c84fa94-04c1-424b-9868-57a2d4851a1d" />
    <TestEntry testId="5c140550-b692-a1aa-c747-f48c8ae4e353" executionId="e4b2a709-6909-4ab1-8d3f-b55ea1a476a5" testListId="8c84fa94-04c1-424b-9868-57a2d4851a1d" />
    <TestEntry testId="5ea281d7-8ae6-3516-cb2d-8d79902e7920" executionId="96ee0927-4b68-4555-bb87-fe93052b3baa" testListId="8c84fa94-04c1-424b-9868-57a2d4851a1d" />
    <TestEntry testId="883c8fc6-58be-403f-e964-e085d710ed9e" executionId="a12886ab-61db-4159-baf5-b1db38830a01" testListId="8c84fa94-04c1-424b-9868-57a2d4851a1d" />
    <TestEntry testId="abe9161c-1794-3326-40bb-d6a52cf48c36" executionId="026916f1-0d40-46ec-85be-9d118131b312" testListId="8c84fa94-04c1-424b-9868-57a2d4851a1d" />
    <TestEntry testId="9c86152c-053e-5d4e-6528-ce7ec83a1e51" executionId="3afabbf3-5874-4447-a5a6-6786d70722c2" testListId="8c84fa94-04c1-424b-9868-57a2d4851a1d" />
    <TestEntry testId="392aa1d9-4f28-1051-8ec2-9bb4a8ce7201" executionId="230440fd-d23d-4e71-80b6-45cee3612670" testListId="8c84fa94-04c1-424b-9868-57a2d4851a1d" />
    <TestEntry testId="546896aa-372f-d0af-57c3-45b6f9761fe9" executionId="378aa31b-52ba-4a11-bc61-945d2be9748b" testListId="8c84fa94-04c1-424b-9868-57a2d4851a1d" />
    <TestEntry testId="c7bcdb3f-7fd5-d9de-e540-51f9d25eff2d" executionId="bd1be6c8-526b-4d91-be98-73623b2cd6ea" testListId="8c84fa94-04c1-424b-9868-57a2d4851a1d" />
    <TestEntry testId="e3febf77-c688-bdd7-0a88-447e2eddef0a" executionId="e9ea2da2-c8ae-4eff-ab22-5ff7b7176d22" testListId="8c84fa94-04c1-424b-9868-57a2d4851a1d" />
    <TestEntry testId="d977ba75-b363-42c6-bc3d-1fe8fa6c48a4" executionId="ea09cf12-e74e-43fe-96a9-e08438450121" testListId="8c84fa94-04c1-424b-9868-57a2d4851a1d" />
    <TestEntry testId="67e634ba-0d75-4e70-559e-8eb699b85f1b" executionId="0f8434e7-4270-4b38-b312-01df23f46a45" testListId="8c84fa94-04c1-424b-9868-57a2d4851a1d" />
    <TestEntry testId="dae0916a-135a-62c6-a552-40dc89b0ca20" executionId="4be0a41b-dc9a-46f3-81fa-634628a5b359" testListId="8c84fa94-04c1-424b-9868-57a2d4851a1d" />
    <TestEntry testId="734b2699-ae74-fcaa-7696-83b79992fbf9" executionId="4d3e6759-a193-497a-a22b-482392f9b23b" testListId="8c84fa94-04c1-424b-9868-57a2d4851a1d" />
    <TestEntry testId="ed281cfd-7ada-d250-ec5c-ee0bee2496a2" executionId="baaf0d2f-2985-41c6-bf24-88ad54184b7d" testListId="8c84fa94-04c1-424b-9868-57a2d4851a1d" />
    <TestEntry testId="1d1ce6df-af10-18b7-9919-c9b9c789b8bd" executionId="426bf9b3-fb4b-4386-9426-96db4ceed553" testListId="8c84fa94-04c1-424b-9868-57a2d4851a1d" />
    <TestEntry testId="940cd288-dd30-43dd-e64c-9e8f128d0833" executionId="16999bd7-65bd-448b-8b28-99aaddb89b8f" testListId="8c84fa94-04c1-424b-9868-57a2d4851a1d" />
    <TestEntry testId="9defa63c-e655-0ec2-9f8d-2fc93bfbad4b" executionId="2610b6b8-173e-47a9-b801-ec6a504ef716" testListId="8c84fa94-04c1-424b-9868-57a2d4851a1d" />
    <TestEntry testId="1b3726d8-6f8b-7ac0-a6e5-2d0512f422f4" executionId="78ee9c5e-685c-4194-9d7b-0e0617b068b5" testListId="8c84fa94-04c1-424b-9868-57a2d4851a1d" />
    <TestEntry testId="3586fc49-afca-357b-fbee-1c73d2bd6901" executionId="3a210394-5cc5-4c89-a850-eb0ff72f7854" testListId="8c84fa94-04c1-424b-9868-57a2d4851a1d" />
    <TestEntry testId="c2f57c3a-ec12-76f9-da41-306df2aaddd7" executionId="970ae135-430f-40fd-add5-279c48d52564" testListId="8c84fa94-04c1-424b-9868-57a2d4851a1d" />
    <TestEntry testId="5fc9ab39-249a-0f0b-1941-994db2415dcc" executionId="7a364384-81e9-4409-95dc-e194baa3b886" testListId="8c84fa94-04c1-424b-9868-57a2d4851a1d" />
    <TestEntry testId="f19a4c86-6546-9e37-c32b-e44ff0708a2c" executionId="5ff054a5-5054-4bdb-8fdb-fd59be5a21f6" testListId="8c84fa94-04c1-424b-9868-57a2d4851a1d" />
    <TestEntry testId="e221cfed-ac02-398c-c24f-6a211aedf099" executionId="b5457e1e-3dca-4541-9f61-3ac4894ce27d" testListId="8c84fa94-04c1-424b-9868-57a2d4851a1d" />
    <TestEntry testId="862c27a7-4a19-7a14-5251-ac6ea6513abd" executionId="3a3d4783-f9f1-4ba8-89b1-4eda2cc3c694" testListId="8c84fa94-04c1-424b-9868-57a2d4851a1d" />
    <TestEntry testId="5bc47b82-9f7b-0eff-935b-0ac139f96ee3" executionId="9dc684d7-9928-40c0-8c4a-6e1143d2d8da" testListId="8c84fa94-04c1-424b-9868-57a2d4851a1d" />
    <TestEntry testId="de312afa-40c9-c393-88fe-384655323309" executionId="3f42d0ab-e001-422d-bacf-10215f8416d2" testListId="8c84fa94-04c1-424b-9868-57a2d4851a1d" />
    <TestEntry testId="6b264820-706c-2419-c98d-436baf89ed6e" executionId="3c558663-80cd-4568-9610-09bdf5f75bec" testListId="8c84fa94-04c1-424b-9868-57a2d4851a1d" />
    <TestEntry testId="4bed4e04-4a49-9d99-bf99-4b43eb314f63" executionId="01a75700-931d-4378-aca4-bf6577f4db3c" testListId="8c84fa94-04c1-424b-9868-57a2d4851a1d" />
    <TestEntry testId="f75979f0-4b8d-38ec-7627-b62b189e0073" executionId="c7152988-4a17-4cf8-8b60-45915e890ad4" testListId="8c84fa94-04c1-424b-9868-57a2d4851a1d" />
    <TestEntry testId="4a212ec7-1acc-523a-f85e-bb6e29ba2cf4" executionId="1933b33f-d1ba-4a60-a78e-f35ecd1e4f81" testListId="8c84fa94-04c1-424b-9868-57a2d4851a1d" />
    <TestEntry testId="a70a77f6-c521-700a-fa60-b2a7610780db" executionId="c212d7b5-1153-4afb-b093-a4c010068f25" testListId="8c84fa94-04c1-424b-9868-57a2d4851a1d" />
    <TestEntry testId="7fa65d3b-5107-e790-5b0c-a9ccde4b8ad5" executionId="d48b5f21-4bd8-4598-8362-8debcbe16bae" testListId="8c84fa94-04c1-424b-9868-57a2d4851a1d" />
    <TestEntry testId="bdce1a49-0eda-20b8-5ea1-9177edc0040a" executionId="6e3111e3-1c41-4dfd-8bc4-4920d9612428" testListId="8c84fa94-04c1-424b-9868-57a2d4851a1d" />
    <TestEntry testId="b598289a-31c4-8ab2-8cda-428b5a6a504c" executionId="6f83bd2d-47c0-44a9-87b5-6e713f1869b6" testListId="8c84fa94-04c1-424b-9868-57a2d4851a1d" />
    <TestEntry testId="27460ec1-6a68-b4b6-c49d-92f5215b33c9" executionId="e8408b83-9b74-4402-b439-d3ebd0738859" testListId="8c84fa94-04c1-424b-9868-57a2d4851a1d" />
    <TestEntry testId="60eff454-21c4-d060-a973-33a10fd821da" executionId="f7b0a3f1-b78e-4c85-8efb-2bff3dcc0d2a" testListId="8c84fa94-04c1-424b-9868-57a2d4851a1d" />
    <TestEntry testId="d74953f1-8381-4ee5-e65e-e691ec84139f" executionId="a050292a-2103-42e4-9313-3ce1a06b0b60" testListId="8c84fa94-04c1-424b-9868-57a2d4851a1d" />
    <TestEntry testId="8bb6eda1-51f3-e8c6-6ddd-691819800953" executionId="660bdf7f-0aa4-4e78-87cb-9a9757baba7e" testListId="8c84fa94-04c1-424b-9868-57a2d4851a1d" />
    <TestEntry testId="691f238c-2b21-6a7e-f287-a10f420f694a" executionId="eece6257-1053-458a-81b0-df60645258f4" testListId="8c84fa94-04c1-424b-9868-57a2d4851a1d" />
    <TestEntry testId="b9d7aa16-2d1c-5aa8-9e98-8d1e66dd2e02" executionId="75143310-8d90-4531-85fe-a82079bb0e6f" testListId="8c84fa94-04c1-424b-9868-57a2d4851a1d" />
    <TestEntry testId="7590e06b-36ca-ca63-e713-7fce49bf94a9" executionId="deb3bf25-44da-4b50-85f5-d79f7f867e43" testListId="8c84fa94-04c1-424b-9868-57a2d4851a1d" />
    <TestEntry testId="cb17addf-b48d-5a80-262d-5631b9e4725d" executionId="edb549dd-7159-4c7b-98a0-43f3420ad1f0" testListId="8c84fa94-04c1-424b-9868-57a2d4851a1d" />
    <TestEntry testId="7f07863b-4df2-32cf-6376-b0509236a6d4" executionId="cb0420ea-6fbc-43d6-814f-199fddef7ecf" testListId="8c84fa94-04c1-424b-9868-57a2d4851a1d" />
    <TestEntry testId="0e1daf73-2fb0-5f6f-6498-1c254ed49c00" executionId="7c7b83cb-786f-4c15-96e7-8ab9408d353f" testListId="8c84fa94-04c1-424b-9868-57a2d4851a1d" />
    <TestEntry testId="73481815-f5b9-7d6d-2c43-1a8d026e50af" executionId="8d939e0d-9fd8-4f37-861f-869703f52e90" testListId="8c84fa94-04c1-424b-9868-57a2d4851a1d" />
    <TestEntry testId="43cdf980-33c7-9350-7fb6-3755c9f5993b" executionId="55bfd8d4-799b-49b3-85a6-6d5d1a794ea6" testListId="8c84fa94-04c1-424b-9868-57a2d4851a1d" />
    <TestEntry testId="84d11edd-b7d5-c213-deb2-abd634e53e64" executionId="856a5a90-258b-4d4b-9d86-e54dbd51a0bb" testListId="8c84fa94-04c1-424b-9868-57a2d4851a1d" />
    <TestEntry testId="7eec8a33-373c-88fd-d447-37726216f618" executionId="e10a46a1-d811-4ea4-9c04-0c0e967d7291" testListId="8c84fa94-04c1-424b-9868-57a2d4851a1d" />
    <TestEntry testId="9bfdbf77-7344-839a-75cb-8433ba01bb36" executionId="37531cc0-771f-4634-a99f-3ad89d559ef4" testListId="8c84fa94-04c1-424b-9868-57a2d4851a1d" />
    <TestEntry testId="e2f86e29-650c-68d1-fd41-ad42e05bc12c" executionId="b303e31f-9d73-4230-8580-f9138bb040ee" testListId="8c84fa94-04c1-424b-9868-57a2d4851a1d" />
    <TestEntry testId="e94d8a0b-f551-d20b-dbc0-bab71c3fc774" executionId="c3b09490-3c20-468b-8b83-88cddfb09334" testListId="8c84fa94-04c1-424b-9868-57a2d4851a1d" />
    <TestEntry testId="1672994c-8446-948a-7426-3eda7726a27b" executionId="b69e976d-567b-495b-82a7-0a75a4428feb" testListId="8c84fa94-04c1-424b-9868-57a2d4851a1d" />
    <TestEntry testId="3476aba9-b1f0-7721-b00e-a8a67d5894c9" executionId="8488801c-d34d-477a-981b-2b0b5628f52d" testListId="8c84fa94-04c1-424b-9868-57a2d4851a1d" />
    <TestEntry testId="19444624-8d13-f972-827b-ec6493195b52" executionId="887ce5a7-b55e-40e3-81a1-02a1be3424e0" testListId="8c84fa94-04c1-424b-9868-57a2d4851a1d" />
    <TestEntry testId="cc2fe645-c66c-e85e-4418-aedd41945b82" executionId="8515dea1-fabe-4efc-8c3f-768badfef4ff" testListId="8c84fa94-04c1-424b-9868-57a2d4851a1d" />
    <TestEntry testId="a1de4eed-21b1-a9b8-6ef0-e48e6da9a5c5" executionId="7d6c9d5e-a637-4dd5-8279-f6bafc2c6b14" testListId="8c84fa94-04c1-424b-9868-57a2d4851a1d" />
    <TestEntry testId="ee10a2d1-f7e0-7ab0-155d-697880e402cf" executionId="08faede0-964f-49f3-a278-94597be5deae" testListId="8c84fa94-04c1-424b-9868-57a2d4851a1d" />
    <TestEntry testId="f3949ecc-fccb-3ced-426a-f55ab4ea9674" executionId="95604409-a6a2-4baa-9dff-c7adc6503a32" testListId="8c84fa94-04c1-424b-9868-57a2d4851a1d" />
    <TestEntry testId="c6962444-181a-f71b-c905-e6c10a5c675e" executionId="4adcfe74-d479-4c84-98ef-4341b08e1409" testListId="8c84fa94-04c1-424b-9868-57a2d4851a1d" />
  </TestEntries>
  <TestLists>
    <TestList name="Results Not in a List" id="8c84fa94-04c1-424b-9868-57a2d4851a1d" />
    <TestList name="All Loaded Results" id="19431567-8539-422a-85d7-44ee4e166bda" />
  </TestLists>
  <ResultSummary outcome="Completed">
    <Counters total="779" executed="779" passed="779" failed="0" error="0" timeout="0" aborted="0" inconclusive="0" passedButRunAborted="0" notRunnable="0" notExecuted="0" disconnected="0" warning="0" completed="0" inProgress="0" pending="0" />
  </ResultSummary>
</TestRun>