<?xml version="1.0" encoding="UTF-8"?>
<TestRun id="05de69b4-e67c-4719-90b4-b0d18c8cf68c" name="bacemi@ICSWS068 2016-08-04 09:45:12" runUser="ICORE\bacemi" xmlns="http://microsoft.com/schemas/VisualStudio/TeamTest/2010">
  <Times creation="2016-08-04T09:45:12.3267312+02:00" queuing="2016-08-04T09:45:12.3267312+02:00" start="2016-08-04T09:45:11.7871897+02:00" finish="2016-08-04T09:45:30.3113558+02:00" />
  <TestSettings name="default" id="335332b7-b4ac-4a2a-a6eb-6188f6b0ac0f">
    <Execution>
      <TestTypeSpecific />
    </Execution>
    <Deployment runDeploymentRoot="bacemi_ICSWS068 2016-08-04 09_45_12" />
    <Properties />
  </TestSettings>
  <Results>
    <UnitTestResult executionId="985b13b0-cd7f-4fe7-b4b6-4a5bb852a19c" testId="f0b943ed-7276-ffa1-3d12-1600651a3f08" testName="Change_CreatedInactiveDueTimeIsInfinite_CallbackNotInvokedAtOnce" computerName="ICSWS068" duration="00:00:00.2605739" startTime="2016-08-04T09:45:11.7871897+02:00" endTime="2016-08-04T09:45:12.2438605+02:00" testType="13cdc9d9-ddb5-4fa4-a97d-d965ccfc6d4b" outcome="Passed" testListId="8c84fa94-04c1-424b-9868-57a2d4851a1d" relativeResultsDirectory="985b13b0-cd7f-4fe7-b4b6-4a5bb852a19c" />
    <UnitTestResult executionId="059170e9-ca5d-4a32-a167-193a14ddacef" testId="8e7299b1-96c5-82c0-05fb-ac87af1c28f4" testName="Change_CreatedInactiveDueTimeIsZero_CallbackIsInvoked" computerName="ICSWS068" duration="00:00:00.0007392" startTime="2016-08-04T09:45:12.2473619+02:00" endTime="2016-08-04T09:45:12.2493633+02:00" testType="13cdc9d9-ddb5-4fa4-a97d-d965ccfc6d4b" outcome="Passed" testListId="8c84fa94-04c1-424b-9868-57a2d4851a1d" relativeResultsDirectory="059170e9-ca5d-4a32-a167-193a14ddacef" />
    <UnitTestResult executionId="31f31230-91e2-44f4-82fa-819abca43ab6" testId="68f0c7a2-f5c6-5fdc-bb23-efa40f1b55f8" testName="Change_CreatedInactiveDueTimeIsPositive_CallbackIsInvokedAfterSpecifiedTime" computerName="ICSWS068" duration="00:00:00.5008706" startTime="2016-08-04T09:45:12.2533662+02:00" endTime="2016-08-04T09:45:12.7556195+02:00" testType="13cdc9d9-ddb5-4fa4-a97d-d965ccfc6d4b" outcome="Passed" testListId="8c84fa94-04c1-424b-9868-57a2d4851a1d" relativeResultsDirectory="31f31230-91e2-44f4-82fa-819abca43ab6" />
    <UnitTestResult executionId="2549618f-01b5-440a-941a-bf137741f5ef" testId="5387912a-67cd-a4a4-0692-935daa9a6822" testName="Change_PeriodIsInfinite_CallbackIsInvokedOnce" computerName="ICSWS068" duration="00:00:01.5017360" startTime="2016-08-04T09:45:12.7581213+02:00" endTime="2016-08-04T09:45:14.2610180+02:00" testType="13cdc9d9-ddb5-4fa4-a97d-d965ccfc6d4b" outcome="Passed" testListId="8c84fa94-04c1-424b-9868-57a2d4851a1d" relativeResultsDirectory="2549618f-01b5-440a-941a-bf137741f5ef" />
    <UnitTestResult executionId="50c8b4af-a99c-4302-b286-2871b97f940e" testId="5f824bde-d3ad-d37e-b20c-2aea4cec8dc9" testName="Change_PeriodIsNotInfinite_CallbackIsNotIvokedTooEarly" computerName="ICSWS068" duration="00:00:00.7509961" startTime="2016-08-04T09:45:14.2640033+02:00" endTime="2016-08-04T09:45:15.0164125+02:00" testType="13cdc9d9-ddb5-4fa4-a97d-d965ccfc6d4b" outcome="Passed" testListId="8c84fa94-04c1-424b-9868-57a2d4851a1d" relativeResultsDirectory="50c8b4af-a99c-4302-b286-2871b97f940e" />
    <UnitTestResult executionId="45dd4388-a6bc-44cc-85cc-71d45b9e72ec" testId="ba4196c3-1f79-0e00-9423-3de047d795cb" testName="Change_DueTimeIsInfinitePeriodIsNotInfinite_CallbackIsNotIvoked" computerName="ICSWS068" duration="00:00:00.5007152" startTime="2016-08-04T09:45:15.0194139+02:00" endTime="2016-08-04T09:45:15.5216001+02:00" testType="13cdc9d9-ddb5-4fa4-a97d-d965ccfc6d4b" outcome="Passed" testListId="8c84fa94-04c1-424b-9868-57a2d4851a1d" relativeResultsDirectory="45dd4388-a6bc-44cc-85cc-71d45b9e72ec" />
    <UnitTestResult executionId="ec22b701-9ca1-4c8a-b00c-24e38d1da10d" testId="233d4218-8cc9-0265-2368-966c91323946" testName="CreateTimer_WithOnlyCallback_NotInvoked" computerName="ICSWS068" duration="00:00:00.5005753" startTime="2016-08-04T09:45:15.5245648+02:00" endTime="2016-08-04T09:45:16.0263572+02:00" testType="13cdc9d9-ddb5-4fa4-a97d-d965ccfc6d4b" outcome="Passed" testListId="8c84fa94-04c1-424b-9868-57a2d4851a1d" relativeResultsDirectory="ec22b701-9ca1-4c8a-b00c-24e38d1da10d" />
    <UnitTestResult executionId="4a0edeb2-3aa5-4079-8706-4781701609c8" testId="93d706a0-4a0b-f148-b07a-c1a9a2db2b6d" testName="CreateTimer_DueTimeIsZero_CallbackIsInvoked" computerName="ICSWS068" duration="00:00:00.0008416" startTime="2016-08-04T09:45:16.0293589+02:00" endTime="2016-08-04T09:45:16.0318621+02:00" testType="13cdc9d9-ddb5-4fa4-a97d-d965ccfc6d4b" outcome="Passed" testListId="8c84fa94-04c1-424b-9868-57a2d4851a1d" relativeResultsDirectory="4a0edeb2-3aa5-4079-8706-4781701609c8" />
    <UnitTestResult executionId="a10f2e12-72a1-4bd5-b46d-c8f925134a1c" testId="7ce3b327-fdea-3a7f-2be8-c9316492f3bd" testName="CreateTimer_StateIsUsed_CallbackIsInvokedWithStateObject" computerName="ICSWS068" duration="00:00:00.0007471" startTime="2016-08-04T09:45:16.0343661+02:00" endTime="2016-08-04T09:45:16.0363637+02:00" testType="13cdc9d9-ddb5-4fa4-a97d-d965ccfc6d4b" outcome="Passed" testListId="8c84fa94-04c1-424b-9868-57a2d4851a1d" relativeResultsDirectory="a10f2e12-72a1-4bd5-b46d-c8f925134a1c" />
    <UnitTestResult executionId="bcf80126-9a35-4480-a1d1-d97b249f2903" testId="5c4c0274-cee8-b1fb-ac4e-a4e519bde670" testName="CreateTimer_DueTimeIsOneSecond_CallbackIsNotIvokedToEarly" computerName="ICSWS068" duration="00:00:01.0008639" startTime="2016-08-04T09:45:16.0393719+02:00" endTime="2016-08-04T09:45:17.0411335+02:00" testType="13cdc9d9-ddb5-4fa4-a97d-d965ccfc6d4b" outcome="Passed" testListId="8c84fa94-04c1-424b-9868-57a2d4851a1d" relativeResultsDirectory="bcf80126-9a35-4480-a1d1-d97b249f2903" />
    <UnitTestResult executionId="ba6321fb-cbba-4c24-92a9-8cccb15af6db" testId="d4a8aad0-b39a-1b1b-96fb-1bc8984f51f3" testName="CreateTimer_PeriodIsInfinite_CallbackIsNotIvokedTwice" computerName="ICSWS068" duration="00:00:01.5007518" startTime="2016-08-04T09:45:17.0441357+02:00" endTime="2016-08-04T09:45:18.5465574+02:00" testType="13cdc9d9-ddb5-4fa4-a97d-d965ccfc6d4b" outcome="Passed" testListId="8c84fa94-04c1-424b-9868-57a2d4851a1d" relativeResultsDirectory="ba6321fb-cbba-4c24-92a9-8cccb15af6db" />
    <UnitTestResult executionId="b05db15f-b9ce-436a-9316-a8fc0e927850" testId="ccacc190-c568-11c1-fa3a-d5ae739f9a40" testName="CreateTimer_PeriodIsNotInfinite_CallbackIsNotIvokedToEarlySecondTime" computerName="ICSWS068" duration="00:00:03.0007114" startTime="2016-08-04T09:45:18.5485659+02:00" endTime="2016-08-04T09:45:21.5510157+02:00" testType="13cdc9d9-ddb5-4fa4-a97d-d965ccfc6d4b" outcome="Passed" testListId="8c84fa94-04c1-424b-9868-57a2d4851a1d" relativeResultsDirectory="b05db15f-b9ce-436a-9316-a8fc0e927850" />
    <UnitTestResult executionId="8af2040c-7939-425d-8d24-f84e4bb36d1d" testId="a401d1ac-37de-43fe-1ed7-3c99c0d52d05" testName="BeginPoll_FileMatchingCriteraCreatedAfterAWhile_Success" computerName="ICSWS068" duration="00:00:03.2053661" startTime="2016-08-04T09:45:21.5540197+02:00" endTime="2016-08-04T09:45:24.7605265+02:00" testType="13cdc9d9-ddb5-4fa4-a97d-d965ccfc6d4b" outcome="Passed" testListId="8c84fa94-04c1-424b-9868-57a2d4851a1d" relativeResultsDirectory="8af2040c-7939-425d-8d24-f84e4bb36d1d">
      <Output>
        <StdOut>Debug Trace:
FileClientPoll:OnFileFound1
FileClientPoll:OnFileFound2</StdOut>
      </Output>
    </UnitTestResult>
    <UnitTestResult executionId="ed9ce5ee-3135-44b9-829d-aad24d7ce4d5" testId="f2bca032-2f80-9b25-c33c-3416be0b9294" testName="BeginPoll_GetFilesOnStartIsFalse_FileFoundAfterSettleTime" computerName="ICSWS068" duration="00:00:01.0101320" startTime="2016-08-04T09:45:24.7639995+02:00" endTime="2016-08-04T09:45:25.7753717+02:00" testType="13cdc9d9-ddb5-4fa4-a97d-d965ccfc6d4b" outcome="Passed" testListId="8c84fa94-04c1-424b-9868-57a2d4851a1d" relativeResultsDirectory="ed9ce5ee-3135-44b9-829d-aad24d7ce4d5">
      <Output>
        <StdOut>Debug Trace:
FileClientPoll:OnFileFound1
FileClientPoll:OnFileFound2</StdOut>
      </Output>
    </UnitTestResult>
    <UnitTestResult executionId="a7ec5ee2-9042-43aa-b48a-517c199e84b6" testId="77abf2fd-97e5-3471-64c1-1004a42a7ac0" testName="BeginPoll_GetFilesOnStartIsTrue_FileFoundBeforeSettleTime" computerName="ICSWS068" duration="00:00:01.0022715" startTime="2016-08-04T09:45:25.7778884+02:00" endTime="2016-08-04T09:45:26.7815854+02:00" testType="13cdc9d9-ddb5-4fa4-a97d-d965ccfc6d4b" outcome="Passed" testListId="8c84fa94-04c1-424b-9868-57a2d4851a1d" relativeResultsDirectory="a7ec5ee2-9042-43aa-b48a-517c199e84b6">
      <Output>
        <StdOut>Debug Trace:
FileClientPoll:OnFileFound1
FileClientPoll:OnFileFound2</StdOut>
      </Output>
    </UnitTestResult>
    <UnitTestResult executionId="4684eb2d-2115-4fcf-9b77-6d7446e27bcf" testId="fe345b99-5136-89ff-23e8-46a81a92f4af" testName="BeginPoll_NoFilesMatchingFilterCreated_Timeouts" computerName="ICSWS068" duration="00:00:03.2815681" startTime="2016-08-04T09:45:26.7841035+02:00" endTime="2016-08-04T09:45:30.0670348+02:00" testType="13cdc9d9-ddb5-4fa4-a97d-d965ccfc6d4b" outcome="Passed" testListId="8c84fa94-04c1-424b-9868-57a2d4851a1d" relativeResultsDirectory="4684eb2d-2115-4fcf-9b77-6d7446e27bcf" />
    <UnitTestResult executionId="199d4e2b-32f0-4318-8efe-5b9827f64c84" testId="0c8f0d58-9f02-7d5e-8ec1-3f5357ec2df5" testName="RenameFile_SameVolumeAndDirectory_Succeeds" computerName="ICSWS068" duration="00:00:00.0017703" startTime="2016-08-04T09:45:30.0702104+02:00" endTime="2016-08-04T09:45:30.0733361+02:00" testType="13cdc9d9-ddb5-4fa4-a97d-d965ccfc6d4b" outcome="Passed" testListId="8c84fa94-04c1-424b-9868-57a2d4851a1d" relativeResultsDirectory="199d4e2b-32f0-4318-8efe-5b9827f64c84" />
    <UnitTestResult executionId="34446920-7b20-40ef-adba-ab41e8d59d36" testId="c9afc872-3639-2032-2376-25f9ff8b635b" testName="RenameFile_SameVolumeDifferentDirectory_Succeeds" computerName="ICSWS068" duration="00:00:00.0019811" startTime="2016-08-04T09:45:30.0753555+02:00" endTime="2016-08-04T09:45:30.0792047+02:00" testType="13cdc9d9-ddb5-4fa4-a97d-d965ccfc6d4b" outcome="Passed" testListId="8c84fa94-04c1-424b-9868-57a2d4851a1d" relativeResultsDirectory="34446920-7b20-40ef-adba-ab41e8d59d36" />
    <UnitTestResult executionId="b7e17f04-3be5-4154-9491-9abea638e0ed" testId="47d2892b-3cb7-c764-84e8-c243d143f22e" testName="RenameFile_SameVolumeSameDirectoryExistingFile_Fails" computerName="ICSWS068" duration="00:00:00.0037447" startTime="2016-08-04T09:45:30.0817251+02:00" endTime="2016-08-04T09:45:30.0867121+02:00" testType="13cdc9d9-ddb5-4fa4-a97d-d965ccfc6d4b" outcome="Passed" testListId="8c84fa94-04c1-424b-9868-57a2d4851a1d" relativeResultsDirectory="b7e17f04-3be5-4154-9491-9abea638e0ed" />
    <UnitTestResult executionId="59707dfa-ce88-48d2-9e73-834b4f5e9069" testId="a280f1e9-5a36-e962-3d91-3540bf554219" testName="RenameFile_SameVolumeSameDirectoryExistingFileWithReplaceExisting_Succeeds" computerName="ICSWS068" duration="00:00:00.0061233" startTime="2016-08-04T09:45:30.0897136+02:00" endTime="2016-08-04T09:45:30.0967193+02:00" testType="13cdc9d9-ddb5-4fa4-a97d-d965ccfc6d4b" outcome="Passed" testListId="8c84fa94-04c1-424b-9868-57a2d4851a1d" relativeResultsDirectory="59707dfa-ce88-48d2-9e73-834b4f5e9069" />
    <UnitTestResult executionId="66ce39cc-3fba-49cb-b281-eeced5fbb0c9" testId="6b7f2088-c00f-55d4-f474-990fb6719a51" testName="RenameFile_SameVolumeNonExistingDirectory_Fails" computerName="ICSWS068" duration="00:00:00.0018078" startTime="2016-08-04T09:45:30.0991621+02:00" endTime="2016-08-04T09:45:30.1026667+02:00" testType="13cdc9d9-ddb5-4fa4-a97d-d965ccfc6d4b" outcome="Passed" testListId="8c84fa94-04c1-424b-9868-57a2d4851a1d" relativeResultsDirectory="66ce39cc-3fba-49cb-b281-eeced5fbb0c9" />
    <UnitTestResult executionId="36279222-96b4-4eea-a911-e52e3588d6f7" testId="e2c5b06c-b129-a100-7767-4479d1ba77e0" testName="RenameFile_SourceFileDoesNotExist_Fails" computerName="ICSWS068" duration="00:00:00.0006504" startTime="2016-08-04T09:45:30.1056684+02:00" endTime="2016-08-04T09:45:30.1071875+02:00" testType="13cdc9d9-ddb5-4fa4-a97d-d965ccfc6d4b" outcome="Passed" testListId="8c84fa94-04c1-424b-9868-57a2d4851a1d" relativeResultsDirectory="36279222-96b4-4eea-a911-e52e3588d6f7" />
    <UnitTestResult executionId="3da27d2a-7241-4d5c-a71b-dcf65fb1e41c" testId="90131065-3cb6-5bbf-fc18-65d7e93a7761" testName="RenameFile_BetweenDifferentVolumes_Fails" computerName="ICSWS068" duration="00:00:00.0020726" startTime="2016-08-04T09:45:30.1101722+02:00" endTime="2016-08-04T09:45:30.1131745+02:00" testType="13cdc9d9-ddb5-4fa4-a97d-d965ccfc6d4b" outcome="Passed" testListId="8c84fa94-04c1-424b-9868-57a2d4851a1d" relativeResultsDirectory="3da27d2a-7241-4d5c-a71b-dcf65fb1e41c" />
    <UnitTestResult executionId="b84e02e6-a5e5-4677-a992-dee874c41d04" testId="c04d47ac-0d3b-4864-d7c3-ea95c4bc35f3" testName="GetPartOfPath_UNCPath_Succeeds" computerName="ICSWS068" duration="00:00:00.0005762" startTime="2016-08-04T09:45:30.1156929+02:00" endTime="2016-08-04T09:45:30.1176926+02:00" testType="13cdc9d9-ddb5-4fa4-a97d-d965ccfc6d4b" outcome="Passed" testListId="8c84fa94-04c1-424b-9868-57a2d4851a1d" relativeResultsDirectory="b84e02e6-a5e5-4677-a992-dee874c41d04" />
    <UnitTestResult executionId="844aa320-91c9-4b34-b9fb-567b5f455fc9" testId="758ffcc4-2b1d-9e95-6f9a-a9fc2ce06a85" testName="GetEncryptionCryptoTransform_Version1_IVAndKeyCorrect_IVAndKeyUsed" computerName="ICSWS068" duration="00:00:00.0020110" startTime="2016-08-04T09:45:30.1202060+02:00" endTime="2016-08-04T09:45:30.1237834+02:00" testType="13cdc9d9-ddb5-4fa4-a97d-d965ccfc6d4b" outcome="Passed" testListId="8c84fa94-04c1-424b-9868-57a2d4851a1d" relativeResultsDirectory="844aa320-91c9-4b34-b9fb-567b5f455fc9" />
    <UnitTestResult executionId="10168070-116e-4598-8555-8f6aa457813e" testId="c0e79e37-5137-2d05-b725-f332f9ba461f" testName="GetDecryptionCryptoTransform_Version1_IVAndKeyCorrect_IVAndKeyUsed" computerName="ICSWS068" duration="00:00:00.0007073" startTime="2016-08-04T09:45:30.1262854+02:00" endTime="2016-08-04T09:45:30.1277862+02:00" testType="13cdc9d9-ddb5-4fa4-a97d-d965ccfc6d4b" outcome="Passed" testListId="8c84fa94-04c1-424b-9868-57a2d4851a1d" relativeResultsDirectory="10168070-116e-4598-8555-8f6aa457813e" />
  </Results>
  <TestDefinitions>
    <UnitTest name="Change_CreatedInactiveDueTimeIsInfinite_CallbackNotInvokedAtOnce" storage="f:\etwork\bin\tests\intgtests.icore.common.dll" id="f0b943ed-7276-ffa1-3d12-1600651a3f08">
      <Execution id="985b13b0-cd7f-4fe7-b4b6-4a5bb852a19c" />
      <TestMethod codeBase="F:\ETWork\bin\Tests\IntgTests.iCore.Common.dll" adapterTypeName="Microsoft.VisualStudio.TestTools.TestTypes.Unit.UnitTestAdapter" className="IntgTests.iCore.Common.CallbackTimerImplTests" name="Change_CreatedInactiveDueTimeIsInfinite_CallbackNotInvokedAtOnce" />
    </UnitTest>
    <UnitTest name="Change_CreatedInactiveDueTimeIsZero_CallbackIsInvoked" storage="f:\etwork\bin\tests\intgtests.icore.common.dll" id="8e7299b1-96c5-82c0-05fb-ac87af1c28f4">
      <Execution id="059170e9-ca5d-4a32-a167-193a14ddacef" />
      <TestMethod codeBase="F:\ETWork\bin\Tests\IntgTests.iCore.Common.dll" adapterTypeName="Microsoft.VisualStudio.TestTools.TestTypes.Unit.UnitTestAdapter" className="IntgTests.iCore.Common.CallbackTimerImplTests" name="Change_CreatedInactiveDueTimeIsZero_CallbackIsInvoked" />
    </UnitTest>
    <UnitTest name="Change_CreatedInactiveDueTimeIsPositive_CallbackIsInvokedAfterSpecifiedTime" storage="f:\etwork\bin\tests\intgtests.icore.common.dll" id="68f0c7a2-f5c6-5fdc-bb23-efa40f1b55f8">
      <Execution id="31f31230-91e2-44f4-82fa-819abca43ab6" />
      <TestMethod codeBase="F:\ETWork\bin\Tests\IntgTests.iCore.Common.dll" adapterTypeName="Microsoft.VisualStudio.TestTools.TestTypes.Unit.UnitTestAdapter" className="IntgTests.iCore.Common.CallbackTimerImplTests" name="Change_CreatedInactiveDueTimeIsPositive_CallbackIsInvokedAfterSpecifiedTime" />
    </UnitTest>
    <UnitTest name="Change_PeriodIsInfinite_CallbackIsInvokedOnce" storage="f:\etwork\bin\tests\intgtests.icore.common.dll" id="5387912a-67cd-a4a4-0692-935daa9a6822">
      <Execution id="2549618f-01b5-440a-941a-bf137741f5ef" />
      <TestMethod codeBase="F:\ETWork\bin\Tests\IntgTests.iCore.Common.dll" adapterTypeName="Microsoft.VisualStudio.TestTools.TestTypes.Unit.UnitTestAdapter" className="IntgTests.iCore.Common.CallbackTimerImplTests" name="Change_PeriodIsInfinite_CallbackIsInvokedOnce" />
    </UnitTest>
    <UnitTest name="Change_PeriodIsNotInfinite_CallbackIsNotIvokedTooEarly" storage="f:\etwork\bin\tests\intgtests.icore.common.dll" id="5f824bde-d3ad-d37e-b20c-2aea4cec8dc9">
      <Execution id="50c8b4af-a99c-4302-b286-2871b97f940e" />
      <TestMethod codeBase="F:\ETWork\bin\Tests\IntgTests.iCore.Common.dll" adapterTypeName="Microsoft.VisualStudio.TestTools.TestTypes.Unit.UnitTestAdapter" className="IntgTests.iCore.Common.CallbackTimerImplTests" name="Change_PeriodIsNotInfinite_CallbackIsNotIvokedTooEarly" />
    </UnitTest>
    <UnitTest name="Change_DueTimeIsInfinitePeriodIsNotInfinite_CallbackIsNotIvoked" storage="f:\etwork\bin\tests\intgtests.icore.common.dll" id="ba4196c3-1f79-0e00-9423-3de047d795cb">
      <Execution id="45dd4388-a6bc-44cc-85cc-71d45b9e72ec" />
      <TestMethod codeBase="F:\ETWork\bin\Tests\IntgTests.iCore.Common.dll" adapterTypeName="Microsoft.VisualStudio.TestTools.TestTypes.Unit.UnitTestAdapter" className="IntgTests.iCore.Common.CallbackTimerImplTests" name="Change_DueTimeIsInfinitePeriodIsNotInfinite_CallbackIsNotIvoked" />
    </UnitTest>
    <UnitTest name="CreateTimer_WithOnlyCallback_NotInvoked" storage="f:\etwork\bin\tests\intgtests.icore.common.dll" id="233d4218-8cc9-0265-2368-966c91323946">
      <Execution id="ec22b701-9ca1-4c8a-b00c-24e38d1da10d" />
      <TestMethod codeBase="F:\ETWork\bin\Tests\IntgTests.iCore.Common.dll" adapterTypeName="Microsoft.VisualStudio.TestTools.TestTypes.Unit.UnitTestAdapter" className="IntgTests.iCore.Common.DateTimeServiceImplTests" name="CreateTimer_WithOnlyCallback_NotInvoked" />
    </UnitTest>
    <UnitTest name="CreateTimer_DueTimeIsZero_CallbackIsInvoked" storage="f:\etwork\bin\tests\intgtests.icore.common.dll" id="93d706a0-4a0b-f148-b07a-c1a9a2db2b6d">
      <Execution id="4a0edeb2-3aa5-4079-8706-4781701609c8" />
      <TestMethod codeBase="F:\ETWork\bin\Tests\IntgTests.iCore.Common.dll" adapterTypeName="Microsoft.VisualStudio.TestTools.TestTypes.Unit.UnitTestAdapter" className="IntgTests.iCore.Common.DateTimeServiceImplTests" name="CreateTimer_DueTimeIsZero_CallbackIsInvoked" />
    </UnitTest>
    <UnitTest name="CreateTimer_StateIsUsed_CallbackIsInvokedWithStateObject" storage="f:\etwork\bin\tests\intgtests.icore.common.dll" id="7ce3b327-fdea-3a7f-2be8-c9316492f3bd">
      <Execution id="a10f2e12-72a1-4bd5-b46d-c8f925134a1c" />
      <TestMethod codeBase="F:\ETWork\bin\Tests\IntgTests.iCore.Common.dll" adapterTypeName="Microsoft.VisualStudio.TestTools.TestTypes.Unit.UnitTestAdapter" className="IntgTests.iCore.Common.DateTimeServiceImplTests" name="CreateTimer_StateIsUsed_CallbackIsInvokedWithStateObject" />
    </UnitTest>
    <UnitTest name="CreateTimer_DueTimeIsOneSecond_CallbackIsNotIvokedToEarly" storage="f:\etwork\bin\tests\intgtests.icore.common.dll" id="5c4c0274-cee8-b1fb-ac4e-a4e519bde670">
      <Execution id="bcf80126-9a35-4480-a1d1-d97b249f2903" />
      <TestMethod codeBase="F:\ETWork\bin\Tests\IntgTests.iCore.Common.dll" adapterTypeName="Microsoft.VisualStudio.TestTools.TestTypes.Unit.UnitTestAdapter" className="IntgTests.iCore.Common.DateTimeServiceImplTests" name="CreateTimer_DueTimeIsOneSecond_CallbackIsNotIvokedToEarly" />
    </UnitTest>
    <UnitTest name="CreateTimer_PeriodIsInfinite_CallbackIsNotIvokedTwice" storage="f:\etwork\bin\tests\intgtests.icore.common.dll" id="d4a8aad0-b39a-1b1b-96fb-1bc8984f51f3">
      <Execution id="ba6321fb-cbba-4c24-92a9-8cccb15af6db" />
      <TestMethod codeBase="F:\ETWork\bin\Tests\IntgTests.iCore.Common.dll" adapterTypeName="Microsoft.VisualStudio.TestTools.TestTypes.Unit.UnitTestAdapter" className="IntgTests.iCore.Common.DateTimeServiceImplTests" name="CreateTimer_PeriodIsInfinite_CallbackIsNotIvokedTwice" />
    </UnitTest>
    <UnitTest name="CreateTimer_PeriodIsNotInfinite_CallbackIsNotIvokedToEarlySecondTime" storage="f:\etwork\bin\tests\intgtests.icore.common.dll" id="ccacc190-c568-11c1-fa3a-d5ae739f9a40">
      <Execution id="b05db15f-b9ce-436a-9316-a8fc0e927850" />
      <TestMethod codeBase="F:\ETWork\bin\Tests\IntgTests.iCore.Common.dll" adapterTypeName="Microsoft.VisualStudio.TestTools.TestTypes.Unit.UnitTestAdapter" className="IntgTests.iCore.Common.DateTimeServiceImplTests" name="CreateTimer_PeriodIsNotInfinite_CallbackIsNotIvokedToEarlySecondTime" />
    </UnitTest>
    <UnitTest name="BeginPoll_FileMatchingCriteraCreatedAfterAWhile_Success" storage="f:\etwork\bin\tests\intgtests.icore.common.dll" id="a401d1ac-37de-43fe-1ed7-3c99c0d52d05">
      <Execution id="8af2040c-7939-425d-8d24-f84e4bb36d1d" />
      <TestMethod codeBase="F:\ETWork\bin\Tests\IntgTests.iCore.Common.dll" adapterTypeName="Microsoft.VisualStudio.TestTools.TestTypes.Unit.UnitTestAdapter" className="IntgTests.iCore.Common.FileClientPollTests" name="BeginPoll_FileMatchingCriteraCreatedAfterAWhile_Success" />
    </UnitTest>
    <UnitTest name="BeginPoll_GetFilesOnStartIsFalse_FileFoundAfterSettleTime" storage="f:\etwork\bin\tests\intgtests.icore.common.dll" id="f2bca032-2f80-9b25-c33c-3416be0b9294">
      <Execution id="ed9ce5ee-3135-44b9-829d-aad24d7ce4d5" />
      <TestMethod codeBase="F:\ETWork\bin\Tests\IntgTests.iCore.Common.dll" adapterTypeName="Microsoft.VisualStudio.TestTools.TestTypes.Unit.UnitTestAdapter" className="IntgTests.iCore.Common.FileClientPollTests" name="BeginPoll_GetFilesOnStartIsFalse_FileFoundAfterSettleTime" />
    </UnitTest>
    <UnitTest name="BeginPoll_GetFilesOnStartIsTrue_FileFoundBeforeSettleTime" storage="f:\etwork\bin\tests\intgtests.icore.common.dll" id="77abf2fd-97e5-3471-64c1-1004a42a7ac0">
      <Execution id="a7ec5ee2-9042-43aa-b48a-517c199e84b6" />
      <TestMethod codeBase="F:\ETWork\bin\Tests\IntgTests.iCore.Common.dll" adapterTypeName="Microsoft.VisualStudio.TestTools.TestTypes.Unit.UnitTestAdapter" className="IntgTests.iCore.Common.FileClientPollTests" name="BeginPoll_GetFilesOnStartIsTrue_FileFoundBeforeSettleTime" />
    </UnitTest>
    <UnitTest name="BeginPoll_NoFilesMatchingFilterCreated_Timeouts" storage="f:\etwork\bin\tests\intgtests.icore.common.dll" id="fe345b99-5136-89ff-23e8-46a81a92f4af">
      <Execution id="4684eb2d-2115-4fcf-9b77-6d7446e27bcf" />
      <TestMethod codeBase="F:\ETWork\bin\Tests\IntgTests.iCore.Common.dll" adapterTypeName="Microsoft.VisualStudio.TestTools.TestTypes.Unit.UnitTestAdapter" className="IntgTests.iCore.Common.FileClientPollTests" name="BeginPoll_NoFilesMatchingFilterCreated_Timeouts" />
    </UnitTest>
    <UnitTest name="RenameFile_SameVolumeAndDirectory_Succeeds" storage="f:\etwork\bin\tests\intgtests.icore.common.dll" id="0c8f0d58-9f02-7d5e-8ec1-3f5357ec2df5">
      <Execution id="199d4e2b-32f0-4318-8efe-5b9827f64c84" />
      <TestMethod codeBase="F:\ETWork\bin\Tests\IntgTests.iCore.Common.dll" adapterTypeName="Microsoft.VisualStudio.TestTools.TestTypes.Unit.UnitTestAdapter" className="IntgTests.iCore.Common.FileSystemServiceTests" name="RenameFile_SameVolumeAndDirectory_Succeeds" />
    </UnitTest>
    <UnitTest name="RenameFile_SameVolumeDifferentDirectory_Succeeds" storage="f:\etwork\bin\tests\intgtests.icore.common.dll" id="c9afc872-3639-2032-2376-25f9ff8b635b">
      <Execution id="34446920-7b20-40ef-adba-ab41e8d59d36" />
      <TestMethod codeBase="F:\ETWork\bin\Tests\IntgTests.iCore.Common.dll" adapterTypeName="Microsoft.VisualStudio.TestTools.TestTypes.Unit.UnitTestAdapter" className="IntgTests.iCore.Common.FileSystemServiceTests" name="RenameFile_SameVolumeDifferentDirectory_Succeeds" />
    </UnitTest>
    <UnitTest name="RenameFile_SameVolumeSameDirectoryExistingFile_Fails" storage="f:\etwork\bin\tests\intgtests.icore.common.dll" id="47d2892b-3cb7-c764-84e8-c243d143f22e">
      <Execution id="b7e17f04-3be5-4154-9491-9abea638e0ed" />
      <TestMethod codeBase="F:\ETWork\bin\Tests\IntgTests.iCore.Common.dll" adapterTypeName="Microsoft.VisualStudio.TestTools.TestTypes.Unit.UnitTestAdapter" className="IntgTests.iCore.Common.FileSystemServiceTests" name="RenameFile_SameVolumeSameDirectoryExistingFile_Fails" />
    </UnitTest>
    <UnitTest name="RenameFile_SameVolumeSameDirectoryExistingFileWithReplaceExisting_Succeeds" storage="f:\etwork\bin\tests\intgtests.icore.common.dll" id="a280f1e9-5a36-e962-3d91-3540bf554219">
      <Execution id="59707dfa-ce88-48d2-9e73-834b4f5e9069" />
      <TestMethod codeBase="F:\ETWork\bin\Tests\IntgTests.iCore.Common.dll" adapterTypeName="Microsoft.VisualStudio.TestTools.TestTypes.Unit.UnitTestAdapter" className="IntgTests.iCore.Common.FileSystemServiceTests" name="RenameFile_SameVolumeSameDirectoryExistingFileWithReplaceExisting_Succeeds" />
    </UnitTest>
    <UnitTest name="RenameFile_SameVolumeNonExistingDirectory_Fails" storage="f:\etwork\bin\tests\intgtests.icore.common.dll" id="6b7f2088-c00f-55d4-f474-990fb6719a51">
      <Execution id="66ce39cc-3fba-49cb-b281-eeced5fbb0c9" />
      <TestMethod codeBase="F:\ETWork\bin\Tests\IntgTests.iCore.Common.dll" adapterTypeName="Microsoft.VisualStudio.TestTools.TestTypes.Unit.UnitTestAdapter" className="IntgTests.iCore.Common.FileSystemServiceTests" name="RenameFile_SameVolumeNonExistingDirectory_Fails" />
    </UnitTest>
    <UnitTest name="RenameFile_SourceFileDoesNotExist_Fails" storage="f:\etwork\bin\tests\intgtests.icore.common.dll" id="e2c5b06c-b129-a100-7767-4479d1ba77e0">
      <Execution id="36279222-96b4-4eea-a911-e52e3588d6f7" />
      <TestMethod codeBase="F:\ETWork\bin\Tests\IntgTests.iCore.Common.dll" adapterTypeName="Microsoft.VisualStudio.TestTools.TestTypes.Unit.UnitTestAdapter" className="IntgTests.iCore.Common.FileSystemServiceTests" name="RenameFile_SourceFileDoesNotExist_Fails" />
    </UnitTest>
    <UnitTest name="RenameFile_BetweenDifferentVolumes_Fails" storage="f:\etwork\bin\tests\intgtests.icore.common.dll" id="90131065-3cb6-5bbf-fc18-65d7e93a7761">
      <Execution id="3da27d2a-7241-4d5c-a71b-dcf65fb1e41c" />
      <TestMethod codeBase="F:\ETWork\bin\Tests\IntgTests.iCore.Common.dll" adapterTypeName="Microsoft.VisualStudio.TestTools.TestTypes.Unit.UnitTestAdapter" className="IntgTests.iCore.Common.FileSystemServiceTests" name="RenameFile_BetweenDifferentVolumes_Fails" />
    </UnitTest>
    <UnitTest name="GetPartOfPath_UNCPath_Succeeds" storage="f:\etwork\bin\tests\intgtests.icore.common.dll" id="c04d47ac-0d3b-4864-d7c3-ea95c4bc35f3">
      <Execution id="b84e02e6-a5e5-4677-a992-dee874c41d04" />
      <TestMethod codeBase="F:\ETWork\bin\Tests\IntgTests.iCore.Common.dll" adapterTypeName="Microsoft.VisualStudio.TestTools.TestTypes.Unit.UnitTestAdapter" className="IntgTests.iCore.Common.FileSystemServiceTests" name="GetPartOfPath_UNCPath_Succeeds" />
    </UnitTest>
    <UnitTest name="GetEncryptionCryptoTransform_Version1_IVAndKeyCorrect_IVAndKeyUsed" storage="f:\etwork\bin\tests\intgtests.icore.common.dll" id="758ffcc4-2b1d-9e95-6f9a-a9fc2ce06a85">
      <Execution id="844aa320-91c9-4b34-b9fb-567b5f455fc9" />
      <TestMethod codeBase="F:\ETWork\bin\Tests\IntgTests.iCore.Common.dll" adapterTypeName="Microsoft.VisualStudio.TestTools.TestTypes.Unit.UnitTestAdapter" className="IntgTests.iCore.Common.CryptoTransformFactoryImplTests" name="GetEncryptionCryptoTransform_Version1_IVAndKeyCorrect_IVAndKeyUsed" />
    </UnitTest>
    <UnitTest name="GetDecryptionCryptoTransform_Version1_IVAndKeyCorrect_IVAndKeyUsed" storage="f:\etwork\bin\tests\intgtests.icore.common.dll" id="c0e79e37-5137-2d05-b725-f332f9ba461f">
      <Execution id="10168070-116e-4598-8555-8f6aa457813e" />
      <TestMethod codeBase="F:\ETWork\bin\Tests\IntgTests.iCore.Common.dll" adapterTypeName="Microsoft.VisualStudio.TestTools.TestTypes.Unit.UnitTestAdapter" className="IntgTests.iCore.Common.CryptoTransformFactoryImplTests" name="GetDecryptionCryptoTransform_Version1_IVAndKeyCorrect_IVAndKeyUsed" />
    </UnitTest>
  </TestDefinitions>
  <TestEntries>
    <TestEntry testId="f0b943ed-7276-ffa1-3d12-1600651a3f08" executionId="985b13b0-cd7f-4fe7-b4b6-4a5bb852a19c" testListId="8c84fa94-04c1-424b-9868-57a2d4851a1d" />
    <TestEntry testId="8e7299b1-96c5-82c0-05fb-ac87af1c28f4" executionId="059170e9-ca5d-4a32-a167-193a14ddacef" testListId="8c84fa94-04c1-424b-9868-57a2d4851a1d" />
    <TestEntry testId="68f0c7a2-f5c6-5fdc-bb23-efa40f1b55f8" executionId="31f31230-91e2-44f4-82fa-819abca43ab6" testListId="8c84fa94-04c1-424b-9868-57a2d4851a1d" />
    <TestEntry testId="5387912a-67cd-a4a4-0692-935daa9a6822" executionId="2549618f-01b5-440a-941a-bf137741f5ef" testListId="8c84fa94-04c1-424b-9868-57a2d4851a1d" />
    <TestEntry testId="5f824bde-d3ad-d37e-b20c-2aea4cec8dc9" executionId="50c8b4af-a99c-4302-b286-2871b97f940e" testListId="8c84fa94-04c1-424b-9868-57a2d4851a1d" />
    <TestEntry testId="ba4196c3-1f79-0e00-9423-3de047d795cb" executionId="45dd4388-a6bc-44cc-85cc-71d45b9e72ec" testListId="8c84fa94-04c1-424b-9868-57a2d4851a1d" />
    <TestEntry testId="233d4218-8cc9-0265-2368-966c91323946" executionId="ec22b701-9ca1-4c8a-b00c-24e38d1da10d" testListId="8c84fa94-04c1-424b-9868-57a2d4851a1d" />
    <TestEntry testId="93d706a0-4a0b-f148-b07a-c1a9a2db2b6d" executionId="4a0edeb2-3aa5-4079-8706-4781701609c8" testListId="8c84fa94-04c1-424b-9868-57a2d4851a1d" />
    <TestEntry testId="7ce3b327-fdea-3a7f-2be8-c9316492f3bd" executionId="a10f2e12-72a1-4bd5-b46d-c8f925134a1c" testListId="8c84fa94-04c1-424b-9868-57a2d4851a1d" />
    <TestEntry testId="5c4c0274-cee8-b1fb-ac4e-a4e519bde670" executionId="bcf80126-9a35-4480-a1d1-d97b249f2903" testListId="8c84fa94-04c1-424b-9868-57a2d4851a1d" />
    <TestEntry testId="d4a8aad0-b39a-1b1b-96fb-1bc8984f51f3" executionId="ba6321fb-cbba-4c24-92a9-8cccb15af6db" testListId="8c84fa94-04c1-424b-9868-57a2d4851a1d" />
    <TestEntry testId="ccacc190-c568-11c1-fa3a-d5ae739f9a40" executionId="b05db15f-b9ce-436a-9316-a8fc0e927850" testListId="8c84fa94-04c1-424b-9868-57a2d4851a1d" />
    <TestEntry testId="a401d1ac-37de-43fe-1ed7-3c99c0d52d05" executionId="8af2040c-7939-425d-8d24-f84e4bb36d1d" testListId="8c84fa94-04c1-424b-9868-57a2d4851a1d" />
    <TestEntry testId="f2bca032-2f80-9b25-c33c-3416be0b9294" executionId="ed9ce5ee-3135-44b9-829d-aad24d7ce4d5" testListId="8c84fa94-04c1-424b-9868-57a2d4851a1d" />
    <TestEntry testId="77abf2fd-97e5-3471-64c1-1004a42a7ac0" executionId="a7ec5ee2-9042-43aa-b48a-517c199e84b6" testListId="8c84fa94-04c1-424b-9868-57a2d4851a1d" />
    <TestEntry testId="fe345b99-5136-89ff-23e8-46a81a92f4af" executionId="4684eb2d-2115-4fcf-9b77-6d7446e27bcf" testListId="8c84fa94-04c1-424b-9868-57a2d4851a1d" />
    <TestEntry testId="0c8f0d58-9f02-7d5e-8ec1-3f5357ec2df5" executionId="199d4e2b-32f0-4318-8efe-5b9827f64c84" testListId="8c84fa94-04c1-424b-9868-57a2d4851a1d" />
    <TestEntry testId="c9afc872-3639-2032-2376-25f9ff8b635b" executionId="34446920-7b20-40ef-adba-ab41e8d59d36" testListId="8c84fa94-04c1-424b-9868-57a2d4851a1d" />
    <TestEntry testId="47d2892b-3cb7-c764-84e8-c243d143f22e" executionId="b7e17f04-3be5-4154-9491-9abea638e0ed" testListId="8c84fa94-04c1-424b-9868-57a2d4851a1d" />
    <TestEntry testId="a280f1e9-5a36-e962-3d91-3540bf554219" executionId="59707dfa-ce88-48d2-9e73-834b4f5e9069" testListId="8c84fa94-04c1-424b-9868-57a2d4851a1d" />
    <TestEntry testId="6b7f2088-c00f-55d4-f474-990fb6719a51" executionId="66ce39cc-3fba-49cb-b281-eeced5fbb0c9" testListId="8c84fa94-04c1-424b-9868-57a2d4851a1d" />
    <TestEntry testId="e2c5b06c-b129-a100-7767-4479d1ba77e0" executionId="36279222-96b4-4eea-a911-e52e3588d6f7" testListId="8c84fa94-04c1-424b-9868-57a2d4851a1d" />
    <TestEntry testId="90131065-3cb6-5bbf-fc18-65d7e93a7761" executionId="3da27d2a-7241-4d5c-a71b-dcf65fb1e41c" testListId="8c84fa94-04c1-424b-9868-57a2d4851a1d" />
    <TestEntry testId="c04d47ac-0d3b-4864-d7c3-ea95c4bc35f3" executionId="b84e02e6-a5e5-4677-a992-dee874c41d04" testListId="8c84fa94-04c1-424b-9868-57a2d4851a1d" />
    <TestEntry testId="758ffcc4-2b1d-9e95-6f9a-a9fc2ce06a85" executionId="844aa320-91c9-4b34-b9fb-567b5f455fc9" testListId="8c84fa94-04c1-424b-9868-57a2d4851a1d" />
    <TestEntry testId="c0e79e37-5137-2d05-b725-f332f9ba461f" executionId="10168070-116e-4598-8555-8f6aa457813e" testListId="8c84fa94-04c1-424b-9868-57a2d4851a1d" />
  </TestEntries>
  <TestLists>
    <TestList name="Results Not in a List" id="8c84fa94-04c1-424b-9868-57a2d4851a1d" />
    <TestList name="All Loaded Results" id="19431567-8539-422a-85d7-44ee4e166bda" />
  </TestLists>
  <ResultSummary outcome="Completed">
    <Counters total="26" executed="26" passed="26" failed="0" error="0" timeout="0" aborted="0" inconclusive="0" passedButRunAborted="0" notRunnable="0" notExecuted="0" disconnected="0" warning="0" completed="0" inProgress="0" pending="0" />
  </ResultSummary>
</TestRun>